<?xml version="1.0" encoding="UTF-8"?>
<testsuite xmlns:xsi="http://www.w3.org/2001/XMLSchema-instance" xsi:noNamespaceSchemaLocation="https://maven.apache.org/surefire/maven-surefire-plugin/xsd/surefire-test-report-3.0.xsd" version="3.0" name="org.apache.hadoop.hdds.scm.container.balancer.TestContainerBalancerTask" time="8.447" tests="24" errors="1" skipped="0" failures="0">
  <properties>
    <property name="awt.toolkit" value="sun.awt.X11.XToolkit"/>
    <property name="file.encoding.pkg" value="sun.io"/>
    <property name="java.specification.version" value="1.8"/>
    <property name="sun.cpu.isalist" value=""/>
    <property name="sun.jnu.encoding" value="UTF-8"/>
    <property name="java.class.path" value="/home/runner/work/ozone/ozone/hadoop-hdds/server-scm/target/test-classes:/home/runner/work/ozone/ozone/hadoop-hdds/server-scm/target/classes:/home/runner/work/ozone/ozone/hadoop-hdds/test-utils/target/classes:/home/runner/.m2/repository/com/google/guava/guava/32.0.0-jre/guava-32.0.0-jre.jar:/home/runner/.m2/repository/com/google/guava/failureaccess/1.0.1/failureaccess-1.0.1.jar:/home/runner/.m2/repository/com/google/guava/listenablefuture/9999.0-empty-to-avoid-conflict-with-guava/listenablefuture-9999.0-empty-to-avoid-conflict-with-guava.jar:/home/runner/.m2/repository/org/checkerframework/checker-qual/3.33.0/checker-qual-3.33.0.jar:/home/runner/.m2/repository/com/google/errorprone/error_prone_annotations/2.2.0/error_prone_annotations-2.2.0.jar:/home/runner/.m2/repository/com/google/j2objc/j2objc-annotations/2.8/j2objc-annotations-2.8.jar:/home/runner/.m2/repository/commons-io/commons-io/2.11.0/commons-io-2.11.0.jar:/home/runner/.m2/repository/commons-logging/commons-logging/1.2/commons-logging-1.2.jar:/home/runner/.m2/repository/ch/qos/reload4j/reload4j/1.2.22/reload4j-1.2.22.jar:/home/runner/.m2/repository/org/apache/commons/commons-lang3/3.7/commons-lang3-3.7.jar:/home/runner/.m2/repository/org/slf4j/slf4j-api/1.7.36/slf4j-api-1.7.36.jar:/home/runner/.m2/repository/org/apache/logging/log4j/log4j-api/2.17.1/log4j-api-2.17.1.jar:/home/runner/work/ozone/ozone/hadoop-hdds/common/target/classes:/home/runner/work/ozone/ozone/hadoop-hdds/hadoop-dependency-client/target/classes:/home/runner/.m2/repository/info/picocli/picocli/4.6.1/picocli-4.6.1.jar:/home/runner/.m2/repository/com/fasterxml/jackson/core/jackson-annotations/2.13.4/jackson-annotations-2.13.4.jar:/home/runner/.m2/repository/com/fasterxml/jackson/datatype/jackson-datatype-jsr310/2.13.4/jackson-datatype-jsr310-2.13.4.jar:/home/runner/.m2/repository/com/fasterxml/jackson/core/jackson-core/2.13.4/jackson-core-2.13.4.jar:/home/runner/work/ozone/ozone/hadoop-hdds/annotations/target/classes:/home/runner/work/ozone/ozone/hadoop-hdds/config/target/classes:/home/runner/.m2/repository/javax/annotation/javax.annotation-api/1.2/javax.annotation-api-1.2.jar:/home/runner/.m2/repository/org/apache/ratis/ratis-server/2.5.1/ratis-server-2.5.1.jar:/home/runner/.m2/repository/org/apache/ratis/ratis-thirdparty-misc/1.0.4/ratis-thirdparty-misc-1.0.4.jar:/home/runner/.m2/repository/org/apache/ratis/ratis-proto/2.5.1/ratis-proto-2.5.1.jar:/home/runner/.m2/repository/org/apache/ratis/ratis-common/2.5.1/ratis-common-2.5.1.jar:/home/runner/.m2/repository/org/apache/ratis/ratis-client/2.5.1/ratis-client-2.5.1.jar:/home/runner/.m2/repository/org/apache/ratis/ratis-server-api/2.5.1/ratis-server-api-2.5.1.jar:/home/runner/.m2/repository/org/apache/ratis/ratis-metrics/2.5.1/ratis-metrics-2.5.1.jar:/home/runner/.m2/repository/org/apache/ratis/ratis-netty/2.5.1/ratis-netty-2.5.1.jar:/home/runner/.m2/repository/org/apache/ratis/ratis-grpc/2.5.1/ratis-grpc-2.5.1.jar:/home/runner/.m2/repository/org/apache/commons/commons-pool2/2.6.0/commons-pool2-2.6.0.jar:/home/runner/.m2/repository/org/bouncycastle/bcpkix-jdk15on/1.67/bcpkix-jdk15on-1.67.jar:/home/runner/.m2/repository/commons-validator/commons-validator/1.6/commons-validator-1.6.jar:/home/runner/.m2/repository/commons-beanutils/commons-beanutils/1.9.4/commons-beanutils-1.9.4.jar:/home/runner/.m2/repository/commons-digester/commons-digester/1.8.1/commons-digester-1.8.1.jar:/home/runner/.m2/repository/commons-collections/commons-collections/3.2.2/commons-collections-3.2.2.jar:/home/runner/.m2/repository/io/jaegertracing/jaeger-client/1.6.0/jaeger-client-1.6.0.jar:/home/runner/.m2/repository/io/jaegertracing/jaeger-thrift/1.6.0/jaeger-thrift-1.6.0.jar:/home/runner/.m2/repository/org/apache/thrift/libthrift/0.14.1/libthrift-0.14.1.jar:/home/runner/.m2/repository/io/jaegertracing/jaeger-core/1.6.0/jaeger-core-1.6.0.jar:/home/runner/.m2/repository/io/jaegertracing/jaeger-tracerresolver/1.6.0/jaeger-tracerresolver-1.6.0.jar:/home/runner/.m2/repository/io/opentracing/contrib/opentracing-tracerresolver/0.1.8/opentracing-tracerresolver-0.1.8.jar:/home/runner/.m2/repository/org/jetbrains/kotlin/kotlin-stdlib/1.6.21/kotlin-stdlib-1.6.21.jar:/home/runner/.m2/repository/org/jetbrains/annotations/13.0/annotations-13.0.jar:/home/runner/.m2/repository/io/opentracing/opentracing-util/0.33.0/opentracing-util-0.33.0.jar:/home/runner/.m2/repository/io/opentracing/opentracing-api/0.33.0/opentracing-api-0.33.0.jar:/home/runner/.m2/repository/io/opentracing/opentracing-noop/0.33.0/opentracing-noop-0.33.0.jar:/home/runner/.m2/repository/org/yaml/snakeyaml/2.0/snakeyaml-2.0.jar:/home/runner/.m2/repository/org/reflections/reflections/0.9.11/reflections-0.9.11.jar:/home/runner/.m2/repository/org/javassist/javassist/3.21.0-GA/javassist-3.21.0-GA.jar:/home/runner/work/ozone/ozone/hadoop-hdds/interface-client/target/classes:/home/runner/.m2/repository/org/apache/hadoop/thirdparty/hadoop-shaded-protobuf_3_7/1.1.1/hadoop-shaded-protobuf_3_7-1.1.1.jar:/home/runner/work/ozone/ozone/hadoop-hdds/interface-admin/target/classes:/home/runner/.m2/repository/io/grpc/grpc-api/1.51.1/grpc-api-1.51.1.jar:/home/runner/.m2/repository/io/grpc/grpc-context/1.51.1/grpc-context-1.51.1.jar:/home/runner/work/ozone/ozone/hadoop-hdds/container-service/target/classes:/home/runner/.m2/repository/org/apache/commons/commons-compress/1.21/commons-compress-1.21.jar:/home/runner/.m2/repository/com/github/luben/zstd-jni/1.5.2-5/zstd-jni-1.5.2-5.jar:/home/runner/.m2/repository/commons-codec/commons-codec/1.15/commons-codec-1.15.jar:/home/runner/.m2/repository/javax/xml/bind/jaxb-api/2.3.0/jaxb-api-2.3.0.jar:/home/runner/.m2/repository/org/glassfish/jaxb/jaxb-runtime/2.3.0.1/jaxb-runtime-2.3.0.1.jar:/home/runner/.m2/repository/org/glassfish/jaxb/jaxb-core/2.3.0.1/jaxb-core-2.3.0.1.jar:/home/runner/.m2/repository/org/glassfish/jaxb/txw2/2.3.0.1/txw2-2.3.0.1.jar:/home/runner/.m2/repository/com/sun/istack/istack-commons-runtime/3.0.5/istack-commons-runtime-3.0.5.jar:/home/runner/.m2/repository/org/jvnet/staxex/stax-ex/1.7.8/stax-ex-1.7.8.jar:/home/runner/.m2/repository/com/sun/xml/fastinfoset/FastInfoset/1.2.13/FastInfoset-1.2.13.jar:/home/runner/.m2/repository/io/netty/netty-transport/4.1.94.Final/netty-transport-4.1.94.Final.jar:/home/runner/.m2/repository/io/netty/netty-common/4.1.94.Final/netty-common-4.1.94.Final.jar:/home/runner/.m2/repository/io/netty/netty-buffer/4.1.94.Final/netty-buffer-4.1.94.Final.jar:/home/runner/.m2/repository/io/netty/netty-resolver/4.1.94.Final/netty-resolver-4.1.94.Final.jar:/home/runner/.m2/repository/io/netty/netty-codec/4.1.94.Final/netty-codec-4.1.94.Final.jar:/home/runner/.m2/repository/io/netty/netty-handler/4.1.94.Final/netty-handler-4.1.94.Final.jar:/home/runner/.m2/repository/io/netty/netty-transport-native-unix-common/4.1.94.Final/netty-transport-native-unix-common-4.1.94.Final.jar:/home/runner/work/ozone/ozone/hadoop-hdds/client/target/classes:/home/runner/work/ozone/ozone/hadoop-hdds/erasurecode/target/classes:/home/runner/work/ozone/ozone/hadoop-hdds/hadoop-dependency-server/target/classes:/home/runner/.m2/repository/org/apache/hadoop/hadoop-annotations/3.3.6/hadoop-annotations-3.3.6.jar:/usr/lib/jvm/temurin-8-jdk-amd64/jre/../lib/tools.jar:/home/runner/.m2/repository/org/apache/hadoop/hadoop-common/3.3.6/hadoop-common-3.3.6.jar:/home/runner/.m2/repository/org/apache/hadoop/thirdparty/hadoop-shaded-guava/1.1.1/hadoop-shaded-guava-1.1.1.jar:/home/runner/.m2/repository/org/apache/httpcomponents/httpclient/4.5.13/httpclient-4.5.13.jar:/home/runner/.m2/repository/org/apache/httpcomponents/httpcore/4.4.13/httpcore-4.4.13.jar:/home/runner/.m2/repository/commons-net/commons-net/3.9.0/commons-net-3.9.0.jar:/home/runner/.m2/repository/javax/servlet/javax.servlet-api/3.1.0/javax.servlet-api-3.1.0.jar:/home/runner/.m2/repository/jakarta/activation/jakarta.activation-api/1.2.2/jakarta.activation-api-1.2.2.jar:/home/runner/.m2/repository/javax/servlet/jsp/jsp-api/2.1/jsp-api-2.1.jar:/home/runner/.m2/repository/com/sun/jersey/jersey-core/1.19/jersey-core-1.19.jar:/home/runner/.m2/repository/javax/ws/rs/jsr311-api/1.1.1/jsr311-api-1.1.1.jar:/home/runner/.m2/repository/com/sun/jersey/jersey-servlet/1.19/jersey-servlet-1.19.jar:/home/runner/.m2/repository/com/sun/jersey/jersey-server/1.19/jersey-server-1.19.jar:/home/runner/.m2/repository/com/google/re2j/re2j/1.1/re2j-1.1.jar:/home/runner/.m2/repository/com/google/code/gson/gson/2.9.0/gson-2.9.0.jar:/home/runner/.m2/repository/org/apache/hadoop/hadoop-auth/3.3.6/hadoop-auth-3.3.6.jar:/home/runner/.m2/repository/com/nimbusds/nimbus-jose-jwt/9.8.1/nimbus-jose-jwt-9.8.1.jar:/home/runner/.m2/repository/com/github/stephenc/jcip/jcip-annotations/1.0-1/jcip-annotations-1.0-1.jar:/home/runner/.m2/repository/com/jcraft/jsch/0.1.54/jsch-0.1.54.jar:/home/runner/.m2/repository/org/apache/kerby/kerb-core/1.0.1/kerb-core-1.0.1.jar:/home/runner/.m2/repository/org/apache/kerby/kerby-pkix/1.0.1/kerby-pkix-1.0.1.jar:/home/runner/.m2/repository/org/apache/kerby/kerby-asn1/1.0.1/kerby-asn1-1.0.1.jar:/home/runner/.m2/repository/org/apache/kerby/kerby-util/1.0.1/kerby-util-1.0.1.jar:/home/runner/.m2/repository/org/codehaus/woodstox/stax2-api/4.2.1/stax2-api-4.2.1.jar:/home/runner/.m2/repository/com/fasterxml/woodstox/woodstox-core/5.4.0/woodstox-core-5.4.0.jar:/home/runner/.m2/repository/dnsjava/dnsjava/2.1.7/dnsjava-2.1.7.jar:/home/runner/.m2/repository/org/xerial/snappy/snappy-java/1.1.8.2/snappy-java-1.1.8.2.jar:/home/runner/.m2/repository/commons-cli/commons-cli/1.2/commons-cli-1.2.jar:/home/runner/.m2/repository/org/apache/hadoop/hadoop-hdfs/3.3.6/hadoop-hdfs-3.3.6.jar:/home/runner/.m2/repository/org/eclipse/jetty/jetty-util-ajax/9.4.51.v20230217/jetty-util-ajax-9.4.51.v20230217.jar:/home/runner/.m2/repository/commons-daemon/commons-daemon/1.0.13/commons-daemon-1.0.13.jar:/home/runner/work/ozone/ozone/hadoop-hdds/framework/target/classes:/home/runner/work/ozone/ozone/hadoop-hdds/interface-server/target/classes:/home/runner/work/ozone/ozone/hadoop-hdds/managed-rocksdb/target/classes:/home/runner/.m2/repository/org/rocksdb/rocksdbjni/7.7.3/rocksdbjni-7.7.3.jar:/home/runner/.m2/repository/org/slf4j/slf4j-reload4j/1.7.36/slf4j-reload4j-1.7.36.jar:/home/runner/.m2/repository/org/apache/commons/commons-configuration2/2.1.1/commons-configuration2-2.1.1.jar:/home/runner/.m2/repository/commons-fileupload/commons-fileupload/1.5/commons-fileupload-1.5.jar:/home/runner/.m2/repository/org/apache/logging/log4j/log4j-core/2.17.1/log4j-core-2.17.1.jar:/home/runner/.m2/repository/com/lmax/disruptor/3.4.2/disruptor-3.4.2.jar:/home/runner/.m2/repository/org/eclipse/jetty/jetty-util/9.4.51.v20230217/jetty-util-9.4.51.v20230217.jar:/home/runner/.m2/repository/org/eclipse/jetty/jetty-server/9.4.51.v20230217/jetty-server-9.4.51.v20230217.jar:/home/runner/.m2/repository/org/eclipse/jetty/jetty-http/9.4.51.v20230217/jetty-http-9.4.51.v20230217.jar:/home/runner/.m2/repository/org/eclipse/jetty/jetty-io/9.4.51.v20230217/jetty-io-9.4.51.v20230217.jar:/home/runner/.m2/repository/org/eclipse/jetty/jetty-servlet/9.4.51.v20230217/jetty-servlet-9.4.51.v20230217.jar:/home/runner/.m2/repository/org/eclipse/jetty/jetty-security/9.4.51.v20230217/jetty-security-9.4.51.v20230217.jar:/home/runner/.m2/repository/org/eclipse/jetty/jetty-webapp/9.4.51.v20230217/jetty-webapp-9.4.51.v20230217.jar:/home/runner/.m2/repository/org/eclipse/jetty/jetty-xml/9.4.51.v20230217/jetty-xml-9.4.51.v20230217.jar:/home/runner/.m2/repository/io/prometheus/simpleclient_dropwizard/0.7.0/simpleclient_dropwizard-0.7.0.jar:/home/runner/.m2/repository/io/prometheus/simpleclient/0.7.0/simpleclient-0.7.0.jar:/home/runner/.m2/repository/io/prometheus/simpleclient_common/0.7.0/simpleclient_common-0.7.0.jar:/home/runner/work/ozone/ozone/hadoop-hdds/rocksdb-checkpoint-differ/target/classes:/home/runner/work/ozone/ozone/hadoop-hdds/rocks-native/target/classes:/home/runner/.m2/repository/org/jgrapht/jgrapht-core/1.0.1/jgrapht-core-1.0.1.jar:/home/runner/.m2/repository/org/jgrapht/jgrapht-ext/1.0.1/jgrapht-ext-1.0.1.jar:/home/runner/.m2/repository/org/tinyjee/jgraphx/jgraphx/2.0.0.1/jgraphx-2.0.0.1.jar:/home/runner/.m2/repository/jgraph/jgraph/5.13.0.0/jgraph-5.13.0.0.jar:/home/runner/.m2/repository/org/antlr/antlr4-runtime/4.5.3/antlr4-runtime-4.5.3.jar:/home/runner/.m2/repository/org/awaitility/awaitility/4.2.0/awaitility-4.2.0.jar:/home/runner/.m2/repository/org/hamcrest/hamcrest/2.1/hamcrest-2.1.jar:/home/runner/work/ozone/ozone/hadoop-hdds/docs/target/classes:/home/runner/.m2/repository/io/dropwizard/metrics/metrics-core/3.2.4/metrics-core-3.2.4.jar:/home/runner/.m2/repository/com/github/spotbugs/spotbugs-annotations/3.1.12/spotbugs-annotations-3.1.12.jar:/home/runner/.m2/repository/com/google/code/findbugs/jsr305/3.0.0/jsr305-3.0.0.jar:/home/runner/.m2/repository/org/apache/commons/commons-math3/3.1.1/commons-math3-3.1.1.jar:/home/runner/.m2/repository/org/apache/commons/commons-text/1.10.0/commons-text-1.10.0.jar:/home/runner/.m2/repository/org/apache/hadoop/hadoop-hdfs-client/3.3.6/hadoop-hdfs-client-3.3.6.jar:/home/runner/.m2/repository/com/squareup/okhttp3/okhttp/4.9.3/okhttp-4.9.3.jar:/home/runner/.m2/repository/com/squareup/okio/okio/3.4.0/okio-3.4.0.jar:/home/runner/.m2/repository/com/squareup/okio/okio-jvm/3.4.0/okio-jvm-3.4.0.jar:/home/runner/.m2/repository/org/jetbrains/kotlin/kotlin-stdlib-jdk8/1.8.0/kotlin-stdlib-jdk8-1.8.0.jar:/home/runner/.m2/repository/org/jetbrains/kotlin/kotlin-stdlib-jdk7/1.8.0/kotlin-stdlib-jdk7-1.8.0.jar:/home/runner/.m2/repository/org/jetbrains/kotlin/kotlin-stdlib-common/1.6.21/kotlin-stdlib-common-1.6.21.jar:/home/runner/.m2/repository/com/fasterxml/jackson/core/jackson-databind/2.13.4.2/jackson-databind-2.13.4.2.jar:/home/runner/work/ozone/ozone/hadoop-hdds/container-service/target/test-classes:/home/runner/work/ozone/ozone/hadoop-hdds/common/target/test-classes:/home/runner/.m2/repository/org/hamcrest/hamcrest-core/1.3/hamcrest-core-1.3.jar:/home/runner/.m2/repository/org/assertj/assertj-core/3.12.2/assertj-core-3.12.2.jar:/home/runner/.m2/repository/org/mockito/mockito-core/3.5.9/mockito-core-3.5.9.jar:/home/runner/.m2/repository/net/bytebuddy/byte-buddy/1.10.13/byte-buddy-1.10.13.jar:/home/runner/.m2/repository/net/bytebuddy/byte-buddy-agent/1.10.13/byte-buddy-agent-1.10.13.jar:/home/runner/.m2/repository/org/objenesis/objenesis/1.0/objenesis-1.0.jar:/home/runner/.m2/repository/org/hamcrest/hamcrest-all/1.3/hamcrest-all-1.3.jar:/home/runner/.m2/repository/org/bouncycastle/bcprov-jdk15on/1.67/bcprov-jdk15on-1.67.jar:/home/runner/work/ozone/ozone/hadoop-hdds/hadoop-dependency-test/target/classes:/home/runner/.m2/repository/org/apache/hadoop/hadoop-common/3.3.6/hadoop-common-3.3.6-tests.jar:/home/runner/.m2/repository/org/apache/hadoop/hadoop-hdfs/3.3.6/hadoop-hdfs-3.3.6-tests.jar:/home/runner/.m2/repository/com/google/protobuf/protobuf-java/2.5.0/protobuf-java-2.5.0.jar:/home/runner/.m2/repository/org/junit/jupiter/junit-jupiter-api/5.8.2/junit-jupiter-api-5.8.2.jar:/home/runner/.m2/repository/org/opentest4j/opentest4j/1.2.0/opentest4j-1.2.0.jar:/home/runner/.m2/repository/org/junit/platform/junit-platform-commons/1.8.2/junit-platform-commons-1.8.2.jar:/home/runner/.m2/repository/org/apiguardian/apiguardian-api/1.1.2/apiguardian-api-1.1.2.jar:/home/runner/.m2/repository/org/junit/jupiter/junit-jupiter-engine/5.8.2/junit-jupiter-engine-5.8.2.jar:/home/runner/.m2/repository/org/junit/platform/junit-platform-engine/1.8.2/junit-platform-engine-1.8.2.jar:/home/runner/.m2/repository/org/junit/vintage/junit-vintage-engine/5.8.2/junit-vintage-engine-5.8.2.jar:/home/runner/.m2/repository/org/junit/platform/junit-platform-launcher/1.8.2/junit-platform-launcher-1.8.2.jar:/home/runner/.m2/repository/org/junit/jupiter/junit-jupiter-params/5.8.2/junit-jupiter-params-5.8.2.jar:/home/runner/.m2/repository/junit/junit/4.13.1/junit-4.13.1.jar:"/>
    <property name="java.vm.vendor" value="Temurin"/>
    <property name="sun.arch.data.model" value="64"/>
    <property name="test.build.dir" value="/home/runner/work/ozone/ozone/hadoop-hdds/server-scm/target/test-dir"/>
    <property name="test.cache.data" value=""/>
    <property name="java.vendor.url" value="https://adoptium.net/"/>
    <property name="user.timezone" value="Etc/UTC"/>
    <property name="java.vm.specification.version" value="1.8"/>
    <property name="os.name" value="Linux"/>
    <property name="test.build.data" value="/home/runner/work/ozone/ozone/hadoop-hdds/server-scm/target/test-dir"/>
    <property name="sun.java.launcher" value="SUN_STANDARD"/>
    <property name="sun.boot.library.path" value="/usr/lib/jvm/temurin-8-jdk-amd64/jre/lib/amd64"/>
    <property name="sun.java.command" value="/home/runner/work/ozone/ozone/hadoop-hdds/server-scm/target/surefire/surefirebooter1552927362491819966.jar /home/runner/work/ozone/ozone/hadoop-hdds/server-scm/target/surefire 2023-07-25T18-28-25_439-jvmRun1 surefire9043065375802366380tmp surefire_275709396188250950530tmp"/>
    <property name="native.lib.tmp.dir" value="/tmp"/>
    <property name="surefire.test.class.path" value="/home/runner/work/ozone/ozone/hadoop-hdds/server-scm/target/test-classes:/home/runner/work/ozone/ozone/hadoop-hdds/server-scm/target/classes:/home/runner/work/ozone/ozone/hadoop-hdds/test-utils/target/classes:/home/runner/.m2/repository/com/google/guava/guava/32.0.0-jre/guava-32.0.0-jre.jar:/home/runner/.m2/repository/com/google/guava/failureaccess/1.0.1/failureaccess-1.0.1.jar:/home/runner/.m2/repository/com/google/guava/listenablefuture/9999.0-empty-to-avoid-conflict-with-guava/listenablefuture-9999.0-empty-to-avoid-conflict-with-guava.jar:/home/runner/.m2/repository/org/checkerframework/checker-qual/3.33.0/checker-qual-3.33.0.jar:/home/runner/.m2/repository/com/google/errorprone/error_prone_annotations/2.2.0/error_prone_annotations-2.2.0.jar:/home/runner/.m2/repository/com/google/j2objc/j2objc-annotations/2.8/j2objc-annotations-2.8.jar:/home/runner/.m2/repository/commons-io/commons-io/2.11.0/commons-io-2.11.0.jar:/home/runner/.m2/repository/commons-logging/commons-logging/1.2/commons-logging-1.2.jar:/home/runner/.m2/repository/ch/qos/reload4j/reload4j/1.2.22/reload4j-1.2.22.jar:/home/runner/.m2/repository/org/apache/commons/commons-lang3/3.7/commons-lang3-3.7.jar:/home/runner/.m2/repository/org/slf4j/slf4j-api/1.7.36/slf4j-api-1.7.36.jar:/home/runner/.m2/repository/org/apache/logging/log4j/log4j-api/2.17.1/log4j-api-2.17.1.jar:/home/runner/work/ozone/ozone/hadoop-hdds/common/target/classes:/home/runner/work/ozone/ozone/hadoop-hdds/hadoop-dependency-client/target/classes:/home/runner/.m2/repository/info/picocli/picocli/4.6.1/picocli-4.6.1.jar:/home/runner/.m2/repository/com/fasterxml/jackson/core/jackson-annotations/2.13.4/jackson-annotations-2.13.4.jar:/home/runner/.m2/repository/com/fasterxml/jackson/datatype/jackson-datatype-jsr310/2.13.4/jackson-datatype-jsr310-2.13.4.jar:/home/runner/.m2/repository/com/fasterxml/jackson/core/jackson-core/2.13.4/jackson-core-2.13.4.jar:/home/runner/work/ozone/ozone/hadoop-hdds/annotations/target/classes:/home/runner/work/ozone/ozone/hadoop-hdds/config/target/classes:/home/runner/.m2/repository/javax/annotation/javax.annotation-api/1.2/javax.annotation-api-1.2.jar:/home/runner/.m2/repository/org/apache/ratis/ratis-server/2.5.1/ratis-server-2.5.1.jar:/home/runner/.m2/repository/org/apache/ratis/ratis-thirdparty-misc/1.0.4/ratis-thirdparty-misc-1.0.4.jar:/home/runner/.m2/repository/org/apache/ratis/ratis-proto/2.5.1/ratis-proto-2.5.1.jar:/home/runner/.m2/repository/org/apache/ratis/ratis-common/2.5.1/ratis-common-2.5.1.jar:/home/runner/.m2/repository/org/apache/ratis/ratis-client/2.5.1/ratis-client-2.5.1.jar:/home/runner/.m2/repository/org/apache/ratis/ratis-server-api/2.5.1/ratis-server-api-2.5.1.jar:/home/runner/.m2/repository/org/apache/ratis/ratis-metrics/2.5.1/ratis-metrics-2.5.1.jar:/home/runner/.m2/repository/org/apache/ratis/ratis-netty/2.5.1/ratis-netty-2.5.1.jar:/home/runner/.m2/repository/org/apache/ratis/ratis-grpc/2.5.1/ratis-grpc-2.5.1.jar:/home/runner/.m2/repository/org/apache/commons/commons-pool2/2.6.0/commons-pool2-2.6.0.jar:/home/runner/.m2/repository/org/bouncycastle/bcpkix-jdk15on/1.67/bcpkix-jdk15on-1.67.jar:/home/runner/.m2/repository/commons-validator/commons-validator/1.6/commons-validator-1.6.jar:/home/runner/.m2/repository/commons-beanutils/commons-beanutils/1.9.4/commons-beanutils-1.9.4.jar:/home/runner/.m2/repository/commons-digester/commons-digester/1.8.1/commons-digester-1.8.1.jar:/home/runner/.m2/repository/commons-collections/commons-collections/3.2.2/commons-collections-3.2.2.jar:/home/runner/.m2/repository/io/jaegertracing/jaeger-client/1.6.0/jaeger-client-1.6.0.jar:/home/runner/.m2/repository/io/jaegertracing/jaeger-thrift/1.6.0/jaeger-thrift-1.6.0.jar:/home/runner/.m2/repository/org/apache/thrift/libthrift/0.14.1/libthrift-0.14.1.jar:/home/runner/.m2/repository/io/jaegertracing/jaeger-core/1.6.0/jaeger-core-1.6.0.jar:/home/runner/.m2/repository/io/jaegertracing/jaeger-tracerresolver/1.6.0/jaeger-tracerresolver-1.6.0.jar:/home/runner/.m2/repository/io/opentracing/contrib/opentracing-tracerresolver/0.1.8/opentracing-tracerresolver-0.1.8.jar:/home/runner/.m2/repository/org/jetbrains/kotlin/kotlin-stdlib/1.6.21/kotlin-stdlib-1.6.21.jar:/home/runner/.m2/repository/org/jetbrains/annotations/13.0/annotations-13.0.jar:/home/runner/.m2/repository/io/opentracing/opentracing-util/0.33.0/opentracing-util-0.33.0.jar:/home/runner/.m2/repository/io/opentracing/opentracing-api/0.33.0/opentracing-api-0.33.0.jar:/home/runner/.m2/repository/io/opentracing/opentracing-noop/0.33.0/opentracing-noop-0.33.0.jar:/home/runner/.m2/repository/org/yaml/snakeyaml/2.0/snakeyaml-2.0.jar:/home/runner/.m2/repository/org/reflections/reflections/0.9.11/reflections-0.9.11.jar:/home/runner/.m2/repository/org/javassist/javassist/3.21.0-GA/javassist-3.21.0-GA.jar:/home/runner/work/ozone/ozone/hadoop-hdds/interface-client/target/classes:/home/runner/.m2/repository/org/apache/hadoop/thirdparty/hadoop-shaded-protobuf_3_7/1.1.1/hadoop-shaded-protobuf_3_7-1.1.1.jar:/home/runner/work/ozone/ozone/hadoop-hdds/interface-admin/target/classes:/home/runner/.m2/repository/io/grpc/grpc-api/1.51.1/grpc-api-1.51.1.jar:/home/runner/.m2/repository/io/grpc/grpc-context/1.51.1/grpc-context-1.51.1.jar:/home/runner/work/ozone/ozone/hadoop-hdds/container-service/target/classes:/home/runner/.m2/repository/org/apache/commons/commons-compress/1.21/commons-compress-1.21.jar:/home/runner/.m2/repository/com/github/luben/zstd-jni/1.5.2-5/zstd-jni-1.5.2-5.jar:/home/runner/.m2/repository/commons-codec/commons-codec/1.15/commons-codec-1.15.jar:/home/runner/.m2/repository/javax/xml/bind/jaxb-api/2.3.0/jaxb-api-2.3.0.jar:/home/runner/.m2/repository/org/glassfish/jaxb/jaxb-runtime/2.3.0.1/jaxb-runtime-2.3.0.1.jar:/home/runner/.m2/repository/org/glassfish/jaxb/jaxb-core/2.3.0.1/jaxb-core-2.3.0.1.jar:/home/runner/.m2/repository/org/glassfish/jaxb/txw2/2.3.0.1/txw2-2.3.0.1.jar:/home/runner/.m2/repository/com/sun/istack/istack-commons-runtime/3.0.5/istack-commons-runtime-3.0.5.jar:/home/runner/.m2/repository/org/jvnet/staxex/stax-ex/1.7.8/stax-ex-1.7.8.jar:/home/runner/.m2/repository/com/sun/xml/fastinfoset/FastInfoset/1.2.13/FastInfoset-1.2.13.jar:/home/runner/.m2/repository/io/netty/netty-transport/4.1.94.Final/netty-transport-4.1.94.Final.jar:/home/runner/.m2/repository/io/netty/netty-common/4.1.94.Final/netty-common-4.1.94.Final.jar:/home/runner/.m2/repository/io/netty/netty-buffer/4.1.94.Final/netty-buffer-4.1.94.Final.jar:/home/runner/.m2/repository/io/netty/netty-resolver/4.1.94.Final/netty-resolver-4.1.94.Final.jar:/home/runner/.m2/repository/io/netty/netty-codec/4.1.94.Final/netty-codec-4.1.94.Final.jar:/home/runner/.m2/repository/io/netty/netty-handler/4.1.94.Final/netty-handler-4.1.94.Final.jar:/home/runner/.m2/repository/io/netty/netty-transport-native-unix-common/4.1.94.Final/netty-transport-native-unix-common-4.1.94.Final.jar:/home/runner/work/ozone/ozone/hadoop-hdds/client/target/classes:/home/runner/work/ozone/ozone/hadoop-hdds/erasurecode/target/classes:/home/runner/work/ozone/ozone/hadoop-hdds/hadoop-dependency-server/target/classes:/home/runner/.m2/repository/org/apache/hadoop/hadoop-annotations/3.3.6/hadoop-annotations-3.3.6.jar:/usr/lib/jvm/temurin-8-jdk-amd64/jre/../lib/tools.jar:/home/runner/.m2/repository/org/apache/hadoop/hadoop-common/3.3.6/hadoop-common-3.3.6.jar:/home/runner/.m2/repository/org/apache/hadoop/thirdparty/hadoop-shaded-guava/1.1.1/hadoop-shaded-guava-1.1.1.jar:/home/runner/.m2/repository/org/apache/httpcomponents/httpclient/4.5.13/httpclient-4.5.13.jar:/home/runner/.m2/repository/org/apache/httpcomponents/httpcore/4.4.13/httpcore-4.4.13.jar:/home/runner/.m2/repository/commons-net/commons-net/3.9.0/commons-net-3.9.0.jar:/home/runner/.m2/repository/javax/servlet/javax.servlet-api/3.1.0/javax.servlet-api-3.1.0.jar:/home/runner/.m2/repository/jakarta/activation/jakarta.activation-api/1.2.2/jakarta.activation-api-1.2.2.jar:/home/runner/.m2/repository/javax/servlet/jsp/jsp-api/2.1/jsp-api-2.1.jar:/home/runner/.m2/repository/com/sun/jersey/jersey-core/1.19/jersey-core-1.19.jar:/home/runner/.m2/repository/javax/ws/rs/jsr311-api/1.1.1/jsr311-api-1.1.1.jar:/home/runner/.m2/repository/com/sun/jersey/jersey-servlet/1.19/jersey-servlet-1.19.jar:/home/runner/.m2/repository/com/sun/jersey/jersey-server/1.19/jersey-server-1.19.jar:/home/runner/.m2/repository/com/google/re2j/re2j/1.1/re2j-1.1.jar:/home/runner/.m2/repository/com/google/code/gson/gson/2.9.0/gson-2.9.0.jar:/home/runner/.m2/repository/org/apache/hadoop/hadoop-auth/3.3.6/hadoop-auth-3.3.6.jar:/home/runner/.m2/repository/com/nimbusds/nimbus-jose-jwt/9.8.1/nimbus-jose-jwt-9.8.1.jar:/home/runner/.m2/repository/com/github/stephenc/jcip/jcip-annotations/1.0-1/jcip-annotations-1.0-1.jar:/home/runner/.m2/repository/com/jcraft/jsch/0.1.54/jsch-0.1.54.jar:/home/runner/.m2/repository/org/apache/kerby/kerb-core/1.0.1/kerb-core-1.0.1.jar:/home/runner/.m2/repository/org/apache/kerby/kerby-pkix/1.0.1/kerby-pkix-1.0.1.jar:/home/runner/.m2/repository/org/apache/kerby/kerby-asn1/1.0.1/kerby-asn1-1.0.1.jar:/home/runner/.m2/repository/org/apache/kerby/kerby-util/1.0.1/kerby-util-1.0.1.jar:/home/runner/.m2/repository/org/codehaus/woodstox/stax2-api/4.2.1/stax2-api-4.2.1.jar:/home/runner/.m2/repository/com/fasterxml/woodstox/woodstox-core/5.4.0/woodstox-core-5.4.0.jar:/home/runner/.m2/repository/dnsjava/dnsjava/2.1.7/dnsjava-2.1.7.jar:/home/runner/.m2/repository/org/xerial/snappy/snappy-java/1.1.8.2/snappy-java-1.1.8.2.jar:/home/runner/.m2/repository/commons-cli/commons-cli/1.2/commons-cli-1.2.jar:/home/runner/.m2/repository/org/apache/hadoop/hadoop-hdfs/3.3.6/hadoop-hdfs-3.3.6.jar:/home/runner/.m2/repository/org/eclipse/jetty/jetty-util-ajax/9.4.51.v20230217/jetty-util-ajax-9.4.51.v20230217.jar:/home/runner/.m2/repository/commons-daemon/commons-daemon/1.0.13/commons-daemon-1.0.13.jar:/home/runner/work/ozone/ozone/hadoop-hdds/framework/target/classes:/home/runner/work/ozone/ozone/hadoop-hdds/interface-server/target/classes:/home/runner/work/ozone/ozone/hadoop-hdds/managed-rocksdb/target/classes:/home/runner/.m2/repository/org/rocksdb/rocksdbjni/7.7.3/rocksdbjni-7.7.3.jar:/home/runner/.m2/repository/org/slf4j/slf4j-reload4j/1.7.36/slf4j-reload4j-1.7.36.jar:/home/runner/.m2/repository/org/apache/commons/commons-configuration2/2.1.1/commons-configuration2-2.1.1.jar:/home/runner/.m2/repository/commons-fileupload/commons-fileupload/1.5/commons-fileupload-1.5.jar:/home/runner/.m2/repository/org/apache/logging/log4j/log4j-core/2.17.1/log4j-core-2.17.1.jar:/home/runner/.m2/repository/com/lmax/disruptor/3.4.2/disruptor-3.4.2.jar:/home/runner/.m2/repository/org/eclipse/jetty/jetty-util/9.4.51.v20230217/jetty-util-9.4.51.v20230217.jar:/home/runner/.m2/repository/org/eclipse/jetty/jetty-server/9.4.51.v20230217/jetty-server-9.4.51.v20230217.jar:/home/runner/.m2/repository/org/eclipse/jetty/jetty-http/9.4.51.v20230217/jetty-http-9.4.51.v20230217.jar:/home/runner/.m2/repository/org/eclipse/jetty/jetty-io/9.4.51.v20230217/jetty-io-9.4.51.v20230217.jar:/home/runner/.m2/repository/org/eclipse/jetty/jetty-servlet/9.4.51.v20230217/jetty-servlet-9.4.51.v20230217.jar:/home/runner/.m2/repository/org/eclipse/jetty/jetty-security/9.4.51.v20230217/jetty-security-9.4.51.v20230217.jar:/home/runner/.m2/repository/org/eclipse/jetty/jetty-webapp/9.4.51.v20230217/jetty-webapp-9.4.51.v20230217.jar:/home/runner/.m2/repository/org/eclipse/jetty/jetty-xml/9.4.51.v20230217/jetty-xml-9.4.51.v20230217.jar:/home/runner/.m2/repository/io/prometheus/simpleclient_dropwizard/0.7.0/simpleclient_dropwizard-0.7.0.jar:/home/runner/.m2/repository/io/prometheus/simpleclient/0.7.0/simpleclient-0.7.0.jar:/home/runner/.m2/repository/io/prometheus/simpleclient_common/0.7.0/simpleclient_common-0.7.0.jar:/home/runner/work/ozone/ozone/hadoop-hdds/rocksdb-checkpoint-differ/target/classes:/home/runner/work/ozone/ozone/hadoop-hdds/rocks-native/target/classes:/home/runner/.m2/repository/org/jgrapht/jgrapht-core/1.0.1/jgrapht-core-1.0.1.jar:/home/runner/.m2/repository/org/jgrapht/jgrapht-ext/1.0.1/jgrapht-ext-1.0.1.jar:/home/runner/.m2/repository/org/tinyjee/jgraphx/jgraphx/2.0.0.1/jgraphx-2.0.0.1.jar:/home/runner/.m2/repository/jgraph/jgraph/5.13.0.0/jgraph-5.13.0.0.jar:/home/runner/.m2/repository/org/antlr/antlr4-runtime/4.5.3/antlr4-runtime-4.5.3.jar:/home/runner/.m2/repository/org/awaitility/awaitility/4.2.0/awaitility-4.2.0.jar:/home/runner/.m2/repository/org/hamcrest/hamcrest/2.1/hamcrest-2.1.jar:/home/runner/work/ozone/ozone/hadoop-hdds/docs/target/classes:/home/runner/.m2/repository/io/dropwizard/metrics/metrics-core/3.2.4/metrics-core-3.2.4.jar:/home/runner/.m2/repository/com/github/spotbugs/spotbugs-annotations/3.1.12/spotbugs-annotations-3.1.12.jar:/home/runner/.m2/repository/com/google/code/findbugs/jsr305/3.0.0/jsr305-3.0.0.jar:/home/runner/.m2/repository/org/apache/commons/commons-math3/3.1.1/commons-math3-3.1.1.jar:/home/runner/.m2/repository/org/apache/commons/commons-text/1.10.0/commons-text-1.10.0.jar:/home/runner/.m2/repository/org/apache/hadoop/hadoop-hdfs-client/3.3.6/hadoop-hdfs-client-3.3.6.jar:/home/runner/.m2/repository/com/squareup/okhttp3/okhttp/4.9.3/okhttp-4.9.3.jar:/home/runner/.m2/repository/com/squareup/okio/okio/3.4.0/okio-3.4.0.jar:/home/runner/.m2/repository/com/squareup/okio/okio-jvm/3.4.0/okio-jvm-3.4.0.jar:/home/runner/.m2/repository/org/jetbrains/kotlin/kotlin-stdlib-jdk8/1.8.0/kotlin-stdlib-jdk8-1.8.0.jar:/home/runner/.m2/repository/org/jetbrains/kotlin/kotlin-stdlib-jdk7/1.8.0/kotlin-stdlib-jdk7-1.8.0.jar:/home/runner/.m2/repository/org/jetbrains/kotlin/kotlin-stdlib-common/1.6.21/kotlin-stdlib-common-1.6.21.jar:/home/runner/.m2/repository/com/fasterxml/jackson/core/jackson-databind/2.13.4.2/jackson-databind-2.13.4.2.jar:/home/runner/work/ozone/ozone/hadoop-hdds/container-service/target/test-classes:/home/runner/work/ozone/ozone/hadoop-hdds/common/target/test-classes:/home/runner/.m2/repository/org/hamcrest/hamcrest-core/1.3/hamcrest-core-1.3.jar:/home/runner/.m2/repository/org/assertj/assertj-core/3.12.2/assertj-core-3.12.2.jar:/home/runner/.m2/repository/org/mockito/mockito-core/3.5.9/mockito-core-3.5.9.jar:/home/runner/.m2/repository/net/bytebuddy/byte-buddy/1.10.13/byte-buddy-1.10.13.jar:/home/runner/.m2/repository/net/bytebuddy/byte-buddy-agent/1.10.13/byte-buddy-agent-1.10.13.jar:/home/runner/.m2/repository/org/objenesis/objenesis/1.0/objenesis-1.0.jar:/home/runner/.m2/repository/org/hamcrest/hamcrest-all/1.3/hamcrest-all-1.3.jar:/home/runner/.m2/repository/org/bouncycastle/bcprov-jdk15on/1.67/bcprov-jdk15on-1.67.jar:/home/runner/work/ozone/ozone/hadoop-hdds/hadoop-dependency-test/target/classes:/home/runner/.m2/repository/org/apache/hadoop/hadoop-common/3.3.6/hadoop-common-3.3.6-tests.jar:/home/runner/.m2/repository/org/apache/hadoop/hadoop-hdfs/3.3.6/hadoop-hdfs-3.3.6-tests.jar:/home/runner/.m2/repository/com/google/protobuf/protobuf-java/2.5.0/protobuf-java-2.5.0.jar:/home/runner/.m2/repository/org/junit/jupiter/junit-jupiter-api/5.8.2/junit-jupiter-api-5.8.2.jar:/home/runner/.m2/repository/org/opentest4j/opentest4j/1.2.0/opentest4j-1.2.0.jar:/home/runner/.m2/repository/org/junit/platform/junit-platform-commons/1.8.2/junit-platform-commons-1.8.2.jar:/home/runner/.m2/repository/org/apiguardian/apiguardian-api/1.1.2/apiguardian-api-1.1.2.jar:/home/runner/.m2/repository/org/junit/jupiter/junit-jupiter-engine/5.8.2/junit-jupiter-engine-5.8.2.jar:/home/runner/.m2/repository/org/junit/platform/junit-platform-engine/1.8.2/junit-platform-engine-1.8.2.jar:/home/runner/.m2/repository/org/junit/vintage/junit-vintage-engine/5.8.2/junit-vintage-engine-5.8.2.jar:/home/runner/.m2/repository/org/junit/platform/junit-platform-launcher/1.8.2/junit-platform-launcher-1.8.2.jar:/home/runner/.m2/repository/org/junit/jupiter/junit-jupiter-params/5.8.2/junit-jupiter-params-5.8.2.jar:/home/runner/.m2/repository/junit/junit/4.13.1/junit-4.13.1.jar:"/>
    <property name="sun.cpu.endian" value="little"/>
    <property name="user.home" value="/home/runner"/>
    <property name="user.language" value="en"/>
    <property name="java.specification.vendor" value="Oracle Corporation"/>
    <property name="java.home" value="/usr/lib/jvm/temurin-8-jdk-amd64/jre"/>
    <property name="java.security.krb5.conf" value="/home/runner/work/ozone/ozone/hadoop-hdds/server-scm/target/test-classes/krb5.conf"/>
    <property name="basedir" value="/home/runner/work/ozone/ozone/hadoop-hdds/server-scm"/>
    <property name="file.separator" value="/"/>
    <property name="line.separator" value="&#10;"/>
    <property name="java.vm.specification.vendor" value="Oracle Corporation"/>
    <property name="java.specification.name" value="Java Platform API Specification"/>
    <property name="java.awt.graphicsenv" value="sun.awt.X11GraphicsEnvironment"/>
    <property name="skip.installnpx" value="true"/>
    <property name="surefire.real.class.path" value="/home/runner/work/ozone/ozone/hadoop-hdds/server-scm/target/surefire/surefirebooter1552927362491819966.jar:/home/runner/.m2/repository/org/jacoco/org.jacoco.agent/0.8.5/org.jacoco.agent-0.8.5-runtime.jar"/>
    <property name="hadoop.log.dir" value="/home/runner/work/ozone/ozone/hadoop-hdds/server-scm/target/log"/>
    <property name="sun.boot.class.path" value="/usr/lib/jvm/temurin-8-jdk-amd64/jre/lib/resources.jar:/usr/lib/jvm/temurin-8-jdk-amd64/jre/lib/rt.jar:/usr/lib/jvm/temurin-8-jdk-amd64/jre/lib/sunrsasign.jar:/usr/lib/jvm/temurin-8-jdk-amd64/jre/lib/jsse.jar:/usr/lib/jvm/temurin-8-jdk-amd64/jre/lib/jce.jar:/usr/lib/jvm/temurin-8-jdk-amd64/jre/lib/charsets.jar:/usr/lib/jvm/temurin-8-jdk-amd64/jre/lib/jfr.jar:/usr/lib/jvm/temurin-8-jdk-amd64/jre/classes"/>
    <property name="sun.management.compiler" value="HotSpot 64-Bit Tiered Compilers"/>
    <property name="skip.npx" value="true"/>
    <property name="java.runtime.version" value="1.8.0_372-b07"/>
    <property name="java.net.preferIPv4Stack" value="true"/>
    <property name="user.name" value="runner"/>
    <property name="path.separator" value=":"/>
    <property name="java.security.egd" value="file:///dev/urandom"/>
    <property name="os.version" value="5.15.0-1041-azure"/>
    <property name="java.endorsed.dirs" value="/usr/lib/jvm/temurin-8-jdk-amd64/jre/lib/endorsed"/>
    <property name="java.runtime.name" value="OpenJDK Runtime Environment"/>
    <property name="file.encoding" value="UTF-8"/>
    <property name="java.vm.name" value="OpenJDK 64-Bit Server VM"/>
    <property name="test.build.webapps" value=""/>
    <property name="localRepository" value="/home/runner/.m2/repository"/>
    <property name="java.vendor.url.bug" value="https://github.com/adoptium/adoptium-support/issues"/>
    <property name="java.io.tmpdir" value="/tmp"/>
    <property name="require.test.libhadoop" value=""/>
    <property name="java.version" value="1.8.0_372"/>
    <property name="user.dir" value="/home/runner/work/ozone/ozone/hadoop-hdds/server-scm"/>
    <property name="os.arch" value="amd64"/>
    <property name="java.vm.specification.name" value="Java Virtual Machine Specification"/>
    <property name="test.build.classes" value="/home/runner/work/ozone/ozone/hadoop-hdds/server-scm/target/test-classes"/>
    <property name="java.awt.printerjob" value="sun.print.PSPrinterJob"/>
    <property name="sun.os.patch.level" value="unknown"/>
    <property name="excludedGroups" value="native"/>
    <property name="hadoop.tmp.dir" value="/home/runner/work/ozone/ozone/hadoop-hdds/server-scm/target/tmp"/>
    <property name="java.library.path" value="/usr/java/packages/lib/amd64:/usr/lib64:/lib64:/lib:/usr/lib"/>
    <property name="java.vm.info" value="mixed mode"/>
    <property name="java.vendor" value="Temurin"/>
    <property name="java.vm.version" value="25.372-b07"/>
    <property name="java.specification.maintenance.version" value="4"/>
    <property name="java.ext.dirs" value="/usr/lib/jvm/temurin-8-jdk-amd64/jre/lib/ext:/usr/java/packages/lib/ext"/>
    <property name="sun.io.unicode.encoding" value="UnicodeLittle"/>
    <property name="java.class.version" value="52.0"/>
  </properties>
  <testcase name="containerBalancerShouldObeyMaxSizeToMoveLimit" classname="org.apache.hadoop.hdds.scm.container.balancer.TestContainerBalancerTask" time="3.301">
    <system-out><![CDATA[2023-07-25 18:54:24,137 [main] INFO  net.NodeSchemaLoader (NodeSchemaLoader.java:loadSchemaFromFile(129)) - Loading schema from [file:/home/runner/work/ozone/ozone/hadoop-hdds/common/target/classes/network-topology-default.xml]
2023-07-25 18:54:24,139 [main] INFO  net.NodeSchemaLoader (NodeSchemaLoader.java:loadSchema(176)) - Loading network topology layer schema file
2023-07-25 18:54:24,391 [main] INFO  reflections.Reflections (Reflections.java:scan(232)) - Reflections took 178 ms to scan 6 urls, producing 157 keys and 368 values 
2023-07-25 18:54:24,477 [main] INFO  net.NetworkTopologyImpl (NetworkTopologyImpl.java:add(112)) - Added a new node: /default-rack/6b39bbee-6837-4235-b3e3-420b66c84e75
2023-07-25 18:54:24,479 [main] INFO  net.NetworkTopologyImpl (NetworkTopologyImpl.java:add(112)) - Added a new node: /default-rack/e2acf206-3a3a-49d6-95a0-e5654f740076
2023-07-25 18:54:24,480 [main] INFO  net.NetworkTopologyImpl (NetworkTopologyImpl.java:add(112)) - Added a new node: /default-rack/d41f38b3-3ca3-4938-890c-406c528cc0fd
2023-07-25 18:54:24,480 [main] INFO  net.NetworkTopologyImpl (NetworkTopologyImpl.java:add(112)) - Added a new node: /default-rack/4b4160a8-e722-4597-ba6e-375924d46cf8
2023-07-25 18:54:24,481 [main] INFO  net.NetworkTopologyImpl (NetworkTopologyImpl.java:add(112)) - Added a new node: /default-rack/1751d712-a4e2-4f9a-a71b-7ee50e307a12
2023-07-25 18:54:24,481 [main] INFO  net.NetworkTopologyImpl (NetworkTopologyImpl.java:add(112)) - Added a new node: /default-rack/89c9f0ab-1baf-48b1-9ec5-13165ad0c4d6
2023-07-25 18:54:24,482 [main] INFO  net.NetworkTopologyImpl (NetworkTopologyImpl.java:add(112)) - Added a new node: /default-rack/02c8a07e-74e1-428c-bea0-14da911eb005
2023-07-25 18:54:24,482 [main] INFO  net.NetworkTopologyImpl (NetworkTopologyImpl.java:add(112)) - Added a new node: /default-rack/d575fbf4-00cd-4fcd-9cc8-b7c8c855ac8e
2023-07-25 18:54:24,482 [main] INFO  net.NetworkTopologyImpl (NetworkTopologyImpl.java:add(112)) - Added a new node: /default-rack/9aee5511-57db-4a0e-9922-b0cdbd54b89b
2023-07-25 18:54:24,483 [main] INFO  net.NetworkTopologyImpl (NetworkTopologyImpl.java:add(112)) - Added a new node: /default-rack/613b26f1-c631-482a-a34a-756d79f5372d
2023-07-25 18:54:24,500 [main] INFO  algorithms.ContainerPlacementPolicyFactory (ContainerPlacementPolicyFactory.java:getPolicyInternal(86)) - Create container placement policy of type org.apache.hadoop.hdds.scm.container.placement.algorithms.SCMContainerPlacementRackAware
2023-07-25 18:54:24,542 [main] INFO  algorithms.ContainerPlacementPolicyFactory (ContainerPlacementPolicyFactory.java:getPolicyInternal(86)) - Create container placement policy of type org.apache.hadoop.hdds.scm.container.placement.algorithms.SCMContainerPlacementRackScatter
2023-07-25 18:54:24,716 [main] DEBUG balancer.ContainerBalancerTask (ContainerBalancerTask.java:initializeIteration(374)) - Average utilization of the cluster is 0.3621381561348773
2023-07-25 18:54:24,716 [main] DEBUG balancer.ContainerBalancerTask (ContainerBalancerTask.java:initializeIteration(386)) - Lower limit for utilization is 0.3521381561348773 and Upper limit for utilization is 0.37213815613487733
2023-07-25 18:54:24,717 [main] DEBUG balancer.ContainerBalancerTask (ContainerBalancerTask.java:initializeIteration(398)) - Utilization for node 613b26f1-c631-482a-a34a-756d79f5372d with capacity 62038416497B, used 55834574848B, and remaining 6203841649B is 0.9000000000112833
2023-07-25 18:54:24,721 [main] DEBUG balancer.ContainerBalancerTask (ContainerBalancerTask.java:initializeIteration(398)) - Utilization for node 9aee5511-57db-4a0e-9922-b0cdbd54b89b with capacity 69793218560B, used 55834574848B, and remaining 13958643712B is 0.8
2023-07-25 18:54:24,721 [main] DEBUG balancer.ContainerBalancerTask (ContainerBalancerTask.java:initializeIteration(398)) - Utilization for node 6b39bbee-6837-4235-b3e3-420b66c84e75 with capacity 64424509440B, used 45097156608B, and remaining 19327352832B is 0.7
2023-07-25 18:54:24,722 [main] DEBUG balancer.ContainerBalancerTask (ContainerBalancerTask.java:initializeIteration(398)) - Utilization for node 1751d712-a4e2-4f9a-a71b-7ee50e307a12 with capacity 69793218560B, used 41875931136B, and remaining 27917287424B is 0.6
2023-07-25 18:54:24,722 [main] DEBUG balancer.ContainerBalancerTask (ContainerBalancerTask.java:initializeIteration(398)) - Utilization for node 4b4160a8-e722-4597-ba6e-375924d46cf8 with capacity 96636764160B, used 48318382080B, and remaining 48318382080B is 0.5
2023-07-25 18:54:24,723 [main] DEBUG balancer.ContainerBalancerTask (ContainerBalancerTask.java:initializeIteration(398)) - Utilization for node d575fbf4-00cd-4fcd-9cc8-b7c8c855ac8e with capacity 126164664320B, used 50465865728B, and remaining 75698798592B is 0.4
2023-07-25 18:54:24,724 [main] DEBUG balancer.ContainerBalancerTask (ContainerBalancerTask.java:initializeIteration(398)) - Utilization for node 02c8a07e-74e1-428c-bea0-14da911eb005 with capacity 139586437120B, used 41875931136B, and remaining 97710505984B is 0.3
2023-07-25 18:54:24,725 [main] DEBUG balancer.ContainerBalancerTask (ContainerBalancerTask.java:initializeIteration(398)) - Utilization for node d41f38b3-3ca3-4938-890c-406c528cc0fd with capacity 177167400960B, used 35433480192B, and remaining 141733920768B is 0.2
2023-07-25 18:54:24,725 [main] DEBUG balancer.ContainerBalancerTask (ContainerBalancerTask.java:initializeIteration(398)) - Utilization for node 89c9f0ab-1baf-48b1-9ec5-13165ad0c4d6 with capacity 289910292480B, used 28991029248B, and remaining 260919263232B is 0.1
2023-07-25 18:54:24,726 [main] DEBUG balancer.ContainerBalancerTask (ContainerBalancerTask.java:initializeIteration(398)) - Utilization for node e2acf206-3a3a-49d6-95a0-e5654f740076 with capacity 19327352832B, used 0B, and remaining 19327352832B is 0.0
2023-07-25 18:54:24,726 [main] INFO  balancer.ContainerBalancerTask (ContainerBalancerTask.java:initializeIteration(447)) - Container Balancer has identified 6 Over-Utilized and 4 Under-Utilized Datanodes that need to be balanced.
2023-07-25 18:54:24,727 [main] DEBUG balancer.ContainerBalancerTask (ContainerBalancerTask.java:lambda$initializeIteration$1(453)) - Datanode localhost-106.84.5.2 613b26f1-c631-482a-a34a-756d79f5372d is Over-Utilized.
2023-07-25 18:54:24,728 [main] DEBUG balancer.ContainerBalancerTask (ContainerBalancerTask.java:lambda$initializeIteration$1(453)) - Datanode localhost-8.144.10.36 9aee5511-57db-4a0e-9922-b0cdbd54b89b is Over-Utilized.
2023-07-25 18:54:24,729 [main] DEBUG balancer.ContainerBalancerTask (ContainerBalancerTask.java:lambda$initializeIteration$1(453)) - Datanode localhost-207.210.59.96 6b39bbee-6837-4235-b3e3-420b66c84e75 is Over-Utilized.
2023-07-25 18:54:24,729 [main] DEBUG balancer.ContainerBalancerTask (ContainerBalancerTask.java:lambda$initializeIteration$1(453)) - Datanode localhost-248.146.65.236 1751d712-a4e2-4f9a-a71b-7ee50e307a12 is Over-Utilized.
2023-07-25 18:54:24,730 [main] DEBUG balancer.ContainerBalancerTask (ContainerBalancerTask.java:lambda$initializeIteration$1(453)) - Datanode localhost-145.142.197.4 4b4160a8-e722-4597-ba6e-375924d46cf8 is Over-Utilized.
2023-07-25 18:54:24,730 [main] DEBUG balancer.ContainerBalancerTask (ContainerBalancerTask.java:lambda$initializeIteration$1(453)) - Datanode localhost-40.138.82.71 d575fbf4-00cd-4fcd-9cc8-b7c8c855ac8e is Over-Utilized.
2023-07-25 18:54:24,731 [main] DEBUG balancer.ContainerBalancerTask (ContainerBalancerTask.java:lambda$initializeIteration$2(459)) - Datanode localhost-203.66.27.247 e2acf206-3a3a-49d6-95a0-e5654f740076 is Under-Utilized.
2023-07-25 18:54:24,731 [main] DEBUG balancer.ContainerBalancerTask (ContainerBalancerTask.java:lambda$initializeIteration$2(459)) - Datanode localhost-252.81.81.99 89c9f0ab-1baf-48b1-9ec5-13165ad0c4d6 is Under-Utilized.
2023-07-25 18:54:24,731 [main] DEBUG balancer.ContainerBalancerTask (ContainerBalancerTask.java:lambda$initializeIteration$2(459)) - Datanode localhost-21.20.236.98 d41f38b3-3ca3-4938-890c-406c528cc0fd is Under-Utilized.
2023-07-25 18:54:24,731 [main] DEBUG balancer.ContainerBalancerTask (ContainerBalancerTask.java:lambda$initializeIteration$2(459)) - Datanode localhost-244.106.247.221 02c8a07e-74e1-428c-bea0-14da911eb005 is Under-Utilized.
2023-07-25 18:54:24,771 [main] DEBUG balancer.ContainerBalancerTask (ContainerBalancerTask.java:matchSourceWithTarget(708)) - ContainerBalancer is finding suitable target for source datanode 613b26f1-c631-482a-a34a-756d79f5372d
2023-07-25 18:54:24,784 [main] INFO  balancer.ContainerBalancerTask (ContainerBalancerTask.java:matchSourceWithTarget(722)) - ContainerBalancer matched source datanode 613b26f1-c631-482a-a34a-756d79f5372d with target datanode e2acf206-3a3a-49d6-95a0-e5654f740076 for container move.
2023-07-25 18:54:24,784 [main] INFO  balancer.ContainerBalancerTask (ContainerBalancerTask.java:processMoveSelection(569)) - ContainerBalancer is trying to move container #85 with size 5368709120B from source datanode 613b26f1-c631-482a-a34a-756d79f5372d to target datanode e2acf206-3a3a-49d6-95a0-e5654f740076
2023-07-25 18:54:24,786 [main] DEBUG balancer.ContainerBalancerTask (ContainerBalancerTask.java:lambda$moveContainer$3(837)) - Container move completed for container #85 from source 613b26f1-c631-482a-a34a-756d79f5372d to target e2acf206-3a3a-49d6-95a0-e5654f740076
2023-07-25 18:54:24,799 [main] DEBUG balancer.ContainerBalancerTask (ContainerBalancerTask.java:matchSourceWithTarget(708)) - ContainerBalancer is finding suitable target for source datanode 613b26f1-c631-482a-a34a-756d79f5372d
2023-07-25 18:54:24,800 [main] INFO  balancer.ContainerBalancerTask (ContainerBalancerTask.java:matchSourceWithTarget(722)) - ContainerBalancer matched source datanode 613b26f1-c631-482a-a34a-756d79f5372d with target datanode 89c9f0ab-1baf-48b1-9ec5-13165ad0c4d6 for container move.
2023-07-25 18:54:24,800 [main] INFO  balancer.ContainerBalancerTask (ContainerBalancerTask.java:processMoveSelection(569)) - ContainerBalancer is trying to move container #89 with size 4294967296B from source datanode 613b26f1-c631-482a-a34a-756d79f5372d to target datanode 89c9f0ab-1baf-48b1-9ec5-13165ad0c4d6
2023-07-25 18:54:24,805 [main] DEBUG balancer.ContainerBalancerTask (ContainerBalancerTask.java:lambda$moveContainer$3(837)) - Container move completed for container #89 from source 613b26f1-c631-482a-a34a-756d79f5372d to target 89c9f0ab-1baf-48b1-9ec5-13165ad0c4d6
2023-07-25 18:54:24,822 [main] DEBUG balancer.ContainerBalancerTask (ContainerBalancerTask.java:matchSourceWithTarget(708)) - ContainerBalancer is finding suitable target for source datanode 9aee5511-57db-4a0e-9922-b0cdbd54b89b
2023-07-25 18:54:24,823 [main] INFO  balancer.ContainerBalancerTask (ContainerBalancerTask.java:matchSourceWithTarget(722)) - ContainerBalancer matched source datanode 9aee5511-57db-4a0e-9922-b0cdbd54b89b with target datanode 89c9f0ab-1baf-48b1-9ec5-13165ad0c4d6 for container move.
2023-07-25 18:54:24,824 [main] INFO  balancer.ContainerBalancerTask (ContainerBalancerTask.java:processMoveSelection(569)) - ContainerBalancer is trying to move container #81 with size 1073741824B from source datanode 9aee5511-57db-4a0e-9922-b0cdbd54b89b to target datanode 89c9f0ab-1baf-48b1-9ec5-13165ad0c4d6
2023-07-25 18:54:24,824 [main] DEBUG balancer.ContainerBalancerTask (ContainerBalancerTask.java:lambda$moveContainer$3(837)) - Container move completed for container #81 from source 9aee5511-57db-4a0e-9922-b0cdbd54b89b to target 89c9f0ab-1baf-48b1-9ec5-13165ad0c4d6
2023-07-25 18:54:24,824 [main] WARN  balancer.ContainerBalancerTask (ContainerBalancerTask.java:reachedMaxSizeToMovePerIteration(733)) - Reached max size to move limit. 10737418240 bytes have already been scheduled for balancing and the limit is 10737418240 bytes.
2023-07-25 18:54:24,825 [main] INFO  balancer.ContainerBalancerTask (ContainerBalancerTask.java:checkIterationMoveResults(642)) - Iteration Summary. Number of Datanodes involved: 4. Size moved: 10 GB (10737418240 Bytes). Number of Container moves completed: 3.
2023-07-25 18:54:24,826 [main] INFO  balancer.ContainerBalancerTask (ContainerBalancerTask.java:balance(259)) - Result of this iteration of Container Balancer: ITERATION_COMPLETED
2023-07-25 18:54:24,836 [main] INFO  balancer.ContainerBalancerTask (ContainerBalancerTask.java:tryStopWithSaveConfiguration(308)) - Save Configuration for stopping. Reason: Completed all iterations.
]]></system-out>
  </testcase>
  <testcase name="balancerShouldFollowExcludeAndIncludeDatanodesConfigurations" classname="org.apache.hadoop.hdds.scm.container.balancer.TestContainerBalancerTask" time="0.095">
    <system-out><![CDATA[2023-07-25 18:54:24,902 [main] INFO  net.NodeSchemaLoader (NodeSchemaLoader.java:loadSchemaFromFile(129)) - Loading schema from [file:/home/runner/work/ozone/ozone/hadoop-hdds/common/target/classes/network-topology-default.xml]
2023-07-25 18:54:24,902 [main] INFO  net.NodeSchemaLoader (NodeSchemaLoader.java:loadSchema(176)) - Loading network topology layer schema file
2023-07-25 18:54:24,905 [main] INFO  net.NetworkTopologyImpl (NetworkTopologyImpl.java:add(112)) - Added a new node: /default-rack/14a91114-a578-4d86-8adf-b2b4d17f4646
2023-07-25 18:54:24,905 [main] INFO  net.NetworkTopologyImpl (NetworkTopologyImpl.java:add(112)) - Added a new node: /default-rack/e85eb458-f08f-4536-b8fe-4ae14f1c0fbe
2023-07-25 18:54:24,905 [main] INFO  net.NetworkTopologyImpl (NetworkTopologyImpl.java:add(112)) - Added a new node: /default-rack/c6da3d2f-e176-4067-8858-6ca4bea0e94b
2023-07-25 18:54:24,906 [main] INFO  net.NetworkTopologyImpl (NetworkTopologyImpl.java:add(112)) - Added a new node: /default-rack/616f9202-0b15-4ea4-8af5-02baae1d08ab
2023-07-25 18:54:24,906 [main] INFO  net.NetworkTopologyImpl (NetworkTopologyImpl.java:add(112)) - Added a new node: /default-rack/9e1e6f89-6967-4b09-87e2-2b85e2a52b2d
2023-07-25 18:54:24,906 [main] INFO  net.NetworkTopologyImpl (NetworkTopologyImpl.java:add(112)) - Added a new node: /default-rack/b15b5bcc-7526-497a-942f-30828d46fce7
2023-07-25 18:54:24,906 [main] INFO  net.NetworkTopologyImpl (NetworkTopologyImpl.java:add(112)) - Added a new node: /default-rack/e08f881a-8557-44a7-a818-3c96542402b6
2023-07-25 18:54:24,906 [main] INFO  net.NetworkTopologyImpl (NetworkTopologyImpl.java:add(112)) - Added a new node: /default-rack/3f149c2a-d4ef-47a5-9020-c32194b21c6d
2023-07-25 18:54:24,907 [main] INFO  net.NetworkTopologyImpl (NetworkTopologyImpl.java:add(112)) - Added a new node: /default-rack/28020a68-0360-4ae1-9628-e3632b499575
2023-07-25 18:54:24,907 [main] INFO  net.NetworkTopologyImpl (NetworkTopologyImpl.java:add(112)) - Added a new node: /default-rack/9d1fd4c5-857f-430a-9a3d-1eb328b72b19
2023-07-25 18:54:24,907 [main] INFO  algorithms.ContainerPlacementPolicyFactory (ContainerPlacementPolicyFactory.java:getPolicyInternal(86)) - Create container placement policy of type org.apache.hadoop.hdds.scm.container.placement.algorithms.SCMContainerPlacementRackAware
2023-07-25 18:54:24,907 [main] INFO  algorithms.ContainerPlacementPolicyFactory (ContainerPlacementPolicyFactory.java:getPolicyInternal(86)) - Create container placement policy of type org.apache.hadoop.hdds.scm.container.placement.algorithms.SCMContainerPlacementRackScatter
2023-07-25 18:54:24,918 [main] DEBUG balancer.ContainerBalancerTask (ContainerBalancerTask.java:initializeIteration(374)) - Average utilization of the cluster is 0.24848484848484848
2023-07-25 18:54:24,918 [main] DEBUG balancer.ContainerBalancerTask (ContainerBalancerTask.java:initializeIteration(386)) - Lower limit for utilization is 0.14848484848484847 and Upper limit for utilization is 0.3484848484848485
2023-07-25 18:54:24,918 [main] DEBUG balancer.ContainerBalancerTask (ContainerBalancerTask.java:initializeIteration(398)) - Utilization for node 3f149c2a-d4ef-47a5-9020-c32194b21c6d with capacity 75161927680B, used 60129542144B, and remaining 15032385536B is 0.8
2023-07-25 18:54:24,919 [main] DEBUG balancer.ContainerBalancerTask (ContainerBalancerTask.java:initializeIteration(398)) - Utilization for node 28020a68-0360-4ae1-9628-e3632b499575 with capacity 279172874240B, used 27917287424B, and remaining 251255586816B is 0.1
2023-07-25 18:54:24,919 [main] INFO  balancer.ContainerBalancerTask (ContainerBalancerTask.java:initializeIteration(447)) - Container Balancer has identified 1 Over-Utilized and 1 Under-Utilized Datanodes that need to be balanced.
2023-07-25 18:54:24,919 [main] DEBUG balancer.ContainerBalancerTask (ContainerBalancerTask.java:lambda$initializeIteration$1(453)) - Datanode localhost-40.151.136.36 3f149c2a-d4ef-47a5-9020-c32194b21c6d is Over-Utilized.
2023-07-25 18:54:24,919 [main] DEBUG balancer.ContainerBalancerTask (ContainerBalancerTask.java:lambda$initializeIteration$2(459)) - Datanode localhost-81.207.142.106 28020a68-0360-4ae1-9628-e3632b499575 is Under-Utilized.
2023-07-25 18:54:24,924 [main] DEBUG balancer.ContainerBalancerTask (ContainerBalancerTask.java:matchSourceWithTarget(708)) - ContainerBalancer is finding suitable target for source datanode 3f149c2a-d4ef-47a5-9020-c32194b21c6d
2023-07-25 18:54:24,930 [main] INFO  balancer.ContainerBalancerTask (ContainerBalancerTask.java:matchSourceWithTarget(722)) - ContainerBalancer matched source datanode 3f149c2a-d4ef-47a5-9020-c32194b21c6d with target datanode 28020a68-0360-4ae1-9628-e3632b499575 for container move.
2023-07-25 18:54:24,931 [main] INFO  balancer.ContainerBalancerTask (ContainerBalancerTask.java:processMoveSelection(569)) - ContainerBalancer is trying to move container #85 with size 5368709120B from source datanode 3f149c2a-d4ef-47a5-9020-c32194b21c6d to target datanode 28020a68-0360-4ae1-9628-e3632b499575
2023-07-25 18:54:24,932 [main] DEBUG balancer.ContainerBalancerTask (ContainerBalancerTask.java:lambda$moveContainer$3(837)) - Container move completed for container #85 from source 3f149c2a-d4ef-47a5-9020-c32194b21c6d to target 28020a68-0360-4ae1-9628-e3632b499575
2023-07-25 18:54:24,934 [main] DEBUG balancer.ContainerBalancerTask (ContainerBalancerTask.java:adaptOnReachingIterationLimits(782)) - Reached max datanodes to involve limit. 2 datanodes have already been selected for balancing and the limit is 2. Only already selected sources and targets can be involved in balancing now.
2023-07-25 18:54:24,941 [main] DEBUG balancer.ContainerBalancerTask (ContainerBalancerTask.java:matchSourceWithTarget(708)) - ContainerBalancer is finding suitable target for source datanode 3f149c2a-d4ef-47a5-9020-c32194b21c6d
2023-07-25 18:54:24,941 [main] INFO  balancer.ContainerBalancerTask (ContainerBalancerTask.java:matchSourceWithTarget(722)) - ContainerBalancer matched source datanode 3f149c2a-d4ef-47a5-9020-c32194b21c6d with target datanode 28020a68-0360-4ae1-9628-e3632b499575 for container move.
2023-07-25 18:54:24,942 [main] INFO  balancer.ContainerBalancerTask (ContainerBalancerTask.java:processMoveSelection(569)) - ContainerBalancer is trying to move container #68 with size 5368709120B from source datanode 3f149c2a-d4ef-47a5-9020-c32194b21c6d to target datanode 28020a68-0360-4ae1-9628-e3632b499575
2023-07-25 18:54:24,942 [main] DEBUG balancer.ContainerBalancerTask (ContainerBalancerTask.java:lambda$moveContainer$3(837)) - Container move completed for container #68 from source 3f149c2a-d4ef-47a5-9020-c32194b21c6d to target 28020a68-0360-4ae1-9628-e3632b499575
2023-07-25 18:54:24,946 [main] DEBUG balancer.ContainerBalancerTask (ContainerBalancerTask.java:matchSourceWithTarget(708)) - ContainerBalancer is finding suitable target for source datanode 3f149c2a-d4ef-47a5-9020-c32194b21c6d
2023-07-25 18:54:24,947 [main] INFO  balancer.FindTargetGreedyByUsageInfo (AbstractFindTargetGreedy.java:findTargetForContainerMove(133)) - Container Balancer could not find a target for source datanode 3f149c2a-d4ef-47a5-9020-c32194b21c6d
2023-07-25 18:54:24,947 [main] DEBUG balancer.ContainerBalancerTask (ContainerBalancerTask.java:matchSourceWithTarget(717)) - ContainerBalancer could not find a suitable target for source node 3f149c2a-d4ef-47a5-9020-c32194b21c6d.
2023-07-25 18:54:24,948 [main] INFO  balancer.FindSourceGreedy (FindSourceGreedy.java:getNextCandidateSourceDataNode(126)) - no more candidate source data node
2023-07-25 18:54:24,948 [main] INFO  balancer.ContainerBalancerTask (ContainerBalancerTask.java:checkIterationMoveResults(642)) - Iteration Summary. Number of Datanodes involved: 2. Size moved: 10 GB (10737418240 Bytes). Number of Container moves completed: 2.
2023-07-25 18:54:24,948 [main] INFO  balancer.ContainerBalancerTask (ContainerBalancerTask.java:balance(259)) - Result of this iteration of Container Balancer: ITERATION_COMPLETED
2023-07-25 18:54:24,948 [main] INFO  balancer.ContainerBalancerTask (ContainerBalancerTask.java:tryStopWithSaveConfiguration(308)) - Save Configuration for stopping. Reason: Completed all iterations.
]]></system-out>
  </testcase>
  <testcase name="unBalancedNodesListShouldBeEmptyWhenClusterIsBalanced" classname="org.apache.hadoop.hdds.scm.container.balancer.TestContainerBalancerTask" time="0.081">
    <system-out><![CDATA[2023-07-25 18:54:25,002 [main] INFO  net.NodeSchemaLoader (NodeSchemaLoader.java:loadSchemaFromFile(129)) - Loading schema from [file:/home/runner/work/ozone/ozone/hadoop-hdds/common/target/classes/network-topology-default.xml]
2023-07-25 18:54:25,003 [main] INFO  net.NodeSchemaLoader (NodeSchemaLoader.java:loadSchema(176)) - Loading network topology layer schema file
2023-07-25 18:54:25,011 [main] INFO  net.NetworkTopologyImpl (NetworkTopologyImpl.java:add(112)) - Added a new node: /default-rack/f24f1ea7-9688-457d-91bd-f69006ef755e
2023-07-25 18:54:25,012 [main] INFO  net.NetworkTopologyImpl (NetworkTopologyImpl.java:add(112)) - Added a new node: /default-rack/99933f14-3096-4254-9b79-1acf616add9a
2023-07-25 18:54:25,012 [main] INFO  net.NetworkTopologyImpl (NetworkTopologyImpl.java:add(112)) - Added a new node: /default-rack/39589b12-9927-4fef-8179-5e5251e1e9f0
2023-07-25 18:54:25,012 [main] INFO  net.NetworkTopologyImpl (NetworkTopologyImpl.java:add(112)) - Added a new node: /default-rack/ac9ced22-3fc8-4109-94ee-45d53b41114d
2023-07-25 18:54:25,012 [main] INFO  net.NetworkTopologyImpl (NetworkTopologyImpl.java:add(112)) - Added a new node: /default-rack/78a61cea-fde9-471a-a004-31cccbba31a4
2023-07-25 18:54:25,012 [main] INFO  net.NetworkTopologyImpl (NetworkTopologyImpl.java:add(112)) - Added a new node: /default-rack/45196c3f-1e1e-480e-9571-7389c6153d61
2023-07-25 18:54:25,013 [main] INFO  net.NetworkTopologyImpl (NetworkTopologyImpl.java:add(112)) - Added a new node: /default-rack/17109a5d-3562-4872-936b-2815388945c1
2023-07-25 18:54:25,013 [main] INFO  net.NetworkTopologyImpl (NetworkTopologyImpl.java:add(112)) - Added a new node: /default-rack/2b7b8e96-0430-461e-a1d2-3a58d2cdfe1f
2023-07-25 18:54:25,013 [main] INFO  net.NetworkTopologyImpl (NetworkTopologyImpl.java:add(112)) - Added a new node: /default-rack/56b8b458-c2ae-4830-8baa-75da09e50546
2023-07-25 18:54:25,013 [main] INFO  net.NetworkTopologyImpl (NetworkTopologyImpl.java:add(112)) - Added a new node: /default-rack/1ed7c0c6-3e37-48dc-b648-df5d5a9e5cbe
2023-07-25 18:54:25,013 [main] INFO  algorithms.ContainerPlacementPolicyFactory (ContainerPlacementPolicyFactory.java:getPolicyInternal(86)) - Create container placement policy of type org.apache.hadoop.hdds.scm.container.placement.algorithms.SCMContainerPlacementRackAware
2023-07-25 18:54:25,014 [main] INFO  algorithms.ContainerPlacementPolicyFactory (ContainerPlacementPolicyFactory.java:getPolicyInternal(86)) - Create container placement policy of type org.apache.hadoop.hdds.scm.container.placement.algorithms.SCMContainerPlacementRackScatter
2023-07-25 18:54:25,024 [main] DEBUG balancer.ContainerBalancerTask (ContainerBalancerTask.java:initializeIteration(374)) - Average utilization of the cluster is 0.3705647334880543
2023-07-25 18:54:25,024 [main] DEBUG balancer.ContainerBalancerTask (ContainerBalancerTask.java:initializeIteration(386)) - Lower limit for utilization is -0.6293352665119456 and Upper limit for utilization is 1.3704647334880542
2023-07-25 18:54:25,025 [main] DEBUG balancer.ContainerBalancerTask (ContainerBalancerTask.java:initializeIteration(398)) - Utilization for node 45196c3f-1e1e-480e-9571-7389c6153d61 with capacity 45335765902B, used 40802189312B, and remaining 4533576590B is 0.9000000000044115
2023-07-25 18:54:25,026 [main] DEBUG balancer.ContainerBalancerTask (ContainerBalancerTask.java:initializeIteration(398)) - Utilization for node 56b8b458-c2ae-4830-8baa-75da09e50546 with capacity 64424509440B, used 51539607552B, and remaining 12884901888B is 0.8
2023-07-25 18:54:25,026 [main] DEBUG balancer.ContainerBalancerTask (ContainerBalancerTask.java:initializeIteration(398)) - Utilization for node 1ed7c0c6-3e37-48dc-b648-df5d5a9e5cbe with capacity 69026260114B, used 48318382080B, and remaining 20707878034B is 0.7000000000028974
2023-07-25 18:54:25,027 [main] DEBUG balancer.ContainerBalancerTask (ContainerBalancerTask.java:initializeIteration(398)) - Utilization for node ac9ced22-3fc8-4109-94ee-45d53b41114d with capacity 66214079146B, used 39728447488B, and remaining 26485631658B is 0.600000000006041
2023-07-25 18:54:25,027 [main] DEBUG balancer.ContainerBalancerTask (ContainerBalancerTask.java:initializeIteration(398)) - Utilization for node 2b7b8e96-0430-461e-a1d2-3a58d2cdfe1f with capacity 115964116992B, used 57982058496B, and remaining 57982058496B is 0.5
2023-07-25 18:54:25,028 [main] DEBUG balancer.ContainerBalancerTask (ContainerBalancerTask.java:initializeIteration(398)) - Utilization for node 78a61cea-fde9-471a-a004-31cccbba31a4 with capacity 112742891520B, used 45097156608B, and remaining 67645734912B is 0.4
2023-07-25 18:54:25,028 [main] DEBUG balancer.ContainerBalancerTask (ContainerBalancerTask.java:initializeIteration(398)) - Utilization for node f24f1ea7-9688-457d-91bd-f69006ef755e with capacity 150323855360B, used 45097156608B, and remaining 105226698752B is 0.3
2023-07-25 18:54:25,029 [main] DEBUG balancer.ContainerBalancerTask (ContainerBalancerTask.java:initializeIteration(398)) - Utilization for node 99933f14-3096-4254-9b79-1acf616add9a with capacity 257698037760B, used 51539607552B, and remaining 206158430208B is 0.2
2023-07-25 18:54:25,029 [main] DEBUG balancer.ContainerBalancerTask (ContainerBalancerTask.java:initializeIteration(398)) - Utilization for node 39589b12-9927-4fef-8179-5e5251e1e9f0 with capacity 182536110080B, used 18253611008B, and remaining 164282499072B is 0.1
2023-07-25 18:54:25,029 [main] DEBUG balancer.ContainerBalancerTask (ContainerBalancerTask.java:initializeIteration(398)) - Utilization for node 17109a5d-3562-4872-936b-2815388945c1 with capacity 10737418240B, used 0B, and remaining 10737418240B is 0.0
2023-07-25 18:54:25,030 [main] INFO  balancer.ContainerBalancerTask (ContainerBalancerTask.java:initializeIteration(443)) - Did not find any unbalanced Datanodes.
2023-07-25 18:54:25,031 [main] INFO  balancer.ContainerBalancerTask (ContainerBalancerTask.java:tryStopWithSaveConfiguration(308)) - Save Configuration for stopping. Reason: Could not initialize ContainerBalancer's iteration number 0
]]></system-out>
  </testcase>
  <testcase name="containerMoveSelectionShouldFollowPlacementPolicy" classname="org.apache.hadoop.hdds.scm.container.balancer.TestContainerBalancerTask" time="0.157">
    <system-out><![CDATA[2023-07-25 18:54:25,079 [main] INFO  net.NodeSchemaLoader (NodeSchemaLoader.java:loadSchemaFromFile(129)) - Loading schema from [file:/home/runner/work/ozone/ozone/hadoop-hdds/common/target/classes/network-topology-default.xml]
2023-07-25 18:54:25,080 [main] INFO  net.NodeSchemaLoader (NodeSchemaLoader.java:loadSchema(176)) - Loading network topology layer schema file
2023-07-25 18:54:25,084 [main] INFO  net.NetworkTopologyImpl (NetworkTopologyImpl.java:add(112)) - Added a new node: /default-rack/e1e90d0b-9e32-4073-9eca-8f61551a3b40
2023-07-25 18:54:25,085 [main] INFO  net.NetworkTopologyImpl (NetworkTopologyImpl.java:add(112)) - Added a new node: /default-rack/bf3cc490-0ea6-49e7-8011-69064b9bbb43
2023-07-25 18:54:25,085 [main] INFO  net.NetworkTopologyImpl (NetworkTopologyImpl.java:add(112)) - Added a new node: /default-rack/f1abe7d9-62c3-4e5b-840a-1d45ea6f9859
2023-07-25 18:54:25,086 [main] INFO  net.NetworkTopologyImpl (NetworkTopologyImpl.java:add(112)) - Added a new node: /default-rack/a37b1d83-6bde-4fb2-9d13-5dcb74fb5273
2023-07-25 18:54:25,086 [main] INFO  net.NetworkTopologyImpl (NetworkTopologyImpl.java:add(112)) - Added a new node: /default-rack/9fb6dc5a-6193-4557-af8a-16e57d6ed63d
2023-07-25 18:54:25,086 [main] INFO  net.NetworkTopologyImpl (NetworkTopologyImpl.java:add(112)) - Added a new node: /default-rack/ac615d67-3852-4786-9b3c-0d6baaa64ab7
2023-07-25 18:54:25,086 [main] INFO  net.NetworkTopologyImpl (NetworkTopologyImpl.java:add(112)) - Added a new node: /default-rack/9d021867-f778-4fcb-8055-1108b45b55c5
2023-07-25 18:54:25,088 [main] INFO  net.NetworkTopologyImpl (NetworkTopologyImpl.java:add(112)) - Added a new node: /default-rack/b5a90227-7897-4111-ac41-b7f1a7b6520b
2023-07-25 18:54:25,088 [main] INFO  net.NetworkTopologyImpl (NetworkTopologyImpl.java:add(112)) - Added a new node: /default-rack/c77d54ec-9a3d-45e9-89e7-be053ea0dc4e
2023-07-25 18:54:25,088 [main] INFO  net.NetworkTopologyImpl (NetworkTopologyImpl.java:add(112)) - Added a new node: /default-rack/da499461-0b96-4ce0-a0df-8dc404f7cdef
2023-07-25 18:54:25,088 [main] INFO  algorithms.ContainerPlacementPolicyFactory (ContainerPlacementPolicyFactory.java:getPolicyInternal(86)) - Create container placement policy of type org.apache.hadoop.hdds.scm.container.placement.algorithms.SCMContainerPlacementRackAware
2023-07-25 18:54:25,088 [main] INFO  algorithms.ContainerPlacementPolicyFactory (ContainerPlacementPolicyFactory.java:getPolicyInternal(86)) - Create container placement policy of type org.apache.hadoop.hdds.scm.container.placement.algorithms.SCMContainerPlacementRackScatter
2023-07-25 18:54:25,097 [main] DEBUG balancer.ContainerBalancerTask (ContainerBalancerTask.java:initializeIteration(374)) - Average utilization of the cluster is 0.3474757069596499
2023-07-25 18:54:25,098 [main] DEBUG balancer.ContainerBalancerTask (ContainerBalancerTask.java:initializeIteration(386)) - Lower limit for utilization is 0.2474757069596499 and Upper limit for utilization is 0.4474757069596499
2023-07-25 18:54:25,098 [main] DEBUG balancer.ContainerBalancerTask (ContainerBalancerTask.java:initializeIteration(398)) - Utilization for node f1abe7d9-62c3-4e5b-840a-1d45ea6f9859 with capacity 56073184142B, used 50465865728B, and remaining 5607318414B is 0.9000000000035667
2023-07-25 18:54:25,099 [main] DEBUG balancer.ContainerBalancerTask (ContainerBalancerTask.java:initializeIteration(398)) - Utilization for node ac615d67-3852-4786-9b3c-0d6baaa64ab7 with capacity 57713623040B, used 46170898432B, and remaining 11542724608B is 0.8
2023-07-25 18:54:25,099 [main] DEBUG balancer.ContainerBalancerTask (ContainerBalancerTask.java:initializeIteration(398)) - Utilization for node b5a90227-7897-4111-ac41-b7f1a7b6520b with capacity 95102847268B, used 66571993088B, and remaining 28530854180B is 0.7000000000042059
2023-07-25 18:54:25,100 [main] DEBUG balancer.ContainerBalancerTask (ContainerBalancerTask.java:initializeIteration(398)) - Utilization for node 9fb6dc5a-6193-4557-af8a-16e57d6ed63d with capacity 84109776213B, used 50465865728B, and remaining 33643910485B is 0.6000000000023779
2023-07-25 18:54:25,100 [main] DEBUG balancer.ContainerBalancerTask (ContainerBalancerTask.java:initializeIteration(398)) - Utilization for node c77d54ec-9a3d-45e9-89e7-be053ea0dc4e with capacity 85899345920B, used 42949672960B, and remaining 42949672960B is 0.5
2023-07-25 18:54:25,100 [main] DEBUG balancer.ContainerBalancerTask (ContainerBalancerTask.java:initializeIteration(398)) - Utilization for node bf3cc490-0ea6-49e7-8011-69064b9bbb43 with capacity 72477573120B, used 28991029248B, and remaining 43486543872B is 0.4
2023-07-25 18:54:25,100 [main] DEBUG balancer.ContainerBalancerTask (ContainerBalancerTask.java:initializeIteration(398)) - Utilization for node da499461-0b96-4ce0-a0df-8dc404f7cdef with capacity 103795042986B, used 31138512896B, and remaining 72656530090B is 0.3000000000019269
2023-07-25 18:54:25,100 [main] DEBUG balancer.ContainerBalancerTask (ContainerBalancerTask.java:initializeIteration(398)) - Utilization for node e1e90d0b-9e32-4073-9eca-8f61551a3b40 with capacity 182536110080B, used 36507222016B, and remaining 146028888064B is 0.2
2023-07-25 18:54:25,100 [main] DEBUG balancer.ContainerBalancerTask (ContainerBalancerTask.java:initializeIteration(398)) - Utilization for node a37b1d83-6bde-4fb2-9d13-5dcb74fb5273 with capacity 332859965440B, used 33285996544B, and remaining 299573968896B is 0.1
2023-07-25 18:54:25,101 [main] DEBUG balancer.ContainerBalancerTask (ContainerBalancerTask.java:initializeIteration(398)) - Utilization for node 9d021867-f778-4fcb-8055-1108b45b55c5 with capacity 41875931136B, used 0B, and remaining 41875931136B is 0.0
2023-07-25 18:54:25,101 [main] INFO  balancer.ContainerBalancerTask (ContainerBalancerTask.java:initializeIteration(447)) - Container Balancer has identified 5 Over-Utilized and 3 Under-Utilized Datanodes that need to be balanced.
2023-07-25 18:54:25,102 [main] DEBUG balancer.ContainerBalancerTask (ContainerBalancerTask.java:lambda$initializeIteration$1(453)) - Datanode localhost-175.51.133.44 f1abe7d9-62c3-4e5b-840a-1d45ea6f9859 is Over-Utilized.
2023-07-25 18:54:25,102 [main] DEBUG balancer.ContainerBalancerTask (ContainerBalancerTask.java:lambda$initializeIteration$1(453)) - Datanode localhost-159.243.46.178 ac615d67-3852-4786-9b3c-0d6baaa64ab7 is Over-Utilized.
2023-07-25 18:54:25,103 [main] DEBUG balancer.ContainerBalancerTask (ContainerBalancerTask.java:lambda$initializeIteration$1(453)) - Datanode localhost-29.235.157.68 b5a90227-7897-4111-ac41-b7f1a7b6520b is Over-Utilized.
2023-07-25 18:54:25,103 [main] DEBUG balancer.ContainerBalancerTask (ContainerBalancerTask.java:lambda$initializeIteration$1(453)) - Datanode localhost-164.239.7.148 9fb6dc5a-6193-4557-af8a-16e57d6ed63d is Over-Utilized.
2023-07-25 18:54:25,103 [main] DEBUG balancer.ContainerBalancerTask (ContainerBalancerTask.java:lambda$initializeIteration$1(453)) - Datanode localhost-161.91.143.129 c77d54ec-9a3d-45e9-89e7-be053ea0dc4e is Over-Utilized.
2023-07-25 18:54:25,103 [main] DEBUG balancer.ContainerBalancerTask (ContainerBalancerTask.java:lambda$initializeIteration$2(459)) - Datanode localhost-171.198.4.171 9d021867-f778-4fcb-8055-1108b45b55c5 is Under-Utilized.
2023-07-25 18:54:25,103 [main] DEBUG balancer.ContainerBalancerTask (ContainerBalancerTask.java:lambda$initializeIteration$2(459)) - Datanode localhost-54.0.4.135 a37b1d83-6bde-4fb2-9d13-5dcb74fb5273 is Under-Utilized.
2023-07-25 18:54:25,103 [main] DEBUG balancer.ContainerBalancerTask (ContainerBalancerTask.java:lambda$initializeIteration$2(459)) - Datanode localhost-139.60.150.223 e1e90d0b-9e32-4073-9eca-8f61551a3b40 is Under-Utilized.
2023-07-25 18:54:25,110 [main] DEBUG balancer.ContainerBalancerTask (ContainerBalancerTask.java:matchSourceWithTarget(708)) - ContainerBalancer is finding suitable target for source datanode f1abe7d9-62c3-4e5b-840a-1d45ea6f9859
2023-07-25 18:54:25,111 [main] INFO  balancer.ContainerBalancerTask (ContainerBalancerTask.java:matchSourceWithTarget(722)) - ContainerBalancer matched source datanode f1abe7d9-62c3-4e5b-840a-1d45ea6f9859 with target datanode 9d021867-f778-4fcb-8055-1108b45b55c5 for container move.
2023-07-25 18:54:25,111 [main] INFO  balancer.ContainerBalancerTask (ContainerBalancerTask.java:processMoveSelection(569)) - ContainerBalancer is trying to move container #85 with size 5368709120B from source datanode f1abe7d9-62c3-4e5b-840a-1d45ea6f9859 to target datanode 9d021867-f778-4fcb-8055-1108b45b55c5
2023-07-25 18:54:25,111 [main] DEBUG balancer.ContainerBalancerTask (ContainerBalancerTask.java:lambda$moveContainer$3(837)) - Container move completed for container #85 from source f1abe7d9-62c3-4e5b-840a-1d45ea6f9859 to target 9d021867-f778-4fcb-8055-1108b45b55c5
2023-07-25 18:54:25,116 [main] DEBUG balancer.ContainerBalancerTask (ContainerBalancerTask.java:matchSourceWithTarget(708)) - ContainerBalancer is finding suitable target for source datanode f1abe7d9-62c3-4e5b-840a-1d45ea6f9859
2023-07-25 18:54:25,116 [main] INFO  balancer.ContainerBalancerTask (ContainerBalancerTask.java:matchSourceWithTarget(722)) - ContainerBalancer matched source datanode f1abe7d9-62c3-4e5b-840a-1d45ea6f9859 with target datanode a37b1d83-6bde-4fb2-9d13-5dcb74fb5273 for container move.
2023-07-25 18:54:25,116 [main] INFO  balancer.ContainerBalancerTask (ContainerBalancerTask.java:processMoveSelection(569)) - ContainerBalancer is trying to move container #68 with size 5368709120B from source datanode f1abe7d9-62c3-4e5b-840a-1d45ea6f9859 to target datanode a37b1d83-6bde-4fb2-9d13-5dcb74fb5273
2023-07-25 18:54:25,117 [main] DEBUG balancer.ContainerBalancerTask (ContainerBalancerTask.java:lambda$moveContainer$3(837)) - Container move completed for container #68 from source f1abe7d9-62c3-4e5b-840a-1d45ea6f9859 to target a37b1d83-6bde-4fb2-9d13-5dcb74fb5273
2023-07-25 18:54:25,123 [main] DEBUG balancer.ContainerBalancerTask (ContainerBalancerTask.java:matchSourceWithTarget(708)) - ContainerBalancer is finding suitable target for source datanode ac615d67-3852-4786-9b3c-0d6baaa64ab7
2023-07-25 18:54:25,123 [main] INFO  balancer.ContainerBalancerTask (ContainerBalancerTask.java:matchSourceWithTarget(722)) - ContainerBalancer matched source datanode ac615d67-3852-4786-9b3c-0d6baaa64ab7 with target datanode a37b1d83-6bde-4fb2-9d13-5dcb74fb5273 for container move.
2023-07-25 18:54:25,124 [main] INFO  balancer.ContainerBalancerTask (ContainerBalancerTask.java:processMoveSelection(569)) - ContainerBalancer is trying to move container #67 with size 4294967296B from source datanode ac615d67-3852-4786-9b3c-0d6baaa64ab7 to target datanode a37b1d83-6bde-4fb2-9d13-5dcb74fb5273
2023-07-25 18:54:25,124 [main] DEBUG balancer.ContainerBalancerTask (ContainerBalancerTask.java:lambda$moveContainer$3(837)) - Container move completed for container #67 from source ac615d67-3852-4786-9b3c-0d6baaa64ab7 to target a37b1d83-6bde-4fb2-9d13-5dcb74fb5273
2023-07-25 18:54:25,128 [main] DEBUG balancer.ContainerBalancerTask (ContainerBalancerTask.java:matchSourceWithTarget(708)) - ContainerBalancer is finding suitable target for source datanode ac615d67-3852-4786-9b3c-0d6baaa64ab7
2023-07-25 18:54:25,128 [main] INFO  balancer.ContainerBalancerTask (ContainerBalancerTask.java:matchSourceWithTarget(722)) - ContainerBalancer matched source datanode ac615d67-3852-4786-9b3c-0d6baaa64ab7 with target datanode 9d021867-f778-4fcb-8055-1108b45b55c5 for container move.
2023-07-25 18:54:25,129 [main] INFO  balancer.ContainerBalancerTask (ContainerBalancerTask.java:processMoveSelection(569)) - ContainerBalancer is trying to move container #19 with size 4294967296B from source datanode ac615d67-3852-4786-9b3c-0d6baaa64ab7 to target datanode 9d021867-f778-4fcb-8055-1108b45b55c5
2023-07-25 18:54:25,129 [main] DEBUG balancer.ContainerBalancerTask (ContainerBalancerTask.java:lambda$moveContainer$3(837)) - Container move completed for container #19 from source ac615d67-3852-4786-9b3c-0d6baaa64ab7 to target 9d021867-f778-4fcb-8055-1108b45b55c5
2023-07-25 18:54:25,133 [main] DEBUG balancer.ContainerBalancerTask (ContainerBalancerTask.java:matchSourceWithTarget(708)) - ContainerBalancer is finding suitable target for source datanode f1abe7d9-62c3-4e5b-840a-1d45ea6f9859
2023-07-25 18:54:25,134 [main] INFO  balancer.ContainerBalancerTask (ContainerBalancerTask.java:matchSourceWithTarget(722)) - ContainerBalancer matched source datanode f1abe7d9-62c3-4e5b-840a-1d45ea6f9859 with target datanode a37b1d83-6bde-4fb2-9d13-5dcb74fb5273 for container move.
2023-07-25 18:54:25,135 [main] INFO  balancer.ContainerBalancerTask (ContainerBalancerTask.java:processMoveSelection(569)) - ContainerBalancer is trying to move container #89 with size 4294967296B from source datanode f1abe7d9-62c3-4e5b-840a-1d45ea6f9859 to target datanode a37b1d83-6bde-4fb2-9d13-5dcb74fb5273
2023-07-25 18:54:25,135 [main] DEBUG balancer.ContainerBalancerTask (ContainerBalancerTask.java:lambda$moveContainer$3(837)) - Container move completed for container #89 from source f1abe7d9-62c3-4e5b-840a-1d45ea6f9859 to target a37b1d83-6bde-4fb2-9d13-5dcb74fb5273
2023-07-25 18:54:25,141 [main] DEBUG balancer.ContainerBalancerTask (ContainerBalancerTask.java:matchSourceWithTarget(708)) - ContainerBalancer is finding suitable target for source datanode b5a90227-7897-4111-ac41-b7f1a7b6520b
2023-07-25 18:54:25,141 [main] INFO  balancer.ContainerBalancerTask (ContainerBalancerTask.java:matchSourceWithTarget(722)) - ContainerBalancer matched source datanode b5a90227-7897-4111-ac41-b7f1a7b6520b with target datanode a37b1d83-6bde-4fb2-9d13-5dcb74fb5273 for container move.
2023-07-25 18:54:25,143 [main] INFO  balancer.ContainerBalancerTask (ContainerBalancerTask.java:processMoveSelection(569)) - ContainerBalancer is trying to move container #29 with size 5368709120B from source datanode b5a90227-7897-4111-ac41-b7f1a7b6520b to target datanode a37b1d83-6bde-4fb2-9d13-5dcb74fb5273
2023-07-25 18:54:25,143 [main] DEBUG balancer.ContainerBalancerTask (ContainerBalancerTask.java:lambda$moveContainer$3(837)) - Container move completed for container #29 from source b5a90227-7897-4111-ac41-b7f1a7b6520b to target a37b1d83-6bde-4fb2-9d13-5dcb74fb5273
2023-07-25 18:54:25,147 [main] DEBUG balancer.ContainerBalancerTask (ContainerBalancerTask.java:matchSourceWithTarget(708)) - ContainerBalancer is finding suitable target for source datanode ac615d67-3852-4786-9b3c-0d6baaa64ab7
2023-07-25 18:54:25,147 [main] INFO  balancer.ContainerBalancerTask (ContainerBalancerTask.java:matchSourceWithTarget(722)) - ContainerBalancer matched source datanode ac615d67-3852-4786-9b3c-0d6baaa64ab7 with target datanode a37b1d83-6bde-4fb2-9d13-5dcb74fb5273 for container move.
2023-07-25 18:54:25,148 [main] INFO  balancer.ContainerBalancerTask (ContainerBalancerTask.java:processMoveSelection(569)) - ContainerBalancer is trying to move container #83 with size 3221225472B from source datanode ac615d67-3852-4786-9b3c-0d6baaa64ab7 to target datanode a37b1d83-6bde-4fb2-9d13-5dcb74fb5273
2023-07-25 18:54:25,148 [main] DEBUG balancer.ContainerBalancerTask (ContainerBalancerTask.java:lambda$moveContainer$3(837)) - Container move completed for container #83 from source ac615d67-3852-4786-9b3c-0d6baaa64ab7 to target a37b1d83-6bde-4fb2-9d13-5dcb74fb5273
2023-07-25 18:54:25,156 [main] DEBUG balancer.ContainerBalancerTask (ContainerBalancerTask.java:matchSourceWithTarget(708)) - ContainerBalancer is finding suitable target for source datanode b5a90227-7897-4111-ac41-b7f1a7b6520b
2023-07-25 18:54:25,157 [main] INFO  balancer.ContainerBalancerTask (ContainerBalancerTask.java:matchSourceWithTarget(722)) - ContainerBalancer matched source datanode b5a90227-7897-4111-ac41-b7f1a7b6520b with target datanode a37b1d83-6bde-4fb2-9d13-5dcb74fb5273 for container move.
2023-07-25 18:54:25,157 [main] INFO  balancer.ContainerBalancerTask (ContainerBalancerTask.java:processMoveSelection(569)) - ContainerBalancer is trying to move container #84 with size 4294967296B from source datanode b5a90227-7897-4111-ac41-b7f1a7b6520b to target datanode a37b1d83-6bde-4fb2-9d13-5dcb74fb5273
2023-07-25 18:54:25,157 [main] DEBUG balancer.ContainerBalancerTask (ContainerBalancerTask.java:lambda$moveContainer$3(837)) - Container move completed for container #84 from source b5a90227-7897-4111-ac41-b7f1a7b6520b to target a37b1d83-6bde-4fb2-9d13-5dcb74fb5273
2023-07-25 18:54:25,164 [main] DEBUG balancer.ContainerBalancerTask (ContainerBalancerTask.java:matchSourceWithTarget(708)) - ContainerBalancer is finding suitable target for source datanode f1abe7d9-62c3-4e5b-840a-1d45ea6f9859
2023-07-25 18:54:25,165 [main] INFO  balancer.ContainerBalancerTask (ContainerBalancerTask.java:matchSourceWithTarget(722)) - ContainerBalancer matched source datanode f1abe7d9-62c3-4e5b-840a-1d45ea6f9859 with target datanode a37b1d83-6bde-4fb2-9d13-5dcb74fb5273 for container move.
2023-07-25 18:54:25,166 [main] INFO  balancer.ContainerBalancerTask (ContainerBalancerTask.java:processMoveSelection(569)) - ContainerBalancer is trying to move container #88 with size 3221225472B from source datanode f1abe7d9-62c3-4e5b-840a-1d45ea6f9859 to target datanode a37b1d83-6bde-4fb2-9d13-5dcb74fb5273
2023-07-25 18:54:25,166 [main] DEBUG balancer.ContainerBalancerTask (ContainerBalancerTask.java:lambda$moveContainer$3(837)) - Container move completed for container #88 from source f1abe7d9-62c3-4e5b-840a-1d45ea6f9859 to target a37b1d83-6bde-4fb2-9d13-5dcb74fb5273
2023-07-25 18:54:25,170 [main] DEBUG balancer.ContainerBalancerTask (ContainerBalancerTask.java:matchSourceWithTarget(708)) - ContainerBalancer is finding suitable target for source datanode 9fb6dc5a-6193-4557-af8a-16e57d6ed63d
2023-07-25 18:54:25,171 [main] INFO  balancer.ContainerBalancerTask (ContainerBalancerTask.java:matchSourceWithTarget(722)) - ContainerBalancer matched source datanode 9fb6dc5a-6193-4557-af8a-16e57d6ed63d with target datanode a37b1d83-6bde-4fb2-9d13-5dcb74fb5273 for container move.
2023-07-25 18:54:25,171 [main] INFO  balancer.ContainerBalancerTask (ContainerBalancerTask.java:processMoveSelection(569)) - ContainerBalancer is trying to move container #39 with size 4294967296B from source datanode 9fb6dc5a-6193-4557-af8a-16e57d6ed63d to target datanode a37b1d83-6bde-4fb2-9d13-5dcb74fb5273
2023-07-25 18:54:25,171 [main] DEBUG balancer.ContainerBalancerTask (ContainerBalancerTask.java:lambda$moveContainer$3(837)) - Container move completed for container #39 from source 9fb6dc5a-6193-4557-af8a-16e57d6ed63d to target a37b1d83-6bde-4fb2-9d13-5dcb74fb5273
2023-07-25 18:54:25,180 [main] DEBUG balancer.ContainerBalancerTask (ContainerBalancerTask.java:matchSourceWithTarget(708)) - ContainerBalancer is finding suitable target for source datanode b5a90227-7897-4111-ac41-b7f1a7b6520b
2023-07-25 18:54:25,180 [main] INFO  balancer.ContainerBalancerTask (ContainerBalancerTask.java:matchSourceWithTarget(722)) - ContainerBalancer matched source datanode b5a90227-7897-4111-ac41-b7f1a7b6520b with target datanode e1e90d0b-9e32-4073-9eca-8f61551a3b40 for container move.
2023-07-25 18:54:25,181 [main] INFO  balancer.ContainerBalancerTask (ContainerBalancerTask.java:processMoveSelection(569)) - ContainerBalancer is trying to move container #53 with size 5368709120B from source datanode b5a90227-7897-4111-ac41-b7f1a7b6520b to target datanode e1e90d0b-9e32-4073-9eca-8f61551a3b40
2023-07-25 18:54:25,181 [main] DEBUG balancer.ContainerBalancerTask (ContainerBalancerTask.java:lambda$moveContainer$3(837)) - Container move completed for container #53 from source b5a90227-7897-4111-ac41-b7f1a7b6520b to target e1e90d0b-9e32-4073-9eca-8f61551a3b40
2023-07-25 18:54:25,185 [main] DEBUG balancer.ContainerBalancerTask (ContainerBalancerTask.java:matchSourceWithTarget(708)) - ContainerBalancer is finding suitable target for source datanode ac615d67-3852-4786-9b3c-0d6baaa64ab7
2023-07-25 18:54:25,185 [main] INFO  balancer.ContainerBalancerTask (ContainerBalancerTask.java:matchSourceWithTarget(722)) - ContainerBalancer matched source datanode ac615d67-3852-4786-9b3c-0d6baaa64ab7 with target datanode a37b1d83-6bde-4fb2-9d13-5dcb74fb5273 for container move.
2023-07-25 18:54:25,185 [main] INFO  balancer.ContainerBalancerTask (ContainerBalancerTask.java:processMoveSelection(569)) - ContainerBalancer is trying to move container #71 with size 3221225472B from source datanode ac615d67-3852-4786-9b3c-0d6baaa64ab7 to target datanode a37b1d83-6bde-4fb2-9d13-5dcb74fb5273
2023-07-25 18:54:25,186 [main] DEBUG balancer.ContainerBalancerTask (ContainerBalancerTask.java:lambda$moveContainer$3(837)) - Container move completed for container #71 from source ac615d67-3852-4786-9b3c-0d6baaa64ab7 to target a37b1d83-6bde-4fb2-9d13-5dcb74fb5273
2023-07-25 18:54:25,190 [main] DEBUG balancer.ContainerBalancerTask (ContainerBalancerTask.java:matchSourceWithTarget(708)) - ContainerBalancer is finding suitable target for source datanode f1abe7d9-62c3-4e5b-840a-1d45ea6f9859
2023-07-25 18:54:25,190 [main] INFO  balancer.ContainerBalancerTask (ContainerBalancerTask.java:matchSourceWithTarget(722)) - ContainerBalancer matched source datanode f1abe7d9-62c3-4e5b-840a-1d45ea6f9859 with target datanode a37b1d83-6bde-4fb2-9d13-5dcb74fb5273 for container move.
2023-07-25 18:54:25,190 [main] INFO  balancer.ContainerBalancerTask (ContainerBalancerTask.java:processMoveSelection(569)) - ContainerBalancer is trying to move container #86 with size 1073741824B from source datanode f1abe7d9-62c3-4e5b-840a-1d45ea6f9859 to target datanode a37b1d83-6bde-4fb2-9d13-5dcb74fb5273
2023-07-25 18:54:25,190 [main] DEBUG balancer.ContainerBalancerTask (ContainerBalancerTask.java:lambda$moveContainer$3(837)) - Container move completed for container #86 from source f1abe7d9-62c3-4e5b-840a-1d45ea6f9859 to target a37b1d83-6bde-4fb2-9d13-5dcb74fb5273
2023-07-25 18:54:25,191 [main] WARN  balancer.ContainerBalancerTask (ContainerBalancerTask.java:reachedMaxSizeToMovePerIteration(733)) - Reached max size to move limit. 53687091200 bytes have already been scheduled for balancing and the limit is 53687091200 bytes.
2023-07-25 18:54:25,191 [main] INFO  balancer.ContainerBalancerTask (ContainerBalancerTask.java:checkIterationMoveResults(642)) - Iteration Summary. Number of Datanodes involved: 7. Size moved: 50 GB (53687091200 Bytes). Number of Container moves completed: 13.
2023-07-25 18:54:25,191 [main] INFO  balancer.ContainerBalancerTask (ContainerBalancerTask.java:balance(259)) - Result of this iteration of Container Balancer: ITERATION_COMPLETED
2023-07-25 18:54:25,191 [main] INFO  balancer.ContainerBalancerTask (ContainerBalancerTask.java:tryStopWithSaveConfiguration(308)) - Save Configuration for stopping. Reason: Completed all iterations.
]]></system-out>
  </testcase>
  <testcase name="testContainerBalancerConfiguration" classname="org.apache.hadoop.hdds.scm.container.balancer.TestContainerBalancerTask" time="0.06">
    <system-out><![CDATA[2023-07-25 18:54:25,227 [main] INFO  net.NodeSchemaLoader (NodeSchemaLoader.java:loadSchemaFromFile(129)) - Loading schema from [file:/home/runner/work/ozone/ozone/hadoop-hdds/common/target/classes/network-topology-default.xml]
2023-07-25 18:54:25,228 [main] INFO  net.NodeSchemaLoader (NodeSchemaLoader.java:loadSchema(176)) - Loading network topology layer schema file
2023-07-25 18:54:25,230 [main] INFO  net.NetworkTopologyImpl (NetworkTopologyImpl.java:add(112)) - Added a new node: /default-rack/1b3e2e3b-39cc-4d88-ae38-2b87a29e3030
2023-07-25 18:54:25,230 [main] INFO  net.NetworkTopologyImpl (NetworkTopologyImpl.java:add(112)) - Added a new node: /default-rack/81ac7a68-59b0-4bef-b880-20c5596b3c94
2023-07-25 18:54:25,230 [main] INFO  net.NetworkTopologyImpl (NetworkTopologyImpl.java:add(112)) - Added a new node: /default-rack/c1a7b802-44c7-4c6f-b034-9e009b4eed55
2023-07-25 18:54:25,230 [main] INFO  net.NetworkTopologyImpl (NetworkTopologyImpl.java:add(112)) - Added a new node: /default-rack/6a0cf660-c061-43f5-86b7-875cab49eda8
2023-07-25 18:54:25,231 [main] INFO  net.NetworkTopologyImpl (NetworkTopologyImpl.java:add(112)) - Added a new node: /default-rack/6bf9f018-8a70-4497-9859-b180a5dd7f6a
2023-07-25 18:54:25,231 [main] INFO  net.NetworkTopologyImpl (NetworkTopologyImpl.java:add(112)) - Added a new node: /default-rack/e08f653e-bdd2-4b72-b771-f2768c56295d
2023-07-25 18:54:25,231 [main] INFO  net.NetworkTopologyImpl (NetworkTopologyImpl.java:add(112)) - Added a new node: /default-rack/93e4a98c-19b8-479a-ad91-fb9e6294cd2f
2023-07-25 18:54:25,231 [main] INFO  net.NetworkTopologyImpl (NetworkTopologyImpl.java:add(112)) - Added a new node: /default-rack/dac005c3-3cc2-44d1-b026-9365586a3297
2023-07-25 18:54:25,231 [main] INFO  net.NetworkTopologyImpl (NetworkTopologyImpl.java:add(112)) - Added a new node: /default-rack/e02fdd2e-74b8-4ded-b607-e1e5c2f1fb28
2023-07-25 18:54:25,231 [main] INFO  net.NetworkTopologyImpl (NetworkTopologyImpl.java:add(112)) - Added a new node: /default-rack/a161255e-ccd0-40b9-8f20-c7995ee64086
2023-07-25 18:54:25,232 [main] INFO  algorithms.ContainerPlacementPolicyFactory (ContainerPlacementPolicyFactory.java:getPolicyInternal(86)) - Create container placement policy of type org.apache.hadoop.hdds.scm.container.placement.algorithms.SCMContainerPlacementRackAware
2023-07-25 18:54:25,232 [main] INFO  algorithms.ContainerPlacementPolicyFactory (ContainerPlacementPolicyFactory.java:getPolicyInternal(86)) - Create container placement policy of type org.apache.hadoop.hdds.scm.container.placement.algorithms.SCMContainerPlacementRackScatter
]]></system-out>
  </testcase>
  <testcase name="checkIterationResultTimeoutFromReplicationManager" classname="org.apache.hadoop.hdds.scm.container.balancer.TestContainerBalancerTask" time="0.093">
    <system-out><![CDATA[2023-07-25 18:54:25,289 [main] INFO  net.NodeSchemaLoader (NodeSchemaLoader.java:loadSchemaFromFile(129)) - Loading schema from [file:/home/runner/work/ozone/ozone/hadoop-hdds/common/target/classes/network-topology-default.xml]
2023-07-25 18:54:25,290 [main] INFO  net.NodeSchemaLoader (NodeSchemaLoader.java:loadSchema(176)) - Loading network topology layer schema file
2023-07-25 18:54:25,292 [main] INFO  net.NetworkTopologyImpl (NetworkTopologyImpl.java:add(112)) - Added a new node: /default-rack/09a55b21-60fd-4680-ac56-8f3975746dd2
2023-07-25 18:54:25,292 [main] INFO  net.NetworkTopologyImpl (NetworkTopologyImpl.java:add(112)) - Added a new node: /default-rack/d8dd87b7-940f-4556-9dec-c7091ede952d
2023-07-25 18:54:25,293 [main] INFO  net.NetworkTopologyImpl (NetworkTopologyImpl.java:add(112)) - Added a new node: /default-rack/979b648c-cfa3-4118-a581-f0a1747d9094
2023-07-25 18:54:25,293 [main] INFO  net.NetworkTopologyImpl (NetworkTopologyImpl.java:add(112)) - Added a new node: /default-rack/ef87c627-91c0-4ac6-868c-ab5a62f7a121
2023-07-25 18:54:25,293 [main] INFO  net.NetworkTopologyImpl (NetworkTopologyImpl.java:add(112)) - Added a new node: /default-rack/138df736-3f99-463d-b265-5ab3324c3f52
2023-07-25 18:54:25,293 [main] INFO  net.NetworkTopologyImpl (NetworkTopologyImpl.java:add(112)) - Added a new node: /default-rack/b153fa09-328f-4ff7-a202-b63b24b8406a
2023-07-25 18:54:25,293 [main] INFO  net.NetworkTopologyImpl (NetworkTopologyImpl.java:add(112)) - Added a new node: /default-rack/b490f580-c798-4ba5-ab97-271dd866762b
2023-07-25 18:54:25,293 [main] INFO  net.NetworkTopologyImpl (NetworkTopologyImpl.java:add(112)) - Added a new node: /default-rack/b693cb07-c621-4538-bdbf-47daf0b523e7
2023-07-25 18:54:25,294 [main] INFO  net.NetworkTopologyImpl (NetworkTopologyImpl.java:add(112)) - Added a new node: /default-rack/95be7857-06bb-47e6-aea1-258e89d04dd7
2023-07-25 18:54:25,294 [main] INFO  net.NetworkTopologyImpl (NetworkTopologyImpl.java:add(112)) - Added a new node: /default-rack/0b72c716-e5e8-4b79-817f-0bf82b698205
2023-07-25 18:54:25,294 [main] INFO  algorithms.ContainerPlacementPolicyFactory (ContainerPlacementPolicyFactory.java:getPolicyInternal(86)) - Create container placement policy of type org.apache.hadoop.hdds.scm.container.placement.algorithms.SCMContainerPlacementRackAware
2023-07-25 18:54:25,294 [main] INFO  algorithms.ContainerPlacementPolicyFactory (ContainerPlacementPolicyFactory.java:getPolicyInternal(86)) - Create container placement policy of type org.apache.hadoop.hdds.scm.container.placement.algorithms.SCMContainerPlacementRackScatter
2023-07-25 18:54:25,300 [main] DEBUG balancer.ContainerBalancerTask (ContainerBalancerTask.java:initializeIteration(374)) - Average utilization of the cluster is 0.3478693792577798
2023-07-25 18:54:25,300 [main] DEBUG balancer.ContainerBalancerTask (ContainerBalancerTask.java:initializeIteration(386)) - Lower limit for utilization is 0.24786937925777977 and Upper limit for utilization is 0.4478693792577798
2023-07-25 18:54:25,301 [main] DEBUG balancer.ContainerBalancerTask (ContainerBalancerTask.java:initializeIteration(398)) - Utilization for node b693cb07-c621-4538-bdbf-47daf0b523e7 with capacity 46528812373B, used 41875931136B, and remaining 4652881237B is 0.9000000000064476
2023-07-25 18:54:25,301 [main] DEBUG balancer.ContainerBalancerTask (ContainerBalancerTask.java:initializeIteration(398)) - Utilization for node ef87c627-91c0-4ac6-868c-ab5a62f7a121 with capacity 59055800320B, used 47244640256B, and remaining 11811160064B is 0.8
2023-07-25 18:54:25,301 [main] DEBUG balancer.ContainerBalancerTask (ContainerBalancerTask.java:initializeIteration(398)) - Utilization for node b490f580-c798-4ba5-ab97-271dd866762b with capacity 79763678354B, used 55834574848B, and remaining 23929103506B is 0.7000000000025074
2023-07-25 18:54:25,301 [main] DEBUG balancer.ContainerBalancerTask (ContainerBalancerTask.java:initializeIteration(398)) - Utilization for node 0b72c716-e5e8-4b79-817f-0bf82b698205 with capacity 82320206506B, used 49392123904B, and remaining 32928082602B is 0.6000000000048591
2023-07-25 18:54:25,301 [main] DEBUG balancer.ContainerBalancerTask (ContainerBalancerTask.java:initializeIteration(398)) - Utilization for node b153fa09-328f-4ff7-a202-b63b24b8406a with capacity 107374182400B, used 53687091200B, and remaining 53687091200B is 0.5
2023-07-25 18:54:25,301 [main] DEBUG balancer.ContainerBalancerTask (ContainerBalancerTask.java:initializeIteration(398)) - Utilization for node 979b648c-cfa3-4118-a581-f0a1747d9094 with capacity 88583700480B, used 35433480192B, and remaining 53150220288B is 0.4
2023-07-25 18:54:25,302 [main] DEBUG balancer.ContainerBalancerTask (ContainerBalancerTask.java:initializeIteration(398)) - Utilization for node 138df736-3f99-463d-b265-5ab3324c3f52 with capacity 121690740053B, used 36507222016B, and remaining 85183518037B is 0.3000000000008218
2023-07-25 18:54:25,302 [main] DEBUG balancer.ContainerBalancerTask (ContainerBalancerTask.java:initializeIteration(398)) - Utilization for node 95be7857-06bb-47e6-aea1-258e89d04dd7 with capacity 241591910400B, used 48318382080B, and remaining 193273528320B is 0.2
2023-07-25 18:54:25,302 [main] DEBUG balancer.ContainerBalancerTask (ContainerBalancerTask.java:initializeIteration(398)) - Utilization for node 09a55b21-60fd-4680-ac56-8f3975746dd2 with capacity 246960619520B, used 24696061952B, and remaining 222264557568B is 0.1
2023-07-25 18:54:25,302 [main] DEBUG balancer.ContainerBalancerTask (ContainerBalancerTask.java:initializeIteration(398)) - Utilization for node d8dd87b7-940f-4556-9dec-c7091ede952d with capacity 55834574848B, used 0B, and remaining 55834574848B is 0.0
2023-07-25 18:54:25,302 [main] INFO  balancer.ContainerBalancerTask (ContainerBalancerTask.java:initializeIteration(447)) - Container Balancer has identified 5 Over-Utilized and 3 Under-Utilized Datanodes that need to be balanced.
2023-07-25 18:54:25,302 [main] DEBUG balancer.ContainerBalancerTask (ContainerBalancerTask.java:lambda$initializeIteration$1(453)) - Datanode localhost-198.108.106.203 b693cb07-c621-4538-bdbf-47daf0b523e7 is Over-Utilized.
2023-07-25 18:54:25,302 [main] DEBUG balancer.ContainerBalancerTask (ContainerBalancerTask.java:lambda$initializeIteration$1(453)) - Datanode localhost-97.122.33.223 ef87c627-91c0-4ac6-868c-ab5a62f7a121 is Over-Utilized.
2023-07-25 18:54:25,303 [main] DEBUG balancer.ContainerBalancerTask (ContainerBalancerTask.java:lambda$initializeIteration$1(453)) - Datanode localhost-72.159.208.113 b490f580-c798-4ba5-ab97-271dd866762b is Over-Utilized.
2023-07-25 18:54:25,303 [main] DEBUG balancer.ContainerBalancerTask (ContainerBalancerTask.java:lambda$initializeIteration$1(453)) - Datanode localhost-6.242.157.162 0b72c716-e5e8-4b79-817f-0bf82b698205 is Over-Utilized.
2023-07-25 18:54:25,303 [main] DEBUG balancer.ContainerBalancerTask (ContainerBalancerTask.java:lambda$initializeIteration$1(453)) - Datanode localhost-74.60.120.125 b153fa09-328f-4ff7-a202-b63b24b8406a is Over-Utilized.
2023-07-25 18:54:25,303 [main] DEBUG balancer.ContainerBalancerTask (ContainerBalancerTask.java:lambda$initializeIteration$2(459)) - Datanode localhost-75.180.77.18 d8dd87b7-940f-4556-9dec-c7091ede952d is Under-Utilized.
2023-07-25 18:54:25,303 [main] DEBUG balancer.ContainerBalancerTask (ContainerBalancerTask.java:lambda$initializeIteration$2(459)) - Datanode localhost-92.11.61.208 09a55b21-60fd-4680-ac56-8f3975746dd2 is Under-Utilized.
2023-07-25 18:54:25,303 [main] DEBUG balancer.ContainerBalancerTask (ContainerBalancerTask.java:lambda$initializeIteration$2(459)) - Datanode localhost-199.11.68.38 95be7857-06bb-47e6-aea1-258e89d04dd7 is Under-Utilized.
2023-07-25 18:54:25,307 [main] DEBUG balancer.ContainerBalancerTask (ContainerBalancerTask.java:matchSourceWithTarget(708)) - ContainerBalancer is finding suitable target for source datanode b693cb07-c621-4538-bdbf-47daf0b523e7
2023-07-25 18:54:25,307 [main] INFO  balancer.ContainerBalancerTask (ContainerBalancerTask.java:matchSourceWithTarget(722)) - ContainerBalancer matched source datanode b693cb07-c621-4538-bdbf-47daf0b523e7 with target datanode d8dd87b7-940f-4556-9dec-c7091ede952d for container move.
2023-07-25 18:54:25,307 [main] INFO  balancer.ContainerBalancerTask (ContainerBalancerTask.java:processMoveSelection(569)) - ContainerBalancer is trying to move container #84 with size 4294967296B from source datanode b693cb07-c621-4538-bdbf-47daf0b523e7 to target datanode d8dd87b7-940f-4556-9dec-c7091ede952d
2023-07-25 18:54:25,307 [main] WARN  balancer.ContainerBalancerTask (ContainerBalancerTask.java:lambda$moveContainer$3(842)) - Container move for container #84 from source b693cb07-c621-4538-bdbf-47daf0b523e7 to target d8dd87b7-940f-4556-9dec-c7091ede952d failed: REPLICATION_FAIL_TIME_OUT
2023-07-25 18:54:25,311 [main] DEBUG balancer.ContainerBalancerTask (ContainerBalancerTask.java:matchSourceWithTarget(708)) - ContainerBalancer is finding suitable target for source datanode ef87c627-91c0-4ac6-868c-ab5a62f7a121
2023-07-25 18:54:25,311 [main] INFO  balancer.ContainerBalancerTask (ContainerBalancerTask.java:matchSourceWithTarget(722)) - ContainerBalancer matched source datanode ef87c627-91c0-4ac6-868c-ab5a62f7a121 with target datanode d8dd87b7-940f-4556-9dec-c7091ede952d for container move.
2023-07-25 18:54:25,312 [main] INFO  balancer.ContainerBalancerTask (ContainerBalancerTask.java:processMoveSelection(569)) - ContainerBalancer is trying to move container #68 with size 5368709120B from source datanode ef87c627-91c0-4ac6-868c-ab5a62f7a121 to target datanode d8dd87b7-940f-4556-9dec-c7091ede952d
2023-07-25 18:54:25,312 [main] WARN  balancer.ContainerBalancerTask (ContainerBalancerTask.java:lambda$moveContainer$3(842)) - Container move for container #68 from source ef87c627-91c0-4ac6-868c-ab5a62f7a121 to target d8dd87b7-940f-4556-9dec-c7091ede952d failed: DELETION_FAIL_TIME_OUT
2023-07-25 18:54:25,315 [main] DEBUG balancer.ContainerBalancerTask (ContainerBalancerTask.java:matchSourceWithTarget(708)) - ContainerBalancer is finding suitable target for source datanode b490f580-c798-4ba5-ab97-271dd866762b
2023-07-25 18:54:25,315 [main] INFO  balancer.ContainerBalancerTask (ContainerBalancerTask.java:matchSourceWithTarget(722)) - ContainerBalancer matched source datanode b490f580-c798-4ba5-ab97-271dd866762b with target datanode d8dd87b7-940f-4556-9dec-c7091ede952d for container move.
2023-07-25 18:54:25,315 [main] INFO  balancer.ContainerBalancerTask (ContainerBalancerTask.java:processMoveSelection(569)) - ContainerBalancer is trying to move container #40 with size 5368709120B from source datanode b490f580-c798-4ba5-ab97-271dd866762b to target datanode d8dd87b7-940f-4556-9dec-c7091ede952d
2023-07-25 18:54:25,316 [main] WARN  balancer.ContainerBalancerTask (ContainerBalancerTask.java:lambda$moveContainer$3(842)) - Container move for container #40 from source b490f580-c798-4ba5-ab97-271dd866762b to target d8dd87b7-940f-4556-9dec-c7091ede952d failed: DELETION_FAIL_TIME_OUT
2023-07-25 18:54:25,319 [main] DEBUG balancer.ContainerBalancerTask (ContainerBalancerTask.java:matchSourceWithTarget(708)) - ContainerBalancer is finding suitable target for source datanode 0b72c716-e5e8-4b79-817f-0bf82b698205
2023-07-25 18:54:25,319 [main] INFO  balancer.ContainerBalancerTask (ContainerBalancerTask.java:matchSourceWithTarget(722)) - ContainerBalancer matched source datanode 0b72c716-e5e8-4b79-817f-0bf82b698205 with target datanode d8dd87b7-940f-4556-9dec-c7091ede952d for container move.
2023-07-25 18:54:25,319 [main] INFO  balancer.ContainerBalancerTask (ContainerBalancerTask.java:processMoveSelection(569)) - ContainerBalancer is trying to move container #40 with size 5368709120B from source datanode 0b72c716-e5e8-4b79-817f-0bf82b698205 to target datanode d8dd87b7-940f-4556-9dec-c7091ede952d
2023-07-25 18:54:25,319 [main] WARN  balancer.ContainerBalancerTask (ContainerBalancerTask.java:lambda$moveContainer$3(842)) - Container move for container #40 from source 0b72c716-e5e8-4b79-817f-0bf82b698205 to target d8dd87b7-940f-4556-9dec-c7091ede952d failed: DELETION_FAIL_TIME_OUT
2023-07-25 18:54:25,322 [main] DEBUG balancer.ContainerBalancerTask (ContainerBalancerTask.java:matchSourceWithTarget(708)) - ContainerBalancer is finding suitable target for source datanode b153fa09-328f-4ff7-a202-b63b24b8406a
2023-07-25 18:54:25,323 [main] INFO  balancer.ContainerBalancerTask (ContainerBalancerTask.java:matchSourceWithTarget(722)) - ContainerBalancer matched source datanode b153fa09-328f-4ff7-a202-b63b24b8406a with target datanode d8dd87b7-940f-4556-9dec-c7091ede952d for container move.
2023-07-25 18:54:25,323 [main] INFO  balancer.ContainerBalancerTask (ContainerBalancerTask.java:processMoveSelection(569)) - ContainerBalancer is trying to move container #84 with size 4294967296B from source datanode b153fa09-328f-4ff7-a202-b63b24b8406a to target datanode d8dd87b7-940f-4556-9dec-c7091ede952d
2023-07-25 18:54:25,323 [main] WARN  balancer.ContainerBalancerTask (ContainerBalancerTask.java:lambda$moveContainer$3(842)) - Container move for container #84 from source b153fa09-328f-4ff7-a202-b63b24b8406a to target d8dd87b7-940f-4556-9dec-c7091ede952d failed: DELETION_FAIL_TIME_OUT
2023-07-25 18:54:25,323 [main] INFO  balancer.FindSourceGreedy (FindSourceGreedy.java:getNextCandidateSourceDataNode(126)) - no more candidate source data node
2023-07-25 18:54:25,323 [main] INFO  balancer.ContainerBalancerTask (ContainerBalancerTask.java:checkIterationMoveResults(642)) - Iteration Summary. Number of Datanodes involved: 0. Size moved: 0 B (0 Bytes). Number of Container moves completed: 0.
2023-07-25 18:54:25,324 [main] INFO  balancer.ContainerBalancerTask (ContainerBalancerTask.java:balance(259)) - Result of this iteration of Container Balancer: ITERATION_COMPLETED
2023-07-25 18:54:25,324 [main] INFO  balancer.ContainerBalancerTask (ContainerBalancerTask.java:tryStopWithSaveConfiguration(308)) - Save Configuration for stopping. Reason: Completed all iterations.
2023-07-25 18:54:25,326 [main] DEBUG balancer.ContainerBalancerTask (ContainerBalancerTask.java:initializeIteration(374)) - Average utilization of the cluster is 0.3478693792577798
2023-07-25 18:54:25,326 [main] DEBUG balancer.ContainerBalancerTask (ContainerBalancerTask.java:initializeIteration(386)) - Lower limit for utilization is 0.24786937925777977 and Upper limit for utilization is 0.4478693792577798
2023-07-25 18:54:25,326 [main] DEBUG balancer.ContainerBalancerTask (ContainerBalancerTask.java:initializeIteration(398)) - Utilization for node b693cb07-c621-4538-bdbf-47daf0b523e7 with capacity 46528812373B, used 41875931136B, and remaining 4652881237B is 0.9000000000064476
2023-07-25 18:54:25,326 [main] DEBUG balancer.ContainerBalancerTask (ContainerBalancerTask.java:initializeIteration(398)) - Utilization for node ef87c627-91c0-4ac6-868c-ab5a62f7a121 with capacity 59055800320B, used 47244640256B, and remaining 11811160064B is 0.8
2023-07-25 18:54:25,326 [main] DEBUG balancer.ContainerBalancerTask (ContainerBalancerTask.java:initializeIteration(398)) - Utilization for node b490f580-c798-4ba5-ab97-271dd866762b with capacity 79763678354B, used 55834574848B, and remaining 23929103506B is 0.7000000000025074
2023-07-25 18:54:25,326 [main] DEBUG balancer.ContainerBalancerTask (ContainerBalancerTask.java:initializeIteration(398)) - Utilization for node 0b72c716-e5e8-4b79-817f-0bf82b698205 with capacity 82320206506B, used 49392123904B, and remaining 32928082602B is 0.6000000000048591
2023-07-25 18:54:25,326 [main] DEBUG balancer.ContainerBalancerTask (ContainerBalancerTask.java:initializeIteration(398)) - Utilization for node b153fa09-328f-4ff7-a202-b63b24b8406a with capacity 107374182400B, used 53687091200B, and remaining 53687091200B is 0.5
2023-07-25 18:54:25,327 [main] DEBUG balancer.ContainerBalancerTask (ContainerBalancerTask.java:initializeIteration(398)) - Utilization for node 979b648c-cfa3-4118-a581-f0a1747d9094 with capacity 88583700480B, used 35433480192B, and remaining 53150220288B is 0.4
2023-07-25 18:54:25,327 [main] DEBUG balancer.ContainerBalancerTask (ContainerBalancerTask.java:initializeIteration(398)) - Utilization for node 138df736-3f99-463d-b265-5ab3324c3f52 with capacity 121690740053B, used 36507222016B, and remaining 85183518037B is 0.3000000000008218
2023-07-25 18:54:25,327 [main] DEBUG balancer.ContainerBalancerTask (ContainerBalancerTask.java:initializeIteration(398)) - Utilization for node 95be7857-06bb-47e6-aea1-258e89d04dd7 with capacity 241591910400B, used 48318382080B, and remaining 193273528320B is 0.2
2023-07-25 18:54:25,327 [main] DEBUG balancer.ContainerBalancerTask (ContainerBalancerTask.java:initializeIteration(398)) - Utilization for node 09a55b21-60fd-4680-ac56-8f3975746dd2 with capacity 246960619520B, used 24696061952B, and remaining 222264557568B is 0.1
2023-07-25 18:54:25,327 [main] DEBUG balancer.ContainerBalancerTask (ContainerBalancerTask.java:initializeIteration(398)) - Utilization for node d8dd87b7-940f-4556-9dec-c7091ede952d with capacity 55834574848B, used 0B, and remaining 55834574848B is 0.0
2023-07-25 18:54:25,327 [main] INFO  balancer.ContainerBalancerTask (ContainerBalancerTask.java:initializeIteration(447)) - Container Balancer has identified 5 Over-Utilized and 3 Under-Utilized Datanodes that need to be balanced.
2023-07-25 18:54:25,327 [main] DEBUG balancer.ContainerBalancerTask (ContainerBalancerTask.java:lambda$initializeIteration$1(453)) - Datanode localhost-198.108.106.203 b693cb07-c621-4538-bdbf-47daf0b523e7 is Over-Utilized.
2023-07-25 18:54:25,328 [main] DEBUG balancer.ContainerBalancerTask (ContainerBalancerTask.java:lambda$initializeIteration$1(453)) - Datanode localhost-97.122.33.223 ef87c627-91c0-4ac6-868c-ab5a62f7a121 is Over-Utilized.
2023-07-25 18:54:25,328 [main] DEBUG balancer.ContainerBalancerTask (ContainerBalancerTask.java:lambda$initializeIteration$1(453)) - Datanode localhost-72.159.208.113 b490f580-c798-4ba5-ab97-271dd866762b is Over-Utilized.
2023-07-25 18:54:25,328 [main] DEBUG balancer.ContainerBalancerTask (ContainerBalancerTask.java:lambda$initializeIteration$1(453)) - Datanode localhost-6.242.157.162 0b72c716-e5e8-4b79-817f-0bf82b698205 is Over-Utilized.
2023-07-25 18:54:25,328 [main] DEBUG balancer.ContainerBalancerTask (ContainerBalancerTask.java:lambda$initializeIteration$1(453)) - Datanode localhost-74.60.120.125 b153fa09-328f-4ff7-a202-b63b24b8406a is Over-Utilized.
2023-07-25 18:54:25,328 [main] DEBUG balancer.ContainerBalancerTask (ContainerBalancerTask.java:lambda$initializeIteration$2(459)) - Datanode localhost-75.180.77.18 d8dd87b7-940f-4556-9dec-c7091ede952d is Under-Utilized.
2023-07-25 18:54:25,328 [main] DEBUG balancer.ContainerBalancerTask (ContainerBalancerTask.java:lambda$initializeIteration$2(459)) - Datanode localhost-92.11.61.208 09a55b21-60fd-4680-ac56-8f3975746dd2 is Under-Utilized.
2023-07-25 18:54:25,328 [main] DEBUG balancer.ContainerBalancerTask (ContainerBalancerTask.java:lambda$initializeIteration$2(459)) - Datanode localhost-199.11.68.38 95be7857-06bb-47e6-aea1-258e89d04dd7 is Under-Utilized.
2023-07-25 18:54:25,332 [main] DEBUG balancer.ContainerBalancerTask (ContainerBalancerTask.java:matchSourceWithTarget(708)) - ContainerBalancer is finding suitable target for source datanode b693cb07-c621-4538-bdbf-47daf0b523e7
2023-07-25 18:54:25,332 [main] INFO  balancer.ContainerBalancerTask (ContainerBalancerTask.java:matchSourceWithTarget(722)) - ContainerBalancer matched source datanode b693cb07-c621-4538-bdbf-47daf0b523e7 with target datanode d8dd87b7-940f-4556-9dec-c7091ede952d for container move.
2023-07-25 18:54:25,332 [main] INFO  balancer.ContainerBalancerTask (ContainerBalancerTask.java:processMoveSelection(569)) - ContainerBalancer is trying to move container #85 with size 5368709120B from source datanode b693cb07-c621-4538-bdbf-47daf0b523e7 to target datanode d8dd87b7-940f-4556-9dec-c7091ede952d
2023-07-25 18:54:25,332 [main] WARN  balancer.ContainerBalancerTask (ContainerBalancerTask.java:lambda$moveContainer$3(842)) - Container move for container #85 from source b693cb07-c621-4538-bdbf-47daf0b523e7 to target d8dd87b7-940f-4556-9dec-c7091ede952d failed: REPLICATION_FAIL_TIME_OUT
2023-07-25 18:54:25,336 [main] DEBUG balancer.ContainerBalancerTask (ContainerBalancerTask.java:matchSourceWithTarget(708)) - ContainerBalancer is finding suitable target for source datanode ef87c627-91c0-4ac6-868c-ab5a62f7a121
2023-07-25 18:54:25,336 [main] INFO  balancer.ContainerBalancerTask (ContainerBalancerTask.java:matchSourceWithTarget(722)) - ContainerBalancer matched source datanode ef87c627-91c0-4ac6-868c-ab5a62f7a121 with target datanode d8dd87b7-940f-4556-9dec-c7091ede952d for container move.
2023-07-25 18:54:25,336 [main] INFO  balancer.ContainerBalancerTask (ContainerBalancerTask.java:processMoveSelection(569)) - ContainerBalancer is trying to move container #85 with size 5368709120B from source datanode ef87c627-91c0-4ac6-868c-ab5a62f7a121 to target datanode d8dd87b7-940f-4556-9dec-c7091ede952d
2023-07-25 18:54:25,337 [main] WARN  balancer.ContainerBalancerTask (ContainerBalancerTask.java:lambda$moveContainer$3(842)) - Container move for container #85 from source ef87c627-91c0-4ac6-868c-ab5a62f7a121 to target d8dd87b7-940f-4556-9dec-c7091ede952d failed: DELETION_FAIL_TIME_OUT
2023-07-25 18:54:25,340 [main] DEBUG balancer.ContainerBalancerTask (ContainerBalancerTask.java:matchSourceWithTarget(708)) - ContainerBalancer is finding suitable target for source datanode b490f580-c798-4ba5-ab97-271dd866762b
2023-07-25 18:54:25,340 [main] INFO  balancer.ContainerBalancerTask (ContainerBalancerTask.java:matchSourceWithTarget(722)) - ContainerBalancer matched source datanode b490f580-c798-4ba5-ab97-271dd866762b with target datanode d8dd87b7-940f-4556-9dec-c7091ede952d for container move.
2023-07-25 18:54:25,340 [main] INFO  balancer.ContainerBalancerTask (ContainerBalancerTask.java:processMoveSelection(569)) - ContainerBalancer is trying to move container #53 with size 5368709120B from source datanode b490f580-c798-4ba5-ab97-271dd866762b to target datanode d8dd87b7-940f-4556-9dec-c7091ede952d
2023-07-25 18:54:25,341 [main] WARN  balancer.ContainerBalancerTask (ContainerBalancerTask.java:lambda$moveContainer$3(842)) - Container move for container #53 from source b490f580-c798-4ba5-ab97-271dd866762b to target d8dd87b7-940f-4556-9dec-c7091ede952d failed: DELETION_FAIL_TIME_OUT
2023-07-25 18:54:25,344 [main] DEBUG balancer.ContainerBalancerTask (ContainerBalancerTask.java:matchSourceWithTarget(708)) - ContainerBalancer is finding suitable target for source datanode 0b72c716-e5e8-4b79-817f-0bf82b698205
2023-07-25 18:54:25,344 [main] INFO  balancer.ContainerBalancerTask (ContainerBalancerTask.java:matchSourceWithTarget(722)) - ContainerBalancer matched source datanode 0b72c716-e5e8-4b79-817f-0bf82b698205 with target datanode d8dd87b7-940f-4556-9dec-c7091ede952d for container move.
2023-07-25 18:54:25,344 [main] INFO  balancer.ContainerBalancerTask (ContainerBalancerTask.java:processMoveSelection(569)) - ContainerBalancer is trying to move container #40 with size 5368709120B from source datanode 0b72c716-e5e8-4b79-817f-0bf82b698205 to target datanode d8dd87b7-940f-4556-9dec-c7091ede952d
2023-07-25 18:54:25,344 [main] WARN  balancer.ContainerBalancerTask (ContainerBalancerTask.java:lambda$moveContainer$3(842)) - Container move for container #40 from source 0b72c716-e5e8-4b79-817f-0bf82b698205 to target d8dd87b7-940f-4556-9dec-c7091ede952d failed: DELETION_FAIL_TIME_OUT
2023-07-25 18:54:25,347 [main] DEBUG balancer.ContainerBalancerTask (ContainerBalancerTask.java:matchSourceWithTarget(708)) - ContainerBalancer is finding suitable target for source datanode b153fa09-328f-4ff7-a202-b63b24b8406a
2023-07-25 18:54:25,348 [main] INFO  balancer.ContainerBalancerTask (ContainerBalancerTask.java:matchSourceWithTarget(722)) - ContainerBalancer matched source datanode b153fa09-328f-4ff7-a202-b63b24b8406a with target datanode d8dd87b7-940f-4556-9dec-c7091ede952d for container move.
2023-07-25 18:54:25,348 [main] INFO  balancer.ContainerBalancerTask (ContainerBalancerTask.java:processMoveSelection(569)) - ContainerBalancer is trying to move container #85 with size 5368709120B from source datanode b153fa09-328f-4ff7-a202-b63b24b8406a to target datanode d8dd87b7-940f-4556-9dec-c7091ede952d
2023-07-25 18:54:25,348 [main] WARN  balancer.ContainerBalancerTask (ContainerBalancerTask.java:lambda$moveContainer$3(842)) - Container move for container #85 from source b153fa09-328f-4ff7-a202-b63b24b8406a to target d8dd87b7-940f-4556-9dec-c7091ede952d failed: DELETION_FAIL_TIME_OUT
2023-07-25 18:54:25,348 [main] INFO  balancer.FindSourceGreedy (FindSourceGreedy.java:getNextCandidateSourceDataNode(126)) - no more candidate source data node
2023-07-25 18:54:25,348 [main] INFO  balancer.ContainerBalancerTask (ContainerBalancerTask.java:checkIterationMoveResults(642)) - Iteration Summary. Number of Datanodes involved: 0. Size moved: 0 B (0 Bytes). Number of Container moves completed: 0.
2023-07-25 18:54:25,349 [main] INFO  balancer.ContainerBalancerTask (ContainerBalancerTask.java:balance(259)) - Result of this iteration of Container Balancer: ITERATION_COMPLETED
2023-07-25 18:54:25,349 [main] INFO  balancer.ContainerBalancerTask (ContainerBalancerTask.java:tryStopWithSaveConfiguration(308)) - Save Configuration for stopping. Reason: Completed all iterations.
]]></system-out>
  </testcase>
  <testcase name="checkIterationResultTimeout" classname="org.apache.hadoop.hdds.scm.container.balancer.TestContainerBalancerTask" time="1.198">
    <system-out><![CDATA[2023-07-25 18:54:25,383 [main] INFO  net.NodeSchemaLoader (NodeSchemaLoader.java:loadSchemaFromFile(129)) - Loading schema from [file:/home/runner/work/ozone/ozone/hadoop-hdds/common/target/classes/network-topology-default.xml]
2023-07-25 18:54:25,383 [main] INFO  net.NodeSchemaLoader (NodeSchemaLoader.java:loadSchema(176)) - Loading network topology layer schema file
2023-07-25 18:54:25,386 [main] INFO  net.NetworkTopologyImpl (NetworkTopologyImpl.java:add(112)) - Added a new node: /default-rack/d238dff5-9bef-4c84-80cd-a4ad452ef5d9
2023-07-25 18:54:25,386 [main] INFO  net.NetworkTopologyImpl (NetworkTopologyImpl.java:add(112)) - Added a new node: /default-rack/04dea27a-7ccf-4537-a34b-6d6c0b3c5f15
2023-07-25 18:54:25,386 [main] INFO  net.NetworkTopologyImpl (NetworkTopologyImpl.java:add(112)) - Added a new node: /default-rack/c4d24490-42d8-46bc-831f-bcb418d839d7
2023-07-25 18:54:25,386 [main] INFO  net.NetworkTopologyImpl (NetworkTopologyImpl.java:add(112)) - Added a new node: /default-rack/dafa6e26-2f4c-4dfb-ad13-00a560f7ef2f
2023-07-25 18:54:25,386 [main] INFO  net.NetworkTopologyImpl (NetworkTopologyImpl.java:add(112)) - Added a new node: /default-rack/5dd55fa9-10d4-4ef0-87c2-a220c573efdf
2023-07-25 18:54:25,387 [main] INFO  net.NetworkTopologyImpl (NetworkTopologyImpl.java:add(112)) - Added a new node: /default-rack/51f4e829-2d93-44ab-9070-be9227b5b7db
2023-07-25 18:54:25,387 [main] INFO  net.NetworkTopologyImpl (NetworkTopologyImpl.java:add(112)) - Added a new node: /default-rack/6427059f-335b-423a-b939-7323f2bf3785
2023-07-25 18:54:25,387 [main] INFO  net.NetworkTopologyImpl (NetworkTopologyImpl.java:add(112)) - Added a new node: /default-rack/94a85545-5f44-430a-9705-43612a1ab177
2023-07-25 18:54:25,387 [main] INFO  net.NetworkTopologyImpl (NetworkTopologyImpl.java:add(112)) - Added a new node: /default-rack/04c4744e-3a9a-4f1a-88ad-aaf5b2e3dbed
2023-07-25 18:54:25,387 [main] INFO  net.NetworkTopologyImpl (NetworkTopologyImpl.java:add(112)) - Added a new node: /default-rack/4ea77025-1709-4b6c-89ef-6b18c86a7ce6
2023-07-25 18:54:25,387 [main] INFO  algorithms.ContainerPlacementPolicyFactory (ContainerPlacementPolicyFactory.java:getPolicyInternal(86)) - Create container placement policy of type org.apache.hadoop.hdds.scm.container.placement.algorithms.SCMContainerPlacementRackAware
2023-07-25 18:54:25,388 [main] INFO  algorithms.ContainerPlacementPolicyFactory (ContainerPlacementPolicyFactory.java:getPolicyInternal(86)) - Create container placement policy of type org.apache.hadoop.hdds.scm.container.placement.algorithms.SCMContainerPlacementRackScatter
2023-07-25 18:54:25,392 [main] DEBUG balancer.ContainerBalancerTask (ContainerBalancerTask.java:initializeIteration(374)) - Average utilization of the cluster is 0.31746010752657733
2023-07-25 18:54:25,392 [main] DEBUG balancer.ContainerBalancerTask (ContainerBalancerTask.java:initializeIteration(386)) - Lower limit for utilization is 0.21746010752657732 and Upper limit for utilization is 0.41746010752657736
2023-07-25 18:54:25,393 [main] DEBUG balancer.ContainerBalancerTask (ContainerBalancerTask.java:initializeIteration(398)) - Utilization for node d238dff5-9bef-4c84-80cd-a4ad452ef5d9 with capacity 52494044728B, used 47244640256B, and remaining 5249404472B is 0.9000000000152398
2023-07-25 18:54:25,393 [main] DEBUG balancer.ContainerBalancerTask (ContainerBalancerTask.java:initializeIteration(398)) - Utilization for node 94a85545-5f44-430a-9705-43612a1ab177 with capacity 72477573120B, used 57982058496B, and remaining 14495514624B is 0.8
2023-07-25 18:54:25,393 [main] DEBUG balancer.ContainerBalancerTask (ContainerBalancerTask.java:initializeIteration(398)) - Utilization for node 5dd55fa9-10d4-4ef0-87c2-a220c573efdf with capacity 76695844571B, used 53687091200B, and remaining 23008753371B is 0.7000000000039116
2023-07-25 18:54:25,393 [main] DEBUG balancer.ContainerBalancerTask (ContainerBalancerTask.java:initializeIteration(398)) - Utilization for node 6427059f-335b-423a-b939-7323f2bf3785 with capacity 69793218560B, used 41875931136B, and remaining 27917287424B is 0.6
2023-07-25 18:54:25,393 [main] DEBUG balancer.ContainerBalancerTask (ContainerBalancerTask.java:initializeIteration(398)) - Utilization for node dafa6e26-2f4c-4dfb-ad13-00a560f7ef2f with capacity 92341796864B, used 46170898432B, and remaining 46170898432B is 0.5
2023-07-25 18:54:25,393 [main] DEBUG balancer.ContainerBalancerTask (ContainerBalancerTask.java:initializeIteration(398)) - Utilization for node 51f4e829-2d93-44ab-9070-be9227b5b7db with capacity 123480309760B, used 49392123904B, and remaining 74088185856B is 0.4
2023-07-25 18:54:25,393 [main] DEBUG balancer.ContainerBalancerTask (ContainerBalancerTask.java:initializeIteration(398)) - Utilization for node 4ea77025-1709-4b6c-89ef-6b18c86a7ce6 with capacity 89478485333B, used 26843545600B, and remaining 62634939733B is 0.3000000000011176
2023-07-25 18:54:25,394 [main] DEBUG balancer.ContainerBalancerTask (ContainerBalancerTask.java:initializeIteration(398)) - Utilization for node c4d24490-42d8-46bc-831f-bcb418d839d7 with capacity 209379655680B, used 41875931136B, and remaining 167503724544B is 0.2
2023-07-25 18:54:25,394 [main] DEBUG balancer.ContainerBalancerTask (ContainerBalancerTask.java:initializeIteration(398)) - Utilization for node 04dea27a-7ccf-4537-a34b-6d6c0b3c5f15 with capacity 440234147840B, used 44023414784B, and remaining 396210733056B is 0.1
2023-07-25 18:54:25,394 [main] DEBUG balancer.ContainerBalancerTask (ContainerBalancerTask.java:initializeIteration(398)) - Utilization for node 04c4744e-3a9a-4f1a-88ad-aaf5b2e3dbed with capacity 62277025792B, used 0B, and remaining 62277025792B is 0.0
2023-07-25 18:54:25,394 [main] INFO  balancer.ContainerBalancerTask (ContainerBalancerTask.java:initializeIteration(447)) - Container Balancer has identified 5 Over-Utilized and 3 Under-Utilized Datanodes that need to be balanced.
2023-07-25 18:54:25,394 [main] DEBUG balancer.ContainerBalancerTask (ContainerBalancerTask.java:lambda$initializeIteration$1(453)) - Datanode localhost-248.203.133.140 d238dff5-9bef-4c84-80cd-a4ad452ef5d9 is Over-Utilized.
2023-07-25 18:54:25,394 [main] DEBUG balancer.ContainerBalancerTask (ContainerBalancerTask.java:lambda$initializeIteration$1(453)) - Datanode localhost-28.164.149.52 94a85545-5f44-430a-9705-43612a1ab177 is Over-Utilized.
2023-07-25 18:54:25,394 [main] DEBUG balancer.ContainerBalancerTask (ContainerBalancerTask.java:lambda$initializeIteration$1(453)) - Datanode localhost-110.97.102.101 5dd55fa9-10d4-4ef0-87c2-a220c573efdf is Over-Utilized.
2023-07-25 18:54:25,394 [main] DEBUG balancer.ContainerBalancerTask (ContainerBalancerTask.java:lambda$initializeIteration$1(453)) - Datanode localhost-200.52.114.205 6427059f-335b-423a-b939-7323f2bf3785 is Over-Utilized.
2023-07-25 18:54:25,395 [main] DEBUG balancer.ContainerBalancerTask (ContainerBalancerTask.java:lambda$initializeIteration$1(453)) - Datanode localhost-122.87.67.10 dafa6e26-2f4c-4dfb-ad13-00a560f7ef2f is Over-Utilized.
2023-07-25 18:54:25,395 [main] DEBUG balancer.ContainerBalancerTask (ContainerBalancerTask.java:lambda$initializeIteration$2(459)) - Datanode localhost-169.150.234.69 04c4744e-3a9a-4f1a-88ad-aaf5b2e3dbed is Under-Utilized.
2023-07-25 18:54:25,395 [main] DEBUG balancer.ContainerBalancerTask (ContainerBalancerTask.java:lambda$initializeIteration$2(459)) - Datanode localhost-252.229.25.54 04dea27a-7ccf-4537-a34b-6d6c0b3c5f15 is Under-Utilized.
2023-07-25 18:54:25,395 [main] DEBUG balancer.ContainerBalancerTask (ContainerBalancerTask.java:lambda$initializeIteration$2(459)) - Datanode localhost-87.65.46.108 c4d24490-42d8-46bc-831f-bcb418d839d7 is Under-Utilized.
2023-07-25 18:54:25,398 [main] DEBUG balancer.ContainerBalancerTask (ContainerBalancerTask.java:matchSourceWithTarget(708)) - ContainerBalancer is finding suitable target for source datanode d238dff5-9bef-4c84-80cd-a4ad452ef5d9
2023-07-25 18:54:25,399 [main] INFO  balancer.ContainerBalancerTask (ContainerBalancerTask.java:matchSourceWithTarget(722)) - ContainerBalancer matched source datanode d238dff5-9bef-4c84-80cd-a4ad452ef5d9 with target datanode 04c4744e-3a9a-4f1a-88ad-aaf5b2e3dbed for container move.
2023-07-25 18:54:25,399 [main] INFO  balancer.ContainerBalancerTask (ContainerBalancerTask.java:processMoveSelection(569)) - ContainerBalancer is trying to move container #84 with size 4294967296B from source datanode d238dff5-9bef-4c84-80cd-a4ad452ef5d9 to target datanode 04c4744e-3a9a-4f1a-88ad-aaf5b2e3dbed
2023-07-25 18:54:25,399 [main] DEBUG balancer.ContainerBalancerTask (ContainerBalancerTask.java:lambda$moveContainer$3(837)) - Container move completed for container #84 from source d238dff5-9bef-4c84-80cd-a4ad452ef5d9 to target 04c4744e-3a9a-4f1a-88ad-aaf5b2e3dbed
2023-07-25 18:54:25,403 [main] DEBUG balancer.ContainerBalancerTask (ContainerBalancerTask.java:matchSourceWithTarget(708)) - ContainerBalancer is finding suitable target for source datanode d238dff5-9bef-4c84-80cd-a4ad452ef5d9
2023-07-25 18:54:25,403 [main] INFO  balancer.ContainerBalancerTask (ContainerBalancerTask.java:matchSourceWithTarget(722)) - ContainerBalancer matched source datanode d238dff5-9bef-4c84-80cd-a4ad452ef5d9 with target datanode 04c4744e-3a9a-4f1a-88ad-aaf5b2e3dbed for container move.
2023-07-25 18:54:25,403 [main] INFO  balancer.ContainerBalancerTask (ContainerBalancerTask.java:processMoveSelection(569)) - ContainerBalancer is trying to move container #88 with size 3221225472B from source datanode d238dff5-9bef-4c84-80cd-a4ad452ef5d9 to target datanode 04c4744e-3a9a-4f1a-88ad-aaf5b2e3dbed
2023-07-25 18:54:25,408 [main] DEBUG balancer.ContainerBalancerTask (ContainerBalancerTask.java:matchSourceWithTarget(708)) - ContainerBalancer is finding suitable target for source datanode 94a85545-5f44-430a-9705-43612a1ab177
2023-07-25 18:54:25,408 [main] INFO  balancer.ContainerBalancerTask (ContainerBalancerTask.java:matchSourceWithTarget(722)) - ContainerBalancer matched source datanode 94a85545-5f44-430a-9705-43612a1ab177 with target datanode 04dea27a-7ccf-4537-a34b-6d6c0b3c5f15 for container move.
2023-07-25 18:54:25,408 [main] INFO  balancer.ContainerBalancerTask (ContainerBalancerTask.java:processMoveSelection(569)) - ContainerBalancer is trying to move container #68 with size 5368709120B from source datanode 94a85545-5f44-430a-9705-43612a1ab177 to target datanode 04dea27a-7ccf-4537-a34b-6d6c0b3c5f15
2023-07-25 18:54:25,412 [main] DEBUG balancer.ContainerBalancerTask (ContainerBalancerTask.java:matchSourceWithTarget(708)) - ContainerBalancer is finding suitable target for source datanode d238dff5-9bef-4c84-80cd-a4ad452ef5d9
2023-07-25 18:54:25,413 [main] INFO  balancer.ContainerBalancerTask (ContainerBalancerTask.java:matchSourceWithTarget(722)) - ContainerBalancer matched source datanode d238dff5-9bef-4c84-80cd-a4ad452ef5d9 with target datanode 04dea27a-7ccf-4537-a34b-6d6c0b3c5f15 for container move.
2023-07-25 18:54:25,413 [main] INFO  balancer.ContainerBalancerTask (ContainerBalancerTask.java:processMoveSelection(569)) - ContainerBalancer is trying to move container #38 with size 3221225472B from source datanode d238dff5-9bef-4c84-80cd-a4ad452ef5d9 to target datanode 04dea27a-7ccf-4537-a34b-6d6c0b3c5f15
2023-07-25 18:54:25,424 [main] DEBUG balancer.ContainerBalancerTask (ContainerBalancerTask.java:matchSourceWithTarget(708)) - ContainerBalancer is finding suitable target for source datanode 94a85545-5f44-430a-9705-43612a1ab177
2023-07-25 18:54:25,425 [main] INFO  balancer.ContainerBalancerTask (ContainerBalancerTask.java:matchSourceWithTarget(722)) - ContainerBalancer matched source datanode 94a85545-5f44-430a-9705-43612a1ab177 with target datanode 04dea27a-7ccf-4537-a34b-6d6c0b3c5f15 for container move.
2023-07-25 18:54:25,425 [main] INFO  balancer.ContainerBalancerTask (ContainerBalancerTask.java:processMoveSelection(569)) - ContainerBalancer is trying to move container #70 with size 2147483648B from source datanode 94a85545-5f44-430a-9705-43612a1ab177 to target datanode 04dea27a-7ccf-4537-a34b-6d6c0b3c5f15
2023-07-25 18:54:25,429 [main] DEBUG balancer.ContainerBalancerTask (ContainerBalancerTask.java:matchSourceWithTarget(708)) - ContainerBalancer is finding suitable target for source datanode 5dd55fa9-10d4-4ef0-87c2-a220c573efdf
2023-07-25 18:54:25,429 [main] INFO  balancer.ContainerBalancerTask (ContainerBalancerTask.java:matchSourceWithTarget(722)) - ContainerBalancer matched source datanode 5dd55fa9-10d4-4ef0-87c2-a220c573efdf with target datanode 04c4744e-3a9a-4f1a-88ad-aaf5b2e3dbed for container move.
2023-07-25 18:54:25,429 [main] INFO  balancer.ContainerBalancerTask (ContainerBalancerTask.java:processMoveSelection(569)) - ContainerBalancer is trying to move container #50 with size 2147483648B from source datanode 5dd55fa9-10d4-4ef0-87c2-a220c573efdf to target datanode 04c4744e-3a9a-4f1a-88ad-aaf5b2e3dbed
2023-07-25 18:54:25,433 [main] DEBUG balancer.ContainerBalancerTask (ContainerBalancerTask.java:matchSourceWithTarget(708)) - ContainerBalancer is finding suitable target for source datanode 94a85545-5f44-430a-9705-43612a1ab177
2023-07-25 18:54:25,434 [main] INFO  balancer.ContainerBalancerTask (ContainerBalancerTask.java:matchSourceWithTarget(722)) - ContainerBalancer matched source datanode 94a85545-5f44-430a-9705-43612a1ab177 with target datanode 04c4744e-3a9a-4f1a-88ad-aaf5b2e3dbed for container move.
2023-07-25 18:54:25,434 [main] INFO  balancer.ContainerBalancerTask (ContainerBalancerTask.java:processMoveSelection(569)) - ContainerBalancer is trying to move container #64 with size 1073741824B from source datanode 94a85545-5f44-430a-9705-43612a1ab177 to target datanode 04c4744e-3a9a-4f1a-88ad-aaf5b2e3dbed
2023-07-25 18:54:25,440 [main] DEBUG balancer.ContainerBalancerTask (ContainerBalancerTask.java:matchSourceWithTarget(708)) - ContainerBalancer is finding suitable target for source datanode d238dff5-9bef-4c84-80cd-a4ad452ef5d9
2023-07-25 18:54:25,441 [main] INFO  balancer.ContainerBalancerTask (ContainerBalancerTask.java:matchSourceWithTarget(722)) - ContainerBalancer matched source datanode d238dff5-9bef-4c84-80cd-a4ad452ef5d9 with target datanode c4d24490-42d8-46bc-831f-bcb418d839d7 for container move.
2023-07-25 18:54:25,441 [main] INFO  balancer.ContainerBalancerTask (ContainerBalancerTask.java:processMoveSelection(569)) - ContainerBalancer is trying to move container #82 with size 2147483648B from source datanode d238dff5-9bef-4c84-80cd-a4ad452ef5d9 to target datanode c4d24490-42d8-46bc-831f-bcb418d839d7
2023-07-25 18:54:25,445 [main] DEBUG balancer.ContainerBalancerTask (ContainerBalancerTask.java:matchSourceWithTarget(708)) - ContainerBalancer is finding suitable target for source datanode 94a85545-5f44-430a-9705-43612a1ab177
2023-07-25 18:54:25,446 [main] INFO  balancer.ContainerBalancerTask (ContainerBalancerTask.java:matchSourceWithTarget(722)) - ContainerBalancer matched source datanode 94a85545-5f44-430a-9705-43612a1ab177 with target datanode c4d24490-42d8-46bc-831f-bcb418d839d7 for container move.
2023-07-25 18:54:25,446 [main] INFO  balancer.ContainerBalancerTask (ContainerBalancerTask.java:processMoveSelection(569)) - ContainerBalancer is trying to move container #40 with size 5368709120B from source datanode 94a85545-5f44-430a-9705-43612a1ab177 to target datanode c4d24490-42d8-46bc-831f-bcb418d839d7
2023-07-25 18:54:25,454 [main] DEBUG balancer.ContainerBalancerTask (ContainerBalancerTask.java:matchSourceWithTarget(708)) - ContainerBalancer is finding suitable target for source datanode 5dd55fa9-10d4-4ef0-87c2-a220c573efdf
2023-07-25 18:54:25,454 [main] INFO  balancer.FindTargetGreedyByUsageInfo (AbstractFindTargetGreedy.java:findTargetForContainerMove(133)) - Container Balancer could not find a target for source datanode 5dd55fa9-10d4-4ef0-87c2-a220c573efdf
2023-07-25 18:54:25,454 [main] DEBUG balancer.ContainerBalancerTask (ContainerBalancerTask.java:matchSourceWithTarget(717)) - ContainerBalancer could not find a suitable target for source node 5dd55fa9-10d4-4ef0-87c2-a220c573efdf.
2023-07-25 18:54:25,458 [main] DEBUG balancer.ContainerBalancerTask (ContainerBalancerTask.java:matchSourceWithTarget(708)) - ContainerBalancer is finding suitable target for source datanode d238dff5-9bef-4c84-80cd-a4ad452ef5d9
2023-07-25 18:54:25,459 [main] INFO  balancer.FindTargetGreedyByUsageInfo (AbstractFindTargetGreedy.java:findTargetForContainerMove(133)) - Container Balancer could not find a target for source datanode d238dff5-9bef-4c84-80cd-a4ad452ef5d9
2023-07-25 18:54:25,459 [main] DEBUG balancer.ContainerBalancerTask (ContainerBalancerTask.java:matchSourceWithTarget(717)) - ContainerBalancer could not find a suitable target for source node d238dff5-9bef-4c84-80cd-a4ad452ef5d9.
2023-07-25 18:54:25,463 [main] DEBUG balancer.ContainerBalancerTask (ContainerBalancerTask.java:matchSourceWithTarget(708)) - ContainerBalancer is finding suitable target for source datanode 94a85545-5f44-430a-9705-43612a1ab177
2023-07-25 18:54:25,463 [main] INFO  balancer.ContainerBalancerTask (ContainerBalancerTask.java:matchSourceWithTarget(722)) - ContainerBalancer matched source datanode 94a85545-5f44-430a-9705-43612a1ab177 with target datanode c4d24490-42d8-46bc-831f-bcb418d839d7 for container move.
2023-07-25 18:54:25,463 [main] INFO  balancer.ContainerBalancerTask (ContainerBalancerTask.java:processMoveSelection(569)) - ContainerBalancer is trying to move container #66 with size 3221225472B from source datanode 94a85545-5f44-430a-9705-43612a1ab177 to target datanode c4d24490-42d8-46bc-831f-bcb418d839d7
2023-07-25 18:54:25,467 [main] DEBUG balancer.ContainerBalancerTask (ContainerBalancerTask.java:matchSourceWithTarget(708)) - ContainerBalancer is finding suitable target for source datanode 6427059f-335b-423a-b939-7323f2bf3785
2023-07-25 18:54:25,467 [main] INFO  balancer.FindTargetGreedyByUsageInfo (AbstractFindTargetGreedy.java:findTargetForContainerMove(133)) - Container Balancer could not find a target for source datanode 6427059f-335b-423a-b939-7323f2bf3785
2023-07-25 18:54:25,467 [main] DEBUG balancer.ContainerBalancerTask (ContainerBalancerTask.java:matchSourceWithTarget(717)) - ContainerBalancer could not find a suitable target for source node 6427059f-335b-423a-b939-7323f2bf3785.
2023-07-25 18:54:25,472 [main] DEBUG balancer.ContainerBalancerTask (ContainerBalancerTask.java:matchSourceWithTarget(701)) - ContainerBalancer could not find any candidate containers for datanode 94a85545-5f44-430a-9705-43612a1ab177
2023-07-25 18:54:25,476 [main] DEBUG balancer.ContainerBalancerTask (ContainerBalancerTask.java:matchSourceWithTarget(708)) - ContainerBalancer is finding suitable target for source datanode dafa6e26-2f4c-4dfb-ad13-00a560f7ef2f
2023-07-25 18:54:25,476 [main] INFO  balancer.FindTargetGreedyByUsageInfo (AbstractFindTargetGreedy.java:findTargetForContainerMove(133)) - Container Balancer could not find a target for source datanode dafa6e26-2f4c-4dfb-ad13-00a560f7ef2f
2023-07-25 18:54:25,477 [main] DEBUG balancer.ContainerBalancerTask (ContainerBalancerTask.java:matchSourceWithTarget(717)) - ContainerBalancer could not find a suitable target for source node dafa6e26-2f4c-4dfb-ad13-00a560f7ef2f.
2023-07-25 18:54:25,477 [main] INFO  balancer.FindSourceGreedy (FindSourceGreedy.java:getNextCandidateSourceDataNode(126)) - no more candidate source data node
2023-07-25 18:54:25,978 [main] WARN  balancer.ContainerBalancerTask (ContainerBalancerTask.java:cancelMovesThatExceedTimeoutDuration(674)) - Container move timed out for container #64 from source 94a85545-5f44-430a-9705-43612a1ab177 to target 04c4744e-3a9a-4f1a-88ad-aaf5b2e3dbed.
2023-07-25 18:54:25,978 [main] WARN  balancer.ContainerBalancerTask (ContainerBalancerTask.java:cancelMovesThatExceedTimeoutDuration(674)) - Container move timed out for container #70 from source 94a85545-5f44-430a-9705-43612a1ab177 to target 04dea27a-7ccf-4537-a34b-6d6c0b3c5f15.
2023-07-25 18:54:25,979 [main] WARN  balancer.ContainerBalancerTask (ContainerBalancerTask.java:cancelMovesThatExceedTimeoutDuration(674)) - Container move timed out for container #88 from source d238dff5-9bef-4c84-80cd-a4ad452ef5d9 to target 04c4744e-3a9a-4f1a-88ad-aaf5b2e3dbed.
2023-07-25 18:54:25,979 [main] WARN  balancer.ContainerBalancerTask (ContainerBalancerTask.java:cancelMovesThatExceedTimeoutDuration(674)) - Container move timed out for container #38 from source d238dff5-9bef-4c84-80cd-a4ad452ef5d9 to target 04dea27a-7ccf-4537-a34b-6d6c0b3c5f15.
2023-07-25 18:54:25,979 [main] WARN  balancer.ContainerBalancerTask (ContainerBalancerTask.java:cancelMovesThatExceedTimeoutDuration(674)) - Container move timed out for container #82 from source d238dff5-9bef-4c84-80cd-a4ad452ef5d9 to target c4d24490-42d8-46bc-831f-bcb418d839d7.
2023-07-25 18:54:25,980 [main] WARN  balancer.ContainerBalancerTask (ContainerBalancerTask.java:cancelMovesThatExceedTimeoutDuration(674)) - Container move timed out for container #66 from source 94a85545-5f44-430a-9705-43612a1ab177 to target c4d24490-42d8-46bc-831f-bcb418d839d7.
2023-07-25 18:54:25,980 [main] WARN  balancer.ContainerBalancerTask (ContainerBalancerTask.java:cancelMovesThatExceedTimeoutDuration(674)) - Container move timed out for container #68 from source 94a85545-5f44-430a-9705-43612a1ab177 to target 04dea27a-7ccf-4537-a34b-6d6c0b3c5f15.
2023-07-25 18:54:25,980 [main] WARN  balancer.ContainerBalancerTask (ContainerBalancerTask.java:cancelMovesThatExceedTimeoutDuration(674)) - Container move timed out for container #40 from source 94a85545-5f44-430a-9705-43612a1ab177 to target c4d24490-42d8-46bc-831f-bcb418d839d7.
2023-07-25 18:54:25,981 [main] WARN  balancer.ContainerBalancerTask (ContainerBalancerTask.java:cancelMovesThatExceedTimeoutDuration(674)) - Container move timed out for container #50 from source 5dd55fa9-10d4-4ef0-87c2-a220c573efdf to target 04c4744e-3a9a-4f1a-88ad-aaf5b2e3dbed.
2023-07-25 18:54:25,981 [main] WARN  balancer.ContainerBalancerTask (ContainerBalancerTask.java:checkIterationMoveResults(620)) - 9 Container moves are canceled.
2023-07-25 18:54:25,981 [main] INFO  balancer.ContainerBalancerTask (ContainerBalancerTask.java:checkIterationMoveResults(642)) - Iteration Summary. Number of Datanodes involved: 6. Size moved: 4 GB (4294967296 Bytes). Number of Container moves completed: 1.
2023-07-25 18:54:25,981 [main] INFO  balancer.ContainerBalancerTask (ContainerBalancerTask.java:balance(259)) - Result of this iteration of Container Balancer: ITERATION_COMPLETED
2023-07-25 18:54:25,982 [main] INFO  balancer.ContainerBalancerTask (ContainerBalancerTask.java:tryStopWithSaveConfiguration(308)) - Save Configuration for stopping. Reason: Completed all iterations.
2023-07-25 18:54:25,984 [main] DEBUG balancer.ContainerBalancerTask (ContainerBalancerTask.java:initializeIteration(374)) - Average utilization of the cluster is 0.31746010752657733
2023-07-25 18:54:25,984 [main] DEBUG balancer.ContainerBalancerTask (ContainerBalancerTask.java:initializeIteration(386)) - Lower limit for utilization is 0.21746010752657732 and Upper limit for utilization is 0.41746010752657736
2023-07-25 18:54:25,984 [main] DEBUG balancer.ContainerBalancerTask (ContainerBalancerTask.java:initializeIteration(398)) - Utilization for node d238dff5-9bef-4c84-80cd-a4ad452ef5d9 with capacity 52494044728B, used 47244640256B, and remaining 5249404472B is 0.9000000000152398
2023-07-25 18:54:25,984 [main] DEBUG balancer.ContainerBalancerTask (ContainerBalancerTask.java:initializeIteration(398)) - Utilization for node 94a85545-5f44-430a-9705-43612a1ab177 with capacity 72477573120B, used 57982058496B, and remaining 14495514624B is 0.8
2023-07-25 18:54:25,985 [main] DEBUG balancer.ContainerBalancerTask (ContainerBalancerTask.java:initializeIteration(398)) - Utilization for node 5dd55fa9-10d4-4ef0-87c2-a220c573efdf with capacity 76695844571B, used 53687091200B, and remaining 23008753371B is 0.7000000000039116
2023-07-25 18:54:25,985 [main] DEBUG balancer.ContainerBalancerTask (ContainerBalancerTask.java:initializeIteration(398)) - Utilization for node 6427059f-335b-423a-b939-7323f2bf3785 with capacity 69793218560B, used 41875931136B, and remaining 27917287424B is 0.6
2023-07-25 18:54:25,985 [main] DEBUG balancer.ContainerBalancerTask (ContainerBalancerTask.java:initializeIteration(398)) - Utilization for node dafa6e26-2f4c-4dfb-ad13-00a560f7ef2f with capacity 92341796864B, used 46170898432B, and remaining 46170898432B is 0.5
2023-07-25 18:54:25,985 [main] DEBUG balancer.ContainerBalancerTask (ContainerBalancerTask.java:initializeIteration(398)) - Utilization for node 51f4e829-2d93-44ab-9070-be9227b5b7db with capacity 123480309760B, used 49392123904B, and remaining 74088185856B is 0.4
2023-07-25 18:54:25,985 [main] DEBUG balancer.ContainerBalancerTask (ContainerBalancerTask.java:initializeIteration(398)) - Utilization for node 4ea77025-1709-4b6c-89ef-6b18c86a7ce6 with capacity 89478485333B, used 26843545600B, and remaining 62634939733B is 0.3000000000011176
2023-07-25 18:54:25,985 [main] DEBUG balancer.ContainerBalancerTask (ContainerBalancerTask.java:initializeIteration(398)) - Utilization for node c4d24490-42d8-46bc-831f-bcb418d839d7 with capacity 209379655680B, used 41875931136B, and remaining 167503724544B is 0.2
2023-07-25 18:54:25,985 [main] DEBUG balancer.ContainerBalancerTask (ContainerBalancerTask.java:initializeIteration(398)) - Utilization for node 04dea27a-7ccf-4537-a34b-6d6c0b3c5f15 with capacity 440234147840B, used 44023414784B, and remaining 396210733056B is 0.1
2023-07-25 18:54:25,985 [main] DEBUG balancer.ContainerBalancerTask (ContainerBalancerTask.java:initializeIteration(398)) - Utilization for node 04c4744e-3a9a-4f1a-88ad-aaf5b2e3dbed with capacity 62277025792B, used 0B, and remaining 62277025792B is 0.0
2023-07-25 18:54:25,986 [main] INFO  balancer.ContainerBalancerTask (ContainerBalancerTask.java:initializeIteration(447)) - Container Balancer has identified 5 Over-Utilized and 3 Under-Utilized Datanodes that need to be balanced.
2023-07-25 18:54:25,986 [main] DEBUG balancer.ContainerBalancerTask (ContainerBalancerTask.java:lambda$initializeIteration$1(453)) - Datanode localhost-248.203.133.140 d238dff5-9bef-4c84-80cd-a4ad452ef5d9 is Over-Utilized.
2023-07-25 18:54:25,986 [main] DEBUG balancer.ContainerBalancerTask (ContainerBalancerTask.java:lambda$initializeIteration$1(453)) - Datanode localhost-28.164.149.52 94a85545-5f44-430a-9705-43612a1ab177 is Over-Utilized.
2023-07-25 18:54:25,986 [main] DEBUG balancer.ContainerBalancerTask (ContainerBalancerTask.java:lambda$initializeIteration$1(453)) - Datanode localhost-110.97.102.101 5dd55fa9-10d4-4ef0-87c2-a220c573efdf is Over-Utilized.
2023-07-25 18:54:25,986 [main] DEBUG balancer.ContainerBalancerTask (ContainerBalancerTask.java:lambda$initializeIteration$1(453)) - Datanode localhost-200.52.114.205 6427059f-335b-423a-b939-7323f2bf3785 is Over-Utilized.
2023-07-25 18:54:25,987 [main] DEBUG balancer.ContainerBalancerTask (ContainerBalancerTask.java:lambda$initializeIteration$1(453)) - Datanode localhost-122.87.67.10 dafa6e26-2f4c-4dfb-ad13-00a560f7ef2f is Over-Utilized.
2023-07-25 18:54:25,987 [main] DEBUG balancer.ContainerBalancerTask (ContainerBalancerTask.java:lambda$initializeIteration$2(459)) - Datanode localhost-169.150.234.69 04c4744e-3a9a-4f1a-88ad-aaf5b2e3dbed is Under-Utilized.
2023-07-25 18:54:25,987 [main] DEBUG balancer.ContainerBalancerTask (ContainerBalancerTask.java:lambda$initializeIteration$2(459)) - Datanode localhost-252.229.25.54 04dea27a-7ccf-4537-a34b-6d6c0b3c5f15 is Under-Utilized.
2023-07-25 18:54:25,987 [main] DEBUG balancer.ContainerBalancerTask (ContainerBalancerTask.java:lambda$initializeIteration$2(459)) - Datanode localhost-87.65.46.108 c4d24490-42d8-46bc-831f-bcb418d839d7 is Under-Utilized.
2023-07-25 18:54:25,990 [main] DEBUG balancer.ContainerBalancerTask (ContainerBalancerTask.java:matchSourceWithTarget(708)) - ContainerBalancer is finding suitable target for source datanode d238dff5-9bef-4c84-80cd-a4ad452ef5d9
2023-07-25 18:54:25,991 [main] INFO  balancer.ContainerBalancerTask (ContainerBalancerTask.java:matchSourceWithTarget(722)) - ContainerBalancer matched source datanode d238dff5-9bef-4c84-80cd-a4ad452ef5d9 with target datanode 04c4744e-3a9a-4f1a-88ad-aaf5b2e3dbed for container move.
2023-07-25 18:54:25,991 [main] INFO  balancer.ContainerBalancerTask (ContainerBalancerTask.java:processMoveSelection(569)) - ContainerBalancer is trying to move container #85 with size 5368709120B from source datanode d238dff5-9bef-4c84-80cd-a4ad452ef5d9 to target datanode 04c4744e-3a9a-4f1a-88ad-aaf5b2e3dbed
2023-07-25 18:54:25,991 [main] DEBUG balancer.ContainerBalancerTask (ContainerBalancerTask.java:lambda$moveContainer$3(837)) - Container move completed for container #85 from source d238dff5-9bef-4c84-80cd-a4ad452ef5d9 to target 04c4744e-3a9a-4f1a-88ad-aaf5b2e3dbed
2023-07-25 18:54:25,994 [main] DEBUG balancer.ContainerBalancerTask (ContainerBalancerTask.java:matchSourceWithTarget(708)) - ContainerBalancer is finding suitable target for source datanode 94a85545-5f44-430a-9705-43612a1ab177
2023-07-25 18:54:25,995 [main] INFO  balancer.ContainerBalancerTask (ContainerBalancerTask.java:matchSourceWithTarget(722)) - ContainerBalancer matched source datanode 94a85545-5f44-430a-9705-43612a1ab177 with target datanode 04c4744e-3a9a-4f1a-88ad-aaf5b2e3dbed for container move.
2023-07-25 18:54:25,995 [main] INFO  balancer.ContainerBalancerTask (ContainerBalancerTask.java:processMoveSelection(569)) - ContainerBalancer is trying to move container #68 with size 5368709120B from source datanode 94a85545-5f44-430a-9705-43612a1ab177 to target datanode 04c4744e-3a9a-4f1a-88ad-aaf5b2e3dbed
2023-07-25 18:54:25,999 [main] DEBUG balancer.ContainerBalancerTask (ContainerBalancerTask.java:matchSourceWithTarget(708)) - ContainerBalancer is finding suitable target for source datanode d238dff5-9bef-4c84-80cd-a4ad452ef5d9
2023-07-25 18:54:25,999 [main] INFO  balancer.ContainerBalancerTask (ContainerBalancerTask.java:matchSourceWithTarget(722)) - ContainerBalancer matched source datanode d238dff5-9bef-4c84-80cd-a4ad452ef5d9 with target datanode 04dea27a-7ccf-4537-a34b-6d6c0b3c5f15 for container move.
2023-07-25 18:54:25,999 [main] INFO  balancer.ContainerBalancerTask (ContainerBalancerTask.java:processMoveSelection(569)) - ContainerBalancer is trying to move container #89 with size 4294967296B from source datanode d238dff5-9bef-4c84-80cd-a4ad452ef5d9 to target datanode 04dea27a-7ccf-4537-a34b-6d6c0b3c5f15
2023-07-25 18:54:26,003 [main] DEBUG balancer.ContainerBalancerTask (ContainerBalancerTask.java:matchSourceWithTarget(708)) - ContainerBalancer is finding suitable target for source datanode 94a85545-5f44-430a-9705-43612a1ab177
2023-07-25 18:54:26,003 [main] INFO  balancer.ContainerBalancerTask (ContainerBalancerTask.java:matchSourceWithTarget(722)) - ContainerBalancer matched source datanode 94a85545-5f44-430a-9705-43612a1ab177 with target datanode 04dea27a-7ccf-4537-a34b-6d6c0b3c5f15 for container move.
2023-07-25 18:54:26,004 [main] INFO  balancer.ContainerBalancerTask (ContainerBalancerTask.java:processMoveSelection(569)) - ContainerBalancer is trying to move container #29 with size 5368709120B from source datanode 94a85545-5f44-430a-9705-43612a1ab177 to target datanode 04dea27a-7ccf-4537-a34b-6d6c0b3c5f15
2023-07-25 18:54:26,008 [main] DEBUG balancer.ContainerBalancerTask (ContainerBalancerTask.java:matchSourceWithTarget(708)) - ContainerBalancer is finding suitable target for source datanode d238dff5-9bef-4c84-80cd-a4ad452ef5d9
2023-07-25 18:54:26,009 [main] INFO  balancer.ContainerBalancerTask (ContainerBalancerTask.java:matchSourceWithTarget(722)) - ContainerBalancer matched source datanode d238dff5-9bef-4c84-80cd-a4ad452ef5d9 with target datanode 04dea27a-7ccf-4537-a34b-6d6c0b3c5f15 for container move.
2023-07-25 18:54:26,009 [main] INFO  balancer.ContainerBalancerTask (ContainerBalancerTask.java:processMoveSelection(569)) - ContainerBalancer is trying to move container #81 with size 1073741824B from source datanode d238dff5-9bef-4c84-80cd-a4ad452ef5d9 to target datanode 04dea27a-7ccf-4537-a34b-6d6c0b3c5f15
2023-07-25 18:54:26,014 [main] DEBUG balancer.ContainerBalancerTask (ContainerBalancerTask.java:matchSourceWithTarget(708)) - ContainerBalancer is finding suitable target for source datanode 5dd55fa9-10d4-4ef0-87c2-a220c573efdf
2023-07-25 18:54:26,014 [main] INFO  balancer.ContainerBalancerTask (ContainerBalancerTask.java:matchSourceWithTarget(722)) - ContainerBalancer matched source datanode 5dd55fa9-10d4-4ef0-87c2-a220c573efdf with target datanode c4d24490-42d8-46bc-831f-bcb418d839d7 for container move.
2023-07-25 18:54:26,014 [main] INFO  balancer.ContainerBalancerTask (ContainerBalancerTask.java:processMoveSelection(569)) - ContainerBalancer is trying to move container #53 with size 5368709120B from source datanode 5dd55fa9-10d4-4ef0-87c2-a220c573efdf to target datanode c4d24490-42d8-46bc-831f-bcb418d839d7
2023-07-25 18:54:26,018 [main] DEBUG balancer.ContainerBalancerTask (ContainerBalancerTask.java:matchSourceWithTarget(708)) - ContainerBalancer is finding suitable target for source datanode d238dff5-9bef-4c84-80cd-a4ad452ef5d9
2023-07-25 18:54:26,019 [main] INFO  balancer.ContainerBalancerTask (ContainerBalancerTask.java:matchSourceWithTarget(722)) - ContainerBalancer matched source datanode d238dff5-9bef-4c84-80cd-a4ad452ef5d9 with target datanode c4d24490-42d8-46bc-831f-bcb418d839d7 for container move.
2023-07-25 18:54:26,019 [main] INFO  balancer.ContainerBalancerTask (ContainerBalancerTask.java:processMoveSelection(569)) - ContainerBalancer is trying to move container #84 with size 4294967296B from source datanode d238dff5-9bef-4c84-80cd-a4ad452ef5d9 to target datanode c4d24490-42d8-46bc-831f-bcb418d839d7
2023-07-25 18:54:26,023 [main] DEBUG balancer.ContainerBalancerTask (ContainerBalancerTask.java:matchSourceWithTarget(708)) - ContainerBalancer is finding suitable target for source datanode 94a85545-5f44-430a-9705-43612a1ab177
2023-07-25 18:54:26,023 [main] INFO  balancer.ContainerBalancerTask (ContainerBalancerTask.java:matchSourceWithTarget(722)) - ContainerBalancer matched source datanode 94a85545-5f44-430a-9705-43612a1ab177 with target datanode c4d24490-42d8-46bc-831f-bcb418d839d7 for container move.
2023-07-25 18:54:26,024 [main] INFO  balancer.ContainerBalancerTask (ContainerBalancerTask.java:processMoveSelection(569)) - ContainerBalancer is trying to move container #69 with size 1073741824B from source datanode 94a85545-5f44-430a-9705-43612a1ab177 to target datanode c4d24490-42d8-46bc-831f-bcb418d839d7
2023-07-25 18:54:26,028 [main] DEBUG balancer.ContainerBalancerTask (ContainerBalancerTask.java:matchSourceWithTarget(708)) - ContainerBalancer is finding suitable target for source datanode 94a85545-5f44-430a-9705-43612a1ab177
2023-07-25 18:54:26,028 [main] INFO  balancer.FindTargetGreedyByUsageInfo (AbstractFindTargetGreedy.java:findTargetForContainerMove(133)) - Container Balancer could not find a target for source datanode 94a85545-5f44-430a-9705-43612a1ab177
2023-07-25 18:54:26,028 [main] DEBUG balancer.ContainerBalancerTask (ContainerBalancerTask.java:matchSourceWithTarget(717)) - ContainerBalancer could not find a suitable target for source node 94a85545-5f44-430a-9705-43612a1ab177.
2023-07-25 18:54:26,032 [main] DEBUG balancer.ContainerBalancerTask (ContainerBalancerTask.java:matchSourceWithTarget(708)) - ContainerBalancer is finding suitable target for source datanode 5dd55fa9-10d4-4ef0-87c2-a220c573efdf
2023-07-25 18:54:26,032 [main] INFO  balancer.FindTargetGreedyByUsageInfo (AbstractFindTargetGreedy.java:findTargetForContainerMove(133)) - Container Balancer could not find a target for source datanode 5dd55fa9-10d4-4ef0-87c2-a220c573efdf
2023-07-25 18:54:26,032 [main] DEBUG balancer.ContainerBalancerTask (ContainerBalancerTask.java:matchSourceWithTarget(717)) - ContainerBalancer could not find a suitable target for source node 5dd55fa9-10d4-4ef0-87c2-a220c573efdf.
2023-07-25 18:54:26,037 [main] DEBUG balancer.ContainerBalancerTask (ContainerBalancerTask.java:matchSourceWithTarget(708)) - ContainerBalancer is finding suitable target for source datanode d238dff5-9bef-4c84-80cd-a4ad452ef5d9
2023-07-25 18:54:26,037 [main] INFO  balancer.FindTargetGreedyByUsageInfo (AbstractFindTargetGreedy.java:findTargetForContainerMove(133)) - Container Balancer could not find a target for source datanode d238dff5-9bef-4c84-80cd-a4ad452ef5d9
2023-07-25 18:54:26,037 [main] DEBUG balancer.ContainerBalancerTask (ContainerBalancerTask.java:matchSourceWithTarget(717)) - ContainerBalancer could not find a suitable target for source node d238dff5-9bef-4c84-80cd-a4ad452ef5d9.
2023-07-25 18:54:26,040 [main] DEBUG balancer.ContainerBalancerTask (ContainerBalancerTask.java:matchSourceWithTarget(708)) - ContainerBalancer is finding suitable target for source datanode 6427059f-335b-423a-b939-7323f2bf3785
2023-07-25 18:54:26,040 [main] INFO  balancer.FindTargetGreedyByUsageInfo (AbstractFindTargetGreedy.java:findTargetForContainerMove(133)) - Container Balancer could not find a target for source datanode 6427059f-335b-423a-b939-7323f2bf3785
2023-07-25 18:54:26,041 [main] DEBUG balancer.ContainerBalancerTask (ContainerBalancerTask.java:matchSourceWithTarget(717)) - ContainerBalancer could not find a suitable target for source node 6427059f-335b-423a-b939-7323f2bf3785.
2023-07-25 18:54:26,044 [main] DEBUG balancer.ContainerBalancerTask (ContainerBalancerTask.java:matchSourceWithTarget(708)) - ContainerBalancer is finding suitable target for source datanode dafa6e26-2f4c-4dfb-ad13-00a560f7ef2f
2023-07-25 18:54:26,044 [main] INFO  balancer.FindTargetGreedyByUsageInfo (AbstractFindTargetGreedy.java:findTargetForContainerMove(133)) - Container Balancer could not find a target for source datanode dafa6e26-2f4c-4dfb-ad13-00a560f7ef2f
2023-07-25 18:54:26,044 [main] DEBUG balancer.ContainerBalancerTask (ContainerBalancerTask.java:matchSourceWithTarget(717)) - ContainerBalancer could not find a suitable target for source node dafa6e26-2f4c-4dfb-ad13-00a560f7ef2f.
2023-07-25 18:54:26,045 [main] INFO  balancer.FindSourceGreedy (FindSourceGreedy.java:getNextCandidateSourceDataNode(126)) - no more candidate source data node
2023-07-25 18:54:26,545 [main] WARN  balancer.ContainerBalancerTask (ContainerBalancerTask.java:cancelMovesThatExceedTimeoutDuration(674)) - Container move timed out for container #53 from source 5dd55fa9-10d4-4ef0-87c2-a220c573efdf to target c4d24490-42d8-46bc-831f-bcb418d839d7.
2023-07-25 18:54:26,546 [main] WARN  balancer.ContainerBalancerTask (ContainerBalancerTask.java:cancelMovesThatExceedTimeoutDuration(674)) - Container move timed out for container #89 from source d238dff5-9bef-4c84-80cd-a4ad452ef5d9 to target 04dea27a-7ccf-4537-a34b-6d6c0b3c5f15.
2023-07-25 18:54:26,546 [main] WARN  balancer.ContainerBalancerTask (ContainerBalancerTask.java:cancelMovesThatExceedTimeoutDuration(674)) - Container move timed out for container #81 from source d238dff5-9bef-4c84-80cd-a4ad452ef5d9 to target 04dea27a-7ccf-4537-a34b-6d6c0b3c5f15.
2023-07-25 18:54:26,546 [main] WARN  balancer.ContainerBalancerTask (ContainerBalancerTask.java:cancelMovesThatExceedTimeoutDuration(674)) - Container move timed out for container #29 from source 94a85545-5f44-430a-9705-43612a1ab177 to target 04dea27a-7ccf-4537-a34b-6d6c0b3c5f15.
2023-07-25 18:54:26,547 [main] WARN  balancer.ContainerBalancerTask (ContainerBalancerTask.java:cancelMovesThatExceedTimeoutDuration(674)) - Container move timed out for container #84 from source d238dff5-9bef-4c84-80cd-a4ad452ef5d9 to target c4d24490-42d8-46bc-831f-bcb418d839d7.
2023-07-25 18:54:26,547 [main] WARN  balancer.ContainerBalancerTask (ContainerBalancerTask.java:cancelMovesThatExceedTimeoutDuration(674)) - Container move timed out for container #69 from source 94a85545-5f44-430a-9705-43612a1ab177 to target c4d24490-42d8-46bc-831f-bcb418d839d7.
2023-07-25 18:54:26,547 [main] WARN  balancer.ContainerBalancerTask (ContainerBalancerTask.java:cancelMovesThatExceedTimeoutDuration(674)) - Container move timed out for container #68 from source 94a85545-5f44-430a-9705-43612a1ab177 to target 04c4744e-3a9a-4f1a-88ad-aaf5b2e3dbed.
2023-07-25 18:54:26,548 [main] WARN  balancer.ContainerBalancerTask (ContainerBalancerTask.java:checkIterationMoveResults(620)) - 7 Container moves are canceled.
2023-07-25 18:54:26,548 [main] INFO  balancer.ContainerBalancerTask (ContainerBalancerTask.java:checkIterationMoveResults(642)) - Iteration Summary. Number of Datanodes involved: 6. Size moved: 5 GB (5368709120 Bytes). Number of Container moves completed: 1.
2023-07-25 18:54:26,548 [main] INFO  balancer.ContainerBalancerTask (ContainerBalancerTask.java:balance(259)) - Result of this iteration of Container Balancer: ITERATION_COMPLETED
2023-07-25 18:54:26,549 [main] INFO  balancer.ContainerBalancerTask (ContainerBalancerTask.java:tryStopWithSaveConfiguration(308)) - Save Configuration for stopping. Reason: Completed all iterations.
]]></system-out>
  </testcase>
  <testcase name="targetDatanodeShouldNotAlreadyContainSelectedContainer" classname="org.apache.hadoop.hdds.scm.container.balancer.TestContainerBalancerTask" time="0.21">
    <system-out><![CDATA[2023-07-25 18:54:26,585 [main] INFO  net.NodeSchemaLoader (NodeSchemaLoader.java:loadSchemaFromFile(129)) - Loading schema from [file:/home/runner/work/ozone/ozone/hadoop-hdds/common/target/classes/network-topology-default.xml]
2023-07-25 18:54:26,585 [main] INFO  net.NodeSchemaLoader (NodeSchemaLoader.java:loadSchema(176)) - Loading network topology layer schema file
2023-07-25 18:54:26,587 [main] INFO  net.NetworkTopologyImpl (NetworkTopologyImpl.java:add(112)) - Added a new node: /default-rack/37913b22-f34f-4e01-bc88-d2a795aefb1f
2023-07-25 18:54:26,587 [main] INFO  net.NetworkTopologyImpl (NetworkTopologyImpl.java:add(112)) - Added a new node: /default-rack/f61cab20-abca-4ce3-9a1a-4e68c6d62e25
2023-07-25 18:54:26,587 [main] INFO  net.NetworkTopologyImpl (NetworkTopologyImpl.java:add(112)) - Added a new node: /default-rack/1f534a8d-dc89-40bf-bba1-f8ff8ef13273
2023-07-25 18:54:26,588 [main] INFO  net.NetworkTopologyImpl (NetworkTopologyImpl.java:add(112)) - Added a new node: /default-rack/71e43972-e5b6-426a-a94c-a1c492fdc99a
2023-07-25 18:54:26,588 [main] INFO  net.NetworkTopologyImpl (NetworkTopologyImpl.java:add(112)) - Added a new node: /default-rack/56842981-ffde-4674-95ba-60bf3a9d8111
2023-07-25 18:54:26,588 [main] INFO  net.NetworkTopologyImpl (NetworkTopologyImpl.java:add(112)) - Added a new node: /default-rack/fb03aaf9-0c3d-4108-a5d3-95d813784736
2023-07-25 18:54:26,588 [main] INFO  net.NetworkTopologyImpl (NetworkTopologyImpl.java:add(112)) - Added a new node: /default-rack/c31afb93-e790-4827-9f49-3049f23434b1
2023-07-25 18:54:26,588 [main] INFO  net.NetworkTopologyImpl (NetworkTopologyImpl.java:add(112)) - Added a new node: /default-rack/8dd5278f-897d-47d9-85c4-5afe3f22addd
2023-07-25 18:54:26,588 [main] INFO  net.NetworkTopologyImpl (NetworkTopologyImpl.java:add(112)) - Added a new node: /default-rack/94965900-0449-46fc-b462-a73b82ea6d6d
2023-07-25 18:54:26,588 [main] INFO  net.NetworkTopologyImpl (NetworkTopologyImpl.java:add(112)) - Added a new node: /default-rack/db181bd3-b062-4398-a6ff-5b33682a98da
2023-07-25 18:54:26,589 [main] INFO  algorithms.ContainerPlacementPolicyFactory (ContainerPlacementPolicyFactory.java:getPolicyInternal(86)) - Create container placement policy of type org.apache.hadoop.hdds.scm.container.placement.algorithms.SCMContainerPlacementRackAware
2023-07-25 18:54:26,589 [main] INFO  algorithms.ContainerPlacementPolicyFactory (ContainerPlacementPolicyFactory.java:getPolicyInternal(86)) - Create container placement policy of type org.apache.hadoop.hdds.scm.container.placement.algorithms.SCMContainerPlacementRackScatter
2023-07-25 18:54:26,593 [main] DEBUG balancer.ContainerBalancerTask (ContainerBalancerTask.java:initializeIteration(374)) - Average utilization of the cluster is 0.3359118341643927
2023-07-25 18:54:26,593 [main] DEBUG balancer.ContainerBalancerTask (ContainerBalancerTask.java:initializeIteration(386)) - Lower limit for utilization is 0.23591183416439268 and Upper limit for utilization is 0.4359118341643927
2023-07-25 18:54:26,593 [main] DEBUG balancer.ContainerBalancerTask (ContainerBalancerTask.java:initializeIteration(398)) - Utilization for node 37913b22-f34f-4e01-bc88-d2a795aefb1f with capacity 57266230613B, used 51539607552B, and remaining 5726623061B is 0.9000000000052387
2023-07-25 18:54:26,593 [main] DEBUG balancer.ContainerBalancerTask (ContainerBalancerTask.java:initializeIteration(398)) - Utilization for node db181bd3-b062-4398-a6ff-5b33682a98da with capacity 68451041280B, used 54760833024B, and remaining 13690208256B is 0.8
2023-07-25 18:54:26,598 [main] DEBUG balancer.ContainerBalancerTask (ContainerBalancerTask.java:initializeIteration(398)) - Utilization for node 8dd5278f-897d-47d9-85c4-5afe3f22addd with capacity 50619257417B, used 35433480192B, and remaining 15185777225B is 0.7000000000019755
2023-07-25 18:54:26,599 [main] DEBUG balancer.ContainerBalancerTask (ContainerBalancerTask.java:initializeIteration(398)) - Utilization for node fb03aaf9-0c3d-4108-a5d3-95d813784736 with capacity 102005473280B, used 61203283968B, and remaining 40802189312B is 0.6
2023-07-25 18:54:26,599 [main] DEBUG balancer.ContainerBalancerTask (ContainerBalancerTask.java:initializeIteration(398)) - Utilization for node 1f534a8d-dc89-40bf-bba1-f8ff8ef13273 with capacity 105226698752B, used 52613349376B, and remaining 52613349376B is 0.5
2023-07-25 18:54:26,599 [main] DEBUG balancer.ContainerBalancerTask (ContainerBalancerTask.java:initializeIteration(398)) - Utilization for node c31afb93-e790-4827-9f49-3049f23434b1 with capacity 91268055040B, used 36507222016B, and remaining 54760833024B is 0.4
2023-07-25 18:54:26,599 [main] DEBUG balancer.ContainerBalancerTask (ContainerBalancerTask.java:initializeIteration(398)) - Utilization for node 56842981-ffde-4674-95ba-60bf3a9d8111 with capacity 161061273600B, used 48318382080B, and remaining 112742891520B is 0.3
2023-07-25 18:54:26,599 [main] DEBUG balancer.ContainerBalancerTask (ContainerBalancerTask.java:initializeIteration(398)) - Utilization for node f61cab20-abca-4ce3-9a1a-4e68c6d62e25 with capacity 161061273600B, used 32212254720B, and remaining 128849018880B is 0.2
2023-07-25 18:54:26,599 [main] DEBUG balancer.ContainerBalancerTask (ContainerBalancerTask.java:initializeIteration(398)) - Utilization for node 71e43972-e5b6-426a-a94c-a1c492fdc99a with capacity 365072220160B, used 36507222016B, and remaining 328564998144B is 0.1
2023-07-25 18:54:26,599 [main] DEBUG balancer.ContainerBalancerTask (ContainerBalancerTask.java:initializeIteration(398)) - Utilization for node 94965900-0449-46fc-b462-a73b82ea6d6d with capacity 55834574848B, used 0B, and remaining 55834574848B is 0.0
2023-07-25 18:54:26,599 [main] INFO  balancer.ContainerBalancerTask (ContainerBalancerTask.java:initializeIteration(447)) - Container Balancer has identified 5 Over-Utilized and 3 Under-Utilized Datanodes that need to be balanced.
2023-07-25 18:54:26,600 [main] DEBUG balancer.ContainerBalancerTask (ContainerBalancerTask.java:lambda$initializeIteration$1(453)) - Datanode localhost-80.37.72.230 37913b22-f34f-4e01-bc88-d2a795aefb1f is Over-Utilized.
2023-07-25 18:54:26,600 [main] DEBUG balancer.ContainerBalancerTask (ContainerBalancerTask.java:lambda$initializeIteration$1(453)) - Datanode localhost-96.170.206.112 db181bd3-b062-4398-a6ff-5b33682a98da is Over-Utilized.
2023-07-25 18:54:26,600 [main] DEBUG balancer.ContainerBalancerTask (ContainerBalancerTask.java:lambda$initializeIteration$1(453)) - Datanode localhost-55.116.173.1 8dd5278f-897d-47d9-85c4-5afe3f22addd is Over-Utilized.
2023-07-25 18:54:26,600 [main] DEBUG balancer.ContainerBalancerTask (ContainerBalancerTask.java:lambda$initializeIteration$1(453)) - Datanode localhost-85.187.38.110 fb03aaf9-0c3d-4108-a5d3-95d813784736 is Over-Utilized.
2023-07-25 18:54:26,600 [main] DEBUG balancer.ContainerBalancerTask (ContainerBalancerTask.java:lambda$initializeIteration$1(453)) - Datanode localhost-166.6.58.30 1f534a8d-dc89-40bf-bba1-f8ff8ef13273 is Over-Utilized.
2023-07-25 18:54:26,600 [main] DEBUG balancer.ContainerBalancerTask (ContainerBalancerTask.java:lambda$initializeIteration$2(459)) - Datanode localhost-108.110.160.202 94965900-0449-46fc-b462-a73b82ea6d6d is Under-Utilized.
2023-07-25 18:54:26,600 [main] DEBUG balancer.ContainerBalancerTask (ContainerBalancerTask.java:lambda$initializeIteration$2(459)) - Datanode localhost-217.58.67.244 71e43972-e5b6-426a-a94c-a1c492fdc99a is Under-Utilized.
2023-07-25 18:54:26,600 [main] DEBUG balancer.ContainerBalancerTask (ContainerBalancerTask.java:lambda$initializeIteration$2(459)) - Datanode localhost-157.148.228.33 f61cab20-abca-4ce3-9a1a-4e68c6d62e25 is Under-Utilized.
2023-07-25 18:54:26,604 [main] DEBUG balancer.ContainerBalancerTask (ContainerBalancerTask.java:matchSourceWithTarget(708)) - ContainerBalancer is finding suitable target for source datanode 37913b22-f34f-4e01-bc88-d2a795aefb1f
2023-07-25 18:54:26,604 [main] INFO  balancer.ContainerBalancerTask (ContainerBalancerTask.java:matchSourceWithTarget(722)) - ContainerBalancer matched source datanode 37913b22-f34f-4e01-bc88-d2a795aefb1f with target datanode 94965900-0449-46fc-b462-a73b82ea6d6d for container move.
2023-07-25 18:54:26,604 [main] INFO  balancer.ContainerBalancerTask (ContainerBalancerTask.java:processMoveSelection(569)) - ContainerBalancer is trying to move container #85 with size 5368709120B from source datanode 37913b22-f34f-4e01-bc88-d2a795aefb1f to target datanode 94965900-0449-46fc-b462-a73b82ea6d6d
2023-07-25 18:54:26,604 [main] DEBUG balancer.ContainerBalancerTask (ContainerBalancerTask.java:lambda$moveContainer$3(837)) - Container move completed for container #85 from source 37913b22-f34f-4e01-bc88-d2a795aefb1f to target 94965900-0449-46fc-b462-a73b82ea6d6d
2023-07-25 18:54:26,611 [main] DEBUG balancer.ContainerBalancerTask (ContainerBalancerTask.java:matchSourceWithTarget(708)) - ContainerBalancer is finding suitable target for source datanode 37913b22-f34f-4e01-bc88-d2a795aefb1f
2023-07-25 18:54:26,611 [main] INFO  balancer.ContainerBalancerTask (ContainerBalancerTask.java:matchSourceWithTarget(722)) - ContainerBalancer matched source datanode 37913b22-f34f-4e01-bc88-d2a795aefb1f with target datanode 94965900-0449-46fc-b462-a73b82ea6d6d for container move.
2023-07-25 18:54:26,611 [main] INFO  balancer.ContainerBalancerTask (ContainerBalancerTask.java:processMoveSelection(569)) - ContainerBalancer is trying to move container #68 with size 5368709120B from source datanode 37913b22-f34f-4e01-bc88-d2a795aefb1f to target datanode 94965900-0449-46fc-b462-a73b82ea6d6d
2023-07-25 18:54:26,611 [main] DEBUG balancer.ContainerBalancerTask (ContainerBalancerTask.java:lambda$moveContainer$3(837)) - Container move completed for container #68 from source 37913b22-f34f-4e01-bc88-d2a795aefb1f to target 94965900-0449-46fc-b462-a73b82ea6d6d
2023-07-25 18:54:26,616 [main] DEBUG balancer.ContainerBalancerTask (ContainerBalancerTask.java:matchSourceWithTarget(708)) - ContainerBalancer is finding suitable target for source datanode db181bd3-b062-4398-a6ff-5b33682a98da
2023-07-25 18:54:26,617 [main] INFO  balancer.ContainerBalancerTask (ContainerBalancerTask.java:matchSourceWithTarget(722)) - ContainerBalancer matched source datanode db181bd3-b062-4398-a6ff-5b33682a98da with target datanode 71e43972-e5b6-426a-a94c-a1c492fdc99a for container move.
2023-07-25 18:54:26,617 [main] INFO  balancer.ContainerBalancerTask (ContainerBalancerTask.java:processMoveSelection(569)) - ContainerBalancer is trying to move container #53 with size 5368709120B from source datanode db181bd3-b062-4398-a6ff-5b33682a98da to target datanode 71e43972-e5b6-426a-a94c-a1c492fdc99a
2023-07-25 18:54:26,617 [main] DEBUG balancer.ContainerBalancerTask (ContainerBalancerTask.java:lambda$moveContainer$3(837)) - Container move completed for container #53 from source db181bd3-b062-4398-a6ff-5b33682a98da to target 71e43972-e5b6-426a-a94c-a1c492fdc99a
2023-07-25 18:54:26,621 [main] DEBUG balancer.ContainerBalancerTask (ContainerBalancerTask.java:matchSourceWithTarget(708)) - ContainerBalancer is finding suitable target for source datanode db181bd3-b062-4398-a6ff-5b33682a98da
2023-07-25 18:54:26,621 [main] INFO  balancer.ContainerBalancerTask (ContainerBalancerTask.java:matchSourceWithTarget(722)) - ContainerBalancer matched source datanode db181bd3-b062-4398-a6ff-5b33682a98da with target datanode 71e43972-e5b6-426a-a94c-a1c492fdc99a for container move.
2023-07-25 18:54:26,622 [main] INFO  balancer.ContainerBalancerTask (ContainerBalancerTask.java:processMoveSelection(569)) - ContainerBalancer is trying to move container #29 with size 5368709120B from source datanode db181bd3-b062-4398-a6ff-5b33682a98da to target datanode 71e43972-e5b6-426a-a94c-a1c492fdc99a
2023-07-25 18:54:26,622 [main] DEBUG balancer.ContainerBalancerTask (ContainerBalancerTask.java:lambda$moveContainer$3(837)) - Container move completed for container #29 from source db181bd3-b062-4398-a6ff-5b33682a98da to target 71e43972-e5b6-426a-a94c-a1c492fdc99a
2023-07-25 18:54:26,626 [main] DEBUG balancer.ContainerBalancerTask (ContainerBalancerTask.java:matchSourceWithTarget(708)) - ContainerBalancer is finding suitable target for source datanode 37913b22-f34f-4e01-bc88-d2a795aefb1f
2023-07-25 18:54:26,626 [main] INFO  balancer.ContainerBalancerTask (ContainerBalancerTask.java:matchSourceWithTarget(722)) - ContainerBalancer matched source datanode 37913b22-f34f-4e01-bc88-d2a795aefb1f with target datanode 71e43972-e5b6-426a-a94c-a1c492fdc99a for container move.
2023-07-25 18:54:26,626 [main] INFO  balancer.ContainerBalancerTask (ContainerBalancerTask.java:processMoveSelection(569)) - ContainerBalancer is trying to move container #89 with size 4294967296B from source datanode 37913b22-f34f-4e01-bc88-d2a795aefb1f to target datanode 71e43972-e5b6-426a-a94c-a1c492fdc99a
2023-07-25 18:54:26,627 [main] DEBUG balancer.ContainerBalancerTask (ContainerBalancerTask.java:lambda$moveContainer$3(837)) - Container move completed for container #89 from source 37913b22-f34f-4e01-bc88-d2a795aefb1f to target 71e43972-e5b6-426a-a94c-a1c492fdc99a
2023-07-25 18:54:26,630 [main] DEBUG balancer.ContainerBalancerTask (ContainerBalancerTask.java:matchSourceWithTarget(708)) - ContainerBalancer is finding suitable target for source datanode 8dd5278f-897d-47d9-85c4-5afe3f22addd
2023-07-25 18:54:26,630 [main] INFO  balancer.ContainerBalancerTask (ContainerBalancerTask.java:matchSourceWithTarget(722)) - ContainerBalancer matched source datanode 8dd5278f-897d-47d9-85c4-5afe3f22addd with target datanode 71e43972-e5b6-426a-a94c-a1c492fdc99a for container move.
2023-07-25 18:54:26,631 [main] INFO  balancer.ContainerBalancerTask (ContainerBalancerTask.java:processMoveSelection(569)) - ContainerBalancer is trying to move container #52 with size 4294967296B from source datanode 8dd5278f-897d-47d9-85c4-5afe3f22addd to target datanode 71e43972-e5b6-426a-a94c-a1c492fdc99a
2023-07-25 18:54:26,631 [main] DEBUG balancer.ContainerBalancerTask (ContainerBalancerTask.java:lambda$moveContainer$3(837)) - Container move completed for container #52 from source 8dd5278f-897d-47d9-85c4-5afe3f22addd to target 71e43972-e5b6-426a-a94c-a1c492fdc99a
2023-07-25 18:54:26,635 [main] DEBUG balancer.ContainerBalancerTask (ContainerBalancerTask.java:matchSourceWithTarget(708)) - ContainerBalancer is finding suitable target for source datanode db181bd3-b062-4398-a6ff-5b33682a98da
2023-07-25 18:54:26,636 [main] INFO  balancer.ContainerBalancerTask (ContainerBalancerTask.java:matchSourceWithTarget(722)) - ContainerBalancer matched source datanode db181bd3-b062-4398-a6ff-5b33682a98da with target datanode 71e43972-e5b6-426a-a94c-a1c492fdc99a for container move.
2023-07-25 18:54:26,636 [main] INFO  balancer.ContainerBalancerTask (ContainerBalancerTask.java:processMoveSelection(569)) - ContainerBalancer is trying to move container #84 with size 4294967296B from source datanode db181bd3-b062-4398-a6ff-5b33682a98da to target datanode 71e43972-e5b6-426a-a94c-a1c492fdc99a
2023-07-25 18:54:26,636 [main] DEBUG balancer.ContainerBalancerTask (ContainerBalancerTask.java:lambda$moveContainer$3(837)) - Container move completed for container #84 from source db181bd3-b062-4398-a6ff-5b33682a98da to target 71e43972-e5b6-426a-a94c-a1c492fdc99a
2023-07-25 18:54:26,640 [main] DEBUG balancer.ContainerBalancerTask (ContainerBalancerTask.java:matchSourceWithTarget(708)) - ContainerBalancer is finding suitable target for source datanode 37913b22-f34f-4e01-bc88-d2a795aefb1f
2023-07-25 18:54:26,640 [main] INFO  balancer.ContainerBalancerTask (ContainerBalancerTask.java:matchSourceWithTarget(722)) - ContainerBalancer matched source datanode 37913b22-f34f-4e01-bc88-d2a795aefb1f with target datanode 71e43972-e5b6-426a-a94c-a1c492fdc99a for container move.
2023-07-25 18:54:26,640 [main] INFO  balancer.ContainerBalancerTask (ContainerBalancerTask.java:processMoveSelection(569)) - ContainerBalancer is trying to move container #88 with size 3221225472B from source datanode 37913b22-f34f-4e01-bc88-d2a795aefb1f to target datanode 71e43972-e5b6-426a-a94c-a1c492fdc99a
2023-07-25 18:54:26,640 [main] DEBUG balancer.ContainerBalancerTask (ContainerBalancerTask.java:lambda$moveContainer$3(837)) - Container move completed for container #88 from source 37913b22-f34f-4e01-bc88-d2a795aefb1f to target 71e43972-e5b6-426a-a94c-a1c492fdc99a
2023-07-25 18:54:26,643 [main] DEBUG balancer.ContainerBalancerTask (ContainerBalancerTask.java:matchSourceWithTarget(708)) - ContainerBalancer is finding suitable target for source datanode 8dd5278f-897d-47d9-85c4-5afe3f22addd
2023-07-25 18:54:26,643 [main] INFO  balancer.ContainerBalancerTask (ContainerBalancerTask.java:matchSourceWithTarget(722)) - ContainerBalancer matched source datanode 8dd5278f-897d-47d9-85c4-5afe3f22addd with target datanode 71e43972-e5b6-426a-a94c-a1c492fdc99a for container move.
2023-07-25 18:54:26,643 [main] INFO  balancer.ContainerBalancerTask (ContainerBalancerTask.java:processMoveSelection(569)) - ContainerBalancer is trying to move container #39 with size 4294967296B from source datanode 8dd5278f-897d-47d9-85c4-5afe3f22addd to target datanode 71e43972-e5b6-426a-a94c-a1c492fdc99a
2023-07-25 18:54:26,644 [main] DEBUG balancer.ContainerBalancerTask (ContainerBalancerTask.java:lambda$moveContainer$3(837)) - Container move completed for container #39 from source 8dd5278f-897d-47d9-85c4-5afe3f22addd to target 71e43972-e5b6-426a-a94c-a1c492fdc99a
2023-07-25 18:54:26,648 [main] DEBUG balancer.ContainerBalancerTask (ContainerBalancerTask.java:matchSourceWithTarget(708)) - ContainerBalancer is finding suitable target for source datanode fb03aaf9-0c3d-4108-a5d3-95d813784736
2023-07-25 18:54:26,648 [main] INFO  balancer.ContainerBalancerTask (ContainerBalancerTask.java:matchSourceWithTarget(722)) - ContainerBalancer matched source datanode fb03aaf9-0c3d-4108-a5d3-95d813784736 with target datanode 71e43972-e5b6-426a-a94c-a1c492fdc99a for container move.
2023-07-25 18:54:26,648 [main] INFO  balancer.ContainerBalancerTask (ContainerBalancerTask.java:processMoveSelection(569)) - ContainerBalancer is trying to move container #67 with size 4294967296B from source datanode fb03aaf9-0c3d-4108-a5d3-95d813784736 to target datanode 71e43972-e5b6-426a-a94c-a1c492fdc99a
2023-07-25 18:54:26,649 [main] DEBUG balancer.ContainerBalancerTask (ContainerBalancerTask.java:lambda$moveContainer$3(837)) - Container move completed for container #67 from source fb03aaf9-0c3d-4108-a5d3-95d813784736 to target 71e43972-e5b6-426a-a94c-a1c492fdc99a
2023-07-25 18:54:26,654 [main] DEBUG balancer.ContainerBalancerTask (ContainerBalancerTask.java:matchSourceWithTarget(708)) - ContainerBalancer is finding suitable target for source datanode 37913b22-f34f-4e01-bc88-d2a795aefb1f
2023-07-25 18:54:26,655 [main] INFO  balancer.ContainerBalancerTask (ContainerBalancerTask.java:matchSourceWithTarget(722)) - ContainerBalancer matched source datanode 37913b22-f34f-4e01-bc88-d2a795aefb1f with target datanode 94965900-0449-46fc-b462-a73b82ea6d6d for container move.
2023-07-25 18:54:26,656 [main] INFO  balancer.ContainerBalancerTask (ContainerBalancerTask.java:processMoveSelection(569)) - ContainerBalancer is trying to move container #83 with size 3221225472B from source datanode 37913b22-f34f-4e01-bc88-d2a795aefb1f to target datanode 94965900-0449-46fc-b462-a73b82ea6d6d
2023-07-25 18:54:26,656 [main] DEBUG balancer.ContainerBalancerTask (ContainerBalancerTask.java:lambda$moveContainer$3(837)) - Container move completed for container #83 from source 37913b22-f34f-4e01-bc88-d2a795aefb1f to target 94965900-0449-46fc-b462-a73b82ea6d6d
2023-07-25 18:54:26,660 [main] DEBUG balancer.ContainerBalancerTask (ContainerBalancerTask.java:matchSourceWithTarget(708)) - ContainerBalancer is finding suitable target for source datanode db181bd3-b062-4398-a6ff-5b33682a98da
2023-07-25 18:54:26,660 [main] INFO  balancer.ContainerBalancerTask (ContainerBalancerTask.java:matchSourceWithTarget(722)) - ContainerBalancer matched source datanode db181bd3-b062-4398-a6ff-5b33682a98da with target datanode 71e43972-e5b6-426a-a94c-a1c492fdc99a for container move.
2023-07-25 18:54:26,660 [main] INFO  balancer.ContainerBalancerTask (ContainerBalancerTask.java:processMoveSelection(569)) - ContainerBalancer is trying to move container #66 with size 3221225472B from source datanode db181bd3-b062-4398-a6ff-5b33682a98da to target datanode 71e43972-e5b6-426a-a94c-a1c492fdc99a
2023-07-25 18:54:26,661 [main] DEBUG balancer.ContainerBalancerTask (ContainerBalancerTask.java:lambda$moveContainer$3(837)) - Container move completed for container #66 from source db181bd3-b062-4398-a6ff-5b33682a98da to target 71e43972-e5b6-426a-a94c-a1c492fdc99a
2023-07-25 18:54:26,667 [main] DEBUG balancer.ContainerBalancerTask (ContainerBalancerTask.java:matchSourceWithTarget(708)) - ContainerBalancer is finding suitable target for source datanode fb03aaf9-0c3d-4108-a5d3-95d813784736
2023-07-25 18:54:26,667 [main] INFO  balancer.ContainerBalancerTask (ContainerBalancerTask.java:matchSourceWithTarget(722)) - ContainerBalancer matched source datanode fb03aaf9-0c3d-4108-a5d3-95d813784736 with target datanode f61cab20-abca-4ce3-9a1a-4e68c6d62e25 for container move.
2023-07-25 18:54:26,667 [main] INFO  balancer.ContainerBalancerTask (ContainerBalancerTask.java:processMoveSelection(569)) - ContainerBalancer is trying to move container #40 with size 5368709120B from source datanode fb03aaf9-0c3d-4108-a5d3-95d813784736 to target datanode f61cab20-abca-4ce3-9a1a-4e68c6d62e25
2023-07-25 18:54:26,667 [main] DEBUG balancer.ContainerBalancerTask (ContainerBalancerTask.java:lambda$moveContainer$3(837)) - Container move completed for container #40 from source fb03aaf9-0c3d-4108-a5d3-95d813784736 to target f61cab20-abca-4ce3-9a1a-4e68c6d62e25
2023-07-25 18:54:26,672 [main] DEBUG balancer.ContainerBalancerTask (ContainerBalancerTask.java:matchSourceWithTarget(708)) - ContainerBalancer is finding suitable target for source datanode db181bd3-b062-4398-a6ff-5b33682a98da
2023-07-25 18:54:26,672 [main] INFO  balancer.ContainerBalancerTask (ContainerBalancerTask.java:matchSourceWithTarget(722)) - ContainerBalancer matched source datanode db181bd3-b062-4398-a6ff-5b33682a98da with target datanode 71e43972-e5b6-426a-a94c-a1c492fdc99a for container move.
2023-07-25 18:54:26,673 [main] INFO  balancer.ContainerBalancerTask (ContainerBalancerTask.java:processMoveSelection(569)) - ContainerBalancer is trying to move container #70 with size 2147483648B from source datanode db181bd3-b062-4398-a6ff-5b33682a98da to target datanode 71e43972-e5b6-426a-a94c-a1c492fdc99a
2023-07-25 18:54:26,673 [main] DEBUG balancer.ContainerBalancerTask (ContainerBalancerTask.java:lambda$moveContainer$3(837)) - Container move completed for container #70 from source db181bd3-b062-4398-a6ff-5b33682a98da to target 71e43972-e5b6-426a-a94c-a1c492fdc99a
2023-07-25 18:54:26,675 [main] DEBUG balancer.ContainerBalancerTask (ContainerBalancerTask.java:matchSourceWithTarget(708)) - ContainerBalancer is finding suitable target for source datanode 8dd5278f-897d-47d9-85c4-5afe3f22addd
2023-07-25 18:54:26,675 [main] INFO  balancer.ContainerBalancerTask (ContainerBalancerTask.java:matchSourceWithTarget(722)) - ContainerBalancer matched source datanode 8dd5278f-897d-47d9-85c4-5afe3f22addd with target datanode 71e43972-e5b6-426a-a94c-a1c492fdc99a for container move.
2023-07-25 18:54:26,675 [main] INFO  balancer.ContainerBalancerTask (ContainerBalancerTask.java:processMoveSelection(569)) - ContainerBalancer is trying to move container #55 with size 2147483648B from source datanode 8dd5278f-897d-47d9-85c4-5afe3f22addd to target datanode 71e43972-e5b6-426a-a94c-a1c492fdc99a
2023-07-25 18:54:26,676 [main] DEBUG balancer.ContainerBalancerTask (ContainerBalancerTask.java:lambda$moveContainer$3(837)) - Container move completed for container #55 from source 8dd5278f-897d-47d9-85c4-5afe3f22addd to target 71e43972-e5b6-426a-a94c-a1c492fdc99a
2023-07-25 18:54:26,680 [main] DEBUG balancer.ContainerBalancerTask (ContainerBalancerTask.java:matchSourceWithTarget(708)) - ContainerBalancer is finding suitable target for source datanode 37913b22-f34f-4e01-bc88-d2a795aefb1f
2023-07-25 18:54:26,680 [main] INFO  balancer.ContainerBalancerTask (ContainerBalancerTask.java:matchSourceWithTarget(722)) - ContainerBalancer matched source datanode 37913b22-f34f-4e01-bc88-d2a795aefb1f with target datanode 71e43972-e5b6-426a-a94c-a1c492fdc99a for container move.
2023-07-25 18:54:26,680 [main] INFO  balancer.ContainerBalancerTask (ContainerBalancerTask.java:processMoveSelection(569)) - ContainerBalancer is trying to move container #11 with size 3221225472B from source datanode 37913b22-f34f-4e01-bc88-d2a795aefb1f to target datanode 71e43972-e5b6-426a-a94c-a1c492fdc99a
2023-07-25 18:54:26,681 [main] DEBUG balancer.ContainerBalancerTask (ContainerBalancerTask.java:lambda$moveContainer$3(837)) - Container move completed for container #11 from source 37913b22-f34f-4e01-bc88-d2a795aefb1f to target 71e43972-e5b6-426a-a94c-a1c492fdc99a
2023-07-25 18:54:26,685 [main] DEBUG balancer.ContainerBalancerTask (ContainerBalancerTask.java:matchSourceWithTarget(708)) - ContainerBalancer is finding suitable target for source datanode fb03aaf9-0c3d-4108-a5d3-95d813784736
2023-07-25 18:54:26,685 [main] INFO  balancer.ContainerBalancerTask (ContainerBalancerTask.java:matchSourceWithTarget(722)) - ContainerBalancer matched source datanode fb03aaf9-0c3d-4108-a5d3-95d813784736 with target datanode 71e43972-e5b6-426a-a94c-a1c492fdc99a for container move.
2023-07-25 18:54:26,686 [main] INFO  balancer.ContainerBalancerTask (ContainerBalancerTask.java:processMoveSelection(569)) - ContainerBalancer is trying to move container #38 with size 3221225472B from source datanode fb03aaf9-0c3d-4108-a5d3-95d813784736 to target datanode 71e43972-e5b6-426a-a94c-a1c492fdc99a
2023-07-25 18:54:26,686 [main] DEBUG balancer.ContainerBalancerTask (ContainerBalancerTask.java:lambda$moveContainer$3(837)) - Container move completed for container #38 from source fb03aaf9-0c3d-4108-a5d3-95d813784736 to target 71e43972-e5b6-426a-a94c-a1c492fdc99a
2023-07-25 18:54:26,691 [main] DEBUG balancer.ContainerBalancerTask (ContainerBalancerTask.java:matchSourceWithTarget(708)) - ContainerBalancer is finding suitable target for source datanode db181bd3-b062-4398-a6ff-5b33682a98da
2023-07-25 18:54:26,691 [main] INFO  balancer.ContainerBalancerTask (ContainerBalancerTask.java:matchSourceWithTarget(722)) - ContainerBalancer matched source datanode db181bd3-b062-4398-a6ff-5b33682a98da with target datanode f61cab20-abca-4ce3-9a1a-4e68c6d62e25 for container move.
2023-07-25 18:54:26,691 [main] INFO  balancer.ContainerBalancerTask (ContainerBalancerTask.java:processMoveSelection(569)) - ContainerBalancer is trying to move container #27 with size 3221225472B from source datanode db181bd3-b062-4398-a6ff-5b33682a98da to target datanode f61cab20-abca-4ce3-9a1a-4e68c6d62e25
2023-07-25 18:54:26,692 [main] DEBUG balancer.ContainerBalancerTask (ContainerBalancerTask.java:lambda$moveContainer$3(837)) - Container move completed for container #27 from source db181bd3-b062-4398-a6ff-5b33682a98da to target f61cab20-abca-4ce3-9a1a-4e68c6d62e25
2023-07-25 18:54:26,696 [main] DEBUG balancer.ContainerBalancerTask (ContainerBalancerTask.java:matchSourceWithTarget(708)) - ContainerBalancer is finding suitable target for source datanode 1f534a8d-dc89-40bf-bba1-f8ff8ef13273
2023-07-25 18:54:26,697 [main] INFO  balancer.ContainerBalancerTask (ContainerBalancerTask.java:matchSourceWithTarget(722)) - ContainerBalancer matched source datanode 1f534a8d-dc89-40bf-bba1-f8ff8ef13273 with target datanode 71e43972-e5b6-426a-a94c-a1c492fdc99a for container move.
2023-07-25 18:54:26,697 [main] INFO  balancer.ContainerBalancerTask (ContainerBalancerTask.java:processMoveSelection(569)) - ContainerBalancer is trying to move container #82 with size 2147483648B from source datanode 1f534a8d-dc89-40bf-bba1-f8ff8ef13273 to target datanode 71e43972-e5b6-426a-a94c-a1c492fdc99a
2023-07-25 18:54:26,697 [main] DEBUG balancer.ContainerBalancerTask (ContainerBalancerTask.java:lambda$moveContainer$3(837)) - Container move completed for container #82 from source 1f534a8d-dc89-40bf-bba1-f8ff8ef13273 to target 71e43972-e5b6-426a-a94c-a1c492fdc99a
2023-07-25 18:54:26,699 [main] DEBUG balancer.ContainerBalancerTask (ContainerBalancerTask.java:matchSourceWithTarget(708)) - ContainerBalancer is finding suitable target for source datanode 8dd5278f-897d-47d9-85c4-5afe3f22addd
2023-07-25 18:54:26,699 [main] INFO  balancer.ContainerBalancerTask (ContainerBalancerTask.java:matchSourceWithTarget(722)) - ContainerBalancer matched source datanode 8dd5278f-897d-47d9-85c4-5afe3f22addd with target datanode 71e43972-e5b6-426a-a94c-a1c492fdc99a for container move.
2023-07-25 18:54:26,700 [main] INFO  balancer.ContainerBalancerTask (ContainerBalancerTask.java:processMoveSelection(569)) - ContainerBalancer is trying to move container #50 with size 2147483648B from source datanode 8dd5278f-897d-47d9-85c4-5afe3f22addd to target datanode 71e43972-e5b6-426a-a94c-a1c492fdc99a
2023-07-25 18:54:26,700 [main] DEBUG balancer.ContainerBalancerTask (ContainerBalancerTask.java:lambda$moveContainer$3(837)) - Container move completed for container #50 from source 8dd5278f-897d-47d9-85c4-5afe3f22addd to target 71e43972-e5b6-426a-a94c-a1c492fdc99a
2023-07-25 18:54:26,703 [main] DEBUG balancer.ContainerBalancerTask (ContainerBalancerTask.java:matchSourceWithTarget(708)) - ContainerBalancer is finding suitable target for source datanode 1f534a8d-dc89-40bf-bba1-f8ff8ef13273
2023-07-25 18:54:26,703 [main] INFO  balancer.ContainerBalancerTask (ContainerBalancerTask.java:matchSourceWithTarget(722)) - ContainerBalancer matched source datanode 1f534a8d-dc89-40bf-bba1-f8ff8ef13273 with target datanode 94965900-0449-46fc-b462-a73b82ea6d6d for container move.
2023-07-25 18:54:26,703 [main] INFO  balancer.ContainerBalancerTask (ContainerBalancerTask.java:processMoveSelection(569)) - ContainerBalancer is trying to move container #28 with size 4294967296B from source datanode 1f534a8d-dc89-40bf-bba1-f8ff8ef13273 to target datanode 94965900-0449-46fc-b462-a73b82ea6d6d
2023-07-25 18:54:26,703 [main] DEBUG balancer.ContainerBalancerTask (ContainerBalancerTask.java:lambda$moveContainer$3(837)) - Container move completed for container #28 from source 1f534a8d-dc89-40bf-bba1-f8ff8ef13273 to target 94965900-0449-46fc-b462-a73b82ea6d6d
2023-07-25 18:54:26,706 [main] DEBUG balancer.ContainerBalancerTask (ContainerBalancerTask.java:matchSourceWithTarget(708)) - ContainerBalancer is finding suitable target for source datanode fb03aaf9-0c3d-4108-a5d3-95d813784736
2023-07-25 18:54:26,707 [main] INFO  balancer.ContainerBalancerTask (ContainerBalancerTask.java:matchSourceWithTarget(722)) - ContainerBalancer matched source datanode fb03aaf9-0c3d-4108-a5d3-95d813784736 with target datanode f61cab20-abca-4ce3-9a1a-4e68c6d62e25 for container move.
2023-07-25 18:54:26,707 [main] INFO  balancer.ContainerBalancerTask (ContainerBalancerTask.java:processMoveSelection(569)) - ContainerBalancer is trying to move container #51 with size 3221225472B from source datanode fb03aaf9-0c3d-4108-a5d3-95d813784736 to target datanode f61cab20-abca-4ce3-9a1a-4e68c6d62e25
2023-07-25 18:54:26,707 [main] DEBUG balancer.ContainerBalancerTask (ContainerBalancerTask.java:lambda$moveContainer$3(837)) - Container move completed for container #51 from source fb03aaf9-0c3d-4108-a5d3-95d813784736 to target f61cab20-abca-4ce3-9a1a-4e68c6d62e25
2023-07-25 18:54:26,710 [main] DEBUG balancer.ContainerBalancerTask (ContainerBalancerTask.java:matchSourceWithTarget(708)) - ContainerBalancer is finding suitable target for source datanode 37913b22-f34f-4e01-bc88-d2a795aefb1f
2023-07-25 18:54:26,710 [main] INFO  balancer.ContainerBalancerTask (ContainerBalancerTask.java:matchSourceWithTarget(722)) - ContainerBalancer matched source datanode 37913b22-f34f-4e01-bc88-d2a795aefb1f with target datanode f61cab20-abca-4ce3-9a1a-4e68c6d62e25 for container move.
2023-07-25 18:54:26,710 [main] INFO  balancer.ContainerBalancerTask (ContainerBalancerTask.java:processMoveSelection(569)) - ContainerBalancer is trying to move container #87 with size 2147483648B from source datanode 37913b22-f34f-4e01-bc88-d2a795aefb1f to target datanode f61cab20-abca-4ce3-9a1a-4e68c6d62e25
2023-07-25 18:54:26,710 [main] DEBUG balancer.ContainerBalancerTask (ContainerBalancerTask.java:lambda$moveContainer$3(837)) - Container move completed for container #87 from source 37913b22-f34f-4e01-bc88-d2a795aefb1f to target f61cab20-abca-4ce3-9a1a-4e68c6d62e25
2023-07-25 18:54:26,713 [main] DEBUG balancer.ContainerBalancerTask (ContainerBalancerTask.java:matchSourceWithTarget(708)) - ContainerBalancer is finding suitable target for source datanode db181bd3-b062-4398-a6ff-5b33682a98da
2023-07-25 18:54:26,714 [main] INFO  balancer.ContainerBalancerTask (ContainerBalancerTask.java:matchSourceWithTarget(722)) - ContainerBalancer matched source datanode db181bd3-b062-4398-a6ff-5b33682a98da with target datanode f61cab20-abca-4ce3-9a1a-4e68c6d62e25 for container move.
2023-07-25 18:54:26,714 [main] INFO  balancer.ContainerBalancerTask (ContainerBalancerTask.java:processMoveSelection(569)) - ContainerBalancer is trying to move container #86 with size 1073741824B from source datanode db181bd3-b062-4398-a6ff-5b33682a98da to target datanode f61cab20-abca-4ce3-9a1a-4e68c6d62e25
2023-07-25 18:54:26,714 [main] DEBUG balancer.ContainerBalancerTask (ContainerBalancerTask.java:lambda$moveContainer$3(837)) - Container move completed for container #86 from source db181bd3-b062-4398-a6ff-5b33682a98da to target f61cab20-abca-4ce3-9a1a-4e68c6d62e25
2023-07-25 18:54:26,716 [main] DEBUG balancer.ContainerBalancerTask (ContainerBalancerTask.java:matchSourceWithTarget(708)) - ContainerBalancer is finding suitable target for source datanode 8dd5278f-897d-47d9-85c4-5afe3f22addd
2023-07-25 18:54:26,716 [main] INFO  balancer.ContainerBalancerTask (ContainerBalancerTask.java:matchSourceWithTarget(722)) - ContainerBalancer matched source datanode 8dd5278f-897d-47d9-85c4-5afe3f22addd with target datanode f61cab20-abca-4ce3-9a1a-4e68c6d62e25 for container move.
2023-07-25 18:54:26,717 [main] INFO  balancer.ContainerBalancerTask (ContainerBalancerTask.java:processMoveSelection(569)) - ContainerBalancer is trying to move container #81 with size 1073741824B from source datanode 8dd5278f-897d-47d9-85c4-5afe3f22addd to target datanode f61cab20-abca-4ce3-9a1a-4e68c6d62e25
2023-07-25 18:54:26,717 [main] DEBUG balancer.ContainerBalancerTask (ContainerBalancerTask.java:lambda$moveContainer$3(837)) - Container move completed for container #81 from source 8dd5278f-897d-47d9-85c4-5afe3f22addd to target f61cab20-abca-4ce3-9a1a-4e68c6d62e25
2023-07-25 18:54:26,720 [main] DEBUG balancer.ContainerBalancerTask (ContainerBalancerTask.java:matchSourceWithTarget(708)) - ContainerBalancer is finding suitable target for source datanode fb03aaf9-0c3d-4108-a5d3-95d813784736
2023-07-25 18:54:26,720 [main] INFO  balancer.ContainerBalancerTask (ContainerBalancerTask.java:matchSourceWithTarget(722)) - ContainerBalancer matched source datanode fb03aaf9-0c3d-4108-a5d3-95d813784736 with target datanode f61cab20-abca-4ce3-9a1a-4e68c6d62e25 for container move.
2023-07-25 18:54:26,720 [main] INFO  balancer.ContainerBalancerTask (ContainerBalancerTask.java:processMoveSelection(569)) - ContainerBalancer is trying to move container #37 with size 2147483648B from source datanode fb03aaf9-0c3d-4108-a5d3-95d813784736 to target datanode f61cab20-abca-4ce3-9a1a-4e68c6d62e25
2023-07-25 18:54:26,720 [main] DEBUG balancer.ContainerBalancerTask (ContainerBalancerTask.java:lambda$moveContainer$3(837)) - Container move completed for container #37 from source fb03aaf9-0c3d-4108-a5d3-95d813784736 to target f61cab20-abca-4ce3-9a1a-4e68c6d62e25
2023-07-25 18:54:26,724 [main] DEBUG balancer.ContainerBalancerTask (ContainerBalancerTask.java:matchSourceWithTarget(708)) - ContainerBalancer is finding suitable target for source datanode db181bd3-b062-4398-a6ff-5b33682a98da
2023-07-25 18:54:26,724 [main] INFO  balancer.ContainerBalancerTask (ContainerBalancerTask.java:matchSourceWithTarget(722)) - ContainerBalancer matched source datanode db181bd3-b062-4398-a6ff-5b33682a98da with target datanode f61cab20-abca-4ce3-9a1a-4e68c6d62e25 for container move.
2023-07-25 18:54:26,724 [main] INFO  balancer.ContainerBalancerTask (ContainerBalancerTask.java:processMoveSelection(569)) - ContainerBalancer is trying to move container #64 with size 1073741824B from source datanode db181bd3-b062-4398-a6ff-5b33682a98da to target datanode f61cab20-abca-4ce3-9a1a-4e68c6d62e25
2023-07-25 18:54:26,724 [main] DEBUG balancer.ContainerBalancerTask (ContainerBalancerTask.java:lambda$moveContainer$3(837)) - Container move completed for container #64 from source db181bd3-b062-4398-a6ff-5b33682a98da to target f61cab20-abca-4ce3-9a1a-4e68c6d62e25
2023-07-25 18:54:26,727 [main] DEBUG balancer.ContainerBalancerTask (ContainerBalancerTask.java:matchSourceWithTarget(708)) - ContainerBalancer is finding suitable target for source datanode 1f534a8d-dc89-40bf-bba1-f8ff8ef13273
2023-07-25 18:54:26,727 [main] INFO  balancer.ContainerBalancerTask (ContainerBalancerTask.java:matchSourceWithTarget(722)) - ContainerBalancer matched source datanode 1f534a8d-dc89-40bf-bba1-f8ff8ef13273 with target datanode f61cab20-abca-4ce3-9a1a-4e68c6d62e25 for container move.
2023-07-25 18:54:26,728 [main] INFO  balancer.ContainerBalancerTask (ContainerBalancerTask.java:processMoveSelection(569)) - ContainerBalancer is trying to move container #26 with size 2147483648B from source datanode 1f534a8d-dc89-40bf-bba1-f8ff8ef13273 to target datanode f61cab20-abca-4ce3-9a1a-4e68c6d62e25
2023-07-25 18:54:26,728 [main] DEBUG balancer.ContainerBalancerTask (ContainerBalancerTask.java:lambda$moveContainer$3(837)) - Container move completed for container #26 from source 1f534a8d-dc89-40bf-bba1-f8ff8ef13273 to target f61cab20-abca-4ce3-9a1a-4e68c6d62e25
2023-07-25 18:54:26,730 [main] DEBUG balancer.ContainerBalancerTask (ContainerBalancerTask.java:matchSourceWithTarget(708)) - ContainerBalancer is finding suitable target for source datanode 37913b22-f34f-4e01-bc88-d2a795aefb1f
2023-07-25 18:54:26,730 [main] INFO  balancer.ContainerBalancerTask (ContainerBalancerTask.java:matchSourceWithTarget(722)) - ContainerBalancer matched source datanode 37913b22-f34f-4e01-bc88-d2a795aefb1f with target datanode 94965900-0449-46fc-b462-a73b82ea6d6d for container move.
2023-07-25 18:54:26,731 [main] INFO  balancer.ContainerBalancerTask (ContainerBalancerTask.java:processMoveSelection(569)) - ContainerBalancer is trying to move container #25 with size 1073741824B from source datanode 37913b22-f34f-4e01-bc88-d2a795aefb1f to target datanode 94965900-0449-46fc-b462-a73b82ea6d6d
2023-07-25 18:54:26,731 [main] DEBUG balancer.ContainerBalancerTask (ContainerBalancerTask.java:lambda$moveContainer$3(837)) - Container move completed for container #25 from source 37913b22-f34f-4e01-bc88-d2a795aefb1f to target 94965900-0449-46fc-b462-a73b82ea6d6d
2023-07-25 18:54:26,733 [main] DEBUG balancer.ContainerBalancerTask (ContainerBalancerTask.java:matchSourceWithTarget(708)) - ContainerBalancer is finding suitable target for source datanode 8dd5278f-897d-47d9-85c4-5afe3f22addd
2023-07-25 18:54:26,733 [main] INFO  balancer.ContainerBalancerTask (ContainerBalancerTask.java:matchSourceWithTarget(722)) - ContainerBalancer matched source datanode 8dd5278f-897d-47d9-85c4-5afe3f22addd with target datanode f61cab20-abca-4ce3-9a1a-4e68c6d62e25 for container move.
2023-07-25 18:54:26,733 [main] INFO  balancer.ContainerBalancerTask (ContainerBalancerTask.java:processMoveSelection(569)) - ContainerBalancer is trying to move container #54 with size 1073741824B from source datanode 8dd5278f-897d-47d9-85c4-5afe3f22addd to target datanode f61cab20-abca-4ce3-9a1a-4e68c6d62e25
2023-07-25 18:54:26,733 [main] DEBUG balancer.ContainerBalancerTask (ContainerBalancerTask.java:lambda$moveContainer$3(837)) - Container move completed for container #54 from source 8dd5278f-897d-47d9-85c4-5afe3f22addd to target f61cab20-abca-4ce3-9a1a-4e68c6d62e25
2023-07-25 18:54:26,736 [main] DEBUG balancer.ContainerBalancerTask (ContainerBalancerTask.java:matchSourceWithTarget(708)) - ContainerBalancer is finding suitable target for source datanode db181bd3-b062-4398-a6ff-5b33682a98da
2023-07-25 18:54:26,736 [main] INFO  balancer.ContainerBalancerTask (ContainerBalancerTask.java:matchSourceWithTarget(722)) - ContainerBalancer matched source datanode db181bd3-b062-4398-a6ff-5b33682a98da with target datanode f61cab20-abca-4ce3-9a1a-4e68c6d62e25 for container move.
2023-07-25 18:54:26,737 [main] INFO  balancer.ContainerBalancerTask (ContainerBalancerTask.java:processMoveSelection(569)) - ContainerBalancer is trying to move container #49 with size 1073741824B from source datanode db181bd3-b062-4398-a6ff-5b33682a98da to target datanode f61cab20-abca-4ce3-9a1a-4e68c6d62e25
2023-07-25 18:54:26,737 [main] DEBUG balancer.ContainerBalancerTask (ContainerBalancerTask.java:lambda$moveContainer$3(837)) - Container move completed for container #49 from source db181bd3-b062-4398-a6ff-5b33682a98da to target f61cab20-abca-4ce3-9a1a-4e68c6d62e25
2023-07-25 18:54:26,739 [main] DEBUG balancer.ContainerBalancerTask (ContainerBalancerTask.java:matchSourceWithTarget(708)) - ContainerBalancer is finding suitable target for source datanode fb03aaf9-0c3d-4108-a5d3-95d813784736
2023-07-25 18:54:26,740 [main] INFO  balancer.ContainerBalancerTask (ContainerBalancerTask.java:matchSourceWithTarget(722)) - ContainerBalancer matched source datanode fb03aaf9-0c3d-4108-a5d3-95d813784736 with target datanode 94965900-0449-46fc-b462-a73b82ea6d6d for container move.
2023-07-25 18:54:26,740 [main] INFO  balancer.ContainerBalancerTask (ContainerBalancerTask.java:processMoveSelection(569)) - ContainerBalancer is trying to move container #19 with size 4294967296B from source datanode fb03aaf9-0c3d-4108-a5d3-95d813784736 to target datanode 94965900-0449-46fc-b462-a73b82ea6d6d
2023-07-25 18:54:26,740 [main] DEBUG balancer.ContainerBalancerTask (ContainerBalancerTask.java:lambda$moveContainer$3(837)) - Container move completed for container #19 from source fb03aaf9-0c3d-4108-a5d3-95d813784736 to target 94965900-0449-46fc-b462-a73b82ea6d6d
2023-07-25 18:54:26,743 [main] DEBUG balancer.ContainerBalancerTask (ContainerBalancerTask.java:matchSourceWithTarget(708)) - ContainerBalancer is finding suitable target for source datanode 1f534a8d-dc89-40bf-bba1-f8ff8ef13273
2023-07-25 18:54:26,743 [main] INFO  balancer.ContainerBalancerTask (ContainerBalancerTask.java:matchSourceWithTarget(722)) - ContainerBalancer matched source datanode 1f534a8d-dc89-40bf-bba1-f8ff8ef13273 with target datanode f61cab20-abca-4ce3-9a1a-4e68c6d62e25 for container move.
2023-07-25 18:54:26,743 [main] INFO  balancer.ContainerBalancerTask (ContainerBalancerTask.java:processMoveSelection(569)) - ContainerBalancer is trying to move container #41 with size 1073741824B from source datanode 1f534a8d-dc89-40bf-bba1-f8ff8ef13273 to target datanode f61cab20-abca-4ce3-9a1a-4e68c6d62e25
2023-07-25 18:54:26,743 [main] DEBUG balancer.ContainerBalancerTask (ContainerBalancerTask.java:lambda$moveContainer$3(837)) - Container move completed for container #41 from source 1f534a8d-dc89-40bf-bba1-f8ff8ef13273 to target f61cab20-abca-4ce3-9a1a-4e68c6d62e25
2023-07-25 18:54:26,746 [main] DEBUG balancer.ContainerBalancerTask (ContainerBalancerTask.java:matchSourceWithTarget(701)) - ContainerBalancer could not find any candidate containers for datanode 37913b22-f34f-4e01-bc88-d2a795aefb1f
2023-07-25 18:54:26,748 [main] DEBUG balancer.ContainerBalancerTask (ContainerBalancerTask.java:matchSourceWithTarget(708)) - ContainerBalancer is finding suitable target for source datanode 1f534a8d-dc89-40bf-bba1-f8ff8ef13273
2023-07-25 18:54:26,749 [main] INFO  balancer.FindTargetGreedyByUsageInfo (AbstractFindTargetGreedy.java:findTargetForContainerMove(133)) - Container Balancer could not find a target for source datanode 1f534a8d-dc89-40bf-bba1-f8ff8ef13273
2023-07-25 18:54:26,749 [main] DEBUG balancer.ContainerBalancerTask (ContainerBalancerTask.java:matchSourceWithTarget(717)) - ContainerBalancer could not find a suitable target for source node 1f534a8d-dc89-40bf-bba1-f8ff8ef13273.
2023-07-25 18:54:26,752 [main] DEBUG balancer.ContainerBalancerTask (ContainerBalancerTask.java:matchSourceWithTarget(708)) - ContainerBalancer is finding suitable target for source datanode db181bd3-b062-4398-a6ff-5b33682a98da
2023-07-25 18:54:26,752 [main] INFO  balancer.ContainerBalancerTask (ContainerBalancerTask.java:matchSourceWithTarget(722)) - ContainerBalancer matched source datanode db181bd3-b062-4398-a6ff-5b33682a98da with target datanode f61cab20-abca-4ce3-9a1a-4e68c6d62e25 for container move.
2023-07-25 18:54:26,752 [main] INFO  balancer.ContainerBalancerTask (ContainerBalancerTask.java:processMoveSelection(569)) - ContainerBalancer is trying to move container #16 with size 1073741824B from source datanode db181bd3-b062-4398-a6ff-5b33682a98da to target datanode f61cab20-abca-4ce3-9a1a-4e68c6d62e25
2023-07-25 18:54:26,753 [main] DEBUG balancer.ContainerBalancerTask (ContainerBalancerTask.java:lambda$moveContainer$3(837)) - Container move completed for container #16 from source db181bd3-b062-4398-a6ff-5b33682a98da to target f61cab20-abca-4ce3-9a1a-4e68c6d62e25
2023-07-25 18:54:26,754 [main] DEBUG balancer.ContainerBalancerTask (ContainerBalancerTask.java:matchSourceWithTarget(708)) - ContainerBalancer is finding suitable target for source datanode 8dd5278f-897d-47d9-85c4-5afe3f22addd
2023-07-25 18:54:26,754 [main] INFO  balancer.FindTargetGreedyByUsageInfo (AbstractFindTargetGreedy.java:findTargetForContainerMove(133)) - Container Balancer could not find a target for source datanode 8dd5278f-897d-47d9-85c4-5afe3f22addd
2023-07-25 18:54:26,754 [main] DEBUG balancer.ContainerBalancerTask (ContainerBalancerTask.java:matchSourceWithTarget(717)) - ContainerBalancer could not find a suitable target for source node 8dd5278f-897d-47d9-85c4-5afe3f22addd.
2023-07-25 18:54:26,757 [main] DEBUG balancer.ContainerBalancerTask (ContainerBalancerTask.java:matchSourceWithTarget(701)) - ContainerBalancer could not find any candidate containers for datanode db181bd3-b062-4398-a6ff-5b33682a98da
2023-07-25 18:54:26,759 [main] DEBUG balancer.ContainerBalancerTask (ContainerBalancerTask.java:matchSourceWithTarget(708)) - ContainerBalancer is finding suitable target for source datanode fb03aaf9-0c3d-4108-a5d3-95d813784736
2023-07-25 18:54:26,760 [main] INFO  balancer.ContainerBalancerTask (ContainerBalancerTask.java:matchSourceWithTarget(722)) - ContainerBalancer matched source datanode fb03aaf9-0c3d-4108-a5d3-95d813784736 with target datanode f61cab20-abca-4ce3-9a1a-4e68c6d62e25 for container move.
2023-07-25 18:54:26,760 [main] INFO  balancer.ContainerBalancerTask (ContainerBalancerTask.java:processMoveSelection(569)) - ContainerBalancer is trying to move container #36 with size 1073741824B from source datanode fb03aaf9-0c3d-4108-a5d3-95d813784736 to target datanode f61cab20-abca-4ce3-9a1a-4e68c6d62e25
2023-07-25 18:54:26,760 [main] DEBUG balancer.ContainerBalancerTask (ContainerBalancerTask.java:lambda$moveContainer$3(837)) - Container move completed for container #36 from source fb03aaf9-0c3d-4108-a5d3-95d813784736 to target f61cab20-abca-4ce3-9a1a-4e68c6d62e25
2023-07-25 18:54:26,763 [main] DEBUG balancer.ContainerBalancerTask (ContainerBalancerTask.java:matchSourceWithTarget(708)) - ContainerBalancer is finding suitable target for source datanode fb03aaf9-0c3d-4108-a5d3-95d813784736
2023-07-25 18:54:26,763 [main] INFO  balancer.FindTargetGreedyByUsageInfo (AbstractFindTargetGreedy.java:findTargetForContainerMove(133)) - Container Balancer could not find a target for source datanode fb03aaf9-0c3d-4108-a5d3-95d813784736
2023-07-25 18:54:26,763 [main] DEBUG balancer.ContainerBalancerTask (ContainerBalancerTask.java:matchSourceWithTarget(717)) - ContainerBalancer could not find a suitable target for source node fb03aaf9-0c3d-4108-a5d3-95d813784736.
2023-07-25 18:54:26,763 [main] INFO  balancer.FindSourceGreedy (FindSourceGreedy.java:getNextCandidateSourceDataNode(126)) - no more candidate source data node
2023-07-25 18:54:26,764 [main] INFO  balancer.ContainerBalancerTask (ContainerBalancerTask.java:checkIterationMoveResults(642)) - Iteration Summary. Number of Datanodes involved: 8. Size moved: 97 GB (104152956928 Bytes). Number of Container moves completed: 35.
2023-07-25 18:54:26,764 [main] INFO  balancer.ContainerBalancerTask (ContainerBalancerTask.java:balance(259)) - Result of this iteration of Container Balancer: ITERATION_COMPLETED
2023-07-25 18:54:26,764 [main] INFO  balancer.ContainerBalancerTask (ContainerBalancerTask.java:tryStopWithSaveConfiguration(308)) - Save Configuration for stopping. Reason: Completed all iterations.
]]></system-out>
  </testcase>
  <testcase name="balancerShouldNotSelectNonClosedContainerReplicas" classname="org.apache.hadoop.hdds.scm.container.balancer.TestContainerBalancerTask" time="0.051">
    <system-out><![CDATA[2023-07-25 18:54:26,794 [main] INFO  net.NodeSchemaLoader (NodeSchemaLoader.java:loadSchemaFromFile(129)) - Loading schema from [file:/home/runner/work/ozone/ozone/hadoop-hdds/common/target/classes/network-topology-default.xml]
2023-07-25 18:54:26,794 [main] INFO  net.NodeSchemaLoader (NodeSchemaLoader.java:loadSchema(176)) - Loading network topology layer schema file
2023-07-25 18:54:26,796 [main] INFO  net.NetworkTopologyImpl (NetworkTopologyImpl.java:add(112)) - Added a new node: /default-rack/d12c3f03-3e26-4220-8840-5bf01e6a3f33
2023-07-25 18:54:26,796 [main] INFO  net.NetworkTopologyImpl (NetworkTopologyImpl.java:add(112)) - Added a new node: /default-rack/da399bc4-d08b-4820-a1ec-18be8c3cf23c
2023-07-25 18:54:26,797 [main] INFO  net.NetworkTopologyImpl (NetworkTopologyImpl.java:add(112)) - Added a new node: /default-rack/7d5b6eda-db17-4db1-a1e5-4fa9e67ef910
2023-07-25 18:54:26,797 [main] INFO  net.NetworkTopologyImpl (NetworkTopologyImpl.java:add(112)) - Added a new node: /default-rack/9b754f7f-036f-4223-85df-9ece99dd023c
2023-07-25 18:54:26,797 [main] INFO  net.NetworkTopologyImpl (NetworkTopologyImpl.java:add(112)) - Added a new node: /default-rack/58c681c5-7be0-4112-ba5e-3c680f3f98ff
2023-07-25 18:54:26,797 [main] INFO  net.NetworkTopologyImpl (NetworkTopologyImpl.java:add(112)) - Added a new node: /default-rack/c8b1bc6c-c52a-403d-b75a-180cb9eb76ee
2023-07-25 18:54:26,797 [main] INFO  net.NetworkTopologyImpl (NetworkTopologyImpl.java:add(112)) - Added a new node: /default-rack/68df0efe-127a-4511-ba7f-0bcb4784d770
2023-07-25 18:54:26,797 [main] INFO  net.NetworkTopologyImpl (NetworkTopologyImpl.java:add(112)) - Added a new node: /default-rack/0a062165-8cc4-464e-90b9-b85a0fd32f53
2023-07-25 18:54:26,798 [main] INFO  net.NetworkTopologyImpl (NetworkTopologyImpl.java:add(112)) - Added a new node: /default-rack/6885b4c2-b94d-4e87-ad19-4ded5e7b5f7e
2023-07-25 18:54:26,798 [main] INFO  net.NetworkTopologyImpl (NetworkTopologyImpl.java:add(112)) - Added a new node: /default-rack/b1b96bf8-fec3-4327-bbe7-e56eb2dc1a8f
2023-07-25 18:54:26,798 [main] INFO  algorithms.ContainerPlacementPolicyFactory (ContainerPlacementPolicyFactory.java:getPolicyInternal(86)) - Create container placement policy of type org.apache.hadoop.hdds.scm.container.placement.algorithms.SCMContainerPlacementRackAware
2023-07-25 18:54:26,798 [main] INFO  algorithms.ContainerPlacementPolicyFactory (ContainerPlacementPolicyFactory.java:getPolicyInternal(86)) - Create container placement policy of type org.apache.hadoop.hdds.scm.container.placement.algorithms.SCMContainerPlacementRackScatter
2023-07-25 18:54:26,802 [main] DEBUG balancer.ContainerBalancerTask (ContainerBalancerTask.java:initializeIteration(374)) - Average utilization of the cluster is 0.32318954007647915
2023-07-25 18:54:26,802 [main] DEBUG balancer.ContainerBalancerTask (ContainerBalancerTask.java:initializeIteration(386)) - Lower limit for utilization is 0.22318954007647915 and Upper limit for utilization is 0.42318954007647913
2023-07-25 18:54:26,802 [main] DEBUG balancer.ContainerBalancerTask (ContainerBalancerTask.java:initializeIteration(398)) - Utilization for node c8b1bc6c-c52a-403d-b75a-180cb9eb76ee with capacity 56073184142B, used 50465865728B, and remaining 5607318414B is 0.9000000000035667
2023-07-25 18:54:26,802 [main] DEBUG balancer.ContainerBalancerTask (ContainerBalancerTask.java:initializeIteration(398)) - Utilization for node b1b96bf8-fec3-4327-bbe7-e56eb2dc1a8f with capacity 61740154880B, used 49392123904B, and remaining 12348030976B is 0.8
2023-07-25 18:54:26,802 [main] DEBUG balancer.ContainerBalancerTask (ContainerBalancerTask.java:initializeIteration(398)) - Utilization for node 0a062165-8cc4-464e-90b9-b85a0fd32f53 with capacity 75161927680B, used 52613349376B, and remaining 22548578304B is 0.7
2023-07-25 18:54:26,803 [main] DEBUG balancer.ContainerBalancerTask (ContainerBalancerTask.java:initializeIteration(398)) - Utilization for node 9b754f7f-036f-4223-85df-9ece99dd023c with capacity 102005473280B, used 61203283968B, and remaining 40802189312B is 0.6
2023-07-25 18:54:26,803 [main] DEBUG balancer.ContainerBalancerTask (ContainerBalancerTask.java:initializeIteration(398)) - Utilization for node 7d5b6eda-db17-4db1-a1e5-4fa9e67ef910 with capacity 68719476736B, used 34359738368B, and remaining 34359738368B is 0.5
2023-07-25 18:54:26,803 [main] DEBUG balancer.ContainerBalancerTask (ContainerBalancerTask.java:initializeIteration(398)) - Utilization for node d12c3f03-3e26-4220-8840-5bf01e6a3f33 with capacity 118111600640B, used 47244640256B, and remaining 70866960384B is 0.4
2023-07-25 18:54:26,803 [main] DEBUG balancer.ContainerBalancerTask (ContainerBalancerTask.java:initializeIteration(398)) - Utilization for node 58c681c5-7be0-4112-ba5e-3c680f3f98ff with capacity 107374182400B, used 32212254720B, and remaining 75161927680B is 0.3
2023-07-25 18:54:26,803 [main] DEBUG balancer.ContainerBalancerTask (ContainerBalancerTask.java:initializeIteration(398)) - Utilization for node 6885b4c2-b94d-4e87-ad19-4ded5e7b5f7e with capacity 230854492160B, used 46170898432B, and remaining 184683593728B is 0.2
2023-07-25 18:54:26,803 [main] DEBUG balancer.ContainerBalancerTask (ContainerBalancerTask.java:initializeIteration(398)) - Utilization for node da399bc4-d08b-4820-a1ec-18be8c3cf23c with capacity 450971566080B, used 45097156608B, and remaining 405874409472B is 0.1
2023-07-25 18:54:26,803 [main] DEBUG balancer.ContainerBalancerTask (ContainerBalancerTask.java:initializeIteration(398)) - Utilization for node 68df0efe-127a-4511-ba7f-0bcb4784d770 with capacity 24696061952B, used 0B, and remaining 24696061952B is 0.0
2023-07-25 18:54:26,803 [main] INFO  balancer.ContainerBalancerTask (ContainerBalancerTask.java:initializeIteration(447)) - Container Balancer has identified 5 Over-Utilized and 3 Under-Utilized Datanodes that need to be balanced.
2023-07-25 18:54:26,803 [main] DEBUG balancer.ContainerBalancerTask (ContainerBalancerTask.java:lambda$initializeIteration$1(453)) - Datanode localhost-78.154.220.192 c8b1bc6c-c52a-403d-b75a-180cb9eb76ee is Over-Utilized.
2023-07-25 18:54:26,804 [main] DEBUG balancer.ContainerBalancerTask (ContainerBalancerTask.java:lambda$initializeIteration$1(453)) - Datanode localhost-84.11.173.123 b1b96bf8-fec3-4327-bbe7-e56eb2dc1a8f is Over-Utilized.
2023-07-25 18:54:26,804 [main] DEBUG balancer.ContainerBalancerTask (ContainerBalancerTask.java:lambda$initializeIteration$1(453)) - Datanode localhost-141.251.211.13 0a062165-8cc4-464e-90b9-b85a0fd32f53 is Over-Utilized.
2023-07-25 18:54:26,804 [main] DEBUG balancer.ContainerBalancerTask (ContainerBalancerTask.java:lambda$initializeIteration$1(453)) - Datanode localhost-15.102.112.222 9b754f7f-036f-4223-85df-9ece99dd023c is Over-Utilized.
2023-07-25 18:54:26,804 [main] DEBUG balancer.ContainerBalancerTask (ContainerBalancerTask.java:lambda$initializeIteration$1(453)) - Datanode localhost-80.156.70.105 7d5b6eda-db17-4db1-a1e5-4fa9e67ef910 is Over-Utilized.
2023-07-25 18:54:26,804 [main] DEBUG balancer.ContainerBalancerTask (ContainerBalancerTask.java:lambda$initializeIteration$2(459)) - Datanode localhost-179.124.78.93 68df0efe-127a-4511-ba7f-0bcb4784d770 is Under-Utilized.
2023-07-25 18:54:26,804 [main] DEBUG balancer.ContainerBalancerTask (ContainerBalancerTask.java:lambda$initializeIteration$2(459)) - Datanode localhost-142.34.246.197 da399bc4-d08b-4820-a1ec-18be8c3cf23c is Under-Utilized.
2023-07-25 18:54:26,804 [main] DEBUG balancer.ContainerBalancerTask (ContainerBalancerTask.java:lambda$initializeIteration$2(459)) - Datanode localhost-141.51.76.228 6885b4c2-b94d-4e87-ad19-4ded5e7b5f7e is Under-Utilized.
2023-07-25 18:54:26,807 [main] DEBUG balancer.ContainerBalancerTask (ContainerBalancerTask.java:matchSourceWithTarget(701)) - ContainerBalancer could not find any candidate containers for datanode c8b1bc6c-c52a-403d-b75a-180cb9eb76ee
2023-07-25 18:54:26,810 [main] DEBUG balancer.ContainerBalancerTask (ContainerBalancerTask.java:matchSourceWithTarget(701)) - ContainerBalancer could not find any candidate containers for datanode b1b96bf8-fec3-4327-bbe7-e56eb2dc1a8f
2023-07-25 18:54:26,813 [main] DEBUG balancer.ContainerBalancerTask (ContainerBalancerTask.java:matchSourceWithTarget(701)) - ContainerBalancer could not find any candidate containers for datanode 0a062165-8cc4-464e-90b9-b85a0fd32f53
2023-07-25 18:54:26,816 [main] DEBUG balancer.ContainerBalancerTask (ContainerBalancerTask.java:matchSourceWithTarget(701)) - ContainerBalancer could not find any candidate containers for datanode 9b754f7f-036f-4223-85df-9ece99dd023c
2023-07-25 18:54:26,818 [main] DEBUG balancer.ContainerBalancerTask (ContainerBalancerTask.java:matchSourceWithTarget(701)) - ContainerBalancer could not find any candidate containers for datanode 7d5b6eda-db17-4db1-a1e5-4fa9e67ef910
2023-07-25 18:54:26,818 [main] INFO  balancer.FindSourceGreedy (FindSourceGreedy.java:getNextCandidateSourceDataNode(126)) - no more candidate source data node
2023-07-25 18:54:26,818 [main] INFO  balancer.ContainerBalancerTask (ContainerBalancerTask.java:balance(259)) - Result of this iteration of Container Balancer: CAN_NOT_BALANCE_ANY_MORE
2023-07-25 18:54:26,818 [main] INFO  balancer.ContainerBalancerTask (ContainerBalancerTask.java:tryStopWithSaveConfiguration(308)) - Save Configuration for stopping. Reason: CAN_NOT_BALANCE_ANY_MORE
]]></system-out>
  </testcase>
  <testcase name="testDelayedStart" classname="org.apache.hadoop.hdds.scm.container.balancer.TestContainerBalancerTask" time="0.093">
    <error type="java.util.concurrent.TimeoutException"><![CDATA[java.util.concurrent.TimeoutException: 
Timed out waiting for condition. Thread diagnostics:
Timestamp: 2023-07-25 06:54:26,890

"Thread-16"  prio=5 tid=27 timed_waiting
java.lang.Thread.State: TIMED_WAITING
        at java.lang.Thread.sleep(Native Method)
        at org.apache.hadoop.hdds.scm.container.balancer.TestContainerBalancerTask.lambda$genCompletableFuture$15(TestContainerBalancerTask.java:1332)
        at org.apache.hadoop.hdds.scm.container.balancer.TestContainerBalancerTask$$Lambda$437/888005223.get(Unknown Source)
        at java.util.concurrent.CompletableFuture$AsyncSupply.run(CompletableFuture.java:1604)
        at java.lang.Thread.run(Thread.java:750)
"surefire-forkedjvm-command-thread" daemon prio=5 tid=10 runnable
java.lang.Thread.State: RUNNABLE
        at java.io.FileInputStream.readBytes(Native Method)
        at java.io.FileInputStream.read(FileInputStream.java:255)
        at java.io.BufferedInputStream.read1(BufferedInputStream.java:284)
        at java.io.BufferedInputStream.read(BufferedInputStream.java:345)
        at java.io.BufferedInputStream.fill(BufferedInputStream.java:246)
        at java.io.BufferedInputStream.read1(BufferedInputStream.java:286)
        at java.io.BufferedInputStream.read(BufferedInputStream.java:345)
        at org.apache.maven.surefire.api.util.internal.Channels$3.readImpl(Channels.java:214)
        at org.apache.maven.surefire.api.util.internal.AbstractNoninterruptibleReadableChannel.read(AbstractNoninterruptibleReadableChannel.java:54)
        at org.apache.maven.surefire.booter.spi.LegacyMasterProcessChannelDecoder.decode(LegacyMasterProcessChannelDecoder.java:80)
        at org.apache.maven.surefire.booter.CommandReader$CommandRunnable.run(CommandReader.java:343)
        at java.lang.Thread.run(Thread.java:750)
"Thread-18"  prio=5 tid=29 timed_waiting
java.lang.Thread.State: TIMED_WAITING
        at java.lang.Thread.sleep(Native Method)
        at org.apache.hadoop.hdds.scm.container.balancer.TestContainerBalancerTask.lambda$genCompletableFuture$15(TestContainerBalancerTask.java:1332)
        at org.apache.hadoop.hdds.scm.container.balancer.TestContainerBalancerTask$$Lambda$437/888005223.get(Unknown Source)
        at java.util.concurrent.CompletableFuture$AsyncSupply.run(CompletableFuture.java:1604)
        at java.lang.Thread.run(Thread.java:750)
"Thread-20"  prio=5 tid=31 timed_waiting
java.lang.Thread.State: TIMED_WAITING
        at java.lang.Thread.sleep(Native Method)
        at org.apache.hadoop.hdds.scm.container.balancer.TestContainerBalancerTask.lambda$genCompletableFuture$15(TestContainerBalancerTask.java:1332)
        at org.apache.hadoop.hdds.scm.container.balancer.TestContainerBalancerTask$$Lambda$437/888005223.get(Unknown Source)
        at java.util.concurrent.CompletableFuture$AsyncSupply.run(CompletableFuture.java:1604)
        at java.lang.Thread.run(Thread.java:750)
"Thread-14"  prio=5 tid=25 timed_waiting
java.lang.Thread.State: TIMED_WAITING
        at java.lang.Thread.sleep(Native Method)
        at org.apache.hadoop.hdds.scm.container.balancer.TestContainerBalancerTask.lambda$genCompletableFuture$15(TestContainerBalancerTask.java:1332)
        at org.apache.hadoop.hdds.scm.container.balancer.TestContainerBalancerTask$$Lambda$437/888005223.get(Unknown Source)
        at java.util.concurrent.CompletableFuture$AsyncSupply.run(CompletableFuture.java:1604)
        at java.lang.Thread.run(Thread.java:750)
"process reaper" daemon prio=10 tid=13 timed_waiting
java.lang.Thread.State: TIMED_WAITING
        at sun.misc.Unsafe.park(Native Method)
        at java.util.concurrent.locks.LockSupport.parkNanos(LockSupport.java:215)
        at java.util.concurrent.SynchronousQueue$TransferStack.awaitFulfill(SynchronousQueue.java:460)
        at java.util.concurrent.SynchronousQueue$TransferStack.transfer(SynchronousQueue.java:362)
        at java.util.concurrent.SynchronousQueue.poll(SynchronousQueue.java:941)
        at java.util.concurrent.ThreadPoolExecutor.getTask(ThreadPoolExecutor.java:1073)
        at java.util.concurrent.ThreadPoolExecutor.runWorker(ThreadPoolExecutor.java:1134)
        at java.util.concurrent.ThreadPoolExecutor$Worker.run(ThreadPoolExecutor.java:624)
        at java.lang.Thread.run(Thread.java:750)
"Thread-15"  prio=5 tid=26 timed_waiting
java.lang.Thread.State: TIMED_WAITING
        at java.lang.Thread.sleep(Native Method)
        at org.apache.hadoop.hdds.scm.container.balancer.TestContainerBalancerTask.lambda$genCompletableFuture$15(TestContainerBalancerTask.java:1332)
        at org.apache.hadoop.hdds.scm.container.balancer.TestContainerBalancerTask$$Lambda$437/888005223.get(Unknown Source)
        at java.util.concurrent.CompletableFuture$AsyncSupply.run(CompletableFuture.java:1604)
        at java.lang.Thread.run(Thread.java:750)
"Attach Listener" daemon prio=9 tid=12 runnable
java.lang.Thread.State: RUNNABLE
"Thread-11"  prio=5 tid=22 timed_waiting
java.lang.Thread.State: TIMED_WAITING
        at java.lang.Thread.sleep(Native Method)
        at org.apache.hadoop.hdds.scm.container.balancer.TestContainerBalancerTask.lambda$genCompletableFuture$15(TestContainerBalancerTask.java:1332)
        at org.apache.hadoop.hdds.scm.container.balancer.TestContainerBalancerTask$$Lambda$437/888005223.get(Unknown Source)
        at java.util.concurrent.CompletableFuture$AsyncSupply.run(CompletableFuture.java:1604)
        at java.lang.Thread.run(Thread.java:750)
"Reference Handler" daemon prio=10 tid=2 in Object.wait()
java.lang.Thread.State: WAITING (on object monitor)
        at java.lang.Object.wait(Native Method)
        at java.lang.Object.wait(Object.java:502)
        at java.lang.ref.Reference.tryHandlePending(Reference.java:191)
        at java.lang.ref.Reference$ReferenceHandler.run(Reference.java:153)
"Thread-8"  prio=5 tid=19 timed_waiting
java.lang.Thread.State: TIMED_WAITING
        at java.lang.Thread.sleep(Native Method)
        at org.apache.hadoop.hdds.scm.container.balancer.TestContainerBalancerTask.lambda$genCompletableFuture$15(TestContainerBalancerTask.java:1332)
        at org.apache.hadoop.hdds.scm.container.balancer.TestContainerBalancerTask$$Lambda$437/888005223.get(Unknown Source)
        at java.util.concurrent.CompletableFuture$AsyncSupply.run(CompletableFuture.java:1604)
        at java.lang.Thread.run(Thread.java:750)
"Thread-12"  prio=5 tid=23 timed_waiting
java.lang.Thread.State: TIMED_WAITING
        at java.lang.Thread.sleep(Native Method)
        at org.apache.hadoop.hdds.scm.container.balancer.TestContainerBalancerTask.lambda$genCompletableFuture$15(TestContainerBalancerTask.java:1332)
        at org.apache.hadoop.hdds.scm.container.balancer.TestContainerBalancerTask$$Lambda$437/888005223.get(Unknown Source)
        at java.util.concurrent.CompletableFuture$AsyncSupply.run(CompletableFuture.java:1604)
        at java.lang.Thread.run(Thread.java:750)
"Finalizer" daemon prio=8 tid=3 in Object.wait()
java.lang.Thread.State: WAITING (on object monitor)
        at java.lang.Object.wait(Native Method)
        at java.lang.ref.ReferenceQueue.remove(ReferenceQueue.java:144)
        at java.lang.ref.ReferenceQueue.remove(ReferenceQueue.java:165)
        at java.lang.ref.Finalizer$FinalizerThread.run(Finalizer.java:188)
"Thread-6"  prio=5 tid=17 timed_waiting
java.lang.Thread.State: TIMED_WAITING
        at java.lang.Thread.sleep(Native Method)
        at org.apache.hadoop.hdds.scm.container.balancer.TestContainerBalancerTask.lambda$genCompletableFuture$15(TestContainerBalancerTask.java:1332)
        at org.apache.hadoop.hdds.scm.container.balancer.TestContainerBalancerTask$$Lambda$437/888005223.get(Unknown Source)
        at java.util.concurrent.CompletableFuture$AsyncSupply.run(CompletableFuture.java:1604)
        at java.lang.Thread.run(Thread.java:750)
"Thread-7"  prio=5 tid=18 timed_waiting
java.lang.Thread.State: TIMED_WAITING
        at java.lang.Thread.sleep(Native Method)
        at org.apache.hadoop.hdds.scm.container.balancer.TestContainerBalancerTask.lambda$genCompletableFuture$15(TestContainerBalancerTask.java:1332)
        at org.apache.hadoop.hdds.scm.container.balancer.TestContainerBalancerTask$$Lambda$437/888005223.get(Unknown Source)
        at java.util.concurrent.CompletableFuture$AsyncSupply.run(CompletableFuture.java:1604)
        at java.lang.Thread.run(Thread.java:750)
"Signal Dispatcher" daemon prio=9 tid=4 runnable
java.lang.Thread.State: RUNNABLE
"main"  prio=5 tid=1 runnable
java.lang.Thread.State: RUNNABLE
        at java.lang.Thread.dumpThreads(Native Method)
        at java.lang.Thread.getAllStackTraces(Thread.java:1615)
        at org.apache.ozone.test.TimedOutTestsListener.buildThreadDump(TimedOutTestsListener.java:93)
        at org.apache.ozone.test.TimedOutTestsListener.buildThreadDiagnosticString(TimedOutTestsListener.java:79)
        at org.apache.ozone.test.GenericTestUtils.waitFor(GenericTestUtils.java:229)
        at org.apache.hadoop.hdds.scm.container.balancer.TestContainerBalancerTask.testDelayedStart(TestContainerBalancerTask.java:1078)
        at sun.reflect.NativeMethodAccessorImpl.invoke0(Native Method)
        at sun.reflect.NativeMethodAccessorImpl.invoke(NativeMethodAccessorImpl.java:62)
        at sun.reflect.DelegatingMethodAccessorImpl.invoke(DelegatingMethodAccessorImpl.java:43)
        at java.lang.reflect.Method.invoke(Method.java:498)
        at org.junit.platform.commons.util.ReflectionUtils.invokeMethod(ReflectionUtils.java:725)
        at org.junit.jupiter.engine.execution.MethodInvocation.proceed(MethodInvocation.java:60)
        at org.junit.jupiter.engine.execution.InvocationInterceptorChain$ValidatingInvocation.proceed(InvocationInterceptorChain.java:131)
        at org.junit.jupiter.engine.extension.TimeoutExtension.intercept(TimeoutExtension.java:149)
        at org.junit.jupiter.engine.extension.TimeoutExtension.interceptTestableMethod(TimeoutExtension.java:140)
        at org.junit.jupiter.engine.extension.TimeoutExtension.interceptTestMethod(TimeoutExtension.java:84)
        at org.junit.jupiter.engine.descriptor.TestMethodTestDescriptor$$Lambda$158/1987169128.apply(Unknown Source)
        at org.junit.jupiter.engine.execution.ExecutableInvoker$ReflectiveInterceptorCall.lambda$ofVoidMethod$0(ExecutableInvoker.java:115)
        at org.junit.jupiter.engine.execution.ExecutableInvoker$ReflectiveInterceptorCall$$Lambda$159/980138431.apply(Unknown Source)
        at org.junit.jupiter.engine.execution.ExecutableInvoker.lambda$invoke$0(ExecutableInvoker.java:105)
        at org.junit.jupiter.engine.execution.ExecutableInvoker$$Lambda$317/1271041075.apply(Unknown Source)
        at org.junit.jupiter.engine.execution.InvocationInterceptorChain$InterceptedInvocation.proceed(InvocationInterceptorChain.java:106)
        at org.junit.jupiter.engine.execution.InvocationInterceptorChain.proceed(InvocationInterceptorChain.java:64)
        at org.junit.jupiter.engine.execution.InvocationInterceptorChain.chainAndInvoke(InvocationInterceptorChain.java:45)
        at org.junit.jupiter.engine.execution.InvocationInterceptorChain.invoke(InvocationInterceptorChain.java:37)
        at org.junit.jupiter.engine.execution.ExecutableInvoker.invoke(ExecutableInvoker.java:104)
        at org.junit.jupiter.engine.execution.ExecutableInvoker.invoke(ExecutableInvoker.java:98)
        at org.junit.jupiter.engine.descriptor.TestMethodTestDescriptor.lambda$invokeTestMethod$7(TestMethodTestDescriptor.java:214)
        at org.junit.jupiter.engine.descriptor.TestMethodTestDescriptor$$Lambda$379/985324389.execute(Unknown Source)
        at org.junit.platform.engine.support.hierarchical.ThrowableCollector.execute(ThrowableCollector.java:73)
        at org.junit.jupiter.engine.descriptor.TestMethodTestDescriptor.invokeTestMethod(TestMethodTestDescriptor.java:210)
        at org.junit.jupiter.engine.descriptor.TestMethodTestDescriptor.execute(TestMethodTestDescriptor.java:135)
        at org.junit.jupiter.engine.descriptor.TestMethodTestDescriptor.execute(TestMethodTestDescriptor.java:66)
        at org.junit.platform.engine.support.hierarchical.NodeTestTask.lambda$executeRecursively$6(NodeTestTask.java:151)
        at org.junit.platform.engine.support.hierarchical.NodeTestTask$$Lambda$258/1058609221.execute(Unknown Source)
        at org.junit.platform.engine.support.hierarchical.ThrowableCollector.execute(ThrowableCollector.java:73)
        at org.junit.platform.engine.support.hierarchical.NodeTestTask.lambda$executeRecursively$8(NodeTestTask.java:141)
        at org.junit.platform.engine.support.hierarchical.NodeTestTask$$Lambda$257/1000966072.invoke(Unknown Source)
        at org.junit.platform.engine.support.hierarchical.Node.around(Node.java:137)
        at org.junit.platform.engine.support.hierarchical.NodeTestTask.lambda$executeRecursively$9(NodeTestTask.java:139)
        at org.junit.platform.engine.support.hierarchical.NodeTestTask$$Lambda$256/673586830.execute(Unknown Source)
        at org.junit.platform.engine.support.hierarchical.ThrowableCollector.execute(ThrowableCollector.java:73)
        at org.junit.platform.engine.support.hierarchical.NodeTestTask.executeRecursively(NodeTestTask.java:138)
        at org.junit.platform.engine.support.hierarchical.NodeTestTask.execute(NodeTestTask.java:95)
        at org.junit.platform.engine.support.hierarchical.SameThreadHierarchicalTestExecutorService$$Lambda$262/1617838096.accept(Unknown Source)
        at java.util.ArrayList.forEach(ArrayList.java:1259)
        at org.junit.platform.engine.support.hierarchical.SameThreadHierarchicalTestExecutorService.invokeAll(SameThreadHierarchicalTestExecutorService.java:41)
        at org.junit.platform.engine.support.hierarchical.NodeTestTask.lambda$executeRecursively$6(NodeTestTask.java:155)
        at org.junit.platform.engine.support.hierarchical.NodeTestTask$$Lambda$258/1058609221.execute(Unknown Source)
        at org.junit.platform.engine.support.hierarchical.ThrowableCollector.execute(ThrowableCollector.java:73)
        at org.junit.platform.engine.support.hierarchical.NodeTestTask.lambda$executeRecursively$8(NodeTestTask.java:141)
        at org.junit.platform.engine.support.hierarchical.NodeTestTask$$Lambda$257/1000966072.invoke(Unknown Source)
        at org.junit.platform.engine.support.hierarchical.Node.around(Node.java:137)
        at org.junit.platform.engine.support.hierarchical.NodeTestTask.lambda$executeRecursively$9(NodeTestTask.java:139)
        at org.junit.platform.engine.support.hierarchical.NodeTestTask$$Lambda$256/673586830.execute(Unknown Source)
        at org.junit.platform.engine.support.hierarchical.ThrowableCollector.execute(ThrowableCollector.java:73)
        at org.junit.platform.engine.support.hierarchical.NodeTestTask.executeRecursively(NodeTestTask.java:138)
        at org.junit.platform.engine.support.hierarchical.NodeTestTask.execute(NodeTestTask.java:95)
        at org.junit.platform.engine.support.hierarchical.SameThreadHierarchicalTestExecutorService$$Lambda$262/1617838096.accept(Unknown Source)
        at java.util.ArrayList.forEach(ArrayList.java:1259)
        at org.junit.platform.engine.support.hierarchical.SameThreadHierarchicalTestExecutorService.invokeAll(SameThreadHierarchicalTestExecutorService.java:41)
        at org.junit.platform.engine.support.hierarchical.NodeTestTask.lambda$executeRecursively$6(NodeTestTask.java:155)
        at org.junit.platform.engine.support.hierarchical.NodeTestTask$$Lambda$258/1058609221.execute(Unknown Source)
        at org.junit.platform.engine.support.hierarchical.ThrowableCollector.execute(ThrowableCollector.java:73)
        at org.junit.platform.engine.support.hierarchical.NodeTestTask.lambda$executeRecursively$8(NodeTestTask.java:141)
        at org.junit.platform.engine.support.hierarchical.NodeTestTask$$Lambda$257/1000966072.invoke(Unknown Source)
        at org.junit.platform.engine.support.hierarchical.Node.around(Node.java:137)
        at org.junit.platform.engine.support.hierarchical.NodeTestTask.lambda$executeRecursively$9(NodeTestTask.java:139)
        at org.junit.platform.engine.support.hierarchical.NodeTestTask$$Lambda$256/673586830.execute(Unknown Source)
        at org.junit.platform.engine.support.hierarchical.ThrowableCollector.execute(ThrowableCollector.java:73)
        at org.junit.platform.engine.support.hierarchical.NodeTestTask.executeRecursively(NodeTestTask.java:138)
        at org.junit.platform.engine.support.hierarchical.NodeTestTask.execute(NodeTestTask.java:95)
        at org.junit.platform.engine.support.hierarchical.SameThreadHierarchicalTestExecutorService.submit(SameThreadHierarchicalTestExecutorService.java:35)
        at org.junit.platform.engine.support.hierarchical.HierarchicalTestExecutor.execute(HierarchicalTestExecutor.java:57)
        at org.junit.platform.engine.support.hierarchical.HierarchicalTestEngine.execute(HierarchicalTestEngine.java:54)
        at org.junit.platform.launcher.core.EngineExecutionOrchestrator.execute(EngineExecutionOrchestrator.java:107)
        at org.junit.platform.launcher.core.EngineExecutionOrchestrator.execute(EngineExecutionOrchestrator.java:88)
        at org.junit.platform.launcher.core.EngineExecutionOrchestrator.lambda$execute$0(EngineExecutionOrchestrator.java:54)
        at org.junit.platform.launcher.core.EngineExecutionOrchestrator$$Lambda$214/556281560.accept(Unknown Source)
        at org.junit.platform.launcher.core.EngineExecutionOrchestrator.withInterceptedStreams(EngineExecutionOrchestrator.java:67)
        at org.junit.platform.launcher.core.EngineExecutionOrchestrator.execute(EngineExecutionOrchestrator.java:52)
        at org.junit.platform.launcher.core.DefaultLauncher.execute(DefaultLauncher.java:114)
        at org.junit.platform.launcher.core.DefaultLauncher.execute(DefaultLauncher.java:86)
        at org.junit.platform.launcher.core.DefaultLauncherSession$DelegatingLauncher.execute(DefaultLauncherSession.java:86)
        at org.junit.platform.launcher.core.SessionPerRequestLauncher.execute(SessionPerRequestLauncher.java:53)
        at org.apache.maven.surefire.junitplatform.JUnitPlatformProvider.execute(JUnitPlatformProvider.java:188)
        at org.apache.maven.surefire.junitplatform.JUnitPlatformProvider.invokeAllTests(JUnitPlatformProvider.java:154)
        at org.apache.maven.surefire.junitplatform.JUnitPlatformProvider.invoke(JUnitPlatformProvider.java:124)
        at org.apache.maven.surefire.booter.ForkedBooter.runSuitesInProcess(ForkedBooter.java:428)
        at org.apache.maven.surefire.booter.ForkedBooter.execute(ForkedBooter.java:162)
        at org.apache.maven.surefire.booter.ForkedBooter.run(ForkedBooter.java:562)
        at org.apache.maven.surefire.booter.ForkedBooter.main(ForkedBooter.java:548)
"Thread-9"  prio=5 tid=20 timed_waiting
java.lang.Thread.State: TIMED_WAITING
        at java.lang.Thread.sleep(Native Method)
        at org.apache.hadoop.hdds.scm.container.balancer.TestContainerBalancerTask.lambda$genCompletableFuture$15(TestContainerBalancerTask.java:1332)
        at org.apache.hadoop.hdds.scm.container.balancer.TestContainerBalancerTask$$Lambda$437/888005223.get(Unknown Source)
        at java.util.concurrent.CompletableFuture$AsyncSupply.run(CompletableFuture.java:1604)
        at java.lang.Thread.run(Thread.java:750)
"Thread-21"  prio=5 tid=32 timed_waiting
java.lang.Thread.State: TIMED_WAITING
        at java.lang.Thread.sleep(Native Method)
        at org.apache.hadoop.hdds.scm.container.balancer.TestContainerBalancerTask.lambda$genCompletableFuture$15(TestContainerBalancerTask.java:1332)
        at org.apache.hadoop.hdds.scm.container.balancer.TestContainerBalancerTask$$Lambda$437/888005223.get(Unknown Source)
        at java.util.concurrent.CompletableFuture$AsyncSupply.run(CompletableFuture.java:1604)
        at java.lang.Thread.run(Thread.java:750)
"Thread-13"  prio=5 tid=24 timed_waiting
java.lang.Thread.State: TIMED_WAITING
        at java.lang.Thread.sleep(Native Method)
        at org.apache.hadoop.hdds.scm.container.balancer.TestContainerBalancerTask.lambda$genCompletableFuture$15(TestContainerBalancerTask.java:1332)
        at org.apache.hadoop.hdds.scm.container.balancer.TestContainerBalancerTask$$Lambda$437/888005223.get(Unknown Source)
        at java.util.concurrent.CompletableFuture$AsyncSupply.run(CompletableFuture.java:1604)
        at java.lang.Thread.run(Thread.java:750)
"Thread-22"  prio=5 tid=33 timed_waiting
java.lang.Thread.State: TIMED_WAITING
        at org.apache.hadoop.conf.Configuration.handleDeprecation(Configuration.java:728)
        at org.apache.hadoop.conf.Configuration.get(Configuration.java:1244)
        at org.apache.hadoop.conf.Configuration.getTimeDuration(Configuration.java:1874)
        at org.apache.hadoop.conf.Configuration.getTimeDuration(Configuration.java:1845)
        at org.apache.hadoop.hdds.scm.container.balancer.ContainerBalancerTask.run(ContainerBalancerTask.java:171)
        at java.lang.Thread.run(Thread.java:750)
"Thread-17"  prio=5 tid=28 timed_waiting
java.lang.Thread.State: TIMED_WAITING
        at java.lang.Thread.sleep(Native Method)
        at org.apache.hadoop.hdds.scm.container.balancer.TestContainerBalancerTask.lambda$genCompletableFuture$15(TestContainerBalancerTask.java:1332)
        at org.apache.hadoop.hdds.scm.container.balancer.TestContainerBalancerTask$$Lambda$437/888005223.get(Unknown Source)
        at java.util.concurrent.CompletableFuture$AsyncSupply.run(CompletableFuture.java:1604)
        at java.lang.Thread.run(Thread.java:750)
"Thread-19"  prio=5 tid=30 timed_waiting
java.lang.Thread.State: TIMED_WAITING
        at java.lang.Thread.sleep(Native Method)
        at org.apache.hadoop.hdds.scm.container.balancer.TestContainerBalancerTask.lambda$genCompletableFuture$15(TestContainerBalancerTask.java:1332)
        at org.apache.hadoop.hdds.scm.container.balancer.TestContainerBalancerTask$$Lambda$437/888005223.get(Unknown Source)
        at java.util.concurrent.CompletableFuture$AsyncSupply.run(CompletableFuture.java:1604)
        at java.lang.Thread.run(Thread.java:750)
"Thread-10"  prio=5 tid=21 timed_waiting
java.lang.Thread.State: TIMED_WAITING
        at java.lang.Thread.sleep(Native Method)
        at org.apache.hadoop.hdds.scm.container.balancer.TestContainerBalancerTask.lambda$genCompletableFuture$15(TestContainerBalancerTask.java:1332)
        at org.apache.hadoop.hdds.scm.container.balancer.TestContainerBalancerTask$$Lambda$437/888005223.get(Unknown Source)
        at java.util.concurrent.CompletableFuture$AsyncSupply.run(CompletableFuture.java:1604)
        at java.lang.Thread.run(Thread.java:750)


	at org.apache.ozone.test.GenericTestUtils.waitFor(GenericTestUtils.java:229)
	at org.apache.hadoop.hdds.scm.container.balancer.TestContainerBalancerTask.testDelayedStart(TestContainerBalancerTask.java:1078)
	at sun.reflect.NativeMethodAccessorImpl.invoke0(Native Method)
	at sun.reflect.NativeMethodAccessorImpl.invoke(NativeMethodAccessorImpl.java:62)
	at sun.reflect.DelegatingMethodAccessorImpl.invoke(DelegatingMethodAccessorImpl.java:43)
	at java.lang.reflect.Method.invoke(Method.java:498)
	at org.junit.platform.commons.util.ReflectionUtils.invokeMethod(ReflectionUtils.java:725)
	at org.junit.jupiter.engine.execution.MethodInvocation.proceed(MethodInvocation.java:60)
	at org.junit.jupiter.engine.execution.InvocationInterceptorChain$ValidatingInvocation.proceed(InvocationInterceptorChain.java:131)
	at org.junit.jupiter.engine.extension.TimeoutExtension.intercept(TimeoutExtension.java:149)
	at org.junit.jupiter.engine.extension.TimeoutExtension.interceptTestableMethod(TimeoutExtension.java:140)
	at org.junit.jupiter.engine.extension.TimeoutExtension.interceptTestMethod(TimeoutExtension.java:84)
	at org.junit.jupiter.engine.execution.ExecutableInvoker$ReflectiveInterceptorCall.lambda$ofVoidMethod$0(ExecutableInvoker.java:115)
	at org.junit.jupiter.engine.execution.ExecutableInvoker.lambda$invoke$0(ExecutableInvoker.java:105)
	at org.junit.jupiter.engine.execution.InvocationInterceptorChain$InterceptedInvocation.proceed(InvocationInterceptorChain.java:106)
	at org.junit.jupiter.engine.execution.InvocationInterceptorChain.proceed(InvocationInterceptorChain.java:64)
	at org.junit.jupiter.engine.execution.InvocationInterceptorChain.chainAndInvoke(InvocationInterceptorChain.java:45)
	at org.junit.jupiter.engine.execution.InvocationInterceptorChain.invoke(InvocationInterceptorChain.java:37)
	at org.junit.jupiter.engine.execution.ExecutableInvoker.invoke(ExecutableInvoker.java:104)
	at org.junit.jupiter.engine.execution.ExecutableInvoker.invoke(ExecutableInvoker.java:98)
	at org.junit.jupiter.engine.descriptor.TestMethodTestDescriptor.lambda$invokeTestMethod$7(TestMethodTestDescriptor.java:214)
	at org.junit.platform.engine.support.hierarchical.ThrowableCollector.execute(ThrowableCollector.java:73)
	at org.junit.jupiter.engine.descriptor.TestMethodTestDescriptor.invokeTestMethod(TestMethodTestDescriptor.java:210)
	at org.junit.jupiter.engine.descriptor.TestMethodTestDescriptor.execute(TestMethodTestDescriptor.java:135)
	at org.junit.jupiter.engine.descriptor.TestMethodTestDescriptor.execute(TestMethodTestDescriptor.java:66)
	at org.junit.platform.engine.support.hierarchical.NodeTestTask.lambda$executeRecursively$6(NodeTestTask.java:151)
	at org.junit.platform.engine.support.hierarchical.ThrowableCollector.execute(ThrowableCollector.java:73)
	at org.junit.platform.engine.support.hierarchical.NodeTestTask.lambda$executeRecursively$8(NodeTestTask.java:141)
	at org.junit.platform.engine.support.hierarchical.Node.around(Node.java:137)
	at org.junit.platform.engine.support.hierarchical.NodeTestTask.lambda$executeRecursively$9(NodeTestTask.java:139)
	at org.junit.platform.engine.support.hierarchical.ThrowableCollector.execute(ThrowableCollector.java:73)
	at org.junit.platform.engine.support.hierarchical.NodeTestTask.executeRecursively(NodeTestTask.java:138)
	at org.junit.platform.engine.support.hierarchical.NodeTestTask.execute(NodeTestTask.java:95)
	at java.util.ArrayList.forEach(ArrayList.java:1259)
	at org.junit.platform.engine.support.hierarchical.SameThreadHierarchicalTestExecutorService.invokeAll(SameThreadHierarchicalTestExecutorService.java:41)
	at org.junit.platform.engine.support.hierarchical.NodeTestTask.lambda$executeRecursively$6(NodeTestTask.java:155)
	at org.junit.platform.engine.support.hierarchical.ThrowableCollector.execute(ThrowableCollector.java:73)
	at org.junit.platform.engine.support.hierarchical.NodeTestTask.lambda$executeRecursively$8(NodeTestTask.java:141)
	at org.junit.platform.engine.support.hierarchical.Node.around(Node.java:137)
	at org.junit.platform.engine.support.hierarchical.NodeTestTask.lambda$executeRecursively$9(NodeTestTask.java:139)
	at org.junit.platform.engine.support.hierarchical.ThrowableCollector.execute(ThrowableCollector.java:73)
	at org.junit.platform.engine.support.hierarchical.NodeTestTask.executeRecursively(NodeTestTask.java:138)
	at org.junit.platform.engine.support.hierarchical.NodeTestTask.execute(NodeTestTask.java:95)
	at java.util.ArrayList.forEach(ArrayList.java:1259)
	at org.junit.platform.engine.support.hierarchical.SameThreadHierarchicalTestExecutorService.invokeAll(SameThreadHierarchicalTestExecutorService.java:41)
	at org.junit.platform.engine.support.hierarchical.NodeTestTask.lambda$executeRecursively$6(NodeTestTask.java:155)
	at org.junit.platform.engine.support.hierarchical.ThrowableCollector.execute(ThrowableCollector.java:73)
	at org.junit.platform.engine.support.hierarchical.NodeTestTask.lambda$executeRecursively$8(NodeTestTask.java:141)
	at org.junit.platform.engine.support.hierarchical.Node.around(Node.java:137)
	at org.junit.platform.engine.support.hierarchical.NodeTestTask.lambda$executeRecursively$9(NodeTestTask.java:139)
	at org.junit.platform.engine.support.hierarchical.ThrowableCollector.execute(ThrowableCollector.java:73)
	at org.junit.platform.engine.support.hierarchical.NodeTestTask.executeRecursively(NodeTestTask.java:138)
	at org.junit.platform.engine.support.hierarchical.NodeTestTask.execute(NodeTestTask.java:95)
	at org.junit.platform.engine.support.hierarchical.SameThreadHierarchicalTestExecutorService.submit(SameThreadHierarchicalTestExecutorService.java:35)
	at org.junit.platform.engine.support.hierarchical.HierarchicalTestExecutor.execute(HierarchicalTestExecutor.java:57)
	at org.junit.platform.engine.support.hierarchical.HierarchicalTestEngine.execute(HierarchicalTestEngine.java:54)
	at org.junit.platform.launcher.core.EngineExecutionOrchestrator.execute(EngineExecutionOrchestrator.java:107)
	at org.junit.platform.launcher.core.EngineExecutionOrchestrator.execute(EngineExecutionOrchestrator.java:88)
	at org.junit.platform.launcher.core.EngineExecutionOrchestrator.lambda$execute$0(EngineExecutionOrchestrator.java:54)
	at org.junit.platform.launcher.core.EngineExecutionOrchestrator.withInterceptedStreams(EngineExecutionOrchestrator.java:67)
	at org.junit.platform.launcher.core.EngineExecutionOrchestrator.execute(EngineExecutionOrchestrator.java:52)
	at org.junit.platform.launcher.core.DefaultLauncher.execute(DefaultLauncher.java:114)
	at org.junit.platform.launcher.core.DefaultLauncher.execute(DefaultLauncher.java:86)
	at org.junit.platform.launcher.core.DefaultLauncherSession$DelegatingLauncher.execute(DefaultLauncherSession.java:86)
	at org.junit.platform.launcher.core.SessionPerRequestLauncher.execute(SessionPerRequestLauncher.java:53)
	at org.apache.maven.surefire.junitplatform.JUnitPlatformProvider.execute(JUnitPlatformProvider.java:188)
	at org.apache.maven.surefire.junitplatform.JUnitPlatformProvider.invokeAllTests(JUnitPlatformProvider.java:154)
	at org.apache.maven.surefire.junitplatform.JUnitPlatformProvider.invoke(JUnitPlatformProvider.java:124)
	at org.apache.maven.surefire.booter.ForkedBooter.runSuitesInProcess(ForkedBooter.java:428)
	at org.apache.maven.surefire.booter.ForkedBooter.execute(ForkedBooter.java:162)
	at org.apache.maven.surefire.booter.ForkedBooter.run(ForkedBooter.java:562)
	at org.apache.maven.surefire.booter.ForkedBooter.main(ForkedBooter.java:548)
]]></error>
    <system-out><![CDATA[2023-07-25 18:54:26,845 [main] INFO  net.NodeSchemaLoader (NodeSchemaLoader.java:loadSchemaFromFile(129)) - Loading schema from [file:/home/runner/work/ozone/ozone/hadoop-hdds/common/target/classes/network-topology-default.xml]
2023-07-25 18:54:26,845 [main] INFO  net.NodeSchemaLoader (NodeSchemaLoader.java:loadSchema(176)) - Loading network topology layer schema file
2023-07-25 18:54:26,847 [main] INFO  net.NetworkTopologyImpl (NetworkTopologyImpl.java:add(112)) - Added a new node: /default-rack/250f8a2d-7dd8-4e83-8801-867a52e9760b
2023-07-25 18:54:26,848 [main] INFO  net.NetworkTopologyImpl (NetworkTopologyImpl.java:add(112)) - Added a new node: /default-rack/1a78c95b-e82b-4d2d-93d6-8cd470c603f1
2023-07-25 18:54:26,848 [main] INFO  net.NetworkTopologyImpl (NetworkTopologyImpl.java:add(112)) - Added a new node: /default-rack/a29add25-3dee-44b1-a691-7ebffd36aaa9
2023-07-25 18:54:26,848 [main] INFO  net.NetworkTopologyImpl (NetworkTopologyImpl.java:add(112)) - Added a new node: /default-rack/c97c223a-e83b-4a88-8b9e-0215046b9f77
2023-07-25 18:54:26,848 [main] INFO  net.NetworkTopologyImpl (NetworkTopologyImpl.java:add(112)) - Added a new node: /default-rack/210af163-07ec-4427-bda1-43faac3ca780
2023-07-25 18:54:26,848 [main] INFO  net.NetworkTopologyImpl (NetworkTopologyImpl.java:add(112)) - Added a new node: /default-rack/3cecfe3c-8c8e-46e2-bd1c-fdeb58b56926
2023-07-25 18:54:26,848 [main] INFO  net.NetworkTopologyImpl (NetworkTopologyImpl.java:add(112)) - Added a new node: /default-rack/12a25a44-f397-4618-a55f-a6404d7adf17
2023-07-25 18:54:26,848 [main] INFO  net.NetworkTopologyImpl (NetworkTopologyImpl.java:add(112)) - Added a new node: /default-rack/f05e80a3-c28b-4ec2-ab0e-02af4053698b
2023-07-25 18:54:26,849 [main] INFO  net.NetworkTopologyImpl (NetworkTopologyImpl.java:add(112)) - Added a new node: /default-rack/29e3825f-fa2e-480a-a048-f750b03b62a5
2023-07-25 18:54:26,849 [main] INFO  net.NetworkTopologyImpl (NetworkTopologyImpl.java:add(112)) - Added a new node: /default-rack/ceab4f14-3c0e-4ecd-b379-fc1b80881ce9
2023-07-25 18:54:26,849 [main] INFO  algorithms.ContainerPlacementPolicyFactory (ContainerPlacementPolicyFactory.java:getPolicyInternal(86)) - Create container placement policy of type org.apache.hadoop.hdds.scm.container.placement.algorithms.SCMContainerPlacementRackAware
2023-07-25 18:54:26,849 [main] INFO  algorithms.ContainerPlacementPolicyFactory (ContainerPlacementPolicyFactory.java:getPolicyInternal(86)) - Create container placement policy of type org.apache.hadoop.hdds.scm.container.placement.algorithms.SCMContainerPlacementRackScatter
2023-07-25 18:54:26,893 [Thread-22] INFO  balancer.ContainerBalancerTask (ContainerBalancerTask.java:run(175)) - ContainerBalancer will sleep for 10 seconds before starting balancing.
]]></system-out>
  </testcase>
  <testcase name="checkIterationResultException" classname="org.apache.hadoop.hdds.scm.container.balancer.TestContainerBalancerTask" time="0.115">
    <system-out><![CDATA[2023-07-25 18:54:26,956 [main] INFO  net.NodeSchemaLoader (NodeSchemaLoader.java:loadSchemaFromFile(129)) - Loading schema from [file:/home/runner/work/ozone/ozone/hadoop-hdds/common/target/classes/network-topology-default.xml]
2023-07-25 18:54:26,956 [main] INFO  net.NodeSchemaLoader (NodeSchemaLoader.java:loadSchema(176)) - Loading network topology layer schema file
2023-07-25 18:54:26,960 [main] INFO  net.NetworkTopologyImpl (NetworkTopologyImpl.java:add(112)) - Added a new node: /default-rack/f911f642-9c00-4c78-97c9-6e22c09a09ca
2023-07-25 18:54:26,960 [main] INFO  net.NetworkTopologyImpl (NetworkTopologyImpl.java:add(112)) - Added a new node: /default-rack/d51c7b7f-be3f-4d7e-ac36-8ba520075c25
2023-07-25 18:54:26,960 [main] INFO  net.NetworkTopologyImpl (NetworkTopologyImpl.java:add(112)) - Added a new node: /default-rack/61f52cfe-931c-41dc-a490-3a2d425403a6
2023-07-25 18:54:26,960 [main] INFO  net.NetworkTopologyImpl (NetworkTopologyImpl.java:add(112)) - Added a new node: /default-rack/2d63472f-3022-462a-9be4-b8b8e2ecc780
2023-07-25 18:54:26,960 [main] INFO  net.NetworkTopologyImpl (NetworkTopologyImpl.java:add(112)) - Added a new node: /default-rack/bc539d2d-dc35-46d5-8f8d-f457aa036d71
2023-07-25 18:54:26,961 [main] INFO  net.NetworkTopologyImpl (NetworkTopologyImpl.java:add(112)) - Added a new node: /default-rack/66b5df6f-2c0b-4290-a417-ccef84a3e8bc
2023-07-25 18:54:26,961 [main] INFO  net.NetworkTopologyImpl (NetworkTopologyImpl.java:add(112)) - Added a new node: /default-rack/c1c6a60d-f88a-43a6-a407-a880828a41fd
2023-07-25 18:54:26,961 [main] INFO  net.NetworkTopologyImpl (NetworkTopologyImpl.java:add(112)) - Added a new node: /default-rack/8ab11331-0c5b-426c-b0bb-13392d4dfbf4
2023-07-25 18:54:26,961 [main] INFO  net.NetworkTopologyImpl (NetworkTopologyImpl.java:add(112)) - Added a new node: /default-rack/b5722f59-1258-4b65-b267-460f7b2f886f
2023-07-25 18:54:26,961 [main] INFO  net.NetworkTopologyImpl (NetworkTopologyImpl.java:add(112)) - Added a new node: /default-rack/f386061f-081d-4214-9c59-33ffc24603af
2023-07-25 18:54:26,961 [main] INFO  algorithms.ContainerPlacementPolicyFactory (ContainerPlacementPolicyFactory.java:getPolicyInternal(86)) - Create container placement policy of type org.apache.hadoop.hdds.scm.container.placement.algorithms.SCMContainerPlacementRackAware
2023-07-25 18:54:26,962 [main] INFO  algorithms.ContainerPlacementPolicyFactory (ContainerPlacementPolicyFactory.java:getPolicyInternal(86)) - Create container placement policy of type org.apache.hadoop.hdds.scm.container.placement.algorithms.SCMContainerPlacementRackScatter
2023-07-25 18:54:26,978 [main] DEBUG balancer.ContainerBalancerTask (ContainerBalancerTask.java:initializeIteration(374)) - Average utilization of the cluster is 0.35450719166002914
2023-07-25 18:54:26,978 [main] DEBUG balancer.ContainerBalancerTask (ContainerBalancerTask.java:initializeIteration(386)) - Lower limit for utilization is 0.2545071916600291 and Upper limit for utilization is 0.4545071916600292
2023-07-25 18:54:26,978 [main] DEBUG balancer.ContainerBalancerTask (ContainerBalancerTask.java:initializeIteration(398)) - Utilization for node f386061f-081d-4214-9c59-33ffc24603af with capacity 46528812373B, used 41875931136B, and remaining 4652881237B is 0.9000000000064476
2023-07-25 18:54:26,978 [main] DEBUG balancer.ContainerBalancerTask (ContainerBalancerTask.java:initializeIteration(398)) - Utilization for node d51c7b7f-be3f-4d7e-ac36-8ba520075c25 with capacity 63082332160B, used 50465865728B, and remaining 12616466432B is 0.8
2023-07-25 18:54:26,978 [main] DEBUG balancer.ContainerBalancerTask (ContainerBalancerTask.java:initializeIteration(398)) - Utilization for node c1c6a60d-f88a-43a6-a407-a880828a41fd with capacity 69026260114B, used 48318382080B, and remaining 20707878034B is 0.7000000000028974
2023-07-25 18:54:26,979 [main] DEBUG balancer.ContainerBalancerTask (ContainerBalancerTask.java:initializeIteration(398)) - Utilization for node 2d63472f-3022-462a-9be4-b8b8e2ecc780 with capacity 73372357973B, used 44023414784B, and remaining 29348943189B is 0.6000000000027258
2023-07-25 18:54:26,979 [main] DEBUG balancer.ContainerBalancerTask (ContainerBalancerTask.java:initializeIteration(398)) - Utilization for node 8ab11331-0c5b-426c-b0bb-13392d4dfbf4 with capacity 103079215104B, used 51539607552B, and remaining 51539607552B is 0.5
2023-07-25 18:54:26,979 [main] DEBUG balancer.ContainerBalancerTask (ContainerBalancerTask.java:initializeIteration(398)) - Utilization for node 66b5df6f-2c0b-4290-a417-ccef84a3e8bc with capacity 85899345920B, used 34359738368B, and remaining 51539607552B is 0.4
2023-07-25 18:54:26,979 [main] DEBUG balancer.ContainerBalancerTask (ContainerBalancerTask.java:initializeIteration(398)) - Utilization for node 61f52cfe-931c-41dc-a490-3a2d425403a6 with capacity 182536110080B, used 54760833024B, and remaining 127775277056B is 0.3
2023-07-25 18:54:26,979 [main] DEBUG balancer.ContainerBalancerTask (ContainerBalancerTask.java:initializeIteration(398)) - Utilization for node f911f642-9c00-4c78-97c9-6e22c09a09ca with capacity 257698037760B, used 51539607552B, and remaining 206158430208B is 0.2
2023-07-25 18:54:26,979 [main] DEBUG balancer.ContainerBalancerTask (ContainerBalancerTask.java:initializeIteration(398)) - Utilization for node bc539d2d-dc35-46d5-8f8d-f457aa036d71 with capacity 204010946560B, used 20401094656B, and remaining 183609851904B is 0.1
2023-07-25 18:54:26,979 [main] DEBUG balancer.ContainerBalancerTask (ContainerBalancerTask.java:initializeIteration(398)) - Utilization for node b5722f59-1258-4b65-b267-460f7b2f886f with capacity 35433480192B, used 0B, and remaining 35433480192B is 0.0
2023-07-25 18:54:26,980 [main] INFO  balancer.ContainerBalancerTask (ContainerBalancerTask.java:initializeIteration(447)) - Container Balancer has identified 5 Over-Utilized and 3 Under-Utilized Datanodes that need to be balanced.
2023-07-25 18:54:26,980 [main] DEBUG balancer.ContainerBalancerTask (ContainerBalancerTask.java:lambda$initializeIteration$1(453)) - Datanode localhost-127.104.120.188 f386061f-081d-4214-9c59-33ffc24603af is Over-Utilized.
2023-07-25 18:54:26,980 [main] DEBUG balancer.ContainerBalancerTask (ContainerBalancerTask.java:lambda$initializeIteration$1(453)) - Datanode localhost-84.145.188.190 d51c7b7f-be3f-4d7e-ac36-8ba520075c25 is Over-Utilized.
2023-07-25 18:54:26,980 [main] DEBUG balancer.ContainerBalancerTask (ContainerBalancerTask.java:lambda$initializeIteration$1(453)) - Datanode localhost-35.115.17.179 c1c6a60d-f88a-43a6-a407-a880828a41fd is Over-Utilized.
2023-07-25 18:54:26,980 [main] DEBUG balancer.ContainerBalancerTask (ContainerBalancerTask.java:lambda$initializeIteration$1(453)) - Datanode localhost-4.236.13.177 2d63472f-3022-462a-9be4-b8b8e2ecc780 is Over-Utilized.
2023-07-25 18:54:26,980 [main] DEBUG balancer.ContainerBalancerTask (ContainerBalancerTask.java:lambda$initializeIteration$1(453)) - Datanode localhost-1.189.128.188 8ab11331-0c5b-426c-b0bb-13392d4dfbf4 is Over-Utilized.
2023-07-25 18:54:26,981 [main] DEBUG balancer.ContainerBalancerTask (ContainerBalancerTask.java:lambda$initializeIteration$2(459)) - Datanode localhost-119.121.230.177 b5722f59-1258-4b65-b267-460f7b2f886f is Under-Utilized.
2023-07-25 18:54:26,981 [main] DEBUG balancer.ContainerBalancerTask (ContainerBalancerTask.java:lambda$initializeIteration$2(459)) - Datanode localhost-140.92.6.190 bc539d2d-dc35-46d5-8f8d-f457aa036d71 is Under-Utilized.
2023-07-25 18:54:26,981 [main] DEBUG balancer.ContainerBalancerTask (ContainerBalancerTask.java:lambda$initializeIteration$2(459)) - Datanode localhost-199.162.233.214 f911f642-9c00-4c78-97c9-6e22c09a09ca is Under-Utilized.
2023-07-25 18:54:26,983 [main] DEBUG balancer.ContainerBalancerTask (ContainerBalancerTask.java:matchSourceWithTarget(708)) - ContainerBalancer is finding suitable target for source datanode f386061f-081d-4214-9c59-33ffc24603af
2023-07-25 18:54:26,984 [main] INFO  balancer.ContainerBalancerTask (ContainerBalancerTask.java:matchSourceWithTarget(722)) - ContainerBalancer matched source datanode f386061f-081d-4214-9c59-33ffc24603af with target datanode b5722f59-1258-4b65-b267-460f7b2f886f for container move.
2023-07-25 18:54:26,984 [main] INFO  balancer.ContainerBalancerTask (ContainerBalancerTask.java:processMoveSelection(569)) - ContainerBalancer is trying to move container #84 with size 4294967296B from source datanode f386061f-081d-4214-9c59-33ffc24603af to target datanode b5722f59-1258-4b65-b267-460f7b2f886f
2023-07-25 18:54:26,984 [main] INFO  balancer.ContainerBalancerTask (ContainerBalancerTask.java:lambda$moveContainer$3(827)) - Container move for container #84 from source f386061f-081d-4214-9c59-33ffc24603af to target b5722f59-1258-4b65-b267-460f7b2f886f failed with exceptions.
java.util.concurrent.CompletionException: java.lang.RuntimeException: Runtime Exception after doing work
	at java.util.concurrent.CompletableFuture.encodeThrowable(CompletableFuture.java:273)
	at java.util.concurrent.CompletableFuture.completeThrowable(CompletableFuture.java:280)
	at java.util.concurrent.CompletableFuture$AsyncSupply.run(CompletableFuture.java:1606)
	at java.lang.Thread.run(Thread.java:750)
Caused by: java.lang.RuntimeException: Runtime Exception after doing work
	at org.apache.hadoop.hdds.scm.container.balancer.TestContainerBalancerTask.lambda$checkIterationResultException$10(TestContainerBalancerTask.java:1011)
	at java.util.concurrent.CompletableFuture$AsyncSupply.run(CompletableFuture.java:1604)
	... 1 more
2023-07-25 18:54:26,990 [main] DEBUG balancer.ContainerBalancerTask (ContainerBalancerTask.java:matchSourceWithTarget(708)) - ContainerBalancer is finding suitable target for source datanode d51c7b7f-be3f-4d7e-ac36-8ba520075c25
2023-07-25 18:54:26,990 [main] INFO  balancer.ContainerBalancerTask (ContainerBalancerTask.java:matchSourceWithTarget(722)) - ContainerBalancer matched source datanode d51c7b7f-be3f-4d7e-ac36-8ba520075c25 with target datanode b5722f59-1258-4b65-b267-460f7b2f886f for container move.
2023-07-25 18:54:26,990 [main] INFO  balancer.ContainerBalancerTask (ContainerBalancerTask.java:processMoveSelection(569)) - ContainerBalancer is trying to move container #68 with size 5368709120B from source datanode d51c7b7f-be3f-4d7e-ac36-8ba520075c25 to target datanode b5722f59-1258-4b65-b267-460f7b2f886f
2023-07-25 18:54:26,991 [main] WARN  balancer.ContainerBalancerTask (ContainerBalancerTask.java:moveContainer(851)) - Could not find Container #68 for container move
org.apache.hadoop.hdds.scm.container.ContainerNotFoundException: Test Container not found
	at org.apache.hadoop.hdds.scm.container.replication.ReplicationManager.move(ReplicationManager.java:1427)
	at org.apache.hadoop.hdds.scm.container.balancer.ContainerBalancerTask.moveContainer(ContainerBalancerTask.java:817)
	at org.apache.hadoop.hdds.scm.container.balancer.ContainerBalancerTask.processMoveSelection(ContainerBalancerTask.java:576)
	at org.apache.hadoop.hdds.scm.container.balancer.ContainerBalancerTask.doIteration(ContainerBalancerTask.java:534)
	at org.apache.hadoop.hdds.scm.container.balancer.ContainerBalancerTask.balance(ContainerBalancerTask.java:257)
	at org.apache.hadoop.hdds.scm.container.balancer.ContainerBalancerTask.run(ContainerBalancerTask.java:179)
	at org.apache.hadoop.hdds.scm.container.balancer.TestContainerBalancerTask.startBalancer(TestContainerBalancerTask.java:1321)
	at org.apache.hadoop.hdds.scm.container.balancer.TestContainerBalancerTask.checkIterationResultException(TestContainerBalancerTask.java:1024)
	at sun.reflect.NativeMethodAccessorImpl.invoke0(Native Method)
	at sun.reflect.NativeMethodAccessorImpl.invoke(NativeMethodAccessorImpl.java:62)
	at sun.reflect.DelegatingMethodAccessorImpl.invoke(DelegatingMethodAccessorImpl.java:43)
	at java.lang.reflect.Method.invoke(Method.java:498)
	at org.junit.platform.commons.util.ReflectionUtils.invokeMethod(ReflectionUtils.java:725)
	at org.junit.jupiter.engine.execution.MethodInvocation.proceed(MethodInvocation.java:60)
	at org.junit.jupiter.engine.execution.InvocationInterceptorChain$ValidatingInvocation.proceed(InvocationInterceptorChain.java:131)
	at org.junit.jupiter.engine.extension.TimeoutExtension.intercept(TimeoutExtension.java:149)
	at org.junit.jupiter.engine.extension.TimeoutExtension.interceptTestableMethod(TimeoutExtension.java:140)
	at org.junit.jupiter.engine.extension.TimeoutExtension.interceptTestMethod(TimeoutExtension.java:84)
	at org.junit.jupiter.engine.execution.ExecutableInvoker$ReflectiveInterceptorCall.lambda$ofVoidMethod$0(ExecutableInvoker.java:115)
	at org.junit.jupiter.engine.execution.ExecutableInvoker.lambda$invoke$0(ExecutableInvoker.java:105)
	at org.junit.jupiter.engine.execution.InvocationInterceptorChain$InterceptedInvocation.proceed(InvocationInterceptorChain.java:106)
	at org.junit.jupiter.engine.execution.InvocationInterceptorChain.proceed(InvocationInterceptorChain.java:64)
	at org.junit.jupiter.engine.execution.InvocationInterceptorChain.chainAndInvoke(InvocationInterceptorChain.java:45)
	at org.junit.jupiter.engine.execution.InvocationInterceptorChain.invoke(InvocationInterceptorChain.java:37)
	at org.junit.jupiter.engine.execution.ExecutableInvoker.invoke(ExecutableInvoker.java:104)
	at org.junit.jupiter.engine.execution.ExecutableInvoker.invoke(ExecutableInvoker.java:98)
	at org.junit.jupiter.engine.descriptor.TestMethodTestDescriptor.lambda$invokeTestMethod$7(TestMethodTestDescriptor.java:214)
	at org.junit.platform.engine.support.hierarchical.ThrowableCollector.execute(ThrowableCollector.java:73)
	at org.junit.jupiter.engine.descriptor.TestMethodTestDescriptor.invokeTestMethod(TestMethodTestDescriptor.java:210)
	at org.junit.jupiter.engine.descriptor.TestMethodTestDescriptor.execute(TestMethodTestDescriptor.java:135)
	at org.junit.jupiter.engine.descriptor.TestMethodTestDescriptor.execute(TestMethodTestDescriptor.java:66)
	at org.junit.platform.engine.support.hierarchical.NodeTestTask.lambda$executeRecursively$6(NodeTestTask.java:151)
	at org.junit.platform.engine.support.hierarchical.ThrowableCollector.execute(ThrowableCollector.java:73)
	at org.junit.platform.engine.support.hierarchical.NodeTestTask.lambda$executeRecursively$8(NodeTestTask.java:141)
	at org.junit.platform.engine.support.hierarchical.Node.around(Node.java:137)
	at org.junit.platform.engine.support.hierarchical.NodeTestTask.lambda$executeRecursively$9(NodeTestTask.java:139)
	at org.junit.platform.engine.support.hierarchical.ThrowableCollector.execute(ThrowableCollector.java:73)
	at org.junit.platform.engine.support.hierarchical.NodeTestTask.executeRecursively(NodeTestTask.java:138)
	at org.junit.platform.engine.support.hierarchical.NodeTestTask.execute(NodeTestTask.java:95)
	at java.util.ArrayList.forEach(ArrayList.java:1259)
	at org.junit.platform.engine.support.hierarchical.SameThreadHierarchicalTestExecutorService.invokeAll(SameThreadHierarchicalTestExecutorService.java:41)
	at org.junit.platform.engine.support.hierarchical.NodeTestTask.lambda$executeRecursively$6(NodeTestTask.java:155)
	at org.junit.platform.engine.support.hierarchical.ThrowableCollector.execute(ThrowableCollector.java:73)
	at org.junit.platform.engine.support.hierarchical.NodeTestTask.lambda$executeRecursively$8(NodeTestTask.java:141)
	at org.junit.platform.engine.support.hierarchical.Node.around(Node.java:137)
	at org.junit.platform.engine.support.hierarchical.NodeTestTask.lambda$executeRecursively$9(NodeTestTask.java:139)
	at org.junit.platform.engine.support.hierarchical.ThrowableCollector.execute(ThrowableCollector.java:73)
	at org.junit.platform.engine.support.hierarchical.NodeTestTask.executeRecursively(NodeTestTask.java:138)
	at org.junit.platform.engine.support.hierarchical.NodeTestTask.execute(NodeTestTask.java:95)
	at java.util.ArrayList.forEach(ArrayList.java:1259)
	at org.junit.platform.engine.support.hierarchical.SameThreadHierarchicalTestExecutorService.invokeAll(SameThreadHierarchicalTestExecutorService.java:41)
	at org.junit.platform.engine.support.hierarchical.NodeTestTask.lambda$executeRecursively$6(NodeTestTask.java:155)
	at org.junit.platform.engine.support.hierarchical.ThrowableCollector.execute(ThrowableCollector.java:73)
	at org.junit.platform.engine.support.hierarchical.NodeTestTask.lambda$executeRecursively$8(NodeTestTask.java:141)
	at org.junit.platform.engine.support.hierarchical.Node.around(Node.java:137)
	at org.junit.platform.engine.support.hierarchical.NodeTestTask.lambda$executeRecursively$9(NodeTestTask.java:139)
	at org.junit.platform.engine.support.hierarchical.ThrowableCollector.execute(ThrowableCollector.java:73)
	at org.junit.platform.engine.support.hierarchical.NodeTestTask.executeRecursively(NodeTestTask.java:138)
	at org.junit.platform.engine.support.hierarchical.NodeTestTask.execute(NodeTestTask.java:95)
	at org.junit.platform.engine.support.hierarchical.SameThreadHierarchicalTestExecutorService.submit(SameThreadHierarchicalTestExecutorService.java:35)
	at org.junit.platform.engine.support.hierarchical.HierarchicalTestExecutor.execute(HierarchicalTestExecutor.java:57)
	at org.junit.platform.engine.support.hierarchical.HierarchicalTestEngine.execute(HierarchicalTestEngine.java:54)
	at org.junit.platform.launcher.core.EngineExecutionOrchestrator.execute(EngineExecutionOrchestrator.java:107)
	at org.junit.platform.launcher.core.EngineExecutionOrchestrator.execute(EngineExecutionOrchestrator.java:88)
	at org.junit.platform.launcher.core.EngineExecutionOrchestrator.lambda$execute$0(EngineExecutionOrchestrator.java:54)
	at org.junit.platform.launcher.core.EngineExecutionOrchestrator.withInterceptedStreams(EngineExecutionOrchestrator.java:67)
	at org.junit.platform.launcher.core.EngineExecutionOrchestrator.execute(EngineExecutionOrchestrator.java:52)
	at org.junit.platform.launcher.core.DefaultLauncher.execute(DefaultLauncher.java:114)
	at org.junit.platform.launcher.core.DefaultLauncher.execute(DefaultLauncher.java:86)
	at org.junit.platform.launcher.core.DefaultLauncherSession$DelegatingLauncher.execute(DefaultLauncherSession.java:86)
	at org.junit.platform.launcher.core.SessionPerRequestLauncher.execute(SessionPerRequestLauncher.java:53)
	at org.apache.maven.surefire.junitplatform.JUnitPlatformProvider.execute(JUnitPlatformProvider.java:188)
	at org.apache.maven.surefire.junitplatform.JUnitPlatformProvider.invokeAllTests(JUnitPlatformProvider.java:154)
	at org.apache.maven.surefire.junitplatform.JUnitPlatformProvider.invoke(JUnitPlatformProvider.java:124)
	at org.apache.maven.surefire.booter.ForkedBooter.runSuitesInProcess(ForkedBooter.java:428)
	at org.apache.maven.surefire.booter.ForkedBooter.execute(ForkedBooter.java:162)
	at org.apache.maven.surefire.booter.ForkedBooter.run(ForkedBooter.java:562)
	at org.apache.maven.surefire.booter.ForkedBooter.main(ForkedBooter.java:548)
2023-07-25 18:54:26,994 [main] DEBUG balancer.ContainerBalancerTask (ContainerBalancerTask.java:matchSourceWithTarget(708)) - ContainerBalancer is finding suitable target for source datanode c1c6a60d-f88a-43a6-a407-a880828a41fd
2023-07-25 18:54:26,995 [main] INFO  balancer.ContainerBalancerTask (ContainerBalancerTask.java:matchSourceWithTarget(722)) - ContainerBalancer matched source datanode c1c6a60d-f88a-43a6-a407-a880828a41fd with target datanode b5722f59-1258-4b65-b267-460f7b2f886f for container move.
2023-07-25 18:54:26,995 [main] INFO  balancer.ContainerBalancerTask (ContainerBalancerTask.java:processMoveSelection(569)) - ContainerBalancer is trying to move container #52 with size 4294967296B from source datanode c1c6a60d-f88a-43a6-a407-a880828a41fd to target datanode b5722f59-1258-4b65-b267-460f7b2f886f
2023-07-25 18:54:26,997 [main] INFO  balancer.ContainerBalancerTask (ContainerBalancerTask.java:lambda$moveContainer$3(827)) - Container move for container #52 from source c1c6a60d-f88a-43a6-a407-a880828a41fd to target b5722f59-1258-4b65-b267-460f7b2f886f failed with exceptions.
java.lang.RuntimeException: Runtime Exception
	at org.apache.hadoop.hdds.scm.container.balancer.TestContainerBalancerTask.checkIterationResultException(TestContainerBalancerTask.java:1002)
	at sun.reflect.NativeMethodAccessorImpl.invoke0(Native Method)
	at sun.reflect.NativeMethodAccessorImpl.invoke(NativeMethodAccessorImpl.java:62)
	at sun.reflect.DelegatingMethodAccessorImpl.invoke(DelegatingMethodAccessorImpl.java:43)
	at java.lang.reflect.Method.invoke(Method.java:498)
	at org.junit.platform.commons.util.ReflectionUtils.invokeMethod(ReflectionUtils.java:725)
	at org.junit.jupiter.engine.execution.MethodInvocation.proceed(MethodInvocation.java:60)
	at org.junit.jupiter.engine.execution.InvocationInterceptorChain$ValidatingInvocation.proceed(InvocationInterceptorChain.java:131)
	at org.junit.jupiter.engine.extension.TimeoutExtension.intercept(TimeoutExtension.java:149)
	at org.junit.jupiter.engine.extension.TimeoutExtension.interceptTestableMethod(TimeoutExtension.java:140)
	at org.junit.jupiter.engine.extension.TimeoutExtension.interceptTestMethod(TimeoutExtension.java:84)
	at org.junit.jupiter.engine.execution.ExecutableInvoker$ReflectiveInterceptorCall.lambda$ofVoidMethod$0(ExecutableInvoker.java:115)
	at org.junit.jupiter.engine.execution.ExecutableInvoker.lambda$invoke$0(ExecutableInvoker.java:105)
	at org.junit.jupiter.engine.execution.InvocationInterceptorChain$InterceptedInvocation.proceed(InvocationInterceptorChain.java:106)
	at org.junit.jupiter.engine.execution.InvocationInterceptorChain.proceed(InvocationInterceptorChain.java:64)
	at org.junit.jupiter.engine.execution.InvocationInterceptorChain.chainAndInvoke(InvocationInterceptorChain.java:45)
	at org.junit.jupiter.engine.execution.InvocationInterceptorChain.invoke(InvocationInterceptorChain.java:37)
	at org.junit.jupiter.engine.execution.ExecutableInvoker.invoke(ExecutableInvoker.java:104)
	at org.junit.jupiter.engine.execution.ExecutableInvoker.invoke(ExecutableInvoker.java:98)
	at org.junit.jupiter.engine.descriptor.TestMethodTestDescriptor.lambda$invokeTestMethod$7(TestMethodTestDescriptor.java:214)
	at org.junit.platform.engine.support.hierarchical.ThrowableCollector.execute(ThrowableCollector.java:73)
	at org.junit.jupiter.engine.descriptor.TestMethodTestDescriptor.invokeTestMethod(TestMethodTestDescriptor.java:210)
	at org.junit.jupiter.engine.descriptor.TestMethodTestDescriptor.execute(TestMethodTestDescriptor.java:135)
	at org.junit.jupiter.engine.descriptor.TestMethodTestDescriptor.execute(TestMethodTestDescriptor.java:66)
	at org.junit.platform.engine.support.hierarchical.NodeTestTask.lambda$executeRecursively$6(NodeTestTask.java:151)
	at org.junit.platform.engine.support.hierarchical.ThrowableCollector.execute(ThrowableCollector.java:73)
	at org.junit.platform.engine.support.hierarchical.NodeTestTask.lambda$executeRecursively$8(NodeTestTask.java:141)
	at org.junit.platform.engine.support.hierarchical.Node.around(Node.java:137)
	at org.junit.platform.engine.support.hierarchical.NodeTestTask.lambda$executeRecursively$9(NodeTestTask.java:139)
	at org.junit.platform.engine.support.hierarchical.ThrowableCollector.execute(ThrowableCollector.java:73)
	at org.junit.platform.engine.support.hierarchical.NodeTestTask.executeRecursively(NodeTestTask.java:138)
	at org.junit.platform.engine.support.hierarchical.NodeTestTask.execute(NodeTestTask.java:95)
	at java.util.ArrayList.forEach(ArrayList.java:1259)
	at org.junit.platform.engine.support.hierarchical.SameThreadHierarchicalTestExecutorService.invokeAll(SameThreadHierarchicalTestExecutorService.java:41)
	at org.junit.platform.engine.support.hierarchical.NodeTestTask.lambda$executeRecursively$6(NodeTestTask.java:155)
	at org.junit.platform.engine.support.hierarchical.ThrowableCollector.execute(ThrowableCollector.java:73)
	at org.junit.platform.engine.support.hierarchical.NodeTestTask.lambda$executeRecursively$8(NodeTestTask.java:141)
	at org.junit.platform.engine.support.hierarchical.Node.around(Node.java:137)
	at org.junit.platform.engine.support.hierarchical.NodeTestTask.lambda$executeRecursively$9(NodeTestTask.java:139)
	at org.junit.platform.engine.support.hierarchical.ThrowableCollector.execute(ThrowableCollector.java:73)
	at org.junit.platform.engine.support.hierarchical.NodeTestTask.executeRecursively(NodeTestTask.java:138)
	at org.junit.platform.engine.support.hierarchical.NodeTestTask.execute(NodeTestTask.java:95)
	at java.util.ArrayList.forEach(ArrayList.java:1259)
	at org.junit.platform.engine.support.hierarchical.SameThreadHierarchicalTestExecutorService.invokeAll(SameThreadHierarchicalTestExecutorService.java:41)
	at org.junit.platform.engine.support.hierarchical.NodeTestTask.lambda$executeRecursively$6(NodeTestTask.java:155)
	at org.junit.platform.engine.support.hierarchical.ThrowableCollector.execute(ThrowableCollector.java:73)
	at org.junit.platform.engine.support.hierarchical.NodeTestTask.lambda$executeRecursively$8(NodeTestTask.java:141)
	at org.junit.platform.engine.support.hierarchical.Node.around(Node.java:137)
	at org.junit.platform.engine.support.hierarchical.NodeTestTask.lambda$executeRecursively$9(NodeTestTask.java:139)
	at org.junit.platform.engine.support.hierarchical.ThrowableCollector.execute(ThrowableCollector.java:73)
	at org.junit.platform.engine.support.hierarchical.NodeTestTask.executeRecursively(NodeTestTask.java:138)
	at org.junit.platform.engine.support.hierarchical.NodeTestTask.execute(NodeTestTask.java:95)
	at org.junit.platform.engine.support.hierarchical.SameThreadHierarchicalTestExecutorService.submit(SameThreadHierarchicalTestExecutorService.java:35)
	at org.junit.platform.engine.support.hierarchical.HierarchicalTestExecutor.execute(HierarchicalTestExecutor.java:57)
	at org.junit.platform.engine.support.hierarchical.HierarchicalTestEngine.execute(HierarchicalTestEngine.java:54)
	at org.junit.platform.launcher.core.EngineExecutionOrchestrator.execute(EngineExecutionOrchestrator.java:107)
	at org.junit.platform.launcher.core.EngineExecutionOrchestrator.execute(EngineExecutionOrchestrator.java:88)
	at org.junit.platform.launcher.core.EngineExecutionOrchestrator.lambda$execute$0(EngineExecutionOrchestrator.java:54)
	at org.junit.platform.launcher.core.EngineExecutionOrchestrator.withInterceptedStreams(EngineExecutionOrchestrator.java:67)
	at org.junit.platform.launcher.core.EngineExecutionOrchestrator.execute(EngineExecutionOrchestrator.java:52)
	at org.junit.platform.launcher.core.DefaultLauncher.execute(DefaultLauncher.java:114)
	at org.junit.platform.launcher.core.DefaultLauncher.execute(DefaultLauncher.java:86)
	at org.junit.platform.launcher.core.DefaultLauncherSession$DelegatingLauncher.execute(DefaultLauncherSession.java:86)
	at org.junit.platform.launcher.core.SessionPerRequestLauncher.execute(SessionPerRequestLauncher.java:53)
	at org.apache.maven.surefire.junitplatform.JUnitPlatformProvider.execute(JUnitPlatformProvider.java:188)
	at org.apache.maven.surefire.junitplatform.JUnitPlatformProvider.invokeAllTests(JUnitPlatformProvider.java:154)
	at org.apache.maven.surefire.junitplatform.JUnitPlatformProvider.invoke(JUnitPlatformProvider.java:124)
	at org.apache.maven.surefire.booter.ForkedBooter.runSuitesInProcess(ForkedBooter.java:428)
	at org.apache.maven.surefire.booter.ForkedBooter.execute(ForkedBooter.java:162)
	at org.apache.maven.surefire.booter.ForkedBooter.run(ForkedBooter.java:562)
	at org.apache.maven.surefire.booter.ForkedBooter.main(ForkedBooter.java:548)
2023-07-25 18:54:27,003 [main] DEBUG balancer.ContainerBalancerTask (ContainerBalancerTask.java:matchSourceWithTarget(708)) - ContainerBalancer is finding suitable target for source datanode 2d63472f-3022-462a-9be4-b8b8e2ecc780
2023-07-25 18:54:27,003 [main] INFO  balancer.ContainerBalancerTask (ContainerBalancerTask.java:matchSourceWithTarget(722)) - ContainerBalancer matched source datanode 2d63472f-3022-462a-9be4-b8b8e2ecc780 with target datanode b5722f59-1258-4b65-b267-460f7b2f886f for container move.
2023-07-25 18:54:27,003 [main] INFO  balancer.ContainerBalancerTask (ContainerBalancerTask.java:processMoveSelection(569)) - ContainerBalancer is trying to move container #68 with size 5368709120B from source datanode 2d63472f-3022-462a-9be4-b8b8e2ecc780 to target datanode b5722f59-1258-4b65-b267-460f7b2f886f
2023-07-25 18:54:27,004 [main] INFO  balancer.ContainerBalancerTask (ContainerBalancerTask.java:lambda$moveContainer$3(827)) - Container move for container #68 from source 2d63472f-3022-462a-9be4-b8b8e2ecc780 to target b5722f59-1258-4b65-b267-460f7b2f886f failed with exceptions.
java.lang.RuntimeException: Runtime Exception
	at org.apache.hadoop.hdds.scm.container.balancer.TestContainerBalancerTask.checkIterationResultException(TestContainerBalancerTask.java:1002)
	at sun.reflect.NativeMethodAccessorImpl.invoke0(Native Method)
	at sun.reflect.NativeMethodAccessorImpl.invoke(NativeMethodAccessorImpl.java:62)
	at sun.reflect.DelegatingMethodAccessorImpl.invoke(DelegatingMethodAccessorImpl.java:43)
	at java.lang.reflect.Method.invoke(Method.java:498)
	at org.junit.platform.commons.util.ReflectionUtils.invokeMethod(ReflectionUtils.java:725)
	at org.junit.jupiter.engine.execution.MethodInvocation.proceed(MethodInvocation.java:60)
	at org.junit.jupiter.engine.execution.InvocationInterceptorChain$ValidatingInvocation.proceed(InvocationInterceptorChain.java:131)
	at org.junit.jupiter.engine.extension.TimeoutExtension.intercept(TimeoutExtension.java:149)
	at org.junit.jupiter.engine.extension.TimeoutExtension.interceptTestableMethod(TimeoutExtension.java:140)
	at org.junit.jupiter.engine.extension.TimeoutExtension.interceptTestMethod(TimeoutExtension.java:84)
	at org.junit.jupiter.engine.execution.ExecutableInvoker$ReflectiveInterceptorCall.lambda$ofVoidMethod$0(ExecutableInvoker.java:115)
	at org.junit.jupiter.engine.execution.ExecutableInvoker.lambda$invoke$0(ExecutableInvoker.java:105)
	at org.junit.jupiter.engine.execution.InvocationInterceptorChain$InterceptedInvocation.proceed(InvocationInterceptorChain.java:106)
	at org.junit.jupiter.engine.execution.InvocationInterceptorChain.proceed(InvocationInterceptorChain.java:64)
	at org.junit.jupiter.engine.execution.InvocationInterceptorChain.chainAndInvoke(InvocationInterceptorChain.java:45)
	at org.junit.jupiter.engine.execution.InvocationInterceptorChain.invoke(InvocationInterceptorChain.java:37)
	at org.junit.jupiter.engine.execution.ExecutableInvoker.invoke(ExecutableInvoker.java:104)
	at org.junit.jupiter.engine.execution.ExecutableInvoker.invoke(ExecutableInvoker.java:98)
	at org.junit.jupiter.engine.descriptor.TestMethodTestDescriptor.lambda$invokeTestMethod$7(TestMethodTestDescriptor.java:214)
	at org.junit.platform.engine.support.hierarchical.ThrowableCollector.execute(ThrowableCollector.java:73)
	at org.junit.jupiter.engine.descriptor.TestMethodTestDescriptor.invokeTestMethod(TestMethodTestDescriptor.java:210)
	at org.junit.jupiter.engine.descriptor.TestMethodTestDescriptor.execute(TestMethodTestDescriptor.java:135)
	at org.junit.jupiter.engine.descriptor.TestMethodTestDescriptor.execute(TestMethodTestDescriptor.java:66)
	at org.junit.platform.engine.support.hierarchical.NodeTestTask.lambda$executeRecursively$6(NodeTestTask.java:151)
	at org.junit.platform.engine.support.hierarchical.ThrowableCollector.execute(ThrowableCollector.java:73)
	at org.junit.platform.engine.support.hierarchical.NodeTestTask.lambda$executeRecursively$8(NodeTestTask.java:141)
	at org.junit.platform.engine.support.hierarchical.Node.around(Node.java:137)
	at org.junit.platform.engine.support.hierarchical.NodeTestTask.lambda$executeRecursively$9(NodeTestTask.java:139)
	at org.junit.platform.engine.support.hierarchical.ThrowableCollector.execute(ThrowableCollector.java:73)
	at org.junit.platform.engine.support.hierarchical.NodeTestTask.executeRecursively(NodeTestTask.java:138)
	at org.junit.platform.engine.support.hierarchical.NodeTestTask.execute(NodeTestTask.java:95)
	at java.util.ArrayList.forEach(ArrayList.java:1259)
	at org.junit.platform.engine.support.hierarchical.SameThreadHierarchicalTestExecutorService.invokeAll(SameThreadHierarchicalTestExecutorService.java:41)
	at org.junit.platform.engine.support.hierarchical.NodeTestTask.lambda$executeRecursively$6(NodeTestTask.java:155)
	at org.junit.platform.engine.support.hierarchical.ThrowableCollector.execute(ThrowableCollector.java:73)
	at org.junit.platform.engine.support.hierarchical.NodeTestTask.lambda$executeRecursively$8(NodeTestTask.java:141)
	at org.junit.platform.engine.support.hierarchical.Node.around(Node.java:137)
	at org.junit.platform.engine.support.hierarchical.NodeTestTask.lambda$executeRecursively$9(NodeTestTask.java:139)
	at org.junit.platform.engine.support.hierarchical.ThrowableCollector.execute(ThrowableCollector.java:73)
	at org.junit.platform.engine.support.hierarchical.NodeTestTask.executeRecursively(NodeTestTask.java:138)
	at org.junit.platform.engine.support.hierarchical.NodeTestTask.execute(NodeTestTask.java:95)
	at java.util.ArrayList.forEach(ArrayList.java:1259)
	at org.junit.platform.engine.support.hierarchical.SameThreadHierarchicalTestExecutorService.invokeAll(SameThreadHierarchicalTestExecutorService.java:41)
	at org.junit.platform.engine.support.hierarchical.NodeTestTask.lambda$executeRecursively$6(NodeTestTask.java:155)
	at org.junit.platform.engine.support.hierarchical.ThrowableCollector.execute(ThrowableCollector.java:73)
	at org.junit.platform.engine.support.hierarchical.NodeTestTask.lambda$executeRecursively$8(NodeTestTask.java:141)
	at org.junit.platform.engine.support.hierarchical.Node.around(Node.java:137)
	at org.junit.platform.engine.support.hierarchical.NodeTestTask.lambda$executeRecursively$9(NodeTestTask.java:139)
	at org.junit.platform.engine.support.hierarchical.ThrowableCollector.execute(ThrowableCollector.java:73)
	at org.junit.platform.engine.support.hierarchical.NodeTestTask.executeRecursively(NodeTestTask.java:138)
	at org.junit.platform.engine.support.hierarchical.NodeTestTask.execute(NodeTestTask.java:95)
	at org.junit.platform.engine.support.hierarchical.SameThreadHierarchicalTestExecutorService.submit(SameThreadHierarchicalTestExecutorService.java:35)
	at org.junit.platform.engine.support.hierarchical.HierarchicalTestExecutor.execute(HierarchicalTestExecutor.java:57)
	at org.junit.platform.engine.support.hierarchical.HierarchicalTestEngine.execute(HierarchicalTestEngine.java:54)
	at org.junit.platform.launcher.core.EngineExecutionOrchestrator.execute(EngineExecutionOrchestrator.java:107)
	at org.junit.platform.launcher.core.EngineExecutionOrchestrator.execute(EngineExecutionOrchestrator.java:88)
	at org.junit.platform.launcher.core.EngineExecutionOrchestrator.lambda$execute$0(EngineExecutionOrchestrator.java:54)
	at org.junit.platform.launcher.core.EngineExecutionOrchestrator.withInterceptedStreams(EngineExecutionOrchestrator.java:67)
	at org.junit.platform.launcher.core.EngineExecutionOrchestrator.execute(EngineExecutionOrchestrator.java:52)
	at org.junit.platform.launcher.core.DefaultLauncher.execute(DefaultLauncher.java:114)
	at org.junit.platform.launcher.core.DefaultLauncher.execute(DefaultLauncher.java:86)
	at org.junit.platform.launcher.core.DefaultLauncherSession$DelegatingLauncher.execute(DefaultLauncherSession.java:86)
	at org.junit.platform.launcher.core.SessionPerRequestLauncher.execute(SessionPerRequestLauncher.java:53)
	at org.apache.maven.surefire.junitplatform.JUnitPlatformProvider.execute(JUnitPlatformProvider.java:188)
	at org.apache.maven.surefire.junitplatform.JUnitPlatformProvider.invokeAllTests(JUnitPlatformProvider.java:154)
	at org.apache.maven.surefire.junitplatform.JUnitPlatformProvider.invoke(JUnitPlatformProvider.java:124)
	at org.apache.maven.surefire.booter.ForkedBooter.runSuitesInProcess(ForkedBooter.java:428)
	at org.apache.maven.surefire.booter.ForkedBooter.execute(ForkedBooter.java:162)
	at org.apache.maven.surefire.booter.ForkedBooter.run(ForkedBooter.java:562)
	at org.apache.maven.surefire.booter.ForkedBooter.main(ForkedBooter.java:548)
2023-07-25 18:54:27,008 [main] DEBUG balancer.ContainerBalancerTask (ContainerBalancerTask.java:matchSourceWithTarget(708)) - ContainerBalancer is finding suitable target for source datanode 8ab11331-0c5b-426c-b0bb-13392d4dfbf4
2023-07-25 18:54:27,008 [main] INFO  balancer.ContainerBalancerTask (ContainerBalancerTask.java:matchSourceWithTarget(722)) - ContainerBalancer matched source datanode 8ab11331-0c5b-426c-b0bb-13392d4dfbf4 with target datanode b5722f59-1258-4b65-b267-460f7b2f886f for container move.
2023-07-25 18:54:27,008 [main] INFO  balancer.ContainerBalancerTask (ContainerBalancerTask.java:processMoveSelection(569)) - ContainerBalancer is trying to move container #68 with size 5368709120B from source datanode 8ab11331-0c5b-426c-b0bb-13392d4dfbf4 to target datanode b5722f59-1258-4b65-b267-460f7b2f886f
2023-07-25 18:54:27,008 [main] INFO  balancer.ContainerBalancerTask (ContainerBalancerTask.java:lambda$moveContainer$3(827)) - Container move for container #68 from source 8ab11331-0c5b-426c-b0bb-13392d4dfbf4 to target b5722f59-1258-4b65-b267-460f7b2f886f failed with exceptions.
java.lang.RuntimeException: Runtime Exception
	at org.apache.hadoop.hdds.scm.container.balancer.TestContainerBalancerTask.checkIterationResultException(TestContainerBalancerTask.java:1002)
	at sun.reflect.NativeMethodAccessorImpl.invoke0(Native Method)
	at sun.reflect.NativeMethodAccessorImpl.invoke(NativeMethodAccessorImpl.java:62)
	at sun.reflect.DelegatingMethodAccessorImpl.invoke(DelegatingMethodAccessorImpl.java:43)
	at java.lang.reflect.Method.invoke(Method.java:498)
	at org.junit.platform.commons.util.ReflectionUtils.invokeMethod(ReflectionUtils.java:725)
	at org.junit.jupiter.engine.execution.MethodInvocation.proceed(MethodInvocation.java:60)
	at org.junit.jupiter.engine.execution.InvocationInterceptorChain$ValidatingInvocation.proceed(InvocationInterceptorChain.java:131)
	at org.junit.jupiter.engine.extension.TimeoutExtension.intercept(TimeoutExtension.java:149)
	at org.junit.jupiter.engine.extension.TimeoutExtension.interceptTestableMethod(TimeoutExtension.java:140)
	at org.junit.jupiter.engine.extension.TimeoutExtension.interceptTestMethod(TimeoutExtension.java:84)
	at org.junit.jupiter.engine.execution.ExecutableInvoker$ReflectiveInterceptorCall.lambda$ofVoidMethod$0(ExecutableInvoker.java:115)
	at org.junit.jupiter.engine.execution.ExecutableInvoker.lambda$invoke$0(ExecutableInvoker.java:105)
	at org.junit.jupiter.engine.execution.InvocationInterceptorChain$InterceptedInvocation.proceed(InvocationInterceptorChain.java:106)
	at org.junit.jupiter.engine.execution.InvocationInterceptorChain.proceed(InvocationInterceptorChain.java:64)
	at org.junit.jupiter.engine.execution.InvocationInterceptorChain.chainAndInvoke(InvocationInterceptorChain.java:45)
	at org.junit.jupiter.engine.execution.InvocationInterceptorChain.invoke(InvocationInterceptorChain.java:37)
	at org.junit.jupiter.engine.execution.ExecutableInvoker.invoke(ExecutableInvoker.java:104)
	at org.junit.jupiter.engine.execution.ExecutableInvoker.invoke(ExecutableInvoker.java:98)
	at org.junit.jupiter.engine.descriptor.TestMethodTestDescriptor.lambda$invokeTestMethod$7(TestMethodTestDescriptor.java:214)
	at org.junit.platform.engine.support.hierarchical.ThrowableCollector.execute(ThrowableCollector.java:73)
	at org.junit.jupiter.engine.descriptor.TestMethodTestDescriptor.invokeTestMethod(TestMethodTestDescriptor.java:210)
	at org.junit.jupiter.engine.descriptor.TestMethodTestDescriptor.execute(TestMethodTestDescriptor.java:135)
	at org.junit.jupiter.engine.descriptor.TestMethodTestDescriptor.execute(TestMethodTestDescriptor.java:66)
	at org.junit.platform.engine.support.hierarchical.NodeTestTask.lambda$executeRecursively$6(NodeTestTask.java:151)
	at org.junit.platform.engine.support.hierarchical.ThrowableCollector.execute(ThrowableCollector.java:73)
	at org.junit.platform.engine.support.hierarchical.NodeTestTask.lambda$executeRecursively$8(NodeTestTask.java:141)
	at org.junit.platform.engine.support.hierarchical.Node.around(Node.java:137)
	at org.junit.platform.engine.support.hierarchical.NodeTestTask.lambda$executeRecursively$9(NodeTestTask.java:139)
	at org.junit.platform.engine.support.hierarchical.ThrowableCollector.execute(ThrowableCollector.java:73)
	at org.junit.platform.engine.support.hierarchical.NodeTestTask.executeRecursively(NodeTestTask.java:138)
	at org.junit.platform.engine.support.hierarchical.NodeTestTask.execute(NodeTestTask.java:95)
	at java.util.ArrayList.forEach(ArrayList.java:1259)
	at org.junit.platform.engine.support.hierarchical.SameThreadHierarchicalTestExecutorService.invokeAll(SameThreadHierarchicalTestExecutorService.java:41)
	at org.junit.platform.engine.support.hierarchical.NodeTestTask.lambda$executeRecursively$6(NodeTestTask.java:155)
	at org.junit.platform.engine.support.hierarchical.ThrowableCollector.execute(ThrowableCollector.java:73)
	at org.junit.platform.engine.support.hierarchical.NodeTestTask.lambda$executeRecursively$8(NodeTestTask.java:141)
	at org.junit.platform.engine.support.hierarchical.Node.around(Node.java:137)
	at org.junit.platform.engine.support.hierarchical.NodeTestTask.lambda$executeRecursively$9(NodeTestTask.java:139)
	at org.junit.platform.engine.support.hierarchical.ThrowableCollector.execute(ThrowableCollector.java:73)
	at org.junit.platform.engine.support.hierarchical.NodeTestTask.executeRecursively(NodeTestTask.java:138)
	at org.junit.platform.engine.support.hierarchical.NodeTestTask.execute(NodeTestTask.java:95)
	at java.util.ArrayList.forEach(ArrayList.java:1259)
	at org.junit.platform.engine.support.hierarchical.SameThreadHierarchicalTestExecutorService.invokeAll(SameThreadHierarchicalTestExecutorService.java:41)
	at org.junit.platform.engine.support.hierarchical.NodeTestTask.lambda$executeRecursively$6(NodeTestTask.java:155)
	at org.junit.platform.engine.support.hierarchical.ThrowableCollector.execute(ThrowableCollector.java:73)
	at org.junit.platform.engine.support.hierarchical.NodeTestTask.lambda$executeRecursively$8(NodeTestTask.java:141)
	at org.junit.platform.engine.support.hierarchical.Node.around(Node.java:137)
	at org.junit.platform.engine.support.hierarchical.NodeTestTask.lambda$executeRecursively$9(NodeTestTask.java:139)
	at org.junit.platform.engine.support.hierarchical.ThrowableCollector.execute(ThrowableCollector.java:73)
	at org.junit.platform.engine.support.hierarchical.NodeTestTask.executeRecursively(NodeTestTask.java:138)
	at org.junit.platform.engine.support.hierarchical.NodeTestTask.execute(NodeTestTask.java:95)
	at org.junit.platform.engine.support.hierarchical.SameThreadHierarchicalTestExecutorService.submit(SameThreadHierarchicalTestExecutorService.java:35)
	at org.junit.platform.engine.support.hierarchical.HierarchicalTestExecutor.execute(HierarchicalTestExecutor.java:57)
	at org.junit.platform.engine.support.hierarchical.HierarchicalTestEngine.execute(HierarchicalTestEngine.java:54)
	at org.junit.platform.launcher.core.EngineExecutionOrchestrator.execute(EngineExecutionOrchestrator.java:107)
	at org.junit.platform.launcher.core.EngineExecutionOrchestrator.execute(EngineExecutionOrchestrator.java:88)
	at org.junit.platform.launcher.core.EngineExecutionOrchestrator.lambda$execute$0(EngineExecutionOrchestrator.java:54)
	at org.junit.platform.launcher.core.EngineExecutionOrchestrator.withInterceptedStreams(EngineExecutionOrchestrator.java:67)
	at org.junit.platform.launcher.core.EngineExecutionOrchestrator.execute(EngineExecutionOrchestrator.java:52)
	at org.junit.platform.launcher.core.DefaultLauncher.execute(DefaultLauncher.java:114)
	at org.junit.platform.launcher.core.DefaultLauncher.execute(DefaultLauncher.java:86)
	at org.junit.platform.launcher.core.DefaultLauncherSession$DelegatingLauncher.execute(DefaultLauncherSession.java:86)
	at org.junit.platform.launcher.core.SessionPerRequestLauncher.execute(SessionPerRequestLauncher.java:53)
	at org.apache.maven.surefire.junitplatform.JUnitPlatformProvider.execute(JUnitPlatformProvider.java:188)
	at org.apache.maven.surefire.junitplatform.JUnitPlatformProvider.invokeAllTests(JUnitPlatformProvider.java:154)
	at org.apache.maven.surefire.junitplatform.JUnitPlatformProvider.invoke(JUnitPlatformProvider.java:124)
	at org.apache.maven.surefire.booter.ForkedBooter.runSuitesInProcess(ForkedBooter.java:428)
	at org.apache.maven.surefire.booter.ForkedBooter.execute(ForkedBooter.java:162)
	at org.apache.maven.surefire.booter.ForkedBooter.run(ForkedBooter.java:562)
	at org.apache.maven.surefire.booter.ForkedBooter.main(ForkedBooter.java:548)
2023-07-25 18:54:27,009 [main] INFO  balancer.FindSourceGreedy (FindSourceGreedy.java:getNextCandidateSourceDataNode(126)) - no more candidate source data node
2023-07-25 18:54:27,009 [main] INFO  balancer.ContainerBalancerTask (ContainerBalancerTask.java:checkIterationMoveResults(642)) - Iteration Summary. Number of Datanodes involved: 0. Size moved: 0 B (0 Bytes). Number of Container moves completed: 0.
2023-07-25 18:54:27,010 [main] INFO  balancer.ContainerBalancerTask (ContainerBalancerTask.java:balance(259)) - Result of this iteration of Container Balancer: ITERATION_COMPLETED
2023-07-25 18:54:27,010 [main] INFO  balancer.ContainerBalancerTask (ContainerBalancerTask.java:tryStopWithSaveConfiguration(308)) - Save Configuration for stopping. Reason: Completed all iterations.
2023-07-25 18:54:27,012 [main] DEBUG balancer.ContainerBalancerTask (ContainerBalancerTask.java:initializeIteration(374)) - Average utilization of the cluster is 0.35450719166002914
2023-07-25 18:54:27,012 [main] DEBUG balancer.ContainerBalancerTask (ContainerBalancerTask.java:initializeIteration(386)) - Lower limit for utilization is 0.2545071916600291 and Upper limit for utilization is 0.4545071916600292
2023-07-25 18:54:27,012 [main] DEBUG balancer.ContainerBalancerTask (ContainerBalancerTask.java:initializeIteration(398)) - Utilization for node f386061f-081d-4214-9c59-33ffc24603af with capacity 46528812373B, used 41875931136B, and remaining 4652881237B is 0.9000000000064476
2023-07-25 18:54:27,012 [main] DEBUG balancer.ContainerBalancerTask (ContainerBalancerTask.java:initializeIteration(398)) - Utilization for node d51c7b7f-be3f-4d7e-ac36-8ba520075c25 with capacity 63082332160B, used 50465865728B, and remaining 12616466432B is 0.8
2023-07-25 18:54:27,012 [main] DEBUG balancer.ContainerBalancerTask (ContainerBalancerTask.java:initializeIteration(398)) - Utilization for node c1c6a60d-f88a-43a6-a407-a880828a41fd with capacity 69026260114B, used 48318382080B, and remaining 20707878034B is 0.7000000000028974
2023-07-25 18:54:27,012 [main] DEBUG balancer.ContainerBalancerTask (ContainerBalancerTask.java:initializeIteration(398)) - Utilization for node 2d63472f-3022-462a-9be4-b8b8e2ecc780 with capacity 73372357973B, used 44023414784B, and remaining 29348943189B is 0.6000000000027258
2023-07-25 18:54:27,012 [main] DEBUG balancer.ContainerBalancerTask (ContainerBalancerTask.java:initializeIteration(398)) - Utilization for node 8ab11331-0c5b-426c-b0bb-13392d4dfbf4 with capacity 103079215104B, used 51539607552B, and remaining 51539607552B is 0.5
2023-07-25 18:54:27,013 [main] DEBUG balancer.ContainerBalancerTask (ContainerBalancerTask.java:initializeIteration(398)) - Utilization for node 66b5df6f-2c0b-4290-a417-ccef84a3e8bc with capacity 85899345920B, used 34359738368B, and remaining 51539607552B is 0.4
2023-07-25 18:54:27,013 [main] DEBUG balancer.ContainerBalancerTask (ContainerBalancerTask.java:initializeIteration(398)) - Utilization for node 61f52cfe-931c-41dc-a490-3a2d425403a6 with capacity 182536110080B, used 54760833024B, and remaining 127775277056B is 0.3
2023-07-25 18:54:27,013 [main] DEBUG balancer.ContainerBalancerTask (ContainerBalancerTask.java:initializeIteration(398)) - Utilization for node f911f642-9c00-4c78-97c9-6e22c09a09ca with capacity 257698037760B, used 51539607552B, and remaining 206158430208B is 0.2
2023-07-25 18:54:27,013 [main] DEBUG balancer.ContainerBalancerTask (ContainerBalancerTask.java:initializeIteration(398)) - Utilization for node bc539d2d-dc35-46d5-8f8d-f457aa036d71 with capacity 204010946560B, used 20401094656B, and remaining 183609851904B is 0.1
2023-07-25 18:54:27,013 [main] DEBUG balancer.ContainerBalancerTask (ContainerBalancerTask.java:initializeIteration(398)) - Utilization for node b5722f59-1258-4b65-b267-460f7b2f886f with capacity 35433480192B, used 0B, and remaining 35433480192B is 0.0
2023-07-25 18:54:27,013 [main] INFO  balancer.ContainerBalancerTask (ContainerBalancerTask.java:initializeIteration(447)) - Container Balancer has identified 5 Over-Utilized and 3 Under-Utilized Datanodes that need to be balanced.
2023-07-25 18:54:27,013 [main] DEBUG balancer.ContainerBalancerTask (ContainerBalancerTask.java:lambda$initializeIteration$1(453)) - Datanode localhost-127.104.120.188 f386061f-081d-4214-9c59-33ffc24603af is Over-Utilized.
2023-07-25 18:54:27,013 [main] DEBUG balancer.ContainerBalancerTask (ContainerBalancerTask.java:lambda$initializeIteration$1(453)) - Datanode localhost-84.145.188.190 d51c7b7f-be3f-4d7e-ac36-8ba520075c25 is Over-Utilized.
2023-07-25 18:54:27,013 [main] DEBUG balancer.ContainerBalancerTask (ContainerBalancerTask.java:lambda$initializeIteration$1(453)) - Datanode localhost-35.115.17.179 c1c6a60d-f88a-43a6-a407-a880828a41fd is Over-Utilized.
2023-07-25 18:54:27,014 [main] DEBUG balancer.ContainerBalancerTask (ContainerBalancerTask.java:lambda$initializeIteration$1(453)) - Datanode localhost-4.236.13.177 2d63472f-3022-462a-9be4-b8b8e2ecc780 is Over-Utilized.
2023-07-25 18:54:27,014 [main] DEBUG balancer.ContainerBalancerTask (ContainerBalancerTask.java:lambda$initializeIteration$1(453)) - Datanode localhost-1.189.128.188 8ab11331-0c5b-426c-b0bb-13392d4dfbf4 is Over-Utilized.
2023-07-25 18:54:27,014 [main] DEBUG balancer.ContainerBalancerTask (ContainerBalancerTask.java:lambda$initializeIteration$2(459)) - Datanode localhost-119.121.230.177 b5722f59-1258-4b65-b267-460f7b2f886f is Under-Utilized.
2023-07-25 18:54:27,014 [main] DEBUG balancer.ContainerBalancerTask (ContainerBalancerTask.java:lambda$initializeIteration$2(459)) - Datanode localhost-140.92.6.190 bc539d2d-dc35-46d5-8f8d-f457aa036d71 is Under-Utilized.
2023-07-25 18:54:27,014 [main] DEBUG balancer.ContainerBalancerTask (ContainerBalancerTask.java:lambda$initializeIteration$2(459)) - Datanode localhost-199.162.233.214 f911f642-9c00-4c78-97c9-6e22c09a09ca is Under-Utilized.
2023-07-25 18:54:27,016 [main] DEBUG balancer.ContainerBalancerTask (ContainerBalancerTask.java:matchSourceWithTarget(708)) - ContainerBalancer is finding suitable target for source datanode f386061f-081d-4214-9c59-33ffc24603af
2023-07-25 18:54:27,017 [main] INFO  balancer.ContainerBalancerTask (ContainerBalancerTask.java:matchSourceWithTarget(722)) - ContainerBalancer matched source datanode f386061f-081d-4214-9c59-33ffc24603af with target datanode b5722f59-1258-4b65-b267-460f7b2f886f for container move.
2023-07-25 18:54:27,017 [main] INFO  balancer.ContainerBalancerTask (ContainerBalancerTask.java:processMoveSelection(569)) - ContainerBalancer is trying to move container #85 with size 5368709120B from source datanode f386061f-081d-4214-9c59-33ffc24603af to target datanode b5722f59-1258-4b65-b267-460f7b2f886f
2023-07-25 18:54:27,020 [Thread-24] INFO  balancer.ContainerBalancerTask (ContainerBalancerTask.java:lambda$moveContainer$3(827)) - Container move for container #85 from source f386061f-081d-4214-9c59-33ffc24603af to target b5722f59-1258-4b65-b267-460f7b2f886f failed with exceptions.
java.util.concurrent.CompletionException: java.lang.RuntimeException: Runtime Exception after doing work
	at java.util.concurrent.CompletableFuture.encodeThrowable(CompletableFuture.java:273)
	at java.util.concurrent.CompletableFuture.completeThrowable(CompletableFuture.java:280)
	at java.util.concurrent.CompletableFuture$AsyncSupply.run(CompletableFuture.java:1606)
	at java.lang.Thread.run(Thread.java:750)
Caused by: java.lang.RuntimeException: Runtime Exception after doing work
	at org.apache.hadoop.hdds.scm.container.balancer.TestContainerBalancerTask.lambda$checkIterationResultException$11(TestContainerBalancerTask.java:1045)
	at java.util.concurrent.CompletableFuture$AsyncSupply.run(CompletableFuture.java:1604)
	... 1 more
2023-07-25 18:54:27,022 [main] DEBUG balancer.ContainerBalancerTask (ContainerBalancerTask.java:matchSourceWithTarget(708)) - ContainerBalancer is finding suitable target for source datanode d51c7b7f-be3f-4d7e-ac36-8ba520075c25
2023-07-25 18:54:27,023 [main] INFO  balancer.ContainerBalancerTask (ContainerBalancerTask.java:matchSourceWithTarget(722)) - ContainerBalancer matched source datanode d51c7b7f-be3f-4d7e-ac36-8ba520075c25 with target datanode bc539d2d-dc35-46d5-8f8d-f457aa036d71 for container move.
2023-07-25 18:54:27,024 [main] INFO  balancer.ContainerBalancerTask (ContainerBalancerTask.java:processMoveSelection(569)) - ContainerBalancer is trying to move container #68 with size 5368709120B from source datanode d51c7b7f-be3f-4d7e-ac36-8ba520075c25 to target datanode bc539d2d-dc35-46d5-8f8d-f457aa036d71
2023-07-25 18:54:27,024 [main] WARN  balancer.ContainerBalancerTask (ContainerBalancerTask.java:moveContainer(851)) - Could not find Container #68 for container move
org.apache.hadoop.hdds.scm.container.ContainerNotFoundException: Test Container not found
	at org.apache.hadoop.hdds.scm.container.balancer.MoveManager.move(MoveManager.java:212)
	at org.apache.hadoop.hdds.scm.container.balancer.ContainerBalancerTask.moveContainer(ContainerBalancerTask.java:819)
	at org.apache.hadoop.hdds.scm.container.balancer.ContainerBalancerTask.processMoveSelection(ContainerBalancerTask.java:576)
	at org.apache.hadoop.hdds.scm.container.balancer.ContainerBalancerTask.doIteration(ContainerBalancerTask.java:534)
	at org.apache.hadoop.hdds.scm.container.balancer.ContainerBalancerTask.balance(ContainerBalancerTask.java:257)
	at org.apache.hadoop.hdds.scm.container.balancer.ContainerBalancerTask.run(ContainerBalancerTask.java:179)
	at org.apache.hadoop.hdds.scm.container.balancer.TestContainerBalancerTask.startBalancer(TestContainerBalancerTask.java:1321)
	at org.apache.hadoop.hdds.scm.container.balancer.TestContainerBalancerTask.checkIterationResultException(TestContainerBalancerTask.java:1051)
	at sun.reflect.NativeMethodAccessorImpl.invoke0(Native Method)
	at sun.reflect.NativeMethodAccessorImpl.invoke(NativeMethodAccessorImpl.java:62)
	at sun.reflect.DelegatingMethodAccessorImpl.invoke(DelegatingMethodAccessorImpl.java:43)
	at java.lang.reflect.Method.invoke(Method.java:498)
	at org.junit.platform.commons.util.ReflectionUtils.invokeMethod(ReflectionUtils.java:725)
	at org.junit.jupiter.engine.execution.MethodInvocation.proceed(MethodInvocation.java:60)
	at org.junit.jupiter.engine.execution.InvocationInterceptorChain$ValidatingInvocation.proceed(InvocationInterceptorChain.java:131)
	at org.junit.jupiter.engine.extension.TimeoutExtension.intercept(TimeoutExtension.java:149)
	at org.junit.jupiter.engine.extension.TimeoutExtension.interceptTestableMethod(TimeoutExtension.java:140)
	at org.junit.jupiter.engine.extension.TimeoutExtension.interceptTestMethod(TimeoutExtension.java:84)
	at org.junit.jupiter.engine.execution.ExecutableInvoker$ReflectiveInterceptorCall.lambda$ofVoidMethod$0(ExecutableInvoker.java:115)
	at org.junit.jupiter.engine.execution.ExecutableInvoker.lambda$invoke$0(ExecutableInvoker.java:105)
	at org.junit.jupiter.engine.execution.InvocationInterceptorChain$InterceptedInvocation.proceed(InvocationInterceptorChain.java:106)
	at org.junit.jupiter.engine.execution.InvocationInterceptorChain.proceed(InvocationInterceptorChain.java:64)
	at org.junit.jupiter.engine.execution.InvocationInterceptorChain.chainAndInvoke(InvocationInterceptorChain.java:45)
	at org.junit.jupiter.engine.execution.InvocationInterceptorChain.invoke(InvocationInterceptorChain.java:37)
	at org.junit.jupiter.engine.execution.ExecutableInvoker.invoke(ExecutableInvoker.java:104)
	at org.junit.jupiter.engine.execution.ExecutableInvoker.invoke(ExecutableInvoker.java:98)
	at org.junit.jupiter.engine.descriptor.TestMethodTestDescriptor.lambda$invokeTestMethod$7(TestMethodTestDescriptor.java:214)
	at org.junit.platform.engine.support.hierarchical.ThrowableCollector.execute(ThrowableCollector.java:73)
	at org.junit.jupiter.engine.descriptor.TestMethodTestDescriptor.invokeTestMethod(TestMethodTestDescriptor.java:210)
	at org.junit.jupiter.engine.descriptor.TestMethodTestDescriptor.execute(TestMethodTestDescriptor.java:135)
	at org.junit.jupiter.engine.descriptor.TestMethodTestDescriptor.execute(TestMethodTestDescriptor.java:66)
	at org.junit.platform.engine.support.hierarchical.NodeTestTask.lambda$executeRecursively$6(NodeTestTask.java:151)
	at org.junit.platform.engine.support.hierarchical.ThrowableCollector.execute(ThrowableCollector.java:73)
	at org.junit.platform.engine.support.hierarchical.NodeTestTask.lambda$executeRecursively$8(NodeTestTask.java:141)
	at org.junit.platform.engine.support.hierarchical.Node.around(Node.java:137)
	at org.junit.platform.engine.support.hierarchical.NodeTestTask.lambda$executeRecursively$9(NodeTestTask.java:139)
	at org.junit.platform.engine.support.hierarchical.ThrowableCollector.execute(ThrowableCollector.java:73)
	at org.junit.platform.engine.support.hierarchical.NodeTestTask.executeRecursively(NodeTestTask.java:138)
	at org.junit.platform.engine.support.hierarchical.NodeTestTask.execute(NodeTestTask.java:95)
	at java.util.ArrayList.forEach(ArrayList.java:1259)
	at org.junit.platform.engine.support.hierarchical.SameThreadHierarchicalTestExecutorService.invokeAll(SameThreadHierarchicalTestExecutorService.java:41)
	at org.junit.platform.engine.support.hierarchical.NodeTestTask.lambda$executeRecursively$6(NodeTestTask.java:155)
	at org.junit.platform.engine.support.hierarchical.ThrowableCollector.execute(ThrowableCollector.java:73)
	at org.junit.platform.engine.support.hierarchical.NodeTestTask.lambda$executeRecursively$8(NodeTestTask.java:141)
	at org.junit.platform.engine.support.hierarchical.Node.around(Node.java:137)
	at org.junit.platform.engine.support.hierarchical.NodeTestTask.lambda$executeRecursively$9(NodeTestTask.java:139)
	at org.junit.platform.engine.support.hierarchical.ThrowableCollector.execute(ThrowableCollector.java:73)
	at org.junit.platform.engine.support.hierarchical.NodeTestTask.executeRecursively(NodeTestTask.java:138)
	at org.junit.platform.engine.support.hierarchical.NodeTestTask.execute(NodeTestTask.java:95)
	at java.util.ArrayList.forEach(ArrayList.java:1259)
	at org.junit.platform.engine.support.hierarchical.SameThreadHierarchicalTestExecutorService.invokeAll(SameThreadHierarchicalTestExecutorService.java:41)
	at org.junit.platform.engine.support.hierarchical.NodeTestTask.lambda$executeRecursively$6(NodeTestTask.java:155)
	at org.junit.platform.engine.support.hierarchical.ThrowableCollector.execute(ThrowableCollector.java:73)
	at org.junit.platform.engine.support.hierarchical.NodeTestTask.lambda$executeRecursively$8(NodeTestTask.java:141)
	at org.junit.platform.engine.support.hierarchical.Node.around(Node.java:137)
	at org.junit.platform.engine.support.hierarchical.NodeTestTask.lambda$executeRecursively$9(NodeTestTask.java:139)
	at org.junit.platform.engine.support.hierarchical.ThrowableCollector.execute(ThrowableCollector.java:73)
	at org.junit.platform.engine.support.hierarchical.NodeTestTask.executeRecursively(NodeTestTask.java:138)
	at org.junit.platform.engine.support.hierarchical.NodeTestTask.execute(NodeTestTask.java:95)
	at org.junit.platform.engine.support.hierarchical.SameThreadHierarchicalTestExecutorService.submit(SameThreadHierarchicalTestExecutorService.java:35)
	at org.junit.platform.engine.support.hierarchical.HierarchicalTestExecutor.execute(HierarchicalTestExecutor.java:57)
	at org.junit.platform.engine.support.hierarchical.HierarchicalTestEngine.execute(HierarchicalTestEngine.java:54)
	at org.junit.platform.launcher.core.EngineExecutionOrchestrator.execute(EngineExecutionOrchestrator.java:107)
	at org.junit.platform.launcher.core.EngineExecutionOrchestrator.execute(EngineExecutionOrchestrator.java:88)
	at org.junit.platform.launcher.core.EngineExecutionOrchestrator.lambda$execute$0(EngineExecutionOrchestrator.java:54)
	at org.junit.platform.launcher.core.EngineExecutionOrchestrator.withInterceptedStreams(EngineExecutionOrchestrator.java:67)
	at org.junit.platform.launcher.core.EngineExecutionOrchestrator.execute(EngineExecutionOrchestrator.java:52)
	at org.junit.platform.launcher.core.DefaultLauncher.execute(DefaultLauncher.java:114)
	at org.junit.platform.launcher.core.DefaultLauncher.execute(DefaultLauncher.java:86)
	at org.junit.platform.launcher.core.DefaultLauncherSession$DelegatingLauncher.execute(DefaultLauncherSession.java:86)
	at org.junit.platform.launcher.core.SessionPerRequestLauncher.execute(SessionPerRequestLauncher.java:53)
	at org.apache.maven.surefire.junitplatform.JUnitPlatformProvider.execute(JUnitPlatformProvider.java:188)
	at org.apache.maven.surefire.junitplatform.JUnitPlatformProvider.invokeAllTests(JUnitPlatformProvider.java:154)
	at org.apache.maven.surefire.junitplatform.JUnitPlatformProvider.invoke(JUnitPlatformProvider.java:124)
	at org.apache.maven.surefire.booter.ForkedBooter.runSuitesInProcess(ForkedBooter.java:428)
	at org.apache.maven.surefire.booter.ForkedBooter.execute(ForkedBooter.java:162)
	at org.apache.maven.surefire.booter.ForkedBooter.run(ForkedBooter.java:562)
	at org.apache.maven.surefire.booter.ForkedBooter.main(ForkedBooter.java:548)
2023-07-25 18:54:27,027 [main] DEBUG balancer.ContainerBalancerTask (ContainerBalancerTask.java:matchSourceWithTarget(708)) - ContainerBalancer is finding suitable target for source datanode f386061f-081d-4214-9c59-33ffc24603af
2023-07-25 18:54:27,027 [main] INFO  balancer.ContainerBalancerTask (ContainerBalancerTask.java:matchSourceWithTarget(722)) - ContainerBalancer matched source datanode f386061f-081d-4214-9c59-33ffc24603af with target datanode bc539d2d-dc35-46d5-8f8d-f457aa036d71 for container move.
2023-07-25 18:54:27,027 [main] INFO  balancer.ContainerBalancerTask (ContainerBalancerTask.java:processMoveSelection(569)) - ContainerBalancer is trying to move container #89 with size 4294967296B from source datanode f386061f-081d-4214-9c59-33ffc24603af to target datanode bc539d2d-dc35-46d5-8f8d-f457aa036d71
2023-07-25 18:54:27,028 [main] INFO  balancer.ContainerBalancerTask (ContainerBalancerTask.java:lambda$moveContainer$3(827)) - Container move for container #89 from source f386061f-081d-4214-9c59-33ffc24603af to target bc539d2d-dc35-46d5-8f8d-f457aa036d71 failed with exceptions.
java.lang.RuntimeException: Runtime Exception
	at org.apache.hadoop.hdds.scm.container.balancer.TestContainerBalancerTask.checkIterationResultException(TestContainerBalancerTask.java:1002)
	at sun.reflect.NativeMethodAccessorImpl.invoke0(Native Method)
	at sun.reflect.NativeMethodAccessorImpl.invoke(NativeMethodAccessorImpl.java:62)
	at sun.reflect.DelegatingMethodAccessorImpl.invoke(DelegatingMethodAccessorImpl.java:43)
	at java.lang.reflect.Method.invoke(Method.java:498)
	at org.junit.platform.commons.util.ReflectionUtils.invokeMethod(ReflectionUtils.java:725)
	at org.junit.jupiter.engine.execution.MethodInvocation.proceed(MethodInvocation.java:60)
	at org.junit.jupiter.engine.execution.InvocationInterceptorChain$ValidatingInvocation.proceed(InvocationInterceptorChain.java:131)
	at org.junit.jupiter.engine.extension.TimeoutExtension.intercept(TimeoutExtension.java:149)
	at org.junit.jupiter.engine.extension.TimeoutExtension.interceptTestableMethod(TimeoutExtension.java:140)
	at org.junit.jupiter.engine.extension.TimeoutExtension.interceptTestMethod(TimeoutExtension.java:84)
	at org.junit.jupiter.engine.execution.ExecutableInvoker$ReflectiveInterceptorCall.lambda$ofVoidMethod$0(ExecutableInvoker.java:115)
	at org.junit.jupiter.engine.execution.ExecutableInvoker.lambda$invoke$0(ExecutableInvoker.java:105)
	at org.junit.jupiter.engine.execution.InvocationInterceptorChain$InterceptedInvocation.proceed(InvocationInterceptorChain.java:106)
	at org.junit.jupiter.engine.execution.InvocationInterceptorChain.proceed(InvocationInterceptorChain.java:64)
	at org.junit.jupiter.engine.execution.InvocationInterceptorChain.chainAndInvoke(InvocationInterceptorChain.java:45)
	at org.junit.jupiter.engine.execution.InvocationInterceptorChain.invoke(InvocationInterceptorChain.java:37)
	at org.junit.jupiter.engine.execution.ExecutableInvoker.invoke(ExecutableInvoker.java:104)
	at org.junit.jupiter.engine.execution.ExecutableInvoker.invoke(ExecutableInvoker.java:98)
	at org.junit.jupiter.engine.descriptor.TestMethodTestDescriptor.lambda$invokeTestMethod$7(TestMethodTestDescriptor.java:214)
	at org.junit.platform.engine.support.hierarchical.ThrowableCollector.execute(ThrowableCollector.java:73)
	at org.junit.jupiter.engine.descriptor.TestMethodTestDescriptor.invokeTestMethod(TestMethodTestDescriptor.java:210)
	at org.junit.jupiter.engine.descriptor.TestMethodTestDescriptor.execute(TestMethodTestDescriptor.java:135)
	at org.junit.jupiter.engine.descriptor.TestMethodTestDescriptor.execute(TestMethodTestDescriptor.java:66)
	at org.junit.platform.engine.support.hierarchical.NodeTestTask.lambda$executeRecursively$6(NodeTestTask.java:151)
	at org.junit.platform.engine.support.hierarchical.ThrowableCollector.execute(ThrowableCollector.java:73)
	at org.junit.platform.engine.support.hierarchical.NodeTestTask.lambda$executeRecursively$8(NodeTestTask.java:141)
	at org.junit.platform.engine.support.hierarchical.Node.around(Node.java:137)
	at org.junit.platform.engine.support.hierarchical.NodeTestTask.lambda$executeRecursively$9(NodeTestTask.java:139)
	at org.junit.platform.engine.support.hierarchical.ThrowableCollector.execute(ThrowableCollector.java:73)
	at org.junit.platform.engine.support.hierarchical.NodeTestTask.executeRecursively(NodeTestTask.java:138)
	at org.junit.platform.engine.support.hierarchical.NodeTestTask.execute(NodeTestTask.java:95)
	at java.util.ArrayList.forEach(ArrayList.java:1259)
	at org.junit.platform.engine.support.hierarchical.SameThreadHierarchicalTestExecutorService.invokeAll(SameThreadHierarchicalTestExecutorService.java:41)
	at org.junit.platform.engine.support.hierarchical.NodeTestTask.lambda$executeRecursively$6(NodeTestTask.java:155)
	at org.junit.platform.engine.support.hierarchical.ThrowableCollector.execute(ThrowableCollector.java:73)
	at org.junit.platform.engine.support.hierarchical.NodeTestTask.lambda$executeRecursively$8(NodeTestTask.java:141)
	at org.junit.platform.engine.support.hierarchical.Node.around(Node.java:137)
	at org.junit.platform.engine.support.hierarchical.NodeTestTask.lambda$executeRecursively$9(NodeTestTask.java:139)
	at org.junit.platform.engine.support.hierarchical.ThrowableCollector.execute(ThrowableCollector.java:73)
	at org.junit.platform.engine.support.hierarchical.NodeTestTask.executeRecursively(NodeTestTask.java:138)
	at org.junit.platform.engine.support.hierarchical.NodeTestTask.execute(NodeTestTask.java:95)
	at java.util.ArrayList.forEach(ArrayList.java:1259)
	at org.junit.platform.engine.support.hierarchical.SameThreadHierarchicalTestExecutorService.invokeAll(SameThreadHierarchicalTestExecutorService.java:41)
	at org.junit.platform.engine.support.hierarchical.NodeTestTask.lambda$executeRecursively$6(NodeTestTask.java:155)
	at org.junit.platform.engine.support.hierarchical.ThrowableCollector.execute(ThrowableCollector.java:73)
	at org.junit.platform.engine.support.hierarchical.NodeTestTask.lambda$executeRecursively$8(NodeTestTask.java:141)
	at org.junit.platform.engine.support.hierarchical.Node.around(Node.java:137)
	at org.junit.platform.engine.support.hierarchical.NodeTestTask.lambda$executeRecursively$9(NodeTestTask.java:139)
	at org.junit.platform.engine.support.hierarchical.ThrowableCollector.execute(ThrowableCollector.java:73)
	at org.junit.platform.engine.support.hierarchical.NodeTestTask.executeRecursively(NodeTestTask.java:138)
	at org.junit.platform.engine.support.hierarchical.NodeTestTask.execute(NodeTestTask.java:95)
	at org.junit.platform.engine.support.hierarchical.SameThreadHierarchicalTestExecutorService.submit(SameThreadHierarchicalTestExecutorService.java:35)
	at org.junit.platform.engine.support.hierarchical.HierarchicalTestExecutor.execute(HierarchicalTestExecutor.java:57)
	at org.junit.platform.engine.support.hierarchical.HierarchicalTestEngine.execute(HierarchicalTestEngine.java:54)
	at org.junit.platform.launcher.core.EngineExecutionOrchestrator.execute(EngineExecutionOrchestrator.java:107)
	at org.junit.platform.launcher.core.EngineExecutionOrchestrator.execute(EngineExecutionOrchestrator.java:88)
	at org.junit.platform.launcher.core.EngineExecutionOrchestrator.lambda$execute$0(EngineExecutionOrchestrator.java:54)
	at org.junit.platform.launcher.core.EngineExecutionOrchestrator.withInterceptedStreams(EngineExecutionOrchestrator.java:67)
	at org.junit.platform.launcher.core.EngineExecutionOrchestrator.execute(EngineExecutionOrchestrator.java:52)
	at org.junit.platform.launcher.core.DefaultLauncher.execute(DefaultLauncher.java:114)
	at org.junit.platform.launcher.core.DefaultLauncher.execute(DefaultLauncher.java:86)
	at org.junit.platform.launcher.core.DefaultLauncherSession$DelegatingLauncher.execute(DefaultLauncherSession.java:86)
	at org.junit.platform.launcher.core.SessionPerRequestLauncher.execute(SessionPerRequestLauncher.java:53)
	at org.apache.maven.surefire.junitplatform.JUnitPlatformProvider.execute(JUnitPlatformProvider.java:188)
	at org.apache.maven.surefire.junitplatform.JUnitPlatformProvider.invokeAllTests(JUnitPlatformProvider.java:154)
	at org.apache.maven.surefire.junitplatform.JUnitPlatformProvider.invoke(JUnitPlatformProvider.java:124)
	at org.apache.maven.surefire.booter.ForkedBooter.runSuitesInProcess(ForkedBooter.java:428)
	at org.apache.maven.surefire.booter.ForkedBooter.execute(ForkedBooter.java:162)
	at org.apache.maven.surefire.booter.ForkedBooter.run(ForkedBooter.java:562)
	at org.apache.maven.surefire.booter.ForkedBooter.main(ForkedBooter.java:548)
2023-07-25 18:54:27,031 [main] DEBUG balancer.ContainerBalancerTask (ContainerBalancerTask.java:matchSourceWithTarget(708)) - ContainerBalancer is finding suitable target for source datanode c1c6a60d-f88a-43a6-a407-a880828a41fd
2023-07-25 18:54:27,031 [main] INFO  balancer.ContainerBalancerTask (ContainerBalancerTask.java:matchSourceWithTarget(722)) - ContainerBalancer matched source datanode c1c6a60d-f88a-43a6-a407-a880828a41fd with target datanode bc539d2d-dc35-46d5-8f8d-f457aa036d71 for container move.
2023-07-25 18:54:27,031 [main] INFO  balancer.ContainerBalancerTask (ContainerBalancerTask.java:processMoveSelection(569)) - ContainerBalancer is trying to move container #67 with size 4294967296B from source datanode c1c6a60d-f88a-43a6-a407-a880828a41fd to target datanode bc539d2d-dc35-46d5-8f8d-f457aa036d71
2023-07-25 18:54:27,032 [main] INFO  balancer.ContainerBalancerTask (ContainerBalancerTask.java:lambda$moveContainer$3(827)) - Container move for container #67 from source c1c6a60d-f88a-43a6-a407-a880828a41fd to target bc539d2d-dc35-46d5-8f8d-f457aa036d71 failed with exceptions.
java.lang.RuntimeException: Runtime Exception
	at org.apache.hadoop.hdds.scm.container.balancer.TestContainerBalancerTask.checkIterationResultException(TestContainerBalancerTask.java:1002)
	at sun.reflect.NativeMethodAccessorImpl.invoke0(Native Method)
	at sun.reflect.NativeMethodAccessorImpl.invoke(NativeMethodAccessorImpl.java:62)
	at sun.reflect.DelegatingMethodAccessorImpl.invoke(DelegatingMethodAccessorImpl.java:43)
	at java.lang.reflect.Method.invoke(Method.java:498)
	at org.junit.platform.commons.util.ReflectionUtils.invokeMethod(ReflectionUtils.java:725)
	at org.junit.jupiter.engine.execution.MethodInvocation.proceed(MethodInvocation.java:60)
	at org.junit.jupiter.engine.execution.InvocationInterceptorChain$ValidatingInvocation.proceed(InvocationInterceptorChain.java:131)
	at org.junit.jupiter.engine.extension.TimeoutExtension.intercept(TimeoutExtension.java:149)
	at org.junit.jupiter.engine.extension.TimeoutExtension.interceptTestableMethod(TimeoutExtension.java:140)
	at org.junit.jupiter.engine.extension.TimeoutExtension.interceptTestMethod(TimeoutExtension.java:84)
	at org.junit.jupiter.engine.execution.ExecutableInvoker$ReflectiveInterceptorCall.lambda$ofVoidMethod$0(ExecutableInvoker.java:115)
	at org.junit.jupiter.engine.execution.ExecutableInvoker.lambda$invoke$0(ExecutableInvoker.java:105)
	at org.junit.jupiter.engine.execution.InvocationInterceptorChain$InterceptedInvocation.proceed(InvocationInterceptorChain.java:106)
	at org.junit.jupiter.engine.execution.InvocationInterceptorChain.proceed(InvocationInterceptorChain.java:64)
	at org.junit.jupiter.engine.execution.InvocationInterceptorChain.chainAndInvoke(InvocationInterceptorChain.java:45)
	at org.junit.jupiter.engine.execution.InvocationInterceptorChain.invoke(InvocationInterceptorChain.java:37)
	at org.junit.jupiter.engine.execution.ExecutableInvoker.invoke(ExecutableInvoker.java:104)
	at org.junit.jupiter.engine.execution.ExecutableInvoker.invoke(ExecutableInvoker.java:98)
	at org.junit.jupiter.engine.descriptor.TestMethodTestDescriptor.lambda$invokeTestMethod$7(TestMethodTestDescriptor.java:214)
	at org.junit.platform.engine.support.hierarchical.ThrowableCollector.execute(ThrowableCollector.java:73)
	at org.junit.jupiter.engine.descriptor.TestMethodTestDescriptor.invokeTestMethod(TestMethodTestDescriptor.java:210)
	at org.junit.jupiter.engine.descriptor.TestMethodTestDescriptor.execute(TestMethodTestDescriptor.java:135)
	at org.junit.jupiter.engine.descriptor.TestMethodTestDescriptor.execute(TestMethodTestDescriptor.java:66)
	at org.junit.platform.engine.support.hierarchical.NodeTestTask.lambda$executeRecursively$6(NodeTestTask.java:151)
	at org.junit.platform.engine.support.hierarchical.ThrowableCollector.execute(ThrowableCollector.java:73)
	at org.junit.platform.engine.support.hierarchical.NodeTestTask.lambda$executeRecursively$8(NodeTestTask.java:141)
	at org.junit.platform.engine.support.hierarchical.Node.around(Node.java:137)
	at org.junit.platform.engine.support.hierarchical.NodeTestTask.lambda$executeRecursively$9(NodeTestTask.java:139)
	at org.junit.platform.engine.support.hierarchical.ThrowableCollector.execute(ThrowableCollector.java:73)
	at org.junit.platform.engine.support.hierarchical.NodeTestTask.executeRecursively(NodeTestTask.java:138)
	at org.junit.platform.engine.support.hierarchical.NodeTestTask.execute(NodeTestTask.java:95)
	at java.util.ArrayList.forEach(ArrayList.java:1259)
	at org.junit.platform.engine.support.hierarchical.SameThreadHierarchicalTestExecutorService.invokeAll(SameThreadHierarchicalTestExecutorService.java:41)
	at org.junit.platform.engine.support.hierarchical.NodeTestTask.lambda$executeRecursively$6(NodeTestTask.java:155)
	at org.junit.platform.engine.support.hierarchical.ThrowableCollector.execute(ThrowableCollector.java:73)
	at org.junit.platform.engine.support.hierarchical.NodeTestTask.lambda$executeRecursively$8(NodeTestTask.java:141)
	at org.junit.platform.engine.support.hierarchical.Node.around(Node.java:137)
	at org.junit.platform.engine.support.hierarchical.NodeTestTask.lambda$executeRecursively$9(NodeTestTask.java:139)
	at org.junit.platform.engine.support.hierarchical.ThrowableCollector.execute(ThrowableCollector.java:73)
	at org.junit.platform.engine.support.hierarchical.NodeTestTask.executeRecursively(NodeTestTask.java:138)
	at org.junit.platform.engine.support.hierarchical.NodeTestTask.execute(NodeTestTask.java:95)
	at java.util.ArrayList.forEach(ArrayList.java:1259)
	at org.junit.platform.engine.support.hierarchical.SameThreadHierarchicalTestExecutorService.invokeAll(SameThreadHierarchicalTestExecutorService.java:41)
	at org.junit.platform.engine.support.hierarchical.NodeTestTask.lambda$executeRecursively$6(NodeTestTask.java:155)
	at org.junit.platform.engine.support.hierarchical.ThrowableCollector.execute(ThrowableCollector.java:73)
	at org.junit.platform.engine.support.hierarchical.NodeTestTask.lambda$executeRecursively$8(NodeTestTask.java:141)
	at org.junit.platform.engine.support.hierarchical.Node.around(Node.java:137)
	at org.junit.platform.engine.support.hierarchical.NodeTestTask.lambda$executeRecursively$9(NodeTestTask.java:139)
	at org.junit.platform.engine.support.hierarchical.ThrowableCollector.execute(ThrowableCollector.java:73)
	at org.junit.platform.engine.support.hierarchical.NodeTestTask.executeRecursively(NodeTestTask.java:138)
	at org.junit.platform.engine.support.hierarchical.NodeTestTask.execute(NodeTestTask.java:95)
	at org.junit.platform.engine.support.hierarchical.SameThreadHierarchicalTestExecutorService.submit(SameThreadHierarchicalTestExecutorService.java:35)
	at org.junit.platform.engine.support.hierarchical.HierarchicalTestExecutor.execute(HierarchicalTestExecutor.java:57)
	at org.junit.platform.engine.support.hierarchical.HierarchicalTestEngine.execute(HierarchicalTestEngine.java:54)
	at org.junit.platform.launcher.core.EngineExecutionOrchestrator.execute(EngineExecutionOrchestrator.java:107)
	at org.junit.platform.launcher.core.EngineExecutionOrchestrator.execute(EngineExecutionOrchestrator.java:88)
	at org.junit.platform.launcher.core.EngineExecutionOrchestrator.lambda$execute$0(EngineExecutionOrchestrator.java:54)
	at org.junit.platform.launcher.core.EngineExecutionOrchestrator.withInterceptedStreams(EngineExecutionOrchestrator.java:67)
	at org.junit.platform.launcher.core.EngineExecutionOrchestrator.execute(EngineExecutionOrchestrator.java:52)
	at org.junit.platform.launcher.core.DefaultLauncher.execute(DefaultLauncher.java:114)
	at org.junit.platform.launcher.core.DefaultLauncher.execute(DefaultLauncher.java:86)
	at org.junit.platform.launcher.core.DefaultLauncherSession$DelegatingLauncher.execute(DefaultLauncherSession.java:86)
	at org.junit.platform.launcher.core.SessionPerRequestLauncher.execute(SessionPerRequestLauncher.java:53)
	at org.apache.maven.surefire.junitplatform.JUnitPlatformProvider.execute(JUnitPlatformProvider.java:188)
	at org.apache.maven.surefire.junitplatform.JUnitPlatformProvider.invokeAllTests(JUnitPlatformProvider.java:154)
	at org.apache.maven.surefire.junitplatform.JUnitPlatformProvider.invoke(JUnitPlatformProvider.java:124)
	at org.apache.maven.surefire.booter.ForkedBooter.runSuitesInProcess(ForkedBooter.java:428)
	at org.apache.maven.surefire.booter.ForkedBooter.execute(ForkedBooter.java:162)
	at org.apache.maven.surefire.booter.ForkedBooter.run(ForkedBooter.java:562)
	at org.apache.maven.surefire.booter.ForkedBooter.main(ForkedBooter.java:548)
2023-07-25 18:54:27,035 [main] DEBUG balancer.ContainerBalancerTask (ContainerBalancerTask.java:matchSourceWithTarget(708)) - ContainerBalancer is finding suitable target for source datanode 2d63472f-3022-462a-9be4-b8b8e2ecc780
2023-07-25 18:54:27,035 [main] INFO  balancer.ContainerBalancerTask (ContainerBalancerTask.java:matchSourceWithTarget(722)) - ContainerBalancer matched source datanode 2d63472f-3022-462a-9be4-b8b8e2ecc780 with target datanode bc539d2d-dc35-46d5-8f8d-f457aa036d71 for container move.
2023-07-25 18:54:27,035 [main] INFO  balancer.ContainerBalancerTask (ContainerBalancerTask.java:processMoveSelection(569)) - ContainerBalancer is trying to move container #68 with size 5368709120B from source datanode 2d63472f-3022-462a-9be4-b8b8e2ecc780 to target datanode bc539d2d-dc35-46d5-8f8d-f457aa036d71
2023-07-25 18:54:27,035 [main] INFO  balancer.ContainerBalancerTask (ContainerBalancerTask.java:lambda$moveContainer$3(827)) - Container move for container #68 from source 2d63472f-3022-462a-9be4-b8b8e2ecc780 to target bc539d2d-dc35-46d5-8f8d-f457aa036d71 failed with exceptions.
java.lang.RuntimeException: Runtime Exception
	at org.apache.hadoop.hdds.scm.container.balancer.TestContainerBalancerTask.checkIterationResultException(TestContainerBalancerTask.java:1002)
	at sun.reflect.NativeMethodAccessorImpl.invoke0(Native Method)
	at sun.reflect.NativeMethodAccessorImpl.invoke(NativeMethodAccessorImpl.java:62)
	at sun.reflect.DelegatingMethodAccessorImpl.invoke(DelegatingMethodAccessorImpl.java:43)
	at java.lang.reflect.Method.invoke(Method.java:498)
	at org.junit.platform.commons.util.ReflectionUtils.invokeMethod(ReflectionUtils.java:725)
	at org.junit.jupiter.engine.execution.MethodInvocation.proceed(MethodInvocation.java:60)
	at org.junit.jupiter.engine.execution.InvocationInterceptorChain$ValidatingInvocation.proceed(InvocationInterceptorChain.java:131)
	at org.junit.jupiter.engine.extension.TimeoutExtension.intercept(TimeoutExtension.java:149)
	at org.junit.jupiter.engine.extension.TimeoutExtension.interceptTestableMethod(TimeoutExtension.java:140)
	at org.junit.jupiter.engine.extension.TimeoutExtension.interceptTestMethod(TimeoutExtension.java:84)
	at org.junit.jupiter.engine.execution.ExecutableInvoker$ReflectiveInterceptorCall.lambda$ofVoidMethod$0(ExecutableInvoker.java:115)
	at org.junit.jupiter.engine.execution.ExecutableInvoker.lambda$invoke$0(ExecutableInvoker.java:105)
	at org.junit.jupiter.engine.execution.InvocationInterceptorChain$InterceptedInvocation.proceed(InvocationInterceptorChain.java:106)
	at org.junit.jupiter.engine.execution.InvocationInterceptorChain.proceed(InvocationInterceptorChain.java:64)
	at org.junit.jupiter.engine.execution.InvocationInterceptorChain.chainAndInvoke(InvocationInterceptorChain.java:45)
	at org.junit.jupiter.engine.execution.InvocationInterceptorChain.invoke(InvocationInterceptorChain.java:37)
	at org.junit.jupiter.engine.execution.ExecutableInvoker.invoke(ExecutableInvoker.java:104)
	at org.junit.jupiter.engine.execution.ExecutableInvoker.invoke(ExecutableInvoker.java:98)
	at org.junit.jupiter.engine.descriptor.TestMethodTestDescriptor.lambda$invokeTestMethod$7(TestMethodTestDescriptor.java:214)
	at org.junit.platform.engine.support.hierarchical.ThrowableCollector.execute(ThrowableCollector.java:73)
	at org.junit.jupiter.engine.descriptor.TestMethodTestDescriptor.invokeTestMethod(TestMethodTestDescriptor.java:210)
	at org.junit.jupiter.engine.descriptor.TestMethodTestDescriptor.execute(TestMethodTestDescriptor.java:135)
	at org.junit.jupiter.engine.descriptor.TestMethodTestDescriptor.execute(TestMethodTestDescriptor.java:66)
	at org.junit.platform.engine.support.hierarchical.NodeTestTask.lambda$executeRecursively$6(NodeTestTask.java:151)
	at org.junit.platform.engine.support.hierarchical.ThrowableCollector.execute(ThrowableCollector.java:73)
	at org.junit.platform.engine.support.hierarchical.NodeTestTask.lambda$executeRecursively$8(NodeTestTask.java:141)
	at org.junit.platform.engine.support.hierarchical.Node.around(Node.java:137)
	at org.junit.platform.engine.support.hierarchical.NodeTestTask.lambda$executeRecursively$9(NodeTestTask.java:139)
	at org.junit.platform.engine.support.hierarchical.ThrowableCollector.execute(ThrowableCollector.java:73)
	at org.junit.platform.engine.support.hierarchical.NodeTestTask.executeRecursively(NodeTestTask.java:138)
	at org.junit.platform.engine.support.hierarchical.NodeTestTask.execute(NodeTestTask.java:95)
	at java.util.ArrayList.forEach(ArrayList.java:1259)
	at org.junit.platform.engine.support.hierarchical.SameThreadHierarchicalTestExecutorService.invokeAll(SameThreadHierarchicalTestExecutorService.java:41)
	at org.junit.platform.engine.support.hierarchical.NodeTestTask.lambda$executeRecursively$6(NodeTestTask.java:155)
	at org.junit.platform.engine.support.hierarchical.ThrowableCollector.execute(ThrowableCollector.java:73)
	at org.junit.platform.engine.support.hierarchical.NodeTestTask.lambda$executeRecursively$8(NodeTestTask.java:141)
	at org.junit.platform.engine.support.hierarchical.Node.around(Node.java:137)
	at org.junit.platform.engine.support.hierarchical.NodeTestTask.lambda$executeRecursively$9(NodeTestTask.java:139)
	at org.junit.platform.engine.support.hierarchical.ThrowableCollector.execute(ThrowableCollector.java:73)
	at org.junit.platform.engine.support.hierarchical.NodeTestTask.executeRecursively(NodeTestTask.java:138)
	at org.junit.platform.engine.support.hierarchical.NodeTestTask.execute(NodeTestTask.java:95)
	at java.util.ArrayList.forEach(ArrayList.java:1259)
	at org.junit.platform.engine.support.hierarchical.SameThreadHierarchicalTestExecutorService.invokeAll(SameThreadHierarchicalTestExecutorService.java:41)
	at org.junit.platform.engine.support.hierarchical.NodeTestTask.lambda$executeRecursively$6(NodeTestTask.java:155)
	at org.junit.platform.engine.support.hierarchical.ThrowableCollector.execute(ThrowableCollector.java:73)
	at org.junit.platform.engine.support.hierarchical.NodeTestTask.lambda$executeRecursively$8(NodeTestTask.java:141)
	at org.junit.platform.engine.support.hierarchical.Node.around(Node.java:137)
	at org.junit.platform.engine.support.hierarchical.NodeTestTask.lambda$executeRecursively$9(NodeTestTask.java:139)
	at org.junit.platform.engine.support.hierarchical.ThrowableCollector.execute(ThrowableCollector.java:73)
	at org.junit.platform.engine.support.hierarchical.NodeTestTask.executeRecursively(NodeTestTask.java:138)
	at org.junit.platform.engine.support.hierarchical.NodeTestTask.execute(NodeTestTask.java:95)
	at org.junit.platform.engine.support.hierarchical.SameThreadHierarchicalTestExecutorService.submit(SameThreadHierarchicalTestExecutorService.java:35)
	at org.junit.platform.engine.support.hierarchical.HierarchicalTestExecutor.execute(HierarchicalTestExecutor.java:57)
	at org.junit.platform.engine.support.hierarchical.HierarchicalTestEngine.execute(HierarchicalTestEngine.java:54)
	at org.junit.platform.launcher.core.EngineExecutionOrchestrator.execute(EngineExecutionOrchestrator.java:107)
	at org.junit.platform.launcher.core.EngineExecutionOrchestrator.execute(EngineExecutionOrchestrator.java:88)
	at org.junit.platform.launcher.core.EngineExecutionOrchestrator.lambda$execute$0(EngineExecutionOrchestrator.java:54)
	at org.junit.platform.launcher.core.EngineExecutionOrchestrator.withInterceptedStreams(EngineExecutionOrchestrator.java:67)
	at org.junit.platform.launcher.core.EngineExecutionOrchestrator.execute(EngineExecutionOrchestrator.java:52)
	at org.junit.platform.launcher.core.DefaultLauncher.execute(DefaultLauncher.java:114)
	at org.junit.platform.launcher.core.DefaultLauncher.execute(DefaultLauncher.java:86)
	at org.junit.platform.launcher.core.DefaultLauncherSession$DelegatingLauncher.execute(DefaultLauncherSession.java:86)
	at org.junit.platform.launcher.core.SessionPerRequestLauncher.execute(SessionPerRequestLauncher.java:53)
	at org.apache.maven.surefire.junitplatform.JUnitPlatformProvider.execute(JUnitPlatformProvider.java:188)
	at org.apache.maven.surefire.junitplatform.JUnitPlatformProvider.invokeAllTests(JUnitPlatformProvider.java:154)
	at org.apache.maven.surefire.junitplatform.JUnitPlatformProvider.invoke(JUnitPlatformProvider.java:124)
	at org.apache.maven.surefire.booter.ForkedBooter.runSuitesInProcess(ForkedBooter.java:428)
	at org.apache.maven.surefire.booter.ForkedBooter.execute(ForkedBooter.java:162)
	at org.apache.maven.surefire.booter.ForkedBooter.run(ForkedBooter.java:562)
	at org.apache.maven.surefire.booter.ForkedBooter.main(ForkedBooter.java:548)
2023-07-25 18:54:27,038 [main] DEBUG balancer.ContainerBalancerTask (ContainerBalancerTask.java:matchSourceWithTarget(708)) - ContainerBalancer is finding suitable target for source datanode 8ab11331-0c5b-426c-b0bb-13392d4dfbf4
2023-07-25 18:54:27,039 [main] INFO  balancer.ContainerBalancerTask (ContainerBalancerTask.java:matchSourceWithTarget(722)) - ContainerBalancer matched source datanode 8ab11331-0c5b-426c-b0bb-13392d4dfbf4 with target datanode bc539d2d-dc35-46d5-8f8d-f457aa036d71 for container move.
2023-07-25 18:54:27,039 [main] INFO  balancer.ContainerBalancerTask (ContainerBalancerTask.java:processMoveSelection(569)) - ContainerBalancer is trying to move container #68 with size 5368709120B from source datanode 8ab11331-0c5b-426c-b0bb-13392d4dfbf4 to target datanode bc539d2d-dc35-46d5-8f8d-f457aa036d71
2023-07-25 18:54:27,039 [main] INFO  balancer.ContainerBalancerTask (ContainerBalancerTask.java:lambda$moveContainer$3(827)) - Container move for container #68 from source 8ab11331-0c5b-426c-b0bb-13392d4dfbf4 to target bc539d2d-dc35-46d5-8f8d-f457aa036d71 failed with exceptions.
java.lang.RuntimeException: Runtime Exception
	at org.apache.hadoop.hdds.scm.container.balancer.TestContainerBalancerTask.checkIterationResultException(TestContainerBalancerTask.java:1002)
	at sun.reflect.NativeMethodAccessorImpl.invoke0(Native Method)
	at sun.reflect.NativeMethodAccessorImpl.invoke(NativeMethodAccessorImpl.java:62)
	at sun.reflect.DelegatingMethodAccessorImpl.invoke(DelegatingMethodAccessorImpl.java:43)
	at java.lang.reflect.Method.invoke(Method.java:498)
	at org.junit.platform.commons.util.ReflectionUtils.invokeMethod(ReflectionUtils.java:725)
	at org.junit.jupiter.engine.execution.MethodInvocation.proceed(MethodInvocation.java:60)
	at org.junit.jupiter.engine.execution.InvocationInterceptorChain$ValidatingInvocation.proceed(InvocationInterceptorChain.java:131)
	at org.junit.jupiter.engine.extension.TimeoutExtension.intercept(TimeoutExtension.java:149)
	at org.junit.jupiter.engine.extension.TimeoutExtension.interceptTestableMethod(TimeoutExtension.java:140)
	at org.junit.jupiter.engine.extension.TimeoutExtension.interceptTestMethod(TimeoutExtension.java:84)
	at org.junit.jupiter.engine.execution.ExecutableInvoker$ReflectiveInterceptorCall.lambda$ofVoidMethod$0(ExecutableInvoker.java:115)
	at org.junit.jupiter.engine.execution.ExecutableInvoker.lambda$invoke$0(ExecutableInvoker.java:105)
	at org.junit.jupiter.engine.execution.InvocationInterceptorChain$InterceptedInvocation.proceed(InvocationInterceptorChain.java:106)
	at org.junit.jupiter.engine.execution.InvocationInterceptorChain.proceed(InvocationInterceptorChain.java:64)
	at org.junit.jupiter.engine.execution.InvocationInterceptorChain.chainAndInvoke(InvocationInterceptorChain.java:45)
	at org.junit.jupiter.engine.execution.InvocationInterceptorChain.invoke(InvocationInterceptorChain.java:37)
	at org.junit.jupiter.engine.execution.ExecutableInvoker.invoke(ExecutableInvoker.java:104)
	at org.junit.jupiter.engine.execution.ExecutableInvoker.invoke(ExecutableInvoker.java:98)
	at org.junit.jupiter.engine.descriptor.TestMethodTestDescriptor.lambda$invokeTestMethod$7(TestMethodTestDescriptor.java:214)
	at org.junit.platform.engine.support.hierarchical.ThrowableCollector.execute(ThrowableCollector.java:73)
	at org.junit.jupiter.engine.descriptor.TestMethodTestDescriptor.invokeTestMethod(TestMethodTestDescriptor.java:210)
	at org.junit.jupiter.engine.descriptor.TestMethodTestDescriptor.execute(TestMethodTestDescriptor.java:135)
	at org.junit.jupiter.engine.descriptor.TestMethodTestDescriptor.execute(TestMethodTestDescriptor.java:66)
	at org.junit.platform.engine.support.hierarchical.NodeTestTask.lambda$executeRecursively$6(NodeTestTask.java:151)
	at org.junit.platform.engine.support.hierarchical.ThrowableCollector.execute(ThrowableCollector.java:73)
	at org.junit.platform.engine.support.hierarchical.NodeTestTask.lambda$executeRecursively$8(NodeTestTask.java:141)
	at org.junit.platform.engine.support.hierarchical.Node.around(Node.java:137)
	at org.junit.platform.engine.support.hierarchical.NodeTestTask.lambda$executeRecursively$9(NodeTestTask.java:139)
	at org.junit.platform.engine.support.hierarchical.ThrowableCollector.execute(ThrowableCollector.java:73)
	at org.junit.platform.engine.support.hierarchical.NodeTestTask.executeRecursively(NodeTestTask.java:138)
	at org.junit.platform.engine.support.hierarchical.NodeTestTask.execute(NodeTestTask.java:95)
	at java.util.ArrayList.forEach(ArrayList.java:1259)
	at org.junit.platform.engine.support.hierarchical.SameThreadHierarchicalTestExecutorService.invokeAll(SameThreadHierarchicalTestExecutorService.java:41)
	at org.junit.platform.engine.support.hierarchical.NodeTestTask.lambda$executeRecursively$6(NodeTestTask.java:155)
	at org.junit.platform.engine.support.hierarchical.ThrowableCollector.execute(ThrowableCollector.java:73)
	at org.junit.platform.engine.support.hierarchical.NodeTestTask.lambda$executeRecursively$8(NodeTestTask.java:141)
	at org.junit.platform.engine.support.hierarchical.Node.around(Node.java:137)
	at org.junit.platform.engine.support.hierarchical.NodeTestTask.lambda$executeRecursively$9(NodeTestTask.java:139)
	at org.junit.platform.engine.support.hierarchical.ThrowableCollector.execute(ThrowableCollector.java:73)
	at org.junit.platform.engine.support.hierarchical.NodeTestTask.executeRecursively(NodeTestTask.java:138)
	at org.junit.platform.engine.support.hierarchical.NodeTestTask.execute(NodeTestTask.java:95)
	at java.util.ArrayList.forEach(ArrayList.java:1259)
	at org.junit.platform.engine.support.hierarchical.SameThreadHierarchicalTestExecutorService.invokeAll(SameThreadHierarchicalTestExecutorService.java:41)
	at org.junit.platform.engine.support.hierarchical.NodeTestTask.lambda$executeRecursively$6(NodeTestTask.java:155)
	at org.junit.platform.engine.support.hierarchical.ThrowableCollector.execute(ThrowableCollector.java:73)
	at org.junit.platform.engine.support.hierarchical.NodeTestTask.lambda$executeRecursively$8(NodeTestTask.java:141)
	at org.junit.platform.engine.support.hierarchical.Node.around(Node.java:137)
	at org.junit.platform.engine.support.hierarchical.NodeTestTask.lambda$executeRecursively$9(NodeTestTask.java:139)
	at org.junit.platform.engine.support.hierarchical.ThrowableCollector.execute(ThrowableCollector.java:73)
	at org.junit.platform.engine.support.hierarchical.NodeTestTask.executeRecursively(NodeTestTask.java:138)
	at org.junit.platform.engine.support.hierarchical.NodeTestTask.execute(NodeTestTask.java:95)
	at org.junit.platform.engine.support.hierarchical.SameThreadHierarchicalTestExecutorService.submit(SameThreadHierarchicalTestExecutorService.java:35)
	at org.junit.platform.engine.support.hierarchical.HierarchicalTestExecutor.execute(HierarchicalTestExecutor.java:57)
	at org.junit.platform.engine.support.hierarchical.HierarchicalTestEngine.execute(HierarchicalTestEngine.java:54)
	at org.junit.platform.launcher.core.EngineExecutionOrchestrator.execute(EngineExecutionOrchestrator.java:107)
	at org.junit.platform.launcher.core.EngineExecutionOrchestrator.execute(EngineExecutionOrchestrator.java:88)
	at org.junit.platform.launcher.core.EngineExecutionOrchestrator.lambda$execute$0(EngineExecutionOrchestrator.java:54)
	at org.junit.platform.launcher.core.EngineExecutionOrchestrator.withInterceptedStreams(EngineExecutionOrchestrator.java:67)
	at org.junit.platform.launcher.core.EngineExecutionOrchestrator.execute(EngineExecutionOrchestrator.java:52)
	at org.junit.platform.launcher.core.DefaultLauncher.execute(DefaultLauncher.java:114)
	at org.junit.platform.launcher.core.DefaultLauncher.execute(DefaultLauncher.java:86)
	at org.junit.platform.launcher.core.DefaultLauncherSession$DelegatingLauncher.execute(DefaultLauncherSession.java:86)
	at org.junit.platform.launcher.core.SessionPerRequestLauncher.execute(SessionPerRequestLauncher.java:53)
	at org.apache.maven.surefire.junitplatform.JUnitPlatformProvider.execute(JUnitPlatformProvider.java:188)
	at org.apache.maven.surefire.junitplatform.JUnitPlatformProvider.invokeAllTests(JUnitPlatformProvider.java:154)
	at org.apache.maven.surefire.junitplatform.JUnitPlatformProvider.invoke(JUnitPlatformProvider.java:124)
	at org.apache.maven.surefire.booter.ForkedBooter.runSuitesInProcess(ForkedBooter.java:428)
	at org.apache.maven.surefire.booter.ForkedBooter.execute(ForkedBooter.java:162)
	at org.apache.maven.surefire.booter.ForkedBooter.run(ForkedBooter.java:562)
	at org.apache.maven.surefire.booter.ForkedBooter.main(ForkedBooter.java:548)
2023-07-25 18:54:27,040 [main] INFO  balancer.FindSourceGreedy (FindSourceGreedy.java:getNextCandidateSourceDataNode(126)) - no more candidate source data node
2023-07-25 18:54:27,040 [main] ERROR balancer.ContainerBalancerTask (ContainerBalancerTask.java:checkIterationMoveResults(623)) - Got exception while checkIterationMoveResults
java.util.concurrent.ExecutionException: java.lang.RuntimeException: Runtime Exception after doing work
	at java.util.concurrent.CompletableFuture.reportGet(CompletableFuture.java:357)
	at java.util.concurrent.CompletableFuture.get(CompletableFuture.java:1928)
	at org.apache.hadoop.hdds.scm.container.balancer.ContainerBalancerTask.checkIterationMoveResults(ContainerBalancerTask.java:613)
	at org.apache.hadoop.hdds.scm.container.balancer.ContainerBalancerTask.checkIterationResults(ContainerBalancerTask.java:600)
	at org.apache.hadoop.hdds.scm.container.balancer.ContainerBalancerTask.doIteration(ContainerBalancerTask.java:543)
	at org.apache.hadoop.hdds.scm.container.balancer.ContainerBalancerTask.balance(ContainerBalancerTask.java:257)
	at org.apache.hadoop.hdds.scm.container.balancer.ContainerBalancerTask.run(ContainerBalancerTask.java:179)
	at org.apache.hadoop.hdds.scm.container.balancer.TestContainerBalancerTask.startBalancer(TestContainerBalancerTask.java:1321)
	at org.apache.hadoop.hdds.scm.container.balancer.TestContainerBalancerTask.checkIterationResultException(TestContainerBalancerTask.java:1051)
	at sun.reflect.NativeMethodAccessorImpl.invoke0(Native Method)
	at sun.reflect.NativeMethodAccessorImpl.invoke(NativeMethodAccessorImpl.java:62)
	at sun.reflect.DelegatingMethodAccessorImpl.invoke(DelegatingMethodAccessorImpl.java:43)
	at java.lang.reflect.Method.invoke(Method.java:498)
	at org.junit.platform.commons.util.ReflectionUtils.invokeMethod(ReflectionUtils.java:725)
	at org.junit.jupiter.engine.execution.MethodInvocation.proceed(MethodInvocation.java:60)
	at org.junit.jupiter.engine.execution.InvocationInterceptorChain$ValidatingInvocation.proceed(InvocationInterceptorChain.java:131)
	at org.junit.jupiter.engine.extension.TimeoutExtension.intercept(TimeoutExtension.java:149)
	at org.junit.jupiter.engine.extension.TimeoutExtension.interceptTestableMethod(TimeoutExtension.java:140)
	at org.junit.jupiter.engine.extension.TimeoutExtension.interceptTestMethod(TimeoutExtension.java:84)
	at org.junit.jupiter.engine.execution.ExecutableInvoker$ReflectiveInterceptorCall.lambda$ofVoidMethod$0(ExecutableInvoker.java:115)
	at org.junit.jupiter.engine.execution.ExecutableInvoker.lambda$invoke$0(ExecutableInvoker.java:105)
	at org.junit.jupiter.engine.execution.InvocationInterceptorChain$InterceptedInvocation.proceed(InvocationInterceptorChain.java:106)
	at org.junit.jupiter.engine.execution.InvocationInterceptorChain.proceed(InvocationInterceptorChain.java:64)
	at org.junit.jupiter.engine.execution.InvocationInterceptorChain.chainAndInvoke(InvocationInterceptorChain.java:45)
	at org.junit.jupiter.engine.execution.InvocationInterceptorChain.invoke(InvocationInterceptorChain.java:37)
	at org.junit.jupiter.engine.execution.ExecutableInvoker.invoke(ExecutableInvoker.java:104)
	at org.junit.jupiter.engine.execution.ExecutableInvoker.invoke(ExecutableInvoker.java:98)
	at org.junit.jupiter.engine.descriptor.TestMethodTestDescriptor.lambda$invokeTestMethod$7(TestMethodTestDescriptor.java:214)
	at org.junit.platform.engine.support.hierarchical.ThrowableCollector.execute(ThrowableCollector.java:73)
	at org.junit.jupiter.engine.descriptor.TestMethodTestDescriptor.invokeTestMethod(TestMethodTestDescriptor.java:210)
	at org.junit.jupiter.engine.descriptor.TestMethodTestDescriptor.execute(TestMethodTestDescriptor.java:135)
	at org.junit.jupiter.engine.descriptor.TestMethodTestDescriptor.execute(TestMethodTestDescriptor.java:66)
	at org.junit.platform.engine.support.hierarchical.NodeTestTask.lambda$executeRecursively$6(NodeTestTask.java:151)
	at org.junit.platform.engine.support.hierarchical.ThrowableCollector.execute(ThrowableCollector.java:73)
	at org.junit.platform.engine.support.hierarchical.NodeTestTask.lambda$executeRecursively$8(NodeTestTask.java:141)
	at org.junit.platform.engine.support.hierarchical.Node.around(Node.java:137)
	at org.junit.platform.engine.support.hierarchical.NodeTestTask.lambda$executeRecursively$9(NodeTestTask.java:139)
	at org.junit.platform.engine.support.hierarchical.ThrowableCollector.execute(ThrowableCollector.java:73)
	at org.junit.platform.engine.support.hierarchical.NodeTestTask.executeRecursively(NodeTestTask.java:138)
	at org.junit.platform.engine.support.hierarchical.NodeTestTask.execute(NodeTestTask.java:95)
	at java.util.ArrayList.forEach(ArrayList.java:1259)
	at org.junit.platform.engine.support.hierarchical.SameThreadHierarchicalTestExecutorService.invokeAll(SameThreadHierarchicalTestExecutorService.java:41)
	at org.junit.platform.engine.support.hierarchical.NodeTestTask.lambda$executeRecursively$6(NodeTestTask.java:155)
	at org.junit.platform.engine.support.hierarchical.ThrowableCollector.execute(ThrowableCollector.java:73)
	at org.junit.platform.engine.support.hierarchical.NodeTestTask.lambda$executeRecursively$8(NodeTestTask.java:141)
	at org.junit.platform.engine.support.hierarchical.Node.around(Node.java:137)
	at org.junit.platform.engine.support.hierarchical.NodeTestTask.lambda$executeRecursively$9(NodeTestTask.java:139)
	at org.junit.platform.engine.support.hierarchical.ThrowableCollector.execute(ThrowableCollector.java:73)
	at org.junit.platform.engine.support.hierarchical.NodeTestTask.executeRecursively(NodeTestTask.java:138)
	at org.junit.platform.engine.support.hierarchical.NodeTestTask.execute(NodeTestTask.java:95)
	at java.util.ArrayList.forEach(ArrayList.java:1259)
	at org.junit.platform.engine.support.hierarchical.SameThreadHierarchicalTestExecutorService.invokeAll(SameThreadHierarchicalTestExecutorService.java:41)
	at org.junit.platform.engine.support.hierarchical.NodeTestTask.lambda$executeRecursively$6(NodeTestTask.java:155)
	at org.junit.platform.engine.support.hierarchical.ThrowableCollector.execute(ThrowableCollector.java:73)
	at org.junit.platform.engine.support.hierarchical.NodeTestTask.lambda$executeRecursively$8(NodeTestTask.java:141)
	at org.junit.platform.engine.support.hierarchical.Node.around(Node.java:137)
	at org.junit.platform.engine.support.hierarchical.NodeTestTask.lambda$executeRecursively$9(NodeTestTask.java:139)
	at org.junit.platform.engine.support.hierarchical.ThrowableCollector.execute(ThrowableCollector.java:73)
	at org.junit.platform.engine.support.hierarchical.NodeTestTask.executeRecursively(NodeTestTask.java:138)
	at org.junit.platform.engine.support.hierarchical.NodeTestTask.execute(NodeTestTask.java:95)
	at org.junit.platform.engine.support.hierarchical.SameThreadHierarchicalTestExecutorService.submit(SameThreadHierarchicalTestExecutorService.java:35)
	at org.junit.platform.engine.support.hierarchical.HierarchicalTestExecutor.execute(HierarchicalTestExecutor.java:57)
	at org.junit.platform.engine.support.hierarchical.HierarchicalTestEngine.execute(HierarchicalTestEngine.java:54)
	at org.junit.platform.launcher.core.EngineExecutionOrchestrator.execute(EngineExecutionOrchestrator.java:107)
	at org.junit.platform.launcher.core.EngineExecutionOrchestrator.execute(EngineExecutionOrchestrator.java:88)
	at org.junit.platform.launcher.core.EngineExecutionOrchestrator.lambda$execute$0(EngineExecutionOrchestrator.java:54)
	at org.junit.platform.launcher.core.EngineExecutionOrchestrator.withInterceptedStreams(EngineExecutionOrchestrator.java:67)
	at org.junit.platform.launcher.core.EngineExecutionOrchestrator.execute(EngineExecutionOrchestrator.java:52)
	at org.junit.platform.launcher.core.DefaultLauncher.execute(DefaultLauncher.java:114)
	at org.junit.platform.launcher.core.DefaultLauncher.execute(DefaultLauncher.java:86)
	at org.junit.platform.launcher.core.DefaultLauncherSession$DelegatingLauncher.execute(DefaultLauncherSession.java:86)
	at org.junit.platform.launcher.core.SessionPerRequestLauncher.execute(SessionPerRequestLauncher.java:53)
	at org.apache.maven.surefire.junitplatform.JUnitPlatformProvider.execute(JUnitPlatformProvider.java:188)
	at org.apache.maven.surefire.junitplatform.JUnitPlatformProvider.invokeAllTests(JUnitPlatformProvider.java:154)
	at org.apache.maven.surefire.junitplatform.JUnitPlatformProvider.invoke(JUnitPlatformProvider.java:124)
	at org.apache.maven.surefire.booter.ForkedBooter.runSuitesInProcess(ForkedBooter.java:428)
	at org.apache.maven.surefire.booter.ForkedBooter.execute(ForkedBooter.java:162)
	at org.apache.maven.surefire.booter.ForkedBooter.run(ForkedBooter.java:562)
	at org.apache.maven.surefire.booter.ForkedBooter.main(ForkedBooter.java:548)
Caused by: java.lang.RuntimeException: Runtime Exception after doing work
	at org.apache.hadoop.hdds.scm.container.balancer.TestContainerBalancerTask.lambda$checkIterationResultException$11(TestContainerBalancerTask.java:1045)
	at java.util.concurrent.CompletableFuture$AsyncSupply.run(CompletableFuture.java:1604)
	at java.lang.Thread.run(Thread.java:750)
2023-07-25 18:54:27,041 [main] INFO  balancer.ContainerBalancerTask (ContainerBalancerTask.java:checkIterationMoveResults(642)) - Iteration Summary. Number of Datanodes involved: 2. Size moved: 0 B (0 Bytes). Number of Container moves completed: 0.
2023-07-25 18:54:27,041 [main] INFO  balancer.ContainerBalancerTask (ContainerBalancerTask.java:balance(259)) - Result of this iteration of Container Balancer: ITERATION_COMPLETED
2023-07-25 18:54:27,041 [main] INFO  balancer.ContainerBalancerTask (ContainerBalancerTask.java:tryStopWithSaveConfiguration(308)) - Save Configuration for stopping. Reason: Completed all iterations.
]]></system-out>
  </testcase>
  <testcase name="balancerShouldObeyMaxSizeLeavingSourceLimit" classname="org.apache.hadoop.hdds.scm.container.balancer.TestContainerBalancerTask" time="0.26">
    <system-out><![CDATA[2023-07-25 18:54:27,075 [main] INFO  net.NodeSchemaLoader (NodeSchemaLoader.java:loadSchemaFromFile(129)) - Loading schema from [file:/home/runner/work/ozone/ozone/hadoop-hdds/common/target/classes/network-topology-default.xml]
2023-07-25 18:54:27,076 [main] INFO  net.NodeSchemaLoader (NodeSchemaLoader.java:loadSchema(176)) - Loading network topology layer schema file
2023-07-25 18:54:27,082 [main] INFO  net.NetworkTopologyImpl (NetworkTopologyImpl.java:add(112)) - Added a new node: /default-rack/2823476b-c730-4ffc-9edd-0de828e33b70
2023-07-25 18:54:27,082 [main] INFO  net.NetworkTopologyImpl (NetworkTopologyImpl.java:add(112)) - Added a new node: /default-rack/172ac733-848a-4c1a-b29f-c31a8ea28b2d
2023-07-25 18:54:27,083 [main] INFO  net.NetworkTopologyImpl (NetworkTopologyImpl.java:add(112)) - Added a new node: /default-rack/3714b556-f08c-429b-a45a-c1fec7909144
2023-07-25 18:54:27,083 [main] INFO  net.NetworkTopologyImpl (NetworkTopologyImpl.java:add(112)) - Added a new node: /default-rack/bb217321-35a6-461e-8dcb-59c0e6d1f087
2023-07-25 18:54:27,083 [main] INFO  net.NetworkTopologyImpl (NetworkTopologyImpl.java:add(112)) - Added a new node: /default-rack/d91ba881-5150-4e37-ac0c-1c23cef8f30d
2023-07-25 18:54:27,083 [main] INFO  net.NetworkTopologyImpl (NetworkTopologyImpl.java:add(112)) - Added a new node: /default-rack/efe09bbb-8dca-4450-9ca7-ac8fbaddc183
2023-07-25 18:54:27,083 [main] INFO  net.NetworkTopologyImpl (NetworkTopologyImpl.java:add(112)) - Added a new node: /default-rack/8ee38930-226c-4e30-8a85-7cda98914388
2023-07-25 18:54:27,083 [main] INFO  net.NetworkTopologyImpl (NetworkTopologyImpl.java:add(112)) - Added a new node: /default-rack/41bc9aaf-10e4-4d84-a667-5bf1b8dcca05
2023-07-25 18:54:27,084 [main] INFO  net.NetworkTopologyImpl (NetworkTopologyImpl.java:add(112)) - Added a new node: /default-rack/f95c4044-5f62-4b3a-b7cc-29d983bb2122
2023-07-25 18:54:27,084 [main] INFO  net.NetworkTopologyImpl (NetworkTopologyImpl.java:add(112)) - Added a new node: /default-rack/48eadb90-39d4-49b6-bb8a-82187ad33506
2023-07-25 18:54:27,084 [main] INFO  algorithms.ContainerPlacementPolicyFactory (ContainerPlacementPolicyFactory.java:getPolicyInternal(86)) - Create container placement policy of type org.apache.hadoop.hdds.scm.container.placement.algorithms.SCMContainerPlacementRackAware
2023-07-25 18:54:27,084 [main] INFO  algorithms.ContainerPlacementPolicyFactory (ContainerPlacementPolicyFactory.java:getPolicyInternal(86)) - Create container placement policy of type org.apache.hadoop.hdds.scm.container.placement.algorithms.SCMContainerPlacementRackScatter
2023-07-25 18:54:27,095 [main] DEBUG balancer.ContainerBalancerTask (ContainerBalancerTask.java:initializeIteration(374)) - Average utilization of the cluster is 0.3605221061903549
2023-07-25 18:54:27,096 [main] DEBUG balancer.ContainerBalancerTask (ContainerBalancerTask.java:initializeIteration(386)) - Lower limit for utilization is 0.2605221061903549 and Upper limit for utilization is 0.46052210619035494
2023-07-25 18:54:27,096 [main] DEBUG balancer.ContainerBalancerTask (ContainerBalancerTask.java:initializeIteration(398)) - Utilization for node efe09bbb-8dca-4450-9ca7-ac8fbaddc183 with capacity 54880137671B, used 49392123904B, and remaining 5488013767B is 0.9000000000018221
2023-07-25 18:54:27,096 [main] DEBUG balancer.ContainerBalancerTask (ContainerBalancerTask.java:initializeIteration(398)) - Utilization for node bb217321-35a6-461e-8dcb-59c0e6d1f087 with capacity 57713623040B, used 46170898432B, and remaining 11542724608B is 0.8
2023-07-25 18:54:27,097 [main] DEBUG balancer.ContainerBalancerTask (ContainerBalancerTask.java:initializeIteration(398)) - Utilization for node 8ee38930-226c-4e30-8a85-7cda98914388 with capacity 58288841874B, used 40802189312B, and remaining 17486652562B is 0.7000000000034312
2023-07-25 18:54:27,097 [main] DEBUG balancer.ContainerBalancerTask (ContainerBalancerTask.java:initializeIteration(398)) - Utilization for node 48eadb90-39d4-49b6-bb8a-82187ad33506 with capacity 78741067093B, used 47244640256B, and remaining 31496426837B is 0.60000000000254
2023-07-25 18:54:27,097 [main] DEBUG balancer.ContainerBalancerTask (ContainerBalancerTask.java:initializeIteration(398)) - Utilization for node d91ba881-5150-4e37-ac0c-1c23cef8f30d with capacity 109521666048B, used 54760833024B, and remaining 54760833024B is 0.5
2023-07-25 18:54:27,097 [main] DEBUG balancer.ContainerBalancerTask (ContainerBalancerTask.java:initializeIteration(398)) - Utilization for node f95c4044-5f62-4b3a-b7cc-29d983bb2122 with capacity 115427246080B, used 46170898432B, and remaining 69256347648B is 0.4
2023-07-25 18:54:27,097 [main] DEBUG balancer.ContainerBalancerTask (ContainerBalancerTask.java:initializeIteration(398)) - Utilization for node 2823476b-c730-4ffc-9edd-0de828e33b70 with capacity 157482134186B, used 47244640256B, and remaining 110237493930B is 0.30000000000127
2023-07-25 18:54:27,097 [main] DEBUG balancer.ContainerBalancerTask (ContainerBalancerTask.java:initializeIteration(398)) - Utilization for node 172ac733-848a-4c1a-b29f-c31a8ea28b2d with capacity 155692564480B, used 31138512896B, and remaining 124554051584B is 0.2
2023-07-25 18:54:27,098 [main] DEBUG balancer.ContainerBalancerTask (ContainerBalancerTask.java:initializeIteration(398)) - Utilization for node 3714b556-f08c-429b-a45a-c1fec7909144 with capacity 279172874240B, used 27917287424B, and remaining 251255586816B is 0.1
2023-07-25 18:54:27,098 [main] DEBUG balancer.ContainerBalancerTask (ContainerBalancerTask.java:initializeIteration(398)) - Utilization for node 41bc9aaf-10e4-4d84-a667-5bf1b8dcca05 with capacity 17179869184B, used 0B, and remaining 17179869184B is 0.0
2023-07-25 18:54:27,098 [main] INFO  balancer.ContainerBalancerTask (ContainerBalancerTask.java:initializeIteration(447)) - Container Balancer has identified 5 Over-Utilized and 3 Under-Utilized Datanodes that need to be balanced.
2023-07-25 18:54:27,098 [main] DEBUG balancer.ContainerBalancerTask (ContainerBalancerTask.java:lambda$initializeIteration$1(453)) - Datanode localhost-28.2.157.206 efe09bbb-8dca-4450-9ca7-ac8fbaddc183 is Over-Utilized.
2023-07-25 18:54:27,098 [main] DEBUG balancer.ContainerBalancerTask (ContainerBalancerTask.java:lambda$initializeIteration$1(453)) - Datanode localhost-168.90.76.186 bb217321-35a6-461e-8dcb-59c0e6d1f087 is Over-Utilized.
2023-07-25 18:54:27,098 [main] DEBUG balancer.ContainerBalancerTask (ContainerBalancerTask.java:lambda$initializeIteration$1(453)) - Datanode localhost-60.214.206.178 8ee38930-226c-4e30-8a85-7cda98914388 is Over-Utilized.
2023-07-25 18:54:27,098 [main] DEBUG balancer.ContainerBalancerTask (ContainerBalancerTask.java:lambda$initializeIteration$1(453)) - Datanode localhost-233.3.33.88 48eadb90-39d4-49b6-bb8a-82187ad33506 is Over-Utilized.
2023-07-25 18:54:27,098 [main] DEBUG balancer.ContainerBalancerTask (ContainerBalancerTask.java:lambda$initializeIteration$1(453)) - Datanode localhost-114.66.7.156 d91ba881-5150-4e37-ac0c-1c23cef8f30d is Over-Utilized.
2023-07-25 18:54:27,098 [main] DEBUG balancer.ContainerBalancerTask (ContainerBalancerTask.java:lambda$initializeIteration$2(459)) - Datanode localhost-237.86.0.39 41bc9aaf-10e4-4d84-a667-5bf1b8dcca05 is Under-Utilized.
2023-07-25 18:54:27,099 [main] DEBUG balancer.ContainerBalancerTask (ContainerBalancerTask.java:lambda$initializeIteration$2(459)) - Datanode localhost-46.225.202.167 3714b556-f08c-429b-a45a-c1fec7909144 is Under-Utilized.
2023-07-25 18:54:27,099 [main] DEBUG balancer.ContainerBalancerTask (ContainerBalancerTask.java:lambda$initializeIteration$2(459)) - Datanode localhost-138.142.176.25 172ac733-848a-4c1a-b29f-c31a8ea28b2d is Under-Utilized.
2023-07-25 18:54:27,102 [main] DEBUG balancer.ContainerBalancerTask (ContainerBalancerTask.java:matchSourceWithTarget(701)) - ContainerBalancer could not find any candidate containers for datanode efe09bbb-8dca-4450-9ca7-ac8fbaddc183
2023-07-25 18:54:27,105 [main] DEBUG balancer.ContainerBalancerTask (ContainerBalancerTask.java:matchSourceWithTarget(701)) - ContainerBalancer could not find any candidate containers for datanode bb217321-35a6-461e-8dcb-59c0e6d1f087
2023-07-25 18:54:27,108 [main] DEBUG balancer.ContainerBalancerTask (ContainerBalancerTask.java:matchSourceWithTarget(701)) - ContainerBalancer could not find any candidate containers for datanode 8ee38930-226c-4e30-8a85-7cda98914388
2023-07-25 18:54:27,110 [main] DEBUG balancer.ContainerBalancerTask (ContainerBalancerTask.java:matchSourceWithTarget(701)) - ContainerBalancer could not find any candidate containers for datanode 48eadb90-39d4-49b6-bb8a-82187ad33506
2023-07-25 18:54:27,114 [main] DEBUG balancer.ContainerBalancerTask (ContainerBalancerTask.java:matchSourceWithTarget(701)) - ContainerBalancer could not find any candidate containers for datanode d91ba881-5150-4e37-ac0c-1c23cef8f30d
2023-07-25 18:54:27,114 [main] INFO  balancer.FindSourceGreedy (FindSourceGreedy.java:getNextCandidateSourceDataNode(126)) - no more candidate source data node
2023-07-25 18:54:27,114 [main] INFO  balancer.ContainerBalancerTask (ContainerBalancerTask.java:balance(259)) - Result of this iteration of Container Balancer: CAN_NOT_BALANCE_ANY_MORE
2023-07-25 18:54:27,115 [main] INFO  balancer.ContainerBalancerTask (ContainerBalancerTask.java:tryStopWithSaveConfiguration(308)) - Save Configuration for stopping. Reason: CAN_NOT_BALANCE_ANY_MORE
2023-07-25 18:54:27,137 [main] DEBUG balancer.ContainerBalancerTask (ContainerBalancerTask.java:initializeIteration(374)) - Average utilization of the cluster is 0.3605221061903549
2023-07-25 18:54:27,138 [main] DEBUG balancer.ContainerBalancerTask (ContainerBalancerTask.java:initializeIteration(386)) - Lower limit for utilization is 0.2605221061903549 and Upper limit for utilization is 0.46052210619035494
2023-07-25 18:54:27,138 [main] DEBUG balancer.ContainerBalancerTask (ContainerBalancerTask.java:initializeIteration(398)) - Utilization for node efe09bbb-8dca-4450-9ca7-ac8fbaddc183 with capacity 54880137671B, used 49392123904B, and remaining 5488013767B is 0.9000000000018221
2023-07-25 18:54:27,138 [main] DEBUG balancer.ContainerBalancerTask (ContainerBalancerTask.java:initializeIteration(398)) - Utilization for node bb217321-35a6-461e-8dcb-59c0e6d1f087 with capacity 57713623040B, used 46170898432B, and remaining 11542724608B is 0.8
2023-07-25 18:54:27,138 [main] DEBUG balancer.ContainerBalancerTask (ContainerBalancerTask.java:initializeIteration(398)) - Utilization for node 8ee38930-226c-4e30-8a85-7cda98914388 with capacity 58288841874B, used 40802189312B, and remaining 17486652562B is 0.7000000000034312
2023-07-25 18:54:27,138 [main] DEBUG balancer.ContainerBalancerTask (ContainerBalancerTask.java:initializeIteration(398)) - Utilization for node 48eadb90-39d4-49b6-bb8a-82187ad33506 with capacity 78741067093B, used 47244640256B, and remaining 31496426837B is 0.60000000000254
2023-07-25 18:54:27,138 [main] DEBUG balancer.ContainerBalancerTask (ContainerBalancerTask.java:initializeIteration(398)) - Utilization for node d91ba881-5150-4e37-ac0c-1c23cef8f30d with capacity 109521666048B, used 54760833024B, and remaining 54760833024B is 0.5
2023-07-25 18:54:27,138 [main] DEBUG balancer.ContainerBalancerTask (ContainerBalancerTask.java:initializeIteration(398)) - Utilization for node f95c4044-5f62-4b3a-b7cc-29d983bb2122 with capacity 115427246080B, used 46170898432B, and remaining 69256347648B is 0.4
2023-07-25 18:54:27,138 [main] DEBUG balancer.ContainerBalancerTask (ContainerBalancerTask.java:initializeIteration(398)) - Utilization for node 2823476b-c730-4ffc-9edd-0de828e33b70 with capacity 157482134186B, used 47244640256B, and remaining 110237493930B is 0.30000000000127
2023-07-25 18:54:27,139 [main] DEBUG balancer.ContainerBalancerTask (ContainerBalancerTask.java:initializeIteration(398)) - Utilization for node 172ac733-848a-4c1a-b29f-c31a8ea28b2d with capacity 155692564480B, used 31138512896B, and remaining 124554051584B is 0.2
2023-07-25 18:54:27,139 [main] DEBUG balancer.ContainerBalancerTask (ContainerBalancerTask.java:initializeIteration(398)) - Utilization for node 3714b556-f08c-429b-a45a-c1fec7909144 with capacity 279172874240B, used 27917287424B, and remaining 251255586816B is 0.1
2023-07-25 18:54:27,139 [main] DEBUG balancer.ContainerBalancerTask (ContainerBalancerTask.java:initializeIteration(398)) - Utilization for node 41bc9aaf-10e4-4d84-a667-5bf1b8dcca05 with capacity 17179869184B, used 0B, and remaining 17179869184B is 0.0
2023-07-25 18:54:27,139 [main] INFO  balancer.ContainerBalancerTask (ContainerBalancerTask.java:initializeIteration(447)) - Container Balancer has identified 5 Over-Utilized and 3 Under-Utilized Datanodes that need to be balanced.
2023-07-25 18:54:27,139 [main] DEBUG balancer.ContainerBalancerTask (ContainerBalancerTask.java:lambda$initializeIteration$1(453)) - Datanode localhost-28.2.157.206 efe09bbb-8dca-4450-9ca7-ac8fbaddc183 is Over-Utilized.
2023-07-25 18:54:27,139 [main] DEBUG balancer.ContainerBalancerTask (ContainerBalancerTask.java:lambda$initializeIteration$1(453)) - Datanode localhost-168.90.76.186 bb217321-35a6-461e-8dcb-59c0e6d1f087 is Over-Utilized.
2023-07-25 18:54:27,139 [main] DEBUG balancer.ContainerBalancerTask (ContainerBalancerTask.java:lambda$initializeIteration$1(453)) - Datanode localhost-60.214.206.178 8ee38930-226c-4e30-8a85-7cda98914388 is Over-Utilized.
2023-07-25 18:54:27,139 [main] DEBUG balancer.ContainerBalancerTask (ContainerBalancerTask.java:lambda$initializeIteration$1(453)) - Datanode localhost-233.3.33.88 48eadb90-39d4-49b6-bb8a-82187ad33506 is Over-Utilized.
2023-07-25 18:54:27,139 [main] DEBUG balancer.ContainerBalancerTask (ContainerBalancerTask.java:lambda$initializeIteration$1(453)) - Datanode localhost-114.66.7.156 d91ba881-5150-4e37-ac0c-1c23cef8f30d is Over-Utilized.
2023-07-25 18:54:27,139 [main] DEBUG balancer.ContainerBalancerTask (ContainerBalancerTask.java:lambda$initializeIteration$2(459)) - Datanode localhost-237.86.0.39 41bc9aaf-10e4-4d84-a667-5bf1b8dcca05 is Under-Utilized.
2023-07-25 18:54:27,140 [main] DEBUG balancer.ContainerBalancerTask (ContainerBalancerTask.java:lambda$initializeIteration$2(459)) - Datanode localhost-46.225.202.167 3714b556-f08c-429b-a45a-c1fec7909144 is Under-Utilized.
2023-07-25 18:54:27,140 [main] DEBUG balancer.ContainerBalancerTask (ContainerBalancerTask.java:lambda$initializeIteration$2(459)) - Datanode localhost-138.142.176.25 172ac733-848a-4c1a-b29f-c31a8ea28b2d is Under-Utilized.
2023-07-25 18:54:27,143 [main] DEBUG balancer.ContainerBalancerTask (ContainerBalancerTask.java:matchSourceWithTarget(708)) - ContainerBalancer is finding suitable target for source datanode efe09bbb-8dca-4450-9ca7-ac8fbaddc183
2023-07-25 18:54:27,144 [main] INFO  balancer.ContainerBalancerTask (ContainerBalancerTask.java:matchSourceWithTarget(722)) - ContainerBalancer matched source datanode efe09bbb-8dca-4450-9ca7-ac8fbaddc183 with target datanode 41bc9aaf-10e4-4d84-a667-5bf1b8dcca05 for container move.
2023-07-25 18:54:27,144 [main] INFO  balancer.ContainerBalancerTask (ContainerBalancerTask.java:processMoveSelection(569)) - ContainerBalancer is trying to move container #85 with size 5368709120B from source datanode efe09bbb-8dca-4450-9ca7-ac8fbaddc183 to target datanode 41bc9aaf-10e4-4d84-a667-5bf1b8dcca05
2023-07-25 18:54:27,144 [main] DEBUG balancer.ContainerBalancerTask (ContainerBalancerTask.java:lambda$moveContainer$3(837)) - Container move completed for container #85 from source efe09bbb-8dca-4450-9ca7-ac8fbaddc183 to target 41bc9aaf-10e4-4d84-a667-5bf1b8dcca05
2023-07-25 18:54:27,145 [main] DEBUG balancer.ContainerBalancerTask (ContainerBalancerTask.java:adaptOnReachingIterationLimits(782)) - Reached max datanodes to involve limit. 2 datanodes have already been selected for balancing and the limit is 2. Only already selected sources and targets can be involved in balancing now.
2023-07-25 18:54:27,148 [main] DEBUG balancer.ContainerBalancerTask (ContainerBalancerTask.java:matchSourceWithTarget(708)) - ContainerBalancer is finding suitable target for source datanode efe09bbb-8dca-4450-9ca7-ac8fbaddc183
2023-07-25 18:54:27,148 [main] INFO  balancer.ContainerBalancerTask (ContainerBalancerTask.java:matchSourceWithTarget(722)) - ContainerBalancer matched source datanode efe09bbb-8dca-4450-9ca7-ac8fbaddc183 with target datanode 41bc9aaf-10e4-4d84-a667-5bf1b8dcca05 for container move.
2023-07-25 18:54:27,149 [main] INFO  balancer.ContainerBalancerTask (ContainerBalancerTask.java:processMoveSelection(569)) - ContainerBalancer is trying to move container #87 with size 2147483648B from source datanode efe09bbb-8dca-4450-9ca7-ac8fbaddc183 to target datanode 41bc9aaf-10e4-4d84-a667-5bf1b8dcca05
2023-07-25 18:54:27,149 [main] DEBUG balancer.ContainerBalancerTask (ContainerBalancerTask.java:lambda$moveContainer$3(837)) - Container move completed for container #87 from source efe09bbb-8dca-4450-9ca7-ac8fbaddc183 to target 41bc9aaf-10e4-4d84-a667-5bf1b8dcca05
2023-07-25 18:54:27,152 [main] DEBUG balancer.ContainerBalancerTask (ContainerBalancerTask.java:matchSourceWithTarget(708)) - ContainerBalancer is finding suitable target for source datanode efe09bbb-8dca-4450-9ca7-ac8fbaddc183
2023-07-25 18:54:27,153 [main] INFO  balancer.FindTargetGreedyByUsageInfo (AbstractFindTargetGreedy.java:findTargetForContainerMove(133)) - Container Balancer could not find a target for source datanode efe09bbb-8dca-4450-9ca7-ac8fbaddc183
2023-07-25 18:54:27,153 [main] DEBUG balancer.ContainerBalancerTask (ContainerBalancerTask.java:matchSourceWithTarget(717)) - ContainerBalancer could not find a suitable target for source node efe09bbb-8dca-4450-9ca7-ac8fbaddc183.
2023-07-25 18:54:27,153 [main] INFO  balancer.FindSourceGreedy (FindSourceGreedy.java:getNextCandidateSourceDataNode(126)) - no more candidate source data node
2023-07-25 18:54:27,153 [main] INFO  balancer.ContainerBalancerTask (ContainerBalancerTask.java:checkIterationMoveResults(642)) - Iteration Summary. Number of Datanodes involved: 2. Size moved: 7 GB (7516192768 Bytes). Number of Container moves completed: 2.
2023-07-25 18:54:27,153 [main] INFO  balancer.ContainerBalancerTask (ContainerBalancerTask.java:balance(259)) - Result of this iteration of Container Balancer: ITERATION_COMPLETED
2023-07-25 18:54:27,157 [main] DEBUG balancer.ContainerBalancerTask (ContainerBalancerTask.java:initializeIteration(374)) - Average utilization of the cluster is 0.3605221061903549
2023-07-25 18:54:27,157 [main] DEBUG balancer.ContainerBalancerTask (ContainerBalancerTask.java:initializeIteration(386)) - Lower limit for utilization is 0.2605221061903549 and Upper limit for utilization is 0.46052210619035494
2023-07-25 18:54:27,157 [main] DEBUG balancer.ContainerBalancerTask (ContainerBalancerTask.java:initializeIteration(398)) - Utilization for node efe09bbb-8dca-4450-9ca7-ac8fbaddc183 with capacity 54880137671B, used 49392123904B, and remaining 5488013767B is 0.9000000000018221
2023-07-25 18:54:27,158 [main] DEBUG balancer.ContainerBalancerTask (ContainerBalancerTask.java:initializeIteration(398)) - Utilization for node bb217321-35a6-461e-8dcb-59c0e6d1f087 with capacity 57713623040B, used 46170898432B, and remaining 11542724608B is 0.8
2023-07-25 18:54:27,158 [main] DEBUG balancer.ContainerBalancerTask (ContainerBalancerTask.java:initializeIteration(398)) - Utilization for node 8ee38930-226c-4e30-8a85-7cda98914388 with capacity 58288841874B, used 40802189312B, and remaining 17486652562B is 0.7000000000034312
2023-07-25 18:54:27,158 [main] DEBUG balancer.ContainerBalancerTask (ContainerBalancerTask.java:initializeIteration(398)) - Utilization for node 48eadb90-39d4-49b6-bb8a-82187ad33506 with capacity 78741067093B, used 47244640256B, and remaining 31496426837B is 0.60000000000254
2023-07-25 18:54:27,158 [main] DEBUG balancer.ContainerBalancerTask (ContainerBalancerTask.java:initializeIteration(398)) - Utilization for node d91ba881-5150-4e37-ac0c-1c23cef8f30d with capacity 109521666048B, used 54760833024B, and remaining 54760833024B is 0.5
2023-07-25 18:54:27,158 [main] DEBUG balancer.ContainerBalancerTask (ContainerBalancerTask.java:initializeIteration(398)) - Utilization for node f95c4044-5f62-4b3a-b7cc-29d983bb2122 with capacity 115427246080B, used 46170898432B, and remaining 69256347648B is 0.4
2023-07-25 18:54:27,158 [main] DEBUG balancer.ContainerBalancerTask (ContainerBalancerTask.java:initializeIteration(398)) - Utilization for node 2823476b-c730-4ffc-9edd-0de828e33b70 with capacity 157482134186B, used 47244640256B, and remaining 110237493930B is 0.30000000000127
2023-07-25 18:54:27,159 [main] DEBUG balancer.ContainerBalancerTask (ContainerBalancerTask.java:initializeIteration(398)) - Utilization for node 172ac733-848a-4c1a-b29f-c31a8ea28b2d with capacity 155692564480B, used 31138512896B, and remaining 124554051584B is 0.2
2023-07-25 18:54:27,159 [main] DEBUG balancer.ContainerBalancerTask (ContainerBalancerTask.java:initializeIteration(398)) - Utilization for node 3714b556-f08c-429b-a45a-c1fec7909144 with capacity 279172874240B, used 27917287424B, and remaining 251255586816B is 0.1
2023-07-25 18:54:27,159 [main] DEBUG balancer.ContainerBalancerTask (ContainerBalancerTask.java:initializeIteration(398)) - Utilization for node 41bc9aaf-10e4-4d84-a667-5bf1b8dcca05 with capacity 17179869184B, used 0B, and remaining 17179869184B is 0.0
2023-07-25 18:54:27,159 [main] INFO  balancer.ContainerBalancerTask (ContainerBalancerTask.java:initializeIteration(447)) - Container Balancer has identified 5 Over-Utilized and 3 Under-Utilized Datanodes that need to be balanced.
2023-07-25 18:54:27,159 [main] DEBUG balancer.ContainerBalancerTask (ContainerBalancerTask.java:lambda$initializeIteration$1(453)) - Datanode localhost-28.2.157.206 efe09bbb-8dca-4450-9ca7-ac8fbaddc183 is Over-Utilized.
2023-07-25 18:54:27,159 [main] DEBUG balancer.ContainerBalancerTask (ContainerBalancerTask.java:lambda$initializeIteration$1(453)) - Datanode localhost-168.90.76.186 bb217321-35a6-461e-8dcb-59c0e6d1f087 is Over-Utilized.
2023-07-25 18:54:27,159 [main] DEBUG balancer.ContainerBalancerTask (ContainerBalancerTask.java:lambda$initializeIteration$1(453)) - Datanode localhost-60.214.206.178 8ee38930-226c-4e30-8a85-7cda98914388 is Over-Utilized.
2023-07-25 18:54:27,159 [main] DEBUG balancer.ContainerBalancerTask (ContainerBalancerTask.java:lambda$initializeIteration$1(453)) - Datanode localhost-233.3.33.88 48eadb90-39d4-49b6-bb8a-82187ad33506 is Over-Utilized.
2023-07-25 18:54:27,159 [main] DEBUG balancer.ContainerBalancerTask (ContainerBalancerTask.java:lambda$initializeIteration$1(453)) - Datanode localhost-114.66.7.156 d91ba881-5150-4e37-ac0c-1c23cef8f30d is Over-Utilized.
2023-07-25 18:54:27,160 [main] DEBUG balancer.ContainerBalancerTask (ContainerBalancerTask.java:lambda$initializeIteration$2(459)) - Datanode localhost-237.86.0.39 41bc9aaf-10e4-4d84-a667-5bf1b8dcca05 is Under-Utilized.
2023-07-25 18:54:27,160 [main] DEBUG balancer.ContainerBalancerTask (ContainerBalancerTask.java:lambda$initializeIteration$2(459)) - Datanode localhost-46.225.202.167 3714b556-f08c-429b-a45a-c1fec7909144 is Under-Utilized.
2023-07-25 18:54:27,160 [main] DEBUG balancer.ContainerBalancerTask (ContainerBalancerTask.java:lambda$initializeIteration$2(459)) - Datanode localhost-138.142.176.25 172ac733-848a-4c1a-b29f-c31a8ea28b2d is Under-Utilized.
2023-07-25 18:54:27,162 [main] DEBUG balancer.ContainerBalancerTask (ContainerBalancerTask.java:matchSourceWithTarget(708)) - ContainerBalancer is finding suitable target for source datanode efe09bbb-8dca-4450-9ca7-ac8fbaddc183
2023-07-25 18:54:27,162 [main] INFO  balancer.ContainerBalancerTask (ContainerBalancerTask.java:matchSourceWithTarget(722)) - ContainerBalancer matched source datanode efe09bbb-8dca-4450-9ca7-ac8fbaddc183 with target datanode 41bc9aaf-10e4-4d84-a667-5bf1b8dcca05 for container move.
2023-07-25 18:54:27,162 [main] INFO  balancer.ContainerBalancerTask (ContainerBalancerTask.java:processMoveSelection(569)) - ContainerBalancer is trying to move container #85 with size 5368709120B from source datanode efe09bbb-8dca-4450-9ca7-ac8fbaddc183 to target datanode 41bc9aaf-10e4-4d84-a667-5bf1b8dcca05
2023-07-25 18:54:27,163 [main] DEBUG balancer.ContainerBalancerTask (ContainerBalancerTask.java:lambda$moveContainer$3(837)) - Container move completed for container #85 from source efe09bbb-8dca-4450-9ca7-ac8fbaddc183 to target 41bc9aaf-10e4-4d84-a667-5bf1b8dcca05
2023-07-25 18:54:27,163 [main] DEBUG balancer.ContainerBalancerTask (ContainerBalancerTask.java:adaptOnReachingIterationLimits(782)) - Reached max datanodes to involve limit. 2 datanodes have already been selected for balancing and the limit is 2. Only already selected sources and targets can be involved in balancing now.
2023-07-25 18:54:27,166 [main] DEBUG balancer.ContainerBalancerTask (ContainerBalancerTask.java:matchSourceWithTarget(708)) - ContainerBalancer is finding suitable target for source datanode efe09bbb-8dca-4450-9ca7-ac8fbaddc183
2023-07-25 18:54:27,166 [main] INFO  balancer.ContainerBalancerTask (ContainerBalancerTask.java:matchSourceWithTarget(722)) - ContainerBalancer matched source datanode efe09bbb-8dca-4450-9ca7-ac8fbaddc183 with target datanode 41bc9aaf-10e4-4d84-a667-5bf1b8dcca05 for container move.
2023-07-25 18:54:27,167 [main] INFO  balancer.ContainerBalancerTask (ContainerBalancerTask.java:processMoveSelection(569)) - ContainerBalancer is trying to move container #87 with size 2147483648B from source datanode efe09bbb-8dca-4450-9ca7-ac8fbaddc183 to target datanode 41bc9aaf-10e4-4d84-a667-5bf1b8dcca05
2023-07-25 18:54:27,167 [main] DEBUG balancer.ContainerBalancerTask (ContainerBalancerTask.java:lambda$moveContainer$3(837)) - Container move completed for container #87 from source efe09bbb-8dca-4450-9ca7-ac8fbaddc183 to target 41bc9aaf-10e4-4d84-a667-5bf1b8dcca05
2023-07-25 18:54:27,169 [main] DEBUG balancer.ContainerBalancerTask (ContainerBalancerTask.java:matchSourceWithTarget(708)) - ContainerBalancer is finding suitable target for source datanode efe09bbb-8dca-4450-9ca7-ac8fbaddc183
2023-07-25 18:54:27,171 [main] INFO  balancer.FindTargetGreedyByUsageInfo (AbstractFindTargetGreedy.java:findTargetForContainerMove(133)) - Container Balancer could not find a target for source datanode efe09bbb-8dca-4450-9ca7-ac8fbaddc183
2023-07-25 18:54:27,171 [main] DEBUG balancer.ContainerBalancerTask (ContainerBalancerTask.java:matchSourceWithTarget(717)) - ContainerBalancer could not find a suitable target for source node efe09bbb-8dca-4450-9ca7-ac8fbaddc183.
2023-07-25 18:54:27,171 [main] INFO  balancer.FindSourceGreedy (FindSourceGreedy.java:getNextCandidateSourceDataNode(126)) - no more candidate source data node
2023-07-25 18:54:27,171 [main] INFO  balancer.ContainerBalancerTask (ContainerBalancerTask.java:checkIterationMoveResults(642)) - Iteration Summary. Number of Datanodes involved: 2. Size moved: 7 GB (7516192768 Bytes). Number of Container moves completed: 2.
2023-07-25 18:54:27,171 [main] INFO  balancer.ContainerBalancerTask (ContainerBalancerTask.java:balance(259)) - Result of this iteration of Container Balancer: ITERATION_COMPLETED
2023-07-25 18:54:27,173 [main] DEBUG balancer.ContainerBalancerTask (ContainerBalancerTask.java:initializeIteration(374)) - Average utilization of the cluster is 0.3605221061903549
2023-07-25 18:54:27,173 [main] DEBUG balancer.ContainerBalancerTask (ContainerBalancerTask.java:initializeIteration(386)) - Lower limit for utilization is 0.2605221061903549 and Upper limit for utilization is 0.46052210619035494
2023-07-25 18:54:27,173 [main] DEBUG balancer.ContainerBalancerTask (ContainerBalancerTask.java:initializeIteration(398)) - Utilization for node efe09bbb-8dca-4450-9ca7-ac8fbaddc183 with capacity 54880137671B, used 49392123904B, and remaining 5488013767B is 0.9000000000018221
2023-07-25 18:54:27,174 [main] DEBUG balancer.ContainerBalancerTask (ContainerBalancerTask.java:initializeIteration(398)) - Utilization for node bb217321-35a6-461e-8dcb-59c0e6d1f087 with capacity 57713623040B, used 46170898432B, and remaining 11542724608B is 0.8
2023-07-25 18:54:27,174 [main] DEBUG balancer.ContainerBalancerTask (ContainerBalancerTask.java:initializeIteration(398)) - Utilization for node 8ee38930-226c-4e30-8a85-7cda98914388 with capacity 58288841874B, used 40802189312B, and remaining 17486652562B is 0.7000000000034312
2023-07-25 18:54:27,174 [main] DEBUG balancer.ContainerBalancerTask (ContainerBalancerTask.java:initializeIteration(398)) - Utilization for node 48eadb90-39d4-49b6-bb8a-82187ad33506 with capacity 78741067093B, used 47244640256B, and remaining 31496426837B is 0.60000000000254
2023-07-25 18:54:27,174 [main] DEBUG balancer.ContainerBalancerTask (ContainerBalancerTask.java:initializeIteration(398)) - Utilization for node d91ba881-5150-4e37-ac0c-1c23cef8f30d with capacity 109521666048B, used 54760833024B, and remaining 54760833024B is 0.5
2023-07-25 18:54:27,174 [main] DEBUG balancer.ContainerBalancerTask (ContainerBalancerTask.java:initializeIteration(398)) - Utilization for node f95c4044-5f62-4b3a-b7cc-29d983bb2122 with capacity 115427246080B, used 46170898432B, and remaining 69256347648B is 0.4
2023-07-25 18:54:27,174 [main] DEBUG balancer.ContainerBalancerTask (ContainerBalancerTask.java:initializeIteration(398)) - Utilization for node 2823476b-c730-4ffc-9edd-0de828e33b70 with capacity 157482134186B, used 47244640256B, and remaining 110237493930B is 0.30000000000127
2023-07-25 18:54:27,174 [main] DEBUG balancer.ContainerBalancerTask (ContainerBalancerTask.java:initializeIteration(398)) - Utilization for node 172ac733-848a-4c1a-b29f-c31a8ea28b2d with capacity 155692564480B, used 31138512896B, and remaining 124554051584B is 0.2
2023-07-25 18:54:27,174 [main] DEBUG balancer.ContainerBalancerTask (ContainerBalancerTask.java:initializeIteration(398)) - Utilization for node 3714b556-f08c-429b-a45a-c1fec7909144 with capacity 279172874240B, used 27917287424B, and remaining 251255586816B is 0.1
2023-07-25 18:54:27,174 [main] DEBUG balancer.ContainerBalancerTask (ContainerBalancerTask.java:initializeIteration(398)) - Utilization for node 41bc9aaf-10e4-4d84-a667-5bf1b8dcca05 with capacity 17179869184B, used 0B, and remaining 17179869184B is 0.0
2023-07-25 18:54:27,175 [main] INFO  balancer.ContainerBalancerTask (ContainerBalancerTask.java:initializeIteration(447)) - Container Balancer has identified 5 Over-Utilized and 3 Under-Utilized Datanodes that need to be balanced.
2023-07-25 18:54:27,175 [main] DEBUG balancer.ContainerBalancerTask (ContainerBalancerTask.java:lambda$initializeIteration$1(453)) - Datanode localhost-28.2.157.206 efe09bbb-8dca-4450-9ca7-ac8fbaddc183 is Over-Utilized.
2023-07-25 18:54:27,175 [main] DEBUG balancer.ContainerBalancerTask (ContainerBalancerTask.java:lambda$initializeIteration$1(453)) - Datanode localhost-168.90.76.186 bb217321-35a6-461e-8dcb-59c0e6d1f087 is Over-Utilized.
2023-07-25 18:54:27,175 [main] DEBUG balancer.ContainerBalancerTask (ContainerBalancerTask.java:lambda$initializeIteration$1(453)) - Datanode localhost-60.214.206.178 8ee38930-226c-4e30-8a85-7cda98914388 is Over-Utilized.
2023-07-25 18:54:27,175 [main] DEBUG balancer.ContainerBalancerTask (ContainerBalancerTask.java:lambda$initializeIteration$1(453)) - Datanode localhost-233.3.33.88 48eadb90-39d4-49b6-bb8a-82187ad33506 is Over-Utilized.
2023-07-25 18:54:27,175 [main] DEBUG balancer.ContainerBalancerTask (ContainerBalancerTask.java:lambda$initializeIteration$1(453)) - Datanode localhost-114.66.7.156 d91ba881-5150-4e37-ac0c-1c23cef8f30d is Over-Utilized.
2023-07-25 18:54:27,175 [main] DEBUG balancer.ContainerBalancerTask (ContainerBalancerTask.java:lambda$initializeIteration$2(459)) - Datanode localhost-237.86.0.39 41bc9aaf-10e4-4d84-a667-5bf1b8dcca05 is Under-Utilized.
2023-07-25 18:54:27,175 [main] DEBUG balancer.ContainerBalancerTask (ContainerBalancerTask.java:lambda$initializeIteration$2(459)) - Datanode localhost-46.225.202.167 3714b556-f08c-429b-a45a-c1fec7909144 is Under-Utilized.
2023-07-25 18:54:27,175 [main] DEBUG balancer.ContainerBalancerTask (ContainerBalancerTask.java:lambda$initializeIteration$2(459)) - Datanode localhost-138.142.176.25 172ac733-848a-4c1a-b29f-c31a8ea28b2d is Under-Utilized.
2023-07-25 18:54:27,178 [main] DEBUG balancer.ContainerBalancerTask (ContainerBalancerTask.java:matchSourceWithTarget(708)) - ContainerBalancer is finding suitable target for source datanode efe09bbb-8dca-4450-9ca7-ac8fbaddc183
2023-07-25 18:54:27,178 [main] INFO  balancer.ContainerBalancerTask (ContainerBalancerTask.java:matchSourceWithTarget(722)) - ContainerBalancer matched source datanode efe09bbb-8dca-4450-9ca7-ac8fbaddc183 with target datanode 41bc9aaf-10e4-4d84-a667-5bf1b8dcca05 for container move.
2023-07-25 18:54:27,178 [main] INFO  balancer.ContainerBalancerTask (ContainerBalancerTask.java:processMoveSelection(569)) - ContainerBalancer is trying to move container #85 with size 5368709120B from source datanode efe09bbb-8dca-4450-9ca7-ac8fbaddc183 to target datanode 41bc9aaf-10e4-4d84-a667-5bf1b8dcca05
2023-07-25 18:54:27,178 [main] DEBUG balancer.ContainerBalancerTask (ContainerBalancerTask.java:lambda$moveContainer$3(837)) - Container move completed for container #85 from source efe09bbb-8dca-4450-9ca7-ac8fbaddc183 to target 41bc9aaf-10e4-4d84-a667-5bf1b8dcca05
2023-07-25 18:54:27,179 [main] DEBUG balancer.ContainerBalancerTask (ContainerBalancerTask.java:adaptOnReachingIterationLimits(782)) - Reached max datanodes to involve limit. 2 datanodes have already been selected for balancing and the limit is 2. Only already selected sources and targets can be involved in balancing now.
2023-07-25 18:54:27,181 [main] DEBUG balancer.ContainerBalancerTask (ContainerBalancerTask.java:matchSourceWithTarget(708)) - ContainerBalancer is finding suitable target for source datanode efe09bbb-8dca-4450-9ca7-ac8fbaddc183
2023-07-25 18:54:27,182 [main] INFO  balancer.ContainerBalancerTask (ContainerBalancerTask.java:matchSourceWithTarget(722)) - ContainerBalancer matched source datanode efe09bbb-8dca-4450-9ca7-ac8fbaddc183 with target datanode 41bc9aaf-10e4-4d84-a667-5bf1b8dcca05 for container move.
2023-07-25 18:54:27,182 [main] INFO  balancer.ContainerBalancerTask (ContainerBalancerTask.java:processMoveSelection(569)) - ContainerBalancer is trying to move container #87 with size 2147483648B from source datanode efe09bbb-8dca-4450-9ca7-ac8fbaddc183 to target datanode 41bc9aaf-10e4-4d84-a667-5bf1b8dcca05
2023-07-25 18:54:27,182 [main] DEBUG balancer.ContainerBalancerTask (ContainerBalancerTask.java:lambda$moveContainer$3(837)) - Container move completed for container #87 from source efe09bbb-8dca-4450-9ca7-ac8fbaddc183 to target 41bc9aaf-10e4-4d84-a667-5bf1b8dcca05
2023-07-25 18:54:27,185 [main] DEBUG balancer.ContainerBalancerTask (ContainerBalancerTask.java:matchSourceWithTarget(708)) - ContainerBalancer is finding suitable target for source datanode efe09bbb-8dca-4450-9ca7-ac8fbaddc183
2023-07-25 18:54:27,187 [main] INFO  balancer.FindTargetGreedyByUsageInfo (AbstractFindTargetGreedy.java:findTargetForContainerMove(133)) - Container Balancer could not find a target for source datanode efe09bbb-8dca-4450-9ca7-ac8fbaddc183
2023-07-25 18:54:27,187 [main] DEBUG balancer.ContainerBalancerTask (ContainerBalancerTask.java:matchSourceWithTarget(717)) - ContainerBalancer could not find a suitable target for source node efe09bbb-8dca-4450-9ca7-ac8fbaddc183.
2023-07-25 18:54:27,187 [main] INFO  balancer.FindSourceGreedy (FindSourceGreedy.java:getNextCandidateSourceDataNode(126)) - no more candidate source data node
2023-07-25 18:54:27,187 [main] INFO  balancer.ContainerBalancerTask (ContainerBalancerTask.java:checkIterationMoveResults(642)) - Iteration Summary. Number of Datanodes involved: 2. Size moved: 7 GB (7516192768 Bytes). Number of Container moves completed: 2.
2023-07-25 18:54:27,187 [main] INFO  balancer.ContainerBalancerTask (ContainerBalancerTask.java:balance(259)) - Result of this iteration of Container Balancer: ITERATION_COMPLETED
2023-07-25 18:54:27,190 [main] DEBUG balancer.ContainerBalancerTask (ContainerBalancerTask.java:initializeIteration(374)) - Average utilization of the cluster is 0.3605221061903549
2023-07-25 18:54:27,190 [main] DEBUG balancer.ContainerBalancerTask (ContainerBalancerTask.java:initializeIteration(386)) - Lower limit for utilization is 0.2605221061903549 and Upper limit for utilization is 0.46052210619035494
2023-07-25 18:54:27,190 [main] DEBUG balancer.ContainerBalancerTask (ContainerBalancerTask.java:initializeIteration(398)) - Utilization for node efe09bbb-8dca-4450-9ca7-ac8fbaddc183 with capacity 54880137671B, used 49392123904B, and remaining 5488013767B is 0.9000000000018221
2023-07-25 18:54:27,190 [main] DEBUG balancer.ContainerBalancerTask (ContainerBalancerTask.java:initializeIteration(398)) - Utilization for node bb217321-35a6-461e-8dcb-59c0e6d1f087 with capacity 57713623040B, used 46170898432B, and remaining 11542724608B is 0.8
2023-07-25 18:54:27,190 [main] DEBUG balancer.ContainerBalancerTask (ContainerBalancerTask.java:initializeIteration(398)) - Utilization for node 8ee38930-226c-4e30-8a85-7cda98914388 with capacity 58288841874B, used 40802189312B, and remaining 17486652562B is 0.7000000000034312
2023-07-25 18:54:27,190 [main] DEBUG balancer.ContainerBalancerTask (ContainerBalancerTask.java:initializeIteration(398)) - Utilization for node 48eadb90-39d4-49b6-bb8a-82187ad33506 with capacity 78741067093B, used 47244640256B, and remaining 31496426837B is 0.60000000000254
2023-07-25 18:54:27,190 [main] DEBUG balancer.ContainerBalancerTask (ContainerBalancerTask.java:initializeIteration(398)) - Utilization for node d91ba881-5150-4e37-ac0c-1c23cef8f30d with capacity 109521666048B, used 54760833024B, and remaining 54760833024B is 0.5
2023-07-25 18:54:27,191 [main] DEBUG balancer.ContainerBalancerTask (ContainerBalancerTask.java:initializeIteration(398)) - Utilization for node f95c4044-5f62-4b3a-b7cc-29d983bb2122 with capacity 115427246080B, used 46170898432B, and remaining 69256347648B is 0.4
2023-07-25 18:54:27,191 [main] DEBUG balancer.ContainerBalancerTask (ContainerBalancerTask.java:initializeIteration(398)) - Utilization for node 2823476b-c730-4ffc-9edd-0de828e33b70 with capacity 157482134186B, used 47244640256B, and remaining 110237493930B is 0.30000000000127
2023-07-25 18:54:27,191 [main] DEBUG balancer.ContainerBalancerTask (ContainerBalancerTask.java:initializeIteration(398)) - Utilization for node 172ac733-848a-4c1a-b29f-c31a8ea28b2d with capacity 155692564480B, used 31138512896B, and remaining 124554051584B is 0.2
2023-07-25 18:54:27,191 [main] DEBUG balancer.ContainerBalancerTask (ContainerBalancerTask.java:initializeIteration(398)) - Utilization for node 3714b556-f08c-429b-a45a-c1fec7909144 with capacity 279172874240B, used 27917287424B, and remaining 251255586816B is 0.1
2023-07-25 18:54:27,191 [main] DEBUG balancer.ContainerBalancerTask (ContainerBalancerTask.java:initializeIteration(398)) - Utilization for node 41bc9aaf-10e4-4d84-a667-5bf1b8dcca05 with capacity 17179869184B, used 0B, and remaining 17179869184B is 0.0
2023-07-25 18:54:27,191 [main] INFO  balancer.ContainerBalancerTask (ContainerBalancerTask.java:initializeIteration(447)) - Container Balancer has identified 5 Over-Utilized and 3 Under-Utilized Datanodes that need to be balanced.
2023-07-25 18:54:27,191 [main] DEBUG balancer.ContainerBalancerTask (ContainerBalancerTask.java:lambda$initializeIteration$1(453)) - Datanode localhost-28.2.157.206 efe09bbb-8dca-4450-9ca7-ac8fbaddc183 is Over-Utilized.
2023-07-25 18:54:27,191 [main] DEBUG balancer.ContainerBalancerTask (ContainerBalancerTask.java:lambda$initializeIteration$1(453)) - Datanode localhost-168.90.76.186 bb217321-35a6-461e-8dcb-59c0e6d1f087 is Over-Utilized.
2023-07-25 18:54:27,192 [main] DEBUG balancer.ContainerBalancerTask (ContainerBalancerTask.java:lambda$initializeIteration$1(453)) - Datanode localhost-60.214.206.178 8ee38930-226c-4e30-8a85-7cda98914388 is Over-Utilized.
2023-07-25 18:54:27,192 [main] DEBUG balancer.ContainerBalancerTask (ContainerBalancerTask.java:lambda$initializeIteration$1(453)) - Datanode localhost-233.3.33.88 48eadb90-39d4-49b6-bb8a-82187ad33506 is Over-Utilized.
2023-07-25 18:54:27,192 [main] DEBUG balancer.ContainerBalancerTask (ContainerBalancerTask.java:lambda$initializeIteration$1(453)) - Datanode localhost-114.66.7.156 d91ba881-5150-4e37-ac0c-1c23cef8f30d is Over-Utilized.
2023-07-25 18:54:27,192 [main] DEBUG balancer.ContainerBalancerTask (ContainerBalancerTask.java:lambda$initializeIteration$2(459)) - Datanode localhost-237.86.0.39 41bc9aaf-10e4-4d84-a667-5bf1b8dcca05 is Under-Utilized.
2023-07-25 18:54:27,192 [main] DEBUG balancer.ContainerBalancerTask (ContainerBalancerTask.java:lambda$initializeIteration$2(459)) - Datanode localhost-46.225.202.167 3714b556-f08c-429b-a45a-c1fec7909144 is Under-Utilized.
2023-07-25 18:54:27,192 [main] DEBUG balancer.ContainerBalancerTask (ContainerBalancerTask.java:lambda$initializeIteration$2(459)) - Datanode localhost-138.142.176.25 172ac733-848a-4c1a-b29f-c31a8ea28b2d is Under-Utilized.
2023-07-25 18:54:27,197 [main] DEBUG balancer.ContainerBalancerTask (ContainerBalancerTask.java:matchSourceWithTarget(708)) - ContainerBalancer is finding suitable target for source datanode efe09bbb-8dca-4450-9ca7-ac8fbaddc183
2023-07-25 18:54:27,198 [main] INFO  balancer.ContainerBalancerTask (ContainerBalancerTask.java:matchSourceWithTarget(722)) - ContainerBalancer matched source datanode efe09bbb-8dca-4450-9ca7-ac8fbaddc183 with target datanode 41bc9aaf-10e4-4d84-a667-5bf1b8dcca05 for container move.
2023-07-25 18:54:27,199 [main] INFO  balancer.ContainerBalancerTask (ContainerBalancerTask.java:processMoveSelection(569)) - ContainerBalancer is trying to move container #85 with size 5368709120B from source datanode efe09bbb-8dca-4450-9ca7-ac8fbaddc183 to target datanode 41bc9aaf-10e4-4d84-a667-5bf1b8dcca05
2023-07-25 18:54:27,199 [main] DEBUG balancer.ContainerBalancerTask (ContainerBalancerTask.java:lambda$moveContainer$3(837)) - Container move completed for container #85 from source efe09bbb-8dca-4450-9ca7-ac8fbaddc183 to target 41bc9aaf-10e4-4d84-a667-5bf1b8dcca05
2023-07-25 18:54:27,199 [main] DEBUG balancer.ContainerBalancerTask (ContainerBalancerTask.java:adaptOnReachingIterationLimits(782)) - Reached max datanodes to involve limit. 2 datanodes have already been selected for balancing and the limit is 2. Only already selected sources and targets can be involved in balancing now.
2023-07-25 18:54:27,202 [main] DEBUG balancer.ContainerBalancerTask (ContainerBalancerTask.java:matchSourceWithTarget(708)) - ContainerBalancer is finding suitable target for source datanode efe09bbb-8dca-4450-9ca7-ac8fbaddc183
2023-07-25 18:54:27,202 [main] INFO  balancer.ContainerBalancerTask (ContainerBalancerTask.java:matchSourceWithTarget(722)) - ContainerBalancer matched source datanode efe09bbb-8dca-4450-9ca7-ac8fbaddc183 with target datanode 41bc9aaf-10e4-4d84-a667-5bf1b8dcca05 for container move.
2023-07-25 18:54:27,203 [main] INFO  balancer.ContainerBalancerTask (ContainerBalancerTask.java:processMoveSelection(569)) - ContainerBalancer is trying to move container #87 with size 2147483648B from source datanode efe09bbb-8dca-4450-9ca7-ac8fbaddc183 to target datanode 41bc9aaf-10e4-4d84-a667-5bf1b8dcca05
2023-07-25 18:54:27,203 [main] DEBUG balancer.ContainerBalancerTask (ContainerBalancerTask.java:lambda$moveContainer$3(837)) - Container move completed for container #87 from source efe09bbb-8dca-4450-9ca7-ac8fbaddc183 to target 41bc9aaf-10e4-4d84-a667-5bf1b8dcca05
2023-07-25 18:54:27,205 [main] DEBUG balancer.ContainerBalancerTask (ContainerBalancerTask.java:matchSourceWithTarget(708)) - ContainerBalancer is finding suitable target for source datanode efe09bbb-8dca-4450-9ca7-ac8fbaddc183
2023-07-25 18:54:27,206 [main] INFO  balancer.FindTargetGreedyByUsageInfo (AbstractFindTargetGreedy.java:findTargetForContainerMove(133)) - Container Balancer could not find a target for source datanode efe09bbb-8dca-4450-9ca7-ac8fbaddc183
2023-07-25 18:54:27,206 [main] DEBUG balancer.ContainerBalancerTask (ContainerBalancerTask.java:matchSourceWithTarget(717)) - ContainerBalancer could not find a suitable target for source node efe09bbb-8dca-4450-9ca7-ac8fbaddc183.
2023-07-25 18:54:27,207 [main] INFO  balancer.FindSourceGreedy (FindSourceGreedy.java:getNextCandidateSourceDataNode(126)) - no more candidate source data node
2023-07-25 18:54:27,207 [main] INFO  balancer.ContainerBalancerTask (ContainerBalancerTask.java:checkIterationMoveResults(642)) - Iteration Summary. Number of Datanodes involved: 2. Size moved: 7 GB (7516192768 Bytes). Number of Container moves completed: 2.
2023-07-25 18:54:27,207 [main] INFO  balancer.ContainerBalancerTask (ContainerBalancerTask.java:balance(259)) - Result of this iteration of Container Balancer: ITERATION_COMPLETED
2023-07-25 18:54:27,209 [main] DEBUG balancer.ContainerBalancerTask (ContainerBalancerTask.java:initializeIteration(374)) - Average utilization of the cluster is 0.3605221061903549
2023-07-25 18:54:27,209 [main] DEBUG balancer.ContainerBalancerTask (ContainerBalancerTask.java:initializeIteration(386)) - Lower limit for utilization is 0.2605221061903549 and Upper limit for utilization is 0.46052210619035494
2023-07-25 18:54:27,209 [main] DEBUG balancer.ContainerBalancerTask (ContainerBalancerTask.java:initializeIteration(398)) - Utilization for node efe09bbb-8dca-4450-9ca7-ac8fbaddc183 with capacity 54880137671B, used 49392123904B, and remaining 5488013767B is 0.9000000000018221
2023-07-25 18:54:27,209 [main] DEBUG balancer.ContainerBalancerTask (ContainerBalancerTask.java:initializeIteration(398)) - Utilization for node bb217321-35a6-461e-8dcb-59c0e6d1f087 with capacity 57713623040B, used 46170898432B, and remaining 11542724608B is 0.8
2023-07-25 18:54:27,209 [main] DEBUG balancer.ContainerBalancerTask (ContainerBalancerTask.java:initializeIteration(398)) - Utilization for node 8ee38930-226c-4e30-8a85-7cda98914388 with capacity 58288841874B, used 40802189312B, and remaining 17486652562B is 0.7000000000034312
2023-07-25 18:54:27,209 [main] DEBUG balancer.ContainerBalancerTask (ContainerBalancerTask.java:initializeIteration(398)) - Utilization for node 48eadb90-39d4-49b6-bb8a-82187ad33506 with capacity 78741067093B, used 47244640256B, and remaining 31496426837B is 0.60000000000254
2023-07-25 18:54:27,209 [main] DEBUG balancer.ContainerBalancerTask (ContainerBalancerTask.java:initializeIteration(398)) - Utilization for node d91ba881-5150-4e37-ac0c-1c23cef8f30d with capacity 109521666048B, used 54760833024B, and remaining 54760833024B is 0.5
2023-07-25 18:54:27,209 [main] DEBUG balancer.ContainerBalancerTask (ContainerBalancerTask.java:initializeIteration(398)) - Utilization for node f95c4044-5f62-4b3a-b7cc-29d983bb2122 with capacity 115427246080B, used 46170898432B, and remaining 69256347648B is 0.4
2023-07-25 18:54:27,209 [main] DEBUG balancer.ContainerBalancerTask (ContainerBalancerTask.java:initializeIteration(398)) - Utilization for node 2823476b-c730-4ffc-9edd-0de828e33b70 with capacity 157482134186B, used 47244640256B, and remaining 110237493930B is 0.30000000000127
2023-07-25 18:54:27,210 [main] DEBUG balancer.ContainerBalancerTask (ContainerBalancerTask.java:initializeIteration(398)) - Utilization for node 172ac733-848a-4c1a-b29f-c31a8ea28b2d with capacity 155692564480B, used 31138512896B, and remaining 124554051584B is 0.2
2023-07-25 18:54:27,210 [main] DEBUG balancer.ContainerBalancerTask (ContainerBalancerTask.java:initializeIteration(398)) - Utilization for node 3714b556-f08c-429b-a45a-c1fec7909144 with capacity 279172874240B, used 27917287424B, and remaining 251255586816B is 0.1
2023-07-25 18:54:27,210 [main] DEBUG balancer.ContainerBalancerTask (ContainerBalancerTask.java:initializeIteration(398)) - Utilization for node 41bc9aaf-10e4-4d84-a667-5bf1b8dcca05 with capacity 17179869184B, used 0B, and remaining 17179869184B is 0.0
2023-07-25 18:54:27,210 [main] INFO  balancer.ContainerBalancerTask (ContainerBalancerTask.java:initializeIteration(447)) - Container Balancer has identified 5 Over-Utilized and 3 Under-Utilized Datanodes that need to be balanced.
2023-07-25 18:54:27,210 [main] DEBUG balancer.ContainerBalancerTask (ContainerBalancerTask.java:lambda$initializeIteration$1(453)) - Datanode localhost-28.2.157.206 efe09bbb-8dca-4450-9ca7-ac8fbaddc183 is Over-Utilized.
2023-07-25 18:54:27,210 [main] DEBUG balancer.ContainerBalancerTask (ContainerBalancerTask.java:lambda$initializeIteration$1(453)) - Datanode localhost-168.90.76.186 bb217321-35a6-461e-8dcb-59c0e6d1f087 is Over-Utilized.
2023-07-25 18:54:27,210 [main] DEBUG balancer.ContainerBalancerTask (ContainerBalancerTask.java:lambda$initializeIteration$1(453)) - Datanode localhost-60.214.206.178 8ee38930-226c-4e30-8a85-7cda98914388 is Over-Utilized.
2023-07-25 18:54:27,210 [main] DEBUG balancer.ContainerBalancerTask (ContainerBalancerTask.java:lambda$initializeIteration$1(453)) - Datanode localhost-233.3.33.88 48eadb90-39d4-49b6-bb8a-82187ad33506 is Over-Utilized.
2023-07-25 18:54:27,210 [main] DEBUG balancer.ContainerBalancerTask (ContainerBalancerTask.java:lambda$initializeIteration$1(453)) - Datanode localhost-114.66.7.156 d91ba881-5150-4e37-ac0c-1c23cef8f30d is Over-Utilized.
2023-07-25 18:54:27,210 [main] DEBUG balancer.ContainerBalancerTask (ContainerBalancerTask.java:lambda$initializeIteration$2(459)) - Datanode localhost-237.86.0.39 41bc9aaf-10e4-4d84-a667-5bf1b8dcca05 is Under-Utilized.
2023-07-25 18:54:27,211 [main] DEBUG balancer.ContainerBalancerTask (ContainerBalancerTask.java:lambda$initializeIteration$2(459)) - Datanode localhost-46.225.202.167 3714b556-f08c-429b-a45a-c1fec7909144 is Under-Utilized.
2023-07-25 18:54:27,214 [main] DEBUG balancer.ContainerBalancerTask (ContainerBalancerTask.java:lambda$initializeIteration$2(459)) - Datanode localhost-138.142.176.25 172ac733-848a-4c1a-b29f-c31a8ea28b2d is Under-Utilized.
2023-07-25 18:54:27,216 [main] DEBUG balancer.ContainerBalancerTask (ContainerBalancerTask.java:matchSourceWithTarget(708)) - ContainerBalancer is finding suitable target for source datanode efe09bbb-8dca-4450-9ca7-ac8fbaddc183
2023-07-25 18:54:27,217 [main] INFO  balancer.ContainerBalancerTask (ContainerBalancerTask.java:matchSourceWithTarget(722)) - ContainerBalancer matched source datanode efe09bbb-8dca-4450-9ca7-ac8fbaddc183 with target datanode 41bc9aaf-10e4-4d84-a667-5bf1b8dcca05 for container move.
2023-07-25 18:54:27,217 [main] INFO  balancer.ContainerBalancerTask (ContainerBalancerTask.java:processMoveSelection(569)) - ContainerBalancer is trying to move container #85 with size 5368709120B from source datanode efe09bbb-8dca-4450-9ca7-ac8fbaddc183 to target datanode 41bc9aaf-10e4-4d84-a667-5bf1b8dcca05
2023-07-25 18:54:27,217 [main] DEBUG balancer.ContainerBalancerTask (ContainerBalancerTask.java:lambda$moveContainer$3(837)) - Container move completed for container #85 from source efe09bbb-8dca-4450-9ca7-ac8fbaddc183 to target 41bc9aaf-10e4-4d84-a667-5bf1b8dcca05
2023-07-25 18:54:27,217 [main] DEBUG balancer.ContainerBalancerTask (ContainerBalancerTask.java:adaptOnReachingIterationLimits(782)) - Reached max datanodes to involve limit. 2 datanodes have already been selected for balancing and the limit is 2. Only already selected sources and targets can be involved in balancing now.
2023-07-25 18:54:27,221 [main] DEBUG balancer.ContainerBalancerTask (ContainerBalancerTask.java:matchSourceWithTarget(708)) - ContainerBalancer is finding suitable target for source datanode efe09bbb-8dca-4450-9ca7-ac8fbaddc183
2023-07-25 18:54:27,222 [main] INFO  balancer.ContainerBalancerTask (ContainerBalancerTask.java:matchSourceWithTarget(722)) - ContainerBalancer matched source datanode efe09bbb-8dca-4450-9ca7-ac8fbaddc183 with target datanode 41bc9aaf-10e4-4d84-a667-5bf1b8dcca05 for container move.
2023-07-25 18:54:27,222 [main] INFO  balancer.ContainerBalancerTask (ContainerBalancerTask.java:processMoveSelection(569)) - ContainerBalancer is trying to move container #87 with size 2147483648B from source datanode efe09bbb-8dca-4450-9ca7-ac8fbaddc183 to target datanode 41bc9aaf-10e4-4d84-a667-5bf1b8dcca05
2023-07-25 18:54:27,223 [main] DEBUG balancer.ContainerBalancerTask (ContainerBalancerTask.java:lambda$moveContainer$3(837)) - Container move completed for container #87 from source efe09bbb-8dca-4450-9ca7-ac8fbaddc183 to target 41bc9aaf-10e4-4d84-a667-5bf1b8dcca05
2023-07-25 18:54:27,226 [main] DEBUG balancer.ContainerBalancerTask (ContainerBalancerTask.java:matchSourceWithTarget(708)) - ContainerBalancer is finding suitable target for source datanode efe09bbb-8dca-4450-9ca7-ac8fbaddc183
2023-07-25 18:54:27,227 [main] INFO  balancer.FindTargetGreedyByUsageInfo (AbstractFindTargetGreedy.java:findTargetForContainerMove(133)) - Container Balancer could not find a target for source datanode efe09bbb-8dca-4450-9ca7-ac8fbaddc183
2023-07-25 18:54:27,227 [main] DEBUG balancer.ContainerBalancerTask (ContainerBalancerTask.java:matchSourceWithTarget(717)) - ContainerBalancer could not find a suitable target for source node efe09bbb-8dca-4450-9ca7-ac8fbaddc183.
2023-07-25 18:54:27,227 [main] INFO  balancer.FindSourceGreedy (FindSourceGreedy.java:getNextCandidateSourceDataNode(126)) - no more candidate source data node
2023-07-25 18:54:27,227 [main] INFO  balancer.ContainerBalancerTask (ContainerBalancerTask.java:checkIterationMoveResults(642)) - Iteration Summary. Number of Datanodes involved: 2. Size moved: 7 GB (7516192768 Bytes). Number of Container moves completed: 2.
2023-07-25 18:54:27,227 [main] INFO  balancer.ContainerBalancerTask (ContainerBalancerTask.java:balance(259)) - Result of this iteration of Container Balancer: ITERATION_COMPLETED
2023-07-25 18:54:27,229 [main] DEBUG balancer.ContainerBalancerTask (ContainerBalancerTask.java:initializeIteration(374)) - Average utilization of the cluster is 0.3605221061903549
2023-07-25 18:54:27,229 [main] DEBUG balancer.ContainerBalancerTask (ContainerBalancerTask.java:initializeIteration(386)) - Lower limit for utilization is 0.2605221061903549 and Upper limit for utilization is 0.46052210619035494
2023-07-25 18:54:27,229 [main] DEBUG balancer.ContainerBalancerTask (ContainerBalancerTask.java:initializeIteration(398)) - Utilization for node efe09bbb-8dca-4450-9ca7-ac8fbaddc183 with capacity 54880137671B, used 49392123904B, and remaining 5488013767B is 0.9000000000018221
2023-07-25 18:54:27,229 [main] DEBUG balancer.ContainerBalancerTask (ContainerBalancerTask.java:initializeIteration(398)) - Utilization for node bb217321-35a6-461e-8dcb-59c0e6d1f087 with capacity 57713623040B, used 46170898432B, and remaining 11542724608B is 0.8
2023-07-25 18:54:27,229 [main] DEBUG balancer.ContainerBalancerTask (ContainerBalancerTask.java:initializeIteration(398)) - Utilization for node 8ee38930-226c-4e30-8a85-7cda98914388 with capacity 58288841874B, used 40802189312B, and remaining 17486652562B is 0.7000000000034312
2023-07-25 18:54:27,230 [main] DEBUG balancer.ContainerBalancerTask (ContainerBalancerTask.java:initializeIteration(398)) - Utilization for node 48eadb90-39d4-49b6-bb8a-82187ad33506 with capacity 78741067093B, used 47244640256B, and remaining 31496426837B is 0.60000000000254
2023-07-25 18:54:27,230 [main] DEBUG balancer.ContainerBalancerTask (ContainerBalancerTask.java:initializeIteration(398)) - Utilization for node d91ba881-5150-4e37-ac0c-1c23cef8f30d with capacity 109521666048B, used 54760833024B, and remaining 54760833024B is 0.5
2023-07-25 18:54:27,230 [main] DEBUG balancer.ContainerBalancerTask (ContainerBalancerTask.java:initializeIteration(398)) - Utilization for node f95c4044-5f62-4b3a-b7cc-29d983bb2122 with capacity 115427246080B, used 46170898432B, and remaining 69256347648B is 0.4
2023-07-25 18:54:27,230 [main] DEBUG balancer.ContainerBalancerTask (ContainerBalancerTask.java:initializeIteration(398)) - Utilization for node 2823476b-c730-4ffc-9edd-0de828e33b70 with capacity 157482134186B, used 47244640256B, and remaining 110237493930B is 0.30000000000127
2023-07-25 18:54:27,230 [main] DEBUG balancer.ContainerBalancerTask (ContainerBalancerTask.java:initializeIteration(398)) - Utilization for node 172ac733-848a-4c1a-b29f-c31a8ea28b2d with capacity 155692564480B, used 31138512896B, and remaining 124554051584B is 0.2
2023-07-25 18:54:27,230 [main] DEBUG balancer.ContainerBalancerTask (ContainerBalancerTask.java:initializeIteration(398)) - Utilization for node 3714b556-f08c-429b-a45a-c1fec7909144 with capacity 279172874240B, used 27917287424B, and remaining 251255586816B is 0.1
2023-07-25 18:54:27,230 [main] DEBUG balancer.ContainerBalancerTask (ContainerBalancerTask.java:initializeIteration(398)) - Utilization for node 41bc9aaf-10e4-4d84-a667-5bf1b8dcca05 with capacity 17179869184B, used 0B, and remaining 17179869184B is 0.0
2023-07-25 18:54:27,230 [main] INFO  balancer.ContainerBalancerTask (ContainerBalancerTask.java:initializeIteration(447)) - Container Balancer has identified 5 Over-Utilized and 3 Under-Utilized Datanodes that need to be balanced.
2023-07-25 18:54:27,230 [main] DEBUG balancer.ContainerBalancerTask (ContainerBalancerTask.java:lambda$initializeIteration$1(453)) - Datanode localhost-28.2.157.206 efe09bbb-8dca-4450-9ca7-ac8fbaddc183 is Over-Utilized.
2023-07-25 18:54:27,230 [main] DEBUG balancer.ContainerBalancerTask (ContainerBalancerTask.java:lambda$initializeIteration$1(453)) - Datanode localhost-168.90.76.186 bb217321-35a6-461e-8dcb-59c0e6d1f087 is Over-Utilized.
2023-07-25 18:54:27,230 [main] DEBUG balancer.ContainerBalancerTask (ContainerBalancerTask.java:lambda$initializeIteration$1(453)) - Datanode localhost-60.214.206.178 8ee38930-226c-4e30-8a85-7cda98914388 is Over-Utilized.
2023-07-25 18:54:27,231 [main] DEBUG balancer.ContainerBalancerTask (ContainerBalancerTask.java:lambda$initializeIteration$1(453)) - Datanode localhost-233.3.33.88 48eadb90-39d4-49b6-bb8a-82187ad33506 is Over-Utilized.
2023-07-25 18:54:27,231 [main] DEBUG balancer.ContainerBalancerTask (ContainerBalancerTask.java:lambda$initializeIteration$1(453)) - Datanode localhost-114.66.7.156 d91ba881-5150-4e37-ac0c-1c23cef8f30d is Over-Utilized.
2023-07-25 18:54:27,231 [main] DEBUG balancer.ContainerBalancerTask (ContainerBalancerTask.java:lambda$initializeIteration$2(459)) - Datanode localhost-237.86.0.39 41bc9aaf-10e4-4d84-a667-5bf1b8dcca05 is Under-Utilized.
2023-07-25 18:54:27,231 [main] DEBUG balancer.ContainerBalancerTask (ContainerBalancerTask.java:lambda$initializeIteration$2(459)) - Datanode localhost-46.225.202.167 3714b556-f08c-429b-a45a-c1fec7909144 is Under-Utilized.
2023-07-25 18:54:27,231 [main] DEBUG balancer.ContainerBalancerTask (ContainerBalancerTask.java:lambda$initializeIteration$2(459)) - Datanode localhost-138.142.176.25 172ac733-848a-4c1a-b29f-c31a8ea28b2d is Under-Utilized.
2023-07-25 18:54:27,233 [main] DEBUG balancer.ContainerBalancerTask (ContainerBalancerTask.java:matchSourceWithTarget(708)) - ContainerBalancer is finding suitable target for source datanode efe09bbb-8dca-4450-9ca7-ac8fbaddc183
2023-07-25 18:54:27,233 [main] INFO  balancer.ContainerBalancerTask (ContainerBalancerTask.java:matchSourceWithTarget(722)) - ContainerBalancer matched source datanode efe09bbb-8dca-4450-9ca7-ac8fbaddc183 with target datanode 41bc9aaf-10e4-4d84-a667-5bf1b8dcca05 for container move.
2023-07-25 18:54:27,234 [main] INFO  balancer.ContainerBalancerTask (ContainerBalancerTask.java:processMoveSelection(569)) - ContainerBalancer is trying to move container #85 with size 5368709120B from source datanode efe09bbb-8dca-4450-9ca7-ac8fbaddc183 to target datanode 41bc9aaf-10e4-4d84-a667-5bf1b8dcca05
2023-07-25 18:54:27,234 [main] DEBUG balancer.ContainerBalancerTask (ContainerBalancerTask.java:lambda$moveContainer$3(837)) - Container move completed for container #85 from source efe09bbb-8dca-4450-9ca7-ac8fbaddc183 to target 41bc9aaf-10e4-4d84-a667-5bf1b8dcca05
2023-07-25 18:54:27,234 [main] DEBUG balancer.ContainerBalancerTask (ContainerBalancerTask.java:adaptOnReachingIterationLimits(782)) - Reached max datanodes to involve limit. 2 datanodes have already been selected for balancing and the limit is 2. Only already selected sources and targets can be involved in balancing now.
2023-07-25 18:54:27,237 [main] DEBUG balancer.ContainerBalancerTask (ContainerBalancerTask.java:matchSourceWithTarget(708)) - ContainerBalancer is finding suitable target for source datanode efe09bbb-8dca-4450-9ca7-ac8fbaddc183
2023-07-25 18:54:27,237 [main] INFO  balancer.ContainerBalancerTask (ContainerBalancerTask.java:matchSourceWithTarget(722)) - ContainerBalancer matched source datanode efe09bbb-8dca-4450-9ca7-ac8fbaddc183 with target datanode 41bc9aaf-10e4-4d84-a667-5bf1b8dcca05 for container move.
2023-07-25 18:54:27,238 [main] INFO  balancer.ContainerBalancerTask (ContainerBalancerTask.java:processMoveSelection(569)) - ContainerBalancer is trying to move container #87 with size 2147483648B from source datanode efe09bbb-8dca-4450-9ca7-ac8fbaddc183 to target datanode 41bc9aaf-10e4-4d84-a667-5bf1b8dcca05
2023-07-25 18:54:27,238 [main] DEBUG balancer.ContainerBalancerTask (ContainerBalancerTask.java:lambda$moveContainer$3(837)) - Container move completed for container #87 from source efe09bbb-8dca-4450-9ca7-ac8fbaddc183 to target 41bc9aaf-10e4-4d84-a667-5bf1b8dcca05
2023-07-25 18:54:27,240 [main] DEBUG balancer.ContainerBalancerTask (ContainerBalancerTask.java:matchSourceWithTarget(708)) - ContainerBalancer is finding suitable target for source datanode efe09bbb-8dca-4450-9ca7-ac8fbaddc183
2023-07-25 18:54:27,241 [main] INFO  balancer.FindTargetGreedyByUsageInfo (AbstractFindTargetGreedy.java:findTargetForContainerMove(133)) - Container Balancer could not find a target for source datanode efe09bbb-8dca-4450-9ca7-ac8fbaddc183
2023-07-25 18:54:27,241 [main] DEBUG balancer.ContainerBalancerTask (ContainerBalancerTask.java:matchSourceWithTarget(717)) - ContainerBalancer could not find a suitable target for source node efe09bbb-8dca-4450-9ca7-ac8fbaddc183.
2023-07-25 18:54:27,242 [main] INFO  balancer.FindSourceGreedy (FindSourceGreedy.java:getNextCandidateSourceDataNode(126)) - no more candidate source data node
2023-07-25 18:54:27,242 [main] INFO  balancer.ContainerBalancerTask (ContainerBalancerTask.java:checkIterationMoveResults(642)) - Iteration Summary. Number of Datanodes involved: 2. Size moved: 7 GB (7516192768 Bytes). Number of Container moves completed: 2.
2023-07-25 18:54:27,242 [main] INFO  balancer.ContainerBalancerTask (ContainerBalancerTask.java:balance(259)) - Result of this iteration of Container Balancer: ITERATION_COMPLETED
2023-07-25 18:54:27,244 [main] DEBUG balancer.ContainerBalancerTask (ContainerBalancerTask.java:initializeIteration(374)) - Average utilization of the cluster is 0.3605221061903549
2023-07-25 18:54:27,244 [main] DEBUG balancer.ContainerBalancerTask (ContainerBalancerTask.java:initializeIteration(386)) - Lower limit for utilization is 0.2605221061903549 and Upper limit for utilization is 0.46052210619035494
2023-07-25 18:54:27,244 [main] DEBUG balancer.ContainerBalancerTask (ContainerBalancerTask.java:initializeIteration(398)) - Utilization for node efe09bbb-8dca-4450-9ca7-ac8fbaddc183 with capacity 54880137671B, used 49392123904B, and remaining 5488013767B is 0.9000000000018221
2023-07-25 18:54:27,244 [main] DEBUG balancer.ContainerBalancerTask (ContainerBalancerTask.java:initializeIteration(398)) - Utilization for node bb217321-35a6-461e-8dcb-59c0e6d1f087 with capacity 57713623040B, used 46170898432B, and remaining 11542724608B is 0.8
2023-07-25 18:54:27,244 [main] DEBUG balancer.ContainerBalancerTask (ContainerBalancerTask.java:initializeIteration(398)) - Utilization for node 8ee38930-226c-4e30-8a85-7cda98914388 with capacity 58288841874B, used 40802189312B, and remaining 17486652562B is 0.7000000000034312
2023-07-25 18:54:27,244 [main] DEBUG balancer.ContainerBalancerTask (ContainerBalancerTask.java:initializeIteration(398)) - Utilization for node 48eadb90-39d4-49b6-bb8a-82187ad33506 with capacity 78741067093B, used 47244640256B, and remaining 31496426837B is 0.60000000000254
2023-07-25 18:54:27,244 [main] DEBUG balancer.ContainerBalancerTask (ContainerBalancerTask.java:initializeIteration(398)) - Utilization for node d91ba881-5150-4e37-ac0c-1c23cef8f30d with capacity 109521666048B, used 54760833024B, and remaining 54760833024B is 0.5
2023-07-25 18:54:27,244 [main] DEBUG balancer.ContainerBalancerTask (ContainerBalancerTask.java:initializeIteration(398)) - Utilization for node f95c4044-5f62-4b3a-b7cc-29d983bb2122 with capacity 115427246080B, used 46170898432B, and remaining 69256347648B is 0.4
2023-07-25 18:54:27,245 [main] DEBUG balancer.ContainerBalancerTask (ContainerBalancerTask.java:initializeIteration(398)) - Utilization for node 2823476b-c730-4ffc-9edd-0de828e33b70 with capacity 157482134186B, used 47244640256B, and remaining 110237493930B is 0.30000000000127
2023-07-25 18:54:27,245 [main] DEBUG balancer.ContainerBalancerTask (ContainerBalancerTask.java:initializeIteration(398)) - Utilization for node 172ac733-848a-4c1a-b29f-c31a8ea28b2d with capacity 155692564480B, used 31138512896B, and remaining 124554051584B is 0.2
2023-07-25 18:54:27,245 [main] DEBUG balancer.ContainerBalancerTask (ContainerBalancerTask.java:initializeIteration(398)) - Utilization for node 3714b556-f08c-429b-a45a-c1fec7909144 with capacity 279172874240B, used 27917287424B, and remaining 251255586816B is 0.1
2023-07-25 18:54:27,245 [main] DEBUG balancer.ContainerBalancerTask (ContainerBalancerTask.java:initializeIteration(398)) - Utilization for node 41bc9aaf-10e4-4d84-a667-5bf1b8dcca05 with capacity 17179869184B, used 0B, and remaining 17179869184B is 0.0
2023-07-25 18:54:27,245 [main] INFO  balancer.ContainerBalancerTask (ContainerBalancerTask.java:initializeIteration(447)) - Container Balancer has identified 5 Over-Utilized and 3 Under-Utilized Datanodes that need to be balanced.
2023-07-25 18:54:27,245 [main] DEBUG balancer.ContainerBalancerTask (ContainerBalancerTask.java:lambda$initializeIteration$1(453)) - Datanode localhost-28.2.157.206 efe09bbb-8dca-4450-9ca7-ac8fbaddc183 is Over-Utilized.
2023-07-25 18:54:27,245 [main] DEBUG balancer.ContainerBalancerTask (ContainerBalancerTask.java:lambda$initializeIteration$1(453)) - Datanode localhost-168.90.76.186 bb217321-35a6-461e-8dcb-59c0e6d1f087 is Over-Utilized.
2023-07-25 18:54:27,245 [main] DEBUG balancer.ContainerBalancerTask (ContainerBalancerTask.java:lambda$initializeIteration$1(453)) - Datanode localhost-60.214.206.178 8ee38930-226c-4e30-8a85-7cda98914388 is Over-Utilized.
2023-07-25 18:54:27,245 [main] DEBUG balancer.ContainerBalancerTask (ContainerBalancerTask.java:lambda$initializeIteration$1(453)) - Datanode localhost-233.3.33.88 48eadb90-39d4-49b6-bb8a-82187ad33506 is Over-Utilized.
2023-07-25 18:54:27,245 [main] DEBUG balancer.ContainerBalancerTask (ContainerBalancerTask.java:lambda$initializeIteration$1(453)) - Datanode localhost-114.66.7.156 d91ba881-5150-4e37-ac0c-1c23cef8f30d is Over-Utilized.
2023-07-25 18:54:27,246 [main] DEBUG balancer.ContainerBalancerTask (ContainerBalancerTask.java:lambda$initializeIteration$2(459)) - Datanode localhost-237.86.0.39 41bc9aaf-10e4-4d84-a667-5bf1b8dcca05 is Under-Utilized.
2023-07-25 18:54:27,246 [main] DEBUG balancer.ContainerBalancerTask (ContainerBalancerTask.java:lambda$initializeIteration$2(459)) - Datanode localhost-46.225.202.167 3714b556-f08c-429b-a45a-c1fec7909144 is Under-Utilized.
2023-07-25 18:54:27,246 [main] DEBUG balancer.ContainerBalancerTask (ContainerBalancerTask.java:lambda$initializeIteration$2(459)) - Datanode localhost-138.142.176.25 172ac733-848a-4c1a-b29f-c31a8ea28b2d is Under-Utilized.
2023-07-25 18:54:27,248 [main] DEBUG balancer.ContainerBalancerTask (ContainerBalancerTask.java:matchSourceWithTarget(708)) - ContainerBalancer is finding suitable target for source datanode efe09bbb-8dca-4450-9ca7-ac8fbaddc183
2023-07-25 18:54:27,249 [main] INFO  balancer.ContainerBalancerTask (ContainerBalancerTask.java:matchSourceWithTarget(722)) - ContainerBalancer matched source datanode efe09bbb-8dca-4450-9ca7-ac8fbaddc183 with target datanode 41bc9aaf-10e4-4d84-a667-5bf1b8dcca05 for container move.
2023-07-25 18:54:27,249 [main] INFO  balancer.ContainerBalancerTask (ContainerBalancerTask.java:processMoveSelection(569)) - ContainerBalancer is trying to move container #85 with size 5368709120B from source datanode efe09bbb-8dca-4450-9ca7-ac8fbaddc183 to target datanode 41bc9aaf-10e4-4d84-a667-5bf1b8dcca05
2023-07-25 18:54:27,249 [main] DEBUG balancer.ContainerBalancerTask (ContainerBalancerTask.java:lambda$moveContainer$3(837)) - Container move completed for container #85 from source efe09bbb-8dca-4450-9ca7-ac8fbaddc183 to target 41bc9aaf-10e4-4d84-a667-5bf1b8dcca05
2023-07-25 18:54:27,249 [main] DEBUG balancer.ContainerBalancerTask (ContainerBalancerTask.java:adaptOnReachingIterationLimits(782)) - Reached max datanodes to involve limit. 2 datanodes have already been selected for balancing and the limit is 2. Only already selected sources and targets can be involved in balancing now.
2023-07-25 18:54:27,252 [main] DEBUG balancer.ContainerBalancerTask (ContainerBalancerTask.java:matchSourceWithTarget(708)) - ContainerBalancer is finding suitable target for source datanode efe09bbb-8dca-4450-9ca7-ac8fbaddc183
2023-07-25 18:54:27,252 [main] INFO  balancer.ContainerBalancerTask (ContainerBalancerTask.java:matchSourceWithTarget(722)) - ContainerBalancer matched source datanode efe09bbb-8dca-4450-9ca7-ac8fbaddc183 with target datanode 41bc9aaf-10e4-4d84-a667-5bf1b8dcca05 for container move.
2023-07-25 18:54:27,252 [main] INFO  balancer.ContainerBalancerTask (ContainerBalancerTask.java:processMoveSelection(569)) - ContainerBalancer is trying to move container #87 with size 2147483648B from source datanode efe09bbb-8dca-4450-9ca7-ac8fbaddc183 to target datanode 41bc9aaf-10e4-4d84-a667-5bf1b8dcca05
2023-07-25 18:54:27,253 [main] DEBUG balancer.ContainerBalancerTask (ContainerBalancerTask.java:lambda$moveContainer$3(837)) - Container move completed for container #87 from source efe09bbb-8dca-4450-9ca7-ac8fbaddc183 to target 41bc9aaf-10e4-4d84-a667-5bf1b8dcca05
2023-07-25 18:54:27,255 [main] DEBUG balancer.ContainerBalancerTask (ContainerBalancerTask.java:matchSourceWithTarget(708)) - ContainerBalancer is finding suitable target for source datanode efe09bbb-8dca-4450-9ca7-ac8fbaddc183
2023-07-25 18:54:27,256 [main] INFO  balancer.FindTargetGreedyByUsageInfo (AbstractFindTargetGreedy.java:findTargetForContainerMove(133)) - Container Balancer could not find a target for source datanode efe09bbb-8dca-4450-9ca7-ac8fbaddc183
2023-07-25 18:54:27,256 [main] DEBUG balancer.ContainerBalancerTask (ContainerBalancerTask.java:matchSourceWithTarget(717)) - ContainerBalancer could not find a suitable target for source node efe09bbb-8dca-4450-9ca7-ac8fbaddc183.
2023-07-25 18:54:27,256 [main] INFO  balancer.FindSourceGreedy (FindSourceGreedy.java:getNextCandidateSourceDataNode(126)) - no more candidate source data node
2023-07-25 18:54:27,256 [main] INFO  balancer.ContainerBalancerTask (ContainerBalancerTask.java:checkIterationMoveResults(642)) - Iteration Summary. Number of Datanodes involved: 2. Size moved: 7 GB (7516192768 Bytes). Number of Container moves completed: 2.
2023-07-25 18:54:27,257 [main] INFO  balancer.ContainerBalancerTask (ContainerBalancerTask.java:balance(259)) - Result of this iteration of Container Balancer: ITERATION_COMPLETED
2023-07-25 18:54:27,258 [main] DEBUG balancer.ContainerBalancerTask (ContainerBalancerTask.java:initializeIteration(374)) - Average utilization of the cluster is 0.3605221061903549
2023-07-25 18:54:27,259 [main] DEBUG balancer.ContainerBalancerTask (ContainerBalancerTask.java:initializeIteration(386)) - Lower limit for utilization is 0.2605221061903549 and Upper limit for utilization is 0.46052210619035494
2023-07-25 18:54:27,259 [main] DEBUG balancer.ContainerBalancerTask (ContainerBalancerTask.java:initializeIteration(398)) - Utilization for node efe09bbb-8dca-4450-9ca7-ac8fbaddc183 with capacity 54880137671B, used 49392123904B, and remaining 5488013767B is 0.9000000000018221
2023-07-25 18:54:27,259 [main] DEBUG balancer.ContainerBalancerTask (ContainerBalancerTask.java:initializeIteration(398)) - Utilization for node bb217321-35a6-461e-8dcb-59c0e6d1f087 with capacity 57713623040B, used 46170898432B, and remaining 11542724608B is 0.8
2023-07-25 18:54:27,259 [main] DEBUG balancer.ContainerBalancerTask (ContainerBalancerTask.java:initializeIteration(398)) - Utilization for node 8ee38930-226c-4e30-8a85-7cda98914388 with capacity 58288841874B, used 40802189312B, and remaining 17486652562B is 0.7000000000034312
2023-07-25 18:54:27,259 [main] DEBUG balancer.ContainerBalancerTask (ContainerBalancerTask.java:initializeIteration(398)) - Utilization for node 48eadb90-39d4-49b6-bb8a-82187ad33506 with capacity 78741067093B, used 47244640256B, and remaining 31496426837B is 0.60000000000254
2023-07-25 18:54:27,259 [main] DEBUG balancer.ContainerBalancerTask (ContainerBalancerTask.java:initializeIteration(398)) - Utilization for node d91ba881-5150-4e37-ac0c-1c23cef8f30d with capacity 109521666048B, used 54760833024B, and remaining 54760833024B is 0.5
2023-07-25 18:54:27,259 [main] DEBUG balancer.ContainerBalancerTask (ContainerBalancerTask.java:initializeIteration(398)) - Utilization for node f95c4044-5f62-4b3a-b7cc-29d983bb2122 with capacity 115427246080B, used 46170898432B, and remaining 69256347648B is 0.4
2023-07-25 18:54:27,259 [main] DEBUG balancer.ContainerBalancerTask (ContainerBalancerTask.java:initializeIteration(398)) - Utilization for node 2823476b-c730-4ffc-9edd-0de828e33b70 with capacity 157482134186B, used 47244640256B, and remaining 110237493930B is 0.30000000000127
2023-07-25 18:54:27,259 [main] DEBUG balancer.ContainerBalancerTask (ContainerBalancerTask.java:initializeIteration(398)) - Utilization for node 172ac733-848a-4c1a-b29f-c31a8ea28b2d with capacity 155692564480B, used 31138512896B, and remaining 124554051584B is 0.2
2023-07-25 18:54:27,260 [main] DEBUG balancer.ContainerBalancerTask (ContainerBalancerTask.java:initializeIteration(398)) - Utilization for node 3714b556-f08c-429b-a45a-c1fec7909144 with capacity 279172874240B, used 27917287424B, and remaining 251255586816B is 0.1
2023-07-25 18:54:27,260 [main] DEBUG balancer.ContainerBalancerTask (ContainerBalancerTask.java:initializeIteration(398)) - Utilization for node 41bc9aaf-10e4-4d84-a667-5bf1b8dcca05 with capacity 17179869184B, used 0B, and remaining 17179869184B is 0.0
2023-07-25 18:54:27,260 [main] INFO  balancer.ContainerBalancerTask (ContainerBalancerTask.java:initializeIteration(447)) - Container Balancer has identified 5 Over-Utilized and 3 Under-Utilized Datanodes that need to be balanced.
2023-07-25 18:54:27,260 [main] DEBUG balancer.ContainerBalancerTask (ContainerBalancerTask.java:lambda$initializeIteration$1(453)) - Datanode localhost-28.2.157.206 efe09bbb-8dca-4450-9ca7-ac8fbaddc183 is Over-Utilized.
2023-07-25 18:54:27,260 [main] DEBUG balancer.ContainerBalancerTask (ContainerBalancerTask.java:lambda$initializeIteration$1(453)) - Datanode localhost-168.90.76.186 bb217321-35a6-461e-8dcb-59c0e6d1f087 is Over-Utilized.
2023-07-25 18:54:27,260 [main] DEBUG balancer.ContainerBalancerTask (ContainerBalancerTask.java:lambda$initializeIteration$1(453)) - Datanode localhost-60.214.206.178 8ee38930-226c-4e30-8a85-7cda98914388 is Over-Utilized.
2023-07-25 18:54:27,260 [main] DEBUG balancer.ContainerBalancerTask (ContainerBalancerTask.java:lambda$initializeIteration$1(453)) - Datanode localhost-233.3.33.88 48eadb90-39d4-49b6-bb8a-82187ad33506 is Over-Utilized.
2023-07-25 18:54:27,260 [main] DEBUG balancer.ContainerBalancerTask (ContainerBalancerTask.java:lambda$initializeIteration$1(453)) - Datanode localhost-114.66.7.156 d91ba881-5150-4e37-ac0c-1c23cef8f30d is Over-Utilized.
2023-07-25 18:54:27,260 [main] DEBUG balancer.ContainerBalancerTask (ContainerBalancerTask.java:lambda$initializeIteration$2(459)) - Datanode localhost-237.86.0.39 41bc9aaf-10e4-4d84-a667-5bf1b8dcca05 is Under-Utilized.
2023-07-25 18:54:27,260 [main] DEBUG balancer.ContainerBalancerTask (ContainerBalancerTask.java:lambda$initializeIteration$2(459)) - Datanode localhost-46.225.202.167 3714b556-f08c-429b-a45a-c1fec7909144 is Under-Utilized.
2023-07-25 18:54:27,260 [main] DEBUG balancer.ContainerBalancerTask (ContainerBalancerTask.java:lambda$initializeIteration$2(459)) - Datanode localhost-138.142.176.25 172ac733-848a-4c1a-b29f-c31a8ea28b2d is Under-Utilized.
2023-07-25 18:54:27,263 [main] DEBUG balancer.ContainerBalancerTask (ContainerBalancerTask.java:matchSourceWithTarget(708)) - ContainerBalancer is finding suitable target for source datanode efe09bbb-8dca-4450-9ca7-ac8fbaddc183
2023-07-25 18:54:27,263 [main] INFO  balancer.ContainerBalancerTask (ContainerBalancerTask.java:matchSourceWithTarget(722)) - ContainerBalancer matched source datanode efe09bbb-8dca-4450-9ca7-ac8fbaddc183 with target datanode 41bc9aaf-10e4-4d84-a667-5bf1b8dcca05 for container move.
2023-07-25 18:54:27,263 [main] INFO  balancer.ContainerBalancerTask (ContainerBalancerTask.java:processMoveSelection(569)) - ContainerBalancer is trying to move container #85 with size 5368709120B from source datanode efe09bbb-8dca-4450-9ca7-ac8fbaddc183 to target datanode 41bc9aaf-10e4-4d84-a667-5bf1b8dcca05
2023-07-25 18:54:27,263 [main] DEBUG balancer.ContainerBalancerTask (ContainerBalancerTask.java:lambda$moveContainer$3(837)) - Container move completed for container #85 from source efe09bbb-8dca-4450-9ca7-ac8fbaddc183 to target 41bc9aaf-10e4-4d84-a667-5bf1b8dcca05
2023-07-25 18:54:27,263 [main] DEBUG balancer.ContainerBalancerTask (ContainerBalancerTask.java:adaptOnReachingIterationLimits(782)) - Reached max datanodes to involve limit. 2 datanodes have already been selected for balancing and the limit is 2. Only already selected sources and targets can be involved in balancing now.
2023-07-25 18:54:27,266 [main] DEBUG balancer.ContainerBalancerTask (ContainerBalancerTask.java:matchSourceWithTarget(708)) - ContainerBalancer is finding suitable target for source datanode efe09bbb-8dca-4450-9ca7-ac8fbaddc183
2023-07-25 18:54:27,266 [main] INFO  balancer.ContainerBalancerTask (ContainerBalancerTask.java:matchSourceWithTarget(722)) - ContainerBalancer matched source datanode efe09bbb-8dca-4450-9ca7-ac8fbaddc183 with target datanode 41bc9aaf-10e4-4d84-a667-5bf1b8dcca05 for container move.
2023-07-25 18:54:27,267 [main] INFO  balancer.ContainerBalancerTask (ContainerBalancerTask.java:processMoveSelection(569)) - ContainerBalancer is trying to move container #87 with size 2147483648B from source datanode efe09bbb-8dca-4450-9ca7-ac8fbaddc183 to target datanode 41bc9aaf-10e4-4d84-a667-5bf1b8dcca05
2023-07-25 18:54:27,267 [main] DEBUG balancer.ContainerBalancerTask (ContainerBalancerTask.java:lambda$moveContainer$3(837)) - Container move completed for container #87 from source efe09bbb-8dca-4450-9ca7-ac8fbaddc183 to target 41bc9aaf-10e4-4d84-a667-5bf1b8dcca05
2023-07-25 18:54:27,269 [main] DEBUG balancer.ContainerBalancerTask (ContainerBalancerTask.java:matchSourceWithTarget(708)) - ContainerBalancer is finding suitable target for source datanode efe09bbb-8dca-4450-9ca7-ac8fbaddc183
2023-07-25 18:54:27,270 [main] INFO  balancer.FindTargetGreedyByUsageInfo (AbstractFindTargetGreedy.java:findTargetForContainerMove(133)) - Container Balancer could not find a target for source datanode efe09bbb-8dca-4450-9ca7-ac8fbaddc183
2023-07-25 18:54:27,270 [main] DEBUG balancer.ContainerBalancerTask (ContainerBalancerTask.java:matchSourceWithTarget(717)) - ContainerBalancer could not find a suitable target for source node efe09bbb-8dca-4450-9ca7-ac8fbaddc183.
2023-07-25 18:54:27,270 [main] INFO  balancer.FindSourceGreedy (FindSourceGreedy.java:getNextCandidateSourceDataNode(126)) - no more candidate source data node
2023-07-25 18:54:27,270 [main] INFO  balancer.ContainerBalancerTask (ContainerBalancerTask.java:checkIterationMoveResults(642)) - Iteration Summary. Number of Datanodes involved: 2. Size moved: 7 GB (7516192768 Bytes). Number of Container moves completed: 2.
2023-07-25 18:54:27,270 [main] INFO  balancer.ContainerBalancerTask (ContainerBalancerTask.java:balance(259)) - Result of this iteration of Container Balancer: ITERATION_COMPLETED
2023-07-25 18:54:27,272 [main] DEBUG balancer.ContainerBalancerTask (ContainerBalancerTask.java:initializeIteration(374)) - Average utilization of the cluster is 0.3605221061903549
2023-07-25 18:54:27,272 [main] DEBUG balancer.ContainerBalancerTask (ContainerBalancerTask.java:initializeIteration(386)) - Lower limit for utilization is 0.2605221061903549 and Upper limit for utilization is 0.46052210619035494
2023-07-25 18:54:27,272 [main] DEBUG balancer.ContainerBalancerTask (ContainerBalancerTask.java:initializeIteration(398)) - Utilization for node efe09bbb-8dca-4450-9ca7-ac8fbaddc183 with capacity 54880137671B, used 49392123904B, and remaining 5488013767B is 0.9000000000018221
2023-07-25 18:54:27,273 [main] DEBUG balancer.ContainerBalancerTask (ContainerBalancerTask.java:initializeIteration(398)) - Utilization for node bb217321-35a6-461e-8dcb-59c0e6d1f087 with capacity 57713623040B, used 46170898432B, and remaining 11542724608B is 0.8
2023-07-25 18:54:27,273 [main] DEBUG balancer.ContainerBalancerTask (ContainerBalancerTask.java:initializeIteration(398)) - Utilization for node 8ee38930-226c-4e30-8a85-7cda98914388 with capacity 58288841874B, used 40802189312B, and remaining 17486652562B is 0.7000000000034312
2023-07-25 18:54:27,273 [main] DEBUG balancer.ContainerBalancerTask (ContainerBalancerTask.java:initializeIteration(398)) - Utilization for node 48eadb90-39d4-49b6-bb8a-82187ad33506 with capacity 78741067093B, used 47244640256B, and remaining 31496426837B is 0.60000000000254
2023-07-25 18:54:27,273 [main] DEBUG balancer.ContainerBalancerTask (ContainerBalancerTask.java:initializeIteration(398)) - Utilization for node d91ba881-5150-4e37-ac0c-1c23cef8f30d with capacity 109521666048B, used 54760833024B, and remaining 54760833024B is 0.5
2023-07-25 18:54:27,273 [main] DEBUG balancer.ContainerBalancerTask (ContainerBalancerTask.java:initializeIteration(398)) - Utilization for node f95c4044-5f62-4b3a-b7cc-29d983bb2122 with capacity 115427246080B, used 46170898432B, and remaining 69256347648B is 0.4
2023-07-25 18:54:27,273 [main] DEBUG balancer.ContainerBalancerTask (ContainerBalancerTask.java:initializeIteration(398)) - Utilization for node 2823476b-c730-4ffc-9edd-0de828e33b70 with capacity 157482134186B, used 47244640256B, and remaining 110237493930B is 0.30000000000127
2023-07-25 18:54:27,273 [main] DEBUG balancer.ContainerBalancerTask (ContainerBalancerTask.java:initializeIteration(398)) - Utilization for node 172ac733-848a-4c1a-b29f-c31a8ea28b2d with capacity 155692564480B, used 31138512896B, and remaining 124554051584B is 0.2
2023-07-25 18:54:27,273 [main] DEBUG balancer.ContainerBalancerTask (ContainerBalancerTask.java:initializeIteration(398)) - Utilization for node 3714b556-f08c-429b-a45a-c1fec7909144 with capacity 279172874240B, used 27917287424B, and remaining 251255586816B is 0.1
2023-07-25 18:54:27,273 [main] DEBUG balancer.ContainerBalancerTask (ContainerBalancerTask.java:initializeIteration(398)) - Utilization for node 41bc9aaf-10e4-4d84-a667-5bf1b8dcca05 with capacity 17179869184B, used 0B, and remaining 17179869184B is 0.0
2023-07-25 18:54:27,274 [main] INFO  balancer.ContainerBalancerTask (ContainerBalancerTask.java:initializeIteration(447)) - Container Balancer has identified 5 Over-Utilized and 3 Under-Utilized Datanodes that need to be balanced.
2023-07-25 18:54:27,274 [main] DEBUG balancer.ContainerBalancerTask (ContainerBalancerTask.java:lambda$initializeIteration$1(453)) - Datanode localhost-28.2.157.206 efe09bbb-8dca-4450-9ca7-ac8fbaddc183 is Over-Utilized.
2023-07-25 18:54:27,274 [main] DEBUG balancer.ContainerBalancerTask (ContainerBalancerTask.java:lambda$initializeIteration$1(453)) - Datanode localhost-168.90.76.186 bb217321-35a6-461e-8dcb-59c0e6d1f087 is Over-Utilized.
2023-07-25 18:54:27,274 [main] DEBUG balancer.ContainerBalancerTask (ContainerBalancerTask.java:lambda$initializeIteration$1(453)) - Datanode localhost-60.214.206.178 8ee38930-226c-4e30-8a85-7cda98914388 is Over-Utilized.
2023-07-25 18:54:27,274 [main] DEBUG balancer.ContainerBalancerTask (ContainerBalancerTask.java:lambda$initializeIteration$1(453)) - Datanode localhost-233.3.33.88 48eadb90-39d4-49b6-bb8a-82187ad33506 is Over-Utilized.
2023-07-25 18:54:27,274 [main] DEBUG balancer.ContainerBalancerTask (ContainerBalancerTask.java:lambda$initializeIteration$1(453)) - Datanode localhost-114.66.7.156 d91ba881-5150-4e37-ac0c-1c23cef8f30d is Over-Utilized.
2023-07-25 18:54:27,274 [main] DEBUG balancer.ContainerBalancerTask (ContainerBalancerTask.java:lambda$initializeIteration$2(459)) - Datanode localhost-237.86.0.39 41bc9aaf-10e4-4d84-a667-5bf1b8dcca05 is Under-Utilized.
2023-07-25 18:54:27,274 [main] DEBUG balancer.ContainerBalancerTask (ContainerBalancerTask.java:lambda$initializeIteration$2(459)) - Datanode localhost-46.225.202.167 3714b556-f08c-429b-a45a-c1fec7909144 is Under-Utilized.
2023-07-25 18:54:27,274 [main] DEBUG balancer.ContainerBalancerTask (ContainerBalancerTask.java:lambda$initializeIteration$2(459)) - Datanode localhost-138.142.176.25 172ac733-848a-4c1a-b29f-c31a8ea28b2d is Under-Utilized.
2023-07-25 18:54:27,277 [main] DEBUG balancer.ContainerBalancerTask (ContainerBalancerTask.java:matchSourceWithTarget(708)) - ContainerBalancer is finding suitable target for source datanode efe09bbb-8dca-4450-9ca7-ac8fbaddc183
2023-07-25 18:54:27,277 [main] INFO  balancer.ContainerBalancerTask (ContainerBalancerTask.java:matchSourceWithTarget(722)) - ContainerBalancer matched source datanode efe09bbb-8dca-4450-9ca7-ac8fbaddc183 with target datanode 41bc9aaf-10e4-4d84-a667-5bf1b8dcca05 for container move.
2023-07-25 18:54:27,277 [main] INFO  balancer.ContainerBalancerTask (ContainerBalancerTask.java:processMoveSelection(569)) - ContainerBalancer is trying to move container #85 with size 5368709120B from source datanode efe09bbb-8dca-4450-9ca7-ac8fbaddc183 to target datanode 41bc9aaf-10e4-4d84-a667-5bf1b8dcca05
2023-07-25 18:54:27,277 [main] DEBUG balancer.ContainerBalancerTask (ContainerBalancerTask.java:lambda$moveContainer$3(837)) - Container move completed for container #85 from source efe09bbb-8dca-4450-9ca7-ac8fbaddc183 to target 41bc9aaf-10e4-4d84-a667-5bf1b8dcca05
2023-07-25 18:54:27,278 [main] DEBUG balancer.ContainerBalancerTask (ContainerBalancerTask.java:adaptOnReachingIterationLimits(782)) - Reached max datanodes to involve limit. 2 datanodes have already been selected for balancing and the limit is 2. Only already selected sources and targets can be involved in balancing now.
2023-07-25 18:54:27,280 [main] DEBUG balancer.ContainerBalancerTask (ContainerBalancerTask.java:matchSourceWithTarget(708)) - ContainerBalancer is finding suitable target for source datanode efe09bbb-8dca-4450-9ca7-ac8fbaddc183
2023-07-25 18:54:27,281 [main] INFO  balancer.ContainerBalancerTask (ContainerBalancerTask.java:matchSourceWithTarget(722)) - ContainerBalancer matched source datanode efe09bbb-8dca-4450-9ca7-ac8fbaddc183 with target datanode 41bc9aaf-10e4-4d84-a667-5bf1b8dcca05 for container move.
2023-07-25 18:54:27,281 [main] INFO  balancer.ContainerBalancerTask (ContainerBalancerTask.java:processMoveSelection(569)) - ContainerBalancer is trying to move container #87 with size 2147483648B from source datanode efe09bbb-8dca-4450-9ca7-ac8fbaddc183 to target datanode 41bc9aaf-10e4-4d84-a667-5bf1b8dcca05
2023-07-25 18:54:27,281 [main] DEBUG balancer.ContainerBalancerTask (ContainerBalancerTask.java:lambda$moveContainer$3(837)) - Container move completed for container #87 from source efe09bbb-8dca-4450-9ca7-ac8fbaddc183 to target 41bc9aaf-10e4-4d84-a667-5bf1b8dcca05
2023-07-25 18:54:27,283 [main] DEBUG balancer.ContainerBalancerTask (ContainerBalancerTask.java:matchSourceWithTarget(708)) - ContainerBalancer is finding suitable target for source datanode efe09bbb-8dca-4450-9ca7-ac8fbaddc183
2023-07-25 18:54:27,284 [main] INFO  balancer.FindTargetGreedyByUsageInfo (AbstractFindTargetGreedy.java:findTargetForContainerMove(133)) - Container Balancer could not find a target for source datanode efe09bbb-8dca-4450-9ca7-ac8fbaddc183
2023-07-25 18:54:27,284 [main] DEBUG balancer.ContainerBalancerTask (ContainerBalancerTask.java:matchSourceWithTarget(717)) - ContainerBalancer could not find a suitable target for source node efe09bbb-8dca-4450-9ca7-ac8fbaddc183.
2023-07-25 18:54:27,284 [main] INFO  balancer.FindSourceGreedy (FindSourceGreedy.java:getNextCandidateSourceDataNode(126)) - no more candidate source data node
2023-07-25 18:54:27,284 [main] INFO  balancer.ContainerBalancerTask (ContainerBalancerTask.java:checkIterationMoveResults(642)) - Iteration Summary. Number of Datanodes involved: 2. Size moved: 7 GB (7516192768 Bytes). Number of Container moves completed: 2.
2023-07-25 18:54:27,285 [main] INFO  balancer.ContainerBalancerTask (ContainerBalancerTask.java:balance(259)) - Result of this iteration of Container Balancer: ITERATION_COMPLETED
2023-07-25 18:54:27,287 [main] DEBUG balancer.ContainerBalancerTask (ContainerBalancerTask.java:initializeIteration(374)) - Average utilization of the cluster is 0.3605221061903549
2023-07-25 18:54:27,288 [main] DEBUG balancer.ContainerBalancerTask (ContainerBalancerTask.java:initializeIteration(386)) - Lower limit for utilization is 0.2605221061903549 and Upper limit for utilization is 0.46052210619035494
2023-07-25 18:54:27,288 [main] DEBUG balancer.ContainerBalancerTask (ContainerBalancerTask.java:initializeIteration(398)) - Utilization for node efe09bbb-8dca-4450-9ca7-ac8fbaddc183 with capacity 54880137671B, used 49392123904B, and remaining 5488013767B is 0.9000000000018221
2023-07-25 18:54:27,288 [main] DEBUG balancer.ContainerBalancerTask (ContainerBalancerTask.java:initializeIteration(398)) - Utilization for node bb217321-35a6-461e-8dcb-59c0e6d1f087 with capacity 57713623040B, used 46170898432B, and remaining 11542724608B is 0.8
2023-07-25 18:54:27,288 [main] DEBUG balancer.ContainerBalancerTask (ContainerBalancerTask.java:initializeIteration(398)) - Utilization for node 8ee38930-226c-4e30-8a85-7cda98914388 with capacity 58288841874B, used 40802189312B, and remaining 17486652562B is 0.7000000000034312
2023-07-25 18:54:27,288 [main] DEBUG balancer.ContainerBalancerTask (ContainerBalancerTask.java:initializeIteration(398)) - Utilization for node 48eadb90-39d4-49b6-bb8a-82187ad33506 with capacity 78741067093B, used 47244640256B, and remaining 31496426837B is 0.60000000000254
2023-07-25 18:54:27,288 [main] DEBUG balancer.ContainerBalancerTask (ContainerBalancerTask.java:initializeIteration(398)) - Utilization for node d91ba881-5150-4e37-ac0c-1c23cef8f30d with capacity 109521666048B, used 54760833024B, and remaining 54760833024B is 0.5
2023-07-25 18:54:27,289 [main] DEBUG balancer.ContainerBalancerTask (ContainerBalancerTask.java:initializeIteration(398)) - Utilization for node f95c4044-5f62-4b3a-b7cc-29d983bb2122 with capacity 115427246080B, used 46170898432B, and remaining 69256347648B is 0.4
2023-07-25 18:54:27,289 [main] DEBUG balancer.ContainerBalancerTask (ContainerBalancerTask.java:initializeIteration(398)) - Utilization for node 2823476b-c730-4ffc-9edd-0de828e33b70 with capacity 157482134186B, used 47244640256B, and remaining 110237493930B is 0.30000000000127
2023-07-25 18:54:27,289 [main] DEBUG balancer.ContainerBalancerTask (ContainerBalancerTask.java:initializeIteration(398)) - Utilization for node 172ac733-848a-4c1a-b29f-c31a8ea28b2d with capacity 155692564480B, used 31138512896B, and remaining 124554051584B is 0.2
2023-07-25 18:54:27,289 [main] DEBUG balancer.ContainerBalancerTask (ContainerBalancerTask.java:initializeIteration(398)) - Utilization for node 3714b556-f08c-429b-a45a-c1fec7909144 with capacity 279172874240B, used 27917287424B, and remaining 251255586816B is 0.1
2023-07-25 18:54:27,289 [main] DEBUG balancer.ContainerBalancerTask (ContainerBalancerTask.java:initializeIteration(398)) - Utilization for node 41bc9aaf-10e4-4d84-a667-5bf1b8dcca05 with capacity 17179869184B, used 0B, and remaining 17179869184B is 0.0
2023-07-25 18:54:27,290 [main] INFO  balancer.ContainerBalancerTask (ContainerBalancerTask.java:initializeIteration(447)) - Container Balancer has identified 5 Over-Utilized and 3 Under-Utilized Datanodes that need to be balanced.
2023-07-25 18:54:27,290 [main] DEBUG balancer.ContainerBalancerTask (ContainerBalancerTask.java:lambda$initializeIteration$1(453)) - Datanode localhost-28.2.157.206 efe09bbb-8dca-4450-9ca7-ac8fbaddc183 is Over-Utilized.
2023-07-25 18:54:27,290 [main] DEBUG balancer.ContainerBalancerTask (ContainerBalancerTask.java:lambda$initializeIteration$1(453)) - Datanode localhost-168.90.76.186 bb217321-35a6-461e-8dcb-59c0e6d1f087 is Over-Utilized.
2023-07-25 18:54:27,290 [main] DEBUG balancer.ContainerBalancerTask (ContainerBalancerTask.java:lambda$initializeIteration$1(453)) - Datanode localhost-60.214.206.178 8ee38930-226c-4e30-8a85-7cda98914388 is Over-Utilized.
2023-07-25 18:54:27,290 [main] DEBUG balancer.ContainerBalancerTask (ContainerBalancerTask.java:lambda$initializeIteration$1(453)) - Datanode localhost-233.3.33.88 48eadb90-39d4-49b6-bb8a-82187ad33506 is Over-Utilized.
2023-07-25 18:54:27,291 [main] DEBUG balancer.ContainerBalancerTask (ContainerBalancerTask.java:lambda$initializeIteration$1(453)) - Datanode localhost-114.66.7.156 d91ba881-5150-4e37-ac0c-1c23cef8f30d is Over-Utilized.
2023-07-25 18:54:27,291 [main] DEBUG balancer.ContainerBalancerTask (ContainerBalancerTask.java:lambda$initializeIteration$2(459)) - Datanode localhost-237.86.0.39 41bc9aaf-10e4-4d84-a667-5bf1b8dcca05 is Under-Utilized.
2023-07-25 18:54:27,291 [main] DEBUG balancer.ContainerBalancerTask (ContainerBalancerTask.java:lambda$initializeIteration$2(459)) - Datanode localhost-46.225.202.167 3714b556-f08c-429b-a45a-c1fec7909144 is Under-Utilized.
2023-07-25 18:54:27,291 [main] DEBUG balancer.ContainerBalancerTask (ContainerBalancerTask.java:lambda$initializeIteration$2(459)) - Datanode localhost-138.142.176.25 172ac733-848a-4c1a-b29f-c31a8ea28b2d is Under-Utilized.
2023-07-25 18:54:27,294 [main] DEBUG balancer.ContainerBalancerTask (ContainerBalancerTask.java:matchSourceWithTarget(708)) - ContainerBalancer is finding suitable target for source datanode efe09bbb-8dca-4450-9ca7-ac8fbaddc183
2023-07-25 18:54:27,295 [main] INFO  balancer.ContainerBalancerTask (ContainerBalancerTask.java:matchSourceWithTarget(722)) - ContainerBalancer matched source datanode efe09bbb-8dca-4450-9ca7-ac8fbaddc183 with target datanode 41bc9aaf-10e4-4d84-a667-5bf1b8dcca05 for container move.
2023-07-25 18:54:27,295 [main] INFO  balancer.ContainerBalancerTask (ContainerBalancerTask.java:processMoveSelection(569)) - ContainerBalancer is trying to move container #85 with size 5368709120B from source datanode efe09bbb-8dca-4450-9ca7-ac8fbaddc183 to target datanode 41bc9aaf-10e4-4d84-a667-5bf1b8dcca05
2023-07-25 18:54:27,295 [main] DEBUG balancer.ContainerBalancerTask (ContainerBalancerTask.java:lambda$moveContainer$3(837)) - Container move completed for container #85 from source efe09bbb-8dca-4450-9ca7-ac8fbaddc183 to target 41bc9aaf-10e4-4d84-a667-5bf1b8dcca05
2023-07-25 18:54:27,295 [main] DEBUG balancer.ContainerBalancerTask (ContainerBalancerTask.java:adaptOnReachingIterationLimits(782)) - Reached max datanodes to involve limit. 2 datanodes have already been selected for balancing and the limit is 2. Only already selected sources and targets can be involved in balancing now.
2023-07-25 18:54:27,298 [main] DEBUG balancer.ContainerBalancerTask (ContainerBalancerTask.java:matchSourceWithTarget(708)) - ContainerBalancer is finding suitable target for source datanode efe09bbb-8dca-4450-9ca7-ac8fbaddc183
2023-07-25 18:54:27,298 [main] INFO  balancer.ContainerBalancerTask (ContainerBalancerTask.java:matchSourceWithTarget(722)) - ContainerBalancer matched source datanode efe09bbb-8dca-4450-9ca7-ac8fbaddc183 with target datanode 41bc9aaf-10e4-4d84-a667-5bf1b8dcca05 for container move.
2023-07-25 18:54:27,299 [main] INFO  balancer.ContainerBalancerTask (ContainerBalancerTask.java:processMoveSelection(569)) - ContainerBalancer is trying to move container #87 with size 2147483648B from source datanode efe09bbb-8dca-4450-9ca7-ac8fbaddc183 to target datanode 41bc9aaf-10e4-4d84-a667-5bf1b8dcca05
2023-07-25 18:54:27,299 [main] DEBUG balancer.ContainerBalancerTask (ContainerBalancerTask.java:lambda$moveContainer$3(837)) - Container move completed for container #87 from source efe09bbb-8dca-4450-9ca7-ac8fbaddc183 to target 41bc9aaf-10e4-4d84-a667-5bf1b8dcca05
2023-07-25 18:54:27,301 [main] DEBUG balancer.ContainerBalancerTask (ContainerBalancerTask.java:matchSourceWithTarget(708)) - ContainerBalancer is finding suitable target for source datanode efe09bbb-8dca-4450-9ca7-ac8fbaddc183
2023-07-25 18:54:27,302 [main] INFO  balancer.FindTargetGreedyByUsageInfo (AbstractFindTargetGreedy.java:findTargetForContainerMove(133)) - Container Balancer could not find a target for source datanode efe09bbb-8dca-4450-9ca7-ac8fbaddc183
2023-07-25 18:54:27,302 [main] DEBUG balancer.ContainerBalancerTask (ContainerBalancerTask.java:matchSourceWithTarget(717)) - ContainerBalancer could not find a suitable target for source node efe09bbb-8dca-4450-9ca7-ac8fbaddc183.
2023-07-25 18:54:27,302 [main] INFO  balancer.FindSourceGreedy (FindSourceGreedy.java:getNextCandidateSourceDataNode(126)) - no more candidate source data node
2023-07-25 18:54:27,302 [main] INFO  balancer.ContainerBalancerTask (ContainerBalancerTask.java:checkIterationMoveResults(642)) - Iteration Summary. Number of Datanodes involved: 2. Size moved: 7 GB (7516192768 Bytes). Number of Container moves completed: 2.
2023-07-25 18:54:27,303 [main] INFO  balancer.ContainerBalancerTask (ContainerBalancerTask.java:balance(259)) - Result of this iteration of Container Balancer: ITERATION_COMPLETED
2023-07-25 18:54:27,303 [main] INFO  balancer.ContainerBalancerTask (ContainerBalancerTask.java:tryStopWithSaveConfiguration(308)) - Save Configuration for stopping. Reason: Completed all iterations.
]]></system-out>
  </testcase>
  <testcase name="checkIterationResult" classname="org.apache.hadoop.hdds.scm.container.balancer.TestContainerBalancerTask" time="0.148">
    <system-out><![CDATA[2023-07-25 18:54:27,329 [main] INFO  net.NodeSchemaLoader (NodeSchemaLoader.java:loadSchemaFromFile(129)) - Loading schema from [file:/home/runner/work/ozone/ozone/hadoop-hdds/common/target/classes/network-topology-default.xml]
2023-07-25 18:54:27,330 [main] INFO  net.NodeSchemaLoader (NodeSchemaLoader.java:loadSchema(176)) - Loading network topology layer schema file
2023-07-25 18:54:27,331 [main] INFO  net.NetworkTopologyImpl (NetworkTopologyImpl.java:add(112)) - Added a new node: /default-rack/b3aaf5a5-6cfa-4817-aa8d-da196ac7af55
2023-07-25 18:54:27,332 [main] INFO  net.NetworkTopologyImpl (NetworkTopologyImpl.java:add(112)) - Added a new node: /default-rack/430229a4-d258-47cd-935b-b6d4cadb17e1
2023-07-25 18:54:27,332 [main] INFO  net.NetworkTopologyImpl (NetworkTopologyImpl.java:add(112)) - Added a new node: /default-rack/c9f064c6-9b3f-4092-af4c-f54298642d86
2023-07-25 18:54:27,332 [main] INFO  net.NetworkTopologyImpl (NetworkTopologyImpl.java:add(112)) - Added a new node: /default-rack/0d727225-deb5-48dc-afdd-8cc366dc6d4b
2023-07-25 18:54:27,332 [main] INFO  net.NetworkTopologyImpl (NetworkTopologyImpl.java:add(112)) - Added a new node: /default-rack/fff4fe48-c2b5-4a5d-bcea-4918560162ef
2023-07-25 18:54:27,332 [main] INFO  net.NetworkTopologyImpl (NetworkTopologyImpl.java:add(112)) - Added a new node: /default-rack/f30e4657-3815-4cea-bdc1-31e2f08854c5
2023-07-25 18:54:27,332 [main] INFO  net.NetworkTopologyImpl (NetworkTopologyImpl.java:add(112)) - Added a new node: /default-rack/9c203f1f-e07e-41bd-8803-b6eace299174
2023-07-25 18:54:27,332 [main] INFO  net.NetworkTopologyImpl (NetworkTopologyImpl.java:add(112)) - Added a new node: /default-rack/0dbafed2-6322-43ce-bce1-695783d36f8f
2023-07-25 18:54:27,332 [main] INFO  net.NetworkTopologyImpl (NetworkTopologyImpl.java:add(112)) - Added a new node: /default-rack/ed8714d7-589d-4623-ba08-a055d6acd711
2023-07-25 18:54:27,333 [main] INFO  net.NetworkTopologyImpl (NetworkTopologyImpl.java:add(112)) - Added a new node: /default-rack/c74b410f-cfd2-4313-8f85-275ba6566a12
2023-07-25 18:54:27,333 [main] INFO  algorithms.ContainerPlacementPolicyFactory (ContainerPlacementPolicyFactory.java:getPolicyInternal(86)) - Create container placement policy of type org.apache.hadoop.hdds.scm.container.placement.algorithms.SCMContainerPlacementRackAware
2023-07-25 18:54:27,333 [main] INFO  algorithms.ContainerPlacementPolicyFactory (ContainerPlacementPolicyFactory.java:getPolicyInternal(86)) - Create container placement policy of type org.apache.hadoop.hdds.scm.container.placement.algorithms.SCMContainerPlacementRackScatter
2023-07-25 18:54:27,336 [main] DEBUG balancer.ContainerBalancerTask (ContainerBalancerTask.java:initializeIteration(374)) - Average utilization of the cluster is 0.33067412914600075
2023-07-25 18:54:27,336 [main] DEBUG balancer.ContainerBalancerTask (ContainerBalancerTask.java:initializeIteration(386)) - Lower limit for utilization is 0.23067412914600074 and Upper limit for utilization is 0.4306741291460008
2023-07-25 18:54:27,337 [main] DEBUG balancer.ContainerBalancerTask (ContainerBalancerTask.java:initializeIteration(398)) - Utilization for node 0d727225-deb5-48dc-afdd-8cc366dc6d4b with capacity 71582788266B, used 64424509440B, and remaining 7158278826B is 0.9000000000083819
2023-07-25 18:54:27,337 [main] DEBUG balancer.ContainerBalancerTask (ContainerBalancerTask.java:initializeIteration(398)) - Utilization for node c9f064c6-9b3f-4092-af4c-f54298642d86 with capacity 56371445760B, used 45097156608B, and remaining 11274289152B is 0.8
2023-07-25 18:54:27,337 [main] DEBUG balancer.ContainerBalancerTask (ContainerBalancerTask.java:initializeIteration(398)) - Utilization for node ed8714d7-589d-4623-ba08-a055d6acd711 with capacity 87433262811B, used 61203283968B, and remaining 26229978843B is 0.7000000000034312
2023-07-25 18:54:27,337 [main] DEBUG balancer.ContainerBalancerTask (ContainerBalancerTask.java:initializeIteration(398)) - Utilization for node 0dbafed2-6322-43ce-bce1-695783d36f8f with capacity 68003648853B, used 40802189312B, and remaining 27201459541B is 0.6000000000029411
2023-07-25 18:54:27,337 [main] DEBUG balancer.ContainerBalancerTask (ContainerBalancerTask.java:initializeIteration(398)) - Utilization for node 9c203f1f-e07e-41bd-8803-b6eace299174 with capacity 85899345920B, used 42949672960B, and remaining 42949672960B is 0.5
2023-07-25 18:54:27,337 [main] DEBUG balancer.ContainerBalancerTask (ContainerBalancerTask.java:initializeIteration(398)) - Utilization for node 430229a4-d258-47cd-935b-b6d4cadb17e1 with capacity 77846282240B, used 31138512896B, and remaining 46707769344B is 0.4
2023-07-25 18:54:27,337 [main] DEBUG balancer.ContainerBalancerTask (ContainerBalancerTask.java:initializeIteration(398)) - Utilization for node f30e4657-3815-4cea-bdc1-31e2f08854c5 with capacity 125269879466B, used 37580963840B, and remaining 87688915626B is 0.30000000000159655
2023-07-25 18:54:27,337 [main] DEBUG balancer.ContainerBalancerTask (ContainerBalancerTask.java:initializeIteration(398)) - Utilization for node fff4fe48-c2b5-4a5d-bcea-4918560162ef with capacity 187904819200B, used 37580963840B, and remaining 150323855360B is 0.2
2023-07-25 18:54:27,338 [main] DEBUG balancer.ContainerBalancerTask (ContainerBalancerTask.java:initializeIteration(398)) - Utilization for node b3aaf5a5-6cfa-4817-aa8d-da196ac7af55 with capacity 440234147840B, used 44023414784B, and remaining 396210733056B is 0.1
2023-07-25 18:54:27,338 [main] DEBUG balancer.ContainerBalancerTask (ContainerBalancerTask.java:initializeIteration(398)) - Utilization for node c74b410f-cfd2-4313-8f85-275ba6566a12 with capacity 23622320128B, used 0B, and remaining 23622320128B is 0.0
2023-07-25 18:54:27,338 [main] INFO  balancer.ContainerBalancerTask (ContainerBalancerTask.java:initializeIteration(447)) - Container Balancer has identified 5 Over-Utilized and 3 Under-Utilized Datanodes that need to be balanced.
2023-07-25 18:54:27,338 [main] DEBUG balancer.ContainerBalancerTask (ContainerBalancerTask.java:lambda$initializeIteration$1(453)) - Datanode localhost-95.72.13.177 0d727225-deb5-48dc-afdd-8cc366dc6d4b is Over-Utilized.
2023-07-25 18:54:27,338 [main] DEBUG balancer.ContainerBalancerTask (ContainerBalancerTask.java:lambda$initializeIteration$1(453)) - Datanode localhost-138.87.88.58 c9f064c6-9b3f-4092-af4c-f54298642d86 is Over-Utilized.
2023-07-25 18:54:27,338 [main] DEBUG balancer.ContainerBalancerTask (ContainerBalancerTask.java:lambda$initializeIteration$1(453)) - Datanode localhost-229.100.147.210 ed8714d7-589d-4623-ba08-a055d6acd711 is Over-Utilized.
2023-07-25 18:54:27,338 [main] DEBUG balancer.ContainerBalancerTask (ContainerBalancerTask.java:lambda$initializeIteration$1(453)) - Datanode localhost-208.125.4.36 0dbafed2-6322-43ce-bce1-695783d36f8f is Over-Utilized.
2023-07-25 18:54:27,338 [main] DEBUG balancer.ContainerBalancerTask (ContainerBalancerTask.java:lambda$initializeIteration$1(453)) - Datanode localhost-64.18.247.143 9c203f1f-e07e-41bd-8803-b6eace299174 is Over-Utilized.
2023-07-25 18:54:27,338 [main] DEBUG balancer.ContainerBalancerTask (ContainerBalancerTask.java:lambda$initializeIteration$2(459)) - Datanode localhost-61.203.211.11 c74b410f-cfd2-4313-8f85-275ba6566a12 is Under-Utilized.
2023-07-25 18:54:27,338 [main] DEBUG balancer.ContainerBalancerTask (ContainerBalancerTask.java:lambda$initializeIteration$2(459)) - Datanode localhost-166.3.97.30 b3aaf5a5-6cfa-4817-aa8d-da196ac7af55 is Under-Utilized.
2023-07-25 18:54:27,339 [main] DEBUG balancer.ContainerBalancerTask (ContainerBalancerTask.java:lambda$initializeIteration$2(459)) - Datanode localhost-186.121.114.79 fff4fe48-c2b5-4a5d-bcea-4918560162ef is Under-Utilized.
2023-07-25 18:54:27,343 [main] DEBUG balancer.ContainerBalancerTask (ContainerBalancerTask.java:matchSourceWithTarget(708)) - ContainerBalancer is finding suitable target for source datanode 0d727225-deb5-48dc-afdd-8cc366dc6d4b
2023-07-25 18:54:27,343 [main] INFO  balancer.ContainerBalancerTask (ContainerBalancerTask.java:matchSourceWithTarget(722)) - ContainerBalancer matched source datanode 0d727225-deb5-48dc-afdd-8cc366dc6d4b with target datanode c74b410f-cfd2-4313-8f85-275ba6566a12 for container move.
2023-07-25 18:54:27,343 [main] INFO  balancer.ContainerBalancerTask (ContainerBalancerTask.java:processMoveSelection(569)) - ContainerBalancer is trying to move container #84 with size 4294967296B from source datanode 0d727225-deb5-48dc-afdd-8cc366dc6d4b to target datanode c74b410f-cfd2-4313-8f85-275ba6566a12
2023-07-25 18:54:27,343 [main] DEBUG balancer.ContainerBalancerTask (ContainerBalancerTask.java:lambda$moveContainer$3(837)) - Container move completed for container #84 from source 0d727225-deb5-48dc-afdd-8cc366dc6d4b to target c74b410f-cfd2-4313-8f85-275ba6566a12
2023-07-25 18:54:27,348 [main] DEBUG balancer.ContainerBalancerTask (ContainerBalancerTask.java:matchSourceWithTarget(708)) - ContainerBalancer is finding suitable target for source datanode 0d727225-deb5-48dc-afdd-8cc366dc6d4b
2023-07-25 18:54:27,348 [main] INFO  balancer.ContainerBalancerTask (ContainerBalancerTask.java:matchSourceWithTarget(722)) - ContainerBalancer matched source datanode 0d727225-deb5-48dc-afdd-8cc366dc6d4b with target datanode b3aaf5a5-6cfa-4817-aa8d-da196ac7af55 for container move.
2023-07-25 18:54:27,348 [main] INFO  balancer.ContainerBalancerTask (ContainerBalancerTask.java:processMoveSelection(569)) - ContainerBalancer is trying to move container #52 with size 4294967296B from source datanode 0d727225-deb5-48dc-afdd-8cc366dc6d4b to target datanode b3aaf5a5-6cfa-4817-aa8d-da196ac7af55
2023-07-25 18:54:27,348 [main] DEBUG balancer.ContainerBalancerTask (ContainerBalancerTask.java:lambda$moveContainer$3(837)) - Container move completed for container #52 from source 0d727225-deb5-48dc-afdd-8cc366dc6d4b to target b3aaf5a5-6cfa-4817-aa8d-da196ac7af55
2023-07-25 18:54:27,351 [main] DEBUG balancer.ContainerBalancerTask (ContainerBalancerTask.java:matchSourceWithTarget(708)) - ContainerBalancer is finding suitable target for source datanode c9f064c6-9b3f-4092-af4c-f54298642d86
2023-07-25 18:54:27,352 [main] INFO  balancer.ContainerBalancerTask (ContainerBalancerTask.java:matchSourceWithTarget(722)) - ContainerBalancer matched source datanode c9f064c6-9b3f-4092-af4c-f54298642d86 with target datanode b3aaf5a5-6cfa-4817-aa8d-da196ac7af55 for container move.
2023-07-25 18:54:27,352 [main] INFO  balancer.ContainerBalancerTask (ContainerBalancerTask.java:processMoveSelection(569)) - ContainerBalancer is trying to move container #68 with size 5368709120B from source datanode c9f064c6-9b3f-4092-af4c-f54298642d86 to target datanode b3aaf5a5-6cfa-4817-aa8d-da196ac7af55
2023-07-25 18:54:27,352 [main] DEBUG balancer.ContainerBalancerTask (ContainerBalancerTask.java:lambda$moveContainer$3(837)) - Container move completed for container #68 from source c9f064c6-9b3f-4092-af4c-f54298642d86 to target b3aaf5a5-6cfa-4817-aa8d-da196ac7af55
2023-07-25 18:54:27,356 [main] DEBUG balancer.ContainerBalancerTask (ContainerBalancerTask.java:matchSourceWithTarget(708)) - ContainerBalancer is finding suitable target for source datanode 0d727225-deb5-48dc-afdd-8cc366dc6d4b
2023-07-25 18:54:27,357 [main] INFO  balancer.ContainerBalancerTask (ContainerBalancerTask.java:matchSourceWithTarget(722)) - ContainerBalancer matched source datanode 0d727225-deb5-48dc-afdd-8cc366dc6d4b with target datanode b3aaf5a5-6cfa-4817-aa8d-da196ac7af55 for container move.
2023-07-25 18:54:27,357 [main] INFO  balancer.ContainerBalancerTask (ContainerBalancerTask.java:processMoveSelection(569)) - ContainerBalancer is trying to move container #86 with size 1073741824B from source datanode 0d727225-deb5-48dc-afdd-8cc366dc6d4b to target datanode b3aaf5a5-6cfa-4817-aa8d-da196ac7af55
2023-07-25 18:54:27,357 [main] DEBUG balancer.ContainerBalancerTask (ContainerBalancerTask.java:lambda$moveContainer$3(837)) - Container move completed for container #86 from source 0d727225-deb5-48dc-afdd-8cc366dc6d4b to target b3aaf5a5-6cfa-4817-aa8d-da196ac7af55
2023-07-25 18:54:27,362 [main] DEBUG balancer.ContainerBalancerTask (ContainerBalancerTask.java:matchSourceWithTarget(708)) - ContainerBalancer is finding suitable target for source datanode 0d727225-deb5-48dc-afdd-8cc366dc6d4b
2023-07-25 18:54:27,362 [main] INFO  balancer.ContainerBalancerTask (ContainerBalancerTask.java:matchSourceWithTarget(722)) - ContainerBalancer matched source datanode 0d727225-deb5-48dc-afdd-8cc366dc6d4b with target datanode c74b410f-cfd2-4313-8f85-275ba6566a12 for container move.
2023-07-25 18:54:27,362 [main] INFO  balancer.ContainerBalancerTask (ContainerBalancerTask.java:processMoveSelection(569)) - ContainerBalancer is trying to move container #88 with size 3221225472B from source datanode 0d727225-deb5-48dc-afdd-8cc366dc6d4b to target datanode c74b410f-cfd2-4313-8f85-275ba6566a12
2023-07-25 18:54:27,362 [main] DEBUG balancer.ContainerBalancerTask (ContainerBalancerTask.java:lambda$moveContainer$3(837)) - Container move completed for container #88 from source 0d727225-deb5-48dc-afdd-8cc366dc6d4b to target c74b410f-cfd2-4313-8f85-275ba6566a12
2023-07-25 18:54:27,368 [main] DEBUG balancer.ContainerBalancerTask (ContainerBalancerTask.java:matchSourceWithTarget(708)) - ContainerBalancer is finding suitable target for source datanode 0d727225-deb5-48dc-afdd-8cc366dc6d4b
2023-07-25 18:54:27,368 [main] INFO  balancer.ContainerBalancerTask (ContainerBalancerTask.java:matchSourceWithTarget(722)) - ContainerBalancer matched source datanode 0d727225-deb5-48dc-afdd-8cc366dc6d4b with target datanode fff4fe48-c2b5-4a5d-bcea-4918560162ef for container move.
2023-07-25 18:54:27,368 [main] INFO  balancer.ContainerBalancerTask (ContainerBalancerTask.java:processMoveSelection(569)) - ContainerBalancer is trying to move container #50 with size 2147483648B from source datanode 0d727225-deb5-48dc-afdd-8cc366dc6d4b to target datanode fff4fe48-c2b5-4a5d-bcea-4918560162ef
2023-07-25 18:54:27,368 [main] DEBUG balancer.ContainerBalancerTask (ContainerBalancerTask.java:lambda$moveContainer$3(837)) - Container move completed for container #50 from source 0d727225-deb5-48dc-afdd-8cc366dc6d4b to target fff4fe48-c2b5-4a5d-bcea-4918560162ef
2023-07-25 18:54:27,373 [main] DEBUG balancer.ContainerBalancerTask (ContainerBalancerTask.java:matchSourceWithTarget(708)) - ContainerBalancer is finding suitable target for source datanode c9f064c6-9b3f-4092-af4c-f54298642d86
2023-07-25 18:54:27,374 [main] INFO  balancer.ContainerBalancerTask (ContainerBalancerTask.java:matchSourceWithTarget(722)) - ContainerBalancer matched source datanode c9f064c6-9b3f-4092-af4c-f54298642d86 with target datanode fff4fe48-c2b5-4a5d-bcea-4918560162ef for container move.
2023-07-25 18:54:27,374 [main] INFO  balancer.ContainerBalancerTask (ContainerBalancerTask.java:processMoveSelection(569)) - ContainerBalancer is trying to move container #70 with size 2147483648B from source datanode c9f064c6-9b3f-4092-af4c-f54298642d86 to target datanode fff4fe48-c2b5-4a5d-bcea-4918560162ef
2023-07-25 18:54:27,374 [main] DEBUG balancer.ContainerBalancerTask (ContainerBalancerTask.java:lambda$moveContainer$3(837)) - Container move completed for container #70 from source c9f064c6-9b3f-4092-af4c-f54298642d86 to target fff4fe48-c2b5-4a5d-bcea-4918560162ef
2023-07-25 18:54:27,378 [main] DEBUG balancer.ContainerBalancerTask (ContainerBalancerTask.java:matchSourceWithTarget(708)) - ContainerBalancer is finding suitable target for source datanode ed8714d7-589d-4623-ba08-a055d6acd711
2023-07-25 18:54:27,378 [main] INFO  balancer.ContainerBalancerTask (ContainerBalancerTask.java:matchSourceWithTarget(722)) - ContainerBalancer matched source datanode ed8714d7-589d-4623-ba08-a055d6acd711 with target datanode fff4fe48-c2b5-4a5d-bcea-4918560162ef for container move.
2023-07-25 18:54:27,379 [main] INFO  balancer.ContainerBalancerTask (ContainerBalancerTask.java:processMoveSelection(569)) - ContainerBalancer is trying to move container #26 with size 2147483648B from source datanode ed8714d7-589d-4623-ba08-a055d6acd711 to target datanode fff4fe48-c2b5-4a5d-bcea-4918560162ef
2023-07-25 18:54:27,379 [main] DEBUG balancer.ContainerBalancerTask (ContainerBalancerTask.java:lambda$moveContainer$3(837)) - Container move completed for container #26 from source ed8714d7-589d-4623-ba08-a055d6acd711 to target fff4fe48-c2b5-4a5d-bcea-4918560162ef
2023-07-25 18:54:27,383 [main] DEBUG balancer.ContainerBalancerTask (ContainerBalancerTask.java:matchSourceWithTarget(708)) - ContainerBalancer is finding suitable target for source datanode 0d727225-deb5-48dc-afdd-8cc366dc6d4b
2023-07-25 18:54:27,383 [main] INFO  balancer.ContainerBalancerTask (ContainerBalancerTask.java:matchSourceWithTarget(722)) - ContainerBalancer matched source datanode 0d727225-deb5-48dc-afdd-8cc366dc6d4b with target datanode fff4fe48-c2b5-4a5d-bcea-4918560162ef for container move.
2023-07-25 18:54:27,384 [main] INFO  balancer.ContainerBalancerTask (ContainerBalancerTask.java:processMoveSelection(569)) - ContainerBalancer is trying to move container #10 with size 2147483648B from source datanode 0d727225-deb5-48dc-afdd-8cc366dc6d4b to target datanode fff4fe48-c2b5-4a5d-bcea-4918560162ef
2023-07-25 18:54:27,384 [main] DEBUG balancer.ContainerBalancerTask (ContainerBalancerTask.java:lambda$moveContainer$3(837)) - Container move completed for container #10 from source 0d727225-deb5-48dc-afdd-8cc366dc6d4b to target fff4fe48-c2b5-4a5d-bcea-4918560162ef
2023-07-25 18:54:27,388 [main] DEBUG balancer.ContainerBalancerTask (ContainerBalancerTask.java:matchSourceWithTarget(708)) - ContainerBalancer is finding suitable target for source datanode ed8714d7-589d-4623-ba08-a055d6acd711
2023-07-25 18:54:27,388 [main] INFO  balancer.ContainerBalancerTask (ContainerBalancerTask.java:matchSourceWithTarget(722)) - ContainerBalancer matched source datanode ed8714d7-589d-4623-ba08-a055d6acd711 with target datanode fff4fe48-c2b5-4a5d-bcea-4918560162ef for container move.
2023-07-25 18:54:27,388 [main] INFO  balancer.ContainerBalancerTask (ContainerBalancerTask.java:processMoveSelection(569)) - ContainerBalancer is trying to move container #54 with size 1073741824B from source datanode ed8714d7-589d-4623-ba08-a055d6acd711 to target datanode fff4fe48-c2b5-4a5d-bcea-4918560162ef
2023-07-25 18:54:27,388 [main] DEBUG balancer.ContainerBalancerTask (ContainerBalancerTask.java:lambda$moveContainer$3(837)) - Container move completed for container #54 from source ed8714d7-589d-4623-ba08-a055d6acd711 to target fff4fe48-c2b5-4a5d-bcea-4918560162ef
2023-07-25 18:54:27,392 [main] DEBUG balancer.ContainerBalancerTask (ContainerBalancerTask.java:matchSourceWithTarget(708)) - ContainerBalancer is finding suitable target for source datanode c9f064c6-9b3f-4092-af4c-f54298642d86
2023-07-25 18:54:27,392 [main] INFO  balancer.ContainerBalancerTask (ContainerBalancerTask.java:matchSourceWithTarget(722)) - ContainerBalancer matched source datanode c9f064c6-9b3f-4092-af4c-f54298642d86 with target datanode fff4fe48-c2b5-4a5d-bcea-4918560162ef for container move.
2023-07-25 18:54:27,392 [main] INFO  balancer.ContainerBalancerTask (ContainerBalancerTask.java:processMoveSelection(569)) - ContainerBalancer is trying to move container #64 with size 1073741824B from source datanode c9f064c6-9b3f-4092-af4c-f54298642d86 to target datanode fff4fe48-c2b5-4a5d-bcea-4918560162ef
2023-07-25 18:54:27,392 [main] DEBUG balancer.ContainerBalancerTask (ContainerBalancerTask.java:lambda$moveContainer$3(837)) - Container move completed for container #64 from source c9f064c6-9b3f-4092-af4c-f54298642d86 to target fff4fe48-c2b5-4a5d-bcea-4918560162ef
2023-07-25 18:54:27,397 [main] DEBUG balancer.ContainerBalancerTask (ContainerBalancerTask.java:matchSourceWithTarget(701)) - ContainerBalancer could not find any candidate containers for datanode ed8714d7-589d-4623-ba08-a055d6acd711
2023-07-25 18:54:27,401 [main] DEBUG balancer.ContainerBalancerTask (ContainerBalancerTask.java:matchSourceWithTarget(708)) - ContainerBalancer is finding suitable target for source datanode 0d727225-deb5-48dc-afdd-8cc366dc6d4b
2023-07-25 18:54:27,401 [main] INFO  balancer.ContainerBalancerTask (ContainerBalancerTask.java:matchSourceWithTarget(722)) - ContainerBalancer matched source datanode 0d727225-deb5-48dc-afdd-8cc366dc6d4b with target datanode c74b410f-cfd2-4313-8f85-275ba6566a12 for container move.
2023-07-25 18:54:27,402 [main] INFO  balancer.ContainerBalancerTask (ContainerBalancerTask.java:processMoveSelection(569)) - ContainerBalancer is trying to move container #82 with size 2147483648B from source datanode 0d727225-deb5-48dc-afdd-8cc366dc6d4b to target datanode c74b410f-cfd2-4313-8f85-275ba6566a12
2023-07-25 18:54:27,402 [main] DEBUG balancer.ContainerBalancerTask (ContainerBalancerTask.java:lambda$moveContainer$3(837)) - Container move completed for container #82 from source 0d727225-deb5-48dc-afdd-8cc366dc6d4b to target c74b410f-cfd2-4313-8f85-275ba6566a12
2023-07-25 18:54:27,405 [main] DEBUG balancer.ContainerBalancerTask (ContainerBalancerTask.java:matchSourceWithTarget(708)) - ContainerBalancer is finding suitable target for source datanode c9f064c6-9b3f-4092-af4c-f54298642d86
2023-07-25 18:54:27,406 [main] INFO  balancer.FindTargetGreedyByUsageInfo (AbstractFindTargetGreedy.java:findTargetForContainerMove(133)) - Container Balancer could not find a target for source datanode c9f064c6-9b3f-4092-af4c-f54298642d86
2023-07-25 18:54:27,406 [main] DEBUG balancer.ContainerBalancerTask (ContainerBalancerTask.java:matchSourceWithTarget(717)) - ContainerBalancer could not find a suitable target for source node c9f064c6-9b3f-4092-af4c-f54298642d86.
2023-07-25 18:54:27,410 [main] DEBUG balancer.ContainerBalancerTask (ContainerBalancerTask.java:matchSourceWithTarget(708)) - ContainerBalancer is finding suitable target for source datanode 0d727225-deb5-48dc-afdd-8cc366dc6d4b
2023-07-25 18:54:27,411 [main] INFO  balancer.FindTargetGreedyByUsageInfo (AbstractFindTargetGreedy.java:findTargetForContainerMove(133)) - Container Balancer could not find a target for source datanode 0d727225-deb5-48dc-afdd-8cc366dc6d4b
2023-07-25 18:54:27,411 [main] DEBUG balancer.ContainerBalancerTask (ContainerBalancerTask.java:matchSourceWithTarget(717)) - ContainerBalancer could not find a suitable target for source node 0d727225-deb5-48dc-afdd-8cc366dc6d4b.
2023-07-25 18:54:27,414 [main] DEBUG balancer.ContainerBalancerTask (ContainerBalancerTask.java:matchSourceWithTarget(708)) - ContainerBalancer is finding suitable target for source datanode 0dbafed2-6322-43ce-bce1-695783d36f8f
2023-07-25 18:54:27,415 [main] INFO  balancer.FindTargetGreedyByUsageInfo (AbstractFindTargetGreedy.java:findTargetForContainerMove(133)) - Container Balancer could not find a target for source datanode 0dbafed2-6322-43ce-bce1-695783d36f8f
2023-07-25 18:54:27,415 [main] DEBUG balancer.ContainerBalancerTask (ContainerBalancerTask.java:matchSourceWithTarget(717)) - ContainerBalancer could not find a suitable target for source node 0dbafed2-6322-43ce-bce1-695783d36f8f.
2023-07-25 18:54:27,418 [main] DEBUG balancer.ContainerBalancerTask (ContainerBalancerTask.java:matchSourceWithTarget(708)) - ContainerBalancer is finding suitable target for source datanode 9c203f1f-e07e-41bd-8803-b6eace299174
2023-07-25 18:54:27,418 [main] INFO  balancer.FindTargetGreedyByUsageInfo (AbstractFindTargetGreedy.java:findTargetForContainerMove(133)) - Container Balancer could not find a target for source datanode 9c203f1f-e07e-41bd-8803-b6eace299174
2023-07-25 18:54:27,418 [main] DEBUG balancer.ContainerBalancerTask (ContainerBalancerTask.java:matchSourceWithTarget(717)) - ContainerBalancer could not find a suitable target for source node 9c203f1f-e07e-41bd-8803-b6eace299174.
2023-07-25 18:54:27,418 [main] INFO  balancer.FindSourceGreedy (FindSourceGreedy.java:getNextCandidateSourceDataNode(126)) - no more candidate source data node
2023-07-25 18:54:27,419 [main] INFO  balancer.ContainerBalancerTask (ContainerBalancerTask.java:checkIterationMoveResults(642)) - Iteration Summary. Number of Datanodes involved: 6. Size moved: 29 GB (31138512896 Bytes). Number of Container moves completed: 12.
2023-07-25 18:54:27,419 [main] INFO  balancer.ContainerBalancerTask (ContainerBalancerTask.java:balance(259)) - Result of this iteration of Container Balancer: ITERATION_COMPLETED
2023-07-25 18:54:27,419 [main] INFO  balancer.ContainerBalancerTask (ContainerBalancerTask.java:tryStopWithSaveConfiguration(308)) - Save Configuration for stopping. Reason: Completed all iterations.
2023-07-25 18:54:27,420 [main] DEBUG balancer.ContainerBalancerTask (ContainerBalancerTask.java:initializeIteration(374)) - Average utilization of the cluster is 0.33067412914600075
2023-07-25 18:54:27,420 [main] DEBUG balancer.ContainerBalancerTask (ContainerBalancerTask.java:initializeIteration(386)) - Lower limit for utilization is 0.23067412914600074 and Upper limit for utilization is 0.4306741291460008
2023-07-25 18:54:27,420 [main] DEBUG balancer.ContainerBalancerTask (ContainerBalancerTask.java:initializeIteration(398)) - Utilization for node 0d727225-deb5-48dc-afdd-8cc366dc6d4b with capacity 71582788266B, used 64424509440B, and remaining 7158278826B is 0.9000000000083819
2023-07-25 18:54:27,420 [main] DEBUG balancer.ContainerBalancerTask (ContainerBalancerTask.java:initializeIteration(398)) - Utilization for node c9f064c6-9b3f-4092-af4c-f54298642d86 with capacity 56371445760B, used 45097156608B, and remaining 11274289152B is 0.8
2023-07-25 18:54:27,420 [main] DEBUG balancer.ContainerBalancerTask (ContainerBalancerTask.java:initializeIteration(398)) - Utilization for node ed8714d7-589d-4623-ba08-a055d6acd711 with capacity 87433262811B, used 61203283968B, and remaining 26229978843B is 0.7000000000034312
2023-07-25 18:54:27,420 [main] DEBUG balancer.ContainerBalancerTask (ContainerBalancerTask.java:initializeIteration(398)) - Utilization for node 0dbafed2-6322-43ce-bce1-695783d36f8f with capacity 68003648853B, used 40802189312B, and remaining 27201459541B is 0.6000000000029411
2023-07-25 18:54:27,421 [main] DEBUG balancer.ContainerBalancerTask (ContainerBalancerTask.java:initializeIteration(398)) - Utilization for node 9c203f1f-e07e-41bd-8803-b6eace299174 with capacity 85899345920B, used 42949672960B, and remaining 42949672960B is 0.5
2023-07-25 18:54:27,421 [main] DEBUG balancer.ContainerBalancerTask (ContainerBalancerTask.java:initializeIteration(398)) - Utilization for node 430229a4-d258-47cd-935b-b6d4cadb17e1 with capacity 77846282240B, used 31138512896B, and remaining 46707769344B is 0.4
2023-07-25 18:54:27,421 [main] DEBUG balancer.ContainerBalancerTask (ContainerBalancerTask.java:initializeIteration(398)) - Utilization for node f30e4657-3815-4cea-bdc1-31e2f08854c5 with capacity 125269879466B, used 37580963840B, and remaining 87688915626B is 0.30000000000159655
2023-07-25 18:54:27,421 [main] DEBUG balancer.ContainerBalancerTask (ContainerBalancerTask.java:initializeIteration(398)) - Utilization for node fff4fe48-c2b5-4a5d-bcea-4918560162ef with capacity 187904819200B, used 37580963840B, and remaining 150323855360B is 0.2
2023-07-25 18:54:27,421 [main] DEBUG balancer.ContainerBalancerTask (ContainerBalancerTask.java:initializeIteration(398)) - Utilization for node b3aaf5a5-6cfa-4817-aa8d-da196ac7af55 with capacity 440234147840B, used 44023414784B, and remaining 396210733056B is 0.1
2023-07-25 18:54:27,421 [main] DEBUG balancer.ContainerBalancerTask (ContainerBalancerTask.java:initializeIteration(398)) - Utilization for node c74b410f-cfd2-4313-8f85-275ba6566a12 with capacity 23622320128B, used 0B, and remaining 23622320128B is 0.0
2023-07-25 18:54:27,421 [main] INFO  balancer.ContainerBalancerTask (ContainerBalancerTask.java:initializeIteration(447)) - Container Balancer has identified 5 Over-Utilized and 3 Under-Utilized Datanodes that need to be balanced.
2023-07-25 18:54:27,422 [main] DEBUG balancer.ContainerBalancerTask (ContainerBalancerTask.java:lambda$initializeIteration$1(453)) - Datanode localhost-95.72.13.177 0d727225-deb5-48dc-afdd-8cc366dc6d4b is Over-Utilized.
2023-07-25 18:54:27,422 [main] DEBUG balancer.ContainerBalancerTask (ContainerBalancerTask.java:lambda$initializeIteration$1(453)) - Datanode localhost-138.87.88.58 c9f064c6-9b3f-4092-af4c-f54298642d86 is Over-Utilized.
2023-07-25 18:54:27,422 [main] DEBUG balancer.ContainerBalancerTask (ContainerBalancerTask.java:lambda$initializeIteration$1(453)) - Datanode localhost-229.100.147.210 ed8714d7-589d-4623-ba08-a055d6acd711 is Over-Utilized.
2023-07-25 18:54:27,422 [main] DEBUG balancer.ContainerBalancerTask (ContainerBalancerTask.java:lambda$initializeIteration$1(453)) - Datanode localhost-208.125.4.36 0dbafed2-6322-43ce-bce1-695783d36f8f is Over-Utilized.
2023-07-25 18:54:27,422 [main] DEBUG balancer.ContainerBalancerTask (ContainerBalancerTask.java:lambda$initializeIteration$1(453)) - Datanode localhost-64.18.247.143 9c203f1f-e07e-41bd-8803-b6eace299174 is Over-Utilized.
2023-07-25 18:54:27,422 [main] DEBUG balancer.ContainerBalancerTask (ContainerBalancerTask.java:lambda$initializeIteration$2(459)) - Datanode localhost-61.203.211.11 c74b410f-cfd2-4313-8f85-275ba6566a12 is Under-Utilized.
2023-07-25 18:54:27,422 [main] DEBUG balancer.ContainerBalancerTask (ContainerBalancerTask.java:lambda$initializeIteration$2(459)) - Datanode localhost-166.3.97.30 b3aaf5a5-6cfa-4817-aa8d-da196ac7af55 is Under-Utilized.
2023-07-25 18:54:27,422 [main] DEBUG balancer.ContainerBalancerTask (ContainerBalancerTask.java:lambda$initializeIteration$2(459)) - Datanode localhost-186.121.114.79 fff4fe48-c2b5-4a5d-bcea-4918560162ef is Under-Utilized.
2023-07-25 18:54:27,426 [main] DEBUG balancer.ContainerBalancerTask (ContainerBalancerTask.java:matchSourceWithTarget(708)) - ContainerBalancer is finding suitable target for source datanode 0d727225-deb5-48dc-afdd-8cc366dc6d4b
2023-07-25 18:54:27,426 [main] INFO  balancer.ContainerBalancerTask (ContainerBalancerTask.java:matchSourceWithTarget(722)) - ContainerBalancer matched source datanode 0d727225-deb5-48dc-afdd-8cc366dc6d4b with target datanode c74b410f-cfd2-4313-8f85-275ba6566a12 for container move.
2023-07-25 18:54:27,426 [main] INFO  balancer.ContainerBalancerTask (ContainerBalancerTask.java:processMoveSelection(569)) - ContainerBalancer is trying to move container #84 with size 4294967296B from source datanode 0d727225-deb5-48dc-afdd-8cc366dc6d4b to target datanode c74b410f-cfd2-4313-8f85-275ba6566a12
2023-07-25 18:54:27,427 [main] WARN  balancer.ContainerBalancerTask (ContainerBalancerTask.java:lambda$moveContainer$3(842)) - Container move for container #84 from source 0d727225-deb5-48dc-afdd-8cc366dc6d4b to target c74b410f-cfd2-4313-8f85-275ba6566a12 failed: REPLICATION_FAIL_NODE_UNHEALTHY
2023-07-25 18:54:27,429 [main] DEBUG balancer.ContainerBalancerTask (ContainerBalancerTask.java:matchSourceWithTarget(708)) - ContainerBalancer is finding suitable target for source datanode c9f064c6-9b3f-4092-af4c-f54298642d86
2023-07-25 18:54:27,429 [main] INFO  balancer.ContainerBalancerTask (ContainerBalancerTask.java:matchSourceWithTarget(722)) - ContainerBalancer matched source datanode c9f064c6-9b3f-4092-af4c-f54298642d86 with target datanode c74b410f-cfd2-4313-8f85-275ba6566a12 for container move.
2023-07-25 18:54:27,430 [main] INFO  balancer.ContainerBalancerTask (ContainerBalancerTask.java:processMoveSelection(569)) - ContainerBalancer is trying to move container #68 with size 5368709120B from source datanode c9f064c6-9b3f-4092-af4c-f54298642d86 to target datanode c74b410f-cfd2-4313-8f85-275ba6566a12
2023-07-25 18:54:27,430 [main] WARN  balancer.ContainerBalancerTask (ContainerBalancerTask.java:lambda$moveContainer$3(842)) - Container move for container #68 from source c9f064c6-9b3f-4092-af4c-f54298642d86 to target c74b410f-cfd2-4313-8f85-275ba6566a12 failed: REPLICATION_FAIL_NODE_UNHEALTHY
2023-07-25 18:54:27,433 [main] DEBUG balancer.ContainerBalancerTask (ContainerBalancerTask.java:matchSourceWithTarget(708)) - ContainerBalancer is finding suitable target for source datanode ed8714d7-589d-4623-ba08-a055d6acd711
2023-07-25 18:54:27,433 [main] INFO  balancer.ContainerBalancerTask (ContainerBalancerTask.java:matchSourceWithTarget(722)) - ContainerBalancer matched source datanode ed8714d7-589d-4623-ba08-a055d6acd711 with target datanode c74b410f-cfd2-4313-8f85-275ba6566a12 for container move.
2023-07-25 18:54:27,433 [main] INFO  balancer.ContainerBalancerTask (ContainerBalancerTask.java:processMoveSelection(569)) - ContainerBalancer is trying to move container #68 with size 5368709120B from source datanode ed8714d7-589d-4623-ba08-a055d6acd711 to target datanode c74b410f-cfd2-4313-8f85-275ba6566a12
2023-07-25 18:54:27,433 [main] WARN  balancer.ContainerBalancerTask (ContainerBalancerTask.java:lambda$moveContainer$3(842)) - Container move for container #68 from source ed8714d7-589d-4623-ba08-a055d6acd711 to target c74b410f-cfd2-4313-8f85-275ba6566a12 failed: REPLICATION_FAIL_NODE_UNHEALTHY
2023-07-25 18:54:27,435 [main] DEBUG balancer.ContainerBalancerTask (ContainerBalancerTask.java:matchSourceWithTarget(708)) - ContainerBalancer is finding suitable target for source datanode 0dbafed2-6322-43ce-bce1-695783d36f8f
2023-07-25 18:54:27,435 [main] INFO  balancer.ContainerBalancerTask (ContainerBalancerTask.java:matchSourceWithTarget(722)) - ContainerBalancer matched source datanode 0dbafed2-6322-43ce-bce1-695783d36f8f with target datanode c74b410f-cfd2-4313-8f85-275ba6566a12 for container move.
2023-07-25 18:54:27,436 [main] INFO  balancer.ContainerBalancerTask (ContainerBalancerTask.java:processMoveSelection(569)) - ContainerBalancer is trying to move container #40 with size 5368709120B from source datanode 0dbafed2-6322-43ce-bce1-695783d36f8f to target datanode c74b410f-cfd2-4313-8f85-275ba6566a12
2023-07-25 18:54:27,436 [main] WARN  balancer.ContainerBalancerTask (ContainerBalancerTask.java:lambda$moveContainer$3(842)) - Container move for container #40 from source 0dbafed2-6322-43ce-bce1-695783d36f8f to target c74b410f-cfd2-4313-8f85-275ba6566a12 failed: REPLICATION_FAIL_NODE_UNHEALTHY
2023-07-25 18:54:27,438 [main] DEBUG balancer.ContainerBalancerTask (ContainerBalancerTask.java:matchSourceWithTarget(708)) - ContainerBalancer is finding suitable target for source datanode 9c203f1f-e07e-41bd-8803-b6eace299174
2023-07-25 18:54:27,438 [main] INFO  balancer.ContainerBalancerTask (ContainerBalancerTask.java:matchSourceWithTarget(722)) - ContainerBalancer matched source datanode 9c203f1f-e07e-41bd-8803-b6eace299174 with target datanode c74b410f-cfd2-4313-8f85-275ba6566a12 for container move.
2023-07-25 18:54:27,438 [main] INFO  balancer.ContainerBalancerTask (ContainerBalancerTask.java:processMoveSelection(569)) - ContainerBalancer is trying to move container #40 with size 5368709120B from source datanode 9c203f1f-e07e-41bd-8803-b6eace299174 to target datanode c74b410f-cfd2-4313-8f85-275ba6566a12
2023-07-25 18:54:27,438 [main] WARN  balancer.ContainerBalancerTask (ContainerBalancerTask.java:lambda$moveContainer$3(842)) - Container move for container #40 from source 9c203f1f-e07e-41bd-8803-b6eace299174 to target c74b410f-cfd2-4313-8f85-275ba6566a12 failed: REPLICATION_FAIL_NODE_UNHEALTHY
2023-07-25 18:54:27,438 [main] INFO  balancer.FindSourceGreedy (FindSourceGreedy.java:getNextCandidateSourceDataNode(126)) - no more candidate source data node
2023-07-25 18:54:27,439 [main] INFO  balancer.ContainerBalancerTask (ContainerBalancerTask.java:checkIterationMoveResults(642)) - Iteration Summary. Number of Datanodes involved: 0. Size moved: 0 B (0 Bytes). Number of Container moves completed: 0.
2023-07-25 18:54:27,439 [main] INFO  balancer.ContainerBalancerTask (ContainerBalancerTask.java:balance(259)) - Result of this iteration of Container Balancer: ITERATION_COMPLETED
2023-07-25 18:54:27,439 [main] INFO  balancer.ContainerBalancerTask (ContainerBalancerTask.java:tryStopWithSaveConfiguration(308)) - Save Configuration for stopping. Reason: Completed all iterations.
2023-07-25 18:54:27,440 [main] DEBUG balancer.ContainerBalancerTask (ContainerBalancerTask.java:initializeIteration(374)) - Average utilization of the cluster is 0.33067412914600075
2023-07-25 18:54:27,440 [main] DEBUG balancer.ContainerBalancerTask (ContainerBalancerTask.java:initializeIteration(386)) - Lower limit for utilization is 0.23067412914600074 and Upper limit for utilization is 0.4306741291460008
2023-07-25 18:54:27,440 [main] DEBUG balancer.ContainerBalancerTask (ContainerBalancerTask.java:initializeIteration(398)) - Utilization for node 0d727225-deb5-48dc-afdd-8cc366dc6d4b with capacity 71582788266B, used 64424509440B, and remaining 7158278826B is 0.9000000000083819
2023-07-25 18:54:27,440 [main] DEBUG balancer.ContainerBalancerTask (ContainerBalancerTask.java:initializeIteration(398)) - Utilization for node c9f064c6-9b3f-4092-af4c-f54298642d86 with capacity 56371445760B, used 45097156608B, and remaining 11274289152B is 0.8
2023-07-25 18:54:27,440 [main] DEBUG balancer.ContainerBalancerTask (ContainerBalancerTask.java:initializeIteration(398)) - Utilization for node ed8714d7-589d-4623-ba08-a055d6acd711 with capacity 87433262811B, used 61203283968B, and remaining 26229978843B is 0.7000000000034312
2023-07-25 18:54:27,440 [main] DEBUG balancer.ContainerBalancerTask (ContainerBalancerTask.java:initializeIteration(398)) - Utilization for node 0dbafed2-6322-43ce-bce1-695783d36f8f with capacity 68003648853B, used 40802189312B, and remaining 27201459541B is 0.6000000000029411
2023-07-25 18:54:27,440 [main] DEBUG balancer.ContainerBalancerTask (ContainerBalancerTask.java:initializeIteration(398)) - Utilization for node 9c203f1f-e07e-41bd-8803-b6eace299174 with capacity 85899345920B, used 42949672960B, and remaining 42949672960B is 0.5
2023-07-25 18:54:27,441 [main] DEBUG balancer.ContainerBalancerTask (ContainerBalancerTask.java:initializeIteration(398)) - Utilization for node 430229a4-d258-47cd-935b-b6d4cadb17e1 with capacity 77846282240B, used 31138512896B, and remaining 46707769344B is 0.4
2023-07-25 18:54:27,441 [main] DEBUG balancer.ContainerBalancerTask (ContainerBalancerTask.java:initializeIteration(398)) - Utilization for node f30e4657-3815-4cea-bdc1-31e2f08854c5 with capacity 125269879466B, used 37580963840B, and remaining 87688915626B is 0.30000000000159655
2023-07-25 18:54:27,441 [main] DEBUG balancer.ContainerBalancerTask (ContainerBalancerTask.java:initializeIteration(398)) - Utilization for node fff4fe48-c2b5-4a5d-bcea-4918560162ef with capacity 187904819200B, used 37580963840B, and remaining 150323855360B is 0.2
2023-07-25 18:54:27,441 [main] DEBUG balancer.ContainerBalancerTask (ContainerBalancerTask.java:initializeIteration(398)) - Utilization for node b3aaf5a5-6cfa-4817-aa8d-da196ac7af55 with capacity 440234147840B, used 44023414784B, and remaining 396210733056B is 0.1
2023-07-25 18:54:27,441 [main] DEBUG balancer.ContainerBalancerTask (ContainerBalancerTask.java:initializeIteration(398)) - Utilization for node c74b410f-cfd2-4313-8f85-275ba6566a12 with capacity 23622320128B, used 0B, and remaining 23622320128B is 0.0
2023-07-25 18:54:27,441 [main] INFO  balancer.ContainerBalancerTask (ContainerBalancerTask.java:initializeIteration(447)) - Container Balancer has identified 5 Over-Utilized and 3 Under-Utilized Datanodes that need to be balanced.
2023-07-25 18:54:27,441 [main] DEBUG balancer.ContainerBalancerTask (ContainerBalancerTask.java:lambda$initializeIteration$1(453)) - Datanode localhost-95.72.13.177 0d727225-deb5-48dc-afdd-8cc366dc6d4b is Over-Utilized.
2023-07-25 18:54:27,441 [main] DEBUG balancer.ContainerBalancerTask (ContainerBalancerTask.java:lambda$initializeIteration$1(453)) - Datanode localhost-138.87.88.58 c9f064c6-9b3f-4092-af4c-f54298642d86 is Over-Utilized.
2023-07-25 18:54:27,441 [main] DEBUG balancer.ContainerBalancerTask (ContainerBalancerTask.java:lambda$initializeIteration$1(453)) - Datanode localhost-229.100.147.210 ed8714d7-589d-4623-ba08-a055d6acd711 is Over-Utilized.
2023-07-25 18:54:27,441 [main] DEBUG balancer.ContainerBalancerTask (ContainerBalancerTask.java:lambda$initializeIteration$1(453)) - Datanode localhost-208.125.4.36 0dbafed2-6322-43ce-bce1-695783d36f8f is Over-Utilized.
2023-07-25 18:54:27,442 [main] DEBUG balancer.ContainerBalancerTask (ContainerBalancerTask.java:lambda$initializeIteration$1(453)) - Datanode localhost-64.18.247.143 9c203f1f-e07e-41bd-8803-b6eace299174 is Over-Utilized.
2023-07-25 18:54:27,442 [main] DEBUG balancer.ContainerBalancerTask (ContainerBalancerTask.java:lambda$initializeIteration$2(459)) - Datanode localhost-61.203.211.11 c74b410f-cfd2-4313-8f85-275ba6566a12 is Under-Utilized.
2023-07-25 18:54:27,442 [main] DEBUG balancer.ContainerBalancerTask (ContainerBalancerTask.java:lambda$initializeIteration$2(459)) - Datanode localhost-166.3.97.30 b3aaf5a5-6cfa-4817-aa8d-da196ac7af55 is Under-Utilized.
2023-07-25 18:54:27,442 [main] DEBUG balancer.ContainerBalancerTask (ContainerBalancerTask.java:lambda$initializeIteration$2(459)) - Datanode localhost-186.121.114.79 fff4fe48-c2b5-4a5d-bcea-4918560162ef is Under-Utilized.
2023-07-25 18:54:27,446 [main] DEBUG balancer.ContainerBalancerTask (ContainerBalancerTask.java:matchSourceWithTarget(708)) - ContainerBalancer is finding suitable target for source datanode 0d727225-deb5-48dc-afdd-8cc366dc6d4b
2023-07-25 18:54:27,446 [main] INFO  balancer.ContainerBalancerTask (ContainerBalancerTask.java:matchSourceWithTarget(722)) - ContainerBalancer matched source datanode 0d727225-deb5-48dc-afdd-8cc366dc6d4b with target datanode c74b410f-cfd2-4313-8f85-275ba6566a12 for container move.
2023-07-25 18:54:27,446 [main] INFO  balancer.ContainerBalancerTask (ContainerBalancerTask.java:processMoveSelection(569)) - ContainerBalancer is trying to move container #85 with size 5368709120B from source datanode 0d727225-deb5-48dc-afdd-8cc366dc6d4b to target datanode c74b410f-cfd2-4313-8f85-275ba6566a12
2023-07-25 18:54:27,447 [main] DEBUG balancer.ContainerBalancerTask (ContainerBalancerTask.java:lambda$moveContainer$3(837)) - Container move completed for container #85 from source 0d727225-deb5-48dc-afdd-8cc366dc6d4b to target c74b410f-cfd2-4313-8f85-275ba6566a12
2023-07-25 18:54:27,451 [main] DEBUG balancer.ContainerBalancerTask (ContainerBalancerTask.java:matchSourceWithTarget(708)) - ContainerBalancer is finding suitable target for source datanode 0d727225-deb5-48dc-afdd-8cc366dc6d4b
2023-07-25 18:54:27,451 [main] INFO  balancer.ContainerBalancerTask (ContainerBalancerTask.java:matchSourceWithTarget(722)) - ContainerBalancer matched source datanode 0d727225-deb5-48dc-afdd-8cc366dc6d4b with target datanode b3aaf5a5-6cfa-4817-aa8d-da196ac7af55 for container move.
2023-07-25 18:54:27,451 [main] INFO  balancer.ContainerBalancerTask (ContainerBalancerTask.java:processMoveSelection(569)) - ContainerBalancer is trying to move container #53 with size 5368709120B from source datanode 0d727225-deb5-48dc-afdd-8cc366dc6d4b to target datanode b3aaf5a5-6cfa-4817-aa8d-da196ac7af55
2023-07-25 18:54:27,451 [main] DEBUG balancer.ContainerBalancerTask (ContainerBalancerTask.java:lambda$moveContainer$3(837)) - Container move completed for container #53 from source 0d727225-deb5-48dc-afdd-8cc366dc6d4b to target b3aaf5a5-6cfa-4817-aa8d-da196ac7af55
2023-07-25 18:54:27,451 [main] WARN  balancer.ContainerBalancerTask (ContainerBalancerTask.java:reachedMaxSizeToMovePerIteration(733)) - Reached max size to move limit. 10737418240 bytes have already been scheduled for balancing and the limit is 10737418240 bytes.
2023-07-25 18:54:27,452 [main] INFO  balancer.ContainerBalancerTask (ContainerBalancerTask.java:checkIterationMoveResults(642)) - Iteration Summary. Number of Datanodes involved: 3. Size moved: 10 GB (10737418240 Bytes). Number of Container moves completed: 2.
2023-07-25 18:54:27,452 [main] INFO  balancer.ContainerBalancerTask (ContainerBalancerTask.java:balance(259)) - Result of this iteration of Container Balancer: ITERATION_COMPLETED
2023-07-25 18:54:27,452 [main] INFO  balancer.ContainerBalancerTask (ContainerBalancerTask.java:tryStopWithSaveConfiguration(308)) - Save Configuration for stopping. Reason: Completed all iterations.
]]></system-out>
  </testcase>
  <testcase name="targetDatanodeShouldBeInServiceHealthy" classname="org.apache.hadoop.hdds.scm.container.balancer.TestContainerBalancerTask" time="0.086">
    <system-out><![CDATA[2023-07-25 18:54:27,479 [main] INFO  net.NodeSchemaLoader (NodeSchemaLoader.java:loadSchemaFromFile(129)) - Loading schema from [file:/home/runner/work/ozone/ozone/hadoop-hdds/common/target/classes/network-topology-default.xml]
2023-07-25 18:54:27,479 [main] INFO  net.NodeSchemaLoader (NodeSchemaLoader.java:loadSchema(176)) - Loading network topology layer schema file
2023-07-25 18:54:27,481 [main] INFO  net.NetworkTopologyImpl (NetworkTopologyImpl.java:add(112)) - Added a new node: /default-rack/ae8e8424-8d95-4f3f-9acb-55c586c8a666
2023-07-25 18:54:27,481 [main] INFO  net.NetworkTopologyImpl (NetworkTopologyImpl.java:add(112)) - Added a new node: /default-rack/279e4261-a4ea-4534-8b06-69eaa7619fbd
2023-07-25 18:54:27,481 [main] INFO  net.NetworkTopologyImpl (NetworkTopologyImpl.java:add(112)) - Added a new node: /default-rack/b9a049b5-523d-4d29-ad9c-6442a2067f2c
2023-07-25 18:54:27,481 [main] INFO  net.NetworkTopologyImpl (NetworkTopologyImpl.java:add(112)) - Added a new node: /default-rack/ffea61c9-2e5a-49db-9b85-a67861081e81
2023-07-25 18:54:27,482 [main] INFO  net.NetworkTopologyImpl (NetworkTopologyImpl.java:add(112)) - Added a new node: /default-rack/e79ea99b-ced6-41b9-b6a2-c2e569d5f80e
2023-07-25 18:54:27,482 [main] INFO  net.NetworkTopologyImpl (NetworkTopologyImpl.java:add(112)) - Added a new node: /default-rack/c5cff25d-8d29-44d6-9eab-0c6a2b2dac06
2023-07-25 18:54:27,482 [main] INFO  net.NetworkTopologyImpl (NetworkTopologyImpl.java:add(112)) - Added a new node: /default-rack/ddb88743-7d67-4738-98d9-a91528ee3b6d
2023-07-25 18:54:27,482 [main] INFO  net.NetworkTopologyImpl (NetworkTopologyImpl.java:add(112)) - Added a new node: /default-rack/8265f6d5-18a7-4fbb-bd09-945e15d58b95
2023-07-25 18:54:27,482 [main] INFO  net.NetworkTopologyImpl (NetworkTopologyImpl.java:add(112)) - Added a new node: /default-rack/f80200f2-c454-4e3e-8939-f6493a39e8cd
2023-07-25 18:54:27,482 [main] INFO  net.NetworkTopologyImpl (NetworkTopologyImpl.java:add(112)) - Added a new node: /default-rack/efef8de5-b430-4f56-8efe-3951fde2127e
2023-07-25 18:54:27,482 [main] INFO  algorithms.ContainerPlacementPolicyFactory (ContainerPlacementPolicyFactory.java:getPolicyInternal(86)) - Create container placement policy of type org.apache.hadoop.hdds.scm.container.placement.algorithms.SCMContainerPlacementRackAware
2023-07-25 18:54:27,482 [main] INFO  algorithms.ContainerPlacementPolicyFactory (ContainerPlacementPolicyFactory.java:getPolicyInternal(86)) - Create container placement policy of type org.apache.hadoop.hdds.scm.container.placement.algorithms.SCMContainerPlacementRackScatter
2023-07-25 18:54:27,485 [main] DEBUG balancer.ContainerBalancerTask (ContainerBalancerTask.java:initializeIteration(374)) - Average utilization of the cluster is 0.34153250590842404
2023-07-25 18:54:27,485 [main] DEBUG balancer.ContainerBalancerTask (ContainerBalancerTask.java:initializeIteration(386)) - Lower limit for utilization is 0.24153250590842404 and Upper limit for utilization is 0.4415325059084241
2023-07-25 18:54:27,486 [main] DEBUG balancer.ContainerBalancerTask (ContainerBalancerTask.java:initializeIteration(398)) - Utilization for node e79ea99b-ced6-41b9-b6a2-c2e569d5f80e with capacity 65617555911B, used 59055800320B, and remaining 6561755591B is 0.900000000001524
2023-07-25 18:54:27,486 [main] DEBUG balancer.ContainerBalancerTask (ContainerBalancerTask.java:initializeIteration(398)) - Utilization for node 8265f6d5-18a7-4fbb-bd09-945e15d58b95 with capacity 76504104960B, used 61203283968B, and remaining 15300820992B is 0.8
2023-07-25 18:54:27,486 [main] DEBUG balancer.ContainerBalancerTask (ContainerBalancerTask.java:initializeIteration(398)) - Utilization for node ffea61c9-2e5a-49db-9b85-a67861081e81 with capacity 52153174308B, used 36507222016B, and remaining 15645952292B is 0.7000000000076697
2023-07-25 18:54:27,486 [main] DEBUG balancer.ContainerBalancerTask (ContainerBalancerTask.java:initializeIteration(398)) - Utilization for node ddb88743-7d67-4738-98d9-a91528ee3b6d with capacity 94847194453B, used 56908316672B, and remaining 37938877781B is 0.6000000000021086
2023-07-25 18:54:27,486 [main] DEBUG balancer.ContainerBalancerTask (ContainerBalancerTask.java:initializeIteration(398)) - Utilization for node b9a049b5-523d-4d29-ad9c-6442a2067f2c with capacity 70866960384B, used 35433480192B, and remaining 35433480192B is 0.5
2023-07-25 18:54:27,486 [main] DEBUG balancer.ContainerBalancerTask (ContainerBalancerTask.java:initializeIteration(398)) - Utilization for node efef8de5-b430-4f56-8efe-3951fde2127e with capacity 110058536960B, used 44023414784B, and remaining 66035122176B is 0.4
2023-07-25 18:54:27,486 [main] DEBUG balancer.ContainerBalancerTask (ContainerBalancerTask.java:initializeIteration(398)) - Utilization for node f80200f2-c454-4e3e-8939-f6493a39e8cd with capacity 103795042986B, used 31138512896B, and remaining 72656530090B is 0.3000000000019269
2023-07-25 18:54:27,486 [main] DEBUG balancer.ContainerBalancerTask (ContainerBalancerTask.java:initializeIteration(398)) - Utilization for node ae8e8424-8d95-4f3f-9acb-55c586c8a666 with capacity 69793218560B, used 13958643712B, and remaining 55834574848B is 0.2
2023-07-25 18:54:27,486 [main] DEBUG balancer.ContainerBalancerTask (ContainerBalancerTask.java:initializeIteration(398)) - Utilization for node c5cff25d-8d29-44d6-9eab-0c6a2b2dac06 with capacity 429496729600B, used 42949672960B, and remaining 386547056640B is 0.1
2023-07-25 18:54:27,486 [main] DEBUG balancer.ContainerBalancerTask (ContainerBalancerTask.java:initializeIteration(398)) - Utilization for node 279e4261-a4ea-4534-8b06-69eaa7619fbd with capacity 42949672960B, used 0B, and remaining 42949672960B is 0.0
2023-07-25 18:54:27,487 [main] INFO  balancer.ContainerBalancerTask (ContainerBalancerTask.java:initializeIteration(447)) - Container Balancer has identified 5 Over-Utilized and 3 Under-Utilized Datanodes that need to be balanced.
2023-07-25 18:54:27,487 [main] DEBUG balancer.ContainerBalancerTask (ContainerBalancerTask.java:lambda$initializeIteration$1(453)) - Datanode localhost-110.120.24.194 e79ea99b-ced6-41b9-b6a2-c2e569d5f80e is Over-Utilized.
2023-07-25 18:54:27,487 [main] DEBUG balancer.ContainerBalancerTask (ContainerBalancerTask.java:lambda$initializeIteration$1(453)) - Datanode localhost-206.125.135.42 8265f6d5-18a7-4fbb-bd09-945e15d58b95 is Over-Utilized.
2023-07-25 18:54:27,487 [main] DEBUG balancer.ContainerBalancerTask (ContainerBalancerTask.java:lambda$initializeIteration$1(453)) - Datanode localhost-126.50.183.188 ffea61c9-2e5a-49db-9b85-a67861081e81 is Over-Utilized.
2023-07-25 18:54:27,487 [main] DEBUG balancer.ContainerBalancerTask (ContainerBalancerTask.java:lambda$initializeIteration$1(453)) - Datanode localhost-112.203.165.7 ddb88743-7d67-4738-98d9-a91528ee3b6d is Over-Utilized.
2023-07-25 18:54:27,487 [main] DEBUG balancer.ContainerBalancerTask (ContainerBalancerTask.java:lambda$initializeIteration$1(453)) - Datanode localhost-38.185.160.44 b9a049b5-523d-4d29-ad9c-6442a2067f2c is Over-Utilized.
2023-07-25 18:54:27,487 [main] DEBUG balancer.ContainerBalancerTask (ContainerBalancerTask.java:lambda$initializeIteration$2(459)) - Datanode localhost-39.170.62.251 279e4261-a4ea-4534-8b06-69eaa7619fbd is Under-Utilized.
2023-07-25 18:54:27,487 [main] DEBUG balancer.ContainerBalancerTask (ContainerBalancerTask.java:lambda$initializeIteration$2(459)) - Datanode localhost-117.233.2.208 c5cff25d-8d29-44d6-9eab-0c6a2b2dac06 is Under-Utilized.
2023-07-25 18:54:27,487 [main] DEBUG balancer.ContainerBalancerTask (ContainerBalancerTask.java:lambda$initializeIteration$2(459)) - Datanode localhost-48.221.152.176 ae8e8424-8d95-4f3f-9acb-55c586c8a666 is Under-Utilized.
2023-07-25 18:54:27,491 [main] DEBUG balancer.ContainerBalancerTask (ContainerBalancerTask.java:matchSourceWithTarget(708)) - ContainerBalancer is finding suitable target for source datanode e79ea99b-ced6-41b9-b6a2-c2e569d5f80e
2023-07-25 18:54:27,491 [main] INFO  balancer.ContainerBalancerTask (ContainerBalancerTask.java:matchSourceWithTarget(722)) - ContainerBalancer matched source datanode e79ea99b-ced6-41b9-b6a2-c2e569d5f80e with target datanode 279e4261-a4ea-4534-8b06-69eaa7619fbd for container move.
2023-07-25 18:54:27,491 [main] INFO  balancer.ContainerBalancerTask (ContainerBalancerTask.java:processMoveSelection(569)) - ContainerBalancer is trying to move container #85 with size 5368709120B from source datanode e79ea99b-ced6-41b9-b6a2-c2e569d5f80e to target datanode 279e4261-a4ea-4534-8b06-69eaa7619fbd
2023-07-25 18:54:27,491 [main] DEBUG balancer.ContainerBalancerTask (ContainerBalancerTask.java:lambda$moveContainer$3(837)) - Container move completed for container #85 from source e79ea99b-ced6-41b9-b6a2-c2e569d5f80e to target 279e4261-a4ea-4534-8b06-69eaa7619fbd
2023-07-25 18:54:27,494 [main] DEBUG balancer.ContainerBalancerTask (ContainerBalancerTask.java:matchSourceWithTarget(708)) - ContainerBalancer is finding suitable target for source datanode e79ea99b-ced6-41b9-b6a2-c2e569d5f80e
2023-07-25 18:54:27,495 [main] INFO  balancer.ContainerBalancerTask (ContainerBalancerTask.java:matchSourceWithTarget(722)) - ContainerBalancer matched source datanode e79ea99b-ced6-41b9-b6a2-c2e569d5f80e with target datanode c5cff25d-8d29-44d6-9eab-0c6a2b2dac06 for container move.
2023-07-25 18:54:27,495 [main] INFO  balancer.ContainerBalancerTask (ContainerBalancerTask.java:processMoveSelection(569)) - ContainerBalancer is trying to move container #29 with size 5368709120B from source datanode e79ea99b-ced6-41b9-b6a2-c2e569d5f80e to target datanode c5cff25d-8d29-44d6-9eab-0c6a2b2dac06
2023-07-25 18:54:27,495 [main] DEBUG balancer.ContainerBalancerTask (ContainerBalancerTask.java:lambda$moveContainer$3(837)) - Container move completed for container #29 from source e79ea99b-ced6-41b9-b6a2-c2e569d5f80e to target c5cff25d-8d29-44d6-9eab-0c6a2b2dac06
2023-07-25 18:54:27,498 [main] DEBUG balancer.ContainerBalancerTask (ContainerBalancerTask.java:matchSourceWithTarget(708)) - ContainerBalancer is finding suitable target for source datanode 8265f6d5-18a7-4fbb-bd09-945e15d58b95
2023-07-25 18:54:27,498 [main] INFO  balancer.ContainerBalancerTask (ContainerBalancerTask.java:matchSourceWithTarget(722)) - ContainerBalancer matched source datanode 8265f6d5-18a7-4fbb-bd09-945e15d58b95 with target datanode c5cff25d-8d29-44d6-9eab-0c6a2b2dac06 for container move.
2023-07-25 18:54:27,499 [main] INFO  balancer.ContainerBalancerTask (ContainerBalancerTask.java:processMoveSelection(569)) - ContainerBalancer is trying to move container #89 with size 4294967296B from source datanode 8265f6d5-18a7-4fbb-bd09-945e15d58b95 to target datanode c5cff25d-8d29-44d6-9eab-0c6a2b2dac06
2023-07-25 18:54:27,499 [main] DEBUG balancer.ContainerBalancerTask (ContainerBalancerTask.java:lambda$moveContainer$3(837)) - Container move completed for container #89 from source 8265f6d5-18a7-4fbb-bd09-945e15d58b95 to target c5cff25d-8d29-44d6-9eab-0c6a2b2dac06
2023-07-25 18:54:27,502 [main] DEBUG balancer.ContainerBalancerTask (ContainerBalancerTask.java:matchSourceWithTarget(708)) - ContainerBalancer is finding suitable target for source datanode 8265f6d5-18a7-4fbb-bd09-945e15d58b95
2023-07-25 18:54:27,502 [main] INFO  balancer.ContainerBalancerTask (ContainerBalancerTask.java:matchSourceWithTarget(722)) - ContainerBalancer matched source datanode 8265f6d5-18a7-4fbb-bd09-945e15d58b95 with target datanode c5cff25d-8d29-44d6-9eab-0c6a2b2dac06 for container move.
2023-07-25 18:54:27,502 [main] INFO  balancer.ContainerBalancerTask (ContainerBalancerTask.java:processMoveSelection(569)) - ContainerBalancer is trying to move container #84 with size 4294967296B from source datanode 8265f6d5-18a7-4fbb-bd09-945e15d58b95 to target datanode c5cff25d-8d29-44d6-9eab-0c6a2b2dac06
2023-07-25 18:54:27,502 [main] DEBUG balancer.ContainerBalancerTask (ContainerBalancerTask.java:lambda$moveContainer$3(837)) - Container move completed for container #84 from source 8265f6d5-18a7-4fbb-bd09-945e15d58b95 to target c5cff25d-8d29-44d6-9eab-0c6a2b2dac06
2023-07-25 18:54:27,506 [main] DEBUG balancer.ContainerBalancerTask (ContainerBalancerTask.java:matchSourceWithTarget(708)) - ContainerBalancer is finding suitable target for source datanode e79ea99b-ced6-41b9-b6a2-c2e569d5f80e
2023-07-25 18:54:27,506 [main] INFO  balancer.ContainerBalancerTask (ContainerBalancerTask.java:matchSourceWithTarget(722)) - ContainerBalancer matched source datanode e79ea99b-ced6-41b9-b6a2-c2e569d5f80e with target datanode 279e4261-a4ea-4534-8b06-69eaa7619fbd for container move.
2023-07-25 18:54:27,506 [main] INFO  balancer.ContainerBalancerTask (ContainerBalancerTask.java:processMoveSelection(569)) - ContainerBalancer is trying to move container #53 with size 5368709120B from source datanode e79ea99b-ced6-41b9-b6a2-c2e569d5f80e to target datanode 279e4261-a4ea-4534-8b06-69eaa7619fbd
2023-07-25 18:54:27,506 [main] DEBUG balancer.ContainerBalancerTask (ContainerBalancerTask.java:lambda$moveContainer$3(837)) - Container move completed for container #53 from source e79ea99b-ced6-41b9-b6a2-c2e569d5f80e to target 279e4261-a4ea-4534-8b06-69eaa7619fbd
2023-07-25 18:54:27,509 [main] DEBUG balancer.ContainerBalancerTask (ContainerBalancerTask.java:matchSourceWithTarget(708)) - ContainerBalancer is finding suitable target for source datanode ffea61c9-2e5a-49db-9b85-a67861081e81
2023-07-25 18:54:27,509 [main] INFO  balancer.ContainerBalancerTask (ContainerBalancerTask.java:matchSourceWithTarget(722)) - ContainerBalancer matched source datanode ffea61c9-2e5a-49db-9b85-a67861081e81 with target datanode c5cff25d-8d29-44d6-9eab-0c6a2b2dac06 for container move.
2023-07-25 18:54:27,509 [main] INFO  balancer.ContainerBalancerTask (ContainerBalancerTask.java:processMoveSelection(569)) - ContainerBalancer is trying to move container #39 with size 4294967296B from source datanode ffea61c9-2e5a-49db-9b85-a67861081e81 to target datanode c5cff25d-8d29-44d6-9eab-0c6a2b2dac06
2023-07-25 18:54:27,509 [main] DEBUG balancer.ContainerBalancerTask (ContainerBalancerTask.java:lambda$moveContainer$3(837)) - Container move completed for container #39 from source ffea61c9-2e5a-49db-9b85-a67861081e81 to target c5cff25d-8d29-44d6-9eab-0c6a2b2dac06
2023-07-25 18:54:27,512 [main] DEBUG balancer.ContainerBalancerTask (ContainerBalancerTask.java:matchSourceWithTarget(708)) - ContainerBalancer is finding suitable target for source datanode 8265f6d5-18a7-4fbb-bd09-945e15d58b95
2023-07-25 18:54:27,513 [main] INFO  balancer.ContainerBalancerTask (ContainerBalancerTask.java:matchSourceWithTarget(722)) - ContainerBalancer matched source datanode 8265f6d5-18a7-4fbb-bd09-945e15d58b95 with target datanode c5cff25d-8d29-44d6-9eab-0c6a2b2dac06 for container move.
2023-07-25 18:54:27,513 [main] INFO  balancer.ContainerBalancerTask (ContainerBalancerTask.java:processMoveSelection(569)) - ContainerBalancer is trying to move container #28 with size 4294967296B from source datanode 8265f6d5-18a7-4fbb-bd09-945e15d58b95 to target datanode c5cff25d-8d29-44d6-9eab-0c6a2b2dac06
2023-07-25 18:54:27,513 [main] DEBUG balancer.ContainerBalancerTask (ContainerBalancerTask.java:lambda$moveContainer$3(837)) - Container move completed for container #28 from source 8265f6d5-18a7-4fbb-bd09-945e15d58b95 to target c5cff25d-8d29-44d6-9eab-0c6a2b2dac06
2023-07-25 18:54:27,517 [main] DEBUG balancer.ContainerBalancerTask (ContainerBalancerTask.java:matchSourceWithTarget(708)) - ContainerBalancer is finding suitable target for source datanode e79ea99b-ced6-41b9-b6a2-c2e569d5f80e
2023-07-25 18:54:27,517 [main] INFO  balancer.ContainerBalancerTask (ContainerBalancerTask.java:matchSourceWithTarget(722)) - ContainerBalancer matched source datanode e79ea99b-ced6-41b9-b6a2-c2e569d5f80e with target datanode c5cff25d-8d29-44d6-9eab-0c6a2b2dac06 for container move.
2023-07-25 18:54:27,517 [main] INFO  balancer.ContainerBalancerTask (ContainerBalancerTask.java:processMoveSelection(569)) - ContainerBalancer is trying to move container #83 with size 3221225472B from source datanode e79ea99b-ced6-41b9-b6a2-c2e569d5f80e to target datanode c5cff25d-8d29-44d6-9eab-0c6a2b2dac06
2023-07-25 18:54:27,517 [main] DEBUG balancer.ContainerBalancerTask (ContainerBalancerTask.java:lambda$moveContainer$3(837)) - Container move completed for container #83 from source e79ea99b-ced6-41b9-b6a2-c2e569d5f80e to target c5cff25d-8d29-44d6-9eab-0c6a2b2dac06
2023-07-25 18:54:27,520 [main] DEBUG balancer.ContainerBalancerTask (ContainerBalancerTask.java:matchSourceWithTarget(708)) - ContainerBalancer is finding suitable target for source datanode 8265f6d5-18a7-4fbb-bd09-945e15d58b95
2023-07-25 18:54:27,521 [main] INFO  balancer.ContainerBalancerTask (ContainerBalancerTask.java:matchSourceWithTarget(722)) - ContainerBalancer matched source datanode 8265f6d5-18a7-4fbb-bd09-945e15d58b95 with target datanode c5cff25d-8d29-44d6-9eab-0c6a2b2dac06 for container move.
2023-07-25 18:54:27,521 [main] INFO  balancer.ContainerBalancerTask (ContainerBalancerTask.java:processMoveSelection(569)) - ContainerBalancer is trying to move container #71 with size 3221225472B from source datanode 8265f6d5-18a7-4fbb-bd09-945e15d58b95 to target datanode c5cff25d-8d29-44d6-9eab-0c6a2b2dac06
2023-07-25 18:54:27,521 [main] DEBUG balancer.ContainerBalancerTask (ContainerBalancerTask.java:lambda$moveContainer$3(837)) - Container move completed for container #71 from source 8265f6d5-18a7-4fbb-bd09-945e15d58b95 to target c5cff25d-8d29-44d6-9eab-0c6a2b2dac06
2023-07-25 18:54:27,524 [main] DEBUG balancer.ContainerBalancerTask (ContainerBalancerTask.java:matchSourceWithTarget(708)) - ContainerBalancer is finding suitable target for source datanode ffea61c9-2e5a-49db-9b85-a67861081e81
2023-07-25 18:54:27,524 [main] INFO  balancer.ContainerBalancerTask (ContainerBalancerTask.java:matchSourceWithTarget(722)) - ContainerBalancer matched source datanode ffea61c9-2e5a-49db-9b85-a67861081e81 with target datanode c5cff25d-8d29-44d6-9eab-0c6a2b2dac06 for container move.
2023-07-25 18:54:27,525 [main] INFO  balancer.ContainerBalancerTask (ContainerBalancerTask.java:processMoveSelection(569)) - ContainerBalancer is trying to move container #51 with size 3221225472B from source datanode ffea61c9-2e5a-49db-9b85-a67861081e81 to target datanode c5cff25d-8d29-44d6-9eab-0c6a2b2dac06
2023-07-25 18:54:27,525 [main] DEBUG balancer.ContainerBalancerTask (ContainerBalancerTask.java:lambda$moveContainer$3(837)) - Container move completed for container #51 from source ffea61c9-2e5a-49db-9b85-a67861081e81 to target c5cff25d-8d29-44d6-9eab-0c6a2b2dac06
2023-07-25 18:54:27,528 [main] DEBUG balancer.ContainerBalancerTask (ContainerBalancerTask.java:matchSourceWithTarget(708)) - ContainerBalancer is finding suitable target for source datanode e79ea99b-ced6-41b9-b6a2-c2e569d5f80e
2023-07-25 18:54:27,528 [main] INFO  balancer.ContainerBalancerTask (ContainerBalancerTask.java:matchSourceWithTarget(722)) - ContainerBalancer matched source datanode e79ea99b-ced6-41b9-b6a2-c2e569d5f80e with target datanode c5cff25d-8d29-44d6-9eab-0c6a2b2dac06 for container move.
2023-07-25 18:54:27,528 [main] INFO  balancer.ContainerBalancerTask (ContainerBalancerTask.java:processMoveSelection(569)) - ContainerBalancer is trying to move container #38 with size 3221225472B from source datanode e79ea99b-ced6-41b9-b6a2-c2e569d5f80e to target datanode c5cff25d-8d29-44d6-9eab-0c6a2b2dac06
2023-07-25 18:54:27,529 [main] DEBUG balancer.ContainerBalancerTask (ContainerBalancerTask.java:lambda$moveContainer$3(837)) - Container move completed for container #38 from source e79ea99b-ced6-41b9-b6a2-c2e569d5f80e to target c5cff25d-8d29-44d6-9eab-0c6a2b2dac06
2023-07-25 18:54:27,532 [main] DEBUG balancer.ContainerBalancerTask (ContainerBalancerTask.java:matchSourceWithTarget(708)) - ContainerBalancer is finding suitable target for source datanode ddb88743-7d67-4738-98d9-a91528ee3b6d
2023-07-25 18:54:27,532 [main] INFO  balancer.ContainerBalancerTask (ContainerBalancerTask.java:matchSourceWithTarget(722)) - ContainerBalancer matched source datanode ddb88743-7d67-4738-98d9-a91528ee3b6d with target datanode c5cff25d-8d29-44d6-9eab-0c6a2b2dac06 for container move.
2023-07-25 18:54:27,532 [main] INFO  balancer.ContainerBalancerTask (ContainerBalancerTask.java:processMoveSelection(569)) - ContainerBalancer is trying to move container #40 with size 5368709120B from source datanode ddb88743-7d67-4738-98d9-a91528ee3b6d to target datanode c5cff25d-8d29-44d6-9eab-0c6a2b2dac06
2023-07-25 18:54:27,533 [main] DEBUG balancer.ContainerBalancerTask (ContainerBalancerTask.java:lambda$moveContainer$3(837)) - Container move completed for container #40 from source ddb88743-7d67-4738-98d9-a91528ee3b6d to target c5cff25d-8d29-44d6-9eab-0c6a2b2dac06
2023-07-25 18:54:27,536 [main] DEBUG balancer.ContainerBalancerTask (ContainerBalancerTask.java:matchSourceWithTarget(708)) - ContainerBalancer is finding suitable target for source datanode 8265f6d5-18a7-4fbb-bd09-945e15d58b95
2023-07-25 18:54:27,536 [main] INFO  balancer.ContainerBalancerTask (ContainerBalancerTask.java:matchSourceWithTarget(722)) - ContainerBalancer matched source datanode 8265f6d5-18a7-4fbb-bd09-945e15d58b95 with target datanode c5cff25d-8d29-44d6-9eab-0c6a2b2dac06 for container move.
2023-07-25 18:54:27,537 [main] INFO  balancer.ContainerBalancerTask (ContainerBalancerTask.java:processMoveSelection(569)) - ContainerBalancer is trying to move container #82 with size 2147483648B from source datanode 8265f6d5-18a7-4fbb-bd09-945e15d58b95 to target datanode c5cff25d-8d29-44d6-9eab-0c6a2b2dac06
2023-07-25 18:54:27,537 [main] DEBUG balancer.ContainerBalancerTask (ContainerBalancerTask.java:lambda$moveContainer$3(837)) - Container move completed for container #82 from source 8265f6d5-18a7-4fbb-bd09-945e15d58b95 to target c5cff25d-8d29-44d6-9eab-0c6a2b2dac06
2023-07-25 18:54:27,537 [main] WARN  balancer.ContainerBalancerTask (ContainerBalancerTask.java:reachedMaxSizeToMovePerIteration(733)) - Reached max size to move limit. 53687091200 bytes have already been scheduled for balancing and the limit is 53687091200 bytes.
2023-07-25 18:54:27,537 [main] INFO  balancer.ContainerBalancerTask (ContainerBalancerTask.java:checkIterationMoveResults(642)) - Iteration Summary. Number of Datanodes involved: 6. Size moved: 50 GB (53687091200 Bytes). Number of Container moves completed: 13.
2023-07-25 18:54:27,537 [main] INFO  balancer.ContainerBalancerTask (ContainerBalancerTask.java:balance(259)) - Result of this iteration of Container Balancer: ITERATION_COMPLETED
2023-07-25 18:54:27,538 [main] INFO  balancer.ContainerBalancerTask (ContainerBalancerTask.java:tryStopWithSaveConfiguration(308)) - Save Configuration for stopping. Reason: Completed all iterations.
]]></system-out>
  </testcase>
  <testcase name="containerBalancerShouldObeyMaxDatanodesToInvolveLimit" classname="org.apache.hadoop.hdds.scm.container.balancer.TestContainerBalancerTask" time="0.098">
    <system-out><![CDATA[2023-07-25 18:54:27,564 [main] INFO  net.NodeSchemaLoader (NodeSchemaLoader.java:loadSchemaFromFile(129)) - Loading schema from [file:/home/runner/work/ozone/ozone/hadoop-hdds/common/target/classes/network-topology-default.xml]
2023-07-25 18:54:27,565 [main] INFO  net.NodeSchemaLoader (NodeSchemaLoader.java:loadSchema(176)) - Loading network topology layer schema file
2023-07-25 18:54:27,566 [main] INFO  net.NetworkTopologyImpl (NetworkTopologyImpl.java:add(112)) - Added a new node: /default-rack/955acc47-198e-4840-a111-7ce3c35afb29
2023-07-25 18:54:27,567 [main] INFO  net.NetworkTopologyImpl (NetworkTopologyImpl.java:add(112)) - Added a new node: /default-rack/d49e4c13-e698-44cf-acc1-a889af797e58
2023-07-25 18:54:27,567 [main] INFO  net.NetworkTopologyImpl (NetworkTopologyImpl.java:add(112)) - Added a new node: /default-rack/2e6df210-7364-4f64-b729-2bbf52cff5c7
2023-07-25 18:54:27,567 [main] INFO  net.NetworkTopologyImpl (NetworkTopologyImpl.java:add(112)) - Added a new node: /default-rack/53a76268-f818-416e-9f5b-cc15a53c353f
2023-07-25 18:54:27,567 [main] INFO  net.NetworkTopologyImpl (NetworkTopologyImpl.java:add(112)) - Added a new node: /default-rack/f5ea93c4-ce5b-4821-b3be-33d34c42361f
2023-07-25 18:54:27,567 [main] INFO  net.NetworkTopologyImpl (NetworkTopologyImpl.java:add(112)) - Added a new node: /default-rack/6621ff81-a951-41b5-9d92-ee2cc5ea5ed5
2023-07-25 18:54:27,567 [main] INFO  net.NetworkTopologyImpl (NetworkTopologyImpl.java:add(112)) - Added a new node: /default-rack/b3e4dc8d-98e5-4f90-9902-d626fbf322f3
2023-07-25 18:54:27,567 [main] INFO  net.NetworkTopologyImpl (NetworkTopologyImpl.java:add(112)) - Added a new node: /default-rack/27c5c6e2-c960-483e-b38e-e28b793aa73f
2023-07-25 18:54:27,568 [main] INFO  net.NetworkTopologyImpl (NetworkTopologyImpl.java:add(112)) - Added a new node: /default-rack/68da09a3-bb38-41a0-ba69-63ea607bbf87
2023-07-25 18:54:27,568 [main] INFO  net.NetworkTopologyImpl (NetworkTopologyImpl.java:add(112)) - Added a new node: /default-rack/8af739ef-94ee-4378-8932-7002393da5fc
2023-07-25 18:54:27,568 [main] INFO  algorithms.ContainerPlacementPolicyFactory (ContainerPlacementPolicyFactory.java:getPolicyInternal(86)) - Create container placement policy of type org.apache.hadoop.hdds.scm.container.placement.algorithms.SCMContainerPlacementRackAware
2023-07-25 18:54:27,568 [main] INFO  algorithms.ContainerPlacementPolicyFactory (ContainerPlacementPolicyFactory.java:getPolicyInternal(86)) - Create container placement policy of type org.apache.hadoop.hdds.scm.container.placement.algorithms.SCMContainerPlacementRackScatter
2023-07-25 18:54:27,571 [main] DEBUG balancer.ContainerBalancerTask (ContainerBalancerTask.java:initializeIteration(374)) - Average utilization of the cluster is 0.32768369335534847
2023-07-25 18:54:27,571 [main] DEBUG balancer.ContainerBalancerTask (ContainerBalancerTask.java:initializeIteration(386)) - Lower limit for utilization is 0.31768369335534846 and Upper limit for utilization is 0.3376836933553485
2023-07-25 18:54:27,571 [main] DEBUG balancer.ContainerBalancerTask (ContainerBalancerTask.java:initializeIteration(398)) - Utilization for node 27c5c6e2-c960-483e-b38e-e28b793aa73f with capacity 56073184142B, used 50465865728B, and remaining 5607318414B is 0.9000000000035667
2023-07-25 18:54:27,571 [main] DEBUG balancer.ContainerBalancerTask (ContainerBalancerTask.java:initializeIteration(398)) - Utilization for node 68da09a3-bb38-41a0-ba69-63ea607bbf87 with capacity 59055800320B, used 47244640256B, and remaining 11811160064B is 0.8
2023-07-25 18:54:27,572 [main] DEBUG balancer.ContainerBalancerTask (ContainerBalancerTask.java:initializeIteration(398)) - Utilization for node 2e6df210-7364-4f64-b729-2bbf52cff5c7 with capacity 81297595245B, used 56908316672B, and remaining 24389278573B is 0.7000000000061503
2023-07-25 18:54:27,572 [main] DEBUG balancer.ContainerBalancerTask (ContainerBalancerTask.java:initializeIteration(398)) - Utilization for node f5ea93c4-ce5b-4821-b3be-33d34c42361f with capacity 84109776213B, used 50465865728B, and remaining 33643910485B is 0.6000000000023779
2023-07-25 18:54:27,572 [main] DEBUG balancer.ContainerBalancerTask (ContainerBalancerTask.java:initializeIteration(398)) - Utilization for node 8af739ef-94ee-4378-8932-7002393da5fc with capacity 92341796864B, used 46170898432B, and remaining 46170898432B is 0.5
2023-07-25 18:54:27,572 [main] DEBUG balancer.ContainerBalancerTask (ContainerBalancerTask.java:initializeIteration(398)) - Utilization for node b3e4dc8d-98e5-4f90-9902-d626fbf322f3 with capacity 96636764160B, used 38654705664B, and remaining 57982058496B is 0.4
2023-07-25 18:54:27,572 [main] DEBUG balancer.ContainerBalancerTask (ContainerBalancerTask.java:initializeIteration(398)) - Utilization for node 53a76268-f818-416e-9f5b-cc15a53c353f with capacity 100215903573B, used 30064771072B, and remaining 70151132501B is 0.30000000000099786
2023-07-25 18:54:27,572 [main] DEBUG balancer.ContainerBalancerTask (ContainerBalancerTask.java:initializeIteration(398)) - Utilization for node 6621ff81-a951-41b5-9d92-ee2cc5ea5ed5 with capacity 220117073920B, used 44023414784B, and remaining 176093659136B is 0.2
2023-07-25 18:54:27,572 [main] DEBUG balancer.ContainerBalancerTask (ContainerBalancerTask.java:initializeIteration(398)) - Utilization for node 955acc47-198e-4840-a111-7ce3c35afb29 with capacity 429496729600B, used 42949672960B, and remaining 386547056640B is 0.1
2023-07-25 18:54:27,572 [main] DEBUG balancer.ContainerBalancerTask (ContainerBalancerTask.java:initializeIteration(398)) - Utilization for node d49e4c13-e698-44cf-acc1-a889af797e58 with capacity 22548578304B, used 0B, and remaining 22548578304B is 0.0
2023-07-25 18:54:27,572 [main] INFO  balancer.ContainerBalancerTask (ContainerBalancerTask.java:initializeIteration(447)) - Container Balancer has identified 6 Over-Utilized and 4 Under-Utilized Datanodes that need to be balanced.
2023-07-25 18:54:27,572 [main] DEBUG balancer.ContainerBalancerTask (ContainerBalancerTask.java:lambda$initializeIteration$1(453)) - Datanode localhost-249.221.81.159 27c5c6e2-c960-483e-b38e-e28b793aa73f is Over-Utilized.
2023-07-25 18:54:27,573 [main] DEBUG balancer.ContainerBalancerTask (ContainerBalancerTask.java:lambda$initializeIteration$1(453)) - Datanode localhost-35.198.75.193 68da09a3-bb38-41a0-ba69-63ea607bbf87 is Over-Utilized.
2023-07-25 18:54:27,573 [main] DEBUG balancer.ContainerBalancerTask (ContainerBalancerTask.java:lambda$initializeIteration$1(453)) - Datanode localhost-55.142.26.152 2e6df210-7364-4f64-b729-2bbf52cff5c7 is Over-Utilized.
2023-07-25 18:54:27,573 [main] DEBUG balancer.ContainerBalancerTask (ContainerBalancerTask.java:lambda$initializeIteration$1(453)) - Datanode localhost-238.195.185.47 f5ea93c4-ce5b-4821-b3be-33d34c42361f is Over-Utilized.
2023-07-25 18:54:27,573 [main] DEBUG balancer.ContainerBalancerTask (ContainerBalancerTask.java:lambda$initializeIteration$1(453)) - Datanode localhost-212.164.45.64 8af739ef-94ee-4378-8932-7002393da5fc is Over-Utilized.
2023-07-25 18:54:27,573 [main] DEBUG balancer.ContainerBalancerTask (ContainerBalancerTask.java:lambda$initializeIteration$1(453)) - Datanode localhost-31.27.12.67 b3e4dc8d-98e5-4f90-9902-d626fbf322f3 is Over-Utilized.
2023-07-25 18:54:27,573 [main] DEBUG balancer.ContainerBalancerTask (ContainerBalancerTask.java:lambda$initializeIteration$2(459)) - Datanode localhost-42.113.35.197 d49e4c13-e698-44cf-acc1-a889af797e58 is Under-Utilized.
2023-07-25 18:54:27,573 [main] DEBUG balancer.ContainerBalancerTask (ContainerBalancerTask.java:lambda$initializeIteration$2(459)) - Datanode localhost-111.119.71.6 955acc47-198e-4840-a111-7ce3c35afb29 is Under-Utilized.
2023-07-25 18:54:27,573 [main] DEBUG balancer.ContainerBalancerTask (ContainerBalancerTask.java:lambda$initializeIteration$2(459)) - Datanode localhost-8.65.230.134 6621ff81-a951-41b5-9d92-ee2cc5ea5ed5 is Under-Utilized.
2023-07-25 18:54:27,573 [main] DEBUG balancer.ContainerBalancerTask (ContainerBalancerTask.java:lambda$initializeIteration$2(459)) - Datanode localhost-165.29.147.212 53a76268-f818-416e-9f5b-cc15a53c353f is Under-Utilized.
2023-07-25 18:54:27,576 [main] DEBUG balancer.ContainerBalancerTask (ContainerBalancerTask.java:matchSourceWithTarget(708)) - ContainerBalancer is finding suitable target for source datanode 27c5c6e2-c960-483e-b38e-e28b793aa73f
2023-07-25 18:54:27,576 [main] INFO  balancer.ContainerBalancerTask (ContainerBalancerTask.java:matchSourceWithTarget(722)) - ContainerBalancer matched source datanode 27c5c6e2-c960-483e-b38e-e28b793aa73f with target datanode d49e4c13-e698-44cf-acc1-a889af797e58 for container move.
2023-07-25 18:54:27,576 [main] INFO  balancer.ContainerBalancerTask (ContainerBalancerTask.java:processMoveSelection(569)) - ContainerBalancer is trying to move container #85 with size 5368709120B from source datanode 27c5c6e2-c960-483e-b38e-e28b793aa73f to target datanode d49e4c13-e698-44cf-acc1-a889af797e58
2023-07-25 18:54:27,576 [main] DEBUG balancer.ContainerBalancerTask (ContainerBalancerTask.java:lambda$moveContainer$3(837)) - Container move completed for container #85 from source 27c5c6e2-c960-483e-b38e-e28b793aa73f to target d49e4c13-e698-44cf-acc1-a889af797e58
2023-07-25 18:54:27,579 [main] DEBUG balancer.ContainerBalancerTask (ContainerBalancerTask.java:matchSourceWithTarget(708)) - ContainerBalancer is finding suitable target for source datanode 27c5c6e2-c960-483e-b38e-e28b793aa73f
2023-07-25 18:54:27,579 [main] INFO  balancer.ContainerBalancerTask (ContainerBalancerTask.java:matchSourceWithTarget(722)) - ContainerBalancer matched source datanode 27c5c6e2-c960-483e-b38e-e28b793aa73f with target datanode 955acc47-198e-4840-a111-7ce3c35afb29 for container move.
2023-07-25 18:54:27,579 [main] INFO  balancer.ContainerBalancerTask (ContainerBalancerTask.java:processMoveSelection(569)) - ContainerBalancer is trying to move container #89 with size 4294967296B from source datanode 27c5c6e2-c960-483e-b38e-e28b793aa73f to target datanode 955acc47-198e-4840-a111-7ce3c35afb29
2023-07-25 18:54:27,579 [main] DEBUG balancer.ContainerBalancerTask (ContainerBalancerTask.java:lambda$moveContainer$3(837)) - Container move completed for container #89 from source 27c5c6e2-c960-483e-b38e-e28b793aa73f to target 955acc47-198e-4840-a111-7ce3c35afb29
2023-07-25 18:54:27,580 [main] DEBUG balancer.ContainerBalancerTask (ContainerBalancerTask.java:adaptWhenNearingIterationLimits(756)) - Approaching max datanodes to involve limit. 3 datanodes have already been selected for balancing and the limit is 4. Only already selected targets can be selected as targets now.
2023-07-25 18:54:27,582 [main] DEBUG balancer.ContainerBalancerTask (ContainerBalancerTask.java:matchSourceWithTarget(708)) - ContainerBalancer is finding suitable target for source datanode 68da09a3-bb38-41a0-ba69-63ea607bbf87
2023-07-25 18:54:27,582 [main] INFO  balancer.ContainerBalancerTask (ContainerBalancerTask.java:matchSourceWithTarget(722)) - ContainerBalancer matched source datanode 68da09a3-bb38-41a0-ba69-63ea607bbf87 with target datanode 955acc47-198e-4840-a111-7ce3c35afb29 for container move.
2023-07-25 18:54:27,582 [main] INFO  balancer.ContainerBalancerTask (ContainerBalancerTask.java:processMoveSelection(569)) - ContainerBalancer is trying to move container #68 with size 5368709120B from source datanode 68da09a3-bb38-41a0-ba69-63ea607bbf87 to target datanode 955acc47-198e-4840-a111-7ce3c35afb29
2023-07-25 18:54:27,583 [main] DEBUG balancer.ContainerBalancerTask (ContainerBalancerTask.java:lambda$moveContainer$3(837)) - Container move completed for container #68 from source 68da09a3-bb38-41a0-ba69-63ea607bbf87 to target 955acc47-198e-4840-a111-7ce3c35afb29
2023-07-25 18:54:27,583 [main] DEBUG balancer.ContainerBalancerTask (ContainerBalancerTask.java:adaptOnReachingIterationLimits(782)) - Reached max datanodes to involve limit. 4 datanodes have already been selected for balancing and the limit is 4. Only already selected sources and targets can be involved in balancing now.
2023-07-25 18:54:27,585 [main] DEBUG balancer.ContainerBalancerTask (ContainerBalancerTask.java:matchSourceWithTarget(708)) - ContainerBalancer is finding suitable target for source datanode 27c5c6e2-c960-483e-b38e-e28b793aa73f
2023-07-25 18:54:27,586 [main] INFO  balancer.ContainerBalancerTask (ContainerBalancerTask.java:matchSourceWithTarget(722)) - ContainerBalancer matched source datanode 27c5c6e2-c960-483e-b38e-e28b793aa73f with target datanode 955acc47-198e-4840-a111-7ce3c35afb29 for container move.
2023-07-25 18:54:27,586 [main] INFO  balancer.ContainerBalancerTask (ContainerBalancerTask.java:processMoveSelection(569)) - ContainerBalancer is trying to move container #84 with size 4294967296B from source datanode 27c5c6e2-c960-483e-b38e-e28b793aa73f to target datanode 955acc47-198e-4840-a111-7ce3c35afb29
2023-07-25 18:54:27,586 [main] DEBUG balancer.ContainerBalancerTask (ContainerBalancerTask.java:lambda$moveContainer$3(837)) - Container move completed for container #84 from source 27c5c6e2-c960-483e-b38e-e28b793aa73f to target 955acc47-198e-4840-a111-7ce3c35afb29
2023-07-25 18:54:27,588 [main] DEBUG balancer.ContainerBalancerTask (ContainerBalancerTask.java:matchSourceWithTarget(708)) - ContainerBalancer is finding suitable target for source datanode 68da09a3-bb38-41a0-ba69-63ea607bbf87
2023-07-25 18:54:27,588 [main] INFO  balancer.ContainerBalancerTask (ContainerBalancerTask.java:matchSourceWithTarget(722)) - ContainerBalancer matched source datanode 68da09a3-bb38-41a0-ba69-63ea607bbf87 with target datanode 955acc47-198e-4840-a111-7ce3c35afb29 for container move.
2023-07-25 18:54:27,589 [main] INFO  balancer.ContainerBalancerTask (ContainerBalancerTask.java:processMoveSelection(569)) - ContainerBalancer is trying to move container #53 with size 5368709120B from source datanode 68da09a3-bb38-41a0-ba69-63ea607bbf87 to target datanode 955acc47-198e-4840-a111-7ce3c35afb29
2023-07-25 18:54:27,589 [main] DEBUG balancer.ContainerBalancerTask (ContainerBalancerTask.java:lambda$moveContainer$3(837)) - Container move completed for container #53 from source 68da09a3-bb38-41a0-ba69-63ea607bbf87 to target 955acc47-198e-4840-a111-7ce3c35afb29
2023-07-25 18:54:27,591 [main] DEBUG balancer.ContainerBalancerTask (ContainerBalancerTask.java:matchSourceWithTarget(708)) - ContainerBalancer is finding suitable target for source datanode 27c5c6e2-c960-483e-b38e-e28b793aa73f
2023-07-25 18:54:27,591 [main] INFO  balancer.ContainerBalancerTask (ContainerBalancerTask.java:matchSourceWithTarget(722)) - ContainerBalancer matched source datanode 27c5c6e2-c960-483e-b38e-e28b793aa73f with target datanode 955acc47-198e-4840-a111-7ce3c35afb29 for container move.
2023-07-25 18:54:27,592 [main] INFO  balancer.ContainerBalancerTask (ContainerBalancerTask.java:processMoveSelection(569)) - ContainerBalancer is trying to move container #39 with size 4294967296B from source datanode 27c5c6e2-c960-483e-b38e-e28b793aa73f to target datanode 955acc47-198e-4840-a111-7ce3c35afb29
2023-07-25 18:54:27,592 [main] DEBUG balancer.ContainerBalancerTask (ContainerBalancerTask.java:lambda$moveContainer$3(837)) - Container move completed for container #39 from source 27c5c6e2-c960-483e-b38e-e28b793aa73f to target 955acc47-198e-4840-a111-7ce3c35afb29
2023-07-25 18:54:27,594 [main] DEBUG balancer.ContainerBalancerTask (ContainerBalancerTask.java:matchSourceWithTarget(708)) - ContainerBalancer is finding suitable target for source datanode 68da09a3-bb38-41a0-ba69-63ea607bbf87
2023-07-25 18:54:27,595 [main] INFO  balancer.ContainerBalancerTask (ContainerBalancerTask.java:matchSourceWithTarget(722)) - ContainerBalancer matched source datanode 68da09a3-bb38-41a0-ba69-63ea607bbf87 with target datanode 955acc47-198e-4840-a111-7ce3c35afb29 for container move.
2023-07-25 18:54:27,595 [main] INFO  balancer.ContainerBalancerTask (ContainerBalancerTask.java:processMoveSelection(569)) - ContainerBalancer is trying to move container #67 with size 4294967296B from source datanode 68da09a3-bb38-41a0-ba69-63ea607bbf87 to target datanode 955acc47-198e-4840-a111-7ce3c35afb29
2023-07-25 18:54:27,595 [main] DEBUG balancer.ContainerBalancerTask (ContainerBalancerTask.java:lambda$moveContainer$3(837)) - Container move completed for container #67 from source 68da09a3-bb38-41a0-ba69-63ea607bbf87 to target 955acc47-198e-4840-a111-7ce3c35afb29
2023-07-25 18:54:27,597 [main] DEBUG balancer.ContainerBalancerTask (ContainerBalancerTask.java:matchSourceWithTarget(708)) - ContainerBalancer is finding suitable target for source datanode 27c5c6e2-c960-483e-b38e-e28b793aa73f
2023-07-25 18:54:27,598 [main] INFO  balancer.ContainerBalancerTask (ContainerBalancerTask.java:matchSourceWithTarget(722)) - ContainerBalancer matched source datanode 27c5c6e2-c960-483e-b38e-e28b793aa73f with target datanode 955acc47-198e-4840-a111-7ce3c35afb29 for container move.
2023-07-25 18:54:27,598 [main] INFO  balancer.ContainerBalancerTask (ContainerBalancerTask.java:processMoveSelection(569)) - ContainerBalancer is trying to move container #38 with size 3221225472B from source datanode 27c5c6e2-c960-483e-b38e-e28b793aa73f to target datanode 955acc47-198e-4840-a111-7ce3c35afb29
2023-07-25 18:54:27,598 [main] DEBUG balancer.ContainerBalancerTask (ContainerBalancerTask.java:lambda$moveContainer$3(837)) - Container move completed for container #38 from source 27c5c6e2-c960-483e-b38e-e28b793aa73f to target 955acc47-198e-4840-a111-7ce3c35afb29
2023-07-25 18:54:27,601 [main] DEBUG balancer.ContainerBalancerTask (ContainerBalancerTask.java:matchSourceWithTarget(708)) - ContainerBalancer is finding suitable target for source datanode 68da09a3-bb38-41a0-ba69-63ea607bbf87
2023-07-25 18:54:27,601 [main] INFO  balancer.ContainerBalancerTask (ContainerBalancerTask.java:matchSourceWithTarget(722)) - ContainerBalancer matched source datanode 68da09a3-bb38-41a0-ba69-63ea607bbf87 with target datanode 955acc47-198e-4840-a111-7ce3c35afb29 for container move.
2023-07-25 18:54:27,601 [main] INFO  balancer.ContainerBalancerTask (ContainerBalancerTask.java:processMoveSelection(569)) - ContainerBalancer is trying to move container #18 with size 3221225472B from source datanode 68da09a3-bb38-41a0-ba69-63ea607bbf87 to target datanode 955acc47-198e-4840-a111-7ce3c35afb29
2023-07-25 18:54:27,601 [main] DEBUG balancer.ContainerBalancerTask (ContainerBalancerTask.java:lambda$moveContainer$3(837)) - Container move completed for container #18 from source 68da09a3-bb38-41a0-ba69-63ea607bbf87 to target 955acc47-198e-4840-a111-7ce3c35afb29
2023-07-25 18:54:27,604 [main] DEBUG balancer.ContainerBalancerTask (ContainerBalancerTask.java:matchSourceWithTarget(708)) - ContainerBalancer is finding suitable target for source datanode 27c5c6e2-c960-483e-b38e-e28b793aa73f
2023-07-25 18:54:27,604 [main] INFO  balancer.ContainerBalancerTask (ContainerBalancerTask.java:matchSourceWithTarget(722)) - ContainerBalancer matched source datanode 27c5c6e2-c960-483e-b38e-e28b793aa73f with target datanode 955acc47-198e-4840-a111-7ce3c35afb29 for container move.
2023-07-25 18:54:27,605 [main] INFO  balancer.ContainerBalancerTask (ContainerBalancerTask.java:processMoveSelection(569)) - ContainerBalancer is trying to move container #87 with size 2147483648B from source datanode 27c5c6e2-c960-483e-b38e-e28b793aa73f to target datanode 955acc47-198e-4840-a111-7ce3c35afb29
2023-07-25 18:54:27,605 [main] DEBUG balancer.ContainerBalancerTask (ContainerBalancerTask.java:lambda$moveContainer$3(837)) - Container move completed for container #87 from source 27c5c6e2-c960-483e-b38e-e28b793aa73f to target 955acc47-198e-4840-a111-7ce3c35afb29
2023-07-25 18:54:27,607 [main] DEBUG balancer.ContainerBalancerTask (ContainerBalancerTask.java:matchSourceWithTarget(708)) - ContainerBalancer is finding suitable target for source datanode 68da09a3-bb38-41a0-ba69-63ea607bbf87
2023-07-25 18:54:27,608 [main] INFO  balancer.ContainerBalancerTask (ContainerBalancerTask.java:matchSourceWithTarget(722)) - ContainerBalancer matched source datanode 68da09a3-bb38-41a0-ba69-63ea607bbf87 with target datanode 955acc47-198e-4840-a111-7ce3c35afb29 for container move.
2023-07-25 18:54:27,608 [main] INFO  balancer.ContainerBalancerTask (ContainerBalancerTask.java:processMoveSelection(569)) - ContainerBalancer is trying to move container #70 with size 2147483648B from source datanode 68da09a3-bb38-41a0-ba69-63ea607bbf87 to target datanode 955acc47-198e-4840-a111-7ce3c35afb29
2023-07-25 18:54:27,608 [main] DEBUG balancer.ContainerBalancerTask (ContainerBalancerTask.java:lambda$moveContainer$3(837)) - Container move completed for container #70 from source 68da09a3-bb38-41a0-ba69-63ea607bbf87 to target 955acc47-198e-4840-a111-7ce3c35afb29
2023-07-25 18:54:27,611 [main] DEBUG balancer.ContainerBalancerTask (ContainerBalancerTask.java:matchSourceWithTarget(708)) - ContainerBalancer is finding suitable target for source datanode 27c5c6e2-c960-483e-b38e-e28b793aa73f
2023-07-25 18:54:27,611 [main] INFO  balancer.ContainerBalancerTask (ContainerBalancerTask.java:matchSourceWithTarget(722)) - ContainerBalancer matched source datanode 27c5c6e2-c960-483e-b38e-e28b793aa73f with target datanode 955acc47-198e-4840-a111-7ce3c35afb29 for container move.
2023-07-25 18:54:27,611 [main] INFO  balancer.ContainerBalancerTask (ContainerBalancerTask.java:processMoveSelection(569)) - ContainerBalancer is trying to move container #82 with size 2147483648B from source datanode 27c5c6e2-c960-483e-b38e-e28b793aa73f to target datanode 955acc47-198e-4840-a111-7ce3c35afb29
2023-07-25 18:54:27,611 [main] DEBUG balancer.ContainerBalancerTask (ContainerBalancerTask.java:lambda$moveContainer$3(837)) - Container move completed for container #82 from source 27c5c6e2-c960-483e-b38e-e28b793aa73f to target 955acc47-198e-4840-a111-7ce3c35afb29
2023-07-25 18:54:27,614 [main] DEBUG balancer.ContainerBalancerTask (ContainerBalancerTask.java:matchSourceWithTarget(708)) - ContainerBalancer is finding suitable target for source datanode 68da09a3-bb38-41a0-ba69-63ea607bbf87
2023-07-25 18:54:27,614 [main] INFO  balancer.ContainerBalancerTask (ContainerBalancerTask.java:matchSourceWithTarget(722)) - ContainerBalancer matched source datanode 68da09a3-bb38-41a0-ba69-63ea607bbf87 with target datanode 955acc47-198e-4840-a111-7ce3c35afb29 for container move.
2023-07-25 18:54:27,615 [main] INFO  balancer.ContainerBalancerTask (ContainerBalancerTask.java:processMoveSelection(569)) - ContainerBalancer is trying to move container #65 with size 2147483648B from source datanode 68da09a3-bb38-41a0-ba69-63ea607bbf87 to target datanode 955acc47-198e-4840-a111-7ce3c35afb29
2023-07-25 18:54:27,615 [main] DEBUG balancer.ContainerBalancerTask (ContainerBalancerTask.java:lambda$moveContainer$3(837)) - Container move completed for container #65 from source 68da09a3-bb38-41a0-ba69-63ea607bbf87 to target 955acc47-198e-4840-a111-7ce3c35afb29
2023-07-25 18:54:27,618 [main] DEBUG balancer.ContainerBalancerTask (ContainerBalancerTask.java:matchSourceWithTarget(708)) - ContainerBalancer is finding suitable target for source datanode 27c5c6e2-c960-483e-b38e-e28b793aa73f
2023-07-25 18:54:27,618 [main] INFO  balancer.ContainerBalancerTask (ContainerBalancerTask.java:matchSourceWithTarget(722)) - ContainerBalancer matched source datanode 27c5c6e2-c960-483e-b38e-e28b793aa73f with target datanode 955acc47-198e-4840-a111-7ce3c35afb29 for container move.
2023-07-25 18:54:27,618 [main] INFO  balancer.ContainerBalancerTask (ContainerBalancerTask.java:processMoveSelection(569)) - ContainerBalancer is trying to move container #55 with size 2147483648B from source datanode 27c5c6e2-c960-483e-b38e-e28b793aa73f to target datanode 955acc47-198e-4840-a111-7ce3c35afb29
2023-07-25 18:54:27,618 [main] DEBUG balancer.ContainerBalancerTask (ContainerBalancerTask.java:lambda$moveContainer$3(837)) - Container move completed for container #55 from source 27c5c6e2-c960-483e-b38e-e28b793aa73f to target 955acc47-198e-4840-a111-7ce3c35afb29
2023-07-25 18:54:27,621 [main] DEBUG balancer.ContainerBalancerTask (ContainerBalancerTask.java:matchSourceWithTarget(708)) - ContainerBalancer is finding suitable target for source datanode 68da09a3-bb38-41a0-ba69-63ea607bbf87
2023-07-25 18:54:27,621 [main] INFO  balancer.ContainerBalancerTask (ContainerBalancerTask.java:matchSourceWithTarget(722)) - ContainerBalancer matched source datanode 68da09a3-bb38-41a0-ba69-63ea607bbf87 with target datanode 955acc47-198e-4840-a111-7ce3c35afb29 for container move.
2023-07-25 18:54:27,621 [main] INFO  balancer.ContainerBalancerTask (ContainerBalancerTask.java:processMoveSelection(569)) - ContainerBalancer is trying to move container #81 with size 1073741824B from source datanode 68da09a3-bb38-41a0-ba69-63ea607bbf87 to target datanode 955acc47-198e-4840-a111-7ce3c35afb29
2023-07-25 18:54:27,622 [main] DEBUG balancer.ContainerBalancerTask (ContainerBalancerTask.java:lambda$moveContainer$3(837)) - Container move completed for container #81 from source 68da09a3-bb38-41a0-ba69-63ea607bbf87 to target 955acc47-198e-4840-a111-7ce3c35afb29
2023-07-25 18:54:27,624 [main] DEBUG balancer.ContainerBalancerTask (ContainerBalancerTask.java:matchSourceWithTarget(701)) - ContainerBalancer could not find any candidate containers for datanode 27c5c6e2-c960-483e-b38e-e28b793aa73f
2023-07-25 18:54:27,627 [main] DEBUG balancer.ContainerBalancerTask (ContainerBalancerTask.java:matchSourceWithTarget(708)) - ContainerBalancer is finding suitable target for source datanode 68da09a3-bb38-41a0-ba69-63ea607bbf87
2023-07-25 18:54:27,627 [main] INFO  balancer.ContainerBalancerTask (ContainerBalancerTask.java:matchSourceWithTarget(722)) - ContainerBalancer matched source datanode 68da09a3-bb38-41a0-ba69-63ea607bbf87 with target datanode 955acc47-198e-4840-a111-7ce3c35afb29 for container move.
2023-07-25 18:54:27,627 [main] INFO  balancer.ContainerBalancerTask (ContainerBalancerTask.java:processMoveSelection(569)) - ContainerBalancer is trying to move container #64 with size 1073741824B from source datanode 68da09a3-bb38-41a0-ba69-63ea607bbf87 to target datanode 955acc47-198e-4840-a111-7ce3c35afb29
2023-07-25 18:54:27,627 [main] DEBUG balancer.ContainerBalancerTask (ContainerBalancerTask.java:lambda$moveContainer$3(837)) - Container move completed for container #64 from source 68da09a3-bb38-41a0-ba69-63ea607bbf87 to target 955acc47-198e-4840-a111-7ce3c35afb29
2023-07-25 18:54:27,630 [main] DEBUG balancer.ContainerBalancerTask (ContainerBalancerTask.java:matchSourceWithTarget(708)) - ContainerBalancer is finding suitable target for source datanode 68da09a3-bb38-41a0-ba69-63ea607bbf87
2023-07-25 18:54:27,630 [main] INFO  balancer.ContainerBalancerTask (ContainerBalancerTask.java:matchSourceWithTarget(722)) - ContainerBalancer matched source datanode 68da09a3-bb38-41a0-ba69-63ea607bbf87 with target datanode 955acc47-198e-4840-a111-7ce3c35afb29 for container move.
2023-07-25 18:54:27,630 [main] INFO  balancer.ContainerBalancerTask (ContainerBalancerTask.java:processMoveSelection(569)) - ContainerBalancer is trying to move container #49 with size 1073741824B from source datanode 68da09a3-bb38-41a0-ba69-63ea607bbf87 to target datanode 955acc47-198e-4840-a111-7ce3c35afb29
2023-07-25 18:54:27,631 [main] DEBUG balancer.ContainerBalancerTask (ContainerBalancerTask.java:lambda$moveContainer$3(837)) - Container move completed for container #49 from source 68da09a3-bb38-41a0-ba69-63ea607bbf87 to target 955acc47-198e-4840-a111-7ce3c35afb29
2023-07-25 18:54:27,632 [main] DEBUG balancer.ContainerBalancerTask (ContainerBalancerTask.java:matchSourceWithTarget(708)) - ContainerBalancer is finding suitable target for source datanode 68da09a3-bb38-41a0-ba69-63ea607bbf87
2023-07-25 18:54:27,633 [main] INFO  balancer.ContainerBalancerTask (ContainerBalancerTask.java:matchSourceWithTarget(722)) - ContainerBalancer matched source datanode 68da09a3-bb38-41a0-ba69-63ea607bbf87 with target datanode 955acc47-198e-4840-a111-7ce3c35afb29 for container move.
2023-07-25 18:54:27,633 [main] INFO  balancer.ContainerBalancerTask (ContainerBalancerTask.java:processMoveSelection(569)) - ContainerBalancer is trying to move container #41 with size 1073741824B from source datanode 68da09a3-bb38-41a0-ba69-63ea607bbf87 to target datanode 955acc47-198e-4840-a111-7ce3c35afb29
2023-07-25 18:54:27,633 [main] DEBUG balancer.ContainerBalancerTask (ContainerBalancerTask.java:lambda$moveContainer$3(837)) - Container move completed for container #41 from source 68da09a3-bb38-41a0-ba69-63ea607bbf87 to target 955acc47-198e-4840-a111-7ce3c35afb29
2023-07-25 18:54:27,634 [main] DEBUG balancer.ContainerBalancerTask (ContainerBalancerTask.java:matchSourceWithTarget(708)) - ContainerBalancer is finding suitable target for source datanode 68da09a3-bb38-41a0-ba69-63ea607bbf87
2023-07-25 18:54:27,635 [main] INFO  balancer.ContainerBalancerTask (ContainerBalancerTask.java:matchSourceWithTarget(722)) - ContainerBalancer matched source datanode 68da09a3-bb38-41a0-ba69-63ea607bbf87 with target datanode d49e4c13-e698-44cf-acc1-a889af797e58 for container move.
2023-07-25 18:54:27,635 [main] INFO  balancer.ContainerBalancerTask (ContainerBalancerTask.java:processMoveSelection(569)) - ContainerBalancer is trying to move container #69 with size 1073741824B from source datanode 68da09a3-bb38-41a0-ba69-63ea607bbf87 to target datanode d49e4c13-e698-44cf-acc1-a889af797e58
2023-07-25 18:54:27,635 [main] DEBUG balancer.ContainerBalancerTask (ContainerBalancerTask.java:lambda$moveContainer$3(837)) - Container move completed for container #69 from source 68da09a3-bb38-41a0-ba69-63ea607bbf87 to target d49e4c13-e698-44cf-acc1-a889af797e58
2023-07-25 18:54:27,637 [main] DEBUG balancer.ContainerBalancerTask (ContainerBalancerTask.java:matchSourceWithTarget(701)) - ContainerBalancer could not find any candidate containers for datanode 68da09a3-bb38-41a0-ba69-63ea607bbf87
2023-07-25 18:54:27,637 [main] INFO  balancer.FindSourceGreedy (FindSourceGreedy.java:getNextCandidateSourceDataNode(126)) - no more candidate source data node
2023-07-25 18:54:27,637 [main] INFO  balancer.ContainerBalancerTask (ContainerBalancerTask.java:checkIterationMoveResults(642)) - Iteration Summary. Number of Datanodes involved: 4. Size moved: 52 GB (55834574848 Bytes). Number of Container moves completed: 19.
2023-07-25 18:54:27,637 [main] INFO  balancer.ContainerBalancerTask (ContainerBalancerTask.java:balance(259)) - Result of this iteration of Container Balancer: ITERATION_COMPLETED
2023-07-25 18:54:27,637 [main] INFO  balancer.ContainerBalancerTask (ContainerBalancerTask.java:tryStopWithSaveConfiguration(308)) - Save Configuration for stopping. Reason: Completed all iterations.
]]></system-out>
  </testcase>
  <testcase name="testBalancerWithMoveManager" classname="org.apache.hadoop.hdds.scm.container.balancer.TestContainerBalancerTask" time="0.095">
    <system-out><![CDATA[2023-07-25 18:54:27,664 [main] INFO  net.NodeSchemaLoader (NodeSchemaLoader.java:loadSchemaFromFile(129)) - Loading schema from [file:/home/runner/work/ozone/ozone/hadoop-hdds/common/target/classes/network-topology-default.xml]
2023-07-25 18:54:27,664 [main] INFO  net.NodeSchemaLoader (NodeSchemaLoader.java:loadSchema(176)) - Loading network topology layer schema file
2023-07-25 18:54:27,666 [main] INFO  net.NetworkTopologyImpl (NetworkTopologyImpl.java:add(112)) - Added a new node: /default-rack/88a1fcb6-5cd1-411d-bd56-656c1eb0b761
2023-07-25 18:54:27,666 [main] INFO  net.NetworkTopologyImpl (NetworkTopologyImpl.java:add(112)) - Added a new node: /default-rack/d876e207-8638-4628-a14f-d5f832d30385
2023-07-25 18:54:27,666 [main] INFO  net.NetworkTopologyImpl (NetworkTopologyImpl.java:add(112)) - Added a new node: /default-rack/e347a0e1-d5cb-4406-a195-4244ee3c9937
2023-07-25 18:54:27,666 [main] INFO  net.NetworkTopologyImpl (NetworkTopologyImpl.java:add(112)) - Added a new node: /default-rack/3554e4d6-417c-4e30-b36d-b299a77d6625
2023-07-25 18:54:27,666 [main] INFO  net.NetworkTopologyImpl (NetworkTopologyImpl.java:add(112)) - Added a new node: /default-rack/f45ab156-4736-48cc-84ce-d9cf43312694
2023-07-25 18:54:27,667 [main] INFO  net.NetworkTopologyImpl (NetworkTopologyImpl.java:add(112)) - Added a new node: /default-rack/6f8e9820-6591-4a00-93f4-8e434b40214c
2023-07-25 18:54:27,667 [main] INFO  net.NetworkTopologyImpl (NetworkTopologyImpl.java:add(112)) - Added a new node: /default-rack/0b959501-3083-46d4-85ce-8283716b88c3
2023-07-25 18:54:27,667 [main] INFO  net.NetworkTopologyImpl (NetworkTopologyImpl.java:add(112)) - Added a new node: /default-rack/139a0a80-9b09-4ac6-8886-f6705f240401
2023-07-25 18:54:27,667 [main] INFO  net.NetworkTopologyImpl (NetworkTopologyImpl.java:add(112)) - Added a new node: /default-rack/0550c766-ce9b-4ca8-92b0-960aa9b8391c
2023-07-25 18:54:27,667 [main] INFO  net.NetworkTopologyImpl (NetworkTopologyImpl.java:add(112)) - Added a new node: /default-rack/4b00aba4-660c-4960-96f4-d28ffedf3342
2023-07-25 18:54:27,667 [main] INFO  algorithms.ContainerPlacementPolicyFactory (ContainerPlacementPolicyFactory.java:getPolicyInternal(86)) - Create container placement policy of type org.apache.hadoop.hdds.scm.container.placement.algorithms.SCMContainerPlacementRackAware
2023-07-25 18:54:27,668 [main] INFO  algorithms.ContainerPlacementPolicyFactory (ContainerPlacementPolicyFactory.java:getPolicyInternal(86)) - Create container placement policy of type org.apache.hadoop.hdds.scm.container.placement.algorithms.SCMContainerPlacementRackScatter
2023-07-25 18:54:27,675 [main] DEBUG balancer.ContainerBalancerTask (ContainerBalancerTask.java:initializeIteration(374)) - Average utilization of the cluster is 0.32099764593307323
2023-07-25 18:54:27,675 [main] DEBUG balancer.ContainerBalancerTask (ContainerBalancerTask.java:initializeIteration(386)) - Lower limit for utilization is 0.22099764593307322 and Upper limit for utilization is 0.4209976459330732
2023-07-25 18:54:27,675 [main] DEBUG balancer.ContainerBalancerTask (ContainerBalancerTask.java:initializeIteration(398)) - Utilization for node 0550c766-ce9b-4ca8-92b0-960aa9b8391c with capacity 48914905315B, used 44023414784B, and remaining 4891490531B is 0.9000000000102218
2023-07-25 18:54:27,675 [main] DEBUG balancer.ContainerBalancerTask (ContainerBalancerTask.java:initializeIteration(398)) - Utilization for node e347a0e1-d5cb-4406-a195-4244ee3c9937 with capacity 49660559360B, used 39728447488B, and remaining 9932111872B is 0.8
2023-07-25 18:54:27,675 [main] DEBUG balancer.ContainerBalancerTask (ContainerBalancerTask.java:initializeIteration(398)) - Utilization for node 139a0a80-9b09-4ac6-8886-f6705f240401 with capacity 55221008091B, used 38654705664B, and remaining 16566302427B is 0.7000000000054327
2023-07-25 18:54:27,675 [main] DEBUG balancer.ContainerBalancerTask (ContainerBalancerTask.java:initializeIteration(398)) - Utilization for node 0b959501-3083-46d4-85ce-8283716b88c3 with capacity 75161927680B, used 45097156608B, and remaining 30064771072B is 0.6
2023-07-25 18:54:27,675 [main] DEBUG balancer.ContainerBalancerTask (ContainerBalancerTask.java:initializeIteration(398)) - Utilization for node d876e207-8638-4628-a14f-d5f832d30385 with capacity 120259084288B, used 60129542144B, and remaining 60129542144B is 0.5
2023-07-25 18:54:27,676 [main] DEBUG balancer.ContainerBalancerTask (ContainerBalancerTask.java:initializeIteration(398)) - Utilization for node f45ab156-4736-48cc-84ce-d9cf43312694 with capacity 136902082560B, used 54760833024B, and remaining 82141249536B is 0.4
2023-07-25 18:54:27,676 [main] DEBUG balancer.ContainerBalancerTask (ContainerBalancerTask.java:initializeIteration(398)) - Utilization for node 4b00aba4-660c-4960-96f4-d28ffedf3342 with capacity 96636764160B, used 28991029248B, and remaining 67645734912B is 0.3
2023-07-25 18:54:27,676 [main] DEBUG balancer.ContainerBalancerTask (ContainerBalancerTask.java:initializeIteration(398)) - Utilization for node 3554e4d6-417c-4e30-b36d-b299a77d6625 with capacity 177167400960B, used 35433480192B, and remaining 141733920768B is 0.2
2023-07-25 18:54:27,676 [main] DEBUG balancer.ContainerBalancerTask (ContainerBalancerTask.java:initializeIteration(398)) - Utilization for node 6f8e9820-6591-4a00-93f4-8e434b40214c with capacity 418759311360B, used 41875931136B, and remaining 376883380224B is 0.1
2023-07-25 18:54:27,676 [main] DEBUG balancer.ContainerBalancerTask (ContainerBalancerTask.java:initializeIteration(398)) - Utilization for node 88a1fcb6-5cd1-411d-bd56-656c1eb0b761 with capacity 32212254720B, used 0B, and remaining 32212254720B is 0.0
2023-07-25 18:54:27,676 [main] INFO  balancer.ContainerBalancerTask (ContainerBalancerTask.java:initializeIteration(447)) - Container Balancer has identified 5 Over-Utilized and 3 Under-Utilized Datanodes that need to be balanced.
2023-07-25 18:54:27,676 [main] DEBUG balancer.ContainerBalancerTask (ContainerBalancerTask.java:lambda$initializeIteration$1(453)) - Datanode localhost-191.230.118.247 0550c766-ce9b-4ca8-92b0-960aa9b8391c is Over-Utilized.
2023-07-25 18:54:27,676 [main] DEBUG balancer.ContainerBalancerTask (ContainerBalancerTask.java:lambda$initializeIteration$1(453)) - Datanode localhost-89.18.98.234 e347a0e1-d5cb-4406-a195-4244ee3c9937 is Over-Utilized.
2023-07-25 18:54:27,676 [main] DEBUG balancer.ContainerBalancerTask (ContainerBalancerTask.java:lambda$initializeIteration$1(453)) - Datanode localhost-113.28.155.205 139a0a80-9b09-4ac6-8886-f6705f240401 is Over-Utilized.
2023-07-25 18:54:27,676 [main] DEBUG balancer.ContainerBalancerTask (ContainerBalancerTask.java:lambda$initializeIteration$1(453)) - Datanode localhost-200.232.167.160 0b959501-3083-46d4-85ce-8283716b88c3 is Over-Utilized.
2023-07-25 18:54:27,677 [main] DEBUG balancer.ContainerBalancerTask (ContainerBalancerTask.java:lambda$initializeIteration$1(453)) - Datanode localhost-22.143.112.107 d876e207-8638-4628-a14f-d5f832d30385 is Over-Utilized.
2023-07-25 18:54:27,677 [main] DEBUG balancer.ContainerBalancerTask (ContainerBalancerTask.java:lambda$initializeIteration$2(459)) - Datanode localhost-227.136.194.74 88a1fcb6-5cd1-411d-bd56-656c1eb0b761 is Under-Utilized.
2023-07-25 18:54:27,677 [main] DEBUG balancer.ContainerBalancerTask (ContainerBalancerTask.java:lambda$initializeIteration$2(459)) - Datanode localhost-165.46.168.162 6f8e9820-6591-4a00-93f4-8e434b40214c is Under-Utilized.
2023-07-25 18:54:27,677 [main] DEBUG balancer.ContainerBalancerTask (ContainerBalancerTask.java:lambda$initializeIteration$2(459)) - Datanode localhost-207.101.34.213 3554e4d6-417c-4e30-b36d-b299a77d6625 is Under-Utilized.
2023-07-25 18:54:27,679 [main] DEBUG balancer.ContainerBalancerTask (ContainerBalancerTask.java:matchSourceWithTarget(708)) - ContainerBalancer is finding suitable target for source datanode 0550c766-ce9b-4ca8-92b0-960aa9b8391c
2023-07-25 18:54:27,679 [main] INFO  balancer.ContainerBalancerTask (ContainerBalancerTask.java:matchSourceWithTarget(722)) - ContainerBalancer matched source datanode 0550c766-ce9b-4ca8-92b0-960aa9b8391c with target datanode 88a1fcb6-5cd1-411d-bd56-656c1eb0b761 for container move.
2023-07-25 18:54:27,679 [main] INFO  balancer.ContainerBalancerTask (ContainerBalancerTask.java:processMoveSelection(569)) - ContainerBalancer is trying to move container #85 with size 5368709120B from source datanode 0550c766-ce9b-4ca8-92b0-960aa9b8391c to target datanode 88a1fcb6-5cd1-411d-bd56-656c1eb0b761
2023-07-25 18:54:27,680 [main] DEBUG balancer.ContainerBalancerTask (ContainerBalancerTask.java:lambda$moveContainer$3(837)) - Container move completed for container #85 from source 0550c766-ce9b-4ca8-92b0-960aa9b8391c to target 88a1fcb6-5cd1-411d-bd56-656c1eb0b761
2023-07-25 18:54:27,682 [main] DEBUG balancer.ContainerBalancerTask (ContainerBalancerTask.java:matchSourceWithTarget(708)) - ContainerBalancer is finding suitable target for source datanode e347a0e1-d5cb-4406-a195-4244ee3c9937
2023-07-25 18:54:27,682 [main] INFO  balancer.ContainerBalancerTask (ContainerBalancerTask.java:matchSourceWithTarget(722)) - ContainerBalancer matched source datanode e347a0e1-d5cb-4406-a195-4244ee3c9937 with target datanode 6f8e9820-6591-4a00-93f4-8e434b40214c for container move.
2023-07-25 18:54:27,682 [main] INFO  balancer.ContainerBalancerTask (ContainerBalancerTask.java:processMoveSelection(569)) - ContainerBalancer is trying to move container #68 with size 5368709120B from source datanode e347a0e1-d5cb-4406-a195-4244ee3c9937 to target datanode 6f8e9820-6591-4a00-93f4-8e434b40214c
2023-07-25 18:54:27,683 [main] DEBUG balancer.ContainerBalancerTask (ContainerBalancerTask.java:lambda$moveContainer$3(837)) - Container move completed for container #68 from source e347a0e1-d5cb-4406-a195-4244ee3c9937 to target 6f8e9820-6591-4a00-93f4-8e434b40214c
2023-07-25 18:54:27,685 [main] DEBUG balancer.ContainerBalancerTask (ContainerBalancerTask.java:matchSourceWithTarget(708)) - ContainerBalancer is finding suitable target for source datanode 0550c766-ce9b-4ca8-92b0-960aa9b8391c
2023-07-25 18:54:27,685 [main] INFO  balancer.ContainerBalancerTask (ContainerBalancerTask.java:matchSourceWithTarget(722)) - ContainerBalancer matched source datanode 0550c766-ce9b-4ca8-92b0-960aa9b8391c with target datanode 6f8e9820-6591-4a00-93f4-8e434b40214c for container move.
2023-07-25 18:54:27,685 [main] INFO  balancer.ContainerBalancerTask (ContainerBalancerTask.java:processMoveSelection(569)) - ContainerBalancer is trying to move container #89 with size 4294967296B from source datanode 0550c766-ce9b-4ca8-92b0-960aa9b8391c to target datanode 6f8e9820-6591-4a00-93f4-8e434b40214c
2023-07-25 18:54:27,685 [main] DEBUG balancer.ContainerBalancerTask (ContainerBalancerTask.java:lambda$moveContainer$3(837)) - Container move completed for container #89 from source 0550c766-ce9b-4ca8-92b0-960aa9b8391c to target 6f8e9820-6591-4a00-93f4-8e434b40214c
2023-07-25 18:54:27,687 [main] DEBUG balancer.ContainerBalancerTask (ContainerBalancerTask.java:matchSourceWithTarget(708)) - ContainerBalancer is finding suitable target for source datanode 0550c766-ce9b-4ca8-92b0-960aa9b8391c
2023-07-25 18:54:27,687 [main] INFO  balancer.ContainerBalancerTask (ContainerBalancerTask.java:matchSourceWithTarget(722)) - ContainerBalancer matched source datanode 0550c766-ce9b-4ca8-92b0-960aa9b8391c with target datanode 6f8e9820-6591-4a00-93f4-8e434b40214c for container move.
2023-07-25 18:54:27,688 [main] INFO  balancer.ContainerBalancerTask (ContainerBalancerTask.java:processMoveSelection(569)) - ContainerBalancer is trying to move container #84 with size 4294967296B from source datanode 0550c766-ce9b-4ca8-92b0-960aa9b8391c to target datanode 6f8e9820-6591-4a00-93f4-8e434b40214c
2023-07-25 18:54:27,688 [main] DEBUG balancer.ContainerBalancerTask (ContainerBalancerTask.java:lambda$moveContainer$3(837)) - Container move completed for container #84 from source 0550c766-ce9b-4ca8-92b0-960aa9b8391c to target 6f8e9820-6591-4a00-93f4-8e434b40214c
2023-07-25 18:54:27,690 [main] DEBUG balancer.ContainerBalancerTask (ContainerBalancerTask.java:matchSourceWithTarget(708)) - ContainerBalancer is finding suitable target for source datanode 139a0a80-9b09-4ac6-8886-f6705f240401
2023-07-25 18:54:27,690 [main] INFO  balancer.ContainerBalancerTask (ContainerBalancerTask.java:matchSourceWithTarget(722)) - ContainerBalancer matched source datanode 139a0a80-9b09-4ac6-8886-f6705f240401 with target datanode 6f8e9820-6591-4a00-93f4-8e434b40214c for container move.
2023-07-25 18:54:27,691 [main] INFO  balancer.ContainerBalancerTask (ContainerBalancerTask.java:processMoveSelection(569)) - ContainerBalancer is trying to move container #52 with size 4294967296B from source datanode 139a0a80-9b09-4ac6-8886-f6705f240401 to target datanode 6f8e9820-6591-4a00-93f4-8e434b40214c
2023-07-25 18:54:27,691 [main] DEBUG balancer.ContainerBalancerTask (ContainerBalancerTask.java:lambda$moveContainer$3(837)) - Container move completed for container #52 from source 139a0a80-9b09-4ac6-8886-f6705f240401 to target 6f8e9820-6591-4a00-93f4-8e434b40214c
2023-07-25 18:54:27,693 [main] DEBUG balancer.ContainerBalancerTask (ContainerBalancerTask.java:matchSourceWithTarget(708)) - ContainerBalancer is finding suitable target for source datanode e347a0e1-d5cb-4406-a195-4244ee3c9937
2023-07-25 18:54:27,694 [main] INFO  balancer.ContainerBalancerTask (ContainerBalancerTask.java:matchSourceWithTarget(722)) - ContainerBalancer matched source datanode e347a0e1-d5cb-4406-a195-4244ee3c9937 with target datanode 6f8e9820-6591-4a00-93f4-8e434b40214c for container move.
2023-07-25 18:54:27,694 [main] INFO  balancer.ContainerBalancerTask (ContainerBalancerTask.java:processMoveSelection(569)) - ContainerBalancer is trying to move container #19 with size 4294967296B from source datanode e347a0e1-d5cb-4406-a195-4244ee3c9937 to target datanode 6f8e9820-6591-4a00-93f4-8e434b40214c
2023-07-25 18:54:27,694 [main] DEBUG balancer.ContainerBalancerTask (ContainerBalancerTask.java:lambda$moveContainer$3(837)) - Container move completed for container #19 from source e347a0e1-d5cb-4406-a195-4244ee3c9937 to target 6f8e9820-6591-4a00-93f4-8e434b40214c
2023-07-25 18:54:27,697 [main] DEBUG balancer.ContainerBalancerTask (ContainerBalancerTask.java:matchSourceWithTarget(708)) - ContainerBalancer is finding suitable target for source datanode 139a0a80-9b09-4ac6-8886-f6705f240401
2023-07-25 18:54:27,697 [main] INFO  balancer.ContainerBalancerTask (ContainerBalancerTask.java:matchSourceWithTarget(722)) - ContainerBalancer matched source datanode 139a0a80-9b09-4ac6-8886-f6705f240401 with target datanode 6f8e9820-6591-4a00-93f4-8e434b40214c for container move.
2023-07-25 18:54:27,697 [main] INFO  balancer.ContainerBalancerTask (ContainerBalancerTask.java:processMoveSelection(569)) - ContainerBalancer is trying to move container #51 with size 3221225472B from source datanode 139a0a80-9b09-4ac6-8886-f6705f240401 to target datanode 6f8e9820-6591-4a00-93f4-8e434b40214c
2023-07-25 18:54:27,697 [main] DEBUG balancer.ContainerBalancerTask (ContainerBalancerTask.java:lambda$moveContainer$3(837)) - Container move completed for container #51 from source 139a0a80-9b09-4ac6-8886-f6705f240401 to target 6f8e9820-6591-4a00-93f4-8e434b40214c
2023-07-25 18:54:27,699 [main] DEBUG balancer.ContainerBalancerTask (ContainerBalancerTask.java:matchSourceWithTarget(708)) - ContainerBalancer is finding suitable target for source datanode 0550c766-ce9b-4ca8-92b0-960aa9b8391c
2023-07-25 18:54:27,700 [main] INFO  balancer.ContainerBalancerTask (ContainerBalancerTask.java:matchSourceWithTarget(722)) - ContainerBalancer matched source datanode 0550c766-ce9b-4ca8-92b0-960aa9b8391c with target datanode 6f8e9820-6591-4a00-93f4-8e434b40214c for container move.
2023-07-25 18:54:27,700 [main] INFO  balancer.ContainerBalancerTask (ContainerBalancerTask.java:processMoveSelection(569)) - ContainerBalancer is trying to move container #88 with size 3221225472B from source datanode 0550c766-ce9b-4ca8-92b0-960aa9b8391c to target datanode 6f8e9820-6591-4a00-93f4-8e434b40214c
2023-07-25 18:54:27,700 [main] DEBUG balancer.ContainerBalancerTask (ContainerBalancerTask.java:lambda$moveContainer$3(837)) - Container move completed for container #88 from source 0550c766-ce9b-4ca8-92b0-960aa9b8391c to target 6f8e9820-6591-4a00-93f4-8e434b40214c
2023-07-25 18:54:27,703 [main] DEBUG balancer.ContainerBalancerTask (ContainerBalancerTask.java:matchSourceWithTarget(708)) - ContainerBalancer is finding suitable target for source datanode e347a0e1-d5cb-4406-a195-4244ee3c9937
2023-07-25 18:54:27,703 [main] INFO  balancer.ContainerBalancerTask (ContainerBalancerTask.java:matchSourceWithTarget(722)) - ContainerBalancer matched source datanode e347a0e1-d5cb-4406-a195-4244ee3c9937 with target datanode 88a1fcb6-5cd1-411d-bd56-656c1eb0b761 for container move.
2023-07-25 18:54:27,703 [main] INFO  balancer.ContainerBalancerTask (ContainerBalancerTask.java:processMoveSelection(569)) - ContainerBalancer is trying to move container #67 with size 4294967296B from source datanode e347a0e1-d5cb-4406-a195-4244ee3c9937 to target datanode 88a1fcb6-5cd1-411d-bd56-656c1eb0b761
2023-07-25 18:54:27,703 [main] DEBUG balancer.ContainerBalancerTask (ContainerBalancerTask.java:lambda$moveContainer$3(837)) - Container move completed for container #67 from source e347a0e1-d5cb-4406-a195-4244ee3c9937 to target 88a1fcb6-5cd1-411d-bd56-656c1eb0b761
2023-07-25 18:54:27,706 [main] DEBUG balancer.ContainerBalancerTask (ContainerBalancerTask.java:matchSourceWithTarget(708)) - ContainerBalancer is finding suitable target for source datanode 0b959501-3083-46d4-85ce-8283716b88c3
2023-07-25 18:54:27,706 [main] INFO  balancer.ContainerBalancerTask (ContainerBalancerTask.java:matchSourceWithTarget(722)) - ContainerBalancer matched source datanode 0b959501-3083-46d4-85ce-8283716b88c3 with target datanode 6f8e9820-6591-4a00-93f4-8e434b40214c for container move.
2023-07-25 18:54:27,706 [main] INFO  balancer.ContainerBalancerTask (ContainerBalancerTask.java:processMoveSelection(569)) - ContainerBalancer is trying to move container #40 with size 5368709120B from source datanode 0b959501-3083-46d4-85ce-8283716b88c3 to target datanode 6f8e9820-6591-4a00-93f4-8e434b40214c
2023-07-25 18:54:27,706 [main] DEBUG balancer.ContainerBalancerTask (ContainerBalancerTask.java:lambda$moveContainer$3(837)) - Container move completed for container #40 from source 0b959501-3083-46d4-85ce-8283716b88c3 to target 6f8e9820-6591-4a00-93f4-8e434b40214c
2023-07-25 18:54:27,709 [main] DEBUG balancer.ContainerBalancerTask (ContainerBalancerTask.java:matchSourceWithTarget(708)) - ContainerBalancer is finding suitable target for source datanode 139a0a80-9b09-4ac6-8886-f6705f240401
2023-07-25 18:54:27,710 [main] INFO  balancer.ContainerBalancerTask (ContainerBalancerTask.java:matchSourceWithTarget(722)) - ContainerBalancer matched source datanode 139a0a80-9b09-4ac6-8886-f6705f240401 with target datanode 6f8e9820-6591-4a00-93f4-8e434b40214c for container move.
2023-07-25 18:54:27,710 [main] INFO  balancer.ContainerBalancerTask (ContainerBalancerTask.java:processMoveSelection(569)) - ContainerBalancer is trying to move container #37 with size 2147483648B from source datanode 139a0a80-9b09-4ac6-8886-f6705f240401 to target datanode 6f8e9820-6591-4a00-93f4-8e434b40214c
2023-07-25 18:54:27,710 [main] DEBUG balancer.ContainerBalancerTask (ContainerBalancerTask.java:lambda$moveContainer$3(837)) - Container move completed for container #37 from source 139a0a80-9b09-4ac6-8886-f6705f240401 to target 6f8e9820-6591-4a00-93f4-8e434b40214c
2023-07-25 18:54:27,713 [main] DEBUG balancer.ContainerBalancerTask (ContainerBalancerTask.java:matchSourceWithTarget(708)) - ContainerBalancer is finding suitable target for source datanode 0550c766-ce9b-4ca8-92b0-960aa9b8391c
2023-07-25 18:54:27,713 [main] INFO  balancer.ContainerBalancerTask (ContainerBalancerTask.java:matchSourceWithTarget(722)) - ContainerBalancer matched source datanode 0550c766-ce9b-4ca8-92b0-960aa9b8391c with target datanode 6f8e9820-6591-4a00-93f4-8e434b40214c for container move.
2023-07-25 18:54:27,713 [main] INFO  balancer.ContainerBalancerTask (ContainerBalancerTask.java:processMoveSelection(569)) - ContainerBalancer is trying to move container #83 with size 3221225472B from source datanode 0550c766-ce9b-4ca8-92b0-960aa9b8391c to target datanode 6f8e9820-6591-4a00-93f4-8e434b40214c
2023-07-25 18:54:27,713 [main] DEBUG balancer.ContainerBalancerTask (ContainerBalancerTask.java:lambda$moveContainer$3(837)) - Container move completed for container #83 from source 0550c766-ce9b-4ca8-92b0-960aa9b8391c to target 6f8e9820-6591-4a00-93f4-8e434b40214c
2023-07-25 18:54:27,716 [main] DEBUG balancer.ContainerBalancerTask (ContainerBalancerTask.java:matchSourceWithTarget(708)) - ContainerBalancer is finding suitable target for source datanode 0b959501-3083-46d4-85ce-8283716b88c3
2023-07-25 18:54:27,716 [main] INFO  balancer.ContainerBalancerTask (ContainerBalancerTask.java:matchSourceWithTarget(722)) - ContainerBalancer matched source datanode 0b959501-3083-46d4-85ce-8283716b88c3 with target datanode 6f8e9820-6591-4a00-93f4-8e434b40214c for container move.
2023-07-25 18:54:27,717 [main] INFO  balancer.ContainerBalancerTask (ContainerBalancerTask.java:processMoveSelection(569)) - ContainerBalancer is trying to move container #38 with size 3221225472B from source datanode 0b959501-3083-46d4-85ce-8283716b88c3 to target datanode 6f8e9820-6591-4a00-93f4-8e434b40214c
2023-07-25 18:54:27,717 [main] DEBUG balancer.ContainerBalancerTask (ContainerBalancerTask.java:lambda$moveContainer$3(837)) - Container move completed for container #38 from source 0b959501-3083-46d4-85ce-8283716b88c3 to target 6f8e9820-6591-4a00-93f4-8e434b40214c
2023-07-25 18:54:27,720 [main] DEBUG balancer.ContainerBalancerTask (ContainerBalancerTask.java:matchSourceWithTarget(708)) - ContainerBalancer is finding suitable target for source datanode 139a0a80-9b09-4ac6-8886-f6705f240401
2023-07-25 18:54:27,720 [main] INFO  balancer.ContainerBalancerTask (ContainerBalancerTask.java:matchSourceWithTarget(722)) - ContainerBalancer matched source datanode 139a0a80-9b09-4ac6-8886-f6705f240401 with target datanode 3554e4d6-417c-4e30-b36d-b299a77d6625 for container move.
2023-07-25 18:54:27,720 [main] INFO  balancer.ContainerBalancerTask (ContainerBalancerTask.java:processMoveSelection(569)) - ContainerBalancer is trying to move container #54 with size 1073741824B from source datanode 139a0a80-9b09-4ac6-8886-f6705f240401 to target datanode 3554e4d6-417c-4e30-b36d-b299a77d6625
2023-07-25 18:54:27,720 [main] DEBUG balancer.ContainerBalancerTask (ContainerBalancerTask.java:lambda$moveContainer$3(837)) - Container move completed for container #54 from source 139a0a80-9b09-4ac6-8886-f6705f240401 to target 3554e4d6-417c-4e30-b36d-b299a77d6625
2023-07-25 18:54:27,721 [main] WARN  balancer.ContainerBalancerTask (ContainerBalancerTask.java:reachedMaxSizeToMovePerIteration(733)) - Reached max size to move limit. 53687091200 bytes have already been scheduled for balancing and the limit is 53687091200 bytes.
2023-07-25 18:54:27,721 [main] INFO  balancer.ContainerBalancerTask (ContainerBalancerTask.java:checkIterationMoveResults(642)) - Iteration Summary. Number of Datanodes involved: 7. Size moved: 50 GB (53687091200 Bytes). Number of Container moves completed: 14.
2023-07-25 18:54:27,721 [main] INFO  balancer.ContainerBalancerTask (ContainerBalancerTask.java:balance(259)) - Result of this iteration of Container Balancer: ITERATION_COMPLETED
2023-07-25 18:54:27,721 [main] INFO  balancer.ContainerBalancerTask (ContainerBalancerTask.java:tryStopWithSaveConfiguration(308)) - Save Configuration for stopping. Reason: Completed all iterations.
]]></system-out>
  </testcase>
  <testcase name="balancerShouldExcludeECContainersWhenLegacyRmIsEnabled" classname="org.apache.hadoop.hdds.scm.container.balancer.TestContainerBalancerTask" time="0.086">
    <system-out><![CDATA[2023-07-25 18:54:27,758 [main] INFO  net.NodeSchemaLoader (NodeSchemaLoader.java:loadSchemaFromFile(129)) - Loading schema from [file:/home/runner/work/ozone/ozone/hadoop-hdds/common/target/classes/network-topology-default.xml]
2023-07-25 18:54:27,759 [main] INFO  net.NodeSchemaLoader (NodeSchemaLoader.java:loadSchema(176)) - Loading network topology layer schema file
2023-07-25 18:54:27,760 [main] INFO  net.NetworkTopologyImpl (NetworkTopologyImpl.java:add(112)) - Added a new node: /default-rack/4e483c5f-fe98-4018-9e85-f1554658fbcd
2023-07-25 18:54:27,760 [main] INFO  net.NetworkTopologyImpl (NetworkTopologyImpl.java:add(112)) - Added a new node: /default-rack/7fd91e2f-0146-4e0f-9afe-6f43f93a655f
2023-07-25 18:54:27,760 [main] INFO  net.NetworkTopologyImpl (NetworkTopologyImpl.java:add(112)) - Added a new node: /default-rack/51637f7b-256e-41b4-b536-1eeda96d95bc
2023-07-25 18:54:27,761 [main] INFO  net.NetworkTopologyImpl (NetworkTopologyImpl.java:add(112)) - Added a new node: /default-rack/d6e3f9ab-ebd1-46c6-af6e-f230a515852c
2023-07-25 18:54:27,761 [main] INFO  net.NetworkTopologyImpl (NetworkTopologyImpl.java:add(112)) - Added a new node: /default-rack/6995cd85-0cdb-46b8-b7cf-6b6f772bb451
2023-07-25 18:54:27,761 [main] INFO  net.NetworkTopologyImpl (NetworkTopologyImpl.java:add(112)) - Added a new node: /default-rack/eabc2b22-2698-4293-a558-18ee5742f96b
2023-07-25 18:54:27,761 [main] INFO  net.NetworkTopologyImpl (NetworkTopologyImpl.java:add(112)) - Added a new node: /default-rack/95e95e68-b8db-4b40-afba-a2ae009cd138
2023-07-25 18:54:27,761 [main] INFO  net.NetworkTopologyImpl (NetworkTopologyImpl.java:add(112)) - Added a new node: /default-rack/bbe84d5b-7c9c-489b-9d02-629af72d91aa
2023-07-25 18:54:27,761 [main] INFO  net.NetworkTopologyImpl (NetworkTopologyImpl.java:add(112)) - Added a new node: /default-rack/cd6e850e-87d8-4cf7-8da9-7497084f2f30
2023-07-25 18:54:27,761 [main] INFO  net.NetworkTopologyImpl (NetworkTopologyImpl.java:add(112)) - Added a new node: /default-rack/24ede7ed-3b21-4f22-9742-87bbf8b16904
2023-07-25 18:54:27,761 [main] INFO  algorithms.ContainerPlacementPolicyFactory (ContainerPlacementPolicyFactory.java:getPolicyInternal(86)) - Create container placement policy of type org.apache.hadoop.hdds.scm.container.placement.algorithms.SCMContainerPlacementRackAware
2023-07-25 18:54:27,762 [main] INFO  algorithms.ContainerPlacementPolicyFactory (ContainerPlacementPolicyFactory.java:getPolicyInternal(86)) - Create container placement policy of type org.apache.hadoop.hdds.scm.container.placement.algorithms.SCMContainerPlacementRackScatter
2023-07-25 18:54:27,765 [main] DEBUG balancer.ContainerBalancerTask (ContainerBalancerTask.java:initializeIteration(374)) - Average utilization of the cluster is 0.3217385398982993
2023-07-25 18:54:27,765 [main] DEBUG balancer.ContainerBalancerTask (ContainerBalancerTask.java:initializeIteration(386)) - Lower limit for utilization is 0.2217385398982993 and Upper limit for utilization is 0.42173853989829935
2023-07-25 18:54:27,765 [main] DEBUG balancer.ContainerBalancerTask (ContainerBalancerTask.java:initializeIteration(398)) - Utilization for node bbe84d5b-7c9c-489b-9d02-629af72d91aa with capacity 45335765902B, used 40802189312B, and remaining 4533576590B is 0.9000000000044115
2023-07-25 18:54:27,765 [main] DEBUG balancer.ContainerBalancerTask (ContainerBalancerTask.java:initializeIteration(398)) - Utilization for node cd6e850e-87d8-4cf7-8da9-7497084f2f30 with capacity 56371445760B, used 45097156608B, and remaining 11274289152B is 0.8
2023-07-25 18:54:27,765 [main] DEBUG balancer.ContainerBalancerTask (ContainerBalancerTask.java:initializeIteration(398)) - Utilization for node 95e95e68-b8db-4b40-afba-a2ae009cd138 with capacity 76695844571B, used 53687091200B, and remaining 23008753371B is 0.7000000000039116
2023-07-25 18:54:27,765 [main] DEBUG balancer.ContainerBalancerTask (ContainerBalancerTask.java:initializeIteration(398)) - Utilization for node eabc2b22-2698-4293-a558-18ee5742f96b with capacity 75161927680B, used 45097156608B, and remaining 30064771072B is 0.6
2023-07-25 18:54:27,765 [main] DEBUG balancer.ContainerBalancerTask (ContainerBalancerTask.java:initializeIteration(398)) - Utilization for node 6995cd85-0cdb-46b8-b7cf-6b6f772bb451 with capacity 73014444032B, used 36507222016B, and remaining 36507222016B is 0.5
2023-07-25 18:54:27,765 [main] DEBUG balancer.ContainerBalancerTask (ContainerBalancerTask.java:initializeIteration(398)) - Utilization for node 24ede7ed-3b21-4f22-9742-87bbf8b16904 with capacity 115427246080B, used 46170898432B, and remaining 69256347648B is 0.4
2023-07-25 18:54:27,765 [main] DEBUG balancer.ContainerBalancerTask (ContainerBalancerTask.java:initializeIteration(398)) - Utilization for node d6e3f9ab-ebd1-46c6-af6e-f230a515852c with capacity 150323855360B, used 45097156608B, and remaining 105226698752B is 0.3
2023-07-25 18:54:27,766 [main] DEBUG balancer.ContainerBalancerTask (ContainerBalancerTask.java:initializeIteration(398)) - Utilization for node 51637f7b-256e-41b4-b536-1eeda96d95bc with capacity 289910292480B, used 57982058496B, and remaining 231928233984B is 0.2
2023-07-25 18:54:27,766 [main] DEBUG balancer.ContainerBalancerTask (ContainerBalancerTask.java:initializeIteration(398)) - Utilization for node 4e483c5f-fe98-4018-9e85-f1554658fbcd with capacity 332859965440B, used 33285996544B, and remaining 299573968896B is 0.1
2023-07-25 18:54:27,766 [main] DEBUG balancer.ContainerBalancerTask (ContainerBalancerTask.java:initializeIteration(398)) - Utilization for node 7fd91e2f-0146-4e0f-9afe-6f43f93a655f with capacity 39728447488B, used 0B, and remaining 39728447488B is 0.0
2023-07-25 18:54:27,766 [main] INFO  balancer.ContainerBalancerTask (ContainerBalancerTask.java:initializeIteration(447)) - Container Balancer has identified 5 Over-Utilized and 3 Under-Utilized Datanodes that need to be balanced.
2023-07-25 18:54:27,766 [main] DEBUG balancer.ContainerBalancerTask (ContainerBalancerTask.java:lambda$initializeIteration$1(453)) - Datanode localhost-100.129.203.113 bbe84d5b-7c9c-489b-9d02-629af72d91aa is Over-Utilized.
2023-07-25 18:54:27,766 [main] DEBUG balancer.ContainerBalancerTask (ContainerBalancerTask.java:lambda$initializeIteration$1(453)) - Datanode localhost-80.13.93.132 cd6e850e-87d8-4cf7-8da9-7497084f2f30 is Over-Utilized.
2023-07-25 18:54:27,766 [main] DEBUG balancer.ContainerBalancerTask (ContainerBalancerTask.java:lambda$initializeIteration$1(453)) - Datanode localhost-23.88.249.2 95e95e68-b8db-4b40-afba-a2ae009cd138 is Over-Utilized.
2023-07-25 18:54:27,766 [main] DEBUG balancer.ContainerBalancerTask (ContainerBalancerTask.java:lambda$initializeIteration$1(453)) - Datanode localhost-137.110.160.131 eabc2b22-2698-4293-a558-18ee5742f96b is Over-Utilized.
2023-07-25 18:54:27,766 [main] DEBUG balancer.ContainerBalancerTask (ContainerBalancerTask.java:lambda$initializeIteration$1(453)) - Datanode localhost-241.252.131.179 6995cd85-0cdb-46b8-b7cf-6b6f772bb451 is Over-Utilized.
2023-07-25 18:54:27,766 [main] DEBUG balancer.ContainerBalancerTask (ContainerBalancerTask.java:lambda$initializeIteration$2(459)) - Datanode localhost-230.52.59.60 7fd91e2f-0146-4e0f-9afe-6f43f93a655f is Under-Utilized.
2023-07-25 18:54:27,766 [main] DEBUG balancer.ContainerBalancerTask (ContainerBalancerTask.java:lambda$initializeIteration$2(459)) - Datanode localhost-239.103.139.182 4e483c5f-fe98-4018-9e85-f1554658fbcd is Under-Utilized.
2023-07-25 18:54:27,767 [main] DEBUG balancer.ContainerBalancerTask (ContainerBalancerTask.java:lambda$initializeIteration$2(459)) - Datanode localhost-125.223.190.101 51637f7b-256e-41b4-b536-1eeda96d95bc is Under-Utilized.
2023-07-25 18:54:27,769 [main] DEBUG balancer.ContainerBalancerTask (ContainerBalancerTask.java:matchSourceWithTarget(708)) - ContainerBalancer is finding suitable target for source datanode bbe84d5b-7c9c-489b-9d02-629af72d91aa
2023-07-25 18:54:27,769 [main] INFO  balancer.ContainerBalancerTask (ContainerBalancerTask.java:matchSourceWithTarget(722)) - ContainerBalancer matched source datanode bbe84d5b-7c9c-489b-9d02-629af72d91aa with target datanode 7fd91e2f-0146-4e0f-9afe-6f43f93a655f for container move.
2023-07-25 18:54:27,769 [main] INFO  balancer.ContainerBalancerTask (ContainerBalancerTask.java:processMoveSelection(569)) - ContainerBalancer is trying to move container #84 with size 4294967296B from source datanode bbe84d5b-7c9c-489b-9d02-629af72d91aa to target datanode 7fd91e2f-0146-4e0f-9afe-6f43f93a655f
2023-07-25 18:54:27,769 [main] DEBUG balancer.ContainerBalancerTask (ContainerBalancerTask.java:lambda$moveContainer$3(837)) - Container move completed for container #84 from source bbe84d5b-7c9c-489b-9d02-629af72d91aa to target 7fd91e2f-0146-4e0f-9afe-6f43f93a655f
2023-07-25 18:54:27,771 [main] DEBUG balancer.ContainerBalancerTask (ContainerBalancerTask.java:matchSourceWithTarget(708)) - ContainerBalancer is finding suitable target for source datanode bbe84d5b-7c9c-489b-9d02-629af72d91aa
2023-07-25 18:54:27,772 [main] INFO  balancer.ContainerBalancerTask (ContainerBalancerTask.java:matchSourceWithTarget(722)) - ContainerBalancer matched source datanode bbe84d5b-7c9c-489b-9d02-629af72d91aa with target datanode 4e483c5f-fe98-4018-9e85-f1554658fbcd for container move.
2023-07-25 18:54:27,772 [main] INFO  balancer.ContainerBalancerTask (ContainerBalancerTask.java:processMoveSelection(569)) - ContainerBalancer is trying to move container #88 with size 3221225472B from source datanode bbe84d5b-7c9c-489b-9d02-629af72d91aa to target datanode 4e483c5f-fe98-4018-9e85-f1554658fbcd
2023-07-25 18:54:27,772 [main] DEBUG balancer.ContainerBalancerTask (ContainerBalancerTask.java:lambda$moveContainer$3(837)) - Container move completed for container #88 from source bbe84d5b-7c9c-489b-9d02-629af72d91aa to target 4e483c5f-fe98-4018-9e85-f1554658fbcd
2023-07-25 18:54:27,775 [main] DEBUG balancer.ContainerBalancerTask (ContainerBalancerTask.java:matchSourceWithTarget(708)) - ContainerBalancer is finding suitable target for source datanode cd6e850e-87d8-4cf7-8da9-7497084f2f30
2023-07-25 18:54:27,775 [main] INFO  balancer.ContainerBalancerTask (ContainerBalancerTask.java:matchSourceWithTarget(722)) - ContainerBalancer matched source datanode cd6e850e-87d8-4cf7-8da9-7497084f2f30 with target datanode 7fd91e2f-0146-4e0f-9afe-6f43f93a655f for container move.
2023-07-25 18:54:27,775 [main] INFO  balancer.ContainerBalancerTask (ContainerBalancerTask.java:processMoveSelection(569)) - ContainerBalancer is trying to move container #68 with size 5368709120B from source datanode cd6e850e-87d8-4cf7-8da9-7497084f2f30 to target datanode 7fd91e2f-0146-4e0f-9afe-6f43f93a655f
2023-07-25 18:54:27,775 [main] DEBUG balancer.ContainerBalancerTask (ContainerBalancerTask.java:lambda$moveContainer$3(837)) - Container move completed for container #68 from source cd6e850e-87d8-4cf7-8da9-7497084f2f30 to target 7fd91e2f-0146-4e0f-9afe-6f43f93a655f
2023-07-25 18:54:27,778 [main] DEBUG balancer.ContainerBalancerTask (ContainerBalancerTask.java:matchSourceWithTarget(708)) - ContainerBalancer is finding suitable target for source datanode bbe84d5b-7c9c-489b-9d02-629af72d91aa
2023-07-25 18:54:27,778 [main] INFO  balancer.ContainerBalancerTask (ContainerBalancerTask.java:matchSourceWithTarget(722)) - ContainerBalancer matched source datanode bbe84d5b-7c9c-489b-9d02-629af72d91aa with target datanode 4e483c5f-fe98-4018-9e85-f1554658fbcd for container move.
2023-07-25 18:54:27,778 [main] INFO  balancer.ContainerBalancerTask (ContainerBalancerTask.java:processMoveSelection(569)) - ContainerBalancer is trying to move container #50 with size 2147483648B from source datanode bbe84d5b-7c9c-489b-9d02-629af72d91aa to target datanode 4e483c5f-fe98-4018-9e85-f1554658fbcd
2023-07-25 18:54:27,778 [main] DEBUG balancer.ContainerBalancerTask (ContainerBalancerTask.java:lambda$moveContainer$3(837)) - Container move completed for container #50 from source bbe84d5b-7c9c-489b-9d02-629af72d91aa to target 4e483c5f-fe98-4018-9e85-f1554658fbcd
2023-07-25 18:54:27,781 [main] DEBUG balancer.ContainerBalancerTask (ContainerBalancerTask.java:matchSourceWithTarget(708)) - ContainerBalancer is finding suitable target for source datanode cd6e850e-87d8-4cf7-8da9-7497084f2f30
2023-07-25 18:54:27,781 [main] INFO  balancer.ContainerBalancerTask (ContainerBalancerTask.java:matchSourceWithTarget(722)) - ContainerBalancer matched source datanode cd6e850e-87d8-4cf7-8da9-7497084f2f30 with target datanode 4e483c5f-fe98-4018-9e85-f1554658fbcd for container move.
2023-07-25 18:54:27,781 [main] INFO  balancer.ContainerBalancerTask (ContainerBalancerTask.java:processMoveSelection(569)) - ContainerBalancer is trying to move container #66 with size 3221225472B from source datanode cd6e850e-87d8-4cf7-8da9-7497084f2f30 to target datanode 4e483c5f-fe98-4018-9e85-f1554658fbcd
2023-07-25 18:54:27,781 [main] DEBUG balancer.ContainerBalancerTask (ContainerBalancerTask.java:lambda$moveContainer$3(837)) - Container move completed for container #66 from source cd6e850e-87d8-4cf7-8da9-7497084f2f30 to target 4e483c5f-fe98-4018-9e85-f1554658fbcd
2023-07-25 18:54:27,784 [main] DEBUG balancer.ContainerBalancerTask (ContainerBalancerTask.java:matchSourceWithTarget(708)) - ContainerBalancer is finding suitable target for source datanode 95e95e68-b8db-4b40-afba-a2ae009cd138
2023-07-25 18:54:27,785 [main] INFO  balancer.ContainerBalancerTask (ContainerBalancerTask.java:matchSourceWithTarget(722)) - ContainerBalancer matched source datanode 95e95e68-b8db-4b40-afba-a2ae009cd138 with target datanode 4e483c5f-fe98-4018-9e85-f1554658fbcd for container move.
2023-07-25 18:54:27,785 [main] INFO  balancer.ContainerBalancerTask (ContainerBalancerTask.java:processMoveSelection(569)) - ContainerBalancer is trying to move container #70 with size 2147483648B from source datanode 95e95e68-b8db-4b40-afba-a2ae009cd138 to target datanode 4e483c5f-fe98-4018-9e85-f1554658fbcd
2023-07-25 18:54:27,785 [main] DEBUG balancer.ContainerBalancerTask (ContainerBalancerTask.java:lambda$moveContainer$3(837)) - Container move completed for container #70 from source 95e95e68-b8db-4b40-afba-a2ae009cd138 to target 4e483c5f-fe98-4018-9e85-f1554658fbcd
2023-07-25 18:54:27,788 [main] DEBUG balancer.ContainerBalancerTask (ContainerBalancerTask.java:matchSourceWithTarget(708)) - ContainerBalancer is finding suitable target for source datanode bbe84d5b-7c9c-489b-9d02-629af72d91aa
2023-07-25 18:54:27,788 [main] INFO  balancer.ContainerBalancerTask (ContainerBalancerTask.java:matchSourceWithTarget(722)) - ContainerBalancer matched source datanode bbe84d5b-7c9c-489b-9d02-629af72d91aa with target datanode 51637f7b-256e-41b4-b536-1eeda96d95bc for container move.
2023-07-25 18:54:27,788 [main] INFO  balancer.ContainerBalancerTask (ContainerBalancerTask.java:processMoveSelection(569)) - ContainerBalancer is trying to move container #82 with size 2147483648B from source datanode bbe84d5b-7c9c-489b-9d02-629af72d91aa to target datanode 51637f7b-256e-41b4-b536-1eeda96d95bc
2023-07-25 18:54:27,788 [main] DEBUG balancer.ContainerBalancerTask (ContainerBalancerTask.java:lambda$moveContainer$3(837)) - Container move completed for container #82 from source bbe84d5b-7c9c-489b-9d02-629af72d91aa to target 51637f7b-256e-41b4-b536-1eeda96d95bc
2023-07-25 18:54:27,791 [main] DEBUG balancer.ContainerBalancerTask (ContainerBalancerTask.java:matchSourceWithTarget(708)) - ContainerBalancer is finding suitable target for source datanode 95e95e68-b8db-4b40-afba-a2ae009cd138
2023-07-25 18:54:27,791 [main] INFO  balancer.ContainerBalancerTask (ContainerBalancerTask.java:matchSourceWithTarget(722)) - ContainerBalancer matched source datanode 95e95e68-b8db-4b40-afba-a2ae009cd138 with target datanode 51637f7b-256e-41b4-b536-1eeda96d95bc for container move.
2023-07-25 18:54:27,792 [main] INFO  balancer.ContainerBalancerTask (ContainerBalancerTask.java:processMoveSelection(569)) - ContainerBalancer is trying to move container #52 with size 4294967296B from source datanode 95e95e68-b8db-4b40-afba-a2ae009cd138 to target datanode 51637f7b-256e-41b4-b536-1eeda96d95bc
2023-07-25 18:54:27,792 [main] DEBUG balancer.ContainerBalancerTask (ContainerBalancerTask.java:lambda$moveContainer$3(837)) - Container move completed for container #52 from source 95e95e68-b8db-4b40-afba-a2ae009cd138 to target 51637f7b-256e-41b4-b536-1eeda96d95bc
2023-07-25 18:54:27,795 [main] DEBUG balancer.ContainerBalancerTask (ContainerBalancerTask.java:matchSourceWithTarget(708)) - ContainerBalancer is finding suitable target for source datanode cd6e850e-87d8-4cf7-8da9-7497084f2f30
2023-07-25 18:54:27,795 [main] INFO  balancer.ContainerBalancerTask (ContainerBalancerTask.java:matchSourceWithTarget(722)) - ContainerBalancer matched source datanode cd6e850e-87d8-4cf7-8da9-7497084f2f30 with target datanode 51637f7b-256e-41b4-b536-1eeda96d95bc for container move.
2023-07-25 18:54:27,795 [main] INFO  balancer.ContainerBalancerTask (ContainerBalancerTask.java:processMoveSelection(569)) - ContainerBalancer is trying to move container #18 with size 3221225472B from source datanode cd6e850e-87d8-4cf7-8da9-7497084f2f30 to target datanode 51637f7b-256e-41b4-b536-1eeda96d95bc
2023-07-25 18:54:27,796 [main] DEBUG balancer.ContainerBalancerTask (ContainerBalancerTask.java:lambda$moveContainer$3(837)) - Container move completed for container #18 from source cd6e850e-87d8-4cf7-8da9-7497084f2f30 to target 51637f7b-256e-41b4-b536-1eeda96d95bc
2023-07-25 18:54:27,798 [main] DEBUG balancer.ContainerBalancerTask (ContainerBalancerTask.java:matchSourceWithTarget(708)) - ContainerBalancer is finding suitable target for source datanode bbe84d5b-7c9c-489b-9d02-629af72d91aa
2023-07-25 18:54:27,799 [main] INFO  balancer.ContainerBalancerTask (ContainerBalancerTask.java:matchSourceWithTarget(722)) - ContainerBalancer matched source datanode bbe84d5b-7c9c-489b-9d02-629af72d91aa with target datanode 51637f7b-256e-41b4-b536-1eeda96d95bc for container move.
2023-07-25 18:54:27,799 [main] INFO  balancer.ContainerBalancerTask (ContainerBalancerTask.java:processMoveSelection(569)) - ContainerBalancer is trying to move container #86 with size 1073741824B from source datanode bbe84d5b-7c9c-489b-9d02-629af72d91aa to target datanode 51637f7b-256e-41b4-b536-1eeda96d95bc
2023-07-25 18:54:27,799 [main] DEBUG balancer.ContainerBalancerTask (ContainerBalancerTask.java:lambda$moveContainer$3(837)) - Container move completed for container #86 from source bbe84d5b-7c9c-489b-9d02-629af72d91aa to target 51637f7b-256e-41b4-b536-1eeda96d95bc
2023-07-25 18:54:27,802 [main] DEBUG balancer.ContainerBalancerTask (ContainerBalancerTask.java:matchSourceWithTarget(708)) - ContainerBalancer is finding suitable target for source datanode 95e95e68-b8db-4b40-afba-a2ae009cd138
2023-07-25 18:54:27,802 [main] INFO  balancer.ContainerBalancerTask (ContainerBalancerTask.java:matchSourceWithTarget(722)) - ContainerBalancer matched source datanode 95e95e68-b8db-4b40-afba-a2ae009cd138 with target datanode 7fd91e2f-0146-4e0f-9afe-6f43f93a655f for container move.
2023-07-25 18:54:27,802 [main] INFO  balancer.ContainerBalancerTask (ContainerBalancerTask.java:processMoveSelection(569)) - ContainerBalancer is trying to move container #54 with size 1073741824B from source datanode 95e95e68-b8db-4b40-afba-a2ae009cd138 to target datanode 7fd91e2f-0146-4e0f-9afe-6f43f93a655f
2023-07-25 18:54:27,803 [main] DEBUG balancer.ContainerBalancerTask (ContainerBalancerTask.java:lambda$moveContainer$3(837)) - Container move completed for container #54 from source 95e95e68-b8db-4b40-afba-a2ae009cd138 to target 7fd91e2f-0146-4e0f-9afe-6f43f93a655f
2023-07-25 18:54:27,806 [main] DEBUG balancer.ContainerBalancerTask (ContainerBalancerTask.java:matchSourceWithTarget(708)) - ContainerBalancer is finding suitable target for source datanode bbe84d5b-7c9c-489b-9d02-629af72d91aa
2023-07-25 18:54:27,806 [main] INFO  balancer.FindTargetGreedyByUsageInfo (AbstractFindTargetGreedy.java:findTargetForContainerMove(133)) - Container Balancer could not find a target for source datanode bbe84d5b-7c9c-489b-9d02-629af72d91aa
2023-07-25 18:54:27,806 [main] DEBUG balancer.ContainerBalancerTask (ContainerBalancerTask.java:matchSourceWithTarget(717)) - ContainerBalancer could not find a suitable target for source node bbe84d5b-7c9c-489b-9d02-629af72d91aa.
2023-07-25 18:54:27,809 [main] DEBUG balancer.ContainerBalancerTask (ContainerBalancerTask.java:matchSourceWithTarget(708)) - ContainerBalancer is finding suitable target for source datanode 95e95e68-b8db-4b40-afba-a2ae009cd138
2023-07-25 18:54:27,809 [main] INFO  balancer.FindTargetGreedyByUsageInfo (AbstractFindTargetGreedy.java:findTargetForContainerMove(133)) - Container Balancer could not find a target for source datanode 95e95e68-b8db-4b40-afba-a2ae009cd138
2023-07-25 18:54:27,809 [main] DEBUG balancer.ContainerBalancerTask (ContainerBalancerTask.java:matchSourceWithTarget(717)) - ContainerBalancer could not find a suitable target for source node 95e95e68-b8db-4b40-afba-a2ae009cd138.
2023-07-25 18:54:27,812 [main] DEBUG balancer.ContainerBalancerTask (ContainerBalancerTask.java:matchSourceWithTarget(708)) - ContainerBalancer is finding suitable target for source datanode eabc2b22-2698-4293-a558-18ee5742f96b
2023-07-25 18:54:27,812 [main] INFO  balancer.FindTargetGreedyByUsageInfo (AbstractFindTargetGreedy.java:findTargetForContainerMove(133)) - Container Balancer could not find a target for source datanode eabc2b22-2698-4293-a558-18ee5742f96b
2023-07-25 18:54:27,813 [main] DEBUG balancer.ContainerBalancerTask (ContainerBalancerTask.java:matchSourceWithTarget(717)) - ContainerBalancer could not find a suitable target for source node eabc2b22-2698-4293-a558-18ee5742f96b.
2023-07-25 18:54:27,816 [main] DEBUG balancer.ContainerBalancerTask (ContainerBalancerTask.java:matchSourceWithTarget(708)) - ContainerBalancer is finding suitable target for source datanode cd6e850e-87d8-4cf7-8da9-7497084f2f30
2023-07-25 18:54:27,816 [main] INFO  balancer.FindTargetGreedyByUsageInfo (AbstractFindTargetGreedy.java:findTargetForContainerMove(133)) - Container Balancer could not find a target for source datanode cd6e850e-87d8-4cf7-8da9-7497084f2f30
2023-07-25 18:54:27,816 [main] DEBUG balancer.ContainerBalancerTask (ContainerBalancerTask.java:matchSourceWithTarget(717)) - ContainerBalancer could not find a suitable target for source node cd6e850e-87d8-4cf7-8da9-7497084f2f30.
2023-07-25 18:54:27,819 [main] DEBUG balancer.ContainerBalancerTask (ContainerBalancerTask.java:matchSourceWithTarget(708)) - ContainerBalancer is finding suitable target for source datanode 6995cd85-0cdb-46b8-b7cf-6b6f772bb451
2023-07-25 18:54:27,819 [main] INFO  balancer.FindTargetGreedyByUsageInfo (AbstractFindTargetGreedy.java:findTargetForContainerMove(133)) - Container Balancer could not find a target for source datanode 6995cd85-0cdb-46b8-b7cf-6b6f772bb451
2023-07-25 18:54:27,819 [main] DEBUG balancer.ContainerBalancerTask (ContainerBalancerTask.java:matchSourceWithTarget(717)) - ContainerBalancer could not find a suitable target for source node 6995cd85-0cdb-46b8-b7cf-6b6f772bb451.
2023-07-25 18:54:27,819 [main] INFO  balancer.FindSourceGreedy (FindSourceGreedy.java:getNextCandidateSourceDataNode(126)) - no more candidate source data node
2023-07-25 18:54:27,819 [main] INFO  balancer.ContainerBalancerTask (ContainerBalancerTask.java:checkIterationMoveResults(642)) - Iteration Summary. Number of Datanodes involved: 6. Size moved: 30 GB (32212254720 Bytes). Number of Container moves completed: 11.
2023-07-25 18:54:27,819 [main] INFO  balancer.ContainerBalancerTask (ContainerBalancerTask.java:balance(259)) - Result of this iteration of Container Balancer: ITERATION_COMPLETED
2023-07-25 18:54:27,819 [main] INFO  balancer.ContainerBalancerTask (ContainerBalancerTask.java:tryStopWithSaveConfiguration(308)) - Save Configuration for stopping. Reason: Completed all iterations.
]]></system-out>
  </testcase>
  <testcase name="testMetrics" classname="org.apache.hadoop.hdds.scm.container.balancer.TestContainerBalancerTask" time="0.048">
    <system-out><![CDATA[2023-07-25 18:54:27,848 [main] INFO  net.NodeSchemaLoader (NodeSchemaLoader.java:loadSchemaFromFile(129)) - Loading schema from [file:/home/runner/work/ozone/ozone/hadoop-hdds/common/target/classes/network-topology-default.xml]
2023-07-25 18:54:27,848 [main] INFO  net.NodeSchemaLoader (NodeSchemaLoader.java:loadSchema(176)) - Loading network topology layer schema file
2023-07-25 18:54:27,850 [main] INFO  net.NetworkTopologyImpl (NetworkTopologyImpl.java:add(112)) - Added a new node: /default-rack/9a5506b9-6edc-4675-b535-8945fb6a96ce
2023-07-25 18:54:27,850 [main] INFO  net.NetworkTopologyImpl (NetworkTopologyImpl.java:add(112)) - Added a new node: /default-rack/f937327e-5727-4a94-9aa3-8aceb5969170
2023-07-25 18:54:27,850 [main] INFO  net.NetworkTopologyImpl (NetworkTopologyImpl.java:add(112)) - Added a new node: /default-rack/411906ea-759f-4fd9-87e9-97910c744d8b
2023-07-25 18:54:27,850 [main] INFO  net.NetworkTopologyImpl (NetworkTopologyImpl.java:add(112)) - Added a new node: /default-rack/d6bf0b50-4875-42eb-8775-560603f35223
2023-07-25 18:54:27,851 [main] INFO  net.NetworkTopologyImpl (NetworkTopologyImpl.java:add(112)) - Added a new node: /default-rack/43fc527a-aadf-47eb-a89b-ae908dd5c16a
2023-07-25 18:54:27,851 [main] INFO  net.NetworkTopologyImpl (NetworkTopologyImpl.java:add(112)) - Added a new node: /default-rack/3abf3eeb-f12a-4ff8-8649-9e3fc7de4928
2023-07-25 18:54:27,851 [main] INFO  net.NetworkTopologyImpl (NetworkTopologyImpl.java:add(112)) - Added a new node: /default-rack/2b2d18f2-2bbb-47cb-a71e-ce75a92d436e
2023-07-25 18:54:27,851 [main] INFO  net.NetworkTopologyImpl (NetworkTopologyImpl.java:add(112)) - Added a new node: /default-rack/6f03710a-103d-4f9a-a552-a7056ca33243
2023-07-25 18:54:27,851 [main] INFO  net.NetworkTopologyImpl (NetworkTopologyImpl.java:add(112)) - Added a new node: /default-rack/83df9296-1c2b-455c-ae19-2a8063336a1f
2023-07-25 18:54:27,851 [main] INFO  net.NetworkTopologyImpl (NetworkTopologyImpl.java:add(112)) - Added a new node: /default-rack/510f42f7-710e-4808-9776-265c52295f72
2023-07-25 18:54:27,851 [main] INFO  algorithms.ContainerPlacementPolicyFactory (ContainerPlacementPolicyFactory.java:getPolicyInternal(86)) - Create container placement policy of type org.apache.hadoop.hdds.scm.container.placement.algorithms.SCMContainerPlacementRackAware
2023-07-25 18:54:27,851 [main] INFO  algorithms.ContainerPlacementPolicyFactory (ContainerPlacementPolicyFactory.java:getPolicyInternal(86)) - Create container placement policy of type org.apache.hadoop.hdds.scm.container.placement.algorithms.SCMContainerPlacementRackScatter
2023-07-25 18:54:27,856 [main] DEBUG balancer.ContainerBalancerTask (ContainerBalancerTask.java:initializeIteration(374)) - Average utilization of the cluster is 0.3442240953809992
2023-07-25 18:54:27,856 [main] DEBUG balancer.ContainerBalancerTask (ContainerBalancerTask.java:initializeIteration(386)) - Lower limit for utilization is 0.24422409538099918 and Upper limit for utilization is 0.44422409538099916
2023-07-25 18:54:27,856 [main] DEBUG balancer.ContainerBalancerTask (ContainerBalancerTask.java:initializeIteration(398)) - Utilization for node d6bf0b50-4875-42eb-8775-560603f35223 with capacity 48914905315B, used 44023414784B, and remaining 4891490531B is 0.9000000000102218
2023-07-25 18:54:27,856 [main] DEBUG balancer.ContainerBalancerTask (ContainerBalancerTask.java:initializeIteration(398)) - Utilization for node 411906ea-759f-4fd9-87e9-97910c744d8b with capacity 71135395840B, used 56908316672B, and remaining 14227079168B is 0.8
2023-07-25 18:54:27,856 [main] DEBUG balancer.ContainerBalancerTask (ContainerBalancerTask.java:initializeIteration(398)) - Utilization for node 510f42f7-710e-4808-9776-265c52295f72 with capacity 72094093897B, used 50465865728B, and remaining 21628228169B is 0.7000000000013871
2023-07-25 18:54:27,856 [main] DEBUG balancer.ContainerBalancerTask (ContainerBalancerTask.java:initializeIteration(398)) - Utilization for node 3abf3eeb-f12a-4ff8-8649-9e3fc7de4928 with capacity 64424509440B, used 38654705664B, and remaining 25769803776B is 0.6
2023-07-25 18:54:27,856 [main] DEBUG balancer.ContainerBalancerTask (ContainerBalancerTask.java:initializeIteration(398)) - Utilization for node 2b2d18f2-2bbb-47cb-a71e-ce75a92d436e with capacity 90194313216B, used 45097156608B, and remaining 45097156608B is 0.5
2023-07-25 18:54:27,857 [main] DEBUG balancer.ContainerBalancerTask (ContainerBalancerTask.java:initializeIteration(398)) - Utilization for node f937327e-5727-4a94-9aa3-8aceb5969170 with capacity 93952409600B, used 37580963840B, and remaining 56371445760B is 0.4
2023-07-25 18:54:27,857 [main] DEBUG balancer.ContainerBalancerTask (ContainerBalancerTask.java:initializeIteration(398)) - Utilization for node 9a5506b9-6edc-4675-b535-8945fb6a96ce with capacity 114532461226B, used 34359738368B, and remaining 80172722858B is 0.3000000000017462
2023-07-25 18:54:27,857 [main] DEBUG balancer.ContainerBalancerTask (ContainerBalancerTask.java:initializeIteration(398)) - Utilization for node 6f03710a-103d-4f9a-a552-a7056ca33243 with capacity 220117073920B, used 44023414784B, and remaining 176093659136B is 0.2
2023-07-25 18:54:27,857 [main] DEBUG balancer.ContainerBalancerTask (ContainerBalancerTask.java:initializeIteration(398)) - Utilization for node 83df9296-1c2b-455c-ae19-2a8063336a1f with capacity 322122547200B, used 32212254720B, and remaining 289910292480B is 0.1
2023-07-25 18:54:27,857 [main] DEBUG balancer.ContainerBalancerTask (ContainerBalancerTask.java:initializeIteration(398)) - Utilization for node 43fc527a-aadf-47eb-a89b-ae908dd5c16a with capacity 16106127360B, used 0B, and remaining 16106127360B is 0.0
2023-07-25 18:54:27,857 [main] INFO  balancer.ContainerBalancerTask (ContainerBalancerTask.java:initializeIteration(447)) - Container Balancer has identified 5 Over-Utilized and 3 Under-Utilized Datanodes that need to be balanced.
2023-07-25 18:54:27,857 [main] DEBUG balancer.ContainerBalancerTask (ContainerBalancerTask.java:lambda$initializeIteration$1(453)) - Datanode localhost-173.109.42.89 d6bf0b50-4875-42eb-8775-560603f35223 is Over-Utilized.
2023-07-25 18:54:27,857 [main] DEBUG balancer.ContainerBalancerTask (ContainerBalancerTask.java:lambda$initializeIteration$1(453)) - Datanode localhost-13.147.130.110 411906ea-759f-4fd9-87e9-97910c744d8b is Over-Utilized.
2023-07-25 18:54:27,857 [main] DEBUG balancer.ContainerBalancerTask (ContainerBalancerTask.java:lambda$initializeIteration$1(453)) - Datanode localhost-100.4.228.240 510f42f7-710e-4808-9776-265c52295f72 is Over-Utilized.
2023-07-25 18:54:27,857 [main] DEBUG balancer.ContainerBalancerTask (ContainerBalancerTask.java:lambda$initializeIteration$1(453)) - Datanode localhost-243.88.234.111 3abf3eeb-f12a-4ff8-8649-9e3fc7de4928 is Over-Utilized.
2023-07-25 18:54:27,858 [main] DEBUG balancer.ContainerBalancerTask (ContainerBalancerTask.java:lambda$initializeIteration$1(453)) - Datanode localhost-101.141.15.27 2b2d18f2-2bbb-47cb-a71e-ce75a92d436e is Over-Utilized.
2023-07-25 18:54:27,858 [main] DEBUG balancer.ContainerBalancerTask (ContainerBalancerTask.java:lambda$initializeIteration$2(459)) - Datanode localhost-156.19.121.186 43fc527a-aadf-47eb-a89b-ae908dd5c16a is Under-Utilized.
2023-07-25 18:54:27,858 [main] DEBUG balancer.ContainerBalancerTask (ContainerBalancerTask.java:lambda$initializeIteration$2(459)) - Datanode localhost-160.236.5.222 83df9296-1c2b-455c-ae19-2a8063336a1f is Under-Utilized.
2023-07-25 18:54:27,858 [main] DEBUG balancer.ContainerBalancerTask (ContainerBalancerTask.java:lambda$initializeIteration$2(459)) - Datanode localhost-191.29.25.156 6f03710a-103d-4f9a-a552-a7056ca33243 is Under-Utilized.
2023-07-25 18:54:27,860 [main] DEBUG balancer.ContainerBalancerTask (ContainerBalancerTask.java:matchSourceWithTarget(708)) - ContainerBalancer is finding suitable target for source datanode d6bf0b50-4875-42eb-8775-560603f35223
2023-07-25 18:54:27,860 [main] INFO  balancer.ContainerBalancerTask (ContainerBalancerTask.java:matchSourceWithTarget(722)) - ContainerBalancer matched source datanode d6bf0b50-4875-42eb-8775-560603f35223 with target datanode 43fc527a-aadf-47eb-a89b-ae908dd5c16a for container move.
2023-07-25 18:54:27,860 [main] INFO  balancer.ContainerBalancerTask (ContainerBalancerTask.java:processMoveSelection(569)) - ContainerBalancer is trying to move container #85 with size 5368709120B from source datanode d6bf0b50-4875-42eb-8775-560603f35223 to target datanode 43fc527a-aadf-47eb-a89b-ae908dd5c16a
2023-07-25 18:54:27,861 [main] WARN  balancer.ContainerBalancerTask (ContainerBalancerTask.java:lambda$moveContainer$3(842)) - Container move for container #85 from source d6bf0b50-4875-42eb-8775-560603f35223 to target 43fc527a-aadf-47eb-a89b-ae908dd5c16a failed: REPLICATION_FAIL_NODE_UNHEALTHY
2023-07-25 18:54:27,865 [main] DEBUG balancer.ContainerBalancerTask (ContainerBalancerTask.java:matchSourceWithTarget(708)) - ContainerBalancer is finding suitable target for source datanode 411906ea-759f-4fd9-87e9-97910c744d8b
2023-07-25 18:54:27,865 [main] INFO  balancer.ContainerBalancerTask (ContainerBalancerTask.java:matchSourceWithTarget(722)) - ContainerBalancer matched source datanode 411906ea-759f-4fd9-87e9-97910c744d8b with target datanode 43fc527a-aadf-47eb-a89b-ae908dd5c16a for container move.
2023-07-25 18:54:27,865 [main] INFO  balancer.ContainerBalancerTask (ContainerBalancerTask.java:processMoveSelection(569)) - ContainerBalancer is trying to move container #68 with size 5368709120B from source datanode 411906ea-759f-4fd9-87e9-97910c744d8b to target datanode 43fc527a-aadf-47eb-a89b-ae908dd5c16a
2023-07-25 18:54:27,865 [main] DEBUG balancer.ContainerBalancerTask (ContainerBalancerTask.java:lambda$moveContainer$3(837)) - Container move completed for container #68 from source 411906ea-759f-4fd9-87e9-97910c744d8b to target 43fc527a-aadf-47eb-a89b-ae908dd5c16a
2023-07-25 18:54:27,868 [main] DEBUG balancer.ContainerBalancerTask (ContainerBalancerTask.java:matchSourceWithTarget(708)) - ContainerBalancer is finding suitable target for source datanode 411906ea-759f-4fd9-87e9-97910c744d8b
2023-07-25 18:54:27,869 [main] INFO  balancer.ContainerBalancerTask (ContainerBalancerTask.java:matchSourceWithTarget(722)) - ContainerBalancer matched source datanode 411906ea-759f-4fd9-87e9-97910c744d8b with target datanode 83df9296-1c2b-455c-ae19-2a8063336a1f for container move.
2023-07-25 18:54:27,869 [main] INFO  balancer.ContainerBalancerTask (ContainerBalancerTask.java:processMoveSelection(569)) - ContainerBalancer is trying to move container #81 with size 1073741824B from source datanode 411906ea-759f-4fd9-87e9-97910c744d8b to target datanode 83df9296-1c2b-455c-ae19-2a8063336a1f
2023-07-25 18:54:27,869 [main] DEBUG balancer.ContainerBalancerTask (ContainerBalancerTask.java:lambda$moveContainer$3(837)) - Container move completed for container #81 from source 411906ea-759f-4fd9-87e9-97910c744d8b to target 83df9296-1c2b-455c-ae19-2a8063336a1f
2023-07-25 18:54:27,870 [main] WARN  balancer.ContainerBalancerTask (ContainerBalancerTask.java:reachedMaxSizeToMovePerIteration(733)) - Reached max size to move limit. 6442450944 bytes have already been scheduled for balancing and the limit is 6442450944 bytes.
2023-07-25 18:54:27,870 [main] INFO  balancer.ContainerBalancerTask (ContainerBalancerTask.java:checkIterationMoveResults(642)) - Iteration Summary. Number of Datanodes involved: 3. Size moved: 6 GB (6442450944 Bytes). Number of Container moves completed: 2.
2023-07-25 18:54:27,870 [main] INFO  balancer.ContainerBalancerTask (ContainerBalancerTask.java:balance(259)) - Result of this iteration of Container Balancer: ITERATION_COMPLETED
2023-07-25 18:54:27,870 [main] INFO  balancer.ContainerBalancerTask (ContainerBalancerTask.java:tryStopWithSaveConfiguration(308)) - Save Configuration for stopping. Reason: Completed all iterations.
]]></system-out>
  </testcase>
  <testcase name="balancerShouldNotSelectConfiguredExcludeContainers" classname="org.apache.hadoop.hdds.scm.container.balancer.TestContainerBalancerTask" time="0.112">
    <system-out><![CDATA[2023-07-25 18:54:27,910 [main] INFO  net.NodeSchemaLoader (NodeSchemaLoader.java:loadSchemaFromFile(129)) - Loading schema from [file:/home/runner/work/ozone/ozone/hadoop-hdds/common/target/classes/network-topology-default.xml]
2023-07-25 18:54:27,910 [main] INFO  net.NodeSchemaLoader (NodeSchemaLoader.java:loadSchema(176)) - Loading network topology layer schema file
2023-07-25 18:54:27,914 [main] INFO  net.NetworkTopologyImpl (NetworkTopologyImpl.java:add(112)) - Added a new node: /default-rack/8fdb07f8-80ee-4eae-92ff-fae75b9ae755
2023-07-25 18:54:27,914 [main] INFO  net.NetworkTopologyImpl (NetworkTopologyImpl.java:add(112)) - Added a new node: /default-rack/e8b9fc04-71be-4e40-ac1f-9bd2f6104c8b
2023-07-25 18:54:27,914 [main] INFO  net.NetworkTopologyImpl (NetworkTopologyImpl.java:add(112)) - Added a new node: /default-rack/2008bb18-d8fb-43a8-b3c2-f66945c4ad6a
2023-07-25 18:54:27,914 [main] INFO  net.NetworkTopologyImpl (NetworkTopologyImpl.java:add(112)) - Added a new node: /default-rack/d6f00fa7-b9b2-48bc-ac8b-c5868748035a
2023-07-25 18:54:27,914 [main] INFO  net.NetworkTopologyImpl (NetworkTopologyImpl.java:add(112)) - Added a new node: /default-rack/beaf23cf-a337-4eb3-8830-d9993b32a746
2023-07-25 18:54:27,914 [main] INFO  net.NetworkTopologyImpl (NetworkTopologyImpl.java:add(112)) - Added a new node: /default-rack/262f022d-5c10-4a98-93e0-244b203515be
2023-07-25 18:54:27,915 [main] INFO  net.NetworkTopologyImpl (NetworkTopologyImpl.java:add(112)) - Added a new node: /default-rack/4741f322-4781-4702-9efe-9ffa5846e22e
2023-07-25 18:54:27,915 [main] INFO  net.NetworkTopologyImpl (NetworkTopologyImpl.java:add(112)) - Added a new node: /default-rack/4ac4d63f-d78c-4893-b3ed-161badec19c2
2023-07-25 18:54:27,916 [main] INFO  net.NetworkTopologyImpl (NetworkTopologyImpl.java:add(112)) - Added a new node: /default-rack/db197c18-d7f2-4902-9e6b-da983bc787c8
2023-07-25 18:54:27,916 [main] INFO  net.NetworkTopologyImpl (NetworkTopologyImpl.java:add(112)) - Added a new node: /default-rack/1c489408-bef3-4fc4-b2ab-b1b3280f0afe
2023-07-25 18:54:27,916 [main] INFO  algorithms.ContainerPlacementPolicyFactory (ContainerPlacementPolicyFactory.java:getPolicyInternal(86)) - Create container placement policy of type org.apache.hadoop.hdds.scm.container.placement.algorithms.SCMContainerPlacementRackAware
2023-07-25 18:54:27,916 [main] INFO  algorithms.ContainerPlacementPolicyFactory (ContainerPlacementPolicyFactory.java:getPolicyInternal(86)) - Create container placement policy of type org.apache.hadoop.hdds.scm.container.placement.algorithms.SCMContainerPlacementRackScatter
2023-07-25 18:54:27,924 [main] DEBUG balancer.ContainerBalancerTask (ContainerBalancerTask.java:initializeIteration(374)) - Average utilization of the cluster is 0.32379100980028236
2023-07-25 18:54:27,924 [main] DEBUG balancer.ContainerBalancerTask (ContainerBalancerTask.java:initializeIteration(386)) - Lower limit for utilization is 0.22379100980028235 and Upper limit for utilization is 0.4237910098002824
2023-07-25 18:54:27,924 [main] DEBUG balancer.ContainerBalancerTask (ContainerBalancerTask.java:initializeIteration(398)) - Utilization for node db197c18-d7f2-4902-9e6b-da983bc787c8 with capacity 63231462968B, used 56908316672B, and remaining 6323146296B is 0.9000000000126519
2023-07-25 18:54:27,924 [main] DEBUG balancer.ContainerBalancerTask (ContainerBalancerTask.java:initializeIteration(398)) - Utilization for node d6f00fa7-b9b2-48bc-ac8b-c5868748035a with capacity 61740154880B, used 49392123904B, and remaining 12348030976B is 0.8
2023-07-25 18:54:27,924 [main] DEBUG balancer.ContainerBalancerTask (ContainerBalancerTask.java:initializeIteration(398)) - Utilization for node 4ac4d63f-d78c-4893-b3ed-161badec19c2 with capacity 73628010788B, used 51539607552B, and remaining 22088403236B is 0.7000000000054327
2023-07-25 18:54:27,924 [main] DEBUG balancer.ContainerBalancerTask (ContainerBalancerTask.java:initializeIteration(398)) - Utilization for node 262f022d-5c10-4a98-93e0-244b203515be with capacity 64424509440B, used 38654705664B, and remaining 25769803776B is 0.6
2023-07-25 18:54:27,925 [main] DEBUG balancer.ContainerBalancerTask (ContainerBalancerTask.java:initializeIteration(398)) - Utilization for node 1c489408-bef3-4fc4-b2ab-b1b3280f0afe with capacity 103079215104B, used 51539607552B, and remaining 51539607552B is 0.5
2023-07-25 18:54:27,925 [main] DEBUG balancer.ContainerBalancerTask (ContainerBalancerTask.java:initializeIteration(398)) - Utilization for node e8b9fc04-71be-4e40-ac1f-9bd2f6104c8b with capacity 142270791680B, used 56908316672B, and remaining 85362475008B is 0.4
2023-07-25 18:54:27,925 [main] DEBUG balancer.ContainerBalancerTask (ContainerBalancerTask.java:initializeIteration(398)) - Utilization for node beaf23cf-a337-4eb3-8830-d9993b32a746 with capacity 93057624746B, used 27917287424B, and remaining 65140337322B is 0.3000000000021492
2023-07-25 18:54:27,925 [main] DEBUG balancer.ContainerBalancerTask (ContainerBalancerTask.java:initializeIteration(398)) - Utilization for node 4741f322-4781-4702-9efe-9ffa5846e22e with capacity 193273528320B, used 38654705664B, and remaining 154618822656B is 0.2
2023-07-25 18:54:27,925 [main] DEBUG balancer.ContainerBalancerTask (ContainerBalancerTask.java:initializeIteration(398)) - Utilization for node 8fdb07f8-80ee-4eae-92ff-fae75b9ae755 with capacity 429496729600B, used 42949672960B, and remaining 386547056640B is 0.1
2023-07-25 18:54:27,925 [main] DEBUG balancer.ContainerBalancerTask (ContainerBalancerTask.java:initializeIteration(398)) - Utilization for node 2008bb18-d8fb-43a8-b3c2-f66945c4ad6a with capacity 55834574848B, used 0B, and remaining 55834574848B is 0.0
2023-07-25 18:54:27,925 [main] INFO  balancer.ContainerBalancerTask (ContainerBalancerTask.java:initializeIteration(447)) - Container Balancer has identified 5 Over-Utilized and 3 Under-Utilized Datanodes that need to be balanced.
2023-07-25 18:54:27,925 [main] DEBUG balancer.ContainerBalancerTask (ContainerBalancerTask.java:lambda$initializeIteration$1(453)) - Datanode localhost-168.122.247.168 db197c18-d7f2-4902-9e6b-da983bc787c8 is Over-Utilized.
2023-07-25 18:54:27,925 [main] DEBUG balancer.ContainerBalancerTask (ContainerBalancerTask.java:lambda$initializeIteration$1(453)) - Datanode localhost-36.104.105.226 d6f00fa7-b9b2-48bc-ac8b-c5868748035a is Over-Utilized.
2023-07-25 18:54:27,925 [main] DEBUG balancer.ContainerBalancerTask (ContainerBalancerTask.java:lambda$initializeIteration$1(453)) - Datanode localhost-190.169.180.165 4ac4d63f-d78c-4893-b3ed-161badec19c2 is Over-Utilized.
2023-07-25 18:54:27,926 [main] DEBUG balancer.ContainerBalancerTask (ContainerBalancerTask.java:lambda$initializeIteration$1(453)) - Datanode localhost-169.12.153.19 262f022d-5c10-4a98-93e0-244b203515be is Over-Utilized.
2023-07-25 18:54:27,926 [main] DEBUG balancer.ContainerBalancerTask (ContainerBalancerTask.java:lambda$initializeIteration$1(453)) - Datanode localhost-99.35.94.153 1c489408-bef3-4fc4-b2ab-b1b3280f0afe is Over-Utilized.
2023-07-25 18:54:27,926 [main] DEBUG balancer.ContainerBalancerTask (ContainerBalancerTask.java:lambda$initializeIteration$2(459)) - Datanode localhost-207.235.85.217 2008bb18-d8fb-43a8-b3c2-f66945c4ad6a is Under-Utilized.
2023-07-25 18:54:27,926 [main] DEBUG balancer.ContainerBalancerTask (ContainerBalancerTask.java:lambda$initializeIteration$2(459)) - Datanode localhost-31.152.63.29 8fdb07f8-80ee-4eae-92ff-fae75b9ae755 is Under-Utilized.
2023-07-25 18:54:27,926 [main] DEBUG balancer.ContainerBalancerTask (ContainerBalancerTask.java:lambda$initializeIteration$2(459)) - Datanode localhost-27.0.63.105 4741f322-4781-4702-9efe-9ffa5846e22e is Under-Utilized.
2023-07-25 18:54:27,931 [main] DEBUG balancer.ContainerBalancerTask (ContainerBalancerTask.java:matchSourceWithTarget(708)) - ContainerBalancer is finding suitable target for source datanode db197c18-d7f2-4902-9e6b-da983bc787c8
2023-07-25 18:54:27,931 [main] INFO  balancer.ContainerBalancerTask (ContainerBalancerTask.java:matchSourceWithTarget(722)) - ContainerBalancer matched source datanode db197c18-d7f2-4902-9e6b-da983bc787c8 with target datanode 2008bb18-d8fb-43a8-b3c2-f66945c4ad6a for container move.
2023-07-25 18:54:27,932 [main] INFO  balancer.ContainerBalancerTask (ContainerBalancerTask.java:processMoveSelection(569)) - ContainerBalancer is trying to move container #85 with size 5368709120B from source datanode db197c18-d7f2-4902-9e6b-da983bc787c8 to target datanode 2008bb18-d8fb-43a8-b3c2-f66945c4ad6a
2023-07-25 18:54:27,932 [main] DEBUG balancer.ContainerBalancerTask (ContainerBalancerTask.java:lambda$moveContainer$3(837)) - Container move completed for container #85 from source db197c18-d7f2-4902-9e6b-da983bc787c8 to target 2008bb18-d8fb-43a8-b3c2-f66945c4ad6a
2023-07-25 18:54:27,936 [main] DEBUG balancer.ContainerBalancerTask (ContainerBalancerTask.java:matchSourceWithTarget(708)) - ContainerBalancer is finding suitable target for source datanode db197c18-d7f2-4902-9e6b-da983bc787c8
2023-07-25 18:54:27,937 [main] INFO  balancer.ContainerBalancerTask (ContainerBalancerTask.java:matchSourceWithTarget(722)) - ContainerBalancer matched source datanode db197c18-d7f2-4902-9e6b-da983bc787c8 with target datanode 2008bb18-d8fb-43a8-b3c2-f66945c4ad6a for container move.
2023-07-25 18:54:27,937 [main] INFO  balancer.ContainerBalancerTask (ContainerBalancerTask.java:processMoveSelection(569)) - ContainerBalancer is trying to move container #53 with size 5368709120B from source datanode db197c18-d7f2-4902-9e6b-da983bc787c8 to target datanode 2008bb18-d8fb-43a8-b3c2-f66945c4ad6a
2023-07-25 18:54:27,937 [main] DEBUG balancer.ContainerBalancerTask (ContainerBalancerTask.java:lambda$moveContainer$3(837)) - Container move completed for container #53 from source db197c18-d7f2-4902-9e6b-da983bc787c8 to target 2008bb18-d8fb-43a8-b3c2-f66945c4ad6a
2023-07-25 18:54:27,940 [main] DEBUG balancer.ContainerBalancerTask (ContainerBalancerTask.java:matchSourceWithTarget(708)) - ContainerBalancer is finding suitable target for source datanode d6f00fa7-b9b2-48bc-ac8b-c5868748035a
2023-07-25 18:54:27,941 [main] INFO  balancer.ContainerBalancerTask (ContainerBalancerTask.java:matchSourceWithTarget(722)) - ContainerBalancer matched source datanode d6f00fa7-b9b2-48bc-ac8b-c5868748035a with target datanode 8fdb07f8-80ee-4eae-92ff-fae75b9ae755 for container move.
2023-07-25 18:54:27,941 [main] INFO  balancer.ContainerBalancerTask (ContainerBalancerTask.java:processMoveSelection(569)) - ContainerBalancer is trying to move container #68 with size 5368709120B from source datanode d6f00fa7-b9b2-48bc-ac8b-c5868748035a to target datanode 8fdb07f8-80ee-4eae-92ff-fae75b9ae755
2023-07-25 18:54:27,941 [main] DEBUG balancer.ContainerBalancerTask (ContainerBalancerTask.java:lambda$moveContainer$3(837)) - Container move completed for container #68 from source d6f00fa7-b9b2-48bc-ac8b-c5868748035a to target 8fdb07f8-80ee-4eae-92ff-fae75b9ae755
2023-07-25 18:54:27,945 [main] DEBUG balancer.ContainerBalancerTask (ContainerBalancerTask.java:matchSourceWithTarget(708)) - ContainerBalancer is finding suitable target for source datanode db197c18-d7f2-4902-9e6b-da983bc787c8
2023-07-25 18:54:27,946 [main] INFO  balancer.ContainerBalancerTask (ContainerBalancerTask.java:matchSourceWithTarget(722)) - ContainerBalancer matched source datanode db197c18-d7f2-4902-9e6b-da983bc787c8 with target datanode 8fdb07f8-80ee-4eae-92ff-fae75b9ae755 for container move.
2023-07-25 18:54:27,946 [main] INFO  balancer.ContainerBalancerTask (ContainerBalancerTask.java:processMoveSelection(569)) - ContainerBalancer is trying to move container #40 with size 5368709120B from source datanode db197c18-d7f2-4902-9e6b-da983bc787c8 to target datanode 8fdb07f8-80ee-4eae-92ff-fae75b9ae755
2023-07-25 18:54:27,946 [main] DEBUG balancer.ContainerBalancerTask (ContainerBalancerTask.java:lambda$moveContainer$3(837)) - Container move completed for container #40 from source db197c18-d7f2-4902-9e6b-da983bc787c8 to target 8fdb07f8-80ee-4eae-92ff-fae75b9ae755
2023-07-25 18:54:27,949 [main] DEBUG balancer.ContainerBalancerTask (ContainerBalancerTask.java:matchSourceWithTarget(708)) - ContainerBalancer is finding suitable target for source datanode d6f00fa7-b9b2-48bc-ac8b-c5868748035a
2023-07-25 18:54:27,950 [main] INFO  balancer.ContainerBalancerTask (ContainerBalancerTask.java:matchSourceWithTarget(722)) - ContainerBalancer matched source datanode d6f00fa7-b9b2-48bc-ac8b-c5868748035a with target datanode 8fdb07f8-80ee-4eae-92ff-fae75b9ae755 for container move.
2023-07-25 18:54:27,950 [main] INFO  balancer.ContainerBalancerTask (ContainerBalancerTask.java:processMoveSelection(569)) - ContainerBalancer is trying to move container #29 with size 5368709120B from source datanode d6f00fa7-b9b2-48bc-ac8b-c5868748035a to target datanode 8fdb07f8-80ee-4eae-92ff-fae75b9ae755
2023-07-25 18:54:27,950 [main] DEBUG balancer.ContainerBalancerTask (ContainerBalancerTask.java:lambda$moveContainer$3(837)) - Container move completed for container #29 from source d6f00fa7-b9b2-48bc-ac8b-c5868748035a to target 8fdb07f8-80ee-4eae-92ff-fae75b9ae755
2023-07-25 18:54:27,954 [main] DEBUG balancer.ContainerBalancerTask (ContainerBalancerTask.java:matchSourceWithTarget(708)) - ContainerBalancer is finding suitable target for source datanode 4ac4d63f-d78c-4893-b3ed-161badec19c2
2023-07-25 18:54:27,954 [main] INFO  balancer.ContainerBalancerTask (ContainerBalancerTask.java:matchSourceWithTarget(722)) - ContainerBalancer matched source datanode 4ac4d63f-d78c-4893-b3ed-161badec19c2 with target datanode 8fdb07f8-80ee-4eae-92ff-fae75b9ae755 for container move.
2023-07-25 18:54:27,954 [main] INFO  balancer.ContainerBalancerTask (ContainerBalancerTask.java:processMoveSelection(569)) - ContainerBalancer is trying to move container #52 with size 4294967296B from source datanode 4ac4d63f-d78c-4893-b3ed-161badec19c2 to target datanode 8fdb07f8-80ee-4eae-92ff-fae75b9ae755
2023-07-25 18:54:27,954 [main] DEBUG balancer.ContainerBalancerTask (ContainerBalancerTask.java:lambda$moveContainer$3(837)) - Container move completed for container #52 from source 4ac4d63f-d78c-4893-b3ed-161badec19c2 to target 8fdb07f8-80ee-4eae-92ff-fae75b9ae755
2023-07-25 18:54:27,958 [main] DEBUG balancer.ContainerBalancerTask (ContainerBalancerTask.java:matchSourceWithTarget(708)) - ContainerBalancer is finding suitable target for source datanode db197c18-d7f2-4902-9e6b-da983bc787c8
2023-07-25 18:54:27,959 [main] INFO  balancer.ContainerBalancerTask (ContainerBalancerTask.java:matchSourceWithTarget(722)) - ContainerBalancer matched source datanode db197c18-d7f2-4902-9e6b-da983bc787c8 with target datanode 8fdb07f8-80ee-4eae-92ff-fae75b9ae755 for container move.
2023-07-25 18:54:27,959 [main] INFO  balancer.ContainerBalancerTask (ContainerBalancerTask.java:processMoveSelection(569)) - ContainerBalancer is trying to move container #84 with size 4294967296B from source datanode db197c18-d7f2-4902-9e6b-da983bc787c8 to target datanode 8fdb07f8-80ee-4eae-92ff-fae75b9ae755
2023-07-25 18:54:27,959 [main] DEBUG balancer.ContainerBalancerTask (ContainerBalancerTask.java:lambda$moveContainer$3(837)) - Container move completed for container #84 from source db197c18-d7f2-4902-9e6b-da983bc787c8 to target 8fdb07f8-80ee-4eae-92ff-fae75b9ae755
2023-07-25 18:54:27,964 [main] DEBUG balancer.ContainerBalancerTask (ContainerBalancerTask.java:matchSourceWithTarget(708)) - ContainerBalancer is finding suitable target for source datanode 4ac4d63f-d78c-4893-b3ed-161badec19c2
2023-07-25 18:54:27,964 [main] INFO  balancer.ContainerBalancerTask (ContainerBalancerTask.java:matchSourceWithTarget(722)) - ContainerBalancer matched source datanode 4ac4d63f-d78c-4893-b3ed-161badec19c2 with target datanode 8fdb07f8-80ee-4eae-92ff-fae75b9ae755 for container move.
2023-07-25 18:54:27,964 [main] INFO  balancer.ContainerBalancerTask (ContainerBalancerTask.java:processMoveSelection(569)) - ContainerBalancer is trying to move container #51 with size 3221225472B from source datanode 4ac4d63f-d78c-4893-b3ed-161badec19c2 to target datanode 8fdb07f8-80ee-4eae-92ff-fae75b9ae755
2023-07-25 18:54:27,964 [main] DEBUG balancer.ContainerBalancerTask (ContainerBalancerTask.java:lambda$moveContainer$3(837)) - Container move completed for container #51 from source 4ac4d63f-d78c-4893-b3ed-161badec19c2 to target 8fdb07f8-80ee-4eae-92ff-fae75b9ae755
2023-07-25 18:54:27,968 [main] DEBUG balancer.ContainerBalancerTask (ContainerBalancerTask.java:matchSourceWithTarget(708)) - ContainerBalancer is finding suitable target for source datanode d6f00fa7-b9b2-48bc-ac8b-c5868748035a
2023-07-25 18:54:27,969 [main] INFO  balancer.ContainerBalancerTask (ContainerBalancerTask.java:matchSourceWithTarget(722)) - ContainerBalancer matched source datanode d6f00fa7-b9b2-48bc-ac8b-c5868748035a with target datanode 8fdb07f8-80ee-4eae-92ff-fae75b9ae755 for container move.
2023-07-25 18:54:27,969 [main] INFO  balancer.ContainerBalancerTask (ContainerBalancerTask.java:processMoveSelection(569)) - ContainerBalancer is trying to move container #67 with size 4294967296B from source datanode d6f00fa7-b9b2-48bc-ac8b-c5868748035a to target datanode 8fdb07f8-80ee-4eae-92ff-fae75b9ae755
2023-07-25 18:54:27,969 [main] DEBUG balancer.ContainerBalancerTask (ContainerBalancerTask.java:lambda$moveContainer$3(837)) - Container move completed for container #67 from source d6f00fa7-b9b2-48bc-ac8b-c5868748035a to target 8fdb07f8-80ee-4eae-92ff-fae75b9ae755
2023-07-25 18:54:27,973 [main] DEBUG balancer.ContainerBalancerTask (ContainerBalancerTask.java:matchSourceWithTarget(708)) - ContainerBalancer is finding suitable target for source datanode 262f022d-5c10-4a98-93e0-244b203515be
2023-07-25 18:54:27,973 [main] INFO  balancer.ContainerBalancerTask (ContainerBalancerTask.java:matchSourceWithTarget(722)) - ContainerBalancer matched source datanode 262f022d-5c10-4a98-93e0-244b203515be with target datanode 8fdb07f8-80ee-4eae-92ff-fae75b9ae755 for container move.
2023-07-25 18:54:27,973 [main] INFO  balancer.ContainerBalancerTask (ContainerBalancerTask.java:processMoveSelection(569)) - ContainerBalancer is trying to move container #39 with size 4294967296B from source datanode 262f022d-5c10-4a98-93e0-244b203515be to target datanode 8fdb07f8-80ee-4eae-92ff-fae75b9ae755
2023-07-25 18:54:27,973 [main] DEBUG balancer.ContainerBalancerTask (ContainerBalancerTask.java:lambda$moveContainer$3(837)) - Container move completed for container #39 from source 262f022d-5c10-4a98-93e0-244b203515be to target 8fdb07f8-80ee-4eae-92ff-fae75b9ae755
2023-07-25 18:54:27,977 [main] DEBUG balancer.ContainerBalancerTask (ContainerBalancerTask.java:matchSourceWithTarget(708)) - ContainerBalancer is finding suitable target for source datanode 4ac4d63f-d78c-4893-b3ed-161badec19c2
2023-07-25 18:54:27,977 [main] INFO  balancer.ContainerBalancerTask (ContainerBalancerTask.java:matchSourceWithTarget(722)) - ContainerBalancer matched source datanode 4ac4d63f-d78c-4893-b3ed-161badec19c2 with target datanode 8fdb07f8-80ee-4eae-92ff-fae75b9ae755 for container move.
2023-07-25 18:54:27,977 [main] INFO  balancer.ContainerBalancerTask (ContainerBalancerTask.java:processMoveSelection(569)) - ContainerBalancer is trying to move container #27 with size 3221225472B from source datanode 4ac4d63f-d78c-4893-b3ed-161badec19c2 to target datanode 8fdb07f8-80ee-4eae-92ff-fae75b9ae755
2023-07-25 18:54:27,978 [main] DEBUG balancer.ContainerBalancerTask (ContainerBalancerTask.java:lambda$moveContainer$3(837)) - Container move completed for container #27 from source 4ac4d63f-d78c-4893-b3ed-161badec19c2 to target 8fdb07f8-80ee-4eae-92ff-fae75b9ae755
2023-07-25 18:54:27,982 [main] DEBUG balancer.ContainerBalancerTask (ContainerBalancerTask.java:matchSourceWithTarget(708)) - ContainerBalancer is finding suitable target for source datanode db197c18-d7f2-4902-9e6b-da983bc787c8
2023-07-25 18:54:27,982 [main] INFO  balancer.ContainerBalancerTask (ContainerBalancerTask.java:matchSourceWithTarget(722)) - ContainerBalancer matched source datanode db197c18-d7f2-4902-9e6b-da983bc787c8 with target datanode 2008bb18-d8fb-43a8-b3c2-f66945c4ad6a for container move.
2023-07-25 18:54:27,982 [main] INFO  balancer.ContainerBalancerTask (ContainerBalancerTask.java:processMoveSelection(569)) - ContainerBalancer is trying to move container #88 with size 3221225472B from source datanode db197c18-d7f2-4902-9e6b-da983bc787c8 to target datanode 2008bb18-d8fb-43a8-b3c2-f66945c4ad6a
2023-07-25 18:54:27,983 [main] DEBUG balancer.ContainerBalancerTask (ContainerBalancerTask.java:lambda$moveContainer$3(837)) - Container move completed for container #88 from source db197c18-d7f2-4902-9e6b-da983bc787c8 to target 2008bb18-d8fb-43a8-b3c2-f66945c4ad6a
2023-07-25 18:54:27,983 [main] WARN  balancer.ContainerBalancerTask (ContainerBalancerTask.java:reachedMaxSizeToMovePerIteration(733)) - Reached max size to move limit. 53687091200 bytes have already been scheduled for balancing and the limit is 53687091200 bytes.
2023-07-25 18:54:27,983 [main] INFO  balancer.ContainerBalancerTask (ContainerBalancerTask.java:checkIterationMoveResults(642)) - Iteration Summary. Number of Datanodes involved: 6. Size moved: 50 GB (53687091200 Bytes). Number of Container moves completed: 12.
2023-07-25 18:54:27,983 [main] INFO  balancer.ContainerBalancerTask (ContainerBalancerTask.java:balance(259)) - Result of this iteration of Container Balancer: ITERATION_COMPLETED
2023-07-25 18:54:27,983 [main] INFO  balancer.ContainerBalancerTask (ContainerBalancerTask.java:tryStopWithSaveConfiguration(308)) - Save Configuration for stopping. Reason: Completed all iterations.
]]></system-out>
  </testcase>
  <testcase name="testCalculationOfUtilization" classname="org.apache.hadoop.hdds.scm.container.balancer.TestContainerBalancerTask" time="0.045">
    <system-out><![CDATA[2023-07-25 18:54:28,014 [main] INFO  net.NodeSchemaLoader (NodeSchemaLoader.java:loadSchemaFromFile(129)) - Loading schema from [file:/home/runner/work/ozone/ozone/hadoop-hdds/common/target/classes/network-topology-default.xml]
2023-07-25 18:54:28,014 [main] INFO  net.NodeSchemaLoader (NodeSchemaLoader.java:loadSchema(176)) - Loading network topology layer schema file
2023-07-25 18:54:28,023 [main] INFO  net.NetworkTopologyImpl (NetworkTopologyImpl.java:add(112)) - Added a new node: /default-rack/becacd4b-43eb-43ac-a5ba-f7969db9bc23
2023-07-25 18:54:28,024 [main] INFO  net.NetworkTopologyImpl (NetworkTopologyImpl.java:add(112)) - Added a new node: /default-rack/9eec70fe-774f-427c-906e-fe2872ad4acb
2023-07-25 18:54:28,024 [main] INFO  net.NetworkTopologyImpl (NetworkTopologyImpl.java:add(112)) - Added a new node: /default-rack/177484c6-7d63-4d61-ad4a-f98a088544c4
2023-07-25 18:54:28,024 [main] INFO  net.NetworkTopologyImpl (NetworkTopologyImpl.java:add(112)) - Added a new node: /default-rack/6072b3cc-42f3-45cf-bb38-b51868cd422b
2023-07-25 18:54:28,024 [main] INFO  net.NetworkTopologyImpl (NetworkTopologyImpl.java:add(112)) - Added a new node: /default-rack/c737d6d5-ad4e-4e4a-b25e-fcab1d9154f4
2023-07-25 18:54:28,027 [main] INFO  net.NetworkTopologyImpl (NetworkTopologyImpl.java:add(112)) - Added a new node: /default-rack/93992b21-d980-4fef-86d7-d67ba273381f
2023-07-25 18:54:28,027 [main] INFO  net.NetworkTopologyImpl (NetworkTopologyImpl.java:add(112)) - Added a new node: /default-rack/b23578a4-b36e-49c5-9ad8-eceedf95a6c3
2023-07-25 18:54:28,027 [main] INFO  net.NetworkTopologyImpl (NetworkTopologyImpl.java:add(112)) - Added a new node: /default-rack/a6d27d4b-fa7e-4169-970f-171a402a284a
2023-07-25 18:54:28,028 [main] INFO  net.NetworkTopologyImpl (NetworkTopologyImpl.java:add(112)) - Added a new node: /default-rack/2b276153-db31-4763-bac8-1e2d27fa6cb4
2023-07-25 18:54:28,028 [main] INFO  net.NetworkTopologyImpl (NetworkTopologyImpl.java:add(112)) - Added a new node: /default-rack/53623d0d-1d53-4e2b-9145-b2be703411c6
2023-07-25 18:54:28,028 [main] INFO  algorithms.ContainerPlacementPolicyFactory (ContainerPlacementPolicyFactory.java:getPolicyInternal(86)) - Create container placement policy of type org.apache.hadoop.hdds.scm.container.placement.algorithms.SCMContainerPlacementRackAware
2023-07-25 18:54:28,028 [main] INFO  algorithms.ContainerPlacementPolicyFactory (ContainerPlacementPolicyFactory.java:getPolicyInternal(86)) - Create container placement policy of type org.apache.hadoop.hdds.scm.container.placement.algorithms.SCMContainerPlacementRackScatter
]]></system-out>
  </testcase>
  <testcase name="initializeIterationShouldUpdateUnBalancedNodesWhenThresholdChanges" classname="org.apache.hadoop.hdds.scm.container.balancer.TestContainerBalancerTask" time="0.93">
    <system-out><![CDATA[2023-07-25 18:54:28,067 [main] INFO  net.NodeSchemaLoader (NodeSchemaLoader.java:loadSchemaFromFile(129)) - Loading schema from [file:/home/runner/work/ozone/ozone/hadoop-hdds/common/target/classes/network-topology-default.xml]
2023-07-25 18:54:28,067 [main] INFO  net.NodeSchemaLoader (NodeSchemaLoader.java:loadSchema(176)) - Loading network topology layer schema file
2023-07-25 18:54:28,073 [main] INFO  net.NetworkTopologyImpl (NetworkTopologyImpl.java:add(112)) - Added a new node: /default-rack/056bfb90-4be8-433c-ac1a-986752aaa3eb
2023-07-25 18:54:28,073 [main] INFO  net.NetworkTopologyImpl (NetworkTopologyImpl.java:add(112)) - Added a new node: /default-rack/aeeccbb3-1414-41c1-a6a4-102a874b451a
2023-07-25 18:54:28,073 [main] INFO  net.NetworkTopologyImpl (NetworkTopologyImpl.java:add(112)) - Added a new node: /default-rack/abe908e0-ec37-4cce-924f-463e25c3270a
2023-07-25 18:54:28,073 [main] INFO  net.NetworkTopologyImpl (NetworkTopologyImpl.java:add(112)) - Added a new node: /default-rack/ad10ee04-68bb-4b66-9072-13d3587588f5
2023-07-25 18:54:28,073 [main] INFO  net.NetworkTopologyImpl (NetworkTopologyImpl.java:add(112)) - Added a new node: /default-rack/4f50034a-75b4-4c2d-a6cb-499964ebd3d2
2023-07-25 18:54:28,074 [main] INFO  net.NetworkTopologyImpl (NetworkTopologyImpl.java:add(112)) - Added a new node: /default-rack/5380d800-8fce-4a63-b11f-8b1055d91157
2023-07-25 18:54:28,074 [main] INFO  net.NetworkTopologyImpl (NetworkTopologyImpl.java:add(112)) - Added a new node: /default-rack/f567f802-00a5-4ded-98c6-a7ae94c3340a
2023-07-25 18:54:28,074 [main] INFO  net.NetworkTopologyImpl (NetworkTopologyImpl.java:add(112)) - Added a new node: /default-rack/906155a4-1f78-4e66-8a37-e7f244b863db
2023-07-25 18:54:28,074 [main] INFO  net.NetworkTopologyImpl (NetworkTopologyImpl.java:add(112)) - Added a new node: /default-rack/febeeba7-b923-4865-ad1e-c9d2c87db953
2023-07-25 18:54:28,074 [main] INFO  net.NetworkTopologyImpl (NetworkTopologyImpl.java:add(112)) - Added a new node: /default-rack/c4d3ccbc-bddd-48e4-90bc-e339467c15d1
2023-07-25 18:54:28,074 [main] INFO  algorithms.ContainerPlacementPolicyFactory (ContainerPlacementPolicyFactory.java:getPolicyInternal(86)) - Create container placement policy of type org.apache.hadoop.hdds.scm.container.placement.algorithms.SCMContainerPlacementRackAware
2023-07-25 18:54:28,074 [main] INFO  algorithms.ContainerPlacementPolicyFactory (ContainerPlacementPolicyFactory.java:getPolicyInternal(86)) - Create container placement policy of type org.apache.hadoop.hdds.scm.container.placement.algorithms.SCMContainerPlacementRackScatter
2023-07-25 18:54:28,078 [main] DEBUG balancer.ContainerBalancerTask (ContainerBalancerTask.java:initializeIteration(374)) - Average utilization of the cluster is 0.3156055222234002
2023-07-25 18:54:28,078 [main] DEBUG balancer.ContainerBalancerTask (ContainerBalancerTask.java:initializeIteration(386)) - Lower limit for utilization is -0.053422730754208725 and Upper limit for utilization is 0.6846337752010092
2023-07-25 18:54:28,078 [main] DEBUG balancer.ContainerBalancerTask (ContainerBalancerTask.java:initializeIteration(398)) - Utilization for node 4f50034a-75b4-4c2d-a6cb-499964ebd3d2 with capacity 51300998257B, used 46170898432B, and remaining 5130099825B is 0.900000000013645
2023-07-25 18:54:28,078 [main] DEBUG balancer.ContainerBalancerTask (ContainerBalancerTask.java:initializeIteration(398)) - Utilization for node febeeba7-b923-4865-ad1e-c9d2c87db953 with capacity 59055800320B, used 47244640256B, and remaining 11811160064B is 0.8
2023-07-25 18:54:28,078 [main] DEBUG balancer.ContainerBalancerTask (ContainerBalancerTask.java:initializeIteration(398)) - Utilization for node f567f802-00a5-4ded-98c6-a7ae94c3340a with capacity 56754924982B, used 39728447488B, and remaining 17026477494B is 0.7000000000105717
2023-07-25 18:54:28,078 [main] DEBUG balancer.ContainerBalancerTask (ContainerBalancerTask.java:initializeIteration(398)) - Utilization for node aeeccbb3-1414-41c1-a6a4-102a874b451a with capacity 78741067093B, used 47244640256B, and remaining 31496426837B is 0.60000000000254
2023-07-25 18:54:28,079 [main] DEBUG balancer.ContainerBalancerTask (ContainerBalancerTask.java:initializeIteration(398)) - Utilization for node ad10ee04-68bb-4b66-9072-13d3587588f5 with capacity 77309411328B, used 38654705664B, and remaining 38654705664B is 0.5
2023-07-25 18:54:28,079 [main] DEBUG balancer.ContainerBalancerTask (ContainerBalancerTask.java:initializeIteration(398)) - Utilization for node 906155a4-1f78-4e66-8a37-e7f244b863db with capacity 75161927680B, used 30064771072B, and remaining 45097156608B is 0.4
2023-07-25 18:54:28,079 [main] DEBUG balancer.ContainerBalancerTask (ContainerBalancerTask.java:initializeIteration(398)) - Utilization for node abe908e0-ec37-4cce-924f-463e25c3270a with capacity 150323855360B, used 45097156608B, and remaining 105226698752B is 0.3
2023-07-25 18:54:28,079 [main] DEBUG balancer.ContainerBalancerTask (ContainerBalancerTask.java:initializeIteration(398)) - Utilization for node 5380d800-8fce-4a63-b11f-8b1055d91157 with capacity 182536110080B, used 36507222016B, and remaining 146028888064B is 0.2
2023-07-25 18:54:28,079 [main] DEBUG balancer.ContainerBalancerTask (ContainerBalancerTask.java:initializeIteration(398)) - Utilization for node 056bfb90-4be8-433c-ac1a-986752aaa3eb with capacity 386547056640B, used 38654705664B, and remaining 347892350976B is 0.1
2023-07-25 18:54:28,079 [main] DEBUG balancer.ContainerBalancerTask (ContainerBalancerTask.java:initializeIteration(398)) - Utilization for node c4d3ccbc-bddd-48e4-90bc-e339467c15d1 with capacity 52613349376B, used 0B, and remaining 52613349376B is 0.0
2023-07-25 18:54:28,079 [main] INFO  balancer.ContainerBalancerTask (ContainerBalancerTask.java:initializeIteration(447)) - Container Balancer has identified 3 Over-Utilized and 0 Under-Utilized Datanodes that need to be balanced.
2023-07-25 18:54:28,079 [main] DEBUG balancer.ContainerBalancerTask (ContainerBalancerTask.java:lambda$initializeIteration$1(453)) - Datanode localhost-68.254.123.214 4f50034a-75b4-4c2d-a6cb-499964ebd3d2 is Over-Utilized.
2023-07-25 18:54:28,079 [main] DEBUG balancer.ContainerBalancerTask (ContainerBalancerTask.java:lambda$initializeIteration$1(453)) - Datanode localhost-72.76.193.140 febeeba7-b923-4865-ad1e-c9d2c87db953 is Over-Utilized.
2023-07-25 18:54:28,079 [main] DEBUG balancer.ContainerBalancerTask (ContainerBalancerTask.java:lambda$initializeIteration$1(453)) - Datanode localhost-157.195.1.111 f567f802-00a5-4ded-98c6-a7ae94c3340a is Over-Utilized.
2023-07-25 18:54:28,085 [main] DEBUG balancer.ContainerBalancerTask (ContainerBalancerTask.java:matchSourceWithTarget(708)) - ContainerBalancer is finding suitable target for source datanode 4f50034a-75b4-4c2d-a6cb-499964ebd3d2
2023-07-25 18:54:28,085 [main] INFO  balancer.FindTargetGreedyByUsageInfo (AbstractFindTargetGreedy.java:findTargetForContainerMove(133)) - Container Balancer could not find a target for source datanode 4f50034a-75b4-4c2d-a6cb-499964ebd3d2
2023-07-25 18:54:28,085 [main] DEBUG balancer.ContainerBalancerTask (ContainerBalancerTask.java:matchSourceWithTarget(717)) - ContainerBalancer could not find a suitable target for source node 4f50034a-75b4-4c2d-a6cb-499964ebd3d2.
2023-07-25 18:54:28,087 [main] DEBUG balancer.ContainerBalancerTask (ContainerBalancerTask.java:matchSourceWithTarget(708)) - ContainerBalancer is finding suitable target for source datanode febeeba7-b923-4865-ad1e-c9d2c87db953
2023-07-25 18:54:28,087 [main] INFO  balancer.FindTargetGreedyByUsageInfo (AbstractFindTargetGreedy.java:findTargetForContainerMove(133)) - Container Balancer could not find a target for source datanode febeeba7-b923-4865-ad1e-c9d2c87db953
2023-07-25 18:54:28,087 [main] DEBUG balancer.ContainerBalancerTask (ContainerBalancerTask.java:matchSourceWithTarget(717)) - ContainerBalancer could not find a suitable target for source node febeeba7-b923-4865-ad1e-c9d2c87db953.
2023-07-25 18:54:28,090 [main] DEBUG balancer.ContainerBalancerTask (ContainerBalancerTask.java:matchSourceWithTarget(708)) - ContainerBalancer is finding suitable target for source datanode f567f802-00a5-4ded-98c6-a7ae94c3340a
2023-07-25 18:54:28,090 [main] INFO  balancer.FindTargetGreedyByUsageInfo (AbstractFindTargetGreedy.java:findTargetForContainerMove(133)) - Container Balancer could not find a target for source datanode f567f802-00a5-4ded-98c6-a7ae94c3340a
2023-07-25 18:54:28,090 [main] DEBUG balancer.ContainerBalancerTask (ContainerBalancerTask.java:matchSourceWithTarget(717)) - ContainerBalancer could not find a suitable target for source node f567f802-00a5-4ded-98c6-a7ae94c3340a.
2023-07-25 18:54:28,090 [main] INFO  balancer.FindSourceGreedy (FindSourceGreedy.java:getNextCandidateSourceDataNode(126)) - no more candidate source data node
2023-07-25 18:54:28,090 [main] INFO  balancer.ContainerBalancerTask (ContainerBalancerTask.java:balance(259)) - Result of this iteration of Container Balancer: CAN_NOT_BALANCE_ANY_MORE
2023-07-25 18:54:28,090 [main] INFO  balancer.ContainerBalancerTask (ContainerBalancerTask.java:tryStopWithSaveConfiguration(308)) - Save Configuration for stopping. Reason: CAN_NOT_BALANCE_ANY_MORE
2023-07-25 18:54:28,091 [main] DEBUG balancer.ContainerBalancerTask (ContainerBalancerTask.java:initializeIteration(374)) - Average utilization of the cluster is 0.3156055222234002
2023-07-25 18:54:28,091 [main] DEBUG balancer.ContainerBalancerTask (ContainerBalancerTask.java:initializeIteration(386)) - Lower limit for utilization is -0.47827721673793067 and Upper limit for utilization is 1.109488261184731
2023-07-25 18:54:28,091 [main] DEBUG balancer.ContainerBalancerTask (ContainerBalancerTask.java:initializeIteration(398)) - Utilization for node 4f50034a-75b4-4c2d-a6cb-499964ebd3d2 with capacity 51300998257B, used 46170898432B, and remaining 5130099825B is 0.900000000013645
2023-07-25 18:54:28,091 [main] DEBUG balancer.ContainerBalancerTask (ContainerBalancerTask.java:initializeIteration(398)) - Utilization for node febeeba7-b923-4865-ad1e-c9d2c87db953 with capacity 59055800320B, used 47244640256B, and remaining 11811160064B is 0.8
2023-07-25 18:54:28,092 [main] DEBUG balancer.ContainerBalancerTask (ContainerBalancerTask.java:initializeIteration(398)) - Utilization for node f567f802-00a5-4ded-98c6-a7ae94c3340a with capacity 56754924982B, used 39728447488B, and remaining 17026477494B is 0.7000000000105717
2023-07-25 18:54:28,092 [main] DEBUG balancer.ContainerBalancerTask (ContainerBalancerTask.java:initializeIteration(398)) - Utilization for node aeeccbb3-1414-41c1-a6a4-102a874b451a with capacity 78741067093B, used 47244640256B, and remaining 31496426837B is 0.60000000000254
2023-07-25 18:54:28,092 [main] DEBUG balancer.ContainerBalancerTask (ContainerBalancerTask.java:initializeIteration(398)) - Utilization for node ad10ee04-68bb-4b66-9072-13d3587588f5 with capacity 77309411328B, used 38654705664B, and remaining 38654705664B is 0.5
2023-07-25 18:54:28,092 [main] DEBUG balancer.ContainerBalancerTask (ContainerBalancerTask.java:initializeIteration(398)) - Utilization for node 906155a4-1f78-4e66-8a37-e7f244b863db with capacity 75161927680B, used 30064771072B, and remaining 45097156608B is 0.4
2023-07-25 18:54:28,092 [main] DEBUG balancer.ContainerBalancerTask (ContainerBalancerTask.java:initializeIteration(398)) - Utilization for node abe908e0-ec37-4cce-924f-463e25c3270a with capacity 150323855360B, used 45097156608B, and remaining 105226698752B is 0.3
2023-07-25 18:54:28,093 [main] DEBUG balancer.ContainerBalancerTask (ContainerBalancerTask.java:initializeIteration(398)) - Utilization for node 5380d800-8fce-4a63-b11f-8b1055d91157 with capacity 182536110080B, used 36507222016B, and remaining 146028888064B is 0.2
2023-07-25 18:54:28,093 [main] DEBUG balancer.ContainerBalancerTask (ContainerBalancerTask.java:initializeIteration(398)) - Utilization for node 056bfb90-4be8-433c-ac1a-986752aaa3eb with capacity 386547056640B, used 38654705664B, and remaining 347892350976B is 0.1
2023-07-25 18:54:28,093 [main] DEBUG balancer.ContainerBalancerTask (ContainerBalancerTask.java:initializeIteration(398)) - Utilization for node c4d3ccbc-bddd-48e4-90bc-e339467c15d1 with capacity 52613349376B, used 0B, and remaining 52613349376B is 0.0
2023-07-25 18:54:28,093 [main] INFO  balancer.ContainerBalancerTask (ContainerBalancerTask.java:initializeIteration(443)) - Did not find any unbalanced Datanodes.
2023-07-25 18:54:28,093 [main] INFO  balancer.ContainerBalancerTask (ContainerBalancerTask.java:tryStopWithSaveConfiguration(308)) - Save Configuration for stopping. Reason: Could not initialize ContainerBalancer's iteration number 0
2023-07-25 18:54:28,094 [main] DEBUG balancer.ContainerBalancerTask (ContainerBalancerTask.java:initializeIteration(374)) - Average utilization of the cluster is 0.3156055222234002
2023-07-25 18:54:28,094 [main] DEBUG balancer.ContainerBalancerTask (ContainerBalancerTask.java:initializeIteration(386)) - Lower limit for utilization is -0.15337049303234151 and Upper limit for utilization is 0.7845815374791419
2023-07-25 18:54:28,095 [main] DEBUG balancer.ContainerBalancerTask (ContainerBalancerTask.java:initializeIteration(398)) - Utilization for node 4f50034a-75b4-4c2d-a6cb-499964ebd3d2 with capacity 51300998257B, used 46170898432B, and remaining 5130099825B is 0.900000000013645
2023-07-25 18:54:28,095 [main] DEBUG balancer.ContainerBalancerTask (ContainerBalancerTask.java:initializeIteration(398)) - Utilization for node febeeba7-b923-4865-ad1e-c9d2c87db953 with capacity 59055800320B, used 47244640256B, and remaining 11811160064B is 0.8
2023-07-25 18:54:28,095 [main] DEBUG balancer.ContainerBalancerTask (ContainerBalancerTask.java:initializeIteration(398)) - Utilization for node f567f802-00a5-4ded-98c6-a7ae94c3340a with capacity 56754924982B, used 39728447488B, and remaining 17026477494B is 0.7000000000105717
2023-07-25 18:54:28,095 [main] DEBUG balancer.ContainerBalancerTask (ContainerBalancerTask.java:initializeIteration(398)) - Utilization for node aeeccbb3-1414-41c1-a6a4-102a874b451a with capacity 78741067093B, used 47244640256B, and remaining 31496426837B is 0.60000000000254
2023-07-25 18:54:28,095 [main] DEBUG balancer.ContainerBalancerTask (ContainerBalancerTask.java:initializeIteration(398)) - Utilization for node ad10ee04-68bb-4b66-9072-13d3587588f5 with capacity 77309411328B, used 38654705664B, and remaining 38654705664B is 0.5
2023-07-25 18:54:28,095 [main] DEBUG balancer.ContainerBalancerTask (ContainerBalancerTask.java:initializeIteration(398)) - Utilization for node 906155a4-1f78-4e66-8a37-e7f244b863db with capacity 75161927680B, used 30064771072B, and remaining 45097156608B is 0.4
2023-07-25 18:54:28,095 [main] DEBUG balancer.ContainerBalancerTask (ContainerBalancerTask.java:initializeIteration(398)) - Utilization for node abe908e0-ec37-4cce-924f-463e25c3270a with capacity 150323855360B, used 45097156608B, and remaining 105226698752B is 0.3
2023-07-25 18:54:28,095 [main] DEBUG balancer.ContainerBalancerTask (ContainerBalancerTask.java:initializeIteration(398)) - Utilization for node 5380d800-8fce-4a63-b11f-8b1055d91157 with capacity 182536110080B, used 36507222016B, and remaining 146028888064B is 0.2
2023-07-25 18:54:28,095 [main] DEBUG balancer.ContainerBalancerTask (ContainerBalancerTask.java:initializeIteration(398)) - Utilization for node 056bfb90-4be8-433c-ac1a-986752aaa3eb with capacity 386547056640B, used 38654705664B, and remaining 347892350976B is 0.1
2023-07-25 18:54:28,096 [main] DEBUG balancer.ContainerBalancerTask (ContainerBalancerTask.java:initializeIteration(398)) - Utilization for node c4d3ccbc-bddd-48e4-90bc-e339467c15d1 with capacity 52613349376B, used 0B, and remaining 52613349376B is 0.0
2023-07-25 18:54:28,096 [main] INFO  balancer.ContainerBalancerTask (ContainerBalancerTask.java:initializeIteration(447)) - Container Balancer has identified 2 Over-Utilized and 0 Under-Utilized Datanodes that need to be balanced.
2023-07-25 18:54:28,096 [main] DEBUG balancer.ContainerBalancerTask (ContainerBalancerTask.java:lambda$initializeIteration$1(453)) - Datanode localhost-68.254.123.214 4f50034a-75b4-4c2d-a6cb-499964ebd3d2 is Over-Utilized.
2023-07-25 18:54:28,096 [main] DEBUG balancer.ContainerBalancerTask (ContainerBalancerTask.java:lambda$initializeIteration$1(453)) - Datanode localhost-72.76.193.140 febeeba7-b923-4865-ad1e-c9d2c87db953 is Over-Utilized.
2023-07-25 18:54:28,098 [main] DEBUG balancer.ContainerBalancerTask (ContainerBalancerTask.java:matchSourceWithTarget(708)) - ContainerBalancer is finding suitable target for source datanode 4f50034a-75b4-4c2d-a6cb-499964ebd3d2
2023-07-25 18:54:28,098 [main] INFO  balancer.FindTargetGreedyByUsageInfo (AbstractFindTargetGreedy.java:findTargetForContainerMove(133)) - Container Balancer could not find a target for source datanode 4f50034a-75b4-4c2d-a6cb-499964ebd3d2
2023-07-25 18:54:28,099 [main] DEBUG balancer.ContainerBalancerTask (ContainerBalancerTask.java:matchSourceWithTarget(717)) - ContainerBalancer could not find a suitable target for source node 4f50034a-75b4-4c2d-a6cb-499964ebd3d2.
2023-07-25 18:54:28,105 [main] DEBUG balancer.ContainerBalancerTask (ContainerBalancerTask.java:matchSourceWithTarget(708)) - ContainerBalancer is finding suitable target for source datanode febeeba7-b923-4865-ad1e-c9d2c87db953
2023-07-25 18:54:28,105 [main] INFO  balancer.FindTargetGreedyByUsageInfo (AbstractFindTargetGreedy.java:findTargetForContainerMove(133)) - Container Balancer could not find a target for source datanode febeeba7-b923-4865-ad1e-c9d2c87db953
2023-07-25 18:54:28,105 [main] DEBUG balancer.ContainerBalancerTask (ContainerBalancerTask.java:matchSourceWithTarget(717)) - ContainerBalancer could not find a suitable target for source node febeeba7-b923-4865-ad1e-c9d2c87db953.
2023-07-25 18:54:28,106 [main] INFO  balancer.FindSourceGreedy (FindSourceGreedy.java:getNextCandidateSourceDataNode(126)) - no more candidate source data node
2023-07-25 18:54:28,106 [main] INFO  balancer.ContainerBalancerTask (ContainerBalancerTask.java:balance(259)) - Result of this iteration of Container Balancer: CAN_NOT_BALANCE_ANY_MORE
2023-07-25 18:54:28,106 [main] INFO  balancer.ContainerBalancerTask (ContainerBalancerTask.java:tryStopWithSaveConfiguration(308)) - Save Configuration for stopping. Reason: CAN_NOT_BALANCE_ANY_MORE
2023-07-25 18:54:28,107 [main] DEBUG balancer.ContainerBalancerTask (ContainerBalancerTask.java:initializeIteration(374)) - Average utilization of the cluster is 0.3156055222234002
2023-07-25 18:54:28,107 [main] DEBUG balancer.ContainerBalancerTask (ContainerBalancerTask.java:initializeIteration(386)) - Lower limit for utilization is -0.24844959687246737 and Upper limit for utilization is 0.8796606413192678
2023-07-25 18:54:28,107 [main] DEBUG balancer.ContainerBalancerTask (ContainerBalancerTask.java:initializeIteration(398)) - Utilization for node 4f50034a-75b4-4c2d-a6cb-499964ebd3d2 with capacity 51300998257B, used 46170898432B, and remaining 5130099825B is 0.900000000013645
2023-07-25 18:54:28,107 [main] DEBUG balancer.ContainerBalancerTask (ContainerBalancerTask.java:initializeIteration(398)) - Utilization for node febeeba7-b923-4865-ad1e-c9d2c87db953 with capacity 59055800320B, used 47244640256B, and remaining 11811160064B is 0.8
2023-07-25 18:54:28,107 [main] DEBUG balancer.ContainerBalancerTask (ContainerBalancerTask.java:initializeIteration(398)) - Utilization for node f567f802-00a5-4ded-98c6-a7ae94c3340a with capacity 56754924982B, used 39728447488B, and remaining 17026477494B is 0.7000000000105717
2023-07-25 18:54:28,107 [main] DEBUG balancer.ContainerBalancerTask (ContainerBalancerTask.java:initializeIteration(398)) - Utilization for node aeeccbb3-1414-41c1-a6a4-102a874b451a with capacity 78741067093B, used 47244640256B, and remaining 31496426837B is 0.60000000000254
2023-07-25 18:54:28,107 [main] DEBUG balancer.ContainerBalancerTask (ContainerBalancerTask.java:initializeIteration(398)) - Utilization for node ad10ee04-68bb-4b66-9072-13d3587588f5 with capacity 77309411328B, used 38654705664B, and remaining 38654705664B is 0.5
2023-07-25 18:54:28,107 [main] DEBUG balancer.ContainerBalancerTask (ContainerBalancerTask.java:initializeIteration(398)) - Utilization for node 906155a4-1f78-4e66-8a37-e7f244b863db with capacity 75161927680B, used 30064771072B, and remaining 45097156608B is 0.4
2023-07-25 18:54:28,107 [main] DEBUG balancer.ContainerBalancerTask (ContainerBalancerTask.java:initializeIteration(398)) - Utilization for node abe908e0-ec37-4cce-924f-463e25c3270a with capacity 150323855360B, used 45097156608B, and remaining 105226698752B is 0.3
2023-07-25 18:54:28,107 [main] DEBUG balancer.ContainerBalancerTask (ContainerBalancerTask.java:initializeIteration(398)) - Utilization for node 5380d800-8fce-4a63-b11f-8b1055d91157 with capacity 182536110080B, used 36507222016B, and remaining 146028888064B is 0.2
2023-07-25 18:54:28,107 [main] DEBUG balancer.ContainerBalancerTask (ContainerBalancerTask.java:initializeIteration(398)) - Utilization for node 056bfb90-4be8-433c-ac1a-986752aaa3eb with capacity 386547056640B, used 38654705664B, and remaining 347892350976B is 0.1
2023-07-25 18:54:28,108 [main] DEBUG balancer.ContainerBalancerTask (ContainerBalancerTask.java:initializeIteration(398)) - Utilization for node c4d3ccbc-bddd-48e4-90bc-e339467c15d1 with capacity 52613349376B, used 0B, and remaining 52613349376B is 0.0
2023-07-25 18:54:28,108 [main] INFO  balancer.ContainerBalancerTask (ContainerBalancerTask.java:initializeIteration(447)) - Container Balancer has identified 1 Over-Utilized and 0 Under-Utilized Datanodes that need to be balanced.
2023-07-25 18:54:28,108 [main] DEBUG balancer.ContainerBalancerTask (ContainerBalancerTask.java:lambda$initializeIteration$1(453)) - Datanode localhost-68.254.123.214 4f50034a-75b4-4c2d-a6cb-499964ebd3d2 is Over-Utilized.
2023-07-25 18:54:28,112 [main] DEBUG balancer.ContainerBalancerTask (ContainerBalancerTask.java:matchSourceWithTarget(708)) - ContainerBalancer is finding suitable target for source datanode 4f50034a-75b4-4c2d-a6cb-499964ebd3d2
2023-07-25 18:54:28,112 [main] INFO  balancer.FindTargetGreedyByUsageInfo (AbstractFindTargetGreedy.java:findTargetForContainerMove(133)) - Container Balancer could not find a target for source datanode 4f50034a-75b4-4c2d-a6cb-499964ebd3d2
2023-07-25 18:54:28,112 [main] DEBUG balancer.ContainerBalancerTask (ContainerBalancerTask.java:matchSourceWithTarget(717)) - ContainerBalancer could not find a suitable target for source node 4f50034a-75b4-4c2d-a6cb-499964ebd3d2.
2023-07-25 18:54:28,112 [main] INFO  balancer.FindSourceGreedy (FindSourceGreedy.java:getNextCandidateSourceDataNode(126)) - no more candidate source data node
2023-07-25 18:54:28,112 [main] INFO  balancer.ContainerBalancerTask (ContainerBalancerTask.java:balance(259)) - Result of this iteration of Container Balancer: CAN_NOT_BALANCE_ANY_MORE
2023-07-25 18:54:28,112 [main] INFO  balancer.ContainerBalancerTask (ContainerBalancerTask.java:tryStopWithSaveConfiguration(308)) - Save Configuration for stopping. Reason: CAN_NOT_BALANCE_ANY_MORE
2023-07-25 18:54:28,113 [main] DEBUG balancer.ContainerBalancerTask (ContainerBalancerTask.java:initializeIteration(374)) - Average utilization of the cluster is 0.3156055222234002
2023-07-25 18:54:28,113 [main] DEBUG balancer.ContainerBalancerTask (ContainerBalancerTask.java:initializeIteration(386)) - Lower limit for utilization is -0.38496813026526866 and Upper limit for utilization is 1.016179174712069
2023-07-25 18:54:28,113 [main] DEBUG balancer.ContainerBalancerTask (ContainerBalancerTask.java:initializeIteration(398)) - Utilization for node 4f50034a-75b4-4c2d-a6cb-499964ebd3d2 with capacity 51300998257B, used 46170898432B, and remaining 5130099825B is 0.900000000013645
2023-07-25 18:54:28,113 [main] DEBUG balancer.ContainerBalancerTask (ContainerBalancerTask.java:initializeIteration(398)) - Utilization for node febeeba7-b923-4865-ad1e-c9d2c87db953 with capacity 59055800320B, used 47244640256B, and remaining 11811160064B is 0.8
2023-07-25 18:54:28,113 [main] DEBUG balancer.ContainerBalancerTask (ContainerBalancerTask.java:initializeIteration(398)) - Utilization for node f567f802-00a5-4ded-98c6-a7ae94c3340a with capacity 56754924982B, used 39728447488B, and remaining 17026477494B is 0.7000000000105717
2023-07-25 18:54:28,113 [main] DEBUG balancer.ContainerBalancerTask (ContainerBalancerTask.java:initializeIteration(398)) - Utilization for node aeeccbb3-1414-41c1-a6a4-102a874b451a with capacity 78741067093B, used 47244640256B, and remaining 31496426837B is 0.60000000000254
2023-07-25 18:54:28,114 [main] DEBUG balancer.ContainerBalancerTask (ContainerBalancerTask.java:initializeIteration(398)) - Utilization for node ad10ee04-68bb-4b66-9072-13d3587588f5 with capacity 77309411328B, used 38654705664B, and remaining 38654705664B is 0.5
2023-07-25 18:54:28,114 [main] DEBUG balancer.ContainerBalancerTask (ContainerBalancerTask.java:initializeIteration(398)) - Utilization for node 906155a4-1f78-4e66-8a37-e7f244b863db with capacity 75161927680B, used 30064771072B, and remaining 45097156608B is 0.4
2023-07-25 18:54:28,114 [main] DEBUG balancer.ContainerBalancerTask (ContainerBalancerTask.java:initializeIteration(398)) - Utilization for node abe908e0-ec37-4cce-924f-463e25c3270a with capacity 150323855360B, used 45097156608B, and remaining 105226698752B is 0.3
2023-07-25 18:54:28,114 [main] DEBUG balancer.ContainerBalancerTask (ContainerBalancerTask.java:initializeIteration(398)) - Utilization for node 5380d800-8fce-4a63-b11f-8b1055d91157 with capacity 182536110080B, used 36507222016B, and remaining 146028888064B is 0.2
2023-07-25 18:54:28,114 [main] DEBUG balancer.ContainerBalancerTask (ContainerBalancerTask.java:initializeIteration(398)) - Utilization for node 056bfb90-4be8-433c-ac1a-986752aaa3eb with capacity 386547056640B, used 38654705664B, and remaining 347892350976B is 0.1
2023-07-25 18:54:28,115 [main] DEBUG balancer.ContainerBalancerTask (ContainerBalancerTask.java:initializeIteration(398)) - Utilization for node c4d3ccbc-bddd-48e4-90bc-e339467c15d1 with capacity 52613349376B, used 0B, and remaining 52613349376B is 0.0
2023-07-25 18:54:28,115 [main] INFO  balancer.ContainerBalancerTask (ContainerBalancerTask.java:initializeIteration(443)) - Did not find any unbalanced Datanodes.
2023-07-25 18:54:28,115 [main] INFO  balancer.ContainerBalancerTask (ContainerBalancerTask.java:tryStopWithSaveConfiguration(308)) - Save Configuration for stopping. Reason: Could not initialize ContainerBalancer's iteration number 0
2023-07-25 18:54:28,116 [main] DEBUG balancer.ContainerBalancerTask (ContainerBalancerTask.java:initializeIteration(374)) - Average utilization of the cluster is 0.3156055222234002
2023-07-25 18:54:28,116 [main] DEBUG balancer.ContainerBalancerTask (ContainerBalancerTask.java:initializeIteration(386)) - Lower limit for utilization is 0.3056158672756534 and Upper limit for utilization is 0.32559517717114705
2023-07-25 18:54:28,116 [main] DEBUG balancer.ContainerBalancerTask (ContainerBalancerTask.java:initializeIteration(398)) - Utilization for node 4f50034a-75b4-4c2d-a6cb-499964ebd3d2 with capacity 51300998257B, used 46170898432B, and remaining 5130099825B is 0.900000000013645
2023-07-25 18:54:28,116 [main] DEBUG balancer.ContainerBalancerTask (ContainerBalancerTask.java:initializeIteration(398)) - Utilization for node febeeba7-b923-4865-ad1e-c9d2c87db953 with capacity 59055800320B, used 47244640256B, and remaining 11811160064B is 0.8
2023-07-25 18:54:28,116 [main] DEBUG balancer.ContainerBalancerTask (ContainerBalancerTask.java:initializeIteration(398)) - Utilization for node f567f802-00a5-4ded-98c6-a7ae94c3340a with capacity 56754924982B, used 39728447488B, and remaining 17026477494B is 0.7000000000105717
2023-07-25 18:54:28,116 [main] DEBUG balancer.ContainerBalancerTask (ContainerBalancerTask.java:initializeIteration(398)) - Utilization for node aeeccbb3-1414-41c1-a6a4-102a874b451a with capacity 78741067093B, used 47244640256B, and remaining 31496426837B is 0.60000000000254
2023-07-25 18:54:28,117 [main] DEBUG balancer.ContainerBalancerTask (ContainerBalancerTask.java:initializeIteration(398)) - Utilization for node ad10ee04-68bb-4b66-9072-13d3587588f5 with capacity 77309411328B, used 38654705664B, and remaining 38654705664B is 0.5
2023-07-25 18:54:28,117 [main] DEBUG balancer.ContainerBalancerTask (ContainerBalancerTask.java:initializeIteration(398)) - Utilization for node 906155a4-1f78-4e66-8a37-e7f244b863db with capacity 75161927680B, used 30064771072B, and remaining 45097156608B is 0.4
2023-07-25 18:54:28,117 [main] DEBUG balancer.ContainerBalancerTask (ContainerBalancerTask.java:initializeIteration(398)) - Utilization for node abe908e0-ec37-4cce-924f-463e25c3270a with capacity 150323855360B, used 45097156608B, and remaining 105226698752B is 0.3
2023-07-25 18:54:28,117 [main] DEBUG balancer.ContainerBalancerTask (ContainerBalancerTask.java:initializeIteration(398)) - Utilization for node 5380d800-8fce-4a63-b11f-8b1055d91157 with capacity 182536110080B, used 36507222016B, and remaining 146028888064B is 0.2
2023-07-25 18:54:28,117 [main] DEBUG balancer.ContainerBalancerTask (ContainerBalancerTask.java:initializeIteration(398)) - Utilization for node 056bfb90-4be8-433c-ac1a-986752aaa3eb with capacity 386547056640B, used 38654705664B, and remaining 347892350976B is 0.1
2023-07-25 18:54:28,117 [main] DEBUG balancer.ContainerBalancerTask (ContainerBalancerTask.java:initializeIteration(398)) - Utilization for node c4d3ccbc-bddd-48e4-90bc-e339467c15d1 with capacity 52613349376B, used 0B, and remaining 52613349376B is 0.0
2023-07-25 18:54:28,117 [main] INFO  balancer.ContainerBalancerTask (ContainerBalancerTask.java:initializeIteration(447)) - Container Balancer has identified 6 Over-Utilized and 4 Under-Utilized Datanodes that need to be balanced.
2023-07-25 18:54:28,117 [main] DEBUG balancer.ContainerBalancerTask (ContainerBalancerTask.java:lambda$initializeIteration$1(453)) - Datanode localhost-68.254.123.214 4f50034a-75b4-4c2d-a6cb-499964ebd3d2 is Over-Utilized.
2023-07-25 18:54:28,118 [main] DEBUG balancer.ContainerBalancerTask (ContainerBalancerTask.java:lambda$initializeIteration$1(453)) - Datanode localhost-72.76.193.140 febeeba7-b923-4865-ad1e-c9d2c87db953 is Over-Utilized.
2023-07-25 18:54:28,118 [main] DEBUG balancer.ContainerBalancerTask (ContainerBalancerTask.java:lambda$initializeIteration$1(453)) - Datanode localhost-157.195.1.111 f567f802-00a5-4ded-98c6-a7ae94c3340a is Over-Utilized.
2023-07-25 18:54:28,118 [main] DEBUG balancer.ContainerBalancerTask (ContainerBalancerTask.java:lambda$initializeIteration$1(453)) - Datanode localhost-189.238.33.126 aeeccbb3-1414-41c1-a6a4-102a874b451a is Over-Utilized.
2023-07-25 18:54:28,118 [main] DEBUG balancer.ContainerBalancerTask (ContainerBalancerTask.java:lambda$initializeIteration$1(453)) - Datanode localhost-36.107.44.62 ad10ee04-68bb-4b66-9072-13d3587588f5 is Over-Utilized.
2023-07-25 18:54:28,118 [main] DEBUG balancer.ContainerBalancerTask (ContainerBalancerTask.java:lambda$initializeIteration$1(453)) - Datanode localhost-166.226.86.193 906155a4-1f78-4e66-8a37-e7f244b863db is Over-Utilized.
2023-07-25 18:54:28,118 [main] DEBUG balancer.ContainerBalancerTask (ContainerBalancerTask.java:lambda$initializeIteration$2(459)) - Datanode localhost-99.255.28.30 c4d3ccbc-bddd-48e4-90bc-e339467c15d1 is Under-Utilized.
2023-07-25 18:54:28,118 [main] DEBUG balancer.ContainerBalancerTask (ContainerBalancerTask.java:lambda$initializeIteration$2(459)) - Datanode localhost-117.176.158.140 056bfb90-4be8-433c-ac1a-986752aaa3eb is Under-Utilized.
2023-07-25 18:54:28,118 [main] DEBUG balancer.ContainerBalancerTask (ContainerBalancerTask.java:lambda$initializeIteration$2(459)) - Datanode localhost-191.130.230.124 5380d800-8fce-4a63-b11f-8b1055d91157 is Under-Utilized.
2023-07-25 18:54:28,118 [main] DEBUG balancer.ContainerBalancerTask (ContainerBalancerTask.java:lambda$initializeIteration$2(459)) - Datanode localhost-123.83.127.125 abe908e0-ec37-4cce-924f-463e25c3270a is Under-Utilized.
2023-07-25 18:54:28,121 [main] DEBUG balancer.ContainerBalancerTask (ContainerBalancerTask.java:matchSourceWithTarget(708)) - ContainerBalancer is finding suitable target for source datanode 4f50034a-75b4-4c2d-a6cb-499964ebd3d2
2023-07-25 18:54:28,121 [main] INFO  balancer.ContainerBalancerTask (ContainerBalancerTask.java:matchSourceWithTarget(722)) - ContainerBalancer matched source datanode 4f50034a-75b4-4c2d-a6cb-499964ebd3d2 with target datanode c4d3ccbc-bddd-48e4-90bc-e339467c15d1 for container move.
2023-07-25 18:54:28,121 [main] INFO  balancer.ContainerBalancerTask (ContainerBalancerTask.java:processMoveSelection(569)) - ContainerBalancer is trying to move container #85 with size 5368709120B from source datanode 4f50034a-75b4-4c2d-a6cb-499964ebd3d2 to target datanode c4d3ccbc-bddd-48e4-90bc-e339467c15d1
2023-07-25 18:54:28,121 [main] DEBUG balancer.ContainerBalancerTask (ContainerBalancerTask.java:lambda$moveContainer$3(837)) - Container move completed for container #85 from source 4f50034a-75b4-4c2d-a6cb-499964ebd3d2 to target c4d3ccbc-bddd-48e4-90bc-e339467c15d1
2023-07-25 18:54:28,124 [main] DEBUG balancer.ContainerBalancerTask (ContainerBalancerTask.java:matchSourceWithTarget(708)) - ContainerBalancer is finding suitable target for source datanode febeeba7-b923-4865-ad1e-c9d2c87db953
2023-07-25 18:54:28,125 [main] INFO  balancer.ContainerBalancerTask (ContainerBalancerTask.java:matchSourceWithTarget(722)) - ContainerBalancer matched source datanode febeeba7-b923-4865-ad1e-c9d2c87db953 with target datanode 056bfb90-4be8-433c-ac1a-986752aaa3eb for container move.
2023-07-25 18:54:28,125 [main] INFO  balancer.ContainerBalancerTask (ContainerBalancerTask.java:processMoveSelection(569)) - ContainerBalancer is trying to move container #88 with size 3221225472B from source datanode febeeba7-b923-4865-ad1e-c9d2c87db953 to target datanode 056bfb90-4be8-433c-ac1a-986752aaa3eb
2023-07-25 18:54:28,125 [main] DEBUG balancer.ContainerBalancerTask (ContainerBalancerTask.java:lambda$moveContainer$3(837)) - Container move completed for container #88 from source febeeba7-b923-4865-ad1e-c9d2c87db953 to target 056bfb90-4be8-433c-ac1a-986752aaa3eb
2023-07-25 18:54:28,127 [main] DEBUG balancer.ContainerBalancerTask (ContainerBalancerTask.java:matchSourceWithTarget(708)) - ContainerBalancer is finding suitable target for source datanode 4f50034a-75b4-4c2d-a6cb-499964ebd3d2
2023-07-25 18:54:28,127 [main] INFO  balancer.ContainerBalancerTask (ContainerBalancerTask.java:matchSourceWithTarget(722)) - ContainerBalancer matched source datanode 4f50034a-75b4-4c2d-a6cb-499964ebd3d2 with target datanode c4d3ccbc-bddd-48e4-90bc-e339467c15d1 for container move.
2023-07-25 18:54:28,127 [main] INFO  balancer.ContainerBalancerTask (ContainerBalancerTask.java:processMoveSelection(569)) - ContainerBalancer is trying to move container #68 with size 5368709120B from source datanode 4f50034a-75b4-4c2d-a6cb-499964ebd3d2 to target datanode c4d3ccbc-bddd-48e4-90bc-e339467c15d1
2023-07-25 18:54:28,127 [main] DEBUG balancer.ContainerBalancerTask (ContainerBalancerTask.java:lambda$moveContainer$3(837)) - Container move completed for container #68 from source 4f50034a-75b4-4c2d-a6cb-499964ebd3d2 to target c4d3ccbc-bddd-48e4-90bc-e339467c15d1
2023-07-25 18:54:28,131 [main] DEBUG balancer.ContainerBalancerTask (ContainerBalancerTask.java:matchSourceWithTarget(708)) - ContainerBalancer is finding suitable target for source datanode febeeba7-b923-4865-ad1e-c9d2c87db953
2023-07-25 18:54:28,131 [main] INFO  balancer.ContainerBalancerTask (ContainerBalancerTask.java:matchSourceWithTarget(722)) - ContainerBalancer matched source datanode febeeba7-b923-4865-ad1e-c9d2c87db953 with target datanode 056bfb90-4be8-433c-ac1a-986752aaa3eb for container move.
2023-07-25 18:54:28,131 [main] INFO  balancer.ContainerBalancerTask (ContainerBalancerTask.java:processMoveSelection(569)) - ContainerBalancer is trying to move container #71 with size 3221225472B from source datanode febeeba7-b923-4865-ad1e-c9d2c87db953 to target datanode 056bfb90-4be8-433c-ac1a-986752aaa3eb
2023-07-25 18:54:28,131 [main] DEBUG balancer.ContainerBalancerTask (ContainerBalancerTask.java:lambda$moveContainer$3(837)) - Container move completed for container #71 from source febeeba7-b923-4865-ad1e-c9d2c87db953 to target 056bfb90-4be8-433c-ac1a-986752aaa3eb
2023-07-25 18:54:28,134 [main] DEBUG balancer.ContainerBalancerTask (ContainerBalancerTask.java:matchSourceWithTarget(708)) - ContainerBalancer is finding suitable target for source datanode f567f802-00a5-4ded-98c6-a7ae94c3340a
2023-07-25 18:54:28,134 [main] INFO  balancer.ContainerBalancerTask (ContainerBalancerTask.java:matchSourceWithTarget(722)) - ContainerBalancer matched source datanode f567f802-00a5-4ded-98c6-a7ae94c3340a with target datanode 056bfb90-4be8-433c-ac1a-986752aaa3eb for container move.
2023-07-25 18:54:28,134 [main] INFO  balancer.ContainerBalancerTask (ContainerBalancerTask.java:processMoveSelection(569)) - ContainerBalancer is trying to move container #40 with size 5368709120B from source datanode f567f802-00a5-4ded-98c6-a7ae94c3340a to target datanode 056bfb90-4be8-433c-ac1a-986752aaa3eb
2023-07-25 18:54:28,135 [main] DEBUG balancer.ContainerBalancerTask (ContainerBalancerTask.java:lambda$moveContainer$3(837)) - Container move completed for container #40 from source f567f802-00a5-4ded-98c6-a7ae94c3340a to target 056bfb90-4be8-433c-ac1a-986752aaa3eb
2023-07-25 18:54:28,138 [main] DEBUG balancer.ContainerBalancerTask (ContainerBalancerTask.java:matchSourceWithTarget(708)) - ContainerBalancer is finding suitable target for source datanode febeeba7-b923-4865-ad1e-c9d2c87db953
2023-07-25 18:54:28,138 [main] INFO  balancer.ContainerBalancerTask (ContainerBalancerTask.java:matchSourceWithTarget(722)) - ContainerBalancer matched source datanode febeeba7-b923-4865-ad1e-c9d2c87db953 with target datanode 056bfb90-4be8-433c-ac1a-986752aaa3eb for container move.
2023-07-25 18:54:28,138 [main] INFO  balancer.ContainerBalancerTask (ContainerBalancerTask.java:processMoveSelection(569)) - ContainerBalancer is trying to move container #66 with size 3221225472B from source datanode febeeba7-b923-4865-ad1e-c9d2c87db953 to target datanode 056bfb90-4be8-433c-ac1a-986752aaa3eb
2023-07-25 18:54:28,138 [main] DEBUG balancer.ContainerBalancerTask (ContainerBalancerTask.java:lambda$moveContainer$3(837)) - Container move completed for container #66 from source febeeba7-b923-4865-ad1e-c9d2c87db953 to target 056bfb90-4be8-433c-ac1a-986752aaa3eb
2023-07-25 18:54:28,141 [main] DEBUG balancer.ContainerBalancerTask (ContainerBalancerTask.java:matchSourceWithTarget(708)) - ContainerBalancer is finding suitable target for source datanode 4f50034a-75b4-4c2d-a6cb-499964ebd3d2
2023-07-25 18:54:28,141 [main] INFO  balancer.ContainerBalancerTask (ContainerBalancerTask.java:matchSourceWithTarget(722)) - ContainerBalancer matched source datanode 4f50034a-75b4-4c2d-a6cb-499964ebd3d2 with target datanode 056bfb90-4be8-433c-ac1a-986752aaa3eb for container move.
2023-07-25 18:54:28,141 [main] INFO  balancer.ContainerBalancerTask (ContainerBalancerTask.java:processMoveSelection(569)) - ContainerBalancer is trying to move container #89 with size 4294967296B from source datanode 4f50034a-75b4-4c2d-a6cb-499964ebd3d2 to target datanode 056bfb90-4be8-433c-ac1a-986752aaa3eb
2023-07-25 18:54:28,141 [main] DEBUG balancer.ContainerBalancerTask (ContainerBalancerTask.java:lambda$moveContainer$3(837)) - Container move completed for container #89 from source 4f50034a-75b4-4c2d-a6cb-499964ebd3d2 to target 056bfb90-4be8-433c-ac1a-986752aaa3eb
2023-07-25 18:54:28,145 [main] DEBUG balancer.ContainerBalancerTask (ContainerBalancerTask.java:matchSourceWithTarget(708)) - ContainerBalancer is finding suitable target for source datanode febeeba7-b923-4865-ad1e-c9d2c87db953
2023-07-25 18:54:28,145 [main] INFO  balancer.ContainerBalancerTask (ContainerBalancerTask.java:matchSourceWithTarget(722)) - ContainerBalancer matched source datanode febeeba7-b923-4865-ad1e-c9d2c87db953 with target datanode 056bfb90-4be8-433c-ac1a-986752aaa3eb for container move.
2023-07-25 18:54:28,145 [main] INFO  balancer.ContainerBalancerTask (ContainerBalancerTask.java:processMoveSelection(569)) - ContainerBalancer is trying to move container #18 with size 3221225472B from source datanode febeeba7-b923-4865-ad1e-c9d2c87db953 to target datanode 056bfb90-4be8-433c-ac1a-986752aaa3eb
2023-07-25 18:54:28,145 [main] DEBUG balancer.ContainerBalancerTask (ContainerBalancerTask.java:lambda$moveContainer$3(837)) - Container move completed for container #18 from source febeeba7-b923-4865-ad1e-c9d2c87db953 to target 056bfb90-4be8-433c-ac1a-986752aaa3eb
2023-07-25 18:54:28,150 [main] DEBUG balancer.ContainerBalancerTask (ContainerBalancerTask.java:matchSourceWithTarget(708)) - ContainerBalancer is finding suitable target for source datanode 4f50034a-75b4-4c2d-a6cb-499964ebd3d2
2023-07-25 18:54:28,150 [main] INFO  balancer.ContainerBalancerTask (ContainerBalancerTask.java:matchSourceWithTarget(722)) - ContainerBalancer matched source datanode 4f50034a-75b4-4c2d-a6cb-499964ebd3d2 with target datanode 056bfb90-4be8-433c-ac1a-986752aaa3eb for container move.
2023-07-25 18:54:28,150 [main] INFO  balancer.ContainerBalancerTask (ContainerBalancerTask.java:processMoveSelection(569)) - ContainerBalancer is trying to move container #84 with size 4294967296B from source datanode 4f50034a-75b4-4c2d-a6cb-499964ebd3d2 to target datanode 056bfb90-4be8-433c-ac1a-986752aaa3eb
2023-07-25 18:54:28,151 [main] DEBUG balancer.ContainerBalancerTask (ContainerBalancerTask.java:lambda$moveContainer$3(837)) - Container move completed for container #84 from source 4f50034a-75b4-4c2d-a6cb-499964ebd3d2 to target 056bfb90-4be8-433c-ac1a-986752aaa3eb
2023-07-25 18:54:28,155 [main] DEBUG balancer.ContainerBalancerTask (ContainerBalancerTask.java:matchSourceWithTarget(708)) - ContainerBalancer is finding suitable target for source datanode f567f802-00a5-4ded-98c6-a7ae94c3340a
2023-07-25 18:54:28,155 [main] INFO  balancer.ContainerBalancerTask (ContainerBalancerTask.java:matchSourceWithTarget(722)) - ContainerBalancer matched source datanode f567f802-00a5-4ded-98c6-a7ae94c3340a with target datanode 056bfb90-4be8-433c-ac1a-986752aaa3eb for container move.
2023-07-25 18:54:28,156 [main] INFO  balancer.ContainerBalancerTask (ContainerBalancerTask.java:processMoveSelection(569)) - ContainerBalancer is trying to move container #52 with size 4294967296B from source datanode f567f802-00a5-4ded-98c6-a7ae94c3340a to target datanode 056bfb90-4be8-433c-ac1a-986752aaa3eb
2023-07-25 18:54:28,156 [main] DEBUG balancer.ContainerBalancerTask (ContainerBalancerTask.java:lambda$moveContainer$3(837)) - Container move completed for container #52 from source f567f802-00a5-4ded-98c6-a7ae94c3340a to target 056bfb90-4be8-433c-ac1a-986752aaa3eb
2023-07-25 18:54:28,161 [main] DEBUG balancer.ContainerBalancerTask (ContainerBalancerTask.java:matchSourceWithTarget(708)) - ContainerBalancer is finding suitable target for source datanode aeeccbb3-1414-41c1-a6a4-102a874b451a
2023-07-25 18:54:28,161 [main] INFO  balancer.ContainerBalancerTask (ContainerBalancerTask.java:matchSourceWithTarget(722)) - ContainerBalancer matched source datanode aeeccbb3-1414-41c1-a6a4-102a874b451a with target datanode 056bfb90-4be8-433c-ac1a-986752aaa3eb for container move.
2023-07-25 18:54:28,161 [main] INFO  balancer.ContainerBalancerTask (ContainerBalancerTask.java:processMoveSelection(569)) - ContainerBalancer is trying to move container #39 with size 4294967296B from source datanode aeeccbb3-1414-41c1-a6a4-102a874b451a to target datanode 056bfb90-4be8-433c-ac1a-986752aaa3eb
2023-07-25 18:54:28,161 [main] DEBUG balancer.ContainerBalancerTask (ContainerBalancerTask.java:lambda$moveContainer$3(837)) - Container move completed for container #39 from source aeeccbb3-1414-41c1-a6a4-102a874b451a to target 056bfb90-4be8-433c-ac1a-986752aaa3eb
2023-07-25 18:54:28,165 [main] DEBUG balancer.ContainerBalancerTask (ContainerBalancerTask.java:matchSourceWithTarget(708)) - ContainerBalancer is finding suitable target for source datanode febeeba7-b923-4865-ad1e-c9d2c87db953
2023-07-25 18:54:28,165 [main] INFO  balancer.ContainerBalancerTask (ContainerBalancerTask.java:matchSourceWithTarget(722)) - ContainerBalancer matched source datanode febeeba7-b923-4865-ad1e-c9d2c87db953 with target datanode 056bfb90-4be8-433c-ac1a-986752aaa3eb for container move.
2023-07-25 18:54:28,166 [main] INFO  balancer.ContainerBalancerTask (ContainerBalancerTask.java:processMoveSelection(569)) - ContainerBalancer is trying to move container #82 with size 2147483648B from source datanode febeeba7-b923-4865-ad1e-c9d2c87db953 to target datanode 056bfb90-4be8-433c-ac1a-986752aaa3eb
2023-07-25 18:54:28,166 [main] DEBUG balancer.ContainerBalancerTask (ContainerBalancerTask.java:lambda$moveContainer$3(837)) - Container move completed for container #82 from source febeeba7-b923-4865-ad1e-c9d2c87db953 to target 056bfb90-4be8-433c-ac1a-986752aaa3eb
2023-07-25 18:54:28,171 [main] DEBUG balancer.ContainerBalancerTask (ContainerBalancerTask.java:matchSourceWithTarget(708)) - ContainerBalancer is finding suitable target for source datanode aeeccbb3-1414-41c1-a6a4-102a874b451a
2023-07-25 18:54:28,171 [main] INFO  balancer.ContainerBalancerTask (ContainerBalancerTask.java:matchSourceWithTarget(722)) - ContainerBalancer matched source datanode aeeccbb3-1414-41c1-a6a4-102a874b451a with target datanode 056bfb90-4be8-433c-ac1a-986752aaa3eb for container move.
2023-07-25 18:54:28,171 [main] INFO  balancer.ContainerBalancerTask (ContainerBalancerTask.java:processMoveSelection(569)) - ContainerBalancer is trying to move container #83 with size 3221225472B from source datanode aeeccbb3-1414-41c1-a6a4-102a874b451a to target datanode 056bfb90-4be8-433c-ac1a-986752aaa3eb
2023-07-25 18:54:28,172 [main] DEBUG balancer.ContainerBalancerTask (ContainerBalancerTask.java:lambda$moveContainer$3(837)) - Container move completed for container #83 from source aeeccbb3-1414-41c1-a6a4-102a874b451a to target 056bfb90-4be8-433c-ac1a-986752aaa3eb
2023-07-25 18:54:28,175 [main] DEBUG balancer.ContainerBalancerTask (ContainerBalancerTask.java:matchSourceWithTarget(708)) - ContainerBalancer is finding suitable target for source datanode febeeba7-b923-4865-ad1e-c9d2c87db953
2023-07-25 18:54:28,175 [main] INFO  balancer.ContainerBalancerTask (ContainerBalancerTask.java:matchSourceWithTarget(722)) - ContainerBalancer matched source datanode febeeba7-b923-4865-ad1e-c9d2c87db953 with target datanode 5380d800-8fce-4a63-b11f-8b1055d91157 for container move.
2023-07-25 18:54:28,176 [main] INFO  balancer.ContainerBalancerTask (ContainerBalancerTask.java:processMoveSelection(569)) - ContainerBalancer is trying to move container #70 with size 2147483648B from source datanode febeeba7-b923-4865-ad1e-c9d2c87db953 to target datanode 5380d800-8fce-4a63-b11f-8b1055d91157
2023-07-25 18:54:28,176 [main] DEBUG balancer.ContainerBalancerTask (ContainerBalancerTask.java:lambda$moveContainer$3(837)) - Container move completed for container #70 from source febeeba7-b923-4865-ad1e-c9d2c87db953 to target 5380d800-8fce-4a63-b11f-8b1055d91157
2023-07-25 18:54:28,177 [main] WARN  balancer.ContainerBalancerTask (ContainerBalancerTask.java:reachedMaxSizeToMovePerIteration(733)) - Reached max size to move limit. 53687091200 bytes have already been scheduled for balancing and the limit is 53687091200 bytes.
2023-07-25 18:54:28,177 [main] INFO  balancer.ContainerBalancerTask (ContainerBalancerTask.java:checkIterationMoveResults(642)) - Iteration Summary. Number of Datanodes involved: 7. Size moved: 50 GB (53687091200 Bytes). Number of Container moves completed: 14.
2023-07-25 18:54:28,177 [main] INFO  balancer.ContainerBalancerTask (ContainerBalancerTask.java:balance(259)) - Result of this iteration of Container Balancer: ITERATION_COMPLETED
2023-07-25 18:54:28,178 [main] INFO  balancer.ContainerBalancerTask (ContainerBalancerTask.java:tryStopWithSaveConfiguration(308)) - Save Configuration for stopping. Reason: Completed all iterations.
2023-07-25 18:54:28,184 [main] DEBUG balancer.ContainerBalancerTask (ContainerBalancerTask.java:initializeIteration(374)) - Average utilization of the cluster is 0.3156055222234002
2023-07-25 18:54:28,184 [main] DEBUG balancer.ContainerBalancerTask (ContainerBalancerTask.java:initializeIteration(386)) - Lower limit for utilization is 0.21206557797555747 and Upper limit for utilization is 0.41914546647124296
2023-07-25 18:54:28,184 [main] DEBUG balancer.ContainerBalancerTask (ContainerBalancerTask.java:initializeIteration(398)) - Utilization for node 4f50034a-75b4-4c2d-a6cb-499964ebd3d2 with capacity 51300998257B, used 46170898432B, and remaining 5130099825B is 0.900000000013645
2023-07-25 18:54:28,184 [main] DEBUG balancer.ContainerBalancerTask (ContainerBalancerTask.java:initializeIteration(398)) - Utilization for node febeeba7-b923-4865-ad1e-c9d2c87db953 with capacity 59055800320B, used 47244640256B, and remaining 11811160064B is 0.8
2023-07-25 18:54:28,184 [main] DEBUG balancer.ContainerBalancerTask (ContainerBalancerTask.java:initializeIteration(398)) - Utilization for node f567f802-00a5-4ded-98c6-a7ae94c3340a with capacity 56754924982B, used 39728447488B, and remaining 17026477494B is 0.7000000000105717
2023-07-25 18:54:28,184 [main] DEBUG balancer.ContainerBalancerTask (ContainerBalancerTask.java:initializeIteration(398)) - Utilization for node aeeccbb3-1414-41c1-a6a4-102a874b451a with capacity 78741067093B, used 47244640256B, and remaining 31496426837B is 0.60000000000254
2023-07-25 18:54:28,184 [main] DEBUG balancer.ContainerBalancerTask (ContainerBalancerTask.java:initializeIteration(398)) - Utilization for node ad10ee04-68bb-4b66-9072-13d3587588f5 with capacity 77309411328B, used 38654705664B, and remaining 38654705664B is 0.5
2023-07-25 18:54:28,184 [main] DEBUG balancer.ContainerBalancerTask (ContainerBalancerTask.java:initializeIteration(398)) - Utilization for node 906155a4-1f78-4e66-8a37-e7f244b863db with capacity 75161927680B, used 30064771072B, and remaining 45097156608B is 0.4
2023-07-25 18:54:28,185 [main] DEBUG balancer.ContainerBalancerTask (ContainerBalancerTask.java:initializeIteration(398)) - Utilization for node abe908e0-ec37-4cce-924f-463e25c3270a with capacity 150323855360B, used 45097156608B, and remaining 105226698752B is 0.3
2023-07-25 18:54:28,185 [main] DEBUG balancer.ContainerBalancerTask (ContainerBalancerTask.java:initializeIteration(398)) - Utilization for node 5380d800-8fce-4a63-b11f-8b1055d91157 with capacity 182536110080B, used 36507222016B, and remaining 146028888064B is 0.2
2023-07-25 18:54:28,185 [main] DEBUG balancer.ContainerBalancerTask (ContainerBalancerTask.java:initializeIteration(398)) - Utilization for node 056bfb90-4be8-433c-ac1a-986752aaa3eb with capacity 386547056640B, used 38654705664B, and remaining 347892350976B is 0.1
2023-07-25 18:54:28,185 [main] DEBUG balancer.ContainerBalancerTask (ContainerBalancerTask.java:initializeIteration(398)) - Utilization for node c4d3ccbc-bddd-48e4-90bc-e339467c15d1 with capacity 52613349376B, used 0B, and remaining 52613349376B is 0.0
2023-07-25 18:54:28,185 [main] INFO  balancer.ContainerBalancerTask (ContainerBalancerTask.java:initializeIteration(447)) - Container Balancer has identified 5 Over-Utilized and 3 Under-Utilized Datanodes that need to be balanced.
2023-07-25 18:54:28,185 [main] DEBUG balancer.ContainerBalancerTask (ContainerBalancerTask.java:lambda$initializeIteration$1(453)) - Datanode localhost-68.254.123.214 4f50034a-75b4-4c2d-a6cb-499964ebd3d2 is Over-Utilized.
2023-07-25 18:54:28,185 [main] DEBUG balancer.ContainerBalancerTask (ContainerBalancerTask.java:lambda$initializeIteration$1(453)) - Datanode localhost-72.76.193.140 febeeba7-b923-4865-ad1e-c9d2c87db953 is Over-Utilized.
2023-07-25 18:54:28,185 [main] DEBUG balancer.ContainerBalancerTask (ContainerBalancerTask.java:lambda$initializeIteration$1(453)) - Datanode localhost-157.195.1.111 f567f802-00a5-4ded-98c6-a7ae94c3340a is Over-Utilized.
2023-07-25 18:54:28,185 [main] DEBUG balancer.ContainerBalancerTask (ContainerBalancerTask.java:lambda$initializeIteration$1(453)) - Datanode localhost-189.238.33.126 aeeccbb3-1414-41c1-a6a4-102a874b451a is Over-Utilized.
2023-07-25 18:54:28,185 [main] DEBUG balancer.ContainerBalancerTask (ContainerBalancerTask.java:lambda$initializeIteration$1(453)) - Datanode localhost-36.107.44.62 ad10ee04-68bb-4b66-9072-13d3587588f5 is Over-Utilized.
2023-07-25 18:54:28,186 [main] DEBUG balancer.ContainerBalancerTask (ContainerBalancerTask.java:lambda$initializeIteration$2(459)) - Datanode localhost-99.255.28.30 c4d3ccbc-bddd-48e4-90bc-e339467c15d1 is Under-Utilized.
2023-07-25 18:54:28,186 [main] DEBUG balancer.ContainerBalancerTask (ContainerBalancerTask.java:lambda$initializeIteration$2(459)) - Datanode localhost-117.176.158.140 056bfb90-4be8-433c-ac1a-986752aaa3eb is Under-Utilized.
2023-07-25 18:54:28,186 [main] DEBUG balancer.ContainerBalancerTask (ContainerBalancerTask.java:lambda$initializeIteration$2(459)) - Datanode localhost-191.130.230.124 5380d800-8fce-4a63-b11f-8b1055d91157 is Under-Utilized.
2023-07-25 18:54:28,188 [main] DEBUG balancer.ContainerBalancerTask (ContainerBalancerTask.java:matchSourceWithTarget(708)) - ContainerBalancer is finding suitable target for source datanode 4f50034a-75b4-4c2d-a6cb-499964ebd3d2
2023-07-25 18:54:28,188 [main] INFO  balancer.ContainerBalancerTask (ContainerBalancerTask.java:matchSourceWithTarget(722)) - ContainerBalancer matched source datanode 4f50034a-75b4-4c2d-a6cb-499964ebd3d2 with target datanode c4d3ccbc-bddd-48e4-90bc-e339467c15d1 for container move.
2023-07-25 18:54:28,188 [main] INFO  balancer.ContainerBalancerTask (ContainerBalancerTask.java:processMoveSelection(569)) - ContainerBalancer is trying to move container #85 with size 5368709120B from source datanode 4f50034a-75b4-4c2d-a6cb-499964ebd3d2 to target datanode c4d3ccbc-bddd-48e4-90bc-e339467c15d1
2023-07-25 18:54:28,189 [main] DEBUG balancer.ContainerBalancerTask (ContainerBalancerTask.java:lambda$moveContainer$3(837)) - Container move completed for container #85 from source 4f50034a-75b4-4c2d-a6cb-499964ebd3d2 to target c4d3ccbc-bddd-48e4-90bc-e339467c15d1
2023-07-25 18:54:28,193 [main] DEBUG balancer.ContainerBalancerTask (ContainerBalancerTask.java:matchSourceWithTarget(708)) - ContainerBalancer is finding suitable target for source datanode febeeba7-b923-4865-ad1e-c9d2c87db953
2023-07-25 18:54:28,193 [main] INFO  balancer.ContainerBalancerTask (ContainerBalancerTask.java:matchSourceWithTarget(722)) - ContainerBalancer matched source datanode febeeba7-b923-4865-ad1e-c9d2c87db953 with target datanode 056bfb90-4be8-433c-ac1a-986752aaa3eb for container move.
2023-07-25 18:54:28,193 [main] INFO  balancer.ContainerBalancerTask (ContainerBalancerTask.java:processMoveSelection(569)) - ContainerBalancer is trying to move container #88 with size 3221225472B from source datanode febeeba7-b923-4865-ad1e-c9d2c87db953 to target datanode 056bfb90-4be8-433c-ac1a-986752aaa3eb
2023-07-25 18:54:28,193 [main] DEBUG balancer.ContainerBalancerTask (ContainerBalancerTask.java:lambda$moveContainer$3(837)) - Container move completed for container #88 from source febeeba7-b923-4865-ad1e-c9d2c87db953 to target 056bfb90-4be8-433c-ac1a-986752aaa3eb
2023-07-25 18:54:28,196 [main] DEBUG balancer.ContainerBalancerTask (ContainerBalancerTask.java:matchSourceWithTarget(708)) - ContainerBalancer is finding suitable target for source datanode 4f50034a-75b4-4c2d-a6cb-499964ebd3d2
2023-07-25 18:54:28,197 [main] INFO  balancer.ContainerBalancerTask (ContainerBalancerTask.java:matchSourceWithTarget(722)) - ContainerBalancer matched source datanode 4f50034a-75b4-4c2d-a6cb-499964ebd3d2 with target datanode c4d3ccbc-bddd-48e4-90bc-e339467c15d1 for container move.
2023-07-25 18:54:28,197 [main] INFO  balancer.ContainerBalancerTask (ContainerBalancerTask.java:processMoveSelection(569)) - ContainerBalancer is trying to move container #68 with size 5368709120B from source datanode 4f50034a-75b4-4c2d-a6cb-499964ebd3d2 to target datanode c4d3ccbc-bddd-48e4-90bc-e339467c15d1
2023-07-25 18:54:28,198 [main] DEBUG balancer.ContainerBalancerTask (ContainerBalancerTask.java:lambda$moveContainer$3(837)) - Container move completed for container #68 from source 4f50034a-75b4-4c2d-a6cb-499964ebd3d2 to target c4d3ccbc-bddd-48e4-90bc-e339467c15d1
2023-07-25 18:54:28,254 [main] DEBUG balancer.ContainerBalancerTask (ContainerBalancerTask.java:matchSourceWithTarget(708)) - ContainerBalancer is finding suitable target for source datanode febeeba7-b923-4865-ad1e-c9d2c87db953
2023-07-25 18:54:28,255 [main] INFO  balancer.ContainerBalancerTask (ContainerBalancerTask.java:matchSourceWithTarget(722)) - ContainerBalancer matched source datanode febeeba7-b923-4865-ad1e-c9d2c87db953 with target datanode 056bfb90-4be8-433c-ac1a-986752aaa3eb for container move.
2023-07-25 18:54:28,255 [main] INFO  balancer.ContainerBalancerTask (ContainerBalancerTask.java:processMoveSelection(569)) - ContainerBalancer is trying to move container #71 with size 3221225472B from source datanode febeeba7-b923-4865-ad1e-c9d2c87db953 to target datanode 056bfb90-4be8-433c-ac1a-986752aaa3eb
2023-07-25 18:54:28,255 [main] DEBUG balancer.ContainerBalancerTask (ContainerBalancerTask.java:lambda$moveContainer$3(837)) - Container move completed for container #71 from source febeeba7-b923-4865-ad1e-c9d2c87db953 to target 056bfb90-4be8-433c-ac1a-986752aaa3eb
2023-07-25 18:54:28,258 [main] DEBUG balancer.ContainerBalancerTask (ContainerBalancerTask.java:matchSourceWithTarget(708)) - ContainerBalancer is finding suitable target for source datanode f567f802-00a5-4ded-98c6-a7ae94c3340a
2023-07-25 18:54:28,258 [main] INFO  balancer.ContainerBalancerTask (ContainerBalancerTask.java:matchSourceWithTarget(722)) - ContainerBalancer matched source datanode f567f802-00a5-4ded-98c6-a7ae94c3340a with target datanode 056bfb90-4be8-433c-ac1a-986752aaa3eb for container move.
2023-07-25 18:54:28,258 [main] INFO  balancer.ContainerBalancerTask (ContainerBalancerTask.java:processMoveSelection(569)) - ContainerBalancer is trying to move container #40 with size 5368709120B from source datanode f567f802-00a5-4ded-98c6-a7ae94c3340a to target datanode 056bfb90-4be8-433c-ac1a-986752aaa3eb
2023-07-25 18:54:28,259 [main] DEBUG balancer.ContainerBalancerTask (ContainerBalancerTask.java:lambda$moveContainer$3(837)) - Container move completed for container #40 from source f567f802-00a5-4ded-98c6-a7ae94c3340a to target 056bfb90-4be8-433c-ac1a-986752aaa3eb
2023-07-25 18:54:28,261 [main] DEBUG balancer.ContainerBalancerTask (ContainerBalancerTask.java:matchSourceWithTarget(708)) - ContainerBalancer is finding suitable target for source datanode febeeba7-b923-4865-ad1e-c9d2c87db953
2023-07-25 18:54:28,262 [main] INFO  balancer.ContainerBalancerTask (ContainerBalancerTask.java:matchSourceWithTarget(722)) - ContainerBalancer matched source datanode febeeba7-b923-4865-ad1e-c9d2c87db953 with target datanode 056bfb90-4be8-433c-ac1a-986752aaa3eb for container move.
2023-07-25 18:54:28,262 [main] INFO  balancer.ContainerBalancerTask (ContainerBalancerTask.java:processMoveSelection(569)) - ContainerBalancer is trying to move container #66 with size 3221225472B from source datanode febeeba7-b923-4865-ad1e-c9d2c87db953 to target datanode 056bfb90-4be8-433c-ac1a-986752aaa3eb
2023-07-25 18:54:28,262 [main] DEBUG balancer.ContainerBalancerTask (ContainerBalancerTask.java:lambda$moveContainer$3(837)) - Container move completed for container #66 from source febeeba7-b923-4865-ad1e-c9d2c87db953 to target 056bfb90-4be8-433c-ac1a-986752aaa3eb
2023-07-25 18:54:28,265 [main] DEBUG balancer.ContainerBalancerTask (ContainerBalancerTask.java:matchSourceWithTarget(708)) - ContainerBalancer is finding suitable target for source datanode 4f50034a-75b4-4c2d-a6cb-499964ebd3d2
2023-07-25 18:54:28,265 [main] INFO  balancer.ContainerBalancerTask (ContainerBalancerTask.java:matchSourceWithTarget(722)) - ContainerBalancer matched source datanode 4f50034a-75b4-4c2d-a6cb-499964ebd3d2 with target datanode 056bfb90-4be8-433c-ac1a-986752aaa3eb for container move.
2023-07-25 18:54:28,265 [main] INFO  balancer.ContainerBalancerTask (ContainerBalancerTask.java:processMoveSelection(569)) - ContainerBalancer is trying to move container #89 with size 4294967296B from source datanode 4f50034a-75b4-4c2d-a6cb-499964ebd3d2 to target datanode 056bfb90-4be8-433c-ac1a-986752aaa3eb
2023-07-25 18:54:28,266 [main] DEBUG balancer.ContainerBalancerTask (ContainerBalancerTask.java:lambda$moveContainer$3(837)) - Container move completed for container #89 from source 4f50034a-75b4-4c2d-a6cb-499964ebd3d2 to target 056bfb90-4be8-433c-ac1a-986752aaa3eb
2023-07-25 18:54:28,269 [main] DEBUG balancer.ContainerBalancerTask (ContainerBalancerTask.java:matchSourceWithTarget(708)) - ContainerBalancer is finding suitable target for source datanode febeeba7-b923-4865-ad1e-c9d2c87db953
2023-07-25 18:54:28,269 [main] INFO  balancer.ContainerBalancerTask (ContainerBalancerTask.java:matchSourceWithTarget(722)) - ContainerBalancer matched source datanode febeeba7-b923-4865-ad1e-c9d2c87db953 with target datanode 056bfb90-4be8-433c-ac1a-986752aaa3eb for container move.
2023-07-25 18:54:28,269 [main] INFO  balancer.ContainerBalancerTask (ContainerBalancerTask.java:processMoveSelection(569)) - ContainerBalancer is trying to move container #18 with size 3221225472B from source datanode febeeba7-b923-4865-ad1e-c9d2c87db953 to target datanode 056bfb90-4be8-433c-ac1a-986752aaa3eb
2023-07-25 18:54:28,269 [main] DEBUG balancer.ContainerBalancerTask (ContainerBalancerTask.java:lambda$moveContainer$3(837)) - Container move completed for container #18 from source febeeba7-b923-4865-ad1e-c9d2c87db953 to target 056bfb90-4be8-433c-ac1a-986752aaa3eb
2023-07-25 18:54:28,272 [main] DEBUG balancer.ContainerBalancerTask (ContainerBalancerTask.java:matchSourceWithTarget(708)) - ContainerBalancer is finding suitable target for source datanode 4f50034a-75b4-4c2d-a6cb-499964ebd3d2
2023-07-25 18:54:28,272 [main] INFO  balancer.ContainerBalancerTask (ContainerBalancerTask.java:matchSourceWithTarget(722)) - ContainerBalancer matched source datanode 4f50034a-75b4-4c2d-a6cb-499964ebd3d2 with target datanode 056bfb90-4be8-433c-ac1a-986752aaa3eb for container move.
2023-07-25 18:54:28,272 [main] INFO  balancer.ContainerBalancerTask (ContainerBalancerTask.java:processMoveSelection(569)) - ContainerBalancer is trying to move container #84 with size 4294967296B from source datanode 4f50034a-75b4-4c2d-a6cb-499964ebd3d2 to target datanode 056bfb90-4be8-433c-ac1a-986752aaa3eb
2023-07-25 18:54:28,273 [main] DEBUG balancer.ContainerBalancerTask (ContainerBalancerTask.java:lambda$moveContainer$3(837)) - Container move completed for container #84 from source 4f50034a-75b4-4c2d-a6cb-499964ebd3d2 to target 056bfb90-4be8-433c-ac1a-986752aaa3eb
2023-07-25 18:54:28,276 [main] DEBUG balancer.ContainerBalancerTask (ContainerBalancerTask.java:matchSourceWithTarget(708)) - ContainerBalancer is finding suitable target for source datanode f567f802-00a5-4ded-98c6-a7ae94c3340a
2023-07-25 18:54:28,276 [main] INFO  balancer.ContainerBalancerTask (ContainerBalancerTask.java:matchSourceWithTarget(722)) - ContainerBalancer matched source datanode f567f802-00a5-4ded-98c6-a7ae94c3340a with target datanode 056bfb90-4be8-433c-ac1a-986752aaa3eb for container move.
2023-07-25 18:54:28,276 [main] INFO  balancer.ContainerBalancerTask (ContainerBalancerTask.java:processMoveSelection(569)) - ContainerBalancer is trying to move container #52 with size 4294967296B from source datanode f567f802-00a5-4ded-98c6-a7ae94c3340a to target datanode 056bfb90-4be8-433c-ac1a-986752aaa3eb
2023-07-25 18:54:28,276 [main] DEBUG balancer.ContainerBalancerTask (ContainerBalancerTask.java:lambda$moveContainer$3(837)) - Container move completed for container #52 from source f567f802-00a5-4ded-98c6-a7ae94c3340a to target 056bfb90-4be8-433c-ac1a-986752aaa3eb
2023-07-25 18:54:28,280 [main] DEBUG balancer.ContainerBalancerTask (ContainerBalancerTask.java:matchSourceWithTarget(708)) - ContainerBalancer is finding suitable target for source datanode aeeccbb3-1414-41c1-a6a4-102a874b451a
2023-07-25 18:54:28,281 [main] INFO  balancer.ContainerBalancerTask (ContainerBalancerTask.java:matchSourceWithTarget(722)) - ContainerBalancer matched source datanode aeeccbb3-1414-41c1-a6a4-102a874b451a with target datanode 056bfb90-4be8-433c-ac1a-986752aaa3eb for container move.
2023-07-25 18:54:28,281 [main] INFO  balancer.ContainerBalancerTask (ContainerBalancerTask.java:processMoveSelection(569)) - ContainerBalancer is trying to move container #39 with size 4294967296B from source datanode aeeccbb3-1414-41c1-a6a4-102a874b451a to target datanode 056bfb90-4be8-433c-ac1a-986752aaa3eb
2023-07-25 18:54:28,281 [main] DEBUG balancer.ContainerBalancerTask (ContainerBalancerTask.java:lambda$moveContainer$3(837)) - Container move completed for container #39 from source aeeccbb3-1414-41c1-a6a4-102a874b451a to target 056bfb90-4be8-433c-ac1a-986752aaa3eb
2023-07-25 18:54:28,285 [main] DEBUG balancer.ContainerBalancerTask (ContainerBalancerTask.java:matchSourceWithTarget(708)) - ContainerBalancer is finding suitable target for source datanode febeeba7-b923-4865-ad1e-c9d2c87db953
2023-07-25 18:54:28,285 [main] INFO  balancer.ContainerBalancerTask (ContainerBalancerTask.java:matchSourceWithTarget(722)) - ContainerBalancer matched source datanode febeeba7-b923-4865-ad1e-c9d2c87db953 with target datanode 056bfb90-4be8-433c-ac1a-986752aaa3eb for container move.
2023-07-25 18:54:28,285 [main] INFO  balancer.ContainerBalancerTask (ContainerBalancerTask.java:processMoveSelection(569)) - ContainerBalancer is trying to move container #82 with size 2147483648B from source datanode febeeba7-b923-4865-ad1e-c9d2c87db953 to target datanode 056bfb90-4be8-433c-ac1a-986752aaa3eb
2023-07-25 18:54:28,286 [main] DEBUG balancer.ContainerBalancerTask (ContainerBalancerTask.java:lambda$moveContainer$3(837)) - Container move completed for container #82 from source febeeba7-b923-4865-ad1e-c9d2c87db953 to target 056bfb90-4be8-433c-ac1a-986752aaa3eb
2023-07-25 18:54:28,290 [main] DEBUG balancer.ContainerBalancerTask (ContainerBalancerTask.java:matchSourceWithTarget(708)) - ContainerBalancer is finding suitable target for source datanode aeeccbb3-1414-41c1-a6a4-102a874b451a
2023-07-25 18:54:28,290 [main] INFO  balancer.ContainerBalancerTask (ContainerBalancerTask.java:matchSourceWithTarget(722)) - ContainerBalancer matched source datanode aeeccbb3-1414-41c1-a6a4-102a874b451a with target datanode 056bfb90-4be8-433c-ac1a-986752aaa3eb for container move.
2023-07-25 18:54:28,291 [main] INFO  balancer.ContainerBalancerTask (ContainerBalancerTask.java:processMoveSelection(569)) - ContainerBalancer is trying to move container #83 with size 3221225472B from source datanode aeeccbb3-1414-41c1-a6a4-102a874b451a to target datanode 056bfb90-4be8-433c-ac1a-986752aaa3eb
2023-07-25 18:54:28,291 [main] DEBUG balancer.ContainerBalancerTask (ContainerBalancerTask.java:lambda$moveContainer$3(837)) - Container move completed for container #83 from source aeeccbb3-1414-41c1-a6a4-102a874b451a to target 056bfb90-4be8-433c-ac1a-986752aaa3eb
2023-07-25 18:54:28,294 [main] DEBUG balancer.ContainerBalancerTask (ContainerBalancerTask.java:matchSourceWithTarget(708)) - ContainerBalancer is finding suitable target for source datanode febeeba7-b923-4865-ad1e-c9d2c87db953
2023-07-25 18:54:28,296 [main] INFO  balancer.ContainerBalancerTask (ContainerBalancerTask.java:matchSourceWithTarget(722)) - ContainerBalancer matched source datanode febeeba7-b923-4865-ad1e-c9d2c87db953 with target datanode 5380d800-8fce-4a63-b11f-8b1055d91157 for container move.
2023-07-25 18:54:28,296 [main] INFO  balancer.ContainerBalancerTask (ContainerBalancerTask.java:processMoveSelection(569)) - ContainerBalancer is trying to move container #70 with size 2147483648B from source datanode febeeba7-b923-4865-ad1e-c9d2c87db953 to target datanode 5380d800-8fce-4a63-b11f-8b1055d91157
2023-07-25 18:54:28,296 [main] DEBUG balancer.ContainerBalancerTask (ContainerBalancerTask.java:lambda$moveContainer$3(837)) - Container move completed for container #70 from source febeeba7-b923-4865-ad1e-c9d2c87db953 to target 5380d800-8fce-4a63-b11f-8b1055d91157
2023-07-25 18:54:28,296 [main] WARN  balancer.ContainerBalancerTask (ContainerBalancerTask.java:reachedMaxSizeToMovePerIteration(733)) - Reached max size to move limit. 53687091200 bytes have already been scheduled for balancing and the limit is 53687091200 bytes.
2023-07-25 18:54:28,296 [main] INFO  balancer.ContainerBalancerTask (ContainerBalancerTask.java:checkIterationMoveResults(642)) - Iteration Summary. Number of Datanodes involved: 7. Size moved: 50 GB (53687091200 Bytes). Number of Container moves completed: 14.
2023-07-25 18:54:28,296 [main] INFO  balancer.ContainerBalancerTask (ContainerBalancerTask.java:balance(259)) - Result of this iteration of Container Balancer: ITERATION_COMPLETED
2023-07-25 18:54:28,297 [main] INFO  balancer.ContainerBalancerTask (ContainerBalancerTask.java:tryStopWithSaveConfiguration(308)) - Save Configuration for stopping. Reason: Completed all iterations.
2023-07-25 18:54:28,298 [main] DEBUG balancer.ContainerBalancerTask (ContainerBalancerTask.java:initializeIteration(374)) - Average utilization of the cluster is 0.3156055222234002
2023-07-25 18:54:28,298 [main] DEBUG balancer.ContainerBalancerTask (ContainerBalancerTask.java:initializeIteration(386)) - Lower limit for utilization is -0.5920961145567303 and Upper limit for utilization is 1.2233071590035307
2023-07-25 18:54:28,298 [main] DEBUG balancer.ContainerBalancerTask (ContainerBalancerTask.java:initializeIteration(398)) - Utilization for node 4f50034a-75b4-4c2d-a6cb-499964ebd3d2 with capacity 51300998257B, used 46170898432B, and remaining 5130099825B is 0.900000000013645
2023-07-25 18:54:28,298 [main] DEBUG balancer.ContainerBalancerTask (ContainerBalancerTask.java:initializeIteration(398)) - Utilization for node febeeba7-b923-4865-ad1e-c9d2c87db953 with capacity 59055800320B, used 47244640256B, and remaining 11811160064B is 0.8
2023-07-25 18:54:28,298 [main] DEBUG balancer.ContainerBalancerTask (ContainerBalancerTask.java:initializeIteration(398)) - Utilization for node f567f802-00a5-4ded-98c6-a7ae94c3340a with capacity 56754924982B, used 39728447488B, and remaining 17026477494B is 0.7000000000105717
2023-07-25 18:54:28,298 [main] DEBUG balancer.ContainerBalancerTask (ContainerBalancerTask.java:initializeIteration(398)) - Utilization for node aeeccbb3-1414-41c1-a6a4-102a874b451a with capacity 78741067093B, used 47244640256B, and remaining 31496426837B is 0.60000000000254
2023-07-25 18:54:28,298 [main] DEBUG balancer.ContainerBalancerTask (ContainerBalancerTask.java:initializeIteration(398)) - Utilization for node ad10ee04-68bb-4b66-9072-13d3587588f5 with capacity 77309411328B, used 38654705664B, and remaining 38654705664B is 0.5
2023-07-25 18:54:28,298 [main] DEBUG balancer.ContainerBalancerTask (ContainerBalancerTask.java:initializeIteration(398)) - Utilization for node 906155a4-1f78-4e66-8a37-e7f244b863db with capacity 75161927680B, used 30064771072B, and remaining 45097156608B is 0.4
2023-07-25 18:54:28,298 [main] DEBUG balancer.ContainerBalancerTask (ContainerBalancerTask.java:initializeIteration(398)) - Utilization for node abe908e0-ec37-4cce-924f-463e25c3270a with capacity 150323855360B, used 45097156608B, and remaining 105226698752B is 0.3
2023-07-25 18:54:28,298 [main] DEBUG balancer.ContainerBalancerTask (ContainerBalancerTask.java:initializeIteration(398)) - Utilization for node 5380d800-8fce-4a63-b11f-8b1055d91157 with capacity 182536110080B, used 36507222016B, and remaining 146028888064B is 0.2
2023-07-25 18:54:28,298 [main] DEBUG balancer.ContainerBalancerTask (ContainerBalancerTask.java:initializeIteration(398)) - Utilization for node 056bfb90-4be8-433c-ac1a-986752aaa3eb with capacity 386547056640B, used 38654705664B, and remaining 347892350976B is 0.1
2023-07-25 18:54:28,299 [main] DEBUG balancer.ContainerBalancerTask (ContainerBalancerTask.java:initializeIteration(398)) - Utilization for node c4d3ccbc-bddd-48e4-90bc-e339467c15d1 with capacity 52613349376B, used 0B, and remaining 52613349376B is 0.0
2023-07-25 18:54:28,299 [main] INFO  balancer.ContainerBalancerTask (ContainerBalancerTask.java:initializeIteration(443)) - Did not find any unbalanced Datanodes.
2023-07-25 18:54:28,299 [main] INFO  balancer.ContainerBalancerTask (ContainerBalancerTask.java:tryStopWithSaveConfiguration(308)) - Save Configuration for stopping. Reason: Could not initialize ContainerBalancer's iteration number 0
2023-07-25 18:54:28,299 [main] DEBUG balancer.ContainerBalancerTask (ContainerBalancerTask.java:initializeIteration(374)) - Average utilization of the cluster is 0.3156055222234002
2023-07-25 18:54:28,300 [main] DEBUG balancer.ContainerBalancerTask (ContainerBalancerTask.java:initializeIteration(386)) - Lower limit for utilization is -0.06483816164714584 and Upper limit for utilization is 0.6960492060939463
2023-07-25 18:54:28,300 [main] DEBUG balancer.ContainerBalancerTask (ContainerBalancerTask.java:initializeIteration(398)) - Utilization for node 4f50034a-75b4-4c2d-a6cb-499964ebd3d2 with capacity 51300998257B, used 46170898432B, and remaining 5130099825B is 0.900000000013645
2023-07-25 18:54:28,300 [main] DEBUG balancer.ContainerBalancerTask (ContainerBalancerTask.java:initializeIteration(398)) - Utilization for node febeeba7-b923-4865-ad1e-c9d2c87db953 with capacity 59055800320B, used 47244640256B, and remaining 11811160064B is 0.8
2023-07-25 18:54:28,300 [main] DEBUG balancer.ContainerBalancerTask (ContainerBalancerTask.java:initializeIteration(398)) - Utilization for node f567f802-00a5-4ded-98c6-a7ae94c3340a with capacity 56754924982B, used 39728447488B, and remaining 17026477494B is 0.7000000000105717
2023-07-25 18:54:28,300 [main] DEBUG balancer.ContainerBalancerTask (ContainerBalancerTask.java:initializeIteration(398)) - Utilization for node aeeccbb3-1414-41c1-a6a4-102a874b451a with capacity 78741067093B, used 47244640256B, and remaining 31496426837B is 0.60000000000254
2023-07-25 18:54:28,300 [main] DEBUG balancer.ContainerBalancerTask (ContainerBalancerTask.java:initializeIteration(398)) - Utilization for node ad10ee04-68bb-4b66-9072-13d3587588f5 with capacity 77309411328B, used 38654705664B, and remaining 38654705664B is 0.5
2023-07-25 18:54:28,300 [main] DEBUG balancer.ContainerBalancerTask (ContainerBalancerTask.java:initializeIteration(398)) - Utilization for node 906155a4-1f78-4e66-8a37-e7f244b863db with capacity 75161927680B, used 30064771072B, and remaining 45097156608B is 0.4
2023-07-25 18:54:28,300 [main] DEBUG balancer.ContainerBalancerTask (ContainerBalancerTask.java:initializeIteration(398)) - Utilization for node abe908e0-ec37-4cce-924f-463e25c3270a with capacity 150323855360B, used 45097156608B, and remaining 105226698752B is 0.3
2023-07-25 18:54:28,300 [main] DEBUG balancer.ContainerBalancerTask (ContainerBalancerTask.java:initializeIteration(398)) - Utilization for node 5380d800-8fce-4a63-b11f-8b1055d91157 with capacity 182536110080B, used 36507222016B, and remaining 146028888064B is 0.2
2023-07-25 18:54:28,300 [main] DEBUG balancer.ContainerBalancerTask (ContainerBalancerTask.java:initializeIteration(398)) - Utilization for node 056bfb90-4be8-433c-ac1a-986752aaa3eb with capacity 386547056640B, used 38654705664B, and remaining 347892350976B is 0.1
2023-07-25 18:54:28,301 [main] DEBUG balancer.ContainerBalancerTask (ContainerBalancerTask.java:initializeIteration(398)) - Utilization for node c4d3ccbc-bddd-48e4-90bc-e339467c15d1 with capacity 52613349376B, used 0B, and remaining 52613349376B is 0.0
2023-07-25 18:54:28,301 [main] INFO  balancer.ContainerBalancerTask (ContainerBalancerTask.java:initializeIteration(447)) - Container Balancer has identified 3 Over-Utilized and 0 Under-Utilized Datanodes that need to be balanced.
2023-07-25 18:54:28,301 [main] DEBUG balancer.ContainerBalancerTask (ContainerBalancerTask.java:lambda$initializeIteration$1(453)) - Datanode localhost-68.254.123.214 4f50034a-75b4-4c2d-a6cb-499964ebd3d2 is Over-Utilized.
2023-07-25 18:54:28,301 [main] DEBUG balancer.ContainerBalancerTask (ContainerBalancerTask.java:lambda$initializeIteration$1(453)) - Datanode localhost-72.76.193.140 febeeba7-b923-4865-ad1e-c9d2c87db953 is Over-Utilized.
2023-07-25 18:54:28,301 [main] DEBUG balancer.ContainerBalancerTask (ContainerBalancerTask.java:lambda$initializeIteration$1(453)) - Datanode localhost-157.195.1.111 f567f802-00a5-4ded-98c6-a7ae94c3340a is Over-Utilized.
2023-07-25 18:54:28,303 [main] DEBUG balancer.ContainerBalancerTask (ContainerBalancerTask.java:matchSourceWithTarget(708)) - ContainerBalancer is finding suitable target for source datanode 4f50034a-75b4-4c2d-a6cb-499964ebd3d2
2023-07-25 18:54:28,303 [main] INFO  balancer.FindTargetGreedyByUsageInfo (AbstractFindTargetGreedy.java:findTargetForContainerMove(133)) - Container Balancer could not find a target for source datanode 4f50034a-75b4-4c2d-a6cb-499964ebd3d2
2023-07-25 18:54:28,303 [main] DEBUG balancer.ContainerBalancerTask (ContainerBalancerTask.java:matchSourceWithTarget(717)) - ContainerBalancer could not find a suitable target for source node 4f50034a-75b4-4c2d-a6cb-499964ebd3d2.
2023-07-25 18:54:28,306 [main] DEBUG balancer.ContainerBalancerTask (ContainerBalancerTask.java:matchSourceWithTarget(708)) - ContainerBalancer is finding suitable target for source datanode febeeba7-b923-4865-ad1e-c9d2c87db953
2023-07-25 18:54:28,306 [main] INFO  balancer.FindTargetGreedyByUsageInfo (AbstractFindTargetGreedy.java:findTargetForContainerMove(133)) - Container Balancer could not find a target for source datanode febeeba7-b923-4865-ad1e-c9d2c87db953
2023-07-25 18:54:28,306 [main] DEBUG balancer.ContainerBalancerTask (ContainerBalancerTask.java:matchSourceWithTarget(717)) - ContainerBalancer could not find a suitable target for source node febeeba7-b923-4865-ad1e-c9d2c87db953.
2023-07-25 18:54:28,308 [main] DEBUG balancer.ContainerBalancerTask (ContainerBalancerTask.java:matchSourceWithTarget(708)) - ContainerBalancer is finding suitable target for source datanode f567f802-00a5-4ded-98c6-a7ae94c3340a
2023-07-25 18:54:28,308 [main] INFO  balancer.FindTargetGreedyByUsageInfo (AbstractFindTargetGreedy.java:findTargetForContainerMove(133)) - Container Balancer could not find a target for source datanode f567f802-00a5-4ded-98c6-a7ae94c3340a
2023-07-25 18:54:28,308 [main] DEBUG balancer.ContainerBalancerTask (ContainerBalancerTask.java:matchSourceWithTarget(717)) - ContainerBalancer could not find a suitable target for source node f567f802-00a5-4ded-98c6-a7ae94c3340a.
2023-07-25 18:54:28,308 [main] INFO  balancer.FindSourceGreedy (FindSourceGreedy.java:getNextCandidateSourceDataNode(126)) - no more candidate source data node
2023-07-25 18:54:28,308 [main] INFO  balancer.ContainerBalancerTask (ContainerBalancerTask.java:balance(259)) - Result of this iteration of Container Balancer: CAN_NOT_BALANCE_ANY_MORE
2023-07-25 18:54:28,309 [main] INFO  balancer.ContainerBalancerTask (ContainerBalancerTask.java:tryStopWithSaveConfiguration(308)) - Save Configuration for stopping. Reason: CAN_NOT_BALANCE_ANY_MORE
2023-07-25 18:54:28,313 [main] DEBUG balancer.ContainerBalancerTask (ContainerBalancerTask.java:initializeIteration(374)) - Average utilization of the cluster is 0.3156055222234002
2023-07-25 18:54:28,313 [main] DEBUG balancer.ContainerBalancerTask (ContainerBalancerTask.java:initializeIteration(386)) - Lower limit for utilization is -0.16353056061370486 and Upper limit for utilization is 0.7947416050605053
2023-07-25 18:54:28,313 [main] DEBUG balancer.ContainerBalancerTask (ContainerBalancerTask.java:initializeIteration(398)) - Utilization for node 4f50034a-75b4-4c2d-a6cb-499964ebd3d2 with capacity 51300998257B, used 46170898432B, and remaining 5130099825B is 0.900000000013645
2023-07-25 18:54:28,313 [main] DEBUG balancer.ContainerBalancerTask (ContainerBalancerTask.java:initializeIteration(398)) - Utilization for node febeeba7-b923-4865-ad1e-c9d2c87db953 with capacity 59055800320B, used 47244640256B, and remaining 11811160064B is 0.8
2023-07-25 18:54:28,313 [main] DEBUG balancer.ContainerBalancerTask (ContainerBalancerTask.java:initializeIteration(398)) - Utilization for node f567f802-00a5-4ded-98c6-a7ae94c3340a with capacity 56754924982B, used 39728447488B, and remaining 17026477494B is 0.7000000000105717
2023-07-25 18:54:28,313 [main] DEBUG balancer.ContainerBalancerTask (ContainerBalancerTask.java:initializeIteration(398)) - Utilization for node aeeccbb3-1414-41c1-a6a4-102a874b451a with capacity 78741067093B, used 47244640256B, and remaining 31496426837B is 0.60000000000254
2023-07-25 18:54:28,314 [main] DEBUG balancer.ContainerBalancerTask (ContainerBalancerTask.java:initializeIteration(398)) - Utilization for node ad10ee04-68bb-4b66-9072-13d3587588f5 with capacity 77309411328B, used 38654705664B, and remaining 38654705664B is 0.5
2023-07-25 18:54:28,314 [main] DEBUG balancer.ContainerBalancerTask (ContainerBalancerTask.java:initializeIteration(398)) - Utilization for node 906155a4-1f78-4e66-8a37-e7f244b863db with capacity 75161927680B, used 30064771072B, and remaining 45097156608B is 0.4
2023-07-25 18:54:28,314 [main] DEBUG balancer.ContainerBalancerTask (ContainerBalancerTask.java:initializeIteration(398)) - Utilization for node abe908e0-ec37-4cce-924f-463e25c3270a with capacity 150323855360B, used 45097156608B, and remaining 105226698752B is 0.3
2023-07-25 18:54:28,314 [main] DEBUG balancer.ContainerBalancerTask (ContainerBalancerTask.java:initializeIteration(398)) - Utilization for node 5380d800-8fce-4a63-b11f-8b1055d91157 with capacity 182536110080B, used 36507222016B, and remaining 146028888064B is 0.2
2023-07-25 18:54:28,314 [main] DEBUG balancer.ContainerBalancerTask (ContainerBalancerTask.java:initializeIteration(398)) - Utilization for node 056bfb90-4be8-433c-ac1a-986752aaa3eb with capacity 386547056640B, used 38654705664B, and remaining 347892350976B is 0.1
2023-07-25 18:54:28,314 [main] DEBUG balancer.ContainerBalancerTask (ContainerBalancerTask.java:initializeIteration(398)) - Utilization for node c4d3ccbc-bddd-48e4-90bc-e339467c15d1 with capacity 52613349376B, used 0B, and remaining 52613349376B is 0.0
2023-07-25 18:54:28,314 [main] INFO  balancer.ContainerBalancerTask (ContainerBalancerTask.java:initializeIteration(447)) - Container Balancer has identified 2 Over-Utilized and 0 Under-Utilized Datanodes that need to be balanced.
2023-07-25 18:54:28,314 [main] DEBUG balancer.ContainerBalancerTask (ContainerBalancerTask.java:lambda$initializeIteration$1(453)) - Datanode localhost-68.254.123.214 4f50034a-75b4-4c2d-a6cb-499964ebd3d2 is Over-Utilized.
2023-07-25 18:54:28,314 [main] DEBUG balancer.ContainerBalancerTask (ContainerBalancerTask.java:lambda$initializeIteration$1(453)) - Datanode localhost-72.76.193.140 febeeba7-b923-4865-ad1e-c9d2c87db953 is Over-Utilized.
2023-07-25 18:54:28,317 [main] DEBUG balancer.ContainerBalancerTask (ContainerBalancerTask.java:matchSourceWithTarget(708)) - ContainerBalancer is finding suitable target for source datanode 4f50034a-75b4-4c2d-a6cb-499964ebd3d2
2023-07-25 18:54:28,317 [main] INFO  balancer.FindTargetGreedyByUsageInfo (AbstractFindTargetGreedy.java:findTargetForContainerMove(133)) - Container Balancer could not find a target for source datanode 4f50034a-75b4-4c2d-a6cb-499964ebd3d2
2023-07-25 18:54:28,317 [main] DEBUG balancer.ContainerBalancerTask (ContainerBalancerTask.java:matchSourceWithTarget(717)) - ContainerBalancer could not find a suitable target for source node 4f50034a-75b4-4c2d-a6cb-499964ebd3d2.
2023-07-25 18:54:28,321 [main] DEBUG balancer.ContainerBalancerTask (ContainerBalancerTask.java:matchSourceWithTarget(708)) - ContainerBalancer is finding suitable target for source datanode febeeba7-b923-4865-ad1e-c9d2c87db953
2023-07-25 18:54:28,321 [main] INFO  balancer.FindTargetGreedyByUsageInfo (AbstractFindTargetGreedy.java:findTargetForContainerMove(133)) - Container Balancer could not find a target for source datanode febeeba7-b923-4865-ad1e-c9d2c87db953
2023-07-25 18:54:28,321 [main] DEBUG balancer.ContainerBalancerTask (ContainerBalancerTask.java:matchSourceWithTarget(717)) - ContainerBalancer could not find a suitable target for source node febeeba7-b923-4865-ad1e-c9d2c87db953.
2023-07-25 18:54:28,322 [main] INFO  balancer.FindSourceGreedy (FindSourceGreedy.java:getNextCandidateSourceDataNode(126)) - no more candidate source data node
2023-07-25 18:54:28,322 [main] INFO  balancer.ContainerBalancerTask (ContainerBalancerTask.java:balance(259)) - Result of this iteration of Container Balancer: CAN_NOT_BALANCE_ANY_MORE
2023-07-25 18:54:28,322 [main] INFO  balancer.ContainerBalancerTask (ContainerBalancerTask.java:tryStopWithSaveConfiguration(308)) - Save Configuration for stopping. Reason: CAN_NOT_BALANCE_ANY_MORE
2023-07-25 18:54:28,324 [main] DEBUG balancer.ContainerBalancerTask (ContainerBalancerTask.java:initializeIteration(374)) - Average utilization of the cluster is 0.3156055222234002
2023-07-25 18:54:28,325 [main] DEBUG balancer.ContainerBalancerTask (ContainerBalancerTask.java:initializeIteration(386)) - Lower limit for utilization is 0.3105917794401579 and Upper limit for utilization is 0.3206192650066425
2023-07-25 18:54:28,325 [main] DEBUG balancer.ContainerBalancerTask (ContainerBalancerTask.java:initializeIteration(398)) - Utilization for node 4f50034a-75b4-4c2d-a6cb-499964ebd3d2 with capacity 51300998257B, used 46170898432B, and remaining 5130099825B is 0.900000000013645
2023-07-25 18:54:28,325 [main] DEBUG balancer.ContainerBalancerTask (ContainerBalancerTask.java:initializeIteration(398)) - Utilization for node febeeba7-b923-4865-ad1e-c9d2c87db953 with capacity 59055800320B, used 47244640256B, and remaining 11811160064B is 0.8
2023-07-25 18:54:28,325 [main] DEBUG balancer.ContainerBalancerTask (ContainerBalancerTask.java:initializeIteration(398)) - Utilization for node f567f802-00a5-4ded-98c6-a7ae94c3340a with capacity 56754924982B, used 39728447488B, and remaining 17026477494B is 0.7000000000105717
2023-07-25 18:54:28,325 [main] DEBUG balancer.ContainerBalancerTask (ContainerBalancerTask.java:initializeIteration(398)) - Utilization for node aeeccbb3-1414-41c1-a6a4-102a874b451a with capacity 78741067093B, used 47244640256B, and remaining 31496426837B is 0.60000000000254
2023-07-25 18:54:28,325 [main] DEBUG balancer.ContainerBalancerTask (ContainerBalancerTask.java:initializeIteration(398)) - Utilization for node ad10ee04-68bb-4b66-9072-13d3587588f5 with capacity 77309411328B, used 38654705664B, and remaining 38654705664B is 0.5
2023-07-25 18:54:28,326 [main] DEBUG balancer.ContainerBalancerTask (ContainerBalancerTask.java:initializeIteration(398)) - Utilization for node 906155a4-1f78-4e66-8a37-e7f244b863db with capacity 75161927680B, used 30064771072B, and remaining 45097156608B is 0.4
2023-07-25 18:54:28,326 [main] DEBUG balancer.ContainerBalancerTask (ContainerBalancerTask.java:initializeIteration(398)) - Utilization for node abe908e0-ec37-4cce-924f-463e25c3270a with capacity 150323855360B, used 45097156608B, and remaining 105226698752B is 0.3
2023-07-25 18:54:28,326 [main] DEBUG balancer.ContainerBalancerTask (ContainerBalancerTask.java:initializeIteration(398)) - Utilization for node 5380d800-8fce-4a63-b11f-8b1055d91157 with capacity 182536110080B, used 36507222016B, and remaining 146028888064B is 0.2
2023-07-25 18:54:28,326 [main] DEBUG balancer.ContainerBalancerTask (ContainerBalancerTask.java:initializeIteration(398)) - Utilization for node 056bfb90-4be8-433c-ac1a-986752aaa3eb with capacity 386547056640B, used 38654705664B, and remaining 347892350976B is 0.1
2023-07-25 18:54:28,326 [main] DEBUG balancer.ContainerBalancerTask (ContainerBalancerTask.java:initializeIteration(398)) - Utilization for node c4d3ccbc-bddd-48e4-90bc-e339467c15d1 with capacity 52613349376B, used 0B, and remaining 52613349376B is 0.0
2023-07-25 18:54:28,326 [main] INFO  balancer.ContainerBalancerTask (ContainerBalancerTask.java:initializeIteration(447)) - Container Balancer has identified 6 Over-Utilized and 4 Under-Utilized Datanodes that need to be balanced.
2023-07-25 18:54:28,326 [main] DEBUG balancer.ContainerBalancerTask (ContainerBalancerTask.java:lambda$initializeIteration$1(453)) - Datanode localhost-68.254.123.214 4f50034a-75b4-4c2d-a6cb-499964ebd3d2 is Over-Utilized.
2023-07-25 18:54:28,326 [main] DEBUG balancer.ContainerBalancerTask (ContainerBalancerTask.java:lambda$initializeIteration$1(453)) - Datanode localhost-72.76.193.140 febeeba7-b923-4865-ad1e-c9d2c87db953 is Over-Utilized.
2023-07-25 18:54:28,327 [main] DEBUG balancer.ContainerBalancerTask (ContainerBalancerTask.java:lambda$initializeIteration$1(453)) - Datanode localhost-157.195.1.111 f567f802-00a5-4ded-98c6-a7ae94c3340a is Over-Utilized.
2023-07-25 18:54:28,327 [main] DEBUG balancer.ContainerBalancerTask (ContainerBalancerTask.java:lambda$initializeIteration$1(453)) - Datanode localhost-189.238.33.126 aeeccbb3-1414-41c1-a6a4-102a874b451a is Over-Utilized.
2023-07-25 18:54:28,327 [main] DEBUG balancer.ContainerBalancerTask (ContainerBalancerTask.java:lambda$initializeIteration$1(453)) - Datanode localhost-36.107.44.62 ad10ee04-68bb-4b66-9072-13d3587588f5 is Over-Utilized.
2023-07-25 18:54:28,327 [main] DEBUG balancer.ContainerBalancerTask (ContainerBalancerTask.java:lambda$initializeIteration$1(453)) - Datanode localhost-166.226.86.193 906155a4-1f78-4e66-8a37-e7f244b863db is Over-Utilized.
2023-07-25 18:54:28,327 [main] DEBUG balancer.ContainerBalancerTask (ContainerBalancerTask.java:lambda$initializeIteration$2(459)) - Datanode localhost-99.255.28.30 c4d3ccbc-bddd-48e4-90bc-e339467c15d1 is Under-Utilized.
2023-07-25 18:54:28,327 [main] DEBUG balancer.ContainerBalancerTask (ContainerBalancerTask.java:lambda$initializeIteration$2(459)) - Datanode localhost-117.176.158.140 056bfb90-4be8-433c-ac1a-986752aaa3eb is Under-Utilized.
2023-07-25 18:54:28,327 [main] DEBUG balancer.ContainerBalancerTask (ContainerBalancerTask.java:lambda$initializeIteration$2(459)) - Datanode localhost-191.130.230.124 5380d800-8fce-4a63-b11f-8b1055d91157 is Under-Utilized.
2023-07-25 18:54:28,327 [main] DEBUG balancer.ContainerBalancerTask (ContainerBalancerTask.java:lambda$initializeIteration$2(459)) - Datanode localhost-123.83.127.125 abe908e0-ec37-4cce-924f-463e25c3270a is Under-Utilized.
2023-07-25 18:54:28,329 [main] DEBUG balancer.ContainerBalancerTask (ContainerBalancerTask.java:matchSourceWithTarget(708)) - ContainerBalancer is finding suitable target for source datanode 4f50034a-75b4-4c2d-a6cb-499964ebd3d2
2023-07-25 18:54:28,330 [main] INFO  balancer.ContainerBalancerTask (ContainerBalancerTask.java:matchSourceWithTarget(722)) - ContainerBalancer matched source datanode 4f50034a-75b4-4c2d-a6cb-499964ebd3d2 with target datanode c4d3ccbc-bddd-48e4-90bc-e339467c15d1 for container move.
2023-07-25 18:54:28,330 [main] INFO  balancer.ContainerBalancerTask (ContainerBalancerTask.java:processMoveSelection(569)) - ContainerBalancer is trying to move container #85 with size 5368709120B from source datanode 4f50034a-75b4-4c2d-a6cb-499964ebd3d2 to target datanode c4d3ccbc-bddd-48e4-90bc-e339467c15d1
2023-07-25 18:54:28,330 [main] DEBUG balancer.ContainerBalancerTask (ContainerBalancerTask.java:lambda$moveContainer$3(837)) - Container move completed for container #85 from source 4f50034a-75b4-4c2d-a6cb-499964ebd3d2 to target c4d3ccbc-bddd-48e4-90bc-e339467c15d1
2023-07-25 18:54:28,332 [main] DEBUG balancer.ContainerBalancerTask (ContainerBalancerTask.java:matchSourceWithTarget(708)) - ContainerBalancer is finding suitable target for source datanode febeeba7-b923-4865-ad1e-c9d2c87db953
2023-07-25 18:54:28,333 [main] INFO  balancer.ContainerBalancerTask (ContainerBalancerTask.java:matchSourceWithTarget(722)) - ContainerBalancer matched source datanode febeeba7-b923-4865-ad1e-c9d2c87db953 with target datanode 056bfb90-4be8-433c-ac1a-986752aaa3eb for container move.
2023-07-25 18:54:28,333 [main] INFO  balancer.ContainerBalancerTask (ContainerBalancerTask.java:processMoveSelection(569)) - ContainerBalancer is trying to move container #88 with size 3221225472B from source datanode febeeba7-b923-4865-ad1e-c9d2c87db953 to target datanode 056bfb90-4be8-433c-ac1a-986752aaa3eb
2023-07-25 18:54:28,333 [main] DEBUG balancer.ContainerBalancerTask (ContainerBalancerTask.java:lambda$moveContainer$3(837)) - Container move completed for container #88 from source febeeba7-b923-4865-ad1e-c9d2c87db953 to target 056bfb90-4be8-433c-ac1a-986752aaa3eb
2023-07-25 18:54:28,335 [main] DEBUG balancer.ContainerBalancerTask (ContainerBalancerTask.java:matchSourceWithTarget(708)) - ContainerBalancer is finding suitable target for source datanode 4f50034a-75b4-4c2d-a6cb-499964ebd3d2
2023-07-25 18:54:28,336 [main] INFO  balancer.ContainerBalancerTask (ContainerBalancerTask.java:matchSourceWithTarget(722)) - ContainerBalancer matched source datanode 4f50034a-75b4-4c2d-a6cb-499964ebd3d2 with target datanode c4d3ccbc-bddd-48e4-90bc-e339467c15d1 for container move.
2023-07-25 18:54:28,336 [main] INFO  balancer.ContainerBalancerTask (ContainerBalancerTask.java:processMoveSelection(569)) - ContainerBalancer is trying to move container #68 with size 5368709120B from source datanode 4f50034a-75b4-4c2d-a6cb-499964ebd3d2 to target datanode c4d3ccbc-bddd-48e4-90bc-e339467c15d1
2023-07-25 18:54:28,336 [main] DEBUG balancer.ContainerBalancerTask (ContainerBalancerTask.java:lambda$moveContainer$3(837)) - Container move completed for container #68 from source 4f50034a-75b4-4c2d-a6cb-499964ebd3d2 to target c4d3ccbc-bddd-48e4-90bc-e339467c15d1
2023-07-25 18:54:28,339 [main] DEBUG balancer.ContainerBalancerTask (ContainerBalancerTask.java:matchSourceWithTarget(708)) - ContainerBalancer is finding suitable target for source datanode febeeba7-b923-4865-ad1e-c9d2c87db953
2023-07-25 18:54:28,339 [main] INFO  balancer.ContainerBalancerTask (ContainerBalancerTask.java:matchSourceWithTarget(722)) - ContainerBalancer matched source datanode febeeba7-b923-4865-ad1e-c9d2c87db953 with target datanode 056bfb90-4be8-433c-ac1a-986752aaa3eb for container move.
2023-07-25 18:54:28,339 [main] INFO  balancer.ContainerBalancerTask (ContainerBalancerTask.java:processMoveSelection(569)) - ContainerBalancer is trying to move container #71 with size 3221225472B from source datanode febeeba7-b923-4865-ad1e-c9d2c87db953 to target datanode 056bfb90-4be8-433c-ac1a-986752aaa3eb
2023-07-25 18:54:28,339 [main] DEBUG balancer.ContainerBalancerTask (ContainerBalancerTask.java:lambda$moveContainer$3(837)) - Container move completed for container #71 from source febeeba7-b923-4865-ad1e-c9d2c87db953 to target 056bfb90-4be8-433c-ac1a-986752aaa3eb
2023-07-25 18:54:28,342 [main] DEBUG balancer.ContainerBalancerTask (ContainerBalancerTask.java:matchSourceWithTarget(708)) - ContainerBalancer is finding suitable target for source datanode f567f802-00a5-4ded-98c6-a7ae94c3340a
2023-07-25 18:54:28,343 [main] INFO  balancer.ContainerBalancerTask (ContainerBalancerTask.java:matchSourceWithTarget(722)) - ContainerBalancer matched source datanode f567f802-00a5-4ded-98c6-a7ae94c3340a with target datanode 056bfb90-4be8-433c-ac1a-986752aaa3eb for container move.
2023-07-25 18:54:28,343 [main] INFO  balancer.ContainerBalancerTask (ContainerBalancerTask.java:processMoveSelection(569)) - ContainerBalancer is trying to move container #40 with size 5368709120B from source datanode f567f802-00a5-4ded-98c6-a7ae94c3340a to target datanode 056bfb90-4be8-433c-ac1a-986752aaa3eb
2023-07-25 18:54:28,343 [main] DEBUG balancer.ContainerBalancerTask (ContainerBalancerTask.java:lambda$moveContainer$3(837)) - Container move completed for container #40 from source f567f802-00a5-4ded-98c6-a7ae94c3340a to target 056bfb90-4be8-433c-ac1a-986752aaa3eb
2023-07-25 18:54:28,346 [main] DEBUG balancer.ContainerBalancerTask (ContainerBalancerTask.java:matchSourceWithTarget(708)) - ContainerBalancer is finding suitable target for source datanode febeeba7-b923-4865-ad1e-c9d2c87db953
2023-07-25 18:54:28,346 [main] INFO  balancer.ContainerBalancerTask (ContainerBalancerTask.java:matchSourceWithTarget(722)) - ContainerBalancer matched source datanode febeeba7-b923-4865-ad1e-c9d2c87db953 with target datanode 056bfb90-4be8-433c-ac1a-986752aaa3eb for container move.
2023-07-25 18:54:28,346 [main] INFO  balancer.ContainerBalancerTask (ContainerBalancerTask.java:processMoveSelection(569)) - ContainerBalancer is trying to move container #66 with size 3221225472B from source datanode febeeba7-b923-4865-ad1e-c9d2c87db953 to target datanode 056bfb90-4be8-433c-ac1a-986752aaa3eb
2023-07-25 18:54:28,346 [main] DEBUG balancer.ContainerBalancerTask (ContainerBalancerTask.java:lambda$moveContainer$3(837)) - Container move completed for container #66 from source febeeba7-b923-4865-ad1e-c9d2c87db953 to target 056bfb90-4be8-433c-ac1a-986752aaa3eb
2023-07-25 18:54:28,349 [main] DEBUG balancer.ContainerBalancerTask (ContainerBalancerTask.java:matchSourceWithTarget(708)) - ContainerBalancer is finding suitable target for source datanode 4f50034a-75b4-4c2d-a6cb-499964ebd3d2
2023-07-25 18:54:28,349 [main] INFO  balancer.ContainerBalancerTask (ContainerBalancerTask.java:matchSourceWithTarget(722)) - ContainerBalancer matched source datanode 4f50034a-75b4-4c2d-a6cb-499964ebd3d2 with target datanode 056bfb90-4be8-433c-ac1a-986752aaa3eb for container move.
2023-07-25 18:54:28,349 [main] INFO  balancer.ContainerBalancerTask (ContainerBalancerTask.java:processMoveSelection(569)) - ContainerBalancer is trying to move container #89 with size 4294967296B from source datanode 4f50034a-75b4-4c2d-a6cb-499964ebd3d2 to target datanode 056bfb90-4be8-433c-ac1a-986752aaa3eb
2023-07-25 18:54:28,349 [main] DEBUG balancer.ContainerBalancerTask (ContainerBalancerTask.java:lambda$moveContainer$3(837)) - Container move completed for container #89 from source 4f50034a-75b4-4c2d-a6cb-499964ebd3d2 to target 056bfb90-4be8-433c-ac1a-986752aaa3eb
2023-07-25 18:54:28,352 [main] DEBUG balancer.ContainerBalancerTask (ContainerBalancerTask.java:matchSourceWithTarget(708)) - ContainerBalancer is finding suitable target for source datanode febeeba7-b923-4865-ad1e-c9d2c87db953
2023-07-25 18:54:28,352 [main] INFO  balancer.ContainerBalancerTask (ContainerBalancerTask.java:matchSourceWithTarget(722)) - ContainerBalancer matched source datanode febeeba7-b923-4865-ad1e-c9d2c87db953 with target datanode 056bfb90-4be8-433c-ac1a-986752aaa3eb for container move.
2023-07-25 18:54:28,353 [main] INFO  balancer.ContainerBalancerTask (ContainerBalancerTask.java:processMoveSelection(569)) - ContainerBalancer is trying to move container #18 with size 3221225472B from source datanode febeeba7-b923-4865-ad1e-c9d2c87db953 to target datanode 056bfb90-4be8-433c-ac1a-986752aaa3eb
2023-07-25 18:54:28,353 [main] DEBUG balancer.ContainerBalancerTask (ContainerBalancerTask.java:lambda$moveContainer$3(837)) - Container move completed for container #18 from source febeeba7-b923-4865-ad1e-c9d2c87db953 to target 056bfb90-4be8-433c-ac1a-986752aaa3eb
2023-07-25 18:54:28,355 [main] DEBUG balancer.ContainerBalancerTask (ContainerBalancerTask.java:matchSourceWithTarget(708)) - ContainerBalancer is finding suitable target for source datanode 4f50034a-75b4-4c2d-a6cb-499964ebd3d2
2023-07-25 18:54:28,356 [main] INFO  balancer.ContainerBalancerTask (ContainerBalancerTask.java:matchSourceWithTarget(722)) - ContainerBalancer matched source datanode 4f50034a-75b4-4c2d-a6cb-499964ebd3d2 with target datanode 056bfb90-4be8-433c-ac1a-986752aaa3eb for container move.
2023-07-25 18:54:28,356 [main] INFO  balancer.ContainerBalancerTask (ContainerBalancerTask.java:processMoveSelection(569)) - ContainerBalancer is trying to move container #84 with size 4294967296B from source datanode 4f50034a-75b4-4c2d-a6cb-499964ebd3d2 to target datanode 056bfb90-4be8-433c-ac1a-986752aaa3eb
2023-07-25 18:54:28,356 [main] DEBUG balancer.ContainerBalancerTask (ContainerBalancerTask.java:lambda$moveContainer$3(837)) - Container move completed for container #84 from source 4f50034a-75b4-4c2d-a6cb-499964ebd3d2 to target 056bfb90-4be8-433c-ac1a-986752aaa3eb
2023-07-25 18:54:28,359 [main] DEBUG balancer.ContainerBalancerTask (ContainerBalancerTask.java:matchSourceWithTarget(708)) - ContainerBalancer is finding suitable target for source datanode f567f802-00a5-4ded-98c6-a7ae94c3340a
2023-07-25 18:54:28,359 [main] INFO  balancer.ContainerBalancerTask (ContainerBalancerTask.java:matchSourceWithTarget(722)) - ContainerBalancer matched source datanode f567f802-00a5-4ded-98c6-a7ae94c3340a with target datanode 056bfb90-4be8-433c-ac1a-986752aaa3eb for container move.
2023-07-25 18:54:28,360 [main] INFO  balancer.ContainerBalancerTask (ContainerBalancerTask.java:processMoveSelection(569)) - ContainerBalancer is trying to move container #52 with size 4294967296B from source datanode f567f802-00a5-4ded-98c6-a7ae94c3340a to target datanode 056bfb90-4be8-433c-ac1a-986752aaa3eb
2023-07-25 18:54:28,360 [main] DEBUG balancer.ContainerBalancerTask (ContainerBalancerTask.java:lambda$moveContainer$3(837)) - Container move completed for container #52 from source f567f802-00a5-4ded-98c6-a7ae94c3340a to target 056bfb90-4be8-433c-ac1a-986752aaa3eb
2023-07-25 18:54:28,364 [main] DEBUG balancer.ContainerBalancerTask (ContainerBalancerTask.java:matchSourceWithTarget(708)) - ContainerBalancer is finding suitable target for source datanode aeeccbb3-1414-41c1-a6a4-102a874b451a
2023-07-25 18:54:28,364 [main] INFO  balancer.ContainerBalancerTask (ContainerBalancerTask.java:matchSourceWithTarget(722)) - ContainerBalancer matched source datanode aeeccbb3-1414-41c1-a6a4-102a874b451a with target datanode 056bfb90-4be8-433c-ac1a-986752aaa3eb for container move.
2023-07-25 18:54:28,364 [main] INFO  balancer.ContainerBalancerTask (ContainerBalancerTask.java:processMoveSelection(569)) - ContainerBalancer is trying to move container #39 with size 4294967296B from source datanode aeeccbb3-1414-41c1-a6a4-102a874b451a to target datanode 056bfb90-4be8-433c-ac1a-986752aaa3eb
2023-07-25 18:54:28,364 [main] DEBUG balancer.ContainerBalancerTask (ContainerBalancerTask.java:lambda$moveContainer$3(837)) - Container move completed for container #39 from source aeeccbb3-1414-41c1-a6a4-102a874b451a to target 056bfb90-4be8-433c-ac1a-986752aaa3eb
2023-07-25 18:54:28,368 [main] DEBUG balancer.ContainerBalancerTask (ContainerBalancerTask.java:matchSourceWithTarget(708)) - ContainerBalancer is finding suitable target for source datanode febeeba7-b923-4865-ad1e-c9d2c87db953
2023-07-25 18:54:28,368 [main] INFO  balancer.ContainerBalancerTask (ContainerBalancerTask.java:matchSourceWithTarget(722)) - ContainerBalancer matched source datanode febeeba7-b923-4865-ad1e-c9d2c87db953 with target datanode 056bfb90-4be8-433c-ac1a-986752aaa3eb for container move.
2023-07-25 18:54:28,368 [main] INFO  balancer.ContainerBalancerTask (ContainerBalancerTask.java:processMoveSelection(569)) - ContainerBalancer is trying to move container #82 with size 2147483648B from source datanode febeeba7-b923-4865-ad1e-c9d2c87db953 to target datanode 056bfb90-4be8-433c-ac1a-986752aaa3eb
2023-07-25 18:54:28,368 [main] DEBUG balancer.ContainerBalancerTask (ContainerBalancerTask.java:lambda$moveContainer$3(837)) - Container move completed for container #82 from source febeeba7-b923-4865-ad1e-c9d2c87db953 to target 056bfb90-4be8-433c-ac1a-986752aaa3eb
2023-07-25 18:54:28,372 [main] DEBUG balancer.ContainerBalancerTask (ContainerBalancerTask.java:matchSourceWithTarget(708)) - ContainerBalancer is finding suitable target for source datanode aeeccbb3-1414-41c1-a6a4-102a874b451a
2023-07-25 18:54:28,373 [main] INFO  balancer.ContainerBalancerTask (ContainerBalancerTask.java:matchSourceWithTarget(722)) - ContainerBalancer matched source datanode aeeccbb3-1414-41c1-a6a4-102a874b451a with target datanode 056bfb90-4be8-433c-ac1a-986752aaa3eb for container move.
2023-07-25 18:54:28,373 [main] INFO  balancer.ContainerBalancerTask (ContainerBalancerTask.java:processMoveSelection(569)) - ContainerBalancer is trying to move container #83 with size 3221225472B from source datanode aeeccbb3-1414-41c1-a6a4-102a874b451a to target datanode 056bfb90-4be8-433c-ac1a-986752aaa3eb
2023-07-25 18:54:28,373 [main] DEBUG balancer.ContainerBalancerTask (ContainerBalancerTask.java:lambda$moveContainer$3(837)) - Container move completed for container #83 from source aeeccbb3-1414-41c1-a6a4-102a874b451a to target 056bfb90-4be8-433c-ac1a-986752aaa3eb
2023-07-25 18:54:28,376 [main] DEBUG balancer.ContainerBalancerTask (ContainerBalancerTask.java:matchSourceWithTarget(708)) - ContainerBalancer is finding suitable target for source datanode febeeba7-b923-4865-ad1e-c9d2c87db953
2023-07-25 18:54:28,376 [main] INFO  balancer.ContainerBalancerTask (ContainerBalancerTask.java:matchSourceWithTarget(722)) - ContainerBalancer matched source datanode febeeba7-b923-4865-ad1e-c9d2c87db953 with target datanode 5380d800-8fce-4a63-b11f-8b1055d91157 for container move.
2023-07-25 18:54:28,376 [main] INFO  balancer.ContainerBalancerTask (ContainerBalancerTask.java:processMoveSelection(569)) - ContainerBalancer is trying to move container #70 with size 2147483648B from source datanode febeeba7-b923-4865-ad1e-c9d2c87db953 to target datanode 5380d800-8fce-4a63-b11f-8b1055d91157
2023-07-25 18:54:28,376 [main] DEBUG balancer.ContainerBalancerTask (ContainerBalancerTask.java:lambda$moveContainer$3(837)) - Container move completed for container #70 from source febeeba7-b923-4865-ad1e-c9d2c87db953 to target 5380d800-8fce-4a63-b11f-8b1055d91157
2023-07-25 18:54:28,377 [main] WARN  balancer.ContainerBalancerTask (ContainerBalancerTask.java:reachedMaxSizeToMovePerIteration(733)) - Reached max size to move limit. 53687091200 bytes have already been scheduled for balancing and the limit is 53687091200 bytes.
2023-07-25 18:54:28,377 [main] INFO  balancer.ContainerBalancerTask (ContainerBalancerTask.java:checkIterationMoveResults(642)) - Iteration Summary. Number of Datanodes involved: 7. Size moved: 50 GB (53687091200 Bytes). Number of Container moves completed: 14.
2023-07-25 18:54:28,377 [main] INFO  balancer.ContainerBalancerTask (ContainerBalancerTask.java:balance(259)) - Result of this iteration of Container Balancer: ITERATION_COMPLETED
2023-07-25 18:54:28,377 [main] INFO  balancer.ContainerBalancerTask (ContainerBalancerTask.java:tryStopWithSaveConfiguration(308)) - Save Configuration for stopping. Reason: Completed all iterations.
2023-07-25 18:54:28,378 [main] DEBUG balancer.ContainerBalancerTask (ContainerBalancerTask.java:initializeIteration(374)) - Average utilization of the cluster is 0.3156055222234002
2023-07-25 18:54:28,378 [main] DEBUG balancer.ContainerBalancerTask (ContainerBalancerTask.java:initializeIteration(386)) - Lower limit for utilization is -0.3466928157461112 and Upper limit for utilization is 0.9779038601929116
2023-07-25 18:54:28,379 [main] DEBUG balancer.ContainerBalancerTask (ContainerBalancerTask.java:initializeIteration(398)) - Utilization for node 4f50034a-75b4-4c2d-a6cb-499964ebd3d2 with capacity 51300998257B, used 46170898432B, and remaining 5130099825B is 0.900000000013645
2023-07-25 18:54:28,379 [main] DEBUG balancer.ContainerBalancerTask (ContainerBalancerTask.java:initializeIteration(398)) - Utilization for node febeeba7-b923-4865-ad1e-c9d2c87db953 with capacity 59055800320B, used 47244640256B, and remaining 11811160064B is 0.8
2023-07-25 18:54:28,379 [main] DEBUG balancer.ContainerBalancerTask (ContainerBalancerTask.java:initializeIteration(398)) - Utilization for node f567f802-00a5-4ded-98c6-a7ae94c3340a with capacity 56754924982B, used 39728447488B, and remaining 17026477494B is 0.7000000000105717
2023-07-25 18:54:28,379 [main] DEBUG balancer.ContainerBalancerTask (ContainerBalancerTask.java:initializeIteration(398)) - Utilization for node aeeccbb3-1414-41c1-a6a4-102a874b451a with capacity 78741067093B, used 47244640256B, and remaining 31496426837B is 0.60000000000254
2023-07-25 18:54:28,379 [main] DEBUG balancer.ContainerBalancerTask (ContainerBalancerTask.java:initializeIteration(398)) - Utilization for node ad10ee04-68bb-4b66-9072-13d3587588f5 with capacity 77309411328B, used 38654705664B, and remaining 38654705664B is 0.5
2023-07-25 18:54:28,379 [main] DEBUG balancer.ContainerBalancerTask (ContainerBalancerTask.java:initializeIteration(398)) - Utilization for node 906155a4-1f78-4e66-8a37-e7f244b863db with capacity 75161927680B, used 30064771072B, and remaining 45097156608B is 0.4
2023-07-25 18:54:28,379 [main] DEBUG balancer.ContainerBalancerTask (ContainerBalancerTask.java:initializeIteration(398)) - Utilization for node abe908e0-ec37-4cce-924f-463e25c3270a with capacity 150323855360B, used 45097156608B, and remaining 105226698752B is 0.3
2023-07-25 18:54:28,379 [main] DEBUG balancer.ContainerBalancerTask (ContainerBalancerTask.java:initializeIteration(398)) - Utilization for node 5380d800-8fce-4a63-b11f-8b1055d91157 with capacity 182536110080B, used 36507222016B, and remaining 146028888064B is 0.2
2023-07-25 18:54:28,379 [main] DEBUG balancer.ContainerBalancerTask (ContainerBalancerTask.java:initializeIteration(398)) - Utilization for node 056bfb90-4be8-433c-ac1a-986752aaa3eb with capacity 386547056640B, used 38654705664B, and remaining 347892350976B is 0.1
2023-07-25 18:54:28,379 [main] DEBUG balancer.ContainerBalancerTask (ContainerBalancerTask.java:initializeIteration(398)) - Utilization for node c4d3ccbc-bddd-48e4-90bc-e339467c15d1 with capacity 52613349376B, used 0B, and remaining 52613349376B is 0.0
2023-07-25 18:54:28,380 [main] INFO  balancer.ContainerBalancerTask (ContainerBalancerTask.java:initializeIteration(443)) - Did not find any unbalanced Datanodes.
2023-07-25 18:54:28,380 [main] INFO  balancer.ContainerBalancerTask (ContainerBalancerTask.java:tryStopWithSaveConfiguration(308)) - Save Configuration for stopping. Reason: Could not initialize ContainerBalancer's iteration number 0
2023-07-25 18:54:28,380 [main] DEBUG balancer.ContainerBalancerTask (ContainerBalancerTask.java:initializeIteration(374)) - Average utilization of the cluster is 0.3156055222234002
2023-07-25 18:54:28,381 [main] DEBUG balancer.ContainerBalancerTask (ContainerBalancerTask.java:initializeIteration(386)) - Lower limit for utilization is 0.16608165110661222 and Upper limit for utilization is 0.4651293933401882
2023-07-25 18:54:28,381 [main] DEBUG balancer.ContainerBalancerTask (ContainerBalancerTask.java:initializeIteration(398)) - Utilization for node 4f50034a-75b4-4c2d-a6cb-499964ebd3d2 with capacity 51300998257B, used 46170898432B, and remaining 5130099825B is 0.900000000013645
2023-07-25 18:54:28,381 [main] DEBUG balancer.ContainerBalancerTask (ContainerBalancerTask.java:initializeIteration(398)) - Utilization for node febeeba7-b923-4865-ad1e-c9d2c87db953 with capacity 59055800320B, used 47244640256B, and remaining 11811160064B is 0.8
2023-07-25 18:54:28,381 [main] DEBUG balancer.ContainerBalancerTask (ContainerBalancerTask.java:initializeIteration(398)) - Utilization for node f567f802-00a5-4ded-98c6-a7ae94c3340a with capacity 56754924982B, used 39728447488B, and remaining 17026477494B is 0.7000000000105717
2023-07-25 18:54:28,381 [main] DEBUG balancer.ContainerBalancerTask (ContainerBalancerTask.java:initializeIteration(398)) - Utilization for node aeeccbb3-1414-41c1-a6a4-102a874b451a with capacity 78741067093B, used 47244640256B, and remaining 31496426837B is 0.60000000000254
2023-07-25 18:54:28,381 [main] DEBUG balancer.ContainerBalancerTask (ContainerBalancerTask.java:initializeIteration(398)) - Utilization for node ad10ee04-68bb-4b66-9072-13d3587588f5 with capacity 77309411328B, used 38654705664B, and remaining 38654705664B is 0.5
2023-07-25 18:54:28,381 [main] DEBUG balancer.ContainerBalancerTask (ContainerBalancerTask.java:initializeIteration(398)) - Utilization for node 906155a4-1f78-4e66-8a37-e7f244b863db with capacity 75161927680B, used 30064771072B, and remaining 45097156608B is 0.4
2023-07-25 18:54:28,381 [main] DEBUG balancer.ContainerBalancerTask (ContainerBalancerTask.java:initializeIteration(398)) - Utilization for node abe908e0-ec37-4cce-924f-463e25c3270a with capacity 150323855360B, used 45097156608B, and remaining 105226698752B is 0.3
2023-07-25 18:54:28,381 [main] DEBUG balancer.ContainerBalancerTask (ContainerBalancerTask.java:initializeIteration(398)) - Utilization for node 5380d800-8fce-4a63-b11f-8b1055d91157 with capacity 182536110080B, used 36507222016B, and remaining 146028888064B is 0.2
2023-07-25 18:54:28,381 [main] DEBUG balancer.ContainerBalancerTask (ContainerBalancerTask.java:initializeIteration(398)) - Utilization for node 056bfb90-4be8-433c-ac1a-986752aaa3eb with capacity 386547056640B, used 38654705664B, and remaining 347892350976B is 0.1
2023-07-25 18:54:28,382 [main] DEBUG balancer.ContainerBalancerTask (ContainerBalancerTask.java:initializeIteration(398)) - Utilization for node c4d3ccbc-bddd-48e4-90bc-e339467c15d1 with capacity 52613349376B, used 0B, and remaining 52613349376B is 0.0
2023-07-25 18:54:28,382 [main] INFO  balancer.ContainerBalancerTask (ContainerBalancerTask.java:initializeIteration(447)) - Container Balancer has identified 5 Over-Utilized and 2 Under-Utilized Datanodes that need to be balanced.
2023-07-25 18:54:28,382 [main] DEBUG balancer.ContainerBalancerTask (ContainerBalancerTask.java:lambda$initializeIteration$1(453)) - Datanode localhost-68.254.123.214 4f50034a-75b4-4c2d-a6cb-499964ebd3d2 is Over-Utilized.
2023-07-25 18:54:28,382 [main] DEBUG balancer.ContainerBalancerTask (ContainerBalancerTask.java:lambda$initializeIteration$1(453)) - Datanode localhost-72.76.193.140 febeeba7-b923-4865-ad1e-c9d2c87db953 is Over-Utilized.
2023-07-25 18:54:28,382 [main] DEBUG balancer.ContainerBalancerTask (ContainerBalancerTask.java:lambda$initializeIteration$1(453)) - Datanode localhost-157.195.1.111 f567f802-00a5-4ded-98c6-a7ae94c3340a is Over-Utilized.
2023-07-25 18:54:28,382 [main] DEBUG balancer.ContainerBalancerTask (ContainerBalancerTask.java:lambda$initializeIteration$1(453)) - Datanode localhost-189.238.33.126 aeeccbb3-1414-41c1-a6a4-102a874b451a is Over-Utilized.
2023-07-25 18:54:28,382 [main] DEBUG balancer.ContainerBalancerTask (ContainerBalancerTask.java:lambda$initializeIteration$1(453)) - Datanode localhost-36.107.44.62 ad10ee04-68bb-4b66-9072-13d3587588f5 is Over-Utilized.
2023-07-25 18:54:28,382 [main] DEBUG balancer.ContainerBalancerTask (ContainerBalancerTask.java:lambda$initializeIteration$2(459)) - Datanode localhost-99.255.28.30 c4d3ccbc-bddd-48e4-90bc-e339467c15d1 is Under-Utilized.
2023-07-25 18:54:28,382 [main] DEBUG balancer.ContainerBalancerTask (ContainerBalancerTask.java:lambda$initializeIteration$2(459)) - Datanode localhost-117.176.158.140 056bfb90-4be8-433c-ac1a-986752aaa3eb is Under-Utilized.
2023-07-25 18:54:28,385 [main] DEBUG balancer.ContainerBalancerTask (ContainerBalancerTask.java:matchSourceWithTarget(708)) - ContainerBalancer is finding suitable target for source datanode 4f50034a-75b4-4c2d-a6cb-499964ebd3d2
2023-07-25 18:54:28,385 [main] INFO  balancer.ContainerBalancerTask (ContainerBalancerTask.java:matchSourceWithTarget(722)) - ContainerBalancer matched source datanode 4f50034a-75b4-4c2d-a6cb-499964ebd3d2 with target datanode c4d3ccbc-bddd-48e4-90bc-e339467c15d1 for container move.
2023-07-25 18:54:28,385 [main] INFO  balancer.ContainerBalancerTask (ContainerBalancerTask.java:processMoveSelection(569)) - ContainerBalancer is trying to move container #85 with size 5368709120B from source datanode 4f50034a-75b4-4c2d-a6cb-499964ebd3d2 to target datanode c4d3ccbc-bddd-48e4-90bc-e339467c15d1
2023-07-25 18:54:28,385 [main] DEBUG balancer.ContainerBalancerTask (ContainerBalancerTask.java:lambda$moveContainer$3(837)) - Container move completed for container #85 from source 4f50034a-75b4-4c2d-a6cb-499964ebd3d2 to target c4d3ccbc-bddd-48e4-90bc-e339467c15d1
2023-07-25 18:54:28,388 [main] DEBUG balancer.ContainerBalancerTask (ContainerBalancerTask.java:matchSourceWithTarget(708)) - ContainerBalancer is finding suitable target for source datanode febeeba7-b923-4865-ad1e-c9d2c87db953
2023-07-25 18:54:28,388 [main] INFO  balancer.ContainerBalancerTask (ContainerBalancerTask.java:matchSourceWithTarget(722)) - ContainerBalancer matched source datanode febeeba7-b923-4865-ad1e-c9d2c87db953 with target datanode 056bfb90-4be8-433c-ac1a-986752aaa3eb for container move.
2023-07-25 18:54:28,388 [main] INFO  balancer.ContainerBalancerTask (ContainerBalancerTask.java:processMoveSelection(569)) - ContainerBalancer is trying to move container #88 with size 3221225472B from source datanode febeeba7-b923-4865-ad1e-c9d2c87db953 to target datanode 056bfb90-4be8-433c-ac1a-986752aaa3eb
2023-07-25 18:54:28,388 [main] DEBUG balancer.ContainerBalancerTask (ContainerBalancerTask.java:lambda$moveContainer$3(837)) - Container move completed for container #88 from source febeeba7-b923-4865-ad1e-c9d2c87db953 to target 056bfb90-4be8-433c-ac1a-986752aaa3eb
2023-07-25 18:54:28,390 [main] DEBUG balancer.ContainerBalancerTask (ContainerBalancerTask.java:matchSourceWithTarget(708)) - ContainerBalancer is finding suitable target for source datanode 4f50034a-75b4-4c2d-a6cb-499964ebd3d2
2023-07-25 18:54:28,391 [main] INFO  balancer.ContainerBalancerTask (ContainerBalancerTask.java:matchSourceWithTarget(722)) - ContainerBalancer matched source datanode 4f50034a-75b4-4c2d-a6cb-499964ebd3d2 with target datanode c4d3ccbc-bddd-48e4-90bc-e339467c15d1 for container move.
2023-07-25 18:54:28,391 [main] INFO  balancer.ContainerBalancerTask (ContainerBalancerTask.java:processMoveSelection(569)) - ContainerBalancer is trying to move container #68 with size 5368709120B from source datanode 4f50034a-75b4-4c2d-a6cb-499964ebd3d2 to target datanode c4d3ccbc-bddd-48e4-90bc-e339467c15d1
2023-07-25 18:54:28,391 [main] DEBUG balancer.ContainerBalancerTask (ContainerBalancerTask.java:lambda$moveContainer$3(837)) - Container move completed for container #68 from source 4f50034a-75b4-4c2d-a6cb-499964ebd3d2 to target c4d3ccbc-bddd-48e4-90bc-e339467c15d1
2023-07-25 18:54:28,393 [main] DEBUG balancer.ContainerBalancerTask (ContainerBalancerTask.java:matchSourceWithTarget(708)) - ContainerBalancer is finding suitable target for source datanode febeeba7-b923-4865-ad1e-c9d2c87db953
2023-07-25 18:54:28,394 [main] INFO  balancer.ContainerBalancerTask (ContainerBalancerTask.java:matchSourceWithTarget(722)) - ContainerBalancer matched source datanode febeeba7-b923-4865-ad1e-c9d2c87db953 with target datanode 056bfb90-4be8-433c-ac1a-986752aaa3eb for container move.
2023-07-25 18:54:28,394 [main] INFO  balancer.ContainerBalancerTask (ContainerBalancerTask.java:processMoveSelection(569)) - ContainerBalancer is trying to move container #71 with size 3221225472B from source datanode febeeba7-b923-4865-ad1e-c9d2c87db953 to target datanode 056bfb90-4be8-433c-ac1a-986752aaa3eb
2023-07-25 18:54:28,394 [main] DEBUG balancer.ContainerBalancerTask (ContainerBalancerTask.java:lambda$moveContainer$3(837)) - Container move completed for container #71 from source febeeba7-b923-4865-ad1e-c9d2c87db953 to target 056bfb90-4be8-433c-ac1a-986752aaa3eb
2023-07-25 18:54:28,397 [main] DEBUG balancer.ContainerBalancerTask (ContainerBalancerTask.java:matchSourceWithTarget(708)) - ContainerBalancer is finding suitable target for source datanode f567f802-00a5-4ded-98c6-a7ae94c3340a
2023-07-25 18:54:28,397 [main] INFO  balancer.ContainerBalancerTask (ContainerBalancerTask.java:matchSourceWithTarget(722)) - ContainerBalancer matched source datanode f567f802-00a5-4ded-98c6-a7ae94c3340a with target datanode 056bfb90-4be8-433c-ac1a-986752aaa3eb for container move.
2023-07-25 18:54:28,397 [main] INFO  balancer.ContainerBalancerTask (ContainerBalancerTask.java:processMoveSelection(569)) - ContainerBalancer is trying to move container #40 with size 5368709120B from source datanode f567f802-00a5-4ded-98c6-a7ae94c3340a to target datanode 056bfb90-4be8-433c-ac1a-986752aaa3eb
2023-07-25 18:54:28,397 [main] DEBUG balancer.ContainerBalancerTask (ContainerBalancerTask.java:lambda$moveContainer$3(837)) - Container move completed for container #40 from source f567f802-00a5-4ded-98c6-a7ae94c3340a to target 056bfb90-4be8-433c-ac1a-986752aaa3eb
2023-07-25 18:54:28,400 [main] DEBUG balancer.ContainerBalancerTask (ContainerBalancerTask.java:matchSourceWithTarget(708)) - ContainerBalancer is finding suitable target for source datanode febeeba7-b923-4865-ad1e-c9d2c87db953
2023-07-25 18:54:28,400 [main] INFO  balancer.ContainerBalancerTask (ContainerBalancerTask.java:matchSourceWithTarget(722)) - ContainerBalancer matched source datanode febeeba7-b923-4865-ad1e-c9d2c87db953 with target datanode 056bfb90-4be8-433c-ac1a-986752aaa3eb for container move.
2023-07-25 18:54:28,400 [main] INFO  balancer.ContainerBalancerTask (ContainerBalancerTask.java:processMoveSelection(569)) - ContainerBalancer is trying to move container #66 with size 3221225472B from source datanode febeeba7-b923-4865-ad1e-c9d2c87db953 to target datanode 056bfb90-4be8-433c-ac1a-986752aaa3eb
2023-07-25 18:54:28,401 [main] DEBUG balancer.ContainerBalancerTask (ContainerBalancerTask.java:lambda$moveContainer$3(837)) - Container move completed for container #66 from source febeeba7-b923-4865-ad1e-c9d2c87db953 to target 056bfb90-4be8-433c-ac1a-986752aaa3eb
2023-07-25 18:54:28,403 [main] DEBUG balancer.ContainerBalancerTask (ContainerBalancerTask.java:matchSourceWithTarget(708)) - ContainerBalancer is finding suitable target for source datanode 4f50034a-75b4-4c2d-a6cb-499964ebd3d2
2023-07-25 18:54:28,403 [main] INFO  balancer.ContainerBalancerTask (ContainerBalancerTask.java:matchSourceWithTarget(722)) - ContainerBalancer matched source datanode 4f50034a-75b4-4c2d-a6cb-499964ebd3d2 with target datanode 056bfb90-4be8-433c-ac1a-986752aaa3eb for container move.
2023-07-25 18:54:28,403 [main] INFO  balancer.ContainerBalancerTask (ContainerBalancerTask.java:processMoveSelection(569)) - ContainerBalancer is trying to move container #89 with size 4294967296B from source datanode 4f50034a-75b4-4c2d-a6cb-499964ebd3d2 to target datanode 056bfb90-4be8-433c-ac1a-986752aaa3eb
2023-07-25 18:54:28,404 [main] DEBUG balancer.ContainerBalancerTask (ContainerBalancerTask.java:lambda$moveContainer$3(837)) - Container move completed for container #89 from source 4f50034a-75b4-4c2d-a6cb-499964ebd3d2 to target 056bfb90-4be8-433c-ac1a-986752aaa3eb
2023-07-25 18:54:28,406 [main] DEBUG balancer.ContainerBalancerTask (ContainerBalancerTask.java:matchSourceWithTarget(708)) - ContainerBalancer is finding suitable target for source datanode febeeba7-b923-4865-ad1e-c9d2c87db953
2023-07-25 18:54:28,407 [main] INFO  balancer.ContainerBalancerTask (ContainerBalancerTask.java:matchSourceWithTarget(722)) - ContainerBalancer matched source datanode febeeba7-b923-4865-ad1e-c9d2c87db953 with target datanode 056bfb90-4be8-433c-ac1a-986752aaa3eb for container move.
2023-07-25 18:54:28,407 [main] INFO  balancer.ContainerBalancerTask (ContainerBalancerTask.java:processMoveSelection(569)) - ContainerBalancer is trying to move container #18 with size 3221225472B from source datanode febeeba7-b923-4865-ad1e-c9d2c87db953 to target datanode 056bfb90-4be8-433c-ac1a-986752aaa3eb
2023-07-25 18:54:28,407 [main] DEBUG balancer.ContainerBalancerTask (ContainerBalancerTask.java:lambda$moveContainer$3(837)) - Container move completed for container #18 from source febeeba7-b923-4865-ad1e-c9d2c87db953 to target 056bfb90-4be8-433c-ac1a-986752aaa3eb
2023-07-25 18:54:28,410 [main] DEBUG balancer.ContainerBalancerTask (ContainerBalancerTask.java:matchSourceWithTarget(708)) - ContainerBalancer is finding suitable target for source datanode 4f50034a-75b4-4c2d-a6cb-499964ebd3d2
2023-07-25 18:54:28,410 [main] INFO  balancer.ContainerBalancerTask (ContainerBalancerTask.java:matchSourceWithTarget(722)) - ContainerBalancer matched source datanode 4f50034a-75b4-4c2d-a6cb-499964ebd3d2 with target datanode 056bfb90-4be8-433c-ac1a-986752aaa3eb for container move.
2023-07-25 18:54:28,410 [main] INFO  balancer.ContainerBalancerTask (ContainerBalancerTask.java:processMoveSelection(569)) - ContainerBalancer is trying to move container #84 with size 4294967296B from source datanode 4f50034a-75b4-4c2d-a6cb-499964ebd3d2 to target datanode 056bfb90-4be8-433c-ac1a-986752aaa3eb
2023-07-25 18:54:28,410 [main] DEBUG balancer.ContainerBalancerTask (ContainerBalancerTask.java:lambda$moveContainer$3(837)) - Container move completed for container #84 from source 4f50034a-75b4-4c2d-a6cb-499964ebd3d2 to target 056bfb90-4be8-433c-ac1a-986752aaa3eb
2023-07-25 18:54:28,413 [main] DEBUG balancer.ContainerBalancerTask (ContainerBalancerTask.java:matchSourceWithTarget(708)) - ContainerBalancer is finding suitable target for source datanode f567f802-00a5-4ded-98c6-a7ae94c3340a
2023-07-25 18:54:28,413 [main] INFO  balancer.ContainerBalancerTask (ContainerBalancerTask.java:matchSourceWithTarget(722)) - ContainerBalancer matched source datanode f567f802-00a5-4ded-98c6-a7ae94c3340a with target datanode 056bfb90-4be8-433c-ac1a-986752aaa3eb for container move.
2023-07-25 18:54:28,414 [main] INFO  balancer.ContainerBalancerTask (ContainerBalancerTask.java:processMoveSelection(569)) - ContainerBalancer is trying to move container #52 with size 4294967296B from source datanode f567f802-00a5-4ded-98c6-a7ae94c3340a to target datanode 056bfb90-4be8-433c-ac1a-986752aaa3eb
2023-07-25 18:54:28,414 [main] DEBUG balancer.ContainerBalancerTask (ContainerBalancerTask.java:lambda$moveContainer$3(837)) - Container move completed for container #52 from source f567f802-00a5-4ded-98c6-a7ae94c3340a to target 056bfb90-4be8-433c-ac1a-986752aaa3eb
2023-07-25 18:54:28,420 [main] DEBUG balancer.ContainerBalancerTask (ContainerBalancerTask.java:matchSourceWithTarget(708)) - ContainerBalancer is finding suitable target for source datanode aeeccbb3-1414-41c1-a6a4-102a874b451a
2023-07-25 18:54:28,420 [main] INFO  balancer.ContainerBalancerTask (ContainerBalancerTask.java:matchSourceWithTarget(722)) - ContainerBalancer matched source datanode aeeccbb3-1414-41c1-a6a4-102a874b451a with target datanode 056bfb90-4be8-433c-ac1a-986752aaa3eb for container move.
2023-07-25 18:54:28,422 [main] INFO  balancer.ContainerBalancerTask (ContainerBalancerTask.java:processMoveSelection(569)) - ContainerBalancer is trying to move container #39 with size 4294967296B from source datanode aeeccbb3-1414-41c1-a6a4-102a874b451a to target datanode 056bfb90-4be8-433c-ac1a-986752aaa3eb
2023-07-25 18:54:28,422 [main] DEBUG balancer.ContainerBalancerTask (ContainerBalancerTask.java:lambda$moveContainer$3(837)) - Container move completed for container #39 from source aeeccbb3-1414-41c1-a6a4-102a874b451a to target 056bfb90-4be8-433c-ac1a-986752aaa3eb
2023-07-25 18:54:28,426 [main] DEBUG balancer.ContainerBalancerTask (ContainerBalancerTask.java:matchSourceWithTarget(708)) - ContainerBalancer is finding suitable target for source datanode febeeba7-b923-4865-ad1e-c9d2c87db953
2023-07-25 18:54:28,426 [main] INFO  balancer.ContainerBalancerTask (ContainerBalancerTask.java:matchSourceWithTarget(722)) - ContainerBalancer matched source datanode febeeba7-b923-4865-ad1e-c9d2c87db953 with target datanode 056bfb90-4be8-433c-ac1a-986752aaa3eb for container move.
2023-07-25 18:54:28,426 [main] INFO  balancer.ContainerBalancerTask (ContainerBalancerTask.java:processMoveSelection(569)) - ContainerBalancer is trying to move container #82 with size 2147483648B from source datanode febeeba7-b923-4865-ad1e-c9d2c87db953 to target datanode 056bfb90-4be8-433c-ac1a-986752aaa3eb
2023-07-25 18:54:28,426 [main] DEBUG balancer.ContainerBalancerTask (ContainerBalancerTask.java:lambda$moveContainer$3(837)) - Container move completed for container #82 from source febeeba7-b923-4865-ad1e-c9d2c87db953 to target 056bfb90-4be8-433c-ac1a-986752aaa3eb
2023-07-25 18:54:28,430 [main] DEBUG balancer.ContainerBalancerTask (ContainerBalancerTask.java:matchSourceWithTarget(708)) - ContainerBalancer is finding suitable target for source datanode aeeccbb3-1414-41c1-a6a4-102a874b451a
2023-07-25 18:54:28,431 [main] INFO  balancer.ContainerBalancerTask (ContainerBalancerTask.java:matchSourceWithTarget(722)) - ContainerBalancer matched source datanode aeeccbb3-1414-41c1-a6a4-102a874b451a with target datanode 056bfb90-4be8-433c-ac1a-986752aaa3eb for container move.
2023-07-25 18:54:28,431 [main] INFO  balancer.ContainerBalancerTask (ContainerBalancerTask.java:processMoveSelection(569)) - ContainerBalancer is trying to move container #83 with size 3221225472B from source datanode aeeccbb3-1414-41c1-a6a4-102a874b451a to target datanode 056bfb90-4be8-433c-ac1a-986752aaa3eb
2023-07-25 18:54:28,432 [main] DEBUG balancer.ContainerBalancerTask (ContainerBalancerTask.java:lambda$moveContainer$3(837)) - Container move completed for container #83 from source aeeccbb3-1414-41c1-a6a4-102a874b451a to target 056bfb90-4be8-433c-ac1a-986752aaa3eb
2023-07-25 18:54:28,435 [main] DEBUG balancer.ContainerBalancerTask (ContainerBalancerTask.java:matchSourceWithTarget(708)) - ContainerBalancer is finding suitable target for source datanode febeeba7-b923-4865-ad1e-c9d2c87db953
2023-07-25 18:54:28,435 [main] INFO  balancer.ContainerBalancerTask (ContainerBalancerTask.java:matchSourceWithTarget(722)) - ContainerBalancer matched source datanode febeeba7-b923-4865-ad1e-c9d2c87db953 with target datanode c4d3ccbc-bddd-48e4-90bc-e339467c15d1 for container move.
2023-07-25 18:54:28,435 [main] INFO  balancer.ContainerBalancerTask (ContainerBalancerTask.java:processMoveSelection(569)) - ContainerBalancer is trying to move container #70 with size 2147483648B from source datanode febeeba7-b923-4865-ad1e-c9d2c87db953 to target datanode c4d3ccbc-bddd-48e4-90bc-e339467c15d1
2023-07-25 18:54:28,436 [main] DEBUG balancer.ContainerBalancerTask (ContainerBalancerTask.java:lambda$moveContainer$3(837)) - Container move completed for container #70 from source febeeba7-b923-4865-ad1e-c9d2c87db953 to target c4d3ccbc-bddd-48e4-90bc-e339467c15d1
2023-07-25 18:54:28,436 [main] WARN  balancer.ContainerBalancerTask (ContainerBalancerTask.java:reachedMaxSizeToMovePerIteration(733)) - Reached max size to move limit. 53687091200 bytes have already been scheduled for balancing and the limit is 53687091200 bytes.
2023-07-25 18:54:28,436 [main] INFO  balancer.ContainerBalancerTask (ContainerBalancerTask.java:checkIterationMoveResults(642)) - Iteration Summary. Number of Datanodes involved: 6. Size moved: 50 GB (53687091200 Bytes). Number of Container moves completed: 14.
2023-07-25 18:54:28,437 [main] INFO  balancer.ContainerBalancerTask (ContainerBalancerTask.java:balance(259)) - Result of this iteration of Container Balancer: ITERATION_COMPLETED
2023-07-25 18:54:28,437 [main] INFO  balancer.ContainerBalancerTask (ContainerBalancerTask.java:tryStopWithSaveConfiguration(308)) - Save Configuration for stopping. Reason: Completed all iterations.
2023-07-25 18:54:28,438 [main] DEBUG balancer.ContainerBalancerTask (ContainerBalancerTask.java:initializeIteration(374)) - Average utilization of the cluster is 0.3156055222234002
2023-07-25 18:54:28,438 [main] DEBUG balancer.ContainerBalancerTask (ContainerBalancerTask.java:initializeIteration(386)) - Lower limit for utilization is -0.2481190665517249 and Upper limit for utilization is 0.8793301109985253
2023-07-25 18:54:28,438 [main] DEBUG balancer.ContainerBalancerTask (ContainerBalancerTask.java:initializeIteration(398)) - Utilization for node 4f50034a-75b4-4c2d-a6cb-499964ebd3d2 with capacity 51300998257B, used 46170898432B, and remaining 5130099825B is 0.900000000013645
2023-07-25 18:54:28,438 [main] DEBUG balancer.ContainerBalancerTask (ContainerBalancerTask.java:initializeIteration(398)) - Utilization for node febeeba7-b923-4865-ad1e-c9d2c87db953 with capacity 59055800320B, used 47244640256B, and remaining 11811160064B is 0.8
2023-07-25 18:54:28,438 [main] DEBUG balancer.ContainerBalancerTask (ContainerBalancerTask.java:initializeIteration(398)) - Utilization for node f567f802-00a5-4ded-98c6-a7ae94c3340a with capacity 56754924982B, used 39728447488B, and remaining 17026477494B is 0.7000000000105717
2023-07-25 18:54:28,438 [main] DEBUG balancer.ContainerBalancerTask (ContainerBalancerTask.java:initializeIteration(398)) - Utilization for node aeeccbb3-1414-41c1-a6a4-102a874b451a with capacity 78741067093B, used 47244640256B, and remaining 31496426837B is 0.60000000000254
2023-07-25 18:54:28,438 [main] DEBUG balancer.ContainerBalancerTask (ContainerBalancerTask.java:initializeIteration(398)) - Utilization for node ad10ee04-68bb-4b66-9072-13d3587588f5 with capacity 77309411328B, used 38654705664B, and remaining 38654705664B is 0.5
2023-07-25 18:54:28,438 [main] DEBUG balancer.ContainerBalancerTask (ContainerBalancerTask.java:initializeIteration(398)) - Utilization for node 906155a4-1f78-4e66-8a37-e7f244b863db with capacity 75161927680B, used 30064771072B, and remaining 45097156608B is 0.4
2023-07-25 18:54:28,439 [main] DEBUG balancer.ContainerBalancerTask (ContainerBalancerTask.java:initializeIteration(398)) - Utilization for node abe908e0-ec37-4cce-924f-463e25c3270a with capacity 150323855360B, used 45097156608B, and remaining 105226698752B is 0.3
2023-07-25 18:54:28,439 [main] DEBUG balancer.ContainerBalancerTask (ContainerBalancerTask.java:initializeIteration(398)) - Utilization for node 5380d800-8fce-4a63-b11f-8b1055d91157 with capacity 182536110080B, used 36507222016B, and remaining 146028888064B is 0.2
2023-07-25 18:54:28,439 [main] DEBUG balancer.ContainerBalancerTask (ContainerBalancerTask.java:initializeIteration(398)) - Utilization for node 056bfb90-4be8-433c-ac1a-986752aaa3eb with capacity 386547056640B, used 38654705664B, and remaining 347892350976B is 0.1
2023-07-25 18:54:28,439 [main] DEBUG balancer.ContainerBalancerTask (ContainerBalancerTask.java:initializeIteration(398)) - Utilization for node c4d3ccbc-bddd-48e4-90bc-e339467c15d1 with capacity 52613349376B, used 0B, and remaining 52613349376B is 0.0
2023-07-25 18:54:28,439 [main] INFO  balancer.ContainerBalancerTask (ContainerBalancerTask.java:initializeIteration(447)) - Container Balancer has identified 1 Over-Utilized and 0 Under-Utilized Datanodes that need to be balanced.
2023-07-25 18:54:28,439 [main] DEBUG balancer.ContainerBalancerTask (ContainerBalancerTask.java:lambda$initializeIteration$1(453)) - Datanode localhost-68.254.123.214 4f50034a-75b4-4c2d-a6cb-499964ebd3d2 is Over-Utilized.
2023-07-25 18:54:28,441 [main] DEBUG balancer.ContainerBalancerTask (ContainerBalancerTask.java:matchSourceWithTarget(708)) - ContainerBalancer is finding suitable target for source datanode 4f50034a-75b4-4c2d-a6cb-499964ebd3d2
2023-07-25 18:54:28,441 [main] INFO  balancer.FindTargetGreedyByUsageInfo (AbstractFindTargetGreedy.java:findTargetForContainerMove(133)) - Container Balancer could not find a target for source datanode 4f50034a-75b4-4c2d-a6cb-499964ebd3d2
2023-07-25 18:54:28,442 [main] DEBUG balancer.ContainerBalancerTask (ContainerBalancerTask.java:matchSourceWithTarget(717)) - ContainerBalancer could not find a suitable target for source node 4f50034a-75b4-4c2d-a6cb-499964ebd3d2.
2023-07-25 18:54:28,442 [main] INFO  balancer.FindSourceGreedy (FindSourceGreedy.java:getNextCandidateSourceDataNode(126)) - no more candidate source data node
2023-07-25 18:54:28,442 [main] INFO  balancer.ContainerBalancerTask (ContainerBalancerTask.java:balance(259)) - Result of this iteration of Container Balancer: CAN_NOT_BALANCE_ANY_MORE
2023-07-25 18:54:28,442 [main] INFO  balancer.ContainerBalancerTask (ContainerBalancerTask.java:tryStopWithSaveConfiguration(308)) - Save Configuration for stopping. Reason: CAN_NOT_BALANCE_ANY_MORE
2023-07-25 18:54:28,443 [main] DEBUG balancer.ContainerBalancerTask (ContainerBalancerTask.java:initializeIteration(374)) - Average utilization of the cluster is 0.3156055222234002
2023-07-25 18:54:28,443 [main] DEBUG balancer.ContainerBalancerTask (ContainerBalancerTask.java:initializeIteration(386)) - Lower limit for utilization is -0.35719847089041523 and Upper limit for utilization is 0.9884095153372157
2023-07-25 18:54:28,443 [main] DEBUG balancer.ContainerBalancerTask (ContainerBalancerTask.java:initializeIteration(398)) - Utilization for node 4f50034a-75b4-4c2d-a6cb-499964ebd3d2 with capacity 51300998257B, used 46170898432B, and remaining 5130099825B is 0.900000000013645
2023-07-25 18:54:28,443 [main] DEBUG balancer.ContainerBalancerTask (ContainerBalancerTask.java:initializeIteration(398)) - Utilization for node febeeba7-b923-4865-ad1e-c9d2c87db953 with capacity 59055800320B, used 47244640256B, and remaining 11811160064B is 0.8
2023-07-25 18:54:28,443 [main] DEBUG balancer.ContainerBalancerTask (ContainerBalancerTask.java:initializeIteration(398)) - Utilization for node f567f802-00a5-4ded-98c6-a7ae94c3340a with capacity 56754924982B, used 39728447488B, and remaining 17026477494B is 0.7000000000105717
2023-07-25 18:54:28,443 [main] DEBUG balancer.ContainerBalancerTask (ContainerBalancerTask.java:initializeIteration(398)) - Utilization for node aeeccbb3-1414-41c1-a6a4-102a874b451a with capacity 78741067093B, used 47244640256B, and remaining 31496426837B is 0.60000000000254
2023-07-25 18:54:28,443 [main] DEBUG balancer.ContainerBalancerTask (ContainerBalancerTask.java:initializeIteration(398)) - Utilization for node ad10ee04-68bb-4b66-9072-13d3587588f5 with capacity 77309411328B, used 38654705664B, and remaining 38654705664B is 0.5
2023-07-25 18:54:28,443 [main] DEBUG balancer.ContainerBalancerTask (ContainerBalancerTask.java:initializeIteration(398)) - Utilization for node 906155a4-1f78-4e66-8a37-e7f244b863db with capacity 75161927680B, used 30064771072B, and remaining 45097156608B is 0.4
2023-07-25 18:54:28,443 [main] DEBUG balancer.ContainerBalancerTask (ContainerBalancerTask.java:initializeIteration(398)) - Utilization for node abe908e0-ec37-4cce-924f-463e25c3270a with capacity 150323855360B, used 45097156608B, and remaining 105226698752B is 0.3
2023-07-25 18:54:28,443 [main] DEBUG balancer.ContainerBalancerTask (ContainerBalancerTask.java:initializeIteration(398)) - Utilization for node 5380d800-8fce-4a63-b11f-8b1055d91157 with capacity 182536110080B, used 36507222016B, and remaining 146028888064B is 0.2
2023-07-25 18:54:28,444 [main] DEBUG balancer.ContainerBalancerTask (ContainerBalancerTask.java:initializeIteration(398)) - Utilization for node 056bfb90-4be8-433c-ac1a-986752aaa3eb with capacity 386547056640B, used 38654705664B, and remaining 347892350976B is 0.1
2023-07-25 18:54:28,444 [main] DEBUG balancer.ContainerBalancerTask (ContainerBalancerTask.java:initializeIteration(398)) - Utilization for node c4d3ccbc-bddd-48e4-90bc-e339467c15d1 with capacity 52613349376B, used 0B, and remaining 52613349376B is 0.0
2023-07-25 18:54:28,444 [main] INFO  balancer.ContainerBalancerTask (ContainerBalancerTask.java:initializeIteration(443)) - Did not find any unbalanced Datanodes.
2023-07-25 18:54:28,444 [main] INFO  balancer.ContainerBalancerTask (ContainerBalancerTask.java:tryStopWithSaveConfiguration(308)) - Save Configuration for stopping. Reason: Could not initialize ContainerBalancer's iteration number 0
2023-07-25 18:54:28,445 [main] DEBUG balancer.ContainerBalancerTask (ContainerBalancerTask.java:initializeIteration(374)) - Average utilization of the cluster is 0.3156055222234002
2023-07-25 18:54:28,445 [main] DEBUG balancer.ContainerBalancerTask (ContainerBalancerTask.java:initializeIteration(386)) - Lower limit for utilization is -0.49697883586115854 and Upper limit for utilization is 1.1281898803079589
2023-07-25 18:54:28,445 [main] DEBUG balancer.ContainerBalancerTask (ContainerBalancerTask.java:initializeIteration(398)) - Utilization for node 4f50034a-75b4-4c2d-a6cb-499964ebd3d2 with capacity 51300998257B, used 46170898432B, and remaining 5130099825B is 0.900000000013645
2023-07-25 18:54:28,445 [main] DEBUG balancer.ContainerBalancerTask (ContainerBalancerTask.java:initializeIteration(398)) - Utilization for node febeeba7-b923-4865-ad1e-c9d2c87db953 with capacity 59055800320B, used 47244640256B, and remaining 11811160064B is 0.8
2023-07-25 18:54:28,445 [main] DEBUG balancer.ContainerBalancerTask (ContainerBalancerTask.java:initializeIteration(398)) - Utilization for node f567f802-00a5-4ded-98c6-a7ae94c3340a with capacity 56754924982B, used 39728447488B, and remaining 17026477494B is 0.7000000000105717
2023-07-25 18:54:28,445 [main] DEBUG balancer.ContainerBalancerTask (ContainerBalancerTask.java:initializeIteration(398)) - Utilization for node aeeccbb3-1414-41c1-a6a4-102a874b451a with capacity 78741067093B, used 47244640256B, and remaining 31496426837B is 0.60000000000254
2023-07-25 18:54:28,445 [main] DEBUG balancer.ContainerBalancerTask (ContainerBalancerTask.java:initializeIteration(398)) - Utilization for node ad10ee04-68bb-4b66-9072-13d3587588f5 with capacity 77309411328B, used 38654705664B, and remaining 38654705664B is 0.5
2023-07-25 18:54:28,445 [main] DEBUG balancer.ContainerBalancerTask (ContainerBalancerTask.java:initializeIteration(398)) - Utilization for node 906155a4-1f78-4e66-8a37-e7f244b863db with capacity 75161927680B, used 30064771072B, and remaining 45097156608B is 0.4
2023-07-25 18:54:28,446 [main] DEBUG balancer.ContainerBalancerTask (ContainerBalancerTask.java:initializeIteration(398)) - Utilization for node abe908e0-ec37-4cce-924f-463e25c3270a with capacity 150323855360B, used 45097156608B, and remaining 105226698752B is 0.3
2023-07-25 18:54:28,446 [main] DEBUG balancer.ContainerBalancerTask (ContainerBalancerTask.java:initializeIteration(398)) - Utilization for node 5380d800-8fce-4a63-b11f-8b1055d91157 with capacity 182536110080B, used 36507222016B, and remaining 146028888064B is 0.2
2023-07-25 18:54:28,446 [main] DEBUG balancer.ContainerBalancerTask (ContainerBalancerTask.java:initializeIteration(398)) - Utilization for node 056bfb90-4be8-433c-ac1a-986752aaa3eb with capacity 386547056640B, used 38654705664B, and remaining 347892350976B is 0.1
2023-07-25 18:54:28,446 [main] DEBUG balancer.ContainerBalancerTask (ContainerBalancerTask.java:initializeIteration(398)) - Utilization for node c4d3ccbc-bddd-48e4-90bc-e339467c15d1 with capacity 52613349376B, used 0B, and remaining 52613349376B is 0.0
2023-07-25 18:54:28,446 [main] INFO  balancer.ContainerBalancerTask (ContainerBalancerTask.java:initializeIteration(443)) - Did not find any unbalanced Datanodes.
2023-07-25 18:54:28,446 [main] INFO  balancer.ContainerBalancerTask (ContainerBalancerTask.java:tryStopWithSaveConfiguration(308)) - Save Configuration for stopping. Reason: Could not initialize ContainerBalancer's iteration number 0
2023-07-25 18:54:28,447 [main] DEBUG balancer.ContainerBalancerTask (ContainerBalancerTask.java:initializeIteration(374)) - Average utilization of the cluster is 0.3156055222234002
2023-07-25 18:54:28,447 [main] DEBUG balancer.ContainerBalancerTask (ContainerBalancerTask.java:initializeIteration(386)) - Lower limit for utilization is 0.059719452312150256 and Upper limit for utilization is 0.5714915921346502
2023-07-25 18:54:28,447 [main] DEBUG balancer.ContainerBalancerTask (ContainerBalancerTask.java:initializeIteration(398)) - Utilization for node 4f50034a-75b4-4c2d-a6cb-499964ebd3d2 with capacity 51300998257B, used 46170898432B, and remaining 5130099825B is 0.900000000013645
2023-07-25 18:54:28,447 [main] DEBUG balancer.ContainerBalancerTask (ContainerBalancerTask.java:initializeIteration(398)) - Utilization for node febeeba7-b923-4865-ad1e-c9d2c87db953 with capacity 59055800320B, used 47244640256B, and remaining 11811160064B is 0.8
2023-07-25 18:54:28,447 [main] DEBUG balancer.ContainerBalancerTask (ContainerBalancerTask.java:initializeIteration(398)) - Utilization for node f567f802-00a5-4ded-98c6-a7ae94c3340a with capacity 56754924982B, used 39728447488B, and remaining 17026477494B is 0.7000000000105717
2023-07-25 18:54:28,447 [main] DEBUG balancer.ContainerBalancerTask (ContainerBalancerTask.java:initializeIteration(398)) - Utilization for node aeeccbb3-1414-41c1-a6a4-102a874b451a with capacity 78741067093B, used 47244640256B, and remaining 31496426837B is 0.60000000000254
2023-07-25 18:54:28,447 [main] DEBUG balancer.ContainerBalancerTask (ContainerBalancerTask.java:initializeIteration(398)) - Utilization for node ad10ee04-68bb-4b66-9072-13d3587588f5 with capacity 77309411328B, used 38654705664B, and remaining 38654705664B is 0.5
2023-07-25 18:54:28,447 [main] DEBUG balancer.ContainerBalancerTask (ContainerBalancerTask.java:initializeIteration(398)) - Utilization for node 906155a4-1f78-4e66-8a37-e7f244b863db with capacity 75161927680B, used 30064771072B, and remaining 45097156608B is 0.4
2023-07-25 18:54:28,448 [main] DEBUG balancer.ContainerBalancerTask (ContainerBalancerTask.java:initializeIteration(398)) - Utilization for node abe908e0-ec37-4cce-924f-463e25c3270a with capacity 150323855360B, used 45097156608B, and remaining 105226698752B is 0.3
2023-07-25 18:54:28,448 [main] DEBUG balancer.ContainerBalancerTask (ContainerBalancerTask.java:initializeIteration(398)) - Utilization for node 5380d800-8fce-4a63-b11f-8b1055d91157 with capacity 182536110080B, used 36507222016B, and remaining 146028888064B is 0.2
2023-07-25 18:54:28,448 [main] DEBUG balancer.ContainerBalancerTask (ContainerBalancerTask.java:initializeIteration(398)) - Utilization for node 056bfb90-4be8-433c-ac1a-986752aaa3eb with capacity 386547056640B, used 38654705664B, and remaining 347892350976B is 0.1
2023-07-25 18:54:28,448 [main] DEBUG balancer.ContainerBalancerTask (ContainerBalancerTask.java:initializeIteration(398)) - Utilization for node c4d3ccbc-bddd-48e4-90bc-e339467c15d1 with capacity 52613349376B, used 0B, and remaining 52613349376B is 0.0
2023-07-25 18:54:28,448 [main] INFO  balancer.ContainerBalancerTask (ContainerBalancerTask.java:initializeIteration(447)) - Container Balancer has identified 4 Over-Utilized and 1 Under-Utilized Datanodes that need to be balanced.
2023-07-25 18:54:28,448 [main] DEBUG balancer.ContainerBalancerTask (ContainerBalancerTask.java:lambda$initializeIteration$1(453)) - Datanode localhost-68.254.123.214 4f50034a-75b4-4c2d-a6cb-499964ebd3d2 is Over-Utilized.
2023-07-25 18:54:28,448 [main] DEBUG balancer.ContainerBalancerTask (ContainerBalancerTask.java:lambda$initializeIteration$1(453)) - Datanode localhost-72.76.193.140 febeeba7-b923-4865-ad1e-c9d2c87db953 is Over-Utilized.
2023-07-25 18:54:28,448 [main] DEBUG balancer.ContainerBalancerTask (ContainerBalancerTask.java:lambda$initializeIteration$1(453)) - Datanode localhost-157.195.1.111 f567f802-00a5-4ded-98c6-a7ae94c3340a is Over-Utilized.
2023-07-25 18:54:28,448 [main] DEBUG balancer.ContainerBalancerTask (ContainerBalancerTask.java:lambda$initializeIteration$1(453)) - Datanode localhost-189.238.33.126 aeeccbb3-1414-41c1-a6a4-102a874b451a is Over-Utilized.
2023-07-25 18:54:28,448 [main] DEBUG balancer.ContainerBalancerTask (ContainerBalancerTask.java:lambda$initializeIteration$2(459)) - Datanode localhost-99.255.28.30 c4d3ccbc-bddd-48e4-90bc-e339467c15d1 is Under-Utilized.
2023-07-25 18:54:28,451 [main] DEBUG balancer.ContainerBalancerTask (ContainerBalancerTask.java:matchSourceWithTarget(708)) - ContainerBalancer is finding suitable target for source datanode 4f50034a-75b4-4c2d-a6cb-499964ebd3d2
2023-07-25 18:54:28,451 [main] INFO  balancer.ContainerBalancerTask (ContainerBalancerTask.java:matchSourceWithTarget(722)) - ContainerBalancer matched source datanode 4f50034a-75b4-4c2d-a6cb-499964ebd3d2 with target datanode c4d3ccbc-bddd-48e4-90bc-e339467c15d1 for container move.
2023-07-25 18:54:28,451 [main] INFO  balancer.ContainerBalancerTask (ContainerBalancerTask.java:processMoveSelection(569)) - ContainerBalancer is trying to move container #85 with size 5368709120B from source datanode 4f50034a-75b4-4c2d-a6cb-499964ebd3d2 to target datanode c4d3ccbc-bddd-48e4-90bc-e339467c15d1
2023-07-25 18:54:28,451 [main] DEBUG balancer.ContainerBalancerTask (ContainerBalancerTask.java:lambda$moveContainer$3(837)) - Container move completed for container #85 from source 4f50034a-75b4-4c2d-a6cb-499964ebd3d2 to target c4d3ccbc-bddd-48e4-90bc-e339467c15d1
2023-07-25 18:54:28,454 [main] DEBUG balancer.ContainerBalancerTask (ContainerBalancerTask.java:matchSourceWithTarget(708)) - ContainerBalancer is finding suitable target for source datanode febeeba7-b923-4865-ad1e-c9d2c87db953
2023-07-25 18:54:28,454 [main] INFO  balancer.ContainerBalancerTask (ContainerBalancerTask.java:matchSourceWithTarget(722)) - ContainerBalancer matched source datanode febeeba7-b923-4865-ad1e-c9d2c87db953 with target datanode c4d3ccbc-bddd-48e4-90bc-e339467c15d1 for container move.
2023-07-25 18:54:28,454 [main] INFO  balancer.ContainerBalancerTask (ContainerBalancerTask.java:processMoveSelection(569)) - ContainerBalancer is trying to move container #68 with size 5368709120B from source datanode febeeba7-b923-4865-ad1e-c9d2c87db953 to target datanode c4d3ccbc-bddd-48e4-90bc-e339467c15d1
2023-07-25 18:54:28,454 [main] DEBUG balancer.ContainerBalancerTask (ContainerBalancerTask.java:lambda$moveContainer$3(837)) - Container move completed for container #68 from source febeeba7-b923-4865-ad1e-c9d2c87db953 to target c4d3ccbc-bddd-48e4-90bc-e339467c15d1
2023-07-25 18:54:28,457 [main] DEBUG balancer.ContainerBalancerTask (ContainerBalancerTask.java:matchSourceWithTarget(708)) - ContainerBalancer is finding suitable target for source datanode 4f50034a-75b4-4c2d-a6cb-499964ebd3d2
2023-07-25 18:54:28,457 [main] INFO  balancer.ContainerBalancerTask (ContainerBalancerTask.java:matchSourceWithTarget(722)) - ContainerBalancer matched source datanode 4f50034a-75b4-4c2d-a6cb-499964ebd3d2 with target datanode c4d3ccbc-bddd-48e4-90bc-e339467c15d1 for container move.
2023-07-25 18:54:28,457 [main] INFO  balancer.ContainerBalancerTask (ContainerBalancerTask.java:processMoveSelection(569)) - ContainerBalancer is trying to move container #89 with size 4294967296B from source datanode 4f50034a-75b4-4c2d-a6cb-499964ebd3d2 to target datanode c4d3ccbc-bddd-48e4-90bc-e339467c15d1
2023-07-25 18:54:28,457 [main] DEBUG balancer.ContainerBalancerTask (ContainerBalancerTask.java:lambda$moveContainer$3(837)) - Container move completed for container #89 from source 4f50034a-75b4-4c2d-a6cb-499964ebd3d2 to target c4d3ccbc-bddd-48e4-90bc-e339467c15d1
2023-07-25 18:54:28,459 [main] DEBUG balancer.ContainerBalancerTask (ContainerBalancerTask.java:matchSourceWithTarget(708)) - ContainerBalancer is finding suitable target for source datanode 4f50034a-75b4-4c2d-a6cb-499964ebd3d2
2023-07-25 18:54:28,459 [main] INFO  balancer.ContainerBalancerTask (ContainerBalancerTask.java:matchSourceWithTarget(722)) - ContainerBalancer matched source datanode 4f50034a-75b4-4c2d-a6cb-499964ebd3d2 with target datanode c4d3ccbc-bddd-48e4-90bc-e339467c15d1 for container move.
2023-07-25 18:54:28,460 [main] INFO  balancer.ContainerBalancerTask (ContainerBalancerTask.java:processMoveSelection(569)) - ContainerBalancer is trying to move container #84 with size 4294967296B from source datanode 4f50034a-75b4-4c2d-a6cb-499964ebd3d2 to target datanode c4d3ccbc-bddd-48e4-90bc-e339467c15d1
2023-07-25 18:54:28,460 [main] DEBUG balancer.ContainerBalancerTask (ContainerBalancerTask.java:lambda$moveContainer$3(837)) - Container move completed for container #84 from source 4f50034a-75b4-4c2d-a6cb-499964ebd3d2 to target c4d3ccbc-bddd-48e4-90bc-e339467c15d1
2023-07-25 18:54:28,462 [main] DEBUG balancer.ContainerBalancerTask (ContainerBalancerTask.java:matchSourceWithTarget(708)) - ContainerBalancer is finding suitable target for source datanode febeeba7-b923-4865-ad1e-c9d2c87db953
2023-07-25 18:54:28,463 [main] INFO  balancer.ContainerBalancerTask (ContainerBalancerTask.java:matchSourceWithTarget(722)) - ContainerBalancer matched source datanode febeeba7-b923-4865-ad1e-c9d2c87db953 with target datanode c4d3ccbc-bddd-48e4-90bc-e339467c15d1 for container move.
2023-07-25 18:54:28,463 [main] INFO  balancer.ContainerBalancerTask (ContainerBalancerTask.java:processMoveSelection(569)) - ContainerBalancer is trying to move container #53 with size 5368709120B from source datanode febeeba7-b923-4865-ad1e-c9d2c87db953 to target datanode c4d3ccbc-bddd-48e4-90bc-e339467c15d1
2023-07-25 18:54:28,463 [main] DEBUG balancer.ContainerBalancerTask (ContainerBalancerTask.java:lambda$moveContainer$3(837)) - Container move completed for container #53 from source febeeba7-b923-4865-ad1e-c9d2c87db953 to target c4d3ccbc-bddd-48e4-90bc-e339467c15d1
2023-07-25 18:54:28,465 [main] DEBUG balancer.ContainerBalancerTask (ContainerBalancerTask.java:matchSourceWithTarget(708)) - ContainerBalancer is finding suitable target for source datanode f567f802-00a5-4ded-98c6-a7ae94c3340a
2023-07-25 18:54:28,466 [main] INFO  balancer.ContainerBalancerTask (ContainerBalancerTask.java:matchSourceWithTarget(722)) - ContainerBalancer matched source datanode f567f802-00a5-4ded-98c6-a7ae94c3340a with target datanode c4d3ccbc-bddd-48e4-90bc-e339467c15d1 for container move.
2023-07-25 18:54:28,466 [main] INFO  balancer.ContainerBalancerTask (ContainerBalancerTask.java:processMoveSelection(569)) - ContainerBalancer is trying to move container #40 with size 5368709120B from source datanode f567f802-00a5-4ded-98c6-a7ae94c3340a to target datanode c4d3ccbc-bddd-48e4-90bc-e339467c15d1
2023-07-25 18:54:28,466 [main] DEBUG balancer.ContainerBalancerTask (ContainerBalancerTask.java:lambda$moveContainer$3(837)) - Container move completed for container #40 from source f567f802-00a5-4ded-98c6-a7ae94c3340a to target c4d3ccbc-bddd-48e4-90bc-e339467c15d1
2023-07-25 18:54:28,468 [main] DEBUG balancer.ContainerBalancerTask (ContainerBalancerTask.java:matchSourceWithTarget(708)) - ContainerBalancer is finding suitable target for source datanode 4f50034a-75b4-4c2d-a6cb-499964ebd3d2
2023-07-25 18:54:28,469 [main] INFO  balancer.FindTargetGreedyByUsageInfo (AbstractFindTargetGreedy.java:findTargetForContainerMove(133)) - Container Balancer could not find a target for source datanode 4f50034a-75b4-4c2d-a6cb-499964ebd3d2
2023-07-25 18:54:28,469 [main] DEBUG balancer.ContainerBalancerTask (ContainerBalancerTask.java:matchSourceWithTarget(717)) - ContainerBalancer could not find a suitable target for source node 4f50034a-75b4-4c2d-a6cb-499964ebd3d2.
2023-07-25 18:54:28,472 [main] DEBUG balancer.ContainerBalancerTask (ContainerBalancerTask.java:matchSourceWithTarget(708)) - ContainerBalancer is finding suitable target for source datanode febeeba7-b923-4865-ad1e-c9d2c87db953
2023-07-25 18:54:28,474 [main] INFO  balancer.FindTargetGreedyByUsageInfo (AbstractFindTargetGreedy.java:findTargetForContainerMove(133)) - Container Balancer could not find a target for source datanode febeeba7-b923-4865-ad1e-c9d2c87db953
2023-07-25 18:54:28,474 [main] DEBUG balancer.ContainerBalancerTask (ContainerBalancerTask.java:matchSourceWithTarget(717)) - ContainerBalancer could not find a suitable target for source node febeeba7-b923-4865-ad1e-c9d2c87db953.
2023-07-25 18:54:28,476 [main] DEBUG balancer.ContainerBalancerTask (ContainerBalancerTask.java:matchSourceWithTarget(708)) - ContainerBalancer is finding suitable target for source datanode f567f802-00a5-4ded-98c6-a7ae94c3340a
2023-07-25 18:54:28,478 [main] INFO  balancer.FindTargetGreedyByUsageInfo (AbstractFindTargetGreedy.java:findTargetForContainerMove(133)) - Container Balancer could not find a target for source datanode f567f802-00a5-4ded-98c6-a7ae94c3340a
2023-07-25 18:54:28,479 [main] DEBUG balancer.ContainerBalancerTask (ContainerBalancerTask.java:matchSourceWithTarget(717)) - ContainerBalancer could not find a suitable target for source node f567f802-00a5-4ded-98c6-a7ae94c3340a.
2023-07-25 18:54:28,483 [main] DEBUG balancer.ContainerBalancerTask (ContainerBalancerTask.java:matchSourceWithTarget(708)) - ContainerBalancer is finding suitable target for source datanode aeeccbb3-1414-41c1-a6a4-102a874b451a
2023-07-25 18:54:28,483 [main] INFO  balancer.FindTargetGreedyByUsageInfo (AbstractFindTargetGreedy.java:findTargetForContainerMove(133)) - Container Balancer could not find a target for source datanode aeeccbb3-1414-41c1-a6a4-102a874b451a
2023-07-25 18:54:28,484 [main] DEBUG balancer.ContainerBalancerTask (ContainerBalancerTask.java:matchSourceWithTarget(717)) - ContainerBalancer could not find a suitable target for source node aeeccbb3-1414-41c1-a6a4-102a874b451a.
2023-07-25 18:54:28,484 [main] INFO  balancer.FindSourceGreedy (FindSourceGreedy.java:getNextCandidateSourceDataNode(126)) - no more candidate source data node
2023-07-25 18:54:28,484 [main] INFO  balancer.ContainerBalancerTask (ContainerBalancerTask.java:checkIterationMoveResults(642)) - Iteration Summary. Number of Datanodes involved: 4. Size moved: 28 GB (30064771072 Bytes). Number of Container moves completed: 6.
2023-07-25 18:54:28,484 [main] INFO  balancer.ContainerBalancerTask (ContainerBalancerTask.java:balance(259)) - Result of this iteration of Container Balancer: ITERATION_COMPLETED
2023-07-25 18:54:28,484 [main] INFO  balancer.ContainerBalancerTask (ContainerBalancerTask.java:tryStopWithSaveConfiguration(308)) - Save Configuration for stopping. Reason: Completed all iterations.
2023-07-25 18:54:28,485 [main] DEBUG balancer.ContainerBalancerTask (ContainerBalancerTask.java:initializeIteration(374)) - Average utilization of the cluster is 0.3156055222234002
2023-07-25 18:54:28,486 [main] DEBUG balancer.ContainerBalancerTask (ContainerBalancerTask.java:initializeIteration(386)) - Lower limit for utilization is -0.4113521982224515 and Upper limit for utilization is 1.042563242669252
2023-07-25 18:54:28,486 [main] DEBUG balancer.ContainerBalancerTask (ContainerBalancerTask.java:initializeIteration(398)) - Utilization for node 4f50034a-75b4-4c2d-a6cb-499964ebd3d2 with capacity 51300998257B, used 46170898432B, and remaining 5130099825B is 0.900000000013645
2023-07-25 18:54:28,486 [main] DEBUG balancer.ContainerBalancerTask (ContainerBalancerTask.java:initializeIteration(398)) - Utilization for node febeeba7-b923-4865-ad1e-c9d2c87db953 with capacity 59055800320B, used 47244640256B, and remaining 11811160064B is 0.8
2023-07-25 18:54:28,486 [main] DEBUG balancer.ContainerBalancerTask (ContainerBalancerTask.java:initializeIteration(398)) - Utilization for node f567f802-00a5-4ded-98c6-a7ae94c3340a with capacity 56754924982B, used 39728447488B, and remaining 17026477494B is 0.7000000000105717
2023-07-25 18:54:28,486 [main] DEBUG balancer.ContainerBalancerTask (ContainerBalancerTask.java:initializeIteration(398)) - Utilization for node aeeccbb3-1414-41c1-a6a4-102a874b451a with capacity 78741067093B, used 47244640256B, and remaining 31496426837B is 0.60000000000254
2023-07-25 18:54:28,486 [main] DEBUG balancer.ContainerBalancerTask (ContainerBalancerTask.java:initializeIteration(398)) - Utilization for node ad10ee04-68bb-4b66-9072-13d3587588f5 with capacity 77309411328B, used 38654705664B, and remaining 38654705664B is 0.5
2023-07-25 18:54:28,486 [main] DEBUG balancer.ContainerBalancerTask (ContainerBalancerTask.java:initializeIteration(398)) - Utilization for node 906155a4-1f78-4e66-8a37-e7f244b863db with capacity 75161927680B, used 30064771072B, and remaining 45097156608B is 0.4
2023-07-25 18:54:28,486 [main] DEBUG balancer.ContainerBalancerTask (ContainerBalancerTask.java:initializeIteration(398)) - Utilization for node abe908e0-ec37-4cce-924f-463e25c3270a with capacity 150323855360B, used 45097156608B, and remaining 105226698752B is 0.3
2023-07-25 18:54:28,486 [main] DEBUG balancer.ContainerBalancerTask (ContainerBalancerTask.java:initializeIteration(398)) - Utilization for node 5380d800-8fce-4a63-b11f-8b1055d91157 with capacity 182536110080B, used 36507222016B, and remaining 146028888064B is 0.2
2023-07-25 18:54:28,486 [main] DEBUG balancer.ContainerBalancerTask (ContainerBalancerTask.java:initializeIteration(398)) - Utilization for node 056bfb90-4be8-433c-ac1a-986752aaa3eb with capacity 386547056640B, used 38654705664B, and remaining 347892350976B is 0.1
2023-07-25 18:54:28,487 [main] DEBUG balancer.ContainerBalancerTask (ContainerBalancerTask.java:initializeIteration(398)) - Utilization for node c4d3ccbc-bddd-48e4-90bc-e339467c15d1 with capacity 52613349376B, used 0B, and remaining 52613349376B is 0.0
2023-07-25 18:54:28,487 [main] INFO  balancer.ContainerBalancerTask (ContainerBalancerTask.java:initializeIteration(443)) - Did not find any unbalanced Datanodes.
2023-07-25 18:54:28,487 [main] INFO  balancer.ContainerBalancerTask (ContainerBalancerTask.java:tryStopWithSaveConfiguration(308)) - Save Configuration for stopping. Reason: Could not initialize ContainerBalancer's iteration number 0
2023-07-25 18:54:28,488 [main] DEBUG balancer.ContainerBalancerTask (ContainerBalancerTask.java:initializeIteration(374)) - Average utilization of the cluster is 0.3156055222234002
2023-07-25 18:54:28,488 [main] DEBUG balancer.ContainerBalancerTask (ContainerBalancerTask.java:initializeIteration(386)) - Lower limit for utilization is -0.629617752701771 and Upper limit for utilization is 1.2608287971485714
2023-07-25 18:54:28,489 [main] DEBUG balancer.ContainerBalancerTask (ContainerBalancerTask.java:initializeIteration(398)) - Utilization for node 4f50034a-75b4-4c2d-a6cb-499964ebd3d2 with capacity 51300998257B, used 46170898432B, and remaining 5130099825B is 0.900000000013645
2023-07-25 18:54:28,489 [main] DEBUG balancer.ContainerBalancerTask (ContainerBalancerTask.java:initializeIteration(398)) - Utilization for node febeeba7-b923-4865-ad1e-c9d2c87db953 with capacity 59055800320B, used 47244640256B, and remaining 11811160064B is 0.8
2023-07-25 18:54:28,489 [main] DEBUG balancer.ContainerBalancerTask (ContainerBalancerTask.java:initializeIteration(398)) - Utilization for node f567f802-00a5-4ded-98c6-a7ae94c3340a with capacity 56754924982B, used 39728447488B, and remaining 17026477494B is 0.7000000000105717
2023-07-25 18:54:28,489 [main] DEBUG balancer.ContainerBalancerTask (ContainerBalancerTask.java:initializeIteration(398)) - Utilization for node aeeccbb3-1414-41c1-a6a4-102a874b451a with capacity 78741067093B, used 47244640256B, and remaining 31496426837B is 0.60000000000254
2023-07-25 18:54:28,489 [main] DEBUG balancer.ContainerBalancerTask (ContainerBalancerTask.java:initializeIteration(398)) - Utilization for node ad10ee04-68bb-4b66-9072-13d3587588f5 with capacity 77309411328B, used 38654705664B, and remaining 38654705664B is 0.5
2023-07-25 18:54:28,489 [main] DEBUG balancer.ContainerBalancerTask (ContainerBalancerTask.java:initializeIteration(398)) - Utilization for node 906155a4-1f78-4e66-8a37-e7f244b863db with capacity 75161927680B, used 30064771072B, and remaining 45097156608B is 0.4
2023-07-25 18:54:28,489 [main] DEBUG balancer.ContainerBalancerTask (ContainerBalancerTask.java:initializeIteration(398)) - Utilization for node abe908e0-ec37-4cce-924f-463e25c3270a with capacity 150323855360B, used 45097156608B, and remaining 105226698752B is 0.3
2023-07-25 18:54:28,489 [main] DEBUG balancer.ContainerBalancerTask (ContainerBalancerTask.java:initializeIteration(398)) - Utilization for node 5380d800-8fce-4a63-b11f-8b1055d91157 with capacity 182536110080B, used 36507222016B, and remaining 146028888064B is 0.2
2023-07-25 18:54:28,489 [main] DEBUG balancer.ContainerBalancerTask (ContainerBalancerTask.java:initializeIteration(398)) - Utilization for node 056bfb90-4be8-433c-ac1a-986752aaa3eb with capacity 386547056640B, used 38654705664B, and remaining 347892350976B is 0.1
2023-07-25 18:54:28,489 [main] DEBUG balancer.ContainerBalancerTask (ContainerBalancerTask.java:initializeIteration(398)) - Utilization for node c4d3ccbc-bddd-48e4-90bc-e339467c15d1 with capacity 52613349376B, used 0B, and remaining 52613349376B is 0.0
2023-07-25 18:54:28,489 [main] INFO  balancer.ContainerBalancerTask (ContainerBalancerTask.java:initializeIteration(443)) - Did not find any unbalanced Datanodes.
2023-07-25 18:54:28,490 [main] INFO  balancer.ContainerBalancerTask (ContainerBalancerTask.java:tryStopWithSaveConfiguration(308)) - Save Configuration for stopping. Reason: Could not initialize ContainerBalancer's iteration number 0
2023-07-25 18:54:28,493 [main] DEBUG balancer.ContainerBalancerTask (ContainerBalancerTask.java:initializeIteration(374)) - Average utilization of the cluster is 0.3156055222234002
2023-07-25 18:54:28,493 [main] DEBUG balancer.ContainerBalancerTask (ContainerBalancerTask.java:initializeIteration(386)) - Lower limit for utilization is -0.67131340598849 and Upper limit for utilization is 1.3025244504352904
2023-07-25 18:54:28,493 [main] DEBUG balancer.ContainerBalancerTask (ContainerBalancerTask.java:initializeIteration(398)) - Utilization for node 4f50034a-75b4-4c2d-a6cb-499964ebd3d2 with capacity 51300998257B, used 46170898432B, and remaining 5130099825B is 0.900000000013645
2023-07-25 18:54:28,494 [main] DEBUG balancer.ContainerBalancerTask (ContainerBalancerTask.java:initializeIteration(398)) - Utilization for node febeeba7-b923-4865-ad1e-c9d2c87db953 with capacity 59055800320B, used 47244640256B, and remaining 11811160064B is 0.8
2023-07-25 18:54:28,494 [main] DEBUG balancer.ContainerBalancerTask (ContainerBalancerTask.java:initializeIteration(398)) - Utilization for node f567f802-00a5-4ded-98c6-a7ae94c3340a with capacity 56754924982B, used 39728447488B, and remaining 17026477494B is 0.7000000000105717
2023-07-25 18:54:28,494 [main] DEBUG balancer.ContainerBalancerTask (ContainerBalancerTask.java:initializeIteration(398)) - Utilization for node aeeccbb3-1414-41c1-a6a4-102a874b451a with capacity 78741067093B, used 47244640256B, and remaining 31496426837B is 0.60000000000254
2023-07-25 18:54:28,494 [main] DEBUG balancer.ContainerBalancerTask (ContainerBalancerTask.java:initializeIteration(398)) - Utilization for node ad10ee04-68bb-4b66-9072-13d3587588f5 with capacity 77309411328B, used 38654705664B, and remaining 38654705664B is 0.5
2023-07-25 18:54:28,494 [main] DEBUG balancer.ContainerBalancerTask (ContainerBalancerTask.java:initializeIteration(398)) - Utilization for node 906155a4-1f78-4e66-8a37-e7f244b863db with capacity 75161927680B, used 30064771072B, and remaining 45097156608B is 0.4
2023-07-25 18:54:28,494 [main] DEBUG balancer.ContainerBalancerTask (ContainerBalancerTask.java:initializeIteration(398)) - Utilization for node abe908e0-ec37-4cce-924f-463e25c3270a with capacity 150323855360B, used 45097156608B, and remaining 105226698752B is 0.3
2023-07-25 18:54:28,494 [main] DEBUG balancer.ContainerBalancerTask (ContainerBalancerTask.java:initializeIteration(398)) - Utilization for node 5380d800-8fce-4a63-b11f-8b1055d91157 with capacity 182536110080B, used 36507222016B, and remaining 146028888064B is 0.2
2023-07-25 18:54:28,494 [main] DEBUG balancer.ContainerBalancerTask (ContainerBalancerTask.java:initializeIteration(398)) - Utilization for node 056bfb90-4be8-433c-ac1a-986752aaa3eb with capacity 386547056640B, used 38654705664B, and remaining 347892350976B is 0.1
2023-07-25 18:54:28,494 [main] DEBUG balancer.ContainerBalancerTask (ContainerBalancerTask.java:initializeIteration(398)) - Utilization for node c4d3ccbc-bddd-48e4-90bc-e339467c15d1 with capacity 52613349376B, used 0B, and remaining 52613349376B is 0.0
2023-07-25 18:54:28,494 [main] INFO  balancer.ContainerBalancerTask (ContainerBalancerTask.java:initializeIteration(443)) - Did not find any unbalanced Datanodes.
2023-07-25 18:54:28,495 [main] INFO  balancer.ContainerBalancerTask (ContainerBalancerTask.java:tryStopWithSaveConfiguration(308)) - Save Configuration for stopping. Reason: Could not initialize ContainerBalancer's iteration number 0
2023-07-25 18:54:28,497 [main] DEBUG balancer.ContainerBalancerTask (ContainerBalancerTask.java:initializeIteration(374)) - Average utilization of the cluster is 0.3156055222234002
2023-07-25 18:54:28,497 [main] DEBUG balancer.ContainerBalancerTask (ContainerBalancerTask.java:initializeIteration(386)) - Lower limit for utilization is -0.0375470356904985 and Upper limit for utilization is 0.668758080137299
2023-07-25 18:54:28,498 [main] DEBUG balancer.ContainerBalancerTask (ContainerBalancerTask.java:initializeIteration(398)) - Utilization for node 4f50034a-75b4-4c2d-a6cb-499964ebd3d2 with capacity 51300998257B, used 46170898432B, and remaining 5130099825B is 0.900000000013645
2023-07-25 18:54:28,498 [main] DEBUG balancer.ContainerBalancerTask (ContainerBalancerTask.java:initializeIteration(398)) - Utilization for node febeeba7-b923-4865-ad1e-c9d2c87db953 with capacity 59055800320B, used 47244640256B, and remaining 11811160064B is 0.8
2023-07-25 18:54:28,498 [main] DEBUG balancer.ContainerBalancerTask (ContainerBalancerTask.java:initializeIteration(398)) - Utilization for node f567f802-00a5-4ded-98c6-a7ae94c3340a with capacity 56754924982B, used 39728447488B, and remaining 17026477494B is 0.7000000000105717
2023-07-25 18:54:28,498 [main] DEBUG balancer.ContainerBalancerTask (ContainerBalancerTask.java:initializeIteration(398)) - Utilization for node aeeccbb3-1414-41c1-a6a4-102a874b451a with capacity 78741067093B, used 47244640256B, and remaining 31496426837B is 0.60000000000254
2023-07-25 18:54:28,498 [main] DEBUG balancer.ContainerBalancerTask (ContainerBalancerTask.java:initializeIteration(398)) - Utilization for node ad10ee04-68bb-4b66-9072-13d3587588f5 with capacity 77309411328B, used 38654705664B, and remaining 38654705664B is 0.5
2023-07-25 18:54:28,498 [main] DEBUG balancer.ContainerBalancerTask (ContainerBalancerTask.java:initializeIteration(398)) - Utilization for node 906155a4-1f78-4e66-8a37-e7f244b863db with capacity 75161927680B, used 30064771072B, and remaining 45097156608B is 0.4
2023-07-25 18:54:28,498 [main] DEBUG balancer.ContainerBalancerTask (ContainerBalancerTask.java:initializeIteration(398)) - Utilization for node abe908e0-ec37-4cce-924f-463e25c3270a with capacity 150323855360B, used 45097156608B, and remaining 105226698752B is 0.3
2023-07-25 18:54:28,498 [main] DEBUG balancer.ContainerBalancerTask (ContainerBalancerTask.java:initializeIteration(398)) - Utilization for node 5380d800-8fce-4a63-b11f-8b1055d91157 with capacity 182536110080B, used 36507222016B, and remaining 146028888064B is 0.2
2023-07-25 18:54:28,498 [main] DEBUG balancer.ContainerBalancerTask (ContainerBalancerTask.java:initializeIteration(398)) - Utilization for node 056bfb90-4be8-433c-ac1a-986752aaa3eb with capacity 386547056640B, used 38654705664B, and remaining 347892350976B is 0.1
2023-07-25 18:54:28,498 [main] DEBUG balancer.ContainerBalancerTask (ContainerBalancerTask.java:initializeIteration(398)) - Utilization for node c4d3ccbc-bddd-48e4-90bc-e339467c15d1 with capacity 52613349376B, used 0B, and remaining 52613349376B is 0.0
2023-07-25 18:54:28,498 [main] INFO  balancer.ContainerBalancerTask (ContainerBalancerTask.java:initializeIteration(447)) - Container Balancer has identified 3 Over-Utilized and 0 Under-Utilized Datanodes that need to be balanced.
2023-07-25 18:54:28,499 [main] DEBUG balancer.ContainerBalancerTask (ContainerBalancerTask.java:lambda$initializeIteration$1(453)) - Datanode localhost-68.254.123.214 4f50034a-75b4-4c2d-a6cb-499964ebd3d2 is Over-Utilized.
2023-07-25 18:54:28,499 [main] DEBUG balancer.ContainerBalancerTask (ContainerBalancerTask.java:lambda$initializeIteration$1(453)) - Datanode localhost-72.76.193.140 febeeba7-b923-4865-ad1e-c9d2c87db953 is Over-Utilized.
2023-07-25 18:54:28,499 [main] DEBUG balancer.ContainerBalancerTask (ContainerBalancerTask.java:lambda$initializeIteration$1(453)) - Datanode localhost-157.195.1.111 f567f802-00a5-4ded-98c6-a7ae94c3340a is Over-Utilized.
2023-07-25 18:54:28,501 [main] DEBUG balancer.ContainerBalancerTask (ContainerBalancerTask.java:matchSourceWithTarget(708)) - ContainerBalancer is finding suitable target for source datanode 4f50034a-75b4-4c2d-a6cb-499964ebd3d2
2023-07-25 18:54:28,501 [main] INFO  balancer.FindTargetGreedyByUsageInfo (AbstractFindTargetGreedy.java:findTargetForContainerMove(133)) - Container Balancer could not find a target for source datanode 4f50034a-75b4-4c2d-a6cb-499964ebd3d2
2023-07-25 18:54:28,501 [main] DEBUG balancer.ContainerBalancerTask (ContainerBalancerTask.java:matchSourceWithTarget(717)) - ContainerBalancer could not find a suitable target for source node 4f50034a-75b4-4c2d-a6cb-499964ebd3d2.
2023-07-25 18:54:28,503 [main] DEBUG balancer.ContainerBalancerTask (ContainerBalancerTask.java:matchSourceWithTarget(708)) - ContainerBalancer is finding suitable target for source datanode febeeba7-b923-4865-ad1e-c9d2c87db953
2023-07-25 18:54:28,504 [main] INFO  balancer.FindTargetGreedyByUsageInfo (AbstractFindTargetGreedy.java:findTargetForContainerMove(133)) - Container Balancer could not find a target for source datanode febeeba7-b923-4865-ad1e-c9d2c87db953
2023-07-25 18:54:28,504 [main] DEBUG balancer.ContainerBalancerTask (ContainerBalancerTask.java:matchSourceWithTarget(717)) - ContainerBalancer could not find a suitable target for source node febeeba7-b923-4865-ad1e-c9d2c87db953.
2023-07-25 18:54:28,506 [main] DEBUG balancer.ContainerBalancerTask (ContainerBalancerTask.java:matchSourceWithTarget(708)) - ContainerBalancer is finding suitable target for source datanode f567f802-00a5-4ded-98c6-a7ae94c3340a
2023-07-25 18:54:28,506 [main] INFO  balancer.FindTargetGreedyByUsageInfo (AbstractFindTargetGreedy.java:findTargetForContainerMove(133)) - Container Balancer could not find a target for source datanode f567f802-00a5-4ded-98c6-a7ae94c3340a
2023-07-25 18:54:28,506 [main] DEBUG balancer.ContainerBalancerTask (ContainerBalancerTask.java:matchSourceWithTarget(717)) - ContainerBalancer could not find a suitable target for source node f567f802-00a5-4ded-98c6-a7ae94c3340a.
2023-07-25 18:54:28,506 [main] INFO  balancer.FindSourceGreedy (FindSourceGreedy.java:getNextCandidateSourceDataNode(126)) - no more candidate source data node
2023-07-25 18:54:28,506 [main] INFO  balancer.ContainerBalancerTask (ContainerBalancerTask.java:balance(259)) - Result of this iteration of Container Balancer: CAN_NOT_BALANCE_ANY_MORE
2023-07-25 18:54:28,506 [main] INFO  balancer.ContainerBalancerTask (ContainerBalancerTask.java:tryStopWithSaveConfiguration(308)) - Save Configuration for stopping. Reason: CAN_NOT_BALANCE_ANY_MORE
2023-07-25 18:54:28,507 [main] DEBUG balancer.ContainerBalancerTask (ContainerBalancerTask.java:initializeIteration(374)) - Average utilization of the cluster is 0.3156055222234002
2023-07-25 18:54:28,507 [main] DEBUG balancer.ContainerBalancerTask (ContainerBalancerTask.java:initializeIteration(386)) - Lower limit for utilization is -0.43470672162374857 and Upper limit for utilization is 1.065917766070549
2023-07-25 18:54:28,507 [main] DEBUG balancer.ContainerBalancerTask (ContainerBalancerTask.java:initializeIteration(398)) - Utilization for node 4f50034a-75b4-4c2d-a6cb-499964ebd3d2 with capacity 51300998257B, used 46170898432B, and remaining 5130099825B is 0.900000000013645
2023-07-25 18:54:28,507 [main] DEBUG balancer.ContainerBalancerTask (ContainerBalancerTask.java:initializeIteration(398)) - Utilization for node febeeba7-b923-4865-ad1e-c9d2c87db953 with capacity 59055800320B, used 47244640256B, and remaining 11811160064B is 0.8
2023-07-25 18:54:28,507 [main] DEBUG balancer.ContainerBalancerTask (ContainerBalancerTask.java:initializeIteration(398)) - Utilization for node f567f802-00a5-4ded-98c6-a7ae94c3340a with capacity 56754924982B, used 39728447488B, and remaining 17026477494B is 0.7000000000105717
2023-07-25 18:54:28,508 [main] DEBUG balancer.ContainerBalancerTask (ContainerBalancerTask.java:initializeIteration(398)) - Utilization for node aeeccbb3-1414-41c1-a6a4-102a874b451a with capacity 78741067093B, used 47244640256B, and remaining 31496426837B is 0.60000000000254
2023-07-25 18:54:28,508 [main] DEBUG balancer.ContainerBalancerTask (ContainerBalancerTask.java:initializeIteration(398)) - Utilization for node ad10ee04-68bb-4b66-9072-13d3587588f5 with capacity 77309411328B, used 38654705664B, and remaining 38654705664B is 0.5
2023-07-25 18:54:28,508 [main] DEBUG balancer.ContainerBalancerTask (ContainerBalancerTask.java:initializeIteration(398)) - Utilization for node 906155a4-1f78-4e66-8a37-e7f244b863db with capacity 75161927680B, used 30064771072B, and remaining 45097156608B is 0.4
2023-07-25 18:54:28,508 [main] DEBUG balancer.ContainerBalancerTask (ContainerBalancerTask.java:initializeIteration(398)) - Utilization for node abe908e0-ec37-4cce-924f-463e25c3270a with capacity 150323855360B, used 45097156608B, and remaining 105226698752B is 0.3
2023-07-25 18:54:28,508 [main] DEBUG balancer.ContainerBalancerTask (ContainerBalancerTask.java:initializeIteration(398)) - Utilization for node 5380d800-8fce-4a63-b11f-8b1055d91157 with capacity 182536110080B, used 36507222016B, and remaining 146028888064B is 0.2
2023-07-25 18:54:28,508 [main] DEBUG balancer.ContainerBalancerTask (ContainerBalancerTask.java:initializeIteration(398)) - Utilization for node 056bfb90-4be8-433c-ac1a-986752aaa3eb with capacity 386547056640B, used 38654705664B, and remaining 347892350976B is 0.1
2023-07-25 18:54:28,508 [main] DEBUG balancer.ContainerBalancerTask (ContainerBalancerTask.java:initializeIteration(398)) - Utilization for node c4d3ccbc-bddd-48e4-90bc-e339467c15d1 with capacity 52613349376B, used 0B, and remaining 52613349376B is 0.0
2023-07-25 18:54:28,508 [main] INFO  balancer.ContainerBalancerTask (ContainerBalancerTask.java:initializeIteration(443)) - Did not find any unbalanced Datanodes.
2023-07-25 18:54:28,508 [main] INFO  balancer.ContainerBalancerTask (ContainerBalancerTask.java:tryStopWithSaveConfiguration(308)) - Save Configuration for stopping. Reason: Could not initialize ContainerBalancer's iteration number 0
2023-07-25 18:54:28,509 [main] DEBUG balancer.ContainerBalancerTask (ContainerBalancerTask.java:initializeIteration(374)) - Average utilization of the cluster is 0.3156055222234002
2023-07-25 18:54:28,509 [main] DEBUG balancer.ContainerBalancerTask (ContainerBalancerTask.java:initializeIteration(386)) - Lower limit for utilization is -0.2683580298932482 and Upper limit for utilization is 0.8995690743400486
2023-07-25 18:54:28,509 [main] DEBUG balancer.ContainerBalancerTask (ContainerBalancerTask.java:initializeIteration(398)) - Utilization for node 4f50034a-75b4-4c2d-a6cb-499964ebd3d2 with capacity 51300998257B, used 46170898432B, and remaining 5130099825B is 0.900000000013645
2023-07-25 18:54:28,509 [main] DEBUG balancer.ContainerBalancerTask (ContainerBalancerTask.java:initializeIteration(398)) - Utilization for node febeeba7-b923-4865-ad1e-c9d2c87db953 with capacity 59055800320B, used 47244640256B, and remaining 11811160064B is 0.8
2023-07-25 18:54:28,509 [main] DEBUG balancer.ContainerBalancerTask (ContainerBalancerTask.java:initializeIteration(398)) - Utilization for node f567f802-00a5-4ded-98c6-a7ae94c3340a with capacity 56754924982B, used 39728447488B, and remaining 17026477494B is 0.7000000000105717
2023-07-25 18:54:28,509 [main] DEBUG balancer.ContainerBalancerTask (ContainerBalancerTask.java:initializeIteration(398)) - Utilization for node aeeccbb3-1414-41c1-a6a4-102a874b451a with capacity 78741067093B, used 47244640256B, and remaining 31496426837B is 0.60000000000254
2023-07-25 18:54:28,510 [main] DEBUG balancer.ContainerBalancerTask (ContainerBalancerTask.java:initializeIteration(398)) - Utilization for node ad10ee04-68bb-4b66-9072-13d3587588f5 with capacity 77309411328B, used 38654705664B, and remaining 38654705664B is 0.5
2023-07-25 18:54:28,510 [main] DEBUG balancer.ContainerBalancerTask (ContainerBalancerTask.java:initializeIteration(398)) - Utilization for node 906155a4-1f78-4e66-8a37-e7f244b863db with capacity 75161927680B, used 30064771072B, and remaining 45097156608B is 0.4
2023-07-25 18:54:28,510 [main] DEBUG balancer.ContainerBalancerTask (ContainerBalancerTask.java:initializeIteration(398)) - Utilization for node abe908e0-ec37-4cce-924f-463e25c3270a with capacity 150323855360B, used 45097156608B, and remaining 105226698752B is 0.3
2023-07-25 18:54:28,510 [main] DEBUG balancer.ContainerBalancerTask (ContainerBalancerTask.java:initializeIteration(398)) - Utilization for node 5380d800-8fce-4a63-b11f-8b1055d91157 with capacity 182536110080B, used 36507222016B, and remaining 146028888064B is 0.2
2023-07-25 18:54:28,510 [main] DEBUG balancer.ContainerBalancerTask (ContainerBalancerTask.java:initializeIteration(398)) - Utilization for node 056bfb90-4be8-433c-ac1a-986752aaa3eb with capacity 386547056640B, used 38654705664B, and remaining 347892350976B is 0.1
2023-07-25 18:54:28,510 [main] DEBUG balancer.ContainerBalancerTask (ContainerBalancerTask.java:initializeIteration(398)) - Utilization for node c4d3ccbc-bddd-48e4-90bc-e339467c15d1 with capacity 52613349376B, used 0B, and remaining 52613349376B is 0.0
2023-07-25 18:54:28,510 [main] INFO  balancer.ContainerBalancerTask (ContainerBalancerTask.java:initializeIteration(447)) - Container Balancer has identified 1 Over-Utilized and 0 Under-Utilized Datanodes that need to be balanced.
2023-07-25 18:54:28,510 [main] DEBUG balancer.ContainerBalancerTask (ContainerBalancerTask.java:lambda$initializeIteration$1(453)) - Datanode localhost-68.254.123.214 4f50034a-75b4-4c2d-a6cb-499964ebd3d2 is Over-Utilized.
2023-07-25 18:54:28,512 [main] DEBUG balancer.ContainerBalancerTask (ContainerBalancerTask.java:matchSourceWithTarget(708)) - ContainerBalancer is finding suitable target for source datanode 4f50034a-75b4-4c2d-a6cb-499964ebd3d2
2023-07-25 18:54:28,512 [main] INFO  balancer.FindTargetGreedyByUsageInfo (AbstractFindTargetGreedy.java:findTargetForContainerMove(133)) - Container Balancer could not find a target for source datanode 4f50034a-75b4-4c2d-a6cb-499964ebd3d2
2023-07-25 18:54:28,513 [main] DEBUG balancer.ContainerBalancerTask (ContainerBalancerTask.java:matchSourceWithTarget(717)) - ContainerBalancer could not find a suitable target for source node 4f50034a-75b4-4c2d-a6cb-499964ebd3d2.
2023-07-25 18:54:28,513 [main] INFO  balancer.FindSourceGreedy (FindSourceGreedy.java:getNextCandidateSourceDataNode(126)) - no more candidate source data node
2023-07-25 18:54:28,513 [main] INFO  balancer.ContainerBalancerTask (ContainerBalancerTask.java:balance(259)) - Result of this iteration of Container Balancer: CAN_NOT_BALANCE_ANY_MORE
2023-07-25 18:54:28,513 [main] INFO  balancer.ContainerBalancerTask (ContainerBalancerTask.java:tryStopWithSaveConfiguration(308)) - Save Configuration for stopping. Reason: CAN_NOT_BALANCE_ANY_MORE
2023-07-25 18:54:28,513 [main] DEBUG balancer.ContainerBalancerTask (ContainerBalancerTask.java:initializeIteration(374)) - Average utilization of the cluster is 0.3156055222234002
2023-07-25 18:54:28,514 [main] DEBUG balancer.ContainerBalancerTask (ContainerBalancerTask.java:initializeIteration(386)) - Lower limit for utilization is 0.10365403323478539 and Upper limit for utilization is 0.527557011212015
2023-07-25 18:54:28,514 [main] DEBUG balancer.ContainerBalancerTask (ContainerBalancerTask.java:initializeIteration(398)) - Utilization for node 4f50034a-75b4-4c2d-a6cb-499964ebd3d2 with capacity 51300998257B, used 46170898432B, and remaining 5130099825B is 0.900000000013645
2023-07-25 18:54:28,514 [main] DEBUG balancer.ContainerBalancerTask (ContainerBalancerTask.java:initializeIteration(398)) - Utilization for node febeeba7-b923-4865-ad1e-c9d2c87db953 with capacity 59055800320B, used 47244640256B, and remaining 11811160064B is 0.8
2023-07-25 18:54:28,514 [main] DEBUG balancer.ContainerBalancerTask (ContainerBalancerTask.java:initializeIteration(398)) - Utilization for node f567f802-00a5-4ded-98c6-a7ae94c3340a with capacity 56754924982B, used 39728447488B, and remaining 17026477494B is 0.7000000000105717
2023-07-25 18:54:28,514 [main] DEBUG balancer.ContainerBalancerTask (ContainerBalancerTask.java:initializeIteration(398)) - Utilization for node aeeccbb3-1414-41c1-a6a4-102a874b451a with capacity 78741067093B, used 47244640256B, and remaining 31496426837B is 0.60000000000254
2023-07-25 18:54:28,514 [main] DEBUG balancer.ContainerBalancerTask (ContainerBalancerTask.java:initializeIteration(398)) - Utilization for node ad10ee04-68bb-4b66-9072-13d3587588f5 with capacity 77309411328B, used 38654705664B, and remaining 38654705664B is 0.5
2023-07-25 18:54:28,514 [main] DEBUG balancer.ContainerBalancerTask (ContainerBalancerTask.java:initializeIteration(398)) - Utilization for node 906155a4-1f78-4e66-8a37-e7f244b863db with capacity 75161927680B, used 30064771072B, and remaining 45097156608B is 0.4
2023-07-25 18:54:28,514 [main] DEBUG balancer.ContainerBalancerTask (ContainerBalancerTask.java:initializeIteration(398)) - Utilization for node abe908e0-ec37-4cce-924f-463e25c3270a with capacity 150323855360B, used 45097156608B, and remaining 105226698752B is 0.3
2023-07-25 18:54:28,514 [main] DEBUG balancer.ContainerBalancerTask (ContainerBalancerTask.java:initializeIteration(398)) - Utilization for node 5380d800-8fce-4a63-b11f-8b1055d91157 with capacity 182536110080B, used 36507222016B, and remaining 146028888064B is 0.2
2023-07-25 18:54:28,514 [main] DEBUG balancer.ContainerBalancerTask (ContainerBalancerTask.java:initializeIteration(398)) - Utilization for node 056bfb90-4be8-433c-ac1a-986752aaa3eb with capacity 386547056640B, used 38654705664B, and remaining 347892350976B is 0.1
2023-07-25 18:54:28,515 [main] DEBUG balancer.ContainerBalancerTask (ContainerBalancerTask.java:initializeIteration(398)) - Utilization for node c4d3ccbc-bddd-48e4-90bc-e339467c15d1 with capacity 52613349376B, used 0B, and remaining 52613349376B is 0.0
2023-07-25 18:54:28,515 [main] INFO  balancer.ContainerBalancerTask (ContainerBalancerTask.java:initializeIteration(447)) - Container Balancer has identified 4 Over-Utilized and 2 Under-Utilized Datanodes that need to be balanced.
2023-07-25 18:54:28,515 [main] DEBUG balancer.ContainerBalancerTask (ContainerBalancerTask.java:lambda$initializeIteration$1(453)) - Datanode localhost-68.254.123.214 4f50034a-75b4-4c2d-a6cb-499964ebd3d2 is Over-Utilized.
2023-07-25 18:54:28,515 [main] DEBUG balancer.ContainerBalancerTask (ContainerBalancerTask.java:lambda$initializeIteration$1(453)) - Datanode localhost-72.76.193.140 febeeba7-b923-4865-ad1e-c9d2c87db953 is Over-Utilized.
2023-07-25 18:54:28,515 [main] DEBUG balancer.ContainerBalancerTask (ContainerBalancerTask.java:lambda$initializeIteration$1(453)) - Datanode localhost-157.195.1.111 f567f802-00a5-4ded-98c6-a7ae94c3340a is Over-Utilized.
2023-07-25 18:54:28,515 [main] DEBUG balancer.ContainerBalancerTask (ContainerBalancerTask.java:lambda$initializeIteration$1(453)) - Datanode localhost-189.238.33.126 aeeccbb3-1414-41c1-a6a4-102a874b451a is Over-Utilized.
2023-07-25 18:54:28,515 [main] DEBUG balancer.ContainerBalancerTask (ContainerBalancerTask.java:lambda$initializeIteration$2(459)) - Datanode localhost-99.255.28.30 c4d3ccbc-bddd-48e4-90bc-e339467c15d1 is Under-Utilized.
2023-07-25 18:54:28,515 [main] DEBUG balancer.ContainerBalancerTask (ContainerBalancerTask.java:lambda$initializeIteration$2(459)) - Datanode localhost-117.176.158.140 056bfb90-4be8-433c-ac1a-986752aaa3eb is Under-Utilized.
2023-07-25 18:54:28,518 [main] DEBUG balancer.ContainerBalancerTask (ContainerBalancerTask.java:matchSourceWithTarget(708)) - ContainerBalancer is finding suitable target for source datanode 4f50034a-75b4-4c2d-a6cb-499964ebd3d2
2023-07-25 18:54:28,518 [main] INFO  balancer.ContainerBalancerTask (ContainerBalancerTask.java:matchSourceWithTarget(722)) - ContainerBalancer matched source datanode 4f50034a-75b4-4c2d-a6cb-499964ebd3d2 with target datanode c4d3ccbc-bddd-48e4-90bc-e339467c15d1 for container move.
2023-07-25 18:54:28,518 [main] INFO  balancer.ContainerBalancerTask (ContainerBalancerTask.java:processMoveSelection(569)) - ContainerBalancer is trying to move container #85 with size 5368709120B from source datanode 4f50034a-75b4-4c2d-a6cb-499964ebd3d2 to target datanode c4d3ccbc-bddd-48e4-90bc-e339467c15d1
2023-07-25 18:54:28,518 [main] DEBUG balancer.ContainerBalancerTask (ContainerBalancerTask.java:lambda$moveContainer$3(837)) - Container move completed for container #85 from source 4f50034a-75b4-4c2d-a6cb-499964ebd3d2 to target c4d3ccbc-bddd-48e4-90bc-e339467c15d1
2023-07-25 18:54:28,521 [main] DEBUG balancer.ContainerBalancerTask (ContainerBalancerTask.java:matchSourceWithTarget(708)) - ContainerBalancer is finding suitable target for source datanode febeeba7-b923-4865-ad1e-c9d2c87db953
2023-07-25 18:54:28,521 [main] INFO  balancer.ContainerBalancerTask (ContainerBalancerTask.java:matchSourceWithTarget(722)) - ContainerBalancer matched source datanode febeeba7-b923-4865-ad1e-c9d2c87db953 with target datanode 056bfb90-4be8-433c-ac1a-986752aaa3eb for container move.
2023-07-25 18:54:28,521 [main] INFO  balancer.ContainerBalancerTask (ContainerBalancerTask.java:processMoveSelection(569)) - ContainerBalancer is trying to move container #88 with size 3221225472B from source datanode febeeba7-b923-4865-ad1e-c9d2c87db953 to target datanode 056bfb90-4be8-433c-ac1a-986752aaa3eb
2023-07-25 18:54:28,521 [main] DEBUG balancer.ContainerBalancerTask (ContainerBalancerTask.java:lambda$moveContainer$3(837)) - Container move completed for container #88 from source febeeba7-b923-4865-ad1e-c9d2c87db953 to target 056bfb90-4be8-433c-ac1a-986752aaa3eb
2023-07-25 18:54:28,523 [main] DEBUG balancer.ContainerBalancerTask (ContainerBalancerTask.java:matchSourceWithTarget(708)) - ContainerBalancer is finding suitable target for source datanode 4f50034a-75b4-4c2d-a6cb-499964ebd3d2
2023-07-25 18:54:28,524 [main] INFO  balancer.ContainerBalancerTask (ContainerBalancerTask.java:matchSourceWithTarget(722)) - ContainerBalancer matched source datanode 4f50034a-75b4-4c2d-a6cb-499964ebd3d2 with target datanode c4d3ccbc-bddd-48e4-90bc-e339467c15d1 for container move.
2023-07-25 18:54:28,524 [main] INFO  balancer.ContainerBalancerTask (ContainerBalancerTask.java:processMoveSelection(569)) - ContainerBalancer is trying to move container #68 with size 5368709120B from source datanode 4f50034a-75b4-4c2d-a6cb-499964ebd3d2 to target datanode c4d3ccbc-bddd-48e4-90bc-e339467c15d1
2023-07-25 18:54:28,524 [main] DEBUG balancer.ContainerBalancerTask (ContainerBalancerTask.java:lambda$moveContainer$3(837)) - Container move completed for container #68 from source 4f50034a-75b4-4c2d-a6cb-499964ebd3d2 to target c4d3ccbc-bddd-48e4-90bc-e339467c15d1
2023-07-25 18:54:28,526 [main] DEBUG balancer.ContainerBalancerTask (ContainerBalancerTask.java:matchSourceWithTarget(708)) - ContainerBalancer is finding suitable target for source datanode febeeba7-b923-4865-ad1e-c9d2c87db953
2023-07-25 18:54:28,527 [main] INFO  balancer.ContainerBalancerTask (ContainerBalancerTask.java:matchSourceWithTarget(722)) - ContainerBalancer matched source datanode febeeba7-b923-4865-ad1e-c9d2c87db953 with target datanode 056bfb90-4be8-433c-ac1a-986752aaa3eb for container move.
2023-07-25 18:54:28,527 [main] INFO  balancer.ContainerBalancerTask (ContainerBalancerTask.java:processMoveSelection(569)) - ContainerBalancer is trying to move container #71 with size 3221225472B from source datanode febeeba7-b923-4865-ad1e-c9d2c87db953 to target datanode 056bfb90-4be8-433c-ac1a-986752aaa3eb
2023-07-25 18:54:28,527 [main] DEBUG balancer.ContainerBalancerTask (ContainerBalancerTask.java:lambda$moveContainer$3(837)) - Container move completed for container #71 from source febeeba7-b923-4865-ad1e-c9d2c87db953 to target 056bfb90-4be8-433c-ac1a-986752aaa3eb
2023-07-25 18:54:28,530 [main] DEBUG balancer.ContainerBalancerTask (ContainerBalancerTask.java:matchSourceWithTarget(708)) - ContainerBalancer is finding suitable target for source datanode f567f802-00a5-4ded-98c6-a7ae94c3340a
2023-07-25 18:54:28,530 [main] INFO  balancer.ContainerBalancerTask (ContainerBalancerTask.java:matchSourceWithTarget(722)) - ContainerBalancer matched source datanode f567f802-00a5-4ded-98c6-a7ae94c3340a with target datanode 056bfb90-4be8-433c-ac1a-986752aaa3eb for container move.
2023-07-25 18:54:28,530 [main] INFO  balancer.ContainerBalancerTask (ContainerBalancerTask.java:processMoveSelection(569)) - ContainerBalancer is trying to move container #40 with size 5368709120B from source datanode f567f802-00a5-4ded-98c6-a7ae94c3340a to target datanode 056bfb90-4be8-433c-ac1a-986752aaa3eb
2023-07-25 18:54:28,530 [main] DEBUG balancer.ContainerBalancerTask (ContainerBalancerTask.java:lambda$moveContainer$3(837)) - Container move completed for container #40 from source f567f802-00a5-4ded-98c6-a7ae94c3340a to target 056bfb90-4be8-433c-ac1a-986752aaa3eb
2023-07-25 18:54:28,533 [main] DEBUG balancer.ContainerBalancerTask (ContainerBalancerTask.java:matchSourceWithTarget(708)) - ContainerBalancer is finding suitable target for source datanode febeeba7-b923-4865-ad1e-c9d2c87db953
2023-07-25 18:54:28,533 [main] INFO  balancer.ContainerBalancerTask (ContainerBalancerTask.java:matchSourceWithTarget(722)) - ContainerBalancer matched source datanode febeeba7-b923-4865-ad1e-c9d2c87db953 with target datanode 056bfb90-4be8-433c-ac1a-986752aaa3eb for container move.
2023-07-25 18:54:28,533 [main] INFO  balancer.ContainerBalancerTask (ContainerBalancerTask.java:processMoveSelection(569)) - ContainerBalancer is trying to move container #66 with size 3221225472B from source datanode febeeba7-b923-4865-ad1e-c9d2c87db953 to target datanode 056bfb90-4be8-433c-ac1a-986752aaa3eb
2023-07-25 18:54:28,533 [main] DEBUG balancer.ContainerBalancerTask (ContainerBalancerTask.java:lambda$moveContainer$3(837)) - Container move completed for container #66 from source febeeba7-b923-4865-ad1e-c9d2c87db953 to target 056bfb90-4be8-433c-ac1a-986752aaa3eb
2023-07-25 18:54:28,536 [main] DEBUG balancer.ContainerBalancerTask (ContainerBalancerTask.java:matchSourceWithTarget(708)) - ContainerBalancer is finding suitable target for source datanode 4f50034a-75b4-4c2d-a6cb-499964ebd3d2
2023-07-25 18:54:28,536 [main] INFO  balancer.ContainerBalancerTask (ContainerBalancerTask.java:matchSourceWithTarget(722)) - ContainerBalancer matched source datanode 4f50034a-75b4-4c2d-a6cb-499964ebd3d2 with target datanode 056bfb90-4be8-433c-ac1a-986752aaa3eb for container move.
2023-07-25 18:54:28,536 [main] INFO  balancer.ContainerBalancerTask (ContainerBalancerTask.java:processMoveSelection(569)) - ContainerBalancer is trying to move container #89 with size 4294967296B from source datanode 4f50034a-75b4-4c2d-a6cb-499964ebd3d2 to target datanode 056bfb90-4be8-433c-ac1a-986752aaa3eb
2023-07-25 18:54:28,536 [main] DEBUG balancer.ContainerBalancerTask (ContainerBalancerTask.java:lambda$moveContainer$3(837)) - Container move completed for container #89 from source 4f50034a-75b4-4c2d-a6cb-499964ebd3d2 to target 056bfb90-4be8-433c-ac1a-986752aaa3eb
2023-07-25 18:54:28,539 [main] DEBUG balancer.ContainerBalancerTask (ContainerBalancerTask.java:matchSourceWithTarget(708)) - ContainerBalancer is finding suitable target for source datanode febeeba7-b923-4865-ad1e-c9d2c87db953
2023-07-25 18:54:28,539 [main] INFO  balancer.ContainerBalancerTask (ContainerBalancerTask.java:matchSourceWithTarget(722)) - ContainerBalancer matched source datanode febeeba7-b923-4865-ad1e-c9d2c87db953 with target datanode 056bfb90-4be8-433c-ac1a-986752aaa3eb for container move.
2023-07-25 18:54:28,539 [main] INFO  balancer.ContainerBalancerTask (ContainerBalancerTask.java:processMoveSelection(569)) - ContainerBalancer is trying to move container #18 with size 3221225472B from source datanode febeeba7-b923-4865-ad1e-c9d2c87db953 to target datanode 056bfb90-4be8-433c-ac1a-986752aaa3eb
2023-07-25 18:54:28,539 [main] DEBUG balancer.ContainerBalancerTask (ContainerBalancerTask.java:lambda$moveContainer$3(837)) - Container move completed for container #18 from source febeeba7-b923-4865-ad1e-c9d2c87db953 to target 056bfb90-4be8-433c-ac1a-986752aaa3eb
2023-07-25 18:54:28,542 [main] DEBUG balancer.ContainerBalancerTask (ContainerBalancerTask.java:matchSourceWithTarget(708)) - ContainerBalancer is finding suitable target for source datanode 4f50034a-75b4-4c2d-a6cb-499964ebd3d2
2023-07-25 18:54:28,542 [main] INFO  balancer.ContainerBalancerTask (ContainerBalancerTask.java:matchSourceWithTarget(722)) - ContainerBalancer matched source datanode 4f50034a-75b4-4c2d-a6cb-499964ebd3d2 with target datanode 056bfb90-4be8-433c-ac1a-986752aaa3eb for container move.
2023-07-25 18:54:28,542 [main] INFO  balancer.ContainerBalancerTask (ContainerBalancerTask.java:processMoveSelection(569)) - ContainerBalancer is trying to move container #84 with size 4294967296B from source datanode 4f50034a-75b4-4c2d-a6cb-499964ebd3d2 to target datanode 056bfb90-4be8-433c-ac1a-986752aaa3eb
2023-07-25 18:54:28,542 [main] DEBUG balancer.ContainerBalancerTask (ContainerBalancerTask.java:lambda$moveContainer$3(837)) - Container move completed for container #84 from source 4f50034a-75b4-4c2d-a6cb-499964ebd3d2 to target 056bfb90-4be8-433c-ac1a-986752aaa3eb
2023-07-25 18:54:28,545 [main] DEBUG balancer.ContainerBalancerTask (ContainerBalancerTask.java:matchSourceWithTarget(708)) - ContainerBalancer is finding suitable target for source datanode f567f802-00a5-4ded-98c6-a7ae94c3340a
2023-07-25 18:54:28,545 [main] INFO  balancer.ContainerBalancerTask (ContainerBalancerTask.java:matchSourceWithTarget(722)) - ContainerBalancer matched source datanode f567f802-00a5-4ded-98c6-a7ae94c3340a with target datanode 056bfb90-4be8-433c-ac1a-986752aaa3eb for container move.
2023-07-25 18:54:28,546 [main] INFO  balancer.ContainerBalancerTask (ContainerBalancerTask.java:processMoveSelection(569)) - ContainerBalancer is trying to move container #52 with size 4294967296B from source datanode f567f802-00a5-4ded-98c6-a7ae94c3340a to target datanode 056bfb90-4be8-433c-ac1a-986752aaa3eb
2023-07-25 18:54:28,546 [main] DEBUG balancer.ContainerBalancerTask (ContainerBalancerTask.java:lambda$moveContainer$3(837)) - Container move completed for container #52 from source f567f802-00a5-4ded-98c6-a7ae94c3340a to target 056bfb90-4be8-433c-ac1a-986752aaa3eb
2023-07-25 18:54:28,550 [main] DEBUG balancer.ContainerBalancerTask (ContainerBalancerTask.java:matchSourceWithTarget(708)) - ContainerBalancer is finding suitable target for source datanode aeeccbb3-1414-41c1-a6a4-102a874b451a
2023-07-25 18:54:28,550 [main] INFO  balancer.ContainerBalancerTask (ContainerBalancerTask.java:matchSourceWithTarget(722)) - ContainerBalancer matched source datanode aeeccbb3-1414-41c1-a6a4-102a874b451a with target datanode 056bfb90-4be8-433c-ac1a-986752aaa3eb for container move.
2023-07-25 18:54:28,550 [main] INFO  balancer.ContainerBalancerTask (ContainerBalancerTask.java:processMoveSelection(569)) - ContainerBalancer is trying to move container #39 with size 4294967296B from source datanode aeeccbb3-1414-41c1-a6a4-102a874b451a to target datanode 056bfb90-4be8-433c-ac1a-986752aaa3eb
2023-07-25 18:54:28,550 [main] DEBUG balancer.ContainerBalancerTask (ContainerBalancerTask.java:lambda$moveContainer$3(837)) - Container move completed for container #39 from source aeeccbb3-1414-41c1-a6a4-102a874b451a to target 056bfb90-4be8-433c-ac1a-986752aaa3eb
2023-07-25 18:54:28,553 [main] DEBUG balancer.ContainerBalancerTask (ContainerBalancerTask.java:matchSourceWithTarget(708)) - ContainerBalancer is finding suitable target for source datanode febeeba7-b923-4865-ad1e-c9d2c87db953
2023-07-25 18:54:28,554 [main] INFO  balancer.ContainerBalancerTask (ContainerBalancerTask.java:matchSourceWithTarget(722)) - ContainerBalancer matched source datanode febeeba7-b923-4865-ad1e-c9d2c87db953 with target datanode 056bfb90-4be8-433c-ac1a-986752aaa3eb for container move.
2023-07-25 18:54:28,554 [main] INFO  balancer.ContainerBalancerTask (ContainerBalancerTask.java:processMoveSelection(569)) - ContainerBalancer is trying to move container #82 with size 2147483648B from source datanode febeeba7-b923-4865-ad1e-c9d2c87db953 to target datanode 056bfb90-4be8-433c-ac1a-986752aaa3eb
2023-07-25 18:54:28,554 [main] DEBUG balancer.ContainerBalancerTask (ContainerBalancerTask.java:lambda$moveContainer$3(837)) - Container move completed for container #82 from source febeeba7-b923-4865-ad1e-c9d2c87db953 to target 056bfb90-4be8-433c-ac1a-986752aaa3eb
2023-07-25 18:54:28,558 [main] DEBUG balancer.ContainerBalancerTask (ContainerBalancerTask.java:matchSourceWithTarget(708)) - ContainerBalancer is finding suitable target for source datanode aeeccbb3-1414-41c1-a6a4-102a874b451a
2023-07-25 18:54:28,558 [main] INFO  balancer.ContainerBalancerTask (ContainerBalancerTask.java:matchSourceWithTarget(722)) - ContainerBalancer matched source datanode aeeccbb3-1414-41c1-a6a4-102a874b451a with target datanode 056bfb90-4be8-433c-ac1a-986752aaa3eb for container move.
2023-07-25 18:54:28,558 [main] INFO  balancer.ContainerBalancerTask (ContainerBalancerTask.java:processMoveSelection(569)) - ContainerBalancer is trying to move container #83 with size 3221225472B from source datanode aeeccbb3-1414-41c1-a6a4-102a874b451a to target datanode 056bfb90-4be8-433c-ac1a-986752aaa3eb
2023-07-25 18:54:28,558 [main] DEBUG balancer.ContainerBalancerTask (ContainerBalancerTask.java:lambda$moveContainer$3(837)) - Container move completed for container #83 from source aeeccbb3-1414-41c1-a6a4-102a874b451a to target 056bfb90-4be8-433c-ac1a-986752aaa3eb
2023-07-25 18:54:28,561 [main] DEBUG balancer.ContainerBalancerTask (ContainerBalancerTask.java:matchSourceWithTarget(708)) - ContainerBalancer is finding suitable target for source datanode febeeba7-b923-4865-ad1e-c9d2c87db953
2023-07-25 18:54:28,561 [main] INFO  balancer.ContainerBalancerTask (ContainerBalancerTask.java:matchSourceWithTarget(722)) - ContainerBalancer matched source datanode febeeba7-b923-4865-ad1e-c9d2c87db953 with target datanode c4d3ccbc-bddd-48e4-90bc-e339467c15d1 for container move.
2023-07-25 18:54:28,562 [main] INFO  balancer.ContainerBalancerTask (ContainerBalancerTask.java:processMoveSelection(569)) - ContainerBalancer is trying to move container #70 with size 2147483648B from source datanode febeeba7-b923-4865-ad1e-c9d2c87db953 to target datanode c4d3ccbc-bddd-48e4-90bc-e339467c15d1
2023-07-25 18:54:28,562 [main] DEBUG balancer.ContainerBalancerTask (ContainerBalancerTask.java:lambda$moveContainer$3(837)) - Container move completed for container #70 from source febeeba7-b923-4865-ad1e-c9d2c87db953 to target c4d3ccbc-bddd-48e4-90bc-e339467c15d1
2023-07-25 18:54:28,562 [main] WARN  balancer.ContainerBalancerTask (ContainerBalancerTask.java:reachedMaxSizeToMovePerIteration(733)) - Reached max size to move limit. 53687091200 bytes have already been scheduled for balancing and the limit is 53687091200 bytes.
2023-07-25 18:54:28,562 [main] INFO  balancer.ContainerBalancerTask (ContainerBalancerTask.java:checkIterationMoveResults(642)) - Iteration Summary. Number of Datanodes involved: 6. Size moved: 50 GB (53687091200 Bytes). Number of Container moves completed: 14.
2023-07-25 18:54:28,562 [main] INFO  balancer.ContainerBalancerTask (ContainerBalancerTask.java:balance(259)) - Result of this iteration of Container Balancer: ITERATION_COMPLETED
2023-07-25 18:54:28,562 [main] INFO  balancer.ContainerBalancerTask (ContainerBalancerTask.java:tryStopWithSaveConfiguration(308)) - Save Configuration for stopping. Reason: Completed all iterations.
2023-07-25 18:54:28,563 [main] DEBUG balancer.ContainerBalancerTask (ContainerBalancerTask.java:initializeIteration(374)) - Average utilization of the cluster is 0.3156055222234002
2023-07-25 18:54:28,563 [main] DEBUG balancer.ContainerBalancerTask (ContainerBalancerTask.java:initializeIteration(386)) - Lower limit for utilization is -0.528697885637456 and Upper limit for utilization is 1.1599089300842564
2023-07-25 18:54:28,563 [main] DEBUG balancer.ContainerBalancerTask (ContainerBalancerTask.java:initializeIteration(398)) - Utilization for node 4f50034a-75b4-4c2d-a6cb-499964ebd3d2 with capacity 51300998257B, used 46170898432B, and remaining 5130099825B is 0.900000000013645
2023-07-25 18:54:28,563 [main] DEBUG balancer.ContainerBalancerTask (ContainerBalancerTask.java:initializeIteration(398)) - Utilization for node febeeba7-b923-4865-ad1e-c9d2c87db953 with capacity 59055800320B, used 47244640256B, and remaining 11811160064B is 0.8
2023-07-25 18:54:28,564 [main] DEBUG balancer.ContainerBalancerTask (ContainerBalancerTask.java:initializeIteration(398)) - Utilization for node f567f802-00a5-4ded-98c6-a7ae94c3340a with capacity 56754924982B, used 39728447488B, and remaining 17026477494B is 0.7000000000105717
2023-07-25 18:54:28,564 [main] DEBUG balancer.ContainerBalancerTask (ContainerBalancerTask.java:initializeIteration(398)) - Utilization for node aeeccbb3-1414-41c1-a6a4-102a874b451a with capacity 78741067093B, used 47244640256B, and remaining 31496426837B is 0.60000000000254
2023-07-25 18:54:28,564 [main] DEBUG balancer.ContainerBalancerTask (ContainerBalancerTask.java:initializeIteration(398)) - Utilization for node ad10ee04-68bb-4b66-9072-13d3587588f5 with capacity 77309411328B, used 38654705664B, and remaining 38654705664B is 0.5
2023-07-25 18:54:28,564 [main] DEBUG balancer.ContainerBalancerTask (ContainerBalancerTask.java:initializeIteration(398)) - Utilization for node 906155a4-1f78-4e66-8a37-e7f244b863db with capacity 75161927680B, used 30064771072B, and remaining 45097156608B is 0.4
2023-07-25 18:54:28,564 [main] DEBUG balancer.ContainerBalancerTask (ContainerBalancerTask.java:initializeIteration(398)) - Utilization for node abe908e0-ec37-4cce-924f-463e25c3270a with capacity 150323855360B, used 45097156608B, and remaining 105226698752B is 0.3
2023-07-25 18:54:28,564 [main] DEBUG balancer.ContainerBalancerTask (ContainerBalancerTask.java:initializeIteration(398)) - Utilization for node 5380d800-8fce-4a63-b11f-8b1055d91157 with capacity 182536110080B, used 36507222016B, and remaining 146028888064B is 0.2
2023-07-25 18:54:28,564 [main] DEBUG balancer.ContainerBalancerTask (ContainerBalancerTask.java:initializeIteration(398)) - Utilization for node 056bfb90-4be8-433c-ac1a-986752aaa3eb with capacity 386547056640B, used 38654705664B, and remaining 347892350976B is 0.1
2023-07-25 18:54:28,564 [main] DEBUG balancer.ContainerBalancerTask (ContainerBalancerTask.java:initializeIteration(398)) - Utilization for node c4d3ccbc-bddd-48e4-90bc-e339467c15d1 with capacity 52613349376B, used 0B, and remaining 52613349376B is 0.0
2023-07-25 18:54:28,564 [main] INFO  balancer.ContainerBalancerTask (ContainerBalancerTask.java:initializeIteration(443)) - Did not find any unbalanced Datanodes.
2023-07-25 18:54:28,564 [main] INFO  balancer.ContainerBalancerTask (ContainerBalancerTask.java:tryStopWithSaveConfiguration(308)) - Save Configuration for stopping. Reason: Could not initialize ContainerBalancer's iteration number 0
2023-07-25 18:54:28,565 [main] DEBUG balancer.ContainerBalancerTask (ContainerBalancerTask.java:initializeIteration(374)) - Average utilization of the cluster is 0.3156055222234002
2023-07-25 18:54:28,565 [main] DEBUG balancer.ContainerBalancerTask (ContainerBalancerTask.java:initializeIteration(386)) - Lower limit for utilization is 0.1435909192119632 and Upper limit for utilization is 0.4876201252348372
2023-07-25 18:54:28,565 [main] DEBUG balancer.ContainerBalancerTask (ContainerBalancerTask.java:initializeIteration(398)) - Utilization for node 4f50034a-75b4-4c2d-a6cb-499964ebd3d2 with capacity 51300998257B, used 46170898432B, and remaining 5130099825B is 0.900000000013645
2023-07-25 18:54:28,565 [main] DEBUG balancer.ContainerBalancerTask (ContainerBalancerTask.java:initializeIteration(398)) - Utilization for node febeeba7-b923-4865-ad1e-c9d2c87db953 with capacity 59055800320B, used 47244640256B, and remaining 11811160064B is 0.8
2023-07-25 18:54:28,566 [main] DEBUG balancer.ContainerBalancerTask (ContainerBalancerTask.java:initializeIteration(398)) - Utilization for node f567f802-00a5-4ded-98c6-a7ae94c3340a with capacity 56754924982B, used 39728447488B, and remaining 17026477494B is 0.7000000000105717
2023-07-25 18:54:28,566 [main] DEBUG balancer.ContainerBalancerTask (ContainerBalancerTask.java:initializeIteration(398)) - Utilization for node aeeccbb3-1414-41c1-a6a4-102a874b451a with capacity 78741067093B, used 47244640256B, and remaining 31496426837B is 0.60000000000254
2023-07-25 18:54:28,566 [main] DEBUG balancer.ContainerBalancerTask (ContainerBalancerTask.java:initializeIteration(398)) - Utilization for node ad10ee04-68bb-4b66-9072-13d3587588f5 with capacity 77309411328B, used 38654705664B, and remaining 38654705664B is 0.5
2023-07-25 18:54:28,566 [main] DEBUG balancer.ContainerBalancerTask (ContainerBalancerTask.java:initializeIteration(398)) - Utilization for node 906155a4-1f78-4e66-8a37-e7f244b863db with capacity 75161927680B, used 30064771072B, and remaining 45097156608B is 0.4
2023-07-25 18:54:28,566 [main] DEBUG balancer.ContainerBalancerTask (ContainerBalancerTask.java:initializeIteration(398)) - Utilization for node abe908e0-ec37-4cce-924f-463e25c3270a with capacity 150323855360B, used 45097156608B, and remaining 105226698752B is 0.3
2023-07-25 18:54:28,566 [main] DEBUG balancer.ContainerBalancerTask (ContainerBalancerTask.java:initializeIteration(398)) - Utilization for node 5380d800-8fce-4a63-b11f-8b1055d91157 with capacity 182536110080B, used 36507222016B, and remaining 146028888064B is 0.2
2023-07-25 18:54:28,566 [main] DEBUG balancer.ContainerBalancerTask (ContainerBalancerTask.java:initializeIteration(398)) - Utilization for node 056bfb90-4be8-433c-ac1a-986752aaa3eb with capacity 386547056640B, used 38654705664B, and remaining 347892350976B is 0.1
2023-07-25 18:54:28,566 [main] DEBUG balancer.ContainerBalancerTask (ContainerBalancerTask.java:initializeIteration(398)) - Utilization for node c4d3ccbc-bddd-48e4-90bc-e339467c15d1 with capacity 52613349376B, used 0B, and remaining 52613349376B is 0.0
2023-07-25 18:54:28,566 [main] INFO  balancer.ContainerBalancerTask (ContainerBalancerTask.java:initializeIteration(447)) - Container Balancer has identified 5 Over-Utilized and 2 Under-Utilized Datanodes that need to be balanced.
2023-07-25 18:54:28,567 [main] DEBUG balancer.ContainerBalancerTask (ContainerBalancerTask.java:lambda$initializeIteration$1(453)) - Datanode localhost-68.254.123.214 4f50034a-75b4-4c2d-a6cb-499964ebd3d2 is Over-Utilized.
2023-07-25 18:54:28,567 [main] DEBUG balancer.ContainerBalancerTask (ContainerBalancerTask.java:lambda$initializeIteration$1(453)) - Datanode localhost-72.76.193.140 febeeba7-b923-4865-ad1e-c9d2c87db953 is Over-Utilized.
2023-07-25 18:54:28,567 [main] DEBUG balancer.ContainerBalancerTask (ContainerBalancerTask.java:lambda$initializeIteration$1(453)) - Datanode localhost-157.195.1.111 f567f802-00a5-4ded-98c6-a7ae94c3340a is Over-Utilized.
2023-07-25 18:54:28,567 [main] DEBUG balancer.ContainerBalancerTask (ContainerBalancerTask.java:lambda$initializeIteration$1(453)) - Datanode localhost-189.238.33.126 aeeccbb3-1414-41c1-a6a4-102a874b451a is Over-Utilized.
2023-07-25 18:54:28,567 [main] DEBUG balancer.ContainerBalancerTask (ContainerBalancerTask.java:lambda$initializeIteration$1(453)) - Datanode localhost-36.107.44.62 ad10ee04-68bb-4b66-9072-13d3587588f5 is Over-Utilized.
2023-07-25 18:54:28,567 [main] DEBUG balancer.ContainerBalancerTask (ContainerBalancerTask.java:lambda$initializeIteration$2(459)) - Datanode localhost-99.255.28.30 c4d3ccbc-bddd-48e4-90bc-e339467c15d1 is Under-Utilized.
2023-07-25 18:54:28,567 [main] DEBUG balancer.ContainerBalancerTask (ContainerBalancerTask.java:lambda$initializeIteration$2(459)) - Datanode localhost-117.176.158.140 056bfb90-4be8-433c-ac1a-986752aaa3eb is Under-Utilized.
2023-07-25 18:54:28,569 [main] DEBUG balancer.ContainerBalancerTask (ContainerBalancerTask.java:matchSourceWithTarget(708)) - ContainerBalancer is finding suitable target for source datanode 4f50034a-75b4-4c2d-a6cb-499964ebd3d2
2023-07-25 18:54:28,570 [main] INFO  balancer.ContainerBalancerTask (ContainerBalancerTask.java:matchSourceWithTarget(722)) - ContainerBalancer matched source datanode 4f50034a-75b4-4c2d-a6cb-499964ebd3d2 with target datanode c4d3ccbc-bddd-48e4-90bc-e339467c15d1 for container move.
2023-07-25 18:54:28,570 [main] INFO  balancer.ContainerBalancerTask (ContainerBalancerTask.java:processMoveSelection(569)) - ContainerBalancer is trying to move container #85 with size 5368709120B from source datanode 4f50034a-75b4-4c2d-a6cb-499964ebd3d2 to target datanode c4d3ccbc-bddd-48e4-90bc-e339467c15d1
2023-07-25 18:54:28,570 [main] DEBUG balancer.ContainerBalancerTask (ContainerBalancerTask.java:lambda$moveContainer$3(837)) - Container move completed for container #85 from source 4f50034a-75b4-4c2d-a6cb-499964ebd3d2 to target c4d3ccbc-bddd-48e4-90bc-e339467c15d1
2023-07-25 18:54:28,572 [main] DEBUG balancer.ContainerBalancerTask (ContainerBalancerTask.java:matchSourceWithTarget(708)) - ContainerBalancer is finding suitable target for source datanode febeeba7-b923-4865-ad1e-c9d2c87db953
2023-07-25 18:54:28,573 [main] INFO  balancer.ContainerBalancerTask (ContainerBalancerTask.java:matchSourceWithTarget(722)) - ContainerBalancer matched source datanode febeeba7-b923-4865-ad1e-c9d2c87db953 with target datanode 056bfb90-4be8-433c-ac1a-986752aaa3eb for container move.
2023-07-25 18:54:28,573 [main] INFO  balancer.ContainerBalancerTask (ContainerBalancerTask.java:processMoveSelection(569)) - ContainerBalancer is trying to move container #88 with size 3221225472B from source datanode febeeba7-b923-4865-ad1e-c9d2c87db953 to target datanode 056bfb90-4be8-433c-ac1a-986752aaa3eb
2023-07-25 18:54:28,573 [main] DEBUG balancer.ContainerBalancerTask (ContainerBalancerTask.java:lambda$moveContainer$3(837)) - Container move completed for container #88 from source febeeba7-b923-4865-ad1e-c9d2c87db953 to target 056bfb90-4be8-433c-ac1a-986752aaa3eb
2023-07-25 18:54:28,575 [main] DEBUG balancer.ContainerBalancerTask (ContainerBalancerTask.java:matchSourceWithTarget(708)) - ContainerBalancer is finding suitable target for source datanode 4f50034a-75b4-4c2d-a6cb-499964ebd3d2
2023-07-25 18:54:28,575 [main] INFO  balancer.ContainerBalancerTask (ContainerBalancerTask.java:matchSourceWithTarget(722)) - ContainerBalancer matched source datanode 4f50034a-75b4-4c2d-a6cb-499964ebd3d2 with target datanode c4d3ccbc-bddd-48e4-90bc-e339467c15d1 for container move.
2023-07-25 18:54:28,575 [main] INFO  balancer.ContainerBalancerTask (ContainerBalancerTask.java:processMoveSelection(569)) - ContainerBalancer is trying to move container #68 with size 5368709120B from source datanode 4f50034a-75b4-4c2d-a6cb-499964ebd3d2 to target datanode c4d3ccbc-bddd-48e4-90bc-e339467c15d1
2023-07-25 18:54:28,575 [main] DEBUG balancer.ContainerBalancerTask (ContainerBalancerTask.java:lambda$moveContainer$3(837)) - Container move completed for container #68 from source 4f50034a-75b4-4c2d-a6cb-499964ebd3d2 to target c4d3ccbc-bddd-48e4-90bc-e339467c15d1
2023-07-25 18:54:28,582 [main] DEBUG balancer.ContainerBalancerTask (ContainerBalancerTask.java:matchSourceWithTarget(708)) - ContainerBalancer is finding suitable target for source datanode febeeba7-b923-4865-ad1e-c9d2c87db953
2023-07-25 18:54:28,582 [main] INFO  balancer.ContainerBalancerTask (ContainerBalancerTask.java:matchSourceWithTarget(722)) - ContainerBalancer matched source datanode febeeba7-b923-4865-ad1e-c9d2c87db953 with target datanode 056bfb90-4be8-433c-ac1a-986752aaa3eb for container move.
2023-07-25 18:54:28,582 [main] INFO  balancer.ContainerBalancerTask (ContainerBalancerTask.java:processMoveSelection(569)) - ContainerBalancer is trying to move container #71 with size 3221225472B from source datanode febeeba7-b923-4865-ad1e-c9d2c87db953 to target datanode 056bfb90-4be8-433c-ac1a-986752aaa3eb
2023-07-25 18:54:28,582 [main] DEBUG balancer.ContainerBalancerTask (ContainerBalancerTask.java:lambda$moveContainer$3(837)) - Container move completed for container #71 from source febeeba7-b923-4865-ad1e-c9d2c87db953 to target 056bfb90-4be8-433c-ac1a-986752aaa3eb
2023-07-25 18:54:28,585 [main] DEBUG balancer.ContainerBalancerTask (ContainerBalancerTask.java:matchSourceWithTarget(708)) - ContainerBalancer is finding suitable target for source datanode f567f802-00a5-4ded-98c6-a7ae94c3340a
2023-07-25 18:54:28,585 [main] INFO  balancer.ContainerBalancerTask (ContainerBalancerTask.java:matchSourceWithTarget(722)) - ContainerBalancer matched source datanode f567f802-00a5-4ded-98c6-a7ae94c3340a with target datanode 056bfb90-4be8-433c-ac1a-986752aaa3eb for container move.
2023-07-25 18:54:28,586 [main] INFO  balancer.ContainerBalancerTask (ContainerBalancerTask.java:processMoveSelection(569)) - ContainerBalancer is trying to move container #40 with size 5368709120B from source datanode f567f802-00a5-4ded-98c6-a7ae94c3340a to target datanode 056bfb90-4be8-433c-ac1a-986752aaa3eb
2023-07-25 18:54:28,586 [main] DEBUG balancer.ContainerBalancerTask (ContainerBalancerTask.java:lambda$moveContainer$3(837)) - Container move completed for container #40 from source f567f802-00a5-4ded-98c6-a7ae94c3340a to target 056bfb90-4be8-433c-ac1a-986752aaa3eb
2023-07-25 18:54:28,588 [main] DEBUG balancer.ContainerBalancerTask (ContainerBalancerTask.java:matchSourceWithTarget(708)) - ContainerBalancer is finding suitable target for source datanode febeeba7-b923-4865-ad1e-c9d2c87db953
2023-07-25 18:54:28,589 [main] INFO  balancer.ContainerBalancerTask (ContainerBalancerTask.java:matchSourceWithTarget(722)) - ContainerBalancer matched source datanode febeeba7-b923-4865-ad1e-c9d2c87db953 with target datanode 056bfb90-4be8-433c-ac1a-986752aaa3eb for container move.
2023-07-25 18:54:28,589 [main] INFO  balancer.ContainerBalancerTask (ContainerBalancerTask.java:processMoveSelection(569)) - ContainerBalancer is trying to move container #66 with size 3221225472B from source datanode febeeba7-b923-4865-ad1e-c9d2c87db953 to target datanode 056bfb90-4be8-433c-ac1a-986752aaa3eb
2023-07-25 18:54:28,589 [main] DEBUG balancer.ContainerBalancerTask (ContainerBalancerTask.java:lambda$moveContainer$3(837)) - Container move completed for container #66 from source febeeba7-b923-4865-ad1e-c9d2c87db953 to target 056bfb90-4be8-433c-ac1a-986752aaa3eb
2023-07-25 18:54:28,591 [main] DEBUG balancer.ContainerBalancerTask (ContainerBalancerTask.java:matchSourceWithTarget(708)) - ContainerBalancer is finding suitable target for source datanode 4f50034a-75b4-4c2d-a6cb-499964ebd3d2
2023-07-25 18:54:28,592 [main] INFO  balancer.ContainerBalancerTask (ContainerBalancerTask.java:matchSourceWithTarget(722)) - ContainerBalancer matched source datanode 4f50034a-75b4-4c2d-a6cb-499964ebd3d2 with target datanode 056bfb90-4be8-433c-ac1a-986752aaa3eb for container move.
2023-07-25 18:54:28,592 [main] INFO  balancer.ContainerBalancerTask (ContainerBalancerTask.java:processMoveSelection(569)) - ContainerBalancer is trying to move container #89 with size 4294967296B from source datanode 4f50034a-75b4-4c2d-a6cb-499964ebd3d2 to target datanode 056bfb90-4be8-433c-ac1a-986752aaa3eb
2023-07-25 18:54:28,592 [main] DEBUG balancer.ContainerBalancerTask (ContainerBalancerTask.java:lambda$moveContainer$3(837)) - Container move completed for container #89 from source 4f50034a-75b4-4c2d-a6cb-499964ebd3d2 to target 056bfb90-4be8-433c-ac1a-986752aaa3eb
2023-07-25 18:54:28,595 [main] DEBUG balancer.ContainerBalancerTask (ContainerBalancerTask.java:matchSourceWithTarget(708)) - ContainerBalancer is finding suitable target for source datanode febeeba7-b923-4865-ad1e-c9d2c87db953
2023-07-25 18:54:28,595 [main] INFO  balancer.ContainerBalancerTask (ContainerBalancerTask.java:matchSourceWithTarget(722)) - ContainerBalancer matched source datanode febeeba7-b923-4865-ad1e-c9d2c87db953 with target datanode 056bfb90-4be8-433c-ac1a-986752aaa3eb for container move.
2023-07-25 18:54:28,595 [main] INFO  balancer.ContainerBalancerTask (ContainerBalancerTask.java:processMoveSelection(569)) - ContainerBalancer is trying to move container #18 with size 3221225472B from source datanode febeeba7-b923-4865-ad1e-c9d2c87db953 to target datanode 056bfb90-4be8-433c-ac1a-986752aaa3eb
2023-07-25 18:54:28,596 [main] DEBUG balancer.ContainerBalancerTask (ContainerBalancerTask.java:lambda$moveContainer$3(837)) - Container move completed for container #18 from source febeeba7-b923-4865-ad1e-c9d2c87db953 to target 056bfb90-4be8-433c-ac1a-986752aaa3eb
2023-07-25 18:54:28,598 [main] DEBUG balancer.ContainerBalancerTask (ContainerBalancerTask.java:matchSourceWithTarget(708)) - ContainerBalancer is finding suitable target for source datanode 4f50034a-75b4-4c2d-a6cb-499964ebd3d2
2023-07-25 18:54:28,598 [main] INFO  balancer.ContainerBalancerTask (ContainerBalancerTask.java:matchSourceWithTarget(722)) - ContainerBalancer matched source datanode 4f50034a-75b4-4c2d-a6cb-499964ebd3d2 with target datanode 056bfb90-4be8-433c-ac1a-986752aaa3eb for container move.
2023-07-25 18:54:28,598 [main] INFO  balancer.ContainerBalancerTask (ContainerBalancerTask.java:processMoveSelection(569)) - ContainerBalancer is trying to move container #84 with size 4294967296B from source datanode 4f50034a-75b4-4c2d-a6cb-499964ebd3d2 to target datanode 056bfb90-4be8-433c-ac1a-986752aaa3eb
2023-07-25 18:54:28,599 [main] DEBUG balancer.ContainerBalancerTask (ContainerBalancerTask.java:lambda$moveContainer$3(837)) - Container move completed for container #84 from source 4f50034a-75b4-4c2d-a6cb-499964ebd3d2 to target 056bfb90-4be8-433c-ac1a-986752aaa3eb
2023-07-25 18:54:28,602 [main] DEBUG balancer.ContainerBalancerTask (ContainerBalancerTask.java:matchSourceWithTarget(708)) - ContainerBalancer is finding suitable target for source datanode f567f802-00a5-4ded-98c6-a7ae94c3340a
2023-07-25 18:54:28,602 [main] INFO  balancer.ContainerBalancerTask (ContainerBalancerTask.java:matchSourceWithTarget(722)) - ContainerBalancer matched source datanode f567f802-00a5-4ded-98c6-a7ae94c3340a with target datanode 056bfb90-4be8-433c-ac1a-986752aaa3eb for container move.
2023-07-25 18:54:28,602 [main] INFO  balancer.ContainerBalancerTask (ContainerBalancerTask.java:processMoveSelection(569)) - ContainerBalancer is trying to move container #52 with size 4294967296B from source datanode f567f802-00a5-4ded-98c6-a7ae94c3340a to target datanode 056bfb90-4be8-433c-ac1a-986752aaa3eb
2023-07-25 18:54:28,602 [main] DEBUG balancer.ContainerBalancerTask (ContainerBalancerTask.java:lambda$moveContainer$3(837)) - Container move completed for container #52 from source f567f802-00a5-4ded-98c6-a7ae94c3340a to target 056bfb90-4be8-433c-ac1a-986752aaa3eb
2023-07-25 18:54:28,606 [main] DEBUG balancer.ContainerBalancerTask (ContainerBalancerTask.java:matchSourceWithTarget(708)) - ContainerBalancer is finding suitable target for source datanode aeeccbb3-1414-41c1-a6a4-102a874b451a
2023-07-25 18:54:28,606 [main] INFO  balancer.ContainerBalancerTask (ContainerBalancerTask.java:matchSourceWithTarget(722)) - ContainerBalancer matched source datanode aeeccbb3-1414-41c1-a6a4-102a874b451a with target datanode 056bfb90-4be8-433c-ac1a-986752aaa3eb for container move.
2023-07-25 18:54:28,606 [main] INFO  balancer.ContainerBalancerTask (ContainerBalancerTask.java:processMoveSelection(569)) - ContainerBalancer is trying to move container #39 with size 4294967296B from source datanode aeeccbb3-1414-41c1-a6a4-102a874b451a to target datanode 056bfb90-4be8-433c-ac1a-986752aaa3eb
2023-07-25 18:54:28,607 [main] DEBUG balancer.ContainerBalancerTask (ContainerBalancerTask.java:lambda$moveContainer$3(837)) - Container move completed for container #39 from source aeeccbb3-1414-41c1-a6a4-102a874b451a to target 056bfb90-4be8-433c-ac1a-986752aaa3eb
2023-07-25 18:54:28,610 [main] DEBUG balancer.ContainerBalancerTask (ContainerBalancerTask.java:matchSourceWithTarget(708)) - ContainerBalancer is finding suitable target for source datanode febeeba7-b923-4865-ad1e-c9d2c87db953
2023-07-25 18:54:28,610 [main] INFO  balancer.ContainerBalancerTask (ContainerBalancerTask.java:matchSourceWithTarget(722)) - ContainerBalancer matched source datanode febeeba7-b923-4865-ad1e-c9d2c87db953 with target datanode 056bfb90-4be8-433c-ac1a-986752aaa3eb for container move.
2023-07-25 18:54:28,610 [main] INFO  balancer.ContainerBalancerTask (ContainerBalancerTask.java:processMoveSelection(569)) - ContainerBalancer is trying to move container #82 with size 2147483648B from source datanode febeeba7-b923-4865-ad1e-c9d2c87db953 to target datanode 056bfb90-4be8-433c-ac1a-986752aaa3eb
2023-07-25 18:54:28,610 [main] DEBUG balancer.ContainerBalancerTask (ContainerBalancerTask.java:lambda$moveContainer$3(837)) - Container move completed for container #82 from source febeeba7-b923-4865-ad1e-c9d2c87db953 to target 056bfb90-4be8-433c-ac1a-986752aaa3eb
2023-07-25 18:54:28,614 [main] DEBUG balancer.ContainerBalancerTask (ContainerBalancerTask.java:matchSourceWithTarget(708)) - ContainerBalancer is finding suitable target for source datanode aeeccbb3-1414-41c1-a6a4-102a874b451a
2023-07-25 18:54:28,614 [main] INFO  balancer.ContainerBalancerTask (ContainerBalancerTask.java:matchSourceWithTarget(722)) - ContainerBalancer matched source datanode aeeccbb3-1414-41c1-a6a4-102a874b451a with target datanode 056bfb90-4be8-433c-ac1a-986752aaa3eb for container move.
2023-07-25 18:54:28,615 [main] INFO  balancer.ContainerBalancerTask (ContainerBalancerTask.java:processMoveSelection(569)) - ContainerBalancer is trying to move container #83 with size 3221225472B from source datanode aeeccbb3-1414-41c1-a6a4-102a874b451a to target datanode 056bfb90-4be8-433c-ac1a-986752aaa3eb
2023-07-25 18:54:28,615 [main] DEBUG balancer.ContainerBalancerTask (ContainerBalancerTask.java:lambda$moveContainer$3(837)) - Container move completed for container #83 from source aeeccbb3-1414-41c1-a6a4-102a874b451a to target 056bfb90-4be8-433c-ac1a-986752aaa3eb
2023-07-25 18:54:28,618 [main] DEBUG balancer.ContainerBalancerTask (ContainerBalancerTask.java:matchSourceWithTarget(708)) - ContainerBalancer is finding suitable target for source datanode febeeba7-b923-4865-ad1e-c9d2c87db953
2023-07-25 18:54:28,618 [main] INFO  balancer.ContainerBalancerTask (ContainerBalancerTask.java:matchSourceWithTarget(722)) - ContainerBalancer matched source datanode febeeba7-b923-4865-ad1e-c9d2c87db953 with target datanode c4d3ccbc-bddd-48e4-90bc-e339467c15d1 for container move.
2023-07-25 18:54:28,618 [main] INFO  balancer.ContainerBalancerTask (ContainerBalancerTask.java:processMoveSelection(569)) - ContainerBalancer is trying to move container #70 with size 2147483648B from source datanode febeeba7-b923-4865-ad1e-c9d2c87db953 to target datanode c4d3ccbc-bddd-48e4-90bc-e339467c15d1
2023-07-25 18:54:28,618 [main] DEBUG balancer.ContainerBalancerTask (ContainerBalancerTask.java:lambda$moveContainer$3(837)) - Container move completed for container #70 from source febeeba7-b923-4865-ad1e-c9d2c87db953 to target c4d3ccbc-bddd-48e4-90bc-e339467c15d1
2023-07-25 18:54:28,619 [main] WARN  balancer.ContainerBalancerTask (ContainerBalancerTask.java:reachedMaxSizeToMovePerIteration(733)) - Reached max size to move limit. 53687091200 bytes have already been scheduled for balancing and the limit is 53687091200 bytes.
2023-07-25 18:54:28,619 [main] INFO  balancer.ContainerBalancerTask (ContainerBalancerTask.java:checkIterationMoveResults(642)) - Iteration Summary. Number of Datanodes involved: 6. Size moved: 50 GB (53687091200 Bytes). Number of Container moves completed: 14.
2023-07-25 18:54:28,619 [main] INFO  balancer.ContainerBalancerTask (ContainerBalancerTask.java:balance(259)) - Result of this iteration of Container Balancer: ITERATION_COMPLETED
2023-07-25 18:54:28,619 [main] INFO  balancer.ContainerBalancerTask (ContainerBalancerTask.java:tryStopWithSaveConfiguration(308)) - Save Configuration for stopping. Reason: Completed all iterations.
2023-07-25 18:54:28,620 [main] DEBUG balancer.ContainerBalancerTask (ContainerBalancerTask.java:initializeIteration(374)) - Average utilization of the cluster is 0.3156055222234002
2023-07-25 18:54:28,620 [main] DEBUG balancer.ContainerBalancerTask (ContainerBalancerTask.java:initializeIteration(386)) - Lower limit for utilization is 0.056352647332041594 and Upper limit for utilization is 0.5748583971147588
2023-07-25 18:54:28,620 [main] DEBUG balancer.ContainerBalancerTask (ContainerBalancerTask.java:initializeIteration(398)) - Utilization for node 4f50034a-75b4-4c2d-a6cb-499964ebd3d2 with capacity 51300998257B, used 46170898432B, and remaining 5130099825B is 0.900000000013645
2023-07-25 18:54:28,620 [main] DEBUG balancer.ContainerBalancerTask (ContainerBalancerTask.java:initializeIteration(398)) - Utilization for node febeeba7-b923-4865-ad1e-c9d2c87db953 with capacity 59055800320B, used 47244640256B, and remaining 11811160064B is 0.8
2023-07-25 18:54:28,620 [main] DEBUG balancer.ContainerBalancerTask (ContainerBalancerTask.java:initializeIteration(398)) - Utilization for node f567f802-00a5-4ded-98c6-a7ae94c3340a with capacity 56754924982B, used 39728447488B, and remaining 17026477494B is 0.7000000000105717
2023-07-25 18:54:28,620 [main] DEBUG balancer.ContainerBalancerTask (ContainerBalancerTask.java:initializeIteration(398)) - Utilization for node aeeccbb3-1414-41c1-a6a4-102a874b451a with capacity 78741067093B, used 47244640256B, and remaining 31496426837B is 0.60000000000254
2023-07-25 18:54:28,620 [main] DEBUG balancer.ContainerBalancerTask (ContainerBalancerTask.java:initializeIteration(398)) - Utilization for node ad10ee04-68bb-4b66-9072-13d3587588f5 with capacity 77309411328B, used 38654705664B, and remaining 38654705664B is 0.5
2023-07-25 18:54:28,620 [main] DEBUG balancer.ContainerBalancerTask (ContainerBalancerTask.java:initializeIteration(398)) - Utilization for node 906155a4-1f78-4e66-8a37-e7f244b863db with capacity 75161927680B, used 30064771072B, and remaining 45097156608B is 0.4
2023-07-25 18:54:28,621 [main] DEBUG balancer.ContainerBalancerTask (ContainerBalancerTask.java:initializeIteration(398)) - Utilization for node abe908e0-ec37-4cce-924f-463e25c3270a with capacity 150323855360B, used 45097156608B, and remaining 105226698752B is 0.3
2023-07-25 18:54:28,621 [main] DEBUG balancer.ContainerBalancerTask (ContainerBalancerTask.java:initializeIteration(398)) - Utilization for node 5380d800-8fce-4a63-b11f-8b1055d91157 with capacity 182536110080B, used 36507222016B, and remaining 146028888064B is 0.2
2023-07-25 18:54:28,621 [main] DEBUG balancer.ContainerBalancerTask (ContainerBalancerTask.java:initializeIteration(398)) - Utilization for node 056bfb90-4be8-433c-ac1a-986752aaa3eb with capacity 386547056640B, used 38654705664B, and remaining 347892350976B is 0.1
2023-07-25 18:54:28,621 [main] DEBUG balancer.ContainerBalancerTask (ContainerBalancerTask.java:initializeIteration(398)) - Utilization for node c4d3ccbc-bddd-48e4-90bc-e339467c15d1 with capacity 52613349376B, used 0B, and remaining 52613349376B is 0.0
2023-07-25 18:54:28,621 [main] INFO  balancer.ContainerBalancerTask (ContainerBalancerTask.java:initializeIteration(447)) - Container Balancer has identified 4 Over-Utilized and 1 Under-Utilized Datanodes that need to be balanced.
2023-07-25 18:54:28,621 [main] DEBUG balancer.ContainerBalancerTask (ContainerBalancerTask.java:lambda$initializeIteration$1(453)) - Datanode localhost-68.254.123.214 4f50034a-75b4-4c2d-a6cb-499964ebd3d2 is Over-Utilized.
2023-07-25 18:54:28,621 [main] DEBUG balancer.ContainerBalancerTask (ContainerBalancerTask.java:lambda$initializeIteration$1(453)) - Datanode localhost-72.76.193.140 febeeba7-b923-4865-ad1e-c9d2c87db953 is Over-Utilized.
2023-07-25 18:54:28,621 [main] DEBUG balancer.ContainerBalancerTask (ContainerBalancerTask.java:lambda$initializeIteration$1(453)) - Datanode localhost-157.195.1.111 f567f802-00a5-4ded-98c6-a7ae94c3340a is Over-Utilized.
2023-07-25 18:54:28,621 [main] DEBUG balancer.ContainerBalancerTask (ContainerBalancerTask.java:lambda$initializeIteration$1(453)) - Datanode localhost-189.238.33.126 aeeccbb3-1414-41c1-a6a4-102a874b451a is Over-Utilized.
2023-07-25 18:54:28,621 [main] DEBUG balancer.ContainerBalancerTask (ContainerBalancerTask.java:lambda$initializeIteration$2(459)) - Datanode localhost-99.255.28.30 c4d3ccbc-bddd-48e4-90bc-e339467c15d1 is Under-Utilized.
2023-07-25 18:54:28,624 [main] DEBUG balancer.ContainerBalancerTask (ContainerBalancerTask.java:matchSourceWithTarget(708)) - ContainerBalancer is finding suitable target for source datanode 4f50034a-75b4-4c2d-a6cb-499964ebd3d2
2023-07-25 18:54:28,624 [main] INFO  balancer.ContainerBalancerTask (ContainerBalancerTask.java:matchSourceWithTarget(722)) - ContainerBalancer matched source datanode 4f50034a-75b4-4c2d-a6cb-499964ebd3d2 with target datanode c4d3ccbc-bddd-48e4-90bc-e339467c15d1 for container move.
2023-07-25 18:54:28,624 [main] INFO  balancer.ContainerBalancerTask (ContainerBalancerTask.java:processMoveSelection(569)) - ContainerBalancer is trying to move container #85 with size 5368709120B from source datanode 4f50034a-75b4-4c2d-a6cb-499964ebd3d2 to target datanode c4d3ccbc-bddd-48e4-90bc-e339467c15d1
2023-07-25 18:54:28,624 [main] DEBUG balancer.ContainerBalancerTask (ContainerBalancerTask.java:lambda$moveContainer$3(837)) - Container move completed for container #85 from source 4f50034a-75b4-4c2d-a6cb-499964ebd3d2 to target c4d3ccbc-bddd-48e4-90bc-e339467c15d1
2023-07-25 18:54:28,627 [main] DEBUG balancer.ContainerBalancerTask (ContainerBalancerTask.java:matchSourceWithTarget(708)) - ContainerBalancer is finding suitable target for source datanode febeeba7-b923-4865-ad1e-c9d2c87db953
2023-07-25 18:54:28,627 [main] INFO  balancer.ContainerBalancerTask (ContainerBalancerTask.java:matchSourceWithTarget(722)) - ContainerBalancer matched source datanode febeeba7-b923-4865-ad1e-c9d2c87db953 with target datanode c4d3ccbc-bddd-48e4-90bc-e339467c15d1 for container move.
2023-07-25 18:54:28,627 [main] INFO  balancer.ContainerBalancerTask (ContainerBalancerTask.java:processMoveSelection(569)) - ContainerBalancer is trying to move container #68 with size 5368709120B from source datanode febeeba7-b923-4865-ad1e-c9d2c87db953 to target datanode c4d3ccbc-bddd-48e4-90bc-e339467c15d1
2023-07-25 18:54:28,627 [main] DEBUG balancer.ContainerBalancerTask (ContainerBalancerTask.java:lambda$moveContainer$3(837)) - Container move completed for container #68 from source febeeba7-b923-4865-ad1e-c9d2c87db953 to target c4d3ccbc-bddd-48e4-90bc-e339467c15d1
2023-07-25 18:54:28,629 [main] DEBUG balancer.ContainerBalancerTask (ContainerBalancerTask.java:matchSourceWithTarget(708)) - ContainerBalancer is finding suitable target for source datanode 4f50034a-75b4-4c2d-a6cb-499964ebd3d2
2023-07-25 18:54:28,630 [main] INFO  balancer.ContainerBalancerTask (ContainerBalancerTask.java:matchSourceWithTarget(722)) - ContainerBalancer matched source datanode 4f50034a-75b4-4c2d-a6cb-499964ebd3d2 with target datanode c4d3ccbc-bddd-48e4-90bc-e339467c15d1 for container move.
2023-07-25 18:54:28,630 [main] INFO  balancer.ContainerBalancerTask (ContainerBalancerTask.java:processMoveSelection(569)) - ContainerBalancer is trying to move container #89 with size 4294967296B from source datanode 4f50034a-75b4-4c2d-a6cb-499964ebd3d2 to target datanode c4d3ccbc-bddd-48e4-90bc-e339467c15d1
2023-07-25 18:54:28,630 [main] DEBUG balancer.ContainerBalancerTask (ContainerBalancerTask.java:lambda$moveContainer$3(837)) - Container move completed for container #89 from source 4f50034a-75b4-4c2d-a6cb-499964ebd3d2 to target c4d3ccbc-bddd-48e4-90bc-e339467c15d1
2023-07-25 18:54:28,632 [main] DEBUG balancer.ContainerBalancerTask (ContainerBalancerTask.java:matchSourceWithTarget(708)) - ContainerBalancer is finding suitable target for source datanode 4f50034a-75b4-4c2d-a6cb-499964ebd3d2
2023-07-25 18:54:28,632 [main] INFO  balancer.ContainerBalancerTask (ContainerBalancerTask.java:matchSourceWithTarget(722)) - ContainerBalancer matched source datanode 4f50034a-75b4-4c2d-a6cb-499964ebd3d2 with target datanode c4d3ccbc-bddd-48e4-90bc-e339467c15d1 for container move.
2023-07-25 18:54:28,632 [main] INFO  balancer.ContainerBalancerTask (ContainerBalancerTask.java:processMoveSelection(569)) - ContainerBalancer is trying to move container #84 with size 4294967296B from source datanode 4f50034a-75b4-4c2d-a6cb-499964ebd3d2 to target datanode c4d3ccbc-bddd-48e4-90bc-e339467c15d1
2023-07-25 18:54:28,633 [main] DEBUG balancer.ContainerBalancerTask (ContainerBalancerTask.java:lambda$moveContainer$3(837)) - Container move completed for container #84 from source 4f50034a-75b4-4c2d-a6cb-499964ebd3d2 to target c4d3ccbc-bddd-48e4-90bc-e339467c15d1
2023-07-25 18:54:28,635 [main] DEBUG balancer.ContainerBalancerTask (ContainerBalancerTask.java:matchSourceWithTarget(708)) - ContainerBalancer is finding suitable target for source datanode febeeba7-b923-4865-ad1e-c9d2c87db953
2023-07-25 18:54:28,635 [main] INFO  balancer.ContainerBalancerTask (ContainerBalancerTask.java:matchSourceWithTarget(722)) - ContainerBalancer matched source datanode febeeba7-b923-4865-ad1e-c9d2c87db953 with target datanode c4d3ccbc-bddd-48e4-90bc-e339467c15d1 for container move.
2023-07-25 18:54:28,636 [main] INFO  balancer.ContainerBalancerTask (ContainerBalancerTask.java:processMoveSelection(569)) - ContainerBalancer is trying to move container #53 with size 5368709120B from source datanode febeeba7-b923-4865-ad1e-c9d2c87db953 to target datanode c4d3ccbc-bddd-48e4-90bc-e339467c15d1
2023-07-25 18:54:28,636 [main] DEBUG balancer.ContainerBalancerTask (ContainerBalancerTask.java:lambda$moveContainer$3(837)) - Container move completed for container #53 from source febeeba7-b923-4865-ad1e-c9d2c87db953 to target c4d3ccbc-bddd-48e4-90bc-e339467c15d1
2023-07-25 18:54:28,638 [main] DEBUG balancer.ContainerBalancerTask (ContainerBalancerTask.java:matchSourceWithTarget(708)) - ContainerBalancer is finding suitable target for source datanode f567f802-00a5-4ded-98c6-a7ae94c3340a
2023-07-25 18:54:28,638 [main] INFO  balancer.ContainerBalancerTask (ContainerBalancerTask.java:matchSourceWithTarget(722)) - ContainerBalancer matched source datanode f567f802-00a5-4ded-98c6-a7ae94c3340a with target datanode c4d3ccbc-bddd-48e4-90bc-e339467c15d1 for container move.
2023-07-25 18:54:28,639 [main] INFO  balancer.ContainerBalancerTask (ContainerBalancerTask.java:processMoveSelection(569)) - ContainerBalancer is trying to move container #40 with size 5368709120B from source datanode f567f802-00a5-4ded-98c6-a7ae94c3340a to target datanode c4d3ccbc-bddd-48e4-90bc-e339467c15d1
2023-07-25 18:54:28,639 [main] DEBUG balancer.ContainerBalancerTask (ContainerBalancerTask.java:lambda$moveContainer$3(837)) - Container move completed for container #40 from source f567f802-00a5-4ded-98c6-a7ae94c3340a to target c4d3ccbc-bddd-48e4-90bc-e339467c15d1
2023-07-25 18:54:28,641 [main] DEBUG balancer.ContainerBalancerTask (ContainerBalancerTask.java:matchSourceWithTarget(708)) - ContainerBalancer is finding suitable target for source datanode 4f50034a-75b4-4c2d-a6cb-499964ebd3d2
2023-07-25 18:54:28,642 [main] INFO  balancer.FindTargetGreedyByUsageInfo (AbstractFindTargetGreedy.java:findTargetForContainerMove(133)) - Container Balancer could not find a target for source datanode 4f50034a-75b4-4c2d-a6cb-499964ebd3d2
2023-07-25 18:54:28,642 [main] DEBUG balancer.ContainerBalancerTask (ContainerBalancerTask.java:matchSourceWithTarget(717)) - ContainerBalancer could not find a suitable target for source node 4f50034a-75b4-4c2d-a6cb-499964ebd3d2.
2023-07-25 18:54:28,645 [main] DEBUG balancer.ContainerBalancerTask (ContainerBalancerTask.java:matchSourceWithTarget(708)) - ContainerBalancer is finding suitable target for source datanode febeeba7-b923-4865-ad1e-c9d2c87db953
2023-07-25 18:54:28,645 [main] INFO  balancer.FindTargetGreedyByUsageInfo (AbstractFindTargetGreedy.java:findTargetForContainerMove(133)) - Container Balancer could not find a target for source datanode febeeba7-b923-4865-ad1e-c9d2c87db953
2023-07-25 18:54:28,646 [main] DEBUG balancer.ContainerBalancerTask (ContainerBalancerTask.java:matchSourceWithTarget(717)) - ContainerBalancer could not find a suitable target for source node febeeba7-b923-4865-ad1e-c9d2c87db953.
2023-07-25 18:54:28,648 [main] DEBUG balancer.ContainerBalancerTask (ContainerBalancerTask.java:matchSourceWithTarget(708)) - ContainerBalancer is finding suitable target for source datanode f567f802-00a5-4ded-98c6-a7ae94c3340a
2023-07-25 18:54:28,649 [main] INFO  balancer.FindTargetGreedyByUsageInfo (AbstractFindTargetGreedy.java:findTargetForContainerMove(133)) - Container Balancer could not find a target for source datanode f567f802-00a5-4ded-98c6-a7ae94c3340a
2023-07-25 18:54:28,649 [main] DEBUG balancer.ContainerBalancerTask (ContainerBalancerTask.java:matchSourceWithTarget(717)) - ContainerBalancer could not find a suitable target for source node f567f802-00a5-4ded-98c6-a7ae94c3340a.
2023-07-25 18:54:28,652 [main] DEBUG balancer.ContainerBalancerTask (ContainerBalancerTask.java:matchSourceWithTarget(708)) - ContainerBalancer is finding suitable target for source datanode aeeccbb3-1414-41c1-a6a4-102a874b451a
2023-07-25 18:54:28,653 [main] INFO  balancer.FindTargetGreedyByUsageInfo (AbstractFindTargetGreedy.java:findTargetForContainerMove(133)) - Container Balancer could not find a target for source datanode aeeccbb3-1414-41c1-a6a4-102a874b451a
2023-07-25 18:54:28,653 [main] DEBUG balancer.ContainerBalancerTask (ContainerBalancerTask.java:matchSourceWithTarget(717)) - ContainerBalancer could not find a suitable target for source node aeeccbb3-1414-41c1-a6a4-102a874b451a.
2023-07-25 18:54:28,653 [main] INFO  balancer.FindSourceGreedy (FindSourceGreedy.java:getNextCandidateSourceDataNode(126)) - no more candidate source data node
2023-07-25 18:54:28,653 [main] INFO  balancer.ContainerBalancerTask (ContainerBalancerTask.java:checkIterationMoveResults(642)) - Iteration Summary. Number of Datanodes involved: 4. Size moved: 28 GB (30064771072 Bytes). Number of Container moves completed: 6.
2023-07-25 18:54:28,653 [main] INFO  balancer.ContainerBalancerTask (ContainerBalancerTask.java:balance(259)) - Result of this iteration of Container Balancer: ITERATION_COMPLETED
2023-07-25 18:54:28,654 [main] INFO  balancer.ContainerBalancerTask (ContainerBalancerTask.java:tryStopWithSaveConfiguration(308)) - Save Configuration for stopping. Reason: Completed all iterations.
2023-07-25 18:54:28,654 [main] DEBUG balancer.ContainerBalancerTask (ContainerBalancerTask.java:initializeIteration(374)) - Average utilization of the cluster is 0.3156055222234002
2023-07-25 18:54:28,655 [main] DEBUG balancer.ContainerBalancerTask (ContainerBalancerTask.java:initializeIteration(386)) - Lower limit for utilization is -0.49737045610410935 and Upper limit for utilization is 1.1285815005509097
2023-07-25 18:54:28,655 [main] DEBUG balancer.ContainerBalancerTask (ContainerBalancerTask.java:initializeIteration(398)) - Utilization for node 4f50034a-75b4-4c2d-a6cb-499964ebd3d2 with capacity 51300998257B, used 46170898432B, and remaining 5130099825B is 0.900000000013645
2023-07-25 18:54:28,655 [main] DEBUG balancer.ContainerBalancerTask (ContainerBalancerTask.java:initializeIteration(398)) - Utilization for node febeeba7-b923-4865-ad1e-c9d2c87db953 with capacity 59055800320B, used 47244640256B, and remaining 11811160064B is 0.8
2023-07-25 18:54:28,655 [main] DEBUG balancer.ContainerBalancerTask (ContainerBalancerTask.java:initializeIteration(398)) - Utilization for node f567f802-00a5-4ded-98c6-a7ae94c3340a with capacity 56754924982B, used 39728447488B, and remaining 17026477494B is 0.7000000000105717
2023-07-25 18:54:28,655 [main] DEBUG balancer.ContainerBalancerTask (ContainerBalancerTask.java:initializeIteration(398)) - Utilization for node aeeccbb3-1414-41c1-a6a4-102a874b451a with capacity 78741067093B, used 47244640256B, and remaining 31496426837B is 0.60000000000254
2023-07-25 18:54:28,655 [main] DEBUG balancer.ContainerBalancerTask (ContainerBalancerTask.java:initializeIteration(398)) - Utilization for node ad10ee04-68bb-4b66-9072-13d3587588f5 with capacity 77309411328B, used 38654705664B, and remaining 38654705664B is 0.5
2023-07-25 18:54:28,655 [main] DEBUG balancer.ContainerBalancerTask (ContainerBalancerTask.java:initializeIteration(398)) - Utilization for node 906155a4-1f78-4e66-8a37-e7f244b863db with capacity 75161927680B, used 30064771072B, and remaining 45097156608B is 0.4
2023-07-25 18:54:28,655 [main] DEBUG balancer.ContainerBalancerTask (ContainerBalancerTask.java:initializeIteration(398)) - Utilization for node abe908e0-ec37-4cce-924f-463e25c3270a with capacity 150323855360B, used 45097156608B, and remaining 105226698752B is 0.3
2023-07-25 18:54:28,655 [main] DEBUG balancer.ContainerBalancerTask (ContainerBalancerTask.java:initializeIteration(398)) - Utilization for node 5380d800-8fce-4a63-b11f-8b1055d91157 with capacity 182536110080B, used 36507222016B, and remaining 146028888064B is 0.2
2023-07-25 18:54:28,655 [main] DEBUG balancer.ContainerBalancerTask (ContainerBalancerTask.java:initializeIteration(398)) - Utilization for node 056bfb90-4be8-433c-ac1a-986752aaa3eb with capacity 386547056640B, used 38654705664B, and remaining 347892350976B is 0.1
2023-07-25 18:54:28,656 [main] DEBUG balancer.ContainerBalancerTask (ContainerBalancerTask.java:initializeIteration(398)) - Utilization for node c4d3ccbc-bddd-48e4-90bc-e339467c15d1 with capacity 52613349376B, used 0B, and remaining 52613349376B is 0.0
2023-07-25 18:54:28,656 [main] INFO  balancer.ContainerBalancerTask (ContainerBalancerTask.java:initializeIteration(443)) - Did not find any unbalanced Datanodes.
2023-07-25 18:54:28,656 [main] INFO  balancer.ContainerBalancerTask (ContainerBalancerTask.java:tryStopWithSaveConfiguration(308)) - Save Configuration for stopping. Reason: Could not initialize ContainerBalancer's iteration number 0
2023-07-25 18:54:28,656 [main] DEBUG balancer.ContainerBalancerTask (ContainerBalancerTask.java:initializeIteration(374)) - Average utilization of the cluster is 0.3156055222234002
2023-07-25 18:54:28,657 [main] DEBUG balancer.ContainerBalancerTask (ContainerBalancerTask.java:initializeIteration(386)) - Lower limit for utilization is 0.06750303959331472 and Upper limit for utilization is 0.5637080048534857
2023-07-25 18:54:28,657 [main] DEBUG balancer.ContainerBalancerTask (ContainerBalancerTask.java:initializeIteration(398)) - Utilization for node 4f50034a-75b4-4c2d-a6cb-499964ebd3d2 with capacity 51300998257B, used 46170898432B, and remaining 5130099825B is 0.900000000013645
2023-07-25 18:54:28,657 [main] DEBUG balancer.ContainerBalancerTask (ContainerBalancerTask.java:initializeIteration(398)) - Utilization for node febeeba7-b923-4865-ad1e-c9d2c87db953 with capacity 59055800320B, used 47244640256B, and remaining 11811160064B is 0.8
2023-07-25 18:54:28,657 [main] DEBUG balancer.ContainerBalancerTask (ContainerBalancerTask.java:initializeIteration(398)) - Utilization for node f567f802-00a5-4ded-98c6-a7ae94c3340a with capacity 56754924982B, used 39728447488B, and remaining 17026477494B is 0.7000000000105717
2023-07-25 18:54:28,657 [main] DEBUG balancer.ContainerBalancerTask (ContainerBalancerTask.java:initializeIteration(398)) - Utilization for node aeeccbb3-1414-41c1-a6a4-102a874b451a with capacity 78741067093B, used 47244640256B, and remaining 31496426837B is 0.60000000000254
2023-07-25 18:54:28,657 [main] DEBUG balancer.ContainerBalancerTask (ContainerBalancerTask.java:initializeIteration(398)) - Utilization for node ad10ee04-68bb-4b66-9072-13d3587588f5 with capacity 77309411328B, used 38654705664B, and remaining 38654705664B is 0.5
2023-07-25 18:54:28,657 [main] DEBUG balancer.ContainerBalancerTask (ContainerBalancerTask.java:initializeIteration(398)) - Utilization for node 906155a4-1f78-4e66-8a37-e7f244b863db with capacity 75161927680B, used 30064771072B, and remaining 45097156608B is 0.4
2023-07-25 18:54:28,657 [main] DEBUG balancer.ContainerBalancerTask (ContainerBalancerTask.java:initializeIteration(398)) - Utilization for node abe908e0-ec37-4cce-924f-463e25c3270a with capacity 150323855360B, used 45097156608B, and remaining 105226698752B is 0.3
2023-07-25 18:54:28,657 [main] DEBUG balancer.ContainerBalancerTask (ContainerBalancerTask.java:initializeIteration(398)) - Utilization for node 5380d800-8fce-4a63-b11f-8b1055d91157 with capacity 182536110080B, used 36507222016B, and remaining 146028888064B is 0.2
2023-07-25 18:54:28,658 [main] DEBUG balancer.ContainerBalancerTask (ContainerBalancerTask.java:initializeIteration(398)) - Utilization for node 056bfb90-4be8-433c-ac1a-986752aaa3eb with capacity 386547056640B, used 38654705664B, and remaining 347892350976B is 0.1
2023-07-25 18:54:28,658 [main] DEBUG balancer.ContainerBalancerTask (ContainerBalancerTask.java:initializeIteration(398)) - Utilization for node c4d3ccbc-bddd-48e4-90bc-e339467c15d1 with capacity 52613349376B, used 0B, and remaining 52613349376B is 0.0
2023-07-25 18:54:28,658 [main] INFO  balancer.ContainerBalancerTask (ContainerBalancerTask.java:initializeIteration(447)) - Container Balancer has identified 4 Over-Utilized and 1 Under-Utilized Datanodes that need to be balanced.
2023-07-25 18:54:28,658 [main] DEBUG balancer.ContainerBalancerTask (ContainerBalancerTask.java:lambda$initializeIteration$1(453)) - Datanode localhost-68.254.123.214 4f50034a-75b4-4c2d-a6cb-499964ebd3d2 is Over-Utilized.
2023-07-25 18:54:28,658 [main] DEBUG balancer.ContainerBalancerTask (ContainerBalancerTask.java:lambda$initializeIteration$1(453)) - Datanode localhost-72.76.193.140 febeeba7-b923-4865-ad1e-c9d2c87db953 is Over-Utilized.
2023-07-25 18:54:28,658 [main] DEBUG balancer.ContainerBalancerTask (ContainerBalancerTask.java:lambda$initializeIteration$1(453)) - Datanode localhost-157.195.1.111 f567f802-00a5-4ded-98c6-a7ae94c3340a is Over-Utilized.
2023-07-25 18:54:28,658 [main] DEBUG balancer.ContainerBalancerTask (ContainerBalancerTask.java:lambda$initializeIteration$1(453)) - Datanode localhost-189.238.33.126 aeeccbb3-1414-41c1-a6a4-102a874b451a is Over-Utilized.
2023-07-25 18:54:28,658 [main] DEBUG balancer.ContainerBalancerTask (ContainerBalancerTask.java:lambda$initializeIteration$2(459)) - Datanode localhost-99.255.28.30 c4d3ccbc-bddd-48e4-90bc-e339467c15d1 is Under-Utilized.
2023-07-25 18:54:28,661 [main] DEBUG balancer.ContainerBalancerTask (ContainerBalancerTask.java:matchSourceWithTarget(708)) - ContainerBalancer is finding suitable target for source datanode 4f50034a-75b4-4c2d-a6cb-499964ebd3d2
2023-07-25 18:54:28,661 [main] INFO  balancer.ContainerBalancerTask (ContainerBalancerTask.java:matchSourceWithTarget(722)) - ContainerBalancer matched source datanode 4f50034a-75b4-4c2d-a6cb-499964ebd3d2 with target datanode c4d3ccbc-bddd-48e4-90bc-e339467c15d1 for container move.
2023-07-25 18:54:28,661 [main] INFO  balancer.ContainerBalancerTask (ContainerBalancerTask.java:processMoveSelection(569)) - ContainerBalancer is trying to move container #85 with size 5368709120B from source datanode 4f50034a-75b4-4c2d-a6cb-499964ebd3d2 to target datanode c4d3ccbc-bddd-48e4-90bc-e339467c15d1
2023-07-25 18:54:28,663 [main] DEBUG balancer.ContainerBalancerTask (ContainerBalancerTask.java:lambda$moveContainer$3(837)) - Container move completed for container #85 from source 4f50034a-75b4-4c2d-a6cb-499964ebd3d2 to target c4d3ccbc-bddd-48e4-90bc-e339467c15d1
2023-07-25 18:54:28,665 [main] DEBUG balancer.ContainerBalancerTask (ContainerBalancerTask.java:matchSourceWithTarget(708)) - ContainerBalancer is finding suitable target for source datanode febeeba7-b923-4865-ad1e-c9d2c87db953
2023-07-25 18:54:28,666 [main] INFO  balancer.ContainerBalancerTask (ContainerBalancerTask.java:matchSourceWithTarget(722)) - ContainerBalancer matched source datanode febeeba7-b923-4865-ad1e-c9d2c87db953 with target datanode c4d3ccbc-bddd-48e4-90bc-e339467c15d1 for container move.
2023-07-25 18:54:28,666 [main] INFO  balancer.ContainerBalancerTask (ContainerBalancerTask.java:processMoveSelection(569)) - ContainerBalancer is trying to move container #68 with size 5368709120B from source datanode febeeba7-b923-4865-ad1e-c9d2c87db953 to target datanode c4d3ccbc-bddd-48e4-90bc-e339467c15d1
2023-07-25 18:54:28,666 [main] DEBUG balancer.ContainerBalancerTask (ContainerBalancerTask.java:lambda$moveContainer$3(837)) - Container move completed for container #68 from source febeeba7-b923-4865-ad1e-c9d2c87db953 to target c4d3ccbc-bddd-48e4-90bc-e339467c15d1
2023-07-25 18:54:28,668 [main] DEBUG balancer.ContainerBalancerTask (ContainerBalancerTask.java:matchSourceWithTarget(708)) - ContainerBalancer is finding suitable target for source datanode 4f50034a-75b4-4c2d-a6cb-499964ebd3d2
2023-07-25 18:54:28,669 [main] INFO  balancer.ContainerBalancerTask (ContainerBalancerTask.java:matchSourceWithTarget(722)) - ContainerBalancer matched source datanode 4f50034a-75b4-4c2d-a6cb-499964ebd3d2 with target datanode c4d3ccbc-bddd-48e4-90bc-e339467c15d1 for container move.
2023-07-25 18:54:28,669 [main] INFO  balancer.ContainerBalancerTask (ContainerBalancerTask.java:processMoveSelection(569)) - ContainerBalancer is trying to move container #89 with size 4294967296B from source datanode 4f50034a-75b4-4c2d-a6cb-499964ebd3d2 to target datanode c4d3ccbc-bddd-48e4-90bc-e339467c15d1
2023-07-25 18:54:28,669 [main] DEBUG balancer.ContainerBalancerTask (ContainerBalancerTask.java:lambda$moveContainer$3(837)) - Container move completed for container #89 from source 4f50034a-75b4-4c2d-a6cb-499964ebd3d2 to target c4d3ccbc-bddd-48e4-90bc-e339467c15d1
2023-07-25 18:54:28,671 [main] DEBUG balancer.ContainerBalancerTask (ContainerBalancerTask.java:matchSourceWithTarget(708)) - ContainerBalancer is finding suitable target for source datanode 4f50034a-75b4-4c2d-a6cb-499964ebd3d2
2023-07-25 18:54:28,671 [main] INFO  balancer.ContainerBalancerTask (ContainerBalancerTask.java:matchSourceWithTarget(722)) - ContainerBalancer matched source datanode 4f50034a-75b4-4c2d-a6cb-499964ebd3d2 with target datanode c4d3ccbc-bddd-48e4-90bc-e339467c15d1 for container move.
2023-07-25 18:54:28,671 [main] INFO  balancer.ContainerBalancerTask (ContainerBalancerTask.java:processMoveSelection(569)) - ContainerBalancer is trying to move container #84 with size 4294967296B from source datanode 4f50034a-75b4-4c2d-a6cb-499964ebd3d2 to target datanode c4d3ccbc-bddd-48e4-90bc-e339467c15d1
2023-07-25 18:54:28,672 [main] DEBUG balancer.ContainerBalancerTask (ContainerBalancerTask.java:lambda$moveContainer$3(837)) - Container move completed for container #84 from source 4f50034a-75b4-4c2d-a6cb-499964ebd3d2 to target c4d3ccbc-bddd-48e4-90bc-e339467c15d1
2023-07-25 18:54:28,674 [main] DEBUG balancer.ContainerBalancerTask (ContainerBalancerTask.java:matchSourceWithTarget(708)) - ContainerBalancer is finding suitable target for source datanode febeeba7-b923-4865-ad1e-c9d2c87db953
2023-07-25 18:54:28,675 [main] INFO  balancer.ContainerBalancerTask (ContainerBalancerTask.java:matchSourceWithTarget(722)) - ContainerBalancer matched source datanode febeeba7-b923-4865-ad1e-c9d2c87db953 with target datanode c4d3ccbc-bddd-48e4-90bc-e339467c15d1 for container move.
2023-07-25 18:54:28,675 [main] INFO  balancer.ContainerBalancerTask (ContainerBalancerTask.java:processMoveSelection(569)) - ContainerBalancer is trying to move container #53 with size 5368709120B from source datanode febeeba7-b923-4865-ad1e-c9d2c87db953 to target datanode c4d3ccbc-bddd-48e4-90bc-e339467c15d1
2023-07-25 18:54:28,675 [main] DEBUG balancer.ContainerBalancerTask (ContainerBalancerTask.java:lambda$moveContainer$3(837)) - Container move completed for container #53 from source febeeba7-b923-4865-ad1e-c9d2c87db953 to target c4d3ccbc-bddd-48e4-90bc-e339467c15d1
2023-07-25 18:54:28,678 [main] DEBUG balancer.ContainerBalancerTask (ContainerBalancerTask.java:matchSourceWithTarget(708)) - ContainerBalancer is finding suitable target for source datanode f567f802-00a5-4ded-98c6-a7ae94c3340a
2023-07-25 18:54:28,678 [main] INFO  balancer.ContainerBalancerTask (ContainerBalancerTask.java:matchSourceWithTarget(722)) - ContainerBalancer matched source datanode f567f802-00a5-4ded-98c6-a7ae94c3340a with target datanode c4d3ccbc-bddd-48e4-90bc-e339467c15d1 for container move.
2023-07-25 18:54:28,678 [main] INFO  balancer.ContainerBalancerTask (ContainerBalancerTask.java:processMoveSelection(569)) - ContainerBalancer is trying to move container #52 with size 4294967296B from source datanode f567f802-00a5-4ded-98c6-a7ae94c3340a to target datanode c4d3ccbc-bddd-48e4-90bc-e339467c15d1
2023-07-25 18:54:28,678 [main] DEBUG balancer.ContainerBalancerTask (ContainerBalancerTask.java:lambda$moveContainer$3(837)) - Container move completed for container #52 from source f567f802-00a5-4ded-98c6-a7ae94c3340a to target c4d3ccbc-bddd-48e4-90bc-e339467c15d1
2023-07-25 18:54:28,681 [main] DEBUG balancer.ContainerBalancerTask (ContainerBalancerTask.java:matchSourceWithTarget(708)) - ContainerBalancer is finding suitable target for source datanode 4f50034a-75b4-4c2d-a6cb-499964ebd3d2
2023-07-25 18:54:28,681 [main] INFO  balancer.FindTargetGreedyByUsageInfo (AbstractFindTargetGreedy.java:findTargetForContainerMove(133)) - Container Balancer could not find a target for source datanode 4f50034a-75b4-4c2d-a6cb-499964ebd3d2
2023-07-25 18:54:28,682 [main] DEBUG balancer.ContainerBalancerTask (ContainerBalancerTask.java:matchSourceWithTarget(717)) - ContainerBalancer could not find a suitable target for source node 4f50034a-75b4-4c2d-a6cb-499964ebd3d2.
2023-07-25 18:54:28,684 [main] DEBUG balancer.ContainerBalancerTask (ContainerBalancerTask.java:matchSourceWithTarget(708)) - ContainerBalancer is finding suitable target for source datanode f567f802-00a5-4ded-98c6-a7ae94c3340a
2023-07-25 18:54:28,685 [main] INFO  balancer.FindTargetGreedyByUsageInfo (AbstractFindTargetGreedy.java:findTargetForContainerMove(133)) - Container Balancer could not find a target for source datanode f567f802-00a5-4ded-98c6-a7ae94c3340a
2023-07-25 18:54:28,685 [main] DEBUG balancer.ContainerBalancerTask (ContainerBalancerTask.java:matchSourceWithTarget(717)) - ContainerBalancer could not find a suitable target for source node f567f802-00a5-4ded-98c6-a7ae94c3340a.
2023-07-25 18:54:28,688 [main] DEBUG balancer.ContainerBalancerTask (ContainerBalancerTask.java:matchSourceWithTarget(708)) - ContainerBalancer is finding suitable target for source datanode febeeba7-b923-4865-ad1e-c9d2c87db953
2023-07-25 18:54:28,689 [main] INFO  balancer.FindTargetGreedyByUsageInfo (AbstractFindTargetGreedy.java:findTargetForContainerMove(133)) - Container Balancer could not find a target for source datanode febeeba7-b923-4865-ad1e-c9d2c87db953
2023-07-25 18:54:28,689 [main] DEBUG balancer.ContainerBalancerTask (ContainerBalancerTask.java:matchSourceWithTarget(717)) - ContainerBalancer could not find a suitable target for source node febeeba7-b923-4865-ad1e-c9d2c87db953.
2023-07-25 18:54:28,692 [main] DEBUG balancer.ContainerBalancerTask (ContainerBalancerTask.java:matchSourceWithTarget(708)) - ContainerBalancer is finding suitable target for source datanode aeeccbb3-1414-41c1-a6a4-102a874b451a
2023-07-25 18:54:28,693 [main] INFO  balancer.FindTargetGreedyByUsageInfo (AbstractFindTargetGreedy.java:findTargetForContainerMove(133)) - Container Balancer could not find a target for source datanode aeeccbb3-1414-41c1-a6a4-102a874b451a
2023-07-25 18:54:28,693 [main] DEBUG balancer.ContainerBalancerTask (ContainerBalancerTask.java:matchSourceWithTarget(717)) - ContainerBalancer could not find a suitable target for source node aeeccbb3-1414-41c1-a6a4-102a874b451a.
2023-07-25 18:54:28,693 [main] INFO  balancer.FindSourceGreedy (FindSourceGreedy.java:getNextCandidateSourceDataNode(126)) - no more candidate source data node
2023-07-25 18:54:28,693 [main] INFO  balancer.ContainerBalancerTask (ContainerBalancerTask.java:checkIterationMoveResults(642)) - Iteration Summary. Number of Datanodes involved: 4. Size moved: 27 GB (28991029248 Bytes). Number of Container moves completed: 6.
2023-07-25 18:54:28,694 [main] INFO  balancer.ContainerBalancerTask (ContainerBalancerTask.java:balance(259)) - Result of this iteration of Container Balancer: ITERATION_COMPLETED
2023-07-25 18:54:28,694 [main] INFO  balancer.ContainerBalancerTask (ContainerBalancerTask.java:tryStopWithSaveConfiguration(308)) - Save Configuration for stopping. Reason: Completed all iterations.
2023-07-25 18:54:28,695 [main] DEBUG balancer.ContainerBalancerTask (ContainerBalancerTask.java:initializeIteration(374)) - Average utilization of the cluster is 0.3156055222234002
2023-07-25 18:54:28,695 [main] DEBUG balancer.ContainerBalancerTask (ContainerBalancerTask.java:initializeIteration(386)) - Lower limit for utilization is -0.08970237868019704 and Upper limit for utilization is 0.7209134231269975
2023-07-25 18:54:28,695 [main] DEBUG balancer.ContainerBalancerTask (ContainerBalancerTask.java:initializeIteration(398)) - Utilization for node 4f50034a-75b4-4c2d-a6cb-499964ebd3d2 with capacity 51300998257B, used 46170898432B, and remaining 5130099825B is 0.900000000013645
2023-07-25 18:54:28,695 [main] DEBUG balancer.ContainerBalancerTask (ContainerBalancerTask.java:initializeIteration(398)) - Utilization for node febeeba7-b923-4865-ad1e-c9d2c87db953 with capacity 59055800320B, used 47244640256B, and remaining 11811160064B is 0.8
2023-07-25 18:54:28,695 [main] DEBUG balancer.ContainerBalancerTask (ContainerBalancerTask.java:initializeIteration(398)) - Utilization for node f567f802-00a5-4ded-98c6-a7ae94c3340a with capacity 56754924982B, used 39728447488B, and remaining 17026477494B is 0.7000000000105717
2023-07-25 18:54:28,695 [main] DEBUG balancer.ContainerBalancerTask (ContainerBalancerTask.java:initializeIteration(398)) - Utilization for node aeeccbb3-1414-41c1-a6a4-102a874b451a with capacity 78741067093B, used 47244640256B, and remaining 31496426837B is 0.60000000000254
2023-07-25 18:54:28,695 [main] DEBUG balancer.ContainerBalancerTask (ContainerBalancerTask.java:initializeIteration(398)) - Utilization for node ad10ee04-68bb-4b66-9072-13d3587588f5 with capacity 77309411328B, used 38654705664B, and remaining 38654705664B is 0.5
2023-07-25 18:54:28,695 [main] DEBUG balancer.ContainerBalancerTask (ContainerBalancerTask.java:initializeIteration(398)) - Utilization for node 906155a4-1f78-4e66-8a37-e7f244b863db with capacity 75161927680B, used 30064771072B, and remaining 45097156608B is 0.4
2023-07-25 18:54:28,696 [main] DEBUG balancer.ContainerBalancerTask (ContainerBalancerTask.java:initializeIteration(398)) - Utilization for node abe908e0-ec37-4cce-924f-463e25c3270a with capacity 150323855360B, used 45097156608B, and remaining 105226698752B is 0.3
2023-07-25 18:54:28,696 [main] DEBUG balancer.ContainerBalancerTask (ContainerBalancerTask.java:initializeIteration(398)) - Utilization for node 5380d800-8fce-4a63-b11f-8b1055d91157 with capacity 182536110080B, used 36507222016B, and remaining 146028888064B is 0.2
2023-07-25 18:54:28,696 [main] DEBUG balancer.ContainerBalancerTask (ContainerBalancerTask.java:initializeIteration(398)) - Utilization for node 056bfb90-4be8-433c-ac1a-986752aaa3eb with capacity 386547056640B, used 38654705664B, and remaining 347892350976B is 0.1
2023-07-25 18:54:28,696 [main] DEBUG balancer.ContainerBalancerTask (ContainerBalancerTask.java:initializeIteration(398)) - Utilization for node c4d3ccbc-bddd-48e4-90bc-e339467c15d1 with capacity 52613349376B, used 0B, and remaining 52613349376B is 0.0
2023-07-25 18:54:28,696 [main] INFO  balancer.ContainerBalancerTask (ContainerBalancerTask.java:initializeIteration(447)) - Container Balancer has identified 2 Over-Utilized and 0 Under-Utilized Datanodes that need to be balanced.
2023-07-25 18:54:28,696 [main] DEBUG balancer.ContainerBalancerTask (ContainerBalancerTask.java:lambda$initializeIteration$1(453)) - Datanode localhost-68.254.123.214 4f50034a-75b4-4c2d-a6cb-499964ebd3d2 is Over-Utilized.
2023-07-25 18:54:28,696 [main] DEBUG balancer.ContainerBalancerTask (ContainerBalancerTask.java:lambda$initializeIteration$1(453)) - Datanode localhost-72.76.193.140 febeeba7-b923-4865-ad1e-c9d2c87db953 is Over-Utilized.
2023-07-25 18:54:28,698 [main] DEBUG balancer.ContainerBalancerTask (ContainerBalancerTask.java:matchSourceWithTarget(708)) - ContainerBalancer is finding suitable target for source datanode 4f50034a-75b4-4c2d-a6cb-499964ebd3d2
2023-07-25 18:54:28,699 [main] INFO  balancer.FindTargetGreedyByUsageInfo (AbstractFindTargetGreedy.java:findTargetForContainerMove(133)) - Container Balancer could not find a target for source datanode 4f50034a-75b4-4c2d-a6cb-499964ebd3d2
2023-07-25 18:54:28,699 [main] DEBUG balancer.ContainerBalancerTask (ContainerBalancerTask.java:matchSourceWithTarget(717)) - ContainerBalancer could not find a suitable target for source node 4f50034a-75b4-4c2d-a6cb-499964ebd3d2.
2023-07-25 18:54:28,701 [main] DEBUG balancer.ContainerBalancerTask (ContainerBalancerTask.java:matchSourceWithTarget(708)) - ContainerBalancer is finding suitable target for source datanode febeeba7-b923-4865-ad1e-c9d2c87db953
2023-07-25 18:54:28,701 [main] INFO  balancer.FindTargetGreedyByUsageInfo (AbstractFindTargetGreedy.java:findTargetForContainerMove(133)) - Container Balancer could not find a target for source datanode febeeba7-b923-4865-ad1e-c9d2c87db953
2023-07-25 18:54:28,701 [main] DEBUG balancer.ContainerBalancerTask (ContainerBalancerTask.java:matchSourceWithTarget(717)) - ContainerBalancer could not find a suitable target for source node febeeba7-b923-4865-ad1e-c9d2c87db953.
2023-07-25 18:54:28,701 [main] INFO  balancer.FindSourceGreedy (FindSourceGreedy.java:getNextCandidateSourceDataNode(126)) - no more candidate source data node
2023-07-25 18:54:28,701 [main] INFO  balancer.ContainerBalancerTask (ContainerBalancerTask.java:balance(259)) - Result of this iteration of Container Balancer: CAN_NOT_BALANCE_ANY_MORE
2023-07-25 18:54:28,702 [main] INFO  balancer.ContainerBalancerTask (ContainerBalancerTask.java:tryStopWithSaveConfiguration(308)) - Save Configuration for stopping. Reason: CAN_NOT_BALANCE_ANY_MORE
2023-07-25 18:54:28,702 [main] DEBUG balancer.ContainerBalancerTask (ContainerBalancerTask.java:initializeIteration(374)) - Average utilization of the cluster is 0.3156055222234002
2023-07-25 18:54:28,702 [main] DEBUG balancer.ContainerBalancerTask (ContainerBalancerTask.java:initializeIteration(386)) - Lower limit for utilization is -0.337493105083591 and Upper limit for utilization is 0.9687041495303914
2023-07-25 18:54:28,703 [main] DEBUG balancer.ContainerBalancerTask (ContainerBalancerTask.java:initializeIteration(398)) - Utilization for node 4f50034a-75b4-4c2d-a6cb-499964ebd3d2 with capacity 51300998257B, used 46170898432B, and remaining 5130099825B is 0.900000000013645
2023-07-25 18:54:28,703 [main] DEBUG balancer.ContainerBalancerTask (ContainerBalancerTask.java:initializeIteration(398)) - Utilization for node febeeba7-b923-4865-ad1e-c9d2c87db953 with capacity 59055800320B, used 47244640256B, and remaining 11811160064B is 0.8
2023-07-25 18:54:28,703 [main] DEBUG balancer.ContainerBalancerTask (ContainerBalancerTask.java:initializeIteration(398)) - Utilization for node f567f802-00a5-4ded-98c6-a7ae94c3340a with capacity 56754924982B, used 39728447488B, and remaining 17026477494B is 0.7000000000105717
2023-07-25 18:54:28,703 [main] DEBUG balancer.ContainerBalancerTask (ContainerBalancerTask.java:initializeIteration(398)) - Utilization for node aeeccbb3-1414-41c1-a6a4-102a874b451a with capacity 78741067093B, used 47244640256B, and remaining 31496426837B is 0.60000000000254
2023-07-25 18:54:28,703 [main] DEBUG balancer.ContainerBalancerTask (ContainerBalancerTask.java:initializeIteration(398)) - Utilization for node ad10ee04-68bb-4b66-9072-13d3587588f5 with capacity 77309411328B, used 38654705664B, and remaining 38654705664B is 0.5
2023-07-25 18:54:28,703 [main] DEBUG balancer.ContainerBalancerTask (ContainerBalancerTask.java:initializeIteration(398)) - Utilization for node 906155a4-1f78-4e66-8a37-e7f244b863db with capacity 75161927680B, used 30064771072B, and remaining 45097156608B is 0.4
2023-07-25 18:54:28,703 [main] DEBUG balancer.ContainerBalancerTask (ContainerBalancerTask.java:initializeIteration(398)) - Utilization for node abe908e0-ec37-4cce-924f-463e25c3270a with capacity 150323855360B, used 45097156608B, and remaining 105226698752B is 0.3
2023-07-25 18:54:28,703 [main] DEBUG balancer.ContainerBalancerTask (ContainerBalancerTask.java:initializeIteration(398)) - Utilization for node 5380d800-8fce-4a63-b11f-8b1055d91157 with capacity 182536110080B, used 36507222016B, and remaining 146028888064B is 0.2
2023-07-25 18:54:28,703 [main] DEBUG balancer.ContainerBalancerTask (ContainerBalancerTask.java:initializeIteration(398)) - Utilization for node 056bfb90-4be8-433c-ac1a-986752aaa3eb with capacity 386547056640B, used 38654705664B, and remaining 347892350976B is 0.1
2023-07-25 18:54:28,704 [main] DEBUG balancer.ContainerBalancerTask (ContainerBalancerTask.java:initializeIteration(398)) - Utilization for node c4d3ccbc-bddd-48e4-90bc-e339467c15d1 with capacity 52613349376B, used 0B, and remaining 52613349376B is 0.0
2023-07-25 18:54:28,704 [main] INFO  balancer.ContainerBalancerTask (ContainerBalancerTask.java:initializeIteration(443)) - Did not find any unbalanced Datanodes.
2023-07-25 18:54:28,704 [main] INFO  balancer.ContainerBalancerTask (ContainerBalancerTask.java:tryStopWithSaveConfiguration(308)) - Save Configuration for stopping. Reason: Could not initialize ContainerBalancer's iteration number 0
2023-07-25 18:54:28,704 [main] DEBUG balancer.ContainerBalancerTask (ContainerBalancerTask.java:initializeIteration(374)) - Average utilization of the cluster is 0.3156055222234002
2023-07-25 18:54:28,705 [main] DEBUG balancer.ContainerBalancerTask (ContainerBalancerTask.java:initializeIteration(386)) - Lower limit for utilization is 0.11208662326738172 and Upper limit for utilization is 0.5191244211794187
2023-07-25 18:54:28,705 [main] DEBUG balancer.ContainerBalancerTask (ContainerBalancerTask.java:initializeIteration(398)) - Utilization for node 4f50034a-75b4-4c2d-a6cb-499964ebd3d2 with capacity 51300998257B, used 46170898432B, and remaining 5130099825B is 0.900000000013645
2023-07-25 18:54:28,705 [main] DEBUG balancer.ContainerBalancerTask (ContainerBalancerTask.java:initializeIteration(398)) - Utilization for node febeeba7-b923-4865-ad1e-c9d2c87db953 with capacity 59055800320B, used 47244640256B, and remaining 11811160064B is 0.8
2023-07-25 18:54:28,705 [main] DEBUG balancer.ContainerBalancerTask (ContainerBalancerTask.java:initializeIteration(398)) - Utilization for node f567f802-00a5-4ded-98c6-a7ae94c3340a with capacity 56754924982B, used 39728447488B, and remaining 17026477494B is 0.7000000000105717
2023-07-25 18:54:28,705 [main] DEBUG balancer.ContainerBalancerTask (ContainerBalancerTask.java:initializeIteration(398)) - Utilization for node aeeccbb3-1414-41c1-a6a4-102a874b451a with capacity 78741067093B, used 47244640256B, and remaining 31496426837B is 0.60000000000254
2023-07-25 18:54:28,705 [main] DEBUG balancer.ContainerBalancerTask (ContainerBalancerTask.java:initializeIteration(398)) - Utilization for node ad10ee04-68bb-4b66-9072-13d3587588f5 with capacity 77309411328B, used 38654705664B, and remaining 38654705664B is 0.5
2023-07-25 18:54:28,705 [main] DEBUG balancer.ContainerBalancerTask (ContainerBalancerTask.java:initializeIteration(398)) - Utilization for node 906155a4-1f78-4e66-8a37-e7f244b863db with capacity 75161927680B, used 30064771072B, and remaining 45097156608B is 0.4
2023-07-25 18:54:28,705 [main] DEBUG balancer.ContainerBalancerTask (ContainerBalancerTask.java:initializeIteration(398)) - Utilization for node abe908e0-ec37-4cce-924f-463e25c3270a with capacity 150323855360B, used 45097156608B, and remaining 105226698752B is 0.3
2023-07-25 18:54:28,705 [main] DEBUG balancer.ContainerBalancerTask (ContainerBalancerTask.java:initializeIteration(398)) - Utilization for node 5380d800-8fce-4a63-b11f-8b1055d91157 with capacity 182536110080B, used 36507222016B, and remaining 146028888064B is 0.2
2023-07-25 18:54:28,706 [main] DEBUG balancer.ContainerBalancerTask (ContainerBalancerTask.java:initializeIteration(398)) - Utilization for node 056bfb90-4be8-433c-ac1a-986752aaa3eb with capacity 386547056640B, used 38654705664B, and remaining 347892350976B is 0.1
2023-07-25 18:54:28,706 [main] DEBUG balancer.ContainerBalancerTask (ContainerBalancerTask.java:initializeIteration(398)) - Utilization for node c4d3ccbc-bddd-48e4-90bc-e339467c15d1 with capacity 52613349376B, used 0B, and remaining 52613349376B is 0.0
2023-07-25 18:54:28,706 [main] INFO  balancer.ContainerBalancerTask (ContainerBalancerTask.java:initializeIteration(447)) - Container Balancer has identified 4 Over-Utilized and 2 Under-Utilized Datanodes that need to be balanced.
2023-07-25 18:54:28,706 [main] DEBUG balancer.ContainerBalancerTask (ContainerBalancerTask.java:lambda$initializeIteration$1(453)) - Datanode localhost-68.254.123.214 4f50034a-75b4-4c2d-a6cb-499964ebd3d2 is Over-Utilized.
2023-07-25 18:54:28,706 [main] DEBUG balancer.ContainerBalancerTask (ContainerBalancerTask.java:lambda$initializeIteration$1(453)) - Datanode localhost-72.76.193.140 febeeba7-b923-4865-ad1e-c9d2c87db953 is Over-Utilized.
2023-07-25 18:54:28,706 [main] DEBUG balancer.ContainerBalancerTask (ContainerBalancerTask.java:lambda$initializeIteration$1(453)) - Datanode localhost-157.195.1.111 f567f802-00a5-4ded-98c6-a7ae94c3340a is Over-Utilized.
2023-07-25 18:54:28,706 [main] DEBUG balancer.ContainerBalancerTask (ContainerBalancerTask.java:lambda$initializeIteration$1(453)) - Datanode localhost-189.238.33.126 aeeccbb3-1414-41c1-a6a4-102a874b451a is Over-Utilized.
2023-07-25 18:54:28,706 [main] DEBUG balancer.ContainerBalancerTask (ContainerBalancerTask.java:lambda$initializeIteration$2(459)) - Datanode localhost-99.255.28.30 c4d3ccbc-bddd-48e4-90bc-e339467c15d1 is Under-Utilized.
2023-07-25 18:54:28,706 [main] DEBUG balancer.ContainerBalancerTask (ContainerBalancerTask.java:lambda$initializeIteration$2(459)) - Datanode localhost-117.176.158.140 056bfb90-4be8-433c-ac1a-986752aaa3eb is Under-Utilized.
2023-07-25 18:54:28,709 [main] DEBUG balancer.ContainerBalancerTask (ContainerBalancerTask.java:matchSourceWithTarget(708)) - ContainerBalancer is finding suitable target for source datanode 4f50034a-75b4-4c2d-a6cb-499964ebd3d2
2023-07-25 18:54:28,709 [main] INFO  balancer.ContainerBalancerTask (ContainerBalancerTask.java:matchSourceWithTarget(722)) - ContainerBalancer matched source datanode 4f50034a-75b4-4c2d-a6cb-499964ebd3d2 with target datanode c4d3ccbc-bddd-48e4-90bc-e339467c15d1 for container move.
2023-07-25 18:54:28,709 [main] INFO  balancer.ContainerBalancerTask (ContainerBalancerTask.java:processMoveSelection(569)) - ContainerBalancer is trying to move container #85 with size 5368709120B from source datanode 4f50034a-75b4-4c2d-a6cb-499964ebd3d2 to target datanode c4d3ccbc-bddd-48e4-90bc-e339467c15d1
2023-07-25 18:54:28,709 [main] DEBUG balancer.ContainerBalancerTask (ContainerBalancerTask.java:lambda$moveContainer$3(837)) - Container move completed for container #85 from source 4f50034a-75b4-4c2d-a6cb-499964ebd3d2 to target c4d3ccbc-bddd-48e4-90bc-e339467c15d1
2023-07-25 18:54:28,712 [main] DEBUG balancer.ContainerBalancerTask (ContainerBalancerTask.java:matchSourceWithTarget(708)) - ContainerBalancer is finding suitable target for source datanode febeeba7-b923-4865-ad1e-c9d2c87db953
2023-07-25 18:54:28,712 [main] INFO  balancer.ContainerBalancerTask (ContainerBalancerTask.java:matchSourceWithTarget(722)) - ContainerBalancer matched source datanode febeeba7-b923-4865-ad1e-c9d2c87db953 with target datanode 056bfb90-4be8-433c-ac1a-986752aaa3eb for container move.
2023-07-25 18:54:28,712 [main] INFO  balancer.ContainerBalancerTask (ContainerBalancerTask.java:processMoveSelection(569)) - ContainerBalancer is trying to move container #88 with size 3221225472B from source datanode febeeba7-b923-4865-ad1e-c9d2c87db953 to target datanode 056bfb90-4be8-433c-ac1a-986752aaa3eb
2023-07-25 18:54:28,712 [main] DEBUG balancer.ContainerBalancerTask (ContainerBalancerTask.java:lambda$moveContainer$3(837)) - Container move completed for container #88 from source febeeba7-b923-4865-ad1e-c9d2c87db953 to target 056bfb90-4be8-433c-ac1a-986752aaa3eb
2023-07-25 18:54:28,715 [main] DEBUG balancer.ContainerBalancerTask (ContainerBalancerTask.java:matchSourceWithTarget(708)) - ContainerBalancer is finding suitable target for source datanode 4f50034a-75b4-4c2d-a6cb-499964ebd3d2
2023-07-25 18:54:28,715 [main] INFO  balancer.ContainerBalancerTask (ContainerBalancerTask.java:matchSourceWithTarget(722)) - ContainerBalancer matched source datanode 4f50034a-75b4-4c2d-a6cb-499964ebd3d2 with target datanode c4d3ccbc-bddd-48e4-90bc-e339467c15d1 for container move.
2023-07-25 18:54:28,715 [main] INFO  balancer.ContainerBalancerTask (ContainerBalancerTask.java:processMoveSelection(569)) - ContainerBalancer is trying to move container #68 with size 5368709120B from source datanode 4f50034a-75b4-4c2d-a6cb-499964ebd3d2 to target datanode c4d3ccbc-bddd-48e4-90bc-e339467c15d1
2023-07-25 18:54:28,715 [main] DEBUG balancer.ContainerBalancerTask (ContainerBalancerTask.java:lambda$moveContainer$3(837)) - Container move completed for container #68 from source 4f50034a-75b4-4c2d-a6cb-499964ebd3d2 to target c4d3ccbc-bddd-48e4-90bc-e339467c15d1
2023-07-25 18:54:28,718 [main] DEBUG balancer.ContainerBalancerTask (ContainerBalancerTask.java:matchSourceWithTarget(708)) - ContainerBalancer is finding suitable target for source datanode febeeba7-b923-4865-ad1e-c9d2c87db953
2023-07-25 18:54:28,718 [main] INFO  balancer.ContainerBalancerTask (ContainerBalancerTask.java:matchSourceWithTarget(722)) - ContainerBalancer matched source datanode febeeba7-b923-4865-ad1e-c9d2c87db953 with target datanode 056bfb90-4be8-433c-ac1a-986752aaa3eb for container move.
2023-07-25 18:54:28,718 [main] INFO  balancer.ContainerBalancerTask (ContainerBalancerTask.java:processMoveSelection(569)) - ContainerBalancer is trying to move container #71 with size 3221225472B from source datanode febeeba7-b923-4865-ad1e-c9d2c87db953 to target datanode 056bfb90-4be8-433c-ac1a-986752aaa3eb
2023-07-25 18:54:28,718 [main] DEBUG balancer.ContainerBalancerTask (ContainerBalancerTask.java:lambda$moveContainer$3(837)) - Container move completed for container #71 from source febeeba7-b923-4865-ad1e-c9d2c87db953 to target 056bfb90-4be8-433c-ac1a-986752aaa3eb
2023-07-25 18:54:28,721 [main] DEBUG balancer.ContainerBalancerTask (ContainerBalancerTask.java:matchSourceWithTarget(708)) - ContainerBalancer is finding suitable target for source datanode f567f802-00a5-4ded-98c6-a7ae94c3340a
2023-07-25 18:54:28,721 [main] INFO  balancer.ContainerBalancerTask (ContainerBalancerTask.java:matchSourceWithTarget(722)) - ContainerBalancer matched source datanode f567f802-00a5-4ded-98c6-a7ae94c3340a with target datanode 056bfb90-4be8-433c-ac1a-986752aaa3eb for container move.
2023-07-25 18:54:28,721 [main] INFO  balancer.ContainerBalancerTask (ContainerBalancerTask.java:processMoveSelection(569)) - ContainerBalancer is trying to move container #40 with size 5368709120B from source datanode f567f802-00a5-4ded-98c6-a7ae94c3340a to target datanode 056bfb90-4be8-433c-ac1a-986752aaa3eb
2023-07-25 18:54:28,721 [main] DEBUG balancer.ContainerBalancerTask (ContainerBalancerTask.java:lambda$moveContainer$3(837)) - Container move completed for container #40 from source f567f802-00a5-4ded-98c6-a7ae94c3340a to target 056bfb90-4be8-433c-ac1a-986752aaa3eb
2023-07-25 18:54:28,724 [main] DEBUG balancer.ContainerBalancerTask (ContainerBalancerTask.java:matchSourceWithTarget(708)) - ContainerBalancer is finding suitable target for source datanode febeeba7-b923-4865-ad1e-c9d2c87db953
2023-07-25 18:54:28,725 [main] INFO  balancer.ContainerBalancerTask (ContainerBalancerTask.java:matchSourceWithTarget(722)) - ContainerBalancer matched source datanode febeeba7-b923-4865-ad1e-c9d2c87db953 with target datanode 056bfb90-4be8-433c-ac1a-986752aaa3eb for container move.
2023-07-25 18:54:28,725 [main] INFO  balancer.ContainerBalancerTask (ContainerBalancerTask.java:processMoveSelection(569)) - ContainerBalancer is trying to move container #66 with size 3221225472B from source datanode febeeba7-b923-4865-ad1e-c9d2c87db953 to target datanode 056bfb90-4be8-433c-ac1a-986752aaa3eb
2023-07-25 18:54:28,725 [main] DEBUG balancer.ContainerBalancerTask (ContainerBalancerTask.java:lambda$moveContainer$3(837)) - Container move completed for container #66 from source febeeba7-b923-4865-ad1e-c9d2c87db953 to target 056bfb90-4be8-433c-ac1a-986752aaa3eb
2023-07-25 18:54:28,728 [main] DEBUG balancer.ContainerBalancerTask (ContainerBalancerTask.java:matchSourceWithTarget(708)) - ContainerBalancer is finding suitable target for source datanode 4f50034a-75b4-4c2d-a6cb-499964ebd3d2
2023-07-25 18:54:28,728 [main] INFO  balancer.ContainerBalancerTask (ContainerBalancerTask.java:matchSourceWithTarget(722)) - ContainerBalancer matched source datanode 4f50034a-75b4-4c2d-a6cb-499964ebd3d2 with target datanode 056bfb90-4be8-433c-ac1a-986752aaa3eb for container move.
2023-07-25 18:54:28,728 [main] INFO  balancer.ContainerBalancerTask (ContainerBalancerTask.java:processMoveSelection(569)) - ContainerBalancer is trying to move container #89 with size 4294967296B from source datanode 4f50034a-75b4-4c2d-a6cb-499964ebd3d2 to target datanode 056bfb90-4be8-433c-ac1a-986752aaa3eb
2023-07-25 18:54:28,728 [main] DEBUG balancer.ContainerBalancerTask (ContainerBalancerTask.java:lambda$moveContainer$3(837)) - Container move completed for container #89 from source 4f50034a-75b4-4c2d-a6cb-499964ebd3d2 to target 056bfb90-4be8-433c-ac1a-986752aaa3eb
2023-07-25 18:54:28,731 [main] DEBUG balancer.ContainerBalancerTask (ContainerBalancerTask.java:matchSourceWithTarget(708)) - ContainerBalancer is finding suitable target for source datanode febeeba7-b923-4865-ad1e-c9d2c87db953
2023-07-25 18:54:28,731 [main] INFO  balancer.ContainerBalancerTask (ContainerBalancerTask.java:matchSourceWithTarget(722)) - ContainerBalancer matched source datanode febeeba7-b923-4865-ad1e-c9d2c87db953 with target datanode 056bfb90-4be8-433c-ac1a-986752aaa3eb for container move.
2023-07-25 18:54:28,731 [main] INFO  balancer.ContainerBalancerTask (ContainerBalancerTask.java:processMoveSelection(569)) - ContainerBalancer is trying to move container #18 with size 3221225472B from source datanode febeeba7-b923-4865-ad1e-c9d2c87db953 to target datanode 056bfb90-4be8-433c-ac1a-986752aaa3eb
2023-07-25 18:54:28,731 [main] DEBUG balancer.ContainerBalancerTask (ContainerBalancerTask.java:lambda$moveContainer$3(837)) - Container move completed for container #18 from source febeeba7-b923-4865-ad1e-c9d2c87db953 to target 056bfb90-4be8-433c-ac1a-986752aaa3eb
2023-07-25 18:54:28,734 [main] DEBUG balancer.ContainerBalancerTask (ContainerBalancerTask.java:matchSourceWithTarget(708)) - ContainerBalancer is finding suitable target for source datanode 4f50034a-75b4-4c2d-a6cb-499964ebd3d2
2023-07-25 18:54:28,734 [main] INFO  balancer.ContainerBalancerTask (ContainerBalancerTask.java:matchSourceWithTarget(722)) - ContainerBalancer matched source datanode 4f50034a-75b4-4c2d-a6cb-499964ebd3d2 with target datanode 056bfb90-4be8-433c-ac1a-986752aaa3eb for container move.
2023-07-25 18:54:28,734 [main] INFO  balancer.ContainerBalancerTask (ContainerBalancerTask.java:processMoveSelection(569)) - ContainerBalancer is trying to move container #84 with size 4294967296B from source datanode 4f50034a-75b4-4c2d-a6cb-499964ebd3d2 to target datanode 056bfb90-4be8-433c-ac1a-986752aaa3eb
2023-07-25 18:54:28,734 [main] DEBUG balancer.ContainerBalancerTask (ContainerBalancerTask.java:lambda$moveContainer$3(837)) - Container move completed for container #84 from source 4f50034a-75b4-4c2d-a6cb-499964ebd3d2 to target 056bfb90-4be8-433c-ac1a-986752aaa3eb
2023-07-25 18:54:28,737 [main] DEBUG balancer.ContainerBalancerTask (ContainerBalancerTask.java:matchSourceWithTarget(708)) - ContainerBalancer is finding suitable target for source datanode f567f802-00a5-4ded-98c6-a7ae94c3340a
2023-07-25 18:54:28,737 [main] INFO  balancer.ContainerBalancerTask (ContainerBalancerTask.java:matchSourceWithTarget(722)) - ContainerBalancer matched source datanode f567f802-00a5-4ded-98c6-a7ae94c3340a with target datanode 056bfb90-4be8-433c-ac1a-986752aaa3eb for container move.
2023-07-25 18:54:28,738 [main] INFO  balancer.ContainerBalancerTask (ContainerBalancerTask.java:processMoveSelection(569)) - ContainerBalancer is trying to move container #52 with size 4294967296B from source datanode f567f802-00a5-4ded-98c6-a7ae94c3340a to target datanode 056bfb90-4be8-433c-ac1a-986752aaa3eb
2023-07-25 18:54:28,738 [main] DEBUG balancer.ContainerBalancerTask (ContainerBalancerTask.java:lambda$moveContainer$3(837)) - Container move completed for container #52 from source f567f802-00a5-4ded-98c6-a7ae94c3340a to target 056bfb90-4be8-433c-ac1a-986752aaa3eb
2023-07-25 18:54:28,742 [main] DEBUG balancer.ContainerBalancerTask (ContainerBalancerTask.java:matchSourceWithTarget(708)) - ContainerBalancer is finding suitable target for source datanode aeeccbb3-1414-41c1-a6a4-102a874b451a
2023-07-25 18:54:28,743 [main] INFO  balancer.ContainerBalancerTask (ContainerBalancerTask.java:matchSourceWithTarget(722)) - ContainerBalancer matched source datanode aeeccbb3-1414-41c1-a6a4-102a874b451a with target datanode 056bfb90-4be8-433c-ac1a-986752aaa3eb for container move.
2023-07-25 18:54:28,743 [main] INFO  balancer.ContainerBalancerTask (ContainerBalancerTask.java:processMoveSelection(569)) - ContainerBalancer is trying to move container #39 with size 4294967296B from source datanode aeeccbb3-1414-41c1-a6a4-102a874b451a to target datanode 056bfb90-4be8-433c-ac1a-986752aaa3eb
2023-07-25 18:54:28,743 [main] DEBUG balancer.ContainerBalancerTask (ContainerBalancerTask.java:lambda$moveContainer$3(837)) - Container move completed for container #39 from source aeeccbb3-1414-41c1-a6a4-102a874b451a to target 056bfb90-4be8-433c-ac1a-986752aaa3eb
2023-07-25 18:54:28,746 [main] DEBUG balancer.ContainerBalancerTask (ContainerBalancerTask.java:matchSourceWithTarget(708)) - ContainerBalancer is finding suitable target for source datanode febeeba7-b923-4865-ad1e-c9d2c87db953
2023-07-25 18:54:28,746 [main] INFO  balancer.ContainerBalancerTask (ContainerBalancerTask.java:matchSourceWithTarget(722)) - ContainerBalancer matched source datanode febeeba7-b923-4865-ad1e-c9d2c87db953 with target datanode 056bfb90-4be8-433c-ac1a-986752aaa3eb for container move.
2023-07-25 18:54:28,746 [main] INFO  balancer.ContainerBalancerTask (ContainerBalancerTask.java:processMoveSelection(569)) - ContainerBalancer is trying to move container #82 with size 2147483648B from source datanode febeeba7-b923-4865-ad1e-c9d2c87db953 to target datanode 056bfb90-4be8-433c-ac1a-986752aaa3eb
2023-07-25 18:54:28,746 [main] DEBUG balancer.ContainerBalancerTask (ContainerBalancerTask.java:lambda$moveContainer$3(837)) - Container move completed for container #82 from source febeeba7-b923-4865-ad1e-c9d2c87db953 to target 056bfb90-4be8-433c-ac1a-986752aaa3eb
2023-07-25 18:54:28,750 [main] DEBUG balancer.ContainerBalancerTask (ContainerBalancerTask.java:matchSourceWithTarget(708)) - ContainerBalancer is finding suitable target for source datanode aeeccbb3-1414-41c1-a6a4-102a874b451a
2023-07-25 18:54:28,750 [main] INFO  balancer.ContainerBalancerTask (ContainerBalancerTask.java:matchSourceWithTarget(722)) - ContainerBalancer matched source datanode aeeccbb3-1414-41c1-a6a4-102a874b451a with target datanode 056bfb90-4be8-433c-ac1a-986752aaa3eb for container move.
2023-07-25 18:54:28,750 [main] INFO  balancer.ContainerBalancerTask (ContainerBalancerTask.java:processMoveSelection(569)) - ContainerBalancer is trying to move container #83 with size 3221225472B from source datanode aeeccbb3-1414-41c1-a6a4-102a874b451a to target datanode 056bfb90-4be8-433c-ac1a-986752aaa3eb
2023-07-25 18:54:28,751 [main] DEBUG balancer.ContainerBalancerTask (ContainerBalancerTask.java:lambda$moveContainer$3(837)) - Container move completed for container #83 from source aeeccbb3-1414-41c1-a6a4-102a874b451a to target 056bfb90-4be8-433c-ac1a-986752aaa3eb
2023-07-25 18:54:28,754 [main] DEBUG balancer.ContainerBalancerTask (ContainerBalancerTask.java:matchSourceWithTarget(708)) - ContainerBalancer is finding suitable target for source datanode febeeba7-b923-4865-ad1e-c9d2c87db953
2023-07-25 18:54:28,754 [main] INFO  balancer.ContainerBalancerTask (ContainerBalancerTask.java:matchSourceWithTarget(722)) - ContainerBalancer matched source datanode febeeba7-b923-4865-ad1e-c9d2c87db953 with target datanode c4d3ccbc-bddd-48e4-90bc-e339467c15d1 for container move.
2023-07-25 18:54:28,754 [main] INFO  balancer.ContainerBalancerTask (ContainerBalancerTask.java:processMoveSelection(569)) - ContainerBalancer is trying to move container #70 with size 2147483648B from source datanode febeeba7-b923-4865-ad1e-c9d2c87db953 to target datanode c4d3ccbc-bddd-48e4-90bc-e339467c15d1
2023-07-25 18:54:28,754 [main] DEBUG balancer.ContainerBalancerTask (ContainerBalancerTask.java:lambda$moveContainer$3(837)) - Container move completed for container #70 from source febeeba7-b923-4865-ad1e-c9d2c87db953 to target c4d3ccbc-bddd-48e4-90bc-e339467c15d1
2023-07-25 18:54:28,754 [main] WARN  balancer.ContainerBalancerTask (ContainerBalancerTask.java:reachedMaxSizeToMovePerIteration(733)) - Reached max size to move limit. 53687091200 bytes have already been scheduled for balancing and the limit is 53687091200 bytes.
2023-07-25 18:54:28,754 [main] INFO  balancer.ContainerBalancerTask (ContainerBalancerTask.java:checkIterationMoveResults(642)) - Iteration Summary. Number of Datanodes involved: 6. Size moved: 50 GB (53687091200 Bytes). Number of Container moves completed: 14.
2023-07-25 18:54:28,754 [main] INFO  balancer.ContainerBalancerTask (ContainerBalancerTask.java:balance(259)) - Result of this iteration of Container Balancer: ITERATION_COMPLETED
2023-07-25 18:54:28,755 [main] INFO  balancer.ContainerBalancerTask (ContainerBalancerTask.java:tryStopWithSaveConfiguration(308)) - Save Configuration for stopping. Reason: Completed all iterations.
2023-07-25 18:54:28,756 [main] DEBUG balancer.ContainerBalancerTask (ContainerBalancerTask.java:initializeIteration(374)) - Average utilization of the cluster is 0.3156055222234002
2023-07-25 18:54:28,756 [main] DEBUG balancer.ContainerBalancerTask (ContainerBalancerTask.java:initializeIteration(386)) - Lower limit for utilization is -0.631953268802988 and Upper limit for utilization is 1.2631643132497885
2023-07-25 18:54:28,756 [main] DEBUG balancer.ContainerBalancerTask (ContainerBalancerTask.java:initializeIteration(398)) - Utilization for node 4f50034a-75b4-4c2d-a6cb-499964ebd3d2 with capacity 51300998257B, used 46170898432B, and remaining 5130099825B is 0.900000000013645
2023-07-25 18:54:28,756 [main] DEBUG balancer.ContainerBalancerTask (ContainerBalancerTask.java:initializeIteration(398)) - Utilization for node febeeba7-b923-4865-ad1e-c9d2c87db953 with capacity 59055800320B, used 47244640256B, and remaining 11811160064B is 0.8
2023-07-25 18:54:28,756 [main] DEBUG balancer.ContainerBalancerTask (ContainerBalancerTask.java:initializeIteration(398)) - Utilization for node f567f802-00a5-4ded-98c6-a7ae94c3340a with capacity 56754924982B, used 39728447488B, and remaining 17026477494B is 0.7000000000105717
2023-07-25 18:54:28,756 [main] DEBUG balancer.ContainerBalancerTask (ContainerBalancerTask.java:initializeIteration(398)) - Utilization for node aeeccbb3-1414-41c1-a6a4-102a874b451a with capacity 78741067093B, used 47244640256B, and remaining 31496426837B is 0.60000000000254
2023-07-25 18:54:28,756 [main] DEBUG balancer.ContainerBalancerTask (ContainerBalancerTask.java:initializeIteration(398)) - Utilization for node ad10ee04-68bb-4b66-9072-13d3587588f5 with capacity 77309411328B, used 38654705664B, and remaining 38654705664B is 0.5
2023-07-25 18:54:28,756 [main] DEBUG balancer.ContainerBalancerTask (ContainerBalancerTask.java:initializeIteration(398)) - Utilization for node 906155a4-1f78-4e66-8a37-e7f244b863db with capacity 75161927680B, used 30064771072B, and remaining 45097156608B is 0.4
2023-07-25 18:54:28,756 [main] DEBUG balancer.ContainerBalancerTask (ContainerBalancerTask.java:initializeIteration(398)) - Utilization for node abe908e0-ec37-4cce-924f-463e25c3270a with capacity 150323855360B, used 45097156608B, and remaining 105226698752B is 0.3
2023-07-25 18:54:28,757 [main] DEBUG balancer.ContainerBalancerTask (ContainerBalancerTask.java:initializeIteration(398)) - Utilization for node 5380d800-8fce-4a63-b11f-8b1055d91157 with capacity 182536110080B, used 36507222016B, and remaining 146028888064B is 0.2
2023-07-25 18:54:28,759 [main] DEBUG balancer.ContainerBalancerTask (ContainerBalancerTask.java:initializeIteration(398)) - Utilization for node 056bfb90-4be8-433c-ac1a-986752aaa3eb with capacity 386547056640B, used 38654705664B, and remaining 347892350976B is 0.1
2023-07-25 18:54:28,759 [main] DEBUG balancer.ContainerBalancerTask (ContainerBalancerTask.java:initializeIteration(398)) - Utilization for node c4d3ccbc-bddd-48e4-90bc-e339467c15d1 with capacity 52613349376B, used 0B, and remaining 52613349376B is 0.0
2023-07-25 18:54:28,759 [main] INFO  balancer.ContainerBalancerTask (ContainerBalancerTask.java:initializeIteration(443)) - Did not find any unbalanced Datanodes.
2023-07-25 18:54:28,759 [main] INFO  balancer.ContainerBalancerTask (ContainerBalancerTask.java:tryStopWithSaveConfiguration(308)) - Save Configuration for stopping. Reason: Could not initialize ContainerBalancer's iteration number 0
2023-07-25 18:54:28,760 [main] DEBUG balancer.ContainerBalancerTask (ContainerBalancerTask.java:initializeIteration(374)) - Average utilization of the cluster is 0.3156055222234002
2023-07-25 18:54:28,760 [main] DEBUG balancer.ContainerBalancerTask (ContainerBalancerTask.java:initializeIteration(386)) - Lower limit for utilization is -0.5524909125734664 and Upper limit for utilization is 1.1837019570202667
2023-07-25 18:54:28,760 [main] DEBUG balancer.ContainerBalancerTask (ContainerBalancerTask.java:initializeIteration(398)) - Utilization for node 4f50034a-75b4-4c2d-a6cb-499964ebd3d2 with capacity 51300998257B, used 46170898432B, and remaining 5130099825B is 0.900000000013645
2023-07-25 18:54:28,761 [main] DEBUG balancer.ContainerBalancerTask (ContainerBalancerTask.java:initializeIteration(398)) - Utilization for node febeeba7-b923-4865-ad1e-c9d2c87db953 with capacity 59055800320B, used 47244640256B, and remaining 11811160064B is 0.8
2023-07-25 18:54:28,761 [main] DEBUG balancer.ContainerBalancerTask (ContainerBalancerTask.java:initializeIteration(398)) - Utilization for node f567f802-00a5-4ded-98c6-a7ae94c3340a with capacity 56754924982B, used 39728447488B, and remaining 17026477494B is 0.7000000000105717
2023-07-25 18:54:28,761 [main] DEBUG balancer.ContainerBalancerTask (ContainerBalancerTask.java:initializeIteration(398)) - Utilization for node aeeccbb3-1414-41c1-a6a4-102a874b451a with capacity 78741067093B, used 47244640256B, and remaining 31496426837B is 0.60000000000254
2023-07-25 18:54:28,761 [main] DEBUG balancer.ContainerBalancerTask (ContainerBalancerTask.java:initializeIteration(398)) - Utilization for node ad10ee04-68bb-4b66-9072-13d3587588f5 with capacity 77309411328B, used 38654705664B, and remaining 38654705664B is 0.5
2023-07-25 18:54:28,761 [main] DEBUG balancer.ContainerBalancerTask (ContainerBalancerTask.java:initializeIteration(398)) - Utilization for node 906155a4-1f78-4e66-8a37-e7f244b863db with capacity 75161927680B, used 30064771072B, and remaining 45097156608B is 0.4
2023-07-25 18:54:28,761 [main] DEBUG balancer.ContainerBalancerTask (ContainerBalancerTask.java:initializeIteration(398)) - Utilization for node abe908e0-ec37-4cce-924f-463e25c3270a with capacity 150323855360B, used 45097156608B, and remaining 105226698752B is 0.3
2023-07-25 18:54:28,761 [main] DEBUG balancer.ContainerBalancerTask (ContainerBalancerTask.java:initializeIteration(398)) - Utilization for node 5380d800-8fce-4a63-b11f-8b1055d91157 with capacity 182536110080B, used 36507222016B, and remaining 146028888064B is 0.2
2023-07-25 18:54:28,761 [main] DEBUG balancer.ContainerBalancerTask (ContainerBalancerTask.java:initializeIteration(398)) - Utilization for node 056bfb90-4be8-433c-ac1a-986752aaa3eb with capacity 386547056640B, used 38654705664B, and remaining 347892350976B is 0.1
2023-07-25 18:54:28,761 [main] DEBUG balancer.ContainerBalancerTask (ContainerBalancerTask.java:initializeIteration(398)) - Utilization for node c4d3ccbc-bddd-48e4-90bc-e339467c15d1 with capacity 52613349376B, used 0B, and remaining 52613349376B is 0.0
2023-07-25 18:54:28,761 [main] INFO  balancer.ContainerBalancerTask (ContainerBalancerTask.java:initializeIteration(443)) - Did not find any unbalanced Datanodes.
2023-07-25 18:54:28,761 [main] INFO  balancer.ContainerBalancerTask (ContainerBalancerTask.java:tryStopWithSaveConfiguration(308)) - Save Configuration for stopping. Reason: Could not initialize ContainerBalancer's iteration number 0
2023-07-25 18:54:28,762 [main] DEBUG balancer.ContainerBalancerTask (ContainerBalancerTask.java:initializeIteration(374)) - Average utilization of the cluster is 0.3156055222234002
2023-07-25 18:54:28,762 [main] DEBUG balancer.ContainerBalancerTask (ContainerBalancerTask.java:initializeIteration(386)) - Lower limit for utilization is -0.5732961188174648 and Upper limit for utilization is 1.2045071632642652
2023-07-25 18:54:28,762 [main] DEBUG balancer.ContainerBalancerTask (ContainerBalancerTask.java:initializeIteration(398)) - Utilization for node 4f50034a-75b4-4c2d-a6cb-499964ebd3d2 with capacity 51300998257B, used 46170898432B, and remaining 5130099825B is 0.900000000013645
2023-07-25 18:54:28,763 [main] DEBUG balancer.ContainerBalancerTask (ContainerBalancerTask.java:initializeIteration(398)) - Utilization for node febeeba7-b923-4865-ad1e-c9d2c87db953 with capacity 59055800320B, used 47244640256B, and remaining 11811160064B is 0.8
2023-07-25 18:54:28,763 [main] DEBUG balancer.ContainerBalancerTask (ContainerBalancerTask.java:initializeIteration(398)) - Utilization for node f567f802-00a5-4ded-98c6-a7ae94c3340a with capacity 56754924982B, used 39728447488B, and remaining 17026477494B is 0.7000000000105717
2023-07-25 18:54:28,763 [main] DEBUG balancer.ContainerBalancerTask (ContainerBalancerTask.java:initializeIteration(398)) - Utilization for node aeeccbb3-1414-41c1-a6a4-102a874b451a with capacity 78741067093B, used 47244640256B, and remaining 31496426837B is 0.60000000000254
2023-07-25 18:54:28,763 [main] DEBUG balancer.ContainerBalancerTask (ContainerBalancerTask.java:initializeIteration(398)) - Utilization for node ad10ee04-68bb-4b66-9072-13d3587588f5 with capacity 77309411328B, used 38654705664B, and remaining 38654705664B is 0.5
2023-07-25 18:54:28,763 [main] DEBUG balancer.ContainerBalancerTask (ContainerBalancerTask.java:initializeIteration(398)) - Utilization for node 906155a4-1f78-4e66-8a37-e7f244b863db with capacity 75161927680B, used 30064771072B, and remaining 45097156608B is 0.4
2023-07-25 18:54:28,763 [main] DEBUG balancer.ContainerBalancerTask (ContainerBalancerTask.java:initializeIteration(398)) - Utilization for node abe908e0-ec37-4cce-924f-463e25c3270a with capacity 150323855360B, used 45097156608B, and remaining 105226698752B is 0.3
2023-07-25 18:54:28,763 [main] DEBUG balancer.ContainerBalancerTask (ContainerBalancerTask.java:initializeIteration(398)) - Utilization for node 5380d800-8fce-4a63-b11f-8b1055d91157 with capacity 182536110080B, used 36507222016B, and remaining 146028888064B is 0.2
2023-07-25 18:54:28,763 [main] DEBUG balancer.ContainerBalancerTask (ContainerBalancerTask.java:initializeIteration(398)) - Utilization for node 056bfb90-4be8-433c-ac1a-986752aaa3eb with capacity 386547056640B, used 38654705664B, and remaining 347892350976B is 0.1
2023-07-25 18:54:28,763 [main] DEBUG balancer.ContainerBalancerTask (ContainerBalancerTask.java:initializeIteration(398)) - Utilization for node c4d3ccbc-bddd-48e4-90bc-e339467c15d1 with capacity 52613349376B, used 0B, and remaining 52613349376B is 0.0
2023-07-25 18:54:28,763 [main] INFO  balancer.ContainerBalancerTask (ContainerBalancerTask.java:initializeIteration(443)) - Did not find any unbalanced Datanodes.
2023-07-25 18:54:28,763 [main] INFO  balancer.ContainerBalancerTask (ContainerBalancerTask.java:tryStopWithSaveConfiguration(308)) - Save Configuration for stopping. Reason: Could not initialize ContainerBalancer's iteration number 0
2023-07-25 18:54:28,764 [main] DEBUG balancer.ContainerBalancerTask (ContainerBalancerTask.java:initializeIteration(374)) - Average utilization of the cluster is 0.3156055222234002
2023-07-25 18:54:28,764 [main] DEBUG balancer.ContainerBalancerTask (ContainerBalancerTask.java:initializeIteration(386)) - Lower limit for utilization is -0.3008582769146969 and Upper limit for utilization is 0.9320693213614973
2023-07-25 18:54:28,764 [main] DEBUG balancer.ContainerBalancerTask (ContainerBalancerTask.java:initializeIteration(398)) - Utilization for node 4f50034a-75b4-4c2d-a6cb-499964ebd3d2 with capacity 51300998257B, used 46170898432B, and remaining 5130099825B is 0.900000000013645
2023-07-25 18:54:28,764 [main] DEBUG balancer.ContainerBalancerTask (ContainerBalancerTask.java:initializeIteration(398)) - Utilization for node febeeba7-b923-4865-ad1e-c9d2c87db953 with capacity 59055800320B, used 47244640256B, and remaining 11811160064B is 0.8
2023-07-25 18:54:28,765 [main] DEBUG balancer.ContainerBalancerTask (ContainerBalancerTask.java:initializeIteration(398)) - Utilization for node f567f802-00a5-4ded-98c6-a7ae94c3340a with capacity 56754924982B, used 39728447488B, and remaining 17026477494B is 0.7000000000105717
2023-07-25 18:54:28,765 [main] DEBUG balancer.ContainerBalancerTask (ContainerBalancerTask.java:initializeIteration(398)) - Utilization for node aeeccbb3-1414-41c1-a6a4-102a874b451a with capacity 78741067093B, used 47244640256B, and remaining 31496426837B is 0.60000000000254
2023-07-25 18:54:28,765 [main] DEBUG balancer.ContainerBalancerTask (ContainerBalancerTask.java:initializeIteration(398)) - Utilization for node ad10ee04-68bb-4b66-9072-13d3587588f5 with capacity 77309411328B, used 38654705664B, and remaining 38654705664B is 0.5
2023-07-25 18:54:28,765 [main] DEBUG balancer.ContainerBalancerTask (ContainerBalancerTask.java:initializeIteration(398)) - Utilization for node 906155a4-1f78-4e66-8a37-e7f244b863db with capacity 75161927680B, used 30064771072B, and remaining 45097156608B is 0.4
2023-07-25 18:54:28,765 [main] DEBUG balancer.ContainerBalancerTask (ContainerBalancerTask.java:initializeIteration(398)) - Utilization for node abe908e0-ec37-4cce-924f-463e25c3270a with capacity 150323855360B, used 45097156608B, and remaining 105226698752B is 0.3
2023-07-25 18:54:28,765 [main] DEBUG balancer.ContainerBalancerTask (ContainerBalancerTask.java:initializeIteration(398)) - Utilization for node 5380d800-8fce-4a63-b11f-8b1055d91157 with capacity 182536110080B, used 36507222016B, and remaining 146028888064B is 0.2
2023-07-25 18:54:28,765 [main] DEBUG balancer.ContainerBalancerTask (ContainerBalancerTask.java:initializeIteration(398)) - Utilization for node 056bfb90-4be8-433c-ac1a-986752aaa3eb with capacity 386547056640B, used 38654705664B, and remaining 347892350976B is 0.1
2023-07-25 18:54:28,765 [main] DEBUG balancer.ContainerBalancerTask (ContainerBalancerTask.java:initializeIteration(398)) - Utilization for node c4d3ccbc-bddd-48e4-90bc-e339467c15d1 with capacity 52613349376B, used 0B, and remaining 52613349376B is 0.0
2023-07-25 18:54:28,765 [main] INFO  balancer.ContainerBalancerTask (ContainerBalancerTask.java:initializeIteration(443)) - Did not find any unbalanced Datanodes.
2023-07-25 18:54:28,765 [main] INFO  balancer.ContainerBalancerTask (ContainerBalancerTask.java:tryStopWithSaveConfiguration(308)) - Save Configuration for stopping. Reason: Could not initialize ContainerBalancer's iteration number 0
2023-07-25 18:54:28,766 [main] DEBUG balancer.ContainerBalancerTask (ContainerBalancerTask.java:initializeIteration(374)) - Average utilization of the cluster is 0.3156055222234002
2023-07-25 18:54:28,766 [main] DEBUG balancer.ContainerBalancerTask (ContainerBalancerTask.java:initializeIteration(386)) - Lower limit for utilization is -0.6089683386828536 and Upper limit for utilization is 1.2401793831296541
2023-07-25 18:54:28,766 [main] DEBUG balancer.ContainerBalancerTask (ContainerBalancerTask.java:initializeIteration(398)) - Utilization for node 4f50034a-75b4-4c2d-a6cb-499964ebd3d2 with capacity 51300998257B, used 46170898432B, and remaining 5130099825B is 0.900000000013645
2023-07-25 18:54:28,767 [main] DEBUG balancer.ContainerBalancerTask (ContainerBalancerTask.java:initializeIteration(398)) - Utilization for node febeeba7-b923-4865-ad1e-c9d2c87db953 with capacity 59055800320B, used 47244640256B, and remaining 11811160064B is 0.8
2023-07-25 18:54:28,767 [main] DEBUG balancer.ContainerBalancerTask (ContainerBalancerTask.java:initializeIteration(398)) - Utilization for node f567f802-00a5-4ded-98c6-a7ae94c3340a with capacity 56754924982B, used 39728447488B, and remaining 17026477494B is 0.7000000000105717
2023-07-25 18:54:28,767 [main] DEBUG balancer.ContainerBalancerTask (ContainerBalancerTask.java:initializeIteration(398)) - Utilization for node aeeccbb3-1414-41c1-a6a4-102a874b451a with capacity 78741067093B, used 47244640256B, and remaining 31496426837B is 0.60000000000254
2023-07-25 18:54:28,767 [main] DEBUG balancer.ContainerBalancerTask (ContainerBalancerTask.java:initializeIteration(398)) - Utilization for node ad10ee04-68bb-4b66-9072-13d3587588f5 with capacity 77309411328B, used 38654705664B, and remaining 38654705664B is 0.5
2023-07-25 18:54:28,767 [main] DEBUG balancer.ContainerBalancerTask (ContainerBalancerTask.java:initializeIteration(398)) - Utilization for node 906155a4-1f78-4e66-8a37-e7f244b863db with capacity 75161927680B, used 30064771072B, and remaining 45097156608B is 0.4
2023-07-25 18:54:28,767 [main] DEBUG balancer.ContainerBalancerTask (ContainerBalancerTask.java:initializeIteration(398)) - Utilization for node abe908e0-ec37-4cce-924f-463e25c3270a with capacity 150323855360B, used 45097156608B, and remaining 105226698752B is 0.3
2023-07-25 18:54:28,767 [main] DEBUG balancer.ContainerBalancerTask (ContainerBalancerTask.java:initializeIteration(398)) - Utilization for node 5380d800-8fce-4a63-b11f-8b1055d91157 with capacity 182536110080B, used 36507222016B, and remaining 146028888064B is 0.2
2023-07-25 18:54:28,767 [main] DEBUG balancer.ContainerBalancerTask (ContainerBalancerTask.java:initializeIteration(398)) - Utilization for node 056bfb90-4be8-433c-ac1a-986752aaa3eb with capacity 386547056640B, used 38654705664B, and remaining 347892350976B is 0.1
2023-07-25 18:54:28,767 [main] DEBUG balancer.ContainerBalancerTask (ContainerBalancerTask.java:initializeIteration(398)) - Utilization for node c4d3ccbc-bddd-48e4-90bc-e339467c15d1 with capacity 52613349376B, used 0B, and remaining 52613349376B is 0.0
2023-07-25 18:54:28,767 [main] INFO  balancer.ContainerBalancerTask (ContainerBalancerTask.java:initializeIteration(443)) - Did not find any unbalanced Datanodes.
2023-07-25 18:54:28,767 [main] INFO  balancer.ContainerBalancerTask (ContainerBalancerTask.java:tryStopWithSaveConfiguration(308)) - Save Configuration for stopping. Reason: Could not initialize ContainerBalancer's iteration number 0
2023-07-25 18:54:28,768 [main] DEBUG balancer.ContainerBalancerTask (ContainerBalancerTask.java:initializeIteration(374)) - Average utilization of the cluster is 0.3156055222234002
2023-07-25 18:54:28,768 [main] DEBUG balancer.ContainerBalancerTask (ContainerBalancerTask.java:initializeIteration(386)) - Lower limit for utilization is -0.5371142728610683 and Upper limit for utilization is 1.1683253173078687
2023-07-25 18:54:28,768 [main] DEBUG balancer.ContainerBalancerTask (ContainerBalancerTask.java:initializeIteration(398)) - Utilization for node 4f50034a-75b4-4c2d-a6cb-499964ebd3d2 with capacity 51300998257B, used 46170898432B, and remaining 5130099825B is 0.900000000013645
2023-07-25 18:54:28,768 [main] DEBUG balancer.ContainerBalancerTask (ContainerBalancerTask.java:initializeIteration(398)) - Utilization for node febeeba7-b923-4865-ad1e-c9d2c87db953 with capacity 59055800320B, used 47244640256B, and remaining 11811160064B is 0.8
2023-07-25 18:54:28,769 [main] DEBUG balancer.ContainerBalancerTask (ContainerBalancerTask.java:initializeIteration(398)) - Utilization for node f567f802-00a5-4ded-98c6-a7ae94c3340a with capacity 56754924982B, used 39728447488B, and remaining 17026477494B is 0.7000000000105717
2023-07-25 18:54:28,769 [main] DEBUG balancer.ContainerBalancerTask (ContainerBalancerTask.java:initializeIteration(398)) - Utilization for node aeeccbb3-1414-41c1-a6a4-102a874b451a with capacity 78741067093B, used 47244640256B, and remaining 31496426837B is 0.60000000000254
2023-07-25 18:54:28,769 [main] DEBUG balancer.ContainerBalancerTask (ContainerBalancerTask.java:initializeIteration(398)) - Utilization for node ad10ee04-68bb-4b66-9072-13d3587588f5 with capacity 77309411328B, used 38654705664B, and remaining 38654705664B is 0.5
2023-07-25 18:54:28,769 [main] DEBUG balancer.ContainerBalancerTask (ContainerBalancerTask.java:initializeIteration(398)) - Utilization for node 906155a4-1f78-4e66-8a37-e7f244b863db with capacity 75161927680B, used 30064771072B, and remaining 45097156608B is 0.4
2023-07-25 18:54:28,769 [main] DEBUG balancer.ContainerBalancerTask (ContainerBalancerTask.java:initializeIteration(398)) - Utilization for node abe908e0-ec37-4cce-924f-463e25c3270a with capacity 150323855360B, used 45097156608B, and remaining 105226698752B is 0.3
2023-07-25 18:54:28,769 [main] DEBUG balancer.ContainerBalancerTask (ContainerBalancerTask.java:initializeIteration(398)) - Utilization for node 5380d800-8fce-4a63-b11f-8b1055d91157 with capacity 182536110080B, used 36507222016B, and remaining 146028888064B is 0.2
2023-07-25 18:54:28,769 [main] DEBUG balancer.ContainerBalancerTask (ContainerBalancerTask.java:initializeIteration(398)) - Utilization for node 056bfb90-4be8-433c-ac1a-986752aaa3eb with capacity 386547056640B, used 38654705664B, and remaining 347892350976B is 0.1
2023-07-25 18:54:28,769 [main] DEBUG balancer.ContainerBalancerTask (ContainerBalancerTask.java:initializeIteration(398)) - Utilization for node c4d3ccbc-bddd-48e4-90bc-e339467c15d1 with capacity 52613349376B, used 0B, and remaining 52613349376B is 0.0
2023-07-25 18:54:28,769 [main] INFO  balancer.ContainerBalancerTask (ContainerBalancerTask.java:initializeIteration(443)) - Did not find any unbalanced Datanodes.
2023-07-25 18:54:28,770 [main] INFO  balancer.ContainerBalancerTask (ContainerBalancerTask.java:tryStopWithSaveConfiguration(308)) - Save Configuration for stopping. Reason: Could not initialize ContainerBalancer's iteration number 0
2023-07-25 18:54:28,770 [main] DEBUG balancer.ContainerBalancerTask (ContainerBalancerTask.java:initializeIteration(374)) - Average utilization of the cluster is 0.3156055222234002
2023-07-25 18:54:28,770 [main] DEBUG balancer.ContainerBalancerTask (ContainerBalancerTask.java:initializeIteration(386)) - Lower limit for utilization is -0.6328938238774794 and Upper limit for utilization is 1.2641048683242797
2023-07-25 18:54:28,771 [main] DEBUG balancer.ContainerBalancerTask (ContainerBalancerTask.java:initializeIteration(398)) - Utilization for node 4f50034a-75b4-4c2d-a6cb-499964ebd3d2 with capacity 51300998257B, used 46170898432B, and remaining 5130099825B is 0.900000000013645
2023-07-25 18:54:28,771 [main] DEBUG balancer.ContainerBalancerTask (ContainerBalancerTask.java:initializeIteration(398)) - Utilization for node febeeba7-b923-4865-ad1e-c9d2c87db953 with capacity 59055800320B, used 47244640256B, and remaining 11811160064B is 0.8
2023-07-25 18:54:28,771 [main] DEBUG balancer.ContainerBalancerTask (ContainerBalancerTask.java:initializeIteration(398)) - Utilization for node f567f802-00a5-4ded-98c6-a7ae94c3340a with capacity 56754924982B, used 39728447488B, and remaining 17026477494B is 0.7000000000105717
2023-07-25 18:54:28,771 [main] DEBUG balancer.ContainerBalancerTask (ContainerBalancerTask.java:initializeIteration(398)) - Utilization for node aeeccbb3-1414-41c1-a6a4-102a874b451a with capacity 78741067093B, used 47244640256B, and remaining 31496426837B is 0.60000000000254
2023-07-25 18:54:28,771 [main] DEBUG balancer.ContainerBalancerTask (ContainerBalancerTask.java:initializeIteration(398)) - Utilization for node ad10ee04-68bb-4b66-9072-13d3587588f5 with capacity 77309411328B, used 38654705664B, and remaining 38654705664B is 0.5
2023-07-25 18:54:28,771 [main] DEBUG balancer.ContainerBalancerTask (ContainerBalancerTask.java:initializeIteration(398)) - Utilization for node 906155a4-1f78-4e66-8a37-e7f244b863db with capacity 75161927680B, used 30064771072B, and remaining 45097156608B is 0.4
2023-07-25 18:54:28,771 [main] DEBUG balancer.ContainerBalancerTask (ContainerBalancerTask.java:initializeIteration(398)) - Utilization for node abe908e0-ec37-4cce-924f-463e25c3270a with capacity 150323855360B, used 45097156608B, and remaining 105226698752B is 0.3
2023-07-25 18:54:28,771 [main] DEBUG balancer.ContainerBalancerTask (ContainerBalancerTask.java:initializeIteration(398)) - Utilization for node 5380d800-8fce-4a63-b11f-8b1055d91157 with capacity 182536110080B, used 36507222016B, and remaining 146028888064B is 0.2
2023-07-25 18:54:28,771 [main] DEBUG balancer.ContainerBalancerTask (ContainerBalancerTask.java:initializeIteration(398)) - Utilization for node 056bfb90-4be8-433c-ac1a-986752aaa3eb with capacity 386547056640B, used 38654705664B, and remaining 347892350976B is 0.1
2023-07-25 18:54:28,771 [main] DEBUG balancer.ContainerBalancerTask (ContainerBalancerTask.java:initializeIteration(398)) - Utilization for node c4d3ccbc-bddd-48e4-90bc-e339467c15d1 with capacity 52613349376B, used 0B, and remaining 52613349376B is 0.0
2023-07-25 18:54:28,772 [main] INFO  balancer.ContainerBalancerTask (ContainerBalancerTask.java:initializeIteration(443)) - Did not find any unbalanced Datanodes.
2023-07-25 18:54:28,772 [main] INFO  balancer.ContainerBalancerTask (ContainerBalancerTask.java:tryStopWithSaveConfiguration(308)) - Save Configuration for stopping. Reason: Could not initialize ContainerBalancer's iteration number 0
2023-07-25 18:54:28,772 [main] DEBUG balancer.ContainerBalancerTask (ContainerBalancerTask.java:initializeIteration(374)) - Average utilization of the cluster is 0.3156055222234002
2023-07-25 18:54:28,773 [main] DEBUG balancer.ContainerBalancerTask (ContainerBalancerTask.java:initializeIteration(386)) - Lower limit for utilization is 0.2815809895451644 and Upper limit for utilization is 0.349630054901636
2023-07-25 18:54:28,773 [main] DEBUG balancer.ContainerBalancerTask (ContainerBalancerTask.java:initializeIteration(398)) - Utilization for node 4f50034a-75b4-4c2d-a6cb-499964ebd3d2 with capacity 51300998257B, used 46170898432B, and remaining 5130099825B is 0.900000000013645
2023-07-25 18:54:28,773 [main] DEBUG balancer.ContainerBalancerTask (ContainerBalancerTask.java:initializeIteration(398)) - Utilization for node febeeba7-b923-4865-ad1e-c9d2c87db953 with capacity 59055800320B, used 47244640256B, and remaining 11811160064B is 0.8
2023-07-25 18:54:28,773 [main] DEBUG balancer.ContainerBalancerTask (ContainerBalancerTask.java:initializeIteration(398)) - Utilization for node f567f802-00a5-4ded-98c6-a7ae94c3340a with capacity 56754924982B, used 39728447488B, and remaining 17026477494B is 0.7000000000105717
2023-07-25 18:54:28,773 [main] DEBUG balancer.ContainerBalancerTask (ContainerBalancerTask.java:initializeIteration(398)) - Utilization for node aeeccbb3-1414-41c1-a6a4-102a874b451a with capacity 78741067093B, used 47244640256B, and remaining 31496426837B is 0.60000000000254
2023-07-25 18:54:28,773 [main] DEBUG balancer.ContainerBalancerTask (ContainerBalancerTask.java:initializeIteration(398)) - Utilization for node ad10ee04-68bb-4b66-9072-13d3587588f5 with capacity 77309411328B, used 38654705664B, and remaining 38654705664B is 0.5
2023-07-25 18:54:28,773 [main] DEBUG balancer.ContainerBalancerTask (ContainerBalancerTask.java:initializeIteration(398)) - Utilization for node 906155a4-1f78-4e66-8a37-e7f244b863db with capacity 75161927680B, used 30064771072B, and remaining 45097156608B is 0.4
2023-07-25 18:54:28,773 [main] DEBUG balancer.ContainerBalancerTask (ContainerBalancerTask.java:initializeIteration(398)) - Utilization for node abe908e0-ec37-4cce-924f-463e25c3270a with capacity 150323855360B, used 45097156608B, and remaining 105226698752B is 0.3
2023-07-25 18:54:28,773 [main] DEBUG balancer.ContainerBalancerTask (ContainerBalancerTask.java:initializeIteration(398)) - Utilization for node 5380d800-8fce-4a63-b11f-8b1055d91157 with capacity 182536110080B, used 36507222016B, and remaining 146028888064B is 0.2
2023-07-25 18:54:28,773 [main] DEBUG balancer.ContainerBalancerTask (ContainerBalancerTask.java:initializeIteration(398)) - Utilization for node 056bfb90-4be8-433c-ac1a-986752aaa3eb with capacity 386547056640B, used 38654705664B, and remaining 347892350976B is 0.1
2023-07-25 18:54:28,774 [main] DEBUG balancer.ContainerBalancerTask (ContainerBalancerTask.java:initializeIteration(398)) - Utilization for node c4d3ccbc-bddd-48e4-90bc-e339467c15d1 with capacity 52613349376B, used 0B, and remaining 52613349376B is 0.0
2023-07-25 18:54:28,774 [main] INFO  balancer.ContainerBalancerTask (ContainerBalancerTask.java:initializeIteration(447)) - Container Balancer has identified 6 Over-Utilized and 3 Under-Utilized Datanodes that need to be balanced.
2023-07-25 18:54:28,774 [main] DEBUG balancer.ContainerBalancerTask (ContainerBalancerTask.java:lambda$initializeIteration$1(453)) - Datanode localhost-68.254.123.214 4f50034a-75b4-4c2d-a6cb-499964ebd3d2 is Over-Utilized.
2023-07-25 18:54:28,774 [main] DEBUG balancer.ContainerBalancerTask (ContainerBalancerTask.java:lambda$initializeIteration$1(453)) - Datanode localhost-72.76.193.140 febeeba7-b923-4865-ad1e-c9d2c87db953 is Over-Utilized.
2023-07-25 18:54:28,774 [main] DEBUG balancer.ContainerBalancerTask (ContainerBalancerTask.java:lambda$initializeIteration$1(453)) - Datanode localhost-157.195.1.111 f567f802-00a5-4ded-98c6-a7ae94c3340a is Over-Utilized.
2023-07-25 18:54:28,774 [main] DEBUG balancer.ContainerBalancerTask (ContainerBalancerTask.java:lambda$initializeIteration$1(453)) - Datanode localhost-189.238.33.126 aeeccbb3-1414-41c1-a6a4-102a874b451a is Over-Utilized.
2023-07-25 18:54:28,774 [main] DEBUG balancer.ContainerBalancerTask (ContainerBalancerTask.java:lambda$initializeIteration$1(453)) - Datanode localhost-36.107.44.62 ad10ee04-68bb-4b66-9072-13d3587588f5 is Over-Utilized.
2023-07-25 18:54:28,774 [main] DEBUG balancer.ContainerBalancerTask (ContainerBalancerTask.java:lambda$initializeIteration$1(453)) - Datanode localhost-166.226.86.193 906155a4-1f78-4e66-8a37-e7f244b863db is Over-Utilized.
2023-07-25 18:54:28,774 [main] DEBUG balancer.ContainerBalancerTask (ContainerBalancerTask.java:lambda$initializeIteration$2(459)) - Datanode localhost-99.255.28.30 c4d3ccbc-bddd-48e4-90bc-e339467c15d1 is Under-Utilized.
2023-07-25 18:54:28,774 [main] DEBUG balancer.ContainerBalancerTask (ContainerBalancerTask.java:lambda$initializeIteration$2(459)) - Datanode localhost-117.176.158.140 056bfb90-4be8-433c-ac1a-986752aaa3eb is Under-Utilized.
2023-07-25 18:54:28,774 [main] DEBUG balancer.ContainerBalancerTask (ContainerBalancerTask.java:lambda$initializeIteration$2(459)) - Datanode localhost-191.130.230.124 5380d800-8fce-4a63-b11f-8b1055d91157 is Under-Utilized.
2023-07-25 18:54:28,777 [main] DEBUG balancer.ContainerBalancerTask (ContainerBalancerTask.java:matchSourceWithTarget(708)) - ContainerBalancer is finding suitable target for source datanode 4f50034a-75b4-4c2d-a6cb-499964ebd3d2
2023-07-25 18:54:28,777 [main] INFO  balancer.ContainerBalancerTask (ContainerBalancerTask.java:matchSourceWithTarget(722)) - ContainerBalancer matched source datanode 4f50034a-75b4-4c2d-a6cb-499964ebd3d2 with target datanode c4d3ccbc-bddd-48e4-90bc-e339467c15d1 for container move.
2023-07-25 18:54:28,777 [main] INFO  balancer.ContainerBalancerTask (ContainerBalancerTask.java:processMoveSelection(569)) - ContainerBalancer is trying to move container #85 with size 5368709120B from source datanode 4f50034a-75b4-4c2d-a6cb-499964ebd3d2 to target datanode c4d3ccbc-bddd-48e4-90bc-e339467c15d1
2023-07-25 18:54:28,777 [main] DEBUG balancer.ContainerBalancerTask (ContainerBalancerTask.java:lambda$moveContainer$3(837)) - Container move completed for container #85 from source 4f50034a-75b4-4c2d-a6cb-499964ebd3d2 to target c4d3ccbc-bddd-48e4-90bc-e339467c15d1
2023-07-25 18:54:28,779 [main] DEBUG balancer.ContainerBalancerTask (ContainerBalancerTask.java:matchSourceWithTarget(708)) - ContainerBalancer is finding suitable target for source datanode febeeba7-b923-4865-ad1e-c9d2c87db953
2023-07-25 18:54:28,780 [main] INFO  balancer.ContainerBalancerTask (ContainerBalancerTask.java:matchSourceWithTarget(722)) - ContainerBalancer matched source datanode febeeba7-b923-4865-ad1e-c9d2c87db953 with target datanode 056bfb90-4be8-433c-ac1a-986752aaa3eb for container move.
2023-07-25 18:54:28,780 [main] INFO  balancer.ContainerBalancerTask (ContainerBalancerTask.java:processMoveSelection(569)) - ContainerBalancer is trying to move container #88 with size 3221225472B from source datanode febeeba7-b923-4865-ad1e-c9d2c87db953 to target datanode 056bfb90-4be8-433c-ac1a-986752aaa3eb
2023-07-25 18:54:28,780 [main] DEBUG balancer.ContainerBalancerTask (ContainerBalancerTask.java:lambda$moveContainer$3(837)) - Container move completed for container #88 from source febeeba7-b923-4865-ad1e-c9d2c87db953 to target 056bfb90-4be8-433c-ac1a-986752aaa3eb
2023-07-25 18:54:28,782 [main] DEBUG balancer.ContainerBalancerTask (ContainerBalancerTask.java:matchSourceWithTarget(708)) - ContainerBalancer is finding suitable target for source datanode 4f50034a-75b4-4c2d-a6cb-499964ebd3d2
2023-07-25 18:54:28,782 [main] INFO  balancer.ContainerBalancerTask (ContainerBalancerTask.java:matchSourceWithTarget(722)) - ContainerBalancer matched source datanode 4f50034a-75b4-4c2d-a6cb-499964ebd3d2 with target datanode c4d3ccbc-bddd-48e4-90bc-e339467c15d1 for container move.
2023-07-25 18:54:28,783 [main] INFO  balancer.ContainerBalancerTask (ContainerBalancerTask.java:processMoveSelection(569)) - ContainerBalancer is trying to move container #68 with size 5368709120B from source datanode 4f50034a-75b4-4c2d-a6cb-499964ebd3d2 to target datanode c4d3ccbc-bddd-48e4-90bc-e339467c15d1
2023-07-25 18:54:28,783 [main] DEBUG balancer.ContainerBalancerTask (ContainerBalancerTask.java:lambda$moveContainer$3(837)) - Container move completed for container #68 from source 4f50034a-75b4-4c2d-a6cb-499964ebd3d2 to target c4d3ccbc-bddd-48e4-90bc-e339467c15d1
2023-07-25 18:54:28,785 [main] DEBUG balancer.ContainerBalancerTask (ContainerBalancerTask.java:matchSourceWithTarget(708)) - ContainerBalancer is finding suitable target for source datanode febeeba7-b923-4865-ad1e-c9d2c87db953
2023-07-25 18:54:28,785 [main] INFO  balancer.ContainerBalancerTask (ContainerBalancerTask.java:matchSourceWithTarget(722)) - ContainerBalancer matched source datanode febeeba7-b923-4865-ad1e-c9d2c87db953 with target datanode 056bfb90-4be8-433c-ac1a-986752aaa3eb for container move.
2023-07-25 18:54:28,785 [main] INFO  balancer.ContainerBalancerTask (ContainerBalancerTask.java:processMoveSelection(569)) - ContainerBalancer is trying to move container #71 with size 3221225472B from source datanode febeeba7-b923-4865-ad1e-c9d2c87db953 to target datanode 056bfb90-4be8-433c-ac1a-986752aaa3eb
2023-07-25 18:54:28,786 [main] DEBUG balancer.ContainerBalancerTask (ContainerBalancerTask.java:lambda$moveContainer$3(837)) - Container move completed for container #71 from source febeeba7-b923-4865-ad1e-c9d2c87db953 to target 056bfb90-4be8-433c-ac1a-986752aaa3eb
2023-07-25 18:54:28,788 [main] DEBUG balancer.ContainerBalancerTask (ContainerBalancerTask.java:matchSourceWithTarget(708)) - ContainerBalancer is finding suitable target for source datanode f567f802-00a5-4ded-98c6-a7ae94c3340a
2023-07-25 18:54:28,788 [main] INFO  balancer.ContainerBalancerTask (ContainerBalancerTask.java:matchSourceWithTarget(722)) - ContainerBalancer matched source datanode f567f802-00a5-4ded-98c6-a7ae94c3340a with target datanode 056bfb90-4be8-433c-ac1a-986752aaa3eb for container move.
2023-07-25 18:54:28,788 [main] INFO  balancer.ContainerBalancerTask (ContainerBalancerTask.java:processMoveSelection(569)) - ContainerBalancer is trying to move container #40 with size 5368709120B from source datanode f567f802-00a5-4ded-98c6-a7ae94c3340a to target datanode 056bfb90-4be8-433c-ac1a-986752aaa3eb
2023-07-25 18:54:28,789 [main] DEBUG balancer.ContainerBalancerTask (ContainerBalancerTask.java:lambda$moveContainer$3(837)) - Container move completed for container #40 from source f567f802-00a5-4ded-98c6-a7ae94c3340a to target 056bfb90-4be8-433c-ac1a-986752aaa3eb
2023-07-25 18:54:28,791 [main] DEBUG balancer.ContainerBalancerTask (ContainerBalancerTask.java:matchSourceWithTarget(708)) - ContainerBalancer is finding suitable target for source datanode febeeba7-b923-4865-ad1e-c9d2c87db953
2023-07-25 18:54:28,791 [main] INFO  balancer.ContainerBalancerTask (ContainerBalancerTask.java:matchSourceWithTarget(722)) - ContainerBalancer matched source datanode febeeba7-b923-4865-ad1e-c9d2c87db953 with target datanode 056bfb90-4be8-433c-ac1a-986752aaa3eb for container move.
2023-07-25 18:54:28,792 [main] INFO  balancer.ContainerBalancerTask (ContainerBalancerTask.java:processMoveSelection(569)) - ContainerBalancer is trying to move container #66 with size 3221225472B from source datanode febeeba7-b923-4865-ad1e-c9d2c87db953 to target datanode 056bfb90-4be8-433c-ac1a-986752aaa3eb
2023-07-25 18:54:28,792 [main] DEBUG balancer.ContainerBalancerTask (ContainerBalancerTask.java:lambda$moveContainer$3(837)) - Container move completed for container #66 from source febeeba7-b923-4865-ad1e-c9d2c87db953 to target 056bfb90-4be8-433c-ac1a-986752aaa3eb
2023-07-25 18:54:28,794 [main] DEBUG balancer.ContainerBalancerTask (ContainerBalancerTask.java:matchSourceWithTarget(708)) - ContainerBalancer is finding suitable target for source datanode 4f50034a-75b4-4c2d-a6cb-499964ebd3d2
2023-07-25 18:54:28,794 [main] INFO  balancer.ContainerBalancerTask (ContainerBalancerTask.java:matchSourceWithTarget(722)) - ContainerBalancer matched source datanode 4f50034a-75b4-4c2d-a6cb-499964ebd3d2 with target datanode 056bfb90-4be8-433c-ac1a-986752aaa3eb for container move.
2023-07-25 18:54:28,794 [main] INFO  balancer.ContainerBalancerTask (ContainerBalancerTask.java:processMoveSelection(569)) - ContainerBalancer is trying to move container #89 with size 4294967296B from source datanode 4f50034a-75b4-4c2d-a6cb-499964ebd3d2 to target datanode 056bfb90-4be8-433c-ac1a-986752aaa3eb
2023-07-25 18:54:28,795 [main] DEBUG balancer.ContainerBalancerTask (ContainerBalancerTask.java:lambda$moveContainer$3(837)) - Container move completed for container #89 from source 4f50034a-75b4-4c2d-a6cb-499964ebd3d2 to target 056bfb90-4be8-433c-ac1a-986752aaa3eb
2023-07-25 18:54:28,797 [main] DEBUG balancer.ContainerBalancerTask (ContainerBalancerTask.java:matchSourceWithTarget(708)) - ContainerBalancer is finding suitable target for source datanode febeeba7-b923-4865-ad1e-c9d2c87db953
2023-07-25 18:54:28,797 [main] INFO  balancer.ContainerBalancerTask (ContainerBalancerTask.java:matchSourceWithTarget(722)) - ContainerBalancer matched source datanode febeeba7-b923-4865-ad1e-c9d2c87db953 with target datanode 056bfb90-4be8-433c-ac1a-986752aaa3eb for container move.
2023-07-25 18:54:28,797 [main] INFO  balancer.ContainerBalancerTask (ContainerBalancerTask.java:processMoveSelection(569)) - ContainerBalancer is trying to move container #18 with size 3221225472B from source datanode febeeba7-b923-4865-ad1e-c9d2c87db953 to target datanode 056bfb90-4be8-433c-ac1a-986752aaa3eb
2023-07-25 18:54:28,798 [main] DEBUG balancer.ContainerBalancerTask (ContainerBalancerTask.java:lambda$moveContainer$3(837)) - Container move completed for container #18 from source febeeba7-b923-4865-ad1e-c9d2c87db953 to target 056bfb90-4be8-433c-ac1a-986752aaa3eb
2023-07-25 18:54:28,800 [main] DEBUG balancer.ContainerBalancerTask (ContainerBalancerTask.java:matchSourceWithTarget(708)) - ContainerBalancer is finding suitable target for source datanode 4f50034a-75b4-4c2d-a6cb-499964ebd3d2
2023-07-25 18:54:28,800 [main] INFO  balancer.ContainerBalancerTask (ContainerBalancerTask.java:matchSourceWithTarget(722)) - ContainerBalancer matched source datanode 4f50034a-75b4-4c2d-a6cb-499964ebd3d2 with target datanode 056bfb90-4be8-433c-ac1a-986752aaa3eb for container move.
2023-07-25 18:54:28,800 [main] INFO  balancer.ContainerBalancerTask (ContainerBalancerTask.java:processMoveSelection(569)) - ContainerBalancer is trying to move container #84 with size 4294967296B from source datanode 4f50034a-75b4-4c2d-a6cb-499964ebd3d2 to target datanode 056bfb90-4be8-433c-ac1a-986752aaa3eb
2023-07-25 18:54:28,800 [main] DEBUG balancer.ContainerBalancerTask (ContainerBalancerTask.java:lambda$moveContainer$3(837)) - Container move completed for container #84 from source 4f50034a-75b4-4c2d-a6cb-499964ebd3d2 to target 056bfb90-4be8-433c-ac1a-986752aaa3eb
2023-07-25 18:54:28,803 [main] DEBUG balancer.ContainerBalancerTask (ContainerBalancerTask.java:matchSourceWithTarget(708)) - ContainerBalancer is finding suitable target for source datanode f567f802-00a5-4ded-98c6-a7ae94c3340a
2023-07-25 18:54:28,804 [main] INFO  balancer.ContainerBalancerTask (ContainerBalancerTask.java:matchSourceWithTarget(722)) - ContainerBalancer matched source datanode f567f802-00a5-4ded-98c6-a7ae94c3340a with target datanode 056bfb90-4be8-433c-ac1a-986752aaa3eb for container move.
2023-07-25 18:54:28,804 [main] INFO  balancer.ContainerBalancerTask (ContainerBalancerTask.java:processMoveSelection(569)) - ContainerBalancer is trying to move container #52 with size 4294967296B from source datanode f567f802-00a5-4ded-98c6-a7ae94c3340a to target datanode 056bfb90-4be8-433c-ac1a-986752aaa3eb
2023-07-25 18:54:28,804 [main] DEBUG balancer.ContainerBalancerTask (ContainerBalancerTask.java:lambda$moveContainer$3(837)) - Container move completed for container #52 from source f567f802-00a5-4ded-98c6-a7ae94c3340a to target 056bfb90-4be8-433c-ac1a-986752aaa3eb
2023-07-25 18:54:28,808 [main] DEBUG balancer.ContainerBalancerTask (ContainerBalancerTask.java:matchSourceWithTarget(708)) - ContainerBalancer is finding suitable target for source datanode aeeccbb3-1414-41c1-a6a4-102a874b451a
2023-07-25 18:54:28,808 [main] INFO  balancer.ContainerBalancerTask (ContainerBalancerTask.java:matchSourceWithTarget(722)) - ContainerBalancer matched source datanode aeeccbb3-1414-41c1-a6a4-102a874b451a with target datanode 056bfb90-4be8-433c-ac1a-986752aaa3eb for container move.
2023-07-25 18:54:28,808 [main] INFO  balancer.ContainerBalancerTask (ContainerBalancerTask.java:processMoveSelection(569)) - ContainerBalancer is trying to move container #39 with size 4294967296B from source datanode aeeccbb3-1414-41c1-a6a4-102a874b451a to target datanode 056bfb90-4be8-433c-ac1a-986752aaa3eb
2023-07-25 18:54:28,808 [main] DEBUG balancer.ContainerBalancerTask (ContainerBalancerTask.java:lambda$moveContainer$3(837)) - Container move completed for container #39 from source aeeccbb3-1414-41c1-a6a4-102a874b451a to target 056bfb90-4be8-433c-ac1a-986752aaa3eb
2023-07-25 18:54:28,811 [main] DEBUG balancer.ContainerBalancerTask (ContainerBalancerTask.java:matchSourceWithTarget(708)) - ContainerBalancer is finding suitable target for source datanode febeeba7-b923-4865-ad1e-c9d2c87db953
2023-07-25 18:54:28,811 [main] INFO  balancer.ContainerBalancerTask (ContainerBalancerTask.java:matchSourceWithTarget(722)) - ContainerBalancer matched source datanode febeeba7-b923-4865-ad1e-c9d2c87db953 with target datanode 056bfb90-4be8-433c-ac1a-986752aaa3eb for container move.
2023-07-25 18:54:28,811 [main] INFO  balancer.ContainerBalancerTask (ContainerBalancerTask.java:processMoveSelection(569)) - ContainerBalancer is trying to move container #82 with size 2147483648B from source datanode febeeba7-b923-4865-ad1e-c9d2c87db953 to target datanode 056bfb90-4be8-433c-ac1a-986752aaa3eb
2023-07-25 18:54:28,812 [main] DEBUG balancer.ContainerBalancerTask (ContainerBalancerTask.java:lambda$moveContainer$3(837)) - Container move completed for container #82 from source febeeba7-b923-4865-ad1e-c9d2c87db953 to target 056bfb90-4be8-433c-ac1a-986752aaa3eb
2023-07-25 18:54:28,815 [main] DEBUG balancer.ContainerBalancerTask (ContainerBalancerTask.java:matchSourceWithTarget(708)) - ContainerBalancer is finding suitable target for source datanode aeeccbb3-1414-41c1-a6a4-102a874b451a
2023-07-25 18:54:28,815 [main] INFO  balancer.ContainerBalancerTask (ContainerBalancerTask.java:matchSourceWithTarget(722)) - ContainerBalancer matched source datanode aeeccbb3-1414-41c1-a6a4-102a874b451a with target datanode 056bfb90-4be8-433c-ac1a-986752aaa3eb for container move.
2023-07-25 18:54:28,815 [main] INFO  balancer.ContainerBalancerTask (ContainerBalancerTask.java:processMoveSelection(569)) - ContainerBalancer is trying to move container #83 with size 3221225472B from source datanode aeeccbb3-1414-41c1-a6a4-102a874b451a to target datanode 056bfb90-4be8-433c-ac1a-986752aaa3eb
2023-07-25 18:54:28,816 [main] DEBUG balancer.ContainerBalancerTask (ContainerBalancerTask.java:lambda$moveContainer$3(837)) - Container move completed for container #83 from source aeeccbb3-1414-41c1-a6a4-102a874b451a to target 056bfb90-4be8-433c-ac1a-986752aaa3eb
2023-07-25 18:54:28,818 [main] DEBUG balancer.ContainerBalancerTask (ContainerBalancerTask.java:matchSourceWithTarget(708)) - ContainerBalancer is finding suitable target for source datanode febeeba7-b923-4865-ad1e-c9d2c87db953
2023-07-25 18:54:28,819 [main] INFO  balancer.ContainerBalancerTask (ContainerBalancerTask.java:matchSourceWithTarget(722)) - ContainerBalancer matched source datanode febeeba7-b923-4865-ad1e-c9d2c87db953 with target datanode 5380d800-8fce-4a63-b11f-8b1055d91157 for container move.
2023-07-25 18:54:28,819 [main] INFO  balancer.ContainerBalancerTask (ContainerBalancerTask.java:processMoveSelection(569)) - ContainerBalancer is trying to move container #70 with size 2147483648B from source datanode febeeba7-b923-4865-ad1e-c9d2c87db953 to target datanode 5380d800-8fce-4a63-b11f-8b1055d91157
2023-07-25 18:54:28,821 [main] DEBUG balancer.ContainerBalancerTask (ContainerBalancerTask.java:lambda$moveContainer$3(837)) - Container move completed for container #70 from source febeeba7-b923-4865-ad1e-c9d2c87db953 to target 5380d800-8fce-4a63-b11f-8b1055d91157
2023-07-25 18:54:28,821 [main] WARN  balancer.ContainerBalancerTask (ContainerBalancerTask.java:reachedMaxSizeToMovePerIteration(733)) - Reached max size to move limit. 53687091200 bytes have already been scheduled for balancing and the limit is 53687091200 bytes.
2023-07-25 18:54:28,822 [main] INFO  balancer.ContainerBalancerTask (ContainerBalancerTask.java:checkIterationMoveResults(642)) - Iteration Summary. Number of Datanodes involved: 7. Size moved: 50 GB (53687091200 Bytes). Number of Container moves completed: 14.
2023-07-25 18:54:28,822 [main] INFO  balancer.ContainerBalancerTask (ContainerBalancerTask.java:balance(259)) - Result of this iteration of Container Balancer: ITERATION_COMPLETED
2023-07-25 18:54:28,822 [main] INFO  balancer.ContainerBalancerTask (ContainerBalancerTask.java:tryStopWithSaveConfiguration(308)) - Save Configuration for stopping. Reason: Completed all iterations.
2023-07-25 18:54:28,823 [main] DEBUG balancer.ContainerBalancerTask (ContainerBalancerTask.java:initializeIteration(374)) - Average utilization of the cluster is 0.3156055222234002
2023-07-25 18:54:28,823 [main] DEBUG balancer.ContainerBalancerTask (ContainerBalancerTask.java:initializeIteration(386)) - Lower limit for utilization is -0.04722448196932111 and Upper limit for utilization is 0.6784355264161215
2023-07-25 18:54:28,823 [main] DEBUG balancer.ContainerBalancerTask (ContainerBalancerTask.java:initializeIteration(398)) - Utilization for node 4f50034a-75b4-4c2d-a6cb-499964ebd3d2 with capacity 51300998257B, used 46170898432B, and remaining 5130099825B is 0.900000000013645
2023-07-25 18:54:28,823 [main] DEBUG balancer.ContainerBalancerTask (ContainerBalancerTask.java:initializeIteration(398)) - Utilization for node febeeba7-b923-4865-ad1e-c9d2c87db953 with capacity 59055800320B, used 47244640256B, and remaining 11811160064B is 0.8
2023-07-25 18:54:28,823 [main] DEBUG balancer.ContainerBalancerTask (ContainerBalancerTask.java:initializeIteration(398)) - Utilization for node f567f802-00a5-4ded-98c6-a7ae94c3340a with capacity 56754924982B, used 39728447488B, and remaining 17026477494B is 0.7000000000105717
2023-07-25 18:54:28,823 [main] DEBUG balancer.ContainerBalancerTask (ContainerBalancerTask.java:initializeIteration(398)) - Utilization for node aeeccbb3-1414-41c1-a6a4-102a874b451a with capacity 78741067093B, used 47244640256B, and remaining 31496426837B is 0.60000000000254
2023-07-25 18:54:28,823 [main] DEBUG balancer.ContainerBalancerTask (ContainerBalancerTask.java:initializeIteration(398)) - Utilization for node ad10ee04-68bb-4b66-9072-13d3587588f5 with capacity 77309411328B, used 38654705664B, and remaining 38654705664B is 0.5
2023-07-25 18:54:28,823 [main] DEBUG balancer.ContainerBalancerTask (ContainerBalancerTask.java:initializeIteration(398)) - Utilization for node 906155a4-1f78-4e66-8a37-e7f244b863db with capacity 75161927680B, used 30064771072B, and remaining 45097156608B is 0.4
2023-07-25 18:54:28,823 [main] DEBUG balancer.ContainerBalancerTask (ContainerBalancerTask.java:initializeIteration(398)) - Utilization for node abe908e0-ec37-4cce-924f-463e25c3270a with capacity 150323855360B, used 45097156608B, and remaining 105226698752B is 0.3
2023-07-25 18:54:28,824 [main] DEBUG balancer.ContainerBalancerTask (ContainerBalancerTask.java:initializeIteration(398)) - Utilization for node 5380d800-8fce-4a63-b11f-8b1055d91157 with capacity 182536110080B, used 36507222016B, and remaining 146028888064B is 0.2
2023-07-25 18:54:28,824 [main] DEBUG balancer.ContainerBalancerTask (ContainerBalancerTask.java:initializeIteration(398)) - Utilization for node 056bfb90-4be8-433c-ac1a-986752aaa3eb with capacity 386547056640B, used 38654705664B, and remaining 347892350976B is 0.1
2023-07-25 18:54:28,824 [main] DEBUG balancer.ContainerBalancerTask (ContainerBalancerTask.java:initializeIteration(398)) - Utilization for node c4d3ccbc-bddd-48e4-90bc-e339467c15d1 with capacity 52613349376B, used 0B, and remaining 52613349376B is 0.0
2023-07-25 18:54:28,824 [main] INFO  balancer.ContainerBalancerTask (ContainerBalancerTask.java:initializeIteration(447)) - Container Balancer has identified 3 Over-Utilized and 0 Under-Utilized Datanodes that need to be balanced.
2023-07-25 18:54:28,824 [main] DEBUG balancer.ContainerBalancerTask (ContainerBalancerTask.java:lambda$initializeIteration$1(453)) - Datanode localhost-68.254.123.214 4f50034a-75b4-4c2d-a6cb-499964ebd3d2 is Over-Utilized.
2023-07-25 18:54:28,824 [main] DEBUG balancer.ContainerBalancerTask (ContainerBalancerTask.java:lambda$initializeIteration$1(453)) - Datanode localhost-72.76.193.140 febeeba7-b923-4865-ad1e-c9d2c87db953 is Over-Utilized.
2023-07-25 18:54:28,824 [main] DEBUG balancer.ContainerBalancerTask (ContainerBalancerTask.java:lambda$initializeIteration$1(453)) - Datanode localhost-157.195.1.111 f567f802-00a5-4ded-98c6-a7ae94c3340a is Over-Utilized.
2023-07-25 18:54:28,826 [main] DEBUG balancer.ContainerBalancerTask (ContainerBalancerTask.java:matchSourceWithTarget(708)) - ContainerBalancer is finding suitable target for source datanode 4f50034a-75b4-4c2d-a6cb-499964ebd3d2
2023-07-25 18:54:28,826 [main] INFO  balancer.FindTargetGreedyByUsageInfo (AbstractFindTargetGreedy.java:findTargetForContainerMove(133)) - Container Balancer could not find a target for source datanode 4f50034a-75b4-4c2d-a6cb-499964ebd3d2
2023-07-25 18:54:28,827 [main] DEBUG balancer.ContainerBalancerTask (ContainerBalancerTask.java:matchSourceWithTarget(717)) - ContainerBalancer could not find a suitable target for source node 4f50034a-75b4-4c2d-a6cb-499964ebd3d2.
2023-07-25 18:54:28,829 [main] DEBUG balancer.ContainerBalancerTask (ContainerBalancerTask.java:matchSourceWithTarget(708)) - ContainerBalancer is finding suitable target for source datanode febeeba7-b923-4865-ad1e-c9d2c87db953
2023-07-25 18:54:28,829 [main] INFO  balancer.FindTargetGreedyByUsageInfo (AbstractFindTargetGreedy.java:findTargetForContainerMove(133)) - Container Balancer could not find a target for source datanode febeeba7-b923-4865-ad1e-c9d2c87db953
2023-07-25 18:54:28,829 [main] DEBUG balancer.ContainerBalancerTask (ContainerBalancerTask.java:matchSourceWithTarget(717)) - ContainerBalancer could not find a suitable target for source node febeeba7-b923-4865-ad1e-c9d2c87db953.
2023-07-25 18:54:28,831 [main] DEBUG balancer.ContainerBalancerTask (ContainerBalancerTask.java:matchSourceWithTarget(708)) - ContainerBalancer is finding suitable target for source datanode f567f802-00a5-4ded-98c6-a7ae94c3340a
2023-07-25 18:54:28,831 [main] INFO  balancer.FindTargetGreedyByUsageInfo (AbstractFindTargetGreedy.java:findTargetForContainerMove(133)) - Container Balancer could not find a target for source datanode f567f802-00a5-4ded-98c6-a7ae94c3340a
2023-07-25 18:54:28,831 [main] DEBUG balancer.ContainerBalancerTask (ContainerBalancerTask.java:matchSourceWithTarget(717)) - ContainerBalancer could not find a suitable target for source node f567f802-00a5-4ded-98c6-a7ae94c3340a.
2023-07-25 18:54:28,831 [main] INFO  balancer.FindSourceGreedy (FindSourceGreedy.java:getNextCandidateSourceDataNode(126)) - no more candidate source data node
2023-07-25 18:54:28,831 [main] INFO  balancer.ContainerBalancerTask (ContainerBalancerTask.java:balance(259)) - Result of this iteration of Container Balancer: CAN_NOT_BALANCE_ANY_MORE
2023-07-25 18:54:28,832 [main] INFO  balancer.ContainerBalancerTask (ContainerBalancerTask.java:tryStopWithSaveConfiguration(308)) - Save Configuration for stopping. Reason: CAN_NOT_BALANCE_ANY_MORE
2023-07-25 18:54:28,832 [main] DEBUG balancer.ContainerBalancerTask (ContainerBalancerTask.java:initializeIteration(374)) - Average utilization of the cluster is 0.3156055222234002
2023-07-25 18:54:28,832 [main] DEBUG balancer.ContainerBalancerTask (ContainerBalancerTask.java:initializeIteration(386)) - Lower limit for utilization is -0.43777696533955857 and Upper limit for utilization is 1.0689880097863589
2023-07-25 18:54:28,833 [main] DEBUG balancer.ContainerBalancerTask (ContainerBalancerTask.java:initializeIteration(398)) - Utilization for node 4f50034a-75b4-4c2d-a6cb-499964ebd3d2 with capacity 51300998257B, used 46170898432B, and remaining 5130099825B is 0.900000000013645
2023-07-25 18:54:28,833 [main] DEBUG balancer.ContainerBalancerTask (ContainerBalancerTask.java:initializeIteration(398)) - Utilization for node febeeba7-b923-4865-ad1e-c9d2c87db953 with capacity 59055800320B, used 47244640256B, and remaining 11811160064B is 0.8
2023-07-25 18:54:28,833 [main] DEBUG balancer.ContainerBalancerTask (ContainerBalancerTask.java:initializeIteration(398)) - Utilization for node f567f802-00a5-4ded-98c6-a7ae94c3340a with capacity 56754924982B, used 39728447488B, and remaining 17026477494B is 0.7000000000105717
2023-07-25 18:54:28,833 [main] DEBUG balancer.ContainerBalancerTask (ContainerBalancerTask.java:initializeIteration(398)) - Utilization for node aeeccbb3-1414-41c1-a6a4-102a874b451a with capacity 78741067093B, used 47244640256B, and remaining 31496426837B is 0.60000000000254
2023-07-25 18:54:28,833 [main] DEBUG balancer.ContainerBalancerTask (ContainerBalancerTask.java:initializeIteration(398)) - Utilization for node ad10ee04-68bb-4b66-9072-13d3587588f5 with capacity 77309411328B, used 38654705664B, and remaining 38654705664B is 0.5
2023-07-25 18:54:28,833 [main] DEBUG balancer.ContainerBalancerTask (ContainerBalancerTask.java:initializeIteration(398)) - Utilization for node 906155a4-1f78-4e66-8a37-e7f244b863db with capacity 75161927680B, used 30064771072B, and remaining 45097156608B is 0.4
2023-07-25 18:54:28,833 [main] DEBUG balancer.ContainerBalancerTask (ContainerBalancerTask.java:initializeIteration(398)) - Utilization for node abe908e0-ec37-4cce-924f-463e25c3270a with capacity 150323855360B, used 45097156608B, and remaining 105226698752B is 0.3
2023-07-25 18:54:28,833 [main] DEBUG balancer.ContainerBalancerTask (ContainerBalancerTask.java:initializeIteration(398)) - Utilization for node 5380d800-8fce-4a63-b11f-8b1055d91157 with capacity 182536110080B, used 36507222016B, and remaining 146028888064B is 0.2
2023-07-25 18:54:28,833 [main] DEBUG balancer.ContainerBalancerTask (ContainerBalancerTask.java:initializeIteration(398)) - Utilization for node 056bfb90-4be8-433c-ac1a-986752aaa3eb with capacity 386547056640B, used 38654705664B, and remaining 347892350976B is 0.1
2023-07-25 18:54:28,833 [main] DEBUG balancer.ContainerBalancerTask (ContainerBalancerTask.java:initializeIteration(398)) - Utilization for node c4d3ccbc-bddd-48e4-90bc-e339467c15d1 with capacity 52613349376B, used 0B, and remaining 52613349376B is 0.0
2023-07-25 18:54:28,834 [main] INFO  balancer.ContainerBalancerTask (ContainerBalancerTask.java:initializeIteration(443)) - Did not find any unbalanced Datanodes.
2023-07-25 18:54:28,834 [main] INFO  balancer.ContainerBalancerTask (ContainerBalancerTask.java:tryStopWithSaveConfiguration(308)) - Save Configuration for stopping. Reason: Could not initialize ContainerBalancer's iteration number 0
2023-07-25 18:54:28,834 [main] DEBUG balancer.ContainerBalancerTask (ContainerBalancerTask.java:initializeIteration(374)) - Average utilization of the cluster is 0.3156055222234002
2023-07-25 18:54:28,834 [main] DEBUG balancer.ContainerBalancerTask (ContainerBalancerTask.java:initializeIteration(386)) - Lower limit for utilization is -0.5439035924735957 and Upper limit for utilization is 1.1751146369203962
2023-07-25 18:54:28,835 [main] DEBUG balancer.ContainerBalancerTask (ContainerBalancerTask.java:initializeIteration(398)) - Utilization for node 4f50034a-75b4-4c2d-a6cb-499964ebd3d2 with capacity 51300998257B, used 46170898432B, and remaining 5130099825B is 0.900000000013645
2023-07-25 18:54:28,835 [main] DEBUG balancer.ContainerBalancerTask (ContainerBalancerTask.java:initializeIteration(398)) - Utilization for node febeeba7-b923-4865-ad1e-c9d2c87db953 with capacity 59055800320B, used 47244640256B, and remaining 11811160064B is 0.8
2023-07-25 18:54:28,835 [main] DEBUG balancer.ContainerBalancerTask (ContainerBalancerTask.java:initializeIteration(398)) - Utilization for node f567f802-00a5-4ded-98c6-a7ae94c3340a with capacity 56754924982B, used 39728447488B, and remaining 17026477494B is 0.7000000000105717
2023-07-25 18:54:28,835 [main] DEBUG balancer.ContainerBalancerTask (ContainerBalancerTask.java:initializeIteration(398)) - Utilization for node aeeccbb3-1414-41c1-a6a4-102a874b451a with capacity 78741067093B, used 47244640256B, and remaining 31496426837B is 0.60000000000254
2023-07-25 18:54:28,835 [main] DEBUG balancer.ContainerBalancerTask (ContainerBalancerTask.java:initializeIteration(398)) - Utilization for node ad10ee04-68bb-4b66-9072-13d3587588f5 with capacity 77309411328B, used 38654705664B, and remaining 38654705664B is 0.5
2023-07-25 18:54:28,835 [main] DEBUG balancer.ContainerBalancerTask (ContainerBalancerTask.java:initializeIteration(398)) - Utilization for node 906155a4-1f78-4e66-8a37-e7f244b863db with capacity 75161927680B, used 30064771072B, and remaining 45097156608B is 0.4
2023-07-25 18:54:28,835 [main] DEBUG balancer.ContainerBalancerTask (ContainerBalancerTask.java:initializeIteration(398)) - Utilization for node abe908e0-ec37-4cce-924f-463e25c3270a with capacity 150323855360B, used 45097156608B, and remaining 105226698752B is 0.3
2023-07-25 18:54:28,835 [main] DEBUG balancer.ContainerBalancerTask (ContainerBalancerTask.java:initializeIteration(398)) - Utilization for node 5380d800-8fce-4a63-b11f-8b1055d91157 with capacity 182536110080B, used 36507222016B, and remaining 146028888064B is 0.2
2023-07-25 18:54:28,835 [main] DEBUG balancer.ContainerBalancerTask (ContainerBalancerTask.java:initializeIteration(398)) - Utilization for node 056bfb90-4be8-433c-ac1a-986752aaa3eb with capacity 386547056640B, used 38654705664B, and remaining 347892350976B is 0.1
2023-07-25 18:54:28,835 [main] DEBUG balancer.ContainerBalancerTask (ContainerBalancerTask.java:initializeIteration(398)) - Utilization for node c4d3ccbc-bddd-48e4-90bc-e339467c15d1 with capacity 52613349376B, used 0B, and remaining 52613349376B is 0.0
2023-07-25 18:54:28,836 [main] INFO  balancer.ContainerBalancerTask (ContainerBalancerTask.java:initializeIteration(443)) - Did not find any unbalanced Datanodes.
2023-07-25 18:54:28,836 [main] INFO  balancer.ContainerBalancerTask (ContainerBalancerTask.java:tryStopWithSaveConfiguration(308)) - Save Configuration for stopping. Reason: Could not initialize ContainerBalancer's iteration number 0
2023-07-25 18:54:28,836 [main] DEBUG balancer.ContainerBalancerTask (ContainerBalancerTask.java:initializeIteration(374)) - Average utilization of the cluster is 0.3156055222234002
2023-07-25 18:54:28,836 [main] DEBUG balancer.ContainerBalancerTask (ContainerBalancerTask.java:initializeIteration(386)) - Lower limit for utilization is -0.03910421181369583 and Upper limit for utilization is 0.6703152562604963
2023-07-25 18:54:28,837 [main] DEBUG balancer.ContainerBalancerTask (ContainerBalancerTask.java:initializeIteration(398)) - Utilization for node 4f50034a-75b4-4c2d-a6cb-499964ebd3d2 with capacity 51300998257B, used 46170898432B, and remaining 5130099825B is 0.900000000013645
2023-07-25 18:54:28,837 [main] DEBUG balancer.ContainerBalancerTask (ContainerBalancerTask.java:initializeIteration(398)) - Utilization for node febeeba7-b923-4865-ad1e-c9d2c87db953 with capacity 59055800320B, used 47244640256B, and remaining 11811160064B is 0.8
2023-07-25 18:54:28,837 [main] DEBUG balancer.ContainerBalancerTask (ContainerBalancerTask.java:initializeIteration(398)) - Utilization for node f567f802-00a5-4ded-98c6-a7ae94c3340a with capacity 56754924982B, used 39728447488B, and remaining 17026477494B is 0.7000000000105717
2023-07-25 18:54:28,837 [main] DEBUG balancer.ContainerBalancerTask (ContainerBalancerTask.java:initializeIteration(398)) - Utilization for node aeeccbb3-1414-41c1-a6a4-102a874b451a with capacity 78741067093B, used 47244640256B, and remaining 31496426837B is 0.60000000000254
2023-07-25 18:54:28,837 [main] DEBUG balancer.ContainerBalancerTask (ContainerBalancerTask.java:initializeIteration(398)) - Utilization for node ad10ee04-68bb-4b66-9072-13d3587588f5 with capacity 77309411328B, used 38654705664B, and remaining 38654705664B is 0.5
2023-07-25 18:54:28,837 [main] DEBUG balancer.ContainerBalancerTask (ContainerBalancerTask.java:initializeIteration(398)) - Utilization for node 906155a4-1f78-4e66-8a37-e7f244b863db with capacity 75161927680B, used 30064771072B, and remaining 45097156608B is 0.4
2023-07-25 18:54:28,837 [main] DEBUG balancer.ContainerBalancerTask (ContainerBalancerTask.java:initializeIteration(398)) - Utilization for node abe908e0-ec37-4cce-924f-463e25c3270a with capacity 150323855360B, used 45097156608B, and remaining 105226698752B is 0.3
2023-07-25 18:54:28,837 [main] DEBUG balancer.ContainerBalancerTask (ContainerBalancerTask.java:initializeIteration(398)) - Utilization for node 5380d800-8fce-4a63-b11f-8b1055d91157 with capacity 182536110080B, used 36507222016B, and remaining 146028888064B is 0.2
2023-07-25 18:54:28,837 [main] DEBUG balancer.ContainerBalancerTask (ContainerBalancerTask.java:initializeIteration(398)) - Utilization for node 056bfb90-4be8-433c-ac1a-986752aaa3eb with capacity 386547056640B, used 38654705664B, and remaining 347892350976B is 0.1
2023-07-25 18:54:28,837 [main] DEBUG balancer.ContainerBalancerTask (ContainerBalancerTask.java:initializeIteration(398)) - Utilization for node c4d3ccbc-bddd-48e4-90bc-e339467c15d1 with capacity 52613349376B, used 0B, and remaining 52613349376B is 0.0
2023-07-25 18:54:28,837 [main] INFO  balancer.ContainerBalancerTask (ContainerBalancerTask.java:initializeIteration(447)) - Container Balancer has identified 3 Over-Utilized and 0 Under-Utilized Datanodes that need to be balanced.
2023-07-25 18:54:28,838 [main] DEBUG balancer.ContainerBalancerTask (ContainerBalancerTask.java:lambda$initializeIteration$1(453)) - Datanode localhost-68.254.123.214 4f50034a-75b4-4c2d-a6cb-499964ebd3d2 is Over-Utilized.
2023-07-25 18:54:28,838 [main] DEBUG balancer.ContainerBalancerTask (ContainerBalancerTask.java:lambda$initializeIteration$1(453)) - Datanode localhost-72.76.193.140 febeeba7-b923-4865-ad1e-c9d2c87db953 is Over-Utilized.
2023-07-25 18:54:28,838 [main] DEBUG balancer.ContainerBalancerTask (ContainerBalancerTask.java:lambda$initializeIteration$1(453)) - Datanode localhost-157.195.1.111 f567f802-00a5-4ded-98c6-a7ae94c3340a is Over-Utilized.
2023-07-25 18:54:28,840 [main] DEBUG balancer.ContainerBalancerTask (ContainerBalancerTask.java:matchSourceWithTarget(708)) - ContainerBalancer is finding suitable target for source datanode 4f50034a-75b4-4c2d-a6cb-499964ebd3d2
2023-07-25 18:54:28,840 [main] INFO  balancer.FindTargetGreedyByUsageInfo (AbstractFindTargetGreedy.java:findTargetForContainerMove(133)) - Container Balancer could not find a target for source datanode 4f50034a-75b4-4c2d-a6cb-499964ebd3d2
2023-07-25 18:54:28,840 [main] DEBUG balancer.ContainerBalancerTask (ContainerBalancerTask.java:matchSourceWithTarget(717)) - ContainerBalancer could not find a suitable target for source node 4f50034a-75b4-4c2d-a6cb-499964ebd3d2.
2023-07-25 18:54:28,842 [main] DEBUG balancer.ContainerBalancerTask (ContainerBalancerTask.java:matchSourceWithTarget(708)) - ContainerBalancer is finding suitable target for source datanode febeeba7-b923-4865-ad1e-c9d2c87db953
2023-07-25 18:54:28,843 [main] INFO  balancer.FindTargetGreedyByUsageInfo (AbstractFindTargetGreedy.java:findTargetForContainerMove(133)) - Container Balancer could not find a target for source datanode febeeba7-b923-4865-ad1e-c9d2c87db953
2023-07-25 18:54:28,843 [main] DEBUG balancer.ContainerBalancerTask (ContainerBalancerTask.java:matchSourceWithTarget(717)) - ContainerBalancer could not find a suitable target for source node febeeba7-b923-4865-ad1e-c9d2c87db953.
2023-07-25 18:54:28,845 [main] DEBUG balancer.ContainerBalancerTask (ContainerBalancerTask.java:matchSourceWithTarget(708)) - ContainerBalancer is finding suitable target for source datanode f567f802-00a5-4ded-98c6-a7ae94c3340a
2023-07-25 18:54:28,845 [main] INFO  balancer.FindTargetGreedyByUsageInfo (AbstractFindTargetGreedy.java:findTargetForContainerMove(133)) - Container Balancer could not find a target for source datanode f567f802-00a5-4ded-98c6-a7ae94c3340a
2023-07-25 18:54:28,845 [main] DEBUG balancer.ContainerBalancerTask (ContainerBalancerTask.java:matchSourceWithTarget(717)) - ContainerBalancer could not find a suitable target for source node f567f802-00a5-4ded-98c6-a7ae94c3340a.
2023-07-25 18:54:28,845 [main] INFO  balancer.FindSourceGreedy (FindSourceGreedy.java:getNextCandidateSourceDataNode(126)) - no more candidate source data node
2023-07-25 18:54:28,845 [main] INFO  balancer.ContainerBalancerTask (ContainerBalancerTask.java:balance(259)) - Result of this iteration of Container Balancer: CAN_NOT_BALANCE_ANY_MORE
2023-07-25 18:54:28,845 [main] INFO  balancer.ContainerBalancerTask (ContainerBalancerTask.java:tryStopWithSaveConfiguration(308)) - Save Configuration for stopping. Reason: CAN_NOT_BALANCE_ANY_MORE
2023-07-25 18:54:28,846 [main] DEBUG balancer.ContainerBalancerTask (ContainerBalancerTask.java:initializeIteration(374)) - Average utilization of the cluster is 0.3156055222234002
2023-07-25 18:54:28,846 [main] DEBUG balancer.ContainerBalancerTask (ContainerBalancerTask.java:initializeIteration(386)) - Lower limit for utilization is 0.14572787610349913 and Upper limit for utilization is 0.4854831683433013
2023-07-25 18:54:28,846 [main] DEBUG balancer.ContainerBalancerTask (ContainerBalancerTask.java:initializeIteration(398)) - Utilization for node 4f50034a-75b4-4c2d-a6cb-499964ebd3d2 with capacity 51300998257B, used 46170898432B, and remaining 5130099825B is 0.900000000013645
2023-07-25 18:54:28,846 [main] DEBUG balancer.ContainerBalancerTask (ContainerBalancerTask.java:initializeIteration(398)) - Utilization for node febeeba7-b923-4865-ad1e-c9d2c87db953 with capacity 59055800320B, used 47244640256B, and remaining 11811160064B is 0.8
2023-07-25 18:54:28,846 [main] DEBUG balancer.ContainerBalancerTask (ContainerBalancerTask.java:initializeIteration(398)) - Utilization for node f567f802-00a5-4ded-98c6-a7ae94c3340a with capacity 56754924982B, used 39728447488B, and remaining 17026477494B is 0.7000000000105717
2023-07-25 18:54:28,846 [main] DEBUG balancer.ContainerBalancerTask (ContainerBalancerTask.java:initializeIteration(398)) - Utilization for node aeeccbb3-1414-41c1-a6a4-102a874b451a with capacity 78741067093B, used 47244640256B, and remaining 31496426837B is 0.60000000000254
2023-07-25 18:54:28,846 [main] DEBUG balancer.ContainerBalancerTask (ContainerBalancerTask.java:initializeIteration(398)) - Utilization for node ad10ee04-68bb-4b66-9072-13d3587588f5 with capacity 77309411328B, used 38654705664B, and remaining 38654705664B is 0.5
2023-07-25 18:54:28,847 [main] DEBUG balancer.ContainerBalancerTask (ContainerBalancerTask.java:initializeIteration(398)) - Utilization for node 906155a4-1f78-4e66-8a37-e7f244b863db with capacity 75161927680B, used 30064771072B, and remaining 45097156608B is 0.4
2023-07-25 18:54:28,847 [main] DEBUG balancer.ContainerBalancerTask (ContainerBalancerTask.java:initializeIteration(398)) - Utilization for node abe908e0-ec37-4cce-924f-463e25c3270a with capacity 150323855360B, used 45097156608B, and remaining 105226698752B is 0.3
2023-07-25 18:54:28,847 [main] DEBUG balancer.ContainerBalancerTask (ContainerBalancerTask.java:initializeIteration(398)) - Utilization for node 5380d800-8fce-4a63-b11f-8b1055d91157 with capacity 182536110080B, used 36507222016B, and remaining 146028888064B is 0.2
2023-07-25 18:54:28,847 [main] DEBUG balancer.ContainerBalancerTask (ContainerBalancerTask.java:initializeIteration(398)) - Utilization for node 056bfb90-4be8-433c-ac1a-986752aaa3eb with capacity 386547056640B, used 38654705664B, and remaining 347892350976B is 0.1
2023-07-25 18:54:28,847 [main] DEBUG balancer.ContainerBalancerTask (ContainerBalancerTask.java:initializeIteration(398)) - Utilization for node c4d3ccbc-bddd-48e4-90bc-e339467c15d1 with capacity 52613349376B, used 0B, and remaining 52613349376B is 0.0
2023-07-25 18:54:28,847 [main] INFO  balancer.ContainerBalancerTask (ContainerBalancerTask.java:initializeIteration(447)) - Container Balancer has identified 5 Over-Utilized and 2 Under-Utilized Datanodes that need to be balanced.
2023-07-25 18:54:28,847 [main] DEBUG balancer.ContainerBalancerTask (ContainerBalancerTask.java:lambda$initializeIteration$1(453)) - Datanode localhost-68.254.123.214 4f50034a-75b4-4c2d-a6cb-499964ebd3d2 is Over-Utilized.
2023-07-25 18:54:28,847 [main] DEBUG balancer.ContainerBalancerTask (ContainerBalancerTask.java:lambda$initializeIteration$1(453)) - Datanode localhost-72.76.193.140 febeeba7-b923-4865-ad1e-c9d2c87db953 is Over-Utilized.
2023-07-25 18:54:28,847 [main] DEBUG balancer.ContainerBalancerTask (ContainerBalancerTask.java:lambda$initializeIteration$1(453)) - Datanode localhost-157.195.1.111 f567f802-00a5-4ded-98c6-a7ae94c3340a is Over-Utilized.
2023-07-25 18:54:28,847 [main] DEBUG balancer.ContainerBalancerTask (ContainerBalancerTask.java:lambda$initializeIteration$1(453)) - Datanode localhost-189.238.33.126 aeeccbb3-1414-41c1-a6a4-102a874b451a is Over-Utilized.
2023-07-25 18:54:28,847 [main] DEBUG balancer.ContainerBalancerTask (ContainerBalancerTask.java:lambda$initializeIteration$1(453)) - Datanode localhost-36.107.44.62 ad10ee04-68bb-4b66-9072-13d3587588f5 is Over-Utilized.
2023-07-25 18:54:28,848 [main] DEBUG balancer.ContainerBalancerTask (ContainerBalancerTask.java:lambda$initializeIteration$2(459)) - Datanode localhost-99.255.28.30 c4d3ccbc-bddd-48e4-90bc-e339467c15d1 is Under-Utilized.
2023-07-25 18:54:28,848 [main] DEBUG balancer.ContainerBalancerTask (ContainerBalancerTask.java:lambda$initializeIteration$2(459)) - Datanode localhost-117.176.158.140 056bfb90-4be8-433c-ac1a-986752aaa3eb is Under-Utilized.
2023-07-25 18:54:28,850 [main] DEBUG balancer.ContainerBalancerTask (ContainerBalancerTask.java:matchSourceWithTarget(708)) - ContainerBalancer is finding suitable target for source datanode 4f50034a-75b4-4c2d-a6cb-499964ebd3d2
2023-07-25 18:54:28,850 [main] INFO  balancer.ContainerBalancerTask (ContainerBalancerTask.java:matchSourceWithTarget(722)) - ContainerBalancer matched source datanode 4f50034a-75b4-4c2d-a6cb-499964ebd3d2 with target datanode c4d3ccbc-bddd-48e4-90bc-e339467c15d1 for container move.
2023-07-25 18:54:28,850 [main] INFO  balancer.ContainerBalancerTask (ContainerBalancerTask.java:processMoveSelection(569)) - ContainerBalancer is trying to move container #85 with size 5368709120B from source datanode 4f50034a-75b4-4c2d-a6cb-499964ebd3d2 to target datanode c4d3ccbc-bddd-48e4-90bc-e339467c15d1
2023-07-25 18:54:28,850 [main] DEBUG balancer.ContainerBalancerTask (ContainerBalancerTask.java:lambda$moveContainer$3(837)) - Container move completed for container #85 from source 4f50034a-75b4-4c2d-a6cb-499964ebd3d2 to target c4d3ccbc-bddd-48e4-90bc-e339467c15d1
2023-07-25 18:54:28,853 [main] DEBUG balancer.ContainerBalancerTask (ContainerBalancerTask.java:matchSourceWithTarget(708)) - ContainerBalancer is finding suitable target for source datanode febeeba7-b923-4865-ad1e-c9d2c87db953
2023-07-25 18:54:28,853 [main] INFO  balancer.ContainerBalancerTask (ContainerBalancerTask.java:matchSourceWithTarget(722)) - ContainerBalancer matched source datanode febeeba7-b923-4865-ad1e-c9d2c87db953 with target datanode 056bfb90-4be8-433c-ac1a-986752aaa3eb for container move.
2023-07-25 18:54:28,853 [main] INFO  balancer.ContainerBalancerTask (ContainerBalancerTask.java:processMoveSelection(569)) - ContainerBalancer is trying to move container #88 with size 3221225472B from source datanode febeeba7-b923-4865-ad1e-c9d2c87db953 to target datanode 056bfb90-4be8-433c-ac1a-986752aaa3eb
2023-07-25 18:54:28,854 [main] DEBUG balancer.ContainerBalancerTask (ContainerBalancerTask.java:lambda$moveContainer$3(837)) - Container move completed for container #88 from source febeeba7-b923-4865-ad1e-c9d2c87db953 to target 056bfb90-4be8-433c-ac1a-986752aaa3eb
2023-07-25 18:54:28,856 [main] DEBUG balancer.ContainerBalancerTask (ContainerBalancerTask.java:matchSourceWithTarget(708)) - ContainerBalancer is finding suitable target for source datanode 4f50034a-75b4-4c2d-a6cb-499964ebd3d2
2023-07-25 18:54:28,856 [main] INFO  balancer.ContainerBalancerTask (ContainerBalancerTask.java:matchSourceWithTarget(722)) - ContainerBalancer matched source datanode 4f50034a-75b4-4c2d-a6cb-499964ebd3d2 with target datanode c4d3ccbc-bddd-48e4-90bc-e339467c15d1 for container move.
2023-07-25 18:54:28,856 [main] INFO  balancer.ContainerBalancerTask (ContainerBalancerTask.java:processMoveSelection(569)) - ContainerBalancer is trying to move container #68 with size 5368709120B from source datanode 4f50034a-75b4-4c2d-a6cb-499964ebd3d2 to target datanode c4d3ccbc-bddd-48e4-90bc-e339467c15d1
2023-07-25 18:54:28,856 [main] DEBUG balancer.ContainerBalancerTask (ContainerBalancerTask.java:lambda$moveContainer$3(837)) - Container move completed for container #68 from source 4f50034a-75b4-4c2d-a6cb-499964ebd3d2 to target c4d3ccbc-bddd-48e4-90bc-e339467c15d1
2023-07-25 18:54:28,859 [main] DEBUG balancer.ContainerBalancerTask (ContainerBalancerTask.java:matchSourceWithTarget(708)) - ContainerBalancer is finding suitable target for source datanode febeeba7-b923-4865-ad1e-c9d2c87db953
2023-07-25 18:54:28,859 [main] INFO  balancer.ContainerBalancerTask (ContainerBalancerTask.java:matchSourceWithTarget(722)) - ContainerBalancer matched source datanode febeeba7-b923-4865-ad1e-c9d2c87db953 with target datanode 056bfb90-4be8-433c-ac1a-986752aaa3eb for container move.
2023-07-25 18:54:28,859 [main] INFO  balancer.ContainerBalancerTask (ContainerBalancerTask.java:processMoveSelection(569)) - ContainerBalancer is trying to move container #71 with size 3221225472B from source datanode febeeba7-b923-4865-ad1e-c9d2c87db953 to target datanode 056bfb90-4be8-433c-ac1a-986752aaa3eb
2023-07-25 18:54:28,859 [main] DEBUG balancer.ContainerBalancerTask (ContainerBalancerTask.java:lambda$moveContainer$3(837)) - Container move completed for container #71 from source febeeba7-b923-4865-ad1e-c9d2c87db953 to target 056bfb90-4be8-433c-ac1a-986752aaa3eb
2023-07-25 18:54:28,862 [main] DEBUG balancer.ContainerBalancerTask (ContainerBalancerTask.java:matchSourceWithTarget(708)) - ContainerBalancer is finding suitable target for source datanode f567f802-00a5-4ded-98c6-a7ae94c3340a
2023-07-25 18:54:28,862 [main] INFO  balancer.ContainerBalancerTask (ContainerBalancerTask.java:matchSourceWithTarget(722)) - ContainerBalancer matched source datanode f567f802-00a5-4ded-98c6-a7ae94c3340a with target datanode 056bfb90-4be8-433c-ac1a-986752aaa3eb for container move.
2023-07-25 18:54:28,862 [main] INFO  balancer.ContainerBalancerTask (ContainerBalancerTask.java:processMoveSelection(569)) - ContainerBalancer is trying to move container #40 with size 5368709120B from source datanode f567f802-00a5-4ded-98c6-a7ae94c3340a to target datanode 056bfb90-4be8-433c-ac1a-986752aaa3eb
2023-07-25 18:54:28,862 [main] DEBUG balancer.ContainerBalancerTask (ContainerBalancerTask.java:lambda$moveContainer$3(837)) - Container move completed for container #40 from source f567f802-00a5-4ded-98c6-a7ae94c3340a to target 056bfb90-4be8-433c-ac1a-986752aaa3eb
2023-07-25 18:54:28,865 [main] DEBUG balancer.ContainerBalancerTask (ContainerBalancerTask.java:matchSourceWithTarget(708)) - ContainerBalancer is finding suitable target for source datanode febeeba7-b923-4865-ad1e-c9d2c87db953
2023-07-25 18:54:28,865 [main] INFO  balancer.ContainerBalancerTask (ContainerBalancerTask.java:matchSourceWithTarget(722)) - ContainerBalancer matched source datanode febeeba7-b923-4865-ad1e-c9d2c87db953 with target datanode 056bfb90-4be8-433c-ac1a-986752aaa3eb for container move.
2023-07-25 18:54:28,865 [main] INFO  balancer.ContainerBalancerTask (ContainerBalancerTask.java:processMoveSelection(569)) - ContainerBalancer is trying to move container #66 with size 3221225472B from source datanode febeeba7-b923-4865-ad1e-c9d2c87db953 to target datanode 056bfb90-4be8-433c-ac1a-986752aaa3eb
2023-07-25 18:54:28,865 [main] DEBUG balancer.ContainerBalancerTask (ContainerBalancerTask.java:lambda$moveContainer$3(837)) - Container move completed for container #66 from source febeeba7-b923-4865-ad1e-c9d2c87db953 to target 056bfb90-4be8-433c-ac1a-986752aaa3eb
2023-07-25 18:54:28,868 [main] DEBUG balancer.ContainerBalancerTask (ContainerBalancerTask.java:matchSourceWithTarget(708)) - ContainerBalancer is finding suitable target for source datanode 4f50034a-75b4-4c2d-a6cb-499964ebd3d2
2023-07-25 18:54:28,868 [main] INFO  balancer.ContainerBalancerTask (ContainerBalancerTask.java:matchSourceWithTarget(722)) - ContainerBalancer matched source datanode 4f50034a-75b4-4c2d-a6cb-499964ebd3d2 with target datanode 056bfb90-4be8-433c-ac1a-986752aaa3eb for container move.
2023-07-25 18:54:28,868 [main] INFO  balancer.ContainerBalancerTask (ContainerBalancerTask.java:processMoveSelection(569)) - ContainerBalancer is trying to move container #89 with size 4294967296B from source datanode 4f50034a-75b4-4c2d-a6cb-499964ebd3d2 to target datanode 056bfb90-4be8-433c-ac1a-986752aaa3eb
2023-07-25 18:54:28,868 [main] DEBUG balancer.ContainerBalancerTask (ContainerBalancerTask.java:lambda$moveContainer$3(837)) - Container move completed for container #89 from source 4f50034a-75b4-4c2d-a6cb-499964ebd3d2 to target 056bfb90-4be8-433c-ac1a-986752aaa3eb
2023-07-25 18:54:28,871 [main] DEBUG balancer.ContainerBalancerTask (ContainerBalancerTask.java:matchSourceWithTarget(708)) - ContainerBalancer is finding suitable target for source datanode febeeba7-b923-4865-ad1e-c9d2c87db953
2023-07-25 18:54:28,871 [main] INFO  balancer.ContainerBalancerTask (ContainerBalancerTask.java:matchSourceWithTarget(722)) - ContainerBalancer matched source datanode febeeba7-b923-4865-ad1e-c9d2c87db953 with target datanode 056bfb90-4be8-433c-ac1a-986752aaa3eb for container move.
2023-07-25 18:54:28,871 [main] INFO  balancer.ContainerBalancerTask (ContainerBalancerTask.java:processMoveSelection(569)) - ContainerBalancer is trying to move container #18 with size 3221225472B from source datanode febeeba7-b923-4865-ad1e-c9d2c87db953 to target datanode 056bfb90-4be8-433c-ac1a-986752aaa3eb
2023-07-25 18:54:28,872 [main] DEBUG balancer.ContainerBalancerTask (ContainerBalancerTask.java:lambda$moveContainer$3(837)) - Container move completed for container #18 from source febeeba7-b923-4865-ad1e-c9d2c87db953 to target 056bfb90-4be8-433c-ac1a-986752aaa3eb
2023-07-25 18:54:28,874 [main] DEBUG balancer.ContainerBalancerTask (ContainerBalancerTask.java:matchSourceWithTarget(708)) - ContainerBalancer is finding suitable target for source datanode 4f50034a-75b4-4c2d-a6cb-499964ebd3d2
2023-07-25 18:54:28,874 [main] INFO  balancer.ContainerBalancerTask (ContainerBalancerTask.java:matchSourceWithTarget(722)) - ContainerBalancer matched source datanode 4f50034a-75b4-4c2d-a6cb-499964ebd3d2 with target datanode 056bfb90-4be8-433c-ac1a-986752aaa3eb for container move.
2023-07-25 18:54:28,874 [main] INFO  balancer.ContainerBalancerTask (ContainerBalancerTask.java:processMoveSelection(569)) - ContainerBalancer is trying to move container #84 with size 4294967296B from source datanode 4f50034a-75b4-4c2d-a6cb-499964ebd3d2 to target datanode 056bfb90-4be8-433c-ac1a-986752aaa3eb
2023-07-25 18:54:28,875 [main] DEBUG balancer.ContainerBalancerTask (ContainerBalancerTask.java:lambda$moveContainer$3(837)) - Container move completed for container #84 from source 4f50034a-75b4-4c2d-a6cb-499964ebd3d2 to target 056bfb90-4be8-433c-ac1a-986752aaa3eb
2023-07-25 18:54:28,877 [main] DEBUG balancer.ContainerBalancerTask (ContainerBalancerTask.java:matchSourceWithTarget(708)) - ContainerBalancer is finding suitable target for source datanode f567f802-00a5-4ded-98c6-a7ae94c3340a
2023-07-25 18:54:28,878 [main] INFO  balancer.ContainerBalancerTask (ContainerBalancerTask.java:matchSourceWithTarget(722)) - ContainerBalancer matched source datanode f567f802-00a5-4ded-98c6-a7ae94c3340a with target datanode 056bfb90-4be8-433c-ac1a-986752aaa3eb for container move.
2023-07-25 18:54:28,878 [main] INFO  balancer.ContainerBalancerTask (ContainerBalancerTask.java:processMoveSelection(569)) - ContainerBalancer is trying to move container #52 with size 4294967296B from source datanode f567f802-00a5-4ded-98c6-a7ae94c3340a to target datanode 056bfb90-4be8-433c-ac1a-986752aaa3eb
2023-07-25 18:54:28,878 [main] DEBUG balancer.ContainerBalancerTask (ContainerBalancerTask.java:lambda$moveContainer$3(837)) - Container move completed for container #52 from source f567f802-00a5-4ded-98c6-a7ae94c3340a to target 056bfb90-4be8-433c-ac1a-986752aaa3eb
2023-07-25 18:54:28,882 [main] DEBUG balancer.ContainerBalancerTask (ContainerBalancerTask.java:matchSourceWithTarget(708)) - ContainerBalancer is finding suitable target for source datanode aeeccbb3-1414-41c1-a6a4-102a874b451a
2023-07-25 18:54:28,882 [main] INFO  balancer.ContainerBalancerTask (ContainerBalancerTask.java:matchSourceWithTarget(722)) - ContainerBalancer matched source datanode aeeccbb3-1414-41c1-a6a4-102a874b451a with target datanode 056bfb90-4be8-433c-ac1a-986752aaa3eb for container move.
2023-07-25 18:54:28,882 [main] INFO  balancer.ContainerBalancerTask (ContainerBalancerTask.java:processMoveSelection(569)) - ContainerBalancer is trying to move container #39 with size 4294967296B from source datanode aeeccbb3-1414-41c1-a6a4-102a874b451a to target datanode 056bfb90-4be8-433c-ac1a-986752aaa3eb
2023-07-25 18:54:28,882 [main] DEBUG balancer.ContainerBalancerTask (ContainerBalancerTask.java:lambda$moveContainer$3(837)) - Container move completed for container #39 from source aeeccbb3-1414-41c1-a6a4-102a874b451a to target 056bfb90-4be8-433c-ac1a-986752aaa3eb
2023-07-25 18:54:28,885 [main] DEBUG balancer.ContainerBalancerTask (ContainerBalancerTask.java:matchSourceWithTarget(708)) - ContainerBalancer is finding suitable target for source datanode febeeba7-b923-4865-ad1e-c9d2c87db953
2023-07-25 18:54:28,885 [main] INFO  balancer.ContainerBalancerTask (ContainerBalancerTask.java:matchSourceWithTarget(722)) - ContainerBalancer matched source datanode febeeba7-b923-4865-ad1e-c9d2c87db953 with target datanode 056bfb90-4be8-433c-ac1a-986752aaa3eb for container move.
2023-07-25 18:54:28,886 [main] INFO  balancer.ContainerBalancerTask (ContainerBalancerTask.java:processMoveSelection(569)) - ContainerBalancer is trying to move container #82 with size 2147483648B from source datanode febeeba7-b923-4865-ad1e-c9d2c87db953 to target datanode 056bfb90-4be8-433c-ac1a-986752aaa3eb
2023-07-25 18:54:28,886 [main] DEBUG balancer.ContainerBalancerTask (ContainerBalancerTask.java:lambda$moveContainer$3(837)) - Container move completed for container #82 from source febeeba7-b923-4865-ad1e-c9d2c87db953 to target 056bfb90-4be8-433c-ac1a-986752aaa3eb
2023-07-25 18:54:28,889 [main] DEBUG balancer.ContainerBalancerTask (ContainerBalancerTask.java:matchSourceWithTarget(708)) - ContainerBalancer is finding suitable target for source datanode aeeccbb3-1414-41c1-a6a4-102a874b451a
2023-07-25 18:54:28,890 [main] INFO  balancer.ContainerBalancerTask (ContainerBalancerTask.java:matchSourceWithTarget(722)) - ContainerBalancer matched source datanode aeeccbb3-1414-41c1-a6a4-102a874b451a with target datanode 056bfb90-4be8-433c-ac1a-986752aaa3eb for container move.
2023-07-25 18:54:28,890 [main] INFO  balancer.ContainerBalancerTask (ContainerBalancerTask.java:processMoveSelection(569)) - ContainerBalancer is trying to move container #83 with size 3221225472B from source datanode aeeccbb3-1414-41c1-a6a4-102a874b451a to target datanode 056bfb90-4be8-433c-ac1a-986752aaa3eb
2023-07-25 18:54:28,890 [main] DEBUG balancer.ContainerBalancerTask (ContainerBalancerTask.java:lambda$moveContainer$3(837)) - Container move completed for container #83 from source aeeccbb3-1414-41c1-a6a4-102a874b451a to target 056bfb90-4be8-433c-ac1a-986752aaa3eb
2023-07-25 18:54:28,893 [main] DEBUG balancer.ContainerBalancerTask (ContainerBalancerTask.java:matchSourceWithTarget(708)) - ContainerBalancer is finding suitable target for source datanode febeeba7-b923-4865-ad1e-c9d2c87db953
2023-07-25 18:54:28,893 [main] INFO  balancer.ContainerBalancerTask (ContainerBalancerTask.java:matchSourceWithTarget(722)) - ContainerBalancer matched source datanode febeeba7-b923-4865-ad1e-c9d2c87db953 with target datanode c4d3ccbc-bddd-48e4-90bc-e339467c15d1 for container move.
2023-07-25 18:54:28,893 [main] INFO  balancer.ContainerBalancerTask (ContainerBalancerTask.java:processMoveSelection(569)) - ContainerBalancer is trying to move container #70 with size 2147483648B from source datanode febeeba7-b923-4865-ad1e-c9d2c87db953 to target datanode c4d3ccbc-bddd-48e4-90bc-e339467c15d1
2023-07-25 18:54:28,893 [main] DEBUG balancer.ContainerBalancerTask (ContainerBalancerTask.java:lambda$moveContainer$3(837)) - Container move completed for container #70 from source febeeba7-b923-4865-ad1e-c9d2c87db953 to target c4d3ccbc-bddd-48e4-90bc-e339467c15d1
2023-07-25 18:54:28,893 [main] WARN  balancer.ContainerBalancerTask (ContainerBalancerTask.java:reachedMaxSizeToMovePerIteration(733)) - Reached max size to move limit. 53687091200 bytes have already been scheduled for balancing and the limit is 53687091200 bytes.
2023-07-25 18:54:28,896 [main] INFO  balancer.ContainerBalancerTask (ContainerBalancerTask.java:checkIterationMoveResults(642)) - Iteration Summary. Number of Datanodes involved: 6. Size moved: 50 GB (53687091200 Bytes). Number of Container moves completed: 14.
2023-07-25 18:54:28,896 [main] INFO  balancer.ContainerBalancerTask (ContainerBalancerTask.java:balance(259)) - Result of this iteration of Container Balancer: ITERATION_COMPLETED
2023-07-25 18:54:28,896 [main] INFO  balancer.ContainerBalancerTask (ContainerBalancerTask.java:tryStopWithSaveConfiguration(308)) - Save Configuration for stopping. Reason: Completed all iterations.
2023-07-25 18:54:28,897 [main] DEBUG balancer.ContainerBalancerTask (ContainerBalancerTask.java:initializeIteration(374)) - Average utilization of the cluster is 0.3156055222234002
2023-07-25 18:54:28,897 [main] DEBUG balancer.ContainerBalancerTask (ContainerBalancerTask.java:initializeIteration(386)) - Lower limit for utilization is -0.19331627433329712 and Upper limit for utilization is 0.8245273187800976
2023-07-25 18:54:28,897 [main] DEBUG balancer.ContainerBalancerTask (ContainerBalancerTask.java:initializeIteration(398)) - Utilization for node 4f50034a-75b4-4c2d-a6cb-499964ebd3d2 with capacity 51300998257B, used 46170898432B, and remaining 5130099825B is 0.900000000013645
2023-07-25 18:54:28,897 [main] DEBUG balancer.ContainerBalancerTask (ContainerBalancerTask.java:initializeIteration(398)) - Utilization for node febeeba7-b923-4865-ad1e-c9d2c87db953 with capacity 59055800320B, used 47244640256B, and remaining 11811160064B is 0.8
2023-07-25 18:54:28,897 [main] DEBUG balancer.ContainerBalancerTask (ContainerBalancerTask.java:initializeIteration(398)) - Utilization for node f567f802-00a5-4ded-98c6-a7ae94c3340a with capacity 56754924982B, used 39728447488B, and remaining 17026477494B is 0.7000000000105717
2023-07-25 18:54:28,897 [main] DEBUG balancer.ContainerBalancerTask (ContainerBalancerTask.java:initializeIteration(398)) - Utilization for node aeeccbb3-1414-41c1-a6a4-102a874b451a with capacity 78741067093B, used 47244640256B, and remaining 31496426837B is 0.60000000000254
2023-07-25 18:54:28,897 [main] DEBUG balancer.ContainerBalancerTask (ContainerBalancerTask.java:initializeIteration(398)) - Utilization for node ad10ee04-68bb-4b66-9072-13d3587588f5 with capacity 77309411328B, used 38654705664B, and remaining 38654705664B is 0.5
2023-07-25 18:54:28,898 [main] DEBUG balancer.ContainerBalancerTask (ContainerBalancerTask.java:initializeIteration(398)) - Utilization for node 906155a4-1f78-4e66-8a37-e7f244b863db with capacity 75161927680B, used 30064771072B, and remaining 45097156608B is 0.4
2023-07-25 18:54:28,898 [main] DEBUG balancer.ContainerBalancerTask (ContainerBalancerTask.java:initializeIteration(398)) - Utilization for node abe908e0-ec37-4cce-924f-463e25c3270a with capacity 150323855360B, used 45097156608B, and remaining 105226698752B is 0.3
2023-07-25 18:54:28,898 [main] DEBUG balancer.ContainerBalancerTask (ContainerBalancerTask.java:initializeIteration(398)) - Utilization for node 5380d800-8fce-4a63-b11f-8b1055d91157 with capacity 182536110080B, used 36507222016B, and remaining 146028888064B is 0.2
2023-07-25 18:54:28,898 [main] DEBUG balancer.ContainerBalancerTask (ContainerBalancerTask.java:initializeIteration(398)) - Utilization for node 056bfb90-4be8-433c-ac1a-986752aaa3eb with capacity 386547056640B, used 38654705664B, and remaining 347892350976B is 0.1
2023-07-25 18:54:28,898 [main] DEBUG balancer.ContainerBalancerTask (ContainerBalancerTask.java:initializeIteration(398)) - Utilization for node c4d3ccbc-bddd-48e4-90bc-e339467c15d1 with capacity 52613349376B, used 0B, and remaining 52613349376B is 0.0
2023-07-25 18:54:28,898 [main] INFO  balancer.ContainerBalancerTask (ContainerBalancerTask.java:initializeIteration(447)) - Container Balancer has identified 1 Over-Utilized and 0 Under-Utilized Datanodes that need to be balanced.
2023-07-25 18:54:28,898 [main] DEBUG balancer.ContainerBalancerTask (ContainerBalancerTask.java:lambda$initializeIteration$1(453)) - Datanode localhost-68.254.123.214 4f50034a-75b4-4c2d-a6cb-499964ebd3d2 is Over-Utilized.
2023-07-25 18:54:28,900 [main] DEBUG balancer.ContainerBalancerTask (ContainerBalancerTask.java:matchSourceWithTarget(708)) - ContainerBalancer is finding suitable target for source datanode 4f50034a-75b4-4c2d-a6cb-499964ebd3d2
2023-07-25 18:54:28,901 [main] INFO  balancer.FindTargetGreedyByUsageInfo (AbstractFindTargetGreedy.java:findTargetForContainerMove(133)) - Container Balancer could not find a target for source datanode 4f50034a-75b4-4c2d-a6cb-499964ebd3d2
2023-07-25 18:54:28,901 [main] DEBUG balancer.ContainerBalancerTask (ContainerBalancerTask.java:matchSourceWithTarget(717)) - ContainerBalancer could not find a suitable target for source node 4f50034a-75b4-4c2d-a6cb-499964ebd3d2.
2023-07-25 18:54:28,901 [main] INFO  balancer.FindSourceGreedy (FindSourceGreedy.java:getNextCandidateSourceDataNode(126)) - no more candidate source data node
2023-07-25 18:54:28,901 [main] INFO  balancer.ContainerBalancerTask (ContainerBalancerTask.java:balance(259)) - Result of this iteration of Container Balancer: CAN_NOT_BALANCE_ANY_MORE
2023-07-25 18:54:28,901 [main] INFO  balancer.ContainerBalancerTask (ContainerBalancerTask.java:tryStopWithSaveConfiguration(308)) - Save Configuration for stopping. Reason: CAN_NOT_BALANCE_ANY_MORE
2023-07-25 18:54:28,902 [main] DEBUG balancer.ContainerBalancerTask (ContainerBalancerTask.java:initializeIteration(374)) - Average utilization of the cluster is 0.3156055222234002
2023-07-25 18:54:28,902 [main] DEBUG balancer.ContainerBalancerTask (ContainerBalancerTask.java:initializeIteration(386)) - Lower limit for utilization is 0.11705341812779047 and Upper limit for utilization is 0.51415762631901
2023-07-25 18:54:28,902 [main] DEBUG balancer.ContainerBalancerTask (ContainerBalancerTask.java:initializeIteration(398)) - Utilization for node 4f50034a-75b4-4c2d-a6cb-499964ebd3d2 with capacity 51300998257B, used 46170898432B, and remaining 5130099825B is 0.900000000013645
2023-07-25 18:54:28,902 [main] DEBUG balancer.ContainerBalancerTask (ContainerBalancerTask.java:initializeIteration(398)) - Utilization for node febeeba7-b923-4865-ad1e-c9d2c87db953 with capacity 59055800320B, used 47244640256B, and remaining 11811160064B is 0.8
2023-07-25 18:54:28,902 [main] DEBUG balancer.ContainerBalancerTask (ContainerBalancerTask.java:initializeIteration(398)) - Utilization for node f567f802-00a5-4ded-98c6-a7ae94c3340a with capacity 56754924982B, used 39728447488B, and remaining 17026477494B is 0.7000000000105717
2023-07-25 18:54:28,902 [main] DEBUG balancer.ContainerBalancerTask (ContainerBalancerTask.java:initializeIteration(398)) - Utilization for node aeeccbb3-1414-41c1-a6a4-102a874b451a with capacity 78741067093B, used 47244640256B, and remaining 31496426837B is 0.60000000000254
2023-07-25 18:54:28,902 [main] DEBUG balancer.ContainerBalancerTask (ContainerBalancerTask.java:initializeIteration(398)) - Utilization for node ad10ee04-68bb-4b66-9072-13d3587588f5 with capacity 77309411328B, used 38654705664B, and remaining 38654705664B is 0.5
2023-07-25 18:54:28,903 [main] DEBUG balancer.ContainerBalancerTask (ContainerBalancerTask.java:initializeIteration(398)) - Utilization for node 906155a4-1f78-4e66-8a37-e7f244b863db with capacity 75161927680B, used 30064771072B, and remaining 45097156608B is 0.4
2023-07-25 18:54:28,903 [main] DEBUG balancer.ContainerBalancerTask (ContainerBalancerTask.java:initializeIteration(398)) - Utilization for node abe908e0-ec37-4cce-924f-463e25c3270a with capacity 150323855360B, used 45097156608B, and remaining 105226698752B is 0.3
2023-07-25 18:54:28,903 [main] DEBUG balancer.ContainerBalancerTask (ContainerBalancerTask.java:initializeIteration(398)) - Utilization for node 5380d800-8fce-4a63-b11f-8b1055d91157 with capacity 182536110080B, used 36507222016B, and remaining 146028888064B is 0.2
2023-07-25 18:54:28,903 [main] DEBUG balancer.ContainerBalancerTask (ContainerBalancerTask.java:initializeIteration(398)) - Utilization for node 056bfb90-4be8-433c-ac1a-986752aaa3eb with capacity 386547056640B, used 38654705664B, and remaining 347892350976B is 0.1
2023-07-25 18:54:28,903 [main] DEBUG balancer.ContainerBalancerTask (ContainerBalancerTask.java:initializeIteration(398)) - Utilization for node c4d3ccbc-bddd-48e4-90bc-e339467c15d1 with capacity 52613349376B, used 0B, and remaining 52613349376B is 0.0
2023-07-25 18:54:28,903 [main] INFO  balancer.ContainerBalancerTask (ContainerBalancerTask.java:initializeIteration(447)) - Container Balancer has identified 4 Over-Utilized and 2 Under-Utilized Datanodes that need to be balanced.
2023-07-25 18:54:28,903 [main] DEBUG balancer.ContainerBalancerTask (ContainerBalancerTask.java:lambda$initializeIteration$1(453)) - Datanode localhost-68.254.123.214 4f50034a-75b4-4c2d-a6cb-499964ebd3d2 is Over-Utilized.
2023-07-25 18:54:28,903 [main] DEBUG balancer.ContainerBalancerTask (ContainerBalancerTask.java:lambda$initializeIteration$1(453)) - Datanode localhost-72.76.193.140 febeeba7-b923-4865-ad1e-c9d2c87db953 is Over-Utilized.
2023-07-25 18:54:28,903 [main] DEBUG balancer.ContainerBalancerTask (ContainerBalancerTask.java:lambda$initializeIteration$1(453)) - Datanode localhost-157.195.1.111 f567f802-00a5-4ded-98c6-a7ae94c3340a is Over-Utilized.
2023-07-25 18:54:28,903 [main] DEBUG balancer.ContainerBalancerTask (ContainerBalancerTask.java:lambda$initializeIteration$1(453)) - Datanode localhost-189.238.33.126 aeeccbb3-1414-41c1-a6a4-102a874b451a is Over-Utilized.
2023-07-25 18:54:28,903 [main] DEBUG balancer.ContainerBalancerTask (ContainerBalancerTask.java:lambda$initializeIteration$2(459)) - Datanode localhost-99.255.28.30 c4d3ccbc-bddd-48e4-90bc-e339467c15d1 is Under-Utilized.
2023-07-25 18:54:28,904 [main] DEBUG balancer.ContainerBalancerTask (ContainerBalancerTask.java:lambda$initializeIteration$2(459)) - Datanode localhost-117.176.158.140 056bfb90-4be8-433c-ac1a-986752aaa3eb is Under-Utilized.
2023-07-25 18:54:28,906 [main] DEBUG balancer.ContainerBalancerTask (ContainerBalancerTask.java:matchSourceWithTarget(708)) - ContainerBalancer is finding suitable target for source datanode 4f50034a-75b4-4c2d-a6cb-499964ebd3d2
2023-07-25 18:54:28,906 [main] INFO  balancer.ContainerBalancerTask (ContainerBalancerTask.java:matchSourceWithTarget(722)) - ContainerBalancer matched source datanode 4f50034a-75b4-4c2d-a6cb-499964ebd3d2 with target datanode c4d3ccbc-bddd-48e4-90bc-e339467c15d1 for container move.
2023-07-25 18:54:28,906 [main] INFO  balancer.ContainerBalancerTask (ContainerBalancerTask.java:processMoveSelection(569)) - ContainerBalancer is trying to move container #85 with size 5368709120B from source datanode 4f50034a-75b4-4c2d-a6cb-499964ebd3d2 to target datanode c4d3ccbc-bddd-48e4-90bc-e339467c15d1
2023-07-25 18:54:28,906 [main] DEBUG balancer.ContainerBalancerTask (ContainerBalancerTask.java:lambda$moveContainer$3(837)) - Container move completed for container #85 from source 4f50034a-75b4-4c2d-a6cb-499964ebd3d2 to target c4d3ccbc-bddd-48e4-90bc-e339467c15d1
2023-07-25 18:54:28,909 [main] DEBUG balancer.ContainerBalancerTask (ContainerBalancerTask.java:matchSourceWithTarget(708)) - ContainerBalancer is finding suitable target for source datanode febeeba7-b923-4865-ad1e-c9d2c87db953
2023-07-25 18:54:28,909 [main] INFO  balancer.ContainerBalancerTask (ContainerBalancerTask.java:matchSourceWithTarget(722)) - ContainerBalancer matched source datanode febeeba7-b923-4865-ad1e-c9d2c87db953 with target datanode 056bfb90-4be8-433c-ac1a-986752aaa3eb for container move.
2023-07-25 18:54:28,909 [main] INFO  balancer.ContainerBalancerTask (ContainerBalancerTask.java:processMoveSelection(569)) - ContainerBalancer is trying to move container #88 with size 3221225472B from source datanode febeeba7-b923-4865-ad1e-c9d2c87db953 to target datanode 056bfb90-4be8-433c-ac1a-986752aaa3eb
2023-07-25 18:54:28,910 [main] DEBUG balancer.ContainerBalancerTask (ContainerBalancerTask.java:lambda$moveContainer$3(837)) - Container move completed for container #88 from source febeeba7-b923-4865-ad1e-c9d2c87db953 to target 056bfb90-4be8-433c-ac1a-986752aaa3eb
2023-07-25 18:54:28,912 [main] DEBUG balancer.ContainerBalancerTask (ContainerBalancerTask.java:matchSourceWithTarget(708)) - ContainerBalancer is finding suitable target for source datanode 4f50034a-75b4-4c2d-a6cb-499964ebd3d2
2023-07-25 18:54:28,912 [main] INFO  balancer.ContainerBalancerTask (ContainerBalancerTask.java:matchSourceWithTarget(722)) - ContainerBalancer matched source datanode 4f50034a-75b4-4c2d-a6cb-499964ebd3d2 with target datanode c4d3ccbc-bddd-48e4-90bc-e339467c15d1 for container move.
2023-07-25 18:54:28,912 [main] INFO  balancer.ContainerBalancerTask (ContainerBalancerTask.java:processMoveSelection(569)) - ContainerBalancer is trying to move container #68 with size 5368709120B from source datanode 4f50034a-75b4-4c2d-a6cb-499964ebd3d2 to target datanode c4d3ccbc-bddd-48e4-90bc-e339467c15d1
2023-07-25 18:54:28,912 [main] DEBUG balancer.ContainerBalancerTask (ContainerBalancerTask.java:lambda$moveContainer$3(837)) - Container move completed for container #68 from source 4f50034a-75b4-4c2d-a6cb-499964ebd3d2 to target c4d3ccbc-bddd-48e4-90bc-e339467c15d1
2023-07-25 18:54:28,915 [main] DEBUG balancer.ContainerBalancerTask (ContainerBalancerTask.java:matchSourceWithTarget(708)) - ContainerBalancer is finding suitable target for source datanode febeeba7-b923-4865-ad1e-c9d2c87db953
2023-07-25 18:54:28,915 [main] INFO  balancer.ContainerBalancerTask (ContainerBalancerTask.java:matchSourceWithTarget(722)) - ContainerBalancer matched source datanode febeeba7-b923-4865-ad1e-c9d2c87db953 with target datanode 056bfb90-4be8-433c-ac1a-986752aaa3eb for container move.
2023-07-25 18:54:28,915 [main] INFO  balancer.ContainerBalancerTask (ContainerBalancerTask.java:processMoveSelection(569)) - ContainerBalancer is trying to move container #71 with size 3221225472B from source datanode febeeba7-b923-4865-ad1e-c9d2c87db953 to target datanode 056bfb90-4be8-433c-ac1a-986752aaa3eb
2023-07-25 18:54:28,915 [main] DEBUG balancer.ContainerBalancerTask (ContainerBalancerTask.java:lambda$moveContainer$3(837)) - Container move completed for container #71 from source febeeba7-b923-4865-ad1e-c9d2c87db953 to target 056bfb90-4be8-433c-ac1a-986752aaa3eb
2023-07-25 18:54:28,918 [main] DEBUG balancer.ContainerBalancerTask (ContainerBalancerTask.java:matchSourceWithTarget(708)) - ContainerBalancer is finding suitable target for source datanode f567f802-00a5-4ded-98c6-a7ae94c3340a
2023-07-25 18:54:28,918 [main] INFO  balancer.ContainerBalancerTask (ContainerBalancerTask.java:matchSourceWithTarget(722)) - ContainerBalancer matched source datanode f567f802-00a5-4ded-98c6-a7ae94c3340a with target datanode 056bfb90-4be8-433c-ac1a-986752aaa3eb for container move.
2023-07-25 18:54:28,918 [main] INFO  balancer.ContainerBalancerTask (ContainerBalancerTask.java:processMoveSelection(569)) - ContainerBalancer is trying to move container #40 with size 5368709120B from source datanode f567f802-00a5-4ded-98c6-a7ae94c3340a to target datanode 056bfb90-4be8-433c-ac1a-986752aaa3eb
2023-07-25 18:54:28,918 [main] DEBUG balancer.ContainerBalancerTask (ContainerBalancerTask.java:lambda$moveContainer$3(837)) - Container move completed for container #40 from source f567f802-00a5-4ded-98c6-a7ae94c3340a to target 056bfb90-4be8-433c-ac1a-986752aaa3eb
2023-07-25 18:54:28,921 [main] DEBUG balancer.ContainerBalancerTask (ContainerBalancerTask.java:matchSourceWithTarget(708)) - ContainerBalancer is finding suitable target for source datanode febeeba7-b923-4865-ad1e-c9d2c87db953
2023-07-25 18:54:28,921 [main] INFO  balancer.ContainerBalancerTask (ContainerBalancerTask.java:matchSourceWithTarget(722)) - ContainerBalancer matched source datanode febeeba7-b923-4865-ad1e-c9d2c87db953 with target datanode 056bfb90-4be8-433c-ac1a-986752aaa3eb for container move.
2023-07-25 18:54:28,921 [main] INFO  balancer.ContainerBalancerTask (ContainerBalancerTask.java:processMoveSelection(569)) - ContainerBalancer is trying to move container #66 with size 3221225472B from source datanode febeeba7-b923-4865-ad1e-c9d2c87db953 to target datanode 056bfb90-4be8-433c-ac1a-986752aaa3eb
2023-07-25 18:54:28,921 [main] DEBUG balancer.ContainerBalancerTask (ContainerBalancerTask.java:lambda$moveContainer$3(837)) - Container move completed for container #66 from source febeeba7-b923-4865-ad1e-c9d2c87db953 to target 056bfb90-4be8-433c-ac1a-986752aaa3eb
2023-07-25 18:54:28,924 [main] DEBUG balancer.ContainerBalancerTask (ContainerBalancerTask.java:matchSourceWithTarget(708)) - ContainerBalancer is finding suitable target for source datanode 4f50034a-75b4-4c2d-a6cb-499964ebd3d2
2023-07-25 18:54:28,924 [main] INFO  balancer.ContainerBalancerTask (ContainerBalancerTask.java:matchSourceWithTarget(722)) - ContainerBalancer matched source datanode 4f50034a-75b4-4c2d-a6cb-499964ebd3d2 with target datanode 056bfb90-4be8-433c-ac1a-986752aaa3eb for container move.
2023-07-25 18:54:28,924 [main] INFO  balancer.ContainerBalancerTask (ContainerBalancerTask.java:processMoveSelection(569)) - ContainerBalancer is trying to move container #89 with size 4294967296B from source datanode 4f50034a-75b4-4c2d-a6cb-499964ebd3d2 to target datanode 056bfb90-4be8-433c-ac1a-986752aaa3eb
2023-07-25 18:54:28,924 [main] DEBUG balancer.ContainerBalancerTask (ContainerBalancerTask.java:lambda$moveContainer$3(837)) - Container move completed for container #89 from source 4f50034a-75b4-4c2d-a6cb-499964ebd3d2 to target 056bfb90-4be8-433c-ac1a-986752aaa3eb
2023-07-25 18:54:28,927 [main] DEBUG balancer.ContainerBalancerTask (ContainerBalancerTask.java:matchSourceWithTarget(708)) - ContainerBalancer is finding suitable target for source datanode febeeba7-b923-4865-ad1e-c9d2c87db953
2023-07-25 18:54:28,927 [main] INFO  balancer.ContainerBalancerTask (ContainerBalancerTask.java:matchSourceWithTarget(722)) - ContainerBalancer matched source datanode febeeba7-b923-4865-ad1e-c9d2c87db953 with target datanode 056bfb90-4be8-433c-ac1a-986752aaa3eb for container move.
2023-07-25 18:54:28,927 [main] INFO  balancer.ContainerBalancerTask (ContainerBalancerTask.java:processMoveSelection(569)) - ContainerBalancer is trying to move container #18 with size 3221225472B from source datanode febeeba7-b923-4865-ad1e-c9d2c87db953 to target datanode 056bfb90-4be8-433c-ac1a-986752aaa3eb
2023-07-25 18:54:28,927 [main] DEBUG balancer.ContainerBalancerTask (ContainerBalancerTask.java:lambda$moveContainer$3(837)) - Container move completed for container #18 from source febeeba7-b923-4865-ad1e-c9d2c87db953 to target 056bfb90-4be8-433c-ac1a-986752aaa3eb
2023-07-25 18:54:28,930 [main] DEBUG balancer.ContainerBalancerTask (ContainerBalancerTask.java:matchSourceWithTarget(708)) - ContainerBalancer is finding suitable target for source datanode 4f50034a-75b4-4c2d-a6cb-499964ebd3d2
2023-07-25 18:54:28,930 [main] INFO  balancer.ContainerBalancerTask (ContainerBalancerTask.java:matchSourceWithTarget(722)) - ContainerBalancer matched source datanode 4f50034a-75b4-4c2d-a6cb-499964ebd3d2 with target datanode 056bfb90-4be8-433c-ac1a-986752aaa3eb for container move.
2023-07-25 18:54:28,930 [main] INFO  balancer.ContainerBalancerTask (ContainerBalancerTask.java:processMoveSelection(569)) - ContainerBalancer is trying to move container #84 with size 4294967296B from source datanode 4f50034a-75b4-4c2d-a6cb-499964ebd3d2 to target datanode 056bfb90-4be8-433c-ac1a-986752aaa3eb
2023-07-25 18:54:28,931 [main] DEBUG balancer.ContainerBalancerTask (ContainerBalancerTask.java:lambda$moveContainer$3(837)) - Container move completed for container #84 from source 4f50034a-75b4-4c2d-a6cb-499964ebd3d2 to target 056bfb90-4be8-433c-ac1a-986752aaa3eb
2023-07-25 18:54:28,934 [main] DEBUG balancer.ContainerBalancerTask (ContainerBalancerTask.java:matchSourceWithTarget(708)) - ContainerBalancer is finding suitable target for source datanode f567f802-00a5-4ded-98c6-a7ae94c3340a
2023-07-25 18:54:28,934 [main] INFO  balancer.ContainerBalancerTask (ContainerBalancerTask.java:matchSourceWithTarget(722)) - ContainerBalancer matched source datanode f567f802-00a5-4ded-98c6-a7ae94c3340a with target datanode 056bfb90-4be8-433c-ac1a-986752aaa3eb for container move.
2023-07-25 18:54:28,934 [main] INFO  balancer.ContainerBalancerTask (ContainerBalancerTask.java:processMoveSelection(569)) - ContainerBalancer is trying to move container #52 with size 4294967296B from source datanode f567f802-00a5-4ded-98c6-a7ae94c3340a to target datanode 056bfb90-4be8-433c-ac1a-986752aaa3eb
2023-07-25 18:54:28,934 [main] DEBUG balancer.ContainerBalancerTask (ContainerBalancerTask.java:lambda$moveContainer$3(837)) - Container move completed for container #52 from source f567f802-00a5-4ded-98c6-a7ae94c3340a to target 056bfb90-4be8-433c-ac1a-986752aaa3eb
2023-07-25 18:54:28,938 [main] DEBUG balancer.ContainerBalancerTask (ContainerBalancerTask.java:matchSourceWithTarget(708)) - ContainerBalancer is finding suitable target for source datanode aeeccbb3-1414-41c1-a6a4-102a874b451a
2023-07-25 18:54:28,938 [main] INFO  balancer.ContainerBalancerTask (ContainerBalancerTask.java:matchSourceWithTarget(722)) - ContainerBalancer matched source datanode aeeccbb3-1414-41c1-a6a4-102a874b451a with target datanode 056bfb90-4be8-433c-ac1a-986752aaa3eb for container move.
2023-07-25 18:54:28,938 [main] INFO  balancer.ContainerBalancerTask (ContainerBalancerTask.java:processMoveSelection(569)) - ContainerBalancer is trying to move container #39 with size 4294967296B from source datanode aeeccbb3-1414-41c1-a6a4-102a874b451a to target datanode 056bfb90-4be8-433c-ac1a-986752aaa3eb
2023-07-25 18:54:28,938 [main] DEBUG balancer.ContainerBalancerTask (ContainerBalancerTask.java:lambda$moveContainer$3(837)) - Container move completed for container #39 from source aeeccbb3-1414-41c1-a6a4-102a874b451a to target 056bfb90-4be8-433c-ac1a-986752aaa3eb
2023-07-25 18:54:28,941 [main] DEBUG balancer.ContainerBalancerTask (ContainerBalancerTask.java:matchSourceWithTarget(708)) - ContainerBalancer is finding suitable target for source datanode febeeba7-b923-4865-ad1e-c9d2c87db953
2023-07-25 18:54:28,941 [main] INFO  balancer.ContainerBalancerTask (ContainerBalancerTask.java:matchSourceWithTarget(722)) - ContainerBalancer matched source datanode febeeba7-b923-4865-ad1e-c9d2c87db953 with target datanode 056bfb90-4be8-433c-ac1a-986752aaa3eb for container move.
2023-07-25 18:54:28,941 [main] INFO  balancer.ContainerBalancerTask (ContainerBalancerTask.java:processMoveSelection(569)) - ContainerBalancer is trying to move container #82 with size 2147483648B from source datanode febeeba7-b923-4865-ad1e-c9d2c87db953 to target datanode 056bfb90-4be8-433c-ac1a-986752aaa3eb
2023-07-25 18:54:28,942 [main] DEBUG balancer.ContainerBalancerTask (ContainerBalancerTask.java:lambda$moveContainer$3(837)) - Container move completed for container #82 from source febeeba7-b923-4865-ad1e-c9d2c87db953 to target 056bfb90-4be8-433c-ac1a-986752aaa3eb
2023-07-25 18:54:28,945 [main] DEBUG balancer.ContainerBalancerTask (ContainerBalancerTask.java:matchSourceWithTarget(708)) - ContainerBalancer is finding suitable target for source datanode aeeccbb3-1414-41c1-a6a4-102a874b451a
2023-07-25 18:54:28,946 [main] INFO  balancer.ContainerBalancerTask (ContainerBalancerTask.java:matchSourceWithTarget(722)) - ContainerBalancer matched source datanode aeeccbb3-1414-41c1-a6a4-102a874b451a with target datanode 056bfb90-4be8-433c-ac1a-986752aaa3eb for container move.
2023-07-25 18:54:28,946 [main] INFO  balancer.ContainerBalancerTask (ContainerBalancerTask.java:processMoveSelection(569)) - ContainerBalancer is trying to move container #83 with size 3221225472B from source datanode aeeccbb3-1414-41c1-a6a4-102a874b451a to target datanode 056bfb90-4be8-433c-ac1a-986752aaa3eb
2023-07-25 18:54:28,946 [main] DEBUG balancer.ContainerBalancerTask (ContainerBalancerTask.java:lambda$moveContainer$3(837)) - Container move completed for container #83 from source aeeccbb3-1414-41c1-a6a4-102a874b451a to target 056bfb90-4be8-433c-ac1a-986752aaa3eb
2023-07-25 18:54:28,949 [main] DEBUG balancer.ContainerBalancerTask (ContainerBalancerTask.java:matchSourceWithTarget(708)) - ContainerBalancer is finding suitable target for source datanode febeeba7-b923-4865-ad1e-c9d2c87db953
2023-07-25 18:54:28,949 [main] INFO  balancer.ContainerBalancerTask (ContainerBalancerTask.java:matchSourceWithTarget(722)) - ContainerBalancer matched source datanode febeeba7-b923-4865-ad1e-c9d2c87db953 with target datanode c4d3ccbc-bddd-48e4-90bc-e339467c15d1 for container move.
2023-07-25 18:54:28,949 [main] INFO  balancer.ContainerBalancerTask (ContainerBalancerTask.java:processMoveSelection(569)) - ContainerBalancer is trying to move container #70 with size 2147483648B from source datanode febeeba7-b923-4865-ad1e-c9d2c87db953 to target datanode c4d3ccbc-bddd-48e4-90bc-e339467c15d1
2023-07-25 18:54:28,949 [main] DEBUG balancer.ContainerBalancerTask (ContainerBalancerTask.java:lambda$moveContainer$3(837)) - Container move completed for container #70 from source febeeba7-b923-4865-ad1e-c9d2c87db953 to target c4d3ccbc-bddd-48e4-90bc-e339467c15d1
2023-07-25 18:54:28,949 [main] WARN  balancer.ContainerBalancerTask (ContainerBalancerTask.java:reachedMaxSizeToMovePerIteration(733)) - Reached max size to move limit. 53687091200 bytes have already been scheduled for balancing and the limit is 53687091200 bytes.
2023-07-25 18:54:28,950 [main] INFO  balancer.ContainerBalancerTask (ContainerBalancerTask.java:checkIterationMoveResults(642)) - Iteration Summary. Number of Datanodes involved: 6. Size moved: 50 GB (53687091200 Bytes). Number of Container moves completed: 14.
2023-07-25 18:54:28,950 [main] INFO  balancer.ContainerBalancerTask (ContainerBalancerTask.java:balance(259)) - Result of this iteration of Container Balancer: ITERATION_COMPLETED
2023-07-25 18:54:28,950 [main] INFO  balancer.ContainerBalancerTask (ContainerBalancerTask.java:tryStopWithSaveConfiguration(308)) - Save Configuration for stopping. Reason: Completed all iterations.
2023-07-25 18:54:28,951 [main] DEBUG balancer.ContainerBalancerTask (ContainerBalancerTask.java:initializeIteration(374)) - Average utilization of the cluster is 0.3156055222234002
2023-07-25 18:54:28,951 [main] DEBUG balancer.ContainerBalancerTask (ContainerBalancerTask.java:initializeIteration(386)) - Lower limit for utilization is -0.5754502006365363 and Upper limit for utilization is 1.2066612450833367
2023-07-25 18:54:28,951 [main] DEBUG balancer.ContainerBalancerTask (ContainerBalancerTask.java:initializeIteration(398)) - Utilization for node 4f50034a-75b4-4c2d-a6cb-499964ebd3d2 with capacity 51300998257B, used 46170898432B, and remaining 5130099825B is 0.900000000013645
2023-07-25 18:54:28,951 [main] DEBUG balancer.ContainerBalancerTask (ContainerBalancerTask.java:initializeIteration(398)) - Utilization for node febeeba7-b923-4865-ad1e-c9d2c87db953 with capacity 59055800320B, used 47244640256B, and remaining 11811160064B is 0.8
2023-07-25 18:54:28,951 [main] DEBUG balancer.ContainerBalancerTask (ContainerBalancerTask.java:initializeIteration(398)) - Utilization for node f567f802-00a5-4ded-98c6-a7ae94c3340a with capacity 56754924982B, used 39728447488B, and remaining 17026477494B is 0.7000000000105717
2023-07-25 18:54:28,951 [main] DEBUG balancer.ContainerBalancerTask (ContainerBalancerTask.java:initializeIteration(398)) - Utilization for node aeeccbb3-1414-41c1-a6a4-102a874b451a with capacity 78741067093B, used 47244640256B, and remaining 31496426837B is 0.60000000000254
2023-07-25 18:54:28,951 [main] DEBUG balancer.ContainerBalancerTask (ContainerBalancerTask.java:initializeIteration(398)) - Utilization for node ad10ee04-68bb-4b66-9072-13d3587588f5 with capacity 77309411328B, used 38654705664B, and remaining 38654705664B is 0.5
2023-07-25 18:54:28,951 [main] DEBUG balancer.ContainerBalancerTask (ContainerBalancerTask.java:initializeIteration(398)) - Utilization for node 906155a4-1f78-4e66-8a37-e7f244b863db with capacity 75161927680B, used 30064771072B, and remaining 45097156608B is 0.4
2023-07-25 18:54:28,951 [main] DEBUG balancer.ContainerBalancerTask (ContainerBalancerTask.java:initializeIteration(398)) - Utilization for node abe908e0-ec37-4cce-924f-463e25c3270a with capacity 150323855360B, used 45097156608B, and remaining 105226698752B is 0.3
2023-07-25 18:54:28,951 [main] DEBUG balancer.ContainerBalancerTask (ContainerBalancerTask.java:initializeIteration(398)) - Utilization for node 5380d800-8fce-4a63-b11f-8b1055d91157 with capacity 182536110080B, used 36507222016B, and remaining 146028888064B is 0.2
2023-07-25 18:54:28,952 [main] DEBUG balancer.ContainerBalancerTask (ContainerBalancerTask.java:initializeIteration(398)) - Utilization for node 056bfb90-4be8-433c-ac1a-986752aaa3eb with capacity 386547056640B, used 38654705664B, and remaining 347892350976B is 0.1
2023-07-25 18:54:28,952 [main] DEBUG balancer.ContainerBalancerTask (ContainerBalancerTask.java:initializeIteration(398)) - Utilization for node c4d3ccbc-bddd-48e4-90bc-e339467c15d1 with capacity 52613349376B, used 0B, and remaining 52613349376B is 0.0
2023-07-25 18:54:28,952 [main] INFO  balancer.ContainerBalancerTask (ContainerBalancerTask.java:initializeIteration(443)) - Did not find any unbalanced Datanodes.
2023-07-25 18:54:28,952 [main] INFO  balancer.ContainerBalancerTask (ContainerBalancerTask.java:tryStopWithSaveConfiguration(308)) - Save Configuration for stopping. Reason: Could not initialize ContainerBalancer's iteration number 0
2023-07-25 18:54:28,953 [main] DEBUG balancer.ContainerBalancerTask (ContainerBalancerTask.java:initializeIteration(374)) - Average utilization of the cluster is 0.3156055222234002
2023-07-25 18:54:28,953 [main] DEBUG balancer.ContainerBalancerTask (ContainerBalancerTask.java:initializeIteration(386)) - Lower limit for utilization is -0.5196587121453932 and Upper limit for utilization is 1.1508697565921935
2023-07-25 18:54:28,953 [main] DEBUG balancer.ContainerBalancerTask (ContainerBalancerTask.java:initializeIteration(398)) - Utilization for node 4f50034a-75b4-4c2d-a6cb-499964ebd3d2 with capacity 51300998257B, used 46170898432B, and remaining 5130099825B is 0.900000000013645
2023-07-25 18:54:28,953 [main] DEBUG balancer.ContainerBalancerTask (ContainerBalancerTask.java:initializeIteration(398)) - Utilization for node febeeba7-b923-4865-ad1e-c9d2c87db953 with capacity 59055800320B, used 47244640256B, and remaining 11811160064B is 0.8
2023-07-25 18:54:28,953 [main] DEBUG balancer.ContainerBalancerTask (ContainerBalancerTask.java:initializeIteration(398)) - Utilization for node f567f802-00a5-4ded-98c6-a7ae94c3340a with capacity 56754924982B, used 39728447488B, and remaining 17026477494B is 0.7000000000105717
2023-07-25 18:54:28,953 [main] DEBUG balancer.ContainerBalancerTask (ContainerBalancerTask.java:initializeIteration(398)) - Utilization for node aeeccbb3-1414-41c1-a6a4-102a874b451a with capacity 78741067093B, used 47244640256B, and remaining 31496426837B is 0.60000000000254
2023-07-25 18:54:28,953 [main] DEBUG balancer.ContainerBalancerTask (ContainerBalancerTask.java:initializeIteration(398)) - Utilization for node ad10ee04-68bb-4b66-9072-13d3587588f5 with capacity 77309411328B, used 38654705664B, and remaining 38654705664B is 0.5
2023-07-25 18:54:28,953 [main] DEBUG balancer.ContainerBalancerTask (ContainerBalancerTask.java:initializeIteration(398)) - Utilization for node 906155a4-1f78-4e66-8a37-e7f244b863db with capacity 75161927680B, used 30064771072B, and remaining 45097156608B is 0.4
2023-07-25 18:54:28,953 [main] DEBUG balancer.ContainerBalancerTask (ContainerBalancerTask.java:initializeIteration(398)) - Utilization for node abe908e0-ec37-4cce-924f-463e25c3270a with capacity 150323855360B, used 45097156608B, and remaining 105226698752B is 0.3
2023-07-25 18:54:28,954 [main] DEBUG balancer.ContainerBalancerTask (ContainerBalancerTask.java:initializeIteration(398)) - Utilization for node 5380d800-8fce-4a63-b11f-8b1055d91157 with capacity 182536110080B, used 36507222016B, and remaining 146028888064B is 0.2
2023-07-25 18:54:28,954 [main] DEBUG balancer.ContainerBalancerTask (ContainerBalancerTask.java:initializeIteration(398)) - Utilization for node 056bfb90-4be8-433c-ac1a-986752aaa3eb with capacity 386547056640B, used 38654705664B, and remaining 347892350976B is 0.1
2023-07-25 18:54:28,954 [main] DEBUG balancer.ContainerBalancerTask (ContainerBalancerTask.java:initializeIteration(398)) - Utilization for node c4d3ccbc-bddd-48e4-90bc-e339467c15d1 with capacity 52613349376B, used 0B, and remaining 52613349376B is 0.0
2023-07-25 18:54:28,954 [main] INFO  balancer.ContainerBalancerTask (ContainerBalancerTask.java:initializeIteration(443)) - Did not find any unbalanced Datanodes.
2023-07-25 18:54:28,954 [main] INFO  balancer.ContainerBalancerTask (ContainerBalancerTask.java:tryStopWithSaveConfiguration(308)) - Save Configuration for stopping. Reason: Could not initialize ContainerBalancer's iteration number 0
2023-07-25 18:54:28,955 [main] DEBUG balancer.ContainerBalancerTask (ContainerBalancerTask.java:initializeIteration(374)) - Average utilization of the cluster is 0.3156055222234002
2023-07-25 18:54:28,955 [main] DEBUG balancer.ContainerBalancerTask (ContainerBalancerTask.java:initializeIteration(386)) - Lower limit for utilization is -0.16792601832456233 and Upper limit for utilization is 0.7991370627713628
2023-07-25 18:54:28,955 [main] DEBUG balancer.ContainerBalancerTask (ContainerBalancerTask.java:initializeIteration(398)) - Utilization for node 4f50034a-75b4-4c2d-a6cb-499964ebd3d2 with capacity 51300998257B, used 46170898432B, and remaining 5130099825B is 0.900000000013645
2023-07-25 18:54:28,955 [main] DEBUG balancer.ContainerBalancerTask (ContainerBalancerTask.java:initializeIteration(398)) - Utilization for node febeeba7-b923-4865-ad1e-c9d2c87db953 with capacity 59055800320B, used 47244640256B, and remaining 11811160064B is 0.8
2023-07-25 18:54:28,955 [main] DEBUG balancer.ContainerBalancerTask (ContainerBalancerTask.java:initializeIteration(398)) - Utilization for node f567f802-00a5-4ded-98c6-a7ae94c3340a with capacity 56754924982B, used 39728447488B, and remaining 17026477494B is 0.7000000000105717
2023-07-25 18:54:28,955 [main] DEBUG balancer.ContainerBalancerTask (ContainerBalancerTask.java:initializeIteration(398)) - Utilization for node aeeccbb3-1414-41c1-a6a4-102a874b451a with capacity 78741067093B, used 47244640256B, and remaining 31496426837B is 0.60000000000254
2023-07-25 18:54:28,955 [main] DEBUG balancer.ContainerBalancerTask (ContainerBalancerTask.java:initializeIteration(398)) - Utilization for node ad10ee04-68bb-4b66-9072-13d3587588f5 with capacity 77309411328B, used 38654705664B, and remaining 38654705664B is 0.5
2023-07-25 18:54:28,955 [main] DEBUG balancer.ContainerBalancerTask (ContainerBalancerTask.java:initializeIteration(398)) - Utilization for node 906155a4-1f78-4e66-8a37-e7f244b863db with capacity 75161927680B, used 30064771072B, and remaining 45097156608B is 0.4
2023-07-25 18:54:28,955 [main] DEBUG balancer.ContainerBalancerTask (ContainerBalancerTask.java:initializeIteration(398)) - Utilization for node abe908e0-ec37-4cce-924f-463e25c3270a with capacity 150323855360B, used 45097156608B, and remaining 105226698752B is 0.3
2023-07-25 18:54:28,955 [main] DEBUG balancer.ContainerBalancerTask (ContainerBalancerTask.java:initializeIteration(398)) - Utilization for node 5380d800-8fce-4a63-b11f-8b1055d91157 with capacity 182536110080B, used 36507222016B, and remaining 146028888064B is 0.2
2023-07-25 18:54:28,955 [main] DEBUG balancer.ContainerBalancerTask (ContainerBalancerTask.java:initializeIteration(398)) - Utilization for node 056bfb90-4be8-433c-ac1a-986752aaa3eb with capacity 386547056640B, used 38654705664B, and remaining 347892350976B is 0.1
2023-07-25 18:54:28,956 [main] DEBUG balancer.ContainerBalancerTask (ContainerBalancerTask.java:initializeIteration(398)) - Utilization for node c4d3ccbc-bddd-48e4-90bc-e339467c15d1 with capacity 52613349376B, used 0B, and remaining 52613349376B is 0.0
2023-07-25 18:54:28,956 [main] INFO  balancer.ContainerBalancerTask (ContainerBalancerTask.java:initializeIteration(447)) - Container Balancer has identified 2 Over-Utilized and 0 Under-Utilized Datanodes that need to be balanced.
2023-07-25 18:54:28,956 [main] DEBUG balancer.ContainerBalancerTask (ContainerBalancerTask.java:lambda$initializeIteration$1(453)) - Datanode localhost-68.254.123.214 4f50034a-75b4-4c2d-a6cb-499964ebd3d2 is Over-Utilized.
2023-07-25 18:54:28,956 [main] DEBUG balancer.ContainerBalancerTask (ContainerBalancerTask.java:lambda$initializeIteration$1(453)) - Datanode localhost-72.76.193.140 febeeba7-b923-4865-ad1e-c9d2c87db953 is Over-Utilized.
2023-07-25 18:54:28,958 [main] DEBUG balancer.ContainerBalancerTask (ContainerBalancerTask.java:matchSourceWithTarget(708)) - ContainerBalancer is finding suitable target for source datanode 4f50034a-75b4-4c2d-a6cb-499964ebd3d2
2023-07-25 18:54:28,958 [main] INFO  balancer.FindTargetGreedyByUsageInfo (AbstractFindTargetGreedy.java:findTargetForContainerMove(133)) - Container Balancer could not find a target for source datanode 4f50034a-75b4-4c2d-a6cb-499964ebd3d2
2023-07-25 18:54:28,958 [main] DEBUG balancer.ContainerBalancerTask (ContainerBalancerTask.java:matchSourceWithTarget(717)) - ContainerBalancer could not find a suitable target for source node 4f50034a-75b4-4c2d-a6cb-499964ebd3d2.
2023-07-25 18:54:28,960 [main] DEBUG balancer.ContainerBalancerTask (ContainerBalancerTask.java:matchSourceWithTarget(708)) - ContainerBalancer is finding suitable target for source datanode febeeba7-b923-4865-ad1e-c9d2c87db953
2023-07-25 18:54:28,960 [main] INFO  balancer.FindTargetGreedyByUsageInfo (AbstractFindTargetGreedy.java:findTargetForContainerMove(133)) - Container Balancer could not find a target for source datanode febeeba7-b923-4865-ad1e-c9d2c87db953
2023-07-25 18:54:28,961 [main] DEBUG balancer.ContainerBalancerTask (ContainerBalancerTask.java:matchSourceWithTarget(717)) - ContainerBalancer could not find a suitable target for source node febeeba7-b923-4865-ad1e-c9d2c87db953.
2023-07-25 18:54:28,961 [main] INFO  balancer.FindSourceGreedy (FindSourceGreedy.java:getNextCandidateSourceDataNode(126)) - no more candidate source data node
2023-07-25 18:54:28,961 [main] INFO  balancer.ContainerBalancerTask (ContainerBalancerTask.java:balance(259)) - Result of this iteration of Container Balancer: CAN_NOT_BALANCE_ANY_MORE
2023-07-25 18:54:28,961 [main] INFO  balancer.ContainerBalancerTask (ContainerBalancerTask.java:tryStopWithSaveConfiguration(308)) - Save Configuration for stopping. Reason: CAN_NOT_BALANCE_ANY_MORE
]]></system-out>
  </testcase>
  <testcase name="balancerShouldObeyMaxSizeEnteringTargetLimit" classname="org.apache.hadoop.hdds.scm.container.balancer.TestContainerBalancerTask" time="0.278">
    <system-out><![CDATA[2023-07-25 18:54:28,987 [main] INFO  net.NodeSchemaLoader (NodeSchemaLoader.java:loadSchemaFromFile(129)) - Loading schema from [file:/home/runner/work/ozone/ozone/hadoop-hdds/common/target/classes/network-topology-default.xml]
2023-07-25 18:54:28,988 [main] INFO  net.NodeSchemaLoader (NodeSchemaLoader.java:loadSchema(176)) - Loading network topology layer schema file
2023-07-25 18:54:28,989 [main] INFO  net.NetworkTopologyImpl (NetworkTopologyImpl.java:add(112)) - Added a new node: /default-rack/55caf8c5-bc0f-4779-b09b-264b5755e4dd
2023-07-25 18:54:28,989 [main] INFO  net.NetworkTopologyImpl (NetworkTopologyImpl.java:add(112)) - Added a new node: /default-rack/b34664c6-cc49-4cb3-a3ea-2d4711e5ebf0
2023-07-25 18:54:28,990 [main] INFO  net.NetworkTopologyImpl (NetworkTopologyImpl.java:add(112)) - Added a new node: /default-rack/8e95e4cc-f254-465c-8b6e-e6ba06bba1ad
2023-07-25 18:54:28,990 [main] INFO  net.NetworkTopologyImpl (NetworkTopologyImpl.java:add(112)) - Added a new node: /default-rack/c447d353-f5da-45bd-8670-0b4e71cd8118
2023-07-25 18:54:28,990 [main] INFO  net.NetworkTopologyImpl (NetworkTopologyImpl.java:add(112)) - Added a new node: /default-rack/106663ac-edc8-44b3-9f59-c9a95513e75b
2023-07-25 18:54:28,990 [main] INFO  net.NetworkTopologyImpl (NetworkTopologyImpl.java:add(112)) - Added a new node: /default-rack/915ec627-4d22-41c1-8c61-0af716dea7c8
2023-07-25 18:54:28,990 [main] INFO  net.NetworkTopologyImpl (NetworkTopologyImpl.java:add(112)) - Added a new node: /default-rack/96d51bba-3efc-4155-8c45-833cb1bb5e5f
2023-07-25 18:54:28,990 [main] INFO  net.NetworkTopologyImpl (NetworkTopologyImpl.java:add(112)) - Added a new node: /default-rack/c1a95a87-3c5a-49e7-8090-657d8cc8ab0a
2023-07-25 18:54:28,990 [main] INFO  net.NetworkTopologyImpl (NetworkTopologyImpl.java:add(112)) - Added a new node: /default-rack/36874c9d-5993-4987-b6fb-38cd48fe8aab
2023-07-25 18:54:28,990 [main] INFO  net.NetworkTopologyImpl (NetworkTopologyImpl.java:add(112)) - Added a new node: /default-rack/17e257be-23b2-420c-8d0c-d982b6e2bad0
2023-07-25 18:54:28,990 [main] INFO  algorithms.ContainerPlacementPolicyFactory (ContainerPlacementPolicyFactory.java:getPolicyInternal(86)) - Create container placement policy of type org.apache.hadoop.hdds.scm.container.placement.algorithms.SCMContainerPlacementRackAware
2023-07-25 18:54:28,991 [main] INFO  algorithms.ContainerPlacementPolicyFactory (ContainerPlacementPolicyFactory.java:getPolicyInternal(86)) - Create container placement policy of type org.apache.hadoop.hdds.scm.container.placement.algorithms.SCMContainerPlacementRackScatter
2023-07-25 18:54:28,993 [main] DEBUG balancer.ContainerBalancerTask (ContainerBalancerTask.java:initializeIteration(374)) - Average utilization of the cluster is 0.33499918247827304
2023-07-25 18:54:28,994 [main] DEBUG balancer.ContainerBalancerTask (ContainerBalancerTask.java:initializeIteration(386)) - Lower limit for utilization is 0.23499918247827303 and Upper limit for utilization is 0.43499918247827307
2023-07-25 18:54:28,994 [main] DEBUG balancer.ContainerBalancerTask (ContainerBalancerTask.java:initializeIteration(398)) - Utilization for node c447d353-f5da-45bd-8670-0b4e71cd8118 with capacity 51300998257B, used 46170898432B, and remaining 5130099825B is 0.900000000013645
2023-07-25 18:54:28,994 [main] DEBUG balancer.ContainerBalancerTask (ContainerBalancerTask.java:initializeIteration(398)) - Utilization for node 915ec627-4d22-41c1-8c61-0af716dea7c8 with capacity 48318382080B, used 38654705664B, and remaining 9663676416B is 0.8
2023-07-25 18:54:28,994 [main] DEBUG balancer.ContainerBalancerTask (ContainerBalancerTask.java:initializeIteration(398)) - Utilization for node 96d51bba-3efc-4155-8c45-833cb1bb5e5f with capacity 61356675657B, used 42949672960B, and remaining 18407002697B is 0.7000000000016298
2023-07-25 18:54:28,994 [main] DEBUG balancer.ContainerBalancerTask (ContainerBalancerTask.java:initializeIteration(398)) - Utilization for node 36874c9d-5993-4987-b6fb-38cd48fe8aab with capacity 96636764160B, used 57982058496B, and remaining 38654705664B is 0.6
2023-07-25 18:54:28,994 [main] DEBUG balancer.ContainerBalancerTask (ContainerBalancerTask.java:initializeIteration(398)) - Utilization for node 106663ac-edc8-44b3-9f59-c9a95513e75b with capacity 118111600640B, used 59055800320B, and remaining 59055800320B is 0.5
2023-07-25 18:54:28,994 [main] DEBUG balancer.ContainerBalancerTask (ContainerBalancerTask.java:initializeIteration(398)) - Utilization for node b34664c6-cc49-4cb3-a3ea-2d4711e5ebf0 with capacity 77846282240B, used 31138512896B, and remaining 46707769344B is 0.4
2023-07-25 18:54:28,994 [main] DEBUG balancer.ContainerBalancerTask (ContainerBalancerTask.java:initializeIteration(398)) - Utilization for node 55caf8c5-bc0f-4779-b09b-264b5755e4dd with capacity 139586437120B, used 41875931136B, and remaining 97710505984B is 0.3
2023-07-25 18:54:28,994 [main] DEBUG balancer.ContainerBalancerTask (ContainerBalancerTask.java:initializeIteration(398)) - Utilization for node c1a95a87-3c5a-49e7-8090-657d8cc8ab0a with capacity 273804165120B, used 54760833024B, and remaining 219043332096B is 0.2
2023-07-25 18:54:28,994 [main] DEBUG balancer.ContainerBalancerTask (ContainerBalancerTask.java:initializeIteration(398)) - Utilization for node 17e257be-23b2-420c-8d0c-d982b6e2bad0 with capacity 289910292480B, used 28991029248B, and remaining 260919263232B is 0.1
2023-07-25 18:54:28,995 [main] DEBUG balancer.ContainerBalancerTask (ContainerBalancerTask.java:initializeIteration(398)) - Utilization for node 8e95e4cc-f254-465c-8b6e-e6ba06bba1ad with capacity 41875931136B, used 0B, and remaining 41875931136B is 0.0
2023-07-25 18:54:28,995 [main] INFO  balancer.ContainerBalancerTask (ContainerBalancerTask.java:initializeIteration(447)) - Container Balancer has identified 5 Over-Utilized and 3 Under-Utilized Datanodes that need to be balanced.
2023-07-25 18:54:28,995 [main] DEBUG balancer.ContainerBalancerTask (ContainerBalancerTask.java:lambda$initializeIteration$1(453)) - Datanode localhost-82.161.6.106 c447d353-f5da-45bd-8670-0b4e71cd8118 is Over-Utilized.
2023-07-25 18:54:28,995 [main] DEBUG balancer.ContainerBalancerTask (ContainerBalancerTask.java:lambda$initializeIteration$1(453)) - Datanode localhost-163.10.140.150 915ec627-4d22-41c1-8c61-0af716dea7c8 is Over-Utilized.
2023-07-25 18:54:28,995 [main] DEBUG balancer.ContainerBalancerTask (ContainerBalancerTask.java:lambda$initializeIteration$1(453)) - Datanode localhost-225.73.215.134 96d51bba-3efc-4155-8c45-833cb1bb5e5f is Over-Utilized.
2023-07-25 18:54:28,995 [main] DEBUG balancer.ContainerBalancerTask (ContainerBalancerTask.java:lambda$initializeIteration$1(453)) - Datanode localhost-98.32.240.155 36874c9d-5993-4987-b6fb-38cd48fe8aab is Over-Utilized.
2023-07-25 18:54:28,995 [main] DEBUG balancer.ContainerBalancerTask (ContainerBalancerTask.java:lambda$initializeIteration$1(453)) - Datanode localhost-161.178.106.24 106663ac-edc8-44b3-9f59-c9a95513e75b is Over-Utilized.
2023-07-25 18:54:28,995 [main] DEBUG balancer.ContainerBalancerTask (ContainerBalancerTask.java:lambda$initializeIteration$2(459)) - Datanode localhost-83.223.7.117 8e95e4cc-f254-465c-8b6e-e6ba06bba1ad is Under-Utilized.
2023-07-25 18:54:28,995 [main] DEBUG balancer.ContainerBalancerTask (ContainerBalancerTask.java:lambda$initializeIteration$2(459)) - Datanode localhost-65.152.52.245 17e257be-23b2-420c-8d0c-d982b6e2bad0 is Under-Utilized.
2023-07-25 18:54:28,996 [main] DEBUG balancer.ContainerBalancerTask (ContainerBalancerTask.java:lambda$initializeIteration$2(459)) - Datanode localhost-198.118.206.93 c1a95a87-3c5a-49e7-8090-657d8cc8ab0a is Under-Utilized.
2023-07-25 18:54:28,998 [main] DEBUG balancer.ContainerBalancerTask (ContainerBalancerTask.java:matchSourceWithTarget(708)) - ContainerBalancer is finding suitable target for source datanode c447d353-f5da-45bd-8670-0b4e71cd8118
2023-07-25 18:54:29,000 [main] INFO  balancer.FindTargetGreedyByUsageInfo (AbstractFindTargetGreedy.java:findTargetForContainerMove(133)) - Container Balancer could not find a target for source datanode c447d353-f5da-45bd-8670-0b4e71cd8118
2023-07-25 18:54:29,001 [main] DEBUG balancer.ContainerBalancerTask (ContainerBalancerTask.java:matchSourceWithTarget(717)) - ContainerBalancer could not find a suitable target for source node c447d353-f5da-45bd-8670-0b4e71cd8118.
2023-07-25 18:54:29,002 [main] DEBUG balancer.ContainerBalancerTask (ContainerBalancerTask.java:matchSourceWithTarget(708)) - ContainerBalancer is finding suitable target for source datanode 915ec627-4d22-41c1-8c61-0af716dea7c8
2023-07-25 18:54:29,004 [main] INFO  balancer.FindTargetGreedyByUsageInfo (AbstractFindTargetGreedy.java:findTargetForContainerMove(133)) - Container Balancer could not find a target for source datanode 915ec627-4d22-41c1-8c61-0af716dea7c8
2023-07-25 18:54:29,005 [main] DEBUG balancer.ContainerBalancerTask (ContainerBalancerTask.java:matchSourceWithTarget(717)) - ContainerBalancer could not find a suitable target for source node 915ec627-4d22-41c1-8c61-0af716dea7c8.
2023-07-25 18:54:29,007 [main] DEBUG balancer.ContainerBalancerTask (ContainerBalancerTask.java:matchSourceWithTarget(708)) - ContainerBalancer is finding suitable target for source datanode 96d51bba-3efc-4155-8c45-833cb1bb5e5f
2023-07-25 18:54:29,008 [main] INFO  balancer.FindTargetGreedyByUsageInfo (AbstractFindTargetGreedy.java:findTargetForContainerMove(133)) - Container Balancer could not find a target for source datanode 96d51bba-3efc-4155-8c45-833cb1bb5e5f
2023-07-25 18:54:29,009 [main] DEBUG balancer.ContainerBalancerTask (ContainerBalancerTask.java:matchSourceWithTarget(717)) - ContainerBalancer could not find a suitable target for source node 96d51bba-3efc-4155-8c45-833cb1bb5e5f.
2023-07-25 18:54:29,011 [main] DEBUG balancer.ContainerBalancerTask (ContainerBalancerTask.java:matchSourceWithTarget(708)) - ContainerBalancer is finding suitable target for source datanode 36874c9d-5993-4987-b6fb-38cd48fe8aab
2023-07-25 18:54:29,014 [main] INFO  balancer.FindTargetGreedyByUsageInfo (AbstractFindTargetGreedy.java:findTargetForContainerMove(133)) - Container Balancer could not find a target for source datanode 36874c9d-5993-4987-b6fb-38cd48fe8aab
2023-07-25 18:54:29,014 [main] DEBUG balancer.ContainerBalancerTask (ContainerBalancerTask.java:matchSourceWithTarget(717)) - ContainerBalancer could not find a suitable target for source node 36874c9d-5993-4987-b6fb-38cd48fe8aab.
2023-07-25 18:54:29,017 [main] DEBUG balancer.ContainerBalancerTask (ContainerBalancerTask.java:matchSourceWithTarget(708)) - ContainerBalancer is finding suitable target for source datanode 106663ac-edc8-44b3-9f59-c9a95513e75b
2023-07-25 18:54:29,019 [main] INFO  balancer.FindTargetGreedyByUsageInfo (AbstractFindTargetGreedy.java:findTargetForContainerMove(133)) - Container Balancer could not find a target for source datanode 106663ac-edc8-44b3-9f59-c9a95513e75b
2023-07-25 18:54:29,019 [main] DEBUG balancer.ContainerBalancerTask (ContainerBalancerTask.java:matchSourceWithTarget(717)) - ContainerBalancer could not find a suitable target for source node 106663ac-edc8-44b3-9f59-c9a95513e75b.
2023-07-25 18:54:29,020 [main] INFO  balancer.FindSourceGreedy (FindSourceGreedy.java:getNextCandidateSourceDataNode(126)) - no more candidate source data node
2023-07-25 18:54:29,020 [main] INFO  balancer.ContainerBalancerTask (ContainerBalancerTask.java:balance(259)) - Result of this iteration of Container Balancer: CAN_NOT_BALANCE_ANY_MORE
2023-07-25 18:54:29,020 [main] INFO  balancer.ContainerBalancerTask (ContainerBalancerTask.java:tryStopWithSaveConfiguration(308)) - Save Configuration for stopping. Reason: CAN_NOT_BALANCE_ANY_MORE
2023-07-25 18:54:29,032 [main] DEBUG balancer.ContainerBalancerTask (ContainerBalancerTask.java:initializeIteration(374)) - Average utilization of the cluster is 0.33499918247827304
2023-07-25 18:54:29,032 [main] DEBUG balancer.ContainerBalancerTask (ContainerBalancerTask.java:initializeIteration(386)) - Lower limit for utilization is 0.23499918247827303 and Upper limit for utilization is 0.43499918247827307
2023-07-25 18:54:29,032 [main] DEBUG balancer.ContainerBalancerTask (ContainerBalancerTask.java:initializeIteration(398)) - Utilization for node c447d353-f5da-45bd-8670-0b4e71cd8118 with capacity 51300998257B, used 46170898432B, and remaining 5130099825B is 0.900000000013645
2023-07-25 18:54:29,032 [main] DEBUG balancer.ContainerBalancerTask (ContainerBalancerTask.java:initializeIteration(398)) - Utilization for node 915ec627-4d22-41c1-8c61-0af716dea7c8 with capacity 48318382080B, used 38654705664B, and remaining 9663676416B is 0.8
2023-07-25 18:54:29,032 [main] DEBUG balancer.ContainerBalancerTask (ContainerBalancerTask.java:initializeIteration(398)) - Utilization for node 96d51bba-3efc-4155-8c45-833cb1bb5e5f with capacity 61356675657B, used 42949672960B, and remaining 18407002697B is 0.7000000000016298
2023-07-25 18:54:29,032 [main] DEBUG balancer.ContainerBalancerTask (ContainerBalancerTask.java:initializeIteration(398)) - Utilization for node 36874c9d-5993-4987-b6fb-38cd48fe8aab with capacity 96636764160B, used 57982058496B, and remaining 38654705664B is 0.6
2023-07-25 18:54:29,032 [main] DEBUG balancer.ContainerBalancerTask (ContainerBalancerTask.java:initializeIteration(398)) - Utilization for node 106663ac-edc8-44b3-9f59-c9a95513e75b with capacity 118111600640B, used 59055800320B, and remaining 59055800320B is 0.5
2023-07-25 18:54:29,033 [main] DEBUG balancer.ContainerBalancerTask (ContainerBalancerTask.java:initializeIteration(398)) - Utilization for node b34664c6-cc49-4cb3-a3ea-2d4711e5ebf0 with capacity 77846282240B, used 31138512896B, and remaining 46707769344B is 0.4
2023-07-25 18:54:29,033 [main] DEBUG balancer.ContainerBalancerTask (ContainerBalancerTask.java:initializeIteration(398)) - Utilization for node 55caf8c5-bc0f-4779-b09b-264b5755e4dd with capacity 139586437120B, used 41875931136B, and remaining 97710505984B is 0.3
2023-07-25 18:54:29,033 [main] DEBUG balancer.ContainerBalancerTask (ContainerBalancerTask.java:initializeIteration(398)) - Utilization for node c1a95a87-3c5a-49e7-8090-657d8cc8ab0a with capacity 273804165120B, used 54760833024B, and remaining 219043332096B is 0.2
2023-07-25 18:54:29,033 [main] DEBUG balancer.ContainerBalancerTask (ContainerBalancerTask.java:initializeIteration(398)) - Utilization for node 17e257be-23b2-420c-8d0c-d982b6e2bad0 with capacity 289910292480B, used 28991029248B, and remaining 260919263232B is 0.1
2023-07-25 18:54:29,033 [main] DEBUG balancer.ContainerBalancerTask (ContainerBalancerTask.java:initializeIteration(398)) - Utilization for node 8e95e4cc-f254-465c-8b6e-e6ba06bba1ad with capacity 41875931136B, used 0B, and remaining 41875931136B is 0.0
2023-07-25 18:54:29,033 [main] INFO  balancer.ContainerBalancerTask (ContainerBalancerTask.java:initializeIteration(447)) - Container Balancer has identified 5 Over-Utilized and 3 Under-Utilized Datanodes that need to be balanced.
2023-07-25 18:54:29,033 [main] DEBUG balancer.ContainerBalancerTask (ContainerBalancerTask.java:lambda$initializeIteration$1(453)) - Datanode localhost-82.161.6.106 c447d353-f5da-45bd-8670-0b4e71cd8118 is Over-Utilized.
2023-07-25 18:54:29,033 [main] DEBUG balancer.ContainerBalancerTask (ContainerBalancerTask.java:lambda$initializeIteration$1(453)) - Datanode localhost-163.10.140.150 915ec627-4d22-41c1-8c61-0af716dea7c8 is Over-Utilized.
2023-07-25 18:54:29,033 [main] DEBUG balancer.ContainerBalancerTask (ContainerBalancerTask.java:lambda$initializeIteration$1(453)) - Datanode localhost-225.73.215.134 96d51bba-3efc-4155-8c45-833cb1bb5e5f is Over-Utilized.
2023-07-25 18:54:29,033 [main] DEBUG balancer.ContainerBalancerTask (ContainerBalancerTask.java:lambda$initializeIteration$1(453)) - Datanode localhost-98.32.240.155 36874c9d-5993-4987-b6fb-38cd48fe8aab is Over-Utilized.
2023-07-25 18:54:29,034 [main] DEBUG balancer.ContainerBalancerTask (ContainerBalancerTask.java:lambda$initializeIteration$1(453)) - Datanode localhost-161.178.106.24 106663ac-edc8-44b3-9f59-c9a95513e75b is Over-Utilized.
2023-07-25 18:54:29,034 [main] DEBUG balancer.ContainerBalancerTask (ContainerBalancerTask.java:lambda$initializeIteration$2(459)) - Datanode localhost-83.223.7.117 8e95e4cc-f254-465c-8b6e-e6ba06bba1ad is Under-Utilized.
2023-07-25 18:54:29,034 [main] DEBUG balancer.ContainerBalancerTask (ContainerBalancerTask.java:lambda$initializeIteration$2(459)) - Datanode localhost-65.152.52.245 17e257be-23b2-420c-8d0c-d982b6e2bad0 is Under-Utilized.
2023-07-25 18:54:29,034 [main] DEBUG balancer.ContainerBalancerTask (ContainerBalancerTask.java:lambda$initializeIteration$2(459)) - Datanode localhost-198.118.206.93 c1a95a87-3c5a-49e7-8090-657d8cc8ab0a is Under-Utilized.
2023-07-25 18:54:29,036 [main] DEBUG balancer.ContainerBalancerTask (ContainerBalancerTask.java:matchSourceWithTarget(708)) - ContainerBalancer is finding suitable target for source datanode c447d353-f5da-45bd-8670-0b4e71cd8118
2023-07-25 18:54:29,037 [main] INFO  balancer.ContainerBalancerTask (ContainerBalancerTask.java:matchSourceWithTarget(722)) - ContainerBalancer matched source datanode c447d353-f5da-45bd-8670-0b4e71cd8118 with target datanode 8e95e4cc-f254-465c-8b6e-e6ba06bba1ad for container move.
2023-07-25 18:54:29,037 [main] INFO  balancer.ContainerBalancerTask (ContainerBalancerTask.java:processMoveSelection(569)) - ContainerBalancer is trying to move container #85 with size 5368709120B from source datanode c447d353-f5da-45bd-8670-0b4e71cd8118 to target datanode 8e95e4cc-f254-465c-8b6e-e6ba06bba1ad
2023-07-25 18:54:29,037 [main] DEBUG balancer.ContainerBalancerTask (ContainerBalancerTask.java:lambda$moveContainer$3(837)) - Container move completed for container #85 from source c447d353-f5da-45bd-8670-0b4e71cd8118 to target 8e95e4cc-f254-465c-8b6e-e6ba06bba1ad
2023-07-25 18:54:29,037 [main] DEBUG balancer.ContainerBalancerTask (ContainerBalancerTask.java:adaptOnReachingIterationLimits(782)) - Reached max datanodes to involve limit. 2 datanodes have already been selected for balancing and the limit is 2. Only already selected sources and targets can be involved in balancing now.
2023-07-25 18:54:29,040 [main] DEBUG balancer.ContainerBalancerTask (ContainerBalancerTask.java:matchSourceWithTarget(708)) - ContainerBalancer is finding suitable target for source datanode c447d353-f5da-45bd-8670-0b4e71cd8118
2023-07-25 18:54:29,040 [main] INFO  balancer.ContainerBalancerTask (ContainerBalancerTask.java:matchSourceWithTarget(722)) - ContainerBalancer matched source datanode c447d353-f5da-45bd-8670-0b4e71cd8118 with target datanode 8e95e4cc-f254-465c-8b6e-e6ba06bba1ad for container move.
2023-07-25 18:54:29,040 [main] INFO  balancer.ContainerBalancerTask (ContainerBalancerTask.java:processMoveSelection(569)) - ContainerBalancer is trying to move container #89 with size 4294967296B from source datanode c447d353-f5da-45bd-8670-0b4e71cd8118 to target datanode 8e95e4cc-f254-465c-8b6e-e6ba06bba1ad
2023-07-25 18:54:29,040 [main] DEBUG balancer.ContainerBalancerTask (ContainerBalancerTask.java:lambda$moveContainer$3(837)) - Container move completed for container #89 from source c447d353-f5da-45bd-8670-0b4e71cd8118 to target 8e95e4cc-f254-465c-8b6e-e6ba06bba1ad
2023-07-25 18:54:29,043 [main] DEBUG balancer.ContainerBalancerTask (ContainerBalancerTask.java:matchSourceWithTarget(708)) - ContainerBalancer is finding suitable target for source datanode c447d353-f5da-45bd-8670-0b4e71cd8118
2023-07-25 18:54:29,043 [main] INFO  balancer.ContainerBalancerTask (ContainerBalancerTask.java:matchSourceWithTarget(722)) - ContainerBalancer matched source datanode c447d353-f5da-45bd-8670-0b4e71cd8118 with target datanode 8e95e4cc-f254-465c-8b6e-e6ba06bba1ad for container move.
2023-07-25 18:54:29,043 [main] INFO  balancer.ContainerBalancerTask (ContainerBalancerTask.java:processMoveSelection(569)) - ContainerBalancer is trying to move container #84 with size 4294967296B from source datanode c447d353-f5da-45bd-8670-0b4e71cd8118 to target datanode 8e95e4cc-f254-465c-8b6e-e6ba06bba1ad
2023-07-25 18:54:29,043 [main] DEBUG balancer.ContainerBalancerTask (ContainerBalancerTask.java:lambda$moveContainer$3(837)) - Container move completed for container #84 from source c447d353-f5da-45bd-8670-0b4e71cd8118 to target 8e95e4cc-f254-465c-8b6e-e6ba06bba1ad
2023-07-25 18:54:29,046 [main] DEBUG balancer.ContainerBalancerTask (ContainerBalancerTask.java:matchSourceWithTarget(708)) - ContainerBalancer is finding suitable target for source datanode c447d353-f5da-45bd-8670-0b4e71cd8118
2023-07-25 18:54:29,046 [main] INFO  balancer.ContainerBalancerTask (ContainerBalancerTask.java:matchSourceWithTarget(722)) - ContainerBalancer matched source datanode c447d353-f5da-45bd-8670-0b4e71cd8118 with target datanode 8e95e4cc-f254-465c-8b6e-e6ba06bba1ad for container move.
2023-07-25 18:54:29,046 [main] INFO  balancer.ContainerBalancerTask (ContainerBalancerTask.java:processMoveSelection(569)) - ContainerBalancer is trying to move container #88 with size 3221225472B from source datanode c447d353-f5da-45bd-8670-0b4e71cd8118 to target datanode 8e95e4cc-f254-465c-8b6e-e6ba06bba1ad
2023-07-25 18:54:29,047 [main] DEBUG balancer.ContainerBalancerTask (ContainerBalancerTask.java:lambda$moveContainer$3(837)) - Container move completed for container #88 from source c447d353-f5da-45bd-8670-0b4e71cd8118 to target 8e95e4cc-f254-465c-8b6e-e6ba06bba1ad
2023-07-25 18:54:29,049 [main] DEBUG balancer.ContainerBalancerTask (ContainerBalancerTask.java:matchSourceWithTarget(708)) - ContainerBalancer is finding suitable target for source datanode c447d353-f5da-45bd-8670-0b4e71cd8118
2023-07-25 18:54:29,053 [main] INFO  balancer.FindTargetGreedyByUsageInfo (AbstractFindTargetGreedy.java:findTargetForContainerMove(133)) - Container Balancer could not find a target for source datanode c447d353-f5da-45bd-8670-0b4e71cd8118
2023-07-25 18:54:29,053 [main] DEBUG balancer.ContainerBalancerTask (ContainerBalancerTask.java:matchSourceWithTarget(717)) - ContainerBalancer could not find a suitable target for source node c447d353-f5da-45bd-8670-0b4e71cd8118.
2023-07-25 18:54:29,053 [main] INFO  balancer.FindSourceGreedy (FindSourceGreedy.java:getNextCandidateSourceDataNode(126)) - no more candidate source data node
2023-07-25 18:54:29,053 [main] INFO  balancer.ContainerBalancerTask (ContainerBalancerTask.java:checkIterationMoveResults(642)) - Iteration Summary. Number of Datanodes involved: 2. Size moved: 16 GB (17179869184 Bytes). Number of Container moves completed: 4.
2023-07-25 18:54:29,054 [main] INFO  balancer.ContainerBalancerTask (ContainerBalancerTask.java:balance(259)) - Result of this iteration of Container Balancer: ITERATION_COMPLETED
2023-07-25 18:54:29,055 [main] DEBUG balancer.ContainerBalancerTask (ContainerBalancerTask.java:initializeIteration(374)) - Average utilization of the cluster is 0.33499918247827304
2023-07-25 18:54:29,055 [main] DEBUG balancer.ContainerBalancerTask (ContainerBalancerTask.java:initializeIteration(386)) - Lower limit for utilization is 0.23499918247827303 and Upper limit for utilization is 0.43499918247827307
2023-07-25 18:54:29,056 [main] DEBUG balancer.ContainerBalancerTask (ContainerBalancerTask.java:initializeIteration(398)) - Utilization for node c447d353-f5da-45bd-8670-0b4e71cd8118 with capacity 51300998257B, used 46170898432B, and remaining 5130099825B is 0.900000000013645
2023-07-25 18:54:29,056 [main] DEBUG balancer.ContainerBalancerTask (ContainerBalancerTask.java:initializeIteration(398)) - Utilization for node 915ec627-4d22-41c1-8c61-0af716dea7c8 with capacity 48318382080B, used 38654705664B, and remaining 9663676416B is 0.8
2023-07-25 18:54:29,056 [main] DEBUG balancer.ContainerBalancerTask (ContainerBalancerTask.java:initializeIteration(398)) - Utilization for node 96d51bba-3efc-4155-8c45-833cb1bb5e5f with capacity 61356675657B, used 42949672960B, and remaining 18407002697B is 0.7000000000016298
2023-07-25 18:54:29,056 [main] DEBUG balancer.ContainerBalancerTask (ContainerBalancerTask.java:initializeIteration(398)) - Utilization for node 36874c9d-5993-4987-b6fb-38cd48fe8aab with capacity 96636764160B, used 57982058496B, and remaining 38654705664B is 0.6
2023-07-25 18:54:29,056 [main] DEBUG balancer.ContainerBalancerTask (ContainerBalancerTask.java:initializeIteration(398)) - Utilization for node 106663ac-edc8-44b3-9f59-c9a95513e75b with capacity 118111600640B, used 59055800320B, and remaining 59055800320B is 0.5
2023-07-25 18:54:29,056 [main] DEBUG balancer.ContainerBalancerTask (ContainerBalancerTask.java:initializeIteration(398)) - Utilization for node b34664c6-cc49-4cb3-a3ea-2d4711e5ebf0 with capacity 77846282240B, used 31138512896B, and remaining 46707769344B is 0.4
2023-07-25 18:54:29,056 [main] DEBUG balancer.ContainerBalancerTask (ContainerBalancerTask.java:initializeIteration(398)) - Utilization for node 55caf8c5-bc0f-4779-b09b-264b5755e4dd with capacity 139586437120B, used 41875931136B, and remaining 97710505984B is 0.3
2023-07-25 18:54:29,056 [main] DEBUG balancer.ContainerBalancerTask (ContainerBalancerTask.java:initializeIteration(398)) - Utilization for node c1a95a87-3c5a-49e7-8090-657d8cc8ab0a with capacity 273804165120B, used 54760833024B, and remaining 219043332096B is 0.2
2023-07-25 18:54:29,056 [main] DEBUG balancer.ContainerBalancerTask (ContainerBalancerTask.java:initializeIteration(398)) - Utilization for node 17e257be-23b2-420c-8d0c-d982b6e2bad0 with capacity 289910292480B, used 28991029248B, and remaining 260919263232B is 0.1
2023-07-25 18:54:29,056 [main] DEBUG balancer.ContainerBalancerTask (ContainerBalancerTask.java:initializeIteration(398)) - Utilization for node 8e95e4cc-f254-465c-8b6e-e6ba06bba1ad with capacity 41875931136B, used 0B, and remaining 41875931136B is 0.0
2023-07-25 18:54:29,057 [main] INFO  balancer.ContainerBalancerTask (ContainerBalancerTask.java:initializeIteration(447)) - Container Balancer has identified 5 Over-Utilized and 3 Under-Utilized Datanodes that need to be balanced.
2023-07-25 18:54:29,057 [main] DEBUG balancer.ContainerBalancerTask (ContainerBalancerTask.java:lambda$initializeIteration$1(453)) - Datanode localhost-82.161.6.106 c447d353-f5da-45bd-8670-0b4e71cd8118 is Over-Utilized.
2023-07-25 18:54:29,057 [main] DEBUG balancer.ContainerBalancerTask (ContainerBalancerTask.java:lambda$initializeIteration$1(453)) - Datanode localhost-163.10.140.150 915ec627-4d22-41c1-8c61-0af716dea7c8 is Over-Utilized.
2023-07-25 18:54:29,057 [main] DEBUG balancer.ContainerBalancerTask (ContainerBalancerTask.java:lambda$initializeIteration$1(453)) - Datanode localhost-225.73.215.134 96d51bba-3efc-4155-8c45-833cb1bb5e5f is Over-Utilized.
2023-07-25 18:54:29,057 [main] DEBUG balancer.ContainerBalancerTask (ContainerBalancerTask.java:lambda$initializeIteration$1(453)) - Datanode localhost-98.32.240.155 36874c9d-5993-4987-b6fb-38cd48fe8aab is Over-Utilized.
2023-07-25 18:54:29,057 [main] DEBUG balancer.ContainerBalancerTask (ContainerBalancerTask.java:lambda$initializeIteration$1(453)) - Datanode localhost-161.178.106.24 106663ac-edc8-44b3-9f59-c9a95513e75b is Over-Utilized.
2023-07-25 18:54:29,057 [main] DEBUG balancer.ContainerBalancerTask (ContainerBalancerTask.java:lambda$initializeIteration$2(459)) - Datanode localhost-83.223.7.117 8e95e4cc-f254-465c-8b6e-e6ba06bba1ad is Under-Utilized.
2023-07-25 18:54:29,057 [main] DEBUG balancer.ContainerBalancerTask (ContainerBalancerTask.java:lambda$initializeIteration$2(459)) - Datanode localhost-65.152.52.245 17e257be-23b2-420c-8d0c-d982b6e2bad0 is Under-Utilized.
2023-07-25 18:54:29,057 [main] DEBUG balancer.ContainerBalancerTask (ContainerBalancerTask.java:lambda$initializeIteration$2(459)) - Datanode localhost-198.118.206.93 c1a95a87-3c5a-49e7-8090-657d8cc8ab0a is Under-Utilized.
2023-07-25 18:54:29,060 [main] DEBUG balancer.ContainerBalancerTask (ContainerBalancerTask.java:matchSourceWithTarget(708)) - ContainerBalancer is finding suitable target for source datanode c447d353-f5da-45bd-8670-0b4e71cd8118
2023-07-25 18:54:29,060 [main] INFO  balancer.ContainerBalancerTask (ContainerBalancerTask.java:matchSourceWithTarget(722)) - ContainerBalancer matched source datanode c447d353-f5da-45bd-8670-0b4e71cd8118 with target datanode 8e95e4cc-f254-465c-8b6e-e6ba06bba1ad for container move.
2023-07-25 18:54:29,060 [main] INFO  balancer.ContainerBalancerTask (ContainerBalancerTask.java:processMoveSelection(569)) - ContainerBalancer is trying to move container #85 with size 5368709120B from source datanode c447d353-f5da-45bd-8670-0b4e71cd8118 to target datanode 8e95e4cc-f254-465c-8b6e-e6ba06bba1ad
2023-07-25 18:54:29,061 [main] DEBUG balancer.ContainerBalancerTask (ContainerBalancerTask.java:lambda$moveContainer$3(837)) - Container move completed for container #85 from source c447d353-f5da-45bd-8670-0b4e71cd8118 to target 8e95e4cc-f254-465c-8b6e-e6ba06bba1ad
2023-07-25 18:54:29,061 [main] DEBUG balancer.ContainerBalancerTask (ContainerBalancerTask.java:adaptOnReachingIterationLimits(782)) - Reached max datanodes to involve limit. 2 datanodes have already been selected for balancing and the limit is 2. Only already selected sources and targets can be involved in balancing now.
2023-07-25 18:54:29,063 [main] DEBUG balancer.ContainerBalancerTask (ContainerBalancerTask.java:matchSourceWithTarget(708)) - ContainerBalancer is finding suitable target for source datanode c447d353-f5da-45bd-8670-0b4e71cd8118
2023-07-25 18:54:29,064 [main] INFO  balancer.ContainerBalancerTask (ContainerBalancerTask.java:matchSourceWithTarget(722)) - ContainerBalancer matched source datanode c447d353-f5da-45bd-8670-0b4e71cd8118 with target datanode 8e95e4cc-f254-465c-8b6e-e6ba06bba1ad for container move.
2023-07-25 18:54:29,064 [main] INFO  balancer.ContainerBalancerTask (ContainerBalancerTask.java:processMoveSelection(569)) - ContainerBalancer is trying to move container #89 with size 4294967296B from source datanode c447d353-f5da-45bd-8670-0b4e71cd8118 to target datanode 8e95e4cc-f254-465c-8b6e-e6ba06bba1ad
2023-07-25 18:54:29,064 [main] DEBUG balancer.ContainerBalancerTask (ContainerBalancerTask.java:lambda$moveContainer$3(837)) - Container move completed for container #89 from source c447d353-f5da-45bd-8670-0b4e71cd8118 to target 8e95e4cc-f254-465c-8b6e-e6ba06bba1ad
2023-07-25 18:54:29,067 [main] DEBUG balancer.ContainerBalancerTask (ContainerBalancerTask.java:matchSourceWithTarget(708)) - ContainerBalancer is finding suitable target for source datanode c447d353-f5da-45bd-8670-0b4e71cd8118
2023-07-25 18:54:29,067 [main] INFO  balancer.ContainerBalancerTask (ContainerBalancerTask.java:matchSourceWithTarget(722)) - ContainerBalancer matched source datanode c447d353-f5da-45bd-8670-0b4e71cd8118 with target datanode 8e95e4cc-f254-465c-8b6e-e6ba06bba1ad for container move.
2023-07-25 18:54:29,067 [main] INFO  balancer.ContainerBalancerTask (ContainerBalancerTask.java:processMoveSelection(569)) - ContainerBalancer is trying to move container #84 with size 4294967296B from source datanode c447d353-f5da-45bd-8670-0b4e71cd8118 to target datanode 8e95e4cc-f254-465c-8b6e-e6ba06bba1ad
2023-07-25 18:54:29,067 [main] DEBUG balancer.ContainerBalancerTask (ContainerBalancerTask.java:lambda$moveContainer$3(837)) - Container move completed for container #84 from source c447d353-f5da-45bd-8670-0b4e71cd8118 to target 8e95e4cc-f254-465c-8b6e-e6ba06bba1ad
2023-07-25 18:54:29,070 [main] DEBUG balancer.ContainerBalancerTask (ContainerBalancerTask.java:matchSourceWithTarget(708)) - ContainerBalancer is finding suitable target for source datanode c447d353-f5da-45bd-8670-0b4e71cd8118
2023-07-25 18:54:29,070 [main] INFO  balancer.ContainerBalancerTask (ContainerBalancerTask.java:matchSourceWithTarget(722)) - ContainerBalancer matched source datanode c447d353-f5da-45bd-8670-0b4e71cd8118 with target datanode 8e95e4cc-f254-465c-8b6e-e6ba06bba1ad for container move.
2023-07-25 18:54:29,070 [main] INFO  balancer.ContainerBalancerTask (ContainerBalancerTask.java:processMoveSelection(569)) - ContainerBalancer is trying to move container #88 with size 3221225472B from source datanode c447d353-f5da-45bd-8670-0b4e71cd8118 to target datanode 8e95e4cc-f254-465c-8b6e-e6ba06bba1ad
2023-07-25 18:54:29,070 [main] DEBUG balancer.ContainerBalancerTask (ContainerBalancerTask.java:lambda$moveContainer$3(837)) - Container move completed for container #88 from source c447d353-f5da-45bd-8670-0b4e71cd8118 to target 8e95e4cc-f254-465c-8b6e-e6ba06bba1ad
2023-07-25 18:54:29,073 [main] DEBUG balancer.ContainerBalancerTask (ContainerBalancerTask.java:matchSourceWithTarget(708)) - ContainerBalancer is finding suitable target for source datanode c447d353-f5da-45bd-8670-0b4e71cd8118
2023-07-25 18:54:29,074 [main] INFO  balancer.FindTargetGreedyByUsageInfo (AbstractFindTargetGreedy.java:findTargetForContainerMove(133)) - Container Balancer could not find a target for source datanode c447d353-f5da-45bd-8670-0b4e71cd8118
2023-07-25 18:54:29,074 [main] DEBUG balancer.ContainerBalancerTask (ContainerBalancerTask.java:matchSourceWithTarget(717)) - ContainerBalancer could not find a suitable target for source node c447d353-f5da-45bd-8670-0b4e71cd8118.
2023-07-25 18:54:29,074 [main] INFO  balancer.FindSourceGreedy (FindSourceGreedy.java:getNextCandidateSourceDataNode(126)) - no more candidate source data node
2023-07-25 18:54:29,074 [main] INFO  balancer.ContainerBalancerTask (ContainerBalancerTask.java:checkIterationMoveResults(642)) - Iteration Summary. Number of Datanodes involved: 2. Size moved: 16 GB (17179869184 Bytes). Number of Container moves completed: 4.
2023-07-25 18:54:29,074 [main] INFO  balancer.ContainerBalancerTask (ContainerBalancerTask.java:balance(259)) - Result of this iteration of Container Balancer: ITERATION_COMPLETED
2023-07-25 18:54:29,076 [main] DEBUG balancer.ContainerBalancerTask (ContainerBalancerTask.java:initializeIteration(374)) - Average utilization of the cluster is 0.33499918247827304
2023-07-25 18:54:29,076 [main] DEBUG balancer.ContainerBalancerTask (ContainerBalancerTask.java:initializeIteration(386)) - Lower limit for utilization is 0.23499918247827303 and Upper limit for utilization is 0.43499918247827307
2023-07-25 18:54:29,076 [main] DEBUG balancer.ContainerBalancerTask (ContainerBalancerTask.java:initializeIteration(398)) - Utilization for node c447d353-f5da-45bd-8670-0b4e71cd8118 with capacity 51300998257B, used 46170898432B, and remaining 5130099825B is 0.900000000013645
2023-07-25 18:54:29,076 [main] DEBUG balancer.ContainerBalancerTask (ContainerBalancerTask.java:initializeIteration(398)) - Utilization for node 915ec627-4d22-41c1-8c61-0af716dea7c8 with capacity 48318382080B, used 38654705664B, and remaining 9663676416B is 0.8
2023-07-25 18:54:29,077 [main] DEBUG balancer.ContainerBalancerTask (ContainerBalancerTask.java:initializeIteration(398)) - Utilization for node 96d51bba-3efc-4155-8c45-833cb1bb5e5f with capacity 61356675657B, used 42949672960B, and remaining 18407002697B is 0.7000000000016298
2023-07-25 18:54:29,077 [main] DEBUG balancer.ContainerBalancerTask (ContainerBalancerTask.java:initializeIteration(398)) - Utilization for node 36874c9d-5993-4987-b6fb-38cd48fe8aab with capacity 96636764160B, used 57982058496B, and remaining 38654705664B is 0.6
2023-07-25 18:54:29,077 [main] DEBUG balancer.ContainerBalancerTask (ContainerBalancerTask.java:initializeIteration(398)) - Utilization for node 106663ac-edc8-44b3-9f59-c9a95513e75b with capacity 118111600640B, used 59055800320B, and remaining 59055800320B is 0.5
2023-07-25 18:54:29,077 [main] DEBUG balancer.ContainerBalancerTask (ContainerBalancerTask.java:initializeIteration(398)) - Utilization for node b34664c6-cc49-4cb3-a3ea-2d4711e5ebf0 with capacity 77846282240B, used 31138512896B, and remaining 46707769344B is 0.4
2023-07-25 18:54:29,077 [main] DEBUG balancer.ContainerBalancerTask (ContainerBalancerTask.java:initializeIteration(398)) - Utilization for node 55caf8c5-bc0f-4779-b09b-264b5755e4dd with capacity 139586437120B, used 41875931136B, and remaining 97710505984B is 0.3
2023-07-25 18:54:29,077 [main] DEBUG balancer.ContainerBalancerTask (ContainerBalancerTask.java:initializeIteration(398)) - Utilization for node c1a95a87-3c5a-49e7-8090-657d8cc8ab0a with capacity 273804165120B, used 54760833024B, and remaining 219043332096B is 0.2
2023-07-25 18:54:29,077 [main] DEBUG balancer.ContainerBalancerTask (ContainerBalancerTask.java:initializeIteration(398)) - Utilization for node 17e257be-23b2-420c-8d0c-d982b6e2bad0 with capacity 289910292480B, used 28991029248B, and remaining 260919263232B is 0.1
2023-07-25 18:54:29,077 [main] DEBUG balancer.ContainerBalancerTask (ContainerBalancerTask.java:initializeIteration(398)) - Utilization for node 8e95e4cc-f254-465c-8b6e-e6ba06bba1ad with capacity 41875931136B, used 0B, and remaining 41875931136B is 0.0
2023-07-25 18:54:29,077 [main] INFO  balancer.ContainerBalancerTask (ContainerBalancerTask.java:initializeIteration(447)) - Container Balancer has identified 5 Over-Utilized and 3 Under-Utilized Datanodes that need to be balanced.
2023-07-25 18:54:29,078 [main] DEBUG balancer.ContainerBalancerTask (ContainerBalancerTask.java:lambda$initializeIteration$1(453)) - Datanode localhost-82.161.6.106 c447d353-f5da-45bd-8670-0b4e71cd8118 is Over-Utilized.
2023-07-25 18:54:29,078 [main] DEBUG balancer.ContainerBalancerTask (ContainerBalancerTask.java:lambda$initializeIteration$1(453)) - Datanode localhost-163.10.140.150 915ec627-4d22-41c1-8c61-0af716dea7c8 is Over-Utilized.
2023-07-25 18:54:29,078 [main] DEBUG balancer.ContainerBalancerTask (ContainerBalancerTask.java:lambda$initializeIteration$1(453)) - Datanode localhost-225.73.215.134 96d51bba-3efc-4155-8c45-833cb1bb5e5f is Over-Utilized.
2023-07-25 18:54:29,078 [main] DEBUG balancer.ContainerBalancerTask (ContainerBalancerTask.java:lambda$initializeIteration$1(453)) - Datanode localhost-98.32.240.155 36874c9d-5993-4987-b6fb-38cd48fe8aab is Over-Utilized.
2023-07-25 18:54:29,078 [main] DEBUG balancer.ContainerBalancerTask (ContainerBalancerTask.java:lambda$initializeIteration$1(453)) - Datanode localhost-161.178.106.24 106663ac-edc8-44b3-9f59-c9a95513e75b is Over-Utilized.
2023-07-25 18:54:29,078 [main] DEBUG balancer.ContainerBalancerTask (ContainerBalancerTask.java:lambda$initializeIteration$2(459)) - Datanode localhost-83.223.7.117 8e95e4cc-f254-465c-8b6e-e6ba06bba1ad is Under-Utilized.
2023-07-25 18:54:29,078 [main] DEBUG balancer.ContainerBalancerTask (ContainerBalancerTask.java:lambda$initializeIteration$2(459)) - Datanode localhost-65.152.52.245 17e257be-23b2-420c-8d0c-d982b6e2bad0 is Under-Utilized.
2023-07-25 18:54:29,078 [main] DEBUG balancer.ContainerBalancerTask (ContainerBalancerTask.java:lambda$initializeIteration$2(459)) - Datanode localhost-198.118.206.93 c1a95a87-3c5a-49e7-8090-657d8cc8ab0a is Under-Utilized.
2023-07-25 18:54:29,081 [main] DEBUG balancer.ContainerBalancerTask (ContainerBalancerTask.java:matchSourceWithTarget(708)) - ContainerBalancer is finding suitable target for source datanode c447d353-f5da-45bd-8670-0b4e71cd8118
2023-07-25 18:54:29,081 [main] INFO  balancer.ContainerBalancerTask (ContainerBalancerTask.java:matchSourceWithTarget(722)) - ContainerBalancer matched source datanode c447d353-f5da-45bd-8670-0b4e71cd8118 with target datanode 8e95e4cc-f254-465c-8b6e-e6ba06bba1ad for container move.
2023-07-25 18:54:29,081 [main] INFO  balancer.ContainerBalancerTask (ContainerBalancerTask.java:processMoveSelection(569)) - ContainerBalancer is trying to move container #85 with size 5368709120B from source datanode c447d353-f5da-45bd-8670-0b4e71cd8118 to target datanode 8e95e4cc-f254-465c-8b6e-e6ba06bba1ad
2023-07-25 18:54:29,081 [main] DEBUG balancer.ContainerBalancerTask (ContainerBalancerTask.java:lambda$moveContainer$3(837)) - Container move completed for container #85 from source c447d353-f5da-45bd-8670-0b4e71cd8118 to target 8e95e4cc-f254-465c-8b6e-e6ba06bba1ad
2023-07-25 18:54:29,082 [main] DEBUG balancer.ContainerBalancerTask (ContainerBalancerTask.java:adaptOnReachingIterationLimits(782)) - Reached max datanodes to involve limit. 2 datanodes have already been selected for balancing and the limit is 2. Only already selected sources and targets can be involved in balancing now.
2023-07-25 18:54:29,084 [main] DEBUG balancer.ContainerBalancerTask (ContainerBalancerTask.java:matchSourceWithTarget(708)) - ContainerBalancer is finding suitable target for source datanode c447d353-f5da-45bd-8670-0b4e71cd8118
2023-07-25 18:54:29,084 [main] INFO  balancer.ContainerBalancerTask (ContainerBalancerTask.java:matchSourceWithTarget(722)) - ContainerBalancer matched source datanode c447d353-f5da-45bd-8670-0b4e71cd8118 with target datanode 8e95e4cc-f254-465c-8b6e-e6ba06bba1ad for container move.
2023-07-25 18:54:29,084 [main] INFO  balancer.ContainerBalancerTask (ContainerBalancerTask.java:processMoveSelection(569)) - ContainerBalancer is trying to move container #89 with size 4294967296B from source datanode c447d353-f5da-45bd-8670-0b4e71cd8118 to target datanode 8e95e4cc-f254-465c-8b6e-e6ba06bba1ad
2023-07-25 18:54:29,084 [main] DEBUG balancer.ContainerBalancerTask (ContainerBalancerTask.java:lambda$moveContainer$3(837)) - Container move completed for container #89 from source c447d353-f5da-45bd-8670-0b4e71cd8118 to target 8e95e4cc-f254-465c-8b6e-e6ba06bba1ad
2023-07-25 18:54:29,087 [main] DEBUG balancer.ContainerBalancerTask (ContainerBalancerTask.java:matchSourceWithTarget(708)) - ContainerBalancer is finding suitable target for source datanode c447d353-f5da-45bd-8670-0b4e71cd8118
2023-07-25 18:54:29,087 [main] INFO  balancer.ContainerBalancerTask (ContainerBalancerTask.java:matchSourceWithTarget(722)) - ContainerBalancer matched source datanode c447d353-f5da-45bd-8670-0b4e71cd8118 with target datanode 8e95e4cc-f254-465c-8b6e-e6ba06bba1ad for container move.
2023-07-25 18:54:29,087 [main] INFO  balancer.ContainerBalancerTask (ContainerBalancerTask.java:processMoveSelection(569)) - ContainerBalancer is trying to move container #84 with size 4294967296B from source datanode c447d353-f5da-45bd-8670-0b4e71cd8118 to target datanode 8e95e4cc-f254-465c-8b6e-e6ba06bba1ad
2023-07-25 18:54:29,088 [main] DEBUG balancer.ContainerBalancerTask (ContainerBalancerTask.java:lambda$moveContainer$3(837)) - Container move completed for container #84 from source c447d353-f5da-45bd-8670-0b4e71cd8118 to target 8e95e4cc-f254-465c-8b6e-e6ba06bba1ad
2023-07-25 18:54:29,092 [main] DEBUG balancer.ContainerBalancerTask (ContainerBalancerTask.java:matchSourceWithTarget(708)) - ContainerBalancer is finding suitable target for source datanode c447d353-f5da-45bd-8670-0b4e71cd8118
2023-07-25 18:54:29,093 [main] INFO  balancer.ContainerBalancerTask (ContainerBalancerTask.java:matchSourceWithTarget(722)) - ContainerBalancer matched source datanode c447d353-f5da-45bd-8670-0b4e71cd8118 with target datanode 8e95e4cc-f254-465c-8b6e-e6ba06bba1ad for container move.
2023-07-25 18:54:29,093 [main] INFO  balancer.ContainerBalancerTask (ContainerBalancerTask.java:processMoveSelection(569)) - ContainerBalancer is trying to move container #88 with size 3221225472B from source datanode c447d353-f5da-45bd-8670-0b4e71cd8118 to target datanode 8e95e4cc-f254-465c-8b6e-e6ba06bba1ad
2023-07-25 18:54:29,093 [main] DEBUG balancer.ContainerBalancerTask (ContainerBalancerTask.java:lambda$moveContainer$3(837)) - Container move completed for container #88 from source c447d353-f5da-45bd-8670-0b4e71cd8118 to target 8e95e4cc-f254-465c-8b6e-e6ba06bba1ad
2023-07-25 18:54:29,095 [main] DEBUG balancer.ContainerBalancerTask (ContainerBalancerTask.java:matchSourceWithTarget(708)) - ContainerBalancer is finding suitable target for source datanode c447d353-f5da-45bd-8670-0b4e71cd8118
2023-07-25 18:54:29,096 [main] INFO  balancer.FindTargetGreedyByUsageInfo (AbstractFindTargetGreedy.java:findTargetForContainerMove(133)) - Container Balancer could not find a target for source datanode c447d353-f5da-45bd-8670-0b4e71cd8118
2023-07-25 18:54:29,096 [main] DEBUG balancer.ContainerBalancerTask (ContainerBalancerTask.java:matchSourceWithTarget(717)) - ContainerBalancer could not find a suitable target for source node c447d353-f5da-45bd-8670-0b4e71cd8118.
2023-07-25 18:54:29,096 [main] INFO  balancer.FindSourceGreedy (FindSourceGreedy.java:getNextCandidateSourceDataNode(126)) - no more candidate source data node
2023-07-25 18:54:29,097 [main] INFO  balancer.ContainerBalancerTask (ContainerBalancerTask.java:checkIterationMoveResults(642)) - Iteration Summary. Number of Datanodes involved: 2. Size moved: 16 GB (17179869184 Bytes). Number of Container moves completed: 4.
2023-07-25 18:54:29,097 [main] INFO  balancer.ContainerBalancerTask (ContainerBalancerTask.java:balance(259)) - Result of this iteration of Container Balancer: ITERATION_COMPLETED
2023-07-25 18:54:29,098 [main] DEBUG balancer.ContainerBalancerTask (ContainerBalancerTask.java:initializeIteration(374)) - Average utilization of the cluster is 0.33499918247827304
2023-07-25 18:54:29,098 [main] DEBUG balancer.ContainerBalancerTask (ContainerBalancerTask.java:initializeIteration(386)) - Lower limit for utilization is 0.23499918247827303 and Upper limit for utilization is 0.43499918247827307
2023-07-25 18:54:29,099 [main] DEBUG balancer.ContainerBalancerTask (ContainerBalancerTask.java:initializeIteration(398)) - Utilization for node c447d353-f5da-45bd-8670-0b4e71cd8118 with capacity 51300998257B, used 46170898432B, and remaining 5130099825B is 0.900000000013645
2023-07-25 18:54:29,099 [main] DEBUG balancer.ContainerBalancerTask (ContainerBalancerTask.java:initializeIteration(398)) - Utilization for node 915ec627-4d22-41c1-8c61-0af716dea7c8 with capacity 48318382080B, used 38654705664B, and remaining 9663676416B is 0.8
2023-07-25 18:54:29,099 [main] DEBUG balancer.ContainerBalancerTask (ContainerBalancerTask.java:initializeIteration(398)) - Utilization for node 96d51bba-3efc-4155-8c45-833cb1bb5e5f with capacity 61356675657B, used 42949672960B, and remaining 18407002697B is 0.7000000000016298
2023-07-25 18:54:29,099 [main] DEBUG balancer.ContainerBalancerTask (ContainerBalancerTask.java:initializeIteration(398)) - Utilization for node 36874c9d-5993-4987-b6fb-38cd48fe8aab with capacity 96636764160B, used 57982058496B, and remaining 38654705664B is 0.6
2023-07-25 18:54:29,099 [main] DEBUG balancer.ContainerBalancerTask (ContainerBalancerTask.java:initializeIteration(398)) - Utilization for node 106663ac-edc8-44b3-9f59-c9a95513e75b with capacity 118111600640B, used 59055800320B, and remaining 59055800320B is 0.5
2023-07-25 18:54:29,099 [main] DEBUG balancer.ContainerBalancerTask (ContainerBalancerTask.java:initializeIteration(398)) - Utilization for node b34664c6-cc49-4cb3-a3ea-2d4711e5ebf0 with capacity 77846282240B, used 31138512896B, and remaining 46707769344B is 0.4
2023-07-25 18:54:29,099 [main] DEBUG balancer.ContainerBalancerTask (ContainerBalancerTask.java:initializeIteration(398)) - Utilization for node 55caf8c5-bc0f-4779-b09b-264b5755e4dd with capacity 139586437120B, used 41875931136B, and remaining 97710505984B is 0.3
2023-07-25 18:54:29,099 [main] DEBUG balancer.ContainerBalancerTask (ContainerBalancerTask.java:initializeIteration(398)) - Utilization for node c1a95a87-3c5a-49e7-8090-657d8cc8ab0a with capacity 273804165120B, used 54760833024B, and remaining 219043332096B is 0.2
2023-07-25 18:54:29,099 [main] DEBUG balancer.ContainerBalancerTask (ContainerBalancerTask.java:initializeIteration(398)) - Utilization for node 17e257be-23b2-420c-8d0c-d982b6e2bad0 with capacity 289910292480B, used 28991029248B, and remaining 260919263232B is 0.1
2023-07-25 18:54:29,100 [main] DEBUG balancer.ContainerBalancerTask (ContainerBalancerTask.java:initializeIteration(398)) - Utilization for node 8e95e4cc-f254-465c-8b6e-e6ba06bba1ad with capacity 41875931136B, used 0B, and remaining 41875931136B is 0.0
2023-07-25 18:54:29,100 [main] INFO  balancer.ContainerBalancerTask (ContainerBalancerTask.java:initializeIteration(447)) - Container Balancer has identified 5 Over-Utilized and 3 Under-Utilized Datanodes that need to be balanced.
2023-07-25 18:54:29,100 [main] DEBUG balancer.ContainerBalancerTask (ContainerBalancerTask.java:lambda$initializeIteration$1(453)) - Datanode localhost-82.161.6.106 c447d353-f5da-45bd-8670-0b4e71cd8118 is Over-Utilized.
2023-07-25 18:54:29,100 [main] DEBUG balancer.ContainerBalancerTask (ContainerBalancerTask.java:lambda$initializeIteration$1(453)) - Datanode localhost-163.10.140.150 915ec627-4d22-41c1-8c61-0af716dea7c8 is Over-Utilized.
2023-07-25 18:54:29,100 [main] DEBUG balancer.ContainerBalancerTask (ContainerBalancerTask.java:lambda$initializeIteration$1(453)) - Datanode localhost-225.73.215.134 96d51bba-3efc-4155-8c45-833cb1bb5e5f is Over-Utilized.
2023-07-25 18:54:29,100 [main] DEBUG balancer.ContainerBalancerTask (ContainerBalancerTask.java:lambda$initializeIteration$1(453)) - Datanode localhost-98.32.240.155 36874c9d-5993-4987-b6fb-38cd48fe8aab is Over-Utilized.
2023-07-25 18:54:29,100 [main] DEBUG balancer.ContainerBalancerTask (ContainerBalancerTask.java:lambda$initializeIteration$1(453)) - Datanode localhost-161.178.106.24 106663ac-edc8-44b3-9f59-c9a95513e75b is Over-Utilized.
2023-07-25 18:54:29,100 [main] DEBUG balancer.ContainerBalancerTask (ContainerBalancerTask.java:lambda$initializeIteration$2(459)) - Datanode localhost-83.223.7.117 8e95e4cc-f254-465c-8b6e-e6ba06bba1ad is Under-Utilized.
2023-07-25 18:54:29,100 [main] DEBUG balancer.ContainerBalancerTask (ContainerBalancerTask.java:lambda$initializeIteration$2(459)) - Datanode localhost-65.152.52.245 17e257be-23b2-420c-8d0c-d982b6e2bad0 is Under-Utilized.
2023-07-25 18:54:29,100 [main] DEBUG balancer.ContainerBalancerTask (ContainerBalancerTask.java:lambda$initializeIteration$2(459)) - Datanode localhost-198.118.206.93 c1a95a87-3c5a-49e7-8090-657d8cc8ab0a is Under-Utilized.
2023-07-25 18:54:29,103 [main] DEBUG balancer.ContainerBalancerTask (ContainerBalancerTask.java:matchSourceWithTarget(708)) - ContainerBalancer is finding suitable target for source datanode c447d353-f5da-45bd-8670-0b4e71cd8118
2023-07-25 18:54:29,103 [main] INFO  balancer.ContainerBalancerTask (ContainerBalancerTask.java:matchSourceWithTarget(722)) - ContainerBalancer matched source datanode c447d353-f5da-45bd-8670-0b4e71cd8118 with target datanode 8e95e4cc-f254-465c-8b6e-e6ba06bba1ad for container move.
2023-07-25 18:54:29,103 [main] INFO  balancer.ContainerBalancerTask (ContainerBalancerTask.java:processMoveSelection(569)) - ContainerBalancer is trying to move container #85 with size 5368709120B from source datanode c447d353-f5da-45bd-8670-0b4e71cd8118 to target datanode 8e95e4cc-f254-465c-8b6e-e6ba06bba1ad
2023-07-25 18:54:29,103 [main] DEBUG balancer.ContainerBalancerTask (ContainerBalancerTask.java:lambda$moveContainer$3(837)) - Container move completed for container #85 from source c447d353-f5da-45bd-8670-0b4e71cd8118 to target 8e95e4cc-f254-465c-8b6e-e6ba06bba1ad
2023-07-25 18:54:29,104 [main] DEBUG balancer.ContainerBalancerTask (ContainerBalancerTask.java:adaptOnReachingIterationLimits(782)) - Reached max datanodes to involve limit. 2 datanodes have already been selected for balancing and the limit is 2. Only already selected sources and targets can be involved in balancing now.
2023-07-25 18:54:29,106 [main] DEBUG balancer.ContainerBalancerTask (ContainerBalancerTask.java:matchSourceWithTarget(708)) - ContainerBalancer is finding suitable target for source datanode c447d353-f5da-45bd-8670-0b4e71cd8118
2023-07-25 18:54:29,106 [main] INFO  balancer.ContainerBalancerTask (ContainerBalancerTask.java:matchSourceWithTarget(722)) - ContainerBalancer matched source datanode c447d353-f5da-45bd-8670-0b4e71cd8118 with target datanode 8e95e4cc-f254-465c-8b6e-e6ba06bba1ad for container move.
2023-07-25 18:54:29,107 [main] INFO  balancer.ContainerBalancerTask (ContainerBalancerTask.java:processMoveSelection(569)) - ContainerBalancer is trying to move container #89 with size 4294967296B from source datanode c447d353-f5da-45bd-8670-0b4e71cd8118 to target datanode 8e95e4cc-f254-465c-8b6e-e6ba06bba1ad
2023-07-25 18:54:29,107 [main] DEBUG balancer.ContainerBalancerTask (ContainerBalancerTask.java:lambda$moveContainer$3(837)) - Container move completed for container #89 from source c447d353-f5da-45bd-8670-0b4e71cd8118 to target 8e95e4cc-f254-465c-8b6e-e6ba06bba1ad
2023-07-25 18:54:29,109 [main] DEBUG balancer.ContainerBalancerTask (ContainerBalancerTask.java:matchSourceWithTarget(708)) - ContainerBalancer is finding suitable target for source datanode c447d353-f5da-45bd-8670-0b4e71cd8118
2023-07-25 18:54:29,109 [main] INFO  balancer.ContainerBalancerTask (ContainerBalancerTask.java:matchSourceWithTarget(722)) - ContainerBalancer matched source datanode c447d353-f5da-45bd-8670-0b4e71cd8118 with target datanode 8e95e4cc-f254-465c-8b6e-e6ba06bba1ad for container move.
2023-07-25 18:54:29,109 [main] INFO  balancer.ContainerBalancerTask (ContainerBalancerTask.java:processMoveSelection(569)) - ContainerBalancer is trying to move container #84 with size 4294967296B from source datanode c447d353-f5da-45bd-8670-0b4e71cd8118 to target datanode 8e95e4cc-f254-465c-8b6e-e6ba06bba1ad
2023-07-25 18:54:29,110 [main] DEBUG balancer.ContainerBalancerTask (ContainerBalancerTask.java:lambda$moveContainer$3(837)) - Container move completed for container #84 from source c447d353-f5da-45bd-8670-0b4e71cd8118 to target 8e95e4cc-f254-465c-8b6e-e6ba06bba1ad
2023-07-25 18:54:29,112 [main] DEBUG balancer.ContainerBalancerTask (ContainerBalancerTask.java:matchSourceWithTarget(708)) - ContainerBalancer is finding suitable target for source datanode c447d353-f5da-45bd-8670-0b4e71cd8118
2023-07-25 18:54:29,112 [main] INFO  balancer.ContainerBalancerTask (ContainerBalancerTask.java:matchSourceWithTarget(722)) - ContainerBalancer matched source datanode c447d353-f5da-45bd-8670-0b4e71cd8118 with target datanode 8e95e4cc-f254-465c-8b6e-e6ba06bba1ad for container move.
2023-07-25 18:54:29,113 [main] INFO  balancer.ContainerBalancerTask (ContainerBalancerTask.java:processMoveSelection(569)) - ContainerBalancer is trying to move container #88 with size 3221225472B from source datanode c447d353-f5da-45bd-8670-0b4e71cd8118 to target datanode 8e95e4cc-f254-465c-8b6e-e6ba06bba1ad
2023-07-25 18:54:29,113 [main] DEBUG balancer.ContainerBalancerTask (ContainerBalancerTask.java:lambda$moveContainer$3(837)) - Container move completed for container #88 from source c447d353-f5da-45bd-8670-0b4e71cd8118 to target 8e95e4cc-f254-465c-8b6e-e6ba06bba1ad
2023-07-25 18:54:29,115 [main] DEBUG balancer.ContainerBalancerTask (ContainerBalancerTask.java:matchSourceWithTarget(708)) - ContainerBalancer is finding suitable target for source datanode c447d353-f5da-45bd-8670-0b4e71cd8118
2023-07-25 18:54:29,116 [main] INFO  balancer.FindTargetGreedyByUsageInfo (AbstractFindTargetGreedy.java:findTargetForContainerMove(133)) - Container Balancer could not find a target for source datanode c447d353-f5da-45bd-8670-0b4e71cd8118
2023-07-25 18:54:29,116 [main] DEBUG balancer.ContainerBalancerTask (ContainerBalancerTask.java:matchSourceWithTarget(717)) - ContainerBalancer could not find a suitable target for source node c447d353-f5da-45bd-8670-0b4e71cd8118.
2023-07-25 18:54:29,116 [main] INFO  balancer.FindSourceGreedy (FindSourceGreedy.java:getNextCandidateSourceDataNode(126)) - no more candidate source data node
2023-07-25 18:54:29,117 [main] INFO  balancer.ContainerBalancerTask (ContainerBalancerTask.java:checkIterationMoveResults(642)) - Iteration Summary. Number of Datanodes involved: 2. Size moved: 16 GB (17179869184 Bytes). Number of Container moves completed: 4.
2023-07-25 18:54:29,117 [main] INFO  balancer.ContainerBalancerTask (ContainerBalancerTask.java:balance(259)) - Result of this iteration of Container Balancer: ITERATION_COMPLETED
2023-07-25 18:54:29,118 [main] DEBUG balancer.ContainerBalancerTask (ContainerBalancerTask.java:initializeIteration(374)) - Average utilization of the cluster is 0.33499918247827304
2023-07-25 18:54:29,118 [main] DEBUG balancer.ContainerBalancerTask (ContainerBalancerTask.java:initializeIteration(386)) - Lower limit for utilization is 0.23499918247827303 and Upper limit for utilization is 0.43499918247827307
2023-07-25 18:54:29,119 [main] DEBUG balancer.ContainerBalancerTask (ContainerBalancerTask.java:initializeIteration(398)) - Utilization for node c447d353-f5da-45bd-8670-0b4e71cd8118 with capacity 51300998257B, used 46170898432B, and remaining 5130099825B is 0.900000000013645
2023-07-25 18:54:29,119 [main] DEBUG balancer.ContainerBalancerTask (ContainerBalancerTask.java:initializeIteration(398)) - Utilization for node 915ec627-4d22-41c1-8c61-0af716dea7c8 with capacity 48318382080B, used 38654705664B, and remaining 9663676416B is 0.8
2023-07-25 18:54:29,119 [main] DEBUG balancer.ContainerBalancerTask (ContainerBalancerTask.java:initializeIteration(398)) - Utilization for node 96d51bba-3efc-4155-8c45-833cb1bb5e5f with capacity 61356675657B, used 42949672960B, and remaining 18407002697B is 0.7000000000016298
2023-07-25 18:54:29,119 [main] DEBUG balancer.ContainerBalancerTask (ContainerBalancerTask.java:initializeIteration(398)) - Utilization for node 36874c9d-5993-4987-b6fb-38cd48fe8aab with capacity 96636764160B, used 57982058496B, and remaining 38654705664B is 0.6
2023-07-25 18:54:29,119 [main] DEBUG balancer.ContainerBalancerTask (ContainerBalancerTask.java:initializeIteration(398)) - Utilization for node 106663ac-edc8-44b3-9f59-c9a95513e75b with capacity 118111600640B, used 59055800320B, and remaining 59055800320B is 0.5
2023-07-25 18:54:29,119 [main] DEBUG balancer.ContainerBalancerTask (ContainerBalancerTask.java:initializeIteration(398)) - Utilization for node b34664c6-cc49-4cb3-a3ea-2d4711e5ebf0 with capacity 77846282240B, used 31138512896B, and remaining 46707769344B is 0.4
2023-07-25 18:54:29,119 [main] DEBUG balancer.ContainerBalancerTask (ContainerBalancerTask.java:initializeIteration(398)) - Utilization for node 55caf8c5-bc0f-4779-b09b-264b5755e4dd with capacity 139586437120B, used 41875931136B, and remaining 97710505984B is 0.3
2023-07-25 18:54:29,119 [main] DEBUG balancer.ContainerBalancerTask (ContainerBalancerTask.java:initializeIteration(398)) - Utilization for node c1a95a87-3c5a-49e7-8090-657d8cc8ab0a with capacity 273804165120B, used 54760833024B, and remaining 219043332096B is 0.2
2023-07-25 18:54:29,119 [main] DEBUG balancer.ContainerBalancerTask (ContainerBalancerTask.java:initializeIteration(398)) - Utilization for node 17e257be-23b2-420c-8d0c-d982b6e2bad0 with capacity 289910292480B, used 28991029248B, and remaining 260919263232B is 0.1
2023-07-25 18:54:29,119 [main] DEBUG balancer.ContainerBalancerTask (ContainerBalancerTask.java:initializeIteration(398)) - Utilization for node 8e95e4cc-f254-465c-8b6e-e6ba06bba1ad with capacity 41875931136B, used 0B, and remaining 41875931136B is 0.0
2023-07-25 18:54:29,120 [main] INFO  balancer.ContainerBalancerTask (ContainerBalancerTask.java:initializeIteration(447)) - Container Balancer has identified 5 Over-Utilized and 3 Under-Utilized Datanodes that need to be balanced.
2023-07-25 18:54:29,120 [main] DEBUG balancer.ContainerBalancerTask (ContainerBalancerTask.java:lambda$initializeIteration$1(453)) - Datanode localhost-82.161.6.106 c447d353-f5da-45bd-8670-0b4e71cd8118 is Over-Utilized.
2023-07-25 18:54:29,120 [main] DEBUG balancer.ContainerBalancerTask (ContainerBalancerTask.java:lambda$initializeIteration$1(453)) - Datanode localhost-163.10.140.150 915ec627-4d22-41c1-8c61-0af716dea7c8 is Over-Utilized.
2023-07-25 18:54:29,120 [main] DEBUG balancer.ContainerBalancerTask (ContainerBalancerTask.java:lambda$initializeIteration$1(453)) - Datanode localhost-225.73.215.134 96d51bba-3efc-4155-8c45-833cb1bb5e5f is Over-Utilized.
2023-07-25 18:54:29,120 [main] DEBUG balancer.ContainerBalancerTask (ContainerBalancerTask.java:lambda$initializeIteration$1(453)) - Datanode localhost-98.32.240.155 36874c9d-5993-4987-b6fb-38cd48fe8aab is Over-Utilized.
2023-07-25 18:54:29,120 [main] DEBUG balancer.ContainerBalancerTask (ContainerBalancerTask.java:lambda$initializeIteration$1(453)) - Datanode localhost-161.178.106.24 106663ac-edc8-44b3-9f59-c9a95513e75b is Over-Utilized.
2023-07-25 18:54:29,120 [main] DEBUG balancer.ContainerBalancerTask (ContainerBalancerTask.java:lambda$initializeIteration$2(459)) - Datanode localhost-83.223.7.117 8e95e4cc-f254-465c-8b6e-e6ba06bba1ad is Under-Utilized.
2023-07-25 18:54:29,120 [main] DEBUG balancer.ContainerBalancerTask (ContainerBalancerTask.java:lambda$initializeIteration$2(459)) - Datanode localhost-65.152.52.245 17e257be-23b2-420c-8d0c-d982b6e2bad0 is Under-Utilized.
2023-07-25 18:54:29,120 [main] DEBUG balancer.ContainerBalancerTask (ContainerBalancerTask.java:lambda$initializeIteration$2(459)) - Datanode localhost-198.118.206.93 c1a95a87-3c5a-49e7-8090-657d8cc8ab0a is Under-Utilized.
2023-07-25 18:54:29,123 [main] DEBUG balancer.ContainerBalancerTask (ContainerBalancerTask.java:matchSourceWithTarget(708)) - ContainerBalancer is finding suitable target for source datanode c447d353-f5da-45bd-8670-0b4e71cd8118
2023-07-25 18:54:29,123 [main] INFO  balancer.ContainerBalancerTask (ContainerBalancerTask.java:matchSourceWithTarget(722)) - ContainerBalancer matched source datanode c447d353-f5da-45bd-8670-0b4e71cd8118 with target datanode 8e95e4cc-f254-465c-8b6e-e6ba06bba1ad for container move.
2023-07-25 18:54:29,123 [main] INFO  balancer.ContainerBalancerTask (ContainerBalancerTask.java:processMoveSelection(569)) - ContainerBalancer is trying to move container #85 with size 5368709120B from source datanode c447d353-f5da-45bd-8670-0b4e71cd8118 to target datanode 8e95e4cc-f254-465c-8b6e-e6ba06bba1ad
2023-07-25 18:54:29,123 [main] DEBUG balancer.ContainerBalancerTask (ContainerBalancerTask.java:lambda$moveContainer$3(837)) - Container move completed for container #85 from source c447d353-f5da-45bd-8670-0b4e71cd8118 to target 8e95e4cc-f254-465c-8b6e-e6ba06bba1ad
2023-07-25 18:54:29,124 [main] DEBUG balancer.ContainerBalancerTask (ContainerBalancerTask.java:adaptOnReachingIterationLimits(782)) - Reached max datanodes to involve limit. 2 datanodes have already been selected for balancing and the limit is 2. Only already selected sources and targets can be involved in balancing now.
2023-07-25 18:54:29,126 [main] DEBUG balancer.ContainerBalancerTask (ContainerBalancerTask.java:matchSourceWithTarget(708)) - ContainerBalancer is finding suitable target for source datanode c447d353-f5da-45bd-8670-0b4e71cd8118
2023-07-25 18:54:29,127 [main] INFO  balancer.ContainerBalancerTask (ContainerBalancerTask.java:matchSourceWithTarget(722)) - ContainerBalancer matched source datanode c447d353-f5da-45bd-8670-0b4e71cd8118 with target datanode 8e95e4cc-f254-465c-8b6e-e6ba06bba1ad for container move.
2023-07-25 18:54:29,127 [main] INFO  balancer.ContainerBalancerTask (ContainerBalancerTask.java:processMoveSelection(569)) - ContainerBalancer is trying to move container #89 with size 4294967296B from source datanode c447d353-f5da-45bd-8670-0b4e71cd8118 to target datanode 8e95e4cc-f254-465c-8b6e-e6ba06bba1ad
2023-07-25 18:54:29,127 [main] DEBUG balancer.ContainerBalancerTask (ContainerBalancerTask.java:lambda$moveContainer$3(837)) - Container move completed for container #89 from source c447d353-f5da-45bd-8670-0b4e71cd8118 to target 8e95e4cc-f254-465c-8b6e-e6ba06bba1ad
2023-07-25 18:54:29,130 [main] DEBUG balancer.ContainerBalancerTask (ContainerBalancerTask.java:matchSourceWithTarget(708)) - ContainerBalancer is finding suitable target for source datanode c447d353-f5da-45bd-8670-0b4e71cd8118
2023-07-25 18:54:29,130 [main] INFO  balancer.ContainerBalancerTask (ContainerBalancerTask.java:matchSourceWithTarget(722)) - ContainerBalancer matched source datanode c447d353-f5da-45bd-8670-0b4e71cd8118 with target datanode 8e95e4cc-f254-465c-8b6e-e6ba06bba1ad for container move.
2023-07-25 18:54:29,130 [main] INFO  balancer.ContainerBalancerTask (ContainerBalancerTask.java:processMoveSelection(569)) - ContainerBalancer is trying to move container #84 with size 4294967296B from source datanode c447d353-f5da-45bd-8670-0b4e71cd8118 to target datanode 8e95e4cc-f254-465c-8b6e-e6ba06bba1ad
2023-07-25 18:54:29,130 [main] DEBUG balancer.ContainerBalancerTask (ContainerBalancerTask.java:lambda$moveContainer$3(837)) - Container move completed for container #84 from source c447d353-f5da-45bd-8670-0b4e71cd8118 to target 8e95e4cc-f254-465c-8b6e-e6ba06bba1ad
2023-07-25 18:54:29,133 [main] DEBUG balancer.ContainerBalancerTask (ContainerBalancerTask.java:matchSourceWithTarget(708)) - ContainerBalancer is finding suitable target for source datanode c447d353-f5da-45bd-8670-0b4e71cd8118
2023-07-25 18:54:29,133 [main] INFO  balancer.ContainerBalancerTask (ContainerBalancerTask.java:matchSourceWithTarget(722)) - ContainerBalancer matched source datanode c447d353-f5da-45bd-8670-0b4e71cd8118 with target datanode 8e95e4cc-f254-465c-8b6e-e6ba06bba1ad for container move.
2023-07-25 18:54:29,133 [main] INFO  balancer.ContainerBalancerTask (ContainerBalancerTask.java:processMoveSelection(569)) - ContainerBalancer is trying to move container #88 with size 3221225472B from source datanode c447d353-f5da-45bd-8670-0b4e71cd8118 to target datanode 8e95e4cc-f254-465c-8b6e-e6ba06bba1ad
2023-07-25 18:54:29,133 [main] DEBUG balancer.ContainerBalancerTask (ContainerBalancerTask.java:lambda$moveContainer$3(837)) - Container move completed for container #88 from source c447d353-f5da-45bd-8670-0b4e71cd8118 to target 8e95e4cc-f254-465c-8b6e-e6ba06bba1ad
2023-07-25 18:54:29,136 [main] DEBUG balancer.ContainerBalancerTask (ContainerBalancerTask.java:matchSourceWithTarget(708)) - ContainerBalancer is finding suitable target for source datanode c447d353-f5da-45bd-8670-0b4e71cd8118
2023-07-25 18:54:29,136 [main] INFO  balancer.FindTargetGreedyByUsageInfo (AbstractFindTargetGreedy.java:findTargetForContainerMove(133)) - Container Balancer could not find a target for source datanode c447d353-f5da-45bd-8670-0b4e71cd8118
2023-07-25 18:54:29,137 [main] DEBUG balancer.ContainerBalancerTask (ContainerBalancerTask.java:matchSourceWithTarget(717)) - ContainerBalancer could not find a suitable target for source node c447d353-f5da-45bd-8670-0b4e71cd8118.
2023-07-25 18:54:29,137 [main] INFO  balancer.FindSourceGreedy (FindSourceGreedy.java:getNextCandidateSourceDataNode(126)) - no more candidate source data node
2023-07-25 18:54:29,137 [main] INFO  balancer.ContainerBalancerTask (ContainerBalancerTask.java:checkIterationMoveResults(642)) - Iteration Summary. Number of Datanodes involved: 2. Size moved: 16 GB (17179869184 Bytes). Number of Container moves completed: 4.
2023-07-25 18:54:29,137 [main] INFO  balancer.ContainerBalancerTask (ContainerBalancerTask.java:balance(259)) - Result of this iteration of Container Balancer: ITERATION_COMPLETED
2023-07-25 18:54:29,138 [main] DEBUG balancer.ContainerBalancerTask (ContainerBalancerTask.java:initializeIteration(374)) - Average utilization of the cluster is 0.33499918247827304
2023-07-25 18:54:29,139 [main] DEBUG balancer.ContainerBalancerTask (ContainerBalancerTask.java:initializeIteration(386)) - Lower limit for utilization is 0.23499918247827303 and Upper limit for utilization is 0.43499918247827307
2023-07-25 18:54:29,139 [main] DEBUG balancer.ContainerBalancerTask (ContainerBalancerTask.java:initializeIteration(398)) - Utilization for node c447d353-f5da-45bd-8670-0b4e71cd8118 with capacity 51300998257B, used 46170898432B, and remaining 5130099825B is 0.900000000013645
2023-07-25 18:54:29,139 [main] DEBUG balancer.ContainerBalancerTask (ContainerBalancerTask.java:initializeIteration(398)) - Utilization for node 915ec627-4d22-41c1-8c61-0af716dea7c8 with capacity 48318382080B, used 38654705664B, and remaining 9663676416B is 0.8
2023-07-25 18:54:29,139 [main] DEBUG balancer.ContainerBalancerTask (ContainerBalancerTask.java:initializeIteration(398)) - Utilization for node 96d51bba-3efc-4155-8c45-833cb1bb5e5f with capacity 61356675657B, used 42949672960B, and remaining 18407002697B is 0.7000000000016298
2023-07-25 18:54:29,139 [main] DEBUG balancer.ContainerBalancerTask (ContainerBalancerTask.java:initializeIteration(398)) - Utilization for node 36874c9d-5993-4987-b6fb-38cd48fe8aab with capacity 96636764160B, used 57982058496B, and remaining 38654705664B is 0.6
2023-07-25 18:54:29,139 [main] DEBUG balancer.ContainerBalancerTask (ContainerBalancerTask.java:initializeIteration(398)) - Utilization for node 106663ac-edc8-44b3-9f59-c9a95513e75b with capacity 118111600640B, used 59055800320B, and remaining 59055800320B is 0.5
2023-07-25 18:54:29,139 [main] DEBUG balancer.ContainerBalancerTask (ContainerBalancerTask.java:initializeIteration(398)) - Utilization for node b34664c6-cc49-4cb3-a3ea-2d4711e5ebf0 with capacity 77846282240B, used 31138512896B, and remaining 46707769344B is 0.4
2023-07-25 18:54:29,139 [main] DEBUG balancer.ContainerBalancerTask (ContainerBalancerTask.java:initializeIteration(398)) - Utilization for node 55caf8c5-bc0f-4779-b09b-264b5755e4dd with capacity 139586437120B, used 41875931136B, and remaining 97710505984B is 0.3
2023-07-25 18:54:29,139 [main] DEBUG balancer.ContainerBalancerTask (ContainerBalancerTask.java:initializeIteration(398)) - Utilization for node c1a95a87-3c5a-49e7-8090-657d8cc8ab0a with capacity 273804165120B, used 54760833024B, and remaining 219043332096B is 0.2
2023-07-25 18:54:29,139 [main] DEBUG balancer.ContainerBalancerTask (ContainerBalancerTask.java:initializeIteration(398)) - Utilization for node 17e257be-23b2-420c-8d0c-d982b6e2bad0 with capacity 289910292480B, used 28991029248B, and remaining 260919263232B is 0.1
2023-07-25 18:54:29,140 [main] DEBUG balancer.ContainerBalancerTask (ContainerBalancerTask.java:initializeIteration(398)) - Utilization for node 8e95e4cc-f254-465c-8b6e-e6ba06bba1ad with capacity 41875931136B, used 0B, and remaining 41875931136B is 0.0
2023-07-25 18:54:29,140 [main] INFO  balancer.ContainerBalancerTask (ContainerBalancerTask.java:initializeIteration(447)) - Container Balancer has identified 5 Over-Utilized and 3 Under-Utilized Datanodes that need to be balanced.
2023-07-25 18:54:29,140 [main] DEBUG balancer.ContainerBalancerTask (ContainerBalancerTask.java:lambda$initializeIteration$1(453)) - Datanode localhost-82.161.6.106 c447d353-f5da-45bd-8670-0b4e71cd8118 is Over-Utilized.
2023-07-25 18:54:29,140 [main] DEBUG balancer.ContainerBalancerTask (ContainerBalancerTask.java:lambda$initializeIteration$1(453)) - Datanode localhost-163.10.140.150 915ec627-4d22-41c1-8c61-0af716dea7c8 is Over-Utilized.
2023-07-25 18:54:29,140 [main] DEBUG balancer.ContainerBalancerTask (ContainerBalancerTask.java:lambda$initializeIteration$1(453)) - Datanode localhost-225.73.215.134 96d51bba-3efc-4155-8c45-833cb1bb5e5f is Over-Utilized.
2023-07-25 18:54:29,140 [main] DEBUG balancer.ContainerBalancerTask (ContainerBalancerTask.java:lambda$initializeIteration$1(453)) - Datanode localhost-98.32.240.155 36874c9d-5993-4987-b6fb-38cd48fe8aab is Over-Utilized.
2023-07-25 18:54:29,140 [main] DEBUG balancer.ContainerBalancerTask (ContainerBalancerTask.java:lambda$initializeIteration$1(453)) - Datanode localhost-161.178.106.24 106663ac-edc8-44b3-9f59-c9a95513e75b is Over-Utilized.
2023-07-25 18:54:29,140 [main] DEBUG balancer.ContainerBalancerTask (ContainerBalancerTask.java:lambda$initializeIteration$2(459)) - Datanode localhost-83.223.7.117 8e95e4cc-f254-465c-8b6e-e6ba06bba1ad is Under-Utilized.
2023-07-25 18:54:29,140 [main] DEBUG balancer.ContainerBalancerTask (ContainerBalancerTask.java:lambda$initializeIteration$2(459)) - Datanode localhost-65.152.52.245 17e257be-23b2-420c-8d0c-d982b6e2bad0 is Under-Utilized.
2023-07-25 18:54:29,140 [main] DEBUG balancer.ContainerBalancerTask (ContainerBalancerTask.java:lambda$initializeIteration$2(459)) - Datanode localhost-198.118.206.93 c1a95a87-3c5a-49e7-8090-657d8cc8ab0a is Under-Utilized.
2023-07-25 18:54:29,143 [main] DEBUG balancer.ContainerBalancerTask (ContainerBalancerTask.java:matchSourceWithTarget(708)) - ContainerBalancer is finding suitable target for source datanode c447d353-f5da-45bd-8670-0b4e71cd8118
2023-07-25 18:54:29,143 [main] INFO  balancer.ContainerBalancerTask (ContainerBalancerTask.java:matchSourceWithTarget(722)) - ContainerBalancer matched source datanode c447d353-f5da-45bd-8670-0b4e71cd8118 with target datanode 8e95e4cc-f254-465c-8b6e-e6ba06bba1ad for container move.
2023-07-25 18:54:29,143 [main] INFO  balancer.ContainerBalancerTask (ContainerBalancerTask.java:processMoveSelection(569)) - ContainerBalancer is trying to move container #85 with size 5368709120B from source datanode c447d353-f5da-45bd-8670-0b4e71cd8118 to target datanode 8e95e4cc-f254-465c-8b6e-e6ba06bba1ad
2023-07-25 18:54:29,143 [main] DEBUG balancer.ContainerBalancerTask (ContainerBalancerTask.java:lambda$moveContainer$3(837)) - Container move completed for container #85 from source c447d353-f5da-45bd-8670-0b4e71cd8118 to target 8e95e4cc-f254-465c-8b6e-e6ba06bba1ad
2023-07-25 18:54:29,143 [main] DEBUG balancer.ContainerBalancerTask (ContainerBalancerTask.java:adaptOnReachingIterationLimits(782)) - Reached max datanodes to involve limit. 2 datanodes have already been selected for balancing and the limit is 2. Only already selected sources and targets can be involved in balancing now.
2023-07-25 18:54:29,146 [main] DEBUG balancer.ContainerBalancerTask (ContainerBalancerTask.java:matchSourceWithTarget(708)) - ContainerBalancer is finding suitable target for source datanode c447d353-f5da-45bd-8670-0b4e71cd8118
2023-07-25 18:54:29,146 [main] INFO  balancer.ContainerBalancerTask (ContainerBalancerTask.java:matchSourceWithTarget(722)) - ContainerBalancer matched source datanode c447d353-f5da-45bd-8670-0b4e71cd8118 with target datanode 8e95e4cc-f254-465c-8b6e-e6ba06bba1ad for container move.
2023-07-25 18:54:29,146 [main] INFO  balancer.ContainerBalancerTask (ContainerBalancerTask.java:processMoveSelection(569)) - ContainerBalancer is trying to move container #89 with size 4294967296B from source datanode c447d353-f5da-45bd-8670-0b4e71cd8118 to target datanode 8e95e4cc-f254-465c-8b6e-e6ba06bba1ad
2023-07-25 18:54:29,146 [main] DEBUG balancer.ContainerBalancerTask (ContainerBalancerTask.java:lambda$moveContainer$3(837)) - Container move completed for container #89 from source c447d353-f5da-45bd-8670-0b4e71cd8118 to target 8e95e4cc-f254-465c-8b6e-e6ba06bba1ad
2023-07-25 18:54:29,149 [main] DEBUG balancer.ContainerBalancerTask (ContainerBalancerTask.java:matchSourceWithTarget(708)) - ContainerBalancer is finding suitable target for source datanode c447d353-f5da-45bd-8670-0b4e71cd8118
2023-07-25 18:54:29,149 [main] INFO  balancer.ContainerBalancerTask (ContainerBalancerTask.java:matchSourceWithTarget(722)) - ContainerBalancer matched source datanode c447d353-f5da-45bd-8670-0b4e71cd8118 with target datanode 8e95e4cc-f254-465c-8b6e-e6ba06bba1ad for container move.
2023-07-25 18:54:29,149 [main] INFO  balancer.ContainerBalancerTask (ContainerBalancerTask.java:processMoveSelection(569)) - ContainerBalancer is trying to move container #84 with size 4294967296B from source datanode c447d353-f5da-45bd-8670-0b4e71cd8118 to target datanode 8e95e4cc-f254-465c-8b6e-e6ba06bba1ad
2023-07-25 18:54:29,149 [main] DEBUG balancer.ContainerBalancerTask (ContainerBalancerTask.java:lambda$moveContainer$3(837)) - Container move completed for container #84 from source c447d353-f5da-45bd-8670-0b4e71cd8118 to target 8e95e4cc-f254-465c-8b6e-e6ba06bba1ad
2023-07-25 18:54:29,152 [main] DEBUG balancer.ContainerBalancerTask (ContainerBalancerTask.java:matchSourceWithTarget(708)) - ContainerBalancer is finding suitable target for source datanode c447d353-f5da-45bd-8670-0b4e71cd8118
2023-07-25 18:54:29,152 [main] INFO  balancer.ContainerBalancerTask (ContainerBalancerTask.java:matchSourceWithTarget(722)) - ContainerBalancer matched source datanode c447d353-f5da-45bd-8670-0b4e71cd8118 with target datanode 8e95e4cc-f254-465c-8b6e-e6ba06bba1ad for container move.
2023-07-25 18:54:29,152 [main] INFO  balancer.ContainerBalancerTask (ContainerBalancerTask.java:processMoveSelection(569)) - ContainerBalancer is trying to move container #88 with size 3221225472B from source datanode c447d353-f5da-45bd-8670-0b4e71cd8118 to target datanode 8e95e4cc-f254-465c-8b6e-e6ba06bba1ad
2023-07-25 18:54:29,153 [main] DEBUG balancer.ContainerBalancerTask (ContainerBalancerTask.java:lambda$moveContainer$3(837)) - Container move completed for container #88 from source c447d353-f5da-45bd-8670-0b4e71cd8118 to target 8e95e4cc-f254-465c-8b6e-e6ba06bba1ad
2023-07-25 18:54:29,155 [main] DEBUG balancer.ContainerBalancerTask (ContainerBalancerTask.java:matchSourceWithTarget(708)) - ContainerBalancer is finding suitable target for source datanode c447d353-f5da-45bd-8670-0b4e71cd8118
2023-07-25 18:54:29,156 [main] INFO  balancer.FindTargetGreedyByUsageInfo (AbstractFindTargetGreedy.java:findTargetForContainerMove(133)) - Container Balancer could not find a target for source datanode c447d353-f5da-45bd-8670-0b4e71cd8118
2023-07-25 18:54:29,156 [main] DEBUG balancer.ContainerBalancerTask (ContainerBalancerTask.java:matchSourceWithTarget(717)) - ContainerBalancer could not find a suitable target for source node c447d353-f5da-45bd-8670-0b4e71cd8118.
2023-07-25 18:54:29,156 [main] INFO  balancer.FindSourceGreedy (FindSourceGreedy.java:getNextCandidateSourceDataNode(126)) - no more candidate source data node
2023-07-25 18:54:29,156 [main] INFO  balancer.ContainerBalancerTask (ContainerBalancerTask.java:checkIterationMoveResults(642)) - Iteration Summary. Number of Datanodes involved: 2. Size moved: 16 GB (17179869184 Bytes). Number of Container moves completed: 4.
2023-07-25 18:54:29,157 [main] INFO  balancer.ContainerBalancerTask (ContainerBalancerTask.java:balance(259)) - Result of this iteration of Container Balancer: ITERATION_COMPLETED
2023-07-25 18:54:29,161 [main] DEBUG balancer.ContainerBalancerTask (ContainerBalancerTask.java:initializeIteration(374)) - Average utilization of the cluster is 0.33499918247827304
2023-07-25 18:54:29,161 [main] DEBUG balancer.ContainerBalancerTask (ContainerBalancerTask.java:initializeIteration(386)) - Lower limit for utilization is 0.23499918247827303 and Upper limit for utilization is 0.43499918247827307
2023-07-25 18:54:29,161 [main] DEBUG balancer.ContainerBalancerTask (ContainerBalancerTask.java:initializeIteration(398)) - Utilization for node c447d353-f5da-45bd-8670-0b4e71cd8118 with capacity 51300998257B, used 46170898432B, and remaining 5130099825B is 0.900000000013645
2023-07-25 18:54:29,161 [main] DEBUG balancer.ContainerBalancerTask (ContainerBalancerTask.java:initializeIteration(398)) - Utilization for node 915ec627-4d22-41c1-8c61-0af716dea7c8 with capacity 48318382080B, used 38654705664B, and remaining 9663676416B is 0.8
2023-07-25 18:54:29,162 [main] DEBUG balancer.ContainerBalancerTask (ContainerBalancerTask.java:initializeIteration(398)) - Utilization for node 96d51bba-3efc-4155-8c45-833cb1bb5e5f with capacity 61356675657B, used 42949672960B, and remaining 18407002697B is 0.7000000000016298
2023-07-25 18:54:29,162 [main] DEBUG balancer.ContainerBalancerTask (ContainerBalancerTask.java:initializeIteration(398)) - Utilization for node 36874c9d-5993-4987-b6fb-38cd48fe8aab with capacity 96636764160B, used 57982058496B, and remaining 38654705664B is 0.6
2023-07-25 18:54:29,162 [main] DEBUG balancer.ContainerBalancerTask (ContainerBalancerTask.java:initializeIteration(398)) - Utilization for node 106663ac-edc8-44b3-9f59-c9a95513e75b with capacity 118111600640B, used 59055800320B, and remaining 59055800320B is 0.5
2023-07-25 18:54:29,162 [main] DEBUG balancer.ContainerBalancerTask (ContainerBalancerTask.java:initializeIteration(398)) - Utilization for node b34664c6-cc49-4cb3-a3ea-2d4711e5ebf0 with capacity 77846282240B, used 31138512896B, and remaining 46707769344B is 0.4
2023-07-25 18:54:29,162 [main] DEBUG balancer.ContainerBalancerTask (ContainerBalancerTask.java:initializeIteration(398)) - Utilization for node 55caf8c5-bc0f-4779-b09b-264b5755e4dd with capacity 139586437120B, used 41875931136B, and remaining 97710505984B is 0.3
2023-07-25 18:54:29,162 [main] DEBUG balancer.ContainerBalancerTask (ContainerBalancerTask.java:initializeIteration(398)) - Utilization for node c1a95a87-3c5a-49e7-8090-657d8cc8ab0a with capacity 273804165120B, used 54760833024B, and remaining 219043332096B is 0.2
2023-07-25 18:54:29,162 [main] DEBUG balancer.ContainerBalancerTask (ContainerBalancerTask.java:initializeIteration(398)) - Utilization for node 17e257be-23b2-420c-8d0c-d982b6e2bad0 with capacity 289910292480B, used 28991029248B, and remaining 260919263232B is 0.1
2023-07-25 18:54:29,162 [main] DEBUG balancer.ContainerBalancerTask (ContainerBalancerTask.java:initializeIteration(398)) - Utilization for node 8e95e4cc-f254-465c-8b6e-e6ba06bba1ad with capacity 41875931136B, used 0B, and remaining 41875931136B is 0.0
2023-07-25 18:54:29,162 [main] INFO  balancer.ContainerBalancerTask (ContainerBalancerTask.java:initializeIteration(447)) - Container Balancer has identified 5 Over-Utilized and 3 Under-Utilized Datanodes that need to be balanced.
2023-07-25 18:54:29,162 [main] DEBUG balancer.ContainerBalancerTask (ContainerBalancerTask.java:lambda$initializeIteration$1(453)) - Datanode localhost-82.161.6.106 c447d353-f5da-45bd-8670-0b4e71cd8118 is Over-Utilized.
2023-07-25 18:54:29,163 [main] DEBUG balancer.ContainerBalancerTask (ContainerBalancerTask.java:lambda$initializeIteration$1(453)) - Datanode localhost-163.10.140.150 915ec627-4d22-41c1-8c61-0af716dea7c8 is Over-Utilized.
2023-07-25 18:54:29,163 [main] DEBUG balancer.ContainerBalancerTask (ContainerBalancerTask.java:lambda$initializeIteration$1(453)) - Datanode localhost-225.73.215.134 96d51bba-3efc-4155-8c45-833cb1bb5e5f is Over-Utilized.
2023-07-25 18:54:29,163 [main] DEBUG balancer.ContainerBalancerTask (ContainerBalancerTask.java:lambda$initializeIteration$1(453)) - Datanode localhost-98.32.240.155 36874c9d-5993-4987-b6fb-38cd48fe8aab is Over-Utilized.
2023-07-25 18:54:29,163 [main] DEBUG balancer.ContainerBalancerTask (ContainerBalancerTask.java:lambda$initializeIteration$1(453)) - Datanode localhost-161.178.106.24 106663ac-edc8-44b3-9f59-c9a95513e75b is Over-Utilized.
2023-07-25 18:54:29,163 [main] DEBUG balancer.ContainerBalancerTask (ContainerBalancerTask.java:lambda$initializeIteration$2(459)) - Datanode localhost-83.223.7.117 8e95e4cc-f254-465c-8b6e-e6ba06bba1ad is Under-Utilized.
2023-07-25 18:54:29,163 [main] DEBUG balancer.ContainerBalancerTask (ContainerBalancerTask.java:lambda$initializeIteration$2(459)) - Datanode localhost-65.152.52.245 17e257be-23b2-420c-8d0c-d982b6e2bad0 is Under-Utilized.
2023-07-25 18:54:29,163 [main] DEBUG balancer.ContainerBalancerTask (ContainerBalancerTask.java:lambda$initializeIteration$2(459)) - Datanode localhost-198.118.206.93 c1a95a87-3c5a-49e7-8090-657d8cc8ab0a is Under-Utilized.
2023-07-25 18:54:29,166 [main] DEBUG balancer.ContainerBalancerTask (ContainerBalancerTask.java:matchSourceWithTarget(708)) - ContainerBalancer is finding suitable target for source datanode c447d353-f5da-45bd-8670-0b4e71cd8118
2023-07-25 18:54:29,166 [main] INFO  balancer.ContainerBalancerTask (ContainerBalancerTask.java:matchSourceWithTarget(722)) - ContainerBalancer matched source datanode c447d353-f5da-45bd-8670-0b4e71cd8118 with target datanode 8e95e4cc-f254-465c-8b6e-e6ba06bba1ad for container move.
2023-07-25 18:54:29,166 [main] INFO  balancer.ContainerBalancerTask (ContainerBalancerTask.java:processMoveSelection(569)) - ContainerBalancer is trying to move container #85 with size 5368709120B from source datanode c447d353-f5da-45bd-8670-0b4e71cd8118 to target datanode 8e95e4cc-f254-465c-8b6e-e6ba06bba1ad
2023-07-25 18:54:29,167 [main] DEBUG balancer.ContainerBalancerTask (ContainerBalancerTask.java:lambda$moveContainer$3(837)) - Container move completed for container #85 from source c447d353-f5da-45bd-8670-0b4e71cd8118 to target 8e95e4cc-f254-465c-8b6e-e6ba06bba1ad
2023-07-25 18:54:29,168 [main] DEBUG balancer.ContainerBalancerTask (ContainerBalancerTask.java:adaptOnReachingIterationLimits(782)) - Reached max datanodes to involve limit. 2 datanodes have already been selected for balancing and the limit is 2. Only already selected sources and targets can be involved in balancing now.
2023-07-25 18:54:29,171 [main] DEBUG balancer.ContainerBalancerTask (ContainerBalancerTask.java:matchSourceWithTarget(708)) - ContainerBalancer is finding suitable target for source datanode c447d353-f5da-45bd-8670-0b4e71cd8118
2023-07-25 18:54:29,171 [main] INFO  balancer.ContainerBalancerTask (ContainerBalancerTask.java:matchSourceWithTarget(722)) - ContainerBalancer matched source datanode c447d353-f5da-45bd-8670-0b4e71cd8118 with target datanode 8e95e4cc-f254-465c-8b6e-e6ba06bba1ad for container move.
2023-07-25 18:54:29,171 [main] INFO  balancer.ContainerBalancerTask (ContainerBalancerTask.java:processMoveSelection(569)) - ContainerBalancer is trying to move container #89 with size 4294967296B from source datanode c447d353-f5da-45bd-8670-0b4e71cd8118 to target datanode 8e95e4cc-f254-465c-8b6e-e6ba06bba1ad
2023-07-25 18:54:29,171 [main] DEBUG balancer.ContainerBalancerTask (ContainerBalancerTask.java:lambda$moveContainer$3(837)) - Container move completed for container #89 from source c447d353-f5da-45bd-8670-0b4e71cd8118 to target 8e95e4cc-f254-465c-8b6e-e6ba06bba1ad
2023-07-25 18:54:29,174 [main] DEBUG balancer.ContainerBalancerTask (ContainerBalancerTask.java:matchSourceWithTarget(708)) - ContainerBalancer is finding suitable target for source datanode c447d353-f5da-45bd-8670-0b4e71cd8118
2023-07-25 18:54:29,174 [main] INFO  balancer.ContainerBalancerTask (ContainerBalancerTask.java:matchSourceWithTarget(722)) - ContainerBalancer matched source datanode c447d353-f5da-45bd-8670-0b4e71cd8118 with target datanode 8e95e4cc-f254-465c-8b6e-e6ba06bba1ad for container move.
2023-07-25 18:54:29,174 [main] INFO  balancer.ContainerBalancerTask (ContainerBalancerTask.java:processMoveSelection(569)) - ContainerBalancer is trying to move container #84 with size 4294967296B from source datanode c447d353-f5da-45bd-8670-0b4e71cd8118 to target datanode 8e95e4cc-f254-465c-8b6e-e6ba06bba1ad
2023-07-25 18:54:29,174 [main] DEBUG balancer.ContainerBalancerTask (ContainerBalancerTask.java:lambda$moveContainer$3(837)) - Container move completed for container #84 from source c447d353-f5da-45bd-8670-0b4e71cd8118 to target 8e95e4cc-f254-465c-8b6e-e6ba06bba1ad
2023-07-25 18:54:29,177 [main] DEBUG balancer.ContainerBalancerTask (ContainerBalancerTask.java:matchSourceWithTarget(708)) - ContainerBalancer is finding suitable target for source datanode c447d353-f5da-45bd-8670-0b4e71cd8118
2023-07-25 18:54:29,177 [main] INFO  balancer.ContainerBalancerTask (ContainerBalancerTask.java:matchSourceWithTarget(722)) - ContainerBalancer matched source datanode c447d353-f5da-45bd-8670-0b4e71cd8118 with target datanode 8e95e4cc-f254-465c-8b6e-e6ba06bba1ad for container move.
2023-07-25 18:54:29,177 [main] INFO  balancer.ContainerBalancerTask (ContainerBalancerTask.java:processMoveSelection(569)) - ContainerBalancer is trying to move container #88 with size 3221225472B from source datanode c447d353-f5da-45bd-8670-0b4e71cd8118 to target datanode 8e95e4cc-f254-465c-8b6e-e6ba06bba1ad
2023-07-25 18:54:29,178 [main] DEBUG balancer.ContainerBalancerTask (ContainerBalancerTask.java:lambda$moveContainer$3(837)) - Container move completed for container #88 from source c447d353-f5da-45bd-8670-0b4e71cd8118 to target 8e95e4cc-f254-465c-8b6e-e6ba06bba1ad
2023-07-25 18:54:29,180 [main] DEBUG balancer.ContainerBalancerTask (ContainerBalancerTask.java:matchSourceWithTarget(708)) - ContainerBalancer is finding suitable target for source datanode c447d353-f5da-45bd-8670-0b4e71cd8118
2023-07-25 18:54:29,181 [main] INFO  balancer.FindTargetGreedyByUsageInfo (AbstractFindTargetGreedy.java:findTargetForContainerMove(133)) - Container Balancer could not find a target for source datanode c447d353-f5da-45bd-8670-0b4e71cd8118
2023-07-25 18:54:29,181 [main] DEBUG balancer.ContainerBalancerTask (ContainerBalancerTask.java:matchSourceWithTarget(717)) - ContainerBalancer could not find a suitable target for source node c447d353-f5da-45bd-8670-0b4e71cd8118.
2023-07-25 18:54:29,181 [main] INFO  balancer.FindSourceGreedy (FindSourceGreedy.java:getNextCandidateSourceDataNode(126)) - no more candidate source data node
2023-07-25 18:54:29,181 [main] INFO  balancer.ContainerBalancerTask (ContainerBalancerTask.java:checkIterationMoveResults(642)) - Iteration Summary. Number of Datanodes involved: 2. Size moved: 16 GB (17179869184 Bytes). Number of Container moves completed: 4.
2023-07-25 18:54:29,182 [main] INFO  balancer.ContainerBalancerTask (ContainerBalancerTask.java:balance(259)) - Result of this iteration of Container Balancer: ITERATION_COMPLETED
2023-07-25 18:54:29,183 [main] DEBUG balancer.ContainerBalancerTask (ContainerBalancerTask.java:initializeIteration(374)) - Average utilization of the cluster is 0.33499918247827304
2023-07-25 18:54:29,183 [main] DEBUG balancer.ContainerBalancerTask (ContainerBalancerTask.java:initializeIteration(386)) - Lower limit for utilization is 0.23499918247827303 and Upper limit for utilization is 0.43499918247827307
2023-07-25 18:54:29,183 [main] DEBUG balancer.ContainerBalancerTask (ContainerBalancerTask.java:initializeIteration(398)) - Utilization for node c447d353-f5da-45bd-8670-0b4e71cd8118 with capacity 51300998257B, used 46170898432B, and remaining 5130099825B is 0.900000000013645
2023-07-25 18:54:29,183 [main] DEBUG balancer.ContainerBalancerTask (ContainerBalancerTask.java:initializeIteration(398)) - Utilization for node 915ec627-4d22-41c1-8c61-0af716dea7c8 with capacity 48318382080B, used 38654705664B, and remaining 9663676416B is 0.8
2023-07-25 18:54:29,184 [main] DEBUG balancer.ContainerBalancerTask (ContainerBalancerTask.java:initializeIteration(398)) - Utilization for node 96d51bba-3efc-4155-8c45-833cb1bb5e5f with capacity 61356675657B, used 42949672960B, and remaining 18407002697B is 0.7000000000016298
2023-07-25 18:54:29,184 [main] DEBUG balancer.ContainerBalancerTask (ContainerBalancerTask.java:initializeIteration(398)) - Utilization for node 36874c9d-5993-4987-b6fb-38cd48fe8aab with capacity 96636764160B, used 57982058496B, and remaining 38654705664B is 0.6
2023-07-25 18:54:29,184 [main] DEBUG balancer.ContainerBalancerTask (ContainerBalancerTask.java:initializeIteration(398)) - Utilization for node 106663ac-edc8-44b3-9f59-c9a95513e75b with capacity 118111600640B, used 59055800320B, and remaining 59055800320B is 0.5
2023-07-25 18:54:29,184 [main] DEBUG balancer.ContainerBalancerTask (ContainerBalancerTask.java:initializeIteration(398)) - Utilization for node b34664c6-cc49-4cb3-a3ea-2d4711e5ebf0 with capacity 77846282240B, used 31138512896B, and remaining 46707769344B is 0.4
2023-07-25 18:54:29,184 [main] DEBUG balancer.ContainerBalancerTask (ContainerBalancerTask.java:initializeIteration(398)) - Utilization for node 55caf8c5-bc0f-4779-b09b-264b5755e4dd with capacity 139586437120B, used 41875931136B, and remaining 97710505984B is 0.3
2023-07-25 18:54:29,184 [main] DEBUG balancer.ContainerBalancerTask (ContainerBalancerTask.java:initializeIteration(398)) - Utilization for node c1a95a87-3c5a-49e7-8090-657d8cc8ab0a with capacity 273804165120B, used 54760833024B, and remaining 219043332096B is 0.2
2023-07-25 18:54:29,184 [main] DEBUG balancer.ContainerBalancerTask (ContainerBalancerTask.java:initializeIteration(398)) - Utilization for node 17e257be-23b2-420c-8d0c-d982b6e2bad0 with capacity 289910292480B, used 28991029248B, and remaining 260919263232B is 0.1
2023-07-25 18:54:29,184 [main] DEBUG balancer.ContainerBalancerTask (ContainerBalancerTask.java:initializeIteration(398)) - Utilization for node 8e95e4cc-f254-465c-8b6e-e6ba06bba1ad with capacity 41875931136B, used 0B, and remaining 41875931136B is 0.0
2023-07-25 18:54:29,184 [main] INFO  balancer.ContainerBalancerTask (ContainerBalancerTask.java:initializeIteration(447)) - Container Balancer has identified 5 Over-Utilized and 3 Under-Utilized Datanodes that need to be balanced.
2023-07-25 18:54:29,185 [main] DEBUG balancer.ContainerBalancerTask (ContainerBalancerTask.java:lambda$initializeIteration$1(453)) - Datanode localhost-82.161.6.106 c447d353-f5da-45bd-8670-0b4e71cd8118 is Over-Utilized.
2023-07-25 18:54:29,185 [main] DEBUG balancer.ContainerBalancerTask (ContainerBalancerTask.java:lambda$initializeIteration$1(453)) - Datanode localhost-163.10.140.150 915ec627-4d22-41c1-8c61-0af716dea7c8 is Over-Utilized.
2023-07-25 18:54:29,185 [main] DEBUG balancer.ContainerBalancerTask (ContainerBalancerTask.java:lambda$initializeIteration$1(453)) - Datanode localhost-225.73.215.134 96d51bba-3efc-4155-8c45-833cb1bb5e5f is Over-Utilized.
2023-07-25 18:54:29,185 [main] DEBUG balancer.ContainerBalancerTask (ContainerBalancerTask.java:lambda$initializeIteration$1(453)) - Datanode localhost-98.32.240.155 36874c9d-5993-4987-b6fb-38cd48fe8aab is Over-Utilized.
2023-07-25 18:54:29,185 [main] DEBUG balancer.ContainerBalancerTask (ContainerBalancerTask.java:lambda$initializeIteration$1(453)) - Datanode localhost-161.178.106.24 106663ac-edc8-44b3-9f59-c9a95513e75b is Over-Utilized.
2023-07-25 18:54:29,185 [main] DEBUG balancer.ContainerBalancerTask (ContainerBalancerTask.java:lambda$initializeIteration$2(459)) - Datanode localhost-83.223.7.117 8e95e4cc-f254-465c-8b6e-e6ba06bba1ad is Under-Utilized.
2023-07-25 18:54:29,185 [main] DEBUG balancer.ContainerBalancerTask (ContainerBalancerTask.java:lambda$initializeIteration$2(459)) - Datanode localhost-65.152.52.245 17e257be-23b2-420c-8d0c-d982b6e2bad0 is Under-Utilized.
2023-07-25 18:54:29,185 [main] DEBUG balancer.ContainerBalancerTask (ContainerBalancerTask.java:lambda$initializeIteration$2(459)) - Datanode localhost-198.118.206.93 c1a95a87-3c5a-49e7-8090-657d8cc8ab0a is Under-Utilized.
2023-07-25 18:54:29,188 [main] DEBUG balancer.ContainerBalancerTask (ContainerBalancerTask.java:matchSourceWithTarget(708)) - ContainerBalancer is finding suitable target for source datanode c447d353-f5da-45bd-8670-0b4e71cd8118
2023-07-25 18:54:29,188 [main] INFO  balancer.ContainerBalancerTask (ContainerBalancerTask.java:matchSourceWithTarget(722)) - ContainerBalancer matched source datanode c447d353-f5da-45bd-8670-0b4e71cd8118 with target datanode 8e95e4cc-f254-465c-8b6e-e6ba06bba1ad for container move.
2023-07-25 18:54:29,188 [main] INFO  balancer.ContainerBalancerTask (ContainerBalancerTask.java:processMoveSelection(569)) - ContainerBalancer is trying to move container #85 with size 5368709120B from source datanode c447d353-f5da-45bd-8670-0b4e71cd8118 to target datanode 8e95e4cc-f254-465c-8b6e-e6ba06bba1ad
2023-07-25 18:54:29,188 [main] DEBUG balancer.ContainerBalancerTask (ContainerBalancerTask.java:lambda$moveContainer$3(837)) - Container move completed for container #85 from source c447d353-f5da-45bd-8670-0b4e71cd8118 to target 8e95e4cc-f254-465c-8b6e-e6ba06bba1ad
2023-07-25 18:54:29,189 [main] DEBUG balancer.ContainerBalancerTask (ContainerBalancerTask.java:adaptOnReachingIterationLimits(782)) - Reached max datanodes to involve limit. 2 datanodes have already been selected for balancing and the limit is 2. Only already selected sources and targets can be involved in balancing now.
2023-07-25 18:54:29,191 [main] DEBUG balancer.ContainerBalancerTask (ContainerBalancerTask.java:matchSourceWithTarget(708)) - ContainerBalancer is finding suitable target for source datanode c447d353-f5da-45bd-8670-0b4e71cd8118
2023-07-25 18:54:29,191 [main] INFO  balancer.ContainerBalancerTask (ContainerBalancerTask.java:matchSourceWithTarget(722)) - ContainerBalancer matched source datanode c447d353-f5da-45bd-8670-0b4e71cd8118 with target datanode 8e95e4cc-f254-465c-8b6e-e6ba06bba1ad for container move.
2023-07-25 18:54:29,191 [main] INFO  balancer.ContainerBalancerTask (ContainerBalancerTask.java:processMoveSelection(569)) - ContainerBalancer is trying to move container #89 with size 4294967296B from source datanode c447d353-f5da-45bd-8670-0b4e71cd8118 to target datanode 8e95e4cc-f254-465c-8b6e-e6ba06bba1ad
2023-07-25 18:54:29,192 [main] DEBUG balancer.ContainerBalancerTask (ContainerBalancerTask.java:lambda$moveContainer$3(837)) - Container move completed for container #89 from source c447d353-f5da-45bd-8670-0b4e71cd8118 to target 8e95e4cc-f254-465c-8b6e-e6ba06bba1ad
2023-07-25 18:54:29,194 [main] DEBUG balancer.ContainerBalancerTask (ContainerBalancerTask.java:matchSourceWithTarget(708)) - ContainerBalancer is finding suitable target for source datanode c447d353-f5da-45bd-8670-0b4e71cd8118
2023-07-25 18:54:29,194 [main] INFO  balancer.ContainerBalancerTask (ContainerBalancerTask.java:matchSourceWithTarget(722)) - ContainerBalancer matched source datanode c447d353-f5da-45bd-8670-0b4e71cd8118 with target datanode 8e95e4cc-f254-465c-8b6e-e6ba06bba1ad for container move.
2023-07-25 18:54:29,195 [main] INFO  balancer.ContainerBalancerTask (ContainerBalancerTask.java:processMoveSelection(569)) - ContainerBalancer is trying to move container #84 with size 4294967296B from source datanode c447d353-f5da-45bd-8670-0b4e71cd8118 to target datanode 8e95e4cc-f254-465c-8b6e-e6ba06bba1ad
2023-07-25 18:54:29,195 [main] DEBUG balancer.ContainerBalancerTask (ContainerBalancerTask.java:lambda$moveContainer$3(837)) - Container move completed for container #84 from source c447d353-f5da-45bd-8670-0b4e71cd8118 to target 8e95e4cc-f254-465c-8b6e-e6ba06bba1ad
2023-07-25 18:54:29,197 [main] DEBUG balancer.ContainerBalancerTask (ContainerBalancerTask.java:matchSourceWithTarget(708)) - ContainerBalancer is finding suitable target for source datanode c447d353-f5da-45bd-8670-0b4e71cd8118
2023-07-25 18:54:29,198 [main] INFO  balancer.ContainerBalancerTask (ContainerBalancerTask.java:matchSourceWithTarget(722)) - ContainerBalancer matched source datanode c447d353-f5da-45bd-8670-0b4e71cd8118 with target datanode 8e95e4cc-f254-465c-8b6e-e6ba06bba1ad for container move.
2023-07-25 18:54:29,198 [main] INFO  balancer.ContainerBalancerTask (ContainerBalancerTask.java:processMoveSelection(569)) - ContainerBalancer is trying to move container #88 with size 3221225472B from source datanode c447d353-f5da-45bd-8670-0b4e71cd8118 to target datanode 8e95e4cc-f254-465c-8b6e-e6ba06bba1ad
2023-07-25 18:54:29,198 [main] DEBUG balancer.ContainerBalancerTask (ContainerBalancerTask.java:lambda$moveContainer$3(837)) - Container move completed for container #88 from source c447d353-f5da-45bd-8670-0b4e71cd8118 to target 8e95e4cc-f254-465c-8b6e-e6ba06bba1ad
2023-07-25 18:54:29,200 [main] DEBUG balancer.ContainerBalancerTask (ContainerBalancerTask.java:matchSourceWithTarget(708)) - ContainerBalancer is finding suitable target for source datanode c447d353-f5da-45bd-8670-0b4e71cd8118
2023-07-25 18:54:29,201 [main] INFO  balancer.FindTargetGreedyByUsageInfo (AbstractFindTargetGreedy.java:findTargetForContainerMove(133)) - Container Balancer could not find a target for source datanode c447d353-f5da-45bd-8670-0b4e71cd8118
2023-07-25 18:54:29,201 [main] DEBUG balancer.ContainerBalancerTask (ContainerBalancerTask.java:matchSourceWithTarget(717)) - ContainerBalancer could not find a suitable target for source node c447d353-f5da-45bd-8670-0b4e71cd8118.
2023-07-25 18:54:29,201 [main] INFO  balancer.FindSourceGreedy (FindSourceGreedy.java:getNextCandidateSourceDataNode(126)) - no more candidate source data node
2023-07-25 18:54:29,202 [main] INFO  balancer.ContainerBalancerTask (ContainerBalancerTask.java:checkIterationMoveResults(642)) - Iteration Summary. Number of Datanodes involved: 2. Size moved: 16 GB (17179869184 Bytes). Number of Container moves completed: 4.
2023-07-25 18:54:29,202 [main] INFO  balancer.ContainerBalancerTask (ContainerBalancerTask.java:balance(259)) - Result of this iteration of Container Balancer: ITERATION_COMPLETED
2023-07-25 18:54:29,203 [main] DEBUG balancer.ContainerBalancerTask (ContainerBalancerTask.java:initializeIteration(374)) - Average utilization of the cluster is 0.33499918247827304
2023-07-25 18:54:29,203 [main] DEBUG balancer.ContainerBalancerTask (ContainerBalancerTask.java:initializeIteration(386)) - Lower limit for utilization is 0.23499918247827303 and Upper limit for utilization is 0.43499918247827307
2023-07-25 18:54:29,203 [main] DEBUG balancer.ContainerBalancerTask (ContainerBalancerTask.java:initializeIteration(398)) - Utilization for node c447d353-f5da-45bd-8670-0b4e71cd8118 with capacity 51300998257B, used 46170898432B, and remaining 5130099825B is 0.900000000013645
2023-07-25 18:54:29,204 [main] DEBUG balancer.ContainerBalancerTask (ContainerBalancerTask.java:initializeIteration(398)) - Utilization for node 915ec627-4d22-41c1-8c61-0af716dea7c8 with capacity 48318382080B, used 38654705664B, and remaining 9663676416B is 0.8
2023-07-25 18:54:29,204 [main] DEBUG balancer.ContainerBalancerTask (ContainerBalancerTask.java:initializeIteration(398)) - Utilization for node 96d51bba-3efc-4155-8c45-833cb1bb5e5f with capacity 61356675657B, used 42949672960B, and remaining 18407002697B is 0.7000000000016298
2023-07-25 18:54:29,204 [main] DEBUG balancer.ContainerBalancerTask (ContainerBalancerTask.java:initializeIteration(398)) - Utilization for node 36874c9d-5993-4987-b6fb-38cd48fe8aab with capacity 96636764160B, used 57982058496B, and remaining 38654705664B is 0.6
2023-07-25 18:54:29,204 [main] DEBUG balancer.ContainerBalancerTask (ContainerBalancerTask.java:initializeIteration(398)) - Utilization for node 106663ac-edc8-44b3-9f59-c9a95513e75b with capacity 118111600640B, used 59055800320B, and remaining 59055800320B is 0.5
2023-07-25 18:54:29,204 [main] DEBUG balancer.ContainerBalancerTask (ContainerBalancerTask.java:initializeIteration(398)) - Utilization for node b34664c6-cc49-4cb3-a3ea-2d4711e5ebf0 with capacity 77846282240B, used 31138512896B, and remaining 46707769344B is 0.4
2023-07-25 18:54:29,204 [main] DEBUG balancer.ContainerBalancerTask (ContainerBalancerTask.java:initializeIteration(398)) - Utilization for node 55caf8c5-bc0f-4779-b09b-264b5755e4dd with capacity 139586437120B, used 41875931136B, and remaining 97710505984B is 0.3
2023-07-25 18:54:29,204 [main] DEBUG balancer.ContainerBalancerTask (ContainerBalancerTask.java:initializeIteration(398)) - Utilization for node c1a95a87-3c5a-49e7-8090-657d8cc8ab0a with capacity 273804165120B, used 54760833024B, and remaining 219043332096B is 0.2
2023-07-25 18:54:29,204 [main] DEBUG balancer.ContainerBalancerTask (ContainerBalancerTask.java:initializeIteration(398)) - Utilization for node 17e257be-23b2-420c-8d0c-d982b6e2bad0 with capacity 289910292480B, used 28991029248B, and remaining 260919263232B is 0.1
2023-07-25 18:54:29,204 [main] DEBUG balancer.ContainerBalancerTask (ContainerBalancerTask.java:initializeIteration(398)) - Utilization for node 8e95e4cc-f254-465c-8b6e-e6ba06bba1ad with capacity 41875931136B, used 0B, and remaining 41875931136B is 0.0
2023-07-25 18:54:29,204 [main] INFO  balancer.ContainerBalancerTask (ContainerBalancerTask.java:initializeIteration(447)) - Container Balancer has identified 5 Over-Utilized and 3 Under-Utilized Datanodes that need to be balanced.
2023-07-25 18:54:29,205 [main] DEBUG balancer.ContainerBalancerTask (ContainerBalancerTask.java:lambda$initializeIteration$1(453)) - Datanode localhost-82.161.6.106 c447d353-f5da-45bd-8670-0b4e71cd8118 is Over-Utilized.
2023-07-25 18:54:29,205 [main] DEBUG balancer.ContainerBalancerTask (ContainerBalancerTask.java:lambda$initializeIteration$1(453)) - Datanode localhost-163.10.140.150 915ec627-4d22-41c1-8c61-0af716dea7c8 is Over-Utilized.
2023-07-25 18:54:29,205 [main] DEBUG balancer.ContainerBalancerTask (ContainerBalancerTask.java:lambda$initializeIteration$1(453)) - Datanode localhost-225.73.215.134 96d51bba-3efc-4155-8c45-833cb1bb5e5f is Over-Utilized.
2023-07-25 18:54:29,205 [main] DEBUG balancer.ContainerBalancerTask (ContainerBalancerTask.java:lambda$initializeIteration$1(453)) - Datanode localhost-98.32.240.155 36874c9d-5993-4987-b6fb-38cd48fe8aab is Over-Utilized.
2023-07-25 18:54:29,205 [main] DEBUG balancer.ContainerBalancerTask (ContainerBalancerTask.java:lambda$initializeIteration$1(453)) - Datanode localhost-161.178.106.24 106663ac-edc8-44b3-9f59-c9a95513e75b is Over-Utilized.
2023-07-25 18:54:29,205 [main] DEBUG balancer.ContainerBalancerTask (ContainerBalancerTask.java:lambda$initializeIteration$2(459)) - Datanode localhost-83.223.7.117 8e95e4cc-f254-465c-8b6e-e6ba06bba1ad is Under-Utilized.
2023-07-25 18:54:29,205 [main] DEBUG balancer.ContainerBalancerTask (ContainerBalancerTask.java:lambda$initializeIteration$2(459)) - Datanode localhost-65.152.52.245 17e257be-23b2-420c-8d0c-d982b6e2bad0 is Under-Utilized.
2023-07-25 18:54:29,205 [main] DEBUG balancer.ContainerBalancerTask (ContainerBalancerTask.java:lambda$initializeIteration$2(459)) - Datanode localhost-198.118.206.93 c1a95a87-3c5a-49e7-8090-657d8cc8ab0a is Under-Utilized.
2023-07-25 18:54:29,208 [main] DEBUG balancer.ContainerBalancerTask (ContainerBalancerTask.java:matchSourceWithTarget(708)) - ContainerBalancer is finding suitable target for source datanode c447d353-f5da-45bd-8670-0b4e71cd8118
2023-07-25 18:54:29,208 [main] INFO  balancer.ContainerBalancerTask (ContainerBalancerTask.java:matchSourceWithTarget(722)) - ContainerBalancer matched source datanode c447d353-f5da-45bd-8670-0b4e71cd8118 with target datanode 8e95e4cc-f254-465c-8b6e-e6ba06bba1ad for container move.
2023-07-25 18:54:29,208 [main] INFO  balancer.ContainerBalancerTask (ContainerBalancerTask.java:processMoveSelection(569)) - ContainerBalancer is trying to move container #85 with size 5368709120B from source datanode c447d353-f5da-45bd-8670-0b4e71cd8118 to target datanode 8e95e4cc-f254-465c-8b6e-e6ba06bba1ad
2023-07-25 18:54:29,208 [main] DEBUG balancer.ContainerBalancerTask (ContainerBalancerTask.java:lambda$moveContainer$3(837)) - Container move completed for container #85 from source c447d353-f5da-45bd-8670-0b4e71cd8118 to target 8e95e4cc-f254-465c-8b6e-e6ba06bba1ad
2023-07-25 18:54:29,208 [main] DEBUG balancer.ContainerBalancerTask (ContainerBalancerTask.java:adaptOnReachingIterationLimits(782)) - Reached max datanodes to involve limit. 2 datanodes have already been selected for balancing and the limit is 2. Only already selected sources and targets can be involved in balancing now.
2023-07-25 18:54:29,211 [main] DEBUG balancer.ContainerBalancerTask (ContainerBalancerTask.java:matchSourceWithTarget(708)) - ContainerBalancer is finding suitable target for source datanode c447d353-f5da-45bd-8670-0b4e71cd8118
2023-07-25 18:54:29,211 [main] INFO  balancer.ContainerBalancerTask (ContainerBalancerTask.java:matchSourceWithTarget(722)) - ContainerBalancer matched source datanode c447d353-f5da-45bd-8670-0b4e71cd8118 with target datanode 8e95e4cc-f254-465c-8b6e-e6ba06bba1ad for container move.
2023-07-25 18:54:29,211 [main] INFO  balancer.ContainerBalancerTask (ContainerBalancerTask.java:processMoveSelection(569)) - ContainerBalancer is trying to move container #89 with size 4294967296B from source datanode c447d353-f5da-45bd-8670-0b4e71cd8118 to target datanode 8e95e4cc-f254-465c-8b6e-e6ba06bba1ad
2023-07-25 18:54:29,211 [main] DEBUG balancer.ContainerBalancerTask (ContainerBalancerTask.java:lambda$moveContainer$3(837)) - Container move completed for container #89 from source c447d353-f5da-45bd-8670-0b4e71cd8118 to target 8e95e4cc-f254-465c-8b6e-e6ba06bba1ad
2023-07-25 18:54:29,214 [main] DEBUG balancer.ContainerBalancerTask (ContainerBalancerTask.java:matchSourceWithTarget(708)) - ContainerBalancer is finding suitable target for source datanode c447d353-f5da-45bd-8670-0b4e71cd8118
2023-07-25 18:54:29,214 [main] INFO  balancer.ContainerBalancerTask (ContainerBalancerTask.java:matchSourceWithTarget(722)) - ContainerBalancer matched source datanode c447d353-f5da-45bd-8670-0b4e71cd8118 with target datanode 8e95e4cc-f254-465c-8b6e-e6ba06bba1ad for container move.
2023-07-25 18:54:29,214 [main] INFO  balancer.ContainerBalancerTask (ContainerBalancerTask.java:processMoveSelection(569)) - ContainerBalancer is trying to move container #84 with size 4294967296B from source datanode c447d353-f5da-45bd-8670-0b4e71cd8118 to target datanode 8e95e4cc-f254-465c-8b6e-e6ba06bba1ad
2023-07-25 18:54:29,214 [main] DEBUG balancer.ContainerBalancerTask (ContainerBalancerTask.java:lambda$moveContainer$3(837)) - Container move completed for container #84 from source c447d353-f5da-45bd-8670-0b4e71cd8118 to target 8e95e4cc-f254-465c-8b6e-e6ba06bba1ad
2023-07-25 18:54:29,217 [main] DEBUG balancer.ContainerBalancerTask (ContainerBalancerTask.java:matchSourceWithTarget(708)) - ContainerBalancer is finding suitable target for source datanode c447d353-f5da-45bd-8670-0b4e71cd8118
2023-07-25 18:54:29,217 [main] INFO  balancer.ContainerBalancerTask (ContainerBalancerTask.java:matchSourceWithTarget(722)) - ContainerBalancer matched source datanode c447d353-f5da-45bd-8670-0b4e71cd8118 with target datanode 8e95e4cc-f254-465c-8b6e-e6ba06bba1ad for container move.
2023-07-25 18:54:29,217 [main] INFO  balancer.ContainerBalancerTask (ContainerBalancerTask.java:processMoveSelection(569)) - ContainerBalancer is trying to move container #88 with size 3221225472B from source datanode c447d353-f5da-45bd-8670-0b4e71cd8118 to target datanode 8e95e4cc-f254-465c-8b6e-e6ba06bba1ad
2023-07-25 18:54:29,217 [main] DEBUG balancer.ContainerBalancerTask (ContainerBalancerTask.java:lambda$moveContainer$3(837)) - Container move completed for container #88 from source c447d353-f5da-45bd-8670-0b4e71cd8118 to target 8e95e4cc-f254-465c-8b6e-e6ba06bba1ad
2023-07-25 18:54:29,220 [main] DEBUG balancer.ContainerBalancerTask (ContainerBalancerTask.java:matchSourceWithTarget(708)) - ContainerBalancer is finding suitable target for source datanode c447d353-f5da-45bd-8670-0b4e71cd8118
2023-07-25 18:54:29,221 [main] INFO  balancer.FindTargetGreedyByUsageInfo (AbstractFindTargetGreedy.java:findTargetForContainerMove(133)) - Container Balancer could not find a target for source datanode c447d353-f5da-45bd-8670-0b4e71cd8118
2023-07-25 18:54:29,221 [main] DEBUG balancer.ContainerBalancerTask (ContainerBalancerTask.java:matchSourceWithTarget(717)) - ContainerBalancer could not find a suitable target for source node c447d353-f5da-45bd-8670-0b4e71cd8118.
2023-07-25 18:54:29,221 [main] INFO  balancer.FindSourceGreedy (FindSourceGreedy.java:getNextCandidateSourceDataNode(126)) - no more candidate source data node
2023-07-25 18:54:29,221 [main] INFO  balancer.ContainerBalancerTask (ContainerBalancerTask.java:checkIterationMoveResults(642)) - Iteration Summary. Number of Datanodes involved: 2. Size moved: 16 GB (17179869184 Bytes). Number of Container moves completed: 4.
2023-07-25 18:54:29,221 [main] INFO  balancer.ContainerBalancerTask (ContainerBalancerTask.java:balance(259)) - Result of this iteration of Container Balancer: ITERATION_COMPLETED
2023-07-25 18:54:29,223 [main] DEBUG balancer.ContainerBalancerTask (ContainerBalancerTask.java:initializeIteration(374)) - Average utilization of the cluster is 0.33499918247827304
2023-07-25 18:54:29,223 [main] DEBUG balancer.ContainerBalancerTask (ContainerBalancerTask.java:initializeIteration(386)) - Lower limit for utilization is 0.23499918247827303 and Upper limit for utilization is 0.43499918247827307
2023-07-25 18:54:29,223 [main] DEBUG balancer.ContainerBalancerTask (ContainerBalancerTask.java:initializeIteration(398)) - Utilization for node c447d353-f5da-45bd-8670-0b4e71cd8118 with capacity 51300998257B, used 46170898432B, and remaining 5130099825B is 0.900000000013645
2023-07-25 18:54:29,223 [main] DEBUG balancer.ContainerBalancerTask (ContainerBalancerTask.java:initializeIteration(398)) - Utilization for node 915ec627-4d22-41c1-8c61-0af716dea7c8 with capacity 48318382080B, used 38654705664B, and remaining 9663676416B is 0.8
2023-07-25 18:54:29,223 [main] DEBUG balancer.ContainerBalancerTask (ContainerBalancerTask.java:initializeIteration(398)) - Utilization for node 96d51bba-3efc-4155-8c45-833cb1bb5e5f with capacity 61356675657B, used 42949672960B, and remaining 18407002697B is 0.7000000000016298
2023-07-25 18:54:29,223 [main] DEBUG balancer.ContainerBalancerTask (ContainerBalancerTask.java:initializeIteration(398)) - Utilization for node 36874c9d-5993-4987-b6fb-38cd48fe8aab with capacity 96636764160B, used 57982058496B, and remaining 38654705664B is 0.6
2023-07-25 18:54:29,223 [main] DEBUG balancer.ContainerBalancerTask (ContainerBalancerTask.java:initializeIteration(398)) - Utilization for node 106663ac-edc8-44b3-9f59-c9a95513e75b with capacity 118111600640B, used 59055800320B, and remaining 59055800320B is 0.5
2023-07-25 18:54:29,223 [main] DEBUG balancer.ContainerBalancerTask (ContainerBalancerTask.java:initializeIteration(398)) - Utilization for node b34664c6-cc49-4cb3-a3ea-2d4711e5ebf0 with capacity 77846282240B, used 31138512896B, and remaining 46707769344B is 0.4
2023-07-25 18:54:29,223 [main] DEBUG balancer.ContainerBalancerTask (ContainerBalancerTask.java:initializeIteration(398)) - Utilization for node 55caf8c5-bc0f-4779-b09b-264b5755e4dd with capacity 139586437120B, used 41875931136B, and remaining 97710505984B is 0.3
2023-07-25 18:54:29,224 [main] DEBUG balancer.ContainerBalancerTask (ContainerBalancerTask.java:initializeIteration(398)) - Utilization for node c1a95a87-3c5a-49e7-8090-657d8cc8ab0a with capacity 273804165120B, used 54760833024B, and remaining 219043332096B is 0.2
2023-07-25 18:54:29,224 [main] DEBUG balancer.ContainerBalancerTask (ContainerBalancerTask.java:initializeIteration(398)) - Utilization for node 17e257be-23b2-420c-8d0c-d982b6e2bad0 with capacity 289910292480B, used 28991029248B, and remaining 260919263232B is 0.1
2023-07-25 18:54:29,224 [main] DEBUG balancer.ContainerBalancerTask (ContainerBalancerTask.java:initializeIteration(398)) - Utilization for node 8e95e4cc-f254-465c-8b6e-e6ba06bba1ad with capacity 41875931136B, used 0B, and remaining 41875931136B is 0.0
2023-07-25 18:54:29,224 [main] INFO  balancer.ContainerBalancerTask (ContainerBalancerTask.java:initializeIteration(447)) - Container Balancer has identified 5 Over-Utilized and 3 Under-Utilized Datanodes that need to be balanced.
2023-07-25 18:54:29,224 [main] DEBUG balancer.ContainerBalancerTask (ContainerBalancerTask.java:lambda$initializeIteration$1(453)) - Datanode localhost-82.161.6.106 c447d353-f5da-45bd-8670-0b4e71cd8118 is Over-Utilized.
2023-07-25 18:54:29,224 [main] DEBUG balancer.ContainerBalancerTask (ContainerBalancerTask.java:lambda$initializeIteration$1(453)) - Datanode localhost-163.10.140.150 915ec627-4d22-41c1-8c61-0af716dea7c8 is Over-Utilized.
2023-07-25 18:54:29,224 [main] DEBUG balancer.ContainerBalancerTask (ContainerBalancerTask.java:lambda$initializeIteration$1(453)) - Datanode localhost-225.73.215.134 96d51bba-3efc-4155-8c45-833cb1bb5e5f is Over-Utilized.
2023-07-25 18:54:29,224 [main] DEBUG balancer.ContainerBalancerTask (ContainerBalancerTask.java:lambda$initializeIteration$1(453)) - Datanode localhost-98.32.240.155 36874c9d-5993-4987-b6fb-38cd48fe8aab is Over-Utilized.
2023-07-25 18:54:29,224 [main] DEBUG balancer.ContainerBalancerTask (ContainerBalancerTask.java:lambda$initializeIteration$1(453)) - Datanode localhost-161.178.106.24 106663ac-edc8-44b3-9f59-c9a95513e75b is Over-Utilized.
2023-07-25 18:54:29,225 [main] DEBUG balancer.ContainerBalancerTask (ContainerBalancerTask.java:lambda$initializeIteration$2(459)) - Datanode localhost-83.223.7.117 8e95e4cc-f254-465c-8b6e-e6ba06bba1ad is Under-Utilized.
2023-07-25 18:54:29,225 [main] DEBUG balancer.ContainerBalancerTask (ContainerBalancerTask.java:lambda$initializeIteration$2(459)) - Datanode localhost-65.152.52.245 17e257be-23b2-420c-8d0c-d982b6e2bad0 is Under-Utilized.
2023-07-25 18:54:29,225 [main] DEBUG balancer.ContainerBalancerTask (ContainerBalancerTask.java:lambda$initializeIteration$2(459)) - Datanode localhost-198.118.206.93 c1a95a87-3c5a-49e7-8090-657d8cc8ab0a is Under-Utilized.
2023-07-25 18:54:29,227 [main] DEBUG balancer.ContainerBalancerTask (ContainerBalancerTask.java:matchSourceWithTarget(708)) - ContainerBalancer is finding suitable target for source datanode c447d353-f5da-45bd-8670-0b4e71cd8118
2023-07-25 18:54:29,228 [main] INFO  balancer.ContainerBalancerTask (ContainerBalancerTask.java:matchSourceWithTarget(722)) - ContainerBalancer matched source datanode c447d353-f5da-45bd-8670-0b4e71cd8118 with target datanode 8e95e4cc-f254-465c-8b6e-e6ba06bba1ad for container move.
2023-07-25 18:54:29,228 [main] INFO  balancer.ContainerBalancerTask (ContainerBalancerTask.java:processMoveSelection(569)) - ContainerBalancer is trying to move container #85 with size 5368709120B from source datanode c447d353-f5da-45bd-8670-0b4e71cd8118 to target datanode 8e95e4cc-f254-465c-8b6e-e6ba06bba1ad
2023-07-25 18:54:29,228 [main] DEBUG balancer.ContainerBalancerTask (ContainerBalancerTask.java:lambda$moveContainer$3(837)) - Container move completed for container #85 from source c447d353-f5da-45bd-8670-0b4e71cd8118 to target 8e95e4cc-f254-465c-8b6e-e6ba06bba1ad
2023-07-25 18:54:29,228 [main] DEBUG balancer.ContainerBalancerTask (ContainerBalancerTask.java:adaptOnReachingIterationLimits(782)) - Reached max datanodes to involve limit. 2 datanodes have already been selected for balancing and the limit is 2. Only already selected sources and targets can be involved in balancing now.
2023-07-25 18:54:29,231 [main] DEBUG balancer.ContainerBalancerTask (ContainerBalancerTask.java:matchSourceWithTarget(708)) - ContainerBalancer is finding suitable target for source datanode c447d353-f5da-45bd-8670-0b4e71cd8118
2023-07-25 18:54:29,231 [main] INFO  balancer.ContainerBalancerTask (ContainerBalancerTask.java:matchSourceWithTarget(722)) - ContainerBalancer matched source datanode c447d353-f5da-45bd-8670-0b4e71cd8118 with target datanode 8e95e4cc-f254-465c-8b6e-e6ba06bba1ad for container move.
2023-07-25 18:54:29,231 [main] INFO  balancer.ContainerBalancerTask (ContainerBalancerTask.java:processMoveSelection(569)) - ContainerBalancer is trying to move container #89 with size 4294967296B from source datanode c447d353-f5da-45bd-8670-0b4e71cd8118 to target datanode 8e95e4cc-f254-465c-8b6e-e6ba06bba1ad
2023-07-25 18:54:29,231 [main] DEBUG balancer.ContainerBalancerTask (ContainerBalancerTask.java:lambda$moveContainer$3(837)) - Container move completed for container #89 from source c447d353-f5da-45bd-8670-0b4e71cd8118 to target 8e95e4cc-f254-465c-8b6e-e6ba06bba1ad
2023-07-25 18:54:29,234 [main] DEBUG balancer.ContainerBalancerTask (ContainerBalancerTask.java:matchSourceWithTarget(708)) - ContainerBalancer is finding suitable target for source datanode c447d353-f5da-45bd-8670-0b4e71cd8118
2023-07-25 18:54:29,234 [main] INFO  balancer.ContainerBalancerTask (ContainerBalancerTask.java:matchSourceWithTarget(722)) - ContainerBalancer matched source datanode c447d353-f5da-45bd-8670-0b4e71cd8118 with target datanode 8e95e4cc-f254-465c-8b6e-e6ba06bba1ad for container move.
2023-07-25 18:54:29,234 [main] INFO  balancer.ContainerBalancerTask (ContainerBalancerTask.java:processMoveSelection(569)) - ContainerBalancer is trying to move container #84 with size 4294967296B from source datanode c447d353-f5da-45bd-8670-0b4e71cd8118 to target datanode 8e95e4cc-f254-465c-8b6e-e6ba06bba1ad
2023-07-25 18:54:29,234 [main] DEBUG balancer.ContainerBalancerTask (ContainerBalancerTask.java:lambda$moveContainer$3(837)) - Container move completed for container #84 from source c447d353-f5da-45bd-8670-0b4e71cd8118 to target 8e95e4cc-f254-465c-8b6e-e6ba06bba1ad
2023-07-25 18:54:29,237 [main] DEBUG balancer.ContainerBalancerTask (ContainerBalancerTask.java:matchSourceWithTarget(708)) - ContainerBalancer is finding suitable target for source datanode c447d353-f5da-45bd-8670-0b4e71cd8118
2023-07-25 18:54:29,237 [main] INFO  balancer.ContainerBalancerTask (ContainerBalancerTask.java:matchSourceWithTarget(722)) - ContainerBalancer matched source datanode c447d353-f5da-45bd-8670-0b4e71cd8118 with target datanode 8e95e4cc-f254-465c-8b6e-e6ba06bba1ad for container move.
2023-07-25 18:54:29,237 [main] INFO  balancer.ContainerBalancerTask (ContainerBalancerTask.java:processMoveSelection(569)) - ContainerBalancer is trying to move container #88 with size 3221225472B from source datanode c447d353-f5da-45bd-8670-0b4e71cd8118 to target datanode 8e95e4cc-f254-465c-8b6e-e6ba06bba1ad
2023-07-25 18:54:29,237 [main] DEBUG balancer.ContainerBalancerTask (ContainerBalancerTask.java:lambda$moveContainer$3(837)) - Container move completed for container #88 from source c447d353-f5da-45bd-8670-0b4e71cd8118 to target 8e95e4cc-f254-465c-8b6e-e6ba06bba1ad
2023-07-25 18:54:29,240 [main] DEBUG balancer.ContainerBalancerTask (ContainerBalancerTask.java:matchSourceWithTarget(708)) - ContainerBalancer is finding suitable target for source datanode c447d353-f5da-45bd-8670-0b4e71cd8118
2023-07-25 18:54:29,241 [main] INFO  balancer.FindTargetGreedyByUsageInfo (AbstractFindTargetGreedy.java:findTargetForContainerMove(133)) - Container Balancer could not find a target for source datanode c447d353-f5da-45bd-8670-0b4e71cd8118
2023-07-25 18:54:29,241 [main] DEBUG balancer.ContainerBalancerTask (ContainerBalancerTask.java:matchSourceWithTarget(717)) - ContainerBalancer could not find a suitable target for source node c447d353-f5da-45bd-8670-0b4e71cd8118.
2023-07-25 18:54:29,241 [main] INFO  balancer.FindSourceGreedy (FindSourceGreedy.java:getNextCandidateSourceDataNode(126)) - no more candidate source data node
2023-07-25 18:54:29,241 [main] INFO  balancer.ContainerBalancerTask (ContainerBalancerTask.java:checkIterationMoveResults(642)) - Iteration Summary. Number of Datanodes involved: 2. Size moved: 16 GB (17179869184 Bytes). Number of Container moves completed: 4.
2023-07-25 18:54:29,241 [main] INFO  balancer.ContainerBalancerTask (ContainerBalancerTask.java:balance(259)) - Result of this iteration of Container Balancer: ITERATION_COMPLETED
2023-07-25 18:54:29,241 [main] INFO  balancer.ContainerBalancerTask (ContainerBalancerTask.java:tryStopWithSaveConfiguration(308)) - Save Configuration for stopping. Reason: Completed all iterations.
]]></system-out>
  </testcase>
  <testcase name="selectedContainerShouldNotAlreadyHaveBeenSelected" classname="org.apache.hadoop.hdds.scm.container.balancer.TestContainerBalancerTask" time="0.57">
    <system-out><![CDATA[2023-07-25 18:54:29,267 [main] INFO  net.NodeSchemaLoader (NodeSchemaLoader.java:loadSchemaFromFile(129)) - Loading schema from [file:/home/runner/work/ozone/ozone/hadoop-hdds/common/target/classes/network-topology-default.xml]
2023-07-25 18:54:29,268 [main] INFO  net.NodeSchemaLoader (NodeSchemaLoader.java:loadSchema(176)) - Loading network topology layer schema file
2023-07-25 18:54:29,269 [main] INFO  net.NetworkTopologyImpl (NetworkTopologyImpl.java:add(112)) - Added a new node: /default-rack/97c4cf51-abd0-491b-b701-02921bc4d108
2023-07-25 18:54:29,269 [main] INFO  net.NetworkTopologyImpl (NetworkTopologyImpl.java:add(112)) - Added a new node: /default-rack/b5837c84-0add-4b6b-aea8-b465baa549ab
2023-07-25 18:54:29,269 [main] INFO  net.NetworkTopologyImpl (NetworkTopologyImpl.java:add(112)) - Added a new node: /default-rack/750dab9a-b48e-40e2-a2cf-934793d67c57
2023-07-25 18:54:29,270 [main] INFO  net.NetworkTopologyImpl (NetworkTopologyImpl.java:add(112)) - Added a new node: /default-rack/da4621c5-7649-48b9-aab4-75eaad864368
2023-07-25 18:54:29,270 [main] INFO  net.NetworkTopologyImpl (NetworkTopologyImpl.java:add(112)) - Added a new node: /default-rack/64c5241e-0e97-4a64-9804-0c662d5526ac
2023-07-25 18:54:29,270 [main] INFO  net.NetworkTopologyImpl (NetworkTopologyImpl.java:add(112)) - Added a new node: /default-rack/a9d4111a-a042-488f-9b1a-0073e814dbdd
2023-07-25 18:54:29,270 [main] INFO  net.NetworkTopologyImpl (NetworkTopologyImpl.java:add(112)) - Added a new node: /default-rack/91bf2ecc-d400-4053-b826-bbbd60bb1863
2023-07-25 18:54:29,270 [main] INFO  net.NetworkTopologyImpl (NetworkTopologyImpl.java:add(112)) - Added a new node: /default-rack/9cb4e2de-8ccf-4298-8096-9229c13474f0
2023-07-25 18:54:29,270 [main] INFO  net.NetworkTopologyImpl (NetworkTopologyImpl.java:add(112)) - Added a new node: /default-rack/5e56ab67-0b25-48bd-8a4c-f954d05484fd
2023-07-25 18:54:29,270 [main] INFO  net.NetworkTopologyImpl (NetworkTopologyImpl.java:add(112)) - Added a new node: /default-rack/40bc9234-1d4b-42f4-a6a8-54b2cbb57e71
2023-07-25 18:54:29,270 [main] INFO  algorithms.ContainerPlacementPolicyFactory (ContainerPlacementPolicyFactory.java:getPolicyInternal(86)) - Create container placement policy of type org.apache.hadoop.hdds.scm.container.placement.algorithms.SCMContainerPlacementRackAware
2023-07-25 18:54:29,270 [main] INFO  algorithms.ContainerPlacementPolicyFactory (ContainerPlacementPolicyFactory.java:getPolicyInternal(86)) - Create container placement policy of type org.apache.hadoop.hdds.scm.container.placement.algorithms.SCMContainerPlacementRackScatter
2023-07-25 18:54:29,273 [main] DEBUG balancer.ContainerBalancerTask (ContainerBalancerTask.java:initializeIteration(374)) - Average utilization of the cluster is 0.32768414191322315
2023-07-25 18:54:29,273 [main] DEBUG balancer.ContainerBalancerTask (ContainerBalancerTask.java:initializeIteration(386)) - Lower limit for utilization is 0.22768414191322314 and Upper limit for utilization is 0.4276841419132231
2023-07-25 18:54:29,273 [main] DEBUG balancer.ContainerBalancerTask (ContainerBalancerTask.java:initializeIteration(398)) - Utilization for node 91bf2ecc-d400-4053-b826-bbbd60bb1863 with capacity 63231462968B, used 56908316672B, and remaining 6323146296B is 0.9000000000126519
2023-07-25 18:54:29,273 [main] DEBUG balancer.ContainerBalancerTask (ContainerBalancerTask.java:initializeIteration(398)) - Utilization for node 750dab9a-b48e-40e2-a2cf-934793d67c57 with capacity 67108864000B, used 53687091200B, and remaining 13421772800B is 0.8
2023-07-25 18:54:29,273 [main] DEBUG balancer.ContainerBalancerTask (ContainerBalancerTask.java:initializeIteration(398)) - Utilization for node a9d4111a-a042-488f-9b1a-0073e814dbdd with capacity 64424509440B, used 45097156608B, and remaining 19327352832B is 0.7
2023-07-25 18:54:29,273 [main] DEBUG balancer.ContainerBalancerTask (ContainerBalancerTask.java:initializeIteration(398)) - Utilization for node 5e56ab67-0b25-48bd-8a4c-f954d05484fd with capacity 93057624746B, used 55834574848B, and remaining 37223049898B is 0.6000000000042984
2023-07-25 18:54:29,274 [main] DEBUG balancer.ContainerBalancerTask (ContainerBalancerTask.java:initializeIteration(398)) - Utilization for node 9cb4e2de-8ccf-4298-8096-9229c13474f0 with capacity 83751862272B, used 41875931136B, and remaining 41875931136B is 0.5
2023-07-25 18:54:29,274 [main] DEBUG balancer.ContainerBalancerTask (ContainerBalancerTask.java:initializeIteration(398)) - Utilization for node 40bc9234-1d4b-42f4-a6a8-54b2cbb57e71 with capacity 110058536960B, used 44023414784B, and remaining 66035122176B is 0.4
2023-07-25 18:54:29,274 [main] DEBUG balancer.ContainerBalancerTask (ContainerBalancerTask.java:initializeIteration(398)) - Utilization for node 64c5241e-0e97-4a64-9804-0c662d5526ac with capacity 157482134186B, used 47244640256B, and remaining 110237493930B is 0.30000000000127
2023-07-25 18:54:29,274 [main] DEBUG balancer.ContainerBalancerTask (ContainerBalancerTask.java:initializeIteration(398)) - Utilization for node da4621c5-7649-48b9-aab4-75eaad864368 with capacity 161061273600B, used 32212254720B, and remaining 128849018880B is 0.2
2023-07-25 18:54:29,274 [main] DEBUG balancer.ContainerBalancerTask (ContainerBalancerTask.java:initializeIteration(398)) - Utilization for node 97c4cf51-abd0-491b-b701-02921bc4d108 with capacity 429496729600B, used 42949672960B, and remaining 386547056640B is 0.1
2023-07-25 18:54:29,274 [main] DEBUG balancer.ContainerBalancerTask (ContainerBalancerTask.java:initializeIteration(398)) - Utilization for node b5837c84-0add-4b6b-aea8-b465baa549ab with capacity 51539607552B, used 0B, and remaining 51539607552B is 0.0
2023-07-25 18:54:29,274 [main] INFO  balancer.ContainerBalancerTask (ContainerBalancerTask.java:initializeIteration(447)) - Container Balancer has identified 5 Over-Utilized and 3 Under-Utilized Datanodes that need to be balanced.
2023-07-25 18:54:29,274 [main] DEBUG balancer.ContainerBalancerTask (ContainerBalancerTask.java:lambda$initializeIteration$1(453)) - Datanode localhost-77.10.23.47 91bf2ecc-d400-4053-b826-bbbd60bb1863 is Over-Utilized.
2023-07-25 18:54:29,274 [main] DEBUG balancer.ContainerBalancerTask (ContainerBalancerTask.java:lambda$initializeIteration$1(453)) - Datanode localhost-151.167.110.201 750dab9a-b48e-40e2-a2cf-934793d67c57 is Over-Utilized.
2023-07-25 18:54:29,274 [main] DEBUG balancer.ContainerBalancerTask (ContainerBalancerTask.java:lambda$initializeIteration$1(453)) - Datanode localhost-198.205.21.138 a9d4111a-a042-488f-9b1a-0073e814dbdd is Over-Utilized.
2023-07-25 18:54:29,275 [main] DEBUG balancer.ContainerBalancerTask (ContainerBalancerTask.java:lambda$initializeIteration$1(453)) - Datanode localhost-154.87.186.109 5e56ab67-0b25-48bd-8a4c-f954d05484fd is Over-Utilized.
2023-07-25 18:54:29,275 [main] DEBUG balancer.ContainerBalancerTask (ContainerBalancerTask.java:lambda$initializeIteration$1(453)) - Datanode localhost-191.165.100.226 9cb4e2de-8ccf-4298-8096-9229c13474f0 is Over-Utilized.
2023-07-25 18:54:29,275 [main] DEBUG balancer.ContainerBalancerTask (ContainerBalancerTask.java:lambda$initializeIteration$2(459)) - Datanode localhost-159.108.107.105 b5837c84-0add-4b6b-aea8-b465baa549ab is Under-Utilized.
2023-07-25 18:54:29,275 [main] DEBUG balancer.ContainerBalancerTask (ContainerBalancerTask.java:lambda$initializeIteration$2(459)) - Datanode localhost-28.242.245.88 97c4cf51-abd0-491b-b701-02921bc4d108 is Under-Utilized.
2023-07-25 18:54:29,275 [main] DEBUG balancer.ContainerBalancerTask (ContainerBalancerTask.java:lambda$initializeIteration$2(459)) - Datanode localhost-9.174.77.4 da4621c5-7649-48b9-aab4-75eaad864368 is Under-Utilized.
2023-07-25 18:54:29,278 [main] DEBUG balancer.ContainerBalancerTask (ContainerBalancerTask.java:matchSourceWithTarget(708)) - ContainerBalancer is finding suitable target for source datanode 91bf2ecc-d400-4053-b826-bbbd60bb1863
2023-07-25 18:54:29,278 [main] INFO  balancer.ContainerBalancerTask (ContainerBalancerTask.java:matchSourceWithTarget(722)) - ContainerBalancer matched source datanode 91bf2ecc-d400-4053-b826-bbbd60bb1863 with target datanode b5837c84-0add-4b6b-aea8-b465baa549ab for container move.
2023-07-25 18:54:29,278 [main] INFO  balancer.ContainerBalancerTask (ContainerBalancerTask.java:processMoveSelection(569)) - ContainerBalancer is trying to move container #84 with size 4294967296B from source datanode 91bf2ecc-d400-4053-b826-bbbd60bb1863 to target datanode b5837c84-0add-4b6b-aea8-b465baa549ab
2023-07-25 18:54:29,278 [main] DEBUG balancer.ContainerBalancerTask (ContainerBalancerTask.java:lambda$moveContainer$3(837)) - Container move completed for container #84 from source 91bf2ecc-d400-4053-b826-bbbd60bb1863 to target b5837c84-0add-4b6b-aea8-b465baa549ab
2023-07-25 18:54:29,282 [main] DEBUG balancer.ContainerBalancerTask (ContainerBalancerTask.java:matchSourceWithTarget(708)) - ContainerBalancer is finding suitable target for source datanode 91bf2ecc-d400-4053-b826-bbbd60bb1863
2023-07-25 18:54:29,282 [main] INFO  balancer.ContainerBalancerTask (ContainerBalancerTask.java:matchSourceWithTarget(722)) - ContainerBalancer matched source datanode 91bf2ecc-d400-4053-b826-bbbd60bb1863 with target datanode b5837c84-0add-4b6b-aea8-b465baa549ab for container move.
2023-07-25 18:54:29,282 [main] INFO  balancer.ContainerBalancerTask (ContainerBalancerTask.java:processMoveSelection(569)) - ContainerBalancer is trying to move container #52 with size 4294967296B from source datanode 91bf2ecc-d400-4053-b826-bbbd60bb1863 to target datanode b5837c84-0add-4b6b-aea8-b465baa549ab
2023-07-25 18:54:29,282 [main] DEBUG balancer.ContainerBalancerTask (ContainerBalancerTask.java:lambda$moveContainer$3(837)) - Container move completed for container #52 from source 91bf2ecc-d400-4053-b826-bbbd60bb1863 to target b5837c84-0add-4b6b-aea8-b465baa549ab
2023-07-25 18:54:29,285 [main] DEBUG balancer.ContainerBalancerTask (ContainerBalancerTask.java:matchSourceWithTarget(708)) - ContainerBalancer is finding suitable target for source datanode 750dab9a-b48e-40e2-a2cf-934793d67c57
2023-07-25 18:54:29,285 [main] INFO  balancer.ContainerBalancerTask (ContainerBalancerTask.java:matchSourceWithTarget(722)) - ContainerBalancer matched source datanode 750dab9a-b48e-40e2-a2cf-934793d67c57 with target datanode 97c4cf51-abd0-491b-b701-02921bc4d108 for container move.
2023-07-25 18:54:29,285 [main] INFO  balancer.ContainerBalancerTask (ContainerBalancerTask.java:processMoveSelection(569)) - ContainerBalancer is trying to move container #68 with size 5368709120B from source datanode 750dab9a-b48e-40e2-a2cf-934793d67c57 to target datanode 97c4cf51-abd0-491b-b701-02921bc4d108
2023-07-25 18:54:29,286 [main] DEBUG balancer.ContainerBalancerTask (ContainerBalancerTask.java:lambda$moveContainer$3(837)) - Container move completed for container #68 from source 750dab9a-b48e-40e2-a2cf-934793d67c57 to target 97c4cf51-abd0-491b-b701-02921bc4d108
2023-07-25 18:54:29,289 [main] DEBUG balancer.ContainerBalancerTask (ContainerBalancerTask.java:matchSourceWithTarget(708)) - ContainerBalancer is finding suitable target for source datanode 91bf2ecc-d400-4053-b826-bbbd60bb1863
2023-07-25 18:54:29,289 [main] INFO  balancer.ContainerBalancerTask (ContainerBalancerTask.java:matchSourceWithTarget(722)) - ContainerBalancer matched source datanode 91bf2ecc-d400-4053-b826-bbbd60bb1863 with target datanode 97c4cf51-abd0-491b-b701-02921bc4d108 for container move.
2023-07-25 18:54:29,289 [main] INFO  balancer.ContainerBalancerTask (ContainerBalancerTask.java:processMoveSelection(569)) - ContainerBalancer is trying to move container #28 with size 4294967296B from source datanode 91bf2ecc-d400-4053-b826-bbbd60bb1863 to target datanode 97c4cf51-abd0-491b-b701-02921bc4d108
2023-07-25 18:54:29,289 [main] DEBUG balancer.ContainerBalancerTask (ContainerBalancerTask.java:lambda$moveContainer$3(837)) - Container move completed for container #28 from source 91bf2ecc-d400-4053-b826-bbbd60bb1863 to target 97c4cf51-abd0-491b-b701-02921bc4d108
2023-07-25 18:54:29,292 [main] DEBUG balancer.ContainerBalancerTask (ContainerBalancerTask.java:matchSourceWithTarget(708)) - ContainerBalancer is finding suitable target for source datanode 750dab9a-b48e-40e2-a2cf-934793d67c57
2023-07-25 18:54:29,292 [main] INFO  balancer.ContainerBalancerTask (ContainerBalancerTask.java:matchSourceWithTarget(722)) - ContainerBalancer matched source datanode 750dab9a-b48e-40e2-a2cf-934793d67c57 with target datanode 97c4cf51-abd0-491b-b701-02921bc4d108 for container move.
2023-07-25 18:54:29,292 [main] INFO  balancer.ContainerBalancerTask (ContainerBalancerTask.java:processMoveSelection(569)) - ContainerBalancer is trying to move container #66 with size 3221225472B from source datanode 750dab9a-b48e-40e2-a2cf-934793d67c57 to target datanode 97c4cf51-abd0-491b-b701-02921bc4d108
2023-07-25 18:54:29,292 [main] DEBUG balancer.ContainerBalancerTask (ContainerBalancerTask.java:lambda$moveContainer$3(837)) - Container move completed for container #66 from source 750dab9a-b48e-40e2-a2cf-934793d67c57 to target 97c4cf51-abd0-491b-b701-02921bc4d108
2023-07-25 18:54:29,295 [main] DEBUG balancer.ContainerBalancerTask (ContainerBalancerTask.java:matchSourceWithTarget(708)) - ContainerBalancer is finding suitable target for source datanode a9d4111a-a042-488f-9b1a-0073e814dbdd
2023-07-25 18:54:29,295 [main] INFO  balancer.ContainerBalancerTask (ContainerBalancerTask.java:matchSourceWithTarget(722)) - ContainerBalancer matched source datanode a9d4111a-a042-488f-9b1a-0073e814dbdd with target datanode 97c4cf51-abd0-491b-b701-02921bc4d108 for container move.
2023-07-25 18:54:29,295 [main] INFO  balancer.ContainerBalancerTask (ContainerBalancerTask.java:processMoveSelection(569)) - ContainerBalancer is trying to move container #50 with size 2147483648B from source datanode a9d4111a-a042-488f-9b1a-0073e814dbdd to target datanode 97c4cf51-abd0-491b-b701-02921bc4d108
2023-07-25 18:54:29,296 [main] DEBUG balancer.ContainerBalancerTask (ContainerBalancerTask.java:lambda$moveContainer$3(837)) - Container move completed for container #50 from source a9d4111a-a042-488f-9b1a-0073e814dbdd to target 97c4cf51-abd0-491b-b701-02921bc4d108
2023-07-25 18:54:29,299 [main] DEBUG balancer.ContainerBalancerTask (ContainerBalancerTask.java:matchSourceWithTarget(708)) - ContainerBalancer is finding suitable target for source datanode 91bf2ecc-d400-4053-b826-bbbd60bb1863
2023-07-25 18:54:29,299 [main] INFO  balancer.ContainerBalancerTask (ContainerBalancerTask.java:matchSourceWithTarget(722)) - ContainerBalancer matched source datanode 91bf2ecc-d400-4053-b826-bbbd60bb1863 with target datanode 97c4cf51-abd0-491b-b701-02921bc4d108 for container move.
2023-07-25 18:54:29,299 [main] INFO  balancer.ContainerBalancerTask (ContainerBalancerTask.java:processMoveSelection(569)) - ContainerBalancer is trying to move container #18 with size 3221225472B from source datanode 91bf2ecc-d400-4053-b826-bbbd60bb1863 to target datanode 97c4cf51-abd0-491b-b701-02921bc4d108
2023-07-25 18:54:29,299 [main] DEBUG balancer.ContainerBalancerTask (ContainerBalancerTask.java:lambda$moveContainer$3(837)) - Container move completed for container #18 from source 91bf2ecc-d400-4053-b826-bbbd60bb1863 to target 97c4cf51-abd0-491b-b701-02921bc4d108
2023-07-25 18:54:29,302 [main] DEBUG balancer.ContainerBalancerTask (ContainerBalancerTask.java:matchSourceWithTarget(708)) - ContainerBalancer is finding suitable target for source datanode 750dab9a-b48e-40e2-a2cf-934793d67c57
2023-07-25 18:54:29,303 [main] INFO  balancer.ContainerBalancerTask (ContainerBalancerTask.java:matchSourceWithTarget(722)) - ContainerBalancer matched source datanode 750dab9a-b48e-40e2-a2cf-934793d67c57 with target datanode 97c4cf51-abd0-491b-b701-02921bc4d108 for container move.
2023-07-25 18:54:29,303 [main] INFO  balancer.ContainerBalancerTask (ContainerBalancerTask.java:processMoveSelection(569)) - ContainerBalancer is trying to move container #26 with size 2147483648B from source datanode 750dab9a-b48e-40e2-a2cf-934793d67c57 to target datanode 97c4cf51-abd0-491b-b701-02921bc4d108
2023-07-25 18:54:29,303 [main] DEBUG balancer.ContainerBalancerTask (ContainerBalancerTask.java:lambda$moveContainer$3(837)) - Container move completed for container #26 from source 750dab9a-b48e-40e2-a2cf-934793d67c57 to target 97c4cf51-abd0-491b-b701-02921bc4d108
2023-07-25 18:54:29,306 [main] DEBUG balancer.ContainerBalancerTask (ContainerBalancerTask.java:matchSourceWithTarget(708)) - ContainerBalancer is finding suitable target for source datanode a9d4111a-a042-488f-9b1a-0073e814dbdd
2023-07-25 18:54:29,306 [main] INFO  balancer.ContainerBalancerTask (ContainerBalancerTask.java:matchSourceWithTarget(722)) - ContainerBalancer matched source datanode a9d4111a-a042-488f-9b1a-0073e814dbdd with target datanode 97c4cf51-abd0-491b-b701-02921bc4d108 for container move.
2023-07-25 18:54:29,306 [main] INFO  balancer.ContainerBalancerTask (ContainerBalancerTask.java:processMoveSelection(569)) - ContainerBalancer is trying to move container #10 with size 2147483648B from source datanode a9d4111a-a042-488f-9b1a-0073e814dbdd to target datanode 97c4cf51-abd0-491b-b701-02921bc4d108
2023-07-25 18:54:29,307 [main] DEBUG balancer.ContainerBalancerTask (ContainerBalancerTask.java:lambda$moveContainer$3(837)) - Container move completed for container #10 from source a9d4111a-a042-488f-9b1a-0073e814dbdd to target 97c4cf51-abd0-491b-b701-02921bc4d108
2023-07-25 18:54:29,310 [main] DEBUG balancer.ContainerBalancerTask (ContainerBalancerTask.java:matchSourceWithTarget(708)) - ContainerBalancer is finding suitable target for source datanode 91bf2ecc-d400-4053-b826-bbbd60bb1863
2023-07-25 18:54:29,310 [main] INFO  balancer.ContainerBalancerTask (ContainerBalancerTask.java:matchSourceWithTarget(722)) - ContainerBalancer matched source datanode 91bf2ecc-d400-4053-b826-bbbd60bb1863 with target datanode 97c4cf51-abd0-491b-b701-02921bc4d108 for container move.
2023-07-25 18:54:29,310 [main] INFO  balancer.ContainerBalancerTask (ContainerBalancerTask.java:processMoveSelection(569)) - ContainerBalancer is trying to move container #86 with size 1073741824B from source datanode 91bf2ecc-d400-4053-b826-bbbd60bb1863 to target datanode 97c4cf51-abd0-491b-b701-02921bc4d108
2023-07-25 18:54:29,311 [main] DEBUG balancer.ContainerBalancerTask (ContainerBalancerTask.java:lambda$moveContainer$3(837)) - Container move completed for container #86 from source 91bf2ecc-d400-4053-b826-bbbd60bb1863 to target 97c4cf51-abd0-491b-b701-02921bc4d108
2023-07-25 18:54:29,314 [main] DEBUG balancer.ContainerBalancerTask (ContainerBalancerTask.java:matchSourceWithTarget(708)) - ContainerBalancer is finding suitable target for source datanode 750dab9a-b48e-40e2-a2cf-934793d67c57
2023-07-25 18:54:29,314 [main] INFO  balancer.ContainerBalancerTask (ContainerBalancerTask.java:matchSourceWithTarget(722)) - ContainerBalancer matched source datanode 750dab9a-b48e-40e2-a2cf-934793d67c57 with target datanode 97c4cf51-abd0-491b-b701-02921bc4d108 for container move.
2023-07-25 18:54:29,314 [main] INFO  balancer.ContainerBalancerTask (ContainerBalancerTask.java:processMoveSelection(569)) - ContainerBalancer is trying to move container #64 with size 1073741824B from source datanode 750dab9a-b48e-40e2-a2cf-934793d67c57 to target datanode 97c4cf51-abd0-491b-b701-02921bc4d108
2023-07-25 18:54:29,314 [main] DEBUG balancer.ContainerBalancerTask (ContainerBalancerTask.java:lambda$moveContainer$3(837)) - Container move completed for container #64 from source 750dab9a-b48e-40e2-a2cf-934793d67c57 to target 97c4cf51-abd0-491b-b701-02921bc4d108
2023-07-25 18:54:29,317 [main] DEBUG balancer.ContainerBalancerTask (ContainerBalancerTask.java:matchSourceWithTarget(708)) - ContainerBalancer is finding suitable target for source datanode a9d4111a-a042-488f-9b1a-0073e814dbdd
2023-07-25 18:54:29,318 [main] INFO  balancer.ContainerBalancerTask (ContainerBalancerTask.java:matchSourceWithTarget(722)) - ContainerBalancer matched source datanode a9d4111a-a042-488f-9b1a-0073e814dbdd with target datanode 97c4cf51-abd0-491b-b701-02921bc4d108 for container move.
2023-07-25 18:54:29,318 [main] INFO  balancer.ContainerBalancerTask (ContainerBalancerTask.java:processMoveSelection(569)) - ContainerBalancer is trying to move container #54 with size 1073741824B from source datanode a9d4111a-a042-488f-9b1a-0073e814dbdd to target datanode 97c4cf51-abd0-491b-b701-02921bc4d108
2023-07-25 18:54:29,318 [main] DEBUG balancer.ContainerBalancerTask (ContainerBalancerTask.java:lambda$moveContainer$3(837)) - Container move completed for container #54 from source a9d4111a-a042-488f-9b1a-0073e814dbdd to target 97c4cf51-abd0-491b-b701-02921bc4d108
2023-07-25 18:54:29,322 [main] DEBUG balancer.ContainerBalancerTask (ContainerBalancerTask.java:matchSourceWithTarget(708)) - ContainerBalancer is finding suitable target for source datanode 91bf2ecc-d400-4053-b826-bbbd60bb1863
2023-07-25 18:54:29,322 [main] INFO  balancer.ContainerBalancerTask (ContainerBalancerTask.java:matchSourceWithTarget(722)) - ContainerBalancer matched source datanode 91bf2ecc-d400-4053-b826-bbbd60bb1863 with target datanode b5837c84-0add-4b6b-aea8-b465baa549ab for container move.
2023-07-25 18:54:29,322 [main] INFO  balancer.ContainerBalancerTask (ContainerBalancerTask.java:processMoveSelection(569)) - ContainerBalancer is trying to move container #88 with size 3221225472B from source datanode 91bf2ecc-d400-4053-b826-bbbd60bb1863 to target datanode b5837c84-0add-4b6b-aea8-b465baa549ab
2023-07-25 18:54:29,322 [main] DEBUG balancer.ContainerBalancerTask (ContainerBalancerTask.java:lambda$moveContainer$3(837)) - Container move completed for container #88 from source 91bf2ecc-d400-4053-b826-bbbd60bb1863 to target b5837c84-0add-4b6b-aea8-b465baa549ab
2023-07-25 18:54:29,326 [main] DEBUG balancer.ContainerBalancerTask (ContainerBalancerTask.java:matchSourceWithTarget(708)) - ContainerBalancer is finding suitable target for source datanode 750dab9a-b48e-40e2-a2cf-934793d67c57
2023-07-25 18:54:29,326 [main] INFO  balancer.ContainerBalancerTask (ContainerBalancerTask.java:matchSourceWithTarget(722)) - ContainerBalancer matched source datanode 750dab9a-b48e-40e2-a2cf-934793d67c57 with target datanode da4621c5-7649-48b9-aab4-75eaad864368 for container move.
2023-07-25 18:54:29,326 [main] INFO  balancer.ContainerBalancerTask (ContainerBalancerTask.java:processMoveSelection(569)) - ContainerBalancer is trying to move container #70 with size 2147483648B from source datanode 750dab9a-b48e-40e2-a2cf-934793d67c57 to target datanode da4621c5-7649-48b9-aab4-75eaad864368
2023-07-25 18:54:29,326 [main] DEBUG balancer.ContainerBalancerTask (ContainerBalancerTask.java:lambda$moveContainer$3(837)) - Container move completed for container #70 from source 750dab9a-b48e-40e2-a2cf-934793d67c57 to target da4621c5-7649-48b9-aab4-75eaad864368
2023-07-25 18:54:29,330 [main] DEBUG balancer.ContainerBalancerTask (ContainerBalancerTask.java:matchSourceWithTarget(708)) - ContainerBalancer is finding suitable target for source datanode a9d4111a-a042-488f-9b1a-0073e814dbdd
2023-07-25 18:54:29,330 [main] INFO  balancer.ContainerBalancerTask (ContainerBalancerTask.java:matchSourceWithTarget(722)) - ContainerBalancer matched source datanode a9d4111a-a042-488f-9b1a-0073e814dbdd with target datanode 97c4cf51-abd0-491b-b701-02921bc4d108 for container move.
2023-07-25 18:54:29,330 [main] INFO  balancer.ContainerBalancerTask (ContainerBalancerTask.java:processMoveSelection(569)) - ContainerBalancer is trying to move container #4 with size 1073741824B from source datanode a9d4111a-a042-488f-9b1a-0073e814dbdd to target datanode 97c4cf51-abd0-491b-b701-02921bc4d108
2023-07-25 18:54:29,330 [main] DEBUG balancer.ContainerBalancerTask (ContainerBalancerTask.java:lambda$moveContainer$3(837)) - Container move completed for container #4 from source a9d4111a-a042-488f-9b1a-0073e814dbdd to target 97c4cf51-abd0-491b-b701-02921bc4d108
2023-07-25 18:54:29,334 [main] DEBUG balancer.ContainerBalancerTask (ContainerBalancerTask.java:matchSourceWithTarget(708)) - ContainerBalancer is finding suitable target for source datanode 5e56ab67-0b25-48bd-8a4c-f954d05484fd
2023-07-25 18:54:29,334 [main] INFO  balancer.ContainerBalancerTask (ContainerBalancerTask.java:matchSourceWithTarget(722)) - ContainerBalancer matched source datanode 5e56ab67-0b25-48bd-8a4c-f954d05484fd with target datanode 97c4cf51-abd0-491b-b701-02921bc4d108 for container move.
2023-07-25 18:54:29,334 [main] INFO  balancer.ContainerBalancerTask (ContainerBalancerTask.java:processMoveSelection(569)) - ContainerBalancer is trying to move container #40 with size 5368709120B from source datanode 5e56ab67-0b25-48bd-8a4c-f954d05484fd to target datanode 97c4cf51-abd0-491b-b701-02921bc4d108
2023-07-25 18:54:29,334 [main] DEBUG balancer.ContainerBalancerTask (ContainerBalancerTask.java:lambda$moveContainer$3(837)) - Container move completed for container #40 from source 5e56ab67-0b25-48bd-8a4c-f954d05484fd to target 97c4cf51-abd0-491b-b701-02921bc4d108
2023-07-25 18:54:29,338 [main] DEBUG balancer.ContainerBalancerTask (ContainerBalancerTask.java:matchSourceWithTarget(708)) - ContainerBalancer is finding suitable target for source datanode a9d4111a-a042-488f-9b1a-0073e814dbdd
2023-07-25 18:54:29,338 [main] INFO  balancer.ContainerBalancerTask (ContainerBalancerTask.java:matchSourceWithTarget(722)) - ContainerBalancer matched source datanode a9d4111a-a042-488f-9b1a-0073e814dbdd with target datanode da4621c5-7649-48b9-aab4-75eaad864368 for container move.
2023-07-25 18:54:29,338 [main] INFO  balancer.ContainerBalancerTask (ContainerBalancerTask.java:processMoveSelection(569)) - ContainerBalancer is trying to move container #16 with size 1073741824B from source datanode a9d4111a-a042-488f-9b1a-0073e814dbdd to target datanode da4621c5-7649-48b9-aab4-75eaad864368
2023-07-25 18:54:29,338 [main] DEBUG balancer.ContainerBalancerTask (ContainerBalancerTask.java:lambda$moveContainer$3(837)) - Container move completed for container #16 from source a9d4111a-a042-488f-9b1a-0073e814dbdd to target da4621c5-7649-48b9-aab4-75eaad864368
2023-07-25 18:54:29,342 [main] DEBUG balancer.ContainerBalancerTask (ContainerBalancerTask.java:matchSourceWithTarget(701)) - ContainerBalancer could not find any candidate containers for datanode 750dab9a-b48e-40e2-a2cf-934793d67c57
2023-07-25 18:54:29,747 [main] DEBUG balancer.ContainerBalancerTask (ContainerBalancerTask.java:matchSourceWithTarget(701)) - ContainerBalancer could not find any candidate containers for datanode a9d4111a-a042-488f-9b1a-0073e814dbdd
2023-07-25 18:54:29,756 [main] DEBUG balancer.ContainerBalancerTask (ContainerBalancerTask.java:matchSourceWithTarget(708)) - ContainerBalancer is finding suitable target for source datanode 91bf2ecc-d400-4053-b826-bbbd60bb1863
2023-07-25 18:54:29,756 [main] INFO  balancer.ContainerBalancerTask (ContainerBalancerTask.java:matchSourceWithTarget(722)) - ContainerBalancer matched source datanode 91bf2ecc-d400-4053-b826-bbbd60bb1863 with target datanode da4621c5-7649-48b9-aab4-75eaad864368 for container move.
2023-07-25 18:54:29,756 [main] INFO  balancer.ContainerBalancerTask (ContainerBalancerTask.java:processMoveSelection(569)) - ContainerBalancer is trying to move container #82 with size 2147483648B from source datanode 91bf2ecc-d400-4053-b826-bbbd60bb1863 to target datanode da4621c5-7649-48b9-aab4-75eaad864368
2023-07-25 18:54:29,756 [main] DEBUG balancer.ContainerBalancerTask (ContainerBalancerTask.java:lambda$moveContainer$3(837)) - Container move completed for container #82 from source 91bf2ecc-d400-4053-b826-bbbd60bb1863 to target da4621c5-7649-48b9-aab4-75eaad864368
2023-07-25 18:54:29,761 [main] DEBUG balancer.ContainerBalancerTask (ContainerBalancerTask.java:matchSourceWithTarget(701)) - ContainerBalancer could not find any candidate containers for datanode 91bf2ecc-d400-4053-b826-bbbd60bb1863
2023-07-25 18:54:29,762 [main] DEBUG balancer.ContainerBalancerTask (ContainerBalancerTask.java:matchSourceWithTarget(708)) - ContainerBalancer is finding suitable target for source datanode 5e56ab67-0b25-48bd-8a4c-f954d05484fd
2023-07-25 18:54:29,763 [main] INFO  balancer.ContainerBalancerTask (ContainerBalancerTask.java:matchSourceWithTarget(722)) - ContainerBalancer matched source datanode 5e56ab67-0b25-48bd-8a4c-f954d05484fd with target datanode 97c4cf51-abd0-491b-b701-02921bc4d108 for container move.
2023-07-25 18:54:29,763 [main] INFO  balancer.ContainerBalancerTask (ContainerBalancerTask.java:processMoveSelection(569)) - ContainerBalancer is trying to move container #38 with size 3221225472B from source datanode 5e56ab67-0b25-48bd-8a4c-f954d05484fd to target datanode 97c4cf51-abd0-491b-b701-02921bc4d108
2023-07-25 18:54:29,763 [main] DEBUG balancer.ContainerBalancerTask (ContainerBalancerTask.java:lambda$moveContainer$3(837)) - Container move completed for container #38 from source 5e56ab67-0b25-48bd-8a4c-f954d05484fd to target 97c4cf51-abd0-491b-b701-02921bc4d108
2023-07-25 18:54:29,765 [main] DEBUG balancer.ContainerBalancerTask (ContainerBalancerTask.java:matchSourceWithTarget(708)) - ContainerBalancer is finding suitable target for source datanode 5e56ab67-0b25-48bd-8a4c-f954d05484fd
2023-07-25 18:54:29,765 [main] INFO  balancer.ContainerBalancerTask (ContainerBalancerTask.java:matchSourceWithTarget(722)) - ContainerBalancer matched source datanode 5e56ab67-0b25-48bd-8a4c-f954d05484fd with target datanode 97c4cf51-abd0-491b-b701-02921bc4d108 for container move.
2023-07-25 18:54:29,765 [main] INFO  balancer.ContainerBalancerTask (ContainerBalancerTask.java:processMoveSelection(569)) - ContainerBalancer is trying to move container #36 with size 1073741824B from source datanode 5e56ab67-0b25-48bd-8a4c-f954d05484fd to target datanode 97c4cf51-abd0-491b-b701-02921bc4d108
2023-07-25 18:54:29,765 [main] DEBUG balancer.ContainerBalancerTask (ContainerBalancerTask.java:lambda$moveContainer$3(837)) - Container move completed for container #36 from source 5e56ab67-0b25-48bd-8a4c-f954d05484fd to target 97c4cf51-abd0-491b-b701-02921bc4d108
2023-07-25 18:54:29,765 [main] WARN  balancer.ContainerBalancerTask (ContainerBalancerTask.java:reachedMaxSizeToMovePerIteration(733)) - Reached max size to move limit. 53687091200 bytes have already been scheduled for balancing and the limit is 53687091200 bytes.
2023-07-25 18:54:29,766 [main] INFO  balancer.ContainerBalancerTask (ContainerBalancerTask.java:checkIterationMoveResults(642)) - Iteration Summary. Number of Datanodes involved: 7. Size moved: 50 GB (53687091200 Bytes). Number of Container moves completed: 20.
2023-07-25 18:54:29,766 [main] INFO  balancer.ContainerBalancerTask (ContainerBalancerTask.java:balance(259)) - Result of this iteration of Container Balancer: ITERATION_COMPLETED
2023-07-25 18:54:29,766 [main] INFO  balancer.ContainerBalancerTask (ContainerBalancerTask.java:tryStopWithSaveConfiguration(308)) - Save Configuration for stopping. Reason: Completed all iterations.
2023-07-25 18:54:29,767 [main] DEBUG balancer.ContainerBalancerTask (ContainerBalancerTask.java:initializeIteration(374)) - Average utilization of the cluster is 0.32768414191322315
2023-07-25 18:54:29,767 [main] DEBUG balancer.ContainerBalancerTask (ContainerBalancerTask.java:initializeIteration(386)) - Lower limit for utilization is 0.22768414191322314 and Upper limit for utilization is 0.4276841419132231
2023-07-25 18:54:29,767 [main] DEBUG balancer.ContainerBalancerTask (ContainerBalancerTask.java:initializeIteration(398)) - Utilization for node 91bf2ecc-d400-4053-b826-bbbd60bb1863 with capacity 63231462968B, used 56908316672B, and remaining 6323146296B is 0.9000000000126519
2023-07-25 18:54:29,768 [main] DEBUG balancer.ContainerBalancerTask (ContainerBalancerTask.java:initializeIteration(398)) - Utilization for node 750dab9a-b48e-40e2-a2cf-934793d67c57 with capacity 67108864000B, used 53687091200B, and remaining 13421772800B is 0.8
2023-07-25 18:54:29,768 [main] DEBUG balancer.ContainerBalancerTask (ContainerBalancerTask.java:initializeIteration(398)) - Utilization for node a9d4111a-a042-488f-9b1a-0073e814dbdd with capacity 64424509440B, used 45097156608B, and remaining 19327352832B is 0.7
2023-07-25 18:54:29,768 [main] DEBUG balancer.ContainerBalancerTask (ContainerBalancerTask.java:initializeIteration(398)) - Utilization for node 5e56ab67-0b25-48bd-8a4c-f954d05484fd with capacity 93057624746B, used 55834574848B, and remaining 37223049898B is 0.6000000000042984
2023-07-25 18:54:29,768 [main] DEBUG balancer.ContainerBalancerTask (ContainerBalancerTask.java:initializeIteration(398)) - Utilization for node 9cb4e2de-8ccf-4298-8096-9229c13474f0 with capacity 83751862272B, used 41875931136B, and remaining 41875931136B is 0.5
2023-07-25 18:54:29,768 [main] DEBUG balancer.ContainerBalancerTask (ContainerBalancerTask.java:initializeIteration(398)) - Utilization for node 40bc9234-1d4b-42f4-a6a8-54b2cbb57e71 with capacity 110058536960B, used 44023414784B, and remaining 66035122176B is 0.4
2023-07-25 18:54:29,768 [main] DEBUG balancer.ContainerBalancerTask (ContainerBalancerTask.java:initializeIteration(398)) - Utilization for node 64c5241e-0e97-4a64-9804-0c662d5526ac with capacity 157482134186B, used 47244640256B, and remaining 110237493930B is 0.30000000000127
2023-07-25 18:54:29,768 [main] DEBUG balancer.ContainerBalancerTask (ContainerBalancerTask.java:initializeIteration(398)) - Utilization for node da4621c5-7649-48b9-aab4-75eaad864368 with capacity 161061273600B, used 32212254720B, and remaining 128849018880B is 0.2
2023-07-25 18:54:29,768 [main] DEBUG balancer.ContainerBalancerTask (ContainerBalancerTask.java:initializeIteration(398)) - Utilization for node 97c4cf51-abd0-491b-b701-02921bc4d108 with capacity 429496729600B, used 42949672960B, and remaining 386547056640B is 0.1
2023-07-25 18:54:29,768 [main] DEBUG balancer.ContainerBalancerTask (ContainerBalancerTask.java:initializeIteration(398)) - Utilization for node b5837c84-0add-4b6b-aea8-b465baa549ab with capacity 51539607552B, used 0B, and remaining 51539607552B is 0.0
2023-07-25 18:54:29,768 [main] INFO  balancer.ContainerBalancerTask (ContainerBalancerTask.java:initializeIteration(447)) - Container Balancer has identified 5 Over-Utilized and 3 Under-Utilized Datanodes that need to be balanced.
2023-07-25 18:54:29,769 [main] DEBUG balancer.ContainerBalancerTask (ContainerBalancerTask.java:lambda$initializeIteration$1(453)) - Datanode localhost-77.10.23.47 91bf2ecc-d400-4053-b826-bbbd60bb1863 is Over-Utilized.
2023-07-25 18:54:29,769 [main] DEBUG balancer.ContainerBalancerTask (ContainerBalancerTask.java:lambda$initializeIteration$1(453)) - Datanode localhost-151.167.110.201 750dab9a-b48e-40e2-a2cf-934793d67c57 is Over-Utilized.
2023-07-25 18:54:29,769 [main] DEBUG balancer.ContainerBalancerTask (ContainerBalancerTask.java:lambda$initializeIteration$1(453)) - Datanode localhost-198.205.21.138 a9d4111a-a042-488f-9b1a-0073e814dbdd is Over-Utilized.
2023-07-25 18:54:29,769 [main] DEBUG balancer.ContainerBalancerTask (ContainerBalancerTask.java:lambda$initializeIteration$1(453)) - Datanode localhost-154.87.186.109 5e56ab67-0b25-48bd-8a4c-f954d05484fd is Over-Utilized.
2023-07-25 18:54:29,769 [main] DEBUG balancer.ContainerBalancerTask (ContainerBalancerTask.java:lambda$initializeIteration$1(453)) - Datanode localhost-191.165.100.226 9cb4e2de-8ccf-4298-8096-9229c13474f0 is Over-Utilized.
2023-07-25 18:54:29,769 [main] DEBUG balancer.ContainerBalancerTask (ContainerBalancerTask.java:lambda$initializeIteration$2(459)) - Datanode localhost-159.108.107.105 b5837c84-0add-4b6b-aea8-b465baa549ab is Under-Utilized.
2023-07-25 18:54:29,769 [main] DEBUG balancer.ContainerBalancerTask (ContainerBalancerTask.java:lambda$initializeIteration$2(459)) - Datanode localhost-28.242.245.88 97c4cf51-abd0-491b-b701-02921bc4d108 is Under-Utilized.
2023-07-25 18:54:29,769 [main] DEBUG balancer.ContainerBalancerTask (ContainerBalancerTask.java:lambda$initializeIteration$2(459)) - Datanode localhost-9.174.77.4 da4621c5-7649-48b9-aab4-75eaad864368 is Under-Utilized.
2023-07-25 18:54:29,772 [main] DEBUG balancer.ContainerBalancerTask (ContainerBalancerTask.java:matchSourceWithTarget(708)) - ContainerBalancer is finding suitable target for source datanode 91bf2ecc-d400-4053-b826-bbbd60bb1863
2023-07-25 18:54:29,773 [main] INFO  balancer.ContainerBalancerTask (ContainerBalancerTask.java:matchSourceWithTarget(722)) - ContainerBalancer matched source datanode 91bf2ecc-d400-4053-b826-bbbd60bb1863 with target datanode b5837c84-0add-4b6b-aea8-b465baa549ab for container move.
2023-07-25 18:54:29,773 [main] INFO  balancer.ContainerBalancerTask (ContainerBalancerTask.java:processMoveSelection(569)) - ContainerBalancer is trying to move container #85 with size 5368709120B from source datanode 91bf2ecc-d400-4053-b826-bbbd60bb1863 to target datanode b5837c84-0add-4b6b-aea8-b465baa549ab
2023-07-25 18:54:29,773 [main] DEBUG balancer.ContainerBalancerTask (ContainerBalancerTask.java:lambda$moveContainer$3(837)) - Container move completed for container #85 from source 91bf2ecc-d400-4053-b826-bbbd60bb1863 to target b5837c84-0add-4b6b-aea8-b465baa549ab
2023-07-25 18:54:29,776 [main] DEBUG balancer.ContainerBalancerTask (ContainerBalancerTask.java:matchSourceWithTarget(708)) - ContainerBalancer is finding suitable target for source datanode 91bf2ecc-d400-4053-b826-bbbd60bb1863
2023-07-25 18:54:29,776 [main] INFO  balancer.ContainerBalancerTask (ContainerBalancerTask.java:matchSourceWithTarget(722)) - ContainerBalancer matched source datanode 91bf2ecc-d400-4053-b826-bbbd60bb1863 with target datanode 97c4cf51-abd0-491b-b701-02921bc4d108 for container move.
2023-07-25 18:54:29,777 [main] INFO  balancer.ContainerBalancerTask (ContainerBalancerTask.java:processMoveSelection(569)) - ContainerBalancer is trying to move container #53 with size 5368709120B from source datanode 91bf2ecc-d400-4053-b826-bbbd60bb1863 to target datanode 97c4cf51-abd0-491b-b701-02921bc4d108
2023-07-25 18:54:29,777 [main] DEBUG balancer.ContainerBalancerTask (ContainerBalancerTask.java:lambda$moveContainer$3(837)) - Container move completed for container #53 from source 91bf2ecc-d400-4053-b826-bbbd60bb1863 to target 97c4cf51-abd0-491b-b701-02921bc4d108
2023-07-25 18:54:29,780 [main] DEBUG balancer.ContainerBalancerTask (ContainerBalancerTask.java:matchSourceWithTarget(708)) - ContainerBalancer is finding suitable target for source datanode 750dab9a-b48e-40e2-a2cf-934793d67c57
2023-07-25 18:54:29,780 [main] INFO  balancer.ContainerBalancerTask (ContainerBalancerTask.java:matchSourceWithTarget(722)) - ContainerBalancer matched source datanode 750dab9a-b48e-40e2-a2cf-934793d67c57 with target datanode b5837c84-0add-4b6b-aea8-b465baa549ab for container move.
2023-07-25 18:54:29,780 [main] INFO  balancer.ContainerBalancerTask (ContainerBalancerTask.java:processMoveSelection(569)) - ContainerBalancer is trying to move container #68 with size 5368709120B from source datanode 750dab9a-b48e-40e2-a2cf-934793d67c57 to target datanode b5837c84-0add-4b6b-aea8-b465baa549ab
2023-07-25 18:54:29,780 [main] DEBUG balancer.ContainerBalancerTask (ContainerBalancerTask.java:lambda$moveContainer$3(837)) - Container move completed for container #68 from source 750dab9a-b48e-40e2-a2cf-934793d67c57 to target b5837c84-0add-4b6b-aea8-b465baa549ab
2023-07-25 18:54:29,783 [main] DEBUG balancer.ContainerBalancerTask (ContainerBalancerTask.java:matchSourceWithTarget(708)) - ContainerBalancer is finding suitable target for source datanode 91bf2ecc-d400-4053-b826-bbbd60bb1863
2023-07-25 18:54:29,783 [main] INFO  balancer.ContainerBalancerTask (ContainerBalancerTask.java:matchSourceWithTarget(722)) - ContainerBalancer matched source datanode 91bf2ecc-d400-4053-b826-bbbd60bb1863 with target datanode 97c4cf51-abd0-491b-b701-02921bc4d108 for container move.
2023-07-25 18:54:29,784 [main] INFO  balancer.ContainerBalancerTask (ContainerBalancerTask.java:processMoveSelection(569)) - ContainerBalancer is trying to move container #89 with size 4294967296B from source datanode 91bf2ecc-d400-4053-b826-bbbd60bb1863 to target datanode 97c4cf51-abd0-491b-b701-02921bc4d108
2023-07-25 18:54:29,784 [main] DEBUG balancer.ContainerBalancerTask (ContainerBalancerTask.java:lambda$moveContainer$3(837)) - Container move completed for container #89 from source 91bf2ecc-d400-4053-b826-bbbd60bb1863 to target 97c4cf51-abd0-491b-b701-02921bc4d108
2023-07-25 18:54:29,787 [main] DEBUG balancer.ContainerBalancerTask (ContainerBalancerTask.java:matchSourceWithTarget(708)) - ContainerBalancer is finding suitable target for source datanode 750dab9a-b48e-40e2-a2cf-934793d67c57
2023-07-25 18:54:29,787 [main] INFO  balancer.ContainerBalancerTask (ContainerBalancerTask.java:matchSourceWithTarget(722)) - ContainerBalancer matched source datanode 750dab9a-b48e-40e2-a2cf-934793d67c57 with target datanode 97c4cf51-abd0-491b-b701-02921bc4d108 for container move.
2023-07-25 18:54:29,787 [main] INFO  balancer.ContainerBalancerTask (ContainerBalancerTask.java:processMoveSelection(569)) - ContainerBalancer is trying to move container #19 with size 4294967296B from source datanode 750dab9a-b48e-40e2-a2cf-934793d67c57 to target datanode 97c4cf51-abd0-491b-b701-02921bc4d108
2023-07-25 18:54:29,787 [main] DEBUG balancer.ContainerBalancerTask (ContainerBalancerTask.java:lambda$moveContainer$3(837)) - Container move completed for container #19 from source 750dab9a-b48e-40e2-a2cf-934793d67c57 to target 97c4cf51-abd0-491b-b701-02921bc4d108
2023-07-25 18:54:29,790 [main] DEBUG balancer.ContainerBalancerTask (ContainerBalancerTask.java:matchSourceWithTarget(708)) - ContainerBalancer is finding suitable target for source datanode a9d4111a-a042-488f-9b1a-0073e814dbdd
2023-07-25 18:54:29,790 [main] INFO  balancer.ContainerBalancerTask (ContainerBalancerTask.java:matchSourceWithTarget(722)) - ContainerBalancer matched source datanode a9d4111a-a042-488f-9b1a-0073e814dbdd with target datanode 97c4cf51-abd0-491b-b701-02921bc4d108 for container move.
2023-07-25 18:54:29,790 [main] INFO  balancer.ContainerBalancerTask (ContainerBalancerTask.java:processMoveSelection(569)) - ContainerBalancer is trying to move container #52 with size 4294967296B from source datanode a9d4111a-a042-488f-9b1a-0073e814dbdd to target datanode 97c4cf51-abd0-491b-b701-02921bc4d108
2023-07-25 18:54:29,791 [main] DEBUG balancer.ContainerBalancerTask (ContainerBalancerTask.java:lambda$moveContainer$3(837)) - Container move completed for container #52 from source a9d4111a-a042-488f-9b1a-0073e814dbdd to target 97c4cf51-abd0-491b-b701-02921bc4d108
2023-07-25 18:54:29,795 [main] DEBUG balancer.ContainerBalancerTask (ContainerBalancerTask.java:matchSourceWithTarget(708)) - ContainerBalancer is finding suitable target for source datanode 91bf2ecc-d400-4053-b826-bbbd60bb1863
2023-07-25 18:54:29,796 [main] INFO  balancer.ContainerBalancerTask (ContainerBalancerTask.java:matchSourceWithTarget(722)) - ContainerBalancer matched source datanode 91bf2ecc-d400-4053-b826-bbbd60bb1863 with target datanode 97c4cf51-abd0-491b-b701-02921bc4d108 for container move.
2023-07-25 18:54:29,796 [main] INFO  balancer.ContainerBalancerTask (ContainerBalancerTask.java:processMoveSelection(569)) - ContainerBalancer is trying to move container #84 with size 4294967296B from source datanode 91bf2ecc-d400-4053-b826-bbbd60bb1863 to target datanode 97c4cf51-abd0-491b-b701-02921bc4d108
2023-07-25 18:54:29,796 [main] DEBUG balancer.ContainerBalancerTask (ContainerBalancerTask.java:lambda$moveContainer$3(837)) - Container move completed for container #84 from source 91bf2ecc-d400-4053-b826-bbbd60bb1863 to target 97c4cf51-abd0-491b-b701-02921bc4d108
2023-07-25 18:54:29,799 [main] DEBUG balancer.ContainerBalancerTask (ContainerBalancerTask.java:matchSourceWithTarget(708)) - ContainerBalancer is finding suitable target for source datanode 750dab9a-b48e-40e2-a2cf-934793d67c57
2023-07-25 18:54:29,799 [main] INFO  balancer.ContainerBalancerTask (ContainerBalancerTask.java:matchSourceWithTarget(722)) - ContainerBalancer matched source datanode 750dab9a-b48e-40e2-a2cf-934793d67c57 with target datanode 97c4cf51-abd0-491b-b701-02921bc4d108 for container move.
2023-07-25 18:54:29,799 [main] INFO  balancer.ContainerBalancerTask (ContainerBalancerTask.java:processMoveSelection(569)) - ContainerBalancer is trying to move container #66 with size 3221225472B from source datanode 750dab9a-b48e-40e2-a2cf-934793d67c57 to target datanode 97c4cf51-abd0-491b-b701-02921bc4d108
2023-07-25 18:54:29,799 [main] DEBUG balancer.ContainerBalancerTask (ContainerBalancerTask.java:lambda$moveContainer$3(837)) - Container move completed for container #66 from source 750dab9a-b48e-40e2-a2cf-934793d67c57 to target 97c4cf51-abd0-491b-b701-02921bc4d108
2023-07-25 18:54:29,802 [main] DEBUG balancer.ContainerBalancerTask (ContainerBalancerTask.java:matchSourceWithTarget(708)) - ContainerBalancer is finding suitable target for source datanode a9d4111a-a042-488f-9b1a-0073e814dbdd
2023-07-25 18:54:29,802 [main] INFO  balancer.ContainerBalancerTask (ContainerBalancerTask.java:matchSourceWithTarget(722)) - ContainerBalancer matched source datanode a9d4111a-a042-488f-9b1a-0073e814dbdd with target datanode 97c4cf51-abd0-491b-b701-02921bc4d108 for container move.
2023-07-25 18:54:29,803 [main] INFO  balancer.ContainerBalancerTask (ContainerBalancerTask.java:processMoveSelection(569)) - ContainerBalancer is trying to move container #39 with size 4294967296B from source datanode a9d4111a-a042-488f-9b1a-0073e814dbdd to target datanode 97c4cf51-abd0-491b-b701-02921bc4d108
2023-07-25 18:54:29,803 [main] DEBUG balancer.ContainerBalancerTask (ContainerBalancerTask.java:lambda$moveContainer$3(837)) - Container move completed for container #39 from source a9d4111a-a042-488f-9b1a-0073e814dbdd to target 97c4cf51-abd0-491b-b701-02921bc4d108
2023-07-25 18:54:29,806 [main] DEBUG balancer.ContainerBalancerTask (ContainerBalancerTask.java:matchSourceWithTarget(708)) - ContainerBalancer is finding suitable target for source datanode 750dab9a-b48e-40e2-a2cf-934793d67c57
2023-07-25 18:54:29,806 [main] INFO  balancer.ContainerBalancerTask (ContainerBalancerTask.java:matchSourceWithTarget(722)) - ContainerBalancer matched source datanode 750dab9a-b48e-40e2-a2cf-934793d67c57 with target datanode 97c4cf51-abd0-491b-b701-02921bc4d108 for container move.
2023-07-25 18:54:29,806 [main] INFO  balancer.ContainerBalancerTask (ContainerBalancerTask.java:processMoveSelection(569)) - ContainerBalancer is trying to move container #27 with size 3221225472B from source datanode 750dab9a-b48e-40e2-a2cf-934793d67c57 to target datanode 97c4cf51-abd0-491b-b701-02921bc4d108
2023-07-25 18:54:29,806 [main] DEBUG balancer.ContainerBalancerTask (ContainerBalancerTask.java:lambda$moveContainer$3(837)) - Container move completed for container #27 from source 750dab9a-b48e-40e2-a2cf-934793d67c57 to target 97c4cf51-abd0-491b-b701-02921bc4d108
2023-07-25 18:54:29,809 [main] DEBUG balancer.ContainerBalancerTask (ContainerBalancerTask.java:matchSourceWithTarget(708)) - ContainerBalancer is finding suitable target for source datanode 5e56ab67-0b25-48bd-8a4c-f954d05484fd
2023-07-25 18:54:29,810 [main] INFO  balancer.ContainerBalancerTask (ContainerBalancerTask.java:matchSourceWithTarget(722)) - ContainerBalancer matched source datanode 5e56ab67-0b25-48bd-8a4c-f954d05484fd with target datanode 97c4cf51-abd0-491b-b701-02921bc4d108 for container move.
2023-07-25 18:54:29,810 [main] INFO  balancer.ContainerBalancerTask (ContainerBalancerTask.java:processMoveSelection(569)) - ContainerBalancer is trying to move container #40 with size 5368709120B from source datanode 5e56ab67-0b25-48bd-8a4c-f954d05484fd to target datanode 97c4cf51-abd0-491b-b701-02921bc4d108
2023-07-25 18:54:29,810 [main] DEBUG balancer.ContainerBalancerTask (ContainerBalancerTask.java:lambda$moveContainer$3(837)) - Container move completed for container #40 from source 5e56ab67-0b25-48bd-8a4c-f954d05484fd to target 97c4cf51-abd0-491b-b701-02921bc4d108
2023-07-25 18:54:29,814 [main] DEBUG balancer.ContainerBalancerTask (ContainerBalancerTask.java:matchSourceWithTarget(708)) - ContainerBalancer is finding suitable target for source datanode 91bf2ecc-d400-4053-b826-bbbd60bb1863
2023-07-25 18:54:29,814 [main] INFO  balancer.ContainerBalancerTask (ContainerBalancerTask.java:matchSourceWithTarget(722)) - ContainerBalancer matched source datanode 91bf2ecc-d400-4053-b826-bbbd60bb1863 with target datanode 97c4cf51-abd0-491b-b701-02921bc4d108 for container move.
2023-07-25 18:54:29,814 [main] INFO  balancer.ContainerBalancerTask (ContainerBalancerTask.java:processMoveSelection(569)) - ContainerBalancer is trying to move container #28 with size 4294967296B from source datanode 91bf2ecc-d400-4053-b826-bbbd60bb1863 to target datanode 97c4cf51-abd0-491b-b701-02921bc4d108
2023-07-25 18:54:29,814 [main] DEBUG balancer.ContainerBalancerTask (ContainerBalancerTask.java:lambda$moveContainer$3(837)) - Container move completed for container #28 from source 91bf2ecc-d400-4053-b826-bbbd60bb1863 to target 97c4cf51-abd0-491b-b701-02921bc4d108
2023-07-25 18:54:29,814 [main] WARN  balancer.ContainerBalancerTask (ContainerBalancerTask.java:reachedMaxSizeToMovePerIteration(733)) - Reached max size to move limit. 53687091200 bytes have already been scheduled for balancing and the limit is 53687091200 bytes.
2023-07-25 18:54:29,814 [main] INFO  balancer.ContainerBalancerTask (ContainerBalancerTask.java:checkIterationMoveResults(642)) - Iteration Summary. Number of Datanodes involved: 6. Size moved: 50 GB (53687091200 Bytes). Number of Container moves completed: 12.
2023-07-25 18:54:29,814 [main] INFO  balancer.ContainerBalancerTask (ContainerBalancerTask.java:balance(259)) - Result of this iteration of Container Balancer: ITERATION_COMPLETED
2023-07-25 18:54:29,815 [main] INFO  balancer.ContainerBalancerTask (ContainerBalancerTask.java:tryStopWithSaveConfiguration(308)) - Save Configuration for stopping. Reason: Completed all iterations.
]]></system-out>
  </testcase>
  <testcase name="containerBalancerShouldSelectOnlyClosedContainers" classname="org.apache.hadoop.hdds.scm.container.balancer.TestContainerBalancerTask" time="0.089">
    <system-out><![CDATA[2023-07-25 18:54:29,842 [main] INFO  net.NodeSchemaLoader (NodeSchemaLoader.java:loadSchemaFromFile(129)) - Loading schema from [file:/home/runner/work/ozone/ozone/hadoop-hdds/common/target/classes/network-topology-default.xml]
2023-07-25 18:54:29,842 [main] INFO  net.NodeSchemaLoader (NodeSchemaLoader.java:loadSchema(176)) - Loading network topology layer schema file
2023-07-25 18:54:29,844 [main] INFO  net.NetworkTopologyImpl (NetworkTopologyImpl.java:add(112)) - Added a new node: /default-rack/80b71d45-ffa8-4055-a2de-ea34911be5ae
2023-07-25 18:54:29,844 [main] INFO  net.NetworkTopologyImpl (NetworkTopologyImpl.java:add(112)) - Added a new node: /default-rack/e81c14bf-63cc-44ce-a0e8-d9bb861f2bdc
2023-07-25 18:54:29,844 [main] INFO  net.NetworkTopologyImpl (NetworkTopologyImpl.java:add(112)) - Added a new node: /default-rack/91308d0d-9a45-4f84-bb51-1b74e70039db
2023-07-25 18:54:29,844 [main] INFO  net.NetworkTopologyImpl (NetworkTopologyImpl.java:add(112)) - Added a new node: /default-rack/fc0d41e0-d822-40ae-b038-592ba0f72c66
2023-07-25 18:54:29,844 [main] INFO  net.NetworkTopologyImpl (NetworkTopologyImpl.java:add(112)) - Added a new node: /default-rack/46efa039-20a0-49f8-9cdc-96a6bce557c2
2023-07-25 18:54:29,844 [main] INFO  net.NetworkTopologyImpl (NetworkTopologyImpl.java:add(112)) - Added a new node: /default-rack/e70dfa83-1531-4951-9a85-12b722410719
2023-07-25 18:54:29,845 [main] INFO  net.NetworkTopologyImpl (NetworkTopologyImpl.java:add(112)) - Added a new node: /default-rack/8c2d50ed-b2f3-48dc-90fe-c4b5f80bde35
2023-07-25 18:54:29,845 [main] INFO  net.NetworkTopologyImpl (NetworkTopologyImpl.java:add(112)) - Added a new node: /default-rack/7e508ed9-79a2-489b-9b4d-1ba9c012af0c
2023-07-25 18:54:29,845 [main] INFO  net.NetworkTopologyImpl (NetworkTopologyImpl.java:add(112)) - Added a new node: /default-rack/e355b584-e6f6-439a-b248-deb0468b91f5
2023-07-25 18:54:29,845 [main] INFO  net.NetworkTopologyImpl (NetworkTopologyImpl.java:add(112)) - Added a new node: /default-rack/3045f8bb-81fe-4d19-a8ce-7a8dde35ce81
2023-07-25 18:54:29,845 [main] INFO  algorithms.ContainerPlacementPolicyFactory (ContainerPlacementPolicyFactory.java:getPolicyInternal(86)) - Create container placement policy of type org.apache.hadoop.hdds.scm.container.placement.algorithms.SCMContainerPlacementRackAware
2023-07-25 18:54:29,845 [main] INFO  algorithms.ContainerPlacementPolicyFactory (ContainerPlacementPolicyFactory.java:getPolicyInternal(86)) - Create container placement policy of type org.apache.hadoop.hdds.scm.container.placement.algorithms.SCMContainerPlacementRackScatter
2023-07-25 18:54:29,848 [main] DEBUG balancer.ContainerBalancerTask (ContainerBalancerTask.java:initializeIteration(374)) - Average utilization of the cluster is 0.3550282866283536
2023-07-25 18:54:29,848 [main] DEBUG balancer.ContainerBalancerTask (ContainerBalancerTask.java:initializeIteration(386)) - Lower limit for utilization is 0.25502828662835364 and Upper limit for utilization is 0.4550282866283536
2023-07-25 18:54:29,848 [main] DEBUG balancer.ContainerBalancerTask (ContainerBalancerTask.java:initializeIteration(398)) - Utilization for node e355b584-e6f6-439a-b248-deb0468b91f5 with capacity 65617555911B, used 59055800320B, and remaining 6561755591B is 0.900000000001524
2023-07-25 18:54:29,848 [main] DEBUG balancer.ContainerBalancerTask (ContainerBalancerTask.java:initializeIteration(398)) - Utilization for node 46efa039-20a0-49f8-9cdc-96a6bce557c2 with capacity 56371445760B, used 45097156608B, and remaining 11274289152B is 0.8
2023-07-25 18:54:29,848 [main] DEBUG balancer.ContainerBalancerTask (ContainerBalancerTask.java:initializeIteration(398)) - Utilization for node fc0d41e0-d822-40ae-b038-592ba0f72c66 with capacity 50619257417B, used 35433480192B, and remaining 15185777225B is 0.7000000000019755
2023-07-25 18:54:29,849 [main] DEBUG balancer.ContainerBalancerTask (ContainerBalancerTask.java:initializeIteration(398)) - Utilization for node 3045f8bb-81fe-4d19-a8ce-7a8dde35ce81 with capacity 107374182400B, used 64424509440B, and remaining 42949672960B is 0.6
2023-07-25 18:54:29,849 [main] DEBUG balancer.ContainerBalancerTask (ContainerBalancerTask.java:initializeIteration(398)) - Utilization for node 7e508ed9-79a2-489b-9b4d-1ba9c012af0c with capacity 98784247808B, used 49392123904B, and remaining 49392123904B is 0.5
2023-07-25 18:54:29,849 [main] DEBUG balancer.ContainerBalancerTask (ContainerBalancerTask.java:initializeIteration(398)) - Utilization for node e81c14bf-63cc-44ce-a0e8-d9bb861f2bdc with capacity 139586437120B, used 55834574848B, and remaining 83751862272B is 0.4
2023-07-25 18:54:29,849 [main] DEBUG balancer.ContainerBalancerTask (ContainerBalancerTask.java:initializeIteration(398)) - Utilization for node 8c2d50ed-b2f3-48dc-90fe-c4b5f80bde35 with capacity 93057624746B, used 27917287424B, and remaining 65140337322B is 0.3000000000021492
2023-07-25 18:54:29,849 [main] DEBUG balancer.ContainerBalancerTask (ContainerBalancerTask.java:initializeIteration(398)) - Utilization for node 91308d0d-9a45-4f84-bb51-1b74e70039db with capacity 220117073920B, used 44023414784B, and remaining 176093659136B is 0.2
2023-07-25 18:54:29,849 [main] DEBUG balancer.ContainerBalancerTask (ContainerBalancerTask.java:initializeIteration(398)) - Utilization for node 80b71d45-ffa8-4055-a2de-ea34911be5ae with capacity 322122547200B, used 32212254720B, and remaining 289910292480B is 0.1
2023-07-25 18:54:29,849 [main] DEBUG balancer.ContainerBalancerTask (ContainerBalancerTask.java:initializeIteration(398)) - Utilization for node e70dfa83-1531-4951-9a85-12b722410719 with capacity 10737418240B, used 0B, and remaining 10737418240B is 0.0
2023-07-25 18:54:29,849 [main] INFO  balancer.ContainerBalancerTask (ContainerBalancerTask.java:initializeIteration(447)) - Container Balancer has identified 5 Over-Utilized and 3 Under-Utilized Datanodes that need to be balanced.
2023-07-25 18:54:29,849 [main] DEBUG balancer.ContainerBalancerTask (ContainerBalancerTask.java:lambda$initializeIteration$1(453)) - Datanode localhost-146.136.101.253 e355b584-e6f6-439a-b248-deb0468b91f5 is Over-Utilized.
2023-07-25 18:54:29,850 [main] DEBUG balancer.ContainerBalancerTask (ContainerBalancerTask.java:lambda$initializeIteration$1(453)) - Datanode localhost-121.41.243.93 46efa039-20a0-49f8-9cdc-96a6bce557c2 is Over-Utilized.
2023-07-25 18:54:29,850 [main] DEBUG balancer.ContainerBalancerTask (ContainerBalancerTask.java:lambda$initializeIteration$1(453)) - Datanode localhost-24.241.126.146 fc0d41e0-d822-40ae-b038-592ba0f72c66 is Over-Utilized.
2023-07-25 18:54:29,850 [main] DEBUG balancer.ContainerBalancerTask (ContainerBalancerTask.java:lambda$initializeIteration$1(453)) - Datanode localhost-223.130.67.205 3045f8bb-81fe-4d19-a8ce-7a8dde35ce81 is Over-Utilized.
2023-07-25 18:54:29,850 [main] DEBUG balancer.ContainerBalancerTask (ContainerBalancerTask.java:lambda$initializeIteration$1(453)) - Datanode localhost-50.64.141.246 7e508ed9-79a2-489b-9b4d-1ba9c012af0c is Over-Utilized.
2023-07-25 18:54:29,850 [main] DEBUG balancer.ContainerBalancerTask (ContainerBalancerTask.java:lambda$initializeIteration$2(459)) - Datanode localhost-169.115.153.63 e70dfa83-1531-4951-9a85-12b722410719 is Under-Utilized.
2023-07-25 18:54:29,850 [main] DEBUG balancer.ContainerBalancerTask (ContainerBalancerTask.java:lambda$initializeIteration$2(459)) - Datanode localhost-85.207.163.236 80b71d45-ffa8-4055-a2de-ea34911be5ae is Under-Utilized.
2023-07-25 18:54:29,850 [main] DEBUG balancer.ContainerBalancerTask (ContainerBalancerTask.java:lambda$initializeIteration$2(459)) - Datanode localhost-129.70.224.163 91308d0d-9a45-4f84-bb51-1b74e70039db is Under-Utilized.
2023-07-25 18:54:29,852 [main] DEBUG balancer.ContainerBalancerTask (ContainerBalancerTask.java:matchSourceWithTarget(701)) - ContainerBalancer could not find any candidate containers for datanode e355b584-e6f6-439a-b248-deb0468b91f5
2023-07-25 18:54:29,854 [main] DEBUG balancer.ContainerBalancerTask (ContainerBalancerTask.java:matchSourceWithTarget(701)) - ContainerBalancer could not find any candidate containers for datanode 46efa039-20a0-49f8-9cdc-96a6bce557c2
2023-07-25 18:54:29,856 [main] DEBUG balancer.ContainerBalancerTask (ContainerBalancerTask.java:matchSourceWithTarget(701)) - ContainerBalancer could not find any candidate containers for datanode fc0d41e0-d822-40ae-b038-592ba0f72c66
2023-07-25 18:54:29,858 [main] DEBUG balancer.ContainerBalancerTask (ContainerBalancerTask.java:matchSourceWithTarget(701)) - ContainerBalancer could not find any candidate containers for datanode 3045f8bb-81fe-4d19-a8ce-7a8dde35ce81
2023-07-25 18:54:29,860 [main] DEBUG balancer.ContainerBalancerTask (ContainerBalancerTask.java:matchSourceWithTarget(701)) - ContainerBalancer could not find any candidate containers for datanode 7e508ed9-79a2-489b-9b4d-1ba9c012af0c
2023-07-25 18:54:29,860 [main] INFO  balancer.FindSourceGreedy (FindSourceGreedy.java:getNextCandidateSourceDataNode(126)) - no more candidate source data node
2023-07-25 18:54:29,860 [main] INFO  balancer.ContainerBalancerTask (ContainerBalancerTask.java:balance(259)) - Result of this iteration of Container Balancer: CAN_NOT_BALANCE_ANY_MORE
2023-07-25 18:54:29,860 [main] INFO  balancer.ContainerBalancerTask (ContainerBalancerTask.java:tryStopWithSaveConfiguration(308)) - Save Configuration for stopping. Reason: CAN_NOT_BALANCE_ANY_MORE
2023-07-25 18:54:29,861 [main] DEBUG balancer.ContainerBalancerTask (ContainerBalancerTask.java:initializeIteration(374)) - Average utilization of the cluster is 0.3550282866283536
2023-07-25 18:54:29,861 [main] DEBUG balancer.ContainerBalancerTask (ContainerBalancerTask.java:initializeIteration(386)) - Lower limit for utilization is 0.25502828662835364 and Upper limit for utilization is 0.4550282866283536
2023-07-25 18:54:29,861 [main] DEBUG balancer.ContainerBalancerTask (ContainerBalancerTask.java:initializeIteration(398)) - Utilization for node e355b584-e6f6-439a-b248-deb0468b91f5 with capacity 65617555911B, used 59055800320B, and remaining 6561755591B is 0.900000000001524
2023-07-25 18:54:29,861 [main] DEBUG balancer.ContainerBalancerTask (ContainerBalancerTask.java:initializeIteration(398)) - Utilization for node 46efa039-20a0-49f8-9cdc-96a6bce557c2 with capacity 56371445760B, used 45097156608B, and remaining 11274289152B is 0.8
2023-07-25 18:54:29,861 [main] DEBUG balancer.ContainerBalancerTask (ContainerBalancerTask.java:initializeIteration(398)) - Utilization for node fc0d41e0-d822-40ae-b038-592ba0f72c66 with capacity 50619257417B, used 35433480192B, and remaining 15185777225B is 0.7000000000019755
2023-07-25 18:54:29,861 [main] DEBUG balancer.ContainerBalancerTask (ContainerBalancerTask.java:initializeIteration(398)) - Utilization for node 3045f8bb-81fe-4d19-a8ce-7a8dde35ce81 with capacity 107374182400B, used 64424509440B, and remaining 42949672960B is 0.6
2023-07-25 18:54:29,861 [main] DEBUG balancer.ContainerBalancerTask (ContainerBalancerTask.java:initializeIteration(398)) - Utilization for node 7e508ed9-79a2-489b-9b4d-1ba9c012af0c with capacity 98784247808B, used 49392123904B, and remaining 49392123904B is 0.5
2023-07-25 18:54:29,861 [main] DEBUG balancer.ContainerBalancerTask (ContainerBalancerTask.java:initializeIteration(398)) - Utilization for node e81c14bf-63cc-44ce-a0e8-d9bb861f2bdc with capacity 139586437120B, used 55834574848B, and remaining 83751862272B is 0.4
2023-07-25 18:54:29,862 [main] DEBUG balancer.ContainerBalancerTask (ContainerBalancerTask.java:initializeIteration(398)) - Utilization for node 8c2d50ed-b2f3-48dc-90fe-c4b5f80bde35 with capacity 93057624746B, used 27917287424B, and remaining 65140337322B is 0.3000000000021492
2023-07-25 18:54:29,862 [main] DEBUG balancer.ContainerBalancerTask (ContainerBalancerTask.java:initializeIteration(398)) - Utilization for node 91308d0d-9a45-4f84-bb51-1b74e70039db with capacity 220117073920B, used 44023414784B, and remaining 176093659136B is 0.2
2023-07-25 18:54:29,862 [main] DEBUG balancer.ContainerBalancerTask (ContainerBalancerTask.java:initializeIteration(398)) - Utilization for node 80b71d45-ffa8-4055-a2de-ea34911be5ae with capacity 322122547200B, used 32212254720B, and remaining 289910292480B is 0.1
2023-07-25 18:54:29,862 [main] DEBUG balancer.ContainerBalancerTask (ContainerBalancerTask.java:initializeIteration(398)) - Utilization for node e70dfa83-1531-4951-9a85-12b722410719 with capacity 10737418240B, used 0B, and remaining 10737418240B is 0.0
2023-07-25 18:54:29,862 [main] INFO  balancer.ContainerBalancerTask (ContainerBalancerTask.java:initializeIteration(447)) - Container Balancer has identified 5 Over-Utilized and 3 Under-Utilized Datanodes that need to be balanced.
2023-07-25 18:54:29,862 [main] DEBUG balancer.ContainerBalancerTask (ContainerBalancerTask.java:lambda$initializeIteration$1(453)) - Datanode localhost-146.136.101.253 e355b584-e6f6-439a-b248-deb0468b91f5 is Over-Utilized.
2023-07-25 18:54:29,862 [main] DEBUG balancer.ContainerBalancerTask (ContainerBalancerTask.java:lambda$initializeIteration$1(453)) - Datanode localhost-121.41.243.93 46efa039-20a0-49f8-9cdc-96a6bce557c2 is Over-Utilized.
2023-07-25 18:54:29,862 [main] DEBUG balancer.ContainerBalancerTask (ContainerBalancerTask.java:lambda$initializeIteration$1(453)) - Datanode localhost-24.241.126.146 fc0d41e0-d822-40ae-b038-592ba0f72c66 is Over-Utilized.
2023-07-25 18:54:29,862 [main] DEBUG balancer.ContainerBalancerTask (ContainerBalancerTask.java:lambda$initializeIteration$1(453)) - Datanode localhost-223.130.67.205 3045f8bb-81fe-4d19-a8ce-7a8dde35ce81 is Over-Utilized.
2023-07-25 18:54:29,862 [main] DEBUG balancer.ContainerBalancerTask (ContainerBalancerTask.java:lambda$initializeIteration$1(453)) - Datanode localhost-50.64.141.246 7e508ed9-79a2-489b-9b4d-1ba9c012af0c is Over-Utilized.
2023-07-25 18:54:29,863 [main] DEBUG balancer.ContainerBalancerTask (ContainerBalancerTask.java:lambda$initializeIteration$2(459)) - Datanode localhost-169.115.153.63 e70dfa83-1531-4951-9a85-12b722410719 is Under-Utilized.
2023-07-25 18:54:29,863 [main] DEBUG balancer.ContainerBalancerTask (ContainerBalancerTask.java:lambda$initializeIteration$2(459)) - Datanode localhost-85.207.163.236 80b71d45-ffa8-4055-a2de-ea34911be5ae is Under-Utilized.
2023-07-25 18:54:29,863 [main] DEBUG balancer.ContainerBalancerTask (ContainerBalancerTask.java:lambda$initializeIteration$2(459)) - Datanode localhost-129.70.224.163 91308d0d-9a45-4f84-bb51-1b74e70039db is Under-Utilized.
2023-07-25 18:54:29,866 [main] DEBUG balancer.ContainerBalancerTask (ContainerBalancerTask.java:matchSourceWithTarget(708)) - ContainerBalancer is finding suitable target for source datanode e355b584-e6f6-439a-b248-deb0468b91f5
2023-07-25 18:54:29,866 [main] INFO  balancer.ContainerBalancerTask (ContainerBalancerTask.java:matchSourceWithTarget(722)) - ContainerBalancer matched source datanode e355b584-e6f6-439a-b248-deb0468b91f5 with target datanode e70dfa83-1531-4951-9a85-12b722410719 for container move.
2023-07-25 18:54:29,866 [main] INFO  balancer.ContainerBalancerTask (ContainerBalancerTask.java:processMoveSelection(569)) - ContainerBalancer is trying to move container #89 with size 4294967296B from source datanode e355b584-e6f6-439a-b248-deb0468b91f5 to target datanode e70dfa83-1531-4951-9a85-12b722410719
2023-07-25 18:54:29,867 [main] DEBUG balancer.ContainerBalancerTask (ContainerBalancerTask.java:lambda$moveContainer$3(837)) - Container move completed for container #89 from source e355b584-e6f6-439a-b248-deb0468b91f5 to target e70dfa83-1531-4951-9a85-12b722410719
2023-07-25 18:54:29,870 [main] DEBUG balancer.ContainerBalancerTask (ContainerBalancerTask.java:matchSourceWithTarget(708)) - ContainerBalancer is finding suitable target for source datanode e355b584-e6f6-439a-b248-deb0468b91f5
2023-07-25 18:54:29,870 [main] INFO  balancer.ContainerBalancerTask (ContainerBalancerTask.java:matchSourceWithTarget(722)) - ContainerBalancer matched source datanode e355b584-e6f6-439a-b248-deb0468b91f5 with target datanode 80b71d45-ffa8-4055-a2de-ea34911be5ae for container move.
2023-07-25 18:54:29,870 [main] INFO  balancer.ContainerBalancerTask (ContainerBalancerTask.java:processMoveSelection(569)) - ContainerBalancer is trying to move container #85 with size 5368709120B from source datanode e355b584-e6f6-439a-b248-deb0468b91f5 to target datanode 80b71d45-ffa8-4055-a2de-ea34911be5ae
2023-07-25 18:54:29,870 [main] DEBUG balancer.ContainerBalancerTask (ContainerBalancerTask.java:lambda$moveContainer$3(837)) - Container move completed for container #85 from source e355b584-e6f6-439a-b248-deb0468b91f5 to target 80b71d45-ffa8-4055-a2de-ea34911be5ae
2023-07-25 18:54:29,873 [main] DEBUG balancer.ContainerBalancerTask (ContainerBalancerTask.java:matchSourceWithTarget(708)) - ContainerBalancer is finding suitable target for source datanode 46efa039-20a0-49f8-9cdc-96a6bce557c2
2023-07-25 18:54:29,873 [main] INFO  balancer.ContainerBalancerTask (ContainerBalancerTask.java:matchSourceWithTarget(722)) - ContainerBalancer matched source datanode 46efa039-20a0-49f8-9cdc-96a6bce557c2 with target datanode 80b71d45-ffa8-4055-a2de-ea34911be5ae for container move.
2023-07-25 18:54:29,873 [main] INFO  balancer.ContainerBalancerTask (ContainerBalancerTask.java:processMoveSelection(569)) - ContainerBalancer is trying to move container #68 with size 5368709120B from source datanode 46efa039-20a0-49f8-9cdc-96a6bce557c2 to target datanode 80b71d45-ffa8-4055-a2de-ea34911be5ae
2023-07-25 18:54:29,873 [main] DEBUG balancer.ContainerBalancerTask (ContainerBalancerTask.java:lambda$moveContainer$3(837)) - Container move completed for container #68 from source 46efa039-20a0-49f8-9cdc-96a6bce557c2 to target 80b71d45-ffa8-4055-a2de-ea34911be5ae
2023-07-25 18:54:29,876 [main] DEBUG balancer.ContainerBalancerTask (ContainerBalancerTask.java:matchSourceWithTarget(708)) - ContainerBalancer is finding suitable target for source datanode e355b584-e6f6-439a-b248-deb0468b91f5
2023-07-25 18:54:29,877 [main] INFO  balancer.ContainerBalancerTask (ContainerBalancerTask.java:matchSourceWithTarget(722)) - ContainerBalancer matched source datanode e355b584-e6f6-439a-b248-deb0468b91f5 with target datanode 80b71d45-ffa8-4055-a2de-ea34911be5ae for container move.
2023-07-25 18:54:29,877 [main] INFO  balancer.ContainerBalancerTask (ContainerBalancerTask.java:processMoveSelection(569)) - ContainerBalancer is trying to move container #84 with size 4294967296B from source datanode e355b584-e6f6-439a-b248-deb0468b91f5 to target datanode 80b71d45-ffa8-4055-a2de-ea34911be5ae
2023-07-25 18:54:29,877 [main] DEBUG balancer.ContainerBalancerTask (ContainerBalancerTask.java:lambda$moveContainer$3(837)) - Container move completed for container #84 from source e355b584-e6f6-439a-b248-deb0468b91f5 to target 80b71d45-ffa8-4055-a2de-ea34911be5ae
2023-07-25 18:54:29,880 [main] DEBUG balancer.ContainerBalancerTask (ContainerBalancerTask.java:matchSourceWithTarget(708)) - ContainerBalancer is finding suitable target for source datanode 46efa039-20a0-49f8-9cdc-96a6bce557c2
2023-07-25 18:54:29,880 [main] INFO  balancer.ContainerBalancerTask (ContainerBalancerTask.java:matchSourceWithTarget(722)) - ContainerBalancer matched source datanode 46efa039-20a0-49f8-9cdc-96a6bce557c2 with target datanode 80b71d45-ffa8-4055-a2de-ea34911be5ae for container move.
2023-07-25 18:54:29,880 [main] INFO  balancer.ContainerBalancerTask (ContainerBalancerTask.java:processMoveSelection(569)) - ContainerBalancer is trying to move container #53 with size 5368709120B from source datanode 46efa039-20a0-49f8-9cdc-96a6bce557c2 to target datanode 80b71d45-ffa8-4055-a2de-ea34911be5ae
2023-07-25 18:54:29,880 [main] DEBUG balancer.ContainerBalancerTask (ContainerBalancerTask.java:lambda$moveContainer$3(837)) - Container move completed for container #53 from source 46efa039-20a0-49f8-9cdc-96a6bce557c2 to target 80b71d45-ffa8-4055-a2de-ea34911be5ae
2023-07-25 18:54:29,883 [main] DEBUG balancer.ContainerBalancerTask (ContainerBalancerTask.java:matchSourceWithTarget(708)) - ContainerBalancer is finding suitable target for source datanode fc0d41e0-d822-40ae-b038-592ba0f72c66
2023-07-25 18:54:29,883 [main] INFO  balancer.ContainerBalancerTask (ContainerBalancerTask.java:matchSourceWithTarget(722)) - ContainerBalancer matched source datanode fc0d41e0-d822-40ae-b038-592ba0f72c66 with target datanode 80b71d45-ffa8-4055-a2de-ea34911be5ae for container move.
2023-07-25 18:54:29,883 [main] INFO  balancer.ContainerBalancerTask (ContainerBalancerTask.java:processMoveSelection(569)) - ContainerBalancer is trying to move container #52 with size 4294967296B from source datanode fc0d41e0-d822-40ae-b038-592ba0f72c66 to target datanode 80b71d45-ffa8-4055-a2de-ea34911be5ae
2023-07-25 18:54:29,883 [main] DEBUG balancer.ContainerBalancerTask (ContainerBalancerTask.java:lambda$moveContainer$3(837)) - Container move completed for container #52 from source fc0d41e0-d822-40ae-b038-592ba0f72c66 to target 80b71d45-ffa8-4055-a2de-ea34911be5ae
2023-07-25 18:54:29,886 [main] DEBUG balancer.ContainerBalancerTask (ContainerBalancerTask.java:matchSourceWithTarget(708)) - ContainerBalancer is finding suitable target for source datanode e355b584-e6f6-439a-b248-deb0468b91f5
2023-07-25 18:54:29,886 [main] INFO  balancer.ContainerBalancerTask (ContainerBalancerTask.java:matchSourceWithTarget(722)) - ContainerBalancer matched source datanode e355b584-e6f6-439a-b248-deb0468b91f5 with target datanode 80b71d45-ffa8-4055-a2de-ea34911be5ae for container move.
2023-07-25 18:54:29,887 [main] INFO  balancer.ContainerBalancerTask (ContainerBalancerTask.java:processMoveSelection(569)) - ContainerBalancer is trying to move container #67 with size 4294967296B from source datanode e355b584-e6f6-439a-b248-deb0468b91f5 to target datanode 80b71d45-ffa8-4055-a2de-ea34911be5ae
2023-07-25 18:54:29,887 [main] DEBUG balancer.ContainerBalancerTask (ContainerBalancerTask.java:lambda$moveContainer$3(837)) - Container move completed for container #67 from source e355b584-e6f6-439a-b248-deb0468b91f5 to target 80b71d45-ffa8-4055-a2de-ea34911be5ae
2023-07-25 18:54:29,890 [main] DEBUG balancer.ContainerBalancerTask (ContainerBalancerTask.java:matchSourceWithTarget(708)) - ContainerBalancer is finding suitable target for source datanode e355b584-e6f6-439a-b248-deb0468b91f5
2023-07-25 18:54:29,890 [main] INFO  balancer.ContainerBalancerTask (ContainerBalancerTask.java:matchSourceWithTarget(722)) - ContainerBalancer matched source datanode e355b584-e6f6-439a-b248-deb0468b91f5 with target datanode 80b71d45-ffa8-4055-a2de-ea34911be5ae for container move.
2023-07-25 18:54:29,890 [main] INFO  balancer.ContainerBalancerTask (ContainerBalancerTask.java:processMoveSelection(569)) - ContainerBalancer is trying to move container #88 with size 3221225472B from source datanode e355b584-e6f6-439a-b248-deb0468b91f5 to target datanode 80b71d45-ffa8-4055-a2de-ea34911be5ae
2023-07-25 18:54:29,890 [main] DEBUG balancer.ContainerBalancerTask (ContainerBalancerTask.java:lambda$moveContainer$3(837)) - Container move completed for container #88 from source e355b584-e6f6-439a-b248-deb0468b91f5 to target 80b71d45-ffa8-4055-a2de-ea34911be5ae
2023-07-25 18:54:29,893 [main] DEBUG balancer.ContainerBalancerTask (ContainerBalancerTask.java:matchSourceWithTarget(708)) - ContainerBalancer is finding suitable target for source datanode fc0d41e0-d822-40ae-b038-592ba0f72c66
2023-07-25 18:54:29,893 [main] INFO  balancer.ContainerBalancerTask (ContainerBalancerTask.java:matchSourceWithTarget(722)) - ContainerBalancer matched source datanode fc0d41e0-d822-40ae-b038-592ba0f72c66 with target datanode 80b71d45-ffa8-4055-a2de-ea34911be5ae for container move.
2023-07-25 18:54:29,893 [main] INFO  balancer.ContainerBalancerTask (ContainerBalancerTask.java:processMoveSelection(569)) - ContainerBalancer is trying to move container #66 with size 3221225472B from source datanode fc0d41e0-d822-40ae-b038-592ba0f72c66 to target datanode 80b71d45-ffa8-4055-a2de-ea34911be5ae
2023-07-25 18:54:29,894 [main] DEBUG balancer.ContainerBalancerTask (ContainerBalancerTask.java:lambda$moveContainer$3(837)) - Container move completed for container #66 from source fc0d41e0-d822-40ae-b038-592ba0f72c66 to target 80b71d45-ffa8-4055-a2de-ea34911be5ae
2023-07-25 18:54:29,897 [main] DEBUG balancer.ContainerBalancerTask (ContainerBalancerTask.java:matchSourceWithTarget(708)) - ContainerBalancer is finding suitable target for source datanode 46efa039-20a0-49f8-9cdc-96a6bce557c2
2023-07-25 18:54:29,897 [main] INFO  balancer.ContainerBalancerTask (ContainerBalancerTask.java:matchSourceWithTarget(722)) - ContainerBalancer matched source datanode 46efa039-20a0-49f8-9cdc-96a6bce557c2 with target datanode 91308d0d-9a45-4f84-bb51-1b74e70039db for container move.
2023-07-25 18:54:29,897 [main] INFO  balancer.ContainerBalancerTask (ContainerBalancerTask.java:processMoveSelection(569)) - ContainerBalancer is trying to move container #28 with size 4294967296B from source datanode 46efa039-20a0-49f8-9cdc-96a6bce557c2 to target datanode 91308d0d-9a45-4f84-bb51-1b74e70039db
2023-07-25 18:54:29,897 [main] DEBUG balancer.ContainerBalancerTask (ContainerBalancerTask.java:lambda$moveContainer$3(837)) - Container move completed for container #28 from source 46efa039-20a0-49f8-9cdc-96a6bce557c2 to target 91308d0d-9a45-4f84-bb51-1b74e70039db
2023-07-25 18:54:29,900 [main] DEBUG balancer.ContainerBalancerTask (ContainerBalancerTask.java:matchSourceWithTarget(708)) - ContainerBalancer is finding suitable target for source datanode 3045f8bb-81fe-4d19-a8ce-7a8dde35ce81
2023-07-25 18:54:29,900 [main] INFO  balancer.ContainerBalancerTask (ContainerBalancerTask.java:matchSourceWithTarget(722)) - ContainerBalancer matched source datanode 3045f8bb-81fe-4d19-a8ce-7a8dde35ce81 with target datanode 80b71d45-ffa8-4055-a2de-ea34911be5ae for container move.
2023-07-25 18:54:29,901 [main] INFO  balancer.ContainerBalancerTask (ContainerBalancerTask.java:processMoveSelection(569)) - ContainerBalancer is trying to move container #29 with size 5368709120B from source datanode 3045f8bb-81fe-4d19-a8ce-7a8dde35ce81 to target datanode 80b71d45-ffa8-4055-a2de-ea34911be5ae
2023-07-25 18:54:29,901 [main] DEBUG balancer.ContainerBalancerTask (ContainerBalancerTask.java:lambda$moveContainer$3(837)) - Container move completed for container #29 from source 3045f8bb-81fe-4d19-a8ce-7a8dde35ce81 to target 80b71d45-ffa8-4055-a2de-ea34911be5ae
2023-07-25 18:54:29,904 [main] DEBUG balancer.ContainerBalancerTask (ContainerBalancerTask.java:matchSourceWithTarget(708)) - ContainerBalancer is finding suitable target for source datanode e355b584-e6f6-439a-b248-deb0468b91f5
2023-07-25 18:54:29,904 [main] INFO  balancer.ContainerBalancerTask (ContainerBalancerTask.java:matchSourceWithTarget(722)) - ContainerBalancer matched source datanode e355b584-e6f6-439a-b248-deb0468b91f5 with target datanode 91308d0d-9a45-4f84-bb51-1b74e70039db for container move.
2023-07-25 18:54:29,905 [main] INFO  balancer.ContainerBalancerTask (ContainerBalancerTask.java:processMoveSelection(569)) - ContainerBalancer is trying to move container #19 with size 4294967296B from source datanode e355b584-e6f6-439a-b248-deb0468b91f5 to target datanode 91308d0d-9a45-4f84-bb51-1b74e70039db
2023-07-25 18:54:29,905 [main] DEBUG balancer.ContainerBalancerTask (ContainerBalancerTask.java:lambda$moveContainer$3(837)) - Container move completed for container #19 from source e355b584-e6f6-439a-b248-deb0468b91f5 to target 91308d0d-9a45-4f84-bb51-1b74e70039db
2023-07-25 18:54:29,905 [main] WARN  balancer.ContainerBalancerTask (ContainerBalancerTask.java:reachedMaxSizeToMovePerIteration(733)) - Reached max size to move limit. 53687091200 bytes have already been scheduled for balancing and the limit is 53687091200 bytes.
2023-07-25 18:54:29,905 [main] INFO  balancer.ContainerBalancerTask (ContainerBalancerTask.java:checkIterationMoveResults(642)) - Iteration Summary. Number of Datanodes involved: 7. Size moved: 50 GB (53687091200 Bytes). Number of Container moves completed: 12.
2023-07-25 18:54:29,905 [main] INFO  balancer.ContainerBalancerTask (ContainerBalancerTask.java:balance(259)) - Result of this iteration of Container Balancer: ITERATION_COMPLETED
2023-07-25 18:54:29,905 [main] INFO  balancer.ContainerBalancerTask (ContainerBalancerTask.java:tryStopWithSaveConfiguration(308)) - Save Configuration for stopping. Reason: Completed all iterations.
]]></system-out>
  </testcase>
</testsuite>