<?xml version="1.0" encoding="UTF-8"?>
<testsuite xmlns:xsi="http://www.w3.org/2001/XMLSchema-instance" xsi:noNamespaceSchemaLocation="https://maven.apache.org/surefire/maven-surefire-plugin/xsd/surefire-test-report.xsd" name="org.apache.hadoop.ozone.scm.TestSCMInstallSnapshotWithHA" time="187.641" tests="3" errors="0" skipped="0" failures="1">
  <properties>
    <property name="awt.toolkit" value="sun.awt.X11.XToolkit"/>
    <property name="file.encoding.pkg" value="sun.io"/>
    <property name="java.specification.version" value="1.8"/>
    <property name="sun.cpu.isalist" value=""/>
    <property name="sun.jnu.encoding" value="UTF-8"/>
    <property name="java.class.path" value="/home/runner/work/ozone/ozone/hadoop-ozone/integration-test/target/test-classes:/home/runner/work/ozone/ozone/hadoop-ozone/integration-test/target/classes:/home/runner/.m2/repository/org/apache/ozone/ozone-common/1.3.0-SNAPSHOT/ozone-common-1.3.0-SNAPSHOT.jar:/home/runner/.m2/repository/org/apache/commons/commons-compress/1.21/commons-compress-1.21.jar:/home/runner/.m2/repository/org/apache/ozone/hdds-common/1.3.0-SNAPSHOT/hdds-common-1.3.0-SNAPSHOT.jar:/home/runner/.m2/repository/org/apache/ozone/hdds-client/1.3.0-SNAPSHOT/hdds-client-1.3.0-SNAPSHOT.jar:/home/runner/.m2/repository/org/apache/ozone/ozone-interface-client/1.3.0-SNAPSHOT/ozone-interface-client-1.3.0-SNAPSHOT.jar:/home/runner/.m2/repository/org/apache/ozone/hdds-test-utils/1.3.0-SNAPSHOT/hdds-test-utils-1.3.0-SNAPSHOT.jar:/home/runner/.m2/repository/com/google/guava/guava/30.1.1-jre/guava-30.1.1-jre.jar:/home/runner/.m2/repository/com/google/guava/failureaccess/1.0.1/failureaccess-1.0.1.jar:/home/runner/.m2/repository/com/google/guava/listenablefuture/9999.0-empty-to-avoid-conflict-with-guava/listenablefuture-9999.0-empty-to-avoid-conflict-with-guava.jar:/home/runner/.m2/repository/com/google/code/findbugs/jsr305/3.0.0/jsr305-3.0.0.jar:/home/runner/.m2/repository/org/checkerframework/checker-qual/3.8.0/checker-qual-3.8.0.jar:/home/runner/.m2/repository/com/google/errorprone/error_prone_annotations/2.2.0/error_prone_annotations-2.2.0.jar:/home/runner/.m2/repository/com/google/j2objc/j2objc-annotations/1.3/j2objc-annotations-1.3.jar:/home/runner/.m2/repository/commons-io/commons-io/2.11.0/commons-io-2.11.0.jar:/home/runner/.m2/repository/commons-logging/commons-logging/1.2/commons-logging-1.2.jar:/home/runner/.m2/repository/log4j/log4j/1.2.17/log4j-1.2.17.jar:/home/runner/.m2/repository/org/slf4j/slf4j-api/1.7.30/slf4j-api-1.7.30.jar:/home/runner/.m2/repository/org/apache/ozone/hdds-server-scm/1.3.0-SNAPSHOT/hdds-server-scm-1.3.0-SNAPSHOT.jar:/home/runner/.m2/repository/org/apache/ozone/hdds-container-service/1.3.0-SNAPSHOT/hdds-container-service-1.3.0-SNAPSHOT.jar:/home/runner/.m2/repository/org/apache/ozone/hdds-hadoop-dependency-server/1.3.0-SNAPSHOT/hdds-hadoop-dependency-server-1.3.0-SNAPSHOT.jar:/home/runner/.m2/repository/org/apache/hadoop/hadoop-hdfs/3.3.1/hadoop-hdfs-3.3.1.jar:/home/runner/.m2/repository/org/apache/ozone/hdds-server-framework/1.3.0-SNAPSHOT/hdds-server-framework-1.3.0-SNAPSHOT.jar:/home/runner/.m2/repository/org/apache/ozone/hdds-interface-server/1.3.0-SNAPSHOT/hdds-interface-server-1.3.0-SNAPSHOT.jar:/home/runner/.m2/repository/org/eclipse/jetty/jetty-servlet/9.4.43.v20210629/jetty-servlet-9.4.43.v20210629.jar:/home/runner/.m2/repository/org/eclipse/jetty/jetty-security/9.4.43.v20210629/jetty-security-9.4.43.v20210629.jar:/home/runner/.m2/repository/org/rocksdb/rocksdbjni/6.25.3/rocksdbjni-6.25.3.jar:/home/runner/.m2/repository/io/prometheus/simpleclient_dropwizard/0.7.0/simpleclient_dropwizard-0.7.0.jar:/home/runner/.m2/repository/io/prometheus/simpleclient/0.7.0/simpleclient-0.7.0.jar:/home/runner/.m2/repository/io/prometheus/simpleclient_common/0.7.0/simpleclient_common-0.7.0.jar:/home/runner/.m2/repository/com/fasterxml/jackson/datatype/jackson-datatype-jsr310/2.12.1/jackson-datatype-jsr310-2.12.1.jar:/home/runner/.m2/repository/io/dropwizard/metrics/metrics-core/3.2.4/metrics-core-3.2.4.jar:/home/runner/.m2/repository/org/apache/hadoop/hadoop-hdfs-client/3.3.1/hadoop-hdfs-client-3.3.1.jar:/home/runner/.m2/repository/org/bouncycastle/bcprov-jdk15on/1.67/bcprov-jdk15on-1.67.jar:/home/runner/.m2/repository/com/google/protobuf/protobuf-java/2.5.0/protobuf-java-2.5.0.jar:/home/runner/.m2/repository/org/apache/ozone/ozone-manager/1.3.0-SNAPSHOT/ozone-manager-1.3.0-SNAPSHOT.jar:/home/runner/.m2/repository/org/aspectj/aspectjrt/1.9.7/aspectjrt-1.9.7.jar:/home/runner/.m2/repository/org/aspectj/aspectjweaver/1.9.7/aspectjweaver-1.9.7.jar:/home/runner/.m2/repository/org/apache/ozone/hdds-interface-client/1.3.0-SNAPSHOT/hdds-interface-client-1.3.0-SNAPSHOT.jar:/home/runner/.m2/repository/org/apache/hadoop/thirdparty/hadoop-shaded-protobuf_3_7/1.1.1/hadoop-shaded-protobuf_3_7-1.1.1.jar:/home/runner/.m2/repository/org/apache/ozone/ozone-interface-storage/1.3.0-SNAPSHOT/ozone-interface-storage-1.3.0-SNAPSHOT.jar:/home/runner/.m2/repository/org/reflections/reflections/0.9.11/reflections-0.9.11.jar:/home/runner/.m2/repository/org/apache/hadoop/hadoop-minikdc/3.3.1/hadoop-minikdc-3.3.1.jar:/home/runner/.m2/repository/org/apache/kerby/kerb-simplekdc/1.0.1/kerb-simplekdc-1.0.1.jar:/home/runner/.m2/repository/org/apache/kerby/kerb-client/1.0.1/kerb-client-1.0.1.jar:/home/runner/.m2/repository/org/apache/kerby/kerby-config/1.0.1/kerby-config-1.0.1.jar:/home/runner/.m2/repository/org/apache/kerby/kerb-common/1.0.1/kerb-common-1.0.1.jar:/home/runner/.m2/repository/org/apache/kerby/kerb-crypto/1.0.1/kerb-crypto-1.0.1.jar:/home/runner/.m2/repository/org/apache/kerby/kerb-util/1.0.1/kerb-util-1.0.1.jar:/home/runner/.m2/repository/org/apache/kerby/token-provider/1.0.1/token-provider-1.0.1.jar:/home/runner/.m2/repository/org/apache/kerby/kerb-admin/1.0.1/kerb-admin-1.0.1.jar:/home/runner/.m2/repository/org/apache/kerby/kerb-server/1.0.1/kerb-server-1.0.1.jar:/home/runner/.m2/repository/org/apache/kerby/kerb-identity/1.0.1/kerb-identity-1.0.1.jar:/home/runner/.m2/repository/org/apache/kerby/kerby-xdr/1.0.1/kerby-xdr-1.0.1.jar:/home/runner/.m2/repository/org/slf4j/slf4j-log4j12/1.7.30/slf4j-log4j12-1.7.30.jar:/home/runner/.m2/repository/org/apache/ozone/ozone-s3gateway/1.3.0-SNAPSHOT/ozone-s3gateway-1.3.0-SNAPSHOT.jar:/home/runner/.m2/repository/org/javassist/javassist/3.21.0-GA/javassist-3.21.0-GA.jar:/home/runner/.m2/repository/org/jboss/weld/servlet/weld-servlet/2.4.7.Final/weld-servlet-2.4.7.Final.jar:/home/runner/.m2/repository/org/glassfish/jersey/containers/jersey-container-servlet-core/2.33/jersey-container-servlet-core-2.33.jar:/home/runner/.m2/repository/org/glassfish/hk2/external/jakarta.inject/2.6.1/jakarta.inject-2.6.1.jar:/home/runner/.m2/repository/org/glassfish/jersey/core/jersey-common/2.33/jersey-common-2.33.jar:/home/runner/.m2/repository/jakarta/ws/rs/jakarta.ws.rs-api/2.1.6/jakarta.ws.rs-api-2.1.6.jar:/home/runner/.m2/repository/org/glassfish/jersey/ext/cdi/jersey-cdi1x/2.33/jersey-cdi1x-2.33.jar:/home/runner/.m2/repository/org/glassfish/jersey/inject/jersey-hk2/2.33/jersey-hk2-2.33.jar:/home/runner/.m2/repository/org/glassfish/hk2/hk2-locator/2.6.1/hk2-locator-2.6.1.jar:/home/runner/.m2/repository/org/glassfish/jersey/media/jersey-media-jaxb/2.33/jersey-media-jaxb-2.33.jar:/home/runner/.m2/repository/org/glassfish/hk2/osgi-resource-locator/1.0.3/osgi-resource-locator-1.0.3.jar:/home/runner/.m2/repository/org/glassfish/hk2/hk2-api/2.5.0/hk2-api-2.5.0.jar:/home/runner/.m2/repository/org/glassfish/hk2/hk2-utils/2.5.0/hk2-utils-2.5.0.jar:/home/runner/.m2/repository/org/glassfish/hk2/external/aopalliance-repackaged/2.5.0/aopalliance-repackaged-2.5.0.jar:/home/runner/.m2/repository/com/fasterxml/jackson/dataformat/jackson-dataformat-xml/2.12.1/jackson-dataformat-xml-2.12.1.jar:/home/runner/.m2/repository/com/fasterxml/jackson/core/jackson-core/2.12.1/jackson-core-2.12.1.jar:/home/runner/.m2/repository/com/fasterxml/jackson/module/jackson-module-jaxb-annotations/2.12.1/jackson-module-jaxb-annotations-2.12.1.jar:/home/runner/.m2/repository/jakarta/xml/bind/jakarta.xml.bind-api/2.3.2/jakarta.xml.bind-api-2.3.2.jar:/home/runner/.m2/repository/org/codehaus/woodstox/stax2-api/3.1.4/stax2-api-3.1.4.jar:/home/runner/.m2/repository/com/fasterxml/woodstox/woodstox-core/5.0.3/woodstox-core-5.0.3.jar:/home/runner/.m2/repository/javax/enterprise/cdi-api/1.2/cdi-api-1.2.jar:/home/runner/.m2/repository/javax/el/javax.el-api/3.0.0/javax.el-api-3.0.0.jar:/home/runner/.m2/repository/javax/interceptor/javax.interceptor-api/1.2/javax.interceptor-api-1.2.jar:/home/runner/.m2/repository/javax/inject/javax.inject/1/javax.inject-1.jar:/home/runner/.m2/repository/javax/xml/bind/jaxb-api/2.3.0/jaxb-api-2.3.0.jar:/home/runner/.m2/repository/org/glassfish/jaxb/jaxb-runtime/2.3.0.1/jaxb-runtime-2.3.0.1.jar:/home/runner/.m2/repository/org/glassfish/jaxb/jaxb-core/2.3.0.1/jaxb-core-2.3.0.1.jar:/home/runner/.m2/repository/org/glassfish/jaxb/txw2/2.3.0.1/txw2-2.3.0.1.jar:/home/runner/.m2/repository/com/sun/istack/istack-commons-runtime/3.0.5/istack-commons-runtime-3.0.5.jar:/home/runner/.m2/repository/org/jvnet/staxex/stax-ex/1.7.8/stax-ex-1.7.8.jar:/home/runner/.m2/repository/com/sun/xml/fastinfoset/FastInfoset/1.2.13/FastInfoset-1.2.13.jar:/home/runner/.m2/repository/javax/activation/activation/1.1.1/activation-1.1.1.jar:/home/runner/.m2/repository/org/apache/ozone/ozone-csi/1.3.0-SNAPSHOT/ozone-csi-1.3.0-SNAPSHOT.jar:/home/runner/.m2/repository/com/google/protobuf/protobuf-java-util/3.12.0/protobuf-java-util-3.12.0.jar:/home/runner/.m2/repository/com/google/code/gson/gson/2.2.4/gson-2.2.4.jar:/home/runner/.m2/repository/org/apache/ozone/hdds-config/1.3.0-SNAPSHOT/hdds-config-1.3.0-SNAPSHOT.jar:/home/runner/.m2/repository/io/grpc/grpc-netty/1.33.0/grpc-netty-1.33.0.jar:/home/runner/.m2/repository/io/grpc/grpc-core/1.33.0/grpc-core-1.33.0.jar:/home/runner/.m2/repository/com/google/android/annotations/4.1.1.4/annotations-4.1.1.4.jar:/home/runner/.m2/repository/io/netty/netty-codec-http2/4.1.63.Final/netty-codec-http2-4.1.63.Final.jar:/home/runner/.m2/repository/io/netty/netty-codec-http/4.1.63.Final/netty-codec-http-4.1.63.Final.jar:/home/runner/.m2/repository/io/netty/netty-handler-proxy/4.1.63.Final/netty-handler-proxy-4.1.63.Final.jar:/home/runner/.m2/repository/io/netty/netty-codec-socks/4.1.63.Final/netty-codec-socks-4.1.63.Final.jar:/home/runner/.m2/repository/io/perfmark/perfmark-api/0.19.0/perfmark-api-0.19.0.jar:/home/runner/.m2/repository/org/codehaus/mojo/animal-sniffer-annotations/1.18/animal-sniffer-annotations-1.18.jar:/home/runner/.m2/repository/io/netty/netty-transport-native-epoll/4.1.63.Final/netty-transport-native-epoll-4.1.63.Final.jar:/home/runner/.m2/repository/io/netty/netty-common/4.1.63.Final/netty-common-4.1.63.Final.jar:/home/runner/.m2/repository/io/netty/netty-buffer/4.1.63.Final/netty-buffer-4.1.63.Final.jar:/home/runner/.m2/repository/io/netty/netty-transport-native-unix-common/4.1.63.Final/netty-transport-native-unix-common-4.1.63.Final.jar:/home/runner/.m2/repository/io/grpc/grpc-protobuf/1.33.0/grpc-protobuf-1.33.0.jar:/home/runner/.m2/repository/io/grpc/grpc-api/1.33.0/grpc-api-1.33.0.jar:/home/runner/.m2/repository/io/grpc/grpc-context/1.33.0/grpc-context-1.33.0.jar:/home/runner/.m2/repository/com/google/api/grpc/proto-google-common-protos/1.17.0/proto-google-common-protos-1.17.0.jar:/home/runner/.m2/repository/io/grpc/grpc-protobuf-lite/1.33.0/grpc-protobuf-lite-1.33.0.jar:/home/runner/.m2/repository/io/grpc/grpc-stub/1.33.0/grpc-stub-1.33.0.jar:/home/runner/.m2/repository/org/apache/ozone/ozone-recon/1.3.0-SNAPSHOT/ozone-recon-1.3.0-SNAPSHOT.jar:/home/runner/.m2/repository/org/apache/ozone/ozone-reconcodegen/1.3.0-SNAPSHOT/ozone-reconcodegen-1.3.0-SNAPSHOT.jar:/home/runner/.m2/repository/com/google/inject/extensions/guice-multibindings/4.0/guice-multibindings-4.0.jar:/home/runner/.m2/repository/com/google/inject/guice/4.0/guice-4.0.jar:/home/runner/.m2/repository/aopalliance/aopalliance/1.0/aopalliance-1.0.jar:/home/runner/.m2/repository/com/google/inject/extensions/guice-assistedinject/4.0/guice-assistedinject-4.0.jar:/home/runner/.m2/repository/com/google/inject/extensions/guice-servlet/4.0/guice-servlet-4.0.jar:/home/runner/.m2/repository/org/glassfish/jersey/containers/jersey-container-servlet/2.33/jersey-container-servlet-2.33.jar:/home/runner/.m2/repository/org/glassfish/hk2/guice-bridge/2.5.0/guice-bridge-2.5.0.jar:/home/runner/.m2/repository/org/glassfish/jersey/core/jersey-server/2.33/jersey-server-2.33.jar:/home/runner/.m2/repository/org/glassfish/jersey/core/jersey-client/2.33/jersey-client-2.33.jar:/home/runner/.m2/repository/jakarta/annotation/jakarta.annotation-api/1.3.5/jakarta.annotation-api-1.3.5.jar:/home/runner/.m2/repository/jakarta/validation/jakarta.validation-api/2.0.2/jakarta.validation-api-2.0.2.jar:/home/runner/.m2/repository/org/glassfish/jersey/media/jersey-media-json-jackson/2.33/jersey-media-json-jackson-2.33.jar:/home/runner/.m2/repository/org/glassfish/jersey/ext/jersey-entity-filtering/2.33/jersey-entity-filtering-2.33.jar:/home/runner/.m2/repository/org/jooq/jooq/3.11.10/jooq-3.11.10.jar:/home/runner/.m2/repository/org/jooq/jooq-meta/3.11.10/jooq-meta-3.11.10.jar:/home/runner/.m2/repository/org/jooq/jooq-codegen/3.11.10/jooq-codegen-3.11.10.jar:/home/runner/.m2/repository/com/jolbox/bonecp/0.8.0.RELEASE/bonecp-0.8.0.RELEASE.jar:/home/runner/.m2/repository/org/apache/derby/derby/10.14.2.0/derby-10.14.2.0.jar:/home/runner/.m2/repository/org/xerial/sqlite-jdbc/3.25.2/sqlite-jdbc-3.25.2.jar:/home/runner/.m2/repository/org/springframework/spring-jdbc/5.2.18.RELEASE/spring-jdbc-5.2.18.RELEASE.jar:/home/runner/.m2/repository/org/springframework/spring-beans/5.2.18.RELEASE/spring-beans-5.2.18.RELEASE.jar:/home/runner/.m2/repository/org/springframework/spring-core/5.2.18.RELEASE/spring-core-5.2.18.RELEASE.jar:/home/runner/.m2/repository/org/springframework/spring-jcl/5.2.18.RELEASE/spring-jcl-5.2.18.RELEASE.jar:/home/runner/.m2/repository/org/springframework/spring-tx/5.2.18.RELEASE/spring-tx-5.2.18.RELEASE.jar:/home/runner/.m2/repository/org/apache/ozone/ozone-client/1.3.0-SNAPSHOT/ozone-client-1.3.0-SNAPSHOT.jar:/home/runner/.m2/repository/org/apache/ozone/ozone-filesystem/1.3.0-SNAPSHOT/ozone-filesystem-1.3.0-SNAPSHOT.jar:/home/runner/.m2/repository/org/apache/ozone/ozone-filesystem-common/1.3.0-SNAPSHOT/ozone-filesystem-common-1.3.0-SNAPSHOT.jar:/home/runner/.m2/repository/org/apache/ozone/ozone-tools/1.3.0-SNAPSHOT/ozone-tools-1.3.0-SNAPSHOT.jar:/home/runner/.m2/repository/org/apache/ratis/ratis-tools/2.2.0/ratis-tools-2.2.0.jar:/home/runner/.m2/repository/com/amazonaws/aws-java-sdk-core/1.12.124/aws-java-sdk-core-1.12.124.jar:/home/runner/.m2/repository/org/apache/httpcomponents/httpclient/4.5.13/httpclient-4.5.13.jar:/home/runner/.m2/repository/org/apache/httpcomponents/httpcore/4.4.13/httpcore-4.4.13.jar:/home/runner/.m2/repository/software/amazon/ion/ion-java/1.0.2/ion-java-1.0.2.jar:/home/runner/.m2/repository/com/fasterxml/jackson/dataformat/jackson-dataformat-cbor/2.12.1/jackson-dataformat-cbor-2.12.1.jar:/home/runner/.m2/repository/joda-time/joda-time/2.8.1/joda-time-2.8.1.jar:/home/runner/.m2/repository/com/amazonaws/aws-java-sdk-s3/1.12.124/aws-java-sdk-s3-1.12.124.jar:/home/runner/.m2/repository/com/amazonaws/aws-java-sdk-kms/1.12.124/aws-java-sdk-kms-1.12.124.jar:/home/runner/.m2/repository/com/amazonaws/jmespath-java/1.12.124/jmespath-java-1.12.124.jar:/home/runner/.m2/repository/org/kohsuke/metainf-services/metainf-services/1.8/metainf-services-1.8.jar:/home/runner/.m2/repository/org/apache/ozone/hdds-tools/1.3.0-SNAPSHOT/hdds-tools-1.3.0-SNAPSHOT.jar:/home/runner/.m2/repository/commons-cli/commons-cli/1.2/commons-cli-1.2.jar:/home/runner/.m2/repository/org/apache/commons/commons-lang3/3.7/commons-lang3-3.7.jar:/home/runner/.m2/repository/org/apache/ozone/ozone-manager/1.3.0-SNAPSHOT/ozone-manager-1.3.0-SNAPSHOT-tests.jar:/home/runner/.m2/repository/org/apache/ozone/hdds-common/1.3.0-SNAPSHOT/hdds-common-1.3.0-SNAPSHOT-tests.jar:/home/runner/.m2/repository/org/apache/ozone/hdds-hadoop-dependency-client/1.3.0-SNAPSHOT/hdds-hadoop-dependency-client-1.3.0-SNAPSHOT.jar:/home/runner/.m2/repository/info/picocli/picocli/4.6.1/picocli-4.6.1.jar:/home/runner/.m2/repository/com/fasterxml/jackson/core/jackson-annotations/2.12.1/jackson-annotations-2.12.1.jar:/home/runner/.m2/repository/javax/annotation/javax.annotation-api/1.2/javax.annotation-api-1.2.jar:/home/runner/.m2/repository/org/apache/ratis/ratis-server/2.2.0/ratis-server-2.2.0.jar:/home/runner/.m2/repository/org/apache/ratis/ratis-client/2.2.0/ratis-client-2.2.0.jar:/home/runner/.m2/repository/org/apache/ratis/ratis-server-api/2.2.0/ratis-server-api-2.2.0.jar:/home/runner/.m2/repository/org/apache/ratis/ratis-metrics/2.2.0/ratis-metrics-2.2.0.jar:/home/runner/.m2/repository/org/apache/ratis/ratis-netty/2.2.0/ratis-netty-2.2.0.jar:/home/runner/.m2/repository/org/apache/ratis/ratis-grpc/2.2.0/ratis-grpc-2.2.0.jar:/home/runner/.m2/repository/org/apache/logging/log4j/log4j-api/2.17.1/log4j-api-2.17.1.jar:/home/runner/.m2/repository/org/apache/logging/log4j/log4j-core/2.17.1/log4j-core-2.17.1.jar:/home/runner/.m2/repository/com/lmax/disruptor/3.4.2/disruptor-3.4.2.jar:/home/runner/.m2/repository/org/apache/commons/commons-pool2/2.6.0/commons-pool2-2.6.0.jar:/home/runner/.m2/repository/org/bouncycastle/bcpkix-jdk15on/1.67/bcpkix-jdk15on-1.67.jar:/home/runner/.m2/repository/commons-validator/commons-validator/1.6/commons-validator-1.6.jar:/home/runner/.m2/repository/commons-beanutils/commons-beanutils/1.9.4/commons-beanutils-1.9.4.jar:/home/runner/.m2/repository/commons-digester/commons-digester/1.8.1/commons-digester-1.8.1.jar:/home/runner/.m2/repository/commons-collections/commons-collections/3.2.2/commons-collections-3.2.2.jar:/home/runner/.m2/repository/io/jaegertracing/jaeger-client/1.6.0/jaeger-client-1.6.0.jar:/home/runner/.m2/repository/io/jaegertracing/jaeger-thrift/1.6.0/jaeger-thrift-1.6.0.jar:/home/runner/.m2/repository/org/apache/thrift/libthrift/0.14.1/libthrift-0.14.1.jar:/home/runner/.m2/repository/com/squareup/okhttp3/okhttp/4.9.0/okhttp-4.9.0.jar:/home/runner/.m2/repository/com/squareup/okio/okio/2.8.0/okio-2.8.0.jar:/home/runner/.m2/repository/io/jaegertracing/jaeger-core/1.6.0/jaeger-core-1.6.0.jar:/home/runner/.m2/repository/io/jaegertracing/jaeger-tracerresolver/1.6.0/jaeger-tracerresolver-1.6.0.jar:/home/runner/.m2/repository/io/opentracing/contrib/opentracing-tracerresolver/0.1.8/opentracing-tracerresolver-0.1.8.jar:/home/runner/.m2/repository/org/jetbrains/kotlin/kotlin-stdlib/1.4.31/kotlin-stdlib-1.4.31.jar:/home/runner/.m2/repository/org/jetbrains/kotlin/kotlin-stdlib-common/1.4.31/kotlin-stdlib-common-1.4.31.jar:/home/runner/.m2/repository/org/jetbrains/annotations/13.0/annotations-13.0.jar:/home/runner/.m2/repository/io/opentracing/opentracing-util/0.33.0/opentracing-util-0.33.0.jar:/home/runner/.m2/repository/io/opentracing/opentracing-api/0.33.0/opentracing-api-0.33.0.jar:/home/runner/.m2/repository/io/opentracing/opentracing-noop/0.33.0/opentracing-noop-0.33.0.jar:/home/runner/.m2/repository/org/yaml/snakeyaml/1.26/snakeyaml-1.26.jar:/home/runner/.m2/repository/org/apache/ozone/hdds-interface-admin/1.3.0-SNAPSHOT/hdds-interface-admin-1.3.0-SNAPSHOT.jar:/home/runner/.m2/repository/junit/junit/4.13.1/junit-4.13.1.jar:/home/runner/.m2/repository/org/hamcrest/hamcrest-core/1.3/hamcrest-core-1.3.jar:/home/runner/.m2/repository/org/junit/jupiter/junit-jupiter-api/5.7.0/junit-jupiter-api-5.7.0.jar:/home/runner/.m2/repository/org/apiguardian/apiguardian-api/1.1.0/apiguardian-api-1.1.0.jar:/home/runner/.m2/repository/org/opentest4j/opentest4j/1.2.0/opentest4j-1.2.0.jar:/home/runner/.m2/repository/org/junit/platform/junit-platform-commons/1.7.0/junit-platform-commons-1.7.0.jar:/home/runner/.m2/repository/org/junit/jupiter/junit-jupiter-engine/5.7.0/junit-jupiter-engine-5.7.0.jar:/home/runner/.m2/repository/org/junit/platform/junit-platform-engine/1.7.0/junit-platform-engine-1.7.0.jar:/home/runner/.m2/repository/org/junit/vintage/junit-vintage-engine/5.7.0/junit-vintage-engine-5.7.0.jar:/home/runner/.m2/repository/org/junit/platform/junit-platform-launcher/1.7.0/junit-platform-launcher-1.7.0.jar:/home/runner/.m2/repository/org/mockito/mockito-core/2.28.2/mockito-core-2.28.2.jar:/home/runner/.m2/repository/net/bytebuddy/byte-buddy/1.9.10/byte-buddy-1.9.10.jar:/home/runner/.m2/repository/net/bytebuddy/byte-buddy-agent/1.9.10/byte-buddy-agent-1.9.10.jar:/home/runner/.m2/repository/org/objenesis/objenesis/1.0/objenesis-1.0.jar:/home/runner/.m2/repository/org/apache/hadoop/hadoop-kms/3.3.1/hadoop-kms-3.3.1.jar:/home/runner/.m2/repository/org/apache/hadoop/hadoop-auth/3.3.1/hadoop-auth-3.3.1.jar:/home/runner/.m2/repository/com/nimbusds/nimbus-jose-jwt/7.9/nimbus-jose-jwt-7.9.jar:/home/runner/.m2/repository/com/github/stephenc/jcip/jcip-annotations/1.0-1/jcip-annotations-1.0-1.jar:/home/runner/.m2/repository/net/minidev/json-smart/2.4.7/json-smart-2.4.7.jar:/home/runner/.m2/repository/net/minidev/accessors-smart/2.4.7/accessors-smart-2.4.7.jar:/home/runner/.m2/repository/org/ow2/asm/asm/5.0.4/asm-5.0.4.jar:/home/runner/.m2/repository/org/apache/zookeeper/zookeeper/3.5.6/zookeeper-3.5.6.jar:/home/runner/.m2/repository/org/apache/zookeeper/zookeeper-jute/3.5.6/zookeeper-jute-3.5.6.jar:/home/runner/.m2/repository/org/apache/yetus/audience-annotations/0.5.0/audience-annotations-0.5.0.jar:/home/runner/.m2/repository/org/apache/curator/curator-framework/4.2.0/curator-framework-4.2.0.jar:/home/runner/.m2/repository/org/apache/hadoop/thirdparty/hadoop-shaded-guava/1.1.1/hadoop-shaded-guava-1.1.1.jar:/home/runner/.m2/repository/com/sun/jersey/jersey-core/1.19/jersey-core-1.19.jar:/home/runner/.m2/repository/javax/ws/rs/jsr311-api/1.1.1/jsr311-api-1.1.1.jar:/home/runner/.m2/repository/com/sun/jersey/jersey-server/1.19/jersey-server-1.19.jar:/home/runner/.m2/repository/javax/servlet/javax.servlet-api/3.1.0/javax.servlet-api-3.1.0.jar:/home/runner/.m2/repository/org/eclipse/jetty/jetty-server/9.4.43.v20210629/jetty-server-9.4.43.v20210629.jar:/home/runner/.m2/repository/org/eclipse/jetty/jetty-http/9.4.43.v20210629/jetty-http-9.4.43.v20210629.jar:/home/runner/.m2/repository/org/eclipse/jetty/jetty-io/9.4.43.v20210629/jetty-io-9.4.43.v20210629.jar:/home/runner/.m2/repository/org/eclipse/jetty/jetty-webapp/9.4.43.v20210629/jetty-webapp-9.4.43.v20210629.jar:/home/runner/.m2/repository/org/eclipse/jetty/jetty-xml/9.4.43.v20210629/jetty-xml-9.4.43.v20210629.jar:/home/runner/.m2/repository/org/apache/hadoop/hadoop-common/3.3.1/hadoop-common-3.3.1.jar:/home/runner/.m2/repository/org/apache/commons/commons-math3/3.1.1/commons-math3-3.1.1.jar:/home/runner/.m2/repository/commons-net/commons-net/3.6/commons-net-3.6.jar:/home/runner/.m2/repository/jakarta/activation/jakarta.activation-api/1.2.1/jakarta.activation-api-1.2.1.jar:/home/runner/.m2/repository/com/sun/jersey/jersey-servlet/1.19/jersey-servlet-1.19.jar:/home/runner/.m2/repository/com/sun/jersey/jersey-json/1.19/jersey-json-1.19.jar:/home/runner/.m2/repository/org/codehaus/jettison/jettison/1.1/jettison-1.1.jar:/home/runner/.m2/repository/com/sun/xml/bind/jaxb-impl/2.2.3-1/jaxb-impl-2.2.3-1.jar:/home/runner/.m2/repository/org/codehaus/jackson/jackson-jaxrs/1.9.2/jackson-jaxrs-1.9.2.jar:/home/runner/.m2/repository/org/codehaus/jackson/jackson-xc/1.9.2/jackson-xc-1.9.2.jar:/home/runner/.m2/repository/org/apache/commons/commons-configuration2/2.1.1/commons-configuration2-2.1.1.jar:/home/runner/.m2/repository/org/apache/commons/commons-text/1.4/commons-text-1.4.jar:/home/runner/.m2/repository/com/google/re2j/re2j/1.1/re2j-1.1.jar:/home/runner/.m2/repository/com/jcraft/jsch/0.1.54/jsch-0.1.54.jar:/home/runner/.m2/repository/org/apache/curator/curator-client/4.2.0/curator-client-4.2.0.jar:/home/runner/.m2/repository/org/apache/curator/curator-recipes/4.2.0/curator-recipes-4.2.0.jar:/home/runner/.m2/repository/org/apache/kerby/kerb-core/1.0.1/kerb-core-1.0.1.jar:/home/runner/.m2/repository/org/apache/kerby/kerby-pkix/1.0.1/kerby-pkix-1.0.1.jar:/home/runner/.m2/repository/org/apache/kerby/kerby-asn1/1.0.1/kerby-asn1-1.0.1.jar:/home/runner/.m2/repository/org/apache/kerby/kerby-util/1.0.1/kerby-util-1.0.1.jar:/home/runner/.m2/repository/dnsjava/dnsjava/2.1.7/dnsjava-2.1.7.jar:/home/runner/.m2/repository/org/xerial/snappy/snappy-java/1.1.8.2/snappy-java-1.1.8.2.jar:/home/runner/.m2/repository/org/slf4j/jul-to-slf4j/1.7.30/jul-to-slf4j-1.7.30.jar:/home/runner/.m2/repository/org/eclipse/jetty/jetty-util/9.4.43.v20210629/jetty-util-9.4.43.v20210629.jar:/home/runner/.m2/repository/com/fasterxml/jackson/core/jackson-databind/2.12.1/jackson-databind-2.12.1.jar:/home/runner/.m2/repository/org/apache/hadoop/hadoop-kms/3.3.1/hadoop-kms-3.3.1-tests.jar:/home/runner/.m2/repository/org/apache/ozone/hdds-server-scm/1.3.0-SNAPSHOT/hdds-server-scm-1.3.0-SNAPSHOT-tests.jar:/home/runner/.m2/repository/org/apache/ozone/hdds-container-service/1.3.0-SNAPSHOT/hdds-container-service-1.3.0-SNAPSHOT-tests.jar:/home/runner/.m2/repository/commons-codec/commons-codec/1.11/commons-codec-1.11.jar:/home/runner/.m2/repository/io/netty/netty-transport/4.1.63.Final/netty-transport-4.1.63.Final.jar:/home/runner/.m2/repository/io/netty/netty-resolver/4.1.63.Final/netty-resolver-4.1.63.Final.jar:/home/runner/.m2/repository/io/netty/netty-codec/4.1.63.Final/netty-codec-4.1.63.Final.jar:/home/runner/.m2/repository/io/netty/netty-handler/4.1.63.Final/netty-handler-4.1.63.Final.jar:/home/runner/.m2/repository/org/apache/ozone/hdds-hadoop-dependency-test/1.3.0-SNAPSHOT/hdds-hadoop-dependency-test-1.3.0-SNAPSHOT.jar:/home/runner/.m2/repository/org/apache/hadoop/hadoop-common/3.3.1/hadoop-common-3.3.1-tests.jar:/home/runner/.m2/repository/org/assertj/assertj-core/3.12.2/assertj-core-3.12.2.jar:/home/runner/.m2/repository/org/apache/hadoop/hadoop-hdfs/3.3.1/hadoop-hdfs-3.3.1-tests.jar:/home/runner/.m2/repository/org/eclipse/jetty/jetty-util-ajax/9.4.43.v20210629/jetty-util-ajax-9.4.43.v20210629.jar:/home/runner/.m2/repository/commons-daemon/commons-daemon/1.0.13/commons-daemon-1.0.13.jar:/home/runner/.m2/repository/io/netty/netty/3.10.6.Final/netty-3.10.6.Final.jar:/home/runner/.m2/repository/io/netty/netty-all/4.1.63.Final/netty-all-4.1.63.Final.jar:/home/runner/.m2/repository/org/apache/htrace/htrace-core4/4.1.0-incubating/htrace-core4-4.1.0-incubating.jar:/home/runner/.m2/repository/org/fusesource/leveldbjni/leveldbjni-all/1.8/leveldbjni-all-1.8.jar:/home/runner/.m2/repository/org/apache/hadoop/hadoop-distcp/3.3.1/hadoop-distcp-3.3.1.jar:/home/runner/.m2/repository/org/apache/hadoop/hadoop-mapreduce-client-jobclient/3.3.1/hadoop-mapreduce-client-jobclient-3.3.1.jar:/home/runner/.m2/repository/org/apache/hadoop/hadoop-mapreduce-client-common/3.3.1/hadoop-mapreduce-client-common-3.3.1.jar:/home/runner/.m2/repository/org/apache/hadoop/hadoop-yarn-common/3.3.1/hadoop-yarn-common-3.3.1.jar:/home/runner/.m2/repository/org/apache/hadoop/hadoop-yarn-api/3.3.1/hadoop-yarn-api-3.3.1.jar:/home/runner/.m2/repository/com/sun/jersey/jersey-client/1.19/jersey-client-1.19.jar:/home/runner/.m2/repository/com/sun/jersey/contribs/jersey-guice/1.19/jersey-guice-1.19.jar:/home/runner/.m2/repository/com/fasterxml/jackson/jaxrs/jackson-jaxrs-json-provider/2.12.1/jackson-jaxrs-json-provider-2.12.1.jar:/home/runner/.m2/repository/com/fasterxml/jackson/jaxrs/jackson-jaxrs-base/2.12.1/jackson-jaxrs-base-2.12.1.jar:/home/runner/.m2/repository/org/apache/hadoop/hadoop-yarn-client/3.3.1/hadoop-yarn-client-3.3.1.jar:/home/runner/.m2/repository/org/eclipse/jetty/websocket/websocket-client/9.4.40.v20210413/websocket-client-9.4.40.v20210413.jar:/home/runner/.m2/repository/org/eclipse/jetty/jetty-client/9.4.40.v20210413/jetty-client-9.4.40.v20210413.jar:/home/runner/.m2/repository/org/eclipse/jetty/websocket/websocket-common/9.4.40.v20210413/websocket-common-9.4.40.v20210413.jar:/home/runner/.m2/repository/org/eclipse/jetty/websocket/websocket-api/9.4.40.v20210413/websocket-api-9.4.40.v20210413.jar:/home/runner/.m2/repository/org/jline/jline/3.9.0/jline-3.9.0.jar:/home/runner/.m2/repository/org/apache/hadoop/hadoop-mapreduce-client-core/3.3.1/hadoop-mapreduce-client-core-3.3.1.jar:/home/runner/.m2/repository/org/apache/avro/avro/1.7.7/avro-1.7.7.jar:/home/runner/.m2/repository/org/codehaus/jackson/jackson-core-asl/1.9.13/jackson-core-asl-1.9.13.jar:/home/runner/.m2/repository/org/codehaus/jackson/jackson-mapper-asl/1.9.13/jackson-mapper-asl-1.9.13.jar:/home/runner/.m2/repository/com/thoughtworks/paranamer/paranamer/2.3/paranamer-2.3.jar:/home/runner/.m2/repository/org/apache/hadoop/hadoop-annotations/3.3.1/hadoop-annotations-3.3.1.jar:/usr/lib/jvm/temurin-8-jdk-amd64/jre/../lib/tools.jar:/home/runner/.m2/repository/org/apache/hadoop/hadoop-distcp/3.3.1/hadoop-distcp-3.3.1-tests.jar:/home/runner/.m2/repository/org/apache/ratis/ratis-common/2.2.0/ratis-common-2.2.0.jar:/home/runner/.m2/repository/org/apache/ratis/ratis-thirdparty-misc/0.7.0/ratis-thirdparty-misc-0.7.0.jar:/home/runner/.m2/repository/org/apache/ratis/ratis-proto/2.2.0/ratis-proto-2.2.0.jar:"/>
    <property name="java.vm.vendor" value="Temurin"/>
    <property name="sun.arch.data.model" value="64"/>
    <property name="test.build.dir" value="/home/runner/work/ozone/ozone/hadoop-ozone/integration-test/target/test-dir"/>
    <property name="test.cache.data" value=""/>
    <property name="java.vendor.url" value="https://adoptium.net/"/>
    <property name="user.timezone" value=""/>
    <property name="java.vm.specification.version" value="1.8"/>
    <property name="os.name" value="Linux"/>
    <property name="test.build.data" value="/home/runner/work/ozone/ozone/hadoop-ozone/integration-test/target/test-dir"/>
    <property name="sun.java.launcher" value="SUN_STANDARD"/>
    <property name="sun.boot.library.path" value="/usr/lib/jvm/temurin-8-jdk-amd64/jre/lib/amd64"/>
    <property name="sun.java.command" value="/home/runner/work/ozone/ozone/hadoop-ozone/integration-test/target/surefire/surefirebooter1818319821511932966.jar /home/runner/work/ozone/ozone/hadoop-ozone/integration-test/target/surefire 2022-02-17T09-20-52_425-jvmRun1 surefire5651513276240003714tmp surefire_642870084438573232643tmp"/>
    <property name="surefire.test.class.path" value="/home/runner/work/ozone/ozone/hadoop-ozone/integration-test/target/test-classes:/home/runner/work/ozone/ozone/hadoop-ozone/integration-test/target/classes:/home/runner/.m2/repository/org/apache/ozone/ozone-common/1.3.0-SNAPSHOT/ozone-common-1.3.0-SNAPSHOT.jar:/home/runner/.m2/repository/org/apache/commons/commons-compress/1.21/commons-compress-1.21.jar:/home/runner/.m2/repository/org/apache/ozone/hdds-common/1.3.0-SNAPSHOT/hdds-common-1.3.0-SNAPSHOT.jar:/home/runner/.m2/repository/org/apache/ozone/hdds-client/1.3.0-SNAPSHOT/hdds-client-1.3.0-SNAPSHOT.jar:/home/runner/.m2/repository/org/apache/ozone/ozone-interface-client/1.3.0-SNAPSHOT/ozone-interface-client-1.3.0-SNAPSHOT.jar:/home/runner/.m2/repository/org/apache/ozone/hdds-test-utils/1.3.0-SNAPSHOT/hdds-test-utils-1.3.0-SNAPSHOT.jar:/home/runner/.m2/repository/com/google/guava/guava/30.1.1-jre/guava-30.1.1-jre.jar:/home/runner/.m2/repository/com/google/guava/failureaccess/1.0.1/failureaccess-1.0.1.jar:/home/runner/.m2/repository/com/google/guava/listenablefuture/9999.0-empty-to-avoid-conflict-with-guava/listenablefuture-9999.0-empty-to-avoid-conflict-with-guava.jar:/home/runner/.m2/repository/com/google/code/findbugs/jsr305/3.0.0/jsr305-3.0.0.jar:/home/runner/.m2/repository/org/checkerframework/checker-qual/3.8.0/checker-qual-3.8.0.jar:/home/runner/.m2/repository/com/google/errorprone/error_prone_annotations/2.2.0/error_prone_annotations-2.2.0.jar:/home/runner/.m2/repository/com/google/j2objc/j2objc-annotations/1.3/j2objc-annotations-1.3.jar:/home/runner/.m2/repository/commons-io/commons-io/2.11.0/commons-io-2.11.0.jar:/home/runner/.m2/repository/commons-logging/commons-logging/1.2/commons-logging-1.2.jar:/home/runner/.m2/repository/log4j/log4j/1.2.17/log4j-1.2.17.jar:/home/runner/.m2/repository/org/slf4j/slf4j-api/1.7.30/slf4j-api-1.7.30.jar:/home/runner/.m2/repository/org/apache/ozone/hdds-server-scm/1.3.0-SNAPSHOT/hdds-server-scm-1.3.0-SNAPSHOT.jar:/home/runner/.m2/repository/org/apache/ozone/hdds-container-service/1.3.0-SNAPSHOT/hdds-container-service-1.3.0-SNAPSHOT.jar:/home/runner/.m2/repository/org/apache/ozone/hdds-hadoop-dependency-server/1.3.0-SNAPSHOT/hdds-hadoop-dependency-server-1.3.0-SNAPSHOT.jar:/home/runner/.m2/repository/org/apache/hadoop/hadoop-hdfs/3.3.1/hadoop-hdfs-3.3.1.jar:/home/runner/.m2/repository/org/apache/ozone/hdds-server-framework/1.3.0-SNAPSHOT/hdds-server-framework-1.3.0-SNAPSHOT.jar:/home/runner/.m2/repository/org/apache/ozone/hdds-interface-server/1.3.0-SNAPSHOT/hdds-interface-server-1.3.0-SNAPSHOT.jar:/home/runner/.m2/repository/org/eclipse/jetty/jetty-servlet/9.4.43.v20210629/jetty-servlet-9.4.43.v20210629.jar:/home/runner/.m2/repository/org/eclipse/jetty/jetty-security/9.4.43.v20210629/jetty-security-9.4.43.v20210629.jar:/home/runner/.m2/repository/org/rocksdb/rocksdbjni/6.25.3/rocksdbjni-6.25.3.jar:/home/runner/.m2/repository/io/prometheus/simpleclient_dropwizard/0.7.0/simpleclient_dropwizard-0.7.0.jar:/home/runner/.m2/repository/io/prometheus/simpleclient/0.7.0/simpleclient-0.7.0.jar:/home/runner/.m2/repository/io/prometheus/simpleclient_common/0.7.0/simpleclient_common-0.7.0.jar:/home/runner/.m2/repository/com/fasterxml/jackson/datatype/jackson-datatype-jsr310/2.12.1/jackson-datatype-jsr310-2.12.1.jar:/home/runner/.m2/repository/io/dropwizard/metrics/metrics-core/3.2.4/metrics-core-3.2.4.jar:/home/runner/.m2/repository/org/apache/hadoop/hadoop-hdfs-client/3.3.1/hadoop-hdfs-client-3.3.1.jar:/home/runner/.m2/repository/org/bouncycastle/bcprov-jdk15on/1.67/bcprov-jdk15on-1.67.jar:/home/runner/.m2/repository/com/google/protobuf/protobuf-java/2.5.0/protobuf-java-2.5.0.jar:/home/runner/.m2/repository/org/apache/ozone/ozone-manager/1.3.0-SNAPSHOT/ozone-manager-1.3.0-SNAPSHOT.jar:/home/runner/.m2/repository/org/aspectj/aspectjrt/1.9.7/aspectjrt-1.9.7.jar:/home/runner/.m2/repository/org/aspectj/aspectjweaver/1.9.7/aspectjweaver-1.9.7.jar:/home/runner/.m2/repository/org/apache/ozone/hdds-interface-client/1.3.0-SNAPSHOT/hdds-interface-client-1.3.0-SNAPSHOT.jar:/home/runner/.m2/repository/org/apache/hadoop/thirdparty/hadoop-shaded-protobuf_3_7/1.1.1/hadoop-shaded-protobuf_3_7-1.1.1.jar:/home/runner/.m2/repository/org/apache/ozone/ozone-interface-storage/1.3.0-SNAPSHOT/ozone-interface-storage-1.3.0-SNAPSHOT.jar:/home/runner/.m2/repository/org/reflections/reflections/0.9.11/reflections-0.9.11.jar:/home/runner/.m2/repository/org/apache/hadoop/hadoop-minikdc/3.3.1/hadoop-minikdc-3.3.1.jar:/home/runner/.m2/repository/org/apache/kerby/kerb-simplekdc/1.0.1/kerb-simplekdc-1.0.1.jar:/home/runner/.m2/repository/org/apache/kerby/kerb-client/1.0.1/kerb-client-1.0.1.jar:/home/runner/.m2/repository/org/apache/kerby/kerby-config/1.0.1/kerby-config-1.0.1.jar:/home/runner/.m2/repository/org/apache/kerby/kerb-common/1.0.1/kerb-common-1.0.1.jar:/home/runner/.m2/repository/org/apache/kerby/kerb-crypto/1.0.1/kerb-crypto-1.0.1.jar:/home/runner/.m2/repository/org/apache/kerby/kerb-util/1.0.1/kerb-util-1.0.1.jar:/home/runner/.m2/repository/org/apache/kerby/token-provider/1.0.1/token-provider-1.0.1.jar:/home/runner/.m2/repository/org/apache/kerby/kerb-admin/1.0.1/kerb-admin-1.0.1.jar:/home/runner/.m2/repository/org/apache/kerby/kerb-server/1.0.1/kerb-server-1.0.1.jar:/home/runner/.m2/repository/org/apache/kerby/kerb-identity/1.0.1/kerb-identity-1.0.1.jar:/home/runner/.m2/repository/org/apache/kerby/kerby-xdr/1.0.1/kerby-xdr-1.0.1.jar:/home/runner/.m2/repository/org/slf4j/slf4j-log4j12/1.7.30/slf4j-log4j12-1.7.30.jar:/home/runner/.m2/repository/org/apache/ozone/ozone-s3gateway/1.3.0-SNAPSHOT/ozone-s3gateway-1.3.0-SNAPSHOT.jar:/home/runner/.m2/repository/org/javassist/javassist/3.21.0-GA/javassist-3.21.0-GA.jar:/home/runner/.m2/repository/org/jboss/weld/servlet/weld-servlet/2.4.7.Final/weld-servlet-2.4.7.Final.jar:/home/runner/.m2/repository/org/glassfish/jersey/containers/jersey-container-servlet-core/2.33/jersey-container-servlet-core-2.33.jar:/home/runner/.m2/repository/org/glassfish/hk2/external/jakarta.inject/2.6.1/jakarta.inject-2.6.1.jar:/home/runner/.m2/repository/org/glassfish/jersey/core/jersey-common/2.33/jersey-common-2.33.jar:/home/runner/.m2/repository/jakarta/ws/rs/jakarta.ws.rs-api/2.1.6/jakarta.ws.rs-api-2.1.6.jar:/home/runner/.m2/repository/org/glassfish/jersey/ext/cdi/jersey-cdi1x/2.33/jersey-cdi1x-2.33.jar:/home/runner/.m2/repository/org/glassfish/jersey/inject/jersey-hk2/2.33/jersey-hk2-2.33.jar:/home/runner/.m2/repository/org/glassfish/hk2/hk2-locator/2.6.1/hk2-locator-2.6.1.jar:/home/runner/.m2/repository/org/glassfish/jersey/media/jersey-media-jaxb/2.33/jersey-media-jaxb-2.33.jar:/home/runner/.m2/repository/org/glassfish/hk2/osgi-resource-locator/1.0.3/osgi-resource-locator-1.0.3.jar:/home/runner/.m2/repository/org/glassfish/hk2/hk2-api/2.5.0/hk2-api-2.5.0.jar:/home/runner/.m2/repository/org/glassfish/hk2/hk2-utils/2.5.0/hk2-utils-2.5.0.jar:/home/runner/.m2/repository/org/glassfish/hk2/external/aopalliance-repackaged/2.5.0/aopalliance-repackaged-2.5.0.jar:/home/runner/.m2/repository/com/fasterxml/jackson/dataformat/jackson-dataformat-xml/2.12.1/jackson-dataformat-xml-2.12.1.jar:/home/runner/.m2/repository/com/fasterxml/jackson/core/jackson-core/2.12.1/jackson-core-2.12.1.jar:/home/runner/.m2/repository/com/fasterxml/jackson/module/jackson-module-jaxb-annotations/2.12.1/jackson-module-jaxb-annotations-2.12.1.jar:/home/runner/.m2/repository/jakarta/xml/bind/jakarta.xml.bind-api/2.3.2/jakarta.xml.bind-api-2.3.2.jar:/home/runner/.m2/repository/org/codehaus/woodstox/stax2-api/3.1.4/stax2-api-3.1.4.jar:/home/runner/.m2/repository/com/fasterxml/woodstox/woodstox-core/5.0.3/woodstox-core-5.0.3.jar:/home/runner/.m2/repository/javax/enterprise/cdi-api/1.2/cdi-api-1.2.jar:/home/runner/.m2/repository/javax/el/javax.el-api/3.0.0/javax.el-api-3.0.0.jar:/home/runner/.m2/repository/javax/interceptor/javax.interceptor-api/1.2/javax.interceptor-api-1.2.jar:/home/runner/.m2/repository/javax/inject/javax.inject/1/javax.inject-1.jar:/home/runner/.m2/repository/javax/xml/bind/jaxb-api/2.3.0/jaxb-api-2.3.0.jar:/home/runner/.m2/repository/org/glassfish/jaxb/jaxb-runtime/2.3.0.1/jaxb-runtime-2.3.0.1.jar:/home/runner/.m2/repository/org/glassfish/jaxb/jaxb-core/2.3.0.1/jaxb-core-2.3.0.1.jar:/home/runner/.m2/repository/org/glassfish/jaxb/txw2/2.3.0.1/txw2-2.3.0.1.jar:/home/runner/.m2/repository/com/sun/istack/istack-commons-runtime/3.0.5/istack-commons-runtime-3.0.5.jar:/home/runner/.m2/repository/org/jvnet/staxex/stax-ex/1.7.8/stax-ex-1.7.8.jar:/home/runner/.m2/repository/com/sun/xml/fastinfoset/FastInfoset/1.2.13/FastInfoset-1.2.13.jar:/home/runner/.m2/repository/javax/activation/activation/1.1.1/activation-1.1.1.jar:/home/runner/.m2/repository/org/apache/ozone/ozone-csi/1.3.0-SNAPSHOT/ozone-csi-1.3.0-SNAPSHOT.jar:/home/runner/.m2/repository/com/google/protobuf/protobuf-java-util/3.12.0/protobuf-java-util-3.12.0.jar:/home/runner/.m2/repository/com/google/code/gson/gson/2.2.4/gson-2.2.4.jar:/home/runner/.m2/repository/org/apache/ozone/hdds-config/1.3.0-SNAPSHOT/hdds-config-1.3.0-SNAPSHOT.jar:/home/runner/.m2/repository/io/grpc/grpc-netty/1.33.0/grpc-netty-1.33.0.jar:/home/runner/.m2/repository/io/grpc/grpc-core/1.33.0/grpc-core-1.33.0.jar:/home/runner/.m2/repository/com/google/android/annotations/4.1.1.4/annotations-4.1.1.4.jar:/home/runner/.m2/repository/io/netty/netty-codec-http2/4.1.63.Final/netty-codec-http2-4.1.63.Final.jar:/home/runner/.m2/repository/io/netty/netty-codec-http/4.1.63.Final/netty-codec-http-4.1.63.Final.jar:/home/runner/.m2/repository/io/netty/netty-handler-proxy/4.1.63.Final/netty-handler-proxy-4.1.63.Final.jar:/home/runner/.m2/repository/io/netty/netty-codec-socks/4.1.63.Final/netty-codec-socks-4.1.63.Final.jar:/home/runner/.m2/repository/io/perfmark/perfmark-api/0.19.0/perfmark-api-0.19.0.jar:/home/runner/.m2/repository/org/codehaus/mojo/animal-sniffer-annotations/1.18/animal-sniffer-annotations-1.18.jar:/home/runner/.m2/repository/io/netty/netty-transport-native-epoll/4.1.63.Final/netty-transport-native-epoll-4.1.63.Final.jar:/home/runner/.m2/repository/io/netty/netty-common/4.1.63.Final/netty-common-4.1.63.Final.jar:/home/runner/.m2/repository/io/netty/netty-buffer/4.1.63.Final/netty-buffer-4.1.63.Final.jar:/home/runner/.m2/repository/io/netty/netty-transport-native-unix-common/4.1.63.Final/netty-transport-native-unix-common-4.1.63.Final.jar:/home/runner/.m2/repository/io/grpc/grpc-protobuf/1.33.0/grpc-protobuf-1.33.0.jar:/home/runner/.m2/repository/io/grpc/grpc-api/1.33.0/grpc-api-1.33.0.jar:/home/runner/.m2/repository/io/grpc/grpc-context/1.33.0/grpc-context-1.33.0.jar:/home/runner/.m2/repository/com/google/api/grpc/proto-google-common-protos/1.17.0/proto-google-common-protos-1.17.0.jar:/home/runner/.m2/repository/io/grpc/grpc-protobuf-lite/1.33.0/grpc-protobuf-lite-1.33.0.jar:/home/runner/.m2/repository/io/grpc/grpc-stub/1.33.0/grpc-stub-1.33.0.jar:/home/runner/.m2/repository/org/apache/ozone/ozone-recon/1.3.0-SNAPSHOT/ozone-recon-1.3.0-SNAPSHOT.jar:/home/runner/.m2/repository/org/apache/ozone/ozone-reconcodegen/1.3.0-SNAPSHOT/ozone-reconcodegen-1.3.0-SNAPSHOT.jar:/home/runner/.m2/repository/com/google/inject/extensions/guice-multibindings/4.0/guice-multibindings-4.0.jar:/home/runner/.m2/repository/com/google/inject/guice/4.0/guice-4.0.jar:/home/runner/.m2/repository/aopalliance/aopalliance/1.0/aopalliance-1.0.jar:/home/runner/.m2/repository/com/google/inject/extensions/guice-assistedinject/4.0/guice-assistedinject-4.0.jar:/home/runner/.m2/repository/com/google/inject/extensions/guice-servlet/4.0/guice-servlet-4.0.jar:/home/runner/.m2/repository/org/glassfish/jersey/containers/jersey-container-servlet/2.33/jersey-container-servlet-2.33.jar:/home/runner/.m2/repository/org/glassfish/hk2/guice-bridge/2.5.0/guice-bridge-2.5.0.jar:/home/runner/.m2/repository/org/glassfish/jersey/core/jersey-server/2.33/jersey-server-2.33.jar:/home/runner/.m2/repository/org/glassfish/jersey/core/jersey-client/2.33/jersey-client-2.33.jar:/home/runner/.m2/repository/jakarta/annotation/jakarta.annotation-api/1.3.5/jakarta.annotation-api-1.3.5.jar:/home/runner/.m2/repository/jakarta/validation/jakarta.validation-api/2.0.2/jakarta.validation-api-2.0.2.jar:/home/runner/.m2/repository/org/glassfish/jersey/media/jersey-media-json-jackson/2.33/jersey-media-json-jackson-2.33.jar:/home/runner/.m2/repository/org/glassfish/jersey/ext/jersey-entity-filtering/2.33/jersey-entity-filtering-2.33.jar:/home/runner/.m2/repository/org/jooq/jooq/3.11.10/jooq-3.11.10.jar:/home/runner/.m2/repository/org/jooq/jooq-meta/3.11.10/jooq-meta-3.11.10.jar:/home/runner/.m2/repository/org/jooq/jooq-codegen/3.11.10/jooq-codegen-3.11.10.jar:/home/runner/.m2/repository/com/jolbox/bonecp/0.8.0.RELEASE/bonecp-0.8.0.RELEASE.jar:/home/runner/.m2/repository/org/apache/derby/derby/10.14.2.0/derby-10.14.2.0.jar:/home/runner/.m2/repository/org/xerial/sqlite-jdbc/3.25.2/sqlite-jdbc-3.25.2.jar:/home/runner/.m2/repository/org/springframework/spring-jdbc/5.2.18.RELEASE/spring-jdbc-5.2.18.RELEASE.jar:/home/runner/.m2/repository/org/springframework/spring-beans/5.2.18.RELEASE/spring-beans-5.2.18.RELEASE.jar:/home/runner/.m2/repository/org/springframework/spring-core/5.2.18.RELEASE/spring-core-5.2.18.RELEASE.jar:/home/runner/.m2/repository/org/springframework/spring-jcl/5.2.18.RELEASE/spring-jcl-5.2.18.RELEASE.jar:/home/runner/.m2/repository/org/springframework/spring-tx/5.2.18.RELEASE/spring-tx-5.2.18.RELEASE.jar:/home/runner/.m2/repository/org/apache/ozone/ozone-client/1.3.0-SNAPSHOT/ozone-client-1.3.0-SNAPSHOT.jar:/home/runner/.m2/repository/org/apache/ozone/ozone-filesystem/1.3.0-SNAPSHOT/ozone-filesystem-1.3.0-SNAPSHOT.jar:/home/runner/.m2/repository/org/apache/ozone/ozone-filesystem-common/1.3.0-SNAPSHOT/ozone-filesystem-common-1.3.0-SNAPSHOT.jar:/home/runner/.m2/repository/org/apache/ozone/ozone-tools/1.3.0-SNAPSHOT/ozone-tools-1.3.0-SNAPSHOT.jar:/home/runner/.m2/repository/org/apache/ratis/ratis-tools/2.2.0/ratis-tools-2.2.0.jar:/home/runner/.m2/repository/com/amazonaws/aws-java-sdk-core/1.12.124/aws-java-sdk-core-1.12.124.jar:/home/runner/.m2/repository/org/apache/httpcomponents/httpclient/4.5.13/httpclient-4.5.13.jar:/home/runner/.m2/repository/org/apache/httpcomponents/httpcore/4.4.13/httpcore-4.4.13.jar:/home/runner/.m2/repository/software/amazon/ion/ion-java/1.0.2/ion-java-1.0.2.jar:/home/runner/.m2/repository/com/fasterxml/jackson/dataformat/jackson-dataformat-cbor/2.12.1/jackson-dataformat-cbor-2.12.1.jar:/home/runner/.m2/repository/joda-time/joda-time/2.8.1/joda-time-2.8.1.jar:/home/runner/.m2/repository/com/amazonaws/aws-java-sdk-s3/1.12.124/aws-java-sdk-s3-1.12.124.jar:/home/runner/.m2/repository/com/amazonaws/aws-java-sdk-kms/1.12.124/aws-java-sdk-kms-1.12.124.jar:/home/runner/.m2/repository/com/amazonaws/jmespath-java/1.12.124/jmespath-java-1.12.124.jar:/home/runner/.m2/repository/org/kohsuke/metainf-services/metainf-services/1.8/metainf-services-1.8.jar:/home/runner/.m2/repository/org/apache/ozone/hdds-tools/1.3.0-SNAPSHOT/hdds-tools-1.3.0-SNAPSHOT.jar:/home/runner/.m2/repository/commons-cli/commons-cli/1.2/commons-cli-1.2.jar:/home/runner/.m2/repository/org/apache/commons/commons-lang3/3.7/commons-lang3-3.7.jar:/home/runner/.m2/repository/org/apache/ozone/ozone-manager/1.3.0-SNAPSHOT/ozone-manager-1.3.0-SNAPSHOT-tests.jar:/home/runner/.m2/repository/org/apache/ozone/hdds-common/1.3.0-SNAPSHOT/hdds-common-1.3.0-SNAPSHOT-tests.jar:/home/runner/.m2/repository/org/apache/ozone/hdds-hadoop-dependency-client/1.3.0-SNAPSHOT/hdds-hadoop-dependency-client-1.3.0-SNAPSHOT.jar:/home/runner/.m2/repository/info/picocli/picocli/4.6.1/picocli-4.6.1.jar:/home/runner/.m2/repository/com/fasterxml/jackson/core/jackson-annotations/2.12.1/jackson-annotations-2.12.1.jar:/home/runner/.m2/repository/javax/annotation/javax.annotation-api/1.2/javax.annotation-api-1.2.jar:/home/runner/.m2/repository/org/apache/ratis/ratis-server/2.2.0/ratis-server-2.2.0.jar:/home/runner/.m2/repository/org/apache/ratis/ratis-client/2.2.0/ratis-client-2.2.0.jar:/home/runner/.m2/repository/org/apache/ratis/ratis-server-api/2.2.0/ratis-server-api-2.2.0.jar:/home/runner/.m2/repository/org/apache/ratis/ratis-metrics/2.2.0/ratis-metrics-2.2.0.jar:/home/runner/.m2/repository/org/apache/ratis/ratis-netty/2.2.0/ratis-netty-2.2.0.jar:/home/runner/.m2/repository/org/apache/ratis/ratis-grpc/2.2.0/ratis-grpc-2.2.0.jar:/home/runner/.m2/repository/org/apache/logging/log4j/log4j-api/2.17.1/log4j-api-2.17.1.jar:/home/runner/.m2/repository/org/apache/logging/log4j/log4j-core/2.17.1/log4j-core-2.17.1.jar:/home/runner/.m2/repository/com/lmax/disruptor/3.4.2/disruptor-3.4.2.jar:/home/runner/.m2/repository/org/apache/commons/commons-pool2/2.6.0/commons-pool2-2.6.0.jar:/home/runner/.m2/repository/org/bouncycastle/bcpkix-jdk15on/1.67/bcpkix-jdk15on-1.67.jar:/home/runner/.m2/repository/commons-validator/commons-validator/1.6/commons-validator-1.6.jar:/home/runner/.m2/repository/commons-beanutils/commons-beanutils/1.9.4/commons-beanutils-1.9.4.jar:/home/runner/.m2/repository/commons-digester/commons-digester/1.8.1/commons-digester-1.8.1.jar:/home/runner/.m2/repository/commons-collections/commons-collections/3.2.2/commons-collections-3.2.2.jar:/home/runner/.m2/repository/io/jaegertracing/jaeger-client/1.6.0/jaeger-client-1.6.0.jar:/home/runner/.m2/repository/io/jaegertracing/jaeger-thrift/1.6.0/jaeger-thrift-1.6.0.jar:/home/runner/.m2/repository/org/apache/thrift/libthrift/0.14.1/libthrift-0.14.1.jar:/home/runner/.m2/repository/com/squareup/okhttp3/okhttp/4.9.0/okhttp-4.9.0.jar:/home/runner/.m2/repository/com/squareup/okio/okio/2.8.0/okio-2.8.0.jar:/home/runner/.m2/repository/io/jaegertracing/jaeger-core/1.6.0/jaeger-core-1.6.0.jar:/home/runner/.m2/repository/io/jaegertracing/jaeger-tracerresolver/1.6.0/jaeger-tracerresolver-1.6.0.jar:/home/runner/.m2/repository/io/opentracing/contrib/opentracing-tracerresolver/0.1.8/opentracing-tracerresolver-0.1.8.jar:/home/runner/.m2/repository/org/jetbrains/kotlin/kotlin-stdlib/1.4.31/kotlin-stdlib-1.4.31.jar:/home/runner/.m2/repository/org/jetbrains/kotlin/kotlin-stdlib-common/1.4.31/kotlin-stdlib-common-1.4.31.jar:/home/runner/.m2/repository/org/jetbrains/annotations/13.0/annotations-13.0.jar:/home/runner/.m2/repository/io/opentracing/opentracing-util/0.33.0/opentracing-util-0.33.0.jar:/home/runner/.m2/repository/io/opentracing/opentracing-api/0.33.0/opentracing-api-0.33.0.jar:/home/runner/.m2/repository/io/opentracing/opentracing-noop/0.33.0/opentracing-noop-0.33.0.jar:/home/runner/.m2/repository/org/yaml/snakeyaml/1.26/snakeyaml-1.26.jar:/home/runner/.m2/repository/org/apache/ozone/hdds-interface-admin/1.3.0-SNAPSHOT/hdds-interface-admin-1.3.0-SNAPSHOT.jar:/home/runner/.m2/repository/junit/junit/4.13.1/junit-4.13.1.jar:/home/runner/.m2/repository/org/hamcrest/hamcrest-core/1.3/hamcrest-core-1.3.jar:/home/runner/.m2/repository/org/junit/jupiter/junit-jupiter-api/5.7.0/junit-jupiter-api-5.7.0.jar:/home/runner/.m2/repository/org/apiguardian/apiguardian-api/1.1.0/apiguardian-api-1.1.0.jar:/home/runner/.m2/repository/org/opentest4j/opentest4j/1.2.0/opentest4j-1.2.0.jar:/home/runner/.m2/repository/org/junit/platform/junit-platform-commons/1.7.0/junit-platform-commons-1.7.0.jar:/home/runner/.m2/repository/org/junit/jupiter/junit-jupiter-engine/5.7.0/junit-jupiter-engine-5.7.0.jar:/home/runner/.m2/repository/org/junit/platform/junit-platform-engine/1.7.0/junit-platform-engine-1.7.0.jar:/home/runner/.m2/repository/org/junit/vintage/junit-vintage-engine/5.7.0/junit-vintage-engine-5.7.0.jar:/home/runner/.m2/repository/org/junit/platform/junit-platform-launcher/1.7.0/junit-platform-launcher-1.7.0.jar:/home/runner/.m2/repository/org/mockito/mockito-core/2.28.2/mockito-core-2.28.2.jar:/home/runner/.m2/repository/net/bytebuddy/byte-buddy/1.9.10/byte-buddy-1.9.10.jar:/home/runner/.m2/repository/net/bytebuddy/byte-buddy-agent/1.9.10/byte-buddy-agent-1.9.10.jar:/home/runner/.m2/repository/org/objenesis/objenesis/1.0/objenesis-1.0.jar:/home/runner/.m2/repository/org/apache/hadoop/hadoop-kms/3.3.1/hadoop-kms-3.3.1.jar:/home/runner/.m2/repository/org/apache/hadoop/hadoop-auth/3.3.1/hadoop-auth-3.3.1.jar:/home/runner/.m2/repository/com/nimbusds/nimbus-jose-jwt/7.9/nimbus-jose-jwt-7.9.jar:/home/runner/.m2/repository/com/github/stephenc/jcip/jcip-annotations/1.0-1/jcip-annotations-1.0-1.jar:/home/runner/.m2/repository/net/minidev/json-smart/2.4.7/json-smart-2.4.7.jar:/home/runner/.m2/repository/net/minidev/accessors-smart/2.4.7/accessors-smart-2.4.7.jar:/home/runner/.m2/repository/org/ow2/asm/asm/5.0.4/asm-5.0.4.jar:/home/runner/.m2/repository/org/apache/zookeeper/zookeeper/3.5.6/zookeeper-3.5.6.jar:/home/runner/.m2/repository/org/apache/zookeeper/zookeeper-jute/3.5.6/zookeeper-jute-3.5.6.jar:/home/runner/.m2/repository/org/apache/yetus/audience-annotations/0.5.0/audience-annotations-0.5.0.jar:/home/runner/.m2/repository/org/apache/curator/curator-framework/4.2.0/curator-framework-4.2.0.jar:/home/runner/.m2/repository/org/apache/hadoop/thirdparty/hadoop-shaded-guava/1.1.1/hadoop-shaded-guava-1.1.1.jar:/home/runner/.m2/repository/com/sun/jersey/jersey-core/1.19/jersey-core-1.19.jar:/home/runner/.m2/repository/javax/ws/rs/jsr311-api/1.1.1/jsr311-api-1.1.1.jar:/home/runner/.m2/repository/com/sun/jersey/jersey-server/1.19/jersey-server-1.19.jar:/home/runner/.m2/repository/javax/servlet/javax.servlet-api/3.1.0/javax.servlet-api-3.1.0.jar:/home/runner/.m2/repository/org/eclipse/jetty/jetty-server/9.4.43.v20210629/jetty-server-9.4.43.v20210629.jar:/home/runner/.m2/repository/org/eclipse/jetty/jetty-http/9.4.43.v20210629/jetty-http-9.4.43.v20210629.jar:/home/runner/.m2/repository/org/eclipse/jetty/jetty-io/9.4.43.v20210629/jetty-io-9.4.43.v20210629.jar:/home/runner/.m2/repository/org/eclipse/jetty/jetty-webapp/9.4.43.v20210629/jetty-webapp-9.4.43.v20210629.jar:/home/runner/.m2/repository/org/eclipse/jetty/jetty-xml/9.4.43.v20210629/jetty-xml-9.4.43.v20210629.jar:/home/runner/.m2/repository/org/apache/hadoop/hadoop-common/3.3.1/hadoop-common-3.3.1.jar:/home/runner/.m2/repository/org/apache/commons/commons-math3/3.1.1/commons-math3-3.1.1.jar:/home/runner/.m2/repository/commons-net/commons-net/3.6/commons-net-3.6.jar:/home/runner/.m2/repository/jakarta/activation/jakarta.activation-api/1.2.1/jakarta.activation-api-1.2.1.jar:/home/runner/.m2/repository/com/sun/jersey/jersey-servlet/1.19/jersey-servlet-1.19.jar:/home/runner/.m2/repository/com/sun/jersey/jersey-json/1.19/jersey-json-1.19.jar:/home/runner/.m2/repository/org/codehaus/jettison/jettison/1.1/jettison-1.1.jar:/home/runner/.m2/repository/com/sun/xml/bind/jaxb-impl/2.2.3-1/jaxb-impl-2.2.3-1.jar:/home/runner/.m2/repository/org/codehaus/jackson/jackson-jaxrs/1.9.2/jackson-jaxrs-1.9.2.jar:/home/runner/.m2/repository/org/codehaus/jackson/jackson-xc/1.9.2/jackson-xc-1.9.2.jar:/home/runner/.m2/repository/org/apache/commons/commons-configuration2/2.1.1/commons-configuration2-2.1.1.jar:/home/runner/.m2/repository/org/apache/commons/commons-text/1.4/commons-text-1.4.jar:/home/runner/.m2/repository/com/google/re2j/re2j/1.1/re2j-1.1.jar:/home/runner/.m2/repository/com/jcraft/jsch/0.1.54/jsch-0.1.54.jar:/home/runner/.m2/repository/org/apache/curator/curator-client/4.2.0/curator-client-4.2.0.jar:/home/runner/.m2/repository/org/apache/curator/curator-recipes/4.2.0/curator-recipes-4.2.0.jar:/home/runner/.m2/repository/org/apache/kerby/kerb-core/1.0.1/kerb-core-1.0.1.jar:/home/runner/.m2/repository/org/apache/kerby/kerby-pkix/1.0.1/kerby-pkix-1.0.1.jar:/home/runner/.m2/repository/org/apache/kerby/kerby-asn1/1.0.1/kerby-asn1-1.0.1.jar:/home/runner/.m2/repository/org/apache/kerby/kerby-util/1.0.1/kerby-util-1.0.1.jar:/home/runner/.m2/repository/dnsjava/dnsjava/2.1.7/dnsjava-2.1.7.jar:/home/runner/.m2/repository/org/xerial/snappy/snappy-java/1.1.8.2/snappy-java-1.1.8.2.jar:/home/runner/.m2/repository/org/slf4j/jul-to-slf4j/1.7.30/jul-to-slf4j-1.7.30.jar:/home/runner/.m2/repository/org/eclipse/jetty/jetty-util/9.4.43.v20210629/jetty-util-9.4.43.v20210629.jar:/home/runner/.m2/repository/com/fasterxml/jackson/core/jackson-databind/2.12.1/jackson-databind-2.12.1.jar:/home/runner/.m2/repository/org/apache/hadoop/hadoop-kms/3.3.1/hadoop-kms-3.3.1-tests.jar:/home/runner/.m2/repository/org/apache/ozone/hdds-server-scm/1.3.0-SNAPSHOT/hdds-server-scm-1.3.0-SNAPSHOT-tests.jar:/home/runner/.m2/repository/org/apache/ozone/hdds-container-service/1.3.0-SNAPSHOT/hdds-container-service-1.3.0-SNAPSHOT-tests.jar:/home/runner/.m2/repository/commons-codec/commons-codec/1.11/commons-codec-1.11.jar:/home/runner/.m2/repository/io/netty/netty-transport/4.1.63.Final/netty-transport-4.1.63.Final.jar:/home/runner/.m2/repository/io/netty/netty-resolver/4.1.63.Final/netty-resolver-4.1.63.Final.jar:/home/runner/.m2/repository/io/netty/netty-codec/4.1.63.Final/netty-codec-4.1.63.Final.jar:/home/runner/.m2/repository/io/netty/netty-handler/4.1.63.Final/netty-handler-4.1.63.Final.jar:/home/runner/.m2/repository/org/apache/ozone/hdds-hadoop-dependency-test/1.3.0-SNAPSHOT/hdds-hadoop-dependency-test-1.3.0-SNAPSHOT.jar:/home/runner/.m2/repository/org/apache/hadoop/hadoop-common/3.3.1/hadoop-common-3.3.1-tests.jar:/home/runner/.m2/repository/org/assertj/assertj-core/3.12.2/assertj-core-3.12.2.jar:/home/runner/.m2/repository/org/apache/hadoop/hadoop-hdfs/3.3.1/hadoop-hdfs-3.3.1-tests.jar:/home/runner/.m2/repository/org/eclipse/jetty/jetty-util-ajax/9.4.43.v20210629/jetty-util-ajax-9.4.43.v20210629.jar:/home/runner/.m2/repository/commons-daemon/commons-daemon/1.0.13/commons-daemon-1.0.13.jar:/home/runner/.m2/repository/io/netty/netty/3.10.6.Final/netty-3.10.6.Final.jar:/home/runner/.m2/repository/io/netty/netty-all/4.1.63.Final/netty-all-4.1.63.Final.jar:/home/runner/.m2/repository/org/apache/htrace/htrace-core4/4.1.0-incubating/htrace-core4-4.1.0-incubating.jar:/home/runner/.m2/repository/org/fusesource/leveldbjni/leveldbjni-all/1.8/leveldbjni-all-1.8.jar:/home/runner/.m2/repository/org/apache/hadoop/hadoop-distcp/3.3.1/hadoop-distcp-3.3.1.jar:/home/runner/.m2/repository/org/apache/hadoop/hadoop-mapreduce-client-jobclient/3.3.1/hadoop-mapreduce-client-jobclient-3.3.1.jar:/home/runner/.m2/repository/org/apache/hadoop/hadoop-mapreduce-client-common/3.3.1/hadoop-mapreduce-client-common-3.3.1.jar:/home/runner/.m2/repository/org/apache/hadoop/hadoop-yarn-common/3.3.1/hadoop-yarn-common-3.3.1.jar:/home/runner/.m2/repository/org/apache/hadoop/hadoop-yarn-api/3.3.1/hadoop-yarn-api-3.3.1.jar:/home/runner/.m2/repository/com/sun/jersey/jersey-client/1.19/jersey-client-1.19.jar:/home/runner/.m2/repository/com/sun/jersey/contribs/jersey-guice/1.19/jersey-guice-1.19.jar:/home/runner/.m2/repository/com/fasterxml/jackson/jaxrs/jackson-jaxrs-json-provider/2.12.1/jackson-jaxrs-json-provider-2.12.1.jar:/home/runner/.m2/repository/com/fasterxml/jackson/jaxrs/jackson-jaxrs-base/2.12.1/jackson-jaxrs-base-2.12.1.jar:/home/runner/.m2/repository/org/apache/hadoop/hadoop-yarn-client/3.3.1/hadoop-yarn-client-3.3.1.jar:/home/runner/.m2/repository/org/eclipse/jetty/websocket/websocket-client/9.4.40.v20210413/websocket-client-9.4.40.v20210413.jar:/home/runner/.m2/repository/org/eclipse/jetty/jetty-client/9.4.40.v20210413/jetty-client-9.4.40.v20210413.jar:/home/runner/.m2/repository/org/eclipse/jetty/websocket/websocket-common/9.4.40.v20210413/websocket-common-9.4.40.v20210413.jar:/home/runner/.m2/repository/org/eclipse/jetty/websocket/websocket-api/9.4.40.v20210413/websocket-api-9.4.40.v20210413.jar:/home/runner/.m2/repository/org/jline/jline/3.9.0/jline-3.9.0.jar:/home/runner/.m2/repository/org/apache/hadoop/hadoop-mapreduce-client-core/3.3.1/hadoop-mapreduce-client-core-3.3.1.jar:/home/runner/.m2/repository/org/apache/avro/avro/1.7.7/avro-1.7.7.jar:/home/runner/.m2/repository/org/codehaus/jackson/jackson-core-asl/1.9.13/jackson-core-asl-1.9.13.jar:/home/runner/.m2/repository/org/codehaus/jackson/jackson-mapper-asl/1.9.13/jackson-mapper-asl-1.9.13.jar:/home/runner/.m2/repository/com/thoughtworks/paranamer/paranamer/2.3/paranamer-2.3.jar:/home/runner/.m2/repository/org/apache/hadoop/hadoop-annotations/3.3.1/hadoop-annotations-3.3.1.jar:/usr/lib/jvm/temurin-8-jdk-amd64/jre/../lib/tools.jar:/home/runner/.m2/repository/org/apache/hadoop/hadoop-distcp/3.3.1/hadoop-distcp-3.3.1-tests.jar:/home/runner/.m2/repository/org/apache/ratis/ratis-common/2.2.0/ratis-common-2.2.0.jar:/home/runner/.m2/repository/org/apache/ratis/ratis-thirdparty-misc/0.7.0/ratis-thirdparty-misc-0.7.0.jar:/home/runner/.m2/repository/org/apache/ratis/ratis-proto/2.2.0/ratis-proto-2.2.0.jar:"/>
    <property name="sun.cpu.endian" value="little"/>
    <property name="user.home" value="/home/runner"/>
    <property name="user.language" value="en"/>
    <property name="java.specification.vendor" value="Oracle Corporation"/>
    <property name="java.home" value="/usr/lib/jvm/temurin-8-jdk-amd64/jre"/>
    <property name="java.security.krb5.conf" value="/home/runner/work/ozone/ozone/hadoop-ozone/integration-test/target/test-classes/krb5.conf"/>
    <property name="basedir" value="/home/runner/work/ozone/ozone/hadoop-ozone/integration-test"/>
    <property name="file.separator" value="/"/>
    <property name="line.separator" value="&#10;"/>
    <property name="java.vm.specification.vendor" value="Oracle Corporation"/>
    <property name="java.specification.name" value="Java Platform API Specification"/>
    <property name="java.awt.graphicsenv" value="sun.awt.X11GraphicsEnvironment"/>
    <property name="skip.installnpx" value="true"/>
    <property name="surefire.real.class.path" value="/home/runner/work/ozone/ozone/hadoop-ozone/integration-test/target/surefire/surefirebooter1818319821511932966.jar:/home/runner/.m2/repository/org/jacoco/org.jacoco.agent/0.8.5/org.jacoco.agent-0.8.5-runtime.jar"/>
    <property name="hadoop.log.dir" value="/home/runner/work/ozone/ozone/hadoop-ozone/integration-test/target/log"/>
    <property name="sun.boot.class.path" value="/usr/lib/jvm/temurin-8-jdk-amd64/jre/lib/resources.jar:/usr/lib/jvm/temurin-8-jdk-amd64/jre/lib/rt.jar:/usr/lib/jvm/temurin-8-jdk-amd64/jre/lib/sunrsasign.jar:/usr/lib/jvm/temurin-8-jdk-amd64/jre/lib/jsse.jar:/usr/lib/jvm/temurin-8-jdk-amd64/jre/lib/jce.jar:/usr/lib/jvm/temurin-8-jdk-amd64/jre/lib/charsets.jar:/usr/lib/jvm/temurin-8-jdk-amd64/jre/lib/jfr.jar:/usr/lib/jvm/temurin-8-jdk-amd64/jre/classes"/>
    <property name="sun.management.compiler" value="HotSpot 64-Bit Tiered Compilers"/>
    <property name="skip.npx" value="true"/>
    <property name="java.runtime.version" value="1.8.0_322-b06"/>
    <property name="java.net.preferIPv4Stack" value="true"/>
    <property name="user.name" value="runner"/>
    <property name="path.separator" value=":"/>
    <property name="java.security.egd" value="file:///dev/urandom"/>
    <property name="os.version" value="5.4.0-1069-azure"/>
    <property name="java.endorsed.dirs" value="/usr/lib/jvm/temurin-8-jdk-amd64/jre/lib/endorsed"/>
    <property name="java.runtime.name" value="OpenJDK Runtime Environment"/>
    <property name="file.encoding" value="UTF-8"/>
    <property name="java.vm.name" value="OpenJDK 64-Bit Server VM"/>
    <property name="test.build.webapps" value=""/>
    <property name="localRepository" value="/home/runner/.m2/repository"/>
    <property name="java.vendor.url.bug" value="https://github.com/adoptium/adoptium-support/issues"/>
    <property name="java.io.tmpdir" value="/tmp"/>
    <property name="require.test.libhadoop" value=""/>
    <property name="java.version" value="1.8.0_322"/>
    <property name="user.dir" value="/home/runner/work/ozone/ozone/hadoop-ozone/integration-test"/>
    <property name="os.arch" value="amd64"/>
    <property name="java.vm.specification.name" value="Java Virtual Machine Specification"/>
    <property name="test.build.classes" value="/home/runner/work/ozone/ozone/hadoop-ozone/integration-test/target/test-classes"/>
    <property name="java.awt.printerjob" value="sun.print.PSPrinterJob"/>
    <property name="sun.os.patch.level" value="unknown"/>
    <property name="hadoop.tmp.dir" value="/home/runner/work/ozone/ozone/hadoop-ozone/integration-test/target/tmp"/>
    <property name="java.library.path" value="/usr/java/packages/lib/amd64:/usr/lib64:/lib64:/lib:/usr/lib"/>
    <property name="java.vm.info" value="mixed mode"/>
    <property name="java.vendor" value="Temurin"/>
    <property name="java.vm.version" value="25.322-b06"/>
    <property name="java.ext.dirs" value="/usr/lib/jvm/temurin-8-jdk-amd64/jre/lib/ext:/usr/java/packages/lib/ext"/>
    <property name="sun.io.unicode.encoding" value="UnicodeLittle"/>
    <property name="java.class.version" value="52.0"/>
  </properties>
  <testcase name="testInstallSnapshot" classname="org.apache.hadoop.ozone.scm.TestSCMInstallSnapshotWithHA" time="70.909"/>
  <testcase name="testInstallOldCheckpointFailure" classname="org.apache.hadoop.ozone.scm.TestSCMInstallSnapshotWithHA" time="59.884">
    <failure message="expected:&lt;(t:2, i:128)&gt; but was:&lt;(t:2, i:28)&gt;" type="java.lang.AssertionError"><![CDATA[java.lang.AssertionError: expected:<(t:2, i:128)> but was:<(t:2, i:28)>
	at org.junit.Assert.fail(Assert.java:89)
	at org.junit.Assert.failNotEquals(Assert.java:835)
	at org.junit.Assert.assertEquals(Assert.java:120)
	at org.junit.Assert.assertEquals(Assert.java:146)
	at org.apache.hadoop.ozone.scm.TestSCMInstallSnapshotWithHA.testInstallOldCheckpointFailure(TestSCMInstallSnapshotWithHA.java:208)
	at sun.reflect.NativeMethodAccessorImpl.invoke0(Native Method)
	at sun.reflect.NativeMethodAccessorImpl.invoke(NativeMethodAccessorImpl.java:62)
	at sun.reflect.DelegatingMethodAccessorImpl.invoke(DelegatingMethodAccessorImpl.java:43)
	at java.lang.reflect.Method.invoke(Method.java:498)
	at org.junit.platform.commons.util.ReflectionUtils.invokeMethod(ReflectionUtils.java:688)
	at org.junit.jupiter.engine.execution.MethodInvocation.proceed(MethodInvocation.java:60)
	at org.junit.jupiter.engine.execution.InvocationInterceptorChain$ValidatingInvocation.proceed(InvocationInterceptorChain.java:131)
	at org.junit.jupiter.engine.extension.TimeoutInvocation.proceed(TimeoutInvocation.java:46)
	at org.junit.jupiter.engine.extension.TimeoutExtension.intercept(TimeoutExtension.java:149)
	at org.junit.jupiter.engine.extension.TimeoutExtension.interceptTestableMethod(TimeoutExtension.java:140)
	at org.junit.jupiter.engine.extension.TimeoutExtension.interceptTestMethod(TimeoutExtension.java:84)
	at org.junit.jupiter.engine.execution.ExecutableInvoker$ReflectiveInterceptorCall.lambda$ofVoidMethod$0(ExecutableInvoker.java:115)
	at org.junit.jupiter.engine.execution.ExecutableInvoker.lambda$invoke$0(ExecutableInvoker.java:105)
	at org.junit.jupiter.engine.execution.InvocationInterceptorChain$InterceptedInvocation.proceed(InvocationInterceptorChain.java:106)
	at org.junit.jupiter.engine.execution.InvocationInterceptorChain.proceed(InvocationInterceptorChain.java:64)
	at org.junit.jupiter.engine.execution.InvocationInterceptorChain.chainAndInvoke(InvocationInterceptorChain.java:45)
	at org.junit.jupiter.engine.execution.InvocationInterceptorChain.invoke(InvocationInterceptorChain.java:37)
	at org.junit.jupiter.engine.execution.ExecutableInvoker.invoke(ExecutableInvoker.java:104)
	at org.junit.jupiter.engine.execution.ExecutableInvoker.invoke(ExecutableInvoker.java:98)
	at org.junit.jupiter.engine.descriptor.TestMethodTestDescriptor.lambda$invokeTestMethod$6(TestMethodTestDescriptor.java:210)
	at org.junit.platform.engine.support.hierarchical.ThrowableCollector.execute(ThrowableCollector.java:73)
	at org.junit.jupiter.engine.descriptor.TestMethodTestDescriptor.invokeTestMethod(TestMethodTestDescriptor.java:206)
	at org.junit.jupiter.engine.descriptor.TestMethodTestDescriptor.execute(TestMethodTestDescriptor.java:131)
	at org.junit.jupiter.engine.descriptor.TestMethodTestDescriptor.execute(TestMethodTestDescriptor.java:65)
	at org.junit.platform.engine.support.hierarchical.NodeTestTask.lambda$executeRecursively$5(NodeTestTask.java:139)
	at org.junit.platform.engine.support.hierarchical.ThrowableCollector.execute(ThrowableCollector.java:73)
	at org.junit.platform.engine.support.hierarchical.NodeTestTask.lambda$executeRecursively$7(NodeTestTask.java:129)
	at org.junit.platform.engine.support.hierarchical.Node.around(Node.java:137)
	at org.junit.platform.engine.support.hierarchical.NodeTestTask.lambda$executeRecursively$8(NodeTestTask.java:127)
	at org.junit.platform.engine.support.hierarchical.ThrowableCollector.execute(ThrowableCollector.java:73)
	at org.junit.platform.engine.support.hierarchical.NodeTestTask.executeRecursively(NodeTestTask.java:126)
	at org.junit.platform.engine.support.hierarchical.NodeTestTask.execute(NodeTestTask.java:84)
	at java.util.ArrayList.forEach(ArrayList.java:1259)
	at org.junit.platform.engine.support.hierarchical.SameThreadHierarchicalTestExecutorService.invokeAll(SameThreadHierarchicalTestExecutorService.java:38)
	at org.junit.platform.engine.support.hierarchical.NodeTestTask.lambda$executeRecursively$5(NodeTestTask.java:143)
	at org.junit.platform.engine.support.hierarchical.ThrowableCollector.execute(ThrowableCollector.java:73)
	at org.junit.platform.engine.support.hierarchical.NodeTestTask.lambda$executeRecursively$7(NodeTestTask.java:129)
	at org.junit.platform.engine.support.hierarchical.Node.around(Node.java:137)
	at org.junit.platform.engine.support.hierarchical.NodeTestTask.lambda$executeRecursively$8(NodeTestTask.java:127)
	at org.junit.platform.engine.support.hierarchical.ThrowableCollector.execute(ThrowableCollector.java:73)
	at org.junit.platform.engine.support.hierarchical.NodeTestTask.executeRecursively(NodeTestTask.java:126)
	at org.junit.platform.engine.support.hierarchical.NodeTestTask.execute(NodeTestTask.java:84)
	at java.util.ArrayList.forEach(ArrayList.java:1259)
	at org.junit.platform.engine.support.hierarchical.SameThreadHierarchicalTestExecutorService.invokeAll(SameThreadHierarchicalTestExecutorService.java:38)
	at org.junit.platform.engine.support.hierarchical.NodeTestTask.lambda$executeRecursively$5(NodeTestTask.java:143)
	at org.junit.platform.engine.support.hierarchical.ThrowableCollector.execute(ThrowableCollector.java:73)
	at org.junit.platform.engine.support.hierarchical.NodeTestTask.lambda$executeRecursively$7(NodeTestTask.java:129)
	at org.junit.platform.engine.support.hierarchical.Node.around(Node.java:137)
	at org.junit.platform.engine.support.hierarchical.NodeTestTask.lambda$executeRecursively$8(NodeTestTask.java:127)
	at org.junit.platform.engine.support.hierarchical.ThrowableCollector.execute(ThrowableCollector.java:73)
	at org.junit.platform.engine.support.hierarchical.NodeTestTask.executeRecursively(NodeTestTask.java:126)
	at org.junit.platform.engine.support.hierarchical.NodeTestTask.execute(NodeTestTask.java:84)
	at org.junit.platform.engine.support.hierarchical.SameThreadHierarchicalTestExecutorService.submit(SameThreadHierarchicalTestExecutorService.java:32)
	at org.junit.platform.engine.support.hierarchical.HierarchicalTestExecutor.execute(HierarchicalTestExecutor.java:57)
	at org.junit.platform.engine.support.hierarchical.HierarchicalTestEngine.execute(HierarchicalTestEngine.java:51)
	at org.junit.platform.launcher.core.EngineExecutionOrchestrator.execute(EngineExecutionOrchestrator.java:108)
	at org.junit.platform.launcher.core.EngineExecutionOrchestrator.execute(EngineExecutionOrchestrator.java:88)
	at org.junit.platform.launcher.core.EngineExecutionOrchestrator.lambda$execute$0(EngineExecutionOrchestrator.java:54)
	at org.junit.platform.launcher.core.EngineExecutionOrchestrator.withInterceptedStreams(EngineExecutionOrchestrator.java:67)
	at org.junit.platform.launcher.core.EngineExecutionOrchestrator.execute(EngineExecutionOrchestrator.java:52)
	at org.junit.platform.launcher.core.DefaultLauncher.execute(DefaultLauncher.java:96)
	at org.junit.platform.launcher.core.DefaultLauncher.execute(DefaultLauncher.java:75)
	at org.apache.maven.surefire.junitplatform.JUnitPlatformProvider.invokeAllTests(JUnitPlatformProvider.java:142)
	at org.apache.maven.surefire.junitplatform.JUnitPlatformProvider.invoke(JUnitPlatformProvider.java:113)
	at org.apache.maven.surefire.booter.ForkedBooter.invokeProviderInSameClassLoader(ForkedBooter.java:384)
	at org.apache.maven.surefire.booter.ForkedBooter.runSuitesInProcess(ForkedBooter.java:345)
	at org.apache.maven.surefire.booter.ForkedBooter.execute(ForkedBooter.java:126)
	at org.apache.maven.surefire.booter.ForkedBooter.main(ForkedBooter.java:418)
]]></failure>
    <system-out><![CDATA[2022-02-17 10:47:41,976 [Listener at 127.0.0.1/34637] WARN  server.ServerUtils (ServerUtils.java:getScmDbDir(148)) - ozone.scm.db.dirs is not configured. We recommend adding this setting. Falling back to ozone.metadata.dirs instead.
2022-02-17 10:47:41,976 [Listener at 127.0.0.1/34637] INFO  ha.SCMHANodeDetails (SCMHANodeDetails.java:loadSCMHAConfig(157)) - ServiceID for StorageContainerManager is scm-service-test1
2022-02-17 10:47:41,977 [Listener at 127.0.0.1/34637] INFO  ha.SCMHANodeDetails (SCMHANodeDetails.java:loadSCMHAConfig(168)) - ServiceID for StorageContainerManager is scm-service-test1
2022-02-17 10:47:41,977 [Listener at 127.0.0.1/34637] WARN  scm.ScmUtils (ScmUtils.java:logWarn(179)) - ConfigKey ozone.scm.block.client.address is deprecated, For configuring different ports for each SCM use PortConfigKey ozone.scm.block.client.port appended with serviceId and nodeId. If want to configure same port configure ozone.scm.block.client.port
2022-02-17 10:47:41,977 [Listener at 127.0.0.1/34637] WARN  scm.ScmUtils (ScmUtils.java:logWarn(179)) - ConfigKey ozone.scm.client.address is deprecated, For configuring different ports for each SCM use PortConfigKey ozone.scm.client.port appended with serviceId and nodeId. If want to configure same port configure ozone.scm.client.port
2022-02-17 10:47:41,977 [Listener at 127.0.0.1/34637] WARN  scm.ScmUtils (ScmUtils.java:logWarn(179)) - ConfigKey ozone.scm.datanode.address is deprecated, For configuring different ports for each SCM use PortConfigKey ozone.scm.datanode.port appended with serviceId and nodeId. If want to configure same port configure ozone.scm.datanode.port
2022-02-17 10:47:41,978 [Listener at 127.0.0.1/34637] WARN  scm.ScmUtils (ScmUtils.java:logWarn(179)) - ConfigKey ozone.scm.block.client.address is deprecated, For configuring different ports for each SCM use PortConfigKey ozone.scm.block.client.port appended with serviceId and nodeId. If want to configure same port configure ozone.scm.block.client.port
2022-02-17 10:47:41,978 [Listener at 127.0.0.1/34637] WARN  scm.ScmUtils (ScmUtils.java:logWarn(179)) - ConfigKey ozone.scm.client.address is deprecated, For configuring different ports for each SCM use PortConfigKey ozone.scm.client.port appended with serviceId and nodeId. If want to configure same port configure ozone.scm.client.port
2022-02-17 10:47:41,978 [Listener at 127.0.0.1/34637] WARN  scm.ScmUtils (ScmUtils.java:logWarn(179)) - ConfigKey ozone.scm.datanode.address is deprecated, For configuring different ports for each SCM use PortConfigKey ozone.scm.datanode.port appended with serviceId and nodeId. If want to configure same port configure ozone.scm.datanode.port
2022-02-17 10:47:41,979 [Listener at 127.0.0.1/34637] INFO  ha.SCMHANodeDetails (SCMHANodeDetails.java:loadSCMHAConfig(250)) - Found matching SCM address with SCMServiceId: scm-service-test1, SCMNodeId: scmNode-1, RPC Address: localhost:34705 and Ratis port: 34705
2022-02-17 10:47:41,979 [Listener at 127.0.0.1/34637] INFO  ha.SCMHANodeDetails (ConfUtils.java:setNodeSpecificConfigs(108)) - Setting configuration key ozone.scm.datanode.address with value of key ozone.scm.datanode.address.scm-service-test1.scmNode-1: 127.0.0.1:37793
2022-02-17 10:47:41,979 [Listener at 127.0.0.1/34637] INFO  ha.SCMHANodeDetails (ConfUtils.java:setNodeSpecificConfigs(108)) - Setting configuration key ozone.scm.block.client.address with value of key ozone.scm.block.client.address.scm-service-test1.scmNode-1: 127.0.0.1:36645
2022-02-17 10:47:41,979 [Listener at 127.0.0.1/34637] INFO  ha.SCMHANodeDetails (ConfUtils.java:setNodeSpecificConfigs(108)) - Setting configuration key ozone.scm.client.address with value of key ozone.scm.client.address.scm-service-test1.scmNode-1: 127.0.0.1:34429
2022-02-17 10:47:41,979 [Listener at 127.0.0.1/34637] INFO  ha.SCMHANodeDetails (ConfUtils.java:setNodeSpecificConfigs(108)) - Setting configuration key ozone.scm.ratis.port with value of key ozone.scm.ratis.port.scm-service-test1.scmNode-1: 34705
2022-02-17 10:47:41,979 [Listener at 127.0.0.1/34637] INFO  ha.SCMHANodeDetails (ConfUtils.java:setNodeSpecificConfigs(108)) - Setting configuration key ozone.scm.grpc.port with value of key ozone.scm.grpc.port.scm-service-test1.scmNode-1: 45115
2022-02-17 10:47:41,979 [Listener at 127.0.0.1/34637] INFO  ha.SCMHANodeDetails (ConfUtils.java:setNodeSpecificConfigs(108)) - Setting configuration key ozone.scm.http-address with value of key ozone.scm.http-address.scm-service-test1.scmNode-1: 127.0.0.1:42527
2022-02-17 10:47:41,980 [Listener at 127.0.0.1/34637] INFO  ha.SCMHANodeDetails (ConfUtils.java:setNodeSpecificConfigs(108)) - Setting configuration key ozone.scm.https-address with value of key ozone.scm.https-address.scm-service-test1.scmNode-1: 127.0.0.1:43963
2022-02-17 10:47:41,980 [Listener at 127.0.0.1/34637] INFO  ha.SCMHANodeDetails (ConfUtils.java:setNodeSpecificConfigs(108)) - Setting configuration key ozone.scm.address with value of key ozone.scm.address.scm-service-test1.scmNode-1: 127.0.0.1
2022-02-17 10:47:41,980 [Listener at 127.0.0.1/34637] WARN  scm.ScmUtils (ScmUtils.java:logWarn(179)) - ConfigKey ozone.scm.block.client.address is deprecated, For configuring different ports for each SCM use PortConfigKey ozone.scm.block.client.port appended with serviceId and nodeId. If want to configure same port configure ozone.scm.block.client.port
2022-02-17 10:47:41,980 [Listener at 127.0.0.1/34637] WARN  scm.ScmUtils (ScmUtils.java:logWarn(179)) - ConfigKey ozone.scm.client.address is deprecated, For configuring different ports for each SCM use PortConfigKey ozone.scm.client.port appended with serviceId and nodeId. If want to configure same port configure ozone.scm.client.port
2022-02-17 10:47:41,980 [Listener at 127.0.0.1/34637] WARN  scm.ScmUtils (ScmUtils.java:logWarn(179)) - ConfigKey ozone.scm.datanode.address is deprecated, For configuring different ports for each SCM use PortConfigKey ozone.scm.datanode.port appended with serviceId and nodeId. If want to configure same port configure ozone.scm.datanode.port
2022-02-17 10:47:41,992 [EndpointStateMachine task thread for /127.0.0.1:41937 - 0 ] INFO  ipc.Client (Client.java:handleConnectionFailure(977)) - Retrying connect to server: localhost/127.0.0.1:41937. Already tried 6 time(s); retry policy is RetryUpToMaximumCountWithFixedSleep(maxRetries=15, sleepTime=1000 MILLISECONDS)
2022-02-17 10:47:41,998 [Listener at 127.0.0.1/34637] INFO  server.RaftServer (ConfUtils.java:logGet(44)) - raft.rpc.type = GRPC (default)
2022-02-17 10:47:41,998 [Listener at 127.0.0.1/34637] INFO  grpc.GrpcFactory (GrpcFactory.java:checkPooledByteBufAllocatorUseCacheForAllThreads(48)) - PERFORMANCE WARNING: useCacheForAllThreads is true that may cause Netty to create a lot garbage objects and, as a result, trigger GC.
	It is recommended to disable useCacheForAllThreads by setting -Dorg.apache.ratis.thirdparty.io.netty.allocator.useCacheForAllThreads=false in command line.
2022-02-17 10:47:41,998 [Listener at 127.0.0.1/34637] INFO  grpc.GrpcConfigKeys (ConfUtils.java:logGet(44)) - raft.grpc.admin.port = -1 (default)
2022-02-17 10:47:41,998 [Listener at 127.0.0.1/34637] INFO  grpc.GrpcConfigKeys (ConfUtils.java:logGet(44)) - raft.grpc.server.port = 34705 (custom)
2022-02-17 10:47:41,998 [Listener at 127.0.0.1/34637] INFO  grpc.GrpcConfigKeys (ConfUtils.java:logGet(44)) - raft.grpc.client.port = -1 (default)
2022-02-17 10:47:41,999 [Listener at 127.0.0.1/34637] INFO  grpc.GrpcConfigKeys (ConfUtils.java:logGet(44)) - raft.grpc.server.port = 34705 (custom)
2022-02-17 10:47:41,999 [Listener at 127.0.0.1/34637] INFO  grpc.GrpcConfigKeys (ConfUtils.java:logGet(44)) - raft.grpc.server.port = 34705 (custom)
2022-02-17 10:47:41,999 [Listener at 127.0.0.1/34637] INFO  server.GrpcService (ConfUtils.java:logGet(44)) - raft.grpc.message.size.max = 32m (=33554432) (custom)
2022-02-17 10:47:41,999 [Listener at 127.0.0.1/34637] INFO  server.RaftServerConfigKeys (ConfUtils.java:logGet(44)) - raft.server.log.appender.buffer.byte-limit = 33554432 (custom)
2022-02-17 10:47:41,999 [Listener at 127.0.0.1/34637] INFO  server.GrpcService (ConfUtils.java:logGet(44)) - raft.grpc.flow.control.window = 1MB (=1048576) (default)
2022-02-17 10:47:42,000 [Listener at 127.0.0.1/34637] INFO  server.RaftServerConfigKeys (ConfUtils.java:logGet(44)) - raft.server.rpc.request.timeout = 30000ms (custom)
2022-02-17 10:47:42,002 [Listener at 127.0.0.1/34637] INFO  impl.DataStreamServerImpl (ConfUtils.java:logGet(44)) - raft.datastream.type = DISABLED (default)
2022-02-17 10:47:42,008 [EndpointStateMachine task thread for /127.0.0.1:41349 - 0 ] INFO  ipc.Client (Client.java:handleConnectionFailure(977)) - Retrying connect to server: localhost/127.0.0.1:41349. Already tried 6 time(s); retry policy is RetryUpToMaximumCountWithFixedSleep(maxRetries=15, sleepTime=1000 MILLISECONDS)
2022-02-17 10:47:42,008 [Listener at 127.0.0.1/34637] INFO  server.RaftServerConfigKeys (ConfUtils.java:logGet(44)) - raft.server.rpc.slowness.timeout = 120000ms (custom)
2022-02-17 10:47:42,009 [Listener at 127.0.0.1/34637] INFO  server.RaftServerConfigKeys (ConfUtils.java:logGet(44)) - raft.server.leaderelection.leader.step-down.wait-time = 10s (default)
2022-02-17 10:47:42,009 [Listener at 127.0.0.1/34637] INFO  server.RaftServerConfigKeys (ConfUtils.java:logGet(44)) - raft.server.storage.dir = [/home/runner/work/ozone/ozone/hadoop-ozone/integration-test/target/test-dir/MiniOzoneClusterImpl-314b2a1d-9ab5-4841-b3ea-c00b8cba638f/scmNode-1/scm-ha] (custom)
2022-02-17 10:47:42,016 [EndpointStateMachine task thread for /127.0.0.1:46679 - 0 ] INFO  ipc.Client (Client.java:handleConnectionFailure(977)) - Retrying connect to server: localhost/127.0.0.1:46679. Already tried 6 time(s); retry policy is RetryUpToMaximumCountWithFixedSleep(maxRetries=15, sleepTime=1000 MILLISECONDS)
2022-02-17 10:47:42,016 [Listener at 127.0.0.1/34637] INFO  server.RaftServer (RaftServerProxy.java:addNew(95)) - e1200b4d-f169-45a2-b87f-8a7ea851d305: addNew group-C00B8CBA638F:[e1200b4d-f169-45a2-b87f-8a7ea851d305|rpc:localhost:34705|priority:0] returns group-C00B8CBA638F:java.util.concurrent.CompletableFuture@16819885[Not completed]
2022-02-17 10:47:42,016 [pool-195-thread-1] INFO  server.RaftServer$Division (RaftServerImpl.java:<init>(184)) - e1200b4d-f169-45a2-b87f-8a7ea851d305: new RaftServerImpl for group-C00B8CBA638F:[e1200b4d-f169-45a2-b87f-8a7ea851d305|rpc:localhost:34705|priority:0] with SCMStateMachine:uninitialized
2022-02-17 10:47:42,026 [pool-195-thread-1] INFO  server.RaftServerConfigKeys (ConfUtils.java:logGet(44)) - raft.server.rpc.timeout.min = 5000ms (custom)
2022-02-17 10:47:42,026 [pool-195-thread-1] INFO  server.RaftServerConfigKeys (ConfUtils.java:logGet(44)) - raft.server.rpc.timeout.max = 5200ms (custom)
2022-02-17 10:47:42,026 [pool-195-thread-1] INFO  server.RaftServerConfigKeys (ConfUtils.java:logGet(44)) - raft.server.rpc.sleep.time = 25ms (default)
2022-02-17 10:47:42,026 [pool-195-thread-1] INFO  server.RaftServerConfigKeys (ConfUtils.java:logGet(44)) - raft.server.rpc.slowness.timeout = 120000ms (custom)
2022-02-17 10:47:42,026 [pool-195-thread-1] INFO  server.RaftServerConfigKeys (ConfUtils.java:logGet(44)) - raft.server.leaderelection.leader.step-down.wait-time = 10s (default)
2022-02-17 10:47:42,026 [pool-195-thread-1] INFO  server.RaftServerConfigKeys (ConfUtils.java:logGet(44)) - raft.server.sleep.deviation.threshold = 300ms (default)
2022-02-17 10:47:42,026 [pool-195-thread-1] INFO  server.RaftServerConfigKeys (ConfUtils.java:logGet(44)) - raft.server.log.appender.install.snapshot.enabled = false (custom)
2022-02-17 10:47:42,027 [pool-195-thread-1] INFO  server.RaftServer$Division (ServerState.java:<init>(105)) - e1200b4d-f169-45a2-b87f-8a7ea851d305@group-C00B8CBA638F: ConfigurationManager, init=-1: [e1200b4d-f169-45a2-b87f-8a7ea851d305|rpc:localhost:34705|priority:0], old=null, confs=<EMPTY_MAP>
2022-02-17 10:47:42,027 [pool-195-thread-1] INFO  server.RaftServerConfigKeys (ConfUtils.java:logGet(44)) - raft.server.storage.dir = [/home/runner/work/ozone/ozone/hadoop-ozone/integration-test/target/test-dir/MiniOzoneClusterImpl-314b2a1d-9ab5-4841-b3ea-c00b8cba638f/scmNode-1/scm-ha] (custom)
2022-02-17 10:47:42,027 [pool-195-thread-1] INFO  server.RaftServerConfigKeys (ConfUtils.java:logGet(44)) - raft.server.log.corruption.policy = EXCEPTION (default)
2022-02-17 10:47:42,027 [pool-195-thread-1] INFO  server.RaftServerConfigKeys (ConfUtils.java:logGet(44)) - raft.server.storage.free-space.min = 0MB (=0) (default)
2022-02-17 10:47:42,027 [pool-195-thread-1] INFO  storage.RaftStorageDirectory (RaftStorageDirectoryImpl.java:analyzeStorage(135)) - The storage directory /home/runner/work/ozone/ozone/hadoop-ozone/integration-test/target/test-dir/MiniOzoneClusterImpl-314b2a1d-9ab5-4841-b3ea-c00b8cba638f/scmNode-1/scm-ha/314b2a1d-9ab5-4841-b3ea-c00b8cba638f does not exist. Creating ...
2022-02-17 10:47:42,029 [pool-195-thread-1] INFO  storage.RaftStorageDirectory (RaftStorageDirectoryImpl.java:tryLock(230)) - Lock on /home/runner/work/ozone/ozone/hadoop-ozone/integration-test/target/test-dir/MiniOzoneClusterImpl-314b2a1d-9ab5-4841-b3ea-c00b8cba638f/scmNode-1/scm-ha/314b2a1d-9ab5-4841-b3ea-c00b8cba638f/in_use.lock acquired by nodename 15481@fv-az12-716
2022-02-17 10:47:42,032 [pool-195-thread-1] INFO  storage.RaftStorage (RaftStorageImpl.java:format(89)) - Storage directory /home/runner/work/ozone/ozone/hadoop-ozone/integration-test/target/test-dir/MiniOzoneClusterImpl-314b2a1d-9ab5-4841-b3ea-c00b8cba638f/scmNode-1/scm-ha/314b2a1d-9ab5-4841-b3ea-c00b8cba638f has been successfully formatted.
2022-02-17 10:47:42,032 [pool-195-thread-1] INFO  server.RaftServerConfigKeys (ConfUtils.java:logGet(44)) - raft.server.notification.no-leader.timeout = 60s (default)
2022-02-17 10:47:42,032 [pool-195-thread-1] INFO  server.RaftServerConfigKeys (ConfUtils.java:logGet(44)) - raft.server.log.use.memory = false (default)
2022-02-17 10:47:42,032 [pool-195-thread-1] INFO  server.RaftServerConfigKeys (ConfUtils.java:logGet(44)) - raft.server.log.purge.gap = 5 (custom)
2022-02-17 10:47:42,032 [pool-195-thread-1] INFO  server.RaftServerConfigKeys (ConfUtils.java:logGet(44)) - raft.server.log.appender.buffer.byte-limit = 33554432 (custom)
2022-02-17 10:47:42,032 [pool-195-thread-1] INFO  server.RaftServerConfigKeys (ConfUtils.java:logGet(44)) - raft.server.log.segment.size.max = 4194304 (custom)
2022-02-17 10:47:42,033 [pool-195-thread-1] INFO  server.RaftServerConfigKeys (ConfUtils.java:logGet(44)) - raft.server.log.segment.cache.num.max = 2 (custom)
2022-02-17 10:47:42,033 [pool-195-thread-1] INFO  server.RaftServerConfigKeys (ConfUtils.java:logGet(44)) - raft.server.log.segment.cache.size.max = 200MB (=209715200) (default)
2022-02-17 10:47:42,033 [pool-195-thread-1] INFO  segmented.SegmentedRaftLogWorker (SegmentedRaftLogWorker.java:<init>(182)) - new e1200b4d-f169-45a2-b87f-8a7ea851d305@group-C00B8CBA638F-SegmentedRaftLogWorker for RaftStorageImpl:Storage Directory /home/runner/work/ozone/ozone/hadoop-ozone/integration-test/target/test-dir/MiniOzoneClusterImpl-314b2a1d-9ab5-4841-b3ea-c00b8cba638f/scmNode-1/scm-ha/314b2a1d-9ab5-4841-b3ea-c00b8cba638f
2022-02-17 10:47:42,033 [pool-195-thread-1] INFO  server.RaftServerConfigKeys (ConfUtils.java:logGet(44)) - raft.server.log.queue.byte-limit = 64MB (=67108864) (default)
2022-02-17 10:47:42,033 [pool-195-thread-1] INFO  server.RaftServerConfigKeys (ConfUtils.java:logGet(44)) - raft.server.log.queue.element-limit = 4096 (default)
2022-02-17 10:47:42,033 [pool-195-thread-1] INFO  server.RaftServerConfigKeys (ConfUtils.java:logGet(44)) - raft.server.log.segment.size.max = 4194304 (custom)
2022-02-17 10:47:42,033 [pool-195-thread-1] INFO  server.RaftServerConfigKeys (ConfUtils.java:logGet(44)) - raft.server.log.preallocated.size = 4194304 (custom)
2022-02-17 10:47:42,033 [pool-195-thread-1] INFO  server.RaftServerConfigKeys (ConfUtils.java:logGet(44)) - raft.server.log.force.sync.num = 128 (default)
2022-02-17 10:47:42,033 [pool-195-thread-1] INFO  server.RaftServerConfigKeys (ConfUtils.java:logGet(44)) - raft.server.log.statemachine.data.sync = true (default)
2022-02-17 10:47:42,033 [pool-195-thread-1] INFO  server.RaftServerConfigKeys (ConfUtils.java:logGet(44)) - raft.server.log.statemachine.data.sync.timeout = 10s (default)
2022-02-17 10:47:42,033 [pool-195-thread-1] INFO  server.RaftServerConfigKeys (ConfUtils.java:logGet(44)) - raft.server.log.statemachine.data.sync.timeout.retry = -1 (default)
2022-02-17 10:47:42,034 [pool-195-thread-1] INFO  server.RaftServerConfigKeys (ConfUtils.java:logGet(44)) - raft.server.log.write.buffer.size = 64KB (=65536) (default)
2022-02-17 10:47:42,035 [pool-195-thread-1] INFO  server.RaftServerConfigKeys (ConfUtils.java:logGet(44)) - raft.server.log.statemachine.data.caching.enabled = false (default)
2022-02-17 10:47:42,035 [pool-195-thread-1] INFO  segmented.SegmentedRaftLogWorker (SegmentedRaftLogWorker.java:lambda$new$0(133)) - e1200b4d-f169-45a2-b87f-8a7ea851d305@group-C00B8CBA638F-SegmentedRaftLogWorker: flushIndex: setUnconditionally 0 -> -1
2022-02-17 10:47:42,035 [pool-195-thread-1] INFO  segmented.SegmentedRaftLogWorker (SegmentedRaftLogWorker.java:lambda$new$0(133)) - e1200b4d-f169-45a2-b87f-8a7ea851d305@group-C00B8CBA638F-SegmentedRaftLogWorker: safeCacheEvictIndex: setUnconditionally 0 -> -1
2022-02-17 10:47:42,038 [pool-195-thread-1] INFO  server.RaftServerConfigKeys (ConfUtils.java:logGet(44)) - raft.server.snapshot.auto.trigger.enabled = true (custom)
2022-02-17 10:47:42,038 [pool-195-thread-1] INFO  server.RaftServerConfigKeys (ConfUtils.java:logGet(44)) - raft.server.snapshot.auto.trigger.threshold = 5 (custom)
2022-02-17 10:47:42,038 [pool-195-thread-1] INFO  server.RaftServerConfigKeys (ConfUtils.java:logGet(44)) - raft.server.snapshot.retention.file.num = -1 (default)
2022-02-17 10:47:42,038 [pool-195-thread-1] INFO  server.RaftServerConfigKeys (ConfUtils.java:logGet(44)) - raft.server.log.purge.upto.snapshot.index = true (custom)
2022-02-17 10:47:42,038 [pool-195-thread-1] INFO  server.RaftServerConfigKeys (ConfUtils.java:logGet(44)) - raft.server.retrycache.expirytime = 60000ms (default)
2022-02-17 10:47:42,038 [pool-195-thread-1] INFO  server.RaftServerConfigKeys (ConfUtils.java:logGet(44)) - raft.server.retrycache.statistics.expirytime = 100μs (default)
2022-02-17 10:47:42,039 [Listener at 127.0.0.1/34637] INFO  server.RaftServer$Division (RaftServerImpl.java:start(301)) - e1200b4d-f169-45a2-b87f-8a7ea851d305@group-C00B8CBA638F: start as a follower, conf=-1: [e1200b4d-f169-45a2-b87f-8a7ea851d305|rpc:localhost:34705|priority:0], old=null
2022-02-17 10:47:42,039 [Listener at 127.0.0.1/34637] INFO  server.RaftServer$Division (RaftServerImpl.java:setRole(290)) - e1200b4d-f169-45a2-b87f-8a7ea851d305@group-C00B8CBA638F: changes role from      null to FOLLOWER at term 0 for startAsFollower
2022-02-17 10:47:42,039 [Listener at 127.0.0.1/34637] INFO  impl.RoleInfo (RoleInfo.java:updateAndGet(130)) - e1200b4d-f169-45a2-b87f-8a7ea851d305: start e1200b4d-f169-45a2-b87f-8a7ea851d305@group-C00B8CBA638F-FollowerState
2022-02-17 10:47:42,051 [Listener at 127.0.0.1/34637] INFO  util.JmxRegister (JmxRegister.java:tryRegister(44)) - Successfully registered JMX Bean with object name Ratis:service=RaftServer,group=group-C00B8CBA638F,id=e1200b4d-f169-45a2-b87f-8a7ea851d305
2022-02-17 10:47:42,052 [Listener at 127.0.0.1/34637] INFO  server.RaftServer (RaftServerProxy.java:lambda$start$5(374)) - e1200b4d-f169-45a2-b87f-8a7ea851d305: start RPC server
2022-02-17 10:47:42,054 [Listener at 127.0.0.1/34637] INFO  server.GrpcService (GrpcService.java:startImpl(253)) - e1200b4d-f169-45a2-b87f-8a7ea851d305: GrpcService started, listening on 34705
2022-02-17 10:47:42,054 [org.apache.ratis.util.JvmPauseMonitor$$Lambda$503/2086945474@7ec6cb51] INFO  util.JvmPauseMonitor (JvmPauseMonitor.java:run(103)) - JvmPauseMonitor-e1200b4d-f169-45a2-b87f-8a7ea851d305: Started
2022-02-17 10:47:42,993 [EndpointStateMachine task thread for /127.0.0.1:41937 - 0 ] INFO  ipc.Client (Client.java:handleConnectionFailure(977)) - Retrying connect to server: localhost/127.0.0.1:41937. Already tried 7 time(s); retry policy is RetryUpToMaximumCountWithFixedSleep(maxRetries=15, sleepTime=1000 MILLISECONDS)
2022-02-17 10:47:43,008 [EndpointStateMachine task thread for /127.0.0.1:41349 - 0 ] INFO  ipc.Client (Client.java:handleConnectionFailure(977)) - Retrying connect to server: localhost/127.0.0.1:41349. Already tried 7 time(s); retry policy is RetryUpToMaximumCountWithFixedSleep(maxRetries=15, sleepTime=1000 MILLISECONDS)
2022-02-17 10:47:43,016 [EndpointStateMachine task thread for /127.0.0.1:46679 - 0 ] INFO  ipc.Client (Client.java:handleConnectionFailure(977)) - Retrying connect to server: localhost/127.0.0.1:46679. Already tried 7 time(s); retry policy is RetryUpToMaximumCountWithFixedSleep(maxRetries=15, sleepTime=1000 MILLISECONDS)
2022-02-17 10:47:43,994 [EndpointStateMachine task thread for /127.0.0.1:41937 - 0 ] INFO  ipc.Client (Client.java:handleConnectionFailure(977)) - Retrying connect to server: localhost/127.0.0.1:41937. Already tried 8 time(s); retry policy is RetryUpToMaximumCountWithFixedSleep(maxRetries=15, sleepTime=1000 MILLISECONDS)
2022-02-17 10:47:44,009 [EndpointStateMachine task thread for /127.0.0.1:41349 - 0 ] INFO  ipc.Client (Client.java:handleConnectionFailure(977)) - Retrying connect to server: localhost/127.0.0.1:41349. Already tried 8 time(s); retry policy is RetryUpToMaximumCountWithFixedSleep(maxRetries=15, sleepTime=1000 MILLISECONDS)
2022-02-17 10:47:44,017 [EndpointStateMachine task thread for /127.0.0.1:46679 - 0 ] INFO  ipc.Client (Client.java:handleConnectionFailure(977)) - Retrying connect to server: localhost/127.0.0.1:46679. Already tried 8 time(s); retry policy is RetryUpToMaximumCountWithFixedSleep(maxRetries=15, sleepTime=1000 MILLISECONDS)
2022-02-17 10:47:44,995 [EndpointStateMachine task thread for /127.0.0.1:41937 - 0 ] INFO  ipc.Client (Client.java:handleConnectionFailure(977)) - Retrying connect to server: localhost/127.0.0.1:41937. Already tried 9 time(s); retry policy is RetryUpToMaximumCountWithFixedSleep(maxRetries=15, sleepTime=1000 MILLISECONDS)
2022-02-17 10:47:45,009 [EndpointStateMachine task thread for /127.0.0.1:41349 - 0 ] INFO  ipc.Client (Client.java:handleConnectionFailure(977)) - Retrying connect to server: localhost/127.0.0.1:41349. Already tried 9 time(s); retry policy is RetryUpToMaximumCountWithFixedSleep(maxRetries=15, sleepTime=1000 MILLISECONDS)
2022-02-17 10:47:45,017 [EndpointStateMachine task thread for /127.0.0.1:46679 - 0 ] INFO  ipc.Client (Client.java:handleConnectionFailure(977)) - Retrying connect to server: localhost/127.0.0.1:46679. Already tried 9 time(s); retry policy is RetryUpToMaximumCountWithFixedSleep(maxRetries=15, sleepTime=1000 MILLISECONDS)
2022-02-17 10:47:45,995 [EndpointStateMachine task thread for /127.0.0.1:41937 - 0 ] INFO  ipc.Client (Client.java:handleConnectionFailure(977)) - Retrying connect to server: localhost/127.0.0.1:41937. Already tried 10 time(s); retry policy is RetryUpToMaximumCountWithFixedSleep(maxRetries=15, sleepTime=1000 MILLISECONDS)
2022-02-17 10:47:46,010 [EndpointStateMachine task thread for /127.0.0.1:41349 - 0 ] INFO  ipc.Client (Client.java:handleConnectionFailure(977)) - Retrying connect to server: localhost/127.0.0.1:41349. Already tried 10 time(s); retry policy is RetryUpToMaximumCountWithFixedSleep(maxRetries=15, sleepTime=1000 MILLISECONDS)
2022-02-17 10:47:46,018 [EndpointStateMachine task thread for /127.0.0.1:46679 - 0 ] INFO  ipc.Client (Client.java:handleConnectionFailure(977)) - Retrying connect to server: localhost/127.0.0.1:46679. Already tried 10 time(s); retry policy is RetryUpToMaximumCountWithFixedSleep(maxRetries=15, sleepTime=1000 MILLISECONDS)
2022-02-17 10:47:46,996 [EndpointStateMachine task thread for /127.0.0.1:41937 - 0 ] INFO  ipc.Client (Client.java:handleConnectionFailure(977)) - Retrying connect to server: localhost/127.0.0.1:41937. Already tried 11 time(s); retry policy is RetryUpToMaximumCountWithFixedSleep(maxRetries=15, sleepTime=1000 MILLISECONDS)
2022-02-17 10:47:47,010 [EndpointStateMachine task thread for /127.0.0.1:41349 - 0 ] INFO  ipc.Client (Client.java:handleConnectionFailure(977)) - Retrying connect to server: localhost/127.0.0.1:41349. Already tried 11 time(s); retry policy is RetryUpToMaximumCountWithFixedSleep(maxRetries=15, sleepTime=1000 MILLISECONDS)
2022-02-17 10:47:47,018 [EndpointStateMachine task thread for /127.0.0.1:46679 - 0 ] INFO  ipc.Client (Client.java:handleConnectionFailure(977)) - Retrying connect to server: localhost/127.0.0.1:46679. Already tried 11 time(s); retry policy is RetryUpToMaximumCountWithFixedSleep(maxRetries=15, sleepTime=1000 MILLISECONDS)
2022-02-17 10:47:47,142 [e1200b4d-f169-45a2-b87f-8a7ea851d305@group-C00B8CBA638F-FollowerState] INFO  impl.FollowerState (FollowerState.java:run(134)) - e1200b4d-f169-45a2-b87f-8a7ea851d305@group-C00B8CBA638F-FollowerState: change to CANDIDATE, lastRpcElapsedTime:5102938680ns, electionTimeout:5091ms
2022-02-17 10:47:47,143 [e1200b4d-f169-45a2-b87f-8a7ea851d305@group-C00B8CBA638F-FollowerState] INFO  impl.RoleInfo (RoleInfo.java:shutdownFollowerState(108)) - e1200b4d-f169-45a2-b87f-8a7ea851d305: shutdown e1200b4d-f169-45a2-b87f-8a7ea851d305@group-C00B8CBA638F-FollowerState
2022-02-17 10:47:47,143 [e1200b4d-f169-45a2-b87f-8a7ea851d305@group-C00B8CBA638F-FollowerState] INFO  server.RaftServer$Division (RaftServerImpl.java:setRole(290)) - e1200b4d-f169-45a2-b87f-8a7ea851d305@group-C00B8CBA638F: changes role from  FOLLOWER to CANDIDATE at term 0 for changeToCandidate
2022-02-17 10:47:47,143 [e1200b4d-f169-45a2-b87f-8a7ea851d305@group-C00B8CBA638F-FollowerState] INFO  server.RaftServerConfigKeys (ConfUtils.java:logGet(44)) - raft.server.leaderelection.pre-vote = false (custom)
2022-02-17 10:47:47,143 [e1200b4d-f169-45a2-b87f-8a7ea851d305@group-C00B8CBA638F-FollowerState] INFO  impl.RoleInfo (RoleInfo.java:updateAndGet(130)) - e1200b4d-f169-45a2-b87f-8a7ea851d305: start e1200b4d-f169-45a2-b87f-8a7ea851d305@group-C00B8CBA638F-LeaderElection16
2022-02-17 10:47:47,155 [e1200b4d-f169-45a2-b87f-8a7ea851d305@group-C00B8CBA638F-LeaderElection16] INFO  impl.LeaderElection (LeaderElection.java:askForVotes(306)) - e1200b4d-f169-45a2-b87f-8a7ea851d305@group-C00B8CBA638F-LeaderElection16 ELECTION round 0: submit vote requests at term 1 for -1: [e1200b4d-f169-45a2-b87f-8a7ea851d305|rpc:localhost:34705|priority:0], old=null
2022-02-17 10:47:47,156 [e1200b4d-f169-45a2-b87f-8a7ea851d305@group-C00B8CBA638F-LeaderElection16] INFO  impl.LeaderElection (LeaderElection.java:askForVotes(308)) - e1200b4d-f169-45a2-b87f-8a7ea851d305@group-C00B8CBA638F-LeaderElection16 ELECTION round 0: result PASSED (term=1)
2022-02-17 10:47:47,156 [e1200b4d-f169-45a2-b87f-8a7ea851d305@group-C00B8CBA638F-LeaderElection16] INFO  impl.RoleInfo (RoleInfo.java:shutdownLeaderElection(121)) - e1200b4d-f169-45a2-b87f-8a7ea851d305: shutdown e1200b4d-f169-45a2-b87f-8a7ea851d305@group-C00B8CBA638F-LeaderElection16
2022-02-17 10:47:47,156 [e1200b4d-f169-45a2-b87f-8a7ea851d305@group-C00B8CBA638F-LeaderElection16] INFO  server.RaftServer$Division (RaftServerImpl.java:setRole(290)) - e1200b4d-f169-45a2-b87f-8a7ea851d305@group-C00B8CBA638F: changes role from CANDIDATE to LEADER at term 1 for changeToLeader
2022-02-17 10:47:47,156 [e1200b4d-f169-45a2-b87f-8a7ea851d305@group-C00B8CBA638F-LeaderElection16] INFO  server.RaftServer$Division (ServerState.java:setLeader(285)) - e1200b4d-f169-45a2-b87f-8a7ea851d305@group-C00B8CBA638F: change Leader from null to e1200b4d-f169-45a2-b87f-8a7ea851d305 at term 1 for becomeLeader, leader elected after 5123ms
2022-02-17 10:47:47,156 [e1200b4d-f169-45a2-b87f-8a7ea851d305@group-C00B8CBA638F-LeaderElection16] INFO  server.RaftServerConfigKeys (ConfUtils.java:logGet(44)) - raft.server.staging.catchup.gap = 1000 (default)
2022-02-17 10:47:47,157 [e1200b4d-f169-45a2-b87f-8a7ea851d305@group-C00B8CBA638F-LeaderElection16] INFO  server.RaftServerConfigKeys (ConfUtils.java:logGet(44)) - raft.server.write.element-limit = 4096 (default)
2022-02-17 10:47:47,157 [e1200b4d-f169-45a2-b87f-8a7ea851d305@group-C00B8CBA638F-LeaderElection16] INFO  server.RaftServerConfigKeys (ConfUtils.java:logGet(44)) - raft.server.write.byte-limit = 64MB (=67108864) (default)
2022-02-17 10:47:47,157 [e1200b4d-f169-45a2-b87f-8a7ea851d305@group-C00B8CBA638F-LeaderElection16] INFO  server.RaftServerConfigKeys (ConfUtils.java:logGet(44)) - raft.server.watch.timeout = 10s (default)
2022-02-17 10:47:47,157 [e1200b4d-f169-45a2-b87f-8a7ea851d305@group-C00B8CBA638F-LeaderElection16] INFO  server.RaftServerConfigKeys (ConfUtils.java:logGet(44)) - raft.server.watch.timeout.denomination = 1s (default)
2022-02-17 10:47:47,158 [e1200b4d-f169-45a2-b87f-8a7ea851d305@group-C00B8CBA638F-LeaderElection16] INFO  server.RaftServerConfigKeys (ConfUtils.java:logGet(44)) - raft.server.watch.element-limit = 65536 (default)
2022-02-17 10:47:47,158 [e1200b4d-f169-45a2-b87f-8a7ea851d305@group-C00B8CBA638F-LeaderElection16] INFO  server.RaftServerConfigKeys (ConfUtils.java:logGet(44)) - raft.server.write.element-limit = 4096 (default)
2022-02-17 10:47:47,158 [e1200b4d-f169-45a2-b87f-8a7ea851d305@group-C00B8CBA638F-LeaderElection16] INFO  server.RaftServerConfigKeys (ConfUtils.java:logGet(44)) - raft.server.write.follower.gap.ratio.max = -1.0 (default)
2022-02-17 10:47:47,158 [e1200b4d-f169-45a2-b87f-8a7ea851d305@group-C00B8CBA638F-LeaderElection16] INFO  impl.RoleInfo (RoleInfo.java:updateAndGet(130)) - e1200b4d-f169-45a2-b87f-8a7ea851d305: start e1200b4d-f169-45a2-b87f-8a7ea851d305@group-C00B8CBA638F-LeaderStateImpl
2022-02-17 10:47:47,158 [e1200b4d-f169-45a2-b87f-8a7ea851d305@group-C00B8CBA638F-LeaderElection16] INFO  segmented.SegmentedRaftLogWorker (SegmentedRaftLogWorker.java:startLogSegment(394)) - e1200b4d-f169-45a2-b87f-8a7ea851d305@group-C00B8CBA638F-SegmentedRaftLogWorker: Starting segment from index:0
2022-02-17 10:47:47,166 [e1200b4d-f169-45a2-b87f-8a7ea851d305@group-C00B8CBA638F-LeaderElection16] INFO  server.RaftServer$Division (ServerState.java:setRaftConf(387)) - e1200b4d-f169-45a2-b87f-8a7ea851d305@group-C00B8CBA638F: set configuration 0: [e1200b4d-f169-45a2-b87f-8a7ea851d305|rpc:localhost:34705|admin:|client:|dataStream:|priority:0], old=null
2022-02-17 10:47:47,169 [e1200b4d-f169-45a2-b87f-8a7ea851d305@group-C00B8CBA638F-SegmentedRaftLogWorker] INFO  segmented.SegmentedRaftLogWorker (SegmentedRaftLogWorker.java:execute(601)) - e1200b4d-f169-45a2-b87f-8a7ea851d305@group-C00B8CBA638F-SegmentedRaftLogWorker: created new log segment /home/runner/work/ozone/ozone/hadoop-ozone/integration-test/target/test-dir/MiniOzoneClusterImpl-314b2a1d-9ab5-4841-b3ea-c00b8cba638f/scmNode-1/scm-ha/314b2a1d-9ab5-4841-b3ea-c00b8cba638f/current/log_inprogress_0
2022-02-17 10:47:47,997 [EndpointStateMachine task thread for /127.0.0.1:41937 - 0 ] INFO  ipc.Client (Client.java:handleConnectionFailure(977)) - Retrying connect to server: localhost/127.0.0.1:41937. Already tried 12 time(s); retry policy is RetryUpToMaximumCountWithFixedSleep(maxRetries=15, sleepTime=1000 MILLISECONDS)
2022-02-17 10:47:48,011 [EndpointStateMachine task thread for /127.0.0.1:41349 - 0 ] INFO  ipc.Client (Client.java:handleConnectionFailure(977)) - Retrying connect to server: localhost/127.0.0.1:41349. Already tried 12 time(s); retry policy is RetryUpToMaximumCountWithFixedSleep(maxRetries=15, sleepTime=1000 MILLISECONDS)
2022-02-17 10:47:48,018 [EndpointStateMachine task thread for /127.0.0.1:46679 - 0 ] INFO  ipc.Client (Client.java:handleConnectionFailure(977)) - Retrying connect to server: localhost/127.0.0.1:46679. Already tried 12 time(s); retry policy is RetryUpToMaximumCountWithFixedSleep(maxRetries=15, sleepTime=1000 MILLISECONDS)
2022-02-17 10:47:48,055 [Listener at 127.0.0.1/34637] INFO  server.RaftServer (RaftServerProxy.java:lambda$close$6(391)) - e1200b4d-f169-45a2-b87f-8a7ea851d305: close
2022-02-17 10:47:48,055 [Listener at 127.0.0.1/34637] INFO  server.RaftServer$Division (RaftServerImpl.java:lambda$close$4(412)) - e1200b4d-f169-45a2-b87f-8a7ea851d305@group-C00B8CBA638F: shutdown
2022-02-17 10:47:48,055 [Listener at 127.0.0.1/34637] INFO  util.JmxRegister (JmxRegister.java:unregister(73)) - Successfully un-registered JMX Bean with object name Ratis:service=RaftServer,group=group-C00B8CBA638F,id=e1200b4d-f169-45a2-b87f-8a7ea851d305
2022-02-17 10:47:48,056 [Listener at 127.0.0.1/34637] INFO  impl.RoleInfo (RoleInfo.java:shutdownLeaderState(91)) - e1200b4d-f169-45a2-b87f-8a7ea851d305: shutdown e1200b4d-f169-45a2-b87f-8a7ea851d305@group-C00B8CBA638F-LeaderStateImpl
2022-02-17 10:47:48,056 [Listener at 127.0.0.1/34637] INFO  impl.PendingRequests (PendingRequests.java:sendNotLeaderResponses(282)) - e1200b4d-f169-45a2-b87f-8a7ea851d305@group-C00B8CBA638F-PendingRequests: sendNotLeaderResponses
2022-02-17 10:47:48,057 [Listener at 127.0.0.1/34637] INFO  impl.StateMachineUpdater (StateMachineUpdater.java:stopAndJoin(149)) - e1200b4d-f169-45a2-b87f-8a7ea851d305@group-C00B8CBA638F-StateMachineUpdater: set stopIndex = 0
2022-02-17 10:47:48,057 [e1200b4d-f169-45a2-b87f-8a7ea851d305@group-C00B8CBA638F-StateMachineUpdater] INFO  impl.StateMachineUpdater (StateMachineUpdater.java:takeSnapshot(281)) - e1200b4d-f169-45a2-b87f-8a7ea851d305@group-C00B8CBA638F-StateMachineUpdater: Took a snapshot at index 0
2022-02-17 10:47:48,057 [e1200b4d-f169-45a2-b87f-8a7ea851d305@group-C00B8CBA638F-StateMachineUpdater] INFO  impl.StateMachineUpdater (StateMachineUpdater.java:lambda$new$0(89)) - e1200b4d-f169-45a2-b87f-8a7ea851d305@group-C00B8CBA638F-StateMachineUpdater: snapshotIndex: updateIncreasingly -1 -> 0
2022-02-17 10:47:48,057 [Listener at 127.0.0.1/34637] INFO  server.RaftServer$Division (ServerState.java:close(419)) - e1200b4d-f169-45a2-b87f-8a7ea851d305@group-C00B8CBA638F: closes. applyIndex: 0
2022-02-17 10:47:48,058 [e1200b4d-f169-45a2-b87f-8a7ea851d305@group-C00B8CBA638F-SegmentedRaftLogWorker] INFO  segmented.SegmentedRaftLogWorker (SegmentedRaftLogWorker.java:run(327)) - e1200b4d-f169-45a2-b87f-8a7ea851d305@group-C00B8CBA638F-SegmentedRaftLogWorker was interrupted, exiting. There are 0 tasks remaining in the queue.
2022-02-17 10:47:48,059 [Listener at 127.0.0.1/34637] INFO  segmented.SegmentedRaftLogWorker (SegmentedRaftLogWorker.java:close(237)) - e1200b4d-f169-45a2-b87f-8a7ea851d305@group-C00B8CBA638F-SegmentedRaftLogWorker close()
2022-02-17 10:47:48,059 [Listener at 127.0.0.1/34637] INFO  server.GrpcService (GrpcService.java:closeImpl(262)) - e1200b4d-f169-45a2-b87f-8a7ea851d305: shutdown server with port 34705 now
2022-02-17 10:47:48,060 [Listener at 127.0.0.1/34637] INFO  server.GrpcService (GrpcService.java:closeImpl(271)) - e1200b4d-f169-45a2-b87f-8a7ea851d305: shutdown server with port 34705 successfully
2022-02-17 10:47:48,061 [org.apache.ratis.util.JvmPauseMonitor$$Lambda$503/2086945474@7ec6cb51] INFO  util.JvmPauseMonitor (JvmPauseMonitor.java:run(109)) - JvmPauseMonitor-e1200b4d-f169-45a2-b87f-8a7ea851d305: Stopped
2022-02-17 10:47:48,063 [Listener at 127.0.0.1/34637] WARN  server.ServerUtils (ServerUtils.java:getScmDbDir(148)) - ozone.scm.db.dirs is not configured. We recommend adding this setting. Falling back to ozone.metadata.dirs instead.
2022-02-17 10:47:48,065 [Listener at 127.0.0.1/34637] INFO  server.StorageContainerManager (StorageContainerManager.java:scmInit(1083)) - SCM initialization succeeded. Current cluster id for sd=/home/runner/work/ozone/ozone/hadoop-ozone/integration-test/target/test-dir/MiniOzoneClusterImpl-314b2a1d-9ab5-4841-b3ea-c00b8cba638f/scmNode-1/scm; cid=314b2a1d-9ab5-4841-b3ea-c00b8cba638f; layoutVersion=2; scmId=e1200b4d-f169-45a2-b87f-8a7ea851d305
2022-02-17 10:47:48,066 [Listener at 127.0.0.1/34637] INFO  ha.SCMHANodeDetails (SCMHANodeDetails.java:loadSCMHAConfig(157)) - ServiceID for StorageContainerManager is scm-service-test1
2022-02-17 10:47:48,069 [Listener at 127.0.0.1/34637] INFO  ha.SCMHANodeDetails (SCMHANodeDetails.java:loadSCMHAConfig(168)) - ServiceID for StorageContainerManager is scm-service-test1
2022-02-17 10:47:48,069 [Listener at 127.0.0.1/34637] WARN  scm.ScmUtils (ScmUtils.java:logWarn(179)) - ConfigKey ozone.scm.block.client.address is deprecated, For configuring different ports for each SCM use PortConfigKey ozone.scm.block.client.port appended with serviceId and nodeId. If want to configure same port configure ozone.scm.block.client.port
2022-02-17 10:47:48,070 [Listener at 127.0.0.1/34637] WARN  scm.ScmUtils (ScmUtils.java:logWarn(179)) - ConfigKey ozone.scm.client.address is deprecated, For configuring different ports for each SCM use PortConfigKey ozone.scm.client.port appended with serviceId and nodeId. If want to configure same port configure ozone.scm.client.port
2022-02-17 10:47:48,070 [Listener at 127.0.0.1/34637] WARN  scm.ScmUtils (ScmUtils.java:logWarn(179)) - ConfigKey ozone.scm.datanode.address is deprecated, For configuring different ports for each SCM use PortConfigKey ozone.scm.datanode.port appended with serviceId and nodeId. If want to configure same port configure ozone.scm.datanode.port
2022-02-17 10:47:48,071 [Listener at 127.0.0.1/34637] WARN  scm.ScmUtils (ScmUtils.java:logWarn(179)) - ConfigKey ozone.scm.block.client.address is deprecated, For configuring different ports for each SCM use PortConfigKey ozone.scm.block.client.port appended with serviceId and nodeId. If want to configure same port configure ozone.scm.block.client.port
2022-02-17 10:47:48,071 [Listener at 127.0.0.1/34637] WARN  scm.ScmUtils (ScmUtils.java:logWarn(179)) - ConfigKey ozone.scm.client.address is deprecated, For configuring different ports for each SCM use PortConfigKey ozone.scm.client.port appended with serviceId and nodeId. If want to configure same port configure ozone.scm.client.port
2022-02-17 10:47:48,071 [Listener at 127.0.0.1/34637] WARN  scm.ScmUtils (ScmUtils.java:logWarn(179)) - ConfigKey ozone.scm.datanode.address is deprecated, For configuring different ports for each SCM use PortConfigKey ozone.scm.datanode.port appended with serviceId and nodeId. If want to configure same port configure ozone.scm.datanode.port
2022-02-17 10:47:48,071 [Listener at 127.0.0.1/34637] INFO  ha.SCMHANodeDetails (SCMHANodeDetails.java:loadSCMHAConfig(250)) - Found matching SCM address with SCMServiceId: scm-service-test1, SCMNodeId: scmNode-1, RPC Address: localhost:34705 and Ratis port: 34705
2022-02-17 10:47:48,071 [Listener at 127.0.0.1/34637] INFO  ha.SCMHANodeDetails (ConfUtils.java:setNodeSpecificConfigs(108)) - Setting configuration key ozone.scm.datanode.address with value of key ozone.scm.datanode.address.scm-service-test1.scmNode-1: 127.0.0.1:37793
2022-02-17 10:47:48,072 [Listener at 127.0.0.1/34637] INFO  ha.SCMHANodeDetails (ConfUtils.java:setNodeSpecificConfigs(108)) - Setting configuration key ozone.scm.block.client.address with value of key ozone.scm.block.client.address.scm-service-test1.scmNode-1: 127.0.0.1:36645
2022-02-17 10:47:48,072 [Listener at 127.0.0.1/34637] INFO  ha.SCMHANodeDetails (ConfUtils.java:setNodeSpecificConfigs(108)) - Setting configuration key ozone.scm.client.address with value of key ozone.scm.client.address.scm-service-test1.scmNode-1: 127.0.0.1:34429
2022-02-17 10:47:48,072 [Listener at 127.0.0.1/34637] INFO  ha.SCMHANodeDetails (ConfUtils.java:setNodeSpecificConfigs(108)) - Setting configuration key ozone.scm.ratis.port with value of key ozone.scm.ratis.port.scm-service-test1.scmNode-1: 34705
2022-02-17 10:47:48,072 [Listener at 127.0.0.1/34637] INFO  ha.SCMHANodeDetails (ConfUtils.java:setNodeSpecificConfigs(108)) - Setting configuration key ozone.scm.grpc.port with value of key ozone.scm.grpc.port.scm-service-test1.scmNode-1: 45115
2022-02-17 10:47:48,072 [Listener at 127.0.0.1/34637] INFO  ha.SCMHANodeDetails (ConfUtils.java:setNodeSpecificConfigs(108)) - Setting configuration key ozone.scm.http-address with value of key ozone.scm.http-address.scm-service-test1.scmNode-1: 127.0.0.1:42527
2022-02-17 10:47:48,073 [Listener at 127.0.0.1/34637] INFO  ha.SCMHANodeDetails (ConfUtils.java:setNodeSpecificConfigs(108)) - Setting configuration key ozone.scm.https-address with value of key ozone.scm.https-address.scm-service-test1.scmNode-1: 127.0.0.1:43963
2022-02-17 10:47:48,073 [Listener at 127.0.0.1/34637] INFO  ha.SCMHANodeDetails (ConfUtils.java:setNodeSpecificConfigs(108)) - Setting configuration key ozone.scm.address with value of key ozone.scm.address.scm-service-test1.scmNode-1: 127.0.0.1
2022-02-17 10:47:48,073 [Listener at 127.0.0.1/34637] WARN  scm.ScmUtils (ScmUtils.java:logWarn(179)) - ConfigKey ozone.scm.block.client.address is deprecated, For configuring different ports for each SCM use PortConfigKey ozone.scm.block.client.port appended with serviceId and nodeId. If want to configure same port configure ozone.scm.block.client.port
2022-02-17 10:47:48,073 [Listener at 127.0.0.1/34637] WARN  scm.ScmUtils (ScmUtils.java:logWarn(179)) - ConfigKey ozone.scm.client.address is deprecated, For configuring different ports for each SCM use PortConfigKey ozone.scm.client.port appended with serviceId and nodeId. If want to configure same port configure ozone.scm.client.port
2022-02-17 10:47:48,073 [Listener at 127.0.0.1/34637] WARN  scm.ScmUtils (ScmUtils.java:logWarn(179)) - ConfigKey ozone.scm.datanode.address is deprecated, For configuring different ports for each SCM use PortConfigKey ozone.scm.datanode.port appended with serviceId and nodeId. If want to configure same port configure ozone.scm.datanode.port
2022-02-17 10:47:48,074 [Listener at 127.0.0.1/34637] WARN  server.ServerUtils (ServerUtils.java:getScmDbDir(148)) - ozone.scm.db.dirs is not configured. We recommend adding this setting. Falling back to ozone.metadata.dirs instead.
2022-02-17 10:47:48,075 [Listener at 127.0.0.1/34637] INFO  upgrade.AbstractLayoutVersionManager (AbstractLayoutVersionManager.java:init(79)) - Initializing Layout version manager with metadata layout = SCM_HA (version = 2), software layout = SCM_HA (version = 2)
2022-02-17 10:47:48,168 [Listener at 127.0.0.1/34637] INFO  reflections.Reflections (Reflections.java:scan(232)) - Reflections took 92 ms to scan 7 urls, producing 119 keys and 279 values 
2022-02-17 10:47:48,182 [Listener at 127.0.0.1/34637] WARN  utils.HAUtils (HAUtils.java:getMetaDir(342)) - ozone.scm.db.dirs is not configured. We recommend adding this setting. Falling back to ozone.metadata.dirs instead.
2022-02-17 10:47:48,182 [Listener at 127.0.0.1/34637] WARN  db.DBStoreBuilder (DBStoreBuilder.java:applyDBDefinition(145)) - ozone.scm.db.dirs is not configured. We recommend adding this setting. Falling back to ozone.metadata.dirs instead.
2022-02-17 10:47:48,383 [Listener at 127.0.0.1/34637] INFO  net.NodeSchemaLoader (NodeSchemaLoader.java:loadSchemaFromFile(129)) - Loading schema from [jar:file:/home/runner/.m2/repository/org/apache/ozone/hdds-common/1.3.0-SNAPSHOT/hdds-common-1.3.0-SNAPSHOT.jar!/network-topology-default.xml]
2022-02-17 10:47:48,389 [Listener at 127.0.0.1/34637] INFO  net.NodeSchemaLoader (NodeSchemaLoader.java:loadSchema(176)) - Loading network topology layer schema file
2022-02-17 10:47:48,396 [Listener at 127.0.0.1/34637] INFO  ha.SCMRatisServerImpl (SCMRatisServerImpl.java:<init>(87)) - starting Raft server for scm:e1200b4d-f169-45a2-b87f-8a7ea851d305
2022-02-17 10:47:48,397 [Listener at 127.0.0.1/34637] INFO  server.RaftServer (ConfUtils.java:logGet(44)) - raft.rpc.type = GRPC (default)
2022-02-17 10:47:48,397 [Listener at 127.0.0.1/34637] INFO  grpc.GrpcFactory (GrpcFactory.java:checkPooledByteBufAllocatorUseCacheForAllThreads(48)) - PERFORMANCE WARNING: useCacheForAllThreads is true that may cause Netty to create a lot garbage objects and, as a result, trigger GC.
	It is recommended to disable useCacheForAllThreads by setting -Dorg.apache.ratis.thirdparty.io.netty.allocator.useCacheForAllThreads=false in command line.
2022-02-17 10:47:48,398 [Listener at 127.0.0.1/34637] INFO  grpc.GrpcConfigKeys (ConfUtils.java:logGet(44)) - raft.grpc.admin.port = -1 (default)
2022-02-17 10:47:48,405 [Listener at 127.0.0.1/34637] INFO  grpc.GrpcConfigKeys (ConfUtils.java:logGet(44)) - raft.grpc.server.port = 34705 (custom)
2022-02-17 10:47:48,406 [Listener at 127.0.0.1/34637] INFO  grpc.GrpcConfigKeys (ConfUtils.java:logGet(44)) - raft.grpc.client.port = -1 (default)
2022-02-17 10:47:48,406 [Listener at 127.0.0.1/34637] INFO  grpc.GrpcConfigKeys (ConfUtils.java:logGet(44)) - raft.grpc.server.port = 34705 (custom)
2022-02-17 10:47:48,406 [Listener at 127.0.0.1/34637] INFO  grpc.GrpcConfigKeys (ConfUtils.java:logGet(44)) - raft.grpc.server.port = 34705 (custom)
2022-02-17 10:47:48,407 [Listener at 127.0.0.1/34637] INFO  server.GrpcService (ConfUtils.java:logGet(44)) - raft.grpc.message.size.max = 32m (=33554432) (custom)
2022-02-17 10:47:48,407 [Listener at 127.0.0.1/34637] INFO  server.RaftServerConfigKeys (ConfUtils.java:logGet(44)) - raft.server.log.appender.buffer.byte-limit = 33554432 (custom)
2022-02-17 10:47:48,407 [Listener at 127.0.0.1/34637] INFO  server.GrpcService (ConfUtils.java:logGet(44)) - raft.grpc.flow.control.window = 1MB (=1048576) (default)
2022-02-17 10:47:48,407 [Listener at 127.0.0.1/34637] INFO  server.RaftServerConfigKeys (ConfUtils.java:logGet(44)) - raft.server.rpc.request.timeout = 30000ms (custom)
2022-02-17 10:47:48,409 [Listener at 127.0.0.1/34637] INFO  impl.DataStreamServerImpl (ConfUtils.java:logGet(44)) - raft.datastream.type = DISABLED (default)
2022-02-17 10:47:48,409 [Listener at 127.0.0.1/34637] INFO  server.RaftServerConfigKeys (ConfUtils.java:logGet(44)) - raft.server.rpc.slowness.timeout = 120000ms (custom)
2022-02-17 10:47:48,409 [Listener at 127.0.0.1/34637] INFO  server.RaftServerConfigKeys (ConfUtils.java:logGet(44)) - raft.server.leaderelection.leader.step-down.wait-time = 10s (default)
2022-02-17 10:47:48,410 [Listener at 127.0.0.1/34637] INFO  server.RaftServerConfigKeys (ConfUtils.java:logGet(44)) - raft.server.storage.dir = [/home/runner/work/ozone/ozone/hadoop-ozone/integration-test/target/test-dir/MiniOzoneClusterImpl-314b2a1d-9ab5-4841-b3ea-c00b8cba638f/scmNode-1/scm-ha] (custom)
2022-02-17 10:47:48,410 [Listener at 127.0.0.1/34637] INFO  server.RaftServer (RaftServerProxy.java:lambda$null$1(235)) - e1200b4d-f169-45a2-b87f-8a7ea851d305: found a subdirectory /home/runner/work/ozone/ozone/hadoop-ozone/integration-test/target/test-dir/MiniOzoneClusterImpl-314b2a1d-9ab5-4841-b3ea-c00b8cba638f/scmNode-1/scm-ha/314b2a1d-9ab5-4841-b3ea-c00b8cba638f
2022-02-17 10:47:48,425 [Listener at 127.0.0.1/34637] INFO  server.RaftServer (RaftServerProxy.java:addNew(95)) - e1200b4d-f169-45a2-b87f-8a7ea851d305: addNew group-C00B8CBA638F:[] returns group-C00B8CBA638F:java.util.concurrent.CompletableFuture@2c18cde7[Not completed]
2022-02-17 10:47:48,426 [pool-210-thread-1] INFO  server.RaftServer$Division (RaftServerImpl.java:<init>(184)) - e1200b4d-f169-45a2-b87f-8a7ea851d305: new RaftServerImpl for group-C00B8CBA638F:[] with SCMStateMachine:uninitialized
2022-02-17 10:47:48,426 [pool-210-thread-1] INFO  server.RaftServerConfigKeys (ConfUtils.java:logGet(44)) - raft.server.rpc.timeout.min = 5000ms (custom)
2022-02-17 10:47:48,426 [pool-210-thread-1] INFO  server.RaftServerConfigKeys (ConfUtils.java:logGet(44)) - raft.server.rpc.timeout.max = 5200ms (custom)
2022-02-17 10:47:48,427 [pool-210-thread-1] INFO  server.RaftServerConfigKeys (ConfUtils.java:logGet(44)) - raft.server.rpc.sleep.time = 25ms (default)
2022-02-17 10:47:48,427 [pool-210-thread-1] INFO  server.RaftServerConfigKeys (ConfUtils.java:logGet(44)) - raft.server.rpc.slowness.timeout = 120000ms (custom)
2022-02-17 10:47:48,427 [pool-210-thread-1] INFO  server.RaftServerConfigKeys (ConfUtils.java:logGet(44)) - raft.server.leaderelection.leader.step-down.wait-time = 10s (default)
2022-02-17 10:47:48,427 [pool-210-thread-1] INFO  server.RaftServerConfigKeys (ConfUtils.java:logGet(44)) - raft.server.sleep.deviation.threshold = 300ms (default)
2022-02-17 10:47:48,427 [pool-210-thread-1] INFO  server.RaftServerConfigKeys (ConfUtils.java:logGet(44)) - raft.server.log.appender.install.snapshot.enabled = false (custom)
2022-02-17 10:47:48,427 [pool-210-thread-1] INFO  server.RaftServer$Division (ServerState.java:<init>(105)) - e1200b4d-f169-45a2-b87f-8a7ea851d305@group-C00B8CBA638F: ConfigurationManager, init=-1: [], old=null, confs=<EMPTY_MAP>
2022-02-17 10:47:48,427 [pool-210-thread-1] INFO  server.RaftServerConfigKeys (ConfUtils.java:logGet(44)) - raft.server.storage.dir = [/home/runner/work/ozone/ozone/hadoop-ozone/integration-test/target/test-dir/MiniOzoneClusterImpl-314b2a1d-9ab5-4841-b3ea-c00b8cba638f/scmNode-1/scm-ha] (custom)
2022-02-17 10:47:48,428 [pool-210-thread-1] INFO  server.RaftServerConfigKeys (ConfUtils.java:logGet(44)) - raft.server.log.corruption.policy = EXCEPTION (default)
2022-02-17 10:47:48,428 [pool-210-thread-1] INFO  server.RaftServerConfigKeys (ConfUtils.java:logGet(44)) - raft.server.storage.free-space.min = 0MB (=0) (default)
2022-02-17 10:47:48,432 [pool-210-thread-1] INFO  storage.RaftStorageDirectory (RaftStorageDirectoryImpl.java:tryLock(230)) - Lock on /home/runner/work/ozone/ozone/hadoop-ozone/integration-test/target/test-dir/MiniOzoneClusterImpl-314b2a1d-9ab5-4841-b3ea-c00b8cba638f/scmNode-1/scm-ha/314b2a1d-9ab5-4841-b3ea-c00b8cba638f/in_use.lock acquired by nodename 15481@fv-az12-716
2022-02-17 10:47:48,432 [pool-210-thread-1] INFO  storage.RaftStorage (RaftStorageImpl.java:analyzeAndRecoverStorage(110)) - Read RaftStorageMetadata{term=1, votedFor=e1200b4d-f169-45a2-b87f-8a7ea851d305} from /home/runner/work/ozone/ozone/hadoop-ozone/integration-test/target/test-dir/MiniOzoneClusterImpl-314b2a1d-9ab5-4841-b3ea-c00b8cba638f/scmNode-1/scm-ha/314b2a1d-9ab5-4841-b3ea-c00b8cba638f/current/raft-meta
2022-02-17 10:47:48,432 [pool-210-thread-1] INFO  server.RaftServer$Division (ServerState.java:setRaftConf(387)) - e1200b4d-f169-45a2-b87f-8a7ea851d305@group-C00B8CBA638F: set configuration 0: [e1200b4d-f169-45a2-b87f-8a7ea851d305|rpc:localhost:34705|admin:|client:|dataStream:|priority:0], old=null
2022-02-17 10:47:48,433 [pool-210-thread-1] INFO  server.RaftServerConfigKeys (ConfUtils.java:logGet(44)) - raft.server.notification.no-leader.timeout = 60s (default)
2022-02-17 10:47:48,433 [pool-210-thread-1] INFO  server.RaftServerConfigKeys (ConfUtils.java:logGet(44)) - raft.server.log.use.memory = false (default)
2022-02-17 10:47:48,433 [pool-210-thread-1] INFO  server.RaftServerConfigKeys (ConfUtils.java:logGet(44)) - raft.server.log.purge.gap = 5 (custom)
2022-02-17 10:47:48,433 [pool-210-thread-1] INFO  server.RaftServerConfigKeys (ConfUtils.java:logGet(44)) - raft.server.log.appender.buffer.byte-limit = 33554432 (custom)
2022-02-17 10:47:48,433 [pool-210-thread-1] INFO  server.RaftServerConfigKeys (ConfUtils.java:logGet(44)) - raft.server.log.segment.size.max = 4194304 (custom)
2022-02-17 10:47:48,434 [pool-210-thread-1] INFO  server.RaftServerConfigKeys (ConfUtils.java:logGet(44)) - raft.server.log.segment.cache.num.max = 2 (custom)
2022-02-17 10:47:48,434 [pool-210-thread-1] INFO  server.RaftServerConfigKeys (ConfUtils.java:logGet(44)) - raft.server.log.segment.cache.size.max = 200MB (=209715200) (default)
2022-02-17 10:47:48,434 [pool-210-thread-1] INFO  segmented.SegmentedRaftLogWorker (SegmentedRaftLogWorker.java:<init>(182)) - new e1200b4d-f169-45a2-b87f-8a7ea851d305@group-C00B8CBA638F-SegmentedRaftLogWorker for RaftStorageImpl:Storage Directory /home/runner/work/ozone/ozone/hadoop-ozone/integration-test/target/test-dir/MiniOzoneClusterImpl-314b2a1d-9ab5-4841-b3ea-c00b8cba638f/scmNode-1/scm-ha/314b2a1d-9ab5-4841-b3ea-c00b8cba638f
2022-02-17 10:47:48,434 [pool-210-thread-1] INFO  server.RaftServerConfigKeys (ConfUtils.java:logGet(44)) - raft.server.log.queue.byte-limit = 64MB (=67108864) (default)
2022-02-17 10:47:48,434 [pool-210-thread-1] INFO  server.RaftServerConfigKeys (ConfUtils.java:logGet(44)) - raft.server.log.queue.element-limit = 4096 (default)
2022-02-17 10:47:48,434 [pool-210-thread-1] INFO  server.RaftServerConfigKeys (ConfUtils.java:logGet(44)) - raft.server.log.segment.size.max = 4194304 (custom)
2022-02-17 10:47:48,434 [pool-210-thread-1] INFO  server.RaftServerConfigKeys (ConfUtils.java:logGet(44)) - raft.server.log.preallocated.size = 4194304 (custom)
2022-02-17 10:47:48,434 [pool-210-thread-1] INFO  server.RaftServerConfigKeys (ConfUtils.java:logGet(44)) - raft.server.log.force.sync.num = 128 (default)
2022-02-17 10:47:48,434 [pool-210-thread-1] INFO  server.RaftServerConfigKeys (ConfUtils.java:logGet(44)) - raft.server.log.statemachine.data.sync = true (default)
2022-02-17 10:47:48,434 [pool-210-thread-1] INFO  server.RaftServerConfigKeys (ConfUtils.java:logGet(44)) - raft.server.log.statemachine.data.sync.timeout = 10s (default)
2022-02-17 10:47:48,435 [pool-210-thread-1] INFO  server.RaftServerConfigKeys (ConfUtils.java:logGet(44)) - raft.server.log.statemachine.data.sync.timeout.retry = -1 (default)
2022-02-17 10:47:48,435 [pool-210-thread-1] INFO  server.RaftServerConfigKeys (ConfUtils.java:logGet(44)) - raft.server.log.write.buffer.size = 64KB (=65536) (default)
2022-02-17 10:47:48,441 [pool-210-thread-1] INFO  server.RaftServerConfigKeys (ConfUtils.java:logGet(44)) - raft.server.log.statemachine.data.caching.enabled = false (default)
2022-02-17 10:47:48,442 [pool-210-thread-1] INFO  server.RaftServer$Division (ServerState.java:setRaftConf(387)) - e1200b4d-f169-45a2-b87f-8a7ea851d305@group-C00B8CBA638F: set configuration 0: [e1200b4d-f169-45a2-b87f-8a7ea851d305|rpc:localhost:34705|admin:|client:|dataStream:|priority:0], old=null
2022-02-17 10:47:48,442 [pool-210-thread-1] INFO  segmented.LogSegment (LogSegment.java:loadSegment(173)) - Successfully read 1 entries from segment file /home/runner/work/ozone/ozone/hadoop-ozone/integration-test/target/test-dir/MiniOzoneClusterImpl-314b2a1d-9ab5-4841-b3ea-c00b8cba638f/scmNode-1/scm-ha/314b2a1d-9ab5-4841-b3ea-c00b8cba638f/current/log_inprogress_0
2022-02-17 10:47:48,442 [pool-210-thread-1] INFO  segmented.SegmentedRaftLogWorker (SegmentedRaftLogWorker.java:lambda$new$0(133)) - e1200b4d-f169-45a2-b87f-8a7ea851d305@group-C00B8CBA638F-SegmentedRaftLogWorker: flushIndex: setUnconditionally 0 -> 0
2022-02-17 10:47:48,443 [pool-210-thread-1] INFO  segmented.SegmentedRaftLogWorker (SegmentedRaftLogWorker.java:lambda$new$0(133)) - e1200b4d-f169-45a2-b87f-8a7ea851d305@group-C00B8CBA638F-SegmentedRaftLogWorker: safeCacheEvictIndex: setUnconditionally 0 -> -1
2022-02-17 10:47:48,449 [pool-210-thread-1] INFO  server.RaftServerConfigKeys (ConfUtils.java:logGet(44)) - raft.server.snapshot.auto.trigger.enabled = true (custom)
2022-02-17 10:47:48,450 [pool-210-thread-1] INFO  server.RaftServerConfigKeys (ConfUtils.java:logGet(44)) - raft.server.snapshot.auto.trigger.threshold = 5 (custom)
2022-02-17 10:47:48,450 [pool-210-thread-1] INFO  server.RaftServerConfigKeys (ConfUtils.java:logGet(44)) - raft.server.snapshot.retention.file.num = -1 (default)
2022-02-17 10:47:48,450 [pool-210-thread-1] INFO  server.RaftServerConfigKeys (ConfUtils.java:logGet(44)) - raft.server.log.purge.upto.snapshot.index = true (custom)
2022-02-17 10:47:48,450 [pool-210-thread-1] INFO  server.RaftServerConfigKeys (ConfUtils.java:logGet(44)) - raft.server.retrycache.expirytime = 60000ms (default)
2022-02-17 10:47:48,450 [pool-210-thread-1] INFO  server.RaftServerConfigKeys (ConfUtils.java:logGet(44)) - raft.server.retrycache.statistics.expirytime = 100μs (default)
2022-02-17 10:47:48,452 [Listener at 127.0.0.1/34637] INFO  ha.SCMSnapshotProvider (SCMSnapshotProvider.java:<init>(66)) - Initializing SCM Snapshot Provider
2022-02-17 10:47:48,452 [Listener at 127.0.0.1/34637] WARN  server.ServerUtils (ServerUtils.java:getDefaultRatisDirectory(237)) - Storage directory for Ratis is not configured. It is a good idea to map this to an SSD disk. Falling back to ozone.metadata.dirs
2022-02-17 10:47:48,452 [Listener at 127.0.0.1/34637] WARN  ha.SCMHAUtils (SCMHAUtils.java:getSCMRatisSnapshotDirectory(146)) - SCM snapshot dir is not configured. Falling back to ozone.metadata.dirs config
2022-02-17 10:47:48,453 [Listener at 127.0.0.1/34637] INFO  ha.SequenceIdGenerator (SequenceIdGenerator.java:upgradeToSequenceId(347)) - upgrade localId to 109611004723200000
2022-02-17 10:47:48,454 [Listener at 127.0.0.1/34637] INFO  ha.SequenceIdGenerator (SequenceIdGenerator.java:upgradeToSequenceId(357)) - upgrade delTxnId to 0
2022-02-17 10:47:48,454 [Listener at 127.0.0.1/34637] INFO  ha.SequenceIdGenerator (SequenceIdGenerator.java:upgradeToSequenceId(371)) - upgrade containerId to 0
2022-02-17 10:47:48,454 [Listener at 127.0.0.1/34637] INFO  ha.SequenceIdGenerator (SequenceIdGenerator.java:<init>(218)) - Init the HA SequenceIdGenerator.
2022-02-17 10:47:48,455 [Listener at 127.0.0.1/34637] INFO  node.SCMNodeManager (SCMNodeManager.java:<init>(144)) - Entering startup safe mode.
2022-02-17 10:47:48,455 [Listener at 127.0.0.1/34637] INFO  algorithms.ContainerPlacementPolicyFactory (ContainerPlacementPolicyFactory.java:getPolicy(60)) - Create container placement policy of type org.apache.hadoop.hdds.scm.container.placement.algorithms.SCMContainerPlacementRandom
2022-02-17 10:47:48,455 [Listener at 127.0.0.1/34637] INFO  pipeline.PipelineStateManagerImpl (PipelineStateManagerImpl.java:initialize(78)) - No pipeline exists in current db
2022-02-17 10:47:48,456 [Listener at 127.0.0.1/34637] INFO  algorithms.LeaderChoosePolicyFactory (LeaderChoosePolicyFactory.java:getPolicy(57)) - Create leader choose policy of type org.apache.hadoop.hdds.scm.pipeline.leader.choose.algorithms.MinLeaderCountChoosePolicy
2022-02-17 10:47:48,456 [Listener at 127.0.0.1/34637] INFO  ha.SCMServiceManager (SCMServiceManager.java:register(43)) - Registering service BackgroundPipelineCreator.
2022-02-17 10:47:48,456 [Listener at 127.0.0.1/34637] INFO  pipeline.BackgroundPipelineCreator (BackgroundPipelineCreator.java:start(130)) - Starting RatisPipelineUtilsThread.
2022-02-17 10:47:48,466 [Listener at 127.0.0.1/34637] INFO  algorithms.PipelineChoosePolicyFactory (PipelineChoosePolicyFactory.java:createPipelineChoosePolicyFromClass(73)) - Create pipeline choose policy of type org.apache.hadoop.hdds.scm.pipeline.choose.algorithms.RandomPipelineChoosePolicy
2022-02-17 10:47:48,467 [Listener at 127.0.0.1/34637] INFO  ha.SCMServiceManager (SCMServiceManager.java:register(43)) - Registering service SCMBlockDeletingService.
2022-02-17 10:47:48,467 [Listener at 127.0.0.1/34637] INFO  ha.SCMServiceManager (SCMServiceManager.java:register(43)) - Registering service ReplicationManager.
2022-02-17 10:47:48,467 [Listener at 127.0.0.1/34637] INFO  container.ReplicationManager (ReplicationManager.java:start(326)) - Starting Replication Monitor Thread.
2022-02-17 10:47:48,474 [Listener at 127.0.0.1/34637] INFO  safemode.ContainerSafeModeRule (ContainerSafeModeRule.java:<init>(89)) - containers with one replica threshold count 0
2022-02-17 10:47:48,474 [Listener at 127.0.0.1/34637] INFO  safemode.HealthyPipelineSafeModeRule (HealthyPipelineSafeModeRule.java:initializeRule(156)) - Total pipeline count is 0, healthy pipeline threshold count is 1
2022-02-17 10:47:48,474 [Listener at 127.0.0.1/34637] INFO  safemode.OneReplicaPipelineSafeModeRule (OneReplicaPipelineSafeModeRule.java:initializeRule(180)) - Total pipeline count is 0, pipeline's with at least one datanode reported threshold count is 0
2022-02-17 10:47:48,475 [Listener at 127.0.0.1/34637] INFO  ipc.CallQueueManager (CallQueueManager.java:<init>(90)) - Using callQueue: class java.util.concurrent.LinkedBlockingQueue, queueCapacity: 10000, scheduler: class org.apache.hadoop.ipc.DefaultRpcScheduler, ipcBackoff: false.
2022-02-17 10:47:48,475 [ReplicationMonitor] INFO  container.ReplicationManager (ReplicationManager.java:processAll(374)) - Replication Manager is not ready to run until 300000ms after safemode exit
2022-02-17 10:47:48,489 [Socket Reader #1 for port 37793] INFO  ipc.Server (Server.java:run(1265)) - Starting Socket Reader #1 for port 37793
2022-02-17 10:47:48,490 [Listener at 0.0.0.0/37793] INFO  ipc.CallQueueManager (CallQueueManager.java:<init>(90)) - Using callQueue: class java.util.concurrent.LinkedBlockingQueue, queueCapacity: 10000, scheduler: class org.apache.hadoop.ipc.DefaultRpcScheduler, ipcBackoff: false.
2022-02-17 10:47:48,492 [Socket Reader #1 for port 36645] INFO  ipc.Server (Server.java:run(1265)) - Starting Socket Reader #1 for port 36645
2022-02-17 10:47:48,502 [Listener at 0.0.0.0/36645] INFO  ipc.CallQueueManager (CallQueueManager.java:<init>(90)) - Using callQueue: class java.util.concurrent.LinkedBlockingQueue, queueCapacity: 10000, scheduler: class org.apache.hadoop.ipc.DefaultRpcScheduler, ipcBackoff: false.
2022-02-17 10:47:48,541 [Socket Reader #1 for port 34429] INFO  ipc.Server (Server.java:run(1265)) - Starting Socket Reader #1 for port 34429
2022-02-17 10:47:48,567 [Listener at 0.0.0.0/34429] INFO  algorithms.ContainerPlacementPolicyFactory (ContainerPlacementPolicyFactory.java:getPolicy(60)) - Create container placement policy of type org.apache.hadoop.hdds.scm.container.placement.algorithms.SCMContainerPlacementRandom
2022-02-17 10:47:48,578 [Listener at 0.0.0.0/34429] INFO  server.StorageContainerManager (StorageContainerManager.java:<init>(388)) - 
Container Balancer status:
Key                            Value
Running                        false
Container Balancer Configuration values:
Key                                                Value
Threshold                                          10
Max Datanodes to Involve per Iteration(percent)    20
Max Size to Move per Iteration                     500GB
Max Size Entering Target per Iteration             26GB
Max Size Leaving Source per Iteration              26GB

2022-02-17 10:47:48,578 [Listener at 0.0.0.0/34429] WARN  events.EventQueue (EventQueue.java:fireEvent(194)) - No event handler registered for event TypedEvent{payloadType=SafeModeStatus, name='Safe mode status'}
2022-02-17 10:47:48,578 [Listener at 0.0.0.0/34429] INFO  ha.SCMContext (SCMContext.java:updateSafeModeStatus(211)) - Update SafeModeStatus from SafeModeStatus{safeModeStatus=true, preCheckPassed=false} to SafeModeStatus{safeModeStatus=true, preCheckPassed=false}.
2022-02-17 10:47:48,578 [Listener at 0.0.0.0/34429] INFO  server.StorageContainerManager (StorageContainerManager.java:start(1303)) - StorageContainerLocationProtocol RPC server is listening at /0.0.0.0:34429
2022-02-17 10:47:48,585 [Listener at 0.0.0.0/34429] INFO  ha.SCMRatisServerImpl (SCMRatisServerImpl.java:start(177)) - starting ratis server 0.0.0.0:34705
2022-02-17 10:47:48,586 [Listener at 0.0.0.0/34429] INFO  server.RaftServer$Division (RaftServerImpl.java:start(301)) - e1200b4d-f169-45a2-b87f-8a7ea851d305@group-C00B8CBA638F: start as a follower, conf=0: [e1200b4d-f169-45a2-b87f-8a7ea851d305|rpc:localhost:34705|admin:|client:|dataStream:|priority:0], old=null
2022-02-17 10:47:48,586 [Listener at 0.0.0.0/34429] INFO  server.RaftServer$Division (RaftServerImpl.java:setRole(290)) - e1200b4d-f169-45a2-b87f-8a7ea851d305@group-C00B8CBA638F: changes role from      null to FOLLOWER at term 1 for startAsFollower
2022-02-17 10:47:48,586 [Listener at 0.0.0.0/34429] INFO  impl.RoleInfo (RoleInfo.java:updateAndGet(130)) - e1200b4d-f169-45a2-b87f-8a7ea851d305: start e1200b4d-f169-45a2-b87f-8a7ea851d305@group-C00B8CBA638F-FollowerState
2022-02-17 10:47:48,598 [Listener at 0.0.0.0/34429] INFO  util.JmxRegister (JmxRegister.java:tryRegister(44)) - Successfully registered JMX Bean with object name Ratis:service=RaftServer,group=group-C00B8CBA638F,id=e1200b4d-f169-45a2-b87f-8a7ea851d305
2022-02-17 10:47:48,605 [Listener at 0.0.0.0/34429] INFO  server.RaftServer (RaftServerProxy.java:lambda$start$5(374)) - e1200b4d-f169-45a2-b87f-8a7ea851d305: start RPC server
2022-02-17 10:47:48,606 [Listener at 0.0.0.0/34429] INFO  server.GrpcService (GrpcService.java:startImpl(253)) - e1200b4d-f169-45a2-b87f-8a7ea851d305: GrpcService started, listening on 34705
2022-02-17 10:47:48,606 [Listener at 0.0.0.0/34429] INFO  ha.SCMHAManagerImpl (SCMHAManagerImpl.java:start(121)) -  scm role is FOLLOWER peers [e1200b4d-f169-45a2-b87f-8a7ea851d305|rpc:localhost:34705|admin:|client:|dataStream:|priority:0]
2022-02-17 10:47:48,606 [Listener at 0.0.0.0/34429] INFO  ha.InterSCMGrpcService (InterSCMGrpcProtocolService.java:start(94)) - Starting SCM Grpc Service at port 45115
2022-02-17 10:47:48,608 [Listener at 0.0.0.0/34429] WARN  impl.MetricsConfig (MetricsConfig.java:loadFirst(136)) - Cannot locate configuration: tried hadoop-metrics2-storagecontainermanager.properties,hadoop-metrics2.properties
2022-02-17 10:47:48,609 [org.apache.ratis.util.JvmPauseMonitor$$Lambda$503/2086945474@40d013cb] INFO  util.JvmPauseMonitor (JvmPauseMonitor.java:run(103)) - JvmPauseMonitor-e1200b4d-f169-45a2-b87f-8a7ea851d305: Started
2022-02-17 10:47:48,609 [Listener at 0.0.0.0/34429] INFO  impl.MetricsSystemImpl (MetricsSystemImpl.java:startTimer(378)) - Scheduled Metric snapshot period at 10 second(s).
2022-02-17 10:47:48,609 [Listener at 0.0.0.0/34429] INFO  impl.MetricsSystemImpl (MetricsSystemImpl.java:start(191)) - StorageContainerManager metrics system started
2022-02-17 10:47:48,638 [Listener at 0.0.0.0/34429] INFO  impl.MetricsSinkAdapter (MetricsSinkAdapter.java:start(204)) - Sink prometheus started
2022-02-17 10:47:48,643 [Listener at 0.0.0.0/34429] INFO  impl.MetricsSystemImpl (MetricsSystemImpl.java:registerSink(305)) - Registered sink prometheus
2022-02-17 10:47:48,673 [Listener at 0.0.0.0/34429] INFO  server.SCMClientProtocolServer (SCMClientProtocolServer.java:start(165)) - RPC server for Client  is listening at /0.0.0.0:34429
2022-02-17 10:47:48,678 [IPC Server Responder] INFO  ipc.Server (Server.java:run(1507)) - IPC Server Responder: starting
2022-02-17 10:47:48,736 [IPC Server listener on 34429] INFO  ipc.Server (Server.java:run(1344)) - IPC Server listener on 34429: starting
2022-02-17 10:47:48,868 [Listener at 0.0.0.0/34429] INFO  server.StorageContainerManager (StorageContainerManager.java:start(1318)) - ScmBlockLocationProtocol RPC server is listening at /0.0.0.0:36645
2022-02-17 10:47:48,868 [Listener at 0.0.0.0/34429] INFO  server.SCMBlockProtocolServer (SCMBlockProtocolServer.java:start(151)) - RPC server for Block Protocol is listening at /0.0.0.0:36645
2022-02-17 10:47:48,874 [IPC Server Responder] INFO  ipc.Server (Server.java:run(1507)) - IPC Server Responder: starting
2022-02-17 10:47:48,877 [IPC Server listener on 36645] INFO  ipc.Server (Server.java:run(1344)) - IPC Server listener on 36645: starting
2022-02-17 10:47:48,903 [Listener at 0.0.0.0/34429] INFO  http.BaseHttpServer (BaseHttpServer.java:newHttpServer2BuilderForOzone(209)) - Starting Web-server for scm at: http://0.0.0.0:42527
2022-02-17 10:47:48,903 [Listener at 0.0.0.0/34429] INFO  http.BaseHttpServer (BaseHttpServer.java:<init>(107)) - Hadoop Security Enabled: false Ozone Security Enabled: false Ozone HTTP Security Enabled: false 
2022-02-17 10:47:48,905 [Listener at 0.0.0.0/34429] INFO  server.AuthenticationFilter (AuthenticationFilter.java:constructSecretProvider(240)) - Unable to initialize FileSignerSecretProvider, falling back to use random secrets.
2022-02-17 10:47:48,905 [org.apache.hadoop.util.JvmPauseMonitor$Monitor@2979a9e6] INFO  util.JvmPauseMonitor (JvmPauseMonitor.java:run(188)) - Starting JVM pause monitor
2022-02-17 10:47:48,905 [Listener at 0.0.0.0/34429] WARN  http.HttpRequestLog (HttpRequestLog.java:getRequestLog(103)) - Jetty request log can only be enabled using Log4j
2022-02-17 10:47:48,906 [Listener at 0.0.0.0/34429] INFO  http.HttpServer2 (HttpServer2.java:addGlobalFilter(1030)) - Added global filter 'safety' (class=org.apache.hadoop.hdds.server.http.HttpServer2$QuotingInputFilter)
2022-02-17 10:47:48,907 [Listener at 0.0.0.0/34429] INFO  http.HttpServer2 (HttpServer2.java:addFilter(1006)) - Added filter static_user_filter (class=org.apache.hadoop.http.lib.StaticUserWebFilter$StaticUserFilter) to context scm
2022-02-17 10:47:48,907 [Listener at 0.0.0.0/34429] INFO  http.HttpServer2 (HttpServer2.java:addFilter(1014)) - Added filter static_user_filter (class=org.apache.hadoop.http.lib.StaticUserWebFilter$StaticUserFilter) to context logs
2022-02-17 10:47:48,907 [Listener at 0.0.0.0/34429] INFO  http.HttpServer2 (HttpServer2.java:addFilter(1014)) - Added filter static_user_filter (class=org.apache.hadoop.http.lib.StaticUserWebFilter$StaticUserFilter) to context static
2022-02-17 10:47:48,908 [Listener at 0.0.0.0/34429] INFO  http.HttpServer2 (HttpServer2.java:bindListener(1249)) - Jetty bound to port 42527
2022-02-17 10:47:48,908 [Listener at 0.0.0.0/34429] INFO  server.Server (Server.java:doStart(375)) - jetty-9.4.43.v20210629; built: 2021-06-30T11:07:22.254Z; git: 526006ecfa3af7f1a27ef3a288e2bef7ea9dd7e8; jvm 1.8.0_322-b06
2022-02-17 10:47:48,920 [Listener at 0.0.0.0/34429] INFO  server.session (DefaultSessionIdManager.java:doStart(334)) - DefaultSessionIdManager workerName=node0
2022-02-17 10:47:48,921 [Listener at 0.0.0.0/34429] INFO  server.session (DefaultSessionIdManager.java:doStart(339)) - No SessionScavenger set, using defaults
2022-02-17 10:47:48,921 [Listener at 0.0.0.0/34429] INFO  server.session (HouseKeeper.java:startScavenging(132)) - node0 Scavenging every 600000ms
2022-02-17 10:47:48,931 [Listener at 0.0.0.0/34429] INFO  handler.ContextHandler (ContextHandler.java:doStart(915)) - Started o.e.j.s.ServletContextHandler@192da968{logs,/logs,file:///home/runner/work/ozone/ozone/hadoop-ozone/integration-test/target/log,AVAILABLE}
2022-02-17 10:47:48,931 [Listener at 0.0.0.0/34429] INFO  handler.ContextHandler (ContextHandler.java:doStart(915)) - Started o.e.j.s.ServletContextHandler@755d80d1{static,/static,file:///home/runner/work/ozone/ozone/hadoop-ozone/integration-test/target/test-classes/webapps/static,AVAILABLE}
2022-02-17 10:47:48,936 [Listener at 0.0.0.0/34429] INFO  handler.ContextHandler (ContextHandler.java:doStart(915)) - Started o.e.j.w.WebAppContext@6c6f49d1{scm,/,file:///home/runner/work/ozone/ozone/hadoop-ozone/integration-test/target/test-classes/webapps/scm/,AVAILABLE}{file:/home/runner/work/ozone/ozone/hadoop-ozone/integration-test/target/test-classes/webapps/scm}
2022-02-17 10:47:48,963 [Listener at 0.0.0.0/34429] INFO  server.AbstractConnector (AbstractConnector.java:doStart(331)) - Started ServerConnector@51e9f462{HTTP/1.1, (http/1.1)}{0.0.0.0:42527}
2022-02-17 10:47:48,964 [Listener at 0.0.0.0/34429] INFO  server.Server (Server.java:doStart(415)) - Started @78908ms
2022-02-17 10:47:48,964 [Listener at 0.0.0.0/34429] WARN  impl.MetricsSystemImpl (MetricsSystemImpl.java:register(279)) - Sink prometheus already exists!
2022-02-17 10:47:48,965 [Listener at 0.0.0.0/34429] INFO  http.BaseHttpServer (BaseHttpServer.java:updateConnectorAddress(329)) - HTTP server of scm listening at http://0.0.0.0:42527
2022-02-17 10:47:48,965 [Listener at 0.0.0.0/34429] INFO  ozone.MiniOzoneHAClusterImpl (MiniOzoneHAClusterImpl.java:createSCMService(600)) - Started SCM RPC server at /0.0.0.0:34429
2022-02-17 10:47:48,966 [Listener at 0.0.0.0/34429] INFO  ha.SCMHANodeDetails (SCMHANodeDetails.java:loadSCMHAConfig(157)) - ServiceID for StorageContainerManager is scm-service-test1
2022-02-17 10:47:48,966 [Listener at 0.0.0.0/34429] INFO  ha.SCMHANodeDetails (SCMHANodeDetails.java:loadSCMHAConfig(168)) - ServiceID for StorageContainerManager is scm-service-test1
2022-02-17 10:47:48,966 [Listener at 0.0.0.0/34429] WARN  scm.ScmUtils (ScmUtils.java:logWarn(179)) - ConfigKey ozone.scm.block.client.address is deprecated, For configuring different ports for each SCM use PortConfigKey ozone.scm.block.client.port appended with serviceId and nodeId. If want to configure same port configure ozone.scm.block.client.port
2022-02-17 10:47:48,966 [Listener at 0.0.0.0/34429] WARN  scm.ScmUtils (ScmUtils.java:logWarn(179)) - ConfigKey ozone.scm.client.address is deprecated, For configuring different ports for each SCM use PortConfigKey ozone.scm.client.port appended with serviceId and nodeId. If want to configure same port configure ozone.scm.client.port
2022-02-17 10:47:48,966 [Listener at 0.0.0.0/34429] WARN  scm.ScmUtils (ScmUtils.java:logWarn(179)) - ConfigKey ozone.scm.datanode.address is deprecated, For configuring different ports for each SCM use PortConfigKey ozone.scm.datanode.port appended with serviceId and nodeId. If want to configure same port configure ozone.scm.datanode.port
2022-02-17 10:47:48,970 [Listener at 0.0.0.0/34429] WARN  scm.ScmUtils (ScmUtils.java:logWarn(179)) - ConfigKey ozone.scm.block.client.address is deprecated, For configuring different ports for each SCM use PortConfigKey ozone.scm.block.client.port appended with serviceId and nodeId. If want to configure same port configure ozone.scm.block.client.port
2022-02-17 10:47:48,970 [Listener at 0.0.0.0/34429] WARN  scm.ScmUtils (ScmUtils.java:logWarn(179)) - ConfigKey ozone.scm.client.address is deprecated, For configuring different ports for each SCM use PortConfigKey ozone.scm.client.port appended with serviceId and nodeId. If want to configure same port configure ozone.scm.client.port
2022-02-17 10:47:48,971 [Listener at 0.0.0.0/34429] WARN  scm.ScmUtils (ScmUtils.java:logWarn(179)) - ConfigKey ozone.scm.datanode.address is deprecated, For configuring different ports for each SCM use PortConfigKey ozone.scm.datanode.port appended with serviceId and nodeId. If want to configure same port configure ozone.scm.datanode.port
2022-02-17 10:47:48,971 [Listener at 0.0.0.0/34429] INFO  ha.SCMHANodeDetails (SCMHANodeDetails.java:loadSCMHAConfig(250)) - Found matching SCM address with SCMServiceId: scm-service-test1, SCMNodeId: scmNode-2, RPC Address: localhost:43373 and Ratis port: 43373
2022-02-17 10:47:48,971 [Listener at 0.0.0.0/34429] INFO  ha.SCMHANodeDetails (ConfUtils.java:setNodeSpecificConfigs(108)) - Setting configuration key ozone.scm.datanode.address with value of key ozone.scm.datanode.address.scm-service-test1.scmNode-2: 127.0.0.1:43155
2022-02-17 10:47:48,971 [Listener at 0.0.0.0/34429] INFO  ha.SCMHANodeDetails (ConfUtils.java:setNodeSpecificConfigs(108)) - Setting configuration key ozone.scm.block.client.address with value of key ozone.scm.block.client.address.scm-service-test1.scmNode-2: 127.0.0.1:37931
2022-02-17 10:47:48,971 [Listener at 0.0.0.0/34429] INFO  ha.SCMHANodeDetails (ConfUtils.java:setNodeSpecificConfigs(108)) - Setting configuration key ozone.scm.client.address with value of key ozone.scm.client.address.scm-service-test1.scmNode-2: 127.0.0.1:42503
2022-02-17 10:47:48,973 [Listener at 0.0.0.0/34429] INFO  ha.SCMHANodeDetails (ConfUtils.java:setNodeSpecificConfigs(108)) - Setting configuration key ozone.scm.ratis.port with value of key ozone.scm.ratis.port.scm-service-test1.scmNode-2: 43373
2022-02-17 10:47:48,974 [Listener at 0.0.0.0/34429] INFO  ha.SCMHANodeDetails (ConfUtils.java:setNodeSpecificConfigs(108)) - Setting configuration key ozone.scm.grpc.port with value of key ozone.scm.grpc.port.scm-service-test1.scmNode-2: 38459
2022-02-17 10:47:48,974 [Listener at 0.0.0.0/34429] INFO  ha.SCMHANodeDetails (ConfUtils.java:setNodeSpecificConfigs(108)) - Setting configuration key ozone.scm.http-address with value of key ozone.scm.http-address.scm-service-test1.scmNode-2: 127.0.0.1:36091
2022-02-17 10:47:48,974 [Listener at 0.0.0.0/34429] INFO  ha.SCMHANodeDetails (ConfUtils.java:setNodeSpecificConfigs(108)) - Setting configuration key ozone.scm.https-address with value of key ozone.scm.https-address.scm-service-test1.scmNode-2: 127.0.0.1:36839
2022-02-17 10:47:48,974 [Listener at 0.0.0.0/34429] INFO  ha.SCMHANodeDetails (ConfUtils.java:setNodeSpecificConfigs(108)) - Setting configuration key ozone.scm.address with value of key ozone.scm.address.scm-service-test1.scmNode-2: 127.0.0.1
2022-02-17 10:47:48,974 [Listener at 0.0.0.0/34429] WARN  scm.ScmUtils (ScmUtils.java:logWarn(179)) - ConfigKey ozone.scm.block.client.address is deprecated, For configuring different ports for each SCM use PortConfigKey ozone.scm.block.client.port appended with serviceId and nodeId. If want to configure same port configure ozone.scm.block.client.port
2022-02-17 10:47:48,974 [Listener at 0.0.0.0/34429] WARN  scm.ScmUtils (ScmUtils.java:logWarn(179)) - ConfigKey ozone.scm.client.address is deprecated, For configuring different ports for each SCM use PortConfigKey ozone.scm.client.port appended with serviceId and nodeId. If want to configure same port configure ozone.scm.client.port
2022-02-17 10:47:48,975 [Listener at 0.0.0.0/34429] WARN  scm.ScmUtils (ScmUtils.java:logWarn(179)) - ConfigKey ozone.scm.datanode.address is deprecated, For configuring different ports for each SCM use PortConfigKey ozone.scm.datanode.port appended with serviceId and nodeId. If want to configure same port configure ozone.scm.datanode.port
2022-02-17 10:47:48,975 [Listener at 0.0.0.0/34429] WARN  server.ServerUtils (ServerUtils.java:getScmDbDir(148)) - ozone.scm.db.dirs is not configured. We recommend adding this setting. Falling back to ozone.metadata.dirs instead.
2022-02-17 10:47:48,976 [Listener at 0.0.0.0/34429] INFO  ha.SCMNodeInfo (SCMNodeInfo.java:getPort(197)) - ConfigKey ozone.scm.client.address is deprecated, For configuring different ports for each SCM use PortConfigKey ozone.scm.client.port appended with serviceId and nodeId
2022-02-17 10:47:48,981 [Listener at 0.0.0.0/34429] INFO  ha.SCMNodeInfo (SCMNodeInfo.java:getPort(197)) - ConfigKey ozone.scm.block.client.address is deprecated, For configuring different ports for each SCM use PortConfigKey ozone.scm.block.client.port appended with serviceId and nodeId
2022-02-17 10:47:48,981 [Listener at 0.0.0.0/34429] INFO  ha.SCMNodeInfo (SCMNodeInfo.java:getPort(197)) - ConfigKey ozone.scm.datanode.address is deprecated, For configuring different ports for each SCM use PortConfigKey ozone.scm.datanode.port appended with serviceId and nodeId
2022-02-17 10:47:48,982 [Listener at 0.0.0.0/34429] INFO  ha.SCMNodeInfo (SCMNodeInfo.java:getPort(197)) - ConfigKey ozone.scm.client.address is deprecated, For configuring different ports for each SCM use PortConfigKey ozone.scm.client.port appended with serviceId and nodeId
2022-02-17 10:47:48,982 [Listener at 0.0.0.0/34429] INFO  ha.SCMNodeInfo (SCMNodeInfo.java:getPort(197)) - ConfigKey ozone.scm.block.client.address is deprecated, For configuring different ports for each SCM use PortConfigKey ozone.scm.block.client.port appended with serviceId and nodeId
2022-02-17 10:47:48,984 [Listener at 0.0.0.0/34429] INFO  ha.SCMNodeInfo (SCMNodeInfo.java:getPort(197)) - ConfigKey ozone.scm.datanode.address is deprecated, For configuring different ports for each SCM use PortConfigKey ozone.scm.datanode.port appended with serviceId and nodeId
2022-02-17 10:47:48,984 [Listener at 0.0.0.0/34429] INFO  ha.SCMNodeInfo (SCMNodeInfo.java:getPort(197)) - ConfigKey ozone.scm.client.address is deprecated, For configuring different ports for each SCM use PortConfigKey ozone.scm.client.port appended with serviceId and nodeId
2022-02-17 10:47:48,984 [Listener at 0.0.0.0/34429] INFO  ha.SCMNodeInfo (SCMNodeInfo.java:getPort(197)) - ConfigKey ozone.scm.block.client.address is deprecated, For configuring different ports for each SCM use PortConfigKey ozone.scm.block.client.port appended with serviceId and nodeId
2022-02-17 10:47:48,984 [Listener at 0.0.0.0/34429] INFO  ha.SCMNodeInfo (SCMNodeInfo.java:getPort(197)) - ConfigKey ozone.scm.datanode.address is deprecated, For configuring different ports for each SCM use PortConfigKey ozone.scm.datanode.port appended with serviceId and nodeId
2022-02-17 10:47:49,002 [EndpointStateMachine task thread for /127.0.0.1:41937 - 0 ] INFO  ipc.Client (Client.java:handleConnectionFailure(977)) - Retrying connect to server: localhost/127.0.0.1:41937. Already tried 13 time(s); retry policy is RetryUpToMaximumCountWithFixedSleep(maxRetries=15, sleepTime=1000 MILLISECONDS)
2022-02-17 10:47:49,011 [EndpointStateMachine task thread for /127.0.0.1:41349 - 0 ] INFO  ipc.Client (Client.java:handleConnectionFailure(977)) - Retrying connect to server: localhost/127.0.0.1:41349. Already tried 13 time(s); retry policy is RetryUpToMaximumCountWithFixedSleep(maxRetries=15, sleepTime=1000 MILLISECONDS)
2022-02-17 10:47:49,019 [EndpointStateMachine task thread for /127.0.0.1:46679 - 0 ] INFO  ipc.Client (Client.java:handleConnectionFailure(977)) - Retrying connect to server: localhost/127.0.0.1:46679. Already tried 13 time(s); retry policy is RetryUpToMaximumCountWithFixedSleep(maxRetries=15, sleepTime=1000 MILLISECONDS)
2022-02-17 10:47:50,003 [EndpointStateMachine task thread for /127.0.0.1:41937 - 0 ] INFO  ipc.Client (Client.java:handleConnectionFailure(977)) - Retrying connect to server: localhost/127.0.0.1:41937. Already tried 14 time(s); retry policy is RetryUpToMaximumCountWithFixedSleep(maxRetries=15, sleepTime=1000 MILLISECONDS)
2022-02-17 10:47:50,011 [EndpointStateMachine task thread for /127.0.0.1:41349 - 0 ] INFO  ipc.Client (Client.java:handleConnectionFailure(977)) - Retrying connect to server: localhost/127.0.0.1:41349. Already tried 14 time(s); retry policy is RetryUpToMaximumCountWithFixedSleep(maxRetries=15, sleepTime=1000 MILLISECONDS)
2022-02-17 10:47:50,019 [EndpointStateMachine task thread for /127.0.0.1:46679 - 0 ] INFO  ipc.Client (Client.java:handleConnectionFailure(977)) - Retrying connect to server: localhost/127.0.0.1:46679. Already tried 14 time(s); retry policy is RetryUpToMaximumCountWithFixedSleep(maxRetries=15, sleepTime=1000 MILLISECONDS)
2022-02-17 10:47:51,006 [EndpointStateMachine task thread for /127.0.0.1:41937 - 0 ] INFO  ipc.Client (Client.java:handleConnectionFailure(977)) - Retrying connect to server: localhost/127.0.0.1:41937. Already tried 0 time(s); retry policy is RetryUpToMaximumCountWithFixedSleep(maxRetries=15, sleepTime=1000 MILLISECONDS)
2022-02-17 10:47:51,008 [Listener at 0.0.0.0/34429] INFO  retry.RetryInvocationHandler (RetryInvocationHandler.java:log(411)) - com.google.protobuf.ServiceException: java.net.ConnectException: Call From fv-az12-716/10.1.0.49 to localhost:37931 failed on connection exception: java.net.ConnectException: Connection refused; For more details see:  http://wiki.apache.org/hadoop/ConnectionRefused, while invoking $Proxy39.send over nodeId=scmNode-2,nodeAddress=/127.0.0.1:37931 after 1 failover attempts. Trying to failover after sleeping for 2000ms.
2022-02-17 10:47:51,012 [EndpointStateMachine task thread for /127.0.0.1:41349 - 0 ] INFO  ipc.Client (Client.java:handleConnectionFailure(977)) - Retrying connect to server: localhost/127.0.0.1:41349. Already tried 0 time(s); retry policy is RetryUpToMaximumCountWithFixedSleep(maxRetries=15, sleepTime=1000 MILLISECONDS)
2022-02-17 10:47:51,020 [EndpointStateMachine task thread for /127.0.0.1:46679 - 0 ] INFO  ipc.Client (Client.java:handleConnectionFailure(977)) - Retrying connect to server: localhost/127.0.0.1:46679. Already tried 0 time(s); retry policy is RetryUpToMaximumCountWithFixedSleep(maxRetries=15, sleepTime=1000 MILLISECONDS)
2022-02-17 10:47:52,006 [EndpointStateMachine task thread for /127.0.0.1:41937 - 0 ] INFO  ipc.Client (Client.java:handleConnectionFailure(977)) - Retrying connect to server: localhost/127.0.0.1:41937. Already tried 1 time(s); retry policy is RetryUpToMaximumCountWithFixedSleep(maxRetries=15, sleepTime=1000 MILLISECONDS)
2022-02-17 10:47:52,012 [EndpointStateMachine task thread for /127.0.0.1:41349 - 0 ] INFO  ipc.Client (Client.java:handleConnectionFailure(977)) - Retrying connect to server: localhost/127.0.0.1:41349. Already tried 1 time(s); retry policy is RetryUpToMaximumCountWithFixedSleep(maxRetries=15, sleepTime=1000 MILLISECONDS)
2022-02-17 10:47:52,020 [EndpointStateMachine task thread for /127.0.0.1:46679 - 0 ] INFO  ipc.Client (Client.java:handleConnectionFailure(977)) - Retrying connect to server: localhost/127.0.0.1:46679. Already tried 1 time(s); retry policy is RetryUpToMaximumCountWithFixedSleep(maxRetries=15, sleepTime=1000 MILLISECONDS)
2022-02-17 10:47:53,007 [EndpointStateMachine task thread for /127.0.0.1:41937 - 0 ] INFO  ipc.Client (Client.java:handleConnectionFailure(977)) - Retrying connect to server: localhost/127.0.0.1:41937. Already tried 2 time(s); retry policy is RetryUpToMaximumCountWithFixedSleep(maxRetries=15, sleepTime=1000 MILLISECONDS)
2022-02-17 10:47:53,009 [Listener at 0.0.0.0/34429] INFO  retry.RetryInvocationHandler (RetryInvocationHandler.java:log(411)) - com.google.protobuf.ServiceException: java.net.ConnectException: Call From fv-az12-716/10.1.0.49 to localhost:33255 failed on connection exception: java.net.ConnectException: Connection refused; For more details see:  http://wiki.apache.org/hadoop/ConnectionRefused, while invoking $Proxy39.send over nodeId=scmNode-3,nodeAddress=/127.0.0.1:33255 after 2 failover attempts. Trying to failover after sleeping for 2000ms.
2022-02-17 10:47:53,013 [EndpointStateMachine task thread for /127.0.0.1:41349 - 0 ] INFO  ipc.Client (Client.java:handleConnectionFailure(977)) - Retrying connect to server: localhost/127.0.0.1:41349. Already tried 2 time(s); retry policy is RetryUpToMaximumCountWithFixedSleep(maxRetries=15, sleepTime=1000 MILLISECONDS)
2022-02-17 10:47:53,021 [EndpointStateMachine task thread for /127.0.0.1:46679 - 0 ] INFO  ipc.Client (Client.java:handleConnectionFailure(977)) - Retrying connect to server: localhost/127.0.0.1:46679. Already tried 2 time(s); retry policy is RetryUpToMaximumCountWithFixedSleep(maxRetries=15, sleepTime=1000 MILLISECONDS)
2022-02-17 10:47:53,648 [e1200b4d-f169-45a2-b87f-8a7ea851d305@group-C00B8CBA638F-FollowerState] INFO  impl.FollowerState (FollowerState.java:run(134)) - e1200b4d-f169-45a2-b87f-8a7ea851d305@group-C00B8CBA638F-FollowerState: change to CANDIDATE, lastRpcElapsedTime:5061538779ns, electionTimeout:5050ms
2022-02-17 10:47:53,648 [e1200b4d-f169-45a2-b87f-8a7ea851d305@group-C00B8CBA638F-FollowerState] INFO  impl.RoleInfo (RoleInfo.java:shutdownFollowerState(108)) - e1200b4d-f169-45a2-b87f-8a7ea851d305: shutdown e1200b4d-f169-45a2-b87f-8a7ea851d305@group-C00B8CBA638F-FollowerState
2022-02-17 10:47:53,648 [e1200b4d-f169-45a2-b87f-8a7ea851d305@group-C00B8CBA638F-FollowerState] INFO  server.RaftServer$Division (RaftServerImpl.java:setRole(290)) - e1200b4d-f169-45a2-b87f-8a7ea851d305@group-C00B8CBA638F: changes role from  FOLLOWER to CANDIDATE at term 1 for changeToCandidate
2022-02-17 10:47:53,648 [e1200b4d-f169-45a2-b87f-8a7ea851d305@group-C00B8CBA638F-FollowerState] INFO  server.RaftServerConfigKeys (ConfUtils.java:logGet(44)) - raft.server.leaderelection.pre-vote = false (custom)
2022-02-17 10:47:53,648 [e1200b4d-f169-45a2-b87f-8a7ea851d305@group-C00B8CBA638F-FollowerState] INFO  impl.RoleInfo (RoleInfo.java:updateAndGet(130)) - e1200b4d-f169-45a2-b87f-8a7ea851d305: start e1200b4d-f169-45a2-b87f-8a7ea851d305@group-C00B8CBA638F-LeaderElection17
2022-02-17 10:47:53,677 [e1200b4d-f169-45a2-b87f-8a7ea851d305@group-C00B8CBA638F-LeaderElection17] INFO  impl.LeaderElection (LeaderElection.java:askForVotes(306)) - e1200b4d-f169-45a2-b87f-8a7ea851d305@group-C00B8CBA638F-LeaderElection17 ELECTION round 0: submit vote requests at term 2 for 0: [e1200b4d-f169-45a2-b87f-8a7ea851d305|rpc:localhost:34705|admin:|client:|dataStream:|priority:0], old=null
2022-02-17 10:47:53,677 [e1200b4d-f169-45a2-b87f-8a7ea851d305@group-C00B8CBA638F-LeaderElection17] INFO  impl.LeaderElection (LeaderElection.java:askForVotes(308)) - e1200b4d-f169-45a2-b87f-8a7ea851d305@group-C00B8CBA638F-LeaderElection17 ELECTION round 0: result PASSED (term=2)
2022-02-17 10:47:53,677 [e1200b4d-f169-45a2-b87f-8a7ea851d305@group-C00B8CBA638F-LeaderElection17] INFO  impl.RoleInfo (RoleInfo.java:shutdownLeaderElection(121)) - e1200b4d-f169-45a2-b87f-8a7ea851d305: shutdown e1200b4d-f169-45a2-b87f-8a7ea851d305@group-C00B8CBA638F-LeaderElection17
2022-02-17 10:47:53,677 [e1200b4d-f169-45a2-b87f-8a7ea851d305@group-C00B8CBA638F-LeaderElection17] INFO  server.RaftServer$Division (RaftServerImpl.java:setRole(290)) - e1200b4d-f169-45a2-b87f-8a7ea851d305@group-C00B8CBA638F: changes role from CANDIDATE to LEADER at term 2 for changeToLeader
2022-02-17 10:47:53,677 [e1200b4d-f169-45a2-b87f-8a7ea851d305@group-C00B8CBA638F-LeaderElection17] INFO  ha.SCMStateMachine (SCMStateMachine.java:notifyLeaderChanged(259)) - current SCM becomes leader of term 2.
2022-02-17 10:47:53,677 [e1200b4d-f169-45a2-b87f-8a7ea851d305@group-C00B8CBA638F-LeaderElection17] INFO  ha.SCMContext (SCMContext.java:updateLeaderAndTerm(90)) - update <isLeader,term> from <false,0> to <true,2>
2022-02-17 10:47:53,677 [e1200b4d-f169-45a2-b87f-8a7ea851d305@group-C00B8CBA638F-LeaderElection17] INFO  server.RaftServer$Division (ServerState.java:setLeader(285)) - e1200b4d-f169-45a2-b87f-8a7ea851d305@group-C00B8CBA638F: change Leader from null to e1200b4d-f169-45a2-b87f-8a7ea851d305 at term 2 for becomeLeader, leader elected after 5244ms
2022-02-17 10:47:53,677 [e1200b4d-f169-45a2-b87f-8a7ea851d305@group-C00B8CBA638F-LeaderElection17] INFO  server.RaftServerConfigKeys (ConfUtils.java:logGet(44)) - raft.server.staging.catchup.gap = 1000 (default)
2022-02-17 10:47:53,677 [e1200b4d-f169-45a2-b87f-8a7ea851d305@group-C00B8CBA638F-LeaderElection17] INFO  server.RaftServerConfigKeys (ConfUtils.java:logGet(44)) - raft.server.write.element-limit = 4096 (default)
2022-02-17 10:47:53,677 [e1200b4d-f169-45a2-b87f-8a7ea851d305@group-C00B8CBA638F-LeaderElection17] INFO  server.RaftServerConfigKeys (ConfUtils.java:logGet(44)) - raft.server.write.byte-limit = 64MB (=67108864) (default)
2022-02-17 10:47:53,678 [e1200b4d-f169-45a2-b87f-8a7ea851d305@group-C00B8CBA638F-LeaderElection17] INFO  server.RaftServerConfigKeys (ConfUtils.java:logGet(44)) - raft.server.watch.timeout = 10s (default)
2022-02-17 10:47:53,678 [e1200b4d-f169-45a2-b87f-8a7ea851d305@group-C00B8CBA638F-LeaderElection17] INFO  server.RaftServerConfigKeys (ConfUtils.java:logGet(44)) - raft.server.watch.timeout.denomination = 1s (default)
2022-02-17 10:47:53,678 [e1200b4d-f169-45a2-b87f-8a7ea851d305@group-C00B8CBA638F-LeaderElection17] INFO  server.RaftServerConfigKeys (ConfUtils.java:logGet(44)) - raft.server.watch.element-limit = 65536 (default)
2022-02-17 10:47:53,678 [e1200b4d-f169-45a2-b87f-8a7ea851d305@group-C00B8CBA638F-LeaderElection17] INFO  server.RaftServerConfigKeys (ConfUtils.java:logGet(44)) - raft.server.write.element-limit = 4096 (default)
2022-02-17 10:47:53,678 [e1200b4d-f169-45a2-b87f-8a7ea851d305@group-C00B8CBA638F-LeaderElection17] INFO  server.RaftServerConfigKeys (ConfUtils.java:logGet(44)) - raft.server.write.follower.gap.ratio.max = -1.0 (default)
2022-02-17 10:47:53,678 [e1200b4d-f169-45a2-b87f-8a7ea851d305@group-C00B8CBA638F-LeaderElection17] INFO  impl.RoleInfo (RoleInfo.java:updateAndGet(130)) - e1200b4d-f169-45a2-b87f-8a7ea851d305: start e1200b4d-f169-45a2-b87f-8a7ea851d305@group-C00B8CBA638F-LeaderStateImpl
2022-02-17 10:47:53,679 [e1200b4d-f169-45a2-b87f-8a7ea851d305@group-C00B8CBA638F-LeaderElection17] INFO  segmented.SegmentedRaftLogWorker (SegmentedRaftLogWorker.java:rollLogSegment(399)) - e1200b4d-f169-45a2-b87f-8a7ea851d305@group-C00B8CBA638F-SegmentedRaftLogWorker: Rolling segment log-0_0 to index:0
2022-02-17 10:47:53,680 [e1200b4d-f169-45a2-b87f-8a7ea851d305@group-C00B8CBA638F-SegmentedRaftLogWorker] INFO  segmented.SegmentedRaftLogWorker (SegmentedRaftLogWorker.java:execute(558)) - e1200b4d-f169-45a2-b87f-8a7ea851d305@group-C00B8CBA638F-SegmentedRaftLogWorker: Rolled log segment from /home/runner/work/ozone/ozone/hadoop-ozone/integration-test/target/test-dir/MiniOzoneClusterImpl-314b2a1d-9ab5-4841-b3ea-c00b8cba638f/scmNode-1/scm-ha/314b2a1d-9ab5-4841-b3ea-c00b8cba638f/current/log_inprogress_0 to /home/runner/work/ozone/ozone/hadoop-ozone/integration-test/target/test-dir/MiniOzoneClusterImpl-314b2a1d-9ab5-4841-b3ea-c00b8cba638f/scmNode-1/scm-ha/314b2a1d-9ab5-4841-b3ea-c00b8cba638f/current/log_0-0
2022-02-17 10:47:53,693 [e1200b4d-f169-45a2-b87f-8a7ea851d305@group-C00B8CBA638F-LeaderElection17] INFO  server.RaftServer$Division (ServerState.java:setRaftConf(387)) - e1200b4d-f169-45a2-b87f-8a7ea851d305@group-C00B8CBA638F: set configuration 1: [e1200b4d-f169-45a2-b87f-8a7ea851d305|rpc:localhost:34705|admin:|client:|dataStream:|priority:0], old=null
2022-02-17 10:47:53,694 [e1200b4d-f169-45a2-b87f-8a7ea851d305@group-C00B8CBA638F-SegmentedRaftLogWorker] INFO  segmented.SegmentedRaftLogWorker (SegmentedRaftLogWorker.java:execute(601)) - e1200b4d-f169-45a2-b87f-8a7ea851d305@group-C00B8CBA638F-SegmentedRaftLogWorker: created new log segment /home/runner/work/ozone/ozone/hadoop-ozone/integration-test/target/test-dir/MiniOzoneClusterImpl-314b2a1d-9ab5-4841-b3ea-c00b8cba638f/scmNode-1/scm-ha/314b2a1d-9ab5-4841-b3ea-c00b8cba638f/current/log_inprogress_1
2022-02-17 10:47:53,696 [e1200b4d-f169-45a2-b87f-8a7ea851d305@group-C00B8CBA638F-StateMachineUpdater] INFO  ha.SCMContext (SCMContext.java:setLeaderReady(117)) - update <isLeaderReady> from <false> to <true>
2022-02-17 10:47:53,697 [e1200b4d-f169-45a2-b87f-8a7ea851d305@group-C00B8CBA638F-StateMachineUpdater] INFO  pipeline.BackgroundPipelineCreator (BackgroundPipelineCreator.java:notifyStatusChanged(264)) - Service BackgroundPipelineCreator transitions to RUNNING.
2022-02-17 10:47:53,697 [e1200b4d-f169-45a2-b87f-8a7ea851d305@group-C00B8CBA638F-StateMachineUpdater] INFO  safemode.HealthyPipelineSafeModeRule (HealthyPipelineSafeModeRule.java:initializeRule(152)) - Refreshed total pipeline count is 0, healthy pipeline threshold count is 1
2022-02-17 10:47:53,697 [e1200b4d-f169-45a2-b87f-8a7ea851d305@group-C00B8CBA638F-StateMachineUpdater] INFO  safemode.ContainerSafeModeRule (ContainerSafeModeRule.java:reInitializeRule(177)) - Refreshed one replica container threshold 0, currentThreshold 0
2022-02-17 10:47:53,697 [e1200b4d-f169-45a2-b87f-8a7ea851d305@group-C00B8CBA638F-StateMachineUpdater] INFO  safemode.OneReplicaPipelineSafeModeRule (OneReplicaPipelineSafeModeRule.java:initializeRule(176)) - Refreshed Total pipeline count is 0, pipeline's with at least one datanode reported threshold count is 0
2022-02-17 10:47:53,697 [e1200b4d-f169-45a2-b87f-8a7ea851d305@group-C00B8CBA638F-StateMachineUpdater] INFO  server.SCMDatanodeProtocolServer (SCMDatanodeProtocolServer.java:start(181)) - ScmDatanodeProtocol RPC server for DataNodes is listening at /0.0.0.0:37793
2022-02-17 10:47:53,699 [IPC Server listener on 37793] INFO  ipc.Server (Server.java:run(1344)) - IPC Server listener on 37793: starting
2022-02-17 10:47:53,727 [IPC Server Responder] INFO  ipc.Server (Server.java:run(1507)) - IPC Server Responder: starting
2022-02-17 10:47:54,008 [EndpointStateMachine task thread for /127.0.0.1:41937 - 0 ] INFO  ipc.Client (Client.java:handleConnectionFailure(977)) - Retrying connect to server: localhost/127.0.0.1:41937. Already tried 3 time(s); retry policy is RetryUpToMaximumCountWithFixedSleep(maxRetries=15, sleepTime=1000 MILLISECONDS)
2022-02-17 10:47:54,013 [EndpointStateMachine task thread for /127.0.0.1:41349 - 0 ] INFO  ipc.Client (Client.java:handleConnectionFailure(977)) - Retrying connect to server: localhost/127.0.0.1:41349. Already tried 3 time(s); retry policy is RetryUpToMaximumCountWithFixedSleep(maxRetries=15, sleepTime=1000 MILLISECONDS)
2022-02-17 10:47:54,021 [EndpointStateMachine task thread for /127.0.0.1:46679 - 0 ] INFO  ipc.Client (Client.java:handleConnectionFailure(977)) - Retrying connect to server: localhost/127.0.0.1:46679. Already tried 3 time(s); retry policy is RetryUpToMaximumCountWithFixedSleep(maxRetries=15, sleepTime=1000 MILLISECONDS)
2022-02-17 10:47:55,008 [EndpointStateMachine task thread for /127.0.0.1:41937 - 0 ] INFO  ipc.Client (Client.java:handleConnectionFailure(977)) - Retrying connect to server: localhost/127.0.0.1:41937. Already tried 4 time(s); retry policy is RetryUpToMaximumCountWithFixedSleep(maxRetries=15, sleepTime=1000 MILLISECONDS)
2022-02-17 10:47:55,014 [EndpointStateMachine task thread for /127.0.0.1:41349 - 0 ] INFO  ipc.Client (Client.java:handleConnectionFailure(977)) - Retrying connect to server: localhost/127.0.0.1:41349. Already tried 4 time(s); retry policy is RetryUpToMaximumCountWithFixedSleep(maxRetries=15, sleepTime=1000 MILLISECONDS)
2022-02-17 10:47:55,017 [Listener at 0.0.0.0/34429] INFO  server.StorageContainerManager (StorageContainerManager.java:scmBootstrap(987)) - SCM BootStrap  is successful for ClusterID 314b2a1d-9ab5-4841-b3ea-c00b8cba638f, SCMID 01f34702-14f0-4566-9f1c-66e15822e926
2022-02-17 10:47:55,017 [Listener at 0.0.0.0/34429] INFO  server.StorageContainerManager (StorageContainerManager.java:scmBootstrap(989)) - Primary SCM Node ID e1200b4d-f169-45a2-b87f-8a7ea851d305
2022-02-17 10:47:55,017 [Listener at 0.0.0.0/34429] INFO  ha.SCMHANodeDetails (SCMHANodeDetails.java:loadSCMHAConfig(157)) - ServiceID for StorageContainerManager is scm-service-test1
2022-02-17 10:47:55,017 [Listener at 0.0.0.0/34429] INFO  ha.SCMHANodeDetails (SCMHANodeDetails.java:loadSCMHAConfig(168)) - ServiceID for StorageContainerManager is scm-service-test1
2022-02-17 10:47:55,018 [Listener at 0.0.0.0/34429] WARN  scm.ScmUtils (ScmUtils.java:logWarn(179)) - ConfigKey ozone.scm.block.client.address is deprecated, For configuring different ports for each SCM use PortConfigKey ozone.scm.block.client.port appended with serviceId and nodeId. If want to configure same port configure ozone.scm.block.client.port
2022-02-17 10:47:55,018 [Listener at 0.0.0.0/34429] WARN  scm.ScmUtils (ScmUtils.java:logWarn(179)) - ConfigKey ozone.scm.client.address is deprecated, For configuring different ports for each SCM use PortConfigKey ozone.scm.client.port appended with serviceId and nodeId. If want to configure same port configure ozone.scm.client.port
2022-02-17 10:47:55,018 [Listener at 0.0.0.0/34429] WARN  scm.ScmUtils (ScmUtils.java:logWarn(179)) - ConfigKey ozone.scm.datanode.address is deprecated, For configuring different ports for each SCM use PortConfigKey ozone.scm.datanode.port appended with serviceId and nodeId. If want to configure same port configure ozone.scm.datanode.port
2022-02-17 10:47:55,018 [Listener at 0.0.0.0/34429] WARN  scm.ScmUtils (ScmUtils.java:logWarn(179)) - ConfigKey ozone.scm.block.client.address is deprecated, For configuring different ports for each SCM use PortConfigKey ozone.scm.block.client.port appended with serviceId and nodeId. If want to configure same port configure ozone.scm.block.client.port
2022-02-17 10:47:55,018 [Listener at 0.0.0.0/34429] WARN  scm.ScmUtils (ScmUtils.java:logWarn(179)) - ConfigKey ozone.scm.client.address is deprecated, For configuring different ports for each SCM use PortConfigKey ozone.scm.client.port appended with serviceId and nodeId. If want to configure same port configure ozone.scm.client.port
2022-02-17 10:47:55,018 [Listener at 0.0.0.0/34429] WARN  scm.ScmUtils (ScmUtils.java:logWarn(179)) - ConfigKey ozone.scm.datanode.address is deprecated, For configuring different ports for each SCM use PortConfigKey ozone.scm.datanode.port appended with serviceId and nodeId. If want to configure same port configure ozone.scm.datanode.port
2022-02-17 10:47:55,019 [Listener at 0.0.0.0/34429] INFO  ha.SCMHANodeDetails (SCMHANodeDetails.java:loadSCMHAConfig(250)) - Found matching SCM address with SCMServiceId: scm-service-test1, SCMNodeId: scmNode-2, RPC Address: localhost:43373 and Ratis port: 43373
2022-02-17 10:47:55,019 [Listener at 0.0.0.0/34429] INFO  ha.SCMHANodeDetails (ConfUtils.java:setNodeSpecificConfigs(108)) - Setting configuration key ozone.scm.datanode.address with value of key ozone.scm.datanode.address.scm-service-test1.scmNode-2: 127.0.0.1:43155
2022-02-17 10:47:55,019 [Listener at 0.0.0.0/34429] INFO  ha.SCMHANodeDetails (ConfUtils.java:setNodeSpecificConfigs(108)) - Setting configuration key ozone.scm.block.client.address with value of key ozone.scm.block.client.address.scm-service-test1.scmNode-2: 127.0.0.1:37931
2022-02-17 10:47:55,019 [Listener at 0.0.0.0/34429] INFO  ha.SCMHANodeDetails (ConfUtils.java:setNodeSpecificConfigs(108)) - Setting configuration key ozone.scm.client.address with value of key ozone.scm.client.address.scm-service-test1.scmNode-2: 127.0.0.1:42503
2022-02-17 10:47:55,019 [Listener at 0.0.0.0/34429] INFO  ha.SCMHANodeDetails (ConfUtils.java:setNodeSpecificConfigs(108)) - Setting configuration key ozone.scm.ratis.port with value of key ozone.scm.ratis.port.scm-service-test1.scmNode-2: 43373
2022-02-17 10:47:55,019 [Listener at 0.0.0.0/34429] INFO  ha.SCMHANodeDetails (ConfUtils.java:setNodeSpecificConfigs(108)) - Setting configuration key ozone.scm.grpc.port with value of key ozone.scm.grpc.port.scm-service-test1.scmNode-2: 38459
2022-02-17 10:47:55,019 [Listener at 0.0.0.0/34429] INFO  ha.SCMHANodeDetails (ConfUtils.java:setNodeSpecificConfigs(108)) - Setting configuration key ozone.scm.http-address with value of key ozone.scm.http-address.scm-service-test1.scmNode-2: 127.0.0.1:36091
2022-02-17 10:47:55,020 [Listener at 0.0.0.0/34429] INFO  ha.SCMHANodeDetails (ConfUtils.java:setNodeSpecificConfigs(108)) - Setting configuration key ozone.scm.https-address with value of key ozone.scm.https-address.scm-service-test1.scmNode-2: 127.0.0.1:36839
2022-02-17 10:47:55,020 [Listener at 0.0.0.0/34429] INFO  ha.SCMHANodeDetails (ConfUtils.java:setNodeSpecificConfigs(108)) - Setting configuration key ozone.scm.address with value of key ozone.scm.address.scm-service-test1.scmNode-2: 127.0.0.1
2022-02-17 10:47:55,020 [Listener at 0.0.0.0/34429] WARN  scm.ScmUtils (ScmUtils.java:logWarn(179)) - ConfigKey ozone.scm.block.client.address is deprecated, For configuring different ports for each SCM use PortConfigKey ozone.scm.block.client.port appended with serviceId and nodeId. If want to configure same port configure ozone.scm.block.client.port
2022-02-17 10:47:55,020 [Listener at 0.0.0.0/34429] WARN  scm.ScmUtils (ScmUtils.java:logWarn(179)) - ConfigKey ozone.scm.client.address is deprecated, For configuring different ports for each SCM use PortConfigKey ozone.scm.client.port appended with serviceId and nodeId. If want to configure same port configure ozone.scm.client.port
2022-02-17 10:47:55,020 [Listener at 0.0.0.0/34429] WARN  scm.ScmUtils (ScmUtils.java:logWarn(179)) - ConfigKey ozone.scm.datanode.address is deprecated, For configuring different ports for each SCM use PortConfigKey ozone.scm.datanode.port appended with serviceId and nodeId. If want to configure same port configure ozone.scm.datanode.port
2022-02-17 10:47:55,021 [Listener at 0.0.0.0/34429] WARN  server.ServerUtils (ServerUtils.java:getScmDbDir(148)) - ozone.scm.db.dirs is not configured. We recommend adding this setting. Falling back to ozone.metadata.dirs instead.
2022-02-17 10:47:55,021 [Listener at 0.0.0.0/34429] INFO  upgrade.AbstractLayoutVersionManager (AbstractLayoutVersionManager.java:init(79)) - Initializing Layout version manager with metadata layout = SCM_HA (version = 2), software layout = SCM_HA (version = 2)
2022-02-17 10:47:55,022 [EndpointStateMachine task thread for /127.0.0.1:46679 - 0 ] INFO  ipc.Client (Client.java:handleConnectionFailure(977)) - Retrying connect to server: localhost/127.0.0.1:46679. Already tried 4 time(s); retry policy is RetryUpToMaximumCountWithFixedSleep(maxRetries=15, sleepTime=1000 MILLISECONDS)
2022-02-17 10:47:55,111 [Listener at 0.0.0.0/34429] INFO  reflections.Reflections (Reflections.java:scan(232)) - Reflections took 88 ms to scan 7 urls, producing 119 keys and 279 values 
2022-02-17 10:47:55,114 [Listener at 0.0.0.0/34429] WARN  utils.HAUtils (HAUtils.java:getMetaDir(342)) - ozone.scm.db.dirs is not configured. We recommend adding this setting. Falling back to ozone.metadata.dirs instead.
2022-02-17 10:47:55,115 [Listener at 0.0.0.0/34429] WARN  db.DBStoreBuilder (DBStoreBuilder.java:applyDBDefinition(145)) - ozone.scm.db.dirs is not configured. We recommend adding this setting. Falling back to ozone.metadata.dirs instead.
2022-02-17 10:47:55,306 [Listener at 0.0.0.0/34429] INFO  net.NodeSchemaLoader (NodeSchemaLoader.java:loadSchemaFromFile(129)) - Loading schema from [jar:file:/home/runner/.m2/repository/org/apache/ozone/hdds-common/1.3.0-SNAPSHOT/hdds-common-1.3.0-SNAPSHOT.jar!/network-topology-default.xml]
2022-02-17 10:47:55,309 [Listener at 0.0.0.0/34429] INFO  net.NodeSchemaLoader (NodeSchemaLoader.java:loadSchema(176)) - Loading network topology layer schema file
2022-02-17 10:47:55,320 [Listener at 0.0.0.0/34429] WARN  impl.MetricRegistriesImpl (MetricRegistriesImpl.java:addReporterRegistration(111)) - New reporters are added after registries were created. Some metrics will be missing from the reporter. Please add reporter before adding any new registry.
2022-02-17 10:47:55,320 [Listener at 0.0.0.0/34429] WARN  impl.MetricRegistriesImpl (MetricRegistriesImpl.java:addReporterRegistration(111)) - New reporters are added after registries were created. Some metrics will be missing from the reporter. Please add reporter before adding any new registry.
2022-02-17 10:47:55,321 [Listener at 0.0.0.0/34429] INFO  ha.SCMRatisServerImpl (SCMRatisServerImpl.java:<init>(87)) - starting Raft server for scm:01f34702-14f0-4566-9f1c-66e15822e926
2022-02-17 10:47:55,323 [Listener at 0.0.0.0/34429] INFO  server.RaftServer (ConfUtils.java:logGet(44)) - raft.rpc.type = GRPC (default)
2022-02-17 10:47:55,323 [Listener at 0.0.0.0/34429] INFO  grpc.GrpcFactory (GrpcFactory.java:checkPooledByteBufAllocatorUseCacheForAllThreads(48)) - PERFORMANCE WARNING: useCacheForAllThreads is true that may cause Netty to create a lot garbage objects and, as a result, trigger GC.
	It is recommended to disable useCacheForAllThreads by setting -Dorg.apache.ratis.thirdparty.io.netty.allocator.useCacheForAllThreads=false in command line.
2022-02-17 10:47:55,323 [Listener at 0.0.0.0/34429] INFO  grpc.GrpcConfigKeys (ConfUtils.java:logGet(44)) - raft.grpc.admin.port = -1 (default)
2022-02-17 10:47:55,325 [Listener at 0.0.0.0/34429] INFO  grpc.GrpcConfigKeys (ConfUtils.java:logGet(44)) - raft.grpc.server.port = 43373 (custom)
2022-02-17 10:47:55,326 [Listener at 0.0.0.0/34429] INFO  grpc.GrpcConfigKeys (ConfUtils.java:logGet(44)) - raft.grpc.client.port = -1 (default)
2022-02-17 10:47:55,326 [Listener at 0.0.0.0/34429] INFO  grpc.GrpcConfigKeys (ConfUtils.java:logGet(44)) - raft.grpc.server.port = 43373 (custom)
2022-02-17 10:47:55,326 [Listener at 0.0.0.0/34429] INFO  grpc.GrpcConfigKeys (ConfUtils.java:logGet(44)) - raft.grpc.server.port = 43373 (custom)
2022-02-17 10:47:55,326 [Listener at 0.0.0.0/34429] INFO  server.GrpcService (ConfUtils.java:logGet(44)) - raft.grpc.message.size.max = 32m (=33554432) (custom)
2022-02-17 10:47:55,326 [Listener at 0.0.0.0/34429] INFO  server.RaftServerConfigKeys (ConfUtils.java:logGet(44)) - raft.server.log.appender.buffer.byte-limit = 33554432 (custom)
2022-02-17 10:47:55,326 [Listener at 0.0.0.0/34429] INFO  server.GrpcService (ConfUtils.java:logGet(44)) - raft.grpc.flow.control.window = 1MB (=1048576) (default)
2022-02-17 10:47:55,327 [Listener at 0.0.0.0/34429] INFO  server.RaftServerConfigKeys (ConfUtils.java:logGet(44)) - raft.server.rpc.request.timeout = 30000ms (custom)
2022-02-17 10:47:55,328 [Listener at 0.0.0.0/34429] INFO  impl.DataStreamServerImpl (ConfUtils.java:logGet(44)) - raft.datastream.type = DISABLED (default)
2022-02-17 10:47:55,337 [Listener at 0.0.0.0/34429] INFO  server.RaftServerConfigKeys (ConfUtils.java:logGet(44)) - raft.server.rpc.slowness.timeout = 120000ms (custom)
2022-02-17 10:47:55,338 [Listener at 0.0.0.0/34429] INFO  server.RaftServerConfigKeys (ConfUtils.java:logGet(44)) - raft.server.leaderelection.leader.step-down.wait-time = 10s (default)
2022-02-17 10:47:55,338 [Listener at 0.0.0.0/34429] INFO  server.RaftServerConfigKeys (ConfUtils.java:logGet(44)) - raft.server.storage.dir = [/home/runner/work/ozone/ozone/hadoop-ozone/integration-test/target/test-dir/MiniOzoneClusterImpl-314b2a1d-9ab5-4841-b3ea-c00b8cba638f/scmNode-2/scm-ha] (custom)
2022-02-17 10:47:55,338 [Listener at 0.0.0.0/34429] INFO  server.RaftServer (RaftServerProxy.java:addNew(95)) - 01f34702-14f0-4566-9f1c-66e15822e926: addNew group-C00B8CBA638F:[] returns group-C00B8CBA638F:java.util.concurrent.CompletableFuture@6be2c838[Not completed]
2022-02-17 10:47:55,339 [pool-229-thread-1] INFO  server.RaftServer$Division (RaftServerImpl.java:<init>(184)) - 01f34702-14f0-4566-9f1c-66e15822e926: new RaftServerImpl for group-C00B8CBA638F:[] with SCMStateMachine:uninitialized
2022-02-17 10:47:55,349 [pool-229-thread-1] INFO  server.RaftServerConfigKeys (ConfUtils.java:logGet(44)) - raft.server.rpc.timeout.min = 5000ms (custom)
2022-02-17 10:47:55,349 [pool-229-thread-1] INFO  server.RaftServerConfigKeys (ConfUtils.java:logGet(44)) - raft.server.rpc.timeout.max = 5200ms (custom)
2022-02-17 10:47:55,350 [pool-229-thread-1] INFO  server.RaftServerConfigKeys (ConfUtils.java:logGet(44)) - raft.server.rpc.sleep.time = 25ms (default)
2022-02-17 10:47:55,350 [pool-229-thread-1] INFO  server.RaftServerConfigKeys (ConfUtils.java:logGet(44)) - raft.server.rpc.slowness.timeout = 120000ms (custom)
2022-02-17 10:47:55,350 [pool-229-thread-1] INFO  server.RaftServerConfigKeys (ConfUtils.java:logGet(44)) - raft.server.leaderelection.leader.step-down.wait-time = 10s (default)
2022-02-17 10:47:55,350 [pool-229-thread-1] INFO  server.RaftServerConfigKeys (ConfUtils.java:logGet(44)) - raft.server.sleep.deviation.threshold = 300ms (default)
2022-02-17 10:47:55,350 [pool-229-thread-1] INFO  server.RaftServerConfigKeys (ConfUtils.java:logGet(44)) - raft.server.log.appender.install.snapshot.enabled = false (custom)
2022-02-17 10:47:55,350 [pool-229-thread-1] INFO  server.RaftServer$Division (ServerState.java:<init>(105)) - 01f34702-14f0-4566-9f1c-66e15822e926@group-C00B8CBA638F: ConfigurationManager, init=-1: [], old=null, confs=<EMPTY_MAP>
2022-02-17 10:47:55,350 [pool-229-thread-1] INFO  server.RaftServerConfigKeys (ConfUtils.java:logGet(44)) - raft.server.storage.dir = [/home/runner/work/ozone/ozone/hadoop-ozone/integration-test/target/test-dir/MiniOzoneClusterImpl-314b2a1d-9ab5-4841-b3ea-c00b8cba638f/scmNode-2/scm-ha] (custom)
2022-02-17 10:47:55,350 [pool-229-thread-1] INFO  server.RaftServerConfigKeys (ConfUtils.java:logGet(44)) - raft.server.log.corruption.policy = EXCEPTION (default)
2022-02-17 10:47:55,350 [pool-229-thread-1] INFO  server.RaftServerConfigKeys (ConfUtils.java:logGet(44)) - raft.server.storage.free-space.min = 0MB (=0) (default)
2022-02-17 10:47:55,350 [pool-229-thread-1] INFO  storage.RaftStorageDirectory (RaftStorageDirectoryImpl.java:analyzeStorage(135)) - The storage directory /home/runner/work/ozone/ozone/hadoop-ozone/integration-test/target/test-dir/MiniOzoneClusterImpl-314b2a1d-9ab5-4841-b3ea-c00b8cba638f/scmNode-2/scm-ha/314b2a1d-9ab5-4841-b3ea-c00b8cba638f does not exist. Creating ...
2022-02-17 10:47:55,359 [pool-229-thread-1] INFO  storage.RaftStorageDirectory (RaftStorageDirectoryImpl.java:tryLock(230)) - Lock on /home/runner/work/ozone/ozone/hadoop-ozone/integration-test/target/test-dir/MiniOzoneClusterImpl-314b2a1d-9ab5-4841-b3ea-c00b8cba638f/scmNode-2/scm-ha/314b2a1d-9ab5-4841-b3ea-c00b8cba638f/in_use.lock acquired by nodename 15481@fv-az12-716
2022-02-17 10:47:55,362 [pool-229-thread-1] INFO  storage.RaftStorage (RaftStorageImpl.java:format(89)) - Storage directory /home/runner/work/ozone/ozone/hadoop-ozone/integration-test/target/test-dir/MiniOzoneClusterImpl-314b2a1d-9ab5-4841-b3ea-c00b8cba638f/scmNode-2/scm-ha/314b2a1d-9ab5-4841-b3ea-c00b8cba638f has been successfully formatted.
2022-02-17 10:47:55,363 [pool-229-thread-1] INFO  server.RaftServerConfigKeys (ConfUtils.java:logGet(44)) - raft.server.notification.no-leader.timeout = 60s (default)
2022-02-17 10:47:55,363 [pool-229-thread-1] INFO  server.RaftServerConfigKeys (ConfUtils.java:logGet(44)) - raft.server.log.use.memory = false (default)
2022-02-17 10:47:55,363 [pool-229-thread-1] INFO  server.RaftServerConfigKeys (ConfUtils.java:logGet(44)) - raft.server.log.purge.gap = 5 (custom)
2022-02-17 10:47:55,363 [pool-229-thread-1] INFO  server.RaftServerConfigKeys (ConfUtils.java:logGet(44)) - raft.server.log.appender.buffer.byte-limit = 33554432 (custom)
2022-02-17 10:47:55,363 [pool-229-thread-1] INFO  server.RaftServerConfigKeys (ConfUtils.java:logGet(44)) - raft.server.log.segment.size.max = 4194304 (custom)
2022-02-17 10:47:55,364 [pool-229-thread-1] INFO  server.RaftServerConfigKeys (ConfUtils.java:logGet(44)) - raft.server.log.segment.cache.num.max = 2 (custom)
2022-02-17 10:47:55,364 [pool-229-thread-1] INFO  server.RaftServerConfigKeys (ConfUtils.java:logGet(44)) - raft.server.log.segment.cache.size.max = 200MB (=209715200) (default)
2022-02-17 10:47:55,364 [pool-229-thread-1] INFO  segmented.SegmentedRaftLogWorker (SegmentedRaftLogWorker.java:<init>(182)) - new 01f34702-14f0-4566-9f1c-66e15822e926@group-C00B8CBA638F-SegmentedRaftLogWorker for RaftStorageImpl:Storage Directory /home/runner/work/ozone/ozone/hadoop-ozone/integration-test/target/test-dir/MiniOzoneClusterImpl-314b2a1d-9ab5-4841-b3ea-c00b8cba638f/scmNode-2/scm-ha/314b2a1d-9ab5-4841-b3ea-c00b8cba638f
2022-02-17 10:47:55,364 [pool-229-thread-1] INFO  server.RaftServerConfigKeys (ConfUtils.java:logGet(44)) - raft.server.log.queue.byte-limit = 64MB (=67108864) (default)
2022-02-17 10:47:55,364 [pool-229-thread-1] INFO  server.RaftServerConfigKeys (ConfUtils.java:logGet(44)) - raft.server.log.queue.element-limit = 4096 (default)
2022-02-17 10:47:55,364 [pool-229-thread-1] INFO  server.RaftServerConfigKeys (ConfUtils.java:logGet(44)) - raft.server.log.segment.size.max = 4194304 (custom)
2022-02-17 10:47:55,364 [pool-229-thread-1] INFO  server.RaftServerConfigKeys (ConfUtils.java:logGet(44)) - raft.server.log.preallocated.size = 4194304 (custom)
2022-02-17 10:47:55,364 [pool-229-thread-1] INFO  server.RaftServerConfigKeys (ConfUtils.java:logGet(44)) - raft.server.log.force.sync.num = 128 (default)
2022-02-17 10:47:55,364 [pool-229-thread-1] INFO  server.RaftServerConfigKeys (ConfUtils.java:logGet(44)) - raft.server.log.statemachine.data.sync = true (default)
2022-02-17 10:47:55,364 [pool-229-thread-1] INFO  server.RaftServerConfigKeys (ConfUtils.java:logGet(44)) - raft.server.log.statemachine.data.sync.timeout = 10s (default)
2022-02-17 10:47:55,364 [pool-229-thread-1] INFO  server.RaftServerConfigKeys (ConfUtils.java:logGet(44)) - raft.server.log.statemachine.data.sync.timeout.retry = -1 (default)
2022-02-17 10:47:55,365 [pool-229-thread-1] INFO  server.RaftServerConfigKeys (ConfUtils.java:logGet(44)) - raft.server.log.write.buffer.size = 64KB (=65536) (default)
2022-02-17 10:47:55,365 [pool-229-thread-1] INFO  server.RaftServerConfigKeys (ConfUtils.java:logGet(44)) - raft.server.log.statemachine.data.caching.enabled = false (default)
2022-02-17 10:47:55,369 [pool-229-thread-1] INFO  segmented.SegmentedRaftLogWorker (SegmentedRaftLogWorker.java:lambda$new$0(133)) - 01f34702-14f0-4566-9f1c-66e15822e926@group-C00B8CBA638F-SegmentedRaftLogWorker: flushIndex: setUnconditionally 0 -> -1
2022-02-17 10:47:55,369 [pool-229-thread-1] INFO  segmented.SegmentedRaftLogWorker (SegmentedRaftLogWorker.java:lambda$new$0(133)) - 01f34702-14f0-4566-9f1c-66e15822e926@group-C00B8CBA638F-SegmentedRaftLogWorker: safeCacheEvictIndex: setUnconditionally 0 -> -1
2022-02-17 10:47:55,370 [pool-229-thread-1] INFO  server.RaftServerConfigKeys (ConfUtils.java:logGet(44)) - raft.server.snapshot.auto.trigger.enabled = true (custom)
2022-02-17 10:47:55,370 [pool-229-thread-1] INFO  server.RaftServerConfigKeys (ConfUtils.java:logGet(44)) - raft.server.snapshot.auto.trigger.threshold = 5 (custom)
2022-02-17 10:47:55,370 [pool-229-thread-1] INFO  server.RaftServerConfigKeys (ConfUtils.java:logGet(44)) - raft.server.snapshot.retention.file.num = -1 (default)
2022-02-17 10:47:55,370 [pool-229-thread-1] INFO  server.RaftServerConfigKeys (ConfUtils.java:logGet(44)) - raft.server.log.purge.upto.snapshot.index = true (custom)
2022-02-17 10:47:55,370 [pool-229-thread-1] INFO  server.RaftServerConfigKeys (ConfUtils.java:logGet(44)) - raft.server.retrycache.expirytime = 60000ms (default)
2022-02-17 10:47:55,370 [pool-229-thread-1] INFO  server.RaftServerConfigKeys (ConfUtils.java:logGet(44)) - raft.server.retrycache.statistics.expirytime = 100μs (default)
2022-02-17 10:47:55,373 [Listener at 0.0.0.0/34429] INFO  ha.SCMSnapshotProvider (SCMSnapshotProvider.java:<init>(66)) - Initializing SCM Snapshot Provider
2022-02-17 10:47:55,374 [Listener at 0.0.0.0/34429] WARN  server.ServerUtils (ServerUtils.java:getDefaultRatisDirectory(237)) - Storage directory for Ratis is not configured. It is a good idea to map this to an SSD disk. Falling back to ozone.metadata.dirs
2022-02-17 10:47:55,374 [Listener at 0.0.0.0/34429] WARN  ha.SCMHAUtils (SCMHAUtils.java:getSCMRatisSnapshotDirectory(146)) - SCM snapshot dir is not configured. Falling back to ozone.metadata.dirs config
2022-02-17 10:47:55,375 [Listener at 0.0.0.0/34429] INFO  ha.SequenceIdGenerator (SequenceIdGenerator.java:upgradeToSequenceId(347)) - upgrade localId to 109611004723200000
2022-02-17 10:47:55,375 [Listener at 0.0.0.0/34429] INFO  ha.SequenceIdGenerator (SequenceIdGenerator.java:upgradeToSequenceId(357)) - upgrade delTxnId to 0
2022-02-17 10:47:55,376 [Listener at 0.0.0.0/34429] INFO  ha.SequenceIdGenerator (SequenceIdGenerator.java:upgradeToSequenceId(371)) - upgrade containerId to 0
2022-02-17 10:47:55,376 [Listener at 0.0.0.0/34429] INFO  ha.SequenceIdGenerator (SequenceIdGenerator.java:<init>(218)) - Init the HA SequenceIdGenerator.
2022-02-17 10:47:55,376 [Listener at 0.0.0.0/34429] WARN  server.ServerUtils (ServerUtils.java:sanitizeUserArgs(73)) - ozone.scm.stale.node.interval value = 300000 is larger than max = 100000 based on the key value of ozone.scm.heartbeat.thread.interval, reset to the max value 100000.
2022-02-17 10:47:55,376 [Listener at 0.0.0.0/34429] WARN  server.ServerUtils (ServerUtils.java:sanitizeUserArgs(73)) - ozone.scm.stale.node.interval value = 300000 is larger than max = 100000 based on the key value of ozone.scm.heartbeat.thread.interval, reset to the max value 100000.
2022-02-17 10:47:55,385 [Listener at 0.0.0.0/34429] INFO  node.SCMNodeManager (SCMNodeManager.java:<init>(144)) - Entering startup safe mode.
2022-02-17 10:47:55,386 [Listener at 0.0.0.0/34429] INFO  algorithms.ContainerPlacementPolicyFactory (ContainerPlacementPolicyFactory.java:getPolicy(60)) - Create container placement policy of type org.apache.hadoop.hdds.scm.container.placement.algorithms.SCMContainerPlacementRandom
2022-02-17 10:47:55,386 [Listener at 0.0.0.0/34429] INFO  pipeline.PipelineStateManagerImpl (PipelineStateManagerImpl.java:initialize(78)) - No pipeline exists in current db
2022-02-17 10:47:55,387 [Listener at 0.0.0.0/34429] INFO  algorithms.LeaderChoosePolicyFactory (LeaderChoosePolicyFactory.java:getPolicy(57)) - Create leader choose policy of type org.apache.hadoop.hdds.scm.pipeline.leader.choose.algorithms.MinLeaderCountChoosePolicy
2022-02-17 10:47:55,387 [Listener at 0.0.0.0/34429] INFO  ha.SCMServiceManager (SCMServiceManager.java:register(43)) - Registering service BackgroundPipelineCreator.
2022-02-17 10:47:55,387 [Listener at 0.0.0.0/34429] INFO  pipeline.BackgroundPipelineCreator (BackgroundPipelineCreator.java:start(130)) - Starting RatisPipelineUtilsThread.
2022-02-17 10:47:55,395 [Listener at 0.0.0.0/34429] INFO  algorithms.PipelineChoosePolicyFactory (PipelineChoosePolicyFactory.java:createPipelineChoosePolicyFromClass(73)) - Create pipeline choose policy of type org.apache.hadoop.hdds.scm.pipeline.choose.algorithms.RandomPipelineChoosePolicy
2022-02-17 10:47:55,395 [Listener at 0.0.0.0/34429] INFO  ha.SCMServiceManager (SCMServiceManager.java:register(43)) - Registering service SCMBlockDeletingService.
2022-02-17 10:47:55,396 [Listener at 0.0.0.0/34429] INFO  ha.SCMServiceManager (SCMServiceManager.java:register(43)) - Registering service ReplicationManager.
2022-02-17 10:47:55,397 [Listener at 0.0.0.0/34429] INFO  container.ReplicationManager (ReplicationManager.java:start(326)) - Starting Replication Monitor Thread.
2022-02-17 10:47:55,402 [Listener at 0.0.0.0/34429] INFO  safemode.ContainerSafeModeRule (ContainerSafeModeRule.java:<init>(89)) - containers with one replica threshold count 0
2022-02-17 10:47:55,402 [Listener at 0.0.0.0/34429] INFO  safemode.HealthyPipelineSafeModeRule (HealthyPipelineSafeModeRule.java:initializeRule(156)) - Total pipeline count is 0, healthy pipeline threshold count is 1
2022-02-17 10:47:55,403 [Listener at 0.0.0.0/34429] INFO  safemode.OneReplicaPipelineSafeModeRule (OneReplicaPipelineSafeModeRule.java:initializeRule(180)) - Total pipeline count is 0, pipeline's with at least one datanode reported threshold count is 0
2022-02-17 10:47:55,407 [ReplicationMonitor] INFO  container.ReplicationManager (ReplicationManager.java:processAll(374)) - Replication Manager is not ready to run until 3000ms after safemode exit
2022-02-17 10:47:55,415 [Listener at 0.0.0.0/34429] INFO  ipc.CallQueueManager (CallQueueManager.java:<init>(90)) - Using callQueue: class java.util.concurrent.LinkedBlockingQueue, queueCapacity: 2000, scheduler: class org.apache.hadoop.ipc.DefaultRpcScheduler, ipcBackoff: false.
2022-02-17 10:47:55,416 [Socket Reader #1 for port 43155] INFO  ipc.Server (Server.java:run(1265)) - Starting Socket Reader #1 for port 43155
2022-02-17 10:47:55,419 [Listener at 0.0.0.0/43155] INFO  ipc.CallQueueManager (CallQueueManager.java:<init>(90)) - Using callQueue: class java.util.concurrent.LinkedBlockingQueue, queueCapacity: 2000, scheduler: class org.apache.hadoop.ipc.DefaultRpcScheduler, ipcBackoff: false.
2022-02-17 10:47:55,421 [Socket Reader #1 for port 37931] INFO  ipc.Server (Server.java:run(1265)) - Starting Socket Reader #1 for port 37931
2022-02-17 10:47:55,424 [Listener at 0.0.0.0/37931] INFO  ipc.CallQueueManager (CallQueueManager.java:<init>(90)) - Using callQueue: class java.util.concurrent.LinkedBlockingQueue, queueCapacity: 2000, scheduler: class org.apache.hadoop.ipc.DefaultRpcScheduler, ipcBackoff: false.
2022-02-17 10:47:55,425 [Socket Reader #1 for port 42503] INFO  ipc.Server (Server.java:run(1265)) - Starting Socket Reader #1 for port 42503
2022-02-17 10:47:55,454 [Listener at 0.0.0.0/42503] INFO  algorithms.ContainerPlacementPolicyFactory (ContainerPlacementPolicyFactory.java:getPolicy(60)) - Create container placement policy of type org.apache.hadoop.hdds.scm.container.placement.algorithms.SCMContainerPlacementRandom
2022-02-17 10:47:55,458 [Listener at 0.0.0.0/42503] INFO  server.StorageContainerManager (StorageContainerManager.java:<init>(388)) - 
Container Balancer status:
Key                            Value
Running                        false
Container Balancer Configuration values:
Key                                                Value
Threshold                                          10
Max Datanodes to Involve per Iteration(percent)    20
Max Size to Move per Iteration                     500GB
Max Size Entering Target per Iteration             26GB
Max Size Leaving Source per Iteration              26GB

2022-02-17 10:47:55,458 [Listener at 0.0.0.0/42503] WARN  events.EventQueue (EventQueue.java:fireEvent(194)) - No event handler registered for event TypedEvent{payloadType=SafeModeStatus, name='Safe mode status'}
2022-02-17 10:47:55,458 [Listener at 0.0.0.0/42503] INFO  ha.SCMContext (SCMContext.java:updateSafeModeStatus(211)) - Update SafeModeStatus from SafeModeStatus{safeModeStatus=true, preCheckPassed=false} to SafeModeStatus{safeModeStatus=true, preCheckPassed=false}.
2022-02-17 10:47:55,459 [Listener at 0.0.0.0/42503] INFO  server.StorageContainerManager (StorageContainerManager.java:start(1303)) - StorageContainerLocationProtocol RPC server is listening at /0.0.0.0:42503
2022-02-17 10:47:55,459 [Listener at 0.0.0.0/42503] INFO  ha.SCMRatisServerImpl (SCMRatisServerImpl.java:start(177)) - starting ratis server 0.0.0.0:43373
2022-02-17 10:47:55,459 [Listener at 0.0.0.0/42503] INFO  server.RaftServer$Division (RaftServerImpl.java:start(304)) - 01f34702-14f0-4566-9f1c-66e15822e926@group-C00B8CBA638F: start with initializing state, conf=-1: [], old=null
2022-02-17 10:47:55,465 [Listener at 0.0.0.0/42503] INFO  server.RaftServer$Division (RaftServerImpl.java:setRole(290)) - 01f34702-14f0-4566-9f1c-66e15822e926@group-C00B8CBA638F: changes role from      null to FOLLOWER at term 0 for startInitializing
2022-02-17 10:47:55,466 [Listener at 0.0.0.0/42503] INFO  util.JmxRegister (JmxRegister.java:tryRegister(44)) - Successfully registered JMX Bean with object name Ratis:service=RaftServer,group=group-C00B8CBA638F,id=01f34702-14f0-4566-9f1c-66e15822e926
2022-02-17 10:47:55,466 [Listener at 0.0.0.0/42503] INFO  server.RaftServer (RaftServerProxy.java:lambda$start$5(374)) - 01f34702-14f0-4566-9f1c-66e15822e926: start RPC server
2022-02-17 10:47:55,467 [Listener at 0.0.0.0/42503] INFO  server.GrpcService (GrpcService.java:startImpl(253)) - 01f34702-14f0-4566-9f1c-66e15822e926: GrpcService started, listening on 43373
2022-02-17 10:47:55,468 [Listener at 0.0.0.0/42503] INFO  ha.SCMNodeInfo (SCMNodeInfo.java:getPort(197)) - ConfigKey ozone.scm.client.address is deprecated, For configuring different ports for each SCM use PortConfigKey ozone.scm.client.port appended with serviceId and nodeId
2022-02-17 10:47:55,468 [Listener at 0.0.0.0/42503] INFO  ha.SCMNodeInfo (SCMNodeInfo.java:getPort(197)) - ConfigKey ozone.scm.block.client.address is deprecated, For configuring different ports for each SCM use PortConfigKey ozone.scm.block.client.port appended with serviceId and nodeId
2022-02-17 10:47:55,468 [Listener at 0.0.0.0/42503] INFO  ha.SCMNodeInfo (SCMNodeInfo.java:getPort(197)) - ConfigKey ozone.scm.datanode.address is deprecated, For configuring different ports for each SCM use PortConfigKey ozone.scm.datanode.port appended with serviceId and nodeId
2022-02-17 10:47:55,469 [Listener at 0.0.0.0/42503] INFO  ha.SCMNodeInfo (SCMNodeInfo.java:getPort(197)) - ConfigKey ozone.scm.client.address is deprecated, For configuring different ports for each SCM use PortConfigKey ozone.scm.client.port appended with serviceId and nodeId
2022-02-17 10:47:55,469 [Listener at 0.0.0.0/42503] INFO  ha.SCMNodeInfo (SCMNodeInfo.java:getPort(197)) - ConfigKey ozone.scm.block.client.address is deprecated, For configuring different ports for each SCM use PortConfigKey ozone.scm.block.client.port appended with serviceId and nodeId
2022-02-17 10:47:55,469 [Listener at 0.0.0.0/42503] INFO  ha.SCMNodeInfo (SCMNodeInfo.java:getPort(197)) - ConfigKey ozone.scm.datanode.address is deprecated, For configuring different ports for each SCM use PortConfigKey ozone.scm.datanode.port appended with serviceId and nodeId
2022-02-17 10:47:55,469 [Listener at 0.0.0.0/42503] INFO  ha.SCMNodeInfo (SCMNodeInfo.java:getPort(197)) - ConfigKey ozone.scm.client.address is deprecated, For configuring different ports for each SCM use PortConfigKey ozone.scm.client.port appended with serviceId and nodeId
2022-02-17 10:47:55,469 [Listener at 0.0.0.0/42503] INFO  ha.SCMNodeInfo (SCMNodeInfo.java:getPort(197)) - ConfigKey ozone.scm.block.client.address is deprecated, For configuring different ports for each SCM use PortConfigKey ozone.scm.block.client.port appended with serviceId and nodeId
2022-02-17 10:47:55,469 [Listener at 0.0.0.0/42503] INFO  ha.SCMNodeInfo (SCMNodeInfo.java:getPort(197)) - ConfigKey ozone.scm.datanode.address is deprecated, For configuring different ports for each SCM use PortConfigKey ozone.scm.datanode.port appended with serviceId and nodeId
2022-02-17 10:47:55,470 [org.apache.ratis.util.JvmPauseMonitor$$Lambda$503/2086945474@1749ed56] INFO  util.JvmPauseMonitor (JvmPauseMonitor.java:run(103)) - JvmPauseMonitor-01f34702-14f0-4566-9f1c-66e15822e926: Started
2022-02-17 10:47:55,483 [IPC Server handler 2 on default port 36645] INFO  ha.SCMRatisServerImpl (SCMRatisServerImpl.java:addSCM(292)) - e1200b4d-f169-45a2-b87f-8a7ea851d305: Submitting SetConfiguration request to Ratis server with new SCM peers list: [e1200b4d-f169-45a2-b87f-8a7ea851d305|rpc:localhost:34705|admin:|client:|dataStream:|priority:0, 01f34702-14f0-4566-9f1c-66e15822e926|rpc:localhost:43373|priority:0]
2022-02-17 10:47:55,483 [IPC Server handler 2 on default port 36645] INFO  server.RaftServer$Division (RaftServerImpl.java:setConfigurationAsync(974)) - e1200b4d-f169-45a2-b87f-8a7ea851d305@group-C00B8CBA638F: receive setConfiguration SetConfigurationRequest:client-D6750D653F49->e1200b4d-f169-45a2-b87f-8a7ea851d305@group-C00B8CBA638F, cid=0, seq=0, RW, null, peers:[e1200b4d-f169-45a2-b87f-8a7ea851d305|rpc:localhost:34705|admin:|client:|dataStream:|priority:0, 01f34702-14f0-4566-9f1c-66e15822e926|rpc:localhost:43373|priority:0]
2022-02-17 10:47:55,483 [IPC Server handler 2 on default port 36645] INFO  server.RaftServer$Division (LeaderStateImpl.java:startSetConfiguration(358)) - e1200b4d-f169-45a2-b87f-8a7ea851d305@group-C00B8CBA638F-LeaderStateImpl: startSetConfiguration SetConfigurationRequest:client-D6750D653F49->e1200b4d-f169-45a2-b87f-8a7ea851d305@group-C00B8CBA638F, cid=0, seq=0, RW, null, peers:[e1200b4d-f169-45a2-b87f-8a7ea851d305|rpc:localhost:34705|admin:|client:|dataStream:|priority:0, 01f34702-14f0-4566-9f1c-66e15822e926|rpc:localhost:43373|priority:0]
2022-02-17 10:47:55,483 [IPC Server handler 2 on default port 36645] INFO  server.RaftServerConfigKeys (ConfUtils.java:logGet(44)) - raft.server.log.appender.snapshot.chunk.size.max = 16MB (=16777216) (default)
2022-02-17 10:47:55,483 [IPC Server handler 2 on default port 36645] INFO  server.RaftServerConfigKeys (ConfUtils.java:logGet(44)) - raft.server.log.appender.buffer.byte-limit = 33554432 (custom)
2022-02-17 10:47:55,483 [IPC Server handler 2 on default port 36645] INFO  server.RaftServerConfigKeys (ConfUtils.java:logGet(44)) - raft.server.log.appender.buffer.element-limit = 1024 (custom)
2022-02-17 10:47:55,484 [IPC Server handler 2 on default port 36645] INFO  grpc.GrpcConfigKeys (ConfUtils.java:logGet(44)) - raft.grpc.server.leader.outstanding.appends.max = 128 (default)
2022-02-17 10:47:55,484 [IPC Server handler 2 on default port 36645] INFO  server.RaftServerConfigKeys (ConfUtils.java:logGet(44)) - raft.server.rpc.request.timeout = 30000ms (custom)
2022-02-17 10:47:55,484 [IPC Server handler 2 on default port 36645] INFO  server.RaftServerConfigKeys (ConfUtils.java:logGet(44)) - raft.server.log.appender.install.snapshot.enabled = false (custom)
2022-02-17 10:47:55,488 [e1200b4d-f169-45a2-b87f-8a7ea851d305@group-C00B8CBA638F->01f34702-14f0-4566-9f1c-66e15822e926-GrpcLogAppender-LogAppenderDaemon] INFO  server.GrpcLogAppender (GrpcLogAppender.java:installSnapshot(550)) - e1200b4d-f169-45a2-b87f-8a7ea851d305@group-C00B8CBA638F->01f34702-14f0-4566-9f1c-66e15822e926-GrpcLogAppender: followerNextIndex = 0 but logStartIndex = 0, notify follower to install snapshot-(t:2, i:2)
2022-02-17 10:47:55,488 [e1200b4d-f169-45a2-b87f-8a7ea851d305@group-C00B8CBA638F->01f34702-14f0-4566-9f1c-66e15822e926-GrpcLogAppender-LogAppenderDaemon] INFO  server.GrpcLogAppender (GrpcLogAppender.java:installSnapshot(558)) - e1200b4d-f169-45a2-b87f-8a7ea851d305@group-C00B8CBA638F->01f34702-14f0-4566-9f1c-66e15822e926-GrpcLogAppender: send e1200b4d-f169-45a2-b87f-8a7ea851d305->01f34702-14f0-4566-9f1c-66e15822e926#0-t2,notify:(t:2, i:2)
2022-02-17 10:47:55,534 [grpc-default-executor-1] INFO  server.RaftServer$Division (RaftServerImpl.java:installSnapshot(1332)) - 01f34702-14f0-4566-9f1c-66e15822e926@group-C00B8CBA638F: receive installSnapshot: e1200b4d-f169-45a2-b87f-8a7ea851d305->01f34702-14f0-4566-9f1c-66e15822e926#0-t2,notify:(t:2, i:2)
2022-02-17 10:47:55,542 [grpc-default-executor-1] INFO  ha.SCMStateMachine (SCMStateMachine.java:notifyLeaderChanged(255)) - leader changed, yet current SCM is still follower.
2022-02-17 10:47:55,542 [grpc-default-executor-1] INFO  server.RaftServer$Division (ServerState.java:setLeader(285)) - 01f34702-14f0-4566-9f1c-66e15822e926@group-C00B8CBA638F: change Leader from null to e1200b4d-f169-45a2-b87f-8a7ea851d305 at term 2 for installSnapshot, leader elected after 179ms
2022-02-17 10:47:55,542 [grpc-default-executor-1] INFO  server.RaftServer$Division (RaftServerImpl.java:notifyStateMachineToInstallSnapshot(1551)) - 01f34702-14f0-4566-9f1c-66e15822e926@group-C00B8CBA638F: Received notification to install snapshot at index 2
2022-02-17 10:47:55,542 [grpc-default-executor-1] INFO  server.RaftServer$Division (RaftServerImpl.java:notifyStateMachineToInstallSnapshot(1582)) - 01f34702-14f0-4566-9f1c-66e15822e926@group-C00B8CBA638F: notifyInstallSnapshot: nextIndex is 0 but the leader's first available index is 2.
2022-02-17 10:47:55,543 [grpc-default-executor-1] INFO  ha.SCMStateMachine (SCMStateMachine.java:notifyInstallSnapshotFromLeader(219)) - Received install snapshot notification from SCM leader: localhost:34705 with term index: (t:2, i:2)
2022-02-17 10:47:55,543 [pool-230-thread-1] INFO  ha.SCMHAManagerImpl (SCMHAManagerImpl.java:getDBCheckpointFromLeader(207)) - Downloading checkpoint from leader SCM scmNode-1 and reloading state from the checkpoint.
2022-02-17 10:47:55,574 [grpc-default-executor-0] INFO  ha.SCMDBCheckpointProvider (SCMDBCheckpointProvider.java:writeDBCheckPointToSream(48)) - Received request to obtain SCM DB checkpoint snapshot
2022-02-17 10:47:55,586 [grpc-default-executor-0] INFO  db.RDBCheckpointManager (RDBCheckpointManager.java:createCheckpoint(86)) - Created checkpoint at /home/runner/work/ozone/ozone/hadoop-ozone/integration-test/target/test-dir/MiniOzoneClusterImpl-314b2a1d-9ab5-4841-b3ea-c00b8cba638f/scmNode-1/db.checkpoints/scm.db_checkpoint_1645094875578 in 8 milliseconds
2022-02-17 10:47:55,590 [grpc-default-executor-0] INFO  ha.SCMGrpcOutputStream (SCMGrpcOutputStream.java:close(111)) - Sent 4437 bytes for cluster 314b2a1d-9ab5-4841-b3ea-c00b8cba638f
2022-02-17 10:47:55,591 [grpc-default-executor-0] INFO  ha.SCMDBCheckpointProvider (SCMDBCheckpointProvider.java:writeDBCheckPointToSream(73)) - Time taken to write the checkpoint to response output stream: 4 milliseconds
2022-02-17 10:47:55,591 [grpc-default-executor-0] INFO  db.RocksDBCheckpoint (RocksDBCheckpoint.java:cleanupCheckpoint(78)) - Cleaning up RocksDB checkpoint at /home/runner/work/ozone/ozone/hadoop-ozone/integration-test/target/test-dir/MiniOzoneClusterImpl-314b2a1d-9ab5-4841-b3ea-c00b8cba638f/scmNode-1/db.checkpoints/scm.db_checkpoint_1645094875578
2022-02-17 10:47:55,593 [grpc-default-executor-2] INFO  ha.InterSCMGrpcClient (InterSCMGrpcClient.java:onCompleted(173)) - Checkpoint is downloaded to /home/runner/work/ozone/ozone/hadoop-ozone/integration-test/target/test-dir/MiniOzoneClusterImpl-314b2a1d-9ab5-4841-b3ea-c00b8cba638f/scmNode-2/snapshot/scm.db-scmNode-1-1645094875543.tar.gz
2022-02-17 10:47:55,622 [pool-230-thread-1] INFO  ha.SCMSnapshotProvider (SCMSnapshotProvider.java:getSCMDBSnapshot(131)) - Successfully downloaded latest checkpoint from leader SCM: scmNode-1 path /home/runner/work/ozone/ozone/hadoop-ozone/integration-test/target/test-dir/MiniOzoneClusterImpl-314b2a1d-9ab5-4841-b3ea-c00b8cba638f/scmNode-2/snapshot/scm.db-scmNode-1-1645094875543
2022-02-17 10:47:55,622 [pool-230-thread-1] INFO  ha.SCMHAManagerImpl (SCMHAManagerImpl.java:downloadCheckpointFromLeader(159)) - Downloaded checkpoint from Leader scmNode-1 to the location /home/runner/work/ozone/ozone/hadoop-ozone/integration-test/target/test-dir/MiniOzoneClusterImpl-314b2a1d-9ab5-4841-b3ea-c00b8cba638f/scmNode-2/snapshot/scm.db-scmNode-1-1645094875543
2022-02-17 10:47:55,700 [pool-230-thread-1] INFO  ha.SCMHAManagerImpl (SCMHAManagerImpl.java:verifyCheckpointFromLeader(173)) - Installing checkpoint with SCMTransactionInfo 2#2
2022-02-17 10:47:55,700 [pool-230-thread-1] INFO  server.RaftServer$Division (RaftServerImpl.java:lambda$notifyStateMachineToInstallSnapshot$30(1595)) - 01f34702-14f0-4566-9f1c-66e15822e926@group-C00B8CBA638F: StateMachine successfully installed snapshot index 2. Reloading the StateMachine.
2022-02-17 10:47:55,700 [pool-230-thread-1] INFO  segmented.SegmentedRaftLogWorker (SegmentedRaftLogWorker.java:lambda$new$0(133)) - 01f34702-14f0-4566-9f1c-66e15822e926@group-C00B8CBA638F-SegmentedRaftLogWorker: flushIndex: setUnconditionally -1 -> 2
2022-02-17 10:47:55,700 [pool-230-thread-1] INFO  segmented.SegmentedRaftLogWorker (SegmentedRaftLogWorker.java:lambda$new$0(133)) - 01f34702-14f0-4566-9f1c-66e15822e926@group-C00B8CBA638F-SegmentedRaftLogWorker: safeCacheEvictIndex: setUnconditionally -1 -> 2
2022-02-17 10:47:55,700 [pool-230-thread-1] INFO  raftlog.RaftLog (RaftLogBase.java:lambda$new$0(53)) - 01f34702-14f0-4566-9f1c-66e15822e926@group-C00B8CBA638F-SegmentedRaftLog: snapshotIndex: updateIncreasingly -1 -> 2
2022-02-17 10:47:55,700 [grpc-default-executor-1] INFO  server.RaftServer$Division (RaftServerImpl.java:notifyStateMachineToInstallSnapshot(1638)) - 01f34702-14f0-4566-9f1c-66e15822e926@group-C00B8CBA638F: InstallSnapshot notification result: SNAPSHOT_INSTALLED, at index: 2
2022-02-17 10:47:55,701 [grpc-default-executor-1] INFO  server.RaftServer$Division (RaftServerImpl.java:installSnapshotImpl(1462)) - 01f34702-14f0-4566-9f1c-66e15822e926@group-C00B8CBA638F: set new configuration index: 1
configurationEntry {
  peers {
    id: "e1200b4d-f169-45a2-b87f-8a7ea851d305"
    address: "localhost:34705"
  }
}
 from snapshot
2022-02-17 10:47:55,702 [grpc-default-executor-1] INFO  server.RaftServer$Division (ServerState.java:setRaftConf(387)) - 01f34702-14f0-4566-9f1c-66e15822e926@group-C00B8CBA638F: set configuration 1: [e1200b4d-f169-45a2-b87f-8a7ea851d305|rpc:localhost:34705|admin:|client:|dataStream:|priority:0], old=null
2022-02-17 10:47:55,702 [grpc-default-executor-1] INFO  server.RaftServer$Division (RaftServerImpl.java:installSnapshot(1343)) - 01f34702-14f0-4566-9f1c-66e15822e926@group-C00B8CBA638F: reply installSnapshot: e1200b4d-f169-45a2-b87f-8a7ea851d305<-01f34702-14f0-4566-9f1c-66e15822e926#0:FAIL-t0,SNAPSHOT_INSTALLED,snapshotIndex=2
2022-02-17 10:47:55,702 [grpc-default-executor-1] INFO  server.GrpcServerProtocolService (GrpcServerProtocolService.java:onCompleted(140)) - 01f34702-14f0-4566-9f1c-66e15822e926: Completed INSTALL_SNAPSHOT, lastRequest: e1200b4d-f169-45a2-b87f-8a7ea851d305->01f34702-14f0-4566-9f1c-66e15822e926#0-t2,notify:(t:2, i:2)
2022-02-17 10:47:55,703 [grpc-default-executor-0] INFO  server.GrpcLogAppender (GrpcLogAppender.java:onNext(410)) - e1200b4d-f169-45a2-b87f-8a7ea851d305@group-C00B8CBA638F->01f34702-14f0-4566-9f1c-66e15822e926-InstallSnapshotResponseHandler: received the first reply e1200b4d-f169-45a2-b87f-8a7ea851d305<-01f34702-14f0-4566-9f1c-66e15822e926#0:FAIL-t0,SNAPSHOT_INSTALLED,snapshotIndex=2
2022-02-17 10:47:55,703 [grpc-default-executor-0] INFO  server.GrpcLogAppender (GrpcLogAppender.java:onNext(450)) - e1200b4d-f169-45a2-b87f-8a7ea851d305@group-C00B8CBA638F->01f34702-14f0-4566-9f1c-66e15822e926-InstallSnapshotResponseHandler: Follower installed snapshot at index 2
2022-02-17 10:47:55,703 [grpc-default-executor-0] INFO  leader.FollowerInfo (FollowerInfoImpl.java:lambda$new$0(47)) - e1200b4d-f169-45a2-b87f-8a7ea851d305@group-C00B8CBA638F->01f34702-14f0-4566-9f1c-66e15822e926: snapshotIndex: setUnconditionally 0 -> 2
2022-02-17 10:47:55,703 [grpc-default-executor-0] INFO  leader.FollowerInfo (FollowerInfoImpl.java:lambda$new$0(47)) - e1200b4d-f169-45a2-b87f-8a7ea851d305@group-C00B8CBA638F->01f34702-14f0-4566-9f1c-66e15822e926: matchIndex: setUnconditionally 0 -> 2
2022-02-17 10:47:55,703 [grpc-default-executor-0] INFO  leader.FollowerInfo (FollowerInfoImpl.java:lambda$new$0(47)) - e1200b4d-f169-45a2-b87f-8a7ea851d305@group-C00B8CBA638F->01f34702-14f0-4566-9f1c-66e15822e926: nextIndex: setUnconditionally 0 -> 3
2022-02-17 10:47:55,703 [grpc-default-executor-0] INFO  leader.FollowerInfo (FollowerInfoImpl.java:setAttemptedToInstallSnapshot(116)) - Follower e1200b4d-f169-45a2-b87f-8a7ea851d305@group-C00B8CBA638F->01f34702-14f0-4566-9f1c-66e15822e926 acknowledged installing snapshot
2022-02-17 10:47:55,703 [grpc-default-executor-0] INFO  leader.FollowerInfo (FollowerInfoImpl.java:lambda$new$0(47)) - e1200b4d-f169-45a2-b87f-8a7ea851d305@group-C00B8CBA638F->01f34702-14f0-4566-9f1c-66e15822e926: nextIndex: updateToMax old=3, new=3, updated? false
2022-02-17 10:47:55,710 [grpc-default-executor-0] INFO  impl.RoleInfo (RoleInfo.java:updateAndGet(130)) - 01f34702-14f0-4566-9f1c-66e15822e926: start 01f34702-14f0-4566-9f1c-66e15822e926@group-C00B8CBA638F-FollowerState
2022-02-17 10:47:55,795 [01f34702-14f0-4566-9f1c-66e15822e926@group-C00B8CBA638F-StateMachineUpdater] INFO  ha.SCMHAManagerImpl (SCMHAManagerImpl.java:installCheckpoint(228)) - Installing checkpoint with SCMTransactionInfo 2#2
2022-02-17 10:47:55,798 [01f34702-14f0-4566-9f1c-66e15822e926@group-C00B8CBA638F-StateMachineUpdater] INFO  ha.SCMHAManagerImpl (SCMHAManagerImpl.java:installCheckpoint(267)) - Replaced DB with checkpoint, term: 2, index: 2
2022-02-17 10:47:55,799 [01f34702-14f0-4566-9f1c-66e15822e926@group-C00B8CBA638F-StateMachineUpdater] WARN  utils.HAUtils (HAUtils.java:getMetaDir(342)) - ozone.scm.db.dirs is not configured. We recommend adding this setting. Falling back to ozone.metadata.dirs instead.
2022-02-17 10:47:55,803 [01f34702-14f0-4566-9f1c-66e15822e926@group-C00B8CBA638F-StateMachineUpdater] WARN  db.DBStoreBuilder (DBStoreBuilder.java:applyDBDefinition(145)) - ozone.scm.db.dirs is not configured. We recommend adding this setting. Falling back to ozone.metadata.dirs instead.
2022-02-17 10:47:55,879 [01f34702-14f0-4566-9f1c-66e15822e926@group-C00B8CBA638F-StateMachineUpdater] INFO  ha.SequenceIdGenerator (SequenceIdGenerator.java:reinitialize(166)) - reinitialize SequenceIdGenerator.
2022-02-17 10:47:55,880 [01f34702-14f0-4566-9f1c-66e15822e926@group-C00B8CBA638F-StateMachineUpdater] INFO  pipeline.PipelineStateManagerImpl (PipelineStateManagerImpl.java:initialize(78)) - No pipeline exists in current db
2022-02-17 10:47:55,880 [01f34702-14f0-4566-9f1c-66e15822e926@group-C00B8CBA638F-StateMachineUpdater] INFO  ha.SCMHAManagerImpl (SCMHAManagerImpl.java:installCheckpoint(282)) - Reloaded SCM state with Term: 2 and Index: 2
2022-02-17 10:47:55,880 [01f34702-14f0-4566-9f1c-66e15822e926@group-C00B8CBA638F-StateMachineUpdater] INFO  impl.StateMachineUpdater (StateMachineUpdater.java:lambda$new$0(89)) - 01f34702-14f0-4566-9f1c-66e15822e926@group-C00B8CBA638F-StateMachineUpdater: snapshotIndex: setUnconditionally -1 -> 2
2022-02-17 10:47:55,880 [01f34702-14f0-4566-9f1c-66e15822e926@group-C00B8CBA638F-StateMachineUpdater] INFO  impl.StateMachineUpdater (StateMachineUpdater.java:lambda$new$0(89)) - 01f34702-14f0-4566-9f1c-66e15822e926@group-C00B8CBA638F-StateMachineUpdater: appliedIndex: setUnconditionally -1 -> 2
2022-02-17 10:47:56,009 [EndpointStateMachine task thread for /127.0.0.1:41937 - 0 ] INFO  ipc.Client (Client.java:handleConnectionFailure(977)) - Retrying connect to server: localhost/127.0.0.1:41937. Already tried 5 time(s); retry policy is RetryUpToMaximumCountWithFixedSleep(maxRetries=15, sleepTime=1000 MILLISECONDS)
2022-02-17 10:47:56,014 [EndpointStateMachine task thread for /127.0.0.1:41349 - 0 ] INFO  ipc.Client (Client.java:handleConnectionFailure(977)) - Retrying connect to server: localhost/127.0.0.1:41349. Already tried 5 time(s); retry policy is RetryUpToMaximumCountWithFixedSleep(maxRetries=15, sleepTime=1000 MILLISECONDS)
2022-02-17 10:47:56,022 [EndpointStateMachine task thread for /127.0.0.1:46679 - 0 ] INFO  ipc.Client (Client.java:handleConnectionFailure(977)) - Retrying connect to server: localhost/127.0.0.1:46679. Already tried 5 time(s); retry policy is RetryUpToMaximumCountWithFixedSleep(maxRetries=15, sleepTime=1000 MILLISECONDS)
2022-02-17 10:47:57,010 [EndpointStateMachine task thread for /127.0.0.1:41937 - 0 ] INFO  ipc.Client (Client.java:handleConnectionFailure(977)) - Retrying connect to server: localhost/127.0.0.1:41937. Already tried 6 time(s); retry policy is RetryUpToMaximumCountWithFixedSleep(maxRetries=15, sleepTime=1000 MILLISECONDS)
2022-02-17 10:47:57,017 [EndpointStateMachine task thread for /127.0.0.1:41349 - 0 ] INFO  ipc.Client (Client.java:handleConnectionFailure(977)) - Retrying connect to server: localhost/127.0.0.1:41349. Already tried 6 time(s); retry policy is RetryUpToMaximumCountWithFixedSleep(maxRetries=15, sleepTime=1000 MILLISECONDS)
2022-02-17 10:47:57,022 [EndpointStateMachine task thread for /127.0.0.1:46679 - 0 ] INFO  ipc.Client (Client.java:handleConnectionFailure(977)) - Retrying connect to server: localhost/127.0.0.1:46679. Already tried 6 time(s); retry policy is RetryUpToMaximumCountWithFixedSleep(maxRetries=15, sleepTime=1000 MILLISECONDS)
2022-02-17 10:47:58,010 [EndpointStateMachine task thread for /127.0.0.1:41937 - 0 ] INFO  ipc.Client (Client.java:handleConnectionFailure(977)) - Retrying connect to server: localhost/127.0.0.1:41937. Already tried 7 time(s); retry policy is RetryUpToMaximumCountWithFixedSleep(maxRetries=15, sleepTime=1000 MILLISECONDS)
2022-02-17 10:47:58,017 [EndpointStateMachine task thread for /127.0.0.1:41349 - 0 ] INFO  ipc.Client (Client.java:handleConnectionFailure(977)) - Retrying connect to server: localhost/127.0.0.1:41349. Already tried 7 time(s); retry policy is RetryUpToMaximumCountWithFixedSleep(maxRetries=15, sleepTime=1000 MILLISECONDS)
2022-02-17 10:47:58,023 [EndpointStateMachine task thread for /127.0.0.1:46679 - 0 ] INFO  ipc.Client (Client.java:handleConnectionFailure(977)) - Retrying connect to server: localhost/127.0.0.1:46679. Already tried 7 time(s); retry policy is RetryUpToMaximumCountWithFixedSleep(maxRetries=15, sleepTime=1000 MILLISECONDS)
2022-02-17 10:47:58,898 [e1200b4d-f169-45a2-b87f-8a7ea851d305@group-C00B8CBA638F-LeaderStateImpl] INFO  server.RaftServer$Division (ServerState.java:setRaftConf(387)) - e1200b4d-f169-45a2-b87f-8a7ea851d305@group-C00B8CBA638F: set configuration 3: [01f34702-14f0-4566-9f1c-66e15822e926|rpc:localhost:43373|priority:0, e1200b4d-f169-45a2-b87f-8a7ea851d305|rpc:localhost:34705|admin:|client:|dataStream:|priority:0], old=[e1200b4d-f169-45a2-b87f-8a7ea851d305|rpc:localhost:34705|admin:|client:|dataStream:|priority:0]
2022-02-17 10:47:58,901 [grpc-default-executor-0] INFO  server.RaftServer$Division (ServerState.java:setRaftConf(387)) - 01f34702-14f0-4566-9f1c-66e15822e926@group-C00B8CBA638F: set configuration 3: [01f34702-14f0-4566-9f1c-66e15822e926|rpc:localhost:43373|admin:|client:|dataStream:|priority:0, e1200b4d-f169-45a2-b87f-8a7ea851d305|rpc:localhost:34705|admin:|client:|dataStream:|priority:0], old=[e1200b4d-f169-45a2-b87f-8a7ea851d305|rpc:localhost:34705|admin:|client:|dataStream:|priority:0]
2022-02-17 10:47:58,901 [grpc-default-executor-0] INFO  segmented.SegmentedRaftLogWorker (SegmentedRaftLogWorker.java:startLogSegment(394)) - 01f34702-14f0-4566-9f1c-66e15822e926@group-C00B8CBA638F-SegmentedRaftLogWorker: Starting segment from index:3
2022-02-17 10:47:58,915 [01f34702-14f0-4566-9f1c-66e15822e926@group-C00B8CBA638F-SegmentedRaftLogWorker] INFO  segmented.SegmentedRaftLogWorker (SegmentedRaftLogWorker.java:execute(601)) - 01f34702-14f0-4566-9f1c-66e15822e926@group-C00B8CBA638F-SegmentedRaftLogWorker: created new log segment /home/runner/work/ozone/ozone/hadoop-ozone/integration-test/target/test-dir/MiniOzoneClusterImpl-314b2a1d-9ab5-4841-b3ea-c00b8cba638f/scmNode-2/scm-ha/314b2a1d-9ab5-4841-b3ea-c00b8cba638f/current/log_inprogress_3
2022-02-17 10:47:58,932 [e1200b4d-f169-45a2-b87f-8a7ea851d305@group-C00B8CBA638F-LeaderStateImpl] INFO  server.RaftServer$Division (ServerState.java:setRaftConf(387)) - e1200b4d-f169-45a2-b87f-8a7ea851d305@group-C00B8CBA638F: set configuration 5: [01f34702-14f0-4566-9f1c-66e15822e926|rpc:localhost:43373|priority:0, e1200b4d-f169-45a2-b87f-8a7ea851d305|rpc:localhost:34705|admin:|client:|dataStream:|priority:0], old=null
2022-02-17 10:47:58,935 [grpc-default-executor-0] INFO  server.RaftServer$Division (ServerState.java:setRaftConf(387)) - 01f34702-14f0-4566-9f1c-66e15822e926@group-C00B8CBA638F: set configuration 5: [01f34702-14f0-4566-9f1c-66e15822e926|rpc:localhost:43373|admin:|client:|dataStream:|priority:0, e1200b4d-f169-45a2-b87f-8a7ea851d305|rpc:localhost:34705|admin:|client:|dataStream:|priority:0], old=null
2022-02-17 10:47:58,944 [IPC Server handler 2 on default port 36645] INFO  ha.SCMRatisServerImpl (SCMRatisServerImpl.java:addSCM(303)) - Successfully added new SCM: 01f34702-14f0-4566-9f1c-66e15822e926.
2022-02-17 10:47:58,945 [Listener at 0.0.0.0/42503] INFO  ha.SCMHAManagerImpl (SCMHAManagerImpl.java:start(117)) - Successfully added SCM scmNode-2 to group group-C00B8CBA638F:[01f34702-14f0-4566-9f1c-66e15822e926|rpc:localhost:43373|admin:|client:|dataStream:|priority:0, e1200b4d-f169-45a2-b87f-8a7ea851d305|rpc:localhost:34705|admin:|client:|dataStream:|priority:0]
2022-02-17 10:47:58,945 [Listener at 0.0.0.0/42503] INFO  ha.InterSCMGrpcService (InterSCMGrpcProtocolService.java:start(94)) - Starting SCM Grpc Service at port 38459
2022-02-17 10:47:58,946 [01f34702-14f0-4566-9f1c-66e15822e926@group-C00B8CBA638F-StateMachineUpdater] INFO  safemode.HealthyPipelineSafeModeRule (HealthyPipelineSafeModeRule.java:initializeRule(152)) - Refreshed total pipeline count is 0, healthy pipeline threshold count is 1
2022-02-17 10:47:58,946 [01f34702-14f0-4566-9f1c-66e15822e926@group-C00B8CBA638F-StateMachineUpdater] INFO  safemode.ContainerSafeModeRule (ContainerSafeModeRule.java:reInitializeRule(177)) - Refreshed one replica container threshold 0, currentThreshold 0
2022-02-17 10:47:58,946 [01f34702-14f0-4566-9f1c-66e15822e926@group-C00B8CBA638F-StateMachineUpdater] INFO  safemode.OneReplicaPipelineSafeModeRule (OneReplicaPipelineSafeModeRule.java:initializeRule(176)) - Refreshed Total pipeline count is 0, pipeline's with at least one datanode reported threshold count is 0
2022-02-17 10:47:58,946 [01f34702-14f0-4566-9f1c-66e15822e926@group-C00B8CBA638F-StateMachineUpdater] INFO  server.SCMDatanodeProtocolServer (SCMDatanodeProtocolServer.java:start(181)) - ScmDatanodeProtocol RPC server for DataNodes is listening at /0.0.0.0:43155
2022-02-17 10:47:58,949 [e1200b4d-f169-45a2-b87f-8a7ea851d305@group-C00B8CBA638F-StateMachineUpdater] INFO  ha.SCMStateMachine (SCMStateMachine.java:takeSnapshot(297)) - Current Snapshot Index 5, takeSnapshot took 1 ms
2022-02-17 10:47:58,954 [e1200b4d-f169-45a2-b87f-8a7ea851d305@group-C00B8CBA638F-StateMachineUpdater] INFO  impl.StateMachineUpdater (StateMachineUpdater.java:takeSnapshot(281)) - e1200b4d-f169-45a2-b87f-8a7ea851d305@group-C00B8CBA638F-StateMachineUpdater: Took a snapshot at index 5
2022-02-17 10:47:58,954 [e1200b4d-f169-45a2-b87f-8a7ea851d305@group-C00B8CBA638F-StateMachineUpdater] INFO  impl.StateMachineUpdater (StateMachineUpdater.java:lambda$new$0(89)) - e1200b4d-f169-45a2-b87f-8a7ea851d305@group-C00B8CBA638F-StateMachineUpdater: snapshotIndex: updateIncreasingly -1 -> 5
2022-02-17 10:47:58,954 [e1200b4d-f169-45a2-b87f-8a7ea851d305@group-C00B8CBA638F-StateMachineUpdater] INFO  raftlog.RaftLog (RaftLogBase.java:purge(306)) - e1200b4d-f169-45a2-b87f-8a7ea851d305@group-C00B8CBA638F-SegmentedRaftLog: purge 5
2022-02-17 10:47:58,954 [e1200b4d-f169-45a2-b87f-8a7ea851d305@group-C00B8CBA638F-StateMachineUpdater] INFO  raftlog.RaftLog (RaftLogBase.java:lambda$new$0(53)) - e1200b4d-f169-45a2-b87f-8a7ea851d305@group-C00B8CBA638F-SegmentedRaftLog: snapshotIndex: updateIncreasingly -1 -> 5
2022-02-17 10:47:58,948 [Listener at 0.0.0.0/42503] INFO  impl.MetricsSystemImpl (MetricsSystemImpl.java:init(158)) - StorageContainerManager metrics system started (again)
2022-02-17 10:47:58,958 [e1200b4d-f169-45a2-b87f-8a7ea851d305@group-C00B8CBA638F-SegmentedRaftLogWorker] INFO  raftlog.RaftLog (RaftLogBase.java:lambda$new$0(53)) - e1200b4d-f169-45a2-b87f-8a7ea851d305@group-C00B8CBA638F-SegmentedRaftLog: purgeIndex: updateToMax old=-1, new=0, updated? true
2022-02-17 10:47:58,967 [IPC Server listener on 43155] INFO  ipc.Server (Server.java:run(1344)) - IPC Server listener on 43155: starting
2022-02-17 10:47:58,978 [IPC Server Responder] INFO  ipc.Server (Server.java:run(1507)) - IPC Server Responder: starting
2022-02-17 10:47:58,999 [Listener at 0.0.0.0/42503] INFO  server.SCMClientProtocolServer (SCMClientProtocolServer.java:start(165)) - RPC server for Client  is listening at /0.0.0.0:42503
2022-02-17 10:47:59,000 [IPC Server Responder] INFO  ipc.Server (Server.java:run(1507)) - IPC Server Responder: starting
2022-02-17 10:47:59,000 [IPC Server listener on 42503] INFO  ipc.Server (Server.java:run(1344)) - IPC Server listener on 42503: starting
2022-02-17 10:47:59,002 [Listener at 0.0.0.0/42503] INFO  server.StorageContainerManager (StorageContainerManager.java:start(1318)) - ScmBlockLocationProtocol RPC server is listening at /0.0.0.0:37931
2022-02-17 10:47:59,002 [Listener at 0.0.0.0/42503] INFO  server.SCMBlockProtocolServer (SCMBlockProtocolServer.java:start(151)) - RPC server for Block Protocol is listening at /0.0.0.0:37931
2022-02-17 10:47:59,002 [IPC Server Responder] INFO  ipc.Server (Server.java:run(1507)) - IPC Server Responder: starting
2022-02-17 10:47:59,003 [IPC Server listener on 37931] INFO  ipc.Server (Server.java:run(1344)) - IPC Server listener on 37931: starting
2022-02-17 10:47:59,011 [EndpointStateMachine task thread for /127.0.0.1:41937 - 0 ] INFO  ipc.Client (Client.java:handleConnectionFailure(977)) - Retrying connect to server: localhost/127.0.0.1:41937. Already tried 8 time(s); retry policy is RetryUpToMaximumCountWithFixedSleep(maxRetries=15, sleepTime=1000 MILLISECONDS)
2022-02-17 10:47:59,012 [Listener at 0.0.0.0/42503] INFO  http.BaseHttpServer (BaseHttpServer.java:newHttpServer2BuilderForOzone(209)) - Starting Web-server for scm at: http://0.0.0.0:36091
2022-02-17 10:47:59,013 [Listener at 0.0.0.0/42503] INFO  http.BaseHttpServer (BaseHttpServer.java:<init>(107)) - Hadoop Security Enabled: false Ozone Security Enabled: false Ozone HTTP Security Enabled: false 
2022-02-17 10:47:59,014 [Listener at 0.0.0.0/42503] INFO  server.AuthenticationFilter (AuthenticationFilter.java:constructSecretProvider(240)) - Unable to initialize FileSignerSecretProvider, falling back to use random secrets.
2022-02-17 10:47:59,015 [org.apache.hadoop.util.JvmPauseMonitor$Monitor@5d7325f3] INFO  util.JvmPauseMonitor (JvmPauseMonitor.java:run(188)) - Starting JVM pause monitor
2022-02-17 10:47:59,017 [EndpointStateMachine task thread for /127.0.0.1:41349 - 0 ] INFO  ipc.Client (Client.java:handleConnectionFailure(977)) - Retrying connect to server: localhost/127.0.0.1:41349. Already tried 8 time(s); retry policy is RetryUpToMaximumCountWithFixedSleep(maxRetries=15, sleepTime=1000 MILLISECONDS)
2022-02-17 10:47:59,015 [Listener at 0.0.0.0/42503] WARN  http.HttpRequestLog (HttpRequestLog.java:getRequestLog(103)) - Jetty request log can only be enabled using Log4j
2022-02-17 10:47:59,020 [Listener at 0.0.0.0/42503] INFO  http.HttpServer2 (HttpServer2.java:addGlobalFilter(1030)) - Added global filter 'safety' (class=org.apache.hadoop.hdds.server.http.HttpServer2$QuotingInputFilter)
2022-02-17 10:47:59,021 [Listener at 0.0.0.0/42503] INFO  http.HttpServer2 (HttpServer2.java:addFilter(1006)) - Added filter static_user_filter (class=org.apache.hadoop.http.lib.StaticUserWebFilter$StaticUserFilter) to context scm
2022-02-17 10:47:59,021 [Listener at 0.0.0.0/42503] INFO  http.HttpServer2 (HttpServer2.java:addFilter(1014)) - Added filter static_user_filter (class=org.apache.hadoop.http.lib.StaticUserWebFilter$StaticUserFilter) to context static
2022-02-17 10:47:59,022 [Listener at 0.0.0.0/42503] INFO  http.HttpServer2 (HttpServer2.java:addFilter(1014)) - Added filter static_user_filter (class=org.apache.hadoop.http.lib.StaticUserWebFilter$StaticUserFilter) to context logs
2022-02-17 10:47:59,022 [Listener at 0.0.0.0/42503] INFO  http.HttpServer2 (HttpServer2.java:bindListener(1249)) - Jetty bound to port 36091
2022-02-17 10:47:59,022 [Listener at 0.0.0.0/42503] INFO  server.Server (Server.java:doStart(375)) - jetty-9.4.43.v20210629; built: 2021-06-30T11:07:22.254Z; git: 526006ecfa3af7f1a27ef3a288e2bef7ea9dd7e8; jvm 1.8.0_322-b06
2022-02-17 10:47:59,023 [EndpointStateMachine task thread for /127.0.0.1:46679 - 0 ] INFO  ipc.Client (Client.java:handleConnectionFailure(977)) - Retrying connect to server: localhost/127.0.0.1:46679. Already tried 8 time(s); retry policy is RetryUpToMaximumCountWithFixedSleep(maxRetries=15, sleepTime=1000 MILLISECONDS)
2022-02-17 10:47:59,026 [Listener at 0.0.0.0/42503] INFO  server.session (DefaultSessionIdManager.java:doStart(334)) - DefaultSessionIdManager workerName=node0
2022-02-17 10:47:59,026 [Listener at 0.0.0.0/42503] INFO  server.session (DefaultSessionIdManager.java:doStart(339)) - No SessionScavenger set, using defaults
2022-02-17 10:47:59,027 [Listener at 0.0.0.0/42503] INFO  server.session (HouseKeeper.java:startScavenging(132)) - node0 Scavenging every 600000ms
2022-02-17 10:47:59,027 [Listener at 0.0.0.0/42503] INFO  handler.ContextHandler (ContextHandler.java:doStart(915)) - Started o.e.j.s.ServletContextHandler@6afe2400{logs,/logs,file:///home/runner/work/ozone/ozone/hadoop-ozone/integration-test/target/log,AVAILABLE}
2022-02-17 10:47:59,028 [Listener at 0.0.0.0/42503] INFO  handler.ContextHandler (ContextHandler.java:doStart(915)) - Started o.e.j.s.ServletContextHandler@3cd94f7d{static,/static,file:///home/runner/work/ozone/ozone/hadoop-ozone/integration-test/target/test-classes/webapps/static,AVAILABLE}
2022-02-17 10:47:59,031 [Listener at 0.0.0.0/42503] INFO  handler.ContextHandler (ContextHandler.java:doStart(915)) - Started o.e.j.w.WebAppContext@70bf8804{scm,/,file:///home/runner/work/ozone/ozone/hadoop-ozone/integration-test/target/test-classes/webapps/scm/,AVAILABLE}{file:/home/runner/work/ozone/ozone/hadoop-ozone/integration-test/target/test-classes/webapps/scm}
2022-02-17 10:47:59,036 [Listener at 0.0.0.0/42503] INFO  server.AbstractConnector (AbstractConnector.java:doStart(331)) - Started ServerConnector@6d8e8a06{HTTP/1.1, (http/1.1)}{0.0.0.0:36091}
2022-02-17 10:47:59,036 [Listener at 0.0.0.0/42503] INFO  server.Server (Server.java:doStart(415)) - Started @88980ms
2022-02-17 10:47:59,036 [Listener at 0.0.0.0/42503] WARN  impl.MetricsSystemImpl (MetricsSystemImpl.java:register(279)) - Sink prometheus already exists!
2022-02-17 10:47:59,037 [Listener at 0.0.0.0/42503] INFO  http.BaseHttpServer (BaseHttpServer.java:updateConnectorAddress(329)) - HTTP server of scm listening at http://0.0.0.0:36091
2022-02-17 10:47:59,037 [Listener at 0.0.0.0/42503] INFO  ozone.MiniOzoneHAClusterImpl (MiniOzoneHAClusterImpl.java:createSCMService(600)) - Started SCM RPC server at /0.0.0.0:42503
2022-02-17 10:47:59,038 [Listener at 0.0.0.0/42503] INFO  ha.SCMHANodeDetails (SCMHANodeDetails.java:loadSCMHAConfig(157)) - ServiceID for StorageContainerManager is scm-service-test1
2022-02-17 10:47:59,039 [Listener at 0.0.0.0/42503] INFO  ha.SCMHANodeDetails (SCMHANodeDetails.java:loadSCMHAConfig(168)) - ServiceID for StorageContainerManager is scm-service-test1
2022-02-17 10:47:59,039 [Listener at 0.0.0.0/42503] WARN  scm.ScmUtils (ScmUtils.java:logWarn(179)) - ConfigKey ozone.scm.block.client.address is deprecated, For configuring different ports for each SCM use PortConfigKey ozone.scm.block.client.port appended with serviceId and nodeId. If want to configure same port configure ozone.scm.block.client.port
2022-02-17 10:47:59,041 [Listener at 0.0.0.0/42503] WARN  scm.ScmUtils (ScmUtils.java:logWarn(179)) - ConfigKey ozone.scm.client.address is deprecated, For configuring different ports for each SCM use PortConfigKey ozone.scm.client.port appended with serviceId and nodeId. If want to configure same port configure ozone.scm.client.port
2022-02-17 10:47:59,042 [Listener at 0.0.0.0/42503] WARN  scm.ScmUtils (ScmUtils.java:logWarn(179)) - ConfigKey ozone.scm.datanode.address is deprecated, For configuring different ports for each SCM use PortConfigKey ozone.scm.datanode.port appended with serviceId and nodeId. If want to configure same port configure ozone.scm.datanode.port
2022-02-17 10:47:59,042 [Listener at 0.0.0.0/42503] WARN  scm.ScmUtils (ScmUtils.java:logWarn(179)) - ConfigKey ozone.scm.block.client.address is deprecated, For configuring different ports for each SCM use PortConfigKey ozone.scm.block.client.port appended with serviceId and nodeId. If want to configure same port configure ozone.scm.block.client.port
2022-02-17 10:47:59,043 [Listener at 0.0.0.0/42503] WARN  scm.ScmUtils (ScmUtils.java:logWarn(179)) - ConfigKey ozone.scm.client.address is deprecated, For configuring different ports for each SCM use PortConfigKey ozone.scm.client.port appended with serviceId and nodeId. If want to configure same port configure ozone.scm.client.port
2022-02-17 10:47:59,043 [Listener at 0.0.0.0/42503] WARN  scm.ScmUtils (ScmUtils.java:logWarn(179)) - ConfigKey ozone.scm.datanode.address is deprecated, For configuring different ports for each SCM use PortConfigKey ozone.scm.datanode.port appended with serviceId and nodeId. If want to configure same port configure ozone.scm.datanode.port
2022-02-17 10:47:59,043 [Listener at 0.0.0.0/42503] INFO  ha.SCMHANodeDetails (SCMHANodeDetails.java:loadSCMHAConfig(250)) - Found matching SCM address with SCMServiceId: scm-service-test1, SCMNodeId: scmNode-3, RPC Address: localhost:33733 and Ratis port: 33733
2022-02-17 10:47:59,043 [Listener at 0.0.0.0/42503] INFO  ha.SCMHANodeDetails (ConfUtils.java:setNodeSpecificConfigs(108)) - Setting configuration key ozone.scm.datanode.address with value of key ozone.scm.datanode.address.scm-service-test1.scmNode-3: 127.0.0.1:38221
2022-02-17 10:47:59,043 [Listener at 0.0.0.0/42503] INFO  ha.SCMHANodeDetails (ConfUtils.java:setNodeSpecificConfigs(108)) - Setting configuration key ozone.scm.block.client.address with value of key ozone.scm.block.client.address.scm-service-test1.scmNode-3: 127.0.0.1:33255
2022-02-17 10:47:59,043 [Listener at 0.0.0.0/42503] INFO  ha.SCMHANodeDetails (ConfUtils.java:setNodeSpecificConfigs(108)) - Setting configuration key ozone.scm.client.address with value of key ozone.scm.client.address.scm-service-test1.scmNode-3: 127.0.0.1:46253
2022-02-17 10:47:59,043 [Listener at 0.0.0.0/42503] INFO  ha.SCMHANodeDetails (ConfUtils.java:setNodeSpecificConfigs(108)) - Setting configuration key ozone.scm.ratis.port with value of key ozone.scm.ratis.port.scm-service-test1.scmNode-3: 33733
2022-02-17 10:47:59,044 [Listener at 0.0.0.0/42503] INFO  ha.SCMHANodeDetails (ConfUtils.java:setNodeSpecificConfigs(108)) - Setting configuration key ozone.scm.grpc.port with value of key ozone.scm.grpc.port.scm-service-test1.scmNode-3: 45405
2022-02-17 10:47:59,044 [Listener at 0.0.0.0/42503] INFO  ha.SCMHANodeDetails (ConfUtils.java:setNodeSpecificConfigs(108)) - Setting configuration key ozone.scm.http-address with value of key ozone.scm.http-address.scm-service-test1.scmNode-3: 127.0.0.1:44805
2022-02-17 10:47:59,044 [Listener at 0.0.0.0/42503] INFO  ha.SCMHANodeDetails (ConfUtils.java:setNodeSpecificConfigs(108)) - Setting configuration key ozone.scm.https-address with value of key ozone.scm.https-address.scm-service-test1.scmNode-3: 127.0.0.1:42213
2022-02-17 10:47:59,044 [Listener at 0.0.0.0/42503] INFO  ha.SCMHANodeDetails (ConfUtils.java:setNodeSpecificConfigs(108)) - Setting configuration key ozone.scm.address with value of key ozone.scm.address.scm-service-test1.scmNode-3: 127.0.0.1
2022-02-17 10:47:59,044 [Listener at 0.0.0.0/42503] WARN  scm.ScmUtils (ScmUtils.java:logWarn(179)) - ConfigKey ozone.scm.block.client.address is deprecated, For configuring different ports for each SCM use PortConfigKey ozone.scm.block.client.port appended with serviceId and nodeId. If want to configure same port configure ozone.scm.block.client.port
2022-02-17 10:47:59,044 [Listener at 0.0.0.0/42503] WARN  scm.ScmUtils (ScmUtils.java:logWarn(179)) - ConfigKey ozone.scm.client.address is deprecated, For configuring different ports for each SCM use PortConfigKey ozone.scm.client.port appended with serviceId and nodeId. If want to configure same port configure ozone.scm.client.port
2022-02-17 10:47:59,044 [Listener at 0.0.0.0/42503] WARN  scm.ScmUtils (ScmUtils.java:logWarn(179)) - ConfigKey ozone.scm.datanode.address is deprecated, For configuring different ports for each SCM use PortConfigKey ozone.scm.datanode.port appended with serviceId and nodeId. If want to configure same port configure ozone.scm.datanode.port
2022-02-17 10:47:59,045 [Listener at 0.0.0.0/42503] WARN  server.ServerUtils (ServerUtils.java:getScmDbDir(148)) - ozone.scm.db.dirs is not configured. We recommend adding this setting. Falling back to ozone.metadata.dirs instead.
2022-02-17 10:47:59,046 [Listener at 0.0.0.0/42503] INFO  ha.SCMNodeInfo (SCMNodeInfo.java:getPort(197)) - ConfigKey ozone.scm.client.address is deprecated, For configuring different ports for each SCM use PortConfigKey ozone.scm.client.port appended with serviceId and nodeId
2022-02-17 10:47:59,049 [Listener at 0.0.0.0/42503] INFO  ha.SCMNodeInfo (SCMNodeInfo.java:getPort(197)) - ConfigKey ozone.scm.block.client.address is deprecated, For configuring different ports for each SCM use PortConfigKey ozone.scm.block.client.port appended with serviceId and nodeId
2022-02-17 10:47:59,050 [Listener at 0.0.0.0/42503] INFO  ha.SCMNodeInfo (SCMNodeInfo.java:getPort(197)) - ConfigKey ozone.scm.datanode.address is deprecated, For configuring different ports for each SCM use PortConfigKey ozone.scm.datanode.port appended with serviceId and nodeId
2022-02-17 10:47:59,051 [Listener at 0.0.0.0/42503] INFO  ha.SCMNodeInfo (SCMNodeInfo.java:getPort(197)) - ConfigKey ozone.scm.client.address is deprecated, For configuring different ports for each SCM use PortConfigKey ozone.scm.client.port appended with serviceId and nodeId
2022-02-17 10:47:59,051 [Listener at 0.0.0.0/42503] INFO  ha.SCMNodeInfo (SCMNodeInfo.java:getPort(197)) - ConfigKey ozone.scm.block.client.address is deprecated, For configuring different ports for each SCM use PortConfigKey ozone.scm.block.client.port appended with serviceId and nodeId
2022-02-17 10:47:59,051 [Listener at 0.0.0.0/42503] INFO  ha.SCMNodeInfo (SCMNodeInfo.java:getPort(197)) - ConfigKey ozone.scm.datanode.address is deprecated, For configuring different ports for each SCM use PortConfigKey ozone.scm.datanode.port appended with serviceId and nodeId
2022-02-17 10:47:59,051 [Listener at 0.0.0.0/42503] INFO  ha.SCMNodeInfo (SCMNodeInfo.java:getPort(197)) - ConfigKey ozone.scm.client.address is deprecated, For configuring different ports for each SCM use PortConfigKey ozone.scm.client.port appended with serviceId and nodeId
2022-02-17 10:47:59,053 [Listener at 0.0.0.0/42503] INFO  ha.SCMNodeInfo (SCMNodeInfo.java:getPort(197)) - ConfigKey ozone.scm.block.client.address is deprecated, For configuring different ports for each SCM use PortConfigKey ozone.scm.block.client.port appended with serviceId and nodeId
2022-02-17 10:47:59,054 [Listener at 0.0.0.0/42503] INFO  ha.SCMNodeInfo (SCMNodeInfo.java:getPort(197)) - ConfigKey ozone.scm.datanode.address is deprecated, For configuring different ports for each SCM use PortConfigKey ozone.scm.datanode.port appended with serviceId and nodeId
2022-02-17 10:47:59,069 [Listener at 0.0.0.0/42503] INFO  server.StorageContainerManager (StorageContainerManager.java:scmBootstrap(987)) - SCM BootStrap  is successful for ClusterID 314b2a1d-9ab5-4841-b3ea-c00b8cba638f, SCMID 4400b75d-245b-43c7-a398-1881376b84db
2022-02-17 10:47:59,069 [Listener at 0.0.0.0/42503] INFO  server.StorageContainerManager (StorageContainerManager.java:scmBootstrap(989)) - Primary SCM Node ID e1200b4d-f169-45a2-b87f-8a7ea851d305
2022-02-17 10:47:59,070 [Listener at 0.0.0.0/42503] INFO  ha.SCMHANodeDetails (SCMHANodeDetails.java:loadSCMHAConfig(157)) - ServiceID for StorageContainerManager is scm-service-test1
2022-02-17 10:47:59,070 [Listener at 0.0.0.0/42503] INFO  ha.SCMHANodeDetails (SCMHANodeDetails.java:loadSCMHAConfig(168)) - ServiceID for StorageContainerManager is scm-service-test1
2022-02-17 10:47:59,070 [Listener at 0.0.0.0/42503] WARN  scm.ScmUtils (ScmUtils.java:logWarn(179)) - ConfigKey ozone.scm.block.client.address is deprecated, For configuring different ports for each SCM use PortConfigKey ozone.scm.block.client.port appended with serviceId and nodeId. If want to configure same port configure ozone.scm.block.client.port
2022-02-17 10:47:59,070 [Listener at 0.0.0.0/42503] WARN  scm.ScmUtils (ScmUtils.java:logWarn(179)) - ConfigKey ozone.scm.client.address is deprecated, For configuring different ports for each SCM use PortConfigKey ozone.scm.client.port appended with serviceId and nodeId. If want to configure same port configure ozone.scm.client.port
2022-02-17 10:47:59,070 [Listener at 0.0.0.0/42503] WARN  scm.ScmUtils (ScmUtils.java:logWarn(179)) - ConfigKey ozone.scm.datanode.address is deprecated, For configuring different ports for each SCM use PortConfigKey ozone.scm.datanode.port appended with serviceId and nodeId. If want to configure same port configure ozone.scm.datanode.port
2022-02-17 10:47:59,070 [Listener at 0.0.0.0/42503] WARN  scm.ScmUtils (ScmUtils.java:logWarn(179)) - ConfigKey ozone.scm.block.client.address is deprecated, For configuring different ports for each SCM use PortConfigKey ozone.scm.block.client.port appended with serviceId and nodeId. If want to configure same port configure ozone.scm.block.client.port
2022-02-17 10:47:59,071 [Listener at 0.0.0.0/42503] WARN  scm.ScmUtils (ScmUtils.java:logWarn(179)) - ConfigKey ozone.scm.client.address is deprecated, For configuring different ports for each SCM use PortConfigKey ozone.scm.client.port appended with serviceId and nodeId. If want to configure same port configure ozone.scm.client.port
2022-02-17 10:47:59,071 [Listener at 0.0.0.0/42503] WARN  scm.ScmUtils (ScmUtils.java:logWarn(179)) - ConfigKey ozone.scm.datanode.address is deprecated, For configuring different ports for each SCM use PortConfigKey ozone.scm.datanode.port appended with serviceId and nodeId. If want to configure same port configure ozone.scm.datanode.port
2022-02-17 10:47:59,071 [Listener at 0.0.0.0/42503] INFO  ha.SCMHANodeDetails (SCMHANodeDetails.java:loadSCMHAConfig(250)) - Found matching SCM address with SCMServiceId: scm-service-test1, SCMNodeId: scmNode-3, RPC Address: localhost:33733 and Ratis port: 33733
2022-02-17 10:47:59,071 [Listener at 0.0.0.0/42503] INFO  ha.SCMHANodeDetails (ConfUtils.java:setNodeSpecificConfigs(108)) - Setting configuration key ozone.scm.datanode.address with value of key ozone.scm.datanode.address.scm-service-test1.scmNode-3: 127.0.0.1:38221
2022-02-17 10:47:59,071 [Listener at 0.0.0.0/42503] INFO  ha.SCMHANodeDetails (ConfUtils.java:setNodeSpecificConfigs(108)) - Setting configuration key ozone.scm.block.client.address with value of key ozone.scm.block.client.address.scm-service-test1.scmNode-3: 127.0.0.1:33255
2022-02-17 10:47:59,071 [Listener at 0.0.0.0/42503] INFO  ha.SCMHANodeDetails (ConfUtils.java:setNodeSpecificConfigs(108)) - Setting configuration key ozone.scm.client.address with value of key ozone.scm.client.address.scm-service-test1.scmNode-3: 127.0.0.1:46253
2022-02-17 10:47:59,071 [Listener at 0.0.0.0/42503] INFO  ha.SCMHANodeDetails (ConfUtils.java:setNodeSpecificConfigs(108)) - Setting configuration key ozone.scm.ratis.port with value of key ozone.scm.ratis.port.scm-service-test1.scmNode-3: 33733
2022-02-17 10:47:59,071 [Listener at 0.0.0.0/42503] INFO  ha.SCMHANodeDetails (ConfUtils.java:setNodeSpecificConfigs(108)) - Setting configuration key ozone.scm.grpc.port with value of key ozone.scm.grpc.port.scm-service-test1.scmNode-3: 45405
2022-02-17 10:47:59,072 [Listener at 0.0.0.0/42503] INFO  ha.SCMHANodeDetails (ConfUtils.java:setNodeSpecificConfigs(108)) - Setting configuration key ozone.scm.http-address with value of key ozone.scm.http-address.scm-service-test1.scmNode-3: 127.0.0.1:44805
2022-02-17 10:47:59,072 [Listener at 0.0.0.0/42503] INFO  ha.SCMHANodeDetails (ConfUtils.java:setNodeSpecificConfigs(108)) - Setting configuration key ozone.scm.https-address with value of key ozone.scm.https-address.scm-service-test1.scmNode-3: 127.0.0.1:42213
2022-02-17 10:47:59,072 [Listener at 0.0.0.0/42503] INFO  ha.SCMHANodeDetails (ConfUtils.java:setNodeSpecificConfigs(108)) - Setting configuration key ozone.scm.address with value of key ozone.scm.address.scm-service-test1.scmNode-3: 127.0.0.1
2022-02-17 10:47:59,072 [Listener at 0.0.0.0/42503] WARN  scm.ScmUtils (ScmUtils.java:logWarn(179)) - ConfigKey ozone.scm.block.client.address is deprecated, For configuring different ports for each SCM use PortConfigKey ozone.scm.block.client.port appended with serviceId and nodeId. If want to configure same port configure ozone.scm.block.client.port
2022-02-17 10:47:59,072 [Listener at 0.0.0.0/42503] WARN  scm.ScmUtils (ScmUtils.java:logWarn(179)) - ConfigKey ozone.scm.client.address is deprecated, For configuring different ports for each SCM use PortConfigKey ozone.scm.client.port appended with serviceId and nodeId. If want to configure same port configure ozone.scm.client.port
2022-02-17 10:47:59,072 [Listener at 0.0.0.0/42503] WARN  scm.ScmUtils (ScmUtils.java:logWarn(179)) - ConfigKey ozone.scm.datanode.address is deprecated, For configuring different ports for each SCM use PortConfigKey ozone.scm.datanode.port appended with serviceId and nodeId. If want to configure same port configure ozone.scm.datanode.port
2022-02-17 10:47:59,073 [Listener at 0.0.0.0/42503] WARN  server.ServerUtils (ServerUtils.java:getScmDbDir(148)) - ozone.scm.db.dirs is not configured. We recommend adding this setting. Falling back to ozone.metadata.dirs instead.
2022-02-17 10:47:59,073 [Listener at 0.0.0.0/42503] INFO  upgrade.AbstractLayoutVersionManager (AbstractLayoutVersionManager.java:init(79)) - Initializing Layout version manager with metadata layout = SCM_HA (version = 2), software layout = SCM_HA (version = 2)
2022-02-17 10:47:59,149 [Listener at 0.0.0.0/42503] INFO  reflections.Reflections (Reflections.java:scan(232)) - Reflections took 70 ms to scan 7 urls, producing 119 keys and 279 values 
2022-02-17 10:47:59,159 [Listener at 0.0.0.0/42503] WARN  utils.HAUtils (HAUtils.java:getMetaDir(342)) - ozone.scm.db.dirs is not configured. We recommend adding this setting. Falling back to ozone.metadata.dirs instead.
2022-02-17 10:47:59,159 [Listener at 0.0.0.0/42503] WARN  db.DBStoreBuilder (DBStoreBuilder.java:applyDBDefinition(145)) - ozone.scm.db.dirs is not configured. We recommend adding this setting. Falling back to ozone.metadata.dirs instead.
2022-02-17 10:47:59,291 [Listener at 0.0.0.0/42503] INFO  net.NodeSchemaLoader (NodeSchemaLoader.java:loadSchemaFromFile(129)) - Loading schema from [jar:file:/home/runner/.m2/repository/org/apache/ozone/hdds-common/1.3.0-SNAPSHOT/hdds-common-1.3.0-SNAPSHOT.jar!/network-topology-default.xml]
2022-02-17 10:47:59,291 [Listener at 0.0.0.0/42503] INFO  net.NodeSchemaLoader (NodeSchemaLoader.java:loadSchema(176)) - Loading network topology layer schema file
2022-02-17 10:47:59,296 [Listener at 0.0.0.0/42503] WARN  impl.MetricRegistriesImpl (MetricRegistriesImpl.java:addReporterRegistration(111)) - New reporters are added after registries were created. Some metrics will be missing from the reporter. Please add reporter before adding any new registry.
2022-02-17 10:47:59,296 [Listener at 0.0.0.0/42503] WARN  impl.MetricRegistriesImpl (MetricRegistriesImpl.java:addReporterRegistration(111)) - New reporters are added after registries were created. Some metrics will be missing from the reporter. Please add reporter before adding any new registry.
2022-02-17 10:47:59,297 [Listener at 0.0.0.0/42503] INFO  ha.SCMRatisServerImpl (SCMRatisServerImpl.java:<init>(87)) - starting Raft server for scm:4400b75d-245b-43c7-a398-1881376b84db
2022-02-17 10:47:59,299 [Listener at 0.0.0.0/42503] INFO  server.RaftServer (ConfUtils.java:logGet(44)) - raft.rpc.type = GRPC (default)
2022-02-17 10:47:59,299 [Listener at 0.0.0.0/42503] INFO  grpc.GrpcFactory (GrpcFactory.java:checkPooledByteBufAllocatorUseCacheForAllThreads(48)) - PERFORMANCE WARNING: useCacheForAllThreads is true that may cause Netty to create a lot garbage objects and, as a result, trigger GC.
	It is recommended to disable useCacheForAllThreads by setting -Dorg.apache.ratis.thirdparty.io.netty.allocator.useCacheForAllThreads=false in command line.
2022-02-17 10:47:59,299 [Listener at 0.0.0.0/42503] INFO  grpc.GrpcConfigKeys (ConfUtils.java:logGet(44)) - raft.grpc.admin.port = -1 (default)
2022-02-17 10:47:59,300 [Listener at 0.0.0.0/42503] INFO  grpc.GrpcConfigKeys (ConfUtils.java:logGet(44)) - raft.grpc.server.port = 33733 (custom)
2022-02-17 10:47:59,300 [Listener at 0.0.0.0/42503] INFO  grpc.GrpcConfigKeys (ConfUtils.java:logGet(44)) - raft.grpc.client.port = -1 (default)
2022-02-17 10:47:59,300 [Listener at 0.0.0.0/42503] INFO  grpc.GrpcConfigKeys (ConfUtils.java:logGet(44)) - raft.grpc.server.port = 33733 (custom)
2022-02-17 10:47:59,300 [Listener at 0.0.0.0/42503] INFO  grpc.GrpcConfigKeys (ConfUtils.java:logGet(44)) - raft.grpc.server.port = 33733 (custom)
2022-02-17 10:47:59,300 [Listener at 0.0.0.0/42503] INFO  server.GrpcService (ConfUtils.java:logGet(44)) - raft.grpc.message.size.max = 32m (=33554432) (custom)
2022-02-17 10:47:59,301 [Listener at 0.0.0.0/42503] INFO  server.RaftServerConfigKeys (ConfUtils.java:logGet(44)) - raft.server.log.appender.buffer.byte-limit = 33554432 (custom)
2022-02-17 10:47:59,301 [Listener at 0.0.0.0/42503] INFO  server.GrpcService (ConfUtils.java:logGet(44)) - raft.grpc.flow.control.window = 1MB (=1048576) (default)
2022-02-17 10:47:59,301 [Listener at 0.0.0.0/42503] INFO  server.RaftServerConfigKeys (ConfUtils.java:logGet(44)) - raft.server.rpc.request.timeout = 30000ms (custom)
2022-02-17 10:47:59,306 [Listener at 0.0.0.0/42503] INFO  impl.DataStreamServerImpl (ConfUtils.java:logGet(44)) - raft.datastream.type = DISABLED (default)
2022-02-17 10:47:59,307 [Listener at 0.0.0.0/42503] INFO  server.RaftServerConfigKeys (ConfUtils.java:logGet(44)) - raft.server.rpc.slowness.timeout = 120000ms (custom)
2022-02-17 10:47:59,307 [Listener at 0.0.0.0/42503] INFO  server.RaftServerConfigKeys (ConfUtils.java:logGet(44)) - raft.server.leaderelection.leader.step-down.wait-time = 10s (default)
2022-02-17 10:47:59,307 [Listener at 0.0.0.0/42503] INFO  server.RaftServerConfigKeys (ConfUtils.java:logGet(44)) - raft.server.storage.dir = [/home/runner/work/ozone/ozone/hadoop-ozone/integration-test/target/test-dir/MiniOzoneClusterImpl-314b2a1d-9ab5-4841-b3ea-c00b8cba638f/scmNode-3/scm-ha] (custom)
2022-02-17 10:47:59,308 [Listener at 0.0.0.0/42503] INFO  server.RaftServer (RaftServerProxy.java:addNew(95)) - 4400b75d-245b-43c7-a398-1881376b84db: addNew group-C00B8CBA638F:[] returns group-C00B8CBA638F:java.util.concurrent.CompletableFuture@25b5c62a[Not completed]
2022-02-17 10:47:59,308 [pool-263-thread-1] INFO  server.RaftServer$Division (RaftServerImpl.java:<init>(184)) - 4400b75d-245b-43c7-a398-1881376b84db: new RaftServerImpl for group-C00B8CBA638F:[] with SCMStateMachine:uninitialized
2022-02-17 10:47:59,311 [pool-263-thread-1] INFO  server.RaftServerConfigKeys (ConfUtils.java:logGet(44)) - raft.server.rpc.timeout.min = 5000ms (custom)
2022-02-17 10:47:59,312 [pool-263-thread-1] INFO  server.RaftServerConfigKeys (ConfUtils.java:logGet(44)) - raft.server.rpc.timeout.max = 5200ms (custom)
2022-02-17 10:47:59,312 [pool-263-thread-1] INFO  server.RaftServerConfigKeys (ConfUtils.java:logGet(44)) - raft.server.rpc.sleep.time = 25ms (default)
2022-02-17 10:47:59,312 [pool-263-thread-1] INFO  server.RaftServerConfigKeys (ConfUtils.java:logGet(44)) - raft.server.rpc.slowness.timeout = 120000ms (custom)
2022-02-17 10:47:59,312 [pool-263-thread-1] INFO  server.RaftServerConfigKeys (ConfUtils.java:logGet(44)) - raft.server.leaderelection.leader.step-down.wait-time = 10s (default)
2022-02-17 10:47:59,312 [pool-263-thread-1] INFO  server.RaftServerConfigKeys (ConfUtils.java:logGet(44)) - raft.server.sleep.deviation.threshold = 300ms (default)
2022-02-17 10:47:59,313 [pool-263-thread-1] INFO  server.RaftServerConfigKeys (ConfUtils.java:logGet(44)) - raft.server.log.appender.install.snapshot.enabled = false (custom)
2022-02-17 10:47:59,313 [pool-263-thread-1] INFO  server.RaftServer$Division (ServerState.java:<init>(105)) - 4400b75d-245b-43c7-a398-1881376b84db@group-C00B8CBA638F: ConfigurationManager, init=-1: [], old=null, confs=<EMPTY_MAP>
2022-02-17 10:47:59,313 [pool-263-thread-1] INFO  server.RaftServerConfigKeys (ConfUtils.java:logGet(44)) - raft.server.storage.dir = [/home/runner/work/ozone/ozone/hadoop-ozone/integration-test/target/test-dir/MiniOzoneClusterImpl-314b2a1d-9ab5-4841-b3ea-c00b8cba638f/scmNode-3/scm-ha] (custom)
2022-02-17 10:47:59,314 [pool-263-thread-1] INFO  server.RaftServerConfigKeys (ConfUtils.java:logGet(44)) - raft.server.log.corruption.policy = EXCEPTION (default)
2022-02-17 10:47:59,314 [pool-263-thread-1] INFO  server.RaftServerConfigKeys (ConfUtils.java:logGet(44)) - raft.server.storage.free-space.min = 0MB (=0) (default)
2022-02-17 10:47:59,314 [pool-263-thread-1] INFO  storage.RaftStorageDirectory (RaftStorageDirectoryImpl.java:analyzeStorage(135)) - The storage directory /home/runner/work/ozone/ozone/hadoop-ozone/integration-test/target/test-dir/MiniOzoneClusterImpl-314b2a1d-9ab5-4841-b3ea-c00b8cba638f/scmNode-3/scm-ha/314b2a1d-9ab5-4841-b3ea-c00b8cba638f does not exist. Creating ...
2022-02-17 10:47:59,317 [pool-263-thread-1] INFO  storage.RaftStorageDirectory (RaftStorageDirectoryImpl.java:tryLock(230)) - Lock on /home/runner/work/ozone/ozone/hadoop-ozone/integration-test/target/test-dir/MiniOzoneClusterImpl-314b2a1d-9ab5-4841-b3ea-c00b8cba638f/scmNode-3/scm-ha/314b2a1d-9ab5-4841-b3ea-c00b8cba638f/in_use.lock acquired by nodename 15481@fv-az12-716
2022-02-17 10:47:59,319 [pool-263-thread-1] INFO  storage.RaftStorage (RaftStorageImpl.java:format(89)) - Storage directory /home/runner/work/ozone/ozone/hadoop-ozone/integration-test/target/test-dir/MiniOzoneClusterImpl-314b2a1d-9ab5-4841-b3ea-c00b8cba638f/scmNode-3/scm-ha/314b2a1d-9ab5-4841-b3ea-c00b8cba638f has been successfully formatted.
2022-02-17 10:47:59,319 [pool-263-thread-1] INFO  server.RaftServerConfigKeys (ConfUtils.java:logGet(44)) - raft.server.notification.no-leader.timeout = 60s (default)
2022-02-17 10:47:59,319 [pool-263-thread-1] INFO  server.RaftServerConfigKeys (ConfUtils.java:logGet(44)) - raft.server.log.use.memory = false (default)
2022-02-17 10:47:59,319 [pool-263-thread-1] INFO  server.RaftServerConfigKeys (ConfUtils.java:logGet(44)) - raft.server.log.purge.gap = 5 (custom)
2022-02-17 10:47:59,319 [pool-263-thread-1] INFO  server.RaftServerConfigKeys (ConfUtils.java:logGet(44)) - raft.server.log.appender.buffer.byte-limit = 33554432 (custom)
2022-02-17 10:47:59,320 [pool-263-thread-1] INFO  server.RaftServerConfigKeys (ConfUtils.java:logGet(44)) - raft.server.log.segment.size.max = 4194304 (custom)
2022-02-17 10:47:59,320 [pool-263-thread-1] INFO  server.RaftServerConfigKeys (ConfUtils.java:logGet(44)) - raft.server.log.segment.cache.num.max = 2 (custom)
2022-02-17 10:47:59,322 [pool-263-thread-1] INFO  server.RaftServerConfigKeys (ConfUtils.java:logGet(44)) - raft.server.log.segment.cache.size.max = 200MB (=209715200) (default)
2022-02-17 10:47:59,322 [pool-263-thread-1] INFO  segmented.SegmentedRaftLogWorker (SegmentedRaftLogWorker.java:<init>(182)) - new 4400b75d-245b-43c7-a398-1881376b84db@group-C00B8CBA638F-SegmentedRaftLogWorker for RaftStorageImpl:Storage Directory /home/runner/work/ozone/ozone/hadoop-ozone/integration-test/target/test-dir/MiniOzoneClusterImpl-314b2a1d-9ab5-4841-b3ea-c00b8cba638f/scmNode-3/scm-ha/314b2a1d-9ab5-4841-b3ea-c00b8cba638f
2022-02-17 10:47:59,322 [pool-263-thread-1] INFO  server.RaftServerConfigKeys (ConfUtils.java:logGet(44)) - raft.server.log.queue.byte-limit = 64MB (=67108864) (default)
2022-02-17 10:47:59,322 [pool-263-thread-1] INFO  server.RaftServerConfigKeys (ConfUtils.java:logGet(44)) - raft.server.log.queue.element-limit = 4096 (default)
2022-02-17 10:47:59,325 [pool-263-thread-1] INFO  server.RaftServerConfigKeys (ConfUtils.java:logGet(44)) - raft.server.log.segment.size.max = 4194304 (custom)
2022-02-17 10:47:59,325 [pool-263-thread-1] INFO  server.RaftServerConfigKeys (ConfUtils.java:logGet(44)) - raft.server.log.preallocated.size = 4194304 (custom)
2022-02-17 10:47:59,326 [pool-263-thread-1] INFO  server.RaftServerConfigKeys (ConfUtils.java:logGet(44)) - raft.server.log.force.sync.num = 128 (default)
2022-02-17 10:47:59,326 [pool-263-thread-1] INFO  server.RaftServerConfigKeys (ConfUtils.java:logGet(44)) - raft.server.log.statemachine.data.sync = true (default)
2022-02-17 10:47:59,326 [pool-263-thread-1] INFO  server.RaftServerConfigKeys (ConfUtils.java:logGet(44)) - raft.server.log.statemachine.data.sync.timeout = 10s (default)
2022-02-17 10:47:59,326 [pool-263-thread-1] INFO  server.RaftServerConfigKeys (ConfUtils.java:logGet(44)) - raft.server.log.statemachine.data.sync.timeout.retry = -1 (default)
2022-02-17 10:47:59,333 [pool-263-thread-1] INFO  server.RaftServerConfigKeys (ConfUtils.java:logGet(44)) - raft.server.log.write.buffer.size = 64KB (=65536) (default)
2022-02-17 10:47:59,334 [pool-263-thread-1] INFO  server.RaftServerConfigKeys (ConfUtils.java:logGet(44)) - raft.server.log.statemachine.data.caching.enabled = false (default)
2022-02-17 10:47:59,334 [pool-263-thread-1] INFO  segmented.SegmentedRaftLogWorker (SegmentedRaftLogWorker.java:lambda$new$0(133)) - 4400b75d-245b-43c7-a398-1881376b84db@group-C00B8CBA638F-SegmentedRaftLogWorker: flushIndex: setUnconditionally 0 -> -1
2022-02-17 10:47:59,334 [pool-263-thread-1] INFO  segmented.SegmentedRaftLogWorker (SegmentedRaftLogWorker.java:lambda$new$0(133)) - 4400b75d-245b-43c7-a398-1881376b84db@group-C00B8CBA638F-SegmentedRaftLogWorker: safeCacheEvictIndex: setUnconditionally 0 -> -1
2022-02-17 10:47:59,334 [pool-263-thread-1] INFO  server.RaftServerConfigKeys (ConfUtils.java:logGet(44)) - raft.server.snapshot.auto.trigger.enabled = true (custom)
2022-02-17 10:47:59,334 [pool-263-thread-1] INFO  server.RaftServerConfigKeys (ConfUtils.java:logGet(44)) - raft.server.snapshot.auto.trigger.threshold = 5 (custom)
2022-02-17 10:47:59,334 [pool-263-thread-1] INFO  server.RaftServerConfigKeys (ConfUtils.java:logGet(44)) - raft.server.snapshot.retention.file.num = -1 (default)
2022-02-17 10:47:59,334 [pool-263-thread-1] INFO  server.RaftServerConfigKeys (ConfUtils.java:logGet(44)) - raft.server.log.purge.upto.snapshot.index = true (custom)
2022-02-17 10:47:59,334 [pool-263-thread-1] INFO  server.RaftServerConfigKeys (ConfUtils.java:logGet(44)) - raft.server.retrycache.expirytime = 60000ms (default)
2022-02-17 10:47:59,334 [pool-263-thread-1] INFO  server.RaftServerConfigKeys (ConfUtils.java:logGet(44)) - raft.server.retrycache.statistics.expirytime = 100μs (default)
2022-02-17 10:47:59,337 [Listener at 0.0.0.0/42503] INFO  ha.SCMSnapshotProvider (SCMSnapshotProvider.java:<init>(66)) - Initializing SCM Snapshot Provider
2022-02-17 10:47:59,337 [Listener at 0.0.0.0/42503] WARN  server.ServerUtils (ServerUtils.java:getDefaultRatisDirectory(237)) - Storage directory for Ratis is not configured. It is a good idea to map this to an SSD disk. Falling back to ozone.metadata.dirs
2022-02-17 10:47:59,337 [Listener at 0.0.0.0/42503] WARN  ha.SCMHAUtils (SCMHAUtils.java:getSCMRatisSnapshotDirectory(146)) - SCM snapshot dir is not configured. Falling back to ozone.metadata.dirs config
2022-02-17 10:47:59,338 [Listener at 0.0.0.0/42503] INFO  ha.SequenceIdGenerator (SequenceIdGenerator.java:upgradeToSequenceId(347)) - upgrade localId to 109611004723200000
2022-02-17 10:47:59,338 [Listener at 0.0.0.0/42503] INFO  ha.SequenceIdGenerator (SequenceIdGenerator.java:upgradeToSequenceId(357)) - upgrade delTxnId to 0
2022-02-17 10:47:59,338 [Listener at 0.0.0.0/42503] INFO  ha.SequenceIdGenerator (SequenceIdGenerator.java:upgradeToSequenceId(371)) - upgrade containerId to 0
2022-02-17 10:47:59,339 [Listener at 0.0.0.0/42503] INFO  ha.SequenceIdGenerator (SequenceIdGenerator.java:<init>(218)) - Init the HA SequenceIdGenerator.
2022-02-17 10:47:59,339 [Listener at 0.0.0.0/42503] WARN  server.ServerUtils (ServerUtils.java:sanitizeUserArgs(73)) - ozone.scm.stale.node.interval value = 300000 is larger than max = 100000 based on the key value of ozone.scm.heartbeat.thread.interval, reset to the max value 100000.
2022-02-17 10:47:59,339 [Listener at 0.0.0.0/42503] WARN  server.ServerUtils (ServerUtils.java:sanitizeUserArgs(73)) - ozone.scm.stale.node.interval value = 300000 is larger than max = 100000 based on the key value of ozone.scm.heartbeat.thread.interval, reset to the max value 100000.
2022-02-17 10:47:59,340 [Listener at 0.0.0.0/42503] INFO  node.SCMNodeManager (SCMNodeManager.java:<init>(144)) - Entering startup safe mode.
2022-02-17 10:47:59,341 [Listener at 0.0.0.0/42503] INFO  algorithms.ContainerPlacementPolicyFactory (ContainerPlacementPolicyFactory.java:getPolicy(60)) - Create container placement policy of type org.apache.hadoop.hdds.scm.container.placement.algorithms.SCMContainerPlacementRandom
2022-02-17 10:47:59,341 [Listener at 0.0.0.0/42503] INFO  pipeline.PipelineStateManagerImpl (PipelineStateManagerImpl.java:initialize(78)) - No pipeline exists in current db
2022-02-17 10:47:59,341 [Listener at 0.0.0.0/42503] INFO  algorithms.LeaderChoosePolicyFactory (LeaderChoosePolicyFactory.java:getPolicy(57)) - Create leader choose policy of type org.apache.hadoop.hdds.scm.pipeline.leader.choose.algorithms.MinLeaderCountChoosePolicy
2022-02-17 10:47:59,341 [Listener at 0.0.0.0/42503] INFO  ha.SCMServiceManager (SCMServiceManager.java:register(43)) - Registering service BackgroundPipelineCreator.
2022-02-17 10:47:59,342 [Listener at 0.0.0.0/42503] INFO  pipeline.BackgroundPipelineCreator (BackgroundPipelineCreator.java:start(130)) - Starting RatisPipelineUtilsThread.
2022-02-17 10:47:59,343 [Listener at 0.0.0.0/42503] INFO  algorithms.PipelineChoosePolicyFactory (PipelineChoosePolicyFactory.java:createPipelineChoosePolicyFromClass(73)) - Create pipeline choose policy of type org.apache.hadoop.hdds.scm.pipeline.choose.algorithms.RandomPipelineChoosePolicy
2022-02-17 10:47:59,344 [Listener at 0.0.0.0/42503] INFO  ha.SCMServiceManager (SCMServiceManager.java:register(43)) - Registering service SCMBlockDeletingService.
2022-02-17 10:47:59,344 [Listener at 0.0.0.0/42503] INFO  ha.SCMServiceManager (SCMServiceManager.java:register(43)) - Registering service ReplicationManager.
2022-02-17 10:47:59,345 [Listener at 0.0.0.0/42503] INFO  container.ReplicationManager (ReplicationManager.java:start(326)) - Starting Replication Monitor Thread.
2022-02-17 10:47:59,345 [Listener at 0.0.0.0/42503] INFO  safemode.ContainerSafeModeRule (ContainerSafeModeRule.java:<init>(89)) - containers with one replica threshold count 0
2022-02-17 10:47:59,346 [Listener at 0.0.0.0/42503] INFO  safemode.HealthyPipelineSafeModeRule (HealthyPipelineSafeModeRule.java:initializeRule(156)) - Total pipeline count is 0, healthy pipeline threshold count is 1
2022-02-17 10:47:59,346 [Listener at 0.0.0.0/42503] INFO  safemode.OneReplicaPipelineSafeModeRule (OneReplicaPipelineSafeModeRule.java:initializeRule(180)) - Total pipeline count is 0, pipeline's with at least one datanode reported threshold count is 0
2022-02-17 10:47:59,347 [Listener at 0.0.0.0/42503] INFO  ipc.CallQueueManager (CallQueueManager.java:<init>(90)) - Using callQueue: class java.util.concurrent.LinkedBlockingQueue, queueCapacity: 2000, scheduler: class org.apache.hadoop.ipc.DefaultRpcScheduler, ipcBackoff: false.
2022-02-17 10:47:59,349 [Socket Reader #1 for port 38221] INFO  ipc.Server (Server.java:run(1265)) - Starting Socket Reader #1 for port 38221
2022-02-17 10:47:59,351 [ReplicationMonitor] INFO  container.ReplicationManager (ReplicationManager.java:processAll(374)) - Replication Manager is not ready to run until 3000ms after safemode exit
2022-02-17 10:47:59,352 [Listener at 0.0.0.0/38221] INFO  ipc.CallQueueManager (CallQueueManager.java:<init>(90)) - Using callQueue: class java.util.concurrent.LinkedBlockingQueue, queueCapacity: 2000, scheduler: class org.apache.hadoop.ipc.DefaultRpcScheduler, ipcBackoff: false.
2022-02-17 10:47:59,364 [Socket Reader #1 for port 33255] INFO  ipc.Server (Server.java:run(1265)) - Starting Socket Reader #1 for port 33255
2022-02-17 10:47:59,368 [Listener at 0.0.0.0/33255] INFO  ipc.CallQueueManager (CallQueueManager.java:<init>(90)) - Using callQueue: class java.util.concurrent.LinkedBlockingQueue, queueCapacity: 2000, scheduler: class org.apache.hadoop.ipc.DefaultRpcScheduler, ipcBackoff: false.
2022-02-17 10:47:59,382 [Socket Reader #1 for port 46253] INFO  ipc.Server (Server.java:run(1265)) - Starting Socket Reader #1 for port 46253
2022-02-17 10:47:59,414 [Listener at 0.0.0.0/46253] INFO  algorithms.ContainerPlacementPolicyFactory (ContainerPlacementPolicyFactory.java:getPolicy(60)) - Create container placement policy of type org.apache.hadoop.hdds.scm.container.placement.algorithms.SCMContainerPlacementRandom
2022-02-17 10:47:59,415 [Listener at 0.0.0.0/46253] INFO  server.StorageContainerManager (StorageContainerManager.java:<init>(388)) - 
Container Balancer status:
Key                            Value
Running                        false
Container Balancer Configuration values:
Key                                                Value
Threshold                                          10
Max Datanodes to Involve per Iteration(percent)    20
Max Size to Move per Iteration                     500GB
Max Size Entering Target per Iteration             26GB
Max Size Leaving Source per Iteration              26GB

2022-02-17 10:47:59,415 [Listener at 0.0.0.0/46253] WARN  events.EventQueue (EventQueue.java:fireEvent(194)) - No event handler registered for event TypedEvent{payloadType=SafeModeStatus, name='Safe mode status'}
2022-02-17 10:47:59,415 [Listener at 0.0.0.0/46253] INFO  ha.SCMContext (SCMContext.java:updateSafeModeStatus(211)) - Update SafeModeStatus from SafeModeStatus{safeModeStatus=true, preCheckPassed=false} to SafeModeStatus{safeModeStatus=true, preCheckPassed=false}.
2022-02-17 10:47:59,416 [Listener at 0.0.0.0/46253] INFO  ozone.MiniOzoneHAClusterImpl (MiniOzoneHAClusterImpl.java:createSCMService(604)) - Intialized SCM at /0.0.0.0:46253. This SCM is currently inactive (not running).
2022-02-17 10:47:59,416 [Listener at 0.0.0.0/46253] INFO  ha.OMHANodeDetails (OMHANodeDetails.java:loadOMHAConfig(118)) - ServiceID for OzoneManager is om-service-test1
2022-02-17 10:47:59,417 [Listener at 0.0.0.0/46253] INFO  ha.OMHANodeDetails (OMHANodeDetails.java:loadOMHAConfig(193)) - Found matching OM address with OMServiceId: om-service-test1, OMNodeId: omNode-1, RPC Address: localhost:33953 and Ratis port: 35189
2022-02-17 10:47:59,417 [Listener at 0.0.0.0/46253] INFO  ha.OMHANodeDetails (ConfUtils.java:setNodeSpecificConfigs(108)) - Setting configuration key ozone.om.http-address with value of key ozone.om.http-address.om-service-test1.omNode-1: 127.0.0.1:43511
2022-02-17 10:47:59,417 [Listener at 0.0.0.0/46253] INFO  ha.OMHANodeDetails (ConfUtils.java:setNodeSpecificConfigs(108)) - Setting configuration key ozone.om.https-address with value of key ozone.om.https-address.om-service-test1.omNode-1: 127.0.0.1:33619
2022-02-17 10:47:59,418 [Listener at 0.0.0.0/46253] INFO  ha.OMHANodeDetails (ConfUtils.java:setNodeSpecificConfigs(108)) - Setting configuration key ozone.om.address with value of key ozone.om.address.om-service-test1.omNode-1: 127.0.0.1:33953
2022-02-17 10:47:59,418 [Listener at 0.0.0.0/46253] WARN  server.ServerUtils (ServerUtils.java:getDBPath(225)) - ozone.om.db.dirs is not configured. We recommend adding this setting. Falling back to ozone.metadata.dirs instead.
2022-02-17 10:47:59,419 [Listener at 0.0.0.0/46253] INFO  ha.SCMNodeInfo (SCMNodeInfo.java:getPort(197)) - ConfigKey ozone.scm.client.address is deprecated, For configuring different ports for each SCM use PortConfigKey ozone.scm.client.port appended with serviceId and nodeId
2022-02-17 10:47:59,419 [Listener at 0.0.0.0/46253] INFO  ha.SCMNodeInfo (SCMNodeInfo.java:getPort(197)) - ConfigKey ozone.scm.block.client.address is deprecated, For configuring different ports for each SCM use PortConfigKey ozone.scm.block.client.port appended with serviceId and nodeId
2022-02-17 10:47:59,419 [Listener at 0.0.0.0/46253] INFO  ha.SCMNodeInfo (SCMNodeInfo.java:getPort(197)) - ConfigKey ozone.scm.datanode.address is deprecated, For configuring different ports for each SCM use PortConfigKey ozone.scm.datanode.port appended with serviceId and nodeId
2022-02-17 10:47:59,419 [Listener at 0.0.0.0/46253] INFO  ha.SCMNodeInfo (SCMNodeInfo.java:getPort(197)) - ConfigKey ozone.scm.client.address is deprecated, For configuring different ports for each SCM use PortConfigKey ozone.scm.client.port appended with serviceId and nodeId
2022-02-17 10:47:59,419 [Listener at 0.0.0.0/46253] INFO  ha.SCMNodeInfo (SCMNodeInfo.java:getPort(197)) - ConfigKey ozone.scm.block.client.address is deprecated, For configuring different ports for each SCM use PortConfigKey ozone.scm.block.client.port appended with serviceId and nodeId
2022-02-17 10:47:59,419 [Listener at 0.0.0.0/46253] INFO  ha.SCMNodeInfo (SCMNodeInfo.java:getPort(197)) - ConfigKey ozone.scm.datanode.address is deprecated, For configuring different ports for each SCM use PortConfigKey ozone.scm.datanode.port appended with serviceId and nodeId
2022-02-17 10:47:59,420 [Listener at 0.0.0.0/46253] INFO  ha.SCMNodeInfo (SCMNodeInfo.java:getPort(197)) - ConfigKey ozone.scm.client.address is deprecated, For configuring different ports for each SCM use PortConfigKey ozone.scm.client.port appended with serviceId and nodeId
2022-02-17 10:47:59,420 [Listener at 0.0.0.0/46253] INFO  ha.SCMNodeInfo (SCMNodeInfo.java:getPort(197)) - ConfigKey ozone.scm.block.client.address is deprecated, For configuring different ports for each SCM use PortConfigKey ozone.scm.block.client.port appended with serviceId and nodeId
2022-02-17 10:47:59,420 [Listener at 0.0.0.0/46253] INFO  ha.SCMNodeInfo (SCMNodeInfo.java:getPort(197)) - ConfigKey ozone.scm.datanode.address is deprecated, For configuring different ports for each SCM use PortConfigKey ozone.scm.datanode.port appended with serviceId and nodeId
OM initialization succeeded.Current cluster id for sd=/home/runner/work/ozone/ozone/hadoop-ozone/integration-test/target/test-dir/MiniOzoneClusterImpl-314b2a1d-9ab5-4841-b3ea-c00b8cba638f/omNode-1/om;cid=314b2a1d-9ab5-4841-b3ea-c00b8cba638f;layoutVersion=0
2022-02-17 10:47:59,440 [Listener at 0.0.0.0/46253] INFO  ha.OMHANodeDetails (OMHANodeDetails.java:loadOMHAConfig(118)) - ServiceID for OzoneManager is om-service-test1
2022-02-17 10:47:59,441 [Listener at 0.0.0.0/46253] INFO  ha.OMHANodeDetails (OMHANodeDetails.java:loadOMHAConfig(193)) - Found matching OM address with OMServiceId: om-service-test1, OMNodeId: omNode-1, RPC Address: localhost:33953 and Ratis port: 35189
2022-02-17 10:47:59,441 [Listener at 0.0.0.0/46253] INFO  ha.OMHANodeDetails (ConfUtils.java:setNodeSpecificConfigs(108)) - Setting configuration key ozone.om.http-address with value of key ozone.om.http-address.om-service-test1.omNode-1: 127.0.0.1:43511
2022-02-17 10:47:59,441 [Listener at 0.0.0.0/46253] INFO  ha.OMHANodeDetails (ConfUtils.java:setNodeSpecificConfigs(108)) - Setting configuration key ozone.om.https-address with value of key ozone.om.https-address.om-service-test1.omNode-1: 127.0.0.1:33619
2022-02-17 10:47:59,441 [Listener at 0.0.0.0/46253] INFO  ha.OMHANodeDetails (ConfUtils.java:setNodeSpecificConfigs(108)) - Setting configuration key ozone.om.address with value of key ozone.om.address.om-service-test1.omNode-1: 127.0.0.1:33953
2022-02-17 10:47:59,441 [Listener at 0.0.0.0/46253] WARN  server.ServerUtils (ServerUtils.java:getDBPath(225)) - ozone.om.db.dirs is not configured. We recommend adding this setting. Falling back to ozone.metadata.dirs instead.
2022-02-17 10:47:59,442 [Listener at 0.0.0.0/46253] INFO  upgrade.AbstractLayoutVersionManager (AbstractLayoutVersionManager.java:init(79)) - Initializing Layout version manager with metadata layout = INITIAL_VERSION (version = 0), software layout = INITIAL_VERSION (version = 0)
2022-02-17 10:47:59,565 [Listener at 0.0.0.0/46253] INFO  reflections.Reflections (Reflections.java:scan(232)) - Reflections took 120 ms to scan 2 urls, producing 133 keys and 348 values [using 2 cores]
2022-02-17 10:47:59,566 [Listener at 0.0.0.0/46253] INFO  upgrade.OMLayoutVersionManager (OMLayoutVersionManager.java:lambda$0(115)) - Skipping Upgrade Action MockOmUpgradeAction since it has been finalized.
2022-02-17 10:47:59,566 [Listener at 0.0.0.0/46253] WARN  server.ServerUtils (ServerUtils.java:getDBPath(225)) - ozone.om.db.dirs is not configured. We recommend adding this setting. Falling back to ozone.metadata.dirs instead.
2022-02-17 10:47:59,566 [Listener at 0.0.0.0/46253] INFO  ha.SCMNodeInfo (SCMNodeInfo.java:getPort(197)) - ConfigKey ozone.scm.client.address is deprecated, For configuring different ports for each SCM use PortConfigKey ozone.scm.client.port appended with serviceId and nodeId
2022-02-17 10:47:59,567 [Listener at 0.0.0.0/46253] INFO  ha.SCMNodeInfo (SCMNodeInfo.java:getPort(197)) - ConfigKey ozone.scm.block.client.address is deprecated, For configuring different ports for each SCM use PortConfigKey ozone.scm.block.client.port appended with serviceId and nodeId
2022-02-17 10:47:59,567 [Listener at 0.0.0.0/46253] INFO  ha.SCMNodeInfo (SCMNodeInfo.java:getPort(197)) - ConfigKey ozone.scm.datanode.address is deprecated, For configuring different ports for each SCM use PortConfigKey ozone.scm.datanode.port appended with serviceId and nodeId
2022-02-17 10:47:59,567 [Listener at 0.0.0.0/46253] INFO  ha.SCMNodeInfo (SCMNodeInfo.java:getPort(197)) - ConfigKey ozone.scm.client.address is deprecated, For configuring different ports for each SCM use PortConfigKey ozone.scm.client.port appended with serviceId and nodeId
2022-02-17 10:47:59,567 [Listener at 0.0.0.0/46253] INFO  ha.SCMNodeInfo (SCMNodeInfo.java:getPort(197)) - ConfigKey ozone.scm.block.client.address is deprecated, For configuring different ports for each SCM use PortConfigKey ozone.scm.block.client.port appended with serviceId and nodeId
2022-02-17 10:47:59,567 [Listener at 0.0.0.0/46253] INFO  ha.SCMNodeInfo (SCMNodeInfo.java:getPort(197)) - ConfigKey ozone.scm.datanode.address is deprecated, For configuring different ports for each SCM use PortConfigKey ozone.scm.datanode.port appended with serviceId and nodeId
2022-02-17 10:47:59,567 [Listener at 0.0.0.0/46253] INFO  ha.SCMNodeInfo (SCMNodeInfo.java:getPort(197)) - ConfigKey ozone.scm.client.address is deprecated, For configuring different ports for each SCM use PortConfigKey ozone.scm.client.port appended with serviceId and nodeId
2022-02-17 10:47:59,567 [Listener at 0.0.0.0/46253] INFO  ha.SCMNodeInfo (SCMNodeInfo.java:getPort(197)) - ConfigKey ozone.scm.block.client.address is deprecated, For configuring different ports for each SCM use PortConfigKey ozone.scm.block.client.port appended with serviceId and nodeId
2022-02-17 10:47:59,567 [Listener at 0.0.0.0/46253] INFO  ha.SCMNodeInfo (SCMNodeInfo.java:getPort(197)) - ConfigKey ozone.scm.datanode.address is deprecated, For configuring different ports for each SCM use PortConfigKey ozone.scm.datanode.port appended with serviceId and nodeId
2022-02-17 10:47:59,568 [Listener at 0.0.0.0/46253] INFO  ha.SCMNodeInfo (SCMNodeInfo.java:getPort(197)) - ConfigKey ozone.scm.client.address is deprecated, For configuring different ports for each SCM use PortConfigKey ozone.scm.client.port appended with serviceId and nodeId
2022-02-17 10:47:59,568 [Listener at 0.0.0.0/46253] INFO  ha.SCMNodeInfo (SCMNodeInfo.java:getPort(197)) - ConfigKey ozone.scm.block.client.address is deprecated, For configuring different ports for each SCM use PortConfigKey ozone.scm.block.client.port appended with serviceId and nodeId
2022-02-17 10:47:59,568 [Listener at 0.0.0.0/46253] INFO  ha.SCMNodeInfo (SCMNodeInfo.java:getPort(197)) - ConfigKey ozone.scm.datanode.address is deprecated, For configuring different ports for each SCM use PortConfigKey ozone.scm.datanode.port appended with serviceId and nodeId
2022-02-17 10:47:59,568 [Listener at 0.0.0.0/46253] INFO  ha.SCMNodeInfo (SCMNodeInfo.java:getPort(197)) - ConfigKey ozone.scm.client.address is deprecated, For configuring different ports for each SCM use PortConfigKey ozone.scm.client.port appended with serviceId and nodeId
2022-02-17 10:47:59,568 [Listener at 0.0.0.0/46253] INFO  ha.SCMNodeInfo (SCMNodeInfo.java:getPort(197)) - ConfigKey ozone.scm.block.client.address is deprecated, For configuring different ports for each SCM use PortConfigKey ozone.scm.block.client.port appended with serviceId and nodeId
2022-02-17 10:47:59,569 [Listener at 0.0.0.0/46253] INFO  ha.SCMNodeInfo (SCMNodeInfo.java:getPort(197)) - ConfigKey ozone.scm.datanode.address is deprecated, For configuring different ports for each SCM use PortConfigKey ozone.scm.datanode.port appended with serviceId and nodeId
2022-02-17 10:47:59,569 [Listener at 0.0.0.0/46253] INFO  ha.SCMNodeInfo (SCMNodeInfo.java:getPort(197)) - ConfigKey ozone.scm.client.address is deprecated, For configuring different ports for each SCM use PortConfigKey ozone.scm.client.port appended with serviceId and nodeId
2022-02-17 10:47:59,569 [Listener at 0.0.0.0/46253] INFO  ha.SCMNodeInfo (SCMNodeInfo.java:getPort(197)) - ConfigKey ozone.scm.block.client.address is deprecated, For configuring different ports for each SCM use PortConfigKey ozone.scm.block.client.port appended with serviceId and nodeId
2022-02-17 10:47:59,569 [Listener at 0.0.0.0/46253] INFO  ha.SCMNodeInfo (SCMNodeInfo.java:getPort(197)) - ConfigKey ozone.scm.datanode.address is deprecated, For configuring different ports for each SCM use PortConfigKey ozone.scm.datanode.port appended with serviceId and nodeId
2022-02-17 10:47:59,571 [Listener at 0.0.0.0/46253] INFO  ha.SCMNodeInfo (SCMNodeInfo.java:getPort(197)) - ConfigKey ozone.scm.client.address is deprecated, For configuring different ports for each SCM use PortConfigKey ozone.scm.client.port appended with serviceId and nodeId
2022-02-17 10:47:59,572 [Listener at 0.0.0.0/46253] INFO  ha.SCMNodeInfo (SCMNodeInfo.java:getPort(197)) - ConfigKey ozone.scm.block.client.address is deprecated, For configuring different ports for each SCM use PortConfigKey ozone.scm.block.client.port appended with serviceId and nodeId
2022-02-17 10:47:59,577 [Listener at 0.0.0.0/46253] INFO  ha.SCMNodeInfo (SCMNodeInfo.java:getPort(197)) - ConfigKey ozone.scm.datanode.address is deprecated, For configuring different ports for each SCM use PortConfigKey ozone.scm.datanode.port appended with serviceId and nodeId
2022-02-17 10:47:59,577 [Listener at 0.0.0.0/46253] INFO  ha.SCMNodeInfo (SCMNodeInfo.java:getPort(197)) - ConfigKey ozone.scm.client.address is deprecated, For configuring different ports for each SCM use PortConfigKey ozone.scm.client.port appended with serviceId and nodeId
2022-02-17 10:47:59,578 [Listener at 0.0.0.0/46253] INFO  ha.SCMNodeInfo (SCMNodeInfo.java:getPort(197)) - ConfigKey ozone.scm.block.client.address is deprecated, For configuring different ports for each SCM use PortConfigKey ozone.scm.block.client.port appended with serviceId and nodeId
2022-02-17 10:47:59,578 [Listener at 0.0.0.0/46253] INFO  ha.SCMNodeInfo (SCMNodeInfo.java:getPort(197)) - ConfigKey ozone.scm.datanode.address is deprecated, For configuring different ports for each SCM use PortConfigKey ozone.scm.datanode.port appended with serviceId and nodeId
2022-02-17 10:47:59,578 [Listener at 0.0.0.0/46253] INFO  ha.SCMNodeInfo (SCMNodeInfo.java:getPort(197)) - ConfigKey ozone.scm.client.address is deprecated, For configuring different ports for each SCM use PortConfigKey ozone.scm.client.port appended with serviceId and nodeId
2022-02-17 10:47:59,578 [Listener at 0.0.0.0/46253] INFO  ha.SCMNodeInfo (SCMNodeInfo.java:getPort(197)) - ConfigKey ozone.scm.block.client.address is deprecated, For configuring different ports for each SCM use PortConfigKey ozone.scm.block.client.port appended with serviceId and nodeId
2022-02-17 10:47:59,578 [Listener at 0.0.0.0/46253] INFO  ha.SCMNodeInfo (SCMNodeInfo.java:getPort(197)) - ConfigKey ozone.scm.datanode.address is deprecated, For configuring different ports for each SCM use PortConfigKey ozone.scm.datanode.port appended with serviceId and nodeId
2022-02-17 10:47:59,602 [Listener at 0.0.0.0/46253] WARN  server.ServerUtils (ServerUtils.java:getDBPath(225)) - ozone.om.db.dirs is not configured. We recommend adding this setting. Falling back to ozone.metadata.dirs instead.
2022-02-17 10:47:59,603 [Listener at 0.0.0.0/46253] INFO  codec.OmKeyInfoCodec (OmKeyInfoCodec.java:<init>(50)) - OmKeyInfoCodec ignorePipeline = true
2022-02-17 10:47:59,603 [Listener at 0.0.0.0/46253] INFO  codec.RepeatedOmKeyInfoCodec (RepeatedOmKeyInfoCodec.java:<init>(42)) - RepeatedOmKeyInfoCodec ignorePipeline = true
2022-02-17 10:47:59,892 [Listener at 0.0.0.0/46253] INFO  om.OzoneManager (OzoneManager.java:addS3GVolumeToDB(3732)) - Created Volume s3v With Owner runner required for S3Gateway operations.
2022-02-17 10:47:59,898 [Listener at 0.0.0.0/46253] WARN  server.ServerUtils (ServerUtils.java:getDefaultRatisDirectory(237)) - Storage directory for Ratis is not configured. It is a good idea to map this to an SSD disk. Falling back to ozone.metadata.dirs
2022-02-17 10:47:59,899 [Listener at 0.0.0.0/46253] WARN  utils.OzoneManagerRatisUtils (OzoneManagerRatisUtils.java:getOMRatisSnapshotDirectory(330)) - ozone.om.ratis.snapshot.dir is not configured. Falling back to ozone.metadata.dirs config
2022-02-17 10:47:59,900 [Listener at 0.0.0.0/46253] WARN  impl.MetricRegistriesImpl (MetricRegistriesImpl.java:addReporterRegistration(111)) - New reporters are added after registries were created. Some metrics will be missing from the reporter. Please add reporter before adding any new registry.
2022-02-17 10:47:59,901 [Listener at 0.0.0.0/46253] WARN  impl.MetricRegistriesImpl (MetricRegistriesImpl.java:addReporterRegistration(111)) - New reporters are added after registries were created. Some metrics will be missing from the reporter. Please add reporter before adding any new registry.
2022-02-17 10:47:59,901 [Listener at 0.0.0.0/46253] WARN  server.ServerUtils (ServerUtils.java:getDefaultRatisDirectory(237)) - Storage directory for Ratis is not configured. It is a good idea to map this to an SSD disk. Falling back to ozone.metadata.dirs
2022-02-17 10:47:59,903 [Listener at 0.0.0.0/46253] INFO  ratis.OzoneManagerRatisServer (OzoneManagerRatisServer.java:<init>(159)) - Instantiating OM Ratis server with groupID: om-service-test1 and peers: localhost:35189
2022-02-17 10:47:59,906 [Listener at 0.0.0.0/46253] INFO  ratis.OzoneManagerStateMachine (OzoneManagerStateMachine.java:loadSnapshotInfoFromDB(605)) - LastAppliedIndex is set from TransactionInfo from OM DB as (t:0, i:~)
2022-02-17 10:47:59,922 [Listener at 0.0.0.0/46253] INFO  server.RaftServer (ConfUtils.java:logGet(44)) - raft.rpc.type = GRPC (default)
2022-02-17 10:47:59,922 [Listener at 0.0.0.0/46253] INFO  grpc.GrpcFactory (GrpcFactory.java:checkPooledByteBufAllocatorUseCacheForAllThreads(48)) - PERFORMANCE WARNING: useCacheForAllThreads is true that may cause Netty to create a lot garbage objects and, as a result, trigger GC.
	It is recommended to disable useCacheForAllThreads by setting -Dorg.apache.ratis.thirdparty.io.netty.allocator.useCacheForAllThreads=false in command line.
2022-02-17 10:47:59,922 [Listener at 0.0.0.0/46253] INFO  grpc.GrpcConfigKeys (ConfUtils.java:logGet(44)) - raft.grpc.admin.port = -1 (default)
2022-02-17 10:47:59,922 [Listener at 0.0.0.0/46253] INFO  grpc.GrpcConfigKeys (ConfUtils.java:logGet(44)) - raft.grpc.server.port = 35189 (custom)
2022-02-17 10:47:59,922 [Listener at 0.0.0.0/46253] INFO  grpc.GrpcConfigKeys (ConfUtils.java:logGet(44)) - raft.grpc.client.port = -1 (default)
2022-02-17 10:47:59,922 [Listener at 0.0.0.0/46253] INFO  grpc.GrpcConfigKeys (ConfUtils.java:logGet(44)) - raft.grpc.server.port = 35189 (custom)
2022-02-17 10:47:59,922 [Listener at 0.0.0.0/46253] INFO  grpc.GrpcConfigKeys (ConfUtils.java:logGet(44)) - raft.grpc.server.port = 35189 (custom)
2022-02-17 10:47:59,923 [Listener at 0.0.0.0/46253] INFO  server.GrpcService (ConfUtils.java:logGet(44)) - raft.grpc.message.size.max = 33554432 (custom)
2022-02-17 10:47:59,923 [Listener at 0.0.0.0/46253] INFO  server.RaftServerConfigKeys (ConfUtils.java:logGet(44)) - raft.server.log.appender.buffer.byte-limit = 33554432 (custom)
2022-02-17 10:47:59,923 [Listener at 0.0.0.0/46253] INFO  server.GrpcService (ConfUtils.java:logGet(44)) - raft.grpc.flow.control.window = 1MB (=1048576) (default)
2022-02-17 10:47:59,923 [Listener at 0.0.0.0/46253] INFO  server.RaftServerConfigKeys (ConfUtils.java:logGet(44)) - raft.server.rpc.request.timeout = 3000ms (default)
2022-02-17 10:47:59,924 [Listener at 0.0.0.0/46253] INFO  impl.DataStreamServerImpl (ConfUtils.java:logGet(44)) - raft.datastream.type = DISABLED (default)
2022-02-17 10:47:59,924 [Listener at 0.0.0.0/46253] INFO  server.RaftServerConfigKeys (ConfUtils.java:logGet(44)) - raft.server.rpc.slowness.timeout = 2s (custom)
2022-02-17 10:47:59,925 [Listener at 0.0.0.0/46253] INFO  server.RaftServerConfigKeys (ConfUtils.java:logGet(44)) - raft.server.leaderelection.leader.step-down.wait-time = 10s (default)
2022-02-17 10:47:59,925 [Listener at 0.0.0.0/46253] INFO  server.RaftServerConfigKeys (ConfUtils.java:logGet(44)) - raft.server.storage.dir = [/home/runner/work/ozone/ozone/hadoop-ozone/integration-test/target/test-dir/MiniOzoneClusterImpl-314b2a1d-9ab5-4841-b3ea-c00b8cba638f/omNode-1/ratis] (custom)
2022-02-17 10:47:59,934 [Listener at 0.0.0.0/46253] INFO  server.RaftServer (RaftServerProxy.java:addNew(95)) - omNode-1: addNew group-523986131536:[omNode-1|rpc:localhost:35189|priority:0] returns group-523986131536:java.util.concurrent.CompletableFuture@77dfc923[Not completed]
2022-02-17 10:47:59,934 [Listener at 0.0.0.0/46253] INFO  om.OzoneManager (OzoneManager.java:initializeRatisServer(1834)) - OzoneManager Ratis server initialized at port 35189
2022-02-17 10:47:59,935 [Listener at 0.0.0.0/46253] INFO  ipc.CallQueueManager (CallQueueManager.java:<init>(90)) - Using callQueue: class java.util.concurrent.LinkedBlockingQueue, queueCapacity: 2000, scheduler: class org.apache.hadoop.ipc.DefaultRpcScheduler, ipcBackoff: false.
2022-02-17 10:47:59,936 [pool-287-thread-1] INFO  server.RaftServer$Division (RaftServerImpl.java:<init>(184)) - omNode-1: new RaftServerImpl for group-523986131536:[omNode-1|rpc:localhost:35189|priority:0] with OzoneManagerStateMachine:uninitialized
2022-02-17 10:47:59,944 [Socket Reader #1 for port 33953] INFO  ipc.Server (Server.java:run(1265)) - Starting Socket Reader #1 for port 33953
2022-02-17 10:47:59,960 [pool-287-thread-1] INFO  server.RaftServerConfigKeys (ConfUtils.java:logGet(44)) - raft.server.rpc.timeout.min = 1s (custom)
2022-02-17 10:47:59,960 [pool-287-thread-1] INFO  server.RaftServerConfigKeys (ConfUtils.java:logGet(44)) - raft.server.rpc.timeout.max = 1200ms (custom)
2022-02-17 10:47:59,960 [pool-287-thread-1] INFO  server.RaftServerConfigKeys (ConfUtils.java:logGet(44)) - raft.server.rpc.sleep.time = 25ms (default)
2022-02-17 10:47:59,960 [pool-287-thread-1] INFO  server.RaftServerConfigKeys (ConfUtils.java:logGet(44)) - raft.server.rpc.slowness.timeout = 2s (custom)
2022-02-17 10:47:59,960 [pool-287-thread-1] INFO  server.RaftServerConfigKeys (ConfUtils.java:logGet(44)) - raft.server.leaderelection.leader.step-down.wait-time = 10s (default)
2022-02-17 10:47:59,960 [pool-287-thread-1] INFO  server.RaftServerConfigKeys (ConfUtils.java:logGet(44)) - raft.server.sleep.deviation.threshold = 300ms (default)
2022-02-17 10:47:59,960 [pool-287-thread-1] INFO  server.RaftServerConfigKeys (ConfUtils.java:logGet(44)) - raft.server.log.appender.install.snapshot.enabled = false (custom)
2022-02-17 10:47:59,960 [pool-287-thread-1] INFO  server.RaftServer$Division (ServerState.java:<init>(105)) - omNode-1@group-523986131536: ConfigurationManager, init=-1: [omNode-1|rpc:localhost:35189|priority:0], old=null, confs=<EMPTY_MAP>
2022-02-17 10:47:59,961 [pool-287-thread-1] INFO  server.RaftServerConfigKeys (ConfUtils.java:logGet(44)) - raft.server.storage.dir = [/home/runner/work/ozone/ozone/hadoop-ozone/integration-test/target/test-dir/MiniOzoneClusterImpl-314b2a1d-9ab5-4841-b3ea-c00b8cba638f/omNode-1/ratis] (custom)
2022-02-17 10:47:59,961 [pool-287-thread-1] INFO  server.RaftServerConfigKeys (ConfUtils.java:logGet(44)) - raft.server.log.corruption.policy = EXCEPTION (default)
2022-02-17 10:47:59,961 [pool-287-thread-1] INFO  server.RaftServerConfigKeys (ConfUtils.java:logGet(44)) - raft.server.storage.free-space.min = 0MB (=0) (default)
2022-02-17 10:47:59,961 [pool-287-thread-1] INFO  storage.RaftStorageDirectory (RaftStorageDirectoryImpl.java:analyzeStorage(135)) - The storage directory /home/runner/work/ozone/ozone/hadoop-ozone/integration-test/target/test-dir/MiniOzoneClusterImpl-314b2a1d-9ab5-4841-b3ea-c00b8cba638f/omNode-1/ratis/c9bc4cf4-3bc3-3c60-a66b-523986131536 does not exist. Creating ...
2022-02-17 10:47:59,963 [pool-287-thread-1] INFO  storage.RaftStorageDirectory (RaftStorageDirectoryImpl.java:tryLock(230)) - Lock on /home/runner/work/ozone/ozone/hadoop-ozone/integration-test/target/test-dir/MiniOzoneClusterImpl-314b2a1d-9ab5-4841-b3ea-c00b8cba638f/omNode-1/ratis/c9bc4cf4-3bc3-3c60-a66b-523986131536/in_use.lock acquired by nodename 15481@fv-az12-716
2022-02-17 10:47:59,972 [pool-287-thread-1] INFO  storage.RaftStorage (RaftStorageImpl.java:format(89)) - Storage directory /home/runner/work/ozone/ozone/hadoop-ozone/integration-test/target/test-dir/MiniOzoneClusterImpl-314b2a1d-9ab5-4841-b3ea-c00b8cba638f/omNode-1/ratis/c9bc4cf4-3bc3-3c60-a66b-523986131536 has been successfully formatted.
2022-02-17 10:47:59,972 [pool-287-thread-1] INFO  server.RaftServerConfigKeys (ConfUtils.java:logGet(44)) - raft.server.notification.no-leader.timeout = 2s (custom)
2022-02-17 10:47:59,972 [pool-287-thread-1] INFO  server.RaftServerConfigKeys (ConfUtils.java:logGet(44)) - raft.server.log.use.memory = false (default)
2022-02-17 10:47:59,972 [pool-287-thread-1] INFO  server.RaftServerConfigKeys (ConfUtils.java:logGet(44)) - raft.server.log.purge.gap = 1000000 (custom)
2022-02-17 10:47:59,973 [pool-287-thread-1] INFO  server.RaftServerConfigKeys (ConfUtils.java:logGet(44)) - raft.server.log.appender.buffer.byte-limit = 33554432 (custom)
2022-02-17 10:47:59,973 [pool-287-thread-1] INFO  server.RaftServerConfigKeys (ConfUtils.java:logGet(44)) - raft.server.log.segment.size.max = 4194304 (custom)
2022-02-17 10:47:59,973 [pool-287-thread-1] INFO  server.RaftServerConfigKeys (ConfUtils.java:logGet(44)) - raft.server.log.segment.cache.num.max = 2 (custom)
2022-02-17 10:47:59,973 [pool-287-thread-1] INFO  server.RaftServerConfigKeys (ConfUtils.java:logGet(44)) - raft.server.log.segment.cache.size.max = 200MB (=209715200) (default)
2022-02-17 10:47:59,973 [pool-287-thread-1] INFO  segmented.SegmentedRaftLogWorker (SegmentedRaftLogWorker.java:<init>(182)) - new omNode-1@group-523986131536-SegmentedRaftLogWorker for RaftStorageImpl:Storage Directory /home/runner/work/ozone/ozone/hadoop-ozone/integration-test/target/test-dir/MiniOzoneClusterImpl-314b2a1d-9ab5-4841-b3ea-c00b8cba638f/omNode-1/ratis/c9bc4cf4-3bc3-3c60-a66b-523986131536
2022-02-17 10:47:59,973 [pool-287-thread-1] INFO  server.RaftServerConfigKeys (ConfUtils.java:logGet(44)) - raft.server.log.queue.byte-limit = 64MB (=67108864) (default)
2022-02-17 10:47:59,973 [pool-287-thread-1] INFO  server.RaftServerConfigKeys (ConfUtils.java:logGet(44)) - raft.server.log.queue.element-limit = 4096 (default)
2022-02-17 10:47:59,973 [pool-287-thread-1] INFO  server.RaftServerConfigKeys (ConfUtils.java:logGet(44)) - raft.server.log.segment.size.max = 4194304 (custom)
2022-02-17 10:47:59,973 [pool-287-thread-1] INFO  server.RaftServerConfigKeys (ConfUtils.java:logGet(44)) - raft.server.log.preallocated.size = 4194304 (custom)
2022-02-17 10:47:59,973 [pool-287-thread-1] INFO  server.RaftServerConfigKeys (ConfUtils.java:logGet(44)) - raft.server.log.force.sync.num = 128 (default)
2022-02-17 10:47:59,973 [pool-287-thread-1] INFO  server.RaftServerConfigKeys (ConfUtils.java:logGet(44)) - raft.server.log.statemachine.data.sync = true (default)
2022-02-17 10:47:59,974 [pool-287-thread-1] INFO  server.RaftServerConfigKeys (ConfUtils.java:logGet(44)) - raft.server.log.statemachine.data.sync.timeout = 10s (default)
2022-02-17 10:47:59,974 [pool-287-thread-1] INFO  server.RaftServerConfigKeys (ConfUtils.java:logGet(44)) - raft.server.log.statemachine.data.sync.timeout.retry = -1 (default)
2022-02-17 10:47:59,974 [pool-287-thread-1] INFO  server.RaftServerConfigKeys (ConfUtils.java:logGet(44)) - raft.server.log.write.buffer.size = 64KB (=65536) (default)
2022-02-17 10:47:59,974 [pool-287-thread-1] INFO  server.RaftServerConfigKeys (ConfUtils.java:logGet(44)) - raft.server.log.statemachine.data.caching.enabled = false (default)
2022-02-17 10:47:59,975 [pool-287-thread-1] INFO  segmented.SegmentedRaftLogWorker (SegmentedRaftLogWorker.java:lambda$new$0(133)) - omNode-1@group-523986131536-SegmentedRaftLogWorker: flushIndex: setUnconditionally 0 -> -1
2022-02-17 10:47:59,975 [pool-287-thread-1] INFO  segmented.SegmentedRaftLogWorker (SegmentedRaftLogWorker.java:lambda$new$0(133)) - omNode-1@group-523986131536-SegmentedRaftLogWorker: safeCacheEvictIndex: setUnconditionally 0 -> -1
2022-02-17 10:47:59,986 [pool-287-thread-1] INFO  server.RaftServerConfigKeys (ConfUtils.java:logGet(44)) - raft.server.snapshot.auto.trigger.enabled = true (custom)
2022-02-17 10:47:59,987 [pool-287-thread-1] INFO  server.RaftServerConfigKeys (ConfUtils.java:logGet(44)) - raft.server.snapshot.auto.trigger.threshold = 400000 (default)
2022-02-17 10:47:59,987 [pool-287-thread-1] INFO  server.RaftServerConfigKeys (ConfUtils.java:logGet(44)) - raft.server.snapshot.retention.file.num = -1 (default)
2022-02-17 10:47:59,987 [pool-287-thread-1] INFO  server.RaftServerConfigKeys (ConfUtils.java:logGet(44)) - raft.server.log.purge.upto.snapshot.index = true (custom)
2022-02-17 10:47:59,987 [pool-287-thread-1] INFO  server.RaftServerConfigKeys (ConfUtils.java:logGet(44)) - raft.server.retrycache.expirytime = 300s (custom)
2022-02-17 10:47:59,987 [pool-287-thread-1] INFO  server.RaftServerConfigKeys (ConfUtils.java:logGet(44)) - raft.server.retrycache.statistics.expirytime = 100μs (default)
2022-02-17 10:47:59,996 [Listener at 127.0.0.1/33953] INFO  impl.MetricsSystemImpl (MetricsSystemImpl.java:init(158)) - OzoneManager metrics system started (again)
2022-02-17 10:48:00,012 [EndpointStateMachine task thread for /127.0.0.1:41937 - 0 ] INFO  ipc.Client (Client.java:handleConnectionFailure(977)) - Retrying connect to server: localhost/127.0.0.1:41937. Already tried 9 time(s); retry policy is RetryUpToMaximumCountWithFixedSleep(maxRetries=15, sleepTime=1000 MILLISECONDS)
2022-02-17 10:48:00,019 [EndpointStateMachine task thread for /127.0.0.1:41349 - 0 ] INFO  ipc.Client (Client.java:handleConnectionFailure(977)) - Retrying connect to server: localhost/127.0.0.1:41349. Already tried 9 time(s); retry policy is RetryUpToMaximumCountWithFixedSleep(maxRetries=15, sleepTime=1000 MILLISECONDS)
2022-02-17 10:48:00,024 [EndpointStateMachine task thread for /127.0.0.1:46679 - 0 ] INFO  ipc.Client (Client.java:handleConnectionFailure(977)) - Retrying connect to server: localhost/127.0.0.1:46679. Already tried 9 time(s); retry policy is RetryUpToMaximumCountWithFixedSleep(maxRetries=15, sleepTime=1000 MILLISECONDS)
2022-02-17 10:48:00,027 [Listener at 127.0.0.1/33953] INFO  om.OzoneManager (OzoneManager.java:start(1365)) - OzoneManager RPC server is listening at localhost/127.0.0.1:33953
2022-02-17 10:48:00,027 [Listener at 127.0.0.1/33953] INFO  ratis.OzoneManagerRatisServer (OzoneManagerRatisServer.java:start(554)) - Starting OzoneManagerRatisServer omNode-1 at port 35189
2022-02-17 10:48:00,028 [Listener at 127.0.0.1/33953] INFO  server.RaftServer$Division (RaftServerImpl.java:start(301)) - omNode-1@group-523986131536: start as a follower, conf=-1: [omNode-1|rpc:localhost:35189|priority:0], old=null
2022-02-17 10:48:00,028 [Listener at 127.0.0.1/33953] INFO  server.RaftServer$Division (RaftServerImpl.java:setRole(290)) - omNode-1@group-523986131536: changes role from      null to FOLLOWER at term 0 for startAsFollower
2022-02-17 10:48:00,029 [Listener at 127.0.0.1/33953] INFO  impl.RoleInfo (RoleInfo.java:updateAndGet(130)) - omNode-1: start omNode-1@group-523986131536-FollowerState
2022-02-17 10:48:00,029 [Listener at 127.0.0.1/33953] INFO  util.JmxRegister (JmxRegister.java:tryRegister(44)) - Successfully registered JMX Bean with object name Ratis:service=RaftServer,group=group-523986131536,id=omNode-1
2022-02-17 10:48:00,030 [Listener at 127.0.0.1/33953] INFO  server.RaftServer (RaftServerProxy.java:lambda$start$5(374)) - omNode-1: start RPC server
2022-02-17 10:48:00,031 [Listener at 127.0.0.1/33953] INFO  server.GrpcService (GrpcService.java:startImpl(253)) - omNode-1: GrpcService started, listening on 35189
2022-02-17 10:48:00,031 [Listener at 127.0.0.1/33953] INFO  om.OzoneManager (OzoneManager.java:start(1381)) - Version File has different layout version (0) than OM DB (null). That is expected if this OM has never been finalized to a newer layout version.
2022-02-17 10:48:00,031 [org.apache.ratis.util.JvmPauseMonitor$$Lambda$503/2086945474@1af0dc3c] INFO  util.JvmPauseMonitor (JvmPauseMonitor.java:run(103)) - JvmPauseMonitor-omNode-1: Started
2022-02-17 10:48:00,040 [Listener at 127.0.0.1/33953] INFO  http.BaseHttpServer (BaseHttpServer.java:newHttpServer2BuilderForOzone(209)) - Starting Web-server for ozoneManager at: http://0.0.0.0:43511
2022-02-17 10:48:00,041 [Listener at 127.0.0.1/33953] INFO  http.BaseHttpServer (BaseHttpServer.java:<init>(107)) - Hadoop Security Enabled: false Ozone Security Enabled: false Ozone HTTP Security Enabled: false 
2022-02-17 10:48:00,042 [Listener at 127.0.0.1/33953] INFO  server.AuthenticationFilter (AuthenticationFilter.java:constructSecretProvider(240)) - Unable to initialize FileSignerSecretProvider, falling back to use random secrets.
2022-02-17 10:48:00,054 [Listener at 127.0.0.1/33953] WARN  http.HttpRequestLog (HttpRequestLog.java:getRequestLog(103)) - Jetty request log can only be enabled using Log4j
2022-02-17 10:48:00,055 [Listener at 127.0.0.1/33953] INFO  http.HttpServer2 (HttpServer2.java:addGlobalFilter(1030)) - Added global filter 'safety' (class=org.apache.hadoop.hdds.server.http.HttpServer2$QuotingInputFilter)
2022-02-17 10:48:00,055 [Listener at 127.0.0.1/33953] INFO  http.HttpServer2 (HttpServer2.java:addFilter(1006)) - Added filter static_user_filter (class=org.apache.hadoop.http.lib.StaticUserWebFilter$StaticUserFilter) to context ozoneManager
2022-02-17 10:48:00,056 [Listener at 127.0.0.1/33953] INFO  http.HttpServer2 (HttpServer2.java:addFilter(1014)) - Added filter static_user_filter (class=org.apache.hadoop.http.lib.StaticUserWebFilter$StaticUserFilter) to context static
2022-02-17 10:48:00,056 [Listener at 127.0.0.1/33953] INFO  http.HttpServer2 (HttpServer2.java:addFilter(1014)) - Added filter static_user_filter (class=org.apache.hadoop.http.lib.StaticUserWebFilter$StaticUserFilter) to context logs
2022-02-17 10:48:00,057 [Listener at 127.0.0.1/33953] INFO  http.HttpServer2 (HttpServer2.java:bindListener(1249)) - Jetty bound to port 43511
2022-02-17 10:48:00,057 [Listener at 127.0.0.1/33953] INFO  server.Server (Server.java:doStart(375)) - jetty-9.4.43.v20210629; built: 2021-06-30T11:07:22.254Z; git: 526006ecfa3af7f1a27ef3a288e2bef7ea9dd7e8; jvm 1.8.0_322-b06
2022-02-17 10:48:00,144 [Listener at 127.0.0.1/33953] INFO  server.session (DefaultSessionIdManager.java:doStart(334)) - DefaultSessionIdManager workerName=node0
2022-02-17 10:48:00,144 [Listener at 127.0.0.1/33953] INFO  server.session (DefaultSessionIdManager.java:doStart(339)) - No SessionScavenger set, using defaults
2022-02-17 10:48:00,144 [Listener at 127.0.0.1/33953] INFO  server.session (HouseKeeper.java:startScavenging(132)) - node0 Scavenging every 660000ms
2022-02-17 10:48:00,150 [Listener at 127.0.0.1/33953] INFO  handler.ContextHandler (ContextHandler.java:doStart(915)) - Started o.e.j.s.ServletContextHandler@3b9d2ed7{logs,/logs,file:///home/runner/work/ozone/ozone/hadoop-ozone/integration-test/target/log,AVAILABLE}
2022-02-17 10:48:00,150 [Listener at 127.0.0.1/33953] INFO  handler.ContextHandler (ContextHandler.java:doStart(915)) - Started o.e.j.s.ServletContextHandler@44cb6b2a{static,/static,file:///home/runner/work/ozone/ozone/hadoop-ozone/integration-test/target/test-classes/webapps/static,AVAILABLE}
2022-02-17 10:48:00,154 [Listener at 127.0.0.1/33953] INFO  handler.ContextHandler (ContextHandler.java:doStart(915)) - Started o.e.j.w.WebAppContext@4bb1d848{ozoneManager,/,file:///home/runner/work/ozone/ozone/hadoop-ozone/integration-test/target/test-classes/webapps/ozoneManager/,AVAILABLE}{file:/home/runner/work/ozone/ozone/hadoop-ozone/integration-test/target/test-classes/webapps/ozoneManager}
2022-02-17 10:48:00,156 [Listener at 127.0.0.1/33953] INFO  server.AbstractConnector (AbstractConnector.java:doStart(331)) - Started ServerConnector@114a18d6{HTTP/1.1, (http/1.1)}{0.0.0.0:43511}
2022-02-17 10:48:00,156 [Listener at 127.0.0.1/33953] INFO  server.Server (Server.java:doStart(415)) - Started @90100ms
2022-02-17 10:48:00,156 [Listener at 127.0.0.1/33953] WARN  impl.MetricsSystemImpl (MetricsSystemImpl.java:register(279)) - Sink prometheus already exists!
2022-02-17 10:48:00,157 [Listener at 127.0.0.1/33953] INFO  http.BaseHttpServer (BaseHttpServer.java:updateConnectorAddress(329)) - HTTP server of ozoneManager listening at http://0.0.0.0:43511
2022-02-17 10:48:00,157 [IPC Server Responder] INFO  ipc.Server (Server.java:run(1507)) - IPC Server Responder: starting
2022-02-17 10:48:00,158 [IPC Server listener on 33953] INFO  ipc.Server (Server.java:run(1344)) - IPC Server listener on 33953: starting
2022-02-17 10:48:00,293 [Listener at 127.0.0.1/33953] INFO  om.OzoneManager (OzoneManager.java:startTrashEmptier(1792)) - Trash Interval set to 0. Files deleted will not move to trash
2022-02-17 10:48:00,301 [Listener at 127.0.0.1/33953] INFO  ozone.MiniOzoneHAClusterImpl (MiniOzoneHAClusterImpl.java:createOMService(522)) - Started OzoneManager omNode-1 RPC server at localhost/127.0.0.1:33953
2022-02-17 10:48:00,301 [org.apache.hadoop.util.JvmPauseMonitor$Monitor@5ccf13a9] INFO  util.JvmPauseMonitor (JvmPauseMonitor.java:run(188)) - Starting JVM pause monitor
2022-02-17 10:48:00,321 [Listener at 127.0.0.1/33953] WARN  impl.MetricRegistriesImpl (MetricRegistriesImpl.java:addReporterRegistration(111)) - New reporters are added after registries were created. Some metrics will be missing from the reporter. Please add reporter before adding any new registry.
2022-02-17 10:48:00,321 [Listener at 127.0.0.1/33953] WARN  impl.MetricRegistriesImpl (MetricRegistriesImpl.java:addReporterRegistration(111)) - New reporters are added after registries were created. Some metrics will be missing from the reporter. Please add reporter before adding any new registry.
2022-02-17 10:48:00,321 [Listener at 127.0.0.1/33953] INFO  impl.MetricsSystemImpl (MetricsSystemImpl.java:init(158)) - HddsDatanode metrics system started (again)
2022-02-17 10:48:00,347 [Listener at 127.0.0.1/33953] INFO  ozone.HddsDatanodeService (HddsDatanodeService.java:start(233)) - HddsDatanodeService host:fv-az12-716.exdb2aeach2ezidoxz41lk3bwg.cx.internal.cloudapp.net ip:10.1.0.49
2022-02-17 10:48:00,372 [Listener at 127.0.0.1/33953] INFO  upgrade.AbstractLayoutVersionManager (AbstractLayoutVersionManager.java:init(79)) - Initializing Layout version manager with metadata layout = SCM_HA (version = 2), software layout = SCM_HA (version = 2)
2022-02-17 10:48:00,469 [Listener at 127.0.0.1/33953] INFO  reflections.Reflections (Reflections.java:scan(232)) - Reflections took 96 ms to scan 7 urls, producing 119 keys and 279 values 
2022-02-17 10:48:00,479 [Listener at 127.0.0.1/33953] INFO  ha.SCMNodeInfo (SCMNodeInfo.java:getPort(197)) - ConfigKey ozone.scm.client.address is deprecated, For configuring different ports for each SCM use PortConfigKey ozone.scm.client.port appended with serviceId and nodeId
2022-02-17 10:48:00,480 [Listener at 127.0.0.1/33953] INFO  ha.SCMNodeInfo (SCMNodeInfo.java:getPort(197)) - ConfigKey ozone.scm.block.client.address is deprecated, For configuring different ports for each SCM use PortConfigKey ozone.scm.block.client.port appended with serviceId and nodeId
2022-02-17 10:48:00,481 [Listener at 127.0.0.1/33953] INFO  ha.SCMNodeInfo (SCMNodeInfo.java:getPort(197)) - ConfigKey ozone.scm.datanode.address is deprecated, For configuring different ports for each SCM use PortConfigKey ozone.scm.datanode.port appended with serviceId and nodeId
2022-02-17 10:48:00,482 [Listener at 127.0.0.1/33953] INFO  ha.SCMNodeInfo (SCMNodeInfo.java:getPort(197)) - ConfigKey ozone.scm.client.address is deprecated, For configuring different ports for each SCM use PortConfigKey ozone.scm.client.port appended with serviceId and nodeId
2022-02-17 10:48:00,482 [Listener at 127.0.0.1/33953] INFO  ha.SCMNodeInfo (SCMNodeInfo.java:getPort(197)) - ConfigKey ozone.scm.block.client.address is deprecated, For configuring different ports for each SCM use PortConfigKey ozone.scm.block.client.port appended with serviceId and nodeId
2022-02-17 10:48:00,483 [Listener at 127.0.0.1/33953] INFO  ha.SCMNodeInfo (SCMNodeInfo.java:getPort(197)) - ConfigKey ozone.scm.datanode.address is deprecated, For configuring different ports for each SCM use PortConfigKey ozone.scm.datanode.port appended with serviceId and nodeId
2022-02-17 10:48:00,483 [Listener at 127.0.0.1/33953] INFO  ha.SCMNodeInfo (SCMNodeInfo.java:getPort(197)) - ConfigKey ozone.scm.client.address is deprecated, For configuring different ports for each SCM use PortConfigKey ozone.scm.client.port appended with serviceId and nodeId
2022-02-17 10:48:00,483 [Listener at 127.0.0.1/33953] INFO  ha.SCMNodeInfo (SCMNodeInfo.java:getPort(197)) - ConfigKey ozone.scm.block.client.address is deprecated, For configuring different ports for each SCM use PortConfigKey ozone.scm.block.client.port appended with serviceId and nodeId
2022-02-17 10:48:00,483 [Listener at 127.0.0.1/33953] INFO  ha.SCMNodeInfo (SCMNodeInfo.java:getPort(197)) - ConfigKey ozone.scm.datanode.address is deprecated, For configuring different ports for each SCM use PortConfigKey ozone.scm.datanode.port appended with serviceId and nodeId
2022-02-17 10:48:00,484 [Listener at 127.0.0.1/33953] INFO  statemachine.DatanodeStateMachine (DatanodeStateMachine.java:getEndPointTaskThreadPoolSize(222)) - Datanode State Machine Task Thread Pool size 4
2022-02-17 10:48:00,486 [Listener at 127.0.0.1/33953] INFO  volume.HddsVolume (HddsVolume.java:<init>(120)) - Creating HddsVolume: /home/runner/work/ozone/ozone/hadoop-ozone/integration-test/target/test-dir/MiniOzoneClusterImpl-314b2a1d-9ab5-4841-b3ea-c00b8cba638f/datanode-0/data-0/containers/hdds of storage type : DISK capacity : 9223372036854775807
2022-02-17 10:48:00,486 [Listener at 127.0.0.1/33953] INFO  volume.MutableVolumeSet (MutableVolumeSet.java:initializeVolumeSet(168)) - Added Volume : /home/runner/work/ozone/ozone/hadoop-ozone/integration-test/target/test-dir/MiniOzoneClusterImpl-314b2a1d-9ab5-4841-b3ea-c00b8cba638f/datanode-0/data-0/containers/hdds to VolumeSet
2022-02-17 10:48:00,486 [Listener at 127.0.0.1/33953] INFO  volume.ThrottledAsyncChecker (ThrottledAsyncChecker.java:schedule(141)) - Scheduling a check for /home/runner/work/ozone/ozone/hadoop-ozone/integration-test/target/test-dir/MiniOzoneClusterImpl-314b2a1d-9ab5-4841-b3ea-c00b8cba638f/datanode-0/data-0/containers/hdds
2022-02-17 10:48:00,487 [Listener at 127.0.0.1/33953] INFO  volume.StorageVolumeChecker (StorageVolumeChecker.java:checkAllVolumes(202)) - Scheduled health check for volume /home/runner/work/ozone/ozone/hadoop-ozone/integration-test/target/test-dir/MiniOzoneClusterImpl-314b2a1d-9ab5-4841-b3ea-c00b8cba638f/datanode-0/data-0/containers/hdds
2022-02-17 10:48:00,497 [Listener at 127.0.0.1/33953] INFO  volume.MutableVolumeSet (MutableVolumeSet.java:initializeVolumeSet(168)) - Added Volume : /home/runner/work/ozone/ozone/hadoop-ozone/integration-test/target/test-dir/MiniOzoneClusterImpl-314b2a1d-9ab5-4841-b3ea-c00b8cba638f/datanode-0/data/ratis to VolumeSet
2022-02-17 10:48:00,499 [Listener at 127.0.0.1/33953] INFO  volume.ThrottledAsyncChecker (ThrottledAsyncChecker.java:schedule(141)) - Scheduling a check for /home/runner/work/ozone/ozone/hadoop-ozone/integration-test/target/test-dir/MiniOzoneClusterImpl-314b2a1d-9ab5-4841-b3ea-c00b8cba638f/datanode-0/data/ratis
2022-02-17 10:48:00,499 [Listener at 127.0.0.1/33953] INFO  volume.StorageVolumeChecker (StorageVolumeChecker.java:checkAllVolumes(202)) - Scheduled health check for volume /home/runner/work/ozone/ozone/hadoop-ozone/integration-test/target/test-dir/MiniOzoneClusterImpl-314b2a1d-9ab5-4841-b3ea-c00b8cba638f/datanode-0/data/ratis
2022-02-17 10:48:00,517 [Thread-1446] INFO  ozoneimpl.ContainerReader (ContainerReader.java:readVolume(172)) - Finish verifying containers on volume /home/runner/work/ozone/ozone/hadoop-ozone/integration-test/target/test-dir/MiniOzoneClusterImpl-314b2a1d-9ab5-4841-b3ea-c00b8cba638f/datanode-0/data-0/containers/hdds
2022-02-17 10:48:00,517 [Listener at 127.0.0.1/33953] INFO  ozoneimpl.OzoneContainer (OzoneContainer.java:buildContainerSet(243)) - Build ContainerSet costs 0s
2022-02-17 10:48:00,519 [Listener at 127.0.0.1/33953] INFO  server.RaftServer (ConfUtils.java:logGet(44)) - raft.rpc.type = GRPC (default)
2022-02-17 10:48:00,519 [Listener at 127.0.0.1/33953] INFO  grpc.GrpcFactory (GrpcFactory.java:checkPooledByteBufAllocatorUseCacheForAllThreads(48)) - PERFORMANCE WARNING: useCacheForAllThreads is true that may cause Netty to create a lot garbage objects and, as a result, trigger GC.
	It is recommended to disable useCacheForAllThreads by setting -Dorg.apache.ratis.thirdparty.io.netty.allocator.useCacheForAllThreads=false in command line.
2022-02-17 10:48:00,519 [Listener at 127.0.0.1/33953] INFO  grpc.GrpcConfigKeys (ConfUtils.java:logGet(44)) - raft.grpc.admin.port = 0 (custom)
2022-02-17 10:48:00,519 [Listener at 127.0.0.1/33953] INFO  grpc.GrpcConfigKeys (ConfUtils.java:logGet(44)) - raft.grpc.client.port = 0 (custom)
2022-02-17 10:48:00,520 [Listener at 127.0.0.1/33953] INFO  grpc.GrpcConfigKeys (ConfUtils.java:logGet(44)) - raft.grpc.server.port = 0 (default)
2022-02-17 10:48:00,528 [Listener at 127.0.0.1/33953] INFO  server.GrpcService (ConfUtils.java:logGet(44)) - raft.grpc.message.size.max = 32MB (=33554432) (custom)
2022-02-17 10:48:00,528 [Listener at 127.0.0.1/33953] INFO  server.RaftServerConfigKeys (ConfUtils.java:logGet(44)) - raft.server.log.appender.buffer.byte-limit = 33554432 (custom)
2022-02-17 10:48:00,528 [Listener at 127.0.0.1/33953] INFO  server.GrpcService (ConfUtils.java:logGet(44)) - raft.grpc.flow.control.window = 5MB (=5242880) (custom)
2022-02-17 10:48:00,528 [Listener at 127.0.0.1/33953] INFO  server.RaftServerConfigKeys (ConfUtils.java:logGet(44)) - raft.server.rpc.request.timeout = 60s (custom)
2022-02-17 10:48:00,531 [Listener at 127.0.0.1/33953] INFO  impl.DataStreamServerImpl (ConfUtils.java:logGet(44)) - raft.datastream.type = DISABLED (default)
2022-02-17 10:48:00,531 [Listener at 127.0.0.1/33953] INFO  server.RaftServerConfigKeys (ConfUtils.java:logGet(44)) - raft.server.rpc.slowness.timeout = 300s (custom)
2022-02-17 10:48:00,532 [Listener at 127.0.0.1/33953] INFO  server.RaftServerConfigKeys (ConfUtils.java:logGet(44)) - raft.server.leaderelection.leader.step-down.wait-time = 10s (default)
2022-02-17 10:48:00,534 [Listener at 127.0.0.1/33953] INFO  server.RaftServerConfigKeys (ConfUtils.java:logGet(44)) - raft.server.storage.dir = [/home/runner/work/ozone/ozone/hadoop-ozone/integration-test/target/test-dir/MiniOzoneClusterImpl-314b2a1d-9ab5-4841-b3ea-c00b8cba638f/datanode-0/data/ratis] (custom)
2022-02-17 10:48:00,536 [Listener at 127.0.0.1/33953] INFO  server.XceiverServerGrpc (XceiverServerGrpc.java:<init>(132)) - GrpcServer channel type EpollServerSocketChannel
2022-02-17 10:48:00,546 [Listener at 127.0.0.1/33953] INFO  http.BaseHttpServer (BaseHttpServer.java:newHttpServer2BuilderForOzone(209)) - Starting Web-server for hddsDatanode at: http://0.0.0.0:0
2022-02-17 10:48:00,546 [Listener at 127.0.0.1/33953] INFO  http.BaseHttpServer (BaseHttpServer.java:<init>(107)) - Hadoop Security Enabled: false Ozone Security Enabled: false Ozone HTTP Security Enabled: false 
2022-02-17 10:48:00,547 [Listener at 127.0.0.1/33953] INFO  server.AuthenticationFilter (AuthenticationFilter.java:constructSecretProvider(240)) - Unable to initialize FileSignerSecretProvider, falling back to use random secrets.
2022-02-17 10:48:00,548 [Listener at 127.0.0.1/33953] WARN  http.HttpRequestLog (HttpRequestLog.java:getRequestLog(103)) - Jetty request log can only be enabled using Log4j
2022-02-17 10:48:00,549 [Listener at 127.0.0.1/33953] INFO  http.HttpServer2 (HttpServer2.java:addGlobalFilter(1030)) - Added global filter 'safety' (class=org.apache.hadoop.hdds.server.http.HttpServer2$QuotingInputFilter)
2022-02-17 10:48:00,551 [Listener at 127.0.0.1/33953] INFO  http.HttpServer2 (HttpServer2.java:addFilter(1006)) - Added filter static_user_filter (class=org.apache.hadoop.http.lib.StaticUserWebFilter$StaticUserFilter) to context hddsDatanode
2022-02-17 10:48:00,551 [Listener at 127.0.0.1/33953] INFO  http.HttpServer2 (HttpServer2.java:addFilter(1014)) - Added filter static_user_filter (class=org.apache.hadoop.http.lib.StaticUserWebFilter$StaticUserFilter) to context static
2022-02-17 10:48:00,551 [Listener at 127.0.0.1/33953] INFO  http.HttpServer2 (HttpServer2.java:addFilter(1014)) - Added filter static_user_filter (class=org.apache.hadoop.http.lib.StaticUserWebFilter$StaticUserFilter) to context logs
2022-02-17 10:48:00,555 [Listener at 127.0.0.1/33953] INFO  http.HttpServer2 (HttpServer2.java:bindListener(1249)) - Jetty bound to port 33721
2022-02-17 10:48:00,556 [Listener at 127.0.0.1/33953] INFO  server.Server (Server.java:doStart(375)) - jetty-9.4.43.v20210629; built: 2021-06-30T11:07:22.254Z; git: 526006ecfa3af7f1a27ef3a288e2bef7ea9dd7e8; jvm 1.8.0_322-b06
2022-02-17 10:48:00,609 [Listener at 127.0.0.1/33953] INFO  server.session (DefaultSessionIdManager.java:doStart(334)) - DefaultSessionIdManager workerName=node0
2022-02-17 10:48:00,610 [Listener at 127.0.0.1/33953] INFO  server.session (DefaultSessionIdManager.java:doStart(339)) - No SessionScavenger set, using defaults
2022-02-17 10:48:00,610 [Listener at 127.0.0.1/33953] INFO  server.session (HouseKeeper.java:startScavenging(132)) - node0 Scavenging every 660000ms
2022-02-17 10:48:00,622 [Listener at 127.0.0.1/33953] INFO  handler.ContextHandler (ContextHandler.java:doStart(915)) - Started o.e.j.s.ServletContextHandler@15c8c97{logs,/logs,file:///home/runner/work/ozone/ozone/hadoop-ozone/integration-test/target/log,AVAILABLE}
2022-02-17 10:48:00,622 [Listener at 127.0.0.1/33953] INFO  handler.ContextHandler (ContextHandler.java:doStart(915)) - Started o.e.j.s.ServletContextHandler@74e218d7{static,/static,jar:file:/home/runner/.m2/repository/org/apache/ozone/hdds-container-service/1.3.0-SNAPSHOT/hdds-container-service-1.3.0-SNAPSHOT.jar!/webapps/static,AVAILABLE}
2022-02-17 10:48:00,715 [Listener at 127.0.0.1/33953] INFO  handler.ContextHandler (ContextHandler.java:doStart(915)) - Started o.e.j.w.WebAppContext@22395d00{hddsDatanode,/,file:///tmp/jetty-0_0_0_0-33721-hdds-container-service-1_3_0-SNAPSHOT_jar-_-any-2280764977755561820/webapp/,AVAILABLE}{jar:file:/home/runner/.m2/repository/org/apache/ozone/hdds-container-service/1.3.0-SNAPSHOT/hdds-container-service-1.3.0-SNAPSHOT.jar!/webapps/hddsDatanode}
2022-02-17 10:48:00,749 [Listener at 127.0.0.1/33953] INFO  server.AbstractConnector (AbstractConnector.java:doStart(331)) - Started ServerConnector@4db4ec6a{HTTP/1.1, (http/1.1)}{0.0.0.0:33721}
2022-02-17 10:48:00,750 [Listener at 127.0.0.1/33953] INFO  server.Server (Server.java:doStart(415)) - Started @90694ms
2022-02-17 10:48:00,750 [Listener at 127.0.0.1/33953] WARN  impl.MetricsSystemImpl (MetricsSystemImpl.java:register(279)) - Sink prometheus already exists!
2022-02-17 10:48:00,753 [Listener at 127.0.0.1/33953] INFO  http.BaseHttpServer (BaseHttpServer.java:updateConnectorAddress(329)) - HTTP server of hddsDatanode listening at http://0.0.0.0:33721
2022-02-17 10:48:00,759 [Listener at 127.0.0.1/33953] WARN  impl.MetricRegistriesImpl (MetricRegistriesImpl.java:addReporterRegistration(111)) - New reporters are added after registries were created. Some metrics will be missing from the reporter. Please add reporter before adding any new registry.
2022-02-17 10:48:00,759 [Listener at 127.0.0.1/33953] WARN  impl.MetricRegistriesImpl (MetricRegistriesImpl.java:addReporterRegistration(111)) - New reporters are added after registries were created. Some metrics will be missing from the reporter. Please add reporter before adding any new registry.
2022-02-17 10:48:00,759 [Listener at 127.0.0.1/33953] INFO  impl.MetricsSystemImpl (MetricsSystemImpl.java:init(158)) - HddsDatanode metrics system started (again)
2022-02-17 10:48:00,761 [Datanode State Machine Daemon Thread] INFO  statemachine.DatanodeStateMachine (DatanodeStateMachine.java:lambda$startDaemon$0(470)) - Ozone container server started.
2022-02-17 10:48:00,804 [org.apache.hadoop.util.JvmPauseMonitor$Monitor@2132f92f] INFO  util.JvmPauseMonitor (JvmPauseMonitor.java:run(188)) - Starting JVM pause monitor
2022-02-17 10:48:00,816 [Listener at 127.0.0.1/33953] INFO  ozone.HddsDatanodeService (HddsDatanodeService.java:start(233)) - HddsDatanodeService host:fv-az12-716.exdb2aeach2ezidoxz41lk3bwg.cx.internal.cloudapp.net ip:10.1.0.49
2022-02-17 10:48:00,818 [Datanode State Machine Task Thread - 0] INFO  ha.SCMNodeInfo (SCMNodeInfo.java:getPort(197)) - ConfigKey ozone.scm.client.address is deprecated, For configuring different ports for each SCM use PortConfigKey ozone.scm.client.port appended with serviceId and nodeId
2022-02-17 10:48:00,819 [Datanode State Machine Task Thread - 0] INFO  ha.SCMNodeInfo (SCMNodeInfo.java:getPort(197)) - ConfigKey ozone.scm.block.client.address is deprecated, For configuring different ports for each SCM use PortConfigKey ozone.scm.block.client.port appended with serviceId and nodeId
2022-02-17 10:48:00,820 [Datanode State Machine Task Thread - 0] INFO  ha.SCMNodeInfo (SCMNodeInfo.java:getPort(197)) - ConfigKey ozone.scm.datanode.address is deprecated, For configuring different ports for each SCM use PortConfigKey ozone.scm.datanode.port appended with serviceId and nodeId
2022-02-17 10:48:00,820 [Datanode State Machine Task Thread - 0] INFO  ha.SCMNodeInfo (SCMNodeInfo.java:getPort(197)) - ConfigKey ozone.scm.client.address is deprecated, For configuring different ports for each SCM use PortConfigKey ozone.scm.client.port appended with serviceId and nodeId
2022-02-17 10:48:00,820 [Datanode State Machine Task Thread - 0] INFO  ha.SCMNodeInfo (SCMNodeInfo.java:getPort(197)) - ConfigKey ozone.scm.block.client.address is deprecated, For configuring different ports for each SCM use PortConfigKey ozone.scm.block.client.port appended with serviceId and nodeId
2022-02-17 10:48:00,820 [Datanode State Machine Task Thread - 0] INFO  ha.SCMNodeInfo (SCMNodeInfo.java:getPort(197)) - ConfigKey ozone.scm.datanode.address is deprecated, For configuring different ports for each SCM use PortConfigKey ozone.scm.datanode.port appended with serviceId and nodeId
2022-02-17 10:48:00,820 [Datanode State Machine Task Thread - 0] INFO  ha.SCMNodeInfo (SCMNodeInfo.java:getPort(197)) - ConfigKey ozone.scm.client.address is deprecated, For configuring different ports for each SCM use PortConfigKey ozone.scm.client.port appended with serviceId and nodeId
2022-02-17 10:48:00,820 [Datanode State Machine Task Thread - 0] INFO  ha.SCMNodeInfo (SCMNodeInfo.java:getPort(197)) - ConfigKey ozone.scm.block.client.address is deprecated, For configuring different ports for each SCM use PortConfigKey ozone.scm.block.client.port appended with serviceId and nodeId
2022-02-17 10:48:00,820 [Datanode State Machine Task Thread - 0] INFO  ha.SCMNodeInfo (SCMNodeInfo.java:getPort(197)) - ConfigKey ozone.scm.datanode.address is deprecated, For configuring different ports for each SCM use PortConfigKey ozone.scm.datanode.port appended with serviceId and nodeId
2022-02-17 10:48:00,823 [Datanode State Machine Task Thread - 0] INFO  datanode.InitDatanodeState (InitDatanodeState.java:persistContainerDatanodeDetails(138)) - DatanodeDetails is persisted to /home/runner/work/ozone/ozone/hadoop-ozone/integration-test/target/test-dir/MiniOzoneClusterImpl-314b2a1d-9ab5-4841-b3ea-c00b8cba638f/datanode-0/meta/datanode.id
2022-02-17 10:48:00,863 [Listener at 127.0.0.1/33953] INFO  upgrade.AbstractLayoutVersionManager (AbstractLayoutVersionManager.java:init(79)) - Initializing Layout version manager with metadata layout = SCM_HA (version = 2), software layout = SCM_HA (version = 2)
2022-02-17 10:48:01,001 [Listener at 127.0.0.1/33953] INFO  reflections.Reflections (Reflections.java:scan(232)) - Reflections took 135 ms to scan 7 urls, producing 119 keys and 279 values 
2022-02-17 10:48:01,004 [Listener at 127.0.0.1/33953] INFO  ha.SCMNodeInfo (SCMNodeInfo.java:getPort(197)) - ConfigKey ozone.scm.client.address is deprecated, For configuring different ports for each SCM use PortConfigKey ozone.scm.client.port appended with serviceId and nodeId
2022-02-17 10:48:01,008 [Listener at 127.0.0.1/33953] INFO  ha.SCMNodeInfo (SCMNodeInfo.java:getPort(197)) - ConfigKey ozone.scm.block.client.address is deprecated, For configuring different ports for each SCM use PortConfigKey ozone.scm.block.client.port appended with serviceId and nodeId
2022-02-17 10:48:01,008 [Listener at 127.0.0.1/33953] INFO  ha.SCMNodeInfo (SCMNodeInfo.java:getPort(197)) - ConfigKey ozone.scm.datanode.address is deprecated, For configuring different ports for each SCM use PortConfigKey ozone.scm.datanode.port appended with serviceId and nodeId
2022-02-17 10:48:01,009 [Listener at 127.0.0.1/33953] INFO  ha.SCMNodeInfo (SCMNodeInfo.java:getPort(197)) - ConfigKey ozone.scm.client.address is deprecated, For configuring different ports for each SCM use PortConfigKey ozone.scm.client.port appended with serviceId and nodeId
2022-02-17 10:48:01,009 [Listener at 127.0.0.1/33953] INFO  ha.SCMNodeInfo (SCMNodeInfo.java:getPort(197)) - ConfigKey ozone.scm.block.client.address is deprecated, For configuring different ports for each SCM use PortConfigKey ozone.scm.block.client.port appended with serviceId and nodeId
2022-02-17 10:48:01,010 [Listener at 127.0.0.1/33953] INFO  ha.SCMNodeInfo (SCMNodeInfo.java:getPort(197)) - ConfigKey ozone.scm.datanode.address is deprecated, For configuring different ports for each SCM use PortConfigKey ozone.scm.datanode.port appended with serviceId and nodeId
2022-02-17 10:48:01,012 [EndpointStateMachine task thread for /127.0.0.1:41937 - 0 ] INFO  ipc.Client (Client.java:handleConnectionFailure(977)) - Retrying connect to server: localhost/127.0.0.1:41937. Already tried 10 time(s); retry policy is RetryUpToMaximumCountWithFixedSleep(maxRetries=15, sleepTime=1000 MILLISECONDS)
2022-02-17 10:48:01,012 [Listener at 127.0.0.1/33953] INFO  ha.SCMNodeInfo (SCMNodeInfo.java:getPort(197)) - ConfigKey ozone.scm.client.address is deprecated, For configuring different ports for each SCM use PortConfigKey ozone.scm.client.port appended with serviceId and nodeId
2022-02-17 10:48:01,012 [Listener at 127.0.0.1/33953] INFO  ha.SCMNodeInfo (SCMNodeInfo.java:getPort(197)) - ConfigKey ozone.scm.block.client.address is deprecated, For configuring different ports for each SCM use PortConfigKey ozone.scm.block.client.port appended with serviceId and nodeId
2022-02-17 10:48:01,013 [Listener at 127.0.0.1/33953] INFO  ha.SCMNodeInfo (SCMNodeInfo.java:getPort(197)) - ConfigKey ozone.scm.datanode.address is deprecated, For configuring different ports for each SCM use PortConfigKey ozone.scm.datanode.port appended with serviceId and nodeId
2022-02-17 10:48:01,014 [Listener at 127.0.0.1/33953] INFO  statemachine.DatanodeStateMachine (DatanodeStateMachine.java:getEndPointTaskThreadPoolSize(222)) - Datanode State Machine Task Thread Pool size 4
2022-02-17 10:48:01,020 [EndpointStateMachine task thread for /127.0.0.1:41349 - 0 ] INFO  ipc.Client (Client.java:handleConnectionFailure(977)) - Retrying connect to server: localhost/127.0.0.1:41349. Already tried 10 time(s); retry policy is RetryUpToMaximumCountWithFixedSleep(maxRetries=15, sleepTime=1000 MILLISECONDS)
2022-02-17 10:48:01,021 [Listener at 127.0.0.1/33953] INFO  volume.HddsVolume (HddsVolume.java:<init>(120)) - Creating HddsVolume: /home/runner/work/ozone/ozone/hadoop-ozone/integration-test/target/test-dir/MiniOzoneClusterImpl-314b2a1d-9ab5-4841-b3ea-c00b8cba638f/datanode-1/data-0/containers/hdds of storage type : DISK capacity : 9223372036854775807
2022-02-17 10:48:01,021 [Listener at 127.0.0.1/33953] INFO  volume.MutableVolumeSet (MutableVolumeSet.java:initializeVolumeSet(168)) - Added Volume : /home/runner/work/ozone/ozone/hadoop-ozone/integration-test/target/test-dir/MiniOzoneClusterImpl-314b2a1d-9ab5-4841-b3ea-c00b8cba638f/datanode-1/data-0/containers/hdds to VolumeSet
2022-02-17 10:48:01,022 [Listener at 127.0.0.1/33953] INFO  volume.ThrottledAsyncChecker (ThrottledAsyncChecker.java:schedule(141)) - Scheduling a check for /home/runner/work/ozone/ozone/hadoop-ozone/integration-test/target/test-dir/MiniOzoneClusterImpl-314b2a1d-9ab5-4841-b3ea-c00b8cba638f/datanode-1/data-0/containers/hdds
2022-02-17 10:48:01,024 [EndpointStateMachine task thread for /127.0.0.1:46679 - 0 ] INFO  ipc.Client (Client.java:handleConnectionFailure(977)) - Retrying connect to server: localhost/127.0.0.1:46679. Already tried 10 time(s); retry policy is RetryUpToMaximumCountWithFixedSleep(maxRetries=15, sleepTime=1000 MILLISECONDS)
2022-02-17 10:48:01,033 [Listener at 127.0.0.1/33953] INFO  volume.StorageVolumeChecker (StorageVolumeChecker.java:checkAllVolumes(202)) - Scheduled health check for volume /home/runner/work/ozone/ozone/hadoop-ozone/integration-test/target/test-dir/MiniOzoneClusterImpl-314b2a1d-9ab5-4841-b3ea-c00b8cba638f/datanode-1/data-0/containers/hdds
2022-02-17 10:48:01,044 [Listener at 127.0.0.1/33953] INFO  volume.MutableVolumeSet (MutableVolumeSet.java:initializeVolumeSet(168)) - Added Volume : /home/runner/work/ozone/ozone/hadoop-ozone/integration-test/target/test-dir/MiniOzoneClusterImpl-314b2a1d-9ab5-4841-b3ea-c00b8cba638f/datanode-1/data/ratis to VolumeSet
2022-02-17 10:48:01,057 [Listener at 127.0.0.1/33953] INFO  volume.ThrottledAsyncChecker (ThrottledAsyncChecker.java:schedule(141)) - Scheduling a check for /home/runner/work/ozone/ozone/hadoop-ozone/integration-test/target/test-dir/MiniOzoneClusterImpl-314b2a1d-9ab5-4841-b3ea-c00b8cba638f/datanode-1/data/ratis
2022-02-17 10:48:01,058 [Listener at 127.0.0.1/33953] INFO  volume.StorageVolumeChecker (StorageVolumeChecker.java:checkAllVolumes(202)) - Scheduled health check for volume /home/runner/work/ozone/ozone/hadoop-ozone/integration-test/target/test-dir/MiniOzoneClusterImpl-314b2a1d-9ab5-4841-b3ea-c00b8cba638f/datanode-1/data/ratis
2022-02-17 10:48:01,075 [omNode-1@group-523986131536-FollowerState] INFO  impl.FollowerState (FollowerState.java:run(134)) - omNode-1@group-523986131536-FollowerState: change to CANDIDATE, lastRpcElapsedTime:1046352230ns, electionTimeout:1045ms
2022-02-17 10:48:01,075 [omNode-1@group-523986131536-FollowerState] INFO  impl.RoleInfo (RoleInfo.java:shutdownFollowerState(108)) - omNode-1: shutdown omNode-1@group-523986131536-FollowerState
2022-02-17 10:48:01,075 [omNode-1@group-523986131536-FollowerState] INFO  server.RaftServer$Division (RaftServerImpl.java:setRole(290)) - omNode-1@group-523986131536: changes role from  FOLLOWER to CANDIDATE at term 0 for changeToCandidate
2022-02-17 10:48:01,075 [omNode-1@group-523986131536-FollowerState] INFO  server.RaftServerConfigKeys (ConfUtils.java:logGet(44)) - raft.server.leaderelection.pre-vote = false (custom)
2022-02-17 10:48:01,075 [omNode-1@group-523986131536-FollowerState] INFO  impl.RoleInfo (RoleInfo.java:updateAndGet(130)) - omNode-1: start omNode-1@group-523986131536-LeaderElection18
2022-02-17 10:48:01,107 [Thread-1459] INFO  ozoneimpl.ContainerReader (ContainerReader.java:readVolume(172)) - Finish verifying containers on volume /home/runner/work/ozone/ozone/hadoop-ozone/integration-test/target/test-dir/MiniOzoneClusterImpl-314b2a1d-9ab5-4841-b3ea-c00b8cba638f/datanode-1/data-0/containers/hdds
2022-02-17 10:48:01,108 [Listener at 127.0.0.1/33953] INFO  ozoneimpl.OzoneContainer (OzoneContainer.java:buildContainerSet(243)) - Build ContainerSet costs 0s
2022-02-17 10:48:01,110 [Listener at 127.0.0.1/33953] INFO  server.RaftServer (ConfUtils.java:logGet(44)) - raft.rpc.type = GRPC (default)
2022-02-17 10:48:01,110 [Listener at 127.0.0.1/33953] INFO  grpc.GrpcFactory (GrpcFactory.java:checkPooledByteBufAllocatorUseCacheForAllThreads(48)) - PERFORMANCE WARNING: useCacheForAllThreads is true that may cause Netty to create a lot garbage objects and, as a result, trigger GC.
	It is recommended to disable useCacheForAllThreads by setting -Dorg.apache.ratis.thirdparty.io.netty.allocator.useCacheForAllThreads=false in command line.
2022-02-17 10:48:01,110 [Listener at 127.0.0.1/33953] INFO  grpc.GrpcConfigKeys (ConfUtils.java:logGet(44)) - raft.grpc.admin.port = 0 (custom)
2022-02-17 10:48:01,120 [Listener at 127.0.0.1/33953] INFO  grpc.GrpcConfigKeys (ConfUtils.java:logGet(44)) - raft.grpc.client.port = 0 (custom)
2022-02-17 10:48:01,120 [omNode-1@group-523986131536-LeaderElection18] INFO  impl.LeaderElection (LeaderElection.java:askForVotes(306)) - omNode-1@group-523986131536-LeaderElection18 ELECTION round 0: submit vote requests at term 1 for -1: [omNode-1|rpc:localhost:35189|priority:0], old=null
2022-02-17 10:48:01,120 [omNode-1@group-523986131536-LeaderElection18] INFO  impl.LeaderElection (LeaderElection.java:askForVotes(308)) - omNode-1@group-523986131536-LeaderElection18 ELECTION round 0: result PASSED (term=1)
2022-02-17 10:48:01,120 [omNode-1@group-523986131536-LeaderElection18] INFO  impl.RoleInfo (RoleInfo.java:shutdownLeaderElection(121)) - omNode-1: shutdown omNode-1@group-523986131536-LeaderElection18
2022-02-17 10:48:01,120 [omNode-1@group-523986131536-LeaderElection18] INFO  server.RaftServer$Division (RaftServerImpl.java:setRole(290)) - omNode-1@group-523986131536: changes role from CANDIDATE to LEADER at term 1 for changeToLeader
2022-02-17 10:48:01,120 [omNode-1@group-523986131536-LeaderElection18] INFO  server.RaftServer$Division (ServerState.java:setLeader(285)) - omNode-1@group-523986131536: change Leader from null to omNode-1 at term 1 for becomeLeader, leader elected after 1147ms
2022-02-17 10:48:01,120 [omNode-1@group-523986131536-LeaderElection18] INFO  server.RaftServerConfigKeys (ConfUtils.java:logGet(44)) - raft.server.staging.catchup.gap = 1000 (default)
2022-02-17 10:48:01,120 [omNode-1@group-523986131536-LeaderElection18] INFO  server.RaftServerConfigKeys (ConfUtils.java:logGet(44)) - raft.server.write.element-limit = 4096 (default)
2022-02-17 10:48:01,120 [omNode-1@group-523986131536-LeaderElection18] INFO  server.RaftServerConfigKeys (ConfUtils.java:logGet(44)) - raft.server.write.byte-limit = 64MB (=67108864) (default)
2022-02-17 10:48:01,121 [omNode-1@group-523986131536-LeaderElection18] INFO  server.RaftServerConfigKeys (ConfUtils.java:logGet(44)) - raft.server.watch.timeout = 10s (default)
2022-02-17 10:48:01,120 [Listener at 127.0.0.1/33953] INFO  grpc.GrpcConfigKeys (ConfUtils.java:logGet(44)) - raft.grpc.server.port = 0 (default)
2022-02-17 10:48:01,121 [omNode-1@group-523986131536-LeaderElection18] INFO  server.RaftServerConfigKeys (ConfUtils.java:logGet(44)) - raft.server.watch.timeout.denomination = 1s (default)
2022-02-17 10:48:01,128 [Listener at 127.0.0.1/33953] INFO  server.GrpcService (ConfUtils.java:logGet(44)) - raft.grpc.message.size.max = 32MB (=33554432) (custom)
2022-02-17 10:48:01,128 [omNode-1@group-523986131536-LeaderElection18] INFO  server.RaftServerConfigKeys (ConfUtils.java:logGet(44)) - raft.server.watch.element-limit = 65536 (default)
2022-02-17 10:48:01,128 [omNode-1@group-523986131536-LeaderElection18] INFO  server.RaftServerConfigKeys (ConfUtils.java:logGet(44)) - raft.server.write.element-limit = 4096 (default)
2022-02-17 10:48:01,128 [Listener at 127.0.0.1/33953] INFO  server.RaftServerConfigKeys (ConfUtils.java:logGet(44)) - raft.server.log.appender.buffer.byte-limit = 33554432 (custom)
2022-02-17 10:48:01,129 [omNode-1@group-523986131536-LeaderElection18] INFO  server.RaftServerConfigKeys (ConfUtils.java:logGet(44)) - raft.server.write.follower.gap.ratio.max = -1.0 (default)
2022-02-17 10:48:01,129 [Listener at 127.0.0.1/33953] INFO  server.GrpcService (ConfUtils.java:logGet(44)) - raft.grpc.flow.control.window = 5MB (=5242880) (custom)
2022-02-17 10:48:01,129 [omNode-1@group-523986131536-LeaderElection18] INFO  impl.RoleInfo (RoleInfo.java:updateAndGet(130)) - omNode-1: start omNode-1@group-523986131536-LeaderStateImpl
2022-02-17 10:48:01,130 [omNode-1@group-523986131536-LeaderElection18] INFO  segmented.SegmentedRaftLogWorker (SegmentedRaftLogWorker.java:startLogSegment(394)) - omNode-1@group-523986131536-SegmentedRaftLogWorker: Starting segment from index:0
2022-02-17 10:48:01,129 [Listener at 127.0.0.1/33953] INFO  server.RaftServerConfigKeys (ConfUtils.java:logGet(44)) - raft.server.rpc.request.timeout = 60s (custom)
2022-02-17 10:48:01,131 [Listener at 127.0.0.1/33953] INFO  impl.DataStreamServerImpl (ConfUtils.java:logGet(44)) - raft.datastream.type = DISABLED (default)
2022-02-17 10:48:01,133 [Listener at 127.0.0.1/33953] INFO  server.RaftServerConfigKeys (ConfUtils.java:logGet(44)) - raft.server.rpc.slowness.timeout = 300s (custom)
2022-02-17 10:48:01,134 [Listener at 127.0.0.1/33953] INFO  server.RaftServerConfigKeys (ConfUtils.java:logGet(44)) - raft.server.leaderelection.leader.step-down.wait-time = 10s (default)
2022-02-17 10:48:01,134 [Listener at 127.0.0.1/33953] INFO  server.RaftServerConfigKeys (ConfUtils.java:logGet(44)) - raft.server.storage.dir = [/home/runner/work/ozone/ozone/hadoop-ozone/integration-test/target/test-dir/MiniOzoneClusterImpl-314b2a1d-9ab5-4841-b3ea-c00b8cba638f/datanode-1/data/ratis] (custom)
2022-02-17 10:48:01,139 [Listener at 127.0.0.1/33953] INFO  server.XceiverServerGrpc (XceiverServerGrpc.java:<init>(132)) - GrpcServer channel type EpollServerSocketChannel
2022-02-17 10:48:01,148 [omNode-1@group-523986131536-SegmentedRaftLogWorker] INFO  segmented.SegmentedRaftLogWorker (SegmentedRaftLogWorker.java:execute(601)) - omNode-1@group-523986131536-SegmentedRaftLogWorker: created new log segment /home/runner/work/ozone/ozone/hadoop-ozone/integration-test/target/test-dir/MiniOzoneClusterImpl-314b2a1d-9ab5-4841-b3ea-c00b8cba638f/omNode-1/ratis/c9bc4cf4-3bc3-3c60-a66b-523986131536/current/log_inprogress_0
2022-02-17 10:48:01,148 [omNode-1@group-523986131536-LeaderElection18] INFO  server.RaftServer$Division (ServerState.java:setRaftConf(387)) - omNode-1@group-523986131536: set configuration 0: [omNode-1|rpc:localhost:35189|admin:|client:|dataStream:|priority:0], old=null
2022-02-17 10:48:01,152 [omNode-1@group-523986131536-StateMachineUpdater] INFO  ratis.OzoneManagerStateMachine (OzoneManagerStateMachine.java:notifyConfigurationChanged(188)) - Received Configuration change notification from Ratis. New Peer list:
[id: "omNode-1"
address: "localhost:35189"
]
2022-02-17 10:48:01,170 [Listener at 127.0.0.1/33953] INFO  http.BaseHttpServer (BaseHttpServer.java:newHttpServer2BuilderForOzone(209)) - Starting Web-server for hddsDatanode at: http://0.0.0.0:0
2022-02-17 10:48:01,170 [Listener at 127.0.0.1/33953] INFO  http.BaseHttpServer (BaseHttpServer.java:<init>(107)) - Hadoop Security Enabled: false Ozone Security Enabled: false Ozone HTTP Security Enabled: false 
2022-02-17 10:48:01,172 [Listener at 127.0.0.1/33953] INFO  server.AuthenticationFilter (AuthenticationFilter.java:constructSecretProvider(240)) - Unable to initialize FileSignerSecretProvider, falling back to use random secrets.
2022-02-17 10:48:01,185 [Listener at 127.0.0.1/33953] WARN  http.HttpRequestLog (HttpRequestLog.java:getRequestLog(103)) - Jetty request log can only be enabled using Log4j
2022-02-17 10:48:01,186 [Listener at 127.0.0.1/33953] INFO  http.HttpServer2 (HttpServer2.java:addGlobalFilter(1030)) - Added global filter 'safety' (class=org.apache.hadoop.hdds.server.http.HttpServer2$QuotingInputFilter)
2022-02-17 10:48:01,187 [Listener at 127.0.0.1/33953] INFO  http.HttpServer2 (HttpServer2.java:addFilter(1006)) - Added filter static_user_filter (class=org.apache.hadoop.http.lib.StaticUserWebFilter$StaticUserFilter) to context hddsDatanode
2022-02-17 10:48:01,187 [Listener at 127.0.0.1/33953] INFO  http.HttpServer2 (HttpServer2.java:addFilter(1014)) - Added filter static_user_filter (class=org.apache.hadoop.http.lib.StaticUserWebFilter$StaticUserFilter) to context static
2022-02-17 10:48:01,187 [Listener at 127.0.0.1/33953] INFO  http.HttpServer2 (HttpServer2.java:addFilter(1014)) - Added filter static_user_filter (class=org.apache.hadoop.http.lib.StaticUserWebFilter$StaticUserFilter) to context logs
2022-02-17 10:48:01,188 [Listener at 127.0.0.1/33953] INFO  http.HttpServer2 (HttpServer2.java:bindListener(1249)) - Jetty bound to port 32907
2022-02-17 10:48:01,188 [Listener at 127.0.0.1/33953] INFO  server.Server (Server.java:doStart(375)) - jetty-9.4.43.v20210629; built: 2021-06-30T11:07:22.254Z; git: 526006ecfa3af7f1a27ef3a288e2bef7ea9dd7e8; jvm 1.8.0_322-b06
2022-02-17 10:48:01,239 [Listener at 127.0.0.1/33953] INFO  server.session (DefaultSessionIdManager.java:doStart(334)) - DefaultSessionIdManager workerName=node0
2022-02-17 10:48:01,239 [Listener at 127.0.0.1/33953] INFO  server.session (DefaultSessionIdManager.java:doStart(339)) - No SessionScavenger set, using defaults
2022-02-17 10:48:01,240 [Listener at 127.0.0.1/33953] INFO  server.session (HouseKeeper.java:startScavenging(132)) - node0 Scavenging every 660000ms
2022-02-17 10:48:01,244 [Listener at 127.0.0.1/33953] INFO  handler.ContextHandler (ContextHandler.java:doStart(915)) - Started o.e.j.s.ServletContextHandler@4036d9cd{logs,/logs,file:///home/runner/work/ozone/ozone/hadoop-ozone/integration-test/target/log,AVAILABLE}
2022-02-17 10:48:01,244 [Listener at 127.0.0.1/33953] INFO  handler.ContextHandler (ContextHandler.java:doStart(915)) - Started o.e.j.s.ServletContextHandler@7f5df538{static,/static,jar:file:/home/runner/.m2/repository/org/apache/ozone/hdds-container-service/1.3.0-SNAPSHOT/hdds-container-service-1.3.0-SNAPSHOT.jar!/webapps/static,AVAILABLE}
2022-02-17 10:48:01,377 [Listener at 127.0.0.1/33953] INFO  handler.ContextHandler (ContextHandler.java:doStart(915)) - Started o.e.j.w.WebAppContext@2ee76d8d{hddsDatanode,/,file:///tmp/jetty-0_0_0_0-32907-hdds-container-service-1_3_0-SNAPSHOT_jar-_-any-6175501092840507191/webapp/,AVAILABLE}{jar:file:/home/runner/.m2/repository/org/apache/ozone/hdds-container-service/1.3.0-SNAPSHOT/hdds-container-service-1.3.0-SNAPSHOT.jar!/webapps/hddsDatanode}
2022-02-17 10:48:01,381 [Listener at 127.0.0.1/33953] INFO  server.AbstractConnector (AbstractConnector.java:doStart(331)) - Started ServerConnector@34ef6c16{HTTP/1.1, (http/1.1)}{0.0.0.0:32907}
2022-02-17 10:48:01,384 [Listener at 127.0.0.1/33953] INFO  server.Server (Server.java:doStart(415)) - Started @91328ms
2022-02-17 10:48:01,384 [Listener at 127.0.0.1/33953] WARN  impl.MetricsSystemImpl (MetricsSystemImpl.java:register(279)) - Sink prometheus already exists!
2022-02-17 10:48:01,385 [Listener at 127.0.0.1/33953] INFO  http.BaseHttpServer (BaseHttpServer.java:updateConnectorAddress(329)) - HTTP server of hddsDatanode listening at http://0.0.0.0:32907
2022-02-17 10:48:01,394 [Listener at 127.0.0.1/33953] WARN  impl.MetricRegistriesImpl (MetricRegistriesImpl.java:addReporterRegistration(111)) - New reporters are added after registries were created. Some metrics will be missing from the reporter. Please add reporter before adding any new registry.
2022-02-17 10:48:01,394 [Listener at 127.0.0.1/33953] WARN  impl.MetricRegistriesImpl (MetricRegistriesImpl.java:addReporterRegistration(111)) - New reporters are added after registries were created. Some metrics will be missing from the reporter. Please add reporter before adding any new registry.
2022-02-17 10:48:01,394 [Listener at 127.0.0.1/33953] INFO  impl.MetricsSystemImpl (MetricsSystemImpl.java:init(158)) - HddsDatanode metrics system started (again)
2022-02-17 10:48:01,398 [Datanode State Machine Daemon Thread] INFO  statemachine.DatanodeStateMachine (DatanodeStateMachine.java:lambda$startDaemon$0(470)) - Ozone container server started.
2022-02-17 10:48:01,413 [Listener at 127.0.0.1/33953] INFO  ozone.HddsDatanodeService (HddsDatanodeService.java:start(233)) - HddsDatanodeService host:fv-az12-716.exdb2aeach2ezidoxz41lk3bwg.cx.internal.cloudapp.net ip:10.1.0.49
2022-02-17 10:48:01,420 [org.apache.hadoop.util.JvmPauseMonitor$Monitor@7936e28d] INFO  util.JvmPauseMonitor (JvmPauseMonitor.java:run(188)) - Starting JVM pause monitor
2022-02-17 10:48:01,436 [Datanode State Machine Task Thread - 0] INFO  ha.SCMNodeInfo (SCMNodeInfo.java:getPort(197)) - ConfigKey ozone.scm.client.address is deprecated, For configuring different ports for each SCM use PortConfigKey ozone.scm.client.port appended with serviceId and nodeId
2022-02-17 10:48:01,437 [Datanode State Machine Task Thread - 0] INFO  ha.SCMNodeInfo (SCMNodeInfo.java:getPort(197)) - ConfigKey ozone.scm.block.client.address is deprecated, For configuring different ports for each SCM use PortConfigKey ozone.scm.block.client.port appended with serviceId and nodeId
2022-02-17 10:48:01,437 [Datanode State Machine Task Thread - 0] INFO  ha.SCMNodeInfo (SCMNodeInfo.java:getPort(197)) - ConfigKey ozone.scm.datanode.address is deprecated, For configuring different ports for each SCM use PortConfigKey ozone.scm.datanode.port appended with serviceId and nodeId
2022-02-17 10:48:01,439 [Datanode State Machine Task Thread - 0] INFO  ha.SCMNodeInfo (SCMNodeInfo.java:getPort(197)) - ConfigKey ozone.scm.client.address is deprecated, For configuring different ports for each SCM use PortConfigKey ozone.scm.client.port appended with serviceId and nodeId
2022-02-17 10:48:01,439 [Datanode State Machine Task Thread - 0] INFO  ha.SCMNodeInfo (SCMNodeInfo.java:getPort(197)) - ConfigKey ozone.scm.block.client.address is deprecated, For configuring different ports for each SCM use PortConfigKey ozone.scm.block.client.port appended with serviceId and nodeId
2022-02-17 10:48:01,439 [Datanode State Machine Task Thread - 0] INFO  ha.SCMNodeInfo (SCMNodeInfo.java:getPort(197)) - ConfigKey ozone.scm.datanode.address is deprecated, For configuring different ports for each SCM use PortConfigKey ozone.scm.datanode.port appended with serviceId and nodeId
2022-02-17 10:48:01,443 [Datanode State Machine Task Thread - 0] INFO  ha.SCMNodeInfo (SCMNodeInfo.java:getPort(197)) - ConfigKey ozone.scm.client.address is deprecated, For configuring different ports for each SCM use PortConfigKey ozone.scm.client.port appended with serviceId and nodeId
2022-02-17 10:48:01,443 [Datanode State Machine Task Thread - 0] INFO  ha.SCMNodeInfo (SCMNodeInfo.java:getPort(197)) - ConfigKey ozone.scm.block.client.address is deprecated, For configuring different ports for each SCM use PortConfigKey ozone.scm.block.client.port appended with serviceId and nodeId
2022-02-17 10:48:01,445 [Datanode State Machine Task Thread - 0] INFO  ha.SCMNodeInfo (SCMNodeInfo.java:getPort(197)) - ConfigKey ozone.scm.datanode.address is deprecated, For configuring different ports for each SCM use PortConfigKey ozone.scm.datanode.port appended with serviceId and nodeId
2022-02-17 10:48:01,448 [Listener at 127.0.0.1/33953] INFO  upgrade.AbstractLayoutVersionManager (AbstractLayoutVersionManager.java:init(79)) - Initializing Layout version manager with metadata layout = SCM_HA (version = 2), software layout = SCM_HA (version = 2)
2022-02-17 10:48:01,450 [Datanode State Machine Task Thread - 0] INFO  datanode.InitDatanodeState (InitDatanodeState.java:persistContainerDatanodeDetails(138)) - DatanodeDetails is persisted to /home/runner/work/ozone/ozone/hadoop-ozone/integration-test/target/test-dir/MiniOzoneClusterImpl-314b2a1d-9ab5-4841-b3ea-c00b8cba638f/datanode-1/meta/datanode.id
2022-02-17 10:48:01,560 [Listener at 127.0.0.1/33953] INFO  reflections.Reflections (Reflections.java:scan(232)) - Reflections took 86 ms to scan 7 urls, producing 119 keys and 279 values 
2022-02-17 10:48:01,569 [Listener at 127.0.0.1/33953] INFO  ha.SCMNodeInfo (SCMNodeInfo.java:getPort(197)) - ConfigKey ozone.scm.client.address is deprecated, For configuring different ports for each SCM use PortConfigKey ozone.scm.client.port appended with serviceId and nodeId
2022-02-17 10:48:01,569 [Listener at 127.0.0.1/33953] INFO  ha.SCMNodeInfo (SCMNodeInfo.java:getPort(197)) - ConfigKey ozone.scm.block.client.address is deprecated, For configuring different ports for each SCM use PortConfigKey ozone.scm.block.client.port appended with serviceId and nodeId
2022-02-17 10:48:01,571 [Listener at 127.0.0.1/33953] INFO  ha.SCMNodeInfo (SCMNodeInfo.java:getPort(197)) - ConfigKey ozone.scm.datanode.address is deprecated, For configuring different ports for each SCM use PortConfigKey ozone.scm.datanode.port appended with serviceId and nodeId
2022-02-17 10:48:01,572 [Listener at 127.0.0.1/33953] INFO  ha.SCMNodeInfo (SCMNodeInfo.java:getPort(197)) - ConfigKey ozone.scm.client.address is deprecated, For configuring different ports for each SCM use PortConfigKey ozone.scm.client.port appended with serviceId and nodeId
2022-02-17 10:48:01,572 [Listener at 127.0.0.1/33953] INFO  ha.SCMNodeInfo (SCMNodeInfo.java:getPort(197)) - ConfigKey ozone.scm.block.client.address is deprecated, For configuring different ports for each SCM use PortConfigKey ozone.scm.block.client.port appended with serviceId and nodeId
2022-02-17 10:48:01,577 [Listener at 127.0.0.1/33953] INFO  ha.SCMNodeInfo (SCMNodeInfo.java:getPort(197)) - ConfigKey ozone.scm.datanode.address is deprecated, For configuring different ports for each SCM use PortConfigKey ozone.scm.datanode.port appended with serviceId and nodeId
2022-02-17 10:48:01,578 [Listener at 127.0.0.1/33953] INFO  ha.SCMNodeInfo (SCMNodeInfo.java:getPort(197)) - ConfigKey ozone.scm.client.address is deprecated, For configuring different ports for each SCM use PortConfigKey ozone.scm.client.port appended with serviceId and nodeId
2022-02-17 10:48:01,578 [Listener at 127.0.0.1/33953] INFO  ha.SCMNodeInfo (SCMNodeInfo.java:getPort(197)) - ConfigKey ozone.scm.block.client.address is deprecated, For configuring different ports for each SCM use PortConfigKey ozone.scm.block.client.port appended with serviceId and nodeId
2022-02-17 10:48:01,578 [Listener at 127.0.0.1/33953] INFO  ha.SCMNodeInfo (SCMNodeInfo.java:getPort(197)) - ConfigKey ozone.scm.datanode.address is deprecated, For configuring different ports for each SCM use PortConfigKey ozone.scm.datanode.port appended with serviceId and nodeId
2022-02-17 10:48:01,578 [Listener at 127.0.0.1/33953] INFO  statemachine.DatanodeStateMachine (DatanodeStateMachine.java:getEndPointTaskThreadPoolSize(222)) - Datanode State Machine Task Thread Pool size 4
2022-02-17 10:48:01,590 [Listener at 127.0.0.1/33953] INFO  volume.HddsVolume (HddsVolume.java:<init>(120)) - Creating HddsVolume: /home/runner/work/ozone/ozone/hadoop-ozone/integration-test/target/test-dir/MiniOzoneClusterImpl-314b2a1d-9ab5-4841-b3ea-c00b8cba638f/datanode-2/data-0/containers/hdds of storage type : DISK capacity : 9223372036854775807
2022-02-17 10:48:01,590 [Listener at 127.0.0.1/33953] INFO  volume.MutableVolumeSet (MutableVolumeSet.java:initializeVolumeSet(168)) - Added Volume : /home/runner/work/ozone/ozone/hadoop-ozone/integration-test/target/test-dir/MiniOzoneClusterImpl-314b2a1d-9ab5-4841-b3ea-c00b8cba638f/datanode-2/data-0/containers/hdds to VolumeSet
2022-02-17 10:48:01,590 [Listener at 127.0.0.1/33953] INFO  volume.ThrottledAsyncChecker (ThrottledAsyncChecker.java:schedule(141)) - Scheduling a check for /home/runner/work/ozone/ozone/hadoop-ozone/integration-test/target/test-dir/MiniOzoneClusterImpl-314b2a1d-9ab5-4841-b3ea-c00b8cba638f/datanode-2/data-0/containers/hdds
2022-02-17 10:48:01,600 [Listener at 127.0.0.1/33953] INFO  volume.StorageVolumeChecker (StorageVolumeChecker.java:checkAllVolumes(202)) - Scheduled health check for volume /home/runner/work/ozone/ozone/hadoop-ozone/integration-test/target/test-dir/MiniOzoneClusterImpl-314b2a1d-9ab5-4841-b3ea-c00b8cba638f/datanode-2/data-0/containers/hdds
2022-02-17 10:48:01,616 [Listener at 127.0.0.1/33953] INFO  volume.MutableVolumeSet (MutableVolumeSet.java:initializeVolumeSet(168)) - Added Volume : /home/runner/work/ozone/ozone/hadoop-ozone/integration-test/target/test-dir/MiniOzoneClusterImpl-314b2a1d-9ab5-4841-b3ea-c00b8cba638f/datanode-2/data/ratis to VolumeSet
2022-02-17 10:48:01,616 [Listener at 127.0.0.1/33953] INFO  volume.ThrottledAsyncChecker (ThrottledAsyncChecker.java:schedule(141)) - Scheduling a check for /home/runner/work/ozone/ozone/hadoop-ozone/integration-test/target/test-dir/MiniOzoneClusterImpl-314b2a1d-9ab5-4841-b3ea-c00b8cba638f/datanode-2/data/ratis
2022-02-17 10:48:01,629 [Listener at 127.0.0.1/33953] INFO  volume.StorageVolumeChecker (StorageVolumeChecker.java:checkAllVolumes(202)) - Scheduled health check for volume /home/runner/work/ozone/ozone/hadoop-ozone/integration-test/target/test-dir/MiniOzoneClusterImpl-314b2a1d-9ab5-4841-b3ea-c00b8cba638f/datanode-2/data/ratis
2022-02-17 10:48:01,659 [Thread-1473] INFO  ozoneimpl.ContainerReader (ContainerReader.java:readVolume(172)) - Finish verifying containers on volume /home/runner/work/ozone/ozone/hadoop-ozone/integration-test/target/test-dir/MiniOzoneClusterImpl-314b2a1d-9ab5-4841-b3ea-c00b8cba638f/datanode-2/data-0/containers/hdds
2022-02-17 10:48:01,659 [Listener at 127.0.0.1/33953] INFO  ozoneimpl.OzoneContainer (OzoneContainer.java:buildContainerSet(243)) - Build ContainerSet costs 0s
2022-02-17 10:48:01,665 [Listener at 127.0.0.1/33953] INFO  server.RaftServer (ConfUtils.java:logGet(44)) - raft.rpc.type = GRPC (default)
2022-02-17 10:48:01,666 [Listener at 127.0.0.1/33953] INFO  grpc.GrpcFactory (GrpcFactory.java:checkPooledByteBufAllocatorUseCacheForAllThreads(48)) - PERFORMANCE WARNING: useCacheForAllThreads is true that may cause Netty to create a lot garbage objects and, as a result, trigger GC.
	It is recommended to disable useCacheForAllThreads by setting -Dorg.apache.ratis.thirdparty.io.netty.allocator.useCacheForAllThreads=false in command line.
2022-02-17 10:48:01,666 [Listener at 127.0.0.1/33953] INFO  grpc.GrpcConfigKeys (ConfUtils.java:logGet(44)) - raft.grpc.admin.port = 0 (custom)
2022-02-17 10:48:01,666 [Listener at 127.0.0.1/33953] INFO  grpc.GrpcConfigKeys (ConfUtils.java:logGet(44)) - raft.grpc.client.port = 0 (custom)
2022-02-17 10:48:01,667 [Listener at 127.0.0.1/33953] INFO  grpc.GrpcConfigKeys (ConfUtils.java:logGet(44)) - raft.grpc.server.port = 0 (default)
2022-02-17 10:48:01,667 [Listener at 127.0.0.1/33953] INFO  server.GrpcService (ConfUtils.java:logGet(44)) - raft.grpc.message.size.max = 32MB (=33554432) (custom)
2022-02-17 10:48:01,667 [Listener at 127.0.0.1/33953] INFO  server.RaftServerConfigKeys (ConfUtils.java:logGet(44)) - raft.server.log.appender.buffer.byte-limit = 33554432 (custom)
2022-02-17 10:48:01,668 [Listener at 127.0.0.1/33953] INFO  server.GrpcService (ConfUtils.java:logGet(44)) - raft.grpc.flow.control.window = 5MB (=5242880) (custom)
2022-02-17 10:48:01,668 [Listener at 127.0.0.1/33953] INFO  server.RaftServerConfigKeys (ConfUtils.java:logGet(44)) - raft.server.rpc.request.timeout = 60s (custom)
2022-02-17 10:48:01,669 [Listener at 127.0.0.1/33953] INFO  impl.DataStreamServerImpl (ConfUtils.java:logGet(44)) - raft.datastream.type = DISABLED (default)
2022-02-17 10:48:01,673 [Listener at 127.0.0.1/33953] INFO  server.RaftServerConfigKeys (ConfUtils.java:logGet(44)) - raft.server.rpc.slowness.timeout = 300s (custom)
2022-02-17 10:48:01,673 [Listener at 127.0.0.1/33953] INFO  server.RaftServerConfigKeys (ConfUtils.java:logGet(44)) - raft.server.leaderelection.leader.step-down.wait-time = 10s (default)
2022-02-17 10:48:01,674 [Listener at 127.0.0.1/33953] INFO  server.RaftServerConfigKeys (ConfUtils.java:logGet(44)) - raft.server.storage.dir = [/home/runner/work/ozone/ozone/hadoop-ozone/integration-test/target/test-dir/MiniOzoneClusterImpl-314b2a1d-9ab5-4841-b3ea-c00b8cba638f/datanode-2/data/ratis] (custom)
2022-02-17 10:48:01,676 [Listener at 127.0.0.1/33953] INFO  server.XceiverServerGrpc (XceiverServerGrpc.java:<init>(132)) - GrpcServer channel type EpollServerSocketChannel
2022-02-17 10:48:01,697 [Listener at 127.0.0.1/33953] INFO  http.BaseHttpServer (BaseHttpServer.java:newHttpServer2BuilderForOzone(209)) - Starting Web-server for hddsDatanode at: http://0.0.0.0:0
2022-02-17 10:48:01,697 [Listener at 127.0.0.1/33953] INFO  http.BaseHttpServer (BaseHttpServer.java:<init>(107)) - Hadoop Security Enabled: false Ozone Security Enabled: false Ozone HTTP Security Enabled: false 
2022-02-17 10:48:01,698 [Listener at 127.0.0.1/33953] INFO  server.AuthenticationFilter (AuthenticationFilter.java:constructSecretProvider(240)) - Unable to initialize FileSignerSecretProvider, falling back to use random secrets.
2022-02-17 10:48:01,702 [Listener at 127.0.0.1/33953] WARN  http.HttpRequestLog (HttpRequestLog.java:getRequestLog(103)) - Jetty request log can only be enabled using Log4j
2022-02-17 10:48:01,703 [Listener at 127.0.0.1/33953] INFO  http.HttpServer2 (HttpServer2.java:addGlobalFilter(1030)) - Added global filter 'safety' (class=org.apache.hadoop.hdds.server.http.HttpServer2$QuotingInputFilter)
2022-02-17 10:48:01,704 [Listener at 127.0.0.1/33953] INFO  http.HttpServer2 (HttpServer2.java:addFilter(1006)) - Added filter static_user_filter (class=org.apache.hadoop.http.lib.StaticUserWebFilter$StaticUserFilter) to context hddsDatanode
2022-02-17 10:48:01,704 [Listener at 127.0.0.1/33953] INFO  http.HttpServer2 (HttpServer2.java:addFilter(1014)) - Added filter static_user_filter (class=org.apache.hadoop.http.lib.StaticUserWebFilter$StaticUserFilter) to context logs
2022-02-17 10:48:01,704 [Listener at 127.0.0.1/33953] INFO  http.HttpServer2 (HttpServer2.java:addFilter(1014)) - Added filter static_user_filter (class=org.apache.hadoop.http.lib.StaticUserWebFilter$StaticUserFilter) to context static
2022-02-17 10:48:01,705 [Listener at 127.0.0.1/33953] INFO  http.HttpServer2 (HttpServer2.java:bindListener(1249)) - Jetty bound to port 44019
2022-02-17 10:48:01,705 [Listener at 127.0.0.1/33953] INFO  server.Server (Server.java:doStart(375)) - jetty-9.4.43.v20210629; built: 2021-06-30T11:07:22.254Z; git: 526006ecfa3af7f1a27ef3a288e2bef7ea9dd7e8; jvm 1.8.0_322-b06
2022-02-17 10:48:01,746 [Listener at 127.0.0.1/33953] INFO  server.session (DefaultSessionIdManager.java:doStart(334)) - DefaultSessionIdManager workerName=node0
2022-02-17 10:48:01,746 [Listener at 127.0.0.1/33953] INFO  server.session (DefaultSessionIdManager.java:doStart(339)) - No SessionScavenger set, using defaults
2022-02-17 10:48:01,746 [Listener at 127.0.0.1/33953] INFO  server.session (HouseKeeper.java:startScavenging(132)) - node0 Scavenging every 660000ms
2022-02-17 10:48:01,748 [Listener at 127.0.0.1/33953] INFO  handler.ContextHandler (ContextHandler.java:doStart(915)) - Started o.e.j.s.ServletContextHandler@17698f4c{logs,/logs,file:///home/runner/work/ozone/ozone/hadoop-ozone/integration-test/target/log,AVAILABLE}
2022-02-17 10:48:01,749 [Listener at 127.0.0.1/33953] INFO  handler.ContextHandler (ContextHandler.java:doStart(915)) - Started o.e.j.s.ServletContextHandler@3ae7e1f2{static,/static,jar:file:/home/runner/.m2/repository/org/apache/ozone/hdds-container-service/1.3.0-SNAPSHOT/hdds-container-service-1.3.0-SNAPSHOT.jar!/webapps/static,AVAILABLE}
2022-02-17 10:48:01,812 [Listener at 127.0.0.1/33953] INFO  handler.ContextHandler (ContextHandler.java:doStart(915)) - Started o.e.j.w.WebAppContext@f345f12{hddsDatanode,/,file:///tmp/jetty-0_0_0_0-44019-hdds-container-service-1_3_0-SNAPSHOT_jar-_-any-5878947674214121594/webapp/,AVAILABLE}{jar:file:/home/runner/.m2/repository/org/apache/ozone/hdds-container-service/1.3.0-SNAPSHOT/hdds-container-service-1.3.0-SNAPSHOT.jar!/webapps/hddsDatanode}
2022-02-17 10:48:01,824 [Listener at 127.0.0.1/33953] INFO  server.AbstractConnector (AbstractConnector.java:doStart(331)) - Started ServerConnector@7f699066{HTTP/1.1, (http/1.1)}{0.0.0.0:44019}
2022-02-17 10:48:01,825 [Listener at 127.0.0.1/33953] INFO  server.Server (Server.java:doStart(415)) - Started @91769ms
2022-02-17 10:48:01,825 [Listener at 127.0.0.1/33953] WARN  impl.MetricsSystemImpl (MetricsSystemImpl.java:register(279)) - Sink prometheus already exists!
2022-02-17 10:48:01,833 [Listener at 127.0.0.1/33953] INFO  http.BaseHttpServer (BaseHttpServer.java:updateConnectorAddress(329)) - HTTP server of hddsDatanode listening at http://0.0.0.0:44019
2022-02-17 10:48:01,839 [Listener at 127.0.0.1/33953] INFO  ozone.MiniOzoneClusterImpl (MiniOzoneClusterImpl.java:lambda$waitForClusterToBeReady$0(219)) - Waiting for nodes to be ready. Got 0 of 3 DN Heartbeats.
2022-02-17 10:48:01,839 [Listener at 127.0.0.1/33953] INFO  ozone.MiniOzoneClusterImpl (MiniOzoneClusterImpl.java:lambda$waitForClusterToBeReady$0(222)) - Waiting for cluster to exit safe mode
2022-02-17 10:48:01,839 [Listener at 127.0.0.1/33953] INFO  ozone.MiniOzoneClusterImpl (MiniOzoneClusterImpl.java:lambda$waitForClusterToBeReady$0(224)) - SCM became leader
2022-02-17 10:48:01,840 [Datanode State Machine Daemon Thread] INFO  statemachine.DatanodeStateMachine (DatanodeStateMachine.java:lambda$startDaemon$0(470)) - Ozone container server started.
2022-02-17 10:48:01,905 [org.apache.hadoop.util.JvmPauseMonitor$Monitor@5e92f4a1] INFO  util.JvmPauseMonitor (JvmPauseMonitor.java:run(188)) - Starting JVM pause monitor
2022-02-17 10:48:01,913 [Datanode State Machine Task Thread - 0] INFO  ha.SCMNodeInfo (SCMNodeInfo.java:getPort(197)) - ConfigKey ozone.scm.client.address is deprecated, For configuring different ports for each SCM use PortConfigKey ozone.scm.client.port appended with serviceId and nodeId
2022-02-17 10:48:01,915 [Datanode State Machine Task Thread - 0] INFO  ha.SCMNodeInfo (SCMNodeInfo.java:getPort(197)) - ConfigKey ozone.scm.block.client.address is deprecated, For configuring different ports for each SCM use PortConfigKey ozone.scm.block.client.port appended with serviceId and nodeId
2022-02-17 10:48:01,915 [Datanode State Machine Task Thread - 0] INFO  ha.SCMNodeInfo (SCMNodeInfo.java:getPort(197)) - ConfigKey ozone.scm.datanode.address is deprecated, For configuring different ports for each SCM use PortConfigKey ozone.scm.datanode.port appended with serviceId and nodeId
2022-02-17 10:48:01,915 [Datanode State Machine Task Thread - 0] INFO  ha.SCMNodeInfo (SCMNodeInfo.java:getPort(197)) - ConfigKey ozone.scm.client.address is deprecated, For configuring different ports for each SCM use PortConfigKey ozone.scm.client.port appended with serviceId and nodeId
2022-02-17 10:48:01,915 [Datanode State Machine Task Thread - 0] INFO  ha.SCMNodeInfo (SCMNodeInfo.java:getPort(197)) - ConfigKey ozone.scm.block.client.address is deprecated, For configuring different ports for each SCM use PortConfigKey ozone.scm.block.client.port appended with serviceId and nodeId
2022-02-17 10:48:01,915 [Datanode State Machine Task Thread - 0] INFO  ha.SCMNodeInfo (SCMNodeInfo.java:getPort(197)) - ConfigKey ozone.scm.datanode.address is deprecated, For configuring different ports for each SCM use PortConfigKey ozone.scm.datanode.port appended with serviceId and nodeId
2022-02-17 10:48:01,915 [Datanode State Machine Task Thread - 0] INFO  ha.SCMNodeInfo (SCMNodeInfo.java:getPort(197)) - ConfigKey ozone.scm.client.address is deprecated, For configuring different ports for each SCM use PortConfigKey ozone.scm.client.port appended with serviceId and nodeId
2022-02-17 10:48:01,915 [Datanode State Machine Task Thread - 0] INFO  ha.SCMNodeInfo (SCMNodeInfo.java:getPort(197)) - ConfigKey ozone.scm.block.client.address is deprecated, For configuring different ports for each SCM use PortConfigKey ozone.scm.block.client.port appended with serviceId and nodeId
2022-02-17 10:48:01,915 [Datanode State Machine Task Thread - 0] INFO  ha.SCMNodeInfo (SCMNodeInfo.java:getPort(197)) - ConfigKey ozone.scm.datanode.address is deprecated, For configuring different ports for each SCM use PortConfigKey ozone.scm.datanode.port appended with serviceId and nodeId
2022-02-17 10:48:01,921 [Datanode State Machine Task Thread - 0] INFO  datanode.InitDatanodeState (InitDatanodeState.java:persistContainerDatanodeDetails(138)) - DatanodeDetails is persisted to /home/runner/work/ozone/ozone/hadoop-ozone/integration-test/target/test-dir/MiniOzoneClusterImpl-314b2a1d-9ab5-4841-b3ea-c00b8cba638f/datanode-2/meta/datanode.id
2022-02-17 10:48:02,013 [EndpointStateMachine task thread for /127.0.0.1:41937 - 0 ] INFO  ipc.Client (Client.java:handleConnectionFailure(977)) - Retrying connect to server: localhost/127.0.0.1:41937. Already tried 11 time(s); retry policy is RetryUpToMaximumCountWithFixedSleep(maxRetries=15, sleepTime=1000 MILLISECONDS)
2022-02-17 10:48:02,020 [EndpointStateMachine task thread for /127.0.0.1:41349 - 0 ] INFO  ipc.Client (Client.java:handleConnectionFailure(977)) - Retrying connect to server: localhost/127.0.0.1:41349. Already tried 11 time(s); retry policy is RetryUpToMaximumCountWithFixedSleep(maxRetries=15, sleepTime=1000 MILLISECONDS)
2022-02-17 10:48:02,025 [EndpointStateMachine task thread for /127.0.0.1:46679 - 0 ] INFO  ipc.Client (Client.java:handleConnectionFailure(977)) - Retrying connect to server: localhost/127.0.0.1:46679. Already tried 11 time(s); retry policy is RetryUpToMaximumCountWithFixedSleep(maxRetries=15, sleepTime=1000 MILLISECONDS)
2022-02-17 10:48:02,842 [Listener at 127.0.0.1/33953] INFO  ozone.MiniOzoneClusterImpl (MiniOzoneClusterImpl.java:lambda$waitForClusterToBeReady$0(219)) - Waiting for nodes to be ready. Got 0 of 3 DN Heartbeats.
2022-02-17 10:48:02,842 [Listener at 127.0.0.1/33953] INFO  ozone.MiniOzoneClusterImpl (MiniOzoneClusterImpl.java:lambda$waitForClusterToBeReady$0(222)) - Waiting for cluster to exit safe mode
2022-02-17 10:48:02,842 [Listener at 127.0.0.1/33953] INFO  ozone.MiniOzoneClusterImpl (MiniOzoneClusterImpl.java:lambda$waitForClusterToBeReady$0(224)) - SCM became leader
2022-02-17 10:48:02,851 [EndpointStateMachine task thread for /127.0.0.1:43155 - 0 ] INFO  ozoneimpl.OzoneContainer (OzoneContainer.java:start(321)) - Attempting to start container services.
2022-02-17 10:48:02,851 [EndpointStateMachine task thread for /127.0.0.1:43155 - 0 ] INFO  ozoneimpl.OzoneContainer (OzoneContainer.java:startContainerScrub(256)) - Background container scanner has been disabled.
2022-02-17 10:48:02,852 [EndpointStateMachine task thread for /127.0.0.1:43155 - 0 ] INFO  replication.ReplicationServer (ReplicationServer.java:start(111)) - ReplicationServer is started using port 34091
2022-02-17 10:48:02,855 [EndpointStateMachine task thread for /127.0.0.1:43155 - 0 ] INFO  ratis.XceiverServerRatis (XceiverServerRatis.java:start(485)) - Starting XceiverServerRatis ac81e281-9cee-42de-af7f-7eadfff53290
2022-02-17 10:48:02,857 [EndpointStateMachine task thread for /127.0.0.1:43155 - 0 ] INFO  server.RaftServer (RaftServerProxy.java:lambda$start$5(374)) - ac81e281-9cee-42de-af7f-7eadfff53290: start RPC server
2022-02-17 10:48:02,858 [EndpointStateMachine task thread for /127.0.0.1:43155 - 0 ] INFO  server.GrpcService (GrpcService.java:startImpl(253)) - ac81e281-9cee-42de-af7f-7eadfff53290: GrpcService started, listening on 46507
2022-02-17 10:48:02,861 [EndpointStateMachine task thread for /127.0.0.1:43155 - 0 ] INFO  ratis.XceiverServerRatis (XceiverServerRatis.java:getRealPort(506)) - XceiverServerRatis ac81e281-9cee-42de-af7f-7eadfff53290 is started using port 46507 for RATIS
2022-02-17 10:48:02,861 [EndpointStateMachine task thread for /127.0.0.1:43155 - 0 ] INFO  ratis.XceiverServerRatis (XceiverServerRatis.java:getRealPort(506)) - XceiverServerRatis ac81e281-9cee-42de-af7f-7eadfff53290 is started using port 46507 for RATIS_ADMIN
2022-02-17 10:48:02,861 [EndpointStateMachine task thread for /127.0.0.1:43155 - 0 ] INFO  ratis.XceiverServerRatis (XceiverServerRatis.java:getRealPort(506)) - XceiverServerRatis ac81e281-9cee-42de-af7f-7eadfff53290 is started using port 46507 for RATIS_SERVER
2022-02-17 10:48:02,863 [org.apache.ratis.util.JvmPauseMonitor$$Lambda$503/2086945474@7b205aff] INFO  util.JvmPauseMonitor (JvmPauseMonitor.java:run(103)) - JvmPauseMonitor-ac81e281-9cee-42de-af7f-7eadfff53290: Started
2022-02-17 10:48:02,867 [EndpointStateMachine task thread for /127.0.0.1:43155 - 0 ] INFO  server.XceiverServerGrpc (XceiverServerGrpc.java:start(180)) - XceiverServerGrpc ac81e281-9cee-42de-af7f-7eadfff53290 is started using port 35333
2022-02-17 10:48:02,873 [EndpointStateMachine task thread for /127.0.0.1:37793 - 0 ] INFO  ozoneimpl.OzoneContainer (OzoneContainer.java:start(317)) - Ignore. OzoneContainer already started.
2022-02-17 10:48:03,013 [EndpointStateMachine task thread for /127.0.0.1:41937 - 0 ] INFO  ipc.Client (Client.java:handleConnectionFailure(977)) - Retrying connect to server: localhost/127.0.0.1:41937. Already tried 12 time(s); retry policy is RetryUpToMaximumCountWithFixedSleep(maxRetries=15, sleepTime=1000 MILLISECONDS)
2022-02-17 10:48:03,020 [EndpointStateMachine task thread for /127.0.0.1:41349 - 0 ] INFO  ipc.Client (Client.java:handleConnectionFailure(977)) - Retrying connect to server: localhost/127.0.0.1:41349. Already tried 12 time(s); retry policy is RetryUpToMaximumCountWithFixedSleep(maxRetries=15, sleepTime=1000 MILLISECONDS)
2022-02-17 10:48:03,025 [EndpointStateMachine task thread for /127.0.0.1:46679 - 0 ] INFO  ipc.Client (Client.java:handleConnectionFailure(977)) - Retrying connect to server: localhost/127.0.0.1:46679. Already tried 12 time(s); retry policy is RetryUpToMaximumCountWithFixedSleep(maxRetries=15, sleepTime=1000 MILLISECONDS)
2022-02-17 10:48:03,439 [EndpointStateMachine task thread for /127.0.0.1:43155 - 0 ] INFO  ozoneimpl.OzoneContainer (OzoneContainer.java:start(321)) - Attempting to start container services.
2022-02-17 10:48:03,439 [EndpointStateMachine task thread for /127.0.0.1:43155 - 0 ] INFO  ozoneimpl.OzoneContainer (OzoneContainer.java:startContainerScrub(256)) - Background container scanner has been disabled.
2022-02-17 10:48:03,440 [EndpointStateMachine task thread for /127.0.0.1:43155 - 0 ] INFO  replication.ReplicationServer (ReplicationServer.java:start(111)) - ReplicationServer is started using port 35311
2022-02-17 10:48:03,441 [EndpointStateMachine task thread for /127.0.0.1:43155 - 0 ] INFO  ratis.XceiverServerRatis (XceiverServerRatis.java:start(485)) - Starting XceiverServerRatis 3b6373f7-c408-47d6-bd58-f170bcabf6e4
2022-02-17 10:48:03,442 [EndpointStateMachine task thread for /127.0.0.1:43155 - 0 ] INFO  server.RaftServer (RaftServerProxy.java:lambda$start$5(374)) - 3b6373f7-c408-47d6-bd58-f170bcabf6e4: start RPC server
2022-02-17 10:48:03,445 [EndpointStateMachine task thread for /127.0.0.1:43155 - 0 ] INFO  server.GrpcService (GrpcService.java:startImpl(253)) - 3b6373f7-c408-47d6-bd58-f170bcabf6e4: GrpcService started, listening on 45045
2022-02-17 10:48:03,446 [EndpointStateMachine task thread for /127.0.0.1:43155 - 0 ] INFO  ratis.XceiverServerRatis (XceiverServerRatis.java:getRealPort(506)) - XceiverServerRatis 3b6373f7-c408-47d6-bd58-f170bcabf6e4 is started using port 45045 for RATIS
2022-02-17 10:48:03,446 [EndpointStateMachine task thread for /127.0.0.1:43155 - 0 ] INFO  ratis.XceiverServerRatis (XceiverServerRatis.java:getRealPort(506)) - XceiverServerRatis 3b6373f7-c408-47d6-bd58-f170bcabf6e4 is started using port 45045 for RATIS_ADMIN
2022-02-17 10:48:03,446 [EndpointStateMachine task thread for /127.0.0.1:43155 - 0 ] INFO  ratis.XceiverServerRatis (XceiverServerRatis.java:getRealPort(506)) - XceiverServerRatis 3b6373f7-c408-47d6-bd58-f170bcabf6e4 is started using port 45045 for RATIS_SERVER
2022-02-17 10:48:03,446 [org.apache.ratis.util.JvmPauseMonitor$$Lambda$503/2086945474@1c174f84] INFO  util.JvmPauseMonitor (JvmPauseMonitor.java:run(103)) - JvmPauseMonitor-3b6373f7-c408-47d6-bd58-f170bcabf6e4: Started
2022-02-17 10:48:03,452 [EndpointStateMachine task thread for /127.0.0.1:43155 - 0 ] INFO  server.XceiverServerGrpc (XceiverServerGrpc.java:start(180)) - XceiverServerGrpc 3b6373f7-c408-47d6-bd58-f170bcabf6e4 is started using port 41985
2022-02-17 10:48:03,457 [EndpointStateMachine task thread for /127.0.0.1:37793 - 0 ] INFO  ozoneimpl.OzoneContainer (OzoneContainer.java:start(317)) - Ignore. OzoneContainer already started.
2022-02-17 10:48:03,843 [Listener at 127.0.0.1/33953] INFO  ozone.MiniOzoneClusterImpl (MiniOzoneClusterImpl.java:lambda$waitForClusterToBeReady$0(219)) - Waiting for nodes to be ready. Got 0 of 3 DN Heartbeats.
2022-02-17 10:48:03,843 [Listener at 127.0.0.1/33953] INFO  ozone.MiniOzoneClusterImpl (MiniOzoneClusterImpl.java:lambda$waitForClusterToBeReady$0(222)) - Waiting for cluster to exit safe mode
2022-02-17 10:48:03,843 [Listener at 127.0.0.1/33953] INFO  ozone.MiniOzoneClusterImpl (MiniOzoneClusterImpl.java:lambda$waitForClusterToBeReady$0(224)) - SCM became leader
2022-02-17 10:48:03,927 [EndpointStateMachine task thread for /127.0.0.1:37793 - 0 ] INFO  ozoneimpl.OzoneContainer (OzoneContainer.java:start(321)) - Attempting to start container services.
2022-02-17 10:48:03,927 [EndpointStateMachine task thread for /127.0.0.1:37793 - 0 ] INFO  ozoneimpl.OzoneContainer (OzoneContainer.java:startContainerScrub(256)) - Background container scanner has been disabled.
2022-02-17 10:48:03,928 [EndpointStateMachine task thread for /127.0.0.1:37793 - 0 ] INFO  replication.ReplicationServer (ReplicationServer.java:start(111)) - ReplicationServer is started using port 36983
2022-02-17 10:48:03,929 [EndpointStateMachine task thread for /127.0.0.1:37793 - 0 ] INFO  ratis.XceiverServerRatis (XceiverServerRatis.java:start(485)) - Starting XceiverServerRatis 0523a322-62fb-48ad-ac32-b14e75d36544
2022-02-17 10:48:03,934 [EndpointStateMachine task thread for /127.0.0.1:37793 - 0 ] INFO  server.RaftServer (RaftServerProxy.java:lambda$start$5(374)) - 0523a322-62fb-48ad-ac32-b14e75d36544: start RPC server
2022-02-17 10:48:03,936 [EndpointStateMachine task thread for /127.0.0.1:37793 - 0 ] INFO  server.GrpcService (GrpcService.java:startImpl(253)) - 0523a322-62fb-48ad-ac32-b14e75d36544: GrpcService started, listening on 40599
2022-02-17 10:48:03,942 [EndpointStateMachine task thread for /127.0.0.1:37793 - 0 ] INFO  ratis.XceiverServerRatis (XceiverServerRatis.java:getRealPort(506)) - XceiverServerRatis 0523a322-62fb-48ad-ac32-b14e75d36544 is started using port 40599 for RATIS
2022-02-17 10:48:03,942 [EndpointStateMachine task thread for /127.0.0.1:37793 - 0 ] INFO  ratis.XceiverServerRatis (XceiverServerRatis.java:getRealPort(506)) - XceiverServerRatis 0523a322-62fb-48ad-ac32-b14e75d36544 is started using port 40599 for RATIS_ADMIN
2022-02-17 10:48:03,942 [EndpointStateMachine task thread for /127.0.0.1:37793 - 0 ] INFO  ratis.XceiverServerRatis (XceiverServerRatis.java:getRealPort(506)) - XceiverServerRatis 0523a322-62fb-48ad-ac32-b14e75d36544 is started using port 40599 for RATIS_SERVER
2022-02-17 10:48:03,942 [org.apache.ratis.util.JvmPauseMonitor$$Lambda$503/2086945474@47b7bdd9] INFO  util.JvmPauseMonitor (JvmPauseMonitor.java:run(103)) - JvmPauseMonitor-0523a322-62fb-48ad-ac32-b14e75d36544: Started
2022-02-17 10:48:03,943 [EndpointStateMachine task thread for /127.0.0.1:37793 - 0 ] INFO  server.XceiverServerGrpc (XceiverServerGrpc.java:start(180)) - XceiverServerGrpc 0523a322-62fb-48ad-ac32-b14e75d36544 is started using port 44261
2022-02-17 10:48:03,945 [EndpointStateMachine task thread for /127.0.0.1:43155 - 0 ] INFO  ozoneimpl.OzoneContainer (OzoneContainer.java:start(317)) - Ignore. OzoneContainer already started.
2022-02-17 10:48:04,014 [EndpointStateMachine task thread for /127.0.0.1:41937 - 0 ] INFO  ipc.Client (Client.java:handleConnectionFailure(977)) - Retrying connect to server: localhost/127.0.0.1:41937. Already tried 13 time(s); retry policy is RetryUpToMaximumCountWithFixedSleep(maxRetries=15, sleepTime=1000 MILLISECONDS)
2022-02-17 10:48:04,021 [EndpointStateMachine task thread for /127.0.0.1:41349 - 0 ] INFO  ipc.Client (Client.java:handleConnectionFailure(977)) - Retrying connect to server: localhost/127.0.0.1:41349. Already tried 13 time(s); retry policy is RetryUpToMaximumCountWithFixedSleep(maxRetries=15, sleepTime=1000 MILLISECONDS)
2022-02-17 10:48:04,025 [EndpointStateMachine task thread for /127.0.0.1:46679 - 0 ] INFO  ipc.Client (Client.java:handleConnectionFailure(977)) - Retrying connect to server: localhost/127.0.0.1:46679. Already tried 13 time(s); retry policy is RetryUpToMaximumCountWithFixedSleep(maxRetries=15, sleepTime=1000 MILLISECONDS)
2022-02-17 10:48:04,811 [IPC Server handler 1 on default port 43155] INFO  net.NetworkTopologyImpl (NetworkTopologyImpl.java:add(112)) - Added a new node: /default-rack/ac81e281-9cee-42de-af7f-7eadfff53290
2022-02-17 10:48:04,812 [IPC Server handler 1 on default port 43155] INFO  node.SCMNodeManager (SCMNodeManager.java:register(389)) - Registered Data node : ac81e281-9cee-42de-af7f-7eadfff53290{ip: 127.0.0.1, host: localhost, ports: [REPLICATION=34091, RATIS=46507, RATIS_ADMIN=46507, RATIS_SERVER=46507, STANDALONE=35333], networkLocation: /default-rack, certSerialId: null, persistedOpState: null, persistedOpStateExpiryEpochSec: 0}
2022-02-17 10:48:04,812 [IPC Server handler 6 on default port 37793] INFO  net.NetworkTopologyImpl (NetworkTopologyImpl.java:add(112)) - Added a new node: /default-rack/ac81e281-9cee-42de-af7f-7eadfff53290
2022-02-17 10:48:04,812 [IPC Server handler 6 on default port 37793] INFO  node.SCMNodeManager (SCMNodeManager.java:register(389)) - Registered Data node : ac81e281-9cee-42de-af7f-7eadfff53290{ip: 127.0.0.1, host: localhost, ports: [REPLICATION=34091, RATIS=46507, RATIS_ADMIN=46507, RATIS_SERVER=46507, STANDALONE=35333], networkLocation: /default-rack, certSerialId: null, persistedOpState: null, persistedOpStateExpiryEpochSec: 0}
2022-02-17 10:48:04,818 [EventQueue-NodeRegistrationContainerReportForDataNodeSafeModeRule] INFO  safemode.SCMSafeModeManager (DataNodeSafeModeRule.java:process(71)) - SCM in safe mode. 1 DataNodes registered, 3 required.
2022-02-17 10:48:04,826 [EventQueue-NewNodeForNewNodeHandler] INFO  pipeline.BackgroundPipelineCreator (BackgroundPipelineCreator.java:notifyEventTriggered(279)) - ignore, not leader SCM.
2022-02-17 10:48:04,826 [EventQueue-NodeRegistrationContainerReportForContainerSafeModeRule] INFO  safemode.SCMSafeModeManager (SCMSafeModeManager.java:validateSafeModeExitRules(204)) - ContainerSafeModeRule rule is successfully validated
2022-02-17 10:48:04,827 [EventQueue-PipelineReportForOneReplicaPipelineSafeModeRule] INFO  safemode.SCMSafeModeManager (SCMSafeModeManager.java:validateSafeModeExitRules(204)) - AtleastOneDatanodeReportedRule rule is successfully validated
2022-02-17 10:48:04,828 [EventQueue-NodeRegistrationContainerReportForDataNodeSafeModeRule] INFO  safemode.SCMSafeModeManager (DataNodeSafeModeRule.java:process(71)) - SCM in safe mode. 1 DataNodes registered, 3 required.
2022-02-17 10:48:04,830 [EventQueue-NewNodeForNewNodeHandler] INFO  pipeline.BackgroundPipelineCreator (BackgroundPipelineCreator.java:notifyEventTriggered(285)) - trigger a one-shot run on RatisPipelineUtilsThread.
2022-02-17 10:48:04,830 [RatisPipelineUtilsThread - 0] INFO  pipeline.RatisPipelineProvider (RatisPipelineProvider.java:lambda$create$0(183)) - Sending CreatePipelineCommand for pipeline:PipelineID=76cb242d-453b-445e-a9ac-77c3fa8464de to datanode:ac81e281-9cee-42de-af7f-7eadfff53290
2022-02-17 10:48:04,834 [EventQueue-NodeRegistrationContainerReportForContainerSafeModeRule] INFO  safemode.SCMSafeModeManager (SCMSafeModeManager.java:validateSafeModeExitRules(204)) - ContainerSafeModeRule rule is successfully validated
2022-02-17 10:48:04,844 [Listener at 127.0.0.1/33953] INFO  ozone.MiniOzoneClusterImpl (MiniOzoneClusterImpl.java:lambda$waitForClusterToBeReady$0(219)) - Waiting for nodes to be ready. Got 1 of 3 DN Heartbeats.
2022-02-17 10:48:04,844 [Listener at 127.0.0.1/33953] INFO  ozone.MiniOzoneClusterImpl (MiniOzoneClusterImpl.java:lambda$waitForClusterToBeReady$0(222)) - Waiting for cluster to exit safe mode
2022-02-17 10:48:04,844 [Listener at 127.0.0.1/33953] INFO  ozone.MiniOzoneClusterImpl (MiniOzoneClusterImpl.java:lambda$waitForClusterToBeReady$0(224)) - SCM became leader
2022-02-17 10:48:04,848 [EventQueue-PipelineReportForOneReplicaPipelineSafeModeRule] INFO  safemode.SCMSafeModeManager (SCMSafeModeManager.java:validateSafeModeExitRules(204)) - AtleastOneDatanodeReportedRule rule is successfully validated
2022-02-17 10:48:04,884 [e1200b4d-f169-45a2-b87f-8a7ea851d305@group-C00B8CBA638F-StateMachineUpdater] INFO  pipeline.PipelineStateManagerImpl (PipelineStateManagerImpl.java:addPipeline(101)) - Created pipeline Pipeline[ Id: 76cb242d-453b-445e-a9ac-77c3fa8464de, Nodes: ac81e281-9cee-42de-af7f-7eadfff53290{ip: 127.0.0.1, host: localhost, ports: [REPLICATION=34091, RATIS=46507, RATIS_ADMIN=46507, RATIS_SERVER=46507, STANDALONE=35333], networkLocation: /default-rack, certSerialId: null, persistedOpState: IN_SERVICE, persistedOpStateExpiryEpochSec: 0}, ReplicationConfig: RATIS/ONE, State:ALLOCATED, leaderId:, CreationTimestamp2022-02-17T10:48:04.830Z[Etc/UTC]].
2022-02-17 10:48:04,885 [e1200b4d-f169-45a2-b87f-8a7ea851d305@group-C00B8CBA638F-StateMachineUpdater] INFO  safemode.HealthyPipelineSafeModeRule (HealthyPipelineSafeModeRule.java:initializeRule(152)) - Refreshed total pipeline count is 0, healthy pipeline threshold count is 1
2022-02-17 10:48:04,892 [01f34702-14f0-4566-9f1c-66e15822e926@group-C00B8CBA638F-StateMachineUpdater] INFO  pipeline.PipelineStateManagerImpl (PipelineStateManagerImpl.java:addPipeline(101)) - Created pipeline Pipeline[ Id: 76cb242d-453b-445e-a9ac-77c3fa8464de, Nodes: ac81e281-9cee-42de-af7f-7eadfff53290{ip: 127.0.0.1, host: localhost, ports: [REPLICATION=34091, RATIS=46507, RATIS_ADMIN=46507, RATIS_SERVER=46507, STANDALONE=35333], networkLocation: /default-rack, certSerialId: null, persistedOpState: IN_SERVICE, persistedOpStateExpiryEpochSec: 0}, ReplicationConfig: RATIS/ONE, State:ALLOCATED, leaderId:, CreationTimestamp2022-02-17T10:48:04.830Z[Etc/UTC]].
2022-02-17 10:48:04,892 [01f34702-14f0-4566-9f1c-66e15822e926@group-C00B8CBA638F-StateMachineUpdater] INFO  safemode.HealthyPipelineSafeModeRule (HealthyPipelineSafeModeRule.java:initializeRule(152)) - Refreshed total pipeline count is 0, healthy pipeline threshold count is 1
2022-02-17 10:48:04,893 [01f34702-14f0-4566-9f1c-66e15822e926@group-C00B8CBA638F-StateMachineUpdater] INFO  ha.SCMStateMachine (SCMStateMachine.java:takeSnapshot(297)) - Current Snapshot Index 7, takeSnapshot took 0 ms
2022-02-17 10:48:04,893 [01f34702-14f0-4566-9f1c-66e15822e926@group-C00B8CBA638F-StateMachineUpdater] INFO  impl.StateMachineUpdater (StateMachineUpdater.java:takeSnapshot(281)) - 01f34702-14f0-4566-9f1c-66e15822e926@group-C00B8CBA638F-StateMachineUpdater: Took a snapshot at index 7
2022-02-17 10:48:04,893 [01f34702-14f0-4566-9f1c-66e15822e926@group-C00B8CBA638F-StateMachineUpdater] INFO  impl.StateMachineUpdater (StateMachineUpdater.java:lambda$new$0(89)) - 01f34702-14f0-4566-9f1c-66e15822e926@group-C00B8CBA638F-StateMachineUpdater: snapshotIndex: updateIncreasingly 2 -> 7
2022-02-17 10:48:04,893 [01f34702-14f0-4566-9f1c-66e15822e926@group-C00B8CBA638F-StateMachineUpdater] INFO  raftlog.RaftLog (RaftLogBase.java:purge(306)) - 01f34702-14f0-4566-9f1c-66e15822e926@group-C00B8CBA638F-SegmentedRaftLog: purge 7
2022-02-17 10:48:04,893 [01f34702-14f0-4566-9f1c-66e15822e926@group-C00B8CBA638F-StateMachineUpdater] INFO  raftlog.RaftLog (RaftLogBase.java:lambda$new$0(53)) - 01f34702-14f0-4566-9f1c-66e15822e926@group-C00B8CBA638F-SegmentedRaftLog: snapshotIndex: updateIncreasingly 2 -> 7
2022-02-17 10:48:04,893 [01f34702-14f0-4566-9f1c-66e15822e926@group-C00B8CBA638F-StateMachineUpdater] INFO  raftlog.RaftLog (RaftLogBase.java:lambda$new$0(53)) - 01f34702-14f0-4566-9f1c-66e15822e926@group-C00B8CBA638F-SegmentedRaftLog: purgeIndex: updateToMax old=-1, new=7, updated? true
2022-02-17 10:48:05,014 [EndpointStateMachine task thread for /127.0.0.1:41937 - 0 ] INFO  ipc.Client (Client.java:handleConnectionFailure(977)) - Retrying connect to server: localhost/127.0.0.1:41937. Already tried 14 time(s); retry policy is RetryUpToMaximumCountWithFixedSleep(maxRetries=15, sleepTime=1000 MILLISECONDS)
2022-02-17 10:48:05,015 [EndpointStateMachine task thread for /127.0.0.1:41937 - 0 ] WARN  statemachine.EndpointStateMachine (EndpointStateMachine.java:logIfNeeded(236)) - Unable to communicate to SCM server at localhost:41937 for past 0 seconds.
java.net.ConnectException: Call From fv-az12-716/10.1.0.49 to localhost:41937 failed on connection exception: java.net.ConnectException: Connection refused; For more details see:  http://wiki.apache.org/hadoop/ConnectionRefused
	at sun.reflect.NativeConstructorAccessorImpl.newInstance0(Native Method)
	at sun.reflect.NativeConstructorAccessorImpl.newInstance(NativeConstructorAccessorImpl.java:62)
	at sun.reflect.DelegatingConstructorAccessorImpl.newInstance(DelegatingConstructorAccessorImpl.java:45)
	at java.lang.reflect.Constructor.newInstance(Constructor.java:423)
	at org.apache.hadoop.net.NetUtils.wrapWithMessage(NetUtils.java:913)
	at org.apache.hadoop.net.NetUtils.wrapException(NetUtils.java:828)
	at org.apache.hadoop.ipc.Client.getRpcResponse(Client.java:1577)
	at org.apache.hadoop.ipc.Client.call(Client.java:1519)
	at org.apache.hadoop.ipc.Client.call(Client.java:1416)
	at org.apache.hadoop.ipc.ProtobufRpcEngine$Invoker.invoke(ProtobufRpcEngine.java:236)
	at org.apache.hadoop.ipc.ProtobufRpcEngine$Invoker.invoke(ProtobufRpcEngine.java:123)
	at com.sun.proxy.$Proxy48.submitRequest(Unknown Source)
	at org.apache.hadoop.ozone.protocolPB.StorageContainerDatanodeProtocolClientSideTranslatorPB.submitRequest(StorageContainerDatanodeProtocolClientSideTranslatorPB.java:117)
	at org.apache.hadoop.ozone.protocolPB.StorageContainerDatanodeProtocolClientSideTranslatorPB.sendHeartbeat(StorageContainerDatanodeProtocolClientSideTranslatorPB.java:149)
	at org.apache.hadoop.ozone.container.common.states.endpoint.HeartbeatEndpointTask.call(HeartbeatEndpointTask.java:179)
	at org.apache.hadoop.ozone.container.common.states.endpoint.HeartbeatEndpointTask.call(HeartbeatEndpointTask.java:82)
	at java.util.concurrent.FutureTask.run(FutureTask.java:266)
	at java.util.concurrent.ThreadPoolExecutor.runWorker(ThreadPoolExecutor.java:1149)
	at java.util.concurrent.ThreadPoolExecutor$Worker.run(ThreadPoolExecutor.java:624)
	at java.lang.Thread.run(Thread.java:750)
Caused by: java.net.ConnectException: Connection refused
	at sun.nio.ch.SocketChannelImpl.checkConnect(Native Method)
	at sun.nio.ch.SocketChannelImpl.finishConnect(SocketChannelImpl.java:716)
	at org.apache.hadoop.net.SocketIOWithTimeout.connect(SocketIOWithTimeout.java:206)
	at org.apache.hadoop.net.NetUtils.connect(NetUtils.java:586)
	at org.apache.hadoop.ipc.Client$Connection.setupConnection(Client.java:701)
	at org.apache.hadoop.ipc.Client$Connection.setupIOstreams(Client.java:822)
	at org.apache.hadoop.ipc.Client$Connection.access$3800(Client.java:414)
	at org.apache.hadoop.ipc.Client.getConnection(Client.java:1647)
	at org.apache.hadoop.ipc.Client.call(Client.java:1463)
	... 12 more
2022-02-17 10:48:05,021 [EndpointStateMachine task thread for /127.0.0.1:41349 - 0 ] INFO  ipc.Client (Client.java:handleConnectionFailure(977)) - Retrying connect to server: localhost/127.0.0.1:41349. Already tried 14 time(s); retry policy is RetryUpToMaximumCountWithFixedSleep(maxRetries=15, sleepTime=1000 MILLISECONDS)
2022-02-17 10:48:05,026 [EndpointStateMachine task thread for /127.0.0.1:46679 - 0 ] INFO  ipc.Client (Client.java:handleConnectionFailure(977)) - Retrying connect to server: localhost/127.0.0.1:46679. Already tried 14 time(s); retry policy is RetryUpToMaximumCountWithFixedSleep(maxRetries=15, sleepTime=1000 MILLISECONDS)
2022-02-17 10:48:05,423 [IPC Server handler 0 on default port 43155] INFO  net.NetworkTopologyImpl (NetworkTopologyImpl.java:add(112)) - Added a new node: /default-rack/3b6373f7-c408-47d6-bd58-f170bcabf6e4
2022-02-17 10:48:05,423 [IPC Server handler 0 on default port 43155] INFO  node.SCMNodeManager (SCMNodeManager.java:register(389)) - Registered Data node : 3b6373f7-c408-47d6-bd58-f170bcabf6e4{ip: 127.0.0.1, host: localhost, ports: [REPLICATION=35311, RATIS=45045, RATIS_ADMIN=45045, RATIS_SERVER=45045, STANDALONE=41985], networkLocation: /default-rack, certSerialId: null, persistedOpState: null, persistedOpStateExpiryEpochSec: 0}
2022-02-17 10:48:05,424 [IPC Server handler 4 on default port 37793] INFO  net.NetworkTopologyImpl (NetworkTopologyImpl.java:add(112)) - Added a new node: /default-rack/3b6373f7-c408-47d6-bd58-f170bcabf6e4
2022-02-17 10:48:05,424 [IPC Server handler 4 on default port 37793] INFO  node.SCMNodeManager (SCMNodeManager.java:register(389)) - Registered Data node : 3b6373f7-c408-47d6-bd58-f170bcabf6e4{ip: 127.0.0.1, host: localhost, ports: [REPLICATION=35311, RATIS=45045, RATIS_ADMIN=45045, RATIS_SERVER=45045, STANDALONE=41985], networkLocation: /default-rack, certSerialId: null, persistedOpState: null, persistedOpStateExpiryEpochSec: 0}
2022-02-17 10:48:05,425 [EventQueue-NewNodeForNewNodeHandler] INFO  pipeline.BackgroundPipelineCreator (BackgroundPipelineCreator.java:notifyEventTriggered(279)) - ignore, not leader SCM.
2022-02-17 10:48:05,426 [EventQueue-NodeRegistrationContainerReportForDataNodeSafeModeRule] INFO  safemode.SCMSafeModeManager (DataNodeSafeModeRule.java:process(71)) - SCM in safe mode. 2 DataNodes registered, 3 required.
2022-02-17 10:48:05,426 [EventQueue-NewNodeForNewNodeHandler] INFO  pipeline.BackgroundPipelineCreator (BackgroundPipelineCreator.java:notifyEventTriggered(285)) - trigger a one-shot run on RatisPipelineUtilsThread.
2022-02-17 10:48:05,427 [RatisPipelineUtilsThread - 0] INFO  pipeline.RatisPipelineProvider (RatisPipelineProvider.java:lambda$create$0(183)) - Sending CreatePipelineCommand for pipeline:PipelineID=8aaf4578-6a37-45fa-a784-7bb2698b34c9 to datanode:3b6373f7-c408-47d6-bd58-f170bcabf6e4
2022-02-17 10:48:05,429 [EventQueue-NodeRegistrationContainerReportForDataNodeSafeModeRule] INFO  safemode.SCMSafeModeManager (DataNodeSafeModeRule.java:process(71)) - SCM in safe mode. 2 DataNodes registered, 3 required.
2022-02-17 10:48:05,436 [e1200b4d-f169-45a2-b87f-8a7ea851d305@group-C00B8CBA638F-StateMachineUpdater] INFO  pipeline.PipelineStateManagerImpl (PipelineStateManagerImpl.java:addPipeline(101)) - Created pipeline Pipeline[ Id: 8aaf4578-6a37-45fa-a784-7bb2698b34c9, Nodes: 3b6373f7-c408-47d6-bd58-f170bcabf6e4{ip: 127.0.0.1, host: localhost, ports: [REPLICATION=35311, RATIS=45045, RATIS_ADMIN=45045, RATIS_SERVER=45045, STANDALONE=41985], networkLocation: /default-rack, certSerialId: null, persistedOpState: IN_SERVICE, persistedOpStateExpiryEpochSec: 0}, ReplicationConfig: RATIS/ONE, State:ALLOCATED, leaderId:, CreationTimestamp2022-02-17T10:48:05.427Z[Etc/UTC]].
2022-02-17 10:48:05,436 [e1200b4d-f169-45a2-b87f-8a7ea851d305@group-C00B8CBA638F-StateMachineUpdater] INFO  safemode.HealthyPipelineSafeModeRule (HealthyPipelineSafeModeRule.java:initializeRule(152)) - Refreshed total pipeline count is 0, healthy pipeline threshold count is 1
2022-02-17 10:48:05,439 [01f34702-14f0-4566-9f1c-66e15822e926@group-C00B8CBA638F-StateMachineUpdater] INFO  pipeline.PipelineStateManagerImpl (PipelineStateManagerImpl.java:addPipeline(101)) - Created pipeline Pipeline[ Id: 8aaf4578-6a37-45fa-a784-7bb2698b34c9, Nodes: 3b6373f7-c408-47d6-bd58-f170bcabf6e4{ip: 127.0.0.1, host: localhost, ports: [REPLICATION=35311, RATIS=45045, RATIS_ADMIN=45045, RATIS_SERVER=45045, STANDALONE=41985], networkLocation: /default-rack, certSerialId: null, persistedOpState: IN_SERVICE, persistedOpStateExpiryEpochSec: 0}, ReplicationConfig: RATIS/ONE, State:ALLOCATED, leaderId:, CreationTimestamp2022-02-17T10:48:05.427Z[Etc/UTC]].
2022-02-17 10:48:05,439 [01f34702-14f0-4566-9f1c-66e15822e926@group-C00B8CBA638F-StateMachineUpdater] INFO  safemode.HealthyPipelineSafeModeRule (HealthyPipelineSafeModeRule.java:initializeRule(152)) - Refreshed total pipeline count is 0, healthy pipeline threshold count is 1
2022-02-17 10:48:05,443 [e1200b4d-f169-45a2-b87f-8a7ea851d305@group-C00B8CBA638F-StateMachineUpdater] INFO  ha.SCMStateMachine (SCMStateMachine.java:takeSnapshot(297)) - Current Snapshot Index 10, takeSnapshot took 0 ms
2022-02-17 10:48:05,443 [e1200b4d-f169-45a2-b87f-8a7ea851d305@group-C00B8CBA638F-StateMachineUpdater] INFO  impl.StateMachineUpdater (StateMachineUpdater.java:takeSnapshot(281)) - e1200b4d-f169-45a2-b87f-8a7ea851d305@group-C00B8CBA638F-StateMachineUpdater: Took a snapshot at index 10
2022-02-17 10:48:05,443 [e1200b4d-f169-45a2-b87f-8a7ea851d305@group-C00B8CBA638F-StateMachineUpdater] INFO  impl.StateMachineUpdater (StateMachineUpdater.java:lambda$new$0(89)) - e1200b4d-f169-45a2-b87f-8a7ea851d305@group-C00B8CBA638F-StateMachineUpdater: snapshotIndex: updateIncreasingly 5 -> 10
2022-02-17 10:48:05,443 [e1200b4d-f169-45a2-b87f-8a7ea851d305@group-C00B8CBA638F-StateMachineUpdater] INFO  raftlog.RaftLog (RaftLogBase.java:purge(306)) - e1200b4d-f169-45a2-b87f-8a7ea851d305@group-C00B8CBA638F-SegmentedRaftLog: purge 10
2022-02-17 10:48:05,443 [e1200b4d-f169-45a2-b87f-8a7ea851d305@group-C00B8CBA638F-StateMachineUpdater] INFO  raftlog.RaftLog (RaftLogBase.java:lambda$new$0(53)) - e1200b4d-f169-45a2-b87f-8a7ea851d305@group-C00B8CBA638F-SegmentedRaftLog: snapshotIndex: updateIncreasingly 5 -> 10
2022-02-17 10:48:05,443 [e1200b4d-f169-45a2-b87f-8a7ea851d305@group-C00B8CBA638F-StateMachineUpdater] INFO  raftlog.RaftLog (RaftLogBase.java:lambda$new$0(53)) - e1200b4d-f169-45a2-b87f-8a7ea851d305@group-C00B8CBA638F-SegmentedRaftLog: purgeIndex: updateToMax old=0, new=10, updated? true
2022-02-17 10:48:05,844 [Listener at 127.0.0.1/33953] INFO  ozone.MiniOzoneClusterImpl (MiniOzoneClusterImpl.java:lambda$waitForClusterToBeReady$0(219)) - Waiting for nodes to be ready. Got 2 of 3 DN Heartbeats.
2022-02-17 10:48:05,844 [Listener at 127.0.0.1/33953] INFO  ozone.MiniOzoneClusterImpl (MiniOzoneClusterImpl.java:lambda$waitForClusterToBeReady$0(222)) - Waiting for cluster to exit safe mode
2022-02-17 10:48:05,844 [Listener at 127.0.0.1/33953] INFO  ozone.MiniOzoneClusterImpl (MiniOzoneClusterImpl.java:lambda$waitForClusterToBeReady$0(224)) - SCM became leader
2022-02-17 10:48:05,914 [IPC Server handler 5 on default port 37793] INFO  net.NetworkTopologyImpl (NetworkTopologyImpl.java:add(112)) - Added a new node: /default-rack/0523a322-62fb-48ad-ac32-b14e75d36544
2022-02-17 10:48:05,914 [IPC Server handler 5 on default port 37793] INFO  node.SCMNodeManager (SCMNodeManager.java:register(389)) - Registered Data node : 0523a322-62fb-48ad-ac32-b14e75d36544{ip: 127.0.0.1, host: localhost, ports: [REPLICATION=36983, RATIS=40599, RATIS_ADMIN=40599, RATIS_SERVER=40599, STANDALONE=44261], networkLocation: /default-rack, certSerialId: null, persistedOpState: null, persistedOpStateExpiryEpochSec: 0}
2022-02-17 10:48:05,914 [EventQueue-NewNodeForNewNodeHandler] INFO  pipeline.BackgroundPipelineCreator (BackgroundPipelineCreator.java:notifyEventTriggered(285)) - trigger a one-shot run on RatisPipelineUtilsThread.
2022-02-17 10:48:05,915 [RatisPipelineUtilsThread - 0] INFO  pipeline.RatisPipelineProvider (RatisPipelineProvider.java:lambda$create$0(183)) - Sending CreatePipelineCommand for pipeline:PipelineID=dcad12fe-1299-4e91-9909-a45ccb0ea0ac to datanode:0523a322-62fb-48ad-ac32-b14e75d36544
2022-02-17 10:48:05,918 [IPC Server handler 2 on default port 43155] INFO  net.NetworkTopologyImpl (NetworkTopologyImpl.java:add(112)) - Added a new node: /default-rack/0523a322-62fb-48ad-ac32-b14e75d36544
2022-02-17 10:48:05,918 [IPC Server handler 2 on default port 43155] INFO  node.SCMNodeManager (SCMNodeManager.java:register(389)) - Registered Data node : 0523a322-62fb-48ad-ac32-b14e75d36544{ip: 127.0.0.1, host: localhost, ports: [REPLICATION=36983, RATIS=40599, RATIS_ADMIN=40599, RATIS_SERVER=40599, STANDALONE=44261], networkLocation: /default-rack, certSerialId: null, persistedOpState: null, persistedOpStateExpiryEpochSec: 0}
2022-02-17 10:48:05,919 [EventQueue-NewNodeForNewNodeHandler] INFO  pipeline.BackgroundPipelineCreator (BackgroundPipelineCreator.java:notifyEventTriggered(279)) - ignore, not leader SCM.
2022-02-17 10:48:05,922 [EventQueue-NodeRegistrationContainerReportForDataNodeSafeModeRule] INFO  safemode.SCMSafeModeManager (DataNodeSafeModeRule.java:process(71)) - SCM in safe mode. 3 DataNodes registered, 3 required.
2022-02-17 10:48:05,922 [EventQueue-NodeRegistrationContainerReportForDataNodeSafeModeRule] INFO  safemode.SCMSafeModeManager (SCMSafeModeManager.java:validateSafeModeExitRules(204)) - DataNodeSafeModeRule rule is successfully validated
2022-02-17 10:48:05,922 [EventQueue-NodeRegistrationContainerReportForDataNodeSafeModeRule] INFO  safemode.SCMSafeModeManager (SCMSafeModeManager.java:completePreCheck(233)) - All SCM safe mode pre check rules have passed
2022-02-17 10:48:05,922 [EventQueue-NodeRegistrationContainerReportForDataNodeSafeModeRule] WARN  events.EventQueue (EventQueue.java:fireEvent(194)) - No event handler registered for event TypedEvent{payloadType=SafeModeStatus, name='Safe mode status'}
2022-02-17 10:48:05,922 [EventQueue-NodeRegistrationContainerReportForDataNodeSafeModeRule] INFO  ha.SCMContext (SCMContext.java:updateSafeModeStatus(211)) - Update SafeModeStatus from SafeModeStatus{safeModeStatus=true, preCheckPassed=false} to SafeModeStatus{safeModeStatus=true, preCheckPassed=true}.
2022-02-17 10:48:05,922 [EventQueue-NodeRegistrationContainerReportForDataNodeSafeModeRule] INFO  pipeline.BackgroundPipelineCreator (BackgroundPipelineCreator.java:notifyEventTriggered(285)) - trigger a one-shot run on RatisPipelineUtilsThread.
2022-02-17 10:48:05,926 [e1200b4d-f169-45a2-b87f-8a7ea851d305@group-C00B8CBA638F-StateMachineUpdater] INFO  pipeline.PipelineStateManagerImpl (PipelineStateManagerImpl.java:addPipeline(101)) - Created pipeline Pipeline[ Id: dcad12fe-1299-4e91-9909-a45ccb0ea0ac, Nodes: 0523a322-62fb-48ad-ac32-b14e75d36544{ip: 127.0.0.1, host: localhost, ports: [REPLICATION=36983, RATIS=40599, RATIS_ADMIN=40599, RATIS_SERVER=40599, STANDALONE=44261], networkLocation: /default-rack, certSerialId: null, persistedOpState: IN_SERVICE, persistedOpStateExpiryEpochSec: 0}, ReplicationConfig: RATIS/ONE, State:ALLOCATED, leaderId:, CreationTimestamp2022-02-17T10:48:05.915Z[Etc/UTC]].
2022-02-17 10:48:05,927 [e1200b4d-f169-45a2-b87f-8a7ea851d305@group-C00B8CBA638F-StateMachineUpdater] INFO  safemode.HealthyPipelineSafeModeRule (HealthyPipelineSafeModeRule.java:initializeRule(152)) - Refreshed total pipeline count is 0, healthy pipeline threshold count is 1
2022-02-17 10:48:05,928 [RatisPipelineUtilsThread - 0] INFO  pipeline.RatisPipelineProvider (RatisPipelineProvider.java:lambda$create$0(183)) - Sending CreatePipelineCommand for pipeline:PipelineID=776a7a5c-14f6-4011-895b-1d1229833e15 to datanode:3b6373f7-c408-47d6-bd58-f170bcabf6e4
2022-02-17 10:48:05,928 [RatisPipelineUtilsThread - 0] INFO  pipeline.RatisPipelineProvider (RatisPipelineProvider.java:lambda$create$0(183)) - Sending CreatePipelineCommand for pipeline:PipelineID=776a7a5c-14f6-4011-895b-1d1229833e15 to datanode:ac81e281-9cee-42de-af7f-7eadfff53290
2022-02-17 10:48:05,928 [RatisPipelineUtilsThread - 0] INFO  pipeline.RatisPipelineProvider (RatisPipelineProvider.java:lambda$create$0(183)) - Sending CreatePipelineCommand for pipeline:PipelineID=776a7a5c-14f6-4011-895b-1d1229833e15 to datanode:0523a322-62fb-48ad-ac32-b14e75d36544
2022-02-17 10:48:05,931 [EventQueue-NodeRegistrationContainerReportForDataNodeSafeModeRule] INFO  safemode.SCMSafeModeManager (DataNodeSafeModeRule.java:process(71)) - SCM in safe mode. 3 DataNodes registered, 3 required.
2022-02-17 10:48:05,931 [EventQueue-NodeRegistrationContainerReportForDataNodeSafeModeRule] INFO  safemode.SCMSafeModeManager (SCMSafeModeManager.java:validateSafeModeExitRules(204)) - DataNodeSafeModeRule rule is successfully validated
2022-02-17 10:48:05,931 [EventQueue-NodeRegistrationContainerReportForDataNodeSafeModeRule] INFO  safemode.SCMSafeModeManager (SCMSafeModeManager.java:completePreCheck(233)) - All SCM safe mode pre check rules have passed
2022-02-17 10:48:05,931 [EventQueue-NodeRegistrationContainerReportForDataNodeSafeModeRule] WARN  events.EventQueue (EventQueue.java:fireEvent(194)) - No event handler registered for event TypedEvent{payloadType=SafeModeStatus, name='Safe mode status'}
2022-02-17 10:48:05,931 [EventQueue-NodeRegistrationContainerReportForDataNodeSafeModeRule] INFO  ha.SCMContext (SCMContext.java:updateSafeModeStatus(211)) - Update SafeModeStatus from SafeModeStatus{safeModeStatus=true, preCheckPassed=false} to SafeModeStatus{safeModeStatus=true, preCheckPassed=true}.
2022-02-17 10:48:05,931 [EventQueue-NodeRegistrationContainerReportForDataNodeSafeModeRule] INFO  pipeline.BackgroundPipelineCreator (BackgroundPipelineCreator.java:notifyEventTriggered(279)) - ignore, not leader SCM.
2022-02-17 10:48:05,935 [01f34702-14f0-4566-9f1c-66e15822e926@group-C00B8CBA638F-StateMachineUpdater] INFO  pipeline.PipelineStateManagerImpl (PipelineStateManagerImpl.java:addPipeline(101)) - Created pipeline Pipeline[ Id: dcad12fe-1299-4e91-9909-a45ccb0ea0ac, Nodes: 0523a322-62fb-48ad-ac32-b14e75d36544{ip: 127.0.0.1, host: localhost, ports: [REPLICATION=36983, RATIS=40599, RATIS_ADMIN=40599, RATIS_SERVER=40599, STANDALONE=44261], networkLocation: /default-rack, certSerialId: null, persistedOpState: IN_SERVICE, persistedOpStateExpiryEpochSec: 0}, ReplicationConfig: RATIS/ONE, State:ALLOCATED, leaderId:, CreationTimestamp2022-02-17T10:48:05.915Z[Etc/UTC]].
2022-02-17 10:48:05,935 [01f34702-14f0-4566-9f1c-66e15822e926@group-C00B8CBA638F-StateMachineUpdater] INFO  safemode.HealthyPipelineSafeModeRule (HealthyPipelineSafeModeRule.java:initializeRule(152)) - Refreshed total pipeline count is 0, healthy pipeline threshold count is 1
2022-02-17 10:48:05,942 [e1200b4d-f169-45a2-b87f-8a7ea851d305@group-C00B8CBA638F-StateMachineUpdater] INFO  pipeline.PipelineStateManagerImpl (PipelineStateManagerImpl.java:addPipeline(101)) - Created pipeline Pipeline[ Id: 776a7a5c-14f6-4011-895b-1d1229833e15, Nodes: 3b6373f7-c408-47d6-bd58-f170bcabf6e4{ip: 127.0.0.1, host: localhost, ports: [REPLICATION=35311, RATIS=45045, RATIS_ADMIN=45045, RATIS_SERVER=45045, STANDALONE=41985], networkLocation: /default-rack, certSerialId: null, persistedOpState: IN_SERVICE, persistedOpStateExpiryEpochSec: 0}ac81e281-9cee-42de-af7f-7eadfff53290{ip: 127.0.0.1, host: localhost, ports: [REPLICATION=34091, RATIS=46507, RATIS_ADMIN=46507, RATIS_SERVER=46507, STANDALONE=35333], networkLocation: /default-rack, certSerialId: null, persistedOpState: IN_SERVICE, persistedOpStateExpiryEpochSec: 0}0523a322-62fb-48ad-ac32-b14e75d36544{ip: 127.0.0.1, host: localhost, ports: [REPLICATION=36983, RATIS=40599, RATIS_ADMIN=40599, RATIS_SERVER=40599, STANDALONE=44261], networkLocation: /default-rack, certSerialId: null, persistedOpState: IN_SERVICE, persistedOpStateExpiryEpochSec: 0}, ReplicationConfig: RATIS/THREE, State:ALLOCATED, leaderId:, CreationTimestamp2022-02-17T10:48:05.928Z[Etc/UTC]].
2022-02-17 10:48:05,942 [e1200b4d-f169-45a2-b87f-8a7ea851d305@group-C00B8CBA638F-StateMachineUpdater] INFO  safemode.HealthyPipelineSafeModeRule (HealthyPipelineSafeModeRule.java:initializeRule(152)) - Refreshed total pipeline count is 0, healthy pipeline threshold count is 1
2022-02-17 10:48:05,944 [RatisPipelineUtilsThread - 0] INFO  pipeline.RatisPipelineProvider (RatisPipelineProvider.java:lambda$create$0(183)) - Sending CreatePipelineCommand for pipeline:PipelineID=5d796023-b839-4c54-b6ea-1ee814415694 to datanode:0523a322-62fb-48ad-ac32-b14e75d36544
2022-02-17 10:48:05,945 [RatisPipelineUtilsThread - 0] INFO  pipeline.RatisPipelineProvider (RatisPipelineProvider.java:lambda$create$0(183)) - Sending CreatePipelineCommand for pipeline:PipelineID=5d796023-b839-4c54-b6ea-1ee814415694 to datanode:3b6373f7-c408-47d6-bd58-f170bcabf6e4
2022-02-17 10:48:05,945 [RatisPipelineUtilsThread - 0] INFO  pipeline.RatisPipelineProvider (RatisPipelineProvider.java:lambda$create$0(183)) - Sending CreatePipelineCommand for pipeline:PipelineID=5d796023-b839-4c54-b6ea-1ee814415694 to datanode:ac81e281-9cee-42de-af7f-7eadfff53290
2022-02-17 10:48:05,950 [01f34702-14f0-4566-9f1c-66e15822e926@group-C00B8CBA638F-StateMachineUpdater] INFO  pipeline.PipelineStateManagerImpl (PipelineStateManagerImpl.java:addPipeline(101)) - Created pipeline Pipeline[ Id: 776a7a5c-14f6-4011-895b-1d1229833e15, Nodes: 3b6373f7-c408-47d6-bd58-f170bcabf6e4{ip: 127.0.0.1, host: localhost, ports: [REPLICATION=35311, RATIS=45045, RATIS_ADMIN=45045, RATIS_SERVER=45045, STANDALONE=41985], networkLocation: /default-rack, certSerialId: null, persistedOpState: IN_SERVICE, persistedOpStateExpiryEpochSec: 0}ac81e281-9cee-42de-af7f-7eadfff53290{ip: 127.0.0.1, host: localhost, ports: [REPLICATION=34091, RATIS=46507, RATIS_ADMIN=46507, RATIS_SERVER=46507, STANDALONE=35333], networkLocation: /default-rack, certSerialId: null, persistedOpState: IN_SERVICE, persistedOpStateExpiryEpochSec: 0}0523a322-62fb-48ad-ac32-b14e75d36544{ip: 127.0.0.1, host: localhost, ports: [REPLICATION=36983, RATIS=40599, RATIS_ADMIN=40599, RATIS_SERVER=40599, STANDALONE=44261], networkLocation: /default-rack, certSerialId: null, persistedOpState: IN_SERVICE, persistedOpStateExpiryEpochSec: 0}, ReplicationConfig: RATIS/THREE, State:ALLOCATED, leaderId:, CreationTimestamp2022-02-17T10:48:05.928Z[Etc/UTC]].
2022-02-17 10:48:05,950 [01f34702-14f0-4566-9f1c-66e15822e926@group-C00B8CBA638F-StateMachineUpdater] INFO  safemode.HealthyPipelineSafeModeRule (HealthyPipelineSafeModeRule.java:initializeRule(152)) - Refreshed total pipeline count is 0, healthy pipeline threshold count is 1
2022-02-17 10:48:05,951 [01f34702-14f0-4566-9f1c-66e15822e926@group-C00B8CBA638F-StateMachineUpdater] INFO  ha.SCMStateMachine (SCMStateMachine.java:takeSnapshot(297)) - Current Snapshot Index 13, takeSnapshot took 0 ms
2022-02-17 10:48:05,951 [01f34702-14f0-4566-9f1c-66e15822e926@group-C00B8CBA638F-StateMachineUpdater] INFO  impl.StateMachineUpdater (StateMachineUpdater.java:takeSnapshot(281)) - 01f34702-14f0-4566-9f1c-66e15822e926@group-C00B8CBA638F-StateMachineUpdater: Took a snapshot at index 13
2022-02-17 10:48:05,951 [01f34702-14f0-4566-9f1c-66e15822e926@group-C00B8CBA638F-StateMachineUpdater] INFO  impl.StateMachineUpdater (StateMachineUpdater.java:lambda$new$0(89)) - 01f34702-14f0-4566-9f1c-66e15822e926@group-C00B8CBA638F-StateMachineUpdater: snapshotIndex: updateIncreasingly 7 -> 13
2022-02-17 10:48:05,951 [01f34702-14f0-4566-9f1c-66e15822e926@group-C00B8CBA638F-StateMachineUpdater] INFO  raftlog.RaftLog (RaftLogBase.java:purge(306)) - 01f34702-14f0-4566-9f1c-66e15822e926@group-C00B8CBA638F-SegmentedRaftLog: purge 13
2022-02-17 10:48:05,951 [01f34702-14f0-4566-9f1c-66e15822e926@group-C00B8CBA638F-StateMachineUpdater] INFO  raftlog.RaftLog (RaftLogBase.java:lambda$new$0(53)) - 01f34702-14f0-4566-9f1c-66e15822e926@group-C00B8CBA638F-SegmentedRaftLog: snapshotIndex: updateIncreasingly 7 -> 13
2022-02-17 10:48:05,951 [01f34702-14f0-4566-9f1c-66e15822e926@group-C00B8CBA638F-StateMachineUpdater] INFO  raftlog.RaftLog (RaftLogBase.java:lambda$new$0(53)) - 01f34702-14f0-4566-9f1c-66e15822e926@group-C00B8CBA638F-SegmentedRaftLog: purgeIndex: updateToMax old=7, new=13, updated? true
2022-02-17 10:48:05,954 [e1200b4d-f169-45a2-b87f-8a7ea851d305@group-C00B8CBA638F-StateMachineUpdater] INFO  pipeline.PipelineStateManagerImpl (PipelineStateManagerImpl.java:addPipeline(101)) - Created pipeline Pipeline[ Id: 5d796023-b839-4c54-b6ea-1ee814415694, Nodes: 0523a322-62fb-48ad-ac32-b14e75d36544{ip: 127.0.0.1, host: localhost, ports: [REPLICATION=36983, RATIS=40599, RATIS_ADMIN=40599, RATIS_SERVER=40599, STANDALONE=44261], networkLocation: /default-rack, certSerialId: null, persistedOpState: IN_SERVICE, persistedOpStateExpiryEpochSec: 0}3b6373f7-c408-47d6-bd58-f170bcabf6e4{ip: 127.0.0.1, host: localhost, ports: [REPLICATION=35311, RATIS=45045, RATIS_ADMIN=45045, RATIS_SERVER=45045, STANDALONE=41985], networkLocation: /default-rack, certSerialId: null, persistedOpState: IN_SERVICE, persistedOpStateExpiryEpochSec: 0}ac81e281-9cee-42de-af7f-7eadfff53290{ip: 127.0.0.1, host: localhost, ports: [REPLICATION=34091, RATIS=46507, RATIS_ADMIN=46507, RATIS_SERVER=46507, STANDALONE=35333], networkLocation: /default-rack, certSerialId: null, persistedOpState: IN_SERVICE, persistedOpStateExpiryEpochSec: 0}, ReplicationConfig: RATIS/THREE, State:ALLOCATED, leaderId:, CreationTimestamp2022-02-17T10:48:05.944Z[Etc/UTC]].
2022-02-17 10:48:05,955 [e1200b4d-f169-45a2-b87f-8a7ea851d305@group-C00B8CBA638F-StateMachineUpdater] INFO  safemode.HealthyPipelineSafeModeRule (HealthyPipelineSafeModeRule.java:initializeRule(152)) - Refreshed total pipeline count is 0, healthy pipeline threshold count is 1
2022-02-17 10:48:05,955 [e1200b4d-f169-45a2-b87f-8a7ea851d305@group-C00B8CBA638F-StateMachineUpdater] INFO  ha.SCMStateMachine (SCMStateMachine.java:takeSnapshot(297)) - Current Snapshot Index 15, takeSnapshot took 1 ms
2022-02-17 10:48:05,955 [e1200b4d-f169-45a2-b87f-8a7ea851d305@group-C00B8CBA638F-StateMachineUpdater] INFO  impl.StateMachineUpdater (StateMachineUpdater.java:takeSnapshot(281)) - e1200b4d-f169-45a2-b87f-8a7ea851d305@group-C00B8CBA638F-StateMachineUpdater: Took a snapshot at index 15
2022-02-17 10:48:05,955 [e1200b4d-f169-45a2-b87f-8a7ea851d305@group-C00B8CBA638F-StateMachineUpdater] INFO  impl.StateMachineUpdater (StateMachineUpdater.java:lambda$new$0(89)) - e1200b4d-f169-45a2-b87f-8a7ea851d305@group-C00B8CBA638F-StateMachineUpdater: snapshotIndex: updateIncreasingly 10 -> 15
2022-02-17 10:48:05,955 [e1200b4d-f169-45a2-b87f-8a7ea851d305@group-C00B8CBA638F-StateMachineUpdater] INFO  raftlog.RaftLog (RaftLogBase.java:purge(306)) - e1200b4d-f169-45a2-b87f-8a7ea851d305@group-C00B8CBA638F-SegmentedRaftLog: purge 15
2022-02-17 10:48:05,955 [e1200b4d-f169-45a2-b87f-8a7ea851d305@group-C00B8CBA638F-StateMachineUpdater] INFO  raftlog.RaftLog (RaftLogBase.java:lambda$new$0(53)) - e1200b4d-f169-45a2-b87f-8a7ea851d305@group-C00B8CBA638F-SegmentedRaftLog: snapshotIndex: updateIncreasingly 10 -> 15
2022-02-17 10:48:05,955 [e1200b4d-f169-45a2-b87f-8a7ea851d305@group-C00B8CBA638F-StateMachineUpdater] INFO  raftlog.RaftLog (RaftLogBase.java:lambda$new$0(53)) - e1200b4d-f169-45a2-b87f-8a7ea851d305@group-C00B8CBA638F-SegmentedRaftLog: purgeIndex: updateToMax old=10, new=15, updated? true
2022-02-17 10:48:05,955 [RatisPipelineUtilsThread - 0] INFO  pipeline.PipelineManagerImpl (PipelineManagerImpl.java:recordMetricsForPipeline(639)) - Pipeline: PipelineID=5d796023-b839-4c54-b6ea-1ee814415694 contains same datanodes as previous pipelines: PipelineID=776a7a5c-14f6-4011-895b-1d1229833e15 nodeIds: 0523a322-62fb-48ad-ac32-b14e75d36544, 3b6373f7-c408-47d6-bd58-f170bcabf6e4, ac81e281-9cee-42de-af7f-7eadfff53290
2022-02-17 10:48:05,961 [01f34702-14f0-4566-9f1c-66e15822e926@group-C00B8CBA638F-StateMachineUpdater] INFO  pipeline.PipelineStateManagerImpl (PipelineStateManagerImpl.java:addPipeline(101)) - Created pipeline Pipeline[ Id: 5d796023-b839-4c54-b6ea-1ee814415694, Nodes: 0523a322-62fb-48ad-ac32-b14e75d36544{ip: 127.0.0.1, host: localhost, ports: [REPLICATION=36983, RATIS=40599, RATIS_ADMIN=40599, RATIS_SERVER=40599, STANDALONE=44261], networkLocation: /default-rack, certSerialId: null, persistedOpState: IN_SERVICE, persistedOpStateExpiryEpochSec: 0}3b6373f7-c408-47d6-bd58-f170bcabf6e4{ip: 127.0.0.1, host: localhost, ports: [REPLICATION=35311, RATIS=45045, RATIS_ADMIN=45045, RATIS_SERVER=45045, STANDALONE=41985], networkLocation: /default-rack, certSerialId: null, persistedOpState: IN_SERVICE, persistedOpStateExpiryEpochSec: 0}ac81e281-9cee-42de-af7f-7eadfff53290{ip: 127.0.0.1, host: localhost, ports: [REPLICATION=34091, RATIS=46507, RATIS_ADMIN=46507, RATIS_SERVER=46507, STANDALONE=35333], networkLocation: /default-rack, certSerialId: null, persistedOpState: IN_SERVICE, persistedOpStateExpiryEpochSec: 0}, ReplicationConfig: RATIS/THREE, State:ALLOCATED, leaderId:, CreationTimestamp2022-02-17T10:48:05.944Z[Etc/UTC]].
2022-02-17 10:48:05,961 [01f34702-14f0-4566-9f1c-66e15822e926@group-C00B8CBA638F-StateMachineUpdater] INFO  safemode.HealthyPipelineSafeModeRule (HealthyPipelineSafeModeRule.java:initializeRule(152)) - Refreshed total pipeline count is 0, healthy pipeline threshold count is 1
2022-02-17 10:48:06,016 [EndpointStateMachine task thread for /127.0.0.1:41937 - 0 ] INFO  ipc.Client (Client.java:handleConnectionFailure(977)) - Retrying connect to server: localhost/127.0.0.1:41937. Already tried 0 time(s); retry policy is RetryUpToMaximumCountWithFixedSleep(maxRetries=15, sleepTime=1000 MILLISECONDS)
2022-02-17 10:48:06,022 [EndpointStateMachine task thread for /127.0.0.1:41349 - 0 ] INFO  ipc.Client (Client.java:handleConnectionFailure(977)) - Retrying connect to server: localhost/127.0.0.1:41349. Already tried 0 time(s); retry policy is RetryUpToMaximumCountWithFixedSleep(maxRetries=15, sleepTime=1000 MILLISECONDS)
2022-02-17 10:48:06,026 [EndpointStateMachine task thread for /127.0.0.1:46679 - 0 ] INFO  ipc.Client (Client.java:handleConnectionFailure(977)) - Retrying connect to server: localhost/127.0.0.1:46679. Already tried 0 time(s); retry policy is RetryUpToMaximumCountWithFixedSleep(maxRetries=15, sleepTime=1000 MILLISECONDS)
2022-02-17 10:48:06,845 [Listener at 127.0.0.1/33953] INFO  ozone.MiniOzoneClusterImpl (MiniOzoneClusterImpl.java:lambda$waitForClusterToBeReady$0(219)) - Nodes are ready. Got 3 of 3 DN Heartbeats.
2022-02-17 10:48:06,845 [Listener at 127.0.0.1/33953] INFO  ozone.MiniOzoneClusterImpl (MiniOzoneClusterImpl.java:lambda$waitForClusterToBeReady$0(222)) - Waiting for cluster to exit safe mode
2022-02-17 10:48:06,845 [Listener at 127.0.0.1/33953] INFO  ozone.MiniOzoneClusterImpl (MiniOzoneClusterImpl.java:lambda$waitForClusterToBeReady$0(224)) - SCM became leader
2022-02-17 10:48:07,017 [EndpointStateMachine task thread for /127.0.0.1:41937 - 0 ] INFO  ipc.Client (Client.java:handleConnectionFailure(977)) - Retrying connect to server: localhost/127.0.0.1:41937. Already tried 1 time(s); retry policy is RetryUpToMaximumCountWithFixedSleep(maxRetries=15, sleepTime=1000 MILLISECONDS)
2022-02-17 10:48:07,022 [EndpointStateMachine task thread for /127.0.0.1:41349 - 0 ] INFO  ipc.Client (Client.java:handleConnectionFailure(977)) - Retrying connect to server: localhost/127.0.0.1:41349. Already tried 1 time(s); retry policy is RetryUpToMaximumCountWithFixedSleep(maxRetries=15, sleepTime=1000 MILLISECONDS)
2022-02-17 10:48:07,027 [EndpointStateMachine task thread for /127.0.0.1:46679 - 0 ] INFO  ipc.Client (Client.java:handleConnectionFailure(977)) - Retrying connect to server: localhost/127.0.0.1:46679. Already tried 1 time(s); retry policy is RetryUpToMaximumCountWithFixedSleep(maxRetries=15, sleepTime=1000 MILLISECONDS)
2022-02-17 10:48:07,828 [Command processor thread] INFO  server.RaftServer (RaftServerProxy.java:addNew(95)) - ac81e281-9cee-42de-af7f-7eadfff53290: addNew group-77C3FA8464DE:[ac81e281-9cee-42de-af7f-7eadfff53290|rpc:127.0.0.1:46507|priority:1] returns group-77C3FA8464DE:java.util.concurrent.CompletableFuture@1ffbd38b[Not completed]
2022-02-17 10:48:07,830 [pool-300-thread-1] INFO  server.RaftServer$Division (RaftServerImpl.java:<init>(184)) - ac81e281-9cee-42de-af7f-7eadfff53290: new RaftServerImpl for group-77C3FA8464DE:[ac81e281-9cee-42de-af7f-7eadfff53290|rpc:127.0.0.1:46507|priority:1] with ContainerStateMachine:uninitialized
2022-02-17 10:48:07,835 [EndpointStateMachine task thread for /127.0.0.1:38221 - 0 ] WARN  statemachine.EndpointStateMachine (EndpointStateMachine.java:logIfNeeded(236)) - Unable to communicate to SCM server at 127.0.0.1:38221 for past 0 seconds.
java.net.SocketTimeoutException: Call From fv-az12-716/10.1.0.49 to localhost:38221 failed on socket timeout exception: java.net.SocketTimeoutException: 5000 millis timeout while waiting for channel to be ready for read. ch : java.nio.channels.SocketChannel[connected local=/127.0.0.1:37400 remote=/127.0.0.1:38221]; For more details see:  http://wiki.apache.org/hadoop/SocketTimeout
	at sun.reflect.NativeConstructorAccessorImpl.newInstance0(Native Method)
	at sun.reflect.NativeConstructorAccessorImpl.newInstance(NativeConstructorAccessorImpl.java:62)
	at sun.reflect.DelegatingConstructorAccessorImpl.newInstance(DelegatingConstructorAccessorImpl.java:45)
	at java.lang.reflect.Constructor.newInstance(Constructor.java:423)
	at org.apache.hadoop.net.NetUtils.wrapWithMessage(NetUtils.java:913)
	at org.apache.hadoop.net.NetUtils.wrapException(NetUtils.java:848)
	at org.apache.hadoop.ipc.Client.getRpcResponse(Client.java:1577)
	at org.apache.hadoop.ipc.Client.call(Client.java:1519)
	at org.apache.hadoop.ipc.Client.call(Client.java:1416)
	at org.apache.hadoop.ipc.ProtobufRpcEngine$Invoker.invoke(ProtobufRpcEngine.java:236)
	at org.apache.hadoop.ipc.ProtobufRpcEngine$Invoker.invoke(ProtobufRpcEngine.java:123)
	at com.sun.proxy.$Proxy48.submitRequest(Unknown Source)
	at org.apache.hadoop.ozone.protocolPB.StorageContainerDatanodeProtocolClientSideTranslatorPB.submitRequest(StorageContainerDatanodeProtocolClientSideTranslatorPB.java:117)
	at org.apache.hadoop.ozone.protocolPB.StorageContainerDatanodeProtocolClientSideTranslatorPB.getVersion(StorageContainerDatanodeProtocolClientSideTranslatorPB.java:133)
	at org.apache.hadoop.ozone.container.common.states.endpoint.VersionEndpointTask.call(VersionEndpointTask.java:71)
	at org.apache.hadoop.ozone.container.common.states.endpoint.VersionEndpointTask.call(VersionEndpointTask.java:42)
	at java.util.concurrent.FutureTask.run(FutureTask.java:266)
	at java.util.concurrent.ThreadPoolExecutor.runWorker(ThreadPoolExecutor.java:1149)
	at java.util.concurrent.ThreadPoolExecutor$Worker.run(ThreadPoolExecutor.java:624)
	at java.lang.Thread.run(Thread.java:750)
Caused by: java.net.SocketTimeoutException: 5000 millis timeout while waiting for channel to be ready for read. ch : java.nio.channels.SocketChannel[connected local=/127.0.0.1:37400 remote=/127.0.0.1:38221]
	at org.apache.hadoop.net.SocketIOWithTimeout.doIO(SocketIOWithTimeout.java:164)
	at org.apache.hadoop.net.SocketInputStream.read(SocketInputStream.java:161)
	at org.apache.hadoop.net.SocketInputStream.read(SocketInputStream.java:131)
	at java.io.FilterInputStream.read(FilterInputStream.java:133)
	at java.io.BufferedInputStream.fill(BufferedInputStream.java:246)
	at java.io.BufferedInputStream.read(BufferedInputStream.java:265)
	at java.io.FilterInputStream.read(FilterInputStream.java:83)
	at java.io.FilterInputStream.read(FilterInputStream.java:83)
	at org.apache.hadoop.ipc.Client$Connection$PingInputStream.read(Client.java:563)
	at java.io.DataInputStream.readInt(DataInputStream.java:387)
	at org.apache.hadoop.ipc.Client$IpcStreams.readResponse(Client.java:1892)
	at org.apache.hadoop.ipc.Client$Connection.receiveRpcResponse(Client.java:1202)
	at org.apache.hadoop.ipc.Client$Connection.run(Client.java:1098)
2022-02-17 10:48:07,836 [EndpointStateMachine task thread for /127.0.0.1:38221 - 0 ] WARN  statemachine.EndpointStateMachine (EndpointStateMachine.java:logIfNeeded(236)) - Unable to communicate to SCM server at 127.0.0.1:38221 for past 0 seconds.
java.net.SocketTimeoutException: Call From fv-az12-716/10.1.0.49 to localhost:38221 failed on socket timeout exception: java.net.SocketTimeoutException: 5000 millis timeout while waiting for channel to be ready for read. ch : java.nio.channels.SocketChannel[connected local=/127.0.0.1:37400 remote=/127.0.0.1:38221]; For more details see:  http://wiki.apache.org/hadoop/SocketTimeout
	at sun.reflect.NativeConstructorAccessorImpl.newInstance0(Native Method)
	at sun.reflect.NativeConstructorAccessorImpl.newInstance(NativeConstructorAccessorImpl.java:62)
	at sun.reflect.DelegatingConstructorAccessorImpl.newInstance(DelegatingConstructorAccessorImpl.java:45)
	at java.lang.reflect.Constructor.newInstance(Constructor.java:423)
	at org.apache.hadoop.net.NetUtils.wrapWithMessage(NetUtils.java:913)
	at org.apache.hadoop.net.NetUtils.wrapException(NetUtils.java:848)
	at org.apache.hadoop.ipc.Client.getRpcResponse(Client.java:1577)
	at org.apache.hadoop.ipc.Client.call(Client.java:1519)
	at org.apache.hadoop.ipc.Client.call(Client.java:1416)
	at org.apache.hadoop.ipc.ProtobufRpcEngine$Invoker.invoke(ProtobufRpcEngine.java:236)
	at org.apache.hadoop.ipc.ProtobufRpcEngine$Invoker.invoke(ProtobufRpcEngine.java:123)
	at com.sun.proxy.$Proxy48.submitRequest(Unknown Source)
	at org.apache.hadoop.ozone.protocolPB.StorageContainerDatanodeProtocolClientSideTranslatorPB.submitRequest(StorageContainerDatanodeProtocolClientSideTranslatorPB.java:117)
	at org.apache.hadoop.ozone.protocolPB.StorageContainerDatanodeProtocolClientSideTranslatorPB.getVersion(StorageContainerDatanodeProtocolClientSideTranslatorPB.java:133)
	at org.apache.hadoop.ozone.container.common.states.endpoint.VersionEndpointTask.call(VersionEndpointTask.java:71)
	at org.apache.hadoop.ozone.container.common.states.endpoint.VersionEndpointTask.call(VersionEndpointTask.java:42)
	at java.util.concurrent.FutureTask.run(FutureTask.java:266)
	at java.util.concurrent.ThreadPoolExecutor.runWorker(ThreadPoolExecutor.java:1149)
	at java.util.concurrent.ThreadPoolExecutor$Worker.run(ThreadPoolExecutor.java:624)
	at java.lang.Thread.run(Thread.java:750)
Caused by: java.net.SocketTimeoutException: 5000 millis timeout while waiting for channel to be ready for read. ch : java.nio.channels.SocketChannel[connected local=/127.0.0.1:37400 remote=/127.0.0.1:38221]
	at org.apache.hadoop.net.SocketIOWithTimeout.doIO(SocketIOWithTimeout.java:164)
	at org.apache.hadoop.net.SocketInputStream.read(SocketInputStream.java:161)
	at org.apache.hadoop.net.SocketInputStream.read(SocketInputStream.java:131)
	at java.io.FilterInputStream.read(FilterInputStream.java:133)
	at java.io.BufferedInputStream.fill(BufferedInputStream.java:246)
	at java.io.BufferedInputStream.read(BufferedInputStream.java:265)
	at java.io.FilterInputStream.read(FilterInputStream.java:83)
	at java.io.FilterInputStream.read(FilterInputStream.java:83)
	at org.apache.hadoop.ipc.Client$Connection$PingInputStream.read(Client.java:563)
	at java.io.DataInputStream.readInt(DataInputStream.java:387)
	at org.apache.hadoop.ipc.Client$IpcStreams.readResponse(Client.java:1892)
	at org.apache.hadoop.ipc.Client$Connection.receiveRpcResponse(Client.java:1202)
	at org.apache.hadoop.ipc.Client$Connection.run(Client.java:1098)
2022-02-17 10:48:07,835 [EndpointStateMachine task thread for /127.0.0.1:38221 - 0 ] WARN  statemachine.EndpointStateMachine (EndpointStateMachine.java:logIfNeeded(236)) - Unable to communicate to SCM server at localhost:38221 for past 0 seconds.
java.net.SocketTimeoutException: Call From fv-az12-716/10.1.0.49 to localhost:38221 failed on socket timeout exception: java.net.SocketTimeoutException: 5000 millis timeout while waiting for channel to be ready for read. ch : java.nio.channels.SocketChannel[connected local=/127.0.0.1:37400 remote=/127.0.0.1:38221]; For more details see:  http://wiki.apache.org/hadoop/SocketTimeout
	at sun.reflect.NativeConstructorAccessorImpl.newInstance0(Native Method)
	at sun.reflect.NativeConstructorAccessorImpl.newInstance(NativeConstructorAccessorImpl.java:62)
	at sun.reflect.DelegatingConstructorAccessorImpl.newInstance(DelegatingConstructorAccessorImpl.java:45)
	at java.lang.reflect.Constructor.newInstance(Constructor.java:423)
	at org.apache.hadoop.net.NetUtils.wrapWithMessage(NetUtils.java:913)
	at org.apache.hadoop.net.NetUtils.wrapException(NetUtils.java:848)
	at org.apache.hadoop.ipc.Client.getRpcResponse(Client.java:1577)
	at org.apache.hadoop.ipc.Client.call(Client.java:1519)
	at org.apache.hadoop.ipc.Client.call(Client.java:1416)
	at org.apache.hadoop.ipc.ProtobufRpcEngine$Invoker.invoke(ProtobufRpcEngine.java:236)
	at org.apache.hadoop.ipc.ProtobufRpcEngine$Invoker.invoke(ProtobufRpcEngine.java:123)
	at com.sun.proxy.$Proxy48.submitRequest(Unknown Source)
	at org.apache.hadoop.ozone.protocolPB.StorageContainerDatanodeProtocolClientSideTranslatorPB.submitRequest(StorageContainerDatanodeProtocolClientSideTranslatorPB.java:117)
	at org.apache.hadoop.ozone.protocolPB.StorageContainerDatanodeProtocolClientSideTranslatorPB.getVersion(StorageContainerDatanodeProtocolClientSideTranslatorPB.java:133)
	at org.apache.hadoop.ozone.container.common.states.endpoint.VersionEndpointTask.call(VersionEndpointTask.java:71)
	at org.apache.hadoop.ozone.container.common.states.endpoint.VersionEndpointTask.call(VersionEndpointTask.java:42)
	at java.util.concurrent.FutureTask.run(FutureTask.java:266)
	at java.util.concurrent.ThreadPoolExecutor.runWorker(ThreadPoolExecutor.java:1149)
	at java.util.concurrent.ThreadPoolExecutor$Worker.run(ThreadPoolExecutor.java:624)
	at java.lang.Thread.run(Thread.java:750)
Caused by: java.net.SocketTimeoutException: 5000 millis timeout while waiting for channel to be ready for read. ch : java.nio.channels.SocketChannel[connected local=/127.0.0.1:37400 remote=/127.0.0.1:38221]
	at org.apache.hadoop.net.SocketIOWithTimeout.doIO(SocketIOWithTimeout.java:164)
	at org.apache.hadoop.net.SocketInputStream.read(SocketInputStream.java:161)
	at org.apache.hadoop.net.SocketInputStream.read(SocketInputStream.java:131)
	at java.io.FilterInputStream.read(FilterInputStream.java:133)
	at java.io.BufferedInputStream.fill(BufferedInputStream.java:246)
	at java.io.BufferedInputStream.read(BufferedInputStream.java:265)
	at java.io.FilterInputStream.read(FilterInputStream.java:83)
	at java.io.FilterInputStream.read(FilterInputStream.java:83)
	at org.apache.hadoop.ipc.Client$Connection$PingInputStream.read(Client.java:563)
	at java.io.DataInputStream.readInt(DataInputStream.java:387)
	at org.apache.hadoop.ipc.Client$IpcStreams.readResponse(Client.java:1892)
	at org.apache.hadoop.ipc.Client$Connection.receiveRpcResponse(Client.java:1202)
	at org.apache.hadoop.ipc.Client$Connection.run(Client.java:1098)
2022-02-17 10:48:07,845 [Listener at 127.0.0.1/33953] INFO  ozone.MiniOzoneClusterImpl (MiniOzoneClusterImpl.java:lambda$waitForClusterToBeReady$0(219)) - Nodes are ready. Got 3 of 3 DN Heartbeats.
2022-02-17 10:48:07,846 [Listener at 127.0.0.1/33953] INFO  ozone.MiniOzoneClusterImpl (MiniOzoneClusterImpl.java:lambda$waitForClusterToBeReady$0(222)) - Waiting for cluster to exit safe mode
2022-02-17 10:48:07,846 [Listener at 127.0.0.1/33953] INFO  ozone.MiniOzoneClusterImpl (MiniOzoneClusterImpl.java:lambda$waitForClusterToBeReady$0(224)) - SCM became leader
2022-02-17 10:48:07,849 [pool-300-thread-1] INFO  server.RaftServerConfigKeys (ConfUtils.java:logGet(44)) - raft.server.rpc.timeout.min = 5s (custom)
2022-02-17 10:48:07,849 [pool-300-thread-1] INFO  server.RaftServerConfigKeys (ConfUtils.java:logGet(44)) - raft.server.rpc.timeout.max = 5200ms (custom)
2022-02-17 10:48:07,850 [pool-300-thread-1] INFO  server.RaftServerConfigKeys (ConfUtils.java:logGet(44)) - raft.server.rpc.sleep.time = 25ms (default)
2022-02-17 10:48:07,850 [pool-300-thread-1] INFO  server.RaftServerConfigKeys (ConfUtils.java:logGet(44)) - raft.server.rpc.slowness.timeout = 300s (custom)
2022-02-17 10:48:07,850 [pool-300-thread-1] INFO  server.RaftServerConfigKeys (ConfUtils.java:logGet(44)) - raft.server.leaderelection.leader.step-down.wait-time = 10s (default)
2022-02-17 10:48:07,850 [pool-300-thread-1] INFO  server.RaftServerConfigKeys (ConfUtils.java:logGet(44)) - raft.server.sleep.deviation.threshold = 300ms (default)
2022-02-17 10:48:07,850 [pool-300-thread-1] INFO  server.RaftServerConfigKeys (ConfUtils.java:logGet(44)) - raft.server.log.appender.install.snapshot.enabled = false (custom)
2022-02-17 10:48:07,850 [pool-300-thread-1] INFO  server.RaftServer$Division (ServerState.java:<init>(105)) - ac81e281-9cee-42de-af7f-7eadfff53290@group-77C3FA8464DE: ConfigurationManager, init=-1: [ac81e281-9cee-42de-af7f-7eadfff53290|rpc:127.0.0.1:46507|priority:1], old=null, confs=<EMPTY_MAP>
2022-02-17 10:48:07,850 [pool-300-thread-1] INFO  server.RaftServerConfigKeys (ConfUtils.java:logGet(44)) - raft.server.storage.dir = [/home/runner/work/ozone/ozone/hadoop-ozone/integration-test/target/test-dir/MiniOzoneClusterImpl-314b2a1d-9ab5-4841-b3ea-c00b8cba638f/datanode-0/data/ratis] (custom)
2022-02-17 10:48:07,850 [pool-300-thread-1] INFO  server.RaftServerConfigKeys (ConfUtils.java:logGet(44)) - raft.server.log.corruption.policy = EXCEPTION (default)
2022-02-17 10:48:07,851 [pool-300-thread-1] INFO  server.RaftServerConfigKeys (ConfUtils.java:logGet(44)) - raft.server.storage.free-space.min = 0MB (=0) (default)
2022-02-17 10:48:07,851 [pool-300-thread-1] INFO  storage.RaftStorageDirectory (RaftStorageDirectoryImpl.java:analyzeStorage(135)) - The storage directory /home/runner/work/ozone/ozone/hadoop-ozone/integration-test/target/test-dir/MiniOzoneClusterImpl-314b2a1d-9ab5-4841-b3ea-c00b8cba638f/datanode-0/data/ratis/76cb242d-453b-445e-a9ac-77c3fa8464de does not exist. Creating ...
2022-02-17 10:48:07,854 [pool-300-thread-1] INFO  storage.RaftStorageDirectory (RaftStorageDirectoryImpl.java:tryLock(230)) - Lock on /home/runner/work/ozone/ozone/hadoop-ozone/integration-test/target/test-dir/MiniOzoneClusterImpl-314b2a1d-9ab5-4841-b3ea-c00b8cba638f/datanode-0/data/ratis/76cb242d-453b-445e-a9ac-77c3fa8464de/in_use.lock acquired by nodename 15481@fv-az12-716
2022-02-17 10:48:07,856 [pool-300-thread-1] INFO  storage.RaftStorage (RaftStorageImpl.java:format(89)) - Storage directory /home/runner/work/ozone/ozone/hadoop-ozone/integration-test/target/test-dir/MiniOzoneClusterImpl-314b2a1d-9ab5-4841-b3ea-c00b8cba638f/datanode-0/data/ratis/76cb242d-453b-445e-a9ac-77c3fa8464de has been successfully formatted.
2022-02-17 10:48:07,859 [pool-300-thread-1] INFO  ratis.ContainerStateMachine (ContainerStateMachine.java:loadSnapshot(236)) - group-77C3FA8464DE: The snapshot info is null. Setting the last applied indexto:(t:0, i:~)
2022-02-17 10:48:07,859 [pool-300-thread-1] INFO  server.RaftServerConfigKeys (ConfUtils.java:logGet(44)) - raft.server.notification.no-leader.timeout = 300s (custom)
2022-02-17 10:48:07,860 [pool-300-thread-1] INFO  server.RaftServerConfigKeys (ConfUtils.java:logGet(44)) - raft.server.log.use.memory = false (default)
2022-02-17 10:48:07,860 [EventQueue-PipelineReportForPipelineReportHandler] INFO  pipeline.PipelineManagerImpl (PipelineManagerImpl.java:openPipeline(291)) - Pipeline Pipeline[ Id: 76cb242d-453b-445e-a9ac-77c3fa8464de, Nodes: ac81e281-9cee-42de-af7f-7eadfff53290{ip: 127.0.0.1, host: localhost, ports: [REPLICATION=34091, RATIS=46507, RATIS_ADMIN=46507, RATIS_SERVER=46507, STANDALONE=35333], networkLocation: /default-rack, certSerialId: null, persistedOpState: IN_SERVICE, persistedOpStateExpiryEpochSec: 0}, ReplicationConfig: RATIS/ONE, State:ALLOCATED, leaderId:ac81e281-9cee-42de-af7f-7eadfff53290, CreationTimestamp2022-02-17T10:48:04.830Z[Etc/UTC]] moved to OPEN state
2022-02-17 10:48:07,865 [pool-300-thread-1] INFO  server.RaftServerConfigKeys (ConfUtils.java:logGet(44)) - raft.server.log.purge.gap = 1000000 (custom)
2022-02-17 10:48:07,865 [pool-300-thread-1] INFO  server.RaftServerConfigKeys (ConfUtils.java:logGet(44)) - raft.server.log.appender.buffer.byte-limit = 33554432 (custom)
2022-02-17 10:48:07,866 [pool-300-thread-1] INFO  server.RaftServerConfigKeys (ConfUtils.java:logGet(44)) - raft.server.log.segment.size.max = 1048576 (custom)
2022-02-17 10:48:07,866 [pool-300-thread-1] INFO  server.RaftServerConfigKeys (ConfUtils.java:logGet(44)) - raft.server.log.segment.cache.num.max = 2 (custom)
2022-02-17 10:48:07,866 [pool-300-thread-1] INFO  server.RaftServerConfigKeys (ConfUtils.java:logGet(44)) - raft.server.log.segment.cache.size.max = 200MB (=209715200) (default)
2022-02-17 10:48:07,866 [pool-300-thread-1] INFO  segmented.SegmentedRaftLogWorker (SegmentedRaftLogWorker.java:<init>(182)) - new ac81e281-9cee-42de-af7f-7eadfff53290@group-77C3FA8464DE-SegmentedRaftLogWorker for RaftStorageImpl:Storage Directory /home/runner/work/ozone/ozone/hadoop-ozone/integration-test/target/test-dir/MiniOzoneClusterImpl-314b2a1d-9ab5-4841-b3ea-c00b8cba638f/datanode-0/data/ratis/76cb242d-453b-445e-a9ac-77c3fa8464de
2022-02-17 10:48:07,866 [pool-300-thread-1] INFO  server.RaftServerConfigKeys (ConfUtils.java:logGet(44)) - raft.server.log.queue.byte-limit = 4294967296 (custom)
2022-02-17 10:48:07,867 [pool-300-thread-1] INFO  server.RaftServerConfigKeys (ConfUtils.java:logGet(44)) - raft.server.log.queue.element-limit = 1024 (custom)
2022-02-17 10:48:07,867 [pool-300-thread-1] INFO  server.RaftServerConfigKeys (ConfUtils.java:logGet(44)) - raft.server.log.segment.size.max = 1048576 (custom)
2022-02-17 10:48:07,867 [pool-300-thread-1] INFO  server.RaftServerConfigKeys (ConfUtils.java:logGet(44)) - raft.server.log.preallocated.size = 16384 (custom)
2022-02-17 10:48:07,867 [pool-300-thread-1] INFO  server.RaftServerConfigKeys (ConfUtils.java:logGet(44)) - raft.server.log.force.sync.num = 128 (default)
2022-02-17 10:48:07,867 [pool-300-thread-1] INFO  server.RaftServerConfigKeys (ConfUtils.java:logGet(44)) - raft.server.log.statemachine.data.sync = true (default)
2022-02-17 10:48:07,867 [pool-300-thread-1] INFO  server.RaftServerConfigKeys (ConfUtils.java:logGet(44)) - raft.server.log.statemachine.data.sync.timeout = 10s (default)
2022-02-17 10:48:07,868 [pool-300-thread-1] INFO  server.RaftServerConfigKeys (ConfUtils.java:logGet(44)) - raft.server.log.statemachine.data.sync.timeout.retry = -1 (default)
2022-02-17 10:48:07,869 [pool-300-thread-1] INFO  server.RaftServerConfigKeys (ConfUtils.java:logGet(44)) - raft.server.log.write.buffer.size = 1048576 (custom)
2022-02-17 10:48:07,870 [EventQueue-PipelineReportForPipelineReportHandler] INFO  pipeline.PipelineManagerImpl (PipelineManagerImpl.java:openPipeline(291)) - Pipeline Pipeline[ Id: 76cb242d-453b-445e-a9ac-77c3fa8464de, Nodes: ac81e281-9cee-42de-af7f-7eadfff53290{ip: 127.0.0.1, host: localhost, ports: [REPLICATION=34091, RATIS=46507, RATIS_ADMIN=46507, RATIS_SERVER=46507, STANDALONE=35333], networkLocation: /default-rack, certSerialId: null, persistedOpState: IN_SERVICE, persistedOpStateExpiryEpochSec: 0}, ReplicationConfig: RATIS/ONE, State:ALLOCATED, leaderId:ac81e281-9cee-42de-af7f-7eadfff53290, CreationTimestamp2022-02-17T10:48:04.830Z[Etc/UTC]] moved to OPEN state
2022-02-17 10:48:07,883 [pool-300-thread-1] INFO  server.RaftServerConfigKeys (ConfUtils.java:logGet(44)) - raft.server.log.statemachine.data.caching.enabled = true (custom)
2022-02-17 10:48:07,885 [pool-300-thread-1] INFO  segmented.SegmentedRaftLogWorker (SegmentedRaftLogWorker.java:lambda$new$0(133)) - ac81e281-9cee-42de-af7f-7eadfff53290@group-77C3FA8464DE-SegmentedRaftLogWorker: flushIndex: setUnconditionally 0 -> -1
2022-02-17 10:48:07,885 [pool-300-thread-1] INFO  segmented.SegmentedRaftLogWorker (SegmentedRaftLogWorker.java:lambda$new$0(133)) - ac81e281-9cee-42de-af7f-7eadfff53290@group-77C3FA8464DE-SegmentedRaftLogWorker: safeCacheEvictIndex: setUnconditionally 0 -> -1
2022-02-17 10:48:07,896 [e1200b4d-f169-45a2-b87f-8a7ea851d305@group-C00B8CBA638F-StateMachineUpdater] INFO  safemode.HealthyPipelineSafeModeRule (HealthyPipelineSafeModeRule.java:initializeRule(152)) - Refreshed total pipeline count is 0, healthy pipeline threshold count is 1
2022-02-17 10:48:07,909 [pool-300-thread-1] INFO  server.RaftServerConfigKeys (ConfUtils.java:logGet(44)) - raft.server.snapshot.auto.trigger.enabled = true (custom)
2022-02-17 10:48:07,910 [pool-300-thread-1] INFO  server.RaftServerConfigKeys (ConfUtils.java:logGet(44)) - raft.server.snapshot.auto.trigger.threshold = 10000 (custom)
2022-02-17 10:48:07,910 [pool-300-thread-1] INFO  server.RaftServerConfigKeys (ConfUtils.java:logGet(44)) - raft.server.snapshot.retention.file.num = 5 (custom)
2022-02-17 10:48:07,910 [pool-300-thread-1] INFO  server.RaftServerConfigKeys (ConfUtils.java:logGet(44)) - raft.server.log.purge.upto.snapshot.index = false (default)
2022-02-17 10:48:07,910 [pool-300-thread-1] INFO  server.RaftServerConfigKeys (ConfUtils.java:logGet(44)) - raft.server.retrycache.expirytime = 600000ms (custom)
2022-02-17 10:48:07,910 [pool-300-thread-1] INFO  server.RaftServerConfigKeys (ConfUtils.java:logGet(44)) - raft.server.retrycache.statistics.expirytime = 100μs (default)
2022-02-17 10:48:07,911 [pool-300-thread-1] INFO  server.RaftServer$Division (RaftServerImpl.java:start(301)) - ac81e281-9cee-42de-af7f-7eadfff53290@group-77C3FA8464DE: start as a follower, conf=-1: [ac81e281-9cee-42de-af7f-7eadfff53290|rpc:127.0.0.1:46507|priority:1], old=null
2022-02-17 10:48:07,911 [pool-300-thread-1] INFO  server.RaftServer$Division (RaftServerImpl.java:setRole(290)) - ac81e281-9cee-42de-af7f-7eadfff53290@group-77C3FA8464DE: changes role from      null to FOLLOWER at term 0 for startAsFollower
2022-02-17 10:48:07,911 [pool-300-thread-1] INFO  impl.RoleInfo (RoleInfo.java:updateAndGet(130)) - ac81e281-9cee-42de-af7f-7eadfff53290: start ac81e281-9cee-42de-af7f-7eadfff53290@group-77C3FA8464DE-FollowerState
2022-02-17 10:48:07,914 [pool-300-thread-1] INFO  util.JmxRegister (JmxRegister.java:tryRegister(44)) - Successfully registered JMX Bean with object name Ratis:service=RaftServer,group=group-77C3FA8464DE,id=ac81e281-9cee-42de-af7f-7eadfff53290
2022-02-17 10:48:07,925 [Command processor thread] INFO  ratis.XceiverServerRatis (XceiverServerRatis.java:addGroup(769)) - Created group PipelineID=76cb242d-453b-445e-a9ac-77c3fa8464de
2022-02-17 10:48:07,926 [Command processor thread] INFO  commandhandler.CreatePipelineCommandHandler (CreatePipelineCommandHandler.java:handle(106)) - Created Pipeline RATIS ONE PipelineID=76cb242d-453b-445e-a9ac-77c3fa8464de.
2022-02-17 10:48:07,926 [Command processor thread] INFO  server.RaftServer (RaftServerProxy.java:addNew(95)) - ac81e281-9cee-42de-af7f-7eadfff53290: addNew group-1D1229833E15:[0523a322-62fb-48ad-ac32-b14e75d36544|rpc:127.0.0.1:40599|priority:0, ac81e281-9cee-42de-af7f-7eadfff53290|rpc:127.0.0.1:46507|priority:1, 3b6373f7-c408-47d6-bd58-f170bcabf6e4|rpc:127.0.0.1:45045|priority:0] returns group-1D1229833E15:java.util.concurrent.CompletableFuture@1bc444ac[Not completed]
2022-02-17 10:48:07,927 [pool-300-thread-1] INFO  server.RaftServer$Division (RaftServerImpl.java:<init>(184)) - ac81e281-9cee-42de-af7f-7eadfff53290: new RaftServerImpl for group-1D1229833E15:[0523a322-62fb-48ad-ac32-b14e75d36544|rpc:127.0.0.1:40599|priority:0, ac81e281-9cee-42de-af7f-7eadfff53290|rpc:127.0.0.1:46507|priority:1, 3b6373f7-c408-47d6-bd58-f170bcabf6e4|rpc:127.0.0.1:45045|priority:0] with ContainerStateMachine:uninitialized
2022-02-17 10:48:07,928 [pool-300-thread-1] INFO  server.RaftServerConfigKeys (ConfUtils.java:logGet(44)) - raft.server.rpc.timeout.min = 5s (custom)
2022-02-17 10:48:07,928 [pool-300-thread-1] INFO  server.RaftServerConfigKeys (ConfUtils.java:logGet(44)) - raft.server.rpc.timeout.max = 5200ms (custom)
2022-02-17 10:48:07,928 [pool-300-thread-1] INFO  server.RaftServerConfigKeys (ConfUtils.java:logGet(44)) - raft.server.rpc.sleep.time = 25ms (default)
2022-02-17 10:48:07,929 [pool-300-thread-1] INFO  server.RaftServerConfigKeys (ConfUtils.java:logGet(44)) - raft.server.rpc.slowness.timeout = 300s (custom)
2022-02-17 10:48:07,929 [pool-300-thread-1] INFO  server.RaftServerConfigKeys (ConfUtils.java:logGet(44)) - raft.server.leaderelection.leader.step-down.wait-time = 10s (default)
2022-02-17 10:48:07,929 [pool-300-thread-1] INFO  server.RaftServerConfigKeys (ConfUtils.java:logGet(44)) - raft.server.sleep.deviation.threshold = 300ms (default)
2022-02-17 10:48:07,930 [pool-300-thread-1] INFO  server.RaftServerConfigKeys (ConfUtils.java:logGet(44)) - raft.server.log.appender.install.snapshot.enabled = false (custom)
2022-02-17 10:48:07,930 [pool-300-thread-1] INFO  server.RaftServer$Division (ServerState.java:<init>(105)) - ac81e281-9cee-42de-af7f-7eadfff53290@group-1D1229833E15: ConfigurationManager, init=-1: [0523a322-62fb-48ad-ac32-b14e75d36544|rpc:127.0.0.1:40599|priority:0, ac81e281-9cee-42de-af7f-7eadfff53290|rpc:127.0.0.1:46507|priority:1, 3b6373f7-c408-47d6-bd58-f170bcabf6e4|rpc:127.0.0.1:45045|priority:0], old=null, confs=<EMPTY_MAP>
2022-02-17 10:48:07,930 [pool-300-thread-1] INFO  server.RaftServerConfigKeys (ConfUtils.java:logGet(44)) - raft.server.storage.dir = [/home/runner/work/ozone/ozone/hadoop-ozone/integration-test/target/test-dir/MiniOzoneClusterImpl-314b2a1d-9ab5-4841-b3ea-c00b8cba638f/datanode-0/data/ratis] (custom)
2022-02-17 10:48:07,930 [pool-300-thread-1] INFO  server.RaftServerConfigKeys (ConfUtils.java:logGet(44)) - raft.server.log.corruption.policy = EXCEPTION (default)
2022-02-17 10:48:07,930 [pool-300-thread-1] INFO  server.RaftServerConfigKeys (ConfUtils.java:logGet(44)) - raft.server.storage.free-space.min = 0MB (=0) (default)
2022-02-17 10:48:07,937 [pool-300-thread-1] INFO  storage.RaftStorageDirectory (RaftStorageDirectoryImpl.java:analyzeStorage(135)) - The storage directory /home/runner/work/ozone/ozone/hadoop-ozone/integration-test/target/test-dir/MiniOzoneClusterImpl-314b2a1d-9ab5-4841-b3ea-c00b8cba638f/datanode-0/data/ratis/776a7a5c-14f6-4011-895b-1d1229833e15 does not exist. Creating ...
2022-02-17 10:48:07,939 [pool-300-thread-1] INFO  storage.RaftStorageDirectory (RaftStorageDirectoryImpl.java:tryLock(230)) - Lock on /home/runner/work/ozone/ozone/hadoop-ozone/integration-test/target/test-dir/MiniOzoneClusterImpl-314b2a1d-9ab5-4841-b3ea-c00b8cba638f/datanode-0/data/ratis/776a7a5c-14f6-4011-895b-1d1229833e15/in_use.lock acquired by nodename 15481@fv-az12-716
2022-02-17 10:48:07,946 [EventQueue-OpenPipelineForHealthyPipelineSafeModeRule] INFO  safemode.SCMSafeModeManager (HealthyPipelineSafeModeRule.java:process(124)) - SCM in safe mode. Healthy pipelines reported count is 0, required healthy pipeline reported count is 1
2022-02-17 10:48:07,947 [01f34702-14f0-4566-9f1c-66e15822e926@group-C00B8CBA638F-StateMachineUpdater] INFO  safemode.HealthyPipelineSafeModeRule (HealthyPipelineSafeModeRule.java:initializeRule(152)) - Refreshed total pipeline count is 0, healthy pipeline threshold count is 1
2022-02-17 10:48:07,973 [pool-300-thread-1] INFO  storage.RaftStorage (RaftStorageImpl.java:format(89)) - Storage directory /home/runner/work/ozone/ozone/hadoop-ozone/integration-test/target/test-dir/MiniOzoneClusterImpl-314b2a1d-9ab5-4841-b3ea-c00b8cba638f/datanode-0/data/ratis/776a7a5c-14f6-4011-895b-1d1229833e15 has been successfully formatted.
2022-02-17 10:48:07,974 [pool-300-thread-1] INFO  ratis.ContainerStateMachine (ContainerStateMachine.java:loadSnapshot(236)) - group-1D1229833E15: The snapshot info is null. Setting the last applied indexto:(t:0, i:~)
2022-02-17 10:48:07,974 [pool-300-thread-1] INFO  server.RaftServerConfigKeys (ConfUtils.java:logGet(44)) - raft.server.notification.no-leader.timeout = 300s (custom)
2022-02-17 10:48:07,974 [pool-300-thread-1] INFO  server.RaftServerConfigKeys (ConfUtils.java:logGet(44)) - raft.server.log.use.memory = false (default)
2022-02-17 10:48:07,974 [pool-300-thread-1] INFO  server.RaftServerConfigKeys (ConfUtils.java:logGet(44)) - raft.server.log.purge.gap = 1000000 (custom)
2022-02-17 10:48:07,974 [pool-300-thread-1] INFO  server.RaftServerConfigKeys (ConfUtils.java:logGet(44)) - raft.server.log.appender.buffer.byte-limit = 33554432 (custom)
2022-02-17 10:48:07,974 [pool-300-thread-1] INFO  server.RaftServerConfigKeys (ConfUtils.java:logGet(44)) - raft.server.log.segment.size.max = 1048576 (custom)
2022-02-17 10:48:07,975 [pool-300-thread-1] INFO  server.RaftServerConfigKeys (ConfUtils.java:logGet(44)) - raft.server.log.segment.cache.num.max = 2 (custom)
2022-02-17 10:48:07,975 [pool-300-thread-1] INFO  server.RaftServerConfigKeys (ConfUtils.java:logGet(44)) - raft.server.log.segment.cache.size.max = 200MB (=209715200) (default)
2022-02-17 10:48:07,975 [pool-300-thread-1] INFO  segmented.SegmentedRaftLogWorker (SegmentedRaftLogWorker.java:<init>(182)) - new ac81e281-9cee-42de-af7f-7eadfff53290@group-1D1229833E15-SegmentedRaftLogWorker for RaftStorageImpl:Storage Directory /home/runner/work/ozone/ozone/hadoop-ozone/integration-test/target/test-dir/MiniOzoneClusterImpl-314b2a1d-9ab5-4841-b3ea-c00b8cba638f/datanode-0/data/ratis/776a7a5c-14f6-4011-895b-1d1229833e15
2022-02-17 10:48:07,975 [pool-300-thread-1] INFO  server.RaftServerConfigKeys (ConfUtils.java:logGet(44)) - raft.server.log.queue.byte-limit = 4294967296 (custom)
2022-02-17 10:48:07,975 [pool-300-thread-1] INFO  server.RaftServerConfigKeys (ConfUtils.java:logGet(44)) - raft.server.log.queue.element-limit = 1024 (custom)
2022-02-17 10:48:07,975 [pool-300-thread-1] INFO  server.RaftServerConfigKeys (ConfUtils.java:logGet(44)) - raft.server.log.segment.size.max = 1048576 (custom)
2022-02-17 10:48:07,975 [pool-300-thread-1] INFO  server.RaftServerConfigKeys (ConfUtils.java:logGet(44)) - raft.server.log.preallocated.size = 16384 (custom)
2022-02-17 10:48:07,975 [pool-300-thread-1] INFO  server.RaftServerConfigKeys (ConfUtils.java:logGet(44)) - raft.server.log.force.sync.num = 128 (default)
2022-02-17 10:48:07,975 [pool-300-thread-1] INFO  server.RaftServerConfigKeys (ConfUtils.java:logGet(44)) - raft.server.log.statemachine.data.sync = true (default)
2022-02-17 10:48:07,975 [pool-300-thread-1] INFO  server.RaftServerConfigKeys (ConfUtils.java:logGet(44)) - raft.server.log.statemachine.data.sync.timeout = 10s (default)
2022-02-17 10:48:07,975 [pool-300-thread-1] INFO  server.RaftServerConfigKeys (ConfUtils.java:logGet(44)) - raft.server.log.statemachine.data.sync.timeout.retry = -1 (default)
2022-02-17 10:48:07,976 [EventQueue-OpenPipelineForHealthyPipelineSafeModeRule] INFO  safemode.SCMSafeModeManager (HealthyPipelineSafeModeRule.java:process(124)) - SCM in safe mode. Healthy pipelines reported count is 0, required healthy pipeline reported count is 1
2022-02-17 10:48:07,976 [pool-300-thread-1] INFO  server.RaftServerConfigKeys (ConfUtils.java:logGet(44)) - raft.server.log.write.buffer.size = 1048576 (custom)
2022-02-17 10:48:07,977 [pool-300-thread-1] INFO  server.RaftServerConfigKeys (ConfUtils.java:logGet(44)) - raft.server.log.statemachine.data.caching.enabled = true (custom)
2022-02-17 10:48:07,977 [pool-300-thread-1] INFO  segmented.SegmentedRaftLogWorker (SegmentedRaftLogWorker.java:lambda$new$0(133)) - ac81e281-9cee-42de-af7f-7eadfff53290@group-1D1229833E15-SegmentedRaftLogWorker: flushIndex: setUnconditionally 0 -> -1
2022-02-17 10:48:07,978 [pool-300-thread-1] INFO  segmented.SegmentedRaftLogWorker (SegmentedRaftLogWorker.java:lambda$new$0(133)) - ac81e281-9cee-42de-af7f-7eadfff53290@group-1D1229833E15-SegmentedRaftLogWorker: safeCacheEvictIndex: setUnconditionally 0 -> -1
2022-02-17 10:48:07,983 [pool-300-thread-1] INFO  server.RaftServerConfigKeys (ConfUtils.java:logGet(44)) - raft.server.snapshot.auto.trigger.enabled = true (custom)
2022-02-17 10:48:07,983 [pool-300-thread-1] INFO  server.RaftServerConfigKeys (ConfUtils.java:logGet(44)) - raft.server.snapshot.auto.trigger.threshold = 10000 (custom)
2022-02-17 10:48:07,983 [pool-300-thread-1] INFO  server.RaftServerConfigKeys (ConfUtils.java:logGet(44)) - raft.server.snapshot.retention.file.num = 5 (custom)
2022-02-17 10:48:07,984 [pool-300-thread-1] INFO  server.RaftServerConfigKeys (ConfUtils.java:logGet(44)) - raft.server.log.purge.upto.snapshot.index = false (default)
2022-02-17 10:48:07,984 [pool-300-thread-1] INFO  server.RaftServerConfigKeys (ConfUtils.java:logGet(44)) - raft.server.retrycache.expirytime = 600000ms (custom)
2022-02-17 10:48:07,984 [pool-300-thread-1] INFO  server.RaftServerConfigKeys (ConfUtils.java:logGet(44)) - raft.server.retrycache.statistics.expirytime = 100μs (default)
2022-02-17 10:48:07,993 [EventQueue-OpenPipelineForHealthyPipelineSafeModeRule] INFO  safemode.SCMSafeModeManager (HealthyPipelineSafeModeRule.java:process(124)) - SCM in safe mode. Healthy pipelines reported count is 0, required healthy pipeline reported count is 1
2022-02-17 10:48:08,001 [pool-300-thread-1] INFO  server.RaftServer$Division (RaftServerImpl.java:start(301)) - ac81e281-9cee-42de-af7f-7eadfff53290@group-1D1229833E15: start as a follower, conf=-1: [0523a322-62fb-48ad-ac32-b14e75d36544|rpc:127.0.0.1:40599|priority:0, ac81e281-9cee-42de-af7f-7eadfff53290|rpc:127.0.0.1:46507|priority:1, 3b6373f7-c408-47d6-bd58-f170bcabf6e4|rpc:127.0.0.1:45045|priority:0], old=null
2022-02-17 10:48:08,001 [pool-300-thread-1] INFO  server.RaftServer$Division (RaftServerImpl.java:setRole(290)) - ac81e281-9cee-42de-af7f-7eadfff53290@group-1D1229833E15: changes role from      null to FOLLOWER at term 0 for startAsFollower
2022-02-17 10:48:08,001 [pool-300-thread-1] INFO  impl.RoleInfo (RoleInfo.java:updateAndGet(130)) - ac81e281-9cee-42de-af7f-7eadfff53290: start ac81e281-9cee-42de-af7f-7eadfff53290@group-1D1229833E15-FollowerState
2022-02-17 10:48:08,004 [pool-300-thread-1] INFO  util.JmxRegister (JmxRegister.java:tryRegister(44)) - Successfully registered JMX Bean with object name Ratis:service=RaftServer,group=group-1D1229833E15,id=ac81e281-9cee-42de-af7f-7eadfff53290
2022-02-17 10:48:08,014 [Command processor thread] INFO  ratis.XceiverServerRatis (XceiverServerRatis.java:addGroup(769)) - Created group PipelineID=776a7a5c-14f6-4011-895b-1d1229833e15
2022-02-17 10:48:08,019 [EndpointStateMachine task thread for /127.0.0.1:41937 - 0 ] INFO  ipc.Client (Client.java:handleConnectionFailure(977)) - Retrying connect to server: localhost/127.0.0.1:41937. Already tried 2 time(s); retry policy is RetryUpToMaximumCountWithFixedSleep(maxRetries=15, sleepTime=1000 MILLISECONDS)
2022-02-17 10:48:08,023 [EndpointStateMachine task thread for /127.0.0.1:41349 - 0 ] INFO  ipc.Client (Client.java:handleConnectionFailure(977)) - Retrying connect to server: localhost/127.0.0.1:41349. Already tried 2 time(s); retry policy is RetryUpToMaximumCountWithFixedSleep(maxRetries=15, sleepTime=1000 MILLISECONDS)
2022-02-17 10:48:08,030 [EndpointStateMachine task thread for /127.0.0.1:46679 - 0 ] INFO  ipc.Client (Client.java:handleConnectionFailure(977)) - Retrying connect to server: localhost/127.0.0.1:46679. Already tried 2 time(s); retry policy is RetryUpToMaximumCountWithFixedSleep(maxRetries=15, sleepTime=1000 MILLISECONDS)
2022-02-17 10:48:08,050 [grpc-default-executor-0] INFO  server.RaftServer (RaftServerProxy.java:addNew(95)) - 3b6373f7-c408-47d6-bd58-f170bcabf6e4: addNew group-1D1229833E15:[0523a322-62fb-48ad-ac32-b14e75d36544|rpc:127.0.0.1:40599|dataStream:|priority:0, ac81e281-9cee-42de-af7f-7eadfff53290|rpc:127.0.0.1:46507|dataStream:|priority:1, 3b6373f7-c408-47d6-bd58-f170bcabf6e4|rpc:127.0.0.1:45045|dataStream:|priority:0] returns group-1D1229833E15:java.util.concurrent.CompletableFuture@306b0810[Not completed]
2022-02-17 10:48:08,056 [pool-323-thread-1] INFO  server.RaftServer$Division (RaftServerImpl.java:<init>(184)) - 3b6373f7-c408-47d6-bd58-f170bcabf6e4: new RaftServerImpl for group-1D1229833E15:[0523a322-62fb-48ad-ac32-b14e75d36544|rpc:127.0.0.1:40599|dataStream:|priority:0, ac81e281-9cee-42de-af7f-7eadfff53290|rpc:127.0.0.1:46507|dataStream:|priority:1, 3b6373f7-c408-47d6-bd58-f170bcabf6e4|rpc:127.0.0.1:45045|dataStream:|priority:0] with ContainerStateMachine:uninitialized
2022-02-17 10:48:08,064 [pool-323-thread-1] INFO  server.RaftServerConfigKeys (ConfUtils.java:logGet(44)) - raft.server.rpc.timeout.min = 5s (custom)
2022-02-17 10:48:08,065 [pool-323-thread-1] INFO  server.RaftServerConfigKeys (ConfUtils.java:logGet(44)) - raft.server.rpc.timeout.max = 5200ms (custom)
2022-02-17 10:48:08,065 [pool-323-thread-1] INFO  server.RaftServerConfigKeys (ConfUtils.java:logGet(44)) - raft.server.rpc.sleep.time = 25ms (default)
2022-02-17 10:48:08,065 [pool-323-thread-1] INFO  server.RaftServerConfigKeys (ConfUtils.java:logGet(44)) - raft.server.rpc.slowness.timeout = 300s (custom)
2022-02-17 10:48:08,066 [pool-323-thread-1] INFO  server.RaftServerConfigKeys (ConfUtils.java:logGet(44)) - raft.server.leaderelection.leader.step-down.wait-time = 10s (default)
2022-02-17 10:48:08,066 [pool-323-thread-1] INFO  server.RaftServerConfigKeys (ConfUtils.java:logGet(44)) - raft.server.sleep.deviation.threshold = 300ms (default)
2022-02-17 10:48:08,066 [pool-323-thread-1] INFO  server.RaftServerConfigKeys (ConfUtils.java:logGet(44)) - raft.server.log.appender.install.snapshot.enabled = false (custom)
2022-02-17 10:48:08,067 [pool-323-thread-1] INFO  server.RaftServer$Division (ServerState.java:<init>(105)) - 3b6373f7-c408-47d6-bd58-f170bcabf6e4@group-1D1229833E15: ConfigurationManager, init=-1: [0523a322-62fb-48ad-ac32-b14e75d36544|rpc:127.0.0.1:40599|dataStream:|priority:0, ac81e281-9cee-42de-af7f-7eadfff53290|rpc:127.0.0.1:46507|dataStream:|priority:1, 3b6373f7-c408-47d6-bd58-f170bcabf6e4|rpc:127.0.0.1:45045|dataStream:|priority:0], old=null, confs=<EMPTY_MAP>
2022-02-17 10:48:08,067 [pool-323-thread-1] INFO  server.RaftServerConfigKeys (ConfUtils.java:logGet(44)) - raft.server.storage.dir = [/home/runner/work/ozone/ozone/hadoop-ozone/integration-test/target/test-dir/MiniOzoneClusterImpl-314b2a1d-9ab5-4841-b3ea-c00b8cba638f/datanode-1/data/ratis] (custom)
2022-02-17 10:48:08,067 [pool-323-thread-1] INFO  server.RaftServerConfigKeys (ConfUtils.java:logGet(44)) - raft.server.log.corruption.policy = EXCEPTION (default)
2022-02-17 10:48:08,069 [pool-323-thread-1] INFO  server.RaftServerConfigKeys (ConfUtils.java:logGet(44)) - raft.server.storage.free-space.min = 0MB (=0) (default)
2022-02-17 10:48:08,069 [pool-323-thread-1] INFO  storage.RaftStorageDirectory (RaftStorageDirectoryImpl.java:analyzeStorage(135)) - The storage directory /home/runner/work/ozone/ozone/hadoop-ozone/integration-test/target/test-dir/MiniOzoneClusterImpl-314b2a1d-9ab5-4841-b3ea-c00b8cba638f/datanode-1/data/ratis/776a7a5c-14f6-4011-895b-1d1229833e15 does not exist. Creating ...
2022-02-17 10:48:08,073 [pool-323-thread-1] INFO  storage.RaftStorageDirectory (RaftStorageDirectoryImpl.java:tryLock(230)) - Lock on /home/runner/work/ozone/ozone/hadoop-ozone/integration-test/target/test-dir/MiniOzoneClusterImpl-314b2a1d-9ab5-4841-b3ea-c00b8cba638f/datanode-1/data/ratis/776a7a5c-14f6-4011-895b-1d1229833e15/in_use.lock acquired by nodename 15481@fv-az12-716
2022-02-17 10:48:08,075 [pool-323-thread-1] INFO  storage.RaftStorage (RaftStorageImpl.java:format(89)) - Storage directory /home/runner/work/ozone/ozone/hadoop-ozone/integration-test/target/test-dir/MiniOzoneClusterImpl-314b2a1d-9ab5-4841-b3ea-c00b8cba638f/datanode-1/data/ratis/776a7a5c-14f6-4011-895b-1d1229833e15 has been successfully formatted.
2022-02-17 10:48:08,075 [pool-323-thread-1] INFO  ratis.ContainerStateMachine (ContainerStateMachine.java:loadSnapshot(236)) - group-1D1229833E15: The snapshot info is null. Setting the last applied indexto:(t:0, i:~)
2022-02-17 10:48:08,076 [pool-323-thread-1] INFO  server.RaftServerConfigKeys (ConfUtils.java:logGet(44)) - raft.server.notification.no-leader.timeout = 300s (custom)
2022-02-17 10:48:08,076 [pool-323-thread-1] INFO  server.RaftServerConfigKeys (ConfUtils.java:logGet(44)) - raft.server.log.use.memory = false (default)
2022-02-17 10:48:08,076 [pool-323-thread-1] INFO  server.RaftServerConfigKeys (ConfUtils.java:logGet(44)) - raft.server.log.purge.gap = 1000000 (custom)
2022-02-17 10:48:08,076 [pool-323-thread-1] INFO  server.RaftServerConfigKeys (ConfUtils.java:logGet(44)) - raft.server.log.appender.buffer.byte-limit = 33554432 (custom)
2022-02-17 10:48:08,076 [pool-323-thread-1] INFO  server.RaftServerConfigKeys (ConfUtils.java:logGet(44)) - raft.server.log.segment.size.max = 1048576 (custom)
2022-02-17 10:48:08,080 [pool-323-thread-1] INFO  server.RaftServerConfigKeys (ConfUtils.java:logGet(44)) - raft.server.log.segment.cache.num.max = 2 (custom)
2022-02-17 10:48:08,080 [pool-323-thread-1] INFO  server.RaftServerConfigKeys (ConfUtils.java:logGet(44)) - raft.server.log.segment.cache.size.max = 200MB (=209715200) (default)
2022-02-17 10:48:08,080 [pool-323-thread-1] INFO  segmented.SegmentedRaftLogWorker (SegmentedRaftLogWorker.java:<init>(182)) - new 3b6373f7-c408-47d6-bd58-f170bcabf6e4@group-1D1229833E15-SegmentedRaftLogWorker for RaftStorageImpl:Storage Directory /home/runner/work/ozone/ozone/hadoop-ozone/integration-test/target/test-dir/MiniOzoneClusterImpl-314b2a1d-9ab5-4841-b3ea-c00b8cba638f/datanode-1/data/ratis/776a7a5c-14f6-4011-895b-1d1229833e15
2022-02-17 10:48:08,080 [pool-323-thread-1] INFO  server.RaftServerConfigKeys (ConfUtils.java:logGet(44)) - raft.server.log.queue.byte-limit = 4294967296 (custom)
2022-02-17 10:48:08,080 [pool-323-thread-1] INFO  server.RaftServerConfigKeys (ConfUtils.java:logGet(44)) - raft.server.log.queue.element-limit = 1024 (custom)
2022-02-17 10:48:08,080 [pool-323-thread-1] INFO  server.RaftServerConfigKeys (ConfUtils.java:logGet(44)) - raft.server.log.segment.size.max = 1048576 (custom)
2022-02-17 10:48:08,080 [pool-323-thread-1] INFO  server.RaftServerConfigKeys (ConfUtils.java:logGet(44)) - raft.server.log.preallocated.size = 16384 (custom)
2022-02-17 10:48:08,081 [pool-323-thread-1] INFO  server.RaftServerConfigKeys (ConfUtils.java:logGet(44)) - raft.server.log.force.sync.num = 128 (default)
2022-02-17 10:48:08,081 [pool-323-thread-1] INFO  server.RaftServerConfigKeys (ConfUtils.java:logGet(44)) - raft.server.log.statemachine.data.sync = true (default)
2022-02-17 10:48:08,082 [pool-323-thread-1] INFO  server.RaftServerConfigKeys (ConfUtils.java:logGet(44)) - raft.server.log.statemachine.data.sync.timeout = 10s (default)
2022-02-17 10:48:08,082 [pool-323-thread-1] INFO  server.RaftServerConfigKeys (ConfUtils.java:logGet(44)) - raft.server.log.statemachine.data.sync.timeout.retry = -1 (default)
2022-02-17 10:48:08,083 [pool-323-thread-1] INFO  server.RaftServerConfigKeys (ConfUtils.java:logGet(44)) - raft.server.log.write.buffer.size = 1048576 (custom)
2022-02-17 10:48:08,083 [pool-323-thread-1] INFO  server.RaftServerConfigKeys (ConfUtils.java:logGet(44)) - raft.server.log.statemachine.data.caching.enabled = true (custom)
2022-02-17 10:48:08,084 [pool-323-thread-1] INFO  segmented.SegmentedRaftLogWorker (SegmentedRaftLogWorker.java:lambda$new$0(133)) - 3b6373f7-c408-47d6-bd58-f170bcabf6e4@group-1D1229833E15-SegmentedRaftLogWorker: flushIndex: setUnconditionally 0 -> -1
2022-02-17 10:48:08,084 [pool-323-thread-1] INFO  segmented.SegmentedRaftLogWorker (SegmentedRaftLogWorker.java:lambda$new$0(133)) - 3b6373f7-c408-47d6-bd58-f170bcabf6e4@group-1D1229833E15-SegmentedRaftLogWorker: safeCacheEvictIndex: setUnconditionally 0 -> -1
2022-02-17 10:48:08,090 [pool-323-thread-1] INFO  server.RaftServerConfigKeys (ConfUtils.java:logGet(44)) - raft.server.snapshot.auto.trigger.enabled = true (custom)
2022-02-17 10:48:08,091 [pool-323-thread-1] INFO  server.RaftServerConfigKeys (ConfUtils.java:logGet(44)) - raft.server.snapshot.auto.trigger.threshold = 10000 (custom)
2022-02-17 10:48:08,091 [pool-323-thread-1] INFO  server.RaftServerConfigKeys (ConfUtils.java:logGet(44)) - raft.server.snapshot.retention.file.num = 5 (custom)
2022-02-17 10:48:08,091 [pool-323-thread-1] INFO  server.RaftServerConfigKeys (ConfUtils.java:logGet(44)) - raft.server.log.purge.upto.snapshot.index = false (default)
2022-02-17 10:48:08,091 [pool-323-thread-1] INFO  server.RaftServerConfigKeys (ConfUtils.java:logGet(44)) - raft.server.retrycache.expirytime = 600000ms (custom)
2022-02-17 10:48:08,091 [pool-323-thread-1] INFO  server.RaftServerConfigKeys (ConfUtils.java:logGet(44)) - raft.server.retrycache.statistics.expirytime = 100μs (default)
2022-02-17 10:48:08,096 [pool-323-thread-1] INFO  server.RaftServer$Division (RaftServerImpl.java:start(301)) - 3b6373f7-c408-47d6-bd58-f170bcabf6e4@group-1D1229833E15: start as a follower, conf=-1: [0523a322-62fb-48ad-ac32-b14e75d36544|rpc:127.0.0.1:40599|dataStream:|priority:0, ac81e281-9cee-42de-af7f-7eadfff53290|rpc:127.0.0.1:46507|dataStream:|priority:1, 3b6373f7-c408-47d6-bd58-f170bcabf6e4|rpc:127.0.0.1:45045|dataStream:|priority:0], old=null
2022-02-17 10:48:08,096 [pool-323-thread-1] INFO  server.RaftServer$Division (RaftServerImpl.java:setRole(290)) - 3b6373f7-c408-47d6-bd58-f170bcabf6e4@group-1D1229833E15: changes role from      null to FOLLOWER at term 0 for startAsFollower
2022-02-17 10:48:08,100 [pool-323-thread-1] INFO  impl.RoleInfo (RoleInfo.java:updateAndGet(130)) - 3b6373f7-c408-47d6-bd58-f170bcabf6e4: start 3b6373f7-c408-47d6-bd58-f170bcabf6e4@group-1D1229833E15-FollowerState
2022-02-17 10:48:08,110 [pool-323-thread-1] INFO  util.JmxRegister (JmxRegister.java:tryRegister(44)) - Successfully registered JMX Bean with object name Ratis:service=RaftServer,group=group-1D1229833E15,id=3b6373f7-c408-47d6-bd58-f170bcabf6e4
2022-02-17 10:48:08,139 [grpc-default-executor-0] INFO  server.RaftServer (RaftServerProxy.java:addNew(95)) - 0523a322-62fb-48ad-ac32-b14e75d36544: addNew group-1D1229833E15:[0523a322-62fb-48ad-ac32-b14e75d36544|rpc:127.0.0.1:40599|dataStream:|priority:0, ac81e281-9cee-42de-af7f-7eadfff53290|rpc:127.0.0.1:46507|dataStream:|priority:1, 3b6373f7-c408-47d6-bd58-f170bcabf6e4|rpc:127.0.0.1:45045|dataStream:|priority:0] returns group-1D1229833E15:java.util.concurrent.CompletableFuture@5ff2fbb0[Not completed]
2022-02-17 10:48:08,140 [pool-346-thread-1] INFO  server.RaftServer$Division (RaftServerImpl.java:<init>(184)) - 0523a322-62fb-48ad-ac32-b14e75d36544: new RaftServerImpl for group-1D1229833E15:[0523a322-62fb-48ad-ac32-b14e75d36544|rpc:127.0.0.1:40599|dataStream:|priority:0, ac81e281-9cee-42de-af7f-7eadfff53290|rpc:127.0.0.1:46507|dataStream:|priority:1, 3b6373f7-c408-47d6-bd58-f170bcabf6e4|rpc:127.0.0.1:45045|dataStream:|priority:0] with ContainerStateMachine:uninitialized
2022-02-17 10:48:08,140 [pool-346-thread-1] INFO  server.RaftServerConfigKeys (ConfUtils.java:logGet(44)) - raft.server.rpc.timeout.min = 5s (custom)
2022-02-17 10:48:08,140 [pool-346-thread-1] INFO  server.RaftServerConfigKeys (ConfUtils.java:logGet(44)) - raft.server.rpc.timeout.max = 5200ms (custom)
2022-02-17 10:48:08,140 [pool-346-thread-1] INFO  server.RaftServerConfigKeys (ConfUtils.java:logGet(44)) - raft.server.rpc.sleep.time = 25ms (default)
2022-02-17 10:48:08,140 [pool-346-thread-1] INFO  server.RaftServerConfigKeys (ConfUtils.java:logGet(44)) - raft.server.rpc.slowness.timeout = 300s (custom)
2022-02-17 10:48:08,140 [pool-346-thread-1] INFO  server.RaftServerConfigKeys (ConfUtils.java:logGet(44)) - raft.server.leaderelection.leader.step-down.wait-time = 10s (default)
2022-02-17 10:48:08,140 [pool-346-thread-1] INFO  server.RaftServerConfigKeys (ConfUtils.java:logGet(44)) - raft.server.sleep.deviation.threshold = 300ms (default)
2022-02-17 10:48:08,140 [pool-346-thread-1] INFO  server.RaftServerConfigKeys (ConfUtils.java:logGet(44)) - raft.server.log.appender.install.snapshot.enabled = false (custom)
2022-02-17 10:48:08,140 [pool-346-thread-1] INFO  server.RaftServer$Division (ServerState.java:<init>(105)) - 0523a322-62fb-48ad-ac32-b14e75d36544@group-1D1229833E15: ConfigurationManager, init=-1: [0523a322-62fb-48ad-ac32-b14e75d36544|rpc:127.0.0.1:40599|dataStream:|priority:0, ac81e281-9cee-42de-af7f-7eadfff53290|rpc:127.0.0.1:46507|dataStream:|priority:1, 3b6373f7-c408-47d6-bd58-f170bcabf6e4|rpc:127.0.0.1:45045|dataStream:|priority:0], old=null, confs=<EMPTY_MAP>
2022-02-17 10:48:08,141 [pool-346-thread-1] INFO  server.RaftServerConfigKeys (ConfUtils.java:logGet(44)) - raft.server.storage.dir = [/home/runner/work/ozone/ozone/hadoop-ozone/integration-test/target/test-dir/MiniOzoneClusterImpl-314b2a1d-9ab5-4841-b3ea-c00b8cba638f/datanode-2/data/ratis] (custom)
2022-02-17 10:48:08,141 [pool-346-thread-1] INFO  server.RaftServerConfigKeys (ConfUtils.java:logGet(44)) - raft.server.log.corruption.policy = EXCEPTION (default)
2022-02-17 10:48:08,141 [pool-346-thread-1] INFO  server.RaftServerConfigKeys (ConfUtils.java:logGet(44)) - raft.server.storage.free-space.min = 0MB (=0) (default)
2022-02-17 10:48:08,141 [pool-346-thread-1] INFO  storage.RaftStorageDirectory (RaftStorageDirectoryImpl.java:analyzeStorage(135)) - The storage directory /home/runner/work/ozone/ozone/hadoop-ozone/integration-test/target/test-dir/MiniOzoneClusterImpl-314b2a1d-9ab5-4841-b3ea-c00b8cba638f/datanode-2/data/ratis/776a7a5c-14f6-4011-895b-1d1229833e15 does not exist. Creating ...
2022-02-17 10:48:08,145 [pool-346-thread-1] INFO  storage.RaftStorageDirectory (RaftStorageDirectoryImpl.java:tryLock(230)) - Lock on /home/runner/work/ozone/ozone/hadoop-ozone/integration-test/target/test-dir/MiniOzoneClusterImpl-314b2a1d-9ab5-4841-b3ea-c00b8cba638f/datanode-2/data/ratis/776a7a5c-14f6-4011-895b-1d1229833e15/in_use.lock acquired by nodename 15481@fv-az12-716
2022-02-17 10:48:08,146 [pool-346-thread-1] INFO  storage.RaftStorage (RaftStorageImpl.java:format(89)) - Storage directory /home/runner/work/ozone/ozone/hadoop-ozone/integration-test/target/test-dir/MiniOzoneClusterImpl-314b2a1d-9ab5-4841-b3ea-c00b8cba638f/datanode-2/data/ratis/776a7a5c-14f6-4011-895b-1d1229833e15 has been successfully formatted.
2022-02-17 10:48:08,156 [pool-346-thread-1] INFO  ratis.ContainerStateMachine (ContainerStateMachine.java:loadSnapshot(236)) - group-1D1229833E15: The snapshot info is null. Setting the last applied indexto:(t:0, i:~)
2022-02-17 10:48:08,156 [pool-346-thread-1] INFO  server.RaftServerConfigKeys (ConfUtils.java:logGet(44)) - raft.server.notification.no-leader.timeout = 300s (custom)
2022-02-17 10:48:08,156 [pool-346-thread-1] INFO  server.RaftServerConfigKeys (ConfUtils.java:logGet(44)) - raft.server.log.use.memory = false (default)
2022-02-17 10:48:08,156 [pool-346-thread-1] INFO  server.RaftServerConfigKeys (ConfUtils.java:logGet(44)) - raft.server.log.purge.gap = 1000000 (custom)
2022-02-17 10:48:08,157 [pool-346-thread-1] INFO  server.RaftServerConfigKeys (ConfUtils.java:logGet(44)) - raft.server.log.appender.buffer.byte-limit = 33554432 (custom)
2022-02-17 10:48:08,157 [pool-346-thread-1] INFO  server.RaftServerConfigKeys (ConfUtils.java:logGet(44)) - raft.server.log.segment.size.max = 1048576 (custom)
2022-02-17 10:48:08,158 [pool-346-thread-1] INFO  server.RaftServerConfigKeys (ConfUtils.java:logGet(44)) - raft.server.log.segment.cache.num.max = 2 (custom)
2022-02-17 10:48:08,158 [pool-346-thread-1] INFO  server.RaftServerConfigKeys (ConfUtils.java:logGet(44)) - raft.server.log.segment.cache.size.max = 200MB (=209715200) (default)
2022-02-17 10:48:08,158 [pool-346-thread-1] INFO  segmented.SegmentedRaftLogWorker (SegmentedRaftLogWorker.java:<init>(182)) - new 0523a322-62fb-48ad-ac32-b14e75d36544@group-1D1229833E15-SegmentedRaftLogWorker for RaftStorageImpl:Storage Directory /home/runner/work/ozone/ozone/hadoop-ozone/integration-test/target/test-dir/MiniOzoneClusterImpl-314b2a1d-9ab5-4841-b3ea-c00b8cba638f/datanode-2/data/ratis/776a7a5c-14f6-4011-895b-1d1229833e15
2022-02-17 10:48:08,158 [pool-346-thread-1] INFO  server.RaftServerConfigKeys (ConfUtils.java:logGet(44)) - raft.server.log.queue.byte-limit = 4294967296 (custom)
2022-02-17 10:48:08,158 [pool-346-thread-1] INFO  server.RaftServerConfigKeys (ConfUtils.java:logGet(44)) - raft.server.log.queue.element-limit = 1024 (custom)
2022-02-17 10:48:08,158 [pool-346-thread-1] INFO  server.RaftServerConfigKeys (ConfUtils.java:logGet(44)) - raft.server.log.segment.size.max = 1048576 (custom)
2022-02-17 10:48:08,161 [pool-346-thread-1] INFO  server.RaftServerConfigKeys (ConfUtils.java:logGet(44)) - raft.server.log.preallocated.size = 16384 (custom)
2022-02-17 10:48:08,161 [pool-346-thread-1] INFO  server.RaftServerConfigKeys (ConfUtils.java:logGet(44)) - raft.server.log.force.sync.num = 128 (default)
2022-02-17 10:48:08,161 [pool-346-thread-1] INFO  server.RaftServerConfigKeys (ConfUtils.java:logGet(44)) - raft.server.log.statemachine.data.sync = true (default)
2022-02-17 10:48:08,161 [pool-346-thread-1] INFO  server.RaftServerConfigKeys (ConfUtils.java:logGet(44)) - raft.server.log.statemachine.data.sync.timeout = 10s (default)
2022-02-17 10:48:08,161 [pool-346-thread-1] INFO  server.RaftServerConfigKeys (ConfUtils.java:logGet(44)) - raft.server.log.statemachine.data.sync.timeout.retry = -1 (default)
2022-02-17 10:48:08,162 [pool-346-thread-1] INFO  server.RaftServerConfigKeys (ConfUtils.java:logGet(44)) - raft.server.log.write.buffer.size = 1048576 (custom)
2022-02-17 10:48:08,166 [pool-346-thread-1] INFO  server.RaftServerConfigKeys (ConfUtils.java:logGet(44)) - raft.server.log.statemachine.data.caching.enabled = true (custom)
2022-02-17 10:48:08,167 [pool-346-thread-1] INFO  segmented.SegmentedRaftLogWorker (SegmentedRaftLogWorker.java:lambda$new$0(133)) - 0523a322-62fb-48ad-ac32-b14e75d36544@group-1D1229833E15-SegmentedRaftLogWorker: flushIndex: setUnconditionally 0 -> -1
2022-02-17 10:48:08,167 [pool-346-thread-1] INFO  segmented.SegmentedRaftLogWorker (SegmentedRaftLogWorker.java:lambda$new$0(133)) - 0523a322-62fb-48ad-ac32-b14e75d36544@group-1D1229833E15-SegmentedRaftLogWorker: safeCacheEvictIndex: setUnconditionally 0 -> -1
2022-02-17 10:48:08,179 [pool-346-thread-1] INFO  server.RaftServerConfigKeys (ConfUtils.java:logGet(44)) - raft.server.snapshot.auto.trigger.enabled = true (custom)
2022-02-17 10:48:08,179 [pool-346-thread-1] INFO  server.RaftServerConfigKeys (ConfUtils.java:logGet(44)) - raft.server.snapshot.auto.trigger.threshold = 10000 (custom)
2022-02-17 10:48:08,179 [pool-346-thread-1] INFO  server.RaftServerConfigKeys (ConfUtils.java:logGet(44)) - raft.server.snapshot.retention.file.num = 5 (custom)
2022-02-17 10:48:08,179 [pool-346-thread-1] INFO  server.RaftServerConfigKeys (ConfUtils.java:logGet(44)) - raft.server.log.purge.upto.snapshot.index = false (default)
2022-02-17 10:48:08,179 [pool-346-thread-1] INFO  server.RaftServerConfigKeys (ConfUtils.java:logGet(44)) - raft.server.retrycache.expirytime = 600000ms (custom)
2022-02-17 10:48:08,179 [pool-346-thread-1] INFO  server.RaftServerConfigKeys (ConfUtils.java:logGet(44)) - raft.server.retrycache.statistics.expirytime = 100μs (default)
2022-02-17 10:48:08,180 [pool-346-thread-1] INFO  server.RaftServer$Division (RaftServerImpl.java:start(301)) - 0523a322-62fb-48ad-ac32-b14e75d36544@group-1D1229833E15: start as a follower, conf=-1: [0523a322-62fb-48ad-ac32-b14e75d36544|rpc:127.0.0.1:40599|dataStream:|priority:0, ac81e281-9cee-42de-af7f-7eadfff53290|rpc:127.0.0.1:46507|dataStream:|priority:1, 3b6373f7-c408-47d6-bd58-f170bcabf6e4|rpc:127.0.0.1:45045|dataStream:|priority:0], old=null
2022-02-17 10:48:08,180 [pool-346-thread-1] INFO  server.RaftServer$Division (RaftServerImpl.java:setRole(290)) - 0523a322-62fb-48ad-ac32-b14e75d36544@group-1D1229833E15: changes role from      null to FOLLOWER at term 0 for startAsFollower
2022-02-17 10:48:08,180 [pool-346-thread-1] INFO  impl.RoleInfo (RoleInfo.java:updateAndGet(130)) - 0523a322-62fb-48ad-ac32-b14e75d36544: start 0523a322-62fb-48ad-ac32-b14e75d36544@group-1D1229833E15-FollowerState
2022-02-17 10:48:08,185 [pool-346-thread-1] INFO  util.JmxRegister (JmxRegister.java:tryRegister(44)) - Successfully registered JMX Bean with object name Ratis:service=RaftServer,group=group-1D1229833E15,id=0523a322-62fb-48ad-ac32-b14e75d36544
2022-02-17 10:48:08,215 [Command processor thread] INFO  commandhandler.CreatePipelineCommandHandler (CreatePipelineCommandHandler.java:handle(106)) - Created Pipeline RATIS THREE PipelineID=776a7a5c-14f6-4011-895b-1d1229833e15.
2022-02-17 10:48:08,215 [Command processor thread] INFO  server.RaftServer (RaftServerProxy.java:addNew(95)) - ac81e281-9cee-42de-af7f-7eadfff53290: addNew group-1EE814415694:[0523a322-62fb-48ad-ac32-b14e75d36544|rpc:127.0.0.1:40599|priority:1, ac81e281-9cee-42de-af7f-7eadfff53290|rpc:127.0.0.1:46507|priority:0, 3b6373f7-c408-47d6-bd58-f170bcabf6e4|rpc:127.0.0.1:45045|priority:0] returns group-1EE814415694:java.util.concurrent.CompletableFuture@7f5caa86[Not completed]
2022-02-17 10:48:08,216 [pool-300-thread-1] INFO  server.RaftServer$Division (RaftServerImpl.java:<init>(184)) - ac81e281-9cee-42de-af7f-7eadfff53290: new RaftServerImpl for group-1EE814415694:[0523a322-62fb-48ad-ac32-b14e75d36544|rpc:127.0.0.1:40599|priority:1, ac81e281-9cee-42de-af7f-7eadfff53290|rpc:127.0.0.1:46507|priority:0, 3b6373f7-c408-47d6-bd58-f170bcabf6e4|rpc:127.0.0.1:45045|priority:0] with ContainerStateMachine:uninitialized
2022-02-17 10:48:08,216 [pool-300-thread-1] INFO  server.RaftServerConfigKeys (ConfUtils.java:logGet(44)) - raft.server.rpc.timeout.min = 5s (custom)
2022-02-17 10:48:08,216 [pool-300-thread-1] INFO  server.RaftServerConfigKeys (ConfUtils.java:logGet(44)) - raft.server.rpc.timeout.max = 5200ms (custom)
2022-02-17 10:48:08,216 [pool-300-thread-1] INFO  server.RaftServerConfigKeys (ConfUtils.java:logGet(44)) - raft.server.rpc.sleep.time = 25ms (default)
2022-02-17 10:48:08,216 [pool-300-thread-1] INFO  server.RaftServerConfigKeys (ConfUtils.java:logGet(44)) - raft.server.rpc.slowness.timeout = 300s (custom)
2022-02-17 10:48:08,216 [pool-300-thread-1] INFO  server.RaftServerConfigKeys (ConfUtils.java:logGet(44)) - raft.server.leaderelection.leader.step-down.wait-time = 10s (default)
2022-02-17 10:48:08,216 [pool-300-thread-1] INFO  server.RaftServerConfigKeys (ConfUtils.java:logGet(44)) - raft.server.sleep.deviation.threshold = 300ms (default)
2022-02-17 10:48:08,216 [pool-300-thread-1] INFO  server.RaftServerConfigKeys (ConfUtils.java:logGet(44)) - raft.server.log.appender.install.snapshot.enabled = false (custom)
2022-02-17 10:48:08,216 [pool-300-thread-1] INFO  server.RaftServer$Division (ServerState.java:<init>(105)) - ac81e281-9cee-42de-af7f-7eadfff53290@group-1EE814415694: ConfigurationManager, init=-1: [0523a322-62fb-48ad-ac32-b14e75d36544|rpc:127.0.0.1:40599|priority:1, ac81e281-9cee-42de-af7f-7eadfff53290|rpc:127.0.0.1:46507|priority:0, 3b6373f7-c408-47d6-bd58-f170bcabf6e4|rpc:127.0.0.1:45045|priority:0], old=null, confs=<EMPTY_MAP>
2022-02-17 10:48:08,216 [pool-300-thread-1] INFO  server.RaftServerConfigKeys (ConfUtils.java:logGet(44)) - raft.server.storage.dir = [/home/runner/work/ozone/ozone/hadoop-ozone/integration-test/target/test-dir/MiniOzoneClusterImpl-314b2a1d-9ab5-4841-b3ea-c00b8cba638f/datanode-0/data/ratis] (custom)
2022-02-17 10:48:08,217 [pool-300-thread-1] INFO  server.RaftServerConfigKeys (ConfUtils.java:logGet(44)) - raft.server.log.corruption.policy = EXCEPTION (default)
2022-02-17 10:48:08,217 [pool-300-thread-1] INFO  server.RaftServerConfigKeys (ConfUtils.java:logGet(44)) - raft.server.storage.free-space.min = 0MB (=0) (default)
2022-02-17 10:48:08,217 [pool-300-thread-1] INFO  storage.RaftStorageDirectory (RaftStorageDirectoryImpl.java:analyzeStorage(135)) - The storage directory /home/runner/work/ozone/ozone/hadoop-ozone/integration-test/target/test-dir/MiniOzoneClusterImpl-314b2a1d-9ab5-4841-b3ea-c00b8cba638f/datanode-0/data/ratis/5d796023-b839-4c54-b6ea-1ee814415694 does not exist. Creating ...
2022-02-17 10:48:08,219 [pool-300-thread-1] INFO  storage.RaftStorageDirectory (RaftStorageDirectoryImpl.java:tryLock(230)) - Lock on /home/runner/work/ozone/ozone/hadoop-ozone/integration-test/target/test-dir/MiniOzoneClusterImpl-314b2a1d-9ab5-4841-b3ea-c00b8cba638f/datanode-0/data/ratis/5d796023-b839-4c54-b6ea-1ee814415694/in_use.lock acquired by nodename 15481@fv-az12-716
2022-02-17 10:48:08,221 [pool-300-thread-1] INFO  storage.RaftStorage (RaftStorageImpl.java:format(89)) - Storage directory /home/runner/work/ozone/ozone/hadoop-ozone/integration-test/target/test-dir/MiniOzoneClusterImpl-314b2a1d-9ab5-4841-b3ea-c00b8cba638f/datanode-0/data/ratis/5d796023-b839-4c54-b6ea-1ee814415694 has been successfully formatted.
2022-02-17 10:48:08,224 [EventQueue-OpenPipelineForHealthyPipelineSafeModeRule] INFO  safemode.SCMSafeModeManager (HealthyPipelineSafeModeRule.java:process(124)) - SCM in safe mode. Healthy pipelines reported count is 0, required healthy pipeline reported count is 1
2022-02-17 10:48:08,225 [pool-300-thread-1] INFO  ratis.ContainerStateMachine (ContainerStateMachine.java:loadSnapshot(236)) - group-1EE814415694: The snapshot info is null. Setting the last applied indexto:(t:0, i:~)
2022-02-17 10:48:08,225 [pool-300-thread-1] INFO  server.RaftServerConfigKeys (ConfUtils.java:logGet(44)) - raft.server.notification.no-leader.timeout = 300s (custom)
2022-02-17 10:48:08,225 [pool-300-thread-1] INFO  server.RaftServerConfigKeys (ConfUtils.java:logGet(44)) - raft.server.log.use.memory = false (default)
2022-02-17 10:48:08,225 [pool-300-thread-1] INFO  server.RaftServerConfigKeys (ConfUtils.java:logGet(44)) - raft.server.log.purge.gap = 1000000 (custom)
2022-02-17 10:48:08,225 [EventQueue-OpenPipelineForHealthyPipelineSafeModeRule] INFO  safemode.SCMSafeModeManager (HealthyPipelineSafeModeRule.java:process(124)) - SCM in safe mode. Healthy pipelines reported count is 0, required healthy pipeline reported count is 1
2022-02-17 10:48:08,225 [pool-300-thread-1] INFO  server.RaftServerConfigKeys (ConfUtils.java:logGet(44)) - raft.server.log.appender.buffer.byte-limit = 33554432 (custom)
2022-02-17 10:48:08,226 [pool-300-thread-1] INFO  server.RaftServerConfigKeys (ConfUtils.java:logGet(44)) - raft.server.log.segment.size.max = 1048576 (custom)
2022-02-17 10:48:08,226 [pool-300-thread-1] INFO  server.RaftServerConfigKeys (ConfUtils.java:logGet(44)) - raft.server.log.segment.cache.num.max = 2 (custom)
2022-02-17 10:48:08,226 [pool-300-thread-1] INFO  server.RaftServerConfigKeys (ConfUtils.java:logGet(44)) - raft.server.log.segment.cache.size.max = 200MB (=209715200) (default)
2022-02-17 10:48:08,226 [pool-300-thread-1] INFO  segmented.SegmentedRaftLogWorker (SegmentedRaftLogWorker.java:<init>(182)) - new ac81e281-9cee-42de-af7f-7eadfff53290@group-1EE814415694-SegmentedRaftLogWorker for RaftStorageImpl:Storage Directory /home/runner/work/ozone/ozone/hadoop-ozone/integration-test/target/test-dir/MiniOzoneClusterImpl-314b2a1d-9ab5-4841-b3ea-c00b8cba638f/datanode-0/data/ratis/5d796023-b839-4c54-b6ea-1ee814415694
2022-02-17 10:48:08,226 [pool-300-thread-1] INFO  server.RaftServerConfigKeys (ConfUtils.java:logGet(44)) - raft.server.log.queue.byte-limit = 4294967296 (custom)
2022-02-17 10:48:08,226 [pool-300-thread-1] INFO  server.RaftServerConfigKeys (ConfUtils.java:logGet(44)) - raft.server.log.queue.element-limit = 1024 (custom)
2022-02-17 10:48:08,226 [pool-300-thread-1] INFO  server.RaftServerConfigKeys (ConfUtils.java:logGet(44)) - raft.server.log.segment.size.max = 1048576 (custom)
2022-02-17 10:48:08,226 [pool-300-thread-1] INFO  server.RaftServerConfigKeys (ConfUtils.java:logGet(44)) - raft.server.log.preallocated.size = 16384 (custom)
2022-02-17 10:48:08,226 [pool-300-thread-1] INFO  server.RaftServerConfigKeys (ConfUtils.java:logGet(44)) - raft.server.log.force.sync.num = 128 (default)
2022-02-17 10:48:08,226 [pool-300-thread-1] INFO  server.RaftServerConfigKeys (ConfUtils.java:logGet(44)) - raft.server.log.statemachine.data.sync = true (default)
2022-02-17 10:48:08,227 [pool-300-thread-1] INFO  server.RaftServerConfigKeys (ConfUtils.java:logGet(44)) - raft.server.log.statemachine.data.sync.timeout = 10s (default)
2022-02-17 10:48:08,227 [pool-300-thread-1] INFO  server.RaftServerConfigKeys (ConfUtils.java:logGet(44)) - raft.server.log.statemachine.data.sync.timeout.retry = -1 (default)
2022-02-17 10:48:08,228 [pool-300-thread-1] INFO  server.RaftServerConfigKeys (ConfUtils.java:logGet(44)) - raft.server.log.write.buffer.size = 1048576 (custom)
2022-02-17 10:48:08,228 [pool-300-thread-1] INFO  server.RaftServerConfigKeys (ConfUtils.java:logGet(44)) - raft.server.log.statemachine.data.caching.enabled = true (custom)
2022-02-17 10:48:08,228 [pool-300-thread-1] INFO  segmented.SegmentedRaftLogWorker (SegmentedRaftLogWorker.java:lambda$new$0(133)) - ac81e281-9cee-42de-af7f-7eadfff53290@group-1EE814415694-SegmentedRaftLogWorker: flushIndex: setUnconditionally 0 -> -1
2022-02-17 10:48:08,229 [pool-300-thread-1] INFO  segmented.SegmentedRaftLogWorker (SegmentedRaftLogWorker.java:lambda$new$0(133)) - ac81e281-9cee-42de-af7f-7eadfff53290@group-1EE814415694-SegmentedRaftLogWorker: safeCacheEvictIndex: setUnconditionally 0 -> -1
2022-02-17 10:48:08,237 [pool-300-thread-1] INFO  server.RaftServerConfigKeys (ConfUtils.java:logGet(44)) - raft.server.snapshot.auto.trigger.enabled = true (custom)
2022-02-17 10:48:08,237 [pool-300-thread-1] INFO  server.RaftServerConfigKeys (ConfUtils.java:logGet(44)) - raft.server.snapshot.auto.trigger.threshold = 10000 (custom)
2022-02-17 10:48:08,237 [pool-300-thread-1] INFO  server.RaftServerConfigKeys (ConfUtils.java:logGet(44)) - raft.server.snapshot.retention.file.num = 5 (custom)
2022-02-17 10:48:08,237 [pool-300-thread-1] INFO  server.RaftServerConfigKeys (ConfUtils.java:logGet(44)) - raft.server.log.purge.upto.snapshot.index = false (default)
2022-02-17 10:48:08,237 [pool-300-thread-1] INFO  server.RaftServerConfigKeys (ConfUtils.java:logGet(44)) - raft.server.retrycache.expirytime = 600000ms (custom)
2022-02-17 10:48:08,237 [pool-300-thread-1] INFO  server.RaftServerConfigKeys (ConfUtils.java:logGet(44)) - raft.server.retrycache.statistics.expirytime = 100μs (default)
2022-02-17 10:48:08,239 [pool-300-thread-1] INFO  server.RaftServer$Division (RaftServerImpl.java:start(301)) - ac81e281-9cee-42de-af7f-7eadfff53290@group-1EE814415694: start as a follower, conf=-1: [0523a322-62fb-48ad-ac32-b14e75d36544|rpc:127.0.0.1:40599|priority:1, ac81e281-9cee-42de-af7f-7eadfff53290|rpc:127.0.0.1:46507|priority:0, 3b6373f7-c408-47d6-bd58-f170bcabf6e4|rpc:127.0.0.1:45045|priority:0], old=null
2022-02-17 10:48:08,239 [pool-300-thread-1] INFO  server.RaftServer$Division (RaftServerImpl.java:setRole(290)) - ac81e281-9cee-42de-af7f-7eadfff53290@group-1EE814415694: changes role from      null to FOLLOWER at term 0 for startAsFollower
2022-02-17 10:48:08,239 [pool-300-thread-1] INFO  impl.RoleInfo (RoleInfo.java:updateAndGet(130)) - ac81e281-9cee-42de-af7f-7eadfff53290: start ac81e281-9cee-42de-af7f-7eadfff53290@group-1EE814415694-FollowerState
2022-02-17 10:48:08,248 [pool-300-thread-1] INFO  util.JmxRegister (JmxRegister.java:tryRegister(44)) - Successfully registered JMX Bean with object name Ratis:service=RaftServer,group=group-1EE814415694,id=ac81e281-9cee-42de-af7f-7eadfff53290
2022-02-17 10:48:08,254 [Command processor thread] INFO  ratis.XceiverServerRatis (XceiverServerRatis.java:addGroup(769)) - Created group PipelineID=5d796023-b839-4c54-b6ea-1ee814415694
2022-02-17 10:48:08,263 [grpc-default-executor-0] INFO  server.RaftServer (RaftServerProxy.java:addNew(95)) - 0523a322-62fb-48ad-ac32-b14e75d36544: addNew group-1EE814415694:[0523a322-62fb-48ad-ac32-b14e75d36544|rpc:127.0.0.1:40599|dataStream:|priority:1, ac81e281-9cee-42de-af7f-7eadfff53290|rpc:127.0.0.1:46507|dataStream:|priority:0, 3b6373f7-c408-47d6-bd58-f170bcabf6e4|rpc:127.0.0.1:45045|dataStream:|priority:0] returns group-1EE814415694:java.util.concurrent.CompletableFuture@3248137d[Not completed]
2022-02-17 10:48:08,264 [pool-346-thread-1] INFO  server.RaftServer$Division (RaftServerImpl.java:<init>(184)) - 0523a322-62fb-48ad-ac32-b14e75d36544: new RaftServerImpl for group-1EE814415694:[0523a322-62fb-48ad-ac32-b14e75d36544|rpc:127.0.0.1:40599|dataStream:|priority:1, ac81e281-9cee-42de-af7f-7eadfff53290|rpc:127.0.0.1:46507|dataStream:|priority:0, 3b6373f7-c408-47d6-bd58-f170bcabf6e4|rpc:127.0.0.1:45045|dataStream:|priority:0] with ContainerStateMachine:uninitialized
2022-02-17 10:48:08,264 [pool-346-thread-1] INFO  server.RaftServerConfigKeys (ConfUtils.java:logGet(44)) - raft.server.rpc.timeout.min = 5s (custom)
2022-02-17 10:48:08,264 [pool-346-thread-1] INFO  server.RaftServerConfigKeys (ConfUtils.java:logGet(44)) - raft.server.rpc.timeout.max = 5200ms (custom)
2022-02-17 10:48:08,264 [pool-346-thread-1] INFO  server.RaftServerConfigKeys (ConfUtils.java:logGet(44)) - raft.server.rpc.sleep.time = 25ms (default)
2022-02-17 10:48:08,264 [pool-346-thread-1] INFO  server.RaftServerConfigKeys (ConfUtils.java:logGet(44)) - raft.server.rpc.slowness.timeout = 300s (custom)
2022-02-17 10:48:08,264 [pool-346-thread-1] INFO  server.RaftServerConfigKeys (ConfUtils.java:logGet(44)) - raft.server.leaderelection.leader.step-down.wait-time = 10s (default)
2022-02-17 10:48:08,264 [pool-346-thread-1] INFO  server.RaftServerConfigKeys (ConfUtils.java:logGet(44)) - raft.server.sleep.deviation.threshold = 300ms (default)
2022-02-17 10:48:08,264 [pool-346-thread-1] INFO  server.RaftServerConfigKeys (ConfUtils.java:logGet(44)) - raft.server.log.appender.install.snapshot.enabled = false (custom)
2022-02-17 10:48:08,264 [pool-346-thread-1] INFO  server.RaftServer$Division (ServerState.java:<init>(105)) - 0523a322-62fb-48ad-ac32-b14e75d36544@group-1EE814415694: ConfigurationManager, init=-1: [0523a322-62fb-48ad-ac32-b14e75d36544|rpc:127.0.0.1:40599|dataStream:|priority:1, ac81e281-9cee-42de-af7f-7eadfff53290|rpc:127.0.0.1:46507|dataStream:|priority:0, 3b6373f7-c408-47d6-bd58-f170bcabf6e4|rpc:127.0.0.1:45045|dataStream:|priority:0], old=null, confs=<EMPTY_MAP>
2022-02-17 10:48:08,264 [pool-346-thread-1] INFO  server.RaftServerConfigKeys (ConfUtils.java:logGet(44)) - raft.server.storage.dir = [/home/runner/work/ozone/ozone/hadoop-ozone/integration-test/target/test-dir/MiniOzoneClusterImpl-314b2a1d-9ab5-4841-b3ea-c00b8cba638f/datanode-2/data/ratis] (custom)
2022-02-17 10:48:08,265 [pool-346-thread-1] INFO  server.RaftServerConfigKeys (ConfUtils.java:logGet(44)) - raft.server.log.corruption.policy = EXCEPTION (default)
2022-02-17 10:48:08,265 [pool-346-thread-1] INFO  server.RaftServerConfigKeys (ConfUtils.java:logGet(44)) - raft.server.storage.free-space.min = 0MB (=0) (default)
2022-02-17 10:48:08,265 [pool-346-thread-1] INFO  storage.RaftStorageDirectory (RaftStorageDirectoryImpl.java:analyzeStorage(135)) - The storage directory /home/runner/work/ozone/ozone/hadoop-ozone/integration-test/target/test-dir/MiniOzoneClusterImpl-314b2a1d-9ab5-4841-b3ea-c00b8cba638f/datanode-2/data/ratis/5d796023-b839-4c54-b6ea-1ee814415694 does not exist. Creating ...
2022-02-17 10:48:08,268 [pool-346-thread-1] INFO  storage.RaftStorageDirectory (RaftStorageDirectoryImpl.java:tryLock(230)) - Lock on /home/runner/work/ozone/ozone/hadoop-ozone/integration-test/target/test-dir/MiniOzoneClusterImpl-314b2a1d-9ab5-4841-b3ea-c00b8cba638f/datanode-2/data/ratis/5d796023-b839-4c54-b6ea-1ee814415694/in_use.lock acquired by nodename 15481@fv-az12-716
2022-02-17 10:48:08,270 [pool-346-thread-1] INFO  storage.RaftStorage (RaftStorageImpl.java:format(89)) - Storage directory /home/runner/work/ozone/ozone/hadoop-ozone/integration-test/target/test-dir/MiniOzoneClusterImpl-314b2a1d-9ab5-4841-b3ea-c00b8cba638f/datanode-2/data/ratis/5d796023-b839-4c54-b6ea-1ee814415694 has been successfully formatted.
2022-02-17 10:48:08,271 [pool-346-thread-1] INFO  ratis.ContainerStateMachine (ContainerStateMachine.java:loadSnapshot(236)) - group-1EE814415694: The snapshot info is null. Setting the last applied indexto:(t:0, i:~)
2022-02-17 10:48:08,273 [pool-346-thread-1] INFO  server.RaftServerConfigKeys (ConfUtils.java:logGet(44)) - raft.server.notification.no-leader.timeout = 300s (custom)
2022-02-17 10:48:08,273 [pool-346-thread-1] INFO  server.RaftServerConfigKeys (ConfUtils.java:logGet(44)) - raft.server.log.use.memory = false (default)
2022-02-17 10:48:08,273 [pool-346-thread-1] INFO  server.RaftServerConfigKeys (ConfUtils.java:logGet(44)) - raft.server.log.purge.gap = 1000000 (custom)
2022-02-17 10:48:08,274 [pool-346-thread-1] INFO  server.RaftServerConfigKeys (ConfUtils.java:logGet(44)) - raft.server.log.appender.buffer.byte-limit = 33554432 (custom)
2022-02-17 10:48:08,274 [pool-346-thread-1] INFO  server.RaftServerConfigKeys (ConfUtils.java:logGet(44)) - raft.server.log.segment.size.max = 1048576 (custom)
2022-02-17 10:48:08,278 [pool-346-thread-1] INFO  server.RaftServerConfigKeys (ConfUtils.java:logGet(44)) - raft.server.log.segment.cache.num.max = 2 (custom)
2022-02-17 10:48:08,278 [pool-346-thread-1] INFO  server.RaftServerConfigKeys (ConfUtils.java:logGet(44)) - raft.server.log.segment.cache.size.max = 200MB (=209715200) (default)
2022-02-17 10:48:08,278 [pool-346-thread-1] INFO  segmented.SegmentedRaftLogWorker (SegmentedRaftLogWorker.java:<init>(182)) - new 0523a322-62fb-48ad-ac32-b14e75d36544@group-1EE814415694-SegmentedRaftLogWorker for RaftStorageImpl:Storage Directory /home/runner/work/ozone/ozone/hadoop-ozone/integration-test/target/test-dir/MiniOzoneClusterImpl-314b2a1d-9ab5-4841-b3ea-c00b8cba638f/datanode-2/data/ratis/5d796023-b839-4c54-b6ea-1ee814415694
2022-02-17 10:48:08,278 [pool-346-thread-1] INFO  server.RaftServerConfigKeys (ConfUtils.java:logGet(44)) - raft.server.log.queue.byte-limit = 4294967296 (custom)
2022-02-17 10:48:08,278 [pool-346-thread-1] INFO  server.RaftServerConfigKeys (ConfUtils.java:logGet(44)) - raft.server.log.queue.element-limit = 1024 (custom)
2022-02-17 10:48:08,278 [pool-346-thread-1] INFO  server.RaftServerConfigKeys (ConfUtils.java:logGet(44)) - raft.server.log.segment.size.max = 1048576 (custom)
2022-02-17 10:48:08,279 [pool-346-thread-1] INFO  server.RaftServerConfigKeys (ConfUtils.java:logGet(44)) - raft.server.log.preallocated.size = 16384 (custom)
2022-02-17 10:48:08,279 [pool-346-thread-1] INFO  server.RaftServerConfigKeys (ConfUtils.java:logGet(44)) - raft.server.log.force.sync.num = 128 (default)
2022-02-17 10:48:08,279 [pool-346-thread-1] INFO  server.RaftServerConfigKeys (ConfUtils.java:logGet(44)) - raft.server.log.statemachine.data.sync = true (default)
2022-02-17 10:48:08,279 [pool-346-thread-1] INFO  server.RaftServerConfigKeys (ConfUtils.java:logGet(44)) - raft.server.log.statemachine.data.sync.timeout = 10s (default)
2022-02-17 10:48:08,279 [pool-346-thread-1] INFO  server.RaftServerConfigKeys (ConfUtils.java:logGet(44)) - raft.server.log.statemachine.data.sync.timeout.retry = -1 (default)
2022-02-17 10:48:08,280 [pool-346-thread-1] INFO  server.RaftServerConfigKeys (ConfUtils.java:logGet(44)) - raft.server.log.write.buffer.size = 1048576 (custom)
2022-02-17 10:48:08,282 [pool-346-thread-1] INFO  server.RaftServerConfigKeys (ConfUtils.java:logGet(44)) - raft.server.log.statemachine.data.caching.enabled = true (custom)
2022-02-17 10:48:08,282 [pool-346-thread-1] INFO  segmented.SegmentedRaftLogWorker (SegmentedRaftLogWorker.java:lambda$new$0(133)) - 0523a322-62fb-48ad-ac32-b14e75d36544@group-1EE814415694-SegmentedRaftLogWorker: flushIndex: setUnconditionally 0 -> -1
2022-02-17 10:48:08,282 [pool-346-thread-1] INFO  segmented.SegmentedRaftLogWorker (SegmentedRaftLogWorker.java:lambda$new$0(133)) - 0523a322-62fb-48ad-ac32-b14e75d36544@group-1EE814415694-SegmentedRaftLogWorker: safeCacheEvictIndex: setUnconditionally 0 -> -1
2022-02-17 10:48:08,283 [pool-346-thread-1] INFO  server.RaftServerConfigKeys (ConfUtils.java:logGet(44)) - raft.server.snapshot.auto.trigger.enabled = true (custom)
2022-02-17 10:48:08,283 [pool-346-thread-1] INFO  server.RaftServerConfigKeys (ConfUtils.java:logGet(44)) - raft.server.snapshot.auto.trigger.threshold = 10000 (custom)
2022-02-17 10:48:08,283 [pool-346-thread-1] INFO  server.RaftServerConfigKeys (ConfUtils.java:logGet(44)) - raft.server.snapshot.retention.file.num = 5 (custom)
2022-02-17 10:48:08,283 [pool-346-thread-1] INFO  server.RaftServerConfigKeys (ConfUtils.java:logGet(44)) - raft.server.log.purge.upto.snapshot.index = false (default)
2022-02-17 10:48:08,283 [pool-346-thread-1] INFO  server.RaftServerConfigKeys (ConfUtils.java:logGet(44)) - raft.server.retrycache.expirytime = 600000ms (custom)
2022-02-17 10:48:08,283 [pool-346-thread-1] INFO  server.RaftServerConfigKeys (ConfUtils.java:logGet(44)) - raft.server.retrycache.statistics.expirytime = 100μs (default)
2022-02-17 10:48:08,284 [pool-346-thread-1] INFO  server.RaftServer$Division (RaftServerImpl.java:start(301)) - 0523a322-62fb-48ad-ac32-b14e75d36544@group-1EE814415694: start as a follower, conf=-1: [0523a322-62fb-48ad-ac32-b14e75d36544|rpc:127.0.0.1:40599|dataStream:|priority:1, ac81e281-9cee-42de-af7f-7eadfff53290|rpc:127.0.0.1:46507|dataStream:|priority:0, 3b6373f7-c408-47d6-bd58-f170bcabf6e4|rpc:127.0.0.1:45045|dataStream:|priority:0], old=null
2022-02-17 10:48:08,284 [pool-346-thread-1] INFO  server.RaftServer$Division (RaftServerImpl.java:setRole(290)) - 0523a322-62fb-48ad-ac32-b14e75d36544@group-1EE814415694: changes role from      null to FOLLOWER at term 0 for startAsFollower
2022-02-17 10:48:08,284 [pool-346-thread-1] INFO  impl.RoleInfo (RoleInfo.java:updateAndGet(130)) - 0523a322-62fb-48ad-ac32-b14e75d36544: start 0523a322-62fb-48ad-ac32-b14e75d36544@group-1EE814415694-FollowerState
2022-02-17 10:48:08,285 [pool-346-thread-1] INFO  util.JmxRegister (JmxRegister.java:tryRegister(44)) - Successfully registered JMX Bean with object name Ratis:service=RaftServer,group=group-1EE814415694,id=0523a322-62fb-48ad-ac32-b14e75d36544
2022-02-17 10:48:08,305 [grpc-default-executor-0] INFO  server.RaftServer (RaftServerProxy.java:addNew(95)) - 3b6373f7-c408-47d6-bd58-f170bcabf6e4: addNew group-1EE814415694:[0523a322-62fb-48ad-ac32-b14e75d36544|rpc:127.0.0.1:40599|dataStream:|priority:1, ac81e281-9cee-42de-af7f-7eadfff53290|rpc:127.0.0.1:46507|dataStream:|priority:0, 3b6373f7-c408-47d6-bd58-f170bcabf6e4|rpc:127.0.0.1:45045|dataStream:|priority:0] returns group-1EE814415694:java.util.concurrent.CompletableFuture@a68b492[Not completed]
2022-02-17 10:48:08,306 [pool-323-thread-1] INFO  server.RaftServer$Division (RaftServerImpl.java:<init>(184)) - 3b6373f7-c408-47d6-bd58-f170bcabf6e4: new RaftServerImpl for group-1EE814415694:[0523a322-62fb-48ad-ac32-b14e75d36544|rpc:127.0.0.1:40599|dataStream:|priority:1, ac81e281-9cee-42de-af7f-7eadfff53290|rpc:127.0.0.1:46507|dataStream:|priority:0, 3b6373f7-c408-47d6-bd58-f170bcabf6e4|rpc:127.0.0.1:45045|dataStream:|priority:0] with ContainerStateMachine:uninitialized
2022-02-17 10:48:08,306 [pool-323-thread-1] INFO  server.RaftServerConfigKeys (ConfUtils.java:logGet(44)) - raft.server.rpc.timeout.min = 5s (custom)
2022-02-17 10:48:08,306 [pool-323-thread-1] INFO  server.RaftServerConfigKeys (ConfUtils.java:logGet(44)) - raft.server.rpc.timeout.max = 5200ms (custom)
2022-02-17 10:48:08,306 [pool-323-thread-1] INFO  server.RaftServerConfigKeys (ConfUtils.java:logGet(44)) - raft.server.rpc.sleep.time = 25ms (default)
2022-02-17 10:48:08,306 [pool-323-thread-1] INFO  server.RaftServerConfigKeys (ConfUtils.java:logGet(44)) - raft.server.rpc.slowness.timeout = 300s (custom)
2022-02-17 10:48:08,306 [pool-323-thread-1] INFO  server.RaftServerConfigKeys (ConfUtils.java:logGet(44)) - raft.server.leaderelection.leader.step-down.wait-time = 10s (default)
2022-02-17 10:48:08,306 [pool-323-thread-1] INFO  server.RaftServerConfigKeys (ConfUtils.java:logGet(44)) - raft.server.sleep.deviation.threshold = 300ms (default)
2022-02-17 10:48:08,306 [pool-323-thread-1] INFO  server.RaftServerConfigKeys (ConfUtils.java:logGet(44)) - raft.server.log.appender.install.snapshot.enabled = false (custom)
2022-02-17 10:48:08,306 [pool-323-thread-1] INFO  server.RaftServer$Division (ServerState.java:<init>(105)) - 3b6373f7-c408-47d6-bd58-f170bcabf6e4@group-1EE814415694: ConfigurationManager, init=-1: [0523a322-62fb-48ad-ac32-b14e75d36544|rpc:127.0.0.1:40599|dataStream:|priority:1, ac81e281-9cee-42de-af7f-7eadfff53290|rpc:127.0.0.1:46507|dataStream:|priority:0, 3b6373f7-c408-47d6-bd58-f170bcabf6e4|rpc:127.0.0.1:45045|dataStream:|priority:0], old=null, confs=<EMPTY_MAP>
2022-02-17 10:48:08,306 [pool-323-thread-1] INFO  server.RaftServerConfigKeys (ConfUtils.java:logGet(44)) - raft.server.storage.dir = [/home/runner/work/ozone/ozone/hadoop-ozone/integration-test/target/test-dir/MiniOzoneClusterImpl-314b2a1d-9ab5-4841-b3ea-c00b8cba638f/datanode-1/data/ratis] (custom)
2022-02-17 10:48:08,307 [pool-323-thread-1] INFO  server.RaftServerConfigKeys (ConfUtils.java:logGet(44)) - raft.server.log.corruption.policy = EXCEPTION (default)
2022-02-17 10:48:08,307 [pool-323-thread-1] INFO  server.RaftServerConfigKeys (ConfUtils.java:logGet(44)) - raft.server.storage.free-space.min = 0MB (=0) (default)
2022-02-17 10:48:08,307 [pool-323-thread-1] INFO  storage.RaftStorageDirectory (RaftStorageDirectoryImpl.java:analyzeStorage(135)) - The storage directory /home/runner/work/ozone/ozone/hadoop-ozone/integration-test/target/test-dir/MiniOzoneClusterImpl-314b2a1d-9ab5-4841-b3ea-c00b8cba638f/datanode-1/data/ratis/5d796023-b839-4c54-b6ea-1ee814415694 does not exist. Creating ...
2022-02-17 10:48:08,309 [pool-323-thread-1] INFO  storage.RaftStorageDirectory (RaftStorageDirectoryImpl.java:tryLock(230)) - Lock on /home/runner/work/ozone/ozone/hadoop-ozone/integration-test/target/test-dir/MiniOzoneClusterImpl-314b2a1d-9ab5-4841-b3ea-c00b8cba638f/datanode-1/data/ratis/5d796023-b839-4c54-b6ea-1ee814415694/in_use.lock acquired by nodename 15481@fv-az12-716
2022-02-17 10:48:08,311 [pool-323-thread-1] INFO  storage.RaftStorage (RaftStorageImpl.java:format(89)) - Storage directory /home/runner/work/ozone/ozone/hadoop-ozone/integration-test/target/test-dir/MiniOzoneClusterImpl-314b2a1d-9ab5-4841-b3ea-c00b8cba638f/datanode-1/data/ratis/5d796023-b839-4c54-b6ea-1ee814415694 has been successfully formatted.
2022-02-17 10:48:08,311 [pool-323-thread-1] INFO  ratis.ContainerStateMachine (ContainerStateMachine.java:loadSnapshot(236)) - group-1EE814415694: The snapshot info is null. Setting the last applied indexto:(t:0, i:~)
2022-02-17 10:48:08,311 [pool-323-thread-1] INFO  server.RaftServerConfigKeys (ConfUtils.java:logGet(44)) - raft.server.notification.no-leader.timeout = 300s (custom)
2022-02-17 10:48:08,312 [pool-323-thread-1] INFO  server.RaftServerConfigKeys (ConfUtils.java:logGet(44)) - raft.server.log.use.memory = false (default)
2022-02-17 10:48:08,312 [pool-323-thread-1] INFO  server.RaftServerConfigKeys (ConfUtils.java:logGet(44)) - raft.server.log.purge.gap = 1000000 (custom)
2022-02-17 10:48:08,312 [pool-323-thread-1] INFO  server.RaftServerConfigKeys (ConfUtils.java:logGet(44)) - raft.server.log.appender.buffer.byte-limit = 33554432 (custom)
2022-02-17 10:48:08,312 [pool-323-thread-1] INFO  server.RaftServerConfigKeys (ConfUtils.java:logGet(44)) - raft.server.log.segment.size.max = 1048576 (custom)
2022-02-17 10:48:08,312 [pool-323-thread-1] INFO  server.RaftServerConfigKeys (ConfUtils.java:logGet(44)) - raft.server.log.segment.cache.num.max = 2 (custom)
2022-02-17 10:48:08,312 [pool-323-thread-1] INFO  server.RaftServerConfigKeys (ConfUtils.java:logGet(44)) - raft.server.log.segment.cache.size.max = 200MB (=209715200) (default)
2022-02-17 10:48:08,313 [pool-323-thread-1] INFO  segmented.SegmentedRaftLogWorker (SegmentedRaftLogWorker.java:<init>(182)) - new 3b6373f7-c408-47d6-bd58-f170bcabf6e4@group-1EE814415694-SegmentedRaftLogWorker for RaftStorageImpl:Storage Directory /home/runner/work/ozone/ozone/hadoop-ozone/integration-test/target/test-dir/MiniOzoneClusterImpl-314b2a1d-9ab5-4841-b3ea-c00b8cba638f/datanode-1/data/ratis/5d796023-b839-4c54-b6ea-1ee814415694
2022-02-17 10:48:08,313 [pool-323-thread-1] INFO  server.RaftServerConfigKeys (ConfUtils.java:logGet(44)) - raft.server.log.queue.byte-limit = 4294967296 (custom)
2022-02-17 10:48:08,313 [pool-323-thread-1] INFO  server.RaftServerConfigKeys (ConfUtils.java:logGet(44)) - raft.server.log.queue.element-limit = 1024 (custom)
2022-02-17 10:48:08,313 [pool-323-thread-1] INFO  server.RaftServerConfigKeys (ConfUtils.java:logGet(44)) - raft.server.log.segment.size.max = 1048576 (custom)
2022-02-17 10:48:08,313 [pool-323-thread-1] INFO  server.RaftServerConfigKeys (ConfUtils.java:logGet(44)) - raft.server.log.preallocated.size = 16384 (custom)
2022-02-17 10:48:08,313 [pool-323-thread-1] INFO  server.RaftServerConfigKeys (ConfUtils.java:logGet(44)) - raft.server.log.force.sync.num = 128 (default)
2022-02-17 10:48:08,313 [pool-323-thread-1] INFO  server.RaftServerConfigKeys (ConfUtils.java:logGet(44)) - raft.server.log.statemachine.data.sync = true (default)
2022-02-17 10:48:08,313 [pool-323-thread-1] INFO  server.RaftServerConfigKeys (ConfUtils.java:logGet(44)) - raft.server.log.statemachine.data.sync.timeout = 10s (default)
2022-02-17 10:48:08,313 [pool-323-thread-1] INFO  server.RaftServerConfigKeys (ConfUtils.java:logGet(44)) - raft.server.log.statemachine.data.sync.timeout.retry = -1 (default)
2022-02-17 10:48:08,320 [pool-323-thread-1] INFO  server.RaftServerConfigKeys (ConfUtils.java:logGet(44)) - raft.server.log.write.buffer.size = 1048576 (custom)
2022-02-17 10:48:08,321 [pool-323-thread-1] INFO  server.RaftServerConfigKeys (ConfUtils.java:logGet(44)) - raft.server.log.statemachine.data.caching.enabled = true (custom)
2022-02-17 10:48:08,321 [pool-323-thread-1] INFO  segmented.SegmentedRaftLogWorker (SegmentedRaftLogWorker.java:lambda$new$0(133)) - 3b6373f7-c408-47d6-bd58-f170bcabf6e4@group-1EE814415694-SegmentedRaftLogWorker: flushIndex: setUnconditionally 0 -> -1
2022-02-17 10:48:08,321 [pool-323-thread-1] INFO  segmented.SegmentedRaftLogWorker (SegmentedRaftLogWorker.java:lambda$new$0(133)) - 3b6373f7-c408-47d6-bd58-f170bcabf6e4@group-1EE814415694-SegmentedRaftLogWorker: safeCacheEvictIndex: setUnconditionally 0 -> -1
2022-02-17 10:48:08,329 [pool-323-thread-1] INFO  server.RaftServerConfigKeys (ConfUtils.java:logGet(44)) - raft.server.snapshot.auto.trigger.enabled = true (custom)
2022-02-17 10:48:08,329 [pool-323-thread-1] INFO  server.RaftServerConfigKeys (ConfUtils.java:logGet(44)) - raft.server.snapshot.auto.trigger.threshold = 10000 (custom)
2022-02-17 10:48:08,330 [pool-323-thread-1] INFO  server.RaftServerConfigKeys (ConfUtils.java:logGet(44)) - raft.server.snapshot.retention.file.num = 5 (custom)
2022-02-17 10:48:08,330 [pool-323-thread-1] INFO  server.RaftServerConfigKeys (ConfUtils.java:logGet(44)) - raft.server.log.purge.upto.snapshot.index = false (default)
2022-02-17 10:48:08,330 [pool-323-thread-1] INFO  server.RaftServerConfigKeys (ConfUtils.java:logGet(44)) - raft.server.retrycache.expirytime = 600000ms (custom)
2022-02-17 10:48:08,330 [pool-323-thread-1] INFO  server.RaftServerConfigKeys (ConfUtils.java:logGet(44)) - raft.server.retrycache.statistics.expirytime = 100μs (default)
2022-02-17 10:48:08,331 [pool-323-thread-1] INFO  server.RaftServer$Division (RaftServerImpl.java:start(301)) - 3b6373f7-c408-47d6-bd58-f170bcabf6e4@group-1EE814415694: start as a follower, conf=-1: [0523a322-62fb-48ad-ac32-b14e75d36544|rpc:127.0.0.1:40599|dataStream:|priority:1, ac81e281-9cee-42de-af7f-7eadfff53290|rpc:127.0.0.1:46507|dataStream:|priority:0, 3b6373f7-c408-47d6-bd58-f170bcabf6e4|rpc:127.0.0.1:45045|dataStream:|priority:0], old=null
2022-02-17 10:48:08,332 [pool-323-thread-1] INFO  server.RaftServer$Division (RaftServerImpl.java:setRole(290)) - 3b6373f7-c408-47d6-bd58-f170bcabf6e4@group-1EE814415694: changes role from      null to FOLLOWER at term 0 for startAsFollower
2022-02-17 10:48:08,332 [pool-323-thread-1] INFO  impl.RoleInfo (RoleInfo.java:updateAndGet(130)) - 3b6373f7-c408-47d6-bd58-f170bcabf6e4: start 3b6373f7-c408-47d6-bd58-f170bcabf6e4@group-1EE814415694-FollowerState
2022-02-17 10:48:08,332 [pool-323-thread-1] INFO  util.JmxRegister (JmxRegister.java:tryRegister(44)) - Successfully registered JMX Bean with object name Ratis:service=RaftServer,group=group-1EE814415694,id=3b6373f7-c408-47d6-bd58-f170bcabf6e4
2022-02-17 10:48:08,358 [Command processor thread] INFO  commandhandler.CreatePipelineCommandHandler (CreatePipelineCommandHandler.java:handle(106)) - Created Pipeline RATIS THREE PipelineID=5d796023-b839-4c54-b6ea-1ee814415694.
2022-02-17 10:48:08,420 [Command processor thread] INFO  server.RaftServer (RaftServerProxy.java:addNew(95)) - 3b6373f7-c408-47d6-bd58-f170bcabf6e4: addNew group-7BB2698B34C9:[3b6373f7-c408-47d6-bd58-f170bcabf6e4|rpc:127.0.0.1:45045|priority:1] returns group-7BB2698B34C9:java.util.concurrent.CompletableFuture@108f8dd5[Not completed]
2022-02-17 10:48:08,422 [pool-323-thread-1] INFO  server.RaftServer$Division (RaftServerImpl.java:<init>(184)) - 3b6373f7-c408-47d6-bd58-f170bcabf6e4: new RaftServerImpl for group-7BB2698B34C9:[3b6373f7-c408-47d6-bd58-f170bcabf6e4|rpc:127.0.0.1:45045|priority:1] with ContainerStateMachine:uninitialized
2022-02-17 10:48:08,422 [pool-323-thread-1] INFO  server.RaftServerConfigKeys (ConfUtils.java:logGet(44)) - raft.server.rpc.timeout.min = 5s (custom)
2022-02-17 10:48:08,422 [pool-323-thread-1] INFO  server.RaftServerConfigKeys (ConfUtils.java:logGet(44)) - raft.server.rpc.timeout.max = 5200ms (custom)
2022-02-17 10:48:08,422 [pool-323-thread-1] INFO  server.RaftServerConfigKeys (ConfUtils.java:logGet(44)) - raft.server.rpc.sleep.time = 25ms (default)
2022-02-17 10:48:08,422 [pool-323-thread-1] INFO  server.RaftServerConfigKeys (ConfUtils.java:logGet(44)) - raft.server.rpc.slowness.timeout = 300s (custom)
2022-02-17 10:48:08,422 [pool-323-thread-1] INFO  server.RaftServerConfigKeys (ConfUtils.java:logGet(44)) - raft.server.leaderelection.leader.step-down.wait-time = 10s (default)
2022-02-17 10:48:08,422 [pool-323-thread-1] INFO  server.RaftServerConfigKeys (ConfUtils.java:logGet(44)) - raft.server.sleep.deviation.threshold = 300ms (default)
2022-02-17 10:48:08,422 [pool-323-thread-1] INFO  server.RaftServerConfigKeys (ConfUtils.java:logGet(44)) - raft.server.log.appender.install.snapshot.enabled = false (custom)
2022-02-17 10:48:08,422 [pool-323-thread-1] INFO  server.RaftServer$Division (ServerState.java:<init>(105)) - 3b6373f7-c408-47d6-bd58-f170bcabf6e4@group-7BB2698B34C9: ConfigurationManager, init=-1: [3b6373f7-c408-47d6-bd58-f170bcabf6e4|rpc:127.0.0.1:45045|priority:1], old=null, confs=<EMPTY_MAP>
2022-02-17 10:48:08,422 [pool-323-thread-1] INFO  server.RaftServerConfigKeys (ConfUtils.java:logGet(44)) - raft.server.storage.dir = [/home/runner/work/ozone/ozone/hadoop-ozone/integration-test/target/test-dir/MiniOzoneClusterImpl-314b2a1d-9ab5-4841-b3ea-c00b8cba638f/datanode-1/data/ratis] (custom)
2022-02-17 10:48:08,422 [pool-323-thread-1] INFO  server.RaftServerConfigKeys (ConfUtils.java:logGet(44)) - raft.server.log.corruption.policy = EXCEPTION (default)
2022-02-17 10:48:08,422 [pool-323-thread-1] INFO  server.RaftServerConfigKeys (ConfUtils.java:logGet(44)) - raft.server.storage.free-space.min = 0MB (=0) (default)
2022-02-17 10:48:08,423 [pool-323-thread-1] INFO  storage.RaftStorageDirectory (RaftStorageDirectoryImpl.java:analyzeStorage(135)) - The storage directory /home/runner/work/ozone/ozone/hadoop-ozone/integration-test/target/test-dir/MiniOzoneClusterImpl-314b2a1d-9ab5-4841-b3ea-c00b8cba638f/datanode-1/data/ratis/8aaf4578-6a37-45fa-a784-7bb2698b34c9 does not exist. Creating ...
2022-02-17 10:48:08,424 [pool-323-thread-1] INFO  storage.RaftStorageDirectory (RaftStorageDirectoryImpl.java:tryLock(230)) - Lock on /home/runner/work/ozone/ozone/hadoop-ozone/integration-test/target/test-dir/MiniOzoneClusterImpl-314b2a1d-9ab5-4841-b3ea-c00b8cba638f/datanode-1/data/ratis/8aaf4578-6a37-45fa-a784-7bb2698b34c9/in_use.lock acquired by nodename 15481@fv-az12-716
2022-02-17 10:48:08,426 [pool-323-thread-1] INFO  storage.RaftStorage (RaftStorageImpl.java:format(89)) - Storage directory /home/runner/work/ozone/ozone/hadoop-ozone/integration-test/target/test-dir/MiniOzoneClusterImpl-314b2a1d-9ab5-4841-b3ea-c00b8cba638f/datanode-1/data/ratis/8aaf4578-6a37-45fa-a784-7bb2698b34c9 has been successfully formatted.
2022-02-17 10:48:08,426 [pool-323-thread-1] INFO  ratis.ContainerStateMachine (ContainerStateMachine.java:loadSnapshot(236)) - group-7BB2698B34C9: The snapshot info is null. Setting the last applied indexto:(t:0, i:~)
2022-02-17 10:48:08,427 [pool-323-thread-1] INFO  server.RaftServerConfigKeys (ConfUtils.java:logGet(44)) - raft.server.notification.no-leader.timeout = 300s (custom)
2022-02-17 10:48:08,427 [pool-323-thread-1] INFO  server.RaftServerConfigKeys (ConfUtils.java:logGet(44)) - raft.server.log.use.memory = false (default)
2022-02-17 10:48:08,427 [pool-323-thread-1] INFO  server.RaftServerConfigKeys (ConfUtils.java:logGet(44)) - raft.server.log.purge.gap = 1000000 (custom)
2022-02-17 10:48:08,427 [pool-323-thread-1] INFO  server.RaftServerConfigKeys (ConfUtils.java:logGet(44)) - raft.server.log.appender.buffer.byte-limit = 33554432 (custom)
2022-02-17 10:48:08,427 [pool-323-thread-1] INFO  server.RaftServerConfigKeys (ConfUtils.java:logGet(44)) - raft.server.log.segment.size.max = 1048576 (custom)
2022-02-17 10:48:08,429 [EventQueue-PipelineReportForPipelineReportHandler] INFO  pipeline.PipelineManagerImpl (PipelineManagerImpl.java:openPipeline(291)) - Pipeline Pipeline[ Id: 8aaf4578-6a37-45fa-a784-7bb2698b34c9, Nodes: 3b6373f7-c408-47d6-bd58-f170bcabf6e4{ip: 127.0.0.1, host: localhost, ports: [REPLICATION=35311, RATIS=45045, RATIS_ADMIN=45045, RATIS_SERVER=45045, STANDALONE=41985], networkLocation: /default-rack, certSerialId: null, persistedOpState: IN_SERVICE, persistedOpStateExpiryEpochSec: 0}, ReplicationConfig: RATIS/ONE, State:ALLOCATED, leaderId:3b6373f7-c408-47d6-bd58-f170bcabf6e4, CreationTimestamp2022-02-17T10:48:05.427Z[Etc/UTC]] moved to OPEN state
2022-02-17 10:48:08,432 [pool-323-thread-1] INFO  server.RaftServerConfigKeys (ConfUtils.java:logGet(44)) - raft.server.log.segment.cache.num.max = 2 (custom)
2022-02-17 10:48:08,432 [pool-323-thread-1] INFO  server.RaftServerConfigKeys (ConfUtils.java:logGet(44)) - raft.server.log.segment.cache.size.max = 200MB (=209715200) (default)
2022-02-17 10:48:08,432 [pool-323-thread-1] INFO  segmented.SegmentedRaftLogWorker (SegmentedRaftLogWorker.java:<init>(182)) - new 3b6373f7-c408-47d6-bd58-f170bcabf6e4@group-7BB2698B34C9-SegmentedRaftLogWorker for RaftStorageImpl:Storage Directory /home/runner/work/ozone/ozone/hadoop-ozone/integration-test/target/test-dir/MiniOzoneClusterImpl-314b2a1d-9ab5-4841-b3ea-c00b8cba638f/datanode-1/data/ratis/8aaf4578-6a37-45fa-a784-7bb2698b34c9
2022-02-17 10:48:08,432 [pool-323-thread-1] INFO  server.RaftServerConfigKeys (ConfUtils.java:logGet(44)) - raft.server.log.queue.byte-limit = 4294967296 (custom)
2022-02-17 10:48:08,432 [pool-323-thread-1] INFO  server.RaftServerConfigKeys (ConfUtils.java:logGet(44)) - raft.server.log.queue.element-limit = 1024 (custom)
2022-02-17 10:48:08,432 [pool-323-thread-1] INFO  server.RaftServerConfigKeys (ConfUtils.java:logGet(44)) - raft.server.log.segment.size.max = 1048576 (custom)
2022-02-17 10:48:08,432 [pool-323-thread-1] INFO  server.RaftServerConfigKeys (ConfUtils.java:logGet(44)) - raft.server.log.preallocated.size = 16384 (custom)
2022-02-17 10:48:08,432 [pool-323-thread-1] INFO  server.RaftServerConfigKeys (ConfUtils.java:logGet(44)) - raft.server.log.force.sync.num = 128 (default)
2022-02-17 10:48:08,433 [pool-323-thread-1] INFO  server.RaftServerConfigKeys (ConfUtils.java:logGet(44)) - raft.server.log.statemachine.data.sync = true (default)
2022-02-17 10:48:08,433 [pool-323-thread-1] INFO  server.RaftServerConfigKeys (ConfUtils.java:logGet(44)) - raft.server.log.statemachine.data.sync.timeout = 10s (default)
2022-02-17 10:48:08,433 [pool-323-thread-1] INFO  server.RaftServerConfigKeys (ConfUtils.java:logGet(44)) - raft.server.log.statemachine.data.sync.timeout.retry = -1 (default)
2022-02-17 10:48:08,444 [pool-323-thread-1] INFO  server.RaftServerConfigKeys (ConfUtils.java:logGet(44)) - raft.server.log.write.buffer.size = 1048576 (custom)
2022-02-17 10:48:08,445 [pool-323-thread-1] INFO  server.RaftServerConfigKeys (ConfUtils.java:logGet(44)) - raft.server.log.statemachine.data.caching.enabled = true (custom)
2022-02-17 10:48:08,445 [pool-323-thread-1] INFO  segmented.SegmentedRaftLogWorker (SegmentedRaftLogWorker.java:lambda$new$0(133)) - 3b6373f7-c408-47d6-bd58-f170bcabf6e4@group-7BB2698B34C9-SegmentedRaftLogWorker: flushIndex: setUnconditionally 0 -> -1
2022-02-17 10:48:08,445 [pool-323-thread-1] INFO  segmented.SegmentedRaftLogWorker (SegmentedRaftLogWorker.java:lambda$new$0(133)) - 3b6373f7-c408-47d6-bd58-f170bcabf6e4@group-7BB2698B34C9-SegmentedRaftLogWorker: safeCacheEvictIndex: setUnconditionally 0 -> -1
2022-02-17 10:48:08,451 [01f34702-14f0-4566-9f1c-66e15822e926@group-C00B8CBA638F-StateMachineUpdater] INFO  ha.SCMStateMachine (SCMStateMachine.java:takeSnapshot(297)) - Current Snapshot Index 18, takeSnapshot took 0 ms
2022-02-17 10:48:08,451 [01f34702-14f0-4566-9f1c-66e15822e926@group-C00B8CBA638F-StateMachineUpdater] INFO  impl.StateMachineUpdater (StateMachineUpdater.java:takeSnapshot(281)) - 01f34702-14f0-4566-9f1c-66e15822e926@group-C00B8CBA638F-StateMachineUpdater: Took a snapshot at index 18
2022-02-17 10:48:08,451 [01f34702-14f0-4566-9f1c-66e15822e926@group-C00B8CBA638F-StateMachineUpdater] INFO  impl.StateMachineUpdater (StateMachineUpdater.java:lambda$new$0(89)) - 01f34702-14f0-4566-9f1c-66e15822e926@group-C00B8CBA638F-StateMachineUpdater: snapshotIndex: updateIncreasingly 13 -> 18
2022-02-17 10:48:08,452 [01f34702-14f0-4566-9f1c-66e15822e926@group-C00B8CBA638F-StateMachineUpdater] INFO  raftlog.RaftLog (RaftLogBase.java:purge(306)) - 01f34702-14f0-4566-9f1c-66e15822e926@group-C00B8CBA638F-SegmentedRaftLog: purge 18
2022-02-17 10:48:08,452 [01f34702-14f0-4566-9f1c-66e15822e926@group-C00B8CBA638F-StateMachineUpdater] INFO  raftlog.RaftLog (RaftLogBase.java:lambda$new$0(53)) - 01f34702-14f0-4566-9f1c-66e15822e926@group-C00B8CBA638F-SegmentedRaftLog: snapshotIndex: updateIncreasingly 13 -> 18
2022-02-17 10:48:08,452 [01f34702-14f0-4566-9f1c-66e15822e926@group-C00B8CBA638F-StateMachineUpdater] INFO  raftlog.RaftLog (RaftLogBase.java:lambda$new$0(53)) - 01f34702-14f0-4566-9f1c-66e15822e926@group-C00B8CBA638F-SegmentedRaftLog: purgeIndex: updateToMax old=13, new=18, updated? true
2022-02-17 10:48:08,452 [EventQueue-PipelineReportForPipelineReportHandler] INFO  pipeline.PipelineManagerImpl (PipelineManagerImpl.java:openPipeline(291)) - Pipeline Pipeline[ Id: 8aaf4578-6a37-45fa-a784-7bb2698b34c9, Nodes: 3b6373f7-c408-47d6-bd58-f170bcabf6e4{ip: 127.0.0.1, host: localhost, ports: [REPLICATION=35311, RATIS=45045, RATIS_ADMIN=45045, RATIS_SERVER=45045, STANDALONE=41985], networkLocation: /default-rack, certSerialId: null, persistedOpState: IN_SERVICE, persistedOpStateExpiryEpochSec: 0}, ReplicationConfig: RATIS/ONE, State:ALLOCATED, leaderId:3b6373f7-c408-47d6-bd58-f170bcabf6e4, CreationTimestamp2022-02-17T10:48:05.427Z[Etc/UTC]] moved to OPEN state
2022-02-17 10:48:08,454 [e1200b4d-f169-45a2-b87f-8a7ea851d305@group-C00B8CBA638F-StateMachineUpdater] INFO  safemode.HealthyPipelineSafeModeRule (HealthyPipelineSafeModeRule.java:initializeRule(152)) - Refreshed total pipeline count is 0, healthy pipeline threshold count is 1
2022-02-17 10:48:08,455 [EventQueue-OpenPipelineForHealthyPipelineSafeModeRule] INFO  safemode.SCMSafeModeManager (HealthyPipelineSafeModeRule.java:process(124)) - SCM in safe mode. Healthy pipelines reported count is 0, required healthy pipeline reported count is 1
2022-02-17 10:48:08,456 [pool-323-thread-1] INFO  server.RaftServerConfigKeys (ConfUtils.java:logGet(44)) - raft.server.snapshot.auto.trigger.enabled = true (custom)
2022-02-17 10:48:08,456 [pool-323-thread-1] INFO  server.RaftServerConfigKeys (ConfUtils.java:logGet(44)) - raft.server.snapshot.auto.trigger.threshold = 10000 (custom)
2022-02-17 10:48:08,456 [pool-323-thread-1] INFO  server.RaftServerConfigKeys (ConfUtils.java:logGet(44)) - raft.server.snapshot.retention.file.num = 5 (custom)
2022-02-17 10:48:08,456 [pool-323-thread-1] INFO  server.RaftServerConfigKeys (ConfUtils.java:logGet(44)) - raft.server.log.purge.upto.snapshot.index = false (default)
2022-02-17 10:48:08,457 [pool-323-thread-1] INFO  server.RaftServerConfigKeys (ConfUtils.java:logGet(44)) - raft.server.retrycache.expirytime = 600000ms (custom)
2022-02-17 10:48:08,457 [pool-323-thread-1] INFO  server.RaftServerConfigKeys (ConfUtils.java:logGet(44)) - raft.server.retrycache.statistics.expirytime = 100μs (default)
2022-02-17 10:48:08,458 [pool-323-thread-1] INFO  server.RaftServer$Division (RaftServerImpl.java:start(301)) - 3b6373f7-c408-47d6-bd58-f170bcabf6e4@group-7BB2698B34C9: start as a follower, conf=-1: [3b6373f7-c408-47d6-bd58-f170bcabf6e4|rpc:127.0.0.1:45045|priority:1], old=null
2022-02-17 10:48:08,458 [pool-323-thread-1] INFO  server.RaftServer$Division (RaftServerImpl.java:setRole(290)) - 3b6373f7-c408-47d6-bd58-f170bcabf6e4@group-7BB2698B34C9: changes role from      null to FOLLOWER at term 0 for startAsFollower
2022-02-17 10:48:08,458 [pool-323-thread-1] INFO  impl.RoleInfo (RoleInfo.java:updateAndGet(130)) - 3b6373f7-c408-47d6-bd58-f170bcabf6e4: start 3b6373f7-c408-47d6-bd58-f170bcabf6e4@group-7BB2698B34C9-FollowerState
2022-02-17 10:48:08,469 [pool-323-thread-1] INFO  util.JmxRegister (JmxRegister.java:tryRegister(44)) - Successfully registered JMX Bean with object name Ratis:service=RaftServer,group=group-7BB2698B34C9,id=3b6373f7-c408-47d6-bd58-f170bcabf6e4
2022-02-17 10:48:08,473 [Command processor thread] INFO  ratis.XceiverServerRatis (XceiverServerRatis.java:addGroup(769)) - Created group PipelineID=8aaf4578-6a37-45fa-a784-7bb2698b34c9
2022-02-17 10:48:08,474 [Command processor thread] INFO  commandhandler.CreatePipelineCommandHandler (CreatePipelineCommandHandler.java:handle(106)) - Created Pipeline RATIS ONE PipelineID=8aaf4578-6a37-45fa-a784-7bb2698b34c9.
2022-02-17 10:48:08,477 [01f34702-14f0-4566-9f1c-66e15822e926@group-C00B8CBA638F-StateMachineUpdater] INFO  safemode.HealthyPipelineSafeModeRule (HealthyPipelineSafeModeRule.java:initializeRule(152)) - Refreshed total pipeline count is 0, healthy pipeline threshold count is 1
2022-02-17 10:48:08,478 [e1200b4d-f169-45a2-b87f-8a7ea851d305@group-C00B8CBA638F-StateMachineUpdater] INFO  ha.SCMStateMachine (SCMStateMachine.java:takeSnapshot(297)) - Current Snapshot Index 20, takeSnapshot took 0 ms
2022-02-17 10:48:08,478 [e1200b4d-f169-45a2-b87f-8a7ea851d305@group-C00B8CBA638F-StateMachineUpdater] INFO  impl.StateMachineUpdater (StateMachineUpdater.java:takeSnapshot(281)) - e1200b4d-f169-45a2-b87f-8a7ea851d305@group-C00B8CBA638F-StateMachineUpdater: Took a snapshot at index 20
2022-02-17 10:48:08,478 [e1200b4d-f169-45a2-b87f-8a7ea851d305@group-C00B8CBA638F-StateMachineUpdater] INFO  impl.StateMachineUpdater (StateMachineUpdater.java:lambda$new$0(89)) - e1200b4d-f169-45a2-b87f-8a7ea851d305@group-C00B8CBA638F-StateMachineUpdater: snapshotIndex: updateIncreasingly 15 -> 20
2022-02-17 10:48:08,478 [e1200b4d-f169-45a2-b87f-8a7ea851d305@group-C00B8CBA638F-StateMachineUpdater] INFO  raftlog.RaftLog (RaftLogBase.java:purge(306)) - e1200b4d-f169-45a2-b87f-8a7ea851d305@group-C00B8CBA638F-SegmentedRaftLog: purge 20
2022-02-17 10:48:08,478 [e1200b4d-f169-45a2-b87f-8a7ea851d305@group-C00B8CBA638F-StateMachineUpdater] INFO  raftlog.RaftLog (RaftLogBase.java:lambda$new$0(53)) - e1200b4d-f169-45a2-b87f-8a7ea851d305@group-C00B8CBA638F-SegmentedRaftLog: snapshotIndex: updateIncreasingly 15 -> 20
2022-02-17 10:48:08,479 [e1200b4d-f169-45a2-b87f-8a7ea851d305@group-C00B8CBA638F-StateMachineUpdater] INFO  raftlog.RaftLog (RaftLogBase.java:lambda$new$0(53)) - e1200b4d-f169-45a2-b87f-8a7ea851d305@group-C00B8CBA638F-SegmentedRaftLog: purgeIndex: updateToMax old=15, new=20, updated? true
2022-02-17 10:48:08,846 [Listener at 127.0.0.1/33953] INFO  ozone.MiniOzoneClusterImpl (MiniOzoneClusterImpl.java:lambda$waitForClusterToBeReady$0(219)) - Nodes are ready. Got 3 of 3 DN Heartbeats.
2022-02-17 10:48:08,846 [Listener at 127.0.0.1/33953] INFO  ozone.MiniOzoneClusterImpl (MiniOzoneClusterImpl.java:lambda$waitForClusterToBeReady$0(222)) - Waiting for cluster to exit safe mode
2022-02-17 10:48:08,846 [Listener at 127.0.0.1/33953] INFO  ozone.MiniOzoneClusterImpl (MiniOzoneClusterImpl.java:lambda$waitForClusterToBeReady$0(224)) - SCM became leader
2022-02-17 10:48:08,909 [Command processor thread] INFO  server.RaftServer (RaftServerProxy.java:addNew(95)) - 0523a322-62fb-48ad-ac32-b14e75d36544: addNew group-A45CCB0EA0AC:[0523a322-62fb-48ad-ac32-b14e75d36544|rpc:127.0.0.1:40599|priority:1] returns group-A45CCB0EA0AC:java.util.concurrent.CompletableFuture@750cbf5c[Not completed]
2022-02-17 10:48:08,910 [pool-346-thread-1] INFO  server.RaftServer$Division (RaftServerImpl.java:<init>(184)) - 0523a322-62fb-48ad-ac32-b14e75d36544: new RaftServerImpl for group-A45CCB0EA0AC:[0523a322-62fb-48ad-ac32-b14e75d36544|rpc:127.0.0.1:40599|priority:1] with ContainerStateMachine:uninitialized
2022-02-17 10:48:08,910 [pool-346-thread-1] INFO  server.RaftServerConfigKeys (ConfUtils.java:logGet(44)) - raft.server.rpc.timeout.min = 5s (custom)
2022-02-17 10:48:08,910 [pool-346-thread-1] INFO  server.RaftServerConfigKeys (ConfUtils.java:logGet(44)) - raft.server.rpc.timeout.max = 5200ms (custom)
2022-02-17 10:48:08,910 [pool-346-thread-1] INFO  server.RaftServerConfigKeys (ConfUtils.java:logGet(44)) - raft.server.rpc.sleep.time = 25ms (default)
2022-02-17 10:48:08,910 [pool-346-thread-1] INFO  server.RaftServerConfigKeys (ConfUtils.java:logGet(44)) - raft.server.rpc.slowness.timeout = 300s (custom)
2022-02-17 10:48:08,910 [pool-346-thread-1] INFO  server.RaftServerConfigKeys (ConfUtils.java:logGet(44)) - raft.server.leaderelection.leader.step-down.wait-time = 10s (default)
2022-02-17 10:48:08,910 [pool-346-thread-1] INFO  server.RaftServerConfigKeys (ConfUtils.java:logGet(44)) - raft.server.sleep.deviation.threshold = 300ms (default)
2022-02-17 10:48:08,910 [pool-346-thread-1] INFO  server.RaftServerConfigKeys (ConfUtils.java:logGet(44)) - raft.server.log.appender.install.snapshot.enabled = false (custom)
2022-02-17 10:48:08,910 [pool-346-thread-1] INFO  server.RaftServer$Division (ServerState.java:<init>(105)) - 0523a322-62fb-48ad-ac32-b14e75d36544@group-A45CCB0EA0AC: ConfigurationManager, init=-1: [0523a322-62fb-48ad-ac32-b14e75d36544|rpc:127.0.0.1:40599|priority:1], old=null, confs=<EMPTY_MAP>
2022-02-17 10:48:08,910 [pool-346-thread-1] INFO  server.RaftServerConfigKeys (ConfUtils.java:logGet(44)) - raft.server.storage.dir = [/home/runner/work/ozone/ozone/hadoop-ozone/integration-test/target/test-dir/MiniOzoneClusterImpl-314b2a1d-9ab5-4841-b3ea-c00b8cba638f/datanode-2/data/ratis] (custom)
2022-02-17 10:48:08,911 [pool-346-thread-1] INFO  server.RaftServerConfigKeys (ConfUtils.java:logGet(44)) - raft.server.log.corruption.policy = EXCEPTION (default)
2022-02-17 10:48:08,911 [pool-346-thread-1] INFO  server.RaftServerConfigKeys (ConfUtils.java:logGet(44)) - raft.server.storage.free-space.min = 0MB (=0) (default)
2022-02-17 10:48:08,911 [pool-346-thread-1] INFO  storage.RaftStorageDirectory (RaftStorageDirectoryImpl.java:analyzeStorage(135)) - The storage directory /home/runner/work/ozone/ozone/hadoop-ozone/integration-test/target/test-dir/MiniOzoneClusterImpl-314b2a1d-9ab5-4841-b3ea-c00b8cba638f/datanode-2/data/ratis/dcad12fe-1299-4e91-9909-a45ccb0ea0ac does not exist. Creating ...
2022-02-17 10:48:08,912 [pool-346-thread-1] INFO  storage.RaftStorageDirectory (RaftStorageDirectoryImpl.java:tryLock(230)) - Lock on /home/runner/work/ozone/ozone/hadoop-ozone/integration-test/target/test-dir/MiniOzoneClusterImpl-314b2a1d-9ab5-4841-b3ea-c00b8cba638f/datanode-2/data/ratis/dcad12fe-1299-4e91-9909-a45ccb0ea0ac/in_use.lock acquired by nodename 15481@fv-az12-716
2022-02-17 10:48:08,914 [pool-346-thread-1] INFO  storage.RaftStorage (RaftStorageImpl.java:format(89)) - Storage directory /home/runner/work/ozone/ozone/hadoop-ozone/integration-test/target/test-dir/MiniOzoneClusterImpl-314b2a1d-9ab5-4841-b3ea-c00b8cba638f/datanode-2/data/ratis/dcad12fe-1299-4e91-9909-a45ccb0ea0ac has been successfully formatted.
2022-02-17 10:48:08,914 [pool-346-thread-1] INFO  ratis.ContainerStateMachine (ContainerStateMachine.java:loadSnapshot(236)) - group-A45CCB0EA0AC: The snapshot info is null. Setting the last applied indexto:(t:0, i:~)
2022-02-17 10:48:08,915 [pool-346-thread-1] INFO  server.RaftServerConfigKeys (ConfUtils.java:logGet(44)) - raft.server.notification.no-leader.timeout = 300s (custom)
2022-02-17 10:48:08,915 [pool-346-thread-1] INFO  server.RaftServerConfigKeys (ConfUtils.java:logGet(44)) - raft.server.log.use.memory = false (default)
2022-02-17 10:48:08,915 [pool-346-thread-1] INFO  server.RaftServerConfigKeys (ConfUtils.java:logGet(44)) - raft.server.log.purge.gap = 1000000 (custom)
2022-02-17 10:48:08,915 [pool-346-thread-1] INFO  server.RaftServerConfigKeys (ConfUtils.java:logGet(44)) - raft.server.log.appender.buffer.byte-limit = 33554432 (custom)
2022-02-17 10:48:08,915 [pool-346-thread-1] INFO  server.RaftServerConfigKeys (ConfUtils.java:logGet(44)) - raft.server.log.segment.size.max = 1048576 (custom)
2022-02-17 10:48:08,916 [pool-346-thread-1] INFO  server.RaftServerConfigKeys (ConfUtils.java:logGet(44)) - raft.server.log.segment.cache.num.max = 2 (custom)
2022-02-17 10:48:08,917 [pool-346-thread-1] INFO  server.RaftServerConfigKeys (ConfUtils.java:logGet(44)) - raft.server.log.segment.cache.size.max = 200MB (=209715200) (default)
2022-02-17 10:48:08,917 [pool-346-thread-1] INFO  segmented.SegmentedRaftLogWorker (SegmentedRaftLogWorker.java:<init>(182)) - new 0523a322-62fb-48ad-ac32-b14e75d36544@group-A45CCB0EA0AC-SegmentedRaftLogWorker for RaftStorageImpl:Storage Directory /home/runner/work/ozone/ozone/hadoop-ozone/integration-test/target/test-dir/MiniOzoneClusterImpl-314b2a1d-9ab5-4841-b3ea-c00b8cba638f/datanode-2/data/ratis/dcad12fe-1299-4e91-9909-a45ccb0ea0ac
2022-02-17 10:48:08,917 [pool-346-thread-1] INFO  server.RaftServerConfigKeys (ConfUtils.java:logGet(44)) - raft.server.log.queue.byte-limit = 4294967296 (custom)
2022-02-17 10:48:08,917 [pool-346-thread-1] INFO  server.RaftServerConfigKeys (ConfUtils.java:logGet(44)) - raft.server.log.queue.element-limit = 1024 (custom)
2022-02-17 10:48:08,917 [EventQueue-PipelineReportForPipelineReportHandler] INFO  pipeline.PipelineManagerImpl (PipelineManagerImpl.java:openPipeline(291)) - Pipeline Pipeline[ Id: dcad12fe-1299-4e91-9909-a45ccb0ea0ac, Nodes: 0523a322-62fb-48ad-ac32-b14e75d36544{ip: 127.0.0.1, host: localhost, ports: [REPLICATION=36983, RATIS=40599, RATIS_ADMIN=40599, RATIS_SERVER=40599, STANDALONE=44261], networkLocation: /default-rack, certSerialId: null, persistedOpState: IN_SERVICE, persistedOpStateExpiryEpochSec: 0}, ReplicationConfig: RATIS/ONE, State:ALLOCATED, leaderId:0523a322-62fb-48ad-ac32-b14e75d36544, CreationTimestamp2022-02-17T10:48:05.915Z[Etc/UTC]] moved to OPEN state
2022-02-17 10:48:08,917 [pool-346-thread-1] INFO  server.RaftServerConfigKeys (ConfUtils.java:logGet(44)) - raft.server.log.segment.size.max = 1048576 (custom)
2022-02-17 10:48:08,918 [pool-346-thread-1] INFO  server.RaftServerConfigKeys (ConfUtils.java:logGet(44)) - raft.server.log.preallocated.size = 16384 (custom)
2022-02-17 10:48:08,920 [EventQueue-PipelineReportForPipelineReportHandler] INFO  pipeline.PipelineManagerImpl (PipelineManagerImpl.java:openPipeline(291)) - Pipeline Pipeline[ Id: dcad12fe-1299-4e91-9909-a45ccb0ea0ac, Nodes: 0523a322-62fb-48ad-ac32-b14e75d36544{ip: 127.0.0.1, host: localhost, ports: [REPLICATION=36983, RATIS=40599, RATIS_ADMIN=40599, RATIS_SERVER=40599, STANDALONE=44261], networkLocation: /default-rack, certSerialId: null, persistedOpState: IN_SERVICE, persistedOpStateExpiryEpochSec: 0}, ReplicationConfig: RATIS/ONE, State:ALLOCATED, leaderId:0523a322-62fb-48ad-ac32-b14e75d36544, CreationTimestamp2022-02-17T10:48:05.915Z[Etc/UTC]] moved to OPEN state
2022-02-17 10:48:08,920 [pool-346-thread-1] INFO  server.RaftServerConfigKeys (ConfUtils.java:logGet(44)) - raft.server.log.force.sync.num = 128 (default)
2022-02-17 10:48:08,921 [pool-346-thread-1] INFO  server.RaftServerConfigKeys (ConfUtils.java:logGet(44)) - raft.server.log.statemachine.data.sync = true (default)
2022-02-17 10:48:08,921 [pool-346-thread-1] INFO  server.RaftServerConfigKeys (ConfUtils.java:logGet(44)) - raft.server.log.statemachine.data.sync.timeout = 10s (default)
2022-02-17 10:48:08,921 [pool-346-thread-1] INFO  server.RaftServerConfigKeys (ConfUtils.java:logGet(44)) - raft.server.log.statemachine.data.sync.timeout.retry = -1 (default)
2022-02-17 10:48:08,927 [pool-346-thread-1] INFO  server.RaftServerConfigKeys (ConfUtils.java:logGet(44)) - raft.server.log.write.buffer.size = 1048576 (custom)
2022-02-17 10:48:08,928 [pool-346-thread-1] INFO  server.RaftServerConfigKeys (ConfUtils.java:logGet(44)) - raft.server.log.statemachine.data.caching.enabled = true (custom)
2022-02-17 10:48:08,928 [pool-346-thread-1] INFO  segmented.SegmentedRaftLogWorker (SegmentedRaftLogWorker.java:lambda$new$0(133)) - 0523a322-62fb-48ad-ac32-b14e75d36544@group-A45CCB0EA0AC-SegmentedRaftLogWorker: flushIndex: setUnconditionally 0 -> -1
2022-02-17 10:48:08,928 [pool-346-thread-1] INFO  segmented.SegmentedRaftLogWorker (SegmentedRaftLogWorker.java:lambda$new$0(133)) - 0523a322-62fb-48ad-ac32-b14e75d36544@group-A45CCB0EA0AC-SegmentedRaftLogWorker: safeCacheEvictIndex: setUnconditionally 0 -> -1
2022-02-17 10:48:08,930 [e1200b4d-f169-45a2-b87f-8a7ea851d305@group-C00B8CBA638F-StateMachineUpdater] INFO  safemode.HealthyPipelineSafeModeRule (HealthyPipelineSafeModeRule.java:initializeRule(152)) - Refreshed total pipeline count is 0, healthy pipeline threshold count is 1
2022-02-17 10:48:08,931 [EventQueue-OpenPipelineForHealthyPipelineSafeModeRule] INFO  safemode.SCMSafeModeManager (HealthyPipelineSafeModeRule.java:process(124)) - SCM in safe mode. Healthy pipelines reported count is 0, required healthy pipeline reported count is 1
2022-02-17 10:48:08,933 [pool-346-thread-1] INFO  server.RaftServerConfigKeys (ConfUtils.java:logGet(44)) - raft.server.snapshot.auto.trigger.enabled = true (custom)
2022-02-17 10:48:08,933 [pool-346-thread-1] INFO  server.RaftServerConfigKeys (ConfUtils.java:logGet(44)) - raft.server.snapshot.auto.trigger.threshold = 10000 (custom)
2022-02-17 10:48:08,933 [pool-346-thread-1] INFO  server.RaftServerConfigKeys (ConfUtils.java:logGet(44)) - raft.server.snapshot.retention.file.num = 5 (custom)
2022-02-17 10:48:08,933 [pool-346-thread-1] INFO  server.RaftServerConfigKeys (ConfUtils.java:logGet(44)) - raft.server.log.purge.upto.snapshot.index = false (default)
2022-02-17 10:48:08,933 [pool-346-thread-1] INFO  server.RaftServerConfigKeys (ConfUtils.java:logGet(44)) - raft.server.retrycache.expirytime = 600000ms (custom)
2022-02-17 10:48:08,933 [pool-346-thread-1] INFO  server.RaftServerConfigKeys (ConfUtils.java:logGet(44)) - raft.server.retrycache.statistics.expirytime = 100μs (default)
2022-02-17 10:48:08,935 [pool-346-thread-1] INFO  server.RaftServer$Division (RaftServerImpl.java:start(301)) - 0523a322-62fb-48ad-ac32-b14e75d36544@group-A45CCB0EA0AC: start as a follower, conf=-1: [0523a322-62fb-48ad-ac32-b14e75d36544|rpc:127.0.0.1:40599|priority:1], old=null
2022-02-17 10:48:08,935 [pool-346-thread-1] INFO  server.RaftServer$Division (RaftServerImpl.java:setRole(290)) - 0523a322-62fb-48ad-ac32-b14e75d36544@group-A45CCB0EA0AC: changes role from      null to FOLLOWER at term 0 for startAsFollower
2022-02-17 10:48:08,935 [pool-346-thread-1] INFO  impl.RoleInfo (RoleInfo.java:updateAndGet(130)) - 0523a322-62fb-48ad-ac32-b14e75d36544: start 0523a322-62fb-48ad-ac32-b14e75d36544@group-A45CCB0EA0AC-FollowerState
2022-02-17 10:48:08,942 [pool-346-thread-1] INFO  util.JmxRegister (JmxRegister.java:tryRegister(44)) - Successfully registered JMX Bean with object name Ratis:service=RaftServer,group=group-A45CCB0EA0AC,id=0523a322-62fb-48ad-ac32-b14e75d36544
2022-02-17 10:48:08,943 [01f34702-14f0-4566-9f1c-66e15822e926@group-C00B8CBA638F-StateMachineUpdater] INFO  safemode.HealthyPipelineSafeModeRule (HealthyPipelineSafeModeRule.java:initializeRule(152)) - Refreshed total pipeline count is 0, healthy pipeline threshold count is 1
2022-02-17 10:48:08,944 [Command processor thread] INFO  ratis.XceiverServerRatis (XceiverServerRatis.java:addGroup(769)) - Created group PipelineID=dcad12fe-1299-4e91-9909-a45ccb0ea0ac
2022-02-17 10:48:08,944 [Command processor thread] INFO  commandhandler.CreatePipelineCommandHandler (CreatePipelineCommandHandler.java:handle(106)) - Created Pipeline RATIS ONE PipelineID=dcad12fe-1299-4e91-9909-a45ccb0ea0ac.
2022-02-17 10:48:09,020 [EndpointStateMachine task thread for /127.0.0.1:41937 - 0 ] INFO  ipc.Client (Client.java:handleConnectionFailure(977)) - Retrying connect to server: localhost/127.0.0.1:41937. Already tried 3 time(s); retry policy is RetryUpToMaximumCountWithFixedSleep(maxRetries=15, sleepTime=1000 MILLISECONDS)
2022-02-17 10:48:09,023 [EndpointStateMachine task thread for /127.0.0.1:41349 - 0 ] INFO  ipc.Client (Client.java:handleConnectionFailure(977)) - Retrying connect to server: localhost/127.0.0.1:41349. Already tried 3 time(s); retry policy is RetryUpToMaximumCountWithFixedSleep(maxRetries=15, sleepTime=1000 MILLISECONDS)
2022-02-17 10:48:09,030 [EndpointStateMachine task thread for /127.0.0.1:46679 - 0 ] INFO  ipc.Client (Client.java:handleConnectionFailure(977)) - Retrying connect to server: localhost/127.0.0.1:46679. Already tried 3 time(s); retry policy is RetryUpToMaximumCountWithFixedSleep(maxRetries=15, sleepTime=1000 MILLISECONDS)
2022-02-17 10:48:09,847 [Listener at 127.0.0.1/33953] INFO  ozone.MiniOzoneClusterImpl (MiniOzoneClusterImpl.java:lambda$waitForClusterToBeReady$0(219)) - Nodes are ready. Got 3 of 3 DN Heartbeats.
2022-02-17 10:48:09,847 [Listener at 127.0.0.1/33953] INFO  ozone.MiniOzoneClusterImpl (MiniOzoneClusterImpl.java:lambda$waitForClusterToBeReady$0(222)) - Waiting for cluster to exit safe mode
2022-02-17 10:48:09,847 [Listener at 127.0.0.1/33953] INFO  ozone.MiniOzoneClusterImpl (MiniOzoneClusterImpl.java:lambda$waitForClusterToBeReady$0(224)) - SCM became leader
2022-02-17 10:48:10,020 [EndpointStateMachine task thread for /127.0.0.1:41937 - 0 ] INFO  ipc.Client (Client.java:handleConnectionFailure(977)) - Retrying connect to server: localhost/127.0.0.1:41937. Already tried 4 time(s); retry policy is RetryUpToMaximumCountWithFixedSleep(maxRetries=15, sleepTime=1000 MILLISECONDS)
2022-02-17 10:48:10,023 [EndpointStateMachine task thread for /127.0.0.1:41349 - 0 ] INFO  ipc.Client (Client.java:handleConnectionFailure(977)) - Retrying connect to server: localhost/127.0.0.1:41349. Already tried 4 time(s); retry policy is RetryUpToMaximumCountWithFixedSleep(maxRetries=15, sleepTime=1000 MILLISECONDS)
2022-02-17 10:48:10,031 [EndpointStateMachine task thread for /127.0.0.1:46679 - 0 ] INFO  ipc.Client (Client.java:handleConnectionFailure(977)) - Retrying connect to server: localhost/127.0.0.1:46679. Already tried 4 time(s); retry policy is RetryUpToMaximumCountWithFixedSleep(maxRetries=15, sleepTime=1000 MILLISECONDS)
2022-02-17 10:48:10,847 [Listener at 127.0.0.1/33953] INFO  ozone.MiniOzoneClusterImpl (MiniOzoneClusterImpl.java:lambda$waitForClusterToBeReady$0(219)) - Nodes are ready. Got 3 of 3 DN Heartbeats.
2022-02-17 10:48:10,848 [Listener at 127.0.0.1/33953] INFO  ozone.MiniOzoneClusterImpl (MiniOzoneClusterImpl.java:lambda$waitForClusterToBeReady$0(222)) - Waiting for cluster to exit safe mode
2022-02-17 10:48:10,848 [Listener at 127.0.0.1/33953] INFO  ozone.MiniOzoneClusterImpl (MiniOzoneClusterImpl.java:lambda$waitForClusterToBeReady$0(224)) - SCM became leader
2022-02-17 10:48:11,022 [EndpointStateMachine task thread for /127.0.0.1:41937 - 0 ] INFO  ipc.Client (Client.java:handleConnectionFailure(977)) - Retrying connect to server: localhost/127.0.0.1:41937. Already tried 5 time(s); retry policy is RetryUpToMaximumCountWithFixedSleep(maxRetries=15, sleepTime=1000 MILLISECONDS)
2022-02-17 10:48:11,024 [EndpointStateMachine task thread for /127.0.0.1:41349 - 0 ] INFO  ipc.Client (Client.java:handleConnectionFailure(977)) - Retrying connect to server: localhost/127.0.0.1:41349. Already tried 5 time(s); retry policy is RetryUpToMaximumCountWithFixedSleep(maxRetries=15, sleepTime=1000 MILLISECONDS)
2022-02-17 10:48:11,031 [EndpointStateMachine task thread for /127.0.0.1:46679 - 0 ] INFO  ipc.Client (Client.java:handleConnectionFailure(977)) - Retrying connect to server: localhost/127.0.0.1:46679. Already tried 5 time(s); retry policy is RetryUpToMaximumCountWithFixedSleep(maxRetries=15, sleepTime=1000 MILLISECONDS)
2022-02-17 10:48:11,848 [Listener at 127.0.0.1/33953] INFO  ozone.MiniOzoneClusterImpl (MiniOzoneClusterImpl.java:lambda$waitForClusterToBeReady$0(219)) - Nodes are ready. Got 3 of 3 DN Heartbeats.
2022-02-17 10:48:11,848 [Listener at 127.0.0.1/33953] INFO  ozone.MiniOzoneClusterImpl (MiniOzoneClusterImpl.java:lambda$waitForClusterToBeReady$0(222)) - Waiting for cluster to exit safe mode
2022-02-17 10:48:11,849 [Listener at 127.0.0.1/33953] INFO  ozone.MiniOzoneClusterImpl (MiniOzoneClusterImpl.java:lambda$waitForClusterToBeReady$0(224)) - SCM became leader
2022-02-17 10:48:12,023 [EndpointStateMachine task thread for /127.0.0.1:41937 - 0 ] INFO  ipc.Client (Client.java:handleConnectionFailure(977)) - Retrying connect to server: localhost/127.0.0.1:41937. Already tried 6 time(s); retry policy is RetryUpToMaximumCountWithFixedSleep(maxRetries=15, sleepTime=1000 MILLISECONDS)
2022-02-17 10:48:12,024 [EndpointStateMachine task thread for /127.0.0.1:41349 - 0 ] INFO  ipc.Client (Client.java:handleConnectionFailure(977)) - Retrying connect to server: localhost/127.0.0.1:41349. Already tried 6 time(s); retry policy is RetryUpToMaximumCountWithFixedSleep(maxRetries=15, sleepTime=1000 MILLISECONDS)
2022-02-17 10:48:12,032 [EndpointStateMachine task thread for /127.0.0.1:46679 - 0 ] INFO  ipc.Client (Client.java:handleConnectionFailure(977)) - Retrying connect to server: localhost/127.0.0.1:46679. Already tried 6 time(s); retry policy is RetryUpToMaximumCountWithFixedSleep(maxRetries=15, sleepTime=1000 MILLISECONDS)
2022-02-17 10:48:12,849 [Listener at 127.0.0.1/33953] INFO  ozone.MiniOzoneClusterImpl (MiniOzoneClusterImpl.java:lambda$waitForClusterToBeReady$0(219)) - Nodes are ready. Got 3 of 3 DN Heartbeats.
2022-02-17 10:48:12,849 [Listener at 127.0.0.1/33953] INFO  ozone.MiniOzoneClusterImpl (MiniOzoneClusterImpl.java:lambda$waitForClusterToBeReady$0(222)) - Waiting for cluster to exit safe mode
2022-02-17 10:48:12,849 [Listener at 127.0.0.1/33953] INFO  ozone.MiniOzoneClusterImpl (MiniOzoneClusterImpl.java:lambda$waitForClusterToBeReady$0(224)) - SCM became leader
2022-02-17 10:48:12,991 [ac81e281-9cee-42de-af7f-7eadfff53290@group-77C3FA8464DE-FollowerState] INFO  impl.FollowerState (FollowerState.java:run(134)) - ac81e281-9cee-42de-af7f-7eadfff53290@group-77C3FA8464DE-FollowerState: change to CANDIDATE, lastRpcElapsedTime:5079630769ns, electionTimeout:5077ms
2022-02-17 10:48:12,991 [ac81e281-9cee-42de-af7f-7eadfff53290@group-77C3FA8464DE-FollowerState] INFO  impl.RoleInfo (RoleInfo.java:shutdownFollowerState(108)) - ac81e281-9cee-42de-af7f-7eadfff53290: shutdown ac81e281-9cee-42de-af7f-7eadfff53290@group-77C3FA8464DE-FollowerState
2022-02-17 10:48:12,991 [ac81e281-9cee-42de-af7f-7eadfff53290@group-77C3FA8464DE-FollowerState] INFO  server.RaftServer$Division (RaftServerImpl.java:setRole(290)) - ac81e281-9cee-42de-af7f-7eadfff53290@group-77C3FA8464DE: changes role from  FOLLOWER to CANDIDATE at term 0 for changeToCandidate
2022-02-17 10:48:12,993 [ac81e281-9cee-42de-af7f-7eadfff53290@group-77C3FA8464DE-FollowerState] INFO  server.RaftServerConfigKeys (ConfUtils.java:logGet(44)) - raft.server.leaderelection.pre-vote = false (custom)
2022-02-17 10:48:12,993 [ac81e281-9cee-42de-af7f-7eadfff53290@group-77C3FA8464DE-FollowerState] INFO  impl.RoleInfo (RoleInfo.java:updateAndGet(130)) - ac81e281-9cee-42de-af7f-7eadfff53290: start ac81e281-9cee-42de-af7f-7eadfff53290@group-77C3FA8464DE-LeaderElection19
2022-02-17 10:48:13,004 [ac81e281-9cee-42de-af7f-7eadfff53290@group-77C3FA8464DE-LeaderElection19] INFO  impl.LeaderElection (LeaderElection.java:askForVotes(306)) - ac81e281-9cee-42de-af7f-7eadfff53290@group-77C3FA8464DE-LeaderElection19 ELECTION round 0: submit vote requests at term 1 for -1: [ac81e281-9cee-42de-af7f-7eadfff53290|rpc:127.0.0.1:46507|priority:1], old=null
2022-02-17 10:48:13,004 [ac81e281-9cee-42de-af7f-7eadfff53290@group-77C3FA8464DE-LeaderElection19] INFO  impl.LeaderElection (LeaderElection.java:askForVotes(308)) - ac81e281-9cee-42de-af7f-7eadfff53290@group-77C3FA8464DE-LeaderElection19 ELECTION round 0: result PASSED (term=1)
2022-02-17 10:48:13,004 [ac81e281-9cee-42de-af7f-7eadfff53290@group-77C3FA8464DE-LeaderElection19] INFO  impl.RoleInfo (RoleInfo.java:shutdownLeaderElection(121)) - ac81e281-9cee-42de-af7f-7eadfff53290: shutdown ac81e281-9cee-42de-af7f-7eadfff53290@group-77C3FA8464DE-LeaderElection19
2022-02-17 10:48:13,004 [ac81e281-9cee-42de-af7f-7eadfff53290@group-77C3FA8464DE-LeaderElection19] INFO  server.RaftServer$Division (RaftServerImpl.java:setRole(290)) - ac81e281-9cee-42de-af7f-7eadfff53290@group-77C3FA8464DE: changes role from CANDIDATE to LEADER at term 1 for changeToLeader
2022-02-17 10:48:13,004 [ac81e281-9cee-42de-af7f-7eadfff53290@group-77C3FA8464DE-LeaderElection19] INFO  ratis.XceiverServerRatis (XceiverServerRatis.java:handleLeaderChangedNotification(867)) - Leader change notification received for group: group-77C3FA8464DE with new leaderId: ac81e281-9cee-42de-af7f-7eadfff53290
2022-02-17 10:48:13,004 [ac81e281-9cee-42de-af7f-7eadfff53290@group-77C3FA8464DE-LeaderElection19] INFO  server.RaftServer$Division (ServerState.java:setLeader(285)) - ac81e281-9cee-42de-af7f-7eadfff53290@group-77C3FA8464DE: change Leader from null to ac81e281-9cee-42de-af7f-7eadfff53290 at term 1 for becomeLeader, leader elected after 5144ms
2022-02-17 10:48:13,004 [ac81e281-9cee-42de-af7f-7eadfff53290@group-77C3FA8464DE-LeaderElection19] INFO  server.RaftServerConfigKeys (ConfUtils.java:logGet(44)) - raft.server.staging.catchup.gap = 1000 (default)
2022-02-17 10:48:13,004 [ac81e281-9cee-42de-af7f-7eadfff53290@group-77C3FA8464DE-LeaderElection19] INFO  server.RaftServerConfigKeys (ConfUtils.java:logGet(44)) - raft.server.write.element-limit = 1024 (custom)
2022-02-17 10:48:13,004 [ac81e281-9cee-42de-af7f-7eadfff53290@group-77C3FA8464DE-LeaderElection19] INFO  server.RaftServerConfigKeys (ConfUtils.java:logGet(44)) - raft.server.write.byte-limit = 1024 M (=1073741824) (custom)
2022-02-17 10:48:13,005 [ac81e281-9cee-42de-af7f-7eadfff53290@group-77C3FA8464DE-LeaderElection19] INFO  server.RaftServerConfigKeys (ConfUtils.java:logGet(44)) - raft.server.watch.timeout = 180s (custom)
2022-02-17 10:48:13,005 [ac81e281-9cee-42de-af7f-7eadfff53290@group-77C3FA8464DE-LeaderElection19] INFO  server.RaftServerConfigKeys (ConfUtils.java:logGet(44)) - raft.server.watch.timeout.denomination = 1s (default)
2022-02-17 10:48:13,005 [ac81e281-9cee-42de-af7f-7eadfff53290@group-77C3FA8464DE-LeaderElection19] INFO  server.RaftServerConfigKeys (ConfUtils.java:logGet(44)) - raft.server.watch.element-limit = 65536 (default)
2022-02-17 10:48:13,005 [ac81e281-9cee-42de-af7f-7eadfff53290@group-77C3FA8464DE-LeaderElection19] INFO  server.RaftServerConfigKeys (ConfUtils.java:logGet(44)) - raft.server.write.element-limit = 1024 (custom)
2022-02-17 10:48:13,005 [ac81e281-9cee-42de-af7f-7eadfff53290@group-77C3FA8464DE-LeaderElection19] INFO  server.RaftServerConfigKeys (ConfUtils.java:logGet(44)) - raft.server.write.follower.gap.ratio.max = -1.0 (default)
2022-02-17 10:48:13,005 [ac81e281-9cee-42de-af7f-7eadfff53290@group-77C3FA8464DE-LeaderElection19] INFO  impl.RoleInfo (RoleInfo.java:updateAndGet(130)) - ac81e281-9cee-42de-af7f-7eadfff53290: start ac81e281-9cee-42de-af7f-7eadfff53290@group-77C3FA8464DE-LeaderStateImpl
2022-02-17 10:48:13,007 [ac81e281-9cee-42de-af7f-7eadfff53290@group-1D1229833E15-FollowerState] INFO  impl.FollowerState (FollowerState.java:run(134)) - ac81e281-9cee-42de-af7f-7eadfff53290@group-1D1229833E15-FollowerState: change to CANDIDATE, lastRpcElapsedTime:5005872344ns, electionTimeout:5003ms
2022-02-17 10:48:13,007 [ac81e281-9cee-42de-af7f-7eadfff53290@group-1D1229833E15-FollowerState] INFO  impl.RoleInfo (RoleInfo.java:shutdownFollowerState(108)) - ac81e281-9cee-42de-af7f-7eadfff53290: shutdown ac81e281-9cee-42de-af7f-7eadfff53290@group-1D1229833E15-FollowerState
2022-02-17 10:48:13,007 [ac81e281-9cee-42de-af7f-7eadfff53290@group-1D1229833E15-FollowerState] INFO  server.RaftServer$Division (RaftServerImpl.java:setRole(290)) - ac81e281-9cee-42de-af7f-7eadfff53290@group-1D1229833E15: changes role from  FOLLOWER to CANDIDATE at term 0 for changeToCandidate
2022-02-17 10:48:13,007 [ac81e281-9cee-42de-af7f-7eadfff53290@group-1D1229833E15-FollowerState] INFO  server.RaftServerConfigKeys (ConfUtils.java:logGet(44)) - raft.server.leaderelection.pre-vote = false (custom)
2022-02-17 10:48:13,007 [ac81e281-9cee-42de-af7f-7eadfff53290@group-1D1229833E15-FollowerState] INFO  impl.RoleInfo (RoleInfo.java:updateAndGet(130)) - ac81e281-9cee-42de-af7f-7eadfff53290: start ac81e281-9cee-42de-af7f-7eadfff53290@group-1D1229833E15-LeaderElection20
2022-02-17 10:48:13,012 [EventQueue-OpenPipelineForHealthyPipelineSafeModeRule] INFO  safemode.SCMSafeModeManager (HealthyPipelineSafeModeRule.java:process(124)) - SCM in safe mode. Healthy pipelines reported count is 0, required healthy pipeline reported count is 1
2022-02-17 10:48:13,012 [EventQueue-OpenPipelineForHealthyPipelineSafeModeRule] INFO  safemode.SCMSafeModeManager (HealthyPipelineSafeModeRule.java:process(124)) - SCM in safe mode. Healthy pipelines reported count is 0, required healthy pipeline reported count is 1
2022-02-17 10:48:13,013 [ac81e281-9cee-42de-af7f-7eadfff53290@group-77C3FA8464DE-LeaderElection19] INFO  segmented.SegmentedRaftLogWorker (SegmentedRaftLogWorker.java:startLogSegment(394)) - ac81e281-9cee-42de-af7f-7eadfff53290@group-77C3FA8464DE-SegmentedRaftLogWorker: Starting segment from index:0
2022-02-17 10:48:13,016 [ac81e281-9cee-42de-af7f-7eadfff53290@group-77C3FA8464DE-LeaderElection19] INFO  server.RaftServer$Division (ServerState.java:setRaftConf(387)) - ac81e281-9cee-42de-af7f-7eadfff53290@group-77C3FA8464DE: set configuration 0: [ac81e281-9cee-42de-af7f-7eadfff53290|rpc:127.0.0.1:46507|dataStream:|priority:1], old=null
2022-02-17 10:48:13,022 [ac81e281-9cee-42de-af7f-7eadfff53290@group-77C3FA8464DE-SegmentedRaftLogWorker] INFO  segmented.SegmentedRaftLogWorker (SegmentedRaftLogWorker.java:execute(601)) - ac81e281-9cee-42de-af7f-7eadfff53290@group-77C3FA8464DE-SegmentedRaftLogWorker: created new log segment /home/runner/work/ozone/ozone/hadoop-ozone/integration-test/target/test-dir/MiniOzoneClusterImpl-314b2a1d-9ab5-4841-b3ea-c00b8cba638f/datanode-0/data/ratis/76cb242d-453b-445e-a9ac-77c3fa8464de/current/log_inprogress_0
2022-02-17 10:48:13,024 [EndpointStateMachine task thread for /127.0.0.1:41937 - 0 ] INFO  ipc.Client (Client.java:handleConnectionFailure(977)) - Retrying connect to server: localhost/127.0.0.1:41937. Already tried 7 time(s); retry policy is RetryUpToMaximumCountWithFixedSleep(maxRetries=15, sleepTime=1000 MILLISECONDS)
2022-02-17 10:48:13,025 [EndpointStateMachine task thread for /127.0.0.1:41349 - 0 ] INFO  ipc.Client (Client.java:handleConnectionFailure(977)) - Retrying connect to server: localhost/127.0.0.1:41349. Already tried 7 time(s); retry policy is RetryUpToMaximumCountWithFixedSleep(maxRetries=15, sleepTime=1000 MILLISECONDS)
2022-02-17 10:48:13,029 [ac81e281-9cee-42de-af7f-7eadfff53290@group-1D1229833E15-LeaderElection20] INFO  impl.LeaderElection (LeaderElection.java:askForVotes(306)) - ac81e281-9cee-42de-af7f-7eadfff53290@group-1D1229833E15-LeaderElection20 ELECTION round 0: submit vote requests at term 1 for -1: [0523a322-62fb-48ad-ac32-b14e75d36544|rpc:127.0.0.1:40599|priority:0, ac81e281-9cee-42de-af7f-7eadfff53290|rpc:127.0.0.1:46507|priority:1, 3b6373f7-c408-47d6-bd58-f170bcabf6e4|rpc:127.0.0.1:45045|priority:0], old=null
2022-02-17 10:48:13,032 [EndpointStateMachine task thread for /127.0.0.1:46679 - 0 ] INFO  ipc.Client (Client.java:handleConnectionFailure(977)) - Retrying connect to server: localhost/127.0.0.1:46679. Already tried 7 time(s); retry policy is RetryUpToMaximumCountWithFixedSleep(maxRetries=15, sleepTime=1000 MILLISECONDS)
2022-02-17 10:48:13,062 [grpc-default-executor-0] INFO  server.RaftServer$Division (RaftServerImpl.java:requestVote(1046)) - 0523a322-62fb-48ad-ac32-b14e75d36544@group-1D1229833E15: receive requestVote(ELECTION, ac81e281-9cee-42de-af7f-7eadfff53290, group-1D1229833E15, 1, (t:0, i:0))
2022-02-17 10:48:13,062 [grpc-default-executor-0] INFO  impl.VoteContext (VoteContext.java:log(48)) - 0523a322-62fb-48ad-ac32-b14e75d36544@group-1D1229833E15-FOLLOWER: accept ELECTION from ac81e281-9cee-42de-af7f-7eadfff53290: our priority 0 <= candidate's priority 1
2022-02-17 10:48:13,062 [grpc-default-executor-0] INFO  server.RaftServer$Division (RaftServerImpl.java:setRole(290)) - 0523a322-62fb-48ad-ac32-b14e75d36544@group-1D1229833E15: changes role from  FOLLOWER to FOLLOWER at term 1 for candidate:ac81e281-9cee-42de-af7f-7eadfff53290
2022-02-17 10:48:13,062 [grpc-default-executor-0] INFO  impl.RoleInfo (RoleInfo.java:shutdownFollowerState(108)) - 0523a322-62fb-48ad-ac32-b14e75d36544: shutdown 0523a322-62fb-48ad-ac32-b14e75d36544@group-1D1229833E15-FollowerState
2022-02-17 10:48:13,062 [grpc-default-executor-0] INFO  impl.RoleInfo (RoleInfo.java:updateAndGet(130)) - 0523a322-62fb-48ad-ac32-b14e75d36544: start 0523a322-62fb-48ad-ac32-b14e75d36544@group-1D1229833E15-FollowerState
2022-02-17 10:48:13,062 [0523a322-62fb-48ad-ac32-b14e75d36544@group-1D1229833E15-FollowerState] INFO  impl.FollowerState (FollowerState.java:run(143)) - 0523a322-62fb-48ad-ac32-b14e75d36544@group-1D1229833E15-FollowerState was interrupted: {}
java.lang.InterruptedException: sleep interrupted
	at java.lang.Thread.sleep(Native Method)
	at java.lang.Thread.sleep(Thread.java:342)
	at java.util.concurrent.TimeUnit.sleep(TimeUnit.java:386)
	at org.apache.ratis.util.TimeDuration.sleep(TimeDuration.java:324)
	at org.apache.ratis.util.TimeDuration.sleep(TimeDuration.java:309)
	at org.apache.ratis.server.impl.FollowerState.run(FollowerState.java:118)
2022-02-17 10:48:13,067 [grpc-default-executor-0] INFO  server.RaftServer$Division (RaftServerImpl.java:requestVote(1078)) - 0523a322-62fb-48ad-ac32-b14e75d36544@group-1D1229833E15 replies to ELECTION vote request: ac81e281-9cee-42de-af7f-7eadfff53290<-0523a322-62fb-48ad-ac32-b14e75d36544#0:OK-t1. Peer's state: 0523a322-62fb-48ad-ac32-b14e75d36544@group-1D1229833E15:t1, leader=null, voted=ac81e281-9cee-42de-af7f-7eadfff53290, raftlog=0523a322-62fb-48ad-ac32-b14e75d36544@group-1D1229833E15-SegmentedRaftLog:OPENED:c-1, conf=-1: [0523a322-62fb-48ad-ac32-b14e75d36544|rpc:127.0.0.1:40599|dataStream:|priority:0, ac81e281-9cee-42de-af7f-7eadfff53290|rpc:127.0.0.1:46507|dataStream:|priority:1, 3b6373f7-c408-47d6-bd58-f170bcabf6e4|rpc:127.0.0.1:45045|dataStream:|priority:0], old=null
2022-02-17 10:48:13,077 [ac81e281-9cee-42de-af7f-7eadfff53290@group-1D1229833E15-LeaderElection20] INFO  impl.LeaderElection (LeaderElection.java:logAndReturn(89)) - ac81e281-9cee-42de-af7f-7eadfff53290@group-1D1229833E15-LeaderElection20: ELECTION PASSED received 1 response(s) and 0 exception(s):
2022-02-17 10:48:13,077 [ac81e281-9cee-42de-af7f-7eadfff53290@group-1D1229833E15-LeaderElection20] INFO  impl.LeaderElection (LeaderElection.java:logAndReturn(93)) -   Response 0: ac81e281-9cee-42de-af7f-7eadfff53290<-0523a322-62fb-48ad-ac32-b14e75d36544#0:OK-t1
2022-02-17 10:48:13,077 [ac81e281-9cee-42de-af7f-7eadfff53290@group-1D1229833E15-LeaderElection20] INFO  impl.LeaderElection (LeaderElection.java:askForVotes(308)) - ac81e281-9cee-42de-af7f-7eadfff53290@group-1D1229833E15-LeaderElection20 ELECTION round 0: result PASSED
2022-02-17 10:48:13,077 [ac81e281-9cee-42de-af7f-7eadfff53290@group-1D1229833E15-LeaderElection20] INFO  impl.RoleInfo (RoleInfo.java:shutdownLeaderElection(121)) - ac81e281-9cee-42de-af7f-7eadfff53290: shutdown ac81e281-9cee-42de-af7f-7eadfff53290@group-1D1229833E15-LeaderElection20
2022-02-17 10:48:13,077 [ac81e281-9cee-42de-af7f-7eadfff53290@group-1D1229833E15-LeaderElection20] INFO  server.RaftServer$Division (RaftServerImpl.java:setRole(290)) - ac81e281-9cee-42de-af7f-7eadfff53290@group-1D1229833E15: changes role from CANDIDATE to LEADER at term 1 for changeToLeader
2022-02-17 10:48:13,077 [ac81e281-9cee-42de-af7f-7eadfff53290@group-1D1229833E15-LeaderElection20] INFO  ratis.XceiverServerRatis (XceiverServerRatis.java:handleLeaderChangedNotification(867)) - Leader change notification received for group: group-1D1229833E15 with new leaderId: ac81e281-9cee-42de-af7f-7eadfff53290
2022-02-17 10:48:13,077 [ac81e281-9cee-42de-af7f-7eadfff53290@group-1D1229833E15-LeaderElection20] INFO  server.RaftServer$Division (ServerState.java:setLeader(285)) - ac81e281-9cee-42de-af7f-7eadfff53290@group-1D1229833E15: change Leader from null to ac81e281-9cee-42de-af7f-7eadfff53290 at term 1 for becomeLeader, leader elected after 5103ms
2022-02-17 10:48:13,077 [ac81e281-9cee-42de-af7f-7eadfff53290@group-1D1229833E15-LeaderElection20] INFO  server.RaftServerConfigKeys (ConfUtils.java:logGet(44)) - raft.server.staging.catchup.gap = 1000 (default)
2022-02-17 10:48:13,086 [ac81e281-9cee-42de-af7f-7eadfff53290@group-1D1229833E15-LeaderElection20] INFO  server.RaftServerConfigKeys (ConfUtils.java:logGet(44)) - raft.server.write.element-limit = 1024 (custom)
2022-02-17 10:48:13,086 [ac81e281-9cee-42de-af7f-7eadfff53290@group-1D1229833E15-LeaderElection20] INFO  server.RaftServerConfigKeys (ConfUtils.java:logGet(44)) - raft.server.write.byte-limit = 1024 M (=1073741824) (custom)
2022-02-17 10:48:13,086 [ac81e281-9cee-42de-af7f-7eadfff53290@group-1D1229833E15-LeaderElection20] INFO  server.RaftServerConfigKeys (ConfUtils.java:logGet(44)) - raft.server.watch.timeout = 180s (custom)
2022-02-17 10:48:13,087 [ac81e281-9cee-42de-af7f-7eadfff53290@group-1D1229833E15-LeaderElection20] INFO  server.RaftServerConfigKeys (ConfUtils.java:logGet(44)) - raft.server.watch.timeout.denomination = 1s (default)
2022-02-17 10:48:13,087 [ac81e281-9cee-42de-af7f-7eadfff53290@group-1D1229833E15-LeaderElection20] INFO  server.RaftServerConfigKeys (ConfUtils.java:logGet(44)) - raft.server.watch.element-limit = 65536 (default)
2022-02-17 10:48:13,087 [ac81e281-9cee-42de-af7f-7eadfff53290@group-1D1229833E15-LeaderElection20] INFO  server.RaftServerConfigKeys (ConfUtils.java:logGet(44)) - raft.server.write.element-limit = 1024 (custom)
2022-02-17 10:48:13,087 [ac81e281-9cee-42de-af7f-7eadfff53290@group-1D1229833E15-LeaderElection20] INFO  server.RaftServerConfigKeys (ConfUtils.java:logGet(44)) - raft.server.write.follower.gap.ratio.max = -1.0 (default)
2022-02-17 10:48:13,087 [ac81e281-9cee-42de-af7f-7eadfff53290@group-1D1229833E15-LeaderElection20] INFO  server.RaftServerConfigKeys (ConfUtils.java:logGet(44)) - raft.server.log.appender.snapshot.chunk.size.max = 16MB (=16777216) (default)
2022-02-17 10:48:13,087 [EventQueue-PipelineReportForPipelineReportHandler] INFO  pipeline.PipelineManagerImpl (PipelineManagerImpl.java:openPipeline(291)) - Pipeline Pipeline[ Id: 776a7a5c-14f6-4011-895b-1d1229833e15, Nodes: 3b6373f7-c408-47d6-bd58-f170bcabf6e4{ip: 127.0.0.1, host: localhost, ports: [REPLICATION=35311, RATIS=45045, RATIS_ADMIN=45045, RATIS_SERVER=45045, STANDALONE=41985], networkLocation: /default-rack, certSerialId: null, persistedOpState: IN_SERVICE, persistedOpStateExpiryEpochSec: 0}ac81e281-9cee-42de-af7f-7eadfff53290{ip: 127.0.0.1, host: localhost, ports: [REPLICATION=34091, RATIS=46507, RATIS_ADMIN=46507, RATIS_SERVER=46507, STANDALONE=35333], networkLocation: /default-rack, certSerialId: null, persistedOpState: IN_SERVICE, persistedOpStateExpiryEpochSec: 0}0523a322-62fb-48ad-ac32-b14e75d36544{ip: 127.0.0.1, host: localhost, ports: [REPLICATION=36983, RATIS=40599, RATIS_ADMIN=40599, RATIS_SERVER=40599, STANDALONE=44261], networkLocation: /default-rack, certSerialId: null, persistedOpState: IN_SERVICE, persistedOpStateExpiryEpochSec: 0}, ReplicationConfig: RATIS/THREE, State:ALLOCATED, leaderId:ac81e281-9cee-42de-af7f-7eadfff53290, CreationTimestamp2022-02-17T10:48:05.928Z[Etc/UTC]] moved to OPEN state
2022-02-17 10:48:13,088 [ac81e281-9cee-42de-af7f-7eadfff53290@group-1D1229833E15-LeaderElection20] INFO  server.RaftServerConfigKeys (ConfUtils.java:logGet(44)) - raft.server.log.appender.buffer.byte-limit = 33554432 (custom)
2022-02-17 10:48:13,088 [ac81e281-9cee-42de-af7f-7eadfff53290@group-1D1229833E15-LeaderElection20] INFO  server.RaftServerConfigKeys (ConfUtils.java:logGet(44)) - raft.server.log.appender.buffer.element-limit = 1 (custom)
2022-02-17 10:48:13,088 [ac81e281-9cee-42de-af7f-7eadfff53290@group-1D1229833E15-LeaderElection20] INFO  grpc.GrpcConfigKeys (ConfUtils.java:logGet(44)) - raft.grpc.server.leader.outstanding.appends.max = 128 (default)
2022-02-17 10:48:13,088 [ac81e281-9cee-42de-af7f-7eadfff53290@group-1D1229833E15-LeaderElection20] INFO  server.RaftServerConfigKeys (ConfUtils.java:logGet(44)) - raft.server.rpc.request.timeout = 60s (custom)
2022-02-17 10:48:13,088 [EventQueue-OpenPipelineForHealthyPipelineSafeModeRule] INFO  safemode.SCMSafeModeManager (HealthyPipelineSafeModeRule.java:process(124)) - SCM in safe mode. Healthy pipelines reported count is 0, required healthy pipeline reported count is 1
2022-02-17 10:48:13,088 [ac81e281-9cee-42de-af7f-7eadfff53290@group-1D1229833E15-LeaderElection20] INFO  server.RaftServerConfigKeys (ConfUtils.java:logGet(44)) - raft.server.log.appender.install.snapshot.enabled = false (custom)
2022-02-17 10:48:13,088 [EventQueue-PipelineReportForPipelineReportHandler] INFO  pipeline.PipelineManagerImpl (PipelineManagerImpl.java:openPipeline(291)) - Pipeline Pipeline[ Id: 776a7a5c-14f6-4011-895b-1d1229833e15, Nodes: 3b6373f7-c408-47d6-bd58-f170bcabf6e4{ip: 127.0.0.1, host: localhost, ports: [REPLICATION=35311, RATIS=45045, RATIS_ADMIN=45045, RATIS_SERVER=45045, STANDALONE=41985], networkLocation: /default-rack, certSerialId: null, persistedOpState: IN_SERVICE, persistedOpStateExpiryEpochSec: 0}ac81e281-9cee-42de-af7f-7eadfff53290{ip: 127.0.0.1, host: localhost, ports: [REPLICATION=34091, RATIS=46507, RATIS_ADMIN=46507, RATIS_SERVER=46507, STANDALONE=35333], networkLocation: /default-rack, certSerialId: null, persistedOpState: IN_SERVICE, persistedOpStateExpiryEpochSec: 0}0523a322-62fb-48ad-ac32-b14e75d36544{ip: 127.0.0.1, host: localhost, ports: [REPLICATION=36983, RATIS=40599, RATIS_ADMIN=40599, RATIS_SERVER=40599, STANDALONE=44261], networkLocation: /default-rack, certSerialId: null, persistedOpState: IN_SERVICE, persistedOpStateExpiryEpochSec: 0}, ReplicationConfig: RATIS/THREE, State:ALLOCATED, leaderId:ac81e281-9cee-42de-af7f-7eadfff53290, CreationTimestamp2022-02-17T10:48:05.928Z[Etc/UTC]] moved to OPEN state
2022-02-17 10:48:13,089 [EventQueue-OpenPipelineForHealthyPipelineSafeModeRule] INFO  safemode.SCMSafeModeManager (HealthyPipelineSafeModeRule.java:process(124)) - SCM in safe mode. Healthy pipelines reported count is 0, required healthy pipeline reported count is 1
2022-02-17 10:48:13,089 [ac81e281-9cee-42de-af7f-7eadfff53290@group-1D1229833E15-LeaderElection20] INFO  server.RaftServerConfigKeys (ConfUtils.java:logGet(44)) - raft.server.log.appender.snapshot.chunk.size.max = 16MB (=16777216) (default)
2022-02-17 10:48:13,089 [ac81e281-9cee-42de-af7f-7eadfff53290@group-1D1229833E15-LeaderElection20] INFO  server.RaftServerConfigKeys (ConfUtils.java:logGet(44)) - raft.server.log.appender.buffer.byte-limit = 33554432 (custom)
2022-02-17 10:48:13,089 [ac81e281-9cee-42de-af7f-7eadfff53290@group-1D1229833E15-LeaderElection20] INFO  server.RaftServerConfigKeys (ConfUtils.java:logGet(44)) - raft.server.log.appender.buffer.element-limit = 1 (custom)
2022-02-17 10:48:13,089 [ac81e281-9cee-42de-af7f-7eadfff53290@group-1D1229833E15-LeaderElection20] INFO  grpc.GrpcConfigKeys (ConfUtils.java:logGet(44)) - raft.grpc.server.leader.outstanding.appends.max = 128 (default)
2022-02-17 10:48:13,090 [grpc-default-executor-0] INFO  server.RaftServer$Division (RaftServerImpl.java:requestVote(1046)) - 3b6373f7-c408-47d6-bd58-f170bcabf6e4@group-1D1229833E15: receive requestVote(ELECTION, ac81e281-9cee-42de-af7f-7eadfff53290, group-1D1229833E15, 1, (t:0, i:0))
2022-02-17 10:48:13,091 [grpc-default-executor-0] INFO  impl.VoteContext (VoteContext.java:log(48)) - 3b6373f7-c408-47d6-bd58-f170bcabf6e4@group-1D1229833E15-FOLLOWER: accept ELECTION from ac81e281-9cee-42de-af7f-7eadfff53290: our priority 0 <= candidate's priority 1
2022-02-17 10:48:13,091 [grpc-default-executor-0] INFO  server.RaftServer$Division (RaftServerImpl.java:setRole(290)) - 3b6373f7-c408-47d6-bd58-f170bcabf6e4@group-1D1229833E15: changes role from  FOLLOWER to FOLLOWER at term 1 for candidate:ac81e281-9cee-42de-af7f-7eadfff53290
2022-02-17 10:48:13,091 [grpc-default-executor-0] INFO  impl.RoleInfo (RoleInfo.java:shutdownFollowerState(108)) - 3b6373f7-c408-47d6-bd58-f170bcabf6e4: shutdown 3b6373f7-c408-47d6-bd58-f170bcabf6e4@group-1D1229833E15-FollowerState
2022-02-17 10:48:13,091 [grpc-default-executor-0] INFO  impl.RoleInfo (RoleInfo.java:updateAndGet(130)) - 3b6373f7-c408-47d6-bd58-f170bcabf6e4: start 3b6373f7-c408-47d6-bd58-f170bcabf6e4@group-1D1229833E15-FollowerState
2022-02-17 10:48:13,091 [3b6373f7-c408-47d6-bd58-f170bcabf6e4@group-1D1229833E15-FollowerState] INFO  impl.FollowerState (FollowerState.java:run(143)) - 3b6373f7-c408-47d6-bd58-f170bcabf6e4@group-1D1229833E15-FollowerState was interrupted: {}
java.lang.InterruptedException: sleep interrupted
	at java.lang.Thread.sleep(Native Method)
	at java.lang.Thread.sleep(Thread.java:342)
	at java.util.concurrent.TimeUnit.sleep(TimeUnit.java:386)
	at org.apache.ratis.util.TimeDuration.sleep(TimeDuration.java:324)
	at org.apache.ratis.util.TimeDuration.sleep(TimeDuration.java:309)
	at org.apache.ratis.server.impl.FollowerState.run(FollowerState.java:118)
2022-02-17 10:48:13,091 [ac81e281-9cee-42de-af7f-7eadfff53290@group-1D1229833E15-LeaderElection20] INFO  server.RaftServerConfigKeys (ConfUtils.java:logGet(44)) - raft.server.rpc.request.timeout = 60s (custom)
2022-02-17 10:48:13,091 [ac81e281-9cee-42de-af7f-7eadfff53290@group-1D1229833E15-LeaderElection20] INFO  server.RaftServerConfigKeys (ConfUtils.java:logGet(44)) - raft.server.log.appender.install.snapshot.enabled = false (custom)
2022-02-17 10:48:13,092 [ac81e281-9cee-42de-af7f-7eadfff53290@group-1D1229833E15-LeaderElection20] INFO  impl.RoleInfo (RoleInfo.java:updateAndGet(130)) - ac81e281-9cee-42de-af7f-7eadfff53290: start ac81e281-9cee-42de-af7f-7eadfff53290@group-1D1229833E15-LeaderStateImpl
2022-02-17 10:48:13,092 [ac81e281-9cee-42de-af7f-7eadfff53290@group-1D1229833E15-LeaderElection20] INFO  segmented.SegmentedRaftLogWorker (SegmentedRaftLogWorker.java:startLogSegment(394)) - ac81e281-9cee-42de-af7f-7eadfff53290@group-1D1229833E15-SegmentedRaftLogWorker: Starting segment from index:0
2022-02-17 10:48:13,093 [e1200b4d-f169-45a2-b87f-8a7ea851d305@group-C00B8CBA638F-StateMachineUpdater] INFO  safemode.HealthyPipelineSafeModeRule (HealthyPipelineSafeModeRule.java:initializeRule(152)) - Refreshed total pipeline count is 1, healthy pipeline threshold count is 1
2022-02-17 10:48:13,097 [EventQueue-OpenPipelineForHealthyPipelineSafeModeRule] INFO  safemode.SCMSafeModeManager (HealthyPipelineSafeModeRule.java:process(124)) - SCM in safe mode. Healthy pipelines reported count is 1, required healthy pipeline reported count is 1
2022-02-17 10:48:13,098 [EventQueue-OpenPipelineForHealthyPipelineSafeModeRule] INFO  safemode.SCMSafeModeManager (SCMSafeModeManager.java:validateSafeModeExitRules(204)) - HealthyPipelineSafeModeRule rule is successfully validated
2022-02-17 10:48:13,098 [EventQueue-OpenPipelineForHealthyPipelineSafeModeRule] INFO  safemode.SCMSafeModeManager (SCMSafeModeManager.java:validateSafeModeExitRules(219)) - ScmSafeModeManager, all rules are successfully validated
2022-02-17 10:48:13,098 [EventQueue-OpenPipelineForHealthyPipelineSafeModeRule] INFO  safemode.SCMSafeModeManager (SCMSafeModeManager.java:exitSafeMode(248)) - SCM exiting safe mode.
2022-02-17 10:48:13,098 [EventQueue-OpenPipelineForHealthyPipelineSafeModeRule] WARN  events.EventQueue (EventQueue.java:fireEvent(194)) - No event handler registered for event TypedEvent{payloadType=SafeModeStatus, name='Safe mode status'}
2022-02-17 10:48:13,098 [EventQueue-OpenPipelineForHealthyPipelineSafeModeRule] INFO  ha.SCMContext (SCMContext.java:updateSafeModeStatus(211)) - Update SafeModeStatus from SafeModeStatus{safeModeStatus=true, preCheckPassed=true} to SafeModeStatus{safeModeStatus=false, preCheckPassed=true}.
2022-02-17 10:48:13,098 [EventQueue-OpenPipelineForHealthyPipelineSafeModeRule] INFO  container.ReplicationManager (ReplicationManager.java:notifyStatusChanged(1807)) - Service ReplicationManager transitions to RUNNING.
2022-02-17 10:48:13,101 [grpc-default-executor-0] INFO  server.RaftServer$Division (RaftServerImpl.java:requestVote(1078)) - 3b6373f7-c408-47d6-bd58-f170bcabf6e4@group-1D1229833E15 replies to ELECTION vote request: ac81e281-9cee-42de-af7f-7eadfff53290<-3b6373f7-c408-47d6-bd58-f170bcabf6e4#0:OK-t1. Peer's state: 3b6373f7-c408-47d6-bd58-f170bcabf6e4@group-1D1229833E15:t1, leader=null, voted=ac81e281-9cee-42de-af7f-7eadfff53290, raftlog=3b6373f7-c408-47d6-bd58-f170bcabf6e4@group-1D1229833E15-SegmentedRaftLog:OPENED:c-1, conf=-1: [0523a322-62fb-48ad-ac32-b14e75d36544|rpc:127.0.0.1:40599|dataStream:|priority:0, ac81e281-9cee-42de-af7f-7eadfff53290|rpc:127.0.0.1:46507|dataStream:|priority:1, 3b6373f7-c408-47d6-bd58-f170bcabf6e4|rpc:127.0.0.1:45045|dataStream:|priority:0], old=null
2022-02-17 10:48:13,102 [ac81e281-9cee-42de-af7f-7eadfff53290@group-1D1229833E15-SegmentedRaftLogWorker] INFO  segmented.SegmentedRaftLogWorker (SegmentedRaftLogWorker.java:execute(601)) - ac81e281-9cee-42de-af7f-7eadfff53290@group-1D1229833E15-SegmentedRaftLogWorker: created new log segment /home/runner/work/ozone/ozone/hadoop-ozone/integration-test/target/test-dir/MiniOzoneClusterImpl-314b2a1d-9ab5-4841-b3ea-c00b8cba638f/datanode-0/data/ratis/776a7a5c-14f6-4011-895b-1d1229833e15/current/log_inprogress_0
2022-02-17 10:48:13,132 [grpc-default-executor-1] INFO  ratis.XceiverServerRatis (XceiverServerRatis.java:handleLeaderChangedNotification(867)) - Leader change notification received for group: group-1D1229833E15 with new leaderId: ac81e281-9cee-42de-af7f-7eadfff53290
2022-02-17 10:48:13,132 [grpc-default-executor-1] INFO  server.RaftServer$Division (ServerState.java:setLeader(285)) - 3b6373f7-c408-47d6-bd58-f170bcabf6e4@group-1D1229833E15: change Leader from null to ac81e281-9cee-42de-af7f-7eadfff53290 at term 1 for appendEntries, leader elected after 5056ms
2022-02-17 10:48:13,135 [grpc-default-executor-2] INFO  ratis.XceiverServerRatis (XceiverServerRatis.java:handleLeaderChangedNotification(867)) - Leader change notification received for group: group-1D1229833E15 with new leaderId: ac81e281-9cee-42de-af7f-7eadfff53290
2022-02-17 10:48:13,135 [grpc-default-executor-2] INFO  server.RaftServer$Division (ServerState.java:setLeader(285)) - 0523a322-62fb-48ad-ac32-b14e75d36544@group-1D1229833E15: change Leader from null to ac81e281-9cee-42de-af7f-7eadfff53290 at term 1 for appendEntries, leader elected after 4979ms
2022-02-17 10:48:13,146 [ac81e281-9cee-42de-af7f-7eadfff53290@group-1D1229833E15-LeaderElection20] INFO  server.RaftServer$Division (ServerState.java:setRaftConf(387)) - ac81e281-9cee-42de-af7f-7eadfff53290@group-1D1229833E15: set configuration 0: [0523a322-62fb-48ad-ac32-b14e75d36544|rpc:127.0.0.1:40599|dataStream:|priority:0, ac81e281-9cee-42de-af7f-7eadfff53290|rpc:127.0.0.1:46507|dataStream:|priority:1, 3b6373f7-c408-47d6-bd58-f170bcabf6e4|rpc:127.0.0.1:45045|dataStream:|priority:0], old=null
2022-02-17 10:48:13,151 [01f34702-14f0-4566-9f1c-66e15822e926@group-C00B8CBA638F-StateMachineUpdater] INFO  safemode.HealthyPipelineSafeModeRule (HealthyPipelineSafeModeRule.java:initializeRule(152)) - Refreshed total pipeline count is 1, healthy pipeline threshold count is 1
2022-02-17 10:48:13,151 [01f34702-14f0-4566-9f1c-66e15822e926@group-C00B8CBA638F-StateMachineUpdater] INFO  ha.SCMStateMachine (SCMStateMachine.java:takeSnapshot(297)) - Current Snapshot Index 23, takeSnapshot took 0 ms
2022-02-17 10:48:13,151 [01f34702-14f0-4566-9f1c-66e15822e926@group-C00B8CBA638F-StateMachineUpdater] INFO  impl.StateMachineUpdater (StateMachineUpdater.java:takeSnapshot(281)) - 01f34702-14f0-4566-9f1c-66e15822e926@group-C00B8CBA638F-StateMachineUpdater: Took a snapshot at index 23
2022-02-17 10:48:13,151 [01f34702-14f0-4566-9f1c-66e15822e926@group-C00B8CBA638F-StateMachineUpdater] INFO  impl.StateMachineUpdater (StateMachineUpdater.java:lambda$new$0(89)) - 01f34702-14f0-4566-9f1c-66e15822e926@group-C00B8CBA638F-StateMachineUpdater: snapshotIndex: updateIncreasingly 18 -> 23
2022-02-17 10:48:13,151 [01f34702-14f0-4566-9f1c-66e15822e926@group-C00B8CBA638F-StateMachineUpdater] INFO  raftlog.RaftLog (RaftLogBase.java:purge(306)) - 01f34702-14f0-4566-9f1c-66e15822e926@group-C00B8CBA638F-SegmentedRaftLog: purge 23
2022-02-17 10:48:13,151 [01f34702-14f0-4566-9f1c-66e15822e926@group-C00B8CBA638F-StateMachineUpdater] INFO  raftlog.RaftLog (RaftLogBase.java:lambda$new$0(53)) - 01f34702-14f0-4566-9f1c-66e15822e926@group-C00B8CBA638F-SegmentedRaftLog: snapshotIndex: updateIncreasingly 18 -> 23
2022-02-17 10:48:13,151 [01f34702-14f0-4566-9f1c-66e15822e926@group-C00B8CBA638F-StateMachineUpdater] INFO  raftlog.RaftLog (RaftLogBase.java:lambda$new$0(53)) - 01f34702-14f0-4566-9f1c-66e15822e926@group-C00B8CBA638F-SegmentedRaftLog: purgeIndex: updateToMax old=18, new=23, updated? true
2022-02-17 10:48:13,158 [grpc-default-executor-2] INFO  server.RaftServer$Division (ServerState.java:setRaftConf(387)) - 0523a322-62fb-48ad-ac32-b14e75d36544@group-1D1229833E15: set configuration 0: [0523a322-62fb-48ad-ac32-b14e75d36544|rpc:127.0.0.1:40599|dataStream:|priority:0, ac81e281-9cee-42de-af7f-7eadfff53290|rpc:127.0.0.1:46507|dataStream:|priority:1, 3b6373f7-c408-47d6-bd58-f170bcabf6e4|rpc:127.0.0.1:45045|dataStream:|priority:0], old=null
2022-02-17 10:48:13,159 [grpc-default-executor-2] INFO  segmented.SegmentedRaftLogWorker (SegmentedRaftLogWorker.java:startLogSegment(394)) - 0523a322-62fb-48ad-ac32-b14e75d36544@group-1D1229833E15-SegmentedRaftLogWorker: Starting segment from index:0
2022-02-17 10:48:13,162 [0523a322-62fb-48ad-ac32-b14e75d36544@group-1D1229833E15-SegmentedRaftLogWorker] INFO  segmented.SegmentedRaftLogWorker (SegmentedRaftLogWorker.java:execute(601)) - 0523a322-62fb-48ad-ac32-b14e75d36544@group-1D1229833E15-SegmentedRaftLogWorker: created new log segment /home/runner/work/ozone/ozone/hadoop-ozone/integration-test/target/test-dir/MiniOzoneClusterImpl-314b2a1d-9ab5-4841-b3ea-c00b8cba638f/datanode-2/data/ratis/776a7a5c-14f6-4011-895b-1d1229833e15/current/log_inprogress_0
2022-02-17 10:48:13,164 [grpc-default-executor-1] INFO  server.RaftServer$Division (ServerState.java:setRaftConf(387)) - 3b6373f7-c408-47d6-bd58-f170bcabf6e4@group-1D1229833E15: set configuration 0: [0523a322-62fb-48ad-ac32-b14e75d36544|rpc:127.0.0.1:40599|dataStream:|priority:0, ac81e281-9cee-42de-af7f-7eadfff53290|rpc:127.0.0.1:46507|dataStream:|priority:1, 3b6373f7-c408-47d6-bd58-f170bcabf6e4|rpc:127.0.0.1:45045|dataStream:|priority:0], old=null
2022-02-17 10:48:13,164 [grpc-default-executor-1] INFO  segmented.SegmentedRaftLogWorker (SegmentedRaftLogWorker.java:startLogSegment(394)) - 3b6373f7-c408-47d6-bd58-f170bcabf6e4@group-1D1229833E15-SegmentedRaftLogWorker: Starting segment from index:0
2022-02-17 10:48:13,165 [3b6373f7-c408-47d6-bd58-f170bcabf6e4@group-1D1229833E15-SegmentedRaftLogWorker] INFO  segmented.SegmentedRaftLogWorker (SegmentedRaftLogWorker.java:execute(601)) - 3b6373f7-c408-47d6-bd58-f170bcabf6e4@group-1D1229833E15-SegmentedRaftLogWorker: created new log segment /home/runner/work/ozone/ozone/hadoop-ozone/integration-test/target/test-dir/MiniOzoneClusterImpl-314b2a1d-9ab5-4841-b3ea-c00b8cba638f/datanode-1/data/ratis/776a7a5c-14f6-4011-895b-1d1229833e15/current/log_inprogress_0
2022-02-17 10:48:13,349 [ac81e281-9cee-42de-af7f-7eadfff53290@group-1EE814415694-FollowerState] INFO  impl.FollowerState (FollowerState.java:run(134)) - ac81e281-9cee-42de-af7f-7eadfff53290@group-1EE814415694-FollowerState: change to CANDIDATE, lastRpcElapsedTime:5110465689ns, electionTimeout:5096ms
2022-02-17 10:48:13,350 [ac81e281-9cee-42de-af7f-7eadfff53290@group-1EE814415694-FollowerState] INFO  impl.RoleInfo (RoleInfo.java:shutdownFollowerState(108)) - ac81e281-9cee-42de-af7f-7eadfff53290: shutdown ac81e281-9cee-42de-af7f-7eadfff53290@group-1EE814415694-FollowerState
2022-02-17 10:48:13,350 [ac81e281-9cee-42de-af7f-7eadfff53290@group-1EE814415694-FollowerState] INFO  server.RaftServer$Division (RaftServerImpl.java:setRole(290)) - ac81e281-9cee-42de-af7f-7eadfff53290@group-1EE814415694: changes role from  FOLLOWER to CANDIDATE at term 0 for changeToCandidate
2022-02-17 10:48:13,350 [ac81e281-9cee-42de-af7f-7eadfff53290@group-1EE814415694-FollowerState] INFO  server.RaftServerConfigKeys (ConfUtils.java:logGet(44)) - raft.server.leaderelection.pre-vote = false (custom)
2022-02-17 10:48:13,350 [ac81e281-9cee-42de-af7f-7eadfff53290@group-1EE814415694-FollowerState] INFO  impl.RoleInfo (RoleInfo.java:updateAndGet(130)) - ac81e281-9cee-42de-af7f-7eadfff53290: start ac81e281-9cee-42de-af7f-7eadfff53290@group-1EE814415694-LeaderElection21
2022-02-17 10:48:13,361 [ac81e281-9cee-42de-af7f-7eadfff53290@group-1EE814415694-LeaderElection21] INFO  impl.LeaderElection (LeaderElection.java:askForVotes(306)) - ac81e281-9cee-42de-af7f-7eadfff53290@group-1EE814415694-LeaderElection21 ELECTION round 0: submit vote requests at term 1 for -1: [0523a322-62fb-48ad-ac32-b14e75d36544|rpc:127.0.0.1:40599|priority:1, ac81e281-9cee-42de-af7f-7eadfff53290|rpc:127.0.0.1:46507|priority:0, 3b6373f7-c408-47d6-bd58-f170bcabf6e4|rpc:127.0.0.1:45045|priority:0], old=null
2022-02-17 10:48:13,384 [grpc-default-executor-2] INFO  server.RaftServer$Division (RaftServerImpl.java:requestVote(1046)) - 0523a322-62fb-48ad-ac32-b14e75d36544@group-1EE814415694: receive requestVote(ELECTION, ac81e281-9cee-42de-af7f-7eadfff53290, group-1EE814415694, 1, (t:0, i:0))
2022-02-17 10:48:13,384 [grpc-default-executor-2] INFO  impl.VoteContext (VoteContext.java:log(48)) - 0523a322-62fb-48ad-ac32-b14e75d36544@group-1EE814415694-FOLLOWER: reject ELECTION from ac81e281-9cee-42de-af7f-7eadfff53290: our priority 1 > candidate's priority 0
2022-02-17 10:48:13,384 [grpc-default-executor-2] INFO  server.RaftServer$Division (RaftServerImpl.java:setRole(290)) - 0523a322-62fb-48ad-ac32-b14e75d36544@group-1EE814415694: changes role from  FOLLOWER to FOLLOWER at term 1 for candidate:ac81e281-9cee-42de-af7f-7eadfff53290
2022-02-17 10:48:13,384 [grpc-default-executor-2] INFO  impl.RoleInfo (RoleInfo.java:shutdownFollowerState(108)) - 0523a322-62fb-48ad-ac32-b14e75d36544: shutdown 0523a322-62fb-48ad-ac32-b14e75d36544@group-1EE814415694-FollowerState
2022-02-17 10:48:13,384 [grpc-default-executor-2] INFO  impl.RoleInfo (RoleInfo.java:updateAndGet(130)) - 0523a322-62fb-48ad-ac32-b14e75d36544: start 0523a322-62fb-48ad-ac32-b14e75d36544@group-1EE814415694-FollowerState
2022-02-17 10:48:13,384 [0523a322-62fb-48ad-ac32-b14e75d36544@group-1EE814415694-FollowerState] INFO  impl.FollowerState (FollowerState.java:run(143)) - 0523a322-62fb-48ad-ac32-b14e75d36544@group-1EE814415694-FollowerState was interrupted: {}
java.lang.InterruptedException: sleep interrupted
	at java.lang.Thread.sleep(Native Method)
	at java.lang.Thread.sleep(Thread.java:342)
	at java.util.concurrent.TimeUnit.sleep(TimeUnit.java:386)
	at org.apache.ratis.util.TimeDuration.sleep(TimeDuration.java:324)
	at org.apache.ratis.util.TimeDuration.sleep(TimeDuration.java:309)
	at org.apache.ratis.server.impl.FollowerState.run(FollowerState.java:118)
2022-02-17 10:48:13,387 [grpc-default-executor-2] INFO  server.RaftServer$Division (RaftServerImpl.java:requestVote(1078)) - 0523a322-62fb-48ad-ac32-b14e75d36544@group-1EE814415694 replies to ELECTION vote request: ac81e281-9cee-42de-af7f-7eadfff53290<-0523a322-62fb-48ad-ac32-b14e75d36544#0:FAIL-t1. Peer's state: 0523a322-62fb-48ad-ac32-b14e75d36544@group-1EE814415694:t1, leader=null, voted=null, raftlog=0523a322-62fb-48ad-ac32-b14e75d36544@group-1EE814415694-SegmentedRaftLog:OPENED:c-1, conf=-1: [0523a322-62fb-48ad-ac32-b14e75d36544|rpc:127.0.0.1:40599|dataStream:|priority:1, ac81e281-9cee-42de-af7f-7eadfff53290|rpc:127.0.0.1:46507|dataStream:|priority:0, 3b6373f7-c408-47d6-bd58-f170bcabf6e4|rpc:127.0.0.1:45045|dataStream:|priority:0], old=null
2022-02-17 10:48:13,388 [ac81e281-9cee-42de-af7f-7eadfff53290@group-1EE814415694-LeaderElection21] INFO  impl.LeaderElection (LeaderElection.java:logAndReturn(89)) - ac81e281-9cee-42de-af7f-7eadfff53290@group-1EE814415694-LeaderElection21: ELECTION REJECTED received 1 response(s) and 0 exception(s):
2022-02-17 10:48:13,388 [ac81e281-9cee-42de-af7f-7eadfff53290@group-1EE814415694-LeaderElection21] INFO  impl.LeaderElection (LeaderElection.java:logAndReturn(93)) -   Response 0: ac81e281-9cee-42de-af7f-7eadfff53290<-0523a322-62fb-48ad-ac32-b14e75d36544#0:FAIL-t1
2022-02-17 10:48:13,388 [ac81e281-9cee-42de-af7f-7eadfff53290@group-1EE814415694-LeaderElection21] INFO  impl.LeaderElection (LeaderElection.java:askForVotes(308)) - ac81e281-9cee-42de-af7f-7eadfff53290@group-1EE814415694-LeaderElection21 ELECTION round 0: result REJECTED
2022-02-17 10:48:13,388 [ac81e281-9cee-42de-af7f-7eadfff53290@group-1EE814415694-LeaderElection21] INFO  server.RaftServer$Division (RaftServerImpl.java:setRole(290)) - ac81e281-9cee-42de-af7f-7eadfff53290@group-1EE814415694: changes role from CANDIDATE to FOLLOWER at term 1 for REJECTED
2022-02-17 10:48:13,388 [ac81e281-9cee-42de-af7f-7eadfff53290@group-1EE814415694-LeaderElection21] INFO  impl.RoleInfo (RoleInfo.java:shutdownLeaderElection(121)) - ac81e281-9cee-42de-af7f-7eadfff53290: shutdown ac81e281-9cee-42de-af7f-7eadfff53290@group-1EE814415694-LeaderElection21
2022-02-17 10:48:13,388 [ac81e281-9cee-42de-af7f-7eadfff53290@group-1EE814415694-LeaderElection21] INFO  impl.RoleInfo (RoleInfo.java:updateAndGet(130)) - ac81e281-9cee-42de-af7f-7eadfff53290: start ac81e281-9cee-42de-af7f-7eadfff53290@group-1EE814415694-FollowerState
2022-02-17 10:48:13,396 [grpc-default-executor-2] INFO  server.RaftServer$Division (RaftServerImpl.java:requestVote(1046)) - 3b6373f7-c408-47d6-bd58-f170bcabf6e4@group-1EE814415694: receive requestVote(ELECTION, ac81e281-9cee-42de-af7f-7eadfff53290, group-1EE814415694, 1, (t:0, i:0))
2022-02-17 10:48:13,396 [grpc-default-executor-2] INFO  impl.VoteContext (VoteContext.java:log(48)) - 3b6373f7-c408-47d6-bd58-f170bcabf6e4@group-1EE814415694-FOLLOWER: accept ELECTION from ac81e281-9cee-42de-af7f-7eadfff53290: our priority 0 <= candidate's priority 0
2022-02-17 10:48:13,397 [grpc-default-executor-2] INFO  server.RaftServer$Division (RaftServerImpl.java:setRole(290)) - 3b6373f7-c408-47d6-bd58-f170bcabf6e4@group-1EE814415694: changes role from  FOLLOWER to FOLLOWER at term 1 for candidate:ac81e281-9cee-42de-af7f-7eadfff53290
2022-02-17 10:48:13,397 [grpc-default-executor-2] INFO  impl.RoleInfo (RoleInfo.java:shutdownFollowerState(108)) - 3b6373f7-c408-47d6-bd58-f170bcabf6e4: shutdown 3b6373f7-c408-47d6-bd58-f170bcabf6e4@group-1EE814415694-FollowerState
2022-02-17 10:48:13,397 [grpc-default-executor-2] INFO  impl.RoleInfo (RoleInfo.java:updateAndGet(130)) - 3b6373f7-c408-47d6-bd58-f170bcabf6e4: start 3b6373f7-c408-47d6-bd58-f170bcabf6e4@group-1EE814415694-FollowerState
2022-02-17 10:48:13,397 [3b6373f7-c408-47d6-bd58-f170bcabf6e4@group-1EE814415694-FollowerState] INFO  impl.FollowerState (FollowerState.java:run(143)) - 3b6373f7-c408-47d6-bd58-f170bcabf6e4@group-1EE814415694-FollowerState was interrupted: {}
java.lang.InterruptedException: sleep interrupted
	at java.lang.Thread.sleep(Native Method)
	at java.lang.Thread.sleep(Thread.java:342)
	at java.util.concurrent.TimeUnit.sleep(TimeUnit.java:386)
	at org.apache.ratis.util.TimeDuration.sleep(TimeDuration.java:324)
	at org.apache.ratis.util.TimeDuration.sleep(TimeDuration.java:309)
	at org.apache.ratis.server.impl.FollowerState.run(FollowerState.java:118)
2022-02-17 10:48:13,407 [grpc-default-executor-2] INFO  server.RaftServer$Division (RaftServerImpl.java:requestVote(1078)) - 3b6373f7-c408-47d6-bd58-f170bcabf6e4@group-1EE814415694 replies to ELECTION vote request: ac81e281-9cee-42de-af7f-7eadfff53290<-3b6373f7-c408-47d6-bd58-f170bcabf6e4#0:OK-t1. Peer's state: 3b6373f7-c408-47d6-bd58-f170bcabf6e4@group-1EE814415694:t1, leader=null, voted=ac81e281-9cee-42de-af7f-7eadfff53290, raftlog=3b6373f7-c408-47d6-bd58-f170bcabf6e4@group-1EE814415694-SegmentedRaftLog:OPENED:c-1, conf=-1: [0523a322-62fb-48ad-ac32-b14e75d36544|rpc:127.0.0.1:40599|dataStream:|priority:1, ac81e281-9cee-42de-af7f-7eadfff53290|rpc:127.0.0.1:46507|dataStream:|priority:0, 3b6373f7-c408-47d6-bd58-f170bcabf6e4|rpc:127.0.0.1:45045|dataStream:|priority:0], old=null
2022-02-17 10:48:13,651 [3b6373f7-c408-47d6-bd58-f170bcabf6e4@group-7BB2698B34C9-FollowerState] INFO  impl.FollowerState (FollowerState.java:run(134)) - 3b6373f7-c408-47d6-bd58-f170bcabf6e4@group-7BB2698B34C9-FollowerState: change to CANDIDATE, lastRpcElapsedTime:5193179533ns, electionTimeout:5182ms
2022-02-17 10:48:13,652 [3b6373f7-c408-47d6-bd58-f170bcabf6e4@group-7BB2698B34C9-FollowerState] INFO  impl.RoleInfo (RoleInfo.java:shutdownFollowerState(108)) - 3b6373f7-c408-47d6-bd58-f170bcabf6e4: shutdown 3b6373f7-c408-47d6-bd58-f170bcabf6e4@group-7BB2698B34C9-FollowerState
2022-02-17 10:48:13,652 [3b6373f7-c408-47d6-bd58-f170bcabf6e4@group-7BB2698B34C9-FollowerState] INFO  server.RaftServer$Division (RaftServerImpl.java:setRole(290)) - 3b6373f7-c408-47d6-bd58-f170bcabf6e4@group-7BB2698B34C9: changes role from  FOLLOWER to CANDIDATE at term 0 for changeToCandidate
2022-02-17 10:48:13,653 [3b6373f7-c408-47d6-bd58-f170bcabf6e4@group-7BB2698B34C9-FollowerState] INFO  server.RaftServerConfigKeys (ConfUtils.java:logGet(44)) - raft.server.leaderelection.pre-vote = false (custom)
2022-02-17 10:48:13,653 [3b6373f7-c408-47d6-bd58-f170bcabf6e4@group-7BB2698B34C9-FollowerState] INFO  impl.RoleInfo (RoleInfo.java:updateAndGet(130)) - 3b6373f7-c408-47d6-bd58-f170bcabf6e4: start 3b6373f7-c408-47d6-bd58-f170bcabf6e4@group-7BB2698B34C9-LeaderElection22
2022-02-17 10:48:13,663 [3b6373f7-c408-47d6-bd58-f170bcabf6e4@group-7BB2698B34C9-LeaderElection22] INFO  impl.LeaderElection (LeaderElection.java:askForVotes(306)) - 3b6373f7-c408-47d6-bd58-f170bcabf6e4@group-7BB2698B34C9-LeaderElection22 ELECTION round 0: submit vote requests at term 1 for -1: [3b6373f7-c408-47d6-bd58-f170bcabf6e4|rpc:127.0.0.1:45045|priority:1], old=null
2022-02-17 10:48:13,664 [3b6373f7-c408-47d6-bd58-f170bcabf6e4@group-7BB2698B34C9-LeaderElection22] INFO  impl.LeaderElection (LeaderElection.java:askForVotes(308)) - 3b6373f7-c408-47d6-bd58-f170bcabf6e4@group-7BB2698B34C9-LeaderElection22 ELECTION round 0: result PASSED (term=1)
2022-02-17 10:48:13,664 [3b6373f7-c408-47d6-bd58-f170bcabf6e4@group-7BB2698B34C9-LeaderElection22] INFO  impl.RoleInfo (RoleInfo.java:shutdownLeaderElection(121)) - 3b6373f7-c408-47d6-bd58-f170bcabf6e4: shutdown 3b6373f7-c408-47d6-bd58-f170bcabf6e4@group-7BB2698B34C9-LeaderElection22
2022-02-17 10:48:13,664 [3b6373f7-c408-47d6-bd58-f170bcabf6e4@group-7BB2698B34C9-LeaderElection22] INFO  server.RaftServer$Division (RaftServerImpl.java:setRole(290)) - 3b6373f7-c408-47d6-bd58-f170bcabf6e4@group-7BB2698B34C9: changes role from CANDIDATE to LEADER at term 1 for changeToLeader
2022-02-17 10:48:13,664 [3b6373f7-c408-47d6-bd58-f170bcabf6e4@group-7BB2698B34C9-LeaderElection22] INFO  ratis.XceiverServerRatis (XceiverServerRatis.java:handleLeaderChangedNotification(867)) - Leader change notification received for group: group-7BB2698B34C9 with new leaderId: 3b6373f7-c408-47d6-bd58-f170bcabf6e4
2022-02-17 10:48:13,664 [3b6373f7-c408-47d6-bd58-f170bcabf6e4@group-7BB2698B34C9-LeaderElection22] INFO  server.RaftServer$Division (ServerState.java:setLeader(285)) - 3b6373f7-c408-47d6-bd58-f170bcabf6e4@group-7BB2698B34C9: change Leader from null to 3b6373f7-c408-47d6-bd58-f170bcabf6e4 at term 1 for becomeLeader, leader elected after 5237ms
2022-02-17 10:48:13,664 [3b6373f7-c408-47d6-bd58-f170bcabf6e4@group-7BB2698B34C9-LeaderElection22] INFO  server.RaftServerConfigKeys (ConfUtils.java:logGet(44)) - raft.server.staging.catchup.gap = 1000 (default)
2022-02-17 10:48:13,666 [3b6373f7-c408-47d6-bd58-f170bcabf6e4@group-7BB2698B34C9-LeaderElection22] INFO  server.RaftServerConfigKeys (ConfUtils.java:logGet(44)) - raft.server.write.element-limit = 1024 (custom)
2022-02-17 10:48:13,666 [3b6373f7-c408-47d6-bd58-f170bcabf6e4@group-7BB2698B34C9-LeaderElection22] INFO  server.RaftServerConfigKeys (ConfUtils.java:logGet(44)) - raft.server.write.byte-limit = 1024 M (=1073741824) (custom)
2022-02-17 10:48:13,669 [EventQueue-OpenPipelineForHealthyPipelineSafeModeRule] INFO  safemode.SCMSafeModeManager (HealthyPipelineSafeModeRule.java:process(124)) - SCM in safe mode. Healthy pipelines reported count is 1, required healthy pipeline reported count is 1
2022-02-17 10:48:13,669 [EventQueue-OpenPipelineForHealthyPipelineSafeModeRule] INFO  safemode.SCMSafeModeManager (SCMSafeModeManager.java:validateSafeModeExitRules(204)) - HealthyPipelineSafeModeRule rule is successfully validated
2022-02-17 10:48:13,669 [EventQueue-OpenPipelineForHealthyPipelineSafeModeRule] INFO  safemode.SCMSafeModeManager (SCMSafeModeManager.java:validateSafeModeExitRules(219)) - ScmSafeModeManager, all rules are successfully validated
2022-02-17 10:48:13,669 [EventQueue-OpenPipelineForHealthyPipelineSafeModeRule] INFO  safemode.SCMSafeModeManager (SCMSafeModeManager.java:exitSafeMode(248)) - SCM exiting safe mode.
2022-02-17 10:48:13,669 [EventQueue-OpenPipelineForHealthyPipelineSafeModeRule] WARN  events.EventQueue (EventQueue.java:fireEvent(194)) - No event handler registered for event TypedEvent{payloadType=SafeModeStatus, name='Safe mode status'}
2022-02-17 10:48:13,669 [EventQueue-OpenPipelineForHealthyPipelineSafeModeRule] INFO  ha.SCMContext (SCMContext.java:updateSafeModeStatus(211)) - Update SafeModeStatus from SafeModeStatus{safeModeStatus=true, preCheckPassed=true} to SafeModeStatus{safeModeStatus=false, preCheckPassed=true}.
2022-02-17 10:48:13,671 [3b6373f7-c408-47d6-bd58-f170bcabf6e4@group-7BB2698B34C9-LeaderElection22] INFO  server.RaftServerConfigKeys (ConfUtils.java:logGet(44)) - raft.server.watch.timeout = 180s (custom)
2022-02-17 10:48:13,671 [3b6373f7-c408-47d6-bd58-f170bcabf6e4@group-7BB2698B34C9-LeaderElection22] INFO  server.RaftServerConfigKeys (ConfUtils.java:logGet(44)) - raft.server.watch.timeout.denomination = 1s (default)
2022-02-17 10:48:13,671 [3b6373f7-c408-47d6-bd58-f170bcabf6e4@group-7BB2698B34C9-LeaderElection22] INFO  server.RaftServerConfigKeys (ConfUtils.java:logGet(44)) - raft.server.watch.element-limit = 65536 (default)
2022-02-17 10:48:13,671 [3b6373f7-c408-47d6-bd58-f170bcabf6e4@group-7BB2698B34C9-LeaderElection22] INFO  server.RaftServerConfigKeys (ConfUtils.java:logGet(44)) - raft.server.write.element-limit = 1024 (custom)
2022-02-17 10:48:13,671 [3b6373f7-c408-47d6-bd58-f170bcabf6e4@group-7BB2698B34C9-LeaderElection22] INFO  server.RaftServerConfigKeys (ConfUtils.java:logGet(44)) - raft.server.write.follower.gap.ratio.max = -1.0 (default)
2022-02-17 10:48:13,671 [3b6373f7-c408-47d6-bd58-f170bcabf6e4@group-7BB2698B34C9-LeaderElection22] INFO  impl.RoleInfo (RoleInfo.java:updateAndGet(130)) - 3b6373f7-c408-47d6-bd58-f170bcabf6e4: start 3b6373f7-c408-47d6-bd58-f170bcabf6e4@group-7BB2698B34C9-LeaderStateImpl
2022-02-17 10:48:13,671 [3b6373f7-c408-47d6-bd58-f170bcabf6e4@group-7BB2698B34C9-LeaderElection22] INFO  segmented.SegmentedRaftLogWorker (SegmentedRaftLogWorker.java:startLogSegment(394)) - 3b6373f7-c408-47d6-bd58-f170bcabf6e4@group-7BB2698B34C9-SegmentedRaftLogWorker: Starting segment from index:0
2022-02-17 10:48:13,673 [3b6373f7-c408-47d6-bd58-f170bcabf6e4@group-7BB2698B34C9-SegmentedRaftLogWorker] INFO  segmented.SegmentedRaftLogWorker (SegmentedRaftLogWorker.java:execute(601)) - 3b6373f7-c408-47d6-bd58-f170bcabf6e4@group-7BB2698B34C9-SegmentedRaftLogWorker: created new log segment /home/runner/work/ozone/ozone/hadoop-ozone/integration-test/target/test-dir/MiniOzoneClusterImpl-314b2a1d-9ab5-4841-b3ea-c00b8cba638f/datanode-1/data/ratis/8aaf4578-6a37-45fa-a784-7bb2698b34c9/current/log_inprogress_0
2022-02-17 10:48:13,681 [3b6373f7-c408-47d6-bd58-f170bcabf6e4@group-7BB2698B34C9-LeaderElection22] INFO  server.RaftServer$Division (ServerState.java:setRaftConf(387)) - 3b6373f7-c408-47d6-bd58-f170bcabf6e4@group-7BB2698B34C9: set configuration 0: [3b6373f7-c408-47d6-bd58-f170bcabf6e4|rpc:127.0.0.1:45045|dataStream:|priority:1], old=null
2022-02-17 10:48:13,850 [Listener at 127.0.0.1/33953] INFO  ozone.MiniOzoneClusterImpl (MiniOzoneClusterImpl.java:lambda$waitForClusterToBeReady$0(219)) - Nodes are ready. Got 3 of 3 DN Heartbeats.
2022-02-17 10:48:13,850 [Listener at 127.0.0.1/33953] INFO  ozone.MiniOzoneClusterImpl (MiniOzoneClusterImpl.java:lambda$waitForClusterToBeReady$0(222)) - Cluster exits safe mode
2022-02-17 10:48:13,850 [Listener at 127.0.0.1/33953] INFO  ozone.MiniOzoneClusterImpl (MiniOzoneClusterImpl.java:lambda$waitForClusterToBeReady$0(224)) - SCM became leader
2022-02-17 10:48:13,851 [Listener at 127.0.0.1/33953] INFO  server.StorageContainerManager (StorageContainerManager.java:start(1303)) - StorageContainerLocationProtocol RPC server is listening at /0.0.0.0:46253
2022-02-17 10:48:13,851 [Listener at 127.0.0.1/33953] INFO  ha.SCMRatisServerImpl (SCMRatisServerImpl.java:start(177)) - starting ratis server 0.0.0.0:33733
2022-02-17 10:48:13,851 [Listener at 127.0.0.1/33953] INFO  server.RaftServer$Division (RaftServerImpl.java:start(304)) - 4400b75d-245b-43c7-a398-1881376b84db@group-C00B8CBA638F: start with initializing state, conf=-1: [], old=null
2022-02-17 10:48:13,851 [Listener at 127.0.0.1/33953] INFO  server.RaftServer$Division (RaftServerImpl.java:setRole(290)) - 4400b75d-245b-43c7-a398-1881376b84db@group-C00B8CBA638F: changes role from      null to FOLLOWER at term 0 for startInitializing
2022-02-17 10:48:13,851 [Listener at 127.0.0.1/33953] INFO  util.JmxRegister (JmxRegister.java:tryRegister(44)) - Successfully registered JMX Bean with object name Ratis:service=RaftServer,group=group-C00B8CBA638F,id=4400b75d-245b-43c7-a398-1881376b84db
2022-02-17 10:48:13,859 [Listener at 127.0.0.1/33953] INFO  server.RaftServer (RaftServerProxy.java:lambda$start$5(374)) - 4400b75d-245b-43c7-a398-1881376b84db: start RPC server
2022-02-17 10:48:13,860 [Listener at 127.0.0.1/33953] INFO  server.GrpcService (GrpcService.java:startImpl(253)) - 4400b75d-245b-43c7-a398-1881376b84db: GrpcService started, listening on 33733
2022-02-17 10:48:13,861 [Listener at 127.0.0.1/33953] INFO  ha.SCMNodeInfo (SCMNodeInfo.java:getPort(197)) - ConfigKey ozone.scm.client.address is deprecated, For configuring different ports for each SCM use PortConfigKey ozone.scm.client.port appended with serviceId and nodeId
2022-02-17 10:48:13,861 [Listener at 127.0.0.1/33953] INFO  ha.SCMNodeInfo (SCMNodeInfo.java:getPort(197)) - ConfigKey ozone.scm.block.client.address is deprecated, For configuring different ports for each SCM use PortConfigKey ozone.scm.block.client.port appended with serviceId and nodeId
2022-02-17 10:48:13,861 [Listener at 127.0.0.1/33953] INFO  ha.SCMNodeInfo (SCMNodeInfo.java:getPort(197)) - ConfigKey ozone.scm.datanode.address is deprecated, For configuring different ports for each SCM use PortConfigKey ozone.scm.datanode.port appended with serviceId and nodeId
2022-02-17 10:48:13,861 [Listener at 127.0.0.1/33953] INFO  ha.SCMNodeInfo (SCMNodeInfo.java:getPort(197)) - ConfigKey ozone.scm.client.address is deprecated, For configuring different ports for each SCM use PortConfigKey ozone.scm.client.port appended with serviceId and nodeId
2022-02-17 10:48:13,861 [Listener at 127.0.0.1/33953] INFO  ha.SCMNodeInfo (SCMNodeInfo.java:getPort(197)) - ConfigKey ozone.scm.block.client.address is deprecated, For configuring different ports for each SCM use PortConfigKey ozone.scm.block.client.port appended with serviceId and nodeId
2022-02-17 10:48:13,862 [Listener at 127.0.0.1/33953] INFO  ha.SCMNodeInfo (SCMNodeInfo.java:getPort(197)) - ConfigKey ozone.scm.datanode.address is deprecated, For configuring different ports for each SCM use PortConfigKey ozone.scm.datanode.port appended with serviceId and nodeId
2022-02-17 10:48:13,862 [Listener at 127.0.0.1/33953] INFO  ha.SCMNodeInfo (SCMNodeInfo.java:getPort(197)) - ConfigKey ozone.scm.client.address is deprecated, For configuring different ports for each SCM use PortConfigKey ozone.scm.client.port appended with serviceId and nodeId
2022-02-17 10:48:13,862 [Listener at 127.0.0.1/33953] INFO  ha.SCMNodeInfo (SCMNodeInfo.java:getPort(197)) - ConfigKey ozone.scm.block.client.address is deprecated, For configuring different ports for each SCM use PortConfigKey ozone.scm.block.client.port appended with serviceId and nodeId
2022-02-17 10:48:13,862 [Listener at 127.0.0.1/33953] INFO  ha.SCMNodeInfo (SCMNodeInfo.java:getPort(197)) - ConfigKey ozone.scm.datanode.address is deprecated, For configuring different ports for each SCM use PortConfigKey ozone.scm.datanode.port appended with serviceId and nodeId
2022-02-17 10:48:13,864 [org.apache.ratis.util.JvmPauseMonitor$$Lambda$503/2086945474@267a3722] INFO  util.JvmPauseMonitor (JvmPauseMonitor.java:run(103)) - JvmPauseMonitor-4400b75d-245b-43c7-a398-1881376b84db: Started
2022-02-17 10:48:13,873 [IPC Server handler 7 on default port 36645] INFO  ha.SCMRatisServerImpl (SCMRatisServerImpl.java:addSCM(292)) - e1200b4d-f169-45a2-b87f-8a7ea851d305: Submitting SetConfiguration request to Ratis server with new SCM peers list: [01f34702-14f0-4566-9f1c-66e15822e926|rpc:localhost:43373|priority:0, e1200b4d-f169-45a2-b87f-8a7ea851d305|rpc:localhost:34705|admin:|client:|dataStream:|priority:0, 4400b75d-245b-43c7-a398-1881376b84db|rpc:localhost:33733|priority:0]
2022-02-17 10:48:13,873 [IPC Server handler 7 on default port 36645] INFO  server.RaftServer$Division (RaftServerImpl.java:setConfigurationAsync(974)) - e1200b4d-f169-45a2-b87f-8a7ea851d305@group-C00B8CBA638F: receive setConfiguration SetConfigurationRequest:client-D6750D653F49->e1200b4d-f169-45a2-b87f-8a7ea851d305@group-C00B8CBA638F, cid=10, seq=0, RW, null, peers:[01f34702-14f0-4566-9f1c-66e15822e926|rpc:localhost:43373|priority:0, e1200b4d-f169-45a2-b87f-8a7ea851d305|rpc:localhost:34705|admin:|client:|dataStream:|priority:0, 4400b75d-245b-43c7-a398-1881376b84db|rpc:localhost:33733|priority:0]
2022-02-17 10:48:13,873 [IPC Server handler 7 on default port 36645] INFO  server.RaftServer$Division (LeaderStateImpl.java:startSetConfiguration(358)) - e1200b4d-f169-45a2-b87f-8a7ea851d305@group-C00B8CBA638F-LeaderStateImpl: startSetConfiguration SetConfigurationRequest:client-D6750D653F49->e1200b4d-f169-45a2-b87f-8a7ea851d305@group-C00B8CBA638F, cid=10, seq=0, RW, null, peers:[01f34702-14f0-4566-9f1c-66e15822e926|rpc:localhost:43373|priority:0, e1200b4d-f169-45a2-b87f-8a7ea851d305|rpc:localhost:34705|admin:|client:|dataStream:|priority:0, 4400b75d-245b-43c7-a398-1881376b84db|rpc:localhost:33733|priority:0]
2022-02-17 10:48:13,873 [IPC Server handler 7 on default port 36645] INFO  server.RaftServerConfigKeys (ConfUtils.java:logGet(44)) - raft.server.log.appender.snapshot.chunk.size.max = 16MB (=16777216) (default)
2022-02-17 10:48:13,873 [IPC Server handler 7 on default port 36645] INFO  server.RaftServerConfigKeys (ConfUtils.java:logGet(44)) - raft.server.log.appender.buffer.byte-limit = 33554432 (custom)
2022-02-17 10:48:13,873 [IPC Server handler 7 on default port 36645] INFO  server.RaftServerConfigKeys (ConfUtils.java:logGet(44)) - raft.server.log.appender.buffer.element-limit = 1024 (custom)
2022-02-17 10:48:13,878 [IPC Server handler 7 on default port 36645] INFO  grpc.GrpcConfigKeys (ConfUtils.java:logGet(44)) - raft.grpc.server.leader.outstanding.appends.max = 128 (default)
2022-02-17 10:48:13,878 [IPC Server handler 7 on default port 36645] INFO  server.RaftServerConfigKeys (ConfUtils.java:logGet(44)) - raft.server.rpc.request.timeout = 30000ms (custom)
2022-02-17 10:48:13,878 [IPC Server handler 7 on default port 36645] INFO  server.RaftServerConfigKeys (ConfUtils.java:logGet(44)) - raft.server.log.appender.install.snapshot.enabled = false (custom)
2022-02-17 10:48:13,893 [e1200b4d-f169-45a2-b87f-8a7ea851d305@group-C00B8CBA638F->4400b75d-245b-43c7-a398-1881376b84db-GrpcLogAppender-LogAppenderDaemon] INFO  server.GrpcLogAppender (GrpcLogAppender.java:installSnapshot(550)) - e1200b4d-f169-45a2-b87f-8a7ea851d305@group-C00B8CBA638F->4400b75d-245b-43c7-a398-1881376b84db-GrpcLogAppender: followerNextIndex = 0 but logStartIndex = 1, notify follower to install snapshot-(t:2, i:24)
2022-02-17 10:48:13,893 [e1200b4d-f169-45a2-b87f-8a7ea851d305@group-C00B8CBA638F->4400b75d-245b-43c7-a398-1881376b84db-GrpcLogAppender-LogAppenderDaemon] INFO  server.GrpcLogAppender (GrpcLogAppender.java:installSnapshot(558)) - e1200b4d-f169-45a2-b87f-8a7ea851d305@group-C00B8CBA638F->4400b75d-245b-43c7-a398-1881376b84db-GrpcLogAppender: send e1200b4d-f169-45a2-b87f-8a7ea851d305->4400b75d-245b-43c7-a398-1881376b84db#0-t2,notify:(t:2, i:24)
2022-02-17 10:48:13,901 [grpc-default-executor-2] INFO  server.RaftServer$Division (RaftServerImpl.java:installSnapshot(1332)) - 4400b75d-245b-43c7-a398-1881376b84db@group-C00B8CBA638F: receive installSnapshot: e1200b4d-f169-45a2-b87f-8a7ea851d305->4400b75d-245b-43c7-a398-1881376b84db#0-t2,notify:(t:2, i:24)
2022-02-17 10:48:13,903 [grpc-default-executor-2] INFO  ha.SCMStateMachine (SCMStateMachine.java:notifyLeaderChanged(255)) - leader changed, yet current SCM is still follower.
2022-02-17 10:48:13,903 [grpc-default-executor-2] INFO  server.RaftServer$Division (ServerState.java:setLeader(285)) - 4400b75d-245b-43c7-a398-1881376b84db@group-C00B8CBA638F: change Leader from null to e1200b4d-f169-45a2-b87f-8a7ea851d305 at term 2 for installSnapshot, leader elected after 14583ms
2022-02-17 10:48:13,903 [grpc-default-executor-2] INFO  server.RaftServer$Division (RaftServerImpl.java:notifyStateMachineToInstallSnapshot(1551)) - 4400b75d-245b-43c7-a398-1881376b84db@group-C00B8CBA638F: Received notification to install snapshot at index 24
2022-02-17 10:48:13,903 [grpc-default-executor-2] INFO  server.RaftServer$Division (RaftServerImpl.java:notifyStateMachineToInstallSnapshot(1582)) - 4400b75d-245b-43c7-a398-1881376b84db@group-C00B8CBA638F: notifyInstallSnapshot: nextIndex is 0 but the leader's first available index is 24.
2022-02-17 10:48:13,903 [grpc-default-executor-2] INFO  ha.SCMStateMachine (SCMStateMachine.java:notifyInstallSnapshotFromLeader(219)) - Received install snapshot notification from SCM leader: localhost:34705 with term index: (t:2, i:24)
2022-02-17 10:48:13,906 [pool-264-thread-1] INFO  ha.SCMHAManagerImpl (SCMHAManagerImpl.java:getDBCheckpointFromLeader(207)) - Downloading checkpoint from leader SCM scmNode-1 and reloading state from the checkpoint.
2022-02-17 10:48:13,928 [grpc-default-executor-1] INFO  ha.SCMDBCheckpointProvider (SCMDBCheckpointProvider.java:writeDBCheckPointToSream(48)) - Received request to obtain SCM DB checkpoint snapshot
2022-02-17 10:48:13,940 [grpc-default-executor-1] INFO  db.RDBCheckpointManager (RDBCheckpointManager.java:createCheckpoint(86)) - Created checkpoint at /home/runner/work/ozone/ozone/hadoop-ozone/integration-test/target/test-dir/MiniOzoneClusterImpl-314b2a1d-9ab5-4841-b3ea-c00b8cba638f/scmNode-1/db.checkpoints/scm.db_checkpoint_1645094893928 in 12 milliseconds
2022-02-17 10:48:13,955 [grpc-default-executor-1] INFO  ha.SCMGrpcOutputStream (SCMGrpcOutputStream.java:close(111)) - Sent 5800 bytes for cluster 314b2a1d-9ab5-4841-b3ea-c00b8cba638f
2022-02-17 10:48:13,955 [grpc-default-executor-0] INFO  ha.InterSCMGrpcClient (InterSCMGrpcClient.java:onCompleted(173)) - Checkpoint is downloaded to /home/runner/work/ozone/ozone/hadoop-ozone/integration-test/target/test-dir/MiniOzoneClusterImpl-314b2a1d-9ab5-4841-b3ea-c00b8cba638f/scmNode-3/snapshot/scm.db-scmNode-1-1645094893906.tar.gz
2022-02-17 10:48:13,973 [grpc-default-executor-1] INFO  ha.SCMDBCheckpointProvider (SCMDBCheckpointProvider.java:writeDBCheckPointToSream(73)) - Time taken to write the checkpoint to response output stream: 33 milliseconds
2022-02-17 10:48:13,973 [grpc-default-executor-1] INFO  db.RocksDBCheckpoint (RocksDBCheckpoint.java:cleanupCheckpoint(78)) - Cleaning up RocksDB checkpoint at /home/runner/work/ozone/ozone/hadoop-ozone/integration-test/target/test-dir/MiniOzoneClusterImpl-314b2a1d-9ab5-4841-b3ea-c00b8cba638f/scmNode-1/db.checkpoints/scm.db_checkpoint_1645094893928
2022-02-17 10:48:13,980 [pool-264-thread-1] INFO  ha.SCMSnapshotProvider (SCMSnapshotProvider.java:getSCMDBSnapshot(131)) - Successfully downloaded latest checkpoint from leader SCM: scmNode-1 path /home/runner/work/ozone/ozone/hadoop-ozone/integration-test/target/test-dir/MiniOzoneClusterImpl-314b2a1d-9ab5-4841-b3ea-c00b8cba638f/scmNode-3/snapshot/scm.db-scmNode-1-1645094893906
2022-02-17 10:48:13,980 [pool-264-thread-1] INFO  ha.SCMHAManagerImpl (SCMHAManagerImpl.java:downloadCheckpointFromLeader(159)) - Downloaded checkpoint from Leader scmNode-1 to the location /home/runner/work/ozone/ozone/hadoop-ozone/integration-test/target/test-dir/MiniOzoneClusterImpl-314b2a1d-9ab5-4841-b3ea-c00b8cba638f/scmNode-3/snapshot/scm.db-scmNode-1-1645094893906
2022-02-17 10:48:14,024 [EndpointStateMachine task thread for /127.0.0.1:41937 - 0 ] INFO  ipc.Client (Client.java:handleConnectionFailure(977)) - Retrying connect to server: localhost/127.0.0.1:41937. Already tried 8 time(s); retry policy is RetryUpToMaximumCountWithFixedSleep(maxRetries=15, sleepTime=1000 MILLISECONDS)
2022-02-17 10:48:14,025 [EndpointStateMachine task thread for /127.0.0.1:41349 - 0 ] INFO  ipc.Client (Client.java:handleConnectionFailure(977)) - Retrying connect to server: localhost/127.0.0.1:41349. Already tried 8 time(s); retry policy is RetryUpToMaximumCountWithFixedSleep(maxRetries=15, sleepTime=1000 MILLISECONDS)
2022-02-17 10:48:14,032 [EndpointStateMachine task thread for /127.0.0.1:46679 - 0 ] INFO  ipc.Client (Client.java:handleConnectionFailure(977)) - Retrying connect to server: localhost/127.0.0.1:46679. Already tried 8 time(s); retry policy is RetryUpToMaximumCountWithFixedSleep(maxRetries=15, sleepTime=1000 MILLISECONDS)
2022-02-17 10:48:14,042 [pool-264-thread-1] INFO  ha.SCMHAManagerImpl (SCMHAManagerImpl.java:verifyCheckpointFromLeader(173)) - Installing checkpoint with SCMTransactionInfo 2#24
2022-02-17 10:48:14,042 [pool-264-thread-1] INFO  server.RaftServer$Division (RaftServerImpl.java:lambda$notifyStateMachineToInstallSnapshot$30(1595)) - 4400b75d-245b-43c7-a398-1881376b84db@group-C00B8CBA638F: StateMachine successfully installed snapshot index 24. Reloading the StateMachine.
2022-02-17 10:48:14,042 [pool-264-thread-1] INFO  segmented.SegmentedRaftLogWorker (SegmentedRaftLogWorker.java:lambda$new$0(133)) - 4400b75d-245b-43c7-a398-1881376b84db@group-C00B8CBA638F-SegmentedRaftLogWorker: flushIndex: setUnconditionally -1 -> 24
2022-02-17 10:48:14,042 [pool-264-thread-1] INFO  segmented.SegmentedRaftLogWorker (SegmentedRaftLogWorker.java:lambda$new$0(133)) - 4400b75d-245b-43c7-a398-1881376b84db@group-C00B8CBA638F-SegmentedRaftLogWorker: safeCacheEvictIndex: setUnconditionally -1 -> 24
2022-02-17 10:48:14,042 [pool-264-thread-1] INFO  raftlog.RaftLog (RaftLogBase.java:lambda$new$0(53)) - 4400b75d-245b-43c7-a398-1881376b84db@group-C00B8CBA638F-SegmentedRaftLog: snapshotIndex: updateIncreasingly -1 -> 24
2022-02-17 10:48:14,047 [grpc-default-executor-2] INFO  server.RaftServer$Division (RaftServerImpl.java:notifyStateMachineToInstallSnapshot(1638)) - 4400b75d-245b-43c7-a398-1881376b84db@group-C00B8CBA638F: InstallSnapshot notification result: SNAPSHOT_INSTALLED, at index: 24
2022-02-17 10:48:14,048 [grpc-default-executor-2] INFO  server.RaftServer$Division (RaftServerImpl.java:installSnapshotImpl(1462)) - 4400b75d-245b-43c7-a398-1881376b84db@group-C00B8CBA638F: set new configuration index: 5
configurationEntry {
  peers {
    id: "01f34702-14f0-4566-9f1c-66e15822e926"
    address: "localhost:43373"
  }
  peers {
    id: "e1200b4d-f169-45a2-b87f-8a7ea851d305"
    address: "localhost:34705"
  }
}
 from snapshot
2022-02-17 10:48:14,048 [grpc-default-executor-2] INFO  server.RaftServer$Division (ServerState.java:setRaftConf(387)) - 4400b75d-245b-43c7-a398-1881376b84db@group-C00B8CBA638F: set configuration 5: [01f34702-14f0-4566-9f1c-66e15822e926|rpc:localhost:43373|admin:|client:|dataStream:|priority:0, e1200b4d-f169-45a2-b87f-8a7ea851d305|rpc:localhost:34705|admin:|client:|dataStream:|priority:0], old=null
2022-02-17 10:48:14,048 [grpc-default-executor-2] INFO  server.RaftServer$Division (RaftServerImpl.java:installSnapshot(1343)) - 4400b75d-245b-43c7-a398-1881376b84db@group-C00B8CBA638F: reply installSnapshot: e1200b4d-f169-45a2-b87f-8a7ea851d305<-4400b75d-245b-43c7-a398-1881376b84db#0:FAIL-t0,SNAPSHOT_INSTALLED,snapshotIndex=24
2022-02-17 10:48:14,048 [grpc-default-executor-2] INFO  server.GrpcServerProtocolService (GrpcServerProtocolService.java:onCompleted(140)) - 4400b75d-245b-43c7-a398-1881376b84db: Completed INSTALL_SNAPSHOT, lastRequest: e1200b4d-f169-45a2-b87f-8a7ea851d305->4400b75d-245b-43c7-a398-1881376b84db#0-t2,notify:(t:2, i:24)
2022-02-17 10:48:14,051 [grpc-default-executor-2] INFO  server.GrpcLogAppender (GrpcLogAppender.java:onNext(410)) - e1200b4d-f169-45a2-b87f-8a7ea851d305@group-C00B8CBA638F->4400b75d-245b-43c7-a398-1881376b84db-InstallSnapshotResponseHandler: received the first reply e1200b4d-f169-45a2-b87f-8a7ea851d305<-4400b75d-245b-43c7-a398-1881376b84db#0:FAIL-t0,SNAPSHOT_INSTALLED,snapshotIndex=24
2022-02-17 10:48:14,051 [grpc-default-executor-2] INFO  server.GrpcLogAppender (GrpcLogAppender.java:onNext(450)) - e1200b4d-f169-45a2-b87f-8a7ea851d305@group-C00B8CBA638F->4400b75d-245b-43c7-a398-1881376b84db-InstallSnapshotResponseHandler: Follower installed snapshot at index 24
2022-02-17 10:48:14,051 [grpc-default-executor-2] INFO  leader.FollowerInfo (FollowerInfoImpl.java:lambda$new$0(47)) - e1200b4d-f169-45a2-b87f-8a7ea851d305@group-C00B8CBA638F->4400b75d-245b-43c7-a398-1881376b84db: snapshotIndex: setUnconditionally 0 -> 24
2022-02-17 10:48:14,051 [grpc-default-executor-2] INFO  leader.FollowerInfo (FollowerInfoImpl.java:lambda$new$0(47)) - e1200b4d-f169-45a2-b87f-8a7ea851d305@group-C00B8CBA638F->4400b75d-245b-43c7-a398-1881376b84db: matchIndex: setUnconditionally 0 -> 24
2022-02-17 10:48:14,051 [grpc-default-executor-2] INFO  leader.FollowerInfo (FollowerInfoImpl.java:lambda$new$0(47)) - e1200b4d-f169-45a2-b87f-8a7ea851d305@group-C00B8CBA638F->4400b75d-245b-43c7-a398-1881376b84db: nextIndex: setUnconditionally 0 -> 25
2022-02-17 10:48:14,051 [grpc-default-executor-2] INFO  leader.FollowerInfo (FollowerInfoImpl.java:setAttemptedToInstallSnapshot(116)) - Follower e1200b4d-f169-45a2-b87f-8a7ea851d305@group-C00B8CBA638F->4400b75d-245b-43c7-a398-1881376b84db acknowledged installing snapshot
2022-02-17 10:48:14,051 [grpc-default-executor-2] INFO  leader.FollowerInfo (FollowerInfoImpl.java:lambda$new$0(47)) - e1200b4d-f169-45a2-b87f-8a7ea851d305@group-C00B8CBA638F->4400b75d-245b-43c7-a398-1881376b84db: nextIndex: updateToMax old=25, new=25, updated? false
2022-02-17 10:48:14,055 [grpc-default-executor-1] INFO  impl.RoleInfo (RoleInfo.java:updateAndGet(130)) - 4400b75d-245b-43c7-a398-1881376b84db: start 4400b75d-245b-43c7-a398-1881376b84db@group-C00B8CBA638F-FollowerState
2022-02-17 10:48:14,080 [0523a322-62fb-48ad-ac32-b14e75d36544@group-A45CCB0EA0AC-FollowerState] INFO  impl.FollowerState (FollowerState.java:run(134)) - 0523a322-62fb-48ad-ac32-b14e75d36544@group-A45CCB0EA0AC-FollowerState: change to CANDIDATE, lastRpcElapsedTime:5145291372ns, electionTimeout:5137ms
2022-02-17 10:48:14,080 [0523a322-62fb-48ad-ac32-b14e75d36544@group-A45CCB0EA0AC-FollowerState] INFO  impl.RoleInfo (RoleInfo.java:shutdownFollowerState(108)) - 0523a322-62fb-48ad-ac32-b14e75d36544: shutdown 0523a322-62fb-48ad-ac32-b14e75d36544@group-A45CCB0EA0AC-FollowerState
2022-02-17 10:48:14,080 [0523a322-62fb-48ad-ac32-b14e75d36544@group-A45CCB0EA0AC-FollowerState] INFO  server.RaftServer$Division (RaftServerImpl.java:setRole(290)) - 0523a322-62fb-48ad-ac32-b14e75d36544@group-A45CCB0EA0AC: changes role from  FOLLOWER to CANDIDATE at term 0 for changeToCandidate
2022-02-17 10:48:14,085 [0523a322-62fb-48ad-ac32-b14e75d36544@group-A45CCB0EA0AC-FollowerState] INFO  server.RaftServerConfigKeys (ConfUtils.java:logGet(44)) - raft.server.leaderelection.pre-vote = false (custom)
2022-02-17 10:48:14,085 [0523a322-62fb-48ad-ac32-b14e75d36544@group-A45CCB0EA0AC-FollowerState] INFO  impl.RoleInfo (RoleInfo.java:updateAndGet(130)) - 0523a322-62fb-48ad-ac32-b14e75d36544: start 0523a322-62fb-48ad-ac32-b14e75d36544@group-A45CCB0EA0AC-LeaderElection23
2022-02-17 10:48:14,104 [0523a322-62fb-48ad-ac32-b14e75d36544@group-A45CCB0EA0AC-LeaderElection23] INFO  impl.LeaderElection (LeaderElection.java:askForVotes(306)) - 0523a322-62fb-48ad-ac32-b14e75d36544@group-A45CCB0EA0AC-LeaderElection23 ELECTION round 0: submit vote requests at term 1 for -1: [0523a322-62fb-48ad-ac32-b14e75d36544|rpc:127.0.0.1:40599|priority:1], old=null
2022-02-17 10:48:14,105 [0523a322-62fb-48ad-ac32-b14e75d36544@group-A45CCB0EA0AC-LeaderElection23] INFO  impl.LeaderElection (LeaderElection.java:askForVotes(308)) - 0523a322-62fb-48ad-ac32-b14e75d36544@group-A45CCB0EA0AC-LeaderElection23 ELECTION round 0: result PASSED (term=1)
2022-02-17 10:48:14,105 [0523a322-62fb-48ad-ac32-b14e75d36544@group-A45CCB0EA0AC-LeaderElection23] INFO  impl.RoleInfo (RoleInfo.java:shutdownLeaderElection(121)) - 0523a322-62fb-48ad-ac32-b14e75d36544: shutdown 0523a322-62fb-48ad-ac32-b14e75d36544@group-A45CCB0EA0AC-LeaderElection23
2022-02-17 10:48:14,105 [0523a322-62fb-48ad-ac32-b14e75d36544@group-A45CCB0EA0AC-LeaderElection23] INFO  server.RaftServer$Division (RaftServerImpl.java:setRole(290)) - 0523a322-62fb-48ad-ac32-b14e75d36544@group-A45CCB0EA0AC: changes role from CANDIDATE to LEADER at term 1 for changeToLeader
2022-02-17 10:48:14,105 [0523a322-62fb-48ad-ac32-b14e75d36544@group-A45CCB0EA0AC-LeaderElection23] INFO  ratis.XceiverServerRatis (XceiverServerRatis.java:handleLeaderChangedNotification(867)) - Leader change notification received for group: group-A45CCB0EA0AC with new leaderId: 0523a322-62fb-48ad-ac32-b14e75d36544
2022-02-17 10:48:14,110 [0523a322-62fb-48ad-ac32-b14e75d36544@group-A45CCB0EA0AC-LeaderElection23] INFO  server.RaftServer$Division (ServerState.java:setLeader(285)) - 0523a322-62fb-48ad-ac32-b14e75d36544@group-A45CCB0EA0AC: change Leader from null to 0523a322-62fb-48ad-ac32-b14e75d36544 at term 1 for becomeLeader, leader elected after 5190ms
2022-02-17 10:48:14,111 [0523a322-62fb-48ad-ac32-b14e75d36544@group-A45CCB0EA0AC-LeaderElection23] INFO  server.RaftServerConfigKeys (ConfUtils.java:logGet(44)) - raft.server.staging.catchup.gap = 1000 (default)
2022-02-17 10:48:14,112 [0523a322-62fb-48ad-ac32-b14e75d36544@group-A45CCB0EA0AC-LeaderElection23] INFO  server.RaftServerConfigKeys (ConfUtils.java:logGet(44)) - raft.server.write.element-limit = 1024 (custom)
2022-02-17 10:48:14,112 [0523a322-62fb-48ad-ac32-b14e75d36544@group-A45CCB0EA0AC-LeaderElection23] INFO  server.RaftServerConfigKeys (ConfUtils.java:logGet(44)) - raft.server.write.byte-limit = 1024 M (=1073741824) (custom)
2022-02-17 10:48:14,112 [0523a322-62fb-48ad-ac32-b14e75d36544@group-A45CCB0EA0AC-LeaderElection23] INFO  server.RaftServerConfigKeys (ConfUtils.java:logGet(44)) - raft.server.watch.timeout = 180s (custom)
2022-02-17 10:48:14,112 [0523a322-62fb-48ad-ac32-b14e75d36544@group-A45CCB0EA0AC-LeaderElection23] INFO  server.RaftServerConfigKeys (ConfUtils.java:logGet(44)) - raft.server.watch.timeout.denomination = 1s (default)
2022-02-17 10:48:14,112 [0523a322-62fb-48ad-ac32-b14e75d36544@group-A45CCB0EA0AC-LeaderElection23] INFO  server.RaftServerConfigKeys (ConfUtils.java:logGet(44)) - raft.server.watch.element-limit = 65536 (default)
2022-02-17 10:48:14,112 [0523a322-62fb-48ad-ac32-b14e75d36544@group-A45CCB0EA0AC-LeaderElection23] INFO  server.RaftServerConfigKeys (ConfUtils.java:logGet(44)) - raft.server.write.element-limit = 1024 (custom)
2022-02-17 10:48:14,112 [0523a322-62fb-48ad-ac32-b14e75d36544@group-A45CCB0EA0AC-LeaderElection23] INFO  server.RaftServerConfigKeys (ConfUtils.java:logGet(44)) - raft.server.write.follower.gap.ratio.max = -1.0 (default)
2022-02-17 10:48:14,112 [0523a322-62fb-48ad-ac32-b14e75d36544@group-A45CCB0EA0AC-LeaderElection23] INFO  impl.RoleInfo (RoleInfo.java:updateAndGet(130)) - 0523a322-62fb-48ad-ac32-b14e75d36544: start 0523a322-62fb-48ad-ac32-b14e75d36544@group-A45CCB0EA0AC-LeaderStateImpl
2022-02-17 10:48:14,113 [0523a322-62fb-48ad-ac32-b14e75d36544@group-A45CCB0EA0AC-LeaderElection23] INFO  segmented.SegmentedRaftLogWorker (SegmentedRaftLogWorker.java:startLogSegment(394)) - 0523a322-62fb-48ad-ac32-b14e75d36544@group-A45CCB0EA0AC-SegmentedRaftLogWorker: Starting segment from index:0
2022-02-17 10:48:14,117 [0523a322-62fb-48ad-ac32-b14e75d36544@group-A45CCB0EA0AC-LeaderElection23] INFO  server.RaftServer$Division (ServerState.java:setRaftConf(387)) - 0523a322-62fb-48ad-ac32-b14e75d36544@group-A45CCB0EA0AC: set configuration 0: [0523a322-62fb-48ad-ac32-b14e75d36544|rpc:127.0.0.1:40599|dataStream:|priority:1], old=null
2022-02-17 10:48:14,119 [0523a322-62fb-48ad-ac32-b14e75d36544@group-A45CCB0EA0AC-SegmentedRaftLogWorker] INFO  segmented.SegmentedRaftLogWorker (SegmentedRaftLogWorker.java:execute(601)) - 0523a322-62fb-48ad-ac32-b14e75d36544@group-A45CCB0EA0AC-SegmentedRaftLogWorker: created new log segment /home/runner/work/ozone/ozone/hadoop-ozone/integration-test/target/test-dir/MiniOzoneClusterImpl-314b2a1d-9ab5-4841-b3ea-c00b8cba638f/datanode-2/data/ratis/dcad12fe-1299-4e91-9909-a45ccb0ea0ac/current/log_inprogress_0
2022-02-17 10:48:14,129 [4400b75d-245b-43c7-a398-1881376b84db@group-C00B8CBA638F-StateMachineUpdater] INFO  ha.SCMHAManagerImpl (SCMHAManagerImpl.java:installCheckpoint(228)) - Installing checkpoint with SCMTransactionInfo 2#24
2022-02-17 10:48:14,132 [4400b75d-245b-43c7-a398-1881376b84db@group-C00B8CBA638F-StateMachineUpdater] INFO  ha.SCMHAManagerImpl (SCMHAManagerImpl.java:installCheckpoint(267)) - Replaced DB with checkpoint, term: 2, index: 24
2022-02-17 10:48:14,132 [4400b75d-245b-43c7-a398-1881376b84db@group-C00B8CBA638F-StateMachineUpdater] WARN  utils.HAUtils (HAUtils.java:getMetaDir(342)) - ozone.scm.db.dirs is not configured. We recommend adding this setting. Falling back to ozone.metadata.dirs instead.
2022-02-17 10:48:14,133 [4400b75d-245b-43c7-a398-1881376b84db@group-C00B8CBA638F-StateMachineUpdater] WARN  db.DBStoreBuilder (DBStoreBuilder.java:applyDBDefinition(145)) - ozone.scm.db.dirs is not configured. We recommend adding this setting. Falling back to ozone.metadata.dirs instead.
2022-02-17 10:48:14,192 [4400b75d-245b-43c7-a398-1881376b84db@group-C00B8CBA638F-StateMachineUpdater] INFO  ha.SequenceIdGenerator (SequenceIdGenerator.java:reinitialize(166)) - reinitialize SequenceIdGenerator.
2022-02-17 10:48:14,193 [4400b75d-245b-43c7-a398-1881376b84db@group-C00B8CBA638F-StateMachineUpdater] INFO  ha.SCMHAManagerImpl (SCMHAManagerImpl.java:installCheckpoint(282)) - Reloaded SCM state with Term: 2 and Index: 24
2022-02-17 10:48:14,196 [4400b75d-245b-43c7-a398-1881376b84db@group-C00B8CBA638F-StateMachineUpdater] INFO  impl.StateMachineUpdater (StateMachineUpdater.java:lambda$new$0(89)) - 4400b75d-245b-43c7-a398-1881376b84db@group-C00B8CBA638F-StateMachineUpdater: snapshotIndex: setUnconditionally -1 -> 24
2022-02-17 10:48:14,196 [4400b75d-245b-43c7-a398-1881376b84db@group-C00B8CBA638F-StateMachineUpdater] INFO  impl.StateMachineUpdater (StateMachineUpdater.java:lambda$new$0(89)) - 4400b75d-245b-43c7-a398-1881376b84db@group-C00B8CBA638F-StateMachineUpdater: appliedIndex: setUnconditionally -1 -> 24
2022-02-17 10:48:14,665 [Datanode State Machine Daemon Thread] ERROR datanode.RunningDatanodeState (RunningDatanodeState.java:computeNextContainerState(199)) - Error in executing end point task.
java.util.concurrent.ExecutionException: java.util.concurrent.TimeoutException
	at java.util.concurrent.FutureTask.report(FutureTask.java:122)
	at java.util.concurrent.FutureTask.get(FutureTask.java:192)
	at org.apache.hadoop.ozone.container.common.states.datanode.RunningDatanodeState.computeNextContainerState(RunningDatanodeState.java:191)
	at org.apache.hadoop.ozone.container.common.states.datanode.RunningDatanodeState.await(RunningDatanodeState.java:231)
	at org.apache.hadoop.ozone.container.common.states.datanode.RunningDatanodeState.await(RunningDatanodeState.java:50)
	at org.apache.hadoop.ozone.container.common.statemachine.StateContext.execute(StateContext.java:633)
	at org.apache.hadoop.ozone.container.common.statemachine.DatanodeStateMachine.start(DatanodeStateMachine.java:283)
	at org.apache.hadoop.ozone.container.common.statemachine.DatanodeStateMachine.lambda$startDaemon$0(DatanodeStateMachine.java:471)
	at java.lang.Thread.run(Thread.java:750)
Caused by: java.util.concurrent.TimeoutException
	at java.util.concurrent.FutureTask.get(FutureTask.java:205)
	at org.apache.hadoop.ozone.container.common.states.datanode.RunningDatanodeState.lambda$execute$0(RunningDatanodeState.java:149)
	at java.util.concurrent.FutureTask.run(FutureTask.java:266)
	at java.util.concurrent.Executors$RunnableAdapter.call(Executors.java:511)
	at java.util.concurrent.FutureTask.run(FutureTask.java:266)
	at java.util.concurrent.ThreadPoolExecutor.runWorker(ThreadPoolExecutor.java:1149)
	at java.util.concurrent.ThreadPoolExecutor$Worker.run(ThreadPoolExecutor.java:624)
	... 1 more
2022-02-17 10:48:15,026 [EndpointStateMachine task thread for /127.0.0.1:41349 - 0 ] INFO  ipc.Client (Client.java:handleConnectionFailure(977)) - Retrying connect to server: localhost/127.0.0.1:41349. Already tried 9 time(s); retry policy is RetryUpToMaximumCountWithFixedSleep(maxRetries=15, sleepTime=1000 MILLISECONDS)
2022-02-17 10:48:15,032 [EndpointStateMachine task thread for /127.0.0.1:41937 - 0 ] INFO  ipc.Client (Client.java:handleConnectionFailure(977)) - Retrying connect to server: localhost/127.0.0.1:41937. Already tried 9 time(s); retry policy is RetryUpToMaximumCountWithFixedSleep(maxRetries=15, sleepTime=1000 MILLISECONDS)
2022-02-17 10:48:15,033 [EndpointStateMachine task thread for /127.0.0.1:46679 - 0 ] INFO  ipc.Client (Client.java:handleConnectionFailure(977)) - Retrying connect to server: localhost/127.0.0.1:46679. Already tried 9 time(s); retry policy is RetryUpToMaximumCountWithFixedSleep(maxRetries=15, sleepTime=1000 MILLISECONDS)
2022-02-17 10:48:15,088 [Datanode State Machine Daemon Thread] ERROR datanode.RunningDatanodeState (RunningDatanodeState.java:computeNextContainerState(199)) - Error in executing end point task.
java.util.concurrent.ExecutionException: java.util.concurrent.TimeoutException
	at java.util.concurrent.FutureTask.report(FutureTask.java:122)
	at java.util.concurrent.FutureTask.get(FutureTask.java:192)
	at org.apache.hadoop.ozone.container.common.states.datanode.RunningDatanodeState.computeNextContainerState(RunningDatanodeState.java:191)
	at org.apache.hadoop.ozone.container.common.states.datanode.RunningDatanodeState.await(RunningDatanodeState.java:231)
	at org.apache.hadoop.ozone.container.common.states.datanode.RunningDatanodeState.await(RunningDatanodeState.java:50)
	at org.apache.hadoop.ozone.container.common.statemachine.StateContext.execute(StateContext.java:633)
	at org.apache.hadoop.ozone.container.common.statemachine.DatanodeStateMachine.start(DatanodeStateMachine.java:283)
	at org.apache.hadoop.ozone.container.common.statemachine.DatanodeStateMachine.lambda$startDaemon$0(DatanodeStateMachine.java:471)
	at java.lang.Thread.run(Thread.java:750)
Caused by: java.util.concurrent.TimeoutException
	at java.util.concurrent.FutureTask.get(FutureTask.java:205)
	at org.apache.hadoop.ozone.container.common.states.datanode.RunningDatanodeState.lambda$execute$0(RunningDatanodeState.java:149)
	at java.util.concurrent.FutureTask.run(FutureTask.java:266)
	at java.util.concurrent.Executors$RunnableAdapter.call(Executors.java:511)
	at java.util.concurrent.FutureTask.run(FutureTask.java:266)
	at java.util.concurrent.ThreadPoolExecutor.runWorker(ThreadPoolExecutor.java:1149)
	at java.util.concurrent.ThreadPoolExecutor$Worker.run(ThreadPoolExecutor.java:624)
	... 1 more
2022-02-17 10:48:16,026 [EndpointStateMachine task thread for /127.0.0.1:41349 - 0 ] INFO  ipc.Client (Client.java:handleConnectionFailure(977)) - Retrying connect to server: localhost/127.0.0.1:41349. Already tried 10 time(s); retry policy is RetryUpToMaximumCountWithFixedSleep(maxRetries=15, sleepTime=1000 MILLISECONDS)
2022-02-17 10:48:16,033 [EndpointStateMachine task thread for /127.0.0.1:41937 - 0 ] INFO  ipc.Client (Client.java:handleConnectionFailure(977)) - Retrying connect to server: localhost/127.0.0.1:41937. Already tried 10 time(s); retry policy is RetryUpToMaximumCountWithFixedSleep(maxRetries=15, sleepTime=1000 MILLISECONDS)
2022-02-17 10:48:16,033 [EndpointStateMachine task thread for /127.0.0.1:46679 - 0 ] INFO  ipc.Client (Client.java:handleConnectionFailure(977)) - Retrying connect to server: localhost/127.0.0.1:46679. Already tried 10 time(s); retry policy is RetryUpToMaximumCountWithFixedSleep(maxRetries=15, sleepTime=1000 MILLISECONDS)
2022-02-17 10:48:17,027 [EndpointStateMachine task thread for /127.0.0.1:41349 - 0 ] INFO  ipc.Client (Client.java:handleConnectionFailure(977)) - Retrying connect to server: localhost/127.0.0.1:41349. Already tried 11 time(s); retry policy is RetryUpToMaximumCountWithFixedSleep(maxRetries=15, sleepTime=1000 MILLISECONDS)
2022-02-17 10:48:17,033 [EndpointStateMachine task thread for /127.0.0.1:41937 - 0 ] INFO  ipc.Client (Client.java:handleConnectionFailure(977)) - Retrying connect to server: localhost/127.0.0.1:41937. Already tried 11 time(s); retry policy is RetryUpToMaximumCountWithFixedSleep(maxRetries=15, sleepTime=1000 MILLISECONDS)
2022-02-17 10:48:17,034 [EndpointStateMachine task thread for /127.0.0.1:46679 - 0 ] INFO  ipc.Client (Client.java:handleConnectionFailure(977)) - Retrying connect to server: localhost/127.0.0.1:46679. Already tried 11 time(s); retry policy is RetryUpToMaximumCountWithFixedSleep(maxRetries=15, sleepTime=1000 MILLISECONDS)
2022-02-17 10:48:17,091 [Datanode State Machine Daemon Thread] ERROR datanode.RunningDatanodeState (RunningDatanodeState.java:computeNextContainerState(199)) - Error in executing end point task.
java.util.concurrent.ExecutionException: java.util.concurrent.TimeoutException
	at java.util.concurrent.FutureTask.report(FutureTask.java:122)
	at java.util.concurrent.FutureTask.get(FutureTask.java:192)
	at org.apache.hadoop.ozone.container.common.states.datanode.RunningDatanodeState.computeNextContainerState(RunningDatanodeState.java:191)
	at org.apache.hadoop.ozone.container.common.states.datanode.RunningDatanodeState.await(RunningDatanodeState.java:231)
	at org.apache.hadoop.ozone.container.common.states.datanode.RunningDatanodeState.await(RunningDatanodeState.java:50)
	at org.apache.hadoop.ozone.container.common.statemachine.StateContext.execute(StateContext.java:633)
	at org.apache.hadoop.ozone.container.common.statemachine.DatanodeStateMachine.start(DatanodeStateMachine.java:283)
	at org.apache.hadoop.ozone.container.common.statemachine.DatanodeStateMachine.lambda$startDaemon$0(DatanodeStateMachine.java:471)
	at java.lang.Thread.run(Thread.java:750)
Caused by: java.util.concurrent.TimeoutException
	at java.util.concurrent.FutureTask.get(FutureTask.java:205)
	at org.apache.hadoop.ozone.container.common.states.datanode.RunningDatanodeState.lambda$execute$0(RunningDatanodeState.java:149)
	at java.util.concurrent.FutureTask.run(FutureTask.java:266)
	at java.util.concurrent.Executors$RunnableAdapter.call(Executors.java:511)
	at java.util.concurrent.FutureTask.run(FutureTask.java:266)
	at java.util.concurrent.ThreadPoolExecutor.runWorker(ThreadPoolExecutor.java:1149)
	at java.util.concurrent.ThreadPoolExecutor$Worker.run(ThreadPoolExecutor.java:624)
	... 1 more
2022-02-17 10:48:18,027 [EndpointStateMachine task thread for /127.0.0.1:41349 - 0 ] INFO  ipc.Client (Client.java:handleConnectionFailure(977)) - Retrying connect to server: localhost/127.0.0.1:41349. Already tried 12 time(s); retry policy is RetryUpToMaximumCountWithFixedSleep(maxRetries=15, sleepTime=1000 MILLISECONDS)
2022-02-17 10:48:18,034 [EndpointStateMachine task thread for /127.0.0.1:41937 - 0 ] INFO  ipc.Client (Client.java:handleConnectionFailure(977)) - Retrying connect to server: localhost/127.0.0.1:41937. Already tried 12 time(s); retry policy is RetryUpToMaximumCountWithFixedSleep(maxRetries=15, sleepTime=1000 MILLISECONDS)
2022-02-17 10:48:18,034 [EndpointStateMachine task thread for /127.0.0.1:46679 - 0 ] INFO  ipc.Client (Client.java:handleConnectionFailure(977)) - Retrying connect to server: localhost/127.0.0.1:46679. Already tried 12 time(s); retry policy is RetryUpToMaximumCountWithFixedSleep(maxRetries=15, sleepTime=1000 MILLISECONDS)
2022-02-17 10:48:18,367 [e1200b4d-f169-45a2-b87f-8a7ea851d305@group-C00B8CBA638F-LeaderStateImpl] INFO  server.RaftServer$Division (ServerState.java:setRaftConf(387)) - e1200b4d-f169-45a2-b87f-8a7ea851d305@group-C00B8CBA638F: set configuration 25: [01f34702-14f0-4566-9f1c-66e15822e926|rpc:localhost:43373|priority:0, 4400b75d-245b-43c7-a398-1881376b84db|rpc:localhost:33733|priority:0, e1200b4d-f169-45a2-b87f-8a7ea851d305|rpc:localhost:34705|admin:|client:|dataStream:|priority:0], old=[01f34702-14f0-4566-9f1c-66e15822e926|rpc:localhost:43373|priority:0, e1200b4d-f169-45a2-b87f-8a7ea851d305|rpc:localhost:34705|admin:|client:|dataStream:|priority:0]
2022-02-17 10:48:18,371 [grpc-default-executor-1] INFO  server.RaftServer$Division (ServerState.java:setRaftConf(387)) - 4400b75d-245b-43c7-a398-1881376b84db@group-C00B8CBA638F: set configuration 25: [01f34702-14f0-4566-9f1c-66e15822e926|rpc:localhost:43373|admin:|client:|dataStream:|priority:0, 4400b75d-245b-43c7-a398-1881376b84db|rpc:localhost:33733|admin:|client:|dataStream:|priority:0, e1200b4d-f169-45a2-b87f-8a7ea851d305|rpc:localhost:34705|admin:|client:|dataStream:|priority:0], old=[01f34702-14f0-4566-9f1c-66e15822e926|rpc:localhost:43373|admin:|client:|dataStream:|priority:0, e1200b4d-f169-45a2-b87f-8a7ea851d305|rpc:localhost:34705|admin:|client:|dataStream:|priority:0]
2022-02-17 10:48:18,371 [grpc-default-executor-1] INFO  segmented.SegmentedRaftLogWorker (SegmentedRaftLogWorker.java:startLogSegment(394)) - 4400b75d-245b-43c7-a398-1881376b84db@group-C00B8CBA638F-SegmentedRaftLogWorker: Starting segment from index:25
2022-02-17 10:48:18,382 [grpc-default-executor-1] INFO  server.RaftServer$Division (ServerState.java:setRaftConf(387)) - 01f34702-14f0-4566-9f1c-66e15822e926@group-C00B8CBA638F: set configuration 25: [01f34702-14f0-4566-9f1c-66e15822e926|rpc:localhost:43373|admin:|client:|dataStream:|priority:0, 4400b75d-245b-43c7-a398-1881376b84db|rpc:localhost:33733|admin:|client:|dataStream:|priority:0, e1200b4d-f169-45a2-b87f-8a7ea851d305|rpc:localhost:34705|admin:|client:|dataStream:|priority:0], old=[01f34702-14f0-4566-9f1c-66e15822e926|rpc:localhost:43373|admin:|client:|dataStream:|priority:0, e1200b4d-f169-45a2-b87f-8a7ea851d305|rpc:localhost:34705|admin:|client:|dataStream:|priority:0]
2022-02-17 10:48:18,397 [4400b75d-245b-43c7-a398-1881376b84db@group-C00B8CBA638F-SegmentedRaftLogWorker] INFO  segmented.SegmentedRaftLogWorker (SegmentedRaftLogWorker.java:execute(601)) - 4400b75d-245b-43c7-a398-1881376b84db@group-C00B8CBA638F-SegmentedRaftLogWorker: created new log segment /home/runner/work/ozone/ozone/hadoop-ozone/integration-test/target/test-dir/MiniOzoneClusterImpl-314b2a1d-9ab5-4841-b3ea-c00b8cba638f/scmNode-3/scm-ha/314b2a1d-9ab5-4841-b3ea-c00b8cba638f/current/log_inprogress_25
2022-02-17 10:48:18,400 [e1200b4d-f169-45a2-b87f-8a7ea851d305@group-C00B8CBA638F-StateMachineUpdater] INFO  ha.SCMStateMachine (SCMStateMachine.java:takeSnapshot(297)) - Current Snapshot Index 25, takeSnapshot took 0 ms
2022-02-17 10:48:18,400 [e1200b4d-f169-45a2-b87f-8a7ea851d305@group-C00B8CBA638F-StateMachineUpdater] INFO  impl.StateMachineUpdater (StateMachineUpdater.java:takeSnapshot(281)) - e1200b4d-f169-45a2-b87f-8a7ea851d305@group-C00B8CBA638F-StateMachineUpdater: Took a snapshot at index 25
2022-02-17 10:48:18,400 [e1200b4d-f169-45a2-b87f-8a7ea851d305@group-C00B8CBA638F-StateMachineUpdater] INFO  impl.StateMachineUpdater (StateMachineUpdater.java:lambda$new$0(89)) - e1200b4d-f169-45a2-b87f-8a7ea851d305@group-C00B8CBA638F-StateMachineUpdater: snapshotIndex: updateIncreasingly 20 -> 25
2022-02-17 10:48:18,400 [e1200b4d-f169-45a2-b87f-8a7ea851d305@group-C00B8CBA638F-StateMachineUpdater] INFO  raftlog.RaftLog (RaftLogBase.java:purge(306)) - e1200b4d-f169-45a2-b87f-8a7ea851d305@group-C00B8CBA638F-SegmentedRaftLog: purge 25
2022-02-17 10:48:18,400 [e1200b4d-f169-45a2-b87f-8a7ea851d305@group-C00B8CBA638F-StateMachineUpdater] INFO  raftlog.RaftLog (RaftLogBase.java:lambda$new$0(53)) - e1200b4d-f169-45a2-b87f-8a7ea851d305@group-C00B8CBA638F-SegmentedRaftLog: snapshotIndex: updateIncreasingly 20 -> 25
2022-02-17 10:48:18,400 [e1200b4d-f169-45a2-b87f-8a7ea851d305@group-C00B8CBA638F-StateMachineUpdater] INFO  raftlog.RaftLog (RaftLogBase.java:lambda$new$0(53)) - e1200b4d-f169-45a2-b87f-8a7ea851d305@group-C00B8CBA638F-SegmentedRaftLog: purgeIndex: updateToMax old=20, new=25, updated? true
2022-02-17 10:48:18,400 [e1200b4d-f169-45a2-b87f-8a7ea851d305@group-C00B8CBA638F-LeaderStateImpl] INFO  server.RaftServer$Division (ServerState.java:setRaftConf(387)) - e1200b4d-f169-45a2-b87f-8a7ea851d305@group-C00B8CBA638F: set configuration 27: [01f34702-14f0-4566-9f1c-66e15822e926|rpc:localhost:43373|priority:0, 4400b75d-245b-43c7-a398-1881376b84db|rpc:localhost:33733|priority:0, e1200b4d-f169-45a2-b87f-8a7ea851d305|rpc:localhost:34705|admin:|client:|dataStream:|priority:0], old=null
2022-02-17 10:48:18,402 [grpc-default-executor-2] INFO  server.RaftServer$Division (ServerState.java:setRaftConf(387)) - 01f34702-14f0-4566-9f1c-66e15822e926@group-C00B8CBA638F: set configuration 27: [01f34702-14f0-4566-9f1c-66e15822e926|rpc:localhost:43373|admin:|client:|dataStream:|priority:0, 4400b75d-245b-43c7-a398-1881376b84db|rpc:localhost:33733|admin:|client:|dataStream:|priority:0, e1200b4d-f169-45a2-b87f-8a7ea851d305|rpc:localhost:34705|admin:|client:|dataStream:|priority:0], old=null
2022-02-17 10:48:18,402 [grpc-default-executor-0] INFO  server.RaftServer$Division (ServerState.java:setRaftConf(387)) - 4400b75d-245b-43c7-a398-1881376b84db@group-C00B8CBA638F: set configuration 27: [01f34702-14f0-4566-9f1c-66e15822e926|rpc:localhost:43373|admin:|client:|dataStream:|priority:0, 4400b75d-245b-43c7-a398-1881376b84db|rpc:localhost:33733|admin:|client:|dataStream:|priority:0, e1200b4d-f169-45a2-b87f-8a7ea851d305|rpc:localhost:34705|admin:|client:|dataStream:|priority:0], old=null
2022-02-17 10:48:18,441 [3b6373f7-c408-47d6-bd58-f170bcabf6e4@group-1EE814415694-FollowerState] INFO  impl.FollowerState (FollowerState.java:run(134)) - 3b6373f7-c408-47d6-bd58-f170bcabf6e4@group-1EE814415694-FollowerState: change to CANDIDATE, lastRpcElapsedTime:5033551106ns, electionTimeout:5026ms
2022-02-17 10:48:18,441 [3b6373f7-c408-47d6-bd58-f170bcabf6e4@group-1EE814415694-FollowerState] INFO  impl.RoleInfo (RoleInfo.java:shutdownFollowerState(108)) - 3b6373f7-c408-47d6-bd58-f170bcabf6e4: shutdown 3b6373f7-c408-47d6-bd58-f170bcabf6e4@group-1EE814415694-FollowerState
2022-02-17 10:48:18,441 [3b6373f7-c408-47d6-bd58-f170bcabf6e4@group-1EE814415694-FollowerState] INFO  server.RaftServer$Division (RaftServerImpl.java:setRole(290)) - 3b6373f7-c408-47d6-bd58-f170bcabf6e4@group-1EE814415694: changes role from  FOLLOWER to CANDIDATE at term 1 for changeToCandidate
2022-02-17 10:48:18,441 [3b6373f7-c408-47d6-bd58-f170bcabf6e4@group-1EE814415694-FollowerState] INFO  server.RaftServerConfigKeys (ConfUtils.java:logGet(44)) - raft.server.leaderelection.pre-vote = false (custom)
2022-02-17 10:48:18,441 [3b6373f7-c408-47d6-bd58-f170bcabf6e4@group-1EE814415694-FollowerState] INFO  impl.RoleInfo (RoleInfo.java:updateAndGet(130)) - 3b6373f7-c408-47d6-bd58-f170bcabf6e4: start 3b6373f7-c408-47d6-bd58-f170bcabf6e4@group-1EE814415694-LeaderElection24
2022-02-17 10:48:18,443 [IPC Server handler 7 on default port 36645] INFO  ha.SCMRatisServerImpl (SCMRatisServerImpl.java:addSCM(303)) - Successfully added new SCM: 4400b75d-245b-43c7-a398-1881376b84db.
2022-02-17 10:48:18,444 [Listener at 127.0.0.1/33953] INFO  ha.SCMHAManagerImpl (SCMHAManagerImpl.java:start(117)) - Successfully added SCM scmNode-3 to group group-C00B8CBA638F:[01f34702-14f0-4566-9f1c-66e15822e926|rpc:localhost:43373|admin:|client:|dataStream:|priority:0, 4400b75d-245b-43c7-a398-1881376b84db|rpc:localhost:33733|admin:|client:|dataStream:|priority:0, e1200b4d-f169-45a2-b87f-8a7ea851d305|rpc:localhost:34705|admin:|client:|dataStream:|priority:0]
2022-02-17 10:48:18,445 [Listener at 127.0.0.1/33953] INFO  ha.InterSCMGrpcService (InterSCMGrpcProtocolService.java:start(94)) - Starting SCM Grpc Service at port 45405
2022-02-17 10:48:18,445 [Listener at 127.0.0.1/33953] INFO  impl.MetricsSystemImpl (MetricsSystemImpl.java:init(158)) - StorageContainerManager metrics system started (again)
2022-02-17 10:48:18,459 [4400b75d-245b-43c7-a398-1881376b84db@group-C00B8CBA638F-StateMachineUpdater] INFO  safemode.HealthyPipelineSafeModeRule (HealthyPipelineSafeModeRule.java:initializeRule(152)) - Refreshed total pipeline count is 1, healthy pipeline threshold count is 1
2022-02-17 10:48:18,459 [4400b75d-245b-43c7-a398-1881376b84db@group-C00B8CBA638F-StateMachineUpdater] INFO  safemode.ContainerSafeModeRule (ContainerSafeModeRule.java:reInitializeRule(177)) - Refreshed one replica container threshold 0, currentThreshold 0
2022-02-17 10:48:18,459 [4400b75d-245b-43c7-a398-1881376b84db@group-C00B8CBA638F-StateMachineUpdater] INFO  safemode.OneReplicaPipelineSafeModeRule (OneReplicaPipelineSafeModeRule.java:initializeRule(176)) - Refreshed Total pipeline count is 1, pipeline's with at least one datanode reported threshold count is 1
2022-02-17 10:48:18,459 [4400b75d-245b-43c7-a398-1881376b84db@group-C00B8CBA638F-StateMachineUpdater] INFO  server.SCMDatanodeProtocolServer (SCMDatanodeProtocolServer.java:start(181)) - ScmDatanodeProtocol RPC server for DataNodes is listening at /0.0.0.0:38221
2022-02-17 10:48:18,470 [IPC Server listener on 38221] INFO  ipc.Server (Server.java:run(1344)) - IPC Server listener on 38221: starting
2022-02-17 10:48:18,487 [IPC Server handler 0 on default port 38221] INFO  ipc.Server (Server.java:run(1026)) - IPC Server handler 0 on default port 38221: skipped Call#268 Retry#0 org.apache.hadoop.ozone.protocol.StorageContainerDatanodeProtocol.submitRequest from 127.0.0.1:37498
2022-02-17 10:48:18,488 [IPC Server handler 0 on default port 38221] INFO  ipc.Server (Server.java:run(1026)) - IPC Server handler 0 on default port 38221: skipped Call#201 Retry#0 org.apache.hadoop.ozone.protocol.StorageContainerDatanodeProtocol.submitRequest from 127.0.0.1:37400
2022-02-17 10:48:18,488 [IPC Server handler 0 on default port 38221] INFO  ipc.Server (Server.java:run(1026)) - IPC Server handler 0 on default port 38221: skipped Call#225 Retry#0 org.apache.hadoop.ozone.protocol.StorageContainerDatanodeProtocol.submitRequest from 127.0.0.1:37450
2022-02-17 10:48:18,488 [IPC Server handler 1 on default port 38221] INFO  ipc.Server (Server.java:run(1026)) - IPC Server handler 1 on default port 38221: skipped Call#269 Retry#0 org.apache.hadoop.ozone.protocol.StorageContainerDatanodeProtocol.submitRequest from 127.0.0.1:37498
2022-02-17 10:48:18,488 [IPC Server handler 1 on default port 38221] INFO  ipc.Server (Server.java:run(1026)) - IPC Server handler 1 on default port 38221: skipped Call#206 Retry#0 org.apache.hadoop.ozone.protocol.StorageContainerDatanodeProtocol.submitRequest from 127.0.0.1:37400
2022-02-17 10:48:18,488 [IPC Server handler 1 on default port 38221] INFO  ipc.Server (Server.java:run(1026)) - IPC Server handler 1 on default port 38221: skipped Call#223 Retry#0 org.apache.hadoop.ozone.protocol.StorageContainerDatanodeProtocol.submitRequest from 127.0.0.1:37450
2022-02-17 10:48:18,488 [IPC Server handler 2 on default port 38221] INFO  ipc.Server (Server.java:run(1026)) - IPC Server handler 2 on default port 38221: skipped Call#270 Retry#0 org.apache.hadoop.ozone.protocol.StorageContainerDatanodeProtocol.submitRequest from 127.0.0.1:37498
2022-02-17 10:48:18,488 [IPC Server handler 2 on default port 38221] INFO  ipc.Server (Server.java:run(1026)) - IPC Server handler 2 on default port 38221: skipped Call#209 Retry#0 org.apache.hadoop.ozone.protocol.StorageContainerDatanodeProtocol.submitRequest from 127.0.0.1:37400
2022-02-17 10:48:18,489 [IPC Server handler 2 on default port 38221] INFO  ipc.Server (Server.java:run(1026)) - IPC Server handler 2 on default port 38221: skipped Call#224 Retry#0 org.apache.hadoop.ozone.protocol.StorageContainerDatanodeProtocol.submitRequest from 127.0.0.1:37450
2022-02-17 10:48:18,490 [IPC Server Responder] INFO  ipc.Server (Server.java:run(1507)) - IPC Server Responder: starting
2022-02-17 10:48:18,490 [3b6373f7-c408-47d6-bd58-f170bcabf6e4@group-1EE814415694-LeaderElection24] INFO  impl.LeaderElection (LeaderElection.java:askForVotes(306)) - 3b6373f7-c408-47d6-bd58-f170bcabf6e4@group-1EE814415694-LeaderElection24 ELECTION round 0: submit vote requests at term 2 for -1: [0523a322-62fb-48ad-ac32-b14e75d36544|rpc:127.0.0.1:40599|dataStream:|priority:1, ac81e281-9cee-42de-af7f-7eadfff53290|rpc:127.0.0.1:46507|dataStream:|priority:0, 3b6373f7-c408-47d6-bd58-f170bcabf6e4|rpc:127.0.0.1:45045|dataStream:|priority:0], old=null
2022-02-17 10:48:18,502 [EndpointStateMachine task thread for /127.0.0.1:38221 - 0 ] INFO  ozoneimpl.OzoneContainer (OzoneContainer.java:start(317)) - Ignore. OzoneContainer already started.
2022-02-17 10:48:18,515 [Listener at 127.0.0.1/33953] INFO  server.SCMClientProtocolServer (SCMClientProtocolServer.java:start(165)) - RPC server for Client  is listening at /0.0.0.0:46253
2022-02-17 10:48:18,515 [IPC Server Responder] INFO  ipc.Server (Server.java:run(1507)) - IPC Server Responder: starting
2022-02-17 10:48:18,516 [IPC Server listener on 46253] INFO  ipc.Server (Server.java:run(1344)) - IPC Server listener on 46253: starting
2022-02-17 10:48:18,518 [Listener at 127.0.0.1/33953] INFO  server.StorageContainerManager (StorageContainerManager.java:start(1318)) - ScmBlockLocationProtocol RPC server is listening at /0.0.0.0:33255
2022-02-17 10:48:18,518 [Listener at 127.0.0.1/33953] INFO  server.SCMBlockProtocolServer (SCMBlockProtocolServer.java:start(151)) - RPC server for Block Protocol is listening at /0.0.0.0:33255
2022-02-17 10:48:18,518 [IPC Server Responder] INFO  ipc.Server (Server.java:run(1507)) - IPC Server Responder: starting
2022-02-17 10:48:18,519 [IPC Server listener on 33255] INFO  ipc.Server (Server.java:run(1344)) - IPC Server listener on 33255: starting
2022-02-17 10:48:18,525 [EndpointStateMachine task thread for /127.0.0.1:38221 - 0 ] INFO  ozoneimpl.OzoneContainer (OzoneContainer.java:start(317)) - Ignore. OzoneContainer already started.
2022-02-17 10:48:18,535 [Listener at 127.0.0.1/33953] INFO  http.BaseHttpServer (BaseHttpServer.java:newHttpServer2BuilderForOzone(209)) - Starting Web-server for scm at: http://0.0.0.0:44805
2022-02-17 10:48:18,535 [Listener at 127.0.0.1/33953] INFO  http.BaseHttpServer (BaseHttpServer.java:<init>(107)) - Hadoop Security Enabled: false Ozone Security Enabled: false Ozone HTTP Security Enabled: false 
2022-02-17 10:48:18,536 [Listener at 127.0.0.1/33953] INFO  server.AuthenticationFilter (AuthenticationFilter.java:constructSecretProvider(240)) - Unable to initialize FileSignerSecretProvider, falling back to use random secrets.
2022-02-17 10:48:18,537 [org.apache.hadoop.util.JvmPauseMonitor$Monitor@32c23506] INFO  util.JvmPauseMonitor (JvmPauseMonitor.java:run(188)) - Starting JVM pause monitor
2022-02-17 10:48:18,541 [Listener at 127.0.0.1/33953] WARN  http.HttpRequestLog (HttpRequestLog.java:getRequestLog(103)) - Jetty request log can only be enabled using Log4j
2022-02-17 10:48:18,542 [Listener at 127.0.0.1/33953] INFO  http.HttpServer2 (HttpServer2.java:addGlobalFilter(1030)) - Added global filter 'safety' (class=org.apache.hadoop.hdds.server.http.HttpServer2$QuotingInputFilter)
2022-02-17 10:48:18,543 [Listener at 127.0.0.1/33953] INFO  http.HttpServer2 (HttpServer2.java:addFilter(1006)) - Added filter static_user_filter (class=org.apache.hadoop.http.lib.StaticUserWebFilter$StaticUserFilter) to context scm
2022-02-17 10:48:18,543 [Listener at 127.0.0.1/33953] INFO  http.HttpServer2 (HttpServer2.java:addFilter(1014)) - Added filter static_user_filter (class=org.apache.hadoop.http.lib.StaticUserWebFilter$StaticUserFilter) to context logs
2022-02-17 10:48:18,543 [Listener at 127.0.0.1/33953] INFO  http.HttpServer2 (HttpServer2.java:addFilter(1014)) - Added filter static_user_filter (class=org.apache.hadoop.http.lib.StaticUserWebFilter$StaticUserFilter) to context static
2022-02-17 10:48:18,544 [Listener at 127.0.0.1/33953] INFO  http.HttpServer2 (HttpServer2.java:bindListener(1249)) - Jetty bound to port 44805
2022-02-17 10:48:18,544 [Listener at 127.0.0.1/33953] INFO  server.Server (Server.java:doStart(375)) - jetty-9.4.43.v20210629; built: 2021-06-30T11:07:22.254Z; git: 526006ecfa3af7f1a27ef3a288e2bef7ea9dd7e8; jvm 1.8.0_322-b06
2022-02-17 10:48:18,549 [grpc-default-executor-0] INFO  server.RaftServer$Division (RaftServerImpl.java:requestVote(1046)) - 0523a322-62fb-48ad-ac32-b14e75d36544@group-1EE814415694: receive requestVote(ELECTION, 3b6373f7-c408-47d6-bd58-f170bcabf6e4, group-1EE814415694, 2, (t:0, i:0))
2022-02-17 10:48:18,549 [EndpointStateMachine task thread for /127.0.0.1:38221 - 0 ] INFO  ozoneimpl.OzoneContainer (OzoneContainer.java:start(317)) - Ignore. OzoneContainer already started.
2022-02-17 10:48:18,550 [grpc-default-executor-2] INFO  server.RaftServer$Division (RaftServerImpl.java:requestVote(1046)) - ac81e281-9cee-42de-af7f-7eadfff53290@group-1EE814415694: receive requestVote(ELECTION, 3b6373f7-c408-47d6-bd58-f170bcabf6e4, group-1EE814415694, 2, (t:0, i:0))
2022-02-17 10:48:18,550 [grpc-default-executor-2] INFO  impl.VoteContext (VoteContext.java:log(48)) - ac81e281-9cee-42de-af7f-7eadfff53290@group-1EE814415694-FOLLOWER: accept ELECTION from 3b6373f7-c408-47d6-bd58-f170bcabf6e4: our priority 0 <= candidate's priority 0
2022-02-17 10:48:18,550 [grpc-default-executor-2] INFO  server.RaftServer$Division (RaftServerImpl.java:setRole(290)) - ac81e281-9cee-42de-af7f-7eadfff53290@group-1EE814415694: changes role from  FOLLOWER to FOLLOWER at term 2 for candidate:3b6373f7-c408-47d6-bd58-f170bcabf6e4
2022-02-17 10:48:18,550 [grpc-default-executor-2] INFO  impl.RoleInfo (RoleInfo.java:shutdownFollowerState(108)) - ac81e281-9cee-42de-af7f-7eadfff53290: shutdown ac81e281-9cee-42de-af7f-7eadfff53290@group-1EE814415694-FollowerState
2022-02-17 10:48:18,550 [grpc-default-executor-2] INFO  impl.RoleInfo (RoleInfo.java:updateAndGet(130)) - ac81e281-9cee-42de-af7f-7eadfff53290: start ac81e281-9cee-42de-af7f-7eadfff53290@group-1EE814415694-FollowerState
2022-02-17 10:48:18,549 [grpc-default-executor-0] INFO  impl.VoteContext (VoteContext.java:log(48)) - 0523a322-62fb-48ad-ac32-b14e75d36544@group-1EE814415694-FOLLOWER: reject ELECTION from 3b6373f7-c408-47d6-bd58-f170bcabf6e4: our priority 1 > candidate's priority 0
2022-02-17 10:48:18,550 [grpc-default-executor-0] INFO  server.RaftServer$Division (RaftServerImpl.java:setRole(290)) - 0523a322-62fb-48ad-ac32-b14e75d36544@group-1EE814415694: changes role from  FOLLOWER to FOLLOWER at term 2 for candidate:3b6373f7-c408-47d6-bd58-f170bcabf6e4
2022-02-17 10:48:18,550 [grpc-default-executor-0] INFO  impl.RoleInfo (RoleInfo.java:shutdownFollowerState(108)) - 0523a322-62fb-48ad-ac32-b14e75d36544: shutdown 0523a322-62fb-48ad-ac32-b14e75d36544@group-1EE814415694-FollowerState
2022-02-17 10:48:18,551 [ac81e281-9cee-42de-af7f-7eadfff53290@group-1EE814415694-FollowerState] INFO  impl.FollowerState (FollowerState.java:run(143)) - ac81e281-9cee-42de-af7f-7eadfff53290@group-1EE814415694-FollowerState was interrupted: {}
java.lang.InterruptedException: sleep interrupted
	at java.lang.Thread.sleep(Native Method)
	at java.lang.Thread.sleep(Thread.java:342)
	at java.util.concurrent.TimeUnit.sleep(TimeUnit.java:386)
	at org.apache.ratis.util.TimeDuration.sleep(TimeDuration.java:324)
	at org.apache.ratis.util.TimeDuration.sleep(TimeDuration.java:309)
	at org.apache.ratis.server.impl.FollowerState.run(FollowerState.java:118)
2022-02-17 10:48:18,555 [Listener at 127.0.0.1/33953] INFO  server.session (DefaultSessionIdManager.java:doStart(334)) - DefaultSessionIdManager workerName=node0
2022-02-17 10:48:18,556 [Listener at 127.0.0.1/33953] INFO  server.session (DefaultSessionIdManager.java:doStart(339)) - No SessionScavenger set, using defaults
2022-02-17 10:48:18,556 [Listener at 127.0.0.1/33953] INFO  server.session (HouseKeeper.java:startScavenging(132)) - node0 Scavenging every 660000ms
2022-02-17 10:48:18,556 [Listener at 127.0.0.1/33953] INFO  handler.ContextHandler (ContextHandler.java:doStart(915)) - Started o.e.j.s.ServletContextHandler@16ee0c8f{logs,/logs,file:///home/runner/work/ozone/ozone/hadoop-ozone/integration-test/target/log,AVAILABLE}
2022-02-17 10:48:18,557 [Listener at 127.0.0.1/33953] INFO  handler.ContextHandler (ContextHandler.java:doStart(915)) - Started o.e.j.s.ServletContextHandler@31ba5e17{static,/static,file:///home/runner/work/ozone/ozone/hadoop-ozone/integration-test/target/test-classes/webapps/static,AVAILABLE}
2022-02-17 10:48:18,560 [Listener at 127.0.0.1/33953] INFO  handler.ContextHandler (ContextHandler.java:doStart(915)) - Started o.e.j.w.WebAppContext@70700265{scm,/,file:///home/runner/work/ozone/ozone/hadoop-ozone/integration-test/target/test-classes/webapps/scm/,AVAILABLE}{file:/home/runner/work/ozone/ozone/hadoop-ozone/integration-test/target/test-classes/webapps/scm}
2022-02-17 10:48:18,563 [grpc-default-executor-0] INFO  impl.RoleInfo (RoleInfo.java:updateAndGet(130)) - 0523a322-62fb-48ad-ac32-b14e75d36544: start 0523a322-62fb-48ad-ac32-b14e75d36544@group-1EE814415694-FollowerState
2022-02-17 10:48:18,567 [Listener at 127.0.0.1/33953] INFO  server.AbstractConnector (AbstractConnector.java:doStart(331)) - Started ServerConnector@506c68ee{HTTP/1.1, (http/1.1)}{0.0.0.0:44805}
2022-02-17 10:48:18,567 [Listener at 127.0.0.1/33953] INFO  server.Server (Server.java:doStart(415)) - Started @108511ms
2022-02-17 10:48:18,567 [Listener at 127.0.0.1/33953] WARN  impl.MetricsSystemImpl (MetricsSystemImpl.java:register(279)) - Sink prometheus already exists!
2022-02-17 10:48:18,568 [grpc-default-executor-0] INFO  server.RaftServer$Division (RaftServerImpl.java:requestVote(1078)) - 0523a322-62fb-48ad-ac32-b14e75d36544@group-1EE814415694 replies to ELECTION vote request: 3b6373f7-c408-47d6-bd58-f170bcabf6e4<-0523a322-62fb-48ad-ac32-b14e75d36544#0:FAIL-t2. Peer's state: 0523a322-62fb-48ad-ac32-b14e75d36544@group-1EE814415694:t2, leader=null, voted=null, raftlog=0523a322-62fb-48ad-ac32-b14e75d36544@group-1EE814415694-SegmentedRaftLog:OPENED:c-1, conf=-1: [0523a322-62fb-48ad-ac32-b14e75d36544|rpc:127.0.0.1:40599|dataStream:|priority:1, ac81e281-9cee-42de-af7f-7eadfff53290|rpc:127.0.0.1:46507|dataStream:|priority:0, 3b6373f7-c408-47d6-bd58-f170bcabf6e4|rpc:127.0.0.1:45045|dataStream:|priority:0], old=null
2022-02-17 10:48:18,568 [0523a322-62fb-48ad-ac32-b14e75d36544@group-1EE814415694-FollowerState] INFO  impl.FollowerState (FollowerState.java:run(134)) - 0523a322-62fb-48ad-ac32-b14e75d36544@group-1EE814415694-FollowerState: change to CANDIDATE, lastRpcElapsedTime:5183554636ns, electionTimeout:5155ms
2022-02-17 10:48:18,568 [0523a322-62fb-48ad-ac32-b14e75d36544@group-1EE814415694-FollowerState] INFO  impl.RoleInfo (RoleInfo.java:shutdownFollowerState(108)) - 0523a322-62fb-48ad-ac32-b14e75d36544: shutdown 0523a322-62fb-48ad-ac32-b14e75d36544@group-1EE814415694-FollowerState
2022-02-17 10:48:18,568 [0523a322-62fb-48ad-ac32-b14e75d36544@group-1EE814415694-FollowerState] INFO  server.RaftServer$Division (RaftServerImpl.java:setRole(290)) - 0523a322-62fb-48ad-ac32-b14e75d36544@group-1EE814415694: changes role from  FOLLOWER to CANDIDATE at term 2 for changeToCandidate
2022-02-17 10:48:18,568 [0523a322-62fb-48ad-ac32-b14e75d36544@group-1EE814415694-FollowerState] INFO  server.RaftServerConfigKeys (ConfUtils.java:logGet(44)) - raft.server.leaderelection.pre-vote = false (custom)
2022-02-17 10:48:18,568 [0523a322-62fb-48ad-ac32-b14e75d36544@group-1EE814415694-FollowerState] INFO  impl.RoleInfo (RoleInfo.java:updateAndGet(130)) - 0523a322-62fb-48ad-ac32-b14e75d36544: start 0523a322-62fb-48ad-ac32-b14e75d36544@group-1EE814415694-LeaderElection25
2022-02-17 10:48:18,578 [Listener at 127.0.0.1/33953] INFO  http.BaseHttpServer (BaseHttpServer.java:updateConnectorAddress(329)) - HTTP server of scm listening at http://0.0.0.0:44805
2022-02-17 10:48:18,578 [Listener at 127.0.0.1/33953] INFO  safemode.SCMSafeModeManager (SCMSafeModeManager.java:exitSafeMode(248)) - SCM exiting safe mode.
2022-02-17 10:48:18,578 [Listener at 127.0.0.1/33953] WARN  events.EventQueue (EventQueue.java:fireEvent(194)) - No event handler registered for event TypedEvent{payloadType=SafeModeStatus, name='Safe mode status'}
2022-02-17 10:48:18,578 [Listener at 127.0.0.1/33953] INFO  ha.SCMContext (SCMContext.java:updateSafeModeStatus(211)) - Update SafeModeStatus from SafeModeStatus{safeModeStatus=true, preCheckPassed=false} to SafeModeStatus{safeModeStatus=false, preCheckPassed=true}.
2022-02-17 10:48:18,586 [Listener at 127.0.0.1/33953] INFO  db.RDBCheckpointManager (RDBCheckpointManager.java:createCheckpoint(86)) - Created checkpoint at /home/runner/work/ozone/ozone/hadoop-ozone/integration-test/target/test-dir/MiniOzoneClusterImpl-314b2a1d-9ab5-4841-b3ea-c00b8cba638f/scmNode-1/db.checkpoints/scm.db_checkpoint_1645094898579 in 7 milliseconds
2022-02-17 10:48:18,586 [grpc-default-executor-2] INFO  server.RaftServer$Division (RaftServerImpl.java:requestVote(1078)) - ac81e281-9cee-42de-af7f-7eadfff53290@group-1EE814415694 replies to ELECTION vote request: 3b6373f7-c408-47d6-bd58-f170bcabf6e4<-ac81e281-9cee-42de-af7f-7eadfff53290#0:OK-t2. Peer's state: ac81e281-9cee-42de-af7f-7eadfff53290@group-1EE814415694:t2, leader=null, voted=3b6373f7-c408-47d6-bd58-f170bcabf6e4, raftlog=ac81e281-9cee-42de-af7f-7eadfff53290@group-1EE814415694-SegmentedRaftLog:OPENED:c-1, conf=-1: [0523a322-62fb-48ad-ac32-b14e75d36544|rpc:127.0.0.1:40599|priority:1, ac81e281-9cee-42de-af7f-7eadfff53290|rpc:127.0.0.1:46507|priority:0, 3b6373f7-c408-47d6-bd58-f170bcabf6e4|rpc:127.0.0.1:45045|priority:0], old=null
2022-02-17 10:48:18,597 [3b6373f7-c408-47d6-bd58-f170bcabf6e4@group-1EE814415694-LeaderElection24] INFO  impl.LeaderElection (LeaderElection.java:logAndReturn(89)) - 3b6373f7-c408-47d6-bd58-f170bcabf6e4@group-1EE814415694-LeaderElection24: ELECTION REJECTED received 1 response(s) and 0 exception(s):
2022-02-17 10:48:18,598 [3b6373f7-c408-47d6-bd58-f170bcabf6e4@group-1EE814415694-LeaderElection24] INFO  impl.LeaderElection (LeaderElection.java:logAndReturn(93)) -   Response 0: 3b6373f7-c408-47d6-bd58-f170bcabf6e4<-0523a322-62fb-48ad-ac32-b14e75d36544#0:FAIL-t2
2022-02-17 10:48:18,598 [3b6373f7-c408-47d6-bd58-f170bcabf6e4@group-1EE814415694-LeaderElection24] INFO  impl.LeaderElection (LeaderElection.java:askForVotes(308)) - 3b6373f7-c408-47d6-bd58-f170bcabf6e4@group-1EE814415694-LeaderElection24 ELECTION round 0: result REJECTED
2022-02-17 10:48:18,598 [3b6373f7-c408-47d6-bd58-f170bcabf6e4@group-1EE814415694-LeaderElection24] INFO  server.RaftServer$Division (RaftServerImpl.java:setRole(290)) - 3b6373f7-c408-47d6-bd58-f170bcabf6e4@group-1EE814415694: changes role from CANDIDATE to FOLLOWER at term 2 for REJECTED
2022-02-17 10:48:18,598 [3b6373f7-c408-47d6-bd58-f170bcabf6e4@group-1EE814415694-LeaderElection24] INFO  impl.RoleInfo (RoleInfo.java:shutdownLeaderElection(121)) - 3b6373f7-c408-47d6-bd58-f170bcabf6e4: shutdown 3b6373f7-c408-47d6-bd58-f170bcabf6e4@group-1EE814415694-LeaderElection24
2022-02-17 10:48:18,598 [3b6373f7-c408-47d6-bd58-f170bcabf6e4@group-1EE814415694-LeaderElection24] INFO  impl.RoleInfo (RoleInfo.java:updateAndGet(130)) - 3b6373f7-c408-47d6-bd58-f170bcabf6e4: start 3b6373f7-c408-47d6-bd58-f170bcabf6e4@group-1EE814415694-FollowerState
2022-02-17 10:48:18,606 [0523a322-62fb-48ad-ac32-b14e75d36544@group-1EE814415694-LeaderElection25] INFO  impl.LeaderElection (LeaderElection.java:askForVotes(306)) - 0523a322-62fb-48ad-ac32-b14e75d36544@group-1EE814415694-LeaderElection25 ELECTION round 0: submit vote requests at term 3 for -1: [0523a322-62fb-48ad-ac32-b14e75d36544|rpc:127.0.0.1:40599|dataStream:|priority:1, ac81e281-9cee-42de-af7f-7eadfff53290|rpc:127.0.0.1:46507|dataStream:|priority:0, 3b6373f7-c408-47d6-bd58-f170bcabf6e4|rpc:127.0.0.1:45045|dataStream:|priority:0], old=null
2022-02-17 10:48:18,642 [grpc-default-executor-2] INFO  server.RaftServer$Division (RaftServerImpl.java:requestVote(1046)) - ac81e281-9cee-42de-af7f-7eadfff53290@group-1EE814415694: receive requestVote(ELECTION, 0523a322-62fb-48ad-ac32-b14e75d36544, group-1EE814415694, 3, (t:0, i:0))
2022-02-17 10:48:18,642 [grpc-default-executor-2] INFO  impl.VoteContext (VoteContext.java:log(48)) - ac81e281-9cee-42de-af7f-7eadfff53290@group-1EE814415694-FOLLOWER: accept ELECTION from 0523a322-62fb-48ad-ac32-b14e75d36544: our priority 0 <= candidate's priority 1
2022-02-17 10:48:18,642 [grpc-default-executor-2] INFO  server.RaftServer$Division (RaftServerImpl.java:setRole(290)) - ac81e281-9cee-42de-af7f-7eadfff53290@group-1EE814415694: changes role from  FOLLOWER to FOLLOWER at term 3 for candidate:0523a322-62fb-48ad-ac32-b14e75d36544
2022-02-17 10:48:18,642 [grpc-default-executor-2] INFO  impl.RoleInfo (RoleInfo.java:shutdownFollowerState(108)) - ac81e281-9cee-42de-af7f-7eadfff53290: shutdown ac81e281-9cee-42de-af7f-7eadfff53290@group-1EE814415694-FollowerState
2022-02-17 10:48:18,642 [grpc-default-executor-2] INFO  impl.RoleInfo (RoleInfo.java:updateAndGet(130)) - ac81e281-9cee-42de-af7f-7eadfff53290: start ac81e281-9cee-42de-af7f-7eadfff53290@group-1EE814415694-FollowerState
2022-02-17 10:48:18,645 [ac81e281-9cee-42de-af7f-7eadfff53290@group-1EE814415694-FollowerState] INFO  impl.FollowerState (FollowerState.java:run(143)) - ac81e281-9cee-42de-af7f-7eadfff53290@group-1EE814415694-FollowerState was interrupted: {}
java.lang.InterruptedException: sleep interrupted
	at java.lang.Thread.sleep(Native Method)
	at java.lang.Thread.sleep(Thread.java:342)
	at java.util.concurrent.TimeUnit.sleep(TimeUnit.java:386)
	at org.apache.ratis.util.TimeDuration.sleep(TimeDuration.java:324)
	at org.apache.ratis.util.TimeDuration.sleep(TimeDuration.java:309)
	at org.apache.ratis.server.impl.FollowerState.run(FollowerState.java:118)
2022-02-17 10:48:18,646 [grpc-default-executor-2] INFO  server.RaftServer$Division (RaftServerImpl.java:requestVote(1078)) - ac81e281-9cee-42de-af7f-7eadfff53290@group-1EE814415694 replies to ELECTION vote request: 0523a322-62fb-48ad-ac32-b14e75d36544<-ac81e281-9cee-42de-af7f-7eadfff53290#0:OK-t3. Peer's state: ac81e281-9cee-42de-af7f-7eadfff53290@group-1EE814415694:t3, leader=null, voted=0523a322-62fb-48ad-ac32-b14e75d36544, raftlog=ac81e281-9cee-42de-af7f-7eadfff53290@group-1EE814415694-SegmentedRaftLog:OPENED:c-1, conf=-1: [0523a322-62fb-48ad-ac32-b14e75d36544|rpc:127.0.0.1:40599|priority:1, ac81e281-9cee-42de-af7f-7eadfff53290|rpc:127.0.0.1:46507|priority:0, 3b6373f7-c408-47d6-bd58-f170bcabf6e4|rpc:127.0.0.1:45045|priority:0], old=null
2022-02-17 10:48:18,656 [0523a322-62fb-48ad-ac32-b14e75d36544@group-1EE814415694-LeaderElection25] INFO  impl.LeaderElection (LeaderElection.java:logAndReturn(89)) - 0523a322-62fb-48ad-ac32-b14e75d36544@group-1EE814415694-LeaderElection25: ELECTION PASSED received 1 response(s) and 0 exception(s):
2022-02-17 10:48:18,656 [0523a322-62fb-48ad-ac32-b14e75d36544@group-1EE814415694-LeaderElection25] INFO  impl.LeaderElection (LeaderElection.java:logAndReturn(93)) -   Response 0: 0523a322-62fb-48ad-ac32-b14e75d36544<-ac81e281-9cee-42de-af7f-7eadfff53290#0:OK-t3
2022-02-17 10:48:18,656 [0523a322-62fb-48ad-ac32-b14e75d36544@group-1EE814415694-LeaderElection25] INFO  impl.LeaderElection (LeaderElection.java:askForVotes(308)) - 0523a322-62fb-48ad-ac32-b14e75d36544@group-1EE814415694-LeaderElection25 ELECTION round 0: result PASSED
2022-02-17 10:48:18,656 [0523a322-62fb-48ad-ac32-b14e75d36544@group-1EE814415694-LeaderElection25] INFO  impl.RoleInfo (RoleInfo.java:shutdownLeaderElection(121)) - 0523a322-62fb-48ad-ac32-b14e75d36544: shutdown 0523a322-62fb-48ad-ac32-b14e75d36544@group-1EE814415694-LeaderElection25
2022-02-17 10:48:18,656 [0523a322-62fb-48ad-ac32-b14e75d36544@group-1EE814415694-LeaderElection25] INFO  server.RaftServer$Division (RaftServerImpl.java:setRole(290)) - 0523a322-62fb-48ad-ac32-b14e75d36544@group-1EE814415694: changes role from CANDIDATE to LEADER at term 3 for changeToLeader
2022-02-17 10:48:18,656 [0523a322-62fb-48ad-ac32-b14e75d36544@group-1EE814415694-LeaderElection25] INFO  ratis.XceiverServerRatis (XceiverServerRatis.java:handleLeaderChangedNotification(867)) - Leader change notification received for group: group-1EE814415694 with new leaderId: 0523a322-62fb-48ad-ac32-b14e75d36544
2022-02-17 10:48:18,657 [0523a322-62fb-48ad-ac32-b14e75d36544@group-1EE814415694-LeaderElection25] INFO  server.RaftServer$Division (ServerState.java:setLeader(285)) - 0523a322-62fb-48ad-ac32-b14e75d36544@group-1EE814415694: change Leader from null to 0523a322-62fb-48ad-ac32-b14e75d36544 at term 3 for becomeLeader, leader elected after 10383ms
2022-02-17 10:48:18,659 [EventQueue-PipelineReportForPipelineReportHandler] INFO  pipeline.PipelineManagerImpl (PipelineManagerImpl.java:openPipeline(291)) - Pipeline Pipeline[ Id: 5d796023-b839-4c54-b6ea-1ee814415694, Nodes: 0523a322-62fb-48ad-ac32-b14e75d36544{ip: 127.0.0.1, host: localhost, ports: [REPLICATION=36983, RATIS=40599, RATIS_ADMIN=40599, RATIS_SERVER=40599, STANDALONE=44261], networkLocation: /default-rack, certSerialId: null, persistedOpState: IN_SERVICE, persistedOpStateExpiryEpochSec: 0}3b6373f7-c408-47d6-bd58-f170bcabf6e4{ip: 127.0.0.1, host: localhost, ports: [REPLICATION=35311, RATIS=45045, RATIS_ADMIN=45045, RATIS_SERVER=45045, STANDALONE=41985], networkLocation: /default-rack, certSerialId: null, persistedOpState: IN_SERVICE, persistedOpStateExpiryEpochSec: 0}ac81e281-9cee-42de-af7f-7eadfff53290{ip: 127.0.0.1, host: localhost, ports: [REPLICATION=34091, RATIS=46507, RATIS_ADMIN=46507, RATIS_SERVER=46507, STANDALONE=35333], networkLocation: /default-rack, certSerialId: null, persistedOpState: IN_SERVICE, persistedOpStateExpiryEpochSec: 0}, ReplicationConfig: RATIS/THREE, State:ALLOCATED, leaderId:0523a322-62fb-48ad-ac32-b14e75d36544, CreationTimestamp2022-02-17T10:48:05.944Z[Etc/UTC]] moved to OPEN state
2022-02-17 10:48:18,659 [0523a322-62fb-48ad-ac32-b14e75d36544@group-1EE814415694-LeaderElection25] INFO  server.RaftServerConfigKeys (ConfUtils.java:logGet(44)) - raft.server.staging.catchup.gap = 1000 (default)
2022-02-17 10:48:18,659 [0523a322-62fb-48ad-ac32-b14e75d36544@group-1EE814415694-LeaderElection25] INFO  server.RaftServerConfigKeys (ConfUtils.java:logGet(44)) - raft.server.write.element-limit = 1024 (custom)
2022-02-17 10:48:18,659 [0523a322-62fb-48ad-ac32-b14e75d36544@group-1EE814415694-LeaderElection25] INFO  server.RaftServerConfigKeys (ConfUtils.java:logGet(44)) - raft.server.write.byte-limit = 1024 M (=1073741824) (custom)
2022-02-17 10:48:18,660 [EventQueue-PipelineReportForPipelineReportHandler] INFO  pipeline.PipelineManagerImpl (PipelineManagerImpl.java:openPipeline(291)) - Pipeline Pipeline[ Id: 5d796023-b839-4c54-b6ea-1ee814415694, Nodes: 0523a322-62fb-48ad-ac32-b14e75d36544{ip: 127.0.0.1, host: localhost, ports: [REPLICATION=36983, RATIS=40599, RATIS_ADMIN=40599, RATIS_SERVER=40599, STANDALONE=44261], networkLocation: /default-rack, certSerialId: null, persistedOpState: IN_SERVICE, persistedOpStateExpiryEpochSec: 0}3b6373f7-c408-47d6-bd58-f170bcabf6e4{ip: 127.0.0.1, host: localhost, ports: [REPLICATION=35311, RATIS=45045, RATIS_ADMIN=45045, RATIS_SERVER=45045, STANDALONE=41985], networkLocation: /default-rack, certSerialId: null, persistedOpState: IN_SERVICE, persistedOpStateExpiryEpochSec: 0}ac81e281-9cee-42de-af7f-7eadfff53290{ip: 127.0.0.1, host: localhost, ports: [REPLICATION=34091, RATIS=46507, RATIS_ADMIN=46507, RATIS_SERVER=46507, STANDALONE=35333], networkLocation: /default-rack, certSerialId: null, persistedOpState: IN_SERVICE, persistedOpStateExpiryEpochSec: 0}, ReplicationConfig: RATIS/THREE, State:ALLOCATED, leaderId:0523a322-62fb-48ad-ac32-b14e75d36544, CreationTimestamp2022-02-17T10:48:05.944Z[Etc/UTC]] moved to OPEN state
2022-02-17 10:48:18,660 [0523a322-62fb-48ad-ac32-b14e75d36544@group-1EE814415694-LeaderElection25] INFO  server.RaftServerConfigKeys (ConfUtils.java:logGet(44)) - raft.server.watch.timeout = 180s (custom)
2022-02-17 10:48:18,660 [0523a322-62fb-48ad-ac32-b14e75d36544@group-1EE814415694-LeaderElection25] INFO  server.RaftServerConfigKeys (ConfUtils.java:logGet(44)) - raft.server.watch.timeout.denomination = 1s (default)
2022-02-17 10:48:18,660 [0523a322-62fb-48ad-ac32-b14e75d36544@group-1EE814415694-LeaderElection25] INFO  server.RaftServerConfigKeys (ConfUtils.java:logGet(44)) - raft.server.watch.element-limit = 65536 (default)
2022-02-17 10:48:18,660 [0523a322-62fb-48ad-ac32-b14e75d36544@group-1EE814415694-LeaderElection25] INFO  server.RaftServerConfigKeys (ConfUtils.java:logGet(44)) - raft.server.write.element-limit = 1024 (custom)
2022-02-17 10:48:18,660 [0523a322-62fb-48ad-ac32-b14e75d36544@group-1EE814415694-LeaderElection25] INFO  server.RaftServerConfigKeys (ConfUtils.java:logGet(44)) - raft.server.write.follower.gap.ratio.max = -1.0 (default)
2022-02-17 10:48:18,660 [0523a322-62fb-48ad-ac32-b14e75d36544@group-1EE814415694-LeaderElection25] INFO  server.RaftServerConfigKeys (ConfUtils.java:logGet(44)) - raft.server.log.appender.snapshot.chunk.size.max = 16MB (=16777216) (default)
2022-02-17 10:48:18,660 [0523a322-62fb-48ad-ac32-b14e75d36544@group-1EE814415694-LeaderElection25] INFO  server.RaftServerConfigKeys (ConfUtils.java:logGet(44)) - raft.server.log.appender.buffer.byte-limit = 33554432 (custom)
2022-02-17 10:48:18,660 [0523a322-62fb-48ad-ac32-b14e75d36544@group-1EE814415694-LeaderElection25] INFO  server.RaftServerConfigKeys (ConfUtils.java:logGet(44)) - raft.server.log.appender.buffer.element-limit = 1 (custom)
2022-02-17 10:48:18,660 [0523a322-62fb-48ad-ac32-b14e75d36544@group-1EE814415694-LeaderElection25] INFO  grpc.GrpcConfigKeys (ConfUtils.java:logGet(44)) - raft.grpc.server.leader.outstanding.appends.max = 128 (default)
2022-02-17 10:48:18,660 [0523a322-62fb-48ad-ac32-b14e75d36544@group-1EE814415694-LeaderElection25] INFO  server.RaftServerConfigKeys (ConfUtils.java:logGet(44)) - raft.server.rpc.request.timeout = 60s (custom)
2022-02-17 10:48:18,660 [0523a322-62fb-48ad-ac32-b14e75d36544@group-1EE814415694-LeaderElection25] INFO  server.RaftServerConfigKeys (ConfUtils.java:logGet(44)) - raft.server.log.appender.install.snapshot.enabled = false (custom)
2022-02-17 10:48:18,660 [IPC Server handler 12 on default port 38221] INFO  net.NetworkTopologyImpl (NetworkTopologyImpl.java:add(112)) - Added a new node: /default-rack/0523a322-62fb-48ad-ac32-b14e75d36544
2022-02-17 10:48:18,661 [IPC Server handler 12 on default port 38221] INFO  node.SCMNodeManager (SCMNodeManager.java:register(389)) - Registered Data node : 0523a322-62fb-48ad-ac32-b14e75d36544{ip: 127.0.0.1, host: localhost, ports: [REPLICATION=36983, RATIS=40599, RATIS_ADMIN=40599, RATIS_SERVER=40599, STANDALONE=44261], networkLocation: /default-rack, certSerialId: null, persistedOpState: null, persistedOpStateExpiryEpochSec: 0}
2022-02-17 10:48:18,662 [0523a322-62fb-48ad-ac32-b14e75d36544@group-1EE814415694-LeaderElection25] INFO  server.RaftServerConfigKeys (ConfUtils.java:logGet(44)) - raft.server.log.appender.snapshot.chunk.size.max = 16MB (=16777216) (default)
2022-02-17 10:48:18,662 [0523a322-62fb-48ad-ac32-b14e75d36544@group-1EE814415694-LeaderElection25] INFO  server.RaftServerConfigKeys (ConfUtils.java:logGet(44)) - raft.server.log.appender.buffer.byte-limit = 33554432 (custom)
2022-02-17 10:48:18,662 [0523a322-62fb-48ad-ac32-b14e75d36544@group-1EE814415694-LeaderElection25] INFO  server.RaftServerConfigKeys (ConfUtils.java:logGet(44)) - raft.server.log.appender.buffer.element-limit = 1 (custom)
2022-02-17 10:48:18,662 [0523a322-62fb-48ad-ac32-b14e75d36544@group-1EE814415694-LeaderElection25] INFO  grpc.GrpcConfigKeys (ConfUtils.java:logGet(44)) - raft.grpc.server.leader.outstanding.appends.max = 128 (default)
2022-02-17 10:48:18,663 [0523a322-62fb-48ad-ac32-b14e75d36544@group-1EE814415694-LeaderElection25] INFO  server.RaftServerConfigKeys (ConfUtils.java:logGet(44)) - raft.server.rpc.request.timeout = 60s (custom)
2022-02-17 10:48:18,664 [0523a322-62fb-48ad-ac32-b14e75d36544@group-1EE814415694-LeaderElection25] INFO  server.RaftServerConfigKeys (ConfUtils.java:logGet(44)) - raft.server.log.appender.install.snapshot.enabled = false (custom)
2022-02-17 10:48:18,668 [0523a322-62fb-48ad-ac32-b14e75d36544@group-1EE814415694-LeaderElection25] INFO  impl.RoleInfo (RoleInfo.java:updateAndGet(130)) - 0523a322-62fb-48ad-ac32-b14e75d36544: start 0523a322-62fb-48ad-ac32-b14e75d36544@group-1EE814415694-LeaderStateImpl
2022-02-17 10:48:18,668 [0523a322-62fb-48ad-ac32-b14e75d36544@group-1EE814415694-LeaderElection25] INFO  segmented.SegmentedRaftLogWorker (SegmentedRaftLogWorker.java:startLogSegment(394)) - 0523a322-62fb-48ad-ac32-b14e75d36544@group-1EE814415694-SegmentedRaftLogWorker: Starting segment from index:0
2022-02-17 10:48:18,678 [grpc-default-executor-2] INFO  server.RaftServer$Division (RaftServerImpl.java:requestVote(1046)) - 3b6373f7-c408-47d6-bd58-f170bcabf6e4@group-1EE814415694: receive requestVote(ELECTION, 0523a322-62fb-48ad-ac32-b14e75d36544, group-1EE814415694, 3, (t:0, i:0))
2022-02-17 10:48:18,678 [grpc-default-executor-2] INFO  impl.VoteContext (VoteContext.java:log(48)) - 3b6373f7-c408-47d6-bd58-f170bcabf6e4@group-1EE814415694-FOLLOWER: accept ELECTION from 0523a322-62fb-48ad-ac32-b14e75d36544: our priority 0 <= candidate's priority 1
2022-02-17 10:48:18,678 [grpc-default-executor-2] INFO  server.RaftServer$Division (RaftServerImpl.java:setRole(290)) - 3b6373f7-c408-47d6-bd58-f170bcabf6e4@group-1EE814415694: changes role from  FOLLOWER to FOLLOWER at term 3 for candidate:0523a322-62fb-48ad-ac32-b14e75d36544
2022-02-17 10:48:18,678 [grpc-default-executor-2] INFO  impl.RoleInfo (RoleInfo.java:shutdownFollowerState(108)) - 3b6373f7-c408-47d6-bd58-f170bcabf6e4: shutdown 3b6373f7-c408-47d6-bd58-f170bcabf6e4@group-1EE814415694-FollowerState
2022-02-17 10:48:18,681 [IPC Server handler 14 on default port 38221] INFO  net.NetworkTopologyImpl (NetworkTopologyImpl.java:add(112)) - Added a new node: /default-rack/3b6373f7-c408-47d6-bd58-f170bcabf6e4
2022-02-17 10:48:18,681 [IPC Server handler 14 on default port 38221] INFO  node.SCMNodeManager (SCMNodeManager.java:register(389)) - Registered Data node : 3b6373f7-c408-47d6-bd58-f170bcabf6e4{ip: 127.0.0.1, host: localhost, ports: [REPLICATION=35311, RATIS=45045, RATIS_ADMIN=45045, RATIS_SERVER=45045, STANDALONE=41985], networkLocation: /default-rack, certSerialId: null, persistedOpState: null, persistedOpStateExpiryEpochSec: 0}
2022-02-17 10:48:18,688 [01f34702-14f0-4566-9f1c-66e15822e926@group-C00B8CBA638F-StateMachineUpdater] INFO  ha.SCMStateMachine (SCMStateMachine.java:takeSnapshot(297)) - Current Snapshot Index 28, takeSnapshot took 0 ms
2022-02-17 10:48:18,688 [01f34702-14f0-4566-9f1c-66e15822e926@group-C00B8CBA638F-StateMachineUpdater] INFO  impl.StateMachineUpdater (StateMachineUpdater.java:takeSnapshot(281)) - 01f34702-14f0-4566-9f1c-66e15822e926@group-C00B8CBA638F-StateMachineUpdater: Took a snapshot at index 28
2022-02-17 10:48:18,688 [01f34702-14f0-4566-9f1c-66e15822e926@group-C00B8CBA638F-StateMachineUpdater] INFO  impl.StateMachineUpdater (StateMachineUpdater.java:lambda$new$0(89)) - 01f34702-14f0-4566-9f1c-66e15822e926@group-C00B8CBA638F-StateMachineUpdater: snapshotIndex: updateIncreasingly 23 -> 28
2022-02-17 10:48:18,688 [01f34702-14f0-4566-9f1c-66e15822e926@group-C00B8CBA638F-StateMachineUpdater] INFO  raftlog.RaftLog (RaftLogBase.java:purge(306)) - 01f34702-14f0-4566-9f1c-66e15822e926@group-C00B8CBA638F-SegmentedRaftLog: purge 28
2022-02-17 10:48:18,688 [01f34702-14f0-4566-9f1c-66e15822e926@group-C00B8CBA638F-StateMachineUpdater] INFO  raftlog.RaftLog (RaftLogBase.java:lambda$new$0(53)) - 01f34702-14f0-4566-9f1c-66e15822e926@group-C00B8CBA638F-SegmentedRaftLog: snapshotIndex: updateIncreasingly 23 -> 28
2022-02-17 10:48:18,688 [01f34702-14f0-4566-9f1c-66e15822e926@group-C00B8CBA638F-StateMachineUpdater] INFO  raftlog.RaftLog (RaftLogBase.java:lambda$new$0(53)) - 01f34702-14f0-4566-9f1c-66e15822e926@group-C00B8CBA638F-SegmentedRaftLog: purgeIndex: updateToMax old=23, new=28, updated? true
2022-02-17 10:48:18,689 [0523a322-62fb-48ad-ac32-b14e75d36544@group-1EE814415694-LeaderElection25] INFO  server.RaftServer$Division (ServerState.java:setRaftConf(387)) - 0523a322-62fb-48ad-ac32-b14e75d36544@group-1EE814415694: set configuration 0: [0523a322-62fb-48ad-ac32-b14e75d36544|rpc:127.0.0.1:40599|dataStream:|priority:1, ac81e281-9cee-42de-af7f-7eadfff53290|rpc:127.0.0.1:46507|dataStream:|priority:0, 3b6373f7-c408-47d6-bd58-f170bcabf6e4|rpc:127.0.0.1:45045|dataStream:|priority:0], old=null
2022-02-17 10:48:18,697 [3b6373f7-c408-47d6-bd58-f170bcabf6e4@group-1EE814415694-FollowerState] INFO  impl.FollowerState (FollowerState.java:run(143)) - 3b6373f7-c408-47d6-bd58-f170bcabf6e4@group-1EE814415694-FollowerState was interrupted: {}
java.lang.InterruptedException: sleep interrupted
	at java.lang.Thread.sleep(Native Method)
	at java.lang.Thread.sleep(Thread.java:342)
	at java.util.concurrent.TimeUnit.sleep(TimeUnit.java:386)
	at org.apache.ratis.util.TimeDuration.sleep(TimeDuration.java:324)
	at org.apache.ratis.util.TimeDuration.sleep(TimeDuration.java:309)
	at org.apache.ratis.server.impl.FollowerState.run(FollowerState.java:118)
2022-02-17 10:48:18,697 [grpc-default-executor-2] INFO  impl.RoleInfo (RoleInfo.java:updateAndGet(130)) - 3b6373f7-c408-47d6-bd58-f170bcabf6e4: start 3b6373f7-c408-47d6-bd58-f170bcabf6e4@group-1EE814415694-FollowerState
2022-02-17 10:48:18,698 [4400b75d-245b-43c7-a398-1881376b84db@group-C00B8CBA638F-StateMachineUpdater] ERROR impl.StateMachineUpdater (StateMachineUpdater.java:run(191)) - 4400b75d-245b-43c7-a398-1881376b84db@group-C00B8CBA638F-StateMachineUpdater caught a Throwable.
java.lang.IllegalStateException: 4400b75d-245b-43c7-a398-1881376b84db: Failed updateLastAppliedTermIndex: newTI = (t:2, i:28) < oldTI = (t:2, i:128)
	at org.apache.ratis.util.Preconditions.assertTrue(Preconditions.java:72)
	at org.apache.ratis.statemachine.impl.BaseStateMachine.updateLastAppliedTermIndex(BaseStateMachine.java:142)
	at org.apache.hadoop.hdds.scm.ha.SCMStateMachine.notifyTermIndexUpdated(SCMStateMachine.java:310)
	at org.apache.ratis.server.impl.RaftServerImpl.applyLogToStateMachine(RaftServerImpl.java:1701)
	at org.apache.ratis.server.impl.StateMachineUpdater.applyLog(StateMachineUpdater.java:234)
	at org.apache.ratis.server.impl.StateMachineUpdater.run(StateMachineUpdater.java:179)
	at java.lang.Thread.run(Thread.java:750)
2022-02-17 10:48:18,698 [4400b75d-245b-43c7-a398-1881376b84db@group-C00B8CBA638F-StateMachineUpdater] INFO  server.RaftServer$Division (RaftServerImpl.java:lambda$close$4(412)) - 4400b75d-245b-43c7-a398-1881376b84db@group-C00B8CBA638F: shutdown
2022-02-17 10:48:18,698 [4400b75d-245b-43c7-a398-1881376b84db@group-C00B8CBA638F-StateMachineUpdater] INFO  util.JmxRegister (JmxRegister.java:unregister(73)) - Successfully un-registered JMX Bean with object name Ratis:service=RaftServer,group=group-C00B8CBA638F,id=4400b75d-245b-43c7-a398-1881376b84db
2022-02-17 10:48:18,699 [4400b75d-245b-43c7-a398-1881376b84db@group-C00B8CBA638F-StateMachineUpdater] INFO  impl.RoleInfo (RoleInfo.java:shutdownFollowerState(108)) - 4400b75d-245b-43c7-a398-1881376b84db: shutdown 4400b75d-245b-43c7-a398-1881376b84db@group-C00B8CBA638F-FollowerState
2022-02-17 10:48:18,699 [4400b75d-245b-43c7-a398-1881376b84db@group-C00B8CBA638F-FollowerState] INFO  impl.FollowerState (FollowerState.java:run(143)) - 4400b75d-245b-43c7-a398-1881376b84db@group-C00B8CBA638F-FollowerState was interrupted: {}
java.lang.InterruptedException: sleep interrupted
	at java.lang.Thread.sleep(Native Method)
	at java.lang.Thread.sleep(Thread.java:342)
	at java.util.concurrent.TimeUnit.sleep(TimeUnit.java:386)
	at org.apache.ratis.util.TimeDuration.sleep(TimeDuration.java:324)
	at org.apache.ratis.util.TimeDuration.sleep(TimeDuration.java:309)
	at org.apache.ratis.server.impl.FollowerState.run(FollowerState.java:118)
2022-02-17 10:48:18,700 [grpc-default-executor-2] INFO  server.RaftServer$Division (RaftServerImpl.java:requestVote(1078)) - 3b6373f7-c408-47d6-bd58-f170bcabf6e4@group-1EE814415694 replies to ELECTION vote request: 0523a322-62fb-48ad-ac32-b14e75d36544<-3b6373f7-c408-47d6-bd58-f170bcabf6e4#0:OK-t3. Peer's state: 3b6373f7-c408-47d6-bd58-f170bcabf6e4@group-1EE814415694:t3, leader=null, voted=0523a322-62fb-48ad-ac32-b14e75d36544, raftlog=3b6373f7-c408-47d6-bd58-f170bcabf6e4@group-1EE814415694-SegmentedRaftLog:OPENED:c-1, conf=-1: [0523a322-62fb-48ad-ac32-b14e75d36544|rpc:127.0.0.1:40599|dataStream:|priority:1, ac81e281-9cee-42de-af7f-7eadfff53290|rpc:127.0.0.1:46507|dataStream:|priority:0, 3b6373f7-c408-47d6-bd58-f170bcabf6e4|rpc:127.0.0.1:45045|dataStream:|priority:0], old=null
2022-02-17 10:48:18,707 [EventQueue-NewNodeForNewNodeHandler] INFO  pipeline.BackgroundPipelineCreator (BackgroundPipelineCreator.java:notifyEventTriggered(279)) - ignore, not leader SCM.
2022-02-17 10:48:18,708 [EventQueue-NewNodeForNewNodeHandler] INFO  pipeline.BackgroundPipelineCreator (BackgroundPipelineCreator.java:notifyEventTriggered(279)) - ignore, not leader SCM.
2022-02-17 10:48:18,721 [0523a322-62fb-48ad-ac32-b14e75d36544@group-1EE814415694-SegmentedRaftLogWorker] INFO  segmented.SegmentedRaftLogWorker (SegmentedRaftLogWorker.java:execute(601)) - 0523a322-62fb-48ad-ac32-b14e75d36544@group-1EE814415694-SegmentedRaftLogWorker: created new log segment /home/runner/work/ozone/ozone/hadoop-ozone/integration-test/target/test-dir/MiniOzoneClusterImpl-314b2a1d-9ab5-4841-b3ea-c00b8cba638f/datanode-2/data/ratis/5d796023-b839-4c54-b6ea-1ee814415694/current/log_inprogress_0
2022-02-17 10:48:18,722 [grpc-default-executor-2] INFO  ratis.XceiverServerRatis (XceiverServerRatis.java:handleLeaderChangedNotification(867)) - Leader change notification received for group: group-1EE814415694 with new leaderId: 0523a322-62fb-48ad-ac32-b14e75d36544
2022-02-17 10:48:18,723 [grpc-default-executor-2] INFO  server.RaftServer$Division (ServerState.java:setLeader(285)) - 3b6373f7-c408-47d6-bd58-f170bcabf6e4@group-1EE814415694: change Leader from null to 0523a322-62fb-48ad-ac32-b14e75d36544 at term 3 for appendEntries, leader elected after 10411ms
2022-02-17 10:48:18,726 [grpc-default-executor-2] INFO  server.RaftServer$Division (ServerState.java:setRaftConf(387)) - 3b6373f7-c408-47d6-bd58-f170bcabf6e4@group-1EE814415694: set configuration 0: [0523a322-62fb-48ad-ac32-b14e75d36544|rpc:127.0.0.1:40599|dataStream:|priority:1, ac81e281-9cee-42de-af7f-7eadfff53290|rpc:127.0.0.1:46507|dataStream:|priority:0, 3b6373f7-c408-47d6-bd58-f170bcabf6e4|rpc:127.0.0.1:45045|dataStream:|priority:0], old=null
2022-02-17 10:48:18,726 [grpc-default-executor-2] INFO  segmented.SegmentedRaftLogWorker (SegmentedRaftLogWorker.java:startLogSegment(394)) - 3b6373f7-c408-47d6-bd58-f170bcabf6e4@group-1EE814415694-SegmentedRaftLogWorker: Starting segment from index:0
2022-02-17 10:48:18,742 [3b6373f7-c408-47d6-bd58-f170bcabf6e4@group-1EE814415694-SegmentedRaftLogWorker] INFO  segmented.SegmentedRaftLogWorker (SegmentedRaftLogWorker.java:execute(601)) - 3b6373f7-c408-47d6-bd58-f170bcabf6e4@group-1EE814415694-SegmentedRaftLogWorker: created new log segment /home/runner/work/ozone/ozone/hadoop-ozone/integration-test/target/test-dir/MiniOzoneClusterImpl-314b2a1d-9ab5-4841-b3ea-c00b8cba638f/datanode-1/data/ratis/5d796023-b839-4c54-b6ea-1ee814415694/current/log_inprogress_0
2022-02-17 10:48:18,743 [4400b75d-245b-43c7-a398-1881376b84db@group-C00B8CBA638F-StateMachineUpdater] INFO  server.RaftServer$Division (ServerState.java:close(419)) - 4400b75d-245b-43c7-a398-1881376b84db@group-C00B8CBA638F: closes. applyIndex: 28
2022-02-17 10:48:18,748 [4400b75d-245b-43c7-a398-1881376b84db@group-C00B8CBA638F-SegmentedRaftLogWorker] INFO  segmented.SegmentedRaftLogWorker (SegmentedRaftLogWorker.java:run(327)) - 4400b75d-245b-43c7-a398-1881376b84db@group-C00B8CBA638F-SegmentedRaftLogWorker was interrupted, exiting. There are 0 tasks remaining in the queue.
2022-02-17 10:48:18,731 [Listener at 127.0.0.1/33953] INFO  ha.SCMHAManagerImpl (SCMHAManagerImpl.java:installCheckpoint(228)) - Installing checkpoint with SCMTransactionInfo 2#25
2022-02-17 10:48:18,764 [Listener at 127.0.0.1/33953] WARN  ha.SCMHAManagerImpl (SCMHAManagerImpl.java:installCheckpoint(241)) - Cannot proceed with InstallSnapshot as SCM is at TermIndex (t:2, i:28) and checkpoint has lower TermIndex (t:2, i:25). Reloading old state of SCM.
2022-02-17 10:48:18,794 [4400b75d-245b-43c7-a398-1881376b84db@group-C00B8CBA638F-StateMachineUpdater] INFO  segmented.SegmentedRaftLogWorker (SegmentedRaftLogWorker.java:close(237)) - 4400b75d-245b-43c7-a398-1881376b84db@group-C00B8CBA638F-SegmentedRaftLogWorker close()
2022-02-17 10:48:18,800 [e1200b4d-f169-45a2-b87f-8a7ea851d305@group-C00B8CBA638F-StateMachineUpdater] INFO  ha.SCMStateMachine (SCMStateMachine.java:takeSnapshot(297)) - Current Snapshot Index 30, takeSnapshot took 0 ms
2022-02-17 10:48:18,801 [e1200b4d-f169-45a2-b87f-8a7ea851d305@group-C00B8CBA638F-StateMachineUpdater] INFO  impl.StateMachineUpdater (StateMachineUpdater.java:takeSnapshot(281)) - e1200b4d-f169-45a2-b87f-8a7ea851d305@group-C00B8CBA638F-StateMachineUpdater: Took a snapshot at index 30
2022-02-17 10:48:18,801 [e1200b4d-f169-45a2-b87f-8a7ea851d305@group-C00B8CBA638F-StateMachineUpdater] INFO  impl.StateMachineUpdater (StateMachineUpdater.java:lambda$new$0(89)) - e1200b4d-f169-45a2-b87f-8a7ea851d305@group-C00B8CBA638F-StateMachineUpdater: snapshotIndex: updateIncreasingly 25 -> 30
2022-02-17 10:48:18,801 [e1200b4d-f169-45a2-b87f-8a7ea851d305@group-C00B8CBA638F-StateMachineUpdater] INFO  raftlog.RaftLog (RaftLogBase.java:purge(306)) - e1200b4d-f169-45a2-b87f-8a7ea851d305@group-C00B8CBA638F-SegmentedRaftLog: purge 30
2022-02-17 10:48:18,801 [e1200b4d-f169-45a2-b87f-8a7ea851d305@group-C00B8CBA638F-StateMachineUpdater] INFO  raftlog.RaftLog (RaftLogBase.java:lambda$new$0(53)) - e1200b4d-f169-45a2-b87f-8a7ea851d305@group-C00B8CBA638F-SegmentedRaftLog: snapshotIndex: updateIncreasingly 25 -> 30
2022-02-17 10:48:18,801 [e1200b4d-f169-45a2-b87f-8a7ea851d305@group-C00B8CBA638F-StateMachineUpdater] INFO  raftlog.RaftLog (RaftLogBase.java:lambda$new$0(53)) - e1200b4d-f169-45a2-b87f-8a7ea851d305@group-C00B8CBA638F-SegmentedRaftLog: purgeIndex: updateToMax old=25, new=30, updated? true
2022-02-17 10:48:18,807 [Listener at 127.0.0.1/33953] INFO  ozone.MiniOzoneClusterImpl (MiniOzoneClusterImpl.java:shutdown(437)) - Shutting down the Mini Ozone Cluster
2022-02-17 10:48:18,808 [Listener at 127.0.0.1/33953] INFO  ozone.MiniOzoneHAClusterImpl (MiniOzoneHAClusterImpl.java:stop(308)) - Stopping the OzoneManager omNode-1
2022-02-17 10:48:18,808 [Listener at 127.0.0.1/33953] INFO  om.OzoneManager (OzoneManager.java:stop(1893)) - omNode-1[localhost:33953]: Stopping Ozone Manager
2022-02-17 10:48:18,808 [grpc-default-executor-2] INFO  ratis.XceiverServerRatis (XceiverServerRatis.java:handleLeaderChangedNotification(867)) - Leader change notification received for group: group-1EE814415694 with new leaderId: 0523a322-62fb-48ad-ac32-b14e75d36544
2022-02-17 10:48:18,808 [grpc-default-executor-2] INFO  server.RaftServer$Division (ServerState.java:setLeader(285)) - ac81e281-9cee-42de-af7f-7eadfff53290@group-1EE814415694: change Leader from null to 0523a322-62fb-48ad-ac32-b14e75d36544 at term 3 for appendEntries, leader elected after 10583ms
2022-02-17 10:48:18,810 [Listener at 127.0.0.1/33953] INFO  ipc.Server (Server.java:stop(3414)) - Stopping server on 33953
2022-02-17 10:48:18,825 [grpc-default-executor-2] INFO  server.RaftServer$Division (ServerState.java:setRaftConf(387)) - ac81e281-9cee-42de-af7f-7eadfff53290@group-1EE814415694: set configuration 0: [0523a322-62fb-48ad-ac32-b14e75d36544|rpc:127.0.0.1:40599|dataStream:|priority:1, ac81e281-9cee-42de-af7f-7eadfff53290|rpc:127.0.0.1:46507|dataStream:|priority:0, 3b6373f7-c408-47d6-bd58-f170bcabf6e4|rpc:127.0.0.1:45045|dataStream:|priority:0], old=null
2022-02-17 10:48:18,825 [grpc-default-executor-2] INFO  segmented.SegmentedRaftLogWorker (SegmentedRaftLogWorker.java:startLogSegment(394)) - ac81e281-9cee-42de-af7f-7eadfff53290@group-1EE814415694-SegmentedRaftLogWorker: Starting segment from index:0
2022-02-17 10:48:18,829 [ac81e281-9cee-42de-af7f-7eadfff53290@group-1EE814415694-SegmentedRaftLogWorker] INFO  segmented.SegmentedRaftLogWorker (SegmentedRaftLogWorker.java:execute(601)) - ac81e281-9cee-42de-af7f-7eadfff53290@group-1EE814415694-SegmentedRaftLogWorker: created new log segment /home/runner/work/ozone/ozone/hadoop-ozone/integration-test/target/test-dir/MiniOzoneClusterImpl-314b2a1d-9ab5-4841-b3ea-c00b8cba638f/datanode-0/data/ratis/5d796023-b839-4c54-b6ea-1ee814415694/current/log_inprogress_0
2022-02-17 10:48:18,869 [IPC Server listener on 33953] INFO  ipc.Server (Server.java:run(1376)) - Stopping IPC Server listener on 33953
2022-02-17 10:48:18,869 [IPC Server Responder] INFO  ipc.Server (Server.java:run(1512)) - Stopping IPC Server Responder
2022-02-17 10:48:18,869 [Listener at 127.0.0.1/33953] INFO  server.RaftServer (RaftServerProxy.java:lambda$close$6(391)) - omNode-1: close
2022-02-17 10:48:18,870 [Listener at 127.0.0.1/33953] INFO  server.RaftServer$Division (RaftServerImpl.java:lambda$close$4(412)) - omNode-1@group-523986131536: shutdown
2022-02-17 10:48:18,870 [Listener at 127.0.0.1/33953] INFO  util.JmxRegister (JmxRegister.java:unregister(73)) - Successfully un-registered JMX Bean with object name Ratis:service=RaftServer,group=group-523986131536,id=omNode-1
2022-02-17 10:48:18,870 [Listener at 127.0.0.1/33953] INFO  impl.RoleInfo (RoleInfo.java:shutdownLeaderState(91)) - omNode-1: shutdown omNode-1@group-523986131536-LeaderStateImpl
2022-02-17 10:48:18,870 [Listener at 127.0.0.1/33953] INFO  impl.PendingRequests (PendingRequests.java:sendNotLeaderResponses(282)) - omNode-1@group-523986131536-PendingRequests: sendNotLeaderResponses
2022-02-17 10:48:18,871 [Listener at 127.0.0.1/33953] INFO  impl.StateMachineUpdater (StateMachineUpdater.java:stopAndJoin(149)) - omNode-1@group-523986131536-StateMachineUpdater: set stopIndex = 0
2022-02-17 10:48:18,871 [omNode-1@group-523986131536-StateMachineUpdater] INFO  ratis.OzoneManagerStateMachine (OzoneManagerStateMachine.java:takeSnapshot(417)) - Current Snapshot Index (t:1, i:0)
2022-02-17 10:48:18,881 [omNode-1@group-523986131536-StateMachineUpdater] INFO  impl.StateMachineUpdater (StateMachineUpdater.java:takeSnapshot(281)) - omNode-1@group-523986131536-StateMachineUpdater: Took a snapshot at index 0
2022-02-17 10:48:18,881 [omNode-1@group-523986131536-StateMachineUpdater] INFO  impl.StateMachineUpdater (StateMachineUpdater.java:lambda$new$0(89)) - omNode-1@group-523986131536-StateMachineUpdater: snapshotIndex: updateIncreasingly -1 -> 0
2022-02-17 10:48:18,882 [omNode-1@group-523986131536-StateMachineUpdater] INFO  ratis.OzoneManagerStateMachine (OzoneManagerStateMachine.java:close(471)) - StateMachine has shutdown. Shutdown OzoneManager if not already shutdown.
2022-02-17 10:48:18,882 [Listener at 127.0.0.1/33953] INFO  server.RaftServer$Division (ServerState.java:close(419)) - omNode-1@group-523986131536: closes. applyIndex: 0
2022-02-17 10:48:18,882 [omNode-1@group-523986131536-SegmentedRaftLogWorker] INFO  segmented.SegmentedRaftLogWorker (SegmentedRaftLogWorker.java:run(327)) - omNode-1@group-523986131536-SegmentedRaftLogWorker was interrupted, exiting. There are 0 tasks remaining in the queue.
2022-02-17 10:48:18,889 [Listener at 127.0.0.1/33953] INFO  segmented.SegmentedRaftLogWorker (SegmentedRaftLogWorker.java:close(237)) - omNode-1@group-523986131536-SegmentedRaftLogWorker close()
2022-02-17 10:48:18,901 [Listener at 127.0.0.1/33953] INFO  server.GrpcService (GrpcService.java:closeImpl(262)) - omNode-1: shutdown server with port 35189 now
2022-02-17 10:48:18,902 [Listener at 127.0.0.1/33953] INFO  server.GrpcService (GrpcService.java:closeImpl(271)) - omNode-1: shutdown server with port 35189 successfully
2022-02-17 10:48:18,902 [org.apache.ratis.util.JvmPauseMonitor$$Lambda$503/2086945474@1af0dc3c] INFO  util.JvmPauseMonitor (JvmPauseMonitor.java:run(109)) - JvmPauseMonitor-omNode-1: Stopped
2022-02-17 10:48:18,902 [Listener at 127.0.0.1/33953] INFO  ratis.OzoneManagerDoubleBuffer (OzoneManagerDoubleBuffer.java:stop(437)) - Stopping OMDoubleBuffer flush thread
2022-02-17 10:48:18,902 [OMDoubleBufferFlushThread] INFO  ratis.OzoneManagerDoubleBuffer (OzoneManagerDoubleBuffer.java:flushTransactions(356)) - OMDoubleBuffer flush thread OMDoubleBufferFlushThread is interrupted and will exit. OMDoubleBufferFlushThread
2022-02-17 10:48:18,902 [Listener at 127.0.0.1/33953] INFO  utils.BackgroundService (BackgroundService.java:shutdown(132)) - Shutting down service KeyDeletingService
2022-02-17 10:48:18,903 [Listener at 127.0.0.1/33953] INFO  utils.BackgroundService (BackgroundService.java:shutdown(132)) - Shutting down service DirectoryDeletingService
2022-02-17 10:48:18,905 [Listener at 127.0.0.1/33953] INFO  handler.ContextHandler (ContextHandler.java:doStop(1153)) - Stopped o.e.j.w.WebAppContext@4bb1d848{ozoneManager,/,null,STOPPED}{file:/home/runner/work/ozone/ozone/hadoop-ozone/integration-test/target/test-classes/webapps/ozoneManager}
2022-02-17 10:48:18,908 [Listener at 127.0.0.1/33953] INFO  server.AbstractConnector (AbstractConnector.java:doStop(381)) - Stopped ServerConnector@114a18d6{HTTP/1.1, (http/1.1)}{0.0.0.0:43511}
2022-02-17 10:48:18,908 [Listener at 127.0.0.1/33953] INFO  server.session (HouseKeeper.java:stopScavenging(149)) - node0 Stopped scavenging
2022-02-17 10:48:18,909 [Listener at 127.0.0.1/33953] INFO  handler.ContextHandler (ContextHandler.java:doStop(1153)) - Stopped o.e.j.s.ServletContextHandler@44cb6b2a{static,/static,file:///home/runner/work/ozone/ozone/hadoop-ozone/integration-test/target/test-classes/webapps/static,STOPPED}
2022-02-17 10:48:18,909 [Listener at 127.0.0.1/33953] INFO  handler.ContextHandler (ContextHandler.java:doStop(1153)) - Stopped o.e.j.s.ServletContextHandler@3b9d2ed7{logs,/logs,file:///home/runner/work/ozone/ozone/hadoop-ozone/integration-test/target/log,STOPPED}
2022-02-17 10:48:18,914 [Listener at 127.0.0.1/33953] INFO  ozone.MiniOzoneHAClusterImpl (MiniOzoneHAClusterImpl.java:stop(316)) - Stopping the StorageContainerManager 01f34702-14f0-4566-9f1c-66e15822e926
2022-02-17 10:48:18,914 [Listener at 127.0.0.1/33953] INFO  server.StorageContainerManager (StorageContainerManager.java:stop(1390)) - Stopping Container Balancer service.
2022-02-17 10:48:18,914 [Listener at 127.0.0.1/33953] INFO  balancer.ContainerBalancer (ContainerBalancer.java:stop(751)) - Container Balancer is not running.
2022-02-17 10:48:18,914 [Listener at 127.0.0.1/33953] INFO  server.StorageContainerManager (StorageContainerManager.java:stop(1397)) - Stopping Replication Manager Service.
2022-02-17 10:48:18,914 [Listener at 127.0.0.1/33953] INFO  container.ReplicationManager (ReplicationManager.java:stop(357)) - Stopping Replication Monitor Thread.
2022-02-17 10:48:18,915 [Listener at 127.0.0.1/33953] INFO  server.StorageContainerManager (StorageContainerManager.java:stop(1404)) - Stopping the Datanode Admin Monitor.
2022-02-17 10:48:18,915 [Listener at 127.0.0.1/33953] INFO  server.StorageContainerManager (StorageContainerManager.java:stop(1411)) - Stopping Lease Manager of the command watchers
2022-02-17 10:48:18,915 [Listener at 127.0.0.1/33953] INFO  server.StorageContainerManager (StorageContainerManager.java:stop(1418)) - Stopping datanode service RPC server
2022-02-17 10:48:18,915 [Listener at 127.0.0.1/33953] INFO  server.SCMDatanodeProtocolServer (SCMDatanodeProtocolServer.java:stop(390)) - Stopping the RPC server for DataNodes
2022-02-17 10:48:18,915 [Listener at 127.0.0.1/33953] INFO  ipc.Server (Server.java:stop(3414)) - Stopping server on 43155
2022-02-17 10:48:18,917 [IPC Server listener on 43155] INFO  ipc.Server (Server.java:run(1376)) - Stopping IPC Server listener on 43155
2022-02-17 10:48:18,917 [IPC Server Responder] INFO  ipc.Server (Server.java:run(1512)) - Stopping IPC Server Responder
2022-02-17 10:48:18,934 [SCM Heartbeat Processing Thread - 0] WARN  node.NodeStateManager (NodeStateManager.java:scheduleNextHealthCheck(799)) - Current Thread is interrupted, shutting down HB processing thread for Node Manager.
2022-02-17 10:48:18,935 [Listener at 127.0.0.1/33953] INFO  server.StorageContainerManager (StorageContainerManager.java:stop(1426)) - Stopping block service RPC server
2022-02-17 10:48:18,935 [Listener at 127.0.0.1/33953] INFO  server.SCMBlockProtocolServer (SCMBlockProtocolServer.java:stop(160)) - Stopping the RPC server for Block Protocol
2022-02-17 10:48:18,935 [Listener at 127.0.0.1/33953] INFO  ipc.Server (Server.java:stop(3414)) - Stopping server on 37931
2022-02-17 10:48:18,938 [IPC Server listener on 37931] INFO  ipc.Server (Server.java:run(1376)) - Stopping IPC Server listener on 37931
2022-02-17 10:48:18,938 [Listener at 127.0.0.1/33953] INFO  server.StorageContainerManager (StorageContainerManager.java:stop(1433)) - Stopping the StorageContainerLocationProtocol RPC server
2022-02-17 10:48:18,938 [IPC Server Responder] INFO  ipc.Server (Server.java:run(1512)) - Stopping IPC Server Responder
2022-02-17 10:48:18,938 [Listener at 127.0.0.1/33953] INFO  server.SCMClientProtocolServer (SCMClientProtocolServer.java:stop(174)) - Stopping the RPC server for Client Protocol
2022-02-17 10:48:18,939 [Listener at 127.0.0.1/33953] INFO  ipc.Server (Server.java:stop(3414)) - Stopping server on 42503
2022-02-17 10:48:18,945 [IPC Server listener on 42503] INFO  ipc.Server (Server.java:run(1376)) - Stopping IPC Server listener on 42503
2022-02-17 10:48:18,945 [Listener at 127.0.0.1/33953] INFO  server.StorageContainerManager (StorageContainerManager.java:stop(1440)) - Stopping Storage Container Manager HTTP server.
2022-02-17 10:48:18,946 [Listener at 127.0.0.1/33953] INFO  handler.ContextHandler (ContextHandler.java:doStop(1153)) - Stopped o.e.j.w.WebAppContext@70bf8804{scm,/,null,STOPPED}{file:/home/runner/work/ozone/ozone/hadoop-ozone/integration-test/target/test-classes/webapps/scm}
2022-02-17 10:48:18,946 [IPC Server Responder] INFO  ipc.Server (Server.java:run(1512)) - Stopping IPC Server Responder
2022-02-17 10:48:18,950 [Listener at 127.0.0.1/33953] INFO  server.AbstractConnector (AbstractConnector.java:doStop(381)) - Stopped ServerConnector@6d8e8a06{HTTP/1.1, (http/1.1)}{0.0.0.0:36091}
2022-02-17 10:48:18,950 [Listener at 127.0.0.1/33953] INFO  server.session (HouseKeeper.java:stopScavenging(149)) - node0 Stopped scavenging
2022-02-17 10:48:18,950 [Listener at 127.0.0.1/33953] INFO  handler.ContextHandler (ContextHandler.java:doStop(1153)) - Stopped o.e.j.s.ServletContextHandler@3cd94f7d{static,/static,file:///home/runner/work/ozone/ozone/hadoop-ozone/integration-test/target/test-classes/webapps/static,STOPPED}
2022-02-17 10:48:18,951 [Listener at 127.0.0.1/33953] INFO  handler.ContextHandler (ContextHandler.java:doStop(1153)) - Stopped o.e.j.s.ServletContextHandler@6afe2400{logs,/logs,file:///home/runner/work/ozone/ozone/hadoop-ozone/integration-test/target/log,STOPPED}
2022-02-17 10:48:18,952 [Listener at 127.0.0.1/33953] INFO  server.StorageContainerManager (StorageContainerManager.java:stop(1451)) - Stopping Block Manager Service.
2022-02-17 10:48:18,952 [Listener at 127.0.0.1/33953] INFO  utils.BackgroundService (BackgroundService.java:shutdown(132)) - Shutting down service SCMBlockDeletingService
2022-02-17 10:48:18,952 [Listener at 127.0.0.1/33953] INFO  utils.BackgroundService (BackgroundService.java:shutdown(132)) - Shutting down service SCMBlockDeletingService
2022-02-17 10:48:18,953 [Listener at 127.0.0.1/33953] INFO  server.StorageContainerManager (StorageContainerManager.java:stop(1478)) - Stopping SCM Event Queue.
2022-02-17 10:48:18,954 [Listener at 127.0.0.1/33953] INFO  server.StorageContainerManager (StorageContainerManager.java:stop(1489)) - Stopping SCM HA services.
2022-02-17 10:48:18,954 [Listener at 127.0.0.1/33953] INFO  ha.SCMRatisServerImpl (SCMRatisServerImpl.java:stop(236)) - stopping ratis server 0.0.0.0:43373
2022-02-17 10:48:18,954 [Listener at 127.0.0.1/33953] INFO  server.RaftServer (RaftServerProxy.java:lambda$close$6(391)) - 01f34702-14f0-4566-9f1c-66e15822e926: close
2022-02-17 10:48:18,954 [Listener at 127.0.0.1/33953] INFO  server.RaftServer$Division (RaftServerImpl.java:lambda$close$4(412)) - 01f34702-14f0-4566-9f1c-66e15822e926@group-C00B8CBA638F: shutdown
2022-02-17 10:48:18,955 [Listener at 127.0.0.1/33953] INFO  util.JmxRegister (JmxRegister.java:unregister(73)) - Successfully un-registered JMX Bean with object name Ratis:service=RaftServer,group=group-C00B8CBA638F,id=01f34702-14f0-4566-9f1c-66e15822e926
2022-02-17 10:48:18,955 [Listener at 127.0.0.1/33953] INFO  impl.RoleInfo (RoleInfo.java:shutdownFollowerState(108)) - 01f34702-14f0-4566-9f1c-66e15822e926: shutdown 01f34702-14f0-4566-9f1c-66e15822e926@group-C00B8CBA638F-FollowerState
2022-02-17 10:48:18,955 [01f34702-14f0-4566-9f1c-66e15822e926@group-C00B8CBA638F-FollowerState] INFO  impl.FollowerState (FollowerState.java:run(143)) - 01f34702-14f0-4566-9f1c-66e15822e926@group-C00B8CBA638F-FollowerState was interrupted: {}
java.lang.InterruptedException: sleep interrupted
	at java.lang.Thread.sleep(Native Method)
	at java.lang.Thread.sleep(Thread.java:342)
	at java.util.concurrent.TimeUnit.sleep(TimeUnit.java:386)
	at org.apache.ratis.util.TimeDuration.sleep(TimeDuration.java:324)
	at org.apache.ratis.util.TimeDuration.sleep(TimeDuration.java:309)
	at org.apache.ratis.server.impl.FollowerState.run(FollowerState.java:118)
2022-02-17 10:48:18,956 [01f34702-14f0-4566-9f1c-66e15822e926@group-C00B8CBA638F-StateMachineUpdater] INFO  ha.SCMStateMachine (SCMStateMachine.java:takeSnapshot(297)) - Current Snapshot Index 29, takeSnapshot took 0 ms
2022-02-17 10:48:18,957 [01f34702-14f0-4566-9f1c-66e15822e926@group-C00B8CBA638F-StateMachineUpdater] INFO  impl.StateMachineUpdater (StateMachineUpdater.java:takeSnapshot(281)) - 01f34702-14f0-4566-9f1c-66e15822e926@group-C00B8CBA638F-StateMachineUpdater: Took a snapshot at index 29
2022-02-17 10:48:18,957 [01f34702-14f0-4566-9f1c-66e15822e926@group-C00B8CBA638F-StateMachineUpdater] INFO  impl.StateMachineUpdater (StateMachineUpdater.java:lambda$new$0(89)) - 01f34702-14f0-4566-9f1c-66e15822e926@group-C00B8CBA638F-StateMachineUpdater: snapshotIndex: updateIncreasingly 28 -> 29
2022-02-17 10:48:18,957 [Listener at 127.0.0.1/33953] INFO  impl.StateMachineUpdater (StateMachineUpdater.java:stopAndJoin(149)) - 01f34702-14f0-4566-9f1c-66e15822e926@group-C00B8CBA638F-StateMachineUpdater: set stopIndex = 29
2022-02-17 10:48:18,957 [Listener at 127.0.0.1/33953] INFO  server.RaftServer$Division (ServerState.java:close(419)) - 01f34702-14f0-4566-9f1c-66e15822e926@group-C00B8CBA638F: closes. applyIndex: 28
2022-02-17 10:48:18,966 [01f34702-14f0-4566-9f1c-66e15822e926@group-C00B8CBA638F-SegmentedRaftLogWorker] INFO  segmented.SegmentedRaftLogWorker (SegmentedRaftLogWorker.java:run(327)) - 01f34702-14f0-4566-9f1c-66e15822e926@group-C00B8CBA638F-SegmentedRaftLogWorker was interrupted, exiting. There are 0 tasks remaining in the queue.
2022-02-17 10:48:18,973 [Listener at 127.0.0.1/33953] INFO  segmented.SegmentedRaftLogWorker (SegmentedRaftLogWorker.java:close(237)) - 01f34702-14f0-4566-9f1c-66e15822e926@group-C00B8CBA638F-SegmentedRaftLogWorker close()
2022-02-17 10:48:18,976 [Listener at 127.0.0.1/33953] INFO  server.GrpcService (GrpcService.java:closeImpl(262)) - 01f34702-14f0-4566-9f1c-66e15822e926: shutdown server with port 43373 now
2022-02-17 10:48:18,982 [Listener at 127.0.0.1/33953] INFO  server.GrpcService (GrpcService.java:closeImpl(271)) - 01f34702-14f0-4566-9f1c-66e15822e926: shutdown server with port 43373 successfully
2022-02-17 10:48:18,983 [org.apache.ratis.util.JvmPauseMonitor$$Lambda$503/2086945474@1749ed56] INFO  util.JvmPauseMonitor (JvmPauseMonitor.java:run(109)) - JvmPauseMonitor-01f34702-14f0-4566-9f1c-66e15822e926: Stopped
2022-02-17 10:48:18,983 [grpc-default-executor-3] WARN  server.GrpcServerProtocolService (LogUtils.java:warn(122)) - 01f34702-14f0-4566-9f1c-66e15822e926: installSnapshot onError, lastRequest: e1200b4d-f169-45a2-b87f-8a7ea851d305->01f34702-14f0-4566-9f1c-66e15822e926#1178-t2,previous=(t:2, i:29),leaderCommit=29,initializing? true,entries: size=1, first=(t:2, i:30), METADATAENTRY(c:29): org.apache.ratis.thirdparty.io.grpc.StatusRuntimeException: CANCELLED: client cancelled
2022-02-17 10:48:18,983 [grpc-default-executor-0] WARN  server.GrpcLogAppender (LogUtils.java:warn(122)) - e1200b4d-f169-45a2-b87f-8a7ea851d305@group-C00B8CBA638F->01f34702-14f0-4566-9f1c-66e15822e926-AppendLogResponseHandler: Failed appendEntries: org.apache.ratis.thirdparty.io.grpc.StatusRuntimeException: CANCELLED: HTTP/2 error code: CANCEL
Received Rst Stream
2022-02-17 10:48:18,983 [grpc-default-executor-0] INFO  leader.FollowerInfo (FollowerInfoImpl.java:lambda$new$0(47)) - e1200b4d-f169-45a2-b87f-8a7ea851d305@group-C00B8CBA638F->01f34702-14f0-4566-9f1c-66e15822e926: nextIndex: updateUnconditionally 31 -> 30
2022-02-17 10:48:18,989 [Listener at 127.0.0.1/33953] INFO  pipeline.BackgroundPipelineCreator (BackgroundPipelineCreator.java:stop(158)) - Stopping RatisPipelineUtilsThread.
2022-02-17 10:48:18,990 [Listener at 127.0.0.1/33953] INFO  server.StorageContainerManager (StorageContainerManager.java:stop(1499)) - Stopping SCM MetadataStore.
2022-02-17 10:48:18,991 [Listener at 127.0.0.1/33953] INFO  impl.MetricsSystemImpl (MetricsSystemImpl.java:stop(210)) - Stopping StorageContainerManager metrics system...
2022-02-17 10:48:18,996 [grpc-default-executor-2] WARN  server.GrpcLogAppender (LogUtils.java:warn(122)) - e1200b4d-f169-45a2-b87f-8a7ea851d305@group-C00B8CBA638F->01f34702-14f0-4566-9f1c-66e15822e926-AppendLogResponseHandler: Failed appendEntries: org.apache.ratis.thirdparty.io.grpc.StatusRuntimeException: UNAVAILABLE: io exception
2022-02-17 10:48:18,998 [grpc-default-executor-2] INFO  leader.FollowerInfo (FollowerInfoImpl.java:lambda$new$0(47)) - e1200b4d-f169-45a2-b87f-8a7ea851d305@group-C00B8CBA638F->01f34702-14f0-4566-9f1c-66e15822e926: nextIndex: updateUnconditionally 31 -> 30
2022-02-17 10:48:19,010 [prometheus] INFO  impl.MetricsSinkAdapter (MetricsSinkAdapter.java:publishMetricsFromQueue(141)) - prometheus thread interrupted.
2022-02-17 10:48:19,011 [Listener at 127.0.0.1/33953] INFO  impl.MetricsSystemImpl (MetricsSystemImpl.java:stop(216)) - StorageContainerManager metrics system stopped.
2022-02-17 10:48:19,011 [Listener at 127.0.0.1/33953] INFO  ozone.MiniOzoneHAClusterImpl (MiniOzoneHAClusterImpl.java:stop(316)) - Stopping the StorageContainerManager 4400b75d-245b-43c7-a398-1881376b84db
2022-02-17 10:48:19,011 [Listener at 127.0.0.1/33953] INFO  server.StorageContainerManager (StorageContainerManager.java:stop(1390)) - Stopping Container Balancer service.
2022-02-17 10:48:19,011 [Listener at 127.0.0.1/33953] INFO  balancer.ContainerBalancer (ContainerBalancer.java:stop(751)) - Container Balancer is not running.
2022-02-17 10:48:19,011 [Listener at 127.0.0.1/33953] INFO  server.StorageContainerManager (StorageContainerManager.java:stop(1397)) - Stopping Replication Manager Service.
2022-02-17 10:48:19,011 [Listener at 127.0.0.1/33953] INFO  container.ReplicationManager (ReplicationManager.java:stop(357)) - Stopping Replication Monitor Thread.
2022-02-17 10:48:19,011 [Listener at 127.0.0.1/33953] INFO  server.StorageContainerManager (StorageContainerManager.java:stop(1404)) - Stopping the Datanode Admin Monitor.
2022-02-17 10:48:19,012 [Listener at 127.0.0.1/33953] INFO  server.StorageContainerManager (StorageContainerManager.java:stop(1411)) - Stopping Lease Manager of the command watchers
2022-02-17 10:48:19,012 [Listener at 127.0.0.1/33953] INFO  server.StorageContainerManager (StorageContainerManager.java:stop(1418)) - Stopping datanode service RPC server
2022-02-17 10:48:19,012 [Listener at 127.0.0.1/33953] INFO  server.SCMDatanodeProtocolServer (SCMDatanodeProtocolServer.java:stop(390)) - Stopping the RPC server for DataNodes
2022-02-17 10:48:19,012 [Listener at 127.0.0.1/33953] INFO  ipc.Server (Server.java:stop(3414)) - Stopping server on 38221
2022-02-17 10:48:19,020 [IPC Server listener on 38221] INFO  ipc.Server (Server.java:run(1376)) - Stopping IPC Server listener on 38221
2022-02-17 10:48:19,024 [IPC Server Responder] INFO  ipc.Server (Server.java:run(1512)) - Stopping IPC Server Responder
2022-02-17 10:48:19,028 [EndpointStateMachine task thread for /127.0.0.1:41349 - 0 ] INFO  ipc.Client (Client.java:handleConnectionFailure(977)) - Retrying connect to server: localhost/127.0.0.1:41349. Already tried 13 time(s); retry policy is RetryUpToMaximumCountWithFixedSleep(maxRetries=15, sleepTime=1000 MILLISECONDS)
2022-02-17 10:48:19,034 [EndpointStateMachine task thread for /127.0.0.1:41937 - 0 ] INFO  ipc.Client (Client.java:handleConnectionFailure(977)) - Retrying connect to server: localhost/127.0.0.1:41937. Already tried 13 time(s); retry policy is RetryUpToMaximumCountWithFixedSleep(maxRetries=15, sleepTime=1000 MILLISECONDS)
2022-02-17 10:48:19,035 [EndpointStateMachine task thread for /127.0.0.1:46679 - 0 ] INFO  ipc.Client (Client.java:handleConnectionFailure(977)) - Retrying connect to server: localhost/127.0.0.1:46679. Already tried 13 time(s); retry policy is RetryUpToMaximumCountWithFixedSleep(maxRetries=15, sleepTime=1000 MILLISECONDS)
2022-02-17 10:48:19,102 [EndpointStateMachine task thread for /127.0.0.1:38221 - 0 ] WARN  statemachine.EndpointStateMachine (EndpointStateMachine.java:logIfNeeded(236)) - Unable to communicate to SCM server at localhost:38221 for past 0 seconds.
java.io.EOFException: End of File Exception between local host is: "fv-az12-716/10.1.0.49"; destination host is: "localhost":38221; : java.io.EOFException; For more details see:  http://wiki.apache.org/hadoop/EOFException
	at sun.reflect.NativeConstructorAccessorImpl.newInstance0(Native Method)
	at sun.reflect.NativeConstructorAccessorImpl.newInstance(NativeConstructorAccessorImpl.java:62)
	at sun.reflect.DelegatingConstructorAccessorImpl.newInstance(DelegatingConstructorAccessorImpl.java:45)
	at java.lang.reflect.Constructor.newInstance(Constructor.java:423)
	at org.apache.hadoop.net.NetUtils.wrapWithMessage(NetUtils.java:913)
	at org.apache.hadoop.net.NetUtils.wrapException(NetUtils.java:862)
	at org.apache.hadoop.ipc.Client.getRpcResponse(Client.java:1577)
	at org.apache.hadoop.ipc.Client.call(Client.java:1519)
	at org.apache.hadoop.ipc.Client.call(Client.java:1416)
	at org.apache.hadoop.ipc.ProtobufRpcEngine$Invoker.invoke(ProtobufRpcEngine.java:236)
	at org.apache.hadoop.ipc.ProtobufRpcEngine$Invoker.invoke(ProtobufRpcEngine.java:123)
	at com.sun.proxy.$Proxy48.submitRequest(Unknown Source)
	at org.apache.hadoop.ozone.protocolPB.StorageContainerDatanodeProtocolClientSideTranslatorPB.submitRequest(StorageContainerDatanodeProtocolClientSideTranslatorPB.java:117)
	at org.apache.hadoop.ozone.protocolPB.StorageContainerDatanodeProtocolClientSideTranslatorPB.register(StorageContainerDatanodeProtocolClientSideTranslatorPB.java:180)
	at org.apache.hadoop.ozone.container.common.states.endpoint.RegisterEndpointTask.call(RegisterEndpointTask.java:158)
	at org.apache.hadoop.ozone.container.common.states.endpoint.RegisterEndpointTask.call(RegisterEndpointTask.java:52)
	at java.util.concurrent.FutureTask.run(FutureTask.java:266)
	at java.util.concurrent.ThreadPoolExecutor.runWorker(ThreadPoolExecutor.java:1149)
	at java.util.concurrent.ThreadPoolExecutor$Worker.run(ThreadPoolExecutor.java:624)
	at java.lang.Thread.run(Thread.java:750)
Caused by: java.io.EOFException
	at java.io.DataInputStream.readInt(DataInputStream.java:392)
	at org.apache.hadoop.ipc.Client$IpcStreams.readResponse(Client.java:1892)
	at org.apache.hadoop.ipc.Client$Connection.receiveRpcResponse(Client.java:1202)
	at org.apache.hadoop.ipc.Client$Connection.run(Client.java:1098)
2022-02-17 10:48:19,106 [EndpointStateMachine task thread for /127.0.0.1:43155 - 0 ] WARN  statemachine.EndpointStateMachine (EndpointStateMachine.java:logIfNeeded(236)) - Unable to communicate to SCM server at localhost:43155 for past 0 seconds.
java.io.EOFException: End of File Exception between local host is: "fv-az12-716/10.1.0.49"; destination host is: "localhost":43155; : java.io.EOFException; For more details see:  http://wiki.apache.org/hadoop/EOFException
	at sun.reflect.NativeConstructorAccessorImpl.newInstance0(Native Method)
	at sun.reflect.NativeConstructorAccessorImpl.newInstance(NativeConstructorAccessorImpl.java:62)
	at sun.reflect.DelegatingConstructorAccessorImpl.newInstance(DelegatingConstructorAccessorImpl.java:45)
	at java.lang.reflect.Constructor.newInstance(Constructor.java:423)
	at org.apache.hadoop.net.NetUtils.wrapWithMessage(NetUtils.java:913)
	at org.apache.hadoop.net.NetUtils.wrapException(NetUtils.java:862)
	at org.apache.hadoop.ipc.Client.getRpcResponse(Client.java:1577)
	at org.apache.hadoop.ipc.Client.call(Client.java:1519)
	at org.apache.hadoop.ipc.Client.call(Client.java:1416)
	at org.apache.hadoop.ipc.ProtobufRpcEngine$Invoker.invoke(ProtobufRpcEngine.java:236)
	at org.apache.hadoop.ipc.ProtobufRpcEngine$Invoker.invoke(ProtobufRpcEngine.java:123)
	at com.sun.proxy.$Proxy48.submitRequest(Unknown Source)
	at org.apache.hadoop.ozone.protocolPB.StorageContainerDatanodeProtocolClientSideTranslatorPB.submitRequest(StorageContainerDatanodeProtocolClientSideTranslatorPB.java:117)
	at org.apache.hadoop.ozone.protocolPB.StorageContainerDatanodeProtocolClientSideTranslatorPB.sendHeartbeat(StorageContainerDatanodeProtocolClientSideTranslatorPB.java:149)
	at org.apache.hadoop.ozone.container.common.states.endpoint.HeartbeatEndpointTask.call(HeartbeatEndpointTask.java:179)
	at org.apache.hadoop.ozone.container.common.states.endpoint.HeartbeatEndpointTask.call(HeartbeatEndpointTask.java:82)
	at java.util.concurrent.FutureTask.run(FutureTask.java:266)
	at java.util.concurrent.ThreadPoolExecutor.runWorker(ThreadPoolExecutor.java:1149)
	at java.util.concurrent.ThreadPoolExecutor$Worker.run(ThreadPoolExecutor.java:624)
	at java.lang.Thread.run(Thread.java:750)
Caused by: java.io.EOFException
	at java.io.DataInputStream.readInt(DataInputStream.java:392)
	at org.apache.hadoop.ipc.Client$IpcStreams.readResponse(Client.java:1892)
	at org.apache.hadoop.ipc.Client$Connection.receiveRpcResponse(Client.java:1202)
	at org.apache.hadoop.ipc.Client$Connection.run(Client.java:1098)
2022-02-17 10:48:19,108 [SCM Heartbeat Processing Thread - 0] WARN  node.NodeStateManager (NodeStateManager.java:scheduleNextHealthCheck(799)) - Current Thread is interrupted, shutting down HB processing thread for Node Manager.
2022-02-17 10:48:19,108 [Listener at 127.0.0.1/33953] INFO  server.StorageContainerManager (StorageContainerManager.java:stop(1426)) - Stopping block service RPC server
2022-02-17 10:48:19,109 [Listener at 127.0.0.1/33953] INFO  server.SCMBlockProtocolServer (SCMBlockProtocolServer.java:stop(160)) - Stopping the RPC server for Block Protocol
2022-02-17 10:48:19,109 [Listener at 127.0.0.1/33953] INFO  ipc.Server (Server.java:stop(3414)) - Stopping server on 33255
2022-02-17 10:48:19,110 [IPC Server listener on 33255] INFO  ipc.Server (Server.java:run(1376)) - Stopping IPC Server listener on 33255
2022-02-17 10:48:19,113 [Listener at 127.0.0.1/33953] INFO  server.StorageContainerManager (StorageContainerManager.java:stop(1433)) - Stopping the StorageContainerLocationProtocol RPC server
2022-02-17 10:48:19,114 [Listener at 127.0.0.1/33953] INFO  server.SCMClientProtocolServer (SCMClientProtocolServer.java:stop(174)) - Stopping the RPC server for Client Protocol
2022-02-17 10:48:19,114 [Listener at 127.0.0.1/33953] INFO  ipc.Server (Server.java:stop(3414)) - Stopping server on 46253
2022-02-17 10:48:19,114 [IPC Server Responder] INFO  ipc.Server (Server.java:run(1512)) - Stopping IPC Server Responder
2022-02-17 10:48:19,118 [IPC Server listener on 46253] INFO  ipc.Server (Server.java:run(1376)) - Stopping IPC Server listener on 46253
2022-02-17 10:48:19,118 [Listener at 127.0.0.1/33953] INFO  server.StorageContainerManager (StorageContainerManager.java:stop(1440)) - Stopping Storage Container Manager HTTP server.
2022-02-17 10:48:19,118 [Listener at 127.0.0.1/33953] INFO  handler.ContextHandler (ContextHandler.java:doStop(1153)) - Stopped o.e.j.w.WebAppContext@70700265{scm,/,null,STOPPED}{file:/home/runner/work/ozone/ozone/hadoop-ozone/integration-test/target/test-classes/webapps/scm}
2022-02-17 10:48:19,119 [IPC Server Responder] INFO  ipc.Server (Server.java:run(1512)) - Stopping IPC Server Responder
2022-02-17 10:48:19,119 [Listener at 127.0.0.1/33953] INFO  server.AbstractConnector (AbstractConnector.java:doStop(381)) - Stopped ServerConnector@506c68ee{HTTP/1.1, (http/1.1)}{0.0.0.0:44805}
2022-02-17 10:48:19,120 [Listener at 127.0.0.1/33953] INFO  server.session (HouseKeeper.java:stopScavenging(149)) - node0 Stopped scavenging
2022-02-17 10:48:19,120 [Listener at 127.0.0.1/33953] INFO  handler.ContextHandler (ContextHandler.java:doStop(1153)) - Stopped o.e.j.s.ServletContextHandler@31ba5e17{static,/static,file:///home/runner/work/ozone/ozone/hadoop-ozone/integration-test/target/test-classes/webapps/static,STOPPED}
2022-02-17 10:48:19,121 [Listener at 127.0.0.1/33953] INFO  handler.ContextHandler (ContextHandler.java:doStop(1153)) - Stopped o.e.j.s.ServletContextHandler@16ee0c8f{logs,/logs,file:///home/runner/work/ozone/ozone/hadoop-ozone/integration-test/target/log,STOPPED}
2022-02-17 10:48:19,121 [Listener at 127.0.0.1/33953] INFO  server.StorageContainerManager (StorageContainerManager.java:stop(1451)) - Stopping Block Manager Service.
2022-02-17 10:48:19,122 [Listener at 127.0.0.1/33953] INFO  utils.BackgroundService (BackgroundService.java:shutdown(132)) - Shutting down service SCMBlockDeletingService
2022-02-17 10:48:19,122 [Listener at 127.0.0.1/33953] INFO  utils.BackgroundService (BackgroundService.java:shutdown(132)) - Shutting down service SCMBlockDeletingService
2022-02-17 10:48:19,123 [Listener at 127.0.0.1/33953] INFO  server.StorageContainerManager (StorageContainerManager.java:stop(1478)) - Stopping SCM Event Queue.
2022-02-17 10:48:19,126 [Listener at 127.0.0.1/33953] INFO  server.StorageContainerManager (StorageContainerManager.java:stop(1489)) - Stopping SCM HA services.
2022-02-17 10:48:19,126 [Listener at 127.0.0.1/33953] INFO  ha.SCMRatisServerImpl (SCMRatisServerImpl.java:stop(236)) - stopping ratis server 0.0.0.0:33733
2022-02-17 10:48:19,126 [Listener at 127.0.0.1/33953] INFO  server.RaftServer (RaftServerProxy.java:lambda$close$6(391)) - 4400b75d-245b-43c7-a398-1881376b84db: close
2022-02-17 10:48:19,126 [Listener at 127.0.0.1/33953] INFO  server.GrpcService (GrpcService.java:closeImpl(262)) - 4400b75d-245b-43c7-a398-1881376b84db: shutdown server with port 33733 now
2022-02-17 10:48:19,128 [grpc-default-executor-3] WARN  server.GrpcServerProtocolService (LogUtils.java:warn(122)) - 4400b75d-245b-43c7-a398-1881376b84db: installSnapshot onError, lastRequest: e1200b4d-f169-45a2-b87f-8a7ea851d305->4400b75d-245b-43c7-a398-1881376b84db#27-t2,previous=(t:2, i:29),leaderCommit=29,initializing? true,entries: size=1, first=(t:2, i:30), METADATAENTRY(c:29): org.apache.ratis.thirdparty.io.grpc.StatusRuntimeException: CANCELLED: client cancelled
2022-02-17 10:48:19,128 [grpc-default-executor-0] WARN  server.GrpcLogAppender (LogUtils.java:warn(122)) - e1200b4d-f169-45a2-b87f-8a7ea851d305@group-C00B8CBA638F->4400b75d-245b-43c7-a398-1881376b84db-AppendLogResponseHandler: Failed appendEntries: org.apache.ratis.thirdparty.io.grpc.StatusRuntimeException: CANCELLED: HTTP/2 error code: CANCEL
Received Rst Stream
2022-02-17 10:48:19,129 [grpc-default-executor-0] INFO  leader.FollowerInfo (FollowerInfoImpl.java:lambda$new$0(47)) - e1200b4d-f169-45a2-b87f-8a7ea851d305@group-C00B8CBA638F->4400b75d-245b-43c7-a398-1881376b84db: nextIndex: updateUnconditionally 31 -> 30
2022-02-17 10:48:19,130 [Listener at 127.0.0.1/33953] INFO  server.GrpcService (GrpcService.java:closeImpl(271)) - 4400b75d-245b-43c7-a398-1881376b84db: shutdown server with port 33733 successfully
2022-02-17 10:48:19,131 [org.apache.ratis.util.JvmPauseMonitor$$Lambda$503/2086945474@267a3722] INFO  util.JvmPauseMonitor (JvmPauseMonitor.java:run(109)) - JvmPauseMonitor-4400b75d-245b-43c7-a398-1881376b84db: Stopped
2022-02-17 10:48:19,132 [Listener at 127.0.0.1/33953] INFO  pipeline.BackgroundPipelineCreator (BackgroundPipelineCreator.java:stop(158)) - Stopping RatisPipelineUtilsThread.
2022-02-17 10:48:19,132 [Listener at 127.0.0.1/33953] INFO  server.StorageContainerManager (StorageContainerManager.java:stop(1499)) - Stopping SCM MetadataStore.
2022-02-17 10:48:19,132 [grpc-default-executor-0] WARN  server.GrpcLogAppender (LogUtils.java:warn(122)) - e1200b4d-f169-45a2-b87f-8a7ea851d305@group-C00B8CBA638F->4400b75d-245b-43c7-a398-1881376b84db-AppendLogResponseHandler: Failed appendEntries: org.apache.ratis.thirdparty.io.grpc.StatusRuntimeException: UNAVAILABLE: io exception
2022-02-17 10:48:19,133 [grpc-default-executor-0] INFO  leader.FollowerInfo (FollowerInfoImpl.java:lambda$new$0(47)) - e1200b4d-f169-45a2-b87f-8a7ea851d305@group-C00B8CBA638F->4400b75d-245b-43c7-a398-1881376b84db: nextIndex: updateUnconditionally 31 -> 30
2022-02-17 10:48:19,133 [Listener at 127.0.0.1/33953] INFO  impl.MetricsSystemImpl (MetricsSystemImpl.java:stop(205)) - StorageContainerManager metrics system stopped (again)
2022-02-17 10:48:19,133 [Listener at 127.0.0.1/33953] INFO  ozone.MiniOzoneHAClusterImpl (MiniOzoneHAClusterImpl.java:stop(316)) - Stopping the StorageContainerManager e1200b4d-f169-45a2-b87f-8a7ea851d305
2022-02-17 10:48:19,133 [Listener at 127.0.0.1/33953] INFO  server.StorageContainerManager (StorageContainerManager.java:stop(1390)) - Stopping Container Balancer service.
2022-02-17 10:48:19,133 [Listener at 127.0.0.1/33953] INFO  balancer.ContainerBalancer (ContainerBalancer.java:stop(751)) - Container Balancer is not running.
2022-02-17 10:48:19,133 [Listener at 127.0.0.1/33953] INFO  server.StorageContainerManager (StorageContainerManager.java:stop(1397)) - Stopping Replication Manager Service.
2022-02-17 10:48:19,134 [Listener at 127.0.0.1/33953] INFO  container.ReplicationManager (ReplicationManager.java:stop(357)) - Stopping Replication Monitor Thread.
2022-02-17 10:48:19,134 [Listener at 127.0.0.1/33953] INFO  server.StorageContainerManager (StorageContainerManager.java:stop(1404)) - Stopping the Datanode Admin Monitor.
2022-02-17 10:48:19,134 [Listener at 127.0.0.1/33953] INFO  server.StorageContainerManager (StorageContainerManager.java:stop(1411)) - Stopping Lease Manager of the command watchers
2022-02-17 10:48:19,139 [Listener at 127.0.0.1/33953] INFO  server.StorageContainerManager (StorageContainerManager.java:stop(1418)) - Stopping datanode service RPC server
2022-02-17 10:48:19,139 [Listener at 127.0.0.1/33953] INFO  server.SCMDatanodeProtocolServer (SCMDatanodeProtocolServer.java:stop(390)) - Stopping the RPC server for DataNodes
2022-02-17 10:48:19,139 [Listener at 127.0.0.1/33953] INFO  ipc.Server (Server.java:stop(3414)) - Stopping server on 37793
2022-02-17 10:48:19,143 [IPC Server listener on 37793] INFO  ipc.Server (Server.java:run(1376)) - Stopping IPC Server listener on 37793
2022-02-17 10:48:19,147 [IPC Server Responder] INFO  ipc.Server (Server.java:run(1512)) - Stopping IPC Server Responder
2022-02-17 10:48:19,662 [EndpointStateMachine task thread for /127.0.0.1:37793 - 0 ] WARN  statemachine.EndpointStateMachine (EndpointStateMachine.java:logIfNeeded(236)) - Unable to communicate to SCM server at 127.0.0.1:37793 for past 0 seconds.
java.io.EOFException: End of File Exception between local host is: "fv-az12-716/10.1.0.49"; destination host is: "localhost":37793; : java.io.EOFException; For more details see:  http://wiki.apache.org/hadoop/EOFException
	at sun.reflect.NativeConstructorAccessorImpl.newInstance0(Native Method)
	at sun.reflect.NativeConstructorAccessorImpl.newInstance(NativeConstructorAccessorImpl.java:62)
	at sun.reflect.DelegatingConstructorAccessorImpl.newInstance(DelegatingConstructorAccessorImpl.java:45)
	at java.lang.reflect.Constructor.newInstance(Constructor.java:423)
	at org.apache.hadoop.net.NetUtils.wrapWithMessage(NetUtils.java:913)
	at org.apache.hadoop.net.NetUtils.wrapException(NetUtils.java:862)
	at org.apache.hadoop.ipc.Client.getRpcResponse(Client.java:1577)
	at org.apache.hadoop.ipc.Client.call(Client.java:1519)
	at org.apache.hadoop.ipc.Client.call(Client.java:1416)
	at org.apache.hadoop.ipc.ProtobufRpcEngine$Invoker.invoke(ProtobufRpcEngine.java:236)
	at org.apache.hadoop.ipc.ProtobufRpcEngine$Invoker.invoke(ProtobufRpcEngine.java:123)
	at com.sun.proxy.$Proxy48.submitRequest(Unknown Source)
	at org.apache.hadoop.ozone.protocolPB.StorageContainerDatanodeProtocolClientSideTranslatorPB.submitRequest(StorageContainerDatanodeProtocolClientSideTranslatorPB.java:117)
	at org.apache.hadoop.ozone.protocolPB.StorageContainerDatanodeProtocolClientSideTranslatorPB.sendHeartbeat(StorageContainerDatanodeProtocolClientSideTranslatorPB.java:149)
	at org.apache.hadoop.ozone.container.common.states.endpoint.HeartbeatEndpointTask.call(HeartbeatEndpointTask.java:179)
	at org.apache.hadoop.ozone.container.common.states.endpoint.HeartbeatEndpointTask.call(HeartbeatEndpointTask.java:82)
	at java.util.concurrent.FutureTask.run(FutureTask.java:266)
	at java.util.concurrent.ThreadPoolExecutor.runWorker(ThreadPoolExecutor.java:1149)
	at java.util.concurrent.ThreadPoolExecutor$Worker.run(ThreadPoolExecutor.java:624)
	at java.lang.Thread.run(Thread.java:750)
Caused by: java.io.EOFException
	at java.io.DataInputStream.readInt(DataInputStream.java:392)
	at org.apache.hadoop.ipc.Client$IpcStreams.readResponse(Client.java:1892)
	at org.apache.hadoop.ipc.Client$Connection.receiveRpcResponse(Client.java:1202)
	at org.apache.hadoop.ipc.Client$Connection.run(Client.java:1098)
2022-02-17 10:48:20,028 [EndpointStateMachine task thread for /127.0.0.1:41349 - 0 ] INFO  ipc.Client (Client.java:handleConnectionFailure(977)) - Retrying connect to server: localhost/127.0.0.1:41349. Already tried 14 time(s); retry policy is RetryUpToMaximumCountWithFixedSleep(maxRetries=15, sleepTime=1000 MILLISECONDS)
2022-02-17 10:48:20,029 [EndpointStateMachine task thread for /127.0.0.1:41349 - 0 ] WARN  statemachine.EndpointStateMachine (EndpointStateMachine.java:logIfNeeded(236)) - Unable to communicate to SCM server at localhost:41349 for past 0 seconds.
java.net.ConnectException: Call From fv-az12-716/10.1.0.49 to localhost:41349 failed on connection exception: java.net.ConnectException: Connection refused; For more details see:  http://wiki.apache.org/hadoop/ConnectionRefused
	at sun.reflect.NativeConstructorAccessorImpl.newInstance0(Native Method)
	at sun.reflect.NativeConstructorAccessorImpl.newInstance(NativeConstructorAccessorImpl.java:62)
	at sun.reflect.DelegatingConstructorAccessorImpl.newInstance(DelegatingConstructorAccessorImpl.java:45)
	at java.lang.reflect.Constructor.newInstance(Constructor.java:423)
	at org.apache.hadoop.net.NetUtils.wrapWithMessage(NetUtils.java:913)
	at org.apache.hadoop.net.NetUtils.wrapException(NetUtils.java:828)
	at org.apache.hadoop.ipc.Client.getRpcResponse(Client.java:1577)
	at org.apache.hadoop.ipc.Client.call(Client.java:1519)
	at org.apache.hadoop.ipc.Client.call(Client.java:1416)
	at org.apache.hadoop.ipc.ProtobufRpcEngine$Invoker.invoke(ProtobufRpcEngine.java:236)
	at org.apache.hadoop.ipc.ProtobufRpcEngine$Invoker.invoke(ProtobufRpcEngine.java:123)
	at com.sun.proxy.$Proxy48.submitRequest(Unknown Source)
	at org.apache.hadoop.ozone.protocolPB.StorageContainerDatanodeProtocolClientSideTranslatorPB.submitRequest(StorageContainerDatanodeProtocolClientSideTranslatorPB.java:117)
	at org.apache.hadoop.ozone.protocolPB.StorageContainerDatanodeProtocolClientSideTranslatorPB.register(StorageContainerDatanodeProtocolClientSideTranslatorPB.java:180)
	at org.apache.hadoop.ozone.container.common.states.endpoint.RegisterEndpointTask.call(RegisterEndpointTask.java:158)
	at org.apache.hadoop.ozone.container.common.states.endpoint.RegisterEndpointTask.call(RegisterEndpointTask.java:52)
	at java.util.concurrent.FutureTask.run(FutureTask.java:266)
	at java.util.concurrent.ThreadPoolExecutor.runWorker(ThreadPoolExecutor.java:1149)
	at java.util.concurrent.ThreadPoolExecutor$Worker.run(ThreadPoolExecutor.java:624)
	at java.lang.Thread.run(Thread.java:750)
Caused by: java.net.ConnectException: Connection refused
	at sun.nio.ch.SocketChannelImpl.checkConnect(Native Method)
	at sun.nio.ch.SocketChannelImpl.finishConnect(SocketChannelImpl.java:716)
	at org.apache.hadoop.net.SocketIOWithTimeout.connect(SocketIOWithTimeout.java:206)
	at org.apache.hadoop.net.NetUtils.connect(NetUtils.java:586)
	at org.apache.hadoop.ipc.Client$Connection.setupConnection(Client.java:701)
	at org.apache.hadoop.ipc.Client$Connection.setupIOstreams(Client.java:822)
	at org.apache.hadoop.ipc.Client$Connection.access$3800(Client.java:414)
	at org.apache.hadoop.ipc.Client.getConnection(Client.java:1647)
	at org.apache.hadoop.ipc.Client.call(Client.java:1463)
	... 12 more
2022-02-17 10:48:20,034 [EndpointStateMachine task thread for /127.0.0.1:41937 - 0 ] INFO  ipc.Client (Client.java:handleConnectionFailure(977)) - Retrying connect to server: localhost/127.0.0.1:41937. Already tried 14 time(s); retry policy is RetryUpToMaximumCountWithFixedSleep(maxRetries=15, sleepTime=1000 MILLISECONDS)
2022-02-17 10:48:20,035 [EndpointStateMachine task thread for /127.0.0.1:46679 - 0 ] INFO  ipc.Client (Client.java:handleConnectionFailure(977)) - Retrying connect to server: localhost/127.0.0.1:46679. Already tried 14 time(s); retry policy is RetryUpToMaximumCountWithFixedSleep(maxRetries=15, sleepTime=1000 MILLISECONDS)
2022-02-17 10:48:20,036 [EndpointStateMachine task thread for /127.0.0.1:46679 - 0 ] WARN  statemachine.EndpointStateMachine (EndpointStateMachine.java:logIfNeeded(236)) - Unable to communicate to SCM server at localhost:46679 for past 0 seconds.
java.net.ConnectException: Call From fv-az12-716/10.1.0.49 to localhost:46679 failed on connection exception: java.net.ConnectException: Connection refused; For more details see:  http://wiki.apache.org/hadoop/ConnectionRefused
	at sun.reflect.NativeConstructorAccessorImpl.newInstance0(Native Method)
	at sun.reflect.NativeConstructorAccessorImpl.newInstance(NativeConstructorAccessorImpl.java:62)
	at sun.reflect.DelegatingConstructorAccessorImpl.newInstance(DelegatingConstructorAccessorImpl.java:45)
	at java.lang.reflect.Constructor.newInstance(Constructor.java:423)
	at org.apache.hadoop.net.NetUtils.wrapWithMessage(NetUtils.java:913)
	at org.apache.hadoop.net.NetUtils.wrapException(NetUtils.java:828)
	at org.apache.hadoop.ipc.Client.getRpcResponse(Client.java:1577)
	at org.apache.hadoop.ipc.Client.call(Client.java:1519)
	at org.apache.hadoop.ipc.Client.call(Client.java:1416)
	at org.apache.hadoop.ipc.ProtobufRpcEngine$Invoker.invoke(ProtobufRpcEngine.java:236)
	at org.apache.hadoop.ipc.ProtobufRpcEngine$Invoker.invoke(ProtobufRpcEngine.java:123)
	at com.sun.proxy.$Proxy48.submitRequest(Unknown Source)
	at org.apache.hadoop.ozone.protocolPB.StorageContainerDatanodeProtocolClientSideTranslatorPB.submitRequest(StorageContainerDatanodeProtocolClientSideTranslatorPB.java:117)
	at org.apache.hadoop.ozone.protocolPB.StorageContainerDatanodeProtocolClientSideTranslatorPB.sendHeartbeat(StorageContainerDatanodeProtocolClientSideTranslatorPB.java:149)
	at org.apache.hadoop.ozone.container.common.states.endpoint.HeartbeatEndpointTask.call(HeartbeatEndpointTask.java:179)
	at org.apache.hadoop.ozone.container.common.states.endpoint.HeartbeatEndpointTask.call(HeartbeatEndpointTask.java:82)
	at java.util.concurrent.FutureTask.run(FutureTask.java:266)
	at java.util.concurrent.ThreadPoolExecutor.runWorker(ThreadPoolExecutor.java:1149)
	at java.util.concurrent.ThreadPoolExecutor$Worker.run(ThreadPoolExecutor.java:624)
	at java.lang.Thread.run(Thread.java:750)
Caused by: java.net.ConnectException: Connection refused
	at sun.nio.ch.SocketChannelImpl.checkConnect(Native Method)
	at sun.nio.ch.SocketChannelImpl.finishConnect(SocketChannelImpl.java:716)
	at org.apache.hadoop.net.SocketIOWithTimeout.connect(SocketIOWithTimeout.java:206)
	at org.apache.hadoop.net.NetUtils.connect(NetUtils.java:586)
	at org.apache.hadoop.ipc.Client$Connection.setupConnection(Client.java:701)
	at org.apache.hadoop.ipc.Client$Connection.setupIOstreams(Client.java:822)
	at org.apache.hadoop.ipc.Client$Connection.access$3800(Client.java:414)
	at org.apache.hadoop.ipc.Client.getConnection(Client.java:1647)
	at org.apache.hadoop.ipc.Client.call(Client.java:1463)
	... 12 more
2022-02-17 10:48:20,658 [Datanode State Machine Daemon Thread] ERROR datanode.RunningDatanodeState (RunningDatanodeState.java:computeNextContainerState(199)) - Error in executing end point task.
java.util.concurrent.ExecutionException: java.util.concurrent.TimeoutException
	at java.util.concurrent.FutureTask.report(FutureTask.java:122)
	at java.util.concurrent.FutureTask.get(FutureTask.java:192)
	at org.apache.hadoop.ozone.container.common.states.datanode.RunningDatanodeState.computeNextContainerState(RunningDatanodeState.java:191)
	at org.apache.hadoop.ozone.container.common.states.datanode.RunningDatanodeState.await(RunningDatanodeState.java:231)
	at org.apache.hadoop.ozone.container.common.states.datanode.RunningDatanodeState.await(RunningDatanodeState.java:50)
	at org.apache.hadoop.ozone.container.common.statemachine.StateContext.execute(StateContext.java:633)
	at org.apache.hadoop.ozone.container.common.statemachine.DatanodeStateMachine.start(DatanodeStateMachine.java:283)
	at org.apache.hadoop.ozone.container.common.statemachine.DatanodeStateMachine.lambda$startDaemon$0(DatanodeStateMachine.java:471)
	at java.lang.Thread.run(Thread.java:750)
Caused by: java.util.concurrent.TimeoutException
	at java.util.concurrent.FutureTask.get(FutureTask.java:205)
	at org.apache.hadoop.ozone.container.common.states.datanode.RunningDatanodeState.lambda$execute$0(RunningDatanodeState.java:149)
	at java.util.concurrent.FutureTask.run(FutureTask.java:266)
	at java.util.concurrent.Executors$RunnableAdapter.call(Executors.java:511)
	at java.util.concurrent.FutureTask.run(FutureTask.java:266)
	at java.util.concurrent.ThreadPoolExecutor.runWorker(ThreadPoolExecutor.java:1149)
	at java.util.concurrent.ThreadPoolExecutor$Worker.run(ThreadPoolExecutor.java:624)
	... 1 more
2022-02-17 10:48:20,663 [EndpointStateMachine task thread for /127.0.0.1:38221 - 0 ] INFO  ipc.Client (Client.java:handleConnectionFailure(977)) - Retrying connect to server: localhost/127.0.0.1:38221. Already tried 0 time(s); retry policy is RetryUpToMaximumCountWithFixedSleep(maxRetries=15, sleepTime=1000 MILLISECONDS)
2022-02-17 10:48:20,664 [EndpointStateMachine task thread for /127.0.0.1:43155 - 0 ] INFO  ipc.Client (Client.java:handleConnectionFailure(977)) - Retrying connect to server: localhost/127.0.0.1:43155. Already tried 0 time(s); retry policy is RetryUpToMaximumCountWithFixedSleep(maxRetries=15, sleepTime=1000 MILLISECONDS)
2022-02-17 10:48:20,667 [EndpointStateMachine task thread for /127.0.0.1:37793 - 0 ] INFO  ipc.Client (Client.java:handleConnectionFailure(977)) - Retrying connect to server: localhost/127.0.0.1:37793. Already tried 0 time(s); retry policy is RetryUpToMaximumCountWithFixedSleep(maxRetries=15, sleepTime=1000 MILLISECONDS)
2022-02-17 10:48:21,031 [EndpointStateMachine task thread for /127.0.0.1:41349 - 0 ] INFO  ipc.Client (Client.java:handleConnectionFailure(977)) - Retrying connect to server: localhost/127.0.0.1:41349. Already tried 0 time(s); retry policy is RetryUpToMaximumCountWithFixedSleep(maxRetries=15, sleepTime=1000 MILLISECONDS)
2022-02-17 10:48:21,035 [EndpointStateMachine task thread for /127.0.0.1:41937 - 0 ] INFO  ipc.Client (Client.java:handleConnectionFailure(977)) - Retrying connect to server: localhost/127.0.0.1:41937. Already tried 0 time(s); retry policy is RetryUpToMaximumCountWithFixedSleep(maxRetries=15, sleepTime=1000 MILLISECONDS)
2022-02-17 10:48:21,037 [EndpointStateMachine task thread for /127.0.0.1:46679 - 0 ] INFO  ipc.Client (Client.java:handleConnectionFailure(977)) - Retrying connect to server: localhost/127.0.0.1:46679. Already tried 0 time(s); retry policy is RetryUpToMaximumCountWithFixedSleep(maxRetries=15, sleepTime=1000 MILLISECONDS)
2022-02-17 10:48:21,459 [SCM Heartbeat Processing Thread - 0] WARN  node.NodeStateManager (NodeStateManager.java:scheduleNextHealthCheck(799)) - Current Thread is interrupted, shutting down HB processing thread for Node Manager.
2022-02-17 10:48:21,459 [Listener at 127.0.0.1/33953] INFO  server.StorageContainerManager (StorageContainerManager.java:stop(1426)) - Stopping block service RPC server
2022-02-17 10:48:21,460 [Listener at 127.0.0.1/33953] INFO  server.SCMBlockProtocolServer (SCMBlockProtocolServer.java:stop(160)) - Stopping the RPC server for Block Protocol
2022-02-17 10:48:21,460 [Listener at 127.0.0.1/33953] INFO  ipc.Server (Server.java:stop(3414)) - Stopping server on 36645
2022-02-17 10:48:21,469 [Listener at 127.0.0.1/33953] INFO  server.StorageContainerManager (StorageContainerManager.java:stop(1433)) - Stopping the StorageContainerLocationProtocol RPC server
2022-02-17 10:48:21,469 [Listener at 127.0.0.1/33953] INFO  server.SCMClientProtocolServer (SCMClientProtocolServer.java:stop(174)) - Stopping the RPC server for Client Protocol
2022-02-17 10:48:21,469 [Listener at 127.0.0.1/33953] INFO  ipc.Server (Server.java:stop(3414)) - Stopping server on 34429
2022-02-17 10:48:21,469 [IPC Server listener on 36645] INFO  ipc.Server (Server.java:run(1376)) - Stopping IPC Server listener on 36645
2022-02-17 10:48:21,469 [IPC Server Responder] INFO  ipc.Server (Server.java:run(1512)) - Stopping IPC Server Responder
2022-02-17 10:48:21,478 [IPC Server Responder] INFO  ipc.Server (Server.java:run(1512)) - Stopping IPC Server Responder
2022-02-17 10:48:21,478 [IPC Server listener on 34429] INFO  ipc.Server (Server.java:run(1376)) - Stopping IPC Server listener on 34429
2022-02-17 10:48:21,482 [Listener at 127.0.0.1/33953] INFO  server.StorageContainerManager (StorageContainerManager.java:stop(1440)) - Stopping Storage Container Manager HTTP server.
2022-02-17 10:48:21,482 [Listener at 127.0.0.1/33953] INFO  handler.ContextHandler (ContextHandler.java:doStop(1153)) - Stopped o.e.j.w.WebAppContext@6c6f49d1{scm,/,null,STOPPED}{file:/home/runner/work/ozone/ozone/hadoop-ozone/integration-test/target/test-classes/webapps/scm}
2022-02-17 10:48:21,483 [Listener at 127.0.0.1/33953] INFO  server.AbstractConnector (AbstractConnector.java:doStop(381)) - Stopped ServerConnector@51e9f462{HTTP/1.1, (http/1.1)}{0.0.0.0:42527}
2022-02-17 10:48:21,483 [Listener at 127.0.0.1/33953] INFO  server.session (HouseKeeper.java:stopScavenging(149)) - node0 Stopped scavenging
2022-02-17 10:48:21,484 [Listener at 127.0.0.1/33953] INFO  handler.ContextHandler (ContextHandler.java:doStop(1153)) - Stopped o.e.j.s.ServletContextHandler@755d80d1{static,/static,file:///home/runner/work/ozone/ozone/hadoop-ozone/integration-test/target/test-classes/webapps/static,STOPPED}
2022-02-17 10:48:21,484 [Listener at 127.0.0.1/33953] INFO  handler.ContextHandler (ContextHandler.java:doStop(1153)) - Stopped o.e.j.s.ServletContextHandler@192da968{logs,/logs,file:///home/runner/work/ozone/ozone/hadoop-ozone/integration-test/target/log,STOPPED}
2022-02-17 10:48:21,485 [Listener at 127.0.0.1/33953] INFO  server.StorageContainerManager (StorageContainerManager.java:stop(1451)) - Stopping Block Manager Service.
2022-02-17 10:48:21,485 [Listener at 127.0.0.1/33953] INFO  utils.BackgroundService (BackgroundService.java:shutdown(132)) - Shutting down service SCMBlockDeletingService
2022-02-17 10:48:21,485 [Listener at 127.0.0.1/33953] INFO  utils.BackgroundService (BackgroundService.java:shutdown(132)) - Shutting down service SCMBlockDeletingService
2022-02-17 10:48:21,486 [Listener at 127.0.0.1/33953] INFO  server.StorageContainerManager (StorageContainerManager.java:stop(1478)) - Stopping SCM Event Queue.
2022-02-17 10:48:21,487 [Listener at 127.0.0.1/33953] INFO  server.StorageContainerManager (StorageContainerManager.java:stop(1489)) - Stopping SCM HA services.
2022-02-17 10:48:21,487 [Listener at 127.0.0.1/33953] INFO  ha.SCMRatisServerImpl (SCMRatisServerImpl.java:stop(236)) - stopping ratis server 0.0.0.0:34705
2022-02-17 10:48:21,487 [Listener at 127.0.0.1/33953] INFO  server.RaftServer (RaftServerProxy.java:lambda$close$6(391)) - e1200b4d-f169-45a2-b87f-8a7ea851d305: close
2022-02-17 10:48:21,487 [Listener at 127.0.0.1/33953] INFO  server.RaftServer$Division (RaftServerImpl.java:lambda$close$4(412)) - e1200b4d-f169-45a2-b87f-8a7ea851d305@group-C00B8CBA638F: shutdown
2022-02-17 10:48:21,488 [Listener at 127.0.0.1/33953] INFO  util.JmxRegister (JmxRegister.java:unregister(73)) - Successfully un-registered JMX Bean with object name Ratis:service=RaftServer,group=group-C00B8CBA638F,id=e1200b4d-f169-45a2-b87f-8a7ea851d305
2022-02-17 10:48:21,488 [Listener at 127.0.0.1/33953] INFO  impl.RoleInfo (RoleInfo.java:shutdownLeaderState(91)) - e1200b4d-f169-45a2-b87f-8a7ea851d305: shutdown e1200b4d-f169-45a2-b87f-8a7ea851d305@group-C00B8CBA638F-LeaderStateImpl
2022-02-17 10:48:21,488 [e1200b4d-f169-45a2-b87f-8a7ea851d305@group-C00B8CBA638F->01f34702-14f0-4566-9f1c-66e15822e926-GrpcLogAppender-LogAppenderDaemon] WARN  server.GrpcLogAppender (GrpcLogAppender.java:mayWait(177)) - e1200b4d-f169-45a2-b87f-8a7ea851d305@group-C00B8CBA638F->01f34702-14f0-4566-9f1c-66e15822e926-GrpcLogAppender: Wait interrupted by java.lang.InterruptedException
2022-02-17 10:48:21,488 [e1200b4d-f169-45a2-b87f-8a7ea851d305@group-C00B8CBA638F->4400b75d-245b-43c7-a398-1881376b84db-GrpcLogAppender-LogAppenderDaemon] WARN  server.GrpcLogAppender (GrpcLogAppender.java:mayWait(177)) - e1200b4d-f169-45a2-b87f-8a7ea851d305@group-C00B8CBA638F->4400b75d-245b-43c7-a398-1881376b84db-GrpcLogAppender: Wait interrupted by java.lang.InterruptedException
2022-02-17 10:48:21,488 [Listener at 127.0.0.1/33953] INFO  impl.PendingRequests (PendingRequests.java:sendNotLeaderResponses(282)) - e1200b4d-f169-45a2-b87f-8a7ea851d305@group-C00B8CBA638F-PendingRequests: sendNotLeaderResponses
2022-02-17 10:48:21,489 [Listener at 127.0.0.1/33953] INFO  ha.SCMStateMachine (SCMStateMachine.java:notifyNotLeader(190)) - current leader SCM steps down.
2022-02-17 10:48:21,489 [Listener at 127.0.0.1/33953] INFO  ha.SCMContext (SCMContext.java:updateLeaderAndTerm(90)) - update <isLeader,term> from <true,2> to <false,0>
2022-02-17 10:48:21,489 [Listener at 127.0.0.1/33953] INFO  ha.SCMContext (SCMContext.java:updateLeaderAndTerm(97)) - update <isLeaderReady> from <false> to <false>
2022-02-17 10:48:21,497 [Listener at 127.0.0.1/33953] INFO  impl.StateMachineUpdater (StateMachineUpdater.java:stopAndJoin(149)) - e1200b4d-f169-45a2-b87f-8a7ea851d305@group-C00B8CBA638F-StateMachineUpdater: set stopIndex = 30
2022-02-17 10:48:21,497 [Listener at 127.0.0.1/33953] INFO  server.RaftServer$Division (ServerState.java:close(419)) - e1200b4d-f169-45a2-b87f-8a7ea851d305@group-C00B8CBA638F: closes. applyIndex: 30
2022-02-17 10:48:21,497 [e1200b4d-f169-45a2-b87f-8a7ea851d305@group-C00B8CBA638F-SegmentedRaftLogWorker] INFO  segmented.SegmentedRaftLogWorker (SegmentedRaftLogWorker.java:run(327)) - e1200b4d-f169-45a2-b87f-8a7ea851d305@group-C00B8CBA638F-SegmentedRaftLogWorker was interrupted, exiting. There are 0 tasks remaining in the queue.
2022-02-17 10:48:21,500 [Listener at 127.0.0.1/33953] INFO  segmented.SegmentedRaftLogWorker (SegmentedRaftLogWorker.java:close(237)) - e1200b4d-f169-45a2-b87f-8a7ea851d305@group-C00B8CBA638F-SegmentedRaftLogWorker close()
2022-02-17 10:48:21,502 [Listener at 127.0.0.1/33953] INFO  server.GrpcService (GrpcService.java:closeImpl(262)) - e1200b4d-f169-45a2-b87f-8a7ea851d305: shutdown server with port 34705 now
2022-02-17 10:48:21,510 [Listener at 127.0.0.1/33953] INFO  server.GrpcService (GrpcService.java:closeImpl(271)) - e1200b4d-f169-45a2-b87f-8a7ea851d305: shutdown server with port 34705 successfully
2022-02-17 10:48:21,510 [org.apache.ratis.util.JvmPauseMonitor$$Lambda$503/2086945474@40d013cb] INFO  util.JvmPauseMonitor (JvmPauseMonitor.java:run(109)) - JvmPauseMonitor-e1200b4d-f169-45a2-b87f-8a7ea851d305: Stopped
2022-02-17 10:48:21,510 [Listener at 127.0.0.1/33953] INFO  pipeline.BackgroundPipelineCreator (BackgroundPipelineCreator.java:stop(158)) - Stopping RatisPipelineUtilsThread.
2022-02-17 10:48:21,511 [Listener at 127.0.0.1/33953] INFO  server.StorageContainerManager (StorageContainerManager.java:stop(1499)) - Stopping SCM MetadataStore.
2022-02-17 10:48:21,512 [Listener at 127.0.0.1/33953] INFO  impl.MetricsSystemImpl (MetricsSystemImpl.java:stop(205)) - StorageContainerManager metrics system stopped (again)
2022-02-17 10:48:21,512 [Listener at 127.0.0.1/33953] INFO  ozone.MiniOzoneClusterImpl (MiniOzoneClusterImpl.java:stop(452)) - Stopping the Mini Ozone Cluster
2022-02-17 10:48:21,512 [Listener at 127.0.0.1/33953] INFO  ozone.MiniOzoneClusterImpl (MiniOzoneClusterImpl.java:stopDatanodes(511)) - Stopping the HddsDatanodes
2022-02-17 10:48:21,664 [EndpointStateMachine task thread for /127.0.0.1:38221 - 0 ] INFO  ipc.Client (Client.java:handleConnectionFailure(977)) - Retrying connect to server: localhost/127.0.0.1:38221. Already tried 1 time(s); retry policy is RetryUpToMaximumCountWithFixedSleep(maxRetries=15, sleepTime=1000 MILLISECONDS)
2022-02-17 10:48:21,664 [EndpointStateMachine task thread for /127.0.0.1:43155 - 0 ] INFO  ipc.Client (Client.java:handleConnectionFailure(977)) - Retrying connect to server: localhost/127.0.0.1:43155. Already tried 1 time(s); retry policy is RetryUpToMaximumCountWithFixedSleep(maxRetries=15, sleepTime=1000 MILLISECONDS)
2022-02-17 10:48:21,666 [Datanode State Machine Daemon Thread] WARN  statemachine.StateContext (StateContext.java:setState(249)) - Ignore disallowed transition from SHUTDOWN to RUNNING
2022-02-17 10:48:21,667 [EndpointStateMachine task thread for /127.0.0.1:37793 - 0 ] INFO  ipc.Client (Client.java:handleConnectionFailure(977)) - Retrying connect to server: localhost/127.0.0.1:37793. Already tried 1 time(s); retry policy is RetryUpToMaximumCountWithFixedSleep(maxRetries=15, sleepTime=1000 MILLISECONDS)
2022-02-17 10:48:22,032 [EndpointStateMachine task thread for /127.0.0.1:41349 - 0 ] INFO  ipc.Client (Client.java:handleConnectionFailure(977)) - Retrying connect to server: localhost/127.0.0.1:41349. Already tried 1 time(s); retry policy is RetryUpToMaximumCountWithFixedSleep(maxRetries=15, sleepTime=1000 MILLISECONDS)
2022-02-17 10:48:22,036 [EndpointStateMachine task thread for /127.0.0.1:41937 - 0 ] INFO  ipc.Client (Client.java:handleConnectionFailure(977)) - Retrying connect to server: localhost/127.0.0.1:41937. Already tried 1 time(s); retry policy is RetryUpToMaximumCountWithFixedSleep(maxRetries=15, sleepTime=1000 MILLISECONDS)
2022-02-17 10:48:22,037 [EndpointStateMachine task thread for /127.0.0.1:46679 - 0 ] INFO  ipc.Client (Client.java:handleConnectionFailure(977)) - Retrying connect to server: localhost/127.0.0.1:46679. Already tried 1 time(s); retry policy is RetryUpToMaximumCountWithFixedSleep(maxRetries=15, sleepTime=1000 MILLISECONDS)
2022-02-17 10:48:22,101 [Datanode State Machine Daemon Thread] WARN  statemachine.StateContext (StateContext.java:setState(249)) - Ignore disallowed transition from SHUTDOWN to RUNNING
2022-02-17 10:48:22,664 [EndpointStateMachine task thread for /127.0.0.1:38221 - 0 ] INFO  ipc.Client (Client.java:handleConnectionFailure(977)) - Retrying connect to server: localhost/127.0.0.1:38221. Already tried 2 time(s); retry policy is RetryUpToMaximumCountWithFixedSleep(maxRetries=15, sleepTime=1000 MILLISECONDS)
2022-02-17 10:48:22,665 [EndpointStateMachine task thread for /127.0.0.1:43155 - 0 ] INFO  ipc.Client (Client.java:handleConnectionFailure(977)) - Retrying connect to server: localhost/127.0.0.1:43155. Already tried 2 time(s); retry policy is RetryUpToMaximumCountWithFixedSleep(maxRetries=15, sleepTime=1000 MILLISECONDS)
2022-02-17 10:48:22,668 [EndpointStateMachine task thread for /127.0.0.1:37793 - 0 ] INFO  ipc.Client (Client.java:handleConnectionFailure(977)) - Retrying connect to server: localhost/127.0.0.1:37793. Already tried 2 time(s); retry policy is RetryUpToMaximumCountWithFixedSleep(maxRetries=15, sleepTime=1000 MILLISECONDS)
2022-02-17 10:48:23,032 [EndpointStateMachine task thread for /127.0.0.1:41349 - 0 ] INFO  ipc.Client (Client.java:handleConnectionFailure(977)) - Retrying connect to server: localhost/127.0.0.1:41349. Already tried 2 time(s); retry policy is RetryUpToMaximumCountWithFixedSleep(maxRetries=15, sleepTime=1000 MILLISECONDS)
2022-02-17 10:48:23,036 [EndpointStateMachine task thread for /127.0.0.1:41937 - 0 ] INFO  ipc.Client (Client.java:handleConnectionFailure(977)) - Retrying connect to server: localhost/127.0.0.1:41937. Already tried 2 time(s); retry policy is RetryUpToMaximumCountWithFixedSleep(maxRetries=15, sleepTime=1000 MILLISECONDS)
2022-02-17 10:48:23,037 [EndpointStateMachine task thread for /127.0.0.1:46679 - 0 ] INFO  ipc.Client (Client.java:handleConnectionFailure(977)) - Retrying connect to server: localhost/127.0.0.1:46679. Already tried 2 time(s); retry policy is RetryUpToMaximumCountWithFixedSleep(maxRetries=15, sleepTime=1000 MILLISECONDS)
2022-02-17 10:48:23,665 [EndpointStateMachine task thread for /127.0.0.1:38221 - 0 ] INFO  ipc.Client (Client.java:handleConnectionFailure(977)) - Retrying connect to server: localhost/127.0.0.1:38221. Already tried 3 time(s); retry policy is RetryUpToMaximumCountWithFixedSleep(maxRetries=15, sleepTime=1000 MILLISECONDS)
2022-02-17 10:48:23,665 [EndpointStateMachine task thread for /127.0.0.1:43155 - 0 ] INFO  ipc.Client (Client.java:handleConnectionFailure(977)) - Retrying connect to server: localhost/127.0.0.1:43155. Already tried 3 time(s); retry policy is RetryUpToMaximumCountWithFixedSleep(maxRetries=15, sleepTime=1000 MILLISECONDS)
2022-02-17 10:48:23,668 [EndpointStateMachine task thread for /127.0.0.1:37793 - 0 ] INFO  ipc.Client (Client.java:handleConnectionFailure(977)) - Retrying connect to server: localhost/127.0.0.1:37793. Already tried 3 time(s); retry policy is RetryUpToMaximumCountWithFixedSleep(maxRetries=15, sleepTime=1000 MILLISECONDS)
2022-02-17 10:48:24,033 [EndpointStateMachine task thread for /127.0.0.1:41349 - 0 ] INFO  ipc.Client (Client.java:handleConnectionFailure(977)) - Retrying connect to server: localhost/127.0.0.1:41349. Already tried 3 time(s); retry policy is RetryUpToMaximumCountWithFixedSleep(maxRetries=15, sleepTime=1000 MILLISECONDS)
2022-02-17 10:48:24,037 [EndpointStateMachine task thread for /127.0.0.1:41937 - 0 ] INFO  ipc.Client (Client.java:handleConnectionFailure(977)) - Retrying connect to server: localhost/127.0.0.1:41937. Already tried 3 time(s); retry policy is RetryUpToMaximumCountWithFixedSleep(maxRetries=15, sleepTime=1000 MILLISECONDS)
2022-02-17 10:48:24,038 [EndpointStateMachine task thread for /127.0.0.1:46679 - 0 ] INFO  ipc.Client (Client.java:handleConnectionFailure(977)) - Retrying connect to server: localhost/127.0.0.1:46679. Already tried 3 time(s); retry policy is RetryUpToMaximumCountWithFixedSleep(maxRetries=15, sleepTime=1000 MILLISECONDS)
2022-02-17 10:48:24,666 [EndpointStateMachine task thread for /127.0.0.1:38221 - 0 ] INFO  ipc.Client (Client.java:handleConnectionFailure(977)) - Retrying connect to server: localhost/127.0.0.1:38221. Already tried 4 time(s); retry policy is RetryUpToMaximumCountWithFixedSleep(maxRetries=15, sleepTime=1000 MILLISECONDS)
2022-02-17 10:48:24,666 [EndpointStateMachine task thread for /127.0.0.1:43155 - 0 ] INFO  ipc.Client (Client.java:handleConnectionFailure(977)) - Retrying connect to server: localhost/127.0.0.1:43155. Already tried 4 time(s); retry policy is RetryUpToMaximumCountWithFixedSleep(maxRetries=15, sleepTime=1000 MILLISECONDS)
2022-02-17 10:48:24,668 [EndpointStateMachine task thread for /127.0.0.1:37793 - 0 ] INFO  ipc.Client (Client.java:handleConnectionFailure(977)) - Retrying connect to server: localhost/127.0.0.1:37793. Already tried 4 time(s); retry policy is RetryUpToMaximumCountWithFixedSleep(maxRetries=15, sleepTime=1000 MILLISECONDS)
2022-02-17 10:48:25,034 [EndpointStateMachine task thread for /127.0.0.1:41349 - 0 ] INFO  ipc.Client (Client.java:handleConnectionFailure(977)) - Retrying connect to server: localhost/127.0.0.1:41349. Already tried 4 time(s); retry policy is RetryUpToMaximumCountWithFixedSleep(maxRetries=15, sleepTime=1000 MILLISECONDS)
2022-02-17 10:48:25,037 [EndpointStateMachine task thread for /127.0.0.1:41937 - 0 ] INFO  ipc.Client (Client.java:handleConnectionFailure(977)) - Retrying connect to server: localhost/127.0.0.1:41937. Already tried 4 time(s); retry policy is RetryUpToMaximumCountWithFixedSleep(maxRetries=15, sleepTime=1000 MILLISECONDS)
2022-02-17 10:48:25,038 [EndpointStateMachine task thread for /127.0.0.1:46679 - 0 ] INFO  ipc.Client (Client.java:handleConnectionFailure(977)) - Retrying connect to server: localhost/127.0.0.1:46679. Already tried 4 time(s); retry policy is RetryUpToMaximumCountWithFixedSleep(maxRetries=15, sleepTime=1000 MILLISECONDS)
2022-02-17 10:48:25,666 [EndpointStateMachine task thread for /127.0.0.1:38221 - 0 ] INFO  ipc.Client (Client.java:handleConnectionFailure(977)) - Retrying connect to server: localhost/127.0.0.1:38221. Already tried 5 time(s); retry policy is RetryUpToMaximumCountWithFixedSleep(maxRetries=15, sleepTime=1000 MILLISECONDS)
2022-02-17 10:48:25,667 [EndpointStateMachine task thread for /127.0.0.1:43155 - 0 ] INFO  ipc.Client (Client.java:handleConnectionFailure(977)) - Retrying connect to server: localhost/127.0.0.1:43155. Already tried 5 time(s); retry policy is RetryUpToMaximumCountWithFixedSleep(maxRetries=15, sleepTime=1000 MILLISECONDS)
2022-02-17 10:48:25,669 [EndpointStateMachine task thread for /127.0.0.1:37793 - 0 ] INFO  ipc.Client (Client.java:handleConnectionFailure(977)) - Retrying connect to server: localhost/127.0.0.1:37793. Already tried 5 time(s); retry policy is RetryUpToMaximumCountWithFixedSleep(maxRetries=15, sleepTime=1000 MILLISECONDS)
2022-02-17 10:48:26,034 [EndpointStateMachine task thread for /127.0.0.1:41349 - 0 ] INFO  ipc.Client (Client.java:handleConnectionFailure(977)) - Retrying connect to server: localhost/127.0.0.1:41349. Already tried 5 time(s); retry policy is RetryUpToMaximumCountWithFixedSleep(maxRetries=15, sleepTime=1000 MILLISECONDS)
2022-02-17 10:48:26,037 [EndpointStateMachine task thread for /127.0.0.1:41937 - 0 ] INFO  ipc.Client (Client.java:handleConnectionFailure(977)) - Retrying connect to server: localhost/127.0.0.1:41937. Already tried 5 time(s); retry policy is RetryUpToMaximumCountWithFixedSleep(maxRetries=15, sleepTime=1000 MILLISECONDS)
2022-02-17 10:48:26,039 [EndpointStateMachine task thread for /127.0.0.1:46679 - 0 ] INFO  ipc.Client (Client.java:handleConnectionFailure(977)) - Retrying connect to server: localhost/127.0.0.1:46679. Already tried 5 time(s); retry policy is RetryUpToMaximumCountWithFixedSleep(maxRetries=15, sleepTime=1000 MILLISECONDS)
2022-02-17 10:48:26,513 [ForkJoinPool.commonPool-worker-0] INFO  ozoneimpl.OzoneContainer (OzoneContainer.java:stop(342)) - Attempting to stop container services.
2022-02-17 10:48:26,513 [Listener at 127.0.0.1/33953] INFO  ozoneimpl.OzoneContainer (OzoneContainer.java:stop(342)) - Attempting to stop container services.
2022-02-17 10:48:26,514 [ForkJoinPool.commonPool-worker-0] INFO  server.RaftServer (RaftServerProxy.java:lambda$close$6(391)) - ac81e281-9cee-42de-af7f-7eadfff53290: close
2022-02-17 10:48:26,514 [ForkJoinPool.commonPool-worker-0] INFO  server.RaftServer$Division (RaftServerImpl.java:lambda$close$4(412)) - ac81e281-9cee-42de-af7f-7eadfff53290@group-1EE814415694: shutdown
2022-02-17 10:48:26,514 [ForkJoinPool.commonPool-worker-0] INFO  util.JmxRegister (JmxRegister.java:unregister(73)) - Successfully un-registered JMX Bean with object name Ratis:service=RaftServer,group=group-1EE814415694,id=ac81e281-9cee-42de-af7f-7eadfff53290
2022-02-17 10:48:26,514 [ForkJoinPool.commonPool-worker-0] INFO  impl.RoleInfo (RoleInfo.java:shutdownFollowerState(108)) - ac81e281-9cee-42de-af7f-7eadfff53290: shutdown ac81e281-9cee-42de-af7f-7eadfff53290@group-1EE814415694-FollowerState
2022-02-17 10:48:26,514 [ForkJoinPool.commonPool-worker-0] INFO  impl.StateMachineUpdater (StateMachineUpdater.java:stopAndJoin(149)) - ac81e281-9cee-42de-af7f-7eadfff53290@group-1EE814415694-StateMachineUpdater: set stopIndex = 0
2022-02-17 10:48:26,514 [Listener at 127.0.0.1/33953] INFO  server.RaftServer (RaftServerProxy.java:lambda$close$6(391)) - 3b6373f7-c408-47d6-bd58-f170bcabf6e4: close
2022-02-17 10:48:26,515 [ac81e281-9cee-42de-af7f-7eadfff53290@group-1EE814415694-StateMachineUpdater] INFO  ratis.ContainerStateMachine (ContainerStateMachine.java:takeSnapshot(304)) - group-1EE814415694: Taking a snapshot at:(t:3, i:0) file /home/runner/work/ozone/ozone/hadoop-ozone/integration-test/target/test-dir/MiniOzoneClusterImpl-314b2a1d-9ab5-4841-b3ea-c00b8cba638f/datanode-0/data/ratis/5d796023-b839-4c54-b6ea-1ee814415694/sm/snapshot.3_0
2022-02-17 10:48:26,514 [ac81e281-9cee-42de-af7f-7eadfff53290@group-1EE814415694-FollowerState] INFO  impl.FollowerState (FollowerState.java:run(143)) - ac81e281-9cee-42de-af7f-7eadfff53290@group-1EE814415694-FollowerState was interrupted: {}
java.lang.InterruptedException: sleep interrupted
	at java.lang.Thread.sleep(Native Method)
	at java.lang.Thread.sleep(Thread.java:342)
	at java.util.concurrent.TimeUnit.sleep(TimeUnit.java:386)
	at org.apache.ratis.util.TimeDuration.sleep(TimeDuration.java:324)
	at org.apache.ratis.util.TimeDuration.sleep(TimeDuration.java:309)
	at org.apache.ratis.server.impl.FollowerState.run(FollowerState.java:118)
2022-02-17 10:48:26,515 [Listener at 127.0.0.1/33953] INFO  server.RaftServer$Division (RaftServerImpl.java:lambda$close$4(412)) - 3b6373f7-c408-47d6-bd58-f170bcabf6e4@group-1EE814415694: shutdown
2022-02-17 10:48:26,515 [Listener at 127.0.0.1/33953] INFO  util.JmxRegister (JmxRegister.java:unregister(73)) - Successfully un-registered JMX Bean with object name Ratis:service=RaftServer,group=group-1EE814415694,id=3b6373f7-c408-47d6-bd58-f170bcabf6e4
2022-02-17 10:48:26,516 [Listener at 127.0.0.1/33953] INFO  impl.RoleInfo (RoleInfo.java:shutdownFollowerState(108)) - 3b6373f7-c408-47d6-bd58-f170bcabf6e4: shutdown 3b6373f7-c408-47d6-bd58-f170bcabf6e4@group-1EE814415694-FollowerState
2022-02-17 10:48:26,516 [Listener at 127.0.0.1/33953] INFO  impl.StateMachineUpdater (StateMachineUpdater.java:stopAndJoin(149)) - 3b6373f7-c408-47d6-bd58-f170bcabf6e4@group-1EE814415694-StateMachineUpdater: set stopIndex = 0
2022-02-17 10:48:26,516 [3b6373f7-c408-47d6-bd58-f170bcabf6e4@group-1EE814415694-FollowerState] INFO  impl.FollowerState (FollowerState.java:run(143)) - 3b6373f7-c408-47d6-bd58-f170bcabf6e4@group-1EE814415694-FollowerState was interrupted: {}
java.lang.InterruptedException: sleep interrupted
	at java.lang.Thread.sleep(Native Method)
	at java.lang.Thread.sleep(Thread.java:342)
	at java.util.concurrent.TimeUnit.sleep(TimeUnit.java:386)
	at org.apache.ratis.util.TimeDuration.sleep(TimeDuration.java:324)
	at org.apache.ratis.util.TimeDuration.sleep(TimeDuration.java:309)
	at org.apache.ratis.server.impl.FollowerState.run(FollowerState.java:118)
2022-02-17 10:48:26,516 [3b6373f7-c408-47d6-bd58-f170bcabf6e4@group-1EE814415694-StateMachineUpdater] INFO  ratis.ContainerStateMachine (ContainerStateMachine.java:takeSnapshot(304)) - group-1EE814415694: Taking a snapshot at:(t:3, i:0) file /home/runner/work/ozone/ozone/hadoop-ozone/integration-test/target/test-dir/MiniOzoneClusterImpl-314b2a1d-9ab5-4841-b3ea-c00b8cba638f/datanode-1/data/ratis/5d796023-b839-4c54-b6ea-1ee814415694/sm/snapshot.3_0
2022-02-17 10:48:26,519 [ac81e281-9cee-42de-af7f-7eadfff53290@group-1EE814415694-StateMachineUpdater] INFO  ratis.ContainerStateMachine (ContainerStateMachine.java:takeSnapshot(315)) - group-1EE814415694: Finished taking a snapshot at:(t:3, i:0) file:/home/runner/work/ozone/ozone/hadoop-ozone/integration-test/target/test-dir/MiniOzoneClusterImpl-314b2a1d-9ab5-4841-b3ea-c00b8cba638f/datanode-0/data/ratis/5d796023-b839-4c54-b6ea-1ee814415694/sm/snapshot.3_0 took: 4 ms
2022-02-17 10:48:26,519 [3b6373f7-c408-47d6-bd58-f170bcabf6e4@group-1EE814415694-StateMachineUpdater] INFO  ratis.ContainerStateMachine (ContainerStateMachine.java:takeSnapshot(315)) - group-1EE814415694: Finished taking a snapshot at:(t:3, i:0) file:/home/runner/work/ozone/ozone/hadoop-ozone/integration-test/target/test-dir/MiniOzoneClusterImpl-314b2a1d-9ab5-4841-b3ea-c00b8cba638f/datanode-1/data/ratis/5d796023-b839-4c54-b6ea-1ee814415694/sm/snapshot.3_0 took: 3 ms
2022-02-17 10:48:26,519 [ac81e281-9cee-42de-af7f-7eadfff53290@group-1EE814415694-StateMachineUpdater] INFO  impl.StateMachineUpdater (StateMachineUpdater.java:takeSnapshot(281)) - ac81e281-9cee-42de-af7f-7eadfff53290@group-1EE814415694-StateMachineUpdater: Took a snapshot at index 0
2022-02-17 10:48:26,519 [ac81e281-9cee-42de-af7f-7eadfff53290@group-1EE814415694-StateMachineUpdater] INFO  impl.StateMachineUpdater (StateMachineUpdater.java:lambda$new$0(89)) - ac81e281-9cee-42de-af7f-7eadfff53290@group-1EE814415694-StateMachineUpdater: snapshotIndex: updateIncreasingly -1 -> 0
2022-02-17 10:48:26,520 [3b6373f7-c408-47d6-bd58-f170bcabf6e4@group-1EE814415694-StateMachineUpdater] INFO  impl.StateMachineUpdater (StateMachineUpdater.java:takeSnapshot(281)) - 3b6373f7-c408-47d6-bd58-f170bcabf6e4@group-1EE814415694-StateMachineUpdater: Took a snapshot at index 0
2022-02-17 10:48:26,520 [3b6373f7-c408-47d6-bd58-f170bcabf6e4@group-1EE814415694-StateMachineUpdater] INFO  impl.StateMachineUpdater (StateMachineUpdater.java:lambda$new$0(89)) - 3b6373f7-c408-47d6-bd58-f170bcabf6e4@group-1EE814415694-StateMachineUpdater: snapshotIndex: updateIncreasingly -1 -> 0
2022-02-17 10:48:26,520 [ForkJoinPool.commonPool-worker-0] INFO  server.RaftServer$Division (ServerState.java:close(419)) - ac81e281-9cee-42de-af7f-7eadfff53290@group-1EE814415694: closes. applyIndex: 0
2022-02-17 10:48:26,520 [ac81e281-9cee-42de-af7f-7eadfff53290@group-1EE814415694-SegmentedRaftLogWorker] INFO  segmented.SegmentedRaftLogWorker (SegmentedRaftLogWorker.java:run(327)) - ac81e281-9cee-42de-af7f-7eadfff53290@group-1EE814415694-SegmentedRaftLogWorker was interrupted, exiting. There are 0 tasks remaining in the queue.
2022-02-17 10:48:26,520 [Listener at 127.0.0.1/33953] INFO  server.RaftServer$Division (ServerState.java:close(419)) - 3b6373f7-c408-47d6-bd58-f170bcabf6e4@group-1EE814415694: closes. applyIndex: 0
2022-02-17 10:48:26,520 [3b6373f7-c408-47d6-bd58-f170bcabf6e4@group-1EE814415694-SegmentedRaftLogWorker] INFO  segmented.SegmentedRaftLogWorker (SegmentedRaftLogWorker.java:run(327)) - 3b6373f7-c408-47d6-bd58-f170bcabf6e4@group-1EE814415694-SegmentedRaftLogWorker was interrupted, exiting. There are 0 tasks remaining in the queue.
2022-02-17 10:48:26,521 [ForkJoinPool.commonPool-worker-0] INFO  segmented.SegmentedRaftLogWorker (SegmentedRaftLogWorker.java:close(237)) - ac81e281-9cee-42de-af7f-7eadfff53290@group-1EE814415694-SegmentedRaftLogWorker close()
2022-02-17 10:48:26,522 [Listener at 127.0.0.1/33953] INFO  segmented.SegmentedRaftLogWorker (SegmentedRaftLogWorker.java:close(237)) - 3b6373f7-c408-47d6-bd58-f170bcabf6e4@group-1EE814415694-SegmentedRaftLogWorker close()
2022-02-17 10:48:26,522 [ForkJoinPool.commonPool-worker-0] INFO  server.RaftServer$Division (RaftServerImpl.java:lambda$close$4(412)) - ac81e281-9cee-42de-af7f-7eadfff53290@group-77C3FA8464DE: shutdown
2022-02-17 10:48:26,522 [ForkJoinPool.commonPool-worker-0] INFO  util.JmxRegister (JmxRegister.java:unregister(73)) - Successfully un-registered JMX Bean with object name Ratis:service=RaftServer,group=group-77C3FA8464DE,id=ac81e281-9cee-42de-af7f-7eadfff53290
2022-02-17 10:48:26,522 [ForkJoinPool.commonPool-worker-0] INFO  impl.RoleInfo (RoleInfo.java:shutdownLeaderState(91)) - ac81e281-9cee-42de-af7f-7eadfff53290: shutdown ac81e281-9cee-42de-af7f-7eadfff53290@group-77C3FA8464DE-LeaderStateImpl
2022-02-17 10:48:26,522 [ForkJoinPool.commonPool-worker-0] INFO  impl.PendingRequests (PendingRequests.java:sendNotLeaderResponses(282)) - ac81e281-9cee-42de-af7f-7eadfff53290@group-77C3FA8464DE-PendingRequests: sendNotLeaderResponses
2022-02-17 10:48:26,523 [ForkJoinPool.commonPool-worker-0] INFO  impl.StateMachineUpdater (StateMachineUpdater.java:stopAndJoin(149)) - ac81e281-9cee-42de-af7f-7eadfff53290@group-77C3FA8464DE-StateMachineUpdater: set stopIndex = 0
2022-02-17 10:48:26,523 [ac81e281-9cee-42de-af7f-7eadfff53290@group-77C3FA8464DE-StateMachineUpdater] INFO  ratis.ContainerStateMachine (ContainerStateMachine.java:takeSnapshot(304)) - group-77C3FA8464DE: Taking a snapshot at:(t:1, i:0) file /home/runner/work/ozone/ozone/hadoop-ozone/integration-test/target/test-dir/MiniOzoneClusterImpl-314b2a1d-9ab5-4841-b3ea-c00b8cba638f/datanode-0/data/ratis/76cb242d-453b-445e-a9ac-77c3fa8464de/sm/snapshot.1_0
2022-02-17 10:48:26,525 [ac81e281-9cee-42de-af7f-7eadfff53290@group-77C3FA8464DE-StateMachineUpdater] INFO  ratis.ContainerStateMachine (ContainerStateMachine.java:takeSnapshot(315)) - group-77C3FA8464DE: Finished taking a snapshot at:(t:1, i:0) file:/home/runner/work/ozone/ozone/hadoop-ozone/integration-test/target/test-dir/MiniOzoneClusterImpl-314b2a1d-9ab5-4841-b3ea-c00b8cba638f/datanode-0/data/ratis/76cb242d-453b-445e-a9ac-77c3fa8464de/sm/snapshot.1_0 took: 2 ms
2022-02-17 10:48:26,525 [ac81e281-9cee-42de-af7f-7eadfff53290@group-77C3FA8464DE-StateMachineUpdater] INFO  impl.StateMachineUpdater (StateMachineUpdater.java:takeSnapshot(281)) - ac81e281-9cee-42de-af7f-7eadfff53290@group-77C3FA8464DE-StateMachineUpdater: Took a snapshot at index 0
2022-02-17 10:48:26,525 [ac81e281-9cee-42de-af7f-7eadfff53290@group-77C3FA8464DE-StateMachineUpdater] INFO  impl.StateMachineUpdater (StateMachineUpdater.java:lambda$new$0(89)) - ac81e281-9cee-42de-af7f-7eadfff53290@group-77C3FA8464DE-StateMachineUpdater: snapshotIndex: updateIncreasingly -1 -> 0
2022-02-17 10:48:26,526 [Listener at 127.0.0.1/33953] INFO  server.RaftServer$Division (RaftServerImpl.java:lambda$close$4(412)) - 3b6373f7-c408-47d6-bd58-f170bcabf6e4@group-1D1229833E15: shutdown
2022-02-17 10:48:26,526 [Listener at 127.0.0.1/33953] INFO  util.JmxRegister (JmxRegister.java:unregister(73)) - Successfully un-registered JMX Bean with object name Ratis:service=RaftServer,group=group-1D1229833E15,id=3b6373f7-c408-47d6-bd58-f170bcabf6e4
2022-02-17 10:48:26,526 [Listener at 127.0.0.1/33953] INFO  impl.RoleInfo (RoleInfo.java:shutdownFollowerState(108)) - 3b6373f7-c408-47d6-bd58-f170bcabf6e4: shutdown 3b6373f7-c408-47d6-bd58-f170bcabf6e4@group-1D1229833E15-FollowerState
2022-02-17 10:48:26,526 [Listener at 127.0.0.1/33953] INFO  impl.StateMachineUpdater (StateMachineUpdater.java:stopAndJoin(149)) - 3b6373f7-c408-47d6-bd58-f170bcabf6e4@group-1D1229833E15-StateMachineUpdater: set stopIndex = 0
2022-02-17 10:48:26,526 [3b6373f7-c408-47d6-bd58-f170bcabf6e4@group-1D1229833E15-FollowerState] INFO  impl.FollowerState (FollowerState.java:run(143)) - 3b6373f7-c408-47d6-bd58-f170bcabf6e4@group-1D1229833E15-FollowerState was interrupted: {}
java.lang.InterruptedException: sleep interrupted
	at java.lang.Thread.sleep(Native Method)
	at java.lang.Thread.sleep(Thread.java:342)
	at java.util.concurrent.TimeUnit.sleep(TimeUnit.java:386)
	at org.apache.ratis.util.TimeDuration.sleep(TimeDuration.java:324)
	at org.apache.ratis.util.TimeDuration.sleep(TimeDuration.java:309)
	at org.apache.ratis.server.impl.FollowerState.run(FollowerState.java:118)
2022-02-17 10:48:26,527 [3b6373f7-c408-47d6-bd58-f170bcabf6e4@group-1D1229833E15-StateMachineUpdater] INFO  ratis.ContainerStateMachine (ContainerStateMachine.java:takeSnapshot(304)) - group-1D1229833E15: Taking a snapshot at:(t:1, i:0) file /home/runner/work/ozone/ozone/hadoop-ozone/integration-test/target/test-dir/MiniOzoneClusterImpl-314b2a1d-9ab5-4841-b3ea-c00b8cba638f/datanode-1/data/ratis/776a7a5c-14f6-4011-895b-1d1229833e15/sm/snapshot.1_0
2022-02-17 10:48:26,527 [ForkJoinPool.commonPool-worker-0] INFO  server.RaftServer$Division (ServerState.java:close(419)) - ac81e281-9cee-42de-af7f-7eadfff53290@group-77C3FA8464DE: closes. applyIndex: 0
2022-02-17 10:48:26,527 [ac81e281-9cee-42de-af7f-7eadfff53290@group-77C3FA8464DE-SegmentedRaftLogWorker] INFO  segmented.SegmentedRaftLogWorker (SegmentedRaftLogWorker.java:run(327)) - ac81e281-9cee-42de-af7f-7eadfff53290@group-77C3FA8464DE-SegmentedRaftLogWorker was interrupted, exiting. There are 0 tasks remaining in the queue.
2022-02-17 10:48:26,528 [3b6373f7-c408-47d6-bd58-f170bcabf6e4@group-1D1229833E15-StateMachineUpdater] INFO  ratis.ContainerStateMachine (ContainerStateMachine.java:takeSnapshot(315)) - group-1D1229833E15: Finished taking a snapshot at:(t:1, i:0) file:/home/runner/work/ozone/ozone/hadoop-ozone/integration-test/target/test-dir/MiniOzoneClusterImpl-314b2a1d-9ab5-4841-b3ea-c00b8cba638f/datanode-1/data/ratis/776a7a5c-14f6-4011-895b-1d1229833e15/sm/snapshot.1_0 took: 1 ms
2022-02-17 10:48:26,528 [3b6373f7-c408-47d6-bd58-f170bcabf6e4@group-1D1229833E15-StateMachineUpdater] INFO  impl.StateMachineUpdater (StateMachineUpdater.java:takeSnapshot(281)) - 3b6373f7-c408-47d6-bd58-f170bcabf6e4@group-1D1229833E15-StateMachineUpdater: Took a snapshot at index 0
2022-02-17 10:48:26,528 [3b6373f7-c408-47d6-bd58-f170bcabf6e4@group-1D1229833E15-StateMachineUpdater] INFO  impl.StateMachineUpdater (StateMachineUpdater.java:lambda$new$0(89)) - 3b6373f7-c408-47d6-bd58-f170bcabf6e4@group-1D1229833E15-StateMachineUpdater: snapshotIndex: updateIncreasingly -1 -> 0
2022-02-17 10:48:26,528 [Listener at 127.0.0.1/33953] INFO  server.RaftServer$Division (ServerState.java:close(419)) - 3b6373f7-c408-47d6-bd58-f170bcabf6e4@group-1D1229833E15: closes. applyIndex: 0
2022-02-17 10:48:26,528 [3b6373f7-c408-47d6-bd58-f170bcabf6e4@group-1D1229833E15-SegmentedRaftLogWorker] INFO  segmented.SegmentedRaftLogWorker (SegmentedRaftLogWorker.java:run(327)) - 3b6373f7-c408-47d6-bd58-f170bcabf6e4@group-1D1229833E15-SegmentedRaftLogWorker was interrupted, exiting. There are 0 tasks remaining in the queue.
2022-02-17 10:48:26,529 [ForkJoinPool.commonPool-worker-0] INFO  segmented.SegmentedRaftLogWorker (SegmentedRaftLogWorker.java:close(237)) - ac81e281-9cee-42de-af7f-7eadfff53290@group-77C3FA8464DE-SegmentedRaftLogWorker close()
2022-02-17 10:48:26,529 [ForkJoinPool.commonPool-worker-0] INFO  server.RaftServer$Division (RaftServerImpl.java:lambda$close$4(412)) - ac81e281-9cee-42de-af7f-7eadfff53290@group-1D1229833E15: shutdown
2022-02-17 10:48:26,529 [ForkJoinPool.commonPool-worker-0] INFO  util.JmxRegister (JmxRegister.java:unregister(73)) - Successfully un-registered JMX Bean with object name Ratis:service=RaftServer,group=group-1D1229833E15,id=ac81e281-9cee-42de-af7f-7eadfff53290
2022-02-17 10:48:26,529 [ForkJoinPool.commonPool-worker-0] INFO  impl.RoleInfo (RoleInfo.java:shutdownLeaderState(91)) - ac81e281-9cee-42de-af7f-7eadfff53290: shutdown ac81e281-9cee-42de-af7f-7eadfff53290@group-1D1229833E15-LeaderStateImpl
2022-02-17 10:48:26,529 [ForkJoinPool.commonPool-worker-0] INFO  impl.PendingRequests (PendingRequests.java:sendNotLeaderResponses(282)) - ac81e281-9cee-42de-af7f-7eadfff53290@group-1D1229833E15-PendingRequests: sendNotLeaderResponses
2022-02-17 10:48:26,530 [Listener at 127.0.0.1/33953] INFO  segmented.SegmentedRaftLogWorker (SegmentedRaftLogWorker.java:close(237)) - 3b6373f7-c408-47d6-bd58-f170bcabf6e4@group-1D1229833E15-SegmentedRaftLogWorker close()
2022-02-17 10:48:26,530 [ac81e281-9cee-42de-af7f-7eadfff53290@group-1D1229833E15-StateMachineUpdater] INFO  ratis.ContainerStateMachine (ContainerStateMachine.java:takeSnapshot(304)) - group-1D1229833E15: Taking a snapshot at:(t:1, i:0) file /home/runner/work/ozone/ozone/hadoop-ozone/integration-test/target/test-dir/MiniOzoneClusterImpl-314b2a1d-9ab5-4841-b3ea-c00b8cba638f/datanode-0/data/ratis/776a7a5c-14f6-4011-895b-1d1229833e15/sm/snapshot.1_0
2022-02-17 10:48:26,530 [ForkJoinPool.commonPool-worker-0] INFO  impl.StateMachineUpdater (StateMachineUpdater.java:stopAndJoin(149)) - ac81e281-9cee-42de-af7f-7eadfff53290@group-1D1229833E15-StateMachineUpdater: set stopIndex = 0
2022-02-17 10:48:26,531 [Listener at 127.0.0.1/33953] INFO  server.RaftServer$Division (RaftServerImpl.java:lambda$close$4(412)) - 3b6373f7-c408-47d6-bd58-f170bcabf6e4@group-7BB2698B34C9: shutdown
2022-02-17 10:48:26,531 [Listener at 127.0.0.1/33953] INFO  util.JmxRegister (JmxRegister.java:unregister(73)) - Successfully un-registered JMX Bean with object name Ratis:service=RaftServer,group=group-7BB2698B34C9,id=3b6373f7-c408-47d6-bd58-f170bcabf6e4
2022-02-17 10:48:26,532 [Listener at 127.0.0.1/33953] INFO  impl.RoleInfo (RoleInfo.java:shutdownLeaderState(91)) - 3b6373f7-c408-47d6-bd58-f170bcabf6e4: shutdown 3b6373f7-c408-47d6-bd58-f170bcabf6e4@group-7BB2698B34C9-LeaderStateImpl
2022-02-17 10:48:26,532 [ac81e281-9cee-42de-af7f-7eadfff53290@group-1D1229833E15->0523a322-62fb-48ad-ac32-b14e75d36544-GrpcLogAppender-LogAppenderDaemon] WARN  server.GrpcLogAppender (GrpcLogAppender.java:mayWait(177)) - ac81e281-9cee-42de-af7f-7eadfff53290@group-1D1229833E15->0523a322-62fb-48ad-ac32-b14e75d36544-GrpcLogAppender: Wait interrupted by java.lang.InterruptedException
2022-02-17 10:48:26,532 [Listener at 127.0.0.1/33953] INFO  impl.PendingRequests (PendingRequests.java:sendNotLeaderResponses(282)) - 3b6373f7-c408-47d6-bd58-f170bcabf6e4@group-7BB2698B34C9-PendingRequests: sendNotLeaderResponses
2022-02-17 10:48:26,533 [grpc-default-executor-0] INFO  server.GrpcServerProtocolService (GrpcServerProtocolService.java:onCompleted(140)) - 0523a322-62fb-48ad-ac32-b14e75d36544: Completed APPEND_ENTRIES, lastRequest: ac81e281-9cee-42de-af7f-7eadfff53290->0523a322-62fb-48ad-ac32-b14e75d36544#1-t1,previous=(t:0, i:0),leaderCommit=-1,initializing? true,entries: size=1, first=(t:1, i:0), CONFIGURATIONENTRY
2022-02-17 10:48:26,532 [ac81e281-9cee-42de-af7f-7eadfff53290@group-1D1229833E15-StateMachineUpdater] INFO  ratis.ContainerStateMachine (ContainerStateMachine.java:takeSnapshot(315)) - group-1D1229833E15: Finished taking a snapshot at:(t:1, i:0) file:/home/runner/work/ozone/ozone/hadoop-ozone/integration-test/target/test-dir/MiniOzoneClusterImpl-314b2a1d-9ab5-4841-b3ea-c00b8cba638f/datanode-0/data/ratis/776a7a5c-14f6-4011-895b-1d1229833e15/sm/snapshot.1_0 took: 2 ms
2022-02-17 10:48:26,533 [ac81e281-9cee-42de-af7f-7eadfff53290@group-1D1229833E15-StateMachineUpdater] INFO  impl.StateMachineUpdater (StateMachineUpdater.java:takeSnapshot(281)) - ac81e281-9cee-42de-af7f-7eadfff53290@group-1D1229833E15-StateMachineUpdater: Took a snapshot at index 0
2022-02-17 10:48:26,533 [ac81e281-9cee-42de-af7f-7eadfff53290@group-1D1229833E15-StateMachineUpdater] INFO  impl.StateMachineUpdater (StateMachineUpdater.java:lambda$new$0(89)) - ac81e281-9cee-42de-af7f-7eadfff53290@group-1D1229833E15-StateMachineUpdater: snapshotIndex: updateIncreasingly -1 -> 0
2022-02-17 10:48:26,532 [ac81e281-9cee-42de-af7f-7eadfff53290@group-1D1229833E15->3b6373f7-c408-47d6-bd58-f170bcabf6e4-GrpcLogAppender-LogAppenderDaemon] WARN  server.GrpcLogAppender (GrpcLogAppender.java:mayWait(177)) - ac81e281-9cee-42de-af7f-7eadfff53290@group-1D1229833E15->3b6373f7-c408-47d6-bd58-f170bcabf6e4-GrpcLogAppender: Wait interrupted by java.lang.InterruptedException
2022-02-17 10:48:26,534 [grpc-default-executor-3] INFO  server.GrpcLogAppender (GrpcLogAppender.java:onCompleted(346)) - ac81e281-9cee-42de-af7f-7eadfff53290@group-1D1229833E15->0523a322-62fb-48ad-ac32-b14e75d36544-AppendLogResponseHandler: follower responses appendEntries COMPLETED
2022-02-17 10:48:26,534 [grpc-default-executor-3] INFO  leader.FollowerInfo (FollowerInfoImpl.java:lambda$new$0(47)) - ac81e281-9cee-42de-af7f-7eadfff53290@group-1D1229833E15->0523a322-62fb-48ad-ac32-b14e75d36544: nextIndex: updateUnconditionally 1 -> 0
2022-02-17 10:48:26,534 [grpc-default-executor-2] INFO  server.GrpcServerProtocolService (GrpcServerProtocolService.java:onCompleted(140)) - 3b6373f7-c408-47d6-bd58-f170bcabf6e4: Completed APPEND_ENTRIES, lastRequest: ac81e281-9cee-42de-af7f-7eadfff53290->3b6373f7-c408-47d6-bd58-f170bcabf6e4#1-t1,previous=(t:0, i:0),leaderCommit=-1,initializing? true,entries: size=1, first=(t:1, i:0), CONFIGURATIONENTRY
2022-02-17 10:48:26,535 [grpc-default-executor-3] INFO  server.GrpcLogAppender (GrpcLogAppender.java:onCompleted(346)) - ac81e281-9cee-42de-af7f-7eadfff53290@group-1D1229833E15->3b6373f7-c408-47d6-bd58-f170bcabf6e4-AppendLogResponseHandler: follower responses appendEntries COMPLETED
2022-02-17 10:48:26,535 [grpc-default-executor-3] INFO  leader.FollowerInfo (FollowerInfoImpl.java:lambda$new$0(47)) - ac81e281-9cee-42de-af7f-7eadfff53290@group-1D1229833E15->3b6373f7-c408-47d6-bd58-f170bcabf6e4: nextIndex: updateUnconditionally 1 -> 0
2022-02-17 10:48:26,535 [ForkJoinPool.commonPool-worker-0] INFO  server.RaftServer$Division (ServerState.java:close(419)) - ac81e281-9cee-42de-af7f-7eadfff53290@group-1D1229833E15: closes. applyIndex: 0
2022-02-17 10:48:26,535 [ac81e281-9cee-42de-af7f-7eadfff53290@group-1D1229833E15-SegmentedRaftLogWorker] INFO  segmented.SegmentedRaftLogWorker (SegmentedRaftLogWorker.java:run(327)) - ac81e281-9cee-42de-af7f-7eadfff53290@group-1D1229833E15-SegmentedRaftLogWorker was interrupted, exiting. There are 0 tasks remaining in the queue.
2022-02-17 10:48:26,536 [Listener at 127.0.0.1/33953] INFO  impl.StateMachineUpdater (StateMachineUpdater.java:stopAndJoin(149)) - 3b6373f7-c408-47d6-bd58-f170bcabf6e4@group-7BB2698B34C9-StateMachineUpdater: set stopIndex = 0
2022-02-17 10:48:26,536 [3b6373f7-c408-47d6-bd58-f170bcabf6e4@group-7BB2698B34C9-StateMachineUpdater] INFO  ratis.ContainerStateMachine (ContainerStateMachine.java:takeSnapshot(304)) - group-7BB2698B34C9: Taking a snapshot at:(t:1, i:0) file /home/runner/work/ozone/ozone/hadoop-ozone/integration-test/target/test-dir/MiniOzoneClusterImpl-314b2a1d-9ab5-4841-b3ea-c00b8cba638f/datanode-1/data/ratis/8aaf4578-6a37-45fa-a784-7bb2698b34c9/sm/snapshot.1_0
2022-02-17 10:48:26,537 [ForkJoinPool.commonPool-worker-0] INFO  segmented.SegmentedRaftLogWorker (SegmentedRaftLogWorker.java:close(237)) - ac81e281-9cee-42de-af7f-7eadfff53290@group-1D1229833E15-SegmentedRaftLogWorker close()
2022-02-17 10:48:26,542 [ForkJoinPool.commonPool-worker-0] INFO  server.GrpcService (GrpcService.java:closeImpl(262)) - ac81e281-9cee-42de-af7f-7eadfff53290: shutdown server with port 46507 now
2022-02-17 10:48:26,542 [3b6373f7-c408-47d6-bd58-f170bcabf6e4@group-7BB2698B34C9-StateMachineUpdater] INFO  ratis.ContainerStateMachine (ContainerStateMachine.java:takeSnapshot(315)) - group-7BB2698B34C9: Finished taking a snapshot at:(t:1, i:0) file:/home/runner/work/ozone/ozone/hadoop-ozone/integration-test/target/test-dir/MiniOzoneClusterImpl-314b2a1d-9ab5-4841-b3ea-c00b8cba638f/datanode-1/data/ratis/8aaf4578-6a37-45fa-a784-7bb2698b34c9/sm/snapshot.1_0 took: 6 ms
2022-02-17 10:48:26,542 [3b6373f7-c408-47d6-bd58-f170bcabf6e4@group-7BB2698B34C9-StateMachineUpdater] INFO  impl.StateMachineUpdater (StateMachineUpdater.java:takeSnapshot(281)) - 3b6373f7-c408-47d6-bd58-f170bcabf6e4@group-7BB2698B34C9-StateMachineUpdater: Took a snapshot at index 0
2022-02-17 10:48:26,542 [3b6373f7-c408-47d6-bd58-f170bcabf6e4@group-7BB2698B34C9-StateMachineUpdater] INFO  impl.StateMachineUpdater (StateMachineUpdater.java:lambda$new$0(89)) - 3b6373f7-c408-47d6-bd58-f170bcabf6e4@group-7BB2698B34C9-StateMachineUpdater: snapshotIndex: updateIncreasingly -1 -> 0
2022-02-17 10:48:26,542 [Listener at 127.0.0.1/33953] INFO  server.RaftServer$Division (ServerState.java:close(419)) - 3b6373f7-c408-47d6-bd58-f170bcabf6e4@group-7BB2698B34C9: closes. applyIndex: 0
2022-02-17 10:48:26,542 [3b6373f7-c408-47d6-bd58-f170bcabf6e4@group-7BB2698B34C9-SegmentedRaftLogWorker] INFO  segmented.SegmentedRaftLogWorker (SegmentedRaftLogWorker.java:run(327)) - 3b6373f7-c408-47d6-bd58-f170bcabf6e4@group-7BB2698B34C9-SegmentedRaftLogWorker was interrupted, exiting. There are 0 tasks remaining in the queue.
2022-02-17 10:48:26,549 [grpc-default-executor-0] WARN  server.GrpcServerProtocolService (LogUtils.java:warn(122)) - ac81e281-9cee-42de-af7f-7eadfff53290: installSnapshot onError, lastRequest: 0523a322-62fb-48ad-ac32-b14e75d36544->ac81e281-9cee-42de-af7f-7eadfff53290#1-t3,previous=(t:0, i:0),leaderCommit=-1,initializing? true,entries: size=1, first=(t:3, i:0), CONFIGURATIONENTRY: org.apache.ratis.thirdparty.io.grpc.StatusRuntimeException: CANCELLED: client cancelled
2022-02-17 10:48:26,549 [grpc-default-executor-3] WARN  server.GrpcLogAppender (LogUtils.java:warn(122)) - 0523a322-62fb-48ad-ac32-b14e75d36544@group-1EE814415694->ac81e281-9cee-42de-af7f-7eadfff53290-AppendLogResponseHandler: Failed appendEntries: org.apache.ratis.thirdparty.io.grpc.StatusRuntimeException: CANCELLED: HTTP/2 error code: CANCEL
Received Rst Stream
2022-02-17 10:48:26,549 [grpc-default-executor-3] WARN  server.GrpcLogAppender (GrpcLogAppender.java:resetClient(110)) - 0523a322-62fb-48ad-ac32-b14e75d36544@group-1EE814415694->ac81e281-9cee-42de-af7f-7eadfff53290-GrpcLogAppender: Leader has not got in touch with Follower 0523a322-62fb-48ad-ac32-b14e75d36544@group-1EE814415694->ac81e281-9cee-42de-af7f-7eadfff53290(c0,m0,n1, attendVote=true, lastRpcSendTime=157, lastRpcResponseTime=148) yet, just keep nextIndex unchanged and retry.
2022-02-17 10:48:26,549 [Listener at 127.0.0.1/33953] INFO  segmented.SegmentedRaftLogWorker (SegmentedRaftLogWorker.java:close(237)) - 3b6373f7-c408-47d6-bd58-f170bcabf6e4@group-7BB2698B34C9-SegmentedRaftLogWorker close()
2022-02-17 10:48:26,550 [Listener at 127.0.0.1/33953] INFO  server.GrpcService (GrpcService.java:closeImpl(262)) - 3b6373f7-c408-47d6-bd58-f170bcabf6e4: shutdown server with port 45045 now
2022-02-17 10:48:26,562 [grpc-default-executor-3] WARN  server.GrpcServerProtocolService (LogUtils.java:warn(122)) - 3b6373f7-c408-47d6-bd58-f170bcabf6e4: installSnapshot onError, lastRequest: 0523a322-62fb-48ad-ac32-b14e75d36544->3b6373f7-c408-47d6-bd58-f170bcabf6e4#1-t3,previous=(t:0, i:0),leaderCommit=-1,initializing? true,entries: size=1, first=(t:3, i:0), CONFIGURATIONENTRY: org.apache.ratis.thirdparty.io.grpc.StatusRuntimeException: CANCELLED: client cancelled
2022-02-17 10:48:26,563 [grpc-default-executor-2] WARN  server.GrpcLogAppender (LogUtils.java:warn(122)) - 0523a322-62fb-48ad-ac32-b14e75d36544@group-1EE814415694->3b6373f7-c408-47d6-bd58-f170bcabf6e4-AppendLogResponseHandler: Failed appendEntries: org.apache.ratis.thirdparty.io.grpc.StatusRuntimeException: CANCELLED: HTTP/2 error code: CANCEL
Received Rst Stream
2022-02-17 10:48:26,563 [grpc-default-executor-2] WARN  server.GrpcLogAppender (GrpcLogAppender.java:resetClient(110)) - 0523a322-62fb-48ad-ac32-b14e75d36544@group-1EE814415694->3b6373f7-c408-47d6-bd58-f170bcabf6e4-GrpcLogAppender: Leader has not got in touch with Follower 0523a322-62fb-48ad-ac32-b14e75d36544@group-1EE814415694->3b6373f7-c408-47d6-bd58-f170bcabf6e4(c0,m0,n1, attendVote=true, lastRpcSendTime=237, lastRpcResponseTime=233) yet, just keep nextIndex unchanged and retry.
2022-02-17 10:48:26,609 [ForkJoinPool.commonPool-worker-0] INFO  server.GrpcService (GrpcService.java:closeImpl(271)) - ac81e281-9cee-42de-af7f-7eadfff53290: shutdown server with port 46507 successfully
2022-02-17 10:48:26,623 [org.apache.ratis.util.JvmPauseMonitor$$Lambda$503/2086945474@7b205aff] INFO  util.JvmPauseMonitor (JvmPauseMonitor.java:run(109)) - JvmPauseMonitor-ac81e281-9cee-42de-af7f-7eadfff53290: Stopped
2022-02-17 10:48:26,650 [Listener at 127.0.0.1/33953] INFO  server.GrpcService (GrpcService.java:closeImpl(271)) - 3b6373f7-c408-47d6-bd58-f170bcabf6e4: shutdown server with port 45045 successfully
2022-02-17 10:48:26,650 [org.apache.ratis.util.JvmPauseMonitor$$Lambda$503/2086945474@1c174f84] INFO  util.JvmPauseMonitor (JvmPauseMonitor.java:run(109)) - JvmPauseMonitor-3b6373f7-c408-47d6-bd58-f170bcabf6e4: Stopped
2022-02-17 10:48:26,667 [EndpointStateMachine task thread for /127.0.0.1:38221 - 0 ] INFO  ipc.Client (Client.java:handleConnectionFailure(977)) - Retrying connect to server: localhost/127.0.0.1:38221. Already tried 6 time(s); retry policy is RetryUpToMaximumCountWithFixedSleep(maxRetries=15, sleepTime=1000 MILLISECONDS)
2022-02-17 10:48:26,667 [EndpointStateMachine task thread for /127.0.0.1:43155 - 0 ] INFO  ipc.Client (Client.java:handleConnectionFailure(977)) - Retrying connect to server: localhost/127.0.0.1:43155. Already tried 6 time(s); retry policy is RetryUpToMaximumCountWithFixedSleep(maxRetries=15, sleepTime=1000 MILLISECONDS)
2022-02-17 10:48:26,669 [EndpointStateMachine task thread for /127.0.0.1:37793 - 0 ] INFO  ipc.Client (Client.java:handleConnectionFailure(977)) - Retrying connect to server: localhost/127.0.0.1:37793. Already tried 6 time(s); retry policy is RetryUpToMaximumCountWithFixedSleep(maxRetries=15, sleepTime=1000 MILLISECONDS)
2022-02-17 10:48:27,035 [EndpointStateMachine task thread for /127.0.0.1:41349 - 0 ] INFO  ipc.Client (Client.java:handleConnectionFailure(977)) - Retrying connect to server: localhost/127.0.0.1:41349. Already tried 6 time(s); retry policy is RetryUpToMaximumCountWithFixedSleep(maxRetries=15, sleepTime=1000 MILLISECONDS)
2022-02-17 10:48:27,038 [EndpointStateMachine task thread for /127.0.0.1:41937 - 0 ] INFO  ipc.Client (Client.java:handleConnectionFailure(977)) - Retrying connect to server: localhost/127.0.0.1:41937. Already tried 6 time(s); retry policy is RetryUpToMaximumCountWithFixedSleep(maxRetries=15, sleepTime=1000 MILLISECONDS)
2022-02-17 10:48:27,039 [EndpointStateMachine task thread for /127.0.0.1:46679 - 0 ] INFO  ipc.Client (Client.java:handleConnectionFailure(977)) - Retrying connect to server: localhost/127.0.0.1:46679. Already tried 6 time(s); retry policy is RetryUpToMaximumCountWithFixedSleep(maxRetries=15, sleepTime=1000 MILLISECONDS)
2022-02-17 10:48:27,667 [EndpointStateMachine task thread for /127.0.0.1:38221 - 0 ] INFO  ipc.Client (Client.java:handleConnectionFailure(977)) - Retrying connect to server: localhost/127.0.0.1:38221. Already tried 7 time(s); retry policy is RetryUpToMaximumCountWithFixedSleep(maxRetries=15, sleepTime=1000 MILLISECONDS)
2022-02-17 10:48:27,668 [EndpointStateMachine task thread for /127.0.0.1:43155 - 0 ] INFO  ipc.Client (Client.java:handleConnectionFailure(977)) - Retrying connect to server: localhost/127.0.0.1:43155. Already tried 7 time(s); retry policy is RetryUpToMaximumCountWithFixedSleep(maxRetries=15, sleepTime=1000 MILLISECONDS)
2022-02-17 10:48:27,670 [EndpointStateMachine task thread for /127.0.0.1:37793 - 0 ] INFO  ipc.Client (Client.java:handleConnectionFailure(977)) - Retrying connect to server: localhost/127.0.0.1:37793. Already tried 7 time(s); retry policy is RetryUpToMaximumCountWithFixedSleep(maxRetries=15, sleepTime=1000 MILLISECONDS)
2022-02-17 10:48:28,036 [EndpointStateMachine task thread for /127.0.0.1:41349 - 0 ] INFO  ipc.Client (Client.java:handleConnectionFailure(977)) - Retrying connect to server: localhost/127.0.0.1:41349. Already tried 7 time(s); retry policy is RetryUpToMaximumCountWithFixedSleep(maxRetries=15, sleepTime=1000 MILLISECONDS)
2022-02-17 10:48:28,038 [EndpointStateMachine task thread for /127.0.0.1:41937 - 0 ] INFO  ipc.Client (Client.java:handleConnectionFailure(977)) - Retrying connect to server: localhost/127.0.0.1:41937. Already tried 7 time(s); retry policy is RetryUpToMaximumCountWithFixedSleep(maxRetries=15, sleepTime=1000 MILLISECONDS)
2022-02-17 10:48:28,041 [EndpointStateMachine task thread for /127.0.0.1:46679 - 0 ] INFO  ipc.Client (Client.java:handleConnectionFailure(977)) - Retrying connect to server: localhost/127.0.0.1:46679. Already tried 7 time(s); retry policy is RetryUpToMaximumCountWithFixedSleep(maxRetries=15, sleepTime=1000 MILLISECONDS)
2022-02-17 10:48:28,643 [ForkJoinPool.commonPool-worker-0] INFO  utils.BackgroundService (BackgroundService.java:shutdown(132)) - Shutting down service BlockDeletingService
2022-02-17 10:48:28,668 [EndpointStateMachine task thread for /127.0.0.1:38221 - 0 ] INFO  ipc.Client (Client.java:handleConnectionFailure(977)) - Retrying connect to server: localhost/127.0.0.1:38221. Already tried 8 time(s); retry policy is RetryUpToMaximumCountWithFixedSleep(maxRetries=15, sleepTime=1000 MILLISECONDS)
2022-02-17 10:48:28,668 [EndpointStateMachine task thread for /127.0.0.1:43155 - 0 ] INFO  ipc.Client (Client.java:handleConnectionFailure(977)) - Retrying connect to server: localhost/127.0.0.1:43155. Already tried 8 time(s); retry policy is RetryUpToMaximumCountWithFixedSleep(maxRetries=15, sleepTime=1000 MILLISECONDS)
2022-02-17 10:48:28,670 [EndpointStateMachine task thread for /127.0.0.1:37793 - 0 ] INFO  ipc.Client (Client.java:handleConnectionFailure(977)) - Retrying connect to server: localhost/127.0.0.1:37793. Already tried 8 time(s); retry policy is RetryUpToMaximumCountWithFixedSleep(maxRetries=15, sleepTime=1000 MILLISECONDS)
2022-02-17 10:48:28,673 [Datanode State Machine Daemon Thread] ERROR datanode.RunningDatanodeState (RunningDatanodeState.java:computeNextContainerState(199)) - Error in executing end point task.
java.util.concurrent.ExecutionException: java.util.concurrent.TimeoutException
	at java.util.concurrent.FutureTask.report(FutureTask.java:122)
	at java.util.concurrent.FutureTask.get(FutureTask.java:192)
	at org.apache.hadoop.ozone.container.common.states.datanode.RunningDatanodeState.computeNextContainerState(RunningDatanodeState.java:191)
	at org.apache.hadoop.ozone.container.common.states.datanode.RunningDatanodeState.await(RunningDatanodeState.java:231)
	at org.apache.hadoop.ozone.container.common.states.datanode.RunningDatanodeState.await(RunningDatanodeState.java:50)
	at org.apache.hadoop.ozone.container.common.statemachine.StateContext.execute(StateContext.java:633)
	at org.apache.hadoop.ozone.container.common.statemachine.DatanodeStateMachine.start(DatanodeStateMachine.java:283)
	at org.apache.hadoop.ozone.container.common.statemachine.DatanodeStateMachine.lambda$startDaemon$0(DatanodeStateMachine.java:471)
	at java.lang.Thread.run(Thread.java:750)
Caused by: java.util.concurrent.TimeoutException
	at java.util.concurrent.FutureTask.get(FutureTask.java:205)
	at org.apache.hadoop.ozone.container.common.states.datanode.RunningDatanodeState.lambda$execute$0(RunningDatanodeState.java:149)
	at java.util.concurrent.FutureTask.run(FutureTask.java:266)
	at java.util.concurrent.Executors$RunnableAdapter.call(Executors.java:511)
	at java.util.concurrent.FutureTask.run(FutureTask.java:266)
	at java.util.concurrent.ThreadPoolExecutor.runWorker(ThreadPoolExecutor.java:1149)
	at java.util.concurrent.ThreadPoolExecutor$Worker.run(ThreadPoolExecutor.java:624)
	... 1 more
2022-02-17 10:48:28,714 [Listener at 127.0.0.1/33953] INFO  utils.BackgroundService (BackgroundService.java:shutdown(132)) - Shutting down service BlockDeletingService
2022-02-17 10:48:28,836 [grpc-default-executor-2] WARN  server.GrpcLogAppender (LogUtils.java:warn(122)) - 0523a322-62fb-48ad-ac32-b14e75d36544@group-1EE814415694->3b6373f7-c408-47d6-bd58-f170bcabf6e4-AppendLogResponseHandler: Failed appendEntries: org.apache.ratis.thirdparty.io.grpc.StatusRuntimeException: UNAVAILABLE: io exception
2022-02-17 10:48:28,836 [grpc-default-executor-2] WARN  server.GrpcLogAppender (GrpcLogAppender.java:resetClient(110)) - 0523a322-62fb-48ad-ac32-b14e75d36544@group-1EE814415694->3b6373f7-c408-47d6-bd58-f170bcabf6e4-GrpcLogAppender: Leader has not got in touch with Follower 0523a322-62fb-48ad-ac32-b14e75d36544@group-1EE814415694->3b6373f7-c408-47d6-bd58-f170bcabf6e4(c0,m0,n1, attendVote=true, lastRpcSendTime=5, lastRpcResponseTime=2507) yet, just keep nextIndex unchanged and retry.
2022-02-17 10:48:28,901 [grpc-default-executor-3] WARN  server.GrpcLogAppender (LogUtils.java:warn(122)) - 0523a322-62fb-48ad-ac32-b14e75d36544@group-1EE814415694->ac81e281-9cee-42de-af7f-7eadfff53290-AppendLogResponseHandler: Failed appendEntries: org.apache.ratis.thirdparty.io.grpc.StatusRuntimeException: UNAVAILABLE: io exception
2022-02-17 10:48:28,902 [grpc-default-executor-3] WARN  server.GrpcLogAppender (GrpcLogAppender.java:resetClient(110)) - 0523a322-62fb-48ad-ac32-b14e75d36544@group-1EE814415694->ac81e281-9cee-42de-af7f-7eadfff53290-GrpcLogAppender: Leader has not got in touch with Follower 0523a322-62fb-48ad-ac32-b14e75d36544@group-1EE814415694->ac81e281-9cee-42de-af7f-7eadfff53290(c0,m0,n1, attendVote=true, lastRpcSendTime=1, lastRpcResponseTime=2501) yet, just keep nextIndex unchanged and retry.
2022-02-17 10:48:29,036 [EndpointStateMachine task thread for /127.0.0.1:41349 - 0 ] INFO  ipc.Client (Client.java:handleConnectionFailure(977)) - Retrying connect to server: localhost/127.0.0.1:41349. Already tried 8 time(s); retry policy is RetryUpToMaximumCountWithFixedSleep(maxRetries=15, sleepTime=1000 MILLISECONDS)
2022-02-17 10:48:29,041 [EndpointStateMachine task thread for /127.0.0.1:41937 - 0 ] INFO  ipc.Client (Client.java:handleConnectionFailure(977)) - Retrying connect to server: localhost/127.0.0.1:41937. Already tried 8 time(s); retry policy is RetryUpToMaximumCountWithFixedSleep(maxRetries=15, sleepTime=1000 MILLISECONDS)
2022-02-17 10:48:29,042 [EndpointStateMachine task thread for /127.0.0.1:46679 - 0 ] INFO  ipc.Client (Client.java:handleConnectionFailure(977)) - Retrying connect to server: localhost/127.0.0.1:46679. Already tried 8 time(s); retry policy is RetryUpToMaximumCountWithFixedSleep(maxRetries=15, sleepTime=1000 MILLISECONDS)
2022-02-17 10:48:29,669 [EndpointStateMachine task thread for /127.0.0.1:38221 - 0 ] INFO  ipc.Client (Client.java:handleConnectionFailure(977)) - Retrying connect to server: localhost/127.0.0.1:38221. Already tried 9 time(s); retry policy is RetryUpToMaximumCountWithFixedSleep(maxRetries=15, sleepTime=1000 MILLISECONDS)
2022-02-17 10:48:29,669 [EndpointStateMachine task thread for /127.0.0.1:43155 - 0 ] INFO  ipc.Client (Client.java:handleConnectionFailure(977)) - Retrying connect to server: localhost/127.0.0.1:43155. Already tried 9 time(s); retry policy is RetryUpToMaximumCountWithFixedSleep(maxRetries=15, sleepTime=1000 MILLISECONDS)
2022-02-17 10:48:29,673 [EndpointStateMachine task thread for /127.0.0.1:37793 - 0 ] INFO  ipc.Client (Client.java:handleConnectionFailure(977)) - Retrying connect to server: localhost/127.0.0.1:37793. Already tried 9 time(s); retry policy is RetryUpToMaximumCountWithFixedSleep(maxRetries=15, sleepTime=1000 MILLISECONDS)
2022-02-17 10:48:30,037 [EndpointStateMachine task thread for /127.0.0.1:41349 - 0 ] INFO  ipc.Client (Client.java:handleConnectionFailure(977)) - Retrying connect to server: localhost/127.0.0.1:41349. Already tried 9 time(s); retry policy is RetryUpToMaximumCountWithFixedSleep(maxRetries=15, sleepTime=1000 MILLISECONDS)
2022-02-17 10:48:30,042 [EndpointStateMachine task thread for /127.0.0.1:41937 - 0 ] INFO  ipc.Client (Client.java:handleConnectionFailure(977)) - Retrying connect to server: localhost/127.0.0.1:41937. Already tried 9 time(s); retry policy is RetryUpToMaximumCountWithFixedSleep(maxRetries=15, sleepTime=1000 MILLISECONDS)
2022-02-17 10:48:30,042 [EndpointStateMachine task thread for /127.0.0.1:46679 - 0 ] INFO  ipc.Client (Client.java:handleConnectionFailure(977)) - Retrying connect to server: localhost/127.0.0.1:46679. Already tried 9 time(s); retry policy is RetryUpToMaximumCountWithFixedSleep(maxRetries=15, sleepTime=1000 MILLISECONDS)
2022-02-17 10:48:30,669 [EndpointStateMachine task thread for /127.0.0.1:38221 - 0 ] INFO  ipc.Client (Client.java:handleConnectionFailure(977)) - Retrying connect to server: localhost/127.0.0.1:38221. Already tried 10 time(s); retry policy is RetryUpToMaximumCountWithFixedSleep(maxRetries=15, sleepTime=1000 MILLISECONDS)
2022-02-17 10:48:30,670 [EndpointStateMachine task thread for /127.0.0.1:43155 - 0 ] INFO  ipc.Client (Client.java:handleConnectionFailure(977)) - Retrying connect to server: localhost/127.0.0.1:43155. Already tried 10 time(s); retry policy is RetryUpToMaximumCountWithFixedSleep(maxRetries=15, sleepTime=1000 MILLISECONDS)
2022-02-17 10:48:30,674 [EndpointStateMachine task thread for /127.0.0.1:37793 - 0 ] INFO  ipc.Client (Client.java:handleConnectionFailure(977)) - Retrying connect to server: localhost/127.0.0.1:37793. Already tried 10 time(s); retry policy is RetryUpToMaximumCountWithFixedSleep(maxRetries=15, sleepTime=1000 MILLISECONDS)
2022-02-17 10:48:31,038 [EndpointStateMachine task thread for /127.0.0.1:41349 - 0 ] INFO  ipc.Client (Client.java:handleConnectionFailure(977)) - Retrying connect to server: localhost/127.0.0.1:41349. Already tried 10 time(s); retry policy is RetryUpToMaximumCountWithFixedSleep(maxRetries=15, sleepTime=1000 MILLISECONDS)
2022-02-17 10:48:31,042 [EndpointStateMachine task thread for /127.0.0.1:41937 - 0 ] INFO  ipc.Client (Client.java:handleConnectionFailure(977)) - Retrying connect to server: localhost/127.0.0.1:41937. Already tried 10 time(s); retry policy is RetryUpToMaximumCountWithFixedSleep(maxRetries=15, sleepTime=1000 MILLISECONDS)
2022-02-17 10:48:31,042 [EndpointStateMachine task thread for /127.0.0.1:46679 - 0 ] INFO  ipc.Client (Client.java:handleConnectionFailure(977)) - Retrying connect to server: localhost/127.0.0.1:46679. Already tried 10 time(s); retry policy is RetryUpToMaximumCountWithFixedSleep(maxRetries=15, sleepTime=1000 MILLISECONDS)
2022-02-17 10:48:31,350 [grpc-default-executor-3] WARN  server.GrpcLogAppender (LogUtils.java:warn(122)) - 0523a322-62fb-48ad-ac32-b14e75d36544@group-1EE814415694->3b6373f7-c408-47d6-bd58-f170bcabf6e4-AppendLogResponseHandler: Failed appendEntries: org.apache.ratis.thirdparty.io.grpc.StatusRuntimeException: UNAVAILABLE: io exception
2022-02-17 10:48:31,350 [grpc-default-executor-3] WARN  server.GrpcLogAppender (GrpcLogAppender.java:resetClient(110)) - 0523a322-62fb-48ad-ac32-b14e75d36544@group-1EE814415694->3b6373f7-c408-47d6-bd58-f170bcabf6e4-GrpcLogAppender: Leader has not got in touch with Follower 0523a322-62fb-48ad-ac32-b14e75d36544@group-1EE814415694->3b6373f7-c408-47d6-bd58-f170bcabf6e4(c0,m0,n1, attendVote=true, lastRpcSendTime=2520, lastRpcResponseTime=5021) yet, just keep nextIndex unchanged and retry.
2022-02-17 10:48:31,401 [grpc-default-executor-3] WARN  server.GrpcLogAppender (LogUtils.java:warn(122)) - 0523a322-62fb-48ad-ac32-b14e75d36544@group-1EE814415694->ac81e281-9cee-42de-af7f-7eadfff53290-AppendLogResponseHandler: Failed appendEntries: org.apache.ratis.thirdparty.io.grpc.StatusRuntimeException: UNAVAILABLE: io exception
2022-02-17 10:48:31,402 [grpc-default-executor-3] WARN  server.GrpcLogAppender (GrpcLogAppender.java:resetClient(110)) - 0523a322-62fb-48ad-ac32-b14e75d36544@group-1EE814415694->ac81e281-9cee-42de-af7f-7eadfff53290-GrpcLogAppender: Leader has not got in touch with Follower 0523a322-62fb-48ad-ac32-b14e75d36544@group-1EE814415694->ac81e281-9cee-42de-af7f-7eadfff53290(c0,m0,n1, attendVote=true, lastRpcSendTime=0, lastRpcResponseTime=5001) yet, just keep nextIndex unchanged and retry.
2022-02-17 10:48:31,665 [ForkJoinPool.commonPool-worker-0] INFO  statemachine.DatanodeStateMachine (DatanodeStateMachine.java:stopDaemon(529)) - Ozone container server stopped.
2022-02-17 10:48:31,671 [ForkJoinPool.commonPool-worker-0] INFO  handler.ContextHandler (ContextHandler.java:doStop(1153)) - Stopped o.e.j.w.WebAppContext@22395d00{hddsDatanode,/,null,STOPPED}{jar:file:/home/runner/.m2/repository/org/apache/ozone/hdds-container-service/1.3.0-SNAPSHOT/hdds-container-service-1.3.0-SNAPSHOT.jar!/webapps/hddsDatanode}
2022-02-17 10:48:31,673 [ForkJoinPool.commonPool-worker-0] INFO  server.AbstractConnector (AbstractConnector.java:doStop(381)) - Stopped ServerConnector@4db4ec6a{HTTP/1.1, (http/1.1)}{0.0.0.0:0}
2022-02-17 10:48:31,673 [ForkJoinPool.commonPool-worker-0] INFO  server.session (HouseKeeper.java:stopScavenging(149)) - node0 Stopped scavenging
2022-02-17 10:48:31,678 [ForkJoinPool.commonPool-worker-0] INFO  handler.ContextHandler (ContextHandler.java:doStop(1153)) - Stopped o.e.j.s.ServletContextHandler@74e218d7{static,/static,jar:file:/home/runner/.m2/repository/org/apache/ozone/hdds-container-service/1.3.0-SNAPSHOT/hdds-container-service-1.3.0-SNAPSHOT.jar!/webapps/static,STOPPED}
2022-02-17 10:48:31,685 [Datanode State Machine Daemon Thread] ERROR datanode.RunningDatanodeState (RunningDatanodeState.java:computeNextContainerState(199)) - Error in executing end point task.
java.util.concurrent.ExecutionException: java.util.concurrent.TimeoutException
	at java.util.concurrent.FutureTask.report(FutureTask.java:122)
	at java.util.concurrent.FutureTask.get(FutureTask.java:192)
	at org.apache.hadoop.ozone.container.common.states.datanode.RunningDatanodeState.computeNextContainerState(RunningDatanodeState.java:191)
	at org.apache.hadoop.ozone.container.common.states.datanode.RunningDatanodeState.await(RunningDatanodeState.java:231)
	at org.apache.hadoop.ozone.container.common.states.datanode.RunningDatanodeState.await(RunningDatanodeState.java:50)
	at org.apache.hadoop.ozone.container.common.statemachine.StateContext.execute(StateContext.java:633)
	at org.apache.hadoop.ozone.container.common.statemachine.DatanodeStateMachine.start(DatanodeStateMachine.java:283)
	at org.apache.hadoop.ozone.container.common.statemachine.DatanodeStateMachine.lambda$startDaemon$0(DatanodeStateMachine.java:471)
	at java.lang.Thread.run(Thread.java:750)
Caused by: java.util.concurrent.TimeoutException
	at java.util.concurrent.FutureTask.get(FutureTask.java:205)
	at org.apache.hadoop.ozone.container.common.states.datanode.RunningDatanodeState.lambda$execute$0(RunningDatanodeState.java:149)
	at java.util.concurrent.FutureTask.run(FutureTask.java:266)
	at java.util.concurrent.Executors$RunnableAdapter.call(Executors.java:511)
	at java.util.concurrent.FutureTask.run(FutureTask.java:266)
	at java.util.concurrent.ThreadPoolExecutor.runWorker(ThreadPoolExecutor.java:1149)
	at java.util.concurrent.ThreadPoolExecutor$Worker.run(ThreadPoolExecutor.java:624)
	... 1 more
2022-02-17 10:48:31,697 [ForkJoinPool.commonPool-worker-0] INFO  handler.ContextHandler (ContextHandler.java:doStop(1153)) - Stopped o.e.j.s.ServletContextHandler@15c8c97{logs,/logs,file:///home/runner/work/ozone/ozone/hadoop-ozone/integration-test/target/log,STOPPED}
2022-02-17 10:48:31,699 [EndpointStateMachine task thread for /127.0.0.1:37793 - 0 ] INFO  ipc.Client (Client.java:handleConnectionFailure(977)) - Retrying connect to server: localhost/127.0.0.1:37793. Already tried 11 time(s); retry policy is RetryUpToMaximumCountWithFixedSleep(maxRetries=15, sleepTime=1000 MILLISECONDS)
2022-02-17 10:48:31,705 [EndpointStateMachine task thread for /127.0.0.1:43155 - 0 ] INFO  ipc.Client (Client.java:handleConnectionFailure(977)) - Retrying connect to server: localhost/127.0.0.1:43155. Already tried 11 time(s); retry policy is RetryUpToMaximumCountWithFixedSleep(maxRetries=15, sleepTime=1000 MILLISECONDS)
2022-02-17 10:48:31,709 [EndpointStateMachine task thread for /127.0.0.1:38221 - 0 ] INFO  ipc.Client (Client.java:handleConnectionFailure(977)) - Retrying connect to server: localhost/127.0.0.1:38221. Already tried 11 time(s); retry policy is RetryUpToMaximumCountWithFixedSleep(maxRetries=15, sleepTime=1000 MILLISECONDS)
2022-02-17 10:48:31,746 [Listener at 127.0.0.1/33953] INFO  statemachine.DatanodeStateMachine (DatanodeStateMachine.java:stopDaemon(529)) - Ozone container server stopped.
2022-02-17 10:48:31,747 [Listener at 127.0.0.1/33953] INFO  handler.ContextHandler (ContextHandler.java:doStop(1153)) - Stopped o.e.j.w.WebAppContext@2ee76d8d{hddsDatanode,/,null,STOPPED}{jar:file:/home/runner/.m2/repository/org/apache/ozone/hdds-container-service/1.3.0-SNAPSHOT/hdds-container-service-1.3.0-SNAPSHOT.jar!/webapps/hddsDatanode}
2022-02-17 10:48:31,750 [Listener at 127.0.0.1/33953] INFO  server.AbstractConnector (AbstractConnector.java:doStop(381)) - Stopped ServerConnector@34ef6c16{HTTP/1.1, (http/1.1)}{0.0.0.0:0}
2022-02-17 10:48:31,750 [Listener at 127.0.0.1/33953] INFO  server.session (HouseKeeper.java:stopScavenging(149)) - node0 Stopped scavenging
2022-02-17 10:48:31,750 [Listener at 127.0.0.1/33953] INFO  handler.ContextHandler (ContextHandler.java:doStop(1153)) - Stopped o.e.j.s.ServletContextHandler@7f5df538{static,/static,jar:file:/home/runner/.m2/repository/org/apache/ozone/hdds-container-service/1.3.0-SNAPSHOT/hdds-container-service-1.3.0-SNAPSHOT.jar!/webapps/static,STOPPED}
2022-02-17 10:48:31,750 [Listener at 127.0.0.1/33953] INFO  handler.ContextHandler (ContextHandler.java:doStop(1153)) - Stopped o.e.j.s.ServletContextHandler@4036d9cd{logs,/logs,file:///home/runner/work/ozone/ozone/hadoop-ozone/integration-test/target/log,STOPPED}
2022-02-17 10:48:32,038 [EndpointStateMachine task thread for /127.0.0.1:41349 - 0 ] INFO  ipc.Client (Client.java:handleConnectionFailure(977)) - Retrying connect to server: localhost/127.0.0.1:41349. Already tried 11 time(s); retry policy is RetryUpToMaximumCountWithFixedSleep(maxRetries=15, sleepTime=1000 MILLISECONDS)
2022-02-17 10:48:32,042 [EndpointStateMachine task thread for /127.0.0.1:41937 - 0 ] INFO  ipc.Client (Client.java:handleConnectionFailure(977)) - Retrying connect to server: localhost/127.0.0.1:41937. Already tried 11 time(s); retry policy is RetryUpToMaximumCountWithFixedSleep(maxRetries=15, sleepTime=1000 MILLISECONDS)
2022-02-17 10:48:32,043 [EndpointStateMachine task thread for /127.0.0.1:46679 - 0 ] INFO  ipc.Client (Client.java:handleConnectionFailure(977)) - Retrying connect to server: localhost/127.0.0.1:46679. Already tried 11 time(s); retry policy is RetryUpToMaximumCountWithFixedSleep(maxRetries=15, sleepTime=1000 MILLISECONDS)
2022-02-17 10:48:32,698 [Datanode State Machine Daemon Thread] WARN  statemachine.StateContext (StateContext.java:setState(249)) - Ignore disallowed transition from SHUTDOWN to RUNNING
2022-02-17 10:48:32,699 [EndpointStateMachine task thread for /127.0.0.1:37793 - 0 ] INFO  ipc.Client (Client.java:handleConnectionFailure(977)) - Retrying connect to server: localhost/127.0.0.1:37793. Already tried 12 time(s); retry policy is RetryUpToMaximumCountWithFixedSleep(maxRetries=15, sleepTime=1000 MILLISECONDS)
2022-02-17 10:48:32,706 [EndpointStateMachine task thread for /127.0.0.1:43155 - 0 ] INFO  ipc.Client (Client.java:handleConnectionFailure(977)) - Retrying connect to server: localhost/127.0.0.1:43155. Already tried 12 time(s); retry policy is RetryUpToMaximumCountWithFixedSleep(maxRetries=15, sleepTime=1000 MILLISECONDS)
2022-02-17 10:48:32,710 [EndpointStateMachine task thread for /127.0.0.1:38221 - 0 ] INFO  ipc.Client (Client.java:handleConnectionFailure(977)) - Retrying connect to server: localhost/127.0.0.1:38221. Already tried 12 time(s); retry policy is RetryUpToMaximumCountWithFixedSleep(maxRetries=15, sleepTime=1000 MILLISECONDS)
2022-02-17 10:48:33,039 [EndpointStateMachine task thread for /127.0.0.1:41349 - 0 ] INFO  ipc.Client (Client.java:handleConnectionFailure(977)) - Retrying connect to server: localhost/127.0.0.1:41349. Already tried 12 time(s); retry policy is RetryUpToMaximumCountWithFixedSleep(maxRetries=15, sleepTime=1000 MILLISECONDS)
2022-02-17 10:48:33,049 [EndpointStateMachine task thread for /127.0.0.1:46679 - 0 ] INFO  ipc.Client (Client.java:handleConnectionFailure(977)) - Retrying connect to server: localhost/127.0.0.1:46679. Already tried 12 time(s); retry policy is RetryUpToMaximumCountWithFixedSleep(maxRetries=15, sleepTime=1000 MILLISECONDS)
2022-02-17 10:48:33,050 [EndpointStateMachine task thread for /127.0.0.1:41937 - 0 ] INFO  ipc.Client (Client.java:handleConnectionFailure(977)) - Retrying connect to server: localhost/127.0.0.1:41937. Already tried 12 time(s); retry policy is RetryUpToMaximumCountWithFixedSleep(maxRetries=15, sleepTime=1000 MILLISECONDS)
2022-02-17 10:48:33,518 [0523a322-62fb-48ad-ac32-b14e75d36544@group-1D1229833E15-FollowerState] INFO  impl.FollowerState (FollowerState.java:run(134)) - 0523a322-62fb-48ad-ac32-b14e75d36544@group-1D1229833E15-FollowerState: change to CANDIDATE, lastRpcElapsedTime:7812523072ns, electionTimeout:5144ms
2022-02-17 10:48:33,518 [0523a322-62fb-48ad-ac32-b14e75d36544@group-1D1229833E15-FollowerState] INFO  impl.RoleInfo (RoleInfo.java:shutdownFollowerState(108)) - 0523a322-62fb-48ad-ac32-b14e75d36544: shutdown 0523a322-62fb-48ad-ac32-b14e75d36544@group-1D1229833E15-FollowerState
2022-02-17 10:48:33,518 [0523a322-62fb-48ad-ac32-b14e75d36544@group-1D1229833E15-FollowerState] INFO  server.RaftServer$Division (RaftServerImpl.java:setRole(290)) - 0523a322-62fb-48ad-ac32-b14e75d36544@group-1D1229833E15: changes role from  FOLLOWER to CANDIDATE at term 1 for changeToCandidate
2022-02-17 10:48:33,518 [0523a322-62fb-48ad-ac32-b14e75d36544@group-1D1229833E15-FollowerState] INFO  server.RaftServerConfigKeys (ConfUtils.java:logGet(44)) - raft.server.leaderelection.pre-vote = false (custom)
2022-02-17 10:48:33,518 [0523a322-62fb-48ad-ac32-b14e75d36544@group-1D1229833E15-FollowerState] INFO  impl.RoleInfo (RoleInfo.java:updateAndGet(130)) - 0523a322-62fb-48ad-ac32-b14e75d36544: start 0523a322-62fb-48ad-ac32-b14e75d36544@group-1D1229833E15-LeaderElection26
2022-02-17 10:48:33,534 [0523a322-62fb-48ad-ac32-b14e75d36544@group-1D1229833E15-LeaderElection26] INFO  server.RaftServer$Division (ServerState.java:setLeader(285)) - 0523a322-62fb-48ad-ac32-b14e75d36544@group-1D1229833E15: change Leader from ac81e281-9cee-42de-af7f-7eadfff53290 to null at term 1 for ELECTION
2022-02-17 10:48:33,539 [0523a322-62fb-48ad-ac32-b14e75d36544@group-1D1229833E15-LeaderElection26] INFO  impl.LeaderElection (LeaderElection.java:askForVotes(306)) - 0523a322-62fb-48ad-ac32-b14e75d36544@group-1D1229833E15-LeaderElection26 ELECTION round 0: submit vote requests at term 2 for 0: [0523a322-62fb-48ad-ac32-b14e75d36544|rpc:127.0.0.1:40599|dataStream:|priority:0, ac81e281-9cee-42de-af7f-7eadfff53290|rpc:127.0.0.1:46507|dataStream:|priority:1, 3b6373f7-c408-47d6-bd58-f170bcabf6e4|rpc:127.0.0.1:45045|dataStream:|priority:0], old=null
2022-02-17 10:48:33,555 [0523a322-62fb-48ad-ac32-b14e75d36544@group-1D1229833E15-LeaderElection26] INFO  impl.LeaderElection (LogUtils.java:infoOrTrace(137)) - 0523a322-62fb-48ad-ac32-b14e75d36544@group-1D1229833E15-LeaderElection26 got exception when requesting votes: java.util.concurrent.ExecutionException: org.apache.ratis.thirdparty.io.grpc.StatusRuntimeException: UNAVAILABLE: io exception
2022-02-17 10:48:33,555 [0523a322-62fb-48ad-ac32-b14e75d36544@group-1D1229833E15-LeaderElection26] INFO  impl.LeaderElection (LogUtils.java:infoOrTrace(137)) - 0523a322-62fb-48ad-ac32-b14e75d36544@group-1D1229833E15-LeaderElection26 got exception when requesting votes: java.util.concurrent.ExecutionException: org.apache.ratis.thirdparty.io.grpc.StatusRuntimeException: UNAVAILABLE: io exception
2022-02-17 10:48:33,555 [0523a322-62fb-48ad-ac32-b14e75d36544@group-1D1229833E15-LeaderElection26] INFO  impl.LeaderElection (LeaderElection.java:logAndReturn(89)) - 0523a322-62fb-48ad-ac32-b14e75d36544@group-1D1229833E15-LeaderElection26: ELECTION REJECTED received 0 response(s) and 2 exception(s):
2022-02-17 10:48:33,555 [0523a322-62fb-48ad-ac32-b14e75d36544@group-1D1229833E15-LeaderElection26] INFO  impl.LeaderElection (LogUtils.java:infoOrTrace(137)) -   Exception 0: java.util.concurrent.ExecutionException: org.apache.ratis.thirdparty.io.grpc.StatusRuntimeException: UNAVAILABLE: io exception
2022-02-17 10:48:33,555 [0523a322-62fb-48ad-ac32-b14e75d36544@group-1D1229833E15-LeaderElection26] INFO  impl.LeaderElection (LogUtils.java:infoOrTrace(137)) -   Exception 1: java.util.concurrent.ExecutionException: org.apache.ratis.thirdparty.io.grpc.StatusRuntimeException: UNAVAILABLE: io exception
2022-02-17 10:48:33,555 [0523a322-62fb-48ad-ac32-b14e75d36544@group-1D1229833E15-LeaderElection26] INFO  impl.LeaderElection (LeaderElection.java:askForVotes(308)) - 0523a322-62fb-48ad-ac32-b14e75d36544@group-1D1229833E15-LeaderElection26 ELECTION round 0: result REJECTED
2022-02-17 10:48:33,555 [0523a322-62fb-48ad-ac32-b14e75d36544@group-1D1229833E15-LeaderElection26] INFO  server.RaftServer$Division (RaftServerImpl.java:setRole(290)) - 0523a322-62fb-48ad-ac32-b14e75d36544@group-1D1229833E15: changes role from CANDIDATE to FOLLOWER at term 2 for REJECTED
2022-02-17 10:48:33,555 [0523a322-62fb-48ad-ac32-b14e75d36544@group-1D1229833E15-LeaderElection26] INFO  impl.RoleInfo (RoleInfo.java:shutdownLeaderElection(121)) - 0523a322-62fb-48ad-ac32-b14e75d36544: shutdown 0523a322-62fb-48ad-ac32-b14e75d36544@group-1D1229833E15-LeaderElection26
2022-02-17 10:48:33,555 [0523a322-62fb-48ad-ac32-b14e75d36544@group-1D1229833E15-LeaderElection26] INFO  impl.RoleInfo (RoleInfo.java:updateAndGet(130)) - 0523a322-62fb-48ad-ac32-b14e75d36544: start 0523a322-62fb-48ad-ac32-b14e75d36544@group-1D1229833E15-FollowerState
2022-02-17 10:48:33,700 [EndpointStateMachine task thread for /127.0.0.1:37793 - 0 ] INFO  ipc.Client (Client.java:handleConnectionFailure(977)) - Retrying connect to server: localhost/127.0.0.1:37793. Already tried 13 time(s); retry policy is RetryUpToMaximumCountWithFixedSleep(maxRetries=15, sleepTime=1000 MILLISECONDS)
2022-02-17 10:48:33,706 [EndpointStateMachine task thread for /127.0.0.1:43155 - 0 ] INFO  ipc.Client (Client.java:handleConnectionFailure(977)) - Retrying connect to server: localhost/127.0.0.1:43155. Already tried 13 time(s); retry policy is RetryUpToMaximumCountWithFixedSleep(maxRetries=15, sleepTime=1000 MILLISECONDS)
2022-02-17 10:48:33,710 [EndpointStateMachine task thread for /127.0.0.1:38221 - 0 ] INFO  ipc.Client (Client.java:handleConnectionFailure(977)) - Retrying connect to server: localhost/127.0.0.1:38221. Already tried 13 time(s); retry policy is RetryUpToMaximumCountWithFixedSleep(maxRetries=15, sleepTime=1000 MILLISECONDS)
2022-02-17 10:48:33,855 [grpc-default-executor-3] WARN  server.GrpcLogAppender (LogUtils.java:warn(122)) - 0523a322-62fb-48ad-ac32-b14e75d36544@group-1EE814415694->3b6373f7-c408-47d6-bd58-f170bcabf6e4-AppendLogResponseHandler: Failed appendEntries: org.apache.ratis.thirdparty.io.grpc.StatusRuntimeException: UNAVAILABLE: io exception
2022-02-17 10:48:33,856 [grpc-default-executor-3] WARN  server.GrpcLogAppender (GrpcLogAppender.java:resetClient(110)) - 0523a322-62fb-48ad-ac32-b14e75d36544@group-1EE814415694->3b6373f7-c408-47d6-bd58-f170bcabf6e4-GrpcLogAppender: Leader has not got in touch with Follower 0523a322-62fb-48ad-ac32-b14e75d36544@group-1EE814415694->3b6373f7-c408-47d6-bd58-f170bcabf6e4(c0,m0,n1, attendVote=true, lastRpcSendTime=0, lastRpcResponseTime=7527) yet, just keep nextIndex unchanged and retry.
2022-02-17 10:48:33,902 [grpc-default-executor-3] WARN  server.GrpcLogAppender (LogUtils.java:warn(122)) - 0523a322-62fb-48ad-ac32-b14e75d36544@group-1EE814415694->ac81e281-9cee-42de-af7f-7eadfff53290-AppendLogResponseHandler: Failed appendEntries: org.apache.ratis.thirdparty.io.grpc.StatusRuntimeException: UNAVAILABLE: io exception
2022-02-17 10:48:33,902 [grpc-default-executor-3] WARN  server.GrpcLogAppender (GrpcLogAppender.java:resetClient(110)) - 0523a322-62fb-48ad-ac32-b14e75d36544@group-1EE814415694->ac81e281-9cee-42de-af7f-7eadfff53290-GrpcLogAppender: Leader has not got in touch with Follower 0523a322-62fb-48ad-ac32-b14e75d36544@group-1EE814415694->ac81e281-9cee-42de-af7f-7eadfff53290(c0,m0,n1, attendVote=true, lastRpcSendTime=0, lastRpcResponseTime=7502) yet, just keep nextIndex unchanged and retry.
2022-02-17 10:48:34,040 [EndpointStateMachine task thread for /127.0.0.1:41349 - 0 ] INFO  ipc.Client (Client.java:handleConnectionFailure(977)) - Retrying connect to server: localhost/127.0.0.1:41349. Already tried 13 time(s); retry policy is RetryUpToMaximumCountWithFixedSleep(maxRetries=15, sleepTime=1000 MILLISECONDS)
2022-02-17 10:48:34,050 [EndpointStateMachine task thread for /127.0.0.1:46679 - 0 ] INFO  ipc.Client (Client.java:handleConnectionFailure(977)) - Retrying connect to server: localhost/127.0.0.1:46679. Already tried 13 time(s); retry policy is RetryUpToMaximumCountWithFixedSleep(maxRetries=15, sleepTime=1000 MILLISECONDS)
2022-02-17 10:48:34,050 [EndpointStateMachine task thread for /127.0.0.1:41937 - 0 ] INFO  ipc.Client (Client.java:handleConnectionFailure(977)) - Retrying connect to server: localhost/127.0.0.1:41937. Already tried 13 time(s); retry policy is RetryUpToMaximumCountWithFixedSleep(maxRetries=15, sleepTime=1000 MILLISECONDS)
2022-02-17 10:48:34,332 [0523a322-62fb-48ad-ac32-b14e75d36544@group-1EE814415694-LeaderStateImpl] WARN  server.RaftServer$Division (LeaderStateImpl.java:checkLeadership(974)) - 0523a322-62fb-48ad-ac32-b14e75d36544@group-1EE814415694-LeaderStateImpl: Lost leadership on term: 3. Election timeout: 5200ms. In charge for: 15675ms. Conf: 0: [0523a322-62fb-48ad-ac32-b14e75d36544|rpc:127.0.0.1:40599|dataStream:|priority:1, ac81e281-9cee-42de-af7f-7eadfff53290|rpc:127.0.0.1:46507|dataStream:|priority:0, 3b6373f7-c408-47d6-bd58-f170bcabf6e4|rpc:127.0.0.1:45045|dataStream:|priority:0], old=null
2022-02-17 10:48:34,332 [0523a322-62fb-48ad-ac32-b14e75d36544@group-1EE814415694-LeaderStateImpl] WARN  server.RaftServer$Division (LeaderStateImpl.java:lambda$checkLeadership$15(978)) - Follower 0523a322-62fb-48ad-ac32-b14e75d36544@group-1EE814415694->ac81e281-9cee-42de-af7f-7eadfff53290(c0,m0,n1, attendVote=true, lastRpcSendTime=430, lastRpcResponseTime=7931)
2022-02-17 10:48:34,332 [0523a322-62fb-48ad-ac32-b14e75d36544@group-1EE814415694-LeaderStateImpl] WARN  server.RaftServer$Division (LeaderStateImpl.java:lambda$checkLeadership$15(978)) - Follower 0523a322-62fb-48ad-ac32-b14e75d36544@group-1EE814415694->3b6373f7-c408-47d6-bd58-f170bcabf6e4(c0,m0,n1, attendVote=true, lastRpcSendTime=476, lastRpcResponseTime=8003)
2022-02-17 10:48:34,332 [0523a322-62fb-48ad-ac32-b14e75d36544@group-1EE814415694-LeaderStateImpl] INFO  server.RaftServer$Division (RaftServerImpl.java:setRole(290)) - 0523a322-62fb-48ad-ac32-b14e75d36544@group-1EE814415694: changes role from    LEADER to FOLLOWER at term 3 for StepDownReason:LOST_MAJORITY_HEARTBEATS
2022-02-17 10:48:34,332 [0523a322-62fb-48ad-ac32-b14e75d36544@group-1EE814415694-LeaderStateImpl] INFO  impl.RoleInfo (RoleInfo.java:shutdownLeaderState(91)) - 0523a322-62fb-48ad-ac32-b14e75d36544: shutdown 0523a322-62fb-48ad-ac32-b14e75d36544@group-1EE814415694-LeaderStateImpl
2022-02-17 10:48:34,333 [0523a322-62fb-48ad-ac32-b14e75d36544@group-1EE814415694-LeaderStateImpl] INFO  impl.PendingRequests (PendingRequests.java:sendNotLeaderResponses(282)) - 0523a322-62fb-48ad-ac32-b14e75d36544@group-1EE814415694-PendingRequests: sendNotLeaderResponses
2022-02-17 10:48:34,333 [0523a322-62fb-48ad-ac32-b14e75d36544@group-1EE814415694-LeaderStateImpl] INFO  impl.RoleInfo (RoleInfo.java:updateAndGet(130)) - 0523a322-62fb-48ad-ac32-b14e75d36544: start 0523a322-62fb-48ad-ac32-b14e75d36544@group-1EE814415694-FollowerState
2022-02-17 10:48:34,706 [EndpointStateMachine task thread for /127.0.0.1:43155 - 0 ] INFO  ipc.Client (Client.java:handleConnectionFailure(977)) - Retrying connect to server: localhost/127.0.0.1:43155. Already tried 14 time(s); retry policy is RetryUpToMaximumCountWithFixedSleep(maxRetries=15, sleepTime=1000 MILLISECONDS)
2022-02-17 10:48:34,707 [EndpointStateMachine task thread for /127.0.0.1:43155 - 0 ] WARN  statemachine.EndpointStateMachine (EndpointStateMachine.java:logIfNeeded(236)) - Unable to communicate to SCM server at localhost:43155 for past 0 seconds.
java.net.ConnectException: Call From fv-az12-716/10.1.0.49 to localhost:43155 failed on connection exception: java.net.ConnectException: Connection refused; For more details see:  http://wiki.apache.org/hadoop/ConnectionRefused
	at sun.reflect.GeneratedConstructorAccessor42.newInstance(Unknown Source)
	at sun.reflect.DelegatingConstructorAccessorImpl.newInstance(DelegatingConstructorAccessorImpl.java:45)
	at java.lang.reflect.Constructor.newInstance(Constructor.java:423)
	at org.apache.hadoop.net.NetUtils.wrapWithMessage(NetUtils.java:913)
	at org.apache.hadoop.net.NetUtils.wrapException(NetUtils.java:828)
	at org.apache.hadoop.ipc.Client.getRpcResponse(Client.java:1577)
	at org.apache.hadoop.ipc.Client.call(Client.java:1519)
	at org.apache.hadoop.ipc.Client.call(Client.java:1416)
	at org.apache.hadoop.ipc.ProtobufRpcEngine$Invoker.invoke(ProtobufRpcEngine.java:236)
	at org.apache.hadoop.ipc.ProtobufRpcEngine$Invoker.invoke(ProtobufRpcEngine.java:123)
	at com.sun.proxy.$Proxy48.submitRequest(Unknown Source)
	at org.apache.hadoop.ozone.protocolPB.StorageContainerDatanodeProtocolClientSideTranslatorPB.submitRequest(StorageContainerDatanodeProtocolClientSideTranslatorPB.java:117)
	at org.apache.hadoop.ozone.protocolPB.StorageContainerDatanodeProtocolClientSideTranslatorPB.sendHeartbeat(StorageContainerDatanodeProtocolClientSideTranslatorPB.java:149)
	at org.apache.hadoop.ozone.container.common.states.endpoint.HeartbeatEndpointTask.call(HeartbeatEndpointTask.java:179)
	at org.apache.hadoop.ozone.container.common.states.endpoint.HeartbeatEndpointTask.call(HeartbeatEndpointTask.java:82)
	at java.util.concurrent.FutureTask.run(FutureTask.java:266)
	at java.util.concurrent.ThreadPoolExecutor.runWorker(ThreadPoolExecutor.java:1149)
	at java.util.concurrent.ThreadPoolExecutor$Worker.run(ThreadPoolExecutor.java:624)
	at java.lang.Thread.run(Thread.java:750)
Caused by: java.net.ConnectException: Connection refused
	at sun.nio.ch.SocketChannelImpl.checkConnect(Native Method)
	at sun.nio.ch.SocketChannelImpl.finishConnect(SocketChannelImpl.java:716)
	at org.apache.hadoop.net.SocketIOWithTimeout.connect(SocketIOWithTimeout.java:206)
	at org.apache.hadoop.net.NetUtils.connect(NetUtils.java:586)
	at org.apache.hadoop.ipc.Client$Connection.setupConnection(Client.java:701)
	at org.apache.hadoop.ipc.Client$Connection.setupIOstreams(Client.java:822)
	at org.apache.hadoop.ipc.Client$Connection.access$3800(Client.java:414)
	at org.apache.hadoop.ipc.Client.getConnection(Client.java:1647)
	at org.apache.hadoop.ipc.Client.call(Client.java:1463)
	... 12 more
2022-02-17 10:48:34,708 [EndpointStateMachine task thread for /127.0.0.1:37793 - 0 ] INFO  ipc.Client (Client.java:handleConnectionFailure(977)) - Retrying connect to server: localhost/127.0.0.1:37793. Already tried 14 time(s); retry policy is RetryUpToMaximumCountWithFixedSleep(maxRetries=15, sleepTime=1000 MILLISECONDS)
2022-02-17 10:48:34,708 [EndpointStateMachine task thread for /127.0.0.1:37793 - 0 ] WARN  statemachine.EndpointStateMachine (EndpointStateMachine.java:logIfNeeded(236)) - Unable to communicate to SCM server at localhost:37793 for past 0 seconds.
java.net.ConnectException: Call From fv-az12-716/10.1.0.49 to localhost:37793 failed on connection exception: java.net.ConnectException: Connection refused; For more details see:  http://wiki.apache.org/hadoop/ConnectionRefused
	at sun.reflect.GeneratedConstructorAccessor42.newInstance(Unknown Source)
	at sun.reflect.DelegatingConstructorAccessorImpl.newInstance(DelegatingConstructorAccessorImpl.java:45)
	at java.lang.reflect.Constructor.newInstance(Constructor.java:423)
	at org.apache.hadoop.net.NetUtils.wrapWithMessage(NetUtils.java:913)
	at org.apache.hadoop.net.NetUtils.wrapException(NetUtils.java:828)
	at org.apache.hadoop.ipc.Client.getRpcResponse(Client.java:1577)
	at org.apache.hadoop.ipc.Client.call(Client.java:1519)
	at org.apache.hadoop.ipc.Client.call(Client.java:1416)
	at org.apache.hadoop.ipc.ProtobufRpcEngine$Invoker.invoke(ProtobufRpcEngine.java:236)
	at org.apache.hadoop.ipc.ProtobufRpcEngine$Invoker.invoke(ProtobufRpcEngine.java:123)
	at com.sun.proxy.$Proxy48.submitRequest(Unknown Source)
	at org.apache.hadoop.ozone.protocolPB.StorageContainerDatanodeProtocolClientSideTranslatorPB.submitRequest(StorageContainerDatanodeProtocolClientSideTranslatorPB.java:117)
	at org.apache.hadoop.ozone.protocolPB.StorageContainerDatanodeProtocolClientSideTranslatorPB.sendHeartbeat(StorageContainerDatanodeProtocolClientSideTranslatorPB.java:149)
	at org.apache.hadoop.ozone.container.common.states.endpoint.HeartbeatEndpointTask.call(HeartbeatEndpointTask.java:179)
	at org.apache.hadoop.ozone.container.common.states.endpoint.HeartbeatEndpointTask.call(HeartbeatEndpointTask.java:82)
	at java.util.concurrent.FutureTask.run(FutureTask.java:266)
	at java.util.concurrent.ThreadPoolExecutor.runWorker(ThreadPoolExecutor.java:1149)
	at java.util.concurrent.ThreadPoolExecutor$Worker.run(ThreadPoolExecutor.java:624)
	at java.lang.Thread.run(Thread.java:750)
Caused by: java.net.ConnectException: Connection refused
	at sun.nio.ch.SocketChannelImpl.checkConnect(Native Method)
	at sun.nio.ch.SocketChannelImpl.finishConnect(SocketChannelImpl.java:716)
	at org.apache.hadoop.net.SocketIOWithTimeout.connect(SocketIOWithTimeout.java:206)
	at org.apache.hadoop.net.NetUtils.connect(NetUtils.java:586)
	at org.apache.hadoop.ipc.Client$Connection.setupConnection(Client.java:701)
	at org.apache.hadoop.ipc.Client$Connection.setupIOstreams(Client.java:822)
	at org.apache.hadoop.ipc.Client$Connection.access$3800(Client.java:414)
	at org.apache.hadoop.ipc.Client.getConnection(Client.java:1647)
	at org.apache.hadoop.ipc.Client.call(Client.java:1463)
	... 12 more
2022-02-17 10:48:34,710 [EndpointStateMachine task thread for /127.0.0.1:38221 - 0 ] INFO  ipc.Client (Client.java:handleConnectionFailure(977)) - Retrying connect to server: localhost/127.0.0.1:38221. Already tried 14 time(s); retry policy is RetryUpToMaximumCountWithFixedSleep(maxRetries=15, sleepTime=1000 MILLISECONDS)
2022-02-17 10:48:34,711 [EndpointStateMachine task thread for /127.0.0.1:38221 - 0 ] WARN  statemachine.EndpointStateMachine (EndpointStateMachine.java:logIfNeeded(236)) - Unable to communicate to SCM server at localhost:38221 for past 0 seconds.
java.net.ConnectException: Call From fv-az12-716/10.1.0.49 to localhost:38221 failed on connection exception: java.net.ConnectException: Connection refused; For more details see:  http://wiki.apache.org/hadoop/ConnectionRefused
	at sun.reflect.GeneratedConstructorAccessor42.newInstance(Unknown Source)
	at sun.reflect.DelegatingConstructorAccessorImpl.newInstance(DelegatingConstructorAccessorImpl.java:45)
	at java.lang.reflect.Constructor.newInstance(Constructor.java:423)
	at org.apache.hadoop.net.NetUtils.wrapWithMessage(NetUtils.java:913)
	at org.apache.hadoop.net.NetUtils.wrapException(NetUtils.java:828)
	at org.apache.hadoop.ipc.Client.getRpcResponse(Client.java:1577)
	at org.apache.hadoop.ipc.Client.call(Client.java:1519)
	at org.apache.hadoop.ipc.Client.call(Client.java:1416)
	at org.apache.hadoop.ipc.ProtobufRpcEngine$Invoker.invoke(ProtobufRpcEngine.java:236)
	at org.apache.hadoop.ipc.ProtobufRpcEngine$Invoker.invoke(ProtobufRpcEngine.java:123)
	at com.sun.proxy.$Proxy48.submitRequest(Unknown Source)
	at org.apache.hadoop.ozone.protocolPB.StorageContainerDatanodeProtocolClientSideTranslatorPB.submitRequest(StorageContainerDatanodeProtocolClientSideTranslatorPB.java:117)
	at org.apache.hadoop.ozone.protocolPB.StorageContainerDatanodeProtocolClientSideTranslatorPB.sendHeartbeat(StorageContainerDatanodeProtocolClientSideTranslatorPB.java:149)
	at org.apache.hadoop.ozone.container.common.states.endpoint.HeartbeatEndpointTask.call(HeartbeatEndpointTask.java:179)
	at org.apache.hadoop.ozone.container.common.states.endpoint.HeartbeatEndpointTask.call(HeartbeatEndpointTask.java:82)
	at java.util.concurrent.FutureTask.run(FutureTask.java:266)
	at java.util.concurrent.ThreadPoolExecutor.runWorker(ThreadPoolExecutor.java:1149)
	at java.util.concurrent.ThreadPoolExecutor$Worker.run(ThreadPoolExecutor.java:624)
	at java.lang.Thread.run(Thread.java:750)
Caused by: java.net.ConnectException: Connection refused
	at sun.nio.ch.SocketChannelImpl.checkConnect(Native Method)
	at sun.nio.ch.SocketChannelImpl.finishConnect(SocketChannelImpl.java:716)
	at org.apache.hadoop.net.SocketIOWithTimeout.connect(SocketIOWithTimeout.java:206)
	at org.apache.hadoop.net.NetUtils.connect(NetUtils.java:586)
	at org.apache.hadoop.ipc.Client$Connection.setupConnection(Client.java:701)
	at org.apache.hadoop.ipc.Client$Connection.setupIOstreams(Client.java:822)
	at org.apache.hadoop.ipc.Client$Connection.access$3800(Client.java:414)
	at org.apache.hadoop.ipc.Client.getConnection(Client.java:1647)
	at org.apache.hadoop.ipc.Client.call(Client.java:1463)
	... 12 more
2022-02-17 10:48:35,040 [EndpointStateMachine task thread for /127.0.0.1:41349 - 0 ] INFO  ipc.Client (Client.java:handleConnectionFailure(977)) - Retrying connect to server: localhost/127.0.0.1:41349. Already tried 14 time(s); retry policy is RetryUpToMaximumCountWithFixedSleep(maxRetries=15, sleepTime=1000 MILLISECONDS)
2022-02-17 10:48:35,050 [EndpointStateMachine task thread for /127.0.0.1:46679 - 0 ] INFO  ipc.Client (Client.java:handleConnectionFailure(977)) - Retrying connect to server: localhost/127.0.0.1:46679. Already tried 14 time(s); retry policy is RetryUpToMaximumCountWithFixedSleep(maxRetries=15, sleepTime=1000 MILLISECONDS)
2022-02-17 10:48:35,051 [EndpointStateMachine task thread for /127.0.0.1:41937 - 0 ] INFO  ipc.Client (Client.java:handleConnectionFailure(977)) - Retrying connect to server: localhost/127.0.0.1:41937. Already tried 14 time(s); retry policy is RetryUpToMaximumCountWithFixedSleep(maxRetries=15, sleepTime=1000 MILLISECONDS)
2022-02-17 10:48:35,708 [EndpointStateMachine task thread for /127.0.0.1:43155 - 0 ] INFO  ipc.Client (Client.java:handleConnectionFailure(977)) - Retrying connect to server: localhost/127.0.0.1:43155. Already tried 0 time(s); retry policy is RetryUpToMaximumCountWithFixedSleep(maxRetries=15, sleepTime=1000 MILLISECONDS)
2022-02-17 10:48:35,709 [EndpointStateMachine task thread for /127.0.0.1:37793 - 0 ] INFO  ipc.Client (Client.java:handleConnectionFailure(977)) - Retrying connect to server: localhost/127.0.0.1:37793. Already tried 0 time(s); retry policy is RetryUpToMaximumCountWithFixedSleep(maxRetries=15, sleepTime=1000 MILLISECONDS)
2022-02-17 10:48:35,711 [EndpointStateMachine task thread for /127.0.0.1:38221 - 0 ] INFO  ipc.Client (Client.java:handleConnectionFailure(977)) - Retrying connect to server: localhost/127.0.0.1:38221. Already tried 0 time(s); retry policy is RetryUpToMaximumCountWithFixedSleep(maxRetries=15, sleepTime=1000 MILLISECONDS)
2022-02-17 10:48:36,044 [EndpointStateMachine task thread for /127.0.0.1:41349 - 0 ] INFO  ipc.Client (Client.java:handleConnectionFailure(977)) - Retrying connect to server: localhost/127.0.0.1:41349. Already tried 0 time(s); retry policy is RetryUpToMaximumCountWithFixedSleep(maxRetries=15, sleepTime=1000 MILLISECONDS)
2022-02-17 10:48:36,052 [EndpointStateMachine task thread for /127.0.0.1:46679 - 0 ] INFO  ipc.Client (Client.java:handleConnectionFailure(977)) - Retrying connect to server: localhost/127.0.0.1:46679. Already tried 0 time(s); retry policy is RetryUpToMaximumCountWithFixedSleep(maxRetries=15, sleepTime=1000 MILLISECONDS)
2022-02-17 10:48:36,052 [EndpointStateMachine task thread for /127.0.0.1:41937 - 0 ] INFO  ipc.Client (Client.java:handleConnectionFailure(977)) - Retrying connect to server: localhost/127.0.0.1:41937. Already tried 0 time(s); retry policy is RetryUpToMaximumCountWithFixedSleep(maxRetries=15, sleepTime=1000 MILLISECONDS)
2022-02-17 10:48:36,709 [EndpointStateMachine task thread for /127.0.0.1:43155 - 0 ] INFO  ipc.Client (Client.java:handleConnectionFailure(977)) - Retrying connect to server: localhost/127.0.0.1:43155. Already tried 1 time(s); retry policy is RetryUpToMaximumCountWithFixedSleep(maxRetries=15, sleepTime=1000 MILLISECONDS)
2022-02-17 10:48:36,709 [EndpointStateMachine task thread for /127.0.0.1:37793 - 0 ] INFO  ipc.Client (Client.java:handleConnectionFailure(977)) - Retrying connect to server: localhost/127.0.0.1:37793. Already tried 1 time(s); retry policy is RetryUpToMaximumCountWithFixedSleep(maxRetries=15, sleepTime=1000 MILLISECONDS)
2022-02-17 10:48:36,712 [EndpointStateMachine task thread for /127.0.0.1:38221 - 0 ] INFO  ipc.Client (Client.java:handleConnectionFailure(977)) - Retrying connect to server: localhost/127.0.0.1:38221. Already tried 1 time(s); retry policy is RetryUpToMaximumCountWithFixedSleep(maxRetries=15, sleepTime=1000 MILLISECONDS)
2022-02-17 10:48:36,714 [ForkJoinPool.commonPool-worker-0] INFO  ozoneimpl.OzoneContainer (OzoneContainer.java:stop(342)) - Attempting to stop container services.
2022-02-17 10:48:36,714 [ForkJoinPool.commonPool-worker-0] INFO  server.RaftServer (RaftServerProxy.java:lambda$close$6(391)) - 0523a322-62fb-48ad-ac32-b14e75d36544: close
2022-02-17 10:48:36,715 [ForkJoinPool.commonPool-worker-0] INFO  server.RaftServer$Division (RaftServerImpl.java:lambda$close$4(412)) - 0523a322-62fb-48ad-ac32-b14e75d36544@group-1EE814415694: shutdown
2022-02-17 10:48:36,715 [ForkJoinPool.commonPool-worker-0] INFO  util.JmxRegister (JmxRegister.java:unregister(73)) - Successfully un-registered JMX Bean with object name Ratis:service=RaftServer,group=group-1EE814415694,id=0523a322-62fb-48ad-ac32-b14e75d36544
2022-02-17 10:48:36,715 [ForkJoinPool.commonPool-worker-0] INFO  impl.RoleInfo (RoleInfo.java:shutdownFollowerState(108)) - 0523a322-62fb-48ad-ac32-b14e75d36544: shutdown 0523a322-62fb-48ad-ac32-b14e75d36544@group-1EE814415694-FollowerState
2022-02-17 10:48:36,715 [ForkJoinPool.commonPool-worker-0] INFO  impl.StateMachineUpdater (StateMachineUpdater.java:stopAndJoin(149)) - 0523a322-62fb-48ad-ac32-b14e75d36544@group-1EE814415694-StateMachineUpdater: set stopIndex = 0
2022-02-17 10:48:36,715 [0523a322-62fb-48ad-ac32-b14e75d36544@group-1EE814415694-FollowerState] INFO  impl.FollowerState (FollowerState.java:run(143)) - 0523a322-62fb-48ad-ac32-b14e75d36544@group-1EE814415694-FollowerState was interrupted: {}
java.lang.InterruptedException: sleep interrupted
	at java.lang.Thread.sleep(Native Method)
	at java.lang.Thread.sleep(Thread.java:342)
	at java.util.concurrent.TimeUnit.sleep(TimeUnit.java:386)
	at org.apache.ratis.util.TimeDuration.sleep(TimeDuration.java:324)
	at org.apache.ratis.util.TimeDuration.sleep(TimeDuration.java:309)
	at org.apache.ratis.server.impl.FollowerState.run(FollowerState.java:118)
2022-02-17 10:48:36,716 [0523a322-62fb-48ad-ac32-b14e75d36544@group-1EE814415694-StateMachineUpdater] INFO  ratis.ContainerStateMachine (ContainerStateMachine.java:takeSnapshot(304)) - group-1EE814415694: Taking a snapshot at:(t:3, i:0) file /home/runner/work/ozone/ozone/hadoop-ozone/integration-test/target/test-dir/MiniOzoneClusterImpl-314b2a1d-9ab5-4841-b3ea-c00b8cba638f/datanode-2/data/ratis/5d796023-b839-4c54-b6ea-1ee814415694/sm/snapshot.3_0
2022-02-17 10:48:36,718 [0523a322-62fb-48ad-ac32-b14e75d36544@group-1EE814415694-StateMachineUpdater] INFO  ratis.ContainerStateMachine (ContainerStateMachine.java:takeSnapshot(315)) - group-1EE814415694: Finished taking a snapshot at:(t:3, i:0) file:/home/runner/work/ozone/ozone/hadoop-ozone/integration-test/target/test-dir/MiniOzoneClusterImpl-314b2a1d-9ab5-4841-b3ea-c00b8cba638f/datanode-2/data/ratis/5d796023-b839-4c54-b6ea-1ee814415694/sm/snapshot.3_0 took: 2 ms
2022-02-17 10:48:36,718 [0523a322-62fb-48ad-ac32-b14e75d36544@group-1EE814415694-StateMachineUpdater] INFO  impl.StateMachineUpdater (StateMachineUpdater.java:takeSnapshot(281)) - 0523a322-62fb-48ad-ac32-b14e75d36544@group-1EE814415694-StateMachineUpdater: Took a snapshot at index 0
2022-02-17 10:48:36,718 [0523a322-62fb-48ad-ac32-b14e75d36544@group-1EE814415694-StateMachineUpdater] INFO  impl.StateMachineUpdater (StateMachineUpdater.java:lambda$new$0(89)) - 0523a322-62fb-48ad-ac32-b14e75d36544@group-1EE814415694-StateMachineUpdater: snapshotIndex: updateIncreasingly -1 -> 0
2022-02-17 10:48:36,718 [ForkJoinPool.commonPool-worker-0] INFO  server.RaftServer$Division (ServerState.java:close(419)) - 0523a322-62fb-48ad-ac32-b14e75d36544@group-1EE814415694: closes. applyIndex: 0
2022-02-17 10:48:36,718 [0523a322-62fb-48ad-ac32-b14e75d36544@group-1EE814415694-SegmentedRaftLogWorker] INFO  segmented.SegmentedRaftLogWorker (SegmentedRaftLogWorker.java:run(327)) - 0523a322-62fb-48ad-ac32-b14e75d36544@group-1EE814415694-SegmentedRaftLogWorker was interrupted, exiting. There are 0 tasks remaining in the queue.
2022-02-17 10:48:36,718 [ForkJoinPool.commonPool-worker-0] INFO  segmented.SegmentedRaftLogWorker (SegmentedRaftLogWorker.java:close(237)) - 0523a322-62fb-48ad-ac32-b14e75d36544@group-1EE814415694-SegmentedRaftLogWorker close()
2022-02-17 10:48:36,719 [ForkJoinPool.commonPool-worker-0] INFO  server.RaftServer$Division (RaftServerImpl.java:lambda$close$4(412)) - 0523a322-62fb-48ad-ac32-b14e75d36544@group-A45CCB0EA0AC: shutdown
2022-02-17 10:48:36,719 [ForkJoinPool.commonPool-worker-0] INFO  util.JmxRegister (JmxRegister.java:unregister(73)) - Successfully un-registered JMX Bean with object name Ratis:service=RaftServer,group=group-A45CCB0EA0AC,id=0523a322-62fb-48ad-ac32-b14e75d36544
2022-02-17 10:48:36,719 [ForkJoinPool.commonPool-worker-0] INFO  impl.RoleInfo (RoleInfo.java:shutdownLeaderState(91)) - 0523a322-62fb-48ad-ac32-b14e75d36544: shutdown 0523a322-62fb-48ad-ac32-b14e75d36544@group-A45CCB0EA0AC-LeaderStateImpl
2022-02-17 10:48:36,719 [ForkJoinPool.commonPool-worker-0] INFO  impl.PendingRequests (PendingRequests.java:sendNotLeaderResponses(282)) - 0523a322-62fb-48ad-ac32-b14e75d36544@group-A45CCB0EA0AC-PendingRequests: sendNotLeaderResponses
2022-02-17 10:48:36,720 [ForkJoinPool.commonPool-worker-0] INFO  impl.StateMachineUpdater (StateMachineUpdater.java:stopAndJoin(149)) - 0523a322-62fb-48ad-ac32-b14e75d36544@group-A45CCB0EA0AC-StateMachineUpdater: set stopIndex = 0
2022-02-17 10:48:36,720 [0523a322-62fb-48ad-ac32-b14e75d36544@group-A45CCB0EA0AC-StateMachineUpdater] INFO  ratis.ContainerStateMachine (ContainerStateMachine.java:takeSnapshot(304)) - group-A45CCB0EA0AC: Taking a snapshot at:(t:1, i:0) file /home/runner/work/ozone/ozone/hadoop-ozone/integration-test/target/test-dir/MiniOzoneClusterImpl-314b2a1d-9ab5-4841-b3ea-c00b8cba638f/datanode-2/data/ratis/dcad12fe-1299-4e91-9909-a45ccb0ea0ac/sm/snapshot.1_0
2022-02-17 10:48:36,725 [0523a322-62fb-48ad-ac32-b14e75d36544@group-A45CCB0EA0AC-StateMachineUpdater] INFO  ratis.ContainerStateMachine (ContainerStateMachine.java:takeSnapshot(315)) - group-A45CCB0EA0AC: Finished taking a snapshot at:(t:1, i:0) file:/home/runner/work/ozone/ozone/hadoop-ozone/integration-test/target/test-dir/MiniOzoneClusterImpl-314b2a1d-9ab5-4841-b3ea-c00b8cba638f/datanode-2/data/ratis/dcad12fe-1299-4e91-9909-a45ccb0ea0ac/sm/snapshot.1_0 took: 5 ms
2022-02-17 10:48:36,725 [0523a322-62fb-48ad-ac32-b14e75d36544@group-A45CCB0EA0AC-StateMachineUpdater] INFO  impl.StateMachineUpdater (StateMachineUpdater.java:takeSnapshot(281)) - 0523a322-62fb-48ad-ac32-b14e75d36544@group-A45CCB0EA0AC-StateMachineUpdater: Took a snapshot at index 0
2022-02-17 10:48:36,725 [0523a322-62fb-48ad-ac32-b14e75d36544@group-A45CCB0EA0AC-StateMachineUpdater] INFO  impl.StateMachineUpdater (StateMachineUpdater.java:lambda$new$0(89)) - 0523a322-62fb-48ad-ac32-b14e75d36544@group-A45CCB0EA0AC-StateMachineUpdater: snapshotIndex: updateIncreasingly -1 -> 0
2022-02-17 10:48:36,725 [ForkJoinPool.commonPool-worker-0] INFO  server.RaftServer$Division (ServerState.java:close(419)) - 0523a322-62fb-48ad-ac32-b14e75d36544@group-A45CCB0EA0AC: closes. applyIndex: 0
2022-02-17 10:48:36,726 [0523a322-62fb-48ad-ac32-b14e75d36544@group-A45CCB0EA0AC-SegmentedRaftLogWorker] INFO  segmented.SegmentedRaftLogWorker (SegmentedRaftLogWorker.java:run(327)) - 0523a322-62fb-48ad-ac32-b14e75d36544@group-A45CCB0EA0AC-SegmentedRaftLogWorker was interrupted, exiting. There are 0 tasks remaining in the queue.
2022-02-17 10:48:36,726 [ForkJoinPool.commonPool-worker-0] INFO  segmented.SegmentedRaftLogWorker (SegmentedRaftLogWorker.java:close(237)) - 0523a322-62fb-48ad-ac32-b14e75d36544@group-A45CCB0EA0AC-SegmentedRaftLogWorker close()
2022-02-17 10:48:36,726 [ForkJoinPool.commonPool-worker-0] INFO  server.RaftServer$Division (RaftServerImpl.java:lambda$close$4(412)) - 0523a322-62fb-48ad-ac32-b14e75d36544@group-1D1229833E15: shutdown
2022-02-17 10:48:36,726 [ForkJoinPool.commonPool-worker-0] INFO  util.JmxRegister (JmxRegister.java:unregister(73)) - Successfully un-registered JMX Bean with object name Ratis:service=RaftServer,group=group-1D1229833E15,id=0523a322-62fb-48ad-ac32-b14e75d36544
2022-02-17 10:48:36,726 [ForkJoinPool.commonPool-worker-0] INFO  impl.RoleInfo (RoleInfo.java:shutdownFollowerState(108)) - 0523a322-62fb-48ad-ac32-b14e75d36544: shutdown 0523a322-62fb-48ad-ac32-b14e75d36544@group-1D1229833E15-FollowerState
2022-02-17 10:48:36,726 [ForkJoinPool.commonPool-worker-0] INFO  impl.StateMachineUpdater (StateMachineUpdater.java:stopAndJoin(149)) - 0523a322-62fb-48ad-ac32-b14e75d36544@group-1D1229833E15-StateMachineUpdater: set stopIndex = 0
2022-02-17 10:48:36,726 [0523a322-62fb-48ad-ac32-b14e75d36544@group-1D1229833E15-StateMachineUpdater] INFO  ratis.ContainerStateMachine (ContainerStateMachine.java:takeSnapshot(304)) - group-1D1229833E15: Taking a snapshot at:(t:1, i:0) file /home/runner/work/ozone/ozone/hadoop-ozone/integration-test/target/test-dir/MiniOzoneClusterImpl-314b2a1d-9ab5-4841-b3ea-c00b8cba638f/datanode-2/data/ratis/776a7a5c-14f6-4011-895b-1d1229833e15/sm/snapshot.1_0
2022-02-17 10:48:36,727 [0523a322-62fb-48ad-ac32-b14e75d36544@group-1D1229833E15-StateMachineUpdater] INFO  ratis.ContainerStateMachine (ContainerStateMachine.java:takeSnapshot(315)) - group-1D1229833E15: Finished taking a snapshot at:(t:1, i:0) file:/home/runner/work/ozone/ozone/hadoop-ozone/integration-test/target/test-dir/MiniOzoneClusterImpl-314b2a1d-9ab5-4841-b3ea-c00b8cba638f/datanode-2/data/ratis/776a7a5c-14f6-4011-895b-1d1229833e15/sm/snapshot.1_0 took: 1 ms
2022-02-17 10:48:36,727 [0523a322-62fb-48ad-ac32-b14e75d36544@group-1D1229833E15-StateMachineUpdater] INFO  impl.StateMachineUpdater (StateMachineUpdater.java:takeSnapshot(281)) - 0523a322-62fb-48ad-ac32-b14e75d36544@group-1D1229833E15-StateMachineUpdater: Took a snapshot at index 0
2022-02-17 10:48:36,727 [0523a322-62fb-48ad-ac32-b14e75d36544@group-1D1229833E15-StateMachineUpdater] INFO  impl.StateMachineUpdater (StateMachineUpdater.java:lambda$new$0(89)) - 0523a322-62fb-48ad-ac32-b14e75d36544@group-1D1229833E15-StateMachineUpdater: snapshotIndex: updateIncreasingly -1 -> 0
2022-02-17 10:48:36,729 [ForkJoinPool.commonPool-worker-0] INFO  server.RaftServer$Division (ServerState.java:close(419)) - 0523a322-62fb-48ad-ac32-b14e75d36544@group-1D1229833E15: closes. applyIndex: 0
2022-02-17 10:48:36,730 [0523a322-62fb-48ad-ac32-b14e75d36544@group-1D1229833E15-SegmentedRaftLogWorker] INFO  segmented.SegmentedRaftLogWorker (SegmentedRaftLogWorker.java:run(327)) - 0523a322-62fb-48ad-ac32-b14e75d36544@group-1D1229833E15-SegmentedRaftLogWorker was interrupted, exiting. There are 0 tasks remaining in the queue.
2022-02-17 10:48:36,730 [ForkJoinPool.commonPool-worker-0] INFO  segmented.SegmentedRaftLogWorker (SegmentedRaftLogWorker.java:close(237)) - 0523a322-62fb-48ad-ac32-b14e75d36544@group-1D1229833E15-SegmentedRaftLogWorker close()
2022-02-17 10:48:36,731 [ForkJoinPool.commonPool-worker-0] INFO  server.GrpcService (GrpcService.java:closeImpl(262)) - 0523a322-62fb-48ad-ac32-b14e75d36544: shutdown server with port 40599 now
2022-02-17 10:48:36,731 [0523a322-62fb-48ad-ac32-b14e75d36544@group-1D1229833E15-FollowerState] INFO  impl.FollowerState (FollowerState.java:run(143)) - 0523a322-62fb-48ad-ac32-b14e75d36544@group-1D1229833E15-FollowerState was interrupted: {}
java.lang.InterruptedException: sleep interrupted
	at java.lang.Thread.sleep(Native Method)
	at java.lang.Thread.sleep(Thread.java:342)
	at java.util.concurrent.TimeUnit.sleep(TimeUnit.java:386)
	at org.apache.ratis.util.TimeDuration.sleep(TimeDuration.java:324)
	at org.apache.ratis.util.TimeDuration.sleep(TimeDuration.java:309)
	at org.apache.ratis.server.impl.FollowerState.run(FollowerState.java:118)
2022-02-17 10:48:36,735 [ForkJoinPool.commonPool-worker-0] INFO  server.GrpcService (GrpcService.java:closeImpl(271)) - 0523a322-62fb-48ad-ac32-b14e75d36544: shutdown server with port 40599 successfully
2022-02-17 10:48:36,735 [org.apache.ratis.util.JvmPauseMonitor$$Lambda$503/2086945474@47b7bdd9] INFO  util.JvmPauseMonitor (JvmPauseMonitor.java:run(109)) - JvmPauseMonitor-0523a322-62fb-48ad-ac32-b14e75d36544: Stopped
2022-02-17 10:48:37,045 [EndpointStateMachine task thread for /127.0.0.1:41349 - 0 ] INFO  ipc.Client (Client.java:handleConnectionFailure(977)) - Retrying connect to server: localhost/127.0.0.1:41349. Already tried 1 time(s); retry policy is RetryUpToMaximumCountWithFixedSleep(maxRetries=15, sleepTime=1000 MILLISECONDS)
2022-02-17 10:48:37,052 [EndpointStateMachine task thread for /127.0.0.1:46679 - 0 ] INFO  ipc.Client (Client.java:handleConnectionFailure(977)) - Retrying connect to server: localhost/127.0.0.1:46679. Already tried 1 time(s); retry policy is RetryUpToMaximumCountWithFixedSleep(maxRetries=15, sleepTime=1000 MILLISECONDS)
2022-02-17 10:48:37,052 [EndpointStateMachine task thread for /127.0.0.1:41937 - 0 ] INFO  ipc.Client (Client.java:handleConnectionFailure(977)) - Retrying connect to server: localhost/127.0.0.1:41937. Already tried 1 time(s); retry policy is RetryUpToMaximumCountWithFixedSleep(maxRetries=15, sleepTime=1000 MILLISECONDS)
2022-02-17 10:48:37,709 [EndpointStateMachine task thread for /127.0.0.1:43155 - 0 ] INFO  ipc.Client (Client.java:handleConnectionFailure(977)) - Retrying connect to server: localhost/127.0.0.1:43155. Already tried 2 time(s); retry policy is RetryUpToMaximumCountWithFixedSleep(maxRetries=15, sleepTime=1000 MILLISECONDS)
2022-02-17 10:48:37,710 [EndpointStateMachine task thread for /127.0.0.1:37793 - 0 ] INFO  ipc.Client (Client.java:handleConnectionFailure(977)) - Retrying connect to server: localhost/127.0.0.1:37793. Already tried 2 time(s); retry policy is RetryUpToMaximumCountWithFixedSleep(maxRetries=15, sleepTime=1000 MILLISECONDS)
2022-02-17 10:48:37,712 [EndpointStateMachine task thread for /127.0.0.1:38221 - 0 ] INFO  ipc.Client (Client.java:handleConnectionFailure(977)) - Retrying connect to server: localhost/127.0.0.1:38221. Already tried 2 time(s); retry policy is RetryUpToMaximumCountWithFixedSleep(maxRetries=15, sleepTime=1000 MILLISECONDS)
2022-02-17 10:48:38,045 [EndpointStateMachine task thread for /127.0.0.1:41349 - 0 ] INFO  ipc.Client (Client.java:handleConnectionFailure(977)) - Retrying connect to server: localhost/127.0.0.1:41349. Already tried 2 time(s); retry policy is RetryUpToMaximumCountWithFixedSleep(maxRetries=15, sleepTime=1000 MILLISECONDS)
2022-02-17 10:48:38,052 [EndpointStateMachine task thread for /127.0.0.1:46679 - 0 ] INFO  ipc.Client (Client.java:handleConnectionFailure(977)) - Retrying connect to server: localhost/127.0.0.1:46679. Already tried 2 time(s); retry policy is RetryUpToMaximumCountWithFixedSleep(maxRetries=15, sleepTime=1000 MILLISECONDS)
2022-02-17 10:48:38,055 [EndpointStateMachine task thread for /127.0.0.1:41937 - 0 ] INFO  ipc.Client (Client.java:handleConnectionFailure(977)) - Retrying connect to server: localhost/127.0.0.1:41937. Already tried 2 time(s); retry policy is RetryUpToMaximumCountWithFixedSleep(maxRetries=15, sleepTime=1000 MILLISECONDS)
2022-02-17 10:48:38,710 [EndpointStateMachine task thread for /127.0.0.1:37793 - 0 ] INFO  ipc.Client (Client.java:handleConnectionFailure(977)) - Retrying connect to server: localhost/127.0.0.1:37793. Already tried 3 time(s); retry policy is RetryUpToMaximumCountWithFixedSleep(maxRetries=15, sleepTime=1000 MILLISECONDS)
2022-02-17 10:48:38,710 [EndpointStateMachine task thread for /127.0.0.1:43155 - 0 ] INFO  ipc.Client (Client.java:handleConnectionFailure(977)) - Retrying connect to server: localhost/127.0.0.1:43155. Already tried 3 time(s); retry policy is RetryUpToMaximumCountWithFixedSleep(maxRetries=15, sleepTime=1000 MILLISECONDS)
2022-02-17 10:48:38,713 [EndpointStateMachine task thread for /127.0.0.1:38221 - 0 ] INFO  ipc.Client (Client.java:handleConnectionFailure(977)) - Retrying connect to server: localhost/127.0.0.1:38221. Already tried 3 time(s); retry policy is RetryUpToMaximumCountWithFixedSleep(maxRetries=15, sleepTime=1000 MILLISECONDS)
2022-02-17 10:48:38,740 [ForkJoinPool.commonPool-worker-0] INFO  utils.BackgroundService (BackgroundService.java:shutdown(132)) - Shutting down service BlockDeletingService
2022-02-17 10:48:39,046 [EndpointStateMachine task thread for /127.0.0.1:41349 - 0 ] INFO  ipc.Client (Client.java:handleConnectionFailure(977)) - Retrying connect to server: localhost/127.0.0.1:41349. Already tried 3 time(s); retry policy is RetryUpToMaximumCountWithFixedSleep(maxRetries=15, sleepTime=1000 MILLISECONDS)
2022-02-17 10:48:39,052 [EndpointStateMachine task thread for /127.0.0.1:46679 - 0 ] INFO  ipc.Client (Client.java:handleConnectionFailure(977)) - Retrying connect to server: localhost/127.0.0.1:46679. Already tried 3 time(s); retry policy is RetryUpToMaximumCountWithFixedSleep(maxRetries=15, sleepTime=1000 MILLISECONDS)
2022-02-17 10:48:39,055 [EndpointStateMachine task thread for /127.0.0.1:41937 - 0 ] INFO  ipc.Client (Client.java:handleConnectionFailure(977)) - Retrying connect to server: localhost/127.0.0.1:41937. Already tried 3 time(s); retry policy is RetryUpToMaximumCountWithFixedSleep(maxRetries=15, sleepTime=1000 MILLISECONDS)
2022-02-17 10:48:39,711 [EndpointStateMachine task thread for /127.0.0.1:37793 - 0 ] INFO  ipc.Client (Client.java:handleConnectionFailure(977)) - Retrying connect to server: localhost/127.0.0.1:37793. Already tried 4 time(s); retry policy is RetryUpToMaximumCountWithFixedSleep(maxRetries=15, sleepTime=1000 MILLISECONDS)
2022-02-17 10:48:39,711 [EndpointStateMachine task thread for /127.0.0.1:43155 - 0 ] INFO  ipc.Client (Client.java:handleConnectionFailure(977)) - Retrying connect to server: localhost/127.0.0.1:43155. Already tried 4 time(s); retry policy is RetryUpToMaximumCountWithFixedSleep(maxRetries=15, sleepTime=1000 MILLISECONDS)
2022-02-17 10:48:39,713 [EndpointStateMachine task thread for /127.0.0.1:38221 - 0 ] INFO  ipc.Client (Client.java:handleConnectionFailure(977)) - Retrying connect to server: localhost/127.0.0.1:38221. Already tried 4 time(s); retry policy is RetryUpToMaximumCountWithFixedSleep(maxRetries=15, sleepTime=1000 MILLISECONDS)
2022-02-17 10:48:40,047 [EndpointStateMachine task thread for /127.0.0.1:41349 - 0 ] INFO  ipc.Client (Client.java:handleConnectionFailure(977)) - Retrying connect to server: localhost/127.0.0.1:41349. Already tried 4 time(s); retry policy is RetryUpToMaximumCountWithFixedSleep(maxRetries=15, sleepTime=1000 MILLISECONDS)
2022-02-17 10:48:40,053 [EndpointStateMachine task thread for /127.0.0.1:46679 - 0 ] INFO  ipc.Client (Client.java:handleConnectionFailure(977)) - Retrying connect to server: localhost/127.0.0.1:46679. Already tried 4 time(s); retry policy is RetryUpToMaximumCountWithFixedSleep(maxRetries=15, sleepTime=1000 MILLISECONDS)
2022-02-17 10:48:40,056 [EndpointStateMachine task thread for /127.0.0.1:41937 - 0 ] INFO  ipc.Client (Client.java:handleConnectionFailure(977)) - Retrying connect to server: localhost/127.0.0.1:41937. Already tried 4 time(s); retry policy is RetryUpToMaximumCountWithFixedSleep(maxRetries=15, sleepTime=1000 MILLISECONDS)
2022-02-17 10:48:40,711 [EndpointStateMachine task thread for /127.0.0.1:37793 - 0 ] INFO  ipc.Client (Client.java:handleConnectionFailure(977)) - Retrying connect to server: localhost/127.0.0.1:37793. Already tried 5 time(s); retry policy is RetryUpToMaximumCountWithFixedSleep(maxRetries=15, sleepTime=1000 MILLISECONDS)
2022-02-17 10:48:40,711 [EndpointStateMachine task thread for /127.0.0.1:43155 - 0 ] INFO  ipc.Client (Client.java:handleConnectionFailure(977)) - Retrying connect to server: localhost/127.0.0.1:43155. Already tried 5 time(s); retry policy is RetryUpToMaximumCountWithFixedSleep(maxRetries=15, sleepTime=1000 MILLISECONDS)
2022-02-17 10:48:40,717 [EndpointStateMachine task thread for /127.0.0.1:38221 - 0 ] INFO  ipc.Client (Client.java:handleConnectionFailure(977)) - Retrying connect to server: localhost/127.0.0.1:38221. Already tried 5 time(s); retry policy is RetryUpToMaximumCountWithFixedSleep(maxRetries=15, sleepTime=1000 MILLISECONDS)
2022-02-17 10:48:41,047 [EndpointStateMachine task thread for /127.0.0.1:41349 - 0 ] INFO  ipc.Client (Client.java:handleConnectionFailure(977)) - Retrying connect to server: localhost/127.0.0.1:41349. Already tried 5 time(s); retry policy is RetryUpToMaximumCountWithFixedSleep(maxRetries=15, sleepTime=1000 MILLISECONDS)
2022-02-17 10:48:41,053 [EndpointStateMachine task thread for /127.0.0.1:46679 - 0 ] INFO  ipc.Client (Client.java:handleConnectionFailure(977)) - Retrying connect to server: localhost/127.0.0.1:46679. Already tried 5 time(s); retry policy is RetryUpToMaximumCountWithFixedSleep(maxRetries=15, sleepTime=1000 MILLISECONDS)
2022-02-17 10:48:41,056 [EndpointStateMachine task thread for /127.0.0.1:41937 - 0 ] INFO  ipc.Client (Client.java:handleConnectionFailure(977)) - Retrying connect to server: localhost/127.0.0.1:41937. Already tried 5 time(s); retry policy is RetryUpToMaximumCountWithFixedSleep(maxRetries=15, sleepTime=1000 MILLISECONDS)
2022-02-17 10:48:41,712 [EndpointStateMachine task thread for /127.0.0.1:37793 - 0 ] INFO  ipc.Client (Client.java:handleConnectionFailure(977)) - Retrying connect to server: localhost/127.0.0.1:37793. Already tried 6 time(s); retry policy is RetryUpToMaximumCountWithFixedSleep(maxRetries=15, sleepTime=1000 MILLISECONDS)
2022-02-17 10:48:41,713 [EndpointStateMachine task thread for /127.0.0.1:43155 - 0 ] INFO  ipc.Client (Client.java:handleConnectionFailure(977)) - Retrying connect to server: localhost/127.0.0.1:43155. Already tried 6 time(s); retry policy is RetryUpToMaximumCountWithFixedSleep(maxRetries=15, sleepTime=1000 MILLISECONDS)
2022-02-17 10:48:41,717 [EndpointStateMachine task thread for /127.0.0.1:38221 - 0 ] INFO  ipc.Client (Client.java:handleConnectionFailure(977)) - Retrying connect to server: localhost/127.0.0.1:38221. Already tried 6 time(s); retry policy is RetryUpToMaximumCountWithFixedSleep(maxRetries=15, sleepTime=1000 MILLISECONDS)
2022-02-17 10:48:41,742 [ForkJoinPool.commonPool-worker-0] INFO  statemachine.DatanodeStateMachine (DatanodeStateMachine.java:stopDaemon(529)) - Ozone container server stopped.
2022-02-17 10:48:41,744 [ForkJoinPool.commonPool-worker-0] INFO  handler.ContextHandler (ContextHandler.java:doStop(1153)) - Stopped o.e.j.w.WebAppContext@f345f12{hddsDatanode,/,null,STOPPED}{jar:file:/home/runner/.m2/repository/org/apache/ozone/hdds-container-service/1.3.0-SNAPSHOT/hdds-container-service-1.3.0-SNAPSHOT.jar!/webapps/hddsDatanode}
2022-02-17 10:48:41,744 [ForkJoinPool.commonPool-worker-0] INFO  server.AbstractConnector (AbstractConnector.java:doStop(381)) - Stopped ServerConnector@7f699066{HTTP/1.1, (http/1.1)}{0.0.0.0:0}
2022-02-17 10:48:41,744 [ForkJoinPool.commonPool-worker-0] INFO  server.session (HouseKeeper.java:stopScavenging(149)) - node0 Stopped scavenging
2022-02-17 10:48:41,745 [ForkJoinPool.commonPool-worker-0] INFO  handler.ContextHandler (ContextHandler.java:doStop(1153)) - Stopped o.e.j.s.ServletContextHandler@3ae7e1f2{static,/static,jar:file:/home/runner/.m2/repository/org/apache/ozone/hdds-container-service/1.3.0-SNAPSHOT/hdds-container-service-1.3.0-SNAPSHOT.jar!/webapps/static,STOPPED}
2022-02-17 10:48:41,745 [ForkJoinPool.commonPool-worker-0] INFO  handler.ContextHandler (ContextHandler.java:doStop(1153)) - Stopped o.e.j.s.ServletContextHandler@17698f4c{logs,/logs,file:///home/runner/work/ozone/ozone/hadoop-ozone/integration-test/target/log,STOPPED}
]]></system-out>
  </testcase>
  <testcase name="testInstallCorruptedCheckpointFailure" classname="org.apache.hadoop.ozone.scm.TestSCMInstallSnapshotWithHA" time="56.827"/>
</testsuite>