<?xml version="1.0" encoding="UTF-8"?>
<testsuite xmlns:xsi="http://www.w3.org/2001/XMLSchema-instance" xsi:noNamespaceSchemaLocation="https://maven.apache.org/surefire/maven-surefire-plugin/xsd/surefire-test-report-3.0.xsd" version="3.0" name="org.apache.hadoop.ozone.om.TestOmAcls" time="27.163" tests="7" errors="0" skipped="0" failures="1">
  <properties>
    <property name="awt.toolkit" value="sun.awt.X11.XToolkit"/>
    <property name="file.encoding.pkg" value="sun.io"/>
    <property name="java.specification.version" value="1.8"/>
    <property name="log4j.configurationFile" value="auditlog.properties"/>
    <property name="sun.cpu.isalist" value=""/>
    <property name="sun.jnu.encoding" value="UTF-8"/>
    <property name="java.class.path" value="/home/runner/work/ozone/ozone/hadoop-ozone/integration-test/target/test-classes:/home/runner/work/ozone/ozone/hadoop-ozone/integration-test/target/classes:/home/runner/.m2/repository/org/apache/ozone/ozone-common/1.4.0-SNAPSHOT/ozone-common-1.4.0-SNAPSHOT.jar:/home/runner/.m2/repository/io/grpc/grpc-netty/1.51.1/grpc-netty-1.51.1.jar:/home/runner/.m2/repository/io/grpc/grpc-core/1.51.1/grpc-core-1.51.1.jar:/home/runner/.m2/repository/com/google/android/annotations/4.1.1.4/annotations-4.1.1.4.jar:/home/runner/.m2/repository/org/codehaus/mojo/animal-sniffer-annotations/1.21/animal-sniffer-annotations-1.21.jar:/home/runner/.m2/repository/com/google/errorprone/error_prone_annotations/2.2.0/error_prone_annotations-2.2.0.jar:/home/runner/.m2/repository/io/perfmark/perfmark-api/0.25.0/perfmark-api-0.25.0.jar:/home/runner/.m2/repository/io/netty/netty-codec-http2/4.1.86.Final/netty-codec-http2-4.1.86.Final.jar:/home/runner/.m2/repository/io/netty/netty-common/4.1.86.Final/netty-common-4.1.86.Final.jar:/home/runner/.m2/repository/io/netty/netty-buffer/4.1.86.Final/netty-buffer-4.1.86.Final.jar:/home/runner/.m2/repository/io/netty/netty-codec-http/4.1.86.Final/netty-codec-http-4.1.86.Final.jar:/home/runner/.m2/repository/io/netty/netty-handler-proxy/4.1.86.Final/netty-handler-proxy-4.1.86.Final.jar:/home/runner/.m2/repository/io/netty/netty-codec-socks/4.1.86.Final/netty-codec-socks-4.1.86.Final.jar:/home/runner/.m2/repository/io/netty/netty-tcnative-boringssl-static/2.0.54.Final/netty-tcnative-boringssl-static-2.0.54.Final.jar:/home/runner/.m2/repository/io/netty/netty-tcnative-classes/2.0.54.Final/netty-tcnative-classes-2.0.54.Final.jar:/home/runner/.m2/repository/io/netty/netty-tcnative-boringssl-static/2.0.54.Final/netty-tcnative-boringssl-static-2.0.54.Final-linux-x86_64.jar:/home/runner/.m2/repository/io/netty/netty-tcnative-boringssl-static/2.0.54.Final/netty-tcnative-boringssl-static-2.0.54.Final-linux-aarch_64.jar:/home/runner/.m2/repository/io/netty/netty-tcnative-boringssl-static/2.0.54.Final/netty-tcnative-boringssl-static-2.0.54.Final-osx-x86_64.jar:/home/runner/.m2/repository/io/netty/netty-tcnative-boringssl-static/2.0.54.Final/netty-tcnative-boringssl-static-2.0.54.Final-osx-aarch_64.jar:/home/runner/.m2/repository/io/netty/netty-tcnative-boringssl-static/2.0.54.Final/netty-tcnative-boringssl-static-2.0.54.Final-windows-x86_64.jar:/home/runner/.m2/repository/org/apache/commons/commons-compress/1.21/commons-compress-1.21.jar:/home/runner/.m2/repository/org/apache/ozone/hdds-common/1.4.0-SNAPSHOT/hdds-common-1.4.0-SNAPSHOT.jar:/home/runner/.m2/repository/org/apache/ozone/hdds-client/1.4.0-SNAPSHOT/hdds-client-1.4.0-SNAPSHOT.jar:/home/runner/.m2/repository/org/apache/ozone/ozone-interface-client/1.4.0-SNAPSHOT/ozone-interface-client-1.4.0-SNAPSHOT.jar:/home/runner/.m2/repository/org/apache/ozone/hdds-test-utils/1.4.0-SNAPSHOT/hdds-test-utils-1.4.0-SNAPSHOT.jar:/home/runner/.m2/repository/com/google/guava/guava/31.1-jre/guava-31.1-jre.jar:/home/runner/.m2/repository/com/google/guava/failureaccess/1.0.1/failureaccess-1.0.1.jar:/home/runner/.m2/repository/com/google/guava/listenablefuture/9999.0-empty-to-avoid-conflict-with-guava/listenablefuture-9999.0-empty-to-avoid-conflict-with-guava.jar:/home/runner/.m2/repository/com/google/code/findbugs/jsr305/3.0.0/jsr305-3.0.0.jar:/home/runner/.m2/repository/org/checkerframework/checker-qual/3.12.0/checker-qual-3.12.0.jar:/home/runner/.m2/repository/com/google/j2objc/j2objc-annotations/1.3/j2objc-annotations-1.3.jar:/home/runner/.m2/repository/commons-io/commons-io/2.11.0/commons-io-2.11.0.jar:/home/runner/.m2/repository/commons-logging/commons-logging/1.2/commons-logging-1.2.jar:/home/runner/.m2/repository/ch/qos/reload4j/reload4j/1.2.22/reload4j-1.2.22.jar:/home/runner/.m2/repository/org/slf4j/slf4j-api/1.7.36/slf4j-api-1.7.36.jar:/home/runner/.m2/repository/org/apache/ozone/hdds-server-scm/1.4.0-SNAPSHOT/hdds-server-scm-1.4.0-SNAPSHOT.jar:/home/runner/.m2/repository/org/apache/ozone/hdds-container-service/1.4.0-SNAPSHOT/hdds-container-service-1.4.0-SNAPSHOT.jar:/home/runner/.m2/repository/org/apache/ozone/hdds-hadoop-dependency-server/1.4.0-SNAPSHOT/hdds-hadoop-dependency-server-1.4.0-SNAPSHOT.jar:/home/runner/.m2/repository/org/apache/hadoop/hadoop-hdfs/3.3.4/hadoop-hdfs-3.3.4.jar:/home/runner/.m2/repository/org/eclipse/jetty/jetty-util-ajax/9.4.49.v20220914/jetty-util-ajax-9.4.49.v20220914.jar:/home/runner/.m2/repository/commons-daemon/commons-daemon/1.0.13/commons-daemon-1.0.13.jar:/home/runner/.m2/repository/org/apache/ozone/hdds-server-framework/1.4.0-SNAPSHOT/hdds-server-framework-1.4.0-SNAPSHOT.jar:/home/runner/.m2/repository/org/apache/ozone/hdds-interface-server/1.4.0-SNAPSHOT/hdds-interface-server-1.4.0-SNAPSHOT.jar:/home/runner/.m2/repository/org/apache/commons/commons-configuration2/2.1.1/commons-configuration2-2.1.1.jar:/home/runner/.m2/repository/org/apache/logging/log4j/log4j-core/2.17.1/log4j-core-2.17.1.jar:/home/runner/.m2/repository/com/lmax/disruptor/3.4.2/disruptor-3.4.2.jar:/home/runner/.m2/repository/org/eclipse/jetty/jetty-servlet/9.4.49.v20220914/jetty-servlet-9.4.49.v20220914.jar:/home/runner/.m2/repository/org/eclipse/jetty/jetty-security/9.4.49.v20220914/jetty-security-9.4.49.v20220914.jar:/home/runner/.m2/repository/org/rocksdb/rocksdbjni/7.7.3/rocksdbjni-7.7.3.jar:/home/runner/.m2/repository/io/prometheus/simpleclient_dropwizard/0.7.0/simpleclient_dropwizard-0.7.0.jar:/home/runner/.m2/repository/io/prometheus/simpleclient/0.7.0/simpleclient-0.7.0.jar:/home/runner/.m2/repository/io/prometheus/simpleclient_common/0.7.0/simpleclient_common-0.7.0.jar:/home/runner/.m2/repository/com/github/spotbugs/spotbugs-annotations/3.1.12/spotbugs-annotations-3.1.12.jar:/home/runner/.m2/repository/io/dropwizard/metrics/metrics-core/3.2.4/metrics-core-3.2.4.jar:/home/runner/.m2/repository/org/apache/commons/commons-text/1.4/commons-text-1.4.jar:/home/runner/.m2/repository/org/apache/hadoop/hadoop-hdfs-client/3.3.4/hadoop-hdfs-client-3.3.4.jar:/home/runner/.m2/repository/com/squareup/okhttp3/okhttp/4.9.3/okhttp-4.9.3.jar:/home/runner/.m2/repository/com/squareup/okio/okio/2.8.0/okio-2.8.0.jar:/home/runner/.m2/repository/org/jetbrains/kotlin/kotlin-stdlib-common/1.6.21/kotlin-stdlib-common-1.6.21.jar:/home/runner/.m2/repository/org/bouncycastle/bcprov-jdk15on/1.67/bcprov-jdk15on-1.67.jar:/home/runner/.m2/repository/com/google/protobuf/protobuf-java/2.5.0/protobuf-java-2.5.0.jar:/home/runner/.m2/repository/org/apache/ozone/ozone-manager/1.4.0-SNAPSHOT/ozone-manager-1.4.0-SNAPSHOT.jar:/home/runner/.m2/repository/org/aspectj/aspectjrt/1.9.7/aspectjrt-1.9.7.jar:/home/runner/.m2/repository/org/aspectj/aspectjweaver/1.9.7/aspectjweaver-1.9.7.jar:/home/runner/.m2/repository/org/apache/ozone/hdds-interface-client/1.4.0-SNAPSHOT/hdds-interface-client-1.4.0-SNAPSHOT.jar:/home/runner/.m2/repository/org/apache/hadoop/thirdparty/hadoop-shaded-protobuf_3_7/1.1.1/hadoop-shaded-protobuf_3_7-1.1.1.jar:/home/runner/.m2/repository/org/apache/ratis/ratis-thirdparty-misc/1.0.3/ratis-thirdparty-misc-1.0.3.jar:/home/runner/.m2/repository/org/apache/ozone/ozone-interface-storage/1.4.0-SNAPSHOT/ozone-interface-storage-1.4.0-SNAPSHOT.jar:/home/runner/.m2/repository/org/reflections/reflections/0.9.11/reflections-0.9.11.jar:/home/runner/.m2/repository/com/sun/jersey/jersey-client/1.19/jersey-client-1.19.jar:/home/runner/.m2/repository/org/apache/ranger/ranger-intg/2.3.0/ranger-intg-2.3.0.jar:/home/runner/.m2/repository/org/apache/ranger/ranger-plugins-common/2.3.0/ranger-plugins-common-2.3.0.jar:/home/runner/.m2/repository/commons-lang/commons-lang/2.6/commons-lang-2.6.jar:/home/runner/.m2/repository/org/codehaus/jackson/jackson-jaxrs/1.9.13/jackson-jaxrs-1.9.13.jar:/home/runner/.m2/repository/org/apache/ranger/ranger-plugins-cred/2.3.0/ranger-plugins-cred-2.3.0.jar:/home/runner/.m2/repository/org/apache/ranger/ranger-plugins-audit/2.3.0/ranger-plugins-audit-2.3.0.jar:/home/runner/.m2/repository/org/eclipse/jetty/jetty-client/9.4.49.v20220914/jetty-client-9.4.49.v20220914.jar:/home/runner/.m2/repository/org/apache/httpcomponents/httpmime/4.5.6/httpmime-4.5.6.jar:/home/runner/.m2/repository/org/apache/httpcomponents/httpcore-nio/4.4.6/httpcore-nio-4.4.6.jar:/home/runner/.m2/repository/org/apache/httpcomponents/httpasyncclient/4.1.3/httpasyncclient-4.1.3.jar:/home/runner/.m2/repository/com/carrotsearch/hppc/0.8.0/hppc-0.8.0.jar:/home/runner/.m2/repository/org/apache/orc/orc-core/1.5.8/orc-core-1.5.8.jar:/home/runner/.m2/repository/net/java/dev/jna/jna/5.2.0/jna-5.2.0.jar:/home/runner/.m2/repository/net/java/dev/jna/jna-platform/5.2.0/jna-platform-5.2.0.jar:/home/runner/.m2/repository/com/kstruct/gethostname4j/0.0.2/gethostname4j-0.0.2.jar:/home/runner/.m2/repository/org/apache/ranger/ranger-plugin-classloader/2.3.0/ranger-plugin-classloader-2.3.0.jar:/home/runner/.m2/repository/org/apache/hadoop/hadoop-minikdc/3.3.4/hadoop-minikdc-3.3.4.jar:/home/runner/.m2/repository/org/apache/kerby/kerb-simplekdc/1.0.1/kerb-simplekdc-1.0.1.jar:/home/runner/.m2/repository/org/apache/kerby/kerb-client/1.0.1/kerb-client-1.0.1.jar:/home/runner/.m2/repository/org/apache/kerby/kerby-config/1.0.1/kerby-config-1.0.1.jar:/home/runner/.m2/repository/org/apache/kerby/kerb-common/1.0.1/kerb-common-1.0.1.jar:/home/runner/.m2/repository/org/apache/kerby/kerb-crypto/1.0.1/kerb-crypto-1.0.1.jar:/home/runner/.m2/repository/org/apache/kerby/kerb-util/1.0.1/kerb-util-1.0.1.jar:/home/runner/.m2/repository/org/apache/kerby/token-provider/1.0.1/token-provider-1.0.1.jar:/home/runner/.m2/repository/org/apache/kerby/kerb-admin/1.0.1/kerb-admin-1.0.1.jar:/home/runner/.m2/repository/org/apache/kerby/kerb-server/1.0.1/kerb-server-1.0.1.jar:/home/runner/.m2/repository/org/apache/kerby/kerb-identity/1.0.1/kerb-identity-1.0.1.jar:/home/runner/.m2/repository/org/apache/kerby/kerby-xdr/1.0.1/kerby-xdr-1.0.1.jar:/home/runner/.m2/repository/org/apache/ozone/ozone-s3gateway/1.4.0-SNAPSHOT/ozone-s3gateway-1.4.0-SNAPSHOT.jar:/home/runner/.m2/repository/org/javassist/javassist/3.21.0-GA/javassist-3.21.0-GA.jar:/home/runner/.m2/repository/org/jboss/weld/servlet/weld-servlet/2.4.7.Final/weld-servlet-2.4.7.Final.jar:/home/runner/.m2/repository/org/glassfish/jersey/containers/jersey-container-servlet-core/2.34/jersey-container-servlet-core-2.34.jar:/home/runner/.m2/repository/org/glassfish/hk2/external/jakarta.inject/2.6.1/jakarta.inject-2.6.1.jar:/home/runner/.m2/repository/org/glassfish/jersey/core/jersey-common/2.34/jersey-common-2.34.jar:/home/runner/.m2/repository/jakarta/ws/rs/jakarta.ws.rs-api/2.1.6/jakarta.ws.rs-api-2.1.6.jar:/home/runner/.m2/repository/org/glassfish/jersey/ext/cdi/jersey-cdi1x/2.34/jersey-cdi1x-2.34.jar:/home/runner/.m2/repository/org/glassfish/jersey/inject/jersey-hk2/2.34/jersey-hk2-2.34.jar:/home/runner/.m2/repository/org/glassfish/hk2/hk2-locator/2.6.1/hk2-locator-2.6.1.jar:/home/runner/.m2/repository/org/glassfish/jersey/media/jersey-media-jaxb/2.34/jersey-media-jaxb-2.34.jar:/home/runner/.m2/repository/org/glassfish/hk2/osgi-resource-locator/1.0.3/osgi-resource-locator-1.0.3.jar:/home/runner/.m2/repository/org/glassfish/hk2/hk2-api/2.5.0/hk2-api-2.5.0.jar:/home/runner/.m2/repository/org/glassfish/hk2/hk2-utils/2.5.0/hk2-utils-2.5.0.jar:/home/runner/.m2/repository/org/glassfish/hk2/external/aopalliance-repackaged/2.5.0/aopalliance-repackaged-2.5.0.jar:/home/runner/.m2/repository/com/fasterxml/jackson/dataformat/jackson-dataformat-xml/2.13.4/jackson-dataformat-xml-2.13.4.jar:/home/runner/.m2/repository/com/fasterxml/jackson/core/jackson-core/2.13.4/jackson-core-2.13.4.jar:/home/runner/.m2/repository/org/codehaus/woodstox/stax2-api/4.2.1/stax2-api-4.2.1.jar:/home/runner/.m2/repository/com/fasterxml/woodstox/woodstox-core/5.4.0/woodstox-core-5.4.0.jar:/home/runner/.m2/repository/com/fasterxml/jackson/module/jackson-module-jaxb-annotations/2.13.4/jackson-module-jaxb-annotations-2.13.4.jar:/home/runner/.m2/repository/jakarta/xml/bind/jakarta.xml.bind-api/2.3.3/jakarta.xml.bind-api-2.3.3.jar:/home/runner/.m2/repository/jakarta/activation/jakarta.activation-api/1.2.2/jakarta.activation-api-1.2.2.jar:/home/runner/.m2/repository/javax/enterprise/cdi-api/1.2/cdi-api-1.2.jar:/home/runner/.m2/repository/javax/el/javax.el-api/3.0.0/javax.el-api-3.0.0.jar:/home/runner/.m2/repository/javax/interceptor/javax.interceptor-api/1.2/javax.interceptor-api-1.2.jar:/home/runner/.m2/repository/javax/inject/javax.inject/1/javax.inject-1.jar:/home/runner/.m2/repository/javax/xml/bind/jaxb-api/2.3.0/jaxb-api-2.3.0.jar:/home/runner/.m2/repository/org/glassfish/jaxb/jaxb-runtime/2.3.0.1/jaxb-runtime-2.3.0.1.jar:/home/runner/.m2/repository/org/glassfish/jaxb/jaxb-core/2.3.0.1/jaxb-core-2.3.0.1.jar:/home/runner/.m2/repository/org/glassfish/jaxb/txw2/2.3.0.1/txw2-2.3.0.1.jar:/home/runner/.m2/repository/com/sun/istack/istack-commons-runtime/3.0.5/istack-commons-runtime-3.0.5.jar:/home/runner/.m2/repository/org/jvnet/staxex/stax-ex/1.7.8/stax-ex-1.7.8.jar:/home/runner/.m2/repository/com/sun/xml/fastinfoset/FastInfoset/1.2.13/FastInfoset-1.2.13.jar:/home/runner/.m2/repository/javax/activation/activation/1.1.1/activation-1.1.1.jar:/home/runner/.m2/repository/io/grpc/grpc-protobuf/1.51.1/grpc-protobuf-1.51.1.jar:/home/runner/.m2/repository/io/grpc/grpc-api/1.51.1/grpc-api-1.51.1.jar:/home/runner/.m2/repository/io/grpc/grpc-context/1.51.1/grpc-context-1.51.1.jar:/home/runner/.m2/repository/com/google/api/grpc/proto-google-common-protos/2.9.0/proto-google-common-protos-2.9.0.jar:/home/runner/.m2/repository/io/grpc/grpc-protobuf-lite/1.51.1/grpc-protobuf-lite-1.51.1.jar:/home/runner/.m2/repository/io/grpc/grpc-stub/1.51.1/grpc-stub-1.51.1.jar:/home/runner/.m2/repository/io/netty/netty-transport/4.1.86.Final/netty-transport-4.1.86.Final.jar:/home/runner/.m2/repository/io/netty/netty-resolver/4.1.86.Final/netty-resolver-4.1.86.Final.jar:/home/runner/.m2/repository/org/apache/ozone/ozone-csi/1.4.0-SNAPSHOT/ozone-csi-1.4.0-SNAPSHOT.jar:/home/runner/.m2/repository/com/google/protobuf/protobuf-java-util/3.19.6/protobuf-java-util-3.19.6.jar:/home/runner/.m2/repository/com/google/code/gson/gson/2.9.0/gson-2.9.0.jar:/home/runner/.m2/repository/org/apache/ozone/hdds-config/1.4.0-SNAPSHOT/hdds-config-1.4.0-SNAPSHOT.jar:/home/runner/.m2/repository/io/netty/netty-transport-native-epoll/4.1.86.Final/netty-transport-native-epoll-4.1.86.Final-linux-x86_64.jar:/home/runner/.m2/repository/io/netty/netty-transport-classes-epoll/4.1.86.Final/netty-transport-classes-epoll-4.1.86.Final.jar:/home/runner/.m2/repository/io/netty/netty-transport-native-unix-common/4.1.86.Final/netty-transport-native-unix-common-4.1.86.Final.jar:/home/runner/.m2/repository/org/slf4j/slf4j-reload4j/1.7.36/slf4j-reload4j-1.7.36.jar:/home/runner/.m2/repository/org/apache/ozone/ozone-recon/1.4.0-SNAPSHOT/ozone-recon-1.4.0-SNAPSHOT.jar:/home/runner/.m2/repository/org/apache/ozone/ozone-reconcodegen/1.4.0-SNAPSHOT/ozone-reconcodegen-1.4.0-SNAPSHOT.jar:/home/runner/.m2/repository/com/google/inject/extensions/guice-multibindings/4.0/guice-multibindings-4.0.jar:/home/runner/.m2/repository/com/google/inject/guice/4.0/guice-4.0.jar:/home/runner/.m2/repository/aopalliance/aopalliance/1.0/aopalliance-1.0.jar:/home/runner/.m2/repository/com/google/inject/extensions/guice-assistedinject/4.0/guice-assistedinject-4.0.jar:/home/runner/.m2/repository/com/google/inject/extensions/guice-servlet/4.0/guice-servlet-4.0.jar:/home/runner/.m2/repository/org/glassfish/jersey/containers/jersey-container-servlet/2.34/jersey-container-servlet-2.34.jar:/home/runner/.m2/repository/org/glassfish/hk2/guice-bridge/2.5.0/guice-bridge-2.5.0.jar:/home/runner/.m2/repository/org/glassfish/jersey/core/jersey-server/2.34/jersey-server-2.34.jar:/home/runner/.m2/repository/org/glassfish/jersey/core/jersey-client/2.34/jersey-client-2.34.jar:/home/runner/.m2/repository/jakarta/annotation/jakarta.annotation-api/1.3.5/jakarta.annotation-api-1.3.5.jar:/home/runner/.m2/repository/jakarta/validation/jakarta.validation-api/2.0.2/jakarta.validation-api-2.0.2.jar:/home/runner/.m2/repository/org/glassfish/jersey/media/jersey-media-json-jackson/2.34/jersey-media-json-jackson-2.34.jar:/home/runner/.m2/repository/org/glassfish/jersey/ext/jersey-entity-filtering/2.34/jersey-entity-filtering-2.34.jar:/home/runner/.m2/repository/org/jooq/jooq/3.11.10/jooq-3.11.10.jar:/home/runner/.m2/repository/org/jooq/jooq-meta/3.11.10/jooq-meta-3.11.10.jar:/home/runner/.m2/repository/org/jooq/jooq-codegen/3.11.10/jooq-codegen-3.11.10.jar:/home/runner/.m2/repository/com/jolbox/bonecp/0.8.0.RELEASE/bonecp-0.8.0.RELEASE.jar:/home/runner/.m2/repository/org/apache/derby/derby/10.14.2.0/derby-10.14.2.0.jar:/home/runner/.m2/repository/org/xerial/sqlite-jdbc/3.25.2/sqlite-jdbc-3.25.2.jar:/home/runner/.m2/repository/org/springframework/spring-jdbc/5.3.23/spring-jdbc-5.3.23.jar:/home/runner/.m2/repository/org/springframework/spring-beans/5.3.23/spring-beans-5.3.23.jar:/home/runner/.m2/repository/org/springframework/spring-core/5.3.23/spring-core-5.3.23.jar:/home/runner/.m2/repository/org/springframework/spring-jcl/5.3.23/spring-jcl-5.3.23.jar:/home/runner/.m2/repository/org/springframework/spring-tx/5.3.23/spring-tx-5.3.23.jar:/home/runner/.m2/repository/org/apache/ozone/ozone-client/1.4.0-SNAPSHOT/ozone-client-1.4.0-SNAPSHOT.jar:/home/runner/.m2/repository/org/apache/ozone/hdds-erasurecode/1.4.0-SNAPSHOT/hdds-erasurecode-1.4.0-SNAPSHOT.jar:/home/runner/.m2/repository/org/apache/ozone/ozone-filesystem/1.4.0-SNAPSHOT/ozone-filesystem-1.4.0-SNAPSHOT.jar:/home/runner/.m2/repository/org/apache/ozone/ozone-filesystem-common/1.4.0-SNAPSHOT/ozone-filesystem-common-1.4.0-SNAPSHOT.jar:/home/runner/.m2/repository/org/apache/ozone/ozone-tools/1.4.0-SNAPSHOT/ozone-tools-1.4.0-SNAPSHOT.jar:/home/runner/.m2/repository/com/amazonaws/aws-java-sdk-core/1.12.261/aws-java-sdk-core-1.12.261.jar:/home/runner/.m2/repository/org/apache/httpcomponents/httpclient/4.5.13/httpclient-4.5.13.jar:/home/runner/.m2/repository/org/apache/httpcomponents/httpcore/4.4.13/httpcore-4.4.13.jar:/home/runner/.m2/repository/software/amazon/ion/ion-java/1.0.2/ion-java-1.0.2.jar:/home/runner/.m2/repository/com/fasterxml/jackson/dataformat/jackson-dataformat-cbor/2.13.4/jackson-dataformat-cbor-2.13.4.jar:/home/runner/.m2/repository/joda-time/joda-time/2.10.6/joda-time-2.10.6.jar:/home/runner/.m2/repository/com/amazonaws/aws-java-sdk-s3/1.12.261/aws-java-sdk-s3-1.12.261.jar:/home/runner/.m2/repository/com/amazonaws/aws-java-sdk-kms/1.12.261/aws-java-sdk-kms-1.12.261.jar:/home/runner/.m2/repository/com/amazonaws/jmespath-java/1.12.261/jmespath-java-1.12.261.jar:/home/runner/.m2/repository/org/kohsuke/metainf-services/metainf-services/1.8/metainf-services-1.8.jar:/home/runner/.m2/repository/org/apache/ozone/hdds-tools/1.4.0-SNAPSHOT/hdds-tools-1.4.0-SNAPSHOT.jar:/home/runner/.m2/repository/org/apache/ratis/ratis-tools/2.4.2-8b8bdda-SNAPSHOT/ratis-tools-2.4.2-8b8bdda-SNAPSHOT.jar:/home/runner/.m2/repository/org/apache/ratis/ratis-proto/2.4.2-8b8bdda-SNAPSHOT/ratis-proto-2.4.2-8b8bdda-SNAPSHOT.jar:/home/runner/.m2/repository/org/apache/ratis/ratis-common/2.4.2-8b8bdda-SNAPSHOT/ratis-common-2.4.2-8b8bdda-SNAPSHOT.jar:/home/runner/.m2/repository/commons-cli/commons-cli/1.2/commons-cli-1.2.jar:/home/runner/.m2/repository/org/apache/commons/commons-lang3/3.7/commons-lang3-3.7.jar:/home/runner/.m2/repository/org/apache/ozone/ozone-manager/1.4.0-SNAPSHOT/ozone-manager-1.4.0-SNAPSHOT-tests.jar:/home/runner/.m2/repository/org/apache/ozone/hdds-common/1.4.0-SNAPSHOT/hdds-common-1.4.0-SNAPSHOT-tests.jar:/home/runner/.m2/repository/org/apache/ozone/hdds-hadoop-dependency-client/1.4.0-SNAPSHOT/hdds-hadoop-dependency-client-1.4.0-SNAPSHOT.jar:/home/runner/.m2/repository/info/picocli/picocli/4.6.1/picocli-4.6.1.jar:/home/runner/.m2/repository/com/fasterxml/jackson/core/jackson-annotations/2.13.4/jackson-annotations-2.13.4.jar:/home/runner/.m2/repository/com/fasterxml/jackson/datatype/jackson-datatype-jsr310/2.13.4/jackson-datatype-jsr310-2.13.4.jar:/home/runner/.m2/repository/org/apache/ozone/hdds-annotation-processing/1.4.0-SNAPSHOT/hdds-annotation-processing-1.4.0-SNAPSHOT.jar:/home/runner/.m2/repository/javax/annotation/javax.annotation-api/1.2/javax.annotation-api-1.2.jar:/home/runner/.m2/repository/org/apache/ratis/ratis-server/2.4.2-8b8bdda-SNAPSHOT/ratis-server-2.4.2-8b8bdda-SNAPSHOT.jar:/home/runner/.m2/repository/org/apache/ratis/ratis-client/2.4.2-8b8bdda-SNAPSHOT/ratis-client-2.4.2-8b8bdda-SNAPSHOT.jar:/home/runner/.m2/repository/org/apache/ratis/ratis-server-api/2.4.2-8b8bdda-SNAPSHOT/ratis-server-api-2.4.2-8b8bdda-SNAPSHOT.jar:/home/runner/.m2/repository/org/apache/ratis/ratis-metrics/2.4.2-8b8bdda-SNAPSHOT/ratis-metrics-2.4.2-8b8bdda-SNAPSHOT.jar:/home/runner/.m2/repository/org/apache/ratis/ratis-netty/2.4.2-8b8bdda-SNAPSHOT/ratis-netty-2.4.2-8b8bdda-SNAPSHOT.jar:/home/runner/.m2/repository/org/apache/ratis/ratis-grpc/2.4.2-8b8bdda-SNAPSHOT/ratis-grpc-2.4.2-8b8bdda-SNAPSHOT.jar:/home/runner/.m2/repository/org/apache/logging/log4j/log4j-api/2.17.1/log4j-api-2.17.1.jar:/home/runner/.m2/repository/org/apache/commons/commons-pool2/2.6.0/commons-pool2-2.6.0.jar:/home/runner/.m2/repository/org/bouncycastle/bcpkix-jdk15on/1.67/bcpkix-jdk15on-1.67.jar:/home/runner/.m2/repository/commons-validator/commons-validator/1.6/commons-validator-1.6.jar:/home/runner/.m2/repository/commons-beanutils/commons-beanutils/1.9.4/commons-beanutils-1.9.4.jar:/home/runner/.m2/repository/commons-digester/commons-digester/1.8.1/commons-digester-1.8.1.jar:/home/runner/.m2/repository/commons-collections/commons-collections/3.2.2/commons-collections-3.2.2.jar:/home/runner/.m2/repository/io/jaegertracing/jaeger-client/1.6.0/jaeger-client-1.6.0.jar:/home/runner/.m2/repository/io/jaegertracing/jaeger-thrift/1.6.0/jaeger-thrift-1.6.0.jar:/home/runner/.m2/repository/org/apache/thrift/libthrift/0.14.1/libthrift-0.14.1.jar:/home/runner/.m2/repository/io/jaegertracing/jaeger-core/1.6.0/jaeger-core-1.6.0.jar:/home/runner/.m2/repository/io/jaegertracing/jaeger-tracerresolver/1.6.0/jaeger-tracerresolver-1.6.0.jar:/home/runner/.m2/repository/io/opentracing/contrib/opentracing-tracerresolver/0.1.8/opentracing-tracerresolver-0.1.8.jar:/home/runner/.m2/repository/org/jetbrains/kotlin/kotlin-stdlib/1.6.21/kotlin-stdlib-1.6.21.jar:/home/runner/.m2/repository/org/jetbrains/annotations/13.0/annotations-13.0.jar:/home/runner/.m2/repository/io/opentracing/opentracing-util/0.33.0/opentracing-util-0.33.0.jar:/home/runner/.m2/repository/io/opentracing/opentracing-api/0.33.0/opentracing-api-0.33.0.jar:/home/runner/.m2/repository/io/opentracing/opentracing-noop/0.33.0/opentracing-noop-0.33.0.jar:/home/runner/.m2/repository/org/yaml/snakeyaml/1.33/snakeyaml-1.33.jar:/home/runner/.m2/repository/org/apache/ozone/hdds-interface-admin/1.4.0-SNAPSHOT/hdds-interface-admin-1.4.0-SNAPSHOT.jar:/home/runner/.m2/repository/junit/junit/4.13.1/junit-4.13.1.jar:/home/runner/.m2/repository/org/hamcrest/hamcrest-core/1.3/hamcrest-core-1.3.jar:/home/runner/.m2/repository/org/junit/jupiter/junit-jupiter-api/5.8.2/junit-jupiter-api-5.8.2.jar:/home/runner/.m2/repository/org/opentest4j/opentest4j/1.2.0/opentest4j-1.2.0.jar:/home/runner/.m2/repository/org/junit/platform/junit-platform-commons/1.8.2/junit-platform-commons-1.8.2.jar:/home/runner/.m2/repository/org/apiguardian/apiguardian-api/1.1.2/apiguardian-api-1.1.2.jar:/home/runner/.m2/repository/org/junit/jupiter/junit-jupiter-params/5.8.2/junit-jupiter-params-5.8.2.jar:/home/runner/.m2/repository/org/junit/jupiter/junit-jupiter-migrationsupport/5.8.2/junit-jupiter-migrationsupport-5.8.2.jar:/home/runner/.m2/repository/org/junit/jupiter/junit-jupiter-engine/5.8.2/junit-jupiter-engine-5.8.2.jar:/home/runner/.m2/repository/org/junit/platform/junit-platform-engine/1.8.2/junit-platform-engine-1.8.2.jar:/home/runner/.m2/repository/org/junit/vintage/junit-vintage-engine/5.8.2/junit-vintage-engine-5.8.2.jar:/home/runner/.m2/repository/org/junit/platform/junit-platform-launcher/1.8.2/junit-platform-launcher-1.8.2.jar:/home/runner/.m2/repository/org/mockito/mockito-core/2.28.2/mockito-core-2.28.2.jar:/home/runner/.m2/repository/net/bytebuddy/byte-buddy/1.9.10/byte-buddy-1.9.10.jar:/home/runner/.m2/repository/net/bytebuddy/byte-buddy-agent/1.9.10/byte-buddy-agent-1.9.10.jar:/home/runner/.m2/repository/org/objenesis/objenesis/1.0/objenesis-1.0.jar:/home/runner/.m2/repository/org/apache/hadoop/hadoop-kms/3.3.4/hadoop-kms-3.3.4.jar:/home/runner/.m2/repository/org/apache/hadoop/hadoop-auth/3.3.4/hadoop-auth-3.3.4.jar:/home/runner/.m2/repository/com/nimbusds/nimbus-jose-jwt/9.8.1/nimbus-jose-jwt-9.8.1.jar:/home/runner/.m2/repository/com/github/stephenc/jcip/jcip-annotations/1.0-1/jcip-annotations-1.0-1.jar:/home/runner/.m2/repository/net/minidev/json-smart/2.4.7/json-smart-2.4.7.jar:/home/runner/.m2/repository/net/minidev/accessors-smart/2.4.7/accessors-smart-2.4.7.jar:/home/runner/.m2/repository/org/ow2/asm/asm/5.0.4/asm-5.0.4.jar:/home/runner/.m2/repository/org/apache/zookeeper/zookeeper/3.5.6/zookeeper-3.5.6.jar:/home/runner/.m2/repository/org/apache/zookeeper/zookeeper-jute/3.5.6/zookeeper-jute-3.5.6.jar:/home/runner/.m2/repository/org/apache/yetus/audience-annotations/0.5.0/audience-annotations-0.5.0.jar:/home/runner/.m2/repository/org/apache/curator/curator-framework/4.2.0/curator-framework-4.2.0.jar:/home/runner/.m2/repository/org/apache/hadoop/thirdparty/hadoop-shaded-guava/1.1.1/hadoop-shaded-guava-1.1.1.jar:/home/runner/.m2/repository/com/sun/jersey/jersey-core/1.19/jersey-core-1.19.jar:/home/runner/.m2/repository/javax/ws/rs/jsr311-api/1.1.1/jsr311-api-1.1.1.jar:/home/runner/.m2/repository/com/sun/jersey/jersey-server/1.19/jersey-server-1.19.jar:/home/runner/.m2/repository/javax/servlet/javax.servlet-api/3.1.0/javax.servlet-api-3.1.0.jar:/home/runner/.m2/repository/org/eclipse/jetty/jetty-server/9.4.49.v20220914/jetty-server-9.4.49.v20220914.jar:/home/runner/.m2/repository/org/eclipse/jetty/jetty-http/9.4.49.v20220914/jetty-http-9.4.49.v20220914.jar:/home/runner/.m2/repository/org/eclipse/jetty/jetty-io/9.4.49.v20220914/jetty-io-9.4.49.v20220914.jar:/home/runner/.m2/repository/org/eclipse/jetty/jetty-webapp/9.4.49.v20220914/jetty-webapp-9.4.49.v20220914.jar:/home/runner/.m2/repository/org/eclipse/jetty/jetty-xml/9.4.49.v20220914/jetty-xml-9.4.49.v20220914.jar:/home/runner/.m2/repository/org/apache/hadoop/hadoop-common/3.3.4/hadoop-common-3.3.4.jar:/home/runner/.m2/repository/org/apache/commons/commons-math3/3.1.1/commons-math3-3.1.1.jar:/home/runner/.m2/repository/commons-net/commons-net/3.9.0/commons-net-3.9.0.jar:/home/runner/.m2/repository/com/sun/jersey/jersey-servlet/1.19/jersey-servlet-1.19.jar:/home/runner/.m2/repository/com/sun/jersey/jersey-json/1.19/jersey-json-1.19.jar:/home/runner/.m2/repository/org/codehaus/jettison/jettison/1.1/jettison-1.1.jar:/home/runner/.m2/repository/com/sun/xml/bind/jaxb-impl/2.2.3-1/jaxb-impl-2.2.3-1.jar:/home/runner/.m2/repository/org/codehaus/jackson/jackson-xc/1.9.2/jackson-xc-1.9.2.jar:/home/runner/.m2/repository/com/google/re2j/re2j/1.1/re2j-1.1.jar:/home/runner/.m2/repository/com/jcraft/jsch/0.1.54/jsch-0.1.54.jar:/home/runner/.m2/repository/org/apache/curator/curator-client/4.2.0/curator-client-4.2.0.jar:/home/runner/.m2/repository/org/apache/curator/curator-recipes/4.2.0/curator-recipes-4.2.0.jar:/home/runner/.m2/repository/org/apache/kerby/kerb-core/1.0.1/kerb-core-1.0.1.jar:/home/runner/.m2/repository/org/apache/kerby/kerby-pkix/1.0.1/kerby-pkix-1.0.1.jar:/home/runner/.m2/repository/org/apache/kerby/kerby-asn1/1.0.1/kerby-asn1-1.0.1.jar:/home/runner/.m2/repository/org/apache/kerby/kerby-util/1.0.1/kerby-util-1.0.1.jar:/home/runner/.m2/repository/dnsjava/dnsjava/2.1.7/dnsjava-2.1.7.jar:/home/runner/.m2/repository/org/xerial/snappy/snappy-java/1.1.8.2/snappy-java-1.1.8.2.jar:/home/runner/.m2/repository/org/eclipse/jetty/jetty-util/9.4.49.v20220914/jetty-util-9.4.49.v20220914.jar:/home/runner/.m2/repository/com/fasterxml/jackson/core/jackson-databind/2.13.4.2/jackson-databind-2.13.4.2.jar:/home/runner/.m2/repository/org/apache/hadoop/hadoop-kms/3.3.4/hadoop-kms-3.3.4-tests.jar:/home/runner/.m2/repository/org/apache/ozone/hdds-server-scm/1.4.0-SNAPSHOT/hdds-server-scm-1.4.0-SNAPSHOT-tests.jar:/home/runner/.m2/repository/org/apache/ozone/hdds-container-service/1.4.0-SNAPSHOT/hdds-container-service-1.4.0-SNAPSHOT-tests.jar:/home/runner/.m2/repository/com/github/luben/zstd-jni/1.5.2-5/zstd-jni-1.5.2-5.jar:/home/runner/.m2/repository/commons-codec/commons-codec/1.15/commons-codec-1.15.jar:/home/runner/.m2/repository/io/netty/netty-codec/4.1.86.Final/netty-codec-4.1.86.Final.jar:/home/runner/.m2/repository/io/netty/netty-handler/4.1.86.Final/netty-handler-4.1.86.Final.jar:/home/runner/.m2/repository/org/apache/ozone/hdds-hadoop-dependency-test/1.4.0-SNAPSHOT/hdds-hadoop-dependency-test-1.4.0-SNAPSHOT.jar:/home/runner/.m2/repository/org/apache/hadoop/hadoop-common/3.3.4/hadoop-common-3.3.4-tests.jar:/home/runner/.m2/repository/org/apache/hadoop/hadoop-hdfs/3.3.4/hadoop-hdfs-3.3.4-tests.jar:/home/runner/.m2/repository/org/assertj/assertj-core/3.12.2/assertj-core-3.12.2.jar:/home/runner/.m2/repository/org/apache/hadoop/hadoop-distcp/3.3.4/hadoop-distcp-3.3.4.jar:/home/runner/.m2/repository/org/apache/hadoop/hadoop-mapreduce-client-jobclient/3.3.4/hadoop-mapreduce-client-jobclient-3.3.4.jar:/home/runner/.m2/repository/org/apache/hadoop/hadoop-mapreduce-client-common/3.3.4/hadoop-mapreduce-client-common-3.3.4.jar:/home/runner/.m2/repository/org/apache/hadoop/hadoop-yarn-common/3.3.4/hadoop-yarn-common-3.3.4.jar:/home/runner/.m2/repository/org/apache/hadoop/hadoop-yarn-api/3.3.4/hadoop-yarn-api-3.3.4.jar:/home/runner/.m2/repository/com/sun/jersey/contribs/jersey-guice/1.19/jersey-guice-1.19.jar:/home/runner/.m2/repository/com/fasterxml/jackson/jaxrs/jackson-jaxrs-json-provider/2.13.4/jackson-jaxrs-json-provider-2.13.4.jar:/home/runner/.m2/repository/com/fasterxml/jackson/jaxrs/jackson-jaxrs-base/2.13.4/jackson-jaxrs-base-2.13.4.jar:/home/runner/.m2/repository/org/apache/hadoop/hadoop-yarn-client/3.3.4/hadoop-yarn-client-3.3.4.jar:/home/runner/.m2/repository/org/eclipse/jetty/websocket/websocket-client/9.4.43.v20210629/websocket-client-9.4.43.v20210629.jar:/home/runner/.m2/repository/org/eclipse/jetty/websocket/websocket-common/9.4.43.v20210629/websocket-common-9.4.43.v20210629.jar:/home/runner/.m2/repository/org/eclipse/jetty/websocket/websocket-api/9.4.43.v20210629/websocket-api-9.4.43.v20210629.jar:/home/runner/.m2/repository/org/jline/jline/3.9.0/jline-3.9.0.jar:/home/runner/.m2/repository/org/apache/hadoop/hadoop-mapreduce-client-core/3.3.4/hadoop-mapreduce-client-core-3.3.4.jar:/home/runner/.m2/repository/org/apache/avro/avro/1.7.7/avro-1.7.7.jar:/home/runner/.m2/repository/org/codehaus/jackson/jackson-core-asl/1.9.13/jackson-core-asl-1.9.13.jar:/home/runner/.m2/repository/org/codehaus/jackson/jackson-mapper-asl/1.9.13/jackson-mapper-asl-1.9.13.jar:/home/runner/.m2/repository/com/thoughtworks/paranamer/paranamer/2.3/paranamer-2.3.jar:/home/runner/.m2/repository/org/apache/hadoop/hadoop-annotations/3.3.4/hadoop-annotations-3.3.4.jar:/usr/lib/jvm/temurin-8-jdk-amd64/jre/../lib/tools.jar:/home/runner/.m2/repository/io/netty/netty/3.10.6.Final/netty-3.10.6.Final.jar:/home/runner/.m2/repository/org/apache/hadoop/hadoop-distcp/3.3.4/hadoop-distcp-3.3.4-tests.jar:/home/runner/.m2/repository/org/slf4j/jul-to-slf4j/1.7.36/jul-to-slf4j-1.7.36.jar:"/>
    <property name="java.vm.vendor" value="Temurin"/>
    <property name="sun.arch.data.model" value="64"/>
    <property name="test.build.dir" value="/home/runner/work/ozone/ozone/hadoop-ozone/integration-test/target/test-dir"/>
    <property name="test.cache.data" value=""/>
    <property name="java.vendor.url" value="https://adoptium.net/"/>
    <property name="user.timezone" value="Etc/UTC"/>
    <property name="java.vm.specification.version" value="1.8"/>
    <property name="os.name" value="Linux"/>
    <property name="test.build.data" value="/home/runner/work/ozone/ozone/hadoop-ozone/integration-test/target/test-dir"/>
    <property name="sun.java.launcher" value="SUN_STANDARD"/>
    <property name="sun.boot.library.path" value="/usr/lib/jvm/temurin-8-jdk-amd64/jre/lib/amd64"/>
    <property name="sun.java.command" value="/home/runner/work/ozone/ozone/hadoop-ozone/integration-test/target/surefire/surefirebooter7901039586280205369.jar /home/runner/work/ozone/ozone/hadoop-ozone/integration-test/target/surefire 2023-01-27T20-22-57_128-jvmRun1 surefire7156429755365923423tmp surefire_266221521066533168439tmp"/>
    <property name="surefire.test.class.path" value="/home/runner/work/ozone/ozone/hadoop-ozone/integration-test/target/test-classes:/home/runner/work/ozone/ozone/hadoop-ozone/integration-test/target/classes:/home/runner/.m2/repository/org/apache/ozone/ozone-common/1.4.0-SNAPSHOT/ozone-common-1.4.0-SNAPSHOT.jar:/home/runner/.m2/repository/io/grpc/grpc-netty/1.51.1/grpc-netty-1.51.1.jar:/home/runner/.m2/repository/io/grpc/grpc-core/1.51.1/grpc-core-1.51.1.jar:/home/runner/.m2/repository/com/google/android/annotations/4.1.1.4/annotations-4.1.1.4.jar:/home/runner/.m2/repository/org/codehaus/mojo/animal-sniffer-annotations/1.21/animal-sniffer-annotations-1.21.jar:/home/runner/.m2/repository/com/google/errorprone/error_prone_annotations/2.2.0/error_prone_annotations-2.2.0.jar:/home/runner/.m2/repository/io/perfmark/perfmark-api/0.25.0/perfmark-api-0.25.0.jar:/home/runner/.m2/repository/io/netty/netty-codec-http2/4.1.86.Final/netty-codec-http2-4.1.86.Final.jar:/home/runner/.m2/repository/io/netty/netty-common/4.1.86.Final/netty-common-4.1.86.Final.jar:/home/runner/.m2/repository/io/netty/netty-buffer/4.1.86.Final/netty-buffer-4.1.86.Final.jar:/home/runner/.m2/repository/io/netty/netty-codec-http/4.1.86.Final/netty-codec-http-4.1.86.Final.jar:/home/runner/.m2/repository/io/netty/netty-handler-proxy/4.1.86.Final/netty-handler-proxy-4.1.86.Final.jar:/home/runner/.m2/repository/io/netty/netty-codec-socks/4.1.86.Final/netty-codec-socks-4.1.86.Final.jar:/home/runner/.m2/repository/io/netty/netty-tcnative-boringssl-static/2.0.54.Final/netty-tcnative-boringssl-static-2.0.54.Final.jar:/home/runner/.m2/repository/io/netty/netty-tcnative-classes/2.0.54.Final/netty-tcnative-classes-2.0.54.Final.jar:/home/runner/.m2/repository/io/netty/netty-tcnative-boringssl-static/2.0.54.Final/netty-tcnative-boringssl-static-2.0.54.Final-linux-x86_64.jar:/home/runner/.m2/repository/io/netty/netty-tcnative-boringssl-static/2.0.54.Final/netty-tcnative-boringssl-static-2.0.54.Final-linux-aarch_64.jar:/home/runner/.m2/repository/io/netty/netty-tcnative-boringssl-static/2.0.54.Final/netty-tcnative-boringssl-static-2.0.54.Final-osx-x86_64.jar:/home/runner/.m2/repository/io/netty/netty-tcnative-boringssl-static/2.0.54.Final/netty-tcnative-boringssl-static-2.0.54.Final-osx-aarch_64.jar:/home/runner/.m2/repository/io/netty/netty-tcnative-boringssl-static/2.0.54.Final/netty-tcnative-boringssl-static-2.0.54.Final-windows-x86_64.jar:/home/runner/.m2/repository/org/apache/commons/commons-compress/1.21/commons-compress-1.21.jar:/home/runner/.m2/repository/org/apache/ozone/hdds-common/1.4.0-SNAPSHOT/hdds-common-1.4.0-SNAPSHOT.jar:/home/runner/.m2/repository/org/apache/ozone/hdds-client/1.4.0-SNAPSHOT/hdds-client-1.4.0-SNAPSHOT.jar:/home/runner/.m2/repository/org/apache/ozone/ozone-interface-client/1.4.0-SNAPSHOT/ozone-interface-client-1.4.0-SNAPSHOT.jar:/home/runner/.m2/repository/org/apache/ozone/hdds-test-utils/1.4.0-SNAPSHOT/hdds-test-utils-1.4.0-SNAPSHOT.jar:/home/runner/.m2/repository/com/google/guava/guava/31.1-jre/guava-31.1-jre.jar:/home/runner/.m2/repository/com/google/guava/failureaccess/1.0.1/failureaccess-1.0.1.jar:/home/runner/.m2/repository/com/google/guava/listenablefuture/9999.0-empty-to-avoid-conflict-with-guava/listenablefuture-9999.0-empty-to-avoid-conflict-with-guava.jar:/home/runner/.m2/repository/com/google/code/findbugs/jsr305/3.0.0/jsr305-3.0.0.jar:/home/runner/.m2/repository/org/checkerframework/checker-qual/3.12.0/checker-qual-3.12.0.jar:/home/runner/.m2/repository/com/google/j2objc/j2objc-annotations/1.3/j2objc-annotations-1.3.jar:/home/runner/.m2/repository/commons-io/commons-io/2.11.0/commons-io-2.11.0.jar:/home/runner/.m2/repository/commons-logging/commons-logging/1.2/commons-logging-1.2.jar:/home/runner/.m2/repository/ch/qos/reload4j/reload4j/1.2.22/reload4j-1.2.22.jar:/home/runner/.m2/repository/org/slf4j/slf4j-api/1.7.36/slf4j-api-1.7.36.jar:/home/runner/.m2/repository/org/apache/ozone/hdds-server-scm/1.4.0-SNAPSHOT/hdds-server-scm-1.4.0-SNAPSHOT.jar:/home/runner/.m2/repository/org/apache/ozone/hdds-container-service/1.4.0-SNAPSHOT/hdds-container-service-1.4.0-SNAPSHOT.jar:/home/runner/.m2/repository/org/apache/ozone/hdds-hadoop-dependency-server/1.4.0-SNAPSHOT/hdds-hadoop-dependency-server-1.4.0-SNAPSHOT.jar:/home/runner/.m2/repository/org/apache/hadoop/hadoop-hdfs/3.3.4/hadoop-hdfs-3.3.4.jar:/home/runner/.m2/repository/org/eclipse/jetty/jetty-util-ajax/9.4.49.v20220914/jetty-util-ajax-9.4.49.v20220914.jar:/home/runner/.m2/repository/commons-daemon/commons-daemon/1.0.13/commons-daemon-1.0.13.jar:/home/runner/.m2/repository/org/apache/ozone/hdds-server-framework/1.4.0-SNAPSHOT/hdds-server-framework-1.4.0-SNAPSHOT.jar:/home/runner/.m2/repository/org/apache/ozone/hdds-interface-server/1.4.0-SNAPSHOT/hdds-interface-server-1.4.0-SNAPSHOT.jar:/home/runner/.m2/repository/org/apache/commons/commons-configuration2/2.1.1/commons-configuration2-2.1.1.jar:/home/runner/.m2/repository/org/apache/logging/log4j/log4j-core/2.17.1/log4j-core-2.17.1.jar:/home/runner/.m2/repository/com/lmax/disruptor/3.4.2/disruptor-3.4.2.jar:/home/runner/.m2/repository/org/eclipse/jetty/jetty-servlet/9.4.49.v20220914/jetty-servlet-9.4.49.v20220914.jar:/home/runner/.m2/repository/org/eclipse/jetty/jetty-security/9.4.49.v20220914/jetty-security-9.4.49.v20220914.jar:/home/runner/.m2/repository/org/rocksdb/rocksdbjni/7.7.3/rocksdbjni-7.7.3.jar:/home/runner/.m2/repository/io/prometheus/simpleclient_dropwizard/0.7.0/simpleclient_dropwizard-0.7.0.jar:/home/runner/.m2/repository/io/prometheus/simpleclient/0.7.0/simpleclient-0.7.0.jar:/home/runner/.m2/repository/io/prometheus/simpleclient_common/0.7.0/simpleclient_common-0.7.0.jar:/home/runner/.m2/repository/com/github/spotbugs/spotbugs-annotations/3.1.12/spotbugs-annotations-3.1.12.jar:/home/runner/.m2/repository/io/dropwizard/metrics/metrics-core/3.2.4/metrics-core-3.2.4.jar:/home/runner/.m2/repository/org/apache/commons/commons-text/1.4/commons-text-1.4.jar:/home/runner/.m2/repository/org/apache/hadoop/hadoop-hdfs-client/3.3.4/hadoop-hdfs-client-3.3.4.jar:/home/runner/.m2/repository/com/squareup/okhttp3/okhttp/4.9.3/okhttp-4.9.3.jar:/home/runner/.m2/repository/com/squareup/okio/okio/2.8.0/okio-2.8.0.jar:/home/runner/.m2/repository/org/jetbrains/kotlin/kotlin-stdlib-common/1.6.21/kotlin-stdlib-common-1.6.21.jar:/home/runner/.m2/repository/org/bouncycastle/bcprov-jdk15on/1.67/bcprov-jdk15on-1.67.jar:/home/runner/.m2/repository/com/google/protobuf/protobuf-java/2.5.0/protobuf-java-2.5.0.jar:/home/runner/.m2/repository/org/apache/ozone/ozone-manager/1.4.0-SNAPSHOT/ozone-manager-1.4.0-SNAPSHOT.jar:/home/runner/.m2/repository/org/aspectj/aspectjrt/1.9.7/aspectjrt-1.9.7.jar:/home/runner/.m2/repository/org/aspectj/aspectjweaver/1.9.7/aspectjweaver-1.9.7.jar:/home/runner/.m2/repository/org/apache/ozone/hdds-interface-client/1.4.0-SNAPSHOT/hdds-interface-client-1.4.0-SNAPSHOT.jar:/home/runner/.m2/repository/org/apache/hadoop/thirdparty/hadoop-shaded-protobuf_3_7/1.1.1/hadoop-shaded-protobuf_3_7-1.1.1.jar:/home/runner/.m2/repository/org/apache/ratis/ratis-thirdparty-misc/1.0.3/ratis-thirdparty-misc-1.0.3.jar:/home/runner/.m2/repository/org/apache/ozone/ozone-interface-storage/1.4.0-SNAPSHOT/ozone-interface-storage-1.4.0-SNAPSHOT.jar:/home/runner/.m2/repository/org/reflections/reflections/0.9.11/reflections-0.9.11.jar:/home/runner/.m2/repository/com/sun/jersey/jersey-client/1.19/jersey-client-1.19.jar:/home/runner/.m2/repository/org/apache/ranger/ranger-intg/2.3.0/ranger-intg-2.3.0.jar:/home/runner/.m2/repository/org/apache/ranger/ranger-plugins-common/2.3.0/ranger-plugins-common-2.3.0.jar:/home/runner/.m2/repository/commons-lang/commons-lang/2.6/commons-lang-2.6.jar:/home/runner/.m2/repository/org/codehaus/jackson/jackson-jaxrs/1.9.13/jackson-jaxrs-1.9.13.jar:/home/runner/.m2/repository/org/apache/ranger/ranger-plugins-cred/2.3.0/ranger-plugins-cred-2.3.0.jar:/home/runner/.m2/repository/org/apache/ranger/ranger-plugins-audit/2.3.0/ranger-plugins-audit-2.3.0.jar:/home/runner/.m2/repository/org/eclipse/jetty/jetty-client/9.4.49.v20220914/jetty-client-9.4.49.v20220914.jar:/home/runner/.m2/repository/org/apache/httpcomponents/httpmime/4.5.6/httpmime-4.5.6.jar:/home/runner/.m2/repository/org/apache/httpcomponents/httpcore-nio/4.4.6/httpcore-nio-4.4.6.jar:/home/runner/.m2/repository/org/apache/httpcomponents/httpasyncclient/4.1.3/httpasyncclient-4.1.3.jar:/home/runner/.m2/repository/com/carrotsearch/hppc/0.8.0/hppc-0.8.0.jar:/home/runner/.m2/repository/org/apache/orc/orc-core/1.5.8/orc-core-1.5.8.jar:/home/runner/.m2/repository/net/java/dev/jna/jna/5.2.0/jna-5.2.0.jar:/home/runner/.m2/repository/net/java/dev/jna/jna-platform/5.2.0/jna-platform-5.2.0.jar:/home/runner/.m2/repository/com/kstruct/gethostname4j/0.0.2/gethostname4j-0.0.2.jar:/home/runner/.m2/repository/org/apache/ranger/ranger-plugin-classloader/2.3.0/ranger-plugin-classloader-2.3.0.jar:/home/runner/.m2/repository/org/apache/hadoop/hadoop-minikdc/3.3.4/hadoop-minikdc-3.3.4.jar:/home/runner/.m2/repository/org/apache/kerby/kerb-simplekdc/1.0.1/kerb-simplekdc-1.0.1.jar:/home/runner/.m2/repository/org/apache/kerby/kerb-client/1.0.1/kerb-client-1.0.1.jar:/home/runner/.m2/repository/org/apache/kerby/kerby-config/1.0.1/kerby-config-1.0.1.jar:/home/runner/.m2/repository/org/apache/kerby/kerb-common/1.0.1/kerb-common-1.0.1.jar:/home/runner/.m2/repository/org/apache/kerby/kerb-crypto/1.0.1/kerb-crypto-1.0.1.jar:/home/runner/.m2/repository/org/apache/kerby/kerb-util/1.0.1/kerb-util-1.0.1.jar:/home/runner/.m2/repository/org/apache/kerby/token-provider/1.0.1/token-provider-1.0.1.jar:/home/runner/.m2/repository/org/apache/kerby/kerb-admin/1.0.1/kerb-admin-1.0.1.jar:/home/runner/.m2/repository/org/apache/kerby/kerb-server/1.0.1/kerb-server-1.0.1.jar:/home/runner/.m2/repository/org/apache/kerby/kerb-identity/1.0.1/kerb-identity-1.0.1.jar:/home/runner/.m2/repository/org/apache/kerby/kerby-xdr/1.0.1/kerby-xdr-1.0.1.jar:/home/runner/.m2/repository/org/apache/ozone/ozone-s3gateway/1.4.0-SNAPSHOT/ozone-s3gateway-1.4.0-SNAPSHOT.jar:/home/runner/.m2/repository/org/javassist/javassist/3.21.0-GA/javassist-3.21.0-GA.jar:/home/runner/.m2/repository/org/jboss/weld/servlet/weld-servlet/2.4.7.Final/weld-servlet-2.4.7.Final.jar:/home/runner/.m2/repository/org/glassfish/jersey/containers/jersey-container-servlet-core/2.34/jersey-container-servlet-core-2.34.jar:/home/runner/.m2/repository/org/glassfish/hk2/external/jakarta.inject/2.6.1/jakarta.inject-2.6.1.jar:/home/runner/.m2/repository/org/glassfish/jersey/core/jersey-common/2.34/jersey-common-2.34.jar:/home/runner/.m2/repository/jakarta/ws/rs/jakarta.ws.rs-api/2.1.6/jakarta.ws.rs-api-2.1.6.jar:/home/runner/.m2/repository/org/glassfish/jersey/ext/cdi/jersey-cdi1x/2.34/jersey-cdi1x-2.34.jar:/home/runner/.m2/repository/org/glassfish/jersey/inject/jersey-hk2/2.34/jersey-hk2-2.34.jar:/home/runner/.m2/repository/org/glassfish/hk2/hk2-locator/2.6.1/hk2-locator-2.6.1.jar:/home/runner/.m2/repository/org/glassfish/jersey/media/jersey-media-jaxb/2.34/jersey-media-jaxb-2.34.jar:/home/runner/.m2/repository/org/glassfish/hk2/osgi-resource-locator/1.0.3/osgi-resource-locator-1.0.3.jar:/home/runner/.m2/repository/org/glassfish/hk2/hk2-api/2.5.0/hk2-api-2.5.0.jar:/home/runner/.m2/repository/org/glassfish/hk2/hk2-utils/2.5.0/hk2-utils-2.5.0.jar:/home/runner/.m2/repository/org/glassfish/hk2/external/aopalliance-repackaged/2.5.0/aopalliance-repackaged-2.5.0.jar:/home/runner/.m2/repository/com/fasterxml/jackson/dataformat/jackson-dataformat-xml/2.13.4/jackson-dataformat-xml-2.13.4.jar:/home/runner/.m2/repository/com/fasterxml/jackson/core/jackson-core/2.13.4/jackson-core-2.13.4.jar:/home/runner/.m2/repository/org/codehaus/woodstox/stax2-api/4.2.1/stax2-api-4.2.1.jar:/home/runner/.m2/repository/com/fasterxml/woodstox/woodstox-core/5.4.0/woodstox-core-5.4.0.jar:/home/runner/.m2/repository/com/fasterxml/jackson/module/jackson-module-jaxb-annotations/2.13.4/jackson-module-jaxb-annotations-2.13.4.jar:/home/runner/.m2/repository/jakarta/xml/bind/jakarta.xml.bind-api/2.3.3/jakarta.xml.bind-api-2.3.3.jar:/home/runner/.m2/repository/jakarta/activation/jakarta.activation-api/1.2.2/jakarta.activation-api-1.2.2.jar:/home/runner/.m2/repository/javax/enterprise/cdi-api/1.2/cdi-api-1.2.jar:/home/runner/.m2/repository/javax/el/javax.el-api/3.0.0/javax.el-api-3.0.0.jar:/home/runner/.m2/repository/javax/interceptor/javax.interceptor-api/1.2/javax.interceptor-api-1.2.jar:/home/runner/.m2/repository/javax/inject/javax.inject/1/javax.inject-1.jar:/home/runner/.m2/repository/javax/xml/bind/jaxb-api/2.3.0/jaxb-api-2.3.0.jar:/home/runner/.m2/repository/org/glassfish/jaxb/jaxb-runtime/2.3.0.1/jaxb-runtime-2.3.0.1.jar:/home/runner/.m2/repository/org/glassfish/jaxb/jaxb-core/2.3.0.1/jaxb-core-2.3.0.1.jar:/home/runner/.m2/repository/org/glassfish/jaxb/txw2/2.3.0.1/txw2-2.3.0.1.jar:/home/runner/.m2/repository/com/sun/istack/istack-commons-runtime/3.0.5/istack-commons-runtime-3.0.5.jar:/home/runner/.m2/repository/org/jvnet/staxex/stax-ex/1.7.8/stax-ex-1.7.8.jar:/home/runner/.m2/repository/com/sun/xml/fastinfoset/FastInfoset/1.2.13/FastInfoset-1.2.13.jar:/home/runner/.m2/repository/javax/activation/activation/1.1.1/activation-1.1.1.jar:/home/runner/.m2/repository/io/grpc/grpc-protobuf/1.51.1/grpc-protobuf-1.51.1.jar:/home/runner/.m2/repository/io/grpc/grpc-api/1.51.1/grpc-api-1.51.1.jar:/home/runner/.m2/repository/io/grpc/grpc-context/1.51.1/grpc-context-1.51.1.jar:/home/runner/.m2/repository/com/google/api/grpc/proto-google-common-protos/2.9.0/proto-google-common-protos-2.9.0.jar:/home/runner/.m2/repository/io/grpc/grpc-protobuf-lite/1.51.1/grpc-protobuf-lite-1.51.1.jar:/home/runner/.m2/repository/io/grpc/grpc-stub/1.51.1/grpc-stub-1.51.1.jar:/home/runner/.m2/repository/io/netty/netty-transport/4.1.86.Final/netty-transport-4.1.86.Final.jar:/home/runner/.m2/repository/io/netty/netty-resolver/4.1.86.Final/netty-resolver-4.1.86.Final.jar:/home/runner/.m2/repository/org/apache/ozone/ozone-csi/1.4.0-SNAPSHOT/ozone-csi-1.4.0-SNAPSHOT.jar:/home/runner/.m2/repository/com/google/protobuf/protobuf-java-util/3.19.6/protobuf-java-util-3.19.6.jar:/home/runner/.m2/repository/com/google/code/gson/gson/2.9.0/gson-2.9.0.jar:/home/runner/.m2/repository/org/apache/ozone/hdds-config/1.4.0-SNAPSHOT/hdds-config-1.4.0-SNAPSHOT.jar:/home/runner/.m2/repository/io/netty/netty-transport-native-epoll/4.1.86.Final/netty-transport-native-epoll-4.1.86.Final-linux-x86_64.jar:/home/runner/.m2/repository/io/netty/netty-transport-classes-epoll/4.1.86.Final/netty-transport-classes-epoll-4.1.86.Final.jar:/home/runner/.m2/repository/io/netty/netty-transport-native-unix-common/4.1.86.Final/netty-transport-native-unix-common-4.1.86.Final.jar:/home/runner/.m2/repository/org/slf4j/slf4j-reload4j/1.7.36/slf4j-reload4j-1.7.36.jar:/home/runner/.m2/repository/org/apache/ozone/ozone-recon/1.4.0-SNAPSHOT/ozone-recon-1.4.0-SNAPSHOT.jar:/home/runner/.m2/repository/org/apache/ozone/ozone-reconcodegen/1.4.0-SNAPSHOT/ozone-reconcodegen-1.4.0-SNAPSHOT.jar:/home/runner/.m2/repository/com/google/inject/extensions/guice-multibindings/4.0/guice-multibindings-4.0.jar:/home/runner/.m2/repository/com/google/inject/guice/4.0/guice-4.0.jar:/home/runner/.m2/repository/aopalliance/aopalliance/1.0/aopalliance-1.0.jar:/home/runner/.m2/repository/com/google/inject/extensions/guice-assistedinject/4.0/guice-assistedinject-4.0.jar:/home/runner/.m2/repository/com/google/inject/extensions/guice-servlet/4.0/guice-servlet-4.0.jar:/home/runner/.m2/repository/org/glassfish/jersey/containers/jersey-container-servlet/2.34/jersey-container-servlet-2.34.jar:/home/runner/.m2/repository/org/glassfish/hk2/guice-bridge/2.5.0/guice-bridge-2.5.0.jar:/home/runner/.m2/repository/org/glassfish/jersey/core/jersey-server/2.34/jersey-server-2.34.jar:/home/runner/.m2/repository/org/glassfish/jersey/core/jersey-client/2.34/jersey-client-2.34.jar:/home/runner/.m2/repository/jakarta/annotation/jakarta.annotation-api/1.3.5/jakarta.annotation-api-1.3.5.jar:/home/runner/.m2/repository/jakarta/validation/jakarta.validation-api/2.0.2/jakarta.validation-api-2.0.2.jar:/home/runner/.m2/repository/org/glassfish/jersey/media/jersey-media-json-jackson/2.34/jersey-media-json-jackson-2.34.jar:/home/runner/.m2/repository/org/glassfish/jersey/ext/jersey-entity-filtering/2.34/jersey-entity-filtering-2.34.jar:/home/runner/.m2/repository/org/jooq/jooq/3.11.10/jooq-3.11.10.jar:/home/runner/.m2/repository/org/jooq/jooq-meta/3.11.10/jooq-meta-3.11.10.jar:/home/runner/.m2/repository/org/jooq/jooq-codegen/3.11.10/jooq-codegen-3.11.10.jar:/home/runner/.m2/repository/com/jolbox/bonecp/0.8.0.RELEASE/bonecp-0.8.0.RELEASE.jar:/home/runner/.m2/repository/org/apache/derby/derby/10.14.2.0/derby-10.14.2.0.jar:/home/runner/.m2/repository/org/xerial/sqlite-jdbc/3.25.2/sqlite-jdbc-3.25.2.jar:/home/runner/.m2/repository/org/springframework/spring-jdbc/5.3.23/spring-jdbc-5.3.23.jar:/home/runner/.m2/repository/org/springframework/spring-beans/5.3.23/spring-beans-5.3.23.jar:/home/runner/.m2/repository/org/springframework/spring-core/5.3.23/spring-core-5.3.23.jar:/home/runner/.m2/repository/org/springframework/spring-jcl/5.3.23/spring-jcl-5.3.23.jar:/home/runner/.m2/repository/org/springframework/spring-tx/5.3.23/spring-tx-5.3.23.jar:/home/runner/.m2/repository/org/apache/ozone/ozone-client/1.4.0-SNAPSHOT/ozone-client-1.4.0-SNAPSHOT.jar:/home/runner/.m2/repository/org/apache/ozone/hdds-erasurecode/1.4.0-SNAPSHOT/hdds-erasurecode-1.4.0-SNAPSHOT.jar:/home/runner/.m2/repository/org/apache/ozone/ozone-filesystem/1.4.0-SNAPSHOT/ozone-filesystem-1.4.0-SNAPSHOT.jar:/home/runner/.m2/repository/org/apache/ozone/ozone-filesystem-common/1.4.0-SNAPSHOT/ozone-filesystem-common-1.4.0-SNAPSHOT.jar:/home/runner/.m2/repository/org/apache/ozone/ozone-tools/1.4.0-SNAPSHOT/ozone-tools-1.4.0-SNAPSHOT.jar:/home/runner/.m2/repository/com/amazonaws/aws-java-sdk-core/1.12.261/aws-java-sdk-core-1.12.261.jar:/home/runner/.m2/repository/org/apache/httpcomponents/httpclient/4.5.13/httpclient-4.5.13.jar:/home/runner/.m2/repository/org/apache/httpcomponents/httpcore/4.4.13/httpcore-4.4.13.jar:/home/runner/.m2/repository/software/amazon/ion/ion-java/1.0.2/ion-java-1.0.2.jar:/home/runner/.m2/repository/com/fasterxml/jackson/dataformat/jackson-dataformat-cbor/2.13.4/jackson-dataformat-cbor-2.13.4.jar:/home/runner/.m2/repository/joda-time/joda-time/2.10.6/joda-time-2.10.6.jar:/home/runner/.m2/repository/com/amazonaws/aws-java-sdk-s3/1.12.261/aws-java-sdk-s3-1.12.261.jar:/home/runner/.m2/repository/com/amazonaws/aws-java-sdk-kms/1.12.261/aws-java-sdk-kms-1.12.261.jar:/home/runner/.m2/repository/com/amazonaws/jmespath-java/1.12.261/jmespath-java-1.12.261.jar:/home/runner/.m2/repository/org/kohsuke/metainf-services/metainf-services/1.8/metainf-services-1.8.jar:/home/runner/.m2/repository/org/apache/ozone/hdds-tools/1.4.0-SNAPSHOT/hdds-tools-1.4.0-SNAPSHOT.jar:/home/runner/.m2/repository/org/apache/ratis/ratis-tools/2.4.2-8b8bdda-SNAPSHOT/ratis-tools-2.4.2-8b8bdda-SNAPSHOT.jar:/home/runner/.m2/repository/org/apache/ratis/ratis-proto/2.4.2-8b8bdda-SNAPSHOT/ratis-proto-2.4.2-8b8bdda-SNAPSHOT.jar:/home/runner/.m2/repository/org/apache/ratis/ratis-common/2.4.2-8b8bdda-SNAPSHOT/ratis-common-2.4.2-8b8bdda-SNAPSHOT.jar:/home/runner/.m2/repository/commons-cli/commons-cli/1.2/commons-cli-1.2.jar:/home/runner/.m2/repository/org/apache/commons/commons-lang3/3.7/commons-lang3-3.7.jar:/home/runner/.m2/repository/org/apache/ozone/ozone-manager/1.4.0-SNAPSHOT/ozone-manager-1.4.0-SNAPSHOT-tests.jar:/home/runner/.m2/repository/org/apache/ozone/hdds-common/1.4.0-SNAPSHOT/hdds-common-1.4.0-SNAPSHOT-tests.jar:/home/runner/.m2/repository/org/apache/ozone/hdds-hadoop-dependency-client/1.4.0-SNAPSHOT/hdds-hadoop-dependency-client-1.4.0-SNAPSHOT.jar:/home/runner/.m2/repository/info/picocli/picocli/4.6.1/picocli-4.6.1.jar:/home/runner/.m2/repository/com/fasterxml/jackson/core/jackson-annotations/2.13.4/jackson-annotations-2.13.4.jar:/home/runner/.m2/repository/com/fasterxml/jackson/datatype/jackson-datatype-jsr310/2.13.4/jackson-datatype-jsr310-2.13.4.jar:/home/runner/.m2/repository/org/apache/ozone/hdds-annotation-processing/1.4.0-SNAPSHOT/hdds-annotation-processing-1.4.0-SNAPSHOT.jar:/home/runner/.m2/repository/javax/annotation/javax.annotation-api/1.2/javax.annotation-api-1.2.jar:/home/runner/.m2/repository/org/apache/ratis/ratis-server/2.4.2-8b8bdda-SNAPSHOT/ratis-server-2.4.2-8b8bdda-SNAPSHOT.jar:/home/runner/.m2/repository/org/apache/ratis/ratis-client/2.4.2-8b8bdda-SNAPSHOT/ratis-client-2.4.2-8b8bdda-SNAPSHOT.jar:/home/runner/.m2/repository/org/apache/ratis/ratis-server-api/2.4.2-8b8bdda-SNAPSHOT/ratis-server-api-2.4.2-8b8bdda-SNAPSHOT.jar:/home/runner/.m2/repository/org/apache/ratis/ratis-metrics/2.4.2-8b8bdda-SNAPSHOT/ratis-metrics-2.4.2-8b8bdda-SNAPSHOT.jar:/home/runner/.m2/repository/org/apache/ratis/ratis-netty/2.4.2-8b8bdda-SNAPSHOT/ratis-netty-2.4.2-8b8bdda-SNAPSHOT.jar:/home/runner/.m2/repository/org/apache/ratis/ratis-grpc/2.4.2-8b8bdda-SNAPSHOT/ratis-grpc-2.4.2-8b8bdda-SNAPSHOT.jar:/home/runner/.m2/repository/org/apache/logging/log4j/log4j-api/2.17.1/log4j-api-2.17.1.jar:/home/runner/.m2/repository/org/apache/commons/commons-pool2/2.6.0/commons-pool2-2.6.0.jar:/home/runner/.m2/repository/org/bouncycastle/bcpkix-jdk15on/1.67/bcpkix-jdk15on-1.67.jar:/home/runner/.m2/repository/commons-validator/commons-validator/1.6/commons-validator-1.6.jar:/home/runner/.m2/repository/commons-beanutils/commons-beanutils/1.9.4/commons-beanutils-1.9.4.jar:/home/runner/.m2/repository/commons-digester/commons-digester/1.8.1/commons-digester-1.8.1.jar:/home/runner/.m2/repository/commons-collections/commons-collections/3.2.2/commons-collections-3.2.2.jar:/home/runner/.m2/repository/io/jaegertracing/jaeger-client/1.6.0/jaeger-client-1.6.0.jar:/home/runner/.m2/repository/io/jaegertracing/jaeger-thrift/1.6.0/jaeger-thrift-1.6.0.jar:/home/runner/.m2/repository/org/apache/thrift/libthrift/0.14.1/libthrift-0.14.1.jar:/home/runner/.m2/repository/io/jaegertracing/jaeger-core/1.6.0/jaeger-core-1.6.0.jar:/home/runner/.m2/repository/io/jaegertracing/jaeger-tracerresolver/1.6.0/jaeger-tracerresolver-1.6.0.jar:/home/runner/.m2/repository/io/opentracing/contrib/opentracing-tracerresolver/0.1.8/opentracing-tracerresolver-0.1.8.jar:/home/runner/.m2/repository/org/jetbrains/kotlin/kotlin-stdlib/1.6.21/kotlin-stdlib-1.6.21.jar:/home/runner/.m2/repository/org/jetbrains/annotations/13.0/annotations-13.0.jar:/home/runner/.m2/repository/io/opentracing/opentracing-util/0.33.0/opentracing-util-0.33.0.jar:/home/runner/.m2/repository/io/opentracing/opentracing-api/0.33.0/opentracing-api-0.33.0.jar:/home/runner/.m2/repository/io/opentracing/opentracing-noop/0.33.0/opentracing-noop-0.33.0.jar:/home/runner/.m2/repository/org/yaml/snakeyaml/1.33/snakeyaml-1.33.jar:/home/runner/.m2/repository/org/apache/ozone/hdds-interface-admin/1.4.0-SNAPSHOT/hdds-interface-admin-1.4.0-SNAPSHOT.jar:/home/runner/.m2/repository/junit/junit/4.13.1/junit-4.13.1.jar:/home/runner/.m2/repository/org/hamcrest/hamcrest-core/1.3/hamcrest-core-1.3.jar:/home/runner/.m2/repository/org/junit/jupiter/junit-jupiter-api/5.8.2/junit-jupiter-api-5.8.2.jar:/home/runner/.m2/repository/org/opentest4j/opentest4j/1.2.0/opentest4j-1.2.0.jar:/home/runner/.m2/repository/org/junit/platform/junit-platform-commons/1.8.2/junit-platform-commons-1.8.2.jar:/home/runner/.m2/repository/org/apiguardian/apiguardian-api/1.1.2/apiguardian-api-1.1.2.jar:/home/runner/.m2/repository/org/junit/jupiter/junit-jupiter-params/5.8.2/junit-jupiter-params-5.8.2.jar:/home/runner/.m2/repository/org/junit/jupiter/junit-jupiter-migrationsupport/5.8.2/junit-jupiter-migrationsupport-5.8.2.jar:/home/runner/.m2/repository/org/junit/jupiter/junit-jupiter-engine/5.8.2/junit-jupiter-engine-5.8.2.jar:/home/runner/.m2/repository/org/junit/platform/junit-platform-engine/1.8.2/junit-platform-engine-1.8.2.jar:/home/runner/.m2/repository/org/junit/vintage/junit-vintage-engine/5.8.2/junit-vintage-engine-5.8.2.jar:/home/runner/.m2/repository/org/junit/platform/junit-platform-launcher/1.8.2/junit-platform-launcher-1.8.2.jar:/home/runner/.m2/repository/org/mockito/mockito-core/2.28.2/mockito-core-2.28.2.jar:/home/runner/.m2/repository/net/bytebuddy/byte-buddy/1.9.10/byte-buddy-1.9.10.jar:/home/runner/.m2/repository/net/bytebuddy/byte-buddy-agent/1.9.10/byte-buddy-agent-1.9.10.jar:/home/runner/.m2/repository/org/objenesis/objenesis/1.0/objenesis-1.0.jar:/home/runner/.m2/repository/org/apache/hadoop/hadoop-kms/3.3.4/hadoop-kms-3.3.4.jar:/home/runner/.m2/repository/org/apache/hadoop/hadoop-auth/3.3.4/hadoop-auth-3.3.4.jar:/home/runner/.m2/repository/com/nimbusds/nimbus-jose-jwt/9.8.1/nimbus-jose-jwt-9.8.1.jar:/home/runner/.m2/repository/com/github/stephenc/jcip/jcip-annotations/1.0-1/jcip-annotations-1.0-1.jar:/home/runner/.m2/repository/net/minidev/json-smart/2.4.7/json-smart-2.4.7.jar:/home/runner/.m2/repository/net/minidev/accessors-smart/2.4.7/accessors-smart-2.4.7.jar:/home/runner/.m2/repository/org/ow2/asm/asm/5.0.4/asm-5.0.4.jar:/home/runner/.m2/repository/org/apache/zookeeper/zookeeper/3.5.6/zookeeper-3.5.6.jar:/home/runner/.m2/repository/org/apache/zookeeper/zookeeper-jute/3.5.6/zookeeper-jute-3.5.6.jar:/home/runner/.m2/repository/org/apache/yetus/audience-annotations/0.5.0/audience-annotations-0.5.0.jar:/home/runner/.m2/repository/org/apache/curator/curator-framework/4.2.0/curator-framework-4.2.0.jar:/home/runner/.m2/repository/org/apache/hadoop/thirdparty/hadoop-shaded-guava/1.1.1/hadoop-shaded-guava-1.1.1.jar:/home/runner/.m2/repository/com/sun/jersey/jersey-core/1.19/jersey-core-1.19.jar:/home/runner/.m2/repository/javax/ws/rs/jsr311-api/1.1.1/jsr311-api-1.1.1.jar:/home/runner/.m2/repository/com/sun/jersey/jersey-server/1.19/jersey-server-1.19.jar:/home/runner/.m2/repository/javax/servlet/javax.servlet-api/3.1.0/javax.servlet-api-3.1.0.jar:/home/runner/.m2/repository/org/eclipse/jetty/jetty-server/9.4.49.v20220914/jetty-server-9.4.49.v20220914.jar:/home/runner/.m2/repository/org/eclipse/jetty/jetty-http/9.4.49.v20220914/jetty-http-9.4.49.v20220914.jar:/home/runner/.m2/repository/org/eclipse/jetty/jetty-io/9.4.49.v20220914/jetty-io-9.4.49.v20220914.jar:/home/runner/.m2/repository/org/eclipse/jetty/jetty-webapp/9.4.49.v20220914/jetty-webapp-9.4.49.v20220914.jar:/home/runner/.m2/repository/org/eclipse/jetty/jetty-xml/9.4.49.v20220914/jetty-xml-9.4.49.v20220914.jar:/home/runner/.m2/repository/org/apache/hadoop/hadoop-common/3.3.4/hadoop-common-3.3.4.jar:/home/runner/.m2/repository/org/apache/commons/commons-math3/3.1.1/commons-math3-3.1.1.jar:/home/runner/.m2/repository/commons-net/commons-net/3.9.0/commons-net-3.9.0.jar:/home/runner/.m2/repository/com/sun/jersey/jersey-servlet/1.19/jersey-servlet-1.19.jar:/home/runner/.m2/repository/com/sun/jersey/jersey-json/1.19/jersey-json-1.19.jar:/home/runner/.m2/repository/org/codehaus/jettison/jettison/1.1/jettison-1.1.jar:/home/runner/.m2/repository/com/sun/xml/bind/jaxb-impl/2.2.3-1/jaxb-impl-2.2.3-1.jar:/home/runner/.m2/repository/org/codehaus/jackson/jackson-xc/1.9.2/jackson-xc-1.9.2.jar:/home/runner/.m2/repository/com/google/re2j/re2j/1.1/re2j-1.1.jar:/home/runner/.m2/repository/com/jcraft/jsch/0.1.54/jsch-0.1.54.jar:/home/runner/.m2/repository/org/apache/curator/curator-client/4.2.0/curator-client-4.2.0.jar:/home/runner/.m2/repository/org/apache/curator/curator-recipes/4.2.0/curator-recipes-4.2.0.jar:/home/runner/.m2/repository/org/apache/kerby/kerb-core/1.0.1/kerb-core-1.0.1.jar:/home/runner/.m2/repository/org/apache/kerby/kerby-pkix/1.0.1/kerby-pkix-1.0.1.jar:/home/runner/.m2/repository/org/apache/kerby/kerby-asn1/1.0.1/kerby-asn1-1.0.1.jar:/home/runner/.m2/repository/org/apache/kerby/kerby-util/1.0.1/kerby-util-1.0.1.jar:/home/runner/.m2/repository/dnsjava/dnsjava/2.1.7/dnsjava-2.1.7.jar:/home/runner/.m2/repository/org/xerial/snappy/snappy-java/1.1.8.2/snappy-java-1.1.8.2.jar:/home/runner/.m2/repository/org/eclipse/jetty/jetty-util/9.4.49.v20220914/jetty-util-9.4.49.v20220914.jar:/home/runner/.m2/repository/com/fasterxml/jackson/core/jackson-databind/2.13.4.2/jackson-databind-2.13.4.2.jar:/home/runner/.m2/repository/org/apache/hadoop/hadoop-kms/3.3.4/hadoop-kms-3.3.4-tests.jar:/home/runner/.m2/repository/org/apache/ozone/hdds-server-scm/1.4.0-SNAPSHOT/hdds-server-scm-1.4.0-SNAPSHOT-tests.jar:/home/runner/.m2/repository/org/apache/ozone/hdds-container-service/1.4.0-SNAPSHOT/hdds-container-service-1.4.0-SNAPSHOT-tests.jar:/home/runner/.m2/repository/com/github/luben/zstd-jni/1.5.2-5/zstd-jni-1.5.2-5.jar:/home/runner/.m2/repository/commons-codec/commons-codec/1.15/commons-codec-1.15.jar:/home/runner/.m2/repository/io/netty/netty-codec/4.1.86.Final/netty-codec-4.1.86.Final.jar:/home/runner/.m2/repository/io/netty/netty-handler/4.1.86.Final/netty-handler-4.1.86.Final.jar:/home/runner/.m2/repository/org/apache/ozone/hdds-hadoop-dependency-test/1.4.0-SNAPSHOT/hdds-hadoop-dependency-test-1.4.0-SNAPSHOT.jar:/home/runner/.m2/repository/org/apache/hadoop/hadoop-common/3.3.4/hadoop-common-3.3.4-tests.jar:/home/runner/.m2/repository/org/apache/hadoop/hadoop-hdfs/3.3.4/hadoop-hdfs-3.3.4-tests.jar:/home/runner/.m2/repository/org/assertj/assertj-core/3.12.2/assertj-core-3.12.2.jar:/home/runner/.m2/repository/org/apache/hadoop/hadoop-distcp/3.3.4/hadoop-distcp-3.3.4.jar:/home/runner/.m2/repository/org/apache/hadoop/hadoop-mapreduce-client-jobclient/3.3.4/hadoop-mapreduce-client-jobclient-3.3.4.jar:/home/runner/.m2/repository/org/apache/hadoop/hadoop-mapreduce-client-common/3.3.4/hadoop-mapreduce-client-common-3.3.4.jar:/home/runner/.m2/repository/org/apache/hadoop/hadoop-yarn-common/3.3.4/hadoop-yarn-common-3.3.4.jar:/home/runner/.m2/repository/org/apache/hadoop/hadoop-yarn-api/3.3.4/hadoop-yarn-api-3.3.4.jar:/home/runner/.m2/repository/com/sun/jersey/contribs/jersey-guice/1.19/jersey-guice-1.19.jar:/home/runner/.m2/repository/com/fasterxml/jackson/jaxrs/jackson-jaxrs-json-provider/2.13.4/jackson-jaxrs-json-provider-2.13.4.jar:/home/runner/.m2/repository/com/fasterxml/jackson/jaxrs/jackson-jaxrs-base/2.13.4/jackson-jaxrs-base-2.13.4.jar:/home/runner/.m2/repository/org/apache/hadoop/hadoop-yarn-client/3.3.4/hadoop-yarn-client-3.3.4.jar:/home/runner/.m2/repository/org/eclipse/jetty/websocket/websocket-client/9.4.43.v20210629/websocket-client-9.4.43.v20210629.jar:/home/runner/.m2/repository/org/eclipse/jetty/websocket/websocket-common/9.4.43.v20210629/websocket-common-9.4.43.v20210629.jar:/home/runner/.m2/repository/org/eclipse/jetty/websocket/websocket-api/9.4.43.v20210629/websocket-api-9.4.43.v20210629.jar:/home/runner/.m2/repository/org/jline/jline/3.9.0/jline-3.9.0.jar:/home/runner/.m2/repository/org/apache/hadoop/hadoop-mapreduce-client-core/3.3.4/hadoop-mapreduce-client-core-3.3.4.jar:/home/runner/.m2/repository/org/apache/avro/avro/1.7.7/avro-1.7.7.jar:/home/runner/.m2/repository/org/codehaus/jackson/jackson-core-asl/1.9.13/jackson-core-asl-1.9.13.jar:/home/runner/.m2/repository/org/codehaus/jackson/jackson-mapper-asl/1.9.13/jackson-mapper-asl-1.9.13.jar:/home/runner/.m2/repository/com/thoughtworks/paranamer/paranamer/2.3/paranamer-2.3.jar:/home/runner/.m2/repository/org/apache/hadoop/hadoop-annotations/3.3.4/hadoop-annotations-3.3.4.jar:/usr/lib/jvm/temurin-8-jdk-amd64/jre/../lib/tools.jar:/home/runner/.m2/repository/io/netty/netty/3.10.6.Final/netty-3.10.6.Final.jar:/home/runner/.m2/repository/org/apache/hadoop/hadoop-distcp/3.3.4/hadoop-distcp-3.3.4-tests.jar:/home/runner/.m2/repository/org/slf4j/jul-to-slf4j/1.7.36/jul-to-slf4j-1.7.36.jar:"/>
    <property name="sun.cpu.endian" value="little"/>
    <property name="user.home" value="/home/runner"/>
    <property name="user.language" value="en"/>
    <property name="java.specification.vendor" value="Oracle Corporation"/>
    <property name="java.home" value="/usr/lib/jvm/temurin-8-jdk-amd64/jre"/>
    <property name="java.security.krb5.conf" value="/home/runner/work/ozone/ozone/hadoop-ozone/integration-test/target/test-classes/krb5.conf"/>
    <property name="basedir" value="/home/runner/work/ozone/ozone/hadoop-ozone/integration-test"/>
    <property name="file.separator" value="/"/>
    <property name="line.separator" value="&#10;"/>
    <property name="java.vm.specification.vendor" value="Oracle Corporation"/>
    <property name="java.specification.name" value="Java Platform API Specification"/>
    <property name="java.awt.graphicsenv" value="sun.awt.X11GraphicsEnvironment"/>
    <property name="skip.installnpx" value="true"/>
    <property name="surefire.real.class.path" value="/home/runner/work/ozone/ozone/hadoop-ozone/integration-test/target/surefire/surefirebooter7901039586280205369.jar:/home/runner/.m2/repository/org/jacoco/org.jacoco.agent/0.8.5/org.jacoco.agent-0.8.5-runtime.jar"/>
    <property name="hadoop.log.dir" value="/home/runner/work/ozone/ozone/hadoop-ozone/integration-test/target/log"/>
    <property name="sun.boot.class.path" value="/usr/lib/jvm/temurin-8-jdk-amd64/jre/lib/resources.jar:/usr/lib/jvm/temurin-8-jdk-amd64/jre/lib/rt.jar:/usr/lib/jvm/temurin-8-jdk-amd64/jre/lib/sunrsasign.jar:/usr/lib/jvm/temurin-8-jdk-amd64/jre/lib/jsse.jar:/usr/lib/jvm/temurin-8-jdk-amd64/jre/lib/jce.jar:/usr/lib/jvm/temurin-8-jdk-amd64/jre/lib/charsets.jar:/usr/lib/jvm/temurin-8-jdk-amd64/jre/lib/jfr.jar:/usr/lib/jvm/temurin-8-jdk-amd64/jre/classes"/>
    <property name="sun.management.compiler" value="HotSpot 64-Bit Tiered Compilers"/>
    <property name="skip.npx" value="true"/>
    <property name="java.runtime.version" value="1.8.0_352-b08"/>
    <property name="java.net.preferIPv4Stack" value="true"/>
    <property name="user.name" value="runner"/>
    <property name="path.separator" value=":"/>
    <property name="java.security.egd" value="file:///dev/urandom"/>
    <property name="os.version" value="5.15.0-1031-azure"/>
    <property name="java.endorsed.dirs" value="/usr/lib/jvm/temurin-8-jdk-amd64/jre/lib/endorsed"/>
    <property name="java.runtime.name" value="OpenJDK Runtime Environment"/>
    <property name="file.encoding" value="UTF-8"/>
    <property name="java.vm.name" value="OpenJDK 64-Bit Server VM"/>
    <property name="test.build.webapps" value=""/>
    <property name="localRepository" value="/home/runner/.m2/repository"/>
    <property name="jetty.git.hash" value="4231a3b2e4cb8548a412a789936d640a97b1aa0a"/>
    <property name="java.vendor.url.bug" value="https://github.com/adoptium/adoptium-support/issues"/>
    <property name="java.io.tmpdir" value="/tmp"/>
    <property name="require.test.libhadoop" value=""/>
    <property name="java.version" value="1.8.0_352"/>
    <property name="user.dir" value="/home/runner/work/ozone/ozone/hadoop-ozone/integration-test"/>
    <property name="os.arch" value="amd64"/>
    <property name="java.vm.specification.name" value="Java Virtual Machine Specification"/>
    <property name="test.build.classes" value="/home/runner/work/ozone/ozone/hadoop-ozone/integration-test/target/test-classes"/>
    <property name="java.awt.printerjob" value="sun.print.PSPrinterJob"/>
    <property name="sun.os.patch.level" value="unknown"/>
    <property name="org.apache.ratis.thirdparty.io.netty.allocator.useCacheForAllThreads" value="false"/>
    <property name="hadoop.tmp.dir" value="/home/runner/work/ozone/ozone/hadoop-ozone/integration-test/target/tmp"/>
    <property name="java.library.path" value="/usr/java/packages/lib/amd64:/usr/lib64:/lib64:/lib:/usr/lib"/>
    <property name="java.vm.info" value="mixed mode"/>
    <property name="java.vendor" value="Temurin"/>
    <property name="java.vm.version" value="25.352-b08"/>
    <property name="java.specification.maintenance.version" value="4"/>
    <property name="java.ext.dirs" value="/usr/lib/jvm/temurin-8-jdk-amd64/jre/lib/ext:/usr/java/packages/lib/ext"/>
    <property name="sun.io.unicode.encoding" value="UnicodeLittle"/>
    <property name="java.class.version" value="52.0"/>
  </properties>
  <testcase name="testCreateVolumePermissionDenied" classname="org.apache.hadoop.ozone.om.TestOmAcls" time="0.974">
    <system-out><![CDATA[2023-01-27 20:42:39,669 [main] WARN  server.ServerUtils (ServerUtils.java:getScmDbDir(148)) - ozone.scm.db.dirs is not configured. We recommend adding this setting. Falling back to ozone.metadata.dirs instead.
2023-01-27 20:42:39,772 [main] WARN  server.ServerUtils (ServerUtils.java:getScmDbDir(148)) - ozone.scm.db.dirs is not configured. We recommend adding this setting. Falling back to ozone.metadata.dirs instead.
2023-01-27 20:42:39,775 [main] INFO  ha.SCMHANodeDetails (SCMHANodeDetails.java:loadSCMHAConfig(209)) - ServiceID for StorageContainerManager is null
2023-01-27 20:42:39,785 [main] WARN  ha.SCMHANodeDetails (SCMHANodeDetails.java:validateSCMHAConfig(182)) - Invalid config ozone.scm.ratis.enable. The config was not specified, but the default value true conflicts with the expected config value false. Falling back to the expected value. Current State of SCM: SCM is running in Non-HA without Ratis Ratis SCM -> Non Ratis SCM or Non HA SCM -> HA SCM is not supported
2023-01-27 20:42:39,785 [main] INFO  ha.SCMHANodeDetails (SCMHANodeDetails.java:loadSCMHAConfig(214)) - ozone.scm.default.service.id is not defined, falling back to ozone.scm.service.ids to find serviceID for StorageContainerManager if it is HA enabled cluster
2023-01-27 20:42:40,381 [main] WARN  utils.HAUtils (HAUtils.java:getMetaDir(342)) - ozone.scm.db.dirs is not configured. We recommend adding this setting. Falling back to ozone.metadata.dirs instead.
2023-01-27 20:42:40,525 [main] WARN  db.DBStoreBuilder (DBStoreBuilder.java:applyDBDefinition(144)) - ozone.scm.db.dirs is not configured. We recommend adding this setting. Falling back to ozone.metadata.dirs instead.
2023-01-27 20:42:40,827 [main] INFO  net.NodeSchemaLoader (NodeSchemaLoader.java:loadSchemaFromFile(129)) - Loading schema from [jar:file:/home/runner/.m2/repository/org/apache/ozone/hdds-common/1.4.0-SNAPSHOT/hdds-common-1.4.0-SNAPSHOT.jar!/network-topology-default.xml]
2023-01-27 20:42:40,828 [main] INFO  net.NodeSchemaLoader (NodeSchemaLoader.java:loadSchema(176)) - Loading network topology layer schema file
2023-01-27 20:42:40,878 [main] INFO  metrics.MetricRegistries (MetricRegistriesLoader.java:load(64)) - Loaded MetricRegistries class org.apache.ratis.metrics.impl.MetricRegistriesImpl
2023-01-27 20:42:40,883 [main] INFO  upgrade.AbstractLayoutVersionManager (AbstractLayoutVersionManager.java:init(83)) - Initializing Layout version manager with metadata layout = DATANODE_SCHEMA_V3 (version = 4), software layout = DATANODE_SCHEMA_V3 (version = 4)
2023-01-27 20:42:41,135 [main] INFO  reflections.Reflections (Reflections.java:scan(232)) - Reflections took 162 ms to scan 7 urls, producing 148 keys and 357 values 
2023-01-27 20:42:41,245 [main] INFO  ha.SequenceIdGenerator (SequenceIdGenerator.java:upgradeToSequenceId(349)) - upgrade localId to 111677748019200000
2023-01-27 20:42:41,246 [main] INFO  ha.SequenceIdGenerator (SequenceIdGenerator.java:upgradeToSequenceId(359)) - upgrade delTxnId to 0
2023-01-27 20:42:41,255 [main] INFO  ha.SequenceIdGenerator (SequenceIdGenerator.java:upgradeToSequenceId(376)) - upgrade containerId to 0
2023-01-27 20:42:41,258 [main] INFO  ha.SequenceIdGenerator (SequenceIdGenerator.java:<init>(220)) - Init the HA SequenceIdGenerator.
2023-01-27 20:42:41,319 [main] WARN  server.ServerUtils (ServerUtils.java:sanitizeUserArgs(73)) - ozone.scm.stale.node.interval value = 300000 is larger than max = 100000 based on the key value of ozone.scm.heartbeat.thread.interval, reset to the max value 100000.
2023-01-27 20:42:41,320 [main] WARN  server.ServerUtils (ServerUtils.java:sanitizeUserArgs(73)) - ozone.scm.stale.node.interval value = 300000 is larger than max = 100000 based on the key value of ozone.scm.heartbeat.thread.interval, reset to the max value 100000.
2023-01-27 20:42:41,327 [main] INFO  node.SCMNodeManager (SCMNodeManager.java:<init>(149)) - Entering startup safe mode.
2023-01-27 20:42:41,391 [main] INFO  algorithms.ContainerPlacementPolicyFactory (ContainerPlacementPolicyFactory.java:getPolicyInternal(86)) - Create container placement policy of type org.apache.hadoop.hdds.scm.container.placement.algorithms.SCMContainerPlacementRandom
2023-01-27 20:42:41,395 [main] INFO  algorithms.ContainerPlacementPolicyFactory (ContainerPlacementPolicyFactory.java:getPolicyInternal(86)) - Create container placement policy of type org.apache.hadoop.hdds.scm.container.placement.algorithms.SCMContainerPlacementRackScatter
2023-01-27 20:42:41,416 [main] INFO  pipeline.PipelineStateManagerImpl (PipelineStateManagerImpl.java:initialize(78)) - No pipeline exists in current db
2023-01-27 20:42:41,453 [main] INFO  algorithms.LeaderChoosePolicyFactory (LeaderChoosePolicyFactory.java:getPolicy(57)) - Create leader choose policy of type org.apache.hadoop.hdds.scm.pipeline.leader.choose.algorithms.MinLeaderCountChoosePolicy
2023-01-27 20:42:41,453 [main] INFO  algorithms.ContainerPlacementPolicyFactory (ContainerPlacementPolicyFactory.java:getPolicyInternal(86)) - Create container placement policy of type org.apache.hadoop.hdds.scm.container.placement.algorithms.SCMContainerPlacementRackScatter
2023-01-27 20:42:41,464 [main] INFO  ha.SCMServiceManager (SCMServiceManager.java:register(42)) - Registering service BackgroundPipelineCreator.
2023-01-27 20:42:41,464 [main] INFO  pipeline.BackgroundPipelineCreator (BackgroundPipelineCreator.java:start(124)) - Starting RatisPipelineUtilsThread.
2023-01-27 20:42:41,469 [main] INFO  BackgroundPipelineScrubber (BackgroundSCMService.java:start(68)) - Starting BackgroundPipelineScrubber Service.
2023-01-27 20:42:41,470 [main] INFO  ha.SCMServiceManager (SCMServiceManager.java:register(42)) - Registering service BackgroundPipelineScrubber.
2023-01-27 20:42:41,482 [main] INFO  ExpiredContainerReplicaOpScrubber (BackgroundSCMService.java:start(68)) - Starting ExpiredContainerReplicaOpScrubber Service.
2023-01-27 20:42:41,482 [main] INFO  ha.SCMServiceManager (SCMServiceManager.java:register(42)) - Registering service ExpiredContainerReplicaOpScrubber.
2023-01-27 20:42:41,534 [main] INFO  algorithms.PipelineChoosePolicyFactory (PipelineChoosePolicyFactory.java:createPipelineChoosePolicyFromClass(73)) - Create pipeline choose policy of type org.apache.hadoop.hdds.scm.pipeline.choose.algorithms.RandomPipelineChoosePolicy
2023-01-27 20:42:41,555 [main] INFO  ha.SCMServiceManager (SCMServiceManager.java:register(42)) - Registering service SCMBlockDeletingService.
2023-01-27 20:42:41,627 [main] INFO  replication.ReplicationManager (ReplicationManager.java:start(263)) - Starting Replication Monitor Thread.
2023-01-27 20:42:41,638 [main] INFO  ha.SCMServiceManager (SCMServiceManager.java:register(42)) - Registering service ReplicationManager.
2023-01-27 20:42:41,641 [ReplicationMonitor] INFO  replication.ReplicationManager (ReplicationManager.java:processAll(334)) - Replication Manager is not ready to run until 3000ms after safemode exit
2023-01-27 20:42:41,654 [main] INFO  safemode.ContainerSafeModeRule (ContainerSafeModeRule.java:<init>(89)) - containers with one replica threshold count 0
2023-01-27 20:42:41,660 [main] INFO  safemode.HealthyPipelineSafeModeRule (HealthyPipelineSafeModeRule.java:initializeRule(169)) - Total pipeline count is 0, healthy pipeline threshold count is 1
2023-01-27 20:42:41,664 [main] INFO  safemode.OneReplicaPipelineSafeModeRule (OneReplicaPipelineSafeModeRule.java:initializeRule(180)) - Total pipeline count is 0, pipeline's with at least one datanode reported threshold count is 0
2023-01-27 20:42:42,044 [main] INFO  audit.AuditLogger (AuditLogger.java:refreshDebugCmdSet(126)) - Refresh DebugCmdSet for SCMAudit to [].
2023-01-27 20:42:42,081 [main] INFO  ipc.CallQueueManager (CallQueueManager.java:<init>(90)) - Using callQueue: class java.util.concurrent.LinkedBlockingQueue, queueCapacity: 2000, scheduler: class org.apache.hadoop.ipc.DefaultRpcScheduler, ipcBackoff: false.
2023-01-27 20:42:42,122 [Socket Reader #1 for port 0] INFO  ipc.Server (Server.java:run(1273)) - Starting Socket Reader #1 for port 0
2023-01-27 20:42:42,190 [Listener at 0.0.0.0/42257] INFO  audit.AuditLogger (AuditLogger.java:refreshDebugCmdSet(126)) - Refresh DebugCmdSet for SCMAudit to [].
2023-01-27 20:42:42,199 [Listener at 0.0.0.0/42257] INFO  ipc.CallQueueManager (CallQueueManager.java:<init>(90)) - Using callQueue: class java.util.concurrent.LinkedBlockingQueue, queueCapacity: 2000, scheduler: class org.apache.hadoop.ipc.DefaultRpcScheduler, ipcBackoff: false.
2023-01-27 20:42:42,201 [Socket Reader #1 for port 0] INFO  ipc.Server (Server.java:run(1273)) - Starting Socket Reader #1 for port 0
2023-01-27 20:42:42,262 [Listener at 0.0.0.0/35815] INFO  audit.AuditLogger (AuditLogger.java:refreshDebugCmdSet(126)) - Refresh DebugCmdSet for SCMAudit to [].
2023-01-27 20:42:42,273 [Listener at 0.0.0.0/35815] INFO  ipc.CallQueueManager (CallQueueManager.java:<init>(90)) - Using callQueue: class java.util.concurrent.LinkedBlockingQueue, queueCapacity: 2000, scheduler: class org.apache.hadoop.ipc.DefaultRpcScheduler, ipcBackoff: false.
2023-01-27 20:42:42,274 [Socket Reader #1 for port 0] INFO  ipc.Server (Server.java:run(1273)) - Starting Socket Reader #1 for port 0
2023-01-27 20:42:42,447 [Listener at 0.0.0.0/36365] INFO  ha.SCMServiceManager (SCMServiceManager.java:register(42)) - Registering service ContainerBalancer.
2023-01-27 20:42:42,449 [Listener at 0.0.0.0/36365] INFO  server.StorageContainerManager (StorageContainerManager.java:<init>(401)) - 
Container Balancer status:
Key                            Value
Running                        true
Container Balancer Configuration values:
Key                                                Value
Threshold                                          10
Max Datanodes to Involve per Iteration(percent)    20
Max Size to Move per Iteration                     500GB
Max Size Entering Target per Iteration             26GB
Max Size Leaving Source per Iteration              26GB

2023-01-27 20:42:42,450 [Listener at 0.0.0.0/36365] INFO  ha.SCMContext (SCMContext.java:updateSafeModeStatus(228)) - Update SafeModeStatus from SafeModeStatus{safeModeStatus=true, preCheckPassed=false} to SafeModeStatus{safeModeStatus=true, preCheckPassed=false}.
2023-01-27 20:42:42,459 [Listener at 0.0.0.0/36365] INFO  server.StorageContainerManager (StorageContainerManager.java:start(1440)) - StorageContainerLocationProtocol RPC server is listening at /0.0.0.0:36365
2023-01-27 20:42:42,532 [Listener at 0.0.0.0/36365] WARN  impl.MetricsConfig (MetricsConfig.java:loadFirst(136)) - Cannot locate configuration: tried hadoop-metrics2-storagecontainermanager.properties,hadoop-metrics2.properties
2023-01-27 20:42:42,547 [Listener at 0.0.0.0/36365] INFO  impl.MetricsSystemImpl (MetricsSystemImpl.java:startTimer(378)) - Scheduled Metric snapshot period at 10 second(s).
2023-01-27 20:42:42,547 [Listener at 0.0.0.0/36365] INFO  impl.MetricsSystemImpl (MetricsSystemImpl.java:start(191)) - StorageContainerManager metrics system started
2023-01-27 20:42:42,800 [Listener at 0.0.0.0/36365] INFO  server.SCMClientProtocolServer (SCMClientProtocolServer.java:start(170)) - RPC server for Client  is listening at /0.0.0.0:36365
2023-01-27 20:42:42,800 [IPC Server Responder] INFO  ipc.Server (Server.java:run(1512)) - IPC Server Responder: starting
2023-01-27 20:42:42,802 [IPC Server listener on 0] INFO  ipc.Server (Server.java:run(1352)) - IPC Server listener on 0: starting
2023-01-27 20:42:42,808 [Listener at 0.0.0.0/36365] INFO  server.StorageContainerManager (StorageContainerManager.java:start(1454)) - ScmBlockLocationProtocol RPC server is listening at /0.0.0.0:35815
2023-01-27 20:42:42,809 [Listener at 0.0.0.0/36365] INFO  server.SCMBlockProtocolServer (SCMBlockProtocolServer.java:start(152)) - RPC server for Block Protocol is listening at /0.0.0.0:35815
2023-01-27 20:42:42,814 [IPC Server Responder] INFO  ipc.Server (Server.java:run(1512)) - IPC Server Responder: starting
2023-01-27 20:42:42,814 [IPC Server listener on 0] INFO  ipc.Server (Server.java:run(1352)) - IPC Server listener on 0: starting
2023-01-27 20:42:42,817 [Listener at 0.0.0.0/36365] INFO  server.SCMDatanodeProtocolServer (SCMDatanodeProtocolServer.java:start(194)) - ScmDatanodeProtocol RPC server for DataNodes is listening at /0.0.0.0:42257
2023-01-27 20:42:42,819 [IPC Server Responder] INFO  ipc.Server (Server.java:run(1512)) - IPC Server Responder: starting
2023-01-27 20:42:42,820 [IPC Server listener on 0] INFO  ipc.Server (Server.java:run(1352)) - IPC Server listener on 0: starting
2023-01-27 20:42:42,835 [org.apache.hadoop.util.JvmPauseMonitor$Monitor@62f73b0c] INFO  util.JvmPauseMonitor (JvmPauseMonitor.java:run(188)) - Starting JVM pause monitor
2023-01-27 20:42:42,865 [Listener at 0.0.0.0/36365] INFO  http.BaseHttpServer (BaseHttpServer.java:newHttpServer2BuilderForOzone(213)) - Starting Web-server for scm at: http://0.0.0.0:0
2023-01-27 20:42:42,866 [Listener at 0.0.0.0/36365] INFO  http.BaseHttpServer (BaseHttpServer.java:<init>(108)) - Hadoop Security Enabled: false Ozone Security Enabled: false Ozone HTTP Security Enabled: false 
2023-01-27 20:42:42,914 [Listener at 0.0.0.0/36365] INFO  util.log (Log.java:initialized(170)) - Logging initialized @4644ms to org.eclipse.jetty.util.log.Slf4jLog
2023-01-27 20:42:43,043 [Listener at 0.0.0.0/36365] WARN  server.AuthenticationFilter (AuthenticationFilter.java:constructSecretProvider(240)) - Unable to initialize FileSignerSecretProvider, falling back to use random secrets. Reason: Could not read signature secret file: /home/runner/hadoop-http-auth-signature-secret
2023-01-27 20:42:43,053 [Listener at 0.0.0.0/36365] WARN  http.HttpRequestLog (HttpRequestLog.java:getRequestLog(103)) - Jetty request log can only be enabled using Log4j
2023-01-27 20:42:43,062 [Listener at 0.0.0.0/36365] INFO  http.HttpServer2 (HttpServer2.java:addGlobalFilter(1031)) - Added global filter 'safety' (class=org.apache.hadoop.hdds.server.http.HttpServer2$QuotingInputFilter)
2023-01-27 20:42:43,064 [Listener at 0.0.0.0/36365] INFO  http.HttpServer2 (HttpServer2.java:addFilter(1007)) - Added filter static_user_filter (class=org.apache.hadoop.http.lib.StaticUserWebFilter$StaticUserFilter) to context scm
2023-01-27 20:42:43,064 [Listener at 0.0.0.0/36365] INFO  http.HttpServer2 (HttpServer2.java:addFilter(1015)) - Added filter static_user_filter (class=org.apache.hadoop.http.lib.StaticUserWebFilter$StaticUserFilter) to context static
2023-01-27 20:42:43,065 [Listener at 0.0.0.0/36365] INFO  http.HttpServer2 (HttpServer2.java:addFilter(1015)) - Added filter static_user_filter (class=org.apache.hadoop.http.lib.StaticUserWebFilter$StaticUserFilter) to context logs
2023-01-27 20:42:43,115 [Listener at 0.0.0.0/36365] INFO  http.HttpServer2 (HttpServer2.java:bindListener(1250)) - Jetty bound to port 42523
2023-01-27 20:42:43,124 [Listener at 0.0.0.0/36365] INFO  server.Server (Server.java:doStart(375)) - jetty-9.4.49.v20220914; built: 2022-09-14T01:07:36.601Z; git: 4231a3b2e4cb8548a412a789936d640a97b1aa0a; jvm 1.8.0_352-b08
2023-01-27 20:42:43,167 [Listener at 0.0.0.0/36365] INFO  server.session (DefaultSessionIdManager.java:doStart(334)) - DefaultSessionIdManager workerName=node0
2023-01-27 20:42:43,168 [Listener at 0.0.0.0/36365] INFO  server.session (DefaultSessionIdManager.java:doStart(339)) - No SessionScavenger set, using defaults
2023-01-27 20:42:43,169 [Listener at 0.0.0.0/36365] INFO  server.session (HouseKeeper.java:startScavenging(132)) - node0 Scavenging every 600000ms
2023-01-27 20:42:43,186 [Listener at 0.0.0.0/36365] INFO  handler.ContextHandler (ContextHandler.java:doStart(921)) - Started o.e.j.s.ServletContextHandler@2319c1e0{logs,/logs,file:///home/runner/work/ozone/ozone/hadoop-ozone/integration-test/target/log,AVAILABLE}
2023-01-27 20:42:43,187 [Listener at 0.0.0.0/36365] INFO  handler.ContextHandler (ContextHandler.java:doStart(921)) - Started o.e.j.s.ServletContextHandler@55a5eea3{static,/static,file:///home/runner/work/ozone/ozone/hadoop-ozone/integration-test/target/test-classes/webapps/static,AVAILABLE}
2023-01-27 20:42:43,246 [Listener at 0.0.0.0/36365] INFO  handler.ContextHandler (ContextHandler.java:doStart(921)) - Started o.e.j.w.WebAppContext@48dc9950{scm,/,file:///home/runner/work/ozone/ozone/hadoop-ozone/integration-test/target/test-classes/webapps/scm/,AVAILABLE}{file:/home/runner/work/ozone/ozone/hadoop-ozone/integration-test/target/test-classes/webapps/scm}
2023-01-27 20:42:43,260 [Listener at 0.0.0.0/36365] INFO  server.AbstractConnector (AbstractConnector.java:doStart(333)) - Started ServerConnector@22cce199{HTTP/1.1, (http/1.1)}{0.0.0.0:42523}
2023-01-27 20:42:43,261 [Listener at 0.0.0.0/36365] INFO  server.Server (Server.java:doStart(415)) - Started @4991ms
2023-01-27 20:42:43,264 [Listener at 0.0.0.0/36365] INFO  impl.MetricsSinkAdapter (MetricsSinkAdapter.java:start(204)) - Sink prometheus started
2023-01-27 20:42:43,264 [Listener at 0.0.0.0/36365] INFO  impl.MetricsSystemImpl (MetricsSystemImpl.java:registerSink(305)) - Registered sink prometheus
2023-01-27 20:42:43,266 [Listener at 0.0.0.0/36365] INFO  http.BaseHttpServer (BaseHttpServer.java:updateConnectorAddress(333)) - HTTP server of scm listening at http://0.0.0.0:42523
2023-01-27 20:42:43,267 [Listener at 0.0.0.0/36365] WARN  server.ServerUtils (ServerUtils.java:getDBPath(225)) - ozone.om.db.dirs is not configured. We recommend adding this setting. Falling back to ozone.metadata.dirs instead.
2023-01-27 20:42:43,352 [Listener at 0.0.0.0/36365] INFO  audit.AuditLogger (AuditLogger.java:refreshDebugCmdSet(126)) - Refresh DebugCmdSet for OMAudit to [].
2023-01-27 20:42:43,439 [Listener at 0.0.0.0/36365] INFO  ha.OMHANodeDetails (OMHANodeDetails.java:loadOMHAConfig(115)) - ozone.om.internal.service.id is not defined, falling back to ozone.om.service.ids to find serviceID for OzoneManager if it is HA enabled cluster
2023-01-27 20:42:43,444 [Listener at 0.0.0.0/36365] INFO  ha.OMHANodeDetails (OMHANodeDetails.java:loadOMHAConfig(226)) - Configuration does not have ozone.om.address set. Falling back to the default OM address /127.0.0.1:0
2023-01-27 20:42:43,444 [Listener at 0.0.0.0/36365] INFO  ha.OMHANodeDetails (OMHANodeDetails.java:getOMNodeDetailsForNonHA(254)) - OM Service ID is not set. Setting it to the default ID: omServiceIdDefault
2023-01-27 20:42:43,444 [Listener at 0.0.0.0/36365] INFO  ha.OMHANodeDetails (OMHANodeDetails.java:getOMNodeDetailsForNonHA(261)) - OM Node ID is not set. Setting it to the default ID: om1
2023-01-27 20:42:43,448 [Listener at 0.0.0.0/36365] WARN  server.ServerUtils (ServerUtils.java:getDBPath(225)) - ozone.om.db.dirs is not configured. We recommend adding this setting. Falling back to ozone.metadata.dirs instead.
2023-01-27 20:42:43,454 [Listener at 0.0.0.0/36365] INFO  upgrade.AbstractLayoutVersionManager (AbstractLayoutVersionManager.java:init(83)) - Initializing Layout version manager with metadata layout = MULTITENANCY_SCHEMA (version = 3), software layout = MULTITENANCY_SCHEMA (version = 3)
2023-01-27 20:42:43,543 [Listener at 0.0.0.0/36365] INFO  reflections.Reflections (Reflections.java:scan(232)) - Reflections took 81 ms to scan 2 urls, producing 155 keys and 428 values [using 2 cores]
2023-01-27 20:42:43,550 [Listener at 0.0.0.0/36365] INFO  upgrade.OMLayoutVersionManager (OMLayoutVersionManager.java:lambda$0(115)) - Skipping Upgrade Action MockOmUpgradeAction since it has been finalized.
2023-01-27 20:42:43,552 [Listener at 0.0.0.0/36365] WARN  server.ServerUtils (ServerUtils.java:getDBPath(225)) - ozone.om.db.dirs is not configured. We recommend adding this setting. Falling back to ozone.metadata.dirs instead.
2023-01-27 20:42:43,763 [Listener at 0.0.0.0/36365] INFO  proxy.SCMBlockLocationFailoverProxyProvider (SCMBlockLocationFailoverProxyProvider.java:<init>(114)) - Created block location fail-over proxy with 1 nodes: [nodeId=scmNodeId,nodeAddress=/0.0.0.0:35815]
2023-01-27 20:42:43,799 [Listener at 0.0.0.0/36365] INFO  proxy.SCMBlockLocationFailoverProxyProvider (SCMBlockLocationFailoverProxyProvider.java:<init>(114)) - Created block location fail-over proxy with 1 nodes: [nodeId=scmNodeId,nodeAddress=/0.0.0.0:35815]
2023-01-27 20:42:44,024 | INFO  | SCMAudit | user=runner | ip=10.1.1.6 | op=GET_SCM_INFO null | ret=SUCCESS |  
2023-01-27 20:42:44,052 [Listener at 0.0.0.0/36365] WARN  server.ServerUtils (ServerUtils.java:getDBPath(225)) - ozone.om.db.dirs is not configured. We recommend adding this setting. Falling back to ozone.metadata.dirs instead.
2023-01-27 20:42:44,059 [Listener at 0.0.0.0/36365] INFO  codec.OmKeyInfoCodec (OmKeyInfoCodec.java:<init>(49)) - OmKeyInfoCodec ignorePipeline = true
2023-01-27 20:42:44,061 [Listener at 0.0.0.0/36365] INFO  codec.RepeatedOmKeyInfoCodec (RepeatedOmKeyInfoCodec.java:<init>(41)) - RepeatedOmKeyInfoCodec ignorePipeline = true
2023-01-27 20:42:44,294 [Listener at 0.0.0.0/36365] INFO  om.OzoneManager (OzoneManager.java:instantiateServices(728)) - S3 Multi-Tenancy is disabled
2023-01-27 20:42:44,381 [Listener at 0.0.0.0/36365] INFO  om.OzoneManager (OzoneManager.java:addS3GVolumeToDB(4320)) - Created Volume s3v With Owner runner required for S3Gateway operations.
2023-01-27 20:42:44,443 [Listener at 0.0.0.0/36365] WARN  server.ServerUtils (ServerUtils.java:getDefaultRatisDirectory(237)) - Storage directory for Ratis is not configured. It is a good idea to map this to an SSD disk. Falling back to ozone.metadata.dirs
2023-01-27 20:42:44,444 [Listener at 0.0.0.0/36365] WARN  utils.OzoneManagerRatisUtils (OzoneManagerRatisUtils.java:getOMRatisSnapshotDirectory(431)) - ozone.om.ratis.snapshot.dir is not configured. Falling back to ozone.metadata.dirs config
2023-01-27 20:42:44,462 [Listener at 0.0.0.0/36365] WARN  server.ServerUtils (ServerUtils.java:getDefaultRatisDirectory(237)) - Storage directory for Ratis is not configured. It is a good idea to map this to an SSD disk. Falling back to ozone.metadata.dirs
2023-01-27 20:42:44,501 [Listener at 0.0.0.0/36365] INFO  ratis.OzoneManagerRatisServer (OzoneManagerRatisServer.java:<init>(160)) - Instantiating OM Ratis server with groupID: omServiceIdDefault and peers: localhost:9872
2023-01-27 20:42:44,510 [Listener at 0.0.0.0/36365] INFO  ratis.OzoneManagerStateMachine (OzoneManagerStateMachine.java:loadSnapshotInfoFromDB(636)) - LastAppliedIndex is set from TransactionInfo from OM DB as (t:0, i:~)
2023-01-27 20:42:44,565 [Listener at 0.0.0.0/36365] INFO  server.RaftServer (ConfUtils.java:logGet(46)) - raft.rpc.type = GRPC (default)
2023-01-27 20:42:44,642 [Listener at 0.0.0.0/36365] INFO  grpc.GrpcConfigKeys (ConfUtils.java:logFallback(53)) - raft.grpc.admin.host = null (fallback to raft.grpc.server.host)
2023-01-27 20:42:44,644 [Listener at 0.0.0.0/36365] INFO  grpc.GrpcConfigKeys (ConfUtils.java:logFallback(53)) - raft.grpc.admin.port = 9872 (fallback to raft.grpc.server.port)
2023-01-27 20:42:44,645 [Listener at 0.0.0.0/36365] INFO  grpc.GrpcConfigKeys (ConfUtils.java:logFallback(53)) - raft.grpc.client.host = null (fallback to raft.grpc.server.host)
2023-01-27 20:42:44,645 [Listener at 0.0.0.0/36365] INFO  grpc.GrpcConfigKeys (ConfUtils.java:logFallback(53)) - raft.grpc.client.port = 9872 (fallback to raft.grpc.server.port)
2023-01-27 20:42:44,645 [Listener at 0.0.0.0/36365] INFO  grpc.GrpcConfigKeys (ConfUtils.java:logGet(46)) - raft.grpc.server.host = null (default)
2023-01-27 20:42:44,646 [Listener at 0.0.0.0/36365] INFO  grpc.GrpcConfigKeys (ConfUtils.java:logGet(46)) - raft.grpc.server.port = 9872 (custom)
2023-01-27 20:42:44,646 [Listener at 0.0.0.0/36365] INFO  server.GrpcService (ConfUtils.java:logGet(46)) - raft.grpc.message.size.max = 33554432 (custom)
2023-01-27 20:42:44,648 [Listener at 0.0.0.0/36365] INFO  server.RaftServerConfigKeys (ConfUtils.java:logGet(46)) - raft.server.log.appender.buffer.byte-limit = 33554432 (custom)
2023-01-27 20:42:44,648 [Listener at 0.0.0.0/36365] INFO  server.GrpcService (ConfUtils.java:logGet(46)) - raft.grpc.flow.control.window = 1MB (=1048576) (default)
2023-01-27 20:42:44,649 [Listener at 0.0.0.0/36365] INFO  server.RaftServerConfigKeys (ConfUtils.java:logGet(46)) - raft.server.rpc.request.timeout = 3000ms (default)
2023-01-27 20:42:44,662 [Listener at 0.0.0.0/36365] INFO  grpc.GrpcConfigKeys (ConfUtils.java:logGet(46)) - raft.grpc.server.heartbeat.channel = true (default)
2023-01-27 20:42:44,665 [Listener at 0.0.0.0/36365] INFO  grpc.GrpcConfigKeys (ConfUtils.java:logGet(46)) - raft.grpc.server.async.request.thread.pool.cached = true (default)
2023-01-27 20:42:44,666 [Listener at 0.0.0.0/36365] INFO  grpc.GrpcConfigKeys (ConfUtils.java:logGet(46)) - raft.grpc.server.async.request.thread.pool.size = 32 (default)
2023-01-27 20:42:44,899 [Listener at 0.0.0.0/36365] INFO  impl.DataStreamServerImpl (ConfUtils.java:logGet(46)) - raft.datastream.type = NETTY (custom)
2023-01-27 20:42:44,921 [Listener at 0.0.0.0/36365] INFO  server.RaftServerConfigKeys (ConfUtils.java:logGet(46)) - raft.server.data-stream.async.request.thread.pool.cached = false (default)
2023-01-27 20:42:44,921 [Listener at 0.0.0.0/36365] INFO  server.RaftServerConfigKeys (ConfUtils.java:logGet(46)) - raft.server.data-stream.async.request.thread.pool.size = 32 (default)
2023-01-27 20:42:44,922 [Listener at 0.0.0.0/36365] INFO  server.RaftServerConfigKeys (ConfUtils.java:logGet(46)) - raft.server.data-stream.async.write.thread.pool.size = 16 (default)
2023-01-27 20:42:44,923 [Listener at 0.0.0.0/36365] INFO  server.RaftServerConfigKeys (ConfUtils.java:logGet(46)) - raft.server.data-stream.client.pool.size = 10 (default)
2023-01-27 20:42:44,927 [Listener at 0.0.0.0/36365] INFO  netty.NettyConfigKeys$DataStream (ConfUtils.java:logGet(46)) - raft.netty.dataStream.server.use-epoll = false (default)
2023-01-27 20:42:44,927 [Listener at 0.0.0.0/36365] INFO  netty.NettyConfigKeys$DataStream (ConfUtils.java:logGet(46)) - raft.netty.dataStream.server.boss-group.size = 0 (default)
2023-01-27 20:42:44,933 [Listener at 0.0.0.0/36365] INFO  netty.NettyConfigKeys$DataStream (ConfUtils.java:logGet(46)) - raft.netty.dataStream.server.worker-group.size = 0 (default)
2023-01-27 20:42:44,934 [Listener at 0.0.0.0/36365] INFO  netty.NettyConfigKeys$DataStream (ConfUtils.java:logGet(46)) - raft.netty.dataStream.server.tls.conf = null (default)
2023-01-27 20:42:44,936 [Listener at 0.0.0.0/36365] INFO  netty.NettyConfigKeys$DataStream (ConfUtils.java:logGet(46)) - raft.netty.dataStream.host = null (default)
2023-01-27 20:42:44,936 [Listener at 0.0.0.0/36365] INFO  netty.NettyConfigKeys$DataStream (ConfUtils.java:logGet(46)) - raft.netty.dataStream.port = 0 (default)
2023-01-27 20:42:44,975 [Listener at 0.0.0.0/36365] INFO  server.RaftServerConfigKeys (ConfUtils.java:logGet(46)) - raft.server.threadpool.proxy.cached = true (default)
2023-01-27 20:42:44,975 [Listener at 0.0.0.0/36365] INFO  server.RaftServerConfigKeys (ConfUtils.java:logGet(46)) - raft.server.threadpool.proxy.size = 0 (default)
2023-01-27 20:42:44,975 [Listener at 0.0.0.0/36365] INFO  server.RaftServerConfigKeys (ConfUtils.java:logGet(46)) - raft.server.rpc.slowness.timeout = 120s (custom)
2023-01-27 20:42:44,976 [Listener at 0.0.0.0/36365] INFO  server.RaftServerConfigKeys (ConfUtils.java:logGet(46)) - raft.server.leaderelection.leader.step-down.wait-time = 10s (default)
2023-01-27 20:42:44,979 [Listener at 0.0.0.0/36365] INFO  server.RaftServerConfigKeys (ConfUtils.java:logGet(46)) - raft.server.storage.dir = [/home/runner/work/ozone/ozone/hadoop-ozone/integration-test/target/test-dir/MiniOzoneClusterImpl-befcc403-3179-4e75-bf53-7b17c2548d34/ozone-meta/ratis] (custom)
2023-01-27 20:42:44,998 [om1-NettyServerStreamRpc-bossGroup--thread1] INFO  logging.LoggingHandler (AbstractInternalLogger.java:log(148)) - [id: 0x299e69bc] REGISTERED
2023-01-27 20:42:44,999 [om1-NettyServerStreamRpc-bossGroup--thread1] INFO  logging.LoggingHandler (AbstractInternalLogger.java:log(148)) - [id: 0x299e69bc] BIND: 0.0.0.0/0.0.0.0:0
2023-01-27 20:42:45,008 [Listener at 0.0.0.0/36365] INFO  server.RaftServer (RaftServerProxy.java:addNew(96)) - om1: addNew group-C5BA1605619E:[om1|rpc:localhost:9872|priority:0|startupRole:FOLLOWER] returns group-C5BA1605619E:java.util.concurrent.CompletableFuture@401516ad[Not completed]
2023-01-27 20:42:45,008 [Listener at 0.0.0.0/36365] INFO  om.OzoneManager (OzoneManager.java:initializeRatisServer(2012)) - OzoneManager Ratis server initialized at port 9872
2023-01-27 20:42:45,015 [om1-NettyServerStreamRpc-bossGroup--thread1] INFO  logging.LoggingHandler (AbstractInternalLogger.java:log(148)) - [id: 0x299e69bc, L:/0:0:0:0:0:0:0:0:43665] ACTIVE
2023-01-27 20:42:45,030 [Listener at 0.0.0.0/36365] INFO  om.OzoneManager (OzoneManager.java:getRpcServer(1135)) - Creating RPC Server
2023-01-27 20:42:45,040 [pool-54-thread-1] INFO  server.RaftServer$Division (RaftServerImpl.java:<init>(195)) - om1: new RaftServerImpl for group-C5BA1605619E:[om1|rpc:localhost:9872|priority:0|startupRole:FOLLOWER] with OzoneManagerStateMachine:uninitialized
2023-01-27 20:42:45,046 [pool-54-thread-1] INFO  server.RaftServerConfigKeys (ConfUtils.java:logGet(46)) - raft.server.rpc.timeout.min = 1s (custom)
2023-01-27 20:42:45,046 [pool-54-thread-1] INFO  server.RaftServerConfigKeys (ConfUtils.java:logGet(46)) - raft.server.rpc.timeout.max = 1200ms (custom)
2023-01-27 20:42:45,046 [pool-54-thread-1] INFO  server.RaftServerConfigKeys (ConfUtils.java:logGet(46)) - raft.server.rpc.sleep.time = 25ms (default)
2023-01-27 20:42:45,046 [pool-54-thread-1] INFO  server.RaftServerConfigKeys (ConfUtils.java:logGet(46)) - raft.server.rpc.slowness.timeout = 120s (custom)
2023-01-27 20:42:45,047 [pool-54-thread-1] INFO  server.RaftServerConfigKeys (ConfUtils.java:logGet(46)) - raft.server.leaderelection.leader.step-down.wait-time = 10s (default)
2023-01-27 20:42:45,048 [pool-54-thread-1] INFO  server.RaftServerConfigKeys (ConfUtils.java:logGet(46)) - raft.server.sleep.deviation.threshold = 300ms (default)
2023-01-27 20:42:45,068 [pool-54-thread-1] INFO  server.RaftServer$Division (ServerState.java:<init>(118)) - om1@group-C5BA1605619E: ConfigurationManager, init=-1: peers:[om1|rpc:localhost:9872|priority:0|startupRole:FOLLOWER]|listeners:[], old=null, confs=<EMPTY_MAP>
2023-01-27 20:42:45,069 [pool-54-thread-1] INFO  server.RaftServerConfigKeys (ConfUtils.java:logGet(46)) - raft.server.storage.dir = [/home/runner/work/ozone/ozone/hadoop-ozone/integration-test/target/test-dir/MiniOzoneClusterImpl-befcc403-3179-4e75-bf53-7b17c2548d34/ozone-meta/ratis] (custom)
2023-01-27 20:42:45,083 [pool-54-thread-1] INFO  server.RaftServerConfigKeys (ConfUtils.java:logGet(46)) - raft.server.log.corruption.policy = EXCEPTION (default)
2023-01-27 20:42:45,085 [pool-54-thread-1] INFO  server.RaftServerConfigKeys (ConfUtils.java:logGet(46)) - raft.server.storage.free-space.min = 0MB (=0) (default)
2023-01-27 20:42:45,108 [pool-54-thread-1] INFO  server.RaftServerConfigKeys (ConfUtils.java:logGet(46)) - raft.server.notification.no-leader.timeout = 120s (custom)
2023-01-27 20:42:45,117 [pool-54-thread-1] INFO  server.RaftServerConfigKeys (ConfUtils.java:logGet(46)) - raft.server.retrycache.expirytime = 300s (custom)
2023-01-27 20:42:45,118 [pool-54-thread-1] INFO  server.RaftServerConfigKeys (ConfUtils.java:logGet(46)) - raft.server.retrycache.statistics.expirytime = 100μs (default)
2023-01-27 20:42:45,262 [pool-54-thread-1] INFO  server.RaftServerConfigKeys (ConfUtils.java:logGet(46)) - raft.server.log.appender.install.snapshot.enabled = false (custom)
2023-01-27 20:42:45,263 [pool-54-thread-1] INFO  server.RaftServerConfigKeys (ConfUtils.java:logGet(46)) - raft.server.threadpool.server.cached = true (default)
2023-01-27 20:42:45,263 [pool-54-thread-1] INFO  server.RaftServerConfigKeys (ConfUtils.java:logGet(46)) - raft.server.threadpool.server.size = 0 (default)
2023-01-27 20:42:45,263 [pool-54-thread-1] INFO  server.RaftServerConfigKeys (ConfUtils.java:logGet(46)) - raft.server.threadpool.client.cached = true (default)
2023-01-27 20:42:45,276 [pool-54-thread-1] INFO  server.RaftServerConfigKeys (ConfUtils.java:logGet(46)) - raft.server.threadpool.client.size = 0 (default)
2023-01-27 20:42:45,808 [Listener at 0.0.0.0/36365] INFO  reflections.Reflections (Reflections.java:scan(232)) - Reflections took 678 ms to scan 19 urls, producing 67 keys and 4593 values [using 2 cores]
2023-01-27 20:42:46,226 [Listener at 0.0.0.0/36365] INFO  ipc.CallQueueManager (CallQueueManager.java:<init>(90)) - Using callQueue: class java.util.concurrent.LinkedBlockingQueue, queueCapacity: 2000, scheduler: class org.apache.hadoop.ipc.DefaultRpcScheduler, ipcBackoff: false.
2023-01-27 20:42:46,227 [Socket Reader #1 for port 0] INFO  ipc.Server (Server.java:run(1273)) - Starting Socket Reader #1 for port 0
2023-01-27 20:42:46,256 [Listener at 127.0.0.1/46267] INFO  impl.MetricsSystemImpl (MetricsSystemImpl.java:init(158)) - OzoneManager metrics system started (again)
2023-01-27 20:42:46,269 [Listener at 127.0.0.1/46267] INFO  om.OzoneManager (OzoneManager.java:start(1519)) - OzoneManager RPC server is listening at localhost/127.0.0.1:46267
2023-01-27 20:42:46,270 [Listener at 127.0.0.1/46267] INFO  ratis.OzoneManagerRatisServer (OzoneManagerRatisServer.java:start(555)) - Starting OzoneManagerRatisServer om1 at port 9872
2023-01-27 20:42:46,272 [om1-impl-thread1] INFO  storage.RaftStorageDirectory (RaftStorageDirectoryImpl.java:analyzeStorage(137)) - The storage directory /home/runner/work/ozone/ozone/hadoop-ozone/integration-test/target/test-dir/MiniOzoneClusterImpl-befcc403-3179-4e75-bf53-7b17c2548d34/ozone-meta/ratis/bf265839-605b-3f16-9796-c5ba1605619e does not exist. Creating ...
2023-01-27 20:42:46,277 [om1-impl-thread1] INFO  storage.RaftStorageDirectory (RaftStorageDirectoryImpl.java:tryLock(231)) - Lock on /home/runner/work/ozone/ozone/hadoop-ozone/integration-test/target/test-dir/MiniOzoneClusterImpl-befcc403-3179-4e75-bf53-7b17c2548d34/ozone-meta/ratis/bf265839-605b-3f16-9796-c5ba1605619e/in_use.lock acquired by nodename 48024@fv-az399-583
2023-01-27 20:42:46,284 [om1-impl-thread1] INFO  storage.RaftStorage (RaftStorageImpl.java:format(96)) - Storage directory /home/runner/work/ozone/ozone/hadoop-ozone/integration-test/target/test-dir/MiniOzoneClusterImpl-befcc403-3179-4e75-bf53-7b17c2548d34/ozone-meta/ratis/bf265839-605b-3f16-9796-c5ba1605619e has been successfully formatted.
2023-01-27 20:42:46,288 [om1-impl-thread1] INFO  server.RaftServerConfigKeys (ConfUtils.java:logGet(46)) - raft.server.log.use.memory = false (default)
2023-01-27 20:42:46,296 [om1-impl-thread1] INFO  server.RaftServerConfigKeys (ConfUtils.java:logGet(46)) - raft.server.log.purge.gap = 1000000 (custom)
2023-01-27 20:42:46,296 [om1-impl-thread1] INFO  server.RaftServerConfigKeys (ConfUtils.java:logGet(46)) - raft.server.log.appender.buffer.byte-limit = 33554432 (custom)
2023-01-27 20:42:46,298 [om1-impl-thread1] INFO  server.RaftServerConfigKeys (ConfUtils.java:logGet(46)) - raft.server.log.statemachine.data.read.timeout = 1000ms (default)
2023-01-27 20:42:46,299 [om1-impl-thread1] INFO  server.RaftServerConfigKeys (ConfUtils.java:logGet(46)) - raft.server.log.purge.preservation.log.num = 0 (default)
2023-01-27 20:42:46,301 [om1-impl-thread1] INFO  server.RaftServerConfigKeys (ConfUtils.java:logGet(46)) - raft.server.log.segment.size.max = 4194304 (custom)
2023-01-27 20:42:46,307 [om1-impl-thread1] INFO  server.RaftServerConfigKeys (ConfUtils.java:logGet(46)) - raft.server.log.segment.cache.num.max = 2 (custom)
2023-01-27 20:42:46,307 [om1-impl-thread1] INFO  server.RaftServerConfigKeys (ConfUtils.java:logGet(46)) - raft.server.log.segment.cache.size.max = 200MB (=209715200) (default)
2023-01-27 20:42:46,313 [om1-impl-thread1] INFO  segmented.SegmentedRaftLogWorker (SegmentedRaftLogWorker.java:<init>(189)) - new om1@group-C5BA1605619E-SegmentedRaftLogWorker for RaftStorageImpl:Storage Directory /home/runner/work/ozone/ozone/hadoop-ozone/integration-test/target/test-dir/MiniOzoneClusterImpl-befcc403-3179-4e75-bf53-7b17c2548d34/ozone-meta/ratis/bf265839-605b-3f16-9796-c5ba1605619e
2023-01-27 20:42:46,314 [om1-impl-thread1] INFO  server.RaftServerConfigKeys (ConfUtils.java:logGet(46)) - raft.server.log.queue.byte-limit = 64MB (=67108864) (default)
2023-01-27 20:42:46,314 [om1-impl-thread1] INFO  server.RaftServerConfigKeys (ConfUtils.java:logGet(46)) - raft.server.log.queue.element-limit = 4096 (default)
2023-01-27 20:42:46,315 [om1-impl-thread1] INFO  server.RaftServerConfigKeys (ConfUtils.java:logGet(46)) - raft.server.log.segment.size.max = 4194304 (custom)
2023-01-27 20:42:46,316 [om1-impl-thread1] INFO  server.RaftServerConfigKeys (ConfUtils.java:logGet(46)) - raft.server.log.preallocated.size = 4194304 (custom)
2023-01-27 20:42:46,316 [om1-impl-thread1] INFO  server.RaftServerConfigKeys (ConfUtils.java:logGet(46)) - raft.server.log.force.sync.num = 128 (default)
2023-01-27 20:42:46,318 [om1-impl-thread1] INFO  server.RaftServerConfigKeys (ConfUtils.java:logGet(46)) - raft.server.log.statemachine.data.sync = true (default)
2023-01-27 20:42:46,318 [om1-impl-thread1] INFO  server.RaftServerConfigKeys (ConfUtils.java:logGet(46)) - raft.server.log.statemachine.data.sync.timeout = 10s (default)
2023-01-27 20:42:46,318 [om1-impl-thread1] INFO  server.RaftServerConfigKeys (ConfUtils.java:logGet(46)) - raft.server.log.statemachine.data.sync.timeout.retry = -1 (default)
2023-01-27 20:42:46,328 [om1-impl-thread1] INFO  server.RaftServerConfigKeys (ConfUtils.java:logGet(46)) - raft.server.log.write.buffer.size = 64KB (=65536) (default)
2023-01-27 20:42:46,328 [om1-impl-thread1] INFO  server.RaftServerConfigKeys (ConfUtils.java:logGet(46)) - raft.server.log.appender.buffer.byte-limit = 33554432 (custom)
2023-01-27 20:42:46,334 [om1-impl-thread1] INFO  server.RaftServerConfigKeys (ConfUtils.java:logGet(46)) - raft.server.log.unsafe-flush.enabled = false (default)
2023-01-27 20:42:46,334 [om1-impl-thread1] INFO  server.RaftServerConfigKeys (ConfUtils.java:logGet(46)) - raft.server.log.async-flush.enabled = false (default)
2023-01-27 20:42:46,335 [om1-impl-thread1] INFO  server.RaftServerConfigKeys (ConfUtils.java:logGet(46)) - raft.server.log.statemachine.data.caching.enabled = false (default)
2023-01-27 20:42:46,342 [om1-impl-thread1] INFO  segmented.SegmentedRaftLogWorker (SegmentedRaftLogWorker.java:lambda$new$0(135)) - om1@group-C5BA1605619E-SegmentedRaftLogWorker: flushIndex: setUnconditionally 0 -> -1
2023-01-27 20:42:46,342 [om1-impl-thread1] INFO  segmented.SegmentedRaftLogWorker (SegmentedRaftLogWorker.java:lambda$new$0(135)) - om1@group-C5BA1605619E-SegmentedRaftLogWorker: safeCacheEvictIndex: setUnconditionally 0 -> -1
2023-01-27 20:42:46,344 [om1-impl-thread1] INFO  server.RaftServer$Division (RaftServerImpl.java:start(334)) - om1@group-C5BA1605619E: start as a follower, conf=-1: peers:[om1|rpc:localhost:9872|priority:0|startupRole:FOLLOWER]|listeners:[], old=null
2023-01-27 20:42:46,344 [om1-impl-thread1] INFO  server.RaftServer$Division (RaftServerImpl.java:setRole(321)) - om1@group-C5BA1605619E: changes role from      null to FOLLOWER at term 0 for startAsFollower
2023-01-27 20:42:46,346 [om1-impl-thread1] INFO  impl.RoleInfo (RoleInfo.java:updateAndGet(139)) - om1: start om1@group-C5BA1605619E-FollowerState
2023-01-27 20:42:46,348 [om1-impl-thread1] INFO  util.JmxRegister (JmxRegister.java:tryRegister(44)) - Successfully registered JMX Bean with object name Ratis:service=RaftServer,group=group-C5BA1605619E,id=om1
2023-01-27 20:42:46,350 [om1-impl-thread1] INFO  server.RaftServerConfigKeys (ConfUtils.java:logGet(46)) - raft.server.snapshot.auto.trigger.enabled = true (custom)
2023-01-27 20:42:46,350 [om1-impl-thread1] INFO  server.RaftServerConfigKeys (ConfUtils.java:logGet(46)) - raft.server.snapshot.auto.trigger.threshold = 400000 (default)
2023-01-27 20:42:46,351 [om1-impl-thread1] INFO  server.RaftServerConfigKeys (ConfUtils.java:logGet(46)) - raft.server.snapshot.retention.file.num = -1 (default)
2023-01-27 20:42:46,351 [om1-impl-thread1] INFO  server.RaftServerConfigKeys (ConfUtils.java:logGet(46)) - raft.server.log.purge.upto.snapshot.index = true (custom)
2023-01-27 20:42:46,355 [om1@group-C5BA1605619E-FollowerState] INFO  server.RaftServerConfigKeys (ConfUtils.java:logFallback(53)) - raft.server.rpc.first-election.timeout.min = 1s (fallback to raft.server.rpc.timeout.min)
2023-01-27 20:42:46,356 [om1@group-C5BA1605619E-FollowerState] INFO  server.RaftServerConfigKeys (ConfUtils.java:logFallback(53)) - raft.server.rpc.first-election.timeout.max = 1200ms (fallback to raft.server.rpc.timeout.max)
2023-01-27 20:42:46,357 [Listener at 127.0.0.1/46267] INFO  server.RaftServer (RaftServerProxy.java:startImpl(393)) - om1: start RPC server
2023-01-27 20:42:46,370 [Listener at 127.0.0.1/46267] INFO  server.GrpcService (GrpcService.java:startImpl(262)) - om1: GrpcService started, listening on 9872
2023-01-27 20:42:46,371 [Listener at 127.0.0.1/46267] INFO  om.OzoneManager (OzoneManager.java:start(1535)) - Version File has different layout version (3) than OM DB (null). That is expected if this OM has never been finalized to a newer layout version.
2023-01-27 20:42:46,373 [JvmPauseMonitor0] INFO  util.JvmPauseMonitor (JvmPauseMonitor.java:run(105)) - JvmPauseMonitor-om1: Started
2023-01-27 20:42:46,391 [Listener at 127.0.0.1/46267] INFO  http.BaseHttpServer (BaseHttpServer.java:newHttpServer2BuilderForOzone(213)) - Starting Web-server for ozoneManager at: http://0.0.0.0:0
2023-01-27 20:42:46,391 [Listener at 127.0.0.1/46267] INFO  http.BaseHttpServer (BaseHttpServer.java:<init>(108)) - Hadoop Security Enabled: false Ozone Security Enabled: false Ozone HTTP Security Enabled: false 
2023-01-27 20:42:46,392 [Listener at 127.0.0.1/46267] WARN  server.AuthenticationFilter (AuthenticationFilter.java:constructSecretProvider(240)) - Unable to initialize FileSignerSecretProvider, falling back to use random secrets. Reason: Could not read signature secret file: /home/runner/hadoop-http-auth-signature-secret
2023-01-27 20:42:46,395 [Listener at 127.0.0.1/46267] WARN  http.HttpRequestLog (HttpRequestLog.java:getRequestLog(103)) - Jetty request log can only be enabled using Log4j
2023-01-27 20:42:46,396 [Listener at 127.0.0.1/46267] INFO  http.HttpServer2 (HttpServer2.java:addGlobalFilter(1031)) - Added global filter 'safety' (class=org.apache.hadoop.hdds.server.http.HttpServer2$QuotingInputFilter)
2023-01-27 20:42:46,397 [Listener at 127.0.0.1/46267] INFO  http.HttpServer2 (HttpServer2.java:addFilter(1007)) - Added filter static_user_filter (class=org.apache.hadoop.http.lib.StaticUserWebFilter$StaticUserFilter) to context ozoneManager
2023-01-27 20:42:46,397 [Listener at 127.0.0.1/46267] INFO  http.HttpServer2 (HttpServer2.java:addFilter(1015)) - Added filter static_user_filter (class=org.apache.hadoop.http.lib.StaticUserWebFilter$StaticUserFilter) to context logs
2023-01-27 20:42:46,397 [Listener at 127.0.0.1/46267] INFO  http.HttpServer2 (HttpServer2.java:addFilter(1015)) - Added filter static_user_filter (class=org.apache.hadoop.http.lib.StaticUserWebFilter$StaticUserFilter) to context static
2023-01-27 20:42:46,406 [Listener at 127.0.0.1/46267] INFO  http.HttpServer2 (HttpServer2.java:bindListener(1250)) - Jetty bound to port 46445
2023-01-27 20:42:46,407 [Listener at 127.0.0.1/46267] INFO  server.Server (Server.java:doStart(375)) - jetty-9.4.49.v20220914; built: 2022-09-14T01:07:36.601Z; git: 4231a3b2e4cb8548a412a789936d640a97b1aa0a; jvm 1.8.0_352-b08
2023-01-27 20:42:46,416 [Listener at 127.0.0.1/46267] INFO  server.session (DefaultSessionIdManager.java:doStart(334)) - DefaultSessionIdManager workerName=node0
2023-01-27 20:42:46,416 [Listener at 127.0.0.1/46267] INFO  server.session (DefaultSessionIdManager.java:doStart(339)) - No SessionScavenger set, using defaults
2023-01-27 20:42:46,416 [Listener at 127.0.0.1/46267] INFO  server.session (HouseKeeper.java:startScavenging(132)) - node0 Scavenging every 660000ms
2023-01-27 20:42:46,417 [Listener at 127.0.0.1/46267] INFO  handler.ContextHandler (ContextHandler.java:doStart(921)) - Started o.e.j.s.ServletContextHandler@431147cb{logs,/logs,file:///home/runner/work/ozone/ozone/hadoop-ozone/integration-test/target/log,AVAILABLE}
2023-01-27 20:42:46,418 [Listener at 127.0.0.1/46267] INFO  handler.ContextHandler (ContextHandler.java:doStart(921)) - Started o.e.j.s.ServletContextHandler@77416c1f{static,/static,file:///home/runner/work/ozone/ozone/hadoop-ozone/integration-test/target/test-classes/webapps/static,AVAILABLE}
2023-01-27 20:42:46,421 [Listener at 127.0.0.1/46267] INFO  handler.ContextHandler (ContextHandler.java:doStart(921)) - Started o.e.j.w.WebAppContext@2165fcfa{ozoneManager,/,file:///home/runner/work/ozone/ozone/hadoop-ozone/integration-test/target/test-classes/webapps/ozoneManager/,AVAILABLE}{file:/home/runner/work/ozone/ozone/hadoop-ozone/integration-test/target/test-classes/webapps/ozoneManager}
2023-01-27 20:42:46,427 [Listener at 127.0.0.1/46267] INFO  server.AbstractConnector (AbstractConnector.java:doStart(333)) - Started ServerConnector@30817a0f{HTTP/1.1, (http/1.1)}{0.0.0.0:46445}
2023-01-27 20:42:46,427 [Listener at 127.0.0.1/46267] INFO  server.Server (Server.java:doStart(415)) - Started @8157ms
2023-01-27 20:42:46,427 [Listener at 127.0.0.1/46267] WARN  impl.MetricsSystemImpl (MetricsSystemImpl.java:register(279)) - Sink prometheus already exists!
2023-01-27 20:42:46,428 [Listener at 127.0.0.1/46267] INFO  http.BaseHttpServer (BaseHttpServer.java:updateConnectorAddress(333)) - HTTP server of ozoneManager listening at http://0.0.0.0:46445
2023-01-27 20:42:46,428 [IPC Server Responder] INFO  ipc.Server (Server.java:run(1512)) - IPC Server Responder: starting
2023-01-27 20:42:46,428 [IPC Server listener on 0] INFO  ipc.Server (Server.java:run(1352)) - IPC Server listener on 0: starting
2023-01-27 20:42:46,431 [Listener at 127.0.0.1/46267] INFO  om.OzoneManager (OzoneManager.java:startTrashEmptier(1956)) - Trash Interval set to 0. Files deleted won't move to trash
2023-01-27 20:42:46,443 [org.apache.hadoop.util.JvmPauseMonitor$Monitor@51989892] INFO  util.JvmPauseMonitor (JvmPauseMonitor.java:run(188)) - Starting JVM pause monitor
2023-01-27 20:42:46,558 [Listener at 127.0.0.1/46267] WARN  impl.MetricRegistriesImpl (MetricRegistriesImpl.java:addReporterRegistration(111)) - New reporters are added after registries were created. Some metrics will be missing from the reporter. Please add reporter before adding any new registry.
2023-01-27 20:42:46,558 [Listener at 127.0.0.1/46267] WARN  impl.MetricRegistriesImpl (MetricRegistriesImpl.java:addReporterRegistration(111)) - New reporters are added after registries were created. Some metrics will be missing from the reporter. Please add reporter before adding any new registry.
2023-01-27 20:42:46,558 [Listener at 127.0.0.1/46267] INFO  impl.MetricsSystemImpl (MetricsSystemImpl.java:init(158)) - HddsDatanode metrics system started (again)
2023-01-27 20:42:46,577 [Listener at 127.0.0.1/46267] INFO  ozone.HddsDatanodeService (HddsDatanodeService.java:start(228)) - HddsDatanodeService host:fv-az399-583.4urtqdmtpd2erju50p4tzyn2ng.bx.internal.cloudapp.net ip:10.1.1.6
2023-01-27 20:42:46,627 [Listener at 127.0.0.1/46267] INFO  upgrade.AbstractLayoutVersionManager (AbstractLayoutVersionManager.java:init(83)) - Initializing Layout version manager with metadata layout = DATANODE_SCHEMA_V3 (version = 4), software layout = DATANODE_SCHEMA_V3 (version = 4)
2023-01-27 20:42:46,680 [Listener at 127.0.0.1/46267] INFO  reflections.Reflections (Reflections.java:scan(232)) - Reflections took 50 ms to scan 7 urls, producing 148 keys and 357 values 
2023-01-27 20:42:46,689 [Listener at 127.0.0.1/46267] INFO  statemachine.DatanodeStateMachine (DatanodeStateMachine.java:getEndPointTaskThreadPoolSize(259)) - Datanode State Machine Task Thread Pool size 2
2023-01-27 20:42:46,767 [Listener at 127.0.0.1/46267] INFO  volume.HddsVolume (HddsVolume.java:<init>(117)) - Creating HddsVolume: /home/runner/work/ozone/ozone/hadoop-ozone/integration-test/target/test-dir/MiniOzoneClusterImpl-befcc403-3179-4e75-bf53-7b17c2548d34/datanode-0/data-0/containers/hdds of storage type : DISK capacity : 9223372036854775807
2023-01-27 20:42:46,770 [Listener at 127.0.0.1/46267] INFO  volume.MutableVolumeSet (MutableVolumeSet.java:initializeVolumeSet(174)) - Added Volume : /home/runner/work/ozone/ozone/hadoop-ozone/integration-test/target/test-dir/MiniOzoneClusterImpl-befcc403-3179-4e75-bf53-7b17c2548d34/datanode-0/data-0/containers/hdds to VolumeSet
2023-01-27 20:42:46,771 [Listener at 127.0.0.1/46267] INFO  volume.ThrottledAsyncChecker (ThrottledAsyncChecker.java:schedule(141)) - Scheduling a check for /home/runner/work/ozone/ozone/hadoop-ozone/integration-test/target/test-dir/MiniOzoneClusterImpl-befcc403-3179-4e75-bf53-7b17c2548d34/datanode-0/data-0/containers/hdds
2023-01-27 20:42:46,793 [Listener at 127.0.0.1/46267] INFO  volume.StorageVolumeChecker (StorageVolumeChecker.java:checkAllVolumes(202)) - Scheduled health check for volume /home/runner/work/ozone/ozone/hadoop-ozone/integration-test/target/test-dir/MiniOzoneClusterImpl-befcc403-3179-4e75-bf53-7b17c2548d34/datanode-0/data-0/containers/hdds
2023-01-27 20:42:46,813 [Listener at 127.0.0.1/46267] INFO  volume.MutableVolumeSet (MutableVolumeSet.java:initializeVolumeSet(174)) - Added Volume : /home/runner/work/ozone/ozone/hadoop-ozone/integration-test/target/test-dir/MiniOzoneClusterImpl-befcc403-3179-4e75-bf53-7b17c2548d34/datanode-0/data/ratis to VolumeSet
2023-01-27 20:42:46,813 [Listener at 127.0.0.1/46267] INFO  volume.ThrottledAsyncChecker (ThrottledAsyncChecker.java:schedule(141)) - Scheduling a check for /home/runner/work/ozone/ozone/hadoop-ozone/integration-test/target/test-dir/MiniOzoneClusterImpl-befcc403-3179-4e75-bf53-7b17c2548d34/datanode-0/data/ratis
2023-01-27 20:42:46,814 [Listener at 127.0.0.1/46267] INFO  volume.StorageVolumeChecker (StorageVolumeChecker.java:checkAllVolumes(202)) - Scheduled health check for volume /home/runner/work/ozone/ozone/hadoop-ozone/integration-test/target/test-dir/MiniOzoneClusterImpl-befcc403-3179-4e75-bf53-7b17c2548d34/datanode-0/data/ratis
2023-01-27 20:42:46,842 [Thread-136] INFO  ozoneimpl.ContainerReader (ContainerReader.java:readVolume(175)) - Finish verifying containers on volume /home/runner/work/ozone/ozone/hadoop-ozone/integration-test/target/test-dir/MiniOzoneClusterImpl-befcc403-3179-4e75-bf53-7b17c2548d34/datanode-0/data-0/containers/hdds
2023-01-27 20:42:46,843 [Listener at 127.0.0.1/46267] INFO  ozoneimpl.OzoneContainer (OzoneContainer.java:buildContainerSet(305)) - Build ContainerSet costs 0s
2023-01-27 20:42:46,895 [Listener at 127.0.0.1/46267] INFO  audit.AuditLogger (AuditLogger.java:refreshDebugCmdSet(126)) - Refresh DebugCmdSet for DNAudit to [].
2023-01-27 20:42:46,926 [Listener at 127.0.0.1/46267] INFO  server.RaftServer (ConfUtils.java:logGet(46)) - raft.rpc.type = GRPC (default)
2023-01-27 20:42:46,929 [Listener at 127.0.0.1/46267] INFO  grpc.GrpcConfigKeys (ConfUtils.java:logFallback(53)) - raft.grpc.admin.host = null (fallback to raft.grpc.server.host)
2023-01-27 20:42:46,930 [Listener at 127.0.0.1/46267] INFO  grpc.GrpcConfigKeys (ConfUtils.java:logGet(46)) - raft.grpc.admin.port = 0 (custom)
2023-01-27 20:42:46,935 [Listener at 127.0.0.1/46267] INFO  grpc.GrpcConfigKeys (ConfUtils.java:logFallback(53)) - raft.grpc.client.host = null (fallback to raft.grpc.server.host)
2023-01-27 20:42:46,935 [Listener at 127.0.0.1/46267] INFO  grpc.GrpcConfigKeys (ConfUtils.java:logGet(46)) - raft.grpc.client.port = 0 (custom)
2023-01-27 20:42:46,936 [Listener at 127.0.0.1/46267] INFO  grpc.GrpcConfigKeys (ConfUtils.java:logGet(46)) - raft.grpc.server.host = null (default)
2023-01-27 20:42:46,936 [Listener at 127.0.0.1/46267] INFO  grpc.GrpcConfigKeys (ConfUtils.java:logGet(46)) - raft.grpc.server.port = 0 (default)
2023-01-27 20:42:46,936 [Listener at 127.0.0.1/46267] INFO  server.GrpcService (ConfUtils.java:logGet(46)) - raft.grpc.message.size.max = 32MB (=33554432) (custom)
2023-01-27 20:42:46,936 [Listener at 127.0.0.1/46267] INFO  server.RaftServerConfigKeys (ConfUtils.java:logGet(46)) - raft.server.log.appender.buffer.byte-limit = 33554432 (custom)
2023-01-27 20:42:46,937 [Listener at 127.0.0.1/46267] INFO  server.GrpcService (ConfUtils.java:logGet(46)) - raft.grpc.flow.control.window = 5MB (=5242880) (custom)
2023-01-27 20:42:46,937 [Listener at 127.0.0.1/46267] INFO  server.RaftServerConfigKeys (ConfUtils.java:logGet(46)) - raft.server.rpc.request.timeout = 60s (custom)
2023-01-27 20:42:46,937 [Listener at 127.0.0.1/46267] INFO  grpc.GrpcConfigKeys (ConfUtils.java:logGet(46)) - raft.grpc.server.heartbeat.channel = true (default)
2023-01-27 20:42:46,937 [Listener at 127.0.0.1/46267] INFO  grpc.GrpcConfigKeys (ConfUtils.java:logGet(46)) - raft.grpc.server.async.request.thread.pool.cached = true (default)
2023-01-27 20:42:46,937 [Listener at 127.0.0.1/46267] INFO  grpc.GrpcConfigKeys (ConfUtils.java:logGet(46)) - raft.grpc.server.async.request.thread.pool.size = 32 (default)
2023-01-27 20:42:46,939 [Listener at 127.0.0.1/46267] INFO  impl.DataStreamServerImpl (ConfUtils.java:logGet(46)) - raft.datastream.type = NETTY (custom)
2023-01-27 20:42:46,939 [Listener at 127.0.0.1/46267] INFO  server.RaftServerConfigKeys (ConfUtils.java:logGet(46)) - raft.server.data-stream.async.request.thread.pool.cached = false (default)
2023-01-27 20:42:46,940 [Listener at 127.0.0.1/46267] INFO  server.RaftServerConfigKeys (ConfUtils.java:logGet(46)) - raft.server.data-stream.async.request.thread.pool.size = 20 (custom)
2023-01-27 20:42:46,940 [Listener at 127.0.0.1/46267] INFO  server.RaftServerConfigKeys (ConfUtils.java:logGet(46)) - raft.server.data-stream.async.write.thread.pool.size = 16 (default)
2023-01-27 20:42:46,940 [Listener at 127.0.0.1/46267] INFO  server.RaftServerConfigKeys (ConfUtils.java:logGet(46)) - raft.server.data-stream.client.pool.size = 10 (default)
2023-01-27 20:42:46,940 [Listener at 127.0.0.1/46267] INFO  netty.NettyConfigKeys$DataStream (ConfUtils.java:logGet(46)) - raft.netty.dataStream.server.use-epoll = false (default)
2023-01-27 20:42:46,940 [Listener at 127.0.0.1/46267] INFO  netty.NettyConfigKeys$DataStream (ConfUtils.java:logGet(46)) - raft.netty.dataStream.server.boss-group.size = 0 (default)
2023-01-27 20:42:46,941 [Listener at 127.0.0.1/46267] INFO  netty.NettyConfigKeys$DataStream (ConfUtils.java:logGet(46)) - raft.netty.dataStream.server.worker-group.size = 0 (default)
2023-01-27 20:42:46,956 [Listener at 127.0.0.1/46267] INFO  netty.NettyConfigKeys$DataStream (ConfUtils.java:logGet(46)) - raft.netty.dataStream.server.tls.conf = null (default)
2023-01-27 20:42:46,956 [Listener at 127.0.0.1/46267] INFO  netty.NettyConfigKeys$DataStream (ConfUtils.java:logGet(46)) - raft.netty.dataStream.host = null (default)
2023-01-27 20:42:46,957 [Listener at 127.0.0.1/46267] INFO  netty.NettyConfigKeys$DataStream (ConfUtils.java:logGet(46)) - raft.netty.dataStream.port = 0 (default)
2023-01-27 20:42:46,957 [Listener at 127.0.0.1/46267] INFO  server.RaftServerConfigKeys (ConfUtils.java:logGet(46)) - raft.server.threadpool.proxy.cached = true (default)
2023-01-27 20:42:46,957 [Listener at 127.0.0.1/46267] INFO  server.RaftServerConfigKeys (ConfUtils.java:logGet(46)) - raft.server.threadpool.proxy.size = 0 (default)
2023-01-27 20:42:46,958 [Listener at 127.0.0.1/46267] INFO  server.RaftServerConfigKeys (ConfUtils.java:logGet(46)) - raft.server.rpc.slowness.timeout = 300s (custom)
2023-01-27 20:42:46,958 [Listener at 127.0.0.1/46267] INFO  server.RaftServerConfigKeys (ConfUtils.java:logGet(46)) - raft.server.leaderelection.leader.step-down.wait-time = 10s (default)
2023-01-27 20:42:46,958 [Listener at 127.0.0.1/46267] INFO  server.RaftServerConfigKeys (ConfUtils.java:logGet(46)) - raft.server.storage.dir = [/home/runner/work/ozone/ozone/hadoop-ozone/integration-test/target/test-dir/MiniOzoneClusterImpl-befcc403-3179-4e75-bf53-7b17c2548d34/datanode-0/data/ratis] (custom)
2023-01-27 20:42:46,959 [9447c40a-1705-47c5-a812-fa9699ec0ab2-NettyServerStreamRpc-bossGroup--thread1] INFO  logging.LoggingHandler (AbstractInternalLogger.java:log(148)) - [id: 0x32774abc] REGISTERED
2023-01-27 20:42:46,960 [9447c40a-1705-47c5-a812-fa9699ec0ab2-NettyServerStreamRpc-bossGroup--thread1] INFO  logging.LoggingHandler (AbstractInternalLogger.java:log(148)) - [id: 0x32774abc] BIND: 0.0.0.0/0.0.0.0:0
2023-01-27 20:42:46,960 [9447c40a-1705-47c5-a812-fa9699ec0ab2-NettyServerStreamRpc-bossGroup--thread1] INFO  logging.LoggingHandler (AbstractInternalLogger.java:log(148)) - [id: 0x32774abc, L:/0:0:0:0:0:0:0:0:37163] ACTIVE
2023-01-27 20:42:46,988 [Listener at 127.0.0.1/46267] INFO  server.XceiverServerGrpc (XceiverServerGrpc.java:<init>(132)) - GrpcServer channel type EpollServerSocketChannel
2023-01-27 20:42:47,065 [Listener at 127.0.0.1/46267] INFO  http.BaseHttpServer (BaseHttpServer.java:newHttpServer2BuilderForOzone(213)) - Starting Web-server for hddsDatanode at: http://0.0.0.0:0
2023-01-27 20:42:47,066 [Listener at 127.0.0.1/46267] INFO  http.BaseHttpServer (BaseHttpServer.java:<init>(108)) - Hadoop Security Enabled: false Ozone Security Enabled: false Ozone HTTP Security Enabled: false 
2023-01-27 20:42:47,068 [Listener at 127.0.0.1/46267] WARN  server.AuthenticationFilter (AuthenticationFilter.java:constructSecretProvider(240)) - Unable to initialize FileSignerSecretProvider, falling back to use random secrets. Reason: Could not read signature secret file: /home/runner/hadoop-http-auth-signature-secret
2023-01-27 20:42:47,073 [Listener at 127.0.0.1/46267] WARN  http.HttpRequestLog (HttpRequestLog.java:getRequestLog(103)) - Jetty request log can only be enabled using Log4j
2023-01-27 20:42:47,074 [Listener at 127.0.0.1/46267] INFO  http.HttpServer2 (HttpServer2.java:addGlobalFilter(1031)) - Added global filter 'safety' (class=org.apache.hadoop.hdds.server.http.HttpServer2$QuotingInputFilter)
2023-01-27 20:42:47,075 [Listener at 127.0.0.1/46267] INFO  http.HttpServer2 (HttpServer2.java:addFilter(1007)) - Added filter static_user_filter (class=org.apache.hadoop.http.lib.StaticUserWebFilter$StaticUserFilter) to context hddsDatanode
2023-01-27 20:42:47,075 [Listener at 127.0.0.1/46267] INFO  http.HttpServer2 (HttpServer2.java:addFilter(1015)) - Added filter static_user_filter (class=org.apache.hadoop.http.lib.StaticUserWebFilter$StaticUserFilter) to context static
2023-01-27 20:42:47,076 [Listener at 127.0.0.1/46267] INFO  http.HttpServer2 (HttpServer2.java:addFilter(1015)) - Added filter static_user_filter (class=org.apache.hadoop.http.lib.StaticUserWebFilter$StaticUserFilter) to context logs
2023-01-27 20:42:47,079 [Listener at 127.0.0.1/46267] INFO  http.HttpServer2 (HttpServer2.java:bindListener(1250)) - Jetty bound to port 41567
2023-01-27 20:42:47,079 [Listener at 127.0.0.1/46267] INFO  server.Server (Server.java:doStart(375)) - jetty-9.4.49.v20220914; built: 2022-09-14T01:07:36.601Z; git: 4231a3b2e4cb8548a412a789936d640a97b1aa0a; jvm 1.8.0_352-b08
2023-01-27 20:42:47,083 [Listener at 127.0.0.1/46267] INFO  server.session (DefaultSessionIdManager.java:doStart(334)) - DefaultSessionIdManager workerName=node0
2023-01-27 20:42:47,083 [Listener at 127.0.0.1/46267] INFO  server.session (DefaultSessionIdManager.java:doStart(339)) - No SessionScavenger set, using defaults
2023-01-27 20:42:47,083 [Listener at 127.0.0.1/46267] INFO  server.session (HouseKeeper.java:startScavenging(132)) - node0 Scavenging every 600000ms
2023-01-27 20:42:47,085 [Listener at 127.0.0.1/46267] INFO  handler.ContextHandler (ContextHandler.java:doStart(921)) - Started o.e.j.s.ServletContextHandler@3023b749{logs,/logs,file:///home/runner/work/ozone/ozone/hadoop-ozone/integration-test/target/log,AVAILABLE}
2023-01-27 20:42:47,085 [Listener at 127.0.0.1/46267] INFO  handler.ContextHandler (ContextHandler.java:doStart(921)) - Started o.e.j.s.ServletContextHandler@59c268e0{static,/static,jar:file:/home/runner/.m2/repository/org/apache/ozone/hdds-container-service/1.4.0-SNAPSHOT/hdds-container-service-1.4.0-SNAPSHOT.jar!/webapps/static,AVAILABLE}
2023-01-27 20:42:47,331 [Listener at 127.0.0.1/46267] INFO  handler.ContextHandler (ContextHandler.java:doStart(921)) - Started o.e.j.w.WebAppContext@41a56ad9{hddsDatanode,/,file:///tmp/jetty-0_0_0_0-41567-hdds-container-service-1_4_0-SNAPSHOT_jar-_-any-4393261484669519149/webapp/,AVAILABLE}{jar:file:/home/runner/.m2/repository/org/apache/ozone/hdds-container-service/1.4.0-SNAPSHOT/hdds-container-service-1.4.0-SNAPSHOT.jar!/webapps/hddsDatanode}
2023-01-27 20:42:47,333 [Listener at 127.0.0.1/46267] INFO  server.AbstractConnector (AbstractConnector.java:doStart(333)) - Started ServerConnector@176cc62b{HTTP/1.1, (http/1.1)}{0.0.0.0:41567}
2023-01-27 20:42:47,334 [Listener at 127.0.0.1/46267] INFO  server.Server (Server.java:doStart(415)) - Started @9063ms
2023-01-27 20:42:47,334 [Listener at 127.0.0.1/46267] WARN  impl.MetricsSystemImpl (MetricsSystemImpl.java:register(279)) - Sink prometheus already exists!
2023-01-27 20:42:47,335 [Listener at 127.0.0.1/46267] INFO  http.BaseHttpServer (BaseHttpServer.java:updateConnectorAddress(333)) - HTTP server of hddsDatanode listening at http://0.0.0.0:41567
2023-01-27 20:42:47,340 [Listener at 127.0.0.1/46267] WARN  impl.MetricRegistriesImpl (MetricRegistriesImpl.java:addReporterRegistration(111)) - New reporters are added after registries were created. Some metrics will be missing from the reporter. Please add reporter before adding any new registry.
2023-01-27 20:42:47,340 [Listener at 127.0.0.1/46267] WARN  impl.MetricRegistriesImpl (MetricRegistriesImpl.java:addReporterRegistration(111)) - New reporters are added after registries were created. Some metrics will be missing from the reporter. Please add reporter before adding any new registry.
2023-01-27 20:42:47,341 [Listener at 127.0.0.1/46267] INFO  impl.MetricsSystemImpl (MetricsSystemImpl.java:init(158)) - HddsDatanode metrics system started (again)
2023-01-27 20:42:47,344 [Datanode State Machine Daemon Thread] INFO  statemachine.DatanodeStateMachine (DatanodeStateMachine.java:lambda$startDaemon$0(515)) - Ozone container server started.
2023-01-27 20:42:47,369 [om1@group-C5BA1605619E-FollowerState] INFO  impl.FollowerState (FollowerState.java:run(143)) - om1@group-C5BA1605619E-FollowerState: change to CANDIDATE, lastRpcElapsedTime:1023405330ns, electionTimeout:1012ms
2023-01-27 20:42:47,370 [om1@group-C5BA1605619E-FollowerState] INFO  impl.RoleInfo (RoleInfo.java:shutdownFollowerState(110)) - om1: shutdown om1@group-C5BA1605619E-FollowerState
2023-01-27 20:42:47,372 [om1@group-C5BA1605619E-FollowerState] INFO  server.RaftServer$Division (RaftServerImpl.java:setRole(321)) - om1@group-C5BA1605619E: changes role from  FOLLOWER to CANDIDATE at term 0 for changeToCandidate
2023-01-27 20:42:47,372 [org.apache.hadoop.util.JvmPauseMonitor$Monitor@7b3aa3f1] INFO  util.JvmPauseMonitor (JvmPauseMonitor.java:run(188)) - Starting JVM pause monitor
2023-01-27 20:42:47,374 [om1@group-C5BA1605619E-FollowerState] INFO  server.RaftServerConfigKeys (ConfUtils.java:logGet(46)) - raft.server.leaderelection.pre-vote = false (custom)
2023-01-27 20:42:47,374 [om1@group-C5BA1605619E-FollowerState] INFO  impl.RoleInfo (RoleInfo.java:updateAndGet(139)) - om1: start om1@group-C5BA1605619E-LeaderElection1
2023-01-27 20:42:47,388 [om1@group-C5BA1605619E-LeaderElection1] INFO  impl.LeaderElection (LeaderElection.java:askForVotes(312)) - om1@group-C5BA1605619E-LeaderElection1 ELECTION round 0: submit vote requests at term 1 for -1: peers:[om1|rpc:localhost:9872|priority:0|startupRole:FOLLOWER]|listeners:[], old=null
2023-01-27 20:42:47,389 [om1@group-C5BA1605619E-LeaderElection1] INFO  impl.LeaderElection (LeaderElection.java:askForVotes(314)) - om1@group-C5BA1605619E-LeaderElection1 ELECTION round 0: result PASSED (term=1)
2023-01-27 20:42:47,390 [om1@group-C5BA1605619E-LeaderElection1] INFO  impl.RoleInfo (RoleInfo.java:shutdownLeaderElection(130)) - om1: shutdown om1@group-C5BA1605619E-LeaderElection1
2023-01-27 20:42:47,390 [om1@group-C5BA1605619E-LeaderElection1] INFO  server.RaftServer$Division (RaftServerImpl.java:setRole(321)) - om1@group-C5BA1605619E: changes role from CANDIDATE to LEADER at term 1 for changeToLeader
2023-01-27 20:42:47,390 [om1@group-C5BA1605619E-LeaderElection1] INFO  server.RaftServer$Division (ServerState.java:setLeader(313)) - om1@group-C5BA1605619E: change Leader from null to om1 at term 1 for becomeLeader, leader elected after 2282ms
2023-01-27 20:42:47,394 [Listener at 127.0.0.1/46267] INFO  ozone.HddsDatanodeService (HddsDatanodeService.java:start(228)) - HddsDatanodeService host:fv-az399-583.4urtqdmtpd2erju50p4tzyn2ng.bx.internal.cloudapp.net ip:10.1.1.6
2023-01-27 20:42:47,403 [om1@group-C5BA1605619E-LeaderElection1] INFO  server.RaftServerConfigKeys (ConfUtils.java:logGet(46)) - raft.server.staging.catchup.gap = 1000 (default)
2023-01-27 20:42:47,416 [om1@group-C5BA1605619E-LeaderElection1] INFO  server.RaftServerConfigKeys (ConfUtils.java:logGet(46)) - raft.server.write.element-limit = 4096 (default)
2023-01-27 20:42:47,417 [om1@group-C5BA1605619E-LeaderElection1] INFO  server.RaftServerConfigKeys (ConfUtils.java:logGet(46)) - raft.server.write.byte-limit = 64MB (=67108864) (default)
2023-01-27 20:42:47,427 [om1@group-C5BA1605619E-LeaderElection1] INFO  server.RaftServerConfigKeys (ConfUtils.java:logGet(46)) - raft.server.watch.timeout = 10s (default)
2023-01-27 20:42:47,427 [om1@group-C5BA1605619E-LeaderElection1] INFO  server.RaftServerConfigKeys (ConfUtils.java:logGet(46)) - raft.server.watch.timeout.denomination = 1s (default)
2023-01-27 20:42:47,428 [om1@group-C5BA1605619E-LeaderElection1] INFO  server.RaftServerConfigKeys (ConfUtils.java:logGet(46)) - raft.server.watch.element-limit = 65536 (default)
2023-01-27 20:42:47,442 [om1@group-C5BA1605619E-LeaderElection1] INFO  server.RaftServerConfigKeys (ConfUtils.java:logGet(46)) - raft.server.write.element-limit = 4096 (default)
2023-01-27 20:42:47,446 [om1@group-C5BA1605619E-LeaderElection1] INFO  server.RaftServerConfigKeys (ConfUtils.java:logGet(46)) - raft.server.write.follower.gap.ratio.max = -1.0 (default)
2023-01-27 20:42:47,446 [Listener at 127.0.0.1/46267] INFO  upgrade.AbstractLayoutVersionManager (AbstractLayoutVersionManager.java:init(83)) - Initializing Layout version manager with metadata layout = DATANODE_SCHEMA_V3 (version = 4), software layout = DATANODE_SCHEMA_V3 (version = 4)
2023-01-27 20:42:47,451 [om1@group-C5BA1605619E-LeaderElection1] INFO  impl.RoleInfo (RoleInfo.java:updateAndGet(139)) - om1: start om1@group-C5BA1605619E-LeaderStateImpl
2023-01-27 20:42:47,541 [om1@group-C5BA1605619E-LeaderElection1] INFO  segmented.SegmentedRaftLogWorker (SegmentedRaftLogWorker.java:startLogSegment(452)) - om1@group-C5BA1605619E-SegmentedRaftLogWorker: Starting segment from index:0
2023-01-27 20:42:47,590 [Listener at 127.0.0.1/46267] INFO  reflections.Reflections (Reflections.java:scan(232)) - Reflections took 142 ms to scan 7 urls, producing 148 keys and 357 values 
2023-01-27 20:42:47,596 [Listener at 127.0.0.1/46267] INFO  statemachine.DatanodeStateMachine (DatanodeStateMachine.java:getEndPointTaskThreadPoolSize(259)) - Datanode State Machine Task Thread Pool size 2
2023-01-27 20:42:47,615 [Listener at 127.0.0.1/46267] INFO  volume.HddsVolume (HddsVolume.java:<init>(117)) - Creating HddsVolume: /home/runner/work/ozone/ozone/hadoop-ozone/integration-test/target/test-dir/MiniOzoneClusterImpl-befcc403-3179-4e75-bf53-7b17c2548d34/datanode-1/data-0/containers/hdds of storage type : DISK capacity : 9223372036854775807
2023-01-27 20:42:47,615 [Listener at 127.0.0.1/46267] INFO  volume.MutableVolumeSet (MutableVolumeSet.java:initializeVolumeSet(174)) - Added Volume : /home/runner/work/ozone/ozone/hadoop-ozone/integration-test/target/test-dir/MiniOzoneClusterImpl-befcc403-3179-4e75-bf53-7b17c2548d34/datanode-1/data-0/containers/hdds to VolumeSet
2023-01-27 20:42:47,615 [Listener at 127.0.0.1/46267] INFO  volume.ThrottledAsyncChecker (ThrottledAsyncChecker.java:schedule(141)) - Scheduling a check for /home/runner/work/ozone/ozone/hadoop-ozone/integration-test/target/test-dir/MiniOzoneClusterImpl-befcc403-3179-4e75-bf53-7b17c2548d34/datanode-1/data-0/containers/hdds
2023-01-27 20:42:47,622 [Listener at 127.0.0.1/46267] INFO  volume.StorageVolumeChecker (StorageVolumeChecker.java:checkAllVolumes(202)) - Scheduled health check for volume /home/runner/work/ozone/ozone/hadoop-ozone/integration-test/target/test-dir/MiniOzoneClusterImpl-befcc403-3179-4e75-bf53-7b17c2548d34/datanode-1/data-0/containers/hdds
2023-01-27 20:42:47,641 [om1@group-C5BA1605619E-LeaderElection1] INFO  server.RaftServer$Division (ServerState.java:setRaftConf(430)) - om1@group-C5BA1605619E: set configuration 0: peers:[om1|rpc:localhost:9872|admin:|client:|dataStream:|priority:0|startupRole:FOLLOWER]|listeners:[], old=null
2023-01-27 20:42:47,648 [Listener at 127.0.0.1/46267] INFO  volume.MutableVolumeSet (MutableVolumeSet.java:initializeVolumeSet(174)) - Added Volume : /home/runner/work/ozone/ozone/hadoop-ozone/integration-test/target/test-dir/MiniOzoneClusterImpl-befcc403-3179-4e75-bf53-7b17c2548d34/datanode-1/data/ratis to VolumeSet
2023-01-27 20:42:47,648 [Listener at 127.0.0.1/46267] INFO  volume.ThrottledAsyncChecker (ThrottledAsyncChecker.java:schedule(141)) - Scheduling a check for /home/runner/work/ozone/ozone/hadoop-ozone/integration-test/target/test-dir/MiniOzoneClusterImpl-befcc403-3179-4e75-bf53-7b17c2548d34/datanode-1/data/ratis
2023-01-27 20:42:47,648 [Listener at 127.0.0.1/46267] INFO  volume.StorageVolumeChecker (StorageVolumeChecker.java:checkAllVolumes(202)) - Scheduled health check for volume /home/runner/work/ozone/ozone/hadoop-ozone/integration-test/target/test-dir/MiniOzoneClusterImpl-befcc403-3179-4e75-bf53-7b17c2548d34/datanode-1/data/ratis
2023-01-27 20:42:47,681 [Datanode State Machine Task Thread - 0] INFO  datanode.InitDatanodeState (InitDatanodeState.java:persistContainerDatanodeDetails(138)) - DatanodeDetails is persisted to /home/runner/work/ozone/ozone/hadoop-ozone/integration-test/target/test-dir/MiniOzoneClusterImpl-befcc403-3179-4e75-bf53-7b17c2548d34/datanode-0/meta/datanode.id
2023-01-27 20:42:47,684 [Thread-152] INFO  ozoneimpl.ContainerReader (ContainerReader.java:readVolume(175)) - Finish verifying containers on volume /home/runner/work/ozone/ozone/hadoop-ozone/integration-test/target/test-dir/MiniOzoneClusterImpl-befcc403-3179-4e75-bf53-7b17c2548d34/datanode-1/data-0/containers/hdds
2023-01-27 20:42:47,685 [Listener at 127.0.0.1/46267] INFO  ozoneimpl.OzoneContainer (OzoneContainer.java:buildContainerSet(305)) - Build ContainerSet costs 0s
2023-01-27 20:42:47,689 [Listener at 127.0.0.1/46267] INFO  server.RaftServer (ConfUtils.java:logGet(46)) - raft.rpc.type = GRPC (default)
2023-01-27 20:42:47,689 [Listener at 127.0.0.1/46267] INFO  grpc.GrpcConfigKeys (ConfUtils.java:logFallback(53)) - raft.grpc.admin.host = null (fallback to raft.grpc.server.host)
2023-01-27 20:42:47,690 [Listener at 127.0.0.1/46267] INFO  grpc.GrpcConfigKeys (ConfUtils.java:logGet(46)) - raft.grpc.admin.port = 0 (custom)
2023-01-27 20:42:47,691 [Listener at 127.0.0.1/46267] INFO  grpc.GrpcConfigKeys (ConfUtils.java:logFallback(53)) - raft.grpc.client.host = null (fallback to raft.grpc.server.host)
2023-01-27 20:42:47,691 [Listener at 127.0.0.1/46267] INFO  grpc.GrpcConfigKeys (ConfUtils.java:logGet(46)) - raft.grpc.client.port = 0 (custom)
2023-01-27 20:42:47,691 [Listener at 127.0.0.1/46267] INFO  grpc.GrpcConfigKeys (ConfUtils.java:logGet(46)) - raft.grpc.server.host = null (default)
2023-01-27 20:42:47,691 [Listener at 127.0.0.1/46267] INFO  grpc.GrpcConfigKeys (ConfUtils.java:logGet(46)) - raft.grpc.server.port = 0 (default)
2023-01-27 20:42:47,691 [Listener at 127.0.0.1/46267] INFO  server.GrpcService (ConfUtils.java:logGet(46)) - raft.grpc.message.size.max = 32MB (=33554432) (custom)
2023-01-27 20:42:47,691 [Listener at 127.0.0.1/46267] INFO  server.RaftServerConfigKeys (ConfUtils.java:logGet(46)) - raft.server.log.appender.buffer.byte-limit = 33554432 (custom)
2023-01-27 20:42:47,692 [Listener at 127.0.0.1/46267] INFO  server.GrpcService (ConfUtils.java:logGet(46)) - raft.grpc.flow.control.window = 5MB (=5242880) (custom)
2023-01-27 20:42:47,692 [Listener at 127.0.0.1/46267] INFO  server.RaftServerConfigKeys (ConfUtils.java:logGet(46)) - raft.server.rpc.request.timeout = 60s (custom)
2023-01-27 20:42:47,693 [Listener at 127.0.0.1/46267] INFO  grpc.GrpcConfigKeys (ConfUtils.java:logGet(46)) - raft.grpc.server.heartbeat.channel = true (default)
2023-01-27 20:42:47,693 [Listener at 127.0.0.1/46267] INFO  grpc.GrpcConfigKeys (ConfUtils.java:logGet(46)) - raft.grpc.server.async.request.thread.pool.cached = true (default)
2023-01-27 20:42:47,693 [Listener at 127.0.0.1/46267] INFO  grpc.GrpcConfigKeys (ConfUtils.java:logGet(46)) - raft.grpc.server.async.request.thread.pool.size = 32 (default)
2023-01-27 20:42:47,695 [Listener at 127.0.0.1/46267] INFO  impl.DataStreamServerImpl (ConfUtils.java:logGet(46)) - raft.datastream.type = NETTY (custom)
2023-01-27 20:42:47,696 [Listener at 127.0.0.1/46267] INFO  server.RaftServerConfigKeys (ConfUtils.java:logGet(46)) - raft.server.data-stream.async.request.thread.pool.cached = false (default)
2023-01-27 20:42:47,696 [Listener at 127.0.0.1/46267] INFO  server.RaftServerConfigKeys (ConfUtils.java:logGet(46)) - raft.server.data-stream.async.request.thread.pool.size = 20 (custom)
2023-01-27 20:42:47,696 [Listener at 127.0.0.1/46267] INFO  server.RaftServerConfigKeys (ConfUtils.java:logGet(46)) - raft.server.data-stream.async.write.thread.pool.size = 16 (default)
2023-01-27 20:42:47,697 [Listener at 127.0.0.1/46267] INFO  server.RaftServerConfigKeys (ConfUtils.java:logGet(46)) - raft.server.data-stream.client.pool.size = 10 (default)
2023-01-27 20:42:47,697 [Listener at 127.0.0.1/46267] INFO  netty.NettyConfigKeys$DataStream (ConfUtils.java:logGet(46)) - raft.netty.dataStream.server.use-epoll = false (default)
2023-01-27 20:42:47,698 [Listener at 127.0.0.1/46267] INFO  netty.NettyConfigKeys$DataStream (ConfUtils.java:logGet(46)) - raft.netty.dataStream.server.boss-group.size = 0 (default)
2023-01-27 20:42:47,699 [Listener at 127.0.0.1/46267] INFO  netty.NettyConfigKeys$DataStream (ConfUtils.java:logGet(46)) - raft.netty.dataStream.server.worker-group.size = 0 (default)
2023-01-27 20:42:47,699 [Listener at 127.0.0.1/46267] INFO  netty.NettyConfigKeys$DataStream (ConfUtils.java:logGet(46)) - raft.netty.dataStream.server.tls.conf = null (default)
2023-01-27 20:42:47,699 [Listener at 127.0.0.1/46267] INFO  netty.NettyConfigKeys$DataStream (ConfUtils.java:logGet(46)) - raft.netty.dataStream.host = null (default)
2023-01-27 20:42:47,700 [Listener at 127.0.0.1/46267] INFO  netty.NettyConfigKeys$DataStream (ConfUtils.java:logGet(46)) - raft.netty.dataStream.port = 0 (default)
2023-01-27 20:42:47,706 [Listener at 127.0.0.1/46267] INFO  server.RaftServerConfigKeys (ConfUtils.java:logGet(46)) - raft.server.threadpool.proxy.cached = true (default)
2023-01-27 20:42:47,706 [Listener at 127.0.0.1/46267] INFO  server.RaftServerConfigKeys (ConfUtils.java:logGet(46)) - raft.server.threadpool.proxy.size = 0 (default)
2023-01-27 20:42:47,707 [Listener at 127.0.0.1/46267] INFO  server.RaftServerConfigKeys (ConfUtils.java:logGet(46)) - raft.server.rpc.slowness.timeout = 300s (custom)
2023-01-27 20:42:47,707 [Listener at 127.0.0.1/46267] INFO  server.RaftServerConfigKeys (ConfUtils.java:logGet(46)) - raft.server.leaderelection.leader.step-down.wait-time = 10s (default)
2023-01-27 20:42:47,707 [Listener at 127.0.0.1/46267] INFO  server.RaftServerConfigKeys (ConfUtils.java:logGet(46)) - raft.server.storage.dir = [/home/runner/work/ozone/ozone/hadoop-ozone/integration-test/target/test-dir/MiniOzoneClusterImpl-befcc403-3179-4e75-bf53-7b17c2548d34/datanode-1/data/ratis] (custom)
2023-01-27 20:42:47,711 [79ace3de-40f8-4333-9712-129ecf4cb056-NettyServerStreamRpc-bossGroup--thread1] INFO  logging.LoggingHandler (AbstractInternalLogger.java:log(148)) - [id: 0xcbf7a825] REGISTERED
2023-01-27 20:42:47,711 [79ace3de-40f8-4333-9712-129ecf4cb056-NettyServerStreamRpc-bossGroup--thread1] INFO  logging.LoggingHandler (AbstractInternalLogger.java:log(148)) - [id: 0xcbf7a825] BIND: 0.0.0.0/0.0.0.0:0
2023-01-27 20:42:47,711 [79ace3de-40f8-4333-9712-129ecf4cb056-NettyServerStreamRpc-bossGroup--thread1] INFO  logging.LoggingHandler (AbstractInternalLogger.java:log(148)) - [id: 0xcbf7a825, L:/0:0:0:0:0:0:0:0:34959] ACTIVE
2023-01-27 20:42:47,714 [Listener at 127.0.0.1/46267] INFO  server.XceiverServerGrpc (XceiverServerGrpc.java:<init>(132)) - GrpcServer channel type EpollServerSocketChannel
2023-01-27 20:42:47,722 [Listener at 127.0.0.1/46267] INFO  http.BaseHttpServer (BaseHttpServer.java:newHttpServer2BuilderForOzone(213)) - Starting Web-server for hddsDatanode at: http://0.0.0.0:0
2023-01-27 20:42:47,722 [Listener at 127.0.0.1/46267] INFO  http.BaseHttpServer (BaseHttpServer.java:<init>(108)) - Hadoop Security Enabled: false Ozone Security Enabled: false Ozone HTTP Security Enabled: false 
2023-01-27 20:42:47,723 [Listener at 127.0.0.1/46267] WARN  server.AuthenticationFilter (AuthenticationFilter.java:constructSecretProvider(240)) - Unable to initialize FileSignerSecretProvider, falling back to use random secrets. Reason: Could not read signature secret file: /home/runner/hadoop-http-auth-signature-secret
2023-01-27 20:42:47,726 [Listener at 127.0.0.1/46267] WARN  http.HttpRequestLog (HttpRequestLog.java:getRequestLog(103)) - Jetty request log can only be enabled using Log4j
2023-01-27 20:42:47,728 [Listener at 127.0.0.1/46267] INFO  http.HttpServer2 (HttpServer2.java:addGlobalFilter(1031)) - Added global filter 'safety' (class=org.apache.hadoop.hdds.server.http.HttpServer2$QuotingInputFilter)
2023-01-27 20:42:47,728 [Listener at 127.0.0.1/46267] INFO  http.HttpServer2 (HttpServer2.java:addFilter(1007)) - Added filter static_user_filter (class=org.apache.hadoop.http.lib.StaticUserWebFilter$StaticUserFilter) to context hddsDatanode
2023-01-27 20:42:47,729 [Listener at 127.0.0.1/46267] INFO  http.HttpServer2 (HttpServer2.java:addFilter(1015)) - Added filter static_user_filter (class=org.apache.hadoop.http.lib.StaticUserWebFilter$StaticUserFilter) to context static
2023-01-27 20:42:47,729 [Listener at 127.0.0.1/46267] INFO  http.HttpServer2 (HttpServer2.java:addFilter(1015)) - Added filter static_user_filter (class=org.apache.hadoop.http.lib.StaticUserWebFilter$StaticUserFilter) to context logs
2023-01-27 20:42:47,729 [Listener at 127.0.0.1/46267] INFO  http.HttpServer2 (HttpServer2.java:bindListener(1250)) - Jetty bound to port 43617
2023-01-27 20:42:47,729 [Listener at 127.0.0.1/46267] INFO  server.Server (Server.java:doStart(375)) - jetty-9.4.49.v20220914; built: 2022-09-14T01:07:36.601Z; git: 4231a3b2e4cb8548a412a789936d640a97b1aa0a; jvm 1.8.0_352-b08
2023-01-27 20:42:47,752 [Listener at 127.0.0.1/46267] INFO  server.session (DefaultSessionIdManager.java:doStart(334)) - DefaultSessionIdManager workerName=node0
2023-01-27 20:42:47,752 [Listener at 127.0.0.1/46267] INFO  server.session (DefaultSessionIdManager.java:doStart(339)) - No SessionScavenger set, using defaults
2023-01-27 20:42:47,753 [Listener at 127.0.0.1/46267] INFO  server.session (HouseKeeper.java:startScavenging(132)) - node0 Scavenging every 660000ms
2023-01-27 20:42:47,753 [Listener at 127.0.0.1/46267] INFO  handler.ContextHandler (ContextHandler.java:doStart(921)) - Started o.e.j.s.ServletContextHandler@1574cb5{logs,/logs,file:///home/runner/work/ozone/ozone/hadoop-ozone/integration-test/target/log,AVAILABLE}
2023-01-27 20:42:47,754 [Listener at 127.0.0.1/46267] INFO  handler.ContextHandler (ContextHandler.java:doStart(921)) - Started o.e.j.s.ServletContextHandler@47376146{static,/static,jar:file:/home/runner/.m2/repository/org/apache/ozone/hdds-container-service/1.4.0-SNAPSHOT/hdds-container-service-1.4.0-SNAPSHOT.jar!/webapps/static,AVAILABLE}
2023-01-27 20:42:47,763 [om1@group-C5BA1605619E-SegmentedRaftLogWorker] INFO  segmented.SegmentedRaftLogWorker (SegmentedRaftLogWorker.java:execute(656)) - om1@group-C5BA1605619E-SegmentedRaftLogWorker: created new log segment /home/runner/work/ozone/ozone/hadoop-ozone/integration-test/target/test-dir/MiniOzoneClusterImpl-befcc403-3179-4e75-bf53-7b17c2548d34/ozone-meta/ratis/bf265839-605b-3f16-9796-c5ba1605619e/current/log_inprogress_0
2023-01-27 20:42:47,951 [om1@group-C5BA1605619E-StateMachineUpdater] INFO  ratis.OzoneManagerStateMachine (OzoneManagerStateMachine.java:notifyConfigurationChanged(192)) - Received Configuration change notification from Ratis. New Peer list:
[id: "om1"
address: "localhost:9872"
startupRole: FOLLOWER
]
2023-01-27 20:42:47,971 [Listener at 127.0.0.1/46267] INFO  handler.ContextHandler (ContextHandler.java:doStart(921)) - Started o.e.j.w.WebAppContext@7b10e088{hddsDatanode,/,file:///tmp/jetty-0_0_0_0-43617-hdds-container-service-1_4_0-SNAPSHOT_jar-_-any-8050073211840139680/webapp/,AVAILABLE}{jar:file:/home/runner/.m2/repository/org/apache/ozone/hdds-container-service/1.4.0-SNAPSHOT/hdds-container-service-1.4.0-SNAPSHOT.jar!/webapps/hddsDatanode}
2023-01-27 20:42:47,975 [Listener at 127.0.0.1/46267] INFO  server.AbstractConnector (AbstractConnector.java:doStart(333)) - Started ServerConnector@18e6e845{HTTP/1.1, (http/1.1)}{0.0.0.0:43617}
2023-01-27 20:42:47,975 [Listener at 127.0.0.1/46267] INFO  server.Server (Server.java:doStart(415)) - Started @9705ms
2023-01-27 20:42:47,975 [Listener at 127.0.0.1/46267] WARN  impl.MetricsSystemImpl (MetricsSystemImpl.java:register(279)) - Sink prometheus already exists!
2023-01-27 20:42:47,976 [Listener at 127.0.0.1/46267] INFO  http.BaseHttpServer (BaseHttpServer.java:updateConnectorAddress(333)) - HTTP server of hddsDatanode listening at http://0.0.0.0:43617
2023-01-27 20:42:47,977 [Listener at 127.0.0.1/46267] WARN  impl.MetricRegistriesImpl (MetricRegistriesImpl.java:addReporterRegistration(111)) - New reporters are added after registries were created. Some metrics will be missing from the reporter. Please add reporter before adding any new registry.
2023-01-27 20:42:47,977 [Listener at 127.0.0.1/46267] WARN  impl.MetricRegistriesImpl (MetricRegistriesImpl.java:addReporterRegistration(111)) - New reporters are added after registries were created. Some metrics will be missing from the reporter. Please add reporter before adding any new registry.
2023-01-27 20:42:47,977 [Listener at 127.0.0.1/46267] INFO  impl.MetricsSystemImpl (MetricsSystemImpl.java:init(158)) - HddsDatanode metrics system started (again)
2023-01-27 20:42:47,984 [Datanode State Machine Daemon Thread] INFO  statemachine.DatanodeStateMachine (DatanodeStateMachine.java:lambda$startDaemon$0(515)) - Ozone container server started.
2023-01-27 20:42:47,995 [org.apache.hadoop.util.JvmPauseMonitor$Monitor@5738bdaf] INFO  util.JvmPauseMonitor (JvmPauseMonitor.java:run(188)) - Starting JVM pause monitor
2023-01-27 20:42:48,002 [Datanode State Machine Task Thread - 0] INFO  datanode.InitDatanodeState (InitDatanodeState.java:persistContainerDatanodeDetails(138)) - DatanodeDetails is persisted to /home/runner/work/ozone/ozone/hadoop-ozone/integration-test/target/test-dir/MiniOzoneClusterImpl-befcc403-3179-4e75-bf53-7b17c2548d34/datanode-1/meta/datanode.id
2023-01-27 20:42:48,010 [Listener at 127.0.0.1/46267] INFO  ozone.HddsDatanodeService (HddsDatanodeService.java:start(228)) - HddsDatanodeService host:fv-az399-583.4urtqdmtpd2erju50p4tzyn2ng.bx.internal.cloudapp.net ip:10.1.1.6
2023-01-27 20:42:48,041 [Listener at 127.0.0.1/46267] INFO  upgrade.AbstractLayoutVersionManager (AbstractLayoutVersionManager.java:init(83)) - Initializing Layout version manager with metadata layout = DATANODE_SCHEMA_V3 (version = 4), software layout = DATANODE_SCHEMA_V3 (version = 4)
2023-01-27 20:42:48,095 [Listener at 127.0.0.1/46267] INFO  reflections.Reflections (Reflections.java:scan(232)) - Reflections took 52 ms to scan 7 urls, producing 148 keys and 357 values 
2023-01-27 20:42:48,096 [Listener at 127.0.0.1/46267] INFO  statemachine.DatanodeStateMachine (DatanodeStateMachine.java:getEndPointTaskThreadPoolSize(259)) - Datanode State Machine Task Thread Pool size 2
2023-01-27 20:42:48,099 [Listener at 127.0.0.1/46267] INFO  volume.HddsVolume (HddsVolume.java:<init>(117)) - Creating HddsVolume: /home/runner/work/ozone/ozone/hadoop-ozone/integration-test/target/test-dir/MiniOzoneClusterImpl-befcc403-3179-4e75-bf53-7b17c2548d34/datanode-2/data-0/containers/hdds of storage type : DISK capacity : 9223372036854775807
2023-01-27 20:42:48,099 [Listener at 127.0.0.1/46267] INFO  volume.MutableVolumeSet (MutableVolumeSet.java:initializeVolumeSet(174)) - Added Volume : /home/runner/work/ozone/ozone/hadoop-ozone/integration-test/target/test-dir/MiniOzoneClusterImpl-befcc403-3179-4e75-bf53-7b17c2548d34/datanode-2/data-0/containers/hdds to VolumeSet
2023-01-27 20:42:48,099 [Listener at 127.0.0.1/46267] INFO  volume.ThrottledAsyncChecker (ThrottledAsyncChecker.java:schedule(141)) - Scheduling a check for /home/runner/work/ozone/ozone/hadoop-ozone/integration-test/target/test-dir/MiniOzoneClusterImpl-befcc403-3179-4e75-bf53-7b17c2548d34/datanode-2/data-0/containers/hdds
2023-01-27 20:42:48,100 [Listener at 127.0.0.1/46267] INFO  volume.StorageVolumeChecker (StorageVolumeChecker.java:checkAllVolumes(202)) - Scheduled health check for volume /home/runner/work/ozone/ozone/hadoop-ozone/integration-test/target/test-dir/MiniOzoneClusterImpl-befcc403-3179-4e75-bf53-7b17c2548d34/datanode-2/data-0/containers/hdds
2023-01-27 20:42:48,112 [Listener at 127.0.0.1/46267] INFO  volume.MutableVolumeSet (MutableVolumeSet.java:initializeVolumeSet(174)) - Added Volume : /home/runner/work/ozone/ozone/hadoop-ozone/integration-test/target/test-dir/MiniOzoneClusterImpl-befcc403-3179-4e75-bf53-7b17c2548d34/datanode-2/data/ratis to VolumeSet
2023-01-27 20:42:48,112 [Listener at 127.0.0.1/46267] INFO  volume.ThrottledAsyncChecker (ThrottledAsyncChecker.java:schedule(141)) - Scheduling a check for /home/runner/work/ozone/ozone/hadoop-ozone/integration-test/target/test-dir/MiniOzoneClusterImpl-befcc403-3179-4e75-bf53-7b17c2548d34/datanode-2/data/ratis
2023-01-27 20:42:48,113 [Listener at 127.0.0.1/46267] INFO  volume.StorageVolumeChecker (StorageVolumeChecker.java:checkAllVolumes(202)) - Scheduled health check for volume /home/runner/work/ozone/ozone/hadoop-ozone/integration-test/target/test-dir/MiniOzoneClusterImpl-befcc403-3179-4e75-bf53-7b17c2548d34/datanode-2/data/ratis
2023-01-27 20:42:48,124 [Thread-166] INFO  ozoneimpl.ContainerReader (ContainerReader.java:readVolume(175)) - Finish verifying containers on volume /home/runner/work/ozone/ozone/hadoop-ozone/integration-test/target/test-dir/MiniOzoneClusterImpl-befcc403-3179-4e75-bf53-7b17c2548d34/datanode-2/data-0/containers/hdds
2023-01-27 20:42:48,124 [Listener at 127.0.0.1/46267] INFO  ozoneimpl.OzoneContainer (OzoneContainer.java:buildContainerSet(305)) - Build ContainerSet costs 0s
2023-01-27 20:42:48,127 [Listener at 127.0.0.1/46267] INFO  server.RaftServer (ConfUtils.java:logGet(46)) - raft.rpc.type = GRPC (default)
2023-01-27 20:42:48,127 [Listener at 127.0.0.1/46267] INFO  grpc.GrpcConfigKeys (ConfUtils.java:logFallback(53)) - raft.grpc.admin.host = null (fallback to raft.grpc.server.host)
2023-01-27 20:42:48,127 [Listener at 127.0.0.1/46267] INFO  grpc.GrpcConfigKeys (ConfUtils.java:logGet(46)) - raft.grpc.admin.port = 0 (custom)
2023-01-27 20:42:48,127 [Listener at 127.0.0.1/46267] INFO  grpc.GrpcConfigKeys (ConfUtils.java:logFallback(53)) - raft.grpc.client.host = null (fallback to raft.grpc.server.host)
2023-01-27 20:42:48,127 [Listener at 127.0.0.1/46267] INFO  grpc.GrpcConfigKeys (ConfUtils.java:logGet(46)) - raft.grpc.client.port = 0 (custom)
2023-01-27 20:42:48,127 [Listener at 127.0.0.1/46267] INFO  grpc.GrpcConfigKeys (ConfUtils.java:logGet(46)) - raft.grpc.server.host = null (default)
2023-01-27 20:42:48,128 [Listener at 127.0.0.1/46267] INFO  grpc.GrpcConfigKeys (ConfUtils.java:logGet(46)) - raft.grpc.server.port = 0 (default)
2023-01-27 20:42:48,128 [Listener at 127.0.0.1/46267] INFO  server.GrpcService (ConfUtils.java:logGet(46)) - raft.grpc.message.size.max = 32MB (=33554432) (custom)
2023-01-27 20:42:48,128 [Listener at 127.0.0.1/46267] INFO  server.RaftServerConfigKeys (ConfUtils.java:logGet(46)) - raft.server.log.appender.buffer.byte-limit = 33554432 (custom)
2023-01-27 20:42:48,128 [Listener at 127.0.0.1/46267] INFO  server.GrpcService (ConfUtils.java:logGet(46)) - raft.grpc.flow.control.window = 5MB (=5242880) (custom)
2023-01-27 20:42:48,128 [Listener at 127.0.0.1/46267] INFO  server.RaftServerConfigKeys (ConfUtils.java:logGet(46)) - raft.server.rpc.request.timeout = 60s (custom)
2023-01-27 20:42:48,128 [Listener at 127.0.0.1/46267] INFO  grpc.GrpcConfigKeys (ConfUtils.java:logGet(46)) - raft.grpc.server.heartbeat.channel = true (default)
2023-01-27 20:42:48,128 [Listener at 127.0.0.1/46267] INFO  grpc.GrpcConfigKeys (ConfUtils.java:logGet(46)) - raft.grpc.server.async.request.thread.pool.cached = true (default)
2023-01-27 20:42:48,129 [Listener at 127.0.0.1/46267] INFO  grpc.GrpcConfigKeys (ConfUtils.java:logGet(46)) - raft.grpc.server.async.request.thread.pool.size = 32 (default)
2023-01-27 20:42:48,130 [Listener at 127.0.0.1/46267] INFO  impl.DataStreamServerImpl (ConfUtils.java:logGet(46)) - raft.datastream.type = NETTY (custom)
2023-01-27 20:42:48,130 [Listener at 127.0.0.1/46267] INFO  server.RaftServerConfigKeys (ConfUtils.java:logGet(46)) - raft.server.data-stream.async.request.thread.pool.cached = false (default)
2023-01-27 20:42:48,130 [Listener at 127.0.0.1/46267] INFO  server.RaftServerConfigKeys (ConfUtils.java:logGet(46)) - raft.server.data-stream.async.request.thread.pool.size = 20 (custom)
2023-01-27 20:42:48,130 [Listener at 127.0.0.1/46267] INFO  server.RaftServerConfigKeys (ConfUtils.java:logGet(46)) - raft.server.data-stream.async.write.thread.pool.size = 16 (default)
2023-01-27 20:42:48,130 [Listener at 127.0.0.1/46267] INFO  server.RaftServerConfigKeys (ConfUtils.java:logGet(46)) - raft.server.data-stream.client.pool.size = 10 (default)
2023-01-27 20:42:48,131 [Listener at 127.0.0.1/46267] INFO  netty.NettyConfigKeys$DataStream (ConfUtils.java:logGet(46)) - raft.netty.dataStream.server.use-epoll = false (default)
2023-01-27 20:42:48,131 [Listener at 127.0.0.1/46267] INFO  netty.NettyConfigKeys$DataStream (ConfUtils.java:logGet(46)) - raft.netty.dataStream.server.boss-group.size = 0 (default)
2023-01-27 20:42:48,131 [Listener at 127.0.0.1/46267] INFO  netty.NettyConfigKeys$DataStream (ConfUtils.java:logGet(46)) - raft.netty.dataStream.server.worker-group.size = 0 (default)
2023-01-27 20:42:48,132 [Listener at 127.0.0.1/46267] INFO  netty.NettyConfigKeys$DataStream (ConfUtils.java:logGet(46)) - raft.netty.dataStream.server.tls.conf = null (default)
2023-01-27 20:42:48,132 [Listener at 127.0.0.1/46267] INFO  netty.NettyConfigKeys$DataStream (ConfUtils.java:logGet(46)) - raft.netty.dataStream.host = null (default)
2023-01-27 20:42:48,132 [Listener at 127.0.0.1/46267] INFO  netty.NettyConfigKeys$DataStream (ConfUtils.java:logGet(46)) - raft.netty.dataStream.port = 0 (default)
2023-01-27 20:42:48,133 [Listener at 127.0.0.1/46267] INFO  server.RaftServerConfigKeys (ConfUtils.java:logGet(46)) - raft.server.threadpool.proxy.cached = true (default)
2023-01-27 20:42:48,133 [Listener at 127.0.0.1/46267] INFO  server.RaftServerConfigKeys (ConfUtils.java:logGet(46)) - raft.server.threadpool.proxy.size = 0 (default)
2023-01-27 20:42:48,134 [Listener at 127.0.0.1/46267] INFO  server.RaftServerConfigKeys (ConfUtils.java:logGet(46)) - raft.server.rpc.slowness.timeout = 300s (custom)
2023-01-27 20:42:48,134 [Listener at 127.0.0.1/46267] INFO  server.RaftServerConfigKeys (ConfUtils.java:logGet(46)) - raft.server.leaderelection.leader.step-down.wait-time = 10s (default)
2023-01-27 20:42:48,134 [Listener at 127.0.0.1/46267] INFO  server.RaftServerConfigKeys (ConfUtils.java:logGet(46)) - raft.server.storage.dir = [/home/runner/work/ozone/ozone/hadoop-ozone/integration-test/target/test-dir/MiniOzoneClusterImpl-befcc403-3179-4e75-bf53-7b17c2548d34/datanode-2/data/ratis] (custom)
2023-01-27 20:42:48,140 [761e2a81-3cf7-455e-896f-a019e5a4e3df-NettyServerStreamRpc-bossGroup--thread1] INFO  logging.LoggingHandler (AbstractInternalLogger.java:log(148)) - [id: 0xb735e278] REGISTERED
2023-01-27 20:42:48,140 [761e2a81-3cf7-455e-896f-a019e5a4e3df-NettyServerStreamRpc-bossGroup--thread1] INFO  logging.LoggingHandler (AbstractInternalLogger.java:log(148)) - [id: 0xb735e278] BIND: 0.0.0.0/0.0.0.0:0
2023-01-27 20:42:48,140 [761e2a81-3cf7-455e-896f-a019e5a4e3df-NettyServerStreamRpc-bossGroup--thread1] INFO  logging.LoggingHandler (AbstractInternalLogger.java:log(148)) - [id: 0xb735e278, L:/0:0:0:0:0:0:0:0:42559] ACTIVE
2023-01-27 20:42:48,142 [Listener at 127.0.0.1/46267] INFO  server.XceiverServerGrpc (XceiverServerGrpc.java:<init>(132)) - GrpcServer channel type EpollServerSocketChannel
2023-01-27 20:42:48,146 [Listener at 127.0.0.1/46267] INFO  http.BaseHttpServer (BaseHttpServer.java:newHttpServer2BuilderForOzone(213)) - Starting Web-server for hddsDatanode at: http://0.0.0.0:0
2023-01-27 20:42:48,146 [Listener at 127.0.0.1/46267] INFO  http.BaseHttpServer (BaseHttpServer.java:<init>(108)) - Hadoop Security Enabled: false Ozone Security Enabled: false Ozone HTTP Security Enabled: false 
2023-01-27 20:42:48,147 [Listener at 127.0.0.1/46267] WARN  server.AuthenticationFilter (AuthenticationFilter.java:constructSecretProvider(240)) - Unable to initialize FileSignerSecretProvider, falling back to use random secrets. Reason: Could not read signature secret file: /home/runner/hadoop-http-auth-signature-secret
2023-01-27 20:42:48,148 [Listener at 127.0.0.1/46267] WARN  http.HttpRequestLog (HttpRequestLog.java:getRequestLog(103)) - Jetty request log can only be enabled using Log4j
2023-01-27 20:42:48,149 [Listener at 127.0.0.1/46267] INFO  http.HttpServer2 (HttpServer2.java:addGlobalFilter(1031)) - Added global filter 'safety' (class=org.apache.hadoop.hdds.server.http.HttpServer2$QuotingInputFilter)
2023-01-27 20:42:48,150 [Listener at 127.0.0.1/46267] INFO  http.HttpServer2 (HttpServer2.java:addFilter(1007)) - Added filter static_user_filter (class=org.apache.hadoop.http.lib.StaticUserWebFilter$StaticUserFilter) to context hddsDatanode
2023-01-27 20:42:48,150 [Listener at 127.0.0.1/46267] INFO  http.HttpServer2 (HttpServer2.java:addFilter(1015)) - Added filter static_user_filter (class=org.apache.hadoop.http.lib.StaticUserWebFilter$StaticUserFilter) to context logs
2023-01-27 20:42:48,150 [Listener at 127.0.0.1/46267] INFO  http.HttpServer2 (HttpServer2.java:addFilter(1015)) - Added filter static_user_filter (class=org.apache.hadoop.http.lib.StaticUserWebFilter$StaticUserFilter) to context static
2023-01-27 20:42:48,151 [Listener at 127.0.0.1/46267] INFO  http.HttpServer2 (HttpServer2.java:bindListener(1250)) - Jetty bound to port 41337
2023-01-27 20:42:48,151 [Listener at 127.0.0.1/46267] INFO  server.Server (Server.java:doStart(375)) - jetty-9.4.49.v20220914; built: 2022-09-14T01:07:36.601Z; git: 4231a3b2e4cb8548a412a789936d640a97b1aa0a; jvm 1.8.0_352-b08
2023-01-27 20:42:48,154 [Listener at 127.0.0.1/46267] INFO  server.session (DefaultSessionIdManager.java:doStart(334)) - DefaultSessionIdManager workerName=node0
2023-01-27 20:42:48,154 [Listener at 127.0.0.1/46267] INFO  server.session (DefaultSessionIdManager.java:doStart(339)) - No SessionScavenger set, using defaults
2023-01-27 20:42:48,154 [Listener at 127.0.0.1/46267] INFO  server.session (HouseKeeper.java:startScavenging(132)) - node0 Scavenging every 660000ms
2023-01-27 20:42:48,155 [Listener at 127.0.0.1/46267] INFO  handler.ContextHandler (ContextHandler.java:doStart(921)) - Started o.e.j.s.ServletContextHandler@49a72dd5{logs,/logs,file:///home/runner/work/ozone/ozone/hadoop-ozone/integration-test/target/log,AVAILABLE}
2023-01-27 20:42:48,155 [Listener at 127.0.0.1/46267] INFO  handler.ContextHandler (ContextHandler.java:doStart(921)) - Started o.e.j.s.ServletContextHandler@6850dec4{static,/static,jar:file:/home/runner/.m2/repository/org/apache/ozone/hdds-container-service/1.4.0-SNAPSHOT/hdds-container-service-1.4.0-SNAPSHOT.jar!/webapps/static,AVAILABLE}
2023-01-27 20:42:48,335 [Listener at 127.0.0.1/46267] INFO  handler.ContextHandler (ContextHandler.java:doStart(921)) - Started o.e.j.w.WebAppContext@493cadeb{hddsDatanode,/,file:///tmp/jetty-0_0_0_0-41337-hdds-container-service-1_4_0-SNAPSHOT_jar-_-any-2528068072736986638/webapp/,AVAILABLE}{jar:file:/home/runner/.m2/repository/org/apache/ozone/hdds-container-service/1.4.0-SNAPSHOT/hdds-container-service-1.4.0-SNAPSHOT.jar!/webapps/hddsDatanode}
2023-01-27 20:42:48,337 [Listener at 127.0.0.1/46267] INFO  server.AbstractConnector (AbstractConnector.java:doStart(333)) - Started ServerConnector@67adede9{HTTP/1.1, (http/1.1)}{0.0.0.0:41337}
2023-01-27 20:42:48,337 [Listener at 127.0.0.1/46267] INFO  server.Server (Server.java:doStart(415)) - Started @10067ms
2023-01-27 20:42:48,338 [Listener at 127.0.0.1/46267] WARN  impl.MetricsSystemImpl (MetricsSystemImpl.java:register(279)) - Sink prometheus already exists!
2023-01-27 20:42:48,338 [Listener at 127.0.0.1/46267] INFO  http.BaseHttpServer (BaseHttpServer.java:updateConnectorAddress(333)) - HTTP server of hddsDatanode listening at http://0.0.0.0:41337
2023-01-27 20:42:48,341 [Listener at 127.0.0.1/46267] INFO  ozone.MiniOzoneClusterImpl (MiniOzoneClusterImpl.java:lambda$waitForClusterToBeReady$0(218)) - Waiting for nodes to be ready. Got 0 of 3 DN Heartbeats.
2023-01-27 20:42:48,341 [Listener at 127.0.0.1/46267] INFO  ozone.MiniOzoneClusterImpl (MiniOzoneClusterImpl.java:lambda$waitForClusterToBeReady$0(221)) - Waiting for cluster to exit safe mode
2023-01-27 20:42:48,341 [Listener at 127.0.0.1/46267] INFO  ozone.MiniOzoneClusterImpl (MiniOzoneClusterImpl.java:lambda$waitForClusterToBeReady$0(223)) - SCM became leader
2023-01-27 20:42:48,342 [Datanode State Machine Daemon Thread] INFO  statemachine.DatanodeStateMachine (DatanodeStateMachine.java:lambda$startDaemon$0(515)) - Ozone container server started.
2023-01-27 20:42:48,355 [org.apache.hadoop.util.JvmPauseMonitor$Monitor@79e418ed] INFO  util.JvmPauseMonitor (JvmPauseMonitor.java:run(188)) - Starting JVM pause monitor
2023-01-27 20:42:48,361 [Datanode State Machine Task Thread - 0] INFO  datanode.InitDatanodeState (InitDatanodeState.java:persistContainerDatanodeDetails(138)) - DatanodeDetails is persisted to /home/runner/work/ozone/ozone/hadoop-ozone/integration-test/target/test-dir/MiniOzoneClusterImpl-befcc403-3179-4e75-bf53-7b17c2548d34/datanode-2/meta/datanode.id
2023-01-27 20:42:49,342 [Listener at 127.0.0.1/46267] INFO  ozone.MiniOzoneClusterImpl (MiniOzoneClusterImpl.java:lambda$waitForClusterToBeReady$0(218)) - Waiting for nodes to be ready. Got 0 of 3 DN Heartbeats.
2023-01-27 20:42:49,342 [Listener at 127.0.0.1/46267] INFO  ozone.MiniOzoneClusterImpl (MiniOzoneClusterImpl.java:lambda$waitForClusterToBeReady$0(221)) - Waiting for cluster to exit safe mode
2023-01-27 20:42:49,342 [Listener at 127.0.0.1/46267] INFO  ozone.MiniOzoneClusterImpl (MiniOzoneClusterImpl.java:lambda$waitForClusterToBeReady$0(223)) - SCM became leader
2023-01-27 20:42:49,433 | INFO  | SCMAudit | user=runner | ip=10.1.1.6 | op=GET_VERSION null | ret=SUCCESS |  
2023-01-27 20:42:49,498 [EndpointStateMachine task thread for /0.0.0.0:42257 - 0 ] INFO  utils.DatanodeStoreCache (DatanodeStoreCache.java:addDB(58)) - Added db /home/runner/work/ozone/ozone/hadoop-ozone/integration-test/target/test-dir/MiniOzoneClusterImpl-befcc403-3179-4e75-bf53-7b17c2548d34/datanode-0/data-0/containers/hdds/befcc403-3179-4e75-bf53-7b17c2548d34/DS-89b7858a-6fa9-4500-aab7-7a19c7cc030f/container.db to cache
2023-01-27 20:42:49,498 [EndpointStateMachine task thread for /0.0.0.0:42257 - 0 ] INFO  volume.HddsVolume (HddsVolume.java:createDbStore(307)) - SchemaV3 db is created and loaded at /home/runner/work/ozone/ozone/hadoop-ozone/integration-test/target/test-dir/MiniOzoneClusterImpl-befcc403-3179-4e75-bf53-7b17c2548d34/datanode-0/data-0/containers/hdds/befcc403-3179-4e75-bf53-7b17c2548d34/DS-89b7858a-6fa9-4500-aab7-7a19c7cc030f/container.db for volume DS-89b7858a-6fa9-4500-aab7-7a19c7cc030f
2023-01-27 20:42:49,499 [EndpointStateMachine task thread for /0.0.0.0:42257 - 0 ] INFO  ozoneimpl.OzoneContainer (OzoneContainer.java:start(399)) - Attempting to start container services.
2023-01-27 20:42:49,501 [EndpointStateMachine task thread for /0.0.0.0:42257 - 0 ] INFO  ozoneimpl.OzoneContainer (OzoneContainer.java:startContainerScrub(316)) - Scheduled background container scanners and the on-demand container scanner have been disabled.
2023-01-27 20:42:49,503 [EndpointStateMachine task thread for /0.0.0.0:42257 - 0 ] INFO  replication.ReplicationServer (ReplicationServer.java:start(109)) - ReplicationServer is started using port 38583
2023-01-27 20:42:49,506 [EndpointStateMachine task thread for /0.0.0.0:42257 - 0 ] INFO  ratis.XceiverServerRatis (XceiverServerRatis.java:start(517)) - Starting XceiverServerRatis 9447c40a-1705-47c5-a812-fa9699ec0ab2
2023-01-27 20:42:49,512 [EndpointStateMachine task thread for /0.0.0.0:42257 - 0 ] INFO  server.RaftServer (RaftServerProxy.java:startImpl(393)) - 9447c40a-1705-47c5-a812-fa9699ec0ab2: start RPC server
2023-01-27 20:42:49,517 [EndpointStateMachine task thread for /0.0.0.0:42257 - 0 ] INFO  server.GrpcService (GrpcService.java:startImpl(262)) - 9447c40a-1705-47c5-a812-fa9699ec0ab2: GrpcService started, listening on 34539
2023-01-27 20:42:49,518 [EndpointStateMachine task thread for /0.0.0.0:42257 - 0 ] INFO  ratis.XceiverServerRatis (XceiverServerRatis.java:getRealPort(543)) - XceiverServerRatis 9447c40a-1705-47c5-a812-fa9699ec0ab2 is started using port 34539 for RATIS
2023-01-27 20:42:49,518 [EndpointStateMachine task thread for /0.0.0.0:42257 - 0 ] INFO  ratis.XceiverServerRatis (XceiverServerRatis.java:getRealPort(543)) - XceiverServerRatis 9447c40a-1705-47c5-a812-fa9699ec0ab2 is started using port 34539 for RATIS_ADMIN
2023-01-27 20:42:49,518 [EndpointStateMachine task thread for /0.0.0.0:42257 - 0 ] INFO  ratis.XceiverServerRatis (XceiverServerRatis.java:getRealPort(543)) - XceiverServerRatis 9447c40a-1705-47c5-a812-fa9699ec0ab2 is started using port 34539 for RATIS_SERVER
2023-01-27 20:42:49,518 [EndpointStateMachine task thread for /0.0.0.0:42257 - 0 ] INFO  ratis.XceiverServerRatis (XceiverServerRatis.java:getRealPort(543)) - XceiverServerRatis 9447c40a-1705-47c5-a812-fa9699ec0ab2 is started using port 37163 for RATIS_DATASTREAM
2023-01-27 20:42:49,519 [JvmPauseMonitor1] INFO  util.JvmPauseMonitor (JvmPauseMonitor.java:run(105)) - JvmPauseMonitor-9447c40a-1705-47c5-a812-fa9699ec0ab2: Started
2023-01-27 20:42:49,525 [EndpointStateMachine task thread for /0.0.0.0:42257 - 0 ] INFO  server.XceiverServerGrpc (XceiverServerGrpc.java:start(180)) - XceiverServerGrpc 9447c40a-1705-47c5-a812-fa9699ec0ab2 is started using port 39297
2023-01-27 20:42:49,998 | INFO  | SCMAudit | user=runner | ip=10.1.1.6 | op=GET_VERSION null | ret=SUCCESS |  
2023-01-27 20:42:50,032 [EndpointStateMachine task thread for /0.0.0.0:42257 - 0 ] INFO  utils.DatanodeStoreCache (DatanodeStoreCache.java:addDB(58)) - Added db /home/runner/work/ozone/ozone/hadoop-ozone/integration-test/target/test-dir/MiniOzoneClusterImpl-befcc403-3179-4e75-bf53-7b17c2548d34/datanode-1/data-0/containers/hdds/befcc403-3179-4e75-bf53-7b17c2548d34/DS-3078f204-5f34-4176-96ab-ad248e30d50f/container.db to cache
2023-01-27 20:42:50,032 [EndpointStateMachine task thread for /0.0.0.0:42257 - 0 ] INFO  volume.HddsVolume (HddsVolume.java:createDbStore(307)) - SchemaV3 db is created and loaded at /home/runner/work/ozone/ozone/hadoop-ozone/integration-test/target/test-dir/MiniOzoneClusterImpl-befcc403-3179-4e75-bf53-7b17c2548d34/datanode-1/data-0/containers/hdds/befcc403-3179-4e75-bf53-7b17c2548d34/DS-3078f204-5f34-4176-96ab-ad248e30d50f/container.db for volume DS-3078f204-5f34-4176-96ab-ad248e30d50f
2023-01-27 20:42:50,033 [EndpointStateMachine task thread for /0.0.0.0:42257 - 0 ] INFO  ozoneimpl.OzoneContainer (OzoneContainer.java:start(399)) - Attempting to start container services.
2023-01-27 20:42:50,033 [EndpointStateMachine task thread for /0.0.0.0:42257 - 0 ] INFO  ozoneimpl.OzoneContainer (OzoneContainer.java:startContainerScrub(316)) - Scheduled background container scanners and the on-demand container scanner have been disabled.
2023-01-27 20:42:50,035 [EndpointStateMachine task thread for /0.0.0.0:42257 - 0 ] INFO  replication.ReplicationServer (ReplicationServer.java:start(109)) - ReplicationServer is started using port 41373
2023-01-27 20:42:50,035 [EndpointStateMachine task thread for /0.0.0.0:42257 - 0 ] INFO  ratis.XceiverServerRatis (XceiverServerRatis.java:start(517)) - Starting XceiverServerRatis 79ace3de-40f8-4333-9712-129ecf4cb056
2023-01-27 20:42:50,036 [EndpointStateMachine task thread for /0.0.0.0:42257 - 0 ] INFO  server.RaftServer (RaftServerProxy.java:startImpl(393)) - 79ace3de-40f8-4333-9712-129ecf4cb056: start RPC server
2023-01-27 20:42:50,038 [EndpointStateMachine task thread for /0.0.0.0:42257 - 0 ] INFO  server.GrpcService (GrpcService.java:startImpl(262)) - 79ace3de-40f8-4333-9712-129ecf4cb056: GrpcService started, listening on 38443
2023-01-27 20:42:50,039 [EndpointStateMachine task thread for /0.0.0.0:42257 - 0 ] INFO  ratis.XceiverServerRatis (XceiverServerRatis.java:getRealPort(543)) - XceiverServerRatis 79ace3de-40f8-4333-9712-129ecf4cb056 is started using port 38443 for RATIS
2023-01-27 20:42:50,039 [JvmPauseMonitor2] INFO  util.JvmPauseMonitor (JvmPauseMonitor.java:run(105)) - JvmPauseMonitor-79ace3de-40f8-4333-9712-129ecf4cb056: Started
2023-01-27 20:42:50,039 [EndpointStateMachine task thread for /0.0.0.0:42257 - 0 ] INFO  ratis.XceiverServerRatis (XceiverServerRatis.java:getRealPort(543)) - XceiverServerRatis 79ace3de-40f8-4333-9712-129ecf4cb056 is started using port 38443 for RATIS_ADMIN
2023-01-27 20:42:50,039 [EndpointStateMachine task thread for /0.0.0.0:42257 - 0 ] INFO  ratis.XceiverServerRatis (XceiverServerRatis.java:getRealPort(543)) - XceiverServerRatis 79ace3de-40f8-4333-9712-129ecf4cb056 is started using port 38443 for RATIS_SERVER
2023-01-27 20:42:50,039 [EndpointStateMachine task thread for /0.0.0.0:42257 - 0 ] INFO  ratis.XceiverServerRatis (XceiverServerRatis.java:getRealPort(543)) - XceiverServerRatis 79ace3de-40f8-4333-9712-129ecf4cb056 is started using port 34959 for RATIS_DATASTREAM
2023-01-27 20:42:50,046 [EndpointStateMachine task thread for /0.0.0.0:42257 - 0 ] INFO  server.XceiverServerGrpc (XceiverServerGrpc.java:start(180)) - XceiverServerGrpc 79ace3de-40f8-4333-9712-129ecf4cb056 is started using port 45743
2023-01-27 20:42:50,342 [Listener at 127.0.0.1/46267] INFO  ozone.MiniOzoneClusterImpl (MiniOzoneClusterImpl.java:lambda$waitForClusterToBeReady$0(218)) - Waiting for nodes to be ready. Got 0 of 3 DN Heartbeats.
2023-01-27 20:42:50,343 [Listener at 127.0.0.1/46267] INFO  ozone.MiniOzoneClusterImpl (MiniOzoneClusterImpl.java:lambda$waitForClusterToBeReady$0(221)) - Waiting for cluster to exit safe mode
2023-01-27 20:42:50,343 [Listener at 127.0.0.1/46267] INFO  ozone.MiniOzoneClusterImpl (MiniOzoneClusterImpl.java:lambda$waitForClusterToBeReady$0(223)) - SCM became leader
2023-01-27 20:42:50,358 | INFO  | SCMAudit | user=runner | ip=10.1.1.6 | op=GET_VERSION null | ret=SUCCESS |  
2023-01-27 20:42:50,403 [EndpointStateMachine task thread for /0.0.0.0:42257 - 0 ] INFO  utils.DatanodeStoreCache (DatanodeStoreCache.java:addDB(58)) - Added db /home/runner/work/ozone/ozone/hadoop-ozone/integration-test/target/test-dir/MiniOzoneClusterImpl-befcc403-3179-4e75-bf53-7b17c2548d34/datanode-2/data-0/containers/hdds/befcc403-3179-4e75-bf53-7b17c2548d34/DS-6ee1e8f0-508f-4b2d-ba02-fb3c45d677d0/container.db to cache
2023-01-27 20:42:50,403 [EndpointStateMachine task thread for /0.0.0.0:42257 - 0 ] INFO  volume.HddsVolume (HddsVolume.java:createDbStore(307)) - SchemaV3 db is created and loaded at /home/runner/work/ozone/ozone/hadoop-ozone/integration-test/target/test-dir/MiniOzoneClusterImpl-befcc403-3179-4e75-bf53-7b17c2548d34/datanode-2/data-0/containers/hdds/befcc403-3179-4e75-bf53-7b17c2548d34/DS-6ee1e8f0-508f-4b2d-ba02-fb3c45d677d0/container.db for volume DS-6ee1e8f0-508f-4b2d-ba02-fb3c45d677d0
2023-01-27 20:42:50,403 [EndpointStateMachine task thread for /0.0.0.0:42257 - 0 ] INFO  ozoneimpl.OzoneContainer (OzoneContainer.java:start(399)) - Attempting to start container services.
2023-01-27 20:42:50,403 [EndpointStateMachine task thread for /0.0.0.0:42257 - 0 ] INFO  ozoneimpl.OzoneContainer (OzoneContainer.java:startContainerScrub(316)) - Scheduled background container scanners and the on-demand container scanner have been disabled.
2023-01-27 20:42:50,406 [EndpointStateMachine task thread for /0.0.0.0:42257 - 0 ] INFO  replication.ReplicationServer (ReplicationServer.java:start(109)) - ReplicationServer is started using port 39775
2023-01-27 20:42:50,406 [EndpointStateMachine task thread for /0.0.0.0:42257 - 0 ] INFO  ratis.XceiverServerRatis (XceiverServerRatis.java:start(517)) - Starting XceiverServerRatis 761e2a81-3cf7-455e-896f-a019e5a4e3df
2023-01-27 20:42:50,412 [EndpointStateMachine task thread for /0.0.0.0:42257 - 0 ] INFO  server.RaftServer (RaftServerProxy.java:startImpl(393)) - 761e2a81-3cf7-455e-896f-a019e5a4e3df: start RPC server
2023-01-27 20:42:50,419 [EndpointStateMachine task thread for /0.0.0.0:42257 - 0 ] INFO  server.GrpcService (GrpcService.java:startImpl(262)) - 761e2a81-3cf7-455e-896f-a019e5a4e3df: GrpcService started, listening on 39123
2023-01-27 20:42:50,419 [EndpointStateMachine task thread for /0.0.0.0:42257 - 0 ] INFO  ratis.XceiverServerRatis (XceiverServerRatis.java:getRealPort(543)) - XceiverServerRatis 761e2a81-3cf7-455e-896f-a019e5a4e3df is started using port 39123 for RATIS
2023-01-27 20:42:50,419 [EndpointStateMachine task thread for /0.0.0.0:42257 - 0 ] INFO  ratis.XceiverServerRatis (XceiverServerRatis.java:getRealPort(543)) - XceiverServerRatis 761e2a81-3cf7-455e-896f-a019e5a4e3df is started using port 39123 for RATIS_ADMIN
2023-01-27 20:42:50,419 [JvmPauseMonitor3] INFO  util.JvmPauseMonitor (JvmPauseMonitor.java:run(105)) - JvmPauseMonitor-761e2a81-3cf7-455e-896f-a019e5a4e3df: Started
2023-01-27 20:42:50,419 [EndpointStateMachine task thread for /0.0.0.0:42257 - 0 ] INFO  ratis.XceiverServerRatis (XceiverServerRatis.java:getRealPort(543)) - XceiverServerRatis 761e2a81-3cf7-455e-896f-a019e5a4e3df is started using port 39123 for RATIS_SERVER
2023-01-27 20:42:50,419 [EndpointStateMachine task thread for /0.0.0.0:42257 - 0 ] INFO  ratis.XceiverServerRatis (XceiverServerRatis.java:getRealPort(543)) - XceiverServerRatis 761e2a81-3cf7-455e-896f-a019e5a4e3df is started using port 42559 for RATIS_DATASTREAM
2023-01-27 20:42:50,422 [EndpointStateMachine task thread for /0.0.0.0:42257 - 0 ] INFO  server.XceiverServerGrpc (XceiverServerGrpc.java:start(180)) - XceiverServerGrpc 761e2a81-3cf7-455e-896f-a019e5a4e3df is started using port 44741
2023-01-27 20:42:51,343 [Listener at 127.0.0.1/46267] INFO  ozone.MiniOzoneClusterImpl (MiniOzoneClusterImpl.java:lambda$waitForClusterToBeReady$0(218)) - Waiting for nodes to be ready. Got 0 of 3 DN Heartbeats.
2023-01-27 20:42:51,343 [Listener at 127.0.0.1/46267] INFO  ozone.MiniOzoneClusterImpl (MiniOzoneClusterImpl.java:lambda$waitForClusterToBeReady$0(221)) - Waiting for cluster to exit safe mode
2023-01-27 20:42:51,344 [Listener at 127.0.0.1/46267] INFO  ozone.MiniOzoneClusterImpl (MiniOzoneClusterImpl.java:lambda$waitForClusterToBeReady$0(223)) - SCM became leader
2023-01-27 20:42:51,402 [IPC Server handler 11 on default port 42257] INFO  net.NetworkTopologyImpl (NetworkTopologyImpl.java:add(112)) - Added a new node: /default-rack/9447c40a-1705-47c5-a812-fa9699ec0ab2
2023-01-27 20:42:51,404 [IPC Server handler 11 on default port 42257] INFO  node.SCMNodeManager (SCMNodeManager.java:register(397)) - Registered Data node : 9447c40a-1705-47c5-a812-fa9699ec0ab2{ip: 10.1.1.6, host: fv-az399-583.4urtqdmtpd2erju50p4tzyn2ng.bx.internal.cloudapp.net, ports: [REPLICATION=38583, RATIS=34539, RATIS_ADMIN=34539, RATIS_SERVER=34539, RATIS_DATASTREAM=37163, STANDALONE=39297], networkLocation: /default-rack, certSerialId: null, persistedOpState: null, persistedOpStateExpiryEpochSec: 0}
2023-01-27 20:42:51,410 [EventQueue-NewNodeForNewNodeHandler] INFO  pipeline.BackgroundPipelineCreator (BackgroundPipelineCreator.java:notifyEventTriggered(276)) - trigger a one-shot run on RatisPipelineUtilsThread.
2023-01-27 20:42:51,414 [EventQueue-NodeRegistrationContainerReportForContainerSafeModeRule] INFO  safemode.SCMSafeModeManager (SCMSafeModeManager.java:validateSafeModeExitRules(200)) - ContainerSafeModeRule rule is successfully validated
2023-01-27 20:42:51,419 [RatisPipelineUtilsThread - 0] INFO  pipeline.RatisPipelineProvider (RatisPipelineProvider.java:lambda$create$0(206)) - Sending CreatePipelineCommand for pipeline:PipelineID=d11a2c76-c1a8-46b4-a1ae-7efb259a5f1c to datanode:9447c40a-1705-47c5-a812-fa9699ec0ab2
2023-01-27 20:42:51,420 [EventQueue-NodeRegistrationContainerReportForDataNodeSafeModeRule] INFO  safemode.SCMSafeModeManager (DataNodeSafeModeRule.java:process(71)) - SCM in safe mode. 1 DataNodes registered, 3 required.
2023-01-27 20:42:51,422 | INFO  | SCMAudit | user=runner | ip=10.1.1.6 | op=REGISTER {datanodeDetails=9447c40a-1705-47c5-a812-fa9699ec0ab2(fv-az399-583.4urtqdmtpd2erju50p4tzyn2ng.bx.internal.cloudapp.net/10.1.1.6)} | ret=SUCCESS |  
2023-01-27 20:42:51,423 [EventQueue-PipelineReportForOneReplicaPipelineSafeModeRule] INFO  safemode.SCMSafeModeManager (SCMSafeModeManager.java:validateSafeModeExitRules(200)) - AtleastOneDatanodeReportedRule rule is successfully validated
2023-01-27 20:42:51,437 [RatisPipelineUtilsThread - 0] INFO  pipeline.PipelineStateManagerImpl (PipelineStateManagerImpl.java:addPipeline(103)) - Created pipeline Pipeline[ Id: d11a2c76-c1a8-46b4-a1ae-7efb259a5f1c, Nodes: 9447c40a-1705-47c5-a812-fa9699ec0ab2(fv-az399-583.4urtqdmtpd2erju50p4tzyn2ng.bx.internal.cloudapp.net/10.1.1.6), ReplicationConfig: RATIS/ONE, State:ALLOCATED, leaderId:, CreationTimestamp2023-01-27T20:42:51.418Z[Etc/UTC]].
2023-01-27 20:42:51,998 [IPC Server handler 17 on default port 42257] INFO  net.NetworkTopologyImpl (NetworkTopologyImpl.java:add(112)) - Added a new node: /default-rack/79ace3de-40f8-4333-9712-129ecf4cb056
2023-01-27 20:42:51,998 [IPC Server handler 17 on default port 42257] INFO  node.SCMNodeManager (SCMNodeManager.java:register(397)) - Registered Data node : 79ace3de-40f8-4333-9712-129ecf4cb056{ip: 10.1.1.6, host: fv-az399-583.4urtqdmtpd2erju50p4tzyn2ng.bx.internal.cloudapp.net, ports: [REPLICATION=41373, RATIS=38443, RATIS_ADMIN=38443, RATIS_SERVER=38443, RATIS_DATASTREAM=34959, STANDALONE=45743], networkLocation: /default-rack, certSerialId: null, persistedOpState: null, persistedOpStateExpiryEpochSec: 0}
2023-01-27 20:42:51,998 | INFO  | SCMAudit | user=runner | ip=10.1.1.6 | op=REGISTER {datanodeDetails=79ace3de-40f8-4333-9712-129ecf4cb056(fv-az399-583.4urtqdmtpd2erju50p4tzyn2ng.bx.internal.cloudapp.net/10.1.1.6)} | ret=SUCCESS |  
2023-01-27 20:42:51,999 [EventQueue-NodeRegistrationContainerReportForDataNodeSafeModeRule] INFO  safemode.SCMSafeModeManager (DataNodeSafeModeRule.java:process(71)) - SCM in safe mode. 2 DataNodes registered, 3 required.
2023-01-27 20:42:51,999 [EventQueue-NewNodeForNewNodeHandler] INFO  pipeline.BackgroundPipelineCreator (BackgroundPipelineCreator.java:notifyEventTriggered(276)) - trigger a one-shot run on RatisPipelineUtilsThread.
2023-01-27 20:42:52,000 [RatisPipelineUtilsThread - 0] INFO  pipeline.RatisPipelineProvider (RatisPipelineProvider.java:lambda$create$0(206)) - Sending CreatePipelineCommand for pipeline:PipelineID=a4325fdd-c7ce-4686-ae55-f044f659c156 to datanode:79ace3de-40f8-4333-9712-129ecf4cb056
2023-01-27 20:42:52,001 [RatisPipelineUtilsThread - 0] INFO  pipeline.PipelineStateManagerImpl (PipelineStateManagerImpl.java:addPipeline(103)) - Created pipeline Pipeline[ Id: a4325fdd-c7ce-4686-ae55-f044f659c156, Nodes: 79ace3de-40f8-4333-9712-129ecf4cb056(fv-az399-583.4urtqdmtpd2erju50p4tzyn2ng.bx.internal.cloudapp.net/10.1.1.6), ReplicationConfig: RATIS/ONE, State:ALLOCATED, leaderId:, CreationTimestamp2023-01-27T20:42:52Z[Etc/UTC]].
2023-01-27 20:42:52,344 [Listener at 127.0.0.1/46267] INFO  ozone.MiniOzoneClusterImpl (MiniOzoneClusterImpl.java:lambda$waitForClusterToBeReady$0(218)) - Waiting for nodes to be ready. Got 2 of 3 DN Heartbeats.
2023-01-27 20:42:52,344 [Listener at 127.0.0.1/46267] INFO  ozone.MiniOzoneClusterImpl (MiniOzoneClusterImpl.java:lambda$waitForClusterToBeReady$0(221)) - Waiting for cluster to exit safe mode
2023-01-27 20:42:52,344 [Listener at 127.0.0.1/46267] INFO  ozone.MiniOzoneClusterImpl (MiniOzoneClusterImpl.java:lambda$waitForClusterToBeReady$0(223)) - SCM became leader
2023-01-27 20:42:52,358 [IPC Server handler 18 on default port 42257] INFO  net.NetworkTopologyImpl (NetworkTopologyImpl.java:add(112)) - Added a new node: /default-rack/761e2a81-3cf7-455e-896f-a019e5a4e3df
2023-01-27 20:42:52,358 [IPC Server handler 18 on default port 42257] INFO  node.SCMNodeManager (SCMNodeManager.java:register(397)) - Registered Data node : 761e2a81-3cf7-455e-896f-a019e5a4e3df{ip: 10.1.1.6, host: fv-az399-583.4urtqdmtpd2erju50p4tzyn2ng.bx.internal.cloudapp.net, ports: [REPLICATION=39775, RATIS=39123, RATIS_ADMIN=39123, RATIS_SERVER=39123, RATIS_DATASTREAM=42559, STANDALONE=44741], networkLocation: /default-rack, certSerialId: null, persistedOpState: null, persistedOpStateExpiryEpochSec: 0}
2023-01-27 20:42:52,358 | INFO  | SCMAudit | user=runner | ip=10.1.1.6 | op=REGISTER {datanodeDetails=761e2a81-3cf7-455e-896f-a019e5a4e3df(fv-az399-583.4urtqdmtpd2erju50p4tzyn2ng.bx.internal.cloudapp.net/10.1.1.6)} | ret=SUCCESS |  
2023-01-27 20:42:52,359 [EventQueue-NewNodeForNewNodeHandler] INFO  pipeline.BackgroundPipelineCreator (BackgroundPipelineCreator.java:notifyEventTriggered(276)) - trigger a one-shot run on RatisPipelineUtilsThread.
2023-01-27 20:42:52,359 [EventQueue-NodeRegistrationContainerReportForDataNodeSafeModeRule] INFO  safemode.SCMSafeModeManager (DataNodeSafeModeRule.java:process(71)) - SCM in safe mode. 3 DataNodes registered, 3 required.
2023-01-27 20:42:52,359 [EventQueue-NodeRegistrationContainerReportForDataNodeSafeModeRule] INFO  safemode.SCMSafeModeManager (SCMSafeModeManager.java:validateSafeModeExitRules(200)) - DataNodeSafeModeRule rule is successfully validated
2023-01-27 20:42:52,359 [EventQueue-NodeRegistrationContainerReportForDataNodeSafeModeRule] INFO  safemode.SCMSafeModeManager (SCMSafeModeManager.java:completePreCheck(229)) - All SCM safe mode pre check rules have passed
2023-01-27 20:42:52,359 [EventQueue-NodeRegistrationContainerReportForDataNodeSafeModeRule] INFO  ha.SCMContext (SCMContext.java:updateSafeModeStatus(228)) - Update SafeModeStatus from SafeModeStatus{safeModeStatus=true, preCheckPassed=false} to SafeModeStatus{safeModeStatus=true, preCheckPassed=true}.
2023-01-27 20:42:52,359 [EventQueue-NodeRegistrationContainerReportForDataNodeSafeModeRule] INFO  pipeline.BackgroundPipelineCreator (BackgroundPipelineCreator.java:notifyEventTriggered(276)) - trigger a one-shot run on RatisPipelineUtilsThread.
2023-01-27 20:42:52,359 [RatisPipelineUtilsThread - 0] INFO  pipeline.RatisPipelineProvider (RatisPipelineProvider.java:lambda$create$0(206)) - Sending CreatePipelineCommand for pipeline:PipelineID=5a88978f-cc00-4d52-9ae5-fd54612bd5e9 to datanode:761e2a81-3cf7-455e-896f-a019e5a4e3df
2023-01-27 20:42:52,360 [RatisPipelineUtilsThread - 0] INFO  pipeline.PipelineStateManagerImpl (PipelineStateManagerImpl.java:addPipeline(103)) - Created pipeline Pipeline[ Id: 5a88978f-cc00-4d52-9ae5-fd54612bd5e9, Nodes: 761e2a81-3cf7-455e-896f-a019e5a4e3df(fv-az399-583.4urtqdmtpd2erju50p4tzyn2ng.bx.internal.cloudapp.net/10.1.1.6), ReplicationConfig: RATIS/ONE, State:ALLOCATED, leaderId:, CreationTimestamp2023-01-27T20:42:52.359Z[Etc/UTC]].
2023-01-27 20:42:52,365 [RatisPipelineUtilsThread - 0] INFO  pipeline.RatisPipelineProvider (RatisPipelineProvider.java:lambda$create$0(206)) - Sending CreatePipelineCommand for pipeline:PipelineID=68551269-ab8e-4526-907c-88886c957466 to datanode:761e2a81-3cf7-455e-896f-a019e5a4e3df
2023-01-27 20:42:52,365 [RatisPipelineUtilsThread - 0] INFO  pipeline.RatisPipelineProvider (RatisPipelineProvider.java:lambda$create$0(206)) - Sending CreatePipelineCommand for pipeline:PipelineID=68551269-ab8e-4526-907c-88886c957466 to datanode:79ace3de-40f8-4333-9712-129ecf4cb056
2023-01-27 20:42:52,365 [RatisPipelineUtilsThread - 0] INFO  pipeline.RatisPipelineProvider (RatisPipelineProvider.java:lambda$create$0(206)) - Sending CreatePipelineCommand for pipeline:PipelineID=68551269-ab8e-4526-907c-88886c957466 to datanode:9447c40a-1705-47c5-a812-fa9699ec0ab2
2023-01-27 20:42:52,366 [RatisPipelineUtilsThread - 0] INFO  pipeline.PipelineStateManagerImpl (PipelineStateManagerImpl.java:addPipeline(103)) - Created pipeline Pipeline[ Id: 68551269-ab8e-4526-907c-88886c957466, Nodes: 761e2a81-3cf7-455e-896f-a019e5a4e3df(fv-az399-583.4urtqdmtpd2erju50p4tzyn2ng.bx.internal.cloudapp.net/10.1.1.6)79ace3de-40f8-4333-9712-129ecf4cb056(fv-az399-583.4urtqdmtpd2erju50p4tzyn2ng.bx.internal.cloudapp.net/10.1.1.6)9447c40a-1705-47c5-a812-fa9699ec0ab2(fv-az399-583.4urtqdmtpd2erju50p4tzyn2ng.bx.internal.cloudapp.net/10.1.1.6), ReplicationConfig: RATIS/THREE, State:ALLOCATED, leaderId:, CreationTimestamp2023-01-27T20:42:52.365Z[Etc/UTC]].
2023-01-27 20:42:52,367 [RatisPipelineUtilsThread - 0] INFO  pipeline.RatisPipelineProvider (RatisPipelineProvider.java:lambda$create$0(206)) - Sending CreatePipelineCommand for pipeline:PipelineID=3f016cf6-359d-44ee-9c35-bbc72de46fa7 to datanode:761e2a81-3cf7-455e-896f-a019e5a4e3df
2023-01-27 20:42:52,367 [RatisPipelineUtilsThread - 0] INFO  pipeline.RatisPipelineProvider (RatisPipelineProvider.java:lambda$create$0(206)) - Sending CreatePipelineCommand for pipeline:PipelineID=3f016cf6-359d-44ee-9c35-bbc72de46fa7 to datanode:9447c40a-1705-47c5-a812-fa9699ec0ab2
2023-01-27 20:42:52,368 [RatisPipelineUtilsThread - 0] INFO  pipeline.RatisPipelineProvider (RatisPipelineProvider.java:lambda$create$0(206)) - Sending CreatePipelineCommand for pipeline:PipelineID=3f016cf6-359d-44ee-9c35-bbc72de46fa7 to datanode:79ace3de-40f8-4333-9712-129ecf4cb056
2023-01-27 20:42:52,368 [RatisPipelineUtilsThread - 0] INFO  pipeline.PipelineStateManagerImpl (PipelineStateManagerImpl.java:addPipeline(103)) - Created pipeline Pipeline[ Id: 3f016cf6-359d-44ee-9c35-bbc72de46fa7, Nodes: 761e2a81-3cf7-455e-896f-a019e5a4e3df(fv-az399-583.4urtqdmtpd2erju50p4tzyn2ng.bx.internal.cloudapp.net/10.1.1.6)9447c40a-1705-47c5-a812-fa9699ec0ab2(fv-az399-583.4urtqdmtpd2erju50p4tzyn2ng.bx.internal.cloudapp.net/10.1.1.6)79ace3de-40f8-4333-9712-129ecf4cb056(fv-az399-583.4urtqdmtpd2erju50p4tzyn2ng.bx.internal.cloudapp.net/10.1.1.6), ReplicationConfig: RATIS/THREE, State:ALLOCATED, leaderId:, CreationTimestamp2023-01-27T20:42:52.367Z[Etc/UTC]].
2023-01-27 20:42:52,369 [RatisPipelineUtilsThread - 0] INFO  pipeline.PipelineManagerImpl (PipelineManagerImpl.java:recordMetricsForPipeline(826)) - Pipeline: PipelineID=3f016cf6-359d-44ee-9c35-bbc72de46fa7 contains same datanodes as previous pipelines: PipelineID=68551269-ab8e-4526-907c-88886c957466 nodeIds: 761e2a81-3cf7-455e-896f-a019e5a4e3df, 9447c40a-1705-47c5-a812-fa9699ec0ab2, 79ace3de-40f8-4333-9712-129ecf4cb056
2023-01-27 20:42:52,369 [RatisPipelineUtilsThread - 0] WARN  pipeline.PipelinePlacementPolicy (PipelinePlacementPolicy.java:filterViableNodes(158)) - Pipeline creation failed due to no sufficient healthy datanodes. Required 3. Found 0.
2023-01-27 20:42:53,345 [Listener at 127.0.0.1/46267] INFO  ozone.MiniOzoneClusterImpl (MiniOzoneClusterImpl.java:lambda$waitForClusterToBeReady$0(218)) - Nodes are ready. Got 3 of 3 DN Heartbeats.
2023-01-27 20:42:53,345 [Listener at 127.0.0.1/46267] INFO  ozone.MiniOzoneClusterImpl (MiniOzoneClusterImpl.java:lambda$waitForClusterToBeReady$0(221)) - Waiting for cluster to exit safe mode
2023-01-27 20:42:53,346 [Listener at 127.0.0.1/46267] INFO  ozone.MiniOzoneClusterImpl (MiniOzoneClusterImpl.java:lambda$waitForClusterToBeReady$0(223)) - SCM became leader
2023-01-27 20:42:53,451 | INFO  | SCMAudit | user=runner | ip=10.1.1.6 | op=SEND_HEARTBEAT {datanodeUUID=9447c40a-1705-47c5-a812-fa9699ec0ab2, term=-1, command=[commandType: createPipelineCommand createPipelineCommandProto { pipelineID { id: "d11a2c76-c1a8-46b4-a1ae-7efb259a5f1c" uuid128 { mostSigBits: -3379339681821342028 leastSigBits: -6796355170522734820 } } type: RATIS factor: ONE datanode { uuid: "9447c40a-1705-47c5-a812-fa9699ec0ab2" ipAddress: "10.1.1.6" hostName: "fv-az399-583.4urtqdmtpd2erju50p4tzyn2ng.bx.internal.cloudapp.net" ports { name: "REPLICATION" value: 38583 } ports { name: "RATIS" value: 34539 } ports { name: "RATIS_ADMIN" value: 34539 } ports { name: "RATIS_SERVER" value: 34539 } ports { name: "RATIS_DATASTREAM" value: 37163 } ports { name: "STANDALONE" value: 39297 } networkName: "9447c40a-1705-47c5-a812-fa9699ec0ab2" networkLocation: "/default-rack" persistedOpState: IN_SERVICE persistedOpStateExpiry: 0 uuid128 { mostSigBits: -7762019885134821435 leastSigBits: -6335726201022444878 } } cmdId: 1674852171420 priority: 1 } term: -1 encodedToken: "" deadlineMsSinceEpoch: 0 , commandType: createPipelineCommand createPipelineCommandProto { pipelineID { id: "68551269-ab8e-4526-907c-88886c957466" uuid128 { mostSigBits: 7517935398024004902 leastSigBits: -8035397515617143706 } } type: RATIS factor: THREE datanode { uuid: "761e2a81-3cf7-455e-896f-a019e5a4e3df" ipAddress: "10.1.1.6" hostName: "fv-az399-583.4urtqdmtpd2erju50p4tzyn2ng.bx.internal.cloudapp.net" ports { name: "REPLICATION" value: 39775 } ports { name: "RATIS" value: 39123 } ports { name: "RATIS_ADMIN" value: 39123 } ports { name: "RATIS_SERVER" value: 39123 } ports { name: "RATIS_DATASTREAM" value: 42559 } ports { name: "STANDALONE" value: 44741 } networkName: "761e2a81-3cf7-455e-896f-a019e5a4e3df" networkLocation: "/default-rack" persistedOpState: IN_SERVICE persistedOpStateExpiry: 0 uuid128 { mostSigBits: 8511287080338802014 leastSigBits: -8543433935011126305 } } datanode { uuid: "79ace3de-40f8-4333-9712-129ecf4cb056" ipAddress: "10.1.1.6" hostName: "fv-az399-583.4urtqdmtpd2erju50p4tzyn2ng.bx.internal.cloudapp.net" ports { name: "REPLICATION" value: 41373 } ports { name: "RATIS" value: 38443 } ports { name: "RATIS_ADMIN" value: 38443 } ports { name: "RATIS_SERVER" value: 38443 } ports { name: "RATIS_DATASTREAM" value: 34959 } ports { name: "STANDALONE" value: 45743 } networkName: "79ace3de-40f8-4333-9712-129ecf4cb056" networkLocation: "/default-rack" persistedOpState: IN_SERVICE persistedOpStateExpiry: 0 uuid128 { mostSigBits: 8767633118295769907 leastSigBits: -7560960351109599146 } } datanode { uuid: "9447c40a-1705-47c5-a812-fa9699ec0ab2" ipAddress: "10.1.1.6" hostName: "fv-az399-583.4urtqdmtpd2erju50p4tzyn2ng.bx.internal.cloudapp.net" ports { name: "REPLICATION" value: 38583 } ports { name: "RATIS" value: 34539 } ports { name: "RATIS_ADMIN" value: 34539 } ports { name: "RATIS_SERVER" value: 34539 } ports { name: "RATIS_DATASTREAM" value: 37163 } ports { name: "STANDALONE" value: 39297 } networkName: "9447c40a-1705-47c5-a812-fa9699ec0ab2" networkLocation: "/default-rack" persistedOpState: IN_SERVICE persistedOpStateExpiry: 0 uuid128 { mostSigBits: -7762019885134821435 leastSigBits: -6335726201022444878 } } cmdId: 1674852171423 priority: 0 priority: 0 priority: 1 } term: -1 encodedToken: "" deadlineMsSinceEpoch: 0 , commandType: createPipelineCommand createPipelineCommandProto { pipelineID { id: "3f016cf6-359d-44ee-9c35-bbc72de46fa7" uuid128 { mostSigBits: 4540029704083424494 leastSigBits: -7190634765884297305 } } type: RATIS factor: THREE datanode { uuid: "761e2a81-3cf7-455e-896f-a019e5a4e3df" ipAddress: "10.1.1.6" hostName: "fv-az399-583.4urtqdmtpd2erju50p4tzyn2ng.bx.internal.cloudapp.net" ports { name: "REPLICATION" value: 39775 } ports { name: "RATIS" value: 39123 } ports { name: "RATIS_ADMIN" value: 39123 } ports { name: "RATIS_SERVER" value: 39123 } ports { name: "RATIS_DATASTREAM" value: 42559 } ports { name: "STANDALONE" value: 44741 } networkName: "761e2a81-3cf7-455e-896f-a019e5a4e3df" networkLocation: "/default-rack" persistedOpState: IN_SERVICE persistedOpStateExpiry: 0 uuid128 { mostSigBits: 8511287080338802014 leastSigBits: -8543433935011126305 } } datanode { uuid: "9447c40a-1705-47c5-a812-fa9699ec0ab2" ipAddress: "10.1.1.6" hostName: "fv-az399-583.4urtqdmtpd2erju50p4tzyn2ng.bx.internal.cloudapp.net" ports { name: "REPLICATION" value: 38583 } ports { name: "RATIS" value: 34539 } ports { name: "RATIS_ADMIN" value: 34539 } ports { name: "RATIS_SERVER" value: 34539 } ports { name: "RATIS_DATASTREAM" value: 37163 } ports { name: "STANDALONE" value: 39297 } networkName: "9447c40a-1705-47c5-a812-fa9699ec0ab2" networkLocation: "/default-rack" persistedOpState: IN_SERVICE persistedOpStateExpiry: 0 uuid128 { mostSigBits: -7762019885134821435 leastSigBits: -6335726201022444878 } } datanode { uuid: "79ace3de-40f8-4333-9712-129ecf4cb056" ipAddress: "10.1.1.6" hostName: "fv-az399-583.4urtqdmtpd2erju50p4tzyn2ng.bx.internal.cloudapp.net" ports { name: "REPLICATION" value: 41373 } ports { name: "RATIS" value: 38443 } ports { name: "RATIS_ADMIN" value: 38443 } ports { name: "RATIS_SERVER" value: 38443 } ports { name: "RATIS_DATASTREAM" value: 34959 } ports { name: "STANDALONE" value: 45743 } networkName: "79ace3de-40f8-4333-9712-129ecf4cb056" networkLocation: "/default-rack" persistedOpState: IN_SERVICE persistedOpStateExpiry: 0 uuid128 { mostSigBits: 8767633118295769907 leastSigBits: -7560960351109599146 } } cmdId: 1674852171424 priority: 1 priority: 0 priority: 0 } term: -1 encodedToken: "" deadlineMsSinceEpoch: 0 ]} | ret=SUCCESS |  
2023-01-27 20:42:54,002 | INFO  | SCMAudit | user=runner | ip=10.1.1.6 | op=SEND_HEARTBEAT {datanodeUUID=79ace3de-40f8-4333-9712-129ecf4cb056, term=-1, command=[commandType: createPipelineCommand createPipelineCommandProto { pipelineID { id: "a4325fdd-c7ce-4686-ae55-f044f659c156" uuid128 { mostSigBits: -6615119496509241722 leastSigBits: -5884533159108165290 } } type: RATIS factor: ONE datanode { uuid: "79ace3de-40f8-4333-9712-129ecf4cb056" ipAddress: "10.1.1.6" hostName: "fv-az399-583.4urtqdmtpd2erju50p4tzyn2ng.bx.internal.cloudapp.net" ports { name: "REPLICATION" value: 41373 } ports { name: "RATIS" value: 38443 } ports { name: "RATIS_ADMIN" value: 38443 } ports { name: "RATIS_SERVER" value: 38443 } ports { name: "RATIS_DATASTREAM" value: 34959 } ports { name: "STANDALONE" value: 45743 } networkName: "79ace3de-40f8-4333-9712-129ecf4cb056" networkLocation: "/default-rack" persistedOpState: IN_SERVICE persistedOpStateExpiry: 0 uuid128 { mostSigBits: 8767633118295769907 leastSigBits: -7560960351109599146 } } cmdId: 1674852171421 priority: 1 } term: -1 encodedToken: "" deadlineMsSinceEpoch: 0 , commandType: createPipelineCommand createPipelineCommandProto { pipelineID { id: "68551269-ab8e-4526-907c-88886c957466" uuid128 { mostSigBits: 7517935398024004902 leastSigBits: -8035397515617143706 } } type: RATIS factor: THREE datanode { uuid: "761e2a81-3cf7-455e-896f-a019e5a4e3df" ipAddress: "10.1.1.6" hostName: "fv-az399-583.4urtqdmtpd2erju50p4tzyn2ng.bx.internal.cloudapp.net" ports { name: "REPLICATION" value: 39775 } ports { name: "RATIS" value: 39123 } ports { name: "RATIS_ADMIN" value: 39123 } ports { name: "RATIS_SERVER" value: 39123 } ports { name: "RATIS_DATASTREAM" value: 42559 } ports { name: "STANDALONE" value: 44741 } networkName: "761e2a81-3cf7-455e-896f-a019e5a4e3df" networkLocation: "/default-rack" persistedOpState: IN_SERVICE persistedOpStateExpiry: 0 uuid128 { mostSigBits: 8511287080338802014 leastSigBits: -8543433935011126305 } } datanode { uuid: "79ace3de-40f8-4333-9712-129ecf4cb056" ipAddress: "10.1.1.6" hostName: "fv-az399-583.4urtqdmtpd2erju50p4tzyn2ng.bx.internal.cloudapp.net" ports { name: "REPLICATION" value: 41373 } ports { name: "RATIS" value: 38443 } ports { name: "RATIS_ADMIN" value: 38443 } ports { name: "RATIS_SERVER" value: 38443 } ports { name: "RATIS_DATASTREAM" value: 34959 } ports { name: "STANDALONE" value: 45743 } networkName: "79ace3de-40f8-4333-9712-129ecf4cb056" networkLocation: "/default-rack" persistedOpState: IN_SERVICE persistedOpStateExpiry: 0 uuid128 { mostSigBits: 8767633118295769907 leastSigBits: -7560960351109599146 } } datanode { uuid: "9447c40a-1705-47c5-a812-fa9699ec0ab2" ipAddress: "10.1.1.6" hostName: "fv-az399-583.4urtqdmtpd2erju50p4tzyn2ng.bx.internal.cloudapp.net" ports { name: "REPLICATION" value: 38583 } ports { name: "RATIS" value: 34539 } ports { name: "RATIS_ADMIN" value: 34539 } ports { name: "RATIS_SERVER" value: 34539 } ports { name: "RATIS_DATASTREAM" value: 37163 } ports { name: "STANDALONE" value: 39297 } networkName: "9447c40a-1705-47c5-a812-fa9699ec0ab2" networkLocation: "/default-rack" persistedOpState: IN_SERVICE persistedOpStateExpiry: 0 uuid128 { mostSigBits: -7762019885134821435 leastSigBits: -6335726201022444878 } } cmdId: 1674852171423 priority: 0 priority: 0 priority: 1 } term: -1 encodedToken: "" deadlineMsSinceEpoch: 0 , commandType: createPipelineCommand createPipelineCommandProto { pipelineID { id: "3f016cf6-359d-44ee-9c35-bbc72de46fa7" uuid128 { mostSigBits: 4540029704083424494 leastSigBits: -7190634765884297305 } } type: RATIS factor: THREE datanode { uuid: "761e2a81-3cf7-455e-896f-a019e5a4e3df" ipAddress: "10.1.1.6" hostName: "fv-az399-583.4urtqdmtpd2erju50p4tzyn2ng.bx.internal.cloudapp.net" ports { name: "REPLICATION" value: 39775 } ports { name: "RATIS" value: 39123 } ports { name: "RATIS_ADMIN" value: 39123 } ports { name: "RATIS_SERVER" value: 39123 } ports { name: "RATIS_DATASTREAM" value: 42559 } ports { name: "STANDALONE" value: 44741 } networkName: "761e2a81-3cf7-455e-896f-a019e5a4e3df" networkLocation: "/default-rack" persistedOpState: IN_SERVICE persistedOpStateExpiry: 0 uuid128 { mostSigBits: 8511287080338802014 leastSigBits: -8543433935011126305 } } datanode { uuid: "9447c40a-1705-47c5-a812-fa9699ec0ab2" ipAddress: "10.1.1.6" hostName: "fv-az399-583.4urtqdmtpd2erju50p4tzyn2ng.bx.internal.cloudapp.net" ports { name: "REPLICATION" value: 38583 } ports { name: "RATIS" value: 34539 } ports { name: "RATIS_ADMIN" value: 34539 } ports { name: "RATIS_SERVER" value: 34539 } ports { name: "RATIS_DATASTREAM" value: 37163 } ports { name: "STANDALONE" value: 39297 } networkName: "9447c40a-1705-47c5-a812-fa9699ec0ab2" networkLocation: "/default-rack" persistedOpState: IN_SERVICE persistedOpStateExpiry: 0 uuid128 { mostSigBits: -7762019885134821435 leastSigBits: -6335726201022444878 } } datanode { uuid: "79ace3de-40f8-4333-9712-129ecf4cb056" ipAddress: "10.1.1.6" hostName: "fv-az399-583.4urtqdmtpd2erju50p4tzyn2ng.bx.internal.cloudapp.net" ports { name: "REPLICATION" value: 41373 } ports { name: "RATIS" value: 38443 } ports { name: "RATIS_ADMIN" value: 38443 } ports { name: "RATIS_SERVER" value: 38443 } ports { name: "RATIS_DATASTREAM" value: 34959 } ports { name: "STANDALONE" value: 45743 } networkName: "79ace3de-40f8-4333-9712-129ecf4cb056" networkLocation: "/default-rack" persistedOpState: IN_SERVICE persistedOpStateExpiry: 0 uuid128 { mostSigBits: 8767633118295769907 leastSigBits: -7560960351109599146 } } cmdId: 1674852171424 priority: 1 priority: 0 priority: 0 } term: -1 encodedToken: "" deadlineMsSinceEpoch: 0 ]} | ret=SUCCESS |  
2023-01-27 20:42:54,346 [Listener at 127.0.0.1/46267] INFO  ozone.MiniOzoneClusterImpl (MiniOzoneClusterImpl.java:lambda$waitForClusterToBeReady$0(218)) - Nodes are ready. Got 3 of 3 DN Heartbeats.
2023-01-27 20:42:54,346 [Listener at 127.0.0.1/46267] INFO  ozone.MiniOzoneClusterImpl (MiniOzoneClusterImpl.java:lambda$waitForClusterToBeReady$0(221)) - Waiting for cluster to exit safe mode
2023-01-27 20:42:54,346 [Listener at 127.0.0.1/46267] INFO  ozone.MiniOzoneClusterImpl (MiniOzoneClusterImpl.java:lambda$waitForClusterToBeReady$0(223)) - SCM became leader
2023-01-27 20:42:54,362 | INFO  | SCMAudit | user=runner | ip=10.1.1.6 | op=SEND_HEARTBEAT {datanodeUUID=761e2a81-3cf7-455e-896f-a019e5a4e3df, term=-1, command=[commandType: createPipelineCommand createPipelineCommandProto { pipelineID { id: "5a88978f-cc00-4d52-9ae5-fd54612bd5e9" uuid128 { mostSigBits: 6523630704104852818 leastSigBits: -7285138283352566295 } } type: RATIS factor: ONE datanode { uuid: "761e2a81-3cf7-455e-896f-a019e5a4e3df" ipAddress: "10.1.1.6" hostName: "fv-az399-583.4urtqdmtpd2erju50p4tzyn2ng.bx.internal.cloudapp.net" ports { name: "REPLICATION" value: 39775 } ports { name: "RATIS" value: 39123 } ports { name: "RATIS_ADMIN" value: 39123 } ports { name: "RATIS_SERVER" value: 39123 } ports { name: "RATIS_DATASTREAM" value: 42559 } ports { name: "STANDALONE" value: 44741 } networkName: "761e2a81-3cf7-455e-896f-a019e5a4e3df" networkLocation: "/default-rack" persistedOpState: IN_SERVICE persistedOpStateExpiry: 0 uuid128 { mostSigBits: 8511287080338802014 leastSigBits: -8543433935011126305 } } cmdId: 1674852171422 priority: 1 } term: -1 encodedToken: "" deadlineMsSinceEpoch: 0 , commandType: createPipelineCommand createPipelineCommandProto { pipelineID { id: "68551269-ab8e-4526-907c-88886c957466" uuid128 { mostSigBits: 7517935398024004902 leastSigBits: -8035397515617143706 } } type: RATIS factor: THREE datanode { uuid: "761e2a81-3cf7-455e-896f-a019e5a4e3df" ipAddress: "10.1.1.6" hostName: "fv-az399-583.4urtqdmtpd2erju50p4tzyn2ng.bx.internal.cloudapp.net" ports { name: "REPLICATION" value: 39775 } ports { name: "RATIS" value: 39123 } ports { name: "RATIS_ADMIN" value: 39123 } ports { name: "RATIS_SERVER" value: 39123 } ports { name: "RATIS_DATASTREAM" value: 42559 } ports { name: "STANDALONE" value: 44741 } networkName: "761e2a81-3cf7-455e-896f-a019e5a4e3df" networkLocation: "/default-rack" persistedOpState: IN_SERVICE persistedOpStateExpiry: 0 uuid128 { mostSigBits: 8511287080338802014 leastSigBits: -8543433935011126305 } } datanode { uuid: "79ace3de-40f8-4333-9712-129ecf4cb056" ipAddress: "10.1.1.6" hostName: "fv-az399-583.4urtqdmtpd2erju50p4tzyn2ng.bx.internal.cloudapp.net" ports { name: "REPLICATION" value: 41373 } ports { name: "RATIS" value: 38443 } ports { name: "RATIS_ADMIN" value: 38443 } ports { name: "RATIS_SERVER" value: 38443 } ports { name: "RATIS_DATASTREAM" value: 34959 } ports { name: "STANDALONE" value: 45743 } networkName: "79ace3de-40f8-4333-9712-129ecf4cb056" networkLocation: "/default-rack" persistedOpState: IN_SERVICE persistedOpStateExpiry: 0 uuid128 { mostSigBits: 8767633118295769907 leastSigBits: -7560960351109599146 } } datanode { uuid: "9447c40a-1705-47c5-a812-fa9699ec0ab2" ipAddress: "10.1.1.6" hostName: "fv-az399-583.4urtqdmtpd2erju50p4tzyn2ng.bx.internal.cloudapp.net" ports { name: "REPLICATION" value: 38583 } ports { name: "RATIS" value: 34539 } ports { name: "RATIS_ADMIN" value: 34539 } ports { name: "RATIS_SERVER" value: 34539 } ports { name: "RATIS_DATASTREAM" value: 37163 } ports { name: "STANDALONE" value: 39297 } networkName: "9447c40a-1705-47c5-a812-fa9699ec0ab2" networkLocation: "/default-rack" persistedOpState: IN_SERVICE persistedOpStateExpiry: 0 uuid128 { mostSigBits: -7762019885134821435 leastSigBits: -6335726201022444878 } } cmdId: 1674852171423 priority: 0 priority: 0 priority: 1 } term: -1 encodedToken: "" deadlineMsSinceEpoch: 0 , commandType: createPipelineCommand createPipelineCommandProto { pipelineID { id: "3f016cf6-359d-44ee-9c35-bbc72de46fa7" uuid128 { mostSigBits: 4540029704083424494 leastSigBits: -7190634765884297305 } } type: RATIS factor: THREE datanode { uuid: "761e2a81-3cf7-455e-896f-a019e5a4e3df" ipAddress: "10.1.1.6" hostName: "fv-az399-583.4urtqdmtpd2erju50p4tzyn2ng.bx.internal.cloudapp.net" ports { name: "REPLICATION" value: 39775 } ports { name: "RATIS" value: 39123 } ports { name: "RATIS_ADMIN" value: 39123 } ports { name: "RATIS_SERVER" value: 39123 } ports { name: "RATIS_DATASTREAM" value: 42559 } ports { name: "STANDALONE" value: 44741 } networkName: "761e2a81-3cf7-455e-896f-a019e5a4e3df" networkLocation: "/default-rack" persistedOpState: IN_SERVICE persistedOpStateExpiry: 0 uuid128 { mostSigBits: 8511287080338802014 leastSigBits: -8543433935011126305 } } datanode { uuid: "9447c40a-1705-47c5-a812-fa9699ec0ab2" ipAddress: "10.1.1.6" hostName: "fv-az399-583.4urtqdmtpd2erju50p4tzyn2ng.bx.internal.cloudapp.net" ports { name: "REPLICATION" value: 38583 } ports { name: "RATIS" value: 34539 } ports { name: "RATIS_ADMIN" value: 34539 } ports { name: "RATIS_SERVER" value: 34539 } ports { name: "RATIS_DATASTREAM" value: 37163 } ports { name: "STANDALONE" value: 39297 } networkName: "9447c40a-1705-47c5-a812-fa9699ec0ab2" networkLocation: "/default-rack" persistedOpState: IN_SERVICE persistedOpStateExpiry: 0 uuid128 { mostSigBits: -7762019885134821435 leastSigBits: -6335726201022444878 } } datanode { uuid: "79ace3de-40f8-4333-9712-129ecf4cb056" ipAddress: "10.1.1.6" hostName: "fv-az399-583.4urtqdmtpd2erju50p4tzyn2ng.bx.internal.cloudapp.net" ports { name: "REPLICATION" value: 41373 } ports { name: "RATIS" value: 38443 } ports { name: "RATIS_ADMIN" value: 38443 } ports { name: "RATIS_SERVER" value: 38443 } ports { name: "RATIS_DATASTREAM" value: 34959 } ports { name: "STANDALONE" value: 45743 } networkName: "79ace3de-40f8-4333-9712-129ecf4cb056" networkLocation: "/default-rack" persistedOpState: IN_SERVICE persistedOpStateExpiry: 0 uuid128 { mostSigBits: 8767633118295769907 leastSigBits: -7560960351109599146 } } cmdId: 1674852171424 priority: 1 priority: 0 priority: 0 } term: -1 encodedToken: "" deadlineMsSinceEpoch: 0 ]} | ret=SUCCESS |  
2023-01-27 20:42:54,375 | INFO  | SCMAudit | user=runner | ip=10.1.1.6 | op=SEND_HEARTBEAT {datanodeUUID=9447c40a-1705-47c5-a812-fa9699ec0ab2, term=-1, command=[]} | ret=SUCCESS |  
2023-01-27 20:42:54,403 [Command processor thread] INFO  server.RaftServer (RaftServerProxy.java:addNew(96)) - 9447c40a-1705-47c5-a812-fa9699ec0ab2: addNew group-7EFB259A5F1C:[9447c40a-1705-47c5-a812-fa9699ec0ab2|rpc:10.1.1.6:34539|dataStream:10.1.1.6:37163|priority:1|startupRole:FOLLOWER] returns group-7EFB259A5F1C:java.util.concurrent.CompletableFuture@594b9f9a[Not completed]
2023-01-27 20:42:54,415 [pool-71-thread-1] INFO  server.RaftServer$Division (RaftServerImpl.java:<init>(195)) - 9447c40a-1705-47c5-a812-fa9699ec0ab2: new RaftServerImpl for group-7EFB259A5F1C:[9447c40a-1705-47c5-a812-fa9699ec0ab2|rpc:10.1.1.6:34539|dataStream:10.1.1.6:37163|priority:1|startupRole:FOLLOWER] with ContainerStateMachine:uninitialized
2023-01-27 20:42:54,415 [pool-71-thread-1] INFO  server.RaftServerConfigKeys (ConfUtils.java:logGet(46)) - raft.server.rpc.timeout.min = 5s (custom)
2023-01-27 20:42:54,415 [pool-71-thread-1] INFO  server.RaftServerConfigKeys (ConfUtils.java:logGet(46)) - raft.server.rpc.timeout.max = 5200ms (custom)
2023-01-27 20:42:54,415 [pool-71-thread-1] INFO  server.RaftServerConfigKeys (ConfUtils.java:logGet(46)) - raft.server.rpc.sleep.time = 25ms (default)
2023-01-27 20:42:54,415 [pool-71-thread-1] INFO  server.RaftServerConfigKeys (ConfUtils.java:logGet(46)) - raft.server.rpc.slowness.timeout = 300s (custom)
2023-01-27 20:42:54,415 [pool-71-thread-1] INFO  server.RaftServerConfigKeys (ConfUtils.java:logGet(46)) - raft.server.leaderelection.leader.step-down.wait-time = 10s (default)
2023-01-27 20:42:54,416 [pool-71-thread-1] INFO  server.RaftServerConfigKeys (ConfUtils.java:logGet(46)) - raft.server.sleep.deviation.threshold = 300ms (default)
2023-01-27 20:42:54,416 [pool-71-thread-1] INFO  server.RaftServer$Division (ServerState.java:<init>(118)) - 9447c40a-1705-47c5-a812-fa9699ec0ab2@group-7EFB259A5F1C: ConfigurationManager, init=-1: peers:[9447c40a-1705-47c5-a812-fa9699ec0ab2|rpc:10.1.1.6:34539|dataStream:10.1.1.6:37163|priority:1|startupRole:FOLLOWER]|listeners:[], old=null, confs=<EMPTY_MAP>
2023-01-27 20:42:54,416 [pool-71-thread-1] INFO  server.RaftServerConfigKeys (ConfUtils.java:logGet(46)) - raft.server.storage.dir = [/home/runner/work/ozone/ozone/hadoop-ozone/integration-test/target/test-dir/MiniOzoneClusterImpl-befcc403-3179-4e75-bf53-7b17c2548d34/datanode-0/data/ratis] (custom)
2023-01-27 20:42:54,416 [pool-71-thread-1] INFO  server.RaftServerConfigKeys (ConfUtils.java:logGet(46)) - raft.server.log.corruption.policy = EXCEPTION (default)
2023-01-27 20:42:54,416 [pool-71-thread-1] INFO  server.RaftServerConfigKeys (ConfUtils.java:logGet(46)) - raft.server.storage.free-space.min = 0MB (=0) (default)
2023-01-27 20:42:54,416 [pool-71-thread-1] INFO  server.RaftServerConfigKeys (ConfUtils.java:logGet(46)) - raft.server.notification.no-leader.timeout = 300s (custom)
2023-01-27 20:42:54,416 [pool-71-thread-1] INFO  server.RaftServerConfigKeys (ConfUtils.java:logGet(46)) - raft.server.retrycache.expirytime = 600000ms (custom)
2023-01-27 20:42:54,416 [pool-71-thread-1] INFO  server.RaftServerConfigKeys (ConfUtils.java:logGet(46)) - raft.server.retrycache.statistics.expirytime = 100μs (default)
2023-01-27 20:42:54,418 [pool-71-thread-1] INFO  server.RaftServerConfigKeys (ConfUtils.java:logGet(46)) - raft.server.log.appender.install.snapshot.enabled = false (custom)
2023-01-27 20:42:54,418 [pool-71-thread-1] INFO  server.RaftServerConfigKeys (ConfUtils.java:logGet(46)) - raft.server.threadpool.server.cached = true (default)
2023-01-27 20:42:54,419 [pool-71-thread-1] INFO  server.RaftServerConfigKeys (ConfUtils.java:logGet(46)) - raft.server.threadpool.server.size = 0 (default)
2023-01-27 20:42:54,419 [pool-71-thread-1] INFO  server.RaftServerConfigKeys (ConfUtils.java:logGet(46)) - raft.server.threadpool.client.cached = true (default)
2023-01-27 20:42:54,419 [pool-71-thread-1] INFO  server.RaftServerConfigKeys (ConfUtils.java:logGet(46)) - raft.server.threadpool.client.size = 0 (default)
2023-01-27 20:42:54,419 [pool-71-thread-1] INFO  storage.RaftStorageDirectory (RaftStorageDirectoryImpl.java:analyzeStorage(137)) - The storage directory /home/runner/work/ozone/ozone/hadoop-ozone/integration-test/target/test-dir/MiniOzoneClusterImpl-befcc403-3179-4e75-bf53-7b17c2548d34/datanode-0/data/ratis/d11a2c76-c1a8-46b4-a1ae-7efb259a5f1c does not exist. Creating ...
2023-01-27 20:42:54,423 [pool-71-thread-1] INFO  storage.RaftStorageDirectory (RaftStorageDirectoryImpl.java:tryLock(231)) - Lock on /home/runner/work/ozone/ozone/hadoop-ozone/integration-test/target/test-dir/MiniOzoneClusterImpl-befcc403-3179-4e75-bf53-7b17c2548d34/datanode-0/data/ratis/d11a2c76-c1a8-46b4-a1ae-7efb259a5f1c/in_use.lock acquired by nodename 48024@fv-az399-583
2023-01-27 20:42:54,424 [pool-71-thread-1] INFO  storage.RaftStorage (RaftStorageImpl.java:format(96)) - Storage directory /home/runner/work/ozone/ozone/hadoop-ozone/integration-test/target/test-dir/MiniOzoneClusterImpl-befcc403-3179-4e75-bf53-7b17c2548d34/datanode-0/data/ratis/d11a2c76-c1a8-46b4-a1ae-7efb259a5f1c has been successfully formatted.
2023-01-27 20:42:54,431 [pool-71-thread-1] INFO  ratis.ContainerStateMachine (ContainerStateMachine.java:loadSnapshot(240)) - group-7EFB259A5F1C: The snapshot info is null. Setting the last applied indexto:(t:0, i:~)
2023-01-27 20:42:54,431 [pool-71-thread-1] INFO  server.RaftServerConfigKeys (ConfUtils.java:logGet(46)) - raft.server.log.use.memory = false (default)
2023-01-27 20:42:54,431 [pool-71-thread-1] INFO  server.RaftServerConfigKeys (ConfUtils.java:logGet(46)) - raft.server.log.purge.gap = 1000000 (custom)
2023-01-27 20:42:54,431 [pool-71-thread-1] INFO  server.RaftServerConfigKeys (ConfUtils.java:logGet(46)) - raft.server.log.appender.buffer.byte-limit = 33554432 (custom)
2023-01-27 20:42:54,431 [pool-71-thread-1] INFO  server.RaftServerConfigKeys (ConfUtils.java:logGet(46)) - raft.server.log.statemachine.data.read.timeout = 1000ms (default)
2023-01-27 20:42:54,431 [pool-71-thread-1] INFO  server.RaftServerConfigKeys (ConfUtils.java:logGet(46)) - raft.server.log.purge.preservation.log.num = 0 (default)
2023-01-27 20:42:54,432 [pool-71-thread-1] INFO  server.RaftServerConfigKeys (ConfUtils.java:logGet(46)) - raft.server.log.segment.size.max = 1048576 (custom)
2023-01-27 20:42:54,433 [pool-71-thread-1] INFO  server.RaftServerConfigKeys (ConfUtils.java:logGet(46)) - raft.server.log.segment.cache.num.max = 2 (custom)
2023-01-27 20:42:54,434 [pool-71-thread-1] INFO  server.RaftServerConfigKeys (ConfUtils.java:logGet(46)) - raft.server.log.segment.cache.size.max = 200MB (=209715200) (default)
2023-01-27 20:42:54,434 [pool-71-thread-1] INFO  segmented.SegmentedRaftLogWorker (SegmentedRaftLogWorker.java:<init>(189)) - new 9447c40a-1705-47c5-a812-fa9699ec0ab2@group-7EFB259A5F1C-SegmentedRaftLogWorker for RaftStorageImpl:Storage Directory /home/runner/work/ozone/ozone/hadoop-ozone/integration-test/target/test-dir/MiniOzoneClusterImpl-befcc403-3179-4e75-bf53-7b17c2548d34/datanode-0/data/ratis/d11a2c76-c1a8-46b4-a1ae-7efb259a5f1c
2023-01-27 20:42:54,434 [pool-71-thread-1] INFO  server.RaftServerConfigKeys (ConfUtils.java:logGet(46)) - raft.server.log.queue.byte-limit = 4294967296 (custom)
2023-01-27 20:42:54,434 [pool-71-thread-1] INFO  server.RaftServerConfigKeys (ConfUtils.java:logGet(46)) - raft.server.log.queue.element-limit = 1024 (custom)
2023-01-27 20:42:54,434 [pool-71-thread-1] INFO  server.RaftServerConfigKeys (ConfUtils.java:logGet(46)) - raft.server.log.segment.size.max = 1048576 (custom)
2023-01-27 20:42:54,434 [pool-71-thread-1] INFO  server.RaftServerConfigKeys (ConfUtils.java:logGet(46)) - raft.server.log.preallocated.size = 16384 (custom)
2023-01-27 20:42:54,434 [pool-71-thread-1] INFO  server.RaftServerConfigKeys (ConfUtils.java:logGet(46)) - raft.server.log.force.sync.num = 128 (default)
2023-01-27 20:42:54,434 [pool-71-thread-1] INFO  server.RaftServerConfigKeys (ConfUtils.java:logGet(46)) - raft.server.log.statemachine.data.sync = true (default)
2023-01-27 20:42:54,434 [pool-71-thread-1] INFO  server.RaftServerConfigKeys (ConfUtils.java:logGet(46)) - raft.server.log.statemachine.data.sync.timeout = 10s (default)
2023-01-27 20:42:54,434 [pool-71-thread-1] INFO  server.RaftServerConfigKeys (ConfUtils.java:logGet(46)) - raft.server.log.statemachine.data.sync.timeout.retry = -1 (default)
2023-01-27 20:42:54,436 [pool-71-thread-1] INFO  server.RaftServerConfigKeys (ConfUtils.java:logGet(46)) - raft.server.log.write.buffer.size = 1048576 (custom)
2023-01-27 20:42:54,436 [pool-71-thread-1] INFO  server.RaftServerConfigKeys (ConfUtils.java:logGet(46)) - raft.server.log.appender.buffer.byte-limit = 33554432 (custom)
2023-01-27 20:42:54,444 [pool-71-thread-1] INFO  server.RaftServerConfigKeys (ConfUtils.java:logGet(46)) - raft.server.log.unsafe-flush.enabled = false (default)
2023-01-27 20:42:54,444 [pool-71-thread-1] INFO  server.RaftServerConfigKeys (ConfUtils.java:logGet(46)) - raft.server.log.async-flush.enabled = false (default)
2023-01-27 20:42:54,445 [pool-71-thread-1] INFO  server.RaftServerConfigKeys (ConfUtils.java:logGet(46)) - raft.server.log.statemachine.data.caching.enabled = true (custom)
2023-01-27 20:42:54,445 [pool-71-thread-1] INFO  segmented.SegmentedRaftLogWorker (SegmentedRaftLogWorker.java:lambda$new$0(135)) - 9447c40a-1705-47c5-a812-fa9699ec0ab2@group-7EFB259A5F1C-SegmentedRaftLogWorker: flushIndex: setUnconditionally 0 -> -1
2023-01-27 20:42:54,445 [pool-71-thread-1] INFO  segmented.SegmentedRaftLogWorker (SegmentedRaftLogWorker.java:lambda$new$0(135)) - 9447c40a-1705-47c5-a812-fa9699ec0ab2@group-7EFB259A5F1C-SegmentedRaftLogWorker: safeCacheEvictIndex: setUnconditionally 0 -> -1
2023-01-27 20:42:54,445 [pool-71-thread-1] INFO  server.RaftServer$Division (RaftServerImpl.java:start(334)) - 9447c40a-1705-47c5-a812-fa9699ec0ab2@group-7EFB259A5F1C: start as a follower, conf=-1: peers:[9447c40a-1705-47c5-a812-fa9699ec0ab2|rpc:10.1.1.6:34539|dataStream:10.1.1.6:37163|priority:1|startupRole:FOLLOWER]|listeners:[], old=null
2023-01-27 20:42:54,445 [pool-71-thread-1] INFO  server.RaftServer$Division (RaftServerImpl.java:setRole(321)) - 9447c40a-1705-47c5-a812-fa9699ec0ab2@group-7EFB259A5F1C: changes role from      null to FOLLOWER at term 0 for startAsFollower
2023-01-27 20:42:54,445 [pool-71-thread-1] INFO  impl.RoleInfo (RoleInfo.java:updateAndGet(139)) - 9447c40a-1705-47c5-a812-fa9699ec0ab2: start 9447c40a-1705-47c5-a812-fa9699ec0ab2@group-7EFB259A5F1C-FollowerState
2023-01-27 20:42:54,445 [pool-71-thread-1] INFO  util.JmxRegister (JmxRegister.java:tryRegister(44)) - Successfully registered JMX Bean with object name Ratis:service=RaftServer,group=group-7EFB259A5F1C,id=9447c40a-1705-47c5-a812-fa9699ec0ab2
2023-01-27 20:42:54,446 [pool-71-thread-1] INFO  server.RaftServerConfigKeys (ConfUtils.java:logGet(46)) - raft.server.snapshot.auto.trigger.enabled = true (custom)
2023-01-27 20:42:54,446 [pool-71-thread-1] INFO  server.RaftServerConfigKeys (ConfUtils.java:logGet(46)) - raft.server.snapshot.auto.trigger.threshold = 10000 (custom)
2023-01-27 20:42:54,446 [pool-71-thread-1] INFO  server.RaftServerConfigKeys (ConfUtils.java:logGet(46)) - raft.server.snapshot.retention.file.num = 5 (custom)
2023-01-27 20:42:54,446 [pool-71-thread-1] INFO  server.RaftServerConfigKeys (ConfUtils.java:logGet(46)) - raft.server.log.purge.upto.snapshot.index = false (default)
2023-01-27 20:42:54,452 | INFO  | SCMAudit | user=runner | ip=10.1.1.6 | op=SEND_HEARTBEAT {datanodeUUID=9447c40a-1705-47c5-a812-fa9699ec0ab2, term=-1, command=[]} | ret=SUCCESS |  
2023-01-27 20:42:54,453 [EventQueue-PipelineReportForPipelineReportHandler] INFO  pipeline.PipelineManagerImpl (PipelineManagerImpl.java:openPipeline(367)) - Pipeline Pipeline[ Id: d11a2c76-c1a8-46b4-a1ae-7efb259a5f1c, Nodes: 9447c40a-1705-47c5-a812-fa9699ec0ab2(fv-az399-583.4urtqdmtpd2erju50p4tzyn2ng.bx.internal.cloudapp.net/10.1.1.6), ReplicationConfig: RATIS/ONE, State:ALLOCATED, leaderId:9447c40a-1705-47c5-a812-fa9699ec0ab2, CreationTimestamp2023-01-27T20:42:51.418Z[Etc/UTC]] moved to OPEN state
2023-01-27 20:42:54,455 [EventQueue-OpenPipelineForHealthyPipelineSafeModeRule] INFO  safemode.SCMSafeModeManager (HealthyPipelineSafeModeRule.java:process(137)) - SCM in safe mode. Healthy pipelines reported count is 0, required healthy pipeline reported count is 1
2023-01-27 20:42:54,458 [9447c40a-1705-47c5-a812-fa9699ec0ab2@group-7EFB259A5F1C-FollowerState] INFO  server.RaftServerConfigKeys (ConfUtils.java:logFallback(53)) - raft.server.rpc.first-election.timeout.min = 5s (fallback to raft.server.rpc.timeout.min)
2023-01-27 20:42:54,459 [9447c40a-1705-47c5-a812-fa9699ec0ab2@group-7EFB259A5F1C-FollowerState] INFO  server.RaftServerConfigKeys (ConfUtils.java:logFallback(53)) - raft.server.rpc.first-election.timeout.max = 5200ms (fallback to raft.server.rpc.timeout.max)
2023-01-27 20:42:54,460 [Command processor thread] INFO  ratis.XceiverServerRatis (XceiverServerRatis.java:addGroup(806)) - Created group PipelineID=d11a2c76-c1a8-46b4-a1ae-7efb259a5f1c
2023-01-27 20:42:54,461 [Command processor thread] INFO  commandhandler.CreatePipelineCommandHandler (CreatePipelineCommandHandler.java:handle(113)) - Created Pipeline RATIS ONE PipelineID=d11a2c76-c1a8-46b4-a1ae-7efb259a5f1c.
2023-01-27 20:42:54,461 [Command processor thread] INFO  server.RaftServer (RaftServerProxy.java:addNew(96)) - 9447c40a-1705-47c5-a812-fa9699ec0ab2: addNew group-88886C957466:[761e2a81-3cf7-455e-896f-a019e5a4e3df|rpc:10.1.1.6:39123|dataStream:10.1.1.6:42559|priority:0|startupRole:FOLLOWER, 9447c40a-1705-47c5-a812-fa9699ec0ab2|rpc:10.1.1.6:34539|dataStream:10.1.1.6:37163|priority:1|startupRole:FOLLOWER, 79ace3de-40f8-4333-9712-129ecf4cb056|rpc:10.1.1.6:38443|dataStream:10.1.1.6:34959|priority:0|startupRole:FOLLOWER] returns group-88886C957466:java.util.concurrent.CompletableFuture@1f5d5d3f[Not completed]
2023-01-27 20:42:54,462 [pool-71-thread-1] INFO  server.RaftServer$Division (RaftServerImpl.java:<init>(195)) - 9447c40a-1705-47c5-a812-fa9699ec0ab2: new RaftServerImpl for group-88886C957466:[761e2a81-3cf7-455e-896f-a019e5a4e3df|rpc:10.1.1.6:39123|dataStream:10.1.1.6:42559|priority:0|startupRole:FOLLOWER, 9447c40a-1705-47c5-a812-fa9699ec0ab2|rpc:10.1.1.6:34539|dataStream:10.1.1.6:37163|priority:1|startupRole:FOLLOWER, 79ace3de-40f8-4333-9712-129ecf4cb056|rpc:10.1.1.6:38443|dataStream:10.1.1.6:34959|priority:0|startupRole:FOLLOWER] with ContainerStateMachine:uninitialized
2023-01-27 20:42:54,463 [pool-71-thread-1] INFO  server.RaftServerConfigKeys (ConfUtils.java:logGet(46)) - raft.server.rpc.timeout.min = 5s (custom)
2023-01-27 20:42:54,463 [pool-71-thread-1] INFO  server.RaftServerConfigKeys (ConfUtils.java:logGet(46)) - raft.server.rpc.timeout.max = 5200ms (custom)
2023-01-27 20:42:54,463 [pool-71-thread-1] INFO  server.RaftServerConfigKeys (ConfUtils.java:logGet(46)) - raft.server.rpc.sleep.time = 25ms (default)
2023-01-27 20:42:54,463 [pool-71-thread-1] INFO  server.RaftServerConfigKeys (ConfUtils.java:logGet(46)) - raft.server.rpc.slowness.timeout = 300s (custom)
2023-01-27 20:42:54,463 [pool-71-thread-1] INFO  server.RaftServerConfigKeys (ConfUtils.java:logGet(46)) - raft.server.leaderelection.leader.step-down.wait-time = 10s (default)
2023-01-27 20:42:54,463 [pool-71-thread-1] INFO  server.RaftServerConfigKeys (ConfUtils.java:logGet(46)) - raft.server.sleep.deviation.threshold = 300ms (default)
2023-01-27 20:42:54,463 [pool-71-thread-1] INFO  server.RaftServer$Division (ServerState.java:<init>(118)) - 9447c40a-1705-47c5-a812-fa9699ec0ab2@group-88886C957466: ConfigurationManager, init=-1: peers:[761e2a81-3cf7-455e-896f-a019e5a4e3df|rpc:10.1.1.6:39123|dataStream:10.1.1.6:42559|priority:0|startupRole:FOLLOWER, 9447c40a-1705-47c5-a812-fa9699ec0ab2|rpc:10.1.1.6:34539|dataStream:10.1.1.6:37163|priority:1|startupRole:FOLLOWER, 79ace3de-40f8-4333-9712-129ecf4cb056|rpc:10.1.1.6:38443|dataStream:10.1.1.6:34959|priority:0|startupRole:FOLLOWER]|listeners:[], old=null, confs=<EMPTY_MAP>
2023-01-27 20:42:54,463 [pool-71-thread-1] INFO  server.RaftServerConfigKeys (ConfUtils.java:logGet(46)) - raft.server.storage.dir = [/home/runner/work/ozone/ozone/hadoop-ozone/integration-test/target/test-dir/MiniOzoneClusterImpl-befcc403-3179-4e75-bf53-7b17c2548d34/datanode-0/data/ratis] (custom)
2023-01-27 20:42:54,463 [pool-71-thread-1] INFO  server.RaftServerConfigKeys (ConfUtils.java:logGet(46)) - raft.server.log.corruption.policy = EXCEPTION (default)
2023-01-27 20:42:54,463 [pool-71-thread-1] INFO  server.RaftServerConfigKeys (ConfUtils.java:logGet(46)) - raft.server.storage.free-space.min = 0MB (=0) (default)
2023-01-27 20:42:54,463 [pool-71-thread-1] INFO  server.RaftServerConfigKeys (ConfUtils.java:logGet(46)) - raft.server.notification.no-leader.timeout = 300s (custom)
2023-01-27 20:42:54,464 [pool-71-thread-1] INFO  server.RaftServerConfigKeys (ConfUtils.java:logGet(46)) - raft.server.retrycache.expirytime = 600000ms (custom)
2023-01-27 20:42:54,464 [pool-71-thread-1] INFO  server.RaftServerConfigKeys (ConfUtils.java:logGet(46)) - raft.server.retrycache.statistics.expirytime = 100μs (default)
2023-01-27 20:42:54,468 [pool-71-thread-1] INFO  server.RaftServerConfigKeys (ConfUtils.java:logGet(46)) - raft.server.log.appender.install.snapshot.enabled = false (custom)
2023-01-27 20:42:54,468 [pool-71-thread-1] INFO  server.RaftServerConfigKeys (ConfUtils.java:logGet(46)) - raft.server.threadpool.server.cached = true (default)
2023-01-27 20:42:54,468 [pool-71-thread-1] INFO  server.RaftServerConfigKeys (ConfUtils.java:logGet(46)) - raft.server.threadpool.server.size = 0 (default)
2023-01-27 20:42:54,468 [pool-71-thread-1] INFO  server.RaftServerConfigKeys (ConfUtils.java:logGet(46)) - raft.server.threadpool.client.cached = true (default)
2023-01-27 20:42:54,468 [pool-71-thread-1] INFO  server.RaftServerConfigKeys (ConfUtils.java:logGet(46)) - raft.server.threadpool.client.size = 0 (default)
2023-01-27 20:42:54,468 [pool-71-thread-1] INFO  storage.RaftStorageDirectory (RaftStorageDirectoryImpl.java:analyzeStorage(137)) - The storage directory /home/runner/work/ozone/ozone/hadoop-ozone/integration-test/target/test-dir/MiniOzoneClusterImpl-befcc403-3179-4e75-bf53-7b17c2548d34/datanode-0/data/ratis/68551269-ab8e-4526-907c-88886c957466 does not exist. Creating ...
2023-01-27 20:42:54,470 [pool-71-thread-1] INFO  storage.RaftStorageDirectory (RaftStorageDirectoryImpl.java:tryLock(231)) - Lock on /home/runner/work/ozone/ozone/hadoop-ozone/integration-test/target/test-dir/MiniOzoneClusterImpl-befcc403-3179-4e75-bf53-7b17c2548d34/datanode-0/data/ratis/68551269-ab8e-4526-907c-88886c957466/in_use.lock acquired by nodename 48024@fv-az399-583
2023-01-27 20:42:54,472 [pool-71-thread-1] INFO  storage.RaftStorage (RaftStorageImpl.java:format(96)) - Storage directory /home/runner/work/ozone/ozone/hadoop-ozone/integration-test/target/test-dir/MiniOzoneClusterImpl-befcc403-3179-4e75-bf53-7b17c2548d34/datanode-0/data/ratis/68551269-ab8e-4526-907c-88886c957466 has been successfully formatted.
2023-01-27 20:42:54,473 [pool-71-thread-1] INFO  ratis.ContainerStateMachine (ContainerStateMachine.java:loadSnapshot(240)) - group-88886C957466: The snapshot info is null. Setting the last applied indexto:(t:0, i:~)
2023-01-27 20:42:54,473 [pool-71-thread-1] INFO  server.RaftServerConfigKeys (ConfUtils.java:logGet(46)) - raft.server.log.use.memory = false (default)
2023-01-27 20:42:54,473 [pool-71-thread-1] INFO  server.RaftServerConfigKeys (ConfUtils.java:logGet(46)) - raft.server.log.purge.gap = 1000000 (custom)
2023-01-27 20:42:54,473 [pool-71-thread-1] INFO  server.RaftServerConfigKeys (ConfUtils.java:logGet(46)) - raft.server.log.appender.buffer.byte-limit = 33554432 (custom)
2023-01-27 20:42:54,476 | INFO  | SCMAudit | user=runner | ip=10.1.1.6 | op=SEND_HEARTBEAT {datanodeUUID=9447c40a-1705-47c5-a812-fa9699ec0ab2, term=-1, command=[]} | ret=SUCCESS |  
2023-01-27 20:42:54,473 [pool-71-thread-1] INFO  server.RaftServerConfigKeys (ConfUtils.java:logGet(46)) - raft.server.log.statemachine.data.read.timeout = 1000ms (default)
2023-01-27 20:42:54,476 [EventQueue-OpenPipelineForHealthyPipelineSafeModeRule] INFO  safemode.SCMSafeModeManager (HealthyPipelineSafeModeRule.java:process(137)) - SCM in safe mode. Healthy pipelines reported count is 0, required healthy pipeline reported count is 1
2023-01-27 20:42:54,478 [pool-71-thread-1] INFO  server.RaftServerConfigKeys (ConfUtils.java:logGet(46)) - raft.server.log.purge.preservation.log.num = 0 (default)
2023-01-27 20:42:54,480 [pool-71-thread-1] INFO  server.RaftServerConfigKeys (ConfUtils.java:logGet(46)) - raft.server.log.segment.size.max = 1048576 (custom)
2023-01-27 20:42:54,481 [pool-71-thread-1] INFO  server.RaftServerConfigKeys (ConfUtils.java:logGet(46)) - raft.server.log.segment.cache.num.max = 2 (custom)
2023-01-27 20:42:54,481 [pool-71-thread-1] INFO  server.RaftServerConfigKeys (ConfUtils.java:logGet(46)) - raft.server.log.segment.cache.size.max = 200MB (=209715200) (default)
2023-01-27 20:42:54,481 [pool-71-thread-1] INFO  segmented.SegmentedRaftLogWorker (SegmentedRaftLogWorker.java:<init>(189)) - new 9447c40a-1705-47c5-a812-fa9699ec0ab2@group-88886C957466-SegmentedRaftLogWorker for RaftStorageImpl:Storage Directory /home/runner/work/ozone/ozone/hadoop-ozone/integration-test/target/test-dir/MiniOzoneClusterImpl-befcc403-3179-4e75-bf53-7b17c2548d34/datanode-0/data/ratis/68551269-ab8e-4526-907c-88886c957466
2023-01-27 20:42:54,481 [pool-71-thread-1] INFO  server.RaftServerConfigKeys (ConfUtils.java:logGet(46)) - raft.server.log.queue.byte-limit = 4294967296 (custom)
2023-01-27 20:42:54,481 [pool-71-thread-1] INFO  server.RaftServerConfigKeys (ConfUtils.java:logGet(46)) - raft.server.log.queue.element-limit = 1024 (custom)
2023-01-27 20:42:54,481 [pool-71-thread-1] INFO  server.RaftServerConfigKeys (ConfUtils.java:logGet(46)) - raft.server.log.segment.size.max = 1048576 (custom)
2023-01-27 20:42:54,481 [pool-71-thread-1] INFO  server.RaftServerConfigKeys (ConfUtils.java:logGet(46)) - raft.server.log.preallocated.size = 16384 (custom)
2023-01-27 20:42:54,481 [pool-71-thread-1] INFO  server.RaftServerConfigKeys (ConfUtils.java:logGet(46)) - raft.server.log.force.sync.num = 128 (default)
2023-01-27 20:42:54,481 [pool-71-thread-1] INFO  server.RaftServerConfigKeys (ConfUtils.java:logGet(46)) - raft.server.log.statemachine.data.sync = true (default)
2023-01-27 20:42:54,481 [pool-71-thread-1] INFO  server.RaftServerConfigKeys (ConfUtils.java:logGet(46)) - raft.server.log.statemachine.data.sync.timeout = 10s (default)
2023-01-27 20:42:54,481 [pool-71-thread-1] INFO  server.RaftServerConfigKeys (ConfUtils.java:logGet(46)) - raft.server.log.statemachine.data.sync.timeout.retry = -1 (default)
2023-01-27 20:42:54,483 [pool-71-thread-1] INFO  server.RaftServerConfigKeys (ConfUtils.java:logGet(46)) - raft.server.log.write.buffer.size = 1048576 (custom)
2023-01-27 20:42:54,483 [pool-71-thread-1] INFO  server.RaftServerConfigKeys (ConfUtils.java:logGet(46)) - raft.server.log.appender.buffer.byte-limit = 33554432 (custom)
2023-01-27 20:42:54,492 [pool-71-thread-1] INFO  server.RaftServerConfigKeys (ConfUtils.java:logGet(46)) - raft.server.log.unsafe-flush.enabled = false (default)
2023-01-27 20:42:54,492 [pool-71-thread-1] INFO  server.RaftServerConfigKeys (ConfUtils.java:logGet(46)) - raft.server.log.async-flush.enabled = false (default)
2023-01-27 20:42:54,492 [pool-71-thread-1] INFO  server.RaftServerConfigKeys (ConfUtils.java:logGet(46)) - raft.server.log.statemachine.data.caching.enabled = true (custom)
2023-01-27 20:42:54,492 [pool-71-thread-1] INFO  segmented.SegmentedRaftLogWorker (SegmentedRaftLogWorker.java:lambda$new$0(135)) - 9447c40a-1705-47c5-a812-fa9699ec0ab2@group-88886C957466-SegmentedRaftLogWorker: flushIndex: setUnconditionally 0 -> -1
2023-01-27 20:42:54,493 [pool-71-thread-1] INFO  segmented.SegmentedRaftLogWorker (SegmentedRaftLogWorker.java:lambda$new$0(135)) - 9447c40a-1705-47c5-a812-fa9699ec0ab2@group-88886C957466-SegmentedRaftLogWorker: safeCacheEvictIndex: setUnconditionally 0 -> -1
2023-01-27 20:42:54,495 [pool-71-thread-1] INFO  server.RaftServer$Division (RaftServerImpl.java:start(334)) - 9447c40a-1705-47c5-a812-fa9699ec0ab2@group-88886C957466: start as a follower, conf=-1: peers:[761e2a81-3cf7-455e-896f-a019e5a4e3df|rpc:10.1.1.6:39123|dataStream:10.1.1.6:42559|priority:0|startupRole:FOLLOWER, 9447c40a-1705-47c5-a812-fa9699ec0ab2|rpc:10.1.1.6:34539|dataStream:10.1.1.6:37163|priority:1|startupRole:FOLLOWER, 79ace3de-40f8-4333-9712-129ecf4cb056|rpc:10.1.1.6:38443|dataStream:10.1.1.6:34959|priority:0|startupRole:FOLLOWER]|listeners:[], old=null
2023-01-27 20:42:54,495 [pool-71-thread-1] INFO  server.RaftServer$Division (RaftServerImpl.java:setRole(321)) - 9447c40a-1705-47c5-a812-fa9699ec0ab2@group-88886C957466: changes role from      null to FOLLOWER at term 0 for startAsFollower
2023-01-27 20:42:54,495 [pool-71-thread-1] INFO  impl.RoleInfo (RoleInfo.java:updateAndGet(139)) - 9447c40a-1705-47c5-a812-fa9699ec0ab2: start 9447c40a-1705-47c5-a812-fa9699ec0ab2@group-88886C957466-FollowerState
2023-01-27 20:42:54,495 [9447c40a-1705-47c5-a812-fa9699ec0ab2@group-88886C957466-FollowerState] INFO  server.RaftServerConfigKeys (ConfUtils.java:logFallback(53)) - raft.server.rpc.first-election.timeout.min = 5s (fallback to raft.server.rpc.timeout.min)
2023-01-27 20:42:54,496 [pool-71-thread-1] INFO  util.JmxRegister (JmxRegister.java:tryRegister(44)) - Successfully registered JMX Bean with object name Ratis:service=RaftServer,group=group-88886C957466,id=9447c40a-1705-47c5-a812-fa9699ec0ab2
2023-01-27 20:42:54,496 [9447c40a-1705-47c5-a812-fa9699ec0ab2@group-88886C957466-FollowerState] INFO  server.RaftServerConfigKeys (ConfUtils.java:logFallback(53)) - raft.server.rpc.first-election.timeout.max = 5200ms (fallback to raft.server.rpc.timeout.max)
2023-01-27 20:42:54,496 [pool-71-thread-1] INFO  server.RaftServerConfigKeys (ConfUtils.java:logGet(46)) - raft.server.snapshot.auto.trigger.enabled = true (custom)
2023-01-27 20:42:54,496 [pool-71-thread-1] INFO  server.RaftServerConfigKeys (ConfUtils.java:logGet(46)) - raft.server.snapshot.auto.trigger.threshold = 10000 (custom)
2023-01-27 20:42:54,496 [pool-71-thread-1] INFO  server.RaftServerConfigKeys (ConfUtils.java:logGet(46)) - raft.server.snapshot.retention.file.num = 5 (custom)
2023-01-27 20:42:54,496 [pool-71-thread-1] INFO  server.RaftServerConfigKeys (ConfUtils.java:logGet(46)) - raft.server.log.purge.upto.snapshot.index = false (default)
2023-01-27 20:42:54,497 [Command processor thread] INFO  ratis.XceiverServerRatis (XceiverServerRatis.java:addGroup(806)) - Created group PipelineID=68551269-ab8e-4526-907c-88886c957466
2023-01-27 20:42:54,916 [grpc-default-executor-0] INFO  server.RaftServer (RaftServerProxy.java:addNew(96)) - 761e2a81-3cf7-455e-896f-a019e5a4e3df: addNew group-88886C957466:[761e2a81-3cf7-455e-896f-a019e5a4e3df|rpc:10.1.1.6:39123|dataStream:10.1.1.6:42559|priority:0|startupRole:FOLLOWER, 9447c40a-1705-47c5-a812-fa9699ec0ab2|rpc:10.1.1.6:34539|dataStream:10.1.1.6:37163|priority:1|startupRole:FOLLOWER, 79ace3de-40f8-4333-9712-129ecf4cb056|rpc:10.1.1.6:38443|dataStream:10.1.1.6:34959|priority:0|startupRole:FOLLOWER] returns group-88886C957466:java.util.concurrent.CompletableFuture@1650c6be[Not completed]
2023-01-27 20:42:54,921 [pool-115-thread-1] INFO  server.RaftServer$Division (RaftServerImpl.java:<init>(195)) - 761e2a81-3cf7-455e-896f-a019e5a4e3df: new RaftServerImpl for group-88886C957466:[761e2a81-3cf7-455e-896f-a019e5a4e3df|rpc:10.1.1.6:39123|dataStream:10.1.1.6:42559|priority:0|startupRole:FOLLOWER, 9447c40a-1705-47c5-a812-fa9699ec0ab2|rpc:10.1.1.6:34539|dataStream:10.1.1.6:37163|priority:1|startupRole:FOLLOWER, 79ace3de-40f8-4333-9712-129ecf4cb056|rpc:10.1.1.6:38443|dataStream:10.1.1.6:34959|priority:0|startupRole:FOLLOWER] with ContainerStateMachine:uninitialized
2023-01-27 20:42:54,921 [pool-115-thread-1] INFO  server.RaftServerConfigKeys (ConfUtils.java:logGet(46)) - raft.server.rpc.timeout.min = 5s (custom)
2023-01-27 20:42:54,921 [pool-115-thread-1] INFO  server.RaftServerConfigKeys (ConfUtils.java:logGet(46)) - raft.server.rpc.timeout.max = 5200ms (custom)
2023-01-27 20:42:54,921 [pool-115-thread-1] INFO  server.RaftServerConfigKeys (ConfUtils.java:logGet(46)) - raft.server.rpc.sleep.time = 25ms (default)
2023-01-27 20:42:54,921 [pool-115-thread-1] INFO  server.RaftServerConfigKeys (ConfUtils.java:logGet(46)) - raft.server.rpc.slowness.timeout = 300s (custom)
2023-01-27 20:42:54,921 [pool-115-thread-1] INFO  server.RaftServerConfigKeys (ConfUtils.java:logGet(46)) - raft.server.leaderelection.leader.step-down.wait-time = 10s (default)
2023-01-27 20:42:54,921 [pool-115-thread-1] INFO  server.RaftServerConfigKeys (ConfUtils.java:logGet(46)) - raft.server.sleep.deviation.threshold = 300ms (default)
2023-01-27 20:42:54,921 [pool-115-thread-1] INFO  server.RaftServer$Division (ServerState.java:<init>(118)) - 761e2a81-3cf7-455e-896f-a019e5a4e3df@group-88886C957466: ConfigurationManager, init=-1: peers:[761e2a81-3cf7-455e-896f-a019e5a4e3df|rpc:10.1.1.6:39123|dataStream:10.1.1.6:42559|priority:0|startupRole:FOLLOWER, 9447c40a-1705-47c5-a812-fa9699ec0ab2|rpc:10.1.1.6:34539|dataStream:10.1.1.6:37163|priority:1|startupRole:FOLLOWER, 79ace3de-40f8-4333-9712-129ecf4cb056|rpc:10.1.1.6:38443|dataStream:10.1.1.6:34959|priority:0|startupRole:FOLLOWER]|listeners:[], old=null, confs=<EMPTY_MAP>
2023-01-27 20:42:54,921 [pool-115-thread-1] INFO  server.RaftServerConfigKeys (ConfUtils.java:logGet(46)) - raft.server.storage.dir = [/home/runner/work/ozone/ozone/hadoop-ozone/integration-test/target/test-dir/MiniOzoneClusterImpl-befcc403-3179-4e75-bf53-7b17c2548d34/datanode-2/data/ratis] (custom)
2023-01-27 20:42:54,921 [pool-115-thread-1] INFO  server.RaftServerConfigKeys (ConfUtils.java:logGet(46)) - raft.server.log.corruption.policy = EXCEPTION (default)
2023-01-27 20:42:54,922 [pool-115-thread-1] INFO  server.RaftServerConfigKeys (ConfUtils.java:logGet(46)) - raft.server.storage.free-space.min = 0MB (=0) (default)
2023-01-27 20:42:54,922 [pool-115-thread-1] INFO  server.RaftServerConfigKeys (ConfUtils.java:logGet(46)) - raft.server.notification.no-leader.timeout = 300s (custom)
2023-01-27 20:42:54,922 [pool-115-thread-1] INFO  server.RaftServerConfigKeys (ConfUtils.java:logGet(46)) - raft.server.retrycache.expirytime = 600000ms (custom)
2023-01-27 20:42:54,922 [pool-115-thread-1] INFO  server.RaftServerConfigKeys (ConfUtils.java:logGet(46)) - raft.server.retrycache.statistics.expirytime = 100μs (default)
2023-01-27 20:42:54,924 [pool-115-thread-1] INFO  server.RaftServerConfigKeys (ConfUtils.java:logGet(46)) - raft.server.log.appender.install.snapshot.enabled = false (custom)
2023-01-27 20:42:54,924 [pool-115-thread-1] INFO  server.RaftServerConfigKeys (ConfUtils.java:logGet(46)) - raft.server.threadpool.server.cached = true (default)
2023-01-27 20:42:54,924 [pool-115-thread-1] INFO  server.RaftServerConfigKeys (ConfUtils.java:logGet(46)) - raft.server.threadpool.server.size = 0 (default)
2023-01-27 20:42:54,924 [pool-115-thread-1] INFO  server.RaftServerConfigKeys (ConfUtils.java:logGet(46)) - raft.server.threadpool.client.cached = true (default)
2023-01-27 20:42:54,924 [pool-115-thread-1] INFO  server.RaftServerConfigKeys (ConfUtils.java:logGet(46)) - raft.server.threadpool.client.size = 0 (default)
2023-01-27 20:42:54,924 [pool-115-thread-1] INFO  storage.RaftStorageDirectory (RaftStorageDirectoryImpl.java:analyzeStorage(137)) - The storage directory /home/runner/work/ozone/ozone/hadoop-ozone/integration-test/target/test-dir/MiniOzoneClusterImpl-befcc403-3179-4e75-bf53-7b17c2548d34/datanode-2/data/ratis/68551269-ab8e-4526-907c-88886c957466 does not exist. Creating ...
2023-01-27 20:42:54,926 [pool-115-thread-1] INFO  storage.RaftStorageDirectory (RaftStorageDirectoryImpl.java:tryLock(231)) - Lock on /home/runner/work/ozone/ozone/hadoop-ozone/integration-test/target/test-dir/MiniOzoneClusterImpl-befcc403-3179-4e75-bf53-7b17c2548d34/datanode-2/data/ratis/68551269-ab8e-4526-907c-88886c957466/in_use.lock acquired by nodename 48024@fv-az399-583
2023-01-27 20:42:54,927 [pool-115-thread-1] INFO  storage.RaftStorage (RaftStorageImpl.java:format(96)) - Storage directory /home/runner/work/ozone/ozone/hadoop-ozone/integration-test/target/test-dir/MiniOzoneClusterImpl-befcc403-3179-4e75-bf53-7b17c2548d34/datanode-2/data/ratis/68551269-ab8e-4526-907c-88886c957466 has been successfully formatted.
2023-01-27 20:42:54,928 [pool-115-thread-1] INFO  ratis.ContainerStateMachine (ContainerStateMachine.java:loadSnapshot(240)) - group-88886C957466: The snapshot info is null. Setting the last applied indexto:(t:0, i:~)
2023-01-27 20:42:54,929 [pool-115-thread-1] INFO  server.RaftServerConfigKeys (ConfUtils.java:logGet(46)) - raft.server.log.use.memory = false (default)
2023-01-27 20:42:54,931 | INFO  | SCMAudit | user=runner | ip=10.1.1.6 | op=SEND_HEARTBEAT {datanodeUUID=761e2a81-3cf7-455e-896f-a019e5a4e3df, term=-1, command=[]} | ret=SUCCESS |  
2023-01-27 20:42:54,931 [pool-115-thread-1] INFO  server.RaftServerConfigKeys (ConfUtils.java:logGet(46)) - raft.server.log.purge.gap = 1000000 (custom)
2023-01-27 20:42:54,932 [pool-115-thread-1] INFO  server.RaftServerConfigKeys (ConfUtils.java:logGet(46)) - raft.server.log.appender.buffer.byte-limit = 33554432 (custom)
2023-01-27 20:42:54,932 [pool-115-thread-1] INFO  server.RaftServerConfigKeys (ConfUtils.java:logGet(46)) - raft.server.log.statemachine.data.read.timeout = 1000ms (default)
2023-01-27 20:42:54,932 [pool-115-thread-1] INFO  server.RaftServerConfigKeys (ConfUtils.java:logGet(46)) - raft.server.log.purge.preservation.log.num = 0 (default)
2023-01-27 20:42:54,932 [pool-115-thread-1] INFO  server.RaftServerConfigKeys (ConfUtils.java:logGet(46)) - raft.server.log.segment.size.max = 1048576 (custom)
2023-01-27 20:42:54,933 [pool-115-thread-1] INFO  server.RaftServerConfigKeys (ConfUtils.java:logGet(46)) - raft.server.log.segment.cache.num.max = 2 (custom)
2023-01-27 20:42:54,933 [pool-115-thread-1] INFO  server.RaftServerConfigKeys (ConfUtils.java:logGet(46)) - raft.server.log.segment.cache.size.max = 200MB (=209715200) (default)
2023-01-27 20:42:54,933 [pool-115-thread-1] INFO  segmented.SegmentedRaftLogWorker (SegmentedRaftLogWorker.java:<init>(189)) - new 761e2a81-3cf7-455e-896f-a019e5a4e3df@group-88886C957466-SegmentedRaftLogWorker for RaftStorageImpl:Storage Directory /home/runner/work/ozone/ozone/hadoop-ozone/integration-test/target/test-dir/MiniOzoneClusterImpl-befcc403-3179-4e75-bf53-7b17c2548d34/datanode-2/data/ratis/68551269-ab8e-4526-907c-88886c957466
2023-01-27 20:42:54,933 [pool-115-thread-1] INFO  server.RaftServerConfigKeys (ConfUtils.java:logGet(46)) - raft.server.log.queue.byte-limit = 4294967296 (custom)
2023-01-27 20:42:54,933 [pool-115-thread-1] INFO  server.RaftServerConfigKeys (ConfUtils.java:logGet(46)) - raft.server.log.queue.element-limit = 1024 (custom)
2023-01-27 20:42:54,933 [pool-115-thread-1] INFO  server.RaftServerConfigKeys (ConfUtils.java:logGet(46)) - raft.server.log.segment.size.max = 1048576 (custom)
2023-01-27 20:42:54,933 [pool-115-thread-1] INFO  server.RaftServerConfigKeys (ConfUtils.java:logGet(46)) - raft.server.log.preallocated.size = 16384 (custom)
2023-01-27 20:42:54,933 [pool-115-thread-1] INFO  server.RaftServerConfigKeys (ConfUtils.java:logGet(46)) - raft.server.log.force.sync.num = 128 (default)
2023-01-27 20:42:54,933 [pool-115-thread-1] INFO  server.RaftServerConfigKeys (ConfUtils.java:logGet(46)) - raft.server.log.statemachine.data.sync = true (default)
2023-01-27 20:42:54,933 [pool-115-thread-1] INFO  server.RaftServerConfigKeys (ConfUtils.java:logGet(46)) - raft.server.log.statemachine.data.sync.timeout = 10s (default)
2023-01-27 20:42:54,933 [pool-115-thread-1] INFO  server.RaftServerConfigKeys (ConfUtils.java:logGet(46)) - raft.server.log.statemachine.data.sync.timeout.retry = -1 (default)
2023-01-27 20:42:54,935 [pool-115-thread-1] INFO  server.RaftServerConfigKeys (ConfUtils.java:logGet(46)) - raft.server.log.write.buffer.size = 1048576 (custom)
2023-01-27 20:42:54,935 [pool-115-thread-1] INFO  server.RaftServerConfigKeys (ConfUtils.java:logGet(46)) - raft.server.log.appender.buffer.byte-limit = 33554432 (custom)
2023-01-27 20:42:55,189 [JvmPauseMonitor2] WARN  util.JvmPauseMonitor (JvmPauseMonitor.java:detectPause(126)) - JvmPauseMonitor-79ace3de-40f8-4333-9712-129ecf4cb056: Detected pause in JVM or host machine (eg GC): pause of approximately 148761898ns.
GC pool 'PS MarkSweep' had collection(s): count=1 time=203ms
GC pool 'PS Scavenge' had collection(s): count=1 time=50ms
2023-01-27 20:42:55,196 [pool-115-thread-1] INFO  server.RaftServerConfigKeys (ConfUtils.java:logGet(46)) - raft.server.log.unsafe-flush.enabled = false (default)
2023-01-27 20:42:55,198 [pool-115-thread-1] INFO  server.RaftServerConfigKeys (ConfUtils.java:logGet(46)) - raft.server.log.async-flush.enabled = false (default)
2023-01-27 20:42:55,198 [pool-115-thread-1] INFO  server.RaftServerConfigKeys (ConfUtils.java:logGet(46)) - raft.server.log.statemachine.data.caching.enabled = true (custom)
2023-01-27 20:42:55,198 [pool-115-thread-1] INFO  segmented.SegmentedRaftLogWorker (SegmentedRaftLogWorker.java:lambda$new$0(135)) - 761e2a81-3cf7-455e-896f-a019e5a4e3df@group-88886C957466-SegmentedRaftLogWorker: flushIndex: setUnconditionally 0 -> -1
2023-01-27 20:42:55,198 [pool-115-thread-1] INFO  segmented.SegmentedRaftLogWorker (SegmentedRaftLogWorker.java:lambda$new$0(135)) - 761e2a81-3cf7-455e-896f-a019e5a4e3df@group-88886C957466-SegmentedRaftLogWorker: safeCacheEvictIndex: setUnconditionally 0 -> -1
2023-01-27 20:42:55,198 | INFO  | SCMAudit | user=runner | ip=10.1.1.6 | op=SEND_HEARTBEAT {datanodeUUID=79ace3de-40f8-4333-9712-129ecf4cb056, term=-1, command=[]} | ret=SUCCESS |  
2023-01-27 20:42:55,199 [pool-115-thread-1] INFO  server.RaftServer$Division (RaftServerImpl.java:start(334)) - 761e2a81-3cf7-455e-896f-a019e5a4e3df@group-88886C957466: start as a follower, conf=-1: peers:[761e2a81-3cf7-455e-896f-a019e5a4e3df|rpc:10.1.1.6:39123|dataStream:10.1.1.6:42559|priority:0|startupRole:FOLLOWER, 9447c40a-1705-47c5-a812-fa9699ec0ab2|rpc:10.1.1.6:34539|dataStream:10.1.1.6:37163|priority:1|startupRole:FOLLOWER, 79ace3de-40f8-4333-9712-129ecf4cb056|rpc:10.1.1.6:38443|dataStream:10.1.1.6:34959|priority:0|startupRole:FOLLOWER]|listeners:[], old=null
2023-01-27 20:42:55,199 [pool-115-thread-1] INFO  server.RaftServer$Division (RaftServerImpl.java:setRole(321)) - 761e2a81-3cf7-455e-896f-a019e5a4e3df@group-88886C957466: changes role from      null to FOLLOWER at term 0 for startAsFollower
2023-01-27 20:42:55,199 [pool-115-thread-1] INFO  impl.RoleInfo (RoleInfo.java:updateAndGet(139)) - 761e2a81-3cf7-455e-896f-a019e5a4e3df: start 761e2a81-3cf7-455e-896f-a019e5a4e3df@group-88886C957466-FollowerState
2023-01-27 20:42:55,189 [JvmPauseMonitor1] WARN  util.JvmPauseMonitor (JvmPauseMonitor.java:detectPause(126)) - JvmPauseMonitor-9447c40a-1705-47c5-a812-fa9699ec0ab2: Detected pause in JVM or host machine (eg GC): pause of approximately 163283826ns.
GC pool 'PS MarkSweep' had collection(s): count=1 time=203ms
GC pool 'PS Scavenge' had collection(s): count=1 time=50ms
2023-01-27 20:42:55,200 [pool-115-thread-1] INFO  util.JmxRegister (JmxRegister.java:tryRegister(44)) - Successfully registered JMX Bean with object name Ratis:service=RaftServer,group=group-88886C957466,id=761e2a81-3cf7-455e-896f-a019e5a4e3df
2023-01-27 20:42:55,205 [pool-115-thread-1] INFO  server.RaftServerConfigKeys (ConfUtils.java:logGet(46)) - raft.server.snapshot.auto.trigger.enabled = true (custom)
2023-01-27 20:42:55,205 [pool-115-thread-1] INFO  server.RaftServerConfigKeys (ConfUtils.java:logGet(46)) - raft.server.snapshot.auto.trigger.threshold = 10000 (custom)
2023-01-27 20:42:55,205 [pool-115-thread-1] INFO  server.RaftServerConfigKeys (ConfUtils.java:logGet(46)) - raft.server.snapshot.retention.file.num = 5 (custom)
2023-01-27 20:42:55,205 [pool-115-thread-1] INFO  server.RaftServerConfigKeys (ConfUtils.java:logGet(46)) - raft.server.log.purge.upto.snapshot.index = false (default)
2023-01-27 20:42:55,206 [761e2a81-3cf7-455e-896f-a019e5a4e3df@group-88886C957466-FollowerState] INFO  server.RaftServerConfigKeys (ConfUtils.java:logFallback(53)) - raft.server.rpc.first-election.timeout.min = 5s (fallback to raft.server.rpc.timeout.min)
2023-01-27 20:42:55,206 [761e2a81-3cf7-455e-896f-a019e5a4e3df@group-88886C957466-FollowerState] INFO  server.RaftServerConfigKeys (ConfUtils.java:logFallback(53)) - raft.server.rpc.first-election.timeout.max = 5200ms (fallback to raft.server.rpc.timeout.max)
2023-01-27 20:42:55,213 [Command processor thread] INFO  server.RaftServer (RaftServerProxy.java:addNew(96)) - 79ace3de-40f8-4333-9712-129ecf4cb056: addNew group-F044F659C156:[79ace3de-40f8-4333-9712-129ecf4cb056|rpc:10.1.1.6:38443|dataStream:10.1.1.6:34959|priority:1|startupRole:FOLLOWER] returns group-F044F659C156:java.util.concurrent.CompletableFuture@4a9674ce[Not completed]
2023-01-27 20:42:55,217 [pool-93-thread-1] INFO  server.RaftServer$Division (RaftServerImpl.java:<init>(195)) - 79ace3de-40f8-4333-9712-129ecf4cb056: new RaftServerImpl for group-F044F659C156:[79ace3de-40f8-4333-9712-129ecf4cb056|rpc:10.1.1.6:38443|dataStream:10.1.1.6:34959|priority:1|startupRole:FOLLOWER] with ContainerStateMachine:uninitialized
2023-01-27 20:42:55,217 [pool-93-thread-1] INFO  server.RaftServerConfigKeys (ConfUtils.java:logGet(46)) - raft.server.rpc.timeout.min = 5s (custom)
2023-01-27 20:42:55,217 [pool-93-thread-1] INFO  server.RaftServerConfigKeys (ConfUtils.java:logGet(46)) - raft.server.rpc.timeout.max = 5200ms (custom)
2023-01-27 20:42:55,217 [pool-93-thread-1] INFO  server.RaftServerConfigKeys (ConfUtils.java:logGet(46)) - raft.server.rpc.sleep.time = 25ms (default)
2023-01-27 20:42:55,217 [pool-93-thread-1] INFO  server.RaftServerConfigKeys (ConfUtils.java:logGet(46)) - raft.server.rpc.slowness.timeout = 300s (custom)
2023-01-27 20:42:55,218 [pool-93-thread-1] INFO  server.RaftServerConfigKeys (ConfUtils.java:logGet(46)) - raft.server.leaderelection.leader.step-down.wait-time = 10s (default)
2023-01-27 20:42:55,218 [pool-93-thread-1] INFO  server.RaftServerConfigKeys (ConfUtils.java:logGet(46)) - raft.server.sleep.deviation.threshold = 300ms (default)
2023-01-27 20:42:55,218 [pool-93-thread-1] INFO  server.RaftServer$Division (ServerState.java:<init>(118)) - 79ace3de-40f8-4333-9712-129ecf4cb056@group-F044F659C156: ConfigurationManager, init=-1: peers:[79ace3de-40f8-4333-9712-129ecf4cb056|rpc:10.1.1.6:38443|dataStream:10.1.1.6:34959|priority:1|startupRole:FOLLOWER]|listeners:[], old=null, confs=<EMPTY_MAP>
2023-01-27 20:42:55,218 [pool-93-thread-1] INFO  server.RaftServerConfigKeys (ConfUtils.java:logGet(46)) - raft.server.storage.dir = [/home/runner/work/ozone/ozone/hadoop-ozone/integration-test/target/test-dir/MiniOzoneClusterImpl-befcc403-3179-4e75-bf53-7b17c2548d34/datanode-1/data/ratis] (custom)
2023-01-27 20:42:55,218 [pool-93-thread-1] INFO  server.RaftServerConfigKeys (ConfUtils.java:logGet(46)) - raft.server.log.corruption.policy = EXCEPTION (default)
2023-01-27 20:42:55,218 [pool-93-thread-1] INFO  server.RaftServerConfigKeys (ConfUtils.java:logGet(46)) - raft.server.storage.free-space.min = 0MB (=0) (default)
2023-01-27 20:42:55,218 [pool-93-thread-1] INFO  server.RaftServerConfigKeys (ConfUtils.java:logGet(46)) - raft.server.notification.no-leader.timeout = 300s (custom)
2023-01-27 20:42:55,218 [pool-93-thread-1] INFO  server.RaftServerConfigKeys (ConfUtils.java:logGet(46)) - raft.server.retrycache.expirytime = 600000ms (custom)
2023-01-27 20:42:55,218 [pool-93-thread-1] INFO  server.RaftServerConfigKeys (ConfUtils.java:logGet(46)) - raft.server.retrycache.statistics.expirytime = 100μs (default)
2023-01-27 20:42:55,220 [pool-93-thread-1] INFO  server.RaftServerConfigKeys (ConfUtils.java:logGet(46)) - raft.server.log.appender.install.snapshot.enabled = false (custom)
2023-01-27 20:42:55,220 [pool-93-thread-1] INFO  server.RaftServerConfigKeys (ConfUtils.java:logGet(46)) - raft.server.threadpool.server.cached = true (default)
2023-01-27 20:42:55,220 [pool-93-thread-1] INFO  server.RaftServerConfigKeys (ConfUtils.java:logGet(46)) - raft.server.threadpool.server.size = 0 (default)
2023-01-27 20:42:55,220 [pool-93-thread-1] INFO  server.RaftServerConfigKeys (ConfUtils.java:logGet(46)) - raft.server.threadpool.client.cached = true (default)
2023-01-27 20:42:55,220 [pool-93-thread-1] INFO  server.RaftServerConfigKeys (ConfUtils.java:logGet(46)) - raft.server.threadpool.client.size = 0 (default)
2023-01-27 20:42:55,220 [pool-93-thread-1] INFO  storage.RaftStorageDirectory (RaftStorageDirectoryImpl.java:analyzeStorage(137)) - The storage directory /home/runner/work/ozone/ozone/hadoop-ozone/integration-test/target/test-dir/MiniOzoneClusterImpl-befcc403-3179-4e75-bf53-7b17c2548d34/datanode-1/data/ratis/a4325fdd-c7ce-4686-ae55-f044f659c156 does not exist. Creating ...
2023-01-27 20:42:55,222 [pool-93-thread-1] INFO  storage.RaftStorageDirectory (RaftStorageDirectoryImpl.java:tryLock(231)) - Lock on /home/runner/work/ozone/ozone/hadoop-ozone/integration-test/target/test-dir/MiniOzoneClusterImpl-befcc403-3179-4e75-bf53-7b17c2548d34/datanode-1/data/ratis/a4325fdd-c7ce-4686-ae55-f044f659c156/in_use.lock acquired by nodename 48024@fv-az399-583
2023-01-27 20:42:55,224 [pool-93-thread-1] INFO  storage.RaftStorage (RaftStorageImpl.java:format(96)) - Storage directory /home/runner/work/ozone/ozone/hadoop-ozone/integration-test/target/test-dir/MiniOzoneClusterImpl-befcc403-3179-4e75-bf53-7b17c2548d34/datanode-1/data/ratis/a4325fdd-c7ce-4686-ae55-f044f659c156 has been successfully formatted.
2023-01-27 20:42:55,228 [pool-93-thread-1] INFO  ratis.ContainerStateMachine (ContainerStateMachine.java:loadSnapshot(240)) - group-F044F659C156: The snapshot info is null. Setting the last applied indexto:(t:0, i:~)
2023-01-27 20:42:55,228 [pool-93-thread-1] INFO  server.RaftServerConfigKeys (ConfUtils.java:logGet(46)) - raft.server.log.use.memory = false (default)
2023-01-27 20:42:55,229 [pool-93-thread-1] INFO  server.RaftServerConfigKeys (ConfUtils.java:logGet(46)) - raft.server.log.purge.gap = 1000000 (custom)
2023-01-27 20:42:55,229 [pool-93-thread-1] INFO  server.RaftServerConfigKeys (ConfUtils.java:logGet(46)) - raft.server.log.appender.buffer.byte-limit = 33554432 (custom)
2023-01-27 20:42:55,229 [pool-93-thread-1] INFO  server.RaftServerConfigKeys (ConfUtils.java:logGet(46)) - raft.server.log.statemachine.data.read.timeout = 1000ms (default)
2023-01-27 20:42:55,229 [pool-93-thread-1] INFO  server.RaftServerConfigKeys (ConfUtils.java:logGet(46)) - raft.server.log.purge.preservation.log.num = 0 (default)
2023-01-27 20:42:55,229 [pool-93-thread-1] INFO  server.RaftServerConfigKeys (ConfUtils.java:logGet(46)) - raft.server.log.segment.size.max = 1048576 (custom)
2023-01-27 20:42:55,229 | INFO  | SCMAudit | user=runner | ip=10.1.1.6 | op=SEND_HEARTBEAT {datanodeUUID=79ace3de-40f8-4333-9712-129ecf4cb056, term=-1, command=[]} | ret=SUCCESS |  
2023-01-27 20:42:55,229 [pool-93-thread-1] INFO  server.RaftServerConfigKeys (ConfUtils.java:logGet(46)) - raft.server.log.segment.cache.num.max = 2 (custom)
2023-01-27 20:42:55,230 [pool-93-thread-1] INFO  server.RaftServerConfigKeys (ConfUtils.java:logGet(46)) - raft.server.log.segment.cache.size.max = 200MB (=209715200) (default)
2023-01-27 20:42:55,230 [pool-93-thread-1] INFO  segmented.SegmentedRaftLogWorker (SegmentedRaftLogWorker.java:<init>(189)) - new 79ace3de-40f8-4333-9712-129ecf4cb056@group-F044F659C156-SegmentedRaftLogWorker for RaftStorageImpl:Storage Directory /home/runner/work/ozone/ozone/hadoop-ozone/integration-test/target/test-dir/MiniOzoneClusterImpl-befcc403-3179-4e75-bf53-7b17c2548d34/datanode-1/data/ratis/a4325fdd-c7ce-4686-ae55-f044f659c156
2023-01-27 20:42:55,230 [EventQueue-PipelineReportForPipelineReportHandler] INFO  pipeline.PipelineManagerImpl (PipelineManagerImpl.java:openPipeline(367)) - Pipeline Pipeline[ Id: a4325fdd-c7ce-4686-ae55-f044f659c156, Nodes: 79ace3de-40f8-4333-9712-129ecf4cb056(fv-az399-583.4urtqdmtpd2erju50p4tzyn2ng.bx.internal.cloudapp.net/10.1.1.6), ReplicationConfig: RATIS/ONE, State:ALLOCATED, leaderId:79ace3de-40f8-4333-9712-129ecf4cb056, CreationTimestamp2023-01-27T20:42:52Z[Etc/UTC]] moved to OPEN state
2023-01-27 20:42:55,230 [EventQueue-OpenPipelineForHealthyPipelineSafeModeRule] INFO  safemode.SCMSafeModeManager (HealthyPipelineSafeModeRule.java:process(137)) - SCM in safe mode. Healthy pipelines reported count is 0, required healthy pipeline reported count is 1
2023-01-27 20:42:55,230 [pool-93-thread-1] INFO  server.RaftServerConfigKeys (ConfUtils.java:logGet(46)) - raft.server.log.queue.byte-limit = 4294967296 (custom)
2023-01-27 20:42:55,231 [pool-93-thread-1] INFO  server.RaftServerConfigKeys (ConfUtils.java:logGet(46)) - raft.server.log.queue.element-limit = 1024 (custom)
2023-01-27 20:42:55,231 [pool-93-thread-1] INFO  server.RaftServerConfigKeys (ConfUtils.java:logGet(46)) - raft.server.log.segment.size.max = 1048576 (custom)
2023-01-27 20:42:55,231 [pool-93-thread-1] INFO  server.RaftServerConfigKeys (ConfUtils.java:logGet(46)) - raft.server.log.preallocated.size = 16384 (custom)
2023-01-27 20:42:55,231 [pool-93-thread-1] INFO  server.RaftServerConfigKeys (ConfUtils.java:logGet(46)) - raft.server.log.force.sync.num = 128 (default)
2023-01-27 20:42:55,231 [pool-93-thread-1] INFO  server.RaftServerConfigKeys (ConfUtils.java:logGet(46)) - raft.server.log.statemachine.data.sync = true (default)
2023-01-27 20:42:55,231 [pool-93-thread-1] INFO  server.RaftServerConfigKeys (ConfUtils.java:logGet(46)) - raft.server.log.statemachine.data.sync.timeout = 10s (default)
2023-01-27 20:42:55,232 [pool-93-thread-1] INFO  server.RaftServerConfigKeys (ConfUtils.java:logGet(46)) - raft.server.log.statemachine.data.sync.timeout.retry = -1 (default)
2023-01-27 20:42:55,232 [pool-93-thread-1] INFO  server.RaftServerConfigKeys (ConfUtils.java:logGet(46)) - raft.server.log.write.buffer.size = 1048576 (custom)
2023-01-27 20:42:55,233 [pool-93-thread-1] INFO  server.RaftServerConfigKeys (ConfUtils.java:logGet(46)) - raft.server.log.appender.buffer.byte-limit = 33554432 (custom)
2023-01-27 20:42:55,246 [pool-93-thread-1] INFO  server.RaftServerConfigKeys (ConfUtils.java:logGet(46)) - raft.server.log.unsafe-flush.enabled = false (default)
2023-01-27 20:42:55,246 [pool-93-thread-1] INFO  server.RaftServerConfigKeys (ConfUtils.java:logGet(46)) - raft.server.log.async-flush.enabled = false (default)
2023-01-27 20:42:55,246 [pool-93-thread-1] INFO  server.RaftServerConfigKeys (ConfUtils.java:logGet(46)) - raft.server.log.statemachine.data.caching.enabled = true (custom)
2023-01-27 20:42:55,246 [pool-93-thread-1] INFO  segmented.SegmentedRaftLogWorker (SegmentedRaftLogWorker.java:lambda$new$0(135)) - 79ace3de-40f8-4333-9712-129ecf4cb056@group-F044F659C156-SegmentedRaftLogWorker: flushIndex: setUnconditionally 0 -> -1
2023-01-27 20:42:55,246 [pool-93-thread-1] INFO  segmented.SegmentedRaftLogWorker (SegmentedRaftLogWorker.java:lambda$new$0(135)) - 79ace3de-40f8-4333-9712-129ecf4cb056@group-F044F659C156-SegmentedRaftLogWorker: safeCacheEvictIndex: setUnconditionally 0 -> -1
2023-01-27 20:42:55,246 [pool-93-thread-1] INFO  server.RaftServer$Division (RaftServerImpl.java:start(334)) - 79ace3de-40f8-4333-9712-129ecf4cb056@group-F044F659C156: start as a follower, conf=-1: peers:[79ace3de-40f8-4333-9712-129ecf4cb056|rpc:10.1.1.6:38443|dataStream:10.1.1.6:34959|priority:1|startupRole:FOLLOWER]|listeners:[], old=null
2023-01-27 20:42:55,246 [pool-93-thread-1] INFO  server.RaftServer$Division (RaftServerImpl.java:setRole(321)) - 79ace3de-40f8-4333-9712-129ecf4cb056@group-F044F659C156: changes role from      null to FOLLOWER at term 0 for startAsFollower
2023-01-27 20:42:55,246 [pool-93-thread-1] INFO  impl.RoleInfo (RoleInfo.java:updateAndGet(139)) - 79ace3de-40f8-4333-9712-129ecf4cb056: start 79ace3de-40f8-4333-9712-129ecf4cb056@group-F044F659C156-FollowerState
2023-01-27 20:42:55,247 [pool-93-thread-1] INFO  util.JmxRegister (JmxRegister.java:tryRegister(44)) - Successfully registered JMX Bean with object name Ratis:service=RaftServer,group=group-F044F659C156,id=79ace3de-40f8-4333-9712-129ecf4cb056
2023-01-27 20:42:55,247 [pool-93-thread-1] INFO  server.RaftServerConfigKeys (ConfUtils.java:logGet(46)) - raft.server.snapshot.auto.trigger.enabled = true (custom)
2023-01-27 20:42:55,247 [pool-93-thread-1] INFO  server.RaftServerConfigKeys (ConfUtils.java:logGet(46)) - raft.server.snapshot.auto.trigger.threshold = 10000 (custom)
2023-01-27 20:42:55,247 [pool-93-thread-1] INFO  server.RaftServerConfigKeys (ConfUtils.java:logGet(46)) - raft.server.snapshot.retention.file.num = 5 (custom)
2023-01-27 20:42:55,247 [pool-93-thread-1] INFO  server.RaftServerConfigKeys (ConfUtils.java:logGet(46)) - raft.server.log.purge.upto.snapshot.index = false (default)
2023-01-27 20:42:55,254 [Command processor thread] INFO  ratis.XceiverServerRatis (XceiverServerRatis.java:addGroup(806)) - Created group PipelineID=a4325fdd-c7ce-4686-ae55-f044f659c156
2023-01-27 20:42:55,254 [Command processor thread] INFO  commandhandler.CreatePipelineCommandHandler (CreatePipelineCommandHandler.java:handle(113)) - Created Pipeline RATIS ONE PipelineID=a4325fdd-c7ce-4686-ae55-f044f659c156.
2023-01-27 20:42:55,258 [Command processor thread] INFO  server.RaftServer (RaftServerProxy.java:addNew(96)) - 79ace3de-40f8-4333-9712-129ecf4cb056: addNew group-88886C957466:[761e2a81-3cf7-455e-896f-a019e5a4e3df|rpc:10.1.1.6:39123|dataStream:10.1.1.6:42559|priority:0|startupRole:FOLLOWER, 9447c40a-1705-47c5-a812-fa9699ec0ab2|rpc:10.1.1.6:34539|dataStream:10.1.1.6:37163|priority:1|startupRole:FOLLOWER, 79ace3de-40f8-4333-9712-129ecf4cb056|rpc:10.1.1.6:38443|dataStream:10.1.1.6:34959|priority:0|startupRole:FOLLOWER] returns group-88886C957466:java.util.concurrent.CompletableFuture@4ea9f944[Not completed]
2023-01-27 20:42:55,258 [79ace3de-40f8-4333-9712-129ecf4cb056@group-F044F659C156-FollowerState] INFO  server.RaftServerConfigKeys (ConfUtils.java:logFallback(53)) - raft.server.rpc.first-election.timeout.min = 5s (fallback to raft.server.rpc.timeout.min)
2023-01-27 20:42:55,258 [79ace3de-40f8-4333-9712-129ecf4cb056@group-F044F659C156-FollowerState] INFO  server.RaftServerConfigKeys (ConfUtils.java:logFallback(53)) - raft.server.rpc.first-election.timeout.max = 5200ms (fallback to raft.server.rpc.timeout.max)
2023-01-27 20:42:55,261 [pool-93-thread-1] INFO  server.RaftServer$Division (RaftServerImpl.java:<init>(195)) - 79ace3de-40f8-4333-9712-129ecf4cb056: new RaftServerImpl for group-88886C957466:[761e2a81-3cf7-455e-896f-a019e5a4e3df|rpc:10.1.1.6:39123|dataStream:10.1.1.6:42559|priority:0|startupRole:FOLLOWER, 9447c40a-1705-47c5-a812-fa9699ec0ab2|rpc:10.1.1.6:34539|dataStream:10.1.1.6:37163|priority:1|startupRole:FOLLOWER, 79ace3de-40f8-4333-9712-129ecf4cb056|rpc:10.1.1.6:38443|dataStream:10.1.1.6:34959|priority:0|startupRole:FOLLOWER] with ContainerStateMachine:uninitialized
2023-01-27 20:42:55,262 [pool-93-thread-1] INFO  server.RaftServerConfigKeys (ConfUtils.java:logGet(46)) - raft.server.rpc.timeout.min = 5s (custom)
2023-01-27 20:42:55,262 [pool-93-thread-1] INFO  server.RaftServerConfigKeys (ConfUtils.java:logGet(46)) - raft.server.rpc.timeout.max = 5200ms (custom)
2023-01-27 20:42:55,262 [pool-93-thread-1] INFO  server.RaftServerConfigKeys (ConfUtils.java:logGet(46)) - raft.server.rpc.sleep.time = 25ms (default)
2023-01-27 20:42:55,262 [pool-93-thread-1] INFO  server.RaftServerConfigKeys (ConfUtils.java:logGet(46)) - raft.server.rpc.slowness.timeout = 300s (custom)
2023-01-27 20:42:55,262 [pool-93-thread-1] INFO  server.RaftServerConfigKeys (ConfUtils.java:logGet(46)) - raft.server.leaderelection.leader.step-down.wait-time = 10s (default)
2023-01-27 20:42:55,262 [pool-93-thread-1] INFO  server.RaftServerConfigKeys (ConfUtils.java:logGet(46)) - raft.server.sleep.deviation.threshold = 300ms (default)
2023-01-27 20:42:55,262 [pool-93-thread-1] INFO  server.RaftServer$Division (ServerState.java:<init>(118)) - 79ace3de-40f8-4333-9712-129ecf4cb056@group-88886C957466: ConfigurationManager, init=-1: peers:[761e2a81-3cf7-455e-896f-a019e5a4e3df|rpc:10.1.1.6:39123|dataStream:10.1.1.6:42559|priority:0|startupRole:FOLLOWER, 9447c40a-1705-47c5-a812-fa9699ec0ab2|rpc:10.1.1.6:34539|dataStream:10.1.1.6:37163|priority:1|startupRole:FOLLOWER, 79ace3de-40f8-4333-9712-129ecf4cb056|rpc:10.1.1.6:38443|dataStream:10.1.1.6:34959|priority:0|startupRole:FOLLOWER]|listeners:[], old=null, confs=<EMPTY_MAP>
2023-01-27 20:42:55,262 [pool-93-thread-1] INFO  server.RaftServerConfigKeys (ConfUtils.java:logGet(46)) - raft.server.storage.dir = [/home/runner/work/ozone/ozone/hadoop-ozone/integration-test/target/test-dir/MiniOzoneClusterImpl-befcc403-3179-4e75-bf53-7b17c2548d34/datanode-1/data/ratis] (custom)
2023-01-27 20:42:55,263 [pool-93-thread-1] INFO  server.RaftServerConfigKeys (ConfUtils.java:logGet(46)) - raft.server.log.corruption.policy = EXCEPTION (default)
2023-01-27 20:42:55,263 [pool-93-thread-1] INFO  server.RaftServerConfigKeys (ConfUtils.java:logGet(46)) - raft.server.storage.free-space.min = 0MB (=0) (default)
2023-01-27 20:42:55,263 [pool-93-thread-1] INFO  server.RaftServerConfigKeys (ConfUtils.java:logGet(46)) - raft.server.notification.no-leader.timeout = 300s (custom)
2023-01-27 20:42:55,263 [pool-93-thread-1] INFO  server.RaftServerConfigKeys (ConfUtils.java:logGet(46)) - raft.server.retrycache.expirytime = 600000ms (custom)
2023-01-27 20:42:55,263 [pool-93-thread-1] INFO  server.RaftServerConfigKeys (ConfUtils.java:logGet(46)) - raft.server.retrycache.statistics.expirytime = 100μs (default)
2023-01-27 20:42:55,266 [pool-93-thread-1] INFO  server.RaftServerConfigKeys (ConfUtils.java:logGet(46)) - raft.server.log.appender.install.snapshot.enabled = false (custom)
2023-01-27 20:42:55,266 [pool-93-thread-1] INFO  server.RaftServerConfigKeys (ConfUtils.java:logGet(46)) - raft.server.threadpool.server.cached = true (default)
2023-01-27 20:42:55,266 [pool-93-thread-1] INFO  server.RaftServerConfigKeys (ConfUtils.java:logGet(46)) - raft.server.threadpool.server.size = 0 (default)
2023-01-27 20:42:55,266 [pool-93-thread-1] INFO  server.RaftServerConfigKeys (ConfUtils.java:logGet(46)) - raft.server.threadpool.client.cached = true (default)
2023-01-27 20:42:55,266 [pool-93-thread-1] INFO  server.RaftServerConfigKeys (ConfUtils.java:logGet(46)) - raft.server.threadpool.client.size = 0 (default)
2023-01-27 20:42:55,267 [pool-93-thread-1] INFO  storage.RaftStorageDirectory (RaftStorageDirectoryImpl.java:analyzeStorage(137)) - The storage directory /home/runner/work/ozone/ozone/hadoop-ozone/integration-test/target/test-dir/MiniOzoneClusterImpl-befcc403-3179-4e75-bf53-7b17c2548d34/datanode-1/data/ratis/68551269-ab8e-4526-907c-88886c957466 does not exist. Creating ...
2023-01-27 20:42:55,269 [pool-93-thread-1] INFO  storage.RaftStorageDirectory (RaftStorageDirectoryImpl.java:tryLock(231)) - Lock on /home/runner/work/ozone/ozone/hadoop-ozone/integration-test/target/test-dir/MiniOzoneClusterImpl-befcc403-3179-4e75-bf53-7b17c2548d34/datanode-1/data/ratis/68551269-ab8e-4526-907c-88886c957466/in_use.lock acquired by nodename 48024@fv-az399-583
2023-01-27 20:42:55,271 [pool-93-thread-1] INFO  storage.RaftStorage (RaftStorageImpl.java:format(96)) - Storage directory /home/runner/work/ozone/ozone/hadoop-ozone/integration-test/target/test-dir/MiniOzoneClusterImpl-befcc403-3179-4e75-bf53-7b17c2548d34/datanode-1/data/ratis/68551269-ab8e-4526-907c-88886c957466 has been successfully formatted.
2023-01-27 20:42:55,271 [pool-93-thread-1] INFO  ratis.ContainerStateMachine (ContainerStateMachine.java:loadSnapshot(240)) - group-88886C957466: The snapshot info is null. Setting the last applied indexto:(t:0, i:~)
2023-01-27 20:42:55,271 [pool-93-thread-1] INFO  server.RaftServerConfigKeys (ConfUtils.java:logGet(46)) - raft.server.log.use.memory = false (default)
2023-01-27 20:42:55,271 [pool-93-thread-1] INFO  server.RaftServerConfigKeys (ConfUtils.java:logGet(46)) - raft.server.log.purge.gap = 1000000 (custom)
2023-01-27 20:42:55,271 [pool-93-thread-1] INFO  server.RaftServerConfigKeys (ConfUtils.java:logGet(46)) - raft.server.log.appender.buffer.byte-limit = 33554432 (custom)
2023-01-27 20:42:55,272 [pool-93-thread-1] INFO  server.RaftServerConfigKeys (ConfUtils.java:logGet(46)) - raft.server.log.statemachine.data.read.timeout = 1000ms (default)
2023-01-27 20:42:55,272 [pool-93-thread-1] INFO  server.RaftServerConfigKeys (ConfUtils.java:logGet(46)) - raft.server.log.purge.preservation.log.num = 0 (default)
2023-01-27 20:42:55,272 [pool-93-thread-1] INFO  server.RaftServerConfigKeys (ConfUtils.java:logGet(46)) - raft.server.log.segment.size.max = 1048576 (custom)
2023-01-27 20:42:55,281 | INFO  | SCMAudit | user=runner | ip=10.1.1.6 | op=SEND_HEARTBEAT {datanodeUUID=79ace3de-40f8-4333-9712-129ecf4cb056, term=-1, command=[]} | ret=SUCCESS |  
2023-01-27 20:42:55,281 [EventQueue-OpenPipelineForHealthyPipelineSafeModeRule] INFO  safemode.SCMSafeModeManager (HealthyPipelineSafeModeRule.java:process(137)) - SCM in safe mode. Healthy pipelines reported count is 0, required healthy pipeline reported count is 1
2023-01-27 20:42:55,284 [pool-93-thread-1] INFO  server.RaftServerConfigKeys (ConfUtils.java:logGet(46)) - raft.server.log.segment.cache.num.max = 2 (custom)
2023-01-27 20:42:55,284 [pool-93-thread-1] INFO  server.RaftServerConfigKeys (ConfUtils.java:logGet(46)) - raft.server.log.segment.cache.size.max = 200MB (=209715200) (default)
2023-01-27 20:42:55,284 [pool-93-thread-1] INFO  segmented.SegmentedRaftLogWorker (SegmentedRaftLogWorker.java:<init>(189)) - new 79ace3de-40f8-4333-9712-129ecf4cb056@group-88886C957466-SegmentedRaftLogWorker for RaftStorageImpl:Storage Directory /home/runner/work/ozone/ozone/hadoop-ozone/integration-test/target/test-dir/MiniOzoneClusterImpl-befcc403-3179-4e75-bf53-7b17c2548d34/datanode-1/data/ratis/68551269-ab8e-4526-907c-88886c957466
2023-01-27 20:42:55,284 [pool-93-thread-1] INFO  server.RaftServerConfigKeys (ConfUtils.java:logGet(46)) - raft.server.log.queue.byte-limit = 4294967296 (custom)
2023-01-27 20:42:55,285 [pool-93-thread-1] INFO  server.RaftServerConfigKeys (ConfUtils.java:logGet(46)) - raft.server.log.queue.element-limit = 1024 (custom)
2023-01-27 20:42:55,285 [pool-93-thread-1] INFO  server.RaftServerConfigKeys (ConfUtils.java:logGet(46)) - raft.server.log.segment.size.max = 1048576 (custom)
2023-01-27 20:42:55,285 [pool-93-thread-1] INFO  server.RaftServerConfigKeys (ConfUtils.java:logGet(46)) - raft.server.log.preallocated.size = 16384 (custom)
2023-01-27 20:42:55,285 [pool-93-thread-1] INFO  server.RaftServerConfigKeys (ConfUtils.java:logGet(46)) - raft.server.log.force.sync.num = 128 (default)
2023-01-27 20:42:55,285 [pool-93-thread-1] INFO  server.RaftServerConfigKeys (ConfUtils.java:logGet(46)) - raft.server.log.statemachine.data.sync = true (default)
2023-01-27 20:42:55,285 [pool-93-thread-1] INFO  server.RaftServerConfigKeys (ConfUtils.java:logGet(46)) - raft.server.log.statemachine.data.sync.timeout = 10s (default)
2023-01-27 20:42:55,285 [pool-93-thread-1] INFO  server.RaftServerConfigKeys (ConfUtils.java:logGet(46)) - raft.server.log.statemachine.data.sync.timeout.retry = -1 (default)
2023-01-27 20:42:55,287 [pool-93-thread-1] INFO  server.RaftServerConfigKeys (ConfUtils.java:logGet(46)) - raft.server.log.write.buffer.size = 1048576 (custom)
2023-01-27 20:42:55,288 [pool-93-thread-1] INFO  server.RaftServerConfigKeys (ConfUtils.java:logGet(46)) - raft.server.log.appender.buffer.byte-limit = 33554432 (custom)
2023-01-27 20:42:55,296 [pool-93-thread-1] INFO  server.RaftServerConfigKeys (ConfUtils.java:logGet(46)) - raft.server.log.unsafe-flush.enabled = false (default)
2023-01-27 20:42:55,296 [pool-93-thread-1] INFO  server.RaftServerConfigKeys (ConfUtils.java:logGet(46)) - raft.server.log.async-flush.enabled = false (default)
2023-01-27 20:42:55,296 [pool-93-thread-1] INFO  server.RaftServerConfigKeys (ConfUtils.java:logGet(46)) - raft.server.log.statemachine.data.caching.enabled = true (custom)
2023-01-27 20:42:55,296 [pool-93-thread-1] INFO  segmented.SegmentedRaftLogWorker (SegmentedRaftLogWorker.java:lambda$new$0(135)) - 79ace3de-40f8-4333-9712-129ecf4cb056@group-88886C957466-SegmentedRaftLogWorker: flushIndex: setUnconditionally 0 -> -1
2023-01-27 20:42:55,296 [pool-93-thread-1] INFO  segmented.SegmentedRaftLogWorker (SegmentedRaftLogWorker.java:lambda$new$0(135)) - 79ace3de-40f8-4333-9712-129ecf4cb056@group-88886C957466-SegmentedRaftLogWorker: safeCacheEvictIndex: setUnconditionally 0 -> -1
2023-01-27 20:42:55,296 [pool-93-thread-1] INFO  server.RaftServer$Division (RaftServerImpl.java:start(334)) - 79ace3de-40f8-4333-9712-129ecf4cb056@group-88886C957466: start as a follower, conf=-1: peers:[761e2a81-3cf7-455e-896f-a019e5a4e3df|rpc:10.1.1.6:39123|dataStream:10.1.1.6:42559|priority:0|startupRole:FOLLOWER, 9447c40a-1705-47c5-a812-fa9699ec0ab2|rpc:10.1.1.6:34539|dataStream:10.1.1.6:37163|priority:1|startupRole:FOLLOWER, 79ace3de-40f8-4333-9712-129ecf4cb056|rpc:10.1.1.6:38443|dataStream:10.1.1.6:34959|priority:0|startupRole:FOLLOWER]|listeners:[], old=null
2023-01-27 20:42:55,297 [pool-93-thread-1] INFO  server.RaftServer$Division (RaftServerImpl.java:setRole(321)) - 79ace3de-40f8-4333-9712-129ecf4cb056@group-88886C957466: changes role from      null to FOLLOWER at term 0 for startAsFollower
2023-01-27 20:42:55,297 [pool-93-thread-1] INFO  impl.RoleInfo (RoleInfo.java:updateAndGet(139)) - 79ace3de-40f8-4333-9712-129ecf4cb056: start 79ace3de-40f8-4333-9712-129ecf4cb056@group-88886C957466-FollowerState
2023-01-27 20:42:55,300 [pool-93-thread-1] INFO  util.JmxRegister (JmxRegister.java:tryRegister(44)) - Successfully registered JMX Bean with object name Ratis:service=RaftServer,group=group-88886C957466,id=79ace3de-40f8-4333-9712-129ecf4cb056
2023-01-27 20:42:55,300 [pool-93-thread-1] INFO  server.RaftServerConfigKeys (ConfUtils.java:logGet(46)) - raft.server.snapshot.auto.trigger.enabled = true (custom)
2023-01-27 20:42:55,300 [pool-93-thread-1] INFO  server.RaftServerConfigKeys (ConfUtils.java:logGet(46)) - raft.server.snapshot.auto.trigger.threshold = 10000 (custom)
2023-01-27 20:42:55,300 [pool-93-thread-1] INFO  server.RaftServerConfigKeys (ConfUtils.java:logGet(46)) - raft.server.snapshot.retention.file.num = 5 (custom)
2023-01-27 20:42:55,300 [pool-93-thread-1] INFO  server.RaftServerConfigKeys (ConfUtils.java:logGet(46)) - raft.server.log.purge.upto.snapshot.index = false (default)
2023-01-27 20:42:55,302 [79ace3de-40f8-4333-9712-129ecf4cb056@group-88886C957466-FollowerState] INFO  server.RaftServerConfigKeys (ConfUtils.java:logFallback(53)) - raft.server.rpc.first-election.timeout.min = 5s (fallback to raft.server.rpc.timeout.min)
2023-01-27 20:42:55,307 [Command processor thread] INFO  ratis.XceiverServerRatis (XceiverServerRatis.java:addGroup(806)) - Created group PipelineID=68551269-ab8e-4526-907c-88886c957466
2023-01-27 20:42:55,309 [79ace3de-40f8-4333-9712-129ecf4cb056@group-88886C957466-FollowerState] INFO  server.RaftServerConfigKeys (ConfUtils.java:logFallback(53)) - raft.server.rpc.first-election.timeout.max = 5200ms (fallback to raft.server.rpc.timeout.max)
2023-01-27 20:42:55,347 [Listener at 127.0.0.1/46267] INFO  ozone.MiniOzoneClusterImpl (MiniOzoneClusterImpl.java:lambda$waitForClusterToBeReady$0(218)) - Nodes are ready. Got 3 of 3 DN Heartbeats.
2023-01-27 20:42:55,347 [Listener at 127.0.0.1/46267] INFO  ozone.MiniOzoneClusterImpl (MiniOzoneClusterImpl.java:lambda$waitForClusterToBeReady$0(221)) - Waiting for cluster to exit safe mode
2023-01-27 20:42:55,347 [Listener at 127.0.0.1/46267] INFO  ozone.MiniOzoneClusterImpl (MiniOzoneClusterImpl.java:lambda$waitForClusterToBeReady$0(223)) - SCM became leader
2023-01-27 20:42:55,355 [Command processor thread] INFO  server.RaftServer (RaftServerProxy.java:addNew(96)) - 761e2a81-3cf7-455e-896f-a019e5a4e3df: addNew group-FD54612BD5E9:[761e2a81-3cf7-455e-896f-a019e5a4e3df|rpc:10.1.1.6:39123|dataStream:10.1.1.6:42559|priority:1|startupRole:FOLLOWER] returns group-FD54612BD5E9:java.util.concurrent.CompletableFuture@69aed1a4[Not completed]
2023-01-27 20:42:55,357 [pool-115-thread-1] INFO  server.RaftServer$Division (RaftServerImpl.java:<init>(195)) - 761e2a81-3cf7-455e-896f-a019e5a4e3df: new RaftServerImpl for group-FD54612BD5E9:[761e2a81-3cf7-455e-896f-a019e5a4e3df|rpc:10.1.1.6:39123|dataStream:10.1.1.6:42559|priority:1|startupRole:FOLLOWER] with ContainerStateMachine:uninitialized
2023-01-27 20:42:55,357 [pool-115-thread-1] INFO  server.RaftServerConfigKeys (ConfUtils.java:logGet(46)) - raft.server.rpc.timeout.min = 5s (custom)
2023-01-27 20:42:55,357 [pool-115-thread-1] INFO  server.RaftServerConfigKeys (ConfUtils.java:logGet(46)) - raft.server.rpc.timeout.max = 5200ms (custom)
2023-01-27 20:42:55,357 [pool-115-thread-1] INFO  server.RaftServerConfigKeys (ConfUtils.java:logGet(46)) - raft.server.rpc.sleep.time = 25ms (default)
2023-01-27 20:42:55,357 [pool-115-thread-1] INFO  server.RaftServerConfigKeys (ConfUtils.java:logGet(46)) - raft.server.rpc.slowness.timeout = 300s (custom)
2023-01-27 20:42:55,357 [pool-115-thread-1] INFO  server.RaftServerConfigKeys (ConfUtils.java:logGet(46)) - raft.server.leaderelection.leader.step-down.wait-time = 10s (default)
2023-01-27 20:42:55,357 [pool-115-thread-1] INFO  server.RaftServerConfigKeys (ConfUtils.java:logGet(46)) - raft.server.sleep.deviation.threshold = 300ms (default)
2023-01-27 20:42:55,357 [pool-115-thread-1] INFO  server.RaftServer$Division (ServerState.java:<init>(118)) - 761e2a81-3cf7-455e-896f-a019e5a4e3df@group-FD54612BD5E9: ConfigurationManager, init=-1: peers:[761e2a81-3cf7-455e-896f-a019e5a4e3df|rpc:10.1.1.6:39123|dataStream:10.1.1.6:42559|priority:1|startupRole:FOLLOWER]|listeners:[], old=null, confs=<EMPTY_MAP>
2023-01-27 20:42:55,357 [pool-115-thread-1] INFO  server.RaftServerConfigKeys (ConfUtils.java:logGet(46)) - raft.server.storage.dir = [/home/runner/work/ozone/ozone/hadoop-ozone/integration-test/target/test-dir/MiniOzoneClusterImpl-befcc403-3179-4e75-bf53-7b17c2548d34/datanode-2/data/ratis] (custom)
2023-01-27 20:42:55,357 [pool-115-thread-1] INFO  server.RaftServerConfigKeys (ConfUtils.java:logGet(46)) - raft.server.log.corruption.policy = EXCEPTION (default)
2023-01-27 20:42:55,357 [pool-115-thread-1] INFO  server.RaftServerConfigKeys (ConfUtils.java:logGet(46)) - raft.server.storage.free-space.min = 0MB (=0) (default)
2023-01-27 20:42:55,360 [pool-115-thread-1] INFO  server.RaftServerConfigKeys (ConfUtils.java:logGet(46)) - raft.server.notification.no-leader.timeout = 300s (custom)
2023-01-27 20:42:55,360 [pool-115-thread-1] INFO  server.RaftServerConfigKeys (ConfUtils.java:logGet(46)) - raft.server.retrycache.expirytime = 600000ms (custom)
2023-01-27 20:42:55,361 [pool-115-thread-1] INFO  server.RaftServerConfigKeys (ConfUtils.java:logGet(46)) - raft.server.retrycache.statistics.expirytime = 100μs (default)
2023-01-27 20:42:55,362 [pool-115-thread-1] INFO  server.RaftServerConfigKeys (ConfUtils.java:logGet(46)) - raft.server.log.appender.install.snapshot.enabled = false (custom)
2023-01-27 20:42:55,362 [pool-115-thread-1] INFO  server.RaftServerConfigKeys (ConfUtils.java:logGet(46)) - raft.server.threadpool.server.cached = true (default)
2023-01-27 20:42:55,362 [pool-115-thread-1] INFO  server.RaftServerConfigKeys (ConfUtils.java:logGet(46)) - raft.server.threadpool.server.size = 0 (default)
2023-01-27 20:42:55,362 [pool-115-thread-1] INFO  server.RaftServerConfigKeys (ConfUtils.java:logGet(46)) - raft.server.threadpool.client.cached = true (default)
2023-01-27 20:42:55,362 [pool-115-thread-1] INFO  server.RaftServerConfigKeys (ConfUtils.java:logGet(46)) - raft.server.threadpool.client.size = 0 (default)
2023-01-27 20:42:55,362 [pool-115-thread-1] INFO  storage.RaftStorageDirectory (RaftStorageDirectoryImpl.java:analyzeStorage(137)) - The storage directory /home/runner/work/ozone/ozone/hadoop-ozone/integration-test/target/test-dir/MiniOzoneClusterImpl-befcc403-3179-4e75-bf53-7b17c2548d34/datanode-2/data/ratis/5a88978f-cc00-4d52-9ae5-fd54612bd5e9 does not exist. Creating ...
2023-01-27 20:42:55,363 [pool-115-thread-1] INFO  storage.RaftStorageDirectory (RaftStorageDirectoryImpl.java:tryLock(231)) - Lock on /home/runner/work/ozone/ozone/hadoop-ozone/integration-test/target/test-dir/MiniOzoneClusterImpl-befcc403-3179-4e75-bf53-7b17c2548d34/datanode-2/data/ratis/5a88978f-cc00-4d52-9ae5-fd54612bd5e9/in_use.lock acquired by nodename 48024@fv-az399-583
2023-01-27 20:42:55,367 [pool-115-thread-1] INFO  storage.RaftStorage (RaftStorageImpl.java:format(96)) - Storage directory /home/runner/work/ozone/ozone/hadoop-ozone/integration-test/target/test-dir/MiniOzoneClusterImpl-befcc403-3179-4e75-bf53-7b17c2548d34/datanode-2/data/ratis/5a88978f-cc00-4d52-9ae5-fd54612bd5e9 has been successfully formatted.
2023-01-27 20:42:55,368 [pool-115-thread-1] INFO  ratis.ContainerStateMachine (ContainerStateMachine.java:loadSnapshot(240)) - group-FD54612BD5E9: The snapshot info is null. Setting the last applied indexto:(t:0, i:~)
2023-01-27 20:42:55,369 [pool-115-thread-1] INFO  server.RaftServerConfigKeys (ConfUtils.java:logGet(46)) - raft.server.log.use.memory = false (default)
2023-01-27 20:42:55,369 [pool-115-thread-1] INFO  server.RaftServerConfigKeys (ConfUtils.java:logGet(46)) - raft.server.log.purge.gap = 1000000 (custom)
2023-01-27 20:42:55,369 [pool-115-thread-1] INFO  server.RaftServerConfigKeys (ConfUtils.java:logGet(46)) - raft.server.log.appender.buffer.byte-limit = 33554432 (custom)
2023-01-27 20:42:55,369 [pool-115-thread-1] INFO  server.RaftServerConfigKeys (ConfUtils.java:logGet(46)) - raft.server.log.statemachine.data.read.timeout = 1000ms (default)
2023-01-27 20:42:55,369 [pool-115-thread-1] INFO  server.RaftServerConfigKeys (ConfUtils.java:logGet(46)) - raft.server.log.purge.preservation.log.num = 0 (default)
2023-01-27 20:42:55,371 | INFO  | SCMAudit | user=runner | ip=10.1.1.6 | op=SEND_HEARTBEAT {datanodeUUID=761e2a81-3cf7-455e-896f-a019e5a4e3df, term=-1, command=[]} | ret=SUCCESS |  
2023-01-27 20:42:55,371 [EventQueue-PipelineReportForPipelineReportHandler] INFO  pipeline.PipelineManagerImpl (PipelineManagerImpl.java:openPipeline(367)) - Pipeline Pipeline[ Id: 5a88978f-cc00-4d52-9ae5-fd54612bd5e9, Nodes: 761e2a81-3cf7-455e-896f-a019e5a4e3df(fv-az399-583.4urtqdmtpd2erju50p4tzyn2ng.bx.internal.cloudapp.net/10.1.1.6), ReplicationConfig: RATIS/ONE, State:ALLOCATED, leaderId:761e2a81-3cf7-455e-896f-a019e5a4e3df, CreationTimestamp2023-01-27T20:42:52.359Z[Etc/UTC]] moved to OPEN state
2023-01-27 20:42:55,372 [EventQueue-OpenPipelineForHealthyPipelineSafeModeRule] INFO  safemode.SCMSafeModeManager (HealthyPipelineSafeModeRule.java:process(137)) - SCM in safe mode. Healthy pipelines reported count is 0, required healthy pipeline reported count is 1
2023-01-27 20:42:55,373 [pool-115-thread-1] INFO  server.RaftServerConfigKeys (ConfUtils.java:logGet(46)) - raft.server.log.segment.size.max = 1048576 (custom)
2023-01-27 20:42:55,373 [pool-115-thread-1] INFO  server.RaftServerConfigKeys (ConfUtils.java:logGet(46)) - raft.server.log.segment.cache.num.max = 2 (custom)
2023-01-27 20:42:55,373 [pool-115-thread-1] INFO  server.RaftServerConfigKeys (ConfUtils.java:logGet(46)) - raft.server.log.segment.cache.size.max = 200MB (=209715200) (default)
2023-01-27 20:42:55,373 [pool-115-thread-1] INFO  segmented.SegmentedRaftLogWorker (SegmentedRaftLogWorker.java:<init>(189)) - new 761e2a81-3cf7-455e-896f-a019e5a4e3df@group-FD54612BD5E9-SegmentedRaftLogWorker for RaftStorageImpl:Storage Directory /home/runner/work/ozone/ozone/hadoop-ozone/integration-test/target/test-dir/MiniOzoneClusterImpl-befcc403-3179-4e75-bf53-7b17c2548d34/datanode-2/data/ratis/5a88978f-cc00-4d52-9ae5-fd54612bd5e9
2023-01-27 20:42:55,373 [pool-115-thread-1] INFO  server.RaftServerConfigKeys (ConfUtils.java:logGet(46)) - raft.server.log.queue.byte-limit = 4294967296 (custom)
2023-01-27 20:42:55,374 [pool-115-thread-1] INFO  server.RaftServerConfigKeys (ConfUtils.java:logGet(46)) - raft.server.log.queue.element-limit = 1024 (custom)
2023-01-27 20:42:55,374 [pool-115-thread-1] INFO  server.RaftServerConfigKeys (ConfUtils.java:logGet(46)) - raft.server.log.segment.size.max = 1048576 (custom)
2023-01-27 20:42:55,374 [pool-115-thread-1] INFO  server.RaftServerConfigKeys (ConfUtils.java:logGet(46)) - raft.server.log.preallocated.size = 16384 (custom)
2023-01-27 20:42:55,374 [pool-115-thread-1] INFO  server.RaftServerConfigKeys (ConfUtils.java:logGet(46)) - raft.server.log.force.sync.num = 128 (default)
2023-01-27 20:42:55,374 [pool-115-thread-1] INFO  server.RaftServerConfigKeys (ConfUtils.java:logGet(46)) - raft.server.log.statemachine.data.sync = true (default)
2023-01-27 20:42:55,374 [pool-115-thread-1] INFO  server.RaftServerConfigKeys (ConfUtils.java:logGet(46)) - raft.server.log.statemachine.data.sync.timeout = 10s (default)
2023-01-27 20:42:55,374 [pool-115-thread-1] INFO  server.RaftServerConfigKeys (ConfUtils.java:logGet(46)) - raft.server.log.statemachine.data.sync.timeout.retry = -1 (default)
2023-01-27 20:42:55,375 [pool-115-thread-1] INFO  server.RaftServerConfigKeys (ConfUtils.java:logGet(46)) - raft.server.log.write.buffer.size = 1048576 (custom)
2023-01-27 20:42:55,375 [pool-115-thread-1] INFO  server.RaftServerConfigKeys (ConfUtils.java:logGet(46)) - raft.server.log.appender.buffer.byte-limit = 33554432 (custom)
2023-01-27 20:42:55,397 [pool-115-thread-1] INFO  server.RaftServerConfigKeys (ConfUtils.java:logGet(46)) - raft.server.log.unsafe-flush.enabled = false (default)
2023-01-27 20:42:55,397 [pool-115-thread-1] INFO  server.RaftServerConfigKeys (ConfUtils.java:logGet(46)) - raft.server.log.async-flush.enabled = false (default)
2023-01-27 20:42:55,397 [pool-115-thread-1] INFO  server.RaftServerConfigKeys (ConfUtils.java:logGet(46)) - raft.server.log.statemachine.data.caching.enabled = true (custom)
2023-01-27 20:42:55,397 [pool-115-thread-1] INFO  segmented.SegmentedRaftLogWorker (SegmentedRaftLogWorker.java:lambda$new$0(135)) - 761e2a81-3cf7-455e-896f-a019e5a4e3df@group-FD54612BD5E9-SegmentedRaftLogWorker: flushIndex: setUnconditionally 0 -> -1
2023-01-27 20:42:55,397 [pool-115-thread-1] INFO  segmented.SegmentedRaftLogWorker (SegmentedRaftLogWorker.java:lambda$new$0(135)) - 761e2a81-3cf7-455e-896f-a019e5a4e3df@group-FD54612BD5E9-SegmentedRaftLogWorker: safeCacheEvictIndex: setUnconditionally 0 -> -1
2023-01-27 20:42:55,398 [pool-115-thread-1] INFO  server.RaftServer$Division (RaftServerImpl.java:start(334)) - 761e2a81-3cf7-455e-896f-a019e5a4e3df@group-FD54612BD5E9: start as a follower, conf=-1: peers:[761e2a81-3cf7-455e-896f-a019e5a4e3df|rpc:10.1.1.6:39123|dataStream:10.1.1.6:42559|priority:1|startupRole:FOLLOWER]|listeners:[], old=null
2023-01-27 20:42:55,398 [pool-115-thread-1] INFO  server.RaftServer$Division (RaftServerImpl.java:setRole(321)) - 761e2a81-3cf7-455e-896f-a019e5a4e3df@group-FD54612BD5E9: changes role from      null to FOLLOWER at term 0 for startAsFollower
2023-01-27 20:42:55,398 [pool-115-thread-1] INFO  impl.RoleInfo (RoleInfo.java:updateAndGet(139)) - 761e2a81-3cf7-455e-896f-a019e5a4e3df: start 761e2a81-3cf7-455e-896f-a019e5a4e3df@group-FD54612BD5E9-FollowerState
2023-01-27 20:42:55,398 [pool-115-thread-1] INFO  util.JmxRegister (JmxRegister.java:tryRegister(44)) - Successfully registered JMX Bean with object name Ratis:service=RaftServer,group=group-FD54612BD5E9,id=761e2a81-3cf7-455e-896f-a019e5a4e3df
2023-01-27 20:42:55,399 [pool-115-thread-1] INFO  server.RaftServerConfigKeys (ConfUtils.java:logGet(46)) - raft.server.snapshot.auto.trigger.enabled = true (custom)
2023-01-27 20:42:55,399 [pool-115-thread-1] INFO  server.RaftServerConfigKeys (ConfUtils.java:logGet(46)) - raft.server.snapshot.auto.trigger.threshold = 10000 (custom)
2023-01-27 20:42:55,399 [pool-115-thread-1] INFO  server.RaftServerConfigKeys (ConfUtils.java:logGet(46)) - raft.server.snapshot.retention.file.num = 5 (custom)
2023-01-27 20:42:55,399 [pool-115-thread-1] INFO  server.RaftServerConfigKeys (ConfUtils.java:logGet(46)) - raft.server.log.purge.upto.snapshot.index = false (default)
2023-01-27 20:42:55,407 [Command processor thread] INFO  ratis.XceiverServerRatis (XceiverServerRatis.java:addGroup(806)) - Created group PipelineID=5a88978f-cc00-4d52-9ae5-fd54612bd5e9
2023-01-27 20:42:55,407 [Command processor thread] INFO  commandhandler.CreatePipelineCommandHandler (CreatePipelineCommandHandler.java:handle(113)) - Created Pipeline RATIS ONE PipelineID=5a88978f-cc00-4d52-9ae5-fd54612bd5e9.
2023-01-27 20:42:55,407 [Command processor thread] INFO  server.RaftServer (RaftServerProxy.java:addNew(96)) - 761e2a81-3cf7-455e-896f-a019e5a4e3df: addNew group-BBC72DE46FA7:[761e2a81-3cf7-455e-896f-a019e5a4e3df|rpc:10.1.1.6:39123|dataStream:10.1.1.6:42559|priority:1|startupRole:FOLLOWER, 9447c40a-1705-47c5-a812-fa9699ec0ab2|rpc:10.1.1.6:34539|dataStream:10.1.1.6:37163|priority:0|startupRole:FOLLOWER, 79ace3de-40f8-4333-9712-129ecf4cb056|rpc:10.1.1.6:38443|dataStream:10.1.1.6:34959|priority:0|startupRole:FOLLOWER] returns group-BBC72DE46FA7:java.util.concurrent.CompletableFuture@676922e1[Not completed]
2023-01-27 20:42:55,408 [761e2a81-3cf7-455e-896f-a019e5a4e3df@group-FD54612BD5E9-FollowerState] INFO  server.RaftServerConfigKeys (ConfUtils.java:logFallback(53)) - raft.server.rpc.first-election.timeout.min = 5s (fallback to raft.server.rpc.timeout.min)
2023-01-27 20:42:55,408 [761e2a81-3cf7-455e-896f-a019e5a4e3df@group-FD54612BD5E9-FollowerState] INFO  server.RaftServerConfigKeys (ConfUtils.java:logFallback(53)) - raft.server.rpc.first-election.timeout.max = 5200ms (fallback to raft.server.rpc.timeout.max)
2023-01-27 20:42:55,409 [pool-115-thread-1] INFO  server.RaftServer$Division (RaftServerImpl.java:<init>(195)) - 761e2a81-3cf7-455e-896f-a019e5a4e3df: new RaftServerImpl for group-BBC72DE46FA7:[761e2a81-3cf7-455e-896f-a019e5a4e3df|rpc:10.1.1.6:39123|dataStream:10.1.1.6:42559|priority:1|startupRole:FOLLOWER, 9447c40a-1705-47c5-a812-fa9699ec0ab2|rpc:10.1.1.6:34539|dataStream:10.1.1.6:37163|priority:0|startupRole:FOLLOWER, 79ace3de-40f8-4333-9712-129ecf4cb056|rpc:10.1.1.6:38443|dataStream:10.1.1.6:34959|priority:0|startupRole:FOLLOWER] with ContainerStateMachine:uninitialized
2023-01-27 20:42:55,409 [pool-115-thread-1] INFO  server.RaftServerConfigKeys (ConfUtils.java:logGet(46)) - raft.server.rpc.timeout.min = 5s (custom)
2023-01-27 20:42:55,410 [pool-115-thread-1] INFO  server.RaftServerConfigKeys (ConfUtils.java:logGet(46)) - raft.server.rpc.timeout.max = 5200ms (custom)
2023-01-27 20:42:55,410 [pool-115-thread-1] INFO  server.RaftServerConfigKeys (ConfUtils.java:logGet(46)) - raft.server.rpc.sleep.time = 25ms (default)
2023-01-27 20:42:55,410 [pool-115-thread-1] INFO  server.RaftServerConfigKeys (ConfUtils.java:logGet(46)) - raft.server.rpc.slowness.timeout = 300s (custom)
2023-01-27 20:42:55,410 [pool-115-thread-1] INFO  server.RaftServerConfigKeys (ConfUtils.java:logGet(46)) - raft.server.leaderelection.leader.step-down.wait-time = 10s (default)
2023-01-27 20:42:55,410 [pool-115-thread-1] INFO  server.RaftServerConfigKeys (ConfUtils.java:logGet(46)) - raft.server.sleep.deviation.threshold = 300ms (default)
2023-01-27 20:42:55,410 [pool-115-thread-1] INFO  server.RaftServer$Division (ServerState.java:<init>(118)) - 761e2a81-3cf7-455e-896f-a019e5a4e3df@group-BBC72DE46FA7: ConfigurationManager, init=-1: peers:[761e2a81-3cf7-455e-896f-a019e5a4e3df|rpc:10.1.1.6:39123|dataStream:10.1.1.6:42559|priority:1|startupRole:FOLLOWER, 9447c40a-1705-47c5-a812-fa9699ec0ab2|rpc:10.1.1.6:34539|dataStream:10.1.1.6:37163|priority:0|startupRole:FOLLOWER, 79ace3de-40f8-4333-9712-129ecf4cb056|rpc:10.1.1.6:38443|dataStream:10.1.1.6:34959|priority:0|startupRole:FOLLOWER]|listeners:[], old=null, confs=<EMPTY_MAP>
2023-01-27 20:42:55,410 [pool-115-thread-1] INFO  server.RaftServerConfigKeys (ConfUtils.java:logGet(46)) - raft.server.storage.dir = [/home/runner/work/ozone/ozone/hadoop-ozone/integration-test/target/test-dir/MiniOzoneClusterImpl-befcc403-3179-4e75-bf53-7b17c2548d34/datanode-2/data/ratis] (custom)
2023-01-27 20:42:55,410 [pool-115-thread-1] INFO  server.RaftServerConfigKeys (ConfUtils.java:logGet(46)) - raft.server.log.corruption.policy = EXCEPTION (default)
2023-01-27 20:42:55,410 [pool-115-thread-1] INFO  server.RaftServerConfigKeys (ConfUtils.java:logGet(46)) - raft.server.storage.free-space.min = 0MB (=0) (default)
2023-01-27 20:42:55,410 [pool-115-thread-1] INFO  server.RaftServerConfigKeys (ConfUtils.java:logGet(46)) - raft.server.notification.no-leader.timeout = 300s (custom)
2023-01-27 20:42:55,410 [pool-115-thread-1] INFO  server.RaftServerConfigKeys (ConfUtils.java:logGet(46)) - raft.server.retrycache.expirytime = 600000ms (custom)
2023-01-27 20:42:55,410 [pool-115-thread-1] INFO  server.RaftServerConfigKeys (ConfUtils.java:logGet(46)) - raft.server.retrycache.statistics.expirytime = 100μs (default)
2023-01-27 20:42:55,411 [pool-115-thread-1] INFO  server.RaftServerConfigKeys (ConfUtils.java:logGet(46)) - raft.server.log.appender.install.snapshot.enabled = false (custom)
2023-01-27 20:42:55,411 [pool-115-thread-1] INFO  server.RaftServerConfigKeys (ConfUtils.java:logGet(46)) - raft.server.threadpool.server.cached = true (default)
2023-01-27 20:42:55,411 [pool-115-thread-1] INFO  server.RaftServerConfigKeys (ConfUtils.java:logGet(46)) - raft.server.threadpool.server.size = 0 (default)
2023-01-27 20:42:55,411 [pool-115-thread-1] INFO  server.RaftServerConfigKeys (ConfUtils.java:logGet(46)) - raft.server.threadpool.client.cached = true (default)
2023-01-27 20:42:55,411 [pool-115-thread-1] INFO  server.RaftServerConfigKeys (ConfUtils.java:logGet(46)) - raft.server.threadpool.client.size = 0 (default)
2023-01-27 20:42:55,412 [pool-115-thread-1] INFO  storage.RaftStorageDirectory (RaftStorageDirectoryImpl.java:analyzeStorage(137)) - The storage directory /home/runner/work/ozone/ozone/hadoop-ozone/integration-test/target/test-dir/MiniOzoneClusterImpl-befcc403-3179-4e75-bf53-7b17c2548d34/datanode-2/data/ratis/3f016cf6-359d-44ee-9c35-bbc72de46fa7 does not exist. Creating ...
2023-01-27 20:42:55,415 [pool-115-thread-1] INFO  storage.RaftStorageDirectory (RaftStorageDirectoryImpl.java:tryLock(231)) - Lock on /home/runner/work/ozone/ozone/hadoop-ozone/integration-test/target/test-dir/MiniOzoneClusterImpl-befcc403-3179-4e75-bf53-7b17c2548d34/datanode-2/data/ratis/3f016cf6-359d-44ee-9c35-bbc72de46fa7/in_use.lock acquired by nodename 48024@fv-az399-583
2023-01-27 20:42:55,415 [Command processor thread] INFO  commandhandler.CreatePipelineCommandHandler (CreatePipelineCommandHandler.java:handle(113)) - Created Pipeline RATIS THREE PipelineID=68551269-ab8e-4526-907c-88886c957466.
2023-01-27 20:42:55,416 [pool-115-thread-1] INFO  storage.RaftStorage (RaftStorageImpl.java:format(96)) - Storage directory /home/runner/work/ozone/ozone/hadoop-ozone/integration-test/target/test-dir/MiniOzoneClusterImpl-befcc403-3179-4e75-bf53-7b17c2548d34/datanode-2/data/ratis/3f016cf6-359d-44ee-9c35-bbc72de46fa7 has been successfully formatted.
2023-01-27 20:42:55,418 [pool-115-thread-1] INFO  ratis.ContainerStateMachine (ContainerStateMachine.java:loadSnapshot(240)) - group-BBC72DE46FA7: The snapshot info is null. Setting the last applied indexto:(t:0, i:~)
2023-01-27 20:42:55,418 [pool-115-thread-1] INFO  server.RaftServerConfigKeys (ConfUtils.java:logGet(46)) - raft.server.log.use.memory = false (default)
2023-01-27 20:42:55,421 | INFO  | SCMAudit | user=runner | ip=10.1.1.6 | op=SEND_HEARTBEAT {datanodeUUID=761e2a81-3cf7-455e-896f-a019e5a4e3df, term=-1, command=[]} | ret=SUCCESS |  
2023-01-27 20:42:55,418 [pool-115-thread-1] INFO  server.RaftServerConfigKeys (ConfUtils.java:logGet(46)) - raft.server.log.purge.gap = 1000000 (custom)
2023-01-27 20:42:55,422 [EventQueue-OpenPipelineForHealthyPipelineSafeModeRule] INFO  safemode.SCMSafeModeManager (HealthyPipelineSafeModeRule.java:process(137)) - SCM in safe mode. Healthy pipelines reported count is 0, required healthy pipeline reported count is 1
2023-01-27 20:42:55,423 [pool-115-thread-1] INFO  server.RaftServerConfigKeys (ConfUtils.java:logGet(46)) - raft.server.log.appender.buffer.byte-limit = 33554432 (custom)
2023-01-27 20:42:55,423 [pool-115-thread-1] INFO  server.RaftServerConfigKeys (ConfUtils.java:logGet(46)) - raft.server.log.statemachine.data.read.timeout = 1000ms (default)
2023-01-27 20:42:55,423 [pool-115-thread-1] INFO  server.RaftServerConfigKeys (ConfUtils.java:logGet(46)) - raft.server.log.purge.preservation.log.num = 0 (default)
2023-01-27 20:42:55,424 [pool-115-thread-1] INFO  server.RaftServerConfigKeys (ConfUtils.java:logGet(46)) - raft.server.log.segment.size.max = 1048576 (custom)
2023-01-27 20:42:55,424 [pool-115-thread-1] INFO  server.RaftServerConfigKeys (ConfUtils.java:logGet(46)) - raft.server.log.segment.cache.num.max = 2 (custom)
2023-01-27 20:42:55,424 [pool-115-thread-1] INFO  server.RaftServerConfigKeys (ConfUtils.java:logGet(46)) - raft.server.log.segment.cache.size.max = 200MB (=209715200) (default)
2023-01-27 20:42:55,424 [pool-115-thread-1] INFO  segmented.SegmentedRaftLogWorker (SegmentedRaftLogWorker.java:<init>(189)) - new 761e2a81-3cf7-455e-896f-a019e5a4e3df@group-BBC72DE46FA7-SegmentedRaftLogWorker for RaftStorageImpl:Storage Directory /home/runner/work/ozone/ozone/hadoop-ozone/integration-test/target/test-dir/MiniOzoneClusterImpl-befcc403-3179-4e75-bf53-7b17c2548d34/datanode-2/data/ratis/3f016cf6-359d-44ee-9c35-bbc72de46fa7
2023-01-27 20:42:55,424 [pool-115-thread-1] INFO  server.RaftServerConfigKeys (ConfUtils.java:logGet(46)) - raft.server.log.queue.byte-limit = 4294967296 (custom)
2023-01-27 20:42:55,424 [pool-71-thread-1] INFO  server.RaftServer$Division (RaftServerImpl.java:<init>(195)) - 9447c40a-1705-47c5-a812-fa9699ec0ab2: new RaftServerImpl for group-BBC72DE46FA7:[761e2a81-3cf7-455e-896f-a019e5a4e3df|rpc:10.1.1.6:39123|dataStream:10.1.1.6:42559|priority:1|startupRole:FOLLOWER, 9447c40a-1705-47c5-a812-fa9699ec0ab2|rpc:10.1.1.6:34539|dataStream:10.1.1.6:37163|priority:0|startupRole:FOLLOWER, 79ace3de-40f8-4333-9712-129ecf4cb056|rpc:10.1.1.6:38443|dataStream:10.1.1.6:34959|priority:0|startupRole:FOLLOWER] with ContainerStateMachine:uninitialized
2023-01-27 20:42:55,424 [pool-71-thread-1] INFO  server.RaftServerConfigKeys (ConfUtils.java:logGet(46)) - raft.server.rpc.timeout.min = 5s (custom)
2023-01-27 20:42:55,425 [pool-71-thread-1] INFO  server.RaftServerConfigKeys (ConfUtils.java:logGet(46)) - raft.server.rpc.timeout.max = 5200ms (custom)
2023-01-27 20:42:55,425 [pool-71-thread-1] INFO  server.RaftServerConfigKeys (ConfUtils.java:logGet(46)) - raft.server.rpc.sleep.time = 25ms (default)
2023-01-27 20:42:55,425 [pool-71-thread-1] INFO  server.RaftServerConfigKeys (ConfUtils.java:logGet(46)) - raft.server.rpc.slowness.timeout = 300s (custom)
2023-01-27 20:42:55,425 [pool-71-thread-1] INFO  server.RaftServerConfigKeys (ConfUtils.java:logGet(46)) - raft.server.leaderelection.leader.step-down.wait-time = 10s (default)
2023-01-27 20:42:55,425 [pool-71-thread-1] INFO  server.RaftServerConfigKeys (ConfUtils.java:logGet(46)) - raft.server.sleep.deviation.threshold = 300ms (default)
2023-01-27 20:42:55,425 [pool-71-thread-1] INFO  server.RaftServer$Division (ServerState.java:<init>(118)) - 9447c40a-1705-47c5-a812-fa9699ec0ab2@group-BBC72DE46FA7: ConfigurationManager, init=-1: peers:[761e2a81-3cf7-455e-896f-a019e5a4e3df|rpc:10.1.1.6:39123|dataStream:10.1.1.6:42559|priority:1|startupRole:FOLLOWER, 9447c40a-1705-47c5-a812-fa9699ec0ab2|rpc:10.1.1.6:34539|dataStream:10.1.1.6:37163|priority:0|startupRole:FOLLOWER, 79ace3de-40f8-4333-9712-129ecf4cb056|rpc:10.1.1.6:38443|dataStream:10.1.1.6:34959|priority:0|startupRole:FOLLOWER]|listeners:[], old=null, confs=<EMPTY_MAP>
2023-01-27 20:42:55,425 [pool-71-thread-1] INFO  server.RaftServerConfigKeys (ConfUtils.java:logGet(46)) - raft.server.storage.dir = [/home/runner/work/ozone/ozone/hadoop-ozone/integration-test/target/test-dir/MiniOzoneClusterImpl-befcc403-3179-4e75-bf53-7b17c2548d34/datanode-0/data/ratis] (custom)
2023-01-27 20:42:55,425 [pool-71-thread-1] INFO  server.RaftServerConfigKeys (ConfUtils.java:logGet(46)) - raft.server.log.corruption.policy = EXCEPTION (default)
2023-01-27 20:42:55,425 [pool-71-thread-1] INFO  server.RaftServerConfigKeys (ConfUtils.java:logGet(46)) - raft.server.storage.free-space.min = 0MB (=0) (default)
2023-01-27 20:42:55,425 [pool-71-thread-1] INFO  server.RaftServerConfigKeys (ConfUtils.java:logGet(46)) - raft.server.notification.no-leader.timeout = 300s (custom)
2023-01-27 20:42:55,425 [pool-71-thread-1] INFO  server.RaftServerConfigKeys (ConfUtils.java:logGet(46)) - raft.server.retrycache.expirytime = 600000ms (custom)
2023-01-27 20:42:55,425 [pool-71-thread-1] INFO  server.RaftServerConfigKeys (ConfUtils.java:logGet(46)) - raft.server.retrycache.statistics.expirytime = 100μs (default)
2023-01-27 20:42:55,426 [pool-71-thread-1] INFO  server.RaftServerConfigKeys (ConfUtils.java:logGet(46)) - raft.server.log.appender.install.snapshot.enabled = false (custom)
2023-01-27 20:42:55,426 [pool-71-thread-1] INFO  server.RaftServerConfigKeys (ConfUtils.java:logGet(46)) - raft.server.threadpool.server.cached = true (default)
2023-01-27 20:42:55,426 [pool-71-thread-1] INFO  server.RaftServerConfigKeys (ConfUtils.java:logGet(46)) - raft.server.threadpool.server.size = 0 (default)
2023-01-27 20:42:55,426 [pool-71-thread-1] INFO  server.RaftServerConfigKeys (ConfUtils.java:logGet(46)) - raft.server.threadpool.client.cached = true (default)
2023-01-27 20:42:55,426 [pool-71-thread-1] INFO  server.RaftServerConfigKeys (ConfUtils.java:logGet(46)) - raft.server.threadpool.client.size = 0 (default)
2023-01-27 20:42:55,424 [pool-115-thread-1] INFO  server.RaftServerConfigKeys (ConfUtils.java:logGet(46)) - raft.server.log.queue.element-limit = 1024 (custom)
2023-01-27 20:42:55,429 [pool-115-thread-1] INFO  server.RaftServerConfigKeys (ConfUtils.java:logGet(46)) - raft.server.log.segment.size.max = 1048576 (custom)
2023-01-27 20:42:55,429 [pool-115-thread-1] INFO  server.RaftServerConfigKeys (ConfUtils.java:logGet(46)) - raft.server.log.preallocated.size = 16384 (custom)
2023-01-27 20:42:55,429 [pool-115-thread-1] INFO  server.RaftServerConfigKeys (ConfUtils.java:logGet(46)) - raft.server.log.force.sync.num = 128 (default)
2023-01-27 20:42:55,429 [pool-115-thread-1] INFO  server.RaftServerConfigKeys (ConfUtils.java:logGet(46)) - raft.server.log.statemachine.data.sync = true (default)
2023-01-27 20:42:55,429 [pool-115-thread-1] INFO  server.RaftServerConfigKeys (ConfUtils.java:logGet(46)) - raft.server.log.statemachine.data.sync.timeout = 10s (default)
2023-01-27 20:42:55,429 [pool-115-thread-1] INFO  server.RaftServerConfigKeys (ConfUtils.java:logGet(46)) - raft.server.log.statemachine.data.sync.timeout.retry = -1 (default)
2023-01-27 20:42:55,430 [pool-115-thread-1] INFO  server.RaftServerConfigKeys (ConfUtils.java:logGet(46)) - raft.server.log.write.buffer.size = 1048576 (custom)
2023-01-27 20:42:55,430 [pool-115-thread-1] INFO  server.RaftServerConfigKeys (ConfUtils.java:logGet(46)) - raft.server.log.appender.buffer.byte-limit = 33554432 (custom)
2023-01-27 20:42:55,436 [pool-115-thread-1] INFO  server.RaftServerConfigKeys (ConfUtils.java:logGet(46)) - raft.server.log.unsafe-flush.enabled = false (default)
2023-01-27 20:42:55,436 [pool-115-thread-1] INFO  server.RaftServerConfigKeys (ConfUtils.java:logGet(46)) - raft.server.log.async-flush.enabled = false (default)
2023-01-27 20:42:55,436 [pool-115-thread-1] INFO  server.RaftServerConfigKeys (ConfUtils.java:logGet(46)) - raft.server.log.statemachine.data.caching.enabled = true (custom)
2023-01-27 20:42:55,436 [pool-115-thread-1] INFO  segmented.SegmentedRaftLogWorker (SegmentedRaftLogWorker.java:lambda$new$0(135)) - 761e2a81-3cf7-455e-896f-a019e5a4e3df@group-BBC72DE46FA7-SegmentedRaftLogWorker: flushIndex: setUnconditionally 0 -> -1
2023-01-27 20:42:55,436 [pool-115-thread-1] INFO  segmented.SegmentedRaftLogWorker (SegmentedRaftLogWorker.java:lambda$new$0(135)) - 761e2a81-3cf7-455e-896f-a019e5a4e3df@group-BBC72DE46FA7-SegmentedRaftLogWorker: safeCacheEvictIndex: setUnconditionally 0 -> -1
2023-01-27 20:42:55,437 [pool-115-thread-1] INFO  server.RaftServer$Division (RaftServerImpl.java:start(334)) - 761e2a81-3cf7-455e-896f-a019e5a4e3df@group-BBC72DE46FA7: start as a follower, conf=-1: peers:[761e2a81-3cf7-455e-896f-a019e5a4e3df|rpc:10.1.1.6:39123|dataStream:10.1.1.6:42559|priority:1|startupRole:FOLLOWER, 9447c40a-1705-47c5-a812-fa9699ec0ab2|rpc:10.1.1.6:34539|dataStream:10.1.1.6:37163|priority:0|startupRole:FOLLOWER, 79ace3de-40f8-4333-9712-129ecf4cb056|rpc:10.1.1.6:38443|dataStream:10.1.1.6:34959|priority:0|startupRole:FOLLOWER]|listeners:[], old=null
2023-01-27 20:42:55,437 [pool-115-thread-1] INFO  server.RaftServer$Division (RaftServerImpl.java:setRole(321)) - 761e2a81-3cf7-455e-896f-a019e5a4e3df@group-BBC72DE46FA7: changes role from      null to FOLLOWER at term 0 for startAsFollower
2023-01-27 20:42:55,437 [pool-115-thread-1] INFO  impl.RoleInfo (RoleInfo.java:updateAndGet(139)) - 761e2a81-3cf7-455e-896f-a019e5a4e3df: start 761e2a81-3cf7-455e-896f-a019e5a4e3df@group-BBC72DE46FA7-FollowerState
2023-01-27 20:42:55,437 [pool-115-thread-1] INFO  util.JmxRegister (JmxRegister.java:tryRegister(44)) - Successfully registered JMX Bean with object name Ratis:service=RaftServer,group=group-BBC72DE46FA7,id=761e2a81-3cf7-455e-896f-a019e5a4e3df
2023-01-27 20:42:55,437 [pool-115-thread-1] INFO  server.RaftServerConfigKeys (ConfUtils.java:logGet(46)) - raft.server.snapshot.auto.trigger.enabled = true (custom)
2023-01-27 20:42:55,437 [pool-115-thread-1] INFO  server.RaftServerConfigKeys (ConfUtils.java:logGet(46)) - raft.server.snapshot.auto.trigger.threshold = 10000 (custom)
2023-01-27 20:42:55,437 [pool-115-thread-1] INFO  server.RaftServerConfigKeys (ConfUtils.java:logGet(46)) - raft.server.snapshot.retention.file.num = 5 (custom)
2023-01-27 20:42:55,437 [pool-115-thread-1] INFO  server.RaftServerConfigKeys (ConfUtils.java:logGet(46)) - raft.server.log.purge.upto.snapshot.index = false (default)
2023-01-27 20:42:55,438 [761e2a81-3cf7-455e-896f-a019e5a4e3df@group-BBC72DE46FA7-FollowerState] INFO  server.RaftServerConfigKeys (ConfUtils.java:logFallback(53)) - raft.server.rpc.first-election.timeout.min = 5s (fallback to raft.server.rpc.timeout.min)
2023-01-27 20:42:55,440 [761e2a81-3cf7-455e-896f-a019e5a4e3df@group-BBC72DE46FA7-FollowerState] INFO  server.RaftServerConfigKeys (ConfUtils.java:logFallback(53)) - raft.server.rpc.first-election.timeout.max = 5200ms (fallback to raft.server.rpc.timeout.max)
2023-01-27 20:42:55,446 [Command processor thread] INFO  server.RaftServer (RaftServerProxy.java:addNew(96)) - 9447c40a-1705-47c5-a812-fa9699ec0ab2: addNew group-BBC72DE46FA7:[761e2a81-3cf7-455e-896f-a019e5a4e3df|rpc:10.1.1.6:39123|dataStream:10.1.1.6:42559|priority:1|startupRole:FOLLOWER, 9447c40a-1705-47c5-a812-fa9699ec0ab2|rpc:10.1.1.6:34539|dataStream:10.1.1.6:37163|priority:0|startupRole:FOLLOWER, 79ace3de-40f8-4333-9712-129ecf4cb056|rpc:10.1.1.6:38443|dataStream:10.1.1.6:34959|priority:0|startupRole:FOLLOWER] returns      null 9447c40a-1705-47c5-a812-fa9699ec0ab2@group-BBC72DE46FA7:t0, leader=null, voted=null, raftlog=UNINITIALIZED, conf=-1: peers:[761e2a81-3cf7-455e-896f-a019e5a4e3df|rpc:10.1.1.6:39123|dataStream:10.1.1.6:42559|priority:1|startupRole:FOLLOWER, 9447c40a-1705-47c5-a812-fa9699ec0ab2|rpc:10.1.1.6:34539|dataStream:10.1.1.6:37163|priority:0|startupRole:FOLLOWER, 79ace3de-40f8-4333-9712-129ecf4cb056|rpc:10.1.1.6:38443|dataStream:10.1.1.6:34959|priority:0|startupRole:FOLLOWER]|listeners:[], old=null NEW
2023-01-27 20:42:55,447 [pool-71-thread-1] INFO  storage.RaftStorageDirectory (RaftStorageDirectoryImpl.java:analyzeStorage(137)) - The storage directory /home/runner/work/ozone/ozone/hadoop-ozone/integration-test/target/test-dir/MiniOzoneClusterImpl-befcc403-3179-4e75-bf53-7b17c2548d34/datanode-0/data/ratis/3f016cf6-359d-44ee-9c35-bbc72de46fa7 does not exist. Creating ...
2023-01-27 20:42:55,447 [Command processor thread] INFO  ratis.XceiverServerRatis (XceiverServerRatis.java:addGroup(806)) - Created group PipelineID=3f016cf6-359d-44ee-9c35-bbc72de46fa7
2023-01-27 20:42:55,451 [pool-71-thread-1] INFO  storage.RaftStorageDirectory (RaftStorageDirectoryImpl.java:tryLock(231)) - Lock on /home/runner/work/ozone/ozone/hadoop-ozone/integration-test/target/test-dir/MiniOzoneClusterImpl-befcc403-3179-4e75-bf53-7b17c2548d34/datanode-0/data/ratis/3f016cf6-359d-44ee-9c35-bbc72de46fa7/in_use.lock acquired by nodename 48024@fv-az399-583
2023-01-27 20:42:55,453 [pool-71-thread-1] INFO  storage.RaftStorage (RaftStorageImpl.java:format(96)) - Storage directory /home/runner/work/ozone/ozone/hadoop-ozone/integration-test/target/test-dir/MiniOzoneClusterImpl-befcc403-3179-4e75-bf53-7b17c2548d34/datanode-0/data/ratis/3f016cf6-359d-44ee-9c35-bbc72de46fa7 has been successfully formatted.
2023-01-27 20:42:55,457 [pool-71-thread-1] INFO  ratis.ContainerStateMachine (ContainerStateMachine.java:loadSnapshot(240)) - group-BBC72DE46FA7: The snapshot info is null. Setting the last applied indexto:(t:0, i:~)
2023-01-27 20:42:55,457 [pool-71-thread-1] INFO  server.RaftServerConfigKeys (ConfUtils.java:logGet(46)) - raft.server.log.use.memory = false (default)
2023-01-27 20:42:55,457 [pool-71-thread-1] INFO  server.RaftServerConfigKeys (ConfUtils.java:logGet(46)) - raft.server.log.purge.gap = 1000000 (custom)
2023-01-27 20:42:55,457 [pool-71-thread-1] INFO  server.RaftServerConfigKeys (ConfUtils.java:logGet(46)) - raft.server.log.appender.buffer.byte-limit = 33554432 (custom)
2023-01-27 20:42:55,458 [pool-71-thread-1] INFO  server.RaftServerConfigKeys (ConfUtils.java:logGet(46)) - raft.server.log.statemachine.data.read.timeout = 1000ms (default)
2023-01-27 20:42:55,458 [pool-71-thread-1] INFO  server.RaftServerConfigKeys (ConfUtils.java:logGet(46)) - raft.server.log.purge.preservation.log.num = 0 (default)
2023-01-27 20:42:55,458 [pool-71-thread-1] INFO  server.RaftServerConfigKeys (ConfUtils.java:logGet(46)) - raft.server.log.segment.size.max = 1048576 (custom)
2023-01-27 20:42:55,458 [pool-71-thread-1] INFO  server.RaftServerConfigKeys (ConfUtils.java:logGet(46)) - raft.server.log.segment.cache.num.max = 2 (custom)
2023-01-27 20:42:55,462 [pool-71-thread-1] INFO  server.RaftServerConfigKeys (ConfUtils.java:logGet(46)) - raft.server.log.segment.cache.size.max = 200MB (=209715200) (default)
2023-01-27 20:42:55,462 [pool-71-thread-1] INFO  segmented.SegmentedRaftLogWorker (SegmentedRaftLogWorker.java:<init>(189)) - new 9447c40a-1705-47c5-a812-fa9699ec0ab2@group-BBC72DE46FA7-SegmentedRaftLogWorker for RaftStorageImpl:Storage Directory /home/runner/work/ozone/ozone/hadoop-ozone/integration-test/target/test-dir/MiniOzoneClusterImpl-befcc403-3179-4e75-bf53-7b17c2548d34/datanode-0/data/ratis/3f016cf6-359d-44ee-9c35-bbc72de46fa7
2023-01-27 20:42:55,462 [pool-71-thread-1] INFO  server.RaftServerConfigKeys (ConfUtils.java:logGet(46)) - raft.server.log.queue.byte-limit = 4294967296 (custom)
2023-01-27 20:42:55,462 [pool-71-thread-1] INFO  server.RaftServerConfigKeys (ConfUtils.java:logGet(46)) - raft.server.log.queue.element-limit = 1024 (custom)
2023-01-27 20:42:55,462 [pool-71-thread-1] INFO  server.RaftServerConfigKeys (ConfUtils.java:logGet(46)) - raft.server.log.segment.size.max = 1048576 (custom)
2023-01-27 20:42:55,462 [pool-71-thread-1] INFO  server.RaftServerConfigKeys (ConfUtils.java:logGet(46)) - raft.server.log.preallocated.size = 16384 (custom)
2023-01-27 20:42:55,462 [pool-71-thread-1] INFO  server.RaftServerConfigKeys (ConfUtils.java:logGet(46)) - raft.server.log.force.sync.num = 128 (default)
2023-01-27 20:42:55,462 [pool-71-thread-1] INFO  server.RaftServerConfigKeys (ConfUtils.java:logGet(46)) - raft.server.log.statemachine.data.sync = true (default)
2023-01-27 20:42:55,462 [pool-71-thread-1] INFO  server.RaftServerConfigKeys (ConfUtils.java:logGet(46)) - raft.server.log.statemachine.data.sync.timeout = 10s (default)
2023-01-27 20:42:55,462 [pool-71-thread-1] INFO  server.RaftServerConfigKeys (ConfUtils.java:logGet(46)) - raft.server.log.statemachine.data.sync.timeout.retry = -1 (default)
2023-01-27 20:42:55,463 [pool-71-thread-1] INFO  server.RaftServerConfigKeys (ConfUtils.java:logGet(46)) - raft.server.log.write.buffer.size = 1048576 (custom)
2023-01-27 20:42:55,463 [pool-71-thread-1] INFO  server.RaftServerConfigKeys (ConfUtils.java:logGet(46)) - raft.server.log.appender.buffer.byte-limit = 33554432 (custom)
2023-01-27 20:42:55,471 [pool-71-thread-1] INFO  server.RaftServerConfigKeys (ConfUtils.java:logGet(46)) - raft.server.log.unsafe-flush.enabled = false (default)
2023-01-27 20:42:55,472 [pool-71-thread-1] INFO  server.RaftServerConfigKeys (ConfUtils.java:logGet(46)) - raft.server.log.async-flush.enabled = false (default)
2023-01-27 20:42:55,472 [pool-71-thread-1] INFO  server.RaftServerConfigKeys (ConfUtils.java:logGet(46)) - raft.server.log.statemachine.data.caching.enabled = true (custom)
2023-01-27 20:42:55,472 [pool-71-thread-1] INFO  segmented.SegmentedRaftLogWorker (SegmentedRaftLogWorker.java:lambda$new$0(135)) - 9447c40a-1705-47c5-a812-fa9699ec0ab2@group-BBC72DE46FA7-SegmentedRaftLogWorker: flushIndex: setUnconditionally 0 -> -1
2023-01-27 20:42:55,472 [pool-71-thread-1] INFO  segmented.SegmentedRaftLogWorker (SegmentedRaftLogWorker.java:lambda$new$0(135)) - 9447c40a-1705-47c5-a812-fa9699ec0ab2@group-BBC72DE46FA7-SegmentedRaftLogWorker: safeCacheEvictIndex: setUnconditionally 0 -> -1
2023-01-27 20:42:55,472 [pool-71-thread-1] INFO  server.RaftServer$Division (RaftServerImpl.java:start(334)) - 9447c40a-1705-47c5-a812-fa9699ec0ab2@group-BBC72DE46FA7: start as a follower, conf=-1: peers:[761e2a81-3cf7-455e-896f-a019e5a4e3df|rpc:10.1.1.6:39123|dataStream:10.1.1.6:42559|priority:1|startupRole:FOLLOWER, 9447c40a-1705-47c5-a812-fa9699ec0ab2|rpc:10.1.1.6:34539|dataStream:10.1.1.6:37163|priority:0|startupRole:FOLLOWER, 79ace3de-40f8-4333-9712-129ecf4cb056|rpc:10.1.1.6:38443|dataStream:10.1.1.6:34959|priority:0|startupRole:FOLLOWER]|listeners:[], old=null
2023-01-27 20:42:55,472 [pool-71-thread-1] INFO  server.RaftServer$Division (RaftServerImpl.java:setRole(321)) - 9447c40a-1705-47c5-a812-fa9699ec0ab2@group-BBC72DE46FA7: changes role from      null to FOLLOWER at term 0 for startAsFollower
2023-01-27 20:42:55,472 [pool-71-thread-1] INFO  impl.RoleInfo (RoleInfo.java:updateAndGet(139)) - 9447c40a-1705-47c5-a812-fa9699ec0ab2: start 9447c40a-1705-47c5-a812-fa9699ec0ab2@group-BBC72DE46FA7-FollowerState
2023-01-27 20:42:55,472 | INFO  | SCMAudit | user=runner | ip=10.1.1.6 | op=SEND_HEARTBEAT {datanodeUUID=9447c40a-1705-47c5-a812-fa9699ec0ab2, term=-1, command=[]} | ret=SUCCESS |  
2023-01-27 20:42:55,473 [EventQueue-OpenPipelineForHealthyPipelineSafeModeRule] INFO  safemode.SCMSafeModeManager (HealthyPipelineSafeModeRule.java:process(137)) - SCM in safe mode. Healthy pipelines reported count is 0, required healthy pipeline reported count is 1
2023-01-27 20:42:55,475 [pool-71-thread-1] INFO  util.JmxRegister (JmxRegister.java:tryRegister(44)) - Successfully registered JMX Bean with object name Ratis:service=RaftServer,group=group-BBC72DE46FA7,id=9447c40a-1705-47c5-a812-fa9699ec0ab2
2023-01-27 20:42:55,478 [pool-71-thread-1] INFO  server.RaftServerConfigKeys (ConfUtils.java:logGet(46)) - raft.server.snapshot.auto.trigger.enabled = true (custom)
2023-01-27 20:42:55,478 [pool-71-thread-1] INFO  server.RaftServerConfigKeys (ConfUtils.java:logGet(46)) - raft.server.snapshot.auto.trigger.threshold = 10000 (custom)
2023-01-27 20:42:55,478 [pool-71-thread-1] INFO  server.RaftServerConfigKeys (ConfUtils.java:logGet(46)) - raft.server.snapshot.retention.file.num = 5 (custom)
2023-01-27 20:42:55,478 [pool-71-thread-1] INFO  server.RaftServerConfigKeys (ConfUtils.java:logGet(46)) - raft.server.log.purge.upto.snapshot.index = false (default)
2023-01-27 20:42:55,478 [9447c40a-1705-47c5-a812-fa9699ec0ab2@group-BBC72DE46FA7-FollowerState] INFO  server.RaftServerConfigKeys (ConfUtils.java:logFallback(53)) - raft.server.rpc.first-election.timeout.min = 5s (fallback to raft.server.rpc.timeout.min)
2023-01-27 20:42:55,478 [9447c40a-1705-47c5-a812-fa9699ec0ab2@group-BBC72DE46FA7-FollowerState] INFO  server.RaftServerConfigKeys (ConfUtils.java:logFallback(53)) - raft.server.rpc.first-election.timeout.max = 5200ms (fallback to raft.server.rpc.timeout.max)
2023-01-27 20:42:55,479 [Command processor thread] INFO  ratis.XceiverServerRatis (XceiverServerRatis.java:addGroup(806)) - Created group PipelineID=3f016cf6-359d-44ee-9c35-bbc72de46fa7
2023-01-27 20:42:55,524 [Command processor thread] INFO  commandhandler.CreatePipelineCommandHandler (CreatePipelineCommandHandler.java:handle(113)) - Created Pipeline RATIS THREE PipelineID=68551269-ab8e-4526-907c-88886c957466.
2023-01-27 20:42:55,524 [Command processor thread] INFO  server.RaftServer (RaftServerProxy.java:addNew(96)) - 79ace3de-40f8-4333-9712-129ecf4cb056: addNew group-BBC72DE46FA7:[761e2a81-3cf7-455e-896f-a019e5a4e3df|rpc:10.1.1.6:39123|dataStream:10.1.1.6:42559|priority:1|startupRole:FOLLOWER, 9447c40a-1705-47c5-a812-fa9699ec0ab2|rpc:10.1.1.6:34539|dataStream:10.1.1.6:37163|priority:0|startupRole:FOLLOWER, 79ace3de-40f8-4333-9712-129ecf4cb056|rpc:10.1.1.6:38443|dataStream:10.1.1.6:34959|priority:0|startupRole:FOLLOWER] returns group-BBC72DE46FA7:java.util.concurrent.CompletableFuture@24e17c44[Not completed]
2023-01-27 20:42:55,525 [pool-93-thread-1] INFO  server.RaftServer$Division (RaftServerImpl.java:<init>(195)) - 79ace3de-40f8-4333-9712-129ecf4cb056: new RaftServerImpl for group-BBC72DE46FA7:[761e2a81-3cf7-455e-896f-a019e5a4e3df|rpc:10.1.1.6:39123|dataStream:10.1.1.6:42559|priority:1|startupRole:FOLLOWER, 9447c40a-1705-47c5-a812-fa9699ec0ab2|rpc:10.1.1.6:34539|dataStream:10.1.1.6:37163|priority:0|startupRole:FOLLOWER, 79ace3de-40f8-4333-9712-129ecf4cb056|rpc:10.1.1.6:38443|dataStream:10.1.1.6:34959|priority:0|startupRole:FOLLOWER] with ContainerStateMachine:uninitialized
2023-01-27 20:42:55,526 [pool-93-thread-1] INFO  server.RaftServerConfigKeys (ConfUtils.java:logGet(46)) - raft.server.rpc.timeout.min = 5s (custom)
2023-01-27 20:42:55,526 [pool-93-thread-1] INFO  server.RaftServerConfigKeys (ConfUtils.java:logGet(46)) - raft.server.rpc.timeout.max = 5200ms (custom)
2023-01-27 20:42:55,526 [pool-93-thread-1] INFO  server.RaftServerConfigKeys (ConfUtils.java:logGet(46)) - raft.server.rpc.sleep.time = 25ms (default)
2023-01-27 20:42:55,526 [pool-93-thread-1] INFO  server.RaftServerConfigKeys (ConfUtils.java:logGet(46)) - raft.server.rpc.slowness.timeout = 300s (custom)
2023-01-27 20:42:55,526 [pool-93-thread-1] INFO  server.RaftServerConfigKeys (ConfUtils.java:logGet(46)) - raft.server.leaderelection.leader.step-down.wait-time = 10s (default)
2023-01-27 20:42:55,526 [pool-93-thread-1] INFO  server.RaftServerConfigKeys (ConfUtils.java:logGet(46)) - raft.server.sleep.deviation.threshold = 300ms (default)
2023-01-27 20:42:55,526 [pool-93-thread-1] INFO  server.RaftServer$Division (ServerState.java:<init>(118)) - 79ace3de-40f8-4333-9712-129ecf4cb056@group-BBC72DE46FA7: ConfigurationManager, init=-1: peers:[761e2a81-3cf7-455e-896f-a019e5a4e3df|rpc:10.1.1.6:39123|dataStream:10.1.1.6:42559|priority:1|startupRole:FOLLOWER, 9447c40a-1705-47c5-a812-fa9699ec0ab2|rpc:10.1.1.6:34539|dataStream:10.1.1.6:37163|priority:0|startupRole:FOLLOWER, 79ace3de-40f8-4333-9712-129ecf4cb056|rpc:10.1.1.6:38443|dataStream:10.1.1.6:34959|priority:0|startupRole:FOLLOWER]|listeners:[], old=null, confs=<EMPTY_MAP>
2023-01-27 20:42:55,526 [pool-93-thread-1] INFO  server.RaftServerConfigKeys (ConfUtils.java:logGet(46)) - raft.server.storage.dir = [/home/runner/work/ozone/ozone/hadoop-ozone/integration-test/target/test-dir/MiniOzoneClusterImpl-befcc403-3179-4e75-bf53-7b17c2548d34/datanode-1/data/ratis] (custom)
2023-01-27 20:42:55,526 [pool-93-thread-1] INFO  server.RaftServerConfigKeys (ConfUtils.java:logGet(46)) - raft.server.log.corruption.policy = EXCEPTION (default)
2023-01-27 20:42:55,526 [pool-93-thread-1] INFO  server.RaftServerConfigKeys (ConfUtils.java:logGet(46)) - raft.server.storage.free-space.min = 0MB (=0) (default)
2023-01-27 20:42:55,526 [pool-93-thread-1] INFO  server.RaftServerConfigKeys (ConfUtils.java:logGet(46)) - raft.server.notification.no-leader.timeout = 300s (custom)
2023-01-27 20:42:55,526 [pool-93-thread-1] INFO  server.RaftServerConfigKeys (ConfUtils.java:logGet(46)) - raft.server.retrycache.expirytime = 600000ms (custom)
2023-01-27 20:42:55,526 [pool-93-thread-1] INFO  server.RaftServerConfigKeys (ConfUtils.java:logGet(46)) - raft.server.retrycache.statistics.expirytime = 100μs (default)
2023-01-27 20:42:55,527 [pool-93-thread-1] INFO  server.RaftServerConfigKeys (ConfUtils.java:logGet(46)) - raft.server.log.appender.install.snapshot.enabled = false (custom)
2023-01-27 20:42:55,527 [pool-93-thread-1] INFO  server.RaftServerConfigKeys (ConfUtils.java:logGet(46)) - raft.server.threadpool.server.cached = true (default)
2023-01-27 20:42:55,527 [pool-93-thread-1] INFO  server.RaftServerConfigKeys (ConfUtils.java:logGet(46)) - raft.server.threadpool.server.size = 0 (default)
2023-01-27 20:42:55,527 [pool-93-thread-1] INFO  server.RaftServerConfigKeys (ConfUtils.java:logGet(46)) - raft.server.threadpool.client.cached = true (default)
2023-01-27 20:42:55,528 [pool-93-thread-1] INFO  server.RaftServerConfigKeys (ConfUtils.java:logGet(46)) - raft.server.threadpool.client.size = 0 (default)
2023-01-27 20:42:55,528 [pool-93-thread-1] INFO  storage.RaftStorageDirectory (RaftStorageDirectoryImpl.java:analyzeStorage(137)) - The storage directory /home/runner/work/ozone/ozone/hadoop-ozone/integration-test/target/test-dir/MiniOzoneClusterImpl-befcc403-3179-4e75-bf53-7b17c2548d34/datanode-1/data/ratis/3f016cf6-359d-44ee-9c35-bbc72de46fa7 does not exist. Creating ...
2023-01-27 20:42:55,534 [pool-93-thread-1] INFO  storage.RaftStorageDirectory (RaftStorageDirectoryImpl.java:tryLock(231)) - Lock on /home/runner/work/ozone/ozone/hadoop-ozone/integration-test/target/test-dir/MiniOzoneClusterImpl-befcc403-3179-4e75-bf53-7b17c2548d34/datanode-1/data/ratis/3f016cf6-359d-44ee-9c35-bbc72de46fa7/in_use.lock acquired by nodename 48024@fv-az399-583
2023-01-27 20:42:55,540 [pool-93-thread-1] INFO  storage.RaftStorage (RaftStorageImpl.java:format(96)) - Storage directory /home/runner/work/ozone/ozone/hadoop-ozone/integration-test/target/test-dir/MiniOzoneClusterImpl-befcc403-3179-4e75-bf53-7b17c2548d34/datanode-1/data/ratis/3f016cf6-359d-44ee-9c35-bbc72de46fa7 has been successfully formatted.
2023-01-27 20:42:55,540 [pool-93-thread-1] INFO  ratis.ContainerStateMachine (ContainerStateMachine.java:loadSnapshot(240)) - group-BBC72DE46FA7: The snapshot info is null. Setting the last applied indexto:(t:0, i:~)
2023-01-27 20:42:55,540 [pool-93-thread-1] INFO  server.RaftServerConfigKeys (ConfUtils.java:logGet(46)) - raft.server.log.use.memory = false (default)
2023-01-27 20:42:55,540 [pool-93-thread-1] INFO  server.RaftServerConfigKeys (ConfUtils.java:logGet(46)) - raft.server.log.purge.gap = 1000000 (custom)
2023-01-27 20:42:55,540 [pool-93-thread-1] INFO  server.RaftServerConfigKeys (ConfUtils.java:logGet(46)) - raft.server.log.appender.buffer.byte-limit = 33554432 (custom)
2023-01-27 20:42:55,540 [pool-93-thread-1] INFO  server.RaftServerConfigKeys (ConfUtils.java:logGet(46)) - raft.server.log.statemachine.data.read.timeout = 1000ms (default)
2023-01-27 20:42:55,540 [pool-93-thread-1] INFO  server.RaftServerConfigKeys (ConfUtils.java:logGet(46)) - raft.server.log.purge.preservation.log.num = 0 (default)
2023-01-27 20:42:55,541 [pool-93-thread-1] INFO  server.RaftServerConfigKeys (ConfUtils.java:logGet(46)) - raft.server.log.segment.size.max = 1048576 (custom)
2023-01-27 20:42:55,541 [pool-93-thread-1] INFO  server.RaftServerConfigKeys (ConfUtils.java:logGet(46)) - raft.server.log.segment.cache.num.max = 2 (custom)
2023-01-27 20:42:55,541 [pool-93-thread-1] INFO  server.RaftServerConfigKeys (ConfUtils.java:logGet(46)) - raft.server.log.segment.cache.size.max = 200MB (=209715200) (default)
2023-01-27 20:42:55,541 [pool-93-thread-1] INFO  segmented.SegmentedRaftLogWorker (SegmentedRaftLogWorker.java:<init>(189)) - new 79ace3de-40f8-4333-9712-129ecf4cb056@group-BBC72DE46FA7-SegmentedRaftLogWorker for RaftStorageImpl:Storage Directory /home/runner/work/ozone/ozone/hadoop-ozone/integration-test/target/test-dir/MiniOzoneClusterImpl-befcc403-3179-4e75-bf53-7b17c2548d34/datanode-1/data/ratis/3f016cf6-359d-44ee-9c35-bbc72de46fa7
2023-01-27 20:42:55,541 [pool-93-thread-1] INFO  server.RaftServerConfigKeys (ConfUtils.java:logGet(46)) - raft.server.log.queue.byte-limit = 4294967296 (custom)
2023-01-27 20:42:55,541 [pool-93-thread-1] INFO  server.RaftServerConfigKeys (ConfUtils.java:logGet(46)) - raft.server.log.queue.element-limit = 1024 (custom)
2023-01-27 20:42:55,541 [pool-93-thread-1] INFO  server.RaftServerConfigKeys (ConfUtils.java:logGet(46)) - raft.server.log.segment.size.max = 1048576 (custom)
2023-01-27 20:42:55,541 [pool-93-thread-1] INFO  server.RaftServerConfigKeys (ConfUtils.java:logGet(46)) - raft.server.log.preallocated.size = 16384 (custom)
2023-01-27 20:42:55,542 [pool-93-thread-1] INFO  server.RaftServerConfigKeys (ConfUtils.java:logGet(46)) - raft.server.log.force.sync.num = 128 (default)
2023-01-27 20:42:55,542 [pool-93-thread-1] INFO  server.RaftServerConfigKeys (ConfUtils.java:logGet(46)) - raft.server.log.statemachine.data.sync = true (default)
2023-01-27 20:42:55,542 [pool-93-thread-1] INFO  server.RaftServerConfigKeys (ConfUtils.java:logGet(46)) - raft.server.log.statemachine.data.sync.timeout = 10s (default)
2023-01-27 20:42:55,542 [pool-93-thread-1] INFO  server.RaftServerConfigKeys (ConfUtils.java:logGet(46)) - raft.server.log.statemachine.data.sync.timeout.retry = -1 (default)
2023-01-27 20:42:55,543 | INFO  | SCMAudit | user=runner | ip=10.1.1.6 | op=SEND_HEARTBEAT {datanodeUUID=79ace3de-40f8-4333-9712-129ecf4cb056, term=-1, command=[]} | ret=SUCCESS |  
2023-01-27 20:42:55,543 [EventQueue-OpenPipelineForHealthyPipelineSafeModeRule] INFO  safemode.SCMSafeModeManager (HealthyPipelineSafeModeRule.java:process(137)) - SCM in safe mode. Healthy pipelines reported count is 0, required healthy pipeline reported count is 1
2023-01-27 20:42:55,562 [pool-93-thread-1] INFO  server.RaftServerConfigKeys (ConfUtils.java:logGet(46)) - raft.server.log.write.buffer.size = 1048576 (custom)
2023-01-27 20:42:55,562 [pool-93-thread-1] INFO  server.RaftServerConfigKeys (ConfUtils.java:logGet(46)) - raft.server.log.appender.buffer.byte-limit = 33554432 (custom)
2023-01-27 20:42:55,569 [pool-93-thread-1] INFO  server.RaftServerConfigKeys (ConfUtils.java:logGet(46)) - raft.server.log.unsafe-flush.enabled = false (default)
2023-01-27 20:42:55,569 [pool-93-thread-1] INFO  server.RaftServerConfigKeys (ConfUtils.java:logGet(46)) - raft.server.log.async-flush.enabled = false (default)
2023-01-27 20:42:55,569 [pool-93-thread-1] INFO  server.RaftServerConfigKeys (ConfUtils.java:logGet(46)) - raft.server.log.statemachine.data.caching.enabled = true (custom)
2023-01-27 20:42:55,569 [pool-93-thread-1] INFO  segmented.SegmentedRaftLogWorker (SegmentedRaftLogWorker.java:lambda$new$0(135)) - 79ace3de-40f8-4333-9712-129ecf4cb056@group-BBC72DE46FA7-SegmentedRaftLogWorker: flushIndex: setUnconditionally 0 -> -1
2023-01-27 20:42:55,569 [pool-93-thread-1] INFO  segmented.SegmentedRaftLogWorker (SegmentedRaftLogWorker.java:lambda$new$0(135)) - 79ace3de-40f8-4333-9712-129ecf4cb056@group-BBC72DE46FA7-SegmentedRaftLogWorker: safeCacheEvictIndex: setUnconditionally 0 -> -1
2023-01-27 20:42:55,570 [pool-93-thread-1] INFO  server.RaftServer$Division (RaftServerImpl.java:start(334)) - 79ace3de-40f8-4333-9712-129ecf4cb056@group-BBC72DE46FA7: start as a follower, conf=-1: peers:[761e2a81-3cf7-455e-896f-a019e5a4e3df|rpc:10.1.1.6:39123|dataStream:10.1.1.6:42559|priority:1|startupRole:FOLLOWER, 9447c40a-1705-47c5-a812-fa9699ec0ab2|rpc:10.1.1.6:34539|dataStream:10.1.1.6:37163|priority:0|startupRole:FOLLOWER, 79ace3de-40f8-4333-9712-129ecf4cb056|rpc:10.1.1.6:38443|dataStream:10.1.1.6:34959|priority:0|startupRole:FOLLOWER]|listeners:[], old=null
2023-01-27 20:42:55,570 [pool-93-thread-1] INFO  server.RaftServer$Division (RaftServerImpl.java:setRole(321)) - 79ace3de-40f8-4333-9712-129ecf4cb056@group-BBC72DE46FA7: changes role from      null to FOLLOWER at term 0 for startAsFollower
2023-01-27 20:42:55,570 [pool-93-thread-1] INFO  impl.RoleInfo (RoleInfo.java:updateAndGet(139)) - 79ace3de-40f8-4333-9712-129ecf4cb056: start 79ace3de-40f8-4333-9712-129ecf4cb056@group-BBC72DE46FA7-FollowerState
2023-01-27 20:42:55,570 [pool-93-thread-1] INFO  util.JmxRegister (JmxRegister.java:tryRegister(44)) - Successfully registered JMX Bean with object name Ratis:service=RaftServer,group=group-BBC72DE46FA7,id=79ace3de-40f8-4333-9712-129ecf4cb056
2023-01-27 20:42:55,570 [pool-93-thread-1] INFO  server.RaftServerConfigKeys (ConfUtils.java:logGet(46)) - raft.server.snapshot.auto.trigger.enabled = true (custom)
2023-01-27 20:42:55,570 [pool-93-thread-1] INFO  server.RaftServerConfigKeys (ConfUtils.java:logGet(46)) - raft.server.snapshot.auto.trigger.threshold = 10000 (custom)
2023-01-27 20:42:55,570 [pool-93-thread-1] INFO  server.RaftServerConfigKeys (ConfUtils.java:logGet(46)) - raft.server.snapshot.retention.file.num = 5 (custom)
2023-01-27 20:42:55,570 [pool-93-thread-1] INFO  server.RaftServerConfigKeys (ConfUtils.java:logGet(46)) - raft.server.log.purge.upto.snapshot.index = false (default)
2023-01-27 20:42:55,571 [79ace3de-40f8-4333-9712-129ecf4cb056@group-BBC72DE46FA7-FollowerState] INFO  server.RaftServerConfigKeys (ConfUtils.java:logFallback(53)) - raft.server.rpc.first-election.timeout.min = 5s (fallback to raft.server.rpc.timeout.min)
2023-01-27 20:42:55,572 [Command processor thread] INFO  ratis.XceiverServerRatis (XceiverServerRatis.java:addGroup(806)) - Created group PipelineID=3f016cf6-359d-44ee-9c35-bbc72de46fa7
2023-01-27 20:42:55,573 [79ace3de-40f8-4333-9712-129ecf4cb056@group-BBC72DE46FA7-FollowerState] INFO  server.RaftServerConfigKeys (ConfUtils.java:logFallback(53)) - raft.server.rpc.first-election.timeout.max = 5200ms (fallback to raft.server.rpc.timeout.max)
2023-01-27 20:42:55,586 [Command processor thread] INFO  commandhandler.CreatePipelineCommandHandler (CreatePipelineCommandHandler.java:handle(113)) - Created Pipeline RATIS THREE PipelineID=3f016cf6-359d-44ee-9c35-bbc72de46fa7.
2023-01-27 20:42:55,603 [Command processor thread] INFO  commandhandler.CreatePipelineCommandHandler (CreatePipelineCommandHandler.java:handle(113)) - Created Pipeline RATIS THREE PipelineID=3f016cf6-359d-44ee-9c35-bbc72de46fa7.
2023-01-27 20:42:55,627 [Command processor thread] INFO  commandhandler.CreatePipelineCommandHandler (CreatePipelineCommandHandler.java:handle(113)) - Created Pipeline RATIS THREE PipelineID=3f016cf6-359d-44ee-9c35-bbc72de46fa7.
2023-01-27 20:42:56,347 [Listener at 127.0.0.1/46267] INFO  ozone.MiniOzoneClusterImpl (MiniOzoneClusterImpl.java:lambda$waitForClusterToBeReady$0(218)) - Nodes are ready. Got 3 of 3 DN Heartbeats.
2023-01-27 20:42:56,347 [Listener at 127.0.0.1/46267] INFO  ozone.MiniOzoneClusterImpl (MiniOzoneClusterImpl.java:lambda$waitForClusterToBeReady$0(221)) - Waiting for cluster to exit safe mode
2023-01-27 20:42:56,348 [Listener at 127.0.0.1/46267] INFO  ozone.MiniOzoneClusterImpl (MiniOzoneClusterImpl.java:lambda$waitForClusterToBeReady$0(223)) - SCM became leader
2023-01-27 20:42:56,419 | INFO  | SCMAudit | user=runner | ip=10.1.1.6 | op=SEND_HEARTBEAT {datanodeUUID=761e2a81-3cf7-455e-896f-a019e5a4e3df, term=-1, command=[]} | ret=SUCCESS |  
2023-01-27 20:42:56,459 | INFO  | SCMAudit | user=runner | ip=10.1.1.6 | op=SEND_HEARTBEAT {datanodeUUID=9447c40a-1705-47c5-a812-fa9699ec0ab2, term=-1, command=[]} | ret=SUCCESS |  
2023-01-27 20:42:56,542 | INFO  | SCMAudit | user=runner | ip=10.1.1.6 | op=SEND_HEARTBEAT {datanodeUUID=79ace3de-40f8-4333-9712-129ecf4cb056, term=-1, command=[]} | ret=SUCCESS |  
2023-01-27 20:42:57,348 [Listener at 127.0.0.1/46267] INFO  ozone.MiniOzoneClusterImpl (MiniOzoneClusterImpl.java:lambda$waitForClusterToBeReady$0(218)) - Nodes are ready. Got 3 of 3 DN Heartbeats.
2023-01-27 20:42:57,348 [Listener at 127.0.0.1/46267] INFO  ozone.MiniOzoneClusterImpl (MiniOzoneClusterImpl.java:lambda$waitForClusterToBeReady$0(221)) - Waiting for cluster to exit safe mode
2023-01-27 20:42:57,348 [Listener at 127.0.0.1/46267] INFO  ozone.MiniOzoneClusterImpl (MiniOzoneClusterImpl.java:lambda$waitForClusterToBeReady$0(223)) - SCM became leader
2023-01-27 20:42:57,419 | INFO  | SCMAudit | user=runner | ip=10.1.1.6 | op=SEND_HEARTBEAT {datanodeUUID=761e2a81-3cf7-455e-896f-a019e5a4e3df, term=-1, command=[]} | ret=SUCCESS |  
2023-01-27 20:42:57,459 | INFO  | SCMAudit | user=runner | ip=10.1.1.6 | op=SEND_HEARTBEAT {datanodeUUID=9447c40a-1705-47c5-a812-fa9699ec0ab2, term=-1, command=[]} | ret=SUCCESS |  
2023-01-27 20:42:57,541 | INFO  | SCMAudit | user=runner | ip=10.1.1.6 | op=SEND_HEARTBEAT {datanodeUUID=79ace3de-40f8-4333-9712-129ecf4cb056, term=-1, command=[]} | ret=SUCCESS |  
2023-01-27 20:42:58,348 [Listener at 127.0.0.1/46267] INFO  ozone.MiniOzoneClusterImpl (MiniOzoneClusterImpl.java:lambda$waitForClusterToBeReady$0(218)) - Nodes are ready. Got 3 of 3 DN Heartbeats.
2023-01-27 20:42:58,349 [Listener at 127.0.0.1/46267] INFO  ozone.MiniOzoneClusterImpl (MiniOzoneClusterImpl.java:lambda$waitForClusterToBeReady$0(221)) - Waiting for cluster to exit safe mode
2023-01-27 20:42:58,349 [Listener at 127.0.0.1/46267] INFO  ozone.MiniOzoneClusterImpl (MiniOzoneClusterImpl.java:lambda$waitForClusterToBeReady$0(223)) - SCM became leader
2023-01-27 20:42:58,419 | INFO  | SCMAudit | user=runner | ip=10.1.1.6 | op=SEND_HEARTBEAT {datanodeUUID=761e2a81-3cf7-455e-896f-a019e5a4e3df, term=-1, command=[]} | ret=SUCCESS |  
2023-01-27 20:42:58,462 | INFO  | SCMAudit | user=runner | ip=10.1.1.6 | op=SEND_HEARTBEAT {datanodeUUID=9447c40a-1705-47c5-a812-fa9699ec0ab2, term=-1, command=[]} | ret=SUCCESS |  
2023-01-27 20:42:58,542 | INFO  | SCMAudit | user=runner | ip=10.1.1.6 | op=SEND_HEARTBEAT {datanodeUUID=79ace3de-40f8-4333-9712-129ecf4cb056, term=-1, command=[]} | ret=SUCCESS |  
2023-01-27 20:42:59,349 [Listener at 127.0.0.1/46267] INFO  ozone.MiniOzoneClusterImpl (MiniOzoneClusterImpl.java:lambda$waitForClusterToBeReady$0(218)) - Nodes are ready. Got 3 of 3 DN Heartbeats.
2023-01-27 20:42:59,349 [Listener at 127.0.0.1/46267] INFO  ozone.MiniOzoneClusterImpl (MiniOzoneClusterImpl.java:lambda$waitForClusterToBeReady$0(221)) - Waiting for cluster to exit safe mode
2023-01-27 20:42:59,349 [Listener at 127.0.0.1/46267] INFO  ozone.MiniOzoneClusterImpl (MiniOzoneClusterImpl.java:lambda$waitForClusterToBeReady$0(223)) - SCM became leader
2023-01-27 20:42:59,423 | INFO  | SCMAudit | user=runner | ip=10.1.1.6 | op=SEND_HEARTBEAT {datanodeUUID=761e2a81-3cf7-455e-896f-a019e5a4e3df, term=-1, command=[]} | ret=SUCCESS |  
2023-01-27 20:42:59,459 | INFO  | SCMAudit | user=runner | ip=10.1.1.6 | op=SEND_HEARTBEAT {datanodeUUID=9447c40a-1705-47c5-a812-fa9699ec0ab2, term=-1, command=[]} | ret=SUCCESS |  
2023-01-27 20:42:59,522 [9447c40a-1705-47c5-a812-fa9699ec0ab2@group-88886C957466-FollowerState] INFO  impl.FollowerState (FollowerState.java:run(143)) - 9447c40a-1705-47c5-a812-fa9699ec0ab2@group-88886C957466-FollowerState: change to CANDIDATE, lastRpcElapsedTime:5027366031ns, electionTimeout:5026ms
2023-01-27 20:42:59,523 [9447c40a-1705-47c5-a812-fa9699ec0ab2@group-88886C957466-FollowerState] INFO  impl.RoleInfo (RoleInfo.java:shutdownFollowerState(110)) - 9447c40a-1705-47c5-a812-fa9699ec0ab2: shutdown 9447c40a-1705-47c5-a812-fa9699ec0ab2@group-88886C957466-FollowerState
2023-01-27 20:42:59,523 [9447c40a-1705-47c5-a812-fa9699ec0ab2@group-88886C957466-FollowerState] INFO  server.RaftServer$Division (RaftServerImpl.java:setRole(321)) - 9447c40a-1705-47c5-a812-fa9699ec0ab2@group-88886C957466: changes role from  FOLLOWER to CANDIDATE at term 0 for changeToCandidate
2023-01-27 20:42:59,524 [9447c40a-1705-47c5-a812-fa9699ec0ab2@group-88886C957466-FollowerState] INFO  server.RaftServerConfigKeys (ConfUtils.java:logGet(46)) - raft.server.leaderelection.pre-vote = false (custom)
2023-01-27 20:42:59,524 [9447c40a-1705-47c5-a812-fa9699ec0ab2@group-88886C957466-FollowerState] INFO  impl.RoleInfo (RoleInfo.java:updateAndGet(139)) - 9447c40a-1705-47c5-a812-fa9699ec0ab2: start 9447c40a-1705-47c5-a812-fa9699ec0ab2@group-88886C957466-LeaderElection2
2023-01-27 20:42:59,529 [9447c40a-1705-47c5-a812-fa9699ec0ab2@group-88886C957466-LeaderElection2] INFO  impl.LeaderElection (LeaderElection.java:askForVotes(312)) - 9447c40a-1705-47c5-a812-fa9699ec0ab2@group-88886C957466-LeaderElection2 ELECTION round 0: submit vote requests at term 1 for -1: peers:[761e2a81-3cf7-455e-896f-a019e5a4e3df|rpc:10.1.1.6:39123|dataStream:10.1.1.6:42559|priority:0|startupRole:FOLLOWER, 9447c40a-1705-47c5-a812-fa9699ec0ab2|rpc:10.1.1.6:34539|dataStream:10.1.1.6:37163|priority:1|startupRole:FOLLOWER, 79ace3de-40f8-4333-9712-129ecf4cb056|rpc:10.1.1.6:38443|dataStream:10.1.1.6:34959|priority:0|startupRole:FOLLOWER]|listeners:[], old=null
2023-01-27 20:42:59,535 [9447c40a-1705-47c5-a812-fa9699ec0ab2@group-88886C957466-LeaderElection2-1] INFO  server.GrpcServerProtocolClient (GrpcServerProtocolClient.java:<init>(63)) - Build channel for 761e2a81-3cf7-455e-896f-a019e5a4e3df
2023-01-27 20:42:59,539 [9447c40a-1705-47c5-a812-fa9699ec0ab2@group-88886C957466-LeaderElection2] INFO  server.RaftServerConfigKeys (ConfUtils.java:logFallback(53)) - raft.server.rpc.first-election.timeout.min = 5s (fallback to raft.server.rpc.timeout.min)
2023-01-27 20:42:59,539 [9447c40a-1705-47c5-a812-fa9699ec0ab2@group-88886C957466-LeaderElection2-2] INFO  server.GrpcServerProtocolClient (GrpcServerProtocolClient.java:<init>(63)) - Build channel for 79ace3de-40f8-4333-9712-129ecf4cb056
2023-01-27 20:42:59,540 [9447c40a-1705-47c5-a812-fa9699ec0ab2@group-88886C957466-LeaderElection2] INFO  server.RaftServerConfigKeys (ConfUtils.java:logFallback(53)) - raft.server.rpc.first-election.timeout.max = 5200ms (fallback to raft.server.rpc.timeout.max)
2023-01-27 20:42:59,549 | INFO  | SCMAudit | user=runner | ip=10.1.1.6 | op=SEND_HEARTBEAT {datanodeUUID=79ace3de-40f8-4333-9712-129ecf4cb056, term=-1, command=[]} | ret=SUCCESS |  
2023-01-27 20:42:59,561 [grpc-default-executor-1] INFO  server.RaftServer$Division (RaftServerImpl.java:requestVote(1218)) - 761e2a81-3cf7-455e-896f-a019e5a4e3df@group-88886C957466: receive requestVote(ELECTION, 9447c40a-1705-47c5-a812-fa9699ec0ab2, group-88886C957466, 1, (t:0, i:0))
2023-01-27 20:42:59,564 [grpc-default-executor-1] INFO  impl.VoteContext (VoteContext.java:log(49)) - 761e2a81-3cf7-455e-896f-a019e5a4e3df@group-88886C957466-FOLLOWER: accept ELECTION from 9447c40a-1705-47c5-a812-fa9699ec0ab2: our priority 0 <= candidate's priority 1
2023-01-27 20:42:59,564 [grpc-default-executor-1] INFO  server.RaftServer$Division (RaftServerImpl.java:setRole(321)) - 761e2a81-3cf7-455e-896f-a019e5a4e3df@group-88886C957466: changes role from  FOLLOWER to FOLLOWER at term 1 for candidate:9447c40a-1705-47c5-a812-fa9699ec0ab2
2023-01-27 20:42:59,564 [grpc-default-executor-1] INFO  impl.RoleInfo (RoleInfo.java:shutdownFollowerState(110)) - 761e2a81-3cf7-455e-896f-a019e5a4e3df: shutdown 761e2a81-3cf7-455e-896f-a019e5a4e3df@group-88886C957466-FollowerState
2023-01-27 20:42:59,565 [grpc-default-executor-0] INFO  server.RaftServer$Division (RaftServerImpl.java:requestVote(1218)) - 79ace3de-40f8-4333-9712-129ecf4cb056@group-88886C957466: receive requestVote(ELECTION, 9447c40a-1705-47c5-a812-fa9699ec0ab2, group-88886C957466, 1, (t:0, i:0))
2023-01-27 20:42:59,565 [grpc-default-executor-1] INFO  impl.RoleInfo (RoleInfo.java:updateAndGet(139)) - 761e2a81-3cf7-455e-896f-a019e5a4e3df: start 761e2a81-3cf7-455e-896f-a019e5a4e3df@group-88886C957466-FollowerState
2023-01-27 20:42:59,565 [761e2a81-3cf7-455e-896f-a019e5a4e3df@group-88886C957466-FollowerState] INFO  impl.FollowerState (FollowerState.java:run(152)) - 761e2a81-3cf7-455e-896f-a019e5a4e3df@group-88886C957466-FollowerState was interrupted
2023-01-27 20:42:59,565 [grpc-default-executor-0] INFO  impl.VoteContext (VoteContext.java:log(49)) - 79ace3de-40f8-4333-9712-129ecf4cb056@group-88886C957466-FOLLOWER: accept ELECTION from 9447c40a-1705-47c5-a812-fa9699ec0ab2: our priority 0 <= candidate's priority 1
2023-01-27 20:42:59,568 [grpc-default-executor-0] INFO  server.RaftServer$Division (RaftServerImpl.java:setRole(321)) - 79ace3de-40f8-4333-9712-129ecf4cb056@group-88886C957466: changes role from  FOLLOWER to FOLLOWER at term 1 for candidate:9447c40a-1705-47c5-a812-fa9699ec0ab2
2023-01-27 20:42:59,568 [grpc-default-executor-0] INFO  impl.RoleInfo (RoleInfo.java:shutdownFollowerState(110)) - 79ace3de-40f8-4333-9712-129ecf4cb056: shutdown 79ace3de-40f8-4333-9712-129ecf4cb056@group-88886C957466-FollowerState
2023-01-27 20:42:59,568 [79ace3de-40f8-4333-9712-129ecf4cb056@group-88886C957466-FollowerState] INFO  impl.FollowerState (FollowerState.java:run(152)) - 79ace3de-40f8-4333-9712-129ecf4cb056@group-88886C957466-FollowerState was interrupted
2023-01-27 20:42:59,569 [grpc-default-executor-0] INFO  impl.RoleInfo (RoleInfo.java:updateAndGet(139)) - 79ace3de-40f8-4333-9712-129ecf4cb056: start 79ace3de-40f8-4333-9712-129ecf4cb056@group-88886C957466-FollowerState
2023-01-27 20:42:59,570 [79ace3de-40f8-4333-9712-129ecf4cb056@group-88886C957466-FollowerState] INFO  server.RaftServerConfigKeys (ConfUtils.java:logFallback(53)) - raft.server.rpc.first-election.timeout.min = 5s (fallback to raft.server.rpc.timeout.min)
2023-01-27 20:42:59,570 [79ace3de-40f8-4333-9712-129ecf4cb056@group-88886C957466-FollowerState] INFO  server.RaftServerConfigKeys (ConfUtils.java:logFallback(53)) - raft.server.rpc.first-election.timeout.max = 5200ms (fallback to raft.server.rpc.timeout.max)
2023-01-27 20:42:59,570 [761e2a81-3cf7-455e-896f-a019e5a4e3df@group-88886C957466-FollowerState] INFO  server.RaftServerConfigKeys (ConfUtils.java:logFallback(53)) - raft.server.rpc.first-election.timeout.min = 5s (fallback to raft.server.rpc.timeout.min)
2023-01-27 20:42:59,572 [761e2a81-3cf7-455e-896f-a019e5a4e3df@group-88886C957466-FollowerState] INFO  server.RaftServerConfigKeys (ConfUtils.java:logFallback(53)) - raft.server.rpc.first-election.timeout.max = 5200ms (fallback to raft.server.rpc.timeout.max)
2023-01-27 20:42:59,575 [grpc-default-executor-0] INFO  server.RaftServer$Division (RaftServerImpl.java:requestVote(1251)) - 79ace3de-40f8-4333-9712-129ecf4cb056@group-88886C957466 replies to ELECTION vote request: 9447c40a-1705-47c5-a812-fa9699ec0ab2<-79ace3de-40f8-4333-9712-129ecf4cb056#0:OK-t1. Peer's state: 79ace3de-40f8-4333-9712-129ecf4cb056@group-88886C957466:t1, leader=null, voted=9447c40a-1705-47c5-a812-fa9699ec0ab2, raftlog=Memoized:79ace3de-40f8-4333-9712-129ecf4cb056@group-88886C957466-SegmentedRaftLog:OPENED:c-1, conf=-1: peers:[761e2a81-3cf7-455e-896f-a019e5a4e3df|rpc:10.1.1.6:39123|dataStream:10.1.1.6:42559|priority:0|startupRole:FOLLOWER, 9447c40a-1705-47c5-a812-fa9699ec0ab2|rpc:10.1.1.6:34539|dataStream:10.1.1.6:37163|priority:1|startupRole:FOLLOWER, 79ace3de-40f8-4333-9712-129ecf4cb056|rpc:10.1.1.6:38443|dataStream:10.1.1.6:34959|priority:0|startupRole:FOLLOWER]|listeners:[], old=null
2023-01-27 20:42:59,578 [grpc-default-executor-1] INFO  server.RaftServer$Division (RaftServerImpl.java:requestVote(1251)) - 761e2a81-3cf7-455e-896f-a019e5a4e3df@group-88886C957466 replies to ELECTION vote request: 9447c40a-1705-47c5-a812-fa9699ec0ab2<-761e2a81-3cf7-455e-896f-a019e5a4e3df#0:OK-t1. Peer's state: 761e2a81-3cf7-455e-896f-a019e5a4e3df@group-88886C957466:t1, leader=null, voted=9447c40a-1705-47c5-a812-fa9699ec0ab2, raftlog=Memoized:761e2a81-3cf7-455e-896f-a019e5a4e3df@group-88886C957466-SegmentedRaftLog:OPENED:c-1, conf=-1: peers:[761e2a81-3cf7-455e-896f-a019e5a4e3df|rpc:10.1.1.6:39123|dataStream:10.1.1.6:42559|priority:0|startupRole:FOLLOWER, 9447c40a-1705-47c5-a812-fa9699ec0ab2|rpc:10.1.1.6:34539|dataStream:10.1.1.6:37163|priority:1|startupRole:FOLLOWER, 79ace3de-40f8-4333-9712-129ecf4cb056|rpc:10.1.1.6:38443|dataStream:10.1.1.6:34959|priority:0|startupRole:FOLLOWER]|listeners:[], old=null
2023-01-27 20:42:59,579 [9447c40a-1705-47c5-a812-fa9699ec0ab2@group-88886C957466-LeaderElection2] INFO  impl.LeaderElection (LeaderElection.java:logAndReturn(90)) - 9447c40a-1705-47c5-a812-fa9699ec0ab2@group-88886C957466-LeaderElection2: ELECTION PASSED received 1 response(s) and 0 exception(s):
2023-01-27 20:42:59,579 [9447c40a-1705-47c5-a812-fa9699ec0ab2@group-88886C957466-LeaderElection2] INFO  impl.LeaderElection (LeaderElection.java:logAndReturn(94)) -   Response 0: 9447c40a-1705-47c5-a812-fa9699ec0ab2<-79ace3de-40f8-4333-9712-129ecf4cb056#0:OK-t1
2023-01-27 20:42:59,580 [9447c40a-1705-47c5-a812-fa9699ec0ab2@group-88886C957466-LeaderElection2] INFO  impl.LeaderElection (LeaderElection.java:askForVotes(314)) - 9447c40a-1705-47c5-a812-fa9699ec0ab2@group-88886C957466-LeaderElection2 ELECTION round 0: result PASSED
2023-01-27 20:42:59,580 [9447c40a-1705-47c5-a812-fa9699ec0ab2@group-88886C957466-LeaderElection2] INFO  impl.RoleInfo (RoleInfo.java:shutdownLeaderElection(130)) - 9447c40a-1705-47c5-a812-fa9699ec0ab2: shutdown 9447c40a-1705-47c5-a812-fa9699ec0ab2@group-88886C957466-LeaderElection2
2023-01-27 20:42:59,580 [9447c40a-1705-47c5-a812-fa9699ec0ab2@group-88886C957466-LeaderElection2] INFO  server.RaftServer$Division (RaftServerImpl.java:setRole(321)) - 9447c40a-1705-47c5-a812-fa9699ec0ab2@group-88886C957466: changes role from CANDIDATE to LEADER at term 1 for changeToLeader
2023-01-27 20:42:59,582 [9447c40a-1705-47c5-a812-fa9699ec0ab2@group-88886C957466-LeaderElection2] INFO  ratis.XceiverServerRatis (XceiverServerRatis.java:handleLeaderChangedNotification(904)) - Leader change notification received for group: group-88886C957466 with new leaderId: 9447c40a-1705-47c5-a812-fa9699ec0ab2
2023-01-27 20:42:59,582 [9447c40a-1705-47c5-a812-fa9699ec0ab2@group-88886C957466-LeaderElection2] INFO  server.RaftServer$Division (ServerState.java:setLeader(313)) - 9447c40a-1705-47c5-a812-fa9699ec0ab2@group-88886C957466: change Leader from null to 9447c40a-1705-47c5-a812-fa9699ec0ab2 at term 1 for becomeLeader, leader elected after 5118ms
2023-01-27 20:42:59,582 [9447c40a-1705-47c5-a812-fa9699ec0ab2@group-88886C957466-LeaderElection2] INFO  server.RaftServerConfigKeys (ConfUtils.java:logGet(46)) - raft.server.staging.catchup.gap = 1000 (default)
2023-01-27 20:42:59,583 [9447c40a-1705-47c5-a812-fa9699ec0ab2@group-88886C957466-LeaderElection2] INFO  server.RaftServerConfigKeys (ConfUtils.java:logGet(46)) - raft.server.write.element-limit = 1024 (custom)
2023-01-27 20:42:59,583 [9447c40a-1705-47c5-a812-fa9699ec0ab2@group-88886C957466-LeaderElection2] INFO  server.RaftServerConfigKeys (ConfUtils.java:logGet(46)) - raft.server.write.byte-limit = 1024 M (=1073741824) (custom)
2023-01-27 20:42:59,583 [9447c40a-1705-47c5-a812-fa9699ec0ab2@group-88886C957466-LeaderElection2] INFO  server.RaftServerConfigKeys (ConfUtils.java:logGet(46)) - raft.server.watch.timeout = 180s (custom)
2023-01-27 20:42:59,583 [9447c40a-1705-47c5-a812-fa9699ec0ab2@group-88886C957466-LeaderElection2] INFO  server.RaftServerConfigKeys (ConfUtils.java:logGet(46)) - raft.server.watch.timeout.denomination = 1s (default)
2023-01-27 20:42:59,583 [9447c40a-1705-47c5-a812-fa9699ec0ab2@group-88886C957466-LeaderElection2] INFO  server.RaftServerConfigKeys (ConfUtils.java:logGet(46)) - raft.server.watch.element-limit = 65536 (default)
2023-01-27 20:42:59,583 [9447c40a-1705-47c5-a812-fa9699ec0ab2@group-88886C957466-LeaderElection2] INFO  server.RaftServerConfigKeys (ConfUtils.java:logGet(46)) - raft.server.write.element-limit = 1024 (custom)
2023-01-27 20:42:59,583 [9447c40a-1705-47c5-a812-fa9699ec0ab2@group-88886C957466-LeaderElection2] INFO  server.RaftServerConfigKeys (ConfUtils.java:logGet(46)) - raft.server.write.follower.gap.ratio.max = -1.0 (default)
2023-01-27 20:42:59,589 | INFO  | SCMAudit | user=runner | ip=10.1.1.6 | op=SEND_HEARTBEAT {datanodeUUID=9447c40a-1705-47c5-a812-fa9699ec0ab2, term=-1, command=[]} | ret=SUCCESS |  
2023-01-27 20:42:59,589 [EventQueue-PipelineReportForPipelineReportHandler] INFO  pipeline.PipelineManagerImpl (PipelineManagerImpl.java:openPipeline(367)) - Pipeline Pipeline[ Id: 68551269-ab8e-4526-907c-88886c957466, Nodes: 761e2a81-3cf7-455e-896f-a019e5a4e3df(fv-az399-583.4urtqdmtpd2erju50p4tzyn2ng.bx.internal.cloudapp.net/10.1.1.6)79ace3de-40f8-4333-9712-129ecf4cb056(fv-az399-583.4urtqdmtpd2erju50p4tzyn2ng.bx.internal.cloudapp.net/10.1.1.6)9447c40a-1705-47c5-a812-fa9699ec0ab2(fv-az399-583.4urtqdmtpd2erju50p4tzyn2ng.bx.internal.cloudapp.net/10.1.1.6), ReplicationConfig: RATIS/THREE, State:ALLOCATED, leaderId:9447c40a-1705-47c5-a812-fa9699ec0ab2, CreationTimestamp2023-01-27T20:42:52.365Z[Etc/UTC]] moved to OPEN state
2023-01-27 20:42:59,589 [EventQueue-OpenPipelineForHealthyPipelineSafeModeRule] INFO  safemode.SCMSafeModeManager (HealthyPipelineSafeModeRule.java:process(137)) - SCM in safe mode. Healthy pipelines reported count is 0, required healthy pipeline reported count is 1
2023-01-27 20:42:59,590 [EventQueue-OpenPipelineForHealthyPipelineSafeModeRule] INFO  safemode.SCMSafeModeManager (HealthyPipelineSafeModeRule.java:process(137)) - SCM in safe mode. Healthy pipelines reported count is 1, required healthy pipeline reported count is 1
2023-01-27 20:42:59,591 [EventQueue-OpenPipelineForHealthyPipelineSafeModeRule] INFO  safemode.SCMSafeModeManager (SCMSafeModeManager.java:validateSafeModeExitRules(200)) - HealthyPipelineSafeModeRule rule is successfully validated
2023-01-27 20:42:59,591 [EventQueue-OpenPipelineForHealthyPipelineSafeModeRule] INFO  safemode.SCMSafeModeManager (SCMSafeModeManager.java:validateSafeModeExitRules(215)) - ScmSafeModeManager, all rules are successfully validated
2023-01-27 20:42:59,591 [EventQueue-OpenPipelineForHealthyPipelineSafeModeRule] INFO  safemode.SCMSafeModeManager (SCMSafeModeManager.java:exitSafeMode(244)) - SCM exiting safe mode.
2023-01-27 20:42:59,591 [EventQueue-OpenPipelineForHealthyPipelineSafeModeRule] INFO  ha.SCMContext (SCMContext.java:updateSafeModeStatus(228)) - Update SafeModeStatus from SafeModeStatus{safeModeStatus=true, preCheckPassed=true} to SafeModeStatus{safeModeStatus=false, preCheckPassed=true}.
2023-01-27 20:42:59,591 [EventQueue-OpenPipelineForHealthyPipelineSafeModeRule] INFO  pipeline.BackgroundPipelineCreator (BackgroundPipelineCreator.java:notifyStatusChanged(254)) - Service BackgroundPipelineCreator transitions to RUNNING.
2023-01-27 20:42:59,591 [EventQueue-OpenPipelineForHealthyPipelineSafeModeRule] INFO  BackgroundPipelineScrubber (BackgroundSCMService.java:notifyStatusChanged(82)) - Service BackgroundPipelineScrubber transitions to RUNNING.
2023-01-27 20:42:59,591 [EventQueue-OpenPipelineForHealthyPipelineSafeModeRule] INFO  ExpiredContainerReplicaOpScrubber (BackgroundSCMService.java:notifyStatusChanged(82)) - Service ExpiredContainerReplicaOpScrubber transitions to RUNNING.
2023-01-27 20:42:59,591 [EventQueue-OpenPipelineForHealthyPipelineSafeModeRule] INFO  replication.ReplicationManager (ReplicationManager.java:notifyStatusChanged(937)) - Service ReplicationManager transitions to RUNNING.
2023-01-27 20:42:59,597 [EventQueue-OpenPipelineForHealthyPipelineSafeModeRule] WARN  balancer.ContainerBalancer (ContainerBalancer.java:shouldRun(131)) - Could not find persisted configuration for ContainerBalancer when checking if ContainerBalancer should run. ContainerBalancer should not run now.
2023-01-27 20:42:59,600 [9447c40a-1705-47c5-a812-fa9699ec0ab2@group-7EFB259A5F1C-FollowerState] INFO  impl.FollowerState (FollowerState.java:run(143)) - 9447c40a-1705-47c5-a812-fa9699ec0ab2@group-7EFB259A5F1C-FollowerState: change to CANDIDATE, lastRpcElapsedTime:5154604033ns, electionTimeout:5141ms
2023-01-27 20:42:59,602 [9447c40a-1705-47c5-a812-fa9699ec0ab2@group-7EFB259A5F1C-FollowerState] INFO  impl.RoleInfo (RoleInfo.java:shutdownFollowerState(110)) - 9447c40a-1705-47c5-a812-fa9699ec0ab2: shutdown 9447c40a-1705-47c5-a812-fa9699ec0ab2@group-7EFB259A5F1C-FollowerState
2023-01-27 20:42:59,602 [9447c40a-1705-47c5-a812-fa9699ec0ab2@group-7EFB259A5F1C-FollowerState] INFO  server.RaftServer$Division (RaftServerImpl.java:setRole(321)) - 9447c40a-1705-47c5-a812-fa9699ec0ab2@group-7EFB259A5F1C: changes role from  FOLLOWER to CANDIDATE at term 0 for changeToCandidate
2023-01-27 20:42:59,603 [9447c40a-1705-47c5-a812-fa9699ec0ab2@group-7EFB259A5F1C-FollowerState] INFO  server.RaftServerConfigKeys (ConfUtils.java:logGet(46)) - raft.server.leaderelection.pre-vote = false (custom)
2023-01-27 20:42:59,603 [9447c40a-1705-47c5-a812-fa9699ec0ab2@group-7EFB259A5F1C-FollowerState] INFO  impl.RoleInfo (RoleInfo.java:updateAndGet(139)) - 9447c40a-1705-47c5-a812-fa9699ec0ab2: start 9447c40a-1705-47c5-a812-fa9699ec0ab2@group-7EFB259A5F1C-LeaderElection3
2023-01-27 20:42:59,607 [9447c40a-1705-47c5-a812-fa9699ec0ab2@group-88886C957466-LeaderElection2] INFO  server.RaftServerConfigKeys (ConfUtils.java:logGet(46)) - raft.server.log.appender.snapshot.chunk.size.max = 16MB (=16777216) (default)
2023-01-27 20:42:59,607 [9447c40a-1705-47c5-a812-fa9699ec0ab2@group-88886C957466-LeaderElection2] INFO  server.RaftServerConfigKeys (ConfUtils.java:logGet(46)) - raft.server.log.appender.buffer.byte-limit = 33554432 (custom)
2023-01-27 20:42:59,607 [9447c40a-1705-47c5-a812-fa9699ec0ab2@group-88886C957466-LeaderElection2] INFO  server.RaftServerConfigKeys (ConfUtils.java:logGet(46)) - raft.server.log.appender.buffer.element-limit = 1 (custom)
2023-01-27 20:42:59,610 [9447c40a-1705-47c5-a812-fa9699ec0ab2@group-88886C957466-LeaderElection2] INFO  grpc.GrpcConfigKeys (ConfUtils.java:logGet(46)) - raft.grpc.server.leader.outstanding.appends.max = 128 (default)
2023-01-27 20:42:59,612 [9447c40a-1705-47c5-a812-fa9699ec0ab2@group-88886C957466-LeaderElection2] INFO  server.RaftServerConfigKeys (ConfUtils.java:logGet(46)) - raft.server.rpc.request.timeout = 60s (custom)
2023-01-27 20:42:59,613 [9447c40a-1705-47c5-a812-fa9699ec0ab2@group-88886C957466-LeaderElection2] INFO  server.RaftServerConfigKeys (ConfUtils.java:logGet(46)) - raft.server.log.appender.install.snapshot.enabled = false (custom)
2023-01-27 20:42:59,613 [9447c40a-1705-47c5-a812-fa9699ec0ab2@group-88886C957466-LeaderElection2] INFO  grpc.GrpcConfigKeys (ConfUtils.java:logGet(46)) - raft.grpc.server.heartbeat.channel = true (default)
2023-01-27 20:42:59,613 [9447c40a-1705-47c5-a812-fa9699ec0ab2@group-88886C957466-LeaderElection2] INFO  server.RaftServerConfigKeys (ConfUtils.java:logGet(46)) - raft.server.log.appender.wait-time.min = 10ms (default)
2023-01-27 20:42:59,614 [9447c40a-1705-47c5-a812-fa9699ec0ab2@group-7EFB259A5F1C-LeaderElection3] INFO  impl.LeaderElection (LeaderElection.java:askForVotes(312)) - 9447c40a-1705-47c5-a812-fa9699ec0ab2@group-7EFB259A5F1C-LeaderElection3 ELECTION round 0: submit vote requests at term 1 for -1: peers:[9447c40a-1705-47c5-a812-fa9699ec0ab2|rpc:10.1.1.6:34539|dataStream:10.1.1.6:37163|priority:1|startupRole:FOLLOWER]|listeners:[], old=null
2023-01-27 20:42:59,614 [9447c40a-1705-47c5-a812-fa9699ec0ab2@group-7EFB259A5F1C-LeaderElection3] INFO  impl.LeaderElection (LeaderElection.java:askForVotes(314)) - 9447c40a-1705-47c5-a812-fa9699ec0ab2@group-7EFB259A5F1C-LeaderElection3 ELECTION round 0: result PASSED (term=1)
2023-01-27 20:42:59,614 [9447c40a-1705-47c5-a812-fa9699ec0ab2@group-7EFB259A5F1C-LeaderElection3] INFO  impl.RoleInfo (RoleInfo.java:shutdownLeaderElection(130)) - 9447c40a-1705-47c5-a812-fa9699ec0ab2: shutdown 9447c40a-1705-47c5-a812-fa9699ec0ab2@group-7EFB259A5F1C-LeaderElection3
2023-01-27 20:42:59,615 [9447c40a-1705-47c5-a812-fa9699ec0ab2@group-7EFB259A5F1C-LeaderElection3] INFO  server.RaftServer$Division (RaftServerImpl.java:setRole(321)) - 9447c40a-1705-47c5-a812-fa9699ec0ab2@group-7EFB259A5F1C: changes role from CANDIDATE to LEADER at term 1 for changeToLeader
2023-01-27 20:42:59,615 [9447c40a-1705-47c5-a812-fa9699ec0ab2@group-7EFB259A5F1C-LeaderElection3] INFO  ratis.XceiverServerRatis (XceiverServerRatis.java:handleLeaderChangedNotification(904)) - Leader change notification received for group: group-7EFB259A5F1C with new leaderId: 9447c40a-1705-47c5-a812-fa9699ec0ab2
2023-01-27 20:42:59,615 [9447c40a-1705-47c5-a812-fa9699ec0ab2@group-7EFB259A5F1C-LeaderElection3] INFO  server.RaftServer$Division (ServerState.java:setLeader(313)) - 9447c40a-1705-47c5-a812-fa9699ec0ab2@group-7EFB259A5F1C: change Leader from null to 9447c40a-1705-47c5-a812-fa9699ec0ab2 at term 1 for becomeLeader, leader elected after 5198ms
2023-01-27 20:42:59,616 [9447c40a-1705-47c5-a812-fa9699ec0ab2@group-7EFB259A5F1C-LeaderElection3] INFO  server.RaftServerConfigKeys (ConfUtils.java:logGet(46)) - raft.server.staging.catchup.gap = 1000 (default)
2023-01-27 20:42:59,616 [9447c40a-1705-47c5-a812-fa9699ec0ab2@group-7EFB259A5F1C-LeaderElection3] INFO  server.RaftServerConfigKeys (ConfUtils.java:logGet(46)) - raft.server.write.element-limit = 1024 (custom)
2023-01-27 20:42:59,616 [9447c40a-1705-47c5-a812-fa9699ec0ab2@group-7EFB259A5F1C-LeaderElection3] INFO  server.RaftServerConfigKeys (ConfUtils.java:logGet(46)) - raft.server.write.byte-limit = 1024 M (=1073741824) (custom)
2023-01-27 20:42:59,618 | INFO  | SCMAudit | user=runner | ip=10.1.1.6 | op=SEND_HEARTBEAT {datanodeUUID=9447c40a-1705-47c5-a812-fa9699ec0ab2, term=-1, command=[]} | ret=SUCCESS |  
2023-01-27 20:42:59,616 [9447c40a-1705-47c5-a812-fa9699ec0ab2@group-7EFB259A5F1C-LeaderElection3] INFO  server.RaftServerConfigKeys (ConfUtils.java:logGet(46)) - raft.server.watch.timeout = 180s (custom)
2023-01-27 20:42:59,619 [9447c40a-1705-47c5-a812-fa9699ec0ab2@group-7EFB259A5F1C-LeaderElection3] INFO  server.RaftServerConfigKeys (ConfUtils.java:logGet(46)) - raft.server.watch.timeout.denomination = 1s (default)
2023-01-27 20:42:59,619 [9447c40a-1705-47c5-a812-fa9699ec0ab2@group-7EFB259A5F1C-LeaderElection3] INFO  server.RaftServerConfigKeys (ConfUtils.java:logGet(46)) - raft.server.watch.element-limit = 65536 (default)
2023-01-27 20:42:59,619 [9447c40a-1705-47c5-a812-fa9699ec0ab2@group-7EFB259A5F1C-LeaderElection3] INFO  server.RaftServerConfigKeys (ConfUtils.java:logGet(46)) - raft.server.write.element-limit = 1024 (custom)
2023-01-27 20:42:59,619 [9447c40a-1705-47c5-a812-fa9699ec0ab2@group-7EFB259A5F1C-LeaderElection3] INFO  server.RaftServerConfigKeys (ConfUtils.java:logGet(46)) - raft.server.write.follower.gap.ratio.max = -1.0 (default)
2023-01-27 20:42:59,619 [9447c40a-1705-47c5-a812-fa9699ec0ab2@group-7EFB259A5F1C-LeaderElection3] INFO  impl.RoleInfo (RoleInfo.java:updateAndGet(139)) - 9447c40a-1705-47c5-a812-fa9699ec0ab2: start 9447c40a-1705-47c5-a812-fa9699ec0ab2@group-7EFB259A5F1C-LeaderStateImpl
2023-01-27 20:42:59,619 [9447c40a-1705-47c5-a812-fa9699ec0ab2@group-7EFB259A5F1C-LeaderElection3] INFO  segmented.SegmentedRaftLogWorker (SegmentedRaftLogWorker.java:startLogSegment(452)) - 9447c40a-1705-47c5-a812-fa9699ec0ab2@group-7EFB259A5F1C-SegmentedRaftLogWorker: Starting segment from index:0
2023-01-27 20:42:59,620 [9447c40a-1705-47c5-a812-fa9699ec0ab2@group-88886C957466-LeaderElection2] INFO  server.RaftServerConfigKeys (ConfUtils.java:logGet(46)) - raft.server.log.appender.snapshot.chunk.size.max = 16MB (=16777216) (default)
2023-01-27 20:42:59,621 [9447c40a-1705-47c5-a812-fa9699ec0ab2@group-88886C957466-LeaderElection2] INFO  server.RaftServerConfigKeys (ConfUtils.java:logGet(46)) - raft.server.log.appender.buffer.byte-limit = 33554432 (custom)
2023-01-27 20:42:59,621 [9447c40a-1705-47c5-a812-fa9699ec0ab2@group-88886C957466-LeaderElection2] INFO  server.RaftServerConfigKeys (ConfUtils.java:logGet(46)) - raft.server.log.appender.buffer.element-limit = 1 (custom)
2023-01-27 20:42:59,621 [9447c40a-1705-47c5-a812-fa9699ec0ab2@group-88886C957466-LeaderElection2] INFO  grpc.GrpcConfigKeys (ConfUtils.java:logGet(46)) - raft.grpc.server.leader.outstanding.appends.max = 128 (default)
2023-01-27 20:42:59,621 [9447c40a-1705-47c5-a812-fa9699ec0ab2@group-88886C957466-LeaderElection2] INFO  server.RaftServerConfigKeys (ConfUtils.java:logGet(46)) - raft.server.rpc.request.timeout = 60s (custom)
2023-01-27 20:42:59,621 [9447c40a-1705-47c5-a812-fa9699ec0ab2@group-88886C957466-LeaderElection2] INFO  server.RaftServerConfigKeys (ConfUtils.java:logGet(46)) - raft.server.log.appender.install.snapshot.enabled = false (custom)
2023-01-27 20:42:59,621 [9447c40a-1705-47c5-a812-fa9699ec0ab2@group-88886C957466-LeaderElection2] INFO  grpc.GrpcConfigKeys (ConfUtils.java:logGet(46)) - raft.grpc.server.heartbeat.channel = true (default)
2023-01-27 20:42:59,621 [9447c40a-1705-47c5-a812-fa9699ec0ab2@group-88886C957466-LeaderElection2] INFO  server.RaftServerConfigKeys (ConfUtils.java:logGet(46)) - raft.server.log.appender.wait-time.min = 10ms (default)
2023-01-27 20:42:59,622 [9447c40a-1705-47c5-a812-fa9699ec0ab2@group-88886C957466-LeaderElection2] INFO  impl.RoleInfo (RoleInfo.java:updateAndGet(139)) - 9447c40a-1705-47c5-a812-fa9699ec0ab2: start 9447c40a-1705-47c5-a812-fa9699ec0ab2@group-88886C957466-LeaderStateImpl
2023-01-27 20:42:59,622 [9447c40a-1705-47c5-a812-fa9699ec0ab2@group-88886C957466-LeaderElection2] INFO  segmented.SegmentedRaftLogWorker (SegmentedRaftLogWorker.java:startLogSegment(452)) - 9447c40a-1705-47c5-a812-fa9699ec0ab2@group-88886C957466-SegmentedRaftLogWorker: Starting segment from index:0
2023-01-27 20:42:59,624 [9447c40a-1705-47c5-a812-fa9699ec0ab2@group-7EFB259A5F1C-SegmentedRaftLogWorker] INFO  segmented.SegmentedRaftLogWorker (SegmentedRaftLogWorker.java:execute(656)) - 9447c40a-1705-47c5-a812-fa9699ec0ab2@group-7EFB259A5F1C-SegmentedRaftLogWorker: created new log segment /home/runner/work/ozone/ozone/hadoop-ozone/integration-test/target/test-dir/MiniOzoneClusterImpl-befcc403-3179-4e75-bf53-7b17c2548d34/datanode-0/data/ratis/d11a2c76-c1a8-46b4-a1ae-7efb259a5f1c/current/log_inprogress_0
2023-01-27 20:42:59,625 [9447c40a-1705-47c5-a812-fa9699ec0ab2@group-88886C957466-SegmentedRaftLogWorker] INFO  segmented.SegmentedRaftLogWorker (SegmentedRaftLogWorker.java:execute(656)) - 9447c40a-1705-47c5-a812-fa9699ec0ab2@group-88886C957466-SegmentedRaftLogWorker: created new log segment /home/runner/work/ozone/ozone/hadoop-ozone/integration-test/target/test-dir/MiniOzoneClusterImpl-befcc403-3179-4e75-bf53-7b17c2548d34/datanode-0/data/ratis/68551269-ab8e-4526-907c-88886c957466/current/log_inprogress_0
2023-01-27 20:42:59,632 [9447c40a-1705-47c5-a812-fa9699ec0ab2@group-7EFB259A5F1C-LeaderElection3] INFO  server.RaftServer$Division (ServerState.java:setRaftConf(430)) - 9447c40a-1705-47c5-a812-fa9699ec0ab2@group-7EFB259A5F1C: set configuration 0: peers:[9447c40a-1705-47c5-a812-fa9699ec0ab2|rpc:10.1.1.6:34539|dataStream:10.1.1.6:37163|priority:1|startupRole:FOLLOWER]|listeners:[], old=null
2023-01-27 20:42:59,632 [9447c40a-1705-47c5-a812-fa9699ec0ab2@group-88886C957466-LeaderElection2] INFO  server.RaftServer$Division (ServerState.java:setRaftConf(430)) - 9447c40a-1705-47c5-a812-fa9699ec0ab2@group-88886C957466: set configuration 0: peers:[761e2a81-3cf7-455e-896f-a019e5a4e3df|rpc:10.1.1.6:39123|dataStream:10.1.1.6:42559|priority:0|startupRole:FOLLOWER, 9447c40a-1705-47c5-a812-fa9699ec0ab2|rpc:10.1.1.6:34539|dataStream:10.1.1.6:37163|priority:1|startupRole:FOLLOWER, 79ace3de-40f8-4333-9712-129ecf4cb056|rpc:10.1.1.6:38443|dataStream:10.1.1.6:34959|priority:0|startupRole:FOLLOWER]|listeners:[], old=null
2023-01-27 20:42:59,678 [761e2a81-3cf7-455e-896f-a019e5a4e3df-server-thread1] INFO  ratis.XceiverServerRatis (XceiverServerRatis.java:handleLeaderChangedNotification(904)) - Leader change notification received for group: group-88886C957466 with new leaderId: 9447c40a-1705-47c5-a812-fa9699ec0ab2
2023-01-27 20:42:59,678 [761e2a81-3cf7-455e-896f-a019e5a4e3df-server-thread1] INFO  server.RaftServer$Division (ServerState.java:setLeader(313)) - 761e2a81-3cf7-455e-896f-a019e5a4e3df@group-88886C957466: change Leader from null to 9447c40a-1705-47c5-a812-fa9699ec0ab2 at term 1 for appendEntries, leader elected after 4756ms
2023-01-27 20:42:59,685 [761e2a81-3cf7-455e-896f-a019e5a4e3df-server-thread2] INFO  server.RaftServer$Division (ServerState.java:setRaftConf(430)) - 761e2a81-3cf7-455e-896f-a019e5a4e3df@group-88886C957466: set configuration 0: peers:[761e2a81-3cf7-455e-896f-a019e5a4e3df|rpc:10.1.1.6:39123|dataStream:10.1.1.6:42559|priority:0|startupRole:FOLLOWER, 9447c40a-1705-47c5-a812-fa9699ec0ab2|rpc:10.1.1.6:34539|dataStream:10.1.1.6:37163|priority:1|startupRole:FOLLOWER, 79ace3de-40f8-4333-9712-129ecf4cb056|rpc:10.1.1.6:38443|dataStream:10.1.1.6:34959|priority:0|startupRole:FOLLOWER]|listeners:[], old=null
2023-01-27 20:42:59,685 [761e2a81-3cf7-455e-896f-a019e5a4e3df-server-thread2] INFO  segmented.SegmentedRaftLogWorker (SegmentedRaftLogWorker.java:startLogSegment(452)) - 761e2a81-3cf7-455e-896f-a019e5a4e3df@group-88886C957466-SegmentedRaftLogWorker: Starting segment from index:0
2023-01-27 20:42:59,688 [79ace3de-40f8-4333-9712-129ecf4cb056-server-thread1] INFO  ratis.XceiverServerRatis (XceiverServerRatis.java:handleLeaderChangedNotification(904)) - Leader change notification received for group: group-88886C957466 with new leaderId: 9447c40a-1705-47c5-a812-fa9699ec0ab2
2023-01-27 20:42:59,689 [79ace3de-40f8-4333-9712-129ecf4cb056-server-thread1] INFO  server.RaftServer$Division (ServerState.java:setLeader(313)) - 79ace3de-40f8-4333-9712-129ecf4cb056@group-88886C957466: change Leader from null to 9447c40a-1705-47c5-a812-fa9699ec0ab2 at term 1 for appendEntries, leader elected after 4425ms
2023-01-27 20:42:59,689 [761e2a81-3cf7-455e-896f-a019e5a4e3df@group-88886C957466-SegmentedRaftLogWorker] INFO  segmented.SegmentedRaftLogWorker (SegmentedRaftLogWorker.java:execute(656)) - 761e2a81-3cf7-455e-896f-a019e5a4e3df@group-88886C957466-SegmentedRaftLogWorker: created new log segment /home/runner/work/ozone/ozone/hadoop-ozone/integration-test/target/test-dir/MiniOzoneClusterImpl-befcc403-3179-4e75-bf53-7b17c2548d34/datanode-2/data/ratis/68551269-ab8e-4526-907c-88886c957466/current/log_inprogress_0
2023-01-27 20:42:59,689 [79ace3de-40f8-4333-9712-129ecf4cb056-server-thread1] INFO  server.RaftServer$Division (ServerState.java:setRaftConf(430)) - 79ace3de-40f8-4333-9712-129ecf4cb056@group-88886C957466: set configuration 0: peers:[761e2a81-3cf7-455e-896f-a019e5a4e3df|rpc:10.1.1.6:39123|dataStream:10.1.1.6:42559|priority:0|startupRole:FOLLOWER, 9447c40a-1705-47c5-a812-fa9699ec0ab2|rpc:10.1.1.6:34539|dataStream:10.1.1.6:37163|priority:1|startupRole:FOLLOWER, 79ace3de-40f8-4333-9712-129ecf4cb056|rpc:10.1.1.6:38443|dataStream:10.1.1.6:34959|priority:0|startupRole:FOLLOWER]|listeners:[], old=null
2023-01-27 20:42:59,689 [79ace3de-40f8-4333-9712-129ecf4cb056-server-thread1] INFO  segmented.SegmentedRaftLogWorker (SegmentedRaftLogWorker.java:startLogSegment(452)) - 79ace3de-40f8-4333-9712-129ecf4cb056@group-88886C957466-SegmentedRaftLogWorker: Starting segment from index:0
2023-01-27 20:42:59,693 [79ace3de-40f8-4333-9712-129ecf4cb056@group-88886C957466-SegmentedRaftLogWorker] INFO  segmented.SegmentedRaftLogWorker (SegmentedRaftLogWorker.java:execute(656)) - 79ace3de-40f8-4333-9712-129ecf4cb056@group-88886C957466-SegmentedRaftLogWorker: created new log segment /home/runner/work/ozone/ozone/hadoop-ozone/integration-test/target/test-dir/MiniOzoneClusterImpl-befcc403-3179-4e75-bf53-7b17c2548d34/datanode-1/data/ratis/68551269-ab8e-4526-907c-88886c957466/current/log_inprogress_0
2023-01-27 20:43:00,350 [Listener at 127.0.0.1/46267] INFO  ozone.MiniOzoneClusterImpl (MiniOzoneClusterImpl.java:lambda$waitForClusterToBeReady$0(218)) - Nodes are ready. Got 3 of 3 DN Heartbeats.
2023-01-27 20:43:00,350 [Listener at 127.0.0.1/46267] INFO  ozone.MiniOzoneClusterImpl (MiniOzoneClusterImpl.java:lambda$waitForClusterToBeReady$0(221)) - Cluster exits safe mode
2023-01-27 20:43:00,350 [Listener at 127.0.0.1/46267] INFO  ozone.MiniOzoneClusterImpl (MiniOzoneClusterImpl.java:lambda$waitForClusterToBeReady$0(223)) - SCM became leader
2023-01-27 20:43:00,363 [79ace3de-40f8-4333-9712-129ecf4cb056@group-F044F659C156-FollowerState] INFO  impl.FollowerState (FollowerState.java:run(143)) - 79ace3de-40f8-4333-9712-129ecf4cb056@group-F044F659C156-FollowerState: change to CANDIDATE, lastRpcElapsedTime:5116999288ns, electionTimeout:5105ms
2023-01-27 20:43:00,364 [79ace3de-40f8-4333-9712-129ecf4cb056@group-F044F659C156-FollowerState] INFO  impl.RoleInfo (RoleInfo.java:shutdownFollowerState(110)) - 79ace3de-40f8-4333-9712-129ecf4cb056: shutdown 79ace3de-40f8-4333-9712-129ecf4cb056@group-F044F659C156-FollowerState
2023-01-27 20:43:00,364 [79ace3de-40f8-4333-9712-129ecf4cb056@group-F044F659C156-FollowerState] INFO  server.RaftServer$Division (RaftServerImpl.java:setRole(321)) - 79ace3de-40f8-4333-9712-129ecf4cb056@group-F044F659C156: changes role from  FOLLOWER to CANDIDATE at term 0 for changeToCandidate
2023-01-27 20:43:00,366 [79ace3de-40f8-4333-9712-129ecf4cb056@group-F044F659C156-FollowerState] INFO  server.RaftServerConfigKeys (ConfUtils.java:logGet(46)) - raft.server.leaderelection.pre-vote = false (custom)
2023-01-27 20:43:00,366 [79ace3de-40f8-4333-9712-129ecf4cb056@group-F044F659C156-FollowerState] INFO  impl.RoleInfo (RoleInfo.java:updateAndGet(139)) - 79ace3de-40f8-4333-9712-129ecf4cb056: start 79ace3de-40f8-4333-9712-129ecf4cb056@group-F044F659C156-LeaderElection4
2023-01-27 20:43:00,371 [79ace3de-40f8-4333-9712-129ecf4cb056@group-F044F659C156-LeaderElection4] INFO  impl.LeaderElection (LeaderElection.java:askForVotes(312)) - 79ace3de-40f8-4333-9712-129ecf4cb056@group-F044F659C156-LeaderElection4 ELECTION round 0: submit vote requests at term 1 for -1: peers:[79ace3de-40f8-4333-9712-129ecf4cb056|rpc:10.1.1.6:38443|dataStream:10.1.1.6:34959|priority:1|startupRole:FOLLOWER]|listeners:[], old=null
2023-01-27 20:43:00,372 [79ace3de-40f8-4333-9712-129ecf4cb056@group-F044F659C156-LeaderElection4] INFO  impl.LeaderElection (LeaderElection.java:askForVotes(314)) - 79ace3de-40f8-4333-9712-129ecf4cb056@group-F044F659C156-LeaderElection4 ELECTION round 0: result PASSED (term=1)
2023-01-27 20:43:00,372 [79ace3de-40f8-4333-9712-129ecf4cb056@group-F044F659C156-LeaderElection4] INFO  impl.RoleInfo (RoleInfo.java:shutdownLeaderElection(130)) - 79ace3de-40f8-4333-9712-129ecf4cb056: shutdown 79ace3de-40f8-4333-9712-129ecf4cb056@group-F044F659C156-LeaderElection4
2023-01-27 20:43:00,372 [79ace3de-40f8-4333-9712-129ecf4cb056@group-F044F659C156-LeaderElection4] INFO  server.RaftServer$Division (RaftServerImpl.java:setRole(321)) - 79ace3de-40f8-4333-9712-129ecf4cb056@group-F044F659C156: changes role from CANDIDATE to LEADER at term 1 for changeToLeader
2023-01-27 20:43:00,372 [79ace3de-40f8-4333-9712-129ecf4cb056@group-F044F659C156-LeaderElection4] INFO  ratis.XceiverServerRatis (XceiverServerRatis.java:handleLeaderChangedNotification(904)) - Leader change notification received for group: group-F044F659C156 with new leaderId: 79ace3de-40f8-4333-9712-129ecf4cb056
2023-01-27 20:43:00,372 [79ace3de-40f8-4333-9712-129ecf4cb056@group-F044F659C156-LeaderElection4] INFO  server.RaftServer$Division (ServerState.java:setLeader(313)) - 79ace3de-40f8-4333-9712-129ecf4cb056@group-F044F659C156: change Leader from null to 79ace3de-40f8-4333-9712-129ecf4cb056 at term 1 for becomeLeader, leader elected after 5153ms
2023-01-27 20:43:00,372 [79ace3de-40f8-4333-9712-129ecf4cb056@group-F044F659C156-LeaderElection4] INFO  server.RaftServerConfigKeys (ConfUtils.java:logGet(46)) - raft.server.staging.catchup.gap = 1000 (default)
2023-01-27 20:43:00,377 [79ace3de-40f8-4333-9712-129ecf4cb056@group-F044F659C156-LeaderElection4] INFO  server.RaftServerConfigKeys (ConfUtils.java:logGet(46)) - raft.server.write.element-limit = 1024 (custom)
2023-01-27 20:43:00,377 [79ace3de-40f8-4333-9712-129ecf4cb056@group-F044F659C156-LeaderElection4] INFO  server.RaftServerConfigKeys (ConfUtils.java:logGet(46)) - raft.server.write.byte-limit = 1024 M (=1073741824) (custom)
2023-01-27 20:43:00,377 | INFO  | SCMAudit | user=runner | ip=10.1.1.6 | op=SEND_HEARTBEAT {datanodeUUID=79ace3de-40f8-4333-9712-129ecf4cb056, term=-1, command=[]} | ret=SUCCESS |  
2023-01-27 20:43:00,378 [79ace3de-40f8-4333-9712-129ecf4cb056@group-F044F659C156-LeaderElection4] INFO  server.RaftServerConfigKeys (ConfUtils.java:logGet(46)) - raft.server.watch.timeout = 180s (custom)
2023-01-27 20:43:00,378 [79ace3de-40f8-4333-9712-129ecf4cb056@group-F044F659C156-LeaderElection4] INFO  server.RaftServerConfigKeys (ConfUtils.java:logGet(46)) - raft.server.watch.timeout.denomination = 1s (default)
2023-01-27 20:43:00,378 [79ace3de-40f8-4333-9712-129ecf4cb056@group-F044F659C156-LeaderElection4] INFO  server.RaftServerConfigKeys (ConfUtils.java:logGet(46)) - raft.server.watch.element-limit = 65536 (default)
2023-01-27 20:43:00,379 [79ace3de-40f8-4333-9712-129ecf4cb056@group-F044F659C156-LeaderElection4] INFO  server.RaftServerConfigKeys (ConfUtils.java:logGet(46)) - raft.server.write.element-limit = 1024 (custom)
2023-01-27 20:43:00,379 [79ace3de-40f8-4333-9712-129ecf4cb056@group-F044F659C156-LeaderElection4] INFO  server.RaftServerConfigKeys (ConfUtils.java:logGet(46)) - raft.server.write.follower.gap.ratio.max = -1.0 (default)
2023-01-27 20:43:00,379 [79ace3de-40f8-4333-9712-129ecf4cb056@group-F044F659C156-LeaderElection4] INFO  impl.RoleInfo (RoleInfo.java:updateAndGet(139)) - 79ace3de-40f8-4333-9712-129ecf4cb056: start 79ace3de-40f8-4333-9712-129ecf4cb056@group-F044F659C156-LeaderStateImpl
2023-01-27 20:43:00,382 [79ace3de-40f8-4333-9712-129ecf4cb056@group-F044F659C156-LeaderElection4] INFO  segmented.SegmentedRaftLogWorker (SegmentedRaftLogWorker.java:startLogSegment(452)) - 79ace3de-40f8-4333-9712-129ecf4cb056@group-F044F659C156-SegmentedRaftLogWorker: Starting segment from index:0
2023-01-27 20:43:00,388 [79ace3de-40f8-4333-9712-129ecf4cb056@group-F044F659C156-LeaderElection4] INFO  server.RaftServer$Division (ServerState.java:setRaftConf(430)) - 79ace3de-40f8-4333-9712-129ecf4cb056@group-F044F659C156: set configuration 0: peers:[79ace3de-40f8-4333-9712-129ecf4cb056|rpc:10.1.1.6:38443|dataStream:10.1.1.6:34959|priority:1|startupRole:FOLLOWER]|listeners:[], old=null
2023-01-27 20:43:00,389 [79ace3de-40f8-4333-9712-129ecf4cb056@group-F044F659C156-SegmentedRaftLogWorker] INFO  segmented.SegmentedRaftLogWorker (SegmentedRaftLogWorker.java:execute(656)) - 79ace3de-40f8-4333-9712-129ecf4cb056@group-F044F659C156-SegmentedRaftLogWorker: created new log segment /home/runner/work/ozone/ozone/hadoop-ozone/integration-test/target/test-dir/MiniOzoneClusterImpl-befcc403-3179-4e75-bf53-7b17c2548d34/datanode-1/data/ratis/a4325fdd-c7ce-4686-ae55-f044f659c156/current/log_inprogress_0
2023-01-27 20:43:00,422 | INFO  | SCMAudit | user=runner | ip=10.1.1.6 | op=SEND_HEARTBEAT {datanodeUUID=761e2a81-3cf7-455e-896f-a019e5a4e3df, term=-1, command=[]} | ret=SUCCESS |  
2023-01-27 20:43:00,452 [761e2a81-3cf7-455e-896f-a019e5a4e3df@group-FD54612BD5E9-FollowerState] INFO  impl.FollowerState (FollowerState.java:run(143)) - 761e2a81-3cf7-455e-896f-a019e5a4e3df@group-FD54612BD5E9-FollowerState: change to CANDIDATE, lastRpcElapsedTime:5054352176ns, electionTimeout:5044ms
2023-01-27 20:43:00,452 [761e2a81-3cf7-455e-896f-a019e5a4e3df@group-FD54612BD5E9-FollowerState] INFO  impl.RoleInfo (RoleInfo.java:shutdownFollowerState(110)) - 761e2a81-3cf7-455e-896f-a019e5a4e3df: shutdown 761e2a81-3cf7-455e-896f-a019e5a4e3df@group-FD54612BD5E9-FollowerState
2023-01-27 20:43:00,452 [761e2a81-3cf7-455e-896f-a019e5a4e3df@group-FD54612BD5E9-FollowerState] INFO  server.RaftServer$Division (RaftServerImpl.java:setRole(321)) - 761e2a81-3cf7-455e-896f-a019e5a4e3df@group-FD54612BD5E9: changes role from  FOLLOWER to CANDIDATE at term 0 for changeToCandidate
2023-01-27 20:43:00,453 [761e2a81-3cf7-455e-896f-a019e5a4e3df@group-FD54612BD5E9-FollowerState] INFO  server.RaftServerConfigKeys (ConfUtils.java:logGet(46)) - raft.server.leaderelection.pre-vote = false (custom)
2023-01-27 20:43:00,453 [761e2a81-3cf7-455e-896f-a019e5a4e3df@group-FD54612BD5E9-FollowerState] INFO  impl.RoleInfo (RoleInfo.java:updateAndGet(139)) - 761e2a81-3cf7-455e-896f-a019e5a4e3df: start 761e2a81-3cf7-455e-896f-a019e5a4e3df@group-FD54612BD5E9-LeaderElection5
2023-01-27 20:43:00,463 [761e2a81-3cf7-455e-896f-a019e5a4e3df@group-FD54612BD5E9-LeaderElection5] INFO  impl.LeaderElection (LeaderElection.java:askForVotes(312)) - 761e2a81-3cf7-455e-896f-a019e5a4e3df@group-FD54612BD5E9-LeaderElection5 ELECTION round 0: submit vote requests at term 1 for -1: peers:[761e2a81-3cf7-455e-896f-a019e5a4e3df|rpc:10.1.1.6:39123|dataStream:10.1.1.6:42559|priority:1|startupRole:FOLLOWER]|listeners:[], old=null
2023-01-27 20:43:00,463 [761e2a81-3cf7-455e-896f-a019e5a4e3df@group-FD54612BD5E9-LeaderElection5] INFO  impl.LeaderElection (LeaderElection.java:askForVotes(314)) - 761e2a81-3cf7-455e-896f-a019e5a4e3df@group-FD54612BD5E9-LeaderElection5 ELECTION round 0: result PASSED (term=1)
2023-01-27 20:43:00,464 [761e2a81-3cf7-455e-896f-a019e5a4e3df@group-FD54612BD5E9-LeaderElection5] INFO  impl.RoleInfo (RoleInfo.java:shutdownLeaderElection(130)) - 761e2a81-3cf7-455e-896f-a019e5a4e3df: shutdown 761e2a81-3cf7-455e-896f-a019e5a4e3df@group-FD54612BD5E9-LeaderElection5
2023-01-27 20:43:00,464 [761e2a81-3cf7-455e-896f-a019e5a4e3df@group-FD54612BD5E9-LeaderElection5] INFO  server.RaftServer$Division (RaftServerImpl.java:setRole(321)) - 761e2a81-3cf7-455e-896f-a019e5a4e3df@group-FD54612BD5E9: changes role from CANDIDATE to LEADER at term 1 for changeToLeader
2023-01-27 20:43:00,464 [761e2a81-3cf7-455e-896f-a019e5a4e3df@group-FD54612BD5E9-LeaderElection5] INFO  ratis.XceiverServerRatis (XceiverServerRatis.java:handleLeaderChangedNotification(904)) - Leader change notification received for group: group-FD54612BD5E9 with new leaderId: 761e2a81-3cf7-455e-896f-a019e5a4e3df
2023-01-27 20:43:00,464 [761e2a81-3cf7-455e-896f-a019e5a4e3df@group-FD54612BD5E9-LeaderElection5] INFO  server.RaftServer$Division (ServerState.java:setLeader(313)) - 761e2a81-3cf7-455e-896f-a019e5a4e3df@group-FD54612BD5E9: change Leader from null to 761e2a81-3cf7-455e-896f-a019e5a4e3df at term 1 for becomeLeader, leader elected after 5103ms
2023-01-27 20:43:00,464 [761e2a81-3cf7-455e-896f-a019e5a4e3df@group-FD54612BD5E9-LeaderElection5] INFO  server.RaftServerConfigKeys (ConfUtils.java:logGet(46)) - raft.server.staging.catchup.gap = 1000 (default)
2023-01-27 20:43:00,467 [761e2a81-3cf7-455e-896f-a019e5a4e3df@group-FD54612BD5E9-LeaderElection5] INFO  server.RaftServerConfigKeys (ConfUtils.java:logGet(46)) - raft.server.write.element-limit = 1024 (custom)
2023-01-27 20:43:00,467 [761e2a81-3cf7-455e-896f-a019e5a4e3df@group-FD54612BD5E9-LeaderElection5] INFO  server.RaftServerConfigKeys (ConfUtils.java:logGet(46)) - raft.server.write.byte-limit = 1024 M (=1073741824) (custom)
2023-01-27 20:43:00,468 [761e2a81-3cf7-455e-896f-a019e5a4e3df@group-FD54612BD5E9-LeaderElection5] INFO  server.RaftServerConfigKeys (ConfUtils.java:logGet(46)) - raft.server.watch.timeout = 180s (custom)
2023-01-27 20:43:00,468 [761e2a81-3cf7-455e-896f-a019e5a4e3df@group-FD54612BD5E9-LeaderElection5] INFO  server.RaftServerConfigKeys (ConfUtils.java:logGet(46)) - raft.server.watch.timeout.denomination = 1s (default)
2023-01-27 20:43:00,468 | INFO  | SCMAudit | user=runner | ip=10.1.1.6 | op=SEND_HEARTBEAT {datanodeUUID=761e2a81-3cf7-455e-896f-a019e5a4e3df, term=-1, command=[]} | ret=SUCCESS |  
2023-01-27 20:43:00,468 [761e2a81-3cf7-455e-896f-a019e5a4e3df@group-FD54612BD5E9-LeaderElection5] INFO  server.RaftServerConfigKeys (ConfUtils.java:logGet(46)) - raft.server.watch.element-limit = 65536 (default)
2023-01-27 20:43:00,468 [761e2a81-3cf7-455e-896f-a019e5a4e3df@group-FD54612BD5E9-LeaderElection5] INFO  server.RaftServerConfigKeys (ConfUtils.java:logGet(46)) - raft.server.write.element-limit = 1024 (custom)
2023-01-27 20:43:00,476 [761e2a81-3cf7-455e-896f-a019e5a4e3df@group-FD54612BD5E9-LeaderElection5] INFO  server.RaftServerConfigKeys (ConfUtils.java:logGet(46)) - raft.server.write.follower.gap.ratio.max = -1.0 (default)
2023-01-27 20:43:00,477 [761e2a81-3cf7-455e-896f-a019e5a4e3df@group-FD54612BD5E9-LeaderElection5] INFO  impl.RoleInfo (RoleInfo.java:updateAndGet(139)) - 761e2a81-3cf7-455e-896f-a019e5a4e3df: start 761e2a81-3cf7-455e-896f-a019e5a4e3df@group-FD54612BD5E9-LeaderStateImpl
2023-01-27 20:43:00,477 [761e2a81-3cf7-455e-896f-a019e5a4e3df@group-FD54612BD5E9-LeaderElection5] INFO  segmented.SegmentedRaftLogWorker (SegmentedRaftLogWorker.java:startLogSegment(452)) - 761e2a81-3cf7-455e-896f-a019e5a4e3df@group-FD54612BD5E9-SegmentedRaftLogWorker: Starting segment from index:0
2023-01-27 20:43:00,480 [761e2a81-3cf7-455e-896f-a019e5a4e3df@group-FD54612BD5E9-SegmentedRaftLogWorker] INFO  segmented.SegmentedRaftLogWorker (SegmentedRaftLogWorker.java:execute(656)) - 761e2a81-3cf7-455e-896f-a019e5a4e3df@group-FD54612BD5E9-SegmentedRaftLogWorker: created new log segment /home/runner/work/ozone/ozone/hadoop-ozone/integration-test/target/test-dir/MiniOzoneClusterImpl-befcc403-3179-4e75-bf53-7b17c2548d34/datanode-2/data/ratis/5a88978f-cc00-4d52-9ae5-fd54612bd5e9/current/log_inprogress_0
2023-01-27 20:43:00,482 [761e2a81-3cf7-455e-896f-a019e5a4e3df@group-FD54612BD5E9-LeaderElection5] INFO  server.RaftServer$Division (ServerState.java:setRaftConf(430)) - 761e2a81-3cf7-455e-896f-a019e5a4e3df@group-FD54612BD5E9: set configuration 0: peers:[761e2a81-3cf7-455e-896f-a019e5a4e3df|rpc:10.1.1.6:39123|dataStream:10.1.1.6:42559|priority:1|startupRole:FOLLOWER]|listeners:[], old=null
2023-01-27 20:43:00,512 [9447c40a-1705-47c5-a812-fa9699ec0ab2@group-BBC72DE46FA7-FollowerState] INFO  impl.FollowerState (FollowerState.java:run(143)) - 9447c40a-1705-47c5-a812-fa9699ec0ab2@group-BBC72DE46FA7-FollowerState: change to CANDIDATE, lastRpcElapsedTime:5039280873ns, electionTimeout:5033ms
2023-01-27 20:43:00,512 [9447c40a-1705-47c5-a812-fa9699ec0ab2@group-BBC72DE46FA7-FollowerState] INFO  impl.RoleInfo (RoleInfo.java:shutdownFollowerState(110)) - 9447c40a-1705-47c5-a812-fa9699ec0ab2: shutdown 9447c40a-1705-47c5-a812-fa9699ec0ab2@group-BBC72DE46FA7-FollowerState
2023-01-27 20:43:00,512 [9447c40a-1705-47c5-a812-fa9699ec0ab2@group-BBC72DE46FA7-FollowerState] INFO  server.RaftServer$Division (RaftServerImpl.java:setRole(321)) - 9447c40a-1705-47c5-a812-fa9699ec0ab2@group-BBC72DE46FA7: changes role from  FOLLOWER to CANDIDATE at term 0 for changeToCandidate
2023-01-27 20:43:00,512 [9447c40a-1705-47c5-a812-fa9699ec0ab2@group-BBC72DE46FA7-FollowerState] INFO  server.RaftServerConfigKeys (ConfUtils.java:logGet(46)) - raft.server.leaderelection.pre-vote = false (custom)
2023-01-27 20:43:00,512 [9447c40a-1705-47c5-a812-fa9699ec0ab2@group-BBC72DE46FA7-FollowerState] INFO  impl.RoleInfo (RoleInfo.java:updateAndGet(139)) - 9447c40a-1705-47c5-a812-fa9699ec0ab2: start 9447c40a-1705-47c5-a812-fa9699ec0ab2@group-BBC72DE46FA7-LeaderElection6
2023-01-27 20:43:00,519 [9447c40a-1705-47c5-a812-fa9699ec0ab2@group-BBC72DE46FA7-LeaderElection6] INFO  impl.LeaderElection (LeaderElection.java:askForVotes(312)) - 9447c40a-1705-47c5-a812-fa9699ec0ab2@group-BBC72DE46FA7-LeaderElection6 ELECTION round 0: submit vote requests at term 1 for -1: peers:[761e2a81-3cf7-455e-896f-a019e5a4e3df|rpc:10.1.1.6:39123|dataStream:10.1.1.6:42559|priority:1|startupRole:FOLLOWER, 9447c40a-1705-47c5-a812-fa9699ec0ab2|rpc:10.1.1.6:34539|dataStream:10.1.1.6:37163|priority:0|startupRole:FOLLOWER, 79ace3de-40f8-4333-9712-129ecf4cb056|rpc:10.1.1.6:38443|dataStream:10.1.1.6:34959|priority:0|startupRole:FOLLOWER]|listeners:[], old=null
2023-01-27 20:43:00,530 [9447c40a-1705-47c5-a812-fa9699ec0ab2@group-BBC72DE46FA7-LeaderElection6] INFO  server.RaftServerConfigKeys (ConfUtils.java:logFallback(53)) - raft.server.rpc.first-election.timeout.min = 5s (fallback to raft.server.rpc.timeout.min)
2023-01-27 20:43:00,530 [9447c40a-1705-47c5-a812-fa9699ec0ab2@group-BBC72DE46FA7-LeaderElection6] INFO  server.RaftServerConfigKeys (ConfUtils.java:logFallback(53)) - raft.server.rpc.first-election.timeout.max = 5200ms (fallback to raft.server.rpc.timeout.max)
2023-01-27 20:43:00,536 [grpc-default-executor-5] INFO  server.RaftServer$Division (RaftServerImpl.java:requestVote(1218)) - 761e2a81-3cf7-455e-896f-a019e5a4e3df@group-BBC72DE46FA7: receive requestVote(ELECTION, 9447c40a-1705-47c5-a812-fa9699ec0ab2, group-BBC72DE46FA7, 1, (t:0, i:0))
2023-01-27 20:43:00,537 [grpc-default-executor-5] INFO  impl.VoteContext (VoteContext.java:log(49)) - 761e2a81-3cf7-455e-896f-a019e5a4e3df@group-BBC72DE46FA7-FOLLOWER: reject ELECTION from 9447c40a-1705-47c5-a812-fa9699ec0ab2: our priority 1 > candidate's priority 0
2023-01-27 20:43:00,537 [grpc-default-executor-5] INFO  server.RaftServer$Division (RaftServerImpl.java:setRole(321)) - 761e2a81-3cf7-455e-896f-a019e5a4e3df@group-BBC72DE46FA7: changes role from  FOLLOWER to FOLLOWER at term 1 for candidate:9447c40a-1705-47c5-a812-fa9699ec0ab2
2023-01-27 20:43:00,537 [grpc-default-executor-5] INFO  impl.RoleInfo (RoleInfo.java:shutdownFollowerState(110)) - 761e2a81-3cf7-455e-896f-a019e5a4e3df: shutdown 761e2a81-3cf7-455e-896f-a019e5a4e3df@group-BBC72DE46FA7-FollowerState
2023-01-27 20:43:00,537 [grpc-default-executor-5] INFO  impl.RoleInfo (RoleInfo.java:updateAndGet(139)) - 761e2a81-3cf7-455e-896f-a019e5a4e3df: start 761e2a81-3cf7-455e-896f-a019e5a4e3df@group-BBC72DE46FA7-FollowerState
2023-01-27 20:43:00,538 [761e2a81-3cf7-455e-896f-a019e5a4e3df@group-BBC72DE46FA7-FollowerState] INFO  impl.FollowerState (FollowerState.java:run(152)) - 761e2a81-3cf7-455e-896f-a019e5a4e3df@group-BBC72DE46FA7-FollowerState was interrupted
2023-01-27 20:43:00,552 [grpc-default-executor-5] INFO  server.RaftServer$Division (RaftServerImpl.java:requestVote(1251)) - 761e2a81-3cf7-455e-896f-a019e5a4e3df@group-BBC72DE46FA7 replies to ELECTION vote request: 9447c40a-1705-47c5-a812-fa9699ec0ab2<-761e2a81-3cf7-455e-896f-a019e5a4e3df#0:FAIL-t1. Peer's state: 761e2a81-3cf7-455e-896f-a019e5a4e3df@group-BBC72DE46FA7:t1, leader=null, voted=null, raftlog=Memoized:761e2a81-3cf7-455e-896f-a019e5a4e3df@group-BBC72DE46FA7-SegmentedRaftLog:OPENED:c-1, conf=-1: peers:[761e2a81-3cf7-455e-896f-a019e5a4e3df|rpc:10.1.1.6:39123|dataStream:10.1.1.6:42559|priority:1|startupRole:FOLLOWER, 9447c40a-1705-47c5-a812-fa9699ec0ab2|rpc:10.1.1.6:34539|dataStream:10.1.1.6:37163|priority:0|startupRole:FOLLOWER, 79ace3de-40f8-4333-9712-129ecf4cb056|rpc:10.1.1.6:38443|dataStream:10.1.1.6:34959|priority:0|startupRole:FOLLOWER]|listeners:[], old=null
2023-01-27 20:43:00,554 [9447c40a-1705-47c5-a812-fa9699ec0ab2@group-BBC72DE46FA7-LeaderElection6] INFO  impl.LeaderElection (LeaderElection.java:logAndReturn(90)) - 9447c40a-1705-47c5-a812-fa9699ec0ab2@group-BBC72DE46FA7-LeaderElection6: ELECTION REJECTED received 1 response(s) and 0 exception(s):
2023-01-27 20:43:00,554 [9447c40a-1705-47c5-a812-fa9699ec0ab2@group-BBC72DE46FA7-LeaderElection6] INFO  impl.LeaderElection (LeaderElection.java:logAndReturn(94)) -   Response 0: 9447c40a-1705-47c5-a812-fa9699ec0ab2<-761e2a81-3cf7-455e-896f-a019e5a4e3df#0:FAIL-t1
2023-01-27 20:43:00,554 [9447c40a-1705-47c5-a812-fa9699ec0ab2@group-BBC72DE46FA7-LeaderElection6] INFO  impl.LeaderElection (LeaderElection.java:askForVotes(314)) - 9447c40a-1705-47c5-a812-fa9699ec0ab2@group-BBC72DE46FA7-LeaderElection6 ELECTION round 0: result REJECTED
2023-01-27 20:43:00,554 [9447c40a-1705-47c5-a812-fa9699ec0ab2@group-BBC72DE46FA7-LeaderElection6] INFO  server.RaftServer$Division (RaftServerImpl.java:setRole(321)) - 9447c40a-1705-47c5-a812-fa9699ec0ab2@group-BBC72DE46FA7: changes role from CANDIDATE to FOLLOWER at term 1 for REJECTED
2023-01-27 20:43:00,554 [9447c40a-1705-47c5-a812-fa9699ec0ab2@group-BBC72DE46FA7-LeaderElection6] INFO  impl.RoleInfo (RoleInfo.java:shutdownLeaderElection(130)) - 9447c40a-1705-47c5-a812-fa9699ec0ab2: shutdown 9447c40a-1705-47c5-a812-fa9699ec0ab2@group-BBC72DE46FA7-LeaderElection6
2023-01-27 20:43:00,554 [9447c40a-1705-47c5-a812-fa9699ec0ab2@group-BBC72DE46FA7-LeaderElection6] INFO  impl.RoleInfo (RoleInfo.java:updateAndGet(139)) - 9447c40a-1705-47c5-a812-fa9699ec0ab2: start 9447c40a-1705-47c5-a812-fa9699ec0ab2@group-BBC72DE46FA7-FollowerState
2023-01-27 20:43:00,554 [761e2a81-3cf7-455e-896f-a019e5a4e3df@group-BBC72DE46FA7-FollowerState] INFO  server.RaftServerConfigKeys (ConfUtils.java:logFallback(53)) - raft.server.rpc.first-election.timeout.min = 5s (fallback to raft.server.rpc.timeout.min)
2023-01-27 20:43:00,563 [761e2a81-3cf7-455e-896f-a019e5a4e3df@group-BBC72DE46FA7-FollowerState] INFO  server.RaftServerConfigKeys (ConfUtils.java:logFallback(53)) - raft.server.rpc.first-election.timeout.max = 5200ms (fallback to raft.server.rpc.timeout.max)
2023-01-27 20:43:00,559 [9447c40a-1705-47c5-a812-fa9699ec0ab2@group-BBC72DE46FA7-FollowerState] INFO  server.RaftServerConfigKeys (ConfUtils.java:logFallback(53)) - raft.server.rpc.first-election.timeout.min = 5s (fallback to raft.server.rpc.timeout.min)
2023-01-27 20:43:00,564 [grpc-default-executor-5] INFO  server.RaftServer$Division (RaftServerImpl.java:requestVote(1218)) - 79ace3de-40f8-4333-9712-129ecf4cb056@group-BBC72DE46FA7: receive requestVote(ELECTION, 9447c40a-1705-47c5-a812-fa9699ec0ab2, group-BBC72DE46FA7, 1, (t:0, i:0))
2023-01-27 20:43:00,566 [grpc-default-executor-5] INFO  impl.VoteContext (VoteContext.java:log(49)) - 79ace3de-40f8-4333-9712-129ecf4cb056@group-BBC72DE46FA7-FOLLOWER: accept ELECTION from 9447c40a-1705-47c5-a812-fa9699ec0ab2: our priority 0 <= candidate's priority 0
2023-01-27 20:43:00,566 [grpc-default-executor-5] INFO  server.RaftServer$Division (RaftServerImpl.java:setRole(321)) - 79ace3de-40f8-4333-9712-129ecf4cb056@group-BBC72DE46FA7: changes role from  FOLLOWER to FOLLOWER at term 1 for candidate:9447c40a-1705-47c5-a812-fa9699ec0ab2
2023-01-27 20:43:00,566 [grpc-default-executor-5] INFO  impl.RoleInfo (RoleInfo.java:shutdownFollowerState(110)) - 79ace3de-40f8-4333-9712-129ecf4cb056: shutdown 79ace3de-40f8-4333-9712-129ecf4cb056@group-BBC72DE46FA7-FollowerState
2023-01-27 20:43:00,566 [grpc-default-executor-5] INFO  impl.RoleInfo (RoleInfo.java:updateAndGet(139)) - 79ace3de-40f8-4333-9712-129ecf4cb056: start 79ace3de-40f8-4333-9712-129ecf4cb056@group-BBC72DE46FA7-FollowerState
2023-01-27 20:43:00,566 [79ace3de-40f8-4333-9712-129ecf4cb056@group-BBC72DE46FA7-FollowerState] INFO  impl.FollowerState (FollowerState.java:run(152)) - 79ace3de-40f8-4333-9712-129ecf4cb056@group-BBC72DE46FA7-FollowerState was interrupted
2023-01-27 20:43:00,566 [9447c40a-1705-47c5-a812-fa9699ec0ab2@group-BBC72DE46FA7-FollowerState] INFO  server.RaftServerConfigKeys (ConfUtils.java:logFallback(53)) - raft.server.rpc.first-election.timeout.max = 5200ms (fallback to raft.server.rpc.timeout.max)
2023-01-27 20:43:00,572 [79ace3de-40f8-4333-9712-129ecf4cb056@group-BBC72DE46FA7-FollowerState] INFO  server.RaftServerConfigKeys (ConfUtils.java:logFallback(53)) - raft.server.rpc.first-election.timeout.min = 5s (fallback to raft.server.rpc.timeout.min)
2023-01-27 20:43:00,572 [79ace3de-40f8-4333-9712-129ecf4cb056@group-BBC72DE46FA7-FollowerState] INFO  server.RaftServerConfigKeys (ConfUtils.java:logFallback(53)) - raft.server.rpc.first-election.timeout.max = 5200ms (fallback to raft.server.rpc.timeout.max)
2023-01-27 20:43:00,573 [grpc-default-executor-5] INFO  server.RaftServer$Division (RaftServerImpl.java:requestVote(1251)) - 79ace3de-40f8-4333-9712-129ecf4cb056@group-BBC72DE46FA7 replies to ELECTION vote request: 9447c40a-1705-47c5-a812-fa9699ec0ab2<-79ace3de-40f8-4333-9712-129ecf4cb056#0:OK-t1. Peer's state: 79ace3de-40f8-4333-9712-129ecf4cb056@group-BBC72DE46FA7:t1, leader=null, voted=9447c40a-1705-47c5-a812-fa9699ec0ab2, raftlog=Memoized:79ace3de-40f8-4333-9712-129ecf4cb056@group-BBC72DE46FA7-SegmentedRaftLog:OPENED:c-1, conf=-1: peers:[761e2a81-3cf7-455e-896f-a019e5a4e3df|rpc:10.1.1.6:39123|dataStream:10.1.1.6:42559|priority:1|startupRole:FOLLOWER, 9447c40a-1705-47c5-a812-fa9699ec0ab2|rpc:10.1.1.6:34539|dataStream:10.1.1.6:37163|priority:0|startupRole:FOLLOWER, 79ace3de-40f8-4333-9712-129ecf4cb056|rpc:10.1.1.6:38443|dataStream:10.1.1.6:34959|priority:0|startupRole:FOLLOWER]|listeners:[], old=null
2023-01-27 20:43:00,620 | INFO  | SCMAudit | user=runner | ip=10.1.1.6 | op=SEND_HEARTBEAT {datanodeUUID=9447c40a-1705-47c5-a812-fa9699ec0ab2, term=-1, command=[]} | ret=SUCCESS |  
2023-01-27 20:43:00,937 | INFO  | OMAudit | user=runner | ip=127.0.0.1 | op=GET_SERVICE_LIST {} | ret=SUCCESS |  
2023-01-27 20:43:00,962 [Time-limited test] INFO  rpc.RpcClient (RpcClient.java:createVolume(474)) - Creating Volume: volume07960, with user50951 as owner and space quota set to -1 bytes, counts quota set to -1
2023-01-27 20:43:01,309 [OM StateMachine ApplyTransaction Thread - 0] WARN  om.OzoneManager (OzoneManager.java:checkAcls(2498)) - User runner doesn't have CREATE permission to access volume Volume:volume07960 
2023-01-27 20:43:01,315 | ERROR | OMAudit | user=runner | ip=127.0.0.1 | op=CREATE_VOLUME {admin=admin15150, owner=user50951, volume=volume07960, creationTime=1674852180971, modificationTime=1674852180971, quotaInBytes=-1, quotaInNamespace=-1, usedNamespace=0, objectID=-9223372036854775552, updateID=1} | ret=FAILURE | PERMISSION_DENIED org.apache.hadoop.ozone.om.exceptions.OMException: User runner doesn't have CREATE permission to access volume Volume:volume07960 
	at org.apache.hadoop.ozone.om.OzoneManager.checkAcls(OzoneManager.java:2501)
	at org.apache.hadoop.ozone.om.OzoneManager.checkAcls(OzoneManager.java:2476) 
2023-01-27 20:43:01,316 [OM StateMachine ApplyTransaction Thread - 0] ERROR volume.OMVolumeCreateRequest (OMVolumeCreateRequest.java:validateAndUpdateCache(198)) - Volume creation failed for user:user50951 volume:volume07960
PERMISSION_DENIED org.apache.hadoop.ozone.om.exceptions.OMException: User runner doesn't have CREATE permission to access volume Volume:volume07960 
	at org.apache.hadoop.ozone.om.OzoneManager.checkAcls(OzoneManager.java:2501)
	at org.apache.hadoop.ozone.om.OzoneManager.checkAcls(OzoneManager.java:2476)
	at org.apache.hadoop.ozone.om.OzoneAclUtils.checkAllAcls(OzoneAclUtils.java:108)
	at org.apache.hadoop.ozone.om.request.OMClientRequest.checkAcls(OMClientRequest.java:360)
	at org.apache.hadoop.ozone.om.request.OMClientRequest.checkAcls(OMClientRequest.java:215)
	at org.apache.hadoop.ozone.om.request.volume.OMVolumeCreateRequest.validateAndUpdateCache(OMVolumeCreateRequest.java:136)
	at org.apache.hadoop.ozone.protocolPB.OzoneManagerRequestHandler.handleWriteRequest(OzoneManagerRequestHandler.java:317)
	at org.apache.hadoop.ozone.om.ratis.OzoneManagerStateMachine.runCommand(OzoneManagerStateMachine.java:533)
	at org.apache.hadoop.ozone.om.ratis.OzoneManagerStateMachine.lambda$1(OzoneManagerStateMachine.java:324)
	at java.util.concurrent.CompletableFuture$AsyncSupply.run(CompletableFuture.java:1604)
	at java.util.concurrent.ThreadPoolExecutor.runWorker(ThreadPoolExecutor.java:1149)
	at java.util.concurrent.ThreadPoolExecutor$Worker.run(ThreadPoolExecutor.java:624)
	at java.lang.Thread.run(Thread.java:750)
]]></system-out>
  </testcase>
  <testcase name="testReadVolumePermissionDenied" classname="org.apache.hadoop.ozone.om.TestOmAcls" time="0.087">
    <failure type="java.lang.AssertionError"><![CDATA[java.lang.AssertionError: Audit log file doesn't contain the message with params  event=READ_VOLUME result=FAILURE
	at org.apache.hadoop.ozone.audit.AuditLogTestUtils.verifyAuditLog(AuditLogTestUtils.java:68)
	at org.apache.hadoop.ozone.om.TestOmAcls.testReadVolumePermissionDenied(TestOmAcls.java:141)
	at sun.reflect.NativeMethodAccessorImpl.invoke0(Native Method)
	at sun.reflect.NativeMethodAccessorImpl.invoke(NativeMethodAccessorImpl.java:62)
	at sun.reflect.DelegatingMethodAccessorImpl.invoke(DelegatingMethodAccessorImpl.java:43)
	at java.lang.reflect.Method.invoke(Method.java:498)
	at org.junit.runners.model.FrameworkMethod$1.runReflectiveCall(FrameworkMethod.java:59)
	at org.junit.internal.runners.model.ReflectiveCallable.run(ReflectiveCallable.java:12)
	at org.junit.runners.model.FrameworkMethod.invokeExplosively(FrameworkMethod.java:56)
	at org.junit.internal.runners.statements.InvokeMethod.evaluate(InvokeMethod.java:17)
	at org.junit.internal.runners.statements.RunBefores.evaluate(RunBefores.java:26)
	at org.junit.internal.runners.statements.FailOnTimeout$CallableStatement.call(FailOnTimeout.java:288)
	at org.junit.internal.runners.statements.FailOnTimeout$CallableStatement.call(FailOnTimeout.java:282)
	at java.util.concurrent.FutureTask.run(FutureTask.java:266)
	at java.lang.Thread.run(Thread.java:750)
]]></failure>
    <system-out><![CDATA[2023-01-27 20:43:01,338 | INFO  | OMAudit | user=runner | ip=127.0.0.1 | op=GET_SERVICE_LIST {} | ret=SUCCESS |  
2023-01-27 20:43:01,351 [Time-limited test] INFO  rpc.RpcClient (RpcClient.java:createVolume(474)) - Creating Volume: volume81718, with user62016 as owner and space quota set to -1 bytes, counts quota set to -1
2023-01-27 20:43:01,366 | INFO  | OMAudit | user=runner | ip=127.0.0.1 | op=CREATE_VOLUME {admin=admin56658, owner=user62016, volume=volume81718, creationTime=1674852181353, modificationTime=1674852181353, quotaInBytes=-1, quotaInNamespace=-1, usedNamespace=0, objectID=-9223372036854775040, updateID=3} | ret=SUCCESS |  
2023-01-27 20:43:01,366 [OM StateMachine ApplyTransaction Thread - 0] INFO  volume.OMVolumeCreateRequest (OMVolumeCreateRequest.java:validateAndUpdateCache(195)) - created volume:volume81718 for user:user62016
2023-01-27 20:43:01,374 | INFO  | SCMAudit | user=runner | ip=10.1.1.6 | op=SEND_HEARTBEAT {datanodeUUID=79ace3de-40f8-4333-9712-129ecf4cb056, term=-1, command=[]} | ret=SUCCESS |  
2023-01-27 20:43:01,375 | INFO  | OMAudit | user=runner | ip=127.0.0.1 | op=READ_VOLUME {volume=volume81718} | ret=SUCCESS |  
2023-01-27 20:43:01,380 [Time-limited test] INFO  rpc.RpcClient (RpcClient.java:createBucket(693)) - Creating Bucket: volume81718/bucket15882, with bucket layout LEGACY, runner as owner, Versioning false, Storage Type set to DISK and Encryption set to false 
2023-01-27 20:43:01,397 | INFO  | OMAudit | user=runner | ip=127.0.0.1 | op=CREATE_BUCKET {volume=volume81718, bucket=bucket15882, bucketLayout=LEGACY, gdprEnabled=null, acls=[user:runner:a[ACCESS], group:docker:a[ACCESS], group:adm:a[ACCESS], group:systemd-journal:a[ACCESS]], isVersionEnabled=false, storageType=DISK, creationTime=1674852181390, bucketEncryptionKey=null, modificationTime=1674852181390, usedBytes=0, usedNamespace=0} | ret=SUCCESS |  
2023-01-27 20:43:01,397 [OM StateMachine ApplyTransaction Thread - 0] INFO  bucket.OMBucketCreateRequest (OMBucketCreateRequest.java:validateAndUpdateCache(263)) - created bucket: bucket15882 of layout LEGACY in volume: volume81718
2023-01-27 20:43:01,403 | INFO  | OMAudit | user=runner | ip=127.0.0.1 | op=READ_BUCKET {volume=volume81718, bucket=bucket15882} | ret=SUCCESS |  
2023-01-27 20:43:01,410 | INFO  | OMAudit | user=runner | ip=127.0.0.1 | op=GET_SERVICE_LIST {} | ret=SUCCESS |  
2023-01-27 20:43:01,412 [IPC Server handler 16 on default port 46267] WARN  om.OzoneManager (OzoneManager.java:checkAcls(2498)) - User runner doesn't have READ permission to access volume Volume:volume81718 
2023-01-27 20:43:01,412 | ERROR | OMAudit | user=runner | ip=127.0.0.1 | op=READ_VOLUME {volume=volume81718} | ret=FAILURE | PERMISSION_DENIED org.apache.hadoop.ozone.om.exceptions.OMException: User runner doesn't have READ permission to access volume Volume:volume81718 
	at org.apache.hadoop.ozone.om.OzoneManager.checkAcls(OzoneManager.java:2501)
	at org.apache.hadoop.ozone.om.OzoneManager.checkAcls(OzoneManager.java:2476) 
]]></system-out>
  </testcase>
  <testcase name="testCreateBucketPermissionDenied" classname="org.apache.hadoop.ozone.om.TestOmAcls" time="0.035">
    <system-out><![CDATA[2023-01-27 20:43:01,426 | INFO  | OMAudit | user=runner | ip=127.0.0.1 | op=GET_SERVICE_LIST {} | ret=SUCCESS |  
2023-01-27 20:43:01,443 [Time-limited test] INFO  rpc.RpcClient (RpcClient.java:createVolume(474)) - Creating Volume: volume90236, with user13494 as owner and space quota set to -1 bytes, counts quota set to -1
2023-01-27 20:43:01,446 | INFO  | OMAudit | user=runner | ip=127.0.0.1 | op=CREATE_VOLUME {admin=admin30724, owner=user13494, volume=volume90236, creationTime=1674852181444, modificationTime=1674852181444, quotaInBytes=-1, quotaInNamespace=-1, usedNamespace=0, objectID=-9223372036854774016, updateID=7} | ret=SUCCESS |  
2023-01-27 20:43:01,447 [OM StateMachine ApplyTransaction Thread - 0] INFO  volume.OMVolumeCreateRequest (OMVolumeCreateRequest.java:validateAndUpdateCache(195)) - created volume:volume90236 for user:user13494
2023-01-27 20:43:01,449 | INFO  | OMAudit | user=runner | ip=127.0.0.1 | op=READ_VOLUME {volume=volume90236} | ret=SUCCESS |  
2023-01-27 20:43:01,450 [Time-limited test] INFO  rpc.RpcClient (RpcClient.java:createBucket(693)) - Creating Bucket: volume90236/bucket11215, with bucket layout LEGACY, runner as owner, Versioning false, Storage Type set to DISK and Encryption set to false 
2023-01-27 20:43:01,453 [OM StateMachine ApplyTransaction Thread - 0] WARN  om.OzoneManager (OzoneManager.java:checkAcls(2498)) - User runner doesn't have CREATE permission to access bucket Volume:volume90236 Bucket:bucket11215 
2023-01-27 20:43:01,453 | ERROR | OMAudit | user=runner | ip=127.0.0.1 | op=CREATE_BUCKET {volume=volume90236, bucket=bucket11215, bucketLayout=LEGACY, gdprEnabled=null, acls=[user:runner:a[ACCESS], group:docker:a[ACCESS], group:adm:a[ACCESS], group:systemd-journal:a[ACCESS]], isVersionEnabled=false, storageType=DISK, creationTime=1674852181451, bucketEncryptionKey=null, modificationTime=1674852181451, usedBytes=0, usedNamespace=0} | ret=FAILURE | PERMISSION_DENIED org.apache.hadoop.ozone.om.exceptions.OMException: User runner doesn't have CREATE permission to access bucket Volume:volume90236 Bucket:bucket11215 
	at org.apache.hadoop.ozone.om.OzoneManager.checkAcls(OzoneManager.java:2501)
	at org.apache.hadoop.ozone.om.OzoneManager.checkAcls(OzoneManager.java:2476) 
2023-01-27 20:43:01,454 [OM StateMachine ApplyTransaction Thread - 0] ERROR bucket.OMBucketCreateRequest (OMBucketCreateRequest.java:validateAndUpdateCache(275)) - Bucket creation failed for bucket:bucket11215 in volume:volume90236
PERMISSION_DENIED org.apache.hadoop.ozone.om.exceptions.OMException: User runner doesn't have CREATE permission to access bucket Volume:volume90236 Bucket:bucket11215 
	at org.apache.hadoop.ozone.om.OzoneManager.checkAcls(OzoneManager.java:2501)
	at org.apache.hadoop.ozone.om.OzoneManager.checkAcls(OzoneManager.java:2476)
	at org.apache.hadoop.ozone.om.OzoneAclUtils.checkAllAcls(OzoneAclUtils.java:128)
	at org.apache.hadoop.ozone.om.request.OMClientRequest.checkAcls(OMClientRequest.java:360)
	at org.apache.hadoop.ozone.om.request.OMClientRequest.checkAcls(OMClientRequest.java:215)
	at org.apache.hadoop.ozone.om.request.bucket.OMBucketCreateRequest.validateAndUpdateCache(OMBucketCreateRequest.java:186)
	at org.apache.hadoop.ozone.protocolPB.OzoneManagerRequestHandler.handleWriteRequest(OzoneManagerRequestHandler.java:317)
	at org.apache.hadoop.ozone.om.ratis.OzoneManagerStateMachine.runCommand(OzoneManagerStateMachine.java:533)
	at org.apache.hadoop.ozone.om.ratis.OzoneManagerStateMachine.lambda$1(OzoneManagerStateMachine.java:324)
	at java.util.concurrent.CompletableFuture$AsyncSupply.run(CompletableFuture.java:1604)
	at java.util.concurrent.ThreadPoolExecutor.runWorker(ThreadPoolExecutor.java:1149)
	at java.util.concurrent.ThreadPoolExecutor$Worker.run(ThreadPoolExecutor.java:624)
	at java.lang.Thread.run(Thread.java:750)
]]></system-out>
  </testcase>
  <testcase name="testSetACLPermissionDenied" classname="org.apache.hadoop.ozone.om.TestOmAcls" time="0.062">
    <system-out><![CDATA[2023-01-27 20:43:01,470 | INFO  | OMAudit | user=runner | ip=127.0.0.1 | op=GET_SERVICE_LIST {} | ret=SUCCESS |  
2023-01-27 20:43:01,471 | INFO  | SCMAudit | user=runner | ip=10.1.1.6 | op=SEND_HEARTBEAT {datanodeUUID=761e2a81-3cf7-455e-896f-a019e5a4e3df, term=-1, command=[]} | ret=SUCCESS |  
2023-01-27 20:43:01,485 [Time-limited test] INFO  rpc.RpcClient (RpcClient.java:createVolume(474)) - Creating Volume: volume95694, with user30485 as owner and space quota set to -1 bytes, counts quota set to -1
2023-01-27 20:43:01,490 | INFO  | OMAudit | user=runner | ip=127.0.0.1 | op=CREATE_VOLUME {admin=admin30856, owner=user30485, volume=volume95694, creationTime=1674852181486, modificationTime=1674852181486, quotaInBytes=-1, quotaInNamespace=-1, usedNamespace=0, objectID=-9223372036854772992, updateID=11} | ret=SUCCESS |  
2023-01-27 20:43:01,490 [OM StateMachine ApplyTransaction Thread - 0] INFO  volume.OMVolumeCreateRequest (OMVolumeCreateRequest.java:validateAndUpdateCache(195)) - created volume:volume95694 for user:user30485
2023-01-27 20:43:01,493 | INFO  | OMAudit | user=runner | ip=127.0.0.1 | op=READ_VOLUME {volume=volume95694} | ret=SUCCESS |  
2023-01-27 20:43:01,494 [Time-limited test] INFO  rpc.RpcClient (RpcClient.java:createBucket(693)) - Creating Bucket: volume95694/bucket88464, with bucket layout LEGACY, runner as owner, Versioning false, Storage Type set to DISK and Encryption set to false 
2023-01-27 20:43:01,497 | INFO  | OMAudit | user=runner | ip=127.0.0.1 | op=CREATE_BUCKET {volume=volume95694, bucket=bucket88464, bucketLayout=LEGACY, gdprEnabled=null, acls=[user:runner:a[ACCESS], group:docker:a[ACCESS], group:adm:a[ACCESS], group:systemd-journal:a[ACCESS]], isVersionEnabled=false, storageType=DISK, creationTime=1674852181495, bucketEncryptionKey=null, modificationTime=1674852181495, usedBytes=0, usedNamespace=0} | ret=SUCCESS |  
2023-01-27 20:43:01,497 [OM StateMachine ApplyTransaction Thread - 0] INFO  bucket.OMBucketCreateRequest (OMBucketCreateRequest.java:validateAndUpdateCache(263)) - created bucket: bucket88464 of layout LEGACY in volume: volume95694
2023-01-27 20:43:01,502 | INFO  | OMAudit | user=runner | ip=127.0.0.1 | op=READ_BUCKET {volume=volume95694, bucket=bucket88464} | ret=SUCCESS |  
2023-01-27 20:43:01,515 [OM StateMachine ApplyTransaction Thread - 0] WARN  om.OzoneManager (OzoneManager.java:checkAcls(2498)) - User runner doesn't have WRITE_ACL permission to access bucket Volume:volume95694 Bucket:bucket88464 
2023-01-27 20:43:01,515 | ERROR | OMAudit | user=runner | ip=127.0.0.1 | op=SET_ACL {resourceType=bucket, storageType=ozone, volume=volume95694, bucket=bucket88464, key=null, acl=[]} | ret=FAILURE | PERMISSION_DENIED org.apache.hadoop.ozone.om.exceptions.OMException: User runner doesn't have WRITE_ACL permission to access bucket Volume:volume95694 Bucket:bucket88464 
	at org.apache.hadoop.ozone.om.OzoneManager.checkAcls(OzoneManager.java:2501)
	at org.apache.hadoop.ozone.om.OzoneManager.checkAcls(OzoneManager.java:2476) 
2023-01-27 20:43:01,516 [OM StateMachine ApplyTransaction Thread - 0] ERROR acl.OMBucketSetAclRequest (OMBucketSetAclRequest.java:onComplete(136)) - Set acl [] for path /volume95694/bucket88464 failed!
PERMISSION_DENIED org.apache.hadoop.ozone.om.exceptions.OMException: User runner doesn't have WRITE_ACL permission to access bucket Volume:volume95694 Bucket:bucket88464 
	at org.apache.hadoop.ozone.om.OzoneManager.checkAcls(OzoneManager.java:2501)
	at org.apache.hadoop.ozone.om.OzoneManager.checkAcls(OzoneManager.java:2476)
	at org.apache.hadoop.ozone.om.OzoneAclUtils.checkAllAcls(OzoneAclUtils.java:128)
	at org.apache.hadoop.ozone.om.request.OMClientRequest.checkAcls(OMClientRequest.java:360)
	at org.apache.hadoop.ozone.om.request.OMClientRequest.checkAcls(OMClientRequest.java:215)
	at org.apache.hadoop.ozone.om.request.bucket.acl.OMBucketAclRequest.validateAndUpdateCache(OMBucketAclRequest.java:98)
	at org.apache.hadoop.ozone.om.request.bucket.acl.OMBucketSetAclRequest.validateAndUpdateCache(OMBucketSetAclRequest.java:146)
	at org.apache.hadoop.ozone.protocolPB.OzoneManagerRequestHandler.handleWriteRequest(OzoneManagerRequestHandler.java:317)
	at org.apache.hadoop.ozone.om.ratis.OzoneManagerStateMachine.runCommand(OzoneManagerStateMachine.java:533)
	at org.apache.hadoop.ozone.om.ratis.OzoneManagerStateMachine.lambda$1(OzoneManagerStateMachine.java:324)
	at java.util.concurrent.CompletableFuture$AsyncSupply.run(CompletableFuture.java:1604)
	at java.util.concurrent.ThreadPoolExecutor.runWorker(ThreadPoolExecutor.java:1149)
	at java.util.concurrent.ThreadPoolExecutor$Worker.run(ThreadPoolExecutor.java:624)
	at java.lang.Thread.run(Thread.java:750)
]]></system-out>
  </testcase>
  <testcase name="testReadBucketPermissionDenied" classname="org.apache.hadoop.ozone.om.TestOmAcls" time="0.049">
    <system-out><![CDATA[2023-01-27 20:43:01,523 | INFO  | OMAudit | user=runner | ip=127.0.0.1 | op=GET_SERVICE_LIST {} | ret=SUCCESS |  
2023-01-27 20:43:01,536 [Time-limited test] INFO  rpc.RpcClient (RpcClient.java:createVolume(474)) - Creating Volume: volume36411, with user99011 as owner and space quota set to -1 bytes, counts quota set to -1
2023-01-27 20:43:01,541 | INFO  | OMAudit | user=runner | ip=127.0.0.1 | op=CREATE_VOLUME {admin=admin09186, owner=user99011, volume=volume36411, creationTime=1674852181537, modificationTime=1674852181537, quotaInBytes=-1, quotaInNamespace=-1, usedNamespace=0, objectID=-9223372036854771456, updateID=17} | ret=SUCCESS |  
2023-01-27 20:43:01,541 [OM StateMachine ApplyTransaction Thread - 0] INFO  volume.OMVolumeCreateRequest (OMVolumeCreateRequest.java:validateAndUpdateCache(195)) - created volume:volume36411 for user:user99011
2023-01-27 20:43:01,544 | INFO  | OMAudit | user=runner | ip=127.0.0.1 | op=READ_VOLUME {volume=volume36411} | ret=SUCCESS |  
2023-01-27 20:43:01,545 [Time-limited test] INFO  rpc.RpcClient (RpcClient.java:createBucket(693)) - Creating Bucket: volume36411/bucket37445, with bucket layout LEGACY, runner as owner, Versioning false, Storage Type set to DISK and Encryption set to false 
2023-01-27 20:43:01,548 | INFO  | OMAudit | user=runner | ip=127.0.0.1 | op=CREATE_BUCKET {volume=volume36411, bucket=bucket37445, bucketLayout=LEGACY, gdprEnabled=null, acls=[user:runner:a[ACCESS], group:docker:a[ACCESS], group:adm:a[ACCESS], group:systemd-journal:a[ACCESS]], isVersionEnabled=false, storageType=DISK, creationTime=1674852181546, bucketEncryptionKey=null, modificationTime=1674852181546, usedBytes=0, usedNamespace=0} | ret=SUCCESS |  
2023-01-27 20:43:01,548 [OM StateMachine ApplyTransaction Thread - 0] INFO  bucket.OMBucketCreateRequest (OMBucketCreateRequest.java:validateAndUpdateCache(263)) - created bucket: bucket37445 of layout LEGACY in volume: volume36411
2023-01-27 20:43:01,550 | INFO  | OMAudit | user=runner | ip=127.0.0.1 | op=READ_BUCKET {volume=volume36411, bucket=bucket37445} | ret=SUCCESS |  
2023-01-27 20:43:01,561 | INFO  | OMAudit | user=runner | ip=127.0.0.1 | op=GET_SERVICE_LIST {} | ret=SUCCESS |  
2023-01-27 20:43:01,564 | INFO  | OMAudit | user=runner | ip=127.0.0.1 | op=READ_VOLUME {volume=volume36411} | ret=SUCCESS |  
2023-01-27 20:43:01,566 [IPC Server handler 8 on default port 46267] WARN  om.OzoneManager (OzoneManager.java:checkAcls(2498)) - User runner doesn't have READ permission to access bucket Volume:volume36411 Bucket:bucket37445 
2023-01-27 20:43:01,566 | ERROR | OMAudit | user=runner | ip=127.0.0.1 | op=READ_BUCKET {volume=volume36411, bucket=bucket37445} | ret=FAILURE | PERMISSION_DENIED org.apache.hadoop.ozone.om.exceptions.OMException: User runner doesn't have READ permission to access bucket Volume:volume36411 Bucket:bucket37445 
	at org.apache.hadoop.ozone.om.OzoneManager.checkAcls(OzoneManager.java:2501)
	at org.apache.hadoop.ozone.om.OzoneManager.checkAcls(OzoneManager.java:2476) 
]]></system-out>
  </testcase>
  <testcase name="testReadKeyPermissionDenied" classname="org.apache.hadoop.ozone.om.TestOmAcls" time="0.464">
    <system-out><![CDATA[2023-01-27 20:43:01,578 | INFO  | OMAudit | user=runner | ip=127.0.0.1 | op=GET_SERVICE_LIST {} | ret=SUCCESS |  
2023-01-27 20:43:01,593 [Time-limited test] INFO  rpc.RpcClient (RpcClient.java:createVolume(474)) - Creating Volume: volume17056, with user72357 as owner and space quota set to -1 bytes, counts quota set to -1
2023-01-27 20:43:01,596 | INFO  | OMAudit | user=runner | ip=127.0.0.1 | op=CREATE_VOLUME {admin=admin15617, owner=user72357, volume=volume17056, creationTime=1674852181593, modificationTime=1674852181593, quotaInBytes=-1, quotaInNamespace=-1, usedNamespace=0, objectID=-9223372036854770432, updateID=21} | ret=SUCCESS |  
2023-01-27 20:43:01,596 [OM StateMachine ApplyTransaction Thread - 0] INFO  volume.OMVolumeCreateRequest (OMVolumeCreateRequest.java:validateAndUpdateCache(195)) - created volume:volume17056 for user:user72357
2023-01-27 20:43:01,599 | INFO  | OMAudit | user=runner | ip=127.0.0.1 | op=READ_VOLUME {volume=volume17056} | ret=SUCCESS |  
2023-01-27 20:43:01,600 [Time-limited test] INFO  rpc.RpcClient (RpcClient.java:createBucket(693)) - Creating Bucket: volume17056/bucket58581, with bucket layout LEGACY, runner as owner, Versioning false, Storage Type set to DISK and Encryption set to false 
2023-01-27 20:43:01,603 | INFO  | OMAudit | user=runner | ip=127.0.0.1 | op=CREATE_BUCKET {volume=volume17056, bucket=bucket58581, bucketLayout=LEGACY, gdprEnabled=null, acls=[user:runner:a[ACCESS], group:docker:a[ACCESS], group:adm:a[ACCESS], group:systemd-journal:a[ACCESS]], isVersionEnabled=false, storageType=DISK, creationTime=1674852181601, bucketEncryptionKey=null, modificationTime=1674852181601, usedBytes=0, usedNamespace=0} | ret=SUCCESS |  
2023-01-27 20:43:01,603 [OM StateMachine ApplyTransaction Thread - 0] INFO  bucket.OMBucketCreateRequest (OMBucketCreateRequest.java:validateAndUpdateCache(263)) - created bucket: bucket58581 of layout LEGACY in volume: volume17056
2023-01-27 20:43:01,608 | INFO  | OMAudit | user=runner | ip=127.0.0.1 | op=READ_BUCKET {volume=volume17056, bucket=bucket58581} | ret=SUCCESS |  
2023-01-27 20:43:01,616 | INFO  | SCMAudit | user=runner | ip=10.1.1.6 | op=SEND_HEARTBEAT {datanodeUUID=9447c40a-1705-47c5-a812-fa9699ec0ab2, term=-1, command=[]} | ret=SUCCESS |  
2023-01-27 20:43:01,637 | INFO  | OMAudit | user=runner | ip=127.0.0.1 | op=READ_BUCKET {volume=volume17056, bucket=bucket58581} | ret=SUCCESS |  
2023-01-27 20:43:01,654 [IPC Server handler 16 on default port 35815] INFO  ha.SequenceIdGenerator (SequenceIdGenerator.java:getNextId(128)) - Allocate a batch for containerId, change lastId from 0 to 1000.
2023-01-27 20:43:01,664 [IPC Server handler 16 on default port 35815] WARN  ha.SequenceIdGenerator (SequenceIdGenerator.java:allocateBatch(237)) - Failed to allocate a batch for localId, expected lastId is 0, actual lastId is 111677748019200000.
2023-01-27 20:43:01,664 [IPC Server handler 16 on default port 35815] INFO  ha.SequenceIdGenerator (SequenceIdGenerator.java:getNextId(128)) - Allocate a batch for localId, change lastId from 111677748019200000 to 111677748019201000.
2023-01-27 20:43:01,666 | INFO  | SCMAudit | user=runner | ip=10.1.1.6 | op=ALLOCATE_BLOCK {replication=RATIS/ONE, owner=om1, size=4194304, num=1} | ret=SUCCESS |  
2023-01-27 20:43:01,707 | INFO  | OMAudit | user=runner | ip=127.0.0.1 | op=ALLOCATE_KEY {volume=volume17056, bucket=bucket58581, key=testKey, dataSize=11, replicationType=RATIS, replicationFactor=ONE} | ret=SUCCESS |  
2023-01-27 20:43:01,747 [Time-limited test] INFO  impl.MetricsSystemImpl (MetricsSystemImpl.java:init(158)) - XceiverClientMetrics metrics system started (again)
2023-01-27 20:43:01,920 | INFO  | SCMAudit | user=runner | ip=10.1.1.6 | op=SEND_HEARTBEAT {datanodeUUID=79ace3de-40f8-4333-9712-129ecf4cb056, term=-1, command=[]} | ret=SUCCESS |  
2023-01-27 20:43:02,024 | INFO  | OMAudit | user=runner | ip=127.0.0.1 | op=COMMIT_KEY {volume=volume17056, bucket=bucket58581, key=testKey, dataSize=11, replicationType=RATIS, replicationFactor=ONE} | ret=SUCCESS |  
2023-01-27 20:43:02,030 [IPC Server handler 3 on default port 46267] WARN  om.OzoneManager (OzoneManager.java:checkAcls(2498)) - User runner doesn't have READ permission to access key Volume:volume17056 Bucket:bucket58581 Key:testKey
2023-01-27 20:43:02,030 | ERROR | OMAudit | user=runner | ip=127.0.0.1 | op=READ_KEY {volume=volume17056, bucket=bucket58581, key=testKey, dataSize=0, replicationConfig=null} | ret=FAILURE | PERMISSION_DENIED org.apache.hadoop.ozone.om.exceptions.OMException: User runner doesn't have READ permission to access key Volume:volume17056 Bucket:bucket58581 Key:testKey
	at org.apache.hadoop.ozone.om.OzoneManager.checkAcls(OzoneManager.java:2501)
	at org.apache.hadoop.ozone.om.OzoneManager.checkAcls(OzoneManager.java:2476) 
]]></system-out>
  </testcase>
  <testcase name="testCreateKeyPermissionDenied" classname="org.apache.hadoop.ozone.om.TestOmAcls" time="0.072">
    <system-out><![CDATA[2023-01-27 20:43:02,063 | INFO  | OMAudit | user=runner | ip=127.0.0.1 | op=GET_SERVICE_LIST {} | ret=SUCCESS |  
2023-01-27 20:43:02,078 [Time-limited test] INFO  rpc.RpcClient (RpcClient.java:createVolume(474)) - Creating Volume: volume35410, with user41516 as owner and space quota set to -1 bytes, counts quota set to -1
2023-01-27 20:43:02,084 | INFO  | OMAudit | user=runner | ip=127.0.0.1 | op=CREATE_VOLUME {admin=admin84486, owner=user41516, volume=volume35410, creationTime=1674852182080, modificationTime=1674852182080, quotaInBytes=-1, quotaInNamespace=-1, usedNamespace=0, objectID=-9223372036854768384, updateID=29} | ret=SUCCESS |  
2023-01-27 20:43:02,084 [OM StateMachine ApplyTransaction Thread - 0] INFO  volume.OMVolumeCreateRequest (OMVolumeCreateRequest.java:validateAndUpdateCache(195)) - created volume:volume35410 for user:user41516
2023-01-27 20:43:02,087 | INFO  | OMAudit | user=runner | ip=127.0.0.1 | op=READ_VOLUME {volume=volume35410} | ret=SUCCESS |  
2023-01-27 20:43:02,088 [Time-limited test] INFO  rpc.RpcClient (RpcClient.java:createBucket(693)) - Creating Bucket: volume35410/bucket43491, with bucket layout LEGACY, runner as owner, Versioning false, Storage Type set to DISK and Encryption set to false 
2023-01-27 20:43:02,092 | INFO  | OMAudit | user=runner | ip=127.0.0.1 | op=CREATE_BUCKET {volume=volume35410, bucket=bucket43491, bucketLayout=LEGACY, gdprEnabled=null, acls=[user:runner:a[ACCESS], group:docker:a[ACCESS], group:adm:a[ACCESS], group:systemd-journal:a[ACCESS]], isVersionEnabled=false, storageType=DISK, creationTime=1674852182089, bucketEncryptionKey=null, modificationTime=1674852182089, usedBytes=0, usedNamespace=0} | ret=SUCCESS |  
2023-01-27 20:43:02,092 [OM StateMachine ApplyTransaction Thread - 0] INFO  bucket.OMBucketCreateRequest (OMBucketCreateRequest.java:validateAndUpdateCache(263)) - created bucket: bucket43491 of layout LEGACY in volume: volume35410
2023-01-27 20:43:02,094 | INFO  | OMAudit | user=runner | ip=127.0.0.1 | op=READ_BUCKET {volume=volume35410, bucket=bucket43491} | ret=SUCCESS |  
2023-01-27 20:43:02,097 | INFO  | OMAudit | user=runner | ip=127.0.0.1 | op=READ_BUCKET {volume=volume35410, bucket=bucket43491} | ret=SUCCESS |  
2023-01-27 20:43:02,099 | INFO  | SCMAudit | user=runner | ip=10.1.1.6 | op=ALLOCATE_BLOCK {replication=RATIS/ONE, owner=om1, size=4194304, num=1} | ret=SUCCESS |  
2023-01-27 20:43:02,102 [OM StateMachine ApplyTransaction Thread - 0] WARN  om.OzoneManager (OzoneManager.java:checkAcls(2498)) - User runner doesn't have CREATE permission to access key Volume:volume35410 Bucket:bucket43491 Key:testKey
2023-01-27 20:43:02,102 | ERROR | OMAudit | user=runner | ip=127.0.0.1 | op=ALLOCATE_KEY {volume=volume35410, bucket=bucket43491, key=testKey, dataSize=11, replicationType=RATIS, replicationFactor=ONE} | ret=FAILURE | PERMISSION_DENIED org.apache.hadoop.ozone.om.exceptions.OMException: User runner doesn't have CREATE permission to access key Volume:volume35410 Bucket:bucket43491 Key:testKey
	at org.apache.hadoop.ozone.om.OzoneManager.checkAcls(OzoneManager.java:2501)
	at org.apache.hadoop.ozone.om.OzoneManager.checkAcls(OzoneManager.java:2476) 
2023-01-27 20:43:02,103 [OM StateMachine ApplyTransaction Thread - 0] ERROR key.OMKeyCreateRequest (OMKeyCreateRequest.java:logResult(383)) - Key creation failed. Volume:volume35410, Bucket:bucket43491, Key:testKey. 
PERMISSION_DENIED org.apache.hadoop.ozone.om.exceptions.OMException: User runner doesn't have CREATE permission to access key Volume:volume35410 Bucket:bucket43491 Key:testKey
	at org.apache.hadoop.ozone.om.OzoneManager.checkAcls(OzoneManager.java:2501)
	at org.apache.hadoop.ozone.om.OzoneManager.checkAcls(OzoneManager.java:2476)
	at org.apache.hadoop.ozone.om.OzoneAclUtils.checkAllAcls(OzoneAclUtils.java:128)
	at org.apache.hadoop.ozone.om.request.OMClientRequest.checkAcls(OMClientRequest.java:360)
	at org.apache.hadoop.ozone.om.request.OMClientRequest.checkAcls(OMClientRequest.java:215)
	at org.apache.hadoop.ozone.om.request.key.OMKeyRequest.checkKeyAcls(OMKeyRequest.java:342)
	at org.apache.hadoop.ozone.om.request.key.OMKeyCreateRequest.validateAndUpdateCache(OMKeyCreateRequest.java:221)
	at org.apache.hadoop.ozone.protocolPB.OzoneManagerRequestHandler.handleWriteRequest(OzoneManagerRequestHandler.java:317)
	at org.apache.hadoop.ozone.om.ratis.OzoneManagerStateMachine.runCommand(OzoneManagerStateMachine.java:533)
	at org.apache.hadoop.ozone.om.ratis.OzoneManagerStateMachine.lambda$1(OzoneManagerStateMachine.java:324)
	at java.util.concurrent.CompletableFuture$AsyncSupply.run(CompletableFuture.java:1604)
	at java.util.concurrent.ThreadPoolExecutor.runWorker(ThreadPoolExecutor.java:1149)
	at java.util.concurrent.ThreadPoolExecutor$Worker.run(ThreadPoolExecutor.java:624)
	at java.lang.Thread.run(Thread.java:750)
]]></system-out>
  </testcase>
</testsuite>