<?xml version="1.0" encoding="UTF-8"?>
<testsuite xmlns:xsi="http://www.w3.org/2001/XMLSchema-instance" xsi:noNamespaceSchemaLocation="https://maven.apache.org/surefire/maven-surefire-plugin/xsd/surefire-test-report.xsd" name="org.apache.hadoop.ozone.TestMiniOzoneCluster" time="229.71" tests="5" errors="1" skipped="0" failures="0">
  <properties>
    <property name="awt.toolkit" value="sun.awt.X11.XToolkit"/>
    <property name="file.encoding.pkg" value="sun.io"/>
    <property name="java.specification.version" value="1.8"/>
    <property name="sun.cpu.isalist" value=""/>
    <property name="sun.jnu.encoding" value="UTF-8"/>
    <property name="java.class.path" value="/home/runner/work/ozone/ozone/hadoop-ozone/integration-test/target/test-classes:/home/runner/work/ozone/ozone/hadoop-ozone/integration-test/target/classes:/home/runner/.m2/repository/org/apache/ozone/ozone-common/1.3.0-SNAPSHOT/ozone-common-1.3.0-SNAPSHOT.jar:/home/runner/.m2/repository/org/apache/commons/commons-compress/1.21/commons-compress-1.21.jar:/home/runner/.m2/repository/org/apache/ozone/hdds-common/1.3.0-SNAPSHOT/hdds-common-1.3.0-SNAPSHOT.jar:/home/runner/.m2/repository/org/apache/ozone/hdds-client/1.3.0-SNAPSHOT/hdds-client-1.3.0-SNAPSHOT.jar:/home/runner/.m2/repository/org/apache/ozone/ozone-interface-client/1.3.0-SNAPSHOT/ozone-interface-client-1.3.0-SNAPSHOT.jar:/home/runner/.m2/repository/org/apache/ozone/hdds-test-utils/1.3.0-SNAPSHOT/hdds-test-utils-1.3.0-SNAPSHOT.jar:/home/runner/.m2/repository/com/google/guava/guava/30.1.1-jre/guava-30.1.1-jre.jar:/home/runner/.m2/repository/com/google/guava/failureaccess/1.0.1/failureaccess-1.0.1.jar:/home/runner/.m2/repository/com/google/guava/listenablefuture/9999.0-empty-to-avoid-conflict-with-guava/listenablefuture-9999.0-empty-to-avoid-conflict-with-guava.jar:/home/runner/.m2/repository/com/google/code/findbugs/jsr305/3.0.0/jsr305-3.0.0.jar:/home/runner/.m2/repository/org/checkerframework/checker-qual/3.8.0/checker-qual-3.8.0.jar:/home/runner/.m2/repository/com/google/errorprone/error_prone_annotations/2.2.0/error_prone_annotations-2.2.0.jar:/home/runner/.m2/repository/com/google/j2objc/j2objc-annotations/1.3/j2objc-annotations-1.3.jar:/home/runner/.m2/repository/commons-io/commons-io/2.11.0/commons-io-2.11.0.jar:/home/runner/.m2/repository/commons-logging/commons-logging/1.2/commons-logging-1.2.jar:/home/runner/.m2/repository/log4j/log4j/1.2.17/log4j-1.2.17.jar:/home/runner/.m2/repository/org/slf4j/slf4j-api/1.7.30/slf4j-api-1.7.30.jar:/home/runner/.m2/repository/org/apache/ozone/hdds-server-scm/1.3.0-SNAPSHOT/hdds-server-scm-1.3.0-SNAPSHOT.jar:/home/runner/.m2/repository/org/apache/ozone/hdds-container-service/1.3.0-SNAPSHOT/hdds-container-service-1.3.0-SNAPSHOT.jar:/home/runner/.m2/repository/org/apache/ozone/hdds-hadoop-dependency-server/1.3.0-SNAPSHOT/hdds-hadoop-dependency-server-1.3.0-SNAPSHOT.jar:/home/runner/.m2/repository/org/apache/hadoop/hadoop-hdfs/3.3.1/hadoop-hdfs-3.3.1.jar:/home/runner/.m2/repository/org/apache/ozone/hdds-server-framework/1.3.0-SNAPSHOT/hdds-server-framework-1.3.0-SNAPSHOT.jar:/home/runner/.m2/repository/org/apache/ozone/hdds-interface-server/1.3.0-SNAPSHOT/hdds-interface-server-1.3.0-SNAPSHOT.jar:/home/runner/.m2/repository/org/apache/logging/log4j/log4j-core/2.17.1/log4j-core-2.17.1.jar:/home/runner/.m2/repository/com/lmax/disruptor/3.4.2/disruptor-3.4.2.jar:/home/runner/.m2/repository/org/eclipse/jetty/jetty-servlet/9.4.43.v20210629/jetty-servlet-9.4.43.v20210629.jar:/home/runner/.m2/repository/org/eclipse/jetty/jetty-security/9.4.43.v20210629/jetty-security-9.4.43.v20210629.jar:/home/runner/.m2/repository/org/rocksdb/rocksdbjni/6.25.3/rocksdbjni-6.25.3.jar:/home/runner/.m2/repository/io/prometheus/simpleclient_dropwizard/0.7.0/simpleclient_dropwizard-0.7.0.jar:/home/runner/.m2/repository/io/prometheus/simpleclient/0.7.0/simpleclient-0.7.0.jar:/home/runner/.m2/repository/io/prometheus/simpleclient_common/0.7.0/simpleclient_common-0.7.0.jar:/home/runner/.m2/repository/com/fasterxml/jackson/datatype/jackson-datatype-jsr310/2.12.1/jackson-datatype-jsr310-2.12.1.jar:/home/runner/.m2/repository/io/dropwizard/metrics/metrics-core/3.2.4/metrics-core-3.2.4.jar:/home/runner/.m2/repository/org/apache/hadoop/hadoop-hdfs-client/3.3.1/hadoop-hdfs-client-3.3.1.jar:/home/runner/.m2/repository/org/bouncycastle/bcprov-jdk15on/1.67/bcprov-jdk15on-1.67.jar:/home/runner/.m2/repository/com/google/protobuf/protobuf-java/2.5.0/protobuf-java-2.5.0.jar:/home/runner/.m2/repository/org/apache/ozone/ozone-manager/1.3.0-SNAPSHOT/ozone-manager-1.3.0-SNAPSHOT.jar:/home/runner/.m2/repository/org/aspectj/aspectjrt/1.9.7/aspectjrt-1.9.7.jar:/home/runner/.m2/repository/org/aspectj/aspectjweaver/1.9.7/aspectjweaver-1.9.7.jar:/home/runner/.m2/repository/org/apache/ozone/hdds-interface-client/1.3.0-SNAPSHOT/hdds-interface-client-1.3.0-SNAPSHOT.jar:/home/runner/.m2/repository/org/apache/hadoop/thirdparty/hadoop-shaded-protobuf_3_7/1.1.1/hadoop-shaded-protobuf_3_7-1.1.1.jar:/home/runner/.m2/repository/org/apache/ozone/ozone-interface-storage/1.3.0-SNAPSHOT/ozone-interface-storage-1.3.0-SNAPSHOT.jar:/home/runner/.m2/repository/org/reflections/reflections/0.9.11/reflections-0.9.11.jar:/home/runner/.m2/repository/org/apache/hadoop/hadoop-minikdc/3.3.1/hadoop-minikdc-3.3.1.jar:/home/runner/.m2/repository/org/apache/kerby/kerb-simplekdc/1.0.1/kerb-simplekdc-1.0.1.jar:/home/runner/.m2/repository/org/apache/kerby/kerb-client/1.0.1/kerb-client-1.0.1.jar:/home/runner/.m2/repository/org/apache/kerby/kerby-config/1.0.1/kerby-config-1.0.1.jar:/home/runner/.m2/repository/org/apache/kerby/kerb-common/1.0.1/kerb-common-1.0.1.jar:/home/runner/.m2/repository/org/apache/kerby/kerb-crypto/1.0.1/kerb-crypto-1.0.1.jar:/home/runner/.m2/repository/org/apache/kerby/kerb-util/1.0.1/kerb-util-1.0.1.jar:/home/runner/.m2/repository/org/apache/kerby/token-provider/1.0.1/token-provider-1.0.1.jar:/home/runner/.m2/repository/org/apache/kerby/kerb-admin/1.0.1/kerb-admin-1.0.1.jar:/home/runner/.m2/repository/org/apache/kerby/kerb-server/1.0.1/kerb-server-1.0.1.jar:/home/runner/.m2/repository/org/apache/kerby/kerb-identity/1.0.1/kerb-identity-1.0.1.jar:/home/runner/.m2/repository/org/apache/kerby/kerby-xdr/1.0.1/kerby-xdr-1.0.1.jar:/home/runner/.m2/repository/org/slf4j/slf4j-log4j12/1.7.30/slf4j-log4j12-1.7.30.jar:/home/runner/.m2/repository/org/apache/ozone/ozone-s3gateway/1.3.0-SNAPSHOT/ozone-s3gateway-1.3.0-SNAPSHOT.jar:/home/runner/.m2/repository/org/javassist/javassist/3.21.0-GA/javassist-3.21.0-GA.jar:/home/runner/.m2/repository/org/jboss/weld/servlet/weld-servlet/2.4.7.Final/weld-servlet-2.4.7.Final.jar:/home/runner/.m2/repository/org/glassfish/jersey/containers/jersey-container-servlet-core/2.33/jersey-container-servlet-core-2.33.jar:/home/runner/.m2/repository/org/glassfish/hk2/external/jakarta.inject/2.6.1/jakarta.inject-2.6.1.jar:/home/runner/.m2/repository/org/glassfish/jersey/core/jersey-common/2.33/jersey-common-2.33.jar:/home/runner/.m2/repository/jakarta/ws/rs/jakarta.ws.rs-api/2.1.6/jakarta.ws.rs-api-2.1.6.jar:/home/runner/.m2/repository/org/glassfish/jersey/ext/cdi/jersey-cdi1x/2.33/jersey-cdi1x-2.33.jar:/home/runner/.m2/repository/org/glassfish/jersey/inject/jersey-hk2/2.33/jersey-hk2-2.33.jar:/home/runner/.m2/repository/org/glassfish/hk2/hk2-locator/2.6.1/hk2-locator-2.6.1.jar:/home/runner/.m2/repository/org/glassfish/jersey/media/jersey-media-jaxb/2.33/jersey-media-jaxb-2.33.jar:/home/runner/.m2/repository/org/glassfish/hk2/osgi-resource-locator/1.0.3/osgi-resource-locator-1.0.3.jar:/home/runner/.m2/repository/org/glassfish/hk2/hk2-api/2.5.0/hk2-api-2.5.0.jar:/home/runner/.m2/repository/org/glassfish/hk2/hk2-utils/2.5.0/hk2-utils-2.5.0.jar:/home/runner/.m2/repository/org/glassfish/hk2/external/aopalliance-repackaged/2.5.0/aopalliance-repackaged-2.5.0.jar:/home/runner/.m2/repository/com/fasterxml/jackson/dataformat/jackson-dataformat-xml/2.12.1/jackson-dataformat-xml-2.12.1.jar:/home/runner/.m2/repository/com/fasterxml/jackson/core/jackson-core/2.12.1/jackson-core-2.12.1.jar:/home/runner/.m2/repository/com/fasterxml/jackson/module/jackson-module-jaxb-annotations/2.12.1/jackson-module-jaxb-annotations-2.12.1.jar:/home/runner/.m2/repository/jakarta/xml/bind/jakarta.xml.bind-api/2.3.2/jakarta.xml.bind-api-2.3.2.jar:/home/runner/.m2/repository/org/codehaus/woodstox/stax2-api/3.1.4/stax2-api-3.1.4.jar:/home/runner/.m2/repository/com/fasterxml/woodstox/woodstox-core/5.0.3/woodstox-core-5.0.3.jar:/home/runner/.m2/repository/javax/enterprise/cdi-api/1.2/cdi-api-1.2.jar:/home/runner/.m2/repository/javax/el/javax.el-api/3.0.0/javax.el-api-3.0.0.jar:/home/runner/.m2/repository/javax/interceptor/javax.interceptor-api/1.2/javax.interceptor-api-1.2.jar:/home/runner/.m2/repository/javax/inject/javax.inject/1/javax.inject-1.jar:/home/runner/.m2/repository/javax/xml/bind/jaxb-api/2.3.0/jaxb-api-2.3.0.jar:/home/runner/.m2/repository/org/glassfish/jaxb/jaxb-runtime/2.3.0.1/jaxb-runtime-2.3.0.1.jar:/home/runner/.m2/repository/org/glassfish/jaxb/jaxb-core/2.3.0.1/jaxb-core-2.3.0.1.jar:/home/runner/.m2/repository/org/glassfish/jaxb/txw2/2.3.0.1/txw2-2.3.0.1.jar:/home/runner/.m2/repository/com/sun/istack/istack-commons-runtime/3.0.5/istack-commons-runtime-3.0.5.jar:/home/runner/.m2/repository/org/jvnet/staxex/stax-ex/1.7.8/stax-ex-1.7.8.jar:/home/runner/.m2/repository/com/sun/xml/fastinfoset/FastInfoset/1.2.13/FastInfoset-1.2.13.jar:/home/runner/.m2/repository/javax/activation/activation/1.1.1/activation-1.1.1.jar:/home/runner/.m2/repository/org/apache/ozone/ozone-csi/1.3.0-SNAPSHOT/ozone-csi-1.3.0-SNAPSHOT.jar:/home/runner/.m2/repository/com/google/protobuf/protobuf-java-util/3.12.0/protobuf-java-util-3.12.0.jar:/home/runner/.m2/repository/com/google/code/gson/gson/2.2.4/gson-2.2.4.jar:/home/runner/.m2/repository/org/apache/ozone/hdds-config/1.3.0-SNAPSHOT/hdds-config-1.3.0-SNAPSHOT.jar:/home/runner/.m2/repository/io/grpc/grpc-netty/1.33.0/grpc-netty-1.33.0.jar:/home/runner/.m2/repository/io/grpc/grpc-core/1.33.0/grpc-core-1.33.0.jar:/home/runner/.m2/repository/com/google/android/annotations/4.1.1.4/annotations-4.1.1.4.jar:/home/runner/.m2/repository/io/netty/netty-codec-http2/4.1.63.Final/netty-codec-http2-4.1.63.Final.jar:/home/runner/.m2/repository/io/netty/netty-codec-http/4.1.63.Final/netty-codec-http-4.1.63.Final.jar:/home/runner/.m2/repository/io/netty/netty-handler-proxy/4.1.63.Final/netty-handler-proxy-4.1.63.Final.jar:/home/runner/.m2/repository/io/netty/netty-codec-socks/4.1.63.Final/netty-codec-socks-4.1.63.Final.jar:/home/runner/.m2/repository/io/perfmark/perfmark-api/0.19.0/perfmark-api-0.19.0.jar:/home/runner/.m2/repository/org/codehaus/mojo/animal-sniffer-annotations/1.18/animal-sniffer-annotations-1.18.jar:/home/runner/.m2/repository/io/netty/netty-transport-native-epoll/4.1.63.Final/netty-transport-native-epoll-4.1.63.Final.jar:/home/runner/.m2/repository/io/netty/netty-common/4.1.63.Final/netty-common-4.1.63.Final.jar:/home/runner/.m2/repository/io/netty/netty-buffer/4.1.63.Final/netty-buffer-4.1.63.Final.jar:/home/runner/.m2/repository/io/netty/netty-transport-native-unix-common/4.1.63.Final/netty-transport-native-unix-common-4.1.63.Final.jar:/home/runner/.m2/repository/io/grpc/grpc-protobuf/1.33.0/grpc-protobuf-1.33.0.jar:/home/runner/.m2/repository/io/grpc/grpc-api/1.33.0/grpc-api-1.33.0.jar:/home/runner/.m2/repository/io/grpc/grpc-context/1.33.0/grpc-context-1.33.0.jar:/home/runner/.m2/repository/com/google/api/grpc/proto-google-common-protos/1.17.0/proto-google-common-protos-1.17.0.jar:/home/runner/.m2/repository/io/grpc/grpc-protobuf-lite/1.33.0/grpc-protobuf-lite-1.33.0.jar:/home/runner/.m2/repository/io/grpc/grpc-stub/1.33.0/grpc-stub-1.33.0.jar:/home/runner/.m2/repository/org/apache/ozone/ozone-recon/1.3.0-SNAPSHOT/ozone-recon-1.3.0-SNAPSHOT.jar:/home/runner/.m2/repository/org/apache/ozone/ozone-reconcodegen/1.3.0-SNAPSHOT/ozone-reconcodegen-1.3.0-SNAPSHOT.jar:/home/runner/.m2/repository/com/google/inject/extensions/guice-multibindings/4.0/guice-multibindings-4.0.jar:/home/runner/.m2/repository/com/google/inject/guice/4.0/guice-4.0.jar:/home/runner/.m2/repository/aopalliance/aopalliance/1.0/aopalliance-1.0.jar:/home/runner/.m2/repository/com/google/inject/extensions/guice-assistedinject/4.0/guice-assistedinject-4.0.jar:/home/runner/.m2/repository/com/google/inject/extensions/guice-servlet/4.0/guice-servlet-4.0.jar:/home/runner/.m2/repository/org/glassfish/jersey/containers/jersey-container-servlet/2.33/jersey-container-servlet-2.33.jar:/home/runner/.m2/repository/org/glassfish/hk2/guice-bridge/2.5.0/guice-bridge-2.5.0.jar:/home/runner/.m2/repository/org/glassfish/jersey/core/jersey-server/2.33/jersey-server-2.33.jar:/home/runner/.m2/repository/org/glassfish/jersey/core/jersey-client/2.33/jersey-client-2.33.jar:/home/runner/.m2/repository/jakarta/annotation/jakarta.annotation-api/1.3.5/jakarta.annotation-api-1.3.5.jar:/home/runner/.m2/repository/jakarta/validation/jakarta.validation-api/2.0.2/jakarta.validation-api-2.0.2.jar:/home/runner/.m2/repository/org/glassfish/jersey/media/jersey-media-json-jackson/2.33/jersey-media-json-jackson-2.33.jar:/home/runner/.m2/repository/org/glassfish/jersey/ext/jersey-entity-filtering/2.33/jersey-entity-filtering-2.33.jar:/home/runner/.m2/repository/org/jooq/jooq/3.11.10/jooq-3.11.10.jar:/home/runner/.m2/repository/org/jooq/jooq-meta/3.11.10/jooq-meta-3.11.10.jar:/home/runner/.m2/repository/org/jooq/jooq-codegen/3.11.10/jooq-codegen-3.11.10.jar:/home/runner/.m2/repository/com/jolbox/bonecp/0.8.0.RELEASE/bonecp-0.8.0.RELEASE.jar:/home/runner/.m2/repository/org/apache/derby/derby/10.14.2.0/derby-10.14.2.0.jar:/home/runner/.m2/repository/org/xerial/sqlite-jdbc/3.25.2/sqlite-jdbc-3.25.2.jar:/home/runner/.m2/repository/org/springframework/spring-jdbc/5.2.18.RELEASE/spring-jdbc-5.2.18.RELEASE.jar:/home/runner/.m2/repository/org/springframework/spring-beans/5.2.18.RELEASE/spring-beans-5.2.18.RELEASE.jar:/home/runner/.m2/repository/org/springframework/spring-core/5.2.18.RELEASE/spring-core-5.2.18.RELEASE.jar:/home/runner/.m2/repository/org/springframework/spring-jcl/5.2.18.RELEASE/spring-jcl-5.2.18.RELEASE.jar:/home/runner/.m2/repository/org/springframework/spring-tx/5.2.18.RELEASE/spring-tx-5.2.18.RELEASE.jar:/home/runner/.m2/repository/org/apache/ozone/ozone-client/1.3.0-SNAPSHOT/ozone-client-1.3.0-SNAPSHOT.jar:/home/runner/.m2/repository/org/apache/ozone/ozone-filesystem/1.3.0-SNAPSHOT/ozone-filesystem-1.3.0-SNAPSHOT.jar:/home/runner/.m2/repository/org/apache/ozone/ozone-filesystem-common/1.3.0-SNAPSHOT/ozone-filesystem-common-1.3.0-SNAPSHOT.jar:/home/runner/.m2/repository/org/apache/ozone/ozone-tools/1.3.0-SNAPSHOT/ozone-tools-1.3.0-SNAPSHOT.jar:/home/runner/.m2/repository/org/apache/ratis/ratis-tools/2.2.0/ratis-tools-2.2.0.jar:/home/runner/.m2/repository/com/amazonaws/aws-java-sdk-core/1.12.124/aws-java-sdk-core-1.12.124.jar:/home/runner/.m2/repository/org/apache/httpcomponents/httpclient/4.5.13/httpclient-4.5.13.jar:/home/runner/.m2/repository/org/apache/httpcomponents/httpcore/4.4.13/httpcore-4.4.13.jar:/home/runner/.m2/repository/software/amazon/ion/ion-java/1.0.2/ion-java-1.0.2.jar:/home/runner/.m2/repository/com/fasterxml/jackson/dataformat/jackson-dataformat-cbor/2.12.1/jackson-dataformat-cbor-2.12.1.jar:/home/runner/.m2/repository/joda-time/joda-time/2.8.1/joda-time-2.8.1.jar:/home/runner/.m2/repository/com/amazonaws/aws-java-sdk-s3/1.12.124/aws-java-sdk-s3-1.12.124.jar:/home/runner/.m2/repository/com/amazonaws/aws-java-sdk-kms/1.12.124/aws-java-sdk-kms-1.12.124.jar:/home/runner/.m2/repository/com/amazonaws/jmespath-java/1.12.124/jmespath-java-1.12.124.jar:/home/runner/.m2/repository/org/kohsuke/metainf-services/metainf-services/1.8/metainf-services-1.8.jar:/home/runner/.m2/repository/org/apache/ozone/hdds-tools/1.3.0-SNAPSHOT/hdds-tools-1.3.0-SNAPSHOT.jar:/home/runner/.m2/repository/commons-cli/commons-cli/1.2/commons-cli-1.2.jar:/home/runner/.m2/repository/org/apache/commons/commons-lang3/3.7/commons-lang3-3.7.jar:/home/runner/.m2/repository/org/apache/ozone/ozone-manager/1.3.0-SNAPSHOT/ozone-manager-1.3.0-SNAPSHOT-tests.jar:/home/runner/.m2/repository/org/apache/ozone/hdds-common/1.3.0-SNAPSHOT/hdds-common-1.3.0-SNAPSHOT-tests.jar:/home/runner/.m2/repository/org/apache/ozone/hdds-hadoop-dependency-client/1.3.0-SNAPSHOT/hdds-hadoop-dependency-client-1.3.0-SNAPSHOT.jar:/home/runner/.m2/repository/info/picocli/picocli/4.6.1/picocli-4.6.1.jar:/home/runner/.m2/repository/com/fasterxml/jackson/core/jackson-annotations/2.12.1/jackson-annotations-2.12.1.jar:/home/runner/.m2/repository/javax/annotation/javax.annotation-api/1.2/javax.annotation-api-1.2.jar:/home/runner/.m2/repository/org/apache/ratis/ratis-server/2.2.0/ratis-server-2.2.0.jar:/home/runner/.m2/repository/org/apache/ratis/ratis-client/2.2.0/ratis-client-2.2.0.jar:/home/runner/.m2/repository/org/apache/ratis/ratis-server-api/2.2.0/ratis-server-api-2.2.0.jar:/home/runner/.m2/repository/org/apache/ratis/ratis-metrics/2.2.0/ratis-metrics-2.2.0.jar:/home/runner/.m2/repository/org/apache/ratis/ratis-netty/2.2.0/ratis-netty-2.2.0.jar:/home/runner/.m2/repository/org/apache/ratis/ratis-grpc/2.2.0/ratis-grpc-2.2.0.jar:/home/runner/.m2/repository/org/apache/logging/log4j/log4j-api/2.17.1/log4j-api-2.17.1.jar:/home/runner/.m2/repository/org/apache/commons/commons-pool2/2.6.0/commons-pool2-2.6.0.jar:/home/runner/.m2/repository/org/bouncycastle/bcpkix-jdk15on/1.67/bcpkix-jdk15on-1.67.jar:/home/runner/.m2/repository/commons-validator/commons-validator/1.6/commons-validator-1.6.jar:/home/runner/.m2/repository/commons-beanutils/commons-beanutils/1.9.4/commons-beanutils-1.9.4.jar:/home/runner/.m2/repository/commons-digester/commons-digester/1.8.1/commons-digester-1.8.1.jar:/home/runner/.m2/repository/commons-collections/commons-collections/3.2.2/commons-collections-3.2.2.jar:/home/runner/.m2/repository/io/jaegertracing/jaeger-client/1.6.0/jaeger-client-1.6.0.jar:/home/runner/.m2/repository/io/jaegertracing/jaeger-thrift/1.6.0/jaeger-thrift-1.6.0.jar:/home/runner/.m2/repository/org/apache/thrift/libthrift/0.14.1/libthrift-0.14.1.jar:/home/runner/.m2/repository/com/squareup/okhttp3/okhttp/4.9.0/okhttp-4.9.0.jar:/home/runner/.m2/repository/com/squareup/okio/okio/2.8.0/okio-2.8.0.jar:/home/runner/.m2/repository/io/jaegertracing/jaeger-core/1.6.0/jaeger-core-1.6.0.jar:/home/runner/.m2/repository/io/jaegertracing/jaeger-tracerresolver/1.6.0/jaeger-tracerresolver-1.6.0.jar:/home/runner/.m2/repository/io/opentracing/contrib/opentracing-tracerresolver/0.1.8/opentracing-tracerresolver-0.1.8.jar:/home/runner/.m2/repository/org/jetbrains/kotlin/kotlin-stdlib/1.4.31/kotlin-stdlib-1.4.31.jar:/home/runner/.m2/repository/org/jetbrains/kotlin/kotlin-stdlib-common/1.4.31/kotlin-stdlib-common-1.4.31.jar:/home/runner/.m2/repository/org/jetbrains/annotations/13.0/annotations-13.0.jar:/home/runner/.m2/repository/io/opentracing/opentracing-util/0.33.0/opentracing-util-0.33.0.jar:/home/runner/.m2/repository/io/opentracing/opentracing-api/0.33.0/opentracing-api-0.33.0.jar:/home/runner/.m2/repository/io/opentracing/opentracing-noop/0.33.0/opentracing-noop-0.33.0.jar:/home/runner/.m2/repository/org/yaml/snakeyaml/1.26/snakeyaml-1.26.jar:/home/runner/.m2/repository/org/apache/ozone/hdds-interface-admin/1.3.0-SNAPSHOT/hdds-interface-admin-1.3.0-SNAPSHOT.jar:/home/runner/.m2/repository/junit/junit/4.13.1/junit-4.13.1.jar:/home/runner/.m2/repository/org/hamcrest/hamcrest-core/1.3/hamcrest-core-1.3.jar:/home/runner/.m2/repository/org/junit/jupiter/junit-jupiter-api/5.7.0/junit-jupiter-api-5.7.0.jar:/home/runner/.m2/repository/org/apiguardian/apiguardian-api/1.1.0/apiguardian-api-1.1.0.jar:/home/runner/.m2/repository/org/opentest4j/opentest4j/1.2.0/opentest4j-1.2.0.jar:/home/runner/.m2/repository/org/junit/platform/junit-platform-commons/1.7.0/junit-platform-commons-1.7.0.jar:/home/runner/.m2/repository/org/junit/jupiter/junit-jupiter-engine/5.7.0/junit-jupiter-engine-5.7.0.jar:/home/runner/.m2/repository/org/junit/platform/junit-platform-engine/1.7.0/junit-platform-engine-1.7.0.jar:/home/runner/.m2/repository/org/junit/vintage/junit-vintage-engine/5.7.0/junit-vintage-engine-5.7.0.jar:/home/runner/.m2/repository/org/junit/platform/junit-platform-launcher/1.7.0/junit-platform-launcher-1.7.0.jar:/home/runner/.m2/repository/org/mockito/mockito-core/2.28.2/mockito-core-2.28.2.jar:/home/runner/.m2/repository/net/bytebuddy/byte-buddy/1.9.10/byte-buddy-1.9.10.jar:/home/runner/.m2/repository/net/bytebuddy/byte-buddy-agent/1.9.10/byte-buddy-agent-1.9.10.jar:/home/runner/.m2/repository/org/objenesis/objenesis/1.0/objenesis-1.0.jar:/home/runner/.m2/repository/org/apache/hadoop/hadoop-kms/3.3.1/hadoop-kms-3.3.1.jar:/home/runner/.m2/repository/org/apache/hadoop/hadoop-auth/3.3.1/hadoop-auth-3.3.1.jar:/home/runner/.m2/repository/com/nimbusds/nimbus-jose-jwt/7.9/nimbus-jose-jwt-7.9.jar:/home/runner/.m2/repository/com/github/stephenc/jcip/jcip-annotations/1.0-1/jcip-annotations-1.0-1.jar:/home/runner/.m2/repository/net/minidev/json-smart/2.4.7/json-smart-2.4.7.jar:/home/runner/.m2/repository/net/minidev/accessors-smart/2.4.7/accessors-smart-2.4.7.jar:/home/runner/.m2/repository/org/ow2/asm/asm/5.0.4/asm-5.0.4.jar:/home/runner/.m2/repository/org/apache/zookeeper/zookeeper/3.5.6/zookeeper-3.5.6.jar:/home/runner/.m2/repository/org/apache/zookeeper/zookeeper-jute/3.5.6/zookeeper-jute-3.5.6.jar:/home/runner/.m2/repository/org/apache/yetus/audience-annotations/0.5.0/audience-annotations-0.5.0.jar:/home/runner/.m2/repository/org/apache/curator/curator-framework/4.2.0/curator-framework-4.2.0.jar:/home/runner/.m2/repository/org/apache/hadoop/thirdparty/hadoop-shaded-guava/1.1.1/hadoop-shaded-guava-1.1.1.jar:/home/runner/.m2/repository/com/sun/jersey/jersey-core/1.19/jersey-core-1.19.jar:/home/runner/.m2/repository/javax/ws/rs/jsr311-api/1.1.1/jsr311-api-1.1.1.jar:/home/runner/.m2/repository/com/sun/jersey/jersey-server/1.19/jersey-server-1.19.jar:/home/runner/.m2/repository/javax/servlet/javax.servlet-api/3.1.0/javax.servlet-api-3.1.0.jar:/home/runner/.m2/repository/org/eclipse/jetty/jetty-server/9.4.43.v20210629/jetty-server-9.4.43.v20210629.jar:/home/runner/.m2/repository/org/eclipse/jetty/jetty-http/9.4.43.v20210629/jetty-http-9.4.43.v20210629.jar:/home/runner/.m2/repository/org/eclipse/jetty/jetty-io/9.4.43.v20210629/jetty-io-9.4.43.v20210629.jar:/home/runner/.m2/repository/org/eclipse/jetty/jetty-webapp/9.4.43.v20210629/jetty-webapp-9.4.43.v20210629.jar:/home/runner/.m2/repository/org/eclipse/jetty/jetty-xml/9.4.43.v20210629/jetty-xml-9.4.43.v20210629.jar:/home/runner/.m2/repository/org/apache/hadoop/hadoop-common/3.3.1/hadoop-common-3.3.1.jar:/home/runner/.m2/repository/org/apache/commons/commons-math3/3.1.1/commons-math3-3.1.1.jar:/home/runner/.m2/repository/commons-net/commons-net/3.6/commons-net-3.6.jar:/home/runner/.m2/repository/jakarta/activation/jakarta.activation-api/1.2.1/jakarta.activation-api-1.2.1.jar:/home/runner/.m2/repository/com/sun/jersey/jersey-servlet/1.19/jersey-servlet-1.19.jar:/home/runner/.m2/repository/com/sun/jersey/jersey-json/1.19/jersey-json-1.19.jar:/home/runner/.m2/repository/org/codehaus/jettison/jettison/1.1/jettison-1.1.jar:/home/runner/.m2/repository/com/sun/xml/bind/jaxb-impl/2.2.3-1/jaxb-impl-2.2.3-1.jar:/home/runner/.m2/repository/org/codehaus/jackson/jackson-jaxrs/1.9.2/jackson-jaxrs-1.9.2.jar:/home/runner/.m2/repository/org/codehaus/jackson/jackson-xc/1.9.2/jackson-xc-1.9.2.jar:/home/runner/.m2/repository/org/apache/commons/commons-configuration2/2.1.1/commons-configuration2-2.1.1.jar:/home/runner/.m2/repository/org/apache/commons/commons-text/1.4/commons-text-1.4.jar:/home/runner/.m2/repository/com/google/re2j/re2j/1.1/re2j-1.1.jar:/home/runner/.m2/repository/com/jcraft/jsch/0.1.54/jsch-0.1.54.jar:/home/runner/.m2/repository/org/apache/curator/curator-client/4.2.0/curator-client-4.2.0.jar:/home/runner/.m2/repository/org/apache/curator/curator-recipes/4.2.0/curator-recipes-4.2.0.jar:/home/runner/.m2/repository/org/apache/kerby/kerb-core/1.0.1/kerb-core-1.0.1.jar:/home/runner/.m2/repository/org/apache/kerby/kerby-pkix/1.0.1/kerby-pkix-1.0.1.jar:/home/runner/.m2/repository/org/apache/kerby/kerby-asn1/1.0.1/kerby-asn1-1.0.1.jar:/home/runner/.m2/repository/org/apache/kerby/kerby-util/1.0.1/kerby-util-1.0.1.jar:/home/runner/.m2/repository/dnsjava/dnsjava/2.1.7/dnsjava-2.1.7.jar:/home/runner/.m2/repository/org/xerial/snappy/snappy-java/1.1.8.2/snappy-java-1.1.8.2.jar:/home/runner/.m2/repository/org/slf4j/jul-to-slf4j/1.7.30/jul-to-slf4j-1.7.30.jar:/home/runner/.m2/repository/org/eclipse/jetty/jetty-util/9.4.43.v20210629/jetty-util-9.4.43.v20210629.jar:/home/runner/.m2/repository/com/fasterxml/jackson/core/jackson-databind/2.12.1/jackson-databind-2.12.1.jar:/home/runner/.m2/repository/org/apache/hadoop/hadoop-kms/3.3.1/hadoop-kms-3.3.1-tests.jar:/home/runner/.m2/repository/org/apache/ozone/hdds-server-scm/1.3.0-SNAPSHOT/hdds-server-scm-1.3.0-SNAPSHOT-tests.jar:/home/runner/.m2/repository/org/apache/ozone/hdds-container-service/1.3.0-SNAPSHOT/hdds-container-service-1.3.0-SNAPSHOT-tests.jar:/home/runner/.m2/repository/commons-codec/commons-codec/1.11/commons-codec-1.11.jar:/home/runner/.m2/repository/io/netty/netty-transport/4.1.63.Final/netty-transport-4.1.63.Final.jar:/home/runner/.m2/repository/io/netty/netty-resolver/4.1.63.Final/netty-resolver-4.1.63.Final.jar:/home/runner/.m2/repository/io/netty/netty-codec/4.1.63.Final/netty-codec-4.1.63.Final.jar:/home/runner/.m2/repository/io/netty/netty-handler/4.1.63.Final/netty-handler-4.1.63.Final.jar:/home/runner/.m2/repository/org/apache/ozone/hdds-hadoop-dependency-test/1.3.0-SNAPSHOT/hdds-hadoop-dependency-test-1.3.0-SNAPSHOT.jar:/home/runner/.m2/repository/org/apache/hadoop/hadoop-common/3.3.1/hadoop-common-3.3.1-tests.jar:/home/runner/.m2/repository/org/assertj/assertj-core/3.12.2/assertj-core-3.12.2.jar:/home/runner/.m2/repository/org/apache/hadoop/hadoop-hdfs/3.3.1/hadoop-hdfs-3.3.1-tests.jar:/home/runner/.m2/repository/org/eclipse/jetty/jetty-util-ajax/9.4.43.v20210629/jetty-util-ajax-9.4.43.v20210629.jar:/home/runner/.m2/repository/commons-daemon/commons-daemon/1.0.13/commons-daemon-1.0.13.jar:/home/runner/.m2/repository/io/netty/netty/3.10.6.Final/netty-3.10.6.Final.jar:/home/runner/.m2/repository/io/netty/netty-all/4.1.63.Final/netty-all-4.1.63.Final.jar:/home/runner/.m2/repository/org/apache/htrace/htrace-core4/4.1.0-incubating/htrace-core4-4.1.0-incubating.jar:/home/runner/.m2/repository/org/fusesource/leveldbjni/leveldbjni-all/1.8/leveldbjni-all-1.8.jar:/home/runner/.m2/repository/org/apache/hadoop/hadoop-distcp/3.3.1/hadoop-distcp-3.3.1.jar:/home/runner/.m2/repository/org/apache/hadoop/hadoop-mapreduce-client-jobclient/3.3.1/hadoop-mapreduce-client-jobclient-3.3.1.jar:/home/runner/.m2/repository/org/apache/hadoop/hadoop-mapreduce-client-common/3.3.1/hadoop-mapreduce-client-common-3.3.1.jar:/home/runner/.m2/repository/org/apache/hadoop/hadoop-yarn-common/3.3.1/hadoop-yarn-common-3.3.1.jar:/home/runner/.m2/repository/org/apache/hadoop/hadoop-yarn-api/3.3.1/hadoop-yarn-api-3.3.1.jar:/home/runner/.m2/repository/com/sun/jersey/jersey-client/1.19/jersey-client-1.19.jar:/home/runner/.m2/repository/com/sun/jersey/contribs/jersey-guice/1.19/jersey-guice-1.19.jar:/home/runner/.m2/repository/com/fasterxml/jackson/jaxrs/jackson-jaxrs-json-provider/2.12.1/jackson-jaxrs-json-provider-2.12.1.jar:/home/runner/.m2/repository/com/fasterxml/jackson/jaxrs/jackson-jaxrs-base/2.12.1/jackson-jaxrs-base-2.12.1.jar:/home/runner/.m2/repository/org/apache/hadoop/hadoop-yarn-client/3.3.1/hadoop-yarn-client-3.3.1.jar:/home/runner/.m2/repository/org/eclipse/jetty/websocket/websocket-client/9.4.40.v20210413/websocket-client-9.4.40.v20210413.jar:/home/runner/.m2/repository/org/eclipse/jetty/jetty-client/9.4.40.v20210413/jetty-client-9.4.40.v20210413.jar:/home/runner/.m2/repository/org/eclipse/jetty/websocket/websocket-common/9.4.40.v20210413/websocket-common-9.4.40.v20210413.jar:/home/runner/.m2/repository/org/eclipse/jetty/websocket/websocket-api/9.4.40.v20210413/websocket-api-9.4.40.v20210413.jar:/home/runner/.m2/repository/org/jline/jline/3.9.0/jline-3.9.0.jar:/home/runner/.m2/repository/org/apache/hadoop/hadoop-mapreduce-client-core/3.3.1/hadoop-mapreduce-client-core-3.3.1.jar:/home/runner/.m2/repository/org/apache/avro/avro/1.7.7/avro-1.7.7.jar:/home/runner/.m2/repository/org/codehaus/jackson/jackson-core-asl/1.9.13/jackson-core-asl-1.9.13.jar:/home/runner/.m2/repository/org/codehaus/jackson/jackson-mapper-asl/1.9.13/jackson-mapper-asl-1.9.13.jar:/home/runner/.m2/repository/com/thoughtworks/paranamer/paranamer/2.3/paranamer-2.3.jar:/home/runner/.m2/repository/org/apache/hadoop/hadoop-annotations/3.3.1/hadoop-annotations-3.3.1.jar:/usr/lib/jvm/temurin-8-jdk-amd64/jre/../lib/tools.jar:/home/runner/.m2/repository/org/apache/hadoop/hadoop-distcp/3.3.1/hadoop-distcp-3.3.1-tests.jar:/home/runner/.m2/repository/org/apache/ratis/ratis-common/2.2.0/ratis-common-2.2.0.jar:/home/runner/.m2/repository/org/apache/ratis/ratis-thirdparty-misc/0.7.0/ratis-thirdparty-misc-0.7.0.jar:/home/runner/.m2/repository/org/apache/ratis/ratis-proto/2.2.0/ratis-proto-2.2.0.jar:"/>
    <property name="java.vm.vendor" value="Temurin"/>
    <property name="sun.arch.data.model" value="64"/>
    <property name="test.build.dir" value="/home/runner/work/ozone/ozone/hadoop-ozone/integration-test/target/test-dir"/>
    <property name="test.cache.data" value=""/>
    <property name="java.vendor.url" value="https://adoptium.net/"/>
    <property name="user.timezone" value=""/>
    <property name="java.vm.specification.version" value="1.8"/>
    <property name="os.name" value="Linux"/>
    <property name="test.build.data" value="/home/runner/work/ozone/ozone/hadoop-ozone/integration-test/target/test-dir"/>
    <property name="sun.java.launcher" value="SUN_STANDARD"/>
    <property name="sun.boot.library.path" value="/usr/lib/jvm/temurin-8-jdk-amd64/jre/lib/amd64"/>
    <property name="sun.java.command" value="/home/runner/work/ozone/ozone/hadoop-ozone/integration-test/target/surefire/surefirebooter7579221195753233527.jar /home/runner/work/ozone/ozone/hadoop-ozone/integration-test/target/surefire 2022-03-14T00-55-47_093-jvmRun1 surefire7345025144625783741tmp surefire_858483297837934604010tmp"/>
    <property name="surefire.test.class.path" value="/home/runner/work/ozone/ozone/hadoop-ozone/integration-test/target/test-classes:/home/runner/work/ozone/ozone/hadoop-ozone/integration-test/target/classes:/home/runner/.m2/repository/org/apache/ozone/ozone-common/1.3.0-SNAPSHOT/ozone-common-1.3.0-SNAPSHOT.jar:/home/runner/.m2/repository/org/apache/commons/commons-compress/1.21/commons-compress-1.21.jar:/home/runner/.m2/repository/org/apache/ozone/hdds-common/1.3.0-SNAPSHOT/hdds-common-1.3.0-SNAPSHOT.jar:/home/runner/.m2/repository/org/apache/ozone/hdds-client/1.3.0-SNAPSHOT/hdds-client-1.3.0-SNAPSHOT.jar:/home/runner/.m2/repository/org/apache/ozone/ozone-interface-client/1.3.0-SNAPSHOT/ozone-interface-client-1.3.0-SNAPSHOT.jar:/home/runner/.m2/repository/org/apache/ozone/hdds-test-utils/1.3.0-SNAPSHOT/hdds-test-utils-1.3.0-SNAPSHOT.jar:/home/runner/.m2/repository/com/google/guava/guava/30.1.1-jre/guava-30.1.1-jre.jar:/home/runner/.m2/repository/com/google/guava/failureaccess/1.0.1/failureaccess-1.0.1.jar:/home/runner/.m2/repository/com/google/guava/listenablefuture/9999.0-empty-to-avoid-conflict-with-guava/listenablefuture-9999.0-empty-to-avoid-conflict-with-guava.jar:/home/runner/.m2/repository/com/google/code/findbugs/jsr305/3.0.0/jsr305-3.0.0.jar:/home/runner/.m2/repository/org/checkerframework/checker-qual/3.8.0/checker-qual-3.8.0.jar:/home/runner/.m2/repository/com/google/errorprone/error_prone_annotations/2.2.0/error_prone_annotations-2.2.0.jar:/home/runner/.m2/repository/com/google/j2objc/j2objc-annotations/1.3/j2objc-annotations-1.3.jar:/home/runner/.m2/repository/commons-io/commons-io/2.11.0/commons-io-2.11.0.jar:/home/runner/.m2/repository/commons-logging/commons-logging/1.2/commons-logging-1.2.jar:/home/runner/.m2/repository/log4j/log4j/1.2.17/log4j-1.2.17.jar:/home/runner/.m2/repository/org/slf4j/slf4j-api/1.7.30/slf4j-api-1.7.30.jar:/home/runner/.m2/repository/org/apache/ozone/hdds-server-scm/1.3.0-SNAPSHOT/hdds-server-scm-1.3.0-SNAPSHOT.jar:/home/runner/.m2/repository/org/apache/ozone/hdds-container-service/1.3.0-SNAPSHOT/hdds-container-service-1.3.0-SNAPSHOT.jar:/home/runner/.m2/repository/org/apache/ozone/hdds-hadoop-dependency-server/1.3.0-SNAPSHOT/hdds-hadoop-dependency-server-1.3.0-SNAPSHOT.jar:/home/runner/.m2/repository/org/apache/hadoop/hadoop-hdfs/3.3.1/hadoop-hdfs-3.3.1.jar:/home/runner/.m2/repository/org/apache/ozone/hdds-server-framework/1.3.0-SNAPSHOT/hdds-server-framework-1.3.0-SNAPSHOT.jar:/home/runner/.m2/repository/org/apache/ozone/hdds-interface-server/1.3.0-SNAPSHOT/hdds-interface-server-1.3.0-SNAPSHOT.jar:/home/runner/.m2/repository/org/apache/logging/log4j/log4j-core/2.17.1/log4j-core-2.17.1.jar:/home/runner/.m2/repository/com/lmax/disruptor/3.4.2/disruptor-3.4.2.jar:/home/runner/.m2/repository/org/eclipse/jetty/jetty-servlet/9.4.43.v20210629/jetty-servlet-9.4.43.v20210629.jar:/home/runner/.m2/repository/org/eclipse/jetty/jetty-security/9.4.43.v20210629/jetty-security-9.4.43.v20210629.jar:/home/runner/.m2/repository/org/rocksdb/rocksdbjni/6.25.3/rocksdbjni-6.25.3.jar:/home/runner/.m2/repository/io/prometheus/simpleclient_dropwizard/0.7.0/simpleclient_dropwizard-0.7.0.jar:/home/runner/.m2/repository/io/prometheus/simpleclient/0.7.0/simpleclient-0.7.0.jar:/home/runner/.m2/repository/io/prometheus/simpleclient_common/0.7.0/simpleclient_common-0.7.0.jar:/home/runner/.m2/repository/com/fasterxml/jackson/datatype/jackson-datatype-jsr310/2.12.1/jackson-datatype-jsr310-2.12.1.jar:/home/runner/.m2/repository/io/dropwizard/metrics/metrics-core/3.2.4/metrics-core-3.2.4.jar:/home/runner/.m2/repository/org/apache/hadoop/hadoop-hdfs-client/3.3.1/hadoop-hdfs-client-3.3.1.jar:/home/runner/.m2/repository/org/bouncycastle/bcprov-jdk15on/1.67/bcprov-jdk15on-1.67.jar:/home/runner/.m2/repository/com/google/protobuf/protobuf-java/2.5.0/protobuf-java-2.5.0.jar:/home/runner/.m2/repository/org/apache/ozone/ozone-manager/1.3.0-SNAPSHOT/ozone-manager-1.3.0-SNAPSHOT.jar:/home/runner/.m2/repository/org/aspectj/aspectjrt/1.9.7/aspectjrt-1.9.7.jar:/home/runner/.m2/repository/org/aspectj/aspectjweaver/1.9.7/aspectjweaver-1.9.7.jar:/home/runner/.m2/repository/org/apache/ozone/hdds-interface-client/1.3.0-SNAPSHOT/hdds-interface-client-1.3.0-SNAPSHOT.jar:/home/runner/.m2/repository/org/apache/hadoop/thirdparty/hadoop-shaded-protobuf_3_7/1.1.1/hadoop-shaded-protobuf_3_7-1.1.1.jar:/home/runner/.m2/repository/org/apache/ozone/ozone-interface-storage/1.3.0-SNAPSHOT/ozone-interface-storage-1.3.0-SNAPSHOT.jar:/home/runner/.m2/repository/org/reflections/reflections/0.9.11/reflections-0.9.11.jar:/home/runner/.m2/repository/org/apache/hadoop/hadoop-minikdc/3.3.1/hadoop-minikdc-3.3.1.jar:/home/runner/.m2/repository/org/apache/kerby/kerb-simplekdc/1.0.1/kerb-simplekdc-1.0.1.jar:/home/runner/.m2/repository/org/apache/kerby/kerb-client/1.0.1/kerb-client-1.0.1.jar:/home/runner/.m2/repository/org/apache/kerby/kerby-config/1.0.1/kerby-config-1.0.1.jar:/home/runner/.m2/repository/org/apache/kerby/kerb-common/1.0.1/kerb-common-1.0.1.jar:/home/runner/.m2/repository/org/apache/kerby/kerb-crypto/1.0.1/kerb-crypto-1.0.1.jar:/home/runner/.m2/repository/org/apache/kerby/kerb-util/1.0.1/kerb-util-1.0.1.jar:/home/runner/.m2/repository/org/apache/kerby/token-provider/1.0.1/token-provider-1.0.1.jar:/home/runner/.m2/repository/org/apache/kerby/kerb-admin/1.0.1/kerb-admin-1.0.1.jar:/home/runner/.m2/repository/org/apache/kerby/kerb-server/1.0.1/kerb-server-1.0.1.jar:/home/runner/.m2/repository/org/apache/kerby/kerb-identity/1.0.1/kerb-identity-1.0.1.jar:/home/runner/.m2/repository/org/apache/kerby/kerby-xdr/1.0.1/kerby-xdr-1.0.1.jar:/home/runner/.m2/repository/org/slf4j/slf4j-log4j12/1.7.30/slf4j-log4j12-1.7.30.jar:/home/runner/.m2/repository/org/apache/ozone/ozone-s3gateway/1.3.0-SNAPSHOT/ozone-s3gateway-1.3.0-SNAPSHOT.jar:/home/runner/.m2/repository/org/javassist/javassist/3.21.0-GA/javassist-3.21.0-GA.jar:/home/runner/.m2/repository/org/jboss/weld/servlet/weld-servlet/2.4.7.Final/weld-servlet-2.4.7.Final.jar:/home/runner/.m2/repository/org/glassfish/jersey/containers/jersey-container-servlet-core/2.33/jersey-container-servlet-core-2.33.jar:/home/runner/.m2/repository/org/glassfish/hk2/external/jakarta.inject/2.6.1/jakarta.inject-2.6.1.jar:/home/runner/.m2/repository/org/glassfish/jersey/core/jersey-common/2.33/jersey-common-2.33.jar:/home/runner/.m2/repository/jakarta/ws/rs/jakarta.ws.rs-api/2.1.6/jakarta.ws.rs-api-2.1.6.jar:/home/runner/.m2/repository/org/glassfish/jersey/ext/cdi/jersey-cdi1x/2.33/jersey-cdi1x-2.33.jar:/home/runner/.m2/repository/org/glassfish/jersey/inject/jersey-hk2/2.33/jersey-hk2-2.33.jar:/home/runner/.m2/repository/org/glassfish/hk2/hk2-locator/2.6.1/hk2-locator-2.6.1.jar:/home/runner/.m2/repository/org/glassfish/jersey/media/jersey-media-jaxb/2.33/jersey-media-jaxb-2.33.jar:/home/runner/.m2/repository/org/glassfish/hk2/osgi-resource-locator/1.0.3/osgi-resource-locator-1.0.3.jar:/home/runner/.m2/repository/org/glassfish/hk2/hk2-api/2.5.0/hk2-api-2.5.0.jar:/home/runner/.m2/repository/org/glassfish/hk2/hk2-utils/2.5.0/hk2-utils-2.5.0.jar:/home/runner/.m2/repository/org/glassfish/hk2/external/aopalliance-repackaged/2.5.0/aopalliance-repackaged-2.5.0.jar:/home/runner/.m2/repository/com/fasterxml/jackson/dataformat/jackson-dataformat-xml/2.12.1/jackson-dataformat-xml-2.12.1.jar:/home/runner/.m2/repository/com/fasterxml/jackson/core/jackson-core/2.12.1/jackson-core-2.12.1.jar:/home/runner/.m2/repository/com/fasterxml/jackson/module/jackson-module-jaxb-annotations/2.12.1/jackson-module-jaxb-annotations-2.12.1.jar:/home/runner/.m2/repository/jakarta/xml/bind/jakarta.xml.bind-api/2.3.2/jakarta.xml.bind-api-2.3.2.jar:/home/runner/.m2/repository/org/codehaus/woodstox/stax2-api/3.1.4/stax2-api-3.1.4.jar:/home/runner/.m2/repository/com/fasterxml/woodstox/woodstox-core/5.0.3/woodstox-core-5.0.3.jar:/home/runner/.m2/repository/javax/enterprise/cdi-api/1.2/cdi-api-1.2.jar:/home/runner/.m2/repository/javax/el/javax.el-api/3.0.0/javax.el-api-3.0.0.jar:/home/runner/.m2/repository/javax/interceptor/javax.interceptor-api/1.2/javax.interceptor-api-1.2.jar:/home/runner/.m2/repository/javax/inject/javax.inject/1/javax.inject-1.jar:/home/runner/.m2/repository/javax/xml/bind/jaxb-api/2.3.0/jaxb-api-2.3.0.jar:/home/runner/.m2/repository/org/glassfish/jaxb/jaxb-runtime/2.3.0.1/jaxb-runtime-2.3.0.1.jar:/home/runner/.m2/repository/org/glassfish/jaxb/jaxb-core/2.3.0.1/jaxb-core-2.3.0.1.jar:/home/runner/.m2/repository/org/glassfish/jaxb/txw2/2.3.0.1/txw2-2.3.0.1.jar:/home/runner/.m2/repository/com/sun/istack/istack-commons-runtime/3.0.5/istack-commons-runtime-3.0.5.jar:/home/runner/.m2/repository/org/jvnet/staxex/stax-ex/1.7.8/stax-ex-1.7.8.jar:/home/runner/.m2/repository/com/sun/xml/fastinfoset/FastInfoset/1.2.13/FastInfoset-1.2.13.jar:/home/runner/.m2/repository/javax/activation/activation/1.1.1/activation-1.1.1.jar:/home/runner/.m2/repository/org/apache/ozone/ozone-csi/1.3.0-SNAPSHOT/ozone-csi-1.3.0-SNAPSHOT.jar:/home/runner/.m2/repository/com/google/protobuf/protobuf-java-util/3.12.0/protobuf-java-util-3.12.0.jar:/home/runner/.m2/repository/com/google/code/gson/gson/2.2.4/gson-2.2.4.jar:/home/runner/.m2/repository/org/apache/ozone/hdds-config/1.3.0-SNAPSHOT/hdds-config-1.3.0-SNAPSHOT.jar:/home/runner/.m2/repository/io/grpc/grpc-netty/1.33.0/grpc-netty-1.33.0.jar:/home/runner/.m2/repository/io/grpc/grpc-core/1.33.0/grpc-core-1.33.0.jar:/home/runner/.m2/repository/com/google/android/annotations/4.1.1.4/annotations-4.1.1.4.jar:/home/runner/.m2/repository/io/netty/netty-codec-http2/4.1.63.Final/netty-codec-http2-4.1.63.Final.jar:/home/runner/.m2/repository/io/netty/netty-codec-http/4.1.63.Final/netty-codec-http-4.1.63.Final.jar:/home/runner/.m2/repository/io/netty/netty-handler-proxy/4.1.63.Final/netty-handler-proxy-4.1.63.Final.jar:/home/runner/.m2/repository/io/netty/netty-codec-socks/4.1.63.Final/netty-codec-socks-4.1.63.Final.jar:/home/runner/.m2/repository/io/perfmark/perfmark-api/0.19.0/perfmark-api-0.19.0.jar:/home/runner/.m2/repository/org/codehaus/mojo/animal-sniffer-annotations/1.18/animal-sniffer-annotations-1.18.jar:/home/runner/.m2/repository/io/netty/netty-transport-native-epoll/4.1.63.Final/netty-transport-native-epoll-4.1.63.Final.jar:/home/runner/.m2/repository/io/netty/netty-common/4.1.63.Final/netty-common-4.1.63.Final.jar:/home/runner/.m2/repository/io/netty/netty-buffer/4.1.63.Final/netty-buffer-4.1.63.Final.jar:/home/runner/.m2/repository/io/netty/netty-transport-native-unix-common/4.1.63.Final/netty-transport-native-unix-common-4.1.63.Final.jar:/home/runner/.m2/repository/io/grpc/grpc-protobuf/1.33.0/grpc-protobuf-1.33.0.jar:/home/runner/.m2/repository/io/grpc/grpc-api/1.33.0/grpc-api-1.33.0.jar:/home/runner/.m2/repository/io/grpc/grpc-context/1.33.0/grpc-context-1.33.0.jar:/home/runner/.m2/repository/com/google/api/grpc/proto-google-common-protos/1.17.0/proto-google-common-protos-1.17.0.jar:/home/runner/.m2/repository/io/grpc/grpc-protobuf-lite/1.33.0/grpc-protobuf-lite-1.33.0.jar:/home/runner/.m2/repository/io/grpc/grpc-stub/1.33.0/grpc-stub-1.33.0.jar:/home/runner/.m2/repository/org/apache/ozone/ozone-recon/1.3.0-SNAPSHOT/ozone-recon-1.3.0-SNAPSHOT.jar:/home/runner/.m2/repository/org/apache/ozone/ozone-reconcodegen/1.3.0-SNAPSHOT/ozone-reconcodegen-1.3.0-SNAPSHOT.jar:/home/runner/.m2/repository/com/google/inject/extensions/guice-multibindings/4.0/guice-multibindings-4.0.jar:/home/runner/.m2/repository/com/google/inject/guice/4.0/guice-4.0.jar:/home/runner/.m2/repository/aopalliance/aopalliance/1.0/aopalliance-1.0.jar:/home/runner/.m2/repository/com/google/inject/extensions/guice-assistedinject/4.0/guice-assistedinject-4.0.jar:/home/runner/.m2/repository/com/google/inject/extensions/guice-servlet/4.0/guice-servlet-4.0.jar:/home/runner/.m2/repository/org/glassfish/jersey/containers/jersey-container-servlet/2.33/jersey-container-servlet-2.33.jar:/home/runner/.m2/repository/org/glassfish/hk2/guice-bridge/2.5.0/guice-bridge-2.5.0.jar:/home/runner/.m2/repository/org/glassfish/jersey/core/jersey-server/2.33/jersey-server-2.33.jar:/home/runner/.m2/repository/org/glassfish/jersey/core/jersey-client/2.33/jersey-client-2.33.jar:/home/runner/.m2/repository/jakarta/annotation/jakarta.annotation-api/1.3.5/jakarta.annotation-api-1.3.5.jar:/home/runner/.m2/repository/jakarta/validation/jakarta.validation-api/2.0.2/jakarta.validation-api-2.0.2.jar:/home/runner/.m2/repository/org/glassfish/jersey/media/jersey-media-json-jackson/2.33/jersey-media-json-jackson-2.33.jar:/home/runner/.m2/repository/org/glassfish/jersey/ext/jersey-entity-filtering/2.33/jersey-entity-filtering-2.33.jar:/home/runner/.m2/repository/org/jooq/jooq/3.11.10/jooq-3.11.10.jar:/home/runner/.m2/repository/org/jooq/jooq-meta/3.11.10/jooq-meta-3.11.10.jar:/home/runner/.m2/repository/org/jooq/jooq-codegen/3.11.10/jooq-codegen-3.11.10.jar:/home/runner/.m2/repository/com/jolbox/bonecp/0.8.0.RELEASE/bonecp-0.8.0.RELEASE.jar:/home/runner/.m2/repository/org/apache/derby/derby/10.14.2.0/derby-10.14.2.0.jar:/home/runner/.m2/repository/org/xerial/sqlite-jdbc/3.25.2/sqlite-jdbc-3.25.2.jar:/home/runner/.m2/repository/org/springframework/spring-jdbc/5.2.18.RELEASE/spring-jdbc-5.2.18.RELEASE.jar:/home/runner/.m2/repository/org/springframework/spring-beans/5.2.18.RELEASE/spring-beans-5.2.18.RELEASE.jar:/home/runner/.m2/repository/org/springframework/spring-core/5.2.18.RELEASE/spring-core-5.2.18.RELEASE.jar:/home/runner/.m2/repository/org/springframework/spring-jcl/5.2.18.RELEASE/spring-jcl-5.2.18.RELEASE.jar:/home/runner/.m2/repository/org/springframework/spring-tx/5.2.18.RELEASE/spring-tx-5.2.18.RELEASE.jar:/home/runner/.m2/repository/org/apache/ozone/ozone-client/1.3.0-SNAPSHOT/ozone-client-1.3.0-SNAPSHOT.jar:/home/runner/.m2/repository/org/apache/ozone/ozone-filesystem/1.3.0-SNAPSHOT/ozone-filesystem-1.3.0-SNAPSHOT.jar:/home/runner/.m2/repository/org/apache/ozone/ozone-filesystem-common/1.3.0-SNAPSHOT/ozone-filesystem-common-1.3.0-SNAPSHOT.jar:/home/runner/.m2/repository/org/apache/ozone/ozone-tools/1.3.0-SNAPSHOT/ozone-tools-1.3.0-SNAPSHOT.jar:/home/runner/.m2/repository/org/apache/ratis/ratis-tools/2.2.0/ratis-tools-2.2.0.jar:/home/runner/.m2/repository/com/amazonaws/aws-java-sdk-core/1.12.124/aws-java-sdk-core-1.12.124.jar:/home/runner/.m2/repository/org/apache/httpcomponents/httpclient/4.5.13/httpclient-4.5.13.jar:/home/runner/.m2/repository/org/apache/httpcomponents/httpcore/4.4.13/httpcore-4.4.13.jar:/home/runner/.m2/repository/software/amazon/ion/ion-java/1.0.2/ion-java-1.0.2.jar:/home/runner/.m2/repository/com/fasterxml/jackson/dataformat/jackson-dataformat-cbor/2.12.1/jackson-dataformat-cbor-2.12.1.jar:/home/runner/.m2/repository/joda-time/joda-time/2.8.1/joda-time-2.8.1.jar:/home/runner/.m2/repository/com/amazonaws/aws-java-sdk-s3/1.12.124/aws-java-sdk-s3-1.12.124.jar:/home/runner/.m2/repository/com/amazonaws/aws-java-sdk-kms/1.12.124/aws-java-sdk-kms-1.12.124.jar:/home/runner/.m2/repository/com/amazonaws/jmespath-java/1.12.124/jmespath-java-1.12.124.jar:/home/runner/.m2/repository/org/kohsuke/metainf-services/metainf-services/1.8/metainf-services-1.8.jar:/home/runner/.m2/repository/org/apache/ozone/hdds-tools/1.3.0-SNAPSHOT/hdds-tools-1.3.0-SNAPSHOT.jar:/home/runner/.m2/repository/commons-cli/commons-cli/1.2/commons-cli-1.2.jar:/home/runner/.m2/repository/org/apache/commons/commons-lang3/3.7/commons-lang3-3.7.jar:/home/runner/.m2/repository/org/apache/ozone/ozone-manager/1.3.0-SNAPSHOT/ozone-manager-1.3.0-SNAPSHOT-tests.jar:/home/runner/.m2/repository/org/apache/ozone/hdds-common/1.3.0-SNAPSHOT/hdds-common-1.3.0-SNAPSHOT-tests.jar:/home/runner/.m2/repository/org/apache/ozone/hdds-hadoop-dependency-client/1.3.0-SNAPSHOT/hdds-hadoop-dependency-client-1.3.0-SNAPSHOT.jar:/home/runner/.m2/repository/info/picocli/picocli/4.6.1/picocli-4.6.1.jar:/home/runner/.m2/repository/com/fasterxml/jackson/core/jackson-annotations/2.12.1/jackson-annotations-2.12.1.jar:/home/runner/.m2/repository/javax/annotation/javax.annotation-api/1.2/javax.annotation-api-1.2.jar:/home/runner/.m2/repository/org/apache/ratis/ratis-server/2.2.0/ratis-server-2.2.0.jar:/home/runner/.m2/repository/org/apache/ratis/ratis-client/2.2.0/ratis-client-2.2.0.jar:/home/runner/.m2/repository/org/apache/ratis/ratis-server-api/2.2.0/ratis-server-api-2.2.0.jar:/home/runner/.m2/repository/org/apache/ratis/ratis-metrics/2.2.0/ratis-metrics-2.2.0.jar:/home/runner/.m2/repository/org/apache/ratis/ratis-netty/2.2.0/ratis-netty-2.2.0.jar:/home/runner/.m2/repository/org/apache/ratis/ratis-grpc/2.2.0/ratis-grpc-2.2.0.jar:/home/runner/.m2/repository/org/apache/logging/log4j/log4j-api/2.17.1/log4j-api-2.17.1.jar:/home/runner/.m2/repository/org/apache/commons/commons-pool2/2.6.0/commons-pool2-2.6.0.jar:/home/runner/.m2/repository/org/bouncycastle/bcpkix-jdk15on/1.67/bcpkix-jdk15on-1.67.jar:/home/runner/.m2/repository/commons-validator/commons-validator/1.6/commons-validator-1.6.jar:/home/runner/.m2/repository/commons-beanutils/commons-beanutils/1.9.4/commons-beanutils-1.9.4.jar:/home/runner/.m2/repository/commons-digester/commons-digester/1.8.1/commons-digester-1.8.1.jar:/home/runner/.m2/repository/commons-collections/commons-collections/3.2.2/commons-collections-3.2.2.jar:/home/runner/.m2/repository/io/jaegertracing/jaeger-client/1.6.0/jaeger-client-1.6.0.jar:/home/runner/.m2/repository/io/jaegertracing/jaeger-thrift/1.6.0/jaeger-thrift-1.6.0.jar:/home/runner/.m2/repository/org/apache/thrift/libthrift/0.14.1/libthrift-0.14.1.jar:/home/runner/.m2/repository/com/squareup/okhttp3/okhttp/4.9.0/okhttp-4.9.0.jar:/home/runner/.m2/repository/com/squareup/okio/okio/2.8.0/okio-2.8.0.jar:/home/runner/.m2/repository/io/jaegertracing/jaeger-core/1.6.0/jaeger-core-1.6.0.jar:/home/runner/.m2/repository/io/jaegertracing/jaeger-tracerresolver/1.6.0/jaeger-tracerresolver-1.6.0.jar:/home/runner/.m2/repository/io/opentracing/contrib/opentracing-tracerresolver/0.1.8/opentracing-tracerresolver-0.1.8.jar:/home/runner/.m2/repository/org/jetbrains/kotlin/kotlin-stdlib/1.4.31/kotlin-stdlib-1.4.31.jar:/home/runner/.m2/repository/org/jetbrains/kotlin/kotlin-stdlib-common/1.4.31/kotlin-stdlib-common-1.4.31.jar:/home/runner/.m2/repository/org/jetbrains/annotations/13.0/annotations-13.0.jar:/home/runner/.m2/repository/io/opentracing/opentracing-util/0.33.0/opentracing-util-0.33.0.jar:/home/runner/.m2/repository/io/opentracing/opentracing-api/0.33.0/opentracing-api-0.33.0.jar:/home/runner/.m2/repository/io/opentracing/opentracing-noop/0.33.0/opentracing-noop-0.33.0.jar:/home/runner/.m2/repository/org/yaml/snakeyaml/1.26/snakeyaml-1.26.jar:/home/runner/.m2/repository/org/apache/ozone/hdds-interface-admin/1.3.0-SNAPSHOT/hdds-interface-admin-1.3.0-SNAPSHOT.jar:/home/runner/.m2/repository/junit/junit/4.13.1/junit-4.13.1.jar:/home/runner/.m2/repository/org/hamcrest/hamcrest-core/1.3/hamcrest-core-1.3.jar:/home/runner/.m2/repository/org/junit/jupiter/junit-jupiter-api/5.7.0/junit-jupiter-api-5.7.0.jar:/home/runner/.m2/repository/org/apiguardian/apiguardian-api/1.1.0/apiguardian-api-1.1.0.jar:/home/runner/.m2/repository/org/opentest4j/opentest4j/1.2.0/opentest4j-1.2.0.jar:/home/runner/.m2/repository/org/junit/platform/junit-platform-commons/1.7.0/junit-platform-commons-1.7.0.jar:/home/runner/.m2/repository/org/junit/jupiter/junit-jupiter-engine/5.7.0/junit-jupiter-engine-5.7.0.jar:/home/runner/.m2/repository/org/junit/platform/junit-platform-engine/1.7.0/junit-platform-engine-1.7.0.jar:/home/runner/.m2/repository/org/junit/vintage/junit-vintage-engine/5.7.0/junit-vintage-engine-5.7.0.jar:/home/runner/.m2/repository/org/junit/platform/junit-platform-launcher/1.7.0/junit-platform-launcher-1.7.0.jar:/home/runner/.m2/repository/org/mockito/mockito-core/2.28.2/mockito-core-2.28.2.jar:/home/runner/.m2/repository/net/bytebuddy/byte-buddy/1.9.10/byte-buddy-1.9.10.jar:/home/runner/.m2/repository/net/bytebuddy/byte-buddy-agent/1.9.10/byte-buddy-agent-1.9.10.jar:/home/runner/.m2/repository/org/objenesis/objenesis/1.0/objenesis-1.0.jar:/home/runner/.m2/repository/org/apache/hadoop/hadoop-kms/3.3.1/hadoop-kms-3.3.1.jar:/home/runner/.m2/repository/org/apache/hadoop/hadoop-auth/3.3.1/hadoop-auth-3.3.1.jar:/home/runner/.m2/repository/com/nimbusds/nimbus-jose-jwt/7.9/nimbus-jose-jwt-7.9.jar:/home/runner/.m2/repository/com/github/stephenc/jcip/jcip-annotations/1.0-1/jcip-annotations-1.0-1.jar:/home/runner/.m2/repository/net/minidev/json-smart/2.4.7/json-smart-2.4.7.jar:/home/runner/.m2/repository/net/minidev/accessors-smart/2.4.7/accessors-smart-2.4.7.jar:/home/runner/.m2/repository/org/ow2/asm/asm/5.0.4/asm-5.0.4.jar:/home/runner/.m2/repository/org/apache/zookeeper/zookeeper/3.5.6/zookeeper-3.5.6.jar:/home/runner/.m2/repository/org/apache/zookeeper/zookeeper-jute/3.5.6/zookeeper-jute-3.5.6.jar:/home/runner/.m2/repository/org/apache/yetus/audience-annotations/0.5.0/audience-annotations-0.5.0.jar:/home/runner/.m2/repository/org/apache/curator/curator-framework/4.2.0/curator-framework-4.2.0.jar:/home/runner/.m2/repository/org/apache/hadoop/thirdparty/hadoop-shaded-guava/1.1.1/hadoop-shaded-guava-1.1.1.jar:/home/runner/.m2/repository/com/sun/jersey/jersey-core/1.19/jersey-core-1.19.jar:/home/runner/.m2/repository/javax/ws/rs/jsr311-api/1.1.1/jsr311-api-1.1.1.jar:/home/runner/.m2/repository/com/sun/jersey/jersey-server/1.19/jersey-server-1.19.jar:/home/runner/.m2/repository/javax/servlet/javax.servlet-api/3.1.0/javax.servlet-api-3.1.0.jar:/home/runner/.m2/repository/org/eclipse/jetty/jetty-server/9.4.43.v20210629/jetty-server-9.4.43.v20210629.jar:/home/runner/.m2/repository/org/eclipse/jetty/jetty-http/9.4.43.v20210629/jetty-http-9.4.43.v20210629.jar:/home/runner/.m2/repository/org/eclipse/jetty/jetty-io/9.4.43.v20210629/jetty-io-9.4.43.v20210629.jar:/home/runner/.m2/repository/org/eclipse/jetty/jetty-webapp/9.4.43.v20210629/jetty-webapp-9.4.43.v20210629.jar:/home/runner/.m2/repository/org/eclipse/jetty/jetty-xml/9.4.43.v20210629/jetty-xml-9.4.43.v20210629.jar:/home/runner/.m2/repository/org/apache/hadoop/hadoop-common/3.3.1/hadoop-common-3.3.1.jar:/home/runner/.m2/repository/org/apache/commons/commons-math3/3.1.1/commons-math3-3.1.1.jar:/home/runner/.m2/repository/commons-net/commons-net/3.6/commons-net-3.6.jar:/home/runner/.m2/repository/jakarta/activation/jakarta.activation-api/1.2.1/jakarta.activation-api-1.2.1.jar:/home/runner/.m2/repository/com/sun/jersey/jersey-servlet/1.19/jersey-servlet-1.19.jar:/home/runner/.m2/repository/com/sun/jersey/jersey-json/1.19/jersey-json-1.19.jar:/home/runner/.m2/repository/org/codehaus/jettison/jettison/1.1/jettison-1.1.jar:/home/runner/.m2/repository/com/sun/xml/bind/jaxb-impl/2.2.3-1/jaxb-impl-2.2.3-1.jar:/home/runner/.m2/repository/org/codehaus/jackson/jackson-jaxrs/1.9.2/jackson-jaxrs-1.9.2.jar:/home/runner/.m2/repository/org/codehaus/jackson/jackson-xc/1.9.2/jackson-xc-1.9.2.jar:/home/runner/.m2/repository/org/apache/commons/commons-configuration2/2.1.1/commons-configuration2-2.1.1.jar:/home/runner/.m2/repository/org/apache/commons/commons-text/1.4/commons-text-1.4.jar:/home/runner/.m2/repository/com/google/re2j/re2j/1.1/re2j-1.1.jar:/home/runner/.m2/repository/com/jcraft/jsch/0.1.54/jsch-0.1.54.jar:/home/runner/.m2/repository/org/apache/curator/curator-client/4.2.0/curator-client-4.2.0.jar:/home/runner/.m2/repository/org/apache/curator/curator-recipes/4.2.0/curator-recipes-4.2.0.jar:/home/runner/.m2/repository/org/apache/kerby/kerb-core/1.0.1/kerb-core-1.0.1.jar:/home/runner/.m2/repository/org/apache/kerby/kerby-pkix/1.0.1/kerby-pkix-1.0.1.jar:/home/runner/.m2/repository/org/apache/kerby/kerby-asn1/1.0.1/kerby-asn1-1.0.1.jar:/home/runner/.m2/repository/org/apache/kerby/kerby-util/1.0.1/kerby-util-1.0.1.jar:/home/runner/.m2/repository/dnsjava/dnsjava/2.1.7/dnsjava-2.1.7.jar:/home/runner/.m2/repository/org/xerial/snappy/snappy-java/1.1.8.2/snappy-java-1.1.8.2.jar:/home/runner/.m2/repository/org/slf4j/jul-to-slf4j/1.7.30/jul-to-slf4j-1.7.30.jar:/home/runner/.m2/repository/org/eclipse/jetty/jetty-util/9.4.43.v20210629/jetty-util-9.4.43.v20210629.jar:/home/runner/.m2/repository/com/fasterxml/jackson/core/jackson-databind/2.12.1/jackson-databind-2.12.1.jar:/home/runner/.m2/repository/org/apache/hadoop/hadoop-kms/3.3.1/hadoop-kms-3.3.1-tests.jar:/home/runner/.m2/repository/org/apache/ozone/hdds-server-scm/1.3.0-SNAPSHOT/hdds-server-scm-1.3.0-SNAPSHOT-tests.jar:/home/runner/.m2/repository/org/apache/ozone/hdds-container-service/1.3.0-SNAPSHOT/hdds-container-service-1.3.0-SNAPSHOT-tests.jar:/home/runner/.m2/repository/commons-codec/commons-codec/1.11/commons-codec-1.11.jar:/home/runner/.m2/repository/io/netty/netty-transport/4.1.63.Final/netty-transport-4.1.63.Final.jar:/home/runner/.m2/repository/io/netty/netty-resolver/4.1.63.Final/netty-resolver-4.1.63.Final.jar:/home/runner/.m2/repository/io/netty/netty-codec/4.1.63.Final/netty-codec-4.1.63.Final.jar:/home/runner/.m2/repository/io/netty/netty-handler/4.1.63.Final/netty-handler-4.1.63.Final.jar:/home/runner/.m2/repository/org/apache/ozone/hdds-hadoop-dependency-test/1.3.0-SNAPSHOT/hdds-hadoop-dependency-test-1.3.0-SNAPSHOT.jar:/home/runner/.m2/repository/org/apache/hadoop/hadoop-common/3.3.1/hadoop-common-3.3.1-tests.jar:/home/runner/.m2/repository/org/assertj/assertj-core/3.12.2/assertj-core-3.12.2.jar:/home/runner/.m2/repository/org/apache/hadoop/hadoop-hdfs/3.3.1/hadoop-hdfs-3.3.1-tests.jar:/home/runner/.m2/repository/org/eclipse/jetty/jetty-util-ajax/9.4.43.v20210629/jetty-util-ajax-9.4.43.v20210629.jar:/home/runner/.m2/repository/commons-daemon/commons-daemon/1.0.13/commons-daemon-1.0.13.jar:/home/runner/.m2/repository/io/netty/netty/3.10.6.Final/netty-3.10.6.Final.jar:/home/runner/.m2/repository/io/netty/netty-all/4.1.63.Final/netty-all-4.1.63.Final.jar:/home/runner/.m2/repository/org/apache/htrace/htrace-core4/4.1.0-incubating/htrace-core4-4.1.0-incubating.jar:/home/runner/.m2/repository/org/fusesource/leveldbjni/leveldbjni-all/1.8/leveldbjni-all-1.8.jar:/home/runner/.m2/repository/org/apache/hadoop/hadoop-distcp/3.3.1/hadoop-distcp-3.3.1.jar:/home/runner/.m2/repository/org/apache/hadoop/hadoop-mapreduce-client-jobclient/3.3.1/hadoop-mapreduce-client-jobclient-3.3.1.jar:/home/runner/.m2/repository/org/apache/hadoop/hadoop-mapreduce-client-common/3.3.1/hadoop-mapreduce-client-common-3.3.1.jar:/home/runner/.m2/repository/org/apache/hadoop/hadoop-yarn-common/3.3.1/hadoop-yarn-common-3.3.1.jar:/home/runner/.m2/repository/org/apache/hadoop/hadoop-yarn-api/3.3.1/hadoop-yarn-api-3.3.1.jar:/home/runner/.m2/repository/com/sun/jersey/jersey-client/1.19/jersey-client-1.19.jar:/home/runner/.m2/repository/com/sun/jersey/contribs/jersey-guice/1.19/jersey-guice-1.19.jar:/home/runner/.m2/repository/com/fasterxml/jackson/jaxrs/jackson-jaxrs-json-provider/2.12.1/jackson-jaxrs-json-provider-2.12.1.jar:/home/runner/.m2/repository/com/fasterxml/jackson/jaxrs/jackson-jaxrs-base/2.12.1/jackson-jaxrs-base-2.12.1.jar:/home/runner/.m2/repository/org/apache/hadoop/hadoop-yarn-client/3.3.1/hadoop-yarn-client-3.3.1.jar:/home/runner/.m2/repository/org/eclipse/jetty/websocket/websocket-client/9.4.40.v20210413/websocket-client-9.4.40.v20210413.jar:/home/runner/.m2/repository/org/eclipse/jetty/jetty-client/9.4.40.v20210413/jetty-client-9.4.40.v20210413.jar:/home/runner/.m2/repository/org/eclipse/jetty/websocket/websocket-common/9.4.40.v20210413/websocket-common-9.4.40.v20210413.jar:/home/runner/.m2/repository/org/eclipse/jetty/websocket/websocket-api/9.4.40.v20210413/websocket-api-9.4.40.v20210413.jar:/home/runner/.m2/repository/org/jline/jline/3.9.0/jline-3.9.0.jar:/home/runner/.m2/repository/org/apache/hadoop/hadoop-mapreduce-client-core/3.3.1/hadoop-mapreduce-client-core-3.3.1.jar:/home/runner/.m2/repository/org/apache/avro/avro/1.7.7/avro-1.7.7.jar:/home/runner/.m2/repository/org/codehaus/jackson/jackson-core-asl/1.9.13/jackson-core-asl-1.9.13.jar:/home/runner/.m2/repository/org/codehaus/jackson/jackson-mapper-asl/1.9.13/jackson-mapper-asl-1.9.13.jar:/home/runner/.m2/repository/com/thoughtworks/paranamer/paranamer/2.3/paranamer-2.3.jar:/home/runner/.m2/repository/org/apache/hadoop/hadoop-annotations/3.3.1/hadoop-annotations-3.3.1.jar:/usr/lib/jvm/temurin-8-jdk-amd64/jre/../lib/tools.jar:/home/runner/.m2/repository/org/apache/hadoop/hadoop-distcp/3.3.1/hadoop-distcp-3.3.1-tests.jar:/home/runner/.m2/repository/org/apache/ratis/ratis-common/2.2.0/ratis-common-2.2.0.jar:/home/runner/.m2/repository/org/apache/ratis/ratis-thirdparty-misc/0.7.0/ratis-thirdparty-misc-0.7.0.jar:/home/runner/.m2/repository/org/apache/ratis/ratis-proto/2.2.0/ratis-proto-2.2.0.jar:"/>
    <property name="sun.cpu.endian" value="little"/>
    <property name="user.home" value="/home/runner"/>
    <property name="user.language" value="en"/>
    <property name="java.specification.vendor" value="Oracle Corporation"/>
    <property name="java.home" value="/usr/lib/jvm/temurin-8-jdk-amd64/jre"/>
    <property name="java.security.krb5.conf" value="/home/runner/work/ozone/ozone/hadoop-ozone/integration-test/target/test-classes/krb5.conf"/>
    <property name="basedir" value="/home/runner/work/ozone/ozone/hadoop-ozone/integration-test"/>
    <property name="file.separator" value="/"/>
    <property name="line.separator" value="&#10;"/>
    <property name="java.vm.specification.vendor" value="Oracle Corporation"/>
    <property name="java.specification.name" value="Java Platform API Specification"/>
    <property name="java.awt.graphicsenv" value="sun.awt.X11GraphicsEnvironment"/>
    <property name="skip.installnpx" value="true"/>
    <property name="surefire.real.class.path" value="/home/runner/work/ozone/ozone/hadoop-ozone/integration-test/target/surefire/surefirebooter7579221195753233527.jar:/home/runner/.m2/repository/org/jacoco/org.jacoco.agent/0.8.5/org.jacoco.agent-0.8.5-runtime.jar"/>
    <property name="hadoop.log.dir" value="/home/runner/work/ozone/ozone/hadoop-ozone/integration-test/target/log"/>
    <property name="sun.boot.class.path" value="/usr/lib/jvm/temurin-8-jdk-amd64/jre/lib/resources.jar:/usr/lib/jvm/temurin-8-jdk-amd64/jre/lib/rt.jar:/usr/lib/jvm/temurin-8-jdk-amd64/jre/lib/sunrsasign.jar:/usr/lib/jvm/temurin-8-jdk-amd64/jre/lib/jsse.jar:/usr/lib/jvm/temurin-8-jdk-amd64/jre/lib/jce.jar:/usr/lib/jvm/temurin-8-jdk-amd64/jre/lib/charsets.jar:/usr/lib/jvm/temurin-8-jdk-amd64/jre/lib/jfr.jar:/usr/lib/jvm/temurin-8-jdk-amd64/jre/classes"/>
    <property name="sun.management.compiler" value="HotSpot 64-Bit Tiered Compilers"/>
    <property name="skip.npx" value="true"/>
    <property name="java.runtime.version" value="1.8.0_322-b06"/>
    <property name="java.net.preferIPv4Stack" value="true"/>
    <property name="user.name" value="runner"/>
    <property name="path.separator" value=":"/>
    <property name="java.security.egd" value="file:///dev/urandom"/>
    <property name="os.version" value="5.4.0-1070-azure"/>
    <property name="java.endorsed.dirs" value="/usr/lib/jvm/temurin-8-jdk-amd64/jre/lib/endorsed"/>
    <property name="java.runtime.name" value="OpenJDK Runtime Environment"/>
    <property name="file.encoding" value="UTF-8"/>
    <property name="java.vm.name" value="OpenJDK 64-Bit Server VM"/>
    <property name="test.build.webapps" value=""/>
    <property name="localRepository" value="/home/runner/.m2/repository"/>
    <property name="java.vendor.url.bug" value="https://github.com/adoptium/adoptium-support/issues"/>
    <property name="java.io.tmpdir" value="/tmp"/>
    <property name="require.test.libhadoop" value=""/>
    <property name="java.version" value="1.8.0_322"/>
    <property name="user.dir" value="/home/runner/work/ozone/ozone/hadoop-ozone/integration-test"/>
    <property name="os.arch" value="amd64"/>
    <property name="java.vm.specification.name" value="Java Virtual Machine Specification"/>
    <property name="test.build.classes" value="/home/runner/work/ozone/ozone/hadoop-ozone/integration-test/target/test-classes"/>
    <property name="java.awt.printerjob" value="sun.print.PSPrinterJob"/>
    <property name="sun.os.patch.level" value="unknown"/>
    <property name="hadoop.tmp.dir" value="/home/runner/work/ozone/ozone/hadoop-ozone/integration-test/target/tmp"/>
    <property name="java.library.path" value="/usr/java/packages/lib/amd64:/usr/lib64:/lib64:/lib:/usr/lib"/>
    <property name="java.vm.info" value="mixed mode"/>
    <property name="java.vendor" value="Temurin"/>
    <property name="java.vm.version" value="25.322-b06"/>
    <property name="java.ext.dirs" value="/usr/lib/jvm/temurin-8-jdk-amd64/jre/lib/ext:/usr/java/packages/lib/ext"/>
    <property name="sun.io.unicode.encoding" value="UnicodeLittle"/>
    <property name="java.class.version" value="52.0"/>
  </properties>
  <testcase name="testMultipleDataDirs" classname="org.apache.hadoop.ozone.TestMiniOzoneCluster" time="31.652"/>
  <testcase name="testStartMultipleDatanodes" classname="org.apache.hadoop.ozone.TestMiniOzoneCluster" time="51.491"/>
  <testcase name="testDNstartAfterSCM" classname="org.apache.hadoop.ozone.TestMiniOzoneCluster" time="120.566">
    <error message="test timed out after 100000 milliseconds" type="org.junit.runners.model.TestTimedOutException">org.junit.runners.model.TestTimedOutException: test timed out after 100000 milliseconds
	at java.lang.Thread.sleep(Native Method)
	at org.apache.ozone.test.GenericTestUtils.waitFor(GenericTestUtils.java:218)
	at org.apache.hadoop.ozone.MiniOzoneClusterImpl.waitForSCMToBeReady(MiniOzoneClusterImpl.java:196)
	at org.apache.hadoop.ozone.MiniOzoneClusterImpl.waitForClusterToBeReady(MiniOzoneClusterImpl.java:211)
	at org.apache.hadoop.ozone.MiniOzoneClusterImpl.restartStorageContainerManager(MiniOzoneClusterImpl.java:363)
	at org.apache.hadoop.ozone.TestMiniOzoneCluster.testDNstartAfterSCM(TestMiniOzoneCluster.java:339)
	at sun.reflect.NativeMethodAccessorImpl.invoke0(Native Method)
	at sun.reflect.NativeMethodAccessorImpl.invoke(NativeMethodAccessorImpl.java:62)
	at sun.reflect.DelegatingMethodAccessorImpl.invoke(DelegatingMethodAccessorImpl.java:43)
	at java.lang.reflect.Method.invoke(Method.java:498)
	at org.junit.runners.model.FrameworkMethod$1.runReflectiveCall(FrameworkMethod.java:59)
	at org.junit.internal.runners.model.ReflectiveCallable.run(ReflectiveCallable.java:12)
	at org.junit.runners.model.FrameworkMethod.invokeExplosively(FrameworkMethod.java:56)
	at org.junit.internal.runners.statements.InvokeMethod.evaluate(InvokeMethod.java:17)
	at org.junit.internal.runners.statements.FailOnTimeout$CallableStatement.call(FailOnTimeout.java:288)
	at org.junit.internal.runners.statements.FailOnTimeout$CallableStatement.call(FailOnTimeout.java:282)
	at java.util.concurrent.FutureTask.run(FutureTask.java:266)
	at java.lang.Thread.run(Thread.java:750)
</error>
    <system-out><![CDATA[2022-03-14 02:38:56,721 [Time-limited test] WARN  server.ServerUtils (ServerUtils.java:getScmDbDir(148)) - ozone.scm.db.dirs is not configured. We recommend adding this setting. Falling back to ozone.metadata.dirs instead.
2022-03-14 02:38:56,729 [Time-limited test] INFO  ha.SCMHANodeDetails (SCMHANodeDetails.java:loadSCMHAConfig(157)) - ServiceID for StorageContainerManager is null
2022-03-14 02:38:56,729 [Time-limited test] INFO  ha.SCMHANodeDetails (SCMHANodeDetails.java:loadSCMHAConfig(162)) - ozone.scm.default.service.id is not defined, falling back to ozone.scm.service.ids to find serviceID for StorageContainerManager if it is HA enabled cluster
2022-03-14 02:38:56,733 [Time-limited test] INFO  server.RaftServer (ConfUtils.java:logGet(44)) - raft.rpc.type = GRPC (default)
2022-03-14 02:38:56,733 [Time-limited test] INFO  grpc.GrpcFactory (GrpcFactory.java:checkPooledByteBufAllocatorUseCacheForAllThreads(48)) - PERFORMANCE WARNING: useCacheForAllThreads is true that may cause Netty to create a lot garbage objects and, as a result, trigger GC.
	It is recommended to disable useCacheForAllThreads by setting -Dorg.apache.ratis.thirdparty.io.netty.allocator.useCacheForAllThreads=false in command line.
2022-03-14 02:38:56,733 [Time-limited test] INFO  grpc.GrpcConfigKeys (ConfUtils.java:logGet(44)) - raft.grpc.admin.port = -1 (default)
2022-03-14 02:38:56,733 [Time-limited test] INFO  grpc.GrpcConfigKeys (ConfUtils.java:logGet(44)) - raft.grpc.server.port = 9894 (custom)
2022-03-14 02:38:56,739 [Time-limited test] INFO  grpc.GrpcConfigKeys (ConfUtils.java:logGet(44)) - raft.grpc.client.port = -1 (default)
2022-03-14 02:38:56,741 [Time-limited test] INFO  grpc.GrpcConfigKeys (ConfUtils.java:logGet(44)) - raft.grpc.server.port = 9894 (custom)
2022-03-14 02:38:56,741 [Time-limited test] INFO  grpc.GrpcConfigKeys (ConfUtils.java:logGet(44)) - raft.grpc.server.port = 9894 (custom)
2022-03-14 02:38:56,741 [Time-limited test] INFO  server.GrpcService (ConfUtils.java:logGet(44)) - raft.grpc.message.size.max = 32m (=33554432) (custom)
2022-03-14 02:38:56,741 [Time-limited test] INFO  server.RaftServerConfigKeys (ConfUtils.java:logGet(44)) - raft.server.log.appender.buffer.byte-limit = 33554432 (custom)
2022-03-14 02:38:56,742 [Time-limited test] INFO  server.GrpcService (ConfUtils.java:logGet(44)) - raft.grpc.flow.control.window = 1MB (=1048576) (default)
2022-03-14 02:38:56,745 [Time-limited test] INFO  server.RaftServerConfigKeys (ConfUtils.java:logGet(44)) - raft.server.rpc.request.timeout = 30000ms (custom)
2022-03-14 02:38:56,748 [Time-limited test] INFO  impl.DataStreamServerImpl (ConfUtils.java:logGet(44)) - raft.datastream.type = DISABLED (default)
2022-03-14 02:38:56,748 [Time-limited test] INFO  server.RaftServerConfigKeys (ConfUtils.java:logGet(44)) - raft.server.rpc.slowness.timeout = 120000ms (custom)
2022-03-14 02:38:56,748 [Time-limited test] INFO  server.RaftServerConfigKeys (ConfUtils.java:logGet(44)) - raft.server.leaderelection.leader.step-down.wait-time = 10s (default)
2022-03-14 02:38:56,748 [Time-limited test] INFO  server.RaftServerConfigKeys (ConfUtils.java:logGet(44)) - raft.server.storage.dir = [/home/runner/work/ozone/ozone/hadoop-ozone/integration-test/target/test-dir/MiniOzoneClusterImpl-a8714879-5ed3-4fa8-8176-35e71d15aa3e/ozone-meta/scm-ha] (custom)
2022-03-14 02:38:56,769 [Time-limited test] INFO  server.RaftServer (RaftServerProxy.java:addNew(95)) - c10a1ce7-f634-4401-b221-0e35fc9f4831: addNew group-35E71D15AA3E:[c10a1ce7-f634-4401-b221-0e35fc9f4831|rpc:fv-az501-120:9894|priority:0] returns group-35E71D15AA3E:java.util.concurrent.CompletableFuture@19b95b9c[Not completed]
2022-03-14 02:38:56,770 [pool-209-thread-1] INFO  server.RaftServer$Division (RaftServerImpl.java:<init>(184)) - c10a1ce7-f634-4401-b221-0e35fc9f4831: new RaftServerImpl for group-35E71D15AA3E:[c10a1ce7-f634-4401-b221-0e35fc9f4831|rpc:fv-az501-120:9894|priority:0] with SCMStateMachine:uninitialized
2022-03-14 02:38:56,778 [pool-209-thread-1] INFO  server.RaftServerConfigKeys (ConfUtils.java:logGet(44)) - raft.server.rpc.timeout.min = 5000ms (custom)
2022-03-14 02:38:56,778 [pool-209-thread-1] INFO  server.RaftServerConfigKeys (ConfUtils.java:logGet(44)) - raft.server.rpc.timeout.max = 5200ms (custom)
2022-03-14 02:38:56,778 [pool-209-thread-1] INFO  server.RaftServerConfigKeys (ConfUtils.java:logGet(44)) - raft.server.rpc.sleep.time = 25ms (default)
2022-03-14 02:38:56,778 [pool-209-thread-1] INFO  server.RaftServerConfigKeys (ConfUtils.java:logGet(44)) - raft.server.rpc.slowness.timeout = 120000ms (custom)
2022-03-14 02:38:56,778 [pool-209-thread-1] INFO  server.RaftServerConfigKeys (ConfUtils.java:logGet(44)) - raft.server.leaderelection.leader.step-down.wait-time = 10s (default)
2022-03-14 02:38:56,778 [pool-209-thread-1] INFO  server.RaftServerConfigKeys (ConfUtils.java:logGet(44)) - raft.server.sleep.deviation.threshold = 300ms (default)
2022-03-14 02:38:56,778 [pool-209-thread-1] INFO  server.RaftServerConfigKeys (ConfUtils.java:logGet(44)) - raft.server.log.appender.install.snapshot.enabled = false (custom)
2022-03-14 02:38:56,778 [pool-209-thread-1] INFO  server.RaftServer$Division (ServerState.java:<init>(105)) - c10a1ce7-f634-4401-b221-0e35fc9f4831@group-35E71D15AA3E: ConfigurationManager, init=-1: [c10a1ce7-f634-4401-b221-0e35fc9f4831|rpc:fv-az501-120:9894|priority:0], old=null, confs=<EMPTY_MAP>
2022-03-14 02:38:56,778 [pool-209-thread-1] INFO  server.RaftServerConfigKeys (ConfUtils.java:logGet(44)) - raft.server.storage.dir = [/home/runner/work/ozone/ozone/hadoop-ozone/integration-test/target/test-dir/MiniOzoneClusterImpl-a8714879-5ed3-4fa8-8176-35e71d15aa3e/ozone-meta/scm-ha] (custom)
2022-03-14 02:38:56,779 [pool-209-thread-1] INFO  server.RaftServerConfigKeys (ConfUtils.java:logGet(44)) - raft.server.log.corruption.policy = EXCEPTION (default)
2022-03-14 02:38:56,779 [pool-209-thread-1] INFO  server.RaftServerConfigKeys (ConfUtils.java:logGet(44)) - raft.server.storage.free-space.min = 0MB (=0) (default)
2022-03-14 02:38:56,779 [pool-209-thread-1] INFO  storage.RaftStorageDirectory (RaftStorageDirectoryImpl.java:analyzeStorage(135)) - The storage directory /home/runner/work/ozone/ozone/hadoop-ozone/integration-test/target/test-dir/MiniOzoneClusterImpl-a8714879-5ed3-4fa8-8176-35e71d15aa3e/ozone-meta/scm-ha/a8714879-5ed3-4fa8-8176-35e71d15aa3e does not exist. Creating ...
2022-03-14 02:38:56,783 [pool-209-thread-1] INFO  storage.RaftStorageDirectory (RaftStorageDirectoryImpl.java:tryLock(230)) - Lock on /home/runner/work/ozone/ozone/hadoop-ozone/integration-test/target/test-dir/MiniOzoneClusterImpl-a8714879-5ed3-4fa8-8176-35e71d15aa3e/ozone-meta/scm-ha/a8714879-5ed3-4fa8-8176-35e71d15aa3e/in_use.lock acquired by nodename 12570@fv-az501-120
2022-03-14 02:38:56,791 [pool-209-thread-1] INFO  storage.RaftStorage (RaftStorageImpl.java:format(89)) - Storage directory /home/runner/work/ozone/ozone/hadoop-ozone/integration-test/target/test-dir/MiniOzoneClusterImpl-a8714879-5ed3-4fa8-8176-35e71d15aa3e/ozone-meta/scm-ha/a8714879-5ed3-4fa8-8176-35e71d15aa3e has been successfully formatted.
2022-03-14 02:38:56,791 [pool-209-thread-1] INFO  server.RaftServerConfigKeys (ConfUtils.java:logGet(44)) - raft.server.notification.no-leader.timeout = 60s (default)
2022-03-14 02:38:56,791 [pool-209-thread-1] INFO  server.RaftServerConfigKeys (ConfUtils.java:logGet(44)) - raft.server.log.use.memory = false (default)
2022-03-14 02:38:56,791 [pool-209-thread-1] INFO  server.RaftServerConfigKeys (ConfUtils.java:logGet(44)) - raft.server.log.purge.gap = 1000000 (custom)
2022-03-14 02:38:56,792 [pool-209-thread-1] INFO  server.RaftServerConfigKeys (ConfUtils.java:logGet(44)) - raft.server.log.appender.buffer.byte-limit = 33554432 (custom)
2022-03-14 02:38:56,792 [pool-209-thread-1] INFO  server.RaftServerConfigKeys (ConfUtils.java:logGet(44)) - raft.server.log.segment.size.max = 4194304 (custom)
2022-03-14 02:38:56,792 [pool-209-thread-1] INFO  server.RaftServerConfigKeys (ConfUtils.java:logGet(44)) - raft.server.log.segment.cache.num.max = 2 (custom)
2022-03-14 02:38:56,792 [pool-209-thread-1] INFO  server.RaftServerConfigKeys (ConfUtils.java:logGet(44)) - raft.server.log.segment.cache.size.max = 200MB (=209715200) (default)
2022-03-14 02:38:56,792 [pool-209-thread-1] INFO  segmented.SegmentedRaftLogWorker (SegmentedRaftLogWorker.java:<init>(182)) - new c10a1ce7-f634-4401-b221-0e35fc9f4831@group-35E71D15AA3E-SegmentedRaftLogWorker for RaftStorageImpl:Storage Directory /home/runner/work/ozone/ozone/hadoop-ozone/integration-test/target/test-dir/MiniOzoneClusterImpl-a8714879-5ed3-4fa8-8176-35e71d15aa3e/ozone-meta/scm-ha/a8714879-5ed3-4fa8-8176-35e71d15aa3e
2022-03-14 02:38:56,793 [pool-209-thread-1] INFO  server.RaftServerConfigKeys (ConfUtils.java:logGet(44)) - raft.server.log.queue.byte-limit = 64MB (=67108864) (default)
2022-03-14 02:38:56,793 [pool-209-thread-1] INFO  server.RaftServerConfigKeys (ConfUtils.java:logGet(44)) - raft.server.log.queue.element-limit = 4096 (default)
2022-03-14 02:38:56,793 [pool-209-thread-1] INFO  server.RaftServerConfigKeys (ConfUtils.java:logGet(44)) - raft.server.log.segment.size.max = 4194304 (custom)
2022-03-14 02:38:56,793 [pool-209-thread-1] INFO  server.RaftServerConfigKeys (ConfUtils.java:logGet(44)) - raft.server.log.preallocated.size = 4194304 (custom)
2022-03-14 02:38:56,793 [pool-209-thread-1] INFO  server.RaftServerConfigKeys (ConfUtils.java:logGet(44)) - raft.server.log.force.sync.num = 128 (default)
2022-03-14 02:38:56,793 [pool-209-thread-1] INFO  server.RaftServerConfigKeys (ConfUtils.java:logGet(44)) - raft.server.log.statemachine.data.sync = true (default)
2022-03-14 02:38:56,793 [pool-209-thread-1] INFO  server.RaftServerConfigKeys (ConfUtils.java:logGet(44)) - raft.server.log.statemachine.data.sync.timeout = 10s (default)
2022-03-14 02:38:56,793 [pool-209-thread-1] INFO  server.RaftServerConfigKeys (ConfUtils.java:logGet(44)) - raft.server.log.statemachine.data.sync.timeout.retry = -1 (default)
2022-03-14 02:38:56,794 [pool-209-thread-1] INFO  server.RaftServerConfigKeys (ConfUtils.java:logGet(44)) - raft.server.log.write.buffer.size = 64KB (=65536) (default)
2022-03-14 02:38:56,794 [pool-209-thread-1] INFO  server.RaftServerConfigKeys (ConfUtils.java:logGet(44)) - raft.server.log.statemachine.data.caching.enabled = false (default)
2022-03-14 02:38:56,794 [pool-209-thread-1] INFO  segmented.SegmentedRaftLogWorker (SegmentedRaftLogWorker.java:lambda$new$0(133)) - c10a1ce7-f634-4401-b221-0e35fc9f4831@group-35E71D15AA3E-SegmentedRaftLogWorker: flushIndex: setUnconditionally 0 -> -1
2022-03-14 02:38:56,794 [pool-209-thread-1] INFO  segmented.SegmentedRaftLogWorker (SegmentedRaftLogWorker.java:lambda$new$0(133)) - c10a1ce7-f634-4401-b221-0e35fc9f4831@group-35E71D15AA3E-SegmentedRaftLogWorker: safeCacheEvictIndex: setUnconditionally 0 -> -1
2022-03-14 02:38:56,809 [pool-209-thread-1] INFO  server.RaftServerConfigKeys (ConfUtils.java:logGet(44)) - raft.server.snapshot.auto.trigger.enabled = true (custom)
2022-03-14 02:38:56,809 [pool-209-thread-1] INFO  server.RaftServerConfigKeys (ConfUtils.java:logGet(44)) - raft.server.snapshot.auto.trigger.threshold = 1000 (custom)
2022-03-14 02:38:56,810 [pool-209-thread-1] INFO  server.RaftServerConfigKeys (ConfUtils.java:logGet(44)) - raft.server.snapshot.retention.file.num = -1 (default)
2022-03-14 02:38:56,810 [pool-209-thread-1] INFO  server.RaftServerConfigKeys (ConfUtils.java:logGet(44)) - raft.server.log.purge.upto.snapshot.index = false (default)
2022-03-14 02:38:56,810 [pool-209-thread-1] INFO  server.RaftServerConfigKeys (ConfUtils.java:logGet(44)) - raft.server.retrycache.expirytime = 60000ms (default)
2022-03-14 02:38:56,810 [pool-209-thread-1] INFO  server.RaftServerConfigKeys (ConfUtils.java:logGet(44)) - raft.server.retrycache.statistics.expirytime = 100μs (default)
2022-03-14 02:38:56,811 [Time-limited test] INFO  server.RaftServer$Division (RaftServerImpl.java:start(301)) - c10a1ce7-f634-4401-b221-0e35fc9f4831@group-35E71D15AA3E: start as a follower, conf=-1: [c10a1ce7-f634-4401-b221-0e35fc9f4831|rpc:fv-az501-120:9894|priority:0], old=null
2022-03-14 02:38:56,811 [Time-limited test] INFO  server.RaftServer$Division (RaftServerImpl.java:setRole(290)) - c10a1ce7-f634-4401-b221-0e35fc9f4831@group-35E71D15AA3E: changes role from      null to FOLLOWER at term 0 for startAsFollower
2022-03-14 02:38:56,811 [Time-limited test] INFO  impl.RoleInfo (RoleInfo.java:updateAndGet(130)) - c10a1ce7-f634-4401-b221-0e35fc9f4831: start c10a1ce7-f634-4401-b221-0e35fc9f4831@group-35E71D15AA3E-FollowerState
2022-03-14 02:38:56,818 [Time-limited test] INFO  util.JmxRegister (JmxRegister.java:tryRegister(44)) - Successfully registered JMX Bean with object name Ratis:service=RaftServer,group=group-35E71D15AA3E,id=c10a1ce7-f634-4401-b221-0e35fc9f4831
2022-03-14 02:38:56,819 [Time-limited test] INFO  server.RaftServer (RaftServerProxy.java:lambda$start$5(374)) - c10a1ce7-f634-4401-b221-0e35fc9f4831: start RPC server
2022-03-14 02:38:56,820 [Time-limited test] INFO  server.GrpcService (GrpcService.java:startImpl(253)) - c10a1ce7-f634-4401-b221-0e35fc9f4831: GrpcService started, listening on 9894
2022-03-14 02:38:56,835 [org.apache.ratis.util.JvmPauseMonitor$$Lambda$431/1941186180@7fa14f3e] INFO  util.JvmPauseMonitor (JvmPauseMonitor.java:run(103)) - JvmPauseMonitor-c10a1ce7-f634-4401-b221-0e35fc9f4831: Started
2022-03-14 02:39:01,862 [c10a1ce7-f634-4401-b221-0e35fc9f4831@group-35E71D15AA3E-FollowerState] INFO  impl.FollowerState (FollowerState.java:run(134)) - c10a1ce7-f634-4401-b221-0e35fc9f4831@group-35E71D15AA3E-FollowerState: change to CANDIDATE, lastRpcElapsedTime:5051093211ns, electionTimeout:5044ms
2022-03-14 02:39:01,863 [c10a1ce7-f634-4401-b221-0e35fc9f4831@group-35E71D15AA3E-FollowerState] INFO  impl.RoleInfo (RoleInfo.java:shutdownFollowerState(108)) - c10a1ce7-f634-4401-b221-0e35fc9f4831: shutdown c10a1ce7-f634-4401-b221-0e35fc9f4831@group-35E71D15AA3E-FollowerState
2022-03-14 02:39:01,863 [c10a1ce7-f634-4401-b221-0e35fc9f4831@group-35E71D15AA3E-FollowerState] INFO  server.RaftServer$Division (RaftServerImpl.java:setRole(290)) - c10a1ce7-f634-4401-b221-0e35fc9f4831@group-35E71D15AA3E: changes role from  FOLLOWER to CANDIDATE at term 0 for changeToCandidate
2022-03-14 02:39:01,863 [c10a1ce7-f634-4401-b221-0e35fc9f4831@group-35E71D15AA3E-FollowerState] INFO  server.RaftServerConfigKeys (ConfUtils.java:logGet(44)) - raft.server.leaderelection.pre-vote = false (custom)
2022-03-14 02:39:01,863 [c10a1ce7-f634-4401-b221-0e35fc9f4831@group-35E71D15AA3E-FollowerState] INFO  impl.RoleInfo (RoleInfo.java:updateAndGet(130)) - c10a1ce7-f634-4401-b221-0e35fc9f4831: start c10a1ce7-f634-4401-b221-0e35fc9f4831@group-35E71D15AA3E-LeaderElection13
2022-03-14 02:39:01,878 [c10a1ce7-f634-4401-b221-0e35fc9f4831@group-35E71D15AA3E-LeaderElection13] INFO  impl.LeaderElection (LeaderElection.java:askForVotes(306)) - c10a1ce7-f634-4401-b221-0e35fc9f4831@group-35E71D15AA3E-LeaderElection13 ELECTION round 0: submit vote requests at term 1 for -1: [c10a1ce7-f634-4401-b221-0e35fc9f4831|rpc:fv-az501-120:9894|priority:0], old=null
2022-03-14 02:39:01,878 [c10a1ce7-f634-4401-b221-0e35fc9f4831@group-35E71D15AA3E-LeaderElection13] INFO  impl.LeaderElection (LeaderElection.java:askForVotes(308)) - c10a1ce7-f634-4401-b221-0e35fc9f4831@group-35E71D15AA3E-LeaderElection13 ELECTION round 0: result PASSED (term=1)
2022-03-14 02:39:01,878 [c10a1ce7-f634-4401-b221-0e35fc9f4831@group-35E71D15AA3E-LeaderElection13] INFO  impl.RoleInfo (RoleInfo.java:shutdownLeaderElection(121)) - c10a1ce7-f634-4401-b221-0e35fc9f4831: shutdown c10a1ce7-f634-4401-b221-0e35fc9f4831@group-35E71D15AA3E-LeaderElection13
2022-03-14 02:39:01,878 [c10a1ce7-f634-4401-b221-0e35fc9f4831@group-35E71D15AA3E-LeaderElection13] INFO  server.RaftServer$Division (RaftServerImpl.java:setRole(290)) - c10a1ce7-f634-4401-b221-0e35fc9f4831@group-35E71D15AA3E: changes role from CANDIDATE to LEADER at term 1 for changeToLeader
2022-03-14 02:39:01,878 [c10a1ce7-f634-4401-b221-0e35fc9f4831@group-35E71D15AA3E-LeaderElection13] INFO  server.RaftServer$Division (ServerState.java:setLeader(285)) - c10a1ce7-f634-4401-b221-0e35fc9f4831@group-35E71D15AA3E: change Leader from null to c10a1ce7-f634-4401-b221-0e35fc9f4831 at term 1 for becomeLeader, leader elected after 5086ms
2022-03-14 02:39:01,878 [c10a1ce7-f634-4401-b221-0e35fc9f4831@group-35E71D15AA3E-LeaderElection13] INFO  server.RaftServerConfigKeys (ConfUtils.java:logGet(44)) - raft.server.staging.catchup.gap = 1000 (default)
2022-03-14 02:39:01,881 [c10a1ce7-f634-4401-b221-0e35fc9f4831@group-35E71D15AA3E-LeaderElection13] INFO  server.RaftServerConfigKeys (ConfUtils.java:logGet(44)) - raft.server.write.element-limit = 4096 (default)
2022-03-14 02:39:01,882 [c10a1ce7-f634-4401-b221-0e35fc9f4831@group-35E71D15AA3E-LeaderElection13] INFO  server.RaftServerConfigKeys (ConfUtils.java:logGet(44)) - raft.server.write.byte-limit = 64MB (=67108864) (default)
2022-03-14 02:39:01,882 [c10a1ce7-f634-4401-b221-0e35fc9f4831@group-35E71D15AA3E-LeaderElection13] INFO  server.RaftServerConfigKeys (ConfUtils.java:logGet(44)) - raft.server.watch.timeout = 10s (default)
2022-03-14 02:39:01,882 [c10a1ce7-f634-4401-b221-0e35fc9f4831@group-35E71D15AA3E-LeaderElection13] INFO  server.RaftServerConfigKeys (ConfUtils.java:logGet(44)) - raft.server.watch.timeout.denomination = 1s (default)
2022-03-14 02:39:01,882 [c10a1ce7-f634-4401-b221-0e35fc9f4831@group-35E71D15AA3E-LeaderElection13] INFO  server.RaftServerConfigKeys (ConfUtils.java:logGet(44)) - raft.server.watch.element-limit = 65536 (default)
2022-03-14 02:39:01,882 [c10a1ce7-f634-4401-b221-0e35fc9f4831@group-35E71D15AA3E-LeaderElection13] INFO  server.RaftServerConfigKeys (ConfUtils.java:logGet(44)) - raft.server.write.element-limit = 4096 (default)
2022-03-14 02:39:01,882 [c10a1ce7-f634-4401-b221-0e35fc9f4831@group-35E71D15AA3E-LeaderElection13] INFO  server.RaftServerConfigKeys (ConfUtils.java:logGet(44)) - raft.server.write.follower.gap.ratio.max = -1.0 (default)
2022-03-14 02:39:01,883 [c10a1ce7-f634-4401-b221-0e35fc9f4831@group-35E71D15AA3E-LeaderElection13] INFO  impl.RoleInfo (RoleInfo.java:updateAndGet(130)) - c10a1ce7-f634-4401-b221-0e35fc9f4831: start c10a1ce7-f634-4401-b221-0e35fc9f4831@group-35E71D15AA3E-LeaderStateImpl
2022-03-14 02:39:01,883 [c10a1ce7-f634-4401-b221-0e35fc9f4831@group-35E71D15AA3E-LeaderElection13] INFO  segmented.SegmentedRaftLogWorker (SegmentedRaftLogWorker.java:startLogSegment(394)) - c10a1ce7-f634-4401-b221-0e35fc9f4831@group-35E71D15AA3E-SegmentedRaftLogWorker: Starting segment from index:0
2022-03-14 02:39:01,895 [c10a1ce7-f634-4401-b221-0e35fc9f4831@group-35E71D15AA3E-LeaderElection13] INFO  server.RaftServer$Division (ServerState.java:setRaftConf(387)) - c10a1ce7-f634-4401-b221-0e35fc9f4831@group-35E71D15AA3E: set configuration 0: [c10a1ce7-f634-4401-b221-0e35fc9f4831|rpc:fv-az501-120:9894|admin:|client:|dataStream:|priority:0], old=null
2022-03-14 02:39:01,895 [c10a1ce7-f634-4401-b221-0e35fc9f4831@group-35E71D15AA3E-SegmentedRaftLogWorker] INFO  segmented.SegmentedRaftLogWorker (SegmentedRaftLogWorker.java:execute(601)) - c10a1ce7-f634-4401-b221-0e35fc9f4831@group-35E71D15AA3E-SegmentedRaftLogWorker: created new log segment /home/runner/work/ozone/ozone/hadoop-ozone/integration-test/target/test-dir/MiniOzoneClusterImpl-a8714879-5ed3-4fa8-8176-35e71d15aa3e/ozone-meta/scm-ha/a8714879-5ed3-4fa8-8176-35e71d15aa3e/current/log_inprogress_0
2022-03-14 02:39:02,836 [Time-limited test] INFO  server.RaftServer (RaftServerProxy.java:lambda$close$6(391)) - c10a1ce7-f634-4401-b221-0e35fc9f4831: close
2022-03-14 02:39:02,836 [Time-limited test] INFO  server.RaftServer$Division (RaftServerImpl.java:lambda$close$4(412)) - c10a1ce7-f634-4401-b221-0e35fc9f4831@group-35E71D15AA3E: shutdown
2022-03-14 02:39:02,836 [Time-limited test] INFO  util.JmxRegister (JmxRegister.java:unregister(73)) - Successfully un-registered JMX Bean with object name Ratis:service=RaftServer,group=group-35E71D15AA3E,id=c10a1ce7-f634-4401-b221-0e35fc9f4831
2022-03-14 02:39:02,836 [Time-limited test] INFO  impl.RoleInfo (RoleInfo.java:shutdownLeaderState(91)) - c10a1ce7-f634-4401-b221-0e35fc9f4831: shutdown c10a1ce7-f634-4401-b221-0e35fc9f4831@group-35E71D15AA3E-LeaderStateImpl
2022-03-14 02:39:02,837 [Time-limited test] INFO  impl.PendingRequests (PendingRequests.java:sendNotLeaderResponses(282)) - c10a1ce7-f634-4401-b221-0e35fc9f4831@group-35E71D15AA3E-PendingRequests: sendNotLeaderResponses
2022-03-14 02:39:02,837 [Time-limited test] INFO  impl.StateMachineUpdater (StateMachineUpdater.java:stopAndJoin(149)) - c10a1ce7-f634-4401-b221-0e35fc9f4831@group-35E71D15AA3E-StateMachineUpdater: set stopIndex = 0
2022-03-14 02:39:02,838 [c10a1ce7-f634-4401-b221-0e35fc9f4831@group-35E71D15AA3E-StateMachineUpdater] INFO  impl.StateMachineUpdater (StateMachineUpdater.java:takeSnapshot(281)) - c10a1ce7-f634-4401-b221-0e35fc9f4831@group-35E71D15AA3E-StateMachineUpdater: Took a snapshot at index 0
2022-03-14 02:39:02,838 [c10a1ce7-f634-4401-b221-0e35fc9f4831@group-35E71D15AA3E-StateMachineUpdater] INFO  impl.StateMachineUpdater (StateMachineUpdater.java:lambda$new$0(89)) - c10a1ce7-f634-4401-b221-0e35fc9f4831@group-35E71D15AA3E-StateMachineUpdater: snapshotIndex: updateIncreasingly -1 -> 0
2022-03-14 02:39:02,838 [Time-limited test] INFO  server.RaftServer$Division (ServerState.java:close(419)) - c10a1ce7-f634-4401-b221-0e35fc9f4831@group-35E71D15AA3E: closes. applyIndex: 0
2022-03-14 02:39:02,838 [c10a1ce7-f634-4401-b221-0e35fc9f4831@group-35E71D15AA3E-SegmentedRaftLogWorker] INFO  segmented.SegmentedRaftLogWorker (SegmentedRaftLogWorker.java:run(327)) - c10a1ce7-f634-4401-b221-0e35fc9f4831@group-35E71D15AA3E-SegmentedRaftLogWorker was interrupted, exiting. There are 0 tasks remaining in the queue.
2022-03-14 02:39:02,843 [Time-limited test] INFO  segmented.SegmentedRaftLogWorker (SegmentedRaftLogWorker.java:close(237)) - c10a1ce7-f634-4401-b221-0e35fc9f4831@group-35E71D15AA3E-SegmentedRaftLogWorker close()
2022-03-14 02:39:02,849 [Time-limited test] INFO  server.GrpcService (GrpcService.java:closeImpl(262)) - c10a1ce7-f634-4401-b221-0e35fc9f4831: shutdown server with port 9894 now
2022-03-14 02:39:02,850 [Time-limited test] INFO  server.GrpcService (GrpcService.java:closeImpl(271)) - c10a1ce7-f634-4401-b221-0e35fc9f4831: shutdown server with port 9894 successfully
2022-03-14 02:39:02,850 [org.apache.ratis.util.JvmPauseMonitor$$Lambda$431/1941186180@7fa14f3e] INFO  util.JvmPauseMonitor (JvmPauseMonitor.java:run(109)) - JvmPauseMonitor-c10a1ce7-f634-4401-b221-0e35fc9f4831: Stopped
2022-03-14 02:39:02,850 [Time-limited test] INFO  ha.SCMHANodeDetails (SCMHANodeDetails.java:loadSCMHAConfig(157)) - ServiceID for StorageContainerManager is null
2022-03-14 02:39:02,850 [Time-limited test] INFO  ha.SCMHANodeDetails (SCMHANodeDetails.java:loadSCMHAConfig(162)) - ozone.scm.default.service.id is not defined, falling back to ozone.scm.service.ids to find serviceID for StorageContainerManager if it is HA enabled cluster
2022-03-14 02:39:02,851 [Time-limited test] WARN  server.ServerUtils (ServerUtils.java:getScmDbDir(148)) - ozone.scm.db.dirs is not configured. We recommend adding this setting. Falling back to ozone.metadata.dirs instead.
2022-03-14 02:39:02,851 [Time-limited test] INFO  upgrade.AbstractLayoutVersionManager (AbstractLayoutVersionManager.java:init(79)) - Initializing Layout version manager with metadata layout = SCM_HA (version = 2), software layout = SCM_HA (version = 2)
2022-03-14 02:39:02,986 [Time-limited test] INFO  reflections.Reflections (Reflections.java:scan(232)) - Reflections took 134 ms to scan 7 urls, producing 122 keys and 286 values 
2022-03-14 02:39:02,994 [Time-limited test] WARN  utils.HAUtils (HAUtils.java:getMetaDir(342)) - ozone.scm.db.dirs is not configured. We recommend adding this setting. Falling back to ozone.metadata.dirs instead.
2022-03-14 02:39:02,995 [Time-limited test] WARN  db.DBStoreBuilder (DBStoreBuilder.java:applyDBDefinition(145)) - ozone.scm.db.dirs is not configured. We recommend adding this setting. Falling back to ozone.metadata.dirs instead.
2022-03-14 02:39:03,215 [Time-limited test] INFO  net.NodeSchemaLoader (NodeSchemaLoader.java:loadSchemaFromFile(129)) - Loading schema from [jar:file:/home/runner/.m2/repository/org/apache/ozone/hdds-common/1.3.0-SNAPSHOT/hdds-common-1.3.0-SNAPSHOT.jar!/network-topology-default.xml]
2022-03-14 02:39:03,218 [Time-limited test] INFO  net.NodeSchemaLoader (NodeSchemaLoader.java:loadSchema(176)) - Loading network topology layer schema file
2022-03-14 02:39:03,223 [Time-limited test] INFO  ha.SCMRatisServerImpl (SCMRatisServerImpl.java:<init>(87)) - starting Raft server for scm:c10a1ce7-f634-4401-b221-0e35fc9f4831
2022-03-14 02:39:03,224 [Time-limited test] INFO  server.RaftServer (ConfUtils.java:logGet(44)) - raft.rpc.type = GRPC (default)
2022-03-14 02:39:03,224 [Time-limited test] INFO  grpc.GrpcFactory (GrpcFactory.java:checkPooledByteBufAllocatorUseCacheForAllThreads(48)) - PERFORMANCE WARNING: useCacheForAllThreads is true that may cause Netty to create a lot garbage objects and, as a result, trigger GC.
	It is recommended to disable useCacheForAllThreads by setting -Dorg.apache.ratis.thirdparty.io.netty.allocator.useCacheForAllThreads=false in command line.
2022-03-14 02:39:03,224 [Time-limited test] INFO  grpc.GrpcConfigKeys (ConfUtils.java:logGet(44)) - raft.grpc.admin.port = -1 (default)
2022-03-14 02:39:03,225 [Time-limited test] INFO  grpc.GrpcConfigKeys (ConfUtils.java:logGet(44)) - raft.grpc.server.port = 9894 (custom)
2022-03-14 02:39:03,225 [Time-limited test] INFO  grpc.GrpcConfigKeys (ConfUtils.java:logGet(44)) - raft.grpc.client.port = -1 (default)
2022-03-14 02:39:03,225 [Time-limited test] INFO  grpc.GrpcConfigKeys (ConfUtils.java:logGet(44)) - raft.grpc.server.port = 9894 (custom)
2022-03-14 02:39:03,225 [Time-limited test] INFO  grpc.GrpcConfigKeys (ConfUtils.java:logGet(44)) - raft.grpc.server.port = 9894 (custom)
2022-03-14 02:39:03,225 [Time-limited test] INFO  server.GrpcService (ConfUtils.java:logGet(44)) - raft.grpc.message.size.max = 32m (=33554432) (custom)
2022-03-14 02:39:03,225 [Time-limited test] INFO  server.RaftServerConfigKeys (ConfUtils.java:logGet(44)) - raft.server.log.appender.buffer.byte-limit = 33554432 (custom)
2022-03-14 02:39:03,225 [Time-limited test] INFO  server.GrpcService (ConfUtils.java:logGet(44)) - raft.grpc.flow.control.window = 1MB (=1048576) (default)
2022-03-14 02:39:03,226 [Time-limited test] INFO  server.RaftServerConfigKeys (ConfUtils.java:logGet(44)) - raft.server.rpc.request.timeout = 30000ms (custom)
2022-03-14 02:39:03,227 [Time-limited test] INFO  impl.DataStreamServerImpl (ConfUtils.java:logGet(44)) - raft.datastream.type = DISABLED (default)
2022-03-14 02:39:03,228 [Time-limited test] INFO  server.RaftServerConfigKeys (ConfUtils.java:logGet(44)) - raft.server.rpc.slowness.timeout = 120000ms (custom)
2022-03-14 02:39:03,228 [Time-limited test] INFO  server.RaftServerConfigKeys (ConfUtils.java:logGet(44)) - raft.server.leaderelection.leader.step-down.wait-time = 10s (default)
2022-03-14 02:39:03,228 [Time-limited test] INFO  server.RaftServerConfigKeys (ConfUtils.java:logGet(44)) - raft.server.storage.dir = [/home/runner/work/ozone/ozone/hadoop-ozone/integration-test/target/test-dir/MiniOzoneClusterImpl-a8714879-5ed3-4fa8-8176-35e71d15aa3e/ozone-meta/scm-ha] (custom)
2022-03-14 02:39:03,228 [Time-limited test] INFO  server.RaftServer (RaftServerProxy.java:lambda$null$1(235)) - c10a1ce7-f634-4401-b221-0e35fc9f4831: found a subdirectory /home/runner/work/ozone/ozone/hadoop-ozone/integration-test/target/test-dir/MiniOzoneClusterImpl-a8714879-5ed3-4fa8-8176-35e71d15aa3e/ozone-meta/scm-ha/a8714879-5ed3-4fa8-8176-35e71d15aa3e
2022-03-14 02:39:03,229 [Time-limited test] INFO  server.RaftServer (RaftServerProxy.java:addNew(95)) - c10a1ce7-f634-4401-b221-0e35fc9f4831: addNew group-35E71D15AA3E:[] returns group-35E71D15AA3E:java.util.concurrent.CompletableFuture@72ce0b8[Not completed]
2022-03-14 02:39:03,229 [pool-222-thread-1] INFO  server.RaftServer$Division (RaftServerImpl.java:<init>(184)) - c10a1ce7-f634-4401-b221-0e35fc9f4831: new RaftServerImpl for group-35E71D15AA3E:[] with SCMStateMachine:uninitialized
2022-03-14 02:39:03,237 [pool-222-thread-1] INFO  server.RaftServerConfigKeys (ConfUtils.java:logGet(44)) - raft.server.rpc.timeout.min = 5000ms (custom)
2022-03-14 02:39:03,237 [pool-222-thread-1] INFO  server.RaftServerConfigKeys (ConfUtils.java:logGet(44)) - raft.server.rpc.timeout.max = 5200ms (custom)
2022-03-14 02:39:03,237 [pool-222-thread-1] INFO  server.RaftServerConfigKeys (ConfUtils.java:logGet(44)) - raft.server.rpc.sleep.time = 25ms (default)
2022-03-14 02:39:03,237 [pool-222-thread-1] INFO  server.RaftServerConfigKeys (ConfUtils.java:logGet(44)) - raft.server.rpc.slowness.timeout = 120000ms (custom)
2022-03-14 02:39:03,237 [pool-222-thread-1] INFO  server.RaftServerConfigKeys (ConfUtils.java:logGet(44)) - raft.server.leaderelection.leader.step-down.wait-time = 10s (default)
2022-03-14 02:39:03,237 [pool-222-thread-1] INFO  server.RaftServerConfigKeys (ConfUtils.java:logGet(44)) - raft.server.sleep.deviation.threshold = 300ms (default)
2022-03-14 02:39:03,238 [pool-222-thread-1] INFO  server.RaftServerConfigKeys (ConfUtils.java:logGet(44)) - raft.server.log.appender.install.snapshot.enabled = false (custom)
2022-03-14 02:39:03,238 [pool-222-thread-1] INFO  server.RaftServer$Division (ServerState.java:<init>(105)) - c10a1ce7-f634-4401-b221-0e35fc9f4831@group-35E71D15AA3E: ConfigurationManager, init=-1: [], old=null, confs=<EMPTY_MAP>
2022-03-14 02:39:03,238 [pool-222-thread-1] INFO  server.RaftServerConfigKeys (ConfUtils.java:logGet(44)) - raft.server.storage.dir = [/home/runner/work/ozone/ozone/hadoop-ozone/integration-test/target/test-dir/MiniOzoneClusterImpl-a8714879-5ed3-4fa8-8176-35e71d15aa3e/ozone-meta/scm-ha] (custom)
2022-03-14 02:39:03,238 [pool-222-thread-1] INFO  server.RaftServerConfigKeys (ConfUtils.java:logGet(44)) - raft.server.log.corruption.policy = EXCEPTION (default)
2022-03-14 02:39:03,238 [pool-222-thread-1] INFO  server.RaftServerConfigKeys (ConfUtils.java:logGet(44)) - raft.server.storage.free-space.min = 0MB (=0) (default)
2022-03-14 02:39:03,239 [pool-222-thread-1] INFO  storage.RaftStorageDirectory (RaftStorageDirectoryImpl.java:tryLock(230)) - Lock on /home/runner/work/ozone/ozone/hadoop-ozone/integration-test/target/test-dir/MiniOzoneClusterImpl-a8714879-5ed3-4fa8-8176-35e71d15aa3e/ozone-meta/scm-ha/a8714879-5ed3-4fa8-8176-35e71d15aa3e/in_use.lock acquired by nodename 12570@fv-az501-120
2022-03-14 02:39:03,249 [pool-222-thread-1] INFO  storage.RaftStorage (RaftStorageImpl.java:analyzeAndRecoverStorage(110)) - Read RaftStorageMetadata{term=1, votedFor=c10a1ce7-f634-4401-b221-0e35fc9f4831} from /home/runner/work/ozone/ozone/hadoop-ozone/integration-test/target/test-dir/MiniOzoneClusterImpl-a8714879-5ed3-4fa8-8176-35e71d15aa3e/ozone-meta/scm-ha/a8714879-5ed3-4fa8-8176-35e71d15aa3e/current/raft-meta
2022-03-14 02:39:03,251 [pool-222-thread-1] INFO  server.RaftServer$Division (ServerState.java:setRaftConf(387)) - c10a1ce7-f634-4401-b221-0e35fc9f4831@group-35E71D15AA3E: set configuration 0: [c10a1ce7-f634-4401-b221-0e35fc9f4831|rpc:fv-az501-120:9894|admin:|client:|dataStream:|priority:0], old=null
2022-03-14 02:39:03,251 [pool-222-thread-1] INFO  server.RaftServerConfigKeys (ConfUtils.java:logGet(44)) - raft.server.notification.no-leader.timeout = 60s (default)
2022-03-14 02:39:03,252 [pool-222-thread-1] INFO  server.RaftServerConfigKeys (ConfUtils.java:logGet(44)) - raft.server.log.use.memory = false (default)
2022-03-14 02:39:03,252 [pool-222-thread-1] INFO  server.RaftServerConfigKeys (ConfUtils.java:logGet(44)) - raft.server.log.purge.gap = 1000000 (custom)
2022-03-14 02:39:03,252 [pool-222-thread-1] INFO  server.RaftServerConfigKeys (ConfUtils.java:logGet(44)) - raft.server.log.appender.buffer.byte-limit = 33554432 (custom)
2022-03-14 02:39:03,252 [pool-222-thread-1] INFO  server.RaftServerConfigKeys (ConfUtils.java:logGet(44)) - raft.server.log.segment.size.max = 4194304 (custom)
2022-03-14 02:39:03,253 [pool-222-thread-1] INFO  server.RaftServerConfigKeys (ConfUtils.java:logGet(44)) - raft.server.log.segment.cache.num.max = 2 (custom)
2022-03-14 02:39:03,253 [pool-222-thread-1] INFO  server.RaftServerConfigKeys (ConfUtils.java:logGet(44)) - raft.server.log.segment.cache.size.max = 200MB (=209715200) (default)
2022-03-14 02:39:03,253 [pool-222-thread-1] INFO  segmented.SegmentedRaftLogWorker (SegmentedRaftLogWorker.java:<init>(182)) - new c10a1ce7-f634-4401-b221-0e35fc9f4831@group-35E71D15AA3E-SegmentedRaftLogWorker for RaftStorageImpl:Storage Directory /home/runner/work/ozone/ozone/hadoop-ozone/integration-test/target/test-dir/MiniOzoneClusterImpl-a8714879-5ed3-4fa8-8176-35e71d15aa3e/ozone-meta/scm-ha/a8714879-5ed3-4fa8-8176-35e71d15aa3e
2022-03-14 02:39:03,253 [pool-222-thread-1] INFO  server.RaftServerConfigKeys (ConfUtils.java:logGet(44)) - raft.server.log.queue.byte-limit = 64MB (=67108864) (default)
2022-03-14 02:39:03,253 [pool-222-thread-1] INFO  server.RaftServerConfigKeys (ConfUtils.java:logGet(44)) - raft.server.log.queue.element-limit = 4096 (default)
2022-03-14 02:39:03,253 [pool-222-thread-1] INFO  server.RaftServerConfigKeys (ConfUtils.java:logGet(44)) - raft.server.log.segment.size.max = 4194304 (custom)
2022-03-14 02:39:03,253 [pool-222-thread-1] INFO  server.RaftServerConfigKeys (ConfUtils.java:logGet(44)) - raft.server.log.preallocated.size = 4194304 (custom)
2022-03-14 02:39:03,253 [pool-222-thread-1] INFO  server.RaftServerConfigKeys (ConfUtils.java:logGet(44)) - raft.server.log.force.sync.num = 128 (default)
2022-03-14 02:39:03,254 [pool-222-thread-1] INFO  server.RaftServerConfigKeys (ConfUtils.java:logGet(44)) - raft.server.log.statemachine.data.sync = true (default)
2022-03-14 02:39:03,254 [pool-222-thread-1] INFO  server.RaftServerConfigKeys (ConfUtils.java:logGet(44)) - raft.server.log.statemachine.data.sync.timeout = 10s (default)
2022-03-14 02:39:03,254 [pool-222-thread-1] INFO  server.RaftServerConfigKeys (ConfUtils.java:logGet(44)) - raft.server.log.statemachine.data.sync.timeout.retry = -1 (default)
2022-03-14 02:39:03,255 [pool-222-thread-1] INFO  server.RaftServerConfigKeys (ConfUtils.java:logGet(44)) - raft.server.log.write.buffer.size = 64KB (=65536) (default)
2022-03-14 02:39:03,255 [pool-222-thread-1] INFO  server.RaftServerConfigKeys (ConfUtils.java:logGet(44)) - raft.server.log.statemachine.data.caching.enabled = false (default)
2022-03-14 02:39:03,256 [pool-222-thread-1] INFO  server.RaftServer$Division (ServerState.java:setRaftConf(387)) - c10a1ce7-f634-4401-b221-0e35fc9f4831@group-35E71D15AA3E: set configuration 0: [c10a1ce7-f634-4401-b221-0e35fc9f4831|rpc:fv-az501-120:9894|admin:|client:|dataStream:|priority:0], old=null
2022-03-14 02:39:03,256 [pool-222-thread-1] INFO  segmented.LogSegment (LogSegment.java:loadSegment(173)) - Successfully read 1 entries from segment file /home/runner/work/ozone/ozone/hadoop-ozone/integration-test/target/test-dir/MiniOzoneClusterImpl-a8714879-5ed3-4fa8-8176-35e71d15aa3e/ozone-meta/scm-ha/a8714879-5ed3-4fa8-8176-35e71d15aa3e/current/log_inprogress_0
2022-03-14 02:39:03,261 [pool-222-thread-1] INFO  segmented.SegmentedRaftLogWorker (SegmentedRaftLogWorker.java:lambda$new$0(133)) - c10a1ce7-f634-4401-b221-0e35fc9f4831@group-35E71D15AA3E-SegmentedRaftLogWorker: flushIndex: setUnconditionally 0 -> 0
2022-03-14 02:39:03,266 [pool-222-thread-1] INFO  segmented.SegmentedRaftLogWorker (SegmentedRaftLogWorker.java:lambda$new$0(133)) - c10a1ce7-f634-4401-b221-0e35fc9f4831@group-35E71D15AA3E-SegmentedRaftLogWorker: safeCacheEvictIndex: setUnconditionally 0 -> -1
2022-03-14 02:39:03,267 [pool-222-thread-1] INFO  server.RaftServerConfigKeys (ConfUtils.java:logGet(44)) - raft.server.snapshot.auto.trigger.enabled = true (custom)
2022-03-14 02:39:03,267 [pool-222-thread-1] INFO  server.RaftServerConfigKeys (ConfUtils.java:logGet(44)) - raft.server.snapshot.auto.trigger.threshold = 1000 (custom)
2022-03-14 02:39:03,267 [pool-222-thread-1] INFO  server.RaftServerConfigKeys (ConfUtils.java:logGet(44)) - raft.server.snapshot.retention.file.num = -1 (default)
2022-03-14 02:39:03,267 [pool-222-thread-1] INFO  server.RaftServerConfigKeys (ConfUtils.java:logGet(44)) - raft.server.log.purge.upto.snapshot.index = false (default)
2022-03-14 02:39:03,267 [pool-222-thread-1] INFO  server.RaftServerConfigKeys (ConfUtils.java:logGet(44)) - raft.server.retrycache.expirytime = 60000ms (default)
2022-03-14 02:39:03,267 [pool-222-thread-1] INFO  server.RaftServerConfigKeys (ConfUtils.java:logGet(44)) - raft.server.retrycache.statistics.expirytime = 100μs (default)
2022-03-14 02:39:03,270 [Time-limited test] INFO  ha.SCMSnapshotProvider (SCMSnapshotProvider.java:<init>(66)) - Initializing SCM Snapshot Provider
2022-03-14 02:39:03,270 [Time-limited test] WARN  server.ServerUtils (ServerUtils.java:getDefaultRatisDirectory(237)) - Storage directory for Ratis is not configured. It is a good idea to map this to an SSD disk. Falling back to ozone.metadata.dirs
2022-03-14 02:39:03,271 [Time-limited test] WARN  ha.SCMHAUtils (SCMHAUtils.java:getSCMRatisSnapshotDirectory(151)) - SCM snapshot dir is not configured. Falling back to ozone.metadata.dirs config
2022-03-14 02:39:03,273 [Time-limited test] INFO  ha.SequenceIdGenerator (SequenceIdGenerator.java:upgradeToSequenceId(347)) - upgrade localId to 109611004723200000
2022-03-14 02:39:03,273 [Time-limited test] INFO  ha.SequenceIdGenerator (SequenceIdGenerator.java:upgradeToSequenceId(357)) - upgrade delTxnId to 0
2022-03-14 02:39:03,273 [Time-limited test] INFO  ha.SequenceIdGenerator (SequenceIdGenerator.java:upgradeToSequenceId(371)) - upgrade containerId to 0
2022-03-14 02:39:03,273 [Time-limited test] INFO  ha.SequenceIdGenerator (SequenceIdGenerator.java:<init>(218)) - Init the HA SequenceIdGenerator.
2022-03-14 02:39:03,274 [Time-limited test] WARN  server.ServerUtils (ServerUtils.java:sanitizeUserArgs(73)) - ozone.scm.stale.node.interval value = 300000 is larger than max = 100000 based on the key value of ozone.scm.heartbeat.thread.interval, reset to the max value 100000.
2022-03-14 02:39:03,274 [Time-limited test] WARN  server.ServerUtils (ServerUtils.java:sanitizeUserArgs(73)) - ozone.scm.stale.node.interval value = 300000 is larger than max = 100000 based on the key value of ozone.scm.heartbeat.thread.interval, reset to the max value 100000.
2022-03-14 02:39:03,285 [Time-limited test] INFO  node.SCMNodeManager (SCMNodeManager.java:<init>(146)) - Entering startup safe mode.
2022-03-14 02:39:03,285 [Time-limited test] INFO  algorithms.ContainerPlacementPolicyFactory (ContainerPlacementPolicyFactory.java:getPolicy(60)) - Create container placement policy of type org.apache.hadoop.hdds.scm.container.placement.algorithms.SCMContainerPlacementRandom
2022-03-14 02:39:03,289 [Time-limited test] INFO  pipeline.PipelineStateManagerImpl (PipelineStateManagerImpl.java:initialize(78)) - No pipeline exists in current db
2022-03-14 02:39:03,289 [Time-limited test] INFO  algorithms.LeaderChoosePolicyFactory (LeaderChoosePolicyFactory.java:getPolicy(57)) - Create leader choose policy of type org.apache.hadoop.hdds.scm.pipeline.leader.choose.algorithms.MinLeaderCountChoosePolicy
2022-03-14 02:39:03,290 [Time-limited test] INFO  ha.SCMServiceManager (SCMServiceManager.java:register(42)) - Registering service BackgroundPipelineCreator.
2022-03-14 02:39:03,290 [Time-limited test] INFO  pipeline.BackgroundPipelineCreator (BackgroundPipelineCreator.java:start(130)) - Starting RatisPipelineUtilsThread.
2022-03-14 02:39:03,294 [Time-limited test] INFO  algorithms.PipelineChoosePolicyFactory (PipelineChoosePolicyFactory.java:createPipelineChoosePolicyFromClass(73)) - Create pipeline choose policy of type org.apache.hadoop.hdds.scm.pipeline.choose.algorithms.RandomPipelineChoosePolicy
2022-03-14 02:39:03,298 [Time-limited test] INFO  ha.SCMServiceManager (SCMServiceManager.java:register(42)) - Registering service SCMBlockDeletingService.
2022-03-14 02:39:03,299 [Time-limited test] INFO  ha.SCMServiceManager (SCMServiceManager.java:register(42)) - Registering service ReplicationManager.
2022-03-14 02:39:03,299 [Time-limited test] INFO  container.ReplicationManager (ReplicationManager.java:start(326)) - Starting Replication Monitor Thread.
2022-03-14 02:39:03,301 [Time-limited test] INFO  safemode.ContainerSafeModeRule (ContainerSafeModeRule.java:<init>(89)) - containers with one replica threshold count 0
2022-03-14 02:39:03,302 [Time-limited test] INFO  safemode.HealthyPipelineSafeModeRule (HealthyPipelineSafeModeRule.java:initializeRule(156)) - Total pipeline count is 0, healthy pipeline threshold count is 1
2022-03-14 02:39:03,302 [Time-limited test] INFO  safemode.OneReplicaPipelineSafeModeRule (OneReplicaPipelineSafeModeRule.java:initializeRule(180)) - Total pipeline count is 0, pipeline's with at least one datanode reported threshold count is 0
2022-03-14 02:39:03,303 [Time-limited test] INFO  ipc.CallQueueManager (CallQueueManager.java:<init>(90)) - Using callQueue: class java.util.concurrent.LinkedBlockingQueue, queueCapacity: 2000, scheduler: class org.apache.hadoop.ipc.DefaultRpcScheduler, ipcBackoff: false.
2022-03-14 02:39:03,309 [Socket Reader #1 for port 0] INFO  ipc.Server (Server.java:run(1265)) - Starting Socket Reader #1 for port 0
2022-03-14 02:39:03,317 [Listener at 0.0.0.0/42035] INFO  ipc.CallQueueManager (CallQueueManager.java:<init>(90)) - Using callQueue: class java.util.concurrent.LinkedBlockingQueue, queueCapacity: 2000, scheduler: class org.apache.hadoop.ipc.DefaultRpcScheduler, ipcBackoff: false.
2022-03-14 02:39:03,321 [Socket Reader #1 for port 0] INFO  ipc.Server (Server.java:run(1265)) - Starting Socket Reader #1 for port 0
2022-03-14 02:39:03,323 [Listener at 0.0.0.0/38779] INFO  ipc.CallQueueManager (CallQueueManager.java:<init>(90)) - Using callQueue: class java.util.concurrent.LinkedBlockingQueue, queueCapacity: 2000, scheduler: class org.apache.hadoop.ipc.DefaultRpcScheduler, ipcBackoff: false.
2022-03-14 02:39:03,328 [Socket Reader #1 for port 0] INFO  ipc.Server (Server.java:run(1265)) - Starting Socket Reader #1 for port 0
2022-03-14 02:39:03,345 [ReplicationMonitor] INFO  container.ReplicationManager (ReplicationManager.java:processAll(374)) - Replication Manager is not ready to run until 3000ms after safemode exit
2022-03-14 02:39:03,383 [Listener at 0.0.0.0/33273] INFO  server.StorageContainerManager (StorageContainerManager.java:<init>(389)) - 
Container Balancer status:
Key                            Value
Running                        false
Container Balancer Configuration values:
Key                                                Value
Threshold                                          10
Max Datanodes to Involve per Iteration(percent)    20
Max Size to Move per Iteration                     500GB
Max Size Entering Target per Iteration             26GB
Max Size Leaving Source per Iteration              26GB

2022-03-14 02:39:03,383 [Listener at 0.0.0.0/33273] WARN  events.EventQueue (EventQueue.java:fireEvent(194)) - No event handler registered for event TypedEvent{payloadType=SafeModeStatus, name='Safe mode status'}
2022-03-14 02:39:03,384 [Listener at 0.0.0.0/33273] INFO  ha.SCMContext (SCMContext.java:updateSafeModeStatus(211)) - Update SafeModeStatus from SafeModeStatus{safeModeStatus=true, preCheckPassed=false} to SafeModeStatus{safeModeStatus=true, preCheckPassed=false}.
2022-03-14 02:39:03,384 [Listener at 0.0.0.0/33273] INFO  server.StorageContainerManager (StorageContainerManager.java:start(1327)) - StorageContainerLocationProtocol RPC server is listening at /0.0.0.0:33273
2022-03-14 02:39:03,384 [Listener at 0.0.0.0/33273] INFO  ha.SCMRatisServerImpl (SCMRatisServerImpl.java:start(177)) - starting ratis server 0.0.0.0:9894
2022-03-14 02:39:03,384 [Listener at 0.0.0.0/33273] INFO  server.RaftServer$Division (RaftServerImpl.java:start(301)) - c10a1ce7-f634-4401-b221-0e35fc9f4831@group-35E71D15AA3E: start as a follower, conf=0: [c10a1ce7-f634-4401-b221-0e35fc9f4831|rpc:fv-az501-120:9894|admin:|client:|dataStream:|priority:0], old=null
2022-03-14 02:39:03,384 [Listener at 0.0.0.0/33273] INFO  server.RaftServer$Division (RaftServerImpl.java:setRole(290)) - c10a1ce7-f634-4401-b221-0e35fc9f4831@group-35E71D15AA3E: changes role from      null to FOLLOWER at term 1 for startAsFollower
2022-03-14 02:39:03,384 [Listener at 0.0.0.0/33273] INFO  impl.RoleInfo (RoleInfo.java:updateAndGet(130)) - c10a1ce7-f634-4401-b221-0e35fc9f4831: start c10a1ce7-f634-4401-b221-0e35fc9f4831@group-35E71D15AA3E-FollowerState
2022-03-14 02:39:03,390 [Listener at 0.0.0.0/33273] INFO  util.JmxRegister (JmxRegister.java:tryRegister(44)) - Successfully registered JMX Bean with object name Ratis:service=RaftServer,group=group-35E71D15AA3E,id=c10a1ce7-f634-4401-b221-0e35fc9f4831
2022-03-14 02:39:03,391 [Listener at 0.0.0.0/33273] INFO  server.RaftServer (RaftServerProxy.java:lambda$start$5(374)) - c10a1ce7-f634-4401-b221-0e35fc9f4831: start RPC server
2022-03-14 02:39:03,404 [Listener at 0.0.0.0/33273] INFO  server.GrpcService (GrpcService.java:startImpl(253)) - c10a1ce7-f634-4401-b221-0e35fc9f4831: GrpcService started, listening on 9894
2022-03-14 02:39:03,408 [Listener at 0.0.0.0/33273] INFO  ha.SCMHAManagerImpl (SCMHAManagerImpl.java:start(121)) -  scm role is FOLLOWER peers [c10a1ce7-f634-4401-b221-0e35fc9f4831|rpc:fv-az501-120:9894|admin:|client:|dataStream:|priority:0]
2022-03-14 02:39:03,408 [Listener at 0.0.0.0/33273] INFO  ha.InterSCMGrpcService (InterSCMGrpcProtocolService.java:start(94)) - Starting SCM Grpc Service at port 9895
2022-03-14 02:39:03,412 [Listener at 0.0.0.0/33273] WARN  impl.MetricsConfig (MetricsConfig.java:loadFirst(136)) - Cannot locate configuration: tried hadoop-metrics2-storagecontainermanager.properties,hadoop-metrics2.properties
2022-03-14 02:39:03,417 [org.apache.ratis.util.JvmPauseMonitor$$Lambda$431/1941186180@5be71bb5] INFO  util.JvmPauseMonitor (JvmPauseMonitor.java:run(103)) - JvmPauseMonitor-c10a1ce7-f634-4401-b221-0e35fc9f4831: Started
2022-03-14 02:39:03,425 [Listener at 0.0.0.0/33273] INFO  impl.MetricsSystemImpl (MetricsSystemImpl.java:startTimer(378)) - Scheduled Metric snapshot period at 10 second(s).
2022-03-14 02:39:03,425 [Listener at 0.0.0.0/33273] INFO  impl.MetricsSystemImpl (MetricsSystemImpl.java:start(191)) - StorageContainerManager metrics system started
2022-03-14 02:39:03,437 [Listener at 0.0.0.0/33273] INFO  impl.MetricsSinkAdapter (MetricsSinkAdapter.java:start(204)) - Sink prometheus started
2022-03-14 02:39:03,437 [Listener at 0.0.0.0/33273] INFO  impl.MetricsSystemImpl (MetricsSystemImpl.java:registerSink(305)) - Registered sink prometheus
2022-03-14 02:39:03,497 [Listener at 0.0.0.0/33273] INFO  server.SCMClientProtocolServer (SCMClientProtocolServer.java:start(165)) - RPC server for Client  is listening at /0.0.0.0:33273
2022-03-14 02:39:03,497 [IPC Server Responder] INFO  ipc.Server (Server.java:run(1507)) - IPC Server Responder: starting
2022-03-14 02:39:03,513 [IPC Server listener on 0] INFO  ipc.Server (Server.java:run(1344)) - IPC Server listener on 0: starting
2022-03-14 02:39:03,579 [Listener at 0.0.0.0/33273] INFO  server.StorageContainerManager (StorageContainerManager.java:start(1342)) - ScmBlockLocationProtocol RPC server is listening at /0.0.0.0:38779
2022-03-14 02:39:03,579 [Listener at 0.0.0.0/33273] INFO  server.SCMBlockProtocolServer (SCMBlockProtocolServer.java:start(151)) - RPC server for Block Protocol is listening at /0.0.0.0:38779
2022-03-14 02:39:03,580 [IPC Server Responder] INFO  ipc.Server (Server.java:run(1507)) - IPC Server Responder: starting
2022-03-14 02:39:03,580 [IPC Server listener on 0] INFO  ipc.Server (Server.java:run(1344)) - IPC Server listener on 0: starting
2022-03-14 02:39:03,653 [org.apache.hadoop.util.JvmPauseMonitor$Monitor@2bad71aa] INFO  util.JvmPauseMonitor (JvmPauseMonitor.java:run(188)) - Starting JVM pause monitor
2022-03-14 02:39:03,655 [Listener at 0.0.0.0/33273] INFO  http.BaseHttpServer (BaseHttpServer.java:newHttpServer2BuilderForOzone(209)) - Starting Web-server for scm at: http://0.0.0.0:0
2022-03-14 02:39:03,655 [Listener at 0.0.0.0/33273] INFO  http.BaseHttpServer (BaseHttpServer.java:<init>(107)) - Hadoop Security Enabled: false Ozone Security Enabled: false Ozone HTTP Security Enabled: false 
2022-03-14 02:39:03,657 [Listener at 0.0.0.0/33273] INFO  server.AuthenticationFilter (AuthenticationFilter.java:constructSecretProvider(240)) - Unable to initialize FileSignerSecretProvider, falling back to use random secrets.
2022-03-14 02:39:03,683 [Listener at 0.0.0.0/33273] WARN  http.HttpRequestLog (HttpRequestLog.java:getRequestLog(103)) - Jetty request log can only be enabled using Log4j
2022-03-14 02:39:03,684 [Listener at 0.0.0.0/33273] INFO  http.HttpServer2 (HttpServer2.java:addGlobalFilter(1030)) - Added global filter 'safety' (class=org.apache.hadoop.hdds.server.http.HttpServer2$QuotingInputFilter)
2022-03-14 02:39:03,691 [Listener at 0.0.0.0/33273] INFO  http.HttpServer2 (HttpServer2.java:addFilter(1006)) - Added filter static_user_filter (class=org.apache.hadoop.http.lib.StaticUserWebFilter$StaticUserFilter) to context scm
2022-03-14 02:39:03,692 [Listener at 0.0.0.0/33273] INFO  http.HttpServer2 (HttpServer2.java:addFilter(1014)) - Added filter static_user_filter (class=org.apache.hadoop.http.lib.StaticUserWebFilter$StaticUserFilter) to context logs
2022-03-14 02:39:03,692 [Listener at 0.0.0.0/33273] INFO  http.HttpServer2 (HttpServer2.java:addFilter(1014)) - Added filter static_user_filter (class=org.apache.hadoop.http.lib.StaticUserWebFilter$StaticUserFilter) to context static
2022-03-14 02:39:03,694 [Listener at 0.0.0.0/33273] INFO  http.HttpServer2 (HttpServer2.java:bindListener(1249)) - Jetty bound to port 34961
2022-03-14 02:39:03,694 [Listener at 0.0.0.0/33273] INFO  server.Server (Server.java:doStart(375)) - jetty-9.4.43.v20210629; built: 2021-06-30T11:07:22.254Z; git: 526006ecfa3af7f1a27ef3a288e2bef7ea9dd7e8; jvm 1.8.0_322-b06
2022-03-14 02:39:03,702 [Listener at 0.0.0.0/33273] INFO  server.session (DefaultSessionIdManager.java:doStart(334)) - DefaultSessionIdManager workerName=node0
2022-03-14 02:39:03,702 [Listener at 0.0.0.0/33273] INFO  server.session (DefaultSessionIdManager.java:doStart(339)) - No SessionScavenger set, using defaults
2022-03-14 02:39:03,702 [Listener at 0.0.0.0/33273] INFO  server.session (HouseKeeper.java:startScavenging(132)) - node0 Scavenging every 660000ms
2022-03-14 02:39:03,703 [Listener at 0.0.0.0/33273] INFO  handler.ContextHandler (ContextHandler.java:doStart(915)) - Started o.e.j.s.ServletContextHandler@33476ca4{logs,/logs,file:///home/runner/work/ozone/ozone/hadoop-ozone/integration-test/target/log,AVAILABLE}
2022-03-14 02:39:03,703 [Listener at 0.0.0.0/33273] INFO  handler.ContextHandler (ContextHandler.java:doStart(915)) - Started o.e.j.s.ServletContextHandler@5347d24f{static,/static,file:///home/runner/work/ozone/ozone/hadoop-ozone/integration-test/target/test-classes/webapps/static,AVAILABLE}
2022-03-14 02:39:03,721 [Listener at 0.0.0.0/33273] INFO  handler.ContextHandler (ContextHandler.java:doStart(915)) - Started o.e.j.w.WebAppContext@317d17f6{scm,/,file:///home/runner/work/ozone/ozone/hadoop-ozone/integration-test/target/test-classes/webapps/scm/,AVAILABLE}{file:/home/runner/work/ozone/ozone/hadoop-ozone/integration-test/target/test-classes/webapps/scm}
2022-03-14 02:39:03,723 [Listener at 0.0.0.0/33273] INFO  server.AbstractConnector (AbstractConnector.java:doStart(331)) - Started ServerConnector@510069e0{HTTP/1.1, (http/1.1)}{0.0.0.0:34961}
2022-03-14 02:39:03,723 [Listener at 0.0.0.0/33273] INFO  server.Server (Server.java:doStart(415)) - Started @91494ms
2022-03-14 02:39:03,723 [Listener at 0.0.0.0/33273] WARN  impl.MetricsSystemImpl (MetricsSystemImpl.java:register(279)) - Sink prometheus already exists!
2022-03-14 02:39:03,725 [Listener at 0.0.0.0/33273] INFO  http.BaseHttpServer (BaseHttpServer.java:updateConnectorAddress(329)) - HTTP server of scm listening at http://0.0.0.0:34961
2022-03-14 02:39:03,725 [Listener at 0.0.0.0/33273] WARN  server.ServerUtils (ServerUtils.java:getDBPath(225)) - ozone.om.db.dirs is not configured. We recommend adding this setting. Falling back to ozone.metadata.dirs instead.
2022-03-14 02:39:03,728 [Listener at 0.0.0.0/33273] INFO  ha.OMHANodeDetails (OMHANodeDetails.java:loadOMHAConfig(112)) - ozone.om.internal.service.id is not defined, falling back to ozone.om.service.ids to find serviceID for OzoneManager if it is HA enabled cluster
2022-03-14 02:39:03,728 [Listener at 0.0.0.0/33273] INFO  ha.OMHANodeDetails (OMHANodeDetails.java:loadOMHAConfig(218)) - Configuration does not have ozone.om.address set. Falling back to the default OM address /127.0.0.1:0
2022-03-14 02:39:03,728 [Listener at 0.0.0.0/33273] INFO  ha.OMHANodeDetails (OMHANodeDetails.java:getOMNodeDetailsForNonHA(246)) - OM Service ID is not set. Setting it to the default ID: omServiceIdDefault
2022-03-14 02:39:03,728 [Listener at 0.0.0.0/33273] INFO  ha.OMHANodeDetails (OMHANodeDetails.java:getOMNodeDetailsForNonHA(253)) - OM Node ID is not set. Setting it to the default ID: om1
2022-03-14 02:39:03,730 [Listener at 0.0.0.0/33273] WARN  server.ServerUtils (ServerUtils.java:getDBPath(225)) - ozone.om.db.dirs is not configured. We recommend adding this setting. Falling back to ozone.metadata.dirs instead.
2022-03-14 02:39:03,731 [Listener at 0.0.0.0/33273] INFO  upgrade.AbstractLayoutVersionManager (AbstractLayoutVersionManager.java:init(79)) - Initializing Layout version manager with metadata layout = INITIAL_VERSION (version = 0), software layout = INITIAL_VERSION (version = 0)
2022-03-14 02:39:03,808 [Listener at 0.0.0.0/33273] INFO  reflections.Reflections (Reflections.java:scan(232)) - Reflections took 76 ms to scan 2 urls, producing 134 keys and 349 values [using 2 cores]
2022-03-14 02:39:03,809 [Listener at 0.0.0.0/33273] INFO  upgrade.OMLayoutVersionManager (OMLayoutVersionManager.java:lambda$0(115)) - Skipping Upgrade Action MockOmUpgradeAction since it has been finalized.
2022-03-14 02:39:03,809 [Listener at 0.0.0.0/33273] WARN  server.ServerUtils (ServerUtils.java:getDBPath(225)) - ozone.om.db.dirs is not configured. We recommend adding this setting. Falling back to ozone.metadata.dirs instead.
2022-03-14 02:39:05,856 [Listener at 0.0.0.0/33273] INFO  retry.RetryInvocationHandler (RetryInvocationHandler.java:log(411)) - com.google.protobuf.ServiceException: org.apache.hadoop.ipc.RemoteException(org.apache.hadoop.hdds.ratis.ServerNotLeaderException): Server:c10a1ce7-f634-4401-b221-0e35fc9f4831 is not the leader. Could not determine the leader node.
	at org.apache.hadoop.hdds.ratis.ServerNotLeaderException.convertToNotLeaderException(ServerNotLeaderException.java:109)
	at org.apache.hadoop.hdds.scm.ha.RatisUtil.checkRatisException(RatisUtil.java:246)
	at org.apache.hadoop.hdds.scm.protocol.ScmBlockLocationProtocolServerSideTranslatorPB.send(ScmBlockLocationProtocolServerSideTranslatorPB.java:108)
	at org.apache.hadoop.hdds.protocol.proto.ScmBlockLocationProtocolProtos$ScmBlockLocationProtocolService$2.callBlockingMethod(ScmBlockLocationProtocolProtos.java:13937)
	at org.apache.hadoop.ipc.ProtobufRpcEngine$Server.processCall(ProtobufRpcEngine.java:466)
	at org.apache.hadoop.ipc.ProtobufRpcEngine2$Server$ProtoBufRpcInvoker.call(ProtobufRpcEngine2.java:574)
	at org.apache.hadoop.ipc.ProtobufRpcEngine2$Server$ProtoBufRpcInvoker.call(ProtobufRpcEngine2.java:552)
	at org.apache.hadoop.ipc.RPC$Server.call(RPC.java:1093)
	at org.apache.hadoop.ipc.Server$RpcCall.run(Server.java:1035)
	at org.apache.hadoop.ipc.Server$RpcCall.run(Server.java:963)
	at java.security.AccessController.doPrivileged(Native Method)
	at javax.security.auth.Subject.doAs(Subject.java:422)
	at org.apache.hadoop.security.UserGroupInformation.doAs(UserGroupInformation.java:1878)
	at org.apache.hadoop.ipc.Server$Handler.run(Server.java:2966)
, while invoking $Proxy44.send over nodeId=scmNodeId,nodeAddress=/0.0.0.0:38779 after 1 failover attempts. Trying to failover after sleeping for 2000ms.
2022-03-14 02:39:07,867 [Listener at 0.0.0.0/33273] INFO  retry.RetryInvocationHandler (RetryInvocationHandler.java:log(411)) - com.google.protobuf.ServiceException: org.apache.hadoop.ipc.RemoteException(org.apache.hadoop.hdds.ratis.ServerNotLeaderException): Server:c10a1ce7-f634-4401-b221-0e35fc9f4831 is not the leader. Could not determine the leader node.
	at org.apache.hadoop.hdds.ratis.ServerNotLeaderException.convertToNotLeaderException(ServerNotLeaderException.java:109)
	at org.apache.hadoop.hdds.scm.ha.RatisUtil.checkRatisException(RatisUtil.java:246)
	at org.apache.hadoop.hdds.scm.protocol.ScmBlockLocationProtocolServerSideTranslatorPB.send(ScmBlockLocationProtocolServerSideTranslatorPB.java:108)
	at org.apache.hadoop.hdds.protocol.proto.ScmBlockLocationProtocolProtos$ScmBlockLocationProtocolService$2.callBlockingMethod(ScmBlockLocationProtocolProtos.java:13937)
	at org.apache.hadoop.ipc.ProtobufRpcEngine$Server.processCall(ProtobufRpcEngine.java:466)
	at org.apache.hadoop.ipc.ProtobufRpcEngine2$Server$ProtoBufRpcInvoker.call(ProtobufRpcEngine2.java:574)
	at org.apache.hadoop.ipc.ProtobufRpcEngine2$Server$ProtoBufRpcInvoker.call(ProtobufRpcEngine2.java:552)
	at org.apache.hadoop.ipc.RPC$Server.call(RPC.java:1093)
	at org.apache.hadoop.ipc.Server$RpcCall.run(Server.java:1035)
	at org.apache.hadoop.ipc.Server$RpcCall.run(Server.java:963)
	at java.security.AccessController.doPrivileged(Native Method)
	at javax.security.auth.Subject.doAs(Subject.java:422)
	at org.apache.hadoop.security.UserGroupInformation.doAs(UserGroupInformation.java:1878)
	at org.apache.hadoop.ipc.Server$Handler.run(Server.java:2966)
, while invoking $Proxy44.send over nodeId=scmNodeId,nodeAddress=/0.0.0.0:38779 after 2 failover attempts. Trying to failover after sleeping for 2000ms.
2022-03-14 02:39:08,475 [c10a1ce7-f634-4401-b221-0e35fc9f4831@group-35E71D15AA3E-FollowerState] INFO  impl.FollowerState (FollowerState.java:run(134)) - c10a1ce7-f634-4401-b221-0e35fc9f4831@group-35E71D15AA3E-FollowerState: change to CANDIDATE, lastRpcElapsedTime:5091020970ns, electionTimeout:5083ms
2022-03-14 02:39:08,476 [c10a1ce7-f634-4401-b221-0e35fc9f4831@group-35E71D15AA3E-FollowerState] INFO  impl.RoleInfo (RoleInfo.java:shutdownFollowerState(108)) - c10a1ce7-f634-4401-b221-0e35fc9f4831: shutdown c10a1ce7-f634-4401-b221-0e35fc9f4831@group-35E71D15AA3E-FollowerState
2022-03-14 02:39:08,476 [c10a1ce7-f634-4401-b221-0e35fc9f4831@group-35E71D15AA3E-FollowerState] INFO  server.RaftServer$Division (RaftServerImpl.java:setRole(290)) - c10a1ce7-f634-4401-b221-0e35fc9f4831@group-35E71D15AA3E: changes role from  FOLLOWER to CANDIDATE at term 1 for changeToCandidate
2022-03-14 02:39:08,477 [c10a1ce7-f634-4401-b221-0e35fc9f4831@group-35E71D15AA3E-FollowerState] INFO  server.RaftServerConfigKeys (ConfUtils.java:logGet(44)) - raft.server.leaderelection.pre-vote = false (custom)
2022-03-14 02:39:08,477 [c10a1ce7-f634-4401-b221-0e35fc9f4831@group-35E71D15AA3E-FollowerState] INFO  impl.RoleInfo (RoleInfo.java:updateAndGet(130)) - c10a1ce7-f634-4401-b221-0e35fc9f4831: start c10a1ce7-f634-4401-b221-0e35fc9f4831@group-35E71D15AA3E-LeaderElection14
2022-03-14 02:39:08,501 [c10a1ce7-f634-4401-b221-0e35fc9f4831@group-35E71D15AA3E-LeaderElection14] INFO  impl.LeaderElection (LeaderElection.java:askForVotes(306)) - c10a1ce7-f634-4401-b221-0e35fc9f4831@group-35E71D15AA3E-LeaderElection14 ELECTION round 0: submit vote requests at term 2 for 0: [c10a1ce7-f634-4401-b221-0e35fc9f4831|rpc:fv-az501-120:9894|admin:|client:|dataStream:|priority:0], old=null
2022-03-14 02:39:08,503 [c10a1ce7-f634-4401-b221-0e35fc9f4831@group-35E71D15AA3E-LeaderElection14] INFO  impl.LeaderElection (LeaderElection.java:askForVotes(308)) - c10a1ce7-f634-4401-b221-0e35fc9f4831@group-35E71D15AA3E-LeaderElection14 ELECTION round 0: result PASSED (term=2)
2022-03-14 02:39:08,503 [c10a1ce7-f634-4401-b221-0e35fc9f4831@group-35E71D15AA3E-LeaderElection14] INFO  impl.RoleInfo (RoleInfo.java:shutdownLeaderElection(121)) - c10a1ce7-f634-4401-b221-0e35fc9f4831: shutdown c10a1ce7-f634-4401-b221-0e35fc9f4831@group-35E71D15AA3E-LeaderElection14
2022-03-14 02:39:08,503 [c10a1ce7-f634-4401-b221-0e35fc9f4831@group-35E71D15AA3E-LeaderElection14] INFO  server.RaftServer$Division (RaftServerImpl.java:setRole(290)) - c10a1ce7-f634-4401-b221-0e35fc9f4831@group-35E71D15AA3E: changes role from CANDIDATE to LEADER at term 2 for changeToLeader
2022-03-14 02:39:08,503 [c10a1ce7-f634-4401-b221-0e35fc9f4831@group-35E71D15AA3E-LeaderElection14] INFO  ha.SCMStateMachine (SCMStateMachine.java:notifyLeaderChanged(259)) - current SCM becomes leader of term 2.
2022-03-14 02:39:08,503 [c10a1ce7-f634-4401-b221-0e35fc9f4831@group-35E71D15AA3E-LeaderElection14] INFO  ha.SCMContext (SCMContext.java:updateLeaderAndTerm(90)) - update <isLeader,term> from <false,0> to <true,2>
2022-03-14 02:39:08,503 [c10a1ce7-f634-4401-b221-0e35fc9f4831@group-35E71D15AA3E-LeaderElection14] INFO  server.RaftServer$Division (ServerState.java:setLeader(285)) - c10a1ce7-f634-4401-b221-0e35fc9f4831@group-35E71D15AA3E: change Leader from null to c10a1ce7-f634-4401-b221-0e35fc9f4831 at term 2 for becomeLeader, leader elected after 5251ms
2022-03-14 02:39:08,504 [c10a1ce7-f634-4401-b221-0e35fc9f4831@group-35E71D15AA3E-LeaderElection14] INFO  server.RaftServerConfigKeys (ConfUtils.java:logGet(44)) - raft.server.staging.catchup.gap = 1000 (default)
2022-03-14 02:39:08,504 [c10a1ce7-f634-4401-b221-0e35fc9f4831@group-35E71D15AA3E-LeaderElection14] INFO  server.RaftServerConfigKeys (ConfUtils.java:logGet(44)) - raft.server.write.element-limit = 4096 (default)
2022-03-14 02:39:08,504 [c10a1ce7-f634-4401-b221-0e35fc9f4831@group-35E71D15AA3E-LeaderElection14] INFO  server.RaftServerConfigKeys (ConfUtils.java:logGet(44)) - raft.server.write.byte-limit = 64MB (=67108864) (default)
2022-03-14 02:39:08,504 [c10a1ce7-f634-4401-b221-0e35fc9f4831@group-35E71D15AA3E-LeaderElection14] INFO  server.RaftServerConfigKeys (ConfUtils.java:logGet(44)) - raft.server.watch.timeout = 10s (default)
2022-03-14 02:39:08,504 [c10a1ce7-f634-4401-b221-0e35fc9f4831@group-35E71D15AA3E-LeaderElection14] INFO  server.RaftServerConfigKeys (ConfUtils.java:logGet(44)) - raft.server.watch.timeout.denomination = 1s (default)
2022-03-14 02:39:08,505 [c10a1ce7-f634-4401-b221-0e35fc9f4831@group-35E71D15AA3E-LeaderElection14] INFO  server.RaftServerConfigKeys (ConfUtils.java:logGet(44)) - raft.server.watch.element-limit = 65536 (default)
2022-03-14 02:39:08,505 [c10a1ce7-f634-4401-b221-0e35fc9f4831@group-35E71D15AA3E-LeaderElection14] INFO  server.RaftServerConfigKeys (ConfUtils.java:logGet(44)) - raft.server.write.element-limit = 4096 (default)
2022-03-14 02:39:08,505 [c10a1ce7-f634-4401-b221-0e35fc9f4831@group-35E71D15AA3E-LeaderElection14] INFO  server.RaftServerConfigKeys (ConfUtils.java:logGet(44)) - raft.server.write.follower.gap.ratio.max = -1.0 (default)
2022-03-14 02:39:08,505 [c10a1ce7-f634-4401-b221-0e35fc9f4831@group-35E71D15AA3E-LeaderElection14] INFO  impl.RoleInfo (RoleInfo.java:updateAndGet(130)) - c10a1ce7-f634-4401-b221-0e35fc9f4831: start c10a1ce7-f634-4401-b221-0e35fc9f4831@group-35E71D15AA3E-LeaderStateImpl
2022-03-14 02:39:08,505 [c10a1ce7-f634-4401-b221-0e35fc9f4831@group-35E71D15AA3E-LeaderElection14] INFO  segmented.SegmentedRaftLogWorker (SegmentedRaftLogWorker.java:rollLogSegment(399)) - c10a1ce7-f634-4401-b221-0e35fc9f4831@group-35E71D15AA3E-SegmentedRaftLogWorker: Rolling segment log-0_0 to index:0
2022-03-14 02:39:08,509 [c10a1ce7-f634-4401-b221-0e35fc9f4831@group-35E71D15AA3E-SegmentedRaftLogWorker] INFO  segmented.SegmentedRaftLogWorker (SegmentedRaftLogWorker.java:execute(558)) - c10a1ce7-f634-4401-b221-0e35fc9f4831@group-35E71D15AA3E-SegmentedRaftLogWorker: Rolled log segment from /home/runner/work/ozone/ozone/hadoop-ozone/integration-test/target/test-dir/MiniOzoneClusterImpl-a8714879-5ed3-4fa8-8176-35e71d15aa3e/ozone-meta/scm-ha/a8714879-5ed3-4fa8-8176-35e71d15aa3e/current/log_inprogress_0 to /home/runner/work/ozone/ozone/hadoop-ozone/integration-test/target/test-dir/MiniOzoneClusterImpl-a8714879-5ed3-4fa8-8176-35e71d15aa3e/ozone-meta/scm-ha/a8714879-5ed3-4fa8-8176-35e71d15aa3e/current/log_0-0
2022-03-14 02:39:08,526 [c10a1ce7-f634-4401-b221-0e35fc9f4831@group-35E71D15AA3E-LeaderElection14] INFO  server.RaftServer$Division (ServerState.java:setRaftConf(387)) - c10a1ce7-f634-4401-b221-0e35fc9f4831@group-35E71D15AA3E: set configuration 1: [c10a1ce7-f634-4401-b221-0e35fc9f4831|rpc:fv-az501-120:9894|admin:|client:|dataStream:|priority:0], old=null
2022-03-14 02:39:08,530 [c10a1ce7-f634-4401-b221-0e35fc9f4831@group-35E71D15AA3E-SegmentedRaftLogWorker] INFO  segmented.SegmentedRaftLogWorker (SegmentedRaftLogWorker.java:execute(601)) - c10a1ce7-f634-4401-b221-0e35fc9f4831@group-35E71D15AA3E-SegmentedRaftLogWorker: created new log segment /home/runner/work/ozone/ozone/hadoop-ozone/integration-test/target/test-dir/MiniOzoneClusterImpl-a8714879-5ed3-4fa8-8176-35e71d15aa3e/ozone-meta/scm-ha/a8714879-5ed3-4fa8-8176-35e71d15aa3e/current/log_inprogress_1
2022-03-14 02:39:08,537 [c10a1ce7-f634-4401-b221-0e35fc9f4831@group-35E71D15AA3E-StateMachineUpdater] INFO  ha.SCMContext (SCMContext.java:setLeaderReady(117)) - update <isLeaderReady> from <false> to <true>
2022-03-14 02:39:08,543 [c10a1ce7-f634-4401-b221-0e35fc9f4831@group-35E71D15AA3E-StateMachineUpdater] INFO  pipeline.BackgroundPipelineCreator (BackgroundPipelineCreator.java:notifyStatusChanged(264)) - Service BackgroundPipelineCreator transitions to RUNNING.
2022-03-14 02:39:08,543 [c10a1ce7-f634-4401-b221-0e35fc9f4831@group-35E71D15AA3E-StateMachineUpdater] INFO  safemode.HealthyPipelineSafeModeRule (HealthyPipelineSafeModeRule.java:initializeRule(152)) - Refreshed total pipeline count is 0, healthy pipeline threshold count is 1
2022-03-14 02:39:08,543 [c10a1ce7-f634-4401-b221-0e35fc9f4831@group-35E71D15AA3E-StateMachineUpdater] INFO  safemode.ContainerSafeModeRule (ContainerSafeModeRule.java:reInitializeRule(177)) - Refreshed one replica container threshold 0, currentThreshold 0
2022-03-14 02:39:08,543 [c10a1ce7-f634-4401-b221-0e35fc9f4831@group-35E71D15AA3E-StateMachineUpdater] INFO  safemode.OneReplicaPipelineSafeModeRule (OneReplicaPipelineSafeModeRule.java:initializeRule(176)) - Refreshed Total pipeline count is 0, pipeline's with at least one datanode reported threshold count is 0
2022-03-14 02:39:08,543 [c10a1ce7-f634-4401-b221-0e35fc9f4831@group-35E71D15AA3E-StateMachineUpdater] INFO  server.SCMDatanodeProtocolServer (SCMDatanodeProtocolServer.java:start(183)) - ScmDatanodeProtocol RPC server for DataNodes is listening at /0.0.0.0:42035
2022-03-14 02:39:08,565 [IPC Server Responder] INFO  ipc.Server (Server.java:run(1507)) - IPC Server Responder: starting
2022-03-14 02:39:08,571 [IPC Server listener on 0] INFO  ipc.Server (Server.java:run(1344)) - IPC Server listener on 0: starting
2022-03-14 02:39:09,873 [Listener at 0.0.0.0/33273] WARN  server.ServerUtils (ServerUtils.java:getDBPath(225)) - ozone.om.db.dirs is not configured. We recommend adding this setting. Falling back to ozone.metadata.dirs instead.
2022-03-14 02:39:09,873 [Listener at 0.0.0.0/33273] INFO  codec.OmKeyInfoCodec (OmKeyInfoCodec.java:<init>(49)) - OmKeyInfoCodec ignorePipeline = true
2022-03-14 02:39:09,873 [Listener at 0.0.0.0/33273] INFO  codec.RepeatedOmKeyInfoCodec (RepeatedOmKeyInfoCodec.java:<init>(41)) - RepeatedOmKeyInfoCodec ignorePipeline = true
2022-03-14 02:39:10,202 [Listener at 0.0.0.0/33273] INFO  om.OzoneManager (OzoneManager.java:addS3GVolumeToDB(3733)) - Created Volume s3v With Owner runner required for S3Gateway operations.
2022-03-14 02:39:10,203 [Listener at 0.0.0.0/33273] WARN  server.ServerUtils (ServerUtils.java:getDefaultRatisDirectory(237)) - Storage directory for Ratis is not configured. It is a good idea to map this to an SSD disk. Falling back to ozone.metadata.dirs
2022-03-14 02:39:10,203 [Listener at 0.0.0.0/33273] WARN  utils.OzoneManagerRatisUtils (OzoneManagerRatisUtils.java:getOMRatisSnapshotDirectory(330)) - ozone.om.ratis.snapshot.dir is not configured. Falling back to ozone.metadata.dirs config
2022-03-14 02:39:10,203 [Listener at 0.0.0.0/33273] WARN  impl.MetricRegistriesImpl (MetricRegistriesImpl.java:addReporterRegistration(111)) - New reporters are added after registries were created. Some metrics will be missing from the reporter. Please add reporter before adding any new registry.
2022-03-14 02:39:10,203 [Listener at 0.0.0.0/33273] WARN  impl.MetricRegistriesImpl (MetricRegistriesImpl.java:addReporterRegistration(111)) - New reporters are added after registries were created. Some metrics will be missing from the reporter. Please add reporter before adding any new registry.
2022-03-14 02:39:10,203 [Listener at 0.0.0.0/33273] WARN  server.ServerUtils (ServerUtils.java:getDefaultRatisDirectory(237)) - Storage directory for Ratis is not configured. It is a good idea to map this to an SSD disk. Falling back to ozone.metadata.dirs
2022-03-14 02:39:10,205 [Listener at 0.0.0.0/33273] INFO  ratis.OzoneManagerRatisServer (OzoneManagerRatisServer.java:<init>(159)) - Instantiating OM Ratis server with groupID: omServiceIdDefault and peers: localhost:9872
2022-03-14 02:39:10,205 [Listener at 0.0.0.0/33273] INFO  ratis.OzoneManagerStateMachine (OzoneManagerStateMachine.java:loadSnapshotInfoFromDB(605)) - LastAppliedIndex is set from TransactionInfo from OM DB as (t:0, i:~)
2022-03-14 02:39:10,206 [Listener at 0.0.0.0/33273] INFO  server.RaftServer (ConfUtils.java:logGet(44)) - raft.rpc.type = GRPC (default)
2022-03-14 02:39:10,206 [Listener at 0.0.0.0/33273] INFO  grpc.GrpcFactory (GrpcFactory.java:checkPooledByteBufAllocatorUseCacheForAllThreads(48)) - PERFORMANCE WARNING: useCacheForAllThreads is true that may cause Netty to create a lot garbage objects and, as a result, trigger GC.
	It is recommended to disable useCacheForAllThreads by setting -Dorg.apache.ratis.thirdparty.io.netty.allocator.useCacheForAllThreads=false in command line.
2022-03-14 02:39:10,206 [Listener at 0.0.0.0/33273] INFO  grpc.GrpcConfigKeys (ConfUtils.java:logGet(44)) - raft.grpc.admin.port = -1 (default)
2022-03-14 02:39:10,206 [Listener at 0.0.0.0/33273] INFO  grpc.GrpcConfigKeys (ConfUtils.java:logGet(44)) - raft.grpc.server.port = 9872 (custom)
2022-03-14 02:39:10,206 [Listener at 0.0.0.0/33273] INFO  grpc.GrpcConfigKeys (ConfUtils.java:logGet(44)) - raft.grpc.client.port = -1 (default)
2022-03-14 02:39:10,206 [Listener at 0.0.0.0/33273] INFO  grpc.GrpcConfigKeys (ConfUtils.java:logGet(44)) - raft.grpc.server.port = 9872 (custom)
2022-03-14 02:39:10,207 [Listener at 0.0.0.0/33273] INFO  grpc.GrpcConfigKeys (ConfUtils.java:logGet(44)) - raft.grpc.server.port = 9872 (custom)
2022-03-14 02:39:10,207 [Listener at 0.0.0.0/33273] INFO  server.GrpcService (ConfUtils.java:logGet(44)) - raft.grpc.message.size.max = 33554432 (custom)
2022-03-14 02:39:10,207 [Listener at 0.0.0.0/33273] INFO  server.RaftServerConfigKeys (ConfUtils.java:logGet(44)) - raft.server.log.appender.buffer.byte-limit = 33554432 (custom)
2022-03-14 02:39:10,207 [Listener at 0.0.0.0/33273] INFO  server.GrpcService (ConfUtils.java:logGet(44)) - raft.grpc.flow.control.window = 1MB (=1048576) (default)
2022-03-14 02:39:10,207 [Listener at 0.0.0.0/33273] INFO  server.RaftServerConfigKeys (ConfUtils.java:logGet(44)) - raft.server.rpc.request.timeout = 3000ms (default)
2022-03-14 02:39:10,208 [Listener at 0.0.0.0/33273] INFO  impl.DataStreamServerImpl (ConfUtils.java:logGet(44)) - raft.datastream.type = DISABLED (default)
2022-03-14 02:39:10,208 [Listener at 0.0.0.0/33273] INFO  server.RaftServerConfigKeys (ConfUtils.java:logGet(44)) - raft.server.rpc.slowness.timeout = 120s (custom)
2022-03-14 02:39:10,208 [Listener at 0.0.0.0/33273] INFO  server.RaftServerConfigKeys (ConfUtils.java:logGet(44)) - raft.server.leaderelection.leader.step-down.wait-time = 10s (default)
2022-03-14 02:39:10,209 [Listener at 0.0.0.0/33273] INFO  server.RaftServerConfigKeys (ConfUtils.java:logGet(44)) - raft.server.storage.dir = [/home/runner/work/ozone/ozone/hadoop-ozone/integration-test/target/test-dir/MiniOzoneClusterImpl-a8714879-5ed3-4fa8-8176-35e71d15aa3e/ozone-meta/ratis] (custom)
2022-03-14 02:39:10,210 [Listener at 0.0.0.0/33273] INFO  server.RaftServer (RaftServerProxy.java:addNew(95)) - om1: addNew group-C5BA1605619E:[om1|rpc:localhost:9872|priority:0] returns group-C5BA1605619E:java.util.concurrent.CompletableFuture@52ee9518[Not completed]
2022-03-14 02:39:10,210 [Listener at 0.0.0.0/33273] INFO  om.OzoneManager (OzoneManager.java:initializeRatisServer(1834)) - OzoneManager Ratis server initialized at port 9872
2022-03-14 02:39:10,212 [Listener at 0.0.0.0/33273] INFO  ipc.CallQueueManager (CallQueueManager.java:<init>(90)) - Using callQueue: class java.util.concurrent.LinkedBlockingQueue, queueCapacity: 2000, scheduler: class org.apache.hadoop.ipc.DefaultRpcScheduler, ipcBackoff: false.
2022-03-14 02:39:10,212 [pool-258-thread-1] INFO  server.RaftServer$Division (RaftServerImpl.java:<init>(184)) - om1: new RaftServerImpl for group-C5BA1605619E:[om1|rpc:localhost:9872|priority:0] with OzoneManagerStateMachine:uninitialized
2022-03-14 02:39:10,213 [Socket Reader #1 for port 0] INFO  ipc.Server (Server.java:run(1265)) - Starting Socket Reader #1 for port 0
2022-03-14 02:39:10,222 [pool-258-thread-1] INFO  server.RaftServerConfigKeys (ConfUtils.java:logGet(44)) - raft.server.rpc.timeout.min = 1s (custom)
2022-03-14 02:39:10,222 [pool-258-thread-1] INFO  server.RaftServerConfigKeys (ConfUtils.java:logGet(44)) - raft.server.rpc.timeout.max = 1200ms (custom)
2022-03-14 02:39:10,222 [pool-258-thread-1] INFO  server.RaftServerConfigKeys (ConfUtils.java:logGet(44)) - raft.server.rpc.sleep.time = 25ms (default)
2022-03-14 02:39:10,222 [pool-258-thread-1] INFO  server.RaftServerConfigKeys (ConfUtils.java:logGet(44)) - raft.server.rpc.slowness.timeout = 120s (custom)
2022-03-14 02:39:10,223 [pool-258-thread-1] INFO  server.RaftServerConfigKeys (ConfUtils.java:logGet(44)) - raft.server.leaderelection.leader.step-down.wait-time = 10s (default)
2022-03-14 02:39:10,223 [pool-258-thread-1] INFO  server.RaftServerConfigKeys (ConfUtils.java:logGet(44)) - raft.server.sleep.deviation.threshold = 300ms (default)
2022-03-14 02:39:10,223 [pool-258-thread-1] INFO  server.RaftServerConfigKeys (ConfUtils.java:logGet(44)) - raft.server.log.appender.install.snapshot.enabled = false (custom)
2022-03-14 02:39:10,223 [pool-258-thread-1] INFO  server.RaftServer$Division (ServerState.java:<init>(105)) - om1@group-C5BA1605619E: ConfigurationManager, init=-1: [om1|rpc:localhost:9872|priority:0], old=null, confs=<EMPTY_MAP>
2022-03-14 02:39:10,223 [pool-258-thread-1] INFO  server.RaftServerConfigKeys (ConfUtils.java:logGet(44)) - raft.server.storage.dir = [/home/runner/work/ozone/ozone/hadoop-ozone/integration-test/target/test-dir/MiniOzoneClusterImpl-a8714879-5ed3-4fa8-8176-35e71d15aa3e/ozone-meta/ratis] (custom)
2022-03-14 02:39:10,223 [pool-258-thread-1] INFO  server.RaftServerConfigKeys (ConfUtils.java:logGet(44)) - raft.server.log.corruption.policy = EXCEPTION (default)
2022-03-14 02:39:10,223 [pool-258-thread-1] INFO  server.RaftServerConfigKeys (ConfUtils.java:logGet(44)) - raft.server.storage.free-space.min = 0MB (=0) (default)
2022-03-14 02:39:10,224 [pool-258-thread-1] INFO  storage.RaftStorageDirectory (RaftStorageDirectoryImpl.java:analyzeStorage(135)) - The storage directory /home/runner/work/ozone/ozone/hadoop-ozone/integration-test/target/test-dir/MiniOzoneClusterImpl-a8714879-5ed3-4fa8-8176-35e71d15aa3e/ozone-meta/ratis/bf265839-605b-3f16-9796-c5ba1605619e does not exist. Creating ...
2022-03-14 02:39:10,227 [pool-258-thread-1] INFO  storage.RaftStorageDirectory (RaftStorageDirectoryImpl.java:tryLock(230)) - Lock on /home/runner/work/ozone/ozone/hadoop-ozone/integration-test/target/test-dir/MiniOzoneClusterImpl-a8714879-5ed3-4fa8-8176-35e71d15aa3e/ozone-meta/ratis/bf265839-605b-3f16-9796-c5ba1605619e/in_use.lock acquired by nodename 12570@fv-az501-120
2022-03-14 02:39:10,230 [pool-258-thread-1] INFO  storage.RaftStorage (RaftStorageImpl.java:format(89)) - Storage directory /home/runner/work/ozone/ozone/hadoop-ozone/integration-test/target/test-dir/MiniOzoneClusterImpl-a8714879-5ed3-4fa8-8176-35e71d15aa3e/ozone-meta/ratis/bf265839-605b-3f16-9796-c5ba1605619e has been successfully formatted.
2022-03-14 02:39:10,230 [pool-258-thread-1] INFO  server.RaftServerConfigKeys (ConfUtils.java:logGet(44)) - raft.server.notification.no-leader.timeout = 120s (custom)
2022-03-14 02:39:10,230 [pool-258-thread-1] INFO  server.RaftServerConfigKeys (ConfUtils.java:logGet(44)) - raft.server.log.use.memory = false (default)
2022-03-14 02:39:10,230 [pool-258-thread-1] INFO  server.RaftServerConfigKeys (ConfUtils.java:logGet(44)) - raft.server.log.purge.gap = 1000000 (custom)
2022-03-14 02:39:10,231 [pool-258-thread-1] INFO  server.RaftServerConfigKeys (ConfUtils.java:logGet(44)) - raft.server.log.appender.buffer.byte-limit = 33554432 (custom)
2022-03-14 02:39:10,231 [pool-258-thread-1] INFO  server.RaftServerConfigKeys (ConfUtils.java:logGet(44)) - raft.server.log.segment.size.max = 4194304 (custom)
2022-03-14 02:39:10,231 [pool-258-thread-1] INFO  server.RaftServerConfigKeys (ConfUtils.java:logGet(44)) - raft.server.log.segment.cache.num.max = 2 (custom)
2022-03-14 02:39:10,233 [pool-258-thread-1] INFO  server.RaftServerConfigKeys (ConfUtils.java:logGet(44)) - raft.server.log.segment.cache.size.max = 200MB (=209715200) (default)
2022-03-14 02:39:10,233 [pool-258-thread-1] INFO  segmented.SegmentedRaftLogWorker (SegmentedRaftLogWorker.java:<init>(182)) - new om1@group-C5BA1605619E-SegmentedRaftLogWorker for RaftStorageImpl:Storage Directory /home/runner/work/ozone/ozone/hadoop-ozone/integration-test/target/test-dir/MiniOzoneClusterImpl-a8714879-5ed3-4fa8-8176-35e71d15aa3e/ozone-meta/ratis/bf265839-605b-3f16-9796-c5ba1605619e
2022-03-14 02:39:10,233 [pool-258-thread-1] INFO  server.RaftServerConfigKeys (ConfUtils.java:logGet(44)) - raft.server.log.queue.byte-limit = 64MB (=67108864) (default)
2022-03-14 02:39:10,233 [pool-258-thread-1] INFO  server.RaftServerConfigKeys (ConfUtils.java:logGet(44)) - raft.server.log.queue.element-limit = 4096 (default)
2022-03-14 02:39:10,233 [pool-258-thread-1] INFO  server.RaftServerConfigKeys (ConfUtils.java:logGet(44)) - raft.server.log.segment.size.max = 4194304 (custom)
2022-03-14 02:39:10,233 [pool-258-thread-1] INFO  server.RaftServerConfigKeys (ConfUtils.java:logGet(44)) - raft.server.log.preallocated.size = 4194304 (custom)
2022-03-14 02:39:10,233 [pool-258-thread-1] INFO  server.RaftServerConfigKeys (ConfUtils.java:logGet(44)) - raft.server.log.force.sync.num = 128 (default)
2022-03-14 02:39:10,234 [pool-258-thread-1] INFO  server.RaftServerConfigKeys (ConfUtils.java:logGet(44)) - raft.server.log.statemachine.data.sync = true (default)
2022-03-14 02:39:10,234 [pool-258-thread-1] INFO  server.RaftServerConfigKeys (ConfUtils.java:logGet(44)) - raft.server.log.statemachine.data.sync.timeout = 10s (default)
2022-03-14 02:39:10,241 [pool-258-thread-1] INFO  server.RaftServerConfigKeys (ConfUtils.java:logGet(44)) - raft.server.log.statemachine.data.sync.timeout.retry = -1 (default)
2022-03-14 02:39:10,242 [pool-258-thread-1] INFO  server.RaftServerConfigKeys (ConfUtils.java:logGet(44)) - raft.server.log.write.buffer.size = 64KB (=65536) (default)
2022-03-14 02:39:10,242 [pool-258-thread-1] INFO  server.RaftServerConfigKeys (ConfUtils.java:logGet(44)) - raft.server.log.statemachine.data.caching.enabled = false (default)
2022-03-14 02:39:10,243 [pool-258-thread-1] INFO  segmented.SegmentedRaftLogWorker (SegmentedRaftLogWorker.java:lambda$new$0(133)) - om1@group-C5BA1605619E-SegmentedRaftLogWorker: flushIndex: setUnconditionally 0 -> -1
2022-03-14 02:39:10,249 [pool-258-thread-1] INFO  segmented.SegmentedRaftLogWorker (SegmentedRaftLogWorker.java:lambda$new$0(133)) - om1@group-C5BA1605619E-SegmentedRaftLogWorker: safeCacheEvictIndex: setUnconditionally 0 -> -1
2022-03-14 02:39:10,250 [pool-258-thread-1] INFO  server.RaftServerConfigKeys (ConfUtils.java:logGet(44)) - raft.server.snapshot.auto.trigger.enabled = true (custom)
2022-03-14 02:39:10,250 [pool-258-thread-1] INFO  server.RaftServerConfigKeys (ConfUtils.java:logGet(44)) - raft.server.snapshot.auto.trigger.threshold = 400000 (default)
2022-03-14 02:39:10,251 [pool-258-thread-1] INFO  server.RaftServerConfigKeys (ConfUtils.java:logGet(44)) - raft.server.snapshot.retention.file.num = -1 (default)
2022-03-14 02:39:10,251 [pool-258-thread-1] INFO  server.RaftServerConfigKeys (ConfUtils.java:logGet(44)) - raft.server.log.purge.upto.snapshot.index = true (custom)
2022-03-14 02:39:10,251 [pool-258-thread-1] INFO  server.RaftServerConfigKeys (ConfUtils.java:logGet(44)) - raft.server.retrycache.expirytime = 300s (custom)
2022-03-14 02:39:10,251 [pool-258-thread-1] INFO  server.RaftServerConfigKeys (ConfUtils.java:logGet(44)) - raft.server.retrycache.statistics.expirytime = 100μs (default)
2022-03-14 02:39:10,269 [Listener at 127.0.0.1/43591] INFO  impl.MetricsSystemImpl (MetricsSystemImpl.java:init(158)) - OzoneManager metrics system started (again)
2022-03-14 02:39:10,305 [Listener at 127.0.0.1/43591] INFO  om.OzoneManager (OzoneManager.java:start(1365)) - OzoneManager RPC server is listening at localhost/127.0.0.1:43591
2022-03-14 02:39:10,310 [Listener at 127.0.0.1/43591] INFO  ratis.OzoneManagerRatisServer (OzoneManagerRatisServer.java:start(554)) - Starting OzoneManagerRatisServer om1 at port 9872
2022-03-14 02:39:10,311 [Listener at 127.0.0.1/43591] INFO  server.RaftServer$Division (RaftServerImpl.java:start(301)) - om1@group-C5BA1605619E: start as a follower, conf=-1: [om1|rpc:localhost:9872|priority:0], old=null
2022-03-14 02:39:10,311 [Listener at 127.0.0.1/43591] INFO  server.RaftServer$Division (RaftServerImpl.java:setRole(290)) - om1@group-C5BA1605619E: changes role from      null to FOLLOWER at term 0 for startAsFollower
2022-03-14 02:39:10,311 [Listener at 127.0.0.1/43591] INFO  impl.RoleInfo (RoleInfo.java:updateAndGet(130)) - om1: start om1@group-C5BA1605619E-FollowerState
2022-03-14 02:39:10,311 [Listener at 127.0.0.1/43591] INFO  util.JmxRegister (JmxRegister.java:tryRegister(44)) - Successfully registered JMX Bean with object name Ratis:service=RaftServer,group=group-C5BA1605619E,id=om1
2022-03-14 02:39:10,321 [Listener at 127.0.0.1/43591] INFO  server.RaftServer (RaftServerProxy.java:lambda$start$5(374)) - om1: start RPC server
2022-03-14 02:39:10,322 [Listener at 127.0.0.1/43591] INFO  server.GrpcService (GrpcService.java:startImpl(253)) - om1: GrpcService started, listening on 9872
2022-03-14 02:39:10,327 [Listener at 127.0.0.1/43591] INFO  om.OzoneManager (OzoneManager.java:start(1381)) - Version File has different layout version (0) than OM DB (null). That is expected if this OM has never been finalized to a newer layout version.
2022-03-14 02:39:10,327 [org.apache.ratis.util.JvmPauseMonitor$$Lambda$431/1941186180@3f96eeaa] INFO  util.JvmPauseMonitor (JvmPauseMonitor.java:run(103)) - JvmPauseMonitor-om1: Started
2022-03-14 02:39:10,329 [Listener at 127.0.0.1/43591] INFO  http.BaseHttpServer (BaseHttpServer.java:newHttpServer2BuilderForOzone(209)) - Starting Web-server for ozoneManager at: http://0.0.0.0:0
2022-03-14 02:39:10,329 [Listener at 127.0.0.1/43591] INFO  http.BaseHttpServer (BaseHttpServer.java:<init>(107)) - Hadoop Security Enabled: false Ozone Security Enabled: false Ozone HTTP Security Enabled: false 
2022-03-14 02:39:10,331 [Listener at 127.0.0.1/43591] INFO  server.AuthenticationFilter (AuthenticationFilter.java:constructSecretProvider(240)) - Unable to initialize FileSignerSecretProvider, falling back to use random secrets.
2022-03-14 02:39:10,333 [Listener at 127.0.0.1/43591] WARN  http.HttpRequestLog (HttpRequestLog.java:getRequestLog(103)) - Jetty request log can only be enabled using Log4j
2022-03-14 02:39:10,334 [Listener at 127.0.0.1/43591] INFO  http.HttpServer2 (HttpServer2.java:addGlobalFilter(1030)) - Added global filter 'safety' (class=org.apache.hadoop.hdds.server.http.HttpServer2$QuotingInputFilter)
2022-03-14 02:39:10,335 [Listener at 127.0.0.1/43591] INFO  http.HttpServer2 (HttpServer2.java:addFilter(1006)) - Added filter static_user_filter (class=org.apache.hadoop.http.lib.StaticUserWebFilter$StaticUserFilter) to context ozoneManager
2022-03-14 02:39:10,335 [Listener at 127.0.0.1/43591] INFO  http.HttpServer2 (HttpServer2.java:addFilter(1014)) - Added filter static_user_filter (class=org.apache.hadoop.http.lib.StaticUserWebFilter$StaticUserFilter) to context static
2022-03-14 02:39:10,335 [Listener at 127.0.0.1/43591] INFO  http.HttpServer2 (HttpServer2.java:addFilter(1014)) - Added filter static_user_filter (class=org.apache.hadoop.http.lib.StaticUserWebFilter$StaticUserFilter) to context logs
2022-03-14 02:39:10,335 [Listener at 127.0.0.1/43591] INFO  http.HttpServer2 (HttpServer2.java:bindListener(1249)) - Jetty bound to port 35489
2022-03-14 02:39:10,336 [Listener at 127.0.0.1/43591] INFO  server.Server (Server.java:doStart(375)) - jetty-9.4.43.v20210629; built: 2021-06-30T11:07:22.254Z; git: 526006ecfa3af7f1a27ef3a288e2bef7ea9dd7e8; jvm 1.8.0_322-b06
2022-03-14 02:39:10,355 [Listener at 127.0.0.1/43591] INFO  server.session (DefaultSessionIdManager.java:doStart(334)) - DefaultSessionIdManager workerName=node0
2022-03-14 02:39:10,355 [Listener at 127.0.0.1/43591] INFO  server.session (DefaultSessionIdManager.java:doStart(339)) - No SessionScavenger set, using defaults
2022-03-14 02:39:10,356 [Listener at 127.0.0.1/43591] INFO  server.session (HouseKeeper.java:startScavenging(132)) - node0 Scavenging every 660000ms
2022-03-14 02:39:10,356 [Listener at 127.0.0.1/43591] INFO  handler.ContextHandler (ContextHandler.java:doStart(915)) - Started o.e.j.s.ServletContextHandler@59ca2485{logs,/logs,file:///home/runner/work/ozone/ozone/hadoop-ozone/integration-test/target/log,AVAILABLE}
2022-03-14 02:39:10,361 [Listener at 127.0.0.1/43591] INFO  handler.ContextHandler (ContextHandler.java:doStart(915)) - Started o.e.j.s.ServletContextHandler@629c60bf{static,/static,file:///home/runner/work/ozone/ozone/hadoop-ozone/integration-test/target/test-classes/webapps/static,AVAILABLE}
2022-03-14 02:39:10,364 [Listener at 127.0.0.1/43591] INFO  handler.ContextHandler (ContextHandler.java:doStart(915)) - Started o.e.j.w.WebAppContext@ace3245{ozoneManager,/,file:///home/runner/work/ozone/ozone/hadoop-ozone/integration-test/target/test-classes/webapps/ozoneManager/,AVAILABLE}{file:/home/runner/work/ozone/ozone/hadoop-ozone/integration-test/target/test-classes/webapps/ozoneManager}
2022-03-14 02:39:10,369 [Listener at 127.0.0.1/43591] INFO  server.AbstractConnector (AbstractConnector.java:doStart(331)) - Started ServerConnector@7764f854{HTTP/1.1, (http/1.1)}{0.0.0.0:35489}
2022-03-14 02:39:10,369 [Listener at 127.0.0.1/43591] INFO  server.Server (Server.java:doStart(415)) - Started @98139ms
2022-03-14 02:39:10,369 [Listener at 127.0.0.1/43591] WARN  impl.MetricsSystemImpl (MetricsSystemImpl.java:register(279)) - Sink prometheus already exists!
2022-03-14 02:39:10,370 [Listener at 127.0.0.1/43591] INFO  http.BaseHttpServer (BaseHttpServer.java:updateConnectorAddress(329)) - HTTP server of ozoneManager listening at http://0.0.0.0:35489
2022-03-14 02:39:10,381 [IPC Server Responder] INFO  ipc.Server (Server.java:run(1507)) - IPC Server Responder: starting
2022-03-14 02:39:10,389 [IPC Server listener on 0] INFO  ipc.Server (Server.java:run(1344)) - IPC Server listener on 0: starting
2022-03-14 02:39:10,456 [Listener at 127.0.0.1/43591] INFO  om.OzoneManager (OzoneManager.java:startTrashEmptier(1792)) - Trash Interval set to 0. Files deleted will not move to trash
2022-03-14 02:39:10,459 [org.apache.hadoop.util.JvmPauseMonitor$Monitor@5cf002dc] INFO  util.JvmPauseMonitor (JvmPauseMonitor.java:run(188)) - Starting JVM pause monitor
2022-03-14 02:39:10,489 [Listener at 127.0.0.1/43591] WARN  impl.MetricRegistriesImpl (MetricRegistriesImpl.java:addReporterRegistration(111)) - New reporters are added after registries were created. Some metrics will be missing from the reporter. Please add reporter before adding any new registry.
2022-03-14 02:39:10,489 [Listener at 127.0.0.1/43591] WARN  impl.MetricRegistriesImpl (MetricRegistriesImpl.java:addReporterRegistration(111)) - New reporters are added after registries were created. Some metrics will be missing from the reporter. Please add reporter before adding any new registry.
2022-03-14 02:39:10,489 [Listener at 127.0.0.1/43591] INFO  impl.MetricsSystemImpl (MetricsSystemImpl.java:init(158)) - HddsDatanode metrics system started (again)
2022-03-14 02:39:10,516 [Listener at 127.0.0.1/43591] INFO  ozone.HddsDatanodeService (HddsDatanodeService.java:start(233)) - HddsDatanodeService host:fv-az501-120.rsswf2em5frezlg3dkjt5mgqaf.dx.internal.cloudapp.net ip:10.1.0.7
2022-03-14 02:39:10,584 [Listener at 127.0.0.1/43591] INFO  upgrade.AbstractLayoutVersionManager (AbstractLayoutVersionManager.java:init(79)) - Initializing Layout version manager with metadata layout = SCM_HA (version = 2), software layout = SCM_HA (version = 2)
2022-03-14 02:39:10,700 [Listener at 127.0.0.1/43591] INFO  reflections.Reflections (Reflections.java:scan(232)) - Reflections took 110 ms to scan 7 urls, producing 122 keys and 286 values 
2022-03-14 02:39:10,704 [Listener at 127.0.0.1/43591] INFO  statemachine.DatanodeStateMachine (DatanodeStateMachine.java:getEndPointTaskThreadPoolSize(222)) - Datanode State Machine Task Thread Pool size 2
2022-03-14 02:39:10,710 [Listener at 127.0.0.1/43591] INFO  volume.HddsVolume (HddsVolume.java:<init>(120)) - Creating HddsVolume: /home/runner/work/ozone/ozone/hadoop-ozone/integration-test/target/test-dir/MiniOzoneClusterImpl-a8714879-5ed3-4fa8-8176-35e71d15aa3e/datanode-0/data-0/containers/hdds of storage type : DISK capacity : 9223372036854775807
2022-03-14 02:39:10,711 [Listener at 127.0.0.1/43591] INFO  volume.MutableVolumeSet (MutableVolumeSet.java:initializeVolumeSet(168)) - Added Volume : /home/runner/work/ozone/ozone/hadoop-ozone/integration-test/target/test-dir/MiniOzoneClusterImpl-a8714879-5ed3-4fa8-8176-35e71d15aa3e/datanode-0/data-0/containers/hdds to VolumeSet
2022-03-14 02:39:10,711 [Listener at 127.0.0.1/43591] INFO  volume.ThrottledAsyncChecker (ThrottledAsyncChecker.java:schedule(141)) - Scheduling a check for /home/runner/work/ozone/ozone/hadoop-ozone/integration-test/target/test-dir/MiniOzoneClusterImpl-a8714879-5ed3-4fa8-8176-35e71d15aa3e/datanode-0/data-0/containers/hdds
2022-03-14 02:39:10,712 [Listener at 127.0.0.1/43591] INFO  volume.StorageVolumeChecker (StorageVolumeChecker.java:checkAllVolumes(202)) - Scheduled health check for volume /home/runner/work/ozone/ozone/hadoop-ozone/integration-test/target/test-dir/MiniOzoneClusterImpl-a8714879-5ed3-4fa8-8176-35e71d15aa3e/datanode-0/data-0/containers/hdds
2022-03-14 02:39:10,762 [Listener at 127.0.0.1/43591] INFO  volume.MutableVolumeSet (MutableVolumeSet.java:initializeVolumeSet(168)) - Added Volume : /home/runner/work/ozone/ozone/hadoop-ozone/integration-test/target/test-dir/MiniOzoneClusterImpl-a8714879-5ed3-4fa8-8176-35e71d15aa3e/datanode-0/data/ratis to VolumeSet
2022-03-14 02:39:10,762 [Listener at 127.0.0.1/43591] INFO  volume.ThrottledAsyncChecker (ThrottledAsyncChecker.java:schedule(141)) - Scheduling a check for /home/runner/work/ozone/ozone/hadoop-ozone/integration-test/target/test-dir/MiniOzoneClusterImpl-a8714879-5ed3-4fa8-8176-35e71d15aa3e/datanode-0/data/ratis
2022-03-14 02:39:10,762 [Listener at 127.0.0.1/43591] INFO  volume.StorageVolumeChecker (StorageVolumeChecker.java:checkAllVolumes(202)) - Scheduled health check for volume /home/runner/work/ozone/ozone/hadoop-ozone/integration-test/target/test-dir/MiniOzoneClusterImpl-a8714879-5ed3-4fa8-8176-35e71d15aa3e/datanode-0/data/ratis
2022-03-14 02:39:10,802 [Thread-537] INFO  ozoneimpl.ContainerReader (ContainerReader.java:readVolume(172)) - Finish verifying containers on volume /home/runner/work/ozone/ozone/hadoop-ozone/integration-test/target/test-dir/MiniOzoneClusterImpl-a8714879-5ed3-4fa8-8176-35e71d15aa3e/datanode-0/data-0/containers/hdds
2022-03-14 02:39:10,803 [Listener at 127.0.0.1/43591] INFO  ozoneimpl.OzoneContainer (OzoneContainer.java:buildContainerSet(257)) - Build ContainerSet costs 0s
2022-03-14 02:39:10,806 [Listener at 127.0.0.1/43591] INFO  server.RaftServer (ConfUtils.java:logGet(44)) - raft.rpc.type = GRPC (default)
2022-03-14 02:39:10,809 [Listener at 127.0.0.1/43591] INFO  grpc.GrpcFactory (GrpcFactory.java:checkPooledByteBufAllocatorUseCacheForAllThreads(48)) - PERFORMANCE WARNING: useCacheForAllThreads is true that may cause Netty to create a lot garbage objects and, as a result, trigger GC.
	It is recommended to disable useCacheForAllThreads by setting -Dorg.apache.ratis.thirdparty.io.netty.allocator.useCacheForAllThreads=false in command line.
2022-03-14 02:39:10,809 [Listener at 127.0.0.1/43591] INFO  grpc.GrpcConfigKeys (ConfUtils.java:logGet(44)) - raft.grpc.admin.port = 0 (custom)
2022-03-14 02:39:10,809 [Listener at 127.0.0.1/43591] INFO  grpc.GrpcConfigKeys (ConfUtils.java:logGet(44)) - raft.grpc.client.port = 0 (custom)
2022-03-14 02:39:10,809 [Listener at 127.0.0.1/43591] INFO  grpc.GrpcConfigKeys (ConfUtils.java:logGet(44)) - raft.grpc.server.port = 0 (default)
2022-03-14 02:39:10,810 [Listener at 127.0.0.1/43591] INFO  server.GrpcService (ConfUtils.java:logGet(44)) - raft.grpc.message.size.max = 32MB (=33554432) (custom)
2022-03-14 02:39:10,810 [Listener at 127.0.0.1/43591] INFO  server.RaftServerConfigKeys (ConfUtils.java:logGet(44)) - raft.server.log.appender.buffer.byte-limit = 33554432 (custom)
2022-03-14 02:39:10,810 [Listener at 127.0.0.1/43591] INFO  server.GrpcService (ConfUtils.java:logGet(44)) - raft.grpc.flow.control.window = 5MB (=5242880) (custom)
2022-03-14 02:39:10,810 [Listener at 127.0.0.1/43591] INFO  server.RaftServerConfigKeys (ConfUtils.java:logGet(44)) - raft.server.rpc.request.timeout = 60s (custom)
2022-03-14 02:39:10,811 [Listener at 127.0.0.1/43591] INFO  impl.DataStreamServerImpl (ConfUtils.java:logGet(44)) - raft.datastream.type = DISABLED (default)
2022-03-14 02:39:10,817 [Listener at 127.0.0.1/43591] INFO  server.RaftServerConfigKeys (ConfUtils.java:logGet(44)) - raft.server.rpc.slowness.timeout = 300s (custom)
2022-03-14 02:39:10,817 [Listener at 127.0.0.1/43591] INFO  server.RaftServerConfigKeys (ConfUtils.java:logGet(44)) - raft.server.leaderelection.leader.step-down.wait-time = 10s (default)
2022-03-14 02:39:10,817 [Listener at 127.0.0.1/43591] INFO  server.RaftServerConfigKeys (ConfUtils.java:logGet(44)) - raft.server.storage.dir = [/home/runner/work/ozone/ozone/hadoop-ozone/integration-test/target/test-dir/MiniOzoneClusterImpl-a8714879-5ed3-4fa8-8176-35e71d15aa3e/datanode-0/data/ratis] (custom)
2022-03-14 02:39:10,819 [Listener at 127.0.0.1/43591] INFO  server.XceiverServerGrpc (XceiverServerGrpc.java:<init>(132)) - GrpcServer channel type EpollServerSocketChannel
2022-03-14 02:39:10,826 [Listener at 127.0.0.1/43591] INFO  http.BaseHttpServer (BaseHttpServer.java:newHttpServer2BuilderForOzone(209)) - Starting Web-server for hddsDatanode at: http://0.0.0.0:0
2022-03-14 02:39:10,826 [Listener at 127.0.0.1/43591] INFO  http.BaseHttpServer (BaseHttpServer.java:<init>(107)) - Hadoop Security Enabled: false Ozone Security Enabled: false Ozone HTTP Security Enabled: false 
2022-03-14 02:39:10,828 [Listener at 127.0.0.1/43591] INFO  server.AuthenticationFilter (AuthenticationFilter.java:constructSecretProvider(240)) - Unable to initialize FileSignerSecretProvider, falling back to use random secrets.
2022-03-14 02:39:10,841 [Listener at 127.0.0.1/43591] WARN  http.HttpRequestLog (HttpRequestLog.java:getRequestLog(103)) - Jetty request log can only be enabled using Log4j
2022-03-14 02:39:10,842 [Listener at 127.0.0.1/43591] INFO  http.HttpServer2 (HttpServer2.java:addGlobalFilter(1030)) - Added global filter 'safety' (class=org.apache.hadoop.hdds.server.http.HttpServer2$QuotingInputFilter)
2022-03-14 02:39:10,843 [Listener at 127.0.0.1/43591] INFO  http.HttpServer2 (HttpServer2.java:addFilter(1006)) - Added filter static_user_filter (class=org.apache.hadoop.http.lib.StaticUserWebFilter$StaticUserFilter) to context hddsDatanode
2022-03-14 02:39:10,843 [Listener at 127.0.0.1/43591] INFO  http.HttpServer2 (HttpServer2.java:addFilter(1014)) - Added filter static_user_filter (class=org.apache.hadoop.http.lib.StaticUserWebFilter$StaticUserFilter) to context logs
2022-03-14 02:39:10,843 [Listener at 127.0.0.1/43591] INFO  http.HttpServer2 (HttpServer2.java:addFilter(1014)) - Added filter static_user_filter (class=org.apache.hadoop.http.lib.StaticUserWebFilter$StaticUserFilter) to context static
2022-03-14 02:39:10,843 [Listener at 127.0.0.1/43591] INFO  http.HttpServer2 (HttpServer2.java:bindListener(1249)) - Jetty bound to port 38861
2022-03-14 02:39:10,844 [Listener at 127.0.0.1/43591] INFO  server.Server (Server.java:doStart(375)) - jetty-9.4.43.v20210629; built: 2021-06-30T11:07:22.254Z; git: 526006ecfa3af7f1a27ef3a288e2bef7ea9dd7e8; jvm 1.8.0_322-b06
2022-03-14 02:39:10,910 [Listener at 127.0.0.1/43591] INFO  server.session (DefaultSessionIdManager.java:doStart(334)) - DefaultSessionIdManager workerName=node0
2022-03-14 02:39:10,911 [Listener at 127.0.0.1/43591] INFO  server.session (DefaultSessionIdManager.java:doStart(339)) - No SessionScavenger set, using defaults
2022-03-14 02:39:10,911 [Listener at 127.0.0.1/43591] INFO  server.session (HouseKeeper.java:startScavenging(132)) - node0 Scavenging every 600000ms
2022-03-14 02:39:10,914 [Listener at 127.0.0.1/43591] INFO  handler.ContextHandler (ContextHandler.java:doStart(915)) - Started o.e.j.s.ServletContextHandler@45b59ffd{logs,/logs,file:///home/runner/work/ozone/ozone/hadoop-ozone/integration-test/target/log,AVAILABLE}
2022-03-14 02:39:10,914 [Listener at 127.0.0.1/43591] INFO  handler.ContextHandler (ContextHandler.java:doStart(915)) - Started o.e.j.s.ServletContextHandler@52c036d9{static,/static,jar:file:/home/runner/.m2/repository/org/apache/ozone/hdds-container-service/1.3.0-SNAPSHOT/hdds-container-service-1.3.0-SNAPSHOT.jar!/webapps/static,AVAILABLE}
2022-03-14 02:39:11,034 [Listener at 127.0.0.1/43591] INFO  handler.ContextHandler (ContextHandler.java:doStart(915)) - Started o.e.j.w.WebAppContext@ea288e5{hddsDatanode,/,file:///tmp/jetty-0_0_0_0-38861-hdds-container-service-1_3_0-SNAPSHOT_jar-_-any-5561062698114662159/webapp/,AVAILABLE}{jar:file:/home/runner/.m2/repository/org/apache/ozone/hdds-container-service/1.3.0-SNAPSHOT/hdds-container-service-1.3.0-SNAPSHOT.jar!/webapps/hddsDatanode}
2022-03-14 02:39:11,042 [Listener at 127.0.0.1/43591] INFO  server.AbstractConnector (AbstractConnector.java:doStart(331)) - Started ServerConnector@1751b994{HTTP/1.1, (http/1.1)}{0.0.0.0:38861}
2022-03-14 02:39:11,042 [Listener at 127.0.0.1/43591] INFO  server.Server (Server.java:doStart(415)) - Started @98812ms
2022-03-14 02:39:11,042 [Listener at 127.0.0.1/43591] WARN  impl.MetricsSystemImpl (MetricsSystemImpl.java:register(279)) - Sink prometheus already exists!
2022-03-14 02:39:11,049 [Listener at 127.0.0.1/43591] INFO  http.BaseHttpServer (BaseHttpServer.java:updateConnectorAddress(329)) - HTTP server of hddsDatanode listening at http://0.0.0.0:38861
2022-03-14 02:39:11,053 [Listener at 127.0.0.1/43591] WARN  impl.MetricRegistriesImpl (MetricRegistriesImpl.java:addReporterRegistration(111)) - New reporters are added after registries were created. Some metrics will be missing from the reporter. Please add reporter before adding any new registry.
2022-03-14 02:39:11,053 [Listener at 127.0.0.1/43591] WARN  impl.MetricRegistriesImpl (MetricRegistriesImpl.java:addReporterRegistration(111)) - New reporters are added after registries were created. Some metrics will be missing from the reporter. Please add reporter before adding any new registry.
2022-03-14 02:39:11,054 [Listener at 127.0.0.1/43591] INFO  impl.MetricsSystemImpl (MetricsSystemImpl.java:init(158)) - HddsDatanode metrics system started (again)
2022-03-14 02:39:11,064 [Datanode State Machine Daemon Thread] INFO  statemachine.DatanodeStateMachine (DatanodeStateMachine.java:lambda$startDaemon$0(470)) - Ozone container server started.
2022-03-14 02:39:11,107 [org.apache.hadoop.util.JvmPauseMonitor$Monitor@28e66a22] INFO  util.JvmPauseMonitor (JvmPauseMonitor.java:run(188)) - Starting JVM pause monitor
2022-03-14 02:39:11,144 [Datanode State Machine Task Thread - 0] INFO  datanode.InitDatanodeState (InitDatanodeState.java:persistContainerDatanodeDetails(138)) - DatanodeDetails is persisted to /home/runner/work/ozone/ozone/hadoop-ozone/integration-test/target/test-dir/MiniOzoneClusterImpl-a8714879-5ed3-4fa8-8176-35e71d15aa3e/datanode-0/meta/datanode.id
2022-03-14 02:39:11,154 [Listener at 127.0.0.1/43591] INFO  ozone.HddsDatanodeService (HddsDatanodeService.java:start(233)) - HddsDatanodeService host:fv-az501-120.rsswf2em5frezlg3dkjt5mgqaf.dx.internal.cloudapp.net ip:10.1.0.7
2022-03-14 02:39:11,202 [Listener at 127.0.0.1/43591] INFO  upgrade.AbstractLayoutVersionManager (AbstractLayoutVersionManager.java:init(79)) - Initializing Layout version manager with metadata layout = SCM_HA (version = 2), software layout = SCM_HA (version = 2)
2022-03-14 02:39:11,280 [Listener at 127.0.0.1/43591] INFO  reflections.Reflections (Reflections.java:scan(232)) - Reflections took 77 ms to scan 7 urls, producing 122 keys and 286 values 
2022-03-14 02:39:11,289 [Listener at 127.0.0.1/43591] INFO  statemachine.DatanodeStateMachine (DatanodeStateMachine.java:getEndPointTaskThreadPoolSize(222)) - Datanode State Machine Task Thread Pool size 2
2022-03-14 02:39:11,303 [Listener at 127.0.0.1/43591] INFO  volume.HddsVolume (HddsVolume.java:<init>(120)) - Creating HddsVolume: /home/runner/work/ozone/ozone/hadoop-ozone/integration-test/target/test-dir/MiniOzoneClusterImpl-a8714879-5ed3-4fa8-8176-35e71d15aa3e/datanode-1/data-0/containers/hdds of storage type : DISK capacity : 9223372036854775807
2022-03-14 02:39:11,304 [Listener at 127.0.0.1/43591] INFO  volume.MutableVolumeSet (MutableVolumeSet.java:initializeVolumeSet(168)) - Added Volume : /home/runner/work/ozone/ozone/hadoop-ozone/integration-test/target/test-dir/MiniOzoneClusterImpl-a8714879-5ed3-4fa8-8176-35e71d15aa3e/datanode-1/data-0/containers/hdds to VolumeSet
2022-03-14 02:39:11,304 [Listener at 127.0.0.1/43591] INFO  volume.ThrottledAsyncChecker (ThrottledAsyncChecker.java:schedule(141)) - Scheduling a check for /home/runner/work/ozone/ozone/hadoop-ozone/integration-test/target/test-dir/MiniOzoneClusterImpl-a8714879-5ed3-4fa8-8176-35e71d15aa3e/datanode-1/data-0/containers/hdds
2022-03-14 02:39:11,307 [Listener at 127.0.0.1/43591] INFO  volume.StorageVolumeChecker (StorageVolumeChecker.java:checkAllVolumes(202)) - Scheduled health check for volume /home/runner/work/ozone/ozone/hadoop-ozone/integration-test/target/test-dir/MiniOzoneClusterImpl-a8714879-5ed3-4fa8-8176-35e71d15aa3e/datanode-1/data-0/containers/hdds
2022-03-14 02:39:11,326 [Listener at 127.0.0.1/43591] INFO  volume.MutableVolumeSet (MutableVolumeSet.java:initializeVolumeSet(168)) - Added Volume : /home/runner/work/ozone/ozone/hadoop-ozone/integration-test/target/test-dir/MiniOzoneClusterImpl-a8714879-5ed3-4fa8-8176-35e71d15aa3e/datanode-1/data/ratis to VolumeSet
2022-03-14 02:39:11,333 [Listener at 127.0.0.1/43591] INFO  volume.ThrottledAsyncChecker (ThrottledAsyncChecker.java:schedule(141)) - Scheduling a check for /home/runner/work/ozone/ozone/hadoop-ozone/integration-test/target/test-dir/MiniOzoneClusterImpl-a8714879-5ed3-4fa8-8176-35e71d15aa3e/datanode-1/data/ratis
2022-03-14 02:39:11,333 [Listener at 127.0.0.1/43591] INFO  volume.StorageVolumeChecker (StorageVolumeChecker.java:checkAllVolumes(202)) - Scheduled health check for volume /home/runner/work/ozone/ozone/hadoop-ozone/integration-test/target/test-dir/MiniOzoneClusterImpl-a8714879-5ed3-4fa8-8176-35e71d15aa3e/datanode-1/data/ratis
2022-03-14 02:39:11,381 [Thread-549] INFO  ozoneimpl.ContainerReader (ContainerReader.java:readVolume(172)) - Finish verifying containers on volume /home/runner/work/ozone/ozone/hadoop-ozone/integration-test/target/test-dir/MiniOzoneClusterImpl-a8714879-5ed3-4fa8-8176-35e71d15aa3e/datanode-1/data-0/containers/hdds
2022-03-14 02:39:11,385 [Listener at 127.0.0.1/43591] INFO  ozoneimpl.OzoneContainer (OzoneContainer.java:buildContainerSet(257)) - Build ContainerSet costs 0s
2022-03-14 02:39:11,398 [Listener at 127.0.0.1/43591] INFO  server.RaftServer (ConfUtils.java:logGet(44)) - raft.rpc.type = GRPC (default)
2022-03-14 02:39:11,398 [Listener at 127.0.0.1/43591] INFO  grpc.GrpcFactory (GrpcFactory.java:checkPooledByteBufAllocatorUseCacheForAllThreads(48)) - PERFORMANCE WARNING: useCacheForAllThreads is true that may cause Netty to create a lot garbage objects and, as a result, trigger GC.
	It is recommended to disable useCacheForAllThreads by setting -Dorg.apache.ratis.thirdparty.io.netty.allocator.useCacheForAllThreads=false in command line.
2022-03-14 02:39:11,399 [Listener at 127.0.0.1/43591] INFO  grpc.GrpcConfigKeys (ConfUtils.java:logGet(44)) - raft.grpc.admin.port = 0 (custom)
2022-03-14 02:39:11,399 [Listener at 127.0.0.1/43591] INFO  grpc.GrpcConfigKeys (ConfUtils.java:logGet(44)) - raft.grpc.client.port = 0 (custom)
2022-03-14 02:39:11,399 [Listener at 127.0.0.1/43591] INFO  grpc.GrpcConfigKeys (ConfUtils.java:logGet(44)) - raft.grpc.server.port = 0 (default)
2022-03-14 02:39:11,399 [Listener at 127.0.0.1/43591] INFO  server.GrpcService (ConfUtils.java:logGet(44)) - raft.grpc.message.size.max = 32MB (=33554432) (custom)
2022-03-14 02:39:11,399 [Listener at 127.0.0.1/43591] INFO  server.RaftServerConfigKeys (ConfUtils.java:logGet(44)) - raft.server.log.appender.buffer.byte-limit = 33554432 (custom)
2022-03-14 02:39:11,399 [Listener at 127.0.0.1/43591] INFO  server.GrpcService (ConfUtils.java:logGet(44)) - raft.grpc.flow.control.window = 5MB (=5242880) (custom)
2022-03-14 02:39:11,400 [Listener at 127.0.0.1/43591] INFO  server.RaftServerConfigKeys (ConfUtils.java:logGet(44)) - raft.server.rpc.request.timeout = 60s (custom)
2022-03-14 02:39:11,405 [Listener at 127.0.0.1/43591] INFO  impl.DataStreamServerImpl (ConfUtils.java:logGet(44)) - raft.datastream.type = DISABLED (default)
2022-03-14 02:39:11,405 [Listener at 127.0.0.1/43591] INFO  server.RaftServerConfigKeys (ConfUtils.java:logGet(44)) - raft.server.rpc.slowness.timeout = 300s (custom)
2022-03-14 02:39:11,405 [Listener at 127.0.0.1/43591] INFO  server.RaftServerConfigKeys (ConfUtils.java:logGet(44)) - raft.server.leaderelection.leader.step-down.wait-time = 10s (default)
2022-03-14 02:39:11,406 [Listener at 127.0.0.1/43591] INFO  server.RaftServerConfigKeys (ConfUtils.java:logGet(44)) - raft.server.storage.dir = [/home/runner/work/ozone/ozone/hadoop-ozone/integration-test/target/test-dir/MiniOzoneClusterImpl-a8714879-5ed3-4fa8-8176-35e71d15aa3e/datanode-1/data/ratis] (custom)
2022-03-14 02:39:11,407 [Listener at 127.0.0.1/43591] INFO  server.XceiverServerGrpc (XceiverServerGrpc.java:<init>(132)) - GrpcServer channel type EpollServerSocketChannel
2022-03-14 02:39:11,415 [Listener at 127.0.0.1/43591] INFO  http.BaseHttpServer (BaseHttpServer.java:newHttpServer2BuilderForOzone(209)) - Starting Web-server for hddsDatanode at: http://0.0.0.0:0
2022-03-14 02:39:11,415 [Listener at 127.0.0.1/43591] INFO  http.BaseHttpServer (BaseHttpServer.java:<init>(107)) - Hadoop Security Enabled: false Ozone Security Enabled: false Ozone HTTP Security Enabled: false 
2022-03-14 02:39:11,416 [Listener at 127.0.0.1/43591] INFO  server.AuthenticationFilter (AuthenticationFilter.java:constructSecretProvider(240)) - Unable to initialize FileSignerSecretProvider, falling back to use random secrets.
2022-03-14 02:39:11,417 [Listener at 127.0.0.1/43591] WARN  http.HttpRequestLog (HttpRequestLog.java:getRequestLog(103)) - Jetty request log can only be enabled using Log4j
2022-03-14 02:39:11,417 [Listener at 127.0.0.1/43591] INFO  http.HttpServer2 (HttpServer2.java:addGlobalFilter(1030)) - Added global filter 'safety' (class=org.apache.hadoop.hdds.server.http.HttpServer2$QuotingInputFilter)
2022-03-14 02:39:11,418 [Listener at 127.0.0.1/43591] INFO  http.HttpServer2 (HttpServer2.java:addFilter(1006)) - Added filter static_user_filter (class=org.apache.hadoop.http.lib.StaticUserWebFilter$StaticUserFilter) to context hddsDatanode
2022-03-14 02:39:11,418 [Listener at 127.0.0.1/43591] INFO  http.HttpServer2 (HttpServer2.java:addFilter(1014)) - Added filter static_user_filter (class=org.apache.hadoop.http.lib.StaticUserWebFilter$StaticUserFilter) to context static
2022-03-14 02:39:11,418 [Listener at 127.0.0.1/43591] INFO  http.HttpServer2 (HttpServer2.java:addFilter(1014)) - Added filter static_user_filter (class=org.apache.hadoop.http.lib.StaticUserWebFilter$StaticUserFilter) to context logs
2022-03-14 02:39:11,419 [Listener at 127.0.0.1/43591] INFO  http.HttpServer2 (HttpServer2.java:bindListener(1249)) - Jetty bound to port 38625
2022-03-14 02:39:11,419 [Listener at 127.0.0.1/43591] INFO  server.Server (Server.java:doStart(375)) - jetty-9.4.43.v20210629; built: 2021-06-30T11:07:22.254Z; git: 526006ecfa3af7f1a27ef3a288e2bef7ea9dd7e8; jvm 1.8.0_322-b06
2022-03-14 02:39:11,435 [Listener at 127.0.0.1/43591] INFO  server.session (DefaultSessionIdManager.java:doStart(334)) - DefaultSessionIdManager workerName=node0
2022-03-14 02:39:11,436 [Listener at 127.0.0.1/43591] INFO  server.session (DefaultSessionIdManager.java:doStart(339)) - No SessionScavenger set, using defaults
2022-03-14 02:39:11,436 [Listener at 127.0.0.1/43591] INFO  server.session (HouseKeeper.java:startScavenging(132)) - node0 Scavenging every 660000ms
2022-03-14 02:39:11,445 [Listener at 127.0.0.1/43591] INFO  handler.ContextHandler (ContextHandler.java:doStart(915)) - Started o.e.j.s.ServletContextHandler@31c5e582{logs,/logs,file:///home/runner/work/ozone/ozone/hadoop-ozone/integration-test/target/log,AVAILABLE}
2022-03-14 02:39:11,446 [Listener at 127.0.0.1/43591] INFO  handler.ContextHandler (ContextHandler.java:doStart(915)) - Started o.e.j.s.ServletContextHandler@3fa8665d{static,/static,jar:file:/home/runner/.m2/repository/org/apache/ozone/hdds-container-service/1.3.0-SNAPSHOT/hdds-container-service-1.3.0-SNAPSHOT.jar!/webapps/static,AVAILABLE}
2022-03-14 02:39:11,495 [om1@group-C5BA1605619E-FollowerState] INFO  impl.FollowerState (FollowerState.java:run(134)) - om1@group-C5BA1605619E-FollowerState: change to CANDIDATE, lastRpcElapsedTime:1184286691ns, electionTimeout:1183ms
2022-03-14 02:39:11,496 [om1@group-C5BA1605619E-FollowerState] INFO  impl.RoleInfo (RoleInfo.java:shutdownFollowerState(108)) - om1: shutdown om1@group-C5BA1605619E-FollowerState
2022-03-14 02:39:11,496 [om1@group-C5BA1605619E-FollowerState] INFO  server.RaftServer$Division (RaftServerImpl.java:setRole(290)) - om1@group-C5BA1605619E: changes role from  FOLLOWER to CANDIDATE at term 0 for changeToCandidate
2022-03-14 02:39:11,496 [om1@group-C5BA1605619E-FollowerState] INFO  server.RaftServerConfigKeys (ConfUtils.java:logGet(44)) - raft.server.leaderelection.pre-vote = false (custom)
2022-03-14 02:39:11,496 [om1@group-C5BA1605619E-FollowerState] INFO  impl.RoleInfo (RoleInfo.java:updateAndGet(130)) - om1: start om1@group-C5BA1605619E-LeaderElection15
2022-03-14 02:39:11,533 [om1@group-C5BA1605619E-LeaderElection15] INFO  impl.LeaderElection (LeaderElection.java:askForVotes(306)) - om1@group-C5BA1605619E-LeaderElection15 ELECTION round 0: submit vote requests at term 1 for -1: [om1|rpc:localhost:9872|priority:0], old=null
2022-03-14 02:39:11,533 [om1@group-C5BA1605619E-LeaderElection15] INFO  impl.LeaderElection (LeaderElection.java:askForVotes(308)) - om1@group-C5BA1605619E-LeaderElection15 ELECTION round 0: result PASSED (term=1)
2022-03-14 02:39:11,533 [om1@group-C5BA1605619E-LeaderElection15] INFO  impl.RoleInfo (RoleInfo.java:shutdownLeaderElection(121)) - om1: shutdown om1@group-C5BA1605619E-LeaderElection15
2022-03-14 02:39:11,533 [om1@group-C5BA1605619E-LeaderElection15] INFO  server.RaftServer$Division (RaftServerImpl.java:setRole(290)) - om1@group-C5BA1605619E: changes role from CANDIDATE to LEADER at term 1 for changeToLeader
2022-03-14 02:39:11,533 [om1@group-C5BA1605619E-LeaderElection15] INFO  server.RaftServer$Division (ServerState.java:setLeader(285)) - om1@group-C5BA1605619E: change Leader from null to om1 at term 1 for becomeLeader, leader elected after 1303ms
2022-03-14 02:39:11,534 [om1@group-C5BA1605619E-LeaderElection15] INFO  server.RaftServerConfigKeys (ConfUtils.java:logGet(44)) - raft.server.staging.catchup.gap = 1000 (default)
2022-03-14 02:39:11,534 [om1@group-C5BA1605619E-LeaderElection15] INFO  server.RaftServerConfigKeys (ConfUtils.java:logGet(44)) - raft.server.write.element-limit = 4096 (default)
2022-03-14 02:39:11,534 [om1@group-C5BA1605619E-LeaderElection15] INFO  server.RaftServerConfigKeys (ConfUtils.java:logGet(44)) - raft.server.write.byte-limit = 64MB (=67108864) (default)
2022-03-14 02:39:11,534 [om1@group-C5BA1605619E-LeaderElection15] INFO  server.RaftServerConfigKeys (ConfUtils.java:logGet(44)) - raft.server.watch.timeout = 10s (default)
2022-03-14 02:39:11,534 [om1@group-C5BA1605619E-LeaderElection15] INFO  server.RaftServerConfigKeys (ConfUtils.java:logGet(44)) - raft.server.watch.timeout.denomination = 1s (default)
2022-03-14 02:39:11,534 [om1@group-C5BA1605619E-LeaderElection15] INFO  server.RaftServerConfigKeys (ConfUtils.java:logGet(44)) - raft.server.watch.element-limit = 65536 (default)
2022-03-14 02:39:11,534 [om1@group-C5BA1605619E-LeaderElection15] INFO  server.RaftServerConfigKeys (ConfUtils.java:logGet(44)) - raft.server.write.element-limit = 4096 (default)
2022-03-14 02:39:11,535 [om1@group-C5BA1605619E-LeaderElection15] INFO  server.RaftServerConfigKeys (ConfUtils.java:logGet(44)) - raft.server.write.follower.gap.ratio.max = -1.0 (default)
2022-03-14 02:39:11,535 [om1@group-C5BA1605619E-LeaderElection15] INFO  impl.RoleInfo (RoleInfo.java:updateAndGet(130)) - om1: start om1@group-C5BA1605619E-LeaderStateImpl
2022-03-14 02:39:11,535 [om1@group-C5BA1605619E-LeaderElection15] INFO  segmented.SegmentedRaftLogWorker (SegmentedRaftLogWorker.java:startLogSegment(394)) - om1@group-C5BA1605619E-SegmentedRaftLogWorker: Starting segment from index:0
2022-03-14 02:39:11,550 [om1@group-C5BA1605619E-LeaderElection15] INFO  server.RaftServer$Division (ServerState.java:setRaftConf(387)) - om1@group-C5BA1605619E: set configuration 0: [om1|rpc:localhost:9872|admin:|client:|dataStream:|priority:0], old=null
2022-03-14 02:39:11,553 [om1@group-C5BA1605619E-SegmentedRaftLogWorker] INFO  segmented.SegmentedRaftLogWorker (SegmentedRaftLogWorker.java:execute(601)) - om1@group-C5BA1605619E-SegmentedRaftLogWorker: created new log segment /home/runner/work/ozone/ozone/hadoop-ozone/integration-test/target/test-dir/MiniOzoneClusterImpl-a8714879-5ed3-4fa8-8176-35e71d15aa3e/ozone-meta/ratis/bf265839-605b-3f16-9796-c5ba1605619e/current/log_inprogress_0
2022-03-14 02:39:11,555 [om1@group-C5BA1605619E-StateMachineUpdater] INFO  ratis.OzoneManagerStateMachine (OzoneManagerStateMachine.java:notifyConfigurationChanged(188)) - Received Configuration change notification from Ratis. New Peer list:
[id: "om1"
address: "localhost:9872"
]
2022-03-14 02:39:11,579 [Listener at 127.0.0.1/43591] INFO  handler.ContextHandler (ContextHandler.java:doStart(915)) - Started o.e.j.w.WebAppContext@47dfe262{hddsDatanode,/,file:///tmp/jetty-0_0_0_0-38625-hdds-container-service-1_3_0-SNAPSHOT_jar-_-any-1751468004329413441/webapp/,AVAILABLE}{jar:file:/home/runner/.m2/repository/org/apache/ozone/hdds-container-service/1.3.0-SNAPSHOT/hdds-container-service-1.3.0-SNAPSHOT.jar!/webapps/hddsDatanode}
2022-03-14 02:39:11,582 [Listener at 127.0.0.1/43591] INFO  server.AbstractConnector (AbstractConnector.java:doStart(331)) - Started ServerConnector@2cced70b{HTTP/1.1, (http/1.1)}{0.0.0.0:38625}
2022-03-14 02:39:11,582 [Listener at 127.0.0.1/43591] INFO  server.Server (Server.java:doStart(415)) - Started @99352ms
2022-03-14 02:39:11,582 [Listener at 127.0.0.1/43591] WARN  impl.MetricsSystemImpl (MetricsSystemImpl.java:register(279)) - Sink prometheus already exists!
2022-03-14 02:39:11,583 [Listener at 127.0.0.1/43591] INFO  http.BaseHttpServer (BaseHttpServer.java:updateConnectorAddress(329)) - HTTP server of hddsDatanode listening at http://0.0.0.0:38625
2022-03-14 02:39:11,590 [Listener at 127.0.0.1/43591] WARN  impl.MetricRegistriesImpl (MetricRegistriesImpl.java:addReporterRegistration(111)) - New reporters are added after registries were created. Some metrics will be missing from the reporter. Please add reporter before adding any new registry.
2022-03-14 02:39:11,590 [Listener at 127.0.0.1/43591] WARN  impl.MetricRegistriesImpl (MetricRegistriesImpl.java:addReporterRegistration(111)) - New reporters are added after registries were created. Some metrics will be missing from the reporter. Please add reporter before adding any new registry.
2022-03-14 02:39:11,590 [Listener at 127.0.0.1/43591] INFO  impl.MetricsSystemImpl (MetricsSystemImpl.java:init(158)) - HddsDatanode metrics system started (again)
2022-03-14 02:39:11,604 [Datanode State Machine Daemon Thread] INFO  statemachine.DatanodeStateMachine (DatanodeStateMachine.java:lambda$startDaemon$0(470)) - Ozone container server started.
2022-03-14 02:39:11,627 [Listener at 127.0.0.1/43591] INFO  ozone.HddsDatanodeService (HddsDatanodeService.java:start(233)) - HddsDatanodeService host:fv-az501-120.rsswf2em5frezlg3dkjt5mgqaf.dx.internal.cloudapp.net ip:10.1.0.7
2022-03-14 02:39:11,662 [org.apache.hadoop.util.JvmPauseMonitor$Monitor@30b1ff0a] INFO  util.JvmPauseMonitor (JvmPauseMonitor.java:run(188)) - Starting JVM pause monitor
2022-03-14 02:39:11,668 [Listener at 127.0.0.1/43591] INFO  upgrade.AbstractLayoutVersionManager (AbstractLayoutVersionManager.java:init(79)) - Initializing Layout version manager with metadata layout = SCM_HA (version = 2), software layout = SCM_HA (version = 2)
2022-03-14 02:39:11,693 [Datanode State Machine Task Thread - 0] INFO  datanode.InitDatanodeState (InitDatanodeState.java:persistContainerDatanodeDetails(138)) - DatanodeDetails is persisted to /home/runner/work/ozone/ozone/hadoop-ozone/integration-test/target/test-dir/MiniOzoneClusterImpl-a8714879-5ed3-4fa8-8176-35e71d15aa3e/datanode-1/meta/datanode.id
2022-03-14 02:39:11,769 [Listener at 127.0.0.1/43591] INFO  reflections.Reflections (Reflections.java:scan(232)) - Reflections took 100 ms to scan 7 urls, producing 122 keys and 286 values 
2022-03-14 02:39:11,771 [Listener at 127.0.0.1/43591] INFO  statemachine.DatanodeStateMachine (DatanodeStateMachine.java:getEndPointTaskThreadPoolSize(222)) - Datanode State Machine Task Thread Pool size 2
2022-03-14 02:39:11,772 [Listener at 127.0.0.1/43591] INFO  volume.HddsVolume (HddsVolume.java:<init>(120)) - Creating HddsVolume: /home/runner/work/ozone/ozone/hadoop-ozone/integration-test/target/test-dir/MiniOzoneClusterImpl-a8714879-5ed3-4fa8-8176-35e71d15aa3e/datanode-2/data-0/containers/hdds of storage type : DISK capacity : 9223372036854775807
2022-03-14 02:39:11,772 [Listener at 127.0.0.1/43591] INFO  volume.MutableVolumeSet (MutableVolumeSet.java:initializeVolumeSet(168)) - Added Volume : /home/runner/work/ozone/ozone/hadoop-ozone/integration-test/target/test-dir/MiniOzoneClusterImpl-a8714879-5ed3-4fa8-8176-35e71d15aa3e/datanode-2/data-0/containers/hdds to VolumeSet
2022-03-14 02:39:11,773 [Listener at 127.0.0.1/43591] INFO  volume.ThrottledAsyncChecker (ThrottledAsyncChecker.java:schedule(141)) - Scheduling a check for /home/runner/work/ozone/ozone/hadoop-ozone/integration-test/target/test-dir/MiniOzoneClusterImpl-a8714879-5ed3-4fa8-8176-35e71d15aa3e/datanode-2/data-0/containers/hdds
2022-03-14 02:39:11,793 [Listener at 127.0.0.1/43591] INFO  volume.StorageVolumeChecker (StorageVolumeChecker.java:checkAllVolumes(202)) - Scheduled health check for volume /home/runner/work/ozone/ozone/hadoop-ozone/integration-test/target/test-dir/MiniOzoneClusterImpl-a8714879-5ed3-4fa8-8176-35e71d15aa3e/datanode-2/data-0/containers/hdds
2022-03-14 02:39:11,817 [Listener at 127.0.0.1/43591] INFO  volume.MutableVolumeSet (MutableVolumeSet.java:initializeVolumeSet(168)) - Added Volume : /home/runner/work/ozone/ozone/hadoop-ozone/integration-test/target/test-dir/MiniOzoneClusterImpl-a8714879-5ed3-4fa8-8176-35e71d15aa3e/datanode-2/data/ratis to VolumeSet
2022-03-14 02:39:11,818 [Listener at 127.0.0.1/43591] INFO  volume.ThrottledAsyncChecker (ThrottledAsyncChecker.java:schedule(141)) - Scheduling a check for /home/runner/work/ozone/ozone/hadoop-ozone/integration-test/target/test-dir/MiniOzoneClusterImpl-a8714879-5ed3-4fa8-8176-35e71d15aa3e/datanode-2/data/ratis
2022-03-14 02:39:11,818 [Listener at 127.0.0.1/43591] INFO  volume.StorageVolumeChecker (StorageVolumeChecker.java:checkAllVolumes(202)) - Scheduled health check for volume /home/runner/work/ozone/ozone/hadoop-ozone/integration-test/target/test-dir/MiniOzoneClusterImpl-a8714879-5ed3-4fa8-8176-35e71d15aa3e/datanode-2/data/ratis
2022-03-14 02:39:11,857 [Thread-563] INFO  ozoneimpl.ContainerReader (ContainerReader.java:readVolume(172)) - Finish verifying containers on volume /home/runner/work/ozone/ozone/hadoop-ozone/integration-test/target/test-dir/MiniOzoneClusterImpl-a8714879-5ed3-4fa8-8176-35e71d15aa3e/datanode-2/data-0/containers/hdds
2022-03-14 02:39:11,858 [Listener at 127.0.0.1/43591] INFO  ozoneimpl.OzoneContainer (OzoneContainer.java:buildContainerSet(257)) - Build ContainerSet costs 0s
2022-03-14 02:39:11,860 [Listener at 127.0.0.1/43591] INFO  server.RaftServer (ConfUtils.java:logGet(44)) - raft.rpc.type = GRPC (default)
2022-03-14 02:39:11,861 [Listener at 127.0.0.1/43591] INFO  grpc.GrpcFactory (GrpcFactory.java:checkPooledByteBufAllocatorUseCacheForAllThreads(48)) - PERFORMANCE WARNING: useCacheForAllThreads is true that may cause Netty to create a lot garbage objects and, as a result, trigger GC.
	It is recommended to disable useCacheForAllThreads by setting -Dorg.apache.ratis.thirdparty.io.netty.allocator.useCacheForAllThreads=false in command line.
2022-03-14 02:39:11,861 [Listener at 127.0.0.1/43591] INFO  grpc.GrpcConfigKeys (ConfUtils.java:logGet(44)) - raft.grpc.admin.port = 0 (custom)
2022-03-14 02:39:11,861 [Listener at 127.0.0.1/43591] INFO  grpc.GrpcConfigKeys (ConfUtils.java:logGet(44)) - raft.grpc.client.port = 0 (custom)
2022-03-14 02:39:11,861 [Listener at 127.0.0.1/43591] INFO  grpc.GrpcConfigKeys (ConfUtils.java:logGet(44)) - raft.grpc.server.port = 0 (default)
2022-03-14 02:39:11,861 [Listener at 127.0.0.1/43591] INFO  server.GrpcService (ConfUtils.java:logGet(44)) - raft.grpc.message.size.max = 32MB (=33554432) (custom)
2022-03-14 02:39:11,861 [Listener at 127.0.0.1/43591] INFO  server.RaftServerConfigKeys (ConfUtils.java:logGet(44)) - raft.server.log.appender.buffer.byte-limit = 33554432 (custom)
2022-03-14 02:39:11,861 [Listener at 127.0.0.1/43591] INFO  server.GrpcService (ConfUtils.java:logGet(44)) - raft.grpc.flow.control.window = 5MB (=5242880) (custom)
2022-03-14 02:39:11,862 [Listener at 127.0.0.1/43591] INFO  server.RaftServerConfigKeys (ConfUtils.java:logGet(44)) - raft.server.rpc.request.timeout = 60s (custom)
2022-03-14 02:39:11,867 [Listener at 127.0.0.1/43591] INFO  impl.DataStreamServerImpl (ConfUtils.java:logGet(44)) - raft.datastream.type = DISABLED (default)
2022-03-14 02:39:11,868 [Listener at 127.0.0.1/43591] INFO  server.RaftServerConfigKeys (ConfUtils.java:logGet(44)) - raft.server.rpc.slowness.timeout = 300s (custom)
2022-03-14 02:39:11,868 [Listener at 127.0.0.1/43591] INFO  server.RaftServerConfigKeys (ConfUtils.java:logGet(44)) - raft.server.leaderelection.leader.step-down.wait-time = 10s (default)
2022-03-14 02:39:11,869 [Listener at 127.0.0.1/43591] INFO  server.RaftServerConfigKeys (ConfUtils.java:logGet(44)) - raft.server.storage.dir = [/home/runner/work/ozone/ozone/hadoop-ozone/integration-test/target/test-dir/MiniOzoneClusterImpl-a8714879-5ed3-4fa8-8176-35e71d15aa3e/datanode-2/data/ratis] (custom)
2022-03-14 02:39:11,870 [Listener at 127.0.0.1/43591] INFO  server.XceiverServerGrpc (XceiverServerGrpc.java:<init>(132)) - GrpcServer channel type EpollServerSocketChannel
2022-03-14 02:39:11,881 [Listener at 127.0.0.1/43591] INFO  http.BaseHttpServer (BaseHttpServer.java:newHttpServer2BuilderForOzone(209)) - Starting Web-server for hddsDatanode at: http://0.0.0.0:0
2022-03-14 02:39:11,881 [Listener at 127.0.0.1/43591] INFO  http.BaseHttpServer (BaseHttpServer.java:<init>(107)) - Hadoop Security Enabled: false Ozone Security Enabled: false Ozone HTTP Security Enabled: false 
2022-03-14 02:39:11,882 [Listener at 127.0.0.1/43591] INFO  server.AuthenticationFilter (AuthenticationFilter.java:constructSecretProvider(240)) - Unable to initialize FileSignerSecretProvider, falling back to use random secrets.
2022-03-14 02:39:11,884 [Listener at 127.0.0.1/43591] WARN  http.HttpRequestLog (HttpRequestLog.java:getRequestLog(103)) - Jetty request log can only be enabled using Log4j
2022-03-14 02:39:11,886 [Listener at 127.0.0.1/43591] INFO  http.HttpServer2 (HttpServer2.java:addGlobalFilter(1030)) - Added global filter 'safety' (class=org.apache.hadoop.hdds.server.http.HttpServer2$QuotingInputFilter)
2022-03-14 02:39:11,886 [Listener at 127.0.0.1/43591] INFO  http.HttpServer2 (HttpServer2.java:addFilter(1006)) - Added filter static_user_filter (class=org.apache.hadoop.http.lib.StaticUserWebFilter$StaticUserFilter) to context hddsDatanode
2022-03-14 02:39:11,886 [Listener at 127.0.0.1/43591] INFO  http.HttpServer2 (HttpServer2.java:addFilter(1014)) - Added filter static_user_filter (class=org.apache.hadoop.http.lib.StaticUserWebFilter$StaticUserFilter) to context logs
2022-03-14 02:39:11,887 [Listener at 127.0.0.1/43591] INFO  http.HttpServer2 (HttpServer2.java:addFilter(1014)) - Added filter static_user_filter (class=org.apache.hadoop.http.lib.StaticUserWebFilter$StaticUserFilter) to context static
2022-03-14 02:39:11,888 [Listener at 127.0.0.1/43591] INFO  http.HttpServer2 (HttpServer2.java:bindListener(1249)) - Jetty bound to port 42917
2022-03-14 02:39:11,888 [Listener at 127.0.0.1/43591] INFO  server.Server (Server.java:doStart(375)) - jetty-9.4.43.v20210629; built: 2021-06-30T11:07:22.254Z; git: 526006ecfa3af7f1a27ef3a288e2bef7ea9dd7e8; jvm 1.8.0_322-b06
2022-03-14 02:39:11,932 [Listener at 127.0.0.1/43591] INFO  server.session (DefaultSessionIdManager.java:doStart(334)) - DefaultSessionIdManager workerName=node0
2022-03-14 02:39:11,932 [Listener at 127.0.0.1/43591] INFO  server.session (DefaultSessionIdManager.java:doStart(339)) - No SessionScavenger set, using defaults
2022-03-14 02:39:11,932 [Listener at 127.0.0.1/43591] INFO  server.session (HouseKeeper.java:startScavenging(132)) - node0 Scavenging every 660000ms
2022-03-14 02:39:11,939 [Listener at 127.0.0.1/43591] INFO  handler.ContextHandler (ContextHandler.java:doStart(915)) - Started o.e.j.s.ServletContextHandler@32aefffa{logs,/logs,file:///home/runner/work/ozone/ozone/hadoop-ozone/integration-test/target/log,AVAILABLE}
2022-03-14 02:39:11,939 [Listener at 127.0.0.1/43591] INFO  handler.ContextHandler (ContextHandler.java:doStart(915)) - Started o.e.j.s.ServletContextHandler@48ff1ae3{static,/static,jar:file:/home/runner/.m2/repository/org/apache/ozone/hdds-container-service/1.3.0-SNAPSHOT/hdds-container-service-1.3.0-SNAPSHOT.jar!/webapps/static,AVAILABLE}
2022-03-14 02:39:12,067 [Listener at 127.0.0.1/43591] INFO  handler.ContextHandler (ContextHandler.java:doStart(915)) - Started o.e.j.w.WebAppContext@47baf90c{hddsDatanode,/,file:///tmp/jetty-0_0_0_0-42917-hdds-container-service-1_3_0-SNAPSHOT_jar-_-any-4065931734051116326/webapp/,AVAILABLE}{jar:file:/home/runner/.m2/repository/org/apache/ozone/hdds-container-service/1.3.0-SNAPSHOT/hdds-container-service-1.3.0-SNAPSHOT.jar!/webapps/hddsDatanode}
2022-03-14 02:39:12,077 [Listener at 127.0.0.1/43591] INFO  server.AbstractConnector (AbstractConnector.java:doStart(331)) - Started ServerConnector@650ac94e{HTTP/1.1, (http/1.1)}{0.0.0.0:42917}
2022-03-14 02:39:12,077 [Listener at 127.0.0.1/43591] INFO  server.Server (Server.java:doStart(415)) - Started @99847ms
2022-03-14 02:39:12,077 [Listener at 127.0.0.1/43591] WARN  impl.MetricsSystemImpl (MetricsSystemImpl.java:register(279)) - Sink prometheus already exists!
2022-03-14 02:39:12,078 [Listener at 127.0.0.1/43591] INFO  http.BaseHttpServer (BaseHttpServer.java:updateConnectorAddress(329)) - HTTP server of hddsDatanode listening at http://0.0.0.0:42917
2022-03-14 02:39:12,089 [Datanode State Machine Daemon Thread] INFO  statemachine.DatanodeStateMachine (DatanodeStateMachine.java:lambda$startDaemon$0(470)) - Ozone container server started.
2022-03-14 02:39:12,089 [Listener at 127.0.0.1/43591] INFO  ozone.MiniOzoneClusterImpl (MiniOzoneClusterImpl.java:lambda$waitForClusterToBeReady$0(219)) - Waiting for nodes to be ready. Got 0 of 3 DN Heartbeats.
2022-03-14 02:39:12,089 [Listener at 127.0.0.1/43591] INFO  ozone.MiniOzoneClusterImpl (MiniOzoneClusterImpl.java:lambda$waitForClusterToBeReady$0(222)) - Waiting for cluster to exit safe mode
2022-03-14 02:39:12,089 [Listener at 127.0.0.1/43591] INFO  ozone.MiniOzoneClusterImpl (MiniOzoneClusterImpl.java:lambda$waitForClusterToBeReady$0(224)) - SCM became leader
2022-03-14 02:39:12,141 [org.apache.hadoop.util.JvmPauseMonitor$Monitor@b0c67a0] INFO  util.JvmPauseMonitor (JvmPauseMonitor.java:run(188)) - Starting JVM pause monitor
2022-03-14 02:39:12,194 [Datanode State Machine Task Thread - 0] INFO  datanode.InitDatanodeState (InitDatanodeState.java:persistContainerDatanodeDetails(138)) - DatanodeDetails is persisted to /home/runner/work/ozone/ozone/hadoop-ozone/integration-test/target/test-dir/MiniOzoneClusterImpl-a8714879-5ed3-4fa8-8176-35e71d15aa3e/datanode-2/meta/datanode.id
2022-03-14 02:39:13,089 [Listener at 127.0.0.1/43591] INFO  ozone.MiniOzoneClusterImpl (MiniOzoneClusterImpl.java:lambda$waitForClusterToBeReady$0(219)) - Waiting for nodes to be ready. Got 0 of 3 DN Heartbeats.
2022-03-14 02:39:13,090 [Listener at 127.0.0.1/43591] INFO  ozone.MiniOzoneClusterImpl (MiniOzoneClusterImpl.java:lambda$waitForClusterToBeReady$0(222)) - Waiting for cluster to exit safe mode
2022-03-14 02:39:13,090 [Listener at 127.0.0.1/43591] INFO  ozone.MiniOzoneClusterImpl (MiniOzoneClusterImpl.java:lambda$waitForClusterToBeReady$0(224)) - SCM became leader
2022-03-14 02:39:13,160 [EndpointStateMachine task thread for /0.0.0.0:42035 - 0 ] INFO  ozoneimpl.OzoneContainer (OzoneContainer.java:start(335)) - Attempting to start container services.
2022-03-14 02:39:13,161 [EndpointStateMachine task thread for /0.0.0.0:42035 - 0 ] INFO  ozoneimpl.OzoneContainer (OzoneContainer.java:startContainerScrub(270)) - Background container scanner has been disabled.
2022-03-14 02:39:13,162 [EndpointStateMachine task thread for /0.0.0.0:42035 - 0 ] INFO  replication.ReplicationServer (ReplicationServer.java:start(111)) - ReplicationServer is started using port 43557
2022-03-14 02:39:13,162 [EndpointStateMachine task thread for /0.0.0.0:42035 - 0 ] INFO  ratis.XceiverServerRatis (XceiverServerRatis.java:start(487)) - Starting XceiverServerRatis ebc46dcb-de55-4ee6-9f88-6ea23d1a12c2
2022-03-14 02:39:13,164 [EndpointStateMachine task thread for /0.0.0.0:42035 - 0 ] INFO  server.RaftServer (RaftServerProxy.java:lambda$start$5(374)) - ebc46dcb-de55-4ee6-9f88-6ea23d1a12c2: start RPC server
2022-03-14 02:39:13,171 [EndpointStateMachine task thread for /0.0.0.0:42035 - 0 ] INFO  server.GrpcService (GrpcService.java:startImpl(253)) - ebc46dcb-de55-4ee6-9f88-6ea23d1a12c2: GrpcService started, listening on 45971
2022-03-14 02:39:13,175 [EndpointStateMachine task thread for /0.0.0.0:42035 - 0 ] INFO  ratis.XceiverServerRatis (XceiverServerRatis.java:getRealPort(508)) - XceiverServerRatis ebc46dcb-de55-4ee6-9f88-6ea23d1a12c2 is started using port 45971 for RATIS
2022-03-14 02:39:13,175 [EndpointStateMachine task thread for /0.0.0.0:42035 - 0 ] INFO  ratis.XceiverServerRatis (XceiverServerRatis.java:getRealPort(508)) - XceiverServerRatis ebc46dcb-de55-4ee6-9f88-6ea23d1a12c2 is started using port 45971 for RATIS_ADMIN
2022-03-14 02:39:13,175 [EndpointStateMachine task thread for /0.0.0.0:42035 - 0 ] INFO  ratis.XceiverServerRatis (XceiverServerRatis.java:getRealPort(508)) - XceiverServerRatis ebc46dcb-de55-4ee6-9f88-6ea23d1a12c2 is started using port 45971 for RATIS_SERVER
2022-03-14 02:39:13,176 [org.apache.ratis.util.JvmPauseMonitor$$Lambda$431/1941186180@49ba55c1] INFO  util.JvmPauseMonitor (JvmPauseMonitor.java:run(103)) - JvmPauseMonitor-ebc46dcb-de55-4ee6-9f88-6ea23d1a12c2: Started
2022-03-14 02:39:13,181 [EndpointStateMachine task thread for /0.0.0.0:42035 - 0 ] INFO  server.XceiverServerGrpc (XceiverServerGrpc.java:start(180)) - XceiverServerGrpc ebc46dcb-de55-4ee6-9f88-6ea23d1a12c2 is started using port 36715
2022-03-14 02:39:13,685 [EndpointStateMachine task thread for /0.0.0.0:42035 - 0 ] INFO  ozoneimpl.OzoneContainer (OzoneContainer.java:start(335)) - Attempting to start container services.
2022-03-14 02:39:13,686 [EndpointStateMachine task thread for /0.0.0.0:42035 - 0 ] INFO  ozoneimpl.OzoneContainer (OzoneContainer.java:startContainerScrub(270)) - Background container scanner has been disabled.
2022-03-14 02:39:13,688 [EndpointStateMachine task thread for /0.0.0.0:42035 - 0 ] INFO  replication.ReplicationServer (ReplicationServer.java:start(111)) - ReplicationServer is started using port 41147
2022-03-14 02:39:13,701 [EndpointStateMachine task thread for /0.0.0.0:42035 - 0 ] INFO  ratis.XceiverServerRatis (XceiverServerRatis.java:start(487)) - Starting XceiverServerRatis 3a253468-8d3c-457d-ae60-4bc5eace9979
2022-03-14 02:39:13,727 [EndpointStateMachine task thread for /0.0.0.0:42035 - 0 ] INFO  server.RaftServer (RaftServerProxy.java:lambda$start$5(374)) - 3a253468-8d3c-457d-ae60-4bc5eace9979: start RPC server
2022-03-14 02:39:13,728 [EndpointStateMachine task thread for /0.0.0.0:42035 - 0 ] INFO  server.GrpcService (GrpcService.java:startImpl(253)) - 3a253468-8d3c-457d-ae60-4bc5eace9979: GrpcService started, listening on 37431
2022-03-14 02:39:13,728 [EndpointStateMachine task thread for /0.0.0.0:42035 - 0 ] INFO  ratis.XceiverServerRatis (XceiverServerRatis.java:getRealPort(508)) - XceiverServerRatis 3a253468-8d3c-457d-ae60-4bc5eace9979 is started using port 37431 for RATIS
2022-03-14 02:39:13,728 [EndpointStateMachine task thread for /0.0.0.0:42035 - 0 ] INFO  ratis.XceiverServerRatis (XceiverServerRatis.java:getRealPort(508)) - XceiverServerRatis 3a253468-8d3c-457d-ae60-4bc5eace9979 is started using port 37431 for RATIS_ADMIN
2022-03-14 02:39:13,728 [EndpointStateMachine task thread for /0.0.0.0:42035 - 0 ] INFO  ratis.XceiverServerRatis (XceiverServerRatis.java:getRealPort(508)) - XceiverServerRatis 3a253468-8d3c-457d-ae60-4bc5eace9979 is started using port 37431 for RATIS_SERVER
2022-03-14 02:39:13,728 [org.apache.ratis.util.JvmPauseMonitor$$Lambda$431/1941186180@4e7e6cbb] INFO  util.JvmPauseMonitor (JvmPauseMonitor.java:run(103)) - JvmPauseMonitor-3a253468-8d3c-457d-ae60-4bc5eace9979: Started
2022-03-14 02:39:13,733 [EndpointStateMachine task thread for /0.0.0.0:42035 - 0 ] INFO  server.XceiverServerGrpc (XceiverServerGrpc.java:start(180)) - XceiverServerGrpc 3a253468-8d3c-457d-ae60-4bc5eace9979 is started using port 46823
2022-03-14 02:39:14,090 [Listener at 127.0.0.1/43591] INFO  ozone.MiniOzoneClusterImpl (MiniOzoneClusterImpl.java:lambda$waitForClusterToBeReady$0(219)) - Waiting for nodes to be ready. Got 0 of 3 DN Heartbeats.
2022-03-14 02:39:14,091 [Listener at 127.0.0.1/43591] INFO  ozone.MiniOzoneClusterImpl (MiniOzoneClusterImpl.java:lambda$waitForClusterToBeReady$0(222)) - Waiting for cluster to exit safe mode
2022-03-14 02:39:14,091 [Listener at 127.0.0.1/43591] INFO  ozone.MiniOzoneClusterImpl (MiniOzoneClusterImpl.java:lambda$waitForClusterToBeReady$0(224)) - SCM became leader
2022-03-14 02:39:14,164 [EndpointStateMachine task thread for /0.0.0.0:42035 - 0 ] INFO  ozoneimpl.OzoneContainer (OzoneContainer.java:start(335)) - Attempting to start container services.
2022-03-14 02:39:14,164 [EndpointStateMachine task thread for /0.0.0.0:42035 - 0 ] INFO  ozoneimpl.OzoneContainer (OzoneContainer.java:startContainerScrub(270)) - Background container scanner has been disabled.
2022-03-14 02:39:14,165 [EndpointStateMachine task thread for /0.0.0.0:42035 - 0 ] INFO  replication.ReplicationServer (ReplicationServer.java:start(111)) - ReplicationServer is started using port 38275
2022-03-14 02:39:14,169 [EndpointStateMachine task thread for /0.0.0.0:42035 - 0 ] INFO  ratis.XceiverServerRatis (XceiverServerRatis.java:start(487)) - Starting XceiverServerRatis c593f1a5-11c2-4273-9636-a8fe79185bdd
2022-03-14 02:39:14,228 [EndpointStateMachine task thread for /0.0.0.0:42035 - 0 ] INFO  server.RaftServer (RaftServerProxy.java:lambda$start$5(374)) - c593f1a5-11c2-4273-9636-a8fe79185bdd: start RPC server
2022-03-14 02:39:14,231 [EndpointStateMachine task thread for /0.0.0.0:42035 - 0 ] INFO  server.GrpcService (GrpcService.java:startImpl(253)) - c593f1a5-11c2-4273-9636-a8fe79185bdd: GrpcService started, listening on 38051
2022-03-14 02:39:14,237 [EndpointStateMachine task thread for /0.0.0.0:42035 - 0 ] INFO  ratis.XceiverServerRatis (XceiverServerRatis.java:getRealPort(508)) - XceiverServerRatis c593f1a5-11c2-4273-9636-a8fe79185bdd is started using port 38051 for RATIS
2022-03-14 02:39:14,238 [EndpointStateMachine task thread for /0.0.0.0:42035 - 0 ] INFO  ratis.XceiverServerRatis (XceiverServerRatis.java:getRealPort(508)) - XceiverServerRatis c593f1a5-11c2-4273-9636-a8fe79185bdd is started using port 38051 for RATIS_ADMIN
2022-03-14 02:39:14,238 [EndpointStateMachine task thread for /0.0.0.0:42035 - 0 ] INFO  ratis.XceiverServerRatis (XceiverServerRatis.java:getRealPort(508)) - XceiverServerRatis c593f1a5-11c2-4273-9636-a8fe79185bdd is started using port 38051 for RATIS_SERVER
2022-03-14 02:39:14,238 [org.apache.ratis.util.JvmPauseMonitor$$Lambda$431/1941186180@66c510f7] INFO  util.JvmPauseMonitor (JvmPauseMonitor.java:run(103)) - JvmPauseMonitor-c593f1a5-11c2-4273-9636-a8fe79185bdd: Started
2022-03-14 02:39:14,245 [EndpointStateMachine task thread for /0.0.0.0:42035 - 0 ] INFO  server.XceiverServerGrpc (XceiverServerGrpc.java:start(180)) - XceiverServerGrpc c593f1a5-11c2-4273-9636-a8fe79185bdd is started using port 46611
2022-03-14 02:39:15,091 [Listener at 127.0.0.1/43591] INFO  ozone.MiniOzoneClusterImpl (MiniOzoneClusterImpl.java:lambda$waitForClusterToBeReady$0(219)) - Waiting for nodes to be ready. Got 0 of 3 DN Heartbeats.
2022-03-14 02:39:15,091 [Listener at 127.0.0.1/43591] INFO  ozone.MiniOzoneClusterImpl (MiniOzoneClusterImpl.java:lambda$waitForClusterToBeReady$0(222)) - Waiting for cluster to exit safe mode
2022-03-14 02:39:15,091 [Listener at 127.0.0.1/43591] INFO  ozone.MiniOzoneClusterImpl (MiniOzoneClusterImpl.java:lambda$waitForClusterToBeReady$0(224)) - SCM became leader
2022-03-14 02:39:15,109 [IPC Server handler 0 on default port 42035] INFO  net.NetworkTopologyImpl (NetworkTopologyImpl.java:add(112)) - Added a new node: /default-rack/ebc46dcb-de55-4ee6-9f88-6ea23d1a12c2
2022-03-14 02:39:15,109 [IPC Server handler 0 on default port 42035] INFO  node.SCMNodeManager (SCMNodeManager.java:register(391)) - Registered Data node : ebc46dcb-de55-4ee6-9f88-6ea23d1a12c2{ip: 10.1.0.7, host: fv-az501-120.rsswf2em5frezlg3dkjt5mgqaf.dx.internal.cloudapp.net, ports: [REPLICATION=43557, RATIS=45971, RATIS_ADMIN=45971, RATIS_SERVER=45971, STANDALONE=36715], networkLocation: /default-rack, certSerialId: null, persistedOpState: null, persistedOpStateExpiryEpochSec: 0}
2022-03-14 02:39:15,114 [EventQueue-NewNodeForNewNodeHandler] INFO  pipeline.BackgroundPipelineCreator (BackgroundPipelineCreator.java:notifyEventTriggered(285)) - trigger a one-shot run on RatisPipelineUtilsThread.
2022-03-14 02:39:15,114 [RatisPipelineUtilsThread - 0] INFO  pipeline.RatisPipelineProvider (RatisPipelineProvider.java:lambda$create$0(183)) - Sending CreatePipelineCommand for pipeline:PipelineID=14c3b3e1-f2b8-47cf-ae81-a36bfba1acfc to datanode:ebc46dcb-de55-4ee6-9f88-6ea23d1a12c2
2022-03-14 02:39:15,114 [EventQueue-NodeRegistrationContainerReportForDataNodeSafeModeRule] INFO  safemode.SCMSafeModeManager (DataNodeSafeModeRule.java:process(71)) - SCM in safe mode. 1 DataNodes registered, 3 required.
2022-03-14 02:39:15,125 [EventQueue-NodeRegistrationContainerReportForContainerSafeModeRule] INFO  safemode.SCMSafeModeManager (SCMSafeModeManager.java:validateSafeModeExitRules(204)) - ContainerSafeModeRule rule is successfully validated
2022-03-14 02:39:15,142 [EventQueue-PipelineReportForOneReplicaPipelineSafeModeRule] INFO  safemode.SCMSafeModeManager (SCMSafeModeManager.java:validateSafeModeExitRules(204)) - AtleastOneDatanodeReportedRule rule is successfully validated
2022-03-14 02:39:15,169 [c10a1ce7-f634-4401-b221-0e35fc9f4831@group-35E71D15AA3E-StateMachineUpdater] INFO  pipeline.PipelineStateManagerImpl (PipelineStateManagerImpl.java:addPipeline(101)) - Created pipeline Pipeline[ Id: 14c3b3e1-f2b8-47cf-ae81-a36bfba1acfc, Nodes: ebc46dcb-de55-4ee6-9f88-6ea23d1a12c2{ip: 10.1.0.7, host: fv-az501-120.rsswf2em5frezlg3dkjt5mgqaf.dx.internal.cloudapp.net, ports: [REPLICATION=43557, RATIS=45971, RATIS_ADMIN=45971, RATIS_SERVER=45971, STANDALONE=36715], networkLocation: /default-rack, certSerialId: null, persistedOpState: IN_SERVICE, persistedOpStateExpiryEpochSec: 0}, ReplicationConfig: RATIS/ONE, State:ALLOCATED, leaderId:, CreationTimestamp2022-03-14T02:39:15.114Z[Etc/UTC]].
2022-03-14 02:39:15,170 [c10a1ce7-f634-4401-b221-0e35fc9f4831@group-35E71D15AA3E-StateMachineUpdater] INFO  safemode.HealthyPipelineSafeModeRule (HealthyPipelineSafeModeRule.java:initializeRule(152)) - Refreshed total pipeline count is 0, healthy pipeline threshold count is 1
2022-03-14 02:39:15,658 [IPC Server handler 3 on default port 42035] INFO  net.NetworkTopologyImpl (NetworkTopologyImpl.java:add(112)) - Added a new node: /default-rack/3a253468-8d3c-457d-ae60-4bc5eace9979
2022-03-14 02:39:15,660 [IPC Server handler 3 on default port 42035] INFO  node.SCMNodeManager (SCMNodeManager.java:register(391)) - Registered Data node : 3a253468-8d3c-457d-ae60-4bc5eace9979{ip: 10.1.0.7, host: fv-az501-120.rsswf2em5frezlg3dkjt5mgqaf.dx.internal.cloudapp.net, ports: [REPLICATION=41147, RATIS=37431, RATIS_ADMIN=37431, RATIS_SERVER=37431, STANDALONE=46823], networkLocation: /default-rack, certSerialId: null, persistedOpState: null, persistedOpStateExpiryEpochSec: 0}
2022-03-14 02:39:15,661 [EventQueue-NewNodeForNewNodeHandler] INFO  pipeline.BackgroundPipelineCreator (BackgroundPipelineCreator.java:notifyEventTriggered(285)) - trigger a one-shot run on RatisPipelineUtilsThread.
2022-03-14 02:39:15,662 [EventQueue-NodeRegistrationContainerReportForDataNodeSafeModeRule] INFO  safemode.SCMSafeModeManager (DataNodeSafeModeRule.java:process(71)) - SCM in safe mode. 2 DataNodes registered, 3 required.
2022-03-14 02:39:15,665 [RatisPipelineUtilsThread - 0] INFO  pipeline.RatisPipelineProvider (RatisPipelineProvider.java:lambda$create$0(183)) - Sending CreatePipelineCommand for pipeline:PipelineID=b4e4cc75-9b0f-4448-80b8-4f9712600775 to datanode:3a253468-8d3c-457d-ae60-4bc5eace9979
2022-03-14 02:39:15,668 [c10a1ce7-f634-4401-b221-0e35fc9f4831@group-35E71D15AA3E-StateMachineUpdater] INFO  pipeline.PipelineStateManagerImpl (PipelineStateManagerImpl.java:addPipeline(101)) - Created pipeline Pipeline[ Id: b4e4cc75-9b0f-4448-80b8-4f9712600775, Nodes: 3a253468-8d3c-457d-ae60-4bc5eace9979{ip: 10.1.0.7, host: fv-az501-120.rsswf2em5frezlg3dkjt5mgqaf.dx.internal.cloudapp.net, ports: [REPLICATION=41147, RATIS=37431, RATIS_ADMIN=37431, RATIS_SERVER=37431, STANDALONE=46823], networkLocation: /default-rack, certSerialId: null, persistedOpState: IN_SERVICE, persistedOpStateExpiryEpochSec: 0}, ReplicationConfig: RATIS/ONE, State:ALLOCATED, leaderId:, CreationTimestamp2022-03-14T02:39:15.662Z[Etc/UTC]].
2022-03-14 02:39:15,668 [c10a1ce7-f634-4401-b221-0e35fc9f4831@group-35E71D15AA3E-StateMachineUpdater] INFO  safemode.HealthyPipelineSafeModeRule (HealthyPipelineSafeModeRule.java:initializeRule(152)) - Refreshed total pipeline count is 0, healthy pipeline threshold count is 1
2022-03-14 02:39:16,091 [Listener at 127.0.0.1/43591] INFO  ozone.MiniOzoneClusterImpl (MiniOzoneClusterImpl.java:lambda$waitForClusterToBeReady$0(219)) - Waiting for nodes to be ready. Got 2 of 3 DN Heartbeats.
2022-03-14 02:39:16,092 [Listener at 127.0.0.1/43591] INFO  ozone.MiniOzoneClusterImpl (MiniOzoneClusterImpl.java:lambda$waitForClusterToBeReady$0(222)) - Waiting for cluster to exit safe mode
2022-03-14 02:39:16,093 [Listener at 127.0.0.1/43591] INFO  ozone.MiniOzoneClusterImpl (MiniOzoneClusterImpl.java:lambda$waitForClusterToBeReady$0(224)) - SCM became leader
2022-03-14 02:39:16,146 [IPC Server handler 1 on default port 42035] INFO  net.NetworkTopologyImpl (NetworkTopologyImpl.java:add(112)) - Added a new node: /default-rack/c593f1a5-11c2-4273-9636-a8fe79185bdd
2022-03-14 02:39:16,146 [IPC Server handler 1 on default port 42035] INFO  node.SCMNodeManager (SCMNodeManager.java:register(391)) - Registered Data node : c593f1a5-11c2-4273-9636-a8fe79185bdd{ip: 10.1.0.7, host: fv-az501-120.rsswf2em5frezlg3dkjt5mgqaf.dx.internal.cloudapp.net, ports: [REPLICATION=38275, RATIS=38051, RATIS_ADMIN=38051, RATIS_SERVER=38051, STANDALONE=46611], networkLocation: /default-rack, certSerialId: null, persistedOpState: null, persistedOpStateExpiryEpochSec: 0}
2022-03-14 02:39:16,147 [EventQueue-NewNodeForNewNodeHandler] INFO  pipeline.BackgroundPipelineCreator (BackgroundPipelineCreator.java:notifyEventTriggered(285)) - trigger a one-shot run on RatisPipelineUtilsThread.
2022-03-14 02:39:16,147 [RatisPipelineUtilsThread - 0] INFO  pipeline.RatisPipelineProvider (RatisPipelineProvider.java:lambda$create$0(183)) - Sending CreatePipelineCommand for pipeline:PipelineID=c14fa742-e471-4396-b8e4-f35948a5e2dd to datanode:c593f1a5-11c2-4273-9636-a8fe79185bdd
2022-03-14 02:39:16,157 [EventQueue-NodeRegistrationContainerReportForDataNodeSafeModeRule] INFO  safemode.SCMSafeModeManager (DataNodeSafeModeRule.java:process(71)) - SCM in safe mode. 3 DataNodes registered, 3 required.
2022-03-14 02:39:16,157 [EventQueue-NodeRegistrationContainerReportForDataNodeSafeModeRule] INFO  safemode.SCMSafeModeManager (SCMSafeModeManager.java:validateSafeModeExitRules(204)) - DataNodeSafeModeRule rule is successfully validated
2022-03-14 02:39:16,157 [EventQueue-NodeRegistrationContainerReportForDataNodeSafeModeRule] INFO  safemode.SCMSafeModeManager (SCMSafeModeManager.java:completePreCheck(233)) - All SCM safe mode pre check rules have passed
2022-03-14 02:39:16,157 [EventQueue-NodeRegistrationContainerReportForDataNodeSafeModeRule] WARN  events.EventQueue (EventQueue.java:fireEvent(194)) - No event handler registered for event TypedEvent{payloadType=SafeModeStatus, name='Safe mode status'}
2022-03-14 02:39:16,157 [EventQueue-NodeRegistrationContainerReportForDataNodeSafeModeRule] INFO  ha.SCMContext (SCMContext.java:updateSafeModeStatus(211)) - Update SafeModeStatus from SafeModeStatus{safeModeStatus=true, preCheckPassed=false} to SafeModeStatus{safeModeStatus=true, preCheckPassed=true}.
2022-03-14 02:39:16,157 [EventQueue-NodeRegistrationContainerReportForDataNodeSafeModeRule] INFO  pipeline.BackgroundPipelineCreator (BackgroundPipelineCreator.java:notifyEventTriggered(285)) - trigger a one-shot run on RatisPipelineUtilsThread.
2022-03-14 02:39:16,158 [c10a1ce7-f634-4401-b221-0e35fc9f4831@group-35E71D15AA3E-StateMachineUpdater] INFO  pipeline.PipelineStateManagerImpl (PipelineStateManagerImpl.java:addPipeline(101)) - Created pipeline Pipeline[ Id: c14fa742-e471-4396-b8e4-f35948a5e2dd, Nodes: c593f1a5-11c2-4273-9636-a8fe79185bdd{ip: 10.1.0.7, host: fv-az501-120.rsswf2em5frezlg3dkjt5mgqaf.dx.internal.cloudapp.net, ports: [REPLICATION=38275, RATIS=38051, RATIS_ADMIN=38051, RATIS_SERVER=38051, STANDALONE=46611], networkLocation: /default-rack, certSerialId: null, persistedOpState: IN_SERVICE, persistedOpStateExpiryEpochSec: 0}, ReplicationConfig: RATIS/ONE, State:ALLOCATED, leaderId:, CreationTimestamp2022-03-14T02:39:16.147Z[Etc/UTC]].
2022-03-14 02:39:16,159 [c10a1ce7-f634-4401-b221-0e35fc9f4831@group-35E71D15AA3E-StateMachineUpdater] INFO  safemode.HealthyPipelineSafeModeRule (HealthyPipelineSafeModeRule.java:initializeRule(152)) - Refreshed total pipeline count is 0, healthy pipeline threshold count is 1
2022-03-14 02:39:16,159 [RatisPipelineUtilsThread - 0] INFO  pipeline.RatisPipelineProvider (RatisPipelineProvider.java:lambda$create$0(183)) - Sending CreatePipelineCommand for pipeline:PipelineID=7a1ec445-6f06-464b-9b77-34ca344d8402 to datanode:ebc46dcb-de55-4ee6-9f88-6ea23d1a12c2
2022-03-14 02:39:16,160 [RatisPipelineUtilsThread - 0] INFO  pipeline.RatisPipelineProvider (RatisPipelineProvider.java:lambda$create$0(183)) - Sending CreatePipelineCommand for pipeline:PipelineID=7a1ec445-6f06-464b-9b77-34ca344d8402 to datanode:c593f1a5-11c2-4273-9636-a8fe79185bdd
2022-03-14 02:39:16,160 [RatisPipelineUtilsThread - 0] INFO  pipeline.RatisPipelineProvider (RatisPipelineProvider.java:lambda$create$0(183)) - Sending CreatePipelineCommand for pipeline:PipelineID=7a1ec445-6f06-464b-9b77-34ca344d8402 to datanode:3a253468-8d3c-457d-ae60-4bc5eace9979
2022-03-14 02:39:16,163 [c10a1ce7-f634-4401-b221-0e35fc9f4831@group-35E71D15AA3E-StateMachineUpdater] INFO  pipeline.PipelineStateManagerImpl (PipelineStateManagerImpl.java:addPipeline(101)) - Created pipeline Pipeline[ Id: 7a1ec445-6f06-464b-9b77-34ca344d8402, Nodes: ebc46dcb-de55-4ee6-9f88-6ea23d1a12c2{ip: 10.1.0.7, host: fv-az501-120.rsswf2em5frezlg3dkjt5mgqaf.dx.internal.cloudapp.net, ports: [REPLICATION=43557, RATIS=45971, RATIS_ADMIN=45971, RATIS_SERVER=45971, STANDALONE=36715], networkLocation: /default-rack, certSerialId: null, persistedOpState: IN_SERVICE, persistedOpStateExpiryEpochSec: 0}c593f1a5-11c2-4273-9636-a8fe79185bdd{ip: 10.1.0.7, host: fv-az501-120.rsswf2em5frezlg3dkjt5mgqaf.dx.internal.cloudapp.net, ports: [REPLICATION=38275, RATIS=38051, RATIS_ADMIN=38051, RATIS_SERVER=38051, STANDALONE=46611], networkLocation: /default-rack, certSerialId: null, persistedOpState: IN_SERVICE, persistedOpStateExpiryEpochSec: 0}3a253468-8d3c-457d-ae60-4bc5eace9979{ip: 10.1.0.7, host: fv-az501-120.rsswf2em5frezlg3dkjt5mgqaf.dx.internal.cloudapp.net, ports: [REPLICATION=41147, RATIS=37431, RATIS_ADMIN=37431, RATIS_SERVER=37431, STANDALONE=46823], networkLocation: /default-rack, certSerialId: null, persistedOpState: IN_SERVICE, persistedOpStateExpiryEpochSec: 0}, ReplicationConfig: RATIS/THREE, State:ALLOCATED, leaderId:, CreationTimestamp2022-03-14T02:39:16.159Z[Etc/UTC]].
2022-03-14 02:39:16,163 [c10a1ce7-f634-4401-b221-0e35fc9f4831@group-35E71D15AA3E-StateMachineUpdater] INFO  safemode.HealthyPipelineSafeModeRule (HealthyPipelineSafeModeRule.java:initializeRule(152)) - Refreshed total pipeline count is 0, healthy pipeline threshold count is 1
2022-03-14 02:39:17,093 [Listener at 127.0.0.1/43591] INFO  ozone.MiniOzoneClusterImpl (MiniOzoneClusterImpl.java:lambda$waitForClusterToBeReady$0(219)) - Nodes are ready. Got 3 of 3 DN Heartbeats.
2022-03-14 02:39:17,094 [Listener at 127.0.0.1/43591] INFO  ozone.MiniOzoneClusterImpl (MiniOzoneClusterImpl.java:lambda$waitForClusterToBeReady$0(222)) - Waiting for cluster to exit safe mode
2022-03-14 02:39:17,094 [Listener at 127.0.0.1/43591] INFO  ozone.MiniOzoneClusterImpl (MiniOzoneClusterImpl.java:lambda$waitForClusterToBeReady$0(224)) - SCM became leader
2022-03-14 02:39:18,094 [Listener at 127.0.0.1/43591] INFO  ozone.MiniOzoneClusterImpl (MiniOzoneClusterImpl.java:lambda$waitForClusterToBeReady$0(219)) - Nodes are ready. Got 3 of 3 DN Heartbeats.
2022-03-14 02:39:18,095 [Listener at 127.0.0.1/43591] INFO  ozone.MiniOzoneClusterImpl (MiniOzoneClusterImpl.java:lambda$waitForClusterToBeReady$0(222)) - Waiting for cluster to exit safe mode
2022-03-14 02:39:18,095 [Listener at 127.0.0.1/43591] INFO  ozone.MiniOzoneClusterImpl (MiniOzoneClusterImpl.java:lambda$waitForClusterToBeReady$0(224)) - SCM became leader
2022-03-14 02:39:18,109 [Command processor thread] INFO  server.RaftServer (RaftServerProxy.java:addNew(95)) - ebc46dcb-de55-4ee6-9f88-6ea23d1a12c2: addNew group-A36BFBA1ACFC:[ebc46dcb-de55-4ee6-9f88-6ea23d1a12c2|rpc:10.1.0.7:45971|priority:1] returns group-A36BFBA1ACFC:java.util.concurrent.CompletableFuture@cd0e045[Not completed]
2022-03-14 02:39:18,112 [pool-271-thread-1] INFO  server.RaftServer$Division (RaftServerImpl.java:<init>(184)) - ebc46dcb-de55-4ee6-9f88-6ea23d1a12c2: new RaftServerImpl for group-A36BFBA1ACFC:[ebc46dcb-de55-4ee6-9f88-6ea23d1a12c2|rpc:10.1.0.7:45971|priority:1] with ContainerStateMachine:uninitialized
2022-03-14 02:39:18,121 [pool-271-thread-1] INFO  server.RaftServerConfigKeys (ConfUtils.java:logGet(44)) - raft.server.rpc.timeout.min = 5s (custom)
2022-03-14 02:39:18,121 [pool-271-thread-1] INFO  server.RaftServerConfigKeys (ConfUtils.java:logGet(44)) - raft.server.rpc.timeout.max = 5200ms (custom)
2022-03-14 02:39:18,121 [pool-271-thread-1] INFO  server.RaftServerConfigKeys (ConfUtils.java:logGet(44)) - raft.server.rpc.sleep.time = 25ms (default)
2022-03-14 02:39:18,122 [pool-271-thread-1] INFO  server.RaftServerConfigKeys (ConfUtils.java:logGet(44)) - raft.server.rpc.slowness.timeout = 300s (custom)
2022-03-14 02:39:18,122 [pool-271-thread-1] INFO  server.RaftServerConfigKeys (ConfUtils.java:logGet(44)) - raft.server.leaderelection.leader.step-down.wait-time = 10s (default)
2022-03-14 02:39:18,122 [pool-271-thread-1] INFO  server.RaftServerConfigKeys (ConfUtils.java:logGet(44)) - raft.server.sleep.deviation.threshold = 300ms (default)
2022-03-14 02:39:18,122 [pool-271-thread-1] INFO  server.RaftServerConfigKeys (ConfUtils.java:logGet(44)) - raft.server.log.appender.install.snapshot.enabled = false (custom)
2022-03-14 02:39:18,122 [pool-271-thread-1] INFO  server.RaftServer$Division (ServerState.java:<init>(105)) - ebc46dcb-de55-4ee6-9f88-6ea23d1a12c2@group-A36BFBA1ACFC: ConfigurationManager, init=-1: [ebc46dcb-de55-4ee6-9f88-6ea23d1a12c2|rpc:10.1.0.7:45971|priority:1], old=null, confs=<EMPTY_MAP>
2022-03-14 02:39:18,122 [pool-271-thread-1] INFO  server.RaftServerConfigKeys (ConfUtils.java:logGet(44)) - raft.server.storage.dir = [/home/runner/work/ozone/ozone/hadoop-ozone/integration-test/target/test-dir/MiniOzoneClusterImpl-a8714879-5ed3-4fa8-8176-35e71d15aa3e/datanode-0/data/ratis] (custom)
2022-03-14 02:39:18,123 [pool-271-thread-1] INFO  server.RaftServerConfigKeys (ConfUtils.java:logGet(44)) - raft.server.log.corruption.policy = EXCEPTION (default)
2022-03-14 02:39:18,123 [pool-271-thread-1] INFO  server.RaftServerConfigKeys (ConfUtils.java:logGet(44)) - raft.server.storage.free-space.min = 0MB (=0) (default)
2022-03-14 02:39:18,123 [pool-271-thread-1] INFO  storage.RaftStorageDirectory (RaftStorageDirectoryImpl.java:analyzeStorage(135)) - The storage directory /home/runner/work/ozone/ozone/hadoop-ozone/integration-test/target/test-dir/MiniOzoneClusterImpl-a8714879-5ed3-4fa8-8176-35e71d15aa3e/datanode-0/data/ratis/14c3b3e1-f2b8-47cf-ae81-a36bfba1acfc does not exist. Creating ...
2022-03-14 02:39:18,125 [pool-271-thread-1] INFO  storage.RaftStorageDirectory (RaftStorageDirectoryImpl.java:tryLock(230)) - Lock on /home/runner/work/ozone/ozone/hadoop-ozone/integration-test/target/test-dir/MiniOzoneClusterImpl-a8714879-5ed3-4fa8-8176-35e71d15aa3e/datanode-0/data/ratis/14c3b3e1-f2b8-47cf-ae81-a36bfba1acfc/in_use.lock acquired by nodename 12570@fv-az501-120
2022-03-14 02:39:18,127 [pool-271-thread-1] INFO  storage.RaftStorage (RaftStorageImpl.java:format(89)) - Storage directory /home/runner/work/ozone/ozone/hadoop-ozone/integration-test/target/test-dir/MiniOzoneClusterImpl-a8714879-5ed3-4fa8-8176-35e71d15aa3e/datanode-0/data/ratis/14c3b3e1-f2b8-47cf-ae81-a36bfba1acfc has been successfully formatted.
2022-03-14 02:39:18,128 [pool-271-thread-1] INFO  ratis.ContainerStateMachine (ContainerStateMachine.java:loadSnapshot(236)) - group-A36BFBA1ACFC: The snapshot info is null. Setting the last applied indexto:(t:0, i:~)
2022-03-14 02:39:18,128 [pool-271-thread-1] INFO  server.RaftServerConfigKeys (ConfUtils.java:logGet(44)) - raft.server.notification.no-leader.timeout = 300s (custom)
2022-03-14 02:39:18,128 [pool-271-thread-1] INFO  server.RaftServerConfigKeys (ConfUtils.java:logGet(44)) - raft.server.log.use.memory = false (default)
2022-03-14 02:39:18,128 [pool-271-thread-1] INFO  server.RaftServerConfigKeys (ConfUtils.java:logGet(44)) - raft.server.log.purge.gap = 1000000 (custom)
2022-03-14 02:39:18,128 [pool-271-thread-1] INFO  server.RaftServerConfigKeys (ConfUtils.java:logGet(44)) - raft.server.log.appender.buffer.byte-limit = 33554432 (custom)
2022-03-14 02:39:18,129 [pool-271-thread-1] INFO  server.RaftServerConfigKeys (ConfUtils.java:logGet(44)) - raft.server.log.segment.size.max = 1048576 (custom)
2022-03-14 02:39:18,134 [EventQueue-PipelineReportForPipelineReportHandler] INFO  pipeline.PipelineManagerImpl (PipelineManagerImpl.java:openPipeline(291)) - Pipeline Pipeline[ Id: 14c3b3e1-f2b8-47cf-ae81-a36bfba1acfc, Nodes: ebc46dcb-de55-4ee6-9f88-6ea23d1a12c2{ip: 10.1.0.7, host: fv-az501-120.rsswf2em5frezlg3dkjt5mgqaf.dx.internal.cloudapp.net, ports: [REPLICATION=43557, RATIS=45971, RATIS_ADMIN=45971, RATIS_SERVER=45971, STANDALONE=36715], networkLocation: /default-rack, certSerialId: null, persistedOpState: IN_SERVICE, persistedOpStateExpiryEpochSec: 0}, ReplicationConfig: RATIS/ONE, State:ALLOCATED, leaderId:ebc46dcb-de55-4ee6-9f88-6ea23d1a12c2, CreationTimestamp2022-03-14T02:39:15.114Z[Etc/UTC]] moved to OPEN state
2022-03-14 02:39:18,149 [pool-271-thread-1] INFO  server.RaftServerConfigKeys (ConfUtils.java:logGet(44)) - raft.server.log.segment.cache.num.max = 2 (custom)
2022-03-14 02:39:18,149 [pool-271-thread-1] INFO  server.RaftServerConfigKeys (ConfUtils.java:logGet(44)) - raft.server.log.segment.cache.size.max = 200MB (=209715200) (default)
2022-03-14 02:39:18,149 [pool-271-thread-1] INFO  segmented.SegmentedRaftLogWorker (SegmentedRaftLogWorker.java:<init>(182)) - new ebc46dcb-de55-4ee6-9f88-6ea23d1a12c2@group-A36BFBA1ACFC-SegmentedRaftLogWorker for RaftStorageImpl:Storage Directory /home/runner/work/ozone/ozone/hadoop-ozone/integration-test/target/test-dir/MiniOzoneClusterImpl-a8714879-5ed3-4fa8-8176-35e71d15aa3e/datanode-0/data/ratis/14c3b3e1-f2b8-47cf-ae81-a36bfba1acfc
2022-03-14 02:39:18,149 [pool-271-thread-1] INFO  server.RaftServerConfigKeys (ConfUtils.java:logGet(44)) - raft.server.log.queue.byte-limit = 4294967296 (custom)
2022-03-14 02:39:18,149 [pool-271-thread-1] INFO  server.RaftServerConfigKeys (ConfUtils.java:logGet(44)) - raft.server.log.queue.element-limit = 1024 (custom)
2022-03-14 02:39:18,149 [pool-271-thread-1] INFO  server.RaftServerConfigKeys (ConfUtils.java:logGet(44)) - raft.server.log.segment.size.max = 1048576 (custom)
2022-03-14 02:39:18,149 [pool-271-thread-1] INFO  server.RaftServerConfigKeys (ConfUtils.java:logGet(44)) - raft.server.log.preallocated.size = 16384 (custom)
2022-03-14 02:39:18,149 [pool-271-thread-1] INFO  server.RaftServerConfigKeys (ConfUtils.java:logGet(44)) - raft.server.log.force.sync.num = 128 (default)
2022-03-14 02:39:18,149 [pool-271-thread-1] INFO  server.RaftServerConfigKeys (ConfUtils.java:logGet(44)) - raft.server.log.statemachine.data.sync = true (default)
2022-03-14 02:39:18,150 [pool-271-thread-1] INFO  server.RaftServerConfigKeys (ConfUtils.java:logGet(44)) - raft.server.log.statemachine.data.sync.timeout = 10s (default)
2022-03-14 02:39:18,150 [pool-271-thread-1] INFO  server.RaftServerConfigKeys (ConfUtils.java:logGet(44)) - raft.server.log.statemachine.data.sync.timeout.retry = -1 (default)
2022-03-14 02:39:18,151 [pool-271-thread-1] INFO  server.RaftServerConfigKeys (ConfUtils.java:logGet(44)) - raft.server.log.write.buffer.size = 1048576 (custom)
2022-03-14 02:39:18,151 [pool-271-thread-1] INFO  server.RaftServerConfigKeys (ConfUtils.java:logGet(44)) - raft.server.log.statemachine.data.caching.enabled = true (custom)
2022-03-14 02:39:18,152 [c10a1ce7-f634-4401-b221-0e35fc9f4831@group-35E71D15AA3E-StateMachineUpdater] INFO  safemode.HealthyPipelineSafeModeRule (HealthyPipelineSafeModeRule.java:initializeRule(152)) - Refreshed total pipeline count is 0, healthy pipeline threshold count is 1
2022-03-14 02:39:18,164 [pool-271-thread-1] INFO  segmented.SegmentedRaftLogWorker (SegmentedRaftLogWorker.java:lambda$new$0(133)) - ebc46dcb-de55-4ee6-9f88-6ea23d1a12c2@group-A36BFBA1ACFC-SegmentedRaftLogWorker: flushIndex: setUnconditionally 0 -> -1
2022-03-14 02:39:18,170 [pool-271-thread-1] INFO  segmented.SegmentedRaftLogWorker (SegmentedRaftLogWorker.java:lambda$new$0(133)) - ebc46dcb-de55-4ee6-9f88-6ea23d1a12c2@group-A36BFBA1ACFC-SegmentedRaftLogWorker: safeCacheEvictIndex: setUnconditionally 0 -> -1
2022-03-14 02:39:18,174 [EventQueue-OpenPipelineForHealthyPipelineSafeModeRule] INFO  safemode.SCMSafeModeManager (HealthyPipelineSafeModeRule.java:process(124)) - SCM in safe mode. Healthy pipelines reported count is 0, required healthy pipeline reported count is 1
2022-03-14 02:39:18,177 [pool-271-thread-1] INFO  server.RaftServerConfigKeys (ConfUtils.java:logGet(44)) - raft.server.snapshot.auto.trigger.enabled = true (custom)
2022-03-14 02:39:18,177 [pool-271-thread-1] INFO  server.RaftServerConfigKeys (ConfUtils.java:logGet(44)) - raft.server.snapshot.auto.trigger.threshold = 10000 (custom)
2022-03-14 02:39:18,178 [pool-271-thread-1] INFO  server.RaftServerConfigKeys (ConfUtils.java:logGet(44)) - raft.server.snapshot.retention.file.num = 5 (custom)
2022-03-14 02:39:18,178 [pool-271-thread-1] INFO  server.RaftServerConfigKeys (ConfUtils.java:logGet(44)) - raft.server.log.purge.upto.snapshot.index = false (default)
2022-03-14 02:39:18,178 [pool-271-thread-1] INFO  server.RaftServerConfigKeys (ConfUtils.java:logGet(44)) - raft.server.retrycache.expirytime = 600000ms (custom)
2022-03-14 02:39:18,178 [pool-271-thread-1] INFO  server.RaftServerConfigKeys (ConfUtils.java:logGet(44)) - raft.server.retrycache.statistics.expirytime = 100μs (default)
2022-03-14 02:39:18,179 [pool-271-thread-1] INFO  server.RaftServer$Division (RaftServerImpl.java:start(301)) - ebc46dcb-de55-4ee6-9f88-6ea23d1a12c2@group-A36BFBA1ACFC: start as a follower, conf=-1: [ebc46dcb-de55-4ee6-9f88-6ea23d1a12c2|rpc:10.1.0.7:45971|priority:1], old=null
2022-03-14 02:39:18,180 [pool-271-thread-1] INFO  server.RaftServer$Division (RaftServerImpl.java:setRole(290)) - ebc46dcb-de55-4ee6-9f88-6ea23d1a12c2@group-A36BFBA1ACFC: changes role from      null to FOLLOWER at term 0 for startAsFollower
2022-03-14 02:39:18,180 [pool-271-thread-1] INFO  impl.RoleInfo (RoleInfo.java:updateAndGet(130)) - ebc46dcb-de55-4ee6-9f88-6ea23d1a12c2: start ebc46dcb-de55-4ee6-9f88-6ea23d1a12c2@group-A36BFBA1ACFC-FollowerState
2022-03-14 02:39:18,185 [pool-271-thread-1] INFO  util.JmxRegister (JmxRegister.java:tryRegister(44)) - Successfully registered JMX Bean with object name Ratis:service=RaftServer,group=group-A36BFBA1ACFC,id=ebc46dcb-de55-4ee6-9f88-6ea23d1a12c2
2022-03-14 02:39:18,195 [Command processor thread] INFO  ratis.XceiverServerRatis (XceiverServerRatis.java:addGroup(771)) - Created group PipelineID=14c3b3e1-f2b8-47cf-ae81-a36bfba1acfc
2022-03-14 02:39:18,196 [Command processor thread] INFO  commandhandler.CreatePipelineCommandHandler (CreatePipelineCommandHandler.java:handle(106)) - Created Pipeline RATIS ONE PipelineID=14c3b3e1-f2b8-47cf-ae81-a36bfba1acfc.
2022-03-14 02:39:18,196 [Command processor thread] INFO  server.RaftServer (RaftServerProxy.java:addNew(95)) - ebc46dcb-de55-4ee6-9f88-6ea23d1a12c2: addNew group-34CA344D8402:[ebc46dcb-de55-4ee6-9f88-6ea23d1a12c2|rpc:10.1.0.7:45971|priority:0, c593f1a5-11c2-4273-9636-a8fe79185bdd|rpc:10.1.0.7:38051|priority:1, 3a253468-8d3c-457d-ae60-4bc5eace9979|rpc:10.1.0.7:37431|priority:0] returns group-34CA344D8402:java.util.concurrent.CompletableFuture@8ef6507[Not completed]
2022-03-14 02:39:18,197 [pool-271-thread-1] INFO  server.RaftServer$Division (RaftServerImpl.java:<init>(184)) - ebc46dcb-de55-4ee6-9f88-6ea23d1a12c2: new RaftServerImpl for group-34CA344D8402:[ebc46dcb-de55-4ee6-9f88-6ea23d1a12c2|rpc:10.1.0.7:45971|priority:0, c593f1a5-11c2-4273-9636-a8fe79185bdd|rpc:10.1.0.7:38051|priority:1, 3a253468-8d3c-457d-ae60-4bc5eace9979|rpc:10.1.0.7:37431|priority:0] with ContainerStateMachine:uninitialized
2022-03-14 02:39:18,198 [pool-271-thread-1] INFO  server.RaftServerConfigKeys (ConfUtils.java:logGet(44)) - raft.server.rpc.timeout.min = 5s (custom)
2022-03-14 02:39:18,198 [pool-271-thread-1] INFO  server.RaftServerConfigKeys (ConfUtils.java:logGet(44)) - raft.server.rpc.timeout.max = 5200ms (custom)
2022-03-14 02:39:18,198 [pool-271-thread-1] INFO  server.RaftServerConfigKeys (ConfUtils.java:logGet(44)) - raft.server.rpc.sleep.time = 25ms (default)
2022-03-14 02:39:18,198 [pool-271-thread-1] INFO  server.RaftServerConfigKeys (ConfUtils.java:logGet(44)) - raft.server.rpc.slowness.timeout = 300s (custom)
2022-03-14 02:39:18,198 [pool-271-thread-1] INFO  server.RaftServerConfigKeys (ConfUtils.java:logGet(44)) - raft.server.leaderelection.leader.step-down.wait-time = 10s (default)
2022-03-14 02:39:18,198 [pool-271-thread-1] INFO  server.RaftServerConfigKeys (ConfUtils.java:logGet(44)) - raft.server.sleep.deviation.threshold = 300ms (default)
2022-03-14 02:39:18,198 [pool-271-thread-1] INFO  server.RaftServerConfigKeys (ConfUtils.java:logGet(44)) - raft.server.log.appender.install.snapshot.enabled = false (custom)
2022-03-14 02:39:18,198 [pool-271-thread-1] INFO  server.RaftServer$Division (ServerState.java:<init>(105)) - ebc46dcb-de55-4ee6-9f88-6ea23d1a12c2@group-34CA344D8402: ConfigurationManager, init=-1: [ebc46dcb-de55-4ee6-9f88-6ea23d1a12c2|rpc:10.1.0.7:45971|priority:0, c593f1a5-11c2-4273-9636-a8fe79185bdd|rpc:10.1.0.7:38051|priority:1, 3a253468-8d3c-457d-ae60-4bc5eace9979|rpc:10.1.0.7:37431|priority:0], old=null, confs=<EMPTY_MAP>
2022-03-14 02:39:18,198 [pool-271-thread-1] INFO  server.RaftServerConfigKeys (ConfUtils.java:logGet(44)) - raft.server.storage.dir = [/home/runner/work/ozone/ozone/hadoop-ozone/integration-test/target/test-dir/MiniOzoneClusterImpl-a8714879-5ed3-4fa8-8176-35e71d15aa3e/datanode-0/data/ratis] (custom)
2022-03-14 02:39:18,198 [pool-271-thread-1] INFO  server.RaftServerConfigKeys (ConfUtils.java:logGet(44)) - raft.server.log.corruption.policy = EXCEPTION (default)
2022-03-14 02:39:18,198 [pool-271-thread-1] INFO  server.RaftServerConfigKeys (ConfUtils.java:logGet(44)) - raft.server.storage.free-space.min = 0MB (=0) (default)
2022-03-14 02:39:18,199 [pool-271-thread-1] INFO  storage.RaftStorageDirectory (RaftStorageDirectoryImpl.java:analyzeStorage(135)) - The storage directory /home/runner/work/ozone/ozone/hadoop-ozone/integration-test/target/test-dir/MiniOzoneClusterImpl-a8714879-5ed3-4fa8-8176-35e71d15aa3e/datanode-0/data/ratis/7a1ec445-6f06-464b-9b77-34ca344d8402 does not exist. Creating ...
2022-03-14 02:39:18,202 [pool-271-thread-1] INFO  storage.RaftStorageDirectory (RaftStorageDirectoryImpl.java:tryLock(230)) - Lock on /home/runner/work/ozone/ozone/hadoop-ozone/integration-test/target/test-dir/MiniOzoneClusterImpl-a8714879-5ed3-4fa8-8176-35e71d15aa3e/datanode-0/data/ratis/7a1ec445-6f06-464b-9b77-34ca344d8402/in_use.lock acquired by nodename 12570@fv-az501-120
2022-03-14 02:39:18,205 [pool-271-thread-1] INFO  storage.RaftStorage (RaftStorageImpl.java:format(89)) - Storage directory /home/runner/work/ozone/ozone/hadoop-ozone/integration-test/target/test-dir/MiniOzoneClusterImpl-a8714879-5ed3-4fa8-8176-35e71d15aa3e/datanode-0/data/ratis/7a1ec445-6f06-464b-9b77-34ca344d8402 has been successfully formatted.
2022-03-14 02:39:18,206 [pool-271-thread-1] INFO  ratis.ContainerStateMachine (ContainerStateMachine.java:loadSnapshot(236)) - group-34CA344D8402: The snapshot info is null. Setting the last applied indexto:(t:0, i:~)
2022-03-14 02:39:18,207 [pool-271-thread-1] INFO  server.RaftServerConfigKeys (ConfUtils.java:logGet(44)) - raft.server.notification.no-leader.timeout = 300s (custom)
2022-03-14 02:39:18,207 [pool-271-thread-1] INFO  server.RaftServerConfigKeys (ConfUtils.java:logGet(44)) - raft.server.log.use.memory = false (default)
2022-03-14 02:39:18,207 [pool-271-thread-1] INFO  server.RaftServerConfigKeys (ConfUtils.java:logGet(44)) - raft.server.log.purge.gap = 1000000 (custom)
2022-03-14 02:39:18,207 [pool-271-thread-1] INFO  server.RaftServerConfigKeys (ConfUtils.java:logGet(44)) - raft.server.log.appender.buffer.byte-limit = 33554432 (custom)
2022-03-14 02:39:18,207 [EventQueue-OpenPipelineForHealthyPipelineSafeModeRule] INFO  safemode.SCMSafeModeManager (HealthyPipelineSafeModeRule.java:process(124)) - SCM in safe mode. Healthy pipelines reported count is 0, required healthy pipeline reported count is 1
2022-03-14 02:39:18,208 [pool-271-thread-1] INFO  server.RaftServerConfigKeys (ConfUtils.java:logGet(44)) - raft.server.log.segment.size.max = 1048576 (custom)
2022-03-14 02:39:18,209 [pool-271-thread-1] INFO  server.RaftServerConfigKeys (ConfUtils.java:logGet(44)) - raft.server.log.segment.cache.num.max = 2 (custom)
2022-03-14 02:39:18,209 [pool-271-thread-1] INFO  server.RaftServerConfigKeys (ConfUtils.java:logGet(44)) - raft.server.log.segment.cache.size.max = 200MB (=209715200) (default)
2022-03-14 02:39:18,209 [pool-271-thread-1] INFO  segmented.SegmentedRaftLogWorker (SegmentedRaftLogWorker.java:<init>(182)) - new ebc46dcb-de55-4ee6-9f88-6ea23d1a12c2@group-34CA344D8402-SegmentedRaftLogWorker for RaftStorageImpl:Storage Directory /home/runner/work/ozone/ozone/hadoop-ozone/integration-test/target/test-dir/MiniOzoneClusterImpl-a8714879-5ed3-4fa8-8176-35e71d15aa3e/datanode-0/data/ratis/7a1ec445-6f06-464b-9b77-34ca344d8402
2022-03-14 02:39:18,209 [pool-271-thread-1] INFO  server.RaftServerConfigKeys (ConfUtils.java:logGet(44)) - raft.server.log.queue.byte-limit = 4294967296 (custom)
2022-03-14 02:39:18,209 [pool-271-thread-1] INFO  server.RaftServerConfigKeys (ConfUtils.java:logGet(44)) - raft.server.log.queue.element-limit = 1024 (custom)
2022-03-14 02:39:18,209 [pool-271-thread-1] INFO  server.RaftServerConfigKeys (ConfUtils.java:logGet(44)) - raft.server.log.segment.size.max = 1048576 (custom)
2022-03-14 02:39:18,209 [pool-271-thread-1] INFO  server.RaftServerConfigKeys (ConfUtils.java:logGet(44)) - raft.server.log.preallocated.size = 16384 (custom)
2022-03-14 02:39:18,209 [pool-271-thread-1] INFO  server.RaftServerConfigKeys (ConfUtils.java:logGet(44)) - raft.server.log.force.sync.num = 128 (default)
2022-03-14 02:39:18,209 [pool-271-thread-1] INFO  server.RaftServerConfigKeys (ConfUtils.java:logGet(44)) - raft.server.log.statemachine.data.sync = true (default)
2022-03-14 02:39:18,210 [pool-271-thread-1] INFO  server.RaftServerConfigKeys (ConfUtils.java:logGet(44)) - raft.server.log.statemachine.data.sync.timeout = 10s (default)
2022-03-14 02:39:18,211 [pool-271-thread-1] INFO  server.RaftServerConfigKeys (ConfUtils.java:logGet(44)) - raft.server.log.statemachine.data.sync.timeout.retry = -1 (default)
2022-03-14 02:39:18,212 [pool-271-thread-1] INFO  server.RaftServerConfigKeys (ConfUtils.java:logGet(44)) - raft.server.log.write.buffer.size = 1048576 (custom)
2022-03-14 02:39:18,212 [pool-271-thread-1] INFO  server.RaftServerConfigKeys (ConfUtils.java:logGet(44)) - raft.server.log.statemachine.data.caching.enabled = true (custom)
2022-03-14 02:39:18,216 [pool-271-thread-1] INFO  segmented.SegmentedRaftLogWorker (SegmentedRaftLogWorker.java:lambda$new$0(133)) - ebc46dcb-de55-4ee6-9f88-6ea23d1a12c2@group-34CA344D8402-SegmentedRaftLogWorker: flushIndex: setUnconditionally 0 -> -1
2022-03-14 02:39:18,217 [pool-271-thread-1] INFO  segmented.SegmentedRaftLogWorker (SegmentedRaftLogWorker.java:lambda$new$0(133)) - ebc46dcb-de55-4ee6-9f88-6ea23d1a12c2@group-34CA344D8402-SegmentedRaftLogWorker: safeCacheEvictIndex: setUnconditionally 0 -> -1
2022-03-14 02:39:18,219 [pool-271-thread-1] INFO  server.RaftServerConfigKeys (ConfUtils.java:logGet(44)) - raft.server.snapshot.auto.trigger.enabled = true (custom)
2022-03-14 02:39:18,219 [pool-271-thread-1] INFO  server.RaftServerConfigKeys (ConfUtils.java:logGet(44)) - raft.server.snapshot.auto.trigger.threshold = 10000 (custom)
2022-03-14 02:39:18,219 [pool-271-thread-1] INFO  server.RaftServerConfigKeys (ConfUtils.java:logGet(44)) - raft.server.snapshot.retention.file.num = 5 (custom)
2022-03-14 02:39:18,219 [pool-271-thread-1] INFO  server.RaftServerConfigKeys (ConfUtils.java:logGet(44)) - raft.server.log.purge.upto.snapshot.index = false (default)
2022-03-14 02:39:18,219 [pool-271-thread-1] INFO  server.RaftServerConfigKeys (ConfUtils.java:logGet(44)) - raft.server.retrycache.expirytime = 600000ms (custom)
2022-03-14 02:39:18,219 [pool-271-thread-1] INFO  server.RaftServerConfigKeys (ConfUtils.java:logGet(44)) - raft.server.retrycache.statistics.expirytime = 100μs (default)
2022-03-14 02:39:18,221 [pool-271-thread-1] INFO  server.RaftServer$Division (RaftServerImpl.java:start(301)) - ebc46dcb-de55-4ee6-9f88-6ea23d1a12c2@group-34CA344D8402: start as a follower, conf=-1: [ebc46dcb-de55-4ee6-9f88-6ea23d1a12c2|rpc:10.1.0.7:45971|priority:0, c593f1a5-11c2-4273-9636-a8fe79185bdd|rpc:10.1.0.7:38051|priority:1, 3a253468-8d3c-457d-ae60-4bc5eace9979|rpc:10.1.0.7:37431|priority:0], old=null
2022-03-14 02:39:18,221 [pool-271-thread-1] INFO  server.RaftServer$Division (RaftServerImpl.java:setRole(290)) - ebc46dcb-de55-4ee6-9f88-6ea23d1a12c2@group-34CA344D8402: changes role from      null to FOLLOWER at term 0 for startAsFollower
2022-03-14 02:39:18,221 [pool-271-thread-1] INFO  impl.RoleInfo (RoleInfo.java:updateAndGet(130)) - ebc46dcb-de55-4ee6-9f88-6ea23d1a12c2: start ebc46dcb-de55-4ee6-9f88-6ea23d1a12c2@group-34CA344D8402-FollowerState
2022-03-14 02:39:18,234 [pool-271-thread-1] INFO  util.JmxRegister (JmxRegister.java:tryRegister(44)) - Successfully registered JMX Bean with object name Ratis:service=RaftServer,group=group-34CA344D8402,id=ebc46dcb-de55-4ee6-9f88-6ea23d1a12c2
2022-03-14 02:39:18,253 [Command processor thread] INFO  ratis.XceiverServerRatis (XceiverServerRatis.java:addGroup(771)) - Created group PipelineID=7a1ec445-6f06-464b-9b77-34ca344d8402
2022-03-14 02:39:18,269 [grpc-default-executor-0] INFO  server.RaftServer (RaftServerProxy.java:addNew(95)) - c593f1a5-11c2-4273-9636-a8fe79185bdd: addNew group-34CA344D8402:[ebc46dcb-de55-4ee6-9f88-6ea23d1a12c2|rpc:10.1.0.7:45971|dataStream:|priority:0, c593f1a5-11c2-4273-9636-a8fe79185bdd|rpc:10.1.0.7:38051|dataStream:|priority:1, 3a253468-8d3c-457d-ae60-4bc5eace9979|rpc:10.1.0.7:37431|dataStream:|priority:0] returns group-34CA344D8402:java.util.concurrent.CompletableFuture@143885d9[Not completed]
2022-03-14 02:39:18,286 [pool-313-thread-1] INFO  server.RaftServer$Division (RaftServerImpl.java:<init>(184)) - c593f1a5-11c2-4273-9636-a8fe79185bdd: new RaftServerImpl for group-34CA344D8402:[ebc46dcb-de55-4ee6-9f88-6ea23d1a12c2|rpc:10.1.0.7:45971|dataStream:|priority:0, c593f1a5-11c2-4273-9636-a8fe79185bdd|rpc:10.1.0.7:38051|dataStream:|priority:1, 3a253468-8d3c-457d-ae60-4bc5eace9979|rpc:10.1.0.7:37431|dataStream:|priority:0] with ContainerStateMachine:uninitialized
2022-03-14 02:39:18,293 [pool-313-thread-1] INFO  server.RaftServerConfigKeys (ConfUtils.java:logGet(44)) - raft.server.rpc.timeout.min = 5s (custom)
2022-03-14 02:39:18,295 [pool-313-thread-1] INFO  server.RaftServerConfigKeys (ConfUtils.java:logGet(44)) - raft.server.rpc.timeout.max = 5200ms (custom)
2022-03-14 02:39:18,295 [pool-313-thread-1] INFO  server.RaftServerConfigKeys (ConfUtils.java:logGet(44)) - raft.server.rpc.sleep.time = 25ms (default)
2022-03-14 02:39:18,295 [pool-313-thread-1] INFO  server.RaftServerConfigKeys (ConfUtils.java:logGet(44)) - raft.server.rpc.slowness.timeout = 300s (custom)
2022-03-14 02:39:18,295 [pool-313-thread-1] INFO  server.RaftServerConfigKeys (ConfUtils.java:logGet(44)) - raft.server.leaderelection.leader.step-down.wait-time = 10s (default)
2022-03-14 02:39:18,295 [pool-313-thread-1] INFO  server.RaftServerConfigKeys (ConfUtils.java:logGet(44)) - raft.server.sleep.deviation.threshold = 300ms (default)
2022-03-14 02:39:18,295 [pool-313-thread-1] INFO  server.RaftServerConfigKeys (ConfUtils.java:logGet(44)) - raft.server.log.appender.install.snapshot.enabled = false (custom)
2022-03-14 02:39:18,295 [pool-313-thread-1] INFO  server.RaftServer$Division (ServerState.java:<init>(105)) - c593f1a5-11c2-4273-9636-a8fe79185bdd@group-34CA344D8402: ConfigurationManager, init=-1: [ebc46dcb-de55-4ee6-9f88-6ea23d1a12c2|rpc:10.1.0.7:45971|dataStream:|priority:0, c593f1a5-11c2-4273-9636-a8fe79185bdd|rpc:10.1.0.7:38051|dataStream:|priority:1, 3a253468-8d3c-457d-ae60-4bc5eace9979|rpc:10.1.0.7:37431|dataStream:|priority:0], old=null, confs=<EMPTY_MAP>
2022-03-14 02:39:18,296 [pool-313-thread-1] INFO  server.RaftServerConfigKeys (ConfUtils.java:logGet(44)) - raft.server.storage.dir = [/home/runner/work/ozone/ozone/hadoop-ozone/integration-test/target/test-dir/MiniOzoneClusterImpl-a8714879-5ed3-4fa8-8176-35e71d15aa3e/datanode-2/data/ratis] (custom)
2022-03-14 02:39:18,296 [pool-313-thread-1] INFO  server.RaftServerConfigKeys (ConfUtils.java:logGet(44)) - raft.server.log.corruption.policy = EXCEPTION (default)
2022-03-14 02:39:18,296 [pool-313-thread-1] INFO  server.RaftServerConfigKeys (ConfUtils.java:logGet(44)) - raft.server.storage.free-space.min = 0MB (=0) (default)
2022-03-14 02:39:18,296 [pool-313-thread-1] INFO  storage.RaftStorageDirectory (RaftStorageDirectoryImpl.java:analyzeStorage(135)) - The storage directory /home/runner/work/ozone/ozone/hadoop-ozone/integration-test/target/test-dir/MiniOzoneClusterImpl-a8714879-5ed3-4fa8-8176-35e71d15aa3e/datanode-2/data/ratis/7a1ec445-6f06-464b-9b77-34ca344d8402 does not exist. Creating ...
2022-03-14 02:39:18,307 [pool-313-thread-1] INFO  storage.RaftStorageDirectory (RaftStorageDirectoryImpl.java:tryLock(230)) - Lock on /home/runner/work/ozone/ozone/hadoop-ozone/integration-test/target/test-dir/MiniOzoneClusterImpl-a8714879-5ed3-4fa8-8176-35e71d15aa3e/datanode-2/data/ratis/7a1ec445-6f06-464b-9b77-34ca344d8402/in_use.lock acquired by nodename 12570@fv-az501-120
2022-03-14 02:39:18,310 [pool-313-thread-1] INFO  storage.RaftStorage (RaftStorageImpl.java:format(89)) - Storage directory /home/runner/work/ozone/ozone/hadoop-ozone/integration-test/target/test-dir/MiniOzoneClusterImpl-a8714879-5ed3-4fa8-8176-35e71d15aa3e/datanode-2/data/ratis/7a1ec445-6f06-464b-9b77-34ca344d8402 has been successfully formatted.
2022-03-14 02:39:18,311 [pool-313-thread-1] INFO  ratis.ContainerStateMachine (ContainerStateMachine.java:loadSnapshot(236)) - group-34CA344D8402: The snapshot info is null. Setting the last applied indexto:(t:0, i:~)
2022-03-14 02:39:18,311 [pool-313-thread-1] INFO  server.RaftServerConfigKeys (ConfUtils.java:logGet(44)) - raft.server.notification.no-leader.timeout = 300s (custom)
2022-03-14 02:39:18,311 [pool-313-thread-1] INFO  server.RaftServerConfigKeys (ConfUtils.java:logGet(44)) - raft.server.log.use.memory = false (default)
2022-03-14 02:39:18,311 [pool-313-thread-1] INFO  server.RaftServerConfigKeys (ConfUtils.java:logGet(44)) - raft.server.log.purge.gap = 1000000 (custom)
2022-03-14 02:39:18,312 [pool-313-thread-1] INFO  server.RaftServerConfigKeys (ConfUtils.java:logGet(44)) - raft.server.log.appender.buffer.byte-limit = 33554432 (custom)
2022-03-14 02:39:18,321 [pool-313-thread-1] INFO  server.RaftServerConfigKeys (ConfUtils.java:logGet(44)) - raft.server.log.segment.size.max = 1048576 (custom)
2022-03-14 02:39:18,326 [pool-313-thread-1] INFO  server.RaftServerConfigKeys (ConfUtils.java:logGet(44)) - raft.server.log.segment.cache.num.max = 2 (custom)
2022-03-14 02:39:18,326 [pool-313-thread-1] INFO  server.RaftServerConfigKeys (ConfUtils.java:logGet(44)) - raft.server.log.segment.cache.size.max = 200MB (=209715200) (default)
2022-03-14 02:39:18,326 [pool-313-thread-1] INFO  segmented.SegmentedRaftLogWorker (SegmentedRaftLogWorker.java:<init>(182)) - new c593f1a5-11c2-4273-9636-a8fe79185bdd@group-34CA344D8402-SegmentedRaftLogWorker for RaftStorageImpl:Storage Directory /home/runner/work/ozone/ozone/hadoop-ozone/integration-test/target/test-dir/MiniOzoneClusterImpl-a8714879-5ed3-4fa8-8176-35e71d15aa3e/datanode-2/data/ratis/7a1ec445-6f06-464b-9b77-34ca344d8402
2022-03-14 02:39:18,326 [pool-313-thread-1] INFO  server.RaftServerConfigKeys (ConfUtils.java:logGet(44)) - raft.server.log.queue.byte-limit = 4294967296 (custom)
2022-03-14 02:39:18,326 [pool-313-thread-1] INFO  server.RaftServerConfigKeys (ConfUtils.java:logGet(44)) - raft.server.log.queue.element-limit = 1024 (custom)
2022-03-14 02:39:18,326 [pool-313-thread-1] INFO  server.RaftServerConfigKeys (ConfUtils.java:logGet(44)) - raft.server.log.segment.size.max = 1048576 (custom)
2022-03-14 02:39:18,326 [pool-313-thread-1] INFO  server.RaftServerConfigKeys (ConfUtils.java:logGet(44)) - raft.server.log.preallocated.size = 16384 (custom)
2022-03-14 02:39:18,327 [pool-313-thread-1] INFO  server.RaftServerConfigKeys (ConfUtils.java:logGet(44)) - raft.server.log.force.sync.num = 128 (default)
2022-03-14 02:39:18,327 [pool-313-thread-1] INFO  server.RaftServerConfigKeys (ConfUtils.java:logGet(44)) - raft.server.log.statemachine.data.sync = true (default)
2022-03-14 02:39:18,327 [pool-313-thread-1] INFO  server.RaftServerConfigKeys (ConfUtils.java:logGet(44)) - raft.server.log.statemachine.data.sync.timeout = 10s (default)
2022-03-14 02:39:18,327 [pool-313-thread-1] INFO  server.RaftServerConfigKeys (ConfUtils.java:logGet(44)) - raft.server.log.statemachine.data.sync.timeout.retry = -1 (default)
2022-03-14 02:39:18,329 [pool-313-thread-1] INFO  server.RaftServerConfigKeys (ConfUtils.java:logGet(44)) - raft.server.log.write.buffer.size = 1048576 (custom)
2022-03-14 02:39:18,329 [pool-313-thread-1] INFO  server.RaftServerConfigKeys (ConfUtils.java:logGet(44)) - raft.server.log.statemachine.data.caching.enabled = true (custom)
2022-03-14 02:39:18,330 [pool-313-thread-1] INFO  segmented.SegmentedRaftLogWorker (SegmentedRaftLogWorker.java:lambda$new$0(133)) - c593f1a5-11c2-4273-9636-a8fe79185bdd@group-34CA344D8402-SegmentedRaftLogWorker: flushIndex: setUnconditionally 0 -> -1
2022-03-14 02:39:18,333 [pool-313-thread-1] INFO  segmented.SegmentedRaftLogWorker (SegmentedRaftLogWorker.java:lambda$new$0(133)) - c593f1a5-11c2-4273-9636-a8fe79185bdd@group-34CA344D8402-SegmentedRaftLogWorker: safeCacheEvictIndex: setUnconditionally 0 -> -1
2022-03-14 02:39:18,341 [pool-313-thread-1] INFO  server.RaftServerConfigKeys (ConfUtils.java:logGet(44)) - raft.server.snapshot.auto.trigger.enabled = true (custom)
2022-03-14 02:39:18,341 [pool-313-thread-1] INFO  server.RaftServerConfigKeys (ConfUtils.java:logGet(44)) - raft.server.snapshot.auto.trigger.threshold = 10000 (custom)
2022-03-14 02:39:18,341 [pool-313-thread-1] INFO  server.RaftServerConfigKeys (ConfUtils.java:logGet(44)) - raft.server.snapshot.retention.file.num = 5 (custom)
2022-03-14 02:39:18,341 [pool-313-thread-1] INFO  server.RaftServerConfigKeys (ConfUtils.java:logGet(44)) - raft.server.log.purge.upto.snapshot.index = false (default)
2022-03-14 02:39:18,341 [pool-313-thread-1] INFO  server.RaftServerConfigKeys (ConfUtils.java:logGet(44)) - raft.server.retrycache.expirytime = 600000ms (custom)
2022-03-14 02:39:18,341 [pool-313-thread-1] INFO  server.RaftServerConfigKeys (ConfUtils.java:logGet(44)) - raft.server.retrycache.statistics.expirytime = 100μs (default)
2022-03-14 02:39:18,343 [pool-313-thread-1] INFO  server.RaftServer$Division (RaftServerImpl.java:start(301)) - c593f1a5-11c2-4273-9636-a8fe79185bdd@group-34CA344D8402: start as a follower, conf=-1: [ebc46dcb-de55-4ee6-9f88-6ea23d1a12c2|rpc:10.1.0.7:45971|dataStream:|priority:0, c593f1a5-11c2-4273-9636-a8fe79185bdd|rpc:10.1.0.7:38051|dataStream:|priority:1, 3a253468-8d3c-457d-ae60-4bc5eace9979|rpc:10.1.0.7:37431|dataStream:|priority:0], old=null
2022-03-14 02:39:18,343 [pool-313-thread-1] INFO  server.RaftServer$Division (RaftServerImpl.java:setRole(290)) - c593f1a5-11c2-4273-9636-a8fe79185bdd@group-34CA344D8402: changes role from      null to FOLLOWER at term 0 for startAsFollower
2022-03-14 02:39:18,343 [pool-313-thread-1] INFO  impl.RoleInfo (RoleInfo.java:updateAndGet(130)) - c593f1a5-11c2-4273-9636-a8fe79185bdd: start c593f1a5-11c2-4273-9636-a8fe79185bdd@group-34CA344D8402-FollowerState
2022-03-14 02:39:18,344 [pool-313-thread-1] INFO  util.JmxRegister (JmxRegister.java:tryRegister(44)) - Successfully registered JMX Bean with object name Ratis:service=RaftServer,group=group-34CA344D8402,id=c593f1a5-11c2-4273-9636-a8fe79185bdd
2022-03-14 02:39:18,412 [grpc-default-executor-0] INFO  server.RaftServer (RaftServerProxy.java:addNew(95)) - 3a253468-8d3c-457d-ae60-4bc5eace9979: addNew group-34CA344D8402:[ebc46dcb-de55-4ee6-9f88-6ea23d1a12c2|rpc:10.1.0.7:45971|dataStream:|priority:0, c593f1a5-11c2-4273-9636-a8fe79185bdd|rpc:10.1.0.7:38051|dataStream:|priority:1, 3a253468-8d3c-457d-ae60-4bc5eace9979|rpc:10.1.0.7:37431|dataStream:|priority:0] returns group-34CA344D8402:java.util.concurrent.CompletableFuture@37e142ec[Not completed]
2022-03-14 02:39:18,423 [pool-292-thread-1] INFO  server.RaftServer$Division (RaftServerImpl.java:<init>(184)) - 3a253468-8d3c-457d-ae60-4bc5eace9979: new RaftServerImpl for group-34CA344D8402:[ebc46dcb-de55-4ee6-9f88-6ea23d1a12c2|rpc:10.1.0.7:45971|dataStream:|priority:0, c593f1a5-11c2-4273-9636-a8fe79185bdd|rpc:10.1.0.7:38051|dataStream:|priority:1, 3a253468-8d3c-457d-ae60-4bc5eace9979|rpc:10.1.0.7:37431|dataStream:|priority:0] with ContainerStateMachine:uninitialized
2022-03-14 02:39:18,426 [pool-292-thread-1] INFO  server.RaftServerConfigKeys (ConfUtils.java:logGet(44)) - raft.server.rpc.timeout.min = 5s (custom)
2022-03-14 02:39:18,426 [pool-292-thread-1] INFO  server.RaftServerConfigKeys (ConfUtils.java:logGet(44)) - raft.server.rpc.timeout.max = 5200ms (custom)
2022-03-14 02:39:18,427 [pool-292-thread-1] INFO  server.RaftServerConfigKeys (ConfUtils.java:logGet(44)) - raft.server.rpc.sleep.time = 25ms (default)
2022-03-14 02:39:18,427 [pool-292-thread-1] INFO  server.RaftServerConfigKeys (ConfUtils.java:logGet(44)) - raft.server.rpc.slowness.timeout = 300s (custom)
2022-03-14 02:39:18,427 [pool-292-thread-1] INFO  server.RaftServerConfigKeys (ConfUtils.java:logGet(44)) - raft.server.leaderelection.leader.step-down.wait-time = 10s (default)
2022-03-14 02:39:18,427 [pool-292-thread-1] INFO  server.RaftServerConfigKeys (ConfUtils.java:logGet(44)) - raft.server.sleep.deviation.threshold = 300ms (default)
2022-03-14 02:39:18,427 [pool-292-thread-1] INFO  server.RaftServerConfigKeys (ConfUtils.java:logGet(44)) - raft.server.log.appender.install.snapshot.enabled = false (custom)
2022-03-14 02:39:18,427 [pool-292-thread-1] INFO  server.RaftServer$Division (ServerState.java:<init>(105)) - 3a253468-8d3c-457d-ae60-4bc5eace9979@group-34CA344D8402: ConfigurationManager, init=-1: [ebc46dcb-de55-4ee6-9f88-6ea23d1a12c2|rpc:10.1.0.7:45971|dataStream:|priority:0, c593f1a5-11c2-4273-9636-a8fe79185bdd|rpc:10.1.0.7:38051|dataStream:|priority:1, 3a253468-8d3c-457d-ae60-4bc5eace9979|rpc:10.1.0.7:37431|dataStream:|priority:0], old=null, confs=<EMPTY_MAP>
2022-03-14 02:39:18,427 [pool-292-thread-1] INFO  server.RaftServerConfigKeys (ConfUtils.java:logGet(44)) - raft.server.storage.dir = [/home/runner/work/ozone/ozone/hadoop-ozone/integration-test/target/test-dir/MiniOzoneClusterImpl-a8714879-5ed3-4fa8-8176-35e71d15aa3e/datanode-1/data/ratis] (custom)
2022-03-14 02:39:18,427 [pool-292-thread-1] INFO  server.RaftServerConfigKeys (ConfUtils.java:logGet(44)) - raft.server.log.corruption.policy = EXCEPTION (default)
2022-03-14 02:39:18,427 [pool-292-thread-1] INFO  server.RaftServerConfigKeys (ConfUtils.java:logGet(44)) - raft.server.storage.free-space.min = 0MB (=0) (default)
2022-03-14 02:39:18,428 [pool-292-thread-1] INFO  storage.RaftStorageDirectory (RaftStorageDirectoryImpl.java:analyzeStorage(135)) - The storage directory /home/runner/work/ozone/ozone/hadoop-ozone/integration-test/target/test-dir/MiniOzoneClusterImpl-a8714879-5ed3-4fa8-8176-35e71d15aa3e/datanode-1/data/ratis/7a1ec445-6f06-464b-9b77-34ca344d8402 does not exist. Creating ...
2022-03-14 02:39:18,430 [pool-292-thread-1] INFO  storage.RaftStorageDirectory (RaftStorageDirectoryImpl.java:tryLock(230)) - Lock on /home/runner/work/ozone/ozone/hadoop-ozone/integration-test/target/test-dir/MiniOzoneClusterImpl-a8714879-5ed3-4fa8-8176-35e71d15aa3e/datanode-1/data/ratis/7a1ec445-6f06-464b-9b77-34ca344d8402/in_use.lock acquired by nodename 12570@fv-az501-120
2022-03-14 02:39:18,437 [pool-292-thread-1] INFO  storage.RaftStorage (RaftStorageImpl.java:format(89)) - Storage directory /home/runner/work/ozone/ozone/hadoop-ozone/integration-test/target/test-dir/MiniOzoneClusterImpl-a8714879-5ed3-4fa8-8176-35e71d15aa3e/datanode-1/data/ratis/7a1ec445-6f06-464b-9b77-34ca344d8402 has been successfully formatted.
2022-03-14 02:39:18,439 [pool-292-thread-1] INFO  ratis.ContainerStateMachine (ContainerStateMachine.java:loadSnapshot(236)) - group-34CA344D8402: The snapshot info is null. Setting the last applied indexto:(t:0, i:~)
2022-03-14 02:39:18,440 [pool-292-thread-1] INFO  server.RaftServerConfigKeys (ConfUtils.java:logGet(44)) - raft.server.notification.no-leader.timeout = 300s (custom)
2022-03-14 02:39:18,440 [pool-292-thread-1] INFO  server.RaftServerConfigKeys (ConfUtils.java:logGet(44)) - raft.server.log.use.memory = false (default)
2022-03-14 02:39:18,440 [pool-292-thread-1] INFO  server.RaftServerConfigKeys (ConfUtils.java:logGet(44)) - raft.server.log.purge.gap = 1000000 (custom)
2022-03-14 02:39:18,440 [pool-292-thread-1] INFO  server.RaftServerConfigKeys (ConfUtils.java:logGet(44)) - raft.server.log.appender.buffer.byte-limit = 33554432 (custom)
2022-03-14 02:39:18,440 [pool-292-thread-1] INFO  server.RaftServerConfigKeys (ConfUtils.java:logGet(44)) - raft.server.log.segment.size.max = 1048576 (custom)
2022-03-14 02:39:18,441 [pool-292-thread-1] INFO  server.RaftServerConfigKeys (ConfUtils.java:logGet(44)) - raft.server.log.segment.cache.num.max = 2 (custom)
2022-03-14 02:39:18,441 [pool-292-thread-1] INFO  server.RaftServerConfigKeys (ConfUtils.java:logGet(44)) - raft.server.log.segment.cache.size.max = 200MB (=209715200) (default)
2022-03-14 02:39:18,441 [pool-292-thread-1] INFO  segmented.SegmentedRaftLogWorker (SegmentedRaftLogWorker.java:<init>(182)) - new 3a253468-8d3c-457d-ae60-4bc5eace9979@group-34CA344D8402-SegmentedRaftLogWorker for RaftStorageImpl:Storage Directory /home/runner/work/ozone/ozone/hadoop-ozone/integration-test/target/test-dir/MiniOzoneClusterImpl-a8714879-5ed3-4fa8-8176-35e71d15aa3e/datanode-1/data/ratis/7a1ec445-6f06-464b-9b77-34ca344d8402
2022-03-14 02:39:18,442 [pool-292-thread-1] INFO  server.RaftServerConfigKeys (ConfUtils.java:logGet(44)) - raft.server.log.queue.byte-limit = 4294967296 (custom)
2022-03-14 02:39:18,442 [pool-292-thread-1] INFO  server.RaftServerConfigKeys (ConfUtils.java:logGet(44)) - raft.server.log.queue.element-limit = 1024 (custom)
2022-03-14 02:39:18,442 [pool-292-thread-1] INFO  server.RaftServerConfigKeys (ConfUtils.java:logGet(44)) - raft.server.log.segment.size.max = 1048576 (custom)
2022-03-14 02:39:18,442 [pool-292-thread-1] INFO  server.RaftServerConfigKeys (ConfUtils.java:logGet(44)) - raft.server.log.preallocated.size = 16384 (custom)
2022-03-14 02:39:18,442 [pool-292-thread-1] INFO  server.RaftServerConfigKeys (ConfUtils.java:logGet(44)) - raft.server.log.force.sync.num = 128 (default)
2022-03-14 02:39:18,442 [pool-292-thread-1] INFO  server.RaftServerConfigKeys (ConfUtils.java:logGet(44)) - raft.server.log.statemachine.data.sync = true (default)
2022-03-14 02:39:18,442 [pool-292-thread-1] INFO  server.RaftServerConfigKeys (ConfUtils.java:logGet(44)) - raft.server.log.statemachine.data.sync.timeout = 10s (default)
2022-03-14 02:39:18,442 [pool-292-thread-1] INFO  server.RaftServerConfigKeys (ConfUtils.java:logGet(44)) - raft.server.log.statemachine.data.sync.timeout.retry = -1 (default)
2022-03-14 02:39:18,443 [pool-292-thread-1] INFO  server.RaftServerConfigKeys (ConfUtils.java:logGet(44)) - raft.server.log.write.buffer.size = 1048576 (custom)
2022-03-14 02:39:18,445 [pool-292-thread-1] INFO  server.RaftServerConfigKeys (ConfUtils.java:logGet(44)) - raft.server.log.statemachine.data.caching.enabled = true (custom)
2022-03-14 02:39:18,453 [pool-292-thread-1] INFO  segmented.SegmentedRaftLogWorker (SegmentedRaftLogWorker.java:lambda$new$0(133)) - 3a253468-8d3c-457d-ae60-4bc5eace9979@group-34CA344D8402-SegmentedRaftLogWorker: flushIndex: setUnconditionally 0 -> -1
2022-03-14 02:39:18,453 [pool-292-thread-1] INFO  segmented.SegmentedRaftLogWorker (SegmentedRaftLogWorker.java:lambda$new$0(133)) - 3a253468-8d3c-457d-ae60-4bc5eace9979@group-34CA344D8402-SegmentedRaftLogWorker: safeCacheEvictIndex: setUnconditionally 0 -> -1
2022-03-14 02:39:18,453 [pool-292-thread-1] INFO  server.RaftServerConfigKeys (ConfUtils.java:logGet(44)) - raft.server.snapshot.auto.trigger.enabled = true (custom)
2022-03-14 02:39:18,454 [pool-292-thread-1] INFO  server.RaftServerConfigKeys (ConfUtils.java:logGet(44)) - raft.server.snapshot.auto.trigger.threshold = 10000 (custom)
2022-03-14 02:39:18,454 [pool-292-thread-1] INFO  server.RaftServerConfigKeys (ConfUtils.java:logGet(44)) - raft.server.snapshot.retention.file.num = 5 (custom)
2022-03-14 02:39:18,454 [pool-292-thread-1] INFO  server.RaftServerConfigKeys (ConfUtils.java:logGet(44)) - raft.server.log.purge.upto.snapshot.index = false (default)
2022-03-14 02:39:18,454 [pool-292-thread-1] INFO  server.RaftServerConfigKeys (ConfUtils.java:logGet(44)) - raft.server.retrycache.expirytime = 600000ms (custom)
2022-03-14 02:39:18,454 [pool-292-thread-1] INFO  server.RaftServerConfigKeys (ConfUtils.java:logGet(44)) - raft.server.retrycache.statistics.expirytime = 100μs (default)
2022-03-14 02:39:18,456 [pool-292-thread-1] INFO  server.RaftServer$Division (RaftServerImpl.java:start(301)) - 3a253468-8d3c-457d-ae60-4bc5eace9979@group-34CA344D8402: start as a follower, conf=-1: [ebc46dcb-de55-4ee6-9f88-6ea23d1a12c2|rpc:10.1.0.7:45971|dataStream:|priority:0, c593f1a5-11c2-4273-9636-a8fe79185bdd|rpc:10.1.0.7:38051|dataStream:|priority:1, 3a253468-8d3c-457d-ae60-4bc5eace9979|rpc:10.1.0.7:37431|dataStream:|priority:0], old=null
2022-03-14 02:39:18,456 [pool-292-thread-1] INFO  server.RaftServer$Division (RaftServerImpl.java:setRole(290)) - 3a253468-8d3c-457d-ae60-4bc5eace9979@group-34CA344D8402: changes role from      null to FOLLOWER at term 0 for startAsFollower
2022-03-14 02:39:18,456 [pool-292-thread-1] INFO  impl.RoleInfo (RoleInfo.java:updateAndGet(130)) - 3a253468-8d3c-457d-ae60-4bc5eace9979: start 3a253468-8d3c-457d-ae60-4bc5eace9979@group-34CA344D8402-FollowerState
2022-03-14 02:39:18,459 [pool-292-thread-1] INFO  util.JmxRegister (JmxRegister.java:tryRegister(44)) - Successfully registered JMX Bean with object name Ratis:service=RaftServer,group=group-34CA344D8402,id=3a253468-8d3c-457d-ae60-4bc5eace9979
2022-03-14 02:39:18,518 [Command processor thread] INFO  commandhandler.CreatePipelineCommandHandler (CreatePipelineCommandHandler.java:handle(106)) - Created Pipeline RATIS THREE PipelineID=7a1ec445-6f06-464b-9b77-34ca344d8402.
2022-03-14 02:39:18,657 [Command processor thread] INFO  server.RaftServer (RaftServerProxy.java:addNew(95)) - 3a253468-8d3c-457d-ae60-4bc5eace9979: addNew group-4F9712600775:[3a253468-8d3c-457d-ae60-4bc5eace9979|rpc:10.1.0.7:37431|priority:1] returns group-4F9712600775:java.util.concurrent.CompletableFuture@40b07c1f[Not completed]
2022-03-14 02:39:18,658 [pool-292-thread-1] INFO  server.RaftServer$Division (RaftServerImpl.java:<init>(184)) - 3a253468-8d3c-457d-ae60-4bc5eace9979: new RaftServerImpl for group-4F9712600775:[3a253468-8d3c-457d-ae60-4bc5eace9979|rpc:10.1.0.7:37431|priority:1] with ContainerStateMachine:uninitialized
2022-03-14 02:39:18,658 [pool-292-thread-1] INFO  server.RaftServerConfigKeys (ConfUtils.java:logGet(44)) - raft.server.rpc.timeout.min = 5s (custom)
2022-03-14 02:39:18,659 [pool-292-thread-1] INFO  server.RaftServerConfigKeys (ConfUtils.java:logGet(44)) - raft.server.rpc.timeout.max = 5200ms (custom)
2022-03-14 02:39:18,659 [pool-292-thread-1] INFO  server.RaftServerConfigKeys (ConfUtils.java:logGet(44)) - raft.server.rpc.sleep.time = 25ms (default)
2022-03-14 02:39:18,659 [pool-292-thread-1] INFO  server.RaftServerConfigKeys (ConfUtils.java:logGet(44)) - raft.server.rpc.slowness.timeout = 300s (custom)
2022-03-14 02:39:18,659 [pool-292-thread-1] INFO  server.RaftServerConfigKeys (ConfUtils.java:logGet(44)) - raft.server.leaderelection.leader.step-down.wait-time = 10s (default)
2022-03-14 02:39:18,659 [pool-292-thread-1] INFO  server.RaftServerConfigKeys (ConfUtils.java:logGet(44)) - raft.server.sleep.deviation.threshold = 300ms (default)
2022-03-14 02:39:18,659 [pool-292-thread-1] INFO  server.RaftServerConfigKeys (ConfUtils.java:logGet(44)) - raft.server.log.appender.install.snapshot.enabled = false (custom)
2022-03-14 02:39:18,659 [pool-292-thread-1] INFO  server.RaftServer$Division (ServerState.java:<init>(105)) - 3a253468-8d3c-457d-ae60-4bc5eace9979@group-4F9712600775: ConfigurationManager, init=-1: [3a253468-8d3c-457d-ae60-4bc5eace9979|rpc:10.1.0.7:37431|priority:1], old=null, confs=<EMPTY_MAP>
2022-03-14 02:39:18,659 [pool-292-thread-1] INFO  server.RaftServerConfigKeys (ConfUtils.java:logGet(44)) - raft.server.storage.dir = [/home/runner/work/ozone/ozone/hadoop-ozone/integration-test/target/test-dir/MiniOzoneClusterImpl-a8714879-5ed3-4fa8-8176-35e71d15aa3e/datanode-1/data/ratis] (custom)
2022-03-14 02:39:18,659 [pool-292-thread-1] INFO  server.RaftServerConfigKeys (ConfUtils.java:logGet(44)) - raft.server.log.corruption.policy = EXCEPTION (default)
2022-03-14 02:39:18,659 [pool-292-thread-1] INFO  server.RaftServerConfigKeys (ConfUtils.java:logGet(44)) - raft.server.storage.free-space.min = 0MB (=0) (default)
2022-03-14 02:39:18,659 [pool-292-thread-1] INFO  storage.RaftStorageDirectory (RaftStorageDirectoryImpl.java:analyzeStorage(135)) - The storage directory /home/runner/work/ozone/ozone/hadoop-ozone/integration-test/target/test-dir/MiniOzoneClusterImpl-a8714879-5ed3-4fa8-8176-35e71d15aa3e/datanode-1/data/ratis/b4e4cc75-9b0f-4448-80b8-4f9712600775 does not exist. Creating ...
2022-03-14 02:39:18,661 [pool-292-thread-1] INFO  storage.RaftStorageDirectory (RaftStorageDirectoryImpl.java:tryLock(230)) - Lock on /home/runner/work/ozone/ozone/hadoop-ozone/integration-test/target/test-dir/MiniOzoneClusterImpl-a8714879-5ed3-4fa8-8176-35e71d15aa3e/datanode-1/data/ratis/b4e4cc75-9b0f-4448-80b8-4f9712600775/in_use.lock acquired by nodename 12570@fv-az501-120
2022-03-14 02:39:18,664 [pool-292-thread-1] INFO  storage.RaftStorage (RaftStorageImpl.java:format(89)) - Storage directory /home/runner/work/ozone/ozone/hadoop-ozone/integration-test/target/test-dir/MiniOzoneClusterImpl-a8714879-5ed3-4fa8-8176-35e71d15aa3e/datanode-1/data/ratis/b4e4cc75-9b0f-4448-80b8-4f9712600775 has been successfully formatted.
2022-03-14 02:39:18,664 [pool-292-thread-1] INFO  ratis.ContainerStateMachine (ContainerStateMachine.java:loadSnapshot(236)) - group-4F9712600775: The snapshot info is null. Setting the last applied indexto:(t:0, i:~)
2022-03-14 02:39:18,665 [pool-292-thread-1] INFO  server.RaftServerConfigKeys (ConfUtils.java:logGet(44)) - raft.server.notification.no-leader.timeout = 300s (custom)
2022-03-14 02:39:18,665 [pool-292-thread-1] INFO  server.RaftServerConfigKeys (ConfUtils.java:logGet(44)) - raft.server.log.use.memory = false (default)
2022-03-14 02:39:18,665 [pool-292-thread-1] INFO  server.RaftServerConfigKeys (ConfUtils.java:logGet(44)) - raft.server.log.purge.gap = 1000000 (custom)
2022-03-14 02:39:18,665 [pool-292-thread-1] INFO  server.RaftServerConfigKeys (ConfUtils.java:logGet(44)) - raft.server.log.appender.buffer.byte-limit = 33554432 (custom)
2022-03-14 02:39:18,665 [pool-292-thread-1] INFO  server.RaftServerConfigKeys (ConfUtils.java:logGet(44)) - raft.server.log.segment.size.max = 1048576 (custom)
2022-03-14 02:39:18,666 [pool-292-thread-1] INFO  server.RaftServerConfigKeys (ConfUtils.java:logGet(44)) - raft.server.log.segment.cache.num.max = 2 (custom)
2022-03-14 02:39:18,666 [pool-292-thread-1] INFO  server.RaftServerConfigKeys (ConfUtils.java:logGet(44)) - raft.server.log.segment.cache.size.max = 200MB (=209715200) (default)
2022-03-14 02:39:18,666 [pool-292-thread-1] INFO  segmented.SegmentedRaftLogWorker (SegmentedRaftLogWorker.java:<init>(182)) - new 3a253468-8d3c-457d-ae60-4bc5eace9979@group-4F9712600775-SegmentedRaftLogWorker for RaftStorageImpl:Storage Directory /home/runner/work/ozone/ozone/hadoop-ozone/integration-test/target/test-dir/MiniOzoneClusterImpl-a8714879-5ed3-4fa8-8176-35e71d15aa3e/datanode-1/data/ratis/b4e4cc75-9b0f-4448-80b8-4f9712600775
2022-03-14 02:39:18,666 [pool-292-thread-1] INFO  server.RaftServerConfigKeys (ConfUtils.java:logGet(44)) - raft.server.log.queue.byte-limit = 4294967296 (custom)
2022-03-14 02:39:18,666 [pool-292-thread-1] INFO  server.RaftServerConfigKeys (ConfUtils.java:logGet(44)) - raft.server.log.queue.element-limit = 1024 (custom)
2022-03-14 02:39:18,666 [pool-292-thread-1] INFO  server.RaftServerConfigKeys (ConfUtils.java:logGet(44)) - raft.server.log.segment.size.max = 1048576 (custom)
2022-03-14 02:39:18,666 [pool-292-thread-1] INFO  server.RaftServerConfigKeys (ConfUtils.java:logGet(44)) - raft.server.log.preallocated.size = 16384 (custom)
2022-03-14 02:39:18,666 [pool-292-thread-1] INFO  server.RaftServerConfigKeys (ConfUtils.java:logGet(44)) - raft.server.log.force.sync.num = 128 (default)
2022-03-14 02:39:18,666 [pool-292-thread-1] INFO  server.RaftServerConfigKeys (ConfUtils.java:logGet(44)) - raft.server.log.statemachine.data.sync = true (default)
2022-03-14 02:39:18,666 [pool-292-thread-1] INFO  server.RaftServerConfigKeys (ConfUtils.java:logGet(44)) - raft.server.log.statemachine.data.sync.timeout = 10s (default)
2022-03-14 02:39:18,666 [pool-292-thread-1] INFO  server.RaftServerConfigKeys (ConfUtils.java:logGet(44)) - raft.server.log.statemachine.data.sync.timeout.retry = -1 (default)
2022-03-14 02:39:18,667 [pool-292-thread-1] INFO  server.RaftServerConfigKeys (ConfUtils.java:logGet(44)) - raft.server.log.write.buffer.size = 1048576 (custom)
2022-03-14 02:39:18,668 [pool-292-thread-1] INFO  server.RaftServerConfigKeys (ConfUtils.java:logGet(44)) - raft.server.log.statemachine.data.caching.enabled = true (custom)
2022-03-14 02:39:18,668 [pool-292-thread-1] INFO  segmented.SegmentedRaftLogWorker (SegmentedRaftLogWorker.java:lambda$new$0(133)) - 3a253468-8d3c-457d-ae60-4bc5eace9979@group-4F9712600775-SegmentedRaftLogWorker: flushIndex: setUnconditionally 0 -> -1
2022-03-14 02:39:18,668 [pool-292-thread-1] INFO  segmented.SegmentedRaftLogWorker (SegmentedRaftLogWorker.java:lambda$new$0(133)) - 3a253468-8d3c-457d-ae60-4bc5eace9979@group-4F9712600775-SegmentedRaftLogWorker: safeCacheEvictIndex: setUnconditionally 0 -> -1
2022-03-14 02:39:18,671 [EventQueue-PipelineReportForPipelineReportHandler] INFO  pipeline.PipelineManagerImpl (PipelineManagerImpl.java:openPipeline(291)) - Pipeline Pipeline[ Id: b4e4cc75-9b0f-4448-80b8-4f9712600775, Nodes: 3a253468-8d3c-457d-ae60-4bc5eace9979{ip: 10.1.0.7, host: fv-az501-120.rsswf2em5frezlg3dkjt5mgqaf.dx.internal.cloudapp.net, ports: [REPLICATION=41147, RATIS=37431, RATIS_ADMIN=37431, RATIS_SERVER=37431, STANDALONE=46823], networkLocation: /default-rack, certSerialId: null, persistedOpState: IN_SERVICE, persistedOpStateExpiryEpochSec: 0}, ReplicationConfig: RATIS/ONE, State:ALLOCATED, leaderId:3a253468-8d3c-457d-ae60-4bc5eace9979, CreationTimestamp2022-03-14T02:39:15.662Z[Etc/UTC]] moved to OPEN state
2022-03-14 02:39:18,676 [pool-292-thread-1] INFO  server.RaftServerConfigKeys (ConfUtils.java:logGet(44)) - raft.server.snapshot.auto.trigger.enabled = true (custom)
2022-03-14 02:39:18,677 [c10a1ce7-f634-4401-b221-0e35fc9f4831@group-35E71D15AA3E-StateMachineUpdater] INFO  safemode.HealthyPipelineSafeModeRule (HealthyPipelineSafeModeRule.java:initializeRule(152)) - Refreshed total pipeline count is 0, healthy pipeline threshold count is 1
2022-03-14 02:39:18,690 [EventQueue-OpenPipelineForHealthyPipelineSafeModeRule] INFO  safemode.SCMSafeModeManager (HealthyPipelineSafeModeRule.java:process(124)) - SCM in safe mode. Healthy pipelines reported count is 0, required healthy pipeline reported count is 1
2022-03-14 02:39:18,694 [pool-292-thread-1] INFO  server.RaftServerConfigKeys (ConfUtils.java:logGet(44)) - raft.server.snapshot.auto.trigger.threshold = 10000 (custom)
2022-03-14 02:39:18,694 [pool-292-thread-1] INFO  server.RaftServerConfigKeys (ConfUtils.java:logGet(44)) - raft.server.snapshot.retention.file.num = 5 (custom)
2022-03-14 02:39:18,694 [pool-292-thread-1] INFO  server.RaftServerConfigKeys (ConfUtils.java:logGet(44)) - raft.server.log.purge.upto.snapshot.index = false (default)
2022-03-14 02:39:18,694 [pool-292-thread-1] INFO  server.RaftServerConfigKeys (ConfUtils.java:logGet(44)) - raft.server.retrycache.expirytime = 600000ms (custom)
2022-03-14 02:39:18,694 [pool-292-thread-1] INFO  server.RaftServerConfigKeys (ConfUtils.java:logGet(44)) - raft.server.retrycache.statistics.expirytime = 100μs (default)
2022-03-14 02:39:18,696 [pool-292-thread-1] INFO  server.RaftServer$Division (RaftServerImpl.java:start(301)) - 3a253468-8d3c-457d-ae60-4bc5eace9979@group-4F9712600775: start as a follower, conf=-1: [3a253468-8d3c-457d-ae60-4bc5eace9979|rpc:10.1.0.7:37431|priority:1], old=null
2022-03-14 02:39:18,696 [pool-292-thread-1] INFO  server.RaftServer$Division (RaftServerImpl.java:setRole(290)) - 3a253468-8d3c-457d-ae60-4bc5eace9979@group-4F9712600775: changes role from      null to FOLLOWER at term 0 for startAsFollower
2022-03-14 02:39:18,696 [pool-292-thread-1] INFO  impl.RoleInfo (RoleInfo.java:updateAndGet(130)) - 3a253468-8d3c-457d-ae60-4bc5eace9979: start 3a253468-8d3c-457d-ae60-4bc5eace9979@group-4F9712600775-FollowerState
2022-03-14 02:39:18,700 [pool-292-thread-1] INFO  util.JmxRegister (JmxRegister.java:tryRegister(44)) - Successfully registered JMX Bean with object name Ratis:service=RaftServer,group=group-4F9712600775,id=3a253468-8d3c-457d-ae60-4bc5eace9979
2022-03-14 02:39:18,704 [Command processor thread] INFO  ratis.XceiverServerRatis (XceiverServerRatis.java:addGroup(771)) - Created group PipelineID=b4e4cc75-9b0f-4448-80b8-4f9712600775
2022-03-14 02:39:18,704 [Command processor thread] INFO  commandhandler.CreatePipelineCommandHandler (CreatePipelineCommandHandler.java:handle(106)) - Created Pipeline RATIS ONE PipelineID=b4e4cc75-9b0f-4448-80b8-4f9712600775.
2022-03-14 02:39:19,095 [Listener at 127.0.0.1/43591] INFO  ozone.MiniOzoneClusterImpl (MiniOzoneClusterImpl.java:lambda$waitForClusterToBeReady$0(219)) - Nodes are ready. Got 3 of 3 DN Heartbeats.
2022-03-14 02:39:19,095 [Listener at 127.0.0.1/43591] INFO  ozone.MiniOzoneClusterImpl (MiniOzoneClusterImpl.java:lambda$waitForClusterToBeReady$0(222)) - Waiting for cluster to exit safe mode
2022-03-14 02:39:19,095 [Listener at 127.0.0.1/43591] INFO  ozone.MiniOzoneClusterImpl (MiniOzoneClusterImpl.java:lambda$waitForClusterToBeReady$0(224)) - SCM became leader
2022-03-14 02:39:19,141 [Command processor thread] INFO  server.RaftServer (RaftServerProxy.java:addNew(95)) - c593f1a5-11c2-4273-9636-a8fe79185bdd: addNew group-F35948A5E2DD:[c593f1a5-11c2-4273-9636-a8fe79185bdd|rpc:10.1.0.7:38051|priority:1] returns group-F35948A5E2DD:java.util.concurrent.CompletableFuture@20f041e0[Not completed]
2022-03-14 02:39:19,142 [pool-313-thread-1] INFO  server.RaftServer$Division (RaftServerImpl.java:<init>(184)) - c593f1a5-11c2-4273-9636-a8fe79185bdd: new RaftServerImpl for group-F35948A5E2DD:[c593f1a5-11c2-4273-9636-a8fe79185bdd|rpc:10.1.0.7:38051|priority:1] with ContainerStateMachine:uninitialized
2022-03-14 02:39:19,142 [pool-313-thread-1] INFO  server.RaftServerConfigKeys (ConfUtils.java:logGet(44)) - raft.server.rpc.timeout.min = 5s (custom)
2022-03-14 02:39:19,142 [pool-313-thread-1] INFO  server.RaftServerConfigKeys (ConfUtils.java:logGet(44)) - raft.server.rpc.timeout.max = 5200ms (custom)
2022-03-14 02:39:19,142 [pool-313-thread-1] INFO  server.RaftServerConfigKeys (ConfUtils.java:logGet(44)) - raft.server.rpc.sleep.time = 25ms (default)
2022-03-14 02:39:19,142 [pool-313-thread-1] INFO  server.RaftServerConfigKeys (ConfUtils.java:logGet(44)) - raft.server.rpc.slowness.timeout = 300s (custom)
2022-03-14 02:39:19,142 [pool-313-thread-1] INFO  server.RaftServerConfigKeys (ConfUtils.java:logGet(44)) - raft.server.leaderelection.leader.step-down.wait-time = 10s (default)
2022-03-14 02:39:19,142 [pool-313-thread-1] INFO  server.RaftServerConfigKeys (ConfUtils.java:logGet(44)) - raft.server.sleep.deviation.threshold = 300ms (default)
2022-03-14 02:39:19,142 [pool-313-thread-1] INFO  server.RaftServerConfigKeys (ConfUtils.java:logGet(44)) - raft.server.log.appender.install.snapshot.enabled = false (custom)
2022-03-14 02:39:19,142 [pool-313-thread-1] INFO  server.RaftServer$Division (ServerState.java:<init>(105)) - c593f1a5-11c2-4273-9636-a8fe79185bdd@group-F35948A5E2DD: ConfigurationManager, init=-1: [c593f1a5-11c2-4273-9636-a8fe79185bdd|rpc:10.1.0.7:38051|priority:1], old=null, confs=<EMPTY_MAP>
2022-03-14 02:39:19,142 [pool-313-thread-1] INFO  server.RaftServerConfigKeys (ConfUtils.java:logGet(44)) - raft.server.storage.dir = [/home/runner/work/ozone/ozone/hadoop-ozone/integration-test/target/test-dir/MiniOzoneClusterImpl-a8714879-5ed3-4fa8-8176-35e71d15aa3e/datanode-2/data/ratis] (custom)
2022-03-14 02:39:19,143 [pool-313-thread-1] INFO  server.RaftServerConfigKeys (ConfUtils.java:logGet(44)) - raft.server.log.corruption.policy = EXCEPTION (default)
2022-03-14 02:39:19,143 [pool-313-thread-1] INFO  server.RaftServerConfigKeys (ConfUtils.java:logGet(44)) - raft.server.storage.free-space.min = 0MB (=0) (default)
2022-03-14 02:39:19,143 [pool-313-thread-1] INFO  storage.RaftStorageDirectory (RaftStorageDirectoryImpl.java:analyzeStorage(135)) - The storage directory /home/runner/work/ozone/ozone/hadoop-ozone/integration-test/target/test-dir/MiniOzoneClusterImpl-a8714879-5ed3-4fa8-8176-35e71d15aa3e/datanode-2/data/ratis/c14fa742-e471-4396-b8e4-f35948a5e2dd does not exist. Creating ...
2022-03-14 02:39:19,148 [pool-313-thread-1] INFO  storage.RaftStorageDirectory (RaftStorageDirectoryImpl.java:tryLock(230)) - Lock on /home/runner/work/ozone/ozone/hadoop-ozone/integration-test/target/test-dir/MiniOzoneClusterImpl-a8714879-5ed3-4fa8-8176-35e71d15aa3e/datanode-2/data/ratis/c14fa742-e471-4396-b8e4-f35948a5e2dd/in_use.lock acquired by nodename 12570@fv-az501-120
2022-03-14 02:39:19,150 [pool-313-thread-1] INFO  storage.RaftStorage (RaftStorageImpl.java:format(89)) - Storage directory /home/runner/work/ozone/ozone/hadoop-ozone/integration-test/target/test-dir/MiniOzoneClusterImpl-a8714879-5ed3-4fa8-8176-35e71d15aa3e/datanode-2/data/ratis/c14fa742-e471-4396-b8e4-f35948a5e2dd has been successfully formatted.
2022-03-14 02:39:19,150 [pool-313-thread-1] INFO  ratis.ContainerStateMachine (ContainerStateMachine.java:loadSnapshot(236)) - group-F35948A5E2DD: The snapshot info is null. Setting the last applied indexto:(t:0, i:~)
2022-03-14 02:39:19,151 [pool-313-thread-1] INFO  server.RaftServerConfigKeys (ConfUtils.java:logGet(44)) - raft.server.notification.no-leader.timeout = 300s (custom)
2022-03-14 02:39:19,153 [pool-313-thread-1] INFO  server.RaftServerConfigKeys (ConfUtils.java:logGet(44)) - raft.server.log.use.memory = false (default)
2022-03-14 02:39:19,152 [EventQueue-PipelineReportForPipelineReportHandler] INFO  pipeline.PipelineManagerImpl (PipelineManagerImpl.java:openPipeline(291)) - Pipeline Pipeline[ Id: c14fa742-e471-4396-b8e4-f35948a5e2dd, Nodes: c593f1a5-11c2-4273-9636-a8fe79185bdd{ip: 10.1.0.7, host: fv-az501-120.rsswf2em5frezlg3dkjt5mgqaf.dx.internal.cloudapp.net, ports: [REPLICATION=38275, RATIS=38051, RATIS_ADMIN=38051, RATIS_SERVER=38051, STANDALONE=46611], networkLocation: /default-rack, certSerialId: null, persistedOpState: IN_SERVICE, persistedOpStateExpiryEpochSec: 0}, ReplicationConfig: RATIS/ONE, State:ALLOCATED, leaderId:c593f1a5-11c2-4273-9636-a8fe79185bdd, CreationTimestamp2022-03-14T02:39:16.147Z[Etc/UTC]] moved to OPEN state
2022-03-14 02:39:19,153 [pool-313-thread-1] INFO  server.RaftServerConfigKeys (ConfUtils.java:logGet(44)) - raft.server.log.purge.gap = 1000000 (custom)
2022-03-14 02:39:19,153 [pool-313-thread-1] INFO  server.RaftServerConfigKeys (ConfUtils.java:logGet(44)) - raft.server.log.appender.buffer.byte-limit = 33554432 (custom)
2022-03-14 02:39:19,154 [pool-313-thread-1] INFO  server.RaftServerConfigKeys (ConfUtils.java:logGet(44)) - raft.server.log.segment.size.max = 1048576 (custom)
2022-03-14 02:39:19,154 [pool-313-thread-1] INFO  server.RaftServerConfigKeys (ConfUtils.java:logGet(44)) - raft.server.log.segment.cache.num.max = 2 (custom)
2022-03-14 02:39:19,154 [pool-313-thread-1] INFO  server.RaftServerConfigKeys (ConfUtils.java:logGet(44)) - raft.server.log.segment.cache.size.max = 200MB (=209715200) (default)
2022-03-14 02:39:19,154 [pool-313-thread-1] INFO  segmented.SegmentedRaftLogWorker (SegmentedRaftLogWorker.java:<init>(182)) - new c593f1a5-11c2-4273-9636-a8fe79185bdd@group-F35948A5E2DD-SegmentedRaftLogWorker for RaftStorageImpl:Storage Directory /home/runner/work/ozone/ozone/hadoop-ozone/integration-test/target/test-dir/MiniOzoneClusterImpl-a8714879-5ed3-4fa8-8176-35e71d15aa3e/datanode-2/data/ratis/c14fa742-e471-4396-b8e4-f35948a5e2dd
2022-03-14 02:39:19,154 [pool-313-thread-1] INFO  server.RaftServerConfigKeys (ConfUtils.java:logGet(44)) - raft.server.log.queue.byte-limit = 4294967296 (custom)
2022-03-14 02:39:19,155 [pool-313-thread-1] INFO  server.RaftServerConfigKeys (ConfUtils.java:logGet(44)) - raft.server.log.queue.element-limit = 1024 (custom)
2022-03-14 02:39:19,155 [pool-313-thread-1] INFO  server.RaftServerConfigKeys (ConfUtils.java:logGet(44)) - raft.server.log.segment.size.max = 1048576 (custom)
2022-03-14 02:39:19,155 [pool-313-thread-1] INFO  server.RaftServerConfigKeys (ConfUtils.java:logGet(44)) - raft.server.log.preallocated.size = 16384 (custom)
2022-03-14 02:39:19,155 [pool-313-thread-1] INFO  server.RaftServerConfigKeys (ConfUtils.java:logGet(44)) - raft.server.log.force.sync.num = 128 (default)
2022-03-14 02:39:19,155 [pool-313-thread-1] INFO  server.RaftServerConfigKeys (ConfUtils.java:logGet(44)) - raft.server.log.statemachine.data.sync = true (default)
2022-03-14 02:39:19,155 [pool-313-thread-1] INFO  server.RaftServerConfigKeys (ConfUtils.java:logGet(44)) - raft.server.log.statemachine.data.sync.timeout = 10s (default)
2022-03-14 02:39:19,155 [pool-313-thread-1] INFO  server.RaftServerConfigKeys (ConfUtils.java:logGet(44)) - raft.server.log.statemachine.data.sync.timeout.retry = -1 (default)
2022-03-14 02:39:19,156 [c10a1ce7-f634-4401-b221-0e35fc9f4831@group-35E71D15AA3E-StateMachineUpdater] INFO  safemode.HealthyPipelineSafeModeRule (HealthyPipelineSafeModeRule.java:initializeRule(152)) - Refreshed total pipeline count is 0, healthy pipeline threshold count is 1
2022-03-14 02:39:19,157 [EventQueue-OpenPipelineForHealthyPipelineSafeModeRule] INFO  safemode.SCMSafeModeManager (HealthyPipelineSafeModeRule.java:process(124)) - SCM in safe mode. Healthy pipelines reported count is 0, required healthy pipeline reported count is 1
2022-03-14 02:39:19,157 [pool-313-thread-1] INFO  server.RaftServerConfigKeys (ConfUtils.java:logGet(44)) - raft.server.log.write.buffer.size = 1048576 (custom)
2022-03-14 02:39:19,161 [pool-313-thread-1] INFO  server.RaftServerConfigKeys (ConfUtils.java:logGet(44)) - raft.server.log.statemachine.data.caching.enabled = true (custom)
2022-03-14 02:39:19,162 [pool-313-thread-1] INFO  segmented.SegmentedRaftLogWorker (SegmentedRaftLogWorker.java:lambda$new$0(133)) - c593f1a5-11c2-4273-9636-a8fe79185bdd@group-F35948A5E2DD-SegmentedRaftLogWorker: flushIndex: setUnconditionally 0 -> -1
2022-03-14 02:39:19,162 [pool-313-thread-1] INFO  segmented.SegmentedRaftLogWorker (SegmentedRaftLogWorker.java:lambda$new$0(133)) - c593f1a5-11c2-4273-9636-a8fe79185bdd@group-F35948A5E2DD-SegmentedRaftLogWorker: safeCacheEvictIndex: setUnconditionally 0 -> -1
2022-03-14 02:39:19,167 [pool-313-thread-1] INFO  server.RaftServerConfigKeys (ConfUtils.java:logGet(44)) - raft.server.snapshot.auto.trigger.enabled = true (custom)
2022-03-14 02:39:19,167 [pool-313-thread-1] INFO  server.RaftServerConfigKeys (ConfUtils.java:logGet(44)) - raft.server.snapshot.auto.trigger.threshold = 10000 (custom)
2022-03-14 02:39:19,167 [pool-313-thread-1] INFO  server.RaftServerConfigKeys (ConfUtils.java:logGet(44)) - raft.server.snapshot.retention.file.num = 5 (custom)
2022-03-14 02:39:19,167 [pool-313-thread-1] INFO  server.RaftServerConfigKeys (ConfUtils.java:logGet(44)) - raft.server.log.purge.upto.snapshot.index = false (default)
2022-03-14 02:39:19,167 [pool-313-thread-1] INFO  server.RaftServerConfigKeys (ConfUtils.java:logGet(44)) - raft.server.retrycache.expirytime = 600000ms (custom)
2022-03-14 02:39:19,167 [pool-313-thread-1] INFO  server.RaftServerConfigKeys (ConfUtils.java:logGet(44)) - raft.server.retrycache.statistics.expirytime = 100μs (default)
2022-03-14 02:39:19,169 [pool-313-thread-1] INFO  server.RaftServer$Division (RaftServerImpl.java:start(301)) - c593f1a5-11c2-4273-9636-a8fe79185bdd@group-F35948A5E2DD: start as a follower, conf=-1: [c593f1a5-11c2-4273-9636-a8fe79185bdd|rpc:10.1.0.7:38051|priority:1], old=null
2022-03-14 02:39:19,169 [pool-313-thread-1] INFO  server.RaftServer$Division (RaftServerImpl.java:setRole(290)) - c593f1a5-11c2-4273-9636-a8fe79185bdd@group-F35948A5E2DD: changes role from      null to FOLLOWER at term 0 for startAsFollower
2022-03-14 02:39:19,169 [pool-313-thread-1] INFO  impl.RoleInfo (RoleInfo.java:updateAndGet(130)) - c593f1a5-11c2-4273-9636-a8fe79185bdd: start c593f1a5-11c2-4273-9636-a8fe79185bdd@group-F35948A5E2DD-FollowerState
2022-03-14 02:39:19,178 [pool-313-thread-1] INFO  util.JmxRegister (JmxRegister.java:tryRegister(44)) - Successfully registered JMX Bean with object name Ratis:service=RaftServer,group=group-F35948A5E2DD,id=c593f1a5-11c2-4273-9636-a8fe79185bdd
2022-03-14 02:39:19,179 [Command processor thread] INFO  ratis.XceiverServerRatis (XceiverServerRatis.java:addGroup(771)) - Created group PipelineID=c14fa742-e471-4396-b8e4-f35948a5e2dd
2022-03-14 02:39:19,179 [Command processor thread] INFO  commandhandler.CreatePipelineCommandHandler (CreatePipelineCommandHandler.java:handle(106)) - Created Pipeline RATIS ONE PipelineID=c14fa742-e471-4396-b8e4-f35948a5e2dd.
2022-03-14 02:39:20,096 [Listener at 127.0.0.1/43591] INFO  ozone.MiniOzoneClusterImpl (MiniOzoneClusterImpl.java:lambda$waitForClusterToBeReady$0(219)) - Nodes are ready. Got 3 of 3 DN Heartbeats.
2022-03-14 02:39:20,096 [Listener at 127.0.0.1/43591] INFO  ozone.MiniOzoneClusterImpl (MiniOzoneClusterImpl.java:lambda$waitForClusterToBeReady$0(222)) - Waiting for cluster to exit safe mode
2022-03-14 02:39:20,096 [Listener at 127.0.0.1/43591] INFO  ozone.MiniOzoneClusterImpl (MiniOzoneClusterImpl.java:lambda$waitForClusterToBeReady$0(224)) - SCM became leader
2022-03-14 02:39:21,096 [Listener at 127.0.0.1/43591] INFO  ozone.MiniOzoneClusterImpl (MiniOzoneClusterImpl.java:lambda$waitForClusterToBeReady$0(219)) - Nodes are ready. Got 3 of 3 DN Heartbeats.
2022-03-14 02:39:21,096 [Listener at 127.0.0.1/43591] INFO  ozone.MiniOzoneClusterImpl (MiniOzoneClusterImpl.java:lambda$waitForClusterToBeReady$0(222)) - Waiting for cluster to exit safe mode
2022-03-14 02:39:21,097 [Listener at 127.0.0.1/43591] INFO  ozone.MiniOzoneClusterImpl (MiniOzoneClusterImpl.java:lambda$waitForClusterToBeReady$0(224)) - SCM became leader
2022-03-14 02:39:22,097 [Listener at 127.0.0.1/43591] INFO  ozone.MiniOzoneClusterImpl (MiniOzoneClusterImpl.java:lambda$waitForClusterToBeReady$0(219)) - Nodes are ready. Got 3 of 3 DN Heartbeats.
2022-03-14 02:39:22,097 [Listener at 127.0.0.1/43591] INFO  ozone.MiniOzoneClusterImpl (MiniOzoneClusterImpl.java:lambda$waitForClusterToBeReady$0(222)) - Waiting for cluster to exit safe mode
2022-03-14 02:39:22,097 [Listener at 127.0.0.1/43591] INFO  ozone.MiniOzoneClusterImpl (MiniOzoneClusterImpl.java:lambda$waitForClusterToBeReady$0(224)) - SCM became leader
2022-03-14 02:39:23,097 [Listener at 127.0.0.1/43591] INFO  ozone.MiniOzoneClusterImpl (MiniOzoneClusterImpl.java:lambda$waitForClusterToBeReady$0(219)) - Nodes are ready. Got 3 of 3 DN Heartbeats.
2022-03-14 02:39:23,098 [Listener at 127.0.0.1/43591] INFO  ozone.MiniOzoneClusterImpl (MiniOzoneClusterImpl.java:lambda$waitForClusterToBeReady$0(222)) - Waiting for cluster to exit safe mode
2022-03-14 02:39:23,098 [Listener at 127.0.0.1/43591] INFO  ozone.MiniOzoneClusterImpl (MiniOzoneClusterImpl.java:lambda$waitForClusterToBeReady$0(224)) - SCM became leader
2022-03-14 02:39:23,271 [ebc46dcb-de55-4ee6-9f88-6ea23d1a12c2@group-34CA344D8402-FollowerState] INFO  impl.FollowerState (FollowerState.java:run(134)) - ebc46dcb-de55-4ee6-9f88-6ea23d1a12c2@group-34CA344D8402-FollowerState: change to CANDIDATE, lastRpcElapsedTime:5049307984ns, electionTimeout:5028ms
2022-03-14 02:39:23,271 [ebc46dcb-de55-4ee6-9f88-6ea23d1a12c2@group-34CA344D8402-FollowerState] INFO  impl.RoleInfo (RoleInfo.java:shutdownFollowerState(108)) - ebc46dcb-de55-4ee6-9f88-6ea23d1a12c2: shutdown ebc46dcb-de55-4ee6-9f88-6ea23d1a12c2@group-34CA344D8402-FollowerState
2022-03-14 02:39:23,271 [ebc46dcb-de55-4ee6-9f88-6ea23d1a12c2@group-34CA344D8402-FollowerState] INFO  server.RaftServer$Division (RaftServerImpl.java:setRole(290)) - ebc46dcb-de55-4ee6-9f88-6ea23d1a12c2@group-34CA344D8402: changes role from  FOLLOWER to CANDIDATE at term 0 for changeToCandidate
2022-03-14 02:39:23,271 [ebc46dcb-de55-4ee6-9f88-6ea23d1a12c2@group-34CA344D8402-FollowerState] INFO  server.RaftServerConfigKeys (ConfUtils.java:logGet(44)) - raft.server.leaderelection.pre-vote = false (custom)
2022-03-14 02:39:23,271 [ebc46dcb-de55-4ee6-9f88-6ea23d1a12c2@group-34CA344D8402-FollowerState] INFO  impl.RoleInfo (RoleInfo.java:updateAndGet(130)) - ebc46dcb-de55-4ee6-9f88-6ea23d1a12c2: start ebc46dcb-de55-4ee6-9f88-6ea23d1a12c2@group-34CA344D8402-LeaderElection16
2022-03-14 02:39:23,295 [ebc46dcb-de55-4ee6-9f88-6ea23d1a12c2@group-34CA344D8402-LeaderElection16] INFO  impl.LeaderElection (LeaderElection.java:askForVotes(306)) - ebc46dcb-de55-4ee6-9f88-6ea23d1a12c2@group-34CA344D8402-LeaderElection16 ELECTION round 0: submit vote requests at term 1 for -1: [ebc46dcb-de55-4ee6-9f88-6ea23d1a12c2|rpc:10.1.0.7:45971|priority:0, c593f1a5-11c2-4273-9636-a8fe79185bdd|rpc:10.1.0.7:38051|priority:1, 3a253468-8d3c-457d-ae60-4bc5eace9979|rpc:10.1.0.7:37431|priority:0], old=null
2022-03-14 02:39:23,325 [grpc-default-executor-1] INFO  server.RaftServer$Division (RaftServerImpl.java:requestVote(1046)) - c593f1a5-11c2-4273-9636-a8fe79185bdd@group-34CA344D8402: receive requestVote(ELECTION, ebc46dcb-de55-4ee6-9f88-6ea23d1a12c2, group-34CA344D8402, 1, (t:0, i:0))
2022-03-14 02:39:23,325 [grpc-default-executor-1] INFO  impl.VoteContext (VoteContext.java:log(48)) - c593f1a5-11c2-4273-9636-a8fe79185bdd@group-34CA344D8402-FOLLOWER: reject ELECTION from ebc46dcb-de55-4ee6-9f88-6ea23d1a12c2: our priority 1 > candidate's priority 0
2022-03-14 02:39:23,325 [grpc-default-executor-1] INFO  server.RaftServer$Division (RaftServerImpl.java:setRole(290)) - c593f1a5-11c2-4273-9636-a8fe79185bdd@group-34CA344D8402: changes role from  FOLLOWER to FOLLOWER at term 1 for candidate:ebc46dcb-de55-4ee6-9f88-6ea23d1a12c2
2022-03-14 02:39:23,325 [grpc-default-executor-1] INFO  impl.RoleInfo (RoleInfo.java:shutdownFollowerState(108)) - c593f1a5-11c2-4273-9636-a8fe79185bdd: shutdown c593f1a5-11c2-4273-9636-a8fe79185bdd@group-34CA344D8402-FollowerState
2022-03-14 02:39:23,325 [grpc-default-executor-1] INFO  impl.RoleInfo (RoleInfo.java:updateAndGet(130)) - c593f1a5-11c2-4273-9636-a8fe79185bdd: start c593f1a5-11c2-4273-9636-a8fe79185bdd@group-34CA344D8402-FollowerState
2022-03-14 02:39:23,326 [c593f1a5-11c2-4273-9636-a8fe79185bdd@group-34CA344D8402-FollowerState] INFO  impl.FollowerState (FollowerState.java:run(143)) - c593f1a5-11c2-4273-9636-a8fe79185bdd@group-34CA344D8402-FollowerState was interrupted: {}
java.lang.InterruptedException: sleep interrupted
	at java.lang.Thread.sleep(Native Method)
	at java.lang.Thread.sleep(Thread.java:342)
	at java.util.concurrent.TimeUnit.sleep(TimeUnit.java:386)
	at org.apache.ratis.util.TimeDuration.sleep(TimeDuration.java:324)
	at org.apache.ratis.util.TimeDuration.sleep(TimeDuration.java:309)
	at org.apache.ratis.server.impl.FollowerState.run(FollowerState.java:118)
2022-03-14 02:39:23,341 [ebc46dcb-de55-4ee6-9f88-6ea23d1a12c2@group-A36BFBA1ACFC-FollowerState] INFO  impl.FollowerState (FollowerState.java:run(134)) - ebc46dcb-de55-4ee6-9f88-6ea23d1a12c2@group-A36BFBA1ACFC-FollowerState: change to CANDIDATE, lastRpcElapsedTime:5161861153ns, electionTimeout:5155ms
2022-03-14 02:39:23,342 [ebc46dcb-de55-4ee6-9f88-6ea23d1a12c2@group-A36BFBA1ACFC-FollowerState] INFO  impl.RoleInfo (RoleInfo.java:shutdownFollowerState(108)) - ebc46dcb-de55-4ee6-9f88-6ea23d1a12c2: shutdown ebc46dcb-de55-4ee6-9f88-6ea23d1a12c2@group-A36BFBA1ACFC-FollowerState
2022-03-14 02:39:23,342 [ebc46dcb-de55-4ee6-9f88-6ea23d1a12c2@group-A36BFBA1ACFC-FollowerState] INFO  server.RaftServer$Division (RaftServerImpl.java:setRole(290)) - ebc46dcb-de55-4ee6-9f88-6ea23d1a12c2@group-A36BFBA1ACFC: changes role from  FOLLOWER to CANDIDATE at term 0 for changeToCandidate
2022-03-14 02:39:23,342 [ebc46dcb-de55-4ee6-9f88-6ea23d1a12c2@group-A36BFBA1ACFC-FollowerState] INFO  server.RaftServerConfigKeys (ConfUtils.java:logGet(44)) - raft.server.leaderelection.pre-vote = false (custom)
2022-03-14 02:39:23,342 [ebc46dcb-de55-4ee6-9f88-6ea23d1a12c2@group-A36BFBA1ACFC-FollowerState] INFO  impl.RoleInfo (RoleInfo.java:updateAndGet(130)) - ebc46dcb-de55-4ee6-9f88-6ea23d1a12c2: start ebc46dcb-de55-4ee6-9f88-6ea23d1a12c2@group-A36BFBA1ACFC-LeaderElection17
2022-03-14 02:39:23,350 [grpc-default-executor-1] INFO  server.RaftServer$Division (RaftServerImpl.java:requestVote(1078)) - c593f1a5-11c2-4273-9636-a8fe79185bdd@group-34CA344D8402 replies to ELECTION vote request: ebc46dcb-de55-4ee6-9f88-6ea23d1a12c2<-c593f1a5-11c2-4273-9636-a8fe79185bdd#0:FAIL-t1. Peer's state: c593f1a5-11c2-4273-9636-a8fe79185bdd@group-34CA344D8402:t1, leader=null, voted=null, raftlog=c593f1a5-11c2-4273-9636-a8fe79185bdd@group-34CA344D8402-SegmentedRaftLog:OPENED:c-1, conf=-1: [ebc46dcb-de55-4ee6-9f88-6ea23d1a12c2|rpc:10.1.0.7:45971|dataStream:|priority:0, c593f1a5-11c2-4273-9636-a8fe79185bdd|rpc:10.1.0.7:38051|dataStream:|priority:1, 3a253468-8d3c-457d-ae60-4bc5eace9979|rpc:10.1.0.7:37431|dataStream:|priority:0], old=null
2022-03-14 02:39:23,392 [grpc-default-executor-1] INFO  server.RaftServer$Division (RaftServerImpl.java:requestVote(1046)) - 3a253468-8d3c-457d-ae60-4bc5eace9979@group-34CA344D8402: receive requestVote(ELECTION, ebc46dcb-de55-4ee6-9f88-6ea23d1a12c2, group-34CA344D8402, 1, (t:0, i:0))
2022-03-14 02:39:23,392 [grpc-default-executor-1] INFO  impl.VoteContext (VoteContext.java:log(48)) - 3a253468-8d3c-457d-ae60-4bc5eace9979@group-34CA344D8402-FOLLOWER: accept ELECTION from ebc46dcb-de55-4ee6-9f88-6ea23d1a12c2: our priority 0 <= candidate's priority 0
2022-03-14 02:39:23,392 [grpc-default-executor-1] INFO  server.RaftServer$Division (RaftServerImpl.java:setRole(290)) - 3a253468-8d3c-457d-ae60-4bc5eace9979@group-34CA344D8402: changes role from  FOLLOWER to FOLLOWER at term 1 for candidate:ebc46dcb-de55-4ee6-9f88-6ea23d1a12c2
2022-03-14 02:39:23,392 [grpc-default-executor-1] INFO  impl.RoleInfo (RoleInfo.java:shutdownFollowerState(108)) - 3a253468-8d3c-457d-ae60-4bc5eace9979: shutdown 3a253468-8d3c-457d-ae60-4bc5eace9979@group-34CA344D8402-FollowerState
2022-03-14 02:39:23,392 [grpc-default-executor-1] INFO  impl.RoleInfo (RoleInfo.java:updateAndGet(130)) - 3a253468-8d3c-457d-ae60-4bc5eace9979: start 3a253468-8d3c-457d-ae60-4bc5eace9979@group-34CA344D8402-FollowerState
2022-03-14 02:39:23,393 [3a253468-8d3c-457d-ae60-4bc5eace9979@group-34CA344D8402-FollowerState] INFO  impl.FollowerState (FollowerState.java:run(143)) - 3a253468-8d3c-457d-ae60-4bc5eace9979@group-34CA344D8402-FollowerState was interrupted: {}
java.lang.InterruptedException: sleep interrupted
	at java.lang.Thread.sleep(Native Method)
	at java.lang.Thread.sleep(Thread.java:342)
	at java.util.concurrent.TimeUnit.sleep(TimeUnit.java:386)
	at org.apache.ratis.util.TimeDuration.sleep(TimeDuration.java:324)
	at org.apache.ratis.util.TimeDuration.sleep(TimeDuration.java:309)
	at org.apache.ratis.server.impl.FollowerState.run(FollowerState.java:118)
2022-03-14 02:39:23,395 [ebc46dcb-de55-4ee6-9f88-6ea23d1a12c2@group-34CA344D8402-LeaderElection16] INFO  impl.LeaderElection (LeaderElection.java:logAndReturn(89)) - ebc46dcb-de55-4ee6-9f88-6ea23d1a12c2@group-34CA344D8402-LeaderElection16: ELECTION REJECTED received 1 response(s) and 0 exception(s):
2022-03-14 02:39:23,403 [ebc46dcb-de55-4ee6-9f88-6ea23d1a12c2@group-34CA344D8402-LeaderElection16] INFO  impl.LeaderElection (LeaderElection.java:logAndReturn(93)) -   Response 0: ebc46dcb-de55-4ee6-9f88-6ea23d1a12c2<-c593f1a5-11c2-4273-9636-a8fe79185bdd#0:FAIL-t1
2022-03-14 02:39:23,403 [ebc46dcb-de55-4ee6-9f88-6ea23d1a12c2@group-34CA344D8402-LeaderElection16] INFO  impl.LeaderElection (LeaderElection.java:askForVotes(308)) - ebc46dcb-de55-4ee6-9f88-6ea23d1a12c2@group-34CA344D8402-LeaderElection16 ELECTION round 0: result REJECTED
2022-03-14 02:39:23,403 [ebc46dcb-de55-4ee6-9f88-6ea23d1a12c2@group-34CA344D8402-LeaderElection16] INFO  server.RaftServer$Division (RaftServerImpl.java:setRole(290)) - ebc46dcb-de55-4ee6-9f88-6ea23d1a12c2@group-34CA344D8402: changes role from CANDIDATE to FOLLOWER at term 1 for REJECTED
2022-03-14 02:39:23,404 [ebc46dcb-de55-4ee6-9f88-6ea23d1a12c2@group-34CA344D8402-LeaderElection16] INFO  impl.RoleInfo (RoleInfo.java:shutdownLeaderElection(121)) - ebc46dcb-de55-4ee6-9f88-6ea23d1a12c2: shutdown ebc46dcb-de55-4ee6-9f88-6ea23d1a12c2@group-34CA344D8402-LeaderElection16
2022-03-14 02:39:23,404 [ebc46dcb-de55-4ee6-9f88-6ea23d1a12c2@group-34CA344D8402-LeaderElection16] INFO  impl.RoleInfo (RoleInfo.java:updateAndGet(130)) - ebc46dcb-de55-4ee6-9f88-6ea23d1a12c2: start ebc46dcb-de55-4ee6-9f88-6ea23d1a12c2@group-34CA344D8402-FollowerState
2022-03-14 02:39:23,398 [grpc-default-executor-1] INFO  server.RaftServer$Division (RaftServerImpl.java:requestVote(1078)) - 3a253468-8d3c-457d-ae60-4bc5eace9979@group-34CA344D8402 replies to ELECTION vote request: ebc46dcb-de55-4ee6-9f88-6ea23d1a12c2<-3a253468-8d3c-457d-ae60-4bc5eace9979#0:OK-t1. Peer's state: 3a253468-8d3c-457d-ae60-4bc5eace9979@group-34CA344D8402:t1, leader=null, voted=ebc46dcb-de55-4ee6-9f88-6ea23d1a12c2, raftlog=3a253468-8d3c-457d-ae60-4bc5eace9979@group-34CA344D8402-SegmentedRaftLog:OPENED:c-1, conf=-1: [ebc46dcb-de55-4ee6-9f88-6ea23d1a12c2|rpc:10.1.0.7:45971|dataStream:|priority:0, c593f1a5-11c2-4273-9636-a8fe79185bdd|rpc:10.1.0.7:38051|dataStream:|priority:1, 3a253468-8d3c-457d-ae60-4bc5eace9979|rpc:10.1.0.7:37431|dataStream:|priority:0], old=null
2022-03-14 02:39:23,396 [ebc46dcb-de55-4ee6-9f88-6ea23d1a12c2@group-A36BFBA1ACFC-LeaderElection17] INFO  impl.LeaderElection (LeaderElection.java:askForVotes(306)) - ebc46dcb-de55-4ee6-9f88-6ea23d1a12c2@group-A36BFBA1ACFC-LeaderElection17 ELECTION round 0: submit vote requests at term 1 for -1: [ebc46dcb-de55-4ee6-9f88-6ea23d1a12c2|rpc:10.1.0.7:45971|priority:1], old=null
2022-03-14 02:39:23,404 [ebc46dcb-de55-4ee6-9f88-6ea23d1a12c2@group-A36BFBA1ACFC-LeaderElection17] INFO  impl.LeaderElection (LeaderElection.java:askForVotes(308)) - ebc46dcb-de55-4ee6-9f88-6ea23d1a12c2@group-A36BFBA1ACFC-LeaderElection17 ELECTION round 0: result PASSED (term=1)
2022-03-14 02:39:23,404 [ebc46dcb-de55-4ee6-9f88-6ea23d1a12c2@group-A36BFBA1ACFC-LeaderElection17] INFO  impl.RoleInfo (RoleInfo.java:shutdownLeaderElection(121)) - ebc46dcb-de55-4ee6-9f88-6ea23d1a12c2: shutdown ebc46dcb-de55-4ee6-9f88-6ea23d1a12c2@group-A36BFBA1ACFC-LeaderElection17
2022-03-14 02:39:23,404 [ebc46dcb-de55-4ee6-9f88-6ea23d1a12c2@group-A36BFBA1ACFC-LeaderElection17] INFO  server.RaftServer$Division (RaftServerImpl.java:setRole(290)) - ebc46dcb-de55-4ee6-9f88-6ea23d1a12c2@group-A36BFBA1ACFC: changes role from CANDIDATE to LEADER at term 1 for changeToLeader
2022-03-14 02:39:23,404 [ebc46dcb-de55-4ee6-9f88-6ea23d1a12c2@group-A36BFBA1ACFC-LeaderElection17] INFO  ratis.XceiverServerRatis (XceiverServerRatis.java:handleLeaderChangedNotification(869)) - Leader change notification received for group: group-A36BFBA1ACFC with new leaderId: ebc46dcb-de55-4ee6-9f88-6ea23d1a12c2
2022-03-14 02:39:23,405 [ebc46dcb-de55-4ee6-9f88-6ea23d1a12c2@group-A36BFBA1ACFC-LeaderElection17] INFO  server.RaftServer$Division (ServerState.java:setLeader(285)) - ebc46dcb-de55-4ee6-9f88-6ea23d1a12c2@group-A36BFBA1ACFC: change Leader from null to ebc46dcb-de55-4ee6-9f88-6ea23d1a12c2 at term 1 for becomeLeader, leader elected after 5276ms
2022-03-14 02:39:23,405 [ebc46dcb-de55-4ee6-9f88-6ea23d1a12c2@group-A36BFBA1ACFC-LeaderElection17] INFO  server.RaftServerConfigKeys (ConfUtils.java:logGet(44)) - raft.server.staging.catchup.gap = 1000 (default)
2022-03-14 02:39:23,405 [ebc46dcb-de55-4ee6-9f88-6ea23d1a12c2@group-A36BFBA1ACFC-LeaderElection17] INFO  server.RaftServerConfigKeys (ConfUtils.java:logGet(44)) - raft.server.write.element-limit = 1024 (custom)
2022-03-14 02:39:23,405 [ebc46dcb-de55-4ee6-9f88-6ea23d1a12c2@group-A36BFBA1ACFC-LeaderElection17] INFO  server.RaftServerConfigKeys (ConfUtils.java:logGet(44)) - raft.server.write.byte-limit = 1024 M (=1073741824) (custom)
2022-03-14 02:39:23,405 [ebc46dcb-de55-4ee6-9f88-6ea23d1a12c2@group-A36BFBA1ACFC-LeaderElection17] INFO  server.RaftServerConfigKeys (ConfUtils.java:logGet(44)) - raft.server.watch.timeout = 180s (custom)
2022-03-14 02:39:23,406 [ebc46dcb-de55-4ee6-9f88-6ea23d1a12c2@group-A36BFBA1ACFC-LeaderElection17] INFO  server.RaftServerConfigKeys (ConfUtils.java:logGet(44)) - raft.server.watch.timeout.denomination = 1s (default)
2022-03-14 02:39:23,406 [ebc46dcb-de55-4ee6-9f88-6ea23d1a12c2@group-A36BFBA1ACFC-LeaderElection17] INFO  server.RaftServerConfigKeys (ConfUtils.java:logGet(44)) - raft.server.watch.element-limit = 65536 (default)
2022-03-14 02:39:23,406 [ebc46dcb-de55-4ee6-9f88-6ea23d1a12c2@group-A36BFBA1ACFC-LeaderElection17] INFO  server.RaftServerConfigKeys (ConfUtils.java:logGet(44)) - raft.server.write.element-limit = 1024 (custom)
2022-03-14 02:39:23,406 [ebc46dcb-de55-4ee6-9f88-6ea23d1a12c2@group-A36BFBA1ACFC-LeaderElection17] INFO  server.RaftServerConfigKeys (ConfUtils.java:logGet(44)) - raft.server.write.follower.gap.ratio.max = -1.0 (default)
2022-03-14 02:39:23,406 [ebc46dcb-de55-4ee6-9f88-6ea23d1a12c2@group-A36BFBA1ACFC-LeaderElection17] INFO  impl.RoleInfo (RoleInfo.java:updateAndGet(130)) - ebc46dcb-de55-4ee6-9f88-6ea23d1a12c2: start ebc46dcb-de55-4ee6-9f88-6ea23d1a12c2@group-A36BFBA1ACFC-LeaderStateImpl
2022-03-14 02:39:23,406 [ebc46dcb-de55-4ee6-9f88-6ea23d1a12c2@group-A36BFBA1ACFC-LeaderElection17] INFO  segmented.SegmentedRaftLogWorker (SegmentedRaftLogWorker.java:startLogSegment(394)) - ebc46dcb-de55-4ee6-9f88-6ea23d1a12c2@group-A36BFBA1ACFC-SegmentedRaftLogWorker: Starting segment from index:0
2022-03-14 02:39:23,412 [ebc46dcb-de55-4ee6-9f88-6ea23d1a12c2@group-A36BFBA1ACFC-SegmentedRaftLogWorker] INFO  segmented.SegmentedRaftLogWorker (SegmentedRaftLogWorker.java:execute(601)) - ebc46dcb-de55-4ee6-9f88-6ea23d1a12c2@group-A36BFBA1ACFC-SegmentedRaftLogWorker: created new log segment /home/runner/work/ozone/ozone/hadoop-ozone/integration-test/target/test-dir/MiniOzoneClusterImpl-a8714879-5ed3-4fa8-8176-35e71d15aa3e/datanode-0/data/ratis/14c3b3e1-f2b8-47cf-ae81-a36bfba1acfc/current/log_inprogress_0
2022-03-14 02:39:23,416 [ebc46dcb-de55-4ee6-9f88-6ea23d1a12c2@group-A36BFBA1ACFC-LeaderElection17] INFO  server.RaftServer$Division (ServerState.java:setRaftConf(387)) - ebc46dcb-de55-4ee6-9f88-6ea23d1a12c2@group-A36BFBA1ACFC: set configuration 0: [ebc46dcb-de55-4ee6-9f88-6ea23d1a12c2|rpc:10.1.0.7:45971|dataStream:|priority:1], old=null
2022-03-14 02:39:23,422 [EventQueue-OpenPipelineForHealthyPipelineSafeModeRule] INFO  safemode.SCMSafeModeManager (HealthyPipelineSafeModeRule.java:process(124)) - SCM in safe mode. Healthy pipelines reported count is 0, required healthy pipeline reported count is 1
2022-03-14 02:39:23,901 [3a253468-8d3c-457d-ae60-4bc5eace9979@group-4F9712600775-FollowerState] INFO  impl.FollowerState (FollowerState.java:run(134)) - 3a253468-8d3c-457d-ae60-4bc5eace9979@group-4F9712600775-FollowerState: change to CANDIDATE, lastRpcElapsedTime:5204813942ns, electionTimeout:5200ms
2022-03-14 02:39:23,901 [3a253468-8d3c-457d-ae60-4bc5eace9979@group-4F9712600775-FollowerState] INFO  impl.RoleInfo (RoleInfo.java:shutdownFollowerState(108)) - 3a253468-8d3c-457d-ae60-4bc5eace9979: shutdown 3a253468-8d3c-457d-ae60-4bc5eace9979@group-4F9712600775-FollowerState
2022-03-14 02:39:23,901 [3a253468-8d3c-457d-ae60-4bc5eace9979@group-4F9712600775-FollowerState] INFO  server.RaftServer$Division (RaftServerImpl.java:setRole(290)) - 3a253468-8d3c-457d-ae60-4bc5eace9979@group-4F9712600775: changes role from  FOLLOWER to CANDIDATE at term 0 for changeToCandidate
2022-03-14 02:39:23,901 [3a253468-8d3c-457d-ae60-4bc5eace9979@group-4F9712600775-FollowerState] INFO  server.RaftServerConfigKeys (ConfUtils.java:logGet(44)) - raft.server.leaderelection.pre-vote = false (custom)
2022-03-14 02:39:23,901 [3a253468-8d3c-457d-ae60-4bc5eace9979@group-4F9712600775-FollowerState] INFO  impl.RoleInfo (RoleInfo.java:updateAndGet(130)) - 3a253468-8d3c-457d-ae60-4bc5eace9979: start 3a253468-8d3c-457d-ae60-4bc5eace9979@group-4F9712600775-LeaderElection18
2022-03-14 02:39:23,927 [3a253468-8d3c-457d-ae60-4bc5eace9979@group-4F9712600775-LeaderElection18] INFO  impl.LeaderElection (LeaderElection.java:askForVotes(306)) - 3a253468-8d3c-457d-ae60-4bc5eace9979@group-4F9712600775-LeaderElection18 ELECTION round 0: submit vote requests at term 1 for -1: [3a253468-8d3c-457d-ae60-4bc5eace9979|rpc:10.1.0.7:37431|priority:1], old=null
2022-03-14 02:39:23,927 [3a253468-8d3c-457d-ae60-4bc5eace9979@group-4F9712600775-LeaderElection18] INFO  impl.LeaderElection (LeaderElection.java:askForVotes(308)) - 3a253468-8d3c-457d-ae60-4bc5eace9979@group-4F9712600775-LeaderElection18 ELECTION round 0: result PASSED (term=1)
2022-03-14 02:39:23,927 [3a253468-8d3c-457d-ae60-4bc5eace9979@group-4F9712600775-LeaderElection18] INFO  impl.RoleInfo (RoleInfo.java:shutdownLeaderElection(121)) - 3a253468-8d3c-457d-ae60-4bc5eace9979: shutdown 3a253468-8d3c-457d-ae60-4bc5eace9979@group-4F9712600775-LeaderElection18
2022-03-14 02:39:23,927 [3a253468-8d3c-457d-ae60-4bc5eace9979@group-4F9712600775-LeaderElection18] INFO  server.RaftServer$Division (RaftServerImpl.java:setRole(290)) - 3a253468-8d3c-457d-ae60-4bc5eace9979@group-4F9712600775: changes role from CANDIDATE to LEADER at term 1 for changeToLeader
2022-03-14 02:39:23,927 [3a253468-8d3c-457d-ae60-4bc5eace9979@group-4F9712600775-LeaderElection18] INFO  ratis.XceiverServerRatis (XceiverServerRatis.java:handleLeaderChangedNotification(869)) - Leader change notification received for group: group-4F9712600775 with new leaderId: 3a253468-8d3c-457d-ae60-4bc5eace9979
2022-03-14 02:39:23,930 [EventQueue-OpenPipelineForHealthyPipelineSafeModeRule] INFO  safemode.SCMSafeModeManager (HealthyPipelineSafeModeRule.java:process(124)) - SCM in safe mode. Healthy pipelines reported count is 0, required healthy pipeline reported count is 1
2022-03-14 02:39:23,933 [3a253468-8d3c-457d-ae60-4bc5eace9979@group-4F9712600775-LeaderElection18] INFO  server.RaftServer$Division (ServerState.java:setLeader(285)) - 3a253468-8d3c-457d-ae60-4bc5eace9979@group-4F9712600775: change Leader from null to 3a253468-8d3c-457d-ae60-4bc5eace9979 at term 1 for becomeLeader, leader elected after 5262ms
2022-03-14 02:39:23,933 [3a253468-8d3c-457d-ae60-4bc5eace9979@group-4F9712600775-LeaderElection18] INFO  server.RaftServerConfigKeys (ConfUtils.java:logGet(44)) - raft.server.staging.catchup.gap = 1000 (default)
2022-03-14 02:39:23,949 [3a253468-8d3c-457d-ae60-4bc5eace9979@group-4F9712600775-LeaderElection18] INFO  server.RaftServerConfigKeys (ConfUtils.java:logGet(44)) - raft.server.write.element-limit = 1024 (custom)
2022-03-14 02:39:23,949 [3a253468-8d3c-457d-ae60-4bc5eace9979@group-4F9712600775-LeaderElection18] INFO  server.RaftServerConfigKeys (ConfUtils.java:logGet(44)) - raft.server.write.byte-limit = 1024 M (=1073741824) (custom)
2022-03-14 02:39:23,950 [3a253468-8d3c-457d-ae60-4bc5eace9979@group-4F9712600775-LeaderElection18] INFO  server.RaftServerConfigKeys (ConfUtils.java:logGet(44)) - raft.server.watch.timeout = 180s (custom)
2022-03-14 02:39:23,950 [3a253468-8d3c-457d-ae60-4bc5eace9979@group-4F9712600775-LeaderElection18] INFO  server.RaftServerConfigKeys (ConfUtils.java:logGet(44)) - raft.server.watch.timeout.denomination = 1s (default)
2022-03-14 02:39:23,950 [3a253468-8d3c-457d-ae60-4bc5eace9979@group-4F9712600775-LeaderElection18] INFO  server.RaftServerConfigKeys (ConfUtils.java:logGet(44)) - raft.server.watch.element-limit = 65536 (default)
2022-03-14 02:39:23,955 [3a253468-8d3c-457d-ae60-4bc5eace9979@group-4F9712600775-LeaderElection18] INFO  server.RaftServerConfigKeys (ConfUtils.java:logGet(44)) - raft.server.write.element-limit = 1024 (custom)
2022-03-14 02:39:23,955 [3a253468-8d3c-457d-ae60-4bc5eace9979@group-4F9712600775-LeaderElection18] INFO  server.RaftServerConfigKeys (ConfUtils.java:logGet(44)) - raft.server.write.follower.gap.ratio.max = -1.0 (default)
2022-03-14 02:39:23,955 [3a253468-8d3c-457d-ae60-4bc5eace9979@group-4F9712600775-LeaderElection18] INFO  impl.RoleInfo (RoleInfo.java:updateAndGet(130)) - 3a253468-8d3c-457d-ae60-4bc5eace9979: start 3a253468-8d3c-457d-ae60-4bc5eace9979@group-4F9712600775-LeaderStateImpl
2022-03-14 02:39:23,955 [3a253468-8d3c-457d-ae60-4bc5eace9979@group-4F9712600775-LeaderElection18] INFO  segmented.SegmentedRaftLogWorker (SegmentedRaftLogWorker.java:startLogSegment(394)) - 3a253468-8d3c-457d-ae60-4bc5eace9979@group-4F9712600775-SegmentedRaftLogWorker: Starting segment from index:0
2022-03-14 02:39:23,958 [3a253468-8d3c-457d-ae60-4bc5eace9979@group-4F9712600775-SegmentedRaftLogWorker] INFO  segmented.SegmentedRaftLogWorker (SegmentedRaftLogWorker.java:execute(601)) - 3a253468-8d3c-457d-ae60-4bc5eace9979@group-4F9712600775-SegmentedRaftLogWorker: created new log segment /home/runner/work/ozone/ozone/hadoop-ozone/integration-test/target/test-dir/MiniOzoneClusterImpl-a8714879-5ed3-4fa8-8176-35e71d15aa3e/datanode-1/data/ratis/b4e4cc75-9b0f-4448-80b8-4f9712600775/current/log_inprogress_0
2022-03-14 02:39:23,991 [3a253468-8d3c-457d-ae60-4bc5eace9979@group-4F9712600775-LeaderElection18] INFO  server.RaftServer$Division (ServerState.java:setRaftConf(387)) - 3a253468-8d3c-457d-ae60-4bc5eace9979@group-4F9712600775: set configuration 0: [3a253468-8d3c-457d-ae60-4bc5eace9979|rpc:10.1.0.7:37431|dataStream:|priority:1], old=null
2022-03-14 02:39:24,098 [Listener at 127.0.0.1/43591] INFO  ozone.MiniOzoneClusterImpl (MiniOzoneClusterImpl.java:lambda$waitForClusterToBeReady$0(219)) - Nodes are ready. Got 3 of 3 DN Heartbeats.
2022-03-14 02:39:24,098 [Listener at 127.0.0.1/43591] INFO  ozone.MiniOzoneClusterImpl (MiniOzoneClusterImpl.java:lambda$waitForClusterToBeReady$0(222)) - Waiting for cluster to exit safe mode
2022-03-14 02:39:24,098 [Listener at 127.0.0.1/43591] INFO  ozone.MiniOzoneClusterImpl (MiniOzoneClusterImpl.java:lambda$waitForClusterToBeReady$0(224)) - SCM became leader
2022-03-14 02:39:24,323 [c593f1a5-11c2-4273-9636-a8fe79185bdd@group-F35948A5E2DD-FollowerState] INFO  impl.FollowerState (FollowerState.java:run(134)) - c593f1a5-11c2-4273-9636-a8fe79185bdd@group-F35948A5E2DD-FollowerState: change to CANDIDATE, lastRpcElapsedTime:5154382968ns, electionTimeout:5137ms
2022-03-14 02:39:24,324 [c593f1a5-11c2-4273-9636-a8fe79185bdd@group-F35948A5E2DD-FollowerState] INFO  impl.RoleInfo (RoleInfo.java:shutdownFollowerState(108)) - c593f1a5-11c2-4273-9636-a8fe79185bdd: shutdown c593f1a5-11c2-4273-9636-a8fe79185bdd@group-F35948A5E2DD-FollowerState
2022-03-14 02:39:24,324 [c593f1a5-11c2-4273-9636-a8fe79185bdd@group-F35948A5E2DD-FollowerState] INFO  server.RaftServer$Division (RaftServerImpl.java:setRole(290)) - c593f1a5-11c2-4273-9636-a8fe79185bdd@group-F35948A5E2DD: changes role from  FOLLOWER to CANDIDATE at term 0 for changeToCandidate
2022-03-14 02:39:24,324 [c593f1a5-11c2-4273-9636-a8fe79185bdd@group-F35948A5E2DD-FollowerState] INFO  server.RaftServerConfigKeys (ConfUtils.java:logGet(44)) - raft.server.leaderelection.pre-vote = false (custom)
2022-03-14 02:39:24,324 [c593f1a5-11c2-4273-9636-a8fe79185bdd@group-F35948A5E2DD-FollowerState] INFO  impl.RoleInfo (RoleInfo.java:updateAndGet(130)) - c593f1a5-11c2-4273-9636-a8fe79185bdd: start c593f1a5-11c2-4273-9636-a8fe79185bdd@group-F35948A5E2DD-LeaderElection19
2022-03-14 02:39:24,338 [c593f1a5-11c2-4273-9636-a8fe79185bdd@group-F35948A5E2DD-LeaderElection19] INFO  impl.LeaderElection (LeaderElection.java:askForVotes(306)) - c593f1a5-11c2-4273-9636-a8fe79185bdd@group-F35948A5E2DD-LeaderElection19 ELECTION round 0: submit vote requests at term 1 for -1: [c593f1a5-11c2-4273-9636-a8fe79185bdd|rpc:10.1.0.7:38051|priority:1], old=null
2022-03-14 02:39:24,338 [c593f1a5-11c2-4273-9636-a8fe79185bdd@group-F35948A5E2DD-LeaderElection19] INFO  impl.LeaderElection (LeaderElection.java:askForVotes(308)) - c593f1a5-11c2-4273-9636-a8fe79185bdd@group-F35948A5E2DD-LeaderElection19 ELECTION round 0: result PASSED (term=1)
2022-03-14 02:39:24,338 [c593f1a5-11c2-4273-9636-a8fe79185bdd@group-F35948A5E2DD-LeaderElection19] INFO  impl.RoleInfo (RoleInfo.java:shutdownLeaderElection(121)) - c593f1a5-11c2-4273-9636-a8fe79185bdd: shutdown c593f1a5-11c2-4273-9636-a8fe79185bdd@group-F35948A5E2DD-LeaderElection19
2022-03-14 02:39:24,338 [c593f1a5-11c2-4273-9636-a8fe79185bdd@group-F35948A5E2DD-LeaderElection19] INFO  server.RaftServer$Division (RaftServerImpl.java:setRole(290)) - c593f1a5-11c2-4273-9636-a8fe79185bdd@group-F35948A5E2DD: changes role from CANDIDATE to LEADER at term 1 for changeToLeader
2022-03-14 02:39:24,338 [c593f1a5-11c2-4273-9636-a8fe79185bdd@group-F35948A5E2DD-LeaderElection19] INFO  ratis.XceiverServerRatis (XceiverServerRatis.java:handleLeaderChangedNotification(869)) - Leader change notification received for group: group-F35948A5E2DD with new leaderId: c593f1a5-11c2-4273-9636-a8fe79185bdd
2022-03-14 02:39:24,339 [c593f1a5-11c2-4273-9636-a8fe79185bdd@group-F35948A5E2DD-LeaderElection19] INFO  server.RaftServer$Division (ServerState.java:setLeader(285)) - c593f1a5-11c2-4273-9636-a8fe79185bdd@group-F35948A5E2DD: change Leader from null to c593f1a5-11c2-4273-9636-a8fe79185bdd at term 1 for becomeLeader, leader elected after 5187ms
2022-03-14 02:39:24,339 [c593f1a5-11c2-4273-9636-a8fe79185bdd@group-F35948A5E2DD-LeaderElection19] INFO  server.RaftServerConfigKeys (ConfUtils.java:logGet(44)) - raft.server.staging.catchup.gap = 1000 (default)
2022-03-14 02:39:24,339 [c593f1a5-11c2-4273-9636-a8fe79185bdd@group-F35948A5E2DD-LeaderElection19] INFO  server.RaftServerConfigKeys (ConfUtils.java:logGet(44)) - raft.server.write.element-limit = 1024 (custom)
2022-03-14 02:39:24,339 [c593f1a5-11c2-4273-9636-a8fe79185bdd@group-F35948A5E2DD-LeaderElection19] INFO  server.RaftServerConfigKeys (ConfUtils.java:logGet(44)) - raft.server.write.byte-limit = 1024 M (=1073741824) (custom)
2022-03-14 02:39:24,339 [c593f1a5-11c2-4273-9636-a8fe79185bdd@group-F35948A5E2DD-LeaderElection19] INFO  server.RaftServerConfigKeys (ConfUtils.java:logGet(44)) - raft.server.watch.timeout = 180s (custom)
2022-03-14 02:39:24,340 [c593f1a5-11c2-4273-9636-a8fe79185bdd@group-F35948A5E2DD-LeaderElection19] INFO  server.RaftServerConfigKeys (ConfUtils.java:logGet(44)) - raft.server.watch.timeout.denomination = 1s (default)
2022-03-14 02:39:24,340 [c593f1a5-11c2-4273-9636-a8fe79185bdd@group-F35948A5E2DD-LeaderElection19] INFO  server.RaftServerConfigKeys (ConfUtils.java:logGet(44)) - raft.server.watch.element-limit = 65536 (default)
2022-03-14 02:39:24,340 [c593f1a5-11c2-4273-9636-a8fe79185bdd@group-F35948A5E2DD-LeaderElection19] INFO  server.RaftServerConfigKeys (ConfUtils.java:logGet(44)) - raft.server.write.element-limit = 1024 (custom)
2022-03-14 02:39:24,340 [c593f1a5-11c2-4273-9636-a8fe79185bdd@group-F35948A5E2DD-LeaderElection19] INFO  server.RaftServerConfigKeys (ConfUtils.java:logGet(44)) - raft.server.write.follower.gap.ratio.max = -1.0 (default)
2022-03-14 02:39:24,340 [c593f1a5-11c2-4273-9636-a8fe79185bdd@group-F35948A5E2DD-LeaderElection19] INFO  impl.RoleInfo (RoleInfo.java:updateAndGet(130)) - c593f1a5-11c2-4273-9636-a8fe79185bdd: start c593f1a5-11c2-4273-9636-a8fe79185bdd@group-F35948A5E2DD-LeaderStateImpl
2022-03-14 02:39:24,340 [c593f1a5-11c2-4273-9636-a8fe79185bdd@group-F35948A5E2DD-LeaderElection19] INFO  segmented.SegmentedRaftLogWorker (SegmentedRaftLogWorker.java:startLogSegment(394)) - c593f1a5-11c2-4273-9636-a8fe79185bdd@group-F35948A5E2DD-SegmentedRaftLogWorker: Starting segment from index:0
2022-03-14 02:39:24,343 [EventQueue-OpenPipelineForHealthyPipelineSafeModeRule] INFO  safemode.SCMSafeModeManager (HealthyPipelineSafeModeRule.java:process(124)) - SCM in safe mode. Healthy pipelines reported count is 0, required healthy pipeline reported count is 1
2022-03-14 02:39:24,344 [c593f1a5-11c2-4273-9636-a8fe79185bdd@group-F35948A5E2DD-SegmentedRaftLogWorker] INFO  segmented.SegmentedRaftLogWorker (SegmentedRaftLogWorker.java:execute(601)) - c593f1a5-11c2-4273-9636-a8fe79185bdd@group-F35948A5E2DD-SegmentedRaftLogWorker: created new log segment /home/runner/work/ozone/ozone/hadoop-ozone/integration-test/target/test-dir/MiniOzoneClusterImpl-a8714879-5ed3-4fa8-8176-35e71d15aa3e/datanode-2/data/ratis/c14fa742-e471-4396-b8e4-f35948a5e2dd/current/log_inprogress_0
2022-03-14 02:39:24,360 [c593f1a5-11c2-4273-9636-a8fe79185bdd@group-F35948A5E2DD-LeaderElection19] INFO  server.RaftServer$Division (ServerState.java:setRaftConf(387)) - c593f1a5-11c2-4273-9636-a8fe79185bdd@group-F35948A5E2DD: set configuration 0: [c593f1a5-11c2-4273-9636-a8fe79185bdd|rpc:10.1.0.7:38051|dataStream:|priority:1], old=null
2022-03-14 02:39:25,098 [Listener at 127.0.0.1/43591] INFO  ozone.MiniOzoneClusterImpl (MiniOzoneClusterImpl.java:lambda$waitForClusterToBeReady$0(219)) - Nodes are ready. Got 3 of 3 DN Heartbeats.
2022-03-14 02:39:25,099 [Listener at 127.0.0.1/43591] INFO  ozone.MiniOzoneClusterImpl (MiniOzoneClusterImpl.java:lambda$waitForClusterToBeReady$0(222)) - Waiting for cluster to exit safe mode
2022-03-14 02:39:25,099 [Listener at 127.0.0.1/43591] INFO  ozone.MiniOzoneClusterImpl (MiniOzoneClusterImpl.java:lambda$waitForClusterToBeReady$0(224)) - SCM became leader
2022-03-14 02:39:26,099 [Listener at 127.0.0.1/43591] INFO  ozone.MiniOzoneClusterImpl (MiniOzoneClusterImpl.java:lambda$waitForClusterToBeReady$0(219)) - Nodes are ready. Got 3 of 3 DN Heartbeats.
2022-03-14 02:39:26,099 [Listener at 127.0.0.1/43591] INFO  ozone.MiniOzoneClusterImpl (MiniOzoneClusterImpl.java:lambda$waitForClusterToBeReady$0(222)) - Waiting for cluster to exit safe mode
2022-03-14 02:39:26,099 [Listener at 127.0.0.1/43591] INFO  ozone.MiniOzoneClusterImpl (MiniOzoneClusterImpl.java:lambda$waitForClusterToBeReady$0(224)) - SCM became leader
2022-03-14 02:39:27,099 [Listener at 127.0.0.1/43591] INFO  ozone.MiniOzoneClusterImpl (MiniOzoneClusterImpl.java:lambda$waitForClusterToBeReady$0(219)) - Nodes are ready. Got 3 of 3 DN Heartbeats.
2022-03-14 02:39:27,100 [Listener at 127.0.0.1/43591] INFO  ozone.MiniOzoneClusterImpl (MiniOzoneClusterImpl.java:lambda$waitForClusterToBeReady$0(222)) - Waiting for cluster to exit safe mode
2022-03-14 02:39:27,100 [Listener at 127.0.0.1/43591] INFO  ozone.MiniOzoneClusterImpl (MiniOzoneClusterImpl.java:lambda$waitForClusterToBeReady$0(224)) - SCM became leader
2022-03-14 02:39:28,100 [Listener at 127.0.0.1/43591] INFO  ozone.MiniOzoneClusterImpl (MiniOzoneClusterImpl.java:lambda$waitForClusterToBeReady$0(219)) - Nodes are ready. Got 3 of 3 DN Heartbeats.
2022-03-14 02:39:28,100 [Listener at 127.0.0.1/43591] INFO  ozone.MiniOzoneClusterImpl (MiniOzoneClusterImpl.java:lambda$waitForClusterToBeReady$0(222)) - Waiting for cluster to exit safe mode
2022-03-14 02:39:28,100 [Listener at 127.0.0.1/43591] INFO  ozone.MiniOzoneClusterImpl (MiniOzoneClusterImpl.java:lambda$waitForClusterToBeReady$0(224)) - SCM became leader
2022-03-14 02:39:28,420 [ebc46dcb-de55-4ee6-9f88-6ea23d1a12c2@group-34CA344D8402-FollowerState] INFO  impl.FollowerState (FollowerState.java:run(134)) - ebc46dcb-de55-4ee6-9f88-6ea23d1a12c2@group-34CA344D8402-FollowerState: change to CANDIDATE, lastRpcElapsedTime:5016171949ns, electionTimeout:5009ms
2022-03-14 02:39:28,420 [ebc46dcb-de55-4ee6-9f88-6ea23d1a12c2@group-34CA344D8402-FollowerState] INFO  impl.RoleInfo (RoleInfo.java:shutdownFollowerState(108)) - ebc46dcb-de55-4ee6-9f88-6ea23d1a12c2: shutdown ebc46dcb-de55-4ee6-9f88-6ea23d1a12c2@group-34CA344D8402-FollowerState
2022-03-14 02:39:28,420 [ebc46dcb-de55-4ee6-9f88-6ea23d1a12c2@group-34CA344D8402-FollowerState] INFO  server.RaftServer$Division (RaftServerImpl.java:setRole(290)) - ebc46dcb-de55-4ee6-9f88-6ea23d1a12c2@group-34CA344D8402: changes role from  FOLLOWER to CANDIDATE at term 1 for changeToCandidate
2022-03-14 02:39:28,420 [ebc46dcb-de55-4ee6-9f88-6ea23d1a12c2@group-34CA344D8402-FollowerState] INFO  server.RaftServerConfigKeys (ConfUtils.java:logGet(44)) - raft.server.leaderelection.pre-vote = false (custom)
2022-03-14 02:39:28,420 [ebc46dcb-de55-4ee6-9f88-6ea23d1a12c2@group-34CA344D8402-FollowerState] INFO  impl.RoleInfo (RoleInfo.java:updateAndGet(130)) - ebc46dcb-de55-4ee6-9f88-6ea23d1a12c2: start ebc46dcb-de55-4ee6-9f88-6ea23d1a12c2@group-34CA344D8402-LeaderElection20
2022-03-14 02:39:28,442 [ebc46dcb-de55-4ee6-9f88-6ea23d1a12c2@group-34CA344D8402-LeaderElection20] INFO  impl.LeaderElection (LeaderElection.java:askForVotes(306)) - ebc46dcb-de55-4ee6-9f88-6ea23d1a12c2@group-34CA344D8402-LeaderElection20 ELECTION round 0: submit vote requests at term 2 for -1: [ebc46dcb-de55-4ee6-9f88-6ea23d1a12c2|rpc:10.1.0.7:45971|priority:0, c593f1a5-11c2-4273-9636-a8fe79185bdd|rpc:10.1.0.7:38051|priority:1, 3a253468-8d3c-457d-ae60-4bc5eace9979|rpc:10.1.0.7:37431|priority:0], old=null
2022-03-14 02:39:28,451 [grpc-default-executor-1] INFO  server.RaftServer$Division (RaftServerImpl.java:requestVote(1046)) - c593f1a5-11c2-4273-9636-a8fe79185bdd@group-34CA344D8402: receive requestVote(ELECTION, ebc46dcb-de55-4ee6-9f88-6ea23d1a12c2, group-34CA344D8402, 2, (t:0, i:0))
2022-03-14 02:39:28,451 [grpc-default-executor-1] INFO  impl.VoteContext (VoteContext.java:log(48)) - c593f1a5-11c2-4273-9636-a8fe79185bdd@group-34CA344D8402-FOLLOWER: reject ELECTION from ebc46dcb-de55-4ee6-9f88-6ea23d1a12c2: our priority 1 > candidate's priority 0
2022-03-14 02:39:28,451 [grpc-default-executor-1] INFO  server.RaftServer$Division (RaftServerImpl.java:setRole(290)) - c593f1a5-11c2-4273-9636-a8fe79185bdd@group-34CA344D8402: changes role from  FOLLOWER to FOLLOWER at term 2 for candidate:ebc46dcb-de55-4ee6-9f88-6ea23d1a12c2
2022-03-14 02:39:28,452 [grpc-default-executor-1] INFO  impl.RoleInfo (RoleInfo.java:shutdownFollowerState(108)) - c593f1a5-11c2-4273-9636-a8fe79185bdd: shutdown c593f1a5-11c2-4273-9636-a8fe79185bdd@group-34CA344D8402-FollowerState
2022-03-14 02:39:28,452 [grpc-default-executor-1] INFO  impl.RoleInfo (RoleInfo.java:updateAndGet(130)) - c593f1a5-11c2-4273-9636-a8fe79185bdd: start c593f1a5-11c2-4273-9636-a8fe79185bdd@group-34CA344D8402-FollowerState
2022-03-14 02:39:28,452 [c593f1a5-11c2-4273-9636-a8fe79185bdd@group-34CA344D8402-FollowerState] INFO  impl.FollowerState (FollowerState.java:run(143)) - c593f1a5-11c2-4273-9636-a8fe79185bdd@group-34CA344D8402-FollowerState was interrupted: {}
java.lang.InterruptedException: sleep interrupted
	at java.lang.Thread.sleep(Native Method)
	at java.lang.Thread.sleep(Thread.java:342)
	at java.util.concurrent.TimeUnit.sleep(TimeUnit.java:386)
	at org.apache.ratis.util.TimeDuration.sleep(TimeDuration.java:324)
	at org.apache.ratis.util.TimeDuration.sleep(TimeDuration.java:309)
	at org.apache.ratis.server.impl.FollowerState.run(FollowerState.java:118)
2022-03-14 02:39:28,453 [grpc-default-executor-1] INFO  server.RaftServer$Division (RaftServerImpl.java:requestVote(1078)) - c593f1a5-11c2-4273-9636-a8fe79185bdd@group-34CA344D8402 replies to ELECTION vote request: ebc46dcb-de55-4ee6-9f88-6ea23d1a12c2<-c593f1a5-11c2-4273-9636-a8fe79185bdd#0:FAIL-t2. Peer's state: c593f1a5-11c2-4273-9636-a8fe79185bdd@group-34CA344D8402:t2, leader=null, voted=null, raftlog=c593f1a5-11c2-4273-9636-a8fe79185bdd@group-34CA344D8402-SegmentedRaftLog:OPENED:c-1, conf=-1: [ebc46dcb-de55-4ee6-9f88-6ea23d1a12c2|rpc:10.1.0.7:45971|dataStream:|priority:0, c593f1a5-11c2-4273-9636-a8fe79185bdd|rpc:10.1.0.7:38051|dataStream:|priority:1, 3a253468-8d3c-457d-ae60-4bc5eace9979|rpc:10.1.0.7:37431|dataStream:|priority:0], old=null
2022-03-14 02:39:28,457 [ebc46dcb-de55-4ee6-9f88-6ea23d1a12c2@group-34CA344D8402-LeaderElection20] INFO  impl.LeaderElection (LeaderElection.java:logAndReturn(89)) - ebc46dcb-de55-4ee6-9f88-6ea23d1a12c2@group-34CA344D8402-LeaderElection20: ELECTION REJECTED received 1 response(s) and 0 exception(s):
2022-03-14 02:39:28,457 [ebc46dcb-de55-4ee6-9f88-6ea23d1a12c2@group-34CA344D8402-LeaderElection20] INFO  impl.LeaderElection (LeaderElection.java:logAndReturn(93)) -   Response 0: ebc46dcb-de55-4ee6-9f88-6ea23d1a12c2<-c593f1a5-11c2-4273-9636-a8fe79185bdd#0:FAIL-t2
2022-03-14 02:39:28,457 [ebc46dcb-de55-4ee6-9f88-6ea23d1a12c2@group-34CA344D8402-LeaderElection20] INFO  impl.LeaderElection (LeaderElection.java:askForVotes(308)) - ebc46dcb-de55-4ee6-9f88-6ea23d1a12c2@group-34CA344D8402-LeaderElection20 ELECTION round 0: result REJECTED
2022-03-14 02:39:28,457 [ebc46dcb-de55-4ee6-9f88-6ea23d1a12c2@group-34CA344D8402-LeaderElection20] INFO  server.RaftServer$Division (RaftServerImpl.java:setRole(290)) - ebc46dcb-de55-4ee6-9f88-6ea23d1a12c2@group-34CA344D8402: changes role from CANDIDATE to FOLLOWER at term 2 for REJECTED
2022-03-14 02:39:28,457 [ebc46dcb-de55-4ee6-9f88-6ea23d1a12c2@group-34CA344D8402-LeaderElection20] INFO  impl.RoleInfo (RoleInfo.java:shutdownLeaderElection(121)) - ebc46dcb-de55-4ee6-9f88-6ea23d1a12c2: shutdown ebc46dcb-de55-4ee6-9f88-6ea23d1a12c2@group-34CA344D8402-LeaderElection20
2022-03-14 02:39:28,457 [ebc46dcb-de55-4ee6-9f88-6ea23d1a12c2@group-34CA344D8402-LeaderElection20] INFO  impl.RoleInfo (RoleInfo.java:updateAndGet(130)) - ebc46dcb-de55-4ee6-9f88-6ea23d1a12c2: start ebc46dcb-de55-4ee6-9f88-6ea23d1a12c2@group-34CA344D8402-FollowerState
2022-03-14 02:39:28,461 [grpc-default-executor-1] INFO  server.RaftServer$Division (RaftServerImpl.java:requestVote(1046)) - 3a253468-8d3c-457d-ae60-4bc5eace9979@group-34CA344D8402: receive requestVote(ELECTION, ebc46dcb-de55-4ee6-9f88-6ea23d1a12c2, group-34CA344D8402, 2, (t:0, i:0))
2022-03-14 02:39:28,462 [grpc-default-executor-1] INFO  impl.VoteContext (VoteContext.java:log(48)) - 3a253468-8d3c-457d-ae60-4bc5eace9979@group-34CA344D8402-FOLLOWER: accept ELECTION from ebc46dcb-de55-4ee6-9f88-6ea23d1a12c2: our priority 0 <= candidate's priority 0
2022-03-14 02:39:28,462 [grpc-default-executor-1] INFO  server.RaftServer$Division (RaftServerImpl.java:setRole(290)) - 3a253468-8d3c-457d-ae60-4bc5eace9979@group-34CA344D8402: changes role from  FOLLOWER to FOLLOWER at term 2 for candidate:ebc46dcb-de55-4ee6-9f88-6ea23d1a12c2
2022-03-14 02:39:28,462 [grpc-default-executor-1] INFO  impl.RoleInfo (RoleInfo.java:shutdownFollowerState(108)) - 3a253468-8d3c-457d-ae60-4bc5eace9979: shutdown 3a253468-8d3c-457d-ae60-4bc5eace9979@group-34CA344D8402-FollowerState
2022-03-14 02:39:28,462 [grpc-default-executor-1] INFO  impl.RoleInfo (RoleInfo.java:updateAndGet(130)) - 3a253468-8d3c-457d-ae60-4bc5eace9979: start 3a253468-8d3c-457d-ae60-4bc5eace9979@group-34CA344D8402-FollowerState
2022-03-14 02:39:28,462 [3a253468-8d3c-457d-ae60-4bc5eace9979@group-34CA344D8402-FollowerState] INFO  impl.FollowerState (FollowerState.java:run(143)) - 3a253468-8d3c-457d-ae60-4bc5eace9979@group-34CA344D8402-FollowerState was interrupted: {}
java.lang.InterruptedException: sleep interrupted
	at java.lang.Thread.sleep(Native Method)
	at java.lang.Thread.sleep(Thread.java:342)
	at java.util.concurrent.TimeUnit.sleep(TimeUnit.java:386)
	at org.apache.ratis.util.TimeDuration.sleep(TimeDuration.java:324)
	at org.apache.ratis.util.TimeDuration.sleep(TimeDuration.java:309)
	at org.apache.ratis.server.impl.FollowerState.run(FollowerState.java:118)
2022-03-14 02:39:28,464 [grpc-default-executor-1] INFO  server.RaftServer$Division (RaftServerImpl.java:requestVote(1078)) - 3a253468-8d3c-457d-ae60-4bc5eace9979@group-34CA344D8402 replies to ELECTION vote request: ebc46dcb-de55-4ee6-9f88-6ea23d1a12c2<-3a253468-8d3c-457d-ae60-4bc5eace9979#0:OK-t2. Peer's state: 3a253468-8d3c-457d-ae60-4bc5eace9979@group-34CA344D8402:t2, leader=null, voted=ebc46dcb-de55-4ee6-9f88-6ea23d1a12c2, raftlog=3a253468-8d3c-457d-ae60-4bc5eace9979@group-34CA344D8402-SegmentedRaftLog:OPENED:c-1, conf=-1: [ebc46dcb-de55-4ee6-9f88-6ea23d1a12c2|rpc:10.1.0.7:45971|dataStream:|priority:0, c593f1a5-11c2-4273-9636-a8fe79185bdd|rpc:10.1.0.7:38051|dataStream:|priority:1, 3a253468-8d3c-457d-ae60-4bc5eace9979|rpc:10.1.0.7:37431|dataStream:|priority:0], old=null
2022-03-14 02:39:29,101 [Listener at 127.0.0.1/43591] INFO  ozone.MiniOzoneClusterImpl (MiniOzoneClusterImpl.java:lambda$waitForClusterToBeReady$0(219)) - Nodes are ready. Got 3 of 3 DN Heartbeats.
2022-03-14 02:39:29,101 [Listener at 127.0.0.1/43591] INFO  ozone.MiniOzoneClusterImpl (MiniOzoneClusterImpl.java:lambda$waitForClusterToBeReady$0(222)) - Waiting for cluster to exit safe mode
2022-03-14 02:39:29,101 [Listener at 127.0.0.1/43591] INFO  ozone.MiniOzoneClusterImpl (MiniOzoneClusterImpl.java:lambda$waitForClusterToBeReady$0(224)) - SCM became leader
2022-03-14 02:39:30,101 [Listener at 127.0.0.1/43591] INFO  ozone.MiniOzoneClusterImpl (MiniOzoneClusterImpl.java:lambda$waitForClusterToBeReady$0(219)) - Nodes are ready. Got 3 of 3 DN Heartbeats.
2022-03-14 02:39:30,101 [Listener at 127.0.0.1/43591] INFO  ozone.MiniOzoneClusterImpl (MiniOzoneClusterImpl.java:lambda$waitForClusterToBeReady$0(222)) - Waiting for cluster to exit safe mode
2022-03-14 02:39:30,101 [Listener at 127.0.0.1/43591] INFO  ozone.MiniOzoneClusterImpl (MiniOzoneClusterImpl.java:lambda$waitForClusterToBeReady$0(224)) - SCM became leader
2022-03-14 02:39:31,102 [Listener at 127.0.0.1/43591] INFO  ozone.MiniOzoneClusterImpl (MiniOzoneClusterImpl.java:lambda$waitForClusterToBeReady$0(219)) - Nodes are ready. Got 3 of 3 DN Heartbeats.
2022-03-14 02:39:31,102 [Listener at 127.0.0.1/43591] INFO  ozone.MiniOzoneClusterImpl (MiniOzoneClusterImpl.java:lambda$waitForClusterToBeReady$0(222)) - Waiting for cluster to exit safe mode
2022-03-14 02:39:31,102 [Listener at 127.0.0.1/43591] INFO  ozone.MiniOzoneClusterImpl (MiniOzoneClusterImpl.java:lambda$waitForClusterToBeReady$0(224)) - SCM became leader
2022-03-14 02:39:32,102 [Listener at 127.0.0.1/43591] INFO  ozone.MiniOzoneClusterImpl (MiniOzoneClusterImpl.java:lambda$waitForClusterToBeReady$0(219)) - Nodes are ready. Got 3 of 3 DN Heartbeats.
2022-03-14 02:39:32,102 [Listener at 127.0.0.1/43591] INFO  ozone.MiniOzoneClusterImpl (MiniOzoneClusterImpl.java:lambda$waitForClusterToBeReady$0(222)) - Waiting for cluster to exit safe mode
2022-03-14 02:39:32,103 [Listener at 127.0.0.1/43591] INFO  ozone.MiniOzoneClusterImpl (MiniOzoneClusterImpl.java:lambda$waitForClusterToBeReady$0(224)) - SCM became leader
2022-03-14 02:39:33,107 [Listener at 127.0.0.1/43591] INFO  ozone.MiniOzoneClusterImpl (MiniOzoneClusterImpl.java:lambda$waitForClusterToBeReady$0(219)) - Nodes are ready. Got 3 of 3 DN Heartbeats.
2022-03-14 02:39:33,107 [Listener at 127.0.0.1/43591] INFO  ozone.MiniOzoneClusterImpl (MiniOzoneClusterImpl.java:lambda$waitForClusterToBeReady$0(222)) - Waiting for cluster to exit safe mode
2022-03-14 02:39:33,107 [Listener at 127.0.0.1/43591] INFO  ozone.MiniOzoneClusterImpl (MiniOzoneClusterImpl.java:lambda$waitForClusterToBeReady$0(224)) - SCM became leader
2022-03-14 02:39:33,497 [ebc46dcb-de55-4ee6-9f88-6ea23d1a12c2@group-34CA344D8402-FollowerState] INFO  impl.FollowerState (FollowerState.java:run(134)) - ebc46dcb-de55-4ee6-9f88-6ea23d1a12c2@group-34CA344D8402-FollowerState: change to CANDIDATE, lastRpcElapsedTime:5039950215ns, electionTimeout:5024ms
2022-03-14 02:39:33,498 [ebc46dcb-de55-4ee6-9f88-6ea23d1a12c2@group-34CA344D8402-FollowerState] INFO  impl.RoleInfo (RoleInfo.java:shutdownFollowerState(108)) - ebc46dcb-de55-4ee6-9f88-6ea23d1a12c2: shutdown ebc46dcb-de55-4ee6-9f88-6ea23d1a12c2@group-34CA344D8402-FollowerState
2022-03-14 02:39:33,499 [ebc46dcb-de55-4ee6-9f88-6ea23d1a12c2@group-34CA344D8402-FollowerState] INFO  server.RaftServer$Division (RaftServerImpl.java:setRole(290)) - ebc46dcb-de55-4ee6-9f88-6ea23d1a12c2@group-34CA344D8402: changes role from  FOLLOWER to CANDIDATE at term 2 for changeToCandidate
2022-03-14 02:39:33,499 [ebc46dcb-de55-4ee6-9f88-6ea23d1a12c2@group-34CA344D8402-FollowerState] INFO  server.RaftServerConfigKeys (ConfUtils.java:logGet(44)) - raft.server.leaderelection.pre-vote = false (custom)
2022-03-14 02:39:33,499 [ebc46dcb-de55-4ee6-9f88-6ea23d1a12c2@group-34CA344D8402-FollowerState] INFO  impl.RoleInfo (RoleInfo.java:updateAndGet(130)) - ebc46dcb-de55-4ee6-9f88-6ea23d1a12c2: start ebc46dcb-de55-4ee6-9f88-6ea23d1a12c2@group-34CA344D8402-LeaderElection21
2022-03-14 02:39:33,512 [ebc46dcb-de55-4ee6-9f88-6ea23d1a12c2@group-34CA344D8402-LeaderElection21] INFO  impl.LeaderElection (LeaderElection.java:askForVotes(306)) - ebc46dcb-de55-4ee6-9f88-6ea23d1a12c2@group-34CA344D8402-LeaderElection21 ELECTION round 0: submit vote requests at term 3 for -1: [ebc46dcb-de55-4ee6-9f88-6ea23d1a12c2|rpc:10.1.0.7:45971|priority:0, c593f1a5-11c2-4273-9636-a8fe79185bdd|rpc:10.1.0.7:38051|priority:1, 3a253468-8d3c-457d-ae60-4bc5eace9979|rpc:10.1.0.7:37431|priority:0], old=null
2022-03-14 02:39:33,550 [grpc-default-executor-1] INFO  server.RaftServer$Division (RaftServerImpl.java:requestVote(1046)) - c593f1a5-11c2-4273-9636-a8fe79185bdd@group-34CA344D8402: receive requestVote(ELECTION, ebc46dcb-de55-4ee6-9f88-6ea23d1a12c2, group-34CA344D8402, 3, (t:0, i:0))
2022-03-14 02:39:33,550 [grpc-default-executor-1] INFO  impl.VoteContext (VoteContext.java:log(48)) - c593f1a5-11c2-4273-9636-a8fe79185bdd@group-34CA344D8402-FOLLOWER: reject ELECTION from ebc46dcb-de55-4ee6-9f88-6ea23d1a12c2: our priority 1 > candidate's priority 0
2022-03-14 02:39:33,550 [grpc-default-executor-1] INFO  server.RaftServer$Division (RaftServerImpl.java:setRole(290)) - c593f1a5-11c2-4273-9636-a8fe79185bdd@group-34CA344D8402: changes role from  FOLLOWER to FOLLOWER at term 3 for candidate:ebc46dcb-de55-4ee6-9f88-6ea23d1a12c2
2022-03-14 02:39:33,550 [grpc-default-executor-1] INFO  impl.RoleInfo (RoleInfo.java:shutdownFollowerState(108)) - c593f1a5-11c2-4273-9636-a8fe79185bdd: shutdown c593f1a5-11c2-4273-9636-a8fe79185bdd@group-34CA344D8402-FollowerState
2022-03-14 02:39:33,550 [grpc-default-executor-1] INFO  impl.RoleInfo (RoleInfo.java:updateAndGet(130)) - c593f1a5-11c2-4273-9636-a8fe79185bdd: start c593f1a5-11c2-4273-9636-a8fe79185bdd@group-34CA344D8402-FollowerState
2022-03-14 02:39:33,550 [c593f1a5-11c2-4273-9636-a8fe79185bdd@group-34CA344D8402-FollowerState] INFO  impl.FollowerState (FollowerState.java:run(143)) - c593f1a5-11c2-4273-9636-a8fe79185bdd@group-34CA344D8402-FollowerState was interrupted: {}
java.lang.InterruptedException: sleep interrupted
	at java.lang.Thread.sleep(Native Method)
	at java.lang.Thread.sleep(Thread.java:342)
	at java.util.concurrent.TimeUnit.sleep(TimeUnit.java:386)
	at org.apache.ratis.util.TimeDuration.sleep(TimeDuration.java:324)
	at org.apache.ratis.util.TimeDuration.sleep(TimeDuration.java:309)
	at org.apache.ratis.server.impl.FollowerState.run(FollowerState.java:118)
2022-03-14 02:39:33,561 [grpc-default-executor-1] INFO  server.RaftServer$Division (RaftServerImpl.java:requestVote(1078)) - c593f1a5-11c2-4273-9636-a8fe79185bdd@group-34CA344D8402 replies to ELECTION vote request: ebc46dcb-de55-4ee6-9f88-6ea23d1a12c2<-c593f1a5-11c2-4273-9636-a8fe79185bdd#0:FAIL-t3. Peer's state: c593f1a5-11c2-4273-9636-a8fe79185bdd@group-34CA344D8402:t3, leader=null, voted=null, raftlog=c593f1a5-11c2-4273-9636-a8fe79185bdd@group-34CA344D8402-SegmentedRaftLog:OPENED:c-1, conf=-1: [ebc46dcb-de55-4ee6-9f88-6ea23d1a12c2|rpc:10.1.0.7:45971|dataStream:|priority:0, c593f1a5-11c2-4273-9636-a8fe79185bdd|rpc:10.1.0.7:38051|dataStream:|priority:1, 3a253468-8d3c-457d-ae60-4bc5eace9979|rpc:10.1.0.7:37431|dataStream:|priority:0], old=null
2022-03-14 02:39:33,562 [ebc46dcb-de55-4ee6-9f88-6ea23d1a12c2@group-34CA344D8402-LeaderElection21] INFO  impl.LeaderElection (LeaderElection.java:logAndReturn(89)) - ebc46dcb-de55-4ee6-9f88-6ea23d1a12c2@group-34CA344D8402-LeaderElection21: ELECTION REJECTED received 1 response(s) and 0 exception(s):
2022-03-14 02:39:33,562 [ebc46dcb-de55-4ee6-9f88-6ea23d1a12c2@group-34CA344D8402-LeaderElection21] INFO  impl.LeaderElection (LeaderElection.java:logAndReturn(93)) -   Response 0: ebc46dcb-de55-4ee6-9f88-6ea23d1a12c2<-c593f1a5-11c2-4273-9636-a8fe79185bdd#0:FAIL-t3
2022-03-14 02:39:33,562 [ebc46dcb-de55-4ee6-9f88-6ea23d1a12c2@group-34CA344D8402-LeaderElection21] INFO  impl.LeaderElection (LeaderElection.java:askForVotes(308)) - ebc46dcb-de55-4ee6-9f88-6ea23d1a12c2@group-34CA344D8402-LeaderElection21 ELECTION round 0: result REJECTED
2022-03-14 02:39:33,562 [ebc46dcb-de55-4ee6-9f88-6ea23d1a12c2@group-34CA344D8402-LeaderElection21] INFO  server.RaftServer$Division (RaftServerImpl.java:setRole(290)) - ebc46dcb-de55-4ee6-9f88-6ea23d1a12c2@group-34CA344D8402: changes role from CANDIDATE to FOLLOWER at term 3 for REJECTED
2022-03-14 02:39:33,563 [ebc46dcb-de55-4ee6-9f88-6ea23d1a12c2@group-34CA344D8402-LeaderElection21] INFO  impl.RoleInfo (RoleInfo.java:shutdownLeaderElection(121)) - ebc46dcb-de55-4ee6-9f88-6ea23d1a12c2: shutdown ebc46dcb-de55-4ee6-9f88-6ea23d1a12c2@group-34CA344D8402-LeaderElection21
2022-03-14 02:39:33,563 [ebc46dcb-de55-4ee6-9f88-6ea23d1a12c2@group-34CA344D8402-LeaderElection21] INFO  impl.RoleInfo (RoleInfo.java:updateAndGet(130)) - ebc46dcb-de55-4ee6-9f88-6ea23d1a12c2: start ebc46dcb-de55-4ee6-9f88-6ea23d1a12c2@group-34CA344D8402-FollowerState
2022-03-14 02:39:33,572 [grpc-default-executor-0] INFO  server.RaftServer$Division (RaftServerImpl.java:requestVote(1046)) - 3a253468-8d3c-457d-ae60-4bc5eace9979@group-34CA344D8402: receive requestVote(ELECTION, ebc46dcb-de55-4ee6-9f88-6ea23d1a12c2, group-34CA344D8402, 3, (t:0, i:0))
2022-03-14 02:39:33,576 [grpc-default-executor-0] INFO  impl.VoteContext (VoteContext.java:log(48)) - 3a253468-8d3c-457d-ae60-4bc5eace9979@group-34CA344D8402-FOLLOWER: accept ELECTION from ebc46dcb-de55-4ee6-9f88-6ea23d1a12c2: our priority 0 <= candidate's priority 0
2022-03-14 02:39:33,576 [grpc-default-executor-0] INFO  server.RaftServer$Division (RaftServerImpl.java:setRole(290)) - 3a253468-8d3c-457d-ae60-4bc5eace9979@group-34CA344D8402: changes role from  FOLLOWER to FOLLOWER at term 3 for candidate:ebc46dcb-de55-4ee6-9f88-6ea23d1a12c2
2022-03-14 02:39:33,576 [grpc-default-executor-0] INFO  impl.RoleInfo (RoleInfo.java:shutdownFollowerState(108)) - 3a253468-8d3c-457d-ae60-4bc5eace9979: shutdown 3a253468-8d3c-457d-ae60-4bc5eace9979@group-34CA344D8402-FollowerState
2022-03-14 02:39:33,576 [grpc-default-executor-0] INFO  impl.RoleInfo (RoleInfo.java:updateAndGet(130)) - 3a253468-8d3c-457d-ae60-4bc5eace9979: start 3a253468-8d3c-457d-ae60-4bc5eace9979@group-34CA344D8402-FollowerState
2022-03-14 02:39:33,576 [3a253468-8d3c-457d-ae60-4bc5eace9979@group-34CA344D8402-FollowerState] INFO  impl.FollowerState (FollowerState.java:run(143)) - 3a253468-8d3c-457d-ae60-4bc5eace9979@group-34CA344D8402-FollowerState was interrupted: {}
java.lang.InterruptedException: sleep interrupted
	at java.lang.Thread.sleep(Native Method)
	at java.lang.Thread.sleep(Thread.java:342)
	at java.util.concurrent.TimeUnit.sleep(TimeUnit.java:386)
	at org.apache.ratis.util.TimeDuration.sleep(TimeDuration.java:324)
	at org.apache.ratis.util.TimeDuration.sleep(TimeDuration.java:309)
	at org.apache.ratis.server.impl.FollowerState.run(FollowerState.java:118)
2022-03-14 02:39:33,579 [grpc-default-executor-0] INFO  server.RaftServer$Division (RaftServerImpl.java:requestVote(1078)) - 3a253468-8d3c-457d-ae60-4bc5eace9979@group-34CA344D8402 replies to ELECTION vote request: ebc46dcb-de55-4ee6-9f88-6ea23d1a12c2<-3a253468-8d3c-457d-ae60-4bc5eace9979#0:OK-t3. Peer's state: 3a253468-8d3c-457d-ae60-4bc5eace9979@group-34CA344D8402:t3, leader=null, voted=ebc46dcb-de55-4ee6-9f88-6ea23d1a12c2, raftlog=3a253468-8d3c-457d-ae60-4bc5eace9979@group-34CA344D8402-SegmentedRaftLog:OPENED:c-1, conf=-1: [ebc46dcb-de55-4ee6-9f88-6ea23d1a12c2|rpc:10.1.0.7:45971|dataStream:|priority:0, c593f1a5-11c2-4273-9636-a8fe79185bdd|rpc:10.1.0.7:38051|dataStream:|priority:1, 3a253468-8d3c-457d-ae60-4bc5eace9979|rpc:10.1.0.7:37431|dataStream:|priority:0], old=null
2022-03-14 02:39:34,107 [Listener at 127.0.0.1/43591] INFO  ozone.MiniOzoneClusterImpl (MiniOzoneClusterImpl.java:lambda$waitForClusterToBeReady$0(219)) - Nodes are ready. Got 3 of 3 DN Heartbeats.
2022-03-14 02:39:34,108 [Listener at 127.0.0.1/43591] INFO  ozone.MiniOzoneClusterImpl (MiniOzoneClusterImpl.java:lambda$waitForClusterToBeReady$0(222)) - Waiting for cluster to exit safe mode
2022-03-14 02:39:34,108 [Listener at 127.0.0.1/43591] INFO  ozone.MiniOzoneClusterImpl (MiniOzoneClusterImpl.java:lambda$waitForClusterToBeReady$0(224)) - SCM became leader
2022-03-14 02:39:35,108 [Listener at 127.0.0.1/43591] INFO  ozone.MiniOzoneClusterImpl (MiniOzoneClusterImpl.java:lambda$waitForClusterToBeReady$0(219)) - Nodes are ready. Got 3 of 3 DN Heartbeats.
2022-03-14 02:39:35,108 [Listener at 127.0.0.1/43591] INFO  ozone.MiniOzoneClusterImpl (MiniOzoneClusterImpl.java:lambda$waitForClusterToBeReady$0(222)) - Waiting for cluster to exit safe mode
2022-03-14 02:39:35,108 [Listener at 127.0.0.1/43591] INFO  ozone.MiniOzoneClusterImpl (MiniOzoneClusterImpl.java:lambda$waitForClusterToBeReady$0(224)) - SCM became leader
2022-03-14 02:39:36,109 [Listener at 127.0.0.1/43591] INFO  ozone.MiniOzoneClusterImpl (MiniOzoneClusterImpl.java:lambda$waitForClusterToBeReady$0(219)) - Nodes are ready. Got 3 of 3 DN Heartbeats.
2022-03-14 02:39:36,109 [Listener at 127.0.0.1/43591] INFO  ozone.MiniOzoneClusterImpl (MiniOzoneClusterImpl.java:lambda$waitForClusterToBeReady$0(222)) - Waiting for cluster to exit safe mode
2022-03-14 02:39:36,109 [Listener at 127.0.0.1/43591] INFO  ozone.MiniOzoneClusterImpl (MiniOzoneClusterImpl.java:lambda$waitForClusterToBeReady$0(224)) - SCM became leader
2022-03-14 02:39:37,109 [Listener at 127.0.0.1/43591] INFO  ozone.MiniOzoneClusterImpl (MiniOzoneClusterImpl.java:lambda$waitForClusterToBeReady$0(219)) - Nodes are ready. Got 3 of 3 DN Heartbeats.
2022-03-14 02:39:37,109 [Listener at 127.0.0.1/43591] INFO  ozone.MiniOzoneClusterImpl (MiniOzoneClusterImpl.java:lambda$waitForClusterToBeReady$0(222)) - Waiting for cluster to exit safe mode
2022-03-14 02:39:37,109 [Listener at 127.0.0.1/43591] INFO  ozone.MiniOzoneClusterImpl (MiniOzoneClusterImpl.java:lambda$waitForClusterToBeReady$0(224)) - SCM became leader
2022-03-14 02:39:38,110 [Listener at 127.0.0.1/43591] INFO  ozone.MiniOzoneClusterImpl (MiniOzoneClusterImpl.java:lambda$waitForClusterToBeReady$0(219)) - Nodes are ready. Got 3 of 3 DN Heartbeats.
2022-03-14 02:39:38,110 [Listener at 127.0.0.1/43591] INFO  ozone.MiniOzoneClusterImpl (MiniOzoneClusterImpl.java:lambda$waitForClusterToBeReady$0(222)) - Waiting for cluster to exit safe mode
2022-03-14 02:39:38,110 [Listener at 127.0.0.1/43591] INFO  ozone.MiniOzoneClusterImpl (MiniOzoneClusterImpl.java:lambda$waitForClusterToBeReady$0(224)) - SCM became leader
2022-03-14 02:39:38,758 [c593f1a5-11c2-4273-9636-a8fe79185bdd@group-34CA344D8402-FollowerState] INFO  impl.FollowerState (FollowerState.java:run(134)) - c593f1a5-11c2-4273-9636-a8fe79185bdd@group-34CA344D8402-FollowerState: change to CANDIDATE, lastRpcElapsedTime:5207718497ns, electionTimeout:5195ms
2022-03-14 02:39:38,759 [c593f1a5-11c2-4273-9636-a8fe79185bdd@group-34CA344D8402-FollowerState] INFO  impl.RoleInfo (RoleInfo.java:shutdownFollowerState(108)) - c593f1a5-11c2-4273-9636-a8fe79185bdd: shutdown c593f1a5-11c2-4273-9636-a8fe79185bdd@group-34CA344D8402-FollowerState
2022-03-14 02:39:38,759 [c593f1a5-11c2-4273-9636-a8fe79185bdd@group-34CA344D8402-FollowerState] INFO  server.RaftServer$Division (RaftServerImpl.java:setRole(290)) - c593f1a5-11c2-4273-9636-a8fe79185bdd@group-34CA344D8402: changes role from  FOLLOWER to CANDIDATE at term 3 for changeToCandidate
2022-03-14 02:39:38,759 [c593f1a5-11c2-4273-9636-a8fe79185bdd@group-34CA344D8402-FollowerState] INFO  server.RaftServerConfigKeys (ConfUtils.java:logGet(44)) - raft.server.leaderelection.pre-vote = false (custom)
2022-03-14 02:39:38,759 [c593f1a5-11c2-4273-9636-a8fe79185bdd@group-34CA344D8402-FollowerState] INFO  impl.RoleInfo (RoleInfo.java:updateAndGet(130)) - c593f1a5-11c2-4273-9636-a8fe79185bdd: start c593f1a5-11c2-4273-9636-a8fe79185bdd@group-34CA344D8402-LeaderElection22
2022-03-14 02:39:38,776 [ebc46dcb-de55-4ee6-9f88-6ea23d1a12c2@group-34CA344D8402-FollowerState] INFO  impl.FollowerState (FollowerState.java:run(134)) - ebc46dcb-de55-4ee6-9f88-6ea23d1a12c2@group-34CA344D8402-FollowerState: change to CANDIDATE, lastRpcElapsedTime:5213069609ns, electionTimeout:5198ms
2022-03-14 02:39:38,776 [ebc46dcb-de55-4ee6-9f88-6ea23d1a12c2@group-34CA344D8402-FollowerState] INFO  impl.RoleInfo (RoleInfo.java:shutdownFollowerState(108)) - ebc46dcb-de55-4ee6-9f88-6ea23d1a12c2: shutdown ebc46dcb-de55-4ee6-9f88-6ea23d1a12c2@group-34CA344D8402-FollowerState
2022-03-14 02:39:38,776 [ebc46dcb-de55-4ee6-9f88-6ea23d1a12c2@group-34CA344D8402-FollowerState] INFO  server.RaftServer$Division (RaftServerImpl.java:setRole(290)) - ebc46dcb-de55-4ee6-9f88-6ea23d1a12c2@group-34CA344D8402: changes role from  FOLLOWER to CANDIDATE at term 3 for changeToCandidate
2022-03-14 02:39:38,776 [ebc46dcb-de55-4ee6-9f88-6ea23d1a12c2@group-34CA344D8402-FollowerState] INFO  server.RaftServerConfigKeys (ConfUtils.java:logGet(44)) - raft.server.leaderelection.pre-vote = false (custom)
2022-03-14 02:39:38,776 [ebc46dcb-de55-4ee6-9f88-6ea23d1a12c2@group-34CA344D8402-FollowerState] INFO  impl.RoleInfo (RoleInfo.java:updateAndGet(130)) - ebc46dcb-de55-4ee6-9f88-6ea23d1a12c2: start ebc46dcb-de55-4ee6-9f88-6ea23d1a12c2@group-34CA344D8402-LeaderElection23
2022-03-14 02:39:38,781 [3a253468-8d3c-457d-ae60-4bc5eace9979@group-34CA344D8402-FollowerState] INFO  impl.FollowerState (FollowerState.java:run(134)) - 3a253468-8d3c-457d-ae60-4bc5eace9979@group-34CA344D8402-FollowerState: change to CANDIDATE, lastRpcElapsedTime:5202544288ns, electionTimeout:5168ms
2022-03-14 02:39:38,782 [3a253468-8d3c-457d-ae60-4bc5eace9979@group-34CA344D8402-FollowerState] INFO  impl.RoleInfo (RoleInfo.java:shutdownFollowerState(108)) - 3a253468-8d3c-457d-ae60-4bc5eace9979: shutdown 3a253468-8d3c-457d-ae60-4bc5eace9979@group-34CA344D8402-FollowerState
2022-03-14 02:39:38,782 [3a253468-8d3c-457d-ae60-4bc5eace9979@group-34CA344D8402-FollowerState] INFO  server.RaftServer$Division (RaftServerImpl.java:setRole(290)) - 3a253468-8d3c-457d-ae60-4bc5eace9979@group-34CA344D8402: changes role from  FOLLOWER to CANDIDATE at term 3 for changeToCandidate
2022-03-14 02:39:38,782 [3a253468-8d3c-457d-ae60-4bc5eace9979@group-34CA344D8402-FollowerState] INFO  server.RaftServerConfigKeys (ConfUtils.java:logGet(44)) - raft.server.leaderelection.pre-vote = false (custom)
2022-03-14 02:39:38,782 [3a253468-8d3c-457d-ae60-4bc5eace9979@group-34CA344D8402-FollowerState] INFO  impl.RoleInfo (RoleInfo.java:updateAndGet(130)) - 3a253468-8d3c-457d-ae60-4bc5eace9979: start 3a253468-8d3c-457d-ae60-4bc5eace9979@group-34CA344D8402-LeaderElection24
2022-03-14 02:39:38,784 [ebc46dcb-de55-4ee6-9f88-6ea23d1a12c2@group-34CA344D8402-LeaderElection23] INFO  impl.LeaderElection (LeaderElection.java:askForVotes(306)) - ebc46dcb-de55-4ee6-9f88-6ea23d1a12c2@group-34CA344D8402-LeaderElection23 ELECTION round 0: submit vote requests at term 4 for -1: [ebc46dcb-de55-4ee6-9f88-6ea23d1a12c2|rpc:10.1.0.7:45971|priority:0, c593f1a5-11c2-4273-9636-a8fe79185bdd|rpc:10.1.0.7:38051|priority:1, 3a253468-8d3c-457d-ae60-4bc5eace9979|rpc:10.1.0.7:37431|priority:0], old=null
2022-03-14 02:39:38,810 [3a253468-8d3c-457d-ae60-4bc5eace9979@group-34CA344D8402-LeaderElection24] INFO  impl.LeaderElection (LeaderElection.java:askForVotes(306)) - 3a253468-8d3c-457d-ae60-4bc5eace9979@group-34CA344D8402-LeaderElection24 ELECTION round 0: submit vote requests at term 4 for -1: [ebc46dcb-de55-4ee6-9f88-6ea23d1a12c2|rpc:10.1.0.7:45971|dataStream:|priority:0, c593f1a5-11c2-4273-9636-a8fe79185bdd|rpc:10.1.0.7:38051|dataStream:|priority:1, 3a253468-8d3c-457d-ae60-4bc5eace9979|rpc:10.1.0.7:37431|dataStream:|priority:0], old=null
2022-03-14 02:39:38,813 [c593f1a5-11c2-4273-9636-a8fe79185bdd@group-34CA344D8402-LeaderElection22] INFO  impl.LeaderElection (LeaderElection.java:askForVotes(306)) - c593f1a5-11c2-4273-9636-a8fe79185bdd@group-34CA344D8402-LeaderElection22 ELECTION round 0: submit vote requests at term 4 for -1: [ebc46dcb-de55-4ee6-9f88-6ea23d1a12c2|rpc:10.1.0.7:45971|dataStream:|priority:0, c593f1a5-11c2-4273-9636-a8fe79185bdd|rpc:10.1.0.7:38051|dataStream:|priority:1, 3a253468-8d3c-457d-ae60-4bc5eace9979|rpc:10.1.0.7:37431|dataStream:|priority:0], old=null
2022-03-14 02:39:38,830 [grpc-default-executor-0] INFO  server.RaftServer$Division (RaftServerImpl.java:requestVote(1046)) - c593f1a5-11c2-4273-9636-a8fe79185bdd@group-34CA344D8402: receive requestVote(ELECTION, ebc46dcb-de55-4ee6-9f88-6ea23d1a12c2, group-34CA344D8402, 4, (t:0, i:0))
2022-03-14 02:39:38,859 [grpc-default-executor-0] INFO  impl.VoteContext (VoteContext.java:log(48)) - c593f1a5-11c2-4273-9636-a8fe79185bdd@group-34CA344D8402-CANDIDATE: reject ELECTION from ebc46dcb-de55-4ee6-9f88-6ea23d1a12c2: already has voted for c593f1a5-11c2-4273-9636-a8fe79185bdd at current term 4
2022-03-14 02:39:38,859 [grpc-default-executor-0] INFO  server.RaftServer$Division (RaftServerImpl.java:requestVote(1078)) - c593f1a5-11c2-4273-9636-a8fe79185bdd@group-34CA344D8402 replies to ELECTION vote request: ebc46dcb-de55-4ee6-9f88-6ea23d1a12c2<-c593f1a5-11c2-4273-9636-a8fe79185bdd#0:FAIL-t4. Peer's state: c593f1a5-11c2-4273-9636-a8fe79185bdd@group-34CA344D8402:t4, leader=null, voted=c593f1a5-11c2-4273-9636-a8fe79185bdd, raftlog=c593f1a5-11c2-4273-9636-a8fe79185bdd@group-34CA344D8402-SegmentedRaftLog:OPENED:c-1, conf=-1: [ebc46dcb-de55-4ee6-9f88-6ea23d1a12c2|rpc:10.1.0.7:45971|dataStream:|priority:0, c593f1a5-11c2-4273-9636-a8fe79185bdd|rpc:10.1.0.7:38051|dataStream:|priority:1, 3a253468-8d3c-457d-ae60-4bc5eace9979|rpc:10.1.0.7:37431|dataStream:|priority:0], old=null
2022-03-14 02:39:38,830 [grpc-default-executor-1] INFO  server.RaftServer$Division (RaftServerImpl.java:requestVote(1046)) - 3a253468-8d3c-457d-ae60-4bc5eace9979@group-34CA344D8402: receive requestVote(ELECTION, ebc46dcb-de55-4ee6-9f88-6ea23d1a12c2, group-34CA344D8402, 4, (t:0, i:0))
2022-03-14 02:39:38,866 [grpc-default-executor-1] INFO  impl.VoteContext (VoteContext.java:log(48)) - 3a253468-8d3c-457d-ae60-4bc5eace9979@group-34CA344D8402-CANDIDATE: reject ELECTION from ebc46dcb-de55-4ee6-9f88-6ea23d1a12c2: already has voted for 3a253468-8d3c-457d-ae60-4bc5eace9979 at current term 4
2022-03-14 02:39:38,866 [grpc-default-executor-1] INFO  server.RaftServer$Division (RaftServerImpl.java:requestVote(1078)) - 3a253468-8d3c-457d-ae60-4bc5eace9979@group-34CA344D8402 replies to ELECTION vote request: ebc46dcb-de55-4ee6-9f88-6ea23d1a12c2<-3a253468-8d3c-457d-ae60-4bc5eace9979#0:FAIL-t4. Peer's state: 3a253468-8d3c-457d-ae60-4bc5eace9979@group-34CA344D8402:t4, leader=null, voted=3a253468-8d3c-457d-ae60-4bc5eace9979, raftlog=3a253468-8d3c-457d-ae60-4bc5eace9979@group-34CA344D8402-SegmentedRaftLog:OPENED:c-1, conf=-1: [ebc46dcb-de55-4ee6-9f88-6ea23d1a12c2|rpc:10.1.0.7:45971|dataStream:|priority:0, c593f1a5-11c2-4273-9636-a8fe79185bdd|rpc:10.1.0.7:38051|dataStream:|priority:1, 3a253468-8d3c-457d-ae60-4bc5eace9979|rpc:10.1.0.7:37431|dataStream:|priority:0], old=null
2022-03-14 02:39:38,880 [ebc46dcb-de55-4ee6-9f88-6ea23d1a12c2@group-34CA344D8402-LeaderElection23] INFO  impl.LeaderElection (LeaderElection.java:logAndReturn(89)) - ebc46dcb-de55-4ee6-9f88-6ea23d1a12c2@group-34CA344D8402-LeaderElection23: ELECTION REJECTED received 1 response(s) and 0 exception(s):
2022-03-14 02:39:38,882 [ebc46dcb-de55-4ee6-9f88-6ea23d1a12c2@group-34CA344D8402-LeaderElection23] INFO  impl.LeaderElection (LeaderElection.java:logAndReturn(93)) -   Response 0: ebc46dcb-de55-4ee6-9f88-6ea23d1a12c2<-c593f1a5-11c2-4273-9636-a8fe79185bdd#0:FAIL-t4
2022-03-14 02:39:38,882 [ebc46dcb-de55-4ee6-9f88-6ea23d1a12c2@group-34CA344D8402-LeaderElection23] INFO  impl.LeaderElection (LeaderElection.java:askForVotes(308)) - ebc46dcb-de55-4ee6-9f88-6ea23d1a12c2@group-34CA344D8402-LeaderElection23 ELECTION round 0: result REJECTED
2022-03-14 02:39:38,882 [ebc46dcb-de55-4ee6-9f88-6ea23d1a12c2@group-34CA344D8402-LeaderElection23] INFO  server.RaftServer$Division (RaftServerImpl.java:setRole(290)) - ebc46dcb-de55-4ee6-9f88-6ea23d1a12c2@group-34CA344D8402: changes role from CANDIDATE to FOLLOWER at term 4 for REJECTED
2022-03-14 02:39:38,882 [ebc46dcb-de55-4ee6-9f88-6ea23d1a12c2@group-34CA344D8402-LeaderElection23] INFO  impl.RoleInfo (RoleInfo.java:shutdownLeaderElection(121)) - ebc46dcb-de55-4ee6-9f88-6ea23d1a12c2: shutdown ebc46dcb-de55-4ee6-9f88-6ea23d1a12c2@group-34CA344D8402-LeaderElection23
2022-03-14 02:39:38,882 [ebc46dcb-de55-4ee6-9f88-6ea23d1a12c2@group-34CA344D8402-LeaderElection23] INFO  impl.RoleInfo (RoleInfo.java:updateAndGet(130)) - ebc46dcb-de55-4ee6-9f88-6ea23d1a12c2: start ebc46dcb-de55-4ee6-9f88-6ea23d1a12c2@group-34CA344D8402-FollowerState
2022-03-14 02:39:38,888 [grpc-default-executor-0] INFO  server.RaftServer$Division (RaftServerImpl.java:requestVote(1046)) - 3a253468-8d3c-457d-ae60-4bc5eace9979@group-34CA344D8402: receive requestVote(ELECTION, c593f1a5-11c2-4273-9636-a8fe79185bdd, group-34CA344D8402, 4, (t:0, i:0))
2022-03-14 02:39:38,890 [grpc-default-executor-0] INFO  impl.VoteContext (VoteContext.java:log(48)) - 3a253468-8d3c-457d-ae60-4bc5eace9979@group-34CA344D8402-CANDIDATE: reject ELECTION from c593f1a5-11c2-4273-9636-a8fe79185bdd: already has voted for 3a253468-8d3c-457d-ae60-4bc5eace9979 at current term 4
2022-03-14 02:39:38,890 [grpc-default-executor-0] INFO  server.RaftServer$Division (RaftServerImpl.java:requestVote(1078)) - 3a253468-8d3c-457d-ae60-4bc5eace9979@group-34CA344D8402 replies to ELECTION vote request: c593f1a5-11c2-4273-9636-a8fe79185bdd<-3a253468-8d3c-457d-ae60-4bc5eace9979#0:FAIL-t4. Peer's state: 3a253468-8d3c-457d-ae60-4bc5eace9979@group-34CA344D8402:t4, leader=null, voted=3a253468-8d3c-457d-ae60-4bc5eace9979, raftlog=3a253468-8d3c-457d-ae60-4bc5eace9979@group-34CA344D8402-SegmentedRaftLog:OPENED:c-1, conf=-1: [ebc46dcb-de55-4ee6-9f88-6ea23d1a12c2|rpc:10.1.0.7:45971|dataStream:|priority:0, c593f1a5-11c2-4273-9636-a8fe79185bdd|rpc:10.1.0.7:38051|dataStream:|priority:1, 3a253468-8d3c-457d-ae60-4bc5eace9979|rpc:10.1.0.7:37431|dataStream:|priority:0], old=null
2022-03-14 02:39:38,893 [grpc-default-executor-2] INFO  server.RaftServer$Division (RaftServerImpl.java:requestVote(1046)) - ebc46dcb-de55-4ee6-9f88-6ea23d1a12c2@group-34CA344D8402: receive requestVote(ELECTION, c593f1a5-11c2-4273-9636-a8fe79185bdd, group-34CA344D8402, 4, (t:0, i:0))
2022-03-14 02:39:38,894 [grpc-default-executor-2] INFO  impl.VoteContext (VoteContext.java:log(48)) - ebc46dcb-de55-4ee6-9f88-6ea23d1a12c2@group-34CA344D8402-FOLLOWER: reject ELECTION from c593f1a5-11c2-4273-9636-a8fe79185bdd: already has voted for ebc46dcb-de55-4ee6-9f88-6ea23d1a12c2 at current term 4
2022-03-14 02:39:38,894 [grpc-default-executor-2] INFO  server.RaftServer$Division (RaftServerImpl.java:requestVote(1078)) - ebc46dcb-de55-4ee6-9f88-6ea23d1a12c2@group-34CA344D8402 replies to ELECTION vote request: c593f1a5-11c2-4273-9636-a8fe79185bdd<-ebc46dcb-de55-4ee6-9f88-6ea23d1a12c2#0:FAIL-t4. Peer's state: ebc46dcb-de55-4ee6-9f88-6ea23d1a12c2@group-34CA344D8402:t4, leader=null, voted=ebc46dcb-de55-4ee6-9f88-6ea23d1a12c2, raftlog=ebc46dcb-de55-4ee6-9f88-6ea23d1a12c2@group-34CA344D8402-SegmentedRaftLog:OPENED:c-1, conf=-1: [ebc46dcb-de55-4ee6-9f88-6ea23d1a12c2|rpc:10.1.0.7:45971|priority:0, c593f1a5-11c2-4273-9636-a8fe79185bdd|rpc:10.1.0.7:38051|priority:1, 3a253468-8d3c-457d-ae60-4bc5eace9979|rpc:10.1.0.7:37431|priority:0], old=null
2022-03-14 02:39:38,897 [grpc-default-executor-2] INFO  server.RaftServer$Division (RaftServerImpl.java:requestVote(1046)) - ebc46dcb-de55-4ee6-9f88-6ea23d1a12c2@group-34CA344D8402: receive requestVote(ELECTION, 3a253468-8d3c-457d-ae60-4bc5eace9979, group-34CA344D8402, 4, (t:0, i:0))
2022-03-14 02:39:38,913 [grpc-default-executor-2] INFO  impl.VoteContext (VoteContext.java:log(48)) - ebc46dcb-de55-4ee6-9f88-6ea23d1a12c2@group-34CA344D8402-FOLLOWER: reject ELECTION from 3a253468-8d3c-457d-ae60-4bc5eace9979: already has voted for ebc46dcb-de55-4ee6-9f88-6ea23d1a12c2 at current term 4
2022-03-14 02:39:38,913 [grpc-default-executor-2] INFO  server.RaftServer$Division (RaftServerImpl.java:requestVote(1078)) - ebc46dcb-de55-4ee6-9f88-6ea23d1a12c2@group-34CA344D8402 replies to ELECTION vote request: 3a253468-8d3c-457d-ae60-4bc5eace9979<-ebc46dcb-de55-4ee6-9f88-6ea23d1a12c2#0:FAIL-t4. Peer's state: ebc46dcb-de55-4ee6-9f88-6ea23d1a12c2@group-34CA344D8402:t4, leader=null, voted=ebc46dcb-de55-4ee6-9f88-6ea23d1a12c2, raftlog=ebc46dcb-de55-4ee6-9f88-6ea23d1a12c2@group-34CA344D8402-SegmentedRaftLog:OPENED:c-1, conf=-1: [ebc46dcb-de55-4ee6-9f88-6ea23d1a12c2|rpc:10.1.0.7:45971|priority:0, c593f1a5-11c2-4273-9636-a8fe79185bdd|rpc:10.1.0.7:38051|priority:1, 3a253468-8d3c-457d-ae60-4bc5eace9979|rpc:10.1.0.7:37431|priority:0], old=null
2022-03-14 02:39:38,906 [c593f1a5-11c2-4273-9636-a8fe79185bdd@group-34CA344D8402-LeaderElection22] INFO  impl.LeaderElection (LeaderElection.java:logAndReturn(89)) - c593f1a5-11c2-4273-9636-a8fe79185bdd@group-34CA344D8402-LeaderElection22: ELECTION REJECTED received 2 response(s) and 0 exception(s):
2022-03-14 02:39:38,921 [c593f1a5-11c2-4273-9636-a8fe79185bdd@group-34CA344D8402-LeaderElection22] INFO  impl.LeaderElection (LeaderElection.java:logAndReturn(93)) -   Response 0: c593f1a5-11c2-4273-9636-a8fe79185bdd<-ebc46dcb-de55-4ee6-9f88-6ea23d1a12c2#0:FAIL-t4
2022-03-14 02:39:38,921 [c593f1a5-11c2-4273-9636-a8fe79185bdd@group-34CA344D8402-LeaderElection22] INFO  impl.LeaderElection (LeaderElection.java:logAndReturn(93)) -   Response 1: c593f1a5-11c2-4273-9636-a8fe79185bdd<-3a253468-8d3c-457d-ae60-4bc5eace9979#0:FAIL-t4
2022-03-14 02:39:38,921 [c593f1a5-11c2-4273-9636-a8fe79185bdd@group-34CA344D8402-LeaderElection22] INFO  impl.LeaderElection (LeaderElection.java:askForVotes(308)) - c593f1a5-11c2-4273-9636-a8fe79185bdd@group-34CA344D8402-LeaderElection22 ELECTION round 0: result REJECTED
2022-03-14 02:39:38,922 [c593f1a5-11c2-4273-9636-a8fe79185bdd@group-34CA344D8402-LeaderElection22] INFO  server.RaftServer$Division (RaftServerImpl.java:setRole(290)) - c593f1a5-11c2-4273-9636-a8fe79185bdd@group-34CA344D8402: changes role from CANDIDATE to FOLLOWER at term 4 for REJECTED
2022-03-14 02:39:38,922 [c593f1a5-11c2-4273-9636-a8fe79185bdd@group-34CA344D8402-LeaderElection22] INFO  impl.RoleInfo (RoleInfo.java:shutdownLeaderElection(121)) - c593f1a5-11c2-4273-9636-a8fe79185bdd: shutdown c593f1a5-11c2-4273-9636-a8fe79185bdd@group-34CA344D8402-LeaderElection22
2022-03-14 02:39:38,922 [c593f1a5-11c2-4273-9636-a8fe79185bdd@group-34CA344D8402-LeaderElection22] INFO  impl.RoleInfo (RoleInfo.java:updateAndGet(130)) - c593f1a5-11c2-4273-9636-a8fe79185bdd: start c593f1a5-11c2-4273-9636-a8fe79185bdd@group-34CA344D8402-FollowerState
2022-03-14 02:39:38,923 [grpc-default-executor-2] INFO  server.RaftServer$Division (RaftServerImpl.java:requestVote(1046)) - c593f1a5-11c2-4273-9636-a8fe79185bdd@group-34CA344D8402: receive requestVote(ELECTION, 3a253468-8d3c-457d-ae60-4bc5eace9979, group-34CA344D8402, 4, (t:0, i:0))
2022-03-14 02:39:38,934 [grpc-default-executor-2] INFO  impl.VoteContext (VoteContext.java:log(48)) - c593f1a5-11c2-4273-9636-a8fe79185bdd@group-34CA344D8402-FOLLOWER: reject ELECTION from 3a253468-8d3c-457d-ae60-4bc5eace9979: already has voted for c593f1a5-11c2-4273-9636-a8fe79185bdd at current term 4
2022-03-14 02:39:38,934 [grpc-default-executor-2] INFO  server.RaftServer$Division (RaftServerImpl.java:requestVote(1078)) - c593f1a5-11c2-4273-9636-a8fe79185bdd@group-34CA344D8402 replies to ELECTION vote request: 3a253468-8d3c-457d-ae60-4bc5eace9979<-c593f1a5-11c2-4273-9636-a8fe79185bdd#0:FAIL-t4. Peer's state: c593f1a5-11c2-4273-9636-a8fe79185bdd@group-34CA344D8402:t4, leader=null, voted=c593f1a5-11c2-4273-9636-a8fe79185bdd, raftlog=c593f1a5-11c2-4273-9636-a8fe79185bdd@group-34CA344D8402-SegmentedRaftLog:OPENED:c-1, conf=-1: [ebc46dcb-de55-4ee6-9f88-6ea23d1a12c2|rpc:10.1.0.7:45971|dataStream:|priority:0, c593f1a5-11c2-4273-9636-a8fe79185bdd|rpc:10.1.0.7:38051|dataStream:|priority:1, 3a253468-8d3c-457d-ae60-4bc5eace9979|rpc:10.1.0.7:37431|dataStream:|priority:0], old=null
2022-03-14 02:39:38,943 [3a253468-8d3c-457d-ae60-4bc5eace9979@group-34CA344D8402-LeaderElection24] INFO  impl.LeaderElection (LeaderElection.java:logAndReturn(89)) - 3a253468-8d3c-457d-ae60-4bc5eace9979@group-34CA344D8402-LeaderElection24: ELECTION REJECTED received 2 response(s) and 0 exception(s):
2022-03-14 02:39:38,943 [3a253468-8d3c-457d-ae60-4bc5eace9979@group-34CA344D8402-LeaderElection24] INFO  impl.LeaderElection (LeaderElection.java:logAndReturn(93)) -   Response 0: 3a253468-8d3c-457d-ae60-4bc5eace9979<-ebc46dcb-de55-4ee6-9f88-6ea23d1a12c2#0:FAIL-t4
2022-03-14 02:39:38,943 [3a253468-8d3c-457d-ae60-4bc5eace9979@group-34CA344D8402-LeaderElection24] INFO  impl.LeaderElection (LeaderElection.java:logAndReturn(93)) -   Response 1: 3a253468-8d3c-457d-ae60-4bc5eace9979<-c593f1a5-11c2-4273-9636-a8fe79185bdd#0:FAIL-t4
2022-03-14 02:39:38,943 [3a253468-8d3c-457d-ae60-4bc5eace9979@group-34CA344D8402-LeaderElection24] INFO  impl.LeaderElection (LeaderElection.java:askForVotes(308)) - 3a253468-8d3c-457d-ae60-4bc5eace9979@group-34CA344D8402-LeaderElection24 ELECTION round 0: result REJECTED
2022-03-14 02:39:38,943 [3a253468-8d3c-457d-ae60-4bc5eace9979@group-34CA344D8402-LeaderElection24] INFO  server.RaftServer$Division (RaftServerImpl.java:setRole(290)) - 3a253468-8d3c-457d-ae60-4bc5eace9979@group-34CA344D8402: changes role from CANDIDATE to FOLLOWER at term 4 for REJECTED
2022-03-14 02:39:38,944 [3a253468-8d3c-457d-ae60-4bc5eace9979@group-34CA344D8402-LeaderElection24] INFO  impl.RoleInfo (RoleInfo.java:shutdownLeaderElection(121)) - 3a253468-8d3c-457d-ae60-4bc5eace9979: shutdown 3a253468-8d3c-457d-ae60-4bc5eace9979@group-34CA344D8402-LeaderElection24
2022-03-14 02:39:38,944 [3a253468-8d3c-457d-ae60-4bc5eace9979@group-34CA344D8402-LeaderElection24] INFO  impl.RoleInfo (RoleInfo.java:updateAndGet(130)) - 3a253468-8d3c-457d-ae60-4bc5eace9979: start 3a253468-8d3c-457d-ae60-4bc5eace9979@group-34CA344D8402-FollowerState
2022-03-14 02:39:39,110 [Listener at 127.0.0.1/43591] INFO  ozone.MiniOzoneClusterImpl (MiniOzoneClusterImpl.java:lambda$waitForClusterToBeReady$0(219)) - Nodes are ready. Got 3 of 3 DN Heartbeats.
2022-03-14 02:39:39,111 [Listener at 127.0.0.1/43591] INFO  ozone.MiniOzoneClusterImpl (MiniOzoneClusterImpl.java:lambda$waitForClusterToBeReady$0(222)) - Waiting for cluster to exit safe mode
2022-03-14 02:39:39,111 [Listener at 127.0.0.1/43591] INFO  ozone.MiniOzoneClusterImpl (MiniOzoneClusterImpl.java:lambda$waitForClusterToBeReady$0(224)) - SCM became leader
2022-03-14 02:39:40,112 [Listener at 127.0.0.1/43591] INFO  ozone.MiniOzoneClusterImpl (MiniOzoneClusterImpl.java:lambda$waitForClusterToBeReady$0(219)) - Nodes are ready. Got 3 of 3 DN Heartbeats.
2022-03-14 02:39:40,112 [Listener at 127.0.0.1/43591] INFO  ozone.MiniOzoneClusterImpl (MiniOzoneClusterImpl.java:lambda$waitForClusterToBeReady$0(222)) - Waiting for cluster to exit safe mode
2022-03-14 02:39:40,112 [Listener at 127.0.0.1/43591] INFO  ozone.MiniOzoneClusterImpl (MiniOzoneClusterImpl.java:lambda$waitForClusterToBeReady$0(224)) - SCM became leader
2022-03-14 02:39:41,112 [Listener at 127.0.0.1/43591] INFO  ozone.MiniOzoneClusterImpl (MiniOzoneClusterImpl.java:lambda$waitForClusterToBeReady$0(219)) - Nodes are ready. Got 3 of 3 DN Heartbeats.
2022-03-14 02:39:41,112 [Listener at 127.0.0.1/43591] INFO  ozone.MiniOzoneClusterImpl (MiniOzoneClusterImpl.java:lambda$waitForClusterToBeReady$0(222)) - Waiting for cluster to exit safe mode
2022-03-14 02:39:41,112 [Listener at 127.0.0.1/43591] INFO  ozone.MiniOzoneClusterImpl (MiniOzoneClusterImpl.java:lambda$waitForClusterToBeReady$0(224)) - SCM became leader
2022-03-14 02:39:42,113 [Listener at 127.0.0.1/43591] INFO  ozone.MiniOzoneClusterImpl (MiniOzoneClusterImpl.java:lambda$waitForClusterToBeReady$0(219)) - Nodes are ready. Got 3 of 3 DN Heartbeats.
2022-03-14 02:39:42,113 [Listener at 127.0.0.1/43591] INFO  ozone.MiniOzoneClusterImpl (MiniOzoneClusterImpl.java:lambda$waitForClusterToBeReady$0(222)) - Waiting for cluster to exit safe mode
2022-03-14 02:39:42,113 [Listener at 127.0.0.1/43591] INFO  ozone.MiniOzoneClusterImpl (MiniOzoneClusterImpl.java:lambda$waitForClusterToBeReady$0(224)) - SCM became leader
2022-03-14 02:39:43,113 [Listener at 127.0.0.1/43591] INFO  ozone.MiniOzoneClusterImpl (MiniOzoneClusterImpl.java:lambda$waitForClusterToBeReady$0(219)) - Nodes are ready. Got 3 of 3 DN Heartbeats.
2022-03-14 02:39:43,113 [Listener at 127.0.0.1/43591] INFO  ozone.MiniOzoneClusterImpl (MiniOzoneClusterImpl.java:lambda$waitForClusterToBeReady$0(222)) - Waiting for cluster to exit safe mode
2022-03-14 02:39:43,114 [Listener at 127.0.0.1/43591] INFO  ozone.MiniOzoneClusterImpl (MiniOzoneClusterImpl.java:lambda$waitForClusterToBeReady$0(224)) - SCM became leader
2022-03-14 02:39:44,019 [c593f1a5-11c2-4273-9636-a8fe79185bdd@group-34CA344D8402-FollowerState] INFO  impl.FollowerState (FollowerState.java:run(134)) - c593f1a5-11c2-4273-9636-a8fe79185bdd@group-34CA344D8402-FollowerState: change to CANDIDATE, lastRpcElapsedTime:5097527247ns, electionTimeout:5078ms
2022-03-14 02:39:44,019 [c593f1a5-11c2-4273-9636-a8fe79185bdd@group-34CA344D8402-FollowerState] INFO  impl.RoleInfo (RoleInfo.java:shutdownFollowerState(108)) - c593f1a5-11c2-4273-9636-a8fe79185bdd: shutdown c593f1a5-11c2-4273-9636-a8fe79185bdd@group-34CA344D8402-FollowerState
2022-03-14 02:39:44,019 [c593f1a5-11c2-4273-9636-a8fe79185bdd@group-34CA344D8402-FollowerState] INFO  server.RaftServer$Division (RaftServerImpl.java:setRole(290)) - c593f1a5-11c2-4273-9636-a8fe79185bdd@group-34CA344D8402: changes role from  FOLLOWER to CANDIDATE at term 4 for changeToCandidate
2022-03-14 02:39:44,020 [c593f1a5-11c2-4273-9636-a8fe79185bdd@group-34CA344D8402-FollowerState] INFO  server.RaftServerConfigKeys (ConfUtils.java:logGet(44)) - raft.server.leaderelection.pre-vote = false (custom)
2022-03-14 02:39:44,020 [c593f1a5-11c2-4273-9636-a8fe79185bdd@group-34CA344D8402-FollowerState] INFO  impl.RoleInfo (RoleInfo.java:updateAndGet(130)) - c593f1a5-11c2-4273-9636-a8fe79185bdd: start c593f1a5-11c2-4273-9636-a8fe79185bdd@group-34CA344D8402-LeaderElection25
2022-03-14 02:39:44,038 [ebc46dcb-de55-4ee6-9f88-6ea23d1a12c2@group-34CA344D8402-FollowerState] INFO  impl.FollowerState (FollowerState.java:run(134)) - ebc46dcb-de55-4ee6-9f88-6ea23d1a12c2@group-34CA344D8402-FollowerState: change to CANDIDATE, lastRpcElapsedTime:5155545162ns, electionTimeout:5155ms
2022-03-14 02:39:44,038 [ebc46dcb-de55-4ee6-9f88-6ea23d1a12c2@group-34CA344D8402-FollowerState] INFO  impl.RoleInfo (RoleInfo.java:shutdownFollowerState(108)) - ebc46dcb-de55-4ee6-9f88-6ea23d1a12c2: shutdown ebc46dcb-de55-4ee6-9f88-6ea23d1a12c2@group-34CA344D8402-FollowerState
2022-03-14 02:39:44,038 [ebc46dcb-de55-4ee6-9f88-6ea23d1a12c2@group-34CA344D8402-FollowerState] INFO  server.RaftServer$Division (RaftServerImpl.java:setRole(290)) - ebc46dcb-de55-4ee6-9f88-6ea23d1a12c2@group-34CA344D8402: changes role from  FOLLOWER to CANDIDATE at term 4 for changeToCandidate
2022-03-14 02:39:44,038 [ebc46dcb-de55-4ee6-9f88-6ea23d1a12c2@group-34CA344D8402-FollowerState] INFO  server.RaftServerConfigKeys (ConfUtils.java:logGet(44)) - raft.server.leaderelection.pre-vote = false (custom)
2022-03-14 02:39:44,038 [ebc46dcb-de55-4ee6-9f88-6ea23d1a12c2@group-34CA344D8402-FollowerState] INFO  impl.RoleInfo (RoleInfo.java:updateAndGet(130)) - ebc46dcb-de55-4ee6-9f88-6ea23d1a12c2: start ebc46dcb-de55-4ee6-9f88-6ea23d1a12c2@group-34CA344D8402-LeaderElection26
2022-03-14 02:39:44,048 [3a253468-8d3c-457d-ae60-4bc5eace9979@group-34CA344D8402-FollowerState] INFO  impl.FollowerState (FollowerState.java:run(134)) - 3a253468-8d3c-457d-ae60-4bc5eace9979@group-34CA344D8402-FollowerState: change to CANDIDATE, lastRpcElapsedTime:5104098584ns, electionTimeout:5097ms
2022-03-14 02:39:44,048 [3a253468-8d3c-457d-ae60-4bc5eace9979@group-34CA344D8402-FollowerState] INFO  impl.RoleInfo (RoleInfo.java:shutdownFollowerState(108)) - 3a253468-8d3c-457d-ae60-4bc5eace9979: shutdown 3a253468-8d3c-457d-ae60-4bc5eace9979@group-34CA344D8402-FollowerState
2022-03-14 02:39:44,048 [3a253468-8d3c-457d-ae60-4bc5eace9979@group-34CA344D8402-FollowerState] INFO  server.RaftServer$Division (RaftServerImpl.java:setRole(290)) - 3a253468-8d3c-457d-ae60-4bc5eace9979@group-34CA344D8402: changes role from  FOLLOWER to CANDIDATE at term 4 for changeToCandidate
2022-03-14 02:39:44,048 [3a253468-8d3c-457d-ae60-4bc5eace9979@group-34CA344D8402-FollowerState] INFO  server.RaftServerConfigKeys (ConfUtils.java:logGet(44)) - raft.server.leaderelection.pre-vote = false (custom)
2022-03-14 02:39:44,048 [3a253468-8d3c-457d-ae60-4bc5eace9979@group-34CA344D8402-FollowerState] INFO  impl.RoleInfo (RoleInfo.java:updateAndGet(130)) - 3a253468-8d3c-457d-ae60-4bc5eace9979: start 3a253468-8d3c-457d-ae60-4bc5eace9979@group-34CA344D8402-LeaderElection27
2022-03-14 02:39:44,053 [c593f1a5-11c2-4273-9636-a8fe79185bdd@group-34CA344D8402-LeaderElection25] INFO  impl.LeaderElection (LeaderElection.java:askForVotes(306)) - c593f1a5-11c2-4273-9636-a8fe79185bdd@group-34CA344D8402-LeaderElection25 ELECTION round 0: submit vote requests at term 5 for -1: [ebc46dcb-de55-4ee6-9f88-6ea23d1a12c2|rpc:10.1.0.7:45971|dataStream:|priority:0, c593f1a5-11c2-4273-9636-a8fe79185bdd|rpc:10.1.0.7:38051|dataStream:|priority:1, 3a253468-8d3c-457d-ae60-4bc5eace9979|rpc:10.1.0.7:37431|dataStream:|priority:0], old=null
2022-03-14 02:39:44,056 [ebc46dcb-de55-4ee6-9f88-6ea23d1a12c2@group-34CA344D8402-LeaderElection26] INFO  impl.LeaderElection (LeaderElection.java:askForVotes(306)) - ebc46dcb-de55-4ee6-9f88-6ea23d1a12c2@group-34CA344D8402-LeaderElection26 ELECTION round 0: submit vote requests at term 5 for -1: [ebc46dcb-de55-4ee6-9f88-6ea23d1a12c2|rpc:10.1.0.7:45971|priority:0, c593f1a5-11c2-4273-9636-a8fe79185bdd|rpc:10.1.0.7:38051|priority:1, 3a253468-8d3c-457d-ae60-4bc5eace9979|rpc:10.1.0.7:37431|priority:0], old=null
2022-03-14 02:39:44,058 [3a253468-8d3c-457d-ae60-4bc5eace9979@group-34CA344D8402-LeaderElection27] INFO  impl.LeaderElection (LeaderElection.java:askForVotes(306)) - 3a253468-8d3c-457d-ae60-4bc5eace9979@group-34CA344D8402-LeaderElection27 ELECTION round 0: submit vote requests at term 5 for -1: [ebc46dcb-de55-4ee6-9f88-6ea23d1a12c2|rpc:10.1.0.7:45971|dataStream:|priority:0, c593f1a5-11c2-4273-9636-a8fe79185bdd|rpc:10.1.0.7:38051|dataStream:|priority:1, 3a253468-8d3c-457d-ae60-4bc5eace9979|rpc:10.1.0.7:37431|dataStream:|priority:0], old=null
2022-03-14 02:39:44,073 [grpc-default-executor-2] INFO  server.RaftServer$Division (RaftServerImpl.java:requestVote(1046)) - c593f1a5-11c2-4273-9636-a8fe79185bdd@group-34CA344D8402: receive requestVote(ELECTION, ebc46dcb-de55-4ee6-9f88-6ea23d1a12c2, group-34CA344D8402, 5, (t:0, i:0))
2022-03-14 02:39:44,073 [grpc-default-executor-2] INFO  impl.VoteContext (VoteContext.java:log(48)) - c593f1a5-11c2-4273-9636-a8fe79185bdd@group-34CA344D8402-CANDIDATE: reject ELECTION from ebc46dcb-de55-4ee6-9f88-6ea23d1a12c2: already has voted for c593f1a5-11c2-4273-9636-a8fe79185bdd at current term 5
2022-03-14 02:39:44,073 [grpc-default-executor-2] INFO  server.RaftServer$Division (RaftServerImpl.java:requestVote(1078)) - c593f1a5-11c2-4273-9636-a8fe79185bdd@group-34CA344D8402 replies to ELECTION vote request: ebc46dcb-de55-4ee6-9f88-6ea23d1a12c2<-c593f1a5-11c2-4273-9636-a8fe79185bdd#0:FAIL-t5. Peer's state: c593f1a5-11c2-4273-9636-a8fe79185bdd@group-34CA344D8402:t5, leader=null, voted=c593f1a5-11c2-4273-9636-a8fe79185bdd, raftlog=c593f1a5-11c2-4273-9636-a8fe79185bdd@group-34CA344D8402-SegmentedRaftLog:OPENED:c-1, conf=-1: [ebc46dcb-de55-4ee6-9f88-6ea23d1a12c2|rpc:10.1.0.7:45971|dataStream:|priority:0, c593f1a5-11c2-4273-9636-a8fe79185bdd|rpc:10.1.0.7:38051|dataStream:|priority:1, 3a253468-8d3c-457d-ae60-4bc5eace9979|rpc:10.1.0.7:37431|dataStream:|priority:0], old=null
2022-03-14 02:39:44,085 [ebc46dcb-de55-4ee6-9f88-6ea23d1a12c2@group-34CA344D8402-LeaderElection26] INFO  impl.LeaderElection (LeaderElection.java:logAndReturn(89)) - ebc46dcb-de55-4ee6-9f88-6ea23d1a12c2@group-34CA344D8402-LeaderElection26: ELECTION REJECTED received 1 response(s) and 0 exception(s):
2022-03-14 02:39:44,093 [ebc46dcb-de55-4ee6-9f88-6ea23d1a12c2@group-34CA344D8402-LeaderElection26] INFO  impl.LeaderElection (LeaderElection.java:logAndReturn(93)) -   Response 0: ebc46dcb-de55-4ee6-9f88-6ea23d1a12c2<-c593f1a5-11c2-4273-9636-a8fe79185bdd#0:FAIL-t5
2022-03-14 02:39:44,094 [ebc46dcb-de55-4ee6-9f88-6ea23d1a12c2@group-34CA344D8402-LeaderElection26] INFO  impl.LeaderElection (LeaderElection.java:askForVotes(308)) - ebc46dcb-de55-4ee6-9f88-6ea23d1a12c2@group-34CA344D8402-LeaderElection26 ELECTION round 0: result REJECTED
2022-03-14 02:39:44,094 [ebc46dcb-de55-4ee6-9f88-6ea23d1a12c2@group-34CA344D8402-LeaderElection26] INFO  server.RaftServer$Division (RaftServerImpl.java:setRole(290)) - ebc46dcb-de55-4ee6-9f88-6ea23d1a12c2@group-34CA344D8402: changes role from CANDIDATE to FOLLOWER at term 5 for REJECTED
2022-03-14 02:39:44,094 [ebc46dcb-de55-4ee6-9f88-6ea23d1a12c2@group-34CA344D8402-LeaderElection26] INFO  impl.RoleInfo (RoleInfo.java:shutdownLeaderElection(121)) - ebc46dcb-de55-4ee6-9f88-6ea23d1a12c2: shutdown ebc46dcb-de55-4ee6-9f88-6ea23d1a12c2@group-34CA344D8402-LeaderElection26
2022-03-14 02:39:44,094 [ebc46dcb-de55-4ee6-9f88-6ea23d1a12c2@group-34CA344D8402-LeaderElection26] INFO  impl.RoleInfo (RoleInfo.java:updateAndGet(130)) - ebc46dcb-de55-4ee6-9f88-6ea23d1a12c2: start ebc46dcb-de55-4ee6-9f88-6ea23d1a12c2@group-34CA344D8402-FollowerState
2022-03-14 02:39:44,094 [grpc-default-executor-1] INFO  server.RaftServer$Division (RaftServerImpl.java:requestVote(1046)) - 3a253468-8d3c-457d-ae60-4bc5eace9979@group-34CA344D8402: receive requestVote(ELECTION, ebc46dcb-de55-4ee6-9f88-6ea23d1a12c2, group-34CA344D8402, 5, (t:0, i:0))
2022-03-14 02:39:44,133 [grpc-default-executor-1] INFO  impl.VoteContext (VoteContext.java:log(48)) - 3a253468-8d3c-457d-ae60-4bc5eace9979@group-34CA344D8402-CANDIDATE: reject ELECTION from ebc46dcb-de55-4ee6-9f88-6ea23d1a12c2: already has voted for 3a253468-8d3c-457d-ae60-4bc5eace9979 at current term 5
2022-03-14 02:39:44,133 [grpc-default-executor-1] INFO  server.RaftServer$Division (RaftServerImpl.java:requestVote(1078)) - 3a253468-8d3c-457d-ae60-4bc5eace9979@group-34CA344D8402 replies to ELECTION vote request: ebc46dcb-de55-4ee6-9f88-6ea23d1a12c2<-3a253468-8d3c-457d-ae60-4bc5eace9979#0:FAIL-t5. Peer's state: 3a253468-8d3c-457d-ae60-4bc5eace9979@group-34CA344D8402:t5, leader=null, voted=3a253468-8d3c-457d-ae60-4bc5eace9979, raftlog=3a253468-8d3c-457d-ae60-4bc5eace9979@group-34CA344D8402-SegmentedRaftLog:OPENED:c-1, conf=-1: [ebc46dcb-de55-4ee6-9f88-6ea23d1a12c2|rpc:10.1.0.7:45971|dataStream:|priority:0, c593f1a5-11c2-4273-9636-a8fe79185bdd|rpc:10.1.0.7:38051|dataStream:|priority:1, 3a253468-8d3c-457d-ae60-4bc5eace9979|rpc:10.1.0.7:37431|dataStream:|priority:0], old=null
2022-03-14 02:39:44,085 [grpc-default-executor-2] INFO  server.RaftServer$Division (RaftServerImpl.java:requestVote(1046)) - 3a253468-8d3c-457d-ae60-4bc5eace9979@group-34CA344D8402: receive requestVote(ELECTION, c593f1a5-11c2-4273-9636-a8fe79185bdd, group-34CA344D8402, 5, (t:0, i:0))
2022-03-14 02:39:44,134 [grpc-default-executor-2] INFO  impl.VoteContext (VoteContext.java:log(48)) - 3a253468-8d3c-457d-ae60-4bc5eace9979@group-34CA344D8402-CANDIDATE: reject ELECTION from c593f1a5-11c2-4273-9636-a8fe79185bdd: already has voted for 3a253468-8d3c-457d-ae60-4bc5eace9979 at current term 5
2022-03-14 02:39:44,134 [grpc-default-executor-2] INFO  server.RaftServer$Division (RaftServerImpl.java:requestVote(1078)) - 3a253468-8d3c-457d-ae60-4bc5eace9979@group-34CA344D8402 replies to ELECTION vote request: c593f1a5-11c2-4273-9636-a8fe79185bdd<-3a253468-8d3c-457d-ae60-4bc5eace9979#0:FAIL-t5. Peer's state: 3a253468-8d3c-457d-ae60-4bc5eace9979@group-34CA344D8402:t5, leader=null, voted=3a253468-8d3c-457d-ae60-4bc5eace9979, raftlog=3a253468-8d3c-457d-ae60-4bc5eace9979@group-34CA344D8402-SegmentedRaftLog:OPENED:c-1, conf=-1: [ebc46dcb-de55-4ee6-9f88-6ea23d1a12c2|rpc:10.1.0.7:45971|dataStream:|priority:0, c593f1a5-11c2-4273-9636-a8fe79185bdd|rpc:10.1.0.7:38051|dataStream:|priority:1, 3a253468-8d3c-457d-ae60-4bc5eace9979|rpc:10.1.0.7:37431|dataStream:|priority:0], old=null
2022-03-14 02:39:44,085 [grpc-default-executor-0] INFO  server.RaftServer$Division (RaftServerImpl.java:requestVote(1046)) - ebc46dcb-de55-4ee6-9f88-6ea23d1a12c2@group-34CA344D8402: receive requestVote(ELECTION, c593f1a5-11c2-4273-9636-a8fe79185bdd, group-34CA344D8402, 5, (t:0, i:0))
2022-03-14 02:39:44,139 [grpc-default-executor-0] INFO  impl.VoteContext (VoteContext.java:log(48)) - ebc46dcb-de55-4ee6-9f88-6ea23d1a12c2@group-34CA344D8402-FOLLOWER: reject ELECTION from c593f1a5-11c2-4273-9636-a8fe79185bdd: already has voted for ebc46dcb-de55-4ee6-9f88-6ea23d1a12c2 at current term 5
2022-03-14 02:39:44,139 [grpc-default-executor-0] INFO  server.RaftServer$Division (RaftServerImpl.java:requestVote(1078)) - ebc46dcb-de55-4ee6-9f88-6ea23d1a12c2@group-34CA344D8402 replies to ELECTION vote request: c593f1a5-11c2-4273-9636-a8fe79185bdd<-ebc46dcb-de55-4ee6-9f88-6ea23d1a12c2#0:FAIL-t5. Peer's state: ebc46dcb-de55-4ee6-9f88-6ea23d1a12c2@group-34CA344D8402:t5, leader=null, voted=ebc46dcb-de55-4ee6-9f88-6ea23d1a12c2, raftlog=ebc46dcb-de55-4ee6-9f88-6ea23d1a12c2@group-34CA344D8402-SegmentedRaftLog:OPENED:c-1, conf=-1: [ebc46dcb-de55-4ee6-9f88-6ea23d1a12c2|rpc:10.1.0.7:45971|priority:0, c593f1a5-11c2-4273-9636-a8fe79185bdd|rpc:10.1.0.7:38051|priority:1, 3a253468-8d3c-457d-ae60-4bc5eace9979|rpc:10.1.0.7:37431|priority:0], old=null
2022-03-14 02:39:44,140 [grpc-default-executor-4] INFO  server.RaftServer$Division (RaftServerImpl.java:requestVote(1046)) - c593f1a5-11c2-4273-9636-a8fe79185bdd@group-34CA344D8402: receive requestVote(ELECTION, 3a253468-8d3c-457d-ae60-4bc5eace9979, group-34CA344D8402, 5, (t:0, i:0))
2022-03-14 02:39:44,140 [grpc-default-executor-4] INFO  impl.VoteContext (VoteContext.java:log(48)) - c593f1a5-11c2-4273-9636-a8fe79185bdd@group-34CA344D8402-CANDIDATE: reject ELECTION from 3a253468-8d3c-457d-ae60-4bc5eace9979: already has voted for c593f1a5-11c2-4273-9636-a8fe79185bdd at current term 5
2022-03-14 02:39:44,140 [grpc-default-executor-4] INFO  server.RaftServer$Division (RaftServerImpl.java:requestVote(1078)) - c593f1a5-11c2-4273-9636-a8fe79185bdd@group-34CA344D8402 replies to ELECTION vote request: 3a253468-8d3c-457d-ae60-4bc5eace9979<-c593f1a5-11c2-4273-9636-a8fe79185bdd#0:FAIL-t5. Peer's state: c593f1a5-11c2-4273-9636-a8fe79185bdd@group-34CA344D8402:t5, leader=null, voted=c593f1a5-11c2-4273-9636-a8fe79185bdd, raftlog=c593f1a5-11c2-4273-9636-a8fe79185bdd@group-34CA344D8402-SegmentedRaftLog:OPENED:c-1, conf=-1: [ebc46dcb-de55-4ee6-9f88-6ea23d1a12c2|rpc:10.1.0.7:45971|dataStream:|priority:0, c593f1a5-11c2-4273-9636-a8fe79185bdd|rpc:10.1.0.7:38051|dataStream:|priority:1, 3a253468-8d3c-457d-ae60-4bc5eace9979|rpc:10.1.0.7:37431|dataStream:|priority:0], old=null
2022-03-14 02:39:44,125 [grpc-default-executor-3] INFO  server.RaftServer$Division (RaftServerImpl.java:requestVote(1046)) - ebc46dcb-de55-4ee6-9f88-6ea23d1a12c2@group-34CA344D8402: receive requestVote(ELECTION, 3a253468-8d3c-457d-ae60-4bc5eace9979, group-34CA344D8402, 5, (t:0, i:0))
2022-03-14 02:39:44,142 [grpc-default-executor-3] INFO  impl.VoteContext (VoteContext.java:log(48)) - ebc46dcb-de55-4ee6-9f88-6ea23d1a12c2@group-34CA344D8402-FOLLOWER: reject ELECTION from 3a253468-8d3c-457d-ae60-4bc5eace9979: already has voted for ebc46dcb-de55-4ee6-9f88-6ea23d1a12c2 at current term 5
2022-03-14 02:39:44,142 [grpc-default-executor-3] INFO  server.RaftServer$Division (RaftServerImpl.java:requestVote(1078)) - ebc46dcb-de55-4ee6-9f88-6ea23d1a12c2@group-34CA344D8402 replies to ELECTION vote request: 3a253468-8d3c-457d-ae60-4bc5eace9979<-ebc46dcb-de55-4ee6-9f88-6ea23d1a12c2#0:FAIL-t5. Peer's state: ebc46dcb-de55-4ee6-9f88-6ea23d1a12c2@group-34CA344D8402:t5, leader=null, voted=ebc46dcb-de55-4ee6-9f88-6ea23d1a12c2, raftlog=ebc46dcb-de55-4ee6-9f88-6ea23d1a12c2@group-34CA344D8402-SegmentedRaftLog:OPENED:c-1, conf=-1: [ebc46dcb-de55-4ee6-9f88-6ea23d1a12c2|rpc:10.1.0.7:45971|priority:0, c593f1a5-11c2-4273-9636-a8fe79185bdd|rpc:10.1.0.7:38051|priority:1, 3a253468-8d3c-457d-ae60-4bc5eace9979|rpc:10.1.0.7:37431|priority:0], old=null
2022-03-14 02:39:44,114 [Listener at 127.0.0.1/43591] INFO  ozone.MiniOzoneClusterImpl (MiniOzoneClusterImpl.java:lambda$waitForClusterToBeReady$0(219)) - Nodes are ready. Got 3 of 3 DN Heartbeats.
2022-03-14 02:39:44,154 [Listener at 127.0.0.1/43591] INFO  ozone.MiniOzoneClusterImpl (MiniOzoneClusterImpl.java:lambda$waitForClusterToBeReady$0(222)) - Waiting for cluster to exit safe mode
2022-03-14 02:39:44,154 [Listener at 127.0.0.1/43591] INFO  ozone.MiniOzoneClusterImpl (MiniOzoneClusterImpl.java:lambda$waitForClusterToBeReady$0(224)) - SCM became leader
2022-03-14 02:39:44,150 [c593f1a5-11c2-4273-9636-a8fe79185bdd@group-34CA344D8402-LeaderElection25] INFO  impl.LeaderElection (LeaderElection.java:logAndReturn(89)) - c593f1a5-11c2-4273-9636-a8fe79185bdd@group-34CA344D8402-LeaderElection25: ELECTION REJECTED received 2 response(s) and 0 exception(s):
2022-03-14 02:39:44,150 [3a253468-8d3c-457d-ae60-4bc5eace9979@group-34CA344D8402-LeaderElection27] INFO  impl.LeaderElection (LeaderElection.java:logAndReturn(89)) - 3a253468-8d3c-457d-ae60-4bc5eace9979@group-34CA344D8402-LeaderElection27: ELECTION REJECTED received 2 response(s) and 0 exception(s):
2022-03-14 02:39:44,154 [3a253468-8d3c-457d-ae60-4bc5eace9979@group-34CA344D8402-LeaderElection27] INFO  impl.LeaderElection (LeaderElection.java:logAndReturn(93)) -   Response 0: 3a253468-8d3c-457d-ae60-4bc5eace9979<-ebc46dcb-de55-4ee6-9f88-6ea23d1a12c2#0:FAIL-t5
2022-03-14 02:39:44,154 [3a253468-8d3c-457d-ae60-4bc5eace9979@group-34CA344D8402-LeaderElection27] INFO  impl.LeaderElection (LeaderElection.java:logAndReturn(93)) -   Response 1: 3a253468-8d3c-457d-ae60-4bc5eace9979<-c593f1a5-11c2-4273-9636-a8fe79185bdd#0:FAIL-t5
2022-03-14 02:39:44,155 [3a253468-8d3c-457d-ae60-4bc5eace9979@group-34CA344D8402-LeaderElection27] INFO  impl.LeaderElection (LeaderElection.java:askForVotes(308)) - 3a253468-8d3c-457d-ae60-4bc5eace9979@group-34CA344D8402-LeaderElection27 ELECTION round 0: result REJECTED
2022-03-14 02:39:44,155 [3a253468-8d3c-457d-ae60-4bc5eace9979@group-34CA344D8402-LeaderElection27] INFO  server.RaftServer$Division (RaftServerImpl.java:setRole(290)) - 3a253468-8d3c-457d-ae60-4bc5eace9979@group-34CA344D8402: changes role from CANDIDATE to FOLLOWER at term 5 for REJECTED
2022-03-14 02:39:44,155 [3a253468-8d3c-457d-ae60-4bc5eace9979@group-34CA344D8402-LeaderElection27] INFO  impl.RoleInfo (RoleInfo.java:shutdownLeaderElection(121)) - 3a253468-8d3c-457d-ae60-4bc5eace9979: shutdown 3a253468-8d3c-457d-ae60-4bc5eace9979@group-34CA344D8402-LeaderElection27
2022-03-14 02:39:44,155 [3a253468-8d3c-457d-ae60-4bc5eace9979@group-34CA344D8402-LeaderElection27] INFO  impl.RoleInfo (RoleInfo.java:updateAndGet(130)) - 3a253468-8d3c-457d-ae60-4bc5eace9979: start 3a253468-8d3c-457d-ae60-4bc5eace9979@group-34CA344D8402-FollowerState
2022-03-14 02:39:44,154 [c593f1a5-11c2-4273-9636-a8fe79185bdd@group-34CA344D8402-LeaderElection25] INFO  impl.LeaderElection (LeaderElection.java:logAndReturn(93)) -   Response 0: c593f1a5-11c2-4273-9636-a8fe79185bdd<-ebc46dcb-de55-4ee6-9f88-6ea23d1a12c2#0:FAIL-t5
2022-03-14 02:39:44,155 [c593f1a5-11c2-4273-9636-a8fe79185bdd@group-34CA344D8402-LeaderElection25] INFO  impl.LeaderElection (LeaderElection.java:logAndReturn(93)) -   Response 1: c593f1a5-11c2-4273-9636-a8fe79185bdd<-3a253468-8d3c-457d-ae60-4bc5eace9979#0:FAIL-t5
2022-03-14 02:39:44,161 [c593f1a5-11c2-4273-9636-a8fe79185bdd@group-34CA344D8402-LeaderElection25] INFO  impl.LeaderElection (LeaderElection.java:askForVotes(308)) - c593f1a5-11c2-4273-9636-a8fe79185bdd@group-34CA344D8402-LeaderElection25 ELECTION round 0: result REJECTED
2022-03-14 02:39:44,161 [c593f1a5-11c2-4273-9636-a8fe79185bdd@group-34CA344D8402-LeaderElection25] INFO  server.RaftServer$Division (RaftServerImpl.java:setRole(290)) - c593f1a5-11c2-4273-9636-a8fe79185bdd@group-34CA344D8402: changes role from CANDIDATE to FOLLOWER at term 5 for REJECTED
2022-03-14 02:39:44,161 [c593f1a5-11c2-4273-9636-a8fe79185bdd@group-34CA344D8402-LeaderElection25] INFO  impl.RoleInfo (RoleInfo.java:shutdownLeaderElection(121)) - c593f1a5-11c2-4273-9636-a8fe79185bdd: shutdown c593f1a5-11c2-4273-9636-a8fe79185bdd@group-34CA344D8402-LeaderElection25
2022-03-14 02:39:44,161 [c593f1a5-11c2-4273-9636-a8fe79185bdd@group-34CA344D8402-LeaderElection25] INFO  impl.RoleInfo (RoleInfo.java:updateAndGet(130)) - c593f1a5-11c2-4273-9636-a8fe79185bdd: start c593f1a5-11c2-4273-9636-a8fe79185bdd@group-34CA344D8402-FollowerState
2022-03-14 02:39:45,154 [Listener at 127.0.0.1/43591] INFO  ozone.MiniOzoneClusterImpl (MiniOzoneClusterImpl.java:lambda$waitForClusterToBeReady$0(219)) - Nodes are ready. Got 3 of 3 DN Heartbeats.
2022-03-14 02:39:45,154 [Listener at 127.0.0.1/43591] INFO  ozone.MiniOzoneClusterImpl (MiniOzoneClusterImpl.java:lambda$waitForClusterToBeReady$0(222)) - Waiting for cluster to exit safe mode
2022-03-14 02:39:45,154 [Listener at 127.0.0.1/43591] INFO  ozone.MiniOzoneClusterImpl (MiniOzoneClusterImpl.java:lambda$waitForClusterToBeReady$0(224)) - SCM became leader
2022-03-14 02:39:46,155 [Listener at 127.0.0.1/43591] INFO  ozone.MiniOzoneClusterImpl (MiniOzoneClusterImpl.java:lambda$waitForClusterToBeReady$0(219)) - Nodes are ready. Got 3 of 3 DN Heartbeats.
2022-03-14 02:39:46,155 [Listener at 127.0.0.1/43591] INFO  ozone.MiniOzoneClusterImpl (MiniOzoneClusterImpl.java:lambda$waitForClusterToBeReady$0(222)) - Waiting for cluster to exit safe mode
2022-03-14 02:39:46,155 [Listener at 127.0.0.1/43591] INFO  ozone.MiniOzoneClusterImpl (MiniOzoneClusterImpl.java:lambda$waitForClusterToBeReady$0(224)) - SCM became leader
2022-03-14 02:39:47,155 [Listener at 127.0.0.1/43591] INFO  ozone.MiniOzoneClusterImpl (MiniOzoneClusterImpl.java:lambda$waitForClusterToBeReady$0(219)) - Nodes are ready. Got 3 of 3 DN Heartbeats.
2022-03-14 02:39:47,156 [Listener at 127.0.0.1/43591] INFO  ozone.MiniOzoneClusterImpl (MiniOzoneClusterImpl.java:lambda$waitForClusterToBeReady$0(222)) - Waiting for cluster to exit safe mode
2022-03-14 02:39:47,156 [Listener at 127.0.0.1/43591] INFO  ozone.MiniOzoneClusterImpl (MiniOzoneClusterImpl.java:lambda$waitForClusterToBeReady$0(224)) - SCM became leader
2022-03-14 02:39:48,156 [Listener at 127.0.0.1/43591] INFO  ozone.MiniOzoneClusterImpl (MiniOzoneClusterImpl.java:lambda$waitForClusterToBeReady$0(219)) - Nodes are ready. Got 3 of 3 DN Heartbeats.
2022-03-14 02:39:48,156 [Listener at 127.0.0.1/43591] INFO  ozone.MiniOzoneClusterImpl (MiniOzoneClusterImpl.java:lambda$waitForClusterToBeReady$0(222)) - Waiting for cluster to exit safe mode
2022-03-14 02:39:48,156 [Listener at 127.0.0.1/43591] INFO  ozone.MiniOzoneClusterImpl (MiniOzoneClusterImpl.java:lambda$waitForClusterToBeReady$0(224)) - SCM became leader
2022-03-14 02:39:49,156 [Listener at 127.0.0.1/43591] INFO  ozone.MiniOzoneClusterImpl (MiniOzoneClusterImpl.java:lambda$waitForClusterToBeReady$0(219)) - Nodes are ready. Got 3 of 3 DN Heartbeats.
2022-03-14 02:39:49,157 [Listener at 127.0.0.1/43591] INFO  ozone.MiniOzoneClusterImpl (MiniOzoneClusterImpl.java:lambda$waitForClusterToBeReady$0(222)) - Waiting for cluster to exit safe mode
2022-03-14 02:39:49,157 [Listener at 127.0.0.1/43591] INFO  ozone.MiniOzoneClusterImpl (MiniOzoneClusterImpl.java:lambda$waitForClusterToBeReady$0(224)) - SCM became leader
2022-03-14 02:39:49,180 [3a253468-8d3c-457d-ae60-4bc5eace9979@group-34CA344D8402-FollowerState] INFO  impl.FollowerState (FollowerState.java:run(134)) - 3a253468-8d3c-457d-ae60-4bc5eace9979@group-34CA344D8402-FollowerState: change to CANDIDATE, lastRpcElapsedTime:5024767390ns, electionTimeout:5018ms
2022-03-14 02:39:49,180 [3a253468-8d3c-457d-ae60-4bc5eace9979@group-34CA344D8402-FollowerState] INFO  impl.RoleInfo (RoleInfo.java:shutdownFollowerState(108)) - 3a253468-8d3c-457d-ae60-4bc5eace9979: shutdown 3a253468-8d3c-457d-ae60-4bc5eace9979@group-34CA344D8402-FollowerState
2022-03-14 02:39:49,180 [3a253468-8d3c-457d-ae60-4bc5eace9979@group-34CA344D8402-FollowerState] INFO  server.RaftServer$Division (RaftServerImpl.java:setRole(290)) - 3a253468-8d3c-457d-ae60-4bc5eace9979@group-34CA344D8402: changes role from  FOLLOWER to CANDIDATE at term 5 for changeToCandidate
2022-03-14 02:39:49,180 [3a253468-8d3c-457d-ae60-4bc5eace9979@group-34CA344D8402-FollowerState] INFO  server.RaftServerConfigKeys (ConfUtils.java:logGet(44)) - raft.server.leaderelection.pre-vote = false (custom)
2022-03-14 02:39:49,180 [3a253468-8d3c-457d-ae60-4bc5eace9979@group-34CA344D8402-FollowerState] INFO  impl.RoleInfo (RoleInfo.java:updateAndGet(130)) - 3a253468-8d3c-457d-ae60-4bc5eace9979: start 3a253468-8d3c-457d-ae60-4bc5eace9979@group-34CA344D8402-LeaderElection28
2022-03-14 02:39:49,192 [ebc46dcb-de55-4ee6-9f88-6ea23d1a12c2@group-34CA344D8402-FollowerState] INFO  impl.FollowerState (FollowerState.java:run(134)) - ebc46dcb-de55-4ee6-9f88-6ea23d1a12c2@group-34CA344D8402-FollowerState: change to CANDIDATE, lastRpcElapsedTime:5097920321ns, electionTimeout:5087ms
2022-03-14 02:39:49,192 [ebc46dcb-de55-4ee6-9f88-6ea23d1a12c2@group-34CA344D8402-FollowerState] INFO  impl.RoleInfo (RoleInfo.java:shutdownFollowerState(108)) - ebc46dcb-de55-4ee6-9f88-6ea23d1a12c2: shutdown ebc46dcb-de55-4ee6-9f88-6ea23d1a12c2@group-34CA344D8402-FollowerState
2022-03-14 02:39:49,192 [ebc46dcb-de55-4ee6-9f88-6ea23d1a12c2@group-34CA344D8402-FollowerState] INFO  server.RaftServer$Division (RaftServerImpl.java:setRole(290)) - ebc46dcb-de55-4ee6-9f88-6ea23d1a12c2@group-34CA344D8402: changes role from  FOLLOWER to CANDIDATE at term 5 for changeToCandidate
2022-03-14 02:39:49,192 [ebc46dcb-de55-4ee6-9f88-6ea23d1a12c2@group-34CA344D8402-FollowerState] INFO  server.RaftServerConfigKeys (ConfUtils.java:logGet(44)) - raft.server.leaderelection.pre-vote = false (custom)
2022-03-14 02:39:49,192 [ebc46dcb-de55-4ee6-9f88-6ea23d1a12c2@group-34CA344D8402-FollowerState] INFO  impl.RoleInfo (RoleInfo.java:updateAndGet(130)) - ebc46dcb-de55-4ee6-9f88-6ea23d1a12c2: start ebc46dcb-de55-4ee6-9f88-6ea23d1a12c2@group-34CA344D8402-LeaderElection29
2022-03-14 02:39:49,194 [3a253468-8d3c-457d-ae60-4bc5eace9979@group-34CA344D8402-LeaderElection28] INFO  impl.LeaderElection (LeaderElection.java:askForVotes(306)) - 3a253468-8d3c-457d-ae60-4bc5eace9979@group-34CA344D8402-LeaderElection28 ELECTION round 0: submit vote requests at term 6 for -1: [ebc46dcb-de55-4ee6-9f88-6ea23d1a12c2|rpc:10.1.0.7:45971|dataStream:|priority:0, c593f1a5-11c2-4273-9636-a8fe79185bdd|rpc:10.1.0.7:38051|dataStream:|priority:1, 3a253468-8d3c-457d-ae60-4bc5eace9979|rpc:10.1.0.7:37431|dataStream:|priority:0], old=null
2022-03-14 02:39:49,215 [grpc-default-executor-0] INFO  server.RaftServer$Division (RaftServerImpl.java:requestVote(1046)) - c593f1a5-11c2-4273-9636-a8fe79185bdd@group-34CA344D8402: receive requestVote(ELECTION, 3a253468-8d3c-457d-ae60-4bc5eace9979, group-34CA344D8402, 6, (t:0, i:0))
2022-03-14 02:39:49,216 [grpc-default-executor-0] INFO  impl.VoteContext (VoteContext.java:log(48)) - c593f1a5-11c2-4273-9636-a8fe79185bdd@group-34CA344D8402-FOLLOWER: reject ELECTION from 3a253468-8d3c-457d-ae60-4bc5eace9979: our priority 1 > candidate's priority 0
2022-03-14 02:39:49,216 [grpc-default-executor-0] INFO  server.RaftServer$Division (RaftServerImpl.java:setRole(290)) - c593f1a5-11c2-4273-9636-a8fe79185bdd@group-34CA344D8402: changes role from  FOLLOWER to FOLLOWER at term 6 for candidate:3a253468-8d3c-457d-ae60-4bc5eace9979
2022-03-14 02:39:49,216 [grpc-default-executor-0] INFO  impl.RoleInfo (RoleInfo.java:shutdownFollowerState(108)) - c593f1a5-11c2-4273-9636-a8fe79185bdd: shutdown c593f1a5-11c2-4273-9636-a8fe79185bdd@group-34CA344D8402-FollowerState
2022-03-14 02:39:49,216 [grpc-default-executor-0] INFO  impl.RoleInfo (RoleInfo.java:updateAndGet(130)) - c593f1a5-11c2-4273-9636-a8fe79185bdd: start c593f1a5-11c2-4273-9636-a8fe79185bdd@group-34CA344D8402-FollowerState
2022-03-14 02:39:49,216 [c593f1a5-11c2-4273-9636-a8fe79185bdd@group-34CA344D8402-FollowerState] INFO  impl.FollowerState (FollowerState.java:run(143)) - c593f1a5-11c2-4273-9636-a8fe79185bdd@group-34CA344D8402-FollowerState was interrupted: {}
java.lang.InterruptedException: sleep interrupted
	at java.lang.Thread.sleep(Native Method)
	at java.lang.Thread.sleep(Thread.java:342)
	at java.util.concurrent.TimeUnit.sleep(TimeUnit.java:386)
	at org.apache.ratis.util.TimeDuration.sleep(TimeDuration.java:324)
	at org.apache.ratis.util.TimeDuration.sleep(TimeDuration.java:309)
	at org.apache.ratis.server.impl.FollowerState.run(FollowerState.java:118)
2022-03-14 02:39:49,218 [ebc46dcb-de55-4ee6-9f88-6ea23d1a12c2@group-34CA344D8402-LeaderElection29] INFO  impl.LeaderElection (LeaderElection.java:askForVotes(306)) - ebc46dcb-de55-4ee6-9f88-6ea23d1a12c2@group-34CA344D8402-LeaderElection29 ELECTION round 0: submit vote requests at term 6 for -1: [ebc46dcb-de55-4ee6-9f88-6ea23d1a12c2|rpc:10.1.0.7:45971|priority:0, c593f1a5-11c2-4273-9636-a8fe79185bdd|rpc:10.1.0.7:38051|priority:1, 3a253468-8d3c-457d-ae60-4bc5eace9979|rpc:10.1.0.7:37431|priority:0], old=null
2022-03-14 02:39:49,236 [grpc-default-executor-0] INFO  server.RaftServer$Division (RaftServerImpl.java:requestVote(1078)) - c593f1a5-11c2-4273-9636-a8fe79185bdd@group-34CA344D8402 replies to ELECTION vote request: 3a253468-8d3c-457d-ae60-4bc5eace9979<-c593f1a5-11c2-4273-9636-a8fe79185bdd#0:FAIL-t6. Peer's state: c593f1a5-11c2-4273-9636-a8fe79185bdd@group-34CA344D8402:t6, leader=null, voted=null, raftlog=c593f1a5-11c2-4273-9636-a8fe79185bdd@group-34CA344D8402-SegmentedRaftLog:OPENED:c-1, conf=-1: [ebc46dcb-de55-4ee6-9f88-6ea23d1a12c2|rpc:10.1.0.7:45971|dataStream:|priority:0, c593f1a5-11c2-4273-9636-a8fe79185bdd|rpc:10.1.0.7:38051|dataStream:|priority:1, 3a253468-8d3c-457d-ae60-4bc5eace9979|rpc:10.1.0.7:37431|dataStream:|priority:0], old=null
2022-03-14 02:39:49,254 [grpc-default-executor-4] INFO  server.RaftServer$Division (RaftServerImpl.java:requestVote(1046)) - ebc46dcb-de55-4ee6-9f88-6ea23d1a12c2@group-34CA344D8402: receive requestVote(ELECTION, 3a253468-8d3c-457d-ae60-4bc5eace9979, group-34CA344D8402, 6, (t:0, i:0))
2022-03-14 02:39:49,254 [grpc-default-executor-4] INFO  impl.VoteContext (VoteContext.java:log(48)) - ebc46dcb-de55-4ee6-9f88-6ea23d1a12c2@group-34CA344D8402-CANDIDATE: reject ELECTION from 3a253468-8d3c-457d-ae60-4bc5eace9979: already has voted for ebc46dcb-de55-4ee6-9f88-6ea23d1a12c2 at current term 6
2022-03-14 02:39:49,254 [grpc-default-executor-4] INFO  server.RaftServer$Division (RaftServerImpl.java:requestVote(1078)) - ebc46dcb-de55-4ee6-9f88-6ea23d1a12c2@group-34CA344D8402 replies to ELECTION vote request: 3a253468-8d3c-457d-ae60-4bc5eace9979<-ebc46dcb-de55-4ee6-9f88-6ea23d1a12c2#0:FAIL-t6. Peer's state: ebc46dcb-de55-4ee6-9f88-6ea23d1a12c2@group-34CA344D8402:t6, leader=null, voted=ebc46dcb-de55-4ee6-9f88-6ea23d1a12c2, raftlog=ebc46dcb-de55-4ee6-9f88-6ea23d1a12c2@group-34CA344D8402-SegmentedRaftLog:OPENED:c-1, conf=-1: [ebc46dcb-de55-4ee6-9f88-6ea23d1a12c2|rpc:10.1.0.7:45971|priority:0, c593f1a5-11c2-4273-9636-a8fe79185bdd|rpc:10.1.0.7:38051|priority:1, 3a253468-8d3c-457d-ae60-4bc5eace9979|rpc:10.1.0.7:37431|priority:0], old=null
2022-03-14 02:39:49,255 [3a253468-8d3c-457d-ae60-4bc5eace9979@group-34CA344D8402-LeaderElection28] INFO  impl.LeaderElection (LeaderElection.java:logAndReturn(89)) - 3a253468-8d3c-457d-ae60-4bc5eace9979@group-34CA344D8402-LeaderElection28: ELECTION REJECTED received 1 response(s) and 0 exception(s):
2022-03-14 02:39:49,266 [3a253468-8d3c-457d-ae60-4bc5eace9979@group-34CA344D8402-LeaderElection28] INFO  impl.LeaderElection (LeaderElection.java:logAndReturn(93)) -   Response 0: 3a253468-8d3c-457d-ae60-4bc5eace9979<-c593f1a5-11c2-4273-9636-a8fe79185bdd#0:FAIL-t6
2022-03-14 02:39:49,266 [3a253468-8d3c-457d-ae60-4bc5eace9979@group-34CA344D8402-LeaderElection28] INFO  impl.LeaderElection (LeaderElection.java:askForVotes(308)) - 3a253468-8d3c-457d-ae60-4bc5eace9979@group-34CA344D8402-LeaderElection28 ELECTION round 0: result REJECTED
2022-03-14 02:39:49,266 [3a253468-8d3c-457d-ae60-4bc5eace9979@group-34CA344D8402-LeaderElection28] INFO  server.RaftServer$Division (RaftServerImpl.java:setRole(290)) - 3a253468-8d3c-457d-ae60-4bc5eace9979@group-34CA344D8402: changes role from CANDIDATE to FOLLOWER at term 6 for REJECTED
2022-03-14 02:39:49,266 [3a253468-8d3c-457d-ae60-4bc5eace9979@group-34CA344D8402-LeaderElection28] INFO  impl.RoleInfo (RoleInfo.java:shutdownLeaderElection(121)) - 3a253468-8d3c-457d-ae60-4bc5eace9979: shutdown 3a253468-8d3c-457d-ae60-4bc5eace9979@group-34CA344D8402-LeaderElection28
2022-03-14 02:39:49,266 [3a253468-8d3c-457d-ae60-4bc5eace9979@group-34CA344D8402-LeaderElection28] INFO  impl.RoleInfo (RoleInfo.java:updateAndGet(130)) - 3a253468-8d3c-457d-ae60-4bc5eace9979: start 3a253468-8d3c-457d-ae60-4bc5eace9979@group-34CA344D8402-FollowerState
2022-03-14 02:39:49,266 [grpc-default-executor-0] INFO  server.RaftServer$Division (RaftServerImpl.java:requestVote(1046)) - 3a253468-8d3c-457d-ae60-4bc5eace9979@group-34CA344D8402: receive requestVote(ELECTION, ebc46dcb-de55-4ee6-9f88-6ea23d1a12c2, group-34CA344D8402, 6, (t:0, i:0))
2022-03-14 02:39:49,273 [grpc-default-executor-0] INFO  impl.VoteContext (VoteContext.java:log(48)) - 3a253468-8d3c-457d-ae60-4bc5eace9979@group-34CA344D8402-FOLLOWER: reject ELECTION from ebc46dcb-de55-4ee6-9f88-6ea23d1a12c2: already has voted for 3a253468-8d3c-457d-ae60-4bc5eace9979 at current term 6
2022-03-14 02:39:49,273 [grpc-default-executor-0] INFO  server.RaftServer$Division (RaftServerImpl.java:requestVote(1078)) - 3a253468-8d3c-457d-ae60-4bc5eace9979@group-34CA344D8402 replies to ELECTION vote request: ebc46dcb-de55-4ee6-9f88-6ea23d1a12c2<-3a253468-8d3c-457d-ae60-4bc5eace9979#0:FAIL-t6. Peer's state: 3a253468-8d3c-457d-ae60-4bc5eace9979@group-34CA344D8402:t6, leader=null, voted=3a253468-8d3c-457d-ae60-4bc5eace9979, raftlog=3a253468-8d3c-457d-ae60-4bc5eace9979@group-34CA344D8402-SegmentedRaftLog:OPENED:c-1, conf=-1: [ebc46dcb-de55-4ee6-9f88-6ea23d1a12c2|rpc:10.1.0.7:45971|dataStream:|priority:0, c593f1a5-11c2-4273-9636-a8fe79185bdd|rpc:10.1.0.7:38051|dataStream:|priority:1, 3a253468-8d3c-457d-ae60-4bc5eace9979|rpc:10.1.0.7:37431|dataStream:|priority:0], old=null
2022-03-14 02:39:49,265 [grpc-default-executor-4] INFO  server.RaftServer$Division (RaftServerImpl.java:requestVote(1046)) - c593f1a5-11c2-4273-9636-a8fe79185bdd@group-34CA344D8402: receive requestVote(ELECTION, ebc46dcb-de55-4ee6-9f88-6ea23d1a12c2, group-34CA344D8402, 6, (t:0, i:0))
2022-03-14 02:39:49,274 [grpc-default-executor-4] INFO  impl.VoteContext (VoteContext.java:log(48)) - c593f1a5-11c2-4273-9636-a8fe79185bdd@group-34CA344D8402-FOLLOWER: reject ELECTION from ebc46dcb-de55-4ee6-9f88-6ea23d1a12c2: our priority 1 > candidate's priority 0
2022-03-14 02:39:49,274 [grpc-default-executor-4] INFO  server.RaftServer$Division (RaftServerImpl.java:setRole(290)) - c593f1a5-11c2-4273-9636-a8fe79185bdd@group-34CA344D8402: changes role from  FOLLOWER to FOLLOWER at term 6 for candidate:ebc46dcb-de55-4ee6-9f88-6ea23d1a12c2
2022-03-14 02:39:49,274 [grpc-default-executor-4] INFO  impl.RoleInfo (RoleInfo.java:shutdownFollowerState(108)) - c593f1a5-11c2-4273-9636-a8fe79185bdd: shutdown c593f1a5-11c2-4273-9636-a8fe79185bdd@group-34CA344D8402-FollowerState
2022-03-14 02:39:49,274 [grpc-default-executor-4] INFO  impl.RoleInfo (RoleInfo.java:updateAndGet(130)) - c593f1a5-11c2-4273-9636-a8fe79185bdd: start c593f1a5-11c2-4273-9636-a8fe79185bdd@group-34CA344D8402-FollowerState
2022-03-14 02:39:49,274 [c593f1a5-11c2-4273-9636-a8fe79185bdd@group-34CA344D8402-FollowerState] INFO  impl.FollowerState (FollowerState.java:run(143)) - c593f1a5-11c2-4273-9636-a8fe79185bdd@group-34CA344D8402-FollowerState was interrupted: {}
java.lang.InterruptedException: sleep interrupted
	at java.lang.Thread.sleep(Native Method)
	at java.lang.Thread.sleep(Thread.java:342)
	at java.util.concurrent.TimeUnit.sleep(TimeUnit.java:386)
	at org.apache.ratis.util.TimeDuration.sleep(TimeDuration.java:324)
	at org.apache.ratis.util.TimeDuration.sleep(TimeDuration.java:309)
	at org.apache.ratis.server.impl.FollowerState.run(FollowerState.java:118)
2022-03-14 02:39:49,277 [grpc-default-executor-4] INFO  server.RaftServer$Division (RaftServerImpl.java:requestVote(1078)) - c593f1a5-11c2-4273-9636-a8fe79185bdd@group-34CA344D8402 replies to ELECTION vote request: ebc46dcb-de55-4ee6-9f88-6ea23d1a12c2<-c593f1a5-11c2-4273-9636-a8fe79185bdd#0:FAIL-t6. Peer's state: c593f1a5-11c2-4273-9636-a8fe79185bdd@group-34CA344D8402:t6, leader=null, voted=null, raftlog=c593f1a5-11c2-4273-9636-a8fe79185bdd@group-34CA344D8402-SegmentedRaftLog:OPENED:c-1, conf=-1: [ebc46dcb-de55-4ee6-9f88-6ea23d1a12c2|rpc:10.1.0.7:45971|dataStream:|priority:0, c593f1a5-11c2-4273-9636-a8fe79185bdd|rpc:10.1.0.7:38051|dataStream:|priority:1, 3a253468-8d3c-457d-ae60-4bc5eace9979|rpc:10.1.0.7:37431|dataStream:|priority:0], old=null
2022-03-14 02:39:49,288 [ebc46dcb-de55-4ee6-9f88-6ea23d1a12c2@group-34CA344D8402-LeaderElection29] INFO  impl.LeaderElection (LeaderElection.java:logAndReturn(89)) - ebc46dcb-de55-4ee6-9f88-6ea23d1a12c2@group-34CA344D8402-LeaderElection29: ELECTION REJECTED received 1 response(s) and 0 exception(s):
2022-03-14 02:39:49,288 [ebc46dcb-de55-4ee6-9f88-6ea23d1a12c2@group-34CA344D8402-LeaderElection29] INFO  impl.LeaderElection (LeaderElection.java:logAndReturn(93)) -   Response 0: ebc46dcb-de55-4ee6-9f88-6ea23d1a12c2<-c593f1a5-11c2-4273-9636-a8fe79185bdd#0:FAIL-t6
2022-03-14 02:39:49,288 [ebc46dcb-de55-4ee6-9f88-6ea23d1a12c2@group-34CA344D8402-LeaderElection29] INFO  impl.LeaderElection (LeaderElection.java:askForVotes(308)) - ebc46dcb-de55-4ee6-9f88-6ea23d1a12c2@group-34CA344D8402-LeaderElection29 ELECTION round 0: result REJECTED
2022-03-14 02:39:49,288 [ebc46dcb-de55-4ee6-9f88-6ea23d1a12c2@group-34CA344D8402-LeaderElection29] INFO  server.RaftServer$Division (RaftServerImpl.java:setRole(290)) - ebc46dcb-de55-4ee6-9f88-6ea23d1a12c2@group-34CA344D8402: changes role from CANDIDATE to FOLLOWER at term 6 for REJECTED
2022-03-14 02:39:49,288 [ebc46dcb-de55-4ee6-9f88-6ea23d1a12c2@group-34CA344D8402-LeaderElection29] INFO  impl.RoleInfo (RoleInfo.java:shutdownLeaderElection(121)) - ebc46dcb-de55-4ee6-9f88-6ea23d1a12c2: shutdown ebc46dcb-de55-4ee6-9f88-6ea23d1a12c2@group-34CA344D8402-LeaderElection29
2022-03-14 02:39:49,288 [ebc46dcb-de55-4ee6-9f88-6ea23d1a12c2@group-34CA344D8402-LeaderElection29] INFO  impl.RoleInfo (RoleInfo.java:updateAndGet(130)) - ebc46dcb-de55-4ee6-9f88-6ea23d1a12c2: start ebc46dcb-de55-4ee6-9f88-6ea23d1a12c2@group-34CA344D8402-FollowerState
2022-03-14 02:39:50,157 [Listener at 127.0.0.1/43591] INFO  ozone.MiniOzoneClusterImpl (MiniOzoneClusterImpl.java:lambda$waitForClusterToBeReady$0(219)) - Nodes are ready. Got 3 of 3 DN Heartbeats.
2022-03-14 02:39:50,163 [Listener at 127.0.0.1/43591] INFO  ozone.MiniOzoneClusterImpl (MiniOzoneClusterImpl.java:lambda$waitForClusterToBeReady$0(222)) - Waiting for cluster to exit safe mode
2022-03-14 02:39:50,163 [Listener at 127.0.0.1/43591] INFO  ozone.MiniOzoneClusterImpl (MiniOzoneClusterImpl.java:lambda$waitForClusterToBeReady$0(224)) - SCM became leader
2022-03-14 02:39:51,163 [Listener at 127.0.0.1/43591] INFO  ozone.MiniOzoneClusterImpl (MiniOzoneClusterImpl.java:lambda$waitForClusterToBeReady$0(219)) - Nodes are ready. Got 3 of 3 DN Heartbeats.
2022-03-14 02:39:51,163 [Listener at 127.0.0.1/43591] INFO  ozone.MiniOzoneClusterImpl (MiniOzoneClusterImpl.java:lambda$waitForClusterToBeReady$0(222)) - Waiting for cluster to exit safe mode
2022-03-14 02:39:51,164 [Listener at 127.0.0.1/43591] INFO  ozone.MiniOzoneClusterImpl (MiniOzoneClusterImpl.java:lambda$waitForClusterToBeReady$0(224)) - SCM became leader
2022-03-14 02:39:52,164 [Listener at 127.0.0.1/43591] INFO  ozone.MiniOzoneClusterImpl (MiniOzoneClusterImpl.java:lambda$waitForClusterToBeReady$0(219)) - Nodes are ready. Got 3 of 3 DN Heartbeats.
2022-03-14 02:39:52,170 [Listener at 127.0.0.1/43591] INFO  ozone.MiniOzoneClusterImpl (MiniOzoneClusterImpl.java:lambda$waitForClusterToBeReady$0(222)) - Waiting for cluster to exit safe mode
2022-03-14 02:39:52,170 [Listener at 127.0.0.1/43591] INFO  ozone.MiniOzoneClusterImpl (MiniOzoneClusterImpl.java:lambda$waitForClusterToBeReady$0(224)) - SCM became leader
2022-03-14 02:39:53,175 [Listener at 127.0.0.1/43591] INFO  ozone.MiniOzoneClusterImpl (MiniOzoneClusterImpl.java:lambda$waitForClusterToBeReady$0(219)) - Nodes are ready. Got 3 of 3 DN Heartbeats.
2022-03-14 02:39:53,175 [Listener at 127.0.0.1/43591] INFO  ozone.MiniOzoneClusterImpl (MiniOzoneClusterImpl.java:lambda$waitForClusterToBeReady$0(222)) - Waiting for cluster to exit safe mode
2022-03-14 02:39:53,175 [Listener at 127.0.0.1/43591] INFO  ozone.MiniOzoneClusterImpl (MiniOzoneClusterImpl.java:lambda$waitForClusterToBeReady$0(224)) - SCM became leader
2022-03-14 02:39:54,176 [Listener at 127.0.0.1/43591] INFO  ozone.MiniOzoneClusterImpl (MiniOzoneClusterImpl.java:lambda$waitForClusterToBeReady$0(219)) - Nodes are ready. Got 3 of 3 DN Heartbeats.
2022-03-14 02:39:54,176 [Listener at 127.0.0.1/43591] INFO  ozone.MiniOzoneClusterImpl (MiniOzoneClusterImpl.java:lambda$waitForClusterToBeReady$0(222)) - Waiting for cluster to exit safe mode
2022-03-14 02:39:54,176 [Listener at 127.0.0.1/43591] INFO  ozone.MiniOzoneClusterImpl (MiniOzoneClusterImpl.java:lambda$waitForClusterToBeReady$0(224)) - SCM became leader
2022-03-14 02:39:54,350 [ebc46dcb-de55-4ee6-9f88-6ea23d1a12c2@group-34CA344D8402-FollowerState] INFO  impl.FollowerState (FollowerState.java:run(134)) - ebc46dcb-de55-4ee6-9f88-6ea23d1a12c2@group-34CA344D8402-FollowerState: change to CANDIDATE, lastRpcElapsedTime:5062134840ns, electionTimeout:5049ms
2022-03-14 02:39:54,350 [ebc46dcb-de55-4ee6-9f88-6ea23d1a12c2@group-34CA344D8402-FollowerState] INFO  impl.RoleInfo (RoleInfo.java:shutdownFollowerState(108)) - ebc46dcb-de55-4ee6-9f88-6ea23d1a12c2: shutdown ebc46dcb-de55-4ee6-9f88-6ea23d1a12c2@group-34CA344D8402-FollowerState
2022-03-14 02:39:54,350 [ebc46dcb-de55-4ee6-9f88-6ea23d1a12c2@group-34CA344D8402-FollowerState] INFO  server.RaftServer$Division (RaftServerImpl.java:setRole(290)) - ebc46dcb-de55-4ee6-9f88-6ea23d1a12c2@group-34CA344D8402: changes role from  FOLLOWER to CANDIDATE at term 6 for changeToCandidate
2022-03-14 02:39:54,350 [ebc46dcb-de55-4ee6-9f88-6ea23d1a12c2@group-34CA344D8402-FollowerState] INFO  server.RaftServerConfigKeys (ConfUtils.java:logGet(44)) - raft.server.leaderelection.pre-vote = false (custom)
2022-03-14 02:39:54,351 [ebc46dcb-de55-4ee6-9f88-6ea23d1a12c2@group-34CA344D8402-FollowerState] INFO  impl.RoleInfo (RoleInfo.java:updateAndGet(130)) - ebc46dcb-de55-4ee6-9f88-6ea23d1a12c2: start ebc46dcb-de55-4ee6-9f88-6ea23d1a12c2@group-34CA344D8402-LeaderElection30
2022-03-14 02:39:54,383 [ebc46dcb-de55-4ee6-9f88-6ea23d1a12c2@group-34CA344D8402-LeaderElection30] INFO  impl.LeaderElection (LeaderElection.java:askForVotes(306)) - ebc46dcb-de55-4ee6-9f88-6ea23d1a12c2@group-34CA344D8402-LeaderElection30 ELECTION round 0: submit vote requests at term 7 for -1: [ebc46dcb-de55-4ee6-9f88-6ea23d1a12c2|rpc:10.1.0.7:45971|priority:0, c593f1a5-11c2-4273-9636-a8fe79185bdd|rpc:10.1.0.7:38051|priority:1, 3a253468-8d3c-457d-ae60-4bc5eace9979|rpc:10.1.0.7:37431|priority:0], old=null
2022-03-14 02:39:54,398 [grpc-default-executor-4] INFO  server.RaftServer$Division (RaftServerImpl.java:requestVote(1046)) - c593f1a5-11c2-4273-9636-a8fe79185bdd@group-34CA344D8402: receive requestVote(ELECTION, ebc46dcb-de55-4ee6-9f88-6ea23d1a12c2, group-34CA344D8402, 7, (t:0, i:0))
2022-03-14 02:39:54,398 [grpc-default-executor-4] INFO  impl.VoteContext (VoteContext.java:log(48)) - c593f1a5-11c2-4273-9636-a8fe79185bdd@group-34CA344D8402-FOLLOWER: reject ELECTION from ebc46dcb-de55-4ee6-9f88-6ea23d1a12c2: our priority 1 > candidate's priority 0
2022-03-14 02:39:54,398 [grpc-default-executor-4] INFO  server.RaftServer$Division (RaftServerImpl.java:setRole(290)) - c593f1a5-11c2-4273-9636-a8fe79185bdd@group-34CA344D8402: changes role from  FOLLOWER to FOLLOWER at term 7 for candidate:ebc46dcb-de55-4ee6-9f88-6ea23d1a12c2
2022-03-14 02:39:54,398 [grpc-default-executor-4] INFO  impl.RoleInfo (RoleInfo.java:shutdownFollowerState(108)) - c593f1a5-11c2-4273-9636-a8fe79185bdd: shutdown c593f1a5-11c2-4273-9636-a8fe79185bdd@group-34CA344D8402-FollowerState
2022-03-14 02:39:54,398 [grpc-default-executor-4] INFO  impl.RoleInfo (RoleInfo.java:updateAndGet(130)) - c593f1a5-11c2-4273-9636-a8fe79185bdd: start c593f1a5-11c2-4273-9636-a8fe79185bdd@group-34CA344D8402-FollowerState
2022-03-14 02:39:54,398 [c593f1a5-11c2-4273-9636-a8fe79185bdd@group-34CA344D8402-FollowerState] INFO  impl.FollowerState (FollowerState.java:run(143)) - c593f1a5-11c2-4273-9636-a8fe79185bdd@group-34CA344D8402-FollowerState was interrupted: {}
java.lang.InterruptedException: sleep interrupted
	at java.lang.Thread.sleep(Native Method)
	at java.lang.Thread.sleep(Thread.java:342)
	at java.util.concurrent.TimeUnit.sleep(TimeUnit.java:386)
	at org.apache.ratis.util.TimeDuration.sleep(TimeDuration.java:324)
	at org.apache.ratis.util.TimeDuration.sleep(TimeDuration.java:309)
	at org.apache.ratis.server.impl.FollowerState.run(FollowerState.java:118)
2022-03-14 02:39:54,404 [grpc-default-executor-0] INFO  server.RaftServer$Division (RaftServerImpl.java:requestVote(1046)) - 3a253468-8d3c-457d-ae60-4bc5eace9979@group-34CA344D8402: receive requestVote(ELECTION, ebc46dcb-de55-4ee6-9f88-6ea23d1a12c2, group-34CA344D8402, 7, (t:0, i:0))
2022-03-14 02:39:54,404 [grpc-default-executor-0] INFO  impl.VoteContext (VoteContext.java:log(48)) - 3a253468-8d3c-457d-ae60-4bc5eace9979@group-34CA344D8402-FOLLOWER: accept ELECTION from ebc46dcb-de55-4ee6-9f88-6ea23d1a12c2: our priority 0 <= candidate's priority 0
2022-03-14 02:39:54,405 [grpc-default-executor-0] INFO  server.RaftServer$Division (RaftServerImpl.java:setRole(290)) - 3a253468-8d3c-457d-ae60-4bc5eace9979@group-34CA344D8402: changes role from  FOLLOWER to FOLLOWER at term 7 for candidate:ebc46dcb-de55-4ee6-9f88-6ea23d1a12c2
2022-03-14 02:39:54,405 [grpc-default-executor-0] INFO  impl.RoleInfo (RoleInfo.java:shutdownFollowerState(108)) - 3a253468-8d3c-457d-ae60-4bc5eace9979: shutdown 3a253468-8d3c-457d-ae60-4bc5eace9979@group-34CA344D8402-FollowerState
2022-03-14 02:39:54,405 [grpc-default-executor-0] INFO  impl.RoleInfo (RoleInfo.java:updateAndGet(130)) - 3a253468-8d3c-457d-ae60-4bc5eace9979: start 3a253468-8d3c-457d-ae60-4bc5eace9979@group-34CA344D8402-FollowerState
2022-03-14 02:39:54,405 [3a253468-8d3c-457d-ae60-4bc5eace9979@group-34CA344D8402-FollowerState] INFO  impl.FollowerState (FollowerState.java:run(143)) - 3a253468-8d3c-457d-ae60-4bc5eace9979@group-34CA344D8402-FollowerState was interrupted: {}
java.lang.InterruptedException: sleep interrupted
	at java.lang.Thread.sleep(Native Method)
	at java.lang.Thread.sleep(Thread.java:342)
	at java.util.concurrent.TimeUnit.sleep(TimeUnit.java:386)
	at org.apache.ratis.util.TimeDuration.sleep(TimeDuration.java:324)
	at org.apache.ratis.util.TimeDuration.sleep(TimeDuration.java:309)
	at org.apache.ratis.server.impl.FollowerState.run(FollowerState.java:118)
2022-03-14 02:39:54,405 [grpc-default-executor-4] INFO  server.RaftServer$Division (RaftServerImpl.java:requestVote(1078)) - c593f1a5-11c2-4273-9636-a8fe79185bdd@group-34CA344D8402 replies to ELECTION vote request: ebc46dcb-de55-4ee6-9f88-6ea23d1a12c2<-c593f1a5-11c2-4273-9636-a8fe79185bdd#0:FAIL-t7. Peer's state: c593f1a5-11c2-4273-9636-a8fe79185bdd@group-34CA344D8402:t7, leader=null, voted=null, raftlog=c593f1a5-11c2-4273-9636-a8fe79185bdd@group-34CA344D8402-SegmentedRaftLog:OPENED:c-1, conf=-1: [ebc46dcb-de55-4ee6-9f88-6ea23d1a12c2|rpc:10.1.0.7:45971|dataStream:|priority:0, c593f1a5-11c2-4273-9636-a8fe79185bdd|rpc:10.1.0.7:38051|dataStream:|priority:1, 3a253468-8d3c-457d-ae60-4bc5eace9979|rpc:10.1.0.7:37431|dataStream:|priority:0], old=null
2022-03-14 02:39:54,422 [ebc46dcb-de55-4ee6-9f88-6ea23d1a12c2@group-34CA344D8402-LeaderElection30] INFO  impl.LeaderElection (LeaderElection.java:logAndReturn(89)) - ebc46dcb-de55-4ee6-9f88-6ea23d1a12c2@group-34CA344D8402-LeaderElection30: ELECTION REJECTED received 1 response(s) and 0 exception(s):
2022-03-14 02:39:54,422 [ebc46dcb-de55-4ee6-9f88-6ea23d1a12c2@group-34CA344D8402-LeaderElection30] INFO  impl.LeaderElection (LeaderElection.java:logAndReturn(93)) -   Response 0: ebc46dcb-de55-4ee6-9f88-6ea23d1a12c2<-c593f1a5-11c2-4273-9636-a8fe79185bdd#0:FAIL-t7
2022-03-14 02:39:54,422 [ebc46dcb-de55-4ee6-9f88-6ea23d1a12c2@group-34CA344D8402-LeaderElection30] INFO  impl.LeaderElection (LeaderElection.java:askForVotes(308)) - ebc46dcb-de55-4ee6-9f88-6ea23d1a12c2@group-34CA344D8402-LeaderElection30 ELECTION round 0: result REJECTED
2022-03-14 02:39:54,422 [ebc46dcb-de55-4ee6-9f88-6ea23d1a12c2@group-34CA344D8402-LeaderElection30] INFO  server.RaftServer$Division (RaftServerImpl.java:setRole(290)) - ebc46dcb-de55-4ee6-9f88-6ea23d1a12c2@group-34CA344D8402: changes role from CANDIDATE to FOLLOWER at term 7 for REJECTED
2022-03-14 02:39:54,422 [ebc46dcb-de55-4ee6-9f88-6ea23d1a12c2@group-34CA344D8402-LeaderElection30] INFO  impl.RoleInfo (RoleInfo.java:shutdownLeaderElection(121)) - ebc46dcb-de55-4ee6-9f88-6ea23d1a12c2: shutdown ebc46dcb-de55-4ee6-9f88-6ea23d1a12c2@group-34CA344D8402-LeaderElection30
2022-03-14 02:39:54,423 [ebc46dcb-de55-4ee6-9f88-6ea23d1a12c2@group-34CA344D8402-LeaderElection30] INFO  impl.RoleInfo (RoleInfo.java:updateAndGet(130)) - ebc46dcb-de55-4ee6-9f88-6ea23d1a12c2: start ebc46dcb-de55-4ee6-9f88-6ea23d1a12c2@group-34CA344D8402-FollowerState
2022-03-14 02:39:54,428 [grpc-default-executor-0] INFO  server.RaftServer$Division (RaftServerImpl.java:requestVote(1078)) - 3a253468-8d3c-457d-ae60-4bc5eace9979@group-34CA344D8402 replies to ELECTION vote request: ebc46dcb-de55-4ee6-9f88-6ea23d1a12c2<-3a253468-8d3c-457d-ae60-4bc5eace9979#0:OK-t7. Peer's state: 3a253468-8d3c-457d-ae60-4bc5eace9979@group-34CA344D8402:t7, leader=null, voted=ebc46dcb-de55-4ee6-9f88-6ea23d1a12c2, raftlog=3a253468-8d3c-457d-ae60-4bc5eace9979@group-34CA344D8402-SegmentedRaftLog:OPENED:c-1, conf=-1: [ebc46dcb-de55-4ee6-9f88-6ea23d1a12c2|rpc:10.1.0.7:45971|dataStream:|priority:0, c593f1a5-11c2-4273-9636-a8fe79185bdd|rpc:10.1.0.7:38051|dataStream:|priority:1, 3a253468-8d3c-457d-ae60-4bc5eace9979|rpc:10.1.0.7:37431|dataStream:|priority:0], old=null
2022-03-14 02:39:55,176 [Listener at 127.0.0.1/43591] INFO  ozone.MiniOzoneClusterImpl (MiniOzoneClusterImpl.java:lambda$waitForClusterToBeReady$0(219)) - Nodes are ready. Got 3 of 3 DN Heartbeats.
2022-03-14 02:39:55,176 [Listener at 127.0.0.1/43591] INFO  ozone.MiniOzoneClusterImpl (MiniOzoneClusterImpl.java:lambda$waitForClusterToBeReady$0(222)) - Waiting for cluster to exit safe mode
2022-03-14 02:39:55,176 [Listener at 127.0.0.1/43591] INFO  ozone.MiniOzoneClusterImpl (MiniOzoneClusterImpl.java:lambda$waitForClusterToBeReady$0(224)) - SCM became leader
2022-03-14 02:39:56,177 [Listener at 127.0.0.1/43591] INFO  ozone.MiniOzoneClusterImpl (MiniOzoneClusterImpl.java:lambda$waitForClusterToBeReady$0(219)) - Nodes are ready. Got 3 of 3 DN Heartbeats.
2022-03-14 02:39:56,177 [Listener at 127.0.0.1/43591] INFO  ozone.MiniOzoneClusterImpl (MiniOzoneClusterImpl.java:lambda$waitForClusterToBeReady$0(222)) - Waiting for cluster to exit safe mode
2022-03-14 02:39:56,177 [Listener at 127.0.0.1/43591] INFO  ozone.MiniOzoneClusterImpl (MiniOzoneClusterImpl.java:lambda$waitForClusterToBeReady$0(224)) - SCM became leader
2022-03-14 02:39:57,177 [Listener at 127.0.0.1/43591] INFO  ozone.MiniOzoneClusterImpl (MiniOzoneClusterImpl.java:lambda$waitForClusterToBeReady$0(219)) - Nodes are ready. Got 3 of 3 DN Heartbeats.
2022-03-14 02:39:57,178 [Listener at 127.0.0.1/43591] INFO  ozone.MiniOzoneClusterImpl (MiniOzoneClusterImpl.java:lambda$waitForClusterToBeReady$0(222)) - Waiting for cluster to exit safe mode
2022-03-14 02:39:57,178 [Listener at 127.0.0.1/43591] INFO  ozone.MiniOzoneClusterImpl (MiniOzoneClusterImpl.java:lambda$waitForClusterToBeReady$0(224)) - SCM became leader
2022-03-14 02:39:58,178 [Listener at 127.0.0.1/43591] INFO  ozone.MiniOzoneClusterImpl (MiniOzoneClusterImpl.java:lambda$waitForClusterToBeReady$0(219)) - Nodes are ready. Got 3 of 3 DN Heartbeats.
2022-03-14 02:39:58,178 [Listener at 127.0.0.1/43591] INFO  ozone.MiniOzoneClusterImpl (MiniOzoneClusterImpl.java:lambda$waitForClusterToBeReady$0(222)) - Waiting for cluster to exit safe mode
2022-03-14 02:39:58,178 [Listener at 127.0.0.1/43591] INFO  ozone.MiniOzoneClusterImpl (MiniOzoneClusterImpl.java:lambda$waitForClusterToBeReady$0(224)) - SCM became leader
2022-03-14 02:39:59,178 [Listener at 127.0.0.1/43591] INFO  ozone.MiniOzoneClusterImpl (MiniOzoneClusterImpl.java:lambda$waitForClusterToBeReady$0(219)) - Nodes are ready. Got 3 of 3 DN Heartbeats.
2022-03-14 02:39:59,179 [Listener at 127.0.0.1/43591] INFO  ozone.MiniOzoneClusterImpl (MiniOzoneClusterImpl.java:lambda$waitForClusterToBeReady$0(222)) - Waiting for cluster to exit safe mode
2022-03-14 02:39:59,179 [Listener at 127.0.0.1/43591] INFO  ozone.MiniOzoneClusterImpl (MiniOzoneClusterImpl.java:lambda$waitForClusterToBeReady$0(224)) - SCM became leader
2022-03-14 02:39:59,582 [c593f1a5-11c2-4273-9636-a8fe79185bdd@group-34CA344D8402-FollowerState] INFO  impl.FollowerState (FollowerState.java:run(134)) - c593f1a5-11c2-4273-9636-a8fe79185bdd@group-34CA344D8402-FollowerState: change to CANDIDATE, lastRpcElapsedTime:5183381539ns, electionTimeout:5172ms
2022-03-14 02:39:59,583 [c593f1a5-11c2-4273-9636-a8fe79185bdd@group-34CA344D8402-FollowerState] INFO  impl.RoleInfo (RoleInfo.java:shutdownFollowerState(108)) - c593f1a5-11c2-4273-9636-a8fe79185bdd: shutdown c593f1a5-11c2-4273-9636-a8fe79185bdd@group-34CA344D8402-FollowerState
2022-03-14 02:39:59,583 [c593f1a5-11c2-4273-9636-a8fe79185bdd@group-34CA344D8402-FollowerState] INFO  server.RaftServer$Division (RaftServerImpl.java:setRole(290)) - c593f1a5-11c2-4273-9636-a8fe79185bdd@group-34CA344D8402: changes role from  FOLLOWER to CANDIDATE at term 7 for changeToCandidate
2022-03-14 02:39:59,583 [c593f1a5-11c2-4273-9636-a8fe79185bdd@group-34CA344D8402-FollowerState] INFO  server.RaftServerConfigKeys (ConfUtils.java:logGet(44)) - raft.server.leaderelection.pre-vote = false (custom)
2022-03-14 02:39:59,583 [c593f1a5-11c2-4273-9636-a8fe79185bdd@group-34CA344D8402-FollowerState] INFO  impl.RoleInfo (RoleInfo.java:updateAndGet(130)) - c593f1a5-11c2-4273-9636-a8fe79185bdd: start c593f1a5-11c2-4273-9636-a8fe79185bdd@group-34CA344D8402-LeaderElection31
2022-03-14 02:39:59,601 [ebc46dcb-de55-4ee6-9f88-6ea23d1a12c2@group-34CA344D8402-FollowerState] INFO  impl.FollowerState (FollowerState.java:run(134)) - ebc46dcb-de55-4ee6-9f88-6ea23d1a12c2@group-34CA344D8402-FollowerState: change to CANDIDATE, lastRpcElapsedTime:5178769942ns, electionTimeout:5162ms
2022-03-14 02:39:59,601 [ebc46dcb-de55-4ee6-9f88-6ea23d1a12c2@group-34CA344D8402-FollowerState] INFO  impl.RoleInfo (RoleInfo.java:shutdownFollowerState(108)) - ebc46dcb-de55-4ee6-9f88-6ea23d1a12c2: shutdown ebc46dcb-de55-4ee6-9f88-6ea23d1a12c2@group-34CA344D8402-FollowerState
2022-03-14 02:39:59,602 [ebc46dcb-de55-4ee6-9f88-6ea23d1a12c2@group-34CA344D8402-FollowerState] INFO  server.RaftServer$Division (RaftServerImpl.java:setRole(290)) - ebc46dcb-de55-4ee6-9f88-6ea23d1a12c2@group-34CA344D8402: changes role from  FOLLOWER to CANDIDATE at term 7 for changeToCandidate
2022-03-14 02:39:59,602 [ebc46dcb-de55-4ee6-9f88-6ea23d1a12c2@group-34CA344D8402-FollowerState] INFO  server.RaftServerConfigKeys (ConfUtils.java:logGet(44)) - raft.server.leaderelection.pre-vote = false (custom)
2022-03-14 02:39:59,602 [ebc46dcb-de55-4ee6-9f88-6ea23d1a12c2@group-34CA344D8402-FollowerState] INFO  impl.RoleInfo (RoleInfo.java:updateAndGet(130)) - ebc46dcb-de55-4ee6-9f88-6ea23d1a12c2: start ebc46dcb-de55-4ee6-9f88-6ea23d1a12c2@group-34CA344D8402-LeaderElection32
2022-03-14 02:39:59,605 [c593f1a5-11c2-4273-9636-a8fe79185bdd@group-34CA344D8402-LeaderElection31] INFO  impl.LeaderElection (LeaderElection.java:askForVotes(306)) - c593f1a5-11c2-4273-9636-a8fe79185bdd@group-34CA344D8402-LeaderElection31 ELECTION round 0: submit vote requests at term 8 for -1: [ebc46dcb-de55-4ee6-9f88-6ea23d1a12c2|rpc:10.1.0.7:45971|dataStream:|priority:0, c593f1a5-11c2-4273-9636-a8fe79185bdd|rpc:10.1.0.7:38051|dataStream:|priority:1, 3a253468-8d3c-457d-ae60-4bc5eace9979|rpc:10.1.0.7:37431|dataStream:|priority:0], old=null
2022-03-14 02:39:59,635 [ebc46dcb-de55-4ee6-9f88-6ea23d1a12c2@group-34CA344D8402-LeaderElection32] INFO  impl.LeaderElection (LeaderElection.java:askForVotes(306)) - ebc46dcb-de55-4ee6-9f88-6ea23d1a12c2@group-34CA344D8402-LeaderElection32 ELECTION round 0: submit vote requests at term 8 for -1: [ebc46dcb-de55-4ee6-9f88-6ea23d1a12c2|rpc:10.1.0.7:45971|priority:0, c593f1a5-11c2-4273-9636-a8fe79185bdd|rpc:10.1.0.7:38051|priority:1, 3a253468-8d3c-457d-ae60-4bc5eace9979|rpc:10.1.0.7:37431|priority:0], old=null
2022-03-14 02:39:59,649 [grpc-default-executor-0] INFO  server.RaftServer$Division (RaftServerImpl.java:requestVote(1046)) - ebc46dcb-de55-4ee6-9f88-6ea23d1a12c2@group-34CA344D8402: receive requestVote(ELECTION, c593f1a5-11c2-4273-9636-a8fe79185bdd, group-34CA344D8402, 8, (t:0, i:0))
2022-03-14 02:39:59,652 [grpc-default-executor-4] INFO  server.RaftServer$Division (RaftServerImpl.java:requestVote(1046)) - 3a253468-8d3c-457d-ae60-4bc5eace9979@group-34CA344D8402: receive requestVote(ELECTION, c593f1a5-11c2-4273-9636-a8fe79185bdd, group-34CA344D8402, 8, (t:0, i:0))
2022-03-14 02:39:59,652 [grpc-default-executor-4] INFO  impl.VoteContext (VoteContext.java:log(48)) - 3a253468-8d3c-457d-ae60-4bc5eace9979@group-34CA344D8402-FOLLOWER: accept ELECTION from c593f1a5-11c2-4273-9636-a8fe79185bdd: our priority 0 <= candidate's priority 1
2022-03-14 02:39:59,652 [grpc-default-executor-4] INFO  server.RaftServer$Division (RaftServerImpl.java:setRole(290)) - 3a253468-8d3c-457d-ae60-4bc5eace9979@group-34CA344D8402: changes role from  FOLLOWER to FOLLOWER at term 8 for candidate:c593f1a5-11c2-4273-9636-a8fe79185bdd
2022-03-14 02:39:59,652 [grpc-default-executor-4] INFO  impl.RoleInfo (RoleInfo.java:shutdownFollowerState(108)) - 3a253468-8d3c-457d-ae60-4bc5eace9979: shutdown 3a253468-8d3c-457d-ae60-4bc5eace9979@group-34CA344D8402-FollowerState
2022-03-14 02:39:59,652 [grpc-default-executor-4] INFO  impl.RoleInfo (RoleInfo.java:updateAndGet(130)) - 3a253468-8d3c-457d-ae60-4bc5eace9979: start 3a253468-8d3c-457d-ae60-4bc5eace9979@group-34CA344D8402-FollowerState
2022-03-14 02:39:59,652 [3a253468-8d3c-457d-ae60-4bc5eace9979@group-34CA344D8402-FollowerState] INFO  impl.FollowerState (FollowerState.java:run(143)) - 3a253468-8d3c-457d-ae60-4bc5eace9979@group-34CA344D8402-FollowerState was interrupted: {}
java.lang.InterruptedException: sleep interrupted
	at java.lang.Thread.sleep(Native Method)
	at java.lang.Thread.sleep(Thread.java:342)
	at java.util.concurrent.TimeUnit.sleep(TimeUnit.java:386)
	at org.apache.ratis.util.TimeDuration.sleep(TimeDuration.java:324)
	at org.apache.ratis.util.TimeDuration.sleep(TimeDuration.java:309)
	at org.apache.ratis.server.impl.FollowerState.run(FollowerState.java:118)
2022-03-14 02:39:59,652 [grpc-default-executor-0] INFO  impl.VoteContext (VoteContext.java:log(48)) - ebc46dcb-de55-4ee6-9f88-6ea23d1a12c2@group-34CA344D8402-CANDIDATE: reject ELECTION from c593f1a5-11c2-4273-9636-a8fe79185bdd: already has voted for ebc46dcb-de55-4ee6-9f88-6ea23d1a12c2 at current term 8
2022-03-14 02:39:59,653 [grpc-default-executor-0] INFO  server.RaftServer$Division (RaftServerImpl.java:requestVote(1078)) - ebc46dcb-de55-4ee6-9f88-6ea23d1a12c2@group-34CA344D8402 replies to ELECTION vote request: c593f1a5-11c2-4273-9636-a8fe79185bdd<-ebc46dcb-de55-4ee6-9f88-6ea23d1a12c2#0:FAIL-t8. Peer's state: ebc46dcb-de55-4ee6-9f88-6ea23d1a12c2@group-34CA344D8402:t8, leader=null, voted=ebc46dcb-de55-4ee6-9f88-6ea23d1a12c2, raftlog=ebc46dcb-de55-4ee6-9f88-6ea23d1a12c2@group-34CA344D8402-SegmentedRaftLog:OPENED:c-1, conf=-1: [ebc46dcb-de55-4ee6-9f88-6ea23d1a12c2|rpc:10.1.0.7:45971|priority:0, c593f1a5-11c2-4273-9636-a8fe79185bdd|rpc:10.1.0.7:38051|priority:1, 3a253468-8d3c-457d-ae60-4bc5eace9979|rpc:10.1.0.7:37431|priority:0], old=null
2022-03-14 02:39:59,658 [grpc-default-executor-4] INFO  server.RaftServer$Division (RaftServerImpl.java:requestVote(1078)) - 3a253468-8d3c-457d-ae60-4bc5eace9979@group-34CA344D8402 replies to ELECTION vote request: c593f1a5-11c2-4273-9636-a8fe79185bdd<-3a253468-8d3c-457d-ae60-4bc5eace9979#0:OK-t8. Peer's state: 3a253468-8d3c-457d-ae60-4bc5eace9979@group-34CA344D8402:t8, leader=null, voted=c593f1a5-11c2-4273-9636-a8fe79185bdd, raftlog=3a253468-8d3c-457d-ae60-4bc5eace9979@group-34CA344D8402-SegmentedRaftLog:OPENED:c-1, conf=-1: [ebc46dcb-de55-4ee6-9f88-6ea23d1a12c2|rpc:10.1.0.7:45971|dataStream:|priority:0, c593f1a5-11c2-4273-9636-a8fe79185bdd|rpc:10.1.0.7:38051|dataStream:|priority:1, 3a253468-8d3c-457d-ae60-4bc5eace9979|rpc:10.1.0.7:37431|dataStream:|priority:0], old=null
2022-03-14 02:39:59,666 [grpc-default-executor-4] INFO  server.RaftServer$Division (RaftServerImpl.java:requestVote(1046)) - c593f1a5-11c2-4273-9636-a8fe79185bdd@group-34CA344D8402: receive requestVote(ELECTION, ebc46dcb-de55-4ee6-9f88-6ea23d1a12c2, group-34CA344D8402, 8, (t:0, i:0))
2022-03-14 02:39:59,666 [grpc-default-executor-4] INFO  impl.VoteContext (VoteContext.java:log(48)) - c593f1a5-11c2-4273-9636-a8fe79185bdd@group-34CA344D8402-CANDIDATE: reject ELECTION from ebc46dcb-de55-4ee6-9f88-6ea23d1a12c2: already has voted for c593f1a5-11c2-4273-9636-a8fe79185bdd at current term 8
2022-03-14 02:39:59,666 [grpc-default-executor-4] INFO  server.RaftServer$Division (RaftServerImpl.java:requestVote(1078)) - c593f1a5-11c2-4273-9636-a8fe79185bdd@group-34CA344D8402 replies to ELECTION vote request: ebc46dcb-de55-4ee6-9f88-6ea23d1a12c2<-c593f1a5-11c2-4273-9636-a8fe79185bdd#0:FAIL-t8. Peer's state: c593f1a5-11c2-4273-9636-a8fe79185bdd@group-34CA344D8402:t8, leader=null, voted=c593f1a5-11c2-4273-9636-a8fe79185bdd, raftlog=c593f1a5-11c2-4273-9636-a8fe79185bdd@group-34CA344D8402-SegmentedRaftLog:OPENED:c-1, conf=-1: [ebc46dcb-de55-4ee6-9f88-6ea23d1a12c2|rpc:10.1.0.7:45971|dataStream:|priority:0, c593f1a5-11c2-4273-9636-a8fe79185bdd|rpc:10.1.0.7:38051|dataStream:|priority:1, 3a253468-8d3c-457d-ae60-4bc5eace9979|rpc:10.1.0.7:37431|dataStream:|priority:0], old=null
2022-03-14 02:39:59,667 [ebc46dcb-de55-4ee6-9f88-6ea23d1a12c2@group-34CA344D8402-LeaderElection32] INFO  impl.LeaderElection (LeaderElection.java:logAndReturn(89)) - ebc46dcb-de55-4ee6-9f88-6ea23d1a12c2@group-34CA344D8402-LeaderElection32: ELECTION REJECTED received 1 response(s) and 0 exception(s):
2022-03-14 02:39:59,667 [ebc46dcb-de55-4ee6-9f88-6ea23d1a12c2@group-34CA344D8402-LeaderElection32] INFO  impl.LeaderElection (LeaderElection.java:logAndReturn(93)) -   Response 0: ebc46dcb-de55-4ee6-9f88-6ea23d1a12c2<-c593f1a5-11c2-4273-9636-a8fe79185bdd#0:FAIL-t8
2022-03-14 02:39:59,668 [ebc46dcb-de55-4ee6-9f88-6ea23d1a12c2@group-34CA344D8402-LeaderElection32] INFO  impl.LeaderElection (LeaderElection.java:askForVotes(308)) - ebc46dcb-de55-4ee6-9f88-6ea23d1a12c2@group-34CA344D8402-LeaderElection32 ELECTION round 0: result REJECTED
2022-03-14 02:39:59,668 [ebc46dcb-de55-4ee6-9f88-6ea23d1a12c2@group-34CA344D8402-LeaderElection32] INFO  server.RaftServer$Division (RaftServerImpl.java:setRole(290)) - ebc46dcb-de55-4ee6-9f88-6ea23d1a12c2@group-34CA344D8402: changes role from CANDIDATE to FOLLOWER at term 8 for REJECTED
2022-03-14 02:39:59,668 [ebc46dcb-de55-4ee6-9f88-6ea23d1a12c2@group-34CA344D8402-LeaderElection32] INFO  impl.RoleInfo (RoleInfo.java:shutdownLeaderElection(121)) - ebc46dcb-de55-4ee6-9f88-6ea23d1a12c2: shutdown ebc46dcb-de55-4ee6-9f88-6ea23d1a12c2@group-34CA344D8402-LeaderElection32
2022-03-14 02:39:59,668 [ebc46dcb-de55-4ee6-9f88-6ea23d1a12c2@group-34CA344D8402-LeaderElection32] INFO  impl.RoleInfo (RoleInfo.java:updateAndGet(130)) - ebc46dcb-de55-4ee6-9f88-6ea23d1a12c2: start ebc46dcb-de55-4ee6-9f88-6ea23d1a12c2@group-34CA344D8402-FollowerState
2022-03-14 02:39:59,675 [c593f1a5-11c2-4273-9636-a8fe79185bdd@group-34CA344D8402-LeaderElection31] INFO  impl.LeaderElection (LeaderElection.java:logAndReturn(89)) - c593f1a5-11c2-4273-9636-a8fe79185bdd@group-34CA344D8402-LeaderElection31: ELECTION PASSED received 2 response(s) and 0 exception(s):
2022-03-14 02:39:59,675 [c593f1a5-11c2-4273-9636-a8fe79185bdd@group-34CA344D8402-LeaderElection31] INFO  impl.LeaderElection (LeaderElection.java:logAndReturn(93)) -   Response 0: c593f1a5-11c2-4273-9636-a8fe79185bdd<-ebc46dcb-de55-4ee6-9f88-6ea23d1a12c2#0:FAIL-t8
2022-03-14 02:39:59,675 [c593f1a5-11c2-4273-9636-a8fe79185bdd@group-34CA344D8402-LeaderElection31] INFO  impl.LeaderElection (LeaderElection.java:logAndReturn(93)) -   Response 1: c593f1a5-11c2-4273-9636-a8fe79185bdd<-3a253468-8d3c-457d-ae60-4bc5eace9979#0:OK-t8
2022-03-14 02:39:59,676 [c593f1a5-11c2-4273-9636-a8fe79185bdd@group-34CA344D8402-LeaderElection31] INFO  impl.LeaderElection (LeaderElection.java:askForVotes(308)) - c593f1a5-11c2-4273-9636-a8fe79185bdd@group-34CA344D8402-LeaderElection31 ELECTION round 0: result PASSED
2022-03-14 02:39:59,676 [c593f1a5-11c2-4273-9636-a8fe79185bdd@group-34CA344D8402-LeaderElection31] INFO  impl.RoleInfo (RoleInfo.java:shutdownLeaderElection(121)) - c593f1a5-11c2-4273-9636-a8fe79185bdd: shutdown c593f1a5-11c2-4273-9636-a8fe79185bdd@group-34CA344D8402-LeaderElection31
2022-03-14 02:39:59,676 [c593f1a5-11c2-4273-9636-a8fe79185bdd@group-34CA344D8402-LeaderElection31] INFO  server.RaftServer$Division (RaftServerImpl.java:setRole(290)) - c593f1a5-11c2-4273-9636-a8fe79185bdd@group-34CA344D8402: changes role from CANDIDATE to LEADER at term 8 for changeToLeader
2022-03-14 02:39:59,676 [c593f1a5-11c2-4273-9636-a8fe79185bdd@group-34CA344D8402-LeaderElection31] INFO  ratis.XceiverServerRatis (XceiverServerRatis.java:handleLeaderChangedNotification(869)) - Leader change notification received for group: group-34CA344D8402 with new leaderId: c593f1a5-11c2-4273-9636-a8fe79185bdd
2022-03-14 02:39:59,676 [c593f1a5-11c2-4273-9636-a8fe79185bdd@group-34CA344D8402-LeaderElection31] INFO  server.RaftServer$Division (ServerState.java:setLeader(285)) - c593f1a5-11c2-4273-9636-a8fe79185bdd@group-34CA344D8402: change Leader from null to c593f1a5-11c2-4273-9636-a8fe79185bdd at term 8 for becomeLeader, leader elected after 41364ms
2022-03-14 02:39:59,676 [c593f1a5-11c2-4273-9636-a8fe79185bdd@group-34CA344D8402-LeaderElection31] INFO  server.RaftServerConfigKeys (ConfUtils.java:logGet(44)) - raft.server.staging.catchup.gap = 1000 (default)
2022-03-14 02:39:59,676 [c593f1a5-11c2-4273-9636-a8fe79185bdd@group-34CA344D8402-LeaderElection31] INFO  server.RaftServerConfigKeys (ConfUtils.java:logGet(44)) - raft.server.write.element-limit = 1024 (custom)
2022-03-14 02:39:59,676 [c593f1a5-11c2-4273-9636-a8fe79185bdd@group-34CA344D8402-LeaderElection31] INFO  server.RaftServerConfigKeys (ConfUtils.java:logGet(44)) - raft.server.write.byte-limit = 1024 M (=1073741824) (custom)
2022-03-14 02:39:59,677 [c593f1a5-11c2-4273-9636-a8fe79185bdd@group-34CA344D8402-LeaderElection31] INFO  server.RaftServerConfigKeys (ConfUtils.java:logGet(44)) - raft.server.watch.timeout = 180s (custom)
2022-03-14 02:39:59,678 [c593f1a5-11c2-4273-9636-a8fe79185bdd@group-34CA344D8402-LeaderElection31] INFO  server.RaftServerConfigKeys (ConfUtils.java:logGet(44)) - raft.server.watch.timeout.denomination = 1s (default)
2022-03-14 02:39:59,678 [c593f1a5-11c2-4273-9636-a8fe79185bdd@group-34CA344D8402-LeaderElection31] INFO  server.RaftServerConfigKeys (ConfUtils.java:logGet(44)) - raft.server.watch.element-limit = 65536 (default)
2022-03-14 02:39:59,678 [c593f1a5-11c2-4273-9636-a8fe79185bdd@group-34CA344D8402-LeaderElection31] INFO  server.RaftServerConfigKeys (ConfUtils.java:logGet(44)) - raft.server.write.element-limit = 1024 (custom)
2022-03-14 02:39:59,678 [c593f1a5-11c2-4273-9636-a8fe79185bdd@group-34CA344D8402-LeaderElection31] INFO  server.RaftServerConfigKeys (ConfUtils.java:logGet(44)) - raft.server.write.follower.gap.ratio.max = -1.0 (default)
2022-03-14 02:39:59,678 [c593f1a5-11c2-4273-9636-a8fe79185bdd@group-34CA344D8402-LeaderElection31] INFO  server.RaftServerConfigKeys (ConfUtils.java:logGet(44)) - raft.server.log.appender.snapshot.chunk.size.max = 16MB (=16777216) (default)
2022-03-14 02:39:59,678 [c593f1a5-11c2-4273-9636-a8fe79185bdd@group-34CA344D8402-LeaderElection31] INFO  server.RaftServerConfigKeys (ConfUtils.java:logGet(44)) - raft.server.log.appender.buffer.byte-limit = 33554432 (custom)
2022-03-14 02:39:59,678 [c593f1a5-11c2-4273-9636-a8fe79185bdd@group-34CA344D8402-LeaderElection31] INFO  server.RaftServerConfigKeys (ConfUtils.java:logGet(44)) - raft.server.log.appender.buffer.element-limit = 1 (custom)
2022-03-14 02:39:59,678 [c593f1a5-11c2-4273-9636-a8fe79185bdd@group-34CA344D8402-LeaderElection31] INFO  grpc.GrpcConfigKeys (ConfUtils.java:logGet(44)) - raft.grpc.server.leader.outstanding.appends.max = 128 (default)
2022-03-14 02:39:59,678 [c593f1a5-11c2-4273-9636-a8fe79185bdd@group-34CA344D8402-LeaderElection31] INFO  server.RaftServerConfigKeys (ConfUtils.java:logGet(44)) - raft.server.rpc.request.timeout = 60s (custom)
2022-03-14 02:39:59,679 [c593f1a5-11c2-4273-9636-a8fe79185bdd@group-34CA344D8402-LeaderElection31] INFO  server.RaftServerConfigKeys (ConfUtils.java:logGet(44)) - raft.server.log.appender.install.snapshot.enabled = false (custom)
2022-03-14 02:39:59,681 [c593f1a5-11c2-4273-9636-a8fe79185bdd@group-34CA344D8402-LeaderElection31] INFO  server.RaftServerConfigKeys (ConfUtils.java:logGet(44)) - raft.server.log.appender.snapshot.chunk.size.max = 16MB (=16777216) (default)
2022-03-14 02:39:59,681 [c593f1a5-11c2-4273-9636-a8fe79185bdd@group-34CA344D8402-LeaderElection31] INFO  server.RaftServerConfigKeys (ConfUtils.java:logGet(44)) - raft.server.log.appender.buffer.byte-limit = 33554432 (custom)
2022-03-14 02:39:59,677 [grpc-default-executor-4] INFO  server.RaftServer$Division (RaftServerImpl.java:requestVote(1046)) - 3a253468-8d3c-457d-ae60-4bc5eace9979@group-34CA344D8402: receive requestVote(ELECTION, ebc46dcb-de55-4ee6-9f88-6ea23d1a12c2, group-34CA344D8402, 8, (t:0, i:0))
2022-03-14 02:39:59,682 [EventQueue-PipelineReportForPipelineReportHandler] INFO  pipeline.PipelineManagerImpl (PipelineManagerImpl.java:openPipeline(291)) - Pipeline Pipeline[ Id: 7a1ec445-6f06-464b-9b77-34ca344d8402, Nodes: ebc46dcb-de55-4ee6-9f88-6ea23d1a12c2{ip: 10.1.0.7, host: fv-az501-120.rsswf2em5frezlg3dkjt5mgqaf.dx.internal.cloudapp.net, ports: [REPLICATION=43557, RATIS=45971, RATIS_ADMIN=45971, RATIS_SERVER=45971, STANDALONE=36715], networkLocation: /default-rack, certSerialId: null, persistedOpState: IN_SERVICE, persistedOpStateExpiryEpochSec: 0}c593f1a5-11c2-4273-9636-a8fe79185bdd{ip: 10.1.0.7, host: fv-az501-120.rsswf2em5frezlg3dkjt5mgqaf.dx.internal.cloudapp.net, ports: [REPLICATION=38275, RATIS=38051, RATIS_ADMIN=38051, RATIS_SERVER=38051, STANDALONE=46611], networkLocation: /default-rack, certSerialId: null, persistedOpState: IN_SERVICE, persistedOpStateExpiryEpochSec: 0}3a253468-8d3c-457d-ae60-4bc5eace9979{ip: 10.1.0.7, host: fv-az501-120.rsswf2em5frezlg3dkjt5mgqaf.dx.internal.cloudapp.net, ports: [REPLICATION=41147, RATIS=37431, RATIS_ADMIN=37431, RATIS_SERVER=37431, STANDALONE=46823], networkLocation: /default-rack, certSerialId: null, persistedOpState: IN_SERVICE, persistedOpStateExpiryEpochSec: 0}, ReplicationConfig: RATIS/THREE, State:ALLOCATED, leaderId:c593f1a5-11c2-4273-9636-a8fe79185bdd, CreationTimestamp2022-03-14T02:39:16.159Z[Etc/UTC]] moved to OPEN state
2022-03-14 02:39:59,686 [c593f1a5-11c2-4273-9636-a8fe79185bdd@group-34CA344D8402-LeaderElection31] INFO  server.RaftServerConfigKeys (ConfUtils.java:logGet(44)) - raft.server.log.appender.buffer.element-limit = 1 (custom)
2022-03-14 02:39:59,686 [grpc-default-executor-4] INFO  impl.VoteContext (VoteContext.java:log(48)) - 3a253468-8d3c-457d-ae60-4bc5eace9979@group-34CA344D8402-FOLLOWER: reject ELECTION from ebc46dcb-de55-4ee6-9f88-6ea23d1a12c2: already has voted for c593f1a5-11c2-4273-9636-a8fe79185bdd at current term 8
2022-03-14 02:39:59,686 [grpc-default-executor-4] INFO  server.RaftServer$Division (RaftServerImpl.java:requestVote(1078)) - 3a253468-8d3c-457d-ae60-4bc5eace9979@group-34CA344D8402 replies to ELECTION vote request: ebc46dcb-de55-4ee6-9f88-6ea23d1a12c2<-3a253468-8d3c-457d-ae60-4bc5eace9979#0:FAIL-t8. Peer's state: 3a253468-8d3c-457d-ae60-4bc5eace9979@group-34CA344D8402:t8, leader=null, voted=c593f1a5-11c2-4273-9636-a8fe79185bdd, raftlog=3a253468-8d3c-457d-ae60-4bc5eace9979@group-34CA344D8402-SegmentedRaftLog:OPENED:c-1, conf=-1: [ebc46dcb-de55-4ee6-9f88-6ea23d1a12c2|rpc:10.1.0.7:45971|dataStream:|priority:0, c593f1a5-11c2-4273-9636-a8fe79185bdd|rpc:10.1.0.7:38051|dataStream:|priority:1, 3a253468-8d3c-457d-ae60-4bc5eace9979|rpc:10.1.0.7:37431|dataStream:|priority:0], old=null
2022-03-14 02:39:59,691 [c10a1ce7-f634-4401-b221-0e35fc9f4831@group-35E71D15AA3E-StateMachineUpdater] INFO  safemode.HealthyPipelineSafeModeRule (HealthyPipelineSafeModeRule.java:initializeRule(152)) - Refreshed total pipeline count is 1, healthy pipeline threshold count is 1
2022-03-14 02:39:59,691 [EventQueue-OpenPipelineForHealthyPipelineSafeModeRule] INFO  safemode.SCMSafeModeManager (HealthyPipelineSafeModeRule.java:process(124)) - SCM in safe mode. Healthy pipelines reported count is 1, required healthy pipeline reported count is 1
2022-03-14 02:39:59,691 [EventQueue-OpenPipelineForHealthyPipelineSafeModeRule] INFO  safemode.SCMSafeModeManager (SCMSafeModeManager.java:validateSafeModeExitRules(204)) - HealthyPipelineSafeModeRule rule is successfully validated
2022-03-14 02:39:59,691 [EventQueue-OpenPipelineForHealthyPipelineSafeModeRule] INFO  safemode.SCMSafeModeManager (SCMSafeModeManager.java:validateSafeModeExitRules(219)) - ScmSafeModeManager, all rules are successfully validated
2022-03-14 02:39:59,691 [EventQueue-OpenPipelineForHealthyPipelineSafeModeRule] INFO  safemode.SCMSafeModeManager (SCMSafeModeManager.java:exitSafeMode(248)) - SCM exiting safe mode.
2022-03-14 02:39:59,691 [EventQueue-OpenPipelineForHealthyPipelineSafeModeRule] WARN  events.EventQueue (EventQueue.java:fireEvent(194)) - No event handler registered for event TypedEvent{payloadType=SafeModeStatus, name='Safe mode status'}
2022-03-14 02:39:59,692 [EventQueue-OpenPipelineForHealthyPipelineSafeModeRule] INFO  ha.SCMContext (SCMContext.java:updateSafeModeStatus(211)) - Update SafeModeStatus from SafeModeStatus{safeModeStatus=true, preCheckPassed=true} to SafeModeStatus{safeModeStatus=false, preCheckPassed=true}.
2022-03-14 02:39:59,692 [EventQueue-OpenPipelineForHealthyPipelineSafeModeRule] INFO  container.ReplicationManager (ReplicationManager.java:notifyStatusChanged(1807)) - Service ReplicationManager transitions to RUNNING.
2022-03-14 02:39:59,692 [c593f1a5-11c2-4273-9636-a8fe79185bdd@group-34CA344D8402-LeaderElection31] INFO  grpc.GrpcConfigKeys (ConfUtils.java:logGet(44)) - raft.grpc.server.leader.outstanding.appends.max = 128 (default)
2022-03-14 02:39:59,693 [c593f1a5-11c2-4273-9636-a8fe79185bdd@group-34CA344D8402-LeaderElection31] INFO  server.RaftServerConfigKeys (ConfUtils.java:logGet(44)) - raft.server.rpc.request.timeout = 60s (custom)
2022-03-14 02:39:59,693 [c593f1a5-11c2-4273-9636-a8fe79185bdd@group-34CA344D8402-LeaderElection31] INFO  server.RaftServerConfigKeys (ConfUtils.java:logGet(44)) - raft.server.log.appender.install.snapshot.enabled = false (custom)
2022-03-14 02:39:59,694 [c593f1a5-11c2-4273-9636-a8fe79185bdd@group-34CA344D8402-LeaderElection31] INFO  impl.RoleInfo (RoleInfo.java:updateAndGet(130)) - c593f1a5-11c2-4273-9636-a8fe79185bdd: start c593f1a5-11c2-4273-9636-a8fe79185bdd@group-34CA344D8402-LeaderStateImpl
2022-03-14 02:39:59,699 [c593f1a5-11c2-4273-9636-a8fe79185bdd@group-34CA344D8402-LeaderElection31] INFO  segmented.SegmentedRaftLogWorker (SegmentedRaftLogWorker.java:startLogSegment(394)) - c593f1a5-11c2-4273-9636-a8fe79185bdd@group-34CA344D8402-SegmentedRaftLogWorker: Starting segment from index:0
2022-03-14 02:39:59,705 [c593f1a5-11c2-4273-9636-a8fe79185bdd@group-34CA344D8402-SegmentedRaftLogWorker] INFO  segmented.SegmentedRaftLogWorker (SegmentedRaftLogWorker.java:execute(601)) - c593f1a5-11c2-4273-9636-a8fe79185bdd@group-34CA344D8402-SegmentedRaftLogWorker: created new log segment /home/runner/work/ozone/ozone/hadoop-ozone/integration-test/target/test-dir/MiniOzoneClusterImpl-a8714879-5ed3-4fa8-8176-35e71d15aa3e/datanode-2/data/ratis/7a1ec445-6f06-464b-9b77-34ca344d8402/current/log_inprogress_0
2022-03-14 02:39:59,706 [grpc-default-executor-4] INFO  ratis.XceiverServerRatis (XceiverServerRatis.java:handleLeaderChangedNotification(869)) - Leader change notification received for group: group-34CA344D8402 with new leaderId: c593f1a5-11c2-4273-9636-a8fe79185bdd
2022-03-14 02:39:59,707 [grpc-default-executor-4] INFO  server.RaftServer$Division (ServerState.java:setLeader(285)) - 3a253468-8d3c-457d-ae60-4bc5eace9979@group-34CA344D8402: change Leader from null to c593f1a5-11c2-4273-9636-a8fe79185bdd at term 8 for appendEntries, leader elected after 41267ms
2022-03-14 02:39:59,720 [c593f1a5-11c2-4273-9636-a8fe79185bdd@group-34CA344D8402-LeaderElection31] INFO  server.RaftServer$Division (ServerState.java:setRaftConf(387)) - c593f1a5-11c2-4273-9636-a8fe79185bdd@group-34CA344D8402: set configuration 0: [ebc46dcb-de55-4ee6-9f88-6ea23d1a12c2|rpc:10.1.0.7:45971|dataStream:|priority:0, c593f1a5-11c2-4273-9636-a8fe79185bdd|rpc:10.1.0.7:38051|dataStream:|priority:1, 3a253468-8d3c-457d-ae60-4bc5eace9979|rpc:10.1.0.7:37431|dataStream:|priority:0], old=null
2022-03-14 02:39:59,740 [grpc-default-executor-4] INFO  server.RaftServer$Division (ServerState.java:setRaftConf(387)) - 3a253468-8d3c-457d-ae60-4bc5eace9979@group-34CA344D8402: set configuration 0: [ebc46dcb-de55-4ee6-9f88-6ea23d1a12c2|rpc:10.1.0.7:45971|dataStream:|priority:0, c593f1a5-11c2-4273-9636-a8fe79185bdd|rpc:10.1.0.7:38051|dataStream:|priority:1, 3a253468-8d3c-457d-ae60-4bc5eace9979|rpc:10.1.0.7:37431|dataStream:|priority:0], old=null
2022-03-14 02:39:59,741 [grpc-default-executor-4] INFO  segmented.SegmentedRaftLogWorker (SegmentedRaftLogWorker.java:startLogSegment(394)) - 3a253468-8d3c-457d-ae60-4bc5eace9979@group-34CA344D8402-SegmentedRaftLogWorker: Starting segment from index:0
2022-03-14 02:39:59,745 [3a253468-8d3c-457d-ae60-4bc5eace9979@group-34CA344D8402-SegmentedRaftLogWorker] INFO  segmented.SegmentedRaftLogWorker (SegmentedRaftLogWorker.java:execute(601)) - 3a253468-8d3c-457d-ae60-4bc5eace9979@group-34CA344D8402-SegmentedRaftLogWorker: created new log segment /home/runner/work/ozone/ozone/hadoop-ozone/integration-test/target/test-dir/MiniOzoneClusterImpl-a8714879-5ed3-4fa8-8176-35e71d15aa3e/datanode-1/data/ratis/7a1ec445-6f06-464b-9b77-34ca344d8402/current/log_inprogress_0
2022-03-14 02:39:59,746 [grpc-default-executor-3] INFO  ratis.XceiverServerRatis (XceiverServerRatis.java:handleLeaderChangedNotification(869)) - Leader change notification received for group: group-34CA344D8402 with new leaderId: c593f1a5-11c2-4273-9636-a8fe79185bdd
2022-03-14 02:39:59,746 [grpc-default-executor-3] INFO  server.RaftServer$Division (ServerState.java:setLeader(285)) - ebc46dcb-de55-4ee6-9f88-6ea23d1a12c2@group-34CA344D8402: change Leader from null to c593f1a5-11c2-4273-9636-a8fe79185bdd at term 8 for appendEntries, leader elected after 41539ms
2022-03-14 02:39:59,816 [grpc-default-executor-3] INFO  server.RaftServer$Division (ServerState.java:setRaftConf(387)) - ebc46dcb-de55-4ee6-9f88-6ea23d1a12c2@group-34CA344D8402: set configuration 0: [ebc46dcb-de55-4ee6-9f88-6ea23d1a12c2|rpc:10.1.0.7:45971|dataStream:|priority:0, c593f1a5-11c2-4273-9636-a8fe79185bdd|rpc:10.1.0.7:38051|dataStream:|priority:1, 3a253468-8d3c-457d-ae60-4bc5eace9979|rpc:10.1.0.7:37431|dataStream:|priority:0], old=null
2022-03-14 02:39:59,816 [grpc-default-executor-3] INFO  segmented.SegmentedRaftLogWorker (SegmentedRaftLogWorker.java:startLogSegment(394)) - ebc46dcb-de55-4ee6-9f88-6ea23d1a12c2@group-34CA344D8402-SegmentedRaftLogWorker: Starting segment from index:0
2022-03-14 02:39:59,818 [ebc46dcb-de55-4ee6-9f88-6ea23d1a12c2@group-34CA344D8402-SegmentedRaftLogWorker] INFO  segmented.SegmentedRaftLogWorker (SegmentedRaftLogWorker.java:execute(601)) - ebc46dcb-de55-4ee6-9f88-6ea23d1a12c2@group-34CA344D8402-SegmentedRaftLogWorker: created new log segment /home/runner/work/ozone/ozone/hadoop-ozone/integration-test/target/test-dir/MiniOzoneClusterImpl-a8714879-5ed3-4fa8-8176-35e71d15aa3e/datanode-0/data/ratis/7a1ec445-6f06-464b-9b77-34ca344d8402/current/log_inprogress_0
2022-03-14 02:40:00,179 [Listener at 127.0.0.1/43591] INFO  ozone.MiniOzoneClusterImpl (MiniOzoneClusterImpl.java:lambda$waitForClusterToBeReady$0(219)) - Nodes are ready. Got 3 of 3 DN Heartbeats.
2022-03-14 02:40:00,179 [Listener at 127.0.0.1/43591] INFO  ozone.MiniOzoneClusterImpl (MiniOzoneClusterImpl.java:lambda$waitForClusterToBeReady$0(222)) - Cluster exits safe mode
2022-03-14 02:40:00,179 [Listener at 127.0.0.1/43591] INFO  ozone.MiniOzoneClusterImpl (MiniOzoneClusterImpl.java:lambda$waitForClusterToBeReady$0(224)) - SCM became leader
2022-03-14 02:40:00,179 [Listener at 127.0.0.1/43591] INFO  server.StorageContainerManager (StorageContainerManager.java:stop(1414)) - Stopping Container Balancer service.
2022-03-14 02:40:00,179 [Listener at 127.0.0.1/43591] INFO  balancer.ContainerBalancer (ContainerBalancer.java:stop(802)) - Container Balancer is not running.
2022-03-14 02:40:00,179 [Listener at 127.0.0.1/43591] INFO  server.StorageContainerManager (StorageContainerManager.java:stop(1421)) - Stopping Replication Manager Service.
2022-03-14 02:40:00,179 [Listener at 127.0.0.1/43591] INFO  container.ReplicationManager (ReplicationManager.java:stop(357)) - Stopping Replication Monitor Thread.
2022-03-14 02:40:00,180 [Listener at 127.0.0.1/43591] INFO  server.StorageContainerManager (StorageContainerManager.java:stop(1428)) - Stopping the Datanode Admin Monitor.
2022-03-14 02:40:00,180 [Listener at 127.0.0.1/43591] INFO  server.StorageContainerManager (StorageContainerManager.java:stop(1435)) - Stopping Lease Manager of the command watchers
2022-03-14 02:40:00,180 [Listener at 127.0.0.1/43591] INFO  server.StorageContainerManager (StorageContainerManager.java:stop(1442)) - Stopping datanode service RPC server
2022-03-14 02:40:00,180 [Listener at 127.0.0.1/43591] INFO  server.SCMDatanodeProtocolServer (SCMDatanodeProtocolServer.java:stop(400)) - Stopping the RPC server for DataNodes
2022-03-14 02:40:00,180 [Listener at 127.0.0.1/43591] INFO  ipc.Server (Server.java:stop(3414)) - Stopping server on 42035
2022-03-14 02:40:00,186 [IPC Server Responder] INFO  ipc.Server (Server.java:run(1512)) - Stopping IPC Server Responder
2022-03-14 02:40:00,186 [IPC Server listener on 0] INFO  ipc.Server (Server.java:run(1376)) - Stopping IPC Server listener on 0
2022-03-14 02:40:00,251 [SCM Heartbeat Processing Thread - 0] WARN  node.NodeStateManager (NodeStateManager.java:scheduleNextHealthCheck(815)) - Current Thread is interrupted, shutting down HB processing thread for Node Manager.
2022-03-14 02:40:00,252 [Listener at 127.0.0.1/43591] INFO  server.StorageContainerManager (StorageContainerManager.java:stop(1450)) - Stopping block service RPC server
2022-03-14 02:40:00,253 [Listener at 127.0.0.1/43591] INFO  server.SCMBlockProtocolServer (SCMBlockProtocolServer.java:stop(160)) - Stopping the RPC server for Block Protocol
2022-03-14 02:40:00,253 [Listener at 127.0.0.1/43591] INFO  ipc.Server (Server.java:stop(3414)) - Stopping server on 38779
2022-03-14 02:40:00,255 [IPC Server listener on 0] INFO  ipc.Server (Server.java:run(1376)) - Stopping IPC Server listener on 0
2022-03-14 02:40:00,258 [Listener at 127.0.0.1/43591] INFO  server.StorageContainerManager (StorageContainerManager.java:stop(1457)) - Stopping the StorageContainerLocationProtocol RPC server
2022-03-14 02:40:00,258 [Listener at 127.0.0.1/43591] INFO  server.SCMClientProtocolServer (SCMClientProtocolServer.java:stop(174)) - Stopping the RPC server for Client Protocol
2022-03-14 02:40:00,258 [Listener at 127.0.0.1/43591] INFO  ipc.Server (Server.java:stop(3414)) - Stopping server on 33273
2022-03-14 02:40:00,258 [IPC Server Responder] INFO  ipc.Server (Server.java:run(1512)) - Stopping IPC Server Responder
2022-03-14 02:40:00,261 [IPC Server listener on 0] INFO  ipc.Server (Server.java:run(1376)) - Stopping IPC Server listener on 0
2022-03-14 02:40:00,269 [Listener at 127.0.0.1/43591] INFO  server.StorageContainerManager (StorageContainerManager.java:stop(1464)) - Stopping Storage Container Manager HTTP server.
2022-03-14 02:40:00,270 [Listener at 127.0.0.1/43591] INFO  handler.ContextHandler (ContextHandler.java:doStop(1153)) - Stopped o.e.j.w.WebAppContext@317d17f6{scm,/,null,STOPPED}{file:/home/runner/work/ozone/ozone/hadoop-ozone/integration-test/target/test-classes/webapps/scm}
2022-03-14 02:40:00,270 [IPC Server Responder] INFO  ipc.Server (Server.java:run(1512)) - Stopping IPC Server Responder
2022-03-14 02:40:00,271 [Listener at 127.0.0.1/43591] INFO  server.AbstractConnector (AbstractConnector.java:doStop(381)) - Stopped ServerConnector@510069e0{HTTP/1.1, (http/1.1)}{0.0.0.0:0}
2022-03-14 02:40:00,271 [Listener at 127.0.0.1/43591] INFO  server.session (HouseKeeper.java:stopScavenging(149)) - node0 Stopped scavenging
2022-03-14 02:40:00,271 [Listener at 127.0.0.1/43591] INFO  handler.ContextHandler (ContextHandler.java:doStop(1153)) - Stopped o.e.j.s.ServletContextHandler@5347d24f{static,/static,file:///home/runner/work/ozone/ozone/hadoop-ozone/integration-test/target/test-classes/webapps/static,STOPPED}
2022-03-14 02:40:00,272 [Listener at 127.0.0.1/43591] INFO  handler.ContextHandler (ContextHandler.java:doStop(1153)) - Stopped o.e.j.s.ServletContextHandler@33476ca4{logs,/logs,file:///home/runner/work/ozone/ozone/hadoop-ozone/integration-test/target/log,STOPPED}
2022-03-14 02:40:00,274 [Listener at 127.0.0.1/43591] INFO  server.StorageContainerManager (StorageContainerManager.java:stop(1475)) - Stopping Block Manager Service.
2022-03-14 02:40:00,274 [Listener at 127.0.0.1/43591] INFO  utils.BackgroundService (BackgroundService.java:shutdown(132)) - Shutting down service SCMBlockDeletingService
2022-03-14 02:40:00,274 [Listener at 127.0.0.1/43591] INFO  utils.BackgroundService (BackgroundService.java:shutdown(132)) - Shutting down service SCMBlockDeletingService
2022-03-14 02:40:00,275 [Listener at 127.0.0.1/43591] INFO  server.StorageContainerManager (StorageContainerManager.java:stop(1502)) - Stopping SCM Event Queue.
2022-03-14 02:40:00,280 [Listener at 127.0.0.1/43591] INFO  server.StorageContainerManager (StorageContainerManager.java:stop(1513)) - Stopping SCM HA services.
2022-03-14 02:40:00,280 [Listener at 127.0.0.1/43591] INFO  ha.SCMRatisServerImpl (SCMRatisServerImpl.java:stop(236)) - stopping ratis server 0.0.0.0:9894
2022-03-14 02:40:00,280 [Listener at 127.0.0.1/43591] INFO  server.RaftServer (RaftServerProxy.java:lambda$close$6(391)) - c10a1ce7-f634-4401-b221-0e35fc9f4831: close
2022-03-14 02:40:00,281 [Listener at 127.0.0.1/43591] INFO  server.RaftServer$Division (RaftServerImpl.java:lambda$close$4(412)) - c10a1ce7-f634-4401-b221-0e35fc9f4831@group-35E71D15AA3E: shutdown
2022-03-14 02:40:00,281 [Listener at 127.0.0.1/43591] INFO  util.JmxRegister (JmxRegister.java:unregister(73)) - Successfully un-registered JMX Bean with object name Ratis:service=RaftServer,group=group-35E71D15AA3E,id=c10a1ce7-f634-4401-b221-0e35fc9f4831
2022-03-14 02:40:00,281 [Listener at 127.0.0.1/43591] INFO  impl.RoleInfo (RoleInfo.java:shutdownLeaderState(91)) - c10a1ce7-f634-4401-b221-0e35fc9f4831: shutdown c10a1ce7-f634-4401-b221-0e35fc9f4831@group-35E71D15AA3E-LeaderStateImpl
2022-03-14 02:40:00,282 [Listener at 127.0.0.1/43591] INFO  impl.PendingRequests (PendingRequests.java:sendNotLeaderResponses(282)) - c10a1ce7-f634-4401-b221-0e35fc9f4831@group-35E71D15AA3E-PendingRequests: sendNotLeaderResponses
2022-03-14 02:40:00,282 [Listener at 127.0.0.1/43591] INFO  ha.SCMStateMachine (SCMStateMachine.java:notifyNotLeader(190)) - current leader SCM steps down.
2022-03-14 02:40:00,282 [Listener at 127.0.0.1/43591] INFO  ha.SCMContext (SCMContext.java:updateLeaderAndTerm(90)) - update <isLeader,term> from <true,2> to <false,0>
2022-03-14 02:40:00,282 [Listener at 127.0.0.1/43591] INFO  ha.SCMContext (SCMContext.java:updateLeaderAndTerm(97)) - update <isLeaderReady> from <false> to <false>
2022-03-14 02:40:00,296 [Listener at 127.0.0.1/43591] INFO  impl.StateMachineUpdater (StateMachineUpdater.java:stopAndJoin(149)) - c10a1ce7-f634-4401-b221-0e35fc9f4831@group-35E71D15AA3E-StateMachineUpdater: set stopIndex = 18
2022-03-14 02:40:00,297 [c10a1ce7-f634-4401-b221-0e35fc9f4831@group-35E71D15AA3E-StateMachineUpdater] INFO  ha.SCMStateMachine (SCMStateMachine.java:takeSnapshot(297)) - Current Snapshot Index 18, takeSnapshot took 0 ms
2022-03-14 02:40:00,297 [c10a1ce7-f634-4401-b221-0e35fc9f4831@group-35E71D15AA3E-StateMachineUpdater] INFO  impl.StateMachineUpdater (StateMachineUpdater.java:takeSnapshot(281)) - c10a1ce7-f634-4401-b221-0e35fc9f4831@group-35E71D15AA3E-StateMachineUpdater: Took a snapshot at index 18
2022-03-14 02:40:00,297 [c10a1ce7-f634-4401-b221-0e35fc9f4831@group-35E71D15AA3E-StateMachineUpdater] INFO  impl.StateMachineUpdater (StateMachineUpdater.java:lambda$new$0(89)) - c10a1ce7-f634-4401-b221-0e35fc9f4831@group-35E71D15AA3E-StateMachineUpdater: snapshotIndex: updateIncreasingly -1 -> 18
2022-03-14 02:40:00,297 [Listener at 127.0.0.1/43591] INFO  server.RaftServer$Division (ServerState.java:close(419)) - c10a1ce7-f634-4401-b221-0e35fc9f4831@group-35E71D15AA3E: closes. applyIndex: 18
2022-03-14 02:40:00,298 [c10a1ce7-f634-4401-b221-0e35fc9f4831@group-35E71D15AA3E-SegmentedRaftLogWorker] INFO  segmented.SegmentedRaftLogWorker (SegmentedRaftLogWorker.java:run(327)) - c10a1ce7-f634-4401-b221-0e35fc9f4831@group-35E71D15AA3E-SegmentedRaftLogWorker was interrupted, exiting. There are 0 tasks remaining in the queue.
2022-03-14 02:40:00,299 [Listener at 127.0.0.1/43591] INFO  segmented.SegmentedRaftLogWorker (SegmentedRaftLogWorker.java:close(237)) - c10a1ce7-f634-4401-b221-0e35fc9f4831@group-35E71D15AA3E-SegmentedRaftLogWorker close()
2022-03-14 02:40:00,300 [Listener at 127.0.0.1/43591] INFO  server.GrpcService (GrpcService.java:closeImpl(262)) - c10a1ce7-f634-4401-b221-0e35fc9f4831: shutdown server with port 9894 now
2022-03-14 02:40:00,300 [Listener at 127.0.0.1/43591] INFO  server.GrpcService (GrpcService.java:closeImpl(271)) - c10a1ce7-f634-4401-b221-0e35fc9f4831: shutdown server with port 9894 successfully
2022-03-14 02:40:00,300 [org.apache.ratis.util.JvmPauseMonitor$$Lambda$431/1941186180@5be71bb5] INFO  util.JvmPauseMonitor (JvmPauseMonitor.java:run(109)) - JvmPauseMonitor-c10a1ce7-f634-4401-b221-0e35fc9f4831: Stopped
2022-03-14 02:40:00,316 [Listener at 127.0.0.1/43591] INFO  pipeline.BackgroundPipelineCreator (BackgroundPipelineCreator.java:stop(158)) - Stopping RatisPipelineUtilsThread.
2022-03-14 02:40:00,316 [Listener at 127.0.0.1/43591] INFO  server.StorageContainerManager (StorageContainerManager.java:stop(1523)) - Stopping SCM MetadataStore.
2022-03-14 02:40:00,318 [Listener at 127.0.0.1/43591] INFO  impl.MetricsSystemImpl (MetricsSystemImpl.java:stop(210)) - Stopping HddsDatanode metrics system...
2022-03-14 02:40:00,359 [prometheus] INFO  impl.MetricsSinkAdapter (MetricsSinkAdapter.java:publishMetricsFromQueue(141)) - prometheus thread interrupted.
2022-03-14 02:40:00,359 [Listener at 127.0.0.1/43591] INFO  impl.MetricsSystemImpl (MetricsSystemImpl.java:stop(216)) - HddsDatanode metrics system stopped.
2022-03-14 02:40:00,683 [EndpointStateMachine task thread for /0.0.0.0:42035 - 0 ] WARN  statemachine.EndpointStateMachine (EndpointStateMachine.java:logIfNeeded(236)) - Unable to communicate to SCM server at 0.0.0.0:42035 for past 0 seconds.
java.io.EOFException: End of File Exception between local host is: "fv-az501-120/10.1.0.7"; destination host is: "0.0.0.0":42035; : java.io.EOFException; For more details see:  http://wiki.apache.org/hadoop/EOFException
	at sun.reflect.NativeConstructorAccessorImpl.newInstance0(Native Method)
	at sun.reflect.NativeConstructorAccessorImpl.newInstance(NativeConstructorAccessorImpl.java:62)
	at sun.reflect.DelegatingConstructorAccessorImpl.newInstance(DelegatingConstructorAccessorImpl.java:45)
	at java.lang.reflect.Constructor.newInstance(Constructor.java:423)
	at org.apache.hadoop.net.NetUtils.wrapWithMessage(NetUtils.java:913)
	at org.apache.hadoop.net.NetUtils.wrapException(NetUtils.java:862)
	at org.apache.hadoop.ipc.Client.getRpcResponse(Client.java:1577)
	at org.apache.hadoop.ipc.Client.call(Client.java:1519)
	at org.apache.hadoop.ipc.Client.call(Client.java:1416)
	at org.apache.hadoop.ipc.ProtobufRpcEngine$Invoker.invoke(ProtobufRpcEngine.java:236)
	at org.apache.hadoop.ipc.ProtobufRpcEngine$Invoker.invoke(ProtobufRpcEngine.java:123)
	at com.sun.proxy.$Proxy49.submitRequest(Unknown Source)
	at org.apache.hadoop.ozone.protocolPB.StorageContainerDatanodeProtocolClientSideTranslatorPB.submitRequest(StorageContainerDatanodeProtocolClientSideTranslatorPB.java:117)
	at org.apache.hadoop.ozone.protocolPB.StorageContainerDatanodeProtocolClientSideTranslatorPB.sendHeartbeat(StorageContainerDatanodeProtocolClientSideTranslatorPB.java:149)
	at org.apache.hadoop.ozone.container.common.states.endpoint.HeartbeatEndpointTask.call(HeartbeatEndpointTask.java:180)
	at org.apache.hadoop.ozone.container.common.states.endpoint.HeartbeatEndpointTask.call(HeartbeatEndpointTask.java:83)
	at java.util.concurrent.FutureTask.run(FutureTask.java:266)
	at java.util.concurrent.ThreadPoolExecutor.runWorker(ThreadPoolExecutor.java:1149)
	at java.util.concurrent.ThreadPoolExecutor$Worker.run(ThreadPoolExecutor.java:624)
	at java.lang.Thread.run(Thread.java:750)
Caused by: java.io.EOFException
	at java.io.DataInputStream.readInt(DataInputStream.java:392)
	at org.apache.hadoop.ipc.Client$IpcStreams.readResponse(Client.java:1892)
	at org.apache.hadoop.ipc.Client$Connection.receiveRpcResponse(Client.java:1202)
	at org.apache.hadoop.ipc.Client$Connection.run(Client.java:1098)
2022-03-14 02:40:01,968 [EndpointStateMachine task thread for /0.0.0.0:42035 - 0 ] INFO  ipc.Client (Client.java:handleConnectionFailure(977)) - Retrying connect to server: 0.0.0.0/0.0.0.0:42035. Already tried 0 time(s); retry policy is RetryUpToMaximumCountWithFixedSleep(maxRetries=15, sleepTime=1000 MILLISECONDS)
2022-03-14 02:40:02,968 [EndpointStateMachine task thread for /0.0.0.0:42035 - 0 ] INFO  ipc.Client (Client.java:handleConnectionFailure(977)) - Retrying connect to server: 0.0.0.0/0.0.0.0:42035. Already tried 1 time(s); retry policy is RetryUpToMaximumCountWithFixedSleep(maxRetries=15, sleepTime=1000 MILLISECONDS)
2022-03-14 02:40:03,969 [EndpointStateMachine task thread for /0.0.0.0:42035 - 0 ] INFO  ipc.Client (Client.java:handleConnectionFailure(977)) - Retrying connect to server: 0.0.0.0/0.0.0.0:42035. Already tried 2 time(s); retry policy is RetryUpToMaximumCountWithFixedSleep(maxRetries=15, sleepTime=1000 MILLISECONDS)
2022-03-14 02:40:04,970 [EndpointStateMachine task thread for /0.0.0.0:42035 - 0 ] INFO  ipc.Client (Client.java:handleConnectionFailure(977)) - Retrying connect to server: 0.0.0.0/0.0.0.0:42035. Already tried 3 time(s); retry policy is RetryUpToMaximumCountWithFixedSleep(maxRetries=15, sleepTime=1000 MILLISECONDS)
2022-03-14 02:40:05,360 [Listener at 127.0.0.1/43591] INFO  ozoneimpl.OzoneContainer (OzoneContainer.java:stop(356)) - Attempting to stop container services.
2022-03-14 02:40:05,361 [Listener at 127.0.0.1/43591] INFO  server.RaftServer (RaftServerProxy.java:lambda$close$6(391)) - ebc46dcb-de55-4ee6-9f88-6ea23d1a12c2: close
2022-03-14 02:40:05,367 [Listener at 127.0.0.1/43591] INFO  server.RaftServer$Division (RaftServerImpl.java:lambda$close$4(412)) - ebc46dcb-de55-4ee6-9f88-6ea23d1a12c2@group-A36BFBA1ACFC: shutdown
2022-03-14 02:40:05,368 [Listener at 127.0.0.1/43591] INFO  util.JmxRegister (JmxRegister.java:unregister(73)) - Successfully un-registered JMX Bean with object name Ratis:service=RaftServer,group=group-A36BFBA1ACFC,id=ebc46dcb-de55-4ee6-9f88-6ea23d1a12c2
2022-03-14 02:40:05,368 [Listener at 127.0.0.1/43591] INFO  impl.RoleInfo (RoleInfo.java:shutdownLeaderState(91)) - ebc46dcb-de55-4ee6-9f88-6ea23d1a12c2: shutdown ebc46dcb-de55-4ee6-9f88-6ea23d1a12c2@group-A36BFBA1ACFC-LeaderStateImpl
2022-03-14 02:40:05,368 [Listener at 127.0.0.1/43591] INFO  impl.PendingRequests (PendingRequests.java:sendNotLeaderResponses(282)) - ebc46dcb-de55-4ee6-9f88-6ea23d1a12c2@group-A36BFBA1ACFC-PendingRequests: sendNotLeaderResponses
2022-03-14 02:40:05,369 [Listener at 127.0.0.1/43591] INFO  impl.StateMachineUpdater (StateMachineUpdater.java:stopAndJoin(149)) - ebc46dcb-de55-4ee6-9f88-6ea23d1a12c2@group-A36BFBA1ACFC-StateMachineUpdater: set stopIndex = 0
2022-03-14 02:40:05,369 [ebc46dcb-de55-4ee6-9f88-6ea23d1a12c2@group-A36BFBA1ACFC-StateMachineUpdater] INFO  ratis.ContainerStateMachine (ContainerStateMachine.java:takeSnapshot(304)) - group-A36BFBA1ACFC: Taking a snapshot at:(t:1, i:0) file /home/runner/work/ozone/ozone/hadoop-ozone/integration-test/target/test-dir/MiniOzoneClusterImpl-a8714879-5ed3-4fa8-8176-35e71d15aa3e/datanode-0/data/ratis/14c3b3e1-f2b8-47cf-ae81-a36bfba1acfc/sm/snapshot.1_0
2022-03-14 02:40:05,370 [ebc46dcb-de55-4ee6-9f88-6ea23d1a12c2@group-A36BFBA1ACFC-StateMachineUpdater] INFO  ratis.ContainerStateMachine (ContainerStateMachine.java:takeSnapshot(315)) - group-A36BFBA1ACFC: Finished taking a snapshot at:(t:1, i:0) file:/home/runner/work/ozone/ozone/hadoop-ozone/integration-test/target/test-dir/MiniOzoneClusterImpl-a8714879-5ed3-4fa8-8176-35e71d15aa3e/datanode-0/data/ratis/14c3b3e1-f2b8-47cf-ae81-a36bfba1acfc/sm/snapshot.1_0 took: 2 ms
2022-03-14 02:40:05,371 [ebc46dcb-de55-4ee6-9f88-6ea23d1a12c2@group-A36BFBA1ACFC-StateMachineUpdater] INFO  impl.StateMachineUpdater (StateMachineUpdater.java:takeSnapshot(281)) - ebc46dcb-de55-4ee6-9f88-6ea23d1a12c2@group-A36BFBA1ACFC-StateMachineUpdater: Took a snapshot at index 0
2022-03-14 02:40:05,371 [ebc46dcb-de55-4ee6-9f88-6ea23d1a12c2@group-A36BFBA1ACFC-StateMachineUpdater] INFO  impl.StateMachineUpdater (StateMachineUpdater.java:lambda$new$0(89)) - ebc46dcb-de55-4ee6-9f88-6ea23d1a12c2@group-A36BFBA1ACFC-StateMachineUpdater: snapshotIndex: updateIncreasingly -1 -> 0
2022-03-14 02:40:05,371 [Listener at 127.0.0.1/43591] INFO  server.RaftServer$Division (ServerState.java:close(419)) - ebc46dcb-de55-4ee6-9f88-6ea23d1a12c2@group-A36BFBA1ACFC: closes. applyIndex: 0
2022-03-14 02:40:05,374 [ebc46dcb-de55-4ee6-9f88-6ea23d1a12c2@group-A36BFBA1ACFC-SegmentedRaftLogWorker] INFO  segmented.SegmentedRaftLogWorker (SegmentedRaftLogWorker.java:run(327)) - ebc46dcb-de55-4ee6-9f88-6ea23d1a12c2@group-A36BFBA1ACFC-SegmentedRaftLogWorker was interrupted, exiting. There are 0 tasks remaining in the queue.
2022-03-14 02:40:05,377 [Listener at 127.0.0.1/43591] INFO  segmented.SegmentedRaftLogWorker (SegmentedRaftLogWorker.java:close(237)) - ebc46dcb-de55-4ee6-9f88-6ea23d1a12c2@group-A36BFBA1ACFC-SegmentedRaftLogWorker close()
2022-03-14 02:40:05,378 [Listener at 127.0.0.1/43591] INFO  server.RaftServer$Division (RaftServerImpl.java:lambda$close$4(412)) - ebc46dcb-de55-4ee6-9f88-6ea23d1a12c2@group-34CA344D8402: shutdown
2022-03-14 02:40:05,378 [Listener at 127.0.0.1/43591] INFO  util.JmxRegister (JmxRegister.java:unregister(73)) - Successfully un-registered JMX Bean with object name Ratis:service=RaftServer,group=group-34CA344D8402,id=ebc46dcb-de55-4ee6-9f88-6ea23d1a12c2
2022-03-14 02:40:05,379 [Listener at 127.0.0.1/43591] INFO  impl.RoleInfo (RoleInfo.java:shutdownFollowerState(108)) - ebc46dcb-de55-4ee6-9f88-6ea23d1a12c2: shutdown ebc46dcb-de55-4ee6-9f88-6ea23d1a12c2@group-34CA344D8402-FollowerState
2022-03-14 02:40:05,379 [Listener at 127.0.0.1/43591] INFO  impl.StateMachineUpdater (StateMachineUpdater.java:stopAndJoin(149)) - ebc46dcb-de55-4ee6-9f88-6ea23d1a12c2@group-34CA344D8402-StateMachineUpdater: set stopIndex = 0
2022-03-14 02:40:05,379 [ebc46dcb-de55-4ee6-9f88-6ea23d1a12c2@group-34CA344D8402-FollowerState] INFO  impl.FollowerState (FollowerState.java:run(143)) - ebc46dcb-de55-4ee6-9f88-6ea23d1a12c2@group-34CA344D8402-FollowerState was interrupted: {}
java.lang.InterruptedException: sleep interrupted
	at java.lang.Thread.sleep(Native Method)
	at java.lang.Thread.sleep(Thread.java:342)
	at java.util.concurrent.TimeUnit.sleep(TimeUnit.java:386)
	at org.apache.ratis.util.TimeDuration.sleep(TimeDuration.java:324)
	at org.apache.ratis.util.TimeDuration.sleep(TimeDuration.java:309)
	at org.apache.ratis.server.impl.FollowerState.run(FollowerState.java:118)
2022-03-14 02:40:05,379 [ebc46dcb-de55-4ee6-9f88-6ea23d1a12c2@group-34CA344D8402-StateMachineUpdater] INFO  ratis.ContainerStateMachine (ContainerStateMachine.java:takeSnapshot(304)) - group-34CA344D8402: Taking a snapshot at:(t:8, i:0) file /home/runner/work/ozone/ozone/hadoop-ozone/integration-test/target/test-dir/MiniOzoneClusterImpl-a8714879-5ed3-4fa8-8176-35e71d15aa3e/datanode-0/data/ratis/7a1ec445-6f06-464b-9b77-34ca344d8402/sm/snapshot.8_0
2022-03-14 02:40:05,380 [ebc46dcb-de55-4ee6-9f88-6ea23d1a12c2@group-34CA344D8402-StateMachineUpdater] INFO  ratis.ContainerStateMachine (ContainerStateMachine.java:takeSnapshot(315)) - group-34CA344D8402: Finished taking a snapshot at:(t:8, i:0) file:/home/runner/work/ozone/ozone/hadoop-ozone/integration-test/target/test-dir/MiniOzoneClusterImpl-a8714879-5ed3-4fa8-8176-35e71d15aa3e/datanode-0/data/ratis/7a1ec445-6f06-464b-9b77-34ca344d8402/sm/snapshot.8_0 took: 0 ms
2022-03-14 02:40:05,380 [ebc46dcb-de55-4ee6-9f88-6ea23d1a12c2@group-34CA344D8402-StateMachineUpdater] INFO  impl.StateMachineUpdater (StateMachineUpdater.java:takeSnapshot(281)) - ebc46dcb-de55-4ee6-9f88-6ea23d1a12c2@group-34CA344D8402-StateMachineUpdater: Took a snapshot at index 0
2022-03-14 02:40:05,380 [ebc46dcb-de55-4ee6-9f88-6ea23d1a12c2@group-34CA344D8402-StateMachineUpdater] INFO  impl.StateMachineUpdater (StateMachineUpdater.java:lambda$new$0(89)) - ebc46dcb-de55-4ee6-9f88-6ea23d1a12c2@group-34CA344D8402-StateMachineUpdater: snapshotIndex: updateIncreasingly -1 -> 0
2022-03-14 02:40:05,381 [Listener at 127.0.0.1/43591] INFO  server.RaftServer$Division (ServerState.java:close(419)) - ebc46dcb-de55-4ee6-9f88-6ea23d1a12c2@group-34CA344D8402: closes. applyIndex: 0
2022-03-14 02:40:05,381 [ebc46dcb-de55-4ee6-9f88-6ea23d1a12c2@group-34CA344D8402-SegmentedRaftLogWorker] INFO  segmented.SegmentedRaftLogWorker (SegmentedRaftLogWorker.java:run(327)) - ebc46dcb-de55-4ee6-9f88-6ea23d1a12c2@group-34CA344D8402-SegmentedRaftLogWorker was interrupted, exiting. There are 0 tasks remaining in the queue.
2022-03-14 02:40:05,382 [Listener at 127.0.0.1/43591] INFO  segmented.SegmentedRaftLogWorker (SegmentedRaftLogWorker.java:close(237)) - ebc46dcb-de55-4ee6-9f88-6ea23d1a12c2@group-34CA344D8402-SegmentedRaftLogWorker close()
2022-03-14 02:40:05,383 [Listener at 127.0.0.1/43591] INFO  server.GrpcService (GrpcService.java:closeImpl(262)) - ebc46dcb-de55-4ee6-9f88-6ea23d1a12c2: shutdown server with port 45971 now
2022-03-14 02:40:05,390 [grpc-default-executor-4] WARN  server.GrpcServerProtocolService (LogUtils.java:warn(122)) - ebc46dcb-de55-4ee6-9f88-6ea23d1a12c2: installSnapshot onError, lastRequest: c593f1a5-11c2-4273-9636-a8fe79185bdd->ebc46dcb-de55-4ee6-9f88-6ea23d1a12c2#1-t8,previous=(t:0, i:0),leaderCommit=0,initializing? true,entries: size=1, first=(t:8, i:0), CONFIGURATIONENTRY: org.apache.ratis.thirdparty.io.grpc.StatusRuntimeException: CANCELLED: client cancelled
2022-03-14 02:40:05,394 [grpc-default-executor-3] WARN  server.GrpcLogAppender (LogUtils.java:warn(122)) - c593f1a5-11c2-4273-9636-a8fe79185bdd@group-34CA344D8402->ebc46dcb-de55-4ee6-9f88-6ea23d1a12c2-AppendLogResponseHandler: Failed appendEntries: org.apache.ratis.thirdparty.io.grpc.StatusRuntimeException: CANCELLED: HTTP/2 error code: CANCEL
Received Rst Stream
2022-03-14 02:40:05,394 [grpc-default-executor-3] WARN  server.GrpcLogAppender (GrpcLogAppender.java:resetClient(110)) - c593f1a5-11c2-4273-9636-a8fe79185bdd@group-34CA344D8402->ebc46dcb-de55-4ee6-9f88-6ea23d1a12c2-GrpcLogAppender: Leader has not got in touch with Follower c593f1a5-11c2-4273-9636-a8fe79185bdd@group-34CA344D8402->ebc46dcb-de55-4ee6-9f88-6ea23d1a12c2(c0,m0,n1, attendVote=true, lastRpcSendTime=543, lastRpcResponseTime=523) yet, just keep nextIndex unchanged and retry.
2022-03-14 02:40:05,434 [Listener at 127.0.0.1/43591] INFO  server.GrpcService (GrpcService.java:closeImpl(271)) - ebc46dcb-de55-4ee6-9f88-6ea23d1a12c2: shutdown server with port 45971 successfully
2022-03-14 02:40:05,435 [org.apache.ratis.util.JvmPauseMonitor$$Lambda$431/1941186180@49ba55c1] INFO  util.JvmPauseMonitor (JvmPauseMonitor.java:run(109)) - JvmPauseMonitor-ebc46dcb-de55-4ee6-9f88-6ea23d1a12c2: Stopped
2022-03-14 02:40:05,682 [Datanode State Machine Daemon Thread] ERROR datanode.RunningDatanodeState (RunningDatanodeState.java:computeNextContainerState(201)) - Error in executing end point task.
java.util.concurrent.ExecutionException: java.util.concurrent.TimeoutException
	at java.util.concurrent.FutureTask.report(FutureTask.java:122)
	at java.util.concurrent.FutureTask.get(FutureTask.java:192)
	at org.apache.hadoop.ozone.container.common.states.datanode.RunningDatanodeState.computeNextContainerState(RunningDatanodeState.java:193)
	at org.apache.hadoop.ozone.container.common.states.datanode.RunningDatanodeState.await(RunningDatanodeState.java:233)
	at org.apache.hadoop.ozone.container.common.states.datanode.RunningDatanodeState.await(RunningDatanodeState.java:50)
	at org.apache.hadoop.ozone.container.common.statemachine.StateContext.execute(StateContext.java:658)
	at org.apache.hadoop.ozone.container.common.statemachine.DatanodeStateMachine.startStateMachineThread(DatanodeStateMachine.java:283)
	at org.apache.hadoop.ozone.container.common.statemachine.DatanodeStateMachine.lambda$startDaemon$0(DatanodeStateMachine.java:471)
	at java.lang.Thread.run(Thread.java:750)
Caused by: java.util.concurrent.TimeoutException
	at java.util.concurrent.FutureTask.get(FutureTask.java:205)
	at org.apache.hadoop.ozone.container.common.states.datanode.RunningDatanodeState.lambda$execute$0(RunningDatanodeState.java:151)
	at java.util.concurrent.FutureTask.run(FutureTask.java:266)
	at java.util.concurrent.Executors$RunnableAdapter.call(Executors.java:511)
	at java.util.concurrent.FutureTask.run(FutureTask.java:266)
	at java.util.concurrent.ThreadPoolExecutor.runWorker(ThreadPoolExecutor.java:1149)
	at java.util.concurrent.ThreadPoolExecutor$Worker.run(ThreadPoolExecutor.java:624)
	... 1 more
2022-03-14 02:40:05,971 [EndpointStateMachine task thread for /0.0.0.0:42035 - 0 ] INFO  ipc.Client (Client.java:handleConnectionFailure(977)) - Retrying connect to server: 0.0.0.0/0.0.0.0:42035. Already tried 4 time(s); retry policy is RetryUpToMaximumCountWithFixedSleep(maxRetries=15, sleepTime=1000 MILLISECONDS)
2022-03-14 02:40:06,971 [EndpointStateMachine task thread for /0.0.0.0:42035 - 0 ] INFO  ipc.Client (Client.java:handleConnectionFailure(977)) - Retrying connect to server: 0.0.0.0/0.0.0.0:42035. Already tried 5 time(s); retry policy is RetryUpToMaximumCountWithFixedSleep(maxRetries=15, sleepTime=1000 MILLISECONDS)
2022-03-14 02:40:07,376 [grpc-default-executor-3] WARN  server.GrpcLogAppender (LogUtils.java:warn(122)) - c593f1a5-11c2-4273-9636-a8fe79185bdd@group-34CA344D8402->ebc46dcb-de55-4ee6-9f88-6ea23d1a12c2-AppendLogResponseHandler: Failed appendEntries: org.apache.ratis.thirdparty.io.grpc.StatusRuntimeException: UNAVAILABLE: io exception
2022-03-14 02:40:07,377 [grpc-default-executor-3] WARN  server.GrpcLogAppender (GrpcLogAppender.java:resetClient(110)) - c593f1a5-11c2-4273-9636-a8fe79185bdd@group-34CA344D8402->ebc46dcb-de55-4ee6-9f88-6ea23d1a12c2-GrpcLogAppender: Leader has not got in touch with Follower c593f1a5-11c2-4273-9636-a8fe79185bdd@group-34CA344D8402->ebc46dcb-de55-4ee6-9f88-6ea23d1a12c2(c0,m0,n1, attendVote=true, lastRpcSendTime=1, lastRpcResponseTime=2506) yet, just keep nextIndex unchanged and retry.
2022-03-14 02:40:07,480 [Listener at 127.0.0.1/43591] INFO  utils.BackgroundService (BackgroundService.java:shutdown(132)) - Shutting down service BlockDeletingService
2022-03-14 02:40:07,973 [EndpointStateMachine task thread for /0.0.0.0:42035 - 0 ] INFO  ipc.Client (Client.java:handleConnectionFailure(977)) - Retrying connect to server: 0.0.0.0/0.0.0.0:42035. Already tried 6 time(s); retry policy is RetryUpToMaximumCountWithFixedSleep(maxRetries=15, sleepTime=1000 MILLISECONDS)
2022-03-14 02:40:08,973 [EndpointStateMachine task thread for /0.0.0.0:42035 - 0 ] INFO  ipc.Client (Client.java:handleConnectionFailure(977)) - Retrying connect to server: 0.0.0.0/0.0.0.0:42035. Already tried 7 time(s); retry policy is RetryUpToMaximumCountWithFixedSleep(maxRetries=15, sleepTime=1000 MILLISECONDS)
2022-03-14 02:40:09,876 [grpc-default-executor-3] WARN  server.GrpcLogAppender (LogUtils.java:warn(122)) - c593f1a5-11c2-4273-9636-a8fe79185bdd@group-34CA344D8402->ebc46dcb-de55-4ee6-9f88-6ea23d1a12c2-AppendLogResponseHandler: Failed appendEntries: org.apache.ratis.thirdparty.io.grpc.StatusRuntimeException: UNAVAILABLE: io exception
2022-03-14 02:40:09,877 [grpc-default-executor-3] WARN  server.GrpcLogAppender (GrpcLogAppender.java:resetClient(110)) - c593f1a5-11c2-4273-9636-a8fe79185bdd@group-34CA344D8402->ebc46dcb-de55-4ee6-9f88-6ea23d1a12c2-GrpcLogAppender: Leader has not got in touch with Follower c593f1a5-11c2-4273-9636-a8fe79185bdd@group-34CA344D8402->ebc46dcb-de55-4ee6-9f88-6ea23d1a12c2(c0,m0,n1, attendVote=true, lastRpcSendTime=1, lastRpcResponseTime=5006) yet, just keep nextIndex unchanged and retry.
2022-03-14 02:40:09,974 [EndpointStateMachine task thread for /0.0.0.0:42035 - 0 ] INFO  ipc.Client (Client.java:handleConnectionFailure(977)) - Retrying connect to server: 0.0.0.0/0.0.0.0:42035. Already tried 8 time(s); retry policy is RetryUpToMaximumCountWithFixedSleep(maxRetries=15, sleepTime=1000 MILLISECONDS)
2022-03-14 02:40:09,977 [Datanode State Machine Daemon Thread] ERROR datanode.RunningDatanodeState (RunningDatanodeState.java:computeNextContainerState(201)) - Error in executing end point task.
java.util.concurrent.ExecutionException: java.util.concurrent.TimeoutException
	at java.util.concurrent.FutureTask.report(FutureTask.java:122)
	at java.util.concurrent.FutureTask.get(FutureTask.java:192)
	at org.apache.hadoop.ozone.container.common.states.datanode.RunningDatanodeState.computeNextContainerState(RunningDatanodeState.java:193)
	at org.apache.hadoop.ozone.container.common.states.datanode.RunningDatanodeState.await(RunningDatanodeState.java:233)
	at org.apache.hadoop.ozone.container.common.states.datanode.RunningDatanodeState.await(RunningDatanodeState.java:50)
	at org.apache.hadoop.ozone.container.common.statemachine.StateContext.execute(StateContext.java:658)
	at org.apache.hadoop.ozone.container.common.statemachine.DatanodeStateMachine.startStateMachineThread(DatanodeStateMachine.java:283)
	at org.apache.hadoop.ozone.container.common.statemachine.DatanodeStateMachine.lambda$startDaemon$0(DatanodeStateMachine.java:471)
	at java.lang.Thread.run(Thread.java:750)
Caused by: java.util.concurrent.TimeoutException
	at java.util.concurrent.FutureTask.get(FutureTask.java:205)
	at org.apache.hadoop.ozone.container.common.states.datanode.RunningDatanodeState.lambda$execute$0(RunningDatanodeState.java:151)
	at java.util.concurrent.FutureTask.run(FutureTask.java:266)
	at java.util.concurrent.Executors$RunnableAdapter.call(Executors.java:511)
	at java.util.concurrent.FutureTask.run(FutureTask.java:266)
	at java.util.concurrent.ThreadPoolExecutor.runWorker(ThreadPoolExecutor.java:1149)
	at java.util.concurrent.ThreadPoolExecutor$Worker.run(ThreadPoolExecutor.java:624)
	... 1 more
2022-03-14 02:40:10,483 [Listener at 127.0.0.1/43591] INFO  statemachine.DatanodeStateMachine (DatanodeStateMachine.java:stopDaemon(529)) - Ozone container server stopped.
2022-03-14 02:40:10,485 [Listener at 127.0.0.1/43591] INFO  handler.ContextHandler (ContextHandler.java:doStop(1153)) - Stopped o.e.j.w.WebAppContext@ea288e5{hddsDatanode,/,null,STOPPED}{jar:file:/home/runner/.m2/repository/org/apache/ozone/hdds-container-service/1.3.0-SNAPSHOT/hdds-container-service-1.3.0-SNAPSHOT.jar!/webapps/hddsDatanode}
2022-03-14 02:40:10,486 [Listener at 127.0.0.1/43591] INFO  server.AbstractConnector (AbstractConnector.java:doStop(381)) - Stopped ServerConnector@1751b994{HTTP/1.1, (http/1.1)}{0.0.0.0:0}
2022-03-14 02:40:10,486 [Listener at 127.0.0.1/43591] INFO  server.session (HouseKeeper.java:stopScavenging(149)) - node0 Stopped scavenging
2022-03-14 02:40:10,486 [Listener at 127.0.0.1/43591] INFO  handler.ContextHandler (ContextHandler.java:doStop(1153)) - Stopped o.e.j.s.ServletContextHandler@52c036d9{static,/static,jar:file:/home/runner/.m2/repository/org/apache/ozone/hdds-container-service/1.3.0-SNAPSHOT/hdds-container-service-1.3.0-SNAPSHOT.jar!/webapps/static,STOPPED}
2022-03-14 02:40:10,486 [Listener at 127.0.0.1/43591] INFO  handler.ContextHandler (ContextHandler.java:doStop(1153)) - Stopped o.e.j.s.ServletContextHandler@45b59ffd{logs,/logs,file:///home/runner/work/ozone/ozone/hadoop-ozone/integration-test/target/log,STOPPED}
2022-03-14 02:40:10,491 [Listener at 127.0.0.1/43591] WARN  impl.MetricRegistriesImpl (MetricRegistriesImpl.java:addReporterRegistration(111)) - New reporters are added after registries were created. Some metrics will be missing from the reporter. Please add reporter before adding any new registry.
2022-03-14 02:40:10,493 [Listener at 127.0.0.1/43591] WARN  impl.MetricRegistriesImpl (MetricRegistriesImpl.java:addReporterRegistration(111)) - New reporters are added after registries were created. Some metrics will be missing from the reporter. Please add reporter before adding any new registry.
2022-03-14 02:40:10,499 [Listener at 127.0.0.1/43591] WARN  impl.MetricsConfig (MetricsConfig.java:loadFirst(136)) - Cannot locate configuration: tried hadoop-metrics2-hddsdatanode.properties,hadoop-metrics2.properties
2022-03-14 02:40:10,509 [Listener at 127.0.0.1/43591] INFO  impl.MetricsSystemImpl (MetricsSystemImpl.java:startTimer(378)) - Scheduled Metric snapshot period at 10 second(s).
2022-03-14 02:40:10,509 [Listener at 127.0.0.1/43591] INFO  impl.MetricsSystemImpl (MetricsSystemImpl.java:start(191)) - HddsDatanode metrics system started
2022-03-14 02:40:10,570 [Listener at 127.0.0.1/43591] INFO  impl.MetricsSinkAdapter (MetricsSinkAdapter.java:start(204)) - Sink prometheus started
2022-03-14 02:40:10,571 [Listener at 127.0.0.1/43591] INFO  impl.MetricsSystemImpl (MetricsSystemImpl.java:registerSink(305)) - Registered sink prometheus
2022-03-14 02:40:10,744 [Listener at 127.0.0.1/43591] INFO  ozone.HddsDatanodeService (HddsDatanodeService.java:start(233)) - HddsDatanodeService host:fv-az501-120.rsswf2em5frezlg3dkjt5mgqaf.dx.internal.cloudapp.net ip:10.1.0.7
2022-03-14 02:40:10,804 [Listener at 127.0.0.1/43591] INFO  upgrade.AbstractLayoutVersionManager (AbstractLayoutVersionManager.java:init(79)) - Initializing Layout version manager with metadata layout = SCM_HA (version = 2), software layout = SCM_HA (version = 2)
2022-03-14 02:40:10,948 [Listener at 127.0.0.1/43591] INFO  reflections.Reflections (Reflections.java:scan(232)) - Reflections took 142 ms to scan 7 urls, producing 122 keys and 286 values 
2022-03-14 02:40:10,950 [Listener at 127.0.0.1/43591] INFO  statemachine.DatanodeStateMachine (DatanodeStateMachine.java:getEndPointTaskThreadPoolSize(222)) - Datanode State Machine Task Thread Pool size 2
2022-03-14 02:40:10,957 [Listener at 127.0.0.1/43591] INFO  volume.HddsVolume (HddsVolume.java:<init>(120)) - Creating HddsVolume: /home/runner/work/ozone/ozone/hadoop-ozone/integration-test/target/test-dir/MiniOzoneClusterImpl-a8714879-5ed3-4fa8-8176-35e71d15aa3e/datanode-0/data-0/containers/hdds of storage type : DISK capacity : 9223372036854775807
2022-03-14 02:40:10,958 [Listener at 127.0.0.1/43591] INFO  volume.MutableVolumeSet (MutableVolumeSet.java:initializeVolumeSet(168)) - Added Volume : /home/runner/work/ozone/ozone/hadoop-ozone/integration-test/target/test-dir/MiniOzoneClusterImpl-a8714879-5ed3-4fa8-8176-35e71d15aa3e/datanode-0/data-0/containers/hdds to VolumeSet
2022-03-14 02:40:10,958 [Listener at 127.0.0.1/43591] INFO  volume.ThrottledAsyncChecker (ThrottledAsyncChecker.java:schedule(141)) - Scheduling a check for /home/runner/work/ozone/ozone/hadoop-ozone/integration-test/target/test-dir/MiniOzoneClusterImpl-a8714879-5ed3-4fa8-8176-35e71d15aa3e/datanode-0/data-0/containers/hdds
2022-03-14 02:40:10,966 [Listener at 127.0.0.1/43591] INFO  volume.StorageVolumeChecker (StorageVolumeChecker.java:checkAllVolumes(202)) - Scheduled health check for volume /home/runner/work/ozone/ozone/hadoop-ozone/integration-test/target/test-dir/MiniOzoneClusterImpl-a8714879-5ed3-4fa8-8176-35e71d15aa3e/datanode-0/data-0/containers/hdds
2022-03-14 02:40:10,975 [EndpointStateMachine task thread for /0.0.0.0:42035 - 0 ] INFO  ipc.Client (Client.java:handleConnectionFailure(977)) - Retrying connect to server: 0.0.0.0/0.0.0.0:42035. Already tried 9 time(s); retry policy is RetryUpToMaximumCountWithFixedSleep(maxRetries=15, sleepTime=1000 MILLISECONDS)
2022-03-14 02:40:11,005 [Listener at 127.0.0.1/43591] INFO  volume.MutableVolumeSet (MutableVolumeSet.java:initializeVolumeSet(168)) - Added Volume : /home/runner/work/ozone/ozone/hadoop-ozone/integration-test/target/test-dir/MiniOzoneClusterImpl-a8714879-5ed3-4fa8-8176-35e71d15aa3e/datanode-0/data/ratis to VolumeSet
2022-03-14 02:40:11,031 [Listener at 127.0.0.1/43591] INFO  volume.ThrottledAsyncChecker (ThrottledAsyncChecker.java:schedule(141)) - Scheduling a check for /home/runner/work/ozone/ozone/hadoop-ozone/integration-test/target/test-dir/MiniOzoneClusterImpl-a8714879-5ed3-4fa8-8176-35e71d15aa3e/datanode-0/data/ratis
2022-03-14 02:40:11,031 [Listener at 127.0.0.1/43591] INFO  volume.StorageVolumeChecker (StorageVolumeChecker.java:checkAllVolumes(202)) - Scheduled health check for volume /home/runner/work/ozone/ozone/hadoop-ozone/integration-test/target/test-dir/MiniOzoneClusterImpl-a8714879-5ed3-4fa8-8176-35e71d15aa3e/datanode-0/data/ratis
2022-03-14 02:40:11,084 [Thread-697] INFO  ozoneimpl.ContainerReader (ContainerReader.java:readVolume(142)) - Start to verify containers on volume /home/runner/work/ozone/ozone/hadoop-ozone/integration-test/target/test-dir/MiniOzoneClusterImpl-a8714879-5ed3-4fa8-8176-35e71d15aa3e/datanode-0/data-0/containers/hdds
2022-03-14 02:40:11,084 [Thread-697] INFO  ozoneimpl.ContainerReader (ContainerReader.java:readVolume(172)) - Finish verifying containers on volume /home/runner/work/ozone/ozone/hadoop-ozone/integration-test/target/test-dir/MiniOzoneClusterImpl-a8714879-5ed3-4fa8-8176-35e71d15aa3e/datanode-0/data-0/containers/hdds
2022-03-14 02:40:11,084 [Listener at 127.0.0.1/43591] INFO  ozoneimpl.OzoneContainer (OzoneContainer.java:buildContainerSet(257)) - Build ContainerSet costs 0s
2022-03-14 02:40:11,087 [Listener at 127.0.0.1/43591] INFO  server.RaftServer (ConfUtils.java:logGet(44)) - raft.rpc.type = GRPC (default)
2022-03-14 02:40:11,087 [Listener at 127.0.0.1/43591] INFO  grpc.GrpcFactory (GrpcFactory.java:checkPooledByteBufAllocatorUseCacheForAllThreads(48)) - PERFORMANCE WARNING: useCacheForAllThreads is true that may cause Netty to create a lot garbage objects and, as a result, trigger GC.
	It is recommended to disable useCacheForAllThreads by setting -Dorg.apache.ratis.thirdparty.io.netty.allocator.useCacheForAllThreads=false in command line.
2022-03-14 02:40:11,087 [Listener at 127.0.0.1/43591] INFO  grpc.GrpcConfigKeys (ConfUtils.java:logGet(44)) - raft.grpc.admin.port = 45971 (custom)
2022-03-14 02:40:11,087 [Listener at 127.0.0.1/43591] INFO  grpc.GrpcConfigKeys (ConfUtils.java:logGet(44)) - raft.grpc.client.port = 45971 (custom)
2022-03-14 02:40:11,088 [Listener at 127.0.0.1/43591] INFO  grpc.GrpcConfigKeys (ConfUtils.java:logGet(44)) - raft.grpc.server.port = 45971 (custom)
2022-03-14 02:40:11,088 [Listener at 127.0.0.1/43591] INFO  server.GrpcService (ConfUtils.java:logGet(44)) - raft.grpc.message.size.max = 32MB (=33554432) (custom)
2022-03-14 02:40:11,088 [Listener at 127.0.0.1/43591] INFO  server.RaftServerConfigKeys (ConfUtils.java:logGet(44)) - raft.server.log.appender.buffer.byte-limit = 33554432 (custom)
2022-03-14 02:40:11,088 [Listener at 127.0.0.1/43591] INFO  server.GrpcService (ConfUtils.java:logGet(44)) - raft.grpc.flow.control.window = 5MB (=5242880) (custom)
2022-03-14 02:40:11,088 [Listener at 127.0.0.1/43591] INFO  server.RaftServerConfigKeys (ConfUtils.java:logGet(44)) - raft.server.rpc.request.timeout = 60s (custom)
2022-03-14 02:40:11,090 [Listener at 127.0.0.1/43591] INFO  impl.DataStreamServerImpl (ConfUtils.java:logGet(44)) - raft.datastream.type = DISABLED (default)
2022-03-14 02:40:11,095 [Listener at 127.0.0.1/43591] INFO  server.RaftServerConfigKeys (ConfUtils.java:logGet(44)) - raft.server.rpc.slowness.timeout = 300s (custom)
2022-03-14 02:40:11,096 [Listener at 127.0.0.1/43591] INFO  server.RaftServerConfigKeys (ConfUtils.java:logGet(44)) - raft.server.leaderelection.leader.step-down.wait-time = 10s (default)
2022-03-14 02:40:11,096 [Listener at 127.0.0.1/43591] INFO  server.RaftServerConfigKeys (ConfUtils.java:logGet(44)) - raft.server.storage.dir = [/home/runner/work/ozone/ozone/hadoop-ozone/integration-test/target/test-dir/MiniOzoneClusterImpl-a8714879-5ed3-4fa8-8176-35e71d15aa3e/datanode-0/data/ratis] (custom)
2022-03-14 02:40:11,096 [Listener at 127.0.0.1/43591] INFO  server.RaftServer (RaftServerProxy.java:lambda$null$1(235)) - ebc46dcb-de55-4ee6-9f88-6ea23d1a12c2: found a subdirectory /home/runner/work/ozone/ozone/hadoop-ozone/integration-test/target/test-dir/MiniOzoneClusterImpl-a8714879-5ed3-4fa8-8176-35e71d15aa3e/datanode-0/data/ratis/7a1ec445-6f06-464b-9b77-34ca344d8402
2022-03-14 02:40:11,097 [Listener at 127.0.0.1/43591] INFO  server.RaftServer (RaftServerProxy.java:addNew(95)) - ebc46dcb-de55-4ee6-9f88-6ea23d1a12c2: addNew group-34CA344D8402:[] returns group-34CA344D8402:java.util.concurrent.CompletableFuture@3784f79d[Not completed]
2022-03-14 02:40:11,097 [Listener at 127.0.0.1/43591] INFO  server.RaftServer (RaftServerProxy.java:lambda$null$1(235)) - ebc46dcb-de55-4ee6-9f88-6ea23d1a12c2: found a subdirectory /home/runner/work/ozone/ozone/hadoop-ozone/integration-test/target/test-dir/MiniOzoneClusterImpl-a8714879-5ed3-4fa8-8176-35e71d15aa3e/datanode-0/data/ratis/14c3b3e1-f2b8-47cf-ae81-a36bfba1acfc
2022-03-14 02:40:11,097 [Listener at 127.0.0.1/43591] INFO  server.RaftServer (RaftServerProxy.java:addNew(95)) - ebc46dcb-de55-4ee6-9f88-6ea23d1a12c2: addNew group-A36BFBA1ACFC:[] returns group-A36BFBA1ACFC:java.util.concurrent.CompletableFuture@7ce072df[Not completed]
2022-03-14 02:40:11,098 [Listener at 127.0.0.1/43591] INFO  server.XceiverServerGrpc (XceiverServerGrpc.java:<init>(132)) - GrpcServer channel type EpollServerSocketChannel
2022-03-14 02:40:11,101 [pool-340-thread-1] INFO  server.RaftServer$Division (RaftServerImpl.java:<init>(184)) - ebc46dcb-de55-4ee6-9f88-6ea23d1a12c2: new RaftServerImpl for group-34CA344D8402:[] with ContainerStateMachine:uninitialized
2022-03-14 02:40:11,119 [pool-340-thread-1] INFO  server.RaftServerConfigKeys (ConfUtils.java:logGet(44)) - raft.server.rpc.timeout.min = 5s (custom)
2022-03-14 02:40:11,119 [pool-340-thread-1] INFO  server.RaftServerConfigKeys (ConfUtils.java:logGet(44)) - raft.server.rpc.timeout.max = 5200ms (custom)
2022-03-14 02:40:11,119 [pool-340-thread-1] INFO  server.RaftServerConfigKeys (ConfUtils.java:logGet(44)) - raft.server.rpc.sleep.time = 25ms (default)
2022-03-14 02:40:11,119 [pool-340-thread-1] INFO  server.RaftServerConfigKeys (ConfUtils.java:logGet(44)) - raft.server.rpc.slowness.timeout = 300s (custom)
2022-03-14 02:40:11,120 [pool-340-thread-1] INFO  server.RaftServerConfigKeys (ConfUtils.java:logGet(44)) - raft.server.leaderelection.leader.step-down.wait-time = 10s (default)
2022-03-14 02:40:11,120 [pool-340-thread-1] INFO  server.RaftServerConfigKeys (ConfUtils.java:logGet(44)) - raft.server.sleep.deviation.threshold = 300ms (default)
2022-03-14 02:40:11,120 [pool-340-thread-1] INFO  server.RaftServerConfigKeys (ConfUtils.java:logGet(44)) - raft.server.log.appender.install.snapshot.enabled = false (custom)
2022-03-14 02:40:11,120 [pool-340-thread-1] INFO  server.RaftServer$Division (ServerState.java:<init>(105)) - ebc46dcb-de55-4ee6-9f88-6ea23d1a12c2@group-34CA344D8402: ConfigurationManager, init=-1: [], old=null, confs=<EMPTY_MAP>
2022-03-14 02:40:11,120 [pool-340-thread-1] INFO  server.RaftServerConfigKeys (ConfUtils.java:logGet(44)) - raft.server.storage.dir = [/home/runner/work/ozone/ozone/hadoop-ozone/integration-test/target/test-dir/MiniOzoneClusterImpl-a8714879-5ed3-4fa8-8176-35e71d15aa3e/datanode-0/data/ratis] (custom)
2022-03-14 02:40:11,120 [pool-340-thread-1] INFO  server.RaftServerConfigKeys (ConfUtils.java:logGet(44)) - raft.server.log.corruption.policy = EXCEPTION (default)
2022-03-14 02:40:11,121 [pool-340-thread-1] INFO  server.RaftServerConfigKeys (ConfUtils.java:logGet(44)) - raft.server.storage.free-space.min = 0MB (=0) (default)
2022-03-14 02:40:11,123 [Listener at 127.0.0.1/43591] INFO  http.BaseHttpServer (BaseHttpServer.java:newHttpServer2BuilderForOzone(209)) - Starting Web-server for hddsDatanode at: http://0.0.0.0:38861
2022-03-14 02:40:11,124 [Listener at 127.0.0.1/43591] INFO  http.BaseHttpServer (BaseHttpServer.java:<init>(107)) - Hadoop Security Enabled: false Ozone Security Enabled: false Ozone HTTP Security Enabled: false 
2022-03-14 02:40:11,125 [Listener at 127.0.0.1/43591] INFO  server.AuthenticationFilter (AuthenticationFilter.java:constructSecretProvider(240)) - Unable to initialize FileSignerSecretProvider, falling back to use random secrets.
2022-03-14 02:40:11,125 [pool-340-thread-1] INFO  storage.RaftStorageDirectory (RaftStorageDirectoryImpl.java:tryLock(230)) - Lock on /home/runner/work/ozone/ozone/hadoop-ozone/integration-test/target/test-dir/MiniOzoneClusterImpl-a8714879-5ed3-4fa8-8176-35e71d15aa3e/datanode-0/data/ratis/7a1ec445-6f06-464b-9b77-34ca344d8402/in_use.lock acquired by nodename 12570@fv-az501-120
2022-03-14 02:40:11,127 [pool-340-thread-1] INFO  storage.RaftStorage (RaftStorageImpl.java:analyzeAndRecoverStorage(110)) - Read RaftStorageMetadata{term=8, votedFor=ebc46dcb-de55-4ee6-9f88-6ea23d1a12c2} from /home/runner/work/ozone/ozone/hadoop-ozone/integration-test/target/test-dir/MiniOzoneClusterImpl-a8714879-5ed3-4fa8-8176-35e71d15aa3e/datanode-0/data/ratis/7a1ec445-6f06-464b-9b77-34ca344d8402/current/raft-meta
2022-03-14 02:40:11,141 [Listener at 127.0.0.1/43591] WARN  http.HttpRequestLog (HttpRequestLog.java:getRequestLog(103)) - Jetty request log can only be enabled using Log4j
2022-03-14 02:40:11,142 [Listener at 127.0.0.1/43591] INFO  http.HttpServer2 (HttpServer2.java:addGlobalFilter(1030)) - Added global filter 'safety' (class=org.apache.hadoop.hdds.server.http.HttpServer2$QuotingInputFilter)
2022-03-14 02:40:11,143 [Listener at 127.0.0.1/43591] INFO  http.HttpServer2 (HttpServer2.java:addFilter(1006)) - Added filter static_user_filter (class=org.apache.hadoop.http.lib.StaticUserWebFilter$StaticUserFilter) to context hddsDatanode
2022-03-14 02:40:11,143 [Listener at 127.0.0.1/43591] INFO  http.HttpServer2 (HttpServer2.java:addFilter(1014)) - Added filter static_user_filter (class=org.apache.hadoop.http.lib.StaticUserWebFilter$StaticUserFilter) to context static
2022-03-14 02:40:11,143 [Listener at 127.0.0.1/43591] INFO  http.HttpServer2 (HttpServer2.java:addFilter(1014)) - Added filter static_user_filter (class=org.apache.hadoop.http.lib.StaticUserWebFilter$StaticUserFilter) to context logs
2022-03-14 02:40:11,144 [Listener at 127.0.0.1/43591] INFO  http.HttpServer2 (HttpServer2.java:bindListener(1249)) - Jetty bound to port 38861
2022-03-14 02:40:11,144 [Listener at 127.0.0.1/43591] INFO  server.Server (Server.java:doStart(375)) - jetty-9.4.43.v20210629; built: 2021-06-30T11:07:22.254Z; git: 526006ecfa3af7f1a27ef3a288e2bef7ea9dd7e8; jvm 1.8.0_322-b06
2022-03-14 02:40:11,166 [pool-340-thread-1] INFO  ratis.ContainerStateMachine (ContainerStateMachine.java:loadSnapshot(245)) - group-34CA344D8402: Setting the last applied index to (t:8, i:0)
2022-03-14 02:40:11,167 [pool-340-thread-1] INFO  server.RaftServer$Division (ServerState.java:setRaftConf(387)) - ebc46dcb-de55-4ee6-9f88-6ea23d1a12c2@group-34CA344D8402: set configuration 0: [ebc46dcb-de55-4ee6-9f88-6ea23d1a12c2|rpc:10.1.0.7:45971|dataStream:|priority:0, c593f1a5-11c2-4273-9636-a8fe79185bdd|rpc:10.1.0.7:38051|dataStream:|priority:1, 3a253468-8d3c-457d-ae60-4bc5eace9979|rpc:10.1.0.7:37431|dataStream:|priority:0], old=null
2022-03-14 02:40:11,167 [pool-340-thread-1] INFO  server.RaftServerConfigKeys (ConfUtils.java:logGet(44)) - raft.server.notification.no-leader.timeout = 300s (custom)
2022-03-14 02:40:11,167 [pool-340-thread-1] INFO  server.RaftServerConfigKeys (ConfUtils.java:logGet(44)) - raft.server.log.use.memory = false (default)
2022-03-14 02:40:11,167 [pool-340-thread-1] INFO  server.RaftServerConfigKeys (ConfUtils.java:logGet(44)) - raft.server.log.purge.gap = 1000000 (custom)
2022-03-14 02:40:11,167 [pool-340-thread-1] INFO  server.RaftServerConfigKeys (ConfUtils.java:logGet(44)) - raft.server.log.appender.buffer.byte-limit = 33554432 (custom)
2022-03-14 02:40:11,168 [pool-340-thread-1] INFO  server.RaftServerConfigKeys (ConfUtils.java:logGet(44)) - raft.server.log.segment.size.max = 1048576 (custom)
2022-03-14 02:40:11,168 [pool-340-thread-1] INFO  server.RaftServerConfigKeys (ConfUtils.java:logGet(44)) - raft.server.log.segment.cache.num.max = 2 (custom)
2022-03-14 02:40:11,168 [pool-340-thread-1] INFO  server.RaftServerConfigKeys (ConfUtils.java:logGet(44)) - raft.server.log.segment.cache.size.max = 200MB (=209715200) (default)
2022-03-14 02:40:11,168 [pool-340-thread-1] INFO  segmented.SegmentedRaftLogWorker (SegmentedRaftLogWorker.java:<init>(182)) - new ebc46dcb-de55-4ee6-9f88-6ea23d1a12c2@group-34CA344D8402-SegmentedRaftLogWorker for RaftStorageImpl:Storage Directory /home/runner/work/ozone/ozone/hadoop-ozone/integration-test/target/test-dir/MiniOzoneClusterImpl-a8714879-5ed3-4fa8-8176-35e71d15aa3e/datanode-0/data/ratis/7a1ec445-6f06-464b-9b77-34ca344d8402
2022-03-14 02:40:11,168 [pool-340-thread-1] INFO  server.RaftServerConfigKeys (ConfUtils.java:logGet(44)) - raft.server.log.queue.byte-limit = 4294967296 (custom)
2022-03-14 02:40:11,168 [pool-340-thread-1] INFO  server.RaftServerConfigKeys (ConfUtils.java:logGet(44)) - raft.server.log.queue.element-limit = 1024 (custom)
2022-03-14 02:40:11,168 [pool-340-thread-1] INFO  server.RaftServerConfigKeys (ConfUtils.java:logGet(44)) - raft.server.log.segment.size.max = 1048576 (custom)
2022-03-14 02:40:11,169 [pool-340-thread-1] INFO  server.RaftServerConfigKeys (ConfUtils.java:logGet(44)) - raft.server.log.preallocated.size = 16384 (custom)
2022-03-14 02:40:11,169 [pool-340-thread-1] INFO  server.RaftServerConfigKeys (ConfUtils.java:logGet(44)) - raft.server.log.force.sync.num = 128 (default)
2022-03-14 02:40:11,169 [pool-340-thread-1] INFO  server.RaftServerConfigKeys (ConfUtils.java:logGet(44)) - raft.server.log.statemachine.data.sync = true (default)
2022-03-14 02:40:11,169 [pool-340-thread-1] INFO  server.RaftServerConfigKeys (ConfUtils.java:logGet(44)) - raft.server.log.statemachine.data.sync.timeout = 10s (default)
2022-03-14 02:40:11,169 [pool-340-thread-1] INFO  server.RaftServerConfigKeys (ConfUtils.java:logGet(44)) - raft.server.log.statemachine.data.sync.timeout.retry = -1 (default)
2022-03-14 02:40:11,175 [pool-340-thread-1] INFO  server.RaftServerConfigKeys (ConfUtils.java:logGet(44)) - raft.server.log.write.buffer.size = 1048576 (custom)
2022-03-14 02:40:11,178 [pool-340-thread-1] INFO  server.RaftServerConfigKeys (ConfUtils.java:logGet(44)) - raft.server.log.statemachine.data.caching.enabled = true (custom)
2022-03-14 02:40:11,182 [pool-340-thread-1] INFO  server.RaftServer$Division (ServerState.java:setRaftConf(387)) - ebc46dcb-de55-4ee6-9f88-6ea23d1a12c2@group-34CA344D8402: set configuration 0: [ebc46dcb-de55-4ee6-9f88-6ea23d1a12c2|rpc:10.1.0.7:45971|dataStream:|priority:0, c593f1a5-11c2-4273-9636-a8fe79185bdd|rpc:10.1.0.7:38051|dataStream:|priority:1, 3a253468-8d3c-457d-ae60-4bc5eace9979|rpc:10.1.0.7:37431|dataStream:|priority:0], old=null
2022-03-14 02:40:11,185 [pool-340-thread-1] INFO  segmented.LogSegment (LogSegment.java:loadSegment(173)) - Successfully read 1 entries from segment file /home/runner/work/ozone/ozone/hadoop-ozone/integration-test/target/test-dir/MiniOzoneClusterImpl-a8714879-5ed3-4fa8-8176-35e71d15aa3e/datanode-0/data/ratis/7a1ec445-6f06-464b-9b77-34ca344d8402/current/log_inprogress_0
2022-03-14 02:40:11,185 [pool-340-thread-1] INFO  segmented.SegmentedRaftLogWorker (SegmentedRaftLogWorker.java:lambda$new$0(133)) - ebc46dcb-de55-4ee6-9f88-6ea23d1a12c2@group-34CA344D8402-SegmentedRaftLogWorker: flushIndex: setUnconditionally 0 -> 0
2022-03-14 02:40:11,185 [pool-340-thread-1] INFO  segmented.SegmentedRaftLogWorker (SegmentedRaftLogWorker.java:lambda$new$0(133)) - ebc46dcb-de55-4ee6-9f88-6ea23d1a12c2@group-34CA344D8402-SegmentedRaftLogWorker: safeCacheEvictIndex: setUnconditionally 0 -> -1
2022-03-14 02:40:11,250 [Listener at 127.0.0.1/43591] INFO  server.session (DefaultSessionIdManager.java:doStart(334)) - DefaultSessionIdManager workerName=node0
2022-03-14 02:40:11,250 [Listener at 127.0.0.1/43591] INFO  server.session (DefaultSessionIdManager.java:doStart(339)) - No SessionScavenger set, using defaults
2022-03-14 02:40:11,250 [Listener at 127.0.0.1/43591] INFO  server.session (HouseKeeper.java:startScavenging(132)) - node0 Scavenging every 660000ms
2022-03-14 02:40:11,251 [Listener at 127.0.0.1/43591] INFO  handler.ContextHandler (ContextHandler.java:doStart(915)) - Started o.e.j.s.ServletContextHandler@4485519b{logs,/logs,file:///home/runner/work/ozone/ozone/hadoop-ozone/integration-test/target/log,AVAILABLE}
2022-03-14 02:40:11,251 [Listener at 127.0.0.1/43591] INFO  handler.ContextHandler (ContextHandler.java:doStart(915)) - Started o.e.j.s.ServletContextHandler@725fb6b8{static,/static,jar:file:/home/runner/.m2/repository/org/apache/ozone/hdds-container-service/1.3.0-SNAPSHOT/hdds-container-service-1.3.0-SNAPSHOT.jar!/webapps/static,AVAILABLE}
2022-03-14 02:40:11,275 [pool-340-thread-1] INFO  server.RaftServerConfigKeys (ConfUtils.java:logGet(44)) - raft.server.snapshot.auto.trigger.enabled = true (custom)
2022-03-14 02:40:11,275 [pool-340-thread-1] INFO  server.RaftServerConfigKeys (ConfUtils.java:logGet(44)) - raft.server.snapshot.auto.trigger.threshold = 10000 (custom)
2022-03-14 02:40:11,275 [pool-340-thread-1] INFO  server.RaftServerConfigKeys (ConfUtils.java:logGet(44)) - raft.server.snapshot.retention.file.num = 5 (custom)
2022-03-14 02:40:11,275 [pool-340-thread-1] INFO  server.RaftServerConfigKeys (ConfUtils.java:logGet(44)) - raft.server.log.purge.upto.snapshot.index = false (default)
2022-03-14 02:40:11,275 [pool-340-thread-1] INFO  server.RaftServerConfigKeys (ConfUtils.java:logGet(44)) - raft.server.retrycache.expirytime = 600000ms (custom)
2022-03-14 02:40:11,275 [pool-340-thread-1] INFO  server.RaftServerConfigKeys (ConfUtils.java:logGet(44)) - raft.server.retrycache.statistics.expirytime = 100μs (default)
2022-03-14 02:40:11,278 [pool-340-thread-1] INFO  server.RaftServer$Division (RaftServerImpl.java:<init>(184)) - ebc46dcb-de55-4ee6-9f88-6ea23d1a12c2: new RaftServerImpl for group-A36BFBA1ACFC:[] with ContainerStateMachine:uninitialized
2022-03-14 02:40:11,278 [pool-340-thread-1] INFO  server.RaftServerConfigKeys (ConfUtils.java:logGet(44)) - raft.server.rpc.timeout.min = 5s (custom)
2022-03-14 02:40:11,278 [pool-340-thread-1] INFO  server.RaftServerConfigKeys (ConfUtils.java:logGet(44)) - raft.server.rpc.timeout.max = 5200ms (custom)
2022-03-14 02:40:11,278 [pool-340-thread-1] INFO  server.RaftServerConfigKeys (ConfUtils.java:logGet(44)) - raft.server.rpc.sleep.time = 25ms (default)
2022-03-14 02:40:11,278 [pool-340-thread-1] INFO  server.RaftServerConfigKeys (ConfUtils.java:logGet(44)) - raft.server.rpc.slowness.timeout = 300s (custom)
2022-03-14 02:40:11,279 [pool-340-thread-1] INFO  server.RaftServerConfigKeys (ConfUtils.java:logGet(44)) - raft.server.leaderelection.leader.step-down.wait-time = 10s (default)
2022-03-14 02:40:11,279 [pool-340-thread-1] INFO  server.RaftServerConfigKeys (ConfUtils.java:logGet(44)) - raft.server.sleep.deviation.threshold = 300ms (default)
2022-03-14 02:40:11,279 [pool-340-thread-1] INFO  server.RaftServerConfigKeys (ConfUtils.java:logGet(44)) - raft.server.log.appender.install.snapshot.enabled = false (custom)
2022-03-14 02:40:11,279 [pool-340-thread-1] INFO  server.RaftServer$Division (ServerState.java:<init>(105)) - ebc46dcb-de55-4ee6-9f88-6ea23d1a12c2@group-A36BFBA1ACFC: ConfigurationManager, init=-1: [], old=null, confs=<EMPTY_MAP>
2022-03-14 02:40:11,279 [pool-340-thread-1] INFO  server.RaftServerConfigKeys (ConfUtils.java:logGet(44)) - raft.server.storage.dir = [/home/runner/work/ozone/ozone/hadoop-ozone/integration-test/target/test-dir/MiniOzoneClusterImpl-a8714879-5ed3-4fa8-8176-35e71d15aa3e/datanode-0/data/ratis] (custom)
2022-03-14 02:40:11,280 [pool-340-thread-1] INFO  server.RaftServerConfigKeys (ConfUtils.java:logGet(44)) - raft.server.log.corruption.policy = EXCEPTION (default)
2022-03-14 02:40:11,280 [pool-340-thread-1] INFO  server.RaftServerConfigKeys (ConfUtils.java:logGet(44)) - raft.server.storage.free-space.min = 0MB (=0) (default)
2022-03-14 02:40:11,281 [pool-340-thread-1] INFO  storage.RaftStorageDirectory (RaftStorageDirectoryImpl.java:tryLock(230)) - Lock on /home/runner/work/ozone/ozone/hadoop-ozone/integration-test/target/test-dir/MiniOzoneClusterImpl-a8714879-5ed3-4fa8-8176-35e71d15aa3e/datanode-0/data/ratis/14c3b3e1-f2b8-47cf-ae81-a36bfba1acfc/in_use.lock acquired by nodename 12570@fv-az501-120
2022-03-14 02:40:11,281 [pool-340-thread-1] INFO  storage.RaftStorage (RaftStorageImpl.java:analyzeAndRecoverStorage(110)) - Read RaftStorageMetadata{term=1, votedFor=ebc46dcb-de55-4ee6-9f88-6ea23d1a12c2} from /home/runner/work/ozone/ozone/hadoop-ozone/integration-test/target/test-dir/MiniOzoneClusterImpl-a8714879-5ed3-4fa8-8176-35e71d15aa3e/datanode-0/data/ratis/14c3b3e1-f2b8-47cf-ae81-a36bfba1acfc/current/raft-meta
2022-03-14 02:40:11,282 [pool-340-thread-1] INFO  ratis.ContainerStateMachine (ContainerStateMachine.java:loadSnapshot(245)) - group-A36BFBA1ACFC: Setting the last applied index to (t:1, i:0)
2022-03-14 02:40:11,283 [pool-340-thread-1] INFO  server.RaftServer$Division (ServerState.java:setRaftConf(387)) - ebc46dcb-de55-4ee6-9f88-6ea23d1a12c2@group-A36BFBA1ACFC: set configuration 0: [ebc46dcb-de55-4ee6-9f88-6ea23d1a12c2|rpc:10.1.0.7:45971|dataStream:|priority:1], old=null
2022-03-14 02:40:11,283 [pool-340-thread-1] INFO  server.RaftServerConfigKeys (ConfUtils.java:logGet(44)) - raft.server.notification.no-leader.timeout = 300s (custom)
2022-03-14 02:40:11,283 [pool-340-thread-1] INFO  server.RaftServerConfigKeys (ConfUtils.java:logGet(44)) - raft.server.log.use.memory = false (default)
2022-03-14 02:40:11,283 [pool-340-thread-1] INFO  server.RaftServerConfigKeys (ConfUtils.java:logGet(44)) - raft.server.log.purge.gap = 1000000 (custom)
2022-03-14 02:40:11,283 [pool-340-thread-1] INFO  server.RaftServerConfigKeys (ConfUtils.java:logGet(44)) - raft.server.log.appender.buffer.byte-limit = 33554432 (custom)
2022-03-14 02:40:11,283 [pool-340-thread-1] INFO  server.RaftServerConfigKeys (ConfUtils.java:logGet(44)) - raft.server.log.segment.size.max = 1048576 (custom)
2022-03-14 02:40:11,284 [pool-340-thread-1] INFO  server.RaftServerConfigKeys (ConfUtils.java:logGet(44)) - raft.server.log.segment.cache.num.max = 2 (custom)
2022-03-14 02:40:11,284 [pool-340-thread-1] INFO  server.RaftServerConfigKeys (ConfUtils.java:logGet(44)) - raft.server.log.segment.cache.size.max = 200MB (=209715200) (default)
2022-03-14 02:40:11,284 [pool-340-thread-1] INFO  segmented.SegmentedRaftLogWorker (SegmentedRaftLogWorker.java:<init>(182)) - new ebc46dcb-de55-4ee6-9f88-6ea23d1a12c2@group-A36BFBA1ACFC-SegmentedRaftLogWorker for RaftStorageImpl:Storage Directory /home/runner/work/ozone/ozone/hadoop-ozone/integration-test/target/test-dir/MiniOzoneClusterImpl-a8714879-5ed3-4fa8-8176-35e71d15aa3e/datanode-0/data/ratis/14c3b3e1-f2b8-47cf-ae81-a36bfba1acfc
2022-03-14 02:40:11,285 [pool-340-thread-1] INFO  server.RaftServerConfigKeys (ConfUtils.java:logGet(44)) - raft.server.log.queue.byte-limit = 4294967296 (custom)
2022-03-14 02:40:11,285 [pool-340-thread-1] INFO  server.RaftServerConfigKeys (ConfUtils.java:logGet(44)) - raft.server.log.queue.element-limit = 1024 (custom)
2022-03-14 02:40:11,285 [pool-340-thread-1] INFO  server.RaftServerConfigKeys (ConfUtils.java:logGet(44)) - raft.server.log.segment.size.max = 1048576 (custom)
2022-03-14 02:40:11,285 [pool-340-thread-1] INFO  server.RaftServerConfigKeys (ConfUtils.java:logGet(44)) - raft.server.log.preallocated.size = 16384 (custom)
2022-03-14 02:40:11,285 [pool-340-thread-1] INFO  server.RaftServerConfigKeys (ConfUtils.java:logGet(44)) - raft.server.log.force.sync.num = 128 (default)
2022-03-14 02:40:11,289 [pool-340-thread-1] INFO  server.RaftServerConfigKeys (ConfUtils.java:logGet(44)) - raft.server.log.statemachine.data.sync = true (default)
2022-03-14 02:40:11,289 [pool-340-thread-1] INFO  server.RaftServerConfigKeys (ConfUtils.java:logGet(44)) - raft.server.log.statemachine.data.sync.timeout = 10s (default)
2022-03-14 02:40:11,289 [pool-340-thread-1] INFO  server.RaftServerConfigKeys (ConfUtils.java:logGet(44)) - raft.server.log.statemachine.data.sync.timeout.retry = -1 (default)
2022-03-14 02:40:11,290 [pool-340-thread-1] INFO  server.RaftServerConfigKeys (ConfUtils.java:logGet(44)) - raft.server.log.write.buffer.size = 1048576 (custom)
2022-03-14 02:40:11,298 [pool-340-thread-1] INFO  server.RaftServerConfigKeys (ConfUtils.java:logGet(44)) - raft.server.log.statemachine.data.caching.enabled = true (custom)
2022-03-14 02:40:11,298 [pool-340-thread-1] INFO  server.RaftServer$Division (ServerState.java:setRaftConf(387)) - ebc46dcb-de55-4ee6-9f88-6ea23d1a12c2@group-A36BFBA1ACFC: set configuration 0: [ebc46dcb-de55-4ee6-9f88-6ea23d1a12c2|rpc:10.1.0.7:45971|dataStream:|priority:1], old=null
2022-03-14 02:40:11,299 [pool-340-thread-1] INFO  segmented.LogSegment (LogSegment.java:loadSegment(173)) - Successfully read 1 entries from segment file /home/runner/work/ozone/ozone/hadoop-ozone/integration-test/target/test-dir/MiniOzoneClusterImpl-a8714879-5ed3-4fa8-8176-35e71d15aa3e/datanode-0/data/ratis/14c3b3e1-f2b8-47cf-ae81-a36bfba1acfc/current/log_inprogress_0
2022-03-14 02:40:11,299 [pool-340-thread-1] INFO  segmented.SegmentedRaftLogWorker (SegmentedRaftLogWorker.java:lambda$new$0(133)) - ebc46dcb-de55-4ee6-9f88-6ea23d1a12c2@group-A36BFBA1ACFC-SegmentedRaftLogWorker: flushIndex: setUnconditionally 0 -> 0
2022-03-14 02:40:11,299 [pool-340-thread-1] INFO  segmented.SegmentedRaftLogWorker (SegmentedRaftLogWorker.java:lambda$new$0(133)) - ebc46dcb-de55-4ee6-9f88-6ea23d1a12c2@group-A36BFBA1ACFC-SegmentedRaftLogWorker: safeCacheEvictIndex: setUnconditionally 0 -> -1
2022-03-14 02:40:11,299 [pool-340-thread-1] INFO  server.RaftServerConfigKeys (ConfUtils.java:logGet(44)) - raft.server.snapshot.auto.trigger.enabled = true (custom)
2022-03-14 02:40:11,299 [pool-340-thread-1] INFO  server.RaftServerConfigKeys (ConfUtils.java:logGet(44)) - raft.server.snapshot.auto.trigger.threshold = 10000 (custom)
2022-03-14 02:40:11,299 [pool-340-thread-1] INFO  server.RaftServerConfigKeys (ConfUtils.java:logGet(44)) - raft.server.snapshot.retention.file.num = 5 (custom)
2022-03-14 02:40:11,299 [pool-340-thread-1] INFO  server.RaftServerConfigKeys (ConfUtils.java:logGet(44)) - raft.server.log.purge.upto.snapshot.index = false (default)
2022-03-14 02:40:11,300 [pool-340-thread-1] INFO  server.RaftServerConfigKeys (ConfUtils.java:logGet(44)) - raft.server.retrycache.expirytime = 600000ms (custom)
2022-03-14 02:40:11,300 [pool-340-thread-1] INFO  server.RaftServerConfigKeys (ConfUtils.java:logGet(44)) - raft.server.retrycache.statistics.expirytime = 100μs (default)
2022-03-14 02:40:11,399 [Listener at 127.0.0.1/43591] INFO  handler.ContextHandler (ContextHandler.java:doStart(915)) - Started o.e.j.w.WebAppContext@ac10a91{hddsDatanode,/,file:///tmp/jetty-0_0_0_0-38861-hdds-container-service-1_3_0-SNAPSHOT_jar-_-any-8267430446320626233/webapp/,AVAILABLE}{jar:file:/home/runner/.m2/repository/org/apache/ozone/hdds-container-service/1.3.0-SNAPSHOT/hdds-container-service-1.3.0-SNAPSHOT.jar!/webapps/hddsDatanode}
2022-03-14 02:40:11,410 [Listener at 127.0.0.1/43591] INFO  server.AbstractConnector (AbstractConnector.java:doStart(331)) - Started ServerConnector@485979db{HTTP/1.1, (http/1.1)}{0.0.0.0:38861}
2022-03-14 02:40:11,410 [Listener at 127.0.0.1/43591] INFO  server.Server (Server.java:doStart(415)) - Started @159181ms
2022-03-14 02:40:11,410 [Listener at 127.0.0.1/43591] WARN  impl.MetricsSystemImpl (MetricsSystemImpl.java:register(279)) - Sink prometheus already exists!
2022-03-14 02:40:11,411 [Listener at 127.0.0.1/43591] INFO  http.BaseHttpServer (BaseHttpServer.java:updateConnectorAddress(329)) - HTTP server of hddsDatanode listening at http://0.0.0.0:38861
2022-03-14 02:40:11,429 [Datanode State Machine Daemon Thread] INFO  statemachine.DatanodeStateMachine (DatanodeStateMachine.java:lambda$startDaemon$0(470)) - Ozone container server started.
2022-03-14 02:40:11,521 [org.apache.hadoop.util.JvmPauseMonitor$Monitor@14664f70] INFO  util.JvmPauseMonitor (JvmPauseMonitor.java:run(188)) - Starting JVM pause monitor
2022-03-14 02:40:11,976 [EndpointStateMachine task thread for /0.0.0.0:42035 - 0 ] INFO  ipc.Client (Client.java:handleConnectionFailure(977)) - Retrying connect to server: 0.0.0.0/0.0.0.0:42035. Already tried 10 time(s); retry policy is RetryUpToMaximumCountWithFixedSleep(maxRetries=15, sleepTime=1000 MILLISECONDS)
2022-03-14 02:40:11,995 [Datanode State Machine Daemon Thread] ERROR datanode.RunningDatanodeState (RunningDatanodeState.java:computeNextContainerState(201)) - Error in executing end point task.
java.util.concurrent.ExecutionException: java.util.concurrent.TimeoutException
	at java.util.concurrent.FutureTask.report(FutureTask.java:122)
	at java.util.concurrent.FutureTask.get(FutureTask.java:192)
	at org.apache.hadoop.ozone.container.common.states.datanode.RunningDatanodeState.computeNextContainerState(RunningDatanodeState.java:193)
	at org.apache.hadoop.ozone.container.common.states.datanode.RunningDatanodeState.await(RunningDatanodeState.java:233)
	at org.apache.hadoop.ozone.container.common.states.datanode.RunningDatanodeState.await(RunningDatanodeState.java:50)
	at org.apache.hadoop.ozone.container.common.statemachine.StateContext.execute(StateContext.java:658)
	at org.apache.hadoop.ozone.container.common.statemachine.DatanodeStateMachine.startStateMachineThread(DatanodeStateMachine.java:283)
	at org.apache.hadoop.ozone.container.common.statemachine.DatanodeStateMachine.lambda$startDaemon$0(DatanodeStateMachine.java:471)
	at java.lang.Thread.run(Thread.java:750)
Caused by: java.util.concurrent.TimeoutException
	at java.util.concurrent.FutureTask.get(FutureTask.java:205)
	at org.apache.hadoop.ozone.container.common.states.datanode.RunningDatanodeState.lambda$execute$0(RunningDatanodeState.java:151)
	at java.util.concurrent.FutureTask.run(FutureTask.java:266)
	at java.util.concurrent.Executors$RunnableAdapter.call(Executors.java:511)
	at java.util.concurrent.FutureTask.run(FutureTask.java:266)
	at java.util.concurrent.ThreadPoolExecutor.runWorker(ThreadPoolExecutor.java:1149)
	at java.util.concurrent.ThreadPoolExecutor$Worker.run(ThreadPoolExecutor.java:624)
	... 1 more
2022-03-14 02:40:12,377 [grpc-default-executor-3] WARN  server.GrpcLogAppender (LogUtils.java:warn(122)) - c593f1a5-11c2-4273-9636-a8fe79185bdd@group-34CA344D8402->ebc46dcb-de55-4ee6-9f88-6ea23d1a12c2-AppendLogResponseHandler: Failed appendEntries: org.apache.ratis.thirdparty.io.grpc.StatusRuntimeException: UNAVAILABLE: io exception
2022-03-14 02:40:12,378 [grpc-default-executor-3] WARN  server.GrpcLogAppender (GrpcLogAppender.java:resetClient(110)) - c593f1a5-11c2-4273-9636-a8fe79185bdd@group-34CA344D8402->ebc46dcb-de55-4ee6-9f88-6ea23d1a12c2-GrpcLogAppender: Leader has not got in touch with Follower c593f1a5-11c2-4273-9636-a8fe79185bdd@group-34CA344D8402->ebc46dcb-de55-4ee6-9f88-6ea23d1a12c2(c0,m0,n1, attendVote=true, lastRpcSendTime=0, lastRpcResponseTime=7506) yet, just keep nextIndex unchanged and retry.
2022-03-14 02:40:12,977 [EndpointStateMachine task thread for /0.0.0.0:42035 - 0 ] INFO  ipc.Client (Client.java:handleConnectionFailure(977)) - Retrying connect to server: 0.0.0.0/0.0.0.0:42035. Already tried 11 time(s); retry policy is RetryUpToMaximumCountWithFixedSleep(maxRetries=15, sleepTime=1000 MILLISECONDS)
2022-03-14 02:40:13,978 [EndpointStateMachine task thread for /0.0.0.0:42035 - 0 ] INFO  ipc.Client (Client.java:handleConnectionFailure(977)) - Retrying connect to server: 0.0.0.0/0.0.0.0:42035. Already tried 12 time(s); retry policy is RetryUpToMaximumCountWithFixedSleep(maxRetries=15, sleepTime=1000 MILLISECONDS)
2022-03-14 02:40:14,877 [grpc-default-executor-3] WARN  server.GrpcLogAppender (LogUtils.java:warn(122)) - c593f1a5-11c2-4273-9636-a8fe79185bdd@group-34CA344D8402->ebc46dcb-de55-4ee6-9f88-6ea23d1a12c2-AppendLogResponseHandler: Failed appendEntries: org.apache.ratis.thirdparty.io.grpc.StatusRuntimeException: UNAVAILABLE: io exception
2022-03-14 02:40:14,878 [grpc-default-executor-3] WARN  server.GrpcLogAppender (GrpcLogAppender.java:resetClient(110)) - c593f1a5-11c2-4273-9636-a8fe79185bdd@group-34CA344D8402->ebc46dcb-de55-4ee6-9f88-6ea23d1a12c2-GrpcLogAppender: Leader has not got in touch with Follower c593f1a5-11c2-4273-9636-a8fe79185bdd@group-34CA344D8402->ebc46dcb-de55-4ee6-9f88-6ea23d1a12c2(c0,m0,n1, attendVote=true, lastRpcSendTime=0, lastRpcResponseTime=10007) yet, just keep nextIndex unchanged and retry.
2022-03-14 02:40:14,978 [EndpointStateMachine task thread for /0.0.0.0:42035 - 0 ] INFO  ipc.Client (Client.java:handleConnectionFailure(977)) - Retrying connect to server: 0.0.0.0/0.0.0.0:42035. Already tried 13 time(s); retry policy is RetryUpToMaximumCountWithFixedSleep(maxRetries=15, sleepTime=1000 MILLISECONDS)
2022-03-14 02:40:15,979 [EndpointStateMachine task thread for /0.0.0.0:42035 - 0 ] INFO  ipc.Client (Client.java:handleConnectionFailure(977)) - Retrying connect to server: 0.0.0.0/0.0.0.0:42035. Already tried 14 time(s); retry policy is RetryUpToMaximumCountWithFixedSleep(maxRetries=15, sleepTime=1000 MILLISECONDS)
2022-03-14 02:40:15,980 [EndpointStateMachine task thread for /0.0.0.0:42035 - 0 ] WARN  statemachine.EndpointStateMachine (EndpointStateMachine.java:logIfNeeded(236)) - Unable to communicate to SCM server at 0.0.0.0:42035 for past 0 seconds.
java.net.ConnectException: Your endpoint configuration is wrong; For more details see:  http://wiki.apache.org/hadoop/UnsetHostnameOrPort
	at sun.reflect.NativeConstructorAccessorImpl.newInstance0(Native Method)
	at sun.reflect.NativeConstructorAccessorImpl.newInstance(NativeConstructorAccessorImpl.java:62)
	at sun.reflect.DelegatingConstructorAccessorImpl.newInstance(DelegatingConstructorAccessorImpl.java:45)
	at java.lang.reflect.Constructor.newInstance(Constructor.java:423)
	at org.apache.hadoop.net.NetUtils.wrapWithMessage(NetUtils.java:913)
	at org.apache.hadoop.net.NetUtils.wrapException(NetUtils.java:824)
	at org.apache.hadoop.ipc.Client.getRpcResponse(Client.java:1577)
	at org.apache.hadoop.ipc.Client.call(Client.java:1519)
	at org.apache.hadoop.ipc.Client.call(Client.java:1416)
	at org.apache.hadoop.ipc.ProtobufRpcEngine$Invoker.invoke(ProtobufRpcEngine.java:236)
	at org.apache.hadoop.ipc.ProtobufRpcEngine$Invoker.invoke(ProtobufRpcEngine.java:123)
	at com.sun.proxy.$Proxy49.submitRequest(Unknown Source)
	at org.apache.hadoop.ozone.protocolPB.StorageContainerDatanodeProtocolClientSideTranslatorPB.submitRequest(StorageContainerDatanodeProtocolClientSideTranslatorPB.java:117)
	at org.apache.hadoop.ozone.protocolPB.StorageContainerDatanodeProtocolClientSideTranslatorPB.sendHeartbeat(StorageContainerDatanodeProtocolClientSideTranslatorPB.java:149)
	at org.apache.hadoop.ozone.container.common.states.endpoint.HeartbeatEndpointTask.call(HeartbeatEndpointTask.java:180)
	at org.apache.hadoop.ozone.container.common.states.endpoint.HeartbeatEndpointTask.call(HeartbeatEndpointTask.java:83)
	at java.util.concurrent.FutureTask.run(FutureTask.java:266)
	at java.util.concurrent.ThreadPoolExecutor.runWorker(ThreadPoolExecutor.java:1149)
	at java.util.concurrent.ThreadPoolExecutor$Worker.run(ThreadPoolExecutor.java:624)
	at java.lang.Thread.run(Thread.java:750)
Caused by: java.net.ConnectException: Connection refused
	at sun.nio.ch.SocketChannelImpl.checkConnect(Native Method)
	at sun.nio.ch.SocketChannelImpl.finishConnect(SocketChannelImpl.java:716)
	at org.apache.hadoop.net.SocketIOWithTimeout.connect(SocketIOWithTimeout.java:206)
	at org.apache.hadoop.net.NetUtils.connect(NetUtils.java:586)
	at org.apache.hadoop.ipc.Client$Connection.setupConnection(Client.java:701)
	at org.apache.hadoop.ipc.Client$Connection.setupIOstreams(Client.java:822)
	at org.apache.hadoop.ipc.Client$Connection.access$3800(Client.java:414)
	at org.apache.hadoop.ipc.Client.getConnection(Client.java:1647)
	at org.apache.hadoop.ipc.Client.call(Client.java:1463)
	... 12 more
2022-03-14 02:40:16,982 [EndpointStateMachine task thread for /0.0.0.0:42035 - 0 ] INFO  ipc.Client (Client.java:handleConnectionFailure(977)) - Retrying connect to server: 0.0.0.0/0.0.0.0:42035. Already tried 0 time(s); retry policy is RetryUpToMaximumCountWithFixedSleep(maxRetries=15, sleepTime=1000 MILLISECONDS)
2022-03-14 02:40:17,381 [grpc-default-executor-4] WARN  server.GrpcLogAppender (LogUtils.java:warn(122)) - c593f1a5-11c2-4273-9636-a8fe79185bdd@group-34CA344D8402->ebc46dcb-de55-4ee6-9f88-6ea23d1a12c2-AppendLogResponseHandler: Failed appendEntries: org.apache.ratis.thirdparty.io.grpc.StatusRuntimeException: UNAVAILABLE: io exception
2022-03-14 02:40:17,382 [grpc-default-executor-4] WARN  server.GrpcLogAppender (GrpcLogAppender.java:resetClient(110)) - c593f1a5-11c2-4273-9636-a8fe79185bdd@group-34CA344D8402->ebc46dcb-de55-4ee6-9f88-6ea23d1a12c2-GrpcLogAppender: Leader has not got in touch with Follower c593f1a5-11c2-4273-9636-a8fe79185bdd@group-34CA344D8402->ebc46dcb-de55-4ee6-9f88-6ea23d1a12c2(c0,m0,n1, attendVote=true, lastRpcSendTime=4, lastRpcResponseTime=12511) yet, just keep nextIndex unchanged and retry.
2022-03-14 02:40:17,983 [EndpointStateMachine task thread for /0.0.0.0:42035 - 0 ] INFO  ipc.Client (Client.java:handleConnectionFailure(977)) - Retrying connect to server: 0.0.0.0/0.0.0.0:42035. Already tried 1 time(s); retry policy is RetryUpToMaximumCountWithFixedSleep(maxRetries=15, sleepTime=1000 MILLISECONDS)
2022-03-14 02:40:18,983 [EndpointStateMachine task thread for /0.0.0.0:42035 - 0 ] INFO  ipc.Client (Client.java:handleConnectionFailure(977)) - Retrying connect to server: 0.0.0.0/0.0.0.0:42035. Already tried 2 time(s); retry policy is RetryUpToMaximumCountWithFixedSleep(maxRetries=15, sleepTime=1000 MILLISECONDS)
2022-03-14 02:40:19,878 [grpc-default-executor-4] WARN  server.GrpcLogAppender (LogUtils.java:warn(122)) - c593f1a5-11c2-4273-9636-a8fe79185bdd@group-34CA344D8402->ebc46dcb-de55-4ee6-9f88-6ea23d1a12c2-AppendLogResponseHandler: Failed appendEntries: org.apache.ratis.thirdparty.io.grpc.StatusRuntimeException: UNAVAILABLE: io exception
2022-03-14 02:40:19,879 [grpc-default-executor-4] WARN  server.GrpcLogAppender (GrpcLogAppender.java:resetClient(110)) - c593f1a5-11c2-4273-9636-a8fe79185bdd@group-34CA344D8402->ebc46dcb-de55-4ee6-9f88-6ea23d1a12c2-GrpcLogAppender: Leader has not got in touch with Follower c593f1a5-11c2-4273-9636-a8fe79185bdd@group-34CA344D8402->ebc46dcb-de55-4ee6-9f88-6ea23d1a12c2(c0,m0,n1, attendVote=true, lastRpcSendTime=2501, lastRpcResponseTime=15008) yet, just keep nextIndex unchanged and retry.
2022-03-14 02:40:19,984 [EndpointStateMachine task thread for /0.0.0.0:42035 - 0 ] INFO  ipc.Client (Client.java:handleConnectionFailure(977)) - Retrying connect to server: 0.0.0.0/0.0.0.0:42035. Already tried 3 time(s); retry policy is RetryUpToMaximumCountWithFixedSleep(maxRetries=15, sleepTime=1000 MILLISECONDS)
2022-03-14 02:40:20,985 [EndpointStateMachine task thread for /0.0.0.0:42035 - 0 ] INFO  ipc.Client (Client.java:handleConnectionFailure(977)) - Retrying connect to server: 0.0.0.0/0.0.0.0:42035. Already tried 4 time(s); retry policy is RetryUpToMaximumCountWithFixedSleep(maxRetries=15, sleepTime=1000 MILLISECONDS)
2022-03-14 02:40:21,986 [EndpointStateMachine task thread for /0.0.0.0:42035 - 0 ] INFO  ipc.Client (Client.java:handleConnectionFailure(977)) - Retrying connect to server: 0.0.0.0/0.0.0.0:42035. Already tried 5 time(s); retry policy is RetryUpToMaximumCountWithFixedSleep(maxRetries=15, sleepTime=1000 MILLISECONDS)
2022-03-14 02:40:22,392 [grpc-default-executor-4] WARN  server.GrpcLogAppender (LogUtils.java:warn(122)) - c593f1a5-11c2-4273-9636-a8fe79185bdd@group-34CA344D8402->ebc46dcb-de55-4ee6-9f88-6ea23d1a12c2-AppendLogResponseHandler: Failed appendEntries: org.apache.ratis.thirdparty.io.grpc.StatusRuntimeException: UNAVAILABLE: io exception
2022-03-14 02:40:22,393 [grpc-default-executor-4] WARN  server.GrpcLogAppender (GrpcLogAppender.java:resetClient(110)) - c593f1a5-11c2-4273-9636-a8fe79185bdd@group-34CA344D8402->ebc46dcb-de55-4ee6-9f88-6ea23d1a12c2-GrpcLogAppender: Leader has not got in touch with Follower c593f1a5-11c2-4273-9636-a8fe79185bdd@group-34CA344D8402->ebc46dcb-de55-4ee6-9f88-6ea23d1a12c2(c0,m0,n1, attendVote=true, lastRpcSendTime=2, lastRpcResponseTime=17522) yet, just keep nextIndex unchanged and retry.
2022-03-14 02:40:22,987 [EndpointStateMachine task thread for /0.0.0.0:42035 - 0 ] INFO  ipc.Client (Client.java:handleConnectionFailure(977)) - Retrying connect to server: 0.0.0.0/0.0.0.0:42035. Already tried 6 time(s); retry policy is RetryUpToMaximumCountWithFixedSleep(maxRetries=15, sleepTime=1000 MILLISECONDS)
2022-03-14 02:40:23,987 [EndpointStateMachine task thread for /0.0.0.0:42035 - 0 ] INFO  ipc.Client (Client.java:handleConnectionFailure(977)) - Retrying connect to server: 0.0.0.0/0.0.0.0:42035. Already tried 7 time(s); retry policy is RetryUpToMaximumCountWithFixedSleep(maxRetries=15, sleepTime=1000 MILLISECONDS)
2022-03-14 02:40:24,005 [Datanode State Machine Daemon Thread] ERROR datanode.RunningDatanodeState (RunningDatanodeState.java:computeNextContainerState(201)) - Error in executing end point task.
java.util.concurrent.ExecutionException: java.util.concurrent.TimeoutException
	at java.util.concurrent.FutureTask.report(FutureTask.java:122)
	at java.util.concurrent.FutureTask.get(FutureTask.java:192)
	at org.apache.hadoop.ozone.container.common.states.datanode.RunningDatanodeState.computeNextContainerState(RunningDatanodeState.java:193)
	at org.apache.hadoop.ozone.container.common.states.datanode.RunningDatanodeState.await(RunningDatanodeState.java:233)
	at org.apache.hadoop.ozone.container.common.states.datanode.RunningDatanodeState.await(RunningDatanodeState.java:50)
	at org.apache.hadoop.ozone.container.common.statemachine.StateContext.execute(StateContext.java:658)
	at org.apache.hadoop.ozone.container.common.statemachine.DatanodeStateMachine.startStateMachineThread(DatanodeStateMachine.java:283)
	at org.apache.hadoop.ozone.container.common.statemachine.DatanodeStateMachine.lambda$startDaemon$0(DatanodeStateMachine.java:471)
	at java.lang.Thread.run(Thread.java:750)
Caused by: java.util.concurrent.TimeoutException
	at java.util.concurrent.FutureTask.get(FutureTask.java:205)
	at org.apache.hadoop.ozone.container.common.states.datanode.RunningDatanodeState.lambda$execute$0(RunningDatanodeState.java:151)
	at java.util.concurrent.FutureTask.run(FutureTask.java:266)
	at java.util.concurrent.Executors$RunnableAdapter.call(Executors.java:511)
	at java.util.concurrent.FutureTask.run(FutureTask.java:266)
	at java.util.concurrent.ThreadPoolExecutor.runWorker(ThreadPoolExecutor.java:1149)
	at java.util.concurrent.ThreadPoolExecutor$Worker.run(ThreadPoolExecutor.java:624)
	... 1 more
2022-03-14 02:40:24,896 [grpc-default-executor-4] WARN  server.GrpcLogAppender (LogUtils.java:warn(122)) - c593f1a5-11c2-4273-9636-a8fe79185bdd@group-34CA344D8402->ebc46dcb-de55-4ee6-9f88-6ea23d1a12c2-AppendLogResponseHandler: Failed appendEntries: org.apache.ratis.thirdparty.io.grpc.StatusRuntimeException: UNAVAILABLE: io exception
2022-03-14 02:40:24,897 [grpc-default-executor-4] WARN  server.GrpcLogAppender (GrpcLogAppender.java:resetClient(110)) - c593f1a5-11c2-4273-9636-a8fe79185bdd@group-34CA344D8402->ebc46dcb-de55-4ee6-9f88-6ea23d1a12c2-GrpcLogAppender: Leader has not got in touch with Follower c593f1a5-11c2-4273-9636-a8fe79185bdd@group-34CA344D8402->ebc46dcb-de55-4ee6-9f88-6ea23d1a12c2(c0,m0,n1, attendVote=true, lastRpcSendTime=1, lastRpcResponseTime=20025) yet, just keep nextIndex unchanged and retry.
2022-03-14 02:40:24,988 [EndpointStateMachine task thread for /0.0.0.0:42035 - 0 ] INFO  ipc.Client (Client.java:handleConnectionFailure(977)) - Retrying connect to server: 0.0.0.0/0.0.0.0:42035. Already tried 8 time(s); retry policy is RetryUpToMaximumCountWithFixedSleep(maxRetries=15, sleepTime=1000 MILLISECONDS)
2022-03-14 02:40:25,989 [EndpointStateMachine task thread for /0.0.0.0:42035 - 0 ] INFO  ipc.Client (Client.java:handleConnectionFailure(977)) - Retrying connect to server: 0.0.0.0/0.0.0.0:42035. Already tried 9 time(s); retry policy is RetryUpToMaximumCountWithFixedSleep(maxRetries=15, sleepTime=1000 MILLISECONDS)
2022-03-14 02:40:26,990 [EndpointStateMachine task thread for /0.0.0.0:42035 - 0 ] INFO  ipc.Client (Client.java:handleConnectionFailure(977)) - Retrying connect to server: 0.0.0.0/0.0.0.0:42035. Already tried 10 time(s); retry policy is RetryUpToMaximumCountWithFixedSleep(maxRetries=15, sleepTime=1000 MILLISECONDS)
2022-03-14 02:40:27,396 [grpc-default-executor-4] WARN  server.GrpcLogAppender (LogUtils.java:warn(122)) - c593f1a5-11c2-4273-9636-a8fe79185bdd@group-34CA344D8402->ebc46dcb-de55-4ee6-9f88-6ea23d1a12c2-AppendLogResponseHandler: Failed appendEntries: org.apache.ratis.thirdparty.io.grpc.StatusRuntimeException: UNAVAILABLE: io exception
2022-03-14 02:40:27,397 [grpc-default-executor-4] WARN  server.GrpcLogAppender (GrpcLogAppender.java:resetClient(110)) - c593f1a5-11c2-4273-9636-a8fe79185bdd@group-34CA344D8402->ebc46dcb-de55-4ee6-9f88-6ea23d1a12c2-GrpcLogAppender: Leader has not got in touch with Follower c593f1a5-11c2-4273-9636-a8fe79185bdd@group-34CA344D8402->ebc46dcb-de55-4ee6-9f88-6ea23d1a12c2(c0,m0,n1, attendVote=true, lastRpcSendTime=0, lastRpcResponseTime=22526) yet, just keep nextIndex unchanged and retry.
2022-03-14 02:40:27,990 [EndpointStateMachine task thread for /0.0.0.0:42035 - 0 ] INFO  ipc.Client (Client.java:handleConnectionFailure(977)) - Retrying connect to server: 0.0.0.0/0.0.0.0:42035. Already tried 11 time(s); retry policy is RetryUpToMaximumCountWithFixedSleep(maxRetries=15, sleepTime=1000 MILLISECONDS)
2022-03-14 02:40:28,991 [EndpointStateMachine task thread for /0.0.0.0:42035 - 0 ] INFO  ipc.Client (Client.java:handleConnectionFailure(977)) - Retrying connect to server: 0.0.0.0/0.0.0.0:42035. Already tried 12 time(s); retry policy is RetryUpToMaximumCountWithFixedSleep(maxRetries=15, sleepTime=1000 MILLISECONDS)
2022-03-14 02:40:29,897 [grpc-default-executor-4] WARN  server.GrpcLogAppender (LogUtils.java:warn(122)) - c593f1a5-11c2-4273-9636-a8fe79185bdd@group-34CA344D8402->ebc46dcb-de55-4ee6-9f88-6ea23d1a12c2-AppendLogResponseHandler: Failed appendEntries: org.apache.ratis.thirdparty.io.grpc.StatusRuntimeException: UNAVAILABLE: io exception
2022-03-14 02:40:29,898 [grpc-default-executor-4] WARN  server.GrpcLogAppender (GrpcLogAppender.java:resetClient(110)) - c593f1a5-11c2-4273-9636-a8fe79185bdd@group-34CA344D8402->ebc46dcb-de55-4ee6-9f88-6ea23d1a12c2-GrpcLogAppender: Leader has not got in touch with Follower c593f1a5-11c2-4273-9636-a8fe79185bdd@group-34CA344D8402->ebc46dcb-de55-4ee6-9f88-6ea23d1a12c2(c0,m0,n1, attendVote=true, lastRpcSendTime=2502, lastRpcResponseTime=25027) yet, just keep nextIndex unchanged and retry.
2022-03-14 02:40:29,992 [EndpointStateMachine task thread for /0.0.0.0:42035 - 0 ] INFO  ipc.Client (Client.java:handleConnectionFailure(977)) - Retrying connect to server: 0.0.0.0/0.0.0.0:42035. Already tried 13 time(s); retry policy is RetryUpToMaximumCountWithFixedSleep(maxRetries=15, sleepTime=1000 MILLISECONDS)
2022-03-14 02:40:30,993 [EndpointStateMachine task thread for /0.0.0.0:42035 - 0 ] INFO  ipc.Client (Client.java:handleConnectionFailure(977)) - Retrying connect to server: 0.0.0.0/0.0.0.0:42035. Already tried 14 time(s); retry policy is RetryUpToMaximumCountWithFixedSleep(maxRetries=15, sleepTime=1000 MILLISECONDS)
2022-03-14 02:40:31,437 [Listener at 127.0.0.1/43591] INFO  ozone.MiniOzoneClusterImpl (MiniOzoneClusterImpl.java:restartStorageContainerManager(357)) - Restarting SCM in cluster class org.apache.hadoop.ozone.MiniOzoneClusterImpl
2022-03-14 02:40:31,437 [Listener at 127.0.0.1/43591] INFO  server.StorageContainerManager (StorageContainerManager.java:stop(1414)) - Stopping Container Balancer service.
2022-03-14 02:40:31,437 [Listener at 127.0.0.1/43591] INFO  balancer.ContainerBalancer (ContainerBalancer.java:stop(802)) - Container Balancer is not running.
2022-03-14 02:40:31,437 [Listener at 127.0.0.1/43591] INFO  server.StorageContainerManager (StorageContainerManager.java:stop(1421)) - Stopping Replication Manager Service.
2022-03-14 02:40:31,437 [Listener at 127.0.0.1/43591] INFO  container.ReplicationManager (ReplicationManager.java:stop(364)) - Replication Monitor Thread is not running.
2022-03-14 02:40:31,437 [Listener at 127.0.0.1/43591] INFO  server.StorageContainerManager (StorageContainerManager.java:stop(1428)) - Stopping the Datanode Admin Monitor.
2022-03-14 02:40:31,437 [Listener at 127.0.0.1/43591] INFO  server.StorageContainerManager (StorageContainerManager.java:stop(1435)) - Stopping Lease Manager of the command watchers
2022-03-14 02:40:31,438 [Listener at 127.0.0.1/43591] ERROR server.StorageContainerManager (StorageContainerManager.java:stop(1438)) - Lease Manager of the command watchers stop failed
2022-03-14 02:40:31,438 [Listener at 127.0.0.1/43591] INFO  server.StorageContainerManager (StorageContainerManager.java:stop(1442)) - Stopping datanode service RPC server
2022-03-14 02:40:31,438 [Listener at 127.0.0.1/43591] INFO  server.SCMDatanodeProtocolServer (SCMDatanodeProtocolServer.java:stop(400)) - Stopping the RPC server for DataNodes
2022-03-14 02:40:31,438 [Listener at 127.0.0.1/43591] INFO  ipc.Server (Server.java:stop(3414)) - Stopping server on 42035
2022-03-14 02:40:31,438 [Listener at 127.0.0.1/43591] INFO  server.StorageContainerManager (StorageContainerManager.java:stop(1450)) - Stopping block service RPC server
2022-03-14 02:40:31,438 [Listener at 127.0.0.1/43591] INFO  server.SCMBlockProtocolServer (SCMBlockProtocolServer.java:stop(160)) - Stopping the RPC server for Block Protocol
2022-03-14 02:40:31,438 [Listener at 127.0.0.1/43591] INFO  ipc.Server (Server.java:stop(3414)) - Stopping server on 38779
2022-03-14 02:40:31,438 [Listener at 127.0.0.1/43591] INFO  server.StorageContainerManager (StorageContainerManager.java:stop(1457)) - Stopping the StorageContainerLocationProtocol RPC server
2022-03-14 02:40:31,438 [Listener at 127.0.0.1/43591] INFO  server.SCMClientProtocolServer (SCMClientProtocolServer.java:stop(174)) - Stopping the RPC server for Client Protocol
2022-03-14 02:40:31,438 [Listener at 127.0.0.1/43591] INFO  ipc.Server (Server.java:stop(3414)) - Stopping server on 33273
2022-03-14 02:40:31,438 [Listener at 127.0.0.1/43591] INFO  server.StorageContainerManager (StorageContainerManager.java:stop(1464)) - Stopping Storage Container Manager HTTP server.
2022-03-14 02:40:31,438 [Listener at 127.0.0.1/43591] INFO  server.StorageContainerManager (StorageContainerManager.java:stop(1475)) - Stopping Block Manager Service.
2022-03-14 02:40:31,439 [Listener at 127.0.0.1/43591] INFO  utils.BackgroundService (BackgroundService.java:shutdown(132)) - Shutting down service SCMBlockDeletingService
2022-03-14 02:40:31,439 [Listener at 127.0.0.1/43591] INFO  utils.BackgroundService (BackgroundService.java:shutdown(132)) - Shutting down service SCMBlockDeletingService
2022-03-14 02:40:31,439 [Listener at 127.0.0.1/43591] INFO  server.StorageContainerManager (StorageContainerManager.java:stop(1502)) - Stopping SCM Event Queue.
2022-03-14 02:40:31,439 [Listener at 127.0.0.1/43591] INFO  server.StorageContainerManager (StorageContainerManager.java:stop(1513)) - Stopping SCM HA services.
2022-03-14 02:40:31,439 [Listener at 127.0.0.1/43591] INFO  ha.SCMRatisServerImpl (SCMRatisServerImpl.java:stop(236)) - stopping ratis server 0.0.0.0:9894
2022-03-14 02:40:31,439 [Listener at 127.0.0.1/43591] WARN  pipeline.BackgroundPipelineCreator (BackgroundPipelineCreator.java:stop(154)) - RatisPipelineUtilsThread is not running, just ignore.
2022-03-14 02:40:31,439 [Listener at 127.0.0.1/43591] INFO  server.StorageContainerManager (StorageContainerManager.java:stop(1523)) - Stopping SCM MetadataStore.
2022-03-14 02:40:31,439 [Listener at 127.0.0.1/43591] INFO  impl.MetricsSystemImpl (MetricsSystemImpl.java:stop(210)) - Stopping HddsDatanode metrics system...
2022-03-14 02:40:31,460 [prometheus] INFO  impl.MetricsSinkAdapter (MetricsSinkAdapter.java:publishMetricsFromQueue(141)) - prometheus thread interrupted.
2022-03-14 02:40:31,461 [Listener at 127.0.0.1/43591] INFO  impl.MetricsSystemImpl (MetricsSystemImpl.java:stop(216)) - HddsDatanode metrics system stopped.
2022-03-14 02:40:31,461 [Listener at 127.0.0.1/43591] INFO  ha.SCMHANodeDetails (SCMHANodeDetails.java:loadSCMHAConfig(157)) - ServiceID for StorageContainerManager is null
2022-03-14 02:40:31,461 [Listener at 127.0.0.1/43591] INFO  ha.SCMHANodeDetails (SCMHANodeDetails.java:loadSCMHAConfig(162)) - ozone.scm.default.service.id is not defined, falling back to ozone.scm.service.ids to find serviceID for StorageContainerManager if it is HA enabled cluster
2022-03-14 02:40:31,462 [Listener at 127.0.0.1/43591] WARN  server.ServerUtils (ServerUtils.java:getScmDbDir(148)) - ozone.scm.db.dirs is not configured. We recommend adding this setting. Falling back to ozone.metadata.dirs instead.
2022-03-14 02:40:31,462 [Listener at 127.0.0.1/43591] INFO  upgrade.AbstractLayoutVersionManager (AbstractLayoutVersionManager.java:init(79)) - Initializing Layout version manager with metadata layout = SCM_HA (version = 2), software layout = SCM_HA (version = 2)
2022-03-14 02:40:31,591 [Listener at 127.0.0.1/43591] INFO  reflections.Reflections (Reflections.java:scan(232)) - Reflections took 128 ms to scan 7 urls, producing 122 keys and 286 values 
2022-03-14 02:40:31,598 [Listener at 127.0.0.1/43591] WARN  utils.HAUtils (HAUtils.java:getMetaDir(342)) - ozone.scm.db.dirs is not configured. We recommend adding this setting. Falling back to ozone.metadata.dirs instead.
2022-03-14 02:40:31,598 [Listener at 127.0.0.1/43591] WARN  db.DBStoreBuilder (DBStoreBuilder.java:applyDBDefinition(145)) - ozone.scm.db.dirs is not configured. We recommend adding this setting. Falling back to ozone.metadata.dirs instead.
2022-03-14 02:40:31,694 [Listener at 127.0.0.1/43591] INFO  net.NodeSchemaLoader (NodeSchemaLoader.java:loadSchemaFromFile(129)) - Loading schema from [jar:file:/home/runner/.m2/repository/org/apache/ozone/hdds-common/1.3.0-SNAPSHOT/hdds-common-1.3.0-SNAPSHOT.jar!/network-topology-default.xml]
2022-03-14 02:40:31,694 [Listener at 127.0.0.1/43591] INFO  net.NodeSchemaLoader (NodeSchemaLoader.java:loadSchema(176)) - Loading network topology layer schema file
2022-03-14 02:40:31,710 [Listener at 127.0.0.1/43591] WARN  impl.MetricRegistriesImpl (MetricRegistriesImpl.java:addReporterRegistration(111)) - New reporters are added after registries were created. Some metrics will be missing from the reporter. Please add reporter before adding any new registry.
2022-03-14 02:40:31,711 [Listener at 127.0.0.1/43591] WARN  impl.MetricRegistriesImpl (MetricRegistriesImpl.java:addReporterRegistration(111)) - New reporters are added after registries were created. Some metrics will be missing from the reporter. Please add reporter before adding any new registry.
2022-03-14 02:40:31,712 [Listener at 127.0.0.1/43591] INFO  ha.SCMRatisServerImpl (SCMRatisServerImpl.java:<init>(87)) - starting Raft server for scm:c10a1ce7-f634-4401-b221-0e35fc9f4831
2022-03-14 02:40:31,713 [Listener at 127.0.0.1/43591] INFO  server.RaftServer (ConfUtils.java:logGet(44)) - raft.rpc.type = GRPC (default)
2022-03-14 02:40:31,714 [Listener at 127.0.0.1/43591] INFO  grpc.GrpcFactory (GrpcFactory.java:checkPooledByteBufAllocatorUseCacheForAllThreads(48)) - PERFORMANCE WARNING: useCacheForAllThreads is true that may cause Netty to create a lot garbage objects and, as a result, trigger GC.
	It is recommended to disable useCacheForAllThreads by setting -Dorg.apache.ratis.thirdparty.io.netty.allocator.useCacheForAllThreads=false in command line.
2022-03-14 02:40:31,714 [Listener at 127.0.0.1/43591] INFO  grpc.GrpcConfigKeys (ConfUtils.java:logGet(44)) - raft.grpc.admin.port = -1 (default)
2022-03-14 02:40:31,714 [Listener at 127.0.0.1/43591] INFO  grpc.GrpcConfigKeys (ConfUtils.java:logGet(44)) - raft.grpc.server.port = 9894 (custom)
2022-03-14 02:40:31,714 [Listener at 127.0.0.1/43591] INFO  grpc.GrpcConfigKeys (ConfUtils.java:logGet(44)) - raft.grpc.client.port = -1 (default)
2022-03-14 02:40:31,714 [Listener at 127.0.0.1/43591] INFO  grpc.GrpcConfigKeys (ConfUtils.java:logGet(44)) - raft.grpc.server.port = 9894 (custom)
2022-03-14 02:40:31,714 [Listener at 127.0.0.1/43591] INFO  grpc.GrpcConfigKeys (ConfUtils.java:logGet(44)) - raft.grpc.server.port = 9894 (custom)
2022-03-14 02:40:31,714 [Listener at 127.0.0.1/43591] INFO  server.GrpcService (ConfUtils.java:logGet(44)) - raft.grpc.message.size.max = 32m (=33554432) (custom)
2022-03-14 02:40:31,715 [Listener at 127.0.0.1/43591] INFO  server.RaftServerConfigKeys (ConfUtils.java:logGet(44)) - raft.server.log.appender.buffer.byte-limit = 33554432 (custom)
2022-03-14 02:40:31,716 [Listener at 127.0.0.1/43591] INFO  server.GrpcService (ConfUtils.java:logGet(44)) - raft.grpc.flow.control.window = 1MB (=1048576) (default)
2022-03-14 02:40:31,717 [Listener at 127.0.0.1/43591] INFO  server.RaftServerConfigKeys (ConfUtils.java:logGet(44)) - raft.server.rpc.request.timeout = 30000ms (custom)
2022-03-14 02:40:31,719 [Listener at 127.0.0.1/43591] INFO  impl.DataStreamServerImpl (ConfUtils.java:logGet(44)) - raft.datastream.type = DISABLED (default)
2022-03-14 02:40:31,727 [Listener at 127.0.0.1/43591] INFO  server.RaftServerConfigKeys (ConfUtils.java:logGet(44)) - raft.server.rpc.slowness.timeout = 120000ms (custom)
2022-03-14 02:40:31,727 [Listener at 127.0.0.1/43591] INFO  server.RaftServerConfigKeys (ConfUtils.java:logGet(44)) - raft.server.leaderelection.leader.step-down.wait-time = 10s (default)
2022-03-14 02:40:31,727 [Listener at 127.0.0.1/43591] INFO  server.RaftServerConfigKeys (ConfUtils.java:logGet(44)) - raft.server.storage.dir = [/home/runner/work/ozone/ozone/hadoop-ozone/integration-test/target/test-dir/MiniOzoneClusterImpl-a8714879-5ed3-4fa8-8176-35e71d15aa3e/ozone-meta/scm-ha] (custom)
2022-03-14 02:40:31,727 [Listener at 127.0.0.1/43591] INFO  server.RaftServer (RaftServerProxy.java:lambda$null$1(235)) - c10a1ce7-f634-4401-b221-0e35fc9f4831: found a subdirectory /home/runner/work/ozone/ozone/hadoop-ozone/integration-test/target/test-dir/MiniOzoneClusterImpl-a8714879-5ed3-4fa8-8176-35e71d15aa3e/ozone-meta/scm-ha/a8714879-5ed3-4fa8-8176-35e71d15aa3e
2022-03-14 02:40:31,733 [Listener at 127.0.0.1/43591] INFO  server.RaftServer (RaftServerProxy.java:addNew(95)) - c10a1ce7-f634-4401-b221-0e35fc9f4831: addNew group-35E71D15AA3E:[] returns group-35E71D15AA3E:java.util.concurrent.CompletableFuture@7d48e60a[Not completed]
2022-03-14 02:40:31,733 [pool-364-thread-1] INFO  ha.SCMStateMachine (SCMStateMachine.java:<init>(97)) - Updated lastAppliedTermIndex 2#18 with transactionInfo term andIndex
2022-03-14 02:40:31,733 [pool-364-thread-1] INFO  server.RaftServer$Division (RaftServerImpl.java:<init>(184)) - c10a1ce7-f634-4401-b221-0e35fc9f4831: new RaftServerImpl for group-35E71D15AA3E:[] with SCMStateMachine:uninitialized
2022-03-14 02:40:31,741 [pool-364-thread-1] INFO  server.RaftServerConfigKeys (ConfUtils.java:logGet(44)) - raft.server.rpc.timeout.min = 5000ms (custom)
2022-03-14 02:40:31,741 [pool-364-thread-1] INFO  server.RaftServerConfigKeys (ConfUtils.java:logGet(44)) - raft.server.rpc.timeout.max = 5200ms (custom)
2022-03-14 02:40:31,741 [pool-364-thread-1] INFO  server.RaftServerConfigKeys (ConfUtils.java:logGet(44)) - raft.server.rpc.sleep.time = 25ms (default)
2022-03-14 02:40:31,741 [pool-364-thread-1] INFO  server.RaftServerConfigKeys (ConfUtils.java:logGet(44)) - raft.server.rpc.slowness.timeout = 120000ms (custom)
2022-03-14 02:40:31,741 [pool-364-thread-1] INFO  server.RaftServerConfigKeys (ConfUtils.java:logGet(44)) - raft.server.leaderelection.leader.step-down.wait-time = 10s (default)
2022-03-14 02:40:31,741 [pool-364-thread-1] INFO  server.RaftServerConfigKeys (ConfUtils.java:logGet(44)) - raft.server.sleep.deviation.threshold = 300ms (default)
2022-03-14 02:40:31,742 [pool-364-thread-1] INFO  server.RaftServerConfigKeys (ConfUtils.java:logGet(44)) - raft.server.log.appender.install.snapshot.enabled = false (custom)
2022-03-14 02:40:31,742 [pool-364-thread-1] INFO  server.RaftServer$Division (ServerState.java:<init>(105)) - c10a1ce7-f634-4401-b221-0e35fc9f4831@group-35E71D15AA3E: ConfigurationManager, init=-1: [], old=null, confs=<EMPTY_MAP>
2022-03-14 02:40:31,742 [pool-364-thread-1] INFO  server.RaftServerConfigKeys (ConfUtils.java:logGet(44)) - raft.server.storage.dir = [/home/runner/work/ozone/ozone/hadoop-ozone/integration-test/target/test-dir/MiniOzoneClusterImpl-a8714879-5ed3-4fa8-8176-35e71d15aa3e/ozone-meta/scm-ha] (custom)
2022-03-14 02:40:31,742 [pool-364-thread-1] INFO  server.RaftServerConfigKeys (ConfUtils.java:logGet(44)) - raft.server.log.corruption.policy = EXCEPTION (default)
2022-03-14 02:40:31,742 [pool-364-thread-1] INFO  server.RaftServerConfigKeys (ConfUtils.java:logGet(44)) - raft.server.storage.free-space.min = 0MB (=0) (default)
2022-03-14 02:40:31,744 [pool-364-thread-1] INFO  storage.RaftStorageDirectory (RaftStorageDirectoryImpl.java:tryLock(230)) - Lock on /home/runner/work/ozone/ozone/hadoop-ozone/integration-test/target/test-dir/MiniOzoneClusterImpl-a8714879-5ed3-4fa8-8176-35e71d15aa3e/ozone-meta/scm-ha/a8714879-5ed3-4fa8-8176-35e71d15aa3e/in_use.lock acquired by nodename 12570@fv-az501-120
2022-03-14 02:40:31,744 [pool-364-thread-1] INFO  storage.RaftStorage (RaftStorageImpl.java:analyzeAndRecoverStorage(110)) - Read RaftStorageMetadata{term=2, votedFor=c10a1ce7-f634-4401-b221-0e35fc9f4831} from /home/runner/work/ozone/ozone/hadoop-ozone/integration-test/target/test-dir/MiniOzoneClusterImpl-a8714879-5ed3-4fa8-8176-35e71d15aa3e/ozone-meta/scm-ha/a8714879-5ed3-4fa8-8176-35e71d15aa3e/current/raft-meta
2022-03-14 02:40:31,745 [pool-364-thread-1] INFO  server.RaftServer$Division (ServerState.java:setRaftConf(387)) - c10a1ce7-f634-4401-b221-0e35fc9f4831@group-35E71D15AA3E: set configuration 1: [c10a1ce7-f634-4401-b221-0e35fc9f4831|rpc:fv-az501-120:9894|admin:|client:|dataStream:|priority:0], old=null
2022-03-14 02:40:31,745 [pool-364-thread-1] INFO  server.RaftServerConfigKeys (ConfUtils.java:logGet(44)) - raft.server.notification.no-leader.timeout = 60s (default)
2022-03-14 02:40:31,745 [pool-364-thread-1] INFO  server.RaftServerConfigKeys (ConfUtils.java:logGet(44)) - raft.server.log.use.memory = false (default)
2022-03-14 02:40:31,752 [pool-364-thread-1] INFO  server.RaftServerConfigKeys (ConfUtils.java:logGet(44)) - raft.server.log.purge.gap = 1000000 (custom)
2022-03-14 02:40:31,753 [pool-364-thread-1] INFO  server.RaftServerConfigKeys (ConfUtils.java:logGet(44)) - raft.server.log.appender.buffer.byte-limit = 33554432 (custom)
2022-03-14 02:40:31,753 [pool-364-thread-1] INFO  server.RaftServerConfigKeys (ConfUtils.java:logGet(44)) - raft.server.log.segment.size.max = 4194304 (custom)
2022-03-14 02:40:31,754 [pool-364-thread-1] INFO  server.RaftServerConfigKeys (ConfUtils.java:logGet(44)) - raft.server.log.segment.cache.num.max = 2 (custom)
2022-03-14 02:40:31,761 [pool-364-thread-1] INFO  server.RaftServerConfigKeys (ConfUtils.java:logGet(44)) - raft.server.log.segment.cache.size.max = 200MB (=209715200) (default)
2022-03-14 02:40:31,761 [pool-364-thread-1] INFO  segmented.SegmentedRaftLogWorker (SegmentedRaftLogWorker.java:<init>(182)) - new c10a1ce7-f634-4401-b221-0e35fc9f4831@group-35E71D15AA3E-SegmentedRaftLogWorker for RaftStorageImpl:Storage Directory /home/runner/work/ozone/ozone/hadoop-ozone/integration-test/target/test-dir/MiniOzoneClusterImpl-a8714879-5ed3-4fa8-8176-35e71d15aa3e/ozone-meta/scm-ha/a8714879-5ed3-4fa8-8176-35e71d15aa3e
2022-03-14 02:40:31,761 [pool-364-thread-1] INFO  server.RaftServerConfigKeys (ConfUtils.java:logGet(44)) - raft.server.log.queue.byte-limit = 64MB (=67108864) (default)
2022-03-14 02:40:31,761 [pool-364-thread-1] INFO  server.RaftServerConfigKeys (ConfUtils.java:logGet(44)) - raft.server.log.queue.element-limit = 4096 (default)
2022-03-14 02:40:31,761 [pool-364-thread-1] INFO  server.RaftServerConfigKeys (ConfUtils.java:logGet(44)) - raft.server.log.segment.size.max = 4194304 (custom)
2022-03-14 02:40:31,761 [pool-364-thread-1] INFO  server.RaftServerConfigKeys (ConfUtils.java:logGet(44)) - raft.server.log.preallocated.size = 4194304 (custom)
2022-03-14 02:40:31,763 [pool-364-thread-1] INFO  server.RaftServerConfigKeys (ConfUtils.java:logGet(44)) - raft.server.log.force.sync.num = 128 (default)
2022-03-14 02:40:31,763 [pool-364-thread-1] INFO  server.RaftServerConfigKeys (ConfUtils.java:logGet(44)) - raft.server.log.statemachine.data.sync = true (default)
2022-03-14 02:40:31,763 [pool-364-thread-1] INFO  server.RaftServerConfigKeys (ConfUtils.java:logGet(44)) - raft.server.log.statemachine.data.sync.timeout = 10s (default)
2022-03-14 02:40:31,763 [pool-364-thread-1] INFO  server.RaftServerConfigKeys (ConfUtils.java:logGet(44)) - raft.server.log.statemachine.data.sync.timeout.retry = -1 (default)
2022-03-14 02:40:31,766 [pool-364-thread-1] INFO  server.RaftServerConfigKeys (ConfUtils.java:logGet(44)) - raft.server.log.write.buffer.size = 64KB (=65536) (default)
2022-03-14 02:40:31,773 [pool-364-thread-1] INFO  server.RaftServerConfigKeys (ConfUtils.java:logGet(44)) - raft.server.log.statemachine.data.caching.enabled = false (default)
2022-03-14 02:40:31,779 [pool-364-thread-1] INFO  server.RaftServer$Division (ServerState.java:setRaftConf(387)) - c10a1ce7-f634-4401-b221-0e35fc9f4831@group-35E71D15AA3E: set configuration 0: [c10a1ce7-f634-4401-b221-0e35fc9f4831|rpc:fv-az501-120:9894|admin:|client:|dataStream:|priority:0], old=null
2022-03-14 02:40:31,781 [pool-364-thread-1] INFO  segmented.LogSegment (LogSegment.java:loadSegment(173)) - Successfully read 1 entries from segment file /home/runner/work/ozone/ozone/hadoop-ozone/integration-test/target/test-dir/MiniOzoneClusterImpl-a8714879-5ed3-4fa8-8176-35e71d15aa3e/ozone-meta/scm-ha/a8714879-5ed3-4fa8-8176-35e71d15aa3e/current/log_0-0
2022-03-14 02:40:31,781 [pool-364-thread-1] INFO  server.RaftServer$Division (ServerState.java:setRaftConf(387)) - c10a1ce7-f634-4401-b221-0e35fc9f4831@group-35E71D15AA3E: set configuration 1: [c10a1ce7-f634-4401-b221-0e35fc9f4831|rpc:fv-az501-120:9894|admin:|client:|dataStream:|priority:0], old=null
2022-03-14 02:40:31,783 [pool-364-thread-1] INFO  segmented.LogSegment (LogSegment.java:loadSegment(173)) - Successfully read 18 entries from segment file /home/runner/work/ozone/ozone/hadoop-ozone/integration-test/target/test-dir/MiniOzoneClusterImpl-a8714879-5ed3-4fa8-8176-35e71d15aa3e/ozone-meta/scm-ha/a8714879-5ed3-4fa8-8176-35e71d15aa3e/current/log_inprogress_1
2022-03-14 02:40:31,789 [pool-364-thread-1] INFO  segmented.SegmentedRaftLogWorker (SegmentedRaftLogWorker.java:lambda$new$0(133)) - c10a1ce7-f634-4401-b221-0e35fc9f4831@group-35E71D15AA3E-SegmentedRaftLogWorker: flushIndex: setUnconditionally 0 -> 18
2022-03-14 02:40:31,793 [pool-364-thread-1] INFO  segmented.SegmentedRaftLogWorker (SegmentedRaftLogWorker.java:lambda$new$0(133)) - c10a1ce7-f634-4401-b221-0e35fc9f4831@group-35E71D15AA3E-SegmentedRaftLogWorker: safeCacheEvictIndex: setUnconditionally 0 -> 0
2022-03-14 02:40:31,798 [pool-364-thread-1] INFO  raftlog.RaftLog (RaftLogBase.java:lambda$new$0(53)) - c10a1ce7-f634-4401-b221-0e35fc9f4831@group-35E71D15AA3E-SegmentedRaftLog: commitIndex: updateToMax old=18, new=17, updated? false
2022-03-14 02:40:31,798 [pool-364-thread-1] INFO  server.RaftServerConfigKeys (ConfUtils.java:logGet(44)) - raft.server.snapshot.auto.trigger.enabled = true (custom)
2022-03-14 02:40:31,799 [pool-364-thread-1] INFO  server.RaftServerConfigKeys (ConfUtils.java:logGet(44)) - raft.server.snapshot.auto.trigger.threshold = 1000 (custom)
2022-03-14 02:40:31,799 [pool-364-thread-1] INFO  server.RaftServerConfigKeys (ConfUtils.java:logGet(44)) - raft.server.snapshot.retention.file.num = -1 (default)
2022-03-14 02:40:31,799 [pool-364-thread-1] INFO  server.RaftServerConfigKeys (ConfUtils.java:logGet(44)) - raft.server.log.purge.upto.snapshot.index = false (default)
2022-03-14 02:40:31,799 [pool-364-thread-1] INFO  server.RaftServerConfigKeys (ConfUtils.java:logGet(44)) - raft.server.retrycache.expirytime = 60000ms (default)
2022-03-14 02:40:31,799 [pool-364-thread-1] INFO  server.RaftServerConfigKeys (ConfUtils.java:logGet(44)) - raft.server.retrycache.statistics.expirytime = 100μs (default)
2022-03-14 02:40:31,801 [Listener at 127.0.0.1/43591] INFO  ha.SCMSnapshotProvider (SCMSnapshotProvider.java:<init>(66)) - Initializing SCM Snapshot Provider
2022-03-14 02:40:31,801 [Listener at 127.0.0.1/43591] WARN  server.ServerUtils (ServerUtils.java:getDefaultRatisDirectory(237)) - Storage directory for Ratis is not configured. It is a good idea to map this to an SSD disk. Falling back to ozone.metadata.dirs
2022-03-14 02:40:31,801 [Listener at 127.0.0.1/43591] WARN  ha.SCMHAUtils (SCMHAUtils.java:getSCMRatisSnapshotDirectory(151)) - SCM snapshot dir is not configured. Falling back to ozone.metadata.dirs config
2022-03-14 02:40:31,802 [Listener at 127.0.0.1/43591] INFO  ha.SequenceIdGenerator (SequenceIdGenerator.java:<init>(218)) - Init the HA SequenceIdGenerator.
2022-03-14 02:40:31,803 [Listener at 127.0.0.1/43591] WARN  server.ServerUtils (ServerUtils.java:sanitizeUserArgs(73)) - ozone.scm.stale.node.interval value = 300000 is larger than max = 100000 based on the key value of ozone.scm.heartbeat.thread.interval, reset to the max value 100000.
2022-03-14 02:40:31,803 [Listener at 127.0.0.1/43591] WARN  server.ServerUtils (ServerUtils.java:sanitizeUserArgs(73)) - ozone.scm.stale.node.interval value = 300000 is larger than max = 100000 based on the key value of ozone.scm.heartbeat.thread.interval, reset to the max value 100000.
2022-03-14 02:40:31,814 [Listener at 127.0.0.1/43591] INFO  node.SCMNodeManager (SCMNodeManager.java:<init>(146)) - Entering startup safe mode.
2022-03-14 02:40:31,814 [Listener at 127.0.0.1/43591] INFO  algorithms.ContainerPlacementPolicyFactory (ContainerPlacementPolicyFactory.java:getPolicy(60)) - Create container placement policy of type org.apache.hadoop.hdds.scm.container.placement.algorithms.SCMContainerPlacementRandom
2022-03-14 02:40:31,816 [Listener at 127.0.0.1/43591] INFO  algorithms.LeaderChoosePolicyFactory (LeaderChoosePolicyFactory.java:getPolicy(57)) - Create leader choose policy of type org.apache.hadoop.hdds.scm.pipeline.leader.choose.algorithms.MinLeaderCountChoosePolicy
2022-03-14 02:40:31,817 [Listener at 127.0.0.1/43591] INFO  ha.SCMServiceManager (SCMServiceManager.java:register(42)) - Registering service BackgroundPipelineCreator.
2022-03-14 02:40:31,817 [Listener at 127.0.0.1/43591] INFO  pipeline.BackgroundPipelineCreator (BackgroundPipelineCreator.java:start(130)) - Starting RatisPipelineUtilsThread.
2022-03-14 02:40:31,834 [Listener at 127.0.0.1/43591] INFO  algorithms.PipelineChoosePolicyFactory (PipelineChoosePolicyFactory.java:createPipelineChoosePolicyFromClass(73)) - Create pipeline choose policy of type org.apache.hadoop.hdds.scm.pipeline.choose.algorithms.RandomPipelineChoosePolicy
2022-03-14 02:40:31,834 [Listener at 127.0.0.1/43591] INFO  ha.SCMServiceManager (SCMServiceManager.java:register(42)) - Registering service SCMBlockDeletingService.
2022-03-14 02:40:31,835 [Listener at 127.0.0.1/43591] INFO  ha.SCMServiceManager (SCMServiceManager.java:register(42)) - Registering service ReplicationManager.
2022-03-14 02:40:31,835 [Listener at 127.0.0.1/43591] INFO  container.ReplicationManager (ReplicationManager.java:start(326)) - Starting Replication Monitor Thread.
2022-03-14 02:40:31,846 [Listener at 127.0.0.1/43591] INFO  safemode.ContainerSafeModeRule (ContainerSafeModeRule.java:<init>(89)) - containers with one replica threshold count 0
2022-03-14 02:40:31,846 [Listener at 127.0.0.1/43591] INFO  safemode.HealthyPipelineSafeModeRule (HealthyPipelineSafeModeRule.java:initializeRule(156)) - Total pipeline count is 1, healthy pipeline threshold count is 1
2022-03-14 02:40:31,846 [Listener at 127.0.0.1/43591] INFO  safemode.OneReplicaPipelineSafeModeRule (OneReplicaPipelineSafeModeRule.java:initializeRule(180)) - Total pipeline count is 1, pipeline's with at least one datanode reported threshold count is 1
2022-03-14 02:40:31,857 [ReplicationMonitor] INFO  container.ReplicationManager (ReplicationManager.java:processAll(374)) - Replication Manager is not ready to run until 3000ms after safemode exit
2022-03-14 02:40:31,865 [Listener at 127.0.0.1/43591] INFO  ipc.CallQueueManager (CallQueueManager.java:<init>(90)) - Using callQueue: class java.util.concurrent.LinkedBlockingQueue, queueCapacity: 2000, scheduler: class org.apache.hadoop.ipc.DefaultRpcScheduler, ipcBackoff: false.
2022-03-14 02:40:31,880 [Socket Reader #1 for port 42035] INFO  ipc.Server (Server.java:run(1265)) - Starting Socket Reader #1 for port 42035
2022-03-14 02:40:31,885 [Listener at 0.0.0.0/42035] INFO  ipc.CallQueueManager (CallQueueManager.java:<init>(90)) - Using callQueue: class java.util.concurrent.LinkedBlockingQueue, queueCapacity: 2000, scheduler: class org.apache.hadoop.ipc.DefaultRpcScheduler, ipcBackoff: false.
2022-03-14 02:40:31,897 [Socket Reader #1 for port 38779] INFO  ipc.Server (Server.java:run(1265)) - Starting Socket Reader #1 for port 38779
2022-03-14 02:40:31,907 [Listener at 0.0.0.0/38779] INFO  ipc.CallQueueManager (CallQueueManager.java:<init>(90)) - Using callQueue: class java.util.concurrent.LinkedBlockingQueue, queueCapacity: 2000, scheduler: class org.apache.hadoop.ipc.DefaultRpcScheduler, ipcBackoff: false.
2022-03-14 02:40:31,910 [Socket Reader #1 for port 33273] INFO  ipc.Server (Server.java:run(1265)) - Starting Socket Reader #1 for port 33273
2022-03-14 02:40:31,978 [Listener at 0.0.0.0/33273] INFO  server.StorageContainerManager (StorageContainerManager.java:<init>(389)) - 
Container Balancer status:
Key                            Value
Running                        false
Container Balancer Configuration values:
Key                                                Value
Threshold                                          10
Max Datanodes to Involve per Iteration(percent)    20
Max Size to Move per Iteration                     500GB
Max Size Entering Target per Iteration             26GB
Max Size Leaving Source per Iteration              26GB

2022-03-14 02:40:31,981 [Listener at 0.0.0.0/33273] WARN  events.EventQueue (EventQueue.java:fireEvent(194)) - No event handler registered for event TypedEvent{payloadType=SafeModeStatus, name='Safe mode status'}
2022-03-14 02:40:31,981 [Listener at 0.0.0.0/33273] INFO  ha.SCMContext (SCMContext.java:updateSafeModeStatus(211)) - Update SafeModeStatus from SafeModeStatus{safeModeStatus=true, preCheckPassed=false} to SafeModeStatus{safeModeStatus=true, preCheckPassed=false}.
2022-03-14 02:40:31,981 [Listener at 0.0.0.0/33273] INFO  server.StorageContainerManager (StorageContainerManager.java:start(1327)) - StorageContainerLocationProtocol RPC server is listening at /0.0.0.0:33273
2022-03-14 02:40:31,981 [Listener at 0.0.0.0/33273] INFO  ha.SCMRatisServerImpl (SCMRatisServerImpl.java:start(177)) - starting ratis server 0.0.0.0:9894
2022-03-14 02:40:31,982 [Listener at 0.0.0.0/33273] INFO  server.RaftServer$Division (RaftServerImpl.java:start(301)) - c10a1ce7-f634-4401-b221-0e35fc9f4831@group-35E71D15AA3E: start as a follower, conf=1: [c10a1ce7-f634-4401-b221-0e35fc9f4831|rpc:fv-az501-120:9894|admin:|client:|dataStream:|priority:0], old=null
2022-03-14 02:40:31,983 [Listener at 0.0.0.0/33273] INFO  server.RaftServer$Division (RaftServerImpl.java:setRole(290)) - c10a1ce7-f634-4401-b221-0e35fc9f4831@group-35E71D15AA3E: changes role from      null to FOLLOWER at term 2 for startAsFollower
2022-03-14 02:40:31,983 [Listener at 0.0.0.0/33273] INFO  impl.RoleInfo (RoleInfo.java:updateAndGet(130)) - c10a1ce7-f634-4401-b221-0e35fc9f4831: start c10a1ce7-f634-4401-b221-0e35fc9f4831@group-35E71D15AA3E-FollowerState
2022-03-14 02:40:31,993 [Listener at 0.0.0.0/33273] INFO  util.JmxRegister (JmxRegister.java:tryRegister(44)) - Successfully registered JMX Bean with object name Ratis:service=RaftServer,group=group-35E71D15AA3E,id=c10a1ce7-f634-4401-b221-0e35fc9f4831
2022-03-14 02:40:31,998 [Listener at 0.0.0.0/33273] INFO  server.RaftServer (RaftServerProxy.java:lambda$start$5(374)) - c10a1ce7-f634-4401-b221-0e35fc9f4831: start RPC server
2022-03-14 02:40:31,998 [Listener at 0.0.0.0/33273] INFO  server.GrpcService (GrpcService.java:startImpl(253)) - c10a1ce7-f634-4401-b221-0e35fc9f4831: GrpcService started, listening on 9894
2022-03-14 02:40:32,003 [Listener at 0.0.0.0/33273] INFO  ha.SCMHAManagerImpl (SCMHAManagerImpl.java:start(121)) -  scm role is FOLLOWER peers [c10a1ce7-f634-4401-b221-0e35fc9f4831|rpc:fv-az501-120:9894|admin:|client:|dataStream:|priority:0]
2022-03-14 02:40:32,003 [Listener at 0.0.0.0/33273] INFO  ha.InterSCMGrpcService (InterSCMGrpcProtocolService.java:start(94)) - Starting SCM Grpc Service at port 9895
2022-03-14 02:40:31,995 [EndpointStateMachine task thread for /0.0.0.0:42035 - 0 ] INFO  ipc.Client (Client.java:handleConnectionFailure(977)) - Retrying connect to server: 0.0.0.0/0.0.0.0:42035. Already tried 0 time(s); retry policy is RetryUpToMaximumCountWithFixedSleep(maxRetries=15, sleepTime=1000 MILLISECONDS)
2022-03-14 02:40:32,021 [org.apache.ratis.util.JvmPauseMonitor$$Lambda$431/1941186180@7ca979c6] INFO  util.JvmPauseMonitor (JvmPauseMonitor.java:run(103)) - JvmPauseMonitor-c10a1ce7-f634-4401-b221-0e35fc9f4831: Started
2022-03-14 02:40:32,024 [Listener at 0.0.0.0/33273] WARN  impl.MetricsConfig (MetricsConfig.java:loadFirst(136)) - Cannot locate configuration: tried hadoop-metrics2-storagecontainermanager.properties,hadoop-metrics2.properties
2022-03-14 02:40:32,025 [Datanode State Machine Daemon Thread] ERROR datanode.RunningDatanodeState (RunningDatanodeState.java:computeNextContainerState(201)) - Error in executing end point task.
java.util.concurrent.ExecutionException: java.util.concurrent.TimeoutException
	at java.util.concurrent.FutureTask.report(FutureTask.java:122)
	at java.util.concurrent.FutureTask.get(FutureTask.java:192)
	at org.apache.hadoop.ozone.container.common.states.datanode.RunningDatanodeState.computeNextContainerState(RunningDatanodeState.java:193)
	at org.apache.hadoop.ozone.container.common.states.datanode.RunningDatanodeState.await(RunningDatanodeState.java:233)
	at org.apache.hadoop.ozone.container.common.states.datanode.RunningDatanodeState.await(RunningDatanodeState.java:50)
	at org.apache.hadoop.ozone.container.common.statemachine.StateContext.execute(StateContext.java:658)
	at org.apache.hadoop.ozone.container.common.statemachine.DatanodeStateMachine.startStateMachineThread(DatanodeStateMachine.java:283)
	at org.apache.hadoop.ozone.container.common.statemachine.DatanodeStateMachine.lambda$startDaemon$0(DatanodeStateMachine.java:471)
	at java.lang.Thread.run(Thread.java:750)
Caused by: java.util.concurrent.TimeoutException
	at java.util.concurrent.FutureTask.get(FutureTask.java:205)
	at org.apache.hadoop.ozone.container.common.states.datanode.RunningDatanodeState.lambda$execute$0(RunningDatanodeState.java:151)
	at java.util.concurrent.FutureTask.run(FutureTask.java:266)
	at java.util.concurrent.Executors$RunnableAdapter.call(Executors.java:511)
	at java.util.concurrent.FutureTask.run(FutureTask.java:266)
	at java.util.concurrent.ThreadPoolExecutor.runWorker(ThreadPoolExecutor.java:1149)
	at java.util.concurrent.ThreadPoolExecutor$Worker.run(ThreadPoolExecutor.java:624)
	... 1 more
2022-03-14 02:40:32,042 [Listener at 0.0.0.0/33273] INFO  impl.MetricsSystemImpl (MetricsSystemImpl.java:startTimer(378)) - Scheduled Metric snapshot period at 10 second(s).
2022-03-14 02:40:32,046 [Listener at 0.0.0.0/33273] INFO  impl.MetricsSystemImpl (MetricsSystemImpl.java:start(191)) - StorageContainerManager metrics system started
2022-03-14 02:40:32,073 [Listener at 0.0.0.0/33273] INFO  impl.MetricsSinkAdapter (MetricsSinkAdapter.java:start(204)) - Sink prometheus started
2022-03-14 02:40:32,074 [Listener at 0.0.0.0/33273] INFO  impl.MetricsSystemImpl (MetricsSystemImpl.java:registerSink(305)) - Registered sink prometheus
2022-03-14 02:40:32,110 [Listener at 0.0.0.0/33273] INFO  server.SCMClientProtocolServer (SCMClientProtocolServer.java:start(165)) - RPC server for Client  is listening at /0.0.0.0:33273
2022-03-14 02:40:32,115 [IPC Server Responder] INFO  ipc.Server (Server.java:run(1507)) - IPC Server Responder: starting
2022-03-14 02:40:32,154 [Listener at 0.0.0.0/33273] INFO  server.StorageContainerManager (StorageContainerManager.java:start(1342)) - ScmBlockLocationProtocol RPC server is listening at /0.0.0.0:38779
2022-03-14 02:40:32,154 [Listener at 0.0.0.0/33273] INFO  server.SCMBlockProtocolServer (SCMBlockProtocolServer.java:start(151)) - RPC server for Block Protocol is listening at /0.0.0.0:38779
2022-03-14 02:40:32,160 [IPC Server Responder] INFO  ipc.Server (Server.java:run(1507)) - IPC Server Responder: starting
2022-03-14 02:40:32,167 [IPC Server listener on 38779] INFO  ipc.Server (Server.java:run(1344)) - IPC Server listener on 38779: starting
2022-03-14 02:40:32,227 [IPC Server listener on 33273] INFO  ipc.Server (Server.java:run(1344)) - IPC Server listener on 33273: starting
2022-03-14 02:40:32,228 [Listener at 0.0.0.0/33273] INFO  http.BaseHttpServer (BaseHttpServer.java:newHttpServer2BuilderForOzone(209)) - Starting Web-server for scm at: http://0.0.0.0:34961
2022-03-14 02:40:32,251 [Listener at 0.0.0.0/33273] INFO  http.BaseHttpServer (BaseHttpServer.java:<init>(107)) - Hadoop Security Enabled: false Ozone Security Enabled: false Ozone HTTP Security Enabled: false 
2022-03-14 02:40:32,251 [org.apache.hadoop.util.JvmPauseMonitor$Monitor@6658c12d] INFO  util.JvmPauseMonitor (JvmPauseMonitor.java:run(188)) - Starting JVM pause monitor
2022-03-14 02:40:32,252 [Listener at 0.0.0.0/33273] INFO  server.AuthenticationFilter (AuthenticationFilter.java:constructSecretProvider(240)) - Unable to initialize FileSignerSecretProvider, falling back to use random secrets.
2022-03-14 02:40:32,254 [Listener at 0.0.0.0/33273] WARN  http.HttpRequestLog (HttpRequestLog.java:getRequestLog(103)) - Jetty request log can only be enabled using Log4j
2022-03-14 02:40:32,258 [Listener at 0.0.0.0/33273] INFO  http.HttpServer2 (HttpServer2.java:addGlobalFilter(1030)) - Added global filter 'safety' (class=org.apache.hadoop.hdds.server.http.HttpServer2$QuotingInputFilter)
2022-03-14 02:40:32,261 [Listener at 0.0.0.0/33273] INFO  http.HttpServer2 (HttpServer2.java:addFilter(1006)) - Added filter static_user_filter (class=org.apache.hadoop.http.lib.StaticUserWebFilter$StaticUserFilter) to context scm
2022-03-14 02:40:32,261 [Listener at 0.0.0.0/33273] INFO  http.HttpServer2 (HttpServer2.java:addFilter(1014)) - Added filter static_user_filter (class=org.apache.hadoop.http.lib.StaticUserWebFilter$StaticUserFilter) to context logs
2022-03-14 02:40:32,261 [Listener at 0.0.0.0/33273] INFO  http.HttpServer2 (HttpServer2.java:addFilter(1014)) - Added filter static_user_filter (class=org.apache.hadoop.http.lib.StaticUserWebFilter$StaticUserFilter) to context static
2022-03-14 02:40:32,262 [Listener at 0.0.0.0/33273] INFO  http.HttpServer2 (HttpServer2.java:bindListener(1249)) - Jetty bound to port 34961
2022-03-14 02:40:32,262 [Listener at 0.0.0.0/33273] INFO  server.Server (Server.java:doStart(375)) - jetty-9.4.43.v20210629; built: 2021-06-30T11:07:22.254Z; git: 526006ecfa3af7f1a27ef3a288e2bef7ea9dd7e8; jvm 1.8.0_322-b06
2022-03-14 02:40:32,265 [Listener at 0.0.0.0/33273] INFO  server.session (DefaultSessionIdManager.java:doStart(334)) - DefaultSessionIdManager workerName=node0
2022-03-14 02:40:32,265 [Listener at 0.0.0.0/33273] INFO  server.session (DefaultSessionIdManager.java:doStart(339)) - No SessionScavenger set, using defaults
2022-03-14 02:40:32,265 [Listener at 0.0.0.0/33273] INFO  server.session (HouseKeeper.java:startScavenging(132)) - node0 Scavenging every 600000ms
2022-03-14 02:40:32,285 [Listener at 0.0.0.0/33273] INFO  handler.ContextHandler (ContextHandler.java:doStart(915)) - Started o.e.j.s.ServletContextHandler@79b31988{logs,/logs,file:///home/runner/work/ozone/ozone/hadoop-ozone/integration-test/target/log,AVAILABLE}
2022-03-14 02:40:32,286 [Listener at 0.0.0.0/33273] INFO  handler.ContextHandler (ContextHandler.java:doStart(915)) - Started o.e.j.s.ServletContextHandler@10996f57{static,/static,file:///home/runner/work/ozone/ozone/hadoop-ozone/integration-test/target/test-classes/webapps/static,AVAILABLE}
2022-03-14 02:40:32,293 [Listener at 0.0.0.0/33273] INFO  handler.ContextHandler (ContextHandler.java:doStart(915)) - Started o.e.j.w.WebAppContext@73aa676b{scm,/,file:///home/runner/work/ozone/ozone/hadoop-ozone/integration-test/target/test-classes/webapps/scm/,AVAILABLE}{file:/home/runner/work/ozone/ozone/hadoop-ozone/integration-test/target/test-classes/webapps/scm}
2022-03-14 02:40:32,305 [Listener at 0.0.0.0/33273] INFO  server.AbstractConnector (AbstractConnector.java:doStart(331)) - Started ServerConnector@1f28e05e{HTTP/1.1, (http/1.1)}{0.0.0.0:34961}
2022-03-14 02:40:32,306 [Listener at 0.0.0.0/33273] INFO  server.Server (Server.java:doStart(415)) - Started @180076ms
2022-03-14 02:40:32,306 [Listener at 0.0.0.0/33273] WARN  impl.MetricsSystemImpl (MetricsSystemImpl.java:register(279)) - Sink prometheus already exists!
2022-03-14 02:40:32,307 [Listener at 0.0.0.0/33273] INFO  http.BaseHttpServer (BaseHttpServer.java:updateConnectorAddress(329)) - HTTP server of scm listening at http://0.0.0.0:34961
2022-03-14 02:40:32,403 [grpc-default-executor-4] WARN  server.GrpcLogAppender (LogUtils.java:warn(122)) - c593f1a5-11c2-4273-9636-a8fe79185bdd@group-34CA344D8402->ebc46dcb-de55-4ee6-9f88-6ea23d1a12c2-AppendLogResponseHandler: Failed appendEntries: org.apache.ratis.thirdparty.io.grpc.StatusRuntimeException: UNAVAILABLE: io exception
2022-03-14 02:40:32,404 [grpc-default-executor-4] WARN  server.GrpcLogAppender (GrpcLogAppender.java:resetClient(110)) - c593f1a5-11c2-4273-9636-a8fe79185bdd@group-34CA344D8402->ebc46dcb-de55-4ee6-9f88-6ea23d1a12c2-GrpcLogAppender: Leader has not got in touch with Follower c593f1a5-11c2-4273-9636-a8fe79185bdd@group-34CA344D8402->ebc46dcb-de55-4ee6-9f88-6ea23d1a12c2(c0,m0,n1, attendVote=true, lastRpcSendTime=0, lastRpcResponseTime=27533) yet, just keep nextIndex unchanged and retry.
2022-03-14 02:40:33,713 [Datanode State Machine Daemon Thread] ERROR datanode.RunningDatanodeState (RunningDatanodeState.java:computeNextContainerState(201)) - Error in executing end point task.
java.util.concurrent.ExecutionException: java.util.concurrent.TimeoutException
	at java.util.concurrent.FutureTask.report(FutureTask.java:122)
	at java.util.concurrent.FutureTask.get(FutureTask.java:192)
	at org.apache.hadoop.ozone.container.common.states.datanode.RunningDatanodeState.computeNextContainerState(RunningDatanodeState.java:193)
	at org.apache.hadoop.ozone.container.common.states.datanode.RunningDatanodeState.await(RunningDatanodeState.java:233)
	at org.apache.hadoop.ozone.container.common.states.datanode.RunningDatanodeState.await(RunningDatanodeState.java:50)
	at org.apache.hadoop.ozone.container.common.statemachine.StateContext.execute(StateContext.java:658)
	at org.apache.hadoop.ozone.container.common.statemachine.DatanodeStateMachine.startStateMachineThread(DatanodeStateMachine.java:283)
	at org.apache.hadoop.ozone.container.common.statemachine.DatanodeStateMachine.lambda$startDaemon$0(DatanodeStateMachine.java:471)
	at java.lang.Thread.run(Thread.java:750)
Caused by: java.util.concurrent.TimeoutException
	at java.util.concurrent.FutureTask.get(FutureTask.java:205)
	at org.apache.hadoop.ozone.container.common.states.datanode.RunningDatanodeState.lambda$execute$0(RunningDatanodeState.java:151)
	at java.util.concurrent.FutureTask.run(FutureTask.java:266)
	at java.util.concurrent.Executors$RunnableAdapter.call(Executors.java:511)
	at java.util.concurrent.FutureTask.run(FutureTask.java:266)
	at java.util.concurrent.ThreadPoolExecutor.runWorker(ThreadPoolExecutor.java:1149)
	at java.util.concurrent.ThreadPoolExecutor$Worker.run(ThreadPoolExecutor.java:624)
	... 1 more
2022-03-14 02:40:34,721 [Datanode State Machine Daemon Thread] ERROR datanode.RunningDatanodeState (RunningDatanodeState.java:computeNextContainerState(201)) - Error in executing end point task.
java.util.concurrent.ExecutionException: java.util.concurrent.TimeoutException
	at java.util.concurrent.FutureTask.report(FutureTask.java:122)
	at java.util.concurrent.FutureTask.get(FutureTask.java:192)
	at org.apache.hadoop.ozone.container.common.states.datanode.RunningDatanodeState.computeNextContainerState(RunningDatanodeState.java:193)
	at org.apache.hadoop.ozone.container.common.states.datanode.RunningDatanodeState.await(RunningDatanodeState.java:233)
	at org.apache.hadoop.ozone.container.common.states.datanode.RunningDatanodeState.await(RunningDatanodeState.java:50)
	at org.apache.hadoop.ozone.container.common.statemachine.StateContext.execute(StateContext.java:658)
	at org.apache.hadoop.ozone.container.common.statemachine.DatanodeStateMachine.startStateMachineThread(DatanodeStateMachine.java:283)
	at org.apache.hadoop.ozone.container.common.statemachine.DatanodeStateMachine.lambda$startDaemon$0(DatanodeStateMachine.java:471)
	at java.lang.Thread.run(Thread.java:750)
Caused by: java.util.concurrent.TimeoutException
	at java.util.concurrent.FutureTask.get(FutureTask.java:205)
	at org.apache.hadoop.ozone.container.common.states.datanode.RunningDatanodeState.lambda$execute$0(RunningDatanodeState.java:151)
	at java.util.concurrent.FutureTask.run(FutureTask.java:266)
	at java.util.concurrent.Executors$RunnableAdapter.call(Executors.java:511)
	at java.util.concurrent.FutureTask.run(FutureTask.java:266)
	at java.util.concurrent.ThreadPoolExecutor.runWorker(ThreadPoolExecutor.java:1149)
	at java.util.concurrent.ThreadPoolExecutor$Worker.run(ThreadPoolExecutor.java:624)
	... 1 more
2022-03-14 02:40:34,908 [grpc-default-executor-4] WARN  server.GrpcLogAppender (LogUtils.java:warn(122)) - c593f1a5-11c2-4273-9636-a8fe79185bdd@group-34CA344D8402->ebc46dcb-de55-4ee6-9f88-6ea23d1a12c2-AppendLogResponseHandler: Failed appendEntries: org.apache.ratis.thirdparty.io.grpc.StatusRuntimeException: UNAVAILABLE: io exception
2022-03-14 02:40:34,910 [grpc-default-executor-4] WARN  server.GrpcLogAppender (GrpcLogAppender.java:resetClient(110)) - c593f1a5-11c2-4273-9636-a8fe79185bdd@group-34CA344D8402->ebc46dcb-de55-4ee6-9f88-6ea23d1a12c2-GrpcLogAppender: Leader has not got in touch with Follower c593f1a5-11c2-4273-9636-a8fe79185bdd@group-34CA344D8402->ebc46dcb-de55-4ee6-9f88-6ea23d1a12c2(c0,m0,n1, attendVote=true, lastRpcSendTime=1, lastRpcResponseTime=30039) yet, just keep nextIndex unchanged and retry.
2022-03-14 02:40:36,724 [Time-limited test] INFO  ozone.MiniOzoneClusterImpl (MiniOzoneClusterImpl.java:shutdown(449)) - Shutting down the Mini Ozone Cluster
2022-03-14 02:40:36,734 [Time-limited test] INFO  ozone.MiniOzoneClusterImpl (MiniOzoneClusterImpl.java:stop(464)) - Stopping the Mini Ozone Cluster
2022-03-14 02:40:36,734 [Time-limited test] INFO  ozone.MiniOzoneClusterImpl (MiniOzoneClusterImpl.java:stopOM(546)) - Stopping the OzoneManager
2022-03-14 02:40:36,734 [Time-limited test] INFO  om.OzoneManager (OzoneManager.java:stop(1893)) - om1[localhost:0]: Stopping Ozone Manager
2022-03-14 02:40:36,734 [Time-limited test] INFO  ipc.Server (Server.java:stop(3414)) - Stopping server on 43591
2022-03-14 02:40:36,738 [IPC Server Responder] INFO  ipc.Server (Server.java:run(1512)) - Stopping IPC Server Responder
2022-03-14 02:40:36,742 [Time-limited test] INFO  server.RaftServer (RaftServerProxy.java:lambda$close$6(391)) - om1: close
2022-03-14 02:40:36,743 [Time-limited test] INFO  server.RaftServer$Division (RaftServerImpl.java:lambda$close$4(412)) - om1@group-C5BA1605619E: shutdown
2022-03-14 02:40:36,743 [Time-limited test] INFO  util.JmxRegister (JmxRegister.java:unregister(73)) - Successfully un-registered JMX Bean with object name Ratis:service=RaftServer,group=group-C5BA1605619E,id=om1
2022-03-14 02:40:36,743 [Time-limited test] INFO  impl.RoleInfo (RoleInfo.java:shutdownLeaderState(91)) - om1: shutdown om1@group-C5BA1605619E-LeaderStateImpl
2022-03-14 02:40:36,743 [Time-limited test] INFO  impl.PendingRequests (PendingRequests.java:sendNotLeaderResponses(282)) - om1@group-C5BA1605619E-PendingRequests: sendNotLeaderResponses
2022-03-14 02:40:36,744 [om1@group-C5BA1605619E-StateMachineUpdater] INFO  ratis.OzoneManagerStateMachine (OzoneManagerStateMachine.java:takeSnapshot(417)) - Current Snapshot Index (t:1, i:0)
2022-03-14 02:40:36,744 [om1@group-C5BA1605619E-StateMachineUpdater] INFO  impl.StateMachineUpdater (StateMachineUpdater.java:takeSnapshot(281)) - om1@group-C5BA1605619E-StateMachineUpdater: Took a snapshot at index 0
2022-03-14 02:40:36,744 [om1@group-C5BA1605619E-StateMachineUpdater] INFO  impl.StateMachineUpdater (StateMachineUpdater.java:lambda$new$0(89)) - om1@group-C5BA1605619E-StateMachineUpdater: snapshotIndex: updateIncreasingly -1 -> 0
2022-03-14 02:40:36,744 [om1@group-C5BA1605619E-StateMachineUpdater] INFO  ratis.OzoneManagerStateMachine (OzoneManagerStateMachine.java:close(471)) - StateMachine has shutdown. Shutdown OzoneManager if not already shutdown.
2022-03-14 02:40:36,745 [Time-limited test] INFO  impl.StateMachineUpdater (StateMachineUpdater.java:stopAndJoin(149)) - om1@group-C5BA1605619E-StateMachineUpdater: set stopIndex = 0
2022-03-14 02:40:36,745 [Time-limited test] INFO  server.RaftServer$Division (ServerState.java:close(419)) - om1@group-C5BA1605619E: closes. applyIndex: 0
2022-03-14 02:40:36,745 [om1@group-C5BA1605619E-SegmentedRaftLogWorker] INFO  segmented.SegmentedRaftLogWorker (SegmentedRaftLogWorker.java:run(327)) - om1@group-C5BA1605619E-SegmentedRaftLogWorker was interrupted, exiting. There are 0 tasks remaining in the queue.
2022-03-14 02:40:36,749 [IPC Server listener on 0] INFO  ipc.Server (Server.java:run(1376)) - Stopping IPC Server listener on 0
2022-03-14 02:40:36,753 [Time-limited test] INFO  segmented.SegmentedRaftLogWorker (SegmentedRaftLogWorker.java:close(237)) - om1@group-C5BA1605619E-SegmentedRaftLogWorker close()
2022-03-14 02:40:36,757 [Time-limited test] INFO  server.GrpcService (GrpcService.java:closeImpl(262)) - om1: shutdown server with port 9872 now
2022-03-14 02:40:36,758 [Time-limited test] INFO  server.GrpcService (GrpcService.java:closeImpl(271)) - om1: shutdown server with port 9872 successfully
2022-03-14 02:40:36,758 [org.apache.ratis.util.JvmPauseMonitor$$Lambda$431/1941186180@3f96eeaa] INFO  util.JvmPauseMonitor (JvmPauseMonitor.java:run(109)) - JvmPauseMonitor-om1: Stopped
2022-03-14 02:40:36,758 [Time-limited test] INFO  ratis.OzoneManagerDoubleBuffer (OzoneManagerDoubleBuffer.java:stop(437)) - Stopping OMDoubleBuffer flush thread
2022-03-14 02:40:36,758 [OMDoubleBufferFlushThread] INFO  ratis.OzoneManagerDoubleBuffer (OzoneManagerDoubleBuffer.java:flushTransactions(356)) - OMDoubleBuffer flush thread OMDoubleBufferFlushThread is interrupted and will exit. OMDoubleBufferFlushThread
2022-03-14 02:40:36,759 [Time-limited test] INFO  utils.BackgroundService (BackgroundService.java:shutdown(132)) - Shutting down service KeyDeletingService
2022-03-14 02:40:36,759 [Time-limited test] INFO  utils.BackgroundService (BackgroundService.java:shutdown(132)) - Shutting down service DirectoryDeletingService
2022-03-14 02:40:36,761 [Time-limited test] INFO  handler.ContextHandler (ContextHandler.java:doStop(1153)) - Stopped o.e.j.w.WebAppContext@ace3245{ozoneManager,/,null,STOPPED}{file:/home/runner/work/ozone/ozone/hadoop-ozone/integration-test/target/test-classes/webapps/ozoneManager}
2022-03-14 02:40:36,765 [Time-limited test] INFO  server.AbstractConnector (AbstractConnector.java:doStop(381)) - Stopped ServerConnector@7764f854{HTTP/1.1, (http/1.1)}{0.0.0.0:0}
2022-03-14 02:40:36,765 [Time-limited test] INFO  server.session (HouseKeeper.java:stopScavenging(149)) - node0 Stopped scavenging
2022-03-14 02:40:36,773 [Time-limited test] INFO  handler.ContextHandler (ContextHandler.java:doStop(1153)) - Stopped o.e.j.s.ServletContextHandler@629c60bf{static,/static,file:///home/runner/work/ozone/ozone/hadoop-ozone/integration-test/target/test-classes/webapps/static,STOPPED}
2022-03-14 02:40:36,781 [Time-limited test] INFO  handler.ContextHandler (ContextHandler.java:doStop(1153)) - Stopped o.e.j.s.ServletContextHandler@59ca2485{logs,/logs,file:///home/runner/work/ozone/ozone/hadoop-ozone/integration-test/target/log,STOPPED}
2022-03-14 02:40:36,802 [Time-limited test] INFO  ozone.MiniOzoneClusterImpl (MiniOzoneClusterImpl.java:stopDatanodes(523)) - Stopping the HddsDatanodes
2022-03-14 02:40:37,035 [EndpointStateMachine task thread for /0.0.0.0:42035 - 0 ] WARN  statemachine.EndpointStateMachine (EndpointStateMachine.java:logIfNeeded(236)) - Unable to communicate to SCM server at 0.0.0.0:42035 for past 0 seconds.
java.net.SocketTimeoutException: Call From fv-az501-120/10.1.0.7 to 0.0.0.0:42035 failed on socket timeout exception: java.net.SocketTimeoutException: 5000 millis timeout while waiting for channel to be ready for read. ch : java.nio.channels.SocketChannel[connected local=/10.1.0.7:50680 remote=0.0.0.0/0.0.0.0:42035]; For more details see:  http://wiki.apache.org/hadoop/SocketTimeout
	at sun.reflect.NativeConstructorAccessorImpl.newInstance0(Native Method)
	at sun.reflect.NativeConstructorAccessorImpl.newInstance(NativeConstructorAccessorImpl.java:62)
	at sun.reflect.DelegatingConstructorAccessorImpl.newInstance(DelegatingConstructorAccessorImpl.java:45)
	at java.lang.reflect.Constructor.newInstance(Constructor.java:423)
	at org.apache.hadoop.net.NetUtils.wrapWithMessage(NetUtils.java:913)
	at org.apache.hadoop.net.NetUtils.wrapException(NetUtils.java:848)
	at org.apache.hadoop.ipc.Client.getRpcResponse(Client.java:1577)
	at org.apache.hadoop.ipc.Client.call(Client.java:1519)
	at org.apache.hadoop.ipc.Client.call(Client.java:1416)
	at org.apache.hadoop.ipc.ProtobufRpcEngine$Invoker.invoke(ProtobufRpcEngine.java:236)
	at org.apache.hadoop.ipc.ProtobufRpcEngine$Invoker.invoke(ProtobufRpcEngine.java:123)
	at com.sun.proxy.$Proxy49.submitRequest(Unknown Source)
	at org.apache.hadoop.ozone.protocolPB.StorageContainerDatanodeProtocolClientSideTranslatorPB.submitRequest(StorageContainerDatanodeProtocolClientSideTranslatorPB.java:117)
	at org.apache.hadoop.ozone.protocolPB.StorageContainerDatanodeProtocolClientSideTranslatorPB.getVersion(StorageContainerDatanodeProtocolClientSideTranslatorPB.java:133)
	at org.apache.hadoop.ozone.container.common.states.endpoint.VersionEndpointTask.call(VersionEndpointTask.java:71)
	at org.apache.hadoop.ozone.container.common.states.endpoint.VersionEndpointTask.call(VersionEndpointTask.java:42)
	at java.util.concurrent.FutureTask.run(FutureTask.java:266)
	at java.util.concurrent.ThreadPoolExecutor.runWorker(ThreadPoolExecutor.java:1149)
	at java.util.concurrent.ThreadPoolExecutor$Worker.run(ThreadPoolExecutor.java:624)
	at java.lang.Thread.run(Thread.java:750)
Caused by: java.net.SocketTimeoutException: 5000 millis timeout while waiting for channel to be ready for read. ch : java.nio.channels.SocketChannel[connected local=/10.1.0.7:50680 remote=0.0.0.0/0.0.0.0:42035]
	at org.apache.hadoop.net.SocketIOWithTimeout.doIO(SocketIOWithTimeout.java:164)
	at org.apache.hadoop.net.SocketInputStream.read(SocketInputStream.java:161)
	at org.apache.hadoop.net.SocketInputStream.read(SocketInputStream.java:131)
	at java.io.FilterInputStream.read(FilterInputStream.java:133)
	at java.io.BufferedInputStream.fill(BufferedInputStream.java:246)
	at java.io.BufferedInputStream.read(BufferedInputStream.java:265)
	at java.io.FilterInputStream.read(FilterInputStream.java:83)
	at java.io.FilterInputStream.read(FilterInputStream.java:83)
	at org.apache.hadoop.ipc.Client$Connection$PingInputStream.read(Client.java:563)
	at java.io.DataInputStream.readInt(DataInputStream.java:387)
	at org.apache.hadoop.ipc.Client$IpcStreams.readResponse(Client.java:1892)
	at org.apache.hadoop.ipc.Client$Connection.receiveRpcResponse(Client.java:1202)
	at org.apache.hadoop.ipc.Client$Connection.run(Client.java:1098)
2022-03-14 02:40:37,061 [Datanode State Machine Daemon Thread] ERROR datanode.RunningDatanodeState (RunningDatanodeState.java:computeNextContainerState(201)) - Error in executing end point task.
java.util.concurrent.ExecutionException: java.util.concurrent.TimeoutException
	at java.util.concurrent.FutureTask.report(FutureTask.java:122)
	at java.util.concurrent.FutureTask.get(FutureTask.java:192)
	at org.apache.hadoop.ozone.container.common.states.datanode.RunningDatanodeState.computeNextContainerState(RunningDatanodeState.java:193)
	at org.apache.hadoop.ozone.container.common.states.datanode.RunningDatanodeState.await(RunningDatanodeState.java:233)
	at org.apache.hadoop.ozone.container.common.states.datanode.RunningDatanodeState.await(RunningDatanodeState.java:50)
	at org.apache.hadoop.ozone.container.common.statemachine.StateContext.execute(StateContext.java:658)
	at org.apache.hadoop.ozone.container.common.statemachine.DatanodeStateMachine.startStateMachineThread(DatanodeStateMachine.java:283)
	at org.apache.hadoop.ozone.container.common.statemachine.DatanodeStateMachine.lambda$startDaemon$0(DatanodeStateMachine.java:471)
	at java.lang.Thread.run(Thread.java:750)
Caused by: java.util.concurrent.TimeoutException
	at java.util.concurrent.FutureTask.get(FutureTask.java:205)
	at org.apache.hadoop.ozone.container.common.states.datanode.RunningDatanodeState.lambda$execute$0(RunningDatanodeState.java:151)
	at java.util.concurrent.FutureTask.run(FutureTask.java:266)
	at java.util.concurrent.Executors$RunnableAdapter.call(Executors.java:511)
	at java.util.concurrent.FutureTask.run(FutureTask.java:266)
	at java.util.concurrent.ThreadPoolExecutor.runWorker(ThreadPoolExecutor.java:1149)
	at java.util.concurrent.ThreadPoolExecutor$Worker.run(ThreadPoolExecutor.java:624)
	... 1 more
2022-03-14 02:40:37,070 [Datanode State Machine Daemon Thread] WARN  statemachine.StateContext (StateContext.java:setState(250)) - Ignore disallowed transition from SHUTDOWN to RUNNING
2022-03-14 02:40:37,137 [c10a1ce7-f634-4401-b221-0e35fc9f4831@group-35E71D15AA3E-FollowerState] INFO  impl.FollowerState (FollowerState.java:run(134)) - c10a1ce7-f634-4401-b221-0e35fc9f4831@group-35E71D15AA3E-FollowerState: change to CANDIDATE, lastRpcElapsedTime:5153868796ns, electionTimeout:5143ms
2022-03-14 02:40:37,138 [c10a1ce7-f634-4401-b221-0e35fc9f4831@group-35E71D15AA3E-FollowerState] INFO  impl.RoleInfo (RoleInfo.java:shutdownFollowerState(108)) - c10a1ce7-f634-4401-b221-0e35fc9f4831: shutdown c10a1ce7-f634-4401-b221-0e35fc9f4831@group-35E71D15AA3E-FollowerState
2022-03-14 02:40:37,138 [c10a1ce7-f634-4401-b221-0e35fc9f4831@group-35E71D15AA3E-FollowerState] INFO  server.RaftServer$Division (RaftServerImpl.java:setRole(290)) - c10a1ce7-f634-4401-b221-0e35fc9f4831@group-35E71D15AA3E: changes role from  FOLLOWER to CANDIDATE at term 2 for changeToCandidate
2022-03-14 02:40:37,138 [c10a1ce7-f634-4401-b221-0e35fc9f4831@group-35E71D15AA3E-FollowerState] INFO  server.RaftServerConfigKeys (ConfUtils.java:logGet(44)) - raft.server.leaderelection.pre-vote = false (custom)
2022-03-14 02:40:37,138 [c10a1ce7-f634-4401-b221-0e35fc9f4831@group-35E71D15AA3E-FollowerState] INFO  impl.RoleInfo (RoleInfo.java:updateAndGet(130)) - c10a1ce7-f634-4401-b221-0e35fc9f4831: start c10a1ce7-f634-4401-b221-0e35fc9f4831@group-35E71D15AA3E-LeaderElection33
2022-03-14 02:40:37,160 [c10a1ce7-f634-4401-b221-0e35fc9f4831@group-35E71D15AA3E-LeaderElection33] INFO  impl.LeaderElection (LeaderElection.java:askForVotes(306)) - c10a1ce7-f634-4401-b221-0e35fc9f4831@group-35E71D15AA3E-LeaderElection33 ELECTION round 0: submit vote requests at term 3 for 1: [c10a1ce7-f634-4401-b221-0e35fc9f4831|rpc:fv-az501-120:9894|admin:|client:|dataStream:|priority:0], old=null
2022-03-14 02:40:37,160 [c10a1ce7-f634-4401-b221-0e35fc9f4831@group-35E71D15AA3E-LeaderElection33] INFO  impl.LeaderElection (LeaderElection.java:askForVotes(308)) - c10a1ce7-f634-4401-b221-0e35fc9f4831@group-35E71D15AA3E-LeaderElection33 ELECTION round 0: result PASSED (term=3)
2022-03-14 02:40:37,160 [c10a1ce7-f634-4401-b221-0e35fc9f4831@group-35E71D15AA3E-LeaderElection33] INFO  impl.RoleInfo (RoleInfo.java:shutdownLeaderElection(121)) - c10a1ce7-f634-4401-b221-0e35fc9f4831: shutdown c10a1ce7-f634-4401-b221-0e35fc9f4831@group-35E71D15AA3E-LeaderElection33
2022-03-14 02:40:37,160 [c10a1ce7-f634-4401-b221-0e35fc9f4831@group-35E71D15AA3E-LeaderElection33] INFO  server.RaftServer$Division (RaftServerImpl.java:setRole(290)) - c10a1ce7-f634-4401-b221-0e35fc9f4831@group-35E71D15AA3E: changes role from CANDIDATE to LEADER at term 3 for changeToLeader
2022-03-14 02:40:37,160 [c10a1ce7-f634-4401-b221-0e35fc9f4831@group-35E71D15AA3E-LeaderElection33] INFO  ha.SCMStateMachine (SCMStateMachine.java:notifyLeaderChanged(259)) - current SCM becomes leader of term 3.
2022-03-14 02:40:37,160 [c10a1ce7-f634-4401-b221-0e35fc9f4831@group-35E71D15AA3E-LeaderElection33] INFO  ha.SCMContext (SCMContext.java:updateLeaderAndTerm(90)) - update <isLeader,term> from <false,0> to <true,3>
2022-03-14 02:40:37,160 [c10a1ce7-f634-4401-b221-0e35fc9f4831@group-35E71D15AA3E-LeaderElection33] INFO  server.RaftServer$Division (ServerState.java:setLeader(285)) - c10a1ce7-f634-4401-b221-0e35fc9f4831@group-35E71D15AA3E: change Leader from null to c10a1ce7-f634-4401-b221-0e35fc9f4831 at term 3 for becomeLeader, leader elected after 5415ms
2022-03-14 02:40:37,160 [c10a1ce7-f634-4401-b221-0e35fc9f4831@group-35E71D15AA3E-LeaderElection33] INFO  server.RaftServerConfigKeys (ConfUtils.java:logGet(44)) - raft.server.staging.catchup.gap = 1000 (default)
2022-03-14 02:40:37,160 [c10a1ce7-f634-4401-b221-0e35fc9f4831@group-35E71D15AA3E-LeaderElection33] INFO  server.RaftServerConfigKeys (ConfUtils.java:logGet(44)) - raft.server.write.element-limit = 4096 (default)
2022-03-14 02:40:37,161 [c10a1ce7-f634-4401-b221-0e35fc9f4831@group-35E71D15AA3E-LeaderElection33] INFO  server.RaftServerConfigKeys (ConfUtils.java:logGet(44)) - raft.server.write.byte-limit = 64MB (=67108864) (default)
2022-03-14 02:40:37,161 [c10a1ce7-f634-4401-b221-0e35fc9f4831@group-35E71D15AA3E-LeaderElection33] INFO  server.RaftServerConfigKeys (ConfUtils.java:logGet(44)) - raft.server.watch.timeout = 10s (default)
2022-03-14 02:40:37,161 [c10a1ce7-f634-4401-b221-0e35fc9f4831@group-35E71D15AA3E-LeaderElection33] INFO  server.RaftServerConfigKeys (ConfUtils.java:logGet(44)) - raft.server.watch.timeout.denomination = 1s (default)
2022-03-14 02:40:37,161 [c10a1ce7-f634-4401-b221-0e35fc9f4831@group-35E71D15AA3E-LeaderElection33] INFO  server.RaftServerConfigKeys (ConfUtils.java:logGet(44)) - raft.server.watch.element-limit = 65536 (default)
2022-03-14 02:40:37,161 [c10a1ce7-f634-4401-b221-0e35fc9f4831@group-35E71D15AA3E-LeaderElection33] INFO  server.RaftServerConfigKeys (ConfUtils.java:logGet(44)) - raft.server.write.element-limit = 4096 (default)
2022-03-14 02:40:37,161 [c10a1ce7-f634-4401-b221-0e35fc9f4831@group-35E71D15AA3E-LeaderElection33] INFO  server.RaftServerConfigKeys (ConfUtils.java:logGet(44)) - raft.server.write.follower.gap.ratio.max = -1.0 (default)
2022-03-14 02:40:37,161 [c10a1ce7-f634-4401-b221-0e35fc9f4831@group-35E71D15AA3E-LeaderElection33] INFO  impl.RoleInfo (RoleInfo.java:updateAndGet(130)) - c10a1ce7-f634-4401-b221-0e35fc9f4831: start c10a1ce7-f634-4401-b221-0e35fc9f4831@group-35E71D15AA3E-LeaderStateImpl
2022-03-14 02:40:37,162 [c10a1ce7-f634-4401-b221-0e35fc9f4831@group-35E71D15AA3E-LeaderElection33] INFO  segmented.SegmentedRaftLogWorker (SegmentedRaftLogWorker.java:rollLogSegment(399)) - c10a1ce7-f634-4401-b221-0e35fc9f4831@group-35E71D15AA3E-SegmentedRaftLogWorker: Rolling segment log-1_18 to index:18
2022-03-14 02:40:37,186 [c10a1ce7-f634-4401-b221-0e35fc9f4831@group-35E71D15AA3E-LeaderElection33] INFO  server.RaftServer$Division (ServerState.java:setRaftConf(387)) - c10a1ce7-f634-4401-b221-0e35fc9f4831@group-35E71D15AA3E: set configuration 19: [c10a1ce7-f634-4401-b221-0e35fc9f4831|rpc:fv-az501-120:9894|admin:|client:|dataStream:|priority:0], old=null
2022-03-14 02:40:37,186 [c10a1ce7-f634-4401-b221-0e35fc9f4831@group-35E71D15AA3E-SegmentedRaftLogWorker] INFO  segmented.SegmentedRaftLogWorker (SegmentedRaftLogWorker.java:execute(558)) - c10a1ce7-f634-4401-b221-0e35fc9f4831@group-35E71D15AA3E-SegmentedRaftLogWorker: Rolled log segment from /home/runner/work/ozone/ozone/hadoop-ozone/integration-test/target/test-dir/MiniOzoneClusterImpl-a8714879-5ed3-4fa8-8176-35e71d15aa3e/ozone-meta/scm-ha/a8714879-5ed3-4fa8-8176-35e71d15aa3e/current/log_inprogress_1 to /home/runner/work/ozone/ozone/hadoop-ozone/integration-test/target/test-dir/MiniOzoneClusterImpl-a8714879-5ed3-4fa8-8176-35e71d15aa3e/ozone-meta/scm-ha/a8714879-5ed3-4fa8-8176-35e71d15aa3e/current/log_1-18
2022-03-14 02:40:37,206 [c10a1ce7-f634-4401-b221-0e35fc9f4831@group-35E71D15AA3E-SegmentedRaftLogWorker] INFO  segmented.SegmentedRaftLogWorker (SegmentedRaftLogWorker.java:execute(601)) - c10a1ce7-f634-4401-b221-0e35fc9f4831@group-35E71D15AA3E-SegmentedRaftLogWorker: created new log segment /home/runner/work/ozone/ozone/hadoop-ozone/integration-test/target/test-dir/MiniOzoneClusterImpl-a8714879-5ed3-4fa8-8176-35e71d15aa3e/ozone-meta/scm-ha/a8714879-5ed3-4fa8-8176-35e71d15aa3e/current/log_inprogress_19
2022-03-14 02:40:37,213 [c10a1ce7-f634-4401-b221-0e35fc9f4831@group-35E71D15AA3E-StateMachineUpdater] INFO  ha.SCMContext (SCMContext.java:setLeaderReady(117)) - update <isLeaderReady> from <false> to <true>
2022-03-14 02:40:37,222 [c10a1ce7-f634-4401-b221-0e35fc9f4831@group-35E71D15AA3E-StateMachineUpdater] INFO  pipeline.BackgroundPipelineCreator (BackgroundPipelineCreator.java:notifyStatusChanged(264)) - Service BackgroundPipelineCreator transitions to RUNNING.
2022-03-14 02:40:37,223 [c10a1ce7-f634-4401-b221-0e35fc9f4831@group-35E71D15AA3E-StateMachineUpdater] INFO  safemode.HealthyPipelineSafeModeRule (HealthyPipelineSafeModeRule.java:initializeRule(152)) - Refreshed total pipeline count is 1, healthy pipeline threshold count is 1
2022-03-14 02:40:37,223 [c10a1ce7-f634-4401-b221-0e35fc9f4831@group-35E71D15AA3E-StateMachineUpdater] INFO  safemode.ContainerSafeModeRule (ContainerSafeModeRule.java:reInitializeRule(177)) - Refreshed one replica container threshold 0, currentThreshold 0
2022-03-14 02:40:37,223 [c10a1ce7-f634-4401-b221-0e35fc9f4831@group-35E71D15AA3E-StateMachineUpdater] INFO  safemode.OneReplicaPipelineSafeModeRule (OneReplicaPipelineSafeModeRule.java:initializeRule(176)) - Refreshed Total pipeline count is 1, pipeline's with at least one datanode reported threshold count is 1
2022-03-14 02:40:37,223 [c10a1ce7-f634-4401-b221-0e35fc9f4831@group-35E71D15AA3E-StateMachineUpdater] INFO  server.SCMDatanodeProtocolServer (SCMDatanodeProtocolServer.java:start(183)) - ScmDatanodeProtocol RPC server for DataNodes is listening at /0.0.0.0:42035
2022-03-14 02:40:37,254 [IPC Server listener on 42035] INFO  ipc.Server (Server.java:run(1344)) - IPC Server listener on 42035: starting
2022-03-14 02:40:37,356 [IPC Server Responder] INFO  ipc.Server (Server.java:run(1507)) - IPC Server Responder: starting
2022-03-14 02:40:37,359 [IPC Server handler 0 on default port 42035] INFO  server.SCMDatanodeHeartbeatDispatcher (SCMDatanodeHeartbeatDispatcher.java:dispatch(101)) - SCM received heartbeat from an unregistered datanode 3a253468-8d3c-457d-ae60-4bc5eace9979{ip: 10.1.0.7, host: fv-az501-120.rsswf2em5frezlg3dkjt5mgqaf.dx.internal.cloudapp.net, ports: [REPLICATION=41147, RATIS=37431, RATIS_ADMIN=37431, RATIS_SERVER=37431, STANDALONE=46823], networkLocation: /default-rack, certSerialId: null, persistedOpState: null, persistedOpStateExpiryEpochSec: 0}. Asking datanode to re-register.
2022-03-14 02:40:37,360 [IPC Server handler 0 on default port 42035] INFO  ipc.Server (Server.java:run(1026)) - IPC Server handler 0 on default port 42035: skipped Call#216 Retry#0 org.apache.hadoop.ozone.protocol.StorageContainerDatanodeProtocol.submitRequest from 10.1.0.7:50680
2022-03-14 02:40:37,360 [IPC Server handler 0 on default port 42035] INFO  ipc.Server (Server.java:run(1026)) - IPC Server handler 0 on default port 42035: skipped Call#219 Retry#0 org.apache.hadoop.ozone.protocol.StorageContainerDatanodeProtocol.submitRequest from 10.1.0.7:50680
2022-03-14 02:40:37,360 [IPC Server handler 0 on default port 42035] INFO  server.SCMDatanodeHeartbeatDispatcher (SCMDatanodeHeartbeatDispatcher.java:dispatch(101)) - SCM received heartbeat from an unregistered datanode c593f1a5-11c2-4273-9636-a8fe79185bdd{ip: 10.1.0.7, host: fv-az501-120.rsswf2em5frezlg3dkjt5mgqaf.dx.internal.cloudapp.net, ports: [REPLICATION=38275, RATIS=38051, RATIS_ADMIN=38051, RATIS_SERVER=38051, STANDALONE=46611], networkLocation: /default-rack, certSerialId: null, persistedOpState: null, persistedOpStateExpiryEpochSec: 0}. Asking datanode to re-register.
2022-03-14 02:40:37,361 [EndpointStateMachine task thread for /0.0.0.0:42035 - 0 ] INFO  ozoneimpl.OzoneContainer (OzoneContainer.java:start(335)) - Attempting to start container services.
2022-03-14 02:40:37,361 [IPC Server handler 0 on default port 42035] INFO  ipc.Server (Server.java:run(1026)) - IPC Server handler 0 on default port 42035: skipped Call#217 Retry#0 org.apache.hadoop.ozone.protocol.StorageContainerDatanodeProtocol.submitRequest from 10.1.0.7:50680
2022-03-14 02:40:37,361 [EndpointStateMachine task thread for /0.0.0.0:42035 - 0 ] INFO  ozoneimpl.OzoneContainer (OzoneContainer.java:startContainerScrub(270)) - Background container scanner has been disabled.
2022-03-14 02:40:37,362 [EndpointStateMachine task thread for /0.0.0.0:42035 - 0 ] INFO  replication.ReplicationServer (ReplicationServer.java:start(111)) - ReplicationServer is started using port 35159
2022-03-14 02:40:37,362 [EndpointStateMachine task thread for /0.0.0.0:42035 - 0 ] INFO  ratis.XceiverServerRatis (XceiverServerRatis.java:start(487)) - Starting XceiverServerRatis ebc46dcb-de55-4ee6-9f88-6ea23d1a12c2
2022-03-14 02:40:37,369 [IPC Server handler 0 on default port 42035] INFO  server.SCMDatanodeHeartbeatDispatcher (SCMDatanodeHeartbeatDispatcher.java:dispatch(101)) - SCM received heartbeat from an unregistered datanode 3a253468-8d3c-457d-ae60-4bc5eace9979{ip: 10.1.0.7, host: fv-az501-120.rsswf2em5frezlg3dkjt5mgqaf.dx.internal.cloudapp.net, ports: [REPLICATION=41147, RATIS=37431, RATIS_ADMIN=37431, RATIS_SERVER=37431, STANDALONE=46823], networkLocation: /default-rack, certSerialId: null, persistedOpState: null, persistedOpStateExpiryEpochSec: 0}. Asking datanode to re-register.
2022-03-14 02:40:37,393 [EndpointStateMachine task thread for /0.0.0.0:42035 - 0 ] INFO  server.RaftServer$Division (RaftServerImpl.java:start(301)) - ebc46dcb-de55-4ee6-9f88-6ea23d1a12c2@group-34CA344D8402: start as a follower, conf=0: [ebc46dcb-de55-4ee6-9f88-6ea23d1a12c2|rpc:10.1.0.7:45971|dataStream:|priority:0, c593f1a5-11c2-4273-9636-a8fe79185bdd|rpc:10.1.0.7:38051|dataStream:|priority:1, 3a253468-8d3c-457d-ae60-4bc5eace9979|rpc:10.1.0.7:37431|dataStream:|priority:0], old=null
2022-03-14 02:40:37,393 [EndpointStateMachine task thread for /0.0.0.0:42035 - 0 ] INFO  server.RaftServer$Division (RaftServerImpl.java:setRole(290)) - ebc46dcb-de55-4ee6-9f88-6ea23d1a12c2@group-34CA344D8402: changes role from      null to FOLLOWER at term 8 for startAsFollower
2022-03-14 02:40:37,393 [EndpointStateMachine task thread for /0.0.0.0:42035 - 0 ] INFO  impl.RoleInfo (RoleInfo.java:updateAndGet(130)) - ebc46dcb-de55-4ee6-9f88-6ea23d1a12c2: start ebc46dcb-de55-4ee6-9f88-6ea23d1a12c2@group-34CA344D8402-FollowerState
2022-03-14 02:40:37,394 [EndpointStateMachine task thread for /0.0.0.0:42035 - 0 ] INFO  util.JmxRegister (JmxRegister.java:tryRegister(44)) - Successfully registered JMX Bean with object name Ratis:service=RaftServer,group=group-34CA344D8402,id=ebc46dcb-de55-4ee6-9f88-6ea23d1a12c2
2022-03-14 02:40:37,395 [EndpointStateMachine task thread for /0.0.0.0:42035 - 0 ] INFO  server.RaftServer$Division (RaftServerImpl.java:start(301)) - ebc46dcb-de55-4ee6-9f88-6ea23d1a12c2@group-A36BFBA1ACFC: start as a follower, conf=0: [ebc46dcb-de55-4ee6-9f88-6ea23d1a12c2|rpc:10.1.0.7:45971|dataStream:|priority:1], old=null
2022-03-14 02:40:37,395 [EndpointStateMachine task thread for /0.0.0.0:42035 - 0 ] INFO  server.RaftServer$Division (RaftServerImpl.java:setRole(290)) - ebc46dcb-de55-4ee6-9f88-6ea23d1a12c2@group-A36BFBA1ACFC: changes role from      null to FOLLOWER at term 1 for startAsFollower
2022-03-14 02:40:37,395 [EndpointStateMachine task thread for /0.0.0.0:42035 - 0 ] INFO  impl.RoleInfo (RoleInfo.java:updateAndGet(130)) - ebc46dcb-de55-4ee6-9f88-6ea23d1a12c2: start ebc46dcb-de55-4ee6-9f88-6ea23d1a12c2@group-A36BFBA1ACFC-FollowerState
2022-03-14 02:40:37,395 [EndpointStateMachine task thread for /0.0.0.0:42035 - 0 ] INFO  util.JmxRegister (JmxRegister.java:tryRegister(44)) - Successfully registered JMX Bean with object name Ratis:service=RaftServer,group=group-A36BFBA1ACFC,id=ebc46dcb-de55-4ee6-9f88-6ea23d1a12c2
2022-03-14 02:40:37,396 [EndpointStateMachine task thread for /0.0.0.0:42035 - 0 ] INFO  server.RaftServer (RaftServerProxy.java:lambda$start$5(374)) - ebc46dcb-de55-4ee6-9f88-6ea23d1a12c2: start RPC server
2022-03-14 02:40:37,412 [IPC Server handler 6 on default port 42035] INFO  server.SCMDatanodeHeartbeatDispatcher (SCMDatanodeHeartbeatDispatcher.java:dispatch(101)) - SCM received heartbeat from an unregistered datanode c593f1a5-11c2-4273-9636-a8fe79185bdd{ip: 10.1.0.7, host: fv-az501-120.rsswf2em5frezlg3dkjt5mgqaf.dx.internal.cloudapp.net, ports: [REPLICATION=38275, RATIS=38051, RATIS_ADMIN=38051, RATIS_SERVER=38051, STANDALONE=46611], networkLocation: /default-rack, certSerialId: null, persistedOpState: null, persistedOpStateExpiryEpochSec: 0}. Asking datanode to re-register.
2022-03-14 02:40:37,412 [IPC Server handler 7 on default port 42035] INFO  server.SCMDatanodeHeartbeatDispatcher (SCMDatanodeHeartbeatDispatcher.java:dispatch(101)) - SCM received heartbeat from an unregistered datanode 3a253468-8d3c-457d-ae60-4bc5eace9979{ip: 10.1.0.7, host: fv-az501-120.rsswf2em5frezlg3dkjt5mgqaf.dx.internal.cloudapp.net, ports: [REPLICATION=41147, RATIS=37431, RATIS_ADMIN=37431, RATIS_SERVER=37431, STANDALONE=46823], networkLocation: /default-rack, certSerialId: null, persistedOpState: null, persistedOpStateExpiryEpochSec: 0}. Asking datanode to re-register.
2022-03-14 02:40:37,429 [EndpointStateMachine task thread for /0.0.0.0:42035 - 0 ] INFO  server.GrpcService (GrpcService.java:startImpl(253)) - ebc46dcb-de55-4ee6-9f88-6ea23d1a12c2: GrpcService started, listening on 45971
2022-03-14 02:40:37,433 [EndpointStateMachine task thread for /0.0.0.0:42035 - 0 ] INFO  ratis.XceiverServerRatis (XceiverServerRatis.java:getRealPort(508)) - XceiverServerRatis ebc46dcb-de55-4ee6-9f88-6ea23d1a12c2 is started using port 45971 for RATIS
2022-03-14 02:40:37,433 [EndpointStateMachine task thread for /0.0.0.0:42035 - 0 ] INFO  ratis.XceiverServerRatis (XceiverServerRatis.java:getRealPort(508)) - XceiverServerRatis ebc46dcb-de55-4ee6-9f88-6ea23d1a12c2 is started using port 45971 for RATIS_ADMIN
2022-03-14 02:40:37,433 [EndpointStateMachine task thread for /0.0.0.0:42035 - 0 ] INFO  ratis.XceiverServerRatis (XceiverServerRatis.java:getRealPort(508)) - XceiverServerRatis ebc46dcb-de55-4ee6-9f88-6ea23d1a12c2 is started using port 45971 for RATIS_SERVER
2022-03-14 02:40:37,434 [org.apache.ratis.util.JvmPauseMonitor$$Lambda$431/1941186180@433bc962] INFO  util.JvmPauseMonitor (JvmPauseMonitor.java:run(103)) - JvmPauseMonitor-ebc46dcb-de55-4ee6-9f88-6ea23d1a12c2: Started
2022-03-14 02:40:37,441 [IPC Server handler 8 on default port 42035] INFO  server.SCMDatanodeHeartbeatDispatcher (SCMDatanodeHeartbeatDispatcher.java:dispatch(101)) - SCM received heartbeat from an unregistered datanode 3a253468-8d3c-457d-ae60-4bc5eace9979{ip: 10.1.0.7, host: fv-az501-120.rsswf2em5frezlg3dkjt5mgqaf.dx.internal.cloudapp.net, ports: [REPLICATION=41147, RATIS=37431, RATIS_ADMIN=37431, RATIS_SERVER=37431, STANDALONE=46823], networkLocation: /default-rack, certSerialId: null, persistedOpState: null, persistedOpStateExpiryEpochSec: 0}. Asking datanode to re-register.
2022-03-14 02:40:37,450 [IPC Server handler 6 on default port 42035] INFO  server.SCMDatanodeHeartbeatDispatcher (SCMDatanodeHeartbeatDispatcher.java:dispatch(101)) - SCM received heartbeat from an unregistered datanode 3a253468-8d3c-457d-ae60-4bc5eace9979{ip: 10.1.0.7, host: fv-az501-120.rsswf2em5frezlg3dkjt5mgqaf.dx.internal.cloudapp.net, ports: [REPLICATION=41147, RATIS=37431, RATIS_ADMIN=37431, RATIS_SERVER=37431, STANDALONE=46823], networkLocation: /default-rack, certSerialId: null, persistedOpState: null, persistedOpStateExpiryEpochSec: 0}. Asking datanode to re-register.
2022-03-14 02:40:37,450 [Datanode State Machine Daemon Thread] WARN  statemachine.StateContext (StateContext.java:setState(250)) - Ignore disallowed transition from SHUTDOWN to RUNNING
2022-03-14 02:40:37,483 [grpc-default-executor-4] INFO  ratis.XceiverServerRatis (XceiverServerRatis.java:handleLeaderChangedNotification(869)) - Leader change notification received for group: group-34CA344D8402 with new leaderId: c593f1a5-11c2-4273-9636-a8fe79185bdd
2022-03-14 02:40:37,483 [grpc-default-executor-4] INFO  server.RaftServer$Division (ServerState.java:setLeader(285)) - ebc46dcb-de55-4ee6-9f88-6ea23d1a12c2@group-34CA344D8402: change Leader from null to c593f1a5-11c2-4273-9636-a8fe79185bdd at term 8 for appendEntries, leader elected after 26316ms
2022-03-14 02:40:37,513 [IPC Server handler 12 on default port 42035] INFO  server.SCMDatanodeHeartbeatDispatcher (SCMDatanodeHeartbeatDispatcher.java:dispatch(101)) - SCM received heartbeat from an unregistered datanode c593f1a5-11c2-4273-9636-a8fe79185bdd{ip: 10.1.0.7, host: fv-az501-120.rsswf2em5frezlg3dkjt5mgqaf.dx.internal.cloudapp.net, ports: [REPLICATION=38275, RATIS=38051, RATIS_ADMIN=38051, RATIS_SERVER=38051, STANDALONE=46611], networkLocation: /default-rack, certSerialId: null, persistedOpState: null, persistedOpStateExpiryEpochSec: 0}. Asking datanode to re-register.
2022-03-14 02:40:37,514 [IPC Server handler 11 on default port 42035] INFO  server.SCMDatanodeHeartbeatDispatcher (SCMDatanodeHeartbeatDispatcher.java:dispatch(101)) - SCM received heartbeat from an unregistered datanode 3a253468-8d3c-457d-ae60-4bc5eace9979{ip: 10.1.0.7, host: fv-az501-120.rsswf2em5frezlg3dkjt5mgqaf.dx.internal.cloudapp.net, ports: [REPLICATION=41147, RATIS=37431, RATIS_ADMIN=37431, RATIS_SERVER=37431, STANDALONE=46823], networkLocation: /default-rack, certSerialId: null, persistedOpState: null, persistedOpStateExpiryEpochSec: 0}. Asking datanode to re-register.
2022-03-14 02:40:37,516 [IPC Server handler 13 on default port 42035] INFO  server.SCMDatanodeHeartbeatDispatcher (SCMDatanodeHeartbeatDispatcher.java:dispatch(101)) - SCM received heartbeat from an unregistered datanode 3a253468-8d3c-457d-ae60-4bc5eace9979{ip: 10.1.0.7, host: fv-az501-120.rsswf2em5frezlg3dkjt5mgqaf.dx.internal.cloudapp.net, ports: [REPLICATION=41147, RATIS=37431, RATIS_ADMIN=37431, RATIS_SERVER=37431, STANDALONE=46823], networkLocation: /default-rack, certSerialId: null, persistedOpState: null, persistedOpStateExpiryEpochSec: 0}. Asking datanode to re-register.
2022-03-14 02:40:37,519 [IPC Server handler 14 on default port 42035] INFO  server.SCMDatanodeHeartbeatDispatcher (SCMDatanodeHeartbeatDispatcher.java:dispatch(101)) - SCM received heartbeat from an unregistered datanode 3a253468-8d3c-457d-ae60-4bc5eace9979{ip: 10.1.0.7, host: fv-az501-120.rsswf2em5frezlg3dkjt5mgqaf.dx.internal.cloudapp.net, ports: [REPLICATION=41147, RATIS=37431, RATIS_ADMIN=37431, RATIS_SERVER=37431, STANDALONE=46823], networkLocation: /default-rack, certSerialId: null, persistedOpState: null, persistedOpStateExpiryEpochSec: 0}. Asking datanode to re-register.
2022-03-14 02:40:37,520 [IPC Server handler 15 on default port 42035] INFO  server.SCMDatanodeHeartbeatDispatcher (SCMDatanodeHeartbeatDispatcher.java:dispatch(101)) - SCM received heartbeat from an unregistered datanode 3a253468-8d3c-457d-ae60-4bc5eace9979{ip: 10.1.0.7, host: fv-az501-120.rsswf2em5frezlg3dkjt5mgqaf.dx.internal.cloudapp.net, ports: [REPLICATION=41147, RATIS=37431, RATIS_ADMIN=37431, RATIS_SERVER=37431, STANDALONE=46823], networkLocation: /default-rack, certSerialId: null, persistedOpState: null, persistedOpStateExpiryEpochSec: 0}. Asking datanode to re-register.
2022-03-14 02:40:37,521 [IPC Server handler 15 on default port 42035] INFO  server.SCMDatanodeHeartbeatDispatcher (SCMDatanodeHeartbeatDispatcher.java:dispatch(101)) - SCM received heartbeat from an unregistered datanode c593f1a5-11c2-4273-9636-a8fe79185bdd{ip: 10.1.0.7, host: fv-az501-120.rsswf2em5frezlg3dkjt5mgqaf.dx.internal.cloudapp.net, ports: [REPLICATION=38275, RATIS=38051, RATIS_ADMIN=38051, RATIS_SERVER=38051, STANDALONE=46611], networkLocation: /default-rack, certSerialId: null, persistedOpState: null, persistedOpStateExpiryEpochSec: 0}. Asking datanode to re-register.
2022-03-14 02:40:37,521 [IPC Server handler 17 on default port 42035] INFO  server.SCMDatanodeHeartbeatDispatcher (SCMDatanodeHeartbeatDispatcher.java:dispatch(101)) - SCM received heartbeat from an unregistered datanode 3a253468-8d3c-457d-ae60-4bc5eace9979{ip: 10.1.0.7, host: fv-az501-120.rsswf2em5frezlg3dkjt5mgqaf.dx.internal.cloudapp.net, ports: [REPLICATION=41147, RATIS=37431, RATIS_ADMIN=37431, RATIS_SERVER=37431, STANDALONE=46823], networkLocation: /default-rack, certSerialId: null, persistedOpState: null, persistedOpStateExpiryEpochSec: 0}. Asking datanode to re-register.
2022-03-14 02:40:37,522 [IPC Server handler 18 on default port 42035] INFO  server.SCMDatanodeHeartbeatDispatcher (SCMDatanodeHeartbeatDispatcher.java:dispatch(101)) - SCM received heartbeat from an unregistered datanode c593f1a5-11c2-4273-9636-a8fe79185bdd{ip: 10.1.0.7, host: fv-az501-120.rsswf2em5frezlg3dkjt5mgqaf.dx.internal.cloudapp.net, ports: [REPLICATION=38275, RATIS=38051, RATIS_ADMIN=38051, RATIS_SERVER=38051, STANDALONE=46611], networkLocation: /default-rack, certSerialId: null, persistedOpState: null, persistedOpStateExpiryEpochSec: 0}. Asking datanode to re-register.
2022-03-14 02:40:37,523 [IPC Server handler 1 on default port 42035] INFO  server.SCMDatanodeHeartbeatDispatcher (SCMDatanodeHeartbeatDispatcher.java:dispatch(101)) - SCM received heartbeat from an unregistered datanode 3a253468-8d3c-457d-ae60-4bc5eace9979{ip: 10.1.0.7, host: fv-az501-120.rsswf2em5frezlg3dkjt5mgqaf.dx.internal.cloudapp.net, ports: [REPLICATION=41147, RATIS=37431, RATIS_ADMIN=37431, RATIS_SERVER=37431, STANDALONE=46823], networkLocation: /default-rack, certSerialId: null, persistedOpState: null, persistedOpStateExpiryEpochSec: 0}. Asking datanode to re-register.
2022-03-14 02:40:37,524 [IPC Server handler 2 on default port 42035] INFO  server.SCMDatanodeHeartbeatDispatcher (SCMDatanodeHeartbeatDispatcher.java:dispatch(101)) - SCM received heartbeat from an unregistered datanode c593f1a5-11c2-4273-9636-a8fe79185bdd{ip: 10.1.0.7, host: fv-az501-120.rsswf2em5frezlg3dkjt5mgqaf.dx.internal.cloudapp.net, ports: [REPLICATION=38275, RATIS=38051, RATIS_ADMIN=38051, RATIS_SERVER=38051, STANDALONE=46611], networkLocation: /default-rack, certSerialId: null, persistedOpState: null, persistedOpStateExpiryEpochSec: 0}. Asking datanode to re-register.
2022-03-14 02:40:37,525 [IPC Server handler 3 on default port 42035] INFO  server.SCMDatanodeHeartbeatDispatcher (SCMDatanodeHeartbeatDispatcher.java:dispatch(101)) - SCM received heartbeat from an unregistered datanode 3a253468-8d3c-457d-ae60-4bc5eace9979{ip: 10.1.0.7, host: fv-az501-120.rsswf2em5frezlg3dkjt5mgqaf.dx.internal.cloudapp.net, ports: [REPLICATION=41147, RATIS=37431, RATIS_ADMIN=37431, RATIS_SERVER=37431, STANDALONE=46823], networkLocation: /default-rack, certSerialId: null, persistedOpState: null, persistedOpStateExpiryEpochSec: 0}. Asking datanode to re-register.
2022-03-14 02:40:37,526 [IPC Server handler 4 on default port 42035] INFO  server.SCMDatanodeHeartbeatDispatcher (SCMDatanodeHeartbeatDispatcher.java:dispatch(101)) - SCM received heartbeat from an unregistered datanode c593f1a5-11c2-4273-9636-a8fe79185bdd{ip: 10.1.0.7, host: fv-az501-120.rsswf2em5frezlg3dkjt5mgqaf.dx.internal.cloudapp.net, ports: [REPLICATION=38275, RATIS=38051, RATIS_ADMIN=38051, RATIS_SERVER=38051, STANDALONE=46611], networkLocation: /default-rack, certSerialId: null, persistedOpState: null, persistedOpStateExpiryEpochSec: 0}. Asking datanode to re-register.
2022-03-14 02:40:37,526 [IPC Server handler 5 on default port 42035] INFO  server.SCMDatanodeHeartbeatDispatcher (SCMDatanodeHeartbeatDispatcher.java:dispatch(101)) - SCM received heartbeat from an unregistered datanode 3a253468-8d3c-457d-ae60-4bc5eace9979{ip: 10.1.0.7, host: fv-az501-120.rsswf2em5frezlg3dkjt5mgqaf.dx.internal.cloudapp.net, ports: [REPLICATION=41147, RATIS=37431, RATIS_ADMIN=37431, RATIS_SERVER=37431, STANDALONE=46823], networkLocation: /default-rack, certSerialId: null, persistedOpState: null, persistedOpStateExpiryEpochSec: 0}. Asking datanode to re-register.
2022-03-14 02:40:37,527 [IPC Server handler 0 on default port 42035] INFO  server.SCMDatanodeHeartbeatDispatcher (SCMDatanodeHeartbeatDispatcher.java:dispatch(101)) - SCM received heartbeat from an unregistered datanode c593f1a5-11c2-4273-9636-a8fe79185bdd{ip: 10.1.0.7, host: fv-az501-120.rsswf2em5frezlg3dkjt5mgqaf.dx.internal.cloudapp.net, ports: [REPLICATION=38275, RATIS=38051, RATIS_ADMIN=38051, RATIS_SERVER=38051, STANDALONE=46611], networkLocation: /default-rack, certSerialId: null, persistedOpState: null, persistedOpStateExpiryEpochSec: 0}. Asking datanode to re-register.
2022-03-14 02:40:37,528 [IPC Server handler 19 on default port 42035] INFO  server.SCMDatanodeHeartbeatDispatcher (SCMDatanodeHeartbeatDispatcher.java:dispatch(101)) - SCM received heartbeat from an unregistered datanode 3a253468-8d3c-457d-ae60-4bc5eace9979{ip: 10.1.0.7, host: fv-az501-120.rsswf2em5frezlg3dkjt5mgqaf.dx.internal.cloudapp.net, ports: [REPLICATION=41147, RATIS=37431, RATIS_ADMIN=37431, RATIS_SERVER=37431, STANDALONE=46823], networkLocation: /default-rack, certSerialId: null, persistedOpState: null, persistedOpStateExpiryEpochSec: 0}. Asking datanode to re-register.
2022-03-14 02:40:37,529 [IPC Server handler 7 on default port 42035] INFO  server.SCMDatanodeHeartbeatDispatcher (SCMDatanodeHeartbeatDispatcher.java:dispatch(101)) - SCM received heartbeat from an unregistered datanode c593f1a5-11c2-4273-9636-a8fe79185bdd{ip: 10.1.0.7, host: fv-az501-120.rsswf2em5frezlg3dkjt5mgqaf.dx.internal.cloudapp.net, ports: [REPLICATION=38275, RATIS=38051, RATIS_ADMIN=38051, RATIS_SERVER=38051, STANDALONE=46611], networkLocation: /default-rack, certSerialId: null, persistedOpState: null, persistedOpStateExpiryEpochSec: 0}. Asking datanode to re-register.
2022-03-14 02:40:37,530 [IPC Server handler 8 on default port 42035] INFO  server.SCMDatanodeHeartbeatDispatcher (SCMDatanodeHeartbeatDispatcher.java:dispatch(101)) - SCM received heartbeat from an unregistered datanode 3a253468-8d3c-457d-ae60-4bc5eace9979{ip: 10.1.0.7, host: fv-az501-120.rsswf2em5frezlg3dkjt5mgqaf.dx.internal.cloudapp.net, ports: [REPLICATION=41147, RATIS=37431, RATIS_ADMIN=37431, RATIS_SERVER=37431, STANDALONE=46823], networkLocation: /default-rack, certSerialId: null, persistedOpState: null, persistedOpStateExpiryEpochSec: 0}. Asking datanode to re-register.
2022-03-14 02:40:37,530 [IPC Server handler 9 on default port 42035] INFO  server.SCMDatanodeHeartbeatDispatcher (SCMDatanodeHeartbeatDispatcher.java:dispatch(101)) - SCM received heartbeat from an unregistered datanode c593f1a5-11c2-4273-9636-a8fe79185bdd{ip: 10.1.0.7, host: fv-az501-120.rsswf2em5frezlg3dkjt5mgqaf.dx.internal.cloudapp.net, ports: [REPLICATION=38275, RATIS=38051, RATIS_ADMIN=38051, RATIS_SERVER=38051, STANDALONE=46611], networkLocation: /default-rack, certSerialId: null, persistedOpState: null, persistedOpStateExpiryEpochSec: 0}. Asking datanode to re-register.
2022-03-14 02:40:37,531 [IPC Server handler 6 on default port 42035] INFO  server.SCMDatanodeHeartbeatDispatcher (SCMDatanodeHeartbeatDispatcher.java:dispatch(101)) - SCM received heartbeat from an unregistered datanode 3a253468-8d3c-457d-ae60-4bc5eace9979{ip: 10.1.0.7, host: fv-az501-120.rsswf2em5frezlg3dkjt5mgqaf.dx.internal.cloudapp.net, ports: [REPLICATION=41147, RATIS=37431, RATIS_ADMIN=37431, RATIS_SERVER=37431, STANDALONE=46823], networkLocation: /default-rack, certSerialId: null, persistedOpState: null, persistedOpStateExpiryEpochSec: 0}. Asking datanode to re-register.
2022-03-14 02:40:37,532 [IPC Server handler 10 on default port 42035] INFO  server.SCMDatanodeHeartbeatDispatcher (SCMDatanodeHeartbeatDispatcher.java:dispatch(101)) - SCM received heartbeat from an unregistered datanode c593f1a5-11c2-4273-9636-a8fe79185bdd{ip: 10.1.0.7, host: fv-az501-120.rsswf2em5frezlg3dkjt5mgqaf.dx.internal.cloudapp.net, ports: [REPLICATION=38275, RATIS=38051, RATIS_ADMIN=38051, RATIS_SERVER=38051, STANDALONE=46611], networkLocation: /default-rack, certSerialId: null, persistedOpState: null, persistedOpStateExpiryEpochSec: 0}. Asking datanode to re-register.
2022-03-14 02:40:37,535 [IPC Server handler 11 on default port 42035] INFO  server.SCMDatanodeHeartbeatDispatcher (SCMDatanodeHeartbeatDispatcher.java:dispatch(101)) - SCM received heartbeat from an unregistered datanode 3a253468-8d3c-457d-ae60-4bc5eace9979{ip: 10.1.0.7, host: fv-az501-120.rsswf2em5frezlg3dkjt5mgqaf.dx.internal.cloudapp.net, ports: [REPLICATION=41147, RATIS=37431, RATIS_ADMIN=37431, RATIS_SERVER=37431, STANDALONE=46823], networkLocation: /default-rack, certSerialId: null, persistedOpState: null, persistedOpStateExpiryEpochSec: 0}. Asking datanode to re-register.
2022-03-14 02:40:37,536 [IPC Server handler 11 on default port 42035] INFO  server.SCMDatanodeHeartbeatDispatcher (SCMDatanodeHeartbeatDispatcher.java:dispatch(101)) - SCM received heartbeat from an unregistered datanode c593f1a5-11c2-4273-9636-a8fe79185bdd{ip: 10.1.0.7, host: fv-az501-120.rsswf2em5frezlg3dkjt5mgqaf.dx.internal.cloudapp.net, ports: [REPLICATION=38275, RATIS=38051, RATIS_ADMIN=38051, RATIS_SERVER=38051, STANDALONE=46611], networkLocation: /default-rack, certSerialId: null, persistedOpState: null, persistedOpStateExpiryEpochSec: 0}. Asking datanode to re-register.
2022-03-14 02:40:37,536 [IPC Server handler 11 on default port 42035] INFO  server.SCMDatanodeHeartbeatDispatcher (SCMDatanodeHeartbeatDispatcher.java:dispatch(101)) - SCM received heartbeat from an unregistered datanode 3a253468-8d3c-457d-ae60-4bc5eace9979{ip: 10.1.0.7, host: fv-az501-120.rsswf2em5frezlg3dkjt5mgqaf.dx.internal.cloudapp.net, ports: [REPLICATION=41147, RATIS=37431, RATIS_ADMIN=37431, RATIS_SERVER=37431, STANDALONE=46823], networkLocation: /default-rack, certSerialId: null, persistedOpState: null, persistedOpStateExpiryEpochSec: 0}. Asking datanode to re-register.
2022-03-14 02:40:37,537 [IPC Server handler 11 on default port 42035] INFO  server.SCMDatanodeHeartbeatDispatcher (SCMDatanodeHeartbeatDispatcher.java:dispatch(101)) - SCM received heartbeat from an unregistered datanode c593f1a5-11c2-4273-9636-a8fe79185bdd{ip: 10.1.0.7, host: fv-az501-120.rsswf2em5frezlg3dkjt5mgqaf.dx.internal.cloudapp.net, ports: [REPLICATION=38275, RATIS=38051, RATIS_ADMIN=38051, RATIS_SERVER=38051, STANDALONE=46611], networkLocation: /default-rack, certSerialId: null, persistedOpState: null, persistedOpStateExpiryEpochSec: 0}. Asking datanode to re-register.
2022-03-14 02:40:37,537 [IPC Server handler 15 on default port 42035] INFO  server.SCMDatanodeHeartbeatDispatcher (SCMDatanodeHeartbeatDispatcher.java:dispatch(101)) - SCM received heartbeat from an unregistered datanode 3a253468-8d3c-457d-ae60-4bc5eace9979{ip: 10.1.0.7, host: fv-az501-120.rsswf2em5frezlg3dkjt5mgqaf.dx.internal.cloudapp.net, ports: [REPLICATION=41147, RATIS=37431, RATIS_ADMIN=37431, RATIS_SERVER=37431, STANDALONE=46823], networkLocation: /default-rack, certSerialId: null, persistedOpState: null, persistedOpStateExpiryEpochSec: 0}. Asking datanode to re-register.
2022-03-14 02:40:37,539 [IPC Server handler 16 on default port 42035] INFO  server.SCMDatanodeHeartbeatDispatcher (SCMDatanodeHeartbeatDispatcher.java:dispatch(101)) - SCM received heartbeat from an unregistered datanode c593f1a5-11c2-4273-9636-a8fe79185bdd{ip: 10.1.0.7, host: fv-az501-120.rsswf2em5frezlg3dkjt5mgqaf.dx.internal.cloudapp.net, ports: [REPLICATION=38275, RATIS=38051, RATIS_ADMIN=38051, RATIS_SERVER=38051, STANDALONE=46611], networkLocation: /default-rack, certSerialId: null, persistedOpState: null, persistedOpStateExpiryEpochSec: 0}. Asking datanode to re-register.
2022-03-14 02:40:37,540 [IPC Server handler 17 on default port 42035] INFO  server.SCMDatanodeHeartbeatDispatcher (SCMDatanodeHeartbeatDispatcher.java:dispatch(101)) - SCM received heartbeat from an unregistered datanode 3a253468-8d3c-457d-ae60-4bc5eace9979{ip: 10.1.0.7, host: fv-az501-120.rsswf2em5frezlg3dkjt5mgqaf.dx.internal.cloudapp.net, ports: [REPLICATION=41147, RATIS=37431, RATIS_ADMIN=37431, RATIS_SERVER=37431, STANDALONE=46823], networkLocation: /default-rack, certSerialId: null, persistedOpState: null, persistedOpStateExpiryEpochSec: 0}. Asking datanode to re-register.
2022-03-14 02:40:37,540 [IPC Server handler 17 on default port 42035] INFO  server.SCMDatanodeHeartbeatDispatcher (SCMDatanodeHeartbeatDispatcher.java:dispatch(101)) - SCM received heartbeat from an unregistered datanode c593f1a5-11c2-4273-9636-a8fe79185bdd{ip: 10.1.0.7, host: fv-az501-120.rsswf2em5frezlg3dkjt5mgqaf.dx.internal.cloudapp.net, ports: [REPLICATION=38275, RATIS=38051, RATIS_ADMIN=38051, RATIS_SERVER=38051, STANDALONE=46611], networkLocation: /default-rack, certSerialId: null, persistedOpState: null, persistedOpStateExpiryEpochSec: 0}. Asking datanode to re-register.
2022-03-14 02:40:37,541 [IPC Server handler 17 on default port 42035] INFO  server.SCMDatanodeHeartbeatDispatcher (SCMDatanodeHeartbeatDispatcher.java:dispatch(101)) - SCM received heartbeat from an unregistered datanode 3a253468-8d3c-457d-ae60-4bc5eace9979{ip: 10.1.0.7, host: fv-az501-120.rsswf2em5frezlg3dkjt5mgqaf.dx.internal.cloudapp.net, ports: [REPLICATION=41147, RATIS=37431, RATIS_ADMIN=37431, RATIS_SERVER=37431, STANDALONE=46823], networkLocation: /default-rack, certSerialId: null, persistedOpState: null, persistedOpStateExpiryEpochSec: 0}. Asking datanode to re-register.
2022-03-14 02:40:37,541 [IPC Server handler 17 on default port 42035] INFO  server.SCMDatanodeHeartbeatDispatcher (SCMDatanodeHeartbeatDispatcher.java:dispatch(101)) - SCM received heartbeat from an unregistered datanode c593f1a5-11c2-4273-9636-a8fe79185bdd{ip: 10.1.0.7, host: fv-az501-120.rsswf2em5frezlg3dkjt5mgqaf.dx.internal.cloudapp.net, ports: [REPLICATION=38275, RATIS=38051, RATIS_ADMIN=38051, RATIS_SERVER=38051, STANDALONE=46611], networkLocation: /default-rack, certSerialId: null, persistedOpState: null, persistedOpStateExpiryEpochSec: 0}. Asking datanode to re-register.
2022-03-14 02:40:37,542 [IPC Server handler 17 on default port 42035] INFO  server.SCMDatanodeHeartbeatDispatcher (SCMDatanodeHeartbeatDispatcher.java:dispatch(101)) - SCM received heartbeat from an unregistered datanode 3a253468-8d3c-457d-ae60-4bc5eace9979{ip: 10.1.0.7, host: fv-az501-120.rsswf2em5frezlg3dkjt5mgqaf.dx.internal.cloudapp.net, ports: [REPLICATION=41147, RATIS=37431, RATIS_ADMIN=37431, RATIS_SERVER=37431, STANDALONE=46823], networkLocation: /default-rack, certSerialId: null, persistedOpState: null, persistedOpStateExpiryEpochSec: 0}. Asking datanode to re-register.
2022-03-14 02:40:37,542 [IPC Server handler 17 on default port 42035] INFO  server.SCMDatanodeHeartbeatDispatcher (SCMDatanodeHeartbeatDispatcher.java:dispatch(101)) - SCM received heartbeat from an unregistered datanode c593f1a5-11c2-4273-9636-a8fe79185bdd{ip: 10.1.0.7, host: fv-az501-120.rsswf2em5frezlg3dkjt5mgqaf.dx.internal.cloudapp.net, ports: [REPLICATION=38275, RATIS=38051, RATIS_ADMIN=38051, RATIS_SERVER=38051, STANDALONE=46611], networkLocation: /default-rack, certSerialId: null, persistedOpState: null, persistedOpStateExpiryEpochSec: 0}. Asking datanode to re-register.
2022-03-14 02:40:37,542 [IPC Server handler 17 on default port 42035] INFO  server.SCMDatanodeHeartbeatDispatcher (SCMDatanodeHeartbeatDispatcher.java:dispatch(101)) - SCM received heartbeat from an unregistered datanode 3a253468-8d3c-457d-ae60-4bc5eace9979{ip: 10.1.0.7, host: fv-az501-120.rsswf2em5frezlg3dkjt5mgqaf.dx.internal.cloudapp.net, ports: [REPLICATION=41147, RATIS=37431, RATIS_ADMIN=37431, RATIS_SERVER=37431, STANDALONE=46823], networkLocation: /default-rack, certSerialId: null, persistedOpState: null, persistedOpStateExpiryEpochSec: 0}. Asking datanode to re-register.
2022-03-14 02:40:37,543 [IPC Server handler 17 on default port 42035] INFO  server.SCMDatanodeHeartbeatDispatcher (SCMDatanodeHeartbeatDispatcher.java:dispatch(101)) - SCM received heartbeat from an unregistered datanode c593f1a5-11c2-4273-9636-a8fe79185bdd{ip: 10.1.0.7, host: fv-az501-120.rsswf2em5frezlg3dkjt5mgqaf.dx.internal.cloudapp.net, ports: [REPLICATION=38275, RATIS=38051, RATIS_ADMIN=38051, RATIS_SERVER=38051, STANDALONE=46611], networkLocation: /default-rack, certSerialId: null, persistedOpState: null, persistedOpStateExpiryEpochSec: 0}. Asking datanode to re-register.
2022-03-14 02:40:37,543 [IPC Server handler 17 on default port 42035] INFO  server.SCMDatanodeHeartbeatDispatcher (SCMDatanodeHeartbeatDispatcher.java:dispatch(101)) - SCM received heartbeat from an unregistered datanode 3a253468-8d3c-457d-ae60-4bc5eace9979{ip: 10.1.0.7, host: fv-az501-120.rsswf2em5frezlg3dkjt5mgqaf.dx.internal.cloudapp.net, ports: [REPLICATION=41147, RATIS=37431, RATIS_ADMIN=37431, RATIS_SERVER=37431, STANDALONE=46823], networkLocation: /default-rack, certSerialId: null, persistedOpState: null, persistedOpStateExpiryEpochSec: 0}. Asking datanode to re-register.
2022-03-14 02:40:37,544 [IPC Server handler 17 on default port 42035] INFO  server.SCMDatanodeHeartbeatDispatcher (SCMDatanodeHeartbeatDispatcher.java:dispatch(101)) - SCM received heartbeat from an unregistered datanode c593f1a5-11c2-4273-9636-a8fe79185bdd{ip: 10.1.0.7, host: fv-az501-120.rsswf2em5frezlg3dkjt5mgqaf.dx.internal.cloudapp.net, ports: [REPLICATION=38275, RATIS=38051, RATIS_ADMIN=38051, RATIS_SERVER=38051, STANDALONE=46611], networkLocation: /default-rack, certSerialId: null, persistedOpState: null, persistedOpStateExpiryEpochSec: 0}. Asking datanode to re-register.
2022-03-14 02:40:37,544 [IPC Server handler 17 on default port 42035] INFO  server.SCMDatanodeHeartbeatDispatcher (SCMDatanodeHeartbeatDispatcher.java:dispatch(101)) - SCM received heartbeat from an unregistered datanode 3a253468-8d3c-457d-ae60-4bc5eace9979{ip: 10.1.0.7, host: fv-az501-120.rsswf2em5frezlg3dkjt5mgqaf.dx.internal.cloudapp.net, ports: [REPLICATION=41147, RATIS=37431, RATIS_ADMIN=37431, RATIS_SERVER=37431, STANDALONE=46823], networkLocation: /default-rack, certSerialId: null, persistedOpState: null, persistedOpStateExpiryEpochSec: 0}. Asking datanode to re-register.
2022-03-14 02:40:37,545 [IPC Server handler 17 on default port 42035] INFO  server.SCMDatanodeHeartbeatDispatcher (SCMDatanodeHeartbeatDispatcher.java:dispatch(101)) - SCM received heartbeat from an unregistered datanode c593f1a5-11c2-4273-9636-a8fe79185bdd{ip: 10.1.0.7, host: fv-az501-120.rsswf2em5frezlg3dkjt5mgqaf.dx.internal.cloudapp.net, ports: [REPLICATION=38275, RATIS=38051, RATIS_ADMIN=38051, RATIS_SERVER=38051, STANDALONE=46611], networkLocation: /default-rack, certSerialId: null, persistedOpState: null, persistedOpStateExpiryEpochSec: 0}. Asking datanode to re-register.
2022-03-14 02:40:37,545 [IPC Server handler 6 on default port 42035] INFO  server.SCMDatanodeHeartbeatDispatcher (SCMDatanodeHeartbeatDispatcher.java:dispatch(101)) - SCM received heartbeat from an unregistered datanode 3a253468-8d3c-457d-ae60-4bc5eace9979{ip: 10.1.0.7, host: fv-az501-120.rsswf2em5frezlg3dkjt5mgqaf.dx.internal.cloudapp.net, ports: [REPLICATION=41147, RATIS=37431, RATIS_ADMIN=37431, RATIS_SERVER=37431, STANDALONE=46823], networkLocation: /default-rack, certSerialId: null, persistedOpState: null, persistedOpStateExpiryEpochSec: 0}. Asking datanode to re-register.
2022-03-14 02:40:37,547 [IPC Server handler 10 on default port 42035] INFO  server.SCMDatanodeHeartbeatDispatcher (SCMDatanodeHeartbeatDispatcher.java:dispatch(101)) - SCM received heartbeat from an unregistered datanode c593f1a5-11c2-4273-9636-a8fe79185bdd{ip: 10.1.0.7, host: fv-az501-120.rsswf2em5frezlg3dkjt5mgqaf.dx.internal.cloudapp.net, ports: [REPLICATION=38275, RATIS=38051, RATIS_ADMIN=38051, RATIS_SERVER=38051, STANDALONE=46611], networkLocation: /default-rack, certSerialId: null, persistedOpState: null, persistedOpStateExpiryEpochSec: 0}. Asking datanode to re-register.
2022-03-14 02:40:37,547 [IPC Server handler 10 on default port 42035] INFO  server.SCMDatanodeHeartbeatDispatcher (SCMDatanodeHeartbeatDispatcher.java:dispatch(101)) - SCM received heartbeat from an unregistered datanode 3a253468-8d3c-457d-ae60-4bc5eace9979{ip: 10.1.0.7, host: fv-az501-120.rsswf2em5frezlg3dkjt5mgqaf.dx.internal.cloudapp.net, ports: [REPLICATION=41147, RATIS=37431, RATIS_ADMIN=37431, RATIS_SERVER=37431, STANDALONE=46823], networkLocation: /default-rack, certSerialId: null, persistedOpState: null, persistedOpStateExpiryEpochSec: 0}. Asking datanode to re-register.
2022-03-14 02:40:37,549 [IPC Server handler 13 on default port 42035] INFO  server.SCMDatanodeHeartbeatDispatcher (SCMDatanodeHeartbeatDispatcher.java:dispatch(101)) - SCM received heartbeat from an unregistered datanode c593f1a5-11c2-4273-9636-a8fe79185bdd{ip: 10.1.0.7, host: fv-az501-120.rsswf2em5frezlg3dkjt5mgqaf.dx.internal.cloudapp.net, ports: [REPLICATION=38275, RATIS=38051, RATIS_ADMIN=38051, RATIS_SERVER=38051, STANDALONE=46611], networkLocation: /default-rack, certSerialId: null, persistedOpState: null, persistedOpStateExpiryEpochSec: 0}. Asking datanode to re-register.
2022-03-14 02:40:37,549 [IPC Server handler 14 on default port 42035] INFO  server.SCMDatanodeHeartbeatDispatcher (SCMDatanodeHeartbeatDispatcher.java:dispatch(101)) - SCM received heartbeat from an unregistered datanode 3a253468-8d3c-457d-ae60-4bc5eace9979{ip: 10.1.0.7, host: fv-az501-120.rsswf2em5frezlg3dkjt5mgqaf.dx.internal.cloudapp.net, ports: [REPLICATION=41147, RATIS=37431, RATIS_ADMIN=37431, RATIS_SERVER=37431, STANDALONE=46823], networkLocation: /default-rack, certSerialId: null, persistedOpState: null, persistedOpStateExpiryEpochSec: 0}. Asking datanode to re-register.
2022-03-14 02:40:37,551 [IPC Server handler 11 on default port 42035] INFO  server.SCMDatanodeHeartbeatDispatcher (SCMDatanodeHeartbeatDispatcher.java:dispatch(101)) - SCM received heartbeat from an unregistered datanode c593f1a5-11c2-4273-9636-a8fe79185bdd{ip: 10.1.0.7, host: fv-az501-120.rsswf2em5frezlg3dkjt5mgqaf.dx.internal.cloudapp.net, ports: [REPLICATION=38275, RATIS=38051, RATIS_ADMIN=38051, RATIS_SERVER=38051, STANDALONE=46611], networkLocation: /default-rack, certSerialId: null, persistedOpState: null, persistedOpStateExpiryEpochSec: 0}. Asking datanode to re-register.
2022-03-14 02:40:37,551 [IPC Server handler 11 on default port 42035] INFO  server.SCMDatanodeHeartbeatDispatcher (SCMDatanodeHeartbeatDispatcher.java:dispatch(101)) - SCM received heartbeat from an unregistered datanode 3a253468-8d3c-457d-ae60-4bc5eace9979{ip: 10.1.0.7, host: fv-az501-120.rsswf2em5frezlg3dkjt5mgqaf.dx.internal.cloudapp.net, ports: [REPLICATION=41147, RATIS=37431, RATIS_ADMIN=37431, RATIS_SERVER=37431, STANDALONE=46823], networkLocation: /default-rack, certSerialId: null, persistedOpState: null, persistedOpStateExpiryEpochSec: 0}. Asking datanode to re-register.
2022-03-14 02:40:37,552 [IPC Server handler 16 on default port 42035] INFO  server.SCMDatanodeHeartbeatDispatcher (SCMDatanodeHeartbeatDispatcher.java:dispatch(101)) - SCM received heartbeat from an unregistered datanode c593f1a5-11c2-4273-9636-a8fe79185bdd{ip: 10.1.0.7, host: fv-az501-120.rsswf2em5frezlg3dkjt5mgqaf.dx.internal.cloudapp.net, ports: [REPLICATION=38275, RATIS=38051, RATIS_ADMIN=38051, RATIS_SERVER=38051, STANDALONE=46611], networkLocation: /default-rack, certSerialId: null, persistedOpState: null, persistedOpStateExpiryEpochSec: 0}. Asking datanode to re-register.
2022-03-14 02:40:37,553 [IPC Server handler 18 on default port 42035] INFO  server.SCMDatanodeHeartbeatDispatcher (SCMDatanodeHeartbeatDispatcher.java:dispatch(101)) - SCM received heartbeat from an unregistered datanode 3a253468-8d3c-457d-ae60-4bc5eace9979{ip: 10.1.0.7, host: fv-az501-120.rsswf2em5frezlg3dkjt5mgqaf.dx.internal.cloudapp.net, ports: [REPLICATION=41147, RATIS=37431, RATIS_ADMIN=37431, RATIS_SERVER=37431, STANDALONE=46823], networkLocation: /default-rack, certSerialId: null, persistedOpState: null, persistedOpStateExpiryEpochSec: 0}. Asking datanode to re-register.
2022-03-14 02:40:37,554 [IPC Server handler 1 on default port 42035] INFO  server.SCMDatanodeHeartbeatDispatcher (SCMDatanodeHeartbeatDispatcher.java:dispatch(101)) - SCM received heartbeat from an unregistered datanode c593f1a5-11c2-4273-9636-a8fe79185bdd{ip: 10.1.0.7, host: fv-az501-120.rsswf2em5frezlg3dkjt5mgqaf.dx.internal.cloudapp.net, ports: [REPLICATION=38275, RATIS=38051, RATIS_ADMIN=38051, RATIS_SERVER=38051, STANDALONE=46611], networkLocation: /default-rack, certSerialId: null, persistedOpState: null, persistedOpStateExpiryEpochSec: 0}. Asking datanode to re-register.
2022-03-14 02:40:37,555 [IPC Server handler 2 on default port 42035] INFO  server.SCMDatanodeHeartbeatDispatcher (SCMDatanodeHeartbeatDispatcher.java:dispatch(101)) - SCM received heartbeat from an unregistered datanode 3a253468-8d3c-457d-ae60-4bc5eace9979{ip: 10.1.0.7, host: fv-az501-120.rsswf2em5frezlg3dkjt5mgqaf.dx.internal.cloudapp.net, ports: [REPLICATION=41147, RATIS=37431, RATIS_ADMIN=37431, RATIS_SERVER=37431, STANDALONE=46823], networkLocation: /default-rack, certSerialId: null, persistedOpState: null, persistedOpStateExpiryEpochSec: 0}. Asking datanode to re-register.
2022-03-14 02:40:37,556 [IPC Server handler 3 on default port 42035] INFO  server.SCMDatanodeHeartbeatDispatcher (SCMDatanodeHeartbeatDispatcher.java:dispatch(101)) - SCM received heartbeat from an unregistered datanode c593f1a5-11c2-4273-9636-a8fe79185bdd{ip: 10.1.0.7, host: fv-az501-120.rsswf2em5frezlg3dkjt5mgqaf.dx.internal.cloudapp.net, ports: [REPLICATION=38275, RATIS=38051, RATIS_ADMIN=38051, RATIS_SERVER=38051, STANDALONE=46611], networkLocation: /default-rack, certSerialId: null, persistedOpState: null, persistedOpStateExpiryEpochSec: 0}. Asking datanode to re-register.
2022-03-14 02:40:37,557 [IPC Server handler 4 on default port 42035] INFO  server.SCMDatanodeHeartbeatDispatcher (SCMDatanodeHeartbeatDispatcher.java:dispatch(101)) - SCM received heartbeat from an unregistered datanode 3a253468-8d3c-457d-ae60-4bc5eace9979{ip: 10.1.0.7, host: fv-az501-120.rsswf2em5frezlg3dkjt5mgqaf.dx.internal.cloudapp.net, ports: [REPLICATION=41147, RATIS=37431, RATIS_ADMIN=37431, RATIS_SERVER=37431, STANDALONE=46823], networkLocation: /default-rack, certSerialId: null, persistedOpState: null, persistedOpStateExpiryEpochSec: 0}. Asking datanode to re-register.
2022-03-14 02:40:37,558 [IPC Server handler 5 on default port 42035] INFO  server.SCMDatanodeHeartbeatDispatcher (SCMDatanodeHeartbeatDispatcher.java:dispatch(101)) - SCM received heartbeat from an unregistered datanode c593f1a5-11c2-4273-9636-a8fe79185bdd{ip: 10.1.0.7, host: fv-az501-120.rsswf2em5frezlg3dkjt5mgqaf.dx.internal.cloudapp.net, ports: [REPLICATION=38275, RATIS=38051, RATIS_ADMIN=38051, RATIS_SERVER=38051, STANDALONE=46611], networkLocation: /default-rack, certSerialId: null, persistedOpState: null, persistedOpStateExpiryEpochSec: 0}. Asking datanode to re-register.
2022-03-14 02:40:37,559 [IPC Server handler 0 on default port 42035] INFO  server.SCMDatanodeHeartbeatDispatcher (SCMDatanodeHeartbeatDispatcher.java:dispatch(101)) - SCM received heartbeat from an unregistered datanode 3a253468-8d3c-457d-ae60-4bc5eace9979{ip: 10.1.0.7, host: fv-az501-120.rsswf2em5frezlg3dkjt5mgqaf.dx.internal.cloudapp.net, ports: [REPLICATION=41147, RATIS=37431, RATIS_ADMIN=37431, RATIS_SERVER=37431, STANDALONE=46823], networkLocation: /default-rack, certSerialId: null, persistedOpState: null, persistedOpStateExpiryEpochSec: 0}. Asking datanode to re-register.
2022-03-14 02:40:37,560 [IPC Server handler 19 on default port 42035] INFO  server.SCMDatanodeHeartbeatDispatcher (SCMDatanodeHeartbeatDispatcher.java:dispatch(101)) - SCM received heartbeat from an unregistered datanode c593f1a5-11c2-4273-9636-a8fe79185bdd{ip: 10.1.0.7, host: fv-az501-120.rsswf2em5frezlg3dkjt5mgqaf.dx.internal.cloudapp.net, ports: [REPLICATION=38275, RATIS=38051, RATIS_ADMIN=38051, RATIS_SERVER=38051, STANDALONE=46611], networkLocation: /default-rack, certSerialId: null, persistedOpState: null, persistedOpStateExpiryEpochSec: 0}. Asking datanode to re-register.
2022-03-14 02:40:37,561 [IPC Server handler 7 on default port 42035] INFO  server.SCMDatanodeHeartbeatDispatcher (SCMDatanodeHeartbeatDispatcher.java:dispatch(101)) - SCM received heartbeat from an unregistered datanode c593f1a5-11c2-4273-9636-a8fe79185bdd{ip: 10.1.0.7, host: fv-az501-120.rsswf2em5frezlg3dkjt5mgqaf.dx.internal.cloudapp.net, ports: [REPLICATION=38275, RATIS=38051, RATIS_ADMIN=38051, RATIS_SERVER=38051, STANDALONE=46611], networkLocation: /default-rack, certSerialId: null, persistedOpState: null, persistedOpStateExpiryEpochSec: 0}. Asking datanode to re-register.
2022-03-14 02:40:37,562 [IPC Server handler 8 on default port 42035] INFO  server.SCMDatanodeHeartbeatDispatcher (SCMDatanodeHeartbeatDispatcher.java:dispatch(101)) - SCM received heartbeat from an unregistered datanode c593f1a5-11c2-4273-9636-a8fe79185bdd{ip: 10.1.0.7, host: fv-az501-120.rsswf2em5frezlg3dkjt5mgqaf.dx.internal.cloudapp.net, ports: [REPLICATION=38275, RATIS=38051, RATIS_ADMIN=38051, RATIS_SERVER=38051, STANDALONE=46611], networkLocation: /default-rack, certSerialId: null, persistedOpState: null, persistedOpStateExpiryEpochSec: 0}. Asking datanode to re-register.
2022-03-14 02:40:37,563 [IPC Server handler 9 on default port 42035] INFO  server.SCMDatanodeHeartbeatDispatcher (SCMDatanodeHeartbeatDispatcher.java:dispatch(101)) - SCM received heartbeat from an unregistered datanode c593f1a5-11c2-4273-9636-a8fe79185bdd{ip: 10.1.0.7, host: fv-az501-120.rsswf2em5frezlg3dkjt5mgqaf.dx.internal.cloudapp.net, ports: [REPLICATION=38275, RATIS=38051, RATIS_ADMIN=38051, RATIS_SERVER=38051, STANDALONE=46611], networkLocation: /default-rack, certSerialId: null, persistedOpState: null, persistedOpStateExpiryEpochSec: 0}. Asking datanode to re-register.
2022-03-14 02:40:37,564 [IPC Server handler 6 on default port 42035] INFO  server.SCMDatanodeHeartbeatDispatcher (SCMDatanodeHeartbeatDispatcher.java:dispatch(101)) - SCM received heartbeat from an unregistered datanode c593f1a5-11c2-4273-9636-a8fe79185bdd{ip: 10.1.0.7, host: fv-az501-120.rsswf2em5frezlg3dkjt5mgqaf.dx.internal.cloudapp.net, ports: [REPLICATION=38275, RATIS=38051, RATIS_ADMIN=38051, RATIS_SERVER=38051, STANDALONE=46611], networkLocation: /default-rack, certSerialId: null, persistedOpState: null, persistedOpStateExpiryEpochSec: 0}. Asking datanode to re-register.
2022-03-14 02:40:37,566 [IPC Server handler 17 on default port 42035] INFO  server.SCMDatanodeHeartbeatDispatcher (SCMDatanodeHeartbeatDispatcher.java:dispatch(101)) - SCM received heartbeat from an unregistered datanode c593f1a5-11c2-4273-9636-a8fe79185bdd{ip: 10.1.0.7, host: fv-az501-120.rsswf2em5frezlg3dkjt5mgqaf.dx.internal.cloudapp.net, ports: [REPLICATION=38275, RATIS=38051, RATIS_ADMIN=38051, RATIS_SERVER=38051, STANDALONE=46611], networkLocation: /default-rack, certSerialId: null, persistedOpState: null, persistedOpStateExpiryEpochSec: 0}. Asking datanode to re-register.
2022-03-14 02:40:37,567 [IPC Server handler 10 on default port 42035] INFO  server.SCMDatanodeHeartbeatDispatcher (SCMDatanodeHeartbeatDispatcher.java:dispatch(101)) - SCM received heartbeat from an unregistered datanode c593f1a5-11c2-4273-9636-a8fe79185bdd{ip: 10.1.0.7, host: fv-az501-120.rsswf2em5frezlg3dkjt5mgqaf.dx.internal.cloudapp.net, ports: [REPLICATION=38275, RATIS=38051, RATIS_ADMIN=38051, RATIS_SERVER=38051, STANDALONE=46611], networkLocation: /default-rack, certSerialId: null, persistedOpState: null, persistedOpStateExpiryEpochSec: 0}. Asking datanode to re-register.
2022-03-14 02:40:37,568 [IPC Server handler 12 on default port 42035] INFO  server.SCMDatanodeHeartbeatDispatcher (SCMDatanodeHeartbeatDispatcher.java:dispatch(101)) - SCM received heartbeat from an unregistered datanode c593f1a5-11c2-4273-9636-a8fe79185bdd{ip: 10.1.0.7, host: fv-az501-120.rsswf2em5frezlg3dkjt5mgqaf.dx.internal.cloudapp.net, ports: [REPLICATION=38275, RATIS=38051, RATIS_ADMIN=38051, RATIS_SERVER=38051, STANDALONE=46611], networkLocation: /default-rack, certSerialId: null, persistedOpState: null, persistedOpStateExpiryEpochSec: 0}. Asking datanode to re-register.
2022-03-14 02:40:37,727 [IPC Server handler 13 on default port 42035] INFO  net.NetworkTopologyImpl (NetworkTopologyImpl.java:add(112)) - Added a new node: /default-rack/c593f1a5-11c2-4273-9636-a8fe79185bdd
2022-03-14 02:40:37,727 [IPC Server handler 13 on default port 42035] INFO  node.SCMNodeManager (SCMNodeManager.java:register(391)) - Registered Data node : c593f1a5-11c2-4273-9636-a8fe79185bdd{ip: 10.1.0.7, host: fv-az501-120.rsswf2em5frezlg3dkjt5mgqaf.dx.internal.cloudapp.net, ports: [REPLICATION=38275, RATIS=38051, RATIS_ADMIN=38051, RATIS_SERVER=38051, STANDALONE=46611], networkLocation: /default-rack, certSerialId: null, persistedOpState: null, persistedOpStateExpiryEpochSec: 0}
2022-03-14 02:40:37,741 [EventQueue-NewNodeForNewNodeHandler] INFO  pipeline.BackgroundPipelineCreator (BackgroundPipelineCreator.java:notifyEventTriggered(285)) - trigger a one-shot run on RatisPipelineUtilsThread.
2022-03-14 02:40:37,759 [EventQueue-NodeRegistrationContainerReportForDataNodeSafeModeRule] INFO  safemode.SCMSafeModeManager (DataNodeSafeModeRule.java:process(71)) - SCM in safe mode. 1 DataNodes registered, 3 required.
2022-03-14 02:40:37,770 [EventQueue-NodeRegistrationContainerReportForContainerSafeModeRule] INFO  safemode.SCMSafeModeManager (SCMSafeModeManager.java:validateSafeModeExitRules(204)) - ContainerSafeModeRule rule is successfully validated
2022-03-14 02:40:37,778 [EventQueue-PipelineReportForOneReplicaPipelineSafeModeRule] INFO  safemode.SCMSafeModeManager (OneReplicaPipelineSafeModeRule.java:process(120)) - SCM in safe mode. Pipelines with at least one datanode reported count is 1, required at least one datanode reported per pipeline count is 1
2022-03-14 02:40:37,786 [EventQueue-PipelineReportForOneReplicaPipelineSafeModeRule] INFO  safemode.SCMSafeModeManager (SCMSafeModeManager.java:validateSafeModeExitRules(204)) - AtleastOneDatanodeReportedRule rule is successfully validated
2022-03-14 02:40:37,799 [EventQueue-OpenPipelineForHealthyPipelineSafeModeRule] INFO  safemode.SCMSafeModeManager (HealthyPipelineSafeModeRule.java:process(124)) - SCM in safe mode. Healthy pipelines reported count is 0, required healthy pipeline reported count is 1
2022-03-14 02:40:41,804 [Time-limited test] INFO  ozoneimpl.OzoneContainer (OzoneContainer.java:stop(356)) - Attempting to stop container services.
2022-03-14 02:40:41,807 [Time-limited test] INFO  server.RaftServer (RaftServerProxy.java:lambda$close$6(391)) - 3a253468-8d3c-457d-ae60-4bc5eace9979: close
2022-03-14 02:40:41,807 [Time-limited test] INFO  server.RaftServer$Division (RaftServerImpl.java:lambda$close$4(412)) - 3a253468-8d3c-457d-ae60-4bc5eace9979@group-34CA344D8402: shutdown
2022-03-14 02:40:41,807 [Time-limited test] INFO  util.JmxRegister (JmxRegister.java:unregister(73)) - Successfully un-registered JMX Bean with object name Ratis:service=RaftServer,group=group-34CA344D8402,id=3a253468-8d3c-457d-ae60-4bc5eace9979
2022-03-14 02:40:41,807 [Time-limited test] INFO  impl.RoleInfo (RoleInfo.java:shutdownFollowerState(108)) - 3a253468-8d3c-457d-ae60-4bc5eace9979: shutdown 3a253468-8d3c-457d-ae60-4bc5eace9979@group-34CA344D8402-FollowerState
2022-03-14 02:40:41,808 [Time-limited test] INFO  impl.StateMachineUpdater (StateMachineUpdater.java:stopAndJoin(149)) - 3a253468-8d3c-457d-ae60-4bc5eace9979@group-34CA344D8402-StateMachineUpdater: set stopIndex = 0
2022-03-14 02:40:41,808 [3a253468-8d3c-457d-ae60-4bc5eace9979@group-34CA344D8402-FollowerState] INFO  impl.FollowerState (FollowerState.java:run(143)) - 3a253468-8d3c-457d-ae60-4bc5eace9979@group-34CA344D8402-FollowerState was interrupted: {}
java.lang.InterruptedException: sleep interrupted
	at java.lang.Thread.sleep(Native Method)
	at java.lang.Thread.sleep(Thread.java:342)
	at java.util.concurrent.TimeUnit.sleep(TimeUnit.java:386)
	at org.apache.ratis.util.TimeDuration.sleep(TimeDuration.java:324)
	at org.apache.ratis.util.TimeDuration.sleep(TimeDuration.java:309)
	at org.apache.ratis.server.impl.FollowerState.run(FollowerState.java:118)
2022-03-14 02:40:41,808 [3a253468-8d3c-457d-ae60-4bc5eace9979@group-34CA344D8402-StateMachineUpdater] INFO  ratis.ContainerStateMachine (ContainerStateMachine.java:takeSnapshot(304)) - group-34CA344D8402: Taking a snapshot at:(t:8, i:0) file /home/runner/work/ozone/ozone/hadoop-ozone/integration-test/target/test-dir/MiniOzoneClusterImpl-a8714879-5ed3-4fa8-8176-35e71d15aa3e/datanode-1/data/ratis/7a1ec445-6f06-464b-9b77-34ca344d8402/sm/snapshot.8_0
2022-03-14 02:40:41,817 [3a253468-8d3c-457d-ae60-4bc5eace9979@group-34CA344D8402-StateMachineUpdater] INFO  ratis.ContainerStateMachine (ContainerStateMachine.java:takeSnapshot(315)) - group-34CA344D8402: Finished taking a snapshot at:(t:8, i:0) file:/home/runner/work/ozone/ozone/hadoop-ozone/integration-test/target/test-dir/MiniOzoneClusterImpl-a8714879-5ed3-4fa8-8176-35e71d15aa3e/datanode-1/data/ratis/7a1ec445-6f06-464b-9b77-34ca344d8402/sm/snapshot.8_0 took: 10 ms
2022-03-14 02:40:41,818 [3a253468-8d3c-457d-ae60-4bc5eace9979@group-34CA344D8402-StateMachineUpdater] INFO  impl.StateMachineUpdater (StateMachineUpdater.java:takeSnapshot(281)) - 3a253468-8d3c-457d-ae60-4bc5eace9979@group-34CA344D8402-StateMachineUpdater: Took a snapshot at index 0
2022-03-14 02:40:41,818 [3a253468-8d3c-457d-ae60-4bc5eace9979@group-34CA344D8402-StateMachineUpdater] INFO  impl.StateMachineUpdater (StateMachineUpdater.java:lambda$new$0(89)) - 3a253468-8d3c-457d-ae60-4bc5eace9979@group-34CA344D8402-StateMachineUpdater: snapshotIndex: updateIncreasingly -1 -> 0
2022-03-14 02:40:41,818 [ForkJoinPool.commonPool-worker-1] INFO  ozoneimpl.OzoneContainer (OzoneContainer.java:stop(356)) - Attempting to stop container services.
2022-03-14 02:40:41,818 [Time-limited test] INFO  server.RaftServer$Division (ServerState.java:close(419)) - 3a253468-8d3c-457d-ae60-4bc5eace9979@group-34CA344D8402: closes. applyIndex: 0
2022-03-14 02:40:41,819 [3a253468-8d3c-457d-ae60-4bc5eace9979@group-34CA344D8402-SegmentedRaftLogWorker] INFO  segmented.SegmentedRaftLogWorker (SegmentedRaftLogWorker.java:run(327)) - 3a253468-8d3c-457d-ae60-4bc5eace9979@group-34CA344D8402-SegmentedRaftLogWorker was interrupted, exiting. There are 0 tasks remaining in the queue.
2022-03-14 02:40:41,819 [ForkJoinPool.commonPool-worker-1] INFO  server.RaftServer (RaftServerProxy.java:lambda$close$6(391)) - ebc46dcb-de55-4ee6-9f88-6ea23d1a12c2: close
2022-03-14 02:40:41,819 [ForkJoinPool.commonPool-worker-1] INFO  server.RaftServer$Division (RaftServerImpl.java:lambda$close$4(412)) - ebc46dcb-de55-4ee6-9f88-6ea23d1a12c2@group-A36BFBA1ACFC: shutdown
2022-03-14 02:40:41,819 [ForkJoinPool.commonPool-worker-1] INFO  util.JmxRegister (JmxRegister.java:unregister(73)) - Successfully un-registered JMX Bean with object name Ratis:service=RaftServer,group=group-A36BFBA1ACFC,id=ebc46dcb-de55-4ee6-9f88-6ea23d1a12c2
2022-03-14 02:40:41,819 [ForkJoinPool.commonPool-worker-1] INFO  impl.RoleInfo (RoleInfo.java:shutdownFollowerState(108)) - ebc46dcb-de55-4ee6-9f88-6ea23d1a12c2: shutdown ebc46dcb-de55-4ee6-9f88-6ea23d1a12c2@group-A36BFBA1ACFC-FollowerState
2022-03-14 02:40:41,819 [ForkJoinPool.commonPool-worker-1] INFO  impl.StateMachineUpdater (StateMachineUpdater.java:stopAndJoin(149)) - ebc46dcb-de55-4ee6-9f88-6ea23d1a12c2@group-A36BFBA1ACFC-StateMachineUpdater: set stopIndex = 0
2022-03-14 02:40:41,820 [ForkJoinPool.commonPool-worker-1] INFO  server.RaftServer$Division (ServerState.java:close(419)) - ebc46dcb-de55-4ee6-9f88-6ea23d1a12c2@group-A36BFBA1ACFC: closes. applyIndex: 0
2022-03-14 02:40:41,821 [ebc46dcb-de55-4ee6-9f88-6ea23d1a12c2@group-A36BFBA1ACFC-SegmentedRaftLogWorker] INFO  segmented.SegmentedRaftLogWorker (SegmentedRaftLogWorker.java:run(327)) - ebc46dcb-de55-4ee6-9f88-6ea23d1a12c2@group-A36BFBA1ACFC-SegmentedRaftLogWorker was interrupted, exiting. There are 0 tasks remaining in the queue.
2022-03-14 02:40:41,819 [ebc46dcb-de55-4ee6-9f88-6ea23d1a12c2@group-A36BFBA1ACFC-FollowerState] INFO  impl.FollowerState (FollowerState.java:run(143)) - ebc46dcb-de55-4ee6-9f88-6ea23d1a12c2@group-A36BFBA1ACFC-FollowerState was interrupted: {}
java.lang.InterruptedException: sleep interrupted
	at java.lang.Thread.sleep(Native Method)
	at java.lang.Thread.sleep(Thread.java:342)
	at java.util.concurrent.TimeUnit.sleep(TimeUnit.java:386)
	at org.apache.ratis.util.TimeDuration.sleep(TimeDuration.java:324)
	at org.apache.ratis.util.TimeDuration.sleep(TimeDuration.java:309)
	at org.apache.ratis.server.impl.FollowerState.run(FollowerState.java:118)
2022-03-14 02:40:41,821 [ForkJoinPool.commonPool-worker-1] INFO  segmented.SegmentedRaftLogWorker (SegmentedRaftLogWorker.java:close(237)) - ebc46dcb-de55-4ee6-9f88-6ea23d1a12c2@group-A36BFBA1ACFC-SegmentedRaftLogWorker close()
2022-03-14 02:40:41,820 [Time-limited test] INFO  segmented.SegmentedRaftLogWorker (SegmentedRaftLogWorker.java:close(237)) - 3a253468-8d3c-457d-ae60-4bc5eace9979@group-34CA344D8402-SegmentedRaftLogWorker close()
2022-03-14 02:40:41,834 [ForkJoinPool.commonPool-worker-1] INFO  server.RaftServer$Division (RaftServerImpl.java:lambda$close$4(412)) - ebc46dcb-de55-4ee6-9f88-6ea23d1a12c2@group-34CA344D8402: shutdown
2022-03-14 02:40:41,834 [ForkJoinPool.commonPool-worker-1] INFO  util.JmxRegister (JmxRegister.java:unregister(73)) - Successfully un-registered JMX Bean with object name Ratis:service=RaftServer,group=group-34CA344D8402,id=ebc46dcb-de55-4ee6-9f88-6ea23d1a12c2
2022-03-14 02:40:41,834 [ForkJoinPool.commonPool-worker-1] INFO  impl.RoleInfo (RoleInfo.java:shutdownFollowerState(108)) - ebc46dcb-de55-4ee6-9f88-6ea23d1a12c2: shutdown ebc46dcb-de55-4ee6-9f88-6ea23d1a12c2@group-34CA344D8402-FollowerState
2022-03-14 02:40:41,834 [ForkJoinPool.commonPool-worker-1] INFO  impl.StateMachineUpdater (StateMachineUpdater.java:stopAndJoin(149)) - ebc46dcb-de55-4ee6-9f88-6ea23d1a12c2@group-34CA344D8402-StateMachineUpdater: set stopIndex = 0
2022-03-14 02:40:41,834 [Time-limited test] INFO  server.RaftServer$Division (RaftServerImpl.java:lambda$close$4(412)) - 3a253468-8d3c-457d-ae60-4bc5eace9979@group-4F9712600775: shutdown
2022-03-14 02:40:41,835 [Time-limited test] INFO  util.JmxRegister (JmxRegister.java:unregister(73)) - Successfully un-registered JMX Bean with object name Ratis:service=RaftServer,group=group-4F9712600775,id=3a253468-8d3c-457d-ae60-4bc5eace9979
2022-03-14 02:40:41,835 [Time-limited test] INFO  impl.RoleInfo (RoleInfo.java:shutdownLeaderState(91)) - 3a253468-8d3c-457d-ae60-4bc5eace9979: shutdown 3a253468-8d3c-457d-ae60-4bc5eace9979@group-4F9712600775-LeaderStateImpl
2022-03-14 02:40:41,835 [Time-limited test] INFO  impl.PendingRequests (PendingRequests.java:sendNotLeaderResponses(282)) - 3a253468-8d3c-457d-ae60-4bc5eace9979@group-4F9712600775-PendingRequests: sendNotLeaderResponses
2022-03-14 02:40:41,836 [Time-limited test] INFO  impl.StateMachineUpdater (StateMachineUpdater.java:stopAndJoin(149)) - 3a253468-8d3c-457d-ae60-4bc5eace9979@group-4F9712600775-StateMachineUpdater: set stopIndex = 0
2022-03-14 02:40:41,837 [3a253468-8d3c-457d-ae60-4bc5eace9979@group-4F9712600775-StateMachineUpdater] INFO  ratis.ContainerStateMachine (ContainerStateMachine.java:takeSnapshot(304)) - group-4F9712600775: Taking a snapshot at:(t:1, i:0) file /home/runner/work/ozone/ozone/hadoop-ozone/integration-test/target/test-dir/MiniOzoneClusterImpl-a8714879-5ed3-4fa8-8176-35e71d15aa3e/datanode-1/data/ratis/b4e4cc75-9b0f-4448-80b8-4f9712600775/sm/snapshot.1_0
2022-03-14 02:40:41,835 [ebc46dcb-de55-4ee6-9f88-6ea23d1a12c2@group-34CA344D8402-FollowerState] INFO  impl.FollowerState (FollowerState.java:run(143)) - ebc46dcb-de55-4ee6-9f88-6ea23d1a12c2@group-34CA344D8402-FollowerState was interrupted: {}
java.lang.InterruptedException: sleep interrupted
	at java.lang.Thread.sleep(Native Method)
	at java.lang.Thread.sleep(Thread.java:342)
	at java.util.concurrent.TimeUnit.sleep(TimeUnit.java:386)
	at org.apache.ratis.util.TimeDuration.sleep(TimeDuration.java:324)
	at org.apache.ratis.util.TimeDuration.sleep(TimeDuration.java:309)
	at org.apache.ratis.server.impl.FollowerState.run(FollowerState.java:118)
2022-03-14 02:40:41,838 [ForkJoinPool.commonPool-worker-1] INFO  server.RaftServer$Division (ServerState.java:close(419)) - ebc46dcb-de55-4ee6-9f88-6ea23d1a12c2@group-34CA344D8402: closes. applyIndex: 0
2022-03-14 02:40:41,838 [ebc46dcb-de55-4ee6-9f88-6ea23d1a12c2@group-34CA344D8402-SegmentedRaftLogWorker] INFO  segmented.SegmentedRaftLogWorker (SegmentedRaftLogWorker.java:run(327)) - ebc46dcb-de55-4ee6-9f88-6ea23d1a12c2@group-34CA344D8402-SegmentedRaftLogWorker was interrupted, exiting. There are 0 tasks remaining in the queue.
2022-03-14 02:40:41,840 [3a253468-8d3c-457d-ae60-4bc5eace9979@group-4F9712600775-StateMachineUpdater] INFO  ratis.ContainerStateMachine (ContainerStateMachine.java:takeSnapshot(315)) - group-4F9712600775: Finished taking a snapshot at:(t:1, i:0) file:/home/runner/work/ozone/ozone/hadoop-ozone/integration-test/target/test-dir/MiniOzoneClusterImpl-a8714879-5ed3-4fa8-8176-35e71d15aa3e/datanode-1/data/ratis/b4e4cc75-9b0f-4448-80b8-4f9712600775/sm/snapshot.1_0 took: 3 ms
2022-03-14 02:40:41,841 [3a253468-8d3c-457d-ae60-4bc5eace9979@group-4F9712600775-StateMachineUpdater] INFO  impl.StateMachineUpdater (StateMachineUpdater.java:takeSnapshot(281)) - 3a253468-8d3c-457d-ae60-4bc5eace9979@group-4F9712600775-StateMachineUpdater: Took a snapshot at index 0
2022-03-14 02:40:41,841 [3a253468-8d3c-457d-ae60-4bc5eace9979@group-4F9712600775-StateMachineUpdater] INFO  impl.StateMachineUpdater (StateMachineUpdater.java:lambda$new$0(89)) - 3a253468-8d3c-457d-ae60-4bc5eace9979@group-4F9712600775-StateMachineUpdater: snapshotIndex: updateIncreasingly -1 -> 0
2022-03-14 02:40:41,842 [Time-limited test] INFO  server.RaftServer$Division (ServerState.java:close(419)) - 3a253468-8d3c-457d-ae60-4bc5eace9979@group-4F9712600775: closes. applyIndex: 0
2022-03-14 02:40:41,842 [3a253468-8d3c-457d-ae60-4bc5eace9979@group-4F9712600775-SegmentedRaftLogWorker] INFO  segmented.SegmentedRaftLogWorker (SegmentedRaftLogWorker.java:run(327)) - 3a253468-8d3c-457d-ae60-4bc5eace9979@group-4F9712600775-SegmentedRaftLogWorker was interrupted, exiting. There are 0 tasks remaining in the queue.
2022-03-14 02:40:41,843 [ForkJoinPool.commonPool-worker-1] INFO  segmented.SegmentedRaftLogWorker (SegmentedRaftLogWorker.java:close(237)) - ebc46dcb-de55-4ee6-9f88-6ea23d1a12c2@group-34CA344D8402-SegmentedRaftLogWorker close()
2022-03-14 02:40:41,844 [Time-limited test] INFO  segmented.SegmentedRaftLogWorker (SegmentedRaftLogWorker.java:close(237)) - 3a253468-8d3c-457d-ae60-4bc5eace9979@group-4F9712600775-SegmentedRaftLogWorker close()
2022-03-14 02:40:41,854 [Time-limited test] INFO  server.GrpcService (GrpcService.java:closeImpl(262)) - 3a253468-8d3c-457d-ae60-4bc5eace9979: shutdown server with port 37431 now
2022-03-14 02:40:41,854 [ForkJoinPool.commonPool-worker-1] INFO  server.GrpcService (GrpcService.java:closeImpl(262)) - ebc46dcb-de55-4ee6-9f88-6ea23d1a12c2: shutdown server with port 45971 now
2022-03-14 02:40:41,869 [grpc-default-executor-3] WARN  server.GrpcServerProtocolService (LogUtils.java:warn(122)) - 3a253468-8d3c-457d-ae60-4bc5eace9979: installSnapshot onError, lastRequest: c593f1a5-11c2-4273-9636-a8fe79185bdd->3a253468-8d3c-457d-ae60-4bc5eace9979#1-t8,previous=(t:0, i:0),leaderCommit=-1,initializing? true,entries: size=1, first=(t:8, i:0), CONFIGURATIONENTRY: org.apache.ratis.thirdparty.io.grpc.StatusRuntimeException: CANCELLED: client cancelled
2022-03-14 02:40:41,874 [grpc-default-executor-3] WARN  server.GrpcServerProtocolService (LogUtils.java:warn(122)) - ebc46dcb-de55-4ee6-9f88-6ea23d1a12c2: installSnapshot onError, lastRequest: null: org.apache.ratis.thirdparty.io.grpc.StatusRuntimeException: CANCELLED: client cancelled
2022-03-14 02:40:41,882 [grpc-default-executor-4] WARN  server.GrpcLogAppender (LogUtils.java:warn(122)) - c593f1a5-11c2-4273-9636-a8fe79185bdd@group-34CA344D8402->3a253468-8d3c-457d-ae60-4bc5eace9979-AppendLogResponseHandler: Failed appendEntries: org.apache.ratis.thirdparty.io.grpc.StatusRuntimeException: CANCELLED: HTTP/2 error code: CANCEL
Received Rst Stream
2022-03-14 02:40:41,882 [grpc-default-executor-4] WARN  server.GrpcLogAppender (GrpcLogAppender.java:resetClient(110)) - c593f1a5-11c2-4273-9636-a8fe79185bdd@group-34CA344D8402->3a253468-8d3c-457d-ae60-4bc5eace9979-GrpcLogAppender: Leader has not got in touch with Follower c593f1a5-11c2-4273-9636-a8fe79185bdd@group-34CA344D8402->3a253468-8d3c-457d-ae60-4bc5eace9979(c0,m0,n1, attendVote=true, lastRpcSendTime=1865, lastRpcResponseTime=1839) yet, just keep nextIndex unchanged and retry.
2022-03-14 02:40:41,883 [grpc-default-executor-0] WARN  server.GrpcLogAppender (LogUtils.java:warn(122)) - c593f1a5-11c2-4273-9636-a8fe79185bdd@group-34CA344D8402->ebc46dcb-de55-4ee6-9f88-6ea23d1a12c2-AppendLogResponseHandler: Failed appendEntries: org.apache.ratis.thirdparty.io.grpc.StatusRuntimeException: CANCELLED: HTTP/2 error code: CANCEL
Received Rst Stream
2022-03-14 02:40:41,883 [grpc-default-executor-0] WARN  server.GrpcLogAppender (GrpcLogAppender.java:resetClient(110)) - c593f1a5-11c2-4273-9636-a8fe79185bdd@group-34CA344D8402->ebc46dcb-de55-4ee6-9f88-6ea23d1a12c2-GrpcLogAppender: Leader has not got in touch with Follower c593f1a5-11c2-4273-9636-a8fe79185bdd@group-34CA344D8402->ebc46dcb-de55-4ee6-9f88-6ea23d1a12c2(c0,m0,n1, attendVote=true, lastRpcSendTime=1867, lastRpcResponseTime=1842) yet, just keep nextIndex unchanged and retry.
2022-03-14 02:40:41,883 [ForkJoinPool.commonPool-worker-1] INFO  server.GrpcService (GrpcService.java:closeImpl(271)) - ebc46dcb-de55-4ee6-9f88-6ea23d1a12c2: shutdown server with port 45971 successfully
2022-03-14 02:40:41,883 [org.apache.ratis.util.JvmPauseMonitor$$Lambda$431/1941186180@433bc962] INFO  util.JvmPauseMonitor (JvmPauseMonitor.java:run(109)) - JvmPauseMonitor-ebc46dcb-de55-4ee6-9f88-6ea23d1a12c2: Stopped
2022-03-14 02:40:41,901 [Time-limited test] INFO  server.GrpcService (GrpcService.java:closeImpl(271)) - 3a253468-8d3c-457d-ae60-4bc5eace9979: shutdown server with port 37431 successfully
2022-03-14 02:40:41,901 [org.apache.ratis.util.JvmPauseMonitor$$Lambda$431/1941186180@4e7e6cbb] INFO  util.JvmPauseMonitor (JvmPauseMonitor.java:run(109)) - JvmPauseMonitor-3a253468-8d3c-457d-ae60-4bc5eace9979: Stopped
2022-03-14 02:40:42,543 [grpc-default-executor-0] WARN  server.GrpcLogAppender (LogUtils.java:warn(122)) - c593f1a5-11c2-4273-9636-a8fe79185bdd@group-34CA344D8402->ebc46dcb-de55-4ee6-9f88-6ea23d1a12c2-AppendLogResponseHandler: Failed appendEntries: org.apache.ratis.thirdparty.io.grpc.StatusRuntimeException: UNAVAILABLE: io exception
2022-03-14 02:40:42,543 [grpc-default-executor-0] WARN  server.GrpcLogAppender (GrpcLogAppender.java:resetClient(110)) - c593f1a5-11c2-4273-9636-a8fe79185bdd@group-34CA344D8402->ebc46dcb-de55-4ee6-9f88-6ea23d1a12c2-GrpcLogAppender: Leader has not got in touch with Follower c593f1a5-11c2-4273-9636-a8fe79185bdd@group-34CA344D8402->ebc46dcb-de55-4ee6-9f88-6ea23d1a12c2(c0,m0,n1, attendVote=true, lastRpcSendTime=1, lastRpcResponseTime=2502) yet, just keep nextIndex unchanged and retry.
2022-03-14 02:40:42,594 [grpc-default-executor-0] WARN  server.GrpcLogAppender (LogUtils.java:warn(122)) - c593f1a5-11c2-4273-9636-a8fe79185bdd@group-34CA344D8402->3a253468-8d3c-457d-ae60-4bc5eace9979-AppendLogResponseHandler: Failed appendEntries: org.apache.ratis.thirdparty.io.grpc.StatusRuntimeException: UNAVAILABLE: io exception
2022-03-14 02:40:42,595 [grpc-default-executor-0] WARN  server.GrpcLogAppender (GrpcLogAppender.java:resetClient(110)) - c593f1a5-11c2-4273-9636-a8fe79185bdd@group-34CA344D8402->3a253468-8d3c-457d-ae60-4bc5eace9979-GrpcLogAppender: Leader has not got in touch with Follower c593f1a5-11c2-4273-9636-a8fe79185bdd@group-34CA344D8402->3a253468-8d3c-457d-ae60-4bc5eace9979(c0,m0,n1, attendVote=true, lastRpcSendTime=0, lastRpcResponseTime=2552) yet, just keep nextIndex unchanged and retry.
2022-03-14 02:40:43,916 [ForkJoinPool.commonPool-worker-1] INFO  utils.BackgroundService (BackgroundService.java:shutdown(132)) - Shutting down service BlockDeletingService
2022-03-14 02:40:43,994 [Time-limited test] INFO  utils.BackgroundService (BackgroundService.java:shutdown(132)) - Shutting down service BlockDeletingService
2022-03-14 02:40:45,051 [grpc-default-executor-0] WARN  server.GrpcLogAppender (LogUtils.java:warn(122)) - c593f1a5-11c2-4273-9636-a8fe79185bdd@group-34CA344D8402->ebc46dcb-de55-4ee6-9f88-6ea23d1a12c2-AppendLogResponseHandler: Failed appendEntries: org.apache.ratis.thirdparty.io.grpc.StatusRuntimeException: UNAVAILABLE: io exception
2022-03-14 02:40:45,052 [grpc-default-executor-0] WARN  server.GrpcLogAppender (GrpcLogAppender.java:resetClient(110)) - c593f1a5-11c2-4273-9636-a8fe79185bdd@group-34CA344D8402->ebc46dcb-de55-4ee6-9f88-6ea23d1a12c2-GrpcLogAppender: Leader has not got in touch with Follower c593f1a5-11c2-4273-9636-a8fe79185bdd@group-34CA344D8402->ebc46dcb-de55-4ee6-9f88-6ea23d1a12c2(c0,m0,n1, attendVote=true, lastRpcSendTime=1, lastRpcResponseTime=5011) yet, just keep nextIndex unchanged and retry.
2022-03-14 02:40:45,109 [grpc-default-executor-0] WARN  server.GrpcLogAppender (LogUtils.java:warn(122)) - c593f1a5-11c2-4273-9636-a8fe79185bdd@group-34CA344D8402->3a253468-8d3c-457d-ae60-4bc5eace9979-AppendLogResponseHandler: Failed appendEntries: org.apache.ratis.thirdparty.io.grpc.StatusRuntimeException: UNAVAILABLE: io exception
2022-03-14 02:40:45,110 [grpc-default-executor-0] WARN  server.GrpcLogAppender (GrpcLogAppender.java:resetClient(110)) - c593f1a5-11c2-4273-9636-a8fe79185bdd@group-34CA344D8402->3a253468-8d3c-457d-ae60-4bc5eace9979-GrpcLogAppender: Leader has not got in touch with Follower c593f1a5-11c2-4273-9636-a8fe79185bdd@group-34CA344D8402->3a253468-8d3c-457d-ae60-4bc5eace9979(c0,m0,n1, attendVote=true, lastRpcSendTime=2516, lastRpcResponseTime=5067) yet, just keep nextIndex unchanged and retry.
2022-03-14 02:40:46,524 [c593f1a5-11c2-4273-9636-a8fe79185bdd@group-34CA344D8402-LeaderStateImpl] WARN  server.RaftServer$Division (LeaderStateImpl.java:checkLeadership(974)) - c593f1a5-11c2-4273-9636-a8fe79185bdd@group-34CA344D8402-LeaderStateImpl: Lost leadership on term: 8. Election timeout: 5200ms. In charge for: 46848ms. Conf: 0: [ebc46dcb-de55-4ee6-9f88-6ea23d1a12c2|rpc:10.1.0.7:45971|dataStream:|priority:0, c593f1a5-11c2-4273-9636-a8fe79185bdd|rpc:10.1.0.7:38051|dataStream:|priority:1, 3a253468-8d3c-457d-ae60-4bc5eace9979|rpc:10.1.0.7:37431|dataStream:|priority:0], old=null
2022-03-14 02:40:46,525 [c593f1a5-11c2-4273-9636-a8fe79185bdd@group-34CA344D8402-LeaderStateImpl] WARN  server.RaftServer$Division (LeaderStateImpl.java:lambda$checkLeadership$15(978)) - Follower c593f1a5-11c2-4273-9636-a8fe79185bdd@group-34CA344D8402->ebc46dcb-de55-4ee6-9f88-6ea23d1a12c2(c0,m0,n1, attendVote=true, lastRpcSendTime=1475, lastRpcResponseTime=6484)
2022-03-14 02:40:46,526 [c593f1a5-11c2-4273-9636-a8fe79185bdd@group-34CA344D8402-LeaderStateImpl] WARN  server.RaftServer$Division (LeaderStateImpl.java:lambda$checkLeadership$15(978)) - Follower c593f1a5-11c2-4273-9636-a8fe79185bdd@group-34CA344D8402->3a253468-8d3c-457d-ae60-4bc5eace9979(c0,m0,n1, attendVote=true, lastRpcSendTime=1414, lastRpcResponseTime=6482)
2022-03-14 02:40:46,526 [c593f1a5-11c2-4273-9636-a8fe79185bdd@group-34CA344D8402-LeaderStateImpl] INFO  server.RaftServer$Division (RaftServerImpl.java:setRole(290)) - c593f1a5-11c2-4273-9636-a8fe79185bdd@group-34CA344D8402: changes role from    LEADER to FOLLOWER at term 8 for StepDownReason:LOST_MAJORITY_HEARTBEATS
2022-03-14 02:40:46,526 [c593f1a5-11c2-4273-9636-a8fe79185bdd@group-34CA344D8402-LeaderStateImpl] INFO  impl.RoleInfo (RoleInfo.java:shutdownLeaderState(91)) - c593f1a5-11c2-4273-9636-a8fe79185bdd: shutdown c593f1a5-11c2-4273-9636-a8fe79185bdd@group-34CA344D8402-LeaderStateImpl
2022-03-14 02:40:46,526 [c593f1a5-11c2-4273-9636-a8fe79185bdd@group-34CA344D8402-LeaderStateImpl] INFO  impl.PendingRequests (PendingRequests.java:sendNotLeaderResponses(282)) - c593f1a5-11c2-4273-9636-a8fe79185bdd@group-34CA344D8402-PendingRequests: sendNotLeaderResponses
2022-03-14 02:40:46,527 [c593f1a5-11c2-4273-9636-a8fe79185bdd@group-34CA344D8402-LeaderStateImpl] INFO  impl.RoleInfo (RoleInfo.java:updateAndGet(130)) - c593f1a5-11c2-4273-9636-a8fe79185bdd: start c593f1a5-11c2-4273-9636-a8fe79185bdd@group-34CA344D8402-FollowerState
2022-03-14 02:40:46,927 [ForkJoinPool.commonPool-worker-1] INFO  statemachine.DatanodeStateMachine (DatanodeStateMachine.java:stopDaemon(529)) - Ozone container server stopped.
2022-03-14 02:40:46,928 [ForkJoinPool.commonPool-worker-1] INFO  handler.ContextHandler (ContextHandler.java:doStop(1153)) - Stopped o.e.j.w.WebAppContext@ac10a91{hddsDatanode,/,null,STOPPED}{jar:file:/home/runner/.m2/repository/org/apache/ozone/hdds-container-service/1.3.0-SNAPSHOT/hdds-container-service-1.3.0-SNAPSHOT.jar!/webapps/hddsDatanode}
2022-03-14 02:40:46,930 [ForkJoinPool.commonPool-worker-1] INFO  server.AbstractConnector (AbstractConnector.java:doStop(381)) - Stopped ServerConnector@485979db{HTTP/1.1, (http/1.1)}{0.0.0.0:38861}
2022-03-14 02:40:46,930 [ForkJoinPool.commonPool-worker-1] INFO  server.session (HouseKeeper.java:stopScavenging(149)) - node0 Stopped scavenging
2022-03-14 02:40:46,930 [ForkJoinPool.commonPool-worker-1] INFO  handler.ContextHandler (ContextHandler.java:doStop(1153)) - Stopped o.e.j.s.ServletContextHandler@725fb6b8{static,/static,jar:file:/home/runner/.m2/repository/org/apache/ozone/hdds-container-service/1.3.0-SNAPSHOT/hdds-container-service-1.3.0-SNAPSHOT.jar!/webapps/static,STOPPED}
2022-03-14 02:40:46,931 [ForkJoinPool.commonPool-worker-1] INFO  handler.ContextHandler (ContextHandler.java:doStop(1153)) - Stopped o.e.j.s.ServletContextHandler@4485519b{logs,/logs,file:///home/runner/work/ozone/ozone/hadoop-ozone/integration-test/target/log,STOPPED}
2022-03-14 02:40:47,004 [Time-limited test] INFO  statemachine.DatanodeStateMachine (DatanodeStateMachine.java:stopDaemon(529)) - Ozone container server stopped.
2022-03-14 02:40:47,006 [Time-limited test] INFO  handler.ContextHandler (ContextHandler.java:doStop(1153)) - Stopped o.e.j.w.WebAppContext@47dfe262{hddsDatanode,/,null,STOPPED}{jar:file:/home/runner/.m2/repository/org/apache/ozone/hdds-container-service/1.3.0-SNAPSHOT/hdds-container-service-1.3.0-SNAPSHOT.jar!/webapps/hddsDatanode}
2022-03-14 02:40:47,025 [Time-limited test] INFO  server.AbstractConnector (AbstractConnector.java:doStop(381)) - Stopped ServerConnector@2cced70b{HTTP/1.1, (http/1.1)}{0.0.0.0:0}
2022-03-14 02:40:47,025 [Time-limited test] INFO  server.session (HouseKeeper.java:stopScavenging(149)) - node0 Stopped scavenging
2022-03-14 02:40:47,029 [Time-limited test] INFO  handler.ContextHandler (ContextHandler.java:doStop(1153)) - Stopped o.e.j.s.ServletContextHandler@3fa8665d{static,/static,jar:file:/home/runner/.m2/repository/org/apache/ozone/hdds-container-service/1.3.0-SNAPSHOT/hdds-container-service-1.3.0-SNAPSHOT.jar!/webapps/static,STOPPED}
2022-03-14 02:40:47,029 [Time-limited test] INFO  handler.ContextHandler (ContextHandler.java:doStop(1153)) - Stopped o.e.j.s.ServletContextHandler@31c5e582{logs,/logs,file:///home/runner/work/ozone/ozone/hadoop-ozone/integration-test/target/log,STOPPED}
2022-03-14 02:40:51,720 [c593f1a5-11c2-4273-9636-a8fe79185bdd@group-34CA344D8402-FollowerState] INFO  impl.FollowerState (FollowerState.java:lostMajorityHeartbeatsRecently(107)) - c593f1a5-11c2-4273-9636-a8fe79185bdd@group-34CA344D8402-FollowerState: Skipping leader election since it stepped down recently (elapsed = 5193ms < waitTime = 10s)
2022-03-14 02:40:51,934 [ForkJoinPool.commonPool-worker-1] INFO  ozoneimpl.OzoneContainer (OzoneContainer.java:stop(356)) - Attempting to stop container services.
2022-03-14 02:40:51,934 [ForkJoinPool.commonPool-worker-1] INFO  server.RaftServer (RaftServerProxy.java:lambda$close$6(391)) - c593f1a5-11c2-4273-9636-a8fe79185bdd: close
2022-03-14 02:40:51,935 [ForkJoinPool.commonPool-worker-1] INFO  server.RaftServer$Division (RaftServerImpl.java:lambda$close$4(412)) - c593f1a5-11c2-4273-9636-a8fe79185bdd@group-34CA344D8402: shutdown
2022-03-14 02:40:51,935 [ForkJoinPool.commonPool-worker-1] INFO  util.JmxRegister (JmxRegister.java:unregister(73)) - Successfully un-registered JMX Bean with object name Ratis:service=RaftServer,group=group-34CA344D8402,id=c593f1a5-11c2-4273-9636-a8fe79185bdd
2022-03-14 02:40:51,935 [ForkJoinPool.commonPool-worker-1] INFO  impl.RoleInfo (RoleInfo.java:shutdownFollowerState(108)) - c593f1a5-11c2-4273-9636-a8fe79185bdd: shutdown c593f1a5-11c2-4273-9636-a8fe79185bdd@group-34CA344D8402-FollowerState
2022-03-14 02:40:51,935 [ForkJoinPool.commonPool-worker-1] INFO  impl.StateMachineUpdater (StateMachineUpdater.java:stopAndJoin(149)) - c593f1a5-11c2-4273-9636-a8fe79185bdd@group-34CA344D8402-StateMachineUpdater: set stopIndex = 0
2022-03-14 02:40:51,935 [c593f1a5-11c2-4273-9636-a8fe79185bdd@group-34CA344D8402-FollowerState] INFO  impl.FollowerState (FollowerState.java:run(143)) - c593f1a5-11c2-4273-9636-a8fe79185bdd@group-34CA344D8402-FollowerState was interrupted: {}
java.lang.InterruptedException: sleep interrupted
	at java.lang.Thread.sleep(Native Method)
	at java.lang.Thread.sleep(Thread.java:342)
	at java.util.concurrent.TimeUnit.sleep(TimeUnit.java:386)
	at org.apache.ratis.util.TimeDuration.sleep(TimeDuration.java:324)
	at org.apache.ratis.util.TimeDuration.sleep(TimeDuration.java:309)
	at org.apache.ratis.server.impl.FollowerState.run(FollowerState.java:118)
2022-03-14 02:40:51,936 [c593f1a5-11c2-4273-9636-a8fe79185bdd@group-34CA344D8402-StateMachineUpdater] INFO  ratis.ContainerStateMachine (ContainerStateMachine.java:takeSnapshot(304)) - group-34CA344D8402: Taking a snapshot at:(t:8, i:0) file /home/runner/work/ozone/ozone/hadoop-ozone/integration-test/target/test-dir/MiniOzoneClusterImpl-a8714879-5ed3-4fa8-8176-35e71d15aa3e/datanode-2/data/ratis/7a1ec445-6f06-464b-9b77-34ca344d8402/sm/snapshot.8_0
2022-03-14 02:40:51,939 [c593f1a5-11c2-4273-9636-a8fe79185bdd@group-34CA344D8402-StateMachineUpdater] INFO  ratis.ContainerStateMachine (ContainerStateMachine.java:takeSnapshot(315)) - group-34CA344D8402: Finished taking a snapshot at:(t:8, i:0) file:/home/runner/work/ozone/ozone/hadoop-ozone/integration-test/target/test-dir/MiniOzoneClusterImpl-a8714879-5ed3-4fa8-8176-35e71d15aa3e/datanode-2/data/ratis/7a1ec445-6f06-464b-9b77-34ca344d8402/sm/snapshot.8_0 took: 3 ms
2022-03-14 02:40:51,939 [c593f1a5-11c2-4273-9636-a8fe79185bdd@group-34CA344D8402-StateMachineUpdater] INFO  impl.StateMachineUpdater (StateMachineUpdater.java:takeSnapshot(281)) - c593f1a5-11c2-4273-9636-a8fe79185bdd@group-34CA344D8402-StateMachineUpdater: Took a snapshot at index 0
2022-03-14 02:40:51,939 [c593f1a5-11c2-4273-9636-a8fe79185bdd@group-34CA344D8402-StateMachineUpdater] INFO  impl.StateMachineUpdater (StateMachineUpdater.java:lambda$new$0(89)) - c593f1a5-11c2-4273-9636-a8fe79185bdd@group-34CA344D8402-StateMachineUpdater: snapshotIndex: updateIncreasingly -1 -> 0
2022-03-14 02:40:51,940 [ForkJoinPool.commonPool-worker-1] INFO  server.RaftServer$Division (ServerState.java:close(419)) - c593f1a5-11c2-4273-9636-a8fe79185bdd@group-34CA344D8402: closes. applyIndex: 0
2022-03-14 02:40:51,940 [c593f1a5-11c2-4273-9636-a8fe79185bdd@group-34CA344D8402-SegmentedRaftLogWorker] INFO  segmented.SegmentedRaftLogWorker (SegmentedRaftLogWorker.java:run(327)) - c593f1a5-11c2-4273-9636-a8fe79185bdd@group-34CA344D8402-SegmentedRaftLogWorker was interrupted, exiting. There are 0 tasks remaining in the queue.
2022-03-14 02:40:51,941 [ForkJoinPool.commonPool-worker-1] INFO  segmented.SegmentedRaftLogWorker (SegmentedRaftLogWorker.java:close(237)) - c593f1a5-11c2-4273-9636-a8fe79185bdd@group-34CA344D8402-SegmentedRaftLogWorker close()
2022-03-14 02:40:51,941 [ForkJoinPool.commonPool-worker-1] INFO  server.RaftServer$Division (RaftServerImpl.java:lambda$close$4(412)) - c593f1a5-11c2-4273-9636-a8fe79185bdd@group-F35948A5E2DD: shutdown
2022-03-14 02:40:51,941 [ForkJoinPool.commonPool-worker-1] INFO  util.JmxRegister (JmxRegister.java:unregister(73)) - Successfully un-registered JMX Bean with object name Ratis:service=RaftServer,group=group-F35948A5E2DD,id=c593f1a5-11c2-4273-9636-a8fe79185bdd
2022-03-14 02:40:51,942 [ForkJoinPool.commonPool-worker-1] INFO  impl.RoleInfo (RoleInfo.java:shutdownLeaderState(91)) - c593f1a5-11c2-4273-9636-a8fe79185bdd: shutdown c593f1a5-11c2-4273-9636-a8fe79185bdd@group-F35948A5E2DD-LeaderStateImpl
2022-03-14 02:40:51,942 [ForkJoinPool.commonPool-worker-1] INFO  impl.PendingRequests (PendingRequests.java:sendNotLeaderResponses(282)) - c593f1a5-11c2-4273-9636-a8fe79185bdd@group-F35948A5E2DD-PendingRequests: sendNotLeaderResponses
2022-03-14 02:40:51,942 [c593f1a5-11c2-4273-9636-a8fe79185bdd@group-F35948A5E2DD-StateMachineUpdater] INFO  ratis.ContainerStateMachine (ContainerStateMachine.java:takeSnapshot(304)) - group-F35948A5E2DD: Taking a snapshot at:(t:1, i:0) file /home/runner/work/ozone/ozone/hadoop-ozone/integration-test/target/test-dir/MiniOzoneClusterImpl-a8714879-5ed3-4fa8-8176-35e71d15aa3e/datanode-2/data/ratis/c14fa742-e471-4396-b8e4-f35948a5e2dd/sm/snapshot.1_0
2022-03-14 02:40:51,943 [ForkJoinPool.commonPool-worker-1] INFO  impl.StateMachineUpdater (StateMachineUpdater.java:stopAndJoin(149)) - c593f1a5-11c2-4273-9636-a8fe79185bdd@group-F35948A5E2DD-StateMachineUpdater: set stopIndex = 0
2022-03-14 02:40:51,944 [c593f1a5-11c2-4273-9636-a8fe79185bdd@group-F35948A5E2DD-StateMachineUpdater] INFO  ratis.ContainerStateMachine (ContainerStateMachine.java:takeSnapshot(315)) - group-F35948A5E2DD: Finished taking a snapshot at:(t:1, i:0) file:/home/runner/work/ozone/ozone/hadoop-ozone/integration-test/target/test-dir/MiniOzoneClusterImpl-a8714879-5ed3-4fa8-8176-35e71d15aa3e/datanode-2/data/ratis/c14fa742-e471-4396-b8e4-f35948a5e2dd/sm/snapshot.1_0 took: 1 ms
2022-03-14 02:40:51,944 [c593f1a5-11c2-4273-9636-a8fe79185bdd@group-F35948A5E2DD-StateMachineUpdater] INFO  impl.StateMachineUpdater (StateMachineUpdater.java:takeSnapshot(281)) - c593f1a5-11c2-4273-9636-a8fe79185bdd@group-F35948A5E2DD-StateMachineUpdater: Took a snapshot at index 0
2022-03-14 02:40:51,944 [c593f1a5-11c2-4273-9636-a8fe79185bdd@group-F35948A5E2DD-StateMachineUpdater] INFO  impl.StateMachineUpdater (StateMachineUpdater.java:lambda$new$0(89)) - c593f1a5-11c2-4273-9636-a8fe79185bdd@group-F35948A5E2DD-StateMachineUpdater: snapshotIndex: updateIncreasingly -1 -> 0
2022-03-14 02:40:51,951 [ForkJoinPool.commonPool-worker-1] INFO  server.RaftServer$Division (ServerState.java:close(419)) - c593f1a5-11c2-4273-9636-a8fe79185bdd@group-F35948A5E2DD: closes. applyIndex: 0
2022-03-14 02:40:51,951 [c593f1a5-11c2-4273-9636-a8fe79185bdd@group-F35948A5E2DD-SegmentedRaftLogWorker] INFO  segmented.SegmentedRaftLogWorker (SegmentedRaftLogWorker.java:run(327)) - c593f1a5-11c2-4273-9636-a8fe79185bdd@group-F35948A5E2DD-SegmentedRaftLogWorker was interrupted, exiting. There are 0 tasks remaining in the queue.
2022-03-14 02:40:51,977 [ForkJoinPool.commonPool-worker-1] INFO  segmented.SegmentedRaftLogWorker (SegmentedRaftLogWorker.java:close(237)) - c593f1a5-11c2-4273-9636-a8fe79185bdd@group-F35948A5E2DD-SegmentedRaftLogWorker close()
2022-03-14 02:40:51,977 [ForkJoinPool.commonPool-worker-1] INFO  server.GrpcService (GrpcService.java:closeImpl(262)) - c593f1a5-11c2-4273-9636-a8fe79185bdd: shutdown server with port 38051 now
2022-03-14 02:40:51,990 [ForkJoinPool.commonPool-worker-1] INFO  server.GrpcService (GrpcService.java:closeImpl(271)) - c593f1a5-11c2-4273-9636-a8fe79185bdd: shutdown server with port 38051 successfully
2022-03-14 02:40:51,990 [org.apache.ratis.util.JvmPauseMonitor$$Lambda$431/1941186180@66c510f7] INFO  util.JvmPauseMonitor (JvmPauseMonitor.java:run(109)) - JvmPauseMonitor-c593f1a5-11c2-4273-9636-a8fe79185bdd: Stopped
2022-03-14 02:40:54,000 [ForkJoinPool.commonPool-worker-1] INFO  utils.BackgroundService (BackgroundService.java:shutdown(132)) - Shutting down service BlockDeletingService
2022-03-14 02:40:57,018 [ForkJoinPool.commonPool-worker-1] INFO  statemachine.DatanodeStateMachine (DatanodeStateMachine.java:stopDaemon(529)) - Ozone container server stopped.
2022-03-14 02:40:57,019 [ForkJoinPool.commonPool-worker-1] INFO  handler.ContextHandler (ContextHandler.java:doStop(1153)) - Stopped o.e.j.w.WebAppContext@47baf90c{hddsDatanode,/,null,STOPPED}{jar:file:/home/runner/.m2/repository/org/apache/ozone/hdds-container-service/1.3.0-SNAPSHOT/hdds-container-service-1.3.0-SNAPSHOT.jar!/webapps/hddsDatanode}
2022-03-14 02:40:57,021 [ForkJoinPool.commonPool-worker-1] INFO  server.AbstractConnector (AbstractConnector.java:doStop(381)) - Stopped ServerConnector@650ac94e{HTTP/1.1, (http/1.1)}{0.0.0.0:0}
2022-03-14 02:40:57,021 [ForkJoinPool.commonPool-worker-1] INFO  server.session (HouseKeeper.java:stopScavenging(149)) - node0 Stopped scavenging
2022-03-14 02:40:57,022 [ForkJoinPool.commonPool-worker-1] INFO  handler.ContextHandler (ContextHandler.java:doStop(1153)) - Stopped o.e.j.s.ServletContextHandler@48ff1ae3{static,/static,jar:file:/home/runner/.m2/repository/org/apache/ozone/hdds-container-service/1.3.0-SNAPSHOT/hdds-container-service-1.3.0-SNAPSHOT.jar!/webapps/static,STOPPED}
2022-03-14 02:40:57,022 [ForkJoinPool.commonPool-worker-1] INFO  handler.ContextHandler (ContextHandler.java:doStop(1153)) - Stopped o.e.j.s.ServletContextHandler@32aefffa{logs,/logs,file:///home/runner/work/ozone/ozone/hadoop-ozone/integration-test/target/log,STOPPED}
2022-03-14 02:40:57,024 [Time-limited test] INFO  ozone.MiniOzoneClusterImpl (MiniOzoneClusterImpl.java:stopSCM(538)) - Stopping the StorageContainerManager
2022-03-14 02:40:57,024 [Time-limited test] INFO  server.StorageContainerManager (StorageContainerManager.java:stop(1414)) - Stopping Container Balancer service.
2022-03-14 02:40:57,024 [Time-limited test] INFO  balancer.ContainerBalancer (ContainerBalancer.java:stop(802)) - Container Balancer is not running.
2022-03-14 02:40:57,025 [Time-limited test] INFO  server.StorageContainerManager (StorageContainerManager.java:stop(1421)) - Stopping Replication Manager Service.
2022-03-14 02:40:57,025 [Time-limited test] INFO  container.ReplicationManager (ReplicationManager.java:stop(357)) - Stopping Replication Monitor Thread.
2022-03-14 02:40:57,025 [Time-limited test] INFO  server.StorageContainerManager (StorageContainerManager.java:stop(1428)) - Stopping the Datanode Admin Monitor.
2022-03-14 02:40:57,025 [Time-limited test] INFO  server.StorageContainerManager (StorageContainerManager.java:stop(1435)) - Stopping Lease Manager of the command watchers
2022-03-14 02:40:57,025 [Time-limited test] INFO  server.StorageContainerManager (StorageContainerManager.java:stop(1442)) - Stopping datanode service RPC server
2022-03-14 02:40:57,025 [Time-limited test] INFO  server.SCMDatanodeProtocolServer (SCMDatanodeProtocolServer.java:stop(400)) - Stopping the RPC server for DataNodes
2022-03-14 02:40:57,025 [Time-limited test] INFO  ipc.Server (Server.java:stop(3414)) - Stopping server on 42035
2022-03-14 02:40:57,036 [IPC Server listener on 42035] INFO  ipc.Server (Server.java:run(1376)) - Stopping IPC Server listener on 42035
2022-03-14 02:40:57,036 [IPC Server Responder] INFO  ipc.Server (Server.java:run(1512)) - Stopping IPC Server Responder
2022-03-14 02:40:57,072 [SCM Heartbeat Processing Thread - 0] WARN  node.NodeStateManager (NodeStateManager.java:scheduleNextHealthCheck(815)) - Current Thread is interrupted, shutting down HB processing thread for Node Manager.
2022-03-14 02:40:57,072 [Time-limited test] INFO  server.StorageContainerManager (StorageContainerManager.java:stop(1450)) - Stopping block service RPC server
2022-03-14 02:40:57,072 [Time-limited test] INFO  server.SCMBlockProtocolServer (SCMBlockProtocolServer.java:stop(160)) - Stopping the RPC server for Block Protocol
2022-03-14 02:40:57,077 [Time-limited test] INFO  ipc.Server (Server.java:stop(3414)) - Stopping server on 38779
2022-03-14 02:40:57,098 [Time-limited test] INFO  server.StorageContainerManager (StorageContainerManager.java:stop(1457)) - Stopping the StorageContainerLocationProtocol RPC server
2022-03-14 02:40:57,098 [Time-limited test] INFO  server.SCMClientProtocolServer (SCMClientProtocolServer.java:stop(174)) - Stopping the RPC server for Client Protocol
2022-03-14 02:40:57,098 [IPC Server listener on 38779] INFO  ipc.Server (Server.java:run(1376)) - Stopping IPC Server listener on 38779
2022-03-14 02:40:57,099 [IPC Server Responder] INFO  ipc.Server (Server.java:run(1512)) - Stopping IPC Server Responder
2022-03-14 02:40:57,101 [Time-limited test] INFO  ipc.Server (Server.java:stop(3414)) - Stopping server on 33273
2022-03-14 02:40:57,105 [Time-limited test] INFO  server.StorageContainerManager (StorageContainerManager.java:stop(1464)) - Stopping Storage Container Manager HTTP server.
2022-03-14 02:40:57,106 [IPC Server Responder] INFO  ipc.Server (Server.java:run(1512)) - Stopping IPC Server Responder
2022-03-14 02:40:57,106 [IPC Server listener on 33273] INFO  ipc.Server (Server.java:run(1376)) - Stopping IPC Server listener on 33273
2022-03-14 02:40:57,113 [Time-limited test] INFO  handler.ContextHandler (ContextHandler.java:doStop(1153)) - Stopped o.e.j.w.WebAppContext@73aa676b{scm,/,null,STOPPED}{file:/home/runner/work/ozone/ozone/hadoop-ozone/integration-test/target/test-classes/webapps/scm}
2022-03-14 02:40:57,113 [Time-limited test] INFO  server.AbstractConnector (AbstractConnector.java:doStop(381)) - Stopped ServerConnector@1f28e05e{HTTP/1.1, (http/1.1)}{0.0.0.0:34961}
2022-03-14 02:40:57,114 [Time-limited test] INFO  server.session (HouseKeeper.java:stopScavenging(149)) - node0 Stopped scavenging
2022-03-14 02:40:57,114 [Time-limited test] INFO  handler.ContextHandler (ContextHandler.java:doStop(1153)) - Stopped o.e.j.s.ServletContextHandler@10996f57{static,/static,file:///home/runner/work/ozone/ozone/hadoop-ozone/integration-test/target/test-classes/webapps/static,STOPPED}
2022-03-14 02:40:57,114 [Time-limited test] INFO  handler.ContextHandler (ContextHandler.java:doStop(1153)) - Stopped o.e.j.s.ServletContextHandler@79b31988{logs,/logs,file:///home/runner/work/ozone/ozone/hadoop-ozone/integration-test/target/log,STOPPED}
2022-03-14 02:40:57,116 [Time-limited test] INFO  server.StorageContainerManager (StorageContainerManager.java:stop(1475)) - Stopping Block Manager Service.
2022-03-14 02:40:57,116 [Time-limited test] INFO  utils.BackgroundService (BackgroundService.java:shutdown(132)) - Shutting down service SCMBlockDeletingService
2022-03-14 02:40:57,116 [Time-limited test] INFO  utils.BackgroundService (BackgroundService.java:shutdown(132)) - Shutting down service SCMBlockDeletingService
2022-03-14 02:40:57,116 [Time-limited test] INFO  server.StorageContainerManager (StorageContainerManager.java:stop(1502)) - Stopping SCM Event Queue.
2022-03-14 02:40:57,118 [Time-limited test] INFO  server.StorageContainerManager (StorageContainerManager.java:stop(1513)) - Stopping SCM HA services.
2022-03-14 02:40:57,118 [Time-limited test] INFO  ha.SCMRatisServerImpl (SCMRatisServerImpl.java:stop(236)) - stopping ratis server 0.0.0.0:9894
2022-03-14 02:40:57,119 [Time-limited test] INFO  server.RaftServer (RaftServerProxy.java:lambda$close$6(391)) - c10a1ce7-f634-4401-b221-0e35fc9f4831: close
2022-03-14 02:40:57,127 [Time-limited test] INFO  server.RaftServer$Division (RaftServerImpl.java:lambda$close$4(412)) - c10a1ce7-f634-4401-b221-0e35fc9f4831@group-35E71D15AA3E: shutdown
2022-03-14 02:40:57,127 [Time-limited test] INFO  util.JmxRegister (JmxRegister.java:unregister(73)) - Successfully un-registered JMX Bean with object name Ratis:service=RaftServer,group=group-35E71D15AA3E,id=c10a1ce7-f634-4401-b221-0e35fc9f4831
2022-03-14 02:40:57,127 [Time-limited test] INFO  impl.RoleInfo (RoleInfo.java:shutdownLeaderState(91)) - c10a1ce7-f634-4401-b221-0e35fc9f4831: shutdown c10a1ce7-f634-4401-b221-0e35fc9f4831@group-35E71D15AA3E-LeaderStateImpl
2022-03-14 02:40:57,127 [Time-limited test] INFO  impl.PendingRequests (PendingRequests.java:sendNotLeaderResponses(282)) - c10a1ce7-f634-4401-b221-0e35fc9f4831@group-35E71D15AA3E-PendingRequests: sendNotLeaderResponses
2022-03-14 02:40:57,127 [Time-limited test] INFO  ha.SCMStateMachine (SCMStateMachine.java:notifyNotLeader(190)) - current leader SCM steps down.
2022-03-14 02:40:57,128 [Time-limited test] INFO  ha.SCMContext (SCMContext.java:updateLeaderAndTerm(90)) - update <isLeader,term> from <true,3> to <false,0>
2022-03-14 02:40:57,128 [Time-limited test] INFO  ha.SCMContext (SCMContext.java:updateLeaderAndTerm(97)) - update <isLeaderReady> from <false> to <false>
2022-03-14 02:40:57,133 [c10a1ce7-f634-4401-b221-0e35fc9f4831@group-35E71D15AA3E-StateMachineUpdater] INFO  ha.SCMStateMachine (SCMStateMachine.java:takeSnapshot(297)) - Current Snapshot Index 20, takeSnapshot took 1 ms
2022-03-14 02:40:57,133 [c10a1ce7-f634-4401-b221-0e35fc9f4831@group-35E71D15AA3E-StateMachineUpdater] INFO  impl.StateMachineUpdater (StateMachineUpdater.java:takeSnapshot(281)) - c10a1ce7-f634-4401-b221-0e35fc9f4831@group-35E71D15AA3E-StateMachineUpdater: Took a snapshot at index 20
2022-03-14 02:40:57,133 [c10a1ce7-f634-4401-b221-0e35fc9f4831@group-35E71D15AA3E-StateMachineUpdater] INFO  impl.StateMachineUpdater (StateMachineUpdater.java:lambda$new$0(89)) - c10a1ce7-f634-4401-b221-0e35fc9f4831@group-35E71D15AA3E-StateMachineUpdater: snapshotIndex: updateIncreasingly 18 -> 20
2022-03-14 02:40:57,136 [Time-limited test] INFO  impl.StateMachineUpdater (StateMachineUpdater.java:stopAndJoin(149)) - c10a1ce7-f634-4401-b221-0e35fc9f4831@group-35E71D15AA3E-StateMachineUpdater: set stopIndex = 20
2022-03-14 02:40:57,137 [Time-limited test] INFO  server.RaftServer$Division (ServerState.java:close(419)) - c10a1ce7-f634-4401-b221-0e35fc9f4831@group-35E71D15AA3E: closes. applyIndex: 20
2022-03-14 02:40:57,137 [c10a1ce7-f634-4401-b221-0e35fc9f4831@group-35E71D15AA3E-SegmentedRaftLogWorker] INFO  segmented.SegmentedRaftLogWorker (SegmentedRaftLogWorker.java:run(327)) - c10a1ce7-f634-4401-b221-0e35fc9f4831@group-35E71D15AA3E-SegmentedRaftLogWorker was interrupted, exiting. There are 0 tasks remaining in the queue.
2022-03-14 02:40:57,138 [Time-limited test] INFO  segmented.SegmentedRaftLogWorker (SegmentedRaftLogWorker.java:close(237)) - c10a1ce7-f634-4401-b221-0e35fc9f4831@group-35E71D15AA3E-SegmentedRaftLogWorker close()
2022-03-14 02:40:57,138 [Time-limited test] INFO  server.GrpcService (GrpcService.java:closeImpl(262)) - c10a1ce7-f634-4401-b221-0e35fc9f4831: shutdown server with port 9894 now
2022-03-14 02:40:57,145 [Time-limited test] INFO  server.GrpcService (GrpcService.java:closeImpl(271)) - c10a1ce7-f634-4401-b221-0e35fc9f4831: shutdown server with port 9894 successfully
2022-03-14 02:40:57,145 [org.apache.ratis.util.JvmPauseMonitor$$Lambda$431/1941186180@7ca979c6] INFO  util.JvmPauseMonitor (JvmPauseMonitor.java:run(109)) - JvmPauseMonitor-c10a1ce7-f634-4401-b221-0e35fc9f4831: Stopped
2022-03-14 02:40:57,153 [Time-limited test] INFO  pipeline.BackgroundPipelineCreator (BackgroundPipelineCreator.java:stop(158)) - Stopping RatisPipelineUtilsThread.
2022-03-14 02:40:57,157 [Time-limited test] INFO  server.StorageContainerManager (StorageContainerManager.java:stop(1523)) - Stopping SCM MetadataStore.
2022-03-14 02:40:57,160 [Time-limited test] INFO  impl.MetricsSystemImpl (MetricsSystemImpl.java:stop(210)) - Stopping StorageContainerManager metrics system...
2022-03-14 02:40:57,161 [prometheus] INFO  impl.MetricsSinkAdapter (MetricsSinkAdapter.java:publishMetricsFromQueue(141)) - prometheus thread interrupted.
2022-03-14 02:40:57,162 [Time-limited test] INFO  impl.MetricsSystemImpl (MetricsSystemImpl.java:stop(216)) - StorageContainerManager metrics system stopped.
]]></system-out>
  </testcase>
  <testcase name="testDatanodeIDPersistent" classname="org.apache.hadoop.ozone.TestMiniOzoneCluster" time="0.145"/>
  <testcase name="testContainerRandomPort" classname="org.apache.hadoop.ozone.TestMiniOzoneCluster" time="25.589"/>
</testsuite>