<?xml version="1.0" encoding="UTF-8"?>
<testsuite xmlns:xsi="http://www.w3.org/2001/XMLSchema-instance" xsi:noNamespaceSchemaLocation="https://maven.apache.org/surefire/maven-surefire-plugin/xsd/surefire-test-report-3.0.xsd" version="3.0" name="org.apache.hadoop.ozone.scm.node.TestDecommissionAndMaintenance" time="347.057" tests="8" errors="1" skipped="0" failures="0">
  <properties>
    <property name="awt.toolkit" value="sun.awt.X11.XToolkit"/>
    <property name="file.encoding.pkg" value="sun.io"/>
    <property name="java.specification.version" value="1.8"/>
    <property name="sun.cpu.isalist" value=""/>
    <property name="sun.jnu.encoding" value="UTF-8"/>
    <property name="java.class.path" value="/home/runner/work/ozone/ozone/hadoop-ozone/integration-test/target/test-classes:/home/runner/work/ozone/ozone/hadoop-ozone/integration-test/target/classes:/home/runner/.m2/repository/org/apache/ozone/ozone-common/1.3.0-SNAPSHOT/ozone-common-1.3.0-SNAPSHOT.jar:/home/runner/.m2/repository/io/grpc/grpc-netty/1.44.0/grpc-netty-1.44.0.jar:/home/runner/.m2/repository/io/grpc/grpc-core/1.44.0/grpc-core-1.44.0.jar:/home/runner/.m2/repository/com/google/android/annotations/4.1.1.4/annotations-4.1.1.4.jar:/home/runner/.m2/repository/org/codehaus/mojo/animal-sniffer-annotations/1.19/animal-sniffer-annotations-1.19.jar:/home/runner/.m2/repository/com/google/errorprone/error_prone_annotations/2.2.0/error_prone_annotations-2.2.0.jar:/home/runner/.m2/repository/io/perfmark/perfmark-api/0.23.0/perfmark-api-0.23.0.jar:/home/runner/.m2/repository/io/netty/netty-codec-http2/4.1.74.Final/netty-codec-http2-4.1.74.Final.jar:/home/runner/.m2/repository/io/netty/netty-common/4.1.74.Final/netty-common-4.1.74.Final.jar:/home/runner/.m2/repository/io/netty/netty-buffer/4.1.74.Final/netty-buffer-4.1.74.Final.jar:/home/runner/.m2/repository/io/netty/netty-codec-http/4.1.74.Final/netty-codec-http-4.1.74.Final.jar:/home/runner/.m2/repository/io/netty/netty-handler-proxy/4.1.74.Final/netty-handler-proxy-4.1.74.Final.jar:/home/runner/.m2/repository/io/netty/netty-codec-socks/4.1.74.Final/netty-codec-socks-4.1.74.Final.jar:/home/runner/.m2/repository/io/netty/netty-tcnative-boringssl-static/2.0.48.Final/netty-tcnative-boringssl-static-2.0.48.Final.jar:/home/runner/.m2/repository/io/netty/netty-tcnative-classes/2.0.48.Final/netty-tcnative-classes-2.0.48.Final.jar:/home/runner/.m2/repository/io/netty/netty-tcnative/2.0.48.Final/netty-tcnative-2.0.48.Final.jar:/home/runner/.m2/repository/org/apache/commons/commons-compress/1.21/commons-compress-1.21.jar:/home/runner/.m2/repository/org/apache/ozone/hdds-common/1.3.0-SNAPSHOT/hdds-common-1.3.0-SNAPSHOT.jar:/home/runner/.m2/repository/org/apache/ozone/hdds-client/1.3.0-SNAPSHOT/hdds-client-1.3.0-SNAPSHOT.jar:/home/runner/.m2/repository/org/apache/ozone/ozone-interface-client/1.3.0-SNAPSHOT/ozone-interface-client-1.3.0-SNAPSHOT.jar:/home/runner/.m2/repository/org/apache/ozone/hdds-test-utils/1.3.0-SNAPSHOT/hdds-test-utils-1.3.0-SNAPSHOT.jar:/home/runner/.m2/repository/com/google/guava/guava/31.1-jre/guava-31.1-jre.jar:/home/runner/.m2/repository/com/google/guava/failureaccess/1.0.1/failureaccess-1.0.1.jar:/home/runner/.m2/repository/com/google/guava/listenablefuture/9999.0-empty-to-avoid-conflict-with-guava/listenablefuture-9999.0-empty-to-avoid-conflict-with-guava.jar:/home/runner/.m2/repository/com/google/code/findbugs/jsr305/3.0.0/jsr305-3.0.0.jar:/home/runner/.m2/repository/org/checkerframework/checker-qual/3.12.0/checker-qual-3.12.0.jar:/home/runner/.m2/repository/com/google/j2objc/j2objc-annotations/1.3/j2objc-annotations-1.3.jar:/home/runner/.m2/repository/commons-io/commons-io/2.11.0/commons-io-2.11.0.jar:/home/runner/.m2/repository/commons-logging/commons-logging/1.2/commons-logging-1.2.jar:/home/runner/.m2/repository/log4j/log4j/1.2.17/log4j-1.2.17.jar:/home/runner/.m2/repository/org/slf4j/slf4j-api/1.7.30/slf4j-api-1.7.30.jar:/home/runner/.m2/repository/org/apache/ozone/hdds-server-scm/1.3.0-SNAPSHOT/hdds-server-scm-1.3.0-SNAPSHOT.jar:/home/runner/.m2/repository/org/apache/ozone/hdds-container-service/1.3.0-SNAPSHOT/hdds-container-service-1.3.0-SNAPSHOT.jar:/home/runner/.m2/repository/org/apache/ozone/hdds-hadoop-dependency-server/1.3.0-SNAPSHOT/hdds-hadoop-dependency-server-1.3.0-SNAPSHOT.jar:/home/runner/.m2/repository/org/apache/hadoop/hadoop-hdfs/3.3.1/hadoop-hdfs-3.3.1.jar:/home/runner/.m2/repository/org/apache/ozone/hdds-server-framework/1.3.0-SNAPSHOT/hdds-server-framework-1.3.0-SNAPSHOT.jar:/home/runner/.m2/repository/org/apache/ozone/hdds-interface-server/1.3.0-SNAPSHOT/hdds-interface-server-1.3.0-SNAPSHOT.jar:/home/runner/.m2/repository/org/apache/logging/log4j/log4j-core/2.17.1/log4j-core-2.17.1.jar:/home/runner/.m2/repository/com/lmax/disruptor/3.4.2/disruptor-3.4.2.jar:/home/runner/.m2/repository/org/eclipse/jetty/jetty-servlet/9.4.43.v20210629/jetty-servlet-9.4.43.v20210629.jar:/home/runner/.m2/repository/org/eclipse/jetty/jetty-security/9.4.43.v20210629/jetty-security-9.4.43.v20210629.jar:/home/runner/.m2/repository/org/rocksdb/rocksdbjni/6.29.5/rocksdbjni-6.29.5.jar:/home/runner/.m2/repository/io/prometheus/simpleclient_dropwizard/0.7.0/simpleclient_dropwizard-0.7.0.jar:/home/runner/.m2/repository/io/prometheus/simpleclient/0.7.0/simpleclient-0.7.0.jar:/home/runner/.m2/repository/io/prometheus/simpleclient_common/0.7.0/simpleclient_common-0.7.0.jar:/home/runner/.m2/repository/io/dropwizard/metrics/metrics-core/3.2.4/metrics-core-3.2.4.jar:/home/runner/.m2/repository/org/apache/hadoop/hadoop-hdfs-client/3.3.1/hadoop-hdfs-client-3.3.1.jar:/home/runner/.m2/repository/org/bouncycastle/bcprov-jdk15on/1.67/bcprov-jdk15on-1.67.jar:/home/runner/.m2/repository/com/google/protobuf/protobuf-java/2.5.0/protobuf-java-2.5.0.jar:/home/runner/.m2/repository/org/apache/ozone/ozone-manager/1.3.0-SNAPSHOT/ozone-manager-1.3.0-SNAPSHOT.jar:/home/runner/.m2/repository/org/aspectj/aspectjrt/1.9.7/aspectjrt-1.9.7.jar:/home/runner/.m2/repository/org/aspectj/aspectjweaver/1.9.7/aspectjweaver-1.9.7.jar:/home/runner/.m2/repository/org/apache/ozone/hdds-interface-client/1.3.0-SNAPSHOT/hdds-interface-client-1.3.0-SNAPSHOT.jar:/home/runner/.m2/repository/org/apache/hadoop/thirdparty/hadoop-shaded-protobuf_3_7/1.1.1/hadoop-shaded-protobuf_3_7-1.1.1.jar:/home/runner/.m2/repository/org/apache/ozone/ozone-interface-storage/1.3.0-SNAPSHOT/ozone-interface-storage-1.3.0-SNAPSHOT.jar:/home/runner/.m2/repository/org/reflections/reflections/0.9.11/reflections-0.9.11.jar:/home/runner/.m2/repository/com/sun/jersey/jersey-client/1.19/jersey-client-1.19.jar:/home/runner/.m2/repository/org/apache/ranger/ranger-intg/3.0.0-SNAPSHOT/ranger-intg-3.0.0-SNAPSHOT.jar:/home/runner/.m2/repository/org/apache/ranger/ranger-plugins-common/3.0.0-SNAPSHOT/ranger-plugins-common-3.0.0-SNAPSHOT.jar:/home/runner/.m2/repository/commons-lang/commons-lang/2.6/commons-lang-2.6.jar:/home/runner/.m2/repository/org/codehaus/jackson/jackson-jaxrs/1.9.13/jackson-jaxrs-1.9.13.jar:/home/runner/.m2/repository/org/apache/ranger/ranger-plugins-cred/3.0.0-SNAPSHOT/ranger-plugins-cred-3.0.0-SNAPSHOT.jar:/home/runner/.m2/repository/org/apache/ranger/ranger-plugins-audit/3.0.0-SNAPSHOT/ranger-plugins-audit-3.0.0-SNAPSHOT.jar:/home/runner/.m2/repository/org/apache/kafka/kafka-clients/2.8.1/kafka-clients-2.8.1.jar:/home/runner/.m2/repository/com/github/luben/zstd-jni/1.4.9-1/zstd-jni-1.4.9-1.jar:/home/runner/.m2/repository/org/apache/solr/solr-solrj/8.6.3/solr-solrj-8.6.3.jar:/home/runner/.m2/repository/org/eclipse/jetty/jetty-client/9.4.44.v20210927/jetty-client-9.4.44.v20210927.jar:/home/runner/.m2/repository/org/apache/httpcomponents/httpmime/4.5.13/httpmime-4.5.13.jar:/home/runner/.m2/repository/org/apache/httpcomponents/httpcore-nio/4.4.14/httpcore-nio-4.4.14.jar:/home/runner/.m2/repository/org/apache/httpcomponents/httpasyncclient/4.1.4/httpasyncclient-4.1.4.jar:/home/runner/.m2/repository/com/carrotsearch/hppc/0.8.0/hppc-0.8.0.jar:/home/runner/.m2/repository/org/apache/hive/hive-storage-api/2.7.2/hive-storage-api-2.7.2.jar:/home/runner/.m2/repository/org/apache/orc/orc-core/1.5.8/orc-core-1.5.8.jar:/home/runner/.m2/repository/com/amazonaws/aws-java-sdk-bundle/1.12.125/aws-java-sdk-bundle-1.12.125.jar:/home/runner/.m2/repository/net/java/dev/jna/jna/5.2.0/jna-5.2.0.jar:/home/runner/.m2/repository/net/java/dev/jna/jna-platform/5.2.0/jna-platform-5.2.0.jar:/home/runner/.m2/repository/com/kstruct/gethostname4j/0.0.2/gethostname4j-0.0.2.jar:/home/runner/.m2/repository/org/apache/ranger/ranger-plugin-classloader/3.0.0-SNAPSHOT/ranger-plugin-classloader-3.0.0-SNAPSHOT.jar:/home/runner/.m2/repository/org/apache/hadoop/hadoop-minikdc/3.3.1/hadoop-minikdc-3.3.1.jar:/home/runner/.m2/repository/org/apache/kerby/kerb-simplekdc/1.0.1/kerb-simplekdc-1.0.1.jar:/home/runner/.m2/repository/org/apache/kerby/kerb-client/1.0.1/kerb-client-1.0.1.jar:/home/runner/.m2/repository/org/apache/kerby/kerby-config/1.0.1/kerby-config-1.0.1.jar:/home/runner/.m2/repository/org/apache/kerby/kerb-common/1.0.1/kerb-common-1.0.1.jar:/home/runner/.m2/repository/org/apache/kerby/kerb-crypto/1.0.1/kerb-crypto-1.0.1.jar:/home/runner/.m2/repository/org/apache/kerby/kerb-util/1.0.1/kerb-util-1.0.1.jar:/home/runner/.m2/repository/org/apache/kerby/token-provider/1.0.1/token-provider-1.0.1.jar:/home/runner/.m2/repository/org/apache/kerby/kerb-admin/1.0.1/kerb-admin-1.0.1.jar:/home/runner/.m2/repository/org/apache/kerby/kerb-server/1.0.1/kerb-server-1.0.1.jar:/home/runner/.m2/repository/org/apache/kerby/kerb-identity/1.0.1/kerb-identity-1.0.1.jar:/home/runner/.m2/repository/org/apache/kerby/kerby-xdr/1.0.1/kerby-xdr-1.0.1.jar:/home/runner/.m2/repository/org/slf4j/slf4j-log4j12/1.7.30/slf4j-log4j12-1.7.30.jar:/home/runner/.m2/repository/org/apache/ozone/ozone-s3gateway/1.3.0-SNAPSHOT/ozone-s3gateway-1.3.0-SNAPSHOT.jar:/home/runner/.m2/repository/org/javassist/javassist/3.21.0-GA/javassist-3.21.0-GA.jar:/home/runner/.m2/repository/org/jboss/weld/servlet/weld-servlet/2.4.7.Final/weld-servlet-2.4.7.Final.jar:/home/runner/.m2/repository/org/glassfish/jersey/containers/jersey-container-servlet-core/2.33/jersey-container-servlet-core-2.33.jar:/home/runner/.m2/repository/org/glassfish/hk2/external/jakarta.inject/2.6.1/jakarta.inject-2.6.1.jar:/home/runner/.m2/repository/org/glassfish/jersey/core/jersey-common/2.33/jersey-common-2.33.jar:/home/runner/.m2/repository/jakarta/ws/rs/jakarta.ws.rs-api/2.1.6/jakarta.ws.rs-api-2.1.6.jar:/home/runner/.m2/repository/org/glassfish/jersey/ext/cdi/jersey-cdi1x/2.33/jersey-cdi1x-2.33.jar:/home/runner/.m2/repository/org/glassfish/jersey/inject/jersey-hk2/2.33/jersey-hk2-2.33.jar:/home/runner/.m2/repository/org/glassfish/hk2/hk2-locator/2.6.1/hk2-locator-2.6.1.jar:/home/runner/.m2/repository/org/glassfish/jersey/media/jersey-media-jaxb/2.33/jersey-media-jaxb-2.33.jar:/home/runner/.m2/repository/org/glassfish/hk2/osgi-resource-locator/1.0.3/osgi-resource-locator-1.0.3.jar:/home/runner/.m2/repository/org/glassfish/hk2/hk2-api/2.5.0/hk2-api-2.5.0.jar:/home/runner/.m2/repository/org/glassfish/hk2/hk2-utils/2.5.0/hk2-utils-2.5.0.jar:/home/runner/.m2/repository/org/glassfish/hk2/external/aopalliance-repackaged/2.5.0/aopalliance-repackaged-2.5.0.jar:/home/runner/.m2/repository/com/fasterxml/jackson/dataformat/jackson-dataformat-xml/2.13.2/jackson-dataformat-xml-2.13.2.jar:/home/runner/.m2/repository/com/fasterxml/jackson/core/jackson-core/2.13.2/jackson-core-2.13.2.jar:/home/runner/.m2/repository/org/codehaus/woodstox/stax2-api/3.1.4/stax2-api-3.1.4.jar:/home/runner/.m2/repository/com/fasterxml/woodstox/woodstox-core/5.0.3/woodstox-core-5.0.3.jar:/home/runner/.m2/repository/com/fasterxml/jackson/module/jackson-module-jaxb-annotations/2.13.2/jackson-module-jaxb-annotations-2.13.2.jar:/home/runner/.m2/repository/jakarta/xml/bind/jakarta.xml.bind-api/2.3.3/jakarta.xml.bind-api-2.3.3.jar:/home/runner/.m2/repository/jakarta/activation/jakarta.activation-api/1.2.1/jakarta.activation-api-1.2.1.jar:/home/runner/.m2/repository/javax/enterprise/cdi-api/1.2/cdi-api-1.2.jar:/home/runner/.m2/repository/javax/el/javax.el-api/3.0.0/javax.el-api-3.0.0.jar:/home/runner/.m2/repository/javax/interceptor/javax.interceptor-api/1.2/javax.interceptor-api-1.2.jar:/home/runner/.m2/repository/javax/inject/javax.inject/1/javax.inject-1.jar:/home/runner/.m2/repository/javax/xml/bind/jaxb-api/2.3.0/jaxb-api-2.3.0.jar:/home/runner/.m2/repository/org/glassfish/jaxb/jaxb-runtime/2.3.0.1/jaxb-runtime-2.3.0.1.jar:/home/runner/.m2/repository/org/glassfish/jaxb/jaxb-core/2.3.0.1/jaxb-core-2.3.0.1.jar:/home/runner/.m2/repository/org/glassfish/jaxb/txw2/2.3.0.1/txw2-2.3.0.1.jar:/home/runner/.m2/repository/com/sun/istack/istack-commons-runtime/3.0.5/istack-commons-runtime-3.0.5.jar:/home/runner/.m2/repository/org/jvnet/staxex/stax-ex/1.7.8/stax-ex-1.7.8.jar:/home/runner/.m2/repository/com/sun/xml/fastinfoset/FastInfoset/1.2.13/FastInfoset-1.2.13.jar:/home/runner/.m2/repository/javax/activation/activation/1.1.1/activation-1.1.1.jar:/home/runner/.m2/repository/io/grpc/grpc-protobuf/1.44.0/grpc-protobuf-1.44.0.jar:/home/runner/.m2/repository/io/grpc/grpc-api/1.44.0/grpc-api-1.44.0.jar:/home/runner/.m2/repository/io/grpc/grpc-context/1.44.0/grpc-context-1.44.0.jar:/home/runner/.m2/repository/com/google/api/grpc/proto-google-common-protos/2.0.1/proto-google-common-protos-2.0.1.jar:/home/runner/.m2/repository/io/grpc/grpc-protobuf-lite/1.44.0/grpc-protobuf-lite-1.44.0.jar:/home/runner/.m2/repository/io/grpc/grpc-stub/1.44.0/grpc-stub-1.44.0.jar:/home/runner/.m2/repository/io/netty/netty-transport/4.1.74.Final/netty-transport-4.1.74.Final.jar:/home/runner/.m2/repository/io/netty/netty-resolver/4.1.74.Final/netty-resolver-4.1.74.Final.jar:/home/runner/.m2/repository/org/apache/ozone/ozone-csi/1.3.0-SNAPSHOT/ozone-csi-1.3.0-SNAPSHOT.jar:/home/runner/.m2/repository/com/google/protobuf/protobuf-java-util/3.19.2/protobuf-java-util-3.19.2.jar:/home/runner/.m2/repository/com/google/code/gson/gson/2.9.0/gson-2.9.0.jar:/home/runner/.m2/repository/org/apache/ozone/hdds-config/1.3.0-SNAPSHOT/hdds-config-1.3.0-SNAPSHOT.jar:/home/runner/.m2/repository/io/netty/netty-transport-native-epoll/4.1.74.Final/netty-transport-native-epoll-4.1.74.Final-linux-x86_64.jar:/home/runner/.m2/repository/io/netty/netty-transport-classes-epoll/4.1.74.Final/netty-transport-classes-epoll-4.1.74.Final.jar:/home/runner/.m2/repository/io/netty/netty-transport-native-unix-common/4.1.74.Final/netty-transport-native-unix-common-4.1.74.Final.jar:/home/runner/.m2/repository/org/apache/ozone/ozone-recon/1.3.0-SNAPSHOT/ozone-recon-1.3.0-SNAPSHOT.jar:/home/runner/.m2/repository/org/apache/ozone/ozone-reconcodegen/1.3.0-SNAPSHOT/ozone-reconcodegen-1.3.0-SNAPSHOT.jar:/home/runner/.m2/repository/com/google/inject/extensions/guice-multibindings/4.0/guice-multibindings-4.0.jar:/home/runner/.m2/repository/com/google/inject/guice/4.0/guice-4.0.jar:/home/runner/.m2/repository/aopalliance/aopalliance/1.0/aopalliance-1.0.jar:/home/runner/.m2/repository/com/google/inject/extensions/guice-assistedinject/4.0/guice-assistedinject-4.0.jar:/home/runner/.m2/repository/com/google/inject/extensions/guice-servlet/4.0/guice-servlet-4.0.jar:/home/runner/.m2/repository/org/glassfish/jersey/containers/jersey-container-servlet/2.33/jersey-container-servlet-2.33.jar:/home/runner/.m2/repository/org/glassfish/hk2/guice-bridge/2.5.0/guice-bridge-2.5.0.jar:/home/runner/.m2/repository/org/glassfish/jersey/core/jersey-server/2.33/jersey-server-2.33.jar:/home/runner/.m2/repository/org/glassfish/jersey/core/jersey-client/2.33/jersey-client-2.33.jar:/home/runner/.m2/repository/jakarta/annotation/jakarta.annotation-api/1.3.5/jakarta.annotation-api-1.3.5.jar:/home/runner/.m2/repository/jakarta/validation/jakarta.validation-api/2.0.2/jakarta.validation-api-2.0.2.jar:/home/runner/.m2/repository/org/glassfish/jersey/media/jersey-media-json-jackson/2.33/jersey-media-json-jackson-2.33.jar:/home/runner/.m2/repository/org/glassfish/jersey/ext/jersey-entity-filtering/2.33/jersey-entity-filtering-2.33.jar:/home/runner/.m2/repository/org/jooq/jooq/3.11.10/jooq-3.11.10.jar:/home/runner/.m2/repository/org/jooq/jooq-meta/3.11.10/jooq-meta-3.11.10.jar:/home/runner/.m2/repository/org/jooq/jooq-codegen/3.11.10/jooq-codegen-3.11.10.jar:/home/runner/.m2/repository/com/jolbox/bonecp/0.8.0.RELEASE/bonecp-0.8.0.RELEASE.jar:/home/runner/.m2/repository/org/apache/derby/derby/10.14.2.0/derby-10.14.2.0.jar:/home/runner/.m2/repository/org/xerial/sqlite-jdbc/3.25.2/sqlite-jdbc-3.25.2.jar:/home/runner/.m2/repository/org/springframework/spring-jdbc/5.2.20.RELEASE/spring-jdbc-5.2.20.RELEASE.jar:/home/runner/.m2/repository/org/springframework/spring-beans/5.2.20.RELEASE/spring-beans-5.2.20.RELEASE.jar:/home/runner/.m2/repository/org/springframework/spring-core/5.2.20.RELEASE/spring-core-5.2.20.RELEASE.jar:/home/runner/.m2/repository/org/springframework/spring-jcl/5.2.20.RELEASE/spring-jcl-5.2.20.RELEASE.jar:/home/runner/.m2/repository/org/springframework/spring-tx/5.2.20.RELEASE/spring-tx-5.2.20.RELEASE.jar:/home/runner/.m2/repository/org/apache/ozone/ozone-client/1.3.0-SNAPSHOT/ozone-client-1.3.0-SNAPSHOT.jar:/home/runner/.m2/repository/org/apache/ozone/hdds-erasurecode/1.3.0-SNAPSHOT/hdds-erasurecode-1.3.0-SNAPSHOT.jar:/home/runner/.m2/repository/com/github/spotbugs/spotbugs-annotations/3.1.12/spotbugs-annotations-3.1.12.jar:/home/runner/.m2/repository/org/apache/ozone/ozone-filesystem/1.3.0-SNAPSHOT/ozone-filesystem-1.3.0-SNAPSHOT.jar:/home/runner/.m2/repository/org/apache/ozone/ozone-filesystem-common/1.3.0-SNAPSHOT/ozone-filesystem-common-1.3.0-SNAPSHOT.jar:/home/runner/.m2/repository/org/apache/ozone/ozone-tools/1.3.0-SNAPSHOT/ozone-tools-1.3.0-SNAPSHOT.jar:/home/runner/.m2/repository/org/apache/ratis/ratis-tools/2.3.0/ratis-tools-2.3.0.jar:/home/runner/.m2/repository/com/amazonaws/aws-java-sdk-core/1.12.124/aws-java-sdk-core-1.12.124.jar:/home/runner/.m2/repository/org/apache/httpcomponents/httpclient/4.5.13/httpclient-4.5.13.jar:/home/runner/.m2/repository/org/apache/httpcomponents/httpcore/4.4.13/httpcore-4.4.13.jar:/home/runner/.m2/repository/software/amazon/ion/ion-java/1.0.2/ion-java-1.0.2.jar:/home/runner/.m2/repository/com/fasterxml/jackson/dataformat/jackson-dataformat-cbor/2.13.2/jackson-dataformat-cbor-2.13.2.jar:/home/runner/.m2/repository/joda-time/joda-time/2.8.1/joda-time-2.8.1.jar:/home/runner/.m2/repository/com/amazonaws/aws-java-sdk-s3/1.12.124/aws-java-sdk-s3-1.12.124.jar:/home/runner/.m2/repository/com/amazonaws/aws-java-sdk-kms/1.12.124/aws-java-sdk-kms-1.12.124.jar:/home/runner/.m2/repository/com/amazonaws/jmespath-java/1.12.124/jmespath-java-1.12.124.jar:/home/runner/.m2/repository/org/kohsuke/metainf-services/metainf-services/1.8/metainf-services-1.8.jar:/home/runner/.m2/repository/org/apache/ozone/hdds-tools/1.3.0-SNAPSHOT/hdds-tools-1.3.0-SNAPSHOT.jar:/home/runner/.m2/repository/commons-cli/commons-cli/1.2/commons-cli-1.2.jar:/home/runner/.m2/repository/org/apache/commons/commons-lang3/3.7/commons-lang3-3.7.jar:/home/runner/.m2/repository/org/apache/ozone/ozone-manager/1.3.0-SNAPSHOT/ozone-manager-1.3.0-SNAPSHOT-tests.jar:/home/runner/.m2/repository/org/apache/ozone/hdds-common/1.3.0-SNAPSHOT/hdds-common-1.3.0-SNAPSHOT-tests.jar:/home/runner/.m2/repository/org/apache/ozone/hdds-hadoop-dependency-client/1.3.0-SNAPSHOT/hdds-hadoop-dependency-client-1.3.0-SNAPSHOT.jar:/home/runner/.m2/repository/info/picocli/picocli/4.6.1/picocli-4.6.1.jar:/home/runner/.m2/repository/com/fasterxml/jackson/core/jackson-annotations/2.13.2/jackson-annotations-2.13.2.jar:/home/runner/.m2/repository/com/fasterxml/jackson/datatype/jackson-datatype-jsr310/2.13.2/jackson-datatype-jsr310-2.13.2.jar:/home/runner/.m2/repository/javax/annotation/javax.annotation-api/1.2/javax.annotation-api-1.2.jar:/home/runner/.m2/repository/org/apache/ratis/ratis-server/2.3.0/ratis-server-2.3.0.jar:/home/runner/.m2/repository/org/apache/ratis/ratis-client/2.3.0/ratis-client-2.3.0.jar:/home/runner/.m2/repository/org/apache/ratis/ratis-server-api/2.3.0/ratis-server-api-2.3.0.jar:/home/runner/.m2/repository/org/apache/ratis/ratis-metrics/2.3.0/ratis-metrics-2.3.0.jar:/home/runner/.m2/repository/org/apache/ratis/ratis-netty/2.3.0/ratis-netty-2.3.0.jar:/home/runner/.m2/repository/org/apache/ratis/ratis-grpc/2.3.0/ratis-grpc-2.3.0.jar:/home/runner/.m2/repository/org/apache/logging/log4j/log4j-api/2.17.1/log4j-api-2.17.1.jar:/home/runner/.m2/repository/org/apache/commons/commons-pool2/2.6.0/commons-pool2-2.6.0.jar:/home/runner/.m2/repository/org/bouncycastle/bcpkix-jdk15on/1.67/bcpkix-jdk15on-1.67.jar:/home/runner/.m2/repository/commons-validator/commons-validator/1.6/commons-validator-1.6.jar:/home/runner/.m2/repository/commons-beanutils/commons-beanutils/1.9.4/commons-beanutils-1.9.4.jar:/home/runner/.m2/repository/commons-digester/commons-digester/1.8.1/commons-digester-1.8.1.jar:/home/runner/.m2/repository/commons-collections/commons-collections/3.2.2/commons-collections-3.2.2.jar:/home/runner/.m2/repository/io/jaegertracing/jaeger-client/1.6.0/jaeger-client-1.6.0.jar:/home/runner/.m2/repository/io/jaegertracing/jaeger-thrift/1.6.0/jaeger-thrift-1.6.0.jar:/home/runner/.m2/repository/org/apache/thrift/libthrift/0.14.1/libthrift-0.14.1.jar:/home/runner/.m2/repository/com/squareup/okhttp3/okhttp/4.9.0/okhttp-4.9.0.jar:/home/runner/.m2/repository/com/squareup/okio/okio/2.8.0/okio-2.8.0.jar:/home/runner/.m2/repository/io/jaegertracing/jaeger-core/1.6.0/jaeger-core-1.6.0.jar:/home/runner/.m2/repository/io/jaegertracing/jaeger-tracerresolver/1.6.0/jaeger-tracerresolver-1.6.0.jar:/home/runner/.m2/repository/io/opentracing/contrib/opentracing-tracerresolver/0.1.8/opentracing-tracerresolver-0.1.8.jar:/home/runner/.m2/repository/org/jetbrains/kotlin/kotlin-stdlib/1.6.21/kotlin-stdlib-1.6.21.jar:/home/runner/.m2/repository/org/jetbrains/kotlin/kotlin-stdlib-common/1.6.21/kotlin-stdlib-common-1.6.21.jar:/home/runner/.m2/repository/org/jetbrains/annotations/13.0/annotations-13.0.jar:/home/runner/.m2/repository/io/opentracing/opentracing-util/0.33.0/opentracing-util-0.33.0.jar:/home/runner/.m2/repository/io/opentracing/opentracing-api/0.33.0/opentracing-api-0.33.0.jar:/home/runner/.m2/repository/io/opentracing/opentracing-noop/0.33.0/opentracing-noop-0.33.0.jar:/home/runner/.m2/repository/org/yaml/snakeyaml/1.26/snakeyaml-1.26.jar:/home/runner/.m2/repository/org/apache/ozone/hdds-interface-admin/1.3.0-SNAPSHOT/hdds-interface-admin-1.3.0-SNAPSHOT.jar:/home/runner/.m2/repository/junit/junit/4.13.1/junit-4.13.1.jar:/home/runner/.m2/repository/org/hamcrest/hamcrest-core/1.3/hamcrest-core-1.3.jar:/home/runner/.m2/repository/org/junit/jupiter/junit-jupiter-api/5.8.2/junit-jupiter-api-5.8.2.jar:/home/runner/.m2/repository/org/opentest4j/opentest4j/1.2.0/opentest4j-1.2.0.jar:/home/runner/.m2/repository/org/junit/platform/junit-platform-commons/1.8.2/junit-platform-commons-1.8.2.jar:/home/runner/.m2/repository/org/apiguardian/apiguardian-api/1.1.2/apiguardian-api-1.1.2.jar:/home/runner/.m2/repository/org/junit/jupiter/junit-jupiter-params/5.8.2/junit-jupiter-params-5.8.2.jar:/home/runner/.m2/repository/org/junit/jupiter/junit-jupiter-migrationsupport/5.8.2/junit-jupiter-migrationsupport-5.8.2.jar:/home/runner/.m2/repository/org/junit/jupiter/junit-jupiter-engine/5.8.2/junit-jupiter-engine-5.8.2.jar:/home/runner/.m2/repository/org/junit/platform/junit-platform-engine/1.8.2/junit-platform-engine-1.8.2.jar:/home/runner/.m2/repository/org/junit/vintage/junit-vintage-engine/5.8.2/junit-vintage-engine-5.8.2.jar:/home/runner/.m2/repository/org/junit/platform/junit-platform-launcher/1.8.2/junit-platform-launcher-1.8.2.jar:/home/runner/.m2/repository/org/mockito/mockito-core/2.28.2/mockito-core-2.28.2.jar:/home/runner/.m2/repository/net/bytebuddy/byte-buddy/1.9.10/byte-buddy-1.9.10.jar:/home/runner/.m2/repository/net/bytebuddy/byte-buddy-agent/1.9.10/byte-buddy-agent-1.9.10.jar:/home/runner/.m2/repository/org/objenesis/objenesis/1.0/objenesis-1.0.jar:/home/runner/.m2/repository/org/apache/hadoop/hadoop-kms/3.3.1/hadoop-kms-3.3.1.jar:/home/runner/.m2/repository/org/apache/hadoop/hadoop-auth/3.3.1/hadoop-auth-3.3.1.jar:/home/runner/.m2/repository/com/nimbusds/nimbus-jose-jwt/7.9/nimbus-jose-jwt-7.9.jar:/home/runner/.m2/repository/com/github/stephenc/jcip/jcip-annotations/1.0-1/jcip-annotations-1.0-1.jar:/home/runner/.m2/repository/net/minidev/json-smart/2.4.7/json-smart-2.4.7.jar:/home/runner/.m2/repository/net/minidev/accessors-smart/2.4.7/accessors-smart-2.4.7.jar:/home/runner/.m2/repository/org/ow2/asm/asm/5.0.4/asm-5.0.4.jar:/home/runner/.m2/repository/org/apache/zookeeper/zookeeper/3.5.6/zookeeper-3.5.6.jar:/home/runner/.m2/repository/org/apache/zookeeper/zookeeper-jute/3.5.6/zookeeper-jute-3.5.6.jar:/home/runner/.m2/repository/org/apache/yetus/audience-annotations/0.5.0/audience-annotations-0.5.0.jar:/home/runner/.m2/repository/org/apache/curator/curator-framework/4.2.0/curator-framework-4.2.0.jar:/home/runner/.m2/repository/org/apache/hadoop/thirdparty/hadoop-shaded-guava/1.1.1/hadoop-shaded-guava-1.1.1.jar:/home/runner/.m2/repository/com/sun/jersey/jersey-core/1.19/jersey-core-1.19.jar:/home/runner/.m2/repository/javax/ws/rs/jsr311-api/1.1.1/jsr311-api-1.1.1.jar:/home/runner/.m2/repository/com/sun/jersey/jersey-server/1.19/jersey-server-1.19.jar:/home/runner/.m2/repository/javax/servlet/javax.servlet-api/3.1.0/javax.servlet-api-3.1.0.jar:/home/runner/.m2/repository/org/eclipse/jetty/jetty-server/9.4.43.v20210629/jetty-server-9.4.43.v20210629.jar:/home/runner/.m2/repository/org/eclipse/jetty/jetty-http/9.4.43.v20210629/jetty-http-9.4.43.v20210629.jar:/home/runner/.m2/repository/org/eclipse/jetty/jetty-io/9.4.43.v20210629/jetty-io-9.4.43.v20210629.jar:/home/runner/.m2/repository/org/eclipse/jetty/jetty-webapp/9.4.43.v20210629/jetty-webapp-9.4.43.v20210629.jar:/home/runner/.m2/repository/org/eclipse/jetty/jetty-xml/9.4.43.v20210629/jetty-xml-9.4.43.v20210629.jar:/home/runner/.m2/repository/org/apache/hadoop/hadoop-common/3.3.1/hadoop-common-3.3.1.jar:/home/runner/.m2/repository/org/apache/commons/commons-math3/3.1.1/commons-math3-3.1.1.jar:/home/runner/.m2/repository/commons-net/commons-net/3.6/commons-net-3.6.jar:/home/runner/.m2/repository/com/sun/jersey/jersey-servlet/1.19/jersey-servlet-1.19.jar:/home/runner/.m2/repository/com/sun/jersey/jersey-json/1.19/jersey-json-1.19.jar:/home/runner/.m2/repository/org/codehaus/jettison/jettison/1.1/jettison-1.1.jar:/home/runner/.m2/repository/com/sun/xml/bind/jaxb-impl/2.2.3-1/jaxb-impl-2.2.3-1.jar:/home/runner/.m2/repository/org/codehaus/jackson/jackson-xc/1.9.2/jackson-xc-1.9.2.jar:/home/runner/.m2/repository/org/apache/commons/commons-configuration2/2.1.1/commons-configuration2-2.1.1.jar:/home/runner/.m2/repository/org/apache/commons/commons-text/1.4/commons-text-1.4.jar:/home/runner/.m2/repository/com/google/re2j/re2j/1.1/re2j-1.1.jar:/home/runner/.m2/repository/com/jcraft/jsch/0.1.54/jsch-0.1.54.jar:/home/runner/.m2/repository/org/apache/curator/curator-client/4.2.0/curator-client-4.2.0.jar:/home/runner/.m2/repository/org/apache/curator/curator-recipes/4.2.0/curator-recipes-4.2.0.jar:/home/runner/.m2/repository/org/apache/kerby/kerb-core/1.0.1/kerb-core-1.0.1.jar:/home/runner/.m2/repository/org/apache/kerby/kerby-pkix/1.0.1/kerby-pkix-1.0.1.jar:/home/runner/.m2/repository/org/apache/kerby/kerby-asn1/1.0.1/kerby-asn1-1.0.1.jar:/home/runner/.m2/repository/org/apache/kerby/kerby-util/1.0.1/kerby-util-1.0.1.jar:/home/runner/.m2/repository/dnsjava/dnsjava/2.1.7/dnsjava-2.1.7.jar:/home/runner/.m2/repository/org/xerial/snappy/snappy-java/1.1.8.2/snappy-java-1.1.8.2.jar:/home/runner/.m2/repository/org/slf4j/jul-to-slf4j/1.7.30/jul-to-slf4j-1.7.30.jar:/home/runner/.m2/repository/org/eclipse/jetty/jetty-util/9.4.43.v20210629/jetty-util-9.4.43.v20210629.jar:/home/runner/.m2/repository/com/fasterxml/jackson/core/jackson-databind/2.13.2.2/jackson-databind-2.13.2.2.jar:/home/runner/.m2/repository/org/apache/hadoop/hadoop-kms/3.3.1/hadoop-kms-3.3.1-tests.jar:/home/runner/.m2/repository/org/apache/ozone/hdds-server-scm/1.3.0-SNAPSHOT/hdds-server-scm-1.3.0-SNAPSHOT-tests.jar:/home/runner/.m2/repository/org/apache/ozone/hdds-container-service/1.3.0-SNAPSHOT/hdds-container-service-1.3.0-SNAPSHOT-tests.jar:/home/runner/.m2/repository/commons-codec/commons-codec/1.11/commons-codec-1.11.jar:/home/runner/.m2/repository/io/netty/netty-codec/4.1.74.Final/netty-codec-4.1.74.Final.jar:/home/runner/.m2/repository/io/netty/netty-handler/4.1.74.Final/netty-handler-4.1.74.Final.jar:/home/runner/.m2/repository/org/apache/ozone/hdds-hadoop-dependency-test/1.3.0-SNAPSHOT/hdds-hadoop-dependency-test-1.3.0-SNAPSHOT.jar:/home/runner/.m2/repository/org/apache/hadoop/hadoop-common/3.3.1/hadoop-common-3.3.1-tests.jar:/home/runner/.m2/repository/org/assertj/assertj-core/3.12.2/assertj-core-3.12.2.jar:/home/runner/.m2/repository/org/apache/hadoop/hadoop-hdfs/3.3.1/hadoop-hdfs-3.3.1-tests.jar:/home/runner/.m2/repository/org/eclipse/jetty/jetty-util-ajax/9.4.43.v20210629/jetty-util-ajax-9.4.43.v20210629.jar:/home/runner/.m2/repository/commons-daemon/commons-daemon/1.0.13/commons-daemon-1.0.13.jar:/home/runner/.m2/repository/io/netty/netty/3.10.6.Final/netty-3.10.6.Final.jar:/home/runner/.m2/repository/io/netty/netty-all/4.1.74.Final/netty-all-4.1.74.Final.jar:/home/runner/.m2/repository/io/netty/netty-codec-dns/4.1.74.Final/netty-codec-dns-4.1.74.Final.jar:/home/runner/.m2/repository/io/netty/netty-codec-haproxy/4.1.74.Final/netty-codec-haproxy-4.1.74.Final.jar:/home/runner/.m2/repository/io/netty/netty-codec-memcache/4.1.74.Final/netty-codec-memcache-4.1.74.Final.jar:/home/runner/.m2/repository/io/netty/netty-codec-mqtt/4.1.74.Final/netty-codec-mqtt-4.1.74.Final.jar:/home/runner/.m2/repository/io/netty/netty-codec-redis/4.1.74.Final/netty-codec-redis-4.1.74.Final.jar:/home/runner/.m2/repository/io/netty/netty-codec-smtp/4.1.74.Final/netty-codec-smtp-4.1.74.Final.jar:/home/runner/.m2/repository/io/netty/netty-codec-stomp/4.1.74.Final/netty-codec-stomp-4.1.74.Final.jar:/home/runner/.m2/repository/io/netty/netty-codec-xml/4.1.74.Final/netty-codec-xml-4.1.74.Final.jar:/home/runner/.m2/repository/io/netty/netty-resolver-dns/4.1.74.Final/netty-resolver-dns-4.1.74.Final.jar:/home/runner/.m2/repository/io/netty/netty-transport-rxtx/4.1.74.Final/netty-transport-rxtx-4.1.74.Final.jar:/home/runner/.m2/repository/io/netty/netty-transport-sctp/4.1.74.Final/netty-transport-sctp-4.1.74.Final.jar:/home/runner/.m2/repository/io/netty/netty-transport-udt/4.1.74.Final/netty-transport-udt-4.1.74.Final.jar:/home/runner/.m2/repository/io/netty/netty-transport-classes-kqueue/4.1.74.Final/netty-transport-classes-kqueue-4.1.74.Final.jar:/home/runner/.m2/repository/io/netty/netty-resolver-dns-classes-macos/4.1.74.Final/netty-resolver-dns-classes-macos-4.1.74.Final.jar:/home/runner/.m2/repository/io/netty/netty-transport-native-epoll/4.1.74.Final/netty-transport-native-epoll-4.1.74.Final-linux-aarch_64.jar:/home/runner/.m2/repository/io/netty/netty-transport-native-kqueue/4.1.74.Final/netty-transport-native-kqueue-4.1.74.Final-osx-x86_64.jar:/home/runner/.m2/repository/io/netty/netty-transport-native-kqueue/4.1.74.Final/netty-transport-native-kqueue-4.1.74.Final-osx-aarch_64.jar:/home/runner/.m2/repository/io/netty/netty-resolver-dns-native-macos/4.1.74.Final/netty-resolver-dns-native-macos-4.1.74.Final-osx-x86_64.jar:/home/runner/.m2/repository/io/netty/netty-resolver-dns-native-macos/4.1.74.Final/netty-resolver-dns-native-macos-4.1.74.Final-osx-aarch_64.jar:/home/runner/.m2/repository/org/apache/htrace/htrace-core4/4.1.0-incubating/htrace-core4-4.1.0-incubating.jar:/home/runner/.m2/repository/org/fusesource/leveldbjni/leveldbjni-all/1.8/leveldbjni-all-1.8.jar:/home/runner/.m2/repository/org/apache/hadoop/hadoop-distcp/3.3.1/hadoop-distcp-3.3.1.jar:/home/runner/.m2/repository/org/apache/hadoop/hadoop-mapreduce-client-jobclient/3.3.1/hadoop-mapreduce-client-jobclient-3.3.1.jar:/home/runner/.m2/repository/org/apache/hadoop/hadoop-mapreduce-client-common/3.3.1/hadoop-mapreduce-client-common-3.3.1.jar:/home/runner/.m2/repository/org/apache/hadoop/hadoop-yarn-common/3.3.1/hadoop-yarn-common-3.3.1.jar:/home/runner/.m2/repository/org/apache/hadoop/hadoop-yarn-api/3.3.1/hadoop-yarn-api-3.3.1.jar:/home/runner/.m2/repository/com/sun/jersey/contribs/jersey-guice/1.19/jersey-guice-1.19.jar:/home/runner/.m2/repository/com/fasterxml/jackson/jaxrs/jackson-jaxrs-json-provider/2.13.2/jackson-jaxrs-json-provider-2.13.2.jar:/home/runner/.m2/repository/com/fasterxml/jackson/jaxrs/jackson-jaxrs-base/2.13.2/jackson-jaxrs-base-2.13.2.jar:/home/runner/.m2/repository/org/apache/hadoop/hadoop-yarn-client/3.3.1/hadoop-yarn-client-3.3.1.jar:/home/runner/.m2/repository/org/eclipse/jetty/websocket/websocket-client/9.4.40.v20210413/websocket-client-9.4.40.v20210413.jar:/home/runner/.m2/repository/org/eclipse/jetty/websocket/websocket-common/9.4.40.v20210413/websocket-common-9.4.40.v20210413.jar:/home/runner/.m2/repository/org/eclipse/jetty/websocket/websocket-api/9.4.40.v20210413/websocket-api-9.4.40.v20210413.jar:/home/runner/.m2/repository/org/jline/jline/3.9.0/jline-3.9.0.jar:/home/runner/.m2/repository/org/apache/hadoop/hadoop-mapreduce-client-core/3.3.1/hadoop-mapreduce-client-core-3.3.1.jar:/home/runner/.m2/repository/org/apache/avro/avro/1.7.7/avro-1.7.7.jar:/home/runner/.m2/repository/org/codehaus/jackson/jackson-core-asl/1.9.13/jackson-core-asl-1.9.13.jar:/home/runner/.m2/repository/org/codehaus/jackson/jackson-mapper-asl/1.9.13/jackson-mapper-asl-1.9.13.jar:/home/runner/.m2/repository/com/thoughtworks/paranamer/paranamer/2.3/paranamer-2.3.jar:/home/runner/.m2/repository/org/apache/hadoop/hadoop-annotations/3.3.1/hadoop-annotations-3.3.1.jar:/usr/lib/jvm/temurin-8-jdk-amd64/jre/../lib/tools.jar:/home/runner/.m2/repository/org/apache/hadoop/hadoop-distcp/3.3.1/hadoop-distcp-3.3.1-tests.jar:/home/runner/.m2/repository/org/apache/ratis/ratis-common/2.3.0/ratis-common-2.3.0.jar:/home/runner/.m2/repository/org/apache/ratis/ratis-thirdparty-misc/1.0.0/ratis-thirdparty-misc-1.0.0.jar:/home/runner/.m2/repository/org/apache/ratis/ratis-proto/2.3.0/ratis-proto-2.3.0.jar:/home/runner/.m2/repository/org/apache/ozone/ozone-annotation-processing/1.3.0-SNAPSHOT/ozone-annotation-processing-1.3.0-SNAPSHOT.jar:"/>
    <property name="java.vm.vendor" value="Temurin"/>
    <property name="sun.arch.data.model" value="64"/>
    <property name="test.build.dir" value="/home/runner/work/ozone/ozone/hadoop-ozone/integration-test/target/test-dir"/>
    <property name="test.cache.data" value=""/>
    <property name="java.vendor.url" value="https://adoptium.net/"/>
    <property name="user.timezone" value="Etc/UTC"/>
    <property name="java.vm.specification.version" value="1.8"/>
    <property name="os.name" value="Linux"/>
    <property name="test.build.data" value="/home/runner/work/ozone/ozone/hadoop-ozone/integration-test/target/test-dir"/>
    <property name="sun.java.launcher" value="SUN_STANDARD"/>
    <property name="sun.boot.library.path" value="/usr/lib/jvm/temurin-8-jdk-amd64/jre/lib/amd64"/>
    <property name="sun.java.command" value="/home/runner/work/ozone/ozone/hadoop-ozone/integration-test/target/surefire/surefirebooter4230502809098958983.jar /home/runner/work/ozone/ozone/hadoop-ozone/integration-test/target/surefire 2022-07-01T06-28-11_333-jvmRun1 surefire8552858275870182485tmp surefire_47688775145629978100tmp"/>
    <property name="surefire.test.class.path" value="/home/runner/work/ozone/ozone/hadoop-ozone/integration-test/target/test-classes:/home/runner/work/ozone/ozone/hadoop-ozone/integration-test/target/classes:/home/runner/.m2/repository/org/apache/ozone/ozone-common/1.3.0-SNAPSHOT/ozone-common-1.3.0-SNAPSHOT.jar:/home/runner/.m2/repository/io/grpc/grpc-netty/1.44.0/grpc-netty-1.44.0.jar:/home/runner/.m2/repository/io/grpc/grpc-core/1.44.0/grpc-core-1.44.0.jar:/home/runner/.m2/repository/com/google/android/annotations/4.1.1.4/annotations-4.1.1.4.jar:/home/runner/.m2/repository/org/codehaus/mojo/animal-sniffer-annotations/1.19/animal-sniffer-annotations-1.19.jar:/home/runner/.m2/repository/com/google/errorprone/error_prone_annotations/2.2.0/error_prone_annotations-2.2.0.jar:/home/runner/.m2/repository/io/perfmark/perfmark-api/0.23.0/perfmark-api-0.23.0.jar:/home/runner/.m2/repository/io/netty/netty-codec-http2/4.1.74.Final/netty-codec-http2-4.1.74.Final.jar:/home/runner/.m2/repository/io/netty/netty-common/4.1.74.Final/netty-common-4.1.74.Final.jar:/home/runner/.m2/repository/io/netty/netty-buffer/4.1.74.Final/netty-buffer-4.1.74.Final.jar:/home/runner/.m2/repository/io/netty/netty-codec-http/4.1.74.Final/netty-codec-http-4.1.74.Final.jar:/home/runner/.m2/repository/io/netty/netty-handler-proxy/4.1.74.Final/netty-handler-proxy-4.1.74.Final.jar:/home/runner/.m2/repository/io/netty/netty-codec-socks/4.1.74.Final/netty-codec-socks-4.1.74.Final.jar:/home/runner/.m2/repository/io/netty/netty-tcnative-boringssl-static/2.0.48.Final/netty-tcnative-boringssl-static-2.0.48.Final.jar:/home/runner/.m2/repository/io/netty/netty-tcnative-classes/2.0.48.Final/netty-tcnative-classes-2.0.48.Final.jar:/home/runner/.m2/repository/io/netty/netty-tcnative/2.0.48.Final/netty-tcnative-2.0.48.Final.jar:/home/runner/.m2/repository/org/apache/commons/commons-compress/1.21/commons-compress-1.21.jar:/home/runner/.m2/repository/org/apache/ozone/hdds-common/1.3.0-SNAPSHOT/hdds-common-1.3.0-SNAPSHOT.jar:/home/runner/.m2/repository/org/apache/ozone/hdds-client/1.3.0-SNAPSHOT/hdds-client-1.3.0-SNAPSHOT.jar:/home/runner/.m2/repository/org/apache/ozone/ozone-interface-client/1.3.0-SNAPSHOT/ozone-interface-client-1.3.0-SNAPSHOT.jar:/home/runner/.m2/repository/org/apache/ozone/hdds-test-utils/1.3.0-SNAPSHOT/hdds-test-utils-1.3.0-SNAPSHOT.jar:/home/runner/.m2/repository/com/google/guava/guava/31.1-jre/guava-31.1-jre.jar:/home/runner/.m2/repository/com/google/guava/failureaccess/1.0.1/failureaccess-1.0.1.jar:/home/runner/.m2/repository/com/google/guava/listenablefuture/9999.0-empty-to-avoid-conflict-with-guava/listenablefuture-9999.0-empty-to-avoid-conflict-with-guava.jar:/home/runner/.m2/repository/com/google/code/findbugs/jsr305/3.0.0/jsr305-3.0.0.jar:/home/runner/.m2/repository/org/checkerframework/checker-qual/3.12.0/checker-qual-3.12.0.jar:/home/runner/.m2/repository/com/google/j2objc/j2objc-annotations/1.3/j2objc-annotations-1.3.jar:/home/runner/.m2/repository/commons-io/commons-io/2.11.0/commons-io-2.11.0.jar:/home/runner/.m2/repository/commons-logging/commons-logging/1.2/commons-logging-1.2.jar:/home/runner/.m2/repository/log4j/log4j/1.2.17/log4j-1.2.17.jar:/home/runner/.m2/repository/org/slf4j/slf4j-api/1.7.30/slf4j-api-1.7.30.jar:/home/runner/.m2/repository/org/apache/ozone/hdds-server-scm/1.3.0-SNAPSHOT/hdds-server-scm-1.3.0-SNAPSHOT.jar:/home/runner/.m2/repository/org/apache/ozone/hdds-container-service/1.3.0-SNAPSHOT/hdds-container-service-1.3.0-SNAPSHOT.jar:/home/runner/.m2/repository/org/apache/ozone/hdds-hadoop-dependency-server/1.3.0-SNAPSHOT/hdds-hadoop-dependency-server-1.3.0-SNAPSHOT.jar:/home/runner/.m2/repository/org/apache/hadoop/hadoop-hdfs/3.3.1/hadoop-hdfs-3.3.1.jar:/home/runner/.m2/repository/org/apache/ozone/hdds-server-framework/1.3.0-SNAPSHOT/hdds-server-framework-1.3.0-SNAPSHOT.jar:/home/runner/.m2/repository/org/apache/ozone/hdds-interface-server/1.3.0-SNAPSHOT/hdds-interface-server-1.3.0-SNAPSHOT.jar:/home/runner/.m2/repository/org/apache/logging/log4j/log4j-core/2.17.1/log4j-core-2.17.1.jar:/home/runner/.m2/repository/com/lmax/disruptor/3.4.2/disruptor-3.4.2.jar:/home/runner/.m2/repository/org/eclipse/jetty/jetty-servlet/9.4.43.v20210629/jetty-servlet-9.4.43.v20210629.jar:/home/runner/.m2/repository/org/eclipse/jetty/jetty-security/9.4.43.v20210629/jetty-security-9.4.43.v20210629.jar:/home/runner/.m2/repository/org/rocksdb/rocksdbjni/6.29.5/rocksdbjni-6.29.5.jar:/home/runner/.m2/repository/io/prometheus/simpleclient_dropwizard/0.7.0/simpleclient_dropwizard-0.7.0.jar:/home/runner/.m2/repository/io/prometheus/simpleclient/0.7.0/simpleclient-0.7.0.jar:/home/runner/.m2/repository/io/prometheus/simpleclient_common/0.7.0/simpleclient_common-0.7.0.jar:/home/runner/.m2/repository/io/dropwizard/metrics/metrics-core/3.2.4/metrics-core-3.2.4.jar:/home/runner/.m2/repository/org/apache/hadoop/hadoop-hdfs-client/3.3.1/hadoop-hdfs-client-3.3.1.jar:/home/runner/.m2/repository/org/bouncycastle/bcprov-jdk15on/1.67/bcprov-jdk15on-1.67.jar:/home/runner/.m2/repository/com/google/protobuf/protobuf-java/2.5.0/protobuf-java-2.5.0.jar:/home/runner/.m2/repository/org/apache/ozone/ozone-manager/1.3.0-SNAPSHOT/ozone-manager-1.3.0-SNAPSHOT.jar:/home/runner/.m2/repository/org/aspectj/aspectjrt/1.9.7/aspectjrt-1.9.7.jar:/home/runner/.m2/repository/org/aspectj/aspectjweaver/1.9.7/aspectjweaver-1.9.7.jar:/home/runner/.m2/repository/org/apache/ozone/hdds-interface-client/1.3.0-SNAPSHOT/hdds-interface-client-1.3.0-SNAPSHOT.jar:/home/runner/.m2/repository/org/apache/hadoop/thirdparty/hadoop-shaded-protobuf_3_7/1.1.1/hadoop-shaded-protobuf_3_7-1.1.1.jar:/home/runner/.m2/repository/org/apache/ozone/ozone-interface-storage/1.3.0-SNAPSHOT/ozone-interface-storage-1.3.0-SNAPSHOT.jar:/home/runner/.m2/repository/org/reflections/reflections/0.9.11/reflections-0.9.11.jar:/home/runner/.m2/repository/com/sun/jersey/jersey-client/1.19/jersey-client-1.19.jar:/home/runner/.m2/repository/org/apache/ranger/ranger-intg/3.0.0-SNAPSHOT/ranger-intg-3.0.0-SNAPSHOT.jar:/home/runner/.m2/repository/org/apache/ranger/ranger-plugins-common/3.0.0-SNAPSHOT/ranger-plugins-common-3.0.0-SNAPSHOT.jar:/home/runner/.m2/repository/commons-lang/commons-lang/2.6/commons-lang-2.6.jar:/home/runner/.m2/repository/org/codehaus/jackson/jackson-jaxrs/1.9.13/jackson-jaxrs-1.9.13.jar:/home/runner/.m2/repository/org/apache/ranger/ranger-plugins-cred/3.0.0-SNAPSHOT/ranger-plugins-cred-3.0.0-SNAPSHOT.jar:/home/runner/.m2/repository/org/apache/ranger/ranger-plugins-audit/3.0.0-SNAPSHOT/ranger-plugins-audit-3.0.0-SNAPSHOT.jar:/home/runner/.m2/repository/org/apache/kafka/kafka-clients/2.8.1/kafka-clients-2.8.1.jar:/home/runner/.m2/repository/com/github/luben/zstd-jni/1.4.9-1/zstd-jni-1.4.9-1.jar:/home/runner/.m2/repository/org/apache/solr/solr-solrj/8.6.3/solr-solrj-8.6.3.jar:/home/runner/.m2/repository/org/eclipse/jetty/jetty-client/9.4.44.v20210927/jetty-client-9.4.44.v20210927.jar:/home/runner/.m2/repository/org/apache/httpcomponents/httpmime/4.5.13/httpmime-4.5.13.jar:/home/runner/.m2/repository/org/apache/httpcomponents/httpcore-nio/4.4.14/httpcore-nio-4.4.14.jar:/home/runner/.m2/repository/org/apache/httpcomponents/httpasyncclient/4.1.4/httpasyncclient-4.1.4.jar:/home/runner/.m2/repository/com/carrotsearch/hppc/0.8.0/hppc-0.8.0.jar:/home/runner/.m2/repository/org/apache/hive/hive-storage-api/2.7.2/hive-storage-api-2.7.2.jar:/home/runner/.m2/repository/org/apache/orc/orc-core/1.5.8/orc-core-1.5.8.jar:/home/runner/.m2/repository/com/amazonaws/aws-java-sdk-bundle/1.12.125/aws-java-sdk-bundle-1.12.125.jar:/home/runner/.m2/repository/net/java/dev/jna/jna/5.2.0/jna-5.2.0.jar:/home/runner/.m2/repository/net/java/dev/jna/jna-platform/5.2.0/jna-platform-5.2.0.jar:/home/runner/.m2/repository/com/kstruct/gethostname4j/0.0.2/gethostname4j-0.0.2.jar:/home/runner/.m2/repository/org/apache/ranger/ranger-plugin-classloader/3.0.0-SNAPSHOT/ranger-plugin-classloader-3.0.0-SNAPSHOT.jar:/home/runner/.m2/repository/org/apache/hadoop/hadoop-minikdc/3.3.1/hadoop-minikdc-3.3.1.jar:/home/runner/.m2/repository/org/apache/kerby/kerb-simplekdc/1.0.1/kerb-simplekdc-1.0.1.jar:/home/runner/.m2/repository/org/apache/kerby/kerb-client/1.0.1/kerb-client-1.0.1.jar:/home/runner/.m2/repository/org/apache/kerby/kerby-config/1.0.1/kerby-config-1.0.1.jar:/home/runner/.m2/repository/org/apache/kerby/kerb-common/1.0.1/kerb-common-1.0.1.jar:/home/runner/.m2/repository/org/apache/kerby/kerb-crypto/1.0.1/kerb-crypto-1.0.1.jar:/home/runner/.m2/repository/org/apache/kerby/kerb-util/1.0.1/kerb-util-1.0.1.jar:/home/runner/.m2/repository/org/apache/kerby/token-provider/1.0.1/token-provider-1.0.1.jar:/home/runner/.m2/repository/org/apache/kerby/kerb-admin/1.0.1/kerb-admin-1.0.1.jar:/home/runner/.m2/repository/org/apache/kerby/kerb-server/1.0.1/kerb-server-1.0.1.jar:/home/runner/.m2/repository/org/apache/kerby/kerb-identity/1.0.1/kerb-identity-1.0.1.jar:/home/runner/.m2/repository/org/apache/kerby/kerby-xdr/1.0.1/kerby-xdr-1.0.1.jar:/home/runner/.m2/repository/org/slf4j/slf4j-log4j12/1.7.30/slf4j-log4j12-1.7.30.jar:/home/runner/.m2/repository/org/apache/ozone/ozone-s3gateway/1.3.0-SNAPSHOT/ozone-s3gateway-1.3.0-SNAPSHOT.jar:/home/runner/.m2/repository/org/javassist/javassist/3.21.0-GA/javassist-3.21.0-GA.jar:/home/runner/.m2/repository/org/jboss/weld/servlet/weld-servlet/2.4.7.Final/weld-servlet-2.4.7.Final.jar:/home/runner/.m2/repository/org/glassfish/jersey/containers/jersey-container-servlet-core/2.33/jersey-container-servlet-core-2.33.jar:/home/runner/.m2/repository/org/glassfish/hk2/external/jakarta.inject/2.6.1/jakarta.inject-2.6.1.jar:/home/runner/.m2/repository/org/glassfish/jersey/core/jersey-common/2.33/jersey-common-2.33.jar:/home/runner/.m2/repository/jakarta/ws/rs/jakarta.ws.rs-api/2.1.6/jakarta.ws.rs-api-2.1.6.jar:/home/runner/.m2/repository/org/glassfish/jersey/ext/cdi/jersey-cdi1x/2.33/jersey-cdi1x-2.33.jar:/home/runner/.m2/repository/org/glassfish/jersey/inject/jersey-hk2/2.33/jersey-hk2-2.33.jar:/home/runner/.m2/repository/org/glassfish/hk2/hk2-locator/2.6.1/hk2-locator-2.6.1.jar:/home/runner/.m2/repository/org/glassfish/jersey/media/jersey-media-jaxb/2.33/jersey-media-jaxb-2.33.jar:/home/runner/.m2/repository/org/glassfish/hk2/osgi-resource-locator/1.0.3/osgi-resource-locator-1.0.3.jar:/home/runner/.m2/repository/org/glassfish/hk2/hk2-api/2.5.0/hk2-api-2.5.0.jar:/home/runner/.m2/repository/org/glassfish/hk2/hk2-utils/2.5.0/hk2-utils-2.5.0.jar:/home/runner/.m2/repository/org/glassfish/hk2/external/aopalliance-repackaged/2.5.0/aopalliance-repackaged-2.5.0.jar:/home/runner/.m2/repository/com/fasterxml/jackson/dataformat/jackson-dataformat-xml/2.13.2/jackson-dataformat-xml-2.13.2.jar:/home/runner/.m2/repository/com/fasterxml/jackson/core/jackson-core/2.13.2/jackson-core-2.13.2.jar:/home/runner/.m2/repository/org/codehaus/woodstox/stax2-api/3.1.4/stax2-api-3.1.4.jar:/home/runner/.m2/repository/com/fasterxml/woodstox/woodstox-core/5.0.3/woodstox-core-5.0.3.jar:/home/runner/.m2/repository/com/fasterxml/jackson/module/jackson-module-jaxb-annotations/2.13.2/jackson-module-jaxb-annotations-2.13.2.jar:/home/runner/.m2/repository/jakarta/xml/bind/jakarta.xml.bind-api/2.3.3/jakarta.xml.bind-api-2.3.3.jar:/home/runner/.m2/repository/jakarta/activation/jakarta.activation-api/1.2.1/jakarta.activation-api-1.2.1.jar:/home/runner/.m2/repository/javax/enterprise/cdi-api/1.2/cdi-api-1.2.jar:/home/runner/.m2/repository/javax/el/javax.el-api/3.0.0/javax.el-api-3.0.0.jar:/home/runner/.m2/repository/javax/interceptor/javax.interceptor-api/1.2/javax.interceptor-api-1.2.jar:/home/runner/.m2/repository/javax/inject/javax.inject/1/javax.inject-1.jar:/home/runner/.m2/repository/javax/xml/bind/jaxb-api/2.3.0/jaxb-api-2.3.0.jar:/home/runner/.m2/repository/org/glassfish/jaxb/jaxb-runtime/2.3.0.1/jaxb-runtime-2.3.0.1.jar:/home/runner/.m2/repository/org/glassfish/jaxb/jaxb-core/2.3.0.1/jaxb-core-2.3.0.1.jar:/home/runner/.m2/repository/org/glassfish/jaxb/txw2/2.3.0.1/txw2-2.3.0.1.jar:/home/runner/.m2/repository/com/sun/istack/istack-commons-runtime/3.0.5/istack-commons-runtime-3.0.5.jar:/home/runner/.m2/repository/org/jvnet/staxex/stax-ex/1.7.8/stax-ex-1.7.8.jar:/home/runner/.m2/repository/com/sun/xml/fastinfoset/FastInfoset/1.2.13/FastInfoset-1.2.13.jar:/home/runner/.m2/repository/javax/activation/activation/1.1.1/activation-1.1.1.jar:/home/runner/.m2/repository/io/grpc/grpc-protobuf/1.44.0/grpc-protobuf-1.44.0.jar:/home/runner/.m2/repository/io/grpc/grpc-api/1.44.0/grpc-api-1.44.0.jar:/home/runner/.m2/repository/io/grpc/grpc-context/1.44.0/grpc-context-1.44.0.jar:/home/runner/.m2/repository/com/google/api/grpc/proto-google-common-protos/2.0.1/proto-google-common-protos-2.0.1.jar:/home/runner/.m2/repository/io/grpc/grpc-protobuf-lite/1.44.0/grpc-protobuf-lite-1.44.0.jar:/home/runner/.m2/repository/io/grpc/grpc-stub/1.44.0/grpc-stub-1.44.0.jar:/home/runner/.m2/repository/io/netty/netty-transport/4.1.74.Final/netty-transport-4.1.74.Final.jar:/home/runner/.m2/repository/io/netty/netty-resolver/4.1.74.Final/netty-resolver-4.1.74.Final.jar:/home/runner/.m2/repository/org/apache/ozone/ozone-csi/1.3.0-SNAPSHOT/ozone-csi-1.3.0-SNAPSHOT.jar:/home/runner/.m2/repository/com/google/protobuf/protobuf-java-util/3.19.2/protobuf-java-util-3.19.2.jar:/home/runner/.m2/repository/com/google/code/gson/gson/2.9.0/gson-2.9.0.jar:/home/runner/.m2/repository/org/apache/ozone/hdds-config/1.3.0-SNAPSHOT/hdds-config-1.3.0-SNAPSHOT.jar:/home/runner/.m2/repository/io/netty/netty-transport-native-epoll/4.1.74.Final/netty-transport-native-epoll-4.1.74.Final-linux-x86_64.jar:/home/runner/.m2/repository/io/netty/netty-transport-classes-epoll/4.1.74.Final/netty-transport-classes-epoll-4.1.74.Final.jar:/home/runner/.m2/repository/io/netty/netty-transport-native-unix-common/4.1.74.Final/netty-transport-native-unix-common-4.1.74.Final.jar:/home/runner/.m2/repository/org/apache/ozone/ozone-recon/1.3.0-SNAPSHOT/ozone-recon-1.3.0-SNAPSHOT.jar:/home/runner/.m2/repository/org/apache/ozone/ozone-reconcodegen/1.3.0-SNAPSHOT/ozone-reconcodegen-1.3.0-SNAPSHOT.jar:/home/runner/.m2/repository/com/google/inject/extensions/guice-multibindings/4.0/guice-multibindings-4.0.jar:/home/runner/.m2/repository/com/google/inject/guice/4.0/guice-4.0.jar:/home/runner/.m2/repository/aopalliance/aopalliance/1.0/aopalliance-1.0.jar:/home/runner/.m2/repository/com/google/inject/extensions/guice-assistedinject/4.0/guice-assistedinject-4.0.jar:/home/runner/.m2/repository/com/google/inject/extensions/guice-servlet/4.0/guice-servlet-4.0.jar:/home/runner/.m2/repository/org/glassfish/jersey/containers/jersey-container-servlet/2.33/jersey-container-servlet-2.33.jar:/home/runner/.m2/repository/org/glassfish/hk2/guice-bridge/2.5.0/guice-bridge-2.5.0.jar:/home/runner/.m2/repository/org/glassfish/jersey/core/jersey-server/2.33/jersey-server-2.33.jar:/home/runner/.m2/repository/org/glassfish/jersey/core/jersey-client/2.33/jersey-client-2.33.jar:/home/runner/.m2/repository/jakarta/annotation/jakarta.annotation-api/1.3.5/jakarta.annotation-api-1.3.5.jar:/home/runner/.m2/repository/jakarta/validation/jakarta.validation-api/2.0.2/jakarta.validation-api-2.0.2.jar:/home/runner/.m2/repository/org/glassfish/jersey/media/jersey-media-json-jackson/2.33/jersey-media-json-jackson-2.33.jar:/home/runner/.m2/repository/org/glassfish/jersey/ext/jersey-entity-filtering/2.33/jersey-entity-filtering-2.33.jar:/home/runner/.m2/repository/org/jooq/jooq/3.11.10/jooq-3.11.10.jar:/home/runner/.m2/repository/org/jooq/jooq-meta/3.11.10/jooq-meta-3.11.10.jar:/home/runner/.m2/repository/org/jooq/jooq-codegen/3.11.10/jooq-codegen-3.11.10.jar:/home/runner/.m2/repository/com/jolbox/bonecp/0.8.0.RELEASE/bonecp-0.8.0.RELEASE.jar:/home/runner/.m2/repository/org/apache/derby/derby/10.14.2.0/derby-10.14.2.0.jar:/home/runner/.m2/repository/org/xerial/sqlite-jdbc/3.25.2/sqlite-jdbc-3.25.2.jar:/home/runner/.m2/repository/org/springframework/spring-jdbc/5.2.20.RELEASE/spring-jdbc-5.2.20.RELEASE.jar:/home/runner/.m2/repository/org/springframework/spring-beans/5.2.20.RELEASE/spring-beans-5.2.20.RELEASE.jar:/home/runner/.m2/repository/org/springframework/spring-core/5.2.20.RELEASE/spring-core-5.2.20.RELEASE.jar:/home/runner/.m2/repository/org/springframework/spring-jcl/5.2.20.RELEASE/spring-jcl-5.2.20.RELEASE.jar:/home/runner/.m2/repository/org/springframework/spring-tx/5.2.20.RELEASE/spring-tx-5.2.20.RELEASE.jar:/home/runner/.m2/repository/org/apache/ozone/ozone-client/1.3.0-SNAPSHOT/ozone-client-1.3.0-SNAPSHOT.jar:/home/runner/.m2/repository/org/apache/ozone/hdds-erasurecode/1.3.0-SNAPSHOT/hdds-erasurecode-1.3.0-SNAPSHOT.jar:/home/runner/.m2/repository/com/github/spotbugs/spotbugs-annotations/3.1.12/spotbugs-annotations-3.1.12.jar:/home/runner/.m2/repository/org/apache/ozone/ozone-filesystem/1.3.0-SNAPSHOT/ozone-filesystem-1.3.0-SNAPSHOT.jar:/home/runner/.m2/repository/org/apache/ozone/ozone-filesystem-common/1.3.0-SNAPSHOT/ozone-filesystem-common-1.3.0-SNAPSHOT.jar:/home/runner/.m2/repository/org/apache/ozone/ozone-tools/1.3.0-SNAPSHOT/ozone-tools-1.3.0-SNAPSHOT.jar:/home/runner/.m2/repository/org/apache/ratis/ratis-tools/2.3.0/ratis-tools-2.3.0.jar:/home/runner/.m2/repository/com/amazonaws/aws-java-sdk-core/1.12.124/aws-java-sdk-core-1.12.124.jar:/home/runner/.m2/repository/org/apache/httpcomponents/httpclient/4.5.13/httpclient-4.5.13.jar:/home/runner/.m2/repository/org/apache/httpcomponents/httpcore/4.4.13/httpcore-4.4.13.jar:/home/runner/.m2/repository/software/amazon/ion/ion-java/1.0.2/ion-java-1.0.2.jar:/home/runner/.m2/repository/com/fasterxml/jackson/dataformat/jackson-dataformat-cbor/2.13.2/jackson-dataformat-cbor-2.13.2.jar:/home/runner/.m2/repository/joda-time/joda-time/2.8.1/joda-time-2.8.1.jar:/home/runner/.m2/repository/com/amazonaws/aws-java-sdk-s3/1.12.124/aws-java-sdk-s3-1.12.124.jar:/home/runner/.m2/repository/com/amazonaws/aws-java-sdk-kms/1.12.124/aws-java-sdk-kms-1.12.124.jar:/home/runner/.m2/repository/com/amazonaws/jmespath-java/1.12.124/jmespath-java-1.12.124.jar:/home/runner/.m2/repository/org/kohsuke/metainf-services/metainf-services/1.8/metainf-services-1.8.jar:/home/runner/.m2/repository/org/apache/ozone/hdds-tools/1.3.0-SNAPSHOT/hdds-tools-1.3.0-SNAPSHOT.jar:/home/runner/.m2/repository/commons-cli/commons-cli/1.2/commons-cli-1.2.jar:/home/runner/.m2/repository/org/apache/commons/commons-lang3/3.7/commons-lang3-3.7.jar:/home/runner/.m2/repository/org/apache/ozone/ozone-manager/1.3.0-SNAPSHOT/ozone-manager-1.3.0-SNAPSHOT-tests.jar:/home/runner/.m2/repository/org/apache/ozone/hdds-common/1.3.0-SNAPSHOT/hdds-common-1.3.0-SNAPSHOT-tests.jar:/home/runner/.m2/repository/org/apache/ozone/hdds-hadoop-dependency-client/1.3.0-SNAPSHOT/hdds-hadoop-dependency-client-1.3.0-SNAPSHOT.jar:/home/runner/.m2/repository/info/picocli/picocli/4.6.1/picocli-4.6.1.jar:/home/runner/.m2/repository/com/fasterxml/jackson/core/jackson-annotations/2.13.2/jackson-annotations-2.13.2.jar:/home/runner/.m2/repository/com/fasterxml/jackson/datatype/jackson-datatype-jsr310/2.13.2/jackson-datatype-jsr310-2.13.2.jar:/home/runner/.m2/repository/javax/annotation/javax.annotation-api/1.2/javax.annotation-api-1.2.jar:/home/runner/.m2/repository/org/apache/ratis/ratis-server/2.3.0/ratis-server-2.3.0.jar:/home/runner/.m2/repository/org/apache/ratis/ratis-client/2.3.0/ratis-client-2.3.0.jar:/home/runner/.m2/repository/org/apache/ratis/ratis-server-api/2.3.0/ratis-server-api-2.3.0.jar:/home/runner/.m2/repository/org/apache/ratis/ratis-metrics/2.3.0/ratis-metrics-2.3.0.jar:/home/runner/.m2/repository/org/apache/ratis/ratis-netty/2.3.0/ratis-netty-2.3.0.jar:/home/runner/.m2/repository/org/apache/ratis/ratis-grpc/2.3.0/ratis-grpc-2.3.0.jar:/home/runner/.m2/repository/org/apache/logging/log4j/log4j-api/2.17.1/log4j-api-2.17.1.jar:/home/runner/.m2/repository/org/apache/commons/commons-pool2/2.6.0/commons-pool2-2.6.0.jar:/home/runner/.m2/repository/org/bouncycastle/bcpkix-jdk15on/1.67/bcpkix-jdk15on-1.67.jar:/home/runner/.m2/repository/commons-validator/commons-validator/1.6/commons-validator-1.6.jar:/home/runner/.m2/repository/commons-beanutils/commons-beanutils/1.9.4/commons-beanutils-1.9.4.jar:/home/runner/.m2/repository/commons-digester/commons-digester/1.8.1/commons-digester-1.8.1.jar:/home/runner/.m2/repository/commons-collections/commons-collections/3.2.2/commons-collections-3.2.2.jar:/home/runner/.m2/repository/io/jaegertracing/jaeger-client/1.6.0/jaeger-client-1.6.0.jar:/home/runner/.m2/repository/io/jaegertracing/jaeger-thrift/1.6.0/jaeger-thrift-1.6.0.jar:/home/runner/.m2/repository/org/apache/thrift/libthrift/0.14.1/libthrift-0.14.1.jar:/home/runner/.m2/repository/com/squareup/okhttp3/okhttp/4.9.0/okhttp-4.9.0.jar:/home/runner/.m2/repository/com/squareup/okio/okio/2.8.0/okio-2.8.0.jar:/home/runner/.m2/repository/io/jaegertracing/jaeger-core/1.6.0/jaeger-core-1.6.0.jar:/home/runner/.m2/repository/io/jaegertracing/jaeger-tracerresolver/1.6.0/jaeger-tracerresolver-1.6.0.jar:/home/runner/.m2/repository/io/opentracing/contrib/opentracing-tracerresolver/0.1.8/opentracing-tracerresolver-0.1.8.jar:/home/runner/.m2/repository/org/jetbrains/kotlin/kotlin-stdlib/1.6.21/kotlin-stdlib-1.6.21.jar:/home/runner/.m2/repository/org/jetbrains/kotlin/kotlin-stdlib-common/1.6.21/kotlin-stdlib-common-1.6.21.jar:/home/runner/.m2/repository/org/jetbrains/annotations/13.0/annotations-13.0.jar:/home/runner/.m2/repository/io/opentracing/opentracing-util/0.33.0/opentracing-util-0.33.0.jar:/home/runner/.m2/repository/io/opentracing/opentracing-api/0.33.0/opentracing-api-0.33.0.jar:/home/runner/.m2/repository/io/opentracing/opentracing-noop/0.33.0/opentracing-noop-0.33.0.jar:/home/runner/.m2/repository/org/yaml/snakeyaml/1.26/snakeyaml-1.26.jar:/home/runner/.m2/repository/org/apache/ozone/hdds-interface-admin/1.3.0-SNAPSHOT/hdds-interface-admin-1.3.0-SNAPSHOT.jar:/home/runner/.m2/repository/junit/junit/4.13.1/junit-4.13.1.jar:/home/runner/.m2/repository/org/hamcrest/hamcrest-core/1.3/hamcrest-core-1.3.jar:/home/runner/.m2/repository/org/junit/jupiter/junit-jupiter-api/5.8.2/junit-jupiter-api-5.8.2.jar:/home/runner/.m2/repository/org/opentest4j/opentest4j/1.2.0/opentest4j-1.2.0.jar:/home/runner/.m2/repository/org/junit/platform/junit-platform-commons/1.8.2/junit-platform-commons-1.8.2.jar:/home/runner/.m2/repository/org/apiguardian/apiguardian-api/1.1.2/apiguardian-api-1.1.2.jar:/home/runner/.m2/repository/org/junit/jupiter/junit-jupiter-params/5.8.2/junit-jupiter-params-5.8.2.jar:/home/runner/.m2/repository/org/junit/jupiter/junit-jupiter-migrationsupport/5.8.2/junit-jupiter-migrationsupport-5.8.2.jar:/home/runner/.m2/repository/org/junit/jupiter/junit-jupiter-engine/5.8.2/junit-jupiter-engine-5.8.2.jar:/home/runner/.m2/repository/org/junit/platform/junit-platform-engine/1.8.2/junit-platform-engine-1.8.2.jar:/home/runner/.m2/repository/org/junit/vintage/junit-vintage-engine/5.8.2/junit-vintage-engine-5.8.2.jar:/home/runner/.m2/repository/org/junit/platform/junit-platform-launcher/1.8.2/junit-platform-launcher-1.8.2.jar:/home/runner/.m2/repository/org/mockito/mockito-core/2.28.2/mockito-core-2.28.2.jar:/home/runner/.m2/repository/net/bytebuddy/byte-buddy/1.9.10/byte-buddy-1.9.10.jar:/home/runner/.m2/repository/net/bytebuddy/byte-buddy-agent/1.9.10/byte-buddy-agent-1.9.10.jar:/home/runner/.m2/repository/org/objenesis/objenesis/1.0/objenesis-1.0.jar:/home/runner/.m2/repository/org/apache/hadoop/hadoop-kms/3.3.1/hadoop-kms-3.3.1.jar:/home/runner/.m2/repository/org/apache/hadoop/hadoop-auth/3.3.1/hadoop-auth-3.3.1.jar:/home/runner/.m2/repository/com/nimbusds/nimbus-jose-jwt/7.9/nimbus-jose-jwt-7.9.jar:/home/runner/.m2/repository/com/github/stephenc/jcip/jcip-annotations/1.0-1/jcip-annotations-1.0-1.jar:/home/runner/.m2/repository/net/minidev/json-smart/2.4.7/json-smart-2.4.7.jar:/home/runner/.m2/repository/net/minidev/accessors-smart/2.4.7/accessors-smart-2.4.7.jar:/home/runner/.m2/repository/org/ow2/asm/asm/5.0.4/asm-5.0.4.jar:/home/runner/.m2/repository/org/apache/zookeeper/zookeeper/3.5.6/zookeeper-3.5.6.jar:/home/runner/.m2/repository/org/apache/zookeeper/zookeeper-jute/3.5.6/zookeeper-jute-3.5.6.jar:/home/runner/.m2/repository/org/apache/yetus/audience-annotations/0.5.0/audience-annotations-0.5.0.jar:/home/runner/.m2/repository/org/apache/curator/curator-framework/4.2.0/curator-framework-4.2.0.jar:/home/runner/.m2/repository/org/apache/hadoop/thirdparty/hadoop-shaded-guava/1.1.1/hadoop-shaded-guava-1.1.1.jar:/home/runner/.m2/repository/com/sun/jersey/jersey-core/1.19/jersey-core-1.19.jar:/home/runner/.m2/repository/javax/ws/rs/jsr311-api/1.1.1/jsr311-api-1.1.1.jar:/home/runner/.m2/repository/com/sun/jersey/jersey-server/1.19/jersey-server-1.19.jar:/home/runner/.m2/repository/javax/servlet/javax.servlet-api/3.1.0/javax.servlet-api-3.1.0.jar:/home/runner/.m2/repository/org/eclipse/jetty/jetty-server/9.4.43.v20210629/jetty-server-9.4.43.v20210629.jar:/home/runner/.m2/repository/org/eclipse/jetty/jetty-http/9.4.43.v20210629/jetty-http-9.4.43.v20210629.jar:/home/runner/.m2/repository/org/eclipse/jetty/jetty-io/9.4.43.v20210629/jetty-io-9.4.43.v20210629.jar:/home/runner/.m2/repository/org/eclipse/jetty/jetty-webapp/9.4.43.v20210629/jetty-webapp-9.4.43.v20210629.jar:/home/runner/.m2/repository/org/eclipse/jetty/jetty-xml/9.4.43.v20210629/jetty-xml-9.4.43.v20210629.jar:/home/runner/.m2/repository/org/apache/hadoop/hadoop-common/3.3.1/hadoop-common-3.3.1.jar:/home/runner/.m2/repository/org/apache/commons/commons-math3/3.1.1/commons-math3-3.1.1.jar:/home/runner/.m2/repository/commons-net/commons-net/3.6/commons-net-3.6.jar:/home/runner/.m2/repository/com/sun/jersey/jersey-servlet/1.19/jersey-servlet-1.19.jar:/home/runner/.m2/repository/com/sun/jersey/jersey-json/1.19/jersey-json-1.19.jar:/home/runner/.m2/repository/org/codehaus/jettison/jettison/1.1/jettison-1.1.jar:/home/runner/.m2/repository/com/sun/xml/bind/jaxb-impl/2.2.3-1/jaxb-impl-2.2.3-1.jar:/home/runner/.m2/repository/org/codehaus/jackson/jackson-xc/1.9.2/jackson-xc-1.9.2.jar:/home/runner/.m2/repository/org/apache/commons/commons-configuration2/2.1.1/commons-configuration2-2.1.1.jar:/home/runner/.m2/repository/org/apache/commons/commons-text/1.4/commons-text-1.4.jar:/home/runner/.m2/repository/com/google/re2j/re2j/1.1/re2j-1.1.jar:/home/runner/.m2/repository/com/jcraft/jsch/0.1.54/jsch-0.1.54.jar:/home/runner/.m2/repository/org/apache/curator/curator-client/4.2.0/curator-client-4.2.0.jar:/home/runner/.m2/repository/org/apache/curator/curator-recipes/4.2.0/curator-recipes-4.2.0.jar:/home/runner/.m2/repository/org/apache/kerby/kerb-core/1.0.1/kerb-core-1.0.1.jar:/home/runner/.m2/repository/org/apache/kerby/kerby-pkix/1.0.1/kerby-pkix-1.0.1.jar:/home/runner/.m2/repository/org/apache/kerby/kerby-asn1/1.0.1/kerby-asn1-1.0.1.jar:/home/runner/.m2/repository/org/apache/kerby/kerby-util/1.0.1/kerby-util-1.0.1.jar:/home/runner/.m2/repository/dnsjava/dnsjava/2.1.7/dnsjava-2.1.7.jar:/home/runner/.m2/repository/org/xerial/snappy/snappy-java/1.1.8.2/snappy-java-1.1.8.2.jar:/home/runner/.m2/repository/org/slf4j/jul-to-slf4j/1.7.30/jul-to-slf4j-1.7.30.jar:/home/runner/.m2/repository/org/eclipse/jetty/jetty-util/9.4.43.v20210629/jetty-util-9.4.43.v20210629.jar:/home/runner/.m2/repository/com/fasterxml/jackson/core/jackson-databind/2.13.2.2/jackson-databind-2.13.2.2.jar:/home/runner/.m2/repository/org/apache/hadoop/hadoop-kms/3.3.1/hadoop-kms-3.3.1-tests.jar:/home/runner/.m2/repository/org/apache/ozone/hdds-server-scm/1.3.0-SNAPSHOT/hdds-server-scm-1.3.0-SNAPSHOT-tests.jar:/home/runner/.m2/repository/org/apache/ozone/hdds-container-service/1.3.0-SNAPSHOT/hdds-container-service-1.3.0-SNAPSHOT-tests.jar:/home/runner/.m2/repository/commons-codec/commons-codec/1.11/commons-codec-1.11.jar:/home/runner/.m2/repository/io/netty/netty-codec/4.1.74.Final/netty-codec-4.1.74.Final.jar:/home/runner/.m2/repository/io/netty/netty-handler/4.1.74.Final/netty-handler-4.1.74.Final.jar:/home/runner/.m2/repository/org/apache/ozone/hdds-hadoop-dependency-test/1.3.0-SNAPSHOT/hdds-hadoop-dependency-test-1.3.0-SNAPSHOT.jar:/home/runner/.m2/repository/org/apache/hadoop/hadoop-common/3.3.1/hadoop-common-3.3.1-tests.jar:/home/runner/.m2/repository/org/assertj/assertj-core/3.12.2/assertj-core-3.12.2.jar:/home/runner/.m2/repository/org/apache/hadoop/hadoop-hdfs/3.3.1/hadoop-hdfs-3.3.1-tests.jar:/home/runner/.m2/repository/org/eclipse/jetty/jetty-util-ajax/9.4.43.v20210629/jetty-util-ajax-9.4.43.v20210629.jar:/home/runner/.m2/repository/commons-daemon/commons-daemon/1.0.13/commons-daemon-1.0.13.jar:/home/runner/.m2/repository/io/netty/netty/3.10.6.Final/netty-3.10.6.Final.jar:/home/runner/.m2/repository/io/netty/netty-all/4.1.74.Final/netty-all-4.1.74.Final.jar:/home/runner/.m2/repository/io/netty/netty-codec-dns/4.1.74.Final/netty-codec-dns-4.1.74.Final.jar:/home/runner/.m2/repository/io/netty/netty-codec-haproxy/4.1.74.Final/netty-codec-haproxy-4.1.74.Final.jar:/home/runner/.m2/repository/io/netty/netty-codec-memcache/4.1.74.Final/netty-codec-memcache-4.1.74.Final.jar:/home/runner/.m2/repository/io/netty/netty-codec-mqtt/4.1.74.Final/netty-codec-mqtt-4.1.74.Final.jar:/home/runner/.m2/repository/io/netty/netty-codec-redis/4.1.74.Final/netty-codec-redis-4.1.74.Final.jar:/home/runner/.m2/repository/io/netty/netty-codec-smtp/4.1.74.Final/netty-codec-smtp-4.1.74.Final.jar:/home/runner/.m2/repository/io/netty/netty-codec-stomp/4.1.74.Final/netty-codec-stomp-4.1.74.Final.jar:/home/runner/.m2/repository/io/netty/netty-codec-xml/4.1.74.Final/netty-codec-xml-4.1.74.Final.jar:/home/runner/.m2/repository/io/netty/netty-resolver-dns/4.1.74.Final/netty-resolver-dns-4.1.74.Final.jar:/home/runner/.m2/repository/io/netty/netty-transport-rxtx/4.1.74.Final/netty-transport-rxtx-4.1.74.Final.jar:/home/runner/.m2/repository/io/netty/netty-transport-sctp/4.1.74.Final/netty-transport-sctp-4.1.74.Final.jar:/home/runner/.m2/repository/io/netty/netty-transport-udt/4.1.74.Final/netty-transport-udt-4.1.74.Final.jar:/home/runner/.m2/repository/io/netty/netty-transport-classes-kqueue/4.1.74.Final/netty-transport-classes-kqueue-4.1.74.Final.jar:/home/runner/.m2/repository/io/netty/netty-resolver-dns-classes-macos/4.1.74.Final/netty-resolver-dns-classes-macos-4.1.74.Final.jar:/home/runner/.m2/repository/io/netty/netty-transport-native-epoll/4.1.74.Final/netty-transport-native-epoll-4.1.74.Final-linux-aarch_64.jar:/home/runner/.m2/repository/io/netty/netty-transport-native-kqueue/4.1.74.Final/netty-transport-native-kqueue-4.1.74.Final-osx-x86_64.jar:/home/runner/.m2/repository/io/netty/netty-transport-native-kqueue/4.1.74.Final/netty-transport-native-kqueue-4.1.74.Final-osx-aarch_64.jar:/home/runner/.m2/repository/io/netty/netty-resolver-dns-native-macos/4.1.74.Final/netty-resolver-dns-native-macos-4.1.74.Final-osx-x86_64.jar:/home/runner/.m2/repository/io/netty/netty-resolver-dns-native-macos/4.1.74.Final/netty-resolver-dns-native-macos-4.1.74.Final-osx-aarch_64.jar:/home/runner/.m2/repository/org/apache/htrace/htrace-core4/4.1.0-incubating/htrace-core4-4.1.0-incubating.jar:/home/runner/.m2/repository/org/fusesource/leveldbjni/leveldbjni-all/1.8/leveldbjni-all-1.8.jar:/home/runner/.m2/repository/org/apache/hadoop/hadoop-distcp/3.3.1/hadoop-distcp-3.3.1.jar:/home/runner/.m2/repository/org/apache/hadoop/hadoop-mapreduce-client-jobclient/3.3.1/hadoop-mapreduce-client-jobclient-3.3.1.jar:/home/runner/.m2/repository/org/apache/hadoop/hadoop-mapreduce-client-common/3.3.1/hadoop-mapreduce-client-common-3.3.1.jar:/home/runner/.m2/repository/org/apache/hadoop/hadoop-yarn-common/3.3.1/hadoop-yarn-common-3.3.1.jar:/home/runner/.m2/repository/org/apache/hadoop/hadoop-yarn-api/3.3.1/hadoop-yarn-api-3.3.1.jar:/home/runner/.m2/repository/com/sun/jersey/contribs/jersey-guice/1.19/jersey-guice-1.19.jar:/home/runner/.m2/repository/com/fasterxml/jackson/jaxrs/jackson-jaxrs-json-provider/2.13.2/jackson-jaxrs-json-provider-2.13.2.jar:/home/runner/.m2/repository/com/fasterxml/jackson/jaxrs/jackson-jaxrs-base/2.13.2/jackson-jaxrs-base-2.13.2.jar:/home/runner/.m2/repository/org/apache/hadoop/hadoop-yarn-client/3.3.1/hadoop-yarn-client-3.3.1.jar:/home/runner/.m2/repository/org/eclipse/jetty/websocket/websocket-client/9.4.40.v20210413/websocket-client-9.4.40.v20210413.jar:/home/runner/.m2/repository/org/eclipse/jetty/websocket/websocket-common/9.4.40.v20210413/websocket-common-9.4.40.v20210413.jar:/home/runner/.m2/repository/org/eclipse/jetty/websocket/websocket-api/9.4.40.v20210413/websocket-api-9.4.40.v20210413.jar:/home/runner/.m2/repository/org/jline/jline/3.9.0/jline-3.9.0.jar:/home/runner/.m2/repository/org/apache/hadoop/hadoop-mapreduce-client-core/3.3.1/hadoop-mapreduce-client-core-3.3.1.jar:/home/runner/.m2/repository/org/apache/avro/avro/1.7.7/avro-1.7.7.jar:/home/runner/.m2/repository/org/codehaus/jackson/jackson-core-asl/1.9.13/jackson-core-asl-1.9.13.jar:/home/runner/.m2/repository/org/codehaus/jackson/jackson-mapper-asl/1.9.13/jackson-mapper-asl-1.9.13.jar:/home/runner/.m2/repository/com/thoughtworks/paranamer/paranamer/2.3/paranamer-2.3.jar:/home/runner/.m2/repository/org/apache/hadoop/hadoop-annotations/3.3.1/hadoop-annotations-3.3.1.jar:/usr/lib/jvm/temurin-8-jdk-amd64/jre/../lib/tools.jar:/home/runner/.m2/repository/org/apache/hadoop/hadoop-distcp/3.3.1/hadoop-distcp-3.3.1-tests.jar:/home/runner/.m2/repository/org/apache/ratis/ratis-common/2.3.0/ratis-common-2.3.0.jar:/home/runner/.m2/repository/org/apache/ratis/ratis-thirdparty-misc/1.0.0/ratis-thirdparty-misc-1.0.0.jar:/home/runner/.m2/repository/org/apache/ratis/ratis-proto/2.3.0/ratis-proto-2.3.0.jar:/home/runner/.m2/repository/org/apache/ozone/ozone-annotation-processing/1.3.0-SNAPSHOT/ozone-annotation-processing-1.3.0-SNAPSHOT.jar:"/>
    <property name="sun.cpu.endian" value="little"/>
    <property name="user.home" value="/home/runner"/>
    <property name="user.language" value="en"/>
    <property name="java.specification.vendor" value="Oracle Corporation"/>
    <property name="java.home" value="/usr/lib/jvm/temurin-8-jdk-amd64/jre"/>
    <property name="java.security.krb5.conf" value="/home/runner/work/ozone/ozone/hadoop-ozone/integration-test/target/test-classes/krb5.conf"/>
    <property name="basedir" value="/home/runner/work/ozone/ozone/hadoop-ozone/integration-test"/>
    <property name="file.separator" value="/"/>
    <property name="line.separator" value="&#10;"/>
    <property name="java.vm.specification.vendor" value="Oracle Corporation"/>
    <property name="java.specification.name" value="Java Platform API Specification"/>
    <property name="java.awt.graphicsenv" value="sun.awt.X11GraphicsEnvironment"/>
    <property name="skip.installnpx" value="true"/>
    <property name="surefire.fork.timeout" value="3600"/>
    <property name="surefire.real.class.path" value="/home/runner/work/ozone/ozone/hadoop-ozone/integration-test/target/surefire/surefirebooter4230502809098958983.jar:/home/runner/.m2/repository/org/jacoco/org.jacoco.agent/0.8.5/org.jacoco.agent-0.8.5-runtime.jar"/>
    <property name="hadoop.log.dir" value="/home/runner/work/ozone/ozone/hadoop-ozone/integration-test/target/log"/>
    <property name="sun.boot.class.path" value="/usr/lib/jvm/temurin-8-jdk-amd64/jre/lib/resources.jar:/usr/lib/jvm/temurin-8-jdk-amd64/jre/lib/rt.jar:/usr/lib/jvm/temurin-8-jdk-amd64/jre/lib/sunrsasign.jar:/usr/lib/jvm/temurin-8-jdk-amd64/jre/lib/jsse.jar:/usr/lib/jvm/temurin-8-jdk-amd64/jre/lib/jce.jar:/usr/lib/jvm/temurin-8-jdk-amd64/jre/lib/charsets.jar:/usr/lib/jvm/temurin-8-jdk-amd64/jre/lib/jfr.jar:/usr/lib/jvm/temurin-8-jdk-amd64/jre/classes"/>
    <property name="sun.management.compiler" value="HotSpot 64-Bit Tiered Compilers"/>
    <property name="skip.npx" value="true"/>
    <property name="java.runtime.version" value="1.8.0_332-b09"/>
    <property name="java.net.preferIPv4Stack" value="true"/>
    <property name="user.name" value="runner"/>
    <property name="path.separator" value=":"/>
    <property name="java.security.egd" value="file:///dev/urandom"/>
    <property name="os.version" value="5.4.0-1085-azure"/>
    <property name="java.endorsed.dirs" value="/usr/lib/jvm/temurin-8-jdk-amd64/jre/lib/endorsed"/>
    <property name="java.runtime.name" value="OpenJDK Runtime Environment"/>
    <property name="file.encoding" value="UTF-8"/>
    <property name="java.vm.name" value="OpenJDK 64-Bit Server VM"/>
    <property name="test.build.webapps" value=""/>
    <property name="localRepository" value="/home/runner/.m2/repository"/>
    <property name="jetty.git.hash" value="526006ecfa3af7f1a27ef3a288e2bef7ea9dd7e8"/>
    <property name="java.vendor.url.bug" value="https://github.com/adoptium/adoptium-support/issues"/>
    <property name="java.io.tmpdir" value="/tmp"/>
    <property name="require.test.libhadoop" value=""/>
    <property name="surefire.rerunFailingTestsCount" value="5"/>
    <property name="java.version" value="1.8.0_332"/>
    <property name="user.dir" value="/home/runner/work/ozone/ozone/hadoop-ozone/integration-test"/>
    <property name="os.arch" value="amd64"/>
    <property name="java.vm.specification.name" value="Java Virtual Machine Specification"/>
    <property name="test.build.classes" value="/home/runner/work/ozone/ozone/hadoop-ozone/integration-test/target/test-classes"/>
    <property name="java.awt.printerjob" value="sun.print.PSPrinterJob"/>
    <property name="sun.os.patch.level" value="unknown"/>
    <property name="hadoop.tmp.dir" value="/home/runner/work/ozone/ozone/hadoop-ozone/integration-test/target/tmp"/>
    <property name="java.library.path" value="/usr/java/packages/lib/amd64:/usr/lib64:/lib64:/lib:/usr/lib"/>
    <property name="java.vm.info" value="mixed mode"/>
    <property name="java.vendor" value="Temurin"/>
    <property name="java.vm.version" value="25.332-b09"/>
    <property name="java.ext.dirs" value="/usr/lib/jvm/temurin-8-jdk-amd64/jre/lib/ext:/usr/java/packages/lib/ext"/>
    <property name="sun.io.unicode.encoding" value="UnicodeLittle"/>
    <property name="java.class.version" value="52.0"/>
  </properties>
  <testcase name="testNodeWithOpenPipelineCanBeDecommissionedAndRecommissioned" classname="org.apache.hadoop.ozone.scm.node.TestDecommissionAndMaintenance" time="57.723"/>
  <testcase name="testContainerIsReplicatedWhenAllNodesGotoMaintenance" classname="org.apache.hadoop.ozone.scm.node.TestDecommissionAndMaintenance" time="26.323"/>
  <testcase name="testMaintenanceEndsAutomaticallyAtTimeout" classname="org.apache.hadoop.ozone.scm.node.TestDecommissionAndMaintenance" time="43.777"/>
  <testcase name="testSingleNodeWithOpenPipelineCanGotoMaintenance" classname="org.apache.hadoop.ozone.scm.node.TestDecommissionAndMaintenance" time="51.645"/>
  <testcase name="testSCMHandlesRestartForMaintenanceNode" classname="org.apache.hadoop.ozone.scm.node.TestDecommissionAndMaintenance" time="18.323">
    <error type="java.lang.IllegalStateException"><![CDATA[java.lang.IllegalStateException: zip file closed
	at java.util.zip.ZipFile.ensureOpen(ZipFile.java:690)
	at java.util.zip.ZipFile.access$200(ZipFile.java:61)
	at java.util.zip.ZipFile$ZipEntryIterator.hasNext(ZipFile.java:512)
	at java.util.zip.ZipFile$ZipEntryIterator.hasMoreElements(ZipFile.java:507)
	at java.util.jar.JarFile$JarEntryIterator.hasNext(JarFile.java:264)
	at java.util.jar.JarFile$JarEntryIterator.hasMoreElements(JarFile.java:273)
	at org.reflections.vfs.ZipDir$1$1.computeNext(ZipDir.java:30)
	at org.reflections.vfs.ZipDir$1$1.computeNext(ZipDir.java:26)
	at com.google.common.collect.AbstractIterator.tryToComputeNext(AbstractIterator.java:146)
	at com.google.common.collect.AbstractIterator.hasNext(AbstractIterator.java:141)
	at org.reflections.Reflections.scan(Reflections.java:243)
	at org.reflections.Reflections.scan(Reflections.java:202)
	at org.reflections.Reflections.<init>(Reflections.java:123)
	at org.reflections.Reflections.<init>(Reflections.java:168)
	at org.apache.hadoop.hdds.upgrade.HDDSLayoutVersionManager.registerUpgradeActions(HDDSLayoutVersionManager.java:64)
	at org.apache.hadoop.hdds.upgrade.HDDSLayoutVersionManager.<init>(HDDSLayoutVersionManager.java:51)
	at org.apache.hadoop.hdds.scm.server.StorageContainerManager.initializeSystemManagers(StorageContainerManager.java:587)
	at org.apache.hadoop.hdds.scm.server.StorageContainerManager.<init>(StorageContainerManager.java:371)
	at org.apache.hadoop.hdds.scm.server.StorageContainerManager.createSCM(StorageContainerManager.java:536)
	at org.apache.hadoop.hdds.scm.HddsTestUtils.getScmSimple(HddsTestUtils.java:595)
	at org.apache.hadoop.hdds.scm.HddsTestUtils.getScmSimple(HddsTestUtils.java:580)
	at org.apache.hadoop.ozone.MiniOzoneClusterImpl.restartStorageContainerManager(MiniOzoneClusterImpl.java:364)
	at org.apache.hadoop.ozone.scm.node.TestDecommissionAndMaintenance.testSCMHandlesRestartForMaintenanceNode(TestDecommissionAndMaintenance.java:493)
	at sun.reflect.NativeMethodAccessorImpl.invoke0(Native Method)
	at sun.reflect.NativeMethodAccessorImpl.invoke(NativeMethodAccessorImpl.java:62)
	at sun.reflect.DelegatingMethodAccessorImpl.invoke(DelegatingMethodAccessorImpl.java:43)
	at java.lang.reflect.Method.invoke(Method.java:498)
	at org.junit.platform.commons.util.ReflectionUtils.invokeMethod(ReflectionUtils.java:725)
	at org.junit.jupiter.engine.execution.MethodInvocation.proceed(MethodInvocation.java:60)
	at org.junit.jupiter.engine.execution.InvocationInterceptorChain$ValidatingInvocation.proceed(InvocationInterceptorChain.java:131)
	at org.junit.jupiter.engine.extension.TimeoutExtension.intercept(TimeoutExtension.java:149)
	at org.junit.jupiter.engine.extension.TimeoutExtension.interceptTestableMethod(TimeoutExtension.java:140)
	at org.junit.jupiter.engine.extension.TimeoutExtension.interceptTestMethod(TimeoutExtension.java:84)
	at org.junit.jupiter.engine.execution.ExecutableInvoker$ReflectiveInterceptorCall.lambda$ofVoidMethod$0(ExecutableInvoker.java:115)
	at org.junit.jupiter.engine.execution.ExecutableInvoker.lambda$invoke$0(ExecutableInvoker.java:105)
	at org.junit.jupiter.engine.execution.InvocationInterceptorChain$InterceptedInvocation.proceed(InvocationInterceptorChain.java:106)
	at org.junit.jupiter.engine.execution.InvocationInterceptorChain.proceed(InvocationInterceptorChain.java:64)
	at org.junit.jupiter.engine.execution.InvocationInterceptorChain.chainAndInvoke(InvocationInterceptorChain.java:45)
	at org.junit.jupiter.engine.execution.InvocationInterceptorChain.invoke(InvocationInterceptorChain.java:37)
	at org.junit.jupiter.engine.execution.ExecutableInvoker.invoke(ExecutableInvoker.java:104)
	at org.junit.jupiter.engine.execution.ExecutableInvoker.invoke(ExecutableInvoker.java:98)
	at org.junit.jupiter.engine.descriptor.TestMethodTestDescriptor.lambda$invokeTestMethod$7(TestMethodTestDescriptor.java:214)
	at org.junit.platform.engine.support.hierarchical.ThrowableCollector.execute(ThrowableCollector.java:73)
	at org.junit.jupiter.engine.descriptor.TestMethodTestDescriptor.invokeTestMethod(TestMethodTestDescriptor.java:210)
	at org.junit.jupiter.engine.descriptor.TestMethodTestDescriptor.execute(TestMethodTestDescriptor.java:135)
	at org.junit.jupiter.engine.descriptor.TestMethodTestDescriptor.execute(TestMethodTestDescriptor.java:66)
	at org.junit.platform.engine.support.hierarchical.NodeTestTask.lambda$executeRecursively$6(NodeTestTask.java:151)
	at org.junit.platform.engine.support.hierarchical.ThrowableCollector.execute(ThrowableCollector.java:73)
	at org.junit.platform.engine.support.hierarchical.NodeTestTask.lambda$executeRecursively$8(NodeTestTask.java:141)
	at org.junit.platform.engine.support.hierarchical.Node.around(Node.java:137)
	at org.junit.platform.engine.support.hierarchical.NodeTestTask.lambda$executeRecursively$9(NodeTestTask.java:139)
	at org.junit.platform.engine.support.hierarchical.ThrowableCollector.execute(ThrowableCollector.java:73)
	at org.junit.platform.engine.support.hierarchical.NodeTestTask.executeRecursively(NodeTestTask.java:138)
	at org.junit.platform.engine.support.hierarchical.NodeTestTask.execute(NodeTestTask.java:95)
	at java.util.ArrayList.forEach(ArrayList.java:1259)
	at org.junit.platform.engine.support.hierarchical.SameThreadHierarchicalTestExecutorService.invokeAll(SameThreadHierarchicalTestExecutorService.java:41)
	at org.junit.platform.engine.support.hierarchical.NodeTestTask.lambda$executeRecursively$6(NodeTestTask.java:155)
	at org.junit.platform.engine.support.hierarchical.ThrowableCollector.execute(ThrowableCollector.java:73)
	at org.junit.platform.engine.support.hierarchical.NodeTestTask.lambda$executeRecursively$8(NodeTestTask.java:141)
	at org.junit.platform.engine.support.hierarchical.Node.around(Node.java:137)
	at org.junit.platform.engine.support.hierarchical.NodeTestTask.lambda$executeRecursively$9(NodeTestTask.java:139)
	at org.junit.platform.engine.support.hierarchical.ThrowableCollector.execute(ThrowableCollector.java:73)
	at org.junit.platform.engine.support.hierarchical.NodeTestTask.executeRecursively(NodeTestTask.java:138)
	at org.junit.platform.engine.support.hierarchical.NodeTestTask.execute(NodeTestTask.java:95)
	at java.util.ArrayList.forEach(ArrayList.java:1259)
	at org.junit.platform.engine.support.hierarchical.SameThreadHierarchicalTestExecutorService.invokeAll(SameThreadHierarchicalTestExecutorService.java:41)
	at org.junit.platform.engine.support.hierarchical.NodeTestTask.lambda$executeRecursively$6(NodeTestTask.java:155)
	at org.junit.platform.engine.support.hierarchical.ThrowableCollector.execute(ThrowableCollector.java:73)
	at org.junit.platform.engine.support.hierarchical.NodeTestTask.lambda$executeRecursively$8(NodeTestTask.java:141)
	at org.junit.platform.engine.support.hierarchical.Node.around(Node.java:137)
	at org.junit.platform.engine.support.hierarchical.NodeTestTask.lambda$executeRecursively$9(NodeTestTask.java:139)
	at org.junit.platform.engine.support.hierarchical.ThrowableCollector.execute(ThrowableCollector.java:73)
	at org.junit.platform.engine.support.hierarchical.NodeTestTask.executeRecursively(NodeTestTask.java:138)
	at org.junit.platform.engine.support.hierarchical.NodeTestTask.execute(NodeTestTask.java:95)
	at org.junit.platform.engine.support.hierarchical.SameThreadHierarchicalTestExecutorService.submit(SameThreadHierarchicalTestExecutorService.java:35)
	at org.junit.platform.engine.support.hierarchical.HierarchicalTestExecutor.execute(HierarchicalTestExecutor.java:57)
	at org.junit.platform.engine.support.hierarchical.HierarchicalTestEngine.execute(HierarchicalTestEngine.java:54)
	at org.junit.platform.launcher.core.EngineExecutionOrchestrator.execute(EngineExecutionOrchestrator.java:107)
	at org.junit.platform.launcher.core.EngineExecutionOrchestrator.execute(EngineExecutionOrchestrator.java:88)
	at org.junit.platform.launcher.core.EngineExecutionOrchestrator.lambda$execute$0(EngineExecutionOrchestrator.java:54)
	at org.junit.platform.launcher.core.EngineExecutionOrchestrator.withInterceptedStreams(EngineExecutionOrchestrator.java:67)
	at org.junit.platform.launcher.core.EngineExecutionOrchestrator.execute(EngineExecutionOrchestrator.java:52)
	at org.junit.platform.launcher.core.DefaultLauncher.execute(DefaultLauncher.java:114)
	at org.junit.platform.launcher.core.DefaultLauncher.execute(DefaultLauncher.java:86)
	at org.junit.platform.launcher.core.DefaultLauncherSession$DelegatingLauncher.execute(DefaultLauncherSession.java:86)
	at org.junit.platform.launcher.core.SessionPerRequestLauncher.execute(SessionPerRequestLauncher.java:53)
	at org.apache.maven.surefire.junitplatform.JUnitPlatformProvider.execute(JUnitPlatformProvider.java:188)
	at org.apache.maven.surefire.junitplatform.JUnitPlatformProvider.invokeAllTests(JUnitPlatformProvider.java:154)
	at org.apache.maven.surefire.junitplatform.JUnitPlatformProvider.invoke(JUnitPlatformProvider.java:124)
	at org.apache.maven.surefire.booter.ForkedBooter.runSuitesInProcess(ForkedBooter.java:428)
	at org.apache.maven.surefire.booter.ForkedBooter.execute(ForkedBooter.java:162)
	at org.apache.maven.surefire.booter.ForkedBooter.run(ForkedBooter.java:562)
	at org.apache.maven.surefire.booter.ForkedBooter.main(ForkedBooter.java:548)
]]></error>
    <system-out><![CDATA[2022-07-01 06:36:04,912 [Mini-Cluster-Provider-Reap] INFO  ozone.MiniOzoneClusterImpl (MiniOzoneClusterImpl.java:shutdown(460)) - Shutting down the Mini Ozone Cluster
2022-07-01 06:36:04,912 [Mini-Cluster-Provider-Reap] INFO  ozone.MiniOzoneClusterImpl (MiniOzoneClusterImpl.java:stop(475)) - Stopping the Mini Ozone Cluster
2022-07-01 06:36:04,912 [Mini-Cluster-Provider-Reap] INFO  ozone.MiniOzoneClusterImpl (MiniOzoneClusterImpl.java:stopOM(557)) - Stopping the OzoneManager
2022-07-01 06:36:04,912 [Mini-Cluster-Provider-Reap] INFO  om.OzoneManager (OzoneManager.java:stop(2020)) - om1[localhost:0]: Stopping Ozone Manager
2022-07-01 06:36:04,913 [Listener at 127.0.0.1/46587] WARN  server.ServerUtils (ServerUtils.java:getScmDbDir(148)) - ozone.scm.db.dirs is not configured. We recommend adding this setting. Falling back to ozone.metadata.dirs instead.
2022-07-01 06:36:04,917 [Listener at 127.0.0.1/46587] WARN  server.ServerUtils (ServerUtils.java:getScmDbDir(148)) - ozone.scm.db.dirs is not configured. We recommend adding this setting. Falling back to ozone.metadata.dirs instead.
2022-07-01 06:36:04,918 [Listener at 127.0.0.1/46587] INFO  ha.SCMHANodeDetails (SCMHANodeDetails.java:loadSCMHAConfig(209)) - ServiceID for StorageContainerManager is null
2022-07-01 06:36:04,918 [Listener at 127.0.0.1/46587] INFO  ha.SCMHANodeDetails (SCMHANodeDetails.java:loadSCMHAConfig(214)) - ozone.scm.default.service.id is not defined, falling back to ozone.scm.service.ids to find serviceID for StorageContainerManager if it is HA enabled cluster
2022-07-01 06:36:04,918 [Listener at 127.0.0.1/46587] WARN  utils.HAUtils (HAUtils.java:getMetaDir(342)) - ozone.scm.db.dirs is not configured. We recommend adding this setting. Falling back to ozone.metadata.dirs instead.
2022-07-01 06:36:04,919 [Listener at 127.0.0.1/46587] WARN  db.DBStoreBuilder (DBStoreBuilder.java:applyDBDefinition(145)) - ozone.scm.db.dirs is not configured. We recommend adding this setting. Falling back to ozone.metadata.dirs instead.
2022-07-01 06:36:04,935 [Mini-Cluster-Provider-Reap] INFO  ipc.Server (Server.java:stop(3414)) - Stopping server on 33727
2022-07-01 06:36:05,027 [IPC Server listener on 0] INFO  ipc.Server (Server.java:run(1376)) - Stopping IPC Server listener on 0
2022-07-01 06:36:05,060 [IPC Server Responder] INFO  ipc.Server (Server.java:run(1512)) - Stopping IPC Server Responder
2022-07-01 06:36:05,066 [Mini-Cluster-Provider-Reap] INFO  server.RaftServer (RaftServerProxy.java:lambda$close$7(398)) - om1: close
2022-07-01 06:36:05,100 [Mini-Cluster-Provider-Reap] INFO  server.RaftServer$Division (RaftServerImpl.java:lambda$close$4(434)) - om1@group-C5BA1605619E: shutdown
2022-07-01 06:36:05,100 [Mini-Cluster-Provider-Reap] INFO  util.JmxRegister (JmxRegister.java:unregister(73)) - Successfully un-registered JMX Bean with object name Ratis:service=RaftServer,group=group-C5BA1605619E,id=om1
2022-07-01 06:36:05,100 [Mini-Cluster-Provider-Reap] INFO  impl.RoleInfo (RoleInfo.java:shutdownLeaderState(93)) - om1: shutdown om1@group-C5BA1605619E-LeaderStateImpl
2022-07-01 06:36:05,100 [Mini-Cluster-Provider-Reap] INFO  impl.PendingRequests (PendingRequests.java:sendNotLeaderResponses(282)) - om1@group-C5BA1605619E-PendingRequests: sendNotLeaderResponses
2022-07-01 06:36:05,138 [ReplicationMonitor] INFO  replication.ReplicationManager (ReplicationManager.java:processAll(260)) - Replication Monitor Thread took 0 milliseconds for processing 0 containers.
2022-07-01 06:36:05,160 [ReplicationMonitor] INFO  replication.ReplicationManager (ReplicationManager.java:processAll(260)) - Replication Monitor Thread took 0 milliseconds for processing 0 containers.
2022-07-01 06:36:05,224 [Mini-Cluster-Provider-Reap] INFO  impl.StateMachineUpdater (StateMachineUpdater.java:stopAndJoin(153)) - om1@group-C5BA1605619E-StateMachineUpdater: set stopIndex = 84
2022-07-01 06:36:05,225 [om1@group-C5BA1605619E-StateMachineUpdater] INFO  ratis.OzoneManagerStateMachine (OzoneManagerStateMachine.java:takeSnapshot(441)) - Current Snapshot Index (t:1, i:84)
2022-07-01 06:36:05,225 [om1@group-C5BA1605619E-StateMachineUpdater] INFO  impl.StateMachineUpdater (StateMachineUpdater.java:takeSnapshot(287)) - om1@group-C5BA1605619E-StateMachineUpdater: Took a snapshot at index 84
2022-07-01 06:36:05,225 [om1@group-C5BA1605619E-StateMachineUpdater] INFO  impl.StateMachineUpdater (StateMachineUpdater.java:lambda$new$0(92)) - om1@group-C5BA1605619E-StateMachineUpdater: snapshotIndex: updateIncreasingly -1 -> 84
2022-07-01 06:36:05,225 [om1@group-C5BA1605619E-StateMachineUpdater] INFO  ratis.OzoneManagerStateMachine (OzoneManagerStateMachine.java:close(495)) - StateMachine has shutdown. Shutdown OzoneManager if not already shutdown.
2022-07-01 06:36:05,225 [om1@group-C5BA1605619E-StateMachineUpdater] INFO  ratis.OzoneManagerDoubleBuffer (OzoneManagerDoubleBuffer.java:stop(465)) - Stopping OMDoubleBuffer flush thread
2022-07-01 06:36:05,225 [OMDoubleBufferFlushThread] INFO  ratis.OzoneManagerDoubleBuffer (OzoneManagerDoubleBuffer.java:flushTransactions(385)) - OMDoubleBuffer flush thread OMDoubleBufferFlushThread is interrupted and will exit.
2022-07-01 06:36:05,228 [Mini-Cluster-Provider-Reap] INFO  server.RaftServer$Division (ServerState.java:close(429)) - om1@group-C5BA1605619E: closes. applyIndex: 84
2022-07-01 06:36:05,228 [om1@group-C5BA1605619E-SegmentedRaftLogWorker] INFO  segmented.SegmentedRaftLogWorker (SegmentedRaftLogWorker.java:run(336)) - om1@group-C5BA1605619E-SegmentedRaftLogWorker was interrupted, exiting. There are 0 tasks remaining in the queue.
2022-07-01 06:36:05,229 [Mini-Cluster-Provider-Reap] INFO  segmented.SegmentedRaftLogWorker (SegmentedRaftLogWorker.java:close(246)) - om1@group-C5BA1605619E-SegmentedRaftLogWorker close()
2022-07-01 06:36:05,229 [Mini-Cluster-Provider-Reap] INFO  server.GrpcService (GrpcService.java:closeImpl(269)) - om1: shutdown server with port 32989 now
2022-07-01 06:36:05,229 [Mini-Cluster-Provider-Reap] INFO  server.GrpcService (GrpcService.java:closeImpl(278)) - om1: shutdown server with port 32989 successfully
2022-07-01 06:36:05,229 [org.apache.ratis.util.JvmPauseMonitor$$Lambda$706/2098851404@4ce0eddf] INFO  util.JvmPauseMonitor (JvmPauseMonitor.java:run(109)) - JvmPauseMonitor-om1: Stopped
2022-07-01 06:36:05,230 [Mini-Cluster-Provider-Reap] INFO  ratis.OzoneManagerStateMachine (OzoneManagerStateMachine.java:close(495)) - StateMachine has shutdown. Shutdown OzoneManager if not already shutdown.
2022-07-01 06:36:05,230 [Mini-Cluster-Provider-Reap] INFO  ratis.OzoneManagerDoubleBuffer (OzoneManagerDoubleBuffer.java:stop(477)) - OMDoubleBuffer flush thread is not running.
2022-07-01 06:36:05,230 [Mini-Cluster-Provider-Reap] INFO  utils.BackgroundService (BackgroundService.java:shutdown(132)) - Shutting down service KeyDeletingService
2022-07-01 06:36:05,244 [Mini-Cluster-Provider-Reap] INFO  utils.BackgroundService (BackgroundService.java:shutdown(132)) - Shutting down service DirectoryDeletingService
2022-07-01 06:36:05,244 [Mini-Cluster-Provider-Reap] INFO  utils.BackgroundService (BackgroundService.java:shutdown(132)) - Shutting down service OpenKeyCleanupService
2022-07-01 06:36:05,245 [Mini-Cluster-Provider-Reap] INFO  handler.ContextHandler (ContextHandler.java:doStop(1153)) - Stopped o.e.j.w.WebAppContext@1968985a{ozoneManager,/,null,STOPPED}{file:/home/runner/work/ozone/ozone/hadoop-ozone/integration-test/target/test-classes/webapps/ozoneManager}
2022-07-01 06:36:05,249 [Mini-Cluster-Provider-Reap] INFO  server.AbstractConnector (AbstractConnector.java:doStop(381)) - Stopped ServerConnector@1718531f{HTTP/1.1, (http/1.1)}{0.0.0.0:0}
2022-07-01 06:36:05,249 [Mini-Cluster-Provider-Reap] INFO  server.session (HouseKeeper.java:stopScavenging(149)) - node0 Stopped scavenging
2022-07-01 06:36:05,250 [Mini-Cluster-Provider-Reap] INFO  handler.ContextHandler (ContextHandler.java:doStop(1153)) - Stopped o.e.j.s.ServletContextHandler@6b3b28f{static,/static,file:///home/runner/work/ozone/ozone/hadoop-ozone/integration-test/target/test-classes/webapps/static,STOPPED}
2022-07-01 06:36:05,250 [Mini-Cluster-Provider-Reap] INFO  handler.ContextHandler (ContextHandler.java:doStop(1153)) - Stopped o.e.j.s.ServletContextHandler@685a0400{logs,/logs,file:///home/runner/work/ozone/ozone/hadoop-ozone/integration-test/target/log,STOPPED}
2022-07-01 06:36:05,258 [main] INFO  rpc.RpcClient (RpcClient.java:createVolume(466)) - Creating Volume: vol1, with user05497 as owner and space quota set to -1 bytes, counts quota set to -1
2022-07-01 06:36:05,271 [Mini-Cluster-Provider-Reap] INFO  ozone.MiniOzoneClusterImpl (MiniOzoneClusterImpl.java:stopDatanodes(534)) - Stopping the HddsDatanodes
2022-07-01 06:36:05,323 [Listener at 127.0.0.1/46587] INFO  net.NodeSchemaLoader (NodeSchemaLoader.java:loadSchemaFromFile(129)) - Loading schema from [jar:file:/home/runner/.m2/repository/org/apache/ozone/hdds-common/1.3.0-SNAPSHOT/hdds-common-1.3.0-SNAPSHOT.jar!/network-topology-default.xml]
2022-07-01 06:36:05,323 [Listener at 127.0.0.1/46587] INFO  net.NodeSchemaLoader (NodeSchemaLoader.java:loadSchema(176)) - Loading network topology layer schema file
2022-07-01 06:36:05,325 [Listener at 127.0.0.1/46587] WARN  impl.MetricRegistriesImpl (MetricRegistriesImpl.java:addReporterRegistration(111)) - New reporters are added after registries were created. Some metrics will be missing from the reporter. Please add reporter before adding any new registry.
2022-07-01 06:36:05,325 [Listener at 127.0.0.1/46587] WARN  impl.MetricRegistriesImpl (MetricRegistriesImpl.java:addReporterRegistration(111)) - New reporters are added after registries were created. Some metrics will be missing from the reporter. Please add reporter before adding any new registry.
2022-07-01 06:36:05,325 [Listener at 127.0.0.1/46587] INFO  upgrade.AbstractLayoutVersionManager (AbstractLayoutVersionManager.java:init(82)) - Initializing Layout version manager with metadata layout = DATANODE_SCHEMA_V3 (version = 4), software layout = DATANODE_SCHEMA_V3 (version = 4)
2022-07-01 06:36:05,385 [OM StateMachine ApplyTransaction Thread - 0] INFO  volume.OMVolumeCreateRequest (OMVolumeCreateRequest.java:validateAndUpdateCache(195)) - created volume:vol1 for user:user05497
2022-07-01 06:36:05,464 [main] INFO  rpc.RpcClient (RpcClient.java:createBucket(669)) - Creating Bucket: vol1/bucket1, with bucket layout LEGACY, runner as owner, Versioning false, Storage Type set to DISK and Encryption set to false 
2022-07-01 06:36:05,469 [OM StateMachine ApplyTransaction Thread - 0] INFO  bucket.OMBucketCreateRequest (OMBucketCreateRequest.java:validateAndUpdateCache(260)) - created bucket: bucket1 of layout LEGACY in volume: vol1
2022-07-01 06:36:05,555 [IPC Server handler 15 on default port 43663] INFO  ha.SequenceIdGenerator (SequenceIdGenerator.java:getNextId(127)) - Allocate a batch for containerId, change lastId from 0 to 1000.
2022-07-01 06:36:05,556 [IPC Server handler 15 on default port 43663] WARN  ha.SequenceIdGenerator (SequenceIdGenerator.java:allocateBatch(235)) - Failed to allocate a batch for localId, expected lastId is 0, actual lastId is 109611004723200000.
2022-07-01 06:36:05,556 [IPC Server handler 15 on default port 43663] INFO  ha.SequenceIdGenerator (SequenceIdGenerator.java:getNextId(127)) - Allocate a batch for localId, change lastId from 109611004723200000 to 109611004723201000.
2022-07-01 06:36:05,569 [Listener at 127.0.0.1/46587] INFO  reflections.Reflections (Reflections.java:scan(232)) - Reflections took 243 ms to scan 7 urls, producing 132 keys and 317 values 
2022-07-01 06:36:05,570 [Listener at 127.0.0.1/46587] INFO  ha.SequenceIdGenerator (SequenceIdGenerator.java:upgradeToSequenceId(347)) - upgrade localId to 109611004723200000
2022-07-01 06:36:05,571 [Listener at 127.0.0.1/46587] INFO  ha.SequenceIdGenerator (SequenceIdGenerator.java:upgradeToSequenceId(357)) - upgrade delTxnId to 0
2022-07-01 06:36:05,571 [Listener at 127.0.0.1/46587] INFO  ha.SequenceIdGenerator (SequenceIdGenerator.java:upgradeToSequenceId(374)) - upgrade containerId to 0
2022-07-01 06:36:05,571 [Listener at 127.0.0.1/46587] INFO  ha.SequenceIdGenerator (SequenceIdGenerator.java:<init>(218)) - Init the HA SequenceIdGenerator.
2022-07-01 06:36:05,638 [Listener at 127.0.0.1/46587] INFO  node.SCMNodeManager (SCMNodeManager.java:<init>(149)) - Entering startup safe mode.
2022-07-01 06:36:05,638 [Listener at 127.0.0.1/46587] INFO  algorithms.ContainerPlacementPolicyFactory (ContainerPlacementPolicyFactory.java:getPolicyInternal(86)) - Create container placement policy of type org.apache.hadoop.hdds.scm.container.placement.algorithms.SCMContainerPlacementRandom
2022-07-01 06:36:05,638 [Listener at 127.0.0.1/46587] INFO  pipeline.PipelineStateManagerImpl (PipelineStateManagerImpl.java:initialize(78)) - No pipeline exists in current db
2022-07-01 06:36:05,638 [Listener at 127.0.0.1/46587] INFO  algorithms.LeaderChoosePolicyFactory (LeaderChoosePolicyFactory.java:getPolicy(57)) - Create leader choose policy of type org.apache.hadoop.hdds.scm.pipeline.leader.choose.algorithms.MinLeaderCountChoosePolicy
2022-07-01 06:36:05,638 [Listener at 127.0.0.1/46587] INFO  algorithms.ContainerPlacementPolicyFactory (ContainerPlacementPolicyFactory.java:getPolicyInternal(86)) - Create container placement policy of type org.apache.hadoop.hdds.scm.container.placement.algorithms.SCMContainerPlacementRackScatter
2022-07-01 06:36:05,638 [Listener at 127.0.0.1/46587] INFO  pipeline.BackgroundPipelineCreator (BackgroundPipelineCreator.java:start(127)) - Starting RatisPipelineUtilsThread.
2022-07-01 06:36:05,669 [Listener at 127.0.0.1/46587] INFO  BackgroundPipelineScrubber (BackgroundSCMService.java:start(68)) - Starting BackgroundPipelineScrubber Service.
2022-07-01 06:36:05,669 [Listener at 127.0.0.1/46587] INFO  ha.SCMServiceManager (SCMServiceManager.java:register(42)) - Registering service BackgroundPipelineCreator.
2022-07-01 06:36:05,669 [Listener at 127.0.0.1/46587] INFO  ha.SCMServiceManager (SCMServiceManager.java:register(42)) - Registering service BackgroundPipelineScrubber.
2022-07-01 06:36:05,669 [Listener at 127.0.0.1/46587] INFO  ExpiredContainerReplicaOpScrubber (BackgroundSCMService.java:start(68)) - Starting ExpiredContainerReplicaOpScrubber Service.
2022-07-01 06:36:05,670 [Listener at 127.0.0.1/46587] INFO  ha.SCMServiceManager (SCMServiceManager.java:register(42)) - Registering service ExpiredContainerReplicaOpScrubber.
2022-07-01 06:36:05,670 [Listener at 127.0.0.1/46587] INFO  algorithms.PipelineChoosePolicyFactory (PipelineChoosePolicyFactory.java:createPipelineChoosePolicyFromClass(73)) - Create pipeline choose policy of type org.apache.hadoop.hdds.scm.pipeline.choose.algorithms.RandomPipelineChoosePolicy
2022-07-01 06:36:05,671 [Listener at 127.0.0.1/46587] INFO  ha.SCMServiceManager (SCMServiceManager.java:register(42)) - Registering service SCMBlockDeletingService.
2022-07-01 06:36:05,671 [Listener at 127.0.0.1/46587] INFO  replication.ReplicationManager (ReplicationManager.java:start(178)) - Starting Replication Monitor Thread.
2022-07-01 06:36:05,671 [Listener at 127.0.0.1/46587] INFO  ha.SCMServiceManager (SCMServiceManager.java:register(42)) - Registering service ReplicationManager.
2022-07-01 06:36:05,671 [Listener at 127.0.0.1/46587] INFO  safemode.ContainerSafeModeRule (ContainerSafeModeRule.java:<init>(89)) - containers with one replica threshold count 0
2022-07-01 06:36:05,671 [Listener at 127.0.0.1/46587] INFO  safemode.HealthyPipelineSafeModeRule (HealthyPipelineSafeModeRule.java:initializeRule(156)) - Total pipeline count is 0, healthy pipeline threshold count is 1
2022-07-01 06:36:05,672 [Listener at 127.0.0.1/46587] INFO  safemode.OneReplicaPipelineSafeModeRule (OneReplicaPipelineSafeModeRule.java:initializeRule(180)) - Total pipeline count is 0, pipeline's with at least one datanode reported threshold count is 0
2022-07-01 06:36:05,672 [Listener at 127.0.0.1/46587] INFO  ipc.CallQueueManager (CallQueueManager.java:<init>(90)) - Using callQueue: class java.util.concurrent.LinkedBlockingQueue, queueCapacity: 2000, scheduler: class org.apache.hadoop.ipc.DefaultRpcScheduler, ipcBackoff: false.
2022-07-01 06:36:05,672 [Socket Reader #1 for port 0] INFO  ipc.Server (Server.java:run(1265)) - Starting Socket Reader #1 for port 0
2022-07-01 06:36:05,673 [Listener at 0.0.0.0/44353] INFO  ipc.CallQueueManager (CallQueueManager.java:<init>(90)) - Using callQueue: class java.util.concurrent.LinkedBlockingQueue, queueCapacity: 2000, scheduler: class org.apache.hadoop.ipc.DefaultRpcScheduler, ipcBackoff: false.
2022-07-01 06:36:05,674 [Socket Reader #1 for port 0] INFO  ipc.Server (Server.java:run(1265)) - Starting Socket Reader #1 for port 0
2022-07-01 06:36:05,674 [Listener at 0.0.0.0/34743] INFO  ipc.CallQueueManager (CallQueueManager.java:<init>(90)) - Using callQueue: class java.util.concurrent.LinkedBlockingQueue, queueCapacity: 2000, scheduler: class org.apache.hadoop.ipc.DefaultRpcScheduler, ipcBackoff: false.
2022-07-01 06:36:05,695 [Socket Reader #1 for port 0] INFO  ipc.Server (Server.java:run(1265)) - Starting Socket Reader #1 for port 0
2022-07-01 06:36:05,700 [Command processor thread] INFO  server.RaftServer (RaftServerProxy.java:addNew(96)) - 810a7c2f-f328-499d-804a-5e30d42c1343: addNew group-3040412DE051:[810a7c2f-f328-499d-804a-5e30d42c1343|rpc:10.1.0.14:34885|priority:0, 9ece8bf6-7d6b-4143-af63-958068d3c465|rpc:10.1.0.14:37739|priority:1, fae739a9-74c8-47b9-bb65-431539dcf0b5|rpc:10.1.0.14:36657|priority:0] returns group-3040412DE051:java.util.concurrent.CompletableFuture@342ef51e[Not completed]
2022-07-01 06:36:05,701 [pool-912-thread-1] INFO  server.RaftServer$Division (RaftServerImpl.java:<init>(190)) - 810a7c2f-f328-499d-804a-5e30d42c1343: new RaftServerImpl for group-3040412DE051:[810a7c2f-f328-499d-804a-5e30d42c1343|rpc:10.1.0.14:34885|priority:0, 9ece8bf6-7d6b-4143-af63-958068d3c465|rpc:10.1.0.14:37739|priority:1, fae739a9-74c8-47b9-bb65-431539dcf0b5|rpc:10.1.0.14:36657|priority:0] with ContainerStateMachine:uninitialized
2022-07-01 06:36:05,701 [pool-912-thread-1] INFO  server.RaftServerConfigKeys (ConfUtils.java:logGet(46)) - raft.server.rpc.timeout.min = 5s (custom)
2022-07-01 06:36:05,701 [pool-912-thread-1] INFO  server.RaftServerConfigKeys (ConfUtils.java:logGet(46)) - raft.server.rpc.timeout.max = 5200ms (custom)
2022-07-01 06:36:05,701 [pool-912-thread-1] INFO  server.RaftServerConfigKeys (ConfUtils.java:logGet(46)) - raft.server.rpc.sleep.time = 25ms (default)
2022-07-01 06:36:05,701 [pool-912-thread-1] INFO  server.RaftServerConfigKeys (ConfUtils.java:logGet(46)) - raft.server.rpc.slowness.timeout = 300s (custom)
2022-07-01 06:36:05,701 [pool-912-thread-1] INFO  server.RaftServerConfigKeys (ConfUtils.java:logGet(46)) - raft.server.leaderelection.leader.step-down.wait-time = 10s (default)
2022-07-01 06:36:05,701 [pool-912-thread-1] INFO  server.RaftServerConfigKeys (ConfUtils.java:logGet(46)) - raft.server.sleep.deviation.threshold = 300ms (default)
2022-07-01 06:36:05,701 [pool-912-thread-1] INFO  server.RaftServer$Division (ServerState.java:<init>(107)) - 810a7c2f-f328-499d-804a-5e30d42c1343@group-3040412DE051: ConfigurationManager, init=-1: [810a7c2f-f328-499d-804a-5e30d42c1343|rpc:10.1.0.14:34885|priority:0, 9ece8bf6-7d6b-4143-af63-958068d3c465|rpc:10.1.0.14:37739|priority:1, fae739a9-74c8-47b9-bb65-431539dcf0b5|rpc:10.1.0.14:36657|priority:0], old=null, confs=<EMPTY_MAP>
2022-07-01 06:36:05,701 [pool-912-thread-1] INFO  server.RaftServerConfigKeys (ConfUtils.java:logGet(46)) - raft.server.storage.dir = [/home/runner/work/ozone/ozone/hadoop-ozone/integration-test/target/test-dir/MiniOzoneClusterImpl-7502d6fe-9434-4bad-a2d4-af421e375e39/datanode-0/data/ratis] (custom)
2022-07-01 06:36:05,701 [pool-912-thread-1] INFO  server.RaftServerConfigKeys (ConfUtils.java:logGet(46)) - raft.server.log.corruption.policy = EXCEPTION (default)
2022-07-01 06:36:05,701 [pool-912-thread-1] INFO  server.RaftServerConfigKeys (ConfUtils.java:logGet(46)) - raft.server.storage.free-space.min = 0MB (=0) (default)
2022-07-01 06:36:05,701 [pool-912-thread-1] INFO  storage.RaftStorageDirectory (RaftStorageDirectoryImpl.java:analyzeStorage(135)) - The storage directory /home/runner/work/ozone/ozone/hadoop-ozone/integration-test/target/test-dir/MiniOzoneClusterImpl-7502d6fe-9434-4bad-a2d4-af421e375e39/datanode-0/data/ratis/e226c85f-4b7a-44b5-ba5f-3040412de051 does not exist. Creating ...
2022-07-01 06:36:05,704 [pool-912-thread-1] INFO  storage.RaftStorageDirectory (RaftStorageDirectoryImpl.java:tryLock(230)) - Lock on /home/runner/work/ozone/ozone/hadoop-ozone/integration-test/target/test-dir/MiniOzoneClusterImpl-7502d6fe-9434-4bad-a2d4-af421e375e39/datanode-0/data/ratis/e226c85f-4b7a-44b5-ba5f-3040412de051/in_use.lock acquired by nodename 5985@fv-az121-578
2022-07-01 06:36:05,708 [pool-912-thread-1] INFO  storage.RaftStorage (RaftStorageImpl.java:format(89)) - Storage directory /home/runner/work/ozone/ozone/hadoop-ozone/integration-test/target/test-dir/MiniOzoneClusterImpl-7502d6fe-9434-4bad-a2d4-af421e375e39/datanode-0/data/ratis/e226c85f-4b7a-44b5-ba5f-3040412de051 has been successfully formatted.
2022-07-01 06:36:05,723 [Command processor thread] INFO  server.RaftServer (RaftServerProxy.java:addNew(96)) - 9ece8bf6-7d6b-4143-af63-958068d3c465: addNew group-3040412DE051:[810a7c2f-f328-499d-804a-5e30d42c1343|rpc:10.1.0.14:34885|priority:0, 9ece8bf6-7d6b-4143-af63-958068d3c465|rpc:10.1.0.14:37739|priority:1, fae739a9-74c8-47b9-bb65-431539dcf0b5|rpc:10.1.0.14:36657|priority:0] returns group-3040412DE051:java.util.concurrent.CompletableFuture@1a152e18[Not completed]
2022-07-01 06:36:05,723 [pool-958-thread-1] INFO  server.RaftServer$Division (RaftServerImpl.java:<init>(190)) - 9ece8bf6-7d6b-4143-af63-958068d3c465: new RaftServerImpl for group-3040412DE051:[810a7c2f-f328-499d-804a-5e30d42c1343|rpc:10.1.0.14:34885|priority:0, 9ece8bf6-7d6b-4143-af63-958068d3c465|rpc:10.1.0.14:37739|priority:1, fae739a9-74c8-47b9-bb65-431539dcf0b5|rpc:10.1.0.14:36657|priority:0] with ContainerStateMachine:uninitialized
2022-07-01 06:36:05,723 [pool-958-thread-1] INFO  server.RaftServerConfigKeys (ConfUtils.java:logGet(46)) - raft.server.rpc.timeout.min = 5s (custom)
2022-07-01 06:36:05,723 [pool-958-thread-1] INFO  server.RaftServerConfigKeys (ConfUtils.java:logGet(46)) - raft.server.rpc.timeout.max = 5200ms (custom)
2022-07-01 06:36:05,723 [pool-958-thread-1] INFO  server.RaftServerConfigKeys (ConfUtils.java:logGet(46)) - raft.server.rpc.sleep.time = 25ms (default)
2022-07-01 06:36:05,723 [pool-958-thread-1] INFO  server.RaftServerConfigKeys (ConfUtils.java:logGet(46)) - raft.server.rpc.slowness.timeout = 300s (custom)
2022-07-01 06:36:05,723 [pool-958-thread-1] INFO  server.RaftServerConfigKeys (ConfUtils.java:logGet(46)) - raft.server.leaderelection.leader.step-down.wait-time = 10s (default)
2022-07-01 06:36:05,723 [pool-958-thread-1] INFO  server.RaftServerConfigKeys (ConfUtils.java:logGet(46)) - raft.server.sleep.deviation.threshold = 300ms (default)
2022-07-01 06:36:05,724 [pool-958-thread-1] INFO  server.RaftServer$Division (ServerState.java:<init>(107)) - 9ece8bf6-7d6b-4143-af63-958068d3c465@group-3040412DE051: ConfigurationManager, init=-1: [810a7c2f-f328-499d-804a-5e30d42c1343|rpc:10.1.0.14:34885|priority:0, 9ece8bf6-7d6b-4143-af63-958068d3c465|rpc:10.1.0.14:37739|priority:1, fae739a9-74c8-47b9-bb65-431539dcf0b5|rpc:10.1.0.14:36657|priority:0], old=null, confs=<EMPTY_MAP>
2022-07-01 06:36:05,724 [pool-958-thread-1] INFO  server.RaftServerConfigKeys (ConfUtils.java:logGet(46)) - raft.server.storage.dir = [/home/runner/work/ozone/ozone/hadoop-ozone/integration-test/target/test-dir/MiniOzoneClusterImpl-7502d6fe-9434-4bad-a2d4-af421e375e39/datanode-2/data/ratis] (custom)
2022-07-01 06:36:05,724 [pool-958-thread-1] INFO  server.RaftServerConfigKeys (ConfUtils.java:logGet(46)) - raft.server.log.corruption.policy = EXCEPTION (default)
2022-07-01 06:36:05,724 [pool-958-thread-1] INFO  server.RaftServerConfigKeys (ConfUtils.java:logGet(46)) - raft.server.storage.free-space.min = 0MB (=0) (default)
2022-07-01 06:36:05,724 [pool-958-thread-1] INFO  storage.RaftStorageDirectory (RaftStorageDirectoryImpl.java:analyzeStorage(135)) - The storage directory /home/runner/work/ozone/ozone/hadoop-ozone/integration-test/target/test-dir/MiniOzoneClusterImpl-7502d6fe-9434-4bad-a2d4-af421e375e39/datanode-2/data/ratis/e226c85f-4b7a-44b5-ba5f-3040412de051 does not exist. Creating ...
2022-07-01 06:36:05,725 [pool-958-thread-1] INFO  storage.RaftStorageDirectory (RaftStorageDirectoryImpl.java:tryLock(230)) - Lock on /home/runner/work/ozone/ozone/hadoop-ozone/integration-test/target/test-dir/MiniOzoneClusterImpl-7502d6fe-9434-4bad-a2d4-af421e375e39/datanode-2/data/ratis/e226c85f-4b7a-44b5-ba5f-3040412de051/in_use.lock acquired by nodename 5985@fv-az121-578
2022-07-01 06:36:05,727 [pool-958-thread-1] INFO  storage.RaftStorage (RaftStorageImpl.java:format(89)) - Storage directory /home/runner/work/ozone/ozone/hadoop-ozone/integration-test/target/test-dir/MiniOzoneClusterImpl-7502d6fe-9434-4bad-a2d4-af421e375e39/datanode-2/data/ratis/e226c85f-4b7a-44b5-ba5f-3040412de051 has been successfully formatted.
2022-07-01 06:36:05,727 [pool-958-thread-1] INFO  ratis.ContainerStateMachine (ContainerStateMachine.java:loadSnapshot(236)) - group-3040412DE051: The snapshot info is null. Setting the last applied indexto:(t:0, i:~)
2022-07-01 06:36:05,727 [pool-958-thread-1] INFO  server.RaftServerConfigKeys (ConfUtils.java:logGet(46)) - raft.server.notification.no-leader.timeout = 300s (custom)
2022-07-01 06:36:05,727 [pool-958-thread-1] INFO  server.RaftServerConfigKeys (ConfUtils.java:logGet(46)) - raft.server.log.use.memory = false (default)
2022-07-01 06:36:05,727 [pool-958-thread-1] INFO  server.RaftServerConfigKeys (ConfUtils.java:logGet(46)) - raft.server.log.purge.gap = 1000000 (custom)
2022-07-01 06:36:05,727 [pool-958-thread-1] INFO  server.RaftServerConfigKeys (ConfUtils.java:logGet(46)) - raft.server.log.appender.buffer.byte-limit = 33554432 (custom)
2022-07-01 06:36:05,727 [pool-958-thread-1] INFO  server.RaftServerConfigKeys (ConfUtils.java:logGet(46)) - raft.server.log.statemachine.data.read.timeout = 1000ms (default)
2022-07-01 06:36:05,727 [pool-958-thread-1] INFO  server.RaftServerConfigKeys (ConfUtils.java:logGet(46)) - raft.server.log.segment.size.max = 1048576 (custom)
2022-07-01 06:36:05,728 [pool-912-thread-1] INFO  ratis.ContainerStateMachine (ContainerStateMachine.java:loadSnapshot(236)) - group-3040412DE051: The snapshot info is null. Setting the last applied indexto:(t:0, i:~)
2022-07-01 06:36:05,732 [ReplicationMonitor] INFO  replication.ReplicationManager (ReplicationManager.java:processAll(227)) - Replication Manager is not ready to run until 3000ms after safemode exit
2022-07-01 06:36:05,740 [ReplicationMonitor] INFO  replication.ReplicationManager (ReplicationManager.java:processAll(260)) - Replication Monitor Thread took 0 milliseconds for processing 6 containers.
2022-07-01 06:36:05,755 [pool-912-thread-1] INFO  server.RaftServerConfigKeys (ConfUtils.java:logGet(46)) - raft.server.notification.no-leader.timeout = 300s (custom)
2022-07-01 06:36:05,755 [pool-912-thread-1] INFO  server.RaftServerConfigKeys (ConfUtils.java:logGet(46)) - raft.server.log.use.memory = false (default)
2022-07-01 06:36:05,755 [pool-912-thread-1] INFO  server.RaftServerConfigKeys (ConfUtils.java:logGet(46)) - raft.server.log.purge.gap = 1000000 (custom)
2022-07-01 06:36:05,755 [pool-912-thread-1] INFO  server.RaftServerConfigKeys (ConfUtils.java:logGet(46)) - raft.server.log.appender.buffer.byte-limit = 33554432 (custom)
2022-07-01 06:36:05,755 [pool-912-thread-1] INFO  server.RaftServerConfigKeys (ConfUtils.java:logGet(46)) - raft.server.log.statemachine.data.read.timeout = 1000ms (default)
2022-07-01 06:36:05,755 [pool-958-thread-1] INFO  server.RaftServerConfigKeys (ConfUtils.java:logGet(46)) - raft.server.log.segment.cache.num.max = 2 (custom)
2022-07-01 06:36:05,755 [pool-958-thread-1] INFO  server.RaftServerConfigKeys (ConfUtils.java:logGet(46)) - raft.server.log.segment.cache.size.max = 200MB (=209715200) (default)
2022-07-01 06:36:05,755 [pool-912-thread-1] INFO  server.RaftServerConfigKeys (ConfUtils.java:logGet(46)) - raft.server.log.segment.size.max = 1048576 (custom)
2022-07-01 06:36:05,755 [pool-958-thread-1] INFO  segmented.SegmentedRaftLogWorker (SegmentedRaftLogWorker.java:<init>(187)) - new 9ece8bf6-7d6b-4143-af63-958068d3c465@group-3040412DE051-SegmentedRaftLogWorker for RaftStorageImpl:Storage Directory /home/runner/work/ozone/ozone/hadoop-ozone/integration-test/target/test-dir/MiniOzoneClusterImpl-7502d6fe-9434-4bad-a2d4-af421e375e39/datanode-2/data/ratis/e226c85f-4b7a-44b5-ba5f-3040412de051
2022-07-01 06:36:05,755 [pool-958-thread-1] INFO  server.RaftServerConfigKeys (ConfUtils.java:logGet(46)) - raft.server.log.queue.byte-limit = 4294967296 (custom)
2022-07-01 06:36:05,755 [pool-958-thread-1] INFO  server.RaftServerConfigKeys (ConfUtils.java:logGet(46)) - raft.server.log.queue.element-limit = 1024 (custom)
2022-07-01 06:36:05,756 [pool-958-thread-1] INFO  server.RaftServerConfigKeys (ConfUtils.java:logGet(46)) - raft.server.log.segment.size.max = 1048576 (custom)
2022-07-01 06:36:05,756 [pool-958-thread-1] INFO  server.RaftServerConfigKeys (ConfUtils.java:logGet(46)) - raft.server.log.preallocated.size = 16384 (custom)
2022-07-01 06:36:05,756 [pool-958-thread-1] INFO  server.RaftServerConfigKeys (ConfUtils.java:logGet(46)) - raft.server.log.force.sync.num = 128 (default)
2022-07-01 06:36:05,756 [pool-958-thread-1] INFO  server.RaftServerConfigKeys (ConfUtils.java:logGet(46)) - raft.server.log.statemachine.data.sync = true (default)
2022-07-01 06:36:05,756 [pool-958-thread-1] INFO  server.RaftServerConfigKeys (ConfUtils.java:logGet(46)) - raft.server.log.statemachine.data.sync.timeout = 10s (default)
2022-07-01 06:36:05,756 [pool-958-thread-1] INFO  server.RaftServerConfigKeys (ConfUtils.java:logGet(46)) - raft.server.log.statemachine.data.sync.timeout.retry = -1 (default)
2022-07-01 06:36:05,762 [pool-912-thread-1] INFO  server.RaftServerConfigKeys (ConfUtils.java:logGet(46)) - raft.server.log.segment.cache.num.max = 2 (custom)
2022-07-01 06:36:05,762 [pool-912-thread-1] INFO  server.RaftServerConfigKeys (ConfUtils.java:logGet(46)) - raft.server.log.segment.cache.size.max = 200MB (=209715200) (default)
2022-07-01 06:36:05,762 [pool-912-thread-1] INFO  segmented.SegmentedRaftLogWorker (SegmentedRaftLogWorker.java:<init>(187)) - new 810a7c2f-f328-499d-804a-5e30d42c1343@group-3040412DE051-SegmentedRaftLogWorker for RaftStorageImpl:Storage Directory /home/runner/work/ozone/ozone/hadoop-ozone/integration-test/target/test-dir/MiniOzoneClusterImpl-7502d6fe-9434-4bad-a2d4-af421e375e39/datanode-0/data/ratis/e226c85f-4b7a-44b5-ba5f-3040412de051
2022-07-01 06:36:05,762 [pool-912-thread-1] INFO  server.RaftServerConfigKeys (ConfUtils.java:logGet(46)) - raft.server.log.queue.byte-limit = 4294967296 (custom)
2022-07-01 06:36:05,762 [pool-912-thread-1] INFO  server.RaftServerConfigKeys (ConfUtils.java:logGet(46)) - raft.server.log.queue.element-limit = 1024 (custom)
2022-07-01 06:36:05,762 [pool-912-thread-1] INFO  server.RaftServerConfigKeys (ConfUtils.java:logGet(46)) - raft.server.log.segment.size.max = 1048576 (custom)
2022-07-01 06:36:05,762 [pool-912-thread-1] INFO  server.RaftServerConfigKeys (ConfUtils.java:logGet(46)) - raft.server.log.preallocated.size = 16384 (custom)
2022-07-01 06:36:05,762 [pool-912-thread-1] INFO  server.RaftServerConfigKeys (ConfUtils.java:logGet(46)) - raft.server.log.force.sync.num = 128 (default)
2022-07-01 06:36:05,762 [pool-912-thread-1] INFO  server.RaftServerConfigKeys (ConfUtils.java:logGet(46)) - raft.server.log.statemachine.data.sync = true (default)
2022-07-01 06:36:05,762 [pool-912-thread-1] INFO  server.RaftServerConfigKeys (ConfUtils.java:logGet(46)) - raft.server.log.statemachine.data.sync.timeout = 10s (default)
2022-07-01 06:36:05,762 [pool-912-thread-1] INFO  server.RaftServerConfigKeys (ConfUtils.java:logGet(46)) - raft.server.log.statemachine.data.sync.timeout.retry = -1 (default)
2022-07-01 06:36:05,794 [pool-958-thread-1] INFO  server.RaftServerConfigKeys (ConfUtils.java:logGet(46)) - raft.server.log.write.buffer.size = 1048576 (custom)
2022-07-01 06:36:05,795 [pool-958-thread-1] INFO  server.RaftServerConfigKeys (ConfUtils.java:logGet(46)) - raft.server.log.unsafe-flush.enabled = false (default)
2022-07-01 06:36:05,795 [pool-958-thread-1] INFO  server.RaftServerConfigKeys (ConfUtils.java:logGet(46)) - raft.server.log.statemachine.data.caching.enabled = true (custom)
2022-07-01 06:36:05,795 [pool-958-thread-1] INFO  segmented.SegmentedRaftLogWorker (SegmentedRaftLogWorker.java:lambda$new$0(135)) - 9ece8bf6-7d6b-4143-af63-958068d3c465@group-3040412DE051-SegmentedRaftLogWorker: flushIndex: setUnconditionally 0 -> -1
2022-07-01 06:36:05,795 [pool-958-thread-1] INFO  segmented.SegmentedRaftLogWorker (SegmentedRaftLogWorker.java:lambda$new$0(135)) - 9ece8bf6-7d6b-4143-af63-958068d3c465@group-3040412DE051-SegmentedRaftLogWorker: safeCacheEvictIndex: setUnconditionally 0 -> -1
2022-07-01 06:36:05,796 [pool-912-thread-1] INFO  server.RaftServerConfigKeys (ConfUtils.java:logGet(46)) - raft.server.log.write.buffer.size = 1048576 (custom)
2022-07-01 06:36:05,796 [pool-912-thread-1] INFO  server.RaftServerConfigKeys (ConfUtils.java:logGet(46)) - raft.server.log.unsafe-flush.enabled = false (default)
2022-07-01 06:36:05,796 [pool-912-thread-1] INFO  server.RaftServerConfigKeys (ConfUtils.java:logGet(46)) - raft.server.log.statemachine.data.caching.enabled = true (custom)
2022-07-01 06:36:05,797 [pool-912-thread-1] INFO  segmented.SegmentedRaftLogWorker (SegmentedRaftLogWorker.java:lambda$new$0(135)) - 810a7c2f-f328-499d-804a-5e30d42c1343@group-3040412DE051-SegmentedRaftLogWorker: flushIndex: setUnconditionally 0 -> -1
2022-07-01 06:36:05,797 [pool-912-thread-1] INFO  segmented.SegmentedRaftLogWorker (SegmentedRaftLogWorker.java:lambda$new$0(135)) - 810a7c2f-f328-499d-804a-5e30d42c1343@group-3040412DE051-SegmentedRaftLogWorker: safeCacheEvictIndex: setUnconditionally 0 -> -1
2022-07-01 06:36:05,822 [pool-912-thread-1] INFO  server.RaftServerConfigKeys (ConfUtils.java:logGet(46)) - raft.server.snapshot.auto.trigger.enabled = true (custom)
2022-07-01 06:36:05,823 [pool-912-thread-1] INFO  server.RaftServerConfigKeys (ConfUtils.java:logGet(46)) - raft.server.snapshot.auto.trigger.threshold = 10000 (custom)
2022-07-01 06:36:05,823 [pool-912-thread-1] INFO  server.RaftServerConfigKeys (ConfUtils.java:logGet(46)) - raft.server.snapshot.retention.file.num = 5 (custom)
2022-07-01 06:36:05,823 [pool-912-thread-1] INFO  server.RaftServerConfigKeys (ConfUtils.java:logGet(46)) - raft.server.log.purge.upto.snapshot.index = false (default)
2022-07-01 06:36:05,844 [pool-912-thread-1] INFO  server.RaftServerConfigKeys (ConfUtils.java:logGet(46)) - raft.server.retrycache.expirytime = 600000ms (custom)
2022-07-01 06:36:05,844 [pool-912-thread-1] INFO  server.RaftServerConfigKeys (ConfUtils.java:logGet(46)) - raft.server.retrycache.statistics.expirytime = 100μs (default)
2022-07-01 06:36:05,846 [pool-912-thread-1] INFO  server.RaftServerConfigKeys (ConfUtils.java:logGet(46)) - raft.server.log.appender.install.snapshot.enabled = false (custom)
2022-07-01 06:36:05,846 [pool-912-thread-1] INFO  server.RaftServerConfigKeys (ConfUtils.java:logGet(46)) - raft.server.threadpool.server.cached = true (default)
2022-07-01 06:36:05,846 [pool-912-thread-1] INFO  server.RaftServerConfigKeys (ConfUtils.java:logGet(46)) - raft.server.threadpool.server.size = 0 (default)
2022-07-01 06:36:05,846 [pool-912-thread-1] INFO  server.RaftServerConfigKeys (ConfUtils.java:logGet(46)) - raft.server.threadpool.client.cached = true (default)
2022-07-01 06:36:05,847 [pool-912-thread-1] INFO  server.RaftServerConfigKeys (ConfUtils.java:logGet(46)) - raft.server.threadpool.client.size = 0 (default)
2022-07-01 06:36:05,847 [pool-912-thread-1] INFO  server.RaftServer$Division (RaftServerImpl.java:start(310)) - 810a7c2f-f328-499d-804a-5e30d42c1343@group-3040412DE051: start as a follower, conf=-1: [810a7c2f-f328-499d-804a-5e30d42c1343|rpc:10.1.0.14:34885|priority:0, 9ece8bf6-7d6b-4143-af63-958068d3c465|rpc:10.1.0.14:37739|priority:1, fae739a9-74c8-47b9-bb65-431539dcf0b5|rpc:10.1.0.14:36657|priority:0], old=null
2022-07-01 06:36:05,847 [pool-912-thread-1] INFO  server.RaftServer$Division (RaftServerImpl.java:setRole(299)) - 810a7c2f-f328-499d-804a-5e30d42c1343@group-3040412DE051: changes role from      null to FOLLOWER at term 0 for startAsFollower
2022-07-01 06:36:05,847 [pool-912-thread-1] INFO  impl.RoleInfo (RoleInfo.java:updateAndGet(139)) - 810a7c2f-f328-499d-804a-5e30d42c1343: start 810a7c2f-f328-499d-804a-5e30d42c1343@group-3040412DE051-FollowerState
2022-07-01 06:36:05,874 [pool-958-thread-1] INFO  server.RaftServerConfigKeys (ConfUtils.java:logGet(46)) - raft.server.snapshot.auto.trigger.enabled = true (custom)
2022-07-01 06:36:05,874 [pool-958-thread-1] INFO  server.RaftServerConfigKeys (ConfUtils.java:logGet(46)) - raft.server.snapshot.auto.trigger.threshold = 10000 (custom)
2022-07-01 06:36:05,874 [pool-958-thread-1] INFO  server.RaftServerConfigKeys (ConfUtils.java:logGet(46)) - raft.server.snapshot.retention.file.num = 5 (custom)
2022-07-01 06:36:05,874 [pool-958-thread-1] INFO  server.RaftServerConfigKeys (ConfUtils.java:logGet(46)) - raft.server.log.purge.upto.snapshot.index = false (default)
2022-07-01 06:36:05,874 [pool-958-thread-1] INFO  server.RaftServerConfigKeys (ConfUtils.java:logGet(46)) - raft.server.retrycache.expirytime = 600000ms (custom)
2022-07-01 06:36:05,874 [pool-958-thread-1] INFO  server.RaftServerConfigKeys (ConfUtils.java:logGet(46)) - raft.server.retrycache.statistics.expirytime = 100μs (default)
2022-07-01 06:36:05,877 [pool-958-thread-1] INFO  server.RaftServerConfigKeys (ConfUtils.java:logGet(46)) - raft.server.log.appender.install.snapshot.enabled = false (custom)
2022-07-01 06:36:05,877 [pool-958-thread-1] INFO  server.RaftServerConfigKeys (ConfUtils.java:logGet(46)) - raft.server.threadpool.server.cached = true (default)
2022-07-01 06:36:05,877 [pool-958-thread-1] INFO  server.RaftServerConfigKeys (ConfUtils.java:logGet(46)) - raft.server.threadpool.server.size = 0 (default)
2022-07-01 06:36:05,877 [pool-958-thread-1] INFO  server.RaftServerConfigKeys (ConfUtils.java:logGet(46)) - raft.server.threadpool.client.cached = true (default)
2022-07-01 06:36:05,877 [pool-958-thread-1] INFO  server.RaftServerConfigKeys (ConfUtils.java:logGet(46)) - raft.server.threadpool.client.size = 0 (default)
2022-07-01 06:36:05,877 [pool-958-thread-1] INFO  server.RaftServer$Division (RaftServerImpl.java:start(310)) - 9ece8bf6-7d6b-4143-af63-958068d3c465@group-3040412DE051: start as a follower, conf=-1: [810a7c2f-f328-499d-804a-5e30d42c1343|rpc:10.1.0.14:34885|priority:0, 9ece8bf6-7d6b-4143-af63-958068d3c465|rpc:10.1.0.14:37739|priority:1, fae739a9-74c8-47b9-bb65-431539dcf0b5|rpc:10.1.0.14:36657|priority:0], old=null
2022-07-01 06:36:05,877 [pool-958-thread-1] INFO  server.RaftServer$Division (RaftServerImpl.java:setRole(299)) - 9ece8bf6-7d6b-4143-af63-958068d3c465@group-3040412DE051: changes role from      null to FOLLOWER at term 0 for startAsFollower
2022-07-01 06:36:05,877 [pool-958-thread-1] INFO  impl.RoleInfo (RoleInfo.java:updateAndGet(139)) - 9ece8bf6-7d6b-4143-af63-958068d3c465: start 9ece8bf6-7d6b-4143-af63-958068d3c465@group-3040412DE051-FollowerState
2022-07-01 06:36:05,880 [pool-958-thread-1] INFO  util.JmxRegister (JmxRegister.java:tryRegister(44)) - Successfully registered JMX Bean with object name Ratis:service=RaftServer,group=group-3040412DE051,id=9ece8bf6-7d6b-4143-af63-958068d3c465
2022-07-01 06:36:05,920 [Command processor thread] INFO  ratis.XceiverServerRatis (XceiverServerRatis.java:addGroup(765)) - Created group PipelineID=e226c85f-4b7a-44b5-ba5f-3040412de051
2022-07-01 06:36:05,962 [pool-912-thread-1] INFO  util.JmxRegister (JmxRegister.java:tryRegister(44)) - Successfully registered JMX Bean with object name Ratis:service=RaftServer,group=group-3040412DE051,id=810a7c2f-f328-499d-804a-5e30d42c1343
2022-07-01 06:36:05,963 [Command processor thread] INFO  ratis.XceiverServerRatis (XceiverServerRatis.java:addGroup(765)) - Created group PipelineID=e226c85f-4b7a-44b5-ba5f-3040412de051
2022-07-01 06:36:05,969 [org.apache.ratis.util.JvmPauseMonitor$$Lambda$706/2098851404@608dff37] WARN  util.JvmPauseMonitor (JvmPauseMonitor.java:detectPause(124)) - JvmPauseMonitor-fae739a9-74c8-47b9-bb65-431539dcf0b5: Detected pause in JVM or host machine (eg GC): pause of approximately 118213432ns. No GCs detected.
2022-07-01 06:36:06,005 [Listener at 0.0.0.0/33901] INFO  ha.SCMServiceManager (SCMServiceManager.java:register(42)) - Registering service ContainerBalancer.
2022-07-01 06:36:06,005 [Listener at 0.0.0.0/33901] INFO  server.StorageContainerManager (StorageContainerManager.java:<init>(401)) - 
Container Balancer status:
Key                            Value
Running                        false
Container Balancer Configuration values:
Key                                                Value
Threshold                                          10
Max Datanodes to Involve per Iteration(percent)    20
Max Size to Move per Iteration                     500GB
Max Size Entering Target per Iteration             26GB
Max Size Leaving Source per Iteration              26GB

2022-07-01 06:36:06,005 [Listener at 0.0.0.0/33901] WARN  events.EventQueue (EventQueue.java:fireEvent(216)) - No event handler registered for event TypedEvent{payloadType=SafeModeStatus, name='Safe mode status'}
2022-07-01 06:36:06,005 [Listener at 0.0.0.0/33901] INFO  ha.SCMContext (SCMContext.java:updateSafeModeStatus(228)) - Update SafeModeStatus from SafeModeStatus{safeModeStatus=true, preCheckPassed=false} to SafeModeStatus{safeModeStatus=true, preCheckPassed=false}.
2022-07-01 06:36:06,005 [Listener at 0.0.0.0/33901] INFO  server.StorageContainerManager (StorageContainerManager.java:start(1422)) - StorageContainerLocationProtocol RPC server is listening at /0.0.0.0:33901
2022-07-01 06:36:06,005 [Listener at 0.0.0.0/33901] INFO  impl.MetricsSystemImpl (MetricsSystemImpl.java:init(158)) - StorageContainerManager metrics system started (again)
2022-07-01 06:36:06,043 [grpc-default-executor-4] INFO  server.RaftServer (RaftServerProxy.java:addNew(96)) - fae739a9-74c8-47b9-bb65-431539dcf0b5: addNew group-3040412DE051:[810a7c2f-f328-499d-804a-5e30d42c1343|rpc:10.1.0.14:34885|dataStream:|priority:0, 9ece8bf6-7d6b-4143-af63-958068d3c465|rpc:10.1.0.14:37739|dataStream:|priority:1, fae739a9-74c8-47b9-bb65-431539dcf0b5|rpc:10.1.0.14:36657|dataStream:|priority:0] returns group-3040412DE051:java.util.concurrent.CompletableFuture@cbb037f[Not completed]
2022-07-01 06:36:06,043 [pool-2338-thread-1] INFO  server.RaftServer$Division (RaftServerImpl.java:<init>(190)) - fae739a9-74c8-47b9-bb65-431539dcf0b5: new RaftServerImpl for group-3040412DE051:[810a7c2f-f328-499d-804a-5e30d42c1343|rpc:10.1.0.14:34885|dataStream:|priority:0, 9ece8bf6-7d6b-4143-af63-958068d3c465|rpc:10.1.0.14:37739|dataStream:|priority:1, fae739a9-74c8-47b9-bb65-431539dcf0b5|rpc:10.1.0.14:36657|dataStream:|priority:0] with ContainerStateMachine:uninitialized
2022-07-01 06:36:06,043 [pool-2338-thread-1] INFO  server.RaftServerConfigKeys (ConfUtils.java:logGet(46)) - raft.server.rpc.timeout.min = 5s (custom)
2022-07-01 06:36:06,044 [pool-2338-thread-1] INFO  server.RaftServerConfigKeys (ConfUtils.java:logGet(46)) - raft.server.rpc.timeout.max = 5200ms (custom)
2022-07-01 06:36:06,044 [pool-2338-thread-1] INFO  server.RaftServerConfigKeys (ConfUtils.java:logGet(46)) - raft.server.rpc.sleep.time = 25ms (default)
2022-07-01 06:36:06,044 [pool-2338-thread-1] INFO  server.RaftServerConfigKeys (ConfUtils.java:logGet(46)) - raft.server.rpc.slowness.timeout = 300s (custom)
2022-07-01 06:36:06,044 [pool-2338-thread-1] INFO  server.RaftServerConfigKeys (ConfUtils.java:logGet(46)) - raft.server.leaderelection.leader.step-down.wait-time = 10s (default)
2022-07-01 06:36:06,044 [pool-2338-thread-1] INFO  server.RaftServerConfigKeys (ConfUtils.java:logGet(46)) - raft.server.sleep.deviation.threshold = 300ms (default)
2022-07-01 06:36:06,044 [pool-2338-thread-1] INFO  server.RaftServer$Division (ServerState.java:<init>(107)) - fae739a9-74c8-47b9-bb65-431539dcf0b5@group-3040412DE051: ConfigurationManager, init=-1: [810a7c2f-f328-499d-804a-5e30d42c1343|rpc:10.1.0.14:34885|dataStream:|priority:0, 9ece8bf6-7d6b-4143-af63-958068d3c465|rpc:10.1.0.14:37739|dataStream:|priority:1, fae739a9-74c8-47b9-bb65-431539dcf0b5|rpc:10.1.0.14:36657|dataStream:|priority:0], old=null, confs=<EMPTY_MAP>
2022-07-01 06:36:06,044 [pool-2338-thread-1] INFO  server.RaftServerConfigKeys (ConfUtils.java:logGet(46)) - raft.server.storage.dir = [/home/runner/work/ozone/ozone/hadoop-ozone/integration-test/target/test-dir/MiniOzoneClusterImpl-7502d6fe-9434-4bad-a2d4-af421e375e39/datanode-1/data/ratis] (custom)
2022-07-01 06:36:06,044 [pool-2338-thread-1] INFO  server.RaftServerConfigKeys (ConfUtils.java:logGet(46)) - raft.server.log.corruption.policy = EXCEPTION (default)
2022-07-01 06:36:06,044 [pool-2338-thread-1] INFO  server.RaftServerConfigKeys (ConfUtils.java:logGet(46)) - raft.server.storage.free-space.min = 0MB (=0) (default)
2022-07-01 06:36:06,044 [pool-2338-thread-1] INFO  storage.RaftStorageDirectory (RaftStorageDirectoryImpl.java:analyzeStorage(135)) - The storage directory /home/runner/work/ozone/ozone/hadoop-ozone/integration-test/target/test-dir/MiniOzoneClusterImpl-7502d6fe-9434-4bad-a2d4-af421e375e39/datanode-1/data/ratis/e226c85f-4b7a-44b5-ba5f-3040412de051 does not exist. Creating ...
2022-07-01 06:36:06,086 [Listener at 0.0.0.0/33901] INFO  server.SCMClientProtocolServer (SCMClientProtocolServer.java:start(169)) - RPC server for Client  is listening at /0.0.0.0:33901
2022-07-01 06:36:06,092 [IPC Server Responder] INFO  ipc.Server (Server.java:run(1507)) - IPC Server Responder: starting
2022-07-01 06:36:06,092 [IPC Server listener on 0] INFO  ipc.Server (Server.java:run(1344)) - IPC Server listener on 0: starting
2022-07-01 06:36:06,138 [ReplicationMonitor] INFO  replication.ReplicationManager (ReplicationManager.java:processAll(260)) - Replication Monitor Thread took 0 milliseconds for processing 1 containers.
2022-07-01 06:36:06,148 [Listener at 0.0.0.0/33901] INFO  server.StorageContainerManager (StorageContainerManager.java:start(1437)) - ScmBlockLocationProtocol RPC server is listening at /0.0.0.0:34743
2022-07-01 06:36:06,148 [Listener at 0.0.0.0/33901] INFO  server.SCMBlockProtocolServer (SCMBlockProtocolServer.java:start(151)) - RPC server for Block Protocol is listening at /0.0.0.0:34743
2022-07-01 06:36:06,157 [IPC Server Responder] INFO  ipc.Server (Server.java:run(1507)) - IPC Server Responder: starting
2022-07-01 06:36:06,158 [IPC Server listener on 0] INFO  ipc.Server (Server.java:run(1344)) - IPC Server listener on 0: starting
2022-07-01 06:36:06,160 [ReplicationMonitor] INFO  replication.ReplicationManager (ReplicationManager.java:processAll(260)) - Replication Monitor Thread took 0 milliseconds for processing 0 containers.
2022-07-01 06:36:06,209 [Listener at 0.0.0.0/33901] INFO  server.SCMDatanodeProtocolServer (SCMDatanodeProtocolServer.java:start(185)) - ScmDatanodeProtocol RPC server for DataNodes is listening at /0.0.0.0:44353
2022-07-01 06:36:06,209 [IPC Server Responder] INFO  ipc.Server (Server.java:run(1507)) - IPC Server Responder: starting
2022-07-01 06:36:06,209 [IPC Server listener on 0] INFO  ipc.Server (Server.java:run(1344)) - IPC Server listener on 0: starting
2022-07-01 06:36:06,235 [Listener at 0.0.0.0/33901] INFO  http.BaseHttpServer (BaseHttpServer.java:newHttpServer2BuilderForOzone(209)) - Starting Web-server for scm at: http://0.0.0.0:0
2022-07-01 06:36:06,235 [Listener at 0.0.0.0/33901] INFO  http.BaseHttpServer (BaseHttpServer.java:<init>(107)) - Hadoop Security Enabled: false Ozone Security Enabled: false Ozone HTTP Security Enabled: false 
2022-07-01 06:36:06,237 [Listener at 0.0.0.0/33901] INFO  server.AuthenticationFilter (AuthenticationFilter.java:constructSecretProvider(240)) - Unable to initialize FileSignerSecretProvider, falling back to use random secrets.
2022-07-01 06:36:06,240 [Mini-Cluster-Provider-Reap] INFO  ozoneimpl.OzoneContainer (OzoneContainer.java:stop(365)) - Attempting to stop container services.
2022-07-01 06:36:06,241 [org.apache.hadoop.util.JvmPauseMonitor$Monitor@305fdf7e] INFO  util.JvmPauseMonitor (JvmPauseMonitor.java:run(188)) - Starting JVM pause monitor
2022-07-01 06:36:06,241 [Listener at 0.0.0.0/33901] WARN  http.HttpRequestLog (HttpRequestLog.java:getRequestLog(103)) - Jetty request log can only be enabled using Log4j
2022-07-01 06:36:06,247 [pool-2338-thread-1] INFO  storage.RaftStorageDirectory (RaftStorageDirectoryImpl.java:tryLock(230)) - Lock on /home/runner/work/ozone/ozone/hadoop-ozone/integration-test/target/test-dir/MiniOzoneClusterImpl-7502d6fe-9434-4bad-a2d4-af421e375e39/datanode-1/data/ratis/e226c85f-4b7a-44b5-ba5f-3040412de051/in_use.lock acquired by nodename 5985@fv-az121-578
2022-07-01 06:36:06,249 [pool-2338-thread-1] INFO  storage.RaftStorage (RaftStorageImpl.java:format(89)) - Storage directory /home/runner/work/ozone/ozone/hadoop-ozone/integration-test/target/test-dir/MiniOzoneClusterImpl-7502d6fe-9434-4bad-a2d4-af421e375e39/datanode-1/data/ratis/e226c85f-4b7a-44b5-ba5f-3040412de051 has been successfully formatted.
2022-07-01 06:36:06,249 [pool-2338-thread-1] INFO  ratis.ContainerStateMachine (ContainerStateMachine.java:loadSnapshot(236)) - group-3040412DE051: The snapshot info is null. Setting the last applied indexto:(t:0, i:~)
2022-07-01 06:36:06,249 [pool-2338-thread-1] INFO  server.RaftServerConfigKeys (ConfUtils.java:logGet(46)) - raft.server.notification.no-leader.timeout = 300s (custom)
2022-07-01 06:36:06,249 [pool-2338-thread-1] INFO  server.RaftServerConfigKeys (ConfUtils.java:logGet(46)) - raft.server.log.use.memory = false (default)
2022-07-01 06:36:06,249 [pool-2338-thread-1] INFO  server.RaftServerConfigKeys (ConfUtils.java:logGet(46)) - raft.server.log.purge.gap = 1000000 (custom)
2022-07-01 06:36:06,249 [pool-2338-thread-1] INFO  server.RaftServerConfigKeys (ConfUtils.java:logGet(46)) - raft.server.log.appender.buffer.byte-limit = 33554432 (custom)
2022-07-01 06:36:06,249 [pool-2338-thread-1] INFO  server.RaftServerConfigKeys (ConfUtils.java:logGet(46)) - raft.server.log.statemachine.data.read.timeout = 1000ms (default)
2022-07-01 06:36:06,249 [pool-2338-thread-1] INFO  server.RaftServerConfigKeys (ConfUtils.java:logGet(46)) - raft.server.log.segment.size.max = 1048576 (custom)
2022-07-01 06:36:06,250 [pool-2338-thread-1] INFO  server.RaftServerConfigKeys (ConfUtils.java:logGet(46)) - raft.server.log.segment.cache.num.max = 2 (custom)
2022-07-01 06:36:06,250 [pool-2338-thread-1] INFO  server.RaftServerConfigKeys (ConfUtils.java:logGet(46)) - raft.server.log.segment.cache.size.max = 200MB (=209715200) (default)
2022-07-01 06:36:06,250 [pool-2338-thread-1] INFO  segmented.SegmentedRaftLogWorker (SegmentedRaftLogWorker.java:<init>(187)) - new fae739a9-74c8-47b9-bb65-431539dcf0b5@group-3040412DE051-SegmentedRaftLogWorker for RaftStorageImpl:Storage Directory /home/runner/work/ozone/ozone/hadoop-ozone/integration-test/target/test-dir/MiniOzoneClusterImpl-7502d6fe-9434-4bad-a2d4-af421e375e39/datanode-1/data/ratis/e226c85f-4b7a-44b5-ba5f-3040412de051
2022-07-01 06:36:06,250 [pool-2338-thread-1] INFO  server.RaftServerConfigKeys (ConfUtils.java:logGet(46)) - raft.server.log.queue.byte-limit = 4294967296 (custom)
2022-07-01 06:36:06,250 [pool-2338-thread-1] INFO  server.RaftServerConfigKeys (ConfUtils.java:logGet(46)) - raft.server.log.queue.element-limit = 1024 (custom)
2022-07-01 06:36:06,250 [pool-2338-thread-1] INFO  server.RaftServerConfigKeys (ConfUtils.java:logGet(46)) - raft.server.log.segment.size.max = 1048576 (custom)
2022-07-01 06:36:06,250 [pool-2338-thread-1] INFO  server.RaftServerConfigKeys (ConfUtils.java:logGet(46)) - raft.server.log.preallocated.size = 16384 (custom)
2022-07-01 06:36:06,250 [pool-2338-thread-1] INFO  server.RaftServerConfigKeys (ConfUtils.java:logGet(46)) - raft.server.log.force.sync.num = 128 (default)
2022-07-01 06:36:06,250 [pool-2338-thread-1] INFO  server.RaftServerConfigKeys (ConfUtils.java:logGet(46)) - raft.server.log.statemachine.data.sync = true (default)
2022-07-01 06:36:06,250 [pool-2338-thread-1] INFO  server.RaftServerConfigKeys (ConfUtils.java:logGet(46)) - raft.server.log.statemachine.data.sync.timeout = 10s (default)
2022-07-01 06:36:06,250 [pool-2338-thread-1] INFO  server.RaftServerConfigKeys (ConfUtils.java:logGet(46)) - raft.server.log.statemachine.data.sync.timeout.retry = -1 (default)
2022-07-01 06:36:06,259 [pool-2338-thread-1] INFO  server.RaftServerConfigKeys (ConfUtils.java:logGet(46)) - raft.server.log.write.buffer.size = 1048576 (custom)
2022-07-01 06:36:06,259 [pool-2338-thread-1] INFO  server.RaftServerConfigKeys (ConfUtils.java:logGet(46)) - raft.server.log.unsafe-flush.enabled = false (default)
2022-07-01 06:36:06,259 [pool-2338-thread-1] INFO  server.RaftServerConfigKeys (ConfUtils.java:logGet(46)) - raft.server.log.statemachine.data.caching.enabled = true (custom)
2022-07-01 06:36:06,259 [pool-2338-thread-1] INFO  segmented.SegmentedRaftLogWorker (SegmentedRaftLogWorker.java:lambda$new$0(135)) - fae739a9-74c8-47b9-bb65-431539dcf0b5@group-3040412DE051-SegmentedRaftLogWorker: flushIndex: setUnconditionally 0 -> -1
2022-07-01 06:36:06,259 [pool-2338-thread-1] INFO  segmented.SegmentedRaftLogWorker (SegmentedRaftLogWorker.java:lambda$new$0(135)) - fae739a9-74c8-47b9-bb65-431539dcf0b5@group-3040412DE051-SegmentedRaftLogWorker: safeCacheEvictIndex: setUnconditionally 0 -> -1
2022-07-01 06:36:06,272 [pool-2338-thread-1] INFO  server.RaftServerConfigKeys (ConfUtils.java:logGet(46)) - raft.server.snapshot.auto.trigger.enabled = true (custom)
2022-07-01 06:36:06,272 [pool-2338-thread-1] INFO  server.RaftServerConfigKeys (ConfUtils.java:logGet(46)) - raft.server.snapshot.auto.trigger.threshold = 10000 (custom)
2022-07-01 06:36:06,272 [pool-2338-thread-1] INFO  server.RaftServerConfigKeys (ConfUtils.java:logGet(46)) - raft.server.snapshot.retention.file.num = 5 (custom)
2022-07-01 06:36:06,272 [pool-2338-thread-1] INFO  server.RaftServerConfigKeys (ConfUtils.java:logGet(46)) - raft.server.log.purge.upto.snapshot.index = false (default)
2022-07-01 06:36:06,291 [pool-2338-thread-1] INFO  server.RaftServerConfigKeys (ConfUtils.java:logGet(46)) - raft.server.retrycache.expirytime = 600000ms (custom)
2022-07-01 06:36:06,291 [pool-2338-thread-1] INFO  server.RaftServerConfigKeys (ConfUtils.java:logGet(46)) - raft.server.retrycache.statistics.expirytime = 100μs (default)
2022-07-01 06:36:06,296 [Mini-Cluster-Provider-Reap] INFO  server.RaftServer (RaftServerProxy.java:lambda$close$7(398)) - 367f39bd-4131-4de8-b715-21ece6255991: close
2022-07-01 06:36:06,296 [Mini-Cluster-Provider-Reap] INFO  server.RaftServer$Division (RaftServerImpl.java:lambda$close$4(434)) - 367f39bd-4131-4de8-b715-21ece6255991@group-01758D4530F4: shutdown
2022-07-01 06:36:06,296 [Mini-Cluster-Provider-Reap] INFO  util.JmxRegister (JmxRegister.java:unregister(73)) - Successfully un-registered JMX Bean with object name Ratis:service=RaftServer,group=group-01758D4530F4,id=367f39bd-4131-4de8-b715-21ece6255991
2022-07-01 06:36:06,296 [Mini-Cluster-Provider-Reap] INFO  impl.RoleInfo (RoleInfo.java:shutdownLeaderState(93)) - 367f39bd-4131-4de8-b715-21ece6255991: shutdown 367f39bd-4131-4de8-b715-21ece6255991@group-01758D4530F4-LeaderStateImpl
2022-07-01 06:36:06,296 [Mini-Cluster-Provider-Reap] INFO  impl.PendingRequests (PendingRequests.java:sendNotLeaderResponses(282)) - 367f39bd-4131-4de8-b715-21ece6255991@group-01758D4530F4-PendingRequests: sendNotLeaderResponses
2022-07-01 06:36:06,297 [367f39bd-4131-4de8-b715-21ece6255991@group-01758D4530F4->8d28a716-810c-49da-9c02-9573d7e4db50-GrpcLogAppender-LogAppenderDaemon] WARN  server.GrpcLogAppender (GrpcLogAppender.java:mayWait(171)) - 367f39bd-4131-4de8-b715-21ece6255991@group-01758D4530F4->8d28a716-810c-49da-9c02-9573d7e4db50-GrpcLogAppender: Wait interrupted by java.lang.InterruptedException
2022-07-01 06:36:06,297 [367f39bd-4131-4de8-b715-21ece6255991@group-01758D4530F4->3e16c497-167e-44a0-ad70-845f9779a145-GrpcLogAppender-LogAppenderDaemon] WARN  server.GrpcLogAppender (GrpcLogAppender.java:mayWait(171)) - 367f39bd-4131-4de8-b715-21ece6255991@group-01758D4530F4->3e16c497-167e-44a0-ad70-845f9779a145-GrpcLogAppender: Wait interrupted by java.lang.InterruptedException
2022-07-01 06:36:06,297 [grpc-default-executor-1] INFO  server.GrpcServerProtocolService (GrpcServerProtocolService.java:onCompleted(140)) - 8d28a716-810c-49da-9c02-9573d7e4db50: Completed APPEND_ENTRIES, lastRequest: 367f39bd-4131-4de8-b715-21ece6255991->8d28a716-810c-49da-9c02-9573d7e4db50#465-t1,previous=(t:1, i:46),leaderCommit=45,initializing? true,entries: size=1, first=(t:1, i:47), METADATAENTRY(c:45)
2022-07-01 06:36:06,297 [grpc-default-executor-4] INFO  server.GrpcServerProtocolService (GrpcServerProtocolService.java:onCompleted(140)) - 3e16c497-167e-44a0-ad70-845f9779a145: Completed APPEND_ENTRIES, lastRequest: 367f39bd-4131-4de8-b715-21ece6255991->3e16c497-167e-44a0-ad70-845f9779a145#713-t1,previous=(t:1, i:46),leaderCommit=45,initializing? true,entries: size=1, first=(t:1, i:47), METADATAENTRY(c:45)
2022-07-01 06:36:06,298 [grpc-default-executor-0] INFO  server.GrpcLogAppender (GrpcLogAppender.java:onCompleted(339)) - 367f39bd-4131-4de8-b715-21ece6255991@group-01758D4530F4->3e16c497-167e-44a0-ad70-845f9779a145-AppendLogResponseHandler: follower responses appendEntries COMPLETED
2022-07-01 06:36:06,298 [grpc-default-executor-0] INFO  leader.FollowerInfo (FollowerInfoImpl.java:lambda$new$0(48)) - 367f39bd-4131-4de8-b715-21ece6255991@group-01758D4530F4->3e16c497-167e-44a0-ad70-845f9779a145: nextIndex: updateUnconditionally 48 -> 47
2022-07-01 06:36:06,298 [grpc-default-executor-4] INFO  server.GrpcLogAppender (GrpcLogAppender.java:onCompleted(339)) - 367f39bd-4131-4de8-b715-21ece6255991@group-01758D4530F4->8d28a716-810c-49da-9c02-9573d7e4db50-AppendLogResponseHandler: follower responses appendEntries COMPLETED
2022-07-01 06:36:06,298 [grpc-default-executor-4] INFO  leader.FollowerInfo (FollowerInfoImpl.java:lambda$new$0(48)) - 367f39bd-4131-4de8-b715-21ece6255991@group-01758D4530F4->8d28a716-810c-49da-9c02-9573d7e4db50: nextIndex: updateUnconditionally 48 -> 47
2022-07-01 06:36:06,308 [pool-2338-thread-1] INFO  server.RaftServerConfigKeys (ConfUtils.java:logGet(46)) - raft.server.log.appender.install.snapshot.enabled = false (custom)
2022-07-01 06:36:06,308 [pool-2338-thread-1] INFO  server.RaftServerConfigKeys (ConfUtils.java:logGet(46)) - raft.server.threadpool.server.cached = true (default)
2022-07-01 06:36:06,308 [pool-2338-thread-1] INFO  server.RaftServerConfigKeys (ConfUtils.java:logGet(46)) - raft.server.threadpool.server.size = 0 (default)
2022-07-01 06:36:06,308 [pool-2338-thread-1] INFO  server.RaftServerConfigKeys (ConfUtils.java:logGet(46)) - raft.server.threadpool.client.cached = true (default)
2022-07-01 06:36:06,308 [pool-2338-thread-1] INFO  server.RaftServerConfigKeys (ConfUtils.java:logGet(46)) - raft.server.threadpool.client.size = 0 (default)
2022-07-01 06:36:06,308 [pool-2338-thread-1] INFO  server.RaftServer$Division (RaftServerImpl.java:start(310)) - fae739a9-74c8-47b9-bb65-431539dcf0b5@group-3040412DE051: start as a follower, conf=-1: [810a7c2f-f328-499d-804a-5e30d42c1343|rpc:10.1.0.14:34885|dataStream:|priority:0, 9ece8bf6-7d6b-4143-af63-958068d3c465|rpc:10.1.0.14:37739|dataStream:|priority:1, fae739a9-74c8-47b9-bb65-431539dcf0b5|rpc:10.1.0.14:36657|dataStream:|priority:0], old=null
2022-07-01 06:36:06,308 [pool-2338-thread-1] INFO  server.RaftServer$Division (RaftServerImpl.java:setRole(299)) - fae739a9-74c8-47b9-bb65-431539dcf0b5@group-3040412DE051: changes role from      null to FOLLOWER at term 0 for startAsFollower
2022-07-01 06:36:06,308 [pool-2338-thread-1] INFO  impl.RoleInfo (RoleInfo.java:updateAndGet(139)) - fae739a9-74c8-47b9-bb65-431539dcf0b5: start fae739a9-74c8-47b9-bb65-431539dcf0b5@group-3040412DE051-FollowerState
2022-07-01 06:36:06,316 [pool-2338-thread-1] INFO  util.JmxRegister (JmxRegister.java:tryRegister(44)) - Successfully registered JMX Bean with object name Ratis:service=RaftServer,group=group-3040412DE051,id=fae739a9-74c8-47b9-bb65-431539dcf0b5
2022-07-01 06:36:06,340 [Listener at 0.0.0.0/33901] INFO  http.HttpServer2 (HttpServer2.java:addGlobalFilter(1029)) - Added global filter 'safety' (class=org.apache.hadoop.hdds.server.http.HttpServer2$QuotingInputFilter)
2022-07-01 06:36:06,340 [Listener at 0.0.0.0/33901] INFO  http.HttpServer2 (HttpServer2.java:addFilter(1005)) - Added filter static_user_filter (class=org.apache.hadoop.http.lib.StaticUserWebFilter$StaticUserFilter) to context scm
2022-07-01 06:36:06,341 [Listener at 0.0.0.0/33901] INFO  http.HttpServer2 (HttpServer2.java:addFilter(1013)) - Added filter static_user_filter (class=org.apache.hadoop.http.lib.StaticUserWebFilter$StaticUserFilter) to context static
2022-07-01 06:36:06,341 [Listener at 0.0.0.0/33901] INFO  http.HttpServer2 (HttpServer2.java:addFilter(1013)) - Added filter static_user_filter (class=org.apache.hadoop.http.lib.StaticUserWebFilter$StaticUserFilter) to context logs
2022-07-01 06:36:06,341 [Listener at 0.0.0.0/33901] INFO  http.HttpServer2 (HttpServer2.java:bindListener(1248)) - Jetty bound to port 34429
2022-07-01 06:36:06,341 [Listener at 0.0.0.0/33901] INFO  server.Server (Server.java:doStart(375)) - jetty-9.4.43.v20210629; built: 2021-06-30T11:07:22.254Z; git: 526006ecfa3af7f1a27ef3a288e2bef7ea9dd7e8; jvm 1.8.0_332-b09
2022-07-01 06:36:06,364 [Listener at 0.0.0.0/33901] INFO  server.session (DefaultSessionIdManager.java:doStart(334)) - DefaultSessionIdManager workerName=node0
2022-07-01 06:36:06,364 [Listener at 0.0.0.0/33901] INFO  server.session (DefaultSessionIdManager.java:doStart(339)) - No SessionScavenger set, using defaults
2022-07-01 06:36:06,364 [Listener at 0.0.0.0/33901] INFO  server.session (HouseKeeper.java:startScavenging(132)) - node0 Scavenging every 660000ms
2022-07-01 06:36:06,365 [Listener at 0.0.0.0/33901] INFO  handler.ContextHandler (ContextHandler.java:doStart(915)) - Started o.e.j.s.ServletContextHandler@18d82611{logs,/logs,file:///home/runner/work/ozone/ozone/hadoop-ozone/integration-test/target/log,AVAILABLE}
2022-07-01 06:36:06,365 [Listener at 0.0.0.0/33901] INFO  handler.ContextHandler (ContextHandler.java:doStart(915)) - Started o.e.j.s.ServletContextHandler@52cafaca{static,/static,file:///home/runner/work/ozone/ozone/hadoop-ozone/integration-test/target/test-classes/webapps/static,AVAILABLE}
2022-07-01 06:36:06,401 [Listener at 0.0.0.0/33901] INFO  handler.ContextHandler (ContextHandler.java:doStart(915)) - Started o.e.j.w.WebAppContext@750a3dcc{scm,/,file:///home/runner/work/ozone/ozone/hadoop-ozone/integration-test/target/test-classes/webapps/scm/,AVAILABLE}{file:/home/runner/work/ozone/ozone/hadoop-ozone/integration-test/target/test-classes/webapps/scm}
2022-07-01 06:36:06,439 [Listener at 0.0.0.0/33901] INFO  server.AbstractConnector (AbstractConnector.java:doStart(331)) - Started ServerConnector@99a0b7f{HTTP/1.1, (http/1.1)}{0.0.0.0:34429}
2022-07-01 06:36:06,439 [Listener at 0.0.0.0/33901] INFO  server.Server (Server.java:doStart(415)) - Started @182486ms
2022-07-01 06:36:06,439 [Listener at 0.0.0.0/33901] WARN  impl.MetricsSystemImpl (MetricsSystemImpl.java:register(279)) - Sink prometheus already exists!
2022-07-01 06:36:06,443 [Listener at 0.0.0.0/33901] INFO  http.BaseHttpServer (BaseHttpServer.java:updateConnectorAddress(329)) - HTTP server of scm listening at http://0.0.0.0:34429
2022-07-01 06:36:06,443 [Listener at 0.0.0.0/33901] WARN  server.ServerUtils (ServerUtils.java:getDBPath(225)) - ozone.om.db.dirs is not configured. We recommend adding this setting. Falling back to ozone.metadata.dirs instead.
2022-07-01 06:36:06,448 [Mini-Cluster-Provider-Reap] INFO  impl.StateMachineUpdater (StateMachineUpdater.java:stopAndJoin(153)) - 367f39bd-4131-4de8-b715-21ece6255991@group-01758D4530F4-StateMachineUpdater: set stopIndex = 47
2022-07-01 06:36:06,449 [367f39bd-4131-4de8-b715-21ece6255991@group-01758D4530F4-StateMachineUpdater] INFO  ratis.ContainerStateMachine (ContainerStateMachine.java:takeSnapshot(304)) - group-01758D4530F4: Taking a snapshot at:(t:1, i:47) file /home/runner/work/ozone/ozone/hadoop-ozone/integration-test/target/test-dir/MiniOzoneClusterImpl-7502d6fe-9434-4bad-a2d4-af421e375e39/datanode-3/data/ratis/1271a3bc-28fd-4da0-a971-01758d4530f4/sm/snapshot.1_47
2022-07-01 06:36:06,465 [Listener at 0.0.0.0/33901] INFO  ha.OMHANodeDetails (OMHANodeDetails.java:loadOMHAConfig(115)) - ozone.om.internal.service.id is not defined, falling back to ozone.om.service.ids to find serviceID for OzoneManager if it is HA enabled cluster
2022-07-01 06:36:06,465 [Listener at 0.0.0.0/33901] INFO  ha.OMHANodeDetails (OMHANodeDetails.java:loadOMHAConfig(226)) - Configuration does not have ozone.om.address set. Falling back to the default OM address /127.0.0.1:0
2022-07-01 06:36:06,465 [Listener at 0.0.0.0/33901] INFO  ha.OMHANodeDetails (OMHANodeDetails.java:getOMNodeDetailsForNonHA(254)) - OM Service ID is not set. Setting it to the default ID: omServiceIdDefault
2022-07-01 06:36:06,465 [Listener at 0.0.0.0/33901] INFO  ha.OMHANodeDetails (OMHANodeDetails.java:getOMNodeDetailsForNonHA(261)) - OM Node ID is not set. Setting it to the default ID: om1
2022-07-01 06:36:06,466 [Listener at 0.0.0.0/33901] WARN  server.ServerUtils (ServerUtils.java:getDBPath(225)) - ozone.om.db.dirs is not configured. We recommend adding this setting. Falling back to ozone.metadata.dirs instead.
2022-07-01 06:36:06,466 [Listener at 0.0.0.0/33901] INFO  upgrade.AbstractLayoutVersionManager (AbstractLayoutVersionManager.java:init(82)) - Initializing Layout version manager with metadata layout = MULTITENANCY_SCHEMA (version = 3), software layout = MULTITENANCY_SCHEMA (version = 3)
2022-07-01 06:36:06,570 [367f39bd-4131-4de8-b715-21ece6255991@group-01758D4530F4-StateMachineUpdater] INFO  ratis.ContainerStateMachine (ContainerStateMachine.java:takeSnapshot(315)) - group-01758D4530F4: Finished taking a snapshot at:(t:1, i:47) file:/home/runner/work/ozone/ozone/hadoop-ozone/integration-test/target/test-dir/MiniOzoneClusterImpl-7502d6fe-9434-4bad-a2d4-af421e375e39/datanode-3/data/ratis/1271a3bc-28fd-4da0-a971-01758d4530f4/sm/snapshot.1_47 took: 122 ms
2022-07-01 06:36:06,570 [367f39bd-4131-4de8-b715-21ece6255991@group-01758D4530F4-StateMachineUpdater] INFO  impl.StateMachineUpdater (StateMachineUpdater.java:takeSnapshot(287)) - 367f39bd-4131-4de8-b715-21ece6255991@group-01758D4530F4-StateMachineUpdater: Took a snapshot at index 47
2022-07-01 06:36:06,571 [367f39bd-4131-4de8-b715-21ece6255991@group-01758D4530F4-StateMachineUpdater] INFO  impl.StateMachineUpdater (StateMachineUpdater.java:lambda$new$0(92)) - 367f39bd-4131-4de8-b715-21ece6255991@group-01758D4530F4-StateMachineUpdater: snapshotIndex: updateIncreasingly -1 -> 47
2022-07-01 06:36:06,571 [Mini-Cluster-Provider-Reap] INFO  server.RaftServer$Division (ServerState.java:close(429)) - 367f39bd-4131-4de8-b715-21ece6255991@group-01758D4530F4: closes. applyIndex: 47
2022-07-01 06:36:06,571 [367f39bd-4131-4de8-b715-21ece6255991@group-01758D4530F4-SegmentedRaftLogWorker] INFO  segmented.SegmentedRaftLogWorker (SegmentedRaftLogWorker.java:run(336)) - 367f39bd-4131-4de8-b715-21ece6255991@group-01758D4530F4-SegmentedRaftLogWorker was interrupted, exiting. There are 0 tasks remaining in the queue.
2022-07-01 06:36:06,572 [Mini-Cluster-Provider-Reap] INFO  segmented.SegmentedRaftLogWorker (SegmentedRaftLogWorker.java:close(246)) - 367f39bd-4131-4de8-b715-21ece6255991@group-01758D4530F4-SegmentedRaftLogWorker close()
2022-07-01 06:36:06,572 [Mini-Cluster-Provider-Reap] INFO  server.RaftServer$Division (RaftServerImpl.java:lambda$close$4(434)) - 367f39bd-4131-4de8-b715-21ece6255991@group-11B0414DA24E: shutdown
2022-07-01 06:36:06,573 [Mini-Cluster-Provider-Reap] INFO  util.JmxRegister (JmxRegister.java:unregister(73)) - Successfully un-registered JMX Bean with object name Ratis:service=RaftServer,group=group-11B0414DA24E,id=367f39bd-4131-4de8-b715-21ece6255991
2022-07-01 06:36:06,573 [Mini-Cluster-Provider-Reap] INFO  impl.RoleInfo (RoleInfo.java:shutdownLeaderState(93)) - 367f39bd-4131-4de8-b715-21ece6255991: shutdown 367f39bd-4131-4de8-b715-21ece6255991@group-11B0414DA24E-LeaderStateImpl
2022-07-01 06:36:06,573 [Mini-Cluster-Provider-Reap] INFO  impl.PendingRequests (PendingRequests.java:sendNotLeaderResponses(282)) - 367f39bd-4131-4de8-b715-21ece6255991@group-11B0414DA24E-PendingRequests: sendNotLeaderResponses
2022-07-01 06:36:06,574 [Mini-Cluster-Provider-Reap] INFO  impl.StateMachineUpdater (StateMachineUpdater.java:stopAndJoin(153)) - 367f39bd-4131-4de8-b715-21ece6255991@group-11B0414DA24E-StateMachineUpdater: set stopIndex = 0
2022-07-01 06:36:06,574 [367f39bd-4131-4de8-b715-21ece6255991@group-11B0414DA24E-StateMachineUpdater] INFO  ratis.ContainerStateMachine (ContainerStateMachine.java:takeSnapshot(304)) - group-11B0414DA24E: Taking a snapshot at:(t:1, i:0) file /home/runner/work/ozone/ozone/hadoop-ozone/integration-test/target/test-dir/MiniOzoneClusterImpl-7502d6fe-9434-4bad-a2d4-af421e375e39/datanode-3/data/ratis/cc140ff6-9bca-4f3b-a7dd-11b0414da24e/sm/snapshot.1_0
2022-07-01 06:36:06,575 [367f39bd-4131-4de8-b715-21ece6255991@group-11B0414DA24E-StateMachineUpdater] INFO  ratis.ContainerStateMachine (ContainerStateMachine.java:takeSnapshot(315)) - group-11B0414DA24E: Finished taking a snapshot at:(t:1, i:0) file:/home/runner/work/ozone/ozone/hadoop-ozone/integration-test/target/test-dir/MiniOzoneClusterImpl-7502d6fe-9434-4bad-a2d4-af421e375e39/datanode-3/data/ratis/cc140ff6-9bca-4f3b-a7dd-11b0414da24e/sm/snapshot.1_0 took: 1 ms
2022-07-01 06:36:06,575 [367f39bd-4131-4de8-b715-21ece6255991@group-11B0414DA24E-StateMachineUpdater] INFO  impl.StateMachineUpdater (StateMachineUpdater.java:takeSnapshot(287)) - 367f39bd-4131-4de8-b715-21ece6255991@group-11B0414DA24E-StateMachineUpdater: Took a snapshot at index 0
2022-07-01 06:36:06,575 [367f39bd-4131-4de8-b715-21ece6255991@group-11B0414DA24E-StateMachineUpdater] INFO  impl.StateMachineUpdater (StateMachineUpdater.java:lambda$new$0(92)) - 367f39bd-4131-4de8-b715-21ece6255991@group-11B0414DA24E-StateMachineUpdater: snapshotIndex: updateIncreasingly -1 -> 0
2022-07-01 06:36:06,575 [Mini-Cluster-Provider-Reap] INFO  server.RaftServer$Division (ServerState.java:close(429)) - 367f39bd-4131-4de8-b715-21ece6255991@group-11B0414DA24E: closes. applyIndex: 0
2022-07-01 06:36:06,576 [367f39bd-4131-4de8-b715-21ece6255991@group-11B0414DA24E-SegmentedRaftLogWorker] INFO  segmented.SegmentedRaftLogWorker (SegmentedRaftLogWorker.java:run(336)) - 367f39bd-4131-4de8-b715-21ece6255991@group-11B0414DA24E-SegmentedRaftLogWorker was interrupted, exiting. There are 0 tasks remaining in the queue.
2022-07-01 06:36:06,576 [Mini-Cluster-Provider-Reap] INFO  segmented.SegmentedRaftLogWorker (SegmentedRaftLogWorker.java:close(246)) - 367f39bd-4131-4de8-b715-21ece6255991@group-11B0414DA24E-SegmentedRaftLogWorker close()
2022-07-01 06:36:06,576 [Mini-Cluster-Provider-Reap] INFO  server.GrpcService (GrpcService.java:closeImpl(269)) - 367f39bd-4131-4de8-b715-21ece6255991: shutdown server with port 37177 now
2022-07-01 06:36:06,647 [grpc-default-executor-1] WARN  server.GrpcClientProtocolService (LogUtils.java:warn(122)) - 1-UnorderedRequestStreamObserver1: onError: org.apache.ratis.thirdparty.io.grpc.StatusRuntimeException: CANCELLED: client cancelled
2022-07-01 06:36:06,647 [Mini-Cluster-Provider-Reap] INFO  server.GrpcService (GrpcService.java:closeImpl(278)) - 367f39bd-4131-4de8-b715-21ece6255991: shutdown server with port 37177 successfully
2022-07-01 06:36:06,648 [org.apache.ratis.util.JvmPauseMonitor$$Lambda$706/2098851404@44744927] INFO  util.JvmPauseMonitor (JvmPauseMonitor.java:run(109)) - JvmPauseMonitor-367f39bd-4131-4de8-b715-21ece6255991: Stopped
2022-07-01 06:36:06,732 [ReplicationMonitor] INFO  replication.ReplicationManager (ReplicationManager.java:processAll(227)) - Replication Manager is not ready to run until 3000ms after safemode exit
2022-07-01 06:36:06,740 [ReplicationMonitor] INFO  replication.ReplicationManager (ReplicationManager.java:processAll(260)) - Replication Monitor Thread took 0 milliseconds for processing 6 containers.
2022-07-01 06:36:06,860 [Command processor thread] INFO  commandhandler.CreatePipelineCommandHandler (CreatePipelineCommandHandler.java:handle(113)) - Created Pipeline RATIS THREE PipelineID=e226c85f-4b7a-44b5-ba5f-3040412de051.
2022-07-01 06:36:06,861 [Command processor thread] INFO  commandhandler.CreatePipelineCommandHandler (CreatePipelineCommandHandler.java:handle(113)) - Created Pipeline RATIS THREE PipelineID=e226c85f-4b7a-44b5-ba5f-3040412de051.
2022-07-01 06:36:07,094 [Listener at 0.0.0.0/33901] INFO  reflections.Reflections (Reflections.java:scan(232)) - Reflections took 628 ms to scan 2 urls, producing 153 keys and 430 values [using 2 cores]
2022-07-01 06:36:07,095 [Listener at 0.0.0.0/33901] INFO  upgrade.OMLayoutVersionManager (OMLayoutVersionManager.java:lambda$0(115)) - Skipping Upgrade Action MockOmUpgradeAction since it has been finalized.
2022-07-01 06:36:07,095 [Listener at 0.0.0.0/33901] WARN  server.ServerUtils (ServerUtils.java:getDBPath(225)) - ozone.om.db.dirs is not configured. We recommend adding this setting. Falling back to ozone.metadata.dirs instead.
2022-07-01 06:36:07,095 [Listener at 0.0.0.0/33901] INFO  proxy.SCMBlockLocationFailoverProxyProvider (SCMBlockLocationFailoverProxyProvider.java:<init>(114)) - Created block location fail-over proxy with 1 nodes: [nodeId=scmNodeId,nodeAddress=/0.0.0.0:34743]
2022-07-01 06:36:07,096 [Listener at 0.0.0.0/33901] INFO  proxy.SCMBlockLocationFailoverProxyProvider (SCMBlockLocationFailoverProxyProvider.java:<init>(114)) - Created block location fail-over proxy with 1 nodes: [nodeId=scmNodeId,nodeAddress=/0.0.0.0:34743]
2022-07-01 06:36:07,139 [ReplicationMonitor] INFO  replication.ReplicationManager (ReplicationManager.java:processAll(260)) - Replication Monitor Thread took 0 milliseconds for processing 2 containers.
2022-07-01 06:36:07,226 [ReplicationMonitor] INFO  replication.ReplicationManager (ReplicationManager.java:processAll(260)) - Replication Monitor Thread took 0 milliseconds for processing 0 containers.
2022-07-01 06:36:07,227 [Listener at 0.0.0.0/33901] WARN  server.ServerUtils (ServerUtils.java:getDBPath(225)) - ozone.om.db.dirs is not configured. We recommend adding this setting. Falling back to ozone.metadata.dirs instead.
2022-07-01 06:36:07,228 [Listener at 0.0.0.0/33901] INFO  codec.OmKeyInfoCodec (OmKeyInfoCodec.java:<init>(49)) - OmKeyInfoCodec ignorePipeline = true
2022-07-01 06:36:07,228 [Listener at 0.0.0.0/33901] INFO  codec.RepeatedOmKeyInfoCodec (RepeatedOmKeyInfoCodec.java:<init>(41)) - RepeatedOmKeyInfoCodec ignorePipeline = true
2022-07-01 06:36:07,732 [ReplicationMonitor] INFO  replication.ReplicationManager (ReplicationManager.java:processAll(227)) - Replication Manager is not ready to run until 3000ms after safemode exit
2022-07-01 06:36:07,744 [ReplicationMonitor] INFO  replication.ReplicationManager (ReplicationManager.java:processAll(260)) - Replication Monitor Thread took 0 milliseconds for processing 6 containers.
2022-07-01 06:36:07,776 [EventQueue-StaleNodeForStaleNodeHandler] INFO  node.StaleNodeHandler (StaleNodeHandler.java:onMessage(58)) - Datanode fae739a9-74c8-47b9-bb65-431539dcf0b5{ip: 10.1.0.14, host: fv-az121-578.oisc35kgwdsevnec4nnef0ad5h.cx.internal.cloudapp.net, ports: [REPLICATION=33363, RATIS=36657, RATIS_ADMIN=36657, RATIS_SERVER=36657, STANDALONE=44653], networkLocation: /default-rack, certSerialId: null, persistedOpState: IN_SERVICE, persistedOpStateExpiryEpochSec: 0} moved to stale state. Finalizing its pipelines [PipelineID=e226c85f-4b7a-44b5-ba5f-3040412de051, PipelineID=b84ba3a5-59bf-4240-af60-709143bf5197]
2022-07-01 06:36:07,776 [EventQueue-StaleNodeForStaleNodeHandler] INFO  pipeline.PipelineManagerImpl (PipelineManagerImpl.java:closePipeline(432)) - Pipeline Pipeline[ Id: e226c85f-4b7a-44b5-ba5f-3040412de051, Nodes: fae739a9-74c8-47b9-bb65-431539dcf0b5{ip: 10.1.0.14, host: fv-az121-578.oisc35kgwdsevnec4nnef0ad5h.cx.internal.cloudapp.net, ports: [REPLICATION=33363, RATIS=36657, RATIS_ADMIN=36657, RATIS_SERVER=36657, STANDALONE=44653], networkLocation: /default-rack, certSerialId: null, persistedOpState: IN_MAINTENANCE, persistedOpStateExpiryEpochSec: 0}9ece8bf6-7d6b-4143-af63-958068d3c465{ip: 10.1.0.14, host: fv-az121-578.oisc35kgwdsevnec4nnef0ad5h.cx.internal.cloudapp.net, ports: [REPLICATION=38811, RATIS=37739, RATIS_ADMIN=37739, RATIS_SERVER=37739, STANDALONE=36031], networkLocation: /default-rack, certSerialId: null, persistedOpState: IN_SERVICE, persistedOpStateExpiryEpochSec: 0}810a7c2f-f328-499d-804a-5e30d42c1343{ip: 10.1.0.14, host: fv-az121-578.oisc35kgwdsevnec4nnef0ad5h.cx.internal.cloudapp.net, ports: [REPLICATION=44445, RATIS=34885, RATIS_ADMIN=34885, RATIS_SERVER=34885, STANDALONE=41881], networkLocation: /default-rack, certSerialId: null, persistedOpState: IN_SERVICE, persistedOpStateExpiryEpochSec: 0}, ReplicationConfig: RATIS/THREE, State:ALLOCATED, leaderId:, CreationTimestamp2022-07-01T06:36:03.837Z[Etc/UTC]] moved to CLOSED state
2022-07-01 06:36:07,777 [EventQueue-StaleNodeForStaleNodeHandler] INFO  pipeline.PipelineManagerImpl (PipelineManagerImpl.java:closePipeline(432)) - Pipeline Pipeline[ Id: b84ba3a5-59bf-4240-af60-709143bf5197, Nodes: fae739a9-74c8-47b9-bb65-431539dcf0b5{ip: 10.1.0.14, host: fv-az121-578.oisc35kgwdsevnec4nnef0ad5h.cx.internal.cloudapp.net, ports: [REPLICATION=33363, RATIS=36657, RATIS_ADMIN=36657, RATIS_SERVER=36657, STANDALONE=44653], networkLocation: /default-rack, certSerialId: null, persistedOpState: IN_MAINTENANCE, persistedOpStateExpiryEpochSec: 0}, ReplicationConfig: RATIS/ONE, State:ALLOCATED, leaderId:, CreationTimestamp2022-07-01T06:36:03.836Z[Etc/UTC]] moved to CLOSED state
2022-07-01 06:36:07,971 [Listener at 0.0.0.0/33901] INFO  om.OzoneManager (OzoneManager.java:instantiateServices(692)) - S3 Multi-Tenancy is disabled
2022-07-01 06:36:07,972 [Listener at 0.0.0.0/33901] INFO  om.OzoneManager (OzoneManager.java:addS3GVolumeToDB(4259)) - Created Volume s3v With Owner runner required for S3Gateway operations.
2022-07-01 06:36:07,972 [Listener at 0.0.0.0/33901] WARN  server.ServerUtils (ServerUtils.java:getDefaultRatisDirectory(237)) - Storage directory for Ratis is not configured. It is a good idea to map this to an SSD disk. Falling back to ozone.metadata.dirs
2022-07-01 06:36:07,972 [Listener at 0.0.0.0/33901] WARN  utils.OzoneManagerRatisUtils (OzoneManagerRatisUtils.java:getOMRatisSnapshotDirectory(431)) - ozone.om.ratis.snapshot.dir is not configured. Falling back to ozone.metadata.dirs config
2022-07-01 06:36:07,972 [Listener at 0.0.0.0/33901] WARN  impl.MetricRegistriesImpl (MetricRegistriesImpl.java:addReporterRegistration(111)) - New reporters are added after registries were created. Some metrics will be missing from the reporter. Please add reporter before adding any new registry.
2022-07-01 06:36:07,972 [Listener at 0.0.0.0/33901] WARN  impl.MetricRegistriesImpl (MetricRegistriesImpl.java:addReporterRegistration(111)) - New reporters are added after registries were created. Some metrics will be missing from the reporter. Please add reporter before adding any new registry.
2022-07-01 06:36:07,972 [Listener at 0.0.0.0/33901] WARN  server.ServerUtils (ServerUtils.java:getDefaultRatisDirectory(237)) - Storage directory for Ratis is not configured. It is a good idea to map this to an SSD disk. Falling back to ozone.metadata.dirs
2022-07-01 06:36:07,973 [Listener at 0.0.0.0/33901] INFO  ratis.OzoneManagerRatisServer (OzoneManagerRatisServer.java:<init>(159)) - Instantiating OM Ratis server with groupID: omServiceIdDefault and peers: localhost:45483
2022-07-01 06:36:07,973 [Listener at 0.0.0.0/33901] INFO  ratis.OzoneManagerStateMachine (OzoneManagerStateMachine.java:loadSnapshotInfoFromDB(632)) - LastAppliedIndex is set from TransactionInfo from OM DB as (t:0, i:~)
2022-07-01 06:36:08,028 [Listener at 0.0.0.0/33901] INFO  server.RaftServer (ConfUtils.java:logGet(46)) - raft.rpc.type = GRPC (default)
2022-07-01 06:36:08,028 [Listener at 0.0.0.0/33901] INFO  grpc.GrpcFactory (GrpcFactory.java:checkPooledByteBufAllocatorUseCacheForAllThreads(48)) - PERFORMANCE WARNING: useCacheForAllThreads is true that may cause Netty to create a lot garbage objects and, as a result, trigger GC.
	It is recommended to disable useCacheForAllThreads by setting -Dorg.apache.ratis.thirdparty.io.netty.allocator.useCacheForAllThreads=false in command line.
2022-07-01 06:36:08,028 [Listener at 0.0.0.0/33901] INFO  grpc.GrpcConfigKeys (ConfUtils.java:logGet(46)) - raft.grpc.admin.port = -1 (default)
2022-07-01 06:36:08,028 [Listener at 0.0.0.0/33901] INFO  grpc.GrpcConfigKeys (ConfUtils.java:logGet(46)) - raft.grpc.server.port = 45483 (custom)
2022-07-01 06:36:08,028 [Listener at 0.0.0.0/33901] INFO  grpc.GrpcConfigKeys (ConfUtils.java:logGet(46)) - raft.grpc.client.port = -1 (default)
2022-07-01 06:36:08,028 [Listener at 0.0.0.0/33901] INFO  grpc.GrpcConfigKeys (ConfUtils.java:logGet(46)) - raft.grpc.server.port = 45483 (custom)
2022-07-01 06:36:08,028 [Listener at 0.0.0.0/33901] INFO  grpc.GrpcConfigKeys (ConfUtils.java:logGet(46)) - raft.grpc.server.port = 45483 (custom)
2022-07-01 06:36:08,029 [Listener at 0.0.0.0/33901] INFO  server.GrpcService (ConfUtils.java:logGet(46)) - raft.grpc.message.size.max = 33554432 (custom)
2022-07-01 06:36:08,029 [Listener at 0.0.0.0/33901] INFO  server.RaftServerConfigKeys (ConfUtils.java:logGet(46)) - raft.server.log.appender.buffer.byte-limit = 33554432 (custom)
2022-07-01 06:36:08,029 [Listener at 0.0.0.0/33901] INFO  server.GrpcService (ConfUtils.java:logGet(46)) - raft.grpc.flow.control.window = 1MB (=1048576) (default)
2022-07-01 06:36:08,029 [Listener at 0.0.0.0/33901] INFO  server.RaftServerConfigKeys (ConfUtils.java:logGet(46)) - raft.server.rpc.request.timeout = 3000ms (default)
2022-07-01 06:36:08,029 [Listener at 0.0.0.0/33901] INFO  grpc.GrpcConfigKeys (ConfUtils.java:logGet(46)) - raft.grpc.server.async.request.thread.pool.cached = true (default)
2022-07-01 06:36:08,029 [Listener at 0.0.0.0/33901] INFO  grpc.GrpcConfigKeys (ConfUtils.java:logGet(46)) - raft.grpc.server.async.request.thread.pool.size = 32 (default)
2022-07-01 06:36:08,030 [Listener at 0.0.0.0/33901] INFO  impl.DataStreamServerImpl (ConfUtils.java:logGet(46)) - raft.datastream.type = DISABLED (default)
2022-07-01 06:36:08,030 [Listener at 0.0.0.0/33901] INFO  server.RaftServerConfigKeys (ConfUtils.java:logGet(46)) - raft.server.threadpool.proxy.cached = true (default)
2022-07-01 06:36:08,030 [Listener at 0.0.0.0/33901] INFO  server.RaftServerConfigKeys (ConfUtils.java:logGet(46)) - raft.server.threadpool.proxy.size = 0 (default)
2022-07-01 06:36:08,030 [Listener at 0.0.0.0/33901] INFO  server.RaftServerConfigKeys (ConfUtils.java:logGet(46)) - raft.server.rpc.slowness.timeout = 120s (custom)
2022-07-01 06:36:08,030 [Listener at 0.0.0.0/33901] INFO  server.RaftServerConfigKeys (ConfUtils.java:logGet(46)) - raft.server.leaderelection.leader.step-down.wait-time = 10s (default)
2022-07-01 06:36:08,030 [Listener at 0.0.0.0/33901] INFO  server.RaftServerConfigKeys (ConfUtils.java:logGet(46)) - raft.server.storage.dir = [/home/runner/work/ozone/ozone/hadoop-ozone/integration-test/target/test-dir/MiniOzoneClusterImpl-bc7ab851-61db-4e9a-86cd-3d27c2668616/ozone-meta/ratis] (custom)
2022-07-01 06:36:08,120 [Listener at 0.0.0.0/33901] INFO  server.RaftServer (RaftServerProxy.java:addNew(96)) - om1: addNew group-C5BA1605619E:[om1|rpc:localhost:45483|priority:0] returns group-C5BA1605619E:java.util.concurrent.CompletableFuture@3a1c92a5[Not completed]
2022-07-01 06:36:08,120 [Listener at 0.0.0.0/33901] INFO  om.OzoneManager (OzoneManager.java:initializeRatisServer(1961)) - OzoneManager Ratis server initialized at port 45483
2022-07-01 06:36:08,121 [Listener at 0.0.0.0/33901] INFO  om.OzoneManager (OzoneManager.java:getRpcServer(1081)) - Creating RPC Server
2022-07-01 06:36:08,124 [pool-2467-thread-1] INFO  server.RaftServer$Division (RaftServerImpl.java:<init>(190)) - om1: new RaftServerImpl for group-C5BA1605619E:[om1|rpc:localhost:45483|priority:0] with OzoneManagerStateMachine:uninitialized
2022-07-01 06:36:08,124 [pool-2467-thread-1] INFO  server.RaftServerConfigKeys (ConfUtils.java:logGet(46)) - raft.server.rpc.timeout.min = 1s (custom)
2022-07-01 06:36:08,124 [pool-2467-thread-1] INFO  server.RaftServerConfigKeys (ConfUtils.java:logGet(46)) - raft.server.rpc.timeout.max = 1200ms (custom)
2022-07-01 06:36:08,124 [pool-2467-thread-1] INFO  server.RaftServerConfigKeys (ConfUtils.java:logGet(46)) - raft.server.rpc.sleep.time = 25ms (default)
2022-07-01 06:36:08,124 [pool-2467-thread-1] INFO  server.RaftServerConfigKeys (ConfUtils.java:logGet(46)) - raft.server.rpc.slowness.timeout = 120s (custom)
2022-07-01 06:36:08,124 [pool-2467-thread-1] INFO  server.RaftServerConfigKeys (ConfUtils.java:logGet(46)) - raft.server.leaderelection.leader.step-down.wait-time = 10s (default)
2022-07-01 06:36:08,124 [pool-2467-thread-1] INFO  server.RaftServerConfigKeys (ConfUtils.java:logGet(46)) - raft.server.sleep.deviation.threshold = 300ms (default)
2022-07-01 06:36:08,124 [pool-2467-thread-1] INFO  server.RaftServer$Division (ServerState.java:<init>(107)) - om1@group-C5BA1605619E: ConfigurationManager, init=-1: [om1|rpc:localhost:45483|priority:0], old=null, confs=<EMPTY_MAP>
2022-07-01 06:36:08,125 [pool-2467-thread-1] INFO  server.RaftServerConfigKeys (ConfUtils.java:logGet(46)) - raft.server.storage.dir = [/home/runner/work/ozone/ozone/hadoop-ozone/integration-test/target/test-dir/MiniOzoneClusterImpl-bc7ab851-61db-4e9a-86cd-3d27c2668616/ozone-meta/ratis] (custom)
2022-07-01 06:36:08,125 [pool-2467-thread-1] INFO  server.RaftServerConfigKeys (ConfUtils.java:logGet(46)) - raft.server.log.corruption.policy = EXCEPTION (default)
2022-07-01 06:36:08,125 [pool-2467-thread-1] INFO  server.RaftServerConfigKeys (ConfUtils.java:logGet(46)) - raft.server.storage.free-space.min = 0MB (=0) (default)
2022-07-01 06:36:08,125 [pool-2467-thread-1] INFO  storage.RaftStorageDirectory (RaftStorageDirectoryImpl.java:analyzeStorage(135)) - The storage directory /home/runner/work/ozone/ozone/hadoop-ozone/integration-test/target/test-dir/MiniOzoneClusterImpl-bc7ab851-61db-4e9a-86cd-3d27c2668616/ozone-meta/ratis/bf265839-605b-3f16-9796-c5ba1605619e does not exist. Creating ...
2022-07-01 06:36:08,133 [pool-2467-thread-1] INFO  storage.RaftStorageDirectory (RaftStorageDirectoryImpl.java:tryLock(230)) - Lock on /home/runner/work/ozone/ozone/hadoop-ozone/integration-test/target/test-dir/MiniOzoneClusterImpl-bc7ab851-61db-4e9a-86cd-3d27c2668616/ozone-meta/ratis/bf265839-605b-3f16-9796-c5ba1605619e/in_use.lock acquired by nodename 5985@fv-az121-578
2022-07-01 06:36:08,136 [pool-2467-thread-1] INFO  storage.RaftStorage (RaftStorageImpl.java:format(89)) - Storage directory /home/runner/work/ozone/ozone/hadoop-ozone/integration-test/target/test-dir/MiniOzoneClusterImpl-bc7ab851-61db-4e9a-86cd-3d27c2668616/ozone-meta/ratis/bf265839-605b-3f16-9796-c5ba1605619e has been successfully formatted.
2022-07-01 06:36:08,136 [pool-2467-thread-1] INFO  server.RaftServerConfigKeys (ConfUtils.java:logGet(46)) - raft.server.notification.no-leader.timeout = 120s (custom)
2022-07-01 06:36:08,137 [pool-2467-thread-1] INFO  server.RaftServerConfigKeys (ConfUtils.java:logGet(46)) - raft.server.log.use.memory = false (default)
2022-07-01 06:36:08,137 [pool-2467-thread-1] INFO  server.RaftServerConfigKeys (ConfUtils.java:logGet(46)) - raft.server.log.purge.gap = 1000000 (custom)
2022-07-01 06:36:08,137 [pool-2467-thread-1] INFO  server.RaftServerConfigKeys (ConfUtils.java:logGet(46)) - raft.server.log.appender.buffer.byte-limit = 33554432 (custom)
2022-07-01 06:36:08,137 [pool-2467-thread-1] INFO  server.RaftServerConfigKeys (ConfUtils.java:logGet(46)) - raft.server.log.statemachine.data.read.timeout = 1000ms (default)
2022-07-01 06:36:08,139 [ReplicationMonitor] INFO  replication.ReplicationManager (ReplicationManager.java:processAll(260)) - Replication Monitor Thread took 0 milliseconds for processing 3 containers.
2022-07-01 06:36:08,140 [pool-2467-thread-1] INFO  server.RaftServerConfigKeys (ConfUtils.java:logGet(46)) - raft.server.log.segment.size.max = 4194304 (custom)
2022-07-01 06:36:08,140 [pool-2467-thread-1] INFO  server.RaftServerConfigKeys (ConfUtils.java:logGet(46)) - raft.server.log.segment.cache.num.max = 2 (custom)
2022-07-01 06:36:08,140 [pool-2467-thread-1] INFO  server.RaftServerConfigKeys (ConfUtils.java:logGet(46)) - raft.server.log.segment.cache.size.max = 200MB (=209715200) (default)
2022-07-01 06:36:08,140 [pool-2467-thread-1] INFO  segmented.SegmentedRaftLogWorker (SegmentedRaftLogWorker.java:<init>(187)) - new om1@group-C5BA1605619E-SegmentedRaftLogWorker for RaftStorageImpl:Storage Directory /home/runner/work/ozone/ozone/hadoop-ozone/integration-test/target/test-dir/MiniOzoneClusterImpl-bc7ab851-61db-4e9a-86cd-3d27c2668616/ozone-meta/ratis/bf265839-605b-3f16-9796-c5ba1605619e
2022-07-01 06:36:08,140 [pool-2467-thread-1] INFO  server.RaftServerConfigKeys (ConfUtils.java:logGet(46)) - raft.server.log.queue.byte-limit = 64MB (=67108864) (default)
2022-07-01 06:36:08,141 [pool-2467-thread-1] INFO  server.RaftServerConfigKeys (ConfUtils.java:logGet(46)) - raft.server.log.queue.element-limit = 4096 (default)
2022-07-01 06:36:08,141 [pool-2467-thread-1] INFO  server.RaftServerConfigKeys (ConfUtils.java:logGet(46)) - raft.server.log.segment.size.max = 4194304 (custom)
2022-07-01 06:36:08,141 [pool-2467-thread-1] INFO  server.RaftServerConfigKeys (ConfUtils.java:logGet(46)) - raft.server.log.preallocated.size = 4194304 (custom)
2022-07-01 06:36:08,141 [pool-2467-thread-1] INFO  server.RaftServerConfigKeys (ConfUtils.java:logGet(46)) - raft.server.log.force.sync.num = 128 (default)
2022-07-01 06:36:08,141 [pool-2467-thread-1] INFO  server.RaftServerConfigKeys (ConfUtils.java:logGet(46)) - raft.server.log.statemachine.data.sync = true (default)
2022-07-01 06:36:08,141 [pool-2467-thread-1] INFO  server.RaftServerConfigKeys (ConfUtils.java:logGet(46)) - raft.server.log.statemachine.data.sync.timeout = 10s (default)
2022-07-01 06:36:08,141 [pool-2467-thread-1] INFO  server.RaftServerConfigKeys (ConfUtils.java:logGet(46)) - raft.server.log.statemachine.data.sync.timeout.retry = -1 (default)
2022-07-01 06:36:08,213 [pool-2467-thread-1] INFO  server.RaftServerConfigKeys (ConfUtils.java:logGet(46)) - raft.server.log.write.buffer.size = 64KB (=65536) (default)
2022-07-01 06:36:08,213 [pool-2467-thread-1] INFO  server.RaftServerConfigKeys (ConfUtils.java:logGet(46)) - raft.server.log.unsafe-flush.enabled = false (default)
2022-07-01 06:36:08,213 [pool-2467-thread-1] INFO  server.RaftServerConfigKeys (ConfUtils.java:logGet(46)) - raft.server.log.statemachine.data.caching.enabled = false (default)
2022-07-01 06:36:08,213 [pool-2467-thread-1] INFO  segmented.SegmentedRaftLogWorker (SegmentedRaftLogWorker.java:lambda$new$0(135)) - om1@group-C5BA1605619E-SegmentedRaftLogWorker: flushIndex: setUnconditionally 0 -> -1
2022-07-01 06:36:08,213 [pool-2467-thread-1] INFO  segmented.SegmentedRaftLogWorker (SegmentedRaftLogWorker.java:lambda$new$0(135)) - om1@group-C5BA1605619E-SegmentedRaftLogWorker: safeCacheEvictIndex: setUnconditionally 0 -> -1
2022-07-01 06:36:08,220 [pool-2467-thread-1] INFO  server.RaftServerConfigKeys (ConfUtils.java:logGet(46)) - raft.server.snapshot.auto.trigger.enabled = true (custom)
2022-07-01 06:36:08,220 [pool-2467-thread-1] INFO  server.RaftServerConfigKeys (ConfUtils.java:logGet(46)) - raft.server.snapshot.auto.trigger.threshold = 400000 (default)
2022-07-01 06:36:08,220 [pool-2467-thread-1] INFO  server.RaftServerConfigKeys (ConfUtils.java:logGet(46)) - raft.server.snapshot.retention.file.num = -1 (default)
2022-07-01 06:36:08,220 [pool-2467-thread-1] INFO  server.RaftServerConfigKeys (ConfUtils.java:logGet(46)) - raft.server.log.purge.upto.snapshot.index = true (custom)
2022-07-01 06:36:08,220 [pool-2467-thread-1] INFO  server.RaftServerConfigKeys (ConfUtils.java:logGet(46)) - raft.server.retrycache.expirytime = 300s (custom)
2022-07-01 06:36:08,220 [pool-2467-thread-1] INFO  server.RaftServerConfigKeys (ConfUtils.java:logGet(46)) - raft.server.retrycache.statistics.expirytime = 100μs (default)
2022-07-01 06:36:08,222 [pool-2467-thread-1] INFO  server.RaftServerConfigKeys (ConfUtils.java:logGet(46)) - raft.server.log.appender.install.snapshot.enabled = false (custom)
2022-07-01 06:36:08,222 [pool-2467-thread-1] INFO  server.RaftServerConfigKeys (ConfUtils.java:logGet(46)) - raft.server.threadpool.server.cached = true (default)
2022-07-01 06:36:08,222 [pool-2467-thread-1] INFO  server.RaftServerConfigKeys (ConfUtils.java:logGet(46)) - raft.server.threadpool.server.size = 0 (default)
2022-07-01 06:36:08,222 [pool-2467-thread-1] INFO  server.RaftServerConfigKeys (ConfUtils.java:logGet(46)) - raft.server.threadpool.client.cached = true (default)
2022-07-01 06:36:08,222 [pool-2467-thread-1] INFO  server.RaftServerConfigKeys (ConfUtils.java:logGet(46)) - raft.server.threadpool.client.size = 0 (default)
2022-07-01 06:36:08,229 [ReplicationMonitor] INFO  replication.ReplicationManager (ReplicationManager.java:processAll(260)) - Replication Monitor Thread took 0 milliseconds for processing 0 containers.
2022-07-01 06:36:08,345 [EventQueue-StaleNodeForStaleNodeHandler] INFO  node.StaleNodeHandler (StaleNodeHandler.java:onMessage(58)) - Datanode 367f39bd-4131-4de8-b715-21ece6255991{ip: 10.1.0.14, host: fv-az121-578.oisc35kgwdsevnec4nnef0ad5h.cx.internal.cloudapp.net, ports: [REPLICATION=39193, RATIS=37177, RATIS_ADMIN=37177, RATIS_SERVER=37177, STANDALONE=42421], networkLocation: /default-rack, certSerialId: null, persistedOpState: IN_SERVICE, persistedOpStateExpiryEpochSec: 0} moved to stale state. Finalizing its pipelines [PipelineID=1271a3bc-28fd-4da0-a971-01758d4530f4, PipelineID=cc140ff6-9bca-4f3b-a7dd-11b0414da24e]
2022-07-01 06:36:08,392 [EventQueue-StaleNodeForStaleNodeHandler] INFO  pipeline.PipelineManagerImpl (PipelineManagerImpl.java:closeContainersForPipeline(411)) - Container #3 closed for pipeline=PipelineID=1271a3bc-28fd-4da0-a971-01758d4530f4
2022-07-01 06:36:08,392 [EventQueue-StaleNodeForStaleNodeHandler] INFO  pipeline.PipelineManagerImpl (PipelineManagerImpl.java:closeContainersForPipeline(411)) - Container #4 closed for pipeline=PipelineID=1271a3bc-28fd-4da0-a971-01758d4530f4
2022-07-01 06:36:08,392 [EventQueue-StaleNodeForStaleNodeHandler] INFO  pipeline.PipelineManagerImpl (PipelineManagerImpl.java:closeContainersForPipeline(411)) - Container #6 closed for pipeline=PipelineID=1271a3bc-28fd-4da0-a971-01758d4530f4
2022-07-01 06:36:08,392 [EventQueue-StaleNodeForStaleNodeHandler] INFO  pipeline.PipelineManagerImpl (PipelineManagerImpl.java:closePipeline(432)) - Pipeline Pipeline[ Id: 1271a3bc-28fd-4da0-a971-01758d4530f4, Nodes: 3e16c497-167e-44a0-ad70-845f9779a145{ip: 10.1.0.14, host: fv-az121-578.oisc35kgwdsevnec4nnef0ad5h.cx.internal.cloudapp.net, ports: [REPLICATION=35749, RATIS=46461, RATIS_ADMIN=46461, RATIS_SERVER=46461, STANDALONE=42091], networkLocation: /default-rack, certSerialId: null, persistedOpState: IN_SERVICE, persistedOpStateExpiryEpochSec: 0}8d28a716-810c-49da-9c02-9573d7e4db50{ip: 10.1.0.14, host: fv-az121-578.oisc35kgwdsevnec4nnef0ad5h.cx.internal.cloudapp.net, ports: [REPLICATION=46447, RATIS=36459, RATIS_ADMIN=36459, RATIS_SERVER=36459, STANDALONE=44577], networkLocation: /default-rack, certSerialId: null, persistedOpState: IN_SERVICE, persistedOpStateExpiryEpochSec: 0}367f39bd-4131-4de8-b715-21ece6255991{ip: 10.1.0.14, host: fv-az121-578.oisc35kgwdsevnec4nnef0ad5h.cx.internal.cloudapp.net, ports: [REPLICATION=39193, RATIS=37177, RATIS_ADMIN=37177, RATIS_SERVER=37177, STANDALONE=42421], networkLocation: /default-rack, certSerialId: null, persistedOpState: IN_SERVICE, persistedOpStateExpiryEpochSec: 0}, ReplicationConfig: RATIS/THREE, State:OPEN, leaderId:367f39bd-4131-4de8-b715-21ece6255991, CreationTimestamp2022-07-01T06:34:11.573Z[Etc/UTC]] moved to CLOSED state
2022-07-01 06:36:08,392 [EventQueue-StaleNodeForStaleNodeHandler] INFO  pipeline.PipelineManagerImpl (PipelineManagerImpl.java:closePipeline(432)) - Pipeline Pipeline[ Id: cc140ff6-9bca-4f3b-a7dd-11b0414da24e, Nodes: 367f39bd-4131-4de8-b715-21ece6255991{ip: 10.1.0.14, host: fv-az121-578.oisc35kgwdsevnec4nnef0ad5h.cx.internal.cloudapp.net, ports: [REPLICATION=39193, RATIS=37177, RATIS_ADMIN=37177, RATIS_SERVER=37177, STANDALONE=42421], networkLocation: /default-rack, certSerialId: null, persistedOpState: IN_SERVICE, persistedOpStateExpiryEpochSec: 0}, ReplicationConfig: RATIS/ONE, State:OPEN, leaderId:367f39bd-4131-4de8-b715-21ece6255991, CreationTimestamp2022-07-01T06:34:10.084Z[Etc/UTC]] moved to CLOSED state
2022-07-01 06:36:08,393 [EventQueue-CloseContainerForCloseContainerEventHandler] INFO  container.CloseContainerEventHandler (CloseContainerEventHandler.java:onMessage(70)) - Close container Event triggered for container : #3
2022-07-01 06:36:08,393 [EventQueue-CloseContainerForCloseContainerEventHandler] INFO  container.CloseContainerEventHandler (CloseContainerEventHandler.java:onMessage(70)) - Close container Event triggered for container : #4
2022-07-01 06:36:08,393 [EventQueue-CloseContainerForCloseContainerEventHandler] INFO  container.CloseContainerEventHandler (CloseContainerEventHandler.java:onMessage(70)) - Close container Event triggered for container : #6
2022-07-01 06:36:08,736 [ReplicationMonitor] INFO  replication.ReplicationManager (ReplicationManager.java:processAll(227)) - Replication Manager is not ready to run until 3000ms after safemode exit
2022-07-01 06:36:08,745 [ReplicationMonitor] INFO  replication.LegacyReplicationManager (LegacyReplicationManager.java:handleOverReplicatedContainer(1248)) - Container #1 is over replicated. Expected replica count is 3, but found 4.
2022-07-01 06:36:08,745 [ReplicationMonitor] INFO  replication.LegacyReplicationManager (LegacyReplicationManager.java:sendDeleteCommand(1582)) - Sending delete container command for container #1 to datanode fae739a9-74c8-47b9-bb65-431539dcf0b5{ip: 10.1.0.14, host: fv-az121-578.oisc35kgwdsevnec4nnef0ad5h.cx.internal.cloudapp.net, ports: [REPLICATION=33363, RATIS=36657, RATIS_ADMIN=36657, RATIS_SERVER=36657, STANDALONE=44653], networkLocation: /default-rack, certSerialId: null, persistedOpState: IN_SERVICE, persistedOpStateExpiryEpochSec: 0}
2022-07-01 06:36:08,745 [ReplicationMonitor] INFO  replication.LegacyReplicationManager (LegacyReplicationManager.java:handleOverReplicatedContainer(1248)) - Container #2 is over replicated. Expected replica count is 3, but found 4.
2022-07-01 06:36:08,745 [ReplicationMonitor] INFO  replication.LegacyReplicationManager (LegacyReplicationManager.java:sendDeleteCommand(1582)) - Sending delete container command for container #2 to datanode fae739a9-74c8-47b9-bb65-431539dcf0b5{ip: 10.1.0.14, host: fv-az121-578.oisc35kgwdsevnec4nnef0ad5h.cx.internal.cloudapp.net, ports: [REPLICATION=33363, RATIS=36657, RATIS_ADMIN=36657, RATIS_SERVER=36657, STANDALONE=44653], networkLocation: /default-rack, certSerialId: null, persistedOpState: IN_SERVICE, persistedOpStateExpiryEpochSec: 0}
2022-07-01 06:36:08,745 [ReplicationMonitor] INFO  replication.LegacyReplicationManager (LegacyReplicationManager.java:sendCloseCommand(1507)) - Sending close container command for container #3 to datanode 367f39bd-4131-4de8-b715-21ece6255991{ip: 10.1.0.14, host: fv-az121-578.oisc35kgwdsevnec4nnef0ad5h.cx.internal.cloudapp.net, ports: [REPLICATION=39193, RATIS=37177, RATIS_ADMIN=37177, RATIS_SERVER=37177, STANDALONE=42421], networkLocation: /default-rack, certSerialId: null, persistedOpState: IN_SERVICE, persistedOpStateExpiryEpochSec: 0}.
2022-07-01 06:36:08,745 [ReplicationMonitor] INFO  replication.LegacyReplicationManager (LegacyReplicationManager.java:sendCloseCommand(1507)) - Sending close container command for container #3 to datanode 8d28a716-810c-49da-9c02-9573d7e4db50{ip: 10.1.0.14, host: fv-az121-578.oisc35kgwdsevnec4nnef0ad5h.cx.internal.cloudapp.net, ports: [REPLICATION=46447, RATIS=36459, RATIS_ADMIN=36459, RATIS_SERVER=36459, STANDALONE=44577], networkLocation: /default-rack, certSerialId: null, persistedOpState: IN_SERVICE, persistedOpStateExpiryEpochSec: 0}.
2022-07-01 06:36:08,745 [ReplicationMonitor] INFO  replication.LegacyReplicationManager (LegacyReplicationManager.java:sendCloseCommand(1507)) - Sending close container command for container #3 to datanode 3e16c497-167e-44a0-ad70-845f9779a145{ip: 10.1.0.14, host: fv-az121-578.oisc35kgwdsevnec4nnef0ad5h.cx.internal.cloudapp.net, ports: [REPLICATION=35749, RATIS=46461, RATIS_ADMIN=46461, RATIS_SERVER=46461, STANDALONE=42091], networkLocation: /default-rack, certSerialId: null, persistedOpState: IN_SERVICE, persistedOpStateExpiryEpochSec: 0}.
2022-07-01 06:36:08,745 [ReplicationMonitor] INFO  replication.LegacyReplicationManager (LegacyReplicationManager.java:sendCloseCommand(1507)) - Sending close container command for container #4 to datanode 3e16c497-167e-44a0-ad70-845f9779a145{ip: 10.1.0.14, host: fv-az121-578.oisc35kgwdsevnec4nnef0ad5h.cx.internal.cloudapp.net, ports: [REPLICATION=35749, RATIS=46461, RATIS_ADMIN=46461, RATIS_SERVER=46461, STANDALONE=42091], networkLocation: /default-rack, certSerialId: null, persistedOpState: IN_SERVICE, persistedOpStateExpiryEpochSec: 0}.
2022-07-01 06:36:08,745 [ReplicationMonitor] INFO  replication.LegacyReplicationManager (LegacyReplicationManager.java:sendCloseCommand(1507)) - Sending close container command for container #4 to datanode 367f39bd-4131-4de8-b715-21ece6255991{ip: 10.1.0.14, host: fv-az121-578.oisc35kgwdsevnec4nnef0ad5h.cx.internal.cloudapp.net, ports: [REPLICATION=39193, RATIS=37177, RATIS_ADMIN=37177, RATIS_SERVER=37177, STANDALONE=42421], networkLocation: /default-rack, certSerialId: null, persistedOpState: IN_SERVICE, persistedOpStateExpiryEpochSec: 0}.
2022-07-01 06:36:08,745 [ReplicationMonitor] INFO  replication.LegacyReplicationManager (LegacyReplicationManager.java:sendCloseCommand(1507)) - Sending close container command for container #4 to datanode 8d28a716-810c-49da-9c02-9573d7e4db50{ip: 10.1.0.14, host: fv-az121-578.oisc35kgwdsevnec4nnef0ad5h.cx.internal.cloudapp.net, ports: [REPLICATION=46447, RATIS=36459, RATIS_ADMIN=36459, RATIS_SERVER=36459, STANDALONE=44577], networkLocation: /default-rack, certSerialId: null, persistedOpState: IN_SERVICE, persistedOpStateExpiryEpochSec: 0}.
2022-07-01 06:36:08,745 [ReplicationMonitor] INFO  replication.LegacyReplicationManager (LegacyReplicationManager.java:handleOverReplicatedContainer(1248)) - Container #5 is over replicated. Expected replica count is 3, but found 4.
2022-07-01 06:36:08,745 [ReplicationMonitor] INFO  replication.LegacyReplicationManager (LegacyReplicationManager.java:sendDeleteCommand(1582)) - Sending delete container command for container #5 to datanode fae739a9-74c8-47b9-bb65-431539dcf0b5{ip: 10.1.0.14, host: fv-az121-578.oisc35kgwdsevnec4nnef0ad5h.cx.internal.cloudapp.net, ports: [REPLICATION=33363, RATIS=36657, RATIS_ADMIN=36657, RATIS_SERVER=36657, STANDALONE=44653], networkLocation: /default-rack, certSerialId: null, persistedOpState: IN_SERVICE, persistedOpStateExpiryEpochSec: 0}
2022-07-01 06:36:08,745 [ReplicationMonitor] INFO  replication.LegacyReplicationManager (LegacyReplicationManager.java:sendCloseCommand(1507)) - Sending close container command for container #6 to datanode 3e16c497-167e-44a0-ad70-845f9779a145{ip: 10.1.0.14, host: fv-az121-578.oisc35kgwdsevnec4nnef0ad5h.cx.internal.cloudapp.net, ports: [REPLICATION=35749, RATIS=46461, RATIS_ADMIN=46461, RATIS_SERVER=46461, STANDALONE=42091], networkLocation: /default-rack, certSerialId: null, persistedOpState: IN_SERVICE, persistedOpStateExpiryEpochSec: 0}.
2022-07-01 06:36:08,745 [ReplicationMonitor] INFO  replication.LegacyReplicationManager (LegacyReplicationManager.java:sendCloseCommand(1507)) - Sending close container command for container #6 to datanode 367f39bd-4131-4de8-b715-21ece6255991{ip: 10.1.0.14, host: fv-az121-578.oisc35kgwdsevnec4nnef0ad5h.cx.internal.cloudapp.net, ports: [REPLICATION=39193, RATIS=37177, RATIS_ADMIN=37177, RATIS_SERVER=37177, STANDALONE=42421], networkLocation: /default-rack, certSerialId: null, persistedOpState: IN_SERVICE, persistedOpStateExpiryEpochSec: 0}.
2022-07-01 06:36:08,745 [ReplicationMonitor] INFO  replication.LegacyReplicationManager (LegacyReplicationManager.java:sendCloseCommand(1507)) - Sending close container command for container #6 to datanode 8d28a716-810c-49da-9c02-9573d7e4db50{ip: 10.1.0.14, host: fv-az121-578.oisc35kgwdsevnec4nnef0ad5h.cx.internal.cloudapp.net, ports: [REPLICATION=46447, RATIS=36459, RATIS_ADMIN=36459, RATIS_SERVER=36459, STANDALONE=44577], networkLocation: /default-rack, certSerialId: null, persistedOpState: IN_SERVICE, persistedOpStateExpiryEpochSec: 0}.
2022-07-01 06:36:08,745 [ReplicationMonitor] INFO  replication.ReplicationManager (ReplicationManager.java:processAll(260)) - Replication Monitor Thread took 1 milliseconds for processing 6 containers.
2022-07-01 06:36:08,855 [Mini-Cluster-Provider-Reap] INFO  utils.BackgroundService (BackgroundService.java:shutdown(132)) - Shutting down service BlockDeletingService
2022-07-01 06:36:09,139 [ReplicationMonitor] INFO  replication.ReplicationManager (ReplicationManager.java:processAll(260)) - Replication Monitor Thread took 0 milliseconds for processing 4 containers.
2022-07-01 06:36:09,229 [ReplicationMonitor] INFO  replication.ReplicationManager (ReplicationManager.java:processAll(260)) - Replication Monitor Thread took 0 milliseconds for processing 0 containers.
2022-07-01 06:36:09,736 [ReplicationMonitor] INFO  replication.ReplicationManager (ReplicationManager.java:processAll(227)) - Replication Manager is not ready to run until 3000ms after safemode exit
2022-07-01 06:36:09,746 [ReplicationMonitor] INFO  replication.LegacyReplicationManager (LegacyReplicationManager.java:handleOverReplicatedContainer(1248)) - Container #1 is over replicated. Expected replica count is 3, but found 4.
2022-07-01 06:36:09,746 [ReplicationMonitor] INFO  replication.LegacyReplicationManager (LegacyReplicationManager.java:sendDeleteCommand(1582)) - Sending delete container command for container #1 to datanode fae739a9-74c8-47b9-bb65-431539dcf0b5{ip: 10.1.0.14, host: fv-az121-578.oisc35kgwdsevnec4nnef0ad5h.cx.internal.cloudapp.net, ports: [REPLICATION=33363, RATIS=36657, RATIS_ADMIN=36657, RATIS_SERVER=36657, STANDALONE=44653], networkLocation: /default-rack, certSerialId: null, persistedOpState: IN_SERVICE, persistedOpStateExpiryEpochSec: 0}
2022-07-01 06:36:09,746 [ReplicationMonitor] INFO  replication.LegacyReplicationManager (LegacyReplicationManager.java:handleOverReplicatedContainer(1248)) - Container #2 is over replicated. Expected replica count is 3, but found 4.
2022-07-01 06:36:09,746 [ReplicationMonitor] INFO  replication.LegacyReplicationManager (LegacyReplicationManager.java:sendDeleteCommand(1582)) - Sending delete container command for container #2 to datanode fae739a9-74c8-47b9-bb65-431539dcf0b5{ip: 10.1.0.14, host: fv-az121-578.oisc35kgwdsevnec4nnef0ad5h.cx.internal.cloudapp.net, ports: [REPLICATION=33363, RATIS=36657, RATIS_ADMIN=36657, RATIS_SERVER=36657, STANDALONE=44653], networkLocation: /default-rack, certSerialId: null, persistedOpState: IN_SERVICE, persistedOpStateExpiryEpochSec: 0}
2022-07-01 06:36:09,746 [ReplicationMonitor] INFO  replication.LegacyReplicationManager (LegacyReplicationManager.java:sendCloseCommand(1507)) - Sending close container command for container #3 to datanode 367f39bd-4131-4de8-b715-21ece6255991{ip: 10.1.0.14, host: fv-az121-578.oisc35kgwdsevnec4nnef0ad5h.cx.internal.cloudapp.net, ports: [REPLICATION=39193, RATIS=37177, RATIS_ADMIN=37177, RATIS_SERVER=37177, STANDALONE=42421], networkLocation: /default-rack, certSerialId: null, persistedOpState: IN_SERVICE, persistedOpStateExpiryEpochSec: 0}.
2022-07-01 06:36:09,746 [ReplicationMonitor] INFO  replication.LegacyReplicationManager (LegacyReplicationManager.java:sendCloseCommand(1507)) - Sending close container command for container #3 to datanode 8d28a716-810c-49da-9c02-9573d7e4db50{ip: 10.1.0.14, host: fv-az121-578.oisc35kgwdsevnec4nnef0ad5h.cx.internal.cloudapp.net, ports: [REPLICATION=46447, RATIS=36459, RATIS_ADMIN=36459, RATIS_SERVER=36459, STANDALONE=44577], networkLocation: /default-rack, certSerialId: null, persistedOpState: IN_SERVICE, persistedOpStateExpiryEpochSec: 0}.
2022-07-01 06:36:09,746 [ReplicationMonitor] INFO  replication.LegacyReplicationManager (LegacyReplicationManager.java:sendCloseCommand(1507)) - Sending close container command for container #3 to datanode 3e16c497-167e-44a0-ad70-845f9779a145{ip: 10.1.0.14, host: fv-az121-578.oisc35kgwdsevnec4nnef0ad5h.cx.internal.cloudapp.net, ports: [REPLICATION=35749, RATIS=46461, RATIS_ADMIN=46461, RATIS_SERVER=46461, STANDALONE=42091], networkLocation: /default-rack, certSerialId: null, persistedOpState: IN_SERVICE, persistedOpStateExpiryEpochSec: 0}.
2022-07-01 06:36:09,746 [ReplicationMonitor] INFO  replication.LegacyReplicationManager (LegacyReplicationManager.java:sendCloseCommand(1507)) - Sending close container command for container #4 to datanode 3e16c497-167e-44a0-ad70-845f9779a145{ip: 10.1.0.14, host: fv-az121-578.oisc35kgwdsevnec4nnef0ad5h.cx.internal.cloudapp.net, ports: [REPLICATION=35749, RATIS=46461, RATIS_ADMIN=46461, RATIS_SERVER=46461, STANDALONE=42091], networkLocation: /default-rack, certSerialId: null, persistedOpState: IN_SERVICE, persistedOpStateExpiryEpochSec: 0}.
2022-07-01 06:36:09,746 [ReplicationMonitor] INFO  replication.LegacyReplicationManager (LegacyReplicationManager.java:sendCloseCommand(1507)) - Sending close container command for container #4 to datanode 367f39bd-4131-4de8-b715-21ece6255991{ip: 10.1.0.14, host: fv-az121-578.oisc35kgwdsevnec4nnef0ad5h.cx.internal.cloudapp.net, ports: [REPLICATION=39193, RATIS=37177, RATIS_ADMIN=37177, RATIS_SERVER=37177, STANDALONE=42421], networkLocation: /default-rack, certSerialId: null, persistedOpState: IN_SERVICE, persistedOpStateExpiryEpochSec: 0}.
2022-07-01 06:36:09,746 [ReplicationMonitor] INFO  replication.LegacyReplicationManager (LegacyReplicationManager.java:sendCloseCommand(1507)) - Sending close container command for container #4 to datanode 8d28a716-810c-49da-9c02-9573d7e4db50{ip: 10.1.0.14, host: fv-az121-578.oisc35kgwdsevnec4nnef0ad5h.cx.internal.cloudapp.net, ports: [REPLICATION=46447, RATIS=36459, RATIS_ADMIN=36459, RATIS_SERVER=36459, STANDALONE=44577], networkLocation: /default-rack, certSerialId: null, persistedOpState: IN_SERVICE, persistedOpStateExpiryEpochSec: 0}.
2022-07-01 06:36:09,746 [ReplicationMonitor] INFO  replication.LegacyReplicationManager (LegacyReplicationManager.java:handleOverReplicatedContainer(1248)) - Container #5 is over replicated. Expected replica count is 3, but found 4.
2022-07-01 06:36:09,746 [ReplicationMonitor] INFO  replication.LegacyReplicationManager (LegacyReplicationManager.java:sendDeleteCommand(1582)) - Sending delete container command for container #5 to datanode fae739a9-74c8-47b9-bb65-431539dcf0b5{ip: 10.1.0.14, host: fv-az121-578.oisc35kgwdsevnec4nnef0ad5h.cx.internal.cloudapp.net, ports: [REPLICATION=33363, RATIS=36657, RATIS_ADMIN=36657, RATIS_SERVER=36657, STANDALONE=44653], networkLocation: /default-rack, certSerialId: null, persistedOpState: IN_SERVICE, persistedOpStateExpiryEpochSec: 0}
2022-07-01 06:36:09,746 [ReplicationMonitor] INFO  replication.LegacyReplicationManager (LegacyReplicationManager.java:sendCloseCommand(1507)) - Sending close container command for container #6 to datanode 3e16c497-167e-44a0-ad70-845f9779a145{ip: 10.1.0.14, host: fv-az121-578.oisc35kgwdsevnec4nnef0ad5h.cx.internal.cloudapp.net, ports: [REPLICATION=35749, RATIS=46461, RATIS_ADMIN=46461, RATIS_SERVER=46461, STANDALONE=42091], networkLocation: /default-rack, certSerialId: null, persistedOpState: IN_SERVICE, persistedOpStateExpiryEpochSec: 0}.
2022-07-01 06:36:09,746 [ReplicationMonitor] INFO  replication.LegacyReplicationManager (LegacyReplicationManager.java:sendCloseCommand(1507)) - Sending close container command for container #6 to datanode 367f39bd-4131-4de8-b715-21ece6255991{ip: 10.1.0.14, host: fv-az121-578.oisc35kgwdsevnec4nnef0ad5h.cx.internal.cloudapp.net, ports: [REPLICATION=39193, RATIS=37177, RATIS_ADMIN=37177, RATIS_SERVER=37177, STANDALONE=42421], networkLocation: /default-rack, certSerialId: null, persistedOpState: IN_SERVICE, persistedOpStateExpiryEpochSec: 0}.
2022-07-01 06:36:09,747 [ReplicationMonitor] INFO  replication.LegacyReplicationManager (LegacyReplicationManager.java:sendCloseCommand(1507)) - Sending close container command for container #6 to datanode 8d28a716-810c-49da-9c02-9573d7e4db50{ip: 10.1.0.14, host: fv-az121-578.oisc35kgwdsevnec4nnef0ad5h.cx.internal.cloudapp.net, ports: [REPLICATION=46447, RATIS=36459, RATIS_ADMIN=36459, RATIS_SERVER=36459, STANDALONE=44577], networkLocation: /default-rack, certSerialId: null, persistedOpState: IN_SERVICE, persistedOpStateExpiryEpochSec: 0}.
2022-07-01 06:36:09,747 [ReplicationMonitor] INFO  replication.ReplicationManager (ReplicationManager.java:processAll(260)) - Replication Monitor Thread took 1 milliseconds for processing 6 containers.
2022-07-01 06:36:10,275 [ForkJoinPool.commonPool-worker-1] INFO  ozoneimpl.OzoneContainer (OzoneContainer.java:stop(365)) - Attempting to stop container services.
2022-07-01 06:36:10,275 [ForkJoinPool.commonPool-worker-1] INFO  server.RaftServer (RaftServerProxy.java:lambda$close$7(398)) - fae739a9-74c8-47b9-bb65-431539dcf0b5: close
2022-07-01 06:36:10,276 [ForkJoinPool.commonPool-worker-1] INFO  server.RaftServer$Division (RaftServerImpl.java:lambda$close$4(434)) - fae739a9-74c8-47b9-bb65-431539dcf0b5@group-3040412DE051: shutdown
2022-07-01 06:36:10,276 [ForkJoinPool.commonPool-worker-1] INFO  util.JmxRegister (JmxRegister.java:unregister(73)) - Successfully un-registered JMX Bean with object name Ratis:service=RaftServer,group=group-3040412DE051,id=fae739a9-74c8-47b9-bb65-431539dcf0b5
2022-07-01 06:36:10,276 [ForkJoinPool.commonPool-worker-1] INFO  impl.RoleInfo (RoleInfo.java:shutdownFollowerState(110)) - fae739a9-74c8-47b9-bb65-431539dcf0b5: shutdown fae739a9-74c8-47b9-bb65-431539dcf0b5@group-3040412DE051-FollowerState
2022-07-01 06:36:10,276 [ForkJoinPool.commonPool-worker-1] INFO  impl.StateMachineUpdater (StateMachineUpdater.java:stopAndJoin(153)) - fae739a9-74c8-47b9-bb65-431539dcf0b5@group-3040412DE051-StateMachineUpdater: set stopIndex = -1
2022-07-01 06:36:10,276 [fae739a9-74c8-47b9-bb65-431539dcf0b5@group-3040412DE051-FollowerState] INFO  impl.FollowerState (FollowerState.java:run(152)) - fae739a9-74c8-47b9-bb65-431539dcf0b5@group-3040412DE051-FollowerState was interrupted
2022-07-01 06:36:10,276 [ReplicationMonitor] INFO  replication.ReplicationManager (ReplicationManager.java:processAll(260)) - Replication Monitor Thread took 0 milliseconds for processing 0 containers.
2022-07-01 06:36:10,278 [ReplicationMonitor] INFO  replication.ReplicationManager (ReplicationManager.java:processAll(260)) - Replication Monitor Thread took 0 milliseconds for processing 6 containers.
2022-07-01 06:36:10,278 [org.apache.ratis.util.JvmPauseMonitor$$Lambda$706/2098851404@39b078e8] WARN  util.JvmPauseMonitor (JvmPauseMonitor.java:detectPause(124)) - JvmPauseMonitor-3ef13f00-2e8f-4cf8-b989-4c3a5519d72f: Detected pause in JVM or host machine (eg GC): pause of approximately 161324806ns.
GC pool 'PS MarkSweep' had collection(s): count=1 time=374ms
GC pool 'PS Scavenge' had collection(s): count=1 time=55ms
2022-07-01 06:36:10,278 [3e16c497-167e-44a0-ad70-845f9779a145@group-01758D4530F4-FollowerState] INFO  impl.FollowerState (FollowerState.java:run(143)) - 3e16c497-167e-44a0-ad70-845f9779a145@group-01758D4530F4-FollowerState: change to CANDIDATE, lastRpcElapsedTime:5225671656ns, electionTimeout:5107ms
2022-07-01 06:36:10,278 [org.apache.ratis.util.JvmPauseMonitor$$Lambda$706/2098851404@1e42236f] WARN  util.JvmPauseMonitor (JvmPauseMonitor.java:detectPause(124)) - JvmPauseMonitor-fa141dde-cca0-498f-9e2d-a881feabbb38: Detected pause in JVM or host machine (eg GC): pause of approximately 174286551ns.
GC pool 'PS MarkSweep' had collection(s): count=1 time=374ms
GC pool 'PS Scavenge' had collection(s): count=1 time=55ms
2022-07-01 06:36:10,278 [org.apache.ratis.util.JvmPauseMonitor$$Lambda$706/2098851404@4580a35c] WARN  util.JvmPauseMonitor (JvmPauseMonitor.java:detectPause(124)) - JvmPauseMonitor-fe51852c-96c7-46e0-8b9e-a2b10ae7b171: Detected pause in JVM or host machine (eg GC): pause of approximately 191055939ns.
GC pool 'PS MarkSweep' had collection(s): count=1 time=374ms
GC pool 'PS Scavenge' had collection(s): count=1 time=55ms
2022-07-01 06:36:10,278 [org.apache.ratis.util.JvmPauseMonitor$$Lambda$706/2098851404@4a65ba77] WARN  util.JvmPauseMonitor (JvmPauseMonitor.java:detectPause(124)) - JvmPauseMonitor-190efccb-7c69-4a33-a143-aa93f4e7f68a: Detected pause in JVM or host machine (eg GC): pause of approximately 191127939ns.
GC pool 'PS MarkSweep' had collection(s): count=1 time=374ms
GC pool 'PS Scavenge' had collection(s): count=1 time=55ms
2022-07-01 06:36:10,279 [3e16c497-167e-44a0-ad70-845f9779a145@group-01758D4530F4-FollowerState] INFO  impl.RoleInfo (RoleInfo.java:shutdownFollowerState(110)) - 3e16c497-167e-44a0-ad70-845f9779a145: shutdown 3e16c497-167e-44a0-ad70-845f9779a145@group-01758D4530F4-FollowerState
2022-07-01 06:36:10,279 [3e16c497-167e-44a0-ad70-845f9779a145@group-01758D4530F4-FollowerState] INFO  server.RaftServer$Division (RaftServerImpl.java:setRole(299)) - 3e16c497-167e-44a0-ad70-845f9779a145@group-01758D4530F4: changes role from  FOLLOWER to CANDIDATE at term 1 for changeToCandidate
2022-07-01 06:36:10,279 [3e16c497-167e-44a0-ad70-845f9779a145@group-01758D4530F4-FollowerState] INFO  server.RaftServerConfigKeys (ConfUtils.java:logGet(46)) - raft.server.leaderelection.pre-vote = false (custom)
2022-07-01 06:36:10,279 [3e16c497-167e-44a0-ad70-845f9779a145@group-01758D4530F4-FollowerState] INFO  impl.RoleInfo (RoleInfo.java:updateAndGet(139)) - 3e16c497-167e-44a0-ad70-845f9779a145: start 3e16c497-167e-44a0-ad70-845f9779a145@group-01758D4530F4-LeaderElection103
2022-07-01 06:36:10,282 [org.apache.ratis.util.JvmPauseMonitor$$Lambda$706/2098851404@79cd645] WARN  util.JvmPauseMonitor (JvmPauseMonitor.java:detectPause(124)) - JvmPauseMonitor-0879b6d9-7f3e-4b74-8b54-f5e3dc7a4e2c: Detected pause in JVM or host machine (eg GC): pause of approximately 230411380ns.
GC pool 'PS MarkSweep' had collection(s): count=1 time=374ms
GC pool 'PS Scavenge' had collection(s): count=1 time=55ms
2022-07-01 06:36:10,283 [org.apache.ratis.util.JvmPauseMonitor$$Lambda$706/2098851404@54162246] WARN  util.JvmPauseMonitor (JvmPauseMonitor.java:detectPause(124)) - JvmPauseMonitor-9ece8bf6-7d6b-4143-af63-958068d3c465: Detected pause in JVM or host machine (eg GC): pause of approximately 234528326ns.
GC pool 'PS MarkSweep' had collection(s): count=1 time=374ms
GC pool 'PS Scavenge' had collection(s): count=1 time=55ms
2022-07-01 06:36:10,283 [org.apache.ratis.util.JvmPauseMonitor$$Lambda$706/2098851404@7b27b668] WARN  util.JvmPauseMonitor (JvmPauseMonitor.java:detectPause(124)) - JvmPauseMonitor-d19da69b-c173-436e-b4ce-e8e09fc02320: Detected pause in JVM or host machine (eg GC): pause of approximately 258615395ns.
GC pool 'PS MarkSweep' had collection(s): count=1 time=374ms
GC pool 'PS Scavenge' had collection(s): count=1 time=55ms
2022-07-01 06:36:10,283 [org.apache.ratis.util.JvmPauseMonitor$$Lambda$706/2098851404@6c7632d8] WARN  util.JvmPauseMonitor (JvmPauseMonitor.java:detectPause(124)) - JvmPauseMonitor-51d4bdc2-c4c9-4f74-a11a-0ab93fa960cd: Detected pause in JVM or host machine (eg GC): pause of approximately 288238327ns.
GC pool 'PS MarkSweep' had collection(s): count=1 time=374ms
GC pool 'PS Scavenge' had collection(s): count=1 time=55ms
2022-07-01 06:36:10,284 [org.apache.ratis.util.JvmPauseMonitor$$Lambda$706/2098851404@608dff37] WARN  util.JvmPauseMonitor (JvmPauseMonitor.java:detectPause(124)) - JvmPauseMonitor-fae739a9-74c8-47b9-bb65-431539dcf0b5: Detected pause in JVM or host machine (eg GC): pause of approximately 314544022ns.
GC pool 'PS MarkSweep' had collection(s): count=1 time=374ms
GC pool 'PS Scavenge' had collection(s): count=1 time=55ms
2022-07-01 06:36:10,284 [org.apache.ratis.util.JvmPauseMonitor$$Lambda$706/2098851404@2799ad4d] WARN  util.JvmPauseMonitor (JvmPauseMonitor.java:detectPause(124)) - JvmPauseMonitor-59e896df-95b6-4085-9692-92b03390fa2e: Detected pause in JVM or host machine (eg GC): pause of approximately 331793715ns.
GC pool 'PS MarkSweep' had collection(s): count=1 time=374ms
GC pool 'PS Scavenge' had collection(s): count=1 time=55ms
2022-07-01 06:36:10,284 [3e16c497-167e-44a0-ad70-845f9779a145@group-01758D4530F4-LeaderElection103] INFO  server.RaftServer$Division (ServerState.java:setLeader(287)) - 3e16c497-167e-44a0-ad70-845f9779a145@group-01758D4530F4: change Leader from 367f39bd-4131-4de8-b715-21ece6255991 to null at term 1 for ELECTION
2022-07-01 06:36:10,284 [org.apache.ratis.util.JvmPauseMonitor$$Lambda$706/2098851404@6e95281f] WARN  util.JvmPauseMonitor (JvmPauseMonitor.java:detectPause(124)) - JvmPauseMonitor-om1: Detected pause in JVM or host machine (eg GC): pause of approximately 339253298ns.
GC pool 'PS MarkSweep' had collection(s): count=1 time=374ms
GC pool 'PS Scavenge' had collection(s): count=1 time=55ms
2022-07-01 06:36:10,284 [org.apache.ratis.util.JvmPauseMonitor$$Lambda$706/2098851404@53a617c0] WARN  util.JvmPauseMonitor (JvmPauseMonitor.java:detectPause(124)) - JvmPauseMonitor-om1: Detected pause in JVM or host machine (eg GC): pause of approximately 339744204ns.
GC pool 'PS MarkSweep' had collection(s): count=1 time=374ms
GC pool 'PS Scavenge' had collection(s): count=1 time=55ms
2022-07-01 06:36:10,284 [org.apache.ratis.util.JvmPauseMonitor$$Lambda$706/2098851404@68ad93e6] WARN  util.JvmPauseMonitor (JvmPauseMonitor.java:detectPause(124)) - JvmPauseMonitor-3e16c497-167e-44a0-ad70-845f9779a145: Detected pause in JVM or host machine (eg GC): pause of approximately 347273988ns.
GC pool 'PS MarkSweep' had collection(s): count=1 time=374ms
GC pool 'PS Scavenge' had collection(s): count=1 time=55ms
2022-07-01 06:36:10,285 [ForkJoinPool.commonPool-worker-1] INFO  server.RaftServer$Division (ServerState.java:close(429)) - fae739a9-74c8-47b9-bb65-431539dcf0b5@group-3040412DE051: closes. applyIndex: -1
2022-07-01 06:36:10,285 [fae739a9-74c8-47b9-bb65-431539dcf0b5@group-3040412DE051-SegmentedRaftLogWorker] INFO  segmented.SegmentedRaftLogWorker (SegmentedRaftLogWorker.java:run(336)) - fae739a9-74c8-47b9-bb65-431539dcf0b5@group-3040412DE051-SegmentedRaftLogWorker was interrupted, exiting. There are 0 tasks remaining in the queue.
2022-07-01 06:36:10,285 [org.apache.ratis.util.JvmPauseMonitor$$Lambda$706/2098851404@10cf391d] WARN  util.JvmPauseMonitor (JvmPauseMonitor.java:detectPause(124)) - JvmPauseMonitor-1aec6174-0e27-409b-ae8a-2099a4a88750: Detected pause in JVM or host machine (eg GC): pause of approximately 392928899ns.
GC pool 'PS MarkSweep' had collection(s): count=1 time=374ms
GC pool 'PS Scavenge' had collection(s): count=1 time=55ms
2022-07-01 06:36:10,285 [ForkJoinPool.commonPool-worker-1] INFO  segmented.SegmentedRaftLogWorker (SegmentedRaftLogWorker.java:close(246)) - fae739a9-74c8-47b9-bb65-431539dcf0b5@group-3040412DE051-SegmentedRaftLogWorker close()
2022-07-01 06:36:10,288 [ForkJoinPool.commonPool-worker-1] INFO  server.GrpcService (GrpcService.java:closeImpl(269)) - fae739a9-74c8-47b9-bb65-431539dcf0b5: shutdown server with port 36657 now
2022-07-01 06:36:10,290 [ForkJoinPool.commonPool-worker-1] INFO  server.GrpcService (GrpcService.java:closeImpl(278)) - fae739a9-74c8-47b9-bb65-431539dcf0b5: shutdown server with port 36657 successfully
2022-07-01 06:36:10,290 [org.apache.ratis.util.JvmPauseMonitor$$Lambda$706/2098851404@608dff37] INFO  util.JvmPauseMonitor (JvmPauseMonitor.java:run(109)) - JvmPauseMonitor-fae739a9-74c8-47b9-bb65-431539dcf0b5: Stopped
2022-07-01 06:36:10,292 [org.apache.ratis.util.JvmPauseMonitor$$Lambda$706/2098851404@6de39f33] WARN  util.JvmPauseMonitor (JvmPauseMonitor.java:detectPause(124)) - JvmPauseMonitor-8d28a716-810c-49da-9c02-9573d7e4db50: Detected pause in JVM or host machine (eg GC): pause of approximately 431975137ns.
GC pool 'PS MarkSweep' had collection(s): count=1 time=374ms
GC pool 'PS Scavenge' had collection(s): count=1 time=55ms
2022-07-01 06:36:10,293 [org.apache.ratis.util.JvmPauseMonitor$$Lambda$706/2098851404@11991843] WARN  util.JvmPauseMonitor (JvmPauseMonitor.java:detectPause(124)) - JvmPauseMonitor-845eef67-7e45-4a83-b1da-c41ed2f6be9b: Detected pause in JVM or host machine (eg GC): pause of approximately 433421453ns.
GC pool 'PS MarkSweep' had collection(s): count=1 time=374ms
GC pool 'PS Scavenge' had collection(s): count=1 time=55ms
2022-07-01 06:36:10,398 [3e16c497-167e-44a0-ad70-845f9779a145@group-01758D4530F4-LeaderElection103] INFO  impl.LeaderElection (LeaderElection.java:askForVotes(310)) - 3e16c497-167e-44a0-ad70-845f9779a145@group-01758D4530F4-LeaderElection103 ELECTION round 0: submit vote requests at term 2 for 0: [8d28a716-810c-49da-9c02-9573d7e4db50|rpc:10.1.0.14:36459|dataStream:|priority:0, 367f39bd-4131-4de8-b715-21ece6255991|rpc:10.1.0.14:37177|dataStream:|priority:1, 3e16c497-167e-44a0-ad70-845f9779a145|rpc:10.1.0.14:46461|dataStream:|priority:0], old=null
2022-07-01 06:36:10,563 [grpc-default-executor-0] INFO  server.RaftServer$Division (RaftServerImpl.java:requestVote(1152)) - 8d28a716-810c-49da-9c02-9573d7e4db50@group-01758D4530F4: receive requestVote(ELECTION, 3e16c497-167e-44a0-ad70-845f9779a145, group-01758D4530F4, 2, (t:1, i:47))
2022-07-01 06:36:10,564 [grpc-default-executor-0] INFO  impl.VoteContext (VoteContext.java:log(48)) - 8d28a716-810c-49da-9c02-9573d7e4db50@group-01758D4530F4-FOLLOWER: accept ELECTION from 3e16c497-167e-44a0-ad70-845f9779a145: our priority 0 <= candidate's priority 0
2022-07-01 06:36:10,564 [grpc-default-executor-0] INFO  server.RaftServer$Division (ServerState.java:setLeader(287)) - 8d28a716-810c-49da-9c02-9573d7e4db50@group-01758D4530F4: change Leader from 367f39bd-4131-4de8-b715-21ece6255991 to null at term 2 for updateCurrentTerm
2022-07-01 06:36:10,564 [grpc-default-executor-0] INFO  server.RaftServer$Division (RaftServerImpl.java:setRole(299)) - 8d28a716-810c-49da-9c02-9573d7e4db50@group-01758D4530F4: changes role from  FOLLOWER to FOLLOWER at term 2 for candidate:3e16c497-167e-44a0-ad70-845f9779a145
2022-07-01 06:36:10,564 [grpc-default-executor-0] INFO  impl.RoleInfo (RoleInfo.java:shutdownFollowerState(110)) - 8d28a716-810c-49da-9c02-9573d7e4db50: shutdown 8d28a716-810c-49da-9c02-9573d7e4db50@group-01758D4530F4-FollowerState
2022-07-01 06:36:10,564 [grpc-default-executor-0] INFO  impl.RoleInfo (RoleInfo.java:updateAndGet(139)) - 8d28a716-810c-49da-9c02-9573d7e4db50: start 8d28a716-810c-49da-9c02-9573d7e4db50@group-01758D4530F4-FollowerState
2022-07-01 06:36:10,564 [8d28a716-810c-49da-9c02-9573d7e4db50@group-01758D4530F4-FollowerState] INFO  impl.FollowerState (FollowerState.java:run(152)) - 8d28a716-810c-49da-9c02-9573d7e4db50@group-01758D4530F4-FollowerState was interrupted
2022-07-01 06:36:10,586 [grpc-default-executor-0] INFO  server.RaftServer$Division (RaftServerImpl.java:requestVote(1184)) - 8d28a716-810c-49da-9c02-9573d7e4db50@group-01758D4530F4 replies to ELECTION vote request: 3e16c497-167e-44a0-ad70-845f9779a145<-8d28a716-810c-49da-9c02-9573d7e4db50#0:OK-t2. Peer's state: 8d28a716-810c-49da-9c02-9573d7e4db50@group-01758D4530F4:t2, leader=null, voted=3e16c497-167e-44a0-ad70-845f9779a145, raftlog=8d28a716-810c-49da-9c02-9573d7e4db50@group-01758D4530F4-SegmentedRaftLog:OPENED:c47, conf=0: [8d28a716-810c-49da-9c02-9573d7e4db50|rpc:10.1.0.14:36459|dataStream:|priority:0, 367f39bd-4131-4de8-b715-21ece6255991|rpc:10.1.0.14:37177|dataStream:|priority:1, 3e16c497-167e-44a0-ad70-845f9779a145|rpc:10.1.0.14:46461|dataStream:|priority:0], old=null
2022-07-01 06:36:10,599 [3e16c497-167e-44a0-ad70-845f9779a145@group-01758D4530F4-LeaderElection103] INFO  impl.LeaderElection (LogUtils.java:infoOrTrace(137)) - 3e16c497-167e-44a0-ad70-845f9779a145@group-01758D4530F4-LeaderElection103 got exception when requesting votes: java.util.concurrent.ExecutionException: org.apache.ratis.thirdparty.io.grpc.StatusRuntimeException: UNAVAILABLE: io exception
2022-07-01 06:36:10,599 [3e16c497-167e-44a0-ad70-845f9779a145@group-01758D4530F4-LeaderElection103] INFO  impl.LeaderElection (LeaderElection.java:logAndReturn(90)) - 3e16c497-167e-44a0-ad70-845f9779a145@group-01758D4530F4-LeaderElection103: ELECTION PASSED received 1 response(s) and 1 exception(s):
2022-07-01 06:36:10,599 [3e16c497-167e-44a0-ad70-845f9779a145@group-01758D4530F4-LeaderElection103] INFO  impl.LeaderElection (LeaderElection.java:logAndReturn(94)) -   Response 0: 3e16c497-167e-44a0-ad70-845f9779a145<-8d28a716-810c-49da-9c02-9573d7e4db50#0:OK-t2
2022-07-01 06:36:10,599 [3e16c497-167e-44a0-ad70-845f9779a145@group-01758D4530F4-LeaderElection103] INFO  impl.LeaderElection (LogUtils.java:infoOrTrace(137)) -   Exception 1: java.util.concurrent.ExecutionException: org.apache.ratis.thirdparty.io.grpc.StatusRuntimeException: UNAVAILABLE: io exception
2022-07-01 06:36:10,599 [3e16c497-167e-44a0-ad70-845f9779a145@group-01758D4530F4-LeaderElection103] INFO  impl.LeaderElection (LeaderElection.java:askForVotes(312)) - 3e16c497-167e-44a0-ad70-845f9779a145@group-01758D4530F4-LeaderElection103 ELECTION round 0: result PASSED
2022-07-01 06:36:10,599 [3e16c497-167e-44a0-ad70-845f9779a145@group-01758D4530F4-LeaderElection103] INFO  impl.RoleInfo (RoleInfo.java:shutdownLeaderElection(130)) - 3e16c497-167e-44a0-ad70-845f9779a145: shutdown 3e16c497-167e-44a0-ad70-845f9779a145@group-01758D4530F4-LeaderElection103
2022-07-01 06:36:10,599 [3e16c497-167e-44a0-ad70-845f9779a145@group-01758D4530F4-LeaderElection103] INFO  server.RaftServer$Division (RaftServerImpl.java:setRole(299)) - 3e16c497-167e-44a0-ad70-845f9779a145@group-01758D4530F4: changes role from CANDIDATE to LEADER at term 2 for changeToLeader
2022-07-01 06:36:10,599 [3e16c497-167e-44a0-ad70-845f9779a145@group-01758D4530F4-LeaderElection103] INFO  ratis.XceiverServerRatis (XceiverServerRatis.java:handleLeaderChangedNotification(863)) - Leader change notification received for group: group-01758D4530F4 with new leaderId: 3e16c497-167e-44a0-ad70-845f9779a145
2022-07-01 06:36:10,599 [3e16c497-167e-44a0-ad70-845f9779a145@group-01758D4530F4-LeaderElection103] INFO  server.RaftServer$Division (ServerState.java:setLeader(287)) - 3e16c497-167e-44a0-ad70-845f9779a145@group-01758D4530F4: change Leader from null to 3e16c497-167e-44a0-ad70-845f9779a145 at term 2 for becomeLeader, leader elected after 315ms
2022-07-01 06:36:10,599 [3e16c497-167e-44a0-ad70-845f9779a145@group-01758D4530F4-LeaderElection103] INFO  server.RaftServerConfigKeys (ConfUtils.java:logGet(46)) - raft.server.staging.catchup.gap = 1000 (default)
2022-07-01 06:36:10,599 [3e16c497-167e-44a0-ad70-845f9779a145@group-01758D4530F4-LeaderElection103] INFO  server.RaftServerConfigKeys (ConfUtils.java:logGet(46)) - raft.server.write.element-limit = 1024 (custom)
2022-07-01 06:36:10,600 [3e16c497-167e-44a0-ad70-845f9779a145@group-01758D4530F4-LeaderElection103] INFO  server.RaftServerConfigKeys (ConfUtils.java:logGet(46)) - raft.server.write.byte-limit = 1024 M (=1073741824) (custom)
2022-07-01 06:36:10,600 [3e16c497-167e-44a0-ad70-845f9779a145@group-01758D4530F4-LeaderElection103] INFO  server.RaftServerConfigKeys (ConfUtils.java:logGet(46)) - raft.server.watch.timeout = 180s (custom)
2022-07-01 06:36:10,600 [3e16c497-167e-44a0-ad70-845f9779a145@group-01758D4530F4-LeaderElection103] INFO  server.RaftServerConfigKeys (ConfUtils.java:logGet(46)) - raft.server.watch.timeout.denomination = 1s (default)
2022-07-01 06:36:10,600 [3e16c497-167e-44a0-ad70-845f9779a145@group-01758D4530F4-LeaderElection103] INFO  server.RaftServerConfigKeys (ConfUtils.java:logGet(46)) - raft.server.watch.element-limit = 65536 (default)
2022-07-01 06:36:10,600 [3e16c497-167e-44a0-ad70-845f9779a145@group-01758D4530F4-LeaderElection103] INFO  server.RaftServerConfigKeys (ConfUtils.java:logGet(46)) - raft.server.write.element-limit = 1024 (custom)
2022-07-01 06:36:10,600 [3e16c497-167e-44a0-ad70-845f9779a145@group-01758D4530F4-LeaderElection103] INFO  server.RaftServerConfigKeys (ConfUtils.java:logGet(46)) - raft.server.write.follower.gap.ratio.max = -1.0 (default)
2022-07-01 06:36:10,601 [3e16c497-167e-44a0-ad70-845f9779a145@group-01758D4530F4-LeaderElection103] INFO  server.RaftServerConfigKeys (ConfUtils.java:logGet(46)) - raft.server.log.appender.snapshot.chunk.size.max = 16MB (=16777216) (default)
2022-07-01 06:36:10,601 [3e16c497-167e-44a0-ad70-845f9779a145@group-01758D4530F4-LeaderElection103] INFO  server.RaftServerConfigKeys (ConfUtils.java:logGet(46)) - raft.server.log.appender.buffer.byte-limit = 33554432 (custom)
2022-07-01 06:36:10,601 [3e16c497-167e-44a0-ad70-845f9779a145@group-01758D4530F4-LeaderElection103] INFO  server.RaftServerConfigKeys (ConfUtils.java:logGet(46)) - raft.server.log.appender.buffer.element-limit = 1 (custom)
2022-07-01 06:36:10,601 [3e16c497-167e-44a0-ad70-845f9779a145@group-01758D4530F4-LeaderElection103] INFO  grpc.GrpcConfigKeys (ConfUtils.java:logGet(46)) - raft.grpc.server.leader.outstanding.appends.max = 128 (default)
2022-07-01 06:36:10,601 [3e16c497-167e-44a0-ad70-845f9779a145@group-01758D4530F4-LeaderElection103] INFO  server.RaftServerConfigKeys (ConfUtils.java:logGet(46)) - raft.server.rpc.request.timeout = 60s (custom)
2022-07-01 06:36:10,602 [3e16c497-167e-44a0-ad70-845f9779a145@group-01758D4530F4-LeaderElection103] INFO  server.RaftServerConfigKeys (ConfUtils.java:logGet(46)) - raft.server.log.appender.install.snapshot.enabled = false (custom)
2022-07-01 06:36:10,603 [3e16c497-167e-44a0-ad70-845f9779a145@group-01758D4530F4-LeaderElection103] INFO  server.RaftServerConfigKeys (ConfUtils.java:logGet(46)) - raft.server.log.appender.snapshot.chunk.size.max = 16MB (=16777216) (default)
2022-07-01 06:36:10,603 [3e16c497-167e-44a0-ad70-845f9779a145@group-01758D4530F4-LeaderElection103] INFO  server.RaftServerConfigKeys (ConfUtils.java:logGet(46)) - raft.server.log.appender.buffer.byte-limit = 33554432 (custom)
2022-07-01 06:36:10,603 [3e16c497-167e-44a0-ad70-845f9779a145@group-01758D4530F4-LeaderElection103] INFO  server.RaftServerConfigKeys (ConfUtils.java:logGet(46)) - raft.server.log.appender.buffer.element-limit = 1 (custom)
2022-07-01 06:36:10,603 [3e16c497-167e-44a0-ad70-845f9779a145@group-01758D4530F4-LeaderElection103] INFO  grpc.GrpcConfigKeys (ConfUtils.java:logGet(46)) - raft.grpc.server.leader.outstanding.appends.max = 128 (default)
2022-07-01 06:36:10,603 [3e16c497-167e-44a0-ad70-845f9779a145@group-01758D4530F4-LeaderElection103] INFO  server.RaftServerConfigKeys (ConfUtils.java:logGet(46)) - raft.server.rpc.request.timeout = 60s (custom)
2022-07-01 06:36:10,603 [3e16c497-167e-44a0-ad70-845f9779a145@group-01758D4530F4-LeaderElection103] INFO  server.RaftServerConfigKeys (ConfUtils.java:logGet(46)) - raft.server.log.appender.install.snapshot.enabled = false (custom)
2022-07-01 06:36:10,604 [3e16c497-167e-44a0-ad70-845f9779a145@group-01758D4530F4-LeaderElection103] INFO  impl.RoleInfo (RoleInfo.java:updateAndGet(139)) - 3e16c497-167e-44a0-ad70-845f9779a145: start 3e16c497-167e-44a0-ad70-845f9779a145@group-01758D4530F4-LeaderStateImpl
2022-07-01 06:36:10,605 [3e16c497-167e-44a0-ad70-845f9779a145@group-01758D4530F4-LeaderElection103] INFO  segmented.SegmentedRaftLogWorker (SegmentedRaftLogWorker.java:rollLogSegment(430)) - 3e16c497-167e-44a0-ad70-845f9779a145@group-01758D4530F4-SegmentedRaftLogWorker: Rolling segment log-0_47 to index:47
2022-07-01 06:36:10,607 [3e16c497-167e-44a0-ad70-845f9779a145@group-01758D4530F4-SegmentedRaftLogWorker] INFO  segmented.SegmentedRaftLogWorker (SegmentedRaftLogWorker.java:execute(586)) - 3e16c497-167e-44a0-ad70-845f9779a145@group-01758D4530F4-SegmentedRaftLogWorker: Rolled log segment from /home/runner/work/ozone/ozone/hadoop-ozone/integration-test/target/test-dir/MiniOzoneClusterImpl-7502d6fe-9434-4bad-a2d4-af421e375e39/datanode-5/data/ratis/1271a3bc-28fd-4da0-a971-01758d4530f4/current/log_inprogress_0 to /home/runner/work/ozone/ozone/hadoop-ozone/integration-test/target/test-dir/MiniOzoneClusterImpl-7502d6fe-9434-4bad-a2d4-af421e375e39/datanode-5/data/ratis/1271a3bc-28fd-4da0-a971-01758d4530f4/current/log_0-47
2022-07-01 06:36:10,613 [3e16c497-167e-44a0-ad70-845f9779a145@group-01758D4530F4-SegmentedRaftLogWorker] INFO  segmented.SegmentedRaftLogWorker (SegmentedRaftLogWorker.java:execute(629)) - 3e16c497-167e-44a0-ad70-845f9779a145@group-01758D4530F4-SegmentedRaftLogWorker: created new log segment /home/runner/work/ozone/ozone/hadoop-ozone/integration-test/target/test-dir/MiniOzoneClusterImpl-7502d6fe-9434-4bad-a2d4-af421e375e39/datanode-5/data/ratis/1271a3bc-28fd-4da0-a971-01758d4530f4/current/log_inprogress_48
2022-07-01 06:36:10,736 [ReplicationMonitor] INFO  replication.ReplicationManager (ReplicationManager.java:processAll(227)) - Replication Manager is not ready to run until 3000ms after safemode exit
2022-07-01 06:36:10,743 [EventQueue-DeadNodeForDeadNodeHandler] INFO  node.DeadNodeHandler (DeadNodeHandler.java:onMessage(80)) - A dead datanode is detected. fae739a9-74c8-47b9-bb65-431539dcf0b5{ip: 10.1.0.14, host: fv-az121-578.oisc35kgwdsevnec4nnef0ad5h.cx.internal.cloudapp.net, ports: [REPLICATION=33363, RATIS=36657, RATIS_ADMIN=36657, RATIS_SERVER=36657, STANDALONE=44653], networkLocation: /default-rack, certSerialId: null, persistedOpState: IN_SERVICE, persistedOpStateExpiryEpochSec: 0}
2022-07-01 06:36:10,743 [EventQueue-DeadNodeForDeadNodeHandler] INFO  pipeline.RatisPipelineProvider (RatisPipelineProvider.java:lambda$close$1(244)) - Send pipeline:PipelineID=e226c85f-4b7a-44b5-ba5f-3040412de051 close command to datanode fae739a9-74c8-47b9-bb65-431539dcf0b5
2022-07-01 06:36:10,743 [EventQueue-DeadNodeForDeadNodeHandler] INFO  pipeline.RatisPipelineProvider (RatisPipelineProvider.java:lambda$close$1(244)) - Send pipeline:PipelineID=e226c85f-4b7a-44b5-ba5f-3040412de051 close command to datanode 9ece8bf6-7d6b-4143-af63-958068d3c465
2022-07-01 06:36:10,743 [EventQueue-DeadNodeForDeadNodeHandler] INFO  pipeline.RatisPipelineProvider (RatisPipelineProvider.java:lambda$close$1(244)) - Send pipeline:PipelineID=e226c85f-4b7a-44b5-ba5f-3040412de051 close command to datanode 810a7c2f-f328-499d-804a-5e30d42c1343
2022-07-01 06:36:10,743 [EventQueue-DeadNodeForDeadNodeHandler] INFO  pipeline.PipelineStateManagerImpl (PipelineStateManagerImpl.java:removePipeline(243)) - Pipeline Pipeline[ Id: e226c85f-4b7a-44b5-ba5f-3040412de051, Nodes: fae739a9-74c8-47b9-bb65-431539dcf0b5{ip: 10.1.0.14, host: fv-az121-578.oisc35kgwdsevnec4nnef0ad5h.cx.internal.cloudapp.net, ports: [REPLICATION=33363, RATIS=36657, RATIS_ADMIN=36657, RATIS_SERVER=36657, STANDALONE=44653], networkLocation: /default-rack, certSerialId: null, persistedOpState: IN_MAINTENANCE, persistedOpStateExpiryEpochSec: 0}9ece8bf6-7d6b-4143-af63-958068d3c465{ip: 10.1.0.14, host: fv-az121-578.oisc35kgwdsevnec4nnef0ad5h.cx.internal.cloudapp.net, ports: [REPLICATION=38811, RATIS=37739, RATIS_ADMIN=37739, RATIS_SERVER=37739, STANDALONE=36031], networkLocation: /default-rack, certSerialId: null, persistedOpState: IN_SERVICE, persistedOpStateExpiryEpochSec: 0}810a7c2f-f328-499d-804a-5e30d42c1343{ip: 10.1.0.14, host: fv-az121-578.oisc35kgwdsevnec4nnef0ad5h.cx.internal.cloudapp.net, ports: [REPLICATION=44445, RATIS=34885, RATIS_ADMIN=34885, RATIS_SERVER=34885, STANDALONE=41881], networkLocation: /default-rack, certSerialId: null, persistedOpState: IN_SERVICE, persistedOpStateExpiryEpochSec: 0}, ReplicationConfig: RATIS/THREE, State:CLOSED, leaderId:, CreationTimestamp2022-07-01T06:36:03.837Z[Etc/UTC]] removed.
2022-07-01 06:36:10,743 [EventQueue-DeadNodeForDeadNodeHandler] INFO  pipeline.RatisPipelineProvider (RatisPipelineProvider.java:lambda$close$1(244)) - Send pipeline:PipelineID=b84ba3a5-59bf-4240-af60-709143bf5197 close command to datanode fae739a9-74c8-47b9-bb65-431539dcf0b5
2022-07-01 06:36:10,744 [EventQueue-DeadNodeForDeadNodeHandler] INFO  pipeline.PipelineStateManagerImpl (PipelineStateManagerImpl.java:removePipeline(243)) - Pipeline Pipeline[ Id: b84ba3a5-59bf-4240-af60-709143bf5197, Nodes: fae739a9-74c8-47b9-bb65-431539dcf0b5{ip: 10.1.0.14, host: fv-az121-578.oisc35kgwdsevnec4nnef0ad5h.cx.internal.cloudapp.net, ports: [REPLICATION=33363, RATIS=36657, RATIS_ADMIN=36657, RATIS_SERVER=36657, STANDALONE=44653], networkLocation: /default-rack, certSerialId: null, persistedOpState: IN_MAINTENANCE, persistedOpStateExpiryEpochSec: 0}, ReplicationConfig: RATIS/ONE, State:CLOSED, leaderId:, CreationTimestamp2022-07-01T06:36:03.836Z[Etc/UTC]] removed.
2022-07-01 06:36:10,744 [EventQueue-DeadNodeForDeadNodeHandler] INFO  net.NetworkTopologyImpl (NetworkTopologyImpl.java:remove(190)) - Removed a node: /default-rack/fae739a9-74c8-47b9-bb65-431539dcf0b5
2022-07-01 06:36:10,747 [ReplicationMonitor] INFO  replication.LegacyReplicationManager (LegacyReplicationManager.java:sendCloseCommand(1507)) - Sending close container command for container #3 to datanode 367f39bd-4131-4de8-b715-21ece6255991{ip: 10.1.0.14, host: fv-az121-578.oisc35kgwdsevnec4nnef0ad5h.cx.internal.cloudapp.net, ports: [REPLICATION=39193, RATIS=37177, RATIS_ADMIN=37177, RATIS_SERVER=37177, STANDALONE=42421], networkLocation: /default-rack, certSerialId: null, persistedOpState: IN_SERVICE, persistedOpStateExpiryEpochSec: 0}.
2022-07-01 06:36:10,747 [ReplicationMonitor] INFO  replication.LegacyReplicationManager (LegacyReplicationManager.java:sendCloseCommand(1507)) - Sending close container command for container #3 to datanode 8d28a716-810c-49da-9c02-9573d7e4db50{ip: 10.1.0.14, host: fv-az121-578.oisc35kgwdsevnec4nnef0ad5h.cx.internal.cloudapp.net, ports: [REPLICATION=46447, RATIS=36459, RATIS_ADMIN=36459, RATIS_SERVER=36459, STANDALONE=44577], networkLocation: /default-rack, certSerialId: null, persistedOpState: IN_SERVICE, persistedOpStateExpiryEpochSec: 0}.
2022-07-01 06:36:10,747 [ReplicationMonitor] INFO  replication.LegacyReplicationManager (LegacyReplicationManager.java:sendCloseCommand(1507)) - Sending close container command for container #3 to datanode 3e16c497-167e-44a0-ad70-845f9779a145{ip: 10.1.0.14, host: fv-az121-578.oisc35kgwdsevnec4nnef0ad5h.cx.internal.cloudapp.net, ports: [REPLICATION=35749, RATIS=46461, RATIS_ADMIN=46461, RATIS_SERVER=46461, STANDALONE=42091], networkLocation: /default-rack, certSerialId: null, persistedOpState: IN_SERVICE, persistedOpStateExpiryEpochSec: 0}.
2022-07-01 06:36:10,747 [ReplicationMonitor] INFO  replication.LegacyReplicationManager (LegacyReplicationManager.java:sendCloseCommand(1507)) - Sending close container command for container #4 to datanode 3e16c497-167e-44a0-ad70-845f9779a145{ip: 10.1.0.14, host: fv-az121-578.oisc35kgwdsevnec4nnef0ad5h.cx.internal.cloudapp.net, ports: [REPLICATION=35749, RATIS=46461, RATIS_ADMIN=46461, RATIS_SERVER=46461, STANDALONE=42091], networkLocation: /default-rack, certSerialId: null, persistedOpState: IN_SERVICE, persistedOpStateExpiryEpochSec: 0}.
2022-07-01 06:36:10,747 [ReplicationMonitor] INFO  replication.LegacyReplicationManager (LegacyReplicationManager.java:sendCloseCommand(1507)) - Sending close container command for container #4 to datanode 367f39bd-4131-4de8-b715-21ece6255991{ip: 10.1.0.14, host: fv-az121-578.oisc35kgwdsevnec4nnef0ad5h.cx.internal.cloudapp.net, ports: [REPLICATION=39193, RATIS=37177, RATIS_ADMIN=37177, RATIS_SERVER=37177, STANDALONE=42421], networkLocation: /default-rack, certSerialId: null, persistedOpState: IN_SERVICE, persistedOpStateExpiryEpochSec: 0}.
2022-07-01 06:36:10,747 [ReplicationMonitor] INFO  replication.LegacyReplicationManager (LegacyReplicationManager.java:sendCloseCommand(1507)) - Sending close container command for container #4 to datanode 8d28a716-810c-49da-9c02-9573d7e4db50{ip: 10.1.0.14, host: fv-az121-578.oisc35kgwdsevnec4nnef0ad5h.cx.internal.cloudapp.net, ports: [REPLICATION=46447, RATIS=36459, RATIS_ADMIN=36459, RATIS_SERVER=36459, STANDALONE=44577], networkLocation: /default-rack, certSerialId: null, persistedOpState: IN_SERVICE, persistedOpStateExpiryEpochSec: 0}.
2022-07-01 06:36:10,747 [ReplicationMonitor] INFO  replication.LegacyReplicationManager (LegacyReplicationManager.java:sendCloseCommand(1507)) - Sending close container command for container #6 to datanode 3e16c497-167e-44a0-ad70-845f9779a145{ip: 10.1.0.14, host: fv-az121-578.oisc35kgwdsevnec4nnef0ad5h.cx.internal.cloudapp.net, ports: [REPLICATION=35749, RATIS=46461, RATIS_ADMIN=46461, RATIS_SERVER=46461, STANDALONE=42091], networkLocation: /default-rack, certSerialId: null, persistedOpState: IN_SERVICE, persistedOpStateExpiryEpochSec: 0}.
2022-07-01 06:36:10,747 [ReplicationMonitor] INFO  replication.LegacyReplicationManager (LegacyReplicationManager.java:sendCloseCommand(1507)) - Sending close container command for container #6 to datanode 367f39bd-4131-4de8-b715-21ece6255991{ip: 10.1.0.14, host: fv-az121-578.oisc35kgwdsevnec4nnef0ad5h.cx.internal.cloudapp.net, ports: [REPLICATION=39193, RATIS=37177, RATIS_ADMIN=37177, RATIS_SERVER=37177, STANDALONE=42421], networkLocation: /default-rack, certSerialId: null, persistedOpState: IN_SERVICE, persistedOpStateExpiryEpochSec: 0}.
2022-07-01 06:36:10,747 [ReplicationMonitor] INFO  replication.LegacyReplicationManager (LegacyReplicationManager.java:sendCloseCommand(1507)) - Sending close container command for container #6 to datanode 8d28a716-810c-49da-9c02-9573d7e4db50{ip: 10.1.0.14, host: fv-az121-578.oisc35kgwdsevnec4nnef0ad5h.cx.internal.cloudapp.net, ports: [REPLICATION=46447, RATIS=36459, RATIS_ADMIN=36459, RATIS_SERVER=36459, STANDALONE=44577], networkLocation: /default-rack, certSerialId: null, persistedOpState: IN_SERVICE, persistedOpStateExpiryEpochSec: 0}.
2022-07-01 06:36:10,747 [ReplicationMonitor] INFO  replication.ReplicationManager (ReplicationManager.java:processAll(260)) - Replication Monitor Thread took 1 milliseconds for processing 6 containers.
2022-07-01 06:36:10,785 [8d28a716-810c-49da-9c02-9573d7e4db50-server-thread1] INFO  ratis.XceiverServerRatis (XceiverServerRatis.java:handleLeaderChangedNotification(863)) - Leader change notification received for group: group-01758D4530F4 with new leaderId: 3e16c497-167e-44a0-ad70-845f9779a145
2022-07-01 06:36:10,786 [8d28a716-810c-49da-9c02-9573d7e4db50-server-thread1] INFO  server.RaftServer$Division (ServerState.java:setLeader(287)) - 8d28a716-810c-49da-9c02-9573d7e4db50@group-01758D4530F4: change Leader from null to 3e16c497-167e-44a0-ad70-845f9779a145 at term 2 for appendEntries, leader elected after 221ms
2022-07-01 06:36:10,800 [3e16c497-167e-44a0-ad70-845f9779a145@group-01758D4530F4-LeaderElection103] INFO  server.RaftServer$Division (ServerState.java:setRaftConf(393)) - 3e16c497-167e-44a0-ad70-845f9779a145@group-01758D4530F4: set configuration 48: [8d28a716-810c-49da-9c02-9573d7e4db50|rpc:10.1.0.14:36459|dataStream:|priority:0, 367f39bd-4131-4de8-b715-21ece6255991|rpc:10.1.0.14:37177|dataStream:|priority:1, 3e16c497-167e-44a0-ad70-845f9779a145|rpc:10.1.0.14:46461|dataStream:|priority:0], old=null
2022-07-01 06:36:10,801 [grpc-default-executor-0] WARN  server.GrpcLogAppender (LogUtils.java:warn(122)) - 3e16c497-167e-44a0-ad70-845f9779a145@group-01758D4530F4->367f39bd-4131-4de8-b715-21ece6255991-AppendLogResponseHandler: Failed appendEntries: org.apache.ratis.thirdparty.io.grpc.StatusRuntimeException: UNAVAILABLE: io exception
2022-07-01 06:36:10,802 [EventQueue-PipelineReportForPipelineReportHandler] INFO  pipeline.PipelineReportHandler (PipelineReportHandler.java:processPipelineReport(113)) - Reported pipeline PipelineID=e226c85f-4b7a-44b5-ba5f-3040412de051 is not found
2022-07-01 06:36:10,802 [grpc-default-executor-0] WARN  server.GrpcLogAppender (GrpcLogAppender.java:resetClient(111)) - 3e16c497-167e-44a0-ad70-845f9779a145@group-01758D4530F4->367f39bd-4131-4de8-b715-21ece6255991-GrpcLogAppender: Leader has not got in touch with Follower 3e16c497-167e-44a0-ad70-845f9779a145@group-01758D4530F4->367f39bd-4131-4de8-b715-21ece6255991(c-1,m0,n48, attendVote=true, lastRpcSendTime=5401, lastRpcResponseTime=5401) yet, just keep nextIndex unchanged and retry.
2022-07-01 06:36:10,804 [grpc-default-executor-0] WARN  server.GrpcLogAppender (LogUtils.java:warn(122)) - 3e16c497-167e-44a0-ad70-845f9779a145@group-01758D4530F4->367f39bd-4131-4de8-b715-21ece6255991-AppendLogResponseHandler: Failed appendEntries: org.apache.ratis.thirdparty.io.grpc.StatusRuntimeException: UNAVAILABLE: io exception
2022-07-01 06:36:10,805 [grpc-default-executor-0] WARN  server.GrpcLogAppender (GrpcLogAppender.java:resetClient(111)) - 3e16c497-167e-44a0-ad70-845f9779a145@group-01758D4530F4->367f39bd-4131-4de8-b715-21ece6255991-GrpcLogAppender: Leader has not got in touch with Follower 3e16c497-167e-44a0-ad70-845f9779a145@group-01758D4530F4->367f39bd-4131-4de8-b715-21ece6255991(c-1,m0,n49, attendVote=true, lastRpcSendTime=2, lastRpcResponseTime=5404) yet, just keep nextIndex unchanged and retry.
2022-07-01 06:36:10,844 [8d28a716-810c-49da-9c02-9573d7e4db50-server-thread1] INFO  server.RaftServer$Division (ServerState.java:setRaftConf(393)) - 8d28a716-810c-49da-9c02-9573d7e4db50@group-01758D4530F4: set configuration 48: [8d28a716-810c-49da-9c02-9573d7e4db50|rpc:10.1.0.14:36459|dataStream:|priority:0, 367f39bd-4131-4de8-b715-21ece6255991|rpc:10.1.0.14:37177|dataStream:|priority:1, 3e16c497-167e-44a0-ad70-845f9779a145|rpc:10.1.0.14:46461|dataStream:|priority:0], old=null
2022-07-01 06:36:10,844 [8d28a716-810c-49da-9c02-9573d7e4db50-server-thread1] INFO  segmented.SegmentedRaftLogWorker (SegmentedRaftLogWorker.java:rollLogSegment(430)) - 8d28a716-810c-49da-9c02-9573d7e4db50@group-01758D4530F4-SegmentedRaftLogWorker: Rolling segment log-0_47 to index:47
2022-07-01 06:36:10,845 [8d28a716-810c-49da-9c02-9573d7e4db50@group-01758D4530F4-SegmentedRaftLogWorker] INFO  segmented.SegmentedRaftLogWorker (SegmentedRaftLogWorker.java:execute(586)) - 8d28a716-810c-49da-9c02-9573d7e4db50@group-01758D4530F4-SegmentedRaftLogWorker: Rolled log segment from /home/runner/work/ozone/ozone/hadoop-ozone/integration-test/target/test-dir/MiniOzoneClusterImpl-7502d6fe-9434-4bad-a2d4-af421e375e39/datanode-4/data/ratis/1271a3bc-28fd-4da0-a971-01758d4530f4/current/log_inprogress_0 to /home/runner/work/ozone/ozone/hadoop-ozone/integration-test/target/test-dir/MiniOzoneClusterImpl-7502d6fe-9434-4bad-a2d4-af421e375e39/datanode-4/data/ratis/1271a3bc-28fd-4da0-a971-01758d4530f4/current/log_0-47
2022-07-01 06:36:10,848 [8d28a716-810c-49da-9c02-9573d7e4db50@group-01758D4530F4-SegmentedRaftLogWorker] INFO  segmented.SegmentedRaftLogWorker (SegmentedRaftLogWorker.java:execute(629)) - 8d28a716-810c-49da-9c02-9573d7e4db50@group-01758D4530F4-SegmentedRaftLogWorker: created new log segment /home/runner/work/ozone/ozone/hadoop-ozone/integration-test/target/test-dir/MiniOzoneClusterImpl-7502d6fe-9434-4bad-a2d4-af421e375e39/datanode-4/data/ratis/1271a3bc-28fd-4da0-a971-01758d4530f4/current/log_inprogress_48
2022-07-01 06:36:10,933 [grpc-default-executor-3] WARN  server.GrpcLogAppender (LogUtils.java:warn(122)) - 3e16c497-167e-44a0-ad70-845f9779a145@group-01758D4530F4->367f39bd-4131-4de8-b715-21ece6255991-AppendLogResponseHandler: Failed appendEntries: org.apache.ratis.thirdparty.io.grpc.StatusRuntimeException: UNAVAILABLE: io exception
2022-07-01 06:36:10,933 [grpc-default-executor-3] WARN  server.GrpcLogAppender (GrpcLogAppender.java:resetClient(111)) - 3e16c497-167e-44a0-ad70-845f9779a145@group-01758D4530F4->367f39bd-4131-4de8-b715-21ece6255991-GrpcLogAppender: Leader has not got in touch with Follower 3e16c497-167e-44a0-ad70-845f9779a145@group-01758D4530F4->367f39bd-4131-4de8-b715-21ece6255991(c-1,m0,n50, attendVote=true, lastRpcSendTime=0, lastRpcResponseTime=5533) yet, just keep nextIndex unchanged and retry.
2022-07-01 06:36:10,946 [Listener at 0.0.0.0/33901] INFO  reflections.Reflections (Reflections.java:scan(232)) - Reflections took 2819 ms to scan 19 urls, producing 66 keys and 4089 values [using 2 cores]
2022-07-01 06:36:10,947 [Listener at 0.0.0.0/33901] INFO  ipc.CallQueueManager (CallQueueManager.java:<init>(90)) - Using callQueue: class java.util.concurrent.LinkedBlockingQueue, queueCapacity: 2000, scheduler: class org.apache.hadoop.ipc.DefaultRpcScheduler, ipcBackoff: false.
2022-07-01 06:36:10,960 [Socket Reader #1 for port 0] INFO  ipc.Server (Server.java:run(1265)) - Starting Socket Reader #1 for port 0
2022-07-01 06:36:11,039 [9ece8bf6-7d6b-4143-af63-958068d3c465@group-3040412DE051-FollowerState] INFO  impl.FollowerState (FollowerState.java:run(143)) - 9ece8bf6-7d6b-4143-af63-958068d3c465@group-3040412DE051-FollowerState: change to CANDIDATE, lastRpcElapsedTime:5162253432ns, electionTimeout:5158ms
2022-07-01 06:36:11,039 [9ece8bf6-7d6b-4143-af63-958068d3c465@group-3040412DE051-FollowerState] INFO  impl.RoleInfo (RoleInfo.java:shutdownFollowerState(110)) - 9ece8bf6-7d6b-4143-af63-958068d3c465: shutdown 9ece8bf6-7d6b-4143-af63-958068d3c465@group-3040412DE051-FollowerState
2022-07-01 06:36:11,039 [9ece8bf6-7d6b-4143-af63-958068d3c465@group-3040412DE051-FollowerState] INFO  server.RaftServer$Division (RaftServerImpl.java:setRole(299)) - 9ece8bf6-7d6b-4143-af63-958068d3c465@group-3040412DE051: changes role from  FOLLOWER to CANDIDATE at term 0 for changeToCandidate
2022-07-01 06:36:11,040 [9ece8bf6-7d6b-4143-af63-958068d3c465@group-3040412DE051-FollowerState] INFO  server.RaftServerConfigKeys (ConfUtils.java:logGet(46)) - raft.server.leaderelection.pre-vote = false (custom)
2022-07-01 06:36:11,040 [9ece8bf6-7d6b-4143-af63-958068d3c465@group-3040412DE051-FollowerState] INFO  impl.RoleInfo (RoleInfo.java:updateAndGet(139)) - 9ece8bf6-7d6b-4143-af63-958068d3c465: start 9ece8bf6-7d6b-4143-af63-958068d3c465@group-3040412DE051-LeaderElection104
2022-07-01 06:36:11,117 [810a7c2f-f328-499d-804a-5e30d42c1343@group-3040412DE051-FollowerState] INFO  impl.FollowerState (FollowerState.java:run(143)) - 810a7c2f-f328-499d-804a-5e30d42c1343@group-3040412DE051-FollowerState: change to CANDIDATE, lastRpcElapsedTime:5270247141ns, electionTimeout:5151ms
2022-07-01 06:36:11,117 [810a7c2f-f328-499d-804a-5e30d42c1343@group-3040412DE051-FollowerState] INFO  impl.RoleInfo (RoleInfo.java:shutdownFollowerState(110)) - 810a7c2f-f328-499d-804a-5e30d42c1343: shutdown 810a7c2f-f328-499d-804a-5e30d42c1343@group-3040412DE051-FollowerState
2022-07-01 06:36:11,117 [810a7c2f-f328-499d-804a-5e30d42c1343@group-3040412DE051-FollowerState] INFO  server.RaftServer$Division (RaftServerImpl.java:setRole(299)) - 810a7c2f-f328-499d-804a-5e30d42c1343@group-3040412DE051: changes role from  FOLLOWER to CANDIDATE at term 0 for changeToCandidate
2022-07-01 06:36:11,145 [9ece8bf6-7d6b-4143-af63-958068d3c465@group-3040412DE051-LeaderElection104] INFO  impl.LeaderElection (LeaderElection.java:askForVotes(310)) - 9ece8bf6-7d6b-4143-af63-958068d3c465@group-3040412DE051-LeaderElection104 ELECTION round 0: submit vote requests at term 1 for -1: [810a7c2f-f328-499d-804a-5e30d42c1343|rpc:10.1.0.14:34885|priority:0, 9ece8bf6-7d6b-4143-af63-958068d3c465|rpc:10.1.0.14:37739|priority:1, fae739a9-74c8-47b9-bb65-431539dcf0b5|rpc:10.1.0.14:36657|priority:0], old=null
2022-07-01 06:36:11,149 [Listener at 127.0.0.1/40159] INFO  impl.MetricsSystemImpl (MetricsSystemImpl.java:init(158)) - OzoneManager metrics system started (again)
2022-07-01 06:36:11,192 [810a7c2f-f328-499d-804a-5e30d42c1343@group-3040412DE051-FollowerState] INFO  server.RaftServerConfigKeys (ConfUtils.java:logGet(46)) - raft.server.leaderelection.pre-vote = false (custom)
2022-07-01 06:36:11,192 [810a7c2f-f328-499d-804a-5e30d42c1343@group-3040412DE051-FollowerState] INFO  impl.RoleInfo (RoleInfo.java:updateAndGet(139)) - 810a7c2f-f328-499d-804a-5e30d42c1343: start 810a7c2f-f328-499d-804a-5e30d42c1343@group-3040412DE051-LeaderElection105
2022-07-01 06:36:11,194 [Listener at 127.0.0.1/40159] INFO  om.OzoneManager (OzoneManager.java:start(1465)) - OzoneManager RPC server is listening at localhost/127.0.0.1:40159
2022-07-01 06:36:11,194 [Listener at 127.0.0.1/40159] INFO  ratis.OzoneManagerRatisServer (OzoneManagerRatisServer.java:start(554)) - Starting OzoneManagerRatisServer om1 at port 45483
2022-07-01 06:36:11,245 [grpc-default-executor-1] WARN  server.GrpcLogAppender (LogUtils.java:warn(122)) - 3e16c497-167e-44a0-ad70-845f9779a145@group-01758D4530F4->367f39bd-4131-4de8-b715-21ece6255991-AppendLogResponseHandler: Failed appendEntries: org.apache.ratis.thirdparty.io.grpc.StatusRuntimeException: UNAVAILABLE: io exception
2022-07-01 06:36:11,246 [grpc-default-executor-1] WARN  server.GrpcLogAppender (GrpcLogAppender.java:resetClient(111)) - 3e16c497-167e-44a0-ad70-845f9779a145@group-01758D4530F4->367f39bd-4131-4de8-b715-21ece6255991-GrpcLogAppender: Leader has not got in touch with Follower 3e16c497-167e-44a0-ad70-845f9779a145@group-01758D4530F4->367f39bd-4131-4de8-b715-21ece6255991(c-1,m0,n51, attendVote=true, lastRpcSendTime=313, lastRpcResponseTime=5845) yet, just keep nextIndex unchanged and retry.
2022-07-01 06:36:11,254 [grpc-default-executor-1] INFO  server.RaftServer$Division (RaftServerImpl.java:requestVote(1152)) - 810a7c2f-f328-499d-804a-5e30d42c1343@group-3040412DE051: receive requestVote(ELECTION, 9ece8bf6-7d6b-4143-af63-958068d3c465, group-3040412DE051, 1, (t:0, i:0))
2022-07-01 06:36:11,276 [ReplicationMonitor] INFO  replication.ReplicationManager (ReplicationManager.java:processAll(260)) - Replication Monitor Thread took 0 milliseconds for processing 0 containers.
2022-07-01 06:36:11,278 [ReplicationMonitor] INFO  replication.ReplicationManager (ReplicationManager.java:processAll(260)) - Replication Monitor Thread took 0 milliseconds for processing 6 containers.
2022-07-01 06:36:11,288 [om1-impl-thread1] INFO  server.RaftServer$Division (RaftServerImpl.java:start(310)) - om1@group-C5BA1605619E: start as a follower, conf=-1: [om1|rpc:localhost:45483|priority:0], old=null
2022-07-01 06:36:11,288 [om1-impl-thread1] INFO  server.RaftServer$Division (RaftServerImpl.java:setRole(299)) - om1@group-C5BA1605619E: changes role from      null to FOLLOWER at term 0 for startAsFollower
2022-07-01 06:36:11,289 [om1-impl-thread1] INFO  impl.RoleInfo (RoleInfo.java:updateAndGet(139)) - om1: start om1@group-C5BA1605619E-FollowerState
2022-07-01 06:36:11,289 [grpc-default-executor-1] INFO  impl.VoteContext (VoteContext.java:log(48)) - 810a7c2f-f328-499d-804a-5e30d42c1343@group-3040412DE051-CANDIDATE: accept ELECTION from 9ece8bf6-7d6b-4143-af63-958068d3c465: our priority 0 <= candidate's priority 1
2022-07-01 06:36:11,289 [grpc-default-executor-1] INFO  server.RaftServer$Division (RaftServerImpl.java:setRole(299)) - 810a7c2f-f328-499d-804a-5e30d42c1343@group-3040412DE051: changes role from CANDIDATE to FOLLOWER at term 1 for candidate:9ece8bf6-7d6b-4143-af63-958068d3c465
2022-07-01 06:36:11,289 [grpc-default-executor-1] INFO  impl.RoleInfo (RoleInfo.java:shutdownLeaderElection(130)) - 810a7c2f-f328-499d-804a-5e30d42c1343: shutdown 810a7c2f-f328-499d-804a-5e30d42c1343@group-3040412DE051-LeaderElection105
2022-07-01 06:36:11,289 [810a7c2f-f328-499d-804a-5e30d42c1343@group-3040412DE051-LeaderElection105] INFO  impl.LeaderElection (LeaderElection.java:run(231)) - 810a7c2f-f328-499d-804a-5e30d42c1343@group-3040412DE051-LeaderElection105: skip running since this is already CLOSING
2022-07-01 06:36:11,290 [om1-impl-thread1] INFO  util.JmxRegister (JmxRegister.java:tryRegister(44)) - Successfully registered JMX Bean with object name Ratis:service=RaftServer,group=group-C5BA1605619E,id=om1
2022-07-01 06:36:11,292 [Listener at 127.0.0.1/40159] INFO  server.RaftServer (RaftServerProxy.java:lambda$start$6(382)) - om1: start RPC server
2022-07-01 06:36:11,299 [9ece8bf6-7d6b-4143-af63-958068d3c465@group-3040412DE051-LeaderElection104] INFO  impl.LeaderElection (LogUtils.java:infoOrTrace(137)) - 9ece8bf6-7d6b-4143-af63-958068d3c465@group-3040412DE051-LeaderElection104 got exception when requesting votes: java.util.concurrent.ExecutionException: org.apache.ratis.thirdparty.io.grpc.StatusRuntimeException: UNAVAILABLE: io exception
2022-07-01 06:36:11,311 [grpc-default-executor-3] WARN  server.GrpcLogAppender (LogUtils.java:warn(122)) - 3e16c497-167e-44a0-ad70-845f9779a145@group-01758D4530F4->367f39bd-4131-4de8-b715-21ece6255991-AppendLogResponseHandler: Failed appendEntries: org.apache.ratis.thirdparty.io.grpc.StatusRuntimeException: UNAVAILABLE: io exception
2022-07-01 06:36:11,312 [grpc-default-executor-3] WARN  server.GrpcLogAppender (GrpcLogAppender.java:resetClient(111)) - 3e16c497-167e-44a0-ad70-845f9779a145@group-01758D4530F4->367f39bd-4131-4de8-b715-21ece6255991-GrpcLogAppender: Leader has not got in touch with Follower 3e16c497-167e-44a0-ad70-845f9779a145@group-01758D4530F4->367f39bd-4131-4de8-b715-21ece6255991(c-1,m0,n52, attendVote=true, lastRpcSendTime=1, lastRpcResponseTime=5911) yet, just keep nextIndex unchanged and retry.
2022-07-01 06:36:11,339 [Listener at 127.0.0.1/40159] INFO  server.GrpcService (GrpcService.java:startImpl(260)) - om1: GrpcService started, listening on 45483
2022-07-01 06:36:11,345 [EventQueue-DeadNodeForDeadNodeHandler] INFO  node.DeadNodeHandler (DeadNodeHandler.java:onMessage(80)) - A dead datanode is detected. 367f39bd-4131-4de8-b715-21ece6255991{ip: 10.1.0.14, host: fv-az121-578.oisc35kgwdsevnec4nnef0ad5h.cx.internal.cloudapp.net, ports: [REPLICATION=39193, RATIS=37177, RATIS_ADMIN=37177, RATIS_SERVER=37177, STANDALONE=42421], networkLocation: /default-rack, certSerialId: null, persistedOpState: IN_SERVICE, persistedOpStateExpiryEpochSec: 0}
2022-07-01 06:36:11,345 [EventQueue-DeadNodeForDeadNodeHandler] INFO  pipeline.RatisPipelineProvider (RatisPipelineProvider.java:lambda$close$1(244)) - Send pipeline:PipelineID=1271a3bc-28fd-4da0-a971-01758d4530f4 close command to datanode 3e16c497-167e-44a0-ad70-845f9779a145
2022-07-01 06:36:11,345 [EventQueue-DeadNodeForDeadNodeHandler] INFO  pipeline.RatisPipelineProvider (RatisPipelineProvider.java:lambda$close$1(244)) - Send pipeline:PipelineID=1271a3bc-28fd-4da0-a971-01758d4530f4 close command to datanode 8d28a716-810c-49da-9c02-9573d7e4db50
2022-07-01 06:36:11,345 [EventQueue-DeadNodeForDeadNodeHandler] INFO  pipeline.RatisPipelineProvider (RatisPipelineProvider.java:lambda$close$1(244)) - Send pipeline:PipelineID=1271a3bc-28fd-4da0-a971-01758d4530f4 close command to datanode 367f39bd-4131-4de8-b715-21ece6255991
2022-07-01 06:36:11,345 [EventQueue-DeadNodeForDeadNodeHandler] INFO  pipeline.PipelineStateManagerImpl (PipelineStateManagerImpl.java:removePipeline(243)) - Pipeline Pipeline[ Id: 1271a3bc-28fd-4da0-a971-01758d4530f4, Nodes: 3e16c497-167e-44a0-ad70-845f9779a145{ip: 10.1.0.14, host: fv-az121-578.oisc35kgwdsevnec4nnef0ad5h.cx.internal.cloudapp.net, ports: [REPLICATION=35749, RATIS=46461, RATIS_ADMIN=46461, RATIS_SERVER=46461, STANDALONE=42091], networkLocation: /default-rack, certSerialId: null, persistedOpState: IN_SERVICE, persistedOpStateExpiryEpochSec: 0}8d28a716-810c-49da-9c02-9573d7e4db50{ip: 10.1.0.14, host: fv-az121-578.oisc35kgwdsevnec4nnef0ad5h.cx.internal.cloudapp.net, ports: [REPLICATION=46447, RATIS=36459, RATIS_ADMIN=36459, RATIS_SERVER=36459, STANDALONE=44577], networkLocation: /default-rack, certSerialId: null, persistedOpState: IN_SERVICE, persistedOpStateExpiryEpochSec: 0}367f39bd-4131-4de8-b715-21ece6255991{ip: 10.1.0.14, host: fv-az121-578.oisc35kgwdsevnec4nnef0ad5h.cx.internal.cloudapp.net, ports: [REPLICATION=39193, RATIS=37177, RATIS_ADMIN=37177, RATIS_SERVER=37177, STANDALONE=42421], networkLocation: /default-rack, certSerialId: null, persistedOpState: IN_SERVICE, persistedOpStateExpiryEpochSec: 0}, ReplicationConfig: RATIS/THREE, State:CLOSED, leaderId:3e16c497-167e-44a0-ad70-845f9779a145, CreationTimestamp2022-07-01T06:34:11.573Z[Etc/UTC]] removed.
2022-07-01 06:36:11,345 [EventQueue-DeadNodeForDeadNodeHandler] INFO  pipeline.RatisPipelineProvider (RatisPipelineProvider.java:lambda$close$1(244)) - Send pipeline:PipelineID=cc140ff6-9bca-4f3b-a7dd-11b0414da24e close command to datanode 367f39bd-4131-4de8-b715-21ece6255991
2022-07-01 06:36:11,346 [EventQueue-DeadNodeForDeadNodeHandler] INFO  pipeline.PipelineStateManagerImpl (PipelineStateManagerImpl.java:removePipeline(243)) - Pipeline Pipeline[ Id: cc140ff6-9bca-4f3b-a7dd-11b0414da24e, Nodes: 367f39bd-4131-4de8-b715-21ece6255991{ip: 10.1.0.14, host: fv-az121-578.oisc35kgwdsevnec4nnef0ad5h.cx.internal.cloudapp.net, ports: [REPLICATION=39193, RATIS=37177, RATIS_ADMIN=37177, RATIS_SERVER=37177, STANDALONE=42421], networkLocation: /default-rack, certSerialId: null, persistedOpState: IN_SERVICE, persistedOpStateExpiryEpochSec: 0}, ReplicationConfig: RATIS/ONE, State:CLOSED, leaderId:367f39bd-4131-4de8-b715-21ece6255991, CreationTimestamp2022-07-01T06:34:10.084Z[Etc/UTC]] removed.
2022-07-01 06:36:11,346 [EventQueue-DeadNodeForDeadNodeHandler] INFO  net.NetworkTopologyImpl (NetworkTopologyImpl.java:remove(190)) - Removed a node: /default-rack/367f39bd-4131-4de8-b715-21ece6255991
2022-07-01 06:36:11,405 [Listener at 127.0.0.1/40159] INFO  om.OzoneManager (OzoneManager.java:start(1481)) - Version File has different layout version (3) than OM DB (null). That is expected if this OM has never been finalized to a newer layout version.
2022-07-01 06:36:11,405 [org.apache.ratis.util.JvmPauseMonitor$$Lambda$706/2098851404@7b06e8d6] INFO  util.JvmPauseMonitor (JvmPauseMonitor.java:run(103)) - JvmPauseMonitor-om1: Started
2022-07-01 06:36:11,422 [org.apache.ratis.util.JvmPauseMonitor$$Lambda$706/2098851404@11991843] WARN  util.JvmPauseMonitor (JvmPauseMonitor.java:detectPause(124)) - JvmPauseMonitor-845eef67-7e45-4a83-b1da-c41ed2f6be9b: Detected pause in JVM or host machine (eg GC): pause of approximately 129602648ns. No GCs detected.
2022-07-01 06:36:11,423 [org.apache.ratis.util.JvmPauseMonitor$$Lambda$706/2098851404@6de39f33] WARN  util.JvmPauseMonitor (JvmPauseMonitor.java:detectPause(124)) - JvmPauseMonitor-8d28a716-810c-49da-9c02-9573d7e4db50: Detected pause in JVM or host machine (eg GC): pause of approximately 130026853ns. No GCs detected.
2022-07-01 06:36:11,429 [Listener at 127.0.0.1/40159] INFO  http.BaseHttpServer (BaseHttpServer.java:newHttpServer2BuilderForOzone(209)) - Starting Web-server for ozoneManager at: http://0.0.0.0:0
2022-07-01 06:36:11,429 [Listener at 127.0.0.1/40159] INFO  http.BaseHttpServer (BaseHttpServer.java:<init>(107)) - Hadoop Security Enabled: false Ozone Security Enabled: false Ozone HTTP Security Enabled: false 
2022-07-01 06:36:11,440 [grpc-default-executor-1] INFO  impl.RoleInfo (RoleInfo.java:updateAndGet(139)) - 810a7c2f-f328-499d-804a-5e30d42c1343: start 810a7c2f-f328-499d-804a-5e30d42c1343@group-3040412DE051-FollowerState
2022-07-01 06:36:11,441 [Listener at 127.0.0.1/40159] INFO  server.AuthenticationFilter (AuthenticationFilter.java:constructSecretProvider(240)) - Unable to initialize FileSignerSecretProvider, falling back to use random secrets.
2022-07-01 06:36:11,448 [ContainerOp-1271a3bc-28fd-4da0-a971-01758d4530f4-4] INFO  keyvalue.KeyValueContainer (KeyValueContainer.java:flushAndSyncDB(431)) - Container 3 is synced with bcsId 37.
2022-07-01 06:36:11,448 [ContainerOp-1271a3bc-28fd-4da0-a971-01758d4530f4-4] INFO  keyvalue.KeyValueContainer (KeyValueContainer.java:flushAndSyncDB(431)) - Container 3 is synced with bcsId 37.
2022-07-01 06:36:11,449 [ContainerOp-1271a3bc-28fd-4da0-a971-01758d4530f4-4] INFO  keyvalue.KeyValueContainer (KeyValueContainer.java:close(346)) - Container 3 is closed with bcsId 37.
2022-07-01 06:36:11,463 [grpc-default-executor-1] INFO  server.RaftServer$Division (RaftServerImpl.java:requestVote(1184)) - 810a7c2f-f328-499d-804a-5e30d42c1343@group-3040412DE051 replies to ELECTION vote request: 9ece8bf6-7d6b-4143-af63-958068d3c465<-810a7c2f-f328-499d-804a-5e30d42c1343#0:OK-t1. Peer's state: 810a7c2f-f328-499d-804a-5e30d42c1343@group-3040412DE051:t1, leader=null, voted=9ece8bf6-7d6b-4143-af63-958068d3c465, raftlog=810a7c2f-f328-499d-804a-5e30d42c1343@group-3040412DE051-SegmentedRaftLog:OPENED:c-1, conf=-1: [810a7c2f-f328-499d-804a-5e30d42c1343|rpc:10.1.0.14:34885|priority:0, 9ece8bf6-7d6b-4143-af63-958068d3c465|rpc:10.1.0.14:37739|priority:1, fae739a9-74c8-47b9-bb65-431539dcf0b5|rpc:10.1.0.14:36657|priority:0], old=null
2022-07-01 06:36:11,468 [9ece8bf6-7d6b-4143-af63-958068d3c465@group-3040412DE051-LeaderElection104] INFO  impl.LeaderElection (LeaderElection.java:logAndReturn(90)) - 9ece8bf6-7d6b-4143-af63-958068d3c465@group-3040412DE051-LeaderElection104: ELECTION PASSED received 1 response(s) and 1 exception(s):
2022-07-01 06:36:11,468 [9ece8bf6-7d6b-4143-af63-958068d3c465@group-3040412DE051-LeaderElection104] INFO  impl.LeaderElection (LeaderElection.java:logAndReturn(94)) -   Response 0: 9ece8bf6-7d6b-4143-af63-958068d3c465<-810a7c2f-f328-499d-804a-5e30d42c1343#0:OK-t1
2022-07-01 06:36:11,468 [9ece8bf6-7d6b-4143-af63-958068d3c465@group-3040412DE051-LeaderElection104] INFO  impl.LeaderElection (LogUtils.java:infoOrTrace(137)) -   Exception 1: java.util.concurrent.ExecutionException: org.apache.ratis.thirdparty.io.grpc.StatusRuntimeException: UNAVAILABLE: io exception
2022-07-01 06:36:11,468 [9ece8bf6-7d6b-4143-af63-958068d3c465@group-3040412DE051-LeaderElection104] INFO  impl.LeaderElection (LeaderElection.java:askForVotes(312)) - 9ece8bf6-7d6b-4143-af63-958068d3c465@group-3040412DE051-LeaderElection104 ELECTION round 0: result PASSED
2022-07-01 06:36:11,468 [9ece8bf6-7d6b-4143-af63-958068d3c465@group-3040412DE051-LeaderElection104] INFO  impl.RoleInfo (RoleInfo.java:shutdownLeaderElection(130)) - 9ece8bf6-7d6b-4143-af63-958068d3c465: shutdown 9ece8bf6-7d6b-4143-af63-958068d3c465@group-3040412DE051-LeaderElection104
2022-07-01 06:36:11,468 [9ece8bf6-7d6b-4143-af63-958068d3c465@group-3040412DE051-LeaderElection104] INFO  server.RaftServer$Division (RaftServerImpl.java:setRole(299)) - 9ece8bf6-7d6b-4143-af63-958068d3c465@group-3040412DE051: changes role from CANDIDATE to LEADER at term 1 for changeToLeader
2022-07-01 06:36:11,468 [9ece8bf6-7d6b-4143-af63-958068d3c465@group-3040412DE051-LeaderElection104] INFO  ratis.XceiverServerRatis (XceiverServerRatis.java:handleLeaderChangedNotification(863)) - Leader change notification received for group: group-3040412DE051 with new leaderId: 9ece8bf6-7d6b-4143-af63-958068d3c465
2022-07-01 06:36:11,468 [9ece8bf6-7d6b-4143-af63-958068d3c465@group-3040412DE051-LeaderElection104] INFO  server.RaftServer$Division (ServerState.java:setLeader(287)) - 9ece8bf6-7d6b-4143-af63-958068d3c465@group-3040412DE051: change Leader from null to 9ece8bf6-7d6b-4143-af63-958068d3c465 at term 1 for becomeLeader, leader elected after 5741ms
2022-07-01 06:36:11,468 [9ece8bf6-7d6b-4143-af63-958068d3c465@group-3040412DE051-LeaderElection104] INFO  server.RaftServerConfigKeys (ConfUtils.java:logGet(46)) - raft.server.staging.catchup.gap = 1000 (default)
2022-07-01 06:36:11,469 [9ece8bf6-7d6b-4143-af63-958068d3c465@group-3040412DE051-LeaderElection104] INFO  server.RaftServerConfigKeys (ConfUtils.java:logGet(46)) - raft.server.write.element-limit = 1024 (custom)
2022-07-01 06:36:11,469 [9ece8bf6-7d6b-4143-af63-958068d3c465@group-3040412DE051-LeaderElection104] INFO  server.RaftServerConfigKeys (ConfUtils.java:logGet(46)) - raft.server.write.byte-limit = 1024 M (=1073741824) (custom)
2022-07-01 06:36:11,469 [9ece8bf6-7d6b-4143-af63-958068d3c465@group-3040412DE051-LeaderElection104] INFO  server.RaftServerConfigKeys (ConfUtils.java:logGet(46)) - raft.server.watch.timeout = 180s (custom)
2022-07-01 06:36:11,469 [9ece8bf6-7d6b-4143-af63-958068d3c465@group-3040412DE051-LeaderElection104] INFO  server.RaftServerConfigKeys (ConfUtils.java:logGet(46)) - raft.server.watch.timeout.denomination = 1s (default)
2022-07-01 06:36:11,469 [9ece8bf6-7d6b-4143-af63-958068d3c465@group-3040412DE051-LeaderElection104] INFO  server.RaftServerConfigKeys (ConfUtils.java:logGet(46)) - raft.server.watch.element-limit = 65536 (default)
2022-07-01 06:36:11,469 [9ece8bf6-7d6b-4143-af63-958068d3c465@group-3040412DE051-LeaderElection104] INFO  server.RaftServerConfigKeys (ConfUtils.java:logGet(46)) - raft.server.write.element-limit = 1024 (custom)
2022-07-01 06:36:11,469 [9ece8bf6-7d6b-4143-af63-958068d3c465@group-3040412DE051-LeaderElection104] INFO  server.RaftServerConfigKeys (ConfUtils.java:logGet(46)) - raft.server.write.follower.gap.ratio.max = -1.0 (default)
2022-07-01 06:36:11,471 [9ece8bf6-7d6b-4143-af63-958068d3c465@group-3040412DE051-LeaderElection104] INFO  server.RaftServerConfigKeys (ConfUtils.java:logGet(46)) - raft.server.log.appender.snapshot.chunk.size.max = 16MB (=16777216) (default)
2022-07-01 06:36:11,471 [9ece8bf6-7d6b-4143-af63-958068d3c465@group-3040412DE051-LeaderElection104] INFO  server.RaftServerConfigKeys (ConfUtils.java:logGet(46)) - raft.server.log.appender.buffer.byte-limit = 33554432 (custom)
2022-07-01 06:36:11,471 [9ece8bf6-7d6b-4143-af63-958068d3c465@group-3040412DE051-LeaderElection104] INFO  server.RaftServerConfigKeys (ConfUtils.java:logGet(46)) - raft.server.log.appender.buffer.element-limit = 1 (custom)
2022-07-01 06:36:11,471 [9ece8bf6-7d6b-4143-af63-958068d3c465@group-3040412DE051-LeaderElection104] INFO  grpc.GrpcConfigKeys (ConfUtils.java:logGet(46)) - raft.grpc.server.leader.outstanding.appends.max = 128 (default)
2022-07-01 06:36:11,471 [9ece8bf6-7d6b-4143-af63-958068d3c465@group-3040412DE051-LeaderElection104] INFO  server.RaftServerConfigKeys (ConfUtils.java:logGet(46)) - raft.server.rpc.request.timeout = 60s (custom)
2022-07-01 06:36:11,471 [9ece8bf6-7d6b-4143-af63-958068d3c465@group-3040412DE051-LeaderElection104] INFO  server.RaftServerConfigKeys (ConfUtils.java:logGet(46)) - raft.server.log.appender.install.snapshot.enabled = false (custom)
2022-07-01 06:36:11,489 [FixedThreadPoolWithAffinityExecutor-9-0] INFO  container.IncrementalContainerReportHandler (AbstractContainerReportHandler.java:updateContainerState(288)) - Moving container #3 to CLOSED state, datanode 8d28a716-810c-49da-9c02-9573d7e4db50{ip: 10.1.0.14, host: fv-az121-578.oisc35kgwdsevnec4nnef0ad5h.cx.internal.cloudapp.net, ports: [REPLICATION=46447, RATIS=36459, RATIS_ADMIN=36459, RATIS_SERVER=36459, STANDALONE=44577], networkLocation: /default-rack, certSerialId: null, persistedOpState: IN_SERVICE, persistedOpStateExpiryEpochSec: 0} reported CLOSED replica.
2022-07-01 06:36:11,491 [EventQueue-PipelineReportForPipelineReportHandler] INFO  pipeline.PipelineReportHandler (PipelineReportHandler.java:processPipelineReport(113)) - Reported pipeline PipelineID=e226c85f-4b7a-44b5-ba5f-3040412de051 is not found
2022-07-01 06:36:11,517 [9ece8bf6-7d6b-4143-af63-958068d3c465@group-3040412DE051-LeaderElection104] INFO  server.RaftServerConfigKeys (ConfUtils.java:logGet(46)) - raft.server.log.appender.snapshot.chunk.size.max = 16MB (=16777216) (default)
2022-07-01 06:36:11,517 [9ece8bf6-7d6b-4143-af63-958068d3c465@group-3040412DE051-LeaderElection104] INFO  server.RaftServerConfigKeys (ConfUtils.java:logGet(46)) - raft.server.log.appender.buffer.byte-limit = 33554432 (custom)
2022-07-01 06:36:11,517 [9ece8bf6-7d6b-4143-af63-958068d3c465@group-3040412DE051-LeaderElection104] INFO  server.RaftServerConfigKeys (ConfUtils.java:logGet(46)) - raft.server.log.appender.buffer.element-limit = 1 (custom)
2022-07-01 06:36:11,548 [Listener at 127.0.0.1/40159] WARN  http.HttpRequestLog (HttpRequestLog.java:getRequestLog(103)) - Jetty request log can only be enabled using Log4j
2022-07-01 06:36:11,549 [Listener at 127.0.0.1/40159] INFO  http.HttpServer2 (HttpServer2.java:addGlobalFilter(1029)) - Added global filter 'safety' (class=org.apache.hadoop.hdds.server.http.HttpServer2$QuotingInputFilter)
2022-07-01 06:36:11,549 [Listener at 127.0.0.1/40159] INFO  http.HttpServer2 (HttpServer2.java:addFilter(1005)) - Added filter static_user_filter (class=org.apache.hadoop.http.lib.StaticUserWebFilter$StaticUserFilter) to context ozoneManager
2022-07-01 06:36:11,549 [Listener at 127.0.0.1/40159] INFO  http.HttpServer2 (HttpServer2.java:addFilter(1013)) - Added filter static_user_filter (class=org.apache.hadoop.http.lib.StaticUserWebFilter$StaticUserFilter) to context logs
2022-07-01 06:36:11,549 [Listener at 127.0.0.1/40159] INFO  http.HttpServer2 (HttpServer2.java:addFilter(1013)) - Added filter static_user_filter (class=org.apache.hadoop.http.lib.StaticUserWebFilter$StaticUserFilter) to context static
2022-07-01 06:36:11,550 [Listener at 127.0.0.1/40159] INFO  http.HttpServer2 (HttpServer2.java:bindListener(1248)) - Jetty bound to port 37979
2022-07-01 06:36:11,550 [Listener at 127.0.0.1/40159] INFO  server.Server (Server.java:doStart(375)) - jetty-9.4.43.v20210629; built: 2021-06-30T11:07:22.254Z; git: 526006ecfa3af7f1a27ef3a288e2bef7ea9dd7e8; jvm 1.8.0_332-b09
2022-07-01 06:36:11,584 [9ece8bf6-7d6b-4143-af63-958068d3c465@group-3040412DE051-LeaderElection104] INFO  grpc.GrpcConfigKeys (ConfUtils.java:logGet(46)) - raft.grpc.server.leader.outstanding.appends.max = 128 (default)
2022-07-01 06:36:11,584 [9ece8bf6-7d6b-4143-af63-958068d3c465@group-3040412DE051-LeaderElection104] INFO  server.RaftServerConfigKeys (ConfUtils.java:logGet(46)) - raft.server.rpc.request.timeout = 60s (custom)
2022-07-01 06:36:11,584 [9ece8bf6-7d6b-4143-af63-958068d3c465@group-3040412DE051-LeaderElection104] INFO  server.RaftServerConfigKeys (ConfUtils.java:logGet(46)) - raft.server.log.appender.install.snapshot.enabled = false (custom)
2022-07-01 06:36:11,586 [Listener at 127.0.0.1/40159] INFO  server.session (DefaultSessionIdManager.java:doStart(334)) - DefaultSessionIdManager workerName=node0
2022-07-01 06:36:11,587 [Listener at 127.0.0.1/40159] INFO  server.session (DefaultSessionIdManager.java:doStart(339)) - No SessionScavenger set, using defaults
2022-07-01 06:36:11,588 [9ece8bf6-7d6b-4143-af63-958068d3c465@group-3040412DE051-LeaderElection104] INFO  impl.RoleInfo (RoleInfo.java:updateAndGet(139)) - 9ece8bf6-7d6b-4143-af63-958068d3c465: start 9ece8bf6-7d6b-4143-af63-958068d3c465@group-3040412DE051-LeaderStateImpl
2022-07-01 06:36:11,588 [9ece8bf6-7d6b-4143-af63-958068d3c465@group-3040412DE051-LeaderElection104] INFO  segmented.SegmentedRaftLogWorker (SegmentedRaftLogWorker.java:startLogSegment(425)) - 9ece8bf6-7d6b-4143-af63-958068d3c465@group-3040412DE051-SegmentedRaftLogWorker: Starting segment from index:0
2022-07-01 06:36:11,597 [Listener at 127.0.0.1/40159] INFO  server.session (HouseKeeper.java:startScavenging(132)) - node0 Scavenging every 600000ms
2022-07-01 06:36:11,598 [Listener at 127.0.0.1/40159] INFO  handler.ContextHandler (ContextHandler.java:doStart(915)) - Started o.e.j.s.ServletContextHandler@45f2c023{logs,/logs,file:///home/runner/work/ozone/ozone/hadoop-ozone/integration-test/target/log,AVAILABLE}
2022-07-01 06:36:11,598 [Listener at 127.0.0.1/40159] INFO  handler.ContextHandler (ContextHandler.java:doStart(915)) - Started o.e.j.s.ServletContextHandler@4d282bad{static,/static,file:///home/runner/work/ozone/ozone/hadoop-ozone/integration-test/target/test-classes/webapps/static,AVAILABLE}
2022-07-01 06:36:11,600 [ContainerOp-1271a3bc-28fd-4da0-a971-01758d4530f4-4] INFO  keyvalue.KeyValueContainer (KeyValueContainer.java:flushAndSyncDB(431)) - Container 3 is synced with bcsId 37.
2022-07-01 06:36:11,600 [Listener at 127.0.0.1/40159] INFO  handler.ContextHandler (ContextHandler.java:doStart(915)) - Started o.e.j.w.WebAppContext@16715a65{ozoneManager,/,file:///home/runner/work/ozone/ozone/hadoop-ozone/integration-test/target/test-classes/webapps/ozoneManager/,AVAILABLE}{file:/home/runner/work/ozone/ozone/hadoop-ozone/integration-test/target/test-classes/webapps/ozoneManager}
2022-07-01 06:36:11,600 [ContainerOp-1271a3bc-28fd-4da0-a971-01758d4530f4-4] INFO  keyvalue.KeyValueContainer (KeyValueContainer.java:flushAndSyncDB(431)) - Container 3 is synced with bcsId 37.
2022-07-01 06:36:11,641 [9ece8bf6-7d6b-4143-af63-958068d3c465@group-3040412DE051-SegmentedRaftLogWorker] INFO  segmented.SegmentedRaftLogWorker (SegmentedRaftLogWorker.java:execute(629)) - 9ece8bf6-7d6b-4143-af63-958068d3c465@group-3040412DE051-SegmentedRaftLogWorker: created new log segment /home/runner/work/ozone/ozone/hadoop-ozone/integration-test/target/test-dir/MiniOzoneClusterImpl-7502d6fe-9434-4bad-a2d4-af421e375e39/datanode-2/data/ratis/e226c85f-4b7a-44b5-ba5f-3040412de051/current/log_inprogress_0
2022-07-01 06:36:11,672 [grpc-default-executor-3] WARN  server.GrpcLogAppender (LogUtils.java:warn(122)) - 9ece8bf6-7d6b-4143-af63-958068d3c465@group-3040412DE051->fae739a9-74c8-47b9-bb65-431539dcf0b5-AppendLogResponseHandler: Failed appendEntries: org.apache.ratis.thirdparty.io.grpc.StatusRuntimeException: UNAVAILABLE: io exception
2022-07-01 06:36:11,673 [grpc-default-executor-3] WARN  server.GrpcLogAppender (GrpcLogAppender.java:resetClient(111)) - 9ece8bf6-7d6b-4143-af63-958068d3c465@group-3040412DE051->fae739a9-74c8-47b9-bb65-431539dcf0b5-GrpcLogAppender: Leader has not got in touch with Follower 9ece8bf6-7d6b-4143-af63-958068d3c465@group-3040412DE051->fae739a9-74c8-47b9-bb65-431539dcf0b5(c-1,m0,n0, attendVote=true, lastRpcSendTime=5403, lastRpcResponseTime=5403) yet, just keep nextIndex unchanged and retry.
2022-07-01 06:36:11,674 [grpc-default-executor-3] WARN  server.GrpcLogAppender (LogUtils.java:warn(122)) - 9ece8bf6-7d6b-4143-af63-958068d3c465@group-3040412DE051->fae739a9-74c8-47b9-bb65-431539dcf0b5-AppendLogResponseHandler: Failed appendEntries: org.apache.ratis.thirdparty.io.grpc.StatusRuntimeException: UNAVAILABLE: io exception
2022-07-01 06:36:11,675 [grpc-default-executor-3] WARN  server.GrpcLogAppender (GrpcLogAppender.java:resetClient(111)) - 9ece8bf6-7d6b-4143-af63-958068d3c465@group-3040412DE051->fae739a9-74c8-47b9-bb65-431539dcf0b5-GrpcLogAppender: Leader has not got in touch with Follower 9ece8bf6-7d6b-4143-af63-958068d3c465@group-3040412DE051->fae739a9-74c8-47b9-bb65-431539dcf0b5(c-1,m0,n1, attendVote=true, lastRpcSendTime=0, lastRpcResponseTime=5405) yet, just keep nextIndex unchanged and retry.
2022-07-01 06:36:11,676 [Listener at 127.0.0.1/40159] INFO  server.AbstractConnector (AbstractConnector.java:doStart(331)) - Started ServerConnector@4c389a9d{HTTP/1.1, (http/1.1)}{0.0.0.0:37979}
2022-07-01 06:36:11,676 [Listener at 127.0.0.1/40159] INFO  server.Server (Server.java:doStart(415)) - Started @187723ms
2022-07-01 06:36:11,676 [Listener at 127.0.0.1/40159] WARN  impl.MetricsSystemImpl (MetricsSystemImpl.java:register(279)) - Sink prometheus already exists!
2022-07-01 06:36:11,677 [Listener at 127.0.0.1/40159] INFO  http.BaseHttpServer (BaseHttpServer.java:updateConnectorAddress(329)) - HTTP server of ozoneManager listening at http://0.0.0.0:37979
2022-07-01 06:36:11,702 [IPC Server Responder] INFO  ipc.Server (Server.java:run(1507)) - IPC Server Responder: starting
2022-07-01 06:36:11,702 [IPC Server listener on 0] INFO  ipc.Server (Server.java:run(1344)) - IPC Server listener on 0: starting
2022-07-01 06:36:11,738 [ReplicationMonitor] INFO  replication.ReplicationManager (ReplicationManager.java:processAll(227)) - Replication Manager is not ready to run until 3000ms after safemode exit
2022-07-01 06:36:11,756 [ReplicationMonitor] INFO  replication.LegacyReplicationManager (LegacyReplicationManager.java:handleUnderReplicatedContainer(1191)) - Container #2 is under replicated. Expected replica count is 3, but found 2.
2022-07-01 06:36:11,756 [ReplicationMonitor] INFO  replication.LegacyReplicationManager (LegacyReplicationManager.java:sendReplicateCommand(1554)) - Sending replicate container command for container #2 to datanode 8d28a716-810c-49da-9c02-9573d7e4db50{ip: 10.1.0.14, host: fv-az121-578.oisc35kgwdsevnec4nnef0ad5h.cx.internal.cloudapp.net, ports: [REPLICATION=46447, RATIS=36459, RATIS_ADMIN=36459, RATIS_SERVER=36459, STANDALONE=44577], networkLocation: /default-rack, certSerialId: null, persistedOpState: IN_SERVICE, persistedOpStateExpiryEpochSec: 0} from datanodes [810a7c2f-f328-499d-804a-5e30d42c1343{ip: 10.1.0.14, host: fv-az121-578.oisc35kgwdsevnec4nnef0ad5h.cx.internal.cloudapp.net, ports: [REPLICATION=44445, RATIS=34885, RATIS_ADMIN=34885, RATIS_SERVER=34885, STANDALONE=41881], networkLocation: /default-rack, certSerialId: null, persistedOpState: IN_SERVICE, persistedOpStateExpiryEpochSec: 0}, 9ece8bf6-7d6b-4143-af63-958068d3c465{ip: 10.1.0.14, host: fv-az121-578.oisc35kgwdsevnec4nnef0ad5h.cx.internal.cloudapp.net, ports: [REPLICATION=38811, RATIS=37739, RATIS_ADMIN=37739, RATIS_SERVER=37739, STANDALONE=36031], networkLocation: /default-rack, certSerialId: null, persistedOpState: IN_SERVICE, persistedOpStateExpiryEpochSec: 0}]
2022-07-01 06:36:11,756 [ReplicationMonitor] INFO  replication.LegacyReplicationManager (LegacyReplicationManager.java:handleUnderReplicatedContainer(1191)) - Container #3 is under replicated. Expected replica count is 3, but found 2.
2022-07-01 06:36:11,756 [ReplicationMonitor] INFO  replication.LegacyReplicationManager (LegacyReplicationManager.java:sendReplicateCommand(1554)) - Sending replicate container command for container #3 to datanode 9ece8bf6-7d6b-4143-af63-958068d3c465{ip: 10.1.0.14, host: fv-az121-578.oisc35kgwdsevnec4nnef0ad5h.cx.internal.cloudapp.net, ports: [REPLICATION=38811, RATIS=37739, RATIS_ADMIN=37739, RATIS_SERVER=37739, STANDALONE=36031], networkLocation: /default-rack, certSerialId: null, persistedOpState: IN_SERVICE, persistedOpStateExpiryEpochSec: 0} from datanodes [8d28a716-810c-49da-9c02-9573d7e4db50{ip: 10.1.0.14, host: fv-az121-578.oisc35kgwdsevnec4nnef0ad5h.cx.internal.cloudapp.net, ports: [REPLICATION=46447, RATIS=36459, RATIS_ADMIN=36459, RATIS_SERVER=36459, STANDALONE=44577], networkLocation: /default-rack, certSerialId: null, persistedOpState: IN_SERVICE, persistedOpStateExpiryEpochSec: 0}]
2022-07-01 06:36:11,756 [ReplicationMonitor] INFO  replication.LegacyReplicationManager (LegacyReplicationManager.java:sendCloseCommand(1507)) - Sending close container command for container #4 to datanode 3e16c497-167e-44a0-ad70-845f9779a145{ip: 10.1.0.14, host: fv-az121-578.oisc35kgwdsevnec4nnef0ad5h.cx.internal.cloudapp.net, ports: [REPLICATION=35749, RATIS=46461, RATIS_ADMIN=46461, RATIS_SERVER=46461, STANDALONE=42091], networkLocation: /default-rack, certSerialId: null, persistedOpState: IN_SERVICE, persistedOpStateExpiryEpochSec: 0}.
2022-07-01 06:36:11,757 [ReplicationMonitor] INFO  replication.LegacyReplicationManager (LegacyReplicationManager.java:sendCloseCommand(1507)) - Sending close container command for container #4 to datanode 8d28a716-810c-49da-9c02-9573d7e4db50{ip: 10.1.0.14, host: fv-az121-578.oisc35kgwdsevnec4nnef0ad5h.cx.internal.cloudapp.net, ports: [REPLICATION=46447, RATIS=36459, RATIS_ADMIN=36459, RATIS_SERVER=36459, STANDALONE=44577], networkLocation: /default-rack, certSerialId: null, persistedOpState: IN_SERVICE, persistedOpStateExpiryEpochSec: 0}.
2022-07-01 06:36:11,757 [ReplicationMonitor] INFO  replication.LegacyReplicationManager (LegacyReplicationManager.java:sendCloseCommand(1507)) - Sending close container command for container #6 to datanode 3e16c497-167e-44a0-ad70-845f9779a145{ip: 10.1.0.14, host: fv-az121-578.oisc35kgwdsevnec4nnef0ad5h.cx.internal.cloudapp.net, ports: [REPLICATION=35749, RATIS=46461, RATIS_ADMIN=46461, RATIS_SERVER=46461, STANDALONE=42091], networkLocation: /default-rack, certSerialId: null, persistedOpState: IN_SERVICE, persistedOpStateExpiryEpochSec: 0}.
2022-07-01 06:36:11,757 [ReplicationMonitor] INFO  replication.LegacyReplicationManager (LegacyReplicationManager.java:sendCloseCommand(1507)) - Sending close container command for container #6 to datanode 8d28a716-810c-49da-9c02-9573d7e4db50{ip: 10.1.0.14, host: fv-az121-578.oisc35kgwdsevnec4nnef0ad5h.cx.internal.cloudapp.net, ports: [REPLICATION=46447, RATIS=36459, RATIS_ADMIN=36459, RATIS_SERVER=36459, STANDALONE=44577], networkLocation: /default-rack, certSerialId: null, persistedOpState: IN_SERVICE, persistedOpStateExpiryEpochSec: 0}.
2022-07-01 06:36:11,757 [ReplicationMonitor] INFO  replication.ReplicationManager (ReplicationManager.java:processAll(260)) - Replication Monitor Thread took 0 milliseconds for processing 6 containers.
2022-07-01 06:36:11,801 [Command processor thread] INFO  server.RaftServer (RaftServerProxy.java:remove(107)) - 810a7c2f-f328-499d-804a-5e30d42c1343: remove  FOLLOWER 810a7c2f-f328-499d-804a-5e30d42c1343@group-3040412DE051:t1, leader=null, voted=9ece8bf6-7d6b-4143-af63-958068d3c465, raftlog=810a7c2f-f328-499d-804a-5e30d42c1343@group-3040412DE051-SegmentedRaftLog:OPENED:c-1, conf=-1: [810a7c2f-f328-499d-804a-5e30d42c1343|rpc:10.1.0.14:34885|priority:0, 9ece8bf6-7d6b-4143-af63-958068d3c465|rpc:10.1.0.14:37739|priority:1, fae739a9-74c8-47b9-bb65-431539dcf0b5|rpc:10.1.0.14:36657|priority:0], old=null RUNNING
2022-07-01 06:36:11,802 [Command processor thread] INFO  server.RaftServer$Division (RaftServerImpl.java:lambda$close$4(434)) - 810a7c2f-f328-499d-804a-5e30d42c1343@group-3040412DE051: shutdown
2022-07-01 06:36:11,802 [Command processor thread] INFO  util.JmxRegister (JmxRegister.java:unregister(73)) - Successfully un-registered JMX Bean with object name Ratis:service=RaftServer,group=group-3040412DE051,id=810a7c2f-f328-499d-804a-5e30d42c1343
2022-07-01 06:36:11,802 [Command processor thread] INFO  impl.RoleInfo (RoleInfo.java:shutdownFollowerState(110)) - 810a7c2f-f328-499d-804a-5e30d42c1343: shutdown 810a7c2f-f328-499d-804a-5e30d42c1343@group-3040412DE051-FollowerState
2022-07-01 06:36:11,803 [EventQueue-PipelineReportForPipelineReportHandler] INFO  pipeline.PipelineReportHandler (PipelineReportHandler.java:processPipelineReport(113)) - Reported pipeline PipelineID=e226c85f-4b7a-44b5-ba5f-3040412de051 is not found
2022-07-01 06:36:11,857 [Mini-Cluster-Provider-Reap] INFO  statemachine.DatanodeStateMachine (DatanodeStateMachine.java:stopDaemon(580)) - Ozone container server stopped.
2022-07-01 06:36:11,887 [ContainerOp-1271a3bc-28fd-4da0-a971-01758d4530f4-4] INFO  keyvalue.KeyValueContainer (KeyValueContainer.java:close(346)) - Container 3 is closed with bcsId 37.
2022-07-01 06:36:12,043 [Listener at 127.0.0.1/40159] INFO  om.OzoneManager (OzoneManager.java:startTrashEmptier(1905)) - Trash Interval set to 0. Files deleted won't move to trash
2022-07-01 06:36:12,052 [Command processor thread] INFO  impl.StateMachineUpdater (StateMachineUpdater.java:stopAndJoin(153)) - 810a7c2f-f328-499d-804a-5e30d42c1343@group-3040412DE051-StateMachineUpdater: set stopIndex = -1
2022-07-01 06:36:12,053 [Command processor thread] INFO  server.RaftServer$Division (ServerState.java:close(429)) - 810a7c2f-f328-499d-804a-5e30d42c1343@group-3040412DE051: closes. applyIndex: -1
2022-07-01 06:36:12,052 [810a7c2f-f328-499d-804a-5e30d42c1343@group-3040412DE051-FollowerState] INFO  impl.FollowerState (FollowerState.java:run(152)) - 810a7c2f-f328-499d-804a-5e30d42c1343@group-3040412DE051-FollowerState was interrupted
2022-07-01 06:36:12,054 [Command processor thread] INFO  server.RaftServer (RaftServerProxy.java:remove(107)) - 8d28a716-810c-49da-9c02-9573d7e4db50: remove  FOLLOWER 8d28a716-810c-49da-9c02-9573d7e4db50@group-01758D4530F4:t2, leader=3e16c497-167e-44a0-ad70-845f9779a145, voted=3e16c497-167e-44a0-ad70-845f9779a145, raftlog=8d28a716-810c-49da-9c02-9573d7e4db50@group-01758D4530F4-SegmentedRaftLog:OPENED:c50, conf=48: [8d28a716-810c-49da-9c02-9573d7e4db50|rpc:10.1.0.14:36459|dataStream:|priority:0, 367f39bd-4131-4de8-b715-21ece6255991|rpc:10.1.0.14:37177|dataStream:|priority:1, 3e16c497-167e-44a0-ad70-845f9779a145|rpc:10.1.0.14:46461|dataStream:|priority:0], old=null RUNNING
2022-07-01 06:36:12,054 [Command processor thread] INFO  server.RaftServer$Division (RaftServerImpl.java:lambda$close$4(434)) - 8d28a716-810c-49da-9c02-9573d7e4db50@group-01758D4530F4: shutdown
2022-07-01 06:36:12,054 [Command processor thread] INFO  util.JmxRegister (JmxRegister.java:unregister(73)) - Successfully un-registered JMX Bean with object name Ratis:service=RaftServer,group=group-01758D4530F4,id=8d28a716-810c-49da-9c02-9573d7e4db50
2022-07-01 06:36:12,054 [Command processor thread] INFO  impl.RoleInfo (RoleInfo.java:shutdownFollowerState(110)) - 8d28a716-810c-49da-9c02-9573d7e4db50: shutdown 8d28a716-810c-49da-9c02-9573d7e4db50@group-01758D4530F4-FollowerState
2022-07-01 06:36:12,058 [9ece8bf6-7d6b-4143-af63-958068d3c465@group-3040412DE051-LeaderElection104] INFO  server.RaftServer$Division (ServerState.java:setRaftConf(393)) - 9ece8bf6-7d6b-4143-af63-958068d3c465@group-3040412DE051: set configuration 0: [810a7c2f-f328-499d-804a-5e30d42c1343|rpc:10.1.0.14:34885|dataStream:|priority:0, 9ece8bf6-7d6b-4143-af63-958068d3c465|rpc:10.1.0.14:37739|dataStream:|priority:1, fae739a9-74c8-47b9-bb65-431539dcf0b5|rpc:10.1.0.14:36657|dataStream:|priority:0], old=null
2022-07-01 06:36:12,074 [grpc-default-executor-4] WARN  server.GrpcLogAppender (LogUtils.java:warn(122)) - 3e16c497-167e-44a0-ad70-845f9779a145@group-01758D4530F4->367f39bd-4131-4de8-b715-21ece6255991-AppendLogResponseHandler: Failed appendEntries: org.apache.ratis.thirdparty.io.grpc.StatusRuntimeException: UNAVAILABLE: io exception
2022-07-01 06:36:12,075 [grpc-default-executor-4] WARN  server.GrpcLogAppender (GrpcLogAppender.java:resetClient(111)) - 3e16c497-167e-44a0-ad70-845f9779a145@group-01758D4530F4->367f39bd-4131-4de8-b715-21ece6255991-GrpcLogAppender: Leader has not got in touch with Follower 3e16c497-167e-44a0-ad70-845f9779a145@group-01758D4530F4->367f39bd-4131-4de8-b715-21ece6255991(c-1,m0,n53, attendVote=true, lastRpcSendTime=0, lastRpcResponseTime=6674) yet, just keep nextIndex unchanged and retry.
2022-07-01 06:36:12,125 [org.apache.hadoop.util.JvmPauseMonitor$Monitor@25adc92b] INFO  util.JvmPauseMonitor (JvmPauseMonitor.java:run(188)) - Starting JVM pause monitor
2022-07-01 06:36:12,128 [Command processor thread] INFO  impl.StateMachineUpdater (StateMachineUpdater.java:stopAndJoin(153)) - 8d28a716-810c-49da-9c02-9573d7e4db50@group-01758D4530F4-StateMachineUpdater: set stopIndex = 50
2022-07-01 06:36:12,128 [8d28a716-810c-49da-9c02-9573d7e4db50@group-01758D4530F4-FollowerState] INFO  impl.FollowerState (FollowerState.java:run(152)) - 8d28a716-810c-49da-9c02-9573d7e4db50@group-01758D4530F4-FollowerState was interrupted
2022-07-01 06:36:12,129 [8d28a716-810c-49da-9c02-9573d7e4db50@group-01758D4530F4-StateMachineUpdater] INFO  ratis.ContainerStateMachine (ContainerStateMachine.java:takeSnapshot(304)) - group-01758D4530F4: Taking a snapshot at:(t:2, i:50) file /home/runner/work/ozone/ozone/hadoop-ozone/integration-test/target/test-dir/MiniOzoneClusterImpl-7502d6fe-9434-4bad-a2d4-af421e375e39/datanode-4/data/ratis/1271a3bc-28fd-4da0-a971-01758d4530f4/sm/snapshot.2_50
2022-07-01 06:36:12,129 [810a7c2f-f328-499d-804a-5e30d42c1343@group-3040412DE051-SegmentedRaftLogWorker] INFO  segmented.SegmentedRaftLogWorker (SegmentedRaftLogWorker.java:run(336)) - 810a7c2f-f328-499d-804a-5e30d42c1343@group-3040412DE051-SegmentedRaftLogWorker was interrupted, exiting. There are 0 tasks remaining in the queue.
2022-07-01 06:36:12,129 [Command processor thread] INFO  segmented.SegmentedRaftLogWorker (SegmentedRaftLogWorker.java:close(246)) - 810a7c2f-f328-499d-804a-5e30d42c1343@group-3040412DE051-SegmentedRaftLogWorker close()
2022-07-01 06:36:12,132 [8d28a716-810c-49da-9c02-9573d7e4db50@group-01758D4530F4-StateMachineUpdater] INFO  ratis.ContainerStateMachine (ContainerStateMachine.java:takeSnapshot(315)) - group-01758D4530F4: Finished taking a snapshot at:(t:2, i:50) file:/home/runner/work/ozone/ozone/hadoop-ozone/integration-test/target/test-dir/MiniOzoneClusterImpl-7502d6fe-9434-4bad-a2d4-af421e375e39/datanode-4/data/ratis/1271a3bc-28fd-4da0-a971-01758d4530f4/sm/snapshot.2_50 took: 3 ms
2022-07-01 06:36:12,132 [8d28a716-810c-49da-9c02-9573d7e4db50@group-01758D4530F4-StateMachineUpdater] INFO  impl.StateMachineUpdater (StateMachineUpdater.java:takeSnapshot(287)) - 8d28a716-810c-49da-9c02-9573d7e4db50@group-01758D4530F4-StateMachineUpdater: Took a snapshot at index 50
2022-07-01 06:36:12,132 [8d28a716-810c-49da-9c02-9573d7e4db50@group-01758D4530F4-StateMachineUpdater] INFO  impl.StateMachineUpdater (StateMachineUpdater.java:lambda$new$0(92)) - 8d28a716-810c-49da-9c02-9573d7e4db50@group-01758D4530F4-StateMachineUpdater: snapshotIndex: updateIncreasingly -1 -> 50
2022-07-01 06:36:12,133 [Mini-Cluster-Provider-Reap] INFO  handler.ContextHandler (ContextHandler.java:doStop(1153)) - Stopped o.e.j.w.WebAppContext@24741942{hddsDatanode,/,null,STOPPED}{jar:file:/home/runner/.m2/repository/org/apache/ozone/hdds-container-service/1.3.0-SNAPSHOT/hdds-container-service-1.3.0-SNAPSHOT.jar!/webapps/hddsDatanode}
2022-07-01 06:36:12,133 [Mini-Cluster-Provider-Reap] INFO  server.AbstractConnector (AbstractConnector.java:doStop(381)) - Stopped ServerConnector@26d2276c{HTTP/1.1, (http/1.1)}{0.0.0.0:0}
2022-07-01 06:36:12,133 [Mini-Cluster-Provider-Reap] INFO  server.session (HouseKeeper.java:stopScavenging(149)) - node0 Stopped scavenging
2022-07-01 06:36:12,162 [Listener at 127.0.0.1/40159] WARN  impl.MetricRegistriesImpl (MetricRegistriesImpl.java:addReporterRegistration(111)) - New reporters are added after registries were created. Some metrics will be missing from the reporter. Please add reporter before adding any new registry.
2022-07-01 06:36:12,162 [Listener at 127.0.0.1/40159] WARN  impl.MetricRegistriesImpl (MetricRegistriesImpl.java:addReporterRegistration(111)) - New reporters are added after registries were created. Some metrics will be missing from the reporter. Please add reporter before adding any new registry.
2022-07-01 06:36:12,162 [Listener at 127.0.0.1/40159] INFO  impl.MetricsSystemImpl (MetricsSystemImpl.java:init(158)) - HddsDatanode metrics system started (again)
2022-07-01 06:36:12,212 [Mini-Cluster-Provider-Reap] INFO  handler.ContextHandler (ContextHandler.java:doStop(1153)) - Stopped o.e.j.s.ServletContextHandler@7e7da2c9{static,/static,jar:file:/home/runner/.m2/repository/org/apache/ozone/hdds-container-service/1.3.0-SNAPSHOT/hdds-container-service-1.3.0-SNAPSHOT.jar!/webapps/static,STOPPED}
2022-07-01 06:36:12,212 [Mini-Cluster-Provider-Reap] INFO  handler.ContextHandler (ContextHandler.java:doStop(1153)) - Stopped o.e.j.s.ServletContextHandler@6c8edab0{logs,/logs,file:///home/runner/work/ozone/ozone/hadoop-ozone/integration-test/target/log,STOPPED}
2022-07-01 06:36:12,213 [Command processor thread] INFO  server.RaftServer$Division (ServerState.java:close(429)) - 8d28a716-810c-49da-9c02-9573d7e4db50@group-01758D4530F4: closes. applyIndex: 50
2022-07-01 06:36:12,228 [Listener at 127.0.0.1/40159] INFO  ozone.HddsDatanodeService (HddsDatanodeService.java:start(236)) - HddsDatanodeService host:fv-az121-578.oisc35kgwdsevnec4nnef0ad5h.cx.internal.cloudapp.net ip:10.1.0.14
2022-07-01 06:36:12,248 [Command processor thread] INFO  server.RaftServer$Division (RaftServerImpl.java:groupRemove(404)) - 810a7c2f-f328-499d-804a-5e30d42c1343@group-3040412DE051: Succeed to remove RaftStorageDirectory Storage Directory /home/runner/work/ozone/ozone/hadoop-ozone/integration-test/target/test-dir/MiniOzoneClusterImpl-7502d6fe-9434-4bad-a2d4-af421e375e39/datanode-0/data/ratis/e226c85f-4b7a-44b5-ba5f-3040412de051
2022-07-01 06:36:12,248 [Command processor thread] INFO  commandhandler.ClosePipelineCommandHandler (ClosePipelineCommandHandler.java:handle(78)) - Close Pipeline PipelineID=e226c85f-4b7a-44b5-ba5f-3040412de051 command on datanode 810a7c2f-f328-499d-804a-5e30d42c1343.
2022-07-01 06:36:12,276 [ReplicationMonitor] INFO  replication.ReplicationManager (ReplicationManager.java:processAll(260)) - Replication Monitor Thread took 0 milliseconds for processing 0 containers.
2022-07-01 06:36:12,278 [ReplicationMonitor] INFO  replication.ReplicationManager (ReplicationManager.java:processAll(260)) - Replication Monitor Thread took 0 milliseconds for processing 6 containers.
2022-07-01 06:36:12,294 [8d28a716-810c-49da-9c02-9573d7e4db50@group-01758D4530F4-SegmentedRaftLogWorker] INFO  segmented.SegmentedRaftLogWorker (SegmentedRaftLogWorker.java:run(336)) - 8d28a716-810c-49da-9c02-9573d7e4db50@group-01758D4530F4-SegmentedRaftLogWorker was interrupted, exiting. There are 0 tasks remaining in the queue.
2022-07-01 06:36:12,294 [Command processor thread] INFO  segmented.SegmentedRaftLogWorker (SegmentedRaftLogWorker.java:close(246)) - 8d28a716-810c-49da-9c02-9573d7e4db50@group-01758D4530F4-SegmentedRaftLogWorker close()
2022-07-01 06:36:12,357 [Listener at 127.0.0.1/40159] INFO  upgrade.AbstractLayoutVersionManager (AbstractLayoutVersionManager.java:init(82)) - Initializing Layout version manager with metadata layout = DATANODE_SCHEMA_V3 (version = 4), software layout = DATANODE_SCHEMA_V3 (version = 4)
2022-07-01 06:36:12,430 [om1@group-C5BA1605619E-FollowerState] INFO  impl.FollowerState (FollowerState.java:run(143)) - om1@group-C5BA1605619E-FollowerState: change to CANDIDATE, lastRpcElapsedTime:1140612265ns, electionTimeout:1134ms
2022-07-01 06:36:12,430 [om1@group-C5BA1605619E-FollowerState] INFO  impl.RoleInfo (RoleInfo.java:shutdownFollowerState(110)) - om1: shutdown om1@group-C5BA1605619E-FollowerState
2022-07-01 06:36:12,430 [om1@group-C5BA1605619E-FollowerState] INFO  server.RaftServer$Division (RaftServerImpl.java:setRole(299)) - om1@group-C5BA1605619E: changes role from  FOLLOWER to CANDIDATE at term 0 for changeToCandidate
2022-07-01 06:36:12,430 [om1@group-C5BA1605619E-FollowerState] INFO  server.RaftServerConfigKeys (ConfUtils.java:logGet(46)) - raft.server.leaderelection.pre-vote = false (custom)
2022-07-01 06:36:12,430 [om1@group-C5BA1605619E-FollowerState] INFO  impl.RoleInfo (RoleInfo.java:updateAndGet(139)) - om1: start om1@group-C5BA1605619E-LeaderElection106
2022-07-01 06:36:12,460 [EventQueue-PipelineReportForPipelineReportHandler] INFO  pipeline.PipelineReportHandler (PipelineReportHandler.java:processPipelineReport(113)) - Reported pipeline PipelineID=1271a3bc-28fd-4da0-a971-01758d4530f4 is not found
2022-07-01 06:36:12,520 [ForkJoinPool.commonPool-worker-1] INFO  utils.BackgroundService (BackgroundService.java:shutdown(132)) - Shutting down service BlockDeletingService
2022-07-01 06:36:12,570 [Command processor thread] INFO  keyvalue.KeyValueContainer (KeyValueContainer.java:flushAndSyncDB(431)) - Container 4 is synced with bcsId 41.
2022-07-01 06:36:12,570 [Command processor thread] INFO  keyvalue.KeyValueContainer (KeyValueContainer.java:flushAndSyncDB(431)) - Container 4 is synced with bcsId 41.
2022-07-01 06:36:12,584 [FixedThreadPoolWithAffinityExecutor-1-0] INFO  container.IncrementalContainerReportHandler (AbstractContainerReportHandler.java:updateContainerState(281)) - Moving container #4 to QUASI_CLOSED state, datanode 8d28a716-810c-49da-9c02-9573d7e4db50{ip: 10.1.0.14, host: fv-az121-578.oisc35kgwdsevnec4nnef0ad5h.cx.internal.cloudapp.net, ports: [REPLICATION=46447, RATIS=36459, RATIS_ADMIN=36459, RATIS_SERVER=36459, STANDALONE=44577], networkLocation: /default-rack, certSerialId: null, persistedOpState: IN_SERVICE, persistedOpStateExpiryEpochSec: 0} reported QUASI_CLOSED replica.
2022-07-01 06:36:12,593 [om1@group-C5BA1605619E-LeaderElection106] INFO  impl.LeaderElection (LeaderElection.java:askForVotes(310)) - om1@group-C5BA1605619E-LeaderElection106 ELECTION round 0: submit vote requests at term 1 for -1: [om1|rpc:localhost:45483|priority:0], old=null
2022-07-01 06:36:12,593 [om1@group-C5BA1605619E-LeaderElection106] INFO  impl.LeaderElection (LeaderElection.java:askForVotes(312)) - om1@group-C5BA1605619E-LeaderElection106 ELECTION round 0: result PASSED (term=1)
2022-07-01 06:36:12,593 [om1@group-C5BA1605619E-LeaderElection106] INFO  impl.RoleInfo (RoleInfo.java:shutdownLeaderElection(130)) - om1: shutdown om1@group-C5BA1605619E-LeaderElection106
2022-07-01 06:36:12,593 [om1@group-C5BA1605619E-LeaderElection106] INFO  server.RaftServer$Division (RaftServerImpl.java:setRole(299)) - om1@group-C5BA1605619E: changes role from CANDIDATE to LEADER at term 1 for changeToLeader
2022-07-01 06:36:12,593 [om1@group-C5BA1605619E-LeaderElection106] INFO  server.RaftServer$Division (ServerState.java:setLeader(287)) - om1@group-C5BA1605619E: change Leader from null to om1 at term 1 for becomeLeader, leader elected after 4456ms
2022-07-01 06:36:12,593 [om1@group-C5BA1605619E-LeaderElection106] INFO  server.RaftServerConfigKeys (ConfUtils.java:logGet(46)) - raft.server.staging.catchup.gap = 1000 (default)
2022-07-01 06:36:12,594 [om1@group-C5BA1605619E-LeaderElection106] INFO  server.RaftServerConfigKeys (ConfUtils.java:logGet(46)) - raft.server.write.element-limit = 4096 (default)
2022-07-01 06:36:12,594 [om1@group-C5BA1605619E-LeaderElection106] INFO  server.RaftServerConfigKeys (ConfUtils.java:logGet(46)) - raft.server.write.byte-limit = 64MB (=67108864) (default)
2022-07-01 06:36:12,596 [om1@group-C5BA1605619E-LeaderElection106] INFO  server.RaftServerConfigKeys (ConfUtils.java:logGet(46)) - raft.server.watch.timeout = 10s (default)
2022-07-01 06:36:12,596 [om1@group-C5BA1605619E-LeaderElection106] INFO  server.RaftServerConfigKeys (ConfUtils.java:logGet(46)) - raft.server.watch.timeout.denomination = 1s (default)
2022-07-01 06:36:12,668 [om1@group-C5BA1605619E-LeaderElection106] INFO  server.RaftServerConfigKeys (ConfUtils.java:logGet(46)) - raft.server.watch.element-limit = 65536 (default)
2022-07-01 06:36:12,669 [om1@group-C5BA1605619E-LeaderElection106] INFO  server.RaftServerConfigKeys (ConfUtils.java:logGet(46)) - raft.server.write.element-limit = 4096 (default)
2022-07-01 06:36:12,669 [om1@group-C5BA1605619E-LeaderElection106] INFO  server.RaftServerConfigKeys (ConfUtils.java:logGet(46)) - raft.server.write.follower.gap.ratio.max = -1.0 (default)
2022-07-01 06:36:12,669 [om1@group-C5BA1605619E-LeaderElection106] INFO  impl.RoleInfo (RoleInfo.java:updateAndGet(139)) - om1: start om1@group-C5BA1605619E-LeaderStateImpl
2022-07-01 06:36:12,669 [om1@group-C5BA1605619E-LeaderElection106] INFO  segmented.SegmentedRaftLogWorker (SegmentedRaftLogWorker.java:startLogSegment(425)) - om1@group-C5BA1605619E-SegmentedRaftLogWorker: Starting segment from index:0
2022-07-01 06:36:12,644 [Command processor thread] INFO  keyvalue.KeyValueContainer (KeyValueContainer.java:flushAndSyncDB(431)) - Container 6 is synced with bcsId 45.
2022-07-01 06:36:12,671 [Command processor thread] INFO  keyvalue.KeyValueContainer (KeyValueContainer.java:flushAndSyncDB(431)) - Container 6 is synced with bcsId 45.
2022-07-01 06:36:12,680 [om1@group-C5BA1605619E-SegmentedRaftLogWorker] INFO  segmented.SegmentedRaftLogWorker (SegmentedRaftLogWorker.java:execute(629)) - om1@group-C5BA1605619E-SegmentedRaftLogWorker: created new log segment /home/runner/work/ozone/ozone/hadoop-ozone/integration-test/target/test-dir/MiniOzoneClusterImpl-bc7ab851-61db-4e9a-86cd-3d27c2668616/ozone-meta/ratis/bf265839-605b-3f16-9796-c5ba1605619e/current/log_inprogress_0
2022-07-01 06:36:12,698 [om1@group-C5BA1605619E-LeaderElection106] INFO  server.RaftServer$Division (ServerState.java:setRaftConf(393)) - om1@group-C5BA1605619E: set configuration 0: [om1|rpc:localhost:45483|admin:|client:|dataStream:|priority:0], old=null
2022-07-01 06:36:12,721 [om1@group-C5BA1605619E-StateMachineUpdater] INFO  ratis.OzoneManagerStateMachine (OzoneManagerStateMachine.java:notifyConfigurationChanged(192)) - Received Configuration change notification from Ratis. New Peer list:
[id: "om1"
address: "localhost:45483"
]
2022-07-01 06:36:12,730 [Command processor thread] INFO  server.RaftServer (RaftServerProxy.java:remove(107)) - 9ece8bf6-7d6b-4143-af63-958068d3c465: remove    LEADER 9ece8bf6-7d6b-4143-af63-958068d3c465@group-3040412DE051:t1, leader=9ece8bf6-7d6b-4143-af63-958068d3c465, voted=9ece8bf6-7d6b-4143-af63-958068d3c465, raftlog=9ece8bf6-7d6b-4143-af63-958068d3c465@group-3040412DE051-SegmentedRaftLog:OPENED:c0, conf=0: [810a7c2f-f328-499d-804a-5e30d42c1343|rpc:10.1.0.14:34885|dataStream:|priority:0, 9ece8bf6-7d6b-4143-af63-958068d3c465|rpc:10.1.0.14:37739|dataStream:|priority:1, fae739a9-74c8-47b9-bb65-431539dcf0b5|rpc:10.1.0.14:36657|dataStream:|priority:0], old=null RUNNING
2022-07-01 06:36:12,731 [Command processor thread] INFO  server.RaftServer$Division (RaftServerImpl.java:lambda$close$4(434)) - 9ece8bf6-7d6b-4143-af63-958068d3c465@group-3040412DE051: shutdown
2022-07-01 06:36:12,731 [Command processor thread] INFO  util.JmxRegister (JmxRegister.java:unregister(73)) - Successfully un-registered JMX Bean with object name Ratis:service=RaftServer,group=group-3040412DE051,id=9ece8bf6-7d6b-4143-af63-958068d3c465
2022-07-01 06:36:12,731 [Command processor thread] INFO  impl.RoleInfo (RoleInfo.java:shutdownLeaderState(93)) - 9ece8bf6-7d6b-4143-af63-958068d3c465: shutdown 9ece8bf6-7d6b-4143-af63-958068d3c465@group-3040412DE051-LeaderStateImpl
2022-07-01 06:36:12,738 [ReplicationMonitor] INFO  replication.ReplicationManager (ReplicationManager.java:processAll(227)) - Replication Manager is not ready to run until 3000ms after safemode exit
2022-07-01 06:36:12,738 [Command processor thread] INFO  impl.PendingRequests (PendingRequests.java:sendNotLeaderResponses(282)) - 9ece8bf6-7d6b-4143-af63-958068d3c465@group-3040412DE051-PendingRequests: sendNotLeaderResponses
2022-07-01 06:36:12,739 [Command processor thread] INFO  impl.StateMachineUpdater (StateMachineUpdater.java:stopAndJoin(153)) - 9ece8bf6-7d6b-4143-af63-958068d3c465@group-3040412DE051-StateMachineUpdater: set stopIndex = 0
2022-07-01 06:36:12,739 [9ece8bf6-7d6b-4143-af63-958068d3c465@group-3040412DE051->810a7c2f-f328-499d-804a-5e30d42c1343-GrpcLogAppender-LogAppenderDaemon] WARN  server.GrpcLogAppender (GrpcLogAppender.java:mayWait(171)) - 9ece8bf6-7d6b-4143-af63-958068d3c465@group-3040412DE051->810a7c2f-f328-499d-804a-5e30d42c1343-GrpcLogAppender: Wait interrupted by java.lang.InterruptedException
2022-07-01 06:36:12,740 [9ece8bf6-7d6b-4143-af63-958068d3c465@group-3040412DE051-StateMachineUpdater] INFO  ratis.ContainerStateMachine (ContainerStateMachine.java:takeSnapshot(304)) - group-3040412DE051: Taking a snapshot at:(t:1, i:0) file /home/runner/work/ozone/ozone/hadoop-ozone/integration-test/target/test-dir/MiniOzoneClusterImpl-7502d6fe-9434-4bad-a2d4-af421e375e39/datanode-2/data/ratis/e226c85f-4b7a-44b5-ba5f-3040412de051/sm/snapshot.1_0
2022-07-01 06:36:12,740 [grpc-default-executor-4] INFO  server.GrpcServerProtocolService (GrpcServerProtocolService.java:onCompleted(140)) - 810a7c2f-f328-499d-804a-5e30d42c1343: Completed APPEND_ENTRIES, lastRequest: 9ece8bf6-7d6b-4143-af63-958068d3c465->810a7c2f-f328-499d-804a-5e30d42c1343#1-t1,previous=(t:0, i:0),leaderCommit=-1,initializing? true,entries: size=1, first=(t:1, i:0), CONFIGURATIONENTRY
2022-07-01 06:36:12,740 [grpc-default-executor-4] INFO  server.GrpcLogAppender (GrpcLogAppender.java:onCompleted(339)) - 9ece8bf6-7d6b-4143-af63-958068d3c465@group-3040412DE051->810a7c2f-f328-499d-804a-5e30d42c1343-AppendLogResponseHandler: follower responses appendEntries COMPLETED
2022-07-01 06:36:12,741 [grpc-default-executor-4] INFO  leader.FollowerInfo (FollowerInfoImpl.java:lambda$new$0(48)) - 9ece8bf6-7d6b-4143-af63-958068d3c465@group-3040412DE051->810a7c2f-f328-499d-804a-5e30d42c1343: nextIndex: updateUnconditionally 1 -> 0
2022-07-01 06:36:12,742 [9ece8bf6-7d6b-4143-af63-958068d3c465@group-3040412DE051-StateMachineUpdater] INFO  ratis.ContainerStateMachine (ContainerStateMachine.java:takeSnapshot(315)) - group-3040412DE051: Finished taking a snapshot at:(t:1, i:0) file:/home/runner/work/ozone/ozone/hadoop-ozone/integration-test/target/test-dir/MiniOzoneClusterImpl-7502d6fe-9434-4bad-a2d4-af421e375e39/datanode-2/data/ratis/e226c85f-4b7a-44b5-ba5f-3040412de051/sm/snapshot.1_0 took: 3 ms
2022-07-01 06:36:12,742 [9ece8bf6-7d6b-4143-af63-958068d3c465@group-3040412DE051-StateMachineUpdater] INFO  impl.StateMachineUpdater (StateMachineUpdater.java:takeSnapshot(287)) - 9ece8bf6-7d6b-4143-af63-958068d3c465@group-3040412DE051-StateMachineUpdater: Took a snapshot at index 0
2022-07-01 06:36:12,742 [9ece8bf6-7d6b-4143-af63-958068d3c465@group-3040412DE051-StateMachineUpdater] INFO  impl.StateMachineUpdater (StateMachineUpdater.java:lambda$new$0(92)) - 9ece8bf6-7d6b-4143-af63-958068d3c465@group-3040412DE051-StateMachineUpdater: snapshotIndex: updateIncreasingly -1 -> 0
2022-07-01 06:36:12,743 [Command processor thread] INFO  server.RaftServer$Division (ServerState.java:close(429)) - 9ece8bf6-7d6b-4143-af63-958068d3c465@group-3040412DE051: closes. applyIndex: 0
2022-07-01 06:36:12,749 [Listener at 127.0.0.1/40159] INFO  reflections.Reflections (Reflections.java:scan(232)) - Reflections took 391 ms to scan 7 urls, producing 132 keys and 317 values 
2022-07-01 06:36:12,780 [ReplicationMonitor] INFO  replication.LegacyReplicationManager (LegacyReplicationManager.java:handleUnderReplicatedContainer(1191)) - Container #4 is under replicated. Expected replica count is 3, but found 2.
2022-07-01 06:36:12,780 [ReplicationMonitor] INFO  replication.LegacyReplicationManager (LegacyReplicationManager.java:sendReplicateCommand(1554)) - Sending replicate container command for container #4 to datanode 9ece8bf6-7d6b-4143-af63-958068d3c465{ip: 10.1.0.14, host: fv-az121-578.oisc35kgwdsevnec4nnef0ad5h.cx.internal.cloudapp.net, ports: [REPLICATION=38811, RATIS=37739, RATIS_ADMIN=37739, RATIS_SERVER=37739, STANDALONE=36031], networkLocation: /default-rack, certSerialId: null, persistedOpState: IN_SERVICE, persistedOpStateExpiryEpochSec: 0} from datanodes [8d28a716-810c-49da-9c02-9573d7e4db50{ip: 10.1.0.14, host: fv-az121-578.oisc35kgwdsevnec4nnef0ad5h.cx.internal.cloudapp.net, ports: [REPLICATION=46447, RATIS=36459, RATIS_ADMIN=36459, RATIS_SERVER=36459, STANDALONE=44577], networkLocation: /default-rack, certSerialId: null, persistedOpState: IN_SERVICE, persistedOpStateExpiryEpochSec: 0}]
2022-07-01 06:36:12,780 [ReplicationMonitor] INFO  replication.LegacyReplicationManager (LegacyReplicationManager.java:sendCloseCommand(1507)) - Sending close container command for container #6 to datanode 3e16c497-167e-44a0-ad70-845f9779a145{ip: 10.1.0.14, host: fv-az121-578.oisc35kgwdsevnec4nnef0ad5h.cx.internal.cloudapp.net, ports: [REPLICATION=35749, RATIS=46461, RATIS_ADMIN=46461, RATIS_SERVER=46461, STANDALONE=42091], networkLocation: /default-rack, certSerialId: null, persistedOpState: IN_SERVICE, persistedOpStateExpiryEpochSec: 0}.
2022-07-01 06:36:12,780 [ReplicationMonitor] INFO  replication.LegacyReplicationManager (LegacyReplicationManager.java:sendCloseCommand(1507)) - Sending close container command for container #6 to datanode 8d28a716-810c-49da-9c02-9573d7e4db50{ip: 10.1.0.14, host: fv-az121-578.oisc35kgwdsevnec4nnef0ad5h.cx.internal.cloudapp.net, ports: [REPLICATION=46447, RATIS=36459, RATIS_ADMIN=36459, RATIS_SERVER=36459, STANDALONE=44577], networkLocation: /default-rack, certSerialId: null, persistedOpState: IN_SERVICE, persistedOpStateExpiryEpochSec: 0}.
2022-07-01 06:36:12,780 [ReplicationMonitor] INFO  replication.ReplicationManager (ReplicationManager.java:processAll(260)) - Replication Monitor Thread took 22 milliseconds for processing 6 containers.
2022-07-01 06:36:12,781 [Listener at 127.0.0.1/40159] INFO  statemachine.DatanodeStateMachine (DatanodeStateMachine.java:getEndPointTaskThreadPoolSize(237)) - Datanode State Machine Task Thread Pool size 2
2022-07-01 06:36:12,812 [Command processor thread] INFO  server.RaftServer$Division (RaftServerImpl.java:groupRemove(404)) - 8d28a716-810c-49da-9c02-9573d7e4db50@group-01758D4530F4: Succeed to remove RaftStorageDirectory Storage Directory /home/runner/work/ozone/ozone/hadoop-ozone/integration-test/target/test-dir/MiniOzoneClusterImpl-7502d6fe-9434-4bad-a2d4-af421e375e39/datanode-4/data/ratis/1271a3bc-28fd-4da0-a971-01758d4530f4
2022-07-01 06:36:12,812 [Command processor thread] INFO  commandhandler.ClosePipelineCommandHandler (ClosePipelineCommandHandler.java:handle(78)) - Close Pipeline PipelineID=1271a3bc-28fd-4da0-a971-01758d4530f4 command on datanode 8d28a716-810c-49da-9c02-9573d7e4db50.
2022-07-01 06:36:12,813 [FixedThreadPoolWithAffinityExecutor-0-0] INFO  container.IncrementalContainerReportHandler (AbstractContainerReportHandler.java:updateContainerState(281)) - Moving container #6 to QUASI_CLOSED state, datanode 8d28a716-810c-49da-9c02-9573d7e4db50{ip: 10.1.0.14, host: fv-az121-578.oisc35kgwdsevnec4nnef0ad5h.cx.internal.cloudapp.net, ports: [REPLICATION=46447, RATIS=36459, RATIS_ADMIN=36459, RATIS_SERVER=36459, STANDALONE=44577], networkLocation: /default-rack, certSerialId: null, persistedOpState: IN_SERVICE, persistedOpStateExpiryEpochSec: 0} reported QUASI_CLOSED replica.
2022-07-01 06:36:12,834 [ContainerReplicationThread-0] INFO  replication.DownloadAndImportReplicator (DownloadAndImportReplicator.java:replicate(105)) - Starting replication of container 2 from [810a7c2f-f328-499d-804a-5e30d42c1343{ip: 10.1.0.14, host: fv-az121-578.oisc35kgwdsevnec4nnef0ad5h.cx.internal.cloudapp.net, ports: [REPLICATION=44445, RATIS=34885, RATIS_ADMIN=34885, RATIS_SERVER=34885, STANDALONE=41881], networkLocation: /default-rack, certSerialId: null, persistedOpState: IN_SERVICE, persistedOpStateExpiryEpochSec: 0}, 9ece8bf6-7d6b-4143-af63-958068d3c465{ip: 10.1.0.14, host: fv-az121-578.oisc35kgwdsevnec4nnef0ad5h.cx.internal.cloudapp.net, ports: [REPLICATION=38811, RATIS=37739, RATIS_ADMIN=37739, RATIS_SERVER=37739, STANDALONE=36031], networkLocation: /default-rack, certSerialId: null, persistedOpState: IN_SERVICE, persistedOpStateExpiryEpochSec: 0}]
2022-07-01 06:36:12,842 [9ece8bf6-7d6b-4143-af63-958068d3c465@group-3040412DE051-SegmentedRaftLogWorker] INFO  segmented.SegmentedRaftLogWorker (SegmentedRaftLogWorker.java:run(336)) - 9ece8bf6-7d6b-4143-af63-958068d3c465@group-3040412DE051-SegmentedRaftLogWorker was interrupted, exiting. There are 0 tasks remaining in the queue.
2022-07-01 06:36:12,842 [Command processor thread] INFO  segmented.SegmentedRaftLogWorker (SegmentedRaftLogWorker.java:close(246)) - 9ece8bf6-7d6b-4143-af63-958068d3c465@group-3040412DE051-SegmentedRaftLogWorker close()
2022-07-01 06:36:12,846 [Listener at 127.0.0.1/40159] INFO  volume.HddsVolume (HddsVolume.java:<init>(116)) - Creating HddsVolume: /home/runner/work/ozone/ozone/hadoop-ozone/integration-test/target/test-dir/MiniOzoneClusterImpl-bc7ab851-61db-4e9a-86cd-3d27c2668616/datanode-0/data-0/containers/hdds of storage type : DISK capacity : 9223372036854775807
2022-07-01 06:36:12,846 [Listener at 127.0.0.1/40159] INFO  volume.MutableVolumeSet (MutableVolumeSet.java:initializeVolumeSet(174)) - Added Volume : /home/runner/work/ozone/ozone/hadoop-ozone/integration-test/target/test-dir/MiniOzoneClusterImpl-bc7ab851-61db-4e9a-86cd-3d27c2668616/datanode-0/data-0/containers/hdds to VolumeSet
2022-07-01 06:36:12,846 [Listener at 127.0.0.1/40159] INFO  volume.ThrottledAsyncChecker (ThrottledAsyncChecker.java:schedule(141)) - Scheduling a check for /home/runner/work/ozone/ozone/hadoop-ozone/integration-test/target/test-dir/MiniOzoneClusterImpl-bc7ab851-61db-4e9a-86cd-3d27c2668616/datanode-0/data-0/containers/hdds
2022-07-01 06:36:12,847 [Listener at 127.0.0.1/40159] INFO  volume.StorageVolumeChecker (StorageVolumeChecker.java:checkAllVolumes(202)) - Scheduled health check for volume /home/runner/work/ozone/ozone/hadoop-ozone/integration-test/target/test-dir/MiniOzoneClusterImpl-bc7ab851-61db-4e9a-86cd-3d27c2668616/datanode-0/data-0/containers/hdds
2022-07-01 06:36:12,860 [Command processor thread] INFO  server.RaftServer$Division (RaftServerImpl.java:groupRemove(404)) - 9ece8bf6-7d6b-4143-af63-958068d3c465@group-3040412DE051: Succeed to remove RaftStorageDirectory Storage Directory /home/runner/work/ozone/ozone/hadoop-ozone/integration-test/target/test-dir/MiniOzoneClusterImpl-7502d6fe-9434-4bad-a2d4-af421e375e39/datanode-2/data/ratis/e226c85f-4b7a-44b5-ba5f-3040412de051
2022-07-01 06:36:12,861 [Command processor thread] INFO  commandhandler.ClosePipelineCommandHandler (ClosePipelineCommandHandler.java:handle(78)) - Close Pipeline PipelineID=e226c85f-4b7a-44b5-ba5f-3040412de051 command on datanode 9ece8bf6-7d6b-4143-af63-958068d3c465.
2022-07-01 06:36:12,864 [ContainerReplicationThread-0] INFO  replication.DownloadAndImportReplicator (DownloadAndImportReplicator.java:replicate(105)) - Starting replication of container 3 from [8d28a716-810c-49da-9c02-9573d7e4db50{ip: 10.1.0.14, host: fv-az121-578.oisc35kgwdsevnec4nnef0ad5h.cx.internal.cloudapp.net, ports: [REPLICATION=46447, RATIS=36459, RATIS_ADMIN=36459, RATIS_SERVER=36459, STANDALONE=44577], networkLocation: /default-rack, certSerialId: null, persistedOpState: IN_SERVICE, persistedOpStateExpiryEpochSec: 0}]
2022-07-01 06:36:12,874 [grpc-default-executor-4] INFO  replication.GrpcReplicationService (GrpcReplicationService.java:download(52)) - Streaming container data (2) to other datanode
2022-07-01 06:36:12,889 [Listener at 127.0.0.1/40159] INFO  volume.MutableVolumeSet (MutableVolumeSet.java:initializeVolumeSet(174)) - Added Volume : /home/runner/work/ozone/ozone/hadoop-ozone/integration-test/target/test-dir/MiniOzoneClusterImpl-bc7ab851-61db-4e9a-86cd-3d27c2668616/datanode-0/data/ratis to VolumeSet
2022-07-01 06:36:12,889 [Listener at 127.0.0.1/40159] INFO  volume.ThrottledAsyncChecker (ThrottledAsyncChecker.java:schedule(141)) - Scheduling a check for /home/runner/work/ozone/ozone/hadoop-ozone/integration-test/target/test-dir/MiniOzoneClusterImpl-bc7ab851-61db-4e9a-86cd-3d27c2668616/datanode-0/data/ratis
2022-07-01 06:36:12,890 [Listener at 127.0.0.1/40159] INFO  volume.StorageVolumeChecker (StorageVolumeChecker.java:checkAllVolumes(202)) - Scheduled health check for volume /home/runner/work/ozone/ozone/hadoop-ozone/integration-test/target/test-dir/MiniOzoneClusterImpl-bc7ab851-61db-4e9a-86cd-3d27c2668616/datanode-0/data/ratis
2022-07-01 06:36:12,902 [grpc-default-executor-1] INFO  replication.GrpcReplicationService (GrpcReplicationService.java:download(52)) - Streaming container data (3) to other datanode
2022-07-01 06:36:12,959 [Thread-3647] INFO  ozoneimpl.ContainerReader (ContainerReader.java:readVolume(172)) - Finish verifying containers on volume /home/runner/work/ozone/ozone/hadoop-ozone/integration-test/target/test-dir/MiniOzoneClusterImpl-bc7ab851-61db-4e9a-86cd-3d27c2668616/datanode-0/data-0/containers/hdds
2022-07-01 06:36:12,959 [Listener at 127.0.0.1/40159] INFO  ozoneimpl.OzoneContainer (OzoneContainer.java:buildContainerSet(266)) - Build ContainerSet costs 0s
2022-07-01 06:36:12,960 [Listener at 127.0.0.1/40159] INFO  server.RaftServer (ConfUtils.java:logGet(46)) - raft.rpc.type = GRPC (default)
2022-07-01 06:36:12,961 [Listener at 127.0.0.1/40159] INFO  grpc.GrpcFactory (GrpcFactory.java:checkPooledByteBufAllocatorUseCacheForAllThreads(48)) - PERFORMANCE WARNING: useCacheForAllThreads is true that may cause Netty to create a lot garbage objects and, as a result, trigger GC.
	It is recommended to disable useCacheForAllThreads by setting -Dorg.apache.ratis.thirdparty.io.netty.allocator.useCacheForAllThreads=false in command line.
2022-07-01 06:36:12,961 [Listener at 127.0.0.1/40159] INFO  grpc.GrpcConfigKeys (ConfUtils.java:logGet(46)) - raft.grpc.admin.port = 0 (custom)
2022-07-01 06:36:12,961 [Listener at 127.0.0.1/40159] INFO  grpc.GrpcConfigKeys (ConfUtils.java:logGet(46)) - raft.grpc.client.port = 0 (custom)
2022-07-01 06:36:12,961 [Listener at 127.0.0.1/40159] INFO  grpc.GrpcConfigKeys (ConfUtils.java:logGet(46)) - raft.grpc.server.port = 0 (default)
2022-07-01 06:36:12,961 [Listener at 127.0.0.1/40159] INFO  server.GrpcService (ConfUtils.java:logGet(46)) - raft.grpc.message.size.max = 32MB (=33554432) (custom)
2022-07-01 06:36:12,961 [Listener at 127.0.0.1/40159] INFO  server.RaftServerConfigKeys (ConfUtils.java:logGet(46)) - raft.server.log.appender.buffer.byte-limit = 33554432 (custom)
2022-07-01 06:36:12,961 [Listener at 127.0.0.1/40159] INFO  server.GrpcService (ConfUtils.java:logGet(46)) - raft.grpc.flow.control.window = 5MB (=5242880) (custom)
2022-07-01 06:36:12,961 [Listener at 127.0.0.1/40159] INFO  server.RaftServerConfigKeys (ConfUtils.java:logGet(46)) - raft.server.rpc.request.timeout = 60s (custom)
2022-07-01 06:36:12,961 [Listener at 127.0.0.1/40159] INFO  grpc.GrpcConfigKeys (ConfUtils.java:logGet(46)) - raft.grpc.server.async.request.thread.pool.cached = true (default)
2022-07-01 06:36:12,961 [Listener at 127.0.0.1/40159] INFO  grpc.GrpcConfigKeys (ConfUtils.java:logGet(46)) - raft.grpc.server.async.request.thread.pool.size = 32 (default)
2022-07-01 06:36:12,962 [Listener at 127.0.0.1/40159] INFO  impl.DataStreamServerImpl (ConfUtils.java:logGet(46)) - raft.datastream.type = DISABLED (default)
2022-07-01 06:36:12,962 [Listener at 127.0.0.1/40159] INFO  server.RaftServerConfigKeys (ConfUtils.java:logGet(46)) - raft.server.threadpool.proxy.cached = true (default)
2022-07-01 06:36:12,962 [Listener at 127.0.0.1/40159] INFO  server.RaftServerConfigKeys (ConfUtils.java:logGet(46)) - raft.server.threadpool.proxy.size = 0 (default)
2022-07-01 06:36:12,962 [Listener at 127.0.0.1/40159] INFO  server.RaftServerConfigKeys (ConfUtils.java:logGet(46)) - raft.server.rpc.slowness.timeout = 300s (custom)
2022-07-01 06:36:12,962 [Listener at 127.0.0.1/40159] INFO  server.RaftServerConfigKeys (ConfUtils.java:logGet(46)) - raft.server.leaderelection.leader.step-down.wait-time = 10s (default)
2022-07-01 06:36:12,962 [Listener at 127.0.0.1/40159] INFO  server.RaftServerConfigKeys (ConfUtils.java:logGet(46)) - raft.server.storage.dir = [/home/runner/work/ozone/ozone/hadoop-ozone/integration-test/target/test-dir/MiniOzoneClusterImpl-bc7ab851-61db-4e9a-86cd-3d27c2668616/datanode-0/data/ratis] (custom)
2022-07-01 06:36:12,972 [Listener at 127.0.0.1/40159] INFO  server.XceiverServerGrpc (XceiverServerGrpc.java:<init>(132)) - GrpcServer channel type EpollServerSocketChannel
2022-07-01 06:36:13,001 [Listener at 127.0.0.1/40159] INFO  http.BaseHttpServer (BaseHttpServer.java:newHttpServer2BuilderForOzone(209)) - Starting Web-server for hddsDatanode at: http://0.0.0.0:0
2022-07-01 06:36:13,001 [Listener at 127.0.0.1/40159] INFO  http.BaseHttpServer (BaseHttpServer.java:<init>(107)) - Hadoop Security Enabled: false Ozone Security Enabled: false Ozone HTTP Security Enabled: false 
2022-07-01 06:36:13,002 [Listener at 127.0.0.1/40159] INFO  server.AuthenticationFilter (AuthenticationFilter.java:constructSecretProvider(240)) - Unable to initialize FileSignerSecretProvider, falling back to use random secrets.
2022-07-01 06:36:13,038 [grpc-default-executor-4] INFO  replication.GrpcOutputStream (GrpcOutputStream.java:close(104)) - Sent 26782 bytes for container 2
2022-07-01 06:36:13,041 [grpc-default-executor-3] INFO  replication.GrpcReplicationClient (GrpcReplicationClient.java:onCompleted(197)) - Container 2 is downloaded to /home/runner/work/ozone/ozone/hadoop-ozone/integration-test/target/test-dir/MiniOzoneClusterImpl-7502d6fe-9434-4bad-a2d4-af421e375e39/datanode-4/data/replication/work/container-2.tar.gz
2022-07-01 06:36:13,077 [Listener at 127.0.0.1/40159] WARN  http.HttpRequestLog (HttpRequestLog.java:getRequestLog(103)) - Jetty request log can only be enabled using Log4j
2022-07-01 06:36:13,077 [ContainerReplicationThread-0] INFO  replication.DownloadAndImportReplicator (DownloadAndImportReplicator.java:replicate(117)) - Container 2 is downloaded with size 26782, starting to import.
2022-07-01 06:36:13,111 [Listener at 127.0.0.1/40159] INFO  http.HttpServer2 (HttpServer2.java:addGlobalFilter(1029)) - Added global filter 'safety' (class=org.apache.hadoop.hdds.server.http.HttpServer2$QuotingInputFilter)
2022-07-01 06:36:13,111 [Listener at 127.0.0.1/40159] INFO  http.HttpServer2 (HttpServer2.java:addFilter(1005)) - Added filter static_user_filter (class=org.apache.hadoop.http.lib.StaticUserWebFilter$StaticUserFilter) to context hddsDatanode
2022-07-01 06:36:13,111 [Listener at 127.0.0.1/40159] INFO  http.HttpServer2 (HttpServer2.java:addFilter(1013)) - Added filter static_user_filter (class=org.apache.hadoop.http.lib.StaticUserWebFilter$StaticUserFilter) to context logs
2022-07-01 06:36:13,111 [Listener at 127.0.0.1/40159] INFO  http.HttpServer2 (HttpServer2.java:addFilter(1013)) - Added filter static_user_filter (class=org.apache.hadoop.http.lib.StaticUserWebFilter$StaticUserFilter) to context static
2022-07-01 06:36:13,112 [Listener at 127.0.0.1/40159] INFO  http.HttpServer2 (HttpServer2.java:bindListener(1248)) - Jetty bound to port 45103
2022-07-01 06:36:13,112 [Listener at 127.0.0.1/40159] INFO  server.Server (Server.java:doStart(375)) - jetty-9.4.43.v20210629; built: 2021-06-30T11:07:22.254Z; git: 526006ecfa3af7f1a27ef3a288e2bef7ea9dd7e8; jvm 1.8.0_332-b09
2022-07-01 06:36:13,179 [grpc-default-executor-1] INFO  replication.GrpcOutputStream (GrpcOutputStream.java:close(104)) - Sent 26677 bytes for container 3
2022-07-01 06:36:13,209 [Listener at 127.0.0.1/40159] INFO  server.session (DefaultSessionIdManager.java:doStart(334)) - DefaultSessionIdManager workerName=node0
2022-07-01 06:36:13,209 [Listener at 127.0.0.1/40159] INFO  server.session (DefaultSessionIdManager.java:doStart(339)) - No SessionScavenger set, using defaults
2022-07-01 06:36:13,209 [Listener at 127.0.0.1/40159] INFO  server.session (HouseKeeper.java:startScavenging(132)) - node0 Scavenging every 600000ms
2022-07-01 06:36:13,210 [Listener at 127.0.0.1/40159] INFO  handler.ContextHandler (ContextHandler.java:doStart(915)) - Started o.e.j.s.ServletContextHandler@1fa1a02d{logs,/logs,file:///home/runner/work/ozone/ozone/hadoop-ozone/integration-test/target/log,AVAILABLE}
2022-07-01 06:36:13,210 [Listener at 127.0.0.1/40159] INFO  handler.ContextHandler (ContextHandler.java:doStart(915)) - Started o.e.j.s.ServletContextHandler@33f9efd6{static,/static,jar:file:/home/runner/.m2/repository/org/apache/ozone/hdds-container-service/1.3.0-SNAPSHOT/hdds-container-service-1.3.0-SNAPSHOT.jar!/webapps/static,AVAILABLE}
2022-07-01 06:36:13,216 [grpc-default-executor-1] INFO  replication.GrpcReplicationClient (GrpcReplicationClient.java:onCompleted(197)) - Container 3 is downloaded to /home/runner/work/ozone/ozone/hadoop-ozone/integration-test/target/test-dir/MiniOzoneClusterImpl-7502d6fe-9434-4bad-a2d4-af421e375e39/datanode-2/data/replication/work/container-3.tar.gz
2022-07-01 06:36:13,216 [ContainerReplicationThread-0] INFO  replication.DownloadAndImportReplicator (DownloadAndImportReplicator.java:replicate(122)) - Container 2 is replicated successfully
2022-07-01 06:36:13,216 [ContainerReplicationThread-0] INFO  replication.ReplicationSupervisor (ReplicationSupervisor.java:run(176)) - Container 2 is replicated.
2022-07-01 06:36:13,222 [ContainerReplicationThread-0] INFO  replication.DownloadAndImportReplicator (DownloadAndImportReplicator.java:replicate(117)) - Container 3 is downloaded with size 26677, starting to import.
2022-07-01 06:36:13,277 [ReplicationMonitor] INFO  replication.ReplicationManager (ReplicationManager.java:processAll(260)) - Replication Monitor Thread took 0 milliseconds for processing 0 containers.
2022-07-01 06:36:13,279 [ReplicationMonitor] INFO  replication.ReplicationManager (ReplicationManager.java:processAll(260)) - Replication Monitor Thread took 0 milliseconds for processing 6 containers.
2022-07-01 06:36:13,327 [grpc-default-executor-4] WARN  server.GrpcLogAppender (LogUtils.java:warn(122)) - 3e16c497-167e-44a0-ad70-845f9779a145@group-01758D4530F4->367f39bd-4131-4de8-b715-21ece6255991-AppendLogResponseHandler: Failed appendEntries: org.apache.ratis.thirdparty.io.grpc.StatusRuntimeException: UNAVAILABLE: io exception
2022-07-01 06:36:13,327 [grpc-default-executor-4] WARN  server.GrpcLogAppender (GrpcLogAppender.java:resetClient(111)) - 3e16c497-167e-44a0-ad70-845f9779a145@group-01758D4530F4->367f39bd-4131-4de8-b715-21ece6255991-GrpcLogAppender: Leader has not got in touch with Follower 3e16c497-167e-44a0-ad70-845f9779a145@group-01758D4530F4->367f39bd-4131-4de8-b715-21ece6255991(c-1,m0,n53, attendVote=true, lastRpcSendTime=0, lastRpcResponseTime=7927) yet, just keep nextIndex unchanged and retry.
2022-07-01 06:36:13,391 [ContainerReplicationThread-0] INFO  replication.DownloadAndImportReplicator (DownloadAndImportReplicator.java:replicate(122)) - Container 3 is replicated successfully
2022-07-01 06:36:13,392 [ContainerReplicationThread-0] INFO  replication.ReplicationSupervisor (ReplicationSupervisor.java:run(176)) - Container 3 is replicated.
2022-07-01 06:36:13,738 [ReplicationMonitor] INFO  replication.ReplicationManager (ReplicationManager.java:processAll(227)) - Replication Manager is not ready to run until 3000ms after safemode exit
2022-07-01 06:36:13,784 [ReplicationMonitor] INFO  replication.LegacyReplicationManager (LegacyReplicationManager.java:handleUnderReplicatedContainer(1191)) - Container #6 is under replicated. Expected replica count is 3, but found 2.
2022-07-01 06:36:13,784 [ReplicationMonitor] INFO  replication.LegacyReplicationManager (LegacyReplicationManager.java:sendReplicateCommand(1554)) - Sending replicate container command for container #6 to datanode 9ece8bf6-7d6b-4143-af63-958068d3c465{ip: 10.1.0.14, host: fv-az121-578.oisc35kgwdsevnec4nnef0ad5h.cx.internal.cloudapp.net, ports: [REPLICATION=38811, RATIS=37739, RATIS_ADMIN=37739, RATIS_SERVER=37739, STANDALONE=36031], networkLocation: /default-rack, certSerialId: null, persistedOpState: IN_SERVICE, persistedOpStateExpiryEpochSec: 0} from datanodes [8d28a716-810c-49da-9c02-9573d7e4db50{ip: 10.1.0.14, host: fv-az121-578.oisc35kgwdsevnec4nnef0ad5h.cx.internal.cloudapp.net, ports: [REPLICATION=46447, RATIS=36459, RATIS_ADMIN=36459, RATIS_SERVER=36459, STANDALONE=44577], networkLocation: /default-rack, certSerialId: null, persistedOpState: IN_SERVICE, persistedOpStateExpiryEpochSec: 0}]
2022-07-01 06:36:13,784 [ReplicationMonitor] INFO  replication.ReplicationManager (ReplicationManager.java:processAll(260)) - Replication Monitor Thread took 0 milliseconds for processing 6 containers.
2022-07-01 06:36:14,280 [ReplicationMonitor] INFO  replication.ReplicationManager (ReplicationManager.java:processAll(260)) - Replication Monitor Thread took 0 milliseconds for processing 0 containers.
2022-07-01 06:36:14,281 [ReplicationMonitor] INFO  replication.ReplicationManager (ReplicationManager.java:processAll(260)) - Replication Monitor Thread took 0 milliseconds for processing 6 containers.
2022-07-01 06:36:14,490 [ContainerReplicationThread-1] INFO  replication.DownloadAndImportReplicator (DownloadAndImportReplicator.java:replicate(105)) - Starting replication of container 4 from [8d28a716-810c-49da-9c02-9573d7e4db50{ip: 10.1.0.14, host: fv-az121-578.oisc35kgwdsevnec4nnef0ad5h.cx.internal.cloudapp.net, ports: [REPLICATION=46447, RATIS=36459, RATIS_ADMIN=36459, RATIS_SERVER=36459, STANDALONE=44577], networkLocation: /default-rack, certSerialId: null, persistedOpState: IN_SERVICE, persistedOpStateExpiryEpochSec: 0}]
2022-07-01 06:36:14,499 [ContainerReplicationThread-2] INFO  replication.DownloadAndImportReplicator (DownloadAndImportReplicator.java:replicate(105)) - Starting replication of container 6 from [8d28a716-810c-49da-9c02-9573d7e4db50{ip: 10.1.0.14, host: fv-az121-578.oisc35kgwdsevnec4nnef0ad5h.cx.internal.cloudapp.net, ports: [REPLICATION=46447, RATIS=36459, RATIS_ADMIN=36459, RATIS_SERVER=36459, STANDALONE=44577], networkLocation: /default-rack, certSerialId: null, persistedOpState: IN_SERVICE, persistedOpStateExpiryEpochSec: 0}]
2022-07-01 06:36:14,518 [grpc-default-executor-1] INFO  replication.GrpcReplicationService (GrpcReplicationService.java:download(52)) - Streaming container data (4) to other datanode
2022-07-01 06:36:14,524 [grpc-default-executor-3] INFO  replication.GrpcReplicationService (GrpcReplicationService.java:download(52)) - Streaming container data (6) to other datanode
2022-07-01 06:36:14,598 [grpc-default-executor-4] WARN  server.GrpcLogAppender (LogUtils.java:warn(122)) - 3e16c497-167e-44a0-ad70-845f9779a145@group-01758D4530F4->367f39bd-4131-4de8-b715-21ece6255991-AppendLogResponseHandler: Failed appendEntries: org.apache.ratis.thirdparty.io.grpc.StatusRuntimeException: UNAVAILABLE: io exception
2022-07-01 06:36:14,599 [grpc-default-executor-4] WARN  server.GrpcLogAppender (GrpcLogAppender.java:resetClient(111)) - 3e16c497-167e-44a0-ad70-845f9779a145@group-01758D4530F4->367f39bd-4131-4de8-b715-21ece6255991-GrpcLogAppender: Leader has not got in touch with Follower 3e16c497-167e-44a0-ad70-845f9779a145@group-01758D4530F4->367f39bd-4131-4de8-b715-21ece6255991(c-1,m0,n53, attendVote=true, lastRpcSendTime=0, lastRpcResponseTime=9198) yet, just keep nextIndex unchanged and retry.
2022-07-01 06:36:14,598 [grpc-default-executor-3] INFO  replication.GrpcOutputStream (GrpcOutputStream.java:close(104)) - Sent 20412 bytes for container 6
2022-07-01 06:36:14,613 [grpc-default-executor-3] INFO  replication.GrpcReplicationClient (GrpcReplicationClient.java:onCompleted(197)) - Container 6 is downloaded to /home/runner/work/ozone/ozone/hadoop-ozone/integration-test/target/test-dir/MiniOzoneClusterImpl-7502d6fe-9434-4bad-a2d4-af421e375e39/datanode-2/data/replication/work/container-6.tar.gz
2022-07-01 06:36:14,614 [ContainerReplicationThread-2] INFO  replication.DownloadAndImportReplicator (DownloadAndImportReplicator.java:replicate(117)) - Container 6 is downloaded with size 20412, starting to import.
2022-07-01 06:36:14,615 [grpc-default-executor-1] INFO  replication.GrpcOutputStream (GrpcOutputStream.java:close(104)) - Sent 18470 bytes for container 4
2022-07-01 06:36:14,636 [grpc-default-executor-1] INFO  replication.GrpcReplicationClient (GrpcReplicationClient.java:onCompleted(197)) - Container 4 is downloaded to /home/runner/work/ozone/ozone/hadoop-ozone/integration-test/target/test-dir/MiniOzoneClusterImpl-7502d6fe-9434-4bad-a2d4-af421e375e39/datanode-2/data/replication/work/container-4.tar.gz
2022-07-01 06:36:14,636 [ContainerReplicationThread-1] INFO  replication.DownloadAndImportReplicator (DownloadAndImportReplicator.java:replicate(117)) - Container 4 is downloaded with size 18470, starting to import.
2022-07-01 06:36:14,670 [Listener at 127.0.0.1/40159] INFO  handler.ContextHandler (ContextHandler.java:doStart(915)) - Started o.e.j.w.WebAppContext@6910ac0d{hddsDatanode,/,file:///tmp/jetty-0_0_0_0-45103-hdds-container-service-1_3_0-SNAPSHOT_jar-_-any-3172659704318047172/webapp/,AVAILABLE}{jar:file:/home/runner/.m2/repository/org/apache/ozone/hdds-container-service/1.3.0-SNAPSHOT/hdds-container-service-1.3.0-SNAPSHOT.jar!/webapps/hddsDatanode}
2022-07-01 06:36:14,738 [ReplicationMonitor] INFO  replication.ReplicationManager (ReplicationManager.java:processAll(227)) - Replication Manager is not ready to run until 3000ms after safemode exit
2022-07-01 06:36:14,745 [ContainerReplicationThread-2] INFO  replication.DownloadAndImportReplicator (DownloadAndImportReplicator.java:replicate(122)) - Container 6 is replicated successfully
2022-07-01 06:36:14,745 [ContainerReplicationThread-2] INFO  replication.ReplicationSupervisor (ReplicationSupervisor.java:run(176)) - Container 6 is replicated.
2022-07-01 06:36:14,768 [ContainerReplicationThread-1] INFO  replication.DownloadAndImportReplicator (DownloadAndImportReplicator.java:replicate(122)) - Container 4 is replicated successfully
2022-07-01 06:36:14,768 [ContainerReplicationThread-1] INFO  replication.ReplicationSupervisor (ReplicationSupervisor.java:run(176)) - Container 4 is replicated.
2022-07-01 06:36:14,777 [Listener at 127.0.0.1/40159] INFO  server.AbstractConnector (AbstractConnector.java:doStart(331)) - Started ServerConnector@666a7b19{HTTP/1.1, (http/1.1)}{0.0.0.0:45103}
2022-07-01 06:36:14,777 [Listener at 127.0.0.1/40159] INFO  server.Server (Server.java:doStart(415)) - Started @190824ms
2022-07-01 06:36:14,777 [Listener at 127.0.0.1/40159] WARN  impl.MetricsSystemImpl (MetricsSystemImpl.java:register(279)) - Sink prometheus already exists!
2022-07-01 06:36:14,778 [Listener at 127.0.0.1/40159] INFO  http.BaseHttpServer (BaseHttpServer.java:updateConnectorAddress(329)) - HTTP server of hddsDatanode listening at http://0.0.0.0:45103
2022-07-01 06:36:14,778 [Listener at 127.0.0.1/40159] WARN  impl.MetricRegistriesImpl (MetricRegistriesImpl.java:addReporterRegistration(111)) - New reporters are added after registries were created. Some metrics will be missing from the reporter. Please add reporter before adding any new registry.
2022-07-01 06:36:14,778 [Listener at 127.0.0.1/40159] WARN  impl.MetricRegistriesImpl (MetricRegistriesImpl.java:addReporterRegistration(111)) - New reporters are added after registries were created. Some metrics will be missing from the reporter. Please add reporter before adding any new registry.
2022-07-01 06:36:14,779 [Listener at 127.0.0.1/40159] INFO  impl.MetricsSystemImpl (MetricsSystemImpl.java:init(158)) - HddsDatanode metrics system started (again)
2022-07-01 06:36:14,784 [Datanode State Machine Daemon Thread] INFO  statemachine.DatanodeStateMachine (DatanodeStateMachine.java:lambda$startDaemon$0(492)) - Ozone container server started.
2022-07-01 06:36:14,785 [ReplicationMonitor] INFO  replication.LegacyReplicationManager (LegacyReplicationManager.java:sendCloseCommand(1507)) - Sending close container command for container #6 to datanode 3e16c497-167e-44a0-ad70-845f9779a145{ip: 10.1.0.14, host: fv-az121-578.oisc35kgwdsevnec4nnef0ad5h.cx.internal.cloudapp.net, ports: [REPLICATION=35749, RATIS=46461, RATIS_ADMIN=46461, RATIS_SERVER=46461, STANDALONE=42091], networkLocation: /default-rack, certSerialId: null, persistedOpState: IN_SERVICE, persistedOpStateExpiryEpochSec: 0}.
2022-07-01 06:36:14,785 [ReplicationMonitor] INFO  replication.ReplicationManager (ReplicationManager.java:processAll(260)) - Replication Monitor Thread took 1 milliseconds for processing 6 containers.
2022-07-01 06:36:14,792 [Listener at 127.0.0.1/40159] INFO  ozone.HddsDatanodeService (HddsDatanodeService.java:start(236)) - HddsDatanodeService host:fv-az121-578.oisc35kgwdsevnec4nnef0ad5h.cx.internal.cloudapp.net ip:10.1.0.14
2022-07-01 06:36:14,813 [org.apache.hadoop.util.JvmPauseMonitor$Monitor@34eac8a5] INFO  util.JvmPauseMonitor (JvmPauseMonitor.java:run(188)) - Starting JVM pause monitor
2022-07-01 06:36:14,819 [Datanode State Machine Task Thread - 0] INFO  datanode.InitDatanodeState (InitDatanodeState.java:persistContainerDatanodeDetails(138)) - DatanodeDetails is persisted to /home/runner/work/ozone/ozone/hadoop-ozone/integration-test/target/test-dir/MiniOzoneClusterImpl-bc7ab851-61db-4e9a-86cd-3d27c2668616/datanode-0/meta/datanode.id
2022-07-01 06:36:14,898 [Listener at 127.0.0.1/40159] INFO  upgrade.AbstractLayoutVersionManager (AbstractLayoutVersionManager.java:init(82)) - Initializing Layout version manager with metadata layout = DATANODE_SCHEMA_V3 (version = 4), software layout = DATANODE_SCHEMA_V3 (version = 4)
2022-07-01 06:36:15,086 [EventQueue-StaleNodeForStaleNodeHandler] INFO  node.StaleNodeHandler (StaleNodeHandler.java:onMessage(58)) - Datanode 3e16c497-167e-44a0-ad70-845f9779a145{ip: 10.1.0.14, host: fv-az121-578.oisc35kgwdsevnec4nnef0ad5h.cx.internal.cloudapp.net, ports: [REPLICATION=35749, RATIS=46461, RATIS_ADMIN=46461, RATIS_SERVER=46461, STANDALONE=42091], networkLocation: /default-rack, certSerialId: null, persistedOpState: IN_SERVICE, persistedOpStateExpiryEpochSec: 0} moved to stale state. Finalizing its pipelines [PipelineID=c15687ba-f767-41f3-9b29-0a83fec3330e]
2022-07-01 06:36:15,086 [EventQueue-StaleNodeForStaleNodeHandler] INFO  pipeline.PipelineManagerImpl (PipelineManagerImpl.java:closePipeline(432)) - Pipeline Pipeline[ Id: c15687ba-f767-41f3-9b29-0a83fec3330e, Nodes: 3e16c497-167e-44a0-ad70-845f9779a145{ip: 10.1.0.14, host: fv-az121-578.oisc35kgwdsevnec4nnef0ad5h.cx.internal.cloudapp.net, ports: [REPLICATION=35749, RATIS=46461, RATIS_ADMIN=46461, RATIS_SERVER=46461, STANDALONE=42091], networkLocation: /default-rack, certSerialId: null, persistedOpState: IN_SERVICE, persistedOpStateExpiryEpochSec: 0}, ReplicationConfig: RATIS/ONE, State:OPEN, leaderId:3e16c497-167e-44a0-ad70-845f9779a145, CreationTimestamp2022-07-01T06:34:11.572Z[Etc/UTC]] moved to CLOSED state
2022-07-01 06:36:15,187 [Listener at 127.0.0.1/40159] INFO  reflections.Reflections (Reflections.java:scan(232)) - Reflections took 288 ms to scan 7 urls, producing 132 keys and 317 values 
2022-07-01 06:36:15,187 [Listener at 127.0.0.1/40159] INFO  statemachine.DatanodeStateMachine (DatanodeStateMachine.java:getEndPointTaskThreadPoolSize(237)) - Datanode State Machine Task Thread Pool size 2
2022-07-01 06:36:15,280 [Listener at 127.0.0.1/40159] INFO  volume.HddsVolume (HddsVolume.java:<init>(116)) - Creating HddsVolume: /home/runner/work/ozone/ozone/hadoop-ozone/integration-test/target/test-dir/MiniOzoneClusterImpl-bc7ab851-61db-4e9a-86cd-3d27c2668616/datanode-1/data-0/containers/hdds of storage type : DISK capacity : 9223372036854775807
2022-07-01 06:36:15,280 [Listener at 127.0.0.1/40159] INFO  volume.MutableVolumeSet (MutableVolumeSet.java:initializeVolumeSet(174)) - Added Volume : /home/runner/work/ozone/ozone/hadoop-ozone/integration-test/target/test-dir/MiniOzoneClusterImpl-bc7ab851-61db-4e9a-86cd-3d27c2668616/datanode-1/data-0/containers/hdds to VolumeSet
2022-07-01 06:36:15,280 [Listener at 127.0.0.1/40159] INFO  volume.ThrottledAsyncChecker (ThrottledAsyncChecker.java:schedule(141)) - Scheduling a check for /home/runner/work/ozone/ozone/hadoop-ozone/integration-test/target/test-dir/MiniOzoneClusterImpl-bc7ab851-61db-4e9a-86cd-3d27c2668616/datanode-1/data-0/containers/hdds
2022-07-01 06:36:15,282 [ReplicationMonitor] INFO  replication.ReplicationManager (ReplicationManager.java:processAll(260)) - Replication Monitor Thread took 0 milliseconds for processing 0 containers.
2022-07-01 06:36:15,283 [ReplicationMonitor] INFO  replication.ReplicationManager (ReplicationManager.java:processAll(260)) - Replication Monitor Thread took 1 milliseconds for processing 6 containers.
2022-07-01 06:36:15,328 [Listener at 127.0.0.1/40159] INFO  volume.StorageVolumeChecker (StorageVolumeChecker.java:checkAllVolumes(202)) - Scheduled health check for volume /home/runner/work/ozone/ozone/hadoop-ozone/integration-test/target/test-dir/MiniOzoneClusterImpl-bc7ab851-61db-4e9a-86cd-3d27c2668616/datanode-1/data-0/containers/hdds
2022-07-01 06:36:15,406 [Listener at 127.0.0.1/40159] INFO  volume.MutableVolumeSet (MutableVolumeSet.java:initializeVolumeSet(174)) - Added Volume : /home/runner/work/ozone/ozone/hadoop-ozone/integration-test/target/test-dir/MiniOzoneClusterImpl-bc7ab851-61db-4e9a-86cd-3d27c2668616/datanode-1/data/ratis to VolumeSet
2022-07-01 06:36:15,406 [Listener at 127.0.0.1/40159] INFO  volume.ThrottledAsyncChecker (ThrottledAsyncChecker.java:schedule(141)) - Scheduling a check for /home/runner/work/ozone/ozone/hadoop-ozone/integration-test/target/test-dir/MiniOzoneClusterImpl-bc7ab851-61db-4e9a-86cd-3d27c2668616/datanode-1/data/ratis
2022-07-01 06:36:15,428 [Listener at 127.0.0.1/40159] INFO  volume.StorageVolumeChecker (StorageVolumeChecker.java:checkAllVolumes(202)) - Scheduled health check for volume /home/runner/work/ozone/ozone/hadoop-ozone/integration-test/target/test-dir/MiniOzoneClusterImpl-bc7ab851-61db-4e9a-86cd-3d27c2668616/datanode-1/data/ratis
2022-07-01 06:36:15,520 [Thread-3745] INFO  ozoneimpl.ContainerReader (ContainerReader.java:readVolume(172)) - Finish verifying containers on volume /home/runner/work/ozone/ozone/hadoop-ozone/integration-test/target/test-dir/MiniOzoneClusterImpl-bc7ab851-61db-4e9a-86cd-3d27c2668616/datanode-1/data-0/containers/hdds
2022-07-01 06:36:15,524 [Listener at 127.0.0.1/40159] INFO  ozoneimpl.OzoneContainer (OzoneContainer.java:buildContainerSet(266)) - Build ContainerSet costs 0s
2022-07-01 06:36:15,525 [Listener at 127.0.0.1/40159] INFO  server.RaftServer (ConfUtils.java:logGet(46)) - raft.rpc.type = GRPC (default)
2022-07-01 06:36:15,525 [Listener at 127.0.0.1/40159] INFO  grpc.GrpcFactory (GrpcFactory.java:checkPooledByteBufAllocatorUseCacheForAllThreads(48)) - PERFORMANCE WARNING: useCacheForAllThreads is true that may cause Netty to create a lot garbage objects and, as a result, trigger GC.
	It is recommended to disable useCacheForAllThreads by setting -Dorg.apache.ratis.thirdparty.io.netty.allocator.useCacheForAllThreads=false in command line.
2022-07-01 06:36:15,525 [Listener at 127.0.0.1/40159] INFO  grpc.GrpcConfigKeys (ConfUtils.java:logGet(46)) - raft.grpc.admin.port = 0 (custom)
2022-07-01 06:36:15,526 [Listener at 127.0.0.1/40159] INFO  grpc.GrpcConfigKeys (ConfUtils.java:logGet(46)) - raft.grpc.client.port = 0 (custom)
2022-07-01 06:36:15,526 [Listener at 127.0.0.1/40159] INFO  grpc.GrpcConfigKeys (ConfUtils.java:logGet(46)) - raft.grpc.server.port = 0 (default)
2022-07-01 06:36:15,526 [Listener at 127.0.0.1/40159] INFO  server.GrpcService (ConfUtils.java:logGet(46)) - raft.grpc.message.size.max = 32MB (=33554432) (custom)
2022-07-01 06:36:15,526 [Listener at 127.0.0.1/40159] INFO  server.RaftServerConfigKeys (ConfUtils.java:logGet(46)) - raft.server.log.appender.buffer.byte-limit = 33554432 (custom)
2022-07-01 06:36:15,526 [Listener at 127.0.0.1/40159] INFO  server.GrpcService (ConfUtils.java:logGet(46)) - raft.grpc.flow.control.window = 5MB (=5242880) (custom)
2022-07-01 06:36:15,526 [Listener at 127.0.0.1/40159] INFO  server.RaftServerConfigKeys (ConfUtils.java:logGet(46)) - raft.server.rpc.request.timeout = 60s (custom)
2022-07-01 06:36:15,526 [Listener at 127.0.0.1/40159] INFO  grpc.GrpcConfigKeys (ConfUtils.java:logGet(46)) - raft.grpc.server.async.request.thread.pool.cached = true (default)
2022-07-01 06:36:15,526 [Listener at 127.0.0.1/40159] INFO  grpc.GrpcConfigKeys (ConfUtils.java:logGet(46)) - raft.grpc.server.async.request.thread.pool.size = 32 (default)
2022-07-01 06:36:15,527 [Listener at 127.0.0.1/40159] INFO  impl.DataStreamServerImpl (ConfUtils.java:logGet(46)) - raft.datastream.type = DISABLED (default)
2022-07-01 06:36:15,527 [Listener at 127.0.0.1/40159] INFO  server.RaftServerConfigKeys (ConfUtils.java:logGet(46)) - raft.server.threadpool.proxy.cached = true (default)
2022-07-01 06:36:15,527 [Listener at 127.0.0.1/40159] INFO  server.RaftServerConfigKeys (ConfUtils.java:logGet(46)) - raft.server.threadpool.proxy.size = 0 (default)
2022-07-01 06:36:15,527 [Listener at 127.0.0.1/40159] INFO  server.RaftServerConfigKeys (ConfUtils.java:logGet(46)) - raft.server.rpc.slowness.timeout = 300s (custom)
2022-07-01 06:36:15,527 [Listener at 127.0.0.1/40159] INFO  server.RaftServerConfigKeys (ConfUtils.java:logGet(46)) - raft.server.leaderelection.leader.step-down.wait-time = 10s (default)
2022-07-01 06:36:15,527 [Listener at 127.0.0.1/40159] INFO  server.RaftServerConfigKeys (ConfUtils.java:logGet(46)) - raft.server.storage.dir = [/home/runner/work/ozone/ozone/hadoop-ozone/integration-test/target/test-dir/MiniOzoneClusterImpl-bc7ab851-61db-4e9a-86cd-3d27c2668616/datanode-1/data/ratis] (custom)
2022-07-01 06:36:15,529 [Listener at 127.0.0.1/40159] INFO  server.XceiverServerGrpc (XceiverServerGrpc.java:<init>(132)) - GrpcServer channel type EpollServerSocketChannel
2022-07-01 06:36:15,566 [ForkJoinPool.commonPool-worker-1] INFO  statemachine.DatanodeStateMachine (DatanodeStateMachine.java:stopDaemon(580)) - Ozone container server stopped.
2022-07-01 06:36:15,608 [ForkJoinPool.commonPool-worker-1] INFO  handler.ContextHandler (ContextHandler.java:doStop(1153)) - Stopped o.e.j.w.WebAppContext@1ad1f167{hddsDatanode,/,null,STOPPED}{jar:file:/home/runner/.m2/repository/org/apache/ozone/hdds-container-service/1.3.0-SNAPSHOT/hdds-container-service-1.3.0-SNAPSHOT.jar!/webapps/hddsDatanode}
2022-07-01 06:36:15,698 [IPC Server handler 2 on default port 46127] INFO  node.NodeDecommissionManager (NodeDecommissionManager.java:startMaintenance(361)) - Starting Maintenance for node d3c2a0de-eb94-47c1-bf63-6feb4e2b4d03{ip: 10.1.0.14, host: fv-az121-578.oisc35kgwdsevnec4nnef0ad5h.cx.internal.cloudapp.net, ports: [REPLICATION=44917, RATIS=45813, RATIS_ADMIN=45813, RATIS_SERVER=45813, STANDALONE=33241], networkLocation: /default-rack, certSerialId: null, persistedOpState: IN_SERVICE, persistedOpStateExpiryEpochSec: 0}
2022-07-01 06:36:15,716 [ForkJoinPool.commonPool-worker-1] INFO  server.AbstractConnector (AbstractConnector.java:doStop(381)) - Stopped ServerConnector@38fc34fd{HTTP/1.1, (http/1.1)}{0.0.0.0:45695}
2022-07-01 06:36:15,716 [ForkJoinPool.commonPool-worker-1] INFO  server.session (HouseKeeper.java:stopScavenging(149)) - node0 Stopped scavenging
2022-07-01 06:36:15,736 [ForkJoinPool.commonPool-worker-1] INFO  handler.ContextHandler (ContextHandler.java:doStop(1153)) - Stopped o.e.j.s.ServletContextHandler@3bc6c10f{static,/static,jar:file:/home/runner/.m2/repository/org/apache/ozone/hdds-container-service/1.3.0-SNAPSHOT/hdds-container-service-1.3.0-SNAPSHOT.jar!/webapps/static,STOPPED}
2022-07-01 06:36:15,738 [ForkJoinPool.commonPool-worker-1] INFO  handler.ContextHandler (ContextHandler.java:doStop(1153)) - Stopped o.e.j.s.ServletContextHandler@2a5d2041{logs,/logs,file:///home/runner/work/ozone/ozone/hadoop-ozone/integration-test/target/log,STOPPED}
2022-07-01 06:36:15,739 [ReplicationMonitor] INFO  replication.ReplicationManager (ReplicationManager.java:processAll(227)) - Replication Manager is not ready to run until 3000ms after safemode exit
2022-07-01 06:36:15,745 [Listener at 127.0.0.1/40159] INFO  http.BaseHttpServer (BaseHttpServer.java:newHttpServer2BuilderForOzone(209)) - Starting Web-server for hddsDatanode at: http://0.0.0.0:0
2022-07-01 06:36:15,745 [Listener at 127.0.0.1/40159] INFO  http.BaseHttpServer (BaseHttpServer.java:<init>(107)) - Hadoop Security Enabled: false Ozone Security Enabled: false Ozone HTTP Security Enabled: false 
2022-07-01 06:36:15,746 [Listener at 127.0.0.1/40159] INFO  server.AuthenticationFilter (AuthenticationFilter.java:constructSecretProvider(240)) - Unable to initialize FileSignerSecretProvider, falling back to use random secrets.
2022-07-01 06:36:15,749 [Listener at 127.0.0.1/40159] WARN  http.HttpRequestLog (HttpRequestLog.java:getRequestLog(103)) - Jetty request log can only be enabled using Log4j
2022-07-01 06:36:15,749 [Listener at 127.0.0.1/40159] INFO  http.HttpServer2 (HttpServer2.java:addGlobalFilter(1029)) - Added global filter 'safety' (class=org.apache.hadoop.hdds.server.http.HttpServer2$QuotingInputFilter)
2022-07-01 06:36:15,750 [Listener at 127.0.0.1/40159] INFO  http.HttpServer2 (HttpServer2.java:addFilter(1005)) - Added filter static_user_filter (class=org.apache.hadoop.http.lib.StaticUserWebFilter$StaticUserFilter) to context hddsDatanode
2022-07-01 06:36:15,750 [Listener at 127.0.0.1/40159] INFO  http.HttpServer2 (HttpServer2.java:addFilter(1013)) - Added filter static_user_filter (class=org.apache.hadoop.http.lib.StaticUserWebFilter$StaticUserFilter) to context static
2022-07-01 06:36:15,750 [Listener at 127.0.0.1/40159] INFO  http.HttpServer2 (HttpServer2.java:addFilter(1013)) - Added filter static_user_filter (class=org.apache.hadoop.http.lib.StaticUserWebFilter$StaticUserFilter) to context logs
2022-07-01 06:36:15,750 [Listener at 127.0.0.1/40159] INFO  http.HttpServer2 (HttpServer2.java:bindListener(1248)) - Jetty bound to port 40587
2022-07-01 06:36:15,750 [Listener at 127.0.0.1/40159] INFO  server.Server (Server.java:doStart(375)) - jetty-9.4.43.v20210629; built: 2021-06-30T11:07:22.254Z; git: 526006ecfa3af7f1a27ef3a288e2bef7ea9dd7e8; jvm 1.8.0_332-b09
2022-07-01 06:36:15,786 [ReplicationMonitor] INFO  replication.LegacyReplicationManager (LegacyReplicationManager.java:sendCloseCommand(1507)) - Sending close container command for container #4 to datanode 3e16c497-167e-44a0-ad70-845f9779a145{ip: 10.1.0.14, host: fv-az121-578.oisc35kgwdsevnec4nnef0ad5h.cx.internal.cloudapp.net, ports: [REPLICATION=35749, RATIS=46461, RATIS_ADMIN=46461, RATIS_SERVER=46461, STANDALONE=42091], networkLocation: /default-rack, certSerialId: null, persistedOpState: IN_SERVICE, persistedOpStateExpiryEpochSec: 0}.
2022-07-01 06:36:15,786 [ReplicationMonitor] INFO  replication.LegacyReplicationManager (LegacyReplicationManager.java:sendCloseCommand(1507)) - Sending close container command for container #6 to datanode 3e16c497-167e-44a0-ad70-845f9779a145{ip: 10.1.0.14, host: fv-az121-578.oisc35kgwdsevnec4nnef0ad5h.cx.internal.cloudapp.net, ports: [REPLICATION=35749, RATIS=46461, RATIS_ADMIN=46461, RATIS_SERVER=46461, STANDALONE=42091], networkLocation: /default-rack, certSerialId: null, persistedOpState: IN_SERVICE, persistedOpStateExpiryEpochSec: 0}.
2022-07-01 06:36:15,786 [ReplicationMonitor] INFO  replication.ReplicationManager (ReplicationManager.java:processAll(260)) - Replication Monitor Thread took 0 milliseconds for processing 6 containers.
2022-07-01 06:36:15,787 [Listener at 127.0.0.1/40159] INFO  server.session (DefaultSessionIdManager.java:doStart(334)) - DefaultSessionIdManager workerName=node0
2022-07-01 06:36:15,787 [Listener at 127.0.0.1/40159] INFO  server.session (DefaultSessionIdManager.java:doStart(339)) - No SessionScavenger set, using defaults
2022-07-01 06:36:15,787 [Listener at 127.0.0.1/40159] INFO  server.session (HouseKeeper.java:startScavenging(132)) - node0 Scavenging every 600000ms
2022-07-01 06:36:15,788 [Listener at 127.0.0.1/40159] INFO  handler.ContextHandler (ContextHandler.java:doStart(915)) - Started o.e.j.s.ServletContextHandler@73ba0190{logs,/logs,file:///home/runner/work/ozone/ozone/hadoop-ozone/integration-test/target/log,AVAILABLE}
2022-07-01 06:36:15,788 [Listener at 127.0.0.1/40159] INFO  handler.ContextHandler (ContextHandler.java:doStart(915)) - Started o.e.j.s.ServletContextHandler@7ac4b2ed{static,/static,jar:file:/home/runner/.m2/repository/org/apache/ozone/hdds-container-service/1.3.0-SNAPSHOT/hdds-container-service-1.3.0-SNAPSHOT.jar!/webapps/static,AVAILABLE}
2022-07-01 06:36:15,828 [EventQueue-HealthyReadonlyToHealthyNodeForReadOnlyHealthyToHealthyNodeHandler] INFO  node.ReadOnlyHealthyToHealthyNodeHandler (ReadOnlyHealthyToHealthyNodeHandler.java:onMessage(51)) - Datanode d3c2a0de-eb94-47c1-bf63-6feb4e2b4d03{ip: 10.1.0.14, host: fv-az121-578.oisc35kgwdsevnec4nnef0ad5h.cx.internal.cloudapp.net, ports: [REPLICATION=44917, RATIS=45813, RATIS_ADMIN=45813, RATIS_SERVER=45813, STANDALONE=33241], networkLocation: /default-rack, certSerialId: null, persistedOpState: IN_SERVICE, persistedOpStateExpiryEpochSec: 0} moved to HEALTHY state.
2022-07-01 06:36:15,828 [EventQueue-HealthyReadonlyToHealthyNodeForReadOnlyHealthyToHealthyNodeHandler] INFO  pipeline.BackgroundPipelineCreator (BackgroundPipelineCreator.java:notifyEventTriggered(275)) - trigger a one-shot run on RatisPipelineUtilsThread.
2022-07-01 06:36:15,830 [IPC Server handler 8 on default port 44289] INFO  node.SCMNodeManager (SCMNodeManager.java:updateDatanodeOpState(545)) - Scheduling a command to update the operationalState persisted on d3c2a0de-eb94-47c1-bf63-6feb4e2b4d03{ip: 10.1.0.14, host: fv-az121-578.oisc35kgwdsevnec4nnef0ad5h.cx.internal.cloudapp.net, ports: [REPLICATION=44917, RATIS=45813, RATIS_ADMIN=45813, RATIS_SERVER=45813, STANDALONE=33241], networkLocation: /default-rack, certSerialId: null, persistedOpState: null, persistedOpStateExpiryEpochSec: 0} as the reported value does not match the value stored in SCM (ENTERING_MAINTENANCE, 0)
2022-07-01 06:36:15,864 [grpc-default-executor-1] WARN  server.GrpcLogAppender (LogUtils.java:warn(122)) - 3e16c497-167e-44a0-ad70-845f9779a145@group-01758D4530F4->367f39bd-4131-4de8-b715-21ece6255991-AppendLogResponseHandler: Failed appendEntries: org.apache.ratis.thirdparty.io.grpc.StatusRuntimeException: UNAVAILABLE: io exception
2022-07-01 06:36:15,865 [grpc-default-executor-1] WARN  server.GrpcLogAppender (GrpcLogAppender.java:resetClient(111)) - 3e16c497-167e-44a0-ad70-845f9779a145@group-01758D4530F4->367f39bd-4131-4de8-b715-21ece6255991-GrpcLogAppender: Leader has not got in touch with Follower 3e16c497-167e-44a0-ad70-845f9779a145@group-01758D4530F4->367f39bd-4131-4de8-b715-21ece6255991(c-1,m0,n53, attendVote=true, lastRpcSendTime=0, lastRpcResponseTime=10464) yet, just keep nextIndex unchanged and retry.
2022-07-01 06:36:16,082 [DatanodeAdminManager-0] INFO  node.DatanodeAdminMonitorImpl (DatanodeAdminMonitorImpl.java:checkPipelinesClosedOnNode(279)) - Waiting for pipelines to close for d3c2a0de-eb94-47c1-bf63-6feb4e2b4d03{ip: 10.1.0.14, host: fv-az121-578.oisc35kgwdsevnec4nnef0ad5h.cx.internal.cloudapp.net, ports: [REPLICATION=44917, RATIS=45813, RATIS_ADMIN=45813, RATIS_SERVER=45813, STANDALONE=33241], networkLocation: /default-rack, certSerialId: null, persistedOpState: IN_SERVICE, persistedOpStateExpiryEpochSec: 0}. There are 2 pipelines
2022-07-01 06:36:16,082 [DatanodeAdminManager-0] INFO  node.DatanodeAdminMonitorImpl (DatanodeAdminMonitorImpl.java:run(148)) - There are 1 nodes tracked for decommission and maintenance. 0 pending nodes.
2022-07-01 06:36:16,084 [EventQueue-StartAdminOnNodeForStartDatanodeAdminHandler] INFO  node.StartDatanodeAdminHandler (StartDatanodeAdminHandler.java:onMessage(56)) - Admin start on datanode d3c2a0de-eb94-47c1-bf63-6feb4e2b4d03{ip: 10.1.0.14, host: fv-az121-578.oisc35kgwdsevnec4nnef0ad5h.cx.internal.cloudapp.net, ports: [REPLICATION=44917, RATIS=45813, RATIS_ADMIN=45813, RATIS_SERVER=45813, STANDALONE=33241], networkLocation: /default-rack, certSerialId: null, persistedOpState: IN_SERVICE, persistedOpStateExpiryEpochSec: 0}. Finalizing its pipelines [PipelineID=065dc424-0ba7-4de8-8ecf-9fac9d09d3ed, PipelineID=1d45bcec-23ba-4ab4-8a07-fa4f5a003410]
2022-07-01 06:36:16,100 [EventQueue-StartAdminOnNodeForStartDatanodeAdminHandler] INFO  pipeline.PipelineManagerImpl (PipelineManagerImpl.java:closeContainersForPipeline(411)) - Container #1 closed for pipeline=PipelineID=065dc424-0ba7-4de8-8ecf-9fac9d09d3ed
2022-07-01 06:36:16,101 [EventQueue-StartAdminOnNodeForStartDatanodeAdminHandler] INFO  pipeline.PipelineManagerImpl (PipelineManagerImpl.java:closeContainersForPipeline(411)) - Container #2 closed for pipeline=PipelineID=065dc424-0ba7-4de8-8ecf-9fac9d09d3ed
2022-07-01 06:36:16,101 [EventQueue-StartAdminOnNodeForStartDatanodeAdminHandler] INFO  pipeline.PipelineManagerImpl (PipelineManagerImpl.java:closeContainersForPipeline(411)) - Container #3 closed for pipeline=PipelineID=065dc424-0ba7-4de8-8ecf-9fac9d09d3ed
2022-07-01 06:36:16,101 [EventQueue-StartAdminOnNodeForStartDatanodeAdminHandler] INFO  pipeline.PipelineManagerImpl (PipelineManagerImpl.java:closePipeline(432)) - Pipeline Pipeline[ Id: 065dc424-0ba7-4de8-8ecf-9fac9d09d3ed, Nodes: d3c2a0de-eb94-47c1-bf63-6feb4e2b4d03{ip: 10.1.0.14, host: fv-az121-578.oisc35kgwdsevnec4nnef0ad5h.cx.internal.cloudapp.net, ports: [REPLICATION=44917, RATIS=45813, RATIS_ADMIN=45813, RATIS_SERVER=45813, STANDALONE=33241], networkLocation: /default-rack, certSerialId: null, persistedOpState: IN_SERVICE, persistedOpStateExpiryEpochSec: 0}c746d1d4-53da-45d7-b6d9-872d73785f11{ip: 10.1.0.14, host: fv-az121-578.oisc35kgwdsevnec4nnef0ad5h.cx.internal.cloudapp.net, ports: [REPLICATION=38885, RATIS=33989, RATIS_ADMIN=33989, RATIS_SERVER=33989, STANDALONE=44659], networkLocation: /default-rack, certSerialId: null, persistedOpState: IN_SERVICE, persistedOpStateExpiryEpochSec: 0}3ef13f00-2e8f-4cf8-b989-4c3a5519d72f{ip: 10.1.0.14, host: fv-az121-578.oisc35kgwdsevnec4nnef0ad5h.cx.internal.cloudapp.net, ports: [REPLICATION=38931, RATIS=37135, RATIS_ADMIN=37135, RATIS_SERVER=37135, STANDALONE=42537], networkLocation: /default-rack, certSerialId: null, persistedOpState: IN_SERVICE, persistedOpStateExpiryEpochSec: 0}, ReplicationConfig: RATIS/THREE, State:OPEN, leaderId:c746d1d4-53da-45d7-b6d9-872d73785f11, CreationTimestamp2022-07-01T06:34:41.544Z[Etc/UTC]] moved to CLOSED state
2022-07-01 06:36:16,101 [EventQueue-StartAdminOnNodeForStartDatanodeAdminHandler] INFO  pipeline.RatisPipelineProvider (RatisPipelineProvider.java:lambda$close$1(244)) - Send pipeline:PipelineID=065dc424-0ba7-4de8-8ecf-9fac9d09d3ed close command to datanode d3c2a0de-eb94-47c1-bf63-6feb4e2b4d03
2022-07-01 06:36:16,101 [EventQueue-StartAdminOnNodeForStartDatanodeAdminHandler] INFO  pipeline.RatisPipelineProvider (RatisPipelineProvider.java:lambda$close$1(244)) - Send pipeline:PipelineID=065dc424-0ba7-4de8-8ecf-9fac9d09d3ed close command to datanode c746d1d4-53da-45d7-b6d9-872d73785f11
2022-07-01 06:36:16,101 [EventQueue-StartAdminOnNodeForStartDatanodeAdminHandler] INFO  pipeline.RatisPipelineProvider (RatisPipelineProvider.java:lambda$close$1(244)) - Send pipeline:PipelineID=065dc424-0ba7-4de8-8ecf-9fac9d09d3ed close command to datanode 3ef13f00-2e8f-4cf8-b989-4c3a5519d72f
2022-07-01 06:36:16,101 [EventQueue-CloseContainerForCloseContainerEventHandler] INFO  container.CloseContainerEventHandler (CloseContainerEventHandler.java:onMessage(70)) - Close container Event triggered for container : #1
2022-07-01 06:36:16,183 [EventQueue-StartAdminOnNodeForStartDatanodeAdminHandler] INFO  pipeline.PipelineStateManagerImpl (PipelineStateManagerImpl.java:removePipeline(243)) - Pipeline Pipeline[ Id: 065dc424-0ba7-4de8-8ecf-9fac9d09d3ed, Nodes: d3c2a0de-eb94-47c1-bf63-6feb4e2b4d03{ip: 10.1.0.14, host: fv-az121-578.oisc35kgwdsevnec4nnef0ad5h.cx.internal.cloudapp.net, ports: [REPLICATION=44917, RATIS=45813, RATIS_ADMIN=45813, RATIS_SERVER=45813, STANDALONE=33241], networkLocation: /default-rack, certSerialId: null, persistedOpState: IN_SERVICE, persistedOpStateExpiryEpochSec: 0}c746d1d4-53da-45d7-b6d9-872d73785f11{ip: 10.1.0.14, host: fv-az121-578.oisc35kgwdsevnec4nnef0ad5h.cx.internal.cloudapp.net, ports: [REPLICATION=38885, RATIS=33989, RATIS_ADMIN=33989, RATIS_SERVER=33989, STANDALONE=44659], networkLocation: /default-rack, certSerialId: null, persistedOpState: IN_SERVICE, persistedOpStateExpiryEpochSec: 0}3ef13f00-2e8f-4cf8-b989-4c3a5519d72f{ip: 10.1.0.14, host: fv-az121-578.oisc35kgwdsevnec4nnef0ad5h.cx.internal.cloudapp.net, ports: [REPLICATION=38931, RATIS=37135, RATIS_ADMIN=37135, RATIS_SERVER=37135, STANDALONE=42537], networkLocation: /default-rack, certSerialId: null, persistedOpState: IN_SERVICE, persistedOpStateExpiryEpochSec: 0}, ReplicationConfig: RATIS/THREE, State:CLOSED, leaderId:c746d1d4-53da-45d7-b6d9-872d73785f11, CreationTimestamp2022-07-01T06:34:41.544Z[Etc/UTC]] removed.
2022-07-01 06:36:16,183 [EventQueue-CloseContainerForCloseContainerEventHandler] INFO  container.CloseContainerEventHandler (CloseContainerEventHandler.java:onMessage(70)) - Close container Event triggered for container : #2
2022-07-01 06:36:16,183 [EventQueue-StartAdminOnNodeForStartDatanodeAdminHandler] INFO  pipeline.PipelineManagerImpl (PipelineManagerImpl.java:closePipeline(432)) - Pipeline Pipeline[ Id: 1d45bcec-23ba-4ab4-8a07-fa4f5a003410, Nodes: d3c2a0de-eb94-47c1-bf63-6feb4e2b4d03{ip: 10.1.0.14, host: fv-az121-578.oisc35kgwdsevnec4nnef0ad5h.cx.internal.cloudapp.net, ports: [REPLICATION=44917, RATIS=45813, RATIS_ADMIN=45813, RATIS_SERVER=45813, STANDALONE=33241], networkLocation: /default-rack, certSerialId: null, persistedOpState: IN_SERVICE, persistedOpStateExpiryEpochSec: 0}, ReplicationConfig: RATIS/ONE, State:OPEN, leaderId:d3c2a0de-eb94-47c1-bf63-6feb4e2b4d03, CreationTimestamp2022-07-01T06:34:40.390Z[Etc/UTC]] moved to CLOSED state
2022-07-01 06:36:16,183 [EventQueue-StartAdminOnNodeForStartDatanodeAdminHandler] INFO  pipeline.RatisPipelineProvider (RatisPipelineProvider.java:lambda$close$1(244)) - Send pipeline:PipelineID=1d45bcec-23ba-4ab4-8a07-fa4f5a003410 close command to datanode d3c2a0de-eb94-47c1-bf63-6feb4e2b4d03
2022-07-01 06:36:16,183 [EventQueue-StartAdminOnNodeForStartDatanodeAdminHandler] INFO  pipeline.PipelineStateManagerImpl (PipelineStateManagerImpl.java:removePipeline(243)) - Pipeline Pipeline[ Id: 1d45bcec-23ba-4ab4-8a07-fa4f5a003410, Nodes: d3c2a0de-eb94-47c1-bf63-6feb4e2b4d03{ip: 10.1.0.14, host: fv-az121-578.oisc35kgwdsevnec4nnef0ad5h.cx.internal.cloudapp.net, ports: [REPLICATION=44917, RATIS=45813, RATIS_ADMIN=45813, RATIS_SERVER=45813, STANDALONE=33241], networkLocation: /default-rack, certSerialId: null, persistedOpState: IN_SERVICE, persistedOpStateExpiryEpochSec: 0}, ReplicationConfig: RATIS/ONE, State:CLOSED, leaderId:d3c2a0de-eb94-47c1-bf63-6feb4e2b4d03, CreationTimestamp2022-07-01T06:34:40.390Z[Etc/UTC]] removed.
2022-07-01 06:36:16,185 [EventQueue-CloseContainerForCloseContainerEventHandler] INFO  container.CloseContainerEventHandler (CloseContainerEventHandler.java:onMessage(70)) - Close container Event triggered for container : #3
2022-07-01 06:36:16,283 [ReplicationMonitor] INFO  replication.ReplicationManager (ReplicationManager.java:processAll(260)) - Replication Monitor Thread took 0 milliseconds for processing 0 containers.
2022-07-01 06:36:16,283 [ReplicationMonitor] INFO  replication.LegacyReplicationManager (LegacyReplicationManager.java:sendCloseCommand(1507)) - Sending close container command for container #1 to datanode d3c2a0de-eb94-47c1-bf63-6feb4e2b4d03{ip: 10.1.0.14, host: fv-az121-578.oisc35kgwdsevnec4nnef0ad5h.cx.internal.cloudapp.net, ports: [REPLICATION=44917, RATIS=45813, RATIS_ADMIN=45813, RATIS_SERVER=45813, STANDALONE=33241], networkLocation: /default-rack, certSerialId: null, persistedOpState: IN_SERVICE, persistedOpStateExpiryEpochSec: 0}.
2022-07-01 06:36:16,283 [ReplicationMonitor] INFO  replication.LegacyReplicationManager (LegacyReplicationManager.java:sendCloseCommand(1507)) - Sending close container command for container #1 to datanode 3ef13f00-2e8f-4cf8-b989-4c3a5519d72f{ip: 10.1.0.14, host: fv-az121-578.oisc35kgwdsevnec4nnef0ad5h.cx.internal.cloudapp.net, ports: [REPLICATION=38931, RATIS=37135, RATIS_ADMIN=37135, RATIS_SERVER=37135, STANDALONE=42537], networkLocation: /default-rack, certSerialId: null, persistedOpState: IN_SERVICE, persistedOpStateExpiryEpochSec: 0}.
2022-07-01 06:36:16,283 [ReplicationMonitor] INFO  replication.LegacyReplicationManager (LegacyReplicationManager.java:sendCloseCommand(1507)) - Sending close container command for container #1 to datanode c746d1d4-53da-45d7-b6d9-872d73785f11{ip: 10.1.0.14, host: fv-az121-578.oisc35kgwdsevnec4nnef0ad5h.cx.internal.cloudapp.net, ports: [REPLICATION=38885, RATIS=33989, RATIS_ADMIN=33989, RATIS_SERVER=33989, STANDALONE=44659], networkLocation: /default-rack, certSerialId: null, persistedOpState: IN_SERVICE, persistedOpStateExpiryEpochSec: 0}.
2022-07-01 06:36:16,283 [ReplicationMonitor] INFO  replication.LegacyReplicationManager (LegacyReplicationManager.java:sendCloseCommand(1507)) - Sending close container command for container #2 to datanode c746d1d4-53da-45d7-b6d9-872d73785f11{ip: 10.1.0.14, host: fv-az121-578.oisc35kgwdsevnec4nnef0ad5h.cx.internal.cloudapp.net, ports: [REPLICATION=38885, RATIS=33989, RATIS_ADMIN=33989, RATIS_SERVER=33989, STANDALONE=44659], networkLocation: /default-rack, certSerialId: null, persistedOpState: IN_SERVICE, persistedOpStateExpiryEpochSec: 0}.
2022-07-01 06:36:16,283 [ReplicationMonitor] INFO  replication.LegacyReplicationManager (LegacyReplicationManager.java:sendCloseCommand(1507)) - Sending close container command for container #2 to datanode d3c2a0de-eb94-47c1-bf63-6feb4e2b4d03{ip: 10.1.0.14, host: fv-az121-578.oisc35kgwdsevnec4nnef0ad5h.cx.internal.cloudapp.net, ports: [REPLICATION=44917, RATIS=45813, RATIS_ADMIN=45813, RATIS_SERVER=45813, STANDALONE=33241], networkLocation: /default-rack, certSerialId: null, persistedOpState: IN_SERVICE, persistedOpStateExpiryEpochSec: 0}.
2022-07-01 06:36:16,283 [ReplicationMonitor] INFO  replication.LegacyReplicationManager (LegacyReplicationManager.java:sendCloseCommand(1507)) - Sending close container command for container #2 to datanode 3ef13f00-2e8f-4cf8-b989-4c3a5519d72f{ip: 10.1.0.14, host: fv-az121-578.oisc35kgwdsevnec4nnef0ad5h.cx.internal.cloudapp.net, ports: [REPLICATION=38931, RATIS=37135, RATIS_ADMIN=37135, RATIS_SERVER=37135, STANDALONE=42537], networkLocation: /default-rack, certSerialId: null, persistedOpState: IN_SERVICE, persistedOpStateExpiryEpochSec: 0}.
2022-07-01 06:36:16,283 [ReplicationMonitor] INFO  replication.LegacyReplicationManager (LegacyReplicationManager.java:sendCloseCommand(1507)) - Sending close container command for container #3 to datanode 3ef13f00-2e8f-4cf8-b989-4c3a5519d72f{ip: 10.1.0.14, host: fv-az121-578.oisc35kgwdsevnec4nnef0ad5h.cx.internal.cloudapp.net, ports: [REPLICATION=38931, RATIS=37135, RATIS_ADMIN=37135, RATIS_SERVER=37135, STANDALONE=42537], networkLocation: /default-rack, certSerialId: null, persistedOpState: IN_SERVICE, persistedOpStateExpiryEpochSec: 0}.
2022-07-01 06:36:16,283 [ReplicationMonitor] INFO  replication.LegacyReplicationManager (LegacyReplicationManager.java:sendCloseCommand(1507)) - Sending close container command for container #3 to datanode c746d1d4-53da-45d7-b6d9-872d73785f11{ip: 10.1.0.14, host: fv-az121-578.oisc35kgwdsevnec4nnef0ad5h.cx.internal.cloudapp.net, ports: [REPLICATION=38885, RATIS=33989, RATIS_ADMIN=33989, RATIS_SERVER=33989, STANDALONE=44659], networkLocation: /default-rack, certSerialId: null, persistedOpState: IN_SERVICE, persistedOpStateExpiryEpochSec: 0}.
2022-07-01 06:36:16,283 [ReplicationMonitor] INFO  replication.LegacyReplicationManager (LegacyReplicationManager.java:sendCloseCommand(1507)) - Sending close container command for container #3 to datanode d3c2a0de-eb94-47c1-bf63-6feb4e2b4d03{ip: 10.1.0.14, host: fv-az121-578.oisc35kgwdsevnec4nnef0ad5h.cx.internal.cloudapp.net, ports: [REPLICATION=44917, RATIS=45813, RATIS_ADMIN=45813, RATIS_SERVER=45813, STANDALONE=33241], networkLocation: /default-rack, certSerialId: null, persistedOpState: IN_SERVICE, persistedOpStateExpiryEpochSec: 0}.
2022-07-01 06:36:16,283 [ReplicationMonitor] INFO  replication.ReplicationManager (ReplicationManager.java:processAll(260)) - Replication Monitor Thread took 0 milliseconds for processing 6 containers.
2022-07-01 06:36:16,689 [EventQueue-PipelineReportForPipelineReportHandler] INFO  pipeline.PipelineReportHandler (PipelineReportHandler.java:processPipelineReport(113)) - Reported pipeline PipelineID=065dc424-0ba7-4de8-8ecf-9fac9d09d3ed is not found
2022-07-01 06:36:16,692 [EventQueue-PipelineReportForPipelineReportHandler] INFO  pipeline.PipelineReportHandler (PipelineReportHandler.java:processPipelineReport(113)) - Reported pipeline PipelineID=065dc424-0ba7-4de8-8ecf-9fac9d09d3ed is not found
2022-07-01 06:36:16,744 [ReplicationMonitor] INFO  replication.ReplicationManager (ReplicationManager.java:processAll(227)) - Replication Manager is not ready to run until 3000ms after safemode exit
2022-07-01 06:36:16,786 [ReplicationMonitor] INFO  replication.LegacyReplicationManager (LegacyReplicationManager.java:sendCloseCommand(1507)) - Sending close container command for container #4 to datanode 3e16c497-167e-44a0-ad70-845f9779a145{ip: 10.1.0.14, host: fv-az121-578.oisc35kgwdsevnec4nnef0ad5h.cx.internal.cloudapp.net, ports: [REPLICATION=35749, RATIS=46461, RATIS_ADMIN=46461, RATIS_SERVER=46461, STANDALONE=42091], networkLocation: /default-rack, certSerialId: null, persistedOpState: IN_SERVICE, persistedOpStateExpiryEpochSec: 0}.
2022-07-01 06:36:16,787 [ReplicationMonitor] INFO  replication.LegacyReplicationManager (LegacyReplicationManager.java:sendCloseCommand(1507)) - Sending close container command for container #6 to datanode 3e16c497-167e-44a0-ad70-845f9779a145{ip: 10.1.0.14, host: fv-az121-578.oisc35kgwdsevnec4nnef0ad5h.cx.internal.cloudapp.net, ports: [REPLICATION=35749, RATIS=46461, RATIS_ADMIN=46461, RATIS_SERVER=46461, STANDALONE=42091], networkLocation: /default-rack, certSerialId: null, persistedOpState: IN_SERVICE, persistedOpStateExpiryEpochSec: 0}.
2022-07-01 06:36:16,787 [ReplicationMonitor] INFO  replication.ReplicationManager (ReplicationManager.java:processAll(260)) - Replication Monitor Thread took 0 milliseconds for processing 6 containers.
2022-07-01 06:36:17,020 [EndpointStateMachine task thread for /0.0.0.0:44353 - 0 ] INFO  volume.HddsVolume (HddsVolume.java:createDbStore(309)) - SchemaV3 db is created and loaded at /home/runner/work/ozone/ozone/hadoop-ozone/integration-test/target/test-dir/MiniOzoneClusterImpl-bc7ab851-61db-4e9a-86cd-3d27c2668616/datanode-0/data-0/containers/hdds/bc7ab851-61db-4e9a-86cd-3d27c2668616/DS-52e5207b-e703-4bf9-a05c-6387d745100a/container.db for volume DS-52e5207b-e703-4bf9-a05c-6387d745100a
2022-07-01 06:36:17,021 [EndpointStateMachine task thread for /0.0.0.0:44353 - 0 ] INFO  volume.HddsVolume (HddsVolume.java:closeDbStore(340)) - SchemaV3 db is stopped at /home/runner/work/ozone/ozone/hadoop-ozone/integration-test/target/test-dir/MiniOzoneClusterImpl-bc7ab851-61db-4e9a-86cd-3d27c2668616/datanode-0/data-0/containers/hdds/bc7ab851-61db-4e9a-86cd-3d27c2668616/DS-52e5207b-e703-4bf9-a05c-6387d745100a/container.db for volume DS-52e5207b-e703-4bf9-a05c-6387d745100a
2022-07-01 06:36:17,021 [EndpointStateMachine task thread for /0.0.0.0:44353 - 0 ] INFO  ozoneimpl.OzoneContainer (OzoneContainer.java:start(344)) - Attempting to start container services.
2022-07-01 06:36:17,021 [EndpointStateMachine task thread for /0.0.0.0:44353 - 0 ] INFO  ozoneimpl.OzoneContainer (OzoneContainer.java:startContainerScrub(279)) - Background container scanner has been disabled.
2022-07-01 06:36:17,024 [EndpointStateMachine task thread for /0.0.0.0:44353 - 0 ] INFO  replication.ReplicationServer (ReplicationServer.java:start(111)) - ReplicationServer is started using port 42661
2022-07-01 06:36:17,027 [EndpointStateMachine task thread for /0.0.0.0:44353 - 0 ] INFO  ratis.XceiverServerRatis (XceiverServerRatis.java:start(481)) - Starting XceiverServerRatis f3ceede8-3a31-4ae8-ae2c-c6ce7585dd11
2022-07-01 06:36:17,029 [EndpointStateMachine task thread for /0.0.0.0:44353 - 0 ] INFO  server.RaftServer (RaftServerProxy.java:lambda$start$6(382)) - f3ceede8-3a31-4ae8-ae2c-c6ce7585dd11: start RPC server
2022-07-01 06:36:17,048 [EndpointStateMachine task thread for /0.0.0.0:44353 - 0 ] INFO  server.GrpcService (GrpcService.java:startImpl(260)) - f3ceede8-3a31-4ae8-ae2c-c6ce7585dd11: GrpcService started, listening on 46347
2022-07-01 06:36:17,052 [DatanodeAdminManager-0] INFO  node.DatanodeAdminMonitorImpl (DatanodeAdminMonitorImpl.java:checkContainersReplicatedOnNode(317)) - Unhealthy Container #1 Container State: CLOSING Replica Count: 3 Healthy Count: 2 Decommission Count: 0 Maintenance Count: 1 inFlightAdd Count: 0 inFightDel Count: 0 ReplicationFactor: 3 minMaintenance Count: 2; Replicas{ContainerReplica{containerID=#1, state=OPEN, datanodeDetails=d3c2a0de-eb94-47c1-bf63-6feb4e2b4d03{ip: 10.1.0.14, host: fv-az121-578.oisc35kgwdsevnec4nnef0ad5h.cx.internal.cloudapp.net, ports: [REPLICATION=44917, RATIS=45813, RATIS_ADMIN=45813, RATIS_SERVER=45813, STANDALONE=33241], networkLocation: /default-rack, certSerialId: null, persistedOpState: ENTERING_MAINTENANCE, persistedOpStateExpiryEpochSec: 0}, placeOfBirth=d3c2a0de-eb94-47c1-bf63-6feb4e2b4d03, sequenceId=37, keyCount=4, bytesUsed=76},ContainerReplica{containerID=#1, state=OPEN, datanodeDetails=c746d1d4-53da-45d7-b6d9-872d73785f11{ip: 10.1.0.14, host: fv-az121-578.oisc35kgwdsevnec4nnef0ad5h.cx.internal.cloudapp.net, ports: [REPLICATION=38885, RATIS=33989, RATIS_ADMIN=33989, RATIS_SERVER=33989, STANDALONE=44659], networkLocation: /default-rack, certSerialId: null, persistedOpState: IN_SERVICE, persistedOpStateExpiryEpochSec: 0}, placeOfBirth=c746d1d4-53da-45d7-b6d9-872d73785f11, sequenceId=25, keyCount=3, bytesUsed=76},ContainerReplica{containerID=#1, state=OPEN, datanodeDetails=3ef13f00-2e8f-4cf8-b989-4c3a5519d72f{ip: 10.1.0.14, host: fv-az121-578.oisc35kgwdsevnec4nnef0ad5h.cx.internal.cloudapp.net, ports: [REPLICATION=38931, RATIS=37135, RATIS_ADMIN=37135, RATIS_SERVER=37135, STANDALONE=42537], networkLocation: /default-rack, certSerialId: null, persistedOpState: IN_SERVICE, persistedOpStateExpiryEpochSec: 0}, placeOfBirth=3ef13f00-2e8f-4cf8-b989-4c3a5519d72f, sequenceId=37, keyCount=4, bytesUsed=76}}
2022-07-01 06:36:17,052 [DatanodeAdminManager-0] INFO  node.DatanodeAdminMonitorImpl (DatanodeAdminMonitorImpl.java:checkContainersReplicatedOnNode(317)) - Unhealthy Container #2 Container State: CLOSING Replica Count: 3 Healthy Count: 2 Decommission Count: 0 Maintenance Count: 1 inFlightAdd Count: 0 inFightDel Count: 0 ReplicationFactor: 3 minMaintenance Count: 2; Replicas{ContainerReplica{containerID=#2, state=OPEN, datanodeDetails=c746d1d4-53da-45d7-b6d9-872d73785f11{ip: 10.1.0.14, host: fv-az121-578.oisc35kgwdsevnec4nnef0ad5h.cx.internal.cloudapp.net, ports: [REPLICATION=38885, RATIS=33989, RATIS_ADMIN=33989, RATIS_SERVER=33989, STANDALONE=44659], networkLocation: /default-rack, certSerialId: null, persistedOpState: IN_SERVICE, persistedOpStateExpiryEpochSec: 0}, placeOfBirth=c746d1d4-53da-45d7-b6d9-872d73785f11, sequenceId=29, keyCount=3, bytesUsed=57},ContainerReplica{containerID=#2, state=OPEN, datanodeDetails=d3c2a0de-eb94-47c1-bf63-6feb4e2b4d03{ip: 10.1.0.14, host: fv-az121-578.oisc35kgwdsevnec4nnef0ad5h.cx.internal.cloudapp.net, ports: [REPLICATION=44917, RATIS=45813, RATIS_ADMIN=45813, RATIS_SERVER=45813, STANDALONE=33241], networkLocation: /default-rack, certSerialId: null, persistedOpState: ENTERING_MAINTENANCE, persistedOpStateExpiryEpochSec: 0}, placeOfBirth=d3c2a0de-eb94-47c1-bf63-6feb4e2b4d03, sequenceId=29, keyCount=3, bytesUsed=57},ContainerReplica{containerID=#2, state=OPEN, datanodeDetails=3ef13f00-2e8f-4cf8-b989-4c3a5519d72f{ip: 10.1.0.14, host: fv-az121-578.oisc35kgwdsevnec4nnef0ad5h.cx.internal.cloudapp.net, ports: [REPLICATION=38931, RATIS=37135, RATIS_ADMIN=37135, RATIS_SERVER=37135, STANDALONE=42537], networkLocation: /default-rack, certSerialId: null, persistedOpState: IN_SERVICE, persistedOpStateExpiryEpochSec: 0}, placeOfBirth=3ef13f00-2e8f-4cf8-b989-4c3a5519d72f, sequenceId=29, keyCount=3, bytesUsed=57}}
2022-07-01 06:36:17,052 [DatanodeAdminManager-0] INFO  node.DatanodeAdminMonitorImpl (DatanodeAdminMonitorImpl.java:checkContainersReplicatedOnNode(317)) - Unhealthy Container #3 Container State: CLOSING Replica Count: 3 Healthy Count: 2 Decommission Count: 0 Maintenance Count: 1 inFlightAdd Count: 0 inFightDel Count: 0 ReplicationFactor: 3 minMaintenance Count: 2; Replicas{ContainerReplica{containerID=#3, state=OPEN, datanodeDetails=3ef13f00-2e8f-4cf8-b989-4c3a5519d72f{ip: 10.1.0.14, host: fv-az121-578.oisc35kgwdsevnec4nnef0ad5h.cx.internal.cloudapp.net, ports: [REPLICATION=38931, RATIS=37135, RATIS_ADMIN=37135, RATIS_SERVER=37135, STANDALONE=42537], networkLocation: /default-rack, certSerialId: null, persistedOpState: IN_SERVICE, persistedOpStateExpiryEpochSec: 0}, placeOfBirth=3ef13f00-2e8f-4cf8-b989-4c3a5519d72f, sequenceId=33, keyCount=3, bytesUsed=57},ContainerReplica{containerID=#3, state=OPEN, datanodeDetails=c746d1d4-53da-45d7-b6d9-872d73785f11{ip: 10.1.0.14, host: fv-az121-578.oisc35kgwdsevnec4nnef0ad5h.cx.internal.cloudapp.net, ports: [REPLICATION=38885, RATIS=33989, RATIS_ADMIN=33989, RATIS_SERVER=33989, STANDALONE=44659], networkLocation: /default-rack, certSerialId: null, persistedOpState: IN_SERVICE, persistedOpStateExpiryEpochSec: 0}, placeOfBirth=c746d1d4-53da-45d7-b6d9-872d73785f11, sequenceId=33, keyCount=3, bytesUsed=57},ContainerReplica{containerID=#3, state=OPEN, datanodeDetails=d3c2a0de-eb94-47c1-bf63-6feb4e2b4d03{ip: 10.1.0.14, host: fv-az121-578.oisc35kgwdsevnec4nnef0ad5h.cx.internal.cloudapp.net, ports: [REPLICATION=44917, RATIS=45813, RATIS_ADMIN=45813, RATIS_SERVER=45813, STANDALONE=33241], networkLocation: /default-rack, certSerialId: null, persistedOpState: ENTERING_MAINTENANCE, persistedOpStateExpiryEpochSec: 0}, placeOfBirth=d3c2a0de-eb94-47c1-bf63-6feb4e2b4d03, sequenceId=33, keyCount=3, bytesUsed=57}}
2022-07-01 06:36:17,052 [DatanodeAdminManager-0] INFO  node.DatanodeAdminMonitorImpl (DatanodeAdminMonitorImpl.java:checkContainersReplicatedOnNode(327)) - d3c2a0de-eb94-47c1-bf63-6feb4e2b4d03{ip: 10.1.0.14, host: fv-az121-578.oisc35kgwdsevnec4nnef0ad5h.cx.internal.cloudapp.net, ports: [REPLICATION=44917, RATIS=45813, RATIS_ADMIN=45813, RATIS_SERVER=45813, STANDALONE=33241], networkLocation: /default-rack, certSerialId: null, persistedOpState: ENTERING_MAINTENANCE, persistedOpStateExpiryEpochSec: 0} has 3 sufficientlyReplicated, 0 underReplicated and 3 unhealthy containers
2022-07-01 06:36:17,052 [DatanodeAdminManager-0] INFO  node.DatanodeAdminMonitorImpl (DatanodeAdminMonitorImpl.java:run(148)) - There are 1 nodes tracked for decommission and maintenance. 0 pending nodes.
2022-07-01 06:36:17,079 [EndpointStateMachine task thread for /0.0.0.0:44353 - 0 ] INFO  ratis.XceiverServerRatis (XceiverServerRatis.java:getRealPort(502)) - XceiverServerRatis f3ceede8-3a31-4ae8-ae2c-c6ce7585dd11 is started using port 46347 for RATIS
2022-07-01 06:36:17,079 [EndpointStateMachine task thread for /0.0.0.0:44353 - 0 ] INFO  ratis.XceiverServerRatis (XceiverServerRatis.java:getRealPort(502)) - XceiverServerRatis f3ceede8-3a31-4ae8-ae2c-c6ce7585dd11 is started using port 46347 for RATIS_ADMIN
2022-07-01 06:36:17,079 [EndpointStateMachine task thread for /0.0.0.0:44353 - 0 ] INFO  ratis.XceiverServerRatis (XceiverServerRatis.java:getRealPort(502)) - XceiverServerRatis f3ceede8-3a31-4ae8-ae2c-c6ce7585dd11 is started using port 46347 for RATIS_SERVER
2022-07-01 06:36:17,079 [org.apache.ratis.util.JvmPauseMonitor$$Lambda$706/2098851404@5dd739d2] INFO  util.JvmPauseMonitor (JvmPauseMonitor.java:run(103)) - JvmPauseMonitor-f3ceede8-3a31-4ae8-ae2c-c6ce7585dd11: Started
2022-07-01 06:36:17,093 [Listener at 127.0.0.1/40159] INFO  handler.ContextHandler (ContextHandler.java:doStart(915)) - Started o.e.j.w.WebAppContext@1d21e384{hddsDatanode,/,file:///tmp/jetty-0_0_0_0-40587-hdds-container-service-1_3_0-SNAPSHOT_jar-_-any-1974800635216481676/webapp/,AVAILABLE}{jar:file:/home/runner/.m2/repository/org/apache/ozone/hdds-container-service/1.3.0-SNAPSHOT/hdds-container-service-1.3.0-SNAPSHOT.jar!/webapps/hddsDatanode}
2022-07-01 06:36:17,104 [EndpointStateMachine task thread for /0.0.0.0:44353 - 0 ] INFO  server.XceiverServerGrpc (XceiverServerGrpc.java:start(180)) - XceiverServerGrpc f3ceede8-3a31-4ae8-ae2c-c6ce7585dd11 is started using port 44403
2022-07-01 06:36:17,114 [grpc-default-executor-3] WARN  server.GrpcLogAppender (LogUtils.java:warn(122)) - 3e16c497-167e-44a0-ad70-845f9779a145@group-01758D4530F4->367f39bd-4131-4de8-b715-21ece6255991-AppendLogResponseHandler: Failed appendEntries: org.apache.ratis.thirdparty.io.grpc.StatusRuntimeException: UNAVAILABLE: io exception
2022-07-01 06:36:17,155 [Listener at 127.0.0.1/40159] INFO  server.AbstractConnector (AbstractConnector.java:doStart(331)) - Started ServerConnector@34f770fd{HTTP/1.1, (http/1.1)}{0.0.0.0:40587}
2022-07-01 06:36:17,155 [Listener at 127.0.0.1/40159] INFO  server.Server (Server.java:doStart(415)) - Started @193202ms
2022-07-01 06:36:17,155 [Listener at 127.0.0.1/40159] WARN  impl.MetricsSystemImpl (MetricsSystemImpl.java:register(279)) - Sink prometheus already exists!
2022-07-01 06:36:17,156 [Listener at 127.0.0.1/40159] INFO  http.BaseHttpServer (BaseHttpServer.java:updateConnectorAddress(329)) - HTTP server of hddsDatanode listening at http://0.0.0.0:40587
2022-07-01 06:36:17,168 [Listener at 127.0.0.1/40159] WARN  impl.MetricRegistriesImpl (MetricRegistriesImpl.java:addReporterRegistration(111)) - New reporters are added after registries were created. Some metrics will be missing from the reporter. Please add reporter before adding any new registry.
2022-07-01 06:36:17,168 [Listener at 127.0.0.1/40159] WARN  impl.MetricRegistriesImpl (MetricRegistriesImpl.java:addReporterRegistration(111)) - New reporters are added after registries were created. Some metrics will be missing from the reporter. Please add reporter before adding any new registry.
2022-07-01 06:36:17,168 [Listener at 127.0.0.1/40159] INFO  impl.MetricsSystemImpl (MetricsSystemImpl.java:init(158)) - HddsDatanode metrics system started (again)
2022-07-01 06:36:17,207 [Datanode State Machine Daemon Thread] INFO  statemachine.DatanodeStateMachine (DatanodeStateMachine.java:lambda$startDaemon$0(492)) - Ozone container server started.
2022-07-01 06:36:17,212 [Listener at 127.0.0.1/40159] INFO  ozone.HddsDatanodeService (HddsDatanodeService.java:start(236)) - HddsDatanodeService host:fv-az121-578.oisc35kgwdsevnec4nnef0ad5h.cx.internal.cloudapp.net ip:10.1.0.14
2022-07-01 06:36:17,213 [grpc-default-executor-3] WARN  server.GrpcLogAppender (GrpcLogAppender.java:resetClient(111)) - 3e16c497-167e-44a0-ad70-845f9779a145@group-01758D4530F4->367f39bd-4131-4de8-b715-21ece6255991-GrpcLogAppender: Leader has not got in touch with Follower 3e16c497-167e-44a0-ad70-845f9779a145@group-01758D4530F4->367f39bd-4131-4de8-b715-21ece6255991(c-1,m0,n53, attendVote=true, lastRpcSendTime=98, lastRpcResponseTime=11812) yet, just keep nextIndex unchanged and retry.
2022-07-01 06:36:17,281 [3e16c497-167e-44a0-ad70-845f9779a145@group-01758D4530F4-LeaderStateImpl] WARN  server.RaftServer$Division (LeaderStateImpl.java:checkLeadership(1018)) - 3e16c497-167e-44a0-ad70-845f9779a145@group-01758D4530F4-LeaderStateImpl: Lost leadership on term: 2. Election timeout: 5200ms. In charge for: 6681ms. Conf: 48: [8d28a716-810c-49da-9c02-9573d7e4db50|rpc:10.1.0.14:36459|dataStream:|priority:0, 367f39bd-4131-4de8-b715-21ece6255991|rpc:10.1.0.14:37177|dataStream:|priority:1, 3e16c497-167e-44a0-ad70-845f9779a145|rpc:10.1.0.14:46461|dataStream:|priority:0], old=null
2022-07-01 06:36:17,281 [3e16c497-167e-44a0-ad70-845f9779a145@group-01758D4530F4-LeaderStateImpl] WARN  server.RaftServer$Division (LeaderStateImpl.java:lambda$checkLeadership$17(1022)) - Follower 3e16c497-167e-44a0-ad70-845f9779a145@group-01758D4530F4->8d28a716-810c-49da-9c02-9573d7e4db50(c50,m51,n53, attendVote=true, lastRpcSendTime=902, lastRpcResponseTime=5944)
2022-07-01 06:36:17,281 [3e16c497-167e-44a0-ad70-845f9779a145@group-01758D4530F4-LeaderStateImpl] WARN  server.RaftServer$Division (LeaderStateImpl.java:lambda$checkLeadership$17(1022)) - Follower 3e16c497-167e-44a0-ad70-845f9779a145@group-01758D4530F4->367f39bd-4131-4de8-b715-21ece6255991(c-1,m0,n53, attendVote=true, lastRpcSendTime=166, lastRpcResponseTime=11880)
2022-07-01 06:36:17,281 [3e16c497-167e-44a0-ad70-845f9779a145@group-01758D4530F4-LeaderStateImpl] INFO  server.RaftServer$Division (RaftServerImpl.java:setRole(299)) - 3e16c497-167e-44a0-ad70-845f9779a145@group-01758D4530F4: changes role from    LEADER to FOLLOWER at term 2 for StepDownReason:LOST_MAJORITY_HEARTBEATS
2022-07-01 06:36:17,281 [3e16c497-167e-44a0-ad70-845f9779a145@group-01758D4530F4-LeaderStateImpl] INFO  impl.RoleInfo (RoleInfo.java:shutdownLeaderState(93)) - 3e16c497-167e-44a0-ad70-845f9779a145: shutdown 3e16c497-167e-44a0-ad70-845f9779a145@group-01758D4530F4-LeaderStateImpl
2022-07-01 06:36:17,281 [3e16c497-167e-44a0-ad70-845f9779a145@group-01758D4530F4-LeaderStateImpl] INFO  impl.PendingRequests (PendingRequests.java:sendNotLeaderResponses(282)) - 3e16c497-167e-44a0-ad70-845f9779a145@group-01758D4530F4-PendingRequests: sendNotLeaderResponses
2022-07-01 06:36:17,283 [ReplicationMonitor] INFO  replication.ReplicationManager (ReplicationManager.java:processAll(260)) - Replication Monitor Thread took 0 milliseconds for processing 0 containers.
2022-07-01 06:36:17,284 [ReplicationMonitor] INFO  replication.LegacyReplicationManager (LegacyReplicationManager.java:sendCloseCommand(1507)) - Sending close container command for container #1 to datanode d3c2a0de-eb94-47c1-bf63-6feb4e2b4d03{ip: 10.1.0.14, host: fv-az121-578.oisc35kgwdsevnec4nnef0ad5h.cx.internal.cloudapp.net, ports: [REPLICATION=44917, RATIS=45813, RATIS_ADMIN=45813, RATIS_SERVER=45813, STANDALONE=33241], networkLocation: /default-rack, certSerialId: null, persistedOpState: ENTERING_MAINTENANCE, persistedOpStateExpiryEpochSec: 0}.
2022-07-01 06:36:17,284 [ReplicationMonitor] INFO  replication.LegacyReplicationManager (LegacyReplicationManager.java:sendCloseCommand(1507)) - Sending close container command for container #1 to datanode c746d1d4-53da-45d7-b6d9-872d73785f11{ip: 10.1.0.14, host: fv-az121-578.oisc35kgwdsevnec4nnef0ad5h.cx.internal.cloudapp.net, ports: [REPLICATION=38885, RATIS=33989, RATIS_ADMIN=33989, RATIS_SERVER=33989, STANDALONE=44659], networkLocation: /default-rack, certSerialId: null, persistedOpState: IN_SERVICE, persistedOpStateExpiryEpochSec: 0}.
2022-07-01 06:36:17,285 [ReplicationMonitor] INFO  replication.LegacyReplicationManager (LegacyReplicationManager.java:sendCloseCommand(1507)) - Sending close container command for container #1 to datanode 3ef13f00-2e8f-4cf8-b989-4c3a5519d72f{ip: 10.1.0.14, host: fv-az121-578.oisc35kgwdsevnec4nnef0ad5h.cx.internal.cloudapp.net, ports: [REPLICATION=38931, RATIS=37135, RATIS_ADMIN=37135, RATIS_SERVER=37135, STANDALONE=42537], networkLocation: /default-rack, certSerialId: null, persistedOpState: IN_SERVICE, persistedOpStateExpiryEpochSec: 0}.
2022-07-01 06:36:17,285 [ReplicationMonitor] INFO  replication.LegacyReplicationManager (LegacyReplicationManager.java:sendCloseCommand(1507)) - Sending close container command for container #2 to datanode c746d1d4-53da-45d7-b6d9-872d73785f11{ip: 10.1.0.14, host: fv-az121-578.oisc35kgwdsevnec4nnef0ad5h.cx.internal.cloudapp.net, ports: [REPLICATION=38885, RATIS=33989, RATIS_ADMIN=33989, RATIS_SERVER=33989, STANDALONE=44659], networkLocation: /default-rack, certSerialId: null, persistedOpState: IN_SERVICE, persistedOpStateExpiryEpochSec: 0}.
2022-07-01 06:36:17,285 [ReplicationMonitor] INFO  replication.LegacyReplicationManager (LegacyReplicationManager.java:sendCloseCommand(1507)) - Sending close container command for container #2 to datanode d3c2a0de-eb94-47c1-bf63-6feb4e2b4d03{ip: 10.1.0.14, host: fv-az121-578.oisc35kgwdsevnec4nnef0ad5h.cx.internal.cloudapp.net, ports: [REPLICATION=44917, RATIS=45813, RATIS_ADMIN=45813, RATIS_SERVER=45813, STANDALONE=33241], networkLocation: /default-rack, certSerialId: null, persistedOpState: ENTERING_MAINTENANCE, persistedOpStateExpiryEpochSec: 0}.
2022-07-01 06:36:17,285 [ReplicationMonitor] INFO  replication.LegacyReplicationManager (LegacyReplicationManager.java:sendCloseCommand(1507)) - Sending close container command for container #2 to datanode 3ef13f00-2e8f-4cf8-b989-4c3a5519d72f{ip: 10.1.0.14, host: fv-az121-578.oisc35kgwdsevnec4nnef0ad5h.cx.internal.cloudapp.net, ports: [REPLICATION=38931, RATIS=37135, RATIS_ADMIN=37135, RATIS_SERVER=37135, STANDALONE=42537], networkLocation: /default-rack, certSerialId: null, persistedOpState: IN_SERVICE, persistedOpStateExpiryEpochSec: 0}.
2022-07-01 06:36:17,285 [ReplicationMonitor] INFO  replication.LegacyReplicationManager (LegacyReplicationManager.java:sendCloseCommand(1507)) - Sending close container command for container #3 to datanode 3ef13f00-2e8f-4cf8-b989-4c3a5519d72f{ip: 10.1.0.14, host: fv-az121-578.oisc35kgwdsevnec4nnef0ad5h.cx.internal.cloudapp.net, ports: [REPLICATION=38931, RATIS=37135, RATIS_ADMIN=37135, RATIS_SERVER=37135, STANDALONE=42537], networkLocation: /default-rack, certSerialId: null, persistedOpState: IN_SERVICE, persistedOpStateExpiryEpochSec: 0}.
2022-07-01 06:36:17,285 [ReplicationMonitor] INFO  replication.LegacyReplicationManager (LegacyReplicationManager.java:sendCloseCommand(1507)) - Sending close container command for container #3 to datanode c746d1d4-53da-45d7-b6d9-872d73785f11{ip: 10.1.0.14, host: fv-az121-578.oisc35kgwdsevnec4nnef0ad5h.cx.internal.cloudapp.net, ports: [REPLICATION=38885, RATIS=33989, RATIS_ADMIN=33989, RATIS_SERVER=33989, STANDALONE=44659], networkLocation: /default-rack, certSerialId: null, persistedOpState: IN_SERVICE, persistedOpStateExpiryEpochSec: 0}.
2022-07-01 06:36:17,285 [ReplicationMonitor] INFO  replication.LegacyReplicationManager (LegacyReplicationManager.java:sendCloseCommand(1507)) - Sending close container command for container #3 to datanode d3c2a0de-eb94-47c1-bf63-6feb4e2b4d03{ip: 10.1.0.14, host: fv-az121-578.oisc35kgwdsevnec4nnef0ad5h.cx.internal.cloudapp.net, ports: [REPLICATION=44917, RATIS=45813, RATIS_ADMIN=45813, RATIS_SERVER=45813, STANDALONE=33241], networkLocation: /default-rack, certSerialId: null, persistedOpState: ENTERING_MAINTENANCE, persistedOpStateExpiryEpochSec: 0}.
2022-07-01 06:36:17,285 [ReplicationMonitor] INFO  replication.ReplicationManager (ReplicationManager.java:processAll(260)) - Replication Monitor Thread took 1 milliseconds for processing 6 containers.
2022-07-01 06:36:17,289 [3e16c497-167e-44a0-ad70-845f9779a145@group-01758D4530F4->8d28a716-810c-49da-9c02-9573d7e4db50-GrpcLogAppender-LogAppenderDaemon] WARN  server.GrpcLogAppender (GrpcLogAppender.java:mayWait(171)) - 3e16c497-167e-44a0-ad70-845f9779a145@group-01758D4530F4->8d28a716-810c-49da-9c02-9573d7e4db50-GrpcLogAppender: Wait interrupted by java.lang.InterruptedException
2022-07-01 06:36:17,292 [grpc-default-executor-3] INFO  server.GrpcServerProtocolService (GrpcServerProtocolService.java:onCompleted(140)) - 8d28a716-810c-49da-9c02-9573d7e4db50: Completed APPEND_ENTRIES, lastRequest: 3e16c497-167e-44a0-ad70-845f9779a145->8d28a716-810c-49da-9c02-9573d7e4db50#89-t2,previous=(t:2, i:51),leaderCommit=51,initializing? true,entries: size=1, first=(t:2, i:52), STATEMACHINELOGENTRY, 147@client-D632D0E2A33B
2022-07-01 06:36:17,293 [grpc-default-executor-1] INFO  server.GrpcLogAppender (GrpcLogAppender.java:onCompleted(339)) - 3e16c497-167e-44a0-ad70-845f9779a145@group-01758D4530F4->8d28a716-810c-49da-9c02-9573d7e4db50-AppendLogResponseHandler: follower responses appendEntries COMPLETED
2022-07-01 06:36:17,293 [grpc-default-executor-1] INFO  leader.FollowerInfo (FollowerInfoImpl.java:lambda$new$0(48)) - 3e16c497-167e-44a0-ad70-845f9779a145@group-01758D4530F4->8d28a716-810c-49da-9c02-9573d7e4db50: nextIndex: updateUnconditionally 53 -> 52
2022-07-01 06:36:17,325 [Listener at 127.0.0.1/40159] INFO  upgrade.AbstractLayoutVersionManager (AbstractLayoutVersionManager.java:init(82)) - Initializing Layout version manager with metadata layout = DATANODE_SCHEMA_V3 (version = 4), software layout = DATANODE_SCHEMA_V3 (version = 4)
2022-07-01 06:36:17,354 [org.apache.hadoop.util.JvmPauseMonitor$Monitor@70b454f4] INFO  util.JvmPauseMonitor (JvmPauseMonitor.java:run(188)) - Starting JVM pause monitor
2022-07-01 06:36:17,392 [3e16c497-167e-44a0-ad70-845f9779a145@group-01758D4530F4-LeaderStateImpl] INFO  impl.RoleInfo (RoleInfo.java:updateAndGet(139)) - 3e16c497-167e-44a0-ad70-845f9779a145: start 3e16c497-167e-44a0-ad70-845f9779a145@group-01758D4530F4-FollowerState
2022-07-01 06:36:17,429 [Datanode State Machine Task Thread - 0] INFO  datanode.InitDatanodeState (InitDatanodeState.java:persistContainerDatanodeDetails(138)) - DatanodeDetails is persisted to /home/runner/work/ozone/ozone/hadoop-ozone/integration-test/target/test-dir/MiniOzoneClusterImpl-bc7ab851-61db-4e9a-86cd-3d27c2668616/datanode-1/meta/datanode.id
2022-07-01 06:36:17,597 [Mini-Cluster-Provider-Reap] INFO  ozoneimpl.OzoneContainer (OzoneContainer.java:stop(365)) - Attempting to stop container services.
2022-07-01 06:36:17,605 [Mini-Cluster-Provider-Reap] INFO  server.RaftServer (RaftServerProxy.java:lambda$close$7(398)) - 3e16c497-167e-44a0-ad70-845f9779a145: close
2022-07-01 06:36:17,605 [Mini-Cluster-Provider-Reap] INFO  server.RaftServer$Division (RaftServerImpl.java:lambda$close$4(434)) - 3e16c497-167e-44a0-ad70-845f9779a145@group-01758D4530F4: shutdown
2022-07-01 06:36:17,605 [Mini-Cluster-Provider-Reap] INFO  util.JmxRegister (JmxRegister.java:unregister(73)) - Successfully un-registered JMX Bean with object name Ratis:service=RaftServer,group=group-01758D4530F4,id=3e16c497-167e-44a0-ad70-845f9779a145
2022-07-01 06:36:17,605 [Mini-Cluster-Provider-Reap] INFO  impl.RoleInfo (RoleInfo.java:shutdownFollowerState(110)) - 3e16c497-167e-44a0-ad70-845f9779a145: shutdown 3e16c497-167e-44a0-ad70-845f9779a145@group-01758D4530F4-FollowerState
2022-07-01 06:36:17,605 [Mini-Cluster-Provider-Reap] INFO  impl.StateMachineUpdater (StateMachineUpdater.java:stopAndJoin(153)) - 3e16c497-167e-44a0-ad70-845f9779a145@group-01758D4530F4-StateMachineUpdater: set stopIndex = 51
2022-07-01 06:36:17,606 [3e16c497-167e-44a0-ad70-845f9779a145@group-01758D4530F4-FollowerState] INFO  impl.FollowerState (FollowerState.java:run(152)) - 3e16c497-167e-44a0-ad70-845f9779a145@group-01758D4530F4-FollowerState was interrupted
2022-07-01 06:36:17,606 [3e16c497-167e-44a0-ad70-845f9779a145@group-01758D4530F4-StateMachineUpdater] INFO  ratis.ContainerStateMachine (ContainerStateMachine.java:takeSnapshot(304)) - group-01758D4530F4: Taking a snapshot at:(t:2, i:51) file /home/runner/work/ozone/ozone/hadoop-ozone/integration-test/target/test-dir/MiniOzoneClusterImpl-7502d6fe-9434-4bad-a2d4-af421e375e39/datanode-5/data/ratis/1271a3bc-28fd-4da0-a971-01758d4530f4/sm/snapshot.2_51
2022-07-01 06:36:17,612 [3e16c497-167e-44a0-ad70-845f9779a145@group-01758D4530F4-StateMachineUpdater] INFO  ratis.ContainerStateMachine (ContainerStateMachine.java:takeSnapshot(315)) - group-01758D4530F4: Finished taking a snapshot at:(t:2, i:51) file:/home/runner/work/ozone/ozone/hadoop-ozone/integration-test/target/test-dir/MiniOzoneClusterImpl-7502d6fe-9434-4bad-a2d4-af421e375e39/datanode-5/data/ratis/1271a3bc-28fd-4da0-a971-01758d4530f4/sm/snapshot.2_51 took: 6 ms
2022-07-01 06:36:17,612 [3e16c497-167e-44a0-ad70-845f9779a145@group-01758D4530F4-StateMachineUpdater] INFO  impl.StateMachineUpdater (StateMachineUpdater.java:takeSnapshot(287)) - 3e16c497-167e-44a0-ad70-845f9779a145@group-01758D4530F4-StateMachineUpdater: Took a snapshot at index 51
2022-07-01 06:36:17,612 [3e16c497-167e-44a0-ad70-845f9779a145@group-01758D4530F4-StateMachineUpdater] INFO  impl.StateMachineUpdater (StateMachineUpdater.java:lambda$new$0(92)) - 3e16c497-167e-44a0-ad70-845f9779a145@group-01758D4530F4-StateMachineUpdater: snapshotIndex: updateIncreasingly -1 -> 51
2022-07-01 06:36:17,614 [Listener at 127.0.0.1/40159] INFO  reflections.Reflections (Reflections.java:scan(232)) - Reflections took 288 ms to scan 7 urls, producing 132 keys and 317 values 
2022-07-01 06:36:17,616 [Mini-Cluster-Provider-Reap] INFO  server.RaftServer$Division (ServerState.java:close(429)) - 3e16c497-167e-44a0-ad70-845f9779a145@group-01758D4530F4: closes. applyIndex: 51
2022-07-01 06:36:17,616 [3e16c497-167e-44a0-ad70-845f9779a145@group-01758D4530F4-SegmentedRaftLogWorker] INFO  segmented.SegmentedRaftLogWorker (SegmentedRaftLogWorker.java:run(336)) - 3e16c497-167e-44a0-ad70-845f9779a145@group-01758D4530F4-SegmentedRaftLogWorker was interrupted, exiting. There are 0 tasks remaining in the queue.
2022-07-01 06:36:17,616 [Mini-Cluster-Provider-Reap] INFO  segmented.SegmentedRaftLogWorker (SegmentedRaftLogWorker.java:close(246)) - 3e16c497-167e-44a0-ad70-845f9779a145@group-01758D4530F4-SegmentedRaftLogWorker close()
2022-07-01 06:36:17,619 [Mini-Cluster-Provider-Reap] INFO  server.RaftServer$Division (RaftServerImpl.java:lambda$close$4(434)) - 3e16c497-167e-44a0-ad70-845f9779a145@group-0A83FEC3330E: shutdown
2022-07-01 06:36:17,619 [Mini-Cluster-Provider-Reap] INFO  util.JmxRegister (JmxRegister.java:unregister(73)) - Successfully un-registered JMX Bean with object name Ratis:service=RaftServer,group=group-0A83FEC3330E,id=3e16c497-167e-44a0-ad70-845f9779a145
2022-07-01 06:36:17,619 [Mini-Cluster-Provider-Reap] INFO  impl.RoleInfo (RoleInfo.java:shutdownLeaderState(93)) - 3e16c497-167e-44a0-ad70-845f9779a145: shutdown 3e16c497-167e-44a0-ad70-845f9779a145@group-0A83FEC3330E-LeaderStateImpl
2022-07-01 06:36:17,619 [Mini-Cluster-Provider-Reap] INFO  impl.PendingRequests (PendingRequests.java:sendNotLeaderResponses(282)) - 3e16c497-167e-44a0-ad70-845f9779a145@group-0A83FEC3330E-PendingRequests: sendNotLeaderResponses
2022-07-01 06:36:17,619 [Listener at 127.0.0.1/40159] INFO  statemachine.DatanodeStateMachine (DatanodeStateMachine.java:getEndPointTaskThreadPoolSize(237)) - Datanode State Machine Task Thread Pool size 2
2022-07-01 06:36:17,620 [3e16c497-167e-44a0-ad70-845f9779a145@group-0A83FEC3330E-StateMachineUpdater] INFO  ratis.ContainerStateMachine (ContainerStateMachine.java:takeSnapshot(304)) - group-0A83FEC3330E: Taking a snapshot at:(t:1, i:0) file /home/runner/work/ozone/ozone/hadoop-ozone/integration-test/target/test-dir/MiniOzoneClusterImpl-7502d6fe-9434-4bad-a2d4-af421e375e39/datanode-5/data/ratis/c15687ba-f767-41f3-9b29-0a83fec3330e/sm/snapshot.1_0
2022-07-01 06:36:17,620 [Mini-Cluster-Provider-Reap] INFO  impl.StateMachineUpdater (StateMachineUpdater.java:stopAndJoin(153)) - 3e16c497-167e-44a0-ad70-845f9779a145@group-0A83FEC3330E-StateMachineUpdater: set stopIndex = 0
2022-07-01 06:36:17,628 [3e16c497-167e-44a0-ad70-845f9779a145@group-0A83FEC3330E-StateMachineUpdater] INFO  ratis.ContainerStateMachine (ContainerStateMachine.java:takeSnapshot(315)) - group-0A83FEC3330E: Finished taking a snapshot at:(t:1, i:0) file:/home/runner/work/ozone/ozone/hadoop-ozone/integration-test/target/test-dir/MiniOzoneClusterImpl-7502d6fe-9434-4bad-a2d4-af421e375e39/datanode-5/data/ratis/c15687ba-f767-41f3-9b29-0a83fec3330e/sm/snapshot.1_0 took: 8 ms
2022-07-01 06:36:17,628 [3e16c497-167e-44a0-ad70-845f9779a145@group-0A83FEC3330E-StateMachineUpdater] INFO  impl.StateMachineUpdater (StateMachineUpdater.java:takeSnapshot(287)) - 3e16c497-167e-44a0-ad70-845f9779a145@group-0A83FEC3330E-StateMachineUpdater: Took a snapshot at index 0
2022-07-01 06:36:17,628 [3e16c497-167e-44a0-ad70-845f9779a145@group-0A83FEC3330E-StateMachineUpdater] INFO  impl.StateMachineUpdater (StateMachineUpdater.java:lambda$new$0(92)) - 3e16c497-167e-44a0-ad70-845f9779a145@group-0A83FEC3330E-StateMachineUpdater: snapshotIndex: updateIncreasingly -1 -> 0
2022-07-01 06:36:17,629 [Listener at 127.0.0.1/40159] INFO  volume.HddsVolume (HddsVolume.java:<init>(116)) - Creating HddsVolume: /home/runner/work/ozone/ozone/hadoop-ozone/integration-test/target/test-dir/MiniOzoneClusterImpl-bc7ab851-61db-4e9a-86cd-3d27c2668616/datanode-2/data-0/containers/hdds of storage type : DISK capacity : 9223372036854775807
2022-07-01 06:36:17,629 [Listener at 127.0.0.1/40159] INFO  volume.MutableVolumeSet (MutableVolumeSet.java:initializeVolumeSet(174)) - Added Volume : /home/runner/work/ozone/ozone/hadoop-ozone/integration-test/target/test-dir/MiniOzoneClusterImpl-bc7ab851-61db-4e9a-86cd-3d27c2668616/datanode-2/data-0/containers/hdds to VolumeSet
2022-07-01 06:36:17,629 [Listener at 127.0.0.1/40159] INFO  volume.ThrottledAsyncChecker (ThrottledAsyncChecker.java:schedule(141)) - Scheduling a check for /home/runner/work/ozone/ozone/hadoop-ozone/integration-test/target/test-dir/MiniOzoneClusterImpl-bc7ab851-61db-4e9a-86cd-3d27c2668616/datanode-2/data-0/containers/hdds
2022-07-01 06:36:17,629 [Mini-Cluster-Provider-Reap] INFO  server.RaftServer$Division (ServerState.java:close(429)) - 3e16c497-167e-44a0-ad70-845f9779a145@group-0A83FEC3330E: closes. applyIndex: 0
2022-07-01 06:36:17,666 [3e16c497-167e-44a0-ad70-845f9779a145@group-0A83FEC3330E-SegmentedRaftLogWorker] INFO  segmented.SegmentedRaftLogWorker (SegmentedRaftLogWorker.java:run(336)) - 3e16c497-167e-44a0-ad70-845f9779a145@group-0A83FEC3330E-SegmentedRaftLogWorker was interrupted, exiting. There are 0 tasks remaining in the queue.
2022-07-01 06:36:17,666 [Mini-Cluster-Provider-Reap] INFO  segmented.SegmentedRaftLogWorker (SegmentedRaftLogWorker.java:close(246)) - 3e16c497-167e-44a0-ad70-845f9779a145@group-0A83FEC3330E-SegmentedRaftLogWorker close()
2022-07-01 06:36:17,666 [Listener at 127.0.0.1/40159] INFO  volume.StorageVolumeChecker (StorageVolumeChecker.java:checkAllVolumes(202)) - Scheduled health check for volume /home/runner/work/ozone/ozone/hadoop-ozone/integration-test/target/test-dir/MiniOzoneClusterImpl-bc7ab851-61db-4e9a-86cd-3d27c2668616/datanode-2/data-0/containers/hdds
2022-07-01 06:36:17,666 [Mini-Cluster-Provider-Reap] INFO  server.GrpcService (GrpcService.java:closeImpl(269)) - 3e16c497-167e-44a0-ad70-845f9779a145: shutdown server with port 46461 now
2022-07-01 06:36:17,692 [EventQueue-PipelineReportForPipelineReportHandler] INFO  pipeline.PipelineReportHandler (PipelineReportHandler.java:processPipelineReport(113)) - Reported pipeline PipelineID=065dc424-0ba7-4de8-8ecf-9fac9d09d3ed is not found
2022-07-01 06:36:17,699 [Mini-Cluster-Provider-Reap] INFO  server.GrpcService (GrpcService.java:closeImpl(278)) - 3e16c497-167e-44a0-ad70-845f9779a145: shutdown server with port 46461 successfully
2022-07-01 06:36:17,699 [org.apache.ratis.util.JvmPauseMonitor$$Lambda$706/2098851404@68ad93e6] INFO  util.JvmPauseMonitor (JvmPauseMonitor.java:run(109)) - JvmPauseMonitor-3e16c497-167e-44a0-ad70-845f9779a145: Stopped
2022-07-01 06:36:17,734 [Listener at 127.0.0.1/40159] INFO  volume.MutableVolumeSet (MutableVolumeSet.java:initializeVolumeSet(174)) - Added Volume : /home/runner/work/ozone/ozone/hadoop-ozone/integration-test/target/test-dir/MiniOzoneClusterImpl-bc7ab851-61db-4e9a-86cd-3d27c2668616/datanode-2/data/ratis to VolumeSet
2022-07-01 06:36:17,735 [Listener at 127.0.0.1/40159] INFO  volume.ThrottledAsyncChecker (ThrottledAsyncChecker.java:schedule(141)) - Scheduling a check for /home/runner/work/ozone/ozone/hadoop-ozone/integration-test/target/test-dir/MiniOzoneClusterImpl-bc7ab851-61db-4e9a-86cd-3d27c2668616/datanode-2/data/ratis
2022-07-01 06:36:17,735 [Listener at 127.0.0.1/40159] INFO  volume.StorageVolumeChecker (StorageVolumeChecker.java:checkAllVolumes(202)) - Scheduled health check for volume /home/runner/work/ozone/ozone/hadoop-ozone/integration-test/target/test-dir/MiniOzoneClusterImpl-bc7ab851-61db-4e9a-86cd-3d27c2668616/datanode-2/data/ratis
2022-07-01 06:36:17,744 [ReplicationMonitor] INFO  replication.ReplicationManager (ReplicationManager.java:processAll(227)) - Replication Manager is not ready to run until 3000ms after safemode exit
2022-07-01 06:36:17,745 [Command processor thread] INFO  server.RaftServer (RaftServerProxy.java:remove(107)) - d3c2a0de-eb94-47c1-bf63-6feb4e2b4d03: remove  FOLLOWER d3c2a0de-eb94-47c1-bf63-6feb4e2b4d03@group-9FAC9D09D3ED:t1, leader=c746d1d4-53da-45d7-b6d9-872d73785f11, voted=c746d1d4-53da-45d7-b6d9-872d73785f11, raftlog=d3c2a0de-eb94-47c1-bf63-6feb4e2b4d03@group-9FAC9D09D3ED-SegmentedRaftLog:OPENED:c37, conf=0: [d3c2a0de-eb94-47c1-bf63-6feb4e2b4d03|rpc:10.1.0.14:45813|dataStream:|priority:0, 3ef13f00-2e8f-4cf8-b989-4c3a5519d72f|rpc:10.1.0.14:37135|dataStream:|priority:0, c746d1d4-53da-45d7-b6d9-872d73785f11|rpc:10.1.0.14:33989|dataStream:|priority:1], old=null RUNNING
2022-07-01 06:36:17,745 [Command processor thread] INFO  server.RaftServer$Division (RaftServerImpl.java:lambda$close$4(434)) - d3c2a0de-eb94-47c1-bf63-6feb4e2b4d03@group-9FAC9D09D3ED: shutdown
2022-07-01 06:36:17,745 [Command processor thread] INFO  util.JmxRegister (JmxRegister.java:unregister(73)) - Successfully un-registered JMX Bean with object name Ratis:service=RaftServer,group=group-9FAC9D09D3ED,id=d3c2a0de-eb94-47c1-bf63-6feb4e2b4d03
2022-07-01 06:36:17,745 [Command processor thread] INFO  impl.RoleInfo (RoleInfo.java:shutdownFollowerState(110)) - d3c2a0de-eb94-47c1-bf63-6feb4e2b4d03: shutdown d3c2a0de-eb94-47c1-bf63-6feb4e2b4d03@group-9FAC9D09D3ED-FollowerState
2022-07-01 06:36:17,745 [Command processor thread] INFO  impl.StateMachineUpdater (StateMachineUpdater.java:stopAndJoin(153)) - d3c2a0de-eb94-47c1-bf63-6feb4e2b4d03@group-9FAC9D09D3ED-StateMachineUpdater: set stopIndex = 37
2022-07-01 06:36:17,745 [d3c2a0de-eb94-47c1-bf63-6feb4e2b4d03@group-9FAC9D09D3ED-FollowerState] INFO  impl.FollowerState (FollowerState.java:run(152)) - d3c2a0de-eb94-47c1-bf63-6feb4e2b4d03@group-9FAC9D09D3ED-FollowerState was interrupted
2022-07-01 06:36:17,746 [d3c2a0de-eb94-47c1-bf63-6feb4e2b4d03@group-9FAC9D09D3ED-StateMachineUpdater] INFO  ratis.ContainerStateMachine (ContainerStateMachine.java:takeSnapshot(304)) - group-9FAC9D09D3ED: Taking a snapshot at:(t:1, i:37) file /home/runner/work/ozone/ozone/hadoop-ozone/integration-test/target/test-dir/MiniOzoneClusterImpl-7edcb754-c26a-40b3-a077-2aa3ffd4ab49/datanode-1/data/ratis/065dc424-0ba7-4de8-8ecf-9fac9d09d3ed/sm/snapshot.1_37
2022-07-01 06:36:17,747 [d3c2a0de-eb94-47c1-bf63-6feb4e2b4d03@group-9FAC9D09D3ED-StateMachineUpdater] INFO  ratis.ContainerStateMachine (ContainerStateMachine.java:takeSnapshot(315)) - group-9FAC9D09D3ED: Finished taking a snapshot at:(t:1, i:37) file:/home/runner/work/ozone/ozone/hadoop-ozone/integration-test/target/test-dir/MiniOzoneClusterImpl-7edcb754-c26a-40b3-a077-2aa3ffd4ab49/datanode-1/data/ratis/065dc424-0ba7-4de8-8ecf-9fac9d09d3ed/sm/snapshot.1_37 took: 1 ms
2022-07-01 06:36:17,747 [d3c2a0de-eb94-47c1-bf63-6feb4e2b4d03@group-9FAC9D09D3ED-StateMachineUpdater] INFO  impl.StateMachineUpdater (StateMachineUpdater.java:takeSnapshot(287)) - d3c2a0de-eb94-47c1-bf63-6feb4e2b4d03@group-9FAC9D09D3ED-StateMachineUpdater: Took a snapshot at index 37
2022-07-01 06:36:17,747 [d3c2a0de-eb94-47c1-bf63-6feb4e2b4d03@group-9FAC9D09D3ED-StateMachineUpdater] INFO  impl.StateMachineUpdater (StateMachineUpdater.java:lambda$new$0(92)) - d3c2a0de-eb94-47c1-bf63-6feb4e2b4d03@group-9FAC9D09D3ED-StateMachineUpdater: snapshotIndex: updateIncreasingly -1 -> 37
2022-07-01 06:36:17,750 [EventQueue-PipelineReportForPipelineReportHandler] INFO  pipeline.PipelineReportHandler (PipelineReportHandler.java:processPipelineReport(113)) - Reported pipeline PipelineID=065dc424-0ba7-4de8-8ecf-9fac9d09d3ed is not found
2022-07-01 06:36:17,750 [EventQueue-PipelineReportForPipelineReportHandler] INFO  pipeline.PipelineReportHandler (PipelineReportHandler.java:processPipelineReport(113)) - Reported pipeline PipelineID=1d45bcec-23ba-4ab4-8a07-fa4f5a003410 is not found
2022-07-01 06:36:17,752 [Command processor thread] INFO  server.RaftServer$Division (ServerState.java:close(429)) - d3c2a0de-eb94-47c1-bf63-6feb4e2b4d03@group-9FAC9D09D3ED: closes. applyIndex: 37
2022-07-01 06:36:17,752 [d3c2a0de-eb94-47c1-bf63-6feb4e2b4d03@group-9FAC9D09D3ED-SegmentedRaftLogWorker] INFO  segmented.SegmentedRaftLogWorker (SegmentedRaftLogWorker.java:run(336)) - d3c2a0de-eb94-47c1-bf63-6feb4e2b4d03@group-9FAC9D09D3ED-SegmentedRaftLogWorker was interrupted, exiting. There are 0 tasks remaining in the queue.
2022-07-01 06:36:17,756 [Command processor thread] INFO  segmented.SegmentedRaftLogWorker (SegmentedRaftLogWorker.java:close(246)) - d3c2a0de-eb94-47c1-bf63-6feb4e2b4d03@group-9FAC9D09D3ED-SegmentedRaftLogWorker close()
2022-07-01 06:36:17,775 [Command processor thread] INFO  keyvalue.KeyValueContainer (KeyValueContainer.java:flushAndSyncDB(431)) - Container 1 is synced with bcsId 37.
2022-07-01 06:36:17,775 [Command processor thread] INFO  keyvalue.KeyValueContainer (KeyValueContainer.java:flushAndSyncDB(431)) - Container 1 is synced with bcsId 37.
2022-07-01 06:36:17,784 [FixedThreadPoolWithAffinityExecutor-1-0] INFO  container.IncrementalContainerReportHandler (AbstractContainerReportHandler.java:updateContainerState(281)) - Moving container #1 to QUASI_CLOSED state, datanode d3c2a0de-eb94-47c1-bf63-6feb4e2b4d03{ip: 10.1.0.14, host: fv-az121-578.oisc35kgwdsevnec4nnef0ad5h.cx.internal.cloudapp.net, ports: [REPLICATION=44917, RATIS=45813, RATIS_ADMIN=45813, RATIS_SERVER=45813, STANDALONE=33241], networkLocation: /default-rack, certSerialId: null, persistedOpState: ENTERING_MAINTENANCE, persistedOpStateExpiryEpochSec: 0} reported QUASI_CLOSED replica.
2022-07-01 06:36:17,787 [ReplicationMonitor] INFO  replication.LegacyReplicationManager (LegacyReplicationManager.java:sendCloseCommand(1507)) - Sending close container command for container #4 to datanode 3e16c497-167e-44a0-ad70-845f9779a145{ip: 10.1.0.14, host: fv-az121-578.oisc35kgwdsevnec4nnef0ad5h.cx.internal.cloudapp.net, ports: [REPLICATION=35749, RATIS=46461, RATIS_ADMIN=46461, RATIS_SERVER=46461, STANDALONE=42091], networkLocation: /default-rack, certSerialId: null, persistedOpState: IN_SERVICE, persistedOpStateExpiryEpochSec: 0}.
2022-07-01 06:36:17,787 [ReplicationMonitor] INFO  replication.LegacyReplicationManager (LegacyReplicationManager.java:sendCloseCommand(1507)) - Sending close container command for container #6 to datanode 3e16c497-167e-44a0-ad70-845f9779a145{ip: 10.1.0.14, host: fv-az121-578.oisc35kgwdsevnec4nnef0ad5h.cx.internal.cloudapp.net, ports: [REPLICATION=35749, RATIS=46461, RATIS_ADMIN=46461, RATIS_SERVER=46461, STANDALONE=42091], networkLocation: /default-rack, certSerialId: null, persistedOpState: IN_SERVICE, persistedOpStateExpiryEpochSec: 0}.
2022-07-01 06:36:17,788 [ReplicationMonitor] INFO  replication.ReplicationManager (ReplicationManager.java:processAll(260)) - Replication Monitor Thread took 0 milliseconds for processing 6 containers.
2022-07-01 06:36:17,789 [Command processor thread] INFO  keyvalue.KeyValueContainer (KeyValueContainer.java:flushAndSyncDB(431)) - Container 2 is synced with bcsId 29.
2022-07-01 06:36:17,789 [Command processor thread] INFO  keyvalue.KeyValueContainer (KeyValueContainer.java:flushAndSyncDB(431)) - Container 2 is synced with bcsId 29.
2022-07-01 06:36:17,793 [FixedThreadPoolWithAffinityExecutor-0-0] INFO  container.IncrementalContainerReportHandler (AbstractContainerReportHandler.java:updateContainerState(281)) - Moving container #2 to QUASI_CLOSED state, datanode d3c2a0de-eb94-47c1-bf63-6feb4e2b4d03{ip: 10.1.0.14, host: fv-az121-578.oisc35kgwdsevnec4nnef0ad5h.cx.internal.cloudapp.net, ports: [REPLICATION=44917, RATIS=45813, RATIS_ADMIN=45813, RATIS_SERVER=45813, STANDALONE=33241], networkLocation: /default-rack, certSerialId: null, persistedOpState: ENTERING_MAINTENANCE, persistedOpStateExpiryEpochSec: 0} reported QUASI_CLOSED replica.
2022-07-01 06:36:17,800 [Command processor thread] INFO  keyvalue.KeyValueContainer (KeyValueContainer.java:flushAndSyncDB(431)) - Container 3 is synced with bcsId 33.
2022-07-01 06:36:17,800 [Command processor thread] INFO  keyvalue.KeyValueContainer (KeyValueContainer.java:flushAndSyncDB(431)) - Container 3 is synced with bcsId 33.
2022-07-01 06:36:17,814 [FixedThreadPoolWithAffinityExecutor-9-0] INFO  container.IncrementalContainerReportHandler (AbstractContainerReportHandler.java:updateContainerState(281)) - Moving container #3 to QUASI_CLOSED state, datanode d3c2a0de-eb94-47c1-bf63-6feb4e2b4d03{ip: 10.1.0.14, host: fv-az121-578.oisc35kgwdsevnec4nnef0ad5h.cx.internal.cloudapp.net, ports: [REPLICATION=44917, RATIS=45813, RATIS_ADMIN=45813, RATIS_SERVER=45813, STANDALONE=33241], networkLocation: /default-rack, certSerialId: null, persistedOpState: ENTERING_MAINTENANCE, persistedOpStateExpiryEpochSec: 0} reported QUASI_CLOSED replica.
2022-07-01 06:36:17,814 [Command processor thread] INFO  server.RaftServer$Division (RaftServerImpl.java:groupRemove(404)) - d3c2a0de-eb94-47c1-bf63-6feb4e2b4d03@group-9FAC9D09D3ED: Succeed to remove RaftStorageDirectory Storage Directory /home/runner/work/ozone/ozone/hadoop-ozone/integration-test/target/test-dir/MiniOzoneClusterImpl-7edcb754-c26a-40b3-a077-2aa3ffd4ab49/datanode-1/data/ratis/065dc424-0ba7-4de8-8ecf-9fac9d09d3ed
2022-07-01 06:36:17,814 [Command processor thread] INFO  commandhandler.ClosePipelineCommandHandler (ClosePipelineCommandHandler.java:handle(78)) - Close Pipeline PipelineID=065dc424-0ba7-4de8-8ecf-9fac9d09d3ed command on datanode d3c2a0de-eb94-47c1-bf63-6feb4e2b4d03.
2022-07-01 06:36:17,814 [Command processor thread] INFO  server.RaftServer (RaftServerProxy.java:remove(107)) - d3c2a0de-eb94-47c1-bf63-6feb4e2b4d03: remove    LEADER d3c2a0de-eb94-47c1-bf63-6feb4e2b4d03@group-FA4F5A003410:t1, leader=d3c2a0de-eb94-47c1-bf63-6feb4e2b4d03, voted=d3c2a0de-eb94-47c1-bf63-6feb4e2b4d03, raftlog=d3c2a0de-eb94-47c1-bf63-6feb4e2b4d03@group-FA4F5A003410-SegmentedRaftLog:OPENED:c0, conf=0: [d3c2a0de-eb94-47c1-bf63-6feb4e2b4d03|rpc:10.1.0.14:45813|dataStream:|priority:1], old=null RUNNING
2022-07-01 06:36:17,814 [Command processor thread] INFO  server.RaftServer$Division (RaftServerImpl.java:lambda$close$4(434)) - d3c2a0de-eb94-47c1-bf63-6feb4e2b4d03@group-FA4F5A003410: shutdown
2022-07-01 06:36:17,814 [Command processor thread] INFO  util.JmxRegister (JmxRegister.java:unregister(73)) - Successfully un-registered JMX Bean with object name Ratis:service=RaftServer,group=group-FA4F5A003410,id=d3c2a0de-eb94-47c1-bf63-6feb4e2b4d03
2022-07-01 06:36:17,814 [Command processor thread] INFO  impl.RoleInfo (RoleInfo.java:shutdownLeaderState(93)) - d3c2a0de-eb94-47c1-bf63-6feb4e2b4d03: shutdown d3c2a0de-eb94-47c1-bf63-6feb4e2b4d03@group-FA4F5A003410-LeaderStateImpl
2022-07-01 06:36:17,815 [Command processor thread] INFO  impl.PendingRequests (PendingRequests.java:sendNotLeaderResponses(282)) - d3c2a0de-eb94-47c1-bf63-6feb4e2b4d03@group-FA4F5A003410-PendingRequests: sendNotLeaderResponses
2022-07-01 06:36:17,818 [Command processor thread] INFO  impl.StateMachineUpdater (StateMachineUpdater.java:stopAndJoin(153)) - d3c2a0de-eb94-47c1-bf63-6feb4e2b4d03@group-FA4F5A003410-StateMachineUpdater: set stopIndex = 0
2022-07-01 06:36:17,818 [d3c2a0de-eb94-47c1-bf63-6feb4e2b4d03@group-FA4F5A003410-StateMachineUpdater] INFO  ratis.ContainerStateMachine (ContainerStateMachine.java:takeSnapshot(304)) - group-FA4F5A003410: Taking a snapshot at:(t:1, i:0) file /home/runner/work/ozone/ozone/hadoop-ozone/integration-test/target/test-dir/MiniOzoneClusterImpl-7edcb754-c26a-40b3-a077-2aa3ffd4ab49/datanode-1/data/ratis/1d45bcec-23ba-4ab4-8a07-fa4f5a003410/sm/snapshot.1_0
2022-07-01 06:36:17,821 [d3c2a0de-eb94-47c1-bf63-6feb4e2b4d03@group-FA4F5A003410-StateMachineUpdater] INFO  ratis.ContainerStateMachine (ContainerStateMachine.java:takeSnapshot(315)) - group-FA4F5A003410: Finished taking a snapshot at:(t:1, i:0) file:/home/runner/work/ozone/ozone/hadoop-ozone/integration-test/target/test-dir/MiniOzoneClusterImpl-7edcb754-c26a-40b3-a077-2aa3ffd4ab49/datanode-1/data/ratis/1d45bcec-23ba-4ab4-8a07-fa4f5a003410/sm/snapshot.1_0 took: 2 ms
2022-07-01 06:36:17,821 [d3c2a0de-eb94-47c1-bf63-6feb4e2b4d03@group-FA4F5A003410-StateMachineUpdater] INFO  impl.StateMachineUpdater (StateMachineUpdater.java:takeSnapshot(287)) - d3c2a0de-eb94-47c1-bf63-6feb4e2b4d03@group-FA4F5A003410-StateMachineUpdater: Took a snapshot at index 0
2022-07-01 06:36:17,821 [d3c2a0de-eb94-47c1-bf63-6feb4e2b4d03@group-FA4F5A003410-StateMachineUpdater] INFO  impl.StateMachineUpdater (StateMachineUpdater.java:lambda$new$0(92)) - d3c2a0de-eb94-47c1-bf63-6feb4e2b4d03@group-FA4F5A003410-StateMachineUpdater: snapshotIndex: updateIncreasingly -1 -> 0
2022-07-01 06:36:17,827 [Command processor thread] INFO  server.RaftServer$Division (ServerState.java:close(429)) - d3c2a0de-eb94-47c1-bf63-6feb4e2b4d03@group-FA4F5A003410: closes. applyIndex: 0
2022-07-01 06:36:17,827 [d3c2a0de-eb94-47c1-bf63-6feb4e2b4d03@group-FA4F5A003410-SegmentedRaftLogWorker] INFO  segmented.SegmentedRaftLogWorker (SegmentedRaftLogWorker.java:run(336)) - d3c2a0de-eb94-47c1-bf63-6feb4e2b4d03@group-FA4F5A003410-SegmentedRaftLogWorker was interrupted, exiting. There are 0 tasks remaining in the queue.
2022-07-01 06:36:17,828 [Command processor thread] INFO  segmented.SegmentedRaftLogWorker (SegmentedRaftLogWorker.java:close(246)) - d3c2a0de-eb94-47c1-bf63-6feb4e2b4d03@group-FA4F5A003410-SegmentedRaftLogWorker close()
2022-07-01 06:36:17,843 [Command processor thread] INFO  server.RaftServer$Division (RaftServerImpl.java:groupRemove(404)) - d3c2a0de-eb94-47c1-bf63-6feb4e2b4d03@group-FA4F5A003410: Succeed to remove RaftStorageDirectory Storage Directory /home/runner/work/ozone/ozone/hadoop-ozone/integration-test/target/test-dir/MiniOzoneClusterImpl-7edcb754-c26a-40b3-a077-2aa3ffd4ab49/datanode-1/data/ratis/1d45bcec-23ba-4ab4-8a07-fa4f5a003410
2022-07-01 06:36:17,843 [Command processor thread] INFO  commandhandler.ClosePipelineCommandHandler (ClosePipelineCommandHandler.java:handle(78)) - Close Pipeline PipelineID=1d45bcec-23ba-4ab4-8a07-fa4f5a003410 command on datanode d3c2a0de-eb94-47c1-bf63-6feb4e2b4d03.
2022-07-01 06:36:17,896 [Thread-3773] INFO  ozoneimpl.ContainerReader (ContainerReader.java:readVolume(172)) - Finish verifying containers on volume /home/runner/work/ozone/ozone/hadoop-ozone/integration-test/target/test-dir/MiniOzoneClusterImpl-bc7ab851-61db-4e9a-86cd-3d27c2668616/datanode-2/data-0/containers/hdds
2022-07-01 06:36:17,896 [Listener at 127.0.0.1/40159] INFO  ozoneimpl.OzoneContainer (OzoneContainer.java:buildContainerSet(266)) - Build ContainerSet costs 0s
2022-07-01 06:36:17,897 [Listener at 127.0.0.1/40159] INFO  server.RaftServer (ConfUtils.java:logGet(46)) - raft.rpc.type = GRPC (default)
2022-07-01 06:36:17,897 [Listener at 127.0.0.1/40159] INFO  grpc.GrpcFactory (GrpcFactory.java:checkPooledByteBufAllocatorUseCacheForAllThreads(48)) - PERFORMANCE WARNING: useCacheForAllThreads is true that may cause Netty to create a lot garbage objects and, as a result, trigger GC.
	It is recommended to disable useCacheForAllThreads by setting -Dorg.apache.ratis.thirdparty.io.netty.allocator.useCacheForAllThreads=false in command line.
2022-07-01 06:36:17,897 [Listener at 127.0.0.1/40159] INFO  grpc.GrpcConfigKeys (ConfUtils.java:logGet(46)) - raft.grpc.admin.port = 0 (custom)
2022-07-01 06:36:17,897 [Listener at 127.0.0.1/40159] INFO  grpc.GrpcConfigKeys (ConfUtils.java:logGet(46)) - raft.grpc.client.port = 0 (custom)
2022-07-01 06:36:17,897 [Listener at 127.0.0.1/40159] INFO  grpc.GrpcConfigKeys (ConfUtils.java:logGet(46)) - raft.grpc.server.port = 0 (default)
2022-07-01 06:36:17,897 [Listener at 127.0.0.1/40159] INFO  server.GrpcService (ConfUtils.java:logGet(46)) - raft.grpc.message.size.max = 32MB (=33554432) (custom)
2022-07-01 06:36:17,897 [Listener at 127.0.0.1/40159] INFO  server.RaftServerConfigKeys (ConfUtils.java:logGet(46)) - raft.server.log.appender.buffer.byte-limit = 33554432 (custom)
2022-07-01 06:36:17,898 [Listener at 127.0.0.1/40159] INFO  server.GrpcService (ConfUtils.java:logGet(46)) - raft.grpc.flow.control.window = 5MB (=5242880) (custom)
2022-07-01 06:36:17,898 [Listener at 127.0.0.1/40159] INFO  server.RaftServerConfigKeys (ConfUtils.java:logGet(46)) - raft.server.rpc.request.timeout = 60s (custom)
2022-07-01 06:36:17,898 [Listener at 127.0.0.1/40159] INFO  grpc.GrpcConfigKeys (ConfUtils.java:logGet(46)) - raft.grpc.server.async.request.thread.pool.cached = true (default)
2022-07-01 06:36:17,898 [Listener at 127.0.0.1/40159] INFO  grpc.GrpcConfigKeys (ConfUtils.java:logGet(46)) - raft.grpc.server.async.request.thread.pool.size = 32 (default)
2022-07-01 06:36:17,899 [Listener at 127.0.0.1/40159] INFO  impl.DataStreamServerImpl (ConfUtils.java:logGet(46)) - raft.datastream.type = DISABLED (default)
2022-07-01 06:36:17,899 [Listener at 127.0.0.1/40159] INFO  server.RaftServerConfigKeys (ConfUtils.java:logGet(46)) - raft.server.threadpool.proxy.cached = true (default)
2022-07-01 06:36:17,899 [Listener at 127.0.0.1/40159] INFO  server.RaftServerConfigKeys (ConfUtils.java:logGet(46)) - raft.server.threadpool.proxy.size = 0 (default)
2022-07-01 06:36:17,899 [Listener at 127.0.0.1/40159] INFO  server.RaftServerConfigKeys (ConfUtils.java:logGet(46)) - raft.server.rpc.slowness.timeout = 300s (custom)
2022-07-01 06:36:17,899 [Listener at 127.0.0.1/40159] INFO  server.RaftServerConfigKeys (ConfUtils.java:logGet(46)) - raft.server.leaderelection.leader.step-down.wait-time = 10s (default)
2022-07-01 06:36:17,899 [Listener at 127.0.0.1/40159] INFO  server.RaftServerConfigKeys (ConfUtils.java:logGet(46)) - raft.server.storage.dir = [/home/runner/work/ozone/ozone/hadoop-ozone/integration-test/target/test-dir/MiniOzoneClusterImpl-bc7ab851-61db-4e9a-86cd-3d27c2668616/datanode-2/data/ratis] (custom)
2022-07-01 06:36:17,909 [Listener at 127.0.0.1/40159] INFO  server.XceiverServerGrpc (XceiverServerGrpc.java:<init>(132)) - GrpcServer channel type EpollServerSocketChannel
2022-07-01 06:36:17,923 [Listener at 127.0.0.1/40159] INFO  http.BaseHttpServer (BaseHttpServer.java:newHttpServer2BuilderForOzone(209)) - Starting Web-server for hddsDatanode at: http://0.0.0.0:0
2022-07-01 06:36:17,923 [Listener at 127.0.0.1/40159] INFO  http.BaseHttpServer (BaseHttpServer.java:<init>(107)) - Hadoop Security Enabled: false Ozone Security Enabled: false Ozone HTTP Security Enabled: false 
2022-07-01 06:36:17,924 [Listener at 127.0.0.1/40159] INFO  server.AuthenticationFilter (AuthenticationFilter.java:constructSecretProvider(240)) - Unable to initialize FileSignerSecretProvider, falling back to use random secrets.
2022-07-01 06:36:17,944 [Listener at 127.0.0.1/40159] WARN  http.HttpRequestLog (HttpRequestLog.java:getRequestLog(103)) - Jetty request log can only be enabled using Log4j
2022-07-01 06:36:17,945 [Listener at 127.0.0.1/40159] INFO  http.HttpServer2 (HttpServer2.java:addGlobalFilter(1029)) - Added global filter 'safety' (class=org.apache.hadoop.hdds.server.http.HttpServer2$QuotingInputFilter)
2022-07-01 06:36:17,945 [Listener at 127.0.0.1/40159] INFO  http.HttpServer2 (HttpServer2.java:addFilter(1005)) - Added filter static_user_filter (class=org.apache.hadoop.http.lib.StaticUserWebFilter$StaticUserFilter) to context hddsDatanode
2022-07-01 06:36:17,945 [Listener at 127.0.0.1/40159] INFO  http.HttpServer2 (HttpServer2.java:addFilter(1013)) - Added filter static_user_filter (class=org.apache.hadoop.http.lib.StaticUserWebFilter$StaticUserFilter) to context logs
2022-07-01 06:36:17,945 [Listener at 127.0.0.1/40159] INFO  http.HttpServer2 (HttpServer2.java:addFilter(1013)) - Added filter static_user_filter (class=org.apache.hadoop.http.lib.StaticUserWebFilter$StaticUserFilter) to context static
2022-07-01 06:36:17,946 [Listener at 127.0.0.1/40159] INFO  http.HttpServer2 (HttpServer2.java:bindListener(1248)) - Jetty bound to port 34295
2022-07-01 06:36:17,946 [Listener at 127.0.0.1/40159] INFO  server.Server (Server.java:doStart(375)) - jetty-9.4.43.v20210629; built: 2021-06-30T11:07:22.254Z; git: 526006ecfa3af7f1a27ef3a288e2bef7ea9dd7e8; jvm 1.8.0_332-b09
2022-07-01 06:36:17,967 [Listener at 127.0.0.1/40159] INFO  server.session (DefaultSessionIdManager.java:doStart(334)) - DefaultSessionIdManager workerName=node0
2022-07-01 06:36:17,967 [Listener at 127.0.0.1/40159] INFO  server.session (DefaultSessionIdManager.java:doStart(339)) - No SessionScavenger set, using defaults
2022-07-01 06:36:17,967 [Listener at 127.0.0.1/40159] INFO  server.session (HouseKeeper.java:startScavenging(132)) - node0 Scavenging every 600000ms
2022-07-01 06:36:17,970 [Listener at 127.0.0.1/40159] INFO  handler.ContextHandler (ContextHandler.java:doStart(915)) - Started o.e.j.s.ServletContextHandler@433a9fe9{logs,/logs,file:///home/runner/work/ozone/ozone/hadoop-ozone/integration-test/target/log,AVAILABLE}
2022-07-01 06:36:17,970 [Listener at 127.0.0.1/40159] INFO  handler.ContextHandler (ContextHandler.java:doStart(915)) - Started o.e.j.s.ServletContextHandler@56939a5e{static,/static,jar:file:/home/runner/.m2/repository/org/apache/ozone/hdds-container-service/1.3.0-SNAPSHOT/hdds-container-service-1.3.0-SNAPSHOT.jar!/webapps/static,AVAILABLE}
2022-07-01 06:36:18,052 [DatanodeAdminManager-0] INFO  node.DatanodeAdminMonitorImpl (DatanodeAdminMonitorImpl.java:checkContainersReplicatedOnNode(317)) - Unhealthy Container #1 Container State: QUASI_CLOSED Replica Count: 3 Healthy Count: 2 Decommission Count: 0 Maintenance Count: 1 inFlightAdd Count: 0 inFightDel Count: 0 ReplicationFactor: 3 minMaintenance Count: 2; Replicas{ContainerReplica{containerID=#1, state=QUASI_CLOSED, datanodeDetails=d3c2a0de-eb94-47c1-bf63-6feb4e2b4d03{ip: 10.1.0.14, host: fv-az121-578.oisc35kgwdsevnec4nnef0ad5h.cx.internal.cloudapp.net, ports: [REPLICATION=44917, RATIS=45813, RATIS_ADMIN=45813, RATIS_SERVER=45813, STANDALONE=33241], networkLocation: /default-rack, certSerialId: null, persistedOpState: ENTERING_MAINTENANCE, persistedOpStateExpiryEpochSec: 0}, placeOfBirth=d3c2a0de-eb94-47c1-bf63-6feb4e2b4d03, sequenceId=37, keyCount=4, bytesUsed=76},ContainerReplica{containerID=#1, state=OPEN, datanodeDetails=c746d1d4-53da-45d7-b6d9-872d73785f11{ip: 10.1.0.14, host: fv-az121-578.oisc35kgwdsevnec4nnef0ad5h.cx.internal.cloudapp.net, ports: [REPLICATION=38885, RATIS=33989, RATIS_ADMIN=33989, RATIS_SERVER=33989, STANDALONE=44659], networkLocation: /default-rack, certSerialId: null, persistedOpState: IN_SERVICE, persistedOpStateExpiryEpochSec: 0}, placeOfBirth=c746d1d4-53da-45d7-b6d9-872d73785f11, sequenceId=37, keyCount=4, bytesUsed=76},ContainerReplica{containerID=#1, state=OPEN, datanodeDetails=3ef13f00-2e8f-4cf8-b989-4c3a5519d72f{ip: 10.1.0.14, host: fv-az121-578.oisc35kgwdsevnec4nnef0ad5h.cx.internal.cloudapp.net, ports: [REPLICATION=38931, RATIS=37135, RATIS_ADMIN=37135, RATIS_SERVER=37135, STANDALONE=42537], networkLocation: /default-rack, certSerialId: null, persistedOpState: IN_SERVICE, persistedOpStateExpiryEpochSec: 0}, placeOfBirth=3ef13f00-2e8f-4cf8-b989-4c3a5519d72f, sequenceId=37, keyCount=4, bytesUsed=76}}
2022-07-01 06:36:18,052 [DatanodeAdminManager-0] INFO  node.DatanodeAdminMonitorImpl (DatanodeAdminMonitorImpl.java:checkContainersReplicatedOnNode(317)) - Unhealthy Container #2 Container State: QUASI_CLOSED Replica Count: 3 Healthy Count: 2 Decommission Count: 0 Maintenance Count: 1 inFlightAdd Count: 0 inFightDel Count: 0 ReplicationFactor: 3 minMaintenance Count: 2; Replicas{ContainerReplica{containerID=#2, state=OPEN, datanodeDetails=c746d1d4-53da-45d7-b6d9-872d73785f11{ip: 10.1.0.14, host: fv-az121-578.oisc35kgwdsevnec4nnef0ad5h.cx.internal.cloudapp.net, ports: [REPLICATION=38885, RATIS=33989, RATIS_ADMIN=33989, RATIS_SERVER=33989, STANDALONE=44659], networkLocation: /default-rack, certSerialId: null, persistedOpState: IN_SERVICE, persistedOpStateExpiryEpochSec: 0}, placeOfBirth=c746d1d4-53da-45d7-b6d9-872d73785f11, sequenceId=29, keyCount=3, bytesUsed=57},ContainerReplica{containerID=#2, state=QUASI_CLOSED, datanodeDetails=d3c2a0de-eb94-47c1-bf63-6feb4e2b4d03{ip: 10.1.0.14, host: fv-az121-578.oisc35kgwdsevnec4nnef0ad5h.cx.internal.cloudapp.net, ports: [REPLICATION=44917, RATIS=45813, RATIS_ADMIN=45813, RATIS_SERVER=45813, STANDALONE=33241], networkLocation: /default-rack, certSerialId: null, persistedOpState: ENTERING_MAINTENANCE, persistedOpStateExpiryEpochSec: 0}, placeOfBirth=d3c2a0de-eb94-47c1-bf63-6feb4e2b4d03, sequenceId=29, keyCount=3, bytesUsed=57},ContainerReplica{containerID=#2, state=OPEN, datanodeDetails=3ef13f00-2e8f-4cf8-b989-4c3a5519d72f{ip: 10.1.0.14, host: fv-az121-578.oisc35kgwdsevnec4nnef0ad5h.cx.internal.cloudapp.net, ports: [REPLICATION=38931, RATIS=37135, RATIS_ADMIN=37135, RATIS_SERVER=37135, STANDALONE=42537], networkLocation: /default-rack, certSerialId: null, persistedOpState: IN_SERVICE, persistedOpStateExpiryEpochSec: 0}, placeOfBirth=3ef13f00-2e8f-4cf8-b989-4c3a5519d72f, sequenceId=29, keyCount=3, bytesUsed=57}}
2022-07-01 06:36:18,052 [DatanodeAdminManager-0] INFO  node.DatanodeAdminMonitorImpl (DatanodeAdminMonitorImpl.java:checkContainersReplicatedOnNode(317)) - Unhealthy Container #3 Container State: QUASI_CLOSED Replica Count: 3 Healthy Count: 2 Decommission Count: 0 Maintenance Count: 1 inFlightAdd Count: 0 inFightDel Count: 0 ReplicationFactor: 3 minMaintenance Count: 2; Replicas{ContainerReplica{containerID=#3, state=OPEN, datanodeDetails=3ef13f00-2e8f-4cf8-b989-4c3a5519d72f{ip: 10.1.0.14, host: fv-az121-578.oisc35kgwdsevnec4nnef0ad5h.cx.internal.cloudapp.net, ports: [REPLICATION=38931, RATIS=37135, RATIS_ADMIN=37135, RATIS_SERVER=37135, STANDALONE=42537], networkLocation: /default-rack, certSerialId: null, persistedOpState: IN_SERVICE, persistedOpStateExpiryEpochSec: 0}, placeOfBirth=3ef13f00-2e8f-4cf8-b989-4c3a5519d72f, sequenceId=33, keyCount=3, bytesUsed=57},ContainerReplica{containerID=#3, state=OPEN, datanodeDetails=c746d1d4-53da-45d7-b6d9-872d73785f11{ip: 10.1.0.14, host: fv-az121-578.oisc35kgwdsevnec4nnef0ad5h.cx.internal.cloudapp.net, ports: [REPLICATION=38885, RATIS=33989, RATIS_ADMIN=33989, RATIS_SERVER=33989, STANDALONE=44659], networkLocation: /default-rack, certSerialId: null, persistedOpState: IN_SERVICE, persistedOpStateExpiryEpochSec: 0}, placeOfBirth=c746d1d4-53da-45d7-b6d9-872d73785f11, sequenceId=33, keyCount=3, bytesUsed=57},ContainerReplica{containerID=#3, state=QUASI_CLOSED, datanodeDetails=d3c2a0de-eb94-47c1-bf63-6feb4e2b4d03{ip: 10.1.0.14, host: fv-az121-578.oisc35kgwdsevnec4nnef0ad5h.cx.internal.cloudapp.net, ports: [REPLICATION=44917, RATIS=45813, RATIS_ADMIN=45813, RATIS_SERVER=45813, STANDALONE=33241], networkLocation: /default-rack, certSerialId: null, persistedOpState: ENTERING_MAINTENANCE, persistedOpStateExpiryEpochSec: 0}, placeOfBirth=d3c2a0de-eb94-47c1-bf63-6feb4e2b4d03, sequenceId=33, keyCount=3, bytesUsed=57}}
2022-07-01 06:36:18,052 [DatanodeAdminManager-0] INFO  node.DatanodeAdminMonitorImpl (DatanodeAdminMonitorImpl.java:checkContainersReplicatedOnNode(327)) - d3c2a0de-eb94-47c1-bf63-6feb4e2b4d03{ip: 10.1.0.14, host: fv-az121-578.oisc35kgwdsevnec4nnef0ad5h.cx.internal.cloudapp.net, ports: [REPLICATION=44917, RATIS=45813, RATIS_ADMIN=45813, RATIS_SERVER=45813, STANDALONE=33241], networkLocation: /default-rack, certSerialId: null, persistedOpState: ENTERING_MAINTENANCE, persistedOpStateExpiryEpochSec: 0} has 3 sufficientlyReplicated, 0 underReplicated and 3 unhealthy containers
2022-07-01 06:36:18,052 [DatanodeAdminManager-0] INFO  node.DatanodeAdminMonitorImpl (DatanodeAdminMonitorImpl.java:run(148)) - There are 1 nodes tracked for decommission and maintenance. 0 pending nodes.
2022-07-01 06:36:18,149 [EventQueue-DeadNodeForDeadNodeHandler] INFO  node.DeadNodeHandler (DeadNodeHandler.java:onMessage(80)) - A dead datanode is detected. 3e16c497-167e-44a0-ad70-845f9779a145{ip: 10.1.0.14, host: fv-az121-578.oisc35kgwdsevnec4nnef0ad5h.cx.internal.cloudapp.net, ports: [REPLICATION=35749, RATIS=46461, RATIS_ADMIN=46461, RATIS_SERVER=46461, STANDALONE=42091], networkLocation: /default-rack, certSerialId: null, persistedOpState: IN_SERVICE, persistedOpStateExpiryEpochSec: 0}
2022-07-01 06:36:18,149 [EventQueue-DeadNodeForDeadNodeHandler] INFO  pipeline.RatisPipelineProvider (RatisPipelineProvider.java:lambda$close$1(244)) - Send pipeline:PipelineID=c15687ba-f767-41f3-9b29-0a83fec3330e close command to datanode 3e16c497-167e-44a0-ad70-845f9779a145
2022-07-01 06:36:18,150 [EventQueue-DeadNodeForDeadNodeHandler] INFO  pipeline.PipelineStateManagerImpl (PipelineStateManagerImpl.java:removePipeline(243)) - Pipeline Pipeline[ Id: c15687ba-f767-41f3-9b29-0a83fec3330e, Nodes: 3e16c497-167e-44a0-ad70-845f9779a145{ip: 10.1.0.14, host: fv-az121-578.oisc35kgwdsevnec4nnef0ad5h.cx.internal.cloudapp.net, ports: [REPLICATION=35749, RATIS=46461, RATIS_ADMIN=46461, RATIS_SERVER=46461, STANDALONE=42091], networkLocation: /default-rack, certSerialId: null, persistedOpState: IN_SERVICE, persistedOpStateExpiryEpochSec: 0}, ReplicationConfig: RATIS/ONE, State:CLOSED, leaderId:3e16c497-167e-44a0-ad70-845f9779a145, CreationTimestamp2022-07-01T06:34:11.572Z[Etc/UTC]] removed.
2022-07-01 06:36:18,150 [EventQueue-DeadNodeForDeadNodeHandler] INFO  net.NetworkTopologyImpl (NetworkTopologyImpl.java:remove(190)) - Removed a node: /default-rack/3e16c497-167e-44a0-ad70-845f9779a145
2022-07-01 06:36:18,285 [ReplicationMonitor] INFO  replication.LegacyReplicationManager (LegacyReplicationManager.java:sendCloseCommand(1507)) - Sending close container command for container #1 to datanode c746d1d4-53da-45d7-b6d9-872d73785f11{ip: 10.1.0.14, host: fv-az121-578.oisc35kgwdsevnec4nnef0ad5h.cx.internal.cloudapp.net, ports: [REPLICATION=38885, RATIS=33989, RATIS_ADMIN=33989, RATIS_SERVER=33989, STANDALONE=44659], networkLocation: /default-rack, certSerialId: null, persistedOpState: IN_SERVICE, persistedOpStateExpiryEpochSec: 0}.
2022-07-01 06:36:18,286 [ReplicationMonitor] INFO  replication.LegacyReplicationManager (LegacyReplicationManager.java:sendCloseCommand(1507)) - Sending close container command for container #1 to datanode 3ef13f00-2e8f-4cf8-b989-4c3a5519d72f{ip: 10.1.0.14, host: fv-az121-578.oisc35kgwdsevnec4nnef0ad5h.cx.internal.cloudapp.net, ports: [REPLICATION=38931, RATIS=37135, RATIS_ADMIN=37135, RATIS_SERVER=37135, STANDALONE=42537], networkLocation: /default-rack, certSerialId: null, persistedOpState: IN_SERVICE, persistedOpStateExpiryEpochSec: 0}.
2022-07-01 06:36:18,286 [ReplicationMonitor] INFO  replication.LegacyReplicationManager (LegacyReplicationManager.java:sendCloseCommand(1507)) - Sending close container command for container #2 to datanode c746d1d4-53da-45d7-b6d9-872d73785f11{ip: 10.1.0.14, host: fv-az121-578.oisc35kgwdsevnec4nnef0ad5h.cx.internal.cloudapp.net, ports: [REPLICATION=38885, RATIS=33989, RATIS_ADMIN=33989, RATIS_SERVER=33989, STANDALONE=44659], networkLocation: /default-rack, certSerialId: null, persistedOpState: IN_SERVICE, persistedOpStateExpiryEpochSec: 0}.
2022-07-01 06:36:18,286 [ReplicationMonitor] INFO  replication.LegacyReplicationManager (LegacyReplicationManager.java:sendCloseCommand(1507)) - Sending close container command for container #2 to datanode 3ef13f00-2e8f-4cf8-b989-4c3a5519d72f{ip: 10.1.0.14, host: fv-az121-578.oisc35kgwdsevnec4nnef0ad5h.cx.internal.cloudapp.net, ports: [REPLICATION=38931, RATIS=37135, RATIS_ADMIN=37135, RATIS_SERVER=37135, STANDALONE=42537], networkLocation: /default-rack, certSerialId: null, persistedOpState: IN_SERVICE, persistedOpStateExpiryEpochSec: 0}.
2022-07-01 06:36:18,286 [ReplicationMonitor] INFO  replication.LegacyReplicationManager (LegacyReplicationManager.java:sendCloseCommand(1507)) - Sending close container command for container #3 to datanode 3ef13f00-2e8f-4cf8-b989-4c3a5519d72f{ip: 10.1.0.14, host: fv-az121-578.oisc35kgwdsevnec4nnef0ad5h.cx.internal.cloudapp.net, ports: [REPLICATION=38931, RATIS=37135, RATIS_ADMIN=37135, RATIS_SERVER=37135, STANDALONE=42537], networkLocation: /default-rack, certSerialId: null, persistedOpState: IN_SERVICE, persistedOpStateExpiryEpochSec: 0}.
2022-07-01 06:36:18,286 [ReplicationMonitor] INFO  replication.LegacyReplicationManager (LegacyReplicationManager.java:sendCloseCommand(1507)) - Sending close container command for container #3 to datanode c746d1d4-53da-45d7-b6d9-872d73785f11{ip: 10.1.0.14, host: fv-az121-578.oisc35kgwdsevnec4nnef0ad5h.cx.internal.cloudapp.net, ports: [REPLICATION=38885, RATIS=33989, RATIS_ADMIN=33989, RATIS_SERVER=33989, STANDALONE=44659], networkLocation: /default-rack, certSerialId: null, persistedOpState: IN_SERVICE, persistedOpStateExpiryEpochSec: 0}.
2022-07-01 06:36:18,286 [ReplicationMonitor] INFO  replication.ReplicationManager (ReplicationManager.java:processAll(260)) - Replication Monitor Thread took 1 milliseconds for processing 6 containers.
2022-07-01 06:36:18,294 [ReplicationMonitor] INFO  replication.ReplicationManager (ReplicationManager.java:processAll(260)) - Replication Monitor Thread took 0 milliseconds for processing 0 containers.
2022-07-01 06:36:18,635 [Listener at 127.0.0.1/40159] INFO  handler.ContextHandler (ContextHandler.java:doStart(915)) - Started o.e.j.w.WebAppContext@6f879b3b{hddsDatanode,/,file:///tmp/jetty-0_0_0_0-34295-hdds-container-service-1_3_0-SNAPSHOT_jar-_-any-1461782664204524632/webapp/,AVAILABLE}{jar:file:/home/runner/.m2/repository/org/apache/ozone/hdds-container-service/1.3.0-SNAPSHOT/hdds-container-service-1.3.0-SNAPSHOT.jar!/webapps/hddsDatanode}
2022-07-01 06:36:18,668 [Listener at 127.0.0.1/40159] INFO  server.AbstractConnector (AbstractConnector.java:doStart(331)) - Started ServerConnector@92b627f{HTTP/1.1, (http/1.1)}{0.0.0.0:34295}
2022-07-01 06:36:18,668 [Listener at 127.0.0.1/40159] INFO  server.Server (Server.java:doStart(415)) - Started @194715ms
2022-07-01 06:36:18,668 [Listener at 127.0.0.1/40159] WARN  impl.MetricsSystemImpl (MetricsSystemImpl.java:register(279)) - Sink prometheus already exists!
2022-07-01 06:36:18,669 [Listener at 127.0.0.1/40159] INFO  http.BaseHttpServer (BaseHttpServer.java:updateConnectorAddress(329)) - HTTP server of hddsDatanode listening at http://0.0.0.0:34295
2022-07-01 06:36:18,689 [Command processor thread] INFO  server.RaftServer (RaftServerProxy.java:remove(107)) - c746d1d4-53da-45d7-b6d9-872d73785f11: remove    LEADER c746d1d4-53da-45d7-b6d9-872d73785f11@group-9FAC9D09D3ED:t1, leader=c746d1d4-53da-45d7-b6d9-872d73785f11, voted=c746d1d4-53da-45d7-b6d9-872d73785f11, raftlog=c746d1d4-53da-45d7-b6d9-872d73785f11@group-9FAC9D09D3ED-SegmentedRaftLog:OPENED:c39, conf=0: [d3c2a0de-eb94-47c1-bf63-6feb4e2b4d03|rpc:10.1.0.14:45813|dataStream:|priority:0, 3ef13f00-2e8f-4cf8-b989-4c3a5519d72f|rpc:10.1.0.14:37135|dataStream:|priority:0, c746d1d4-53da-45d7-b6d9-872d73785f11|rpc:10.1.0.14:33989|dataStream:|priority:1], old=null RUNNING
2022-07-01 06:36:18,689 [Listener at 127.0.0.1/40159] WARN  impl.MetricRegistriesImpl (MetricRegistriesImpl.java:addReporterRegistration(111)) - New reporters are added after registries were created. Some metrics will be missing from the reporter. Please add reporter before adding any new registry.
2022-07-01 06:36:18,689 [Command processor thread] INFO  server.RaftServer$Division (RaftServerImpl.java:lambda$close$4(434)) - c746d1d4-53da-45d7-b6d9-872d73785f11@group-9FAC9D09D3ED: shutdown
2022-07-01 06:36:18,689 [Listener at 127.0.0.1/40159] WARN  impl.MetricRegistriesImpl (MetricRegistriesImpl.java:addReporterRegistration(111)) - New reporters are added after registries were created. Some metrics will be missing from the reporter. Please add reporter before adding any new registry.
2022-07-01 06:36:18,689 [Command processor thread] INFO  util.JmxRegister (JmxRegister.java:unregister(73)) - Successfully un-registered JMX Bean with object name Ratis:service=RaftServer,group=group-9FAC9D09D3ED,id=c746d1d4-53da-45d7-b6d9-872d73785f11
2022-07-01 06:36:18,689 [Command processor thread] INFO  impl.RoleInfo (RoleInfo.java:shutdownLeaderState(93)) - c746d1d4-53da-45d7-b6d9-872d73785f11: shutdown c746d1d4-53da-45d7-b6d9-872d73785f11@group-9FAC9D09D3ED-LeaderStateImpl
2022-07-01 06:36:18,689 [Command processor thread] INFO  impl.PendingRequests (PendingRequests.java:sendNotLeaderResponses(282)) - c746d1d4-53da-45d7-b6d9-872d73785f11@group-9FAC9D09D3ED-PendingRequests: sendNotLeaderResponses
2022-07-01 06:36:18,689 [c746d1d4-53da-45d7-b6d9-872d73785f11@group-9FAC9D09D3ED->d3c2a0de-eb94-47c1-bf63-6feb4e2b4d03-GrpcLogAppender-LogAppenderDaemon] WARN  server.GrpcLogAppender (GrpcLogAppender.java:mayWait(171)) - c746d1d4-53da-45d7-b6d9-872d73785f11@group-9FAC9D09D3ED->d3c2a0de-eb94-47c1-bf63-6feb4e2b4d03-GrpcLogAppender: Wait interrupted by java.lang.InterruptedException
2022-07-01 06:36:18,689 [Listener at 127.0.0.1/40159] INFO  impl.MetricsSystemImpl (MetricsSystemImpl.java:init(158)) - HddsDatanode metrics system started (again)
2022-07-01 06:36:18,700 [c746d1d4-53da-45d7-b6d9-872d73785f11@group-9FAC9D09D3ED-StateMachineUpdater] INFO  ratis.ContainerStateMachine (ContainerStateMachine.java:takeSnapshot(304)) - group-9FAC9D09D3ED: Taking a snapshot at:(t:1, i:39) file /home/runner/work/ozone/ozone/hadoop-ozone/integration-test/target/test-dir/MiniOzoneClusterImpl-7edcb754-c26a-40b3-a077-2aa3ffd4ab49/datanode-0/data/ratis/065dc424-0ba7-4de8-8ecf-9fac9d09d3ed/sm/snapshot.1_39
2022-07-01 06:36:18,700 [Command processor thread] INFO  impl.StateMachineUpdater (StateMachineUpdater.java:stopAndJoin(153)) - c746d1d4-53da-45d7-b6d9-872d73785f11@group-9FAC9D09D3ED-StateMachineUpdater: set stopIndex = 39
2022-07-01 06:36:18,692 [Command processor thread] INFO  server.RaftServer (RaftServerProxy.java:remove(107)) - 3ef13f00-2e8f-4cf8-b989-4c3a5519d72f: remove  FOLLOWER 3ef13f00-2e8f-4cf8-b989-4c3a5519d72f@group-9FAC9D09D3ED:t1, leader=c746d1d4-53da-45d7-b6d9-872d73785f11, voted=3ef13f00-2e8f-4cf8-b989-4c3a5519d72f, raftlog=3ef13f00-2e8f-4cf8-b989-4c3a5519d72f@group-9FAC9D09D3ED-SegmentedRaftLog:OPENED:c39, conf=0: [d3c2a0de-eb94-47c1-bf63-6feb4e2b4d03|rpc:10.1.0.14:45813|dataStream:|priority:0, 3ef13f00-2e8f-4cf8-b989-4c3a5519d72f|rpc:10.1.0.14:37135|dataStream:|priority:0, c746d1d4-53da-45d7-b6d9-872d73785f11|rpc:10.1.0.14:33989|dataStream:|priority:1], old=null RUNNING
2022-07-01 06:36:18,741 [Command processor thread] INFO  server.RaftServer$Division (RaftServerImpl.java:lambda$close$4(434)) - 3ef13f00-2e8f-4cf8-b989-4c3a5519d72f@group-9FAC9D09D3ED: shutdown
2022-07-01 06:36:18,741 [Command processor thread] INFO  util.JmxRegister (JmxRegister.java:unregister(73)) - Successfully un-registered JMX Bean with object name Ratis:service=RaftServer,group=group-9FAC9D09D3ED,id=3ef13f00-2e8f-4cf8-b989-4c3a5519d72f
2022-07-01 06:36:18,741 [Command processor thread] INFO  impl.RoleInfo (RoleInfo.java:shutdownFollowerState(110)) - 3ef13f00-2e8f-4cf8-b989-4c3a5519d72f: shutdown 3ef13f00-2e8f-4cf8-b989-4c3a5519d72f@group-9FAC9D09D3ED-FollowerState
2022-07-01 06:36:18,741 [Command processor thread] INFO  impl.StateMachineUpdater (StateMachineUpdater.java:stopAndJoin(153)) - 3ef13f00-2e8f-4cf8-b989-4c3a5519d72f@group-9FAC9D09D3ED-StateMachineUpdater: set stopIndex = 39
2022-07-01 06:36:18,741 [3ef13f00-2e8f-4cf8-b989-4c3a5519d72f@group-9FAC9D09D3ED-FollowerState] INFO  impl.FollowerState (FollowerState.java:run(152)) - 3ef13f00-2e8f-4cf8-b989-4c3a5519d72f@group-9FAC9D09D3ED-FollowerState was interrupted
2022-07-01 06:36:18,742 [3ef13f00-2e8f-4cf8-b989-4c3a5519d72f@group-9FAC9D09D3ED-StateMachineUpdater] INFO  ratis.ContainerStateMachine (ContainerStateMachine.java:takeSnapshot(304)) - group-9FAC9D09D3ED: Taking a snapshot at:(t:1, i:39) file /home/runner/work/ozone/ozone/hadoop-ozone/integration-test/target/test-dir/MiniOzoneClusterImpl-7edcb754-c26a-40b3-a077-2aa3ffd4ab49/datanode-2/data/ratis/065dc424-0ba7-4de8-8ecf-9fac9d09d3ed/sm/snapshot.1_39
2022-07-01 06:36:18,743 [c746d1d4-53da-45d7-b6d9-872d73785f11@group-9FAC9D09D3ED-StateMachineUpdater] INFO  ratis.ContainerStateMachine (ContainerStateMachine.java:takeSnapshot(315)) - group-9FAC9D09D3ED: Finished taking a snapshot at:(t:1, i:39) file:/home/runner/work/ozone/ozone/hadoop-ozone/integration-test/target/test-dir/MiniOzoneClusterImpl-7edcb754-c26a-40b3-a077-2aa3ffd4ab49/datanode-0/data/ratis/065dc424-0ba7-4de8-8ecf-9fac9d09d3ed/sm/snapshot.1_39 took: 42 ms
2022-07-01 06:36:18,743 [c746d1d4-53da-45d7-b6d9-872d73785f11@group-9FAC9D09D3ED-StateMachineUpdater] INFO  impl.StateMachineUpdater (StateMachineUpdater.java:takeSnapshot(287)) - c746d1d4-53da-45d7-b6d9-872d73785f11@group-9FAC9D09D3ED-StateMachineUpdater: Took a snapshot at index 39
2022-07-01 06:36:18,743 [c746d1d4-53da-45d7-b6d9-872d73785f11@group-9FAC9D09D3ED-StateMachineUpdater] INFO  impl.StateMachineUpdater (StateMachineUpdater.java:lambda$new$0(92)) - c746d1d4-53da-45d7-b6d9-872d73785f11@group-9FAC9D09D3ED-StateMachineUpdater: snapshotIndex: updateIncreasingly -1 -> 39
2022-07-01 06:36:18,743 [grpc-default-executor-1] INFO  server.GrpcServerProtocolService (GrpcServerProtocolService.java:onCompleted(140)) - d3c2a0de-eb94-47c1-bf63-6feb4e2b4d03: Completed APPEND_ENTRIES, lastRequest: c746d1d4-53da-45d7-b6d9-872d73785f11->d3c2a0de-eb94-47c1-bf63-6feb4e2b4d03#710-t1,previous=(t:1, i:38),leaderCommit=37,initializing? true,entries: size=1, first=(t:1, i:39), METADATAENTRY(c:37)
2022-07-01 06:36:18,744 [c746d1d4-53da-45d7-b6d9-872d73785f11@group-9FAC9D09D3ED->3ef13f00-2e8f-4cf8-b989-4c3a5519d72f-GrpcLogAppender-LogAppenderDaemon] WARN  server.GrpcLogAppender (GrpcLogAppender.java:mayWait(171)) - c746d1d4-53da-45d7-b6d9-872d73785f11@group-9FAC9D09D3ED->3ef13f00-2e8f-4cf8-b989-4c3a5519d72f-GrpcLogAppender: Wait interrupted by java.lang.InterruptedException
2022-07-01 06:36:18,744 [EventQueue-PipelineReportForPipelineReportHandler] INFO  pipeline.PipelineReportHandler (PipelineReportHandler.java:processPipelineReport(113)) - Reported pipeline PipelineID=065dc424-0ba7-4de8-8ecf-9fac9d09d3ed is not found
2022-07-01 06:36:18,745 [ReplicationMonitor] INFO  replication.ReplicationManager (ReplicationManager.java:processAll(227)) - Replication Manager is not ready to run until 3000ms after safemode exit
2022-07-01 06:36:18,744 [Command processor thread] INFO  server.RaftServer$Division (ServerState.java:close(429)) - c746d1d4-53da-45d7-b6d9-872d73785f11@group-9FAC9D09D3ED: closes. applyIndex: 39
2022-07-01 06:36:18,745 [grpc-default-executor-4] INFO  server.GrpcServerProtocolService (GrpcServerProtocolService.java:onCompleted(140)) - 3ef13f00-2e8f-4cf8-b989-4c3a5519d72f: Completed APPEND_ENTRIES, lastRequest: c746d1d4-53da-45d7-b6d9-872d73785f11->3ef13f00-2e8f-4cf8-b989-4c3a5519d72f#727-t1,previous=(t:1, i:38),leaderCommit=37,initializing? true,entries: size=1, first=(t:1, i:39), METADATAENTRY(c:37)
2022-07-01 06:36:18,745 [c746d1d4-53da-45d7-b6d9-872d73785f11@group-9FAC9D09D3ED-SegmentedRaftLogWorker] INFO  segmented.SegmentedRaftLogWorker (SegmentedRaftLogWorker.java:run(336)) - c746d1d4-53da-45d7-b6d9-872d73785f11@group-9FAC9D09D3ED-SegmentedRaftLogWorker was interrupted, exiting. There are 0 tasks remaining in the queue.
2022-07-01 06:36:18,746 [Command processor thread] INFO  segmented.SegmentedRaftLogWorker (SegmentedRaftLogWorker.java:close(246)) - c746d1d4-53da-45d7-b6d9-872d73785f11@group-9FAC9D09D3ED-SegmentedRaftLogWorker close()
2022-07-01 06:36:18,747 [EventQueue-PipelineReportForPipelineReportHandler] INFO  pipeline.PipelineReportHandler (PipelineReportHandler.java:processPipelineReport(113)) - Reported pipeline PipelineID=065dc424-0ba7-4de8-8ecf-9fac9d09d3ed is not found
2022-07-01 06:36:18,747 [Datanode State Machine Daemon Thread] INFO  statemachine.DatanodeStateMachine (DatanodeStateMachine.java:lambda$startDaemon$0(492)) - Ozone container server started.
2022-07-01 06:36:18,748 [grpc-default-executor-4] INFO  server.GrpcLogAppender (GrpcLogAppender.java:onCompleted(339)) - c746d1d4-53da-45d7-b6d9-872d73785f11@group-9FAC9D09D3ED->d3c2a0de-eb94-47c1-bf63-6feb4e2b4d03-AppendLogResponseHandler: follower responses appendEntries COMPLETED
2022-07-01 06:36:18,748 [grpc-default-executor-4] INFO  leader.FollowerInfo (FollowerInfoImpl.java:lambda$new$0(48)) - c746d1d4-53da-45d7-b6d9-872d73785f11@group-9FAC9D09D3ED->d3c2a0de-eb94-47c1-bf63-6feb4e2b4d03: nextIndex: updateUnconditionally 40 -> 39
2022-07-01 06:36:18,748 [grpc-default-executor-3] INFO  server.GrpcLogAppender (GrpcLogAppender.java:onCompleted(339)) - c746d1d4-53da-45d7-b6d9-872d73785f11@group-9FAC9D09D3ED->3ef13f00-2e8f-4cf8-b989-4c3a5519d72f-AppendLogResponseHandler: follower responses appendEntries COMPLETED
2022-07-01 06:36:18,748 [grpc-default-executor-3] INFO  leader.FollowerInfo (FollowerInfoImpl.java:lambda$new$0(48)) - c746d1d4-53da-45d7-b6d9-872d73785f11@group-9FAC9D09D3ED->3ef13f00-2e8f-4cf8-b989-4c3a5519d72f: nextIndex: updateUnconditionally 40 -> 39
2022-07-01 06:36:18,749 [3ef13f00-2e8f-4cf8-b989-4c3a5519d72f@group-9FAC9D09D3ED-StateMachineUpdater] INFO  ratis.ContainerStateMachine (ContainerStateMachine.java:takeSnapshot(315)) - group-9FAC9D09D3ED: Finished taking a snapshot at:(t:1, i:39) file:/home/runner/work/ozone/ozone/hadoop-ozone/integration-test/target/test-dir/MiniOzoneClusterImpl-7edcb754-c26a-40b3-a077-2aa3ffd4ab49/datanode-2/data/ratis/065dc424-0ba7-4de8-8ecf-9fac9d09d3ed/sm/snapshot.1_39 took: 6 ms
2022-07-01 06:36:18,749 [3ef13f00-2e8f-4cf8-b989-4c3a5519d72f@group-9FAC9D09D3ED-StateMachineUpdater] INFO  impl.StateMachineUpdater (StateMachineUpdater.java:takeSnapshot(287)) - 3ef13f00-2e8f-4cf8-b989-4c3a5519d72f@group-9FAC9D09D3ED-StateMachineUpdater: Took a snapshot at index 39
2022-07-01 06:36:18,749 [3ef13f00-2e8f-4cf8-b989-4c3a5519d72f@group-9FAC9D09D3ED-StateMachineUpdater] INFO  impl.StateMachineUpdater (StateMachineUpdater.java:lambda$new$0(92)) - 3ef13f00-2e8f-4cf8-b989-4c3a5519d72f@group-9FAC9D09D3ED-StateMachineUpdater: snapshotIndex: updateIncreasingly -1 -> 39
2022-07-01 06:36:18,753 [Command processor thread] INFO  server.RaftServer$Division (ServerState.java:close(429)) - 3ef13f00-2e8f-4cf8-b989-4c3a5519d72f@group-9FAC9D09D3ED: closes. applyIndex: 39
2022-07-01 06:36:18,753 [3ef13f00-2e8f-4cf8-b989-4c3a5519d72f@group-9FAC9D09D3ED-SegmentedRaftLogWorker] INFO  segmented.SegmentedRaftLogWorker (SegmentedRaftLogWorker.java:run(336)) - 3ef13f00-2e8f-4cf8-b989-4c3a5519d72f@group-9FAC9D09D3ED-SegmentedRaftLogWorker was interrupted, exiting. There are 0 tasks remaining in the queue.
2022-07-01 06:36:18,756 [Command processor thread] INFO  segmented.SegmentedRaftLogWorker (SegmentedRaftLogWorker.java:close(246)) - 3ef13f00-2e8f-4cf8-b989-4c3a5519d72f@group-9FAC9D09D3ED-SegmentedRaftLogWorker close()
2022-07-01 06:36:18,788 [ReplicationMonitor] INFO  replication.LegacyReplicationManager (LegacyReplicationManager.java:handleUnderReplicatedContainer(1191)) - Container #1 is under replicated. Expected replica count is 3, but found 2.
2022-07-01 06:36:18,788 [ReplicationMonitor] INFO  replication.LegacyReplicationManager (LegacyReplicationManager.java:sendReplicateCommand(1554)) - Sending replicate container command for container #1 to datanode 8d28a716-810c-49da-9c02-9573d7e4db50{ip: 10.1.0.14, host: fv-az121-578.oisc35kgwdsevnec4nnef0ad5h.cx.internal.cloudapp.net, ports: [REPLICATION=46447, RATIS=36459, RATIS_ADMIN=36459, RATIS_SERVER=36459, STANDALONE=44577], networkLocation: /default-rack, certSerialId: null, persistedOpState: IN_SERVICE, persistedOpStateExpiryEpochSec: 0} from datanodes [9ece8bf6-7d6b-4143-af63-958068d3c465{ip: 10.1.0.14, host: fv-az121-578.oisc35kgwdsevnec4nnef0ad5h.cx.internal.cloudapp.net, ports: [REPLICATION=38811, RATIS=37739, RATIS_ADMIN=37739, RATIS_SERVER=37739, STANDALONE=36031], networkLocation: /default-rack, certSerialId: null, persistedOpState: IN_SERVICE, persistedOpStateExpiryEpochSec: 0}, 810a7c2f-f328-499d-804a-5e30d42c1343{ip: 10.1.0.14, host: fv-az121-578.oisc35kgwdsevnec4nnef0ad5h.cx.internal.cloudapp.net, ports: [REPLICATION=44445, RATIS=34885, RATIS_ADMIN=34885, RATIS_SERVER=34885, STANDALONE=41881], networkLocation: /default-rack, certSerialId: null, persistedOpState: IN_SERVICE, persistedOpStateExpiryEpochSec: 0}]
2022-07-01 06:36:18,788 [ReplicationMonitor] INFO  replication.LegacyReplicationManager (LegacyReplicationManager.java:handleUnderReplicatedContainer(1191)) - Container #3 is under replicated. Expected replica count is 3, but found 2.
2022-07-01 06:36:18,788 [ReplicationMonitor] INFO  replication.LegacyReplicationManager (LegacyReplicationManager.java:sendReplicateCommand(1554)) - Sending replicate container command for container #3 to datanode 810a7c2f-f328-499d-804a-5e30d42c1343{ip: 10.1.0.14, host: fv-az121-578.oisc35kgwdsevnec4nnef0ad5h.cx.internal.cloudapp.net, ports: [REPLICATION=44445, RATIS=34885, RATIS_ADMIN=34885, RATIS_SERVER=34885, STANDALONE=41881], networkLocation: /default-rack, certSerialId: null, persistedOpState: IN_SERVICE, persistedOpStateExpiryEpochSec: 0} from datanodes [9ece8bf6-7d6b-4143-af63-958068d3c465{ip: 10.1.0.14, host: fv-az121-578.oisc35kgwdsevnec4nnef0ad5h.cx.internal.cloudapp.net, ports: [REPLICATION=38811, RATIS=37739, RATIS_ADMIN=37739, RATIS_SERVER=37739, STANDALONE=36031], networkLocation: /default-rack, certSerialId: null, persistedOpState: IN_SERVICE, persistedOpStateExpiryEpochSec: 0}, 8d28a716-810c-49da-9c02-9573d7e4db50{ip: 10.1.0.14, host: fv-az121-578.oisc35kgwdsevnec4nnef0ad5h.cx.internal.cloudapp.net, ports: [REPLICATION=46447, RATIS=36459, RATIS_ADMIN=36459, RATIS_SERVER=36459, STANDALONE=44577], networkLocation: /default-rack, certSerialId: null, persistedOpState: IN_SERVICE, persistedOpStateExpiryEpochSec: 0}]
2022-07-01 06:36:18,788 [ReplicationMonitor] INFO  replication.LegacyReplicationManager (LegacyReplicationManager.java:handleUnderReplicatedContainer(1191)) - Container #4 is under replicated. Expected replica count is 3, but found 2.
2022-07-01 06:36:18,788 [ReplicationMonitor] INFO  replication.LegacyReplicationManager (LegacyReplicationManager.java:sendReplicateCommand(1554)) - Sending replicate container command for container #4 to datanode 810a7c2f-f328-499d-804a-5e30d42c1343{ip: 10.1.0.14, host: fv-az121-578.oisc35kgwdsevnec4nnef0ad5h.cx.internal.cloudapp.net, ports: [REPLICATION=44445, RATIS=34885, RATIS_ADMIN=34885, RATIS_SERVER=34885, STANDALONE=41881], networkLocation: /default-rack, certSerialId: null, persistedOpState: IN_SERVICE, persistedOpStateExpiryEpochSec: 0} from datanodes [9ece8bf6-7d6b-4143-af63-958068d3c465{ip: 10.1.0.14, host: fv-az121-578.oisc35kgwdsevnec4nnef0ad5h.cx.internal.cloudapp.net, ports: [REPLICATION=38811, RATIS=37739, RATIS_ADMIN=37739, RATIS_SERVER=37739, STANDALONE=36031], networkLocation: /default-rack, certSerialId: null, persistedOpState: IN_SERVICE, persistedOpStateExpiryEpochSec: 0}, 8d28a716-810c-49da-9c02-9573d7e4db50{ip: 10.1.0.14, host: fv-az121-578.oisc35kgwdsevnec4nnef0ad5h.cx.internal.cloudapp.net, ports: [REPLICATION=46447, RATIS=36459, RATIS_ADMIN=36459, RATIS_SERVER=36459, STANDALONE=44577], networkLocation: /default-rack, certSerialId: null, persistedOpState: IN_SERVICE, persistedOpStateExpiryEpochSec: 0}]
2022-07-01 06:36:18,788 [ReplicationMonitor] INFO  replication.LegacyReplicationManager (LegacyReplicationManager.java:handleUnderReplicatedContainer(1191)) - Container #5 is under replicated. Expected replica count is 3, but found 2.
2022-07-01 06:36:18,788 [ReplicationMonitor] INFO  replication.LegacyReplicationManager (LegacyReplicationManager.java:sendReplicateCommand(1554)) - Sending replicate container command for container #5 to datanode 8d28a716-810c-49da-9c02-9573d7e4db50{ip: 10.1.0.14, host: fv-az121-578.oisc35kgwdsevnec4nnef0ad5h.cx.internal.cloudapp.net, ports: [REPLICATION=46447, RATIS=36459, RATIS_ADMIN=36459, RATIS_SERVER=36459, STANDALONE=44577], networkLocation: /default-rack, certSerialId: null, persistedOpState: IN_SERVICE, persistedOpStateExpiryEpochSec: 0} from datanodes [9ece8bf6-7d6b-4143-af63-958068d3c465{ip: 10.1.0.14, host: fv-az121-578.oisc35kgwdsevnec4nnef0ad5h.cx.internal.cloudapp.net, ports: [REPLICATION=38811, RATIS=37739, RATIS_ADMIN=37739, RATIS_SERVER=37739, STANDALONE=36031], networkLocation: /default-rack, certSerialId: null, persistedOpState: IN_SERVICE, persistedOpStateExpiryEpochSec: 0}, 810a7c2f-f328-499d-804a-5e30d42c1343{ip: 10.1.0.14, host: fv-az121-578.oisc35kgwdsevnec4nnef0ad5h.cx.internal.cloudapp.net, ports: [REPLICATION=44445, RATIS=34885, RATIS_ADMIN=34885, RATIS_SERVER=34885, STANDALONE=41881], networkLocation: /default-rack, certSerialId: null, persistedOpState: IN_SERVICE, persistedOpStateExpiryEpochSec: 0}]
2022-07-01 06:36:18,788 [ReplicationMonitor] INFO  replication.LegacyReplicationManager (LegacyReplicationManager.java:handleUnderReplicatedContainer(1191)) - Container #6 is under replicated. Expected replica count is 3, but found 2.
2022-07-01 06:36:18,788 [ReplicationMonitor] INFO  replication.LegacyReplicationManager (LegacyReplicationManager.java:sendReplicateCommand(1554)) - Sending replicate container command for container #6 to datanode 810a7c2f-f328-499d-804a-5e30d42c1343{ip: 10.1.0.14, host: fv-az121-578.oisc35kgwdsevnec4nnef0ad5h.cx.internal.cloudapp.net, ports: [REPLICATION=44445, RATIS=34885, RATIS_ADMIN=34885, RATIS_SERVER=34885, STANDALONE=41881], networkLocation: /default-rack, certSerialId: null, persistedOpState: IN_SERVICE, persistedOpStateExpiryEpochSec: 0} from datanodes [9ece8bf6-7d6b-4143-af63-958068d3c465{ip: 10.1.0.14, host: fv-az121-578.oisc35kgwdsevnec4nnef0ad5h.cx.internal.cloudapp.net, ports: [REPLICATION=38811, RATIS=37739, RATIS_ADMIN=37739, RATIS_SERVER=37739, STANDALONE=36031], networkLocation: /default-rack, certSerialId: null, persistedOpState: IN_SERVICE, persistedOpStateExpiryEpochSec: 0}, 8d28a716-810c-49da-9c02-9573d7e4db50{ip: 10.1.0.14, host: fv-az121-578.oisc35kgwdsevnec4nnef0ad5h.cx.internal.cloudapp.net, ports: [REPLICATION=46447, RATIS=36459, RATIS_ADMIN=36459, RATIS_SERVER=36459, STANDALONE=44577], networkLocation: /default-rack, certSerialId: null, persistedOpState: IN_SERVICE, persistedOpStateExpiryEpochSec: 0}]
2022-07-01 06:36:18,789 [ReplicationMonitor] INFO  replication.ReplicationManager (ReplicationManager.java:processAll(260)) - Replication Monitor Thread took 1 milliseconds for processing 6 containers.
2022-07-01 06:36:18,813 [Listener at 127.0.0.1/40159] INFO  ozone.HddsDatanodeService (HddsDatanodeService.java:start(236)) - HddsDatanodeService host:fv-az121-578.oisc35kgwdsevnec4nnef0ad5h.cx.internal.cloudapp.net ip:10.1.0.14
2022-07-01 06:36:18,824 [org.apache.hadoop.util.JvmPauseMonitor$Monitor@608381b6] INFO  util.JvmPauseMonitor (JvmPauseMonitor.java:run(188)) - Starting JVM pause monitor
2022-07-01 06:36:18,856 [Command processor thread] INFO  keyvalue.KeyValueContainer (KeyValueContainer.java:flushAndSyncDB(431)) - Container 1 is synced with bcsId 37.
2022-07-01 06:36:18,856 [Command processor thread] INFO  keyvalue.KeyValueContainer (KeyValueContainer.java:flushAndSyncDB(431)) - Container 1 is synced with bcsId 37.
2022-07-01 06:36:18,858 [Command processor thread] INFO  keyvalue.KeyValueContainer (KeyValueContainer.java:flushAndSyncDB(431)) - Container 1 is synced with bcsId 37.
2022-07-01 06:36:18,858 [Command processor thread] INFO  keyvalue.KeyValueContainer (KeyValueContainer.java:flushAndSyncDB(431)) - Container 1 is synced with bcsId 37.
2022-07-01 06:36:18,863 [Command processor thread] INFO  keyvalue.KeyValueContainer (KeyValueContainer.java:flushAndSyncDB(431)) - Container 2 is synced with bcsId 29.
2022-07-01 06:36:18,863 [Command processor thread] INFO  keyvalue.KeyValueContainer (KeyValueContainer.java:flushAndSyncDB(431)) - Container 2 is synced with bcsId 29.
2022-07-01 06:36:18,864 [Command processor thread] INFO  keyvalue.KeyValueContainer (KeyValueContainer.java:flushAndSyncDB(431)) - Container 2 is synced with bcsId 29.
2022-07-01 06:36:18,864 [EventQueue-StaleNodeForStaleNodeHandler] INFO  node.StaleNodeHandler (StaleNodeHandler.java:onMessage(58)) - Datanode 9ece8bf6-7d6b-4143-af63-958068d3c465{ip: 10.1.0.14, host: fv-az121-578.oisc35kgwdsevnec4nnef0ad5h.cx.internal.cloudapp.net, ports: [REPLICATION=38811, RATIS=37739, RATIS_ADMIN=37739, RATIS_SERVER=37739, STANDALONE=36031], networkLocation: /default-rack, certSerialId: null, persistedOpState: IN_SERVICE, persistedOpStateExpiryEpochSec: 0} moved to stale state. Finalizing its pipelines [PipelineID=f7865b53-f27f-452d-859a-404c2272adbf]
2022-07-01 06:36:18,865 [EventQueue-StaleNodeForStaleNodeHandler] INFO  pipeline.PipelineManagerImpl (PipelineManagerImpl.java:closePipeline(432)) - Pipeline Pipeline[ Id: f7865b53-f27f-452d-859a-404c2272adbf, Nodes: 9ece8bf6-7d6b-4143-af63-958068d3c465{ip: 10.1.0.14, host: fv-az121-578.oisc35kgwdsevnec4nnef0ad5h.cx.internal.cloudapp.net, ports: [REPLICATION=38811, RATIS=37739, RATIS_ADMIN=37739, RATIS_SERVER=37739, STANDALONE=36031], networkLocation: /default-rack, certSerialId: null, persistedOpState: IN_SERVICE, persistedOpStateExpiryEpochSec: 0}, ReplicationConfig: RATIS/ONE, State:OPEN, leaderId:9ece8bf6-7d6b-4143-af63-958068d3c465, CreationTimestamp2022-07-01T06:34:09.586Z[Etc/UTC]] moved to CLOSED state
2022-07-01 06:36:18,865 [Command processor thread] INFO  keyvalue.KeyValueContainer (KeyValueContainer.java:flushAndSyncDB(431)) - Container 2 is synced with bcsId 29.
2022-07-01 06:36:18,870 [Command processor thread] INFO  keyvalue.KeyValueContainer (KeyValueContainer.java:flushAndSyncDB(431)) - Container 3 is synced with bcsId 33.
2022-07-01 06:36:18,870 [Command processor thread] INFO  keyvalue.KeyValueContainer (KeyValueContainer.java:flushAndSyncDB(431)) - Container 3 is synced with bcsId 33.
2022-07-01 06:36:18,876 [Command processor thread] INFO  keyvalue.KeyValueContainer (KeyValueContainer.java:flushAndSyncDB(431)) - Container 3 is synced with bcsId 33.
2022-07-01 06:36:18,876 [Command processor thread] INFO  keyvalue.KeyValueContainer (KeyValueContainer.java:flushAndSyncDB(431)) - Container 3 is synced with bcsId 33.
2022-07-01 06:36:18,878 [Command processor thread] INFO  server.RaftServer$Division (RaftServerImpl.java:groupRemove(404)) - 3ef13f00-2e8f-4cf8-b989-4c3a5519d72f@group-9FAC9D09D3ED: Succeed to remove RaftStorageDirectory Storage Directory /home/runner/work/ozone/ozone/hadoop-ozone/integration-test/target/test-dir/MiniOzoneClusterImpl-7edcb754-c26a-40b3-a077-2aa3ffd4ab49/datanode-2/data/ratis/065dc424-0ba7-4de8-8ecf-9fac9d09d3ed
2022-07-01 06:36:18,878 [Command processor thread] INFO  commandhandler.ClosePipelineCommandHandler (ClosePipelineCommandHandler.java:handle(78)) - Close Pipeline PipelineID=065dc424-0ba7-4de8-8ecf-9fac9d09d3ed command on datanode 3ef13f00-2e8f-4cf8-b989-4c3a5519d72f.
2022-07-01 06:36:18,881 [Command processor thread] INFO  server.RaftServer$Division (RaftServerImpl.java:groupRemove(404)) - c746d1d4-53da-45d7-b6d9-872d73785f11@group-9FAC9D09D3ED: Succeed to remove RaftStorageDirectory Storage Directory /home/runner/work/ozone/ozone/hadoop-ozone/integration-test/target/test-dir/MiniOzoneClusterImpl-7edcb754-c26a-40b3-a077-2aa3ffd4ab49/datanode-0/data/ratis/065dc424-0ba7-4de8-8ecf-9fac9d09d3ed
2022-07-01 06:36:18,883 [Command processor thread] INFO  commandhandler.ClosePipelineCommandHandler (ClosePipelineCommandHandler.java:handle(78)) - Close Pipeline PipelineID=065dc424-0ba7-4de8-8ecf-9fac9d09d3ed command on datanode c746d1d4-53da-45d7-b6d9-872d73785f11.
2022-07-01 06:36:18,879 [Datanode State Machine Task Thread - 0] INFO  datanode.InitDatanodeState (InitDatanodeState.java:persistContainerDatanodeDetails(138)) - DatanodeDetails is persisted to /home/runner/work/ozone/ozone/hadoop-ozone/integration-test/target/test-dir/MiniOzoneClusterImpl-bc7ab851-61db-4e9a-86cd-3d27c2668616/datanode-2/meta/datanode.id
2022-07-01 06:36:18,901 [Listener at 127.0.0.1/40159] INFO  upgrade.AbstractLayoutVersionManager (AbstractLayoutVersionManager.java:init(82)) - Initializing Layout version manager with metadata layout = DATANODE_SCHEMA_V3 (version = 4), software layout = DATANODE_SCHEMA_V3 (version = 4)
2022-07-01 06:36:18,929 [IPC Server handler 4 on default port 44353] INFO  net.NetworkTopologyImpl (NetworkTopologyImpl.java:add(112)) - Added a new node: /default-rack/f3ceede8-3a31-4ae8-ae2c-c6ce7585dd11
2022-07-01 06:36:18,929 [IPC Server handler 4 on default port 44353] INFO  node.SCMNodeManager (SCMNodeManager.java:register(397)) - Registered Data node : f3ceede8-3a31-4ae8-ae2c-c6ce7585dd11{ip: 10.1.0.14, host: fv-az121-578.oisc35kgwdsevnec4nnef0ad5h.cx.internal.cloudapp.net, ports: [REPLICATION=42661, RATIS=46347, RATIS_ADMIN=46347, RATIS_SERVER=46347, STANDALONE=44403], networkLocation: /default-rack, certSerialId: null, persistedOpState: null, persistedOpStateExpiryEpochSec: 0}
2022-07-01 06:36:18,940 [EventQueue-NodeRegistrationContainerReportForDataNodeSafeModeRule] INFO  safemode.SCMSafeModeManager (DataNodeSafeModeRule.java:process(71)) - SCM in safe mode. 1 DataNodes registered, 3 required.
2022-07-01 06:36:18,940 [EventQueue-NodeRegistrationContainerReportForContainerSafeModeRule] INFO  safemode.SCMSafeModeManager (SCMSafeModeManager.java:validateSafeModeExitRules(204)) - ContainerSafeModeRule rule is successfully validated
2022-07-01 06:36:18,986 [EventQueue-NewNodeForNewNodeHandler] INFO  pipeline.BackgroundPipelineCreator (BackgroundPipelineCreator.java:notifyEventTriggered(275)) - trigger a one-shot run on RatisPipelineUtilsThread.
2022-07-01 06:36:18,987 [RatisPipelineUtilsThread - 0] INFO  pipeline.RatisPipelineProvider (RatisPipelineProvider.java:lambda$create$0(195)) - Sending CreatePipelineCommand for pipeline:PipelineID=427e85c8-f9b8-4718-99a1-ee51cd9892e0 to datanode:f3ceede8-3a31-4ae8-ae2c-c6ce7585dd11
2022-07-01 06:36:18,988 [RatisPipelineUtilsThread - 0] INFO  pipeline.PipelineStateManagerImpl (PipelineStateManagerImpl.java:addPipeline(101)) - Created pipeline Pipeline[ Id: 427e85c8-f9b8-4718-99a1-ee51cd9892e0, Nodes: f3ceede8-3a31-4ae8-ae2c-c6ce7585dd11{ip: 10.1.0.14, host: fv-az121-578.oisc35kgwdsevnec4nnef0ad5h.cx.internal.cloudapp.net, ports: [REPLICATION=42661, RATIS=46347, RATIS_ADMIN=46347, RATIS_SERVER=46347, STANDALONE=44403], networkLocation: /default-rack, certSerialId: null, persistedOpState: IN_SERVICE, persistedOpStateExpiryEpochSec: 0}, ReplicationConfig: RATIS/ONE, State:ALLOCATED, leaderId:, CreationTimestamp2022-07-01T06:36:18.987Z[Etc/UTC]].
2022-07-01 06:36:19,044 [EventQueue-PipelineReportForOneReplicaPipelineSafeModeRule] INFO  safemode.SCMSafeModeManager (SCMSafeModeManager.java:validateSafeModeExitRules(204)) - AtleastOneDatanodeReportedRule rule is successfully validated
2022-07-01 06:36:19,052 [DatanodeAdminManager-0] INFO  node.DatanodeAdminMonitorImpl (DatanodeAdminMonitorImpl.java:checkContainersReplicatedOnNode(327)) - d3c2a0de-eb94-47c1-bf63-6feb4e2b4d03{ip: 10.1.0.14, host: fv-az121-578.oisc35kgwdsevnec4nnef0ad5h.cx.internal.cloudapp.net, ports: [REPLICATION=44917, RATIS=45813, RATIS_ADMIN=45813, RATIS_SERVER=45813, STANDALONE=33241], networkLocation: /default-rack, certSerialId: null, persistedOpState: ENTERING_MAINTENANCE, persistedOpStateExpiryEpochSec: 0} has 3 sufficientlyReplicated, 0 underReplicated and 0 unhealthy containers
2022-07-01 06:36:19,052 [DatanodeAdminManager-0] INFO  node.DatanodeAdminMonitorImpl (DatanodeAdminMonitorImpl.java:putIntoMaintenance(362)) - Datanode d3c2a0de-eb94-47c1-bf63-6feb4e2b4d03{ip: 10.1.0.14, host: fv-az121-578.oisc35kgwdsevnec4nnef0ad5h.cx.internal.cloudapp.net, ports: [REPLICATION=44917, RATIS=45813, RATIS_ADMIN=45813, RATIS_SERVER=45813, STANDALONE=33241], networkLocation: /default-rack, certSerialId: null, persistedOpState: ENTERING_MAINTENANCE, persistedOpStateExpiryEpochSec: 0} has entered maintenance
2022-07-01 06:36:19,052 [DatanodeAdminManager-0] INFO  node.DatanodeAdminMonitorImpl (DatanodeAdminMonitorImpl.java:run(148)) - There are 1 nodes tracked for decommission and maintenance. 0 pending nodes.
2022-07-01 06:36:19,052 [EventQueue-HealthyReadonlyToHealthyNodeForReadOnlyHealthyToHealthyNodeHandler] INFO  node.ReadOnlyHealthyToHealthyNodeHandler (ReadOnlyHealthyToHealthyNodeHandler.java:onMessage(51)) - Datanode d3c2a0de-eb94-47c1-bf63-6feb4e2b4d03{ip: 10.1.0.14, host: fv-az121-578.oisc35kgwdsevnec4nnef0ad5h.cx.internal.cloudapp.net, ports: [REPLICATION=44917, RATIS=45813, RATIS_ADMIN=45813, RATIS_SERVER=45813, STANDALONE=33241], networkLocation: /default-rack, certSerialId: null, persistedOpState: ENTERING_MAINTENANCE, persistedOpStateExpiryEpochSec: 0} moved to HEALTHY state.
2022-07-01 06:36:19,052 [EventQueue-HealthyReadonlyToHealthyNodeForReadOnlyHealthyToHealthyNodeHandler] INFO  pipeline.BackgroundPipelineCreator (BackgroundPipelineCreator.java:notifyEventTriggered(275)) - trigger a one-shot run on RatisPipelineUtilsThread.
2022-07-01 06:36:19,191 [Listener at 127.0.0.1/40159] INFO  reflections.Reflections (Reflections.java:scan(232)) - Reflections took 288 ms to scan 7 urls, producing 132 keys and 317 values 
2022-07-01 06:36:19,246 [Listener at 127.0.0.1/40159] INFO  statemachine.DatanodeStateMachine (DatanodeStateMachine.java:getEndPointTaskThreadPoolSize(237)) - Datanode State Machine Task Thread Pool size 2
2022-07-01 06:36:19,262 [Listener at 127.0.0.1/40159] INFO  volume.HddsVolume (HddsVolume.java:<init>(116)) - Creating HddsVolume: /home/runner/work/ozone/ozone/hadoop-ozone/integration-test/target/test-dir/MiniOzoneClusterImpl-bc7ab851-61db-4e9a-86cd-3d27c2668616/datanode-3/data-0/containers/hdds of storage type : DISK capacity : 9223372036854775807
2022-07-01 06:36:19,262 [Listener at 127.0.0.1/40159] INFO  volume.MutableVolumeSet (MutableVolumeSet.java:initializeVolumeSet(174)) - Added Volume : /home/runner/work/ozone/ozone/hadoop-ozone/integration-test/target/test-dir/MiniOzoneClusterImpl-bc7ab851-61db-4e9a-86cd-3d27c2668616/datanode-3/data-0/containers/hdds to VolumeSet
2022-07-01 06:36:19,263 [Listener at 127.0.0.1/40159] INFO  volume.ThrottledAsyncChecker (ThrottledAsyncChecker.java:schedule(141)) - Scheduling a check for /home/runner/work/ozone/ozone/hadoop-ozone/integration-test/target/test-dir/MiniOzoneClusterImpl-bc7ab851-61db-4e9a-86cd-3d27c2668616/datanode-3/data-0/containers/hdds
2022-07-01 06:36:19,286 [ReplicationMonitor] INFO  replication.LegacyReplicationManager (LegacyReplicationManager.java:forceCloseContainer(1104)) - Force closing container #1 with BCSID 37, which is in QUASI_CLOSED state.
2022-07-01 06:36:19,286 [ReplicationMonitor] INFO  replication.LegacyReplicationManager (LegacyReplicationManager.java:sendCloseCommand(1507)) - Sending close container command for container #1 to datanode d3c2a0de-eb94-47c1-bf63-6feb4e2b4d03{ip: 10.1.0.14, host: fv-az121-578.oisc35kgwdsevnec4nnef0ad5h.cx.internal.cloudapp.net, ports: [REPLICATION=44917, RATIS=45813, RATIS_ADMIN=45813, RATIS_SERVER=45813, STANDALONE=33241], networkLocation: /default-rack, certSerialId: null, persistedOpState: ENTERING_MAINTENANCE, persistedOpStateExpiryEpochSec: 0}.
2022-07-01 06:36:19,286 [ReplicationMonitor] INFO  replication.LegacyReplicationManager (LegacyReplicationManager.java:sendCloseCommand(1507)) - Sending close container command for container #1 to datanode 3ef13f00-2e8f-4cf8-b989-4c3a5519d72f{ip: 10.1.0.14, host: fv-az121-578.oisc35kgwdsevnec4nnef0ad5h.cx.internal.cloudapp.net, ports: [REPLICATION=38931, RATIS=37135, RATIS_ADMIN=37135, RATIS_SERVER=37135, STANDALONE=42537], networkLocation: /default-rack, certSerialId: null, persistedOpState: IN_SERVICE, persistedOpStateExpiryEpochSec: 0}.
2022-07-01 06:36:19,287 [ReplicationMonitor] INFO  replication.LegacyReplicationManager (LegacyReplicationManager.java:sendCloseCommand(1507)) - Sending close container command for container #1 to datanode c746d1d4-53da-45d7-b6d9-872d73785f11{ip: 10.1.0.14, host: fv-az121-578.oisc35kgwdsevnec4nnef0ad5h.cx.internal.cloudapp.net, ports: [REPLICATION=38885, RATIS=33989, RATIS_ADMIN=33989, RATIS_SERVER=33989, STANDALONE=44659], networkLocation: /default-rack, certSerialId: null, persistedOpState: IN_SERVICE, persistedOpStateExpiryEpochSec: 0}.
2022-07-01 06:36:19,287 [ReplicationMonitor] INFO  replication.LegacyReplicationManager (LegacyReplicationManager.java:forceCloseContainer(1104)) - Force closing container #2 with BCSID 29, which is in QUASI_CLOSED state.
2022-07-01 06:36:19,287 [ReplicationMonitor] INFO  replication.LegacyReplicationManager (LegacyReplicationManager.java:sendCloseCommand(1507)) - Sending close container command for container #2 to datanode c746d1d4-53da-45d7-b6d9-872d73785f11{ip: 10.1.0.14, host: fv-az121-578.oisc35kgwdsevnec4nnef0ad5h.cx.internal.cloudapp.net, ports: [REPLICATION=38885, RATIS=33989, RATIS_ADMIN=33989, RATIS_SERVER=33989, STANDALONE=44659], networkLocation: /default-rack, certSerialId: null, persistedOpState: IN_SERVICE, persistedOpStateExpiryEpochSec: 0}.
2022-07-01 06:36:19,287 [ReplicationMonitor] INFO  replication.LegacyReplicationManager (LegacyReplicationManager.java:sendCloseCommand(1507)) - Sending close container command for container #2 to datanode d3c2a0de-eb94-47c1-bf63-6feb4e2b4d03{ip: 10.1.0.14, host: fv-az121-578.oisc35kgwdsevnec4nnef0ad5h.cx.internal.cloudapp.net, ports: [REPLICATION=44917, RATIS=45813, RATIS_ADMIN=45813, RATIS_SERVER=45813, STANDALONE=33241], networkLocation: /default-rack, certSerialId: null, persistedOpState: ENTERING_MAINTENANCE, persistedOpStateExpiryEpochSec: 0}.
2022-07-01 06:36:19,287 [ReplicationMonitor] INFO  replication.LegacyReplicationManager (LegacyReplicationManager.java:sendCloseCommand(1507)) - Sending close container command for container #2 to datanode 3ef13f00-2e8f-4cf8-b989-4c3a5519d72f{ip: 10.1.0.14, host: fv-az121-578.oisc35kgwdsevnec4nnef0ad5h.cx.internal.cloudapp.net, ports: [REPLICATION=38931, RATIS=37135, RATIS_ADMIN=37135, RATIS_SERVER=37135, STANDALONE=42537], networkLocation: /default-rack, certSerialId: null, persistedOpState: IN_SERVICE, persistedOpStateExpiryEpochSec: 0}.
2022-07-01 06:36:19,287 [ReplicationMonitor] INFO  replication.LegacyReplicationManager (LegacyReplicationManager.java:forceCloseContainer(1104)) - Force closing container #3 with BCSID 33, which is in QUASI_CLOSED state.
2022-07-01 06:36:19,287 [ReplicationMonitor] INFO  replication.LegacyReplicationManager (LegacyReplicationManager.java:sendCloseCommand(1507)) - Sending close container command for container #3 to datanode 3ef13f00-2e8f-4cf8-b989-4c3a5519d72f{ip: 10.1.0.14, host: fv-az121-578.oisc35kgwdsevnec4nnef0ad5h.cx.internal.cloudapp.net, ports: [REPLICATION=38931, RATIS=37135, RATIS_ADMIN=37135, RATIS_SERVER=37135, STANDALONE=42537], networkLocation: /default-rack, certSerialId: null, persistedOpState: IN_SERVICE, persistedOpStateExpiryEpochSec: 0}.
2022-07-01 06:36:19,287 [ReplicationMonitor] INFO  replication.LegacyReplicationManager (LegacyReplicationManager.java:sendCloseCommand(1507)) - Sending close container command for container #3 to datanode c746d1d4-53da-45d7-b6d9-872d73785f11{ip: 10.1.0.14, host: fv-az121-578.oisc35kgwdsevnec4nnef0ad5h.cx.internal.cloudapp.net, ports: [REPLICATION=38885, RATIS=33989, RATIS_ADMIN=33989, RATIS_SERVER=33989, STANDALONE=44659], networkLocation: /default-rack, certSerialId: null, persistedOpState: IN_SERVICE, persistedOpStateExpiryEpochSec: 0}.
2022-07-01 06:36:19,287 [ReplicationMonitor] INFO  replication.LegacyReplicationManager (LegacyReplicationManager.java:sendCloseCommand(1507)) - Sending close container command for container #3 to datanode d3c2a0de-eb94-47c1-bf63-6feb4e2b4d03{ip: 10.1.0.14, host: fv-az121-578.oisc35kgwdsevnec4nnef0ad5h.cx.internal.cloudapp.net, ports: [REPLICATION=44917, RATIS=45813, RATIS_ADMIN=45813, RATIS_SERVER=45813, STANDALONE=33241], networkLocation: /default-rack, certSerialId: null, persistedOpState: ENTERING_MAINTENANCE, persistedOpStateExpiryEpochSec: 0}.
2022-07-01 06:36:19,287 [ReplicationMonitor] INFO  replication.ReplicationManager (ReplicationManager.java:processAll(260)) - Replication Monitor Thread took 1 milliseconds for processing 6 containers.
2022-07-01 06:36:19,294 [ReplicationMonitor] INFO  replication.ReplicationManager (ReplicationManager.java:processAll(260)) - Replication Monitor Thread took 0 milliseconds for processing 0 containers.
2022-07-01 06:36:19,300 [Listener at 127.0.0.1/40159] INFO  volume.StorageVolumeChecker (StorageVolumeChecker.java:checkAllVolumes(202)) - Scheduled health check for volume /home/runner/work/ozone/ozone/hadoop-ozone/integration-test/target/test-dir/MiniOzoneClusterImpl-bc7ab851-61db-4e9a-86cd-3d27c2668616/datanode-3/data-0/containers/hdds
2022-07-01 06:36:19,364 [Listener at 127.0.0.1/40159] INFO  volume.MutableVolumeSet (MutableVolumeSet.java:initializeVolumeSet(174)) - Added Volume : /home/runner/work/ozone/ozone/hadoop-ozone/integration-test/target/test-dir/MiniOzoneClusterImpl-bc7ab851-61db-4e9a-86cd-3d27c2668616/datanode-3/data/ratis to VolumeSet
2022-07-01 06:36:19,364 [Listener at 127.0.0.1/40159] INFO  volume.ThrottledAsyncChecker (ThrottledAsyncChecker.java:schedule(141)) - Scheduling a check for /home/runner/work/ozone/ozone/hadoop-ozone/integration-test/target/test-dir/MiniOzoneClusterImpl-bc7ab851-61db-4e9a-86cd-3d27c2668616/datanode-3/data/ratis
2022-07-01 06:36:19,368 [Listener at 127.0.0.1/40159] INFO  volume.StorageVolumeChecker (StorageVolumeChecker.java:checkAllVolumes(202)) - Scheduled health check for volume /home/runner/work/ozone/ozone/hadoop-ozone/integration-test/target/test-dir/MiniOzoneClusterImpl-bc7ab851-61db-4e9a-86cd-3d27c2668616/datanode-3/data/ratis
2022-07-01 06:36:19,471 [Thread-3797] INFO  ozoneimpl.ContainerReader (ContainerReader.java:readVolume(172)) - Finish verifying containers on volume /home/runner/work/ozone/ozone/hadoop-ozone/integration-test/target/test-dir/MiniOzoneClusterImpl-bc7ab851-61db-4e9a-86cd-3d27c2668616/datanode-3/data-0/containers/hdds
2022-07-01 06:36:19,473 [Listener at 127.0.0.1/40159] INFO  ozoneimpl.OzoneContainer (OzoneContainer.java:buildContainerSet(266)) - Build ContainerSet costs 0s
2022-07-01 06:36:19,480 [Listener at 127.0.0.1/40159] INFO  server.RaftServer (ConfUtils.java:logGet(46)) - raft.rpc.type = GRPC (default)
2022-07-01 06:36:19,480 [Listener at 127.0.0.1/40159] INFO  grpc.GrpcFactory (GrpcFactory.java:checkPooledByteBufAllocatorUseCacheForAllThreads(48)) - PERFORMANCE WARNING: useCacheForAllThreads is true that may cause Netty to create a lot garbage objects and, as a result, trigger GC.
	It is recommended to disable useCacheForAllThreads by setting -Dorg.apache.ratis.thirdparty.io.netty.allocator.useCacheForAllThreads=false in command line.
2022-07-01 06:36:19,480 [Listener at 127.0.0.1/40159] INFO  grpc.GrpcConfigKeys (ConfUtils.java:logGet(46)) - raft.grpc.admin.port = 0 (custom)
2022-07-01 06:36:19,480 [Listener at 127.0.0.1/40159] INFO  grpc.GrpcConfigKeys (ConfUtils.java:logGet(46)) - raft.grpc.client.port = 0 (custom)
2022-07-01 06:36:19,480 [Listener at 127.0.0.1/40159] INFO  grpc.GrpcConfigKeys (ConfUtils.java:logGet(46)) - raft.grpc.server.port = 0 (default)
2022-07-01 06:36:19,481 [Listener at 127.0.0.1/40159] INFO  server.GrpcService (ConfUtils.java:logGet(46)) - raft.grpc.message.size.max = 32MB (=33554432) (custom)
2022-07-01 06:36:19,481 [Listener at 127.0.0.1/40159] INFO  server.RaftServerConfigKeys (ConfUtils.java:logGet(46)) - raft.server.log.appender.buffer.byte-limit = 33554432 (custom)
2022-07-01 06:36:19,481 [Listener at 127.0.0.1/40159] INFO  server.GrpcService (ConfUtils.java:logGet(46)) - raft.grpc.flow.control.window = 5MB (=5242880) (custom)
2022-07-01 06:36:19,481 [Listener at 127.0.0.1/40159] INFO  server.RaftServerConfigKeys (ConfUtils.java:logGet(46)) - raft.server.rpc.request.timeout = 60s (custom)
2022-07-01 06:36:19,481 [Listener at 127.0.0.1/40159] INFO  grpc.GrpcConfigKeys (ConfUtils.java:logGet(46)) - raft.grpc.server.async.request.thread.pool.cached = true (default)
2022-07-01 06:36:19,481 [Listener at 127.0.0.1/40159] INFO  grpc.GrpcConfigKeys (ConfUtils.java:logGet(46)) - raft.grpc.server.async.request.thread.pool.size = 32 (default)
2022-07-01 06:36:19,482 [Listener at 127.0.0.1/40159] INFO  impl.DataStreamServerImpl (ConfUtils.java:logGet(46)) - raft.datastream.type = DISABLED (default)
2022-07-01 06:36:19,482 [Listener at 127.0.0.1/40159] INFO  server.RaftServerConfigKeys (ConfUtils.java:logGet(46)) - raft.server.threadpool.proxy.cached = true (default)
2022-07-01 06:36:19,482 [Listener at 127.0.0.1/40159] INFO  server.RaftServerConfigKeys (ConfUtils.java:logGet(46)) - raft.server.threadpool.proxy.size = 0 (default)
2022-07-01 06:36:19,482 [Listener at 127.0.0.1/40159] INFO  server.RaftServerConfigKeys (ConfUtils.java:logGet(46)) - raft.server.rpc.slowness.timeout = 300s (custom)
2022-07-01 06:36:19,482 [Listener at 127.0.0.1/40159] INFO  server.RaftServerConfigKeys (ConfUtils.java:logGet(46)) - raft.server.leaderelection.leader.step-down.wait-time = 10s (default)
2022-07-01 06:36:19,482 [Listener at 127.0.0.1/40159] INFO  server.RaftServerConfigKeys (ConfUtils.java:logGet(46)) - raft.server.storage.dir = [/home/runner/work/ozone/ozone/hadoop-ozone/integration-test/target/test-dir/MiniOzoneClusterImpl-bc7ab851-61db-4e9a-86cd-3d27c2668616/datanode-3/data/ratis] (custom)
2022-07-01 06:36:19,527 [Listener at 127.0.0.1/40159] INFO  server.XceiverServerGrpc (XceiverServerGrpc.java:<init>(132)) - GrpcServer channel type EpollServerSocketChannel
2022-07-01 06:36:19,532 [EndpointStateMachine task thread for /0.0.0.0:44353 - 0 ] INFO  volume.HddsVolume (HddsVolume.java:createDbStore(309)) - SchemaV3 db is created and loaded at /home/runner/work/ozone/ozone/hadoop-ozone/integration-test/target/test-dir/MiniOzoneClusterImpl-bc7ab851-61db-4e9a-86cd-3d27c2668616/datanode-1/data-0/containers/hdds/bc7ab851-61db-4e9a-86cd-3d27c2668616/DS-cca2b724-56c4-4a6c-9258-d83c6c45a62b/container.db for volume DS-cca2b724-56c4-4a6c-9258-d83c6c45a62b
2022-07-01 06:36:19,533 [EndpointStateMachine task thread for /0.0.0.0:44353 - 0 ] INFO  volume.HddsVolume (HddsVolume.java:closeDbStore(340)) - SchemaV3 db is stopped at /home/runner/work/ozone/ozone/hadoop-ozone/integration-test/target/test-dir/MiniOzoneClusterImpl-bc7ab851-61db-4e9a-86cd-3d27c2668616/datanode-1/data-0/containers/hdds/bc7ab851-61db-4e9a-86cd-3d27c2668616/DS-cca2b724-56c4-4a6c-9258-d83c6c45a62b/container.db for volume DS-cca2b724-56c4-4a6c-9258-d83c6c45a62b
2022-07-01 06:36:19,533 [EndpointStateMachine task thread for /0.0.0.0:44353 - 0 ] INFO  ozoneimpl.OzoneContainer (OzoneContainer.java:start(344)) - Attempting to start container services.
2022-07-01 06:36:19,533 [EndpointStateMachine task thread for /0.0.0.0:44353 - 0 ] INFO  ozoneimpl.OzoneContainer (OzoneContainer.java:startContainerScrub(279)) - Background container scanner has been disabled.
2022-07-01 06:36:19,536 [EndpointStateMachine task thread for /0.0.0.0:44353 - 0 ] INFO  replication.ReplicationServer (ReplicationServer.java:start(111)) - ReplicationServer is started using port 35167
2022-07-01 06:36:19,579 [EndpointStateMachine task thread for /0.0.0.0:44353 - 0 ] INFO  ratis.XceiverServerRatis (XceiverServerRatis.java:start(481)) - Starting XceiverServerRatis 515cf234-40f0-4d42-b2bb-fba6d8db5cc1
2022-07-01 06:36:19,579 [EndpointStateMachine task thread for /0.0.0.0:44353 - 0 ] INFO  server.RaftServer (RaftServerProxy.java:lambda$start$6(382)) - 515cf234-40f0-4d42-b2bb-fba6d8db5cc1: start RPC server
2022-07-01 06:36:19,588 [EndpointStateMachine task thread for /0.0.0.0:44353 - 0 ] INFO  server.GrpcService (GrpcService.java:startImpl(260)) - 515cf234-40f0-4d42-b2bb-fba6d8db5cc1: GrpcService started, listening on 37843
2022-07-01 06:36:19,596 [EndpointStateMachine task thread for /0.0.0.0:44353 - 0 ] INFO  ratis.XceiverServerRatis (XceiverServerRatis.java:getRealPort(502)) - XceiverServerRatis 515cf234-40f0-4d42-b2bb-fba6d8db5cc1 is started using port 37843 for RATIS
2022-07-01 06:36:19,596 [EndpointStateMachine task thread for /0.0.0.0:44353 - 0 ] INFO  ratis.XceiverServerRatis (XceiverServerRatis.java:getRealPort(502)) - XceiverServerRatis 515cf234-40f0-4d42-b2bb-fba6d8db5cc1 is started using port 37843 for RATIS_ADMIN
2022-07-01 06:36:19,596 [EndpointStateMachine task thread for /0.0.0.0:44353 - 0 ] INFO  ratis.XceiverServerRatis (XceiverServerRatis.java:getRealPort(502)) - XceiverServerRatis 515cf234-40f0-4d42-b2bb-fba6d8db5cc1 is started using port 37843 for RATIS_SERVER
2022-07-01 06:36:19,597 [org.apache.ratis.util.JvmPauseMonitor$$Lambda$706/2098851404@7a533a73] INFO  util.JvmPauseMonitor (JvmPauseMonitor.java:run(103)) - JvmPauseMonitor-515cf234-40f0-4d42-b2bb-fba6d8db5cc1: Started
2022-07-01 06:36:19,612 [Listener at 127.0.0.1/40159] INFO  http.BaseHttpServer (BaseHttpServer.java:newHttpServer2BuilderForOzone(209)) - Starting Web-server for hddsDatanode at: http://0.0.0.0:0
2022-07-01 06:36:19,612 [Listener at 127.0.0.1/40159] INFO  http.BaseHttpServer (BaseHttpServer.java:<init>(107)) - Hadoop Security Enabled: false Ozone Security Enabled: false Ozone HTTP Security Enabled: false 
2022-07-01 06:36:19,613 [Listener at 127.0.0.1/40159] INFO  server.AuthenticationFilter (AuthenticationFilter.java:constructSecretProvider(240)) - Unable to initialize FileSignerSecretProvider, falling back to use random secrets.
2022-07-01 06:36:19,632 [EndpointStateMachine task thread for /0.0.0.0:44353 - 0 ] INFO  server.XceiverServerGrpc (XceiverServerGrpc.java:start(180)) - XceiverServerGrpc 515cf234-40f0-4d42-b2bb-fba6d8db5cc1 is started using port 34023
2022-07-01 06:36:19,650 [Listener at 127.0.0.1/40159] WARN  http.HttpRequestLog (HttpRequestLog.java:getRequestLog(103)) - Jetty request log can only be enabled using Log4j
2022-07-01 06:36:19,651 [Listener at 127.0.0.1/40159] INFO  http.HttpServer2 (HttpServer2.java:addGlobalFilter(1029)) - Added global filter 'safety' (class=org.apache.hadoop.hdds.server.http.HttpServer2$QuotingInputFilter)
2022-07-01 06:36:19,651 [Listener at 127.0.0.1/40159] INFO  http.HttpServer2 (HttpServer2.java:addFilter(1005)) - Added filter static_user_filter (class=org.apache.hadoop.http.lib.StaticUserWebFilter$StaticUserFilter) to context hddsDatanode
2022-07-01 06:36:19,651 [Listener at 127.0.0.1/40159] INFO  http.HttpServer2 (HttpServer2.java:addFilter(1013)) - Added filter static_user_filter (class=org.apache.hadoop.http.lib.StaticUserWebFilter$StaticUserFilter) to context static
2022-07-01 06:36:19,652 [Listener at 127.0.0.1/40159] INFO  http.HttpServer2 (HttpServer2.java:addFilter(1013)) - Added filter static_user_filter (class=org.apache.hadoop.http.lib.StaticUserWebFilter$StaticUserFilter) to context logs
2022-07-01 06:36:19,652 [Listener at 127.0.0.1/40159] INFO  http.HttpServer2 (HttpServer2.java:bindListener(1248)) - Jetty bound to port 36289
2022-07-01 06:36:19,660 [Listener at 127.0.0.1/40159] INFO  server.Server (Server.java:doStart(375)) - jetty-9.4.43.v20210629; built: 2021-06-30T11:07:22.254Z; git: 526006ecfa3af7f1a27ef3a288e2bef7ea9dd7e8; jvm 1.8.0_332-b09
2022-07-01 06:36:19,676 [Listener at 127.0.0.1/40159] INFO  server.session (DefaultSessionIdManager.java:doStart(334)) - DefaultSessionIdManager workerName=node0
2022-07-01 06:36:19,734 [Listener at 127.0.0.1/40159] INFO  server.session (DefaultSessionIdManager.java:doStart(339)) - No SessionScavenger set, using defaults
2022-07-01 06:36:19,734 [Listener at 127.0.0.1/40159] INFO  server.session (HouseKeeper.java:startScavenging(132)) - node0 Scavenging every 660000ms
2022-07-01 06:36:19,745 [ReplicationMonitor] INFO  replication.ReplicationManager (ReplicationManager.java:processAll(227)) - Replication Manager is not ready to run until 3000ms after safemode exit
2022-07-01 06:36:19,773 [Listener at 127.0.0.1/40159] INFO  handler.ContextHandler (ContextHandler.java:doStart(915)) - Started o.e.j.s.ServletContextHandler@52c8f7f6{logs,/logs,file:///home/runner/work/ozone/ozone/hadoop-ozone/integration-test/target/log,AVAILABLE}
2022-07-01 06:36:19,774 [Listener at 127.0.0.1/40159] INFO  handler.ContextHandler (ContextHandler.java:doStart(915)) - Started o.e.j.s.ServletContextHandler@5efbf48f{static,/static,jar:file:/home/runner/.m2/repository/org/apache/ozone/hdds-container-service/1.3.0-SNAPSHOT/hdds-container-service-1.3.0-SNAPSHOT.jar!/webapps/static,AVAILABLE}
2022-07-01 06:36:19,779 [Mini-Cluster-Provider-Reap] INFO  utils.BackgroundService (BackgroundService.java:shutdown(132)) - Shutting down service BlockDeletingService
2022-07-01 06:36:19,814 [IPC Server handler 14 on default port 44289] INFO  node.SCMNodeManager (SCMNodeManager.java:updateDatanodeOpState(545)) - Scheduling a command to update the operationalState persisted on d3c2a0de-eb94-47c1-bf63-6feb4e2b4d03{ip: 10.1.0.14, host: fv-az121-578.oisc35kgwdsevnec4nnef0ad5h.cx.internal.cloudapp.net, ports: [REPLICATION=44917, RATIS=45813, RATIS_ADMIN=45813, RATIS_SERVER=45813, STANDALONE=33241], networkLocation: /default-rack, certSerialId: null, persistedOpState: ENTERING_MAINTENANCE, persistedOpStateExpiryEpochSec: 0} as the reported value does not match the value stored in SCM (IN_MAINTENANCE, 0)
2022-07-01 06:36:19,820 [ContainerReplicationThread-0] INFO  replication.DownloadAndImportReplicator (DownloadAndImportReplicator.java:replicate(105)) - Starting replication of container 3 from [9ece8bf6-7d6b-4143-af63-958068d3c465{ip: 10.1.0.14, host: fv-az121-578.oisc35kgwdsevnec4nnef0ad5h.cx.internal.cloudapp.net, ports: [REPLICATION=38811, RATIS=37739, RATIS_ADMIN=37739, RATIS_SERVER=37739, STANDALONE=36031], networkLocation: /default-rack, certSerialId: null, persistedOpState: IN_SERVICE, persistedOpStateExpiryEpochSec: 0}, 8d28a716-810c-49da-9c02-9573d7e4db50{ip: 10.1.0.14, host: fv-az121-578.oisc35kgwdsevnec4nnef0ad5h.cx.internal.cloudapp.net, ports: [REPLICATION=46447, RATIS=36459, RATIS_ADMIN=36459, RATIS_SERVER=36459, STANDALONE=44577], networkLocation: /default-rack, certSerialId: null, persistedOpState: IN_SERVICE, persistedOpStateExpiryEpochSec: 0}]
2022-07-01 06:36:19,825 [ContainerReplicationThread-1] INFO  replication.DownloadAndImportReplicator (DownloadAndImportReplicator.java:replicate(105)) - Starting replication of container 4 from [9ece8bf6-7d6b-4143-af63-958068d3c465{ip: 10.1.0.14, host: fv-az121-578.oisc35kgwdsevnec4nnef0ad5h.cx.internal.cloudapp.net, ports: [REPLICATION=38811, RATIS=37739, RATIS_ADMIN=37739, RATIS_SERVER=37739, STANDALONE=36031], networkLocation: /default-rack, certSerialId: null, persistedOpState: IN_SERVICE, persistedOpStateExpiryEpochSec: 0}, 8d28a716-810c-49da-9c02-9573d7e4db50{ip: 10.1.0.14, host: fv-az121-578.oisc35kgwdsevnec4nnef0ad5h.cx.internal.cloudapp.net, ports: [REPLICATION=46447, RATIS=36459, RATIS_ADMIN=36459, RATIS_SERVER=36459, STANDALONE=44577], networkLocation: /default-rack, certSerialId: null, persistedOpState: IN_SERVICE, persistedOpStateExpiryEpochSec: 0}]
2022-07-01 06:36:19,852 [ReplicationMonitor] INFO  replication.ReplicationManager (ReplicationManager.java:processAll(260)) - Replication Monitor Thread took 62 milliseconds for processing 6 containers.
2022-07-01 06:36:19,853 [grpc-default-executor-1] INFO  replication.GrpcReplicationService (GrpcReplicationService.java:download(52)) - Streaming container data (3) to other datanode
2022-07-01 06:36:19,866 [grpc-default-executor-3] INFO  replication.GrpcReplicationService (GrpcReplicationService.java:download(52)) - Streaming container data (4) to other datanode
2022-07-01 06:36:19,869 [ContainerReplicationThread-2] INFO  replication.DownloadAndImportReplicator (DownloadAndImportReplicator.java:replicate(105)) - Starting replication of container 6 from [9ece8bf6-7d6b-4143-af63-958068d3c465{ip: 10.1.0.14, host: fv-az121-578.oisc35kgwdsevnec4nnef0ad5h.cx.internal.cloudapp.net, ports: [REPLICATION=38811, RATIS=37739, RATIS_ADMIN=37739, RATIS_SERVER=37739, STANDALONE=36031], networkLocation: /default-rack, certSerialId: null, persistedOpState: IN_SERVICE, persistedOpStateExpiryEpochSec: 0}, 8d28a716-810c-49da-9c02-9573d7e4db50{ip: 10.1.0.14, host: fv-az121-578.oisc35kgwdsevnec4nnef0ad5h.cx.internal.cloudapp.net, ports: [REPLICATION=46447, RATIS=36459, RATIS_ADMIN=36459, RATIS_SERVER=36459, STANDALONE=44577], networkLocation: /default-rack, certSerialId: null, persistedOpState: IN_SERVICE, persistedOpStateExpiryEpochSec: 0}]
2022-07-01 06:36:19,872 [grpc-default-executor-4] INFO  replication.GrpcReplicationService (GrpcReplicationService.java:download(52)) - Streaming container data (6) to other datanode
2022-07-01 06:36:20,036 [grpc-default-executor-3] INFO  replication.GrpcOutputStream (GrpcOutputStream.java:close(104)) - Sent 26945 bytes for container 4
2022-07-01 06:36:20,037 [grpc-default-executor-2] INFO  replication.GrpcReplicationClient (GrpcReplicationClient.java:onCompleted(197)) - Container 4 is downloaded to /home/runner/work/ozone/ozone/hadoop-ozone/integration-test/target/test-dir/MiniOzoneClusterImpl-7502d6fe-9434-4bad-a2d4-af421e375e39/datanode-0/data/replication/work/container-4.tar.gz
2022-07-01 06:36:20,037 [ContainerReplicationThread-1] INFO  replication.DownloadAndImportReplicator (DownloadAndImportReplicator.java:replicate(117)) - Container 4 is downloaded with size 26945, starting to import.
2022-07-01 06:36:20,043 [grpc-default-executor-4] INFO  replication.GrpcOutputStream (GrpcOutputStream.java:close(104)) - Sent 26909 bytes for container 6
2022-07-01 06:36:20,043 [grpc-default-executor-3] INFO  replication.GrpcReplicationClient (GrpcReplicationClient.java:onCompleted(197)) - Container 6 is downloaded to /home/runner/work/ozone/ozone/hadoop-ozone/integration-test/target/test-dir/MiniOzoneClusterImpl-7502d6fe-9434-4bad-a2d4-af421e375e39/datanode-0/data/replication/work/container-6.tar.gz
2022-07-01 06:36:20,053 [ContainerReplicationThread-2] INFO  replication.DownloadAndImportReplicator (DownloadAndImportReplicator.java:replicate(117)) - Container 6 is downloaded with size 26909, starting to import.
2022-07-01 06:36:20,054 [DatanodeAdminManager-0] INFO  node.DatanodeAdminMonitorImpl (DatanodeAdminMonitorImpl.java:run(148)) - There are 1 nodes tracked for decommission and maintenance. 0 pending nodes.
2022-07-01 06:36:20,075 [grpc-default-executor-1] INFO  replication.GrpcOutputStream (GrpcOutputStream.java:close(104)) - Sent 30510 bytes for container 3
2022-07-01 06:36:20,076 [grpc-default-executor-3] INFO  replication.GrpcReplicationClient (GrpcReplicationClient.java:onCompleted(197)) - Container 3 is downloaded to /home/runner/work/ozone/ozone/hadoop-ozone/integration-test/target/test-dir/MiniOzoneClusterImpl-7502d6fe-9434-4bad-a2d4-af421e375e39/datanode-0/data/replication/work/container-3.tar.gz
2022-07-01 06:36:20,076 [ContainerReplicationThread-0] INFO  replication.DownloadAndImportReplicator (DownloadAndImportReplicator.java:replicate(117)) - Container 3 is downloaded with size 30510, starting to import.
2022-07-01 06:36:20,102 [ContainerReplicationThread-2] INFO  replication.DownloadAndImportReplicator (DownloadAndImportReplicator.java:replicate(122)) - Container 6 is replicated successfully
2022-07-01 06:36:20,102 [ContainerReplicationThread-2] INFO  replication.ReplicationSupervisor (ReplicationSupervisor.java:run(176)) - Container 6 is replicated.
2022-07-01 06:36:20,154 [ContainerReplicationThread-1] INFO  replication.DownloadAndImportReplicator (DownloadAndImportReplicator.java:replicate(122)) - Container 4 is replicated successfully
2022-07-01 06:36:20,154 [ContainerReplicationThread-1] INFO  replication.ReplicationSupervisor (ReplicationSupervisor.java:run(176)) - Container 4 is replicated.
2022-07-01 06:36:20,287 [ReplicationMonitor] INFO  replication.LegacyReplicationManager (LegacyReplicationManager.java:forceCloseContainer(1104)) - Force closing container #1 with BCSID 37, which is in QUASI_CLOSED state.
2022-07-01 06:36:20,287 [ReplicationMonitor] INFO  replication.LegacyReplicationManager (LegacyReplicationManager.java:sendCloseCommand(1507)) - Sending close container command for container #1 to datanode d3c2a0de-eb94-47c1-bf63-6feb4e2b4d03{ip: 10.1.0.14, host: fv-az121-578.oisc35kgwdsevnec4nnef0ad5h.cx.internal.cloudapp.net, ports: [REPLICATION=44917, RATIS=45813, RATIS_ADMIN=45813, RATIS_SERVER=45813, STANDALONE=33241], networkLocation: /default-rack, certSerialId: null, persistedOpState: ENTERING_MAINTENANCE, persistedOpStateExpiryEpochSec: 0}.
2022-07-01 06:36:20,288 [ReplicationMonitor] INFO  replication.LegacyReplicationManager (LegacyReplicationManager.java:sendCloseCommand(1507)) - Sending close container command for container #1 to datanode c746d1d4-53da-45d7-b6d9-872d73785f11{ip: 10.1.0.14, host: fv-az121-578.oisc35kgwdsevnec4nnef0ad5h.cx.internal.cloudapp.net, ports: [REPLICATION=38885, RATIS=33989, RATIS_ADMIN=33989, RATIS_SERVER=33989, STANDALONE=44659], networkLocation: /default-rack, certSerialId: null, persistedOpState: IN_SERVICE, persistedOpStateExpiryEpochSec: 0}.
2022-07-01 06:36:20,288 [ReplicationMonitor] INFO  replication.LegacyReplicationManager (LegacyReplicationManager.java:sendCloseCommand(1507)) - Sending close container command for container #1 to datanode 3ef13f00-2e8f-4cf8-b989-4c3a5519d72f{ip: 10.1.0.14, host: fv-az121-578.oisc35kgwdsevnec4nnef0ad5h.cx.internal.cloudapp.net, ports: [REPLICATION=38931, RATIS=37135, RATIS_ADMIN=37135, RATIS_SERVER=37135, STANDALONE=42537], networkLocation: /default-rack, certSerialId: null, persistedOpState: IN_SERVICE, persistedOpStateExpiryEpochSec: 0}.
2022-07-01 06:36:20,288 [ReplicationMonitor] INFO  replication.LegacyReplicationManager (LegacyReplicationManager.java:forceCloseContainer(1104)) - Force closing container #2 with BCSID 29, which is in QUASI_CLOSED state.
2022-07-01 06:36:20,288 [ReplicationMonitor] INFO  replication.LegacyReplicationManager (LegacyReplicationManager.java:sendCloseCommand(1507)) - Sending close container command for container #2 to datanode c746d1d4-53da-45d7-b6d9-872d73785f11{ip: 10.1.0.14, host: fv-az121-578.oisc35kgwdsevnec4nnef0ad5h.cx.internal.cloudapp.net, ports: [REPLICATION=38885, RATIS=33989, RATIS_ADMIN=33989, RATIS_SERVER=33989, STANDALONE=44659], networkLocation: /default-rack, certSerialId: null, persistedOpState: IN_SERVICE, persistedOpStateExpiryEpochSec: 0}.
2022-07-01 06:36:20,288 [ReplicationMonitor] INFO  replication.LegacyReplicationManager (LegacyReplicationManager.java:sendCloseCommand(1507)) - Sending close container command for container #2 to datanode d3c2a0de-eb94-47c1-bf63-6feb4e2b4d03{ip: 10.1.0.14, host: fv-az121-578.oisc35kgwdsevnec4nnef0ad5h.cx.internal.cloudapp.net, ports: [REPLICATION=44917, RATIS=45813, RATIS_ADMIN=45813, RATIS_SERVER=45813, STANDALONE=33241], networkLocation: /default-rack, certSerialId: null, persistedOpState: ENTERING_MAINTENANCE, persistedOpStateExpiryEpochSec: 0}.
2022-07-01 06:36:20,288 [ReplicationMonitor] INFO  replication.LegacyReplicationManager (LegacyReplicationManager.java:sendCloseCommand(1507)) - Sending close container command for container #2 to datanode 3ef13f00-2e8f-4cf8-b989-4c3a5519d72f{ip: 10.1.0.14, host: fv-az121-578.oisc35kgwdsevnec4nnef0ad5h.cx.internal.cloudapp.net, ports: [REPLICATION=38931, RATIS=37135, RATIS_ADMIN=37135, RATIS_SERVER=37135, STANDALONE=42537], networkLocation: /default-rack, certSerialId: null, persistedOpState: IN_SERVICE, persistedOpStateExpiryEpochSec: 0}.
2022-07-01 06:36:20,288 [ReplicationMonitor] INFO  replication.LegacyReplicationManager (LegacyReplicationManager.java:forceCloseContainer(1104)) - Force closing container #3 with BCSID 33, which is in QUASI_CLOSED state.
2022-07-01 06:36:20,288 [ReplicationMonitor] INFO  replication.LegacyReplicationManager (LegacyReplicationManager.java:sendCloseCommand(1507)) - Sending close container command for container #3 to datanode 3ef13f00-2e8f-4cf8-b989-4c3a5519d72f{ip: 10.1.0.14, host: fv-az121-578.oisc35kgwdsevnec4nnef0ad5h.cx.internal.cloudapp.net, ports: [REPLICATION=38931, RATIS=37135, RATIS_ADMIN=37135, RATIS_SERVER=37135, STANDALONE=42537], networkLocation: /default-rack, certSerialId: null, persistedOpState: IN_SERVICE, persistedOpStateExpiryEpochSec: 0}.
2022-07-01 06:36:20,288 [ReplicationMonitor] INFO  replication.LegacyReplicationManager (LegacyReplicationManager.java:sendCloseCommand(1507)) - Sending close container command for container #3 to datanode c746d1d4-53da-45d7-b6d9-872d73785f11{ip: 10.1.0.14, host: fv-az121-578.oisc35kgwdsevnec4nnef0ad5h.cx.internal.cloudapp.net, ports: [REPLICATION=38885, RATIS=33989, RATIS_ADMIN=33989, RATIS_SERVER=33989, STANDALONE=44659], networkLocation: /default-rack, certSerialId: null, persistedOpState: IN_SERVICE, persistedOpStateExpiryEpochSec: 0}.
2022-07-01 06:36:20,288 [ReplicationMonitor] INFO  replication.LegacyReplicationManager (LegacyReplicationManager.java:sendCloseCommand(1507)) - Sending close container command for container #3 to datanode d3c2a0de-eb94-47c1-bf63-6feb4e2b4d03{ip: 10.1.0.14, host: fv-az121-578.oisc35kgwdsevnec4nnef0ad5h.cx.internal.cloudapp.net, ports: [REPLICATION=44917, RATIS=45813, RATIS_ADMIN=45813, RATIS_SERVER=45813, STANDALONE=33241], networkLocation: /default-rack, certSerialId: null, persistedOpState: ENTERING_MAINTENANCE, persistedOpStateExpiryEpochSec: 0}.
2022-07-01 06:36:20,288 [ReplicationMonitor] INFO  replication.ReplicationManager (ReplicationManager.java:processAll(260)) - Replication Monitor Thread took 1 milliseconds for processing 6 containers.
2022-07-01 06:36:20,292 [ContainerReplicationThread-1] INFO  replication.DownloadAndImportReplicator (DownloadAndImportReplicator.java:replicate(105)) - Starting replication of container 1 from [9ece8bf6-7d6b-4143-af63-958068d3c465{ip: 10.1.0.14, host: fv-az121-578.oisc35kgwdsevnec4nnef0ad5h.cx.internal.cloudapp.net, ports: [REPLICATION=38811, RATIS=37739, RATIS_ADMIN=37739, RATIS_SERVER=37739, STANDALONE=36031], networkLocation: /default-rack, certSerialId: null, persistedOpState: IN_SERVICE, persistedOpStateExpiryEpochSec: 0}, 810a7c2f-f328-499d-804a-5e30d42c1343{ip: 10.1.0.14, host: fv-az121-578.oisc35kgwdsevnec4nnef0ad5h.cx.internal.cloudapp.net, ports: [REPLICATION=44445, RATIS=34885, RATIS_ADMIN=34885, RATIS_SERVER=34885, STANDALONE=41881], networkLocation: /default-rack, certSerialId: null, persistedOpState: IN_SERVICE, persistedOpStateExpiryEpochSec: 0}]
2022-07-01 06:36:20,295 [ReplicationMonitor] INFO  replication.ReplicationManager (ReplicationManager.java:processAll(260)) - Replication Monitor Thread took 0 milliseconds for processing 0 containers.
2022-07-01 06:36:20,301 [ContainerReplicationThread-0] INFO  replication.DownloadAndImportReplicator (DownloadAndImportReplicator.java:replicate(122)) - Container 3 is replicated successfully
2022-07-01 06:36:20,301 [ContainerReplicationThread-0] INFO  replication.ReplicationSupervisor (ReplicationSupervisor.java:run(176)) - Container 3 is replicated.
2022-07-01 06:36:20,301 [ContainerReplicationThread-2] INFO  replication.DownloadAndImportReplicator (DownloadAndImportReplicator.java:replicate(105)) - Starting replication of container 5 from [9ece8bf6-7d6b-4143-af63-958068d3c465{ip: 10.1.0.14, host: fv-az121-578.oisc35kgwdsevnec4nnef0ad5h.cx.internal.cloudapp.net, ports: [REPLICATION=38811, RATIS=37739, RATIS_ADMIN=37739, RATIS_SERVER=37739, STANDALONE=36031], networkLocation: /default-rack, certSerialId: null, persistedOpState: IN_SERVICE, persistedOpStateExpiryEpochSec: 0}, 810a7c2f-f328-499d-804a-5e30d42c1343{ip: 10.1.0.14, host: fv-az121-578.oisc35kgwdsevnec4nnef0ad5h.cx.internal.cloudapp.net, ports: [REPLICATION=44445, RATIS=34885, RATIS_ADMIN=34885, RATIS_SERVER=34885, STANDALONE=41881], networkLocation: /default-rack, certSerialId: null, persistedOpState: IN_SERVICE, persistedOpStateExpiryEpochSec: 0}]
2022-07-01 06:36:20,305 [grpc-default-executor-3] INFO  replication.GrpcReplicationService (GrpcReplicationService.java:download(52)) - Streaming container data (1) to other datanode
2022-07-01 06:36:20,337 [grpc-default-executor-1] INFO  replication.GrpcReplicationService (GrpcReplicationService.java:download(52)) - Streaming container data (5) to other datanode
2022-07-01 06:36:20,624 [grpc-default-executor-3] INFO  replication.GrpcOutputStream (GrpcOutputStream.java:close(104)) - Sent 27000 bytes for container 1
2022-07-01 06:36:20,670 [grpc-default-executor-4] INFO  replication.GrpcReplicationClient (GrpcReplicationClient.java:onCompleted(197)) - Container 1 is downloaded to /home/runner/work/ozone/ozone/hadoop-ozone/integration-test/target/test-dir/MiniOzoneClusterImpl-7502d6fe-9434-4bad-a2d4-af421e375e39/datanode-4/data/replication/work/container-1.tar.gz
2022-07-01 06:36:20,676 [ContainerReplicationThread-1] INFO  replication.DownloadAndImportReplicator (DownloadAndImportReplicator.java:replicate(117)) - Container 1 is downloaded with size 27000, starting to import.
2022-07-01 06:36:20,682 [grpc-default-executor-1] INFO  replication.GrpcOutputStream (GrpcOutputStream.java:close(104)) - Sent 26808 bytes for container 5
2022-07-01 06:36:20,683 [grpc-default-executor-4] INFO  replication.GrpcReplicationClient (GrpcReplicationClient.java:onCompleted(197)) - Container 5 is downloaded to /home/runner/work/ozone/ozone/hadoop-ozone/integration-test/target/test-dir/MiniOzoneClusterImpl-7502d6fe-9434-4bad-a2d4-af421e375e39/datanode-4/data/replication/work/container-5.tar.gz
2022-07-01 06:36:20,683 [ContainerReplicationThread-2] INFO  replication.DownloadAndImportReplicator (DownloadAndImportReplicator.java:replicate(117)) - Container 5 is downloaded with size 26808, starting to import.
2022-07-01 06:36:20,745 [ReplicationMonitor] INFO  replication.ReplicationManager (ReplicationManager.java:processAll(227)) - Replication Manager is not ready to run until 3000ms after safemode exit
2022-07-01 06:36:20,798 [ContainerReplicationThread-2] INFO  replication.DownloadAndImportReplicator (DownloadAndImportReplicator.java:replicate(122)) - Container 5 is replicated successfully
2022-07-01 06:36:20,799 [ContainerReplicationThread-2] INFO  replication.ReplicationSupervisor (ReplicationSupervisor.java:run(176)) - Container 5 is replicated.
2022-07-01 06:36:20,828 [IPC Server handler 15 on default port 44289] INFO  node.SCMNodeManager (SCMNodeManager.java:updateDatanodeOpState(545)) - Scheduling a command to update the operationalState persisted on d3c2a0de-eb94-47c1-bf63-6feb4e2b4d03{ip: 10.1.0.14, host: fv-az121-578.oisc35kgwdsevnec4nnef0ad5h.cx.internal.cloudapp.net, ports: [REPLICATION=44917, RATIS=45813, RATIS_ADMIN=45813, RATIS_SERVER=45813, STANDALONE=33241], networkLocation: /default-rack, certSerialId: null, persistedOpState: ENTERING_MAINTENANCE, persistedOpStateExpiryEpochSec: 0} as the reported value does not match the value stored in SCM (IN_MAINTENANCE, 0)
2022-07-01 06:36:20,853 [ReplicationMonitor] INFO  replication.ReplicationManager (ReplicationManager.java:processAll(260)) - Replication Monitor Thread took 1 milliseconds for processing 6 containers.
2022-07-01 06:36:20,877 [ContainerReplicationThread-1] INFO  replication.DownloadAndImportReplicator (DownloadAndImportReplicator.java:replicate(122)) - Container 1 is replicated successfully
2022-07-01 06:36:20,877 [ContainerReplicationThread-1] INFO  replication.ReplicationSupervisor (ReplicationSupervisor.java:run(176)) - Container 1 is replicated.
2022-07-01 06:36:20,883 [ForkJoinPool.commonPool-worker-1] INFO  ozoneimpl.OzoneContainer (OzoneContainer.java:stop(365)) - Attempting to stop container services.
2022-07-01 06:36:20,886 [ForkJoinPool.commonPool-worker-1] INFO  server.RaftServer (RaftServerProxy.java:lambda$close$7(398)) - 9ece8bf6-7d6b-4143-af63-958068d3c465: close
2022-07-01 06:36:20,886 [ForkJoinPool.commonPool-worker-1] INFO  server.RaftServer$Division (RaftServerImpl.java:lambda$close$4(434)) - 9ece8bf6-7d6b-4143-af63-958068d3c465@group-404C2272ADBF: shutdown
2022-07-01 06:36:20,887 [ForkJoinPool.commonPool-worker-1] INFO  util.JmxRegister (JmxRegister.java:unregister(73)) - Successfully un-registered JMX Bean with object name Ratis:service=RaftServer,group=group-404C2272ADBF,id=9ece8bf6-7d6b-4143-af63-958068d3c465
2022-07-01 06:36:20,887 [ForkJoinPool.commonPool-worker-1] INFO  impl.RoleInfo (RoleInfo.java:shutdownLeaderState(93)) - 9ece8bf6-7d6b-4143-af63-958068d3c465: shutdown 9ece8bf6-7d6b-4143-af63-958068d3c465@group-404C2272ADBF-LeaderStateImpl
2022-07-01 06:36:20,887 [ForkJoinPool.commonPool-worker-1] INFO  impl.PendingRequests (PendingRequests.java:sendNotLeaderResponses(282)) - 9ece8bf6-7d6b-4143-af63-958068d3c465@group-404C2272ADBF-PendingRequests: sendNotLeaderResponses
2022-07-01 06:36:20,887 [ForkJoinPool.commonPool-worker-1] INFO  impl.StateMachineUpdater (StateMachineUpdater.java:stopAndJoin(153)) - 9ece8bf6-7d6b-4143-af63-958068d3c465@group-404C2272ADBF-StateMachineUpdater: set stopIndex = 0
2022-07-01 06:36:20,888 [9ece8bf6-7d6b-4143-af63-958068d3c465@group-404C2272ADBF-StateMachineUpdater] INFO  ratis.ContainerStateMachine (ContainerStateMachine.java:takeSnapshot(304)) - group-404C2272ADBF: Taking a snapshot at:(t:1, i:0) file /home/runner/work/ozone/ozone/hadoop-ozone/integration-test/target/test-dir/MiniOzoneClusterImpl-7502d6fe-9434-4bad-a2d4-af421e375e39/datanode-2/data/ratis/f7865b53-f27f-452d-859a-404c2272adbf/sm/snapshot.1_0
2022-07-01 06:36:20,889 [9ece8bf6-7d6b-4143-af63-958068d3c465@group-404C2272ADBF-StateMachineUpdater] INFO  ratis.ContainerStateMachine (ContainerStateMachine.java:takeSnapshot(315)) - group-404C2272ADBF: Finished taking a snapshot at:(t:1, i:0) file:/home/runner/work/ozone/ozone/hadoop-ozone/integration-test/target/test-dir/MiniOzoneClusterImpl-7502d6fe-9434-4bad-a2d4-af421e375e39/datanode-2/data/ratis/f7865b53-f27f-452d-859a-404c2272adbf/sm/snapshot.1_0 took: 2 ms
2022-07-01 06:36:20,889 [9ece8bf6-7d6b-4143-af63-958068d3c465@group-404C2272ADBF-StateMachineUpdater] INFO  impl.StateMachineUpdater (StateMachineUpdater.java:takeSnapshot(287)) - 9ece8bf6-7d6b-4143-af63-958068d3c465@group-404C2272ADBF-StateMachineUpdater: Took a snapshot at index 0
2022-07-01 06:36:20,890 [9ece8bf6-7d6b-4143-af63-958068d3c465@group-404C2272ADBF-StateMachineUpdater] INFO  impl.StateMachineUpdater (StateMachineUpdater.java:lambda$new$0(92)) - 9ece8bf6-7d6b-4143-af63-958068d3c465@group-404C2272ADBF-StateMachineUpdater: snapshotIndex: updateIncreasingly -1 -> 0
2022-07-01 06:36:20,890 [ForkJoinPool.commonPool-worker-1] INFO  server.RaftServer$Division (ServerState.java:close(429)) - 9ece8bf6-7d6b-4143-af63-958068d3c465@group-404C2272ADBF: closes. applyIndex: 0
2022-07-01 06:36:20,890 [9ece8bf6-7d6b-4143-af63-958068d3c465@group-404C2272ADBF-SegmentedRaftLogWorker] INFO  segmented.SegmentedRaftLogWorker (SegmentedRaftLogWorker.java:run(336)) - 9ece8bf6-7d6b-4143-af63-958068d3c465@group-404C2272ADBF-SegmentedRaftLogWorker was interrupted, exiting. There are 0 tasks remaining in the queue.
2022-07-01 06:36:20,890 [ForkJoinPool.commonPool-worker-1] INFO  segmented.SegmentedRaftLogWorker (SegmentedRaftLogWorker.java:close(246)) - 9ece8bf6-7d6b-4143-af63-958068d3c465@group-404C2272ADBF-SegmentedRaftLogWorker close()
2022-07-01 06:36:20,890 [ForkJoinPool.commonPool-worker-1] INFO  server.GrpcService (GrpcService.java:closeImpl(269)) - 9ece8bf6-7d6b-4143-af63-958068d3c465: shutdown server with port 37739 now
2022-07-01 06:36:20,892 [grpc-default-executor-1] WARN  server.GrpcClientProtocolService (LogUtils.java:warn(122)) - 1-UnorderedRequestStreamObserver1: onError: org.apache.ratis.thirdparty.io.grpc.StatusRuntimeException: CANCELLED: client cancelled
2022-07-01 06:36:20,914 [Listener at 127.0.0.1/40159] INFO  handler.ContextHandler (ContextHandler.java:doStart(915)) - Started o.e.j.w.WebAppContext@41555bdc{hddsDatanode,/,file:///tmp/jetty-0_0_0_0-36289-hdds-container-service-1_3_0-SNAPSHOT_jar-_-any-4340257168854884645/webapp/,AVAILABLE}{jar:file:/home/runner/.m2/repository/org/apache/ozone/hdds-container-service/1.3.0-SNAPSHOT/hdds-container-service-1.3.0-SNAPSHOT.jar!/webapps/hddsDatanode}
2022-07-01 06:36:20,928 [Listener at 127.0.0.1/40159] INFO  server.AbstractConnector (AbstractConnector.java:doStart(331)) - Started ServerConnector@46d9fc60{HTTP/1.1, (http/1.1)}{0.0.0.0:36289}
2022-07-01 06:36:20,928 [Listener at 127.0.0.1/40159] INFO  server.Server (Server.java:doStart(415)) - Started @196975ms
2022-07-01 06:36:20,928 [Listener at 127.0.0.1/40159] WARN  impl.MetricsSystemImpl (MetricsSystemImpl.java:register(279)) - Sink prometheus already exists!
2022-07-01 06:36:20,933 [Listener at 127.0.0.1/40159] INFO  http.BaseHttpServer (BaseHttpServer.java:updateConnectorAddress(329)) - HTTP server of hddsDatanode listening at http://0.0.0.0:36289
2022-07-01 06:36:20,933 [Listener at 127.0.0.1/40159] WARN  impl.MetricRegistriesImpl (MetricRegistriesImpl.java:addReporterRegistration(111)) - New reporters are added after registries were created. Some metrics will be missing from the reporter. Please add reporter before adding any new registry.
2022-07-01 06:36:20,933 [Listener at 127.0.0.1/40159] WARN  impl.MetricRegistriesImpl (MetricRegistriesImpl.java:addReporterRegistration(111)) - New reporters are added after registries were created. Some metrics will be missing from the reporter. Please add reporter before adding any new registry.
2022-07-01 06:36:20,933 [Listener at 127.0.0.1/40159] INFO  impl.MetricsSystemImpl (MetricsSystemImpl.java:init(158)) - HddsDatanode metrics system started (again)
2022-07-01 06:36:20,957 [ForkJoinPool.commonPool-worker-1] INFO  server.GrpcService (GrpcService.java:closeImpl(278)) - 9ece8bf6-7d6b-4143-af63-958068d3c465: shutdown server with port 37739 successfully
2022-07-01 06:36:20,958 [Datanode State Machine Daemon Thread] INFO  statemachine.DatanodeStateMachine (DatanodeStateMachine.java:lambda$startDaemon$0(492)) - Ozone container server started.
2022-07-01 06:36:20,960 [Command processor thread] INFO  keyvalue.KeyValueContainer (KeyValueContainer.java:flushAndSyncDB(431)) - Container 1 is synced with bcsId 37.
2022-07-01 06:36:20,960 [Command processor thread] INFO  keyvalue.KeyValueContainer (KeyValueContainer.java:flushAndSyncDB(431)) - Container 1 is synced with bcsId 37.
2022-07-01 06:36:20,961 [Command processor thread] INFO  keyvalue.KeyValueContainer (KeyValueContainer.java:close(346)) - Container 1 is closed with bcsId 37.
2022-07-01 06:36:20,966 [FixedThreadPoolWithAffinityExecutor-0-0] INFO  container.IncrementalContainerReportHandler (AbstractContainerReportHandler.java:updateContainerState(314)) - Moving container #1 to CLOSED state, datanode 3ef13f00-2e8f-4cf8-b989-4c3a5519d72f{ip: 10.1.0.14, host: fv-az121-578.oisc35kgwdsevnec4nnef0ad5h.cx.internal.cloudapp.net, ports: [REPLICATION=38931, RATIS=37135, RATIS_ADMIN=37135, RATIS_SERVER=37135, STANDALONE=42537], networkLocation: /default-rack, certSerialId: null, persistedOpState: IN_SERVICE, persistedOpStateExpiryEpochSec: 0} reported CLOSED replica.
2022-07-01 06:36:20,980 [org.apache.ratis.util.JvmPauseMonitor$$Lambda$706/2098851404@54162246] INFO  util.JvmPauseMonitor (JvmPauseMonitor.java:run(109)) - JvmPauseMonitor-9ece8bf6-7d6b-4143-af63-958068d3c465: Stopped
2022-07-01 06:36:21,007 [Command processor thread] INFO  keyvalue.KeyValueContainer (KeyValueContainer.java:flushAndSyncDB(431)) - Container 1 is synced with bcsId 37.
2022-07-01 06:36:21,007 [Command processor thread] INFO  keyvalue.KeyValueContainer (KeyValueContainer.java:flushAndSyncDB(431)) - Container 1 is synced with bcsId 37.
2022-07-01 06:36:21,012 [Listener at 127.0.0.1/40159] INFO  ozone.HddsDatanodeService (HddsDatanodeService.java:start(236)) - HddsDatanodeService host:fv-az121-578.oisc35kgwdsevnec4nnef0ad5h.cx.internal.cloudapp.net ip:10.1.0.14
2022-07-01 06:36:21,052 [DatanodeAdminManager-0] INFO  node.DatanodeAdminMonitorImpl (DatanodeAdminMonitorImpl.java:run(148)) - There are 1 nodes tracked for decommission and maintenance. 0 pending nodes.
2022-07-01 06:36:21,060 [Command processor thread] INFO  keyvalue.KeyValueContainer (KeyValueContainer.java:close(346)) - Container 1 is closed with bcsId 37.
2022-07-01 06:36:21,109 [Command processor thread] INFO  keyvalue.KeyValueContainer (KeyValueContainer.java:flushAndSyncDB(431)) - Container 2 is synced with bcsId 29.
2022-07-01 06:36:21,109 [Command processor thread] INFO  keyvalue.KeyValueContainer (KeyValueContainer.java:flushAndSyncDB(431)) - Container 2 is synced with bcsId 29.
2022-07-01 06:36:21,110 [Command processor thread] INFO  keyvalue.KeyValueContainer (KeyValueContainer.java:close(346)) - Container 2 is closed with bcsId 29.
2022-07-01 06:36:21,154 [FixedThreadPoolWithAffinityExecutor-9-0] INFO  container.IncrementalContainerReportHandler (AbstractContainerReportHandler.java:updateContainerState(314)) - Moving container #2 to CLOSED state, datanode 3ef13f00-2e8f-4cf8-b989-4c3a5519d72f{ip: 10.1.0.14, host: fv-az121-578.oisc35kgwdsevnec4nnef0ad5h.cx.internal.cloudapp.net, ports: [REPLICATION=38931, RATIS=37135, RATIS_ADMIN=37135, RATIS_SERVER=37135, STANDALONE=42537], networkLocation: /default-rack, certSerialId: null, persistedOpState: IN_SERVICE, persistedOpStateExpiryEpochSec: 0} reported CLOSED replica.
2022-07-01 06:36:21,189 [Listener at 127.0.0.1/40159] INFO  upgrade.AbstractLayoutVersionManager (AbstractLayoutVersionManager.java:init(82)) - Initializing Layout version manager with metadata layout = DATANODE_SCHEMA_V3 (version = 4), software layout = DATANODE_SCHEMA_V3 (version = 4)
2022-07-01 06:36:21,249 [Command processor thread] INFO  keyvalue.KeyValueContainer (KeyValueContainer.java:flushAndSyncDB(431)) - Container 2 is synced with bcsId 29.
2022-07-01 06:36:21,249 [Command processor thread] INFO  keyvalue.KeyValueContainer (KeyValueContainer.java:flushAndSyncDB(431)) - Container 2 is synced with bcsId 29.
2022-07-01 06:36:21,250 [Command processor thread] INFO  keyvalue.KeyValueContainer (KeyValueContainer.java:close(346)) - Container 2 is closed with bcsId 29.
2022-07-01 06:36:21,251 [org.apache.hadoop.util.JvmPauseMonitor$Monitor@8f2faea] INFO  util.JvmPauseMonitor (JvmPauseMonitor.java:run(188)) - Starting JVM pause monitor
2022-07-01 06:36:21,257 [Datanode State Machine Task Thread - 0] INFO  datanode.InitDatanodeState (InitDatanodeState.java:persistContainerDatanodeDetails(138)) - DatanodeDetails is persisted to /home/runner/work/ozone/ozone/hadoop-ozone/integration-test/target/test-dir/MiniOzoneClusterImpl-bc7ab851-61db-4e9a-86cd-3d27c2668616/datanode-3/meta/datanode.id
2022-07-01 06:36:21,272 [EndpointStateMachine task thread for /0.0.0.0:44353 - 0 ] INFO  volume.HddsVolume (HddsVolume.java:createDbStore(309)) - SchemaV3 db is created and loaded at /home/runner/work/ozone/ozone/hadoop-ozone/integration-test/target/test-dir/MiniOzoneClusterImpl-bc7ab851-61db-4e9a-86cd-3d27c2668616/datanode-2/data-0/containers/hdds/bc7ab851-61db-4e9a-86cd-3d27c2668616/DS-3a6ccb8f-c6eb-467c-873e-8e1c0bc0c9f3/container.db for volume DS-3a6ccb8f-c6eb-467c-873e-8e1c0bc0c9f3
2022-07-01 06:36:21,273 [EndpointStateMachine task thread for /0.0.0.0:44353 - 0 ] INFO  volume.HddsVolume (HddsVolume.java:closeDbStore(340)) - SchemaV3 db is stopped at /home/runner/work/ozone/ozone/hadoop-ozone/integration-test/target/test-dir/MiniOzoneClusterImpl-bc7ab851-61db-4e9a-86cd-3d27c2668616/datanode-2/data-0/containers/hdds/bc7ab851-61db-4e9a-86cd-3d27c2668616/DS-3a6ccb8f-c6eb-467c-873e-8e1c0bc0c9f3/container.db for volume DS-3a6ccb8f-c6eb-467c-873e-8e1c0bc0c9f3
2022-07-01 06:36:21,273 [EndpointStateMachine task thread for /0.0.0.0:44353 - 0 ] INFO  ozoneimpl.OzoneContainer (OzoneContainer.java:start(344)) - Attempting to start container services.
2022-07-01 06:36:21,273 [EndpointStateMachine task thread for /0.0.0.0:44353 - 0 ] INFO  ozoneimpl.OzoneContainer (OzoneContainer.java:startContainerScrub(279)) - Background container scanner has been disabled.
2022-07-01 06:36:21,289 [ReplicationMonitor] INFO  replication.LegacyReplicationManager (LegacyReplicationManager.java:forceCloseContainer(1104)) - Force closing container #3 with BCSID 33, which is in QUASI_CLOSED state.
2022-07-01 06:36:21,289 [ReplicationMonitor] INFO  replication.LegacyReplicationManager (LegacyReplicationManager.java:sendCloseCommand(1507)) - Sending close container command for container #3 to datanode 3ef13f00-2e8f-4cf8-b989-4c3a5519d72f{ip: 10.1.0.14, host: fv-az121-578.oisc35kgwdsevnec4nnef0ad5h.cx.internal.cloudapp.net, ports: [REPLICATION=38931, RATIS=37135, RATIS_ADMIN=37135, RATIS_SERVER=37135, STANDALONE=42537], networkLocation: /default-rack, certSerialId: null, persistedOpState: IN_SERVICE, persistedOpStateExpiryEpochSec: 0}.
2022-07-01 06:36:21,289 [ReplicationMonitor] INFO  replication.LegacyReplicationManager (LegacyReplicationManager.java:sendCloseCommand(1507)) - Sending close container command for container #3 to datanode c746d1d4-53da-45d7-b6d9-872d73785f11{ip: 10.1.0.14, host: fv-az121-578.oisc35kgwdsevnec4nnef0ad5h.cx.internal.cloudapp.net, ports: [REPLICATION=38885, RATIS=33989, RATIS_ADMIN=33989, RATIS_SERVER=33989, STANDALONE=44659], networkLocation: /default-rack, certSerialId: null, persistedOpState: IN_SERVICE, persistedOpStateExpiryEpochSec: 0}.
2022-07-01 06:36:21,289 [ReplicationMonitor] INFO  replication.LegacyReplicationManager (LegacyReplicationManager.java:sendCloseCommand(1507)) - Sending close container command for container #3 to datanode d3c2a0de-eb94-47c1-bf63-6feb4e2b4d03{ip: 10.1.0.14, host: fv-az121-578.oisc35kgwdsevnec4nnef0ad5h.cx.internal.cloudapp.net, ports: [REPLICATION=44917, RATIS=45813, RATIS_ADMIN=45813, RATIS_SERVER=45813, STANDALONE=33241], networkLocation: /default-rack, certSerialId: null, persistedOpState: ENTERING_MAINTENANCE, persistedOpStateExpiryEpochSec: 0}.
2022-07-01 06:36:21,289 [ReplicationMonitor] INFO  replication.ReplicationManager (ReplicationManager.java:processAll(260)) - Replication Monitor Thread took 1 milliseconds for processing 6 containers.
2022-07-01 06:36:21,295 [ReplicationMonitor] INFO  replication.ReplicationManager (ReplicationManager.java:processAll(260)) - Replication Monitor Thread took 0 milliseconds for processing 0 containers.
2022-07-01 06:36:21,306 [EndpointStateMachine task thread for /0.0.0.0:44353 - 0 ] INFO  replication.ReplicationServer (ReplicationServer.java:start(111)) - ReplicationServer is started using port 36577
2022-07-01 06:36:21,331 [Command processor thread] INFO  keyvalue.KeyValueContainer (KeyValueContainer.java:flushAndSyncDB(431)) - Container 3 is synced with bcsId 33.
2022-07-01 06:36:21,331 [Command processor thread] INFO  keyvalue.KeyValueContainer (KeyValueContainer.java:flushAndSyncDB(431)) - Container 3 is synced with bcsId 33.
2022-07-01 06:36:21,336 [Command processor thread] INFO  keyvalue.KeyValueContainer (KeyValueContainer.java:flushAndSyncDB(431)) - Container 3 is synced with bcsId 33.
2022-07-01 06:36:21,336 [Command processor thread] INFO  keyvalue.KeyValueContainer (KeyValueContainer.java:flushAndSyncDB(431)) - Container 3 is synced with bcsId 33.
2022-07-01 06:36:21,339 [EndpointStateMachine task thread for /0.0.0.0:44353 - 0 ] INFO  ratis.XceiverServerRatis (XceiverServerRatis.java:start(481)) - Starting XceiverServerRatis bac048e2-3d27-4fb1-be0c-174536097345
2022-07-01 06:36:21,342 [Command processor thread] INFO  keyvalue.KeyValueContainer (KeyValueContainer.java:close(346)) - Container 3 is closed with bcsId 33.
2022-07-01 06:36:21,388 [Command processor thread] INFO  keyvalue.KeyValueContainer (KeyValueContainer.java:close(346)) - Container 3 is closed with bcsId 33.
2022-07-01 06:36:21,412 [Listener at 127.0.0.1/40159] INFO  reflections.Reflections (Reflections.java:scan(232)) - Reflections took 222 ms to scan 7 urls, producing 132 keys and 317 values 
2022-07-01 06:36:21,417 [Listener at 127.0.0.1/40159] INFO  statemachine.DatanodeStateMachine (DatanodeStateMachine.java:getEndPointTaskThreadPoolSize(237)) - Datanode State Machine Task Thread Pool size 2
2022-07-01 06:36:21,431 [EndpointStateMachine task thread for /0.0.0.0:44353 - 0 ] INFO  server.RaftServer (RaftServerProxy.java:lambda$start$6(382)) - bac048e2-3d27-4fb1-be0c-174536097345: start RPC server
2022-07-01 06:36:21,431 [EndpointStateMachine task thread for /0.0.0.0:44353 - 0 ] INFO  server.GrpcService (GrpcService.java:startImpl(260)) - bac048e2-3d27-4fb1-be0c-174536097345: GrpcService started, listening on 46171
2022-07-01 06:36:21,432 [IPC Server handler 4 on default port 44353] INFO  net.NetworkTopologyImpl (NetworkTopologyImpl.java:add(112)) - Added a new node: /default-rack/515cf234-40f0-4d42-b2bb-fba6d8db5cc1
2022-07-01 06:36:21,432 [IPC Server handler 4 on default port 44353] INFO  node.SCMNodeManager (SCMNodeManager.java:register(397)) - Registered Data node : 515cf234-40f0-4d42-b2bb-fba6d8db5cc1{ip: 10.1.0.14, host: fv-az121-578.oisc35kgwdsevnec4nnef0ad5h.cx.internal.cloudapp.net, ports: [REPLICATION=35167, RATIS=37843, RATIS_ADMIN=37843, RATIS_SERVER=37843, STANDALONE=34023], networkLocation: /default-rack, certSerialId: null, persistedOpState: null, persistedOpStateExpiryEpochSec: 0}
2022-07-01 06:36:21,432 [FixedThreadPoolWithAffinityExecutor-1-0] INFO  container.IncrementalContainerReportHandler (AbstractContainerReportHandler.java:updateContainerState(314)) - Moving container #3 to CLOSED state, datanode 3ef13f00-2e8f-4cf8-b989-4c3a5519d72f{ip: 10.1.0.14, host: fv-az121-578.oisc35kgwdsevnec4nnef0ad5h.cx.internal.cloudapp.net, ports: [REPLICATION=38931, RATIS=37135, RATIS_ADMIN=37135, RATIS_SERVER=37135, STANDALONE=42537], networkLocation: /default-rack, certSerialId: null, persistedOpState: IN_SERVICE, persistedOpStateExpiryEpochSec: 0} reported CLOSED replica.
2022-07-01 06:36:21,432 [EndpointStateMachine task thread for /0.0.0.0:44353 - 0 ] INFO  ratis.XceiverServerRatis (XceiverServerRatis.java:getRealPort(502)) - XceiverServerRatis bac048e2-3d27-4fb1-be0c-174536097345 is started using port 46171 for RATIS
2022-07-01 06:36:21,432 [EndpointStateMachine task thread for /0.0.0.0:44353 - 0 ] INFO  ratis.XceiverServerRatis (XceiverServerRatis.java:getRealPort(502)) - XceiverServerRatis bac048e2-3d27-4fb1-be0c-174536097345 is started using port 46171 for RATIS_ADMIN
2022-07-01 06:36:21,432 [EndpointStateMachine task thread for /0.0.0.0:44353 - 0 ] INFO  ratis.XceiverServerRatis (XceiverServerRatis.java:getRealPort(502)) - XceiverServerRatis bac048e2-3d27-4fb1-be0c-174536097345 is started using port 46171 for RATIS_SERVER
2022-07-01 06:36:21,433 [EndpointStateMachine task thread for /0.0.0.0:44353 - 0 ] INFO  server.XceiverServerGrpc (XceiverServerGrpc.java:start(180)) - XceiverServerGrpc bac048e2-3d27-4fb1-be0c-174536097345 is started using port 39869
2022-07-01 06:36:21,464 [EventQueue-NewNodeForNewNodeHandler] INFO  pipeline.BackgroundPipelineCreator (BackgroundPipelineCreator.java:notifyEventTriggered(275)) - trigger a one-shot run on RatisPipelineUtilsThread.
2022-07-01 06:36:21,464 [Listener at 127.0.0.1/40159] INFO  volume.HddsVolume (HddsVolume.java:<init>(116)) - Creating HddsVolume: /home/runner/work/ozone/ozone/hadoop-ozone/integration-test/target/test-dir/MiniOzoneClusterImpl-bc7ab851-61db-4e9a-86cd-3d27c2668616/datanode-4/data-0/containers/hdds of storage type : DISK capacity : 9223372036854775807
2022-07-01 06:36:21,465 [RatisPipelineUtilsThread - 0] INFO  pipeline.RatisPipelineProvider (RatisPipelineProvider.java:lambda$create$0(195)) - Sending CreatePipelineCommand for pipeline:PipelineID=42d94be3-e59a-42f1-b6e1-918eb5486af1 to datanode:515cf234-40f0-4d42-b2bb-fba6d8db5cc1
2022-07-01 06:36:21,465 [Listener at 127.0.0.1/40159] INFO  volume.MutableVolumeSet (MutableVolumeSet.java:initializeVolumeSet(174)) - Added Volume : /home/runner/work/ozone/ozone/hadoop-ozone/integration-test/target/test-dir/MiniOzoneClusterImpl-bc7ab851-61db-4e9a-86cd-3d27c2668616/datanode-4/data-0/containers/hdds to VolumeSet
2022-07-01 06:36:21,465 [Listener at 127.0.0.1/40159] INFO  volume.ThrottledAsyncChecker (ThrottledAsyncChecker.java:schedule(141)) - Scheduling a check for /home/runner/work/ozone/ozone/hadoop-ozone/integration-test/target/test-dir/MiniOzoneClusterImpl-bc7ab851-61db-4e9a-86cd-3d27c2668616/datanode-4/data-0/containers/hdds
2022-07-01 06:36:21,468 [org.apache.ratis.util.JvmPauseMonitor$$Lambda$706/2098851404@3c782eb7] INFO  util.JvmPauseMonitor (JvmPauseMonitor.java:run(103)) - JvmPauseMonitor-bac048e2-3d27-4fb1-be0c-174536097345: Started
2022-07-01 06:36:21,468 [EventQueue-NodeRegistrationContainerReportForDataNodeSafeModeRule] INFO  safemode.SCMSafeModeManager (DataNodeSafeModeRule.java:process(71)) - SCM in safe mode. 2 DataNodes registered, 3 required.
2022-07-01 06:36:21,470 [Listener at 127.0.0.1/40159] INFO  volume.StorageVolumeChecker (StorageVolumeChecker.java:checkAllVolumes(202)) - Scheduled health check for volume /home/runner/work/ozone/ozone/hadoop-ozone/integration-test/target/test-dir/MiniOzoneClusterImpl-bc7ab851-61db-4e9a-86cd-3d27c2668616/datanode-4/data-0/containers/hdds
2022-07-01 06:36:21,473 [RatisPipelineUtilsThread - 0] INFO  pipeline.PipelineStateManagerImpl (PipelineStateManagerImpl.java:addPipeline(101)) - Created pipeline Pipeline[ Id: 42d94be3-e59a-42f1-b6e1-918eb5486af1, Nodes: 515cf234-40f0-4d42-b2bb-fba6d8db5cc1{ip: 10.1.0.14, host: fv-az121-578.oisc35kgwdsevnec4nnef0ad5h.cx.internal.cloudapp.net, ports: [REPLICATION=35167, RATIS=37843, RATIS_ADMIN=37843, RATIS_SERVER=37843, STANDALONE=34023], networkLocation: /default-rack, certSerialId: null, persistedOpState: IN_SERVICE, persistedOpStateExpiryEpochSec: 0}, ReplicationConfig: RATIS/ONE, State:ALLOCATED, leaderId:, CreationTimestamp2022-07-01T06:36:21.465Z[Etc/UTC]].
2022-07-01 06:36:21,482 [Listener at 127.0.0.1/40159] INFO  volume.MutableVolumeSet (MutableVolumeSet.java:initializeVolumeSet(174)) - Added Volume : /home/runner/work/ozone/ozone/hadoop-ozone/integration-test/target/test-dir/MiniOzoneClusterImpl-bc7ab851-61db-4e9a-86cd-3d27c2668616/datanode-4/data/ratis to VolumeSet
2022-07-01 06:36:21,482 [Listener at 127.0.0.1/40159] INFO  volume.ThrottledAsyncChecker (ThrottledAsyncChecker.java:schedule(141)) - Scheduling a check for /home/runner/work/ozone/ozone/hadoop-ozone/integration-test/target/test-dir/MiniOzoneClusterImpl-bc7ab851-61db-4e9a-86cd-3d27c2668616/datanode-4/data/ratis
2022-07-01 06:36:21,483 [Listener at 127.0.0.1/40159] INFO  volume.StorageVolumeChecker (StorageVolumeChecker.java:checkAllVolumes(202)) - Scheduled health check for volume /home/runner/work/ozone/ozone/hadoop-ozone/integration-test/target/test-dir/MiniOzoneClusterImpl-bc7ab851-61db-4e9a-86cd-3d27c2668616/datanode-4/data/ratis
2022-07-01 06:36:21,555 [Thread-3824] INFO  ozoneimpl.ContainerReader (ContainerReader.java:readVolume(172)) - Finish verifying containers on volume /home/runner/work/ozone/ozone/hadoop-ozone/integration-test/target/test-dir/MiniOzoneClusterImpl-bc7ab851-61db-4e9a-86cd-3d27c2668616/datanode-4/data-0/containers/hdds
2022-07-01 06:36:21,555 [Listener at 127.0.0.1/40159] INFO  ozoneimpl.OzoneContainer (OzoneContainer.java:buildContainerSet(266)) - Build ContainerSet costs 0s
2022-07-01 06:36:21,556 [Listener at 127.0.0.1/40159] INFO  server.RaftServer (ConfUtils.java:logGet(46)) - raft.rpc.type = GRPC (default)
2022-07-01 06:36:21,556 [Listener at 127.0.0.1/40159] INFO  grpc.GrpcFactory (GrpcFactory.java:checkPooledByteBufAllocatorUseCacheForAllThreads(48)) - PERFORMANCE WARNING: useCacheForAllThreads is true that may cause Netty to create a lot garbage objects and, as a result, trigger GC.
	It is recommended to disable useCacheForAllThreads by setting -Dorg.apache.ratis.thirdparty.io.netty.allocator.useCacheForAllThreads=false in command line.
2022-07-01 06:36:21,556 [Listener at 127.0.0.1/40159] INFO  grpc.GrpcConfigKeys (ConfUtils.java:logGet(46)) - raft.grpc.admin.port = 0 (custom)
2022-07-01 06:36:21,557 [Listener at 127.0.0.1/40159] INFO  grpc.GrpcConfigKeys (ConfUtils.java:logGet(46)) - raft.grpc.client.port = 0 (custom)
2022-07-01 06:36:21,557 [Listener at 127.0.0.1/40159] INFO  grpc.GrpcConfigKeys (ConfUtils.java:logGet(46)) - raft.grpc.server.port = 0 (default)
2022-07-01 06:36:21,557 [Listener at 127.0.0.1/40159] INFO  server.GrpcService (ConfUtils.java:logGet(46)) - raft.grpc.message.size.max = 32MB (=33554432) (custom)
2022-07-01 06:36:21,557 [Listener at 127.0.0.1/40159] INFO  server.RaftServerConfigKeys (ConfUtils.java:logGet(46)) - raft.server.log.appender.buffer.byte-limit = 33554432 (custom)
2022-07-01 06:36:21,557 [Listener at 127.0.0.1/40159] INFO  server.GrpcService (ConfUtils.java:logGet(46)) - raft.grpc.flow.control.window = 5MB (=5242880) (custom)
2022-07-01 06:36:21,557 [Listener at 127.0.0.1/40159] INFO  server.RaftServerConfigKeys (ConfUtils.java:logGet(46)) - raft.server.rpc.request.timeout = 60s (custom)
2022-07-01 06:36:21,557 [Listener at 127.0.0.1/40159] INFO  grpc.GrpcConfigKeys (ConfUtils.java:logGet(46)) - raft.grpc.server.async.request.thread.pool.cached = true (default)
2022-07-01 06:36:21,557 [Listener at 127.0.0.1/40159] INFO  grpc.GrpcConfigKeys (ConfUtils.java:logGet(46)) - raft.grpc.server.async.request.thread.pool.size = 32 (default)
2022-07-01 06:36:21,558 [Listener at 127.0.0.1/40159] INFO  impl.DataStreamServerImpl (ConfUtils.java:logGet(46)) - raft.datastream.type = DISABLED (default)
2022-07-01 06:36:21,558 [Listener at 127.0.0.1/40159] INFO  server.RaftServerConfigKeys (ConfUtils.java:logGet(46)) - raft.server.threadpool.proxy.cached = true (default)
2022-07-01 06:36:21,558 [Listener at 127.0.0.1/40159] INFO  server.RaftServerConfigKeys (ConfUtils.java:logGet(46)) - raft.server.threadpool.proxy.size = 0 (default)
2022-07-01 06:36:21,558 [Listener at 127.0.0.1/40159] INFO  server.RaftServerConfigKeys (ConfUtils.java:logGet(46)) - raft.server.rpc.slowness.timeout = 300s (custom)
2022-07-01 06:36:21,558 [Listener at 127.0.0.1/40159] INFO  server.RaftServerConfigKeys (ConfUtils.java:logGet(46)) - raft.server.leaderelection.leader.step-down.wait-time = 10s (default)
2022-07-01 06:36:21,558 [Listener at 127.0.0.1/40159] INFO  server.RaftServerConfigKeys (ConfUtils.java:logGet(46)) - raft.server.storage.dir = [/home/runner/work/ozone/ozone/hadoop-ozone/integration-test/target/test-dir/MiniOzoneClusterImpl-bc7ab851-61db-4e9a-86cd-3d27c2668616/datanode-4/data/ratis] (custom)
2022-07-01 06:36:21,559 [Listener at 127.0.0.1/40159] INFO  server.XceiverServerGrpc (XceiverServerGrpc.java:<init>(132)) - GrpcServer channel type EpollServerSocketChannel
2022-07-01 06:36:21,570 [Listener at 127.0.0.1/40159] INFO  http.BaseHttpServer (BaseHttpServer.java:newHttpServer2BuilderForOzone(209)) - Starting Web-server for hddsDatanode at: http://0.0.0.0:0
2022-07-01 06:36:21,570 [Listener at 127.0.0.1/40159] INFO  http.BaseHttpServer (BaseHttpServer.java:<init>(107)) - Hadoop Security Enabled: false Ozone Security Enabled: false Ozone HTTP Security Enabled: false 
2022-07-01 06:36:21,571 [Listener at 127.0.0.1/40159] INFO  server.AuthenticationFilter (AuthenticationFilter.java:constructSecretProvider(240)) - Unable to initialize FileSignerSecretProvider, falling back to use random secrets.
2022-07-01 06:36:21,623 [Listener at 127.0.0.1/40159] WARN  http.HttpRequestLog (HttpRequestLog.java:getRequestLog(103)) - Jetty request log can only be enabled using Log4j
2022-07-01 06:36:21,624 [Listener at 127.0.0.1/40159] INFO  http.HttpServer2 (HttpServer2.java:addGlobalFilter(1029)) - Added global filter 'safety' (class=org.apache.hadoop.hdds.server.http.HttpServer2$QuotingInputFilter)
2022-07-01 06:36:21,624 [Listener at 127.0.0.1/40159] INFO  http.HttpServer2 (HttpServer2.java:addFilter(1005)) - Added filter static_user_filter (class=org.apache.hadoop.http.lib.StaticUserWebFilter$StaticUserFilter) to context hddsDatanode
2022-07-01 06:36:21,624 [Listener at 127.0.0.1/40159] INFO  http.HttpServer2 (HttpServer2.java:addFilter(1013)) - Added filter static_user_filter (class=org.apache.hadoop.http.lib.StaticUserWebFilter$StaticUserFilter) to context logs
2022-07-01 06:36:21,624 [Listener at 127.0.0.1/40159] INFO  http.HttpServer2 (HttpServer2.java:addFilter(1013)) - Added filter static_user_filter (class=org.apache.hadoop.http.lib.StaticUserWebFilter$StaticUserFilter) to context static
2022-07-01 06:36:21,624 [Listener at 127.0.0.1/40159] INFO  http.HttpServer2 (HttpServer2.java:bindListener(1248)) - Jetty bound to port 35283
2022-07-01 06:36:21,624 [Listener at 127.0.0.1/40159] INFO  server.Server (Server.java:doStart(375)) - jetty-9.4.43.v20210629; built: 2021-06-30T11:07:22.254Z; git: 526006ecfa3af7f1a27ef3a288e2bef7ea9dd7e8; jvm 1.8.0_332-b09
2022-07-01 06:36:21,685 [Listener at 127.0.0.1/40159] INFO  server.session (DefaultSessionIdManager.java:doStart(334)) - DefaultSessionIdManager workerName=node0
2022-07-01 06:36:21,685 [Listener at 127.0.0.1/40159] INFO  server.session (DefaultSessionIdManager.java:doStart(339)) - No SessionScavenger set, using defaults
2022-07-01 06:36:21,685 [Listener at 127.0.0.1/40159] INFO  server.session (HouseKeeper.java:startScavenging(132)) - node0 Scavenging every 600000ms
2022-07-01 06:36:21,686 [Listener at 127.0.0.1/40159] INFO  handler.ContextHandler (ContextHandler.java:doStart(915)) - Started o.e.j.s.ServletContextHandler@31fb8959{logs,/logs,file:///home/runner/work/ozone/ozone/hadoop-ozone/integration-test/target/log,AVAILABLE}
2022-07-01 06:36:21,686 [Listener at 127.0.0.1/40159] INFO  handler.ContextHandler (ContextHandler.java:doStart(915)) - Started o.e.j.s.ServletContextHandler@4e7bfe32{static,/static,jar:file:/home/runner/.m2/repository/org/apache/ozone/hdds-container-service/1.3.0-SNAPSHOT/hdds-container-service-1.3.0-SNAPSHOT.jar!/webapps/static,AVAILABLE}
2022-07-01 06:36:21,745 [ReplicationMonitor] INFO  replication.ReplicationManager (ReplicationManager.java:processAll(227)) - Replication Manager is not ready to run until 3000ms after safemode exit
2022-07-01 06:36:21,804 [Command processor thread] INFO  server.RaftServer (RaftServerProxy.java:addNew(96)) - f3ceede8-3a31-4ae8-ae2c-c6ce7585dd11: addNew group-EE51CD9892E0:[f3ceede8-3a31-4ae8-ae2c-c6ce7585dd11|rpc:10.1.0.14:46347|priority:1] returns group-EE51CD9892E0:java.util.concurrent.CompletableFuture@3c246a5a[Not completed]
2022-07-01 06:36:21,805 [pool-2569-thread-1] INFO  server.RaftServer$Division (RaftServerImpl.java:<init>(190)) - f3ceede8-3a31-4ae8-ae2c-c6ce7585dd11: new RaftServerImpl for group-EE51CD9892E0:[f3ceede8-3a31-4ae8-ae2c-c6ce7585dd11|rpc:10.1.0.14:46347|priority:1] with ContainerStateMachine:uninitialized
2022-07-01 06:36:21,805 [pool-2569-thread-1] INFO  server.RaftServerConfigKeys (ConfUtils.java:logGet(46)) - raft.server.rpc.timeout.min = 5s (custom)
2022-07-01 06:36:21,805 [pool-2569-thread-1] INFO  server.RaftServerConfigKeys (ConfUtils.java:logGet(46)) - raft.server.rpc.timeout.max = 5200ms (custom)
2022-07-01 06:36:21,805 [pool-2569-thread-1] INFO  server.RaftServerConfigKeys (ConfUtils.java:logGet(46)) - raft.server.rpc.sleep.time = 25ms (default)
2022-07-01 06:36:21,805 [pool-2569-thread-1] INFO  server.RaftServerConfigKeys (ConfUtils.java:logGet(46)) - raft.server.rpc.slowness.timeout = 300s (custom)
2022-07-01 06:36:21,805 [pool-2569-thread-1] INFO  server.RaftServerConfigKeys (ConfUtils.java:logGet(46)) - raft.server.leaderelection.leader.step-down.wait-time = 10s (default)
2022-07-01 06:36:21,805 [pool-2569-thread-1] INFO  server.RaftServerConfigKeys (ConfUtils.java:logGet(46)) - raft.server.sleep.deviation.threshold = 300ms (default)
2022-07-01 06:36:21,805 [pool-2569-thread-1] INFO  server.RaftServer$Division (ServerState.java:<init>(107)) - f3ceede8-3a31-4ae8-ae2c-c6ce7585dd11@group-EE51CD9892E0: ConfigurationManager, init=-1: [f3ceede8-3a31-4ae8-ae2c-c6ce7585dd11|rpc:10.1.0.14:46347|priority:1], old=null, confs=<EMPTY_MAP>
2022-07-01 06:36:21,806 [pool-2569-thread-1] INFO  server.RaftServerConfigKeys (ConfUtils.java:logGet(46)) - raft.server.storage.dir = [/home/runner/work/ozone/ozone/hadoop-ozone/integration-test/target/test-dir/MiniOzoneClusterImpl-bc7ab851-61db-4e9a-86cd-3d27c2668616/datanode-0/data/ratis] (custom)
2022-07-01 06:36:21,806 [pool-2569-thread-1] INFO  server.RaftServerConfigKeys (ConfUtils.java:logGet(46)) - raft.server.log.corruption.policy = EXCEPTION (default)
2022-07-01 06:36:21,806 [pool-2569-thread-1] INFO  server.RaftServerConfigKeys (ConfUtils.java:logGet(46)) - raft.server.storage.free-space.min = 0MB (=0) (default)
2022-07-01 06:36:21,806 [pool-2569-thread-1] INFO  storage.RaftStorageDirectory (RaftStorageDirectoryImpl.java:analyzeStorage(135)) - The storage directory /home/runner/work/ozone/ozone/hadoop-ozone/integration-test/target/test-dir/MiniOzoneClusterImpl-bc7ab851-61db-4e9a-86cd-3d27c2668616/datanode-0/data/ratis/427e85c8-f9b8-4718-99a1-ee51cd9892e0 does not exist. Creating ...
2022-07-01 06:36:21,807 [pool-2569-thread-1] INFO  storage.RaftStorageDirectory (RaftStorageDirectoryImpl.java:tryLock(230)) - Lock on /home/runner/work/ozone/ozone/hadoop-ozone/integration-test/target/test-dir/MiniOzoneClusterImpl-bc7ab851-61db-4e9a-86cd-3d27c2668616/datanode-0/data/ratis/427e85c8-f9b8-4718-99a1-ee51cd9892e0/in_use.lock acquired by nodename 5985@fv-az121-578
2022-07-01 06:36:21,809 [pool-2569-thread-1] INFO  storage.RaftStorage (RaftStorageImpl.java:format(89)) - Storage directory /home/runner/work/ozone/ozone/hadoop-ozone/integration-test/target/test-dir/MiniOzoneClusterImpl-bc7ab851-61db-4e9a-86cd-3d27c2668616/datanode-0/data/ratis/427e85c8-f9b8-4718-99a1-ee51cd9892e0 has been successfully formatted.
2022-07-01 06:36:21,810 [EventQueue-PipelineReportForPipelineReportHandler] INFO  pipeline.PipelineManagerImpl (PipelineManagerImpl.java:openPipeline(358)) - Pipeline Pipeline[ Id: 427e85c8-f9b8-4718-99a1-ee51cd9892e0, Nodes: f3ceede8-3a31-4ae8-ae2c-c6ce7585dd11{ip: 10.1.0.14, host: fv-az121-578.oisc35kgwdsevnec4nnef0ad5h.cx.internal.cloudapp.net, ports: [REPLICATION=42661, RATIS=46347, RATIS_ADMIN=46347, RATIS_SERVER=46347, STANDALONE=44403], networkLocation: /default-rack, certSerialId: null, persistedOpState: IN_SERVICE, persistedOpStateExpiryEpochSec: 0}, ReplicationConfig: RATIS/ONE, State:ALLOCATED, leaderId:f3ceede8-3a31-4ae8-ae2c-c6ce7585dd11, CreationTimestamp2022-07-01T06:36:18.987Z[Etc/UTC]] moved to OPEN state
2022-07-01 06:36:21,815 [IPC Server handler 10 on default port 44289] INFO  node.SCMNodeManager (SCMNodeManager.java:updateDatanodeOpState(545)) - Scheduling a command to update the operationalState persisted on d3c2a0de-eb94-47c1-bf63-6feb4e2b4d03{ip: 10.1.0.14, host: fv-az121-578.oisc35kgwdsevnec4nnef0ad5h.cx.internal.cloudapp.net, ports: [REPLICATION=44917, RATIS=45813, RATIS_ADMIN=45813, RATIS_SERVER=45813, STANDALONE=33241], networkLocation: /default-rack, certSerialId: null, persistedOpState: ENTERING_MAINTENANCE, persistedOpStateExpiryEpochSec: 0} as the reported value does not match the value stored in SCM (IN_MAINTENANCE, 0)
2022-07-01 06:36:21,841 [EventQueue-OpenPipelineForHealthyPipelineSafeModeRule] INFO  safemode.SCMSafeModeManager (HealthyPipelineSafeModeRule.java:process(124)) - SCM in safe mode. Healthy pipelines reported count is 0, required healthy pipeline reported count is 1
2022-07-01 06:36:21,857 [ReplicationMonitor] INFO  replication.ReplicationManager (ReplicationManager.java:processAll(260)) - Replication Monitor Thread took 0 milliseconds for processing 6 containers.
2022-07-01 06:36:21,860 [pool-2569-thread-1] INFO  ratis.ContainerStateMachine (ContainerStateMachine.java:loadSnapshot(236)) - group-EE51CD9892E0: The snapshot info is null. Setting the last applied indexto:(t:0, i:~)
2022-07-01 06:36:21,872 [pool-2569-thread-1] INFO  server.RaftServerConfigKeys (ConfUtils.java:logGet(46)) - raft.server.notification.no-leader.timeout = 300s (custom)
2022-07-01 06:36:21,872 [pool-2569-thread-1] INFO  server.RaftServerConfigKeys (ConfUtils.java:logGet(46)) - raft.server.log.use.memory = false (default)
2022-07-01 06:36:21,872 [pool-2569-thread-1] INFO  server.RaftServerConfigKeys (ConfUtils.java:logGet(46)) - raft.server.log.purge.gap = 1000000 (custom)
2022-07-01 06:36:21,872 [pool-2569-thread-1] INFO  server.RaftServerConfigKeys (ConfUtils.java:logGet(46)) - raft.server.log.appender.buffer.byte-limit = 33554432 (custom)
2022-07-01 06:36:21,872 [pool-2569-thread-1] INFO  server.RaftServerConfigKeys (ConfUtils.java:logGet(46)) - raft.server.log.statemachine.data.read.timeout = 1000ms (default)
2022-07-01 06:36:21,873 [pool-2569-thread-1] INFO  server.RaftServerConfigKeys (ConfUtils.java:logGet(46)) - raft.server.log.segment.size.max = 1048576 (custom)
2022-07-01 06:36:21,873 [pool-2569-thread-1] INFO  server.RaftServerConfigKeys (ConfUtils.java:logGet(46)) - raft.server.log.segment.cache.num.max = 2 (custom)
2022-07-01 06:36:21,873 [pool-2569-thread-1] INFO  server.RaftServerConfigKeys (ConfUtils.java:logGet(46)) - raft.server.log.segment.cache.size.max = 200MB (=209715200) (default)
2022-07-01 06:36:21,873 [pool-2569-thread-1] INFO  segmented.SegmentedRaftLogWorker (SegmentedRaftLogWorker.java:<init>(187)) - new f3ceede8-3a31-4ae8-ae2c-c6ce7585dd11@group-EE51CD9892E0-SegmentedRaftLogWorker for RaftStorageImpl:Storage Directory /home/runner/work/ozone/ozone/hadoop-ozone/integration-test/target/test-dir/MiniOzoneClusterImpl-bc7ab851-61db-4e9a-86cd-3d27c2668616/datanode-0/data/ratis/427e85c8-f9b8-4718-99a1-ee51cd9892e0
2022-07-01 06:36:21,873 [pool-2569-thread-1] INFO  server.RaftServerConfigKeys (ConfUtils.java:logGet(46)) - raft.server.log.queue.byte-limit = 4294967296 (custom)
2022-07-01 06:36:21,873 [pool-2569-thread-1] INFO  server.RaftServerConfigKeys (ConfUtils.java:logGet(46)) - raft.server.log.queue.element-limit = 1024 (custom)
2022-07-01 06:36:21,874 [pool-2569-thread-1] INFO  server.RaftServerConfigKeys (ConfUtils.java:logGet(46)) - raft.server.log.segment.size.max = 1048576 (custom)
2022-07-01 06:36:21,874 [pool-2569-thread-1] INFO  server.RaftServerConfigKeys (ConfUtils.java:logGet(46)) - raft.server.log.preallocated.size = 16384 (custom)
2022-07-01 06:36:21,874 [pool-2569-thread-1] INFO  server.RaftServerConfigKeys (ConfUtils.java:logGet(46)) - raft.server.log.force.sync.num = 128 (default)
2022-07-01 06:36:21,874 [pool-2569-thread-1] INFO  server.RaftServerConfigKeys (ConfUtils.java:logGet(46)) - raft.server.log.statemachine.data.sync = true (default)
2022-07-01 06:36:21,874 [pool-2569-thread-1] INFO  server.RaftServerConfigKeys (ConfUtils.java:logGet(46)) - raft.server.log.statemachine.data.sync.timeout = 10s (default)
2022-07-01 06:36:21,874 [pool-2569-thread-1] INFO  server.RaftServerConfigKeys (ConfUtils.java:logGet(46)) - raft.server.log.statemachine.data.sync.timeout.retry = -1 (default)
2022-07-01 06:36:21,876 [pool-2569-thread-1] INFO  server.RaftServerConfigKeys (ConfUtils.java:logGet(46)) - raft.server.log.write.buffer.size = 1048576 (custom)
2022-07-01 06:36:21,876 [pool-2569-thread-1] INFO  server.RaftServerConfigKeys (ConfUtils.java:logGet(46)) - raft.server.log.unsafe-flush.enabled = false (default)
2022-07-01 06:36:21,876 [pool-2569-thread-1] INFO  server.RaftServerConfigKeys (ConfUtils.java:logGet(46)) - raft.server.log.statemachine.data.caching.enabled = true (custom)
2022-07-01 06:36:21,876 [pool-2569-thread-1] INFO  segmented.SegmentedRaftLogWorker (SegmentedRaftLogWorker.java:lambda$new$0(135)) - f3ceede8-3a31-4ae8-ae2c-c6ce7585dd11@group-EE51CD9892E0-SegmentedRaftLogWorker: flushIndex: setUnconditionally 0 -> -1
2022-07-01 06:36:21,876 [pool-2569-thread-1] INFO  segmented.SegmentedRaftLogWorker (SegmentedRaftLogWorker.java:lambda$new$0(135)) - f3ceede8-3a31-4ae8-ae2c-c6ce7585dd11@group-EE51CD9892E0-SegmentedRaftLogWorker: safeCacheEvictIndex: setUnconditionally 0 -> -1
2022-07-01 06:36:21,882 [pool-2569-thread-1] INFO  server.RaftServerConfigKeys (ConfUtils.java:logGet(46)) - raft.server.snapshot.auto.trigger.enabled = true (custom)
2022-07-01 06:36:21,882 [pool-2569-thread-1] INFO  server.RaftServerConfigKeys (ConfUtils.java:logGet(46)) - raft.server.snapshot.auto.trigger.threshold = 10000 (custom)
2022-07-01 06:36:21,882 [pool-2569-thread-1] INFO  server.RaftServerConfigKeys (ConfUtils.java:logGet(46)) - raft.server.snapshot.retention.file.num = 5 (custom)
2022-07-01 06:36:21,882 [pool-2569-thread-1] INFO  server.RaftServerConfigKeys (ConfUtils.java:logGet(46)) - raft.server.log.purge.upto.snapshot.index = false (default)
2022-07-01 06:36:21,883 [pool-2569-thread-1] INFO  server.RaftServerConfigKeys (ConfUtils.java:logGet(46)) - raft.server.retrycache.expirytime = 600000ms (custom)
2022-07-01 06:36:21,883 [pool-2569-thread-1] INFO  server.RaftServerConfigKeys (ConfUtils.java:logGet(46)) - raft.server.retrycache.statistics.expirytime = 100μs (default)
2022-07-01 06:36:21,885 [pool-2569-thread-1] INFO  server.RaftServerConfigKeys (ConfUtils.java:logGet(46)) - raft.server.log.appender.install.snapshot.enabled = false (custom)
2022-07-01 06:36:21,885 [pool-2569-thread-1] INFO  server.RaftServerConfigKeys (ConfUtils.java:logGet(46)) - raft.server.threadpool.server.cached = true (default)
2022-07-01 06:36:21,885 [pool-2569-thread-1] INFO  server.RaftServerConfigKeys (ConfUtils.java:logGet(46)) - raft.server.threadpool.server.size = 0 (default)
2022-07-01 06:36:21,885 [pool-2569-thread-1] INFO  server.RaftServerConfigKeys (ConfUtils.java:logGet(46)) - raft.server.threadpool.client.cached = true (default)
2022-07-01 06:36:21,885 [pool-2569-thread-1] INFO  server.RaftServerConfigKeys (ConfUtils.java:logGet(46)) - raft.server.threadpool.client.size = 0 (default)
2022-07-01 06:36:21,885 [pool-2569-thread-1] INFO  server.RaftServer$Division (RaftServerImpl.java:start(310)) - f3ceede8-3a31-4ae8-ae2c-c6ce7585dd11@group-EE51CD9892E0: start as a follower, conf=-1: [f3ceede8-3a31-4ae8-ae2c-c6ce7585dd11|rpc:10.1.0.14:46347|priority:1], old=null
2022-07-01 06:36:21,885 [pool-2569-thread-1] INFO  server.RaftServer$Division (RaftServerImpl.java:setRole(299)) - f3ceede8-3a31-4ae8-ae2c-c6ce7585dd11@group-EE51CD9892E0: changes role from      null to FOLLOWER at term 0 for startAsFollower
2022-07-01 06:36:21,885 [pool-2569-thread-1] INFO  impl.RoleInfo (RoleInfo.java:updateAndGet(139)) - f3ceede8-3a31-4ae8-ae2c-c6ce7585dd11: start f3ceede8-3a31-4ae8-ae2c-c6ce7585dd11@group-EE51CD9892E0-FollowerState
2022-07-01 06:36:21,886 [EventQueue-DeadNodeForDeadNodeHandler] INFO  node.DeadNodeHandler (DeadNodeHandler.java:onMessage(80)) - A dead datanode is detected. 9ece8bf6-7d6b-4143-af63-958068d3c465{ip: 10.1.0.14, host: fv-az121-578.oisc35kgwdsevnec4nnef0ad5h.cx.internal.cloudapp.net, ports: [REPLICATION=38811, RATIS=37739, RATIS_ADMIN=37739, RATIS_SERVER=37739, STANDALONE=36031], networkLocation: /default-rack, certSerialId: null, persistedOpState: IN_SERVICE, persistedOpStateExpiryEpochSec: 0}
2022-07-01 06:36:21,886 [EventQueue-DeadNodeForDeadNodeHandler] INFO  pipeline.RatisPipelineProvider (RatisPipelineProvider.java:lambda$close$1(244)) - Send pipeline:PipelineID=f7865b53-f27f-452d-859a-404c2272adbf close command to datanode 9ece8bf6-7d6b-4143-af63-958068d3c465
2022-07-01 06:36:21,886 [EventQueue-DeadNodeForDeadNodeHandler] INFO  pipeline.PipelineStateManagerImpl (PipelineStateManagerImpl.java:removePipeline(243)) - Pipeline Pipeline[ Id: f7865b53-f27f-452d-859a-404c2272adbf, Nodes: 9ece8bf6-7d6b-4143-af63-958068d3c465{ip: 10.1.0.14, host: fv-az121-578.oisc35kgwdsevnec4nnef0ad5h.cx.internal.cloudapp.net, ports: [REPLICATION=38811, RATIS=37739, RATIS_ADMIN=37739, RATIS_SERVER=37739, STANDALONE=36031], networkLocation: /default-rack, certSerialId: null, persistedOpState: IN_SERVICE, persistedOpStateExpiryEpochSec: 0}, ReplicationConfig: RATIS/ONE, State:CLOSED, leaderId:9ece8bf6-7d6b-4143-af63-958068d3c465, CreationTimestamp2022-07-01T06:34:09.586Z[Etc/UTC]] removed.
2022-07-01 06:36:21,886 [EventQueue-DeadNodeForDeadNodeHandler] INFO  net.NetworkTopologyImpl (NetworkTopologyImpl.java:remove(190)) - Removed a node: /default-rack/9ece8bf6-7d6b-4143-af63-958068d3c465
2022-07-01 06:36:21,891 [Command processor thread] INFO  keyvalue.KeyValueContainer (KeyValueContainer.java:flushAndSyncDB(431)) - Container 1 is synced with bcsId 37.
2022-07-01 06:36:21,891 [Command processor thread] INFO  keyvalue.KeyValueContainer (KeyValueContainer.java:flushAndSyncDB(431)) - Container 1 is synced with bcsId 37.
2022-07-01 06:36:21,908 [Command processor thread] INFO  keyvalue.KeyValueContainer (KeyValueContainer.java:close(346)) - Container 1 is closed with bcsId 37.
2022-07-01 06:36:21,952 [Command processor thread] INFO  keyvalue.KeyValueContainer (KeyValueContainer.java:flushAndSyncDB(431)) - Container 2 is synced with bcsId 29.
2022-07-01 06:36:21,952 [Command processor thread] INFO  keyvalue.KeyValueContainer (KeyValueContainer.java:flushAndSyncDB(431)) - Container 2 is synced with bcsId 29.
2022-07-01 06:36:21,954 [Command processor thread] INFO  keyvalue.KeyValueContainer (KeyValueContainer.java:close(346)) - Container 2 is closed with bcsId 29.
2022-07-01 06:36:21,996 [IPC Server handler 9 on default port 44289] INFO  node.SCMNodeManager (SCMNodeManager.java:updateDatanodeOpState(545)) - Scheduling a command to update the operationalState persisted on d3c2a0de-eb94-47c1-bf63-6feb4e2b4d03{ip: 10.1.0.14, host: fv-az121-578.oisc35kgwdsevnec4nnef0ad5h.cx.internal.cloudapp.net, ports: [REPLICATION=44917, RATIS=45813, RATIS_ADMIN=45813, RATIS_SERVER=45813, STANDALONE=33241], networkLocation: /default-rack, certSerialId: null, persistedOpState: ENTERING_MAINTENANCE, persistedOpStateExpiryEpochSec: 0} as the reported value does not match the value stored in SCM (IN_MAINTENANCE, 0)
2022-07-01 06:36:21,997 [IPC Server handler 0 on default port 44289] INFO  node.SCMNodeManager (SCMNodeManager.java:updateDatanodeOpState(545)) - Scheduling a command to update the operationalState persisted on d3c2a0de-eb94-47c1-bf63-6feb4e2b4d03{ip: 10.1.0.14, host: fv-az121-578.oisc35kgwdsevnec4nnef0ad5h.cx.internal.cloudapp.net, ports: [REPLICATION=44917, RATIS=45813, RATIS_ADMIN=45813, RATIS_SERVER=45813, STANDALONE=33241], networkLocation: /default-rack, certSerialId: null, persistedOpState: ENTERING_MAINTENANCE, persistedOpStateExpiryEpochSec: 0} as the reported value does not match the value stored in SCM (IN_MAINTENANCE, 0)
2022-07-01 06:36:22,053 [pool-2569-thread-1] INFO  util.JmxRegister (JmxRegister.java:tryRegister(44)) - Successfully registered JMX Bean with object name Ratis:service=RaftServer,group=group-EE51CD9892E0,id=f3ceede8-3a31-4ae8-ae2c-c6ce7585dd11
2022-07-01 06:36:22,054 [DatanodeAdminManager-0] INFO  node.DatanodeAdminMonitorImpl (DatanodeAdminMonitorImpl.java:run(148)) - There are 1 nodes tracked for decommission and maintenance. 0 pending nodes.
2022-07-01 06:36:22,094 [Command processor thread] INFO  ratis.XceiverServerRatis (XceiverServerRatis.java:addGroup(765)) - Created group PipelineID=427e85c8-f9b8-4718-99a1-ee51cd9892e0
2022-07-01 06:36:22,094 [Command processor thread] INFO  commandhandler.CreatePipelineCommandHandler (CreatePipelineCommandHandler.java:handle(113)) - Created Pipeline RATIS ONE PipelineID=427e85c8-f9b8-4718-99a1-ee51cd9892e0.
2022-07-01 06:36:22,094 [Command processor thread] INFO  keyvalue.KeyValueContainer (KeyValueContainer.java:flushAndSyncDB(431)) - Container 3 is synced with bcsId 33.
2022-07-01 06:36:22,094 [Command processor thread] INFO  keyvalue.KeyValueContainer (KeyValueContainer.java:flushAndSyncDB(431)) - Container 3 is synced with bcsId 33.
2022-07-01 06:36:22,100 [Command processor thread] INFO  keyvalue.KeyValueContainer (KeyValueContainer.java:close(346)) - Container 3 is closed with bcsId 33.
2022-07-01 06:36:22,289 [ReplicationMonitor] INFO  replication.ReplicationManager (ReplicationManager.java:processAll(260)) - Replication Monitor Thread took 0 milliseconds for processing 6 containers.
2022-07-01 06:36:22,295 [ReplicationMonitor] INFO  replication.ReplicationManager (ReplicationManager.java:processAll(260)) - Replication Monitor Thread took 0 milliseconds for processing 0 containers.
2022-07-01 06:36:22,332 [main] INFO  ozone.MiniOzoneClusterImpl (MiniOzoneClusterImpl.java:restartStorageContainerManager(361)) - Restarting SCM in cluster class org.apache.hadoop.ozone.MiniOzoneClusterImpl
2022-07-01 06:36:22,332 [main] INFO  server.StorageContainerManager (StorageContainerManager.java:stop(1514)) - Container Balancer is not running.
2022-07-01 06:36:22,332 [main] INFO  server.StorageContainerManager (StorageContainerManager.java:stop(1521)) - Stopping Replication Manager Service.
2022-07-01 06:36:22,332 [main] INFO  replication.ReplicationManager (ReplicationManager.java:stop(211)) - Stopping Replication Monitor Thread.
2022-07-01 06:36:22,345 [main] INFO  server.StorageContainerManager (StorageContainerManager.java:stop(1528)) - Stopping the Datanode Admin Monitor.
2022-07-01 06:36:22,345 [main] INFO  server.StorageContainerManager (StorageContainerManager.java:stop(1535)) - Stopping Lease Manager of the command watchers
2022-07-01 06:36:22,345 [main] INFO  server.StorageContainerManager (StorageContainerManager.java:stop(1542)) - Stopping datanode service RPC server
2022-07-01 06:36:22,346 [main] INFO  server.SCMDatanodeProtocolServer (SCMDatanodeProtocolServer.java:stop(408)) - Stopping the RPC server for DataNodes
2022-07-01 06:36:22,346 [ReplicationMonitor] INFO  replication.ReplicationManager (ReplicationManager.java:run(321)) - Replication Monitor Thread is stopped
2022-07-01 06:36:22,348 [main] INFO  ipc.Server (Server.java:stop(3414)) - Stopping server on 44289
2022-07-01 06:36:22,356 [IPC Server Responder] INFO  ipc.Server (Server.java:run(1512)) - Stopping IPC Server Responder
2022-07-01 06:36:22,357 [SCM Heartbeat Processing Thread - 0] WARN  node.NodeStateManager (NodeStateManager.java:scheduleNextHealthCheck(870)) - Current Thread is interrupted, shutting down HB processing thread for Node Manager.
2022-07-01 06:36:22,357 [main] INFO  server.StorageContainerManager (StorageContainerManager.java:stop(1550)) - Stopping block service RPC server
2022-07-01 06:36:22,358 [main] INFO  server.SCMBlockProtocolServer (SCMBlockProtocolServer.java:stop(160)) - Stopping the RPC server for Block Protocol
2022-07-01 06:36:22,368 [IPC Server listener on 0] INFO  ipc.Server (Server.java:run(1376)) - Stopping IPC Server listener on 0
2022-07-01 06:36:22,372 [EndpointStateMachine task thread for /0.0.0.0:44289 - 0 ] WARN  statemachine.EndpointStateMachine (EndpointStateMachine.java:logIfNeeded(236)) - Unable to communicate to SCM server at 0.0.0.0:44289 for past 0 seconds.
java.io.EOFException: End of File Exception between local host is: "fv-az121-578/10.1.0.14"; destination host is: "0.0.0.0":44289; : java.io.EOFException; For more details see:  http://wiki.apache.org/hadoop/EOFException
	at sun.reflect.NativeConstructorAccessorImpl.newInstance0(Native Method)
	at sun.reflect.NativeConstructorAccessorImpl.newInstance(NativeConstructorAccessorImpl.java:62)
	at sun.reflect.DelegatingConstructorAccessorImpl.newInstance(DelegatingConstructorAccessorImpl.java:45)
	at java.lang.reflect.Constructor.newInstance(Constructor.java:423)
	at org.apache.hadoop.net.NetUtils.wrapWithMessage(NetUtils.java:913)
	at org.apache.hadoop.net.NetUtils.wrapException(NetUtils.java:862)
	at org.apache.hadoop.ipc.Client.getRpcResponse(Client.java:1577)
	at org.apache.hadoop.ipc.Client.call(Client.java:1519)
	at org.apache.hadoop.ipc.Client.call(Client.java:1416)
	at org.apache.hadoop.ipc.ProtobufRpcEngine$Invoker.invoke(ProtobufRpcEngine.java:236)
	at org.apache.hadoop.ipc.ProtobufRpcEngine$Invoker.invoke(ProtobufRpcEngine.java:123)
	at com.sun.proxy.$Proxy54.submitRequest(Unknown Source)
	at org.apache.hadoop.ozone.protocolPB.StorageContainerDatanodeProtocolClientSideTranslatorPB.submitRequest(StorageContainerDatanodeProtocolClientSideTranslatorPB.java:117)
	at org.apache.hadoop.ozone.protocolPB.StorageContainerDatanodeProtocolClientSideTranslatorPB.sendHeartbeat(StorageContainerDatanodeProtocolClientSideTranslatorPB.java:149)
	at org.apache.hadoop.ozone.container.common.states.endpoint.HeartbeatEndpointTask.call(HeartbeatEndpointTask.java:185)
	at org.apache.hadoop.ozone.container.common.states.endpoint.HeartbeatEndpointTask.call(HeartbeatEndpointTask.java:87)
	at java.util.concurrent.FutureTask.run(FutureTask.java:266)
	at java.util.concurrent.ThreadPoolExecutor.runWorker(ThreadPoolExecutor.java:1149)
	at java.util.concurrent.ThreadPoolExecutor$Worker.run(ThreadPoolExecutor.java:624)
	at java.lang.Thread.run(Thread.java:750)
Caused by: java.io.EOFException
	at java.io.DataInputStream.readInt(DataInputStream.java:392)
	at org.apache.hadoop.ipc.Client$IpcStreams.readResponse(Client.java:1892)
	at org.apache.hadoop.ipc.Client$Connection.receiveRpcResponse(Client.java:1202)
	at org.apache.hadoop.ipc.Client$Connection.run(Client.java:1098)
2022-07-01 06:36:22,372 [EndpointStateMachine task thread for /0.0.0.0:44289 - 0 ] WARN  statemachine.EndpointStateMachine (EndpointStateMachine.java:logIfNeeded(236)) - Unable to communicate to SCM server at 0.0.0.0:44289 for past 0 seconds.
java.io.EOFException: End of File Exception between local host is: "fv-az121-578/10.1.0.14"; destination host is: "0.0.0.0":44289; : java.io.EOFException; For more details see:  http://wiki.apache.org/hadoop/EOFException
	at sun.reflect.NativeConstructorAccessorImpl.newInstance0(Native Method)
	at sun.reflect.NativeConstructorAccessorImpl.newInstance(NativeConstructorAccessorImpl.java:62)
	at sun.reflect.DelegatingConstructorAccessorImpl.newInstance(DelegatingConstructorAccessorImpl.java:45)
	at java.lang.reflect.Constructor.newInstance(Constructor.java:423)
	at org.apache.hadoop.net.NetUtils.wrapWithMessage(NetUtils.java:913)
	at org.apache.hadoop.net.NetUtils.wrapException(NetUtils.java:862)
	at org.apache.hadoop.ipc.Client.getRpcResponse(Client.java:1577)
	at org.apache.hadoop.ipc.Client.call(Client.java:1519)
	at org.apache.hadoop.ipc.Client.call(Client.java:1416)
	at org.apache.hadoop.ipc.ProtobufRpcEngine$Invoker.invoke(ProtobufRpcEngine.java:236)
	at org.apache.hadoop.ipc.ProtobufRpcEngine$Invoker.invoke(ProtobufRpcEngine.java:123)
	at com.sun.proxy.$Proxy54.submitRequest(Unknown Source)
	at org.apache.hadoop.ozone.protocolPB.StorageContainerDatanodeProtocolClientSideTranslatorPB.submitRequest(StorageContainerDatanodeProtocolClientSideTranslatorPB.java:117)
	at org.apache.hadoop.ozone.protocolPB.StorageContainerDatanodeProtocolClientSideTranslatorPB.sendHeartbeat(StorageContainerDatanodeProtocolClientSideTranslatorPB.java:149)
	at org.apache.hadoop.ozone.container.common.states.endpoint.HeartbeatEndpointTask.call(HeartbeatEndpointTask.java:185)
	at org.apache.hadoop.ozone.container.common.states.endpoint.HeartbeatEndpointTask.call(HeartbeatEndpointTask.java:87)
	at java.util.concurrent.FutureTask.run(FutureTask.java:266)
	at java.util.concurrent.ThreadPoolExecutor.runWorker(ThreadPoolExecutor.java:1149)
	at java.util.concurrent.ThreadPoolExecutor$Worker.run(ThreadPoolExecutor.java:624)
	at java.lang.Thread.run(Thread.java:750)
Caused by: java.io.EOFException
	at java.io.DataInputStream.readInt(DataInputStream.java:392)
	at org.apache.hadoop.ipc.Client$IpcStreams.readResponse(Client.java:1892)
	at org.apache.hadoop.ipc.Client$Connection.receiveRpcResponse(Client.java:1202)
	at org.apache.hadoop.ipc.Client$Connection.run(Client.java:1098)
2022-07-01 06:36:22,372 [EndpointStateMachine task thread for /0.0.0.0:44289 - 0 ] WARN  statemachine.EndpointStateMachine (EndpointStateMachine.java:logIfNeeded(236)) - Unable to communicate to SCM server at 0.0.0.0:44289 for past 0 seconds.
java.io.EOFException: End of File Exception between local host is: "fv-az121-578/10.1.0.14"; destination host is: "0.0.0.0":44289; : java.io.EOFException; For more details see:  http://wiki.apache.org/hadoop/EOFException
	at sun.reflect.NativeConstructorAccessorImpl.newInstance0(Native Method)
	at sun.reflect.NativeConstructorAccessorImpl.newInstance(NativeConstructorAccessorImpl.java:62)
	at sun.reflect.DelegatingConstructorAccessorImpl.newInstance(DelegatingConstructorAccessorImpl.java:45)
	at java.lang.reflect.Constructor.newInstance(Constructor.java:423)
	at org.apache.hadoop.net.NetUtils.wrapWithMessage(NetUtils.java:913)
	at org.apache.hadoop.net.NetUtils.wrapException(NetUtils.java:862)
	at org.apache.hadoop.ipc.Client.getRpcResponse(Client.java:1577)
	at org.apache.hadoop.ipc.Client.call(Client.java:1519)
	at org.apache.hadoop.ipc.Client.call(Client.java:1416)
	at org.apache.hadoop.ipc.ProtobufRpcEngine$Invoker.invoke(ProtobufRpcEngine.java:236)
	at org.apache.hadoop.ipc.ProtobufRpcEngine$Invoker.invoke(ProtobufRpcEngine.java:123)
	at com.sun.proxy.$Proxy54.submitRequest(Unknown Source)
	at org.apache.hadoop.ozone.protocolPB.StorageContainerDatanodeProtocolClientSideTranslatorPB.submitRequest(StorageContainerDatanodeProtocolClientSideTranslatorPB.java:117)
	at org.apache.hadoop.ozone.protocolPB.StorageContainerDatanodeProtocolClientSideTranslatorPB.sendHeartbeat(StorageContainerDatanodeProtocolClientSideTranslatorPB.java:149)
	at org.apache.hadoop.ozone.container.common.states.endpoint.HeartbeatEndpointTask.call(HeartbeatEndpointTask.java:185)
	at org.apache.hadoop.ozone.container.common.states.endpoint.HeartbeatEndpointTask.call(HeartbeatEndpointTask.java:87)
	at java.util.concurrent.FutureTask.run(FutureTask.java:266)
	at java.util.concurrent.ThreadPoolExecutor.runWorker(ThreadPoolExecutor.java:1149)
	at java.util.concurrent.ThreadPoolExecutor$Worker.run(ThreadPoolExecutor.java:624)
	at java.lang.Thread.run(Thread.java:750)
Caused by: java.io.EOFException
	at java.io.DataInputStream.readInt(DataInputStream.java:392)
	at org.apache.hadoop.ipc.Client$IpcStreams.readResponse(Client.java:1892)
	at org.apache.hadoop.ipc.Client$Connection.receiveRpcResponse(Client.java:1202)
	at org.apache.hadoop.ipc.Client$Connection.run(Client.java:1098)
2022-07-01 06:36:22,372 [main] INFO  ipc.Server (Server.java:stop(3414)) - Stopping server on 43663
2022-07-01 06:36:22,406 [main] INFO  server.StorageContainerManager (StorageContainerManager.java:stop(1557)) - Stopping the StorageContainerLocationProtocol RPC server
2022-07-01 06:36:22,406 [main] INFO  server.SCMClientProtocolServer (SCMClientProtocolServer.java:stop(178)) - Stopping the RPC server for Client Protocol
2022-07-01 06:36:22,406 [IPC Server Responder] INFO  ipc.Server (Server.java:run(1512)) - Stopping IPC Server Responder
2022-07-01 06:36:22,407 [IPC Server listener on 0] INFO  ipc.Server (Server.java:run(1376)) - Stopping IPC Server listener on 0
2022-07-01 06:36:22,409 [main] INFO  ipc.Server (Server.java:stop(3414)) - Stopping server on 46127
2022-07-01 06:36:22,420 [main] INFO  server.StorageContainerManager (StorageContainerManager.java:stop(1564)) - Stopping Storage Container Manager HTTP server.
2022-07-01 06:36:22,421 [main] INFO  handler.ContextHandler (ContextHandler.java:doStop(1153)) - Stopped o.e.j.w.WebAppContext@1c0bf70a{scm,/,null,STOPPED}{file:/home/runner/work/ozone/ozone/hadoop-ozone/integration-test/target/test-classes/webapps/scm}
2022-07-01 06:36:22,421 [IPC Server listener on 0] INFO  ipc.Server (Server.java:run(1376)) - Stopping IPC Server listener on 0
2022-07-01 06:36:22,421 [IPC Server Responder] INFO  ipc.Server (Server.java:run(1512)) - Stopping IPC Server Responder
2022-07-01 06:36:22,422 [main] INFO  server.AbstractConnector (AbstractConnector.java:doStop(381)) - Stopped ServerConnector@211f4c77{HTTP/1.1, (http/1.1)}{0.0.0.0:0}
2022-07-01 06:36:22,422 [main] INFO  server.session (HouseKeeper.java:stopScavenging(149)) - node0 Stopped scavenging
2022-07-01 06:36:22,422 [main] INFO  handler.ContextHandler (ContextHandler.java:doStop(1153)) - Stopped o.e.j.s.ServletContextHandler@13c9f6c4{static,/static,file:///home/runner/work/ozone/ozone/hadoop-ozone/integration-test/target/test-classes/webapps/static,STOPPED}
2022-07-01 06:36:22,422 [main] INFO  handler.ContextHandler (ContextHandler.java:doStop(1153)) - Stopped o.e.j.s.ServletContextHandler@5f6d3ca2{logs,/logs,file:///home/runner/work/ozone/ozone/hadoop-ozone/integration-test/target/log,STOPPED}
2022-07-01 06:36:22,483 [main] INFO  server.StorageContainerManager (StorageContainerManager.java:stop(1575)) - Stopping Block Manager Service.
2022-07-01 06:36:22,483 [main] INFO  utils.BackgroundService (BackgroundService.java:shutdown(132)) - Shutting down service SCMBlockDeletingService
2022-07-01 06:36:22,494 [main] INFO  utils.BackgroundService (BackgroundService.java:shutdown(132)) - Shutting down service SCMBlockDeletingService
2022-07-01 06:36:22,494 [main] INFO  server.StorageContainerManager (StorageContainerManager.java:stop(1602)) - Stopping SCM Event Queue.
2022-07-01 06:36:22,496 [main] INFO  server.StorageContainerManager (StorageContainerManager.java:stop(1613)) - Stopping SCM HA services.
2022-07-01 06:36:22,496 [main] INFO  pipeline.BackgroundPipelineCreator (BackgroundPipelineCreator.java:stop(152)) - Stopping RatisPipelineUtilsThread.
2022-07-01 06:36:22,496 [RatisPipelineUtilsThread - 0] WARN  pipeline.BackgroundPipelineCreator (BackgroundPipelineCreator.java:run(179)) - RatisPipelineUtilsThread is interrupted.
2022-07-01 06:36:22,496 [main] INFO  BackgroundPipelineScrubber (BackgroundSCMService.java:stop(126)) - Stopping BackgroundPipelineScrubber Service.
2022-07-01 06:36:22,496 [BackgroundPipelineScrubberThread] WARN  BackgroundPipelineScrubber (BackgroundSCMService.java:run(110)) - BackgroundPipelineScrubber is interrupted, exit
2022-07-01 06:36:22,496 [main] INFO  server.StorageContainerManager (StorageContainerManager.java:stop(1623)) - Stopping SCM MetadataStore.
2022-07-01 06:36:22,501 [main] INFO  impl.MetricsSystemImpl (MetricsSystemImpl.java:stop(210)) - Stopping HddsDatanode metrics system...
2022-07-01 06:36:22,504 [prometheus] INFO  impl.MetricsSinkAdapter (MetricsSinkAdapter.java:publishMetricsFromQueue(141)) - prometheus thread interrupted.
2022-07-01 06:36:22,562 [Listener at 127.0.0.1/40159] INFO  handler.ContextHandler (ContextHandler.java:doStart(915)) - Started o.e.j.w.WebAppContext@3b922b77{hddsDatanode,/,file:///tmp/jetty-0_0_0_0-35283-hdds-container-service-1_3_0-SNAPSHOT_jar-_-any-6855411534881732850/webapp/,AVAILABLE}{jar:file:/home/runner/.m2/repository/org/apache/ozone/hdds-container-service/1.3.0-SNAPSHOT/hdds-container-service-1.3.0-SNAPSHOT.jar!/webapps/hddsDatanode}
2022-07-01 06:36:22,576 [Listener at 127.0.0.1/40159] INFO  server.AbstractConnector (AbstractConnector.java:doStart(331)) - Started ServerConnector@462b9968{HTTP/1.1, (http/1.1)}{0.0.0.0:35283}
2022-07-01 06:36:22,577 [Listener at 127.0.0.1/40159] INFO  server.Server (Server.java:doStart(415)) - Started @198623ms
2022-07-01 06:36:22,577 [main] INFO  impl.MetricsSystemImpl (MetricsSystemImpl.java:stop(216)) - HddsDatanode metrics system stopped.
2022-07-01 06:36:22,577 [main] WARN  server.ServerUtils (ServerUtils.java:getScmDbDir(148)) - ozone.scm.db.dirs is not configured. We recommend adding this setting. Falling back to ozone.metadata.dirs instead.
2022-07-01 06:36:22,577 [main] INFO  ha.SCMHANodeDetails (SCMHANodeDetails.java:loadSCMHAConfig(209)) - ServiceID for StorageContainerManager is null
2022-07-01 06:36:22,577 [main] INFO  ha.SCMHANodeDetails (SCMHANodeDetails.java:loadSCMHAConfig(214)) - ozone.scm.default.service.id is not defined, falling back to ozone.scm.service.ids to find serviceID for StorageContainerManager if it is HA enabled cluster
2022-07-01 06:36:22,578 [main] WARN  utils.HAUtils (HAUtils.java:getMetaDir(342)) - ozone.scm.db.dirs is not configured. We recommend adding this setting. Falling back to ozone.metadata.dirs instead.
2022-07-01 06:36:22,578 [main] WARN  db.DBStoreBuilder (DBStoreBuilder.java:applyDBDefinition(145)) - ozone.scm.db.dirs is not configured. We recommend adding this setting. Falling back to ozone.metadata.dirs instead.
2022-07-01 06:36:22,579 [Listener at 127.0.0.1/40159] ERROR ozone.HddsDatanodeService (HddsDatanodeService.java:start(285)) - HttpServer failed to start.
java.lang.NullPointerException: config
	at org.apache.hadoop.thirdparty.com.google.common.base.Preconditions.checkNotNull(Preconditions.java:899)
	at org.apache.hadoop.metrics2.impl.MetricsSystemImpl.registerSink(MetricsSystemImpl.java:298)
	at org.apache.hadoop.metrics2.impl.MetricsSystemImpl.register(MetricsSystemImpl.java:277)
	at org.apache.hadoop.hdds.server.http.BaseHttpServer.start(BaseHttpServer.java:300)
	at org.apache.hadoop.ozone.HddsDatanodeService.start(HddsDatanodeService.java:283)
	at org.apache.hadoop.ozone.MiniOzoneClusterImpl.lambda$startHddsDatanodes$4(MiniOzoneClusterImpl.java:497)
	at java.util.ArrayList.forEach(ArrayList.java:1259)
	at org.apache.hadoop.ozone.MiniOzoneClusterImpl.startHddsDatanodes(MiniOzoneClusterImpl.java:495)
	at org.apache.hadoop.ozone.MiniOzoneClusterImpl$Builder.build(MiniOzoneClusterImpl.java:620)
	at org.apache.hadoop.ozone.MiniOzoneClusterProvider.lambda$createClusters$1(MiniOzoneClusterProvider.java:234)
	at java.lang.Thread.run(Thread.java:750)
2022-07-01 06:36:22,598 [Listener at 127.0.0.1/40159] WARN  impl.MetricRegistriesImpl (MetricRegistriesImpl.java:addReporterRegistration(111)) - New reporters are added after registries were created. Some metrics will be missing from the reporter. Please add reporter before adding any new registry.
2022-07-01 06:36:22,598 [Listener at 127.0.0.1/40159] WARN  impl.MetricRegistriesImpl (MetricRegistriesImpl.java:addReporterRegistration(111)) - New reporters are added after registries were created. Some metrics will be missing from the reporter. Please add reporter before adding any new registry.
2022-07-01 06:36:22,600 [Listener at 127.0.0.1/40159] WARN  impl.MetricsConfig (MetricsConfig.java:loadFirst(136)) - Cannot locate configuration: tried hadoop-metrics2-hddsdatanode.properties,hadoop-metrics2.properties
2022-07-01 06:36:22,601 [Datanode State Machine Daemon Thread] INFO  statemachine.DatanodeStateMachine (DatanodeStateMachine.java:lambda$startDaemon$0(492)) - Ozone container server started.
2022-07-01 06:36:22,601 [Listener at 127.0.0.1/40159] INFO  impl.MetricsSystemImpl (MetricsSystemImpl.java:startTimer(378)) - Scheduled Metric snapshot period at 10 second(s).
2022-07-01 06:36:22,601 [Listener at 127.0.0.1/40159] INFO  impl.MetricsSystemImpl (MetricsSystemImpl.java:start(191)) - HddsDatanode metrics system started
2022-07-01 06:36:22,717 [org.apache.hadoop.util.JvmPauseMonitor$Monitor@5137d848] INFO  util.JvmPauseMonitor (JvmPauseMonitor.java:run(188)) - Starting JVM pause monitor
2022-07-01 06:36:22,721 [Datanode State Machine Task Thread - 0] INFO  datanode.InitDatanodeState (InitDatanodeState.java:persistContainerDatanodeDetails(138)) - DatanodeDetails is persisted to /home/runner/work/ozone/ozone/hadoop-ozone/integration-test/target/test-dir/MiniOzoneClusterImpl-bc7ab851-61db-4e9a-86cd-3d27c2668616/datanode-4/meta/datanode.id
2022-07-01 06:36:22,733 [Listener at 127.0.0.1/40159] INFO  impl.MetricsSinkAdapter (MetricsSinkAdapter.java:start(204)) - Sink prometheus started
2022-07-01 06:36:22,733 [Listener at 127.0.0.1/40159] INFO  impl.MetricsSystemImpl (MetricsSystemImpl.java:registerSink(305)) - Registered sink prometheus
2022-07-01 06:36:22,745 [ReplicationMonitor] INFO  replication.ReplicationManager (ReplicationManager.java:processAll(227)) - Replication Manager is not ready to run until 3000ms after safemode exit
2022-07-01 06:36:22,810 [EventQueue-OpenPipelineForHealthyPipelineSafeModeRule] INFO  safemode.SCMSafeModeManager (HealthyPipelineSafeModeRule.java:process(124)) - SCM in safe mode. Healthy pipelines reported count is 0, required healthy pipeline reported count is 1
2022-07-01 06:36:22,825 [IPC Server handler 13 on default port 44353] INFO  net.NetworkTopologyImpl (NetworkTopologyImpl.java:add(112)) - Added a new node: /default-rack/bac048e2-3d27-4fb1-be0c-174536097345
2022-07-01 06:36:22,825 [IPC Server handler 13 on default port 44353] INFO  node.SCMNodeManager (SCMNodeManager.java:register(397)) - Registered Data node : bac048e2-3d27-4fb1-be0c-174536097345{ip: 10.1.0.14, host: fv-az121-578.oisc35kgwdsevnec4nnef0ad5h.cx.internal.cloudapp.net, ports: [REPLICATION=36577, RATIS=46171, RATIS_ADMIN=46171, RATIS_SERVER=46171, STANDALONE=39869], networkLocation: /default-rack, certSerialId: null, persistedOpState: null, persistedOpStateExpiryEpochSec: 0}
2022-07-01 06:36:22,825 [EventQueue-NewNodeForNewNodeHandler] INFO  pipeline.BackgroundPipelineCreator (BackgroundPipelineCreator.java:notifyEventTriggered(275)) - trigger a one-shot run on RatisPipelineUtilsThread.
2022-07-01 06:36:22,825 [EventQueue-NodeRegistrationContainerReportForDataNodeSafeModeRule] INFO  safemode.SCMSafeModeManager (DataNodeSafeModeRule.java:process(71)) - SCM in safe mode. 3 DataNodes registered, 3 required.
2022-07-01 06:36:22,826 [EventQueue-NodeRegistrationContainerReportForDataNodeSafeModeRule] INFO  safemode.SCMSafeModeManager (SCMSafeModeManager.java:validateSafeModeExitRules(204)) - DataNodeSafeModeRule rule is successfully validated
2022-07-01 06:36:22,826 [EventQueue-NodeRegistrationContainerReportForDataNodeSafeModeRule] INFO  safemode.SCMSafeModeManager (SCMSafeModeManager.java:completePreCheck(233)) - All SCM safe mode pre check rules have passed
2022-07-01 06:36:22,826 [EventQueue-NodeRegistrationContainerReportForDataNodeSafeModeRule] WARN  events.EventQueue (EventQueue.java:fireEvent(216)) - No event handler registered for event TypedEvent{payloadType=SafeModeStatus, name='Safe mode status'}
2022-07-01 06:36:22,826 [EventQueue-NodeRegistrationContainerReportForDataNodeSafeModeRule] INFO  ha.SCMContext (SCMContext.java:updateSafeModeStatus(228)) - Update SafeModeStatus from SafeModeStatus{safeModeStatus=true, preCheckPassed=false} to SafeModeStatus{safeModeStatus=true, preCheckPassed=true}.
2022-07-01 06:36:22,826 [EventQueue-NodeRegistrationContainerReportForDataNodeSafeModeRule] INFO  pipeline.BackgroundPipelineCreator (BackgroundPipelineCreator.java:notifyEventTriggered(275)) - trigger a one-shot run on RatisPipelineUtilsThread.
2022-07-01 06:36:22,826 [RatisPipelineUtilsThread - 0] INFO  pipeline.RatisPipelineProvider (RatisPipelineProvider.java:lambda$create$0(195)) - Sending CreatePipelineCommand for pipeline:PipelineID=528e5a17-d629-46fd-bfd6-6b609e6905dd to datanode:bac048e2-3d27-4fb1-be0c-174536097345
2022-07-01 06:36:22,826 [RatisPipelineUtilsThread - 0] INFO  pipeline.PipelineStateManagerImpl (PipelineStateManagerImpl.java:addPipeline(101)) - Created pipeline Pipeline[ Id: 528e5a17-d629-46fd-bfd6-6b609e6905dd, Nodes: bac048e2-3d27-4fb1-be0c-174536097345{ip: 10.1.0.14, host: fv-az121-578.oisc35kgwdsevnec4nnef0ad5h.cx.internal.cloudapp.net, ports: [REPLICATION=36577, RATIS=46171, RATIS_ADMIN=46171, RATIS_SERVER=46171, STANDALONE=39869], networkLocation: /default-rack, certSerialId: null, persistedOpState: IN_SERVICE, persistedOpStateExpiryEpochSec: 0}, ReplicationConfig: RATIS/ONE, State:ALLOCATED, leaderId:, CreationTimestamp2022-07-01T06:36:22.826Z[Etc/UTC]].
2022-07-01 06:36:22,827 [RatisPipelineUtilsThread - 0] INFO  pipeline.RatisPipelineProvider (RatisPipelineProvider.java:lambda$create$0(195)) - Sending CreatePipelineCommand for pipeline:PipelineID=330dd9c5-2c97-4b5a-a0b2-59c9a05dbebb to datanode:bac048e2-3d27-4fb1-be0c-174536097345
2022-07-01 06:36:22,827 [RatisPipelineUtilsThread - 0] INFO  pipeline.RatisPipelineProvider (RatisPipelineProvider.java:lambda$create$0(195)) - Sending CreatePipelineCommand for pipeline:PipelineID=330dd9c5-2c97-4b5a-a0b2-59c9a05dbebb to datanode:f3ceede8-3a31-4ae8-ae2c-c6ce7585dd11
2022-07-01 06:36:22,827 [RatisPipelineUtilsThread - 0] INFO  pipeline.RatisPipelineProvider (RatisPipelineProvider.java:lambda$create$0(195)) - Sending CreatePipelineCommand for pipeline:PipelineID=330dd9c5-2c97-4b5a-a0b2-59c9a05dbebb to datanode:515cf234-40f0-4d42-b2bb-fba6d8db5cc1
2022-07-01 06:36:22,827 [RatisPipelineUtilsThread - 0] INFO  pipeline.PipelineStateManagerImpl (PipelineStateManagerImpl.java:addPipeline(101)) - Created pipeline Pipeline[ Id: 330dd9c5-2c97-4b5a-a0b2-59c9a05dbebb, Nodes: bac048e2-3d27-4fb1-be0c-174536097345{ip: 10.1.0.14, host: fv-az121-578.oisc35kgwdsevnec4nnef0ad5h.cx.internal.cloudapp.net, ports: [REPLICATION=36577, RATIS=46171, RATIS_ADMIN=46171, RATIS_SERVER=46171, STANDALONE=39869], networkLocation: /default-rack, certSerialId: null, persistedOpState: IN_SERVICE, persistedOpStateExpiryEpochSec: 0}f3ceede8-3a31-4ae8-ae2c-c6ce7585dd11{ip: 10.1.0.14, host: fv-az121-578.oisc35kgwdsevnec4nnef0ad5h.cx.internal.cloudapp.net, ports: [REPLICATION=42661, RATIS=46347, RATIS_ADMIN=46347, RATIS_SERVER=46347, STANDALONE=44403], networkLocation: /default-rack, certSerialId: null, persistedOpState: IN_SERVICE, persistedOpStateExpiryEpochSec: 0}515cf234-40f0-4d42-b2bb-fba6d8db5cc1{ip: 10.1.0.14, host: fv-az121-578.oisc35kgwdsevnec4nnef0ad5h.cx.internal.cloudapp.net, ports: [REPLICATION=35167, RATIS=37843, RATIS_ADMIN=37843, RATIS_SERVER=37843, STANDALONE=34023], networkLocation: /default-rack, certSerialId: null, persistedOpState: IN_SERVICE, persistedOpStateExpiryEpochSec: 0}, ReplicationConfig: RATIS/THREE, State:ALLOCATED, leaderId:, CreationTimestamp2022-07-01T06:36:22.827Z[Etc/UTC]].
2022-07-01 06:36:22,848 [Mini-Cluster-Provider-Reap] INFO  statemachine.DatanodeStateMachine (DatanodeStateMachine.java:stopDaemon(580)) - Ozone container server stopped.
2022-07-01 06:36:22,857 [ReplicationMonitor] ERROR scm.SCMCommonPlacementPolicy (SCMCommonPlacementPolicy.java:chooseDatanodes(141)) - No healthy node found to allocate container.
2022-07-01 06:36:22,857 [ReplicationMonitor] WARN  replication.LegacyReplicationManager (LegacyReplicationManager.java:handleUnderReplicatedContainer(1224)) - Exception while replicating container 1.
org.apache.hadoop.hdds.scm.exceptions.SCMException: No healthy node found to allocate container.
	at org.apache.hadoop.hdds.scm.SCMCommonPlacementPolicy.chooseDatanodes(SCMCommonPlacementPolicy.java:142)
	at org.apache.hadoop.hdds.scm.container.placement.algorithms.SCMContainerPlacementRandom.chooseDatanodes(SCMContainerPlacementRandom.java:78)
	at org.apache.hadoop.hdds.scm.container.replication.LegacyReplicationManager.handleUnderReplicatedContainer(LegacyReplicationManager.java:1188)
	at org.apache.hadoop.hdds.scm.container.replication.LegacyReplicationManager.processContainer(LegacyReplicationManager.java:538)
	at org.apache.hadoop.hdds.scm.container.replication.ReplicationManager.processAll(ReplicationManager.java:246)
	at org.apache.hadoop.hdds.scm.container.replication.ReplicationManager.run(ReplicationManager.java:316)
	at java.lang.Thread.run(Thread.java:750)
2022-07-01 06:36:22,857 [ReplicationMonitor] ERROR scm.SCMCommonPlacementPolicy (SCMCommonPlacementPolicy.java:chooseDatanodes(141)) - No healthy node found to allocate container.
2022-07-01 06:36:22,857 [ReplicationMonitor] WARN  replication.LegacyReplicationManager (LegacyReplicationManager.java:handleUnderReplicatedContainer(1224)) - Exception while replicating container 2.
org.apache.hadoop.hdds.scm.exceptions.SCMException: No healthy node found to allocate container.
	at org.apache.hadoop.hdds.scm.SCMCommonPlacementPolicy.chooseDatanodes(SCMCommonPlacementPolicy.java:142)
	at org.apache.hadoop.hdds.scm.container.placement.algorithms.SCMContainerPlacementRandom.chooseDatanodes(SCMContainerPlacementRandom.java:78)
	at org.apache.hadoop.hdds.scm.container.replication.LegacyReplicationManager.handleUnderReplicatedContainer(LegacyReplicationManager.java:1188)
	at org.apache.hadoop.hdds.scm.container.replication.LegacyReplicationManager.processContainer(LegacyReplicationManager.java:538)
	at org.apache.hadoop.hdds.scm.container.replication.ReplicationManager.processAll(ReplicationManager.java:246)
	at org.apache.hadoop.hdds.scm.container.replication.ReplicationManager.run(ReplicationManager.java:316)
	at java.lang.Thread.run(Thread.java:750)
2022-07-01 06:36:22,857 [ReplicationMonitor] ERROR scm.SCMCommonPlacementPolicy (SCMCommonPlacementPolicy.java:chooseDatanodes(141)) - No healthy node found to allocate container.
2022-07-01 06:36:22,857 [ReplicationMonitor] WARN  replication.LegacyReplicationManager (LegacyReplicationManager.java:handleUnderReplicatedContainer(1224)) - Exception while replicating container 3.
org.apache.hadoop.hdds.scm.exceptions.SCMException: No healthy node found to allocate container.
	at org.apache.hadoop.hdds.scm.SCMCommonPlacementPolicy.chooseDatanodes(SCMCommonPlacementPolicy.java:142)
	at org.apache.hadoop.hdds.scm.container.placement.algorithms.SCMContainerPlacementRandom.chooseDatanodes(SCMContainerPlacementRandom.java:78)
	at org.apache.hadoop.hdds.scm.container.replication.LegacyReplicationManager.handleUnderReplicatedContainer(LegacyReplicationManager.java:1188)
	at org.apache.hadoop.hdds.scm.container.replication.LegacyReplicationManager.processContainer(LegacyReplicationManager.java:538)
	at org.apache.hadoop.hdds.scm.container.replication.ReplicationManager.processAll(ReplicationManager.java:246)
	at org.apache.hadoop.hdds.scm.container.replication.ReplicationManager.run(ReplicationManager.java:316)
	at java.lang.Thread.run(Thread.java:750)
2022-07-01 06:36:22,857 [ReplicationMonitor] ERROR scm.SCMCommonPlacementPolicy (SCMCommonPlacementPolicy.java:chooseDatanodes(141)) - No healthy node found to allocate container.
2022-07-01 06:36:22,857 [ReplicationMonitor] WARN  replication.LegacyReplicationManager (LegacyReplicationManager.java:handleUnderReplicatedContainer(1224)) - Exception while replicating container 4.
org.apache.hadoop.hdds.scm.exceptions.SCMException: No healthy node found to allocate container.
	at org.apache.hadoop.hdds.scm.SCMCommonPlacementPolicy.chooseDatanodes(SCMCommonPlacementPolicy.java:142)
	at org.apache.hadoop.hdds.scm.container.placement.algorithms.SCMContainerPlacementRandom.chooseDatanodes(SCMContainerPlacementRandom.java:78)
	at org.apache.hadoop.hdds.scm.container.replication.LegacyReplicationManager.handleUnderReplicatedContainer(LegacyReplicationManager.java:1188)
	at org.apache.hadoop.hdds.scm.container.replication.LegacyReplicationManager.processContainer(LegacyReplicationManager.java:538)
	at org.apache.hadoop.hdds.scm.container.replication.ReplicationManager.processAll(ReplicationManager.java:246)
	at org.apache.hadoop.hdds.scm.container.replication.ReplicationManager.run(ReplicationManager.java:316)
	at java.lang.Thread.run(Thread.java:750)
2022-07-01 06:36:22,858 [ReplicationMonitor] ERROR scm.SCMCommonPlacementPolicy (SCMCommonPlacementPolicy.java:chooseDatanodes(141)) - No healthy node found to allocate container.
2022-07-01 06:36:22,858 [ReplicationMonitor] WARN  replication.LegacyReplicationManager (LegacyReplicationManager.java:handleUnderReplicatedContainer(1224)) - Exception while replicating container 5.
org.apache.hadoop.hdds.scm.exceptions.SCMException: No healthy node found to allocate container.
	at org.apache.hadoop.hdds.scm.SCMCommonPlacementPolicy.chooseDatanodes(SCMCommonPlacementPolicy.java:142)
	at org.apache.hadoop.hdds.scm.container.placement.algorithms.SCMContainerPlacementRandom.chooseDatanodes(SCMContainerPlacementRandom.java:78)
	at org.apache.hadoop.hdds.scm.container.replication.LegacyReplicationManager.handleUnderReplicatedContainer(LegacyReplicationManager.java:1188)
	at org.apache.hadoop.hdds.scm.container.replication.LegacyReplicationManager.processContainer(LegacyReplicationManager.java:538)
	at org.apache.hadoop.hdds.scm.container.replication.ReplicationManager.processAll(ReplicationManager.java:246)
	at org.apache.hadoop.hdds.scm.container.replication.ReplicationManager.run(ReplicationManager.java:316)
	at java.lang.Thread.run(Thread.java:750)
2022-07-01 06:36:22,858 [ReplicationMonitor] ERROR scm.SCMCommonPlacementPolicy (SCMCommonPlacementPolicy.java:chooseDatanodes(141)) - No healthy node found to allocate container.
2022-07-01 06:36:22,858 [ReplicationMonitor] WARN  replication.LegacyReplicationManager (LegacyReplicationManager.java:handleUnderReplicatedContainer(1224)) - Exception while replicating container 6.
org.apache.hadoop.hdds.scm.exceptions.SCMException: No healthy node found to allocate container.
	at org.apache.hadoop.hdds.scm.SCMCommonPlacementPolicy.chooseDatanodes(SCMCommonPlacementPolicy.java:142)
	at org.apache.hadoop.hdds.scm.container.placement.algorithms.SCMContainerPlacementRandom.chooseDatanodes(SCMContainerPlacementRandom.java:78)
	at org.apache.hadoop.hdds.scm.container.replication.LegacyReplicationManager.handleUnderReplicatedContainer(LegacyReplicationManager.java:1188)
	at org.apache.hadoop.hdds.scm.container.replication.LegacyReplicationManager.processContainer(LegacyReplicationManager.java:538)
	at org.apache.hadoop.hdds.scm.container.replication.ReplicationManager.processAll(ReplicationManager.java:246)
	at org.apache.hadoop.hdds.scm.container.replication.ReplicationManager.run(ReplicationManager.java:316)
	at java.lang.Thread.run(Thread.java:750)
2022-07-01 06:36:22,858 [ReplicationMonitor] INFO  replication.ReplicationManager (ReplicationManager.java:processAll(260)) - Replication Monitor Thread took 1 milliseconds for processing 6 containers.
2022-07-01 06:36:22,861 [Listener at 127.0.0.1/40159] INFO  ozone.HddsDatanodeService (HddsDatanodeService.java:start(236)) - HddsDatanodeService host:fv-az121-578.oisc35kgwdsevnec4nnef0ad5h.cx.internal.cloudapp.net ip:10.1.0.14
2022-07-01 06:36:22,930 [Mini-Cluster-Provider-Reap] INFO  handler.ContextHandler (ContextHandler.java:doStop(1153)) - Stopped o.e.j.w.WebAppContext@3af06f3f{hddsDatanode,/,null,STOPPED}{jar:file:/home/runner/.m2/repository/org/apache/ozone/hdds-container-service/1.3.0-SNAPSHOT/hdds-container-service-1.3.0-SNAPSHOT.jar!/webapps/hddsDatanode}
2022-07-01 06:36:22,933 [Mini-Cluster-Provider-Reap] INFO  server.AbstractConnector (AbstractConnector.java:doStop(381)) - Stopped ServerConnector@2e435bb7{HTTP/1.1, (http/1.1)}{0.0.0.0:0}
2022-07-01 06:36:22,934 [Mini-Cluster-Provider-Reap] INFO  server.session (HouseKeeper.java:stopScavenging(149)) - node0 Stopped scavenging
2022-07-01 06:36:22,934 [Mini-Cluster-Provider-Reap] INFO  handler.ContextHandler (ContextHandler.java:doStop(1153)) - Stopped o.e.j.s.ServletContextHandler@4519cd1c{static,/static,jar:file:/home/runner/.m2/repository/org/apache/ozone/hdds-container-service/1.3.0-SNAPSHOT/hdds-container-service-1.3.0-SNAPSHOT.jar!/webapps/static,STOPPED}
2022-07-01 06:36:22,934 [Mini-Cluster-Provider-Reap] INFO  handler.ContextHandler (ContextHandler.java:doStop(1153)) - Stopped o.e.j.s.ServletContextHandler@48a88e6a{logs,/logs,file:///home/runner/work/ozone/ozone/hadoop-ozone/integration-test/target/log,STOPPED}
2022-07-01 06:36:22,962 [Listener at 127.0.0.1/40159] INFO  upgrade.AbstractLayoutVersionManager (AbstractLayoutVersionManager.java:init(82)) - Initializing Layout version manager with metadata layout = DATANODE_SCHEMA_V3 (version = 4), software layout = DATANODE_SCHEMA_V3 (version = 4)
2022-07-01 06:36:23,049 [main] INFO  net.NodeSchemaLoader (NodeSchemaLoader.java:loadSchemaFromFile(129)) - Loading schema from [jar:file:/home/runner/.m2/repository/org/apache/ozone/hdds-common/1.3.0-SNAPSHOT/hdds-common-1.3.0-SNAPSHOT.jar!/network-topology-default.xml]
2022-07-01 06:36:23,049 [main] INFO  net.NodeSchemaLoader (NodeSchemaLoader.java:loadSchema(176)) - Loading network topology layer schema file
2022-07-01 06:36:23,051 [main] WARN  impl.MetricRegistriesImpl (MetricRegistriesImpl.java:addReporterRegistration(111)) - New reporters are added after registries were created. Some metrics will be missing from the reporter. Please add reporter before adding any new registry.
2022-07-01 06:36:23,051 [main] WARN  impl.MetricRegistriesImpl (MetricRegistriesImpl.java:addReporterRegistration(111)) - New reporters are added after registries were created. Some metrics will be missing from the reporter. Please add reporter before adding any new registry.
2022-07-01 06:36:23,051 [main] INFO  upgrade.AbstractLayoutVersionManager (AbstractLayoutVersionManager.java:init(82)) - Initializing Layout version manager with metadata layout = DATANODE_SCHEMA_V3 (version = 4), software layout = DATANODE_SCHEMA_V3 (version = 4)
]]></system-out>
  </testcase>
  <testcase name="testStoppedDecommissionedNodeTakesSCMStateOnRestart" classname="org.apache.hadoop.ozone.scm.node.TestDecommissionAndMaintenance" time="42.848"/>
  <testcase name="testEnteringMaintenanceNodeCompletesAfterSCMRestart" classname="org.apache.hadoop.ozone.scm.node.TestDecommissionAndMaintenance" time="29.798"/>
  <testcase name="testDecommissioningNodesCompleteDecommissionOnSCMRestart" classname="org.apache.hadoop.ozone.scm.node.TestDecommissionAndMaintenance" time="31.048"/>
</testsuite>