<?xml version="1.0" encoding="UTF-8"?>
<testsuite xmlns:xsi="http://www.w3.org/2001/XMLSchema-instance" xsi:noNamespaceSchemaLocation="https://maven.apache.org/surefire/maven-surefire-plugin/xsd/surefire-test-report-3.0.xsd" version="3.0" name="org.apache.hadoop.ozone.scm.node.TestDecommissionAndMaintenance" time="331.024" tests="8" errors="1" skipped="0" failures="0">
  <properties>
    <property name="awt.toolkit" value="sun.awt.X11.XToolkit"/>
    <property name="file.encoding.pkg" value="sun.io"/>
    <property name="java.specification.version" value="1.8"/>
    <property name="sun.cpu.isalist" value=""/>
    <property name="sun.jnu.encoding" value="UTF-8"/>
    <property name="java.class.path" value="/home/runner/work/ozone/ozone/hadoop-ozone/integration-test/target/test-classes:/home/runner/work/ozone/ozone/hadoop-ozone/integration-test/target/classes:/home/runner/.m2/repository/org/apache/ozone/ozone-common/1.3.0-SNAPSHOT/ozone-common-1.3.0-SNAPSHOT.jar:/home/runner/.m2/repository/io/grpc/grpc-netty/1.44.0/grpc-netty-1.44.0.jar:/home/runner/.m2/repository/io/grpc/grpc-core/1.44.0/grpc-core-1.44.0.jar:/home/runner/.m2/repository/com/google/android/annotations/4.1.1.4/annotations-4.1.1.4.jar:/home/runner/.m2/repository/org/codehaus/mojo/animal-sniffer-annotations/1.19/animal-sniffer-annotations-1.19.jar:/home/runner/.m2/repository/com/google/errorprone/error_prone_annotations/2.2.0/error_prone_annotations-2.2.0.jar:/home/runner/.m2/repository/io/perfmark/perfmark-api/0.23.0/perfmark-api-0.23.0.jar:/home/runner/.m2/repository/io/netty/netty-codec-http2/4.1.74.Final/netty-codec-http2-4.1.74.Final.jar:/home/runner/.m2/repository/io/netty/netty-common/4.1.74.Final/netty-common-4.1.74.Final.jar:/home/runner/.m2/repository/io/netty/netty-buffer/4.1.74.Final/netty-buffer-4.1.74.Final.jar:/home/runner/.m2/repository/io/netty/netty-codec-http/4.1.74.Final/netty-codec-http-4.1.74.Final.jar:/home/runner/.m2/repository/io/netty/netty-handler-proxy/4.1.74.Final/netty-handler-proxy-4.1.74.Final.jar:/home/runner/.m2/repository/io/netty/netty-codec-socks/4.1.74.Final/netty-codec-socks-4.1.74.Final.jar:/home/runner/.m2/repository/io/netty/netty-tcnative-boringssl-static/2.0.48.Final/netty-tcnative-boringssl-static-2.0.48.Final.jar:/home/runner/.m2/repository/io/netty/netty-tcnative-classes/2.0.48.Final/netty-tcnative-classes-2.0.48.Final.jar:/home/runner/.m2/repository/io/netty/netty-tcnative/2.0.48.Final/netty-tcnative-2.0.48.Final.jar:/home/runner/.m2/repository/org/apache/commons/commons-compress/1.21/commons-compress-1.21.jar:/home/runner/.m2/repository/org/apache/ozone/hdds-common/1.3.0-SNAPSHOT/hdds-common-1.3.0-SNAPSHOT.jar:/home/runner/.m2/repository/org/apache/ozone/hdds-client/1.3.0-SNAPSHOT/hdds-client-1.3.0-SNAPSHOT.jar:/home/runner/.m2/repository/org/apache/ozone/ozone-interface-client/1.3.0-SNAPSHOT/ozone-interface-client-1.3.0-SNAPSHOT.jar:/home/runner/.m2/repository/org/apache/ozone/hdds-test-utils/1.3.0-SNAPSHOT/hdds-test-utils-1.3.0-SNAPSHOT.jar:/home/runner/.m2/repository/com/google/guava/guava/30.1.1-jre/guava-30.1.1-jre.jar:/home/runner/.m2/repository/com/google/guava/failureaccess/1.0.1/failureaccess-1.0.1.jar:/home/runner/.m2/repository/com/google/guava/listenablefuture/9999.0-empty-to-avoid-conflict-with-guava/listenablefuture-9999.0-empty-to-avoid-conflict-with-guava.jar:/home/runner/.m2/repository/com/google/code/findbugs/jsr305/3.0.0/jsr305-3.0.0.jar:/home/runner/.m2/repository/org/checkerframework/checker-qual/3.8.0/checker-qual-3.8.0.jar:/home/runner/.m2/repository/com/google/j2objc/j2objc-annotations/1.3/j2objc-annotations-1.3.jar:/home/runner/.m2/repository/commons-io/commons-io/2.11.0/commons-io-2.11.0.jar:/home/runner/.m2/repository/commons-logging/commons-logging/1.2/commons-logging-1.2.jar:/home/runner/.m2/repository/log4j/log4j/1.2.17/log4j-1.2.17.jar:/home/runner/.m2/repository/org/slf4j/slf4j-api/1.7.30/slf4j-api-1.7.30.jar:/home/runner/.m2/repository/org/apache/ozone/hdds-server-scm/1.3.0-SNAPSHOT/hdds-server-scm-1.3.0-SNAPSHOT.jar:/home/runner/.m2/repository/org/apache/ozone/hdds-container-service/1.3.0-SNAPSHOT/hdds-container-service-1.3.0-SNAPSHOT.jar:/home/runner/.m2/repository/org/apache/ozone/hdds-hadoop-dependency-server/1.3.0-SNAPSHOT/hdds-hadoop-dependency-server-1.3.0-SNAPSHOT.jar:/home/runner/.m2/repository/org/apache/hadoop/hadoop-hdfs/3.3.1/hadoop-hdfs-3.3.1.jar:/home/runner/.m2/repository/org/apache/ozone/hdds-server-framework/1.3.0-SNAPSHOT/hdds-server-framework-1.3.0-SNAPSHOT.jar:/home/runner/.m2/repository/org/apache/ozone/hdds-interface-server/1.3.0-SNAPSHOT/hdds-interface-server-1.3.0-SNAPSHOT.jar:/home/runner/.m2/repository/org/apache/logging/log4j/log4j-core/2.17.1/log4j-core-2.17.1.jar:/home/runner/.m2/repository/com/lmax/disruptor/3.4.2/disruptor-3.4.2.jar:/home/runner/.m2/repository/org/eclipse/jetty/jetty-servlet/9.4.43.v20210629/jetty-servlet-9.4.43.v20210629.jar:/home/runner/.m2/repository/org/eclipse/jetty/jetty-security/9.4.43.v20210629/jetty-security-9.4.43.v20210629.jar:/home/runner/.m2/repository/org/rocksdb/rocksdbjni/7.0.4/rocksdbjni-7.0.4.jar:/home/runner/.m2/repository/io/prometheus/simpleclient_dropwizard/0.7.0/simpleclient_dropwizard-0.7.0.jar:/home/runner/.m2/repository/io/prometheus/simpleclient/0.7.0/simpleclient-0.7.0.jar:/home/runner/.m2/repository/io/prometheus/simpleclient_common/0.7.0/simpleclient_common-0.7.0.jar:/home/runner/.m2/repository/io/dropwizard/metrics/metrics-core/3.2.4/metrics-core-3.2.4.jar:/home/runner/.m2/repository/org/apache/hadoop/hadoop-hdfs-client/3.3.1/hadoop-hdfs-client-3.3.1.jar:/home/runner/.m2/repository/org/bouncycastle/bcprov-jdk15on/1.67/bcprov-jdk15on-1.67.jar:/home/runner/.m2/repository/com/google/protobuf/protobuf-java/2.5.0/protobuf-java-2.5.0.jar:/home/runner/.m2/repository/org/apache/ozone/ozone-manager/1.3.0-SNAPSHOT/ozone-manager-1.3.0-SNAPSHOT.jar:/home/runner/.m2/repository/org/aspectj/aspectjrt/1.9.7/aspectjrt-1.9.7.jar:/home/runner/.m2/repository/org/aspectj/aspectjweaver/1.9.7/aspectjweaver-1.9.7.jar:/home/runner/.m2/repository/org/apache/ozone/hdds-interface-client/1.3.0-SNAPSHOT/hdds-interface-client-1.3.0-SNAPSHOT.jar:/home/runner/.m2/repository/org/apache/hadoop/thirdparty/hadoop-shaded-protobuf_3_7/1.1.1/hadoop-shaded-protobuf_3_7-1.1.1.jar:/home/runner/.m2/repository/org/apache/ozone/ozone-interface-storage/1.3.0-SNAPSHOT/ozone-interface-storage-1.3.0-SNAPSHOT.jar:/home/runner/.m2/repository/org/reflections/reflections/0.9.11/reflections-0.9.11.jar:/home/runner/.m2/repository/org/apache/hadoop/hadoop-minikdc/3.3.1/hadoop-minikdc-3.3.1.jar:/home/runner/.m2/repository/org/apache/kerby/kerb-simplekdc/1.0.1/kerb-simplekdc-1.0.1.jar:/home/runner/.m2/repository/org/apache/kerby/kerb-client/1.0.1/kerb-client-1.0.1.jar:/home/runner/.m2/repository/org/apache/kerby/kerby-config/1.0.1/kerby-config-1.0.1.jar:/home/runner/.m2/repository/org/apache/kerby/kerb-common/1.0.1/kerb-common-1.0.1.jar:/home/runner/.m2/repository/org/apache/kerby/kerb-crypto/1.0.1/kerb-crypto-1.0.1.jar:/home/runner/.m2/repository/org/apache/kerby/kerb-util/1.0.1/kerb-util-1.0.1.jar:/home/runner/.m2/repository/org/apache/kerby/token-provider/1.0.1/token-provider-1.0.1.jar:/home/runner/.m2/repository/org/apache/kerby/kerb-admin/1.0.1/kerb-admin-1.0.1.jar:/home/runner/.m2/repository/org/apache/kerby/kerb-server/1.0.1/kerb-server-1.0.1.jar:/home/runner/.m2/repository/org/apache/kerby/kerb-identity/1.0.1/kerb-identity-1.0.1.jar:/home/runner/.m2/repository/org/apache/kerby/kerby-xdr/1.0.1/kerby-xdr-1.0.1.jar:/home/runner/.m2/repository/org/slf4j/slf4j-log4j12/1.7.30/slf4j-log4j12-1.7.30.jar:/home/runner/.m2/repository/org/apache/ozone/ozone-s3gateway/1.3.0-SNAPSHOT/ozone-s3gateway-1.3.0-SNAPSHOT.jar:/home/runner/.m2/repository/org/javassist/javassist/3.21.0-GA/javassist-3.21.0-GA.jar:/home/runner/.m2/repository/org/jboss/weld/servlet/weld-servlet/2.4.7.Final/weld-servlet-2.4.7.Final.jar:/home/runner/.m2/repository/org/glassfish/jersey/containers/jersey-container-servlet-core/2.33/jersey-container-servlet-core-2.33.jar:/home/runner/.m2/repository/org/glassfish/hk2/external/jakarta.inject/2.6.1/jakarta.inject-2.6.1.jar:/home/runner/.m2/repository/org/glassfish/jersey/core/jersey-common/2.33/jersey-common-2.33.jar:/home/runner/.m2/repository/jakarta/ws/rs/jakarta.ws.rs-api/2.1.6/jakarta.ws.rs-api-2.1.6.jar:/home/runner/.m2/repository/org/glassfish/jersey/ext/cdi/jersey-cdi1x/2.33/jersey-cdi1x-2.33.jar:/home/runner/.m2/repository/org/glassfish/jersey/inject/jersey-hk2/2.33/jersey-hk2-2.33.jar:/home/runner/.m2/repository/org/glassfish/hk2/hk2-locator/2.6.1/hk2-locator-2.6.1.jar:/home/runner/.m2/repository/org/glassfish/jersey/media/jersey-media-jaxb/2.33/jersey-media-jaxb-2.33.jar:/home/runner/.m2/repository/org/glassfish/hk2/osgi-resource-locator/1.0.3/osgi-resource-locator-1.0.3.jar:/home/runner/.m2/repository/org/glassfish/hk2/hk2-api/2.5.0/hk2-api-2.5.0.jar:/home/runner/.m2/repository/org/glassfish/hk2/hk2-utils/2.5.0/hk2-utils-2.5.0.jar:/home/runner/.m2/repository/org/glassfish/hk2/external/aopalliance-repackaged/2.5.0/aopalliance-repackaged-2.5.0.jar:/home/runner/.m2/repository/com/fasterxml/jackson/dataformat/jackson-dataformat-xml/2.13.2/jackson-dataformat-xml-2.13.2.jar:/home/runner/.m2/repository/com/fasterxml/jackson/core/jackson-core/2.13.2/jackson-core-2.13.2.jar:/home/runner/.m2/repository/org/codehaus/woodstox/stax2-api/3.1.4/stax2-api-3.1.4.jar:/home/runner/.m2/repository/com/fasterxml/woodstox/woodstox-core/5.0.3/woodstox-core-5.0.3.jar:/home/runner/.m2/repository/com/fasterxml/jackson/module/jackson-module-jaxb-annotations/2.13.2/jackson-module-jaxb-annotations-2.13.2.jar:/home/runner/.m2/repository/jakarta/xml/bind/jakarta.xml.bind-api/2.3.3/jakarta.xml.bind-api-2.3.3.jar:/home/runner/.m2/repository/jakarta/activation/jakarta.activation-api/1.2.1/jakarta.activation-api-1.2.1.jar:/home/runner/.m2/repository/javax/enterprise/cdi-api/1.2/cdi-api-1.2.jar:/home/runner/.m2/repository/javax/el/javax.el-api/3.0.0/javax.el-api-3.0.0.jar:/home/runner/.m2/repository/javax/interceptor/javax.interceptor-api/1.2/javax.interceptor-api-1.2.jar:/home/runner/.m2/repository/javax/inject/javax.inject/1/javax.inject-1.jar:/home/runner/.m2/repository/javax/xml/bind/jaxb-api/2.3.0/jaxb-api-2.3.0.jar:/home/runner/.m2/repository/org/glassfish/jaxb/jaxb-runtime/2.3.0.1/jaxb-runtime-2.3.0.1.jar:/home/runner/.m2/repository/org/glassfish/jaxb/jaxb-core/2.3.0.1/jaxb-core-2.3.0.1.jar:/home/runner/.m2/repository/org/glassfish/jaxb/txw2/2.3.0.1/txw2-2.3.0.1.jar:/home/runner/.m2/repository/com/sun/istack/istack-commons-runtime/3.0.5/istack-commons-runtime-3.0.5.jar:/home/runner/.m2/repository/org/jvnet/staxex/stax-ex/1.7.8/stax-ex-1.7.8.jar:/home/runner/.m2/repository/com/sun/xml/fastinfoset/FastInfoset/1.2.13/FastInfoset-1.2.13.jar:/home/runner/.m2/repository/javax/activation/activation/1.1.1/activation-1.1.1.jar:/home/runner/.m2/repository/io/grpc/grpc-protobuf/1.44.0/grpc-protobuf-1.44.0.jar:/home/runner/.m2/repository/io/grpc/grpc-api/1.44.0/grpc-api-1.44.0.jar:/home/runner/.m2/repository/io/grpc/grpc-context/1.44.0/grpc-context-1.44.0.jar:/home/runner/.m2/repository/com/google/api/grpc/proto-google-common-protos/2.0.1/proto-google-common-protos-2.0.1.jar:/home/runner/.m2/repository/io/grpc/grpc-protobuf-lite/1.44.0/grpc-protobuf-lite-1.44.0.jar:/home/runner/.m2/repository/io/grpc/grpc-stub/1.44.0/grpc-stub-1.44.0.jar:/home/runner/.m2/repository/io/netty/netty-transport/4.1.74.Final/netty-transport-4.1.74.Final.jar:/home/runner/.m2/repository/io/netty/netty-resolver/4.1.74.Final/netty-resolver-4.1.74.Final.jar:/home/runner/.m2/repository/org/apache/ozone/ozone-csi/1.3.0-SNAPSHOT/ozone-csi-1.3.0-SNAPSHOT.jar:/home/runner/.m2/repository/com/google/protobuf/protobuf-java-util/3.19.2/protobuf-java-util-3.19.2.jar:/home/runner/.m2/repository/com/google/code/gson/gson/2.8.9/gson-2.8.9.jar:/home/runner/.m2/repository/org/apache/ozone/hdds-config/1.3.0-SNAPSHOT/hdds-config-1.3.0-SNAPSHOT.jar:/home/runner/.m2/repository/io/netty/netty-transport-native-epoll/4.1.74.Final/netty-transport-native-epoll-4.1.74.Final-linux-x86_64.jar:/home/runner/.m2/repository/io/netty/netty-transport-classes-epoll/4.1.74.Final/netty-transport-classes-epoll-4.1.74.Final.jar:/home/runner/.m2/repository/io/netty/netty-transport-native-unix-common/4.1.74.Final/netty-transport-native-unix-common-4.1.74.Final.jar:/home/runner/.m2/repository/org/apache/ozone/ozone-recon/1.3.0-SNAPSHOT/ozone-recon-1.3.0-SNAPSHOT.jar:/home/runner/.m2/repository/org/apache/ozone/ozone-reconcodegen/1.3.0-SNAPSHOT/ozone-reconcodegen-1.3.0-SNAPSHOT.jar:/home/runner/.m2/repository/com/google/inject/extensions/guice-multibindings/4.0/guice-multibindings-4.0.jar:/home/runner/.m2/repository/com/google/inject/guice/4.0/guice-4.0.jar:/home/runner/.m2/repository/aopalliance/aopalliance/1.0/aopalliance-1.0.jar:/home/runner/.m2/repository/com/google/inject/extensions/guice-assistedinject/4.0/guice-assistedinject-4.0.jar:/home/runner/.m2/repository/com/google/inject/extensions/guice-servlet/4.0/guice-servlet-4.0.jar:/home/runner/.m2/repository/org/glassfish/jersey/containers/jersey-container-servlet/2.33/jersey-container-servlet-2.33.jar:/home/runner/.m2/repository/org/glassfish/hk2/guice-bridge/2.5.0/guice-bridge-2.5.0.jar:/home/runner/.m2/repository/org/glassfish/jersey/core/jersey-server/2.33/jersey-server-2.33.jar:/home/runner/.m2/repository/org/glassfish/jersey/core/jersey-client/2.33/jersey-client-2.33.jar:/home/runner/.m2/repository/jakarta/annotation/jakarta.annotation-api/1.3.5/jakarta.annotation-api-1.3.5.jar:/home/runner/.m2/repository/jakarta/validation/jakarta.validation-api/2.0.2/jakarta.validation-api-2.0.2.jar:/home/runner/.m2/repository/org/glassfish/jersey/media/jersey-media-json-jackson/2.33/jersey-media-json-jackson-2.33.jar:/home/runner/.m2/repository/org/glassfish/jersey/ext/jersey-entity-filtering/2.33/jersey-entity-filtering-2.33.jar:/home/runner/.m2/repository/org/jooq/jooq/3.11.10/jooq-3.11.10.jar:/home/runner/.m2/repository/org/jooq/jooq-meta/3.11.10/jooq-meta-3.11.10.jar:/home/runner/.m2/repository/org/jooq/jooq-codegen/3.11.10/jooq-codegen-3.11.10.jar:/home/runner/.m2/repository/com/jolbox/bonecp/0.8.0.RELEASE/bonecp-0.8.0.RELEASE.jar:/home/runner/.m2/repository/org/apache/derby/derby/10.14.2.0/derby-10.14.2.0.jar:/home/runner/.m2/repository/org/xerial/sqlite-jdbc/3.25.2/sqlite-jdbc-3.25.2.jar:/home/runner/.m2/repository/org/springframework/spring-jdbc/5.2.20.RELEASE/spring-jdbc-5.2.20.RELEASE.jar:/home/runner/.m2/repository/org/springframework/spring-beans/5.2.20.RELEASE/spring-beans-5.2.20.RELEASE.jar:/home/runner/.m2/repository/org/springframework/spring-core/5.2.20.RELEASE/spring-core-5.2.20.RELEASE.jar:/home/runner/.m2/repository/org/springframework/spring-jcl/5.2.20.RELEASE/spring-jcl-5.2.20.RELEASE.jar:/home/runner/.m2/repository/org/springframework/spring-tx/5.2.20.RELEASE/spring-tx-5.2.20.RELEASE.jar:/home/runner/.m2/repository/org/apache/ozone/ozone-client/1.3.0-SNAPSHOT/ozone-client-1.3.0-SNAPSHOT.jar:/home/runner/.m2/repository/org/apache/ozone/hdds-erasurecode/1.3.0-SNAPSHOT/hdds-erasurecode-1.3.0-SNAPSHOT.jar:/home/runner/.m2/repository/com/github/spotbugs/spotbugs-annotations/3.1.12/spotbugs-annotations-3.1.12.jar:/home/runner/.m2/repository/org/apache/ozone/ozone-filesystem/1.3.0-SNAPSHOT/ozone-filesystem-1.3.0-SNAPSHOT.jar:/home/runner/.m2/repository/org/apache/ozone/ozone-filesystem-common/1.3.0-SNAPSHOT/ozone-filesystem-common-1.3.0-SNAPSHOT.jar:/home/runner/.m2/repository/org/apache/ozone/ozone-tools/1.3.0-SNAPSHOT/ozone-tools-1.3.0-SNAPSHOT.jar:/home/runner/.m2/repository/org/apache/ratis/ratis-tools/2.3.0/ratis-tools-2.3.0.jar:/home/runner/.m2/repository/com/amazonaws/aws-java-sdk-core/1.12.124/aws-java-sdk-core-1.12.124.jar:/home/runner/.m2/repository/org/apache/httpcomponents/httpclient/4.5.13/httpclient-4.5.13.jar:/home/runner/.m2/repository/org/apache/httpcomponents/httpcore/4.4.13/httpcore-4.4.13.jar:/home/runner/.m2/repository/software/amazon/ion/ion-java/1.0.2/ion-java-1.0.2.jar:/home/runner/.m2/repository/com/fasterxml/jackson/dataformat/jackson-dataformat-cbor/2.13.2/jackson-dataformat-cbor-2.13.2.jar:/home/runner/.m2/repository/joda-time/joda-time/2.8.1/joda-time-2.8.1.jar:/home/runner/.m2/repository/com/amazonaws/aws-java-sdk-s3/1.12.124/aws-java-sdk-s3-1.12.124.jar:/home/runner/.m2/repository/com/amazonaws/aws-java-sdk-kms/1.12.124/aws-java-sdk-kms-1.12.124.jar:/home/runner/.m2/repository/com/amazonaws/jmespath-java/1.12.124/jmespath-java-1.12.124.jar:/home/runner/.m2/repository/org/kohsuke/metainf-services/metainf-services/1.8/metainf-services-1.8.jar:/home/runner/.m2/repository/org/apache/ozone/hdds-tools/1.3.0-SNAPSHOT/hdds-tools-1.3.0-SNAPSHOT.jar:/home/runner/.m2/repository/commons-cli/commons-cli/1.2/commons-cli-1.2.jar:/home/runner/.m2/repository/org/apache/commons/commons-lang3/3.7/commons-lang3-3.7.jar:/home/runner/.m2/repository/org/apache/ozone/ozone-manager/1.3.0-SNAPSHOT/ozone-manager-1.3.0-SNAPSHOT-tests.jar:/home/runner/.m2/repository/org/apache/ozone/hdds-common/1.3.0-SNAPSHOT/hdds-common-1.3.0-SNAPSHOT-tests.jar:/home/runner/.m2/repository/org/apache/ozone/hdds-hadoop-dependency-client/1.3.0-SNAPSHOT/hdds-hadoop-dependency-client-1.3.0-SNAPSHOT.jar:/home/runner/.m2/repository/info/picocli/picocli/4.6.1/picocli-4.6.1.jar:/home/runner/.m2/repository/com/fasterxml/jackson/core/jackson-annotations/2.13.2/jackson-annotations-2.13.2.jar:/home/runner/.m2/repository/com/fasterxml/jackson/datatype/jackson-datatype-jsr310/2.13.2/jackson-datatype-jsr310-2.13.2.jar:/home/runner/.m2/repository/javax/annotation/javax.annotation-api/1.2/javax.annotation-api-1.2.jar:/home/runner/.m2/repository/org/apache/ratis/ratis-server/2.3.0/ratis-server-2.3.0.jar:/home/runner/.m2/repository/org/apache/ratis/ratis-client/2.3.0/ratis-client-2.3.0.jar:/home/runner/.m2/repository/org/apache/ratis/ratis-server-api/2.3.0/ratis-server-api-2.3.0.jar:/home/runner/.m2/repository/org/apache/ratis/ratis-metrics/2.3.0/ratis-metrics-2.3.0.jar:/home/runner/.m2/repository/org/apache/ratis/ratis-netty/2.3.0/ratis-netty-2.3.0.jar:/home/runner/.m2/repository/org/apache/ratis/ratis-grpc/2.3.0/ratis-grpc-2.3.0.jar:/home/runner/.m2/repository/org/apache/logging/log4j/log4j-api/2.17.1/log4j-api-2.17.1.jar:/home/runner/.m2/repository/org/apache/commons/commons-pool2/2.6.0/commons-pool2-2.6.0.jar:/home/runner/.m2/repository/org/bouncycastle/bcpkix-jdk15on/1.67/bcpkix-jdk15on-1.67.jar:/home/runner/.m2/repository/commons-validator/commons-validator/1.6/commons-validator-1.6.jar:/home/runner/.m2/repository/commons-beanutils/commons-beanutils/1.9.4/commons-beanutils-1.9.4.jar:/home/runner/.m2/repository/commons-digester/commons-digester/1.8.1/commons-digester-1.8.1.jar:/home/runner/.m2/repository/commons-collections/commons-collections/3.2.2/commons-collections-3.2.2.jar:/home/runner/.m2/repository/io/jaegertracing/jaeger-client/1.6.0/jaeger-client-1.6.0.jar:/home/runner/.m2/repository/io/jaegertracing/jaeger-thrift/1.6.0/jaeger-thrift-1.6.0.jar:/home/runner/.m2/repository/org/apache/thrift/libthrift/0.14.1/libthrift-0.14.1.jar:/home/runner/.m2/repository/com/squareup/okhttp3/okhttp/4.9.0/okhttp-4.9.0.jar:/home/runner/.m2/repository/com/squareup/okio/okio/2.8.0/okio-2.8.0.jar:/home/runner/.m2/repository/io/jaegertracing/jaeger-core/1.6.0/jaeger-core-1.6.0.jar:/home/runner/.m2/repository/io/jaegertracing/jaeger-tracerresolver/1.6.0/jaeger-tracerresolver-1.6.0.jar:/home/runner/.m2/repository/io/opentracing/contrib/opentracing-tracerresolver/0.1.8/opentracing-tracerresolver-0.1.8.jar:/home/runner/.m2/repository/org/jetbrains/kotlin/kotlin-stdlib/1.4.31/kotlin-stdlib-1.4.31.jar:/home/runner/.m2/repository/org/jetbrains/kotlin/kotlin-stdlib-common/1.4.31/kotlin-stdlib-common-1.4.31.jar:/home/runner/.m2/repository/org/jetbrains/annotations/13.0/annotations-13.0.jar:/home/runner/.m2/repository/io/opentracing/opentracing-util/0.33.0/opentracing-util-0.33.0.jar:/home/runner/.m2/repository/io/opentracing/opentracing-api/0.33.0/opentracing-api-0.33.0.jar:/home/runner/.m2/repository/io/opentracing/opentracing-noop/0.33.0/opentracing-noop-0.33.0.jar:/home/runner/.m2/repository/org/yaml/snakeyaml/1.26/snakeyaml-1.26.jar:/home/runner/.m2/repository/org/apache/ozone/hdds-interface-admin/1.3.0-SNAPSHOT/hdds-interface-admin-1.3.0-SNAPSHOT.jar:/home/runner/.m2/repository/junit/junit/4.13.1/junit-4.13.1.jar:/home/runner/.m2/repository/org/hamcrest/hamcrest-core/1.3/hamcrest-core-1.3.jar:/home/runner/.m2/repository/org/junit/jupiter/junit-jupiter-api/5.8.2/junit-jupiter-api-5.8.2.jar:/home/runner/.m2/repository/org/opentest4j/opentest4j/1.2.0/opentest4j-1.2.0.jar:/home/runner/.m2/repository/org/junit/platform/junit-platform-commons/1.8.2/junit-platform-commons-1.8.2.jar:/home/runner/.m2/repository/org/apiguardian/apiguardian-api/1.1.2/apiguardian-api-1.1.2.jar:/home/runner/.m2/repository/org/junit/jupiter/junit-jupiter-params/5.8.2/junit-jupiter-params-5.8.2.jar:/home/runner/.m2/repository/org/junit/jupiter/junit-jupiter-migrationsupport/5.8.2/junit-jupiter-migrationsupport-5.8.2.jar:/home/runner/.m2/repository/org/junit/jupiter/junit-jupiter-engine/5.8.2/junit-jupiter-engine-5.8.2.jar:/home/runner/.m2/repository/org/junit/platform/junit-platform-engine/1.8.2/junit-platform-engine-1.8.2.jar:/home/runner/.m2/repository/org/junit/vintage/junit-vintage-engine/5.8.2/junit-vintage-engine-5.8.2.jar:/home/runner/.m2/repository/org/junit/platform/junit-platform-launcher/1.8.2/junit-platform-launcher-1.8.2.jar:/home/runner/.m2/repository/org/mockito/mockito-core/2.28.2/mockito-core-2.28.2.jar:/home/runner/.m2/repository/net/bytebuddy/byte-buddy/1.9.10/byte-buddy-1.9.10.jar:/home/runner/.m2/repository/net/bytebuddy/byte-buddy-agent/1.9.10/byte-buddy-agent-1.9.10.jar:/home/runner/.m2/repository/org/objenesis/objenesis/1.0/objenesis-1.0.jar:/home/runner/.m2/repository/org/apache/hadoop/hadoop-kms/3.3.1/hadoop-kms-3.3.1.jar:/home/runner/.m2/repository/org/apache/hadoop/hadoop-auth/3.3.1/hadoop-auth-3.3.1.jar:/home/runner/.m2/repository/com/nimbusds/nimbus-jose-jwt/7.9/nimbus-jose-jwt-7.9.jar:/home/runner/.m2/repository/com/github/stephenc/jcip/jcip-annotations/1.0-1/jcip-annotations-1.0-1.jar:/home/runner/.m2/repository/net/minidev/json-smart/2.4.7/json-smart-2.4.7.jar:/home/runner/.m2/repository/net/minidev/accessors-smart/2.4.7/accessors-smart-2.4.7.jar:/home/runner/.m2/repository/org/ow2/asm/asm/5.0.4/asm-5.0.4.jar:/home/runner/.m2/repository/org/apache/zookeeper/zookeeper/3.5.6/zookeeper-3.5.6.jar:/home/runner/.m2/repository/org/apache/zookeeper/zookeeper-jute/3.5.6/zookeeper-jute-3.5.6.jar:/home/runner/.m2/repository/org/apache/yetus/audience-annotations/0.5.0/audience-annotations-0.5.0.jar:/home/runner/.m2/repository/org/apache/curator/curator-framework/4.2.0/curator-framework-4.2.0.jar:/home/runner/.m2/repository/org/apache/hadoop/thirdparty/hadoop-shaded-guava/1.1.1/hadoop-shaded-guava-1.1.1.jar:/home/runner/.m2/repository/com/sun/jersey/jersey-core/1.19/jersey-core-1.19.jar:/home/runner/.m2/repository/javax/ws/rs/jsr311-api/1.1.1/jsr311-api-1.1.1.jar:/home/runner/.m2/repository/com/sun/jersey/jersey-server/1.19/jersey-server-1.19.jar:/home/runner/.m2/repository/javax/servlet/javax.servlet-api/3.1.0/javax.servlet-api-3.1.0.jar:/home/runner/.m2/repository/org/eclipse/jetty/jetty-server/9.4.43.v20210629/jetty-server-9.4.43.v20210629.jar:/home/runner/.m2/repository/org/eclipse/jetty/jetty-http/9.4.43.v20210629/jetty-http-9.4.43.v20210629.jar:/home/runner/.m2/repository/org/eclipse/jetty/jetty-io/9.4.43.v20210629/jetty-io-9.4.43.v20210629.jar:/home/runner/.m2/repository/org/eclipse/jetty/jetty-webapp/9.4.43.v20210629/jetty-webapp-9.4.43.v20210629.jar:/home/runner/.m2/repository/org/eclipse/jetty/jetty-xml/9.4.43.v20210629/jetty-xml-9.4.43.v20210629.jar:/home/runner/.m2/repository/org/apache/hadoop/hadoop-common/3.3.1/hadoop-common-3.3.1.jar:/home/runner/.m2/repository/org/apache/commons/commons-math3/3.1.1/commons-math3-3.1.1.jar:/home/runner/.m2/repository/commons-net/commons-net/3.6/commons-net-3.6.jar:/home/runner/.m2/repository/com/sun/jersey/jersey-servlet/1.19/jersey-servlet-1.19.jar:/home/runner/.m2/repository/com/sun/jersey/jersey-json/1.19/jersey-json-1.19.jar:/home/runner/.m2/repository/org/codehaus/jettison/jettison/1.1/jettison-1.1.jar:/home/runner/.m2/repository/com/sun/xml/bind/jaxb-impl/2.2.3-1/jaxb-impl-2.2.3-1.jar:/home/runner/.m2/repository/org/codehaus/jackson/jackson-jaxrs/1.9.2/jackson-jaxrs-1.9.2.jar:/home/runner/.m2/repository/org/codehaus/jackson/jackson-xc/1.9.2/jackson-xc-1.9.2.jar:/home/runner/.m2/repository/org/apache/commons/commons-configuration2/2.1.1/commons-configuration2-2.1.1.jar:/home/runner/.m2/repository/org/apache/commons/commons-text/1.4/commons-text-1.4.jar:/home/runner/.m2/repository/com/google/re2j/re2j/1.1/re2j-1.1.jar:/home/runner/.m2/repository/com/jcraft/jsch/0.1.54/jsch-0.1.54.jar:/home/runner/.m2/repository/org/apache/curator/curator-client/4.2.0/curator-client-4.2.0.jar:/home/runner/.m2/repository/org/apache/curator/curator-recipes/4.2.0/curator-recipes-4.2.0.jar:/home/runner/.m2/repository/org/apache/kerby/kerb-core/1.0.1/kerb-core-1.0.1.jar:/home/runner/.m2/repository/org/apache/kerby/kerby-pkix/1.0.1/kerby-pkix-1.0.1.jar:/home/runner/.m2/repository/org/apache/kerby/kerby-asn1/1.0.1/kerby-asn1-1.0.1.jar:/home/runner/.m2/repository/org/apache/kerby/kerby-util/1.0.1/kerby-util-1.0.1.jar:/home/runner/.m2/repository/dnsjava/dnsjava/2.1.7/dnsjava-2.1.7.jar:/home/runner/.m2/repository/org/xerial/snappy/snappy-java/1.1.8.2/snappy-java-1.1.8.2.jar:/home/runner/.m2/repository/org/slf4j/jul-to-slf4j/1.7.30/jul-to-slf4j-1.7.30.jar:/home/runner/.m2/repository/org/eclipse/jetty/jetty-util/9.4.43.v20210629/jetty-util-9.4.43.v20210629.jar:/home/runner/.m2/repository/com/fasterxml/jackson/core/jackson-databind/2.13.2.2/jackson-databind-2.13.2.2.jar:/home/runner/.m2/repository/org/apache/hadoop/hadoop-kms/3.3.1/hadoop-kms-3.3.1-tests.jar:/home/runner/.m2/repository/org/apache/ozone/hdds-server-scm/1.3.0-SNAPSHOT/hdds-server-scm-1.3.0-SNAPSHOT-tests.jar:/home/runner/.m2/repository/org/apache/ozone/hdds-container-service/1.3.0-SNAPSHOT/hdds-container-service-1.3.0-SNAPSHOT-tests.jar:/home/runner/.m2/repository/commons-codec/commons-codec/1.11/commons-codec-1.11.jar:/home/runner/.m2/repository/io/netty/netty-codec/4.1.74.Final/netty-codec-4.1.74.Final.jar:/home/runner/.m2/repository/io/netty/netty-handler/4.1.74.Final/netty-handler-4.1.74.Final.jar:/home/runner/.m2/repository/org/apache/ozone/hdds-hadoop-dependency-test/1.3.0-SNAPSHOT/hdds-hadoop-dependency-test-1.3.0-SNAPSHOT.jar:/home/runner/.m2/repository/org/apache/hadoop/hadoop-common/3.3.1/hadoop-common-3.3.1-tests.jar:/home/runner/.m2/repository/org/assertj/assertj-core/3.12.2/assertj-core-3.12.2.jar:/home/runner/.m2/repository/org/apache/hadoop/hadoop-hdfs/3.3.1/hadoop-hdfs-3.3.1-tests.jar:/home/runner/.m2/repository/org/eclipse/jetty/jetty-util-ajax/9.4.43.v20210629/jetty-util-ajax-9.4.43.v20210629.jar:/home/runner/.m2/repository/commons-daemon/commons-daemon/1.0.13/commons-daemon-1.0.13.jar:/home/runner/.m2/repository/io/netty/netty/3.10.6.Final/netty-3.10.6.Final.jar:/home/runner/.m2/repository/io/netty/netty-all/4.1.74.Final/netty-all-4.1.74.Final.jar:/home/runner/.m2/repository/io/netty/netty-codec-dns/4.1.74.Final/netty-codec-dns-4.1.74.Final.jar:/home/runner/.m2/repository/io/netty/netty-codec-haproxy/4.1.74.Final/netty-codec-haproxy-4.1.74.Final.jar:/home/runner/.m2/repository/io/netty/netty-codec-memcache/4.1.74.Final/netty-codec-memcache-4.1.74.Final.jar:/home/runner/.m2/repository/io/netty/netty-codec-mqtt/4.1.74.Final/netty-codec-mqtt-4.1.74.Final.jar:/home/runner/.m2/repository/io/netty/netty-codec-redis/4.1.74.Final/netty-codec-redis-4.1.74.Final.jar:/home/runner/.m2/repository/io/netty/netty-codec-smtp/4.1.74.Final/netty-codec-smtp-4.1.74.Final.jar:/home/runner/.m2/repository/io/netty/netty-codec-stomp/4.1.74.Final/netty-codec-stomp-4.1.74.Final.jar:/home/runner/.m2/repository/io/netty/netty-codec-xml/4.1.74.Final/netty-codec-xml-4.1.74.Final.jar:/home/runner/.m2/repository/io/netty/netty-resolver-dns/4.1.74.Final/netty-resolver-dns-4.1.74.Final.jar:/home/runner/.m2/repository/io/netty/netty-transport-rxtx/4.1.74.Final/netty-transport-rxtx-4.1.74.Final.jar:/home/runner/.m2/repository/io/netty/netty-transport-sctp/4.1.74.Final/netty-transport-sctp-4.1.74.Final.jar:/home/runner/.m2/repository/io/netty/netty-transport-udt/4.1.74.Final/netty-transport-udt-4.1.74.Final.jar:/home/runner/.m2/repository/io/netty/netty-transport-classes-kqueue/4.1.74.Final/netty-transport-classes-kqueue-4.1.74.Final.jar:/home/runner/.m2/repository/io/netty/netty-resolver-dns-classes-macos/4.1.74.Final/netty-resolver-dns-classes-macos-4.1.74.Final.jar:/home/runner/.m2/repository/io/netty/netty-transport-native-epoll/4.1.74.Final/netty-transport-native-epoll-4.1.74.Final-linux-aarch_64.jar:/home/runner/.m2/repository/io/netty/netty-transport-native-kqueue/4.1.74.Final/netty-transport-native-kqueue-4.1.74.Final-osx-x86_64.jar:/home/runner/.m2/repository/io/netty/netty-transport-native-kqueue/4.1.74.Final/netty-transport-native-kqueue-4.1.74.Final-osx-aarch_64.jar:/home/runner/.m2/repository/io/netty/netty-resolver-dns-native-macos/4.1.74.Final/netty-resolver-dns-native-macos-4.1.74.Final-osx-x86_64.jar:/home/runner/.m2/repository/io/netty/netty-resolver-dns-native-macos/4.1.74.Final/netty-resolver-dns-native-macos-4.1.74.Final-osx-aarch_64.jar:/home/runner/.m2/repository/org/apache/htrace/htrace-core4/4.1.0-incubating/htrace-core4-4.1.0-incubating.jar:/home/runner/.m2/repository/org/fusesource/leveldbjni/leveldbjni-all/1.8/leveldbjni-all-1.8.jar:/home/runner/.m2/repository/org/apache/hadoop/hadoop-distcp/3.3.1/hadoop-distcp-3.3.1.jar:/home/runner/.m2/repository/org/apache/hadoop/hadoop-mapreduce-client-jobclient/3.3.1/hadoop-mapreduce-client-jobclient-3.3.1.jar:/home/runner/.m2/repository/org/apache/hadoop/hadoop-mapreduce-client-common/3.3.1/hadoop-mapreduce-client-common-3.3.1.jar:/home/runner/.m2/repository/org/apache/hadoop/hadoop-yarn-common/3.3.1/hadoop-yarn-common-3.3.1.jar:/home/runner/.m2/repository/org/apache/hadoop/hadoop-yarn-api/3.3.1/hadoop-yarn-api-3.3.1.jar:/home/runner/.m2/repository/com/sun/jersey/jersey-client/1.19/jersey-client-1.19.jar:/home/runner/.m2/repository/com/sun/jersey/contribs/jersey-guice/1.19/jersey-guice-1.19.jar:/home/runner/.m2/repository/com/fasterxml/jackson/jaxrs/jackson-jaxrs-json-provider/2.13.2/jackson-jaxrs-json-provider-2.13.2.jar:/home/runner/.m2/repository/com/fasterxml/jackson/jaxrs/jackson-jaxrs-base/2.13.2/jackson-jaxrs-base-2.13.2.jar:/home/runner/.m2/repository/org/apache/hadoop/hadoop-yarn-client/3.3.1/hadoop-yarn-client-3.3.1.jar:/home/runner/.m2/repository/org/eclipse/jetty/websocket/websocket-client/9.4.40.v20210413/websocket-client-9.4.40.v20210413.jar:/home/runner/.m2/repository/org/eclipse/jetty/jetty-client/9.4.40.v20210413/jetty-client-9.4.40.v20210413.jar:/home/runner/.m2/repository/org/eclipse/jetty/websocket/websocket-common/9.4.40.v20210413/websocket-common-9.4.40.v20210413.jar:/home/runner/.m2/repository/org/eclipse/jetty/websocket/websocket-api/9.4.40.v20210413/websocket-api-9.4.40.v20210413.jar:/home/runner/.m2/repository/org/jline/jline/3.9.0/jline-3.9.0.jar:/home/runner/.m2/repository/org/apache/hadoop/hadoop-mapreduce-client-core/3.3.1/hadoop-mapreduce-client-core-3.3.1.jar:/home/runner/.m2/repository/org/apache/avro/avro/1.7.7/avro-1.7.7.jar:/home/runner/.m2/repository/org/codehaus/jackson/jackson-core-asl/1.9.13/jackson-core-asl-1.9.13.jar:/home/runner/.m2/repository/org/codehaus/jackson/jackson-mapper-asl/1.9.13/jackson-mapper-asl-1.9.13.jar:/home/runner/.m2/repository/com/thoughtworks/paranamer/paranamer/2.3/paranamer-2.3.jar:/home/runner/.m2/repository/org/apache/hadoop/hadoop-annotations/3.3.1/hadoop-annotations-3.3.1.jar:/usr/lib/jvm/temurin-8-jdk-amd64/jre/../lib/tools.jar:/home/runner/.m2/repository/org/apache/hadoop/hadoop-distcp/3.3.1/hadoop-distcp-3.3.1-tests.jar:/home/runner/.m2/repository/org/apache/ratis/ratis-common/2.3.0/ratis-common-2.3.0.jar:/home/runner/.m2/repository/org/apache/ratis/ratis-thirdparty-misc/1.0.0/ratis-thirdparty-misc-1.0.0.jar:/home/runner/.m2/repository/org/apache/ratis/ratis-proto/2.3.0/ratis-proto-2.3.0.jar:/home/runner/.m2/repository/org/apache/ozone/ozone-annotation-processing/1.3.0-SNAPSHOT/ozone-annotation-processing-1.3.0-SNAPSHOT.jar:"/>
    <property name="java.vm.vendor" value="Temurin"/>
    <property name="sun.arch.data.model" value="64"/>
    <property name="test.build.dir" value="/home/runner/work/ozone/ozone/hadoop-ozone/integration-test/target/test-dir"/>
    <property name="test.cache.data" value=""/>
    <property name="java.vendor.url" value="https://adoptium.net/"/>
    <property name="user.timezone" value="Etc/UTC"/>
    <property name="java.vm.specification.version" value="1.8"/>
    <property name="os.name" value="Linux"/>
    <property name="test.build.data" value="/home/runner/work/ozone/ozone/hadoop-ozone/integration-test/target/test-dir"/>
    <property name="sun.java.launcher" value="SUN_STANDARD"/>
    <property name="sun.boot.library.path" value="/usr/lib/jvm/temurin-8-jdk-amd64/jre/lib/amd64"/>
    <property name="sun.java.command" value="/home/runner/work/ozone/ozone/hadoop-ozone/integration-test/target/surefire/surefirebooter3531794430434721159.jar /home/runner/work/ozone/ozone/hadoop-ozone/integration-test/target/surefire 2022-05-22T15-07-32_712-jvmRun1 surefire4910683137341353248tmp surefire_117398785078629474503tmp"/>
    <property name="surefire.test.class.path" value="/home/runner/work/ozone/ozone/hadoop-ozone/integration-test/target/test-classes:/home/runner/work/ozone/ozone/hadoop-ozone/integration-test/target/classes:/home/runner/.m2/repository/org/apache/ozone/ozone-common/1.3.0-SNAPSHOT/ozone-common-1.3.0-SNAPSHOT.jar:/home/runner/.m2/repository/io/grpc/grpc-netty/1.44.0/grpc-netty-1.44.0.jar:/home/runner/.m2/repository/io/grpc/grpc-core/1.44.0/grpc-core-1.44.0.jar:/home/runner/.m2/repository/com/google/android/annotations/4.1.1.4/annotations-4.1.1.4.jar:/home/runner/.m2/repository/org/codehaus/mojo/animal-sniffer-annotations/1.19/animal-sniffer-annotations-1.19.jar:/home/runner/.m2/repository/com/google/errorprone/error_prone_annotations/2.2.0/error_prone_annotations-2.2.0.jar:/home/runner/.m2/repository/io/perfmark/perfmark-api/0.23.0/perfmark-api-0.23.0.jar:/home/runner/.m2/repository/io/netty/netty-codec-http2/4.1.74.Final/netty-codec-http2-4.1.74.Final.jar:/home/runner/.m2/repository/io/netty/netty-common/4.1.74.Final/netty-common-4.1.74.Final.jar:/home/runner/.m2/repository/io/netty/netty-buffer/4.1.74.Final/netty-buffer-4.1.74.Final.jar:/home/runner/.m2/repository/io/netty/netty-codec-http/4.1.74.Final/netty-codec-http-4.1.74.Final.jar:/home/runner/.m2/repository/io/netty/netty-handler-proxy/4.1.74.Final/netty-handler-proxy-4.1.74.Final.jar:/home/runner/.m2/repository/io/netty/netty-codec-socks/4.1.74.Final/netty-codec-socks-4.1.74.Final.jar:/home/runner/.m2/repository/io/netty/netty-tcnative-boringssl-static/2.0.48.Final/netty-tcnative-boringssl-static-2.0.48.Final.jar:/home/runner/.m2/repository/io/netty/netty-tcnative-classes/2.0.48.Final/netty-tcnative-classes-2.0.48.Final.jar:/home/runner/.m2/repository/io/netty/netty-tcnative/2.0.48.Final/netty-tcnative-2.0.48.Final.jar:/home/runner/.m2/repository/org/apache/commons/commons-compress/1.21/commons-compress-1.21.jar:/home/runner/.m2/repository/org/apache/ozone/hdds-common/1.3.0-SNAPSHOT/hdds-common-1.3.0-SNAPSHOT.jar:/home/runner/.m2/repository/org/apache/ozone/hdds-client/1.3.0-SNAPSHOT/hdds-client-1.3.0-SNAPSHOT.jar:/home/runner/.m2/repository/org/apache/ozone/ozone-interface-client/1.3.0-SNAPSHOT/ozone-interface-client-1.3.0-SNAPSHOT.jar:/home/runner/.m2/repository/org/apache/ozone/hdds-test-utils/1.3.0-SNAPSHOT/hdds-test-utils-1.3.0-SNAPSHOT.jar:/home/runner/.m2/repository/com/google/guava/guava/30.1.1-jre/guava-30.1.1-jre.jar:/home/runner/.m2/repository/com/google/guava/failureaccess/1.0.1/failureaccess-1.0.1.jar:/home/runner/.m2/repository/com/google/guava/listenablefuture/9999.0-empty-to-avoid-conflict-with-guava/listenablefuture-9999.0-empty-to-avoid-conflict-with-guava.jar:/home/runner/.m2/repository/com/google/code/findbugs/jsr305/3.0.0/jsr305-3.0.0.jar:/home/runner/.m2/repository/org/checkerframework/checker-qual/3.8.0/checker-qual-3.8.0.jar:/home/runner/.m2/repository/com/google/j2objc/j2objc-annotations/1.3/j2objc-annotations-1.3.jar:/home/runner/.m2/repository/commons-io/commons-io/2.11.0/commons-io-2.11.0.jar:/home/runner/.m2/repository/commons-logging/commons-logging/1.2/commons-logging-1.2.jar:/home/runner/.m2/repository/log4j/log4j/1.2.17/log4j-1.2.17.jar:/home/runner/.m2/repository/org/slf4j/slf4j-api/1.7.30/slf4j-api-1.7.30.jar:/home/runner/.m2/repository/org/apache/ozone/hdds-server-scm/1.3.0-SNAPSHOT/hdds-server-scm-1.3.0-SNAPSHOT.jar:/home/runner/.m2/repository/org/apache/ozone/hdds-container-service/1.3.0-SNAPSHOT/hdds-container-service-1.3.0-SNAPSHOT.jar:/home/runner/.m2/repository/org/apache/ozone/hdds-hadoop-dependency-server/1.3.0-SNAPSHOT/hdds-hadoop-dependency-server-1.3.0-SNAPSHOT.jar:/home/runner/.m2/repository/org/apache/hadoop/hadoop-hdfs/3.3.1/hadoop-hdfs-3.3.1.jar:/home/runner/.m2/repository/org/apache/ozone/hdds-server-framework/1.3.0-SNAPSHOT/hdds-server-framework-1.3.0-SNAPSHOT.jar:/home/runner/.m2/repository/org/apache/ozone/hdds-interface-server/1.3.0-SNAPSHOT/hdds-interface-server-1.3.0-SNAPSHOT.jar:/home/runner/.m2/repository/org/apache/logging/log4j/log4j-core/2.17.1/log4j-core-2.17.1.jar:/home/runner/.m2/repository/com/lmax/disruptor/3.4.2/disruptor-3.4.2.jar:/home/runner/.m2/repository/org/eclipse/jetty/jetty-servlet/9.4.43.v20210629/jetty-servlet-9.4.43.v20210629.jar:/home/runner/.m2/repository/org/eclipse/jetty/jetty-security/9.4.43.v20210629/jetty-security-9.4.43.v20210629.jar:/home/runner/.m2/repository/org/rocksdb/rocksdbjni/7.0.4/rocksdbjni-7.0.4.jar:/home/runner/.m2/repository/io/prometheus/simpleclient_dropwizard/0.7.0/simpleclient_dropwizard-0.7.0.jar:/home/runner/.m2/repository/io/prometheus/simpleclient/0.7.0/simpleclient-0.7.0.jar:/home/runner/.m2/repository/io/prometheus/simpleclient_common/0.7.0/simpleclient_common-0.7.0.jar:/home/runner/.m2/repository/io/dropwizard/metrics/metrics-core/3.2.4/metrics-core-3.2.4.jar:/home/runner/.m2/repository/org/apache/hadoop/hadoop-hdfs-client/3.3.1/hadoop-hdfs-client-3.3.1.jar:/home/runner/.m2/repository/org/bouncycastle/bcprov-jdk15on/1.67/bcprov-jdk15on-1.67.jar:/home/runner/.m2/repository/com/google/protobuf/protobuf-java/2.5.0/protobuf-java-2.5.0.jar:/home/runner/.m2/repository/org/apache/ozone/ozone-manager/1.3.0-SNAPSHOT/ozone-manager-1.3.0-SNAPSHOT.jar:/home/runner/.m2/repository/org/aspectj/aspectjrt/1.9.7/aspectjrt-1.9.7.jar:/home/runner/.m2/repository/org/aspectj/aspectjweaver/1.9.7/aspectjweaver-1.9.7.jar:/home/runner/.m2/repository/org/apache/ozone/hdds-interface-client/1.3.0-SNAPSHOT/hdds-interface-client-1.3.0-SNAPSHOT.jar:/home/runner/.m2/repository/org/apache/hadoop/thirdparty/hadoop-shaded-protobuf_3_7/1.1.1/hadoop-shaded-protobuf_3_7-1.1.1.jar:/home/runner/.m2/repository/org/apache/ozone/ozone-interface-storage/1.3.0-SNAPSHOT/ozone-interface-storage-1.3.0-SNAPSHOT.jar:/home/runner/.m2/repository/org/reflections/reflections/0.9.11/reflections-0.9.11.jar:/home/runner/.m2/repository/org/apache/hadoop/hadoop-minikdc/3.3.1/hadoop-minikdc-3.3.1.jar:/home/runner/.m2/repository/org/apache/kerby/kerb-simplekdc/1.0.1/kerb-simplekdc-1.0.1.jar:/home/runner/.m2/repository/org/apache/kerby/kerb-client/1.0.1/kerb-client-1.0.1.jar:/home/runner/.m2/repository/org/apache/kerby/kerby-config/1.0.1/kerby-config-1.0.1.jar:/home/runner/.m2/repository/org/apache/kerby/kerb-common/1.0.1/kerb-common-1.0.1.jar:/home/runner/.m2/repository/org/apache/kerby/kerb-crypto/1.0.1/kerb-crypto-1.0.1.jar:/home/runner/.m2/repository/org/apache/kerby/kerb-util/1.0.1/kerb-util-1.0.1.jar:/home/runner/.m2/repository/org/apache/kerby/token-provider/1.0.1/token-provider-1.0.1.jar:/home/runner/.m2/repository/org/apache/kerby/kerb-admin/1.0.1/kerb-admin-1.0.1.jar:/home/runner/.m2/repository/org/apache/kerby/kerb-server/1.0.1/kerb-server-1.0.1.jar:/home/runner/.m2/repository/org/apache/kerby/kerb-identity/1.0.1/kerb-identity-1.0.1.jar:/home/runner/.m2/repository/org/apache/kerby/kerby-xdr/1.0.1/kerby-xdr-1.0.1.jar:/home/runner/.m2/repository/org/slf4j/slf4j-log4j12/1.7.30/slf4j-log4j12-1.7.30.jar:/home/runner/.m2/repository/org/apache/ozone/ozone-s3gateway/1.3.0-SNAPSHOT/ozone-s3gateway-1.3.0-SNAPSHOT.jar:/home/runner/.m2/repository/org/javassist/javassist/3.21.0-GA/javassist-3.21.0-GA.jar:/home/runner/.m2/repository/org/jboss/weld/servlet/weld-servlet/2.4.7.Final/weld-servlet-2.4.7.Final.jar:/home/runner/.m2/repository/org/glassfish/jersey/containers/jersey-container-servlet-core/2.33/jersey-container-servlet-core-2.33.jar:/home/runner/.m2/repository/org/glassfish/hk2/external/jakarta.inject/2.6.1/jakarta.inject-2.6.1.jar:/home/runner/.m2/repository/org/glassfish/jersey/core/jersey-common/2.33/jersey-common-2.33.jar:/home/runner/.m2/repository/jakarta/ws/rs/jakarta.ws.rs-api/2.1.6/jakarta.ws.rs-api-2.1.6.jar:/home/runner/.m2/repository/org/glassfish/jersey/ext/cdi/jersey-cdi1x/2.33/jersey-cdi1x-2.33.jar:/home/runner/.m2/repository/org/glassfish/jersey/inject/jersey-hk2/2.33/jersey-hk2-2.33.jar:/home/runner/.m2/repository/org/glassfish/hk2/hk2-locator/2.6.1/hk2-locator-2.6.1.jar:/home/runner/.m2/repository/org/glassfish/jersey/media/jersey-media-jaxb/2.33/jersey-media-jaxb-2.33.jar:/home/runner/.m2/repository/org/glassfish/hk2/osgi-resource-locator/1.0.3/osgi-resource-locator-1.0.3.jar:/home/runner/.m2/repository/org/glassfish/hk2/hk2-api/2.5.0/hk2-api-2.5.0.jar:/home/runner/.m2/repository/org/glassfish/hk2/hk2-utils/2.5.0/hk2-utils-2.5.0.jar:/home/runner/.m2/repository/org/glassfish/hk2/external/aopalliance-repackaged/2.5.0/aopalliance-repackaged-2.5.0.jar:/home/runner/.m2/repository/com/fasterxml/jackson/dataformat/jackson-dataformat-xml/2.13.2/jackson-dataformat-xml-2.13.2.jar:/home/runner/.m2/repository/com/fasterxml/jackson/core/jackson-core/2.13.2/jackson-core-2.13.2.jar:/home/runner/.m2/repository/org/codehaus/woodstox/stax2-api/3.1.4/stax2-api-3.1.4.jar:/home/runner/.m2/repository/com/fasterxml/woodstox/woodstox-core/5.0.3/woodstox-core-5.0.3.jar:/home/runner/.m2/repository/com/fasterxml/jackson/module/jackson-module-jaxb-annotations/2.13.2/jackson-module-jaxb-annotations-2.13.2.jar:/home/runner/.m2/repository/jakarta/xml/bind/jakarta.xml.bind-api/2.3.3/jakarta.xml.bind-api-2.3.3.jar:/home/runner/.m2/repository/jakarta/activation/jakarta.activation-api/1.2.1/jakarta.activation-api-1.2.1.jar:/home/runner/.m2/repository/javax/enterprise/cdi-api/1.2/cdi-api-1.2.jar:/home/runner/.m2/repository/javax/el/javax.el-api/3.0.0/javax.el-api-3.0.0.jar:/home/runner/.m2/repository/javax/interceptor/javax.interceptor-api/1.2/javax.interceptor-api-1.2.jar:/home/runner/.m2/repository/javax/inject/javax.inject/1/javax.inject-1.jar:/home/runner/.m2/repository/javax/xml/bind/jaxb-api/2.3.0/jaxb-api-2.3.0.jar:/home/runner/.m2/repository/org/glassfish/jaxb/jaxb-runtime/2.3.0.1/jaxb-runtime-2.3.0.1.jar:/home/runner/.m2/repository/org/glassfish/jaxb/jaxb-core/2.3.0.1/jaxb-core-2.3.0.1.jar:/home/runner/.m2/repository/org/glassfish/jaxb/txw2/2.3.0.1/txw2-2.3.0.1.jar:/home/runner/.m2/repository/com/sun/istack/istack-commons-runtime/3.0.5/istack-commons-runtime-3.0.5.jar:/home/runner/.m2/repository/org/jvnet/staxex/stax-ex/1.7.8/stax-ex-1.7.8.jar:/home/runner/.m2/repository/com/sun/xml/fastinfoset/FastInfoset/1.2.13/FastInfoset-1.2.13.jar:/home/runner/.m2/repository/javax/activation/activation/1.1.1/activation-1.1.1.jar:/home/runner/.m2/repository/io/grpc/grpc-protobuf/1.44.0/grpc-protobuf-1.44.0.jar:/home/runner/.m2/repository/io/grpc/grpc-api/1.44.0/grpc-api-1.44.0.jar:/home/runner/.m2/repository/io/grpc/grpc-context/1.44.0/grpc-context-1.44.0.jar:/home/runner/.m2/repository/com/google/api/grpc/proto-google-common-protos/2.0.1/proto-google-common-protos-2.0.1.jar:/home/runner/.m2/repository/io/grpc/grpc-protobuf-lite/1.44.0/grpc-protobuf-lite-1.44.0.jar:/home/runner/.m2/repository/io/grpc/grpc-stub/1.44.0/grpc-stub-1.44.0.jar:/home/runner/.m2/repository/io/netty/netty-transport/4.1.74.Final/netty-transport-4.1.74.Final.jar:/home/runner/.m2/repository/io/netty/netty-resolver/4.1.74.Final/netty-resolver-4.1.74.Final.jar:/home/runner/.m2/repository/org/apache/ozone/ozone-csi/1.3.0-SNAPSHOT/ozone-csi-1.3.0-SNAPSHOT.jar:/home/runner/.m2/repository/com/google/protobuf/protobuf-java-util/3.19.2/protobuf-java-util-3.19.2.jar:/home/runner/.m2/repository/com/google/code/gson/gson/2.8.9/gson-2.8.9.jar:/home/runner/.m2/repository/org/apache/ozone/hdds-config/1.3.0-SNAPSHOT/hdds-config-1.3.0-SNAPSHOT.jar:/home/runner/.m2/repository/io/netty/netty-transport-native-epoll/4.1.74.Final/netty-transport-native-epoll-4.1.74.Final-linux-x86_64.jar:/home/runner/.m2/repository/io/netty/netty-transport-classes-epoll/4.1.74.Final/netty-transport-classes-epoll-4.1.74.Final.jar:/home/runner/.m2/repository/io/netty/netty-transport-native-unix-common/4.1.74.Final/netty-transport-native-unix-common-4.1.74.Final.jar:/home/runner/.m2/repository/org/apache/ozone/ozone-recon/1.3.0-SNAPSHOT/ozone-recon-1.3.0-SNAPSHOT.jar:/home/runner/.m2/repository/org/apache/ozone/ozone-reconcodegen/1.3.0-SNAPSHOT/ozone-reconcodegen-1.3.0-SNAPSHOT.jar:/home/runner/.m2/repository/com/google/inject/extensions/guice-multibindings/4.0/guice-multibindings-4.0.jar:/home/runner/.m2/repository/com/google/inject/guice/4.0/guice-4.0.jar:/home/runner/.m2/repository/aopalliance/aopalliance/1.0/aopalliance-1.0.jar:/home/runner/.m2/repository/com/google/inject/extensions/guice-assistedinject/4.0/guice-assistedinject-4.0.jar:/home/runner/.m2/repository/com/google/inject/extensions/guice-servlet/4.0/guice-servlet-4.0.jar:/home/runner/.m2/repository/org/glassfish/jersey/containers/jersey-container-servlet/2.33/jersey-container-servlet-2.33.jar:/home/runner/.m2/repository/org/glassfish/hk2/guice-bridge/2.5.0/guice-bridge-2.5.0.jar:/home/runner/.m2/repository/org/glassfish/jersey/core/jersey-server/2.33/jersey-server-2.33.jar:/home/runner/.m2/repository/org/glassfish/jersey/core/jersey-client/2.33/jersey-client-2.33.jar:/home/runner/.m2/repository/jakarta/annotation/jakarta.annotation-api/1.3.5/jakarta.annotation-api-1.3.5.jar:/home/runner/.m2/repository/jakarta/validation/jakarta.validation-api/2.0.2/jakarta.validation-api-2.0.2.jar:/home/runner/.m2/repository/org/glassfish/jersey/media/jersey-media-json-jackson/2.33/jersey-media-json-jackson-2.33.jar:/home/runner/.m2/repository/org/glassfish/jersey/ext/jersey-entity-filtering/2.33/jersey-entity-filtering-2.33.jar:/home/runner/.m2/repository/org/jooq/jooq/3.11.10/jooq-3.11.10.jar:/home/runner/.m2/repository/org/jooq/jooq-meta/3.11.10/jooq-meta-3.11.10.jar:/home/runner/.m2/repository/org/jooq/jooq-codegen/3.11.10/jooq-codegen-3.11.10.jar:/home/runner/.m2/repository/com/jolbox/bonecp/0.8.0.RELEASE/bonecp-0.8.0.RELEASE.jar:/home/runner/.m2/repository/org/apache/derby/derby/10.14.2.0/derby-10.14.2.0.jar:/home/runner/.m2/repository/org/xerial/sqlite-jdbc/3.25.2/sqlite-jdbc-3.25.2.jar:/home/runner/.m2/repository/org/springframework/spring-jdbc/5.2.20.RELEASE/spring-jdbc-5.2.20.RELEASE.jar:/home/runner/.m2/repository/org/springframework/spring-beans/5.2.20.RELEASE/spring-beans-5.2.20.RELEASE.jar:/home/runner/.m2/repository/org/springframework/spring-core/5.2.20.RELEASE/spring-core-5.2.20.RELEASE.jar:/home/runner/.m2/repository/org/springframework/spring-jcl/5.2.20.RELEASE/spring-jcl-5.2.20.RELEASE.jar:/home/runner/.m2/repository/org/springframework/spring-tx/5.2.20.RELEASE/spring-tx-5.2.20.RELEASE.jar:/home/runner/.m2/repository/org/apache/ozone/ozone-client/1.3.0-SNAPSHOT/ozone-client-1.3.0-SNAPSHOT.jar:/home/runner/.m2/repository/org/apache/ozone/hdds-erasurecode/1.3.0-SNAPSHOT/hdds-erasurecode-1.3.0-SNAPSHOT.jar:/home/runner/.m2/repository/com/github/spotbugs/spotbugs-annotations/3.1.12/spotbugs-annotations-3.1.12.jar:/home/runner/.m2/repository/org/apache/ozone/ozone-filesystem/1.3.0-SNAPSHOT/ozone-filesystem-1.3.0-SNAPSHOT.jar:/home/runner/.m2/repository/org/apache/ozone/ozone-filesystem-common/1.3.0-SNAPSHOT/ozone-filesystem-common-1.3.0-SNAPSHOT.jar:/home/runner/.m2/repository/org/apache/ozone/ozone-tools/1.3.0-SNAPSHOT/ozone-tools-1.3.0-SNAPSHOT.jar:/home/runner/.m2/repository/org/apache/ratis/ratis-tools/2.3.0/ratis-tools-2.3.0.jar:/home/runner/.m2/repository/com/amazonaws/aws-java-sdk-core/1.12.124/aws-java-sdk-core-1.12.124.jar:/home/runner/.m2/repository/org/apache/httpcomponents/httpclient/4.5.13/httpclient-4.5.13.jar:/home/runner/.m2/repository/org/apache/httpcomponents/httpcore/4.4.13/httpcore-4.4.13.jar:/home/runner/.m2/repository/software/amazon/ion/ion-java/1.0.2/ion-java-1.0.2.jar:/home/runner/.m2/repository/com/fasterxml/jackson/dataformat/jackson-dataformat-cbor/2.13.2/jackson-dataformat-cbor-2.13.2.jar:/home/runner/.m2/repository/joda-time/joda-time/2.8.1/joda-time-2.8.1.jar:/home/runner/.m2/repository/com/amazonaws/aws-java-sdk-s3/1.12.124/aws-java-sdk-s3-1.12.124.jar:/home/runner/.m2/repository/com/amazonaws/aws-java-sdk-kms/1.12.124/aws-java-sdk-kms-1.12.124.jar:/home/runner/.m2/repository/com/amazonaws/jmespath-java/1.12.124/jmespath-java-1.12.124.jar:/home/runner/.m2/repository/org/kohsuke/metainf-services/metainf-services/1.8/metainf-services-1.8.jar:/home/runner/.m2/repository/org/apache/ozone/hdds-tools/1.3.0-SNAPSHOT/hdds-tools-1.3.0-SNAPSHOT.jar:/home/runner/.m2/repository/commons-cli/commons-cli/1.2/commons-cli-1.2.jar:/home/runner/.m2/repository/org/apache/commons/commons-lang3/3.7/commons-lang3-3.7.jar:/home/runner/.m2/repository/org/apache/ozone/ozone-manager/1.3.0-SNAPSHOT/ozone-manager-1.3.0-SNAPSHOT-tests.jar:/home/runner/.m2/repository/org/apache/ozone/hdds-common/1.3.0-SNAPSHOT/hdds-common-1.3.0-SNAPSHOT-tests.jar:/home/runner/.m2/repository/org/apache/ozone/hdds-hadoop-dependency-client/1.3.0-SNAPSHOT/hdds-hadoop-dependency-client-1.3.0-SNAPSHOT.jar:/home/runner/.m2/repository/info/picocli/picocli/4.6.1/picocli-4.6.1.jar:/home/runner/.m2/repository/com/fasterxml/jackson/core/jackson-annotations/2.13.2/jackson-annotations-2.13.2.jar:/home/runner/.m2/repository/com/fasterxml/jackson/datatype/jackson-datatype-jsr310/2.13.2/jackson-datatype-jsr310-2.13.2.jar:/home/runner/.m2/repository/javax/annotation/javax.annotation-api/1.2/javax.annotation-api-1.2.jar:/home/runner/.m2/repository/org/apache/ratis/ratis-server/2.3.0/ratis-server-2.3.0.jar:/home/runner/.m2/repository/org/apache/ratis/ratis-client/2.3.0/ratis-client-2.3.0.jar:/home/runner/.m2/repository/org/apache/ratis/ratis-server-api/2.3.0/ratis-server-api-2.3.0.jar:/home/runner/.m2/repository/org/apache/ratis/ratis-metrics/2.3.0/ratis-metrics-2.3.0.jar:/home/runner/.m2/repository/org/apache/ratis/ratis-netty/2.3.0/ratis-netty-2.3.0.jar:/home/runner/.m2/repository/org/apache/ratis/ratis-grpc/2.3.0/ratis-grpc-2.3.0.jar:/home/runner/.m2/repository/org/apache/logging/log4j/log4j-api/2.17.1/log4j-api-2.17.1.jar:/home/runner/.m2/repository/org/apache/commons/commons-pool2/2.6.0/commons-pool2-2.6.0.jar:/home/runner/.m2/repository/org/bouncycastle/bcpkix-jdk15on/1.67/bcpkix-jdk15on-1.67.jar:/home/runner/.m2/repository/commons-validator/commons-validator/1.6/commons-validator-1.6.jar:/home/runner/.m2/repository/commons-beanutils/commons-beanutils/1.9.4/commons-beanutils-1.9.4.jar:/home/runner/.m2/repository/commons-digester/commons-digester/1.8.1/commons-digester-1.8.1.jar:/home/runner/.m2/repository/commons-collections/commons-collections/3.2.2/commons-collections-3.2.2.jar:/home/runner/.m2/repository/io/jaegertracing/jaeger-client/1.6.0/jaeger-client-1.6.0.jar:/home/runner/.m2/repository/io/jaegertracing/jaeger-thrift/1.6.0/jaeger-thrift-1.6.0.jar:/home/runner/.m2/repository/org/apache/thrift/libthrift/0.14.1/libthrift-0.14.1.jar:/home/runner/.m2/repository/com/squareup/okhttp3/okhttp/4.9.0/okhttp-4.9.0.jar:/home/runner/.m2/repository/com/squareup/okio/okio/2.8.0/okio-2.8.0.jar:/home/runner/.m2/repository/io/jaegertracing/jaeger-core/1.6.0/jaeger-core-1.6.0.jar:/home/runner/.m2/repository/io/jaegertracing/jaeger-tracerresolver/1.6.0/jaeger-tracerresolver-1.6.0.jar:/home/runner/.m2/repository/io/opentracing/contrib/opentracing-tracerresolver/0.1.8/opentracing-tracerresolver-0.1.8.jar:/home/runner/.m2/repository/org/jetbrains/kotlin/kotlin-stdlib/1.4.31/kotlin-stdlib-1.4.31.jar:/home/runner/.m2/repository/org/jetbrains/kotlin/kotlin-stdlib-common/1.4.31/kotlin-stdlib-common-1.4.31.jar:/home/runner/.m2/repository/org/jetbrains/annotations/13.0/annotations-13.0.jar:/home/runner/.m2/repository/io/opentracing/opentracing-util/0.33.0/opentracing-util-0.33.0.jar:/home/runner/.m2/repository/io/opentracing/opentracing-api/0.33.0/opentracing-api-0.33.0.jar:/home/runner/.m2/repository/io/opentracing/opentracing-noop/0.33.0/opentracing-noop-0.33.0.jar:/home/runner/.m2/repository/org/yaml/snakeyaml/1.26/snakeyaml-1.26.jar:/home/runner/.m2/repository/org/apache/ozone/hdds-interface-admin/1.3.0-SNAPSHOT/hdds-interface-admin-1.3.0-SNAPSHOT.jar:/home/runner/.m2/repository/junit/junit/4.13.1/junit-4.13.1.jar:/home/runner/.m2/repository/org/hamcrest/hamcrest-core/1.3/hamcrest-core-1.3.jar:/home/runner/.m2/repository/org/junit/jupiter/junit-jupiter-api/5.8.2/junit-jupiter-api-5.8.2.jar:/home/runner/.m2/repository/org/opentest4j/opentest4j/1.2.0/opentest4j-1.2.0.jar:/home/runner/.m2/repository/org/junit/platform/junit-platform-commons/1.8.2/junit-platform-commons-1.8.2.jar:/home/runner/.m2/repository/org/apiguardian/apiguardian-api/1.1.2/apiguardian-api-1.1.2.jar:/home/runner/.m2/repository/org/junit/jupiter/junit-jupiter-params/5.8.2/junit-jupiter-params-5.8.2.jar:/home/runner/.m2/repository/org/junit/jupiter/junit-jupiter-migrationsupport/5.8.2/junit-jupiter-migrationsupport-5.8.2.jar:/home/runner/.m2/repository/org/junit/jupiter/junit-jupiter-engine/5.8.2/junit-jupiter-engine-5.8.2.jar:/home/runner/.m2/repository/org/junit/platform/junit-platform-engine/1.8.2/junit-platform-engine-1.8.2.jar:/home/runner/.m2/repository/org/junit/vintage/junit-vintage-engine/5.8.2/junit-vintage-engine-5.8.2.jar:/home/runner/.m2/repository/org/junit/platform/junit-platform-launcher/1.8.2/junit-platform-launcher-1.8.2.jar:/home/runner/.m2/repository/org/mockito/mockito-core/2.28.2/mockito-core-2.28.2.jar:/home/runner/.m2/repository/net/bytebuddy/byte-buddy/1.9.10/byte-buddy-1.9.10.jar:/home/runner/.m2/repository/net/bytebuddy/byte-buddy-agent/1.9.10/byte-buddy-agent-1.9.10.jar:/home/runner/.m2/repository/org/objenesis/objenesis/1.0/objenesis-1.0.jar:/home/runner/.m2/repository/org/apache/hadoop/hadoop-kms/3.3.1/hadoop-kms-3.3.1.jar:/home/runner/.m2/repository/org/apache/hadoop/hadoop-auth/3.3.1/hadoop-auth-3.3.1.jar:/home/runner/.m2/repository/com/nimbusds/nimbus-jose-jwt/7.9/nimbus-jose-jwt-7.9.jar:/home/runner/.m2/repository/com/github/stephenc/jcip/jcip-annotations/1.0-1/jcip-annotations-1.0-1.jar:/home/runner/.m2/repository/net/minidev/json-smart/2.4.7/json-smart-2.4.7.jar:/home/runner/.m2/repository/net/minidev/accessors-smart/2.4.7/accessors-smart-2.4.7.jar:/home/runner/.m2/repository/org/ow2/asm/asm/5.0.4/asm-5.0.4.jar:/home/runner/.m2/repository/org/apache/zookeeper/zookeeper/3.5.6/zookeeper-3.5.6.jar:/home/runner/.m2/repository/org/apache/zookeeper/zookeeper-jute/3.5.6/zookeeper-jute-3.5.6.jar:/home/runner/.m2/repository/org/apache/yetus/audience-annotations/0.5.0/audience-annotations-0.5.0.jar:/home/runner/.m2/repository/org/apache/curator/curator-framework/4.2.0/curator-framework-4.2.0.jar:/home/runner/.m2/repository/org/apache/hadoop/thirdparty/hadoop-shaded-guava/1.1.1/hadoop-shaded-guava-1.1.1.jar:/home/runner/.m2/repository/com/sun/jersey/jersey-core/1.19/jersey-core-1.19.jar:/home/runner/.m2/repository/javax/ws/rs/jsr311-api/1.1.1/jsr311-api-1.1.1.jar:/home/runner/.m2/repository/com/sun/jersey/jersey-server/1.19/jersey-server-1.19.jar:/home/runner/.m2/repository/javax/servlet/javax.servlet-api/3.1.0/javax.servlet-api-3.1.0.jar:/home/runner/.m2/repository/org/eclipse/jetty/jetty-server/9.4.43.v20210629/jetty-server-9.4.43.v20210629.jar:/home/runner/.m2/repository/org/eclipse/jetty/jetty-http/9.4.43.v20210629/jetty-http-9.4.43.v20210629.jar:/home/runner/.m2/repository/org/eclipse/jetty/jetty-io/9.4.43.v20210629/jetty-io-9.4.43.v20210629.jar:/home/runner/.m2/repository/org/eclipse/jetty/jetty-webapp/9.4.43.v20210629/jetty-webapp-9.4.43.v20210629.jar:/home/runner/.m2/repository/org/eclipse/jetty/jetty-xml/9.4.43.v20210629/jetty-xml-9.4.43.v20210629.jar:/home/runner/.m2/repository/org/apache/hadoop/hadoop-common/3.3.1/hadoop-common-3.3.1.jar:/home/runner/.m2/repository/org/apache/commons/commons-math3/3.1.1/commons-math3-3.1.1.jar:/home/runner/.m2/repository/commons-net/commons-net/3.6/commons-net-3.6.jar:/home/runner/.m2/repository/com/sun/jersey/jersey-servlet/1.19/jersey-servlet-1.19.jar:/home/runner/.m2/repository/com/sun/jersey/jersey-json/1.19/jersey-json-1.19.jar:/home/runner/.m2/repository/org/codehaus/jettison/jettison/1.1/jettison-1.1.jar:/home/runner/.m2/repository/com/sun/xml/bind/jaxb-impl/2.2.3-1/jaxb-impl-2.2.3-1.jar:/home/runner/.m2/repository/org/codehaus/jackson/jackson-jaxrs/1.9.2/jackson-jaxrs-1.9.2.jar:/home/runner/.m2/repository/org/codehaus/jackson/jackson-xc/1.9.2/jackson-xc-1.9.2.jar:/home/runner/.m2/repository/org/apache/commons/commons-configuration2/2.1.1/commons-configuration2-2.1.1.jar:/home/runner/.m2/repository/org/apache/commons/commons-text/1.4/commons-text-1.4.jar:/home/runner/.m2/repository/com/google/re2j/re2j/1.1/re2j-1.1.jar:/home/runner/.m2/repository/com/jcraft/jsch/0.1.54/jsch-0.1.54.jar:/home/runner/.m2/repository/org/apache/curator/curator-client/4.2.0/curator-client-4.2.0.jar:/home/runner/.m2/repository/org/apache/curator/curator-recipes/4.2.0/curator-recipes-4.2.0.jar:/home/runner/.m2/repository/org/apache/kerby/kerb-core/1.0.1/kerb-core-1.0.1.jar:/home/runner/.m2/repository/org/apache/kerby/kerby-pkix/1.0.1/kerby-pkix-1.0.1.jar:/home/runner/.m2/repository/org/apache/kerby/kerby-asn1/1.0.1/kerby-asn1-1.0.1.jar:/home/runner/.m2/repository/org/apache/kerby/kerby-util/1.0.1/kerby-util-1.0.1.jar:/home/runner/.m2/repository/dnsjava/dnsjava/2.1.7/dnsjava-2.1.7.jar:/home/runner/.m2/repository/org/xerial/snappy/snappy-java/1.1.8.2/snappy-java-1.1.8.2.jar:/home/runner/.m2/repository/org/slf4j/jul-to-slf4j/1.7.30/jul-to-slf4j-1.7.30.jar:/home/runner/.m2/repository/org/eclipse/jetty/jetty-util/9.4.43.v20210629/jetty-util-9.4.43.v20210629.jar:/home/runner/.m2/repository/com/fasterxml/jackson/core/jackson-databind/2.13.2.2/jackson-databind-2.13.2.2.jar:/home/runner/.m2/repository/org/apache/hadoop/hadoop-kms/3.3.1/hadoop-kms-3.3.1-tests.jar:/home/runner/.m2/repository/org/apache/ozone/hdds-server-scm/1.3.0-SNAPSHOT/hdds-server-scm-1.3.0-SNAPSHOT-tests.jar:/home/runner/.m2/repository/org/apache/ozone/hdds-container-service/1.3.0-SNAPSHOT/hdds-container-service-1.3.0-SNAPSHOT-tests.jar:/home/runner/.m2/repository/commons-codec/commons-codec/1.11/commons-codec-1.11.jar:/home/runner/.m2/repository/io/netty/netty-codec/4.1.74.Final/netty-codec-4.1.74.Final.jar:/home/runner/.m2/repository/io/netty/netty-handler/4.1.74.Final/netty-handler-4.1.74.Final.jar:/home/runner/.m2/repository/org/apache/ozone/hdds-hadoop-dependency-test/1.3.0-SNAPSHOT/hdds-hadoop-dependency-test-1.3.0-SNAPSHOT.jar:/home/runner/.m2/repository/org/apache/hadoop/hadoop-common/3.3.1/hadoop-common-3.3.1-tests.jar:/home/runner/.m2/repository/org/assertj/assertj-core/3.12.2/assertj-core-3.12.2.jar:/home/runner/.m2/repository/org/apache/hadoop/hadoop-hdfs/3.3.1/hadoop-hdfs-3.3.1-tests.jar:/home/runner/.m2/repository/org/eclipse/jetty/jetty-util-ajax/9.4.43.v20210629/jetty-util-ajax-9.4.43.v20210629.jar:/home/runner/.m2/repository/commons-daemon/commons-daemon/1.0.13/commons-daemon-1.0.13.jar:/home/runner/.m2/repository/io/netty/netty/3.10.6.Final/netty-3.10.6.Final.jar:/home/runner/.m2/repository/io/netty/netty-all/4.1.74.Final/netty-all-4.1.74.Final.jar:/home/runner/.m2/repository/io/netty/netty-codec-dns/4.1.74.Final/netty-codec-dns-4.1.74.Final.jar:/home/runner/.m2/repository/io/netty/netty-codec-haproxy/4.1.74.Final/netty-codec-haproxy-4.1.74.Final.jar:/home/runner/.m2/repository/io/netty/netty-codec-memcache/4.1.74.Final/netty-codec-memcache-4.1.74.Final.jar:/home/runner/.m2/repository/io/netty/netty-codec-mqtt/4.1.74.Final/netty-codec-mqtt-4.1.74.Final.jar:/home/runner/.m2/repository/io/netty/netty-codec-redis/4.1.74.Final/netty-codec-redis-4.1.74.Final.jar:/home/runner/.m2/repository/io/netty/netty-codec-smtp/4.1.74.Final/netty-codec-smtp-4.1.74.Final.jar:/home/runner/.m2/repository/io/netty/netty-codec-stomp/4.1.74.Final/netty-codec-stomp-4.1.74.Final.jar:/home/runner/.m2/repository/io/netty/netty-codec-xml/4.1.74.Final/netty-codec-xml-4.1.74.Final.jar:/home/runner/.m2/repository/io/netty/netty-resolver-dns/4.1.74.Final/netty-resolver-dns-4.1.74.Final.jar:/home/runner/.m2/repository/io/netty/netty-transport-rxtx/4.1.74.Final/netty-transport-rxtx-4.1.74.Final.jar:/home/runner/.m2/repository/io/netty/netty-transport-sctp/4.1.74.Final/netty-transport-sctp-4.1.74.Final.jar:/home/runner/.m2/repository/io/netty/netty-transport-udt/4.1.74.Final/netty-transport-udt-4.1.74.Final.jar:/home/runner/.m2/repository/io/netty/netty-transport-classes-kqueue/4.1.74.Final/netty-transport-classes-kqueue-4.1.74.Final.jar:/home/runner/.m2/repository/io/netty/netty-resolver-dns-classes-macos/4.1.74.Final/netty-resolver-dns-classes-macos-4.1.74.Final.jar:/home/runner/.m2/repository/io/netty/netty-transport-native-epoll/4.1.74.Final/netty-transport-native-epoll-4.1.74.Final-linux-aarch_64.jar:/home/runner/.m2/repository/io/netty/netty-transport-native-kqueue/4.1.74.Final/netty-transport-native-kqueue-4.1.74.Final-osx-x86_64.jar:/home/runner/.m2/repository/io/netty/netty-transport-native-kqueue/4.1.74.Final/netty-transport-native-kqueue-4.1.74.Final-osx-aarch_64.jar:/home/runner/.m2/repository/io/netty/netty-resolver-dns-native-macos/4.1.74.Final/netty-resolver-dns-native-macos-4.1.74.Final-osx-x86_64.jar:/home/runner/.m2/repository/io/netty/netty-resolver-dns-native-macos/4.1.74.Final/netty-resolver-dns-native-macos-4.1.74.Final-osx-aarch_64.jar:/home/runner/.m2/repository/org/apache/htrace/htrace-core4/4.1.0-incubating/htrace-core4-4.1.0-incubating.jar:/home/runner/.m2/repository/org/fusesource/leveldbjni/leveldbjni-all/1.8/leveldbjni-all-1.8.jar:/home/runner/.m2/repository/org/apache/hadoop/hadoop-distcp/3.3.1/hadoop-distcp-3.3.1.jar:/home/runner/.m2/repository/org/apache/hadoop/hadoop-mapreduce-client-jobclient/3.3.1/hadoop-mapreduce-client-jobclient-3.3.1.jar:/home/runner/.m2/repository/org/apache/hadoop/hadoop-mapreduce-client-common/3.3.1/hadoop-mapreduce-client-common-3.3.1.jar:/home/runner/.m2/repository/org/apache/hadoop/hadoop-yarn-common/3.3.1/hadoop-yarn-common-3.3.1.jar:/home/runner/.m2/repository/org/apache/hadoop/hadoop-yarn-api/3.3.1/hadoop-yarn-api-3.3.1.jar:/home/runner/.m2/repository/com/sun/jersey/jersey-client/1.19/jersey-client-1.19.jar:/home/runner/.m2/repository/com/sun/jersey/contribs/jersey-guice/1.19/jersey-guice-1.19.jar:/home/runner/.m2/repository/com/fasterxml/jackson/jaxrs/jackson-jaxrs-json-provider/2.13.2/jackson-jaxrs-json-provider-2.13.2.jar:/home/runner/.m2/repository/com/fasterxml/jackson/jaxrs/jackson-jaxrs-base/2.13.2/jackson-jaxrs-base-2.13.2.jar:/home/runner/.m2/repository/org/apache/hadoop/hadoop-yarn-client/3.3.1/hadoop-yarn-client-3.3.1.jar:/home/runner/.m2/repository/org/eclipse/jetty/websocket/websocket-client/9.4.40.v20210413/websocket-client-9.4.40.v20210413.jar:/home/runner/.m2/repository/org/eclipse/jetty/jetty-client/9.4.40.v20210413/jetty-client-9.4.40.v20210413.jar:/home/runner/.m2/repository/org/eclipse/jetty/websocket/websocket-common/9.4.40.v20210413/websocket-common-9.4.40.v20210413.jar:/home/runner/.m2/repository/org/eclipse/jetty/websocket/websocket-api/9.4.40.v20210413/websocket-api-9.4.40.v20210413.jar:/home/runner/.m2/repository/org/jline/jline/3.9.0/jline-3.9.0.jar:/home/runner/.m2/repository/org/apache/hadoop/hadoop-mapreduce-client-core/3.3.1/hadoop-mapreduce-client-core-3.3.1.jar:/home/runner/.m2/repository/org/apache/avro/avro/1.7.7/avro-1.7.7.jar:/home/runner/.m2/repository/org/codehaus/jackson/jackson-core-asl/1.9.13/jackson-core-asl-1.9.13.jar:/home/runner/.m2/repository/org/codehaus/jackson/jackson-mapper-asl/1.9.13/jackson-mapper-asl-1.9.13.jar:/home/runner/.m2/repository/com/thoughtworks/paranamer/paranamer/2.3/paranamer-2.3.jar:/home/runner/.m2/repository/org/apache/hadoop/hadoop-annotations/3.3.1/hadoop-annotations-3.3.1.jar:/usr/lib/jvm/temurin-8-jdk-amd64/jre/../lib/tools.jar:/home/runner/.m2/repository/org/apache/hadoop/hadoop-distcp/3.3.1/hadoop-distcp-3.3.1-tests.jar:/home/runner/.m2/repository/org/apache/ratis/ratis-common/2.3.0/ratis-common-2.3.0.jar:/home/runner/.m2/repository/org/apache/ratis/ratis-thirdparty-misc/1.0.0/ratis-thirdparty-misc-1.0.0.jar:/home/runner/.m2/repository/org/apache/ratis/ratis-proto/2.3.0/ratis-proto-2.3.0.jar:/home/runner/.m2/repository/org/apache/ozone/ozone-annotation-processing/1.3.0-SNAPSHOT/ozone-annotation-processing-1.3.0-SNAPSHOT.jar:"/>
    <property name="sun.cpu.endian" value="little"/>
    <property name="user.home" value="/home/runner"/>
    <property name="user.language" value="en"/>
    <property name="java.specification.vendor" value="Oracle Corporation"/>
    <property name="java.home" value="/usr/lib/jvm/temurin-8-jdk-amd64/jre"/>
    <property name="java.security.krb5.conf" value="/home/runner/work/ozone/ozone/hadoop-ozone/integration-test/target/test-classes/krb5.conf"/>
    <property name="basedir" value="/home/runner/work/ozone/ozone/hadoop-ozone/integration-test"/>
    <property name="file.separator" value="/"/>
    <property name="line.separator" value="&#10;"/>
    <property name="java.vm.specification.vendor" value="Oracle Corporation"/>
    <property name="java.specification.name" value="Java Platform API Specification"/>
    <property name="java.awt.graphicsenv" value="sun.awt.X11GraphicsEnvironment"/>
    <property name="skip.installnpx" value="true"/>
    <property name="surefire.fork.timeout" value="3600"/>
    <property name="surefire.real.class.path" value="/home/runner/work/ozone/ozone/hadoop-ozone/integration-test/target/surefire/surefirebooter3531794430434721159.jar:/home/runner/.m2/repository/org/jacoco/org.jacoco.agent/0.8.5/org.jacoco.agent-0.8.5-runtime.jar"/>
    <property name="hadoop.log.dir" value="/home/runner/work/ozone/ozone/hadoop-ozone/integration-test/target/log"/>
    <property name="sun.boot.class.path" value="/usr/lib/jvm/temurin-8-jdk-amd64/jre/lib/resources.jar:/usr/lib/jvm/temurin-8-jdk-amd64/jre/lib/rt.jar:/usr/lib/jvm/temurin-8-jdk-amd64/jre/lib/sunrsasign.jar:/usr/lib/jvm/temurin-8-jdk-amd64/jre/lib/jsse.jar:/usr/lib/jvm/temurin-8-jdk-amd64/jre/lib/jce.jar:/usr/lib/jvm/temurin-8-jdk-amd64/jre/lib/charsets.jar:/usr/lib/jvm/temurin-8-jdk-amd64/jre/lib/jfr.jar:/usr/lib/jvm/temurin-8-jdk-amd64/jre/classes"/>
    <property name="sun.management.compiler" value="HotSpot 64-Bit Tiered Compilers"/>
    <property name="skip.npx" value="true"/>
    <property name="java.runtime.version" value="1.8.0_332-b09"/>
    <property name="java.net.preferIPv4Stack" value="true"/>
    <property name="user.name" value="runner"/>
    <property name="path.separator" value=":"/>
    <property name="java.security.egd" value="file:///dev/urandom"/>
    <property name="os.version" value="5.4.0-1078-azure"/>
    <property name="java.endorsed.dirs" value="/usr/lib/jvm/temurin-8-jdk-amd64/jre/lib/endorsed"/>
    <property name="java.runtime.name" value="OpenJDK Runtime Environment"/>
    <property name="file.encoding" value="UTF-8"/>
    <property name="java.vm.name" value="OpenJDK 64-Bit Server VM"/>
    <property name="test.build.webapps" value=""/>
    <property name="localRepository" value="/home/runner/.m2/repository"/>
    <property name="jetty.git.hash" value="526006ecfa3af7f1a27ef3a288e2bef7ea9dd7e8"/>
    <property name="java.vendor.url.bug" value="https://github.com/adoptium/adoptium-support/issues"/>
    <property name="java.io.tmpdir" value="/tmp"/>
    <property name="require.test.libhadoop" value=""/>
    <property name="surefire.rerunFailingTestsCount" value="5"/>
    <property name="java.version" value="1.8.0_332"/>
    <property name="user.dir" value="/home/runner/work/ozone/ozone/hadoop-ozone/integration-test"/>
    <property name="os.arch" value="amd64"/>
    <property name="java.vm.specification.name" value="Java Virtual Machine Specification"/>
    <property name="test.build.classes" value="/home/runner/work/ozone/ozone/hadoop-ozone/integration-test/target/test-classes"/>
    <property name="java.awt.printerjob" value="sun.print.PSPrinterJob"/>
    <property name="sun.os.patch.level" value="unknown"/>
    <property name="hadoop.tmp.dir" value="/home/runner/work/ozone/ozone/hadoop-ozone/integration-test/target/tmp"/>
    <property name="java.library.path" value="/usr/java/packages/lib/amd64:/usr/lib64:/lib64:/lib:/usr/lib"/>
    <property name="java.vm.info" value="mixed mode"/>
    <property name="java.vendor" value="Temurin"/>
    <property name="java.vm.version" value="25.332-b09"/>
    <property name="java.ext.dirs" value="/usr/lib/jvm/temurin-8-jdk-amd64/jre/lib/ext:/usr/java/packages/lib/ext"/>
    <property name="sun.io.unicode.encoding" value="UnicodeLittle"/>
    <property name="java.class.version" value="52.0"/>
  </properties>
  <testcase name="testNodeWithOpenPipelineCanBeDecommissionedAndRecommissioned" classname="org.apache.hadoop.ozone.scm.node.TestDecommissionAndMaintenance" time="55.488"/>
  <testcase name="testContainerIsReplicatedWhenAllNodesGotoMaintenance" classname="org.apache.hadoop.ozone.scm.node.TestDecommissionAndMaintenance" time="20.872"/>
  <testcase name="testMaintenanceEndsAutomaticallyAtTimeout" classname="org.apache.hadoop.ozone.scm.node.TestDecommissionAndMaintenance" time="44.245"/>
  <testcase name="testSingleNodeWithOpenPipelineCanGotoMaintenance" classname="org.apache.hadoop.ozone.scm.node.TestDecommissionAndMaintenance" time="48.694"/>
  <testcase name="testSCMHandlesRestartForMaintenanceNode" classname="org.apache.hadoop.ozone.scm.node.TestDecommissionAndMaintenance" time="13.852">
    <error type="java.lang.IllegalStateException"><![CDATA[java.lang.IllegalStateException: zip file closed
	at java.util.zip.ZipFile.ensureOpen(ZipFile.java:690)
	at java.util.zip.ZipFile.access$200(ZipFile.java:61)
	at java.util.zip.ZipFile$ZipEntryIterator.hasNext(ZipFile.java:512)
	at java.util.zip.ZipFile$ZipEntryIterator.hasMoreElements(ZipFile.java:507)
	at java.util.jar.JarFile$JarEntryIterator.hasNext(JarFile.java:264)
	at java.util.jar.JarFile$JarEntryIterator.hasMoreElements(JarFile.java:273)
	at org.reflections.vfs.ZipDir$1$1.computeNext(ZipDir.java:30)
	at org.reflections.vfs.ZipDir$1$1.computeNext(ZipDir.java:26)
	at com.google.common.collect.AbstractIterator.tryToComputeNext(AbstractIterator.java:141)
	at com.google.common.collect.AbstractIterator.hasNext(AbstractIterator.java:136)
	at org.reflections.Reflections.scan(Reflections.java:243)
	at org.reflections.Reflections.scan(Reflections.java:202)
	at org.reflections.Reflections.<init>(Reflections.java:123)
	at org.reflections.Reflections.<init>(Reflections.java:168)
	at org.apache.hadoop.hdds.upgrade.HDDSLayoutVersionManager.registerUpgradeActions(HDDSLayoutVersionManager.java:64)
	at org.apache.hadoop.hdds.upgrade.HDDSLayoutVersionManager.<init>(HDDSLayoutVersionManager.java:51)
	at org.apache.hadoop.hdds.scm.server.StorageContainerManager.<init>(StorageContainerManager.java:341)
	at org.apache.hadoop.hdds.scm.server.StorageContainerManager.createSCM(StorageContainerManager.java:529)
	at org.apache.hadoop.hdds.scm.HddsTestUtils.getScmSimple(HddsTestUtils.java:581)
	at org.apache.hadoop.ozone.MiniOzoneClusterImpl.restartStorageContainerManager(MiniOzoneClusterImpl.java:362)
	at org.apache.hadoop.ozone.scm.node.TestDecommissionAndMaintenance.testSCMHandlesRestartForMaintenanceNode(TestDecommissionAndMaintenance.java:493)
	at sun.reflect.NativeMethodAccessorImpl.invoke0(Native Method)
	at sun.reflect.NativeMethodAccessorImpl.invoke(NativeMethodAccessorImpl.java:62)
	at sun.reflect.DelegatingMethodAccessorImpl.invoke(DelegatingMethodAccessorImpl.java:43)
	at java.lang.reflect.Method.invoke(Method.java:498)
	at org.junit.platform.commons.util.ReflectionUtils.invokeMethod(ReflectionUtils.java:725)
	at org.junit.jupiter.engine.execution.MethodInvocation.proceed(MethodInvocation.java:60)
	at org.junit.jupiter.engine.execution.InvocationInterceptorChain$ValidatingInvocation.proceed(InvocationInterceptorChain.java:131)
	at org.junit.jupiter.engine.extension.TimeoutExtension.intercept(TimeoutExtension.java:149)
	at org.junit.jupiter.engine.extension.TimeoutExtension.interceptTestableMethod(TimeoutExtension.java:140)
	at org.junit.jupiter.engine.extension.TimeoutExtension.interceptTestMethod(TimeoutExtension.java:84)
	at org.junit.jupiter.engine.execution.ExecutableInvoker$ReflectiveInterceptorCall.lambda$ofVoidMethod$0(ExecutableInvoker.java:115)
	at org.junit.jupiter.engine.execution.ExecutableInvoker.lambda$invoke$0(ExecutableInvoker.java:105)
	at org.junit.jupiter.engine.execution.InvocationInterceptorChain$InterceptedInvocation.proceed(InvocationInterceptorChain.java:106)
	at org.junit.jupiter.engine.execution.InvocationInterceptorChain.proceed(InvocationInterceptorChain.java:64)
	at org.junit.jupiter.engine.execution.InvocationInterceptorChain.chainAndInvoke(InvocationInterceptorChain.java:45)
	at org.junit.jupiter.engine.execution.InvocationInterceptorChain.invoke(InvocationInterceptorChain.java:37)
	at org.junit.jupiter.engine.execution.ExecutableInvoker.invoke(ExecutableInvoker.java:104)
	at org.junit.jupiter.engine.execution.ExecutableInvoker.invoke(ExecutableInvoker.java:98)
	at org.junit.jupiter.engine.descriptor.TestMethodTestDescriptor.lambda$invokeTestMethod$7(TestMethodTestDescriptor.java:214)
	at org.junit.platform.engine.support.hierarchical.ThrowableCollector.execute(ThrowableCollector.java:73)
	at org.junit.jupiter.engine.descriptor.TestMethodTestDescriptor.invokeTestMethod(TestMethodTestDescriptor.java:210)
	at org.junit.jupiter.engine.descriptor.TestMethodTestDescriptor.execute(TestMethodTestDescriptor.java:135)
	at org.junit.jupiter.engine.descriptor.TestMethodTestDescriptor.execute(TestMethodTestDescriptor.java:66)
	at org.junit.platform.engine.support.hierarchical.NodeTestTask.lambda$executeRecursively$6(NodeTestTask.java:151)
	at org.junit.platform.engine.support.hierarchical.ThrowableCollector.execute(ThrowableCollector.java:73)
	at org.junit.platform.engine.support.hierarchical.NodeTestTask.lambda$executeRecursively$8(NodeTestTask.java:141)
	at org.junit.platform.engine.support.hierarchical.Node.around(Node.java:137)
	at org.junit.platform.engine.support.hierarchical.NodeTestTask.lambda$executeRecursively$9(NodeTestTask.java:139)
	at org.junit.platform.engine.support.hierarchical.ThrowableCollector.execute(ThrowableCollector.java:73)
	at org.junit.platform.engine.support.hierarchical.NodeTestTask.executeRecursively(NodeTestTask.java:138)
	at org.junit.platform.engine.support.hierarchical.NodeTestTask.execute(NodeTestTask.java:95)
	at java.util.ArrayList.forEach(ArrayList.java:1259)
	at org.junit.platform.engine.support.hierarchical.SameThreadHierarchicalTestExecutorService.invokeAll(SameThreadHierarchicalTestExecutorService.java:41)
	at org.junit.platform.engine.support.hierarchical.NodeTestTask.lambda$executeRecursively$6(NodeTestTask.java:155)
	at org.junit.platform.engine.support.hierarchical.ThrowableCollector.execute(ThrowableCollector.java:73)
	at org.junit.platform.engine.support.hierarchical.NodeTestTask.lambda$executeRecursively$8(NodeTestTask.java:141)
	at org.junit.platform.engine.support.hierarchical.Node.around(Node.java:137)
	at org.junit.platform.engine.support.hierarchical.NodeTestTask.lambda$executeRecursively$9(NodeTestTask.java:139)
	at org.junit.platform.engine.support.hierarchical.ThrowableCollector.execute(ThrowableCollector.java:73)
	at org.junit.platform.engine.support.hierarchical.NodeTestTask.executeRecursively(NodeTestTask.java:138)
	at org.junit.platform.engine.support.hierarchical.NodeTestTask.execute(NodeTestTask.java:95)
	at java.util.ArrayList.forEach(ArrayList.java:1259)
	at org.junit.platform.engine.support.hierarchical.SameThreadHierarchicalTestExecutorService.invokeAll(SameThreadHierarchicalTestExecutorService.java:41)
	at org.junit.platform.engine.support.hierarchical.NodeTestTask.lambda$executeRecursively$6(NodeTestTask.java:155)
	at org.junit.platform.engine.support.hierarchical.ThrowableCollector.execute(ThrowableCollector.java:73)
	at org.junit.platform.engine.support.hierarchical.NodeTestTask.lambda$executeRecursively$8(NodeTestTask.java:141)
	at org.junit.platform.engine.support.hierarchical.Node.around(Node.java:137)
	at org.junit.platform.engine.support.hierarchical.NodeTestTask.lambda$executeRecursively$9(NodeTestTask.java:139)
	at org.junit.platform.engine.support.hierarchical.ThrowableCollector.execute(ThrowableCollector.java:73)
	at org.junit.platform.engine.support.hierarchical.NodeTestTask.executeRecursively(NodeTestTask.java:138)
	at org.junit.platform.engine.support.hierarchical.NodeTestTask.execute(NodeTestTask.java:95)
	at org.junit.platform.engine.support.hierarchical.SameThreadHierarchicalTestExecutorService.submit(SameThreadHierarchicalTestExecutorService.java:35)
	at org.junit.platform.engine.support.hierarchical.HierarchicalTestExecutor.execute(HierarchicalTestExecutor.java:57)
	at org.junit.platform.engine.support.hierarchical.HierarchicalTestEngine.execute(HierarchicalTestEngine.java:54)
	at org.junit.platform.launcher.core.EngineExecutionOrchestrator.execute(EngineExecutionOrchestrator.java:107)
	at org.junit.platform.launcher.core.EngineExecutionOrchestrator.execute(EngineExecutionOrchestrator.java:88)
	at org.junit.platform.launcher.core.EngineExecutionOrchestrator.lambda$execute$0(EngineExecutionOrchestrator.java:54)
	at org.junit.platform.launcher.core.EngineExecutionOrchestrator.withInterceptedStreams(EngineExecutionOrchestrator.java:67)
	at org.junit.platform.launcher.core.EngineExecutionOrchestrator.execute(EngineExecutionOrchestrator.java:52)
	at org.junit.platform.launcher.core.DefaultLauncher.execute(DefaultLauncher.java:114)
	at org.junit.platform.launcher.core.DefaultLauncher.execute(DefaultLauncher.java:86)
	at org.junit.platform.launcher.core.DefaultLauncherSession$DelegatingLauncher.execute(DefaultLauncherSession.java:86)
	at org.junit.platform.launcher.core.SessionPerRequestLauncher.execute(SessionPerRequestLauncher.java:53)
	at org.apache.maven.surefire.junitplatform.JUnitPlatformProvider.execute(JUnitPlatformProvider.java:188)
	at org.apache.maven.surefire.junitplatform.JUnitPlatformProvider.invokeAllTests(JUnitPlatformProvider.java:154)
	at org.apache.maven.surefire.junitplatform.JUnitPlatformProvider.invoke(JUnitPlatformProvider.java:124)
	at org.apache.maven.surefire.booter.ForkedBooter.runSuitesInProcess(ForkedBooter.java:428)
	at org.apache.maven.surefire.booter.ForkedBooter.execute(ForkedBooter.java:162)
	at org.apache.maven.surefire.booter.ForkedBooter.run(ForkedBooter.java:562)
	at org.apache.maven.surefire.booter.ForkedBooter.main(ForkedBooter.java:548)
]]></error>
    <system-out><![CDATA[2022-05-22 15:39:31,395 [Listener at 127.0.0.1/41215] WARN  server.ServerUtils (ServerUtils.java:getScmDbDir(148)) - ozone.scm.db.dirs is not configured. We recommend adding this setting. Falling back to ozone.metadata.dirs instead.
2022-05-22 15:39:31,395 [Mini-Cluster-Provider-Reap] INFO  ozone.MiniOzoneClusterImpl (MiniOzoneClusterImpl.java:shutdown(456)) - Shutting down the Mini Ozone Cluster
2022-05-22 15:39:31,395 [Mini-Cluster-Provider-Reap] INFO  ozone.MiniOzoneClusterImpl (MiniOzoneClusterImpl.java:stop(471)) - Stopping the Mini Ozone Cluster
2022-05-22 15:39:31,395 [Mini-Cluster-Provider-Reap] INFO  ozone.MiniOzoneClusterImpl (MiniOzoneClusterImpl.java:stopOM(553)) - Stopping the OzoneManager
2022-05-22 15:39:31,396 [Mini-Cluster-Provider-Reap] INFO  om.OzoneManager (OzoneManager.java:stop(1960)) - om1[localhost:0]: Stopping Ozone Manager
2022-05-22 15:39:31,403 [pool-1880-thread-1] INFO  server.RaftServerConfigKeys (ConfUtils.java:logGet(46)) - raft.server.log.appender.install.snapshot.enabled = false (custom)
2022-05-22 15:39:31,404 [pool-1880-thread-1] INFO  server.RaftServerConfigKeys (ConfUtils.java:logGet(46)) - raft.server.threadpool.server.cached = true (default)
2022-05-22 15:39:31,404 [pool-1880-thread-1] INFO  server.RaftServerConfigKeys (ConfUtils.java:logGet(46)) - raft.server.threadpool.server.size = 0 (default)
2022-05-22 15:39:31,404 [pool-1880-thread-1] INFO  server.RaftServerConfigKeys (ConfUtils.java:logGet(46)) - raft.server.threadpool.client.cached = true (default)
2022-05-22 15:39:31,404 [pool-1880-thread-1] INFO  server.RaftServerConfigKeys (ConfUtils.java:logGet(46)) - raft.server.threadpool.client.size = 0 (default)
2022-05-22 15:39:31,404 [pool-1880-thread-1] INFO  server.RaftServer$Division (RaftServerImpl.java:start(310)) - f037c40c-219b-47c2-8b62-33d646164691@group-DD7657B3C8B0: start as a follower, conf=-1: [08ac937e-b58d-450f-91a6-f5a9f9c5f3b7|rpc:10.1.0.29:34341|dataStream:|priority:0, 1f7078f4-dbb5-4e18-aa32-e400d80d84d6|rpc:10.1.0.29:40765|dataStream:|priority:1, f037c40c-219b-47c2-8b62-33d646164691|rpc:10.1.0.29:38631|dataStream:|priority:0], old=null
2022-05-22 15:39:31,404 [pool-1880-thread-1] INFO  server.RaftServer$Division (RaftServerImpl.java:setRole(299)) - f037c40c-219b-47c2-8b62-33d646164691@group-DD7657B3C8B0: changes role from      null to FOLLOWER at term 0 for startAsFollower
2022-05-22 15:39:31,404 [Listener at 127.0.0.1/41215] INFO  ha.SCMHANodeDetails (SCMHANodeDetails.java:loadSCMHAConfig(160)) - ServiceID for StorageContainerManager is null
2022-05-22 15:39:31,404 [Listener at 127.0.0.1/41215] INFO  ha.SCMHANodeDetails (SCMHANodeDetails.java:loadSCMHAConfig(165)) - ozone.scm.default.service.id is not defined, falling back to ozone.scm.service.ids to find serviceID for StorageContainerManager if it is HA enabled cluster
2022-05-22 15:39:31,404 [Listener at 127.0.0.1/41215] WARN  server.ServerUtils (ServerUtils.java:getScmDbDir(148)) - ozone.scm.db.dirs is not configured. We recommend adding this setting. Falling back to ozone.metadata.dirs instead.
2022-05-22 15:39:31,405 [Listener at 127.0.0.1/41215] INFO  upgrade.AbstractLayoutVersionManager (AbstractLayoutVersionManager.java:init(79)) - Initializing Layout version manager with metadata layout = ERASURE_CODED_STORAGE_SUPPORT (version = 3), software layout = ERASURE_CODED_STORAGE_SUPPORT (version = 3)
2022-05-22 15:39:31,423 [pool-1880-thread-1] INFO  impl.RoleInfo (RoleInfo.java:updateAndGet(139)) - f037c40c-219b-47c2-8b62-33d646164691: start f037c40c-219b-47c2-8b62-33d646164691@group-DD7657B3C8B0-FollowerState
2022-05-22 15:39:31,434 [pool-1880-thread-1] INFO  util.JmxRegister (JmxRegister.java:tryRegister(44)) - Successfully registered JMX Bean with object name Ratis:service=RaftServer,group=group-DD7657B3C8B0,id=f037c40c-219b-47c2-8b62-33d646164691
2022-05-22 15:39:31,483 [Mini-Cluster-Provider-Reap] INFO  ipc.Server (Server.java:stop(3414)) - Stopping server on 43045
2022-05-22 15:39:31,522 [Command processor thread] INFO  commandhandler.CreatePipelineCommandHandler (CreatePipelineCommandHandler.java:handle(113)) - Created Pipeline RATIS THREE PipelineID=3a6493db-8475-4cdd-ad23-dd7657b3c8b0.
2022-05-22 15:39:31,605 [IPC Server listener on 0] INFO  ipc.Server (Server.java:run(1376)) - Stopping IPC Server listener on 0
2022-05-22 15:39:31,612 [IPC Server Responder] INFO  ipc.Server (Server.java:run(1512)) - Stopping IPC Server Responder
2022-05-22 15:39:31,675 [Mini-Cluster-Provider-Reap] INFO  server.RaftServer (RaftServerProxy.java:lambda$close$7(398)) - om1: close
2022-05-22 15:39:31,722 [Listener at 127.0.0.1/41215] INFO  reflections.Reflections (Reflections.java:scan(232)) - Reflections took 316 ms to scan 7 urls, producing 127 keys and 292 values 
2022-05-22 15:39:31,729 [Mini-Cluster-Provider-Reap] INFO  server.RaftServer$Division (RaftServerImpl.java:lambda$close$4(434)) - om1@group-C5BA1605619E: shutdown
2022-05-22 15:39:31,730 [Mini-Cluster-Provider-Reap] INFO  util.JmxRegister (JmxRegister.java:unregister(73)) - Successfully un-registered JMX Bean with object name Ratis:service=RaftServer,group=group-C5BA1605619E,id=om1
2022-05-22 15:39:31,730 [Mini-Cluster-Provider-Reap] INFO  impl.RoleInfo (RoleInfo.java:shutdownLeaderState(93)) - om1: shutdown om1@group-C5BA1605619E-LeaderStateImpl
2022-05-22 15:39:31,730 [Mini-Cluster-Provider-Reap] INFO  impl.PendingRequests (PendingRequests.java:sendNotLeaderResponses(282)) - om1@group-C5BA1605619E-PendingRequests: sendNotLeaderResponses
2022-05-22 15:39:31,732 [main] INFO  rpc.RpcClient (RpcClient.java:createVolume(448)) - Creating Volume: vol1, with user67724 as owner and space quota set to -1 bytes, counts quota set to -1
2022-05-22 15:39:31,786 [Listener at 127.0.0.1/41215] WARN  utils.HAUtils (HAUtils.java:getMetaDir(342)) - ozone.scm.db.dirs is not configured. We recommend adding this setting. Falling back to ozone.metadata.dirs instead.
2022-05-22 15:39:31,788 [Listener at 127.0.0.1/41215] WARN  db.DBStoreBuilder (DBStoreBuilder.java:applyDBDefinition(145)) - ozone.scm.db.dirs is not configured. We recommend adding this setting. Falling back to ozone.metadata.dirs instead.
2022-05-22 15:39:31,824 [Mini-Cluster-Provider-Reap] INFO  impl.StateMachineUpdater (StateMachineUpdater.java:stopAndJoin(153)) - om1@group-C5BA1605619E-StateMachineUpdater: set stopIndex = 84
2022-05-22 15:39:31,825 [om1@group-C5BA1605619E-StateMachineUpdater] INFO  ratis.OzoneManagerStateMachine (OzoneManagerStateMachine.java:takeSnapshot(436)) - Current Snapshot Index (t:1, i:84)
2022-05-22 15:39:31,825 [om1@group-C5BA1605619E-StateMachineUpdater] INFO  impl.StateMachineUpdater (StateMachineUpdater.java:takeSnapshot(287)) - om1@group-C5BA1605619E-StateMachineUpdater: Took a snapshot at index 84
2022-05-22 15:39:31,825 [om1@group-C5BA1605619E-StateMachineUpdater] INFO  impl.StateMachineUpdater (StateMachineUpdater.java:lambda$new$0(92)) - om1@group-C5BA1605619E-StateMachineUpdater: snapshotIndex: updateIncreasingly -1 -> 84
2022-05-22 15:39:31,825 [om1@group-C5BA1605619E-StateMachineUpdater] INFO  ratis.OzoneManagerStateMachine (OzoneManagerStateMachine.java:close(490)) - StateMachine has shutdown. Shutdown OzoneManager if not already shutdown.
2022-05-22 15:39:31,825 [om1@group-C5BA1605619E-StateMachineUpdater] INFO  ratis.OzoneManagerDoubleBuffer (OzoneManagerDoubleBuffer.java:stop(465)) - Stopping OMDoubleBuffer flush thread
2022-05-22 15:39:31,826 [OMDoubleBufferFlushThread] INFO  ratis.OzoneManagerDoubleBuffer (OzoneManagerDoubleBuffer.java:flushTransactions(385)) - OMDoubleBuffer flush thread OMDoubleBufferFlushThread is interrupted and will exit.
2022-05-22 15:39:31,828 [Mini-Cluster-Provider-Reap] INFO  server.RaftServer$Division (ServerState.java:close(429)) - om1@group-C5BA1605619E: closes. applyIndex: 84
2022-05-22 15:39:31,830 [om1@group-C5BA1605619E-SegmentedRaftLogWorker] INFO  segmented.SegmentedRaftLogWorker (SegmentedRaftLogWorker.java:run(336)) - om1@group-C5BA1605619E-SegmentedRaftLogWorker was interrupted, exiting. There are 0 tasks remaining in the queue.
2022-05-22 15:39:31,831 [Mini-Cluster-Provider-Reap] INFO  segmented.SegmentedRaftLogWorker (SegmentedRaftLogWorker.java:close(246)) - om1@group-C5BA1605619E-SegmentedRaftLogWorker close()
2022-05-22 15:39:31,834 [Mini-Cluster-Provider-Reap] INFO  server.GrpcService (GrpcService.java:closeImpl(269)) - om1: shutdown server with port 40199 now
2022-05-22 15:39:31,843 [Mini-Cluster-Provider-Reap] INFO  server.GrpcService (GrpcService.java:closeImpl(278)) - om1: shutdown server with port 40199 successfully
2022-05-22 15:39:31,843 [org.apache.ratis.util.JvmPauseMonitor$$Lambda$702/2064598138@56973ac8] INFO  util.JvmPauseMonitor (JvmPauseMonitor.java:run(109)) - JvmPauseMonitor-om1: Stopped
2022-05-22 15:39:31,847 [Mini-Cluster-Provider-Reap] INFO  ratis.OzoneManagerStateMachine (OzoneManagerStateMachine.java:close(490)) - StateMachine has shutdown. Shutdown OzoneManager if not already shutdown.
2022-05-22 15:39:31,847 [Mini-Cluster-Provider-Reap] INFO  ratis.OzoneManagerDoubleBuffer (OzoneManagerDoubleBuffer.java:stop(477)) - OMDoubleBuffer flush thread is not running.
2022-05-22 15:39:31,847 [Mini-Cluster-Provider-Reap] INFO  utils.BackgroundService (BackgroundService.java:shutdown(132)) - Shutting down service KeyDeletingService
2022-05-22 15:39:31,848 [Mini-Cluster-Provider-Reap] INFO  utils.BackgroundService (BackgroundService.java:shutdown(132)) - Shutting down service DirectoryDeletingService
2022-05-22 15:39:31,850 [Mini-Cluster-Provider-Reap] INFO  handler.ContextHandler (ContextHandler.java:doStop(1153)) - Stopped o.e.j.w.WebAppContext@b51f8fc{ozoneManager,/,null,STOPPED}{file:/home/runner/work/ozone/ozone/hadoop-ozone/integration-test/target/test-classes/webapps/ozoneManager}
2022-05-22 15:39:31,850 [Mini-Cluster-Provider-Reap] INFO  server.AbstractConnector (AbstractConnector.java:doStop(381)) - Stopped ServerConnector@178ed94d{HTTP/1.1, (http/1.1)}{0.0.0.0:0}
2022-05-22 15:39:31,850 [Mini-Cluster-Provider-Reap] INFO  server.session (HouseKeeper.java:stopScavenging(149)) - node0 Stopped scavenging
2022-05-22 15:39:31,851 [Mini-Cluster-Provider-Reap] INFO  handler.ContextHandler (ContextHandler.java:doStop(1153)) - Stopped o.e.j.s.ServletContextHandler@693216e1{static,/static,file:///home/runner/work/ozone/ozone/hadoop-ozone/integration-test/target/test-classes/webapps/static,STOPPED}
2022-05-22 15:39:31,851 [Mini-Cluster-Provider-Reap] INFO  handler.ContextHandler (ContextHandler.java:doStop(1153)) - Stopped o.e.j.s.ServletContextHandler@5db09a43{logs,/logs,file:///home/runner/work/ozone/ozone/hadoop-ozone/integration-test/target/log,STOPPED}
2022-05-22 15:39:31,870 [ReplicationMonitor] INFO  replication.ReplicationManager (ReplicationManager.java:processAll(249)) - Replication Monitor Thread took 0 milliseconds for processing 0 containers.
2022-05-22 15:39:31,877 [OM StateMachine ApplyTransaction Thread - 0] INFO  volume.OMVolumeCreateRequest (OMVolumeCreateRequest.java:validateAndUpdateCache(195)) - created volume:vol1 for user:user67724
2022-05-22 15:39:31,999 [Mini-Cluster-Provider-Reap] INFO  ozone.MiniOzoneClusterImpl (MiniOzoneClusterImpl.java:stopDatanodes(530)) - Stopping the HddsDatanodes
2022-05-22 15:39:32,032 [main] INFO  rpc.RpcClient (RpcClient.java:createBucket(637)) - Creating Bucket: vol1/bucket1, with runner as owner and Versioning false and Storage Type set to DISK and Encryption set to false 
2022-05-22 15:39:32,041 [OM StateMachine ApplyTransaction Thread - 0] INFO  bucket.OMBucketCreateRequest (OMBucketCreateRequest.java:validateAndUpdateCache(258)) - created bucket: bucket1 of layout LEGACY in volume: vol1
2022-05-22 15:39:32,156 [IPC Server handler 0 on default port 41355] INFO  ha.SequenceIdGenerator (SequenceIdGenerator.java:getNextId(127)) - Allocate a batch for containerId, change lastId from 0 to 1000.
2022-05-22 15:39:32,156 [IPC Server handler 0 on default port 41355] WARN  ha.SequenceIdGenerator (SequenceIdGenerator.java:allocateBatch(235)) - Failed to allocate a batch for localId, expected lastId is 0, actual lastId is 109611004723200000.
2022-05-22 15:39:32,156 [IPC Server handler 0 on default port 41355] INFO  ha.SequenceIdGenerator (SequenceIdGenerator.java:getNextId(127)) - Allocate a batch for localId, change lastId from 109611004723200000 to 109611004723201000.
2022-05-22 15:39:32,164 [Listener at 127.0.0.1/41215] INFO  net.NodeSchemaLoader (NodeSchemaLoader.java:loadSchemaFromFile(129)) - Loading schema from [jar:file:/home/runner/.m2/repository/org/apache/ozone/hdds-common/1.3.0-SNAPSHOT/hdds-common-1.3.0-SNAPSHOT.jar!/network-topology-default.xml]
2022-05-22 15:39:32,164 [Listener at 127.0.0.1/41215] INFO  net.NodeSchemaLoader (NodeSchemaLoader.java:loadSchema(176)) - Loading network topology layer schema file
2022-05-22 15:39:32,168 [Listener at 127.0.0.1/41215] WARN  impl.MetricRegistriesImpl (MetricRegistriesImpl.java:addReporterRegistration(111)) - New reporters are added after registries were created. Some metrics will be missing from the reporter. Please add reporter before adding any new registry.
2022-05-22 15:39:32,170 [Listener at 127.0.0.1/41215] WARN  impl.MetricRegistriesImpl (MetricRegistriesImpl.java:addReporterRegistration(111)) - New reporters are added after registries were created. Some metrics will be missing from the reporter. Please add reporter before adding any new registry.
2022-05-22 15:39:32,170 [Listener at 127.0.0.1/41215] INFO  ha.SequenceIdGenerator (SequenceIdGenerator.java:upgradeToSequenceId(347)) - upgrade localId to 109611004723200000
2022-05-22 15:39:32,170 [Listener at 127.0.0.1/41215] INFO  ha.SequenceIdGenerator (SequenceIdGenerator.java:upgradeToSequenceId(357)) - upgrade delTxnId to 0
2022-05-22 15:39:32,170 [Listener at 127.0.0.1/41215] INFO  ha.SequenceIdGenerator (SequenceIdGenerator.java:upgradeToSequenceId(371)) - upgrade containerId to 0
2022-05-22 15:39:32,170 [Listener at 127.0.0.1/41215] INFO  ha.SequenceIdGenerator (SequenceIdGenerator.java:<init>(218)) - Init the HA SequenceIdGenerator.
2022-05-22 15:39:32,174 [Listener at 127.0.0.1/41215] INFO  node.SCMNodeManager (SCMNodeManager.java:<init>(148)) - Entering startup safe mode.
2022-05-22 15:39:32,174 [Listener at 127.0.0.1/41215] INFO  algorithms.ContainerPlacementPolicyFactory (ContainerPlacementPolicyFactory.java:getPolicyInternal(86)) - Create container placement policy of type org.apache.hadoop.hdds.scm.container.placement.algorithms.SCMContainerPlacementRandom
2022-05-22 15:39:32,174 [Listener at 127.0.0.1/41215] INFO  pipeline.PipelineStateManagerImpl (PipelineStateManagerImpl.java:initialize(78)) - No pipeline exists in current db
2022-05-22 15:39:32,175 [Listener at 127.0.0.1/41215] INFO  algorithms.LeaderChoosePolicyFactory (LeaderChoosePolicyFactory.java:getPolicy(57)) - Create leader choose policy of type org.apache.hadoop.hdds.scm.pipeline.leader.choose.algorithms.MinLeaderCountChoosePolicy
2022-05-22 15:39:32,175 [Listener at 127.0.0.1/41215] INFO  algorithms.ContainerPlacementPolicyFactory (ContainerPlacementPolicyFactory.java:getPolicyInternal(86)) - Create container placement policy of type org.apache.hadoop.hdds.scm.container.placement.algorithms.SCMContainerPlacementRackScatter
2022-05-22 15:39:32,175 [Listener at 127.0.0.1/41215] INFO  pipeline.BackgroundPipelineCreator (BackgroundPipelineCreator.java:start(125)) - Starting RatisPipelineUtilsThread.
2022-05-22 15:39:32,175 [Listener at 127.0.0.1/41215] INFO  pipeline.BackgroundPipelineScrubber (BackgroundPipelineScrubber.java:start(126)) - Starting BackgroundPipelineScrubber Service.
2022-05-22 15:39:32,175 [Listener at 127.0.0.1/41215] INFO  ha.SCMServiceManager (SCMServiceManager.java:register(42)) - Registering service BackgroundPipelineCreator.
2022-05-22 15:39:32,175 [Listener at 127.0.0.1/41215] INFO  ha.SCMServiceManager (SCMServiceManager.java:register(42)) - Registering service BackgroundPipelineScrubber.
2022-05-22 15:39:32,176 [Listener at 127.0.0.1/41215] INFO  algorithms.PipelineChoosePolicyFactory (PipelineChoosePolicyFactory.java:createPipelineChoosePolicyFromClass(73)) - Create pipeline choose policy of type org.apache.hadoop.hdds.scm.pipeline.choose.algorithms.RandomPipelineChoosePolicy
2022-05-22 15:39:32,176 [Listener at 127.0.0.1/41215] INFO  ha.SCMServiceManager (SCMServiceManager.java:register(42)) - Registering service SCMBlockDeletingService.
2022-05-22 15:39:32,176 [Listener at 127.0.0.1/41215] INFO  ha.SCMServiceManager (SCMServiceManager.java:register(42)) - Registering service ReplicationManager.
2022-05-22 15:39:32,176 [Listener at 127.0.0.1/41215] INFO  replication.ReplicationManager (ReplicationManager.java:start(179)) - Starting Replication Monitor Thread.
2022-05-22 15:39:32,177 [Listener at 127.0.0.1/41215] INFO  safemode.ContainerSafeModeRule (ContainerSafeModeRule.java:<init>(89)) - containers with one replica threshold count 0
2022-05-22 15:39:32,177 [Listener at 127.0.0.1/41215] INFO  safemode.HealthyPipelineSafeModeRule (HealthyPipelineSafeModeRule.java:initializeRule(156)) - Total pipeline count is 0, healthy pipeline threshold count is 1
2022-05-22 15:39:32,177 [Listener at 127.0.0.1/41215] INFO  safemode.OneReplicaPipelineSafeModeRule (OneReplicaPipelineSafeModeRule.java:initializeRule(180)) - Total pipeline count is 0, pipeline's with at least one datanode reported threshold count is 0
2022-05-22 15:39:32,178 [Listener at 127.0.0.1/41215] INFO  ipc.CallQueueManager (CallQueueManager.java:<init>(90)) - Using callQueue: class java.util.concurrent.LinkedBlockingQueue, queueCapacity: 2000, scheduler: class org.apache.hadoop.ipc.DefaultRpcScheduler, ipcBackoff: false.
2022-05-22 15:39:32,178 [Socket Reader #1 for port 0] INFO  ipc.Server (Server.java:run(1265)) - Starting Socket Reader #1 for port 0
2022-05-22 15:39:32,179 [Listener at 0.0.0.0/44391] INFO  ipc.CallQueueManager (CallQueueManager.java:<init>(90)) - Using callQueue: class java.util.concurrent.LinkedBlockingQueue, queueCapacity: 2000, scheduler: class org.apache.hadoop.ipc.DefaultRpcScheduler, ipcBackoff: false.
2022-05-22 15:39:32,179 [Socket Reader #1 for port 0] INFO  ipc.Server (Server.java:run(1265)) - Starting Socket Reader #1 for port 0
2022-05-22 15:39:32,180 [Listener at 0.0.0.0/39899] INFO  ipc.CallQueueManager (CallQueueManager.java:<init>(90)) - Using callQueue: class java.util.concurrent.LinkedBlockingQueue, queueCapacity: 2000, scheduler: class org.apache.hadoop.ipc.DefaultRpcScheduler, ipcBackoff: false.
2022-05-22 15:39:32,190 [Socket Reader #1 for port 0] INFO  ipc.Server (Server.java:run(1265)) - Starting Socket Reader #1 for port 0
2022-05-22 15:39:32,213 [ReplicationMonitor] INFO  replication.ReplicationManager (ReplicationManager.java:processAll(228)) - Replication Manager is not ready to run until 3000ms after safemode exit
2022-05-22 15:39:32,263 [ReplicationMonitor] INFO  replication.LegacyReplicationManager (LegacyReplicationManager.java:handleOverReplicatedContainer(1149)) - Container #1 is over replicated. Expected replica count is 3, but found 4.
2022-05-22 15:39:32,263 [ReplicationMonitor] INFO  replication.LegacyReplicationManager (LegacyReplicationManager.java:sendDeleteCommand(1473)) - Sending delete container command for container #1 to datanode 1f7078f4-dbb5-4e18-aa32-e400d80d84d6{ip: 10.1.0.29, host: fv-az40-114.rqf5bxgtie1u1lrk4cuotvq0td.cx.internal.cloudapp.net, ports: [REPLICATION=37671, RATIS=40765, RATIS_ADMIN=40765, RATIS_SERVER=40765, STANDALONE=41783], networkLocation: /default-rack, certSerialId: null, persistedOpState: IN_SERVICE, persistedOpStateExpiryEpochSec: 0}
2022-05-22 15:39:32,264 [ReplicationMonitor] INFO  replication.LegacyReplicationManager (LegacyReplicationManager.java:handleOverReplicatedContainer(1149)) - Container #2 is over replicated. Expected replica count is 3, but found 4.
2022-05-22 15:39:32,264 [ReplicationMonitor] INFO  replication.LegacyReplicationManager (LegacyReplicationManager.java:sendDeleteCommand(1473)) - Sending delete container command for container #2 to datanode 1f7078f4-dbb5-4e18-aa32-e400d80d84d6{ip: 10.1.0.29, host: fv-az40-114.rqf5bxgtie1u1lrk4cuotvq0td.cx.internal.cloudapp.net, ports: [REPLICATION=37671, RATIS=40765, RATIS_ADMIN=40765, RATIS_SERVER=40765, STANDALONE=41783], networkLocation: /default-rack, certSerialId: null, persistedOpState: IN_SERVICE, persistedOpStateExpiryEpochSec: 0}
2022-05-22 15:39:32,264 [ReplicationMonitor] INFO  replication.LegacyReplicationManager (LegacyReplicationManager.java:handleOverReplicatedContainer(1149)) - Container #3 is over replicated. Expected replica count is 3, but found 4.
2022-05-22 15:39:32,264 [ReplicationMonitor] INFO  replication.LegacyReplicationManager (LegacyReplicationManager.java:sendDeleteCommand(1473)) - Sending delete container command for container #3 to datanode f037c40c-219b-47c2-8b62-33d646164691{ip: 10.1.0.29, host: fv-az40-114.rqf5bxgtie1u1lrk4cuotvq0td.cx.internal.cloudapp.net, ports: [REPLICATION=43755, RATIS=38631, RATIS_ADMIN=38631, RATIS_SERVER=38631, STANDALONE=39395], networkLocation: /default-rack, certSerialId: null, persistedOpState: IN_SERVICE, persistedOpStateExpiryEpochSec: 0}
2022-05-22 15:39:32,264 [ReplicationMonitor] INFO  replication.ReplicationManager (ReplicationManager.java:processAll(249)) - Replication Monitor Thread took 1 milliseconds for processing 6 containers.
2022-05-22 15:39:32,264 [ReplicationMonitor] INFO  replication.ReplicationManager (ReplicationManager.java:processAll(249)) - Replication Monitor Thread took 0 milliseconds for processing 1 containers.
2022-05-22 15:39:32,401 [Listener at 0.0.0.0/37709] INFO  server.StorageContainerManager (StorageContainerManager.java:<init>(399)) - 
Container Balancer status:
Key                            Value
Running                        false
Container Balancer Configuration values:
Key                                                Value
Threshold                                          10
Max Datanodes to Involve per Iteration(percent)    20
Max Size to Move per Iteration                     500GB
Max Size Entering Target per Iteration             26GB
Max Size Leaving Source per Iteration              26GB

2022-05-22 15:39:32,401 [Listener at 0.0.0.0/37709] WARN  events.EventQueue (EventQueue.java:fireEvent(194)) - No event handler registered for event TypedEvent{payloadType=SafeModeStatus, name='Safe mode status'}
2022-05-22 15:39:32,401 [Listener at 0.0.0.0/37709] INFO  ha.SCMContext (SCMContext.java:updateSafeModeStatus(211)) - Update SafeModeStatus from SafeModeStatus{safeModeStatus=true, preCheckPassed=false} to SafeModeStatus{safeModeStatus=true, preCheckPassed=false}.
2022-05-22 15:39:32,401 [Listener at 0.0.0.0/37709] INFO  server.StorageContainerManager (StorageContainerManager.java:start(1354)) - StorageContainerLocationProtocol RPC server is listening at /0.0.0.0:37709
2022-05-22 15:39:32,401 [Listener at 0.0.0.0/37709] INFO  impl.MetricsSystemImpl (MetricsSystemImpl.java:init(158)) - StorageContainerManager metrics system started (again)
2022-05-22 15:39:32,578 [Listener at 0.0.0.0/37709] INFO  server.SCMClientProtocolServer (SCMClientProtocolServer.java:start(169)) - RPC server for Client  is listening at /0.0.0.0:37709
2022-05-22 15:39:32,578 [IPC Server Responder] INFO  ipc.Server (Server.java:run(1507)) - IPC Server Responder: starting
2022-05-22 15:39:32,578 [IPC Server listener on 0] INFO  ipc.Server (Server.java:run(1344)) - IPC Server listener on 0: starting
2022-05-22 15:39:32,580 [Listener at 0.0.0.0/37709] INFO  server.StorageContainerManager (StorageContainerManager.java:start(1369)) - ScmBlockLocationProtocol RPC server is listening at /0.0.0.0:39899
2022-05-22 15:39:32,580 [Listener at 0.0.0.0/37709] INFO  server.SCMBlockProtocolServer (SCMBlockProtocolServer.java:start(151)) - RPC server for Block Protocol is listening at /0.0.0.0:39899
2022-05-22 15:39:32,580 [IPC Server Responder] INFO  ipc.Server (Server.java:run(1507)) - IPC Server Responder: starting
2022-05-22 15:39:32,580 [IPC Server listener on 0] INFO  ipc.Server (Server.java:run(1344)) - IPC Server listener on 0: starting
2022-05-22 15:39:32,679 [Listener at 0.0.0.0/37709] INFO  server.SCMDatanodeProtocolServer (SCMDatanodeProtocolServer.java:start(183)) - ScmDatanodeProtocol RPC server for DataNodes is listening at /0.0.0.0:44391
2022-05-22 15:39:32,687 [IPC Server Responder] INFO  ipc.Server (Server.java:run(1507)) - IPC Server Responder: starting
2022-05-22 15:39:32,695 [IPC Server listener on 0] INFO  ipc.Server (Server.java:run(1344)) - IPC Server listener on 0: starting
2022-05-22 15:39:32,752 [org.apache.hadoop.util.JvmPauseMonitor$Monitor@6a06e3d0] INFO  util.JvmPauseMonitor (JvmPauseMonitor.java:run(188)) - Starting JVM pause monitor
2022-05-22 15:39:32,753 [Listener at 0.0.0.0/37709] INFO  http.BaseHttpServer (BaseHttpServer.java:newHttpServer2BuilderForOzone(209)) - Starting Web-server for scm at: http://0.0.0.0:0
2022-05-22 15:39:32,753 [Listener at 0.0.0.0/37709] INFO  http.BaseHttpServer (BaseHttpServer.java:<init>(107)) - Hadoop Security Enabled: false Ozone Security Enabled: false Ozone HTTP Security Enabled: false 
2022-05-22 15:39:32,754 [Listener at 0.0.0.0/37709] INFO  server.AuthenticationFilter (AuthenticationFilter.java:constructSecretProvider(240)) - Unable to initialize FileSignerSecretProvider, falling back to use random secrets.
2022-05-22 15:39:32,819 [Listener at 0.0.0.0/37709] WARN  http.HttpRequestLog (HttpRequestLog.java:getRequestLog(103)) - Jetty request log can only be enabled using Log4j
2022-05-22 15:39:32,820 [Listener at 0.0.0.0/37709] INFO  http.HttpServer2 (HttpServer2.java:addGlobalFilter(1030)) - Added global filter 'safety' (class=org.apache.hadoop.hdds.server.http.HttpServer2$QuotingInputFilter)
2022-05-22 15:39:32,821 [Listener at 0.0.0.0/37709] INFO  http.HttpServer2 (HttpServer2.java:addFilter(1006)) - Added filter static_user_filter (class=org.apache.hadoop.http.lib.StaticUserWebFilter$StaticUserFilter) to context scm
2022-05-22 15:39:32,821 [Listener at 0.0.0.0/37709] INFO  http.HttpServer2 (HttpServer2.java:addFilter(1014)) - Added filter static_user_filter (class=org.apache.hadoop.http.lib.StaticUserWebFilter$StaticUserFilter) to context static
2022-05-22 15:39:32,821 [Listener at 0.0.0.0/37709] INFO  http.HttpServer2 (HttpServer2.java:addFilter(1014)) - Added filter static_user_filter (class=org.apache.hadoop.http.lib.StaticUserWebFilter$StaticUserFilter) to context logs
2022-05-22 15:39:32,821 [Listener at 0.0.0.0/37709] INFO  http.HttpServer2 (HttpServer2.java:bindListener(1249)) - Jetty bound to port 37053
2022-05-22 15:39:32,821 [Listener at 0.0.0.0/37709] INFO  server.Server (Server.java:doStart(375)) - jetty-9.4.43.v20210629; built: 2021-06-30T11:07:22.254Z; git: 526006ecfa3af7f1a27ef3a288e2bef7ea9dd7e8; jvm 1.8.0_332-b09
2022-05-22 15:39:32,841 [Listener at 0.0.0.0/37709] INFO  server.session (DefaultSessionIdManager.java:doStart(334)) - DefaultSessionIdManager workerName=node0
2022-05-22 15:39:32,841 [Listener at 0.0.0.0/37709] INFO  server.session (DefaultSessionIdManager.java:doStart(339)) - No SessionScavenger set, using defaults
2022-05-22 15:39:32,841 [Listener at 0.0.0.0/37709] INFO  server.session (HouseKeeper.java:startScavenging(132)) - node0 Scavenging every 600000ms
2022-05-22 15:39:32,841 [Listener at 0.0.0.0/37709] INFO  handler.ContextHandler (ContextHandler.java:doStart(915)) - Started o.e.j.s.ServletContextHandler@49bc2687{logs,/logs,file:///home/runner/work/ozone/ozone/hadoop-ozone/integration-test/target/log,AVAILABLE}
2022-05-22 15:39:32,842 [Listener at 0.0.0.0/37709] INFO  handler.ContextHandler (ContextHandler.java:doStart(915)) - Started o.e.j.s.ServletContextHandler@31852720{static,/static,file:///home/runner/work/ozone/ozone/hadoop-ozone/integration-test/target/test-classes/webapps/static,AVAILABLE}
2022-05-22 15:39:32,844 [Listener at 0.0.0.0/37709] INFO  handler.ContextHandler (ContextHandler.java:doStart(915)) - Started o.e.j.w.WebAppContext@1df5b40a{scm,/,file:///home/runner/work/ozone/ozone/hadoop-ozone/integration-test/target/test-classes/webapps/scm/,AVAILABLE}{file:/home/runner/work/ozone/ozone/hadoop-ozone/integration-test/target/test-classes/webapps/scm}
2022-05-22 15:39:32,870 [ReplicationMonitor] INFO  replication.ReplicationManager (ReplicationManager.java:processAll(249)) - Replication Monitor Thread took 0 milliseconds for processing 0 containers.
2022-05-22 15:39:32,943 [Listener at 0.0.0.0/37709] INFO  server.AbstractConnector (AbstractConnector.java:doStart(331)) - Started ServerConnector@1bb2cb9c{HTTP/1.1, (http/1.1)}{0.0.0.0:37053}
2022-05-22 15:39:32,943 [Listener at 0.0.0.0/37709] INFO  server.Server (Server.java:doStart(415)) - Started @172323ms
2022-05-22 15:39:32,943 [Listener at 0.0.0.0/37709] WARN  impl.MetricsSystemImpl (MetricsSystemImpl.java:register(279)) - Sink prometheus already exists!
2022-05-22 15:39:32,945 [Listener at 0.0.0.0/37709] INFO  http.BaseHttpServer (BaseHttpServer.java:updateConnectorAddress(329)) - HTTP server of scm listening at http://0.0.0.0:37053
2022-05-22 15:39:32,945 [Listener at 0.0.0.0/37709] WARN  server.ServerUtils (ServerUtils.java:getDBPath(225)) - ozone.om.db.dirs is not configured. We recommend adding this setting. Falling back to ozone.metadata.dirs instead.
2022-05-22 15:39:32,948 [Listener at 0.0.0.0/37709] INFO  ha.OMHANodeDetails (OMHANodeDetails.java:loadOMHAConfig(115)) - ozone.om.internal.service.id is not defined, falling back to ozone.om.service.ids to find serviceID for OzoneManager if it is HA enabled cluster
2022-05-22 15:39:32,994 [Listener at 0.0.0.0/37709] INFO  ha.OMHANodeDetails (OMHANodeDetails.java:loadOMHAConfig(226)) - Configuration does not have ozone.om.address set. Falling back to the default OM address /127.0.0.1:0
2022-05-22 15:39:32,994 [Listener at 0.0.0.0/37709] INFO  ha.OMHANodeDetails (OMHANodeDetails.java:getOMNodeDetailsForNonHA(254)) - OM Service ID is not set. Setting it to the default ID: omServiceIdDefault
2022-05-22 15:39:32,994 [Listener at 0.0.0.0/37709] INFO  ha.OMHANodeDetails (OMHANodeDetails.java:getOMNodeDetailsForNonHA(261)) - OM Node ID is not set. Setting it to the default ID: om1
2022-05-22 15:39:32,994 [Listener at 0.0.0.0/37709] WARN  server.ServerUtils (ServerUtils.java:getDBPath(225)) - ozone.om.db.dirs is not configured. We recommend adding this setting. Falling back to ozone.metadata.dirs instead.
2022-05-22 15:39:32,994 [Listener at 0.0.0.0/37709] INFO  upgrade.AbstractLayoutVersionManager (AbstractLayoutVersionManager.java:init(79)) - Initializing Layout version manager with metadata layout = BUCKET_LAYOUT_SUPPORT (version = 2), software layout = BUCKET_LAYOUT_SUPPORT (version = 2)
2022-05-22 15:39:33,216 [ReplicationMonitor] INFO  replication.ReplicationManager (ReplicationManager.java:processAll(228)) - Replication Manager is not ready to run until 3000ms after safemode exit
2022-05-22 15:39:33,264 [ReplicationMonitor] INFO  replication.LegacyReplicationManager (LegacyReplicationManager.java:sendCloseCommand(1408)) - Sending close container command for container #3 to datanode f037c40c-219b-47c2-8b62-33d646164691{ip: 10.1.0.29, host: fv-az40-114.rqf5bxgtie1u1lrk4cuotvq0td.cx.internal.cloudapp.net, ports: [REPLICATION=43755, RATIS=38631, RATIS_ADMIN=38631, RATIS_SERVER=38631, STANDALONE=39395], networkLocation: /default-rack, certSerialId: null, persistedOpState: IN_SERVICE, persistedOpStateExpiryEpochSec: 0}.
2022-05-22 15:39:33,264 [ReplicationMonitor] INFO  replication.ReplicationManager (ReplicationManager.java:processAll(249)) - Replication Monitor Thread took 0 milliseconds for processing 6 containers.
2022-05-22 15:39:33,264 [ReplicationMonitor] INFO  replication.ReplicationManager (ReplicationManager.java:processAll(249)) - Replication Monitor Thread took 0 milliseconds for processing 1 containers.
2022-05-22 15:39:33,468 [Listener at 0.0.0.0/37709] INFO  reflections.Reflections (Reflections.java:scan(232)) - Reflections took 473 ms to scan 2 urls, producing 143 keys and 369 values [using 2 cores]
2022-05-22 15:39:33,468 [Listener at 0.0.0.0/37709] INFO  upgrade.OMLayoutVersionManager (OMLayoutVersionManager.java:lambda$0(115)) - Skipping Upgrade Action MockOmUpgradeAction since it has been finalized.
2022-05-22 15:39:33,468 [Listener at 0.0.0.0/37709] WARN  server.ServerUtils (ServerUtils.java:getDBPath(225)) - ozone.om.db.dirs is not configured. We recommend adding this setting. Falling back to ozone.metadata.dirs instead.
2022-05-22 15:39:33,469 [Listener at 0.0.0.0/37709] INFO  proxy.SCMBlockLocationFailoverProxyProvider (SCMBlockLocationFailoverProxyProvider.java:<init>(114)) - Created block location fail-over proxy with 1 nodes: [nodeId=scmNodeId,nodeAddress=/0.0.0.0:39899]
2022-05-22 15:39:33,469 [Listener at 0.0.0.0/37709] INFO  proxy.SCMBlockLocationFailoverProxyProvider (SCMBlockLocationFailoverProxyProvider.java:<init>(114)) - Created block location fail-over proxy with 1 nodes: [nodeId=scmNodeId,nodeAddress=/0.0.0.0:39899]
2022-05-22 15:39:33,597 [Listener at 0.0.0.0/37709] WARN  server.ServerUtils (ServerUtils.java:getDBPath(225)) - ozone.om.db.dirs is not configured. We recommend adding this setting. Falling back to ozone.metadata.dirs instead.
2022-05-22 15:39:33,598 [Listener at 0.0.0.0/37709] INFO  codec.OmKeyInfoCodec (OmKeyInfoCodec.java:<init>(49)) - OmKeyInfoCodec ignorePipeline = true
2022-05-22 15:39:33,598 [Listener at 0.0.0.0/37709] INFO  codec.RepeatedOmKeyInfoCodec (RepeatedOmKeyInfoCodec.java:<init>(41)) - RepeatedOmKeyInfoCodec ignorePipeline = true
2022-05-22 15:39:33,870 [ReplicationMonitor] INFO  replication.ReplicationManager (ReplicationManager.java:processAll(249)) - Replication Monitor Thread took 0 milliseconds for processing 0 containers.
2022-05-22 15:39:34,205 [EventQueue-StaleNodeForStaleNodeHandler] INFO  node.StaleNodeHandler (StaleNodeHandler.java:onMessage(58)) - Datanode 638d573d-e935-44db-a072-277320ec0492{ip: 10.1.0.29, host: fv-az40-114.rqf5bxgtie1u1lrk4cuotvq0td.cx.internal.cloudapp.net, ports: [REPLICATION=42303, RATIS=33727, RATIS_ADMIN=33727, RATIS_SERVER=33727, STANDALONE=33225], networkLocation: /default-rack, certSerialId: null, persistedOpState: IN_SERVICE, persistedOpStateExpiryEpochSec: 0} moved to stale state. Finalizing its pipelines [PipelineID=485fede9-11e1-49c5-9bf5-d639ef149afc, PipelineID=1872f68b-7983-4036-a5d6-9c5526fcbf79]
2022-05-22 15:39:34,205 [EventQueue-StaleNodeForStaleNodeHandler] INFO  pipeline.PipelineManagerImpl (PipelineManagerImpl.java:closePipeline(410)) - Pipeline Pipeline[ Id: 485fede9-11e1-49c5-9bf5-d639ef149afc, Nodes: 638d573d-e935-44db-a072-277320ec0492{ip: 10.1.0.29, host: fv-az40-114.rqf5bxgtie1u1lrk4cuotvq0td.cx.internal.cloudapp.net, ports: [REPLICATION=42303, RATIS=33727, RATIS_ADMIN=33727, RATIS_SERVER=33727, STANDALONE=33225], networkLocation: /default-rack, certSerialId: null, persistedOpState: IN_SERVICE, persistedOpStateExpiryEpochSec: 0}, ReplicationConfig: RATIS/ONE, State:OPEN, leaderId:638d573d-e935-44db-a072-277320ec0492, CreationTimestamp2022-05-22T15:37:45.749Z[Etc/UTC]] moved to CLOSED state
2022-05-22 15:39:34,213 [EventQueue-StaleNodeForStaleNodeHandler] INFO  pipeline.PipelineManagerImpl (PipelineManagerImpl.java:closeContainersForPipeline(389)) - Container #4 closed for pipeline=PipelineID=1872f68b-7983-4036-a5d6-9c5526fcbf79
2022-05-22 15:39:34,213 [EventQueue-CloseContainerForCloseContainerEventHandler] INFO  container.CloseContainerEventHandler (CloseContainerEventHandler.java:onMessage(69)) - Close container Event triggered for container : #4
2022-05-22 15:39:34,213 [EventQueue-StaleNodeForStaleNodeHandler] INFO  pipeline.PipelineManagerImpl (PipelineManagerImpl.java:closeContainersForPipeline(389)) - Container #5 closed for pipeline=PipelineID=1872f68b-7983-4036-a5d6-9c5526fcbf79
2022-05-22 15:39:34,213 [EventQueue-CloseContainerForCloseContainerEventHandler] INFO  container.CloseContainerEventHandler (CloseContainerEventHandler.java:onMessage(69)) - Close container Event triggered for container : #5
2022-05-22 15:39:34,213 [EventQueue-StaleNodeForStaleNodeHandler] INFO  pipeline.PipelineManagerImpl (PipelineManagerImpl.java:closeContainersForPipeline(389)) - Container #6 closed for pipeline=PipelineID=1872f68b-7983-4036-a5d6-9c5526fcbf79
2022-05-22 15:39:34,213 [EventQueue-CloseContainerForCloseContainerEventHandler] INFO  container.CloseContainerEventHandler (CloseContainerEventHandler.java:onMessage(69)) - Close container Event triggered for container : #6
2022-05-22 15:39:34,213 [EventQueue-StaleNodeForStaleNodeHandler] INFO  pipeline.PipelineManagerImpl (PipelineManagerImpl.java:closePipeline(410)) - Pipeline Pipeline[ Id: 1872f68b-7983-4036-a5d6-9c5526fcbf79, Nodes: 638d573d-e935-44db-a072-277320ec0492{ip: 10.1.0.29, host: fv-az40-114.rqf5bxgtie1u1lrk4cuotvq0td.cx.internal.cloudapp.net, ports: [REPLICATION=42303, RATIS=33727, RATIS_ADMIN=33727, RATIS_SERVER=33727, STANDALONE=33225], networkLocation: /default-rack, certSerialId: null, persistedOpState: IN_SERVICE, persistedOpStateExpiryEpochSec: 0}168572c2-1126-43c1-a852-56a66dfae082{ip: 10.1.0.29, host: fv-az40-114.rqf5bxgtie1u1lrk4cuotvq0td.cx.internal.cloudapp.net, ports: [REPLICATION=45765, RATIS=40535, RATIS_ADMIN=40535, RATIS_SERVER=40535, STANDALONE=33739], networkLocation: /default-rack, certSerialId: null, persistedOpState: IN_SERVICE, persistedOpStateExpiryEpochSec: 0}4c6f2adb-38a1-426c-b706-7d3e145904df{ip: 10.1.0.29, host: fv-az40-114.rqf5bxgtie1u1lrk4cuotvq0td.cx.internal.cloudapp.net, ports: [REPLICATION=33061, RATIS=45801, RATIS_ADMIN=45801, RATIS_SERVER=45801, STANDALONE=37005], networkLocation: /default-rack, certSerialId: null, persistedOpState: IN_SERVICE, persistedOpStateExpiryEpochSec: 0}, ReplicationConfig: RATIS/THREE, State:OPEN, leaderId:638d573d-e935-44db-a072-277320ec0492, CreationTimestamp2022-05-22T15:37:46.494Z[Etc/UTC]] moved to CLOSED state
2022-05-22 15:39:34,216 [ReplicationMonitor] INFO  replication.ReplicationManager (ReplicationManager.java:processAll(228)) - Replication Manager is not ready to run until 3000ms after safemode exit
2022-05-22 15:39:34,265 [ReplicationMonitor] INFO  replication.LegacyReplicationManager (LegacyReplicationManager.java:sendCloseCommand(1408)) - Sending close container command for container #3 to datanode f037c40c-219b-47c2-8b62-33d646164691{ip: 10.1.0.29, host: fv-az40-114.rqf5bxgtie1u1lrk4cuotvq0td.cx.internal.cloudapp.net, ports: [REPLICATION=43755, RATIS=38631, RATIS_ADMIN=38631, RATIS_SERVER=38631, STANDALONE=39395], networkLocation: /default-rack, certSerialId: null, persistedOpState: IN_SERVICE, persistedOpStateExpiryEpochSec: 0}.
2022-05-22 15:39:34,265 [ReplicationMonitor] INFO  replication.ReplicationManager (ReplicationManager.java:processAll(249)) - Replication Monitor Thread took 1 milliseconds for processing 3 containers.
2022-05-22 15:39:34,265 [ReplicationMonitor] INFO  replication.LegacyReplicationManager (LegacyReplicationManager.java:sendCloseCommand(1408)) - Sending close container command for container #4 to datanode 638d573d-e935-44db-a072-277320ec0492{ip: 10.1.0.29, host: fv-az40-114.rqf5bxgtie1u1lrk4cuotvq0td.cx.internal.cloudapp.net, ports: [REPLICATION=42303, RATIS=33727, RATIS_ADMIN=33727, RATIS_SERVER=33727, STANDALONE=33225], networkLocation: /default-rack, certSerialId: null, persistedOpState: IN_SERVICE, persistedOpStateExpiryEpochSec: 0}.
2022-05-22 15:39:34,265 [ReplicationMonitor] INFO  replication.LegacyReplicationManager (LegacyReplicationManager.java:sendCloseCommand(1408)) - Sending close container command for container #4 to datanode 4c6f2adb-38a1-426c-b706-7d3e145904df{ip: 10.1.0.29, host: fv-az40-114.rqf5bxgtie1u1lrk4cuotvq0td.cx.internal.cloudapp.net, ports: [REPLICATION=33061, RATIS=45801, RATIS_ADMIN=45801, RATIS_SERVER=45801, STANDALONE=37005], networkLocation: /default-rack, certSerialId: null, persistedOpState: IN_SERVICE, persistedOpStateExpiryEpochSec: 0}.
2022-05-22 15:39:34,265 [ReplicationMonitor] INFO  replication.LegacyReplicationManager (LegacyReplicationManager.java:sendCloseCommand(1408)) - Sending close container command for container #4 to datanode 168572c2-1126-43c1-a852-56a66dfae082{ip: 10.1.0.29, host: fv-az40-114.rqf5bxgtie1u1lrk4cuotvq0td.cx.internal.cloudapp.net, ports: [REPLICATION=45765, RATIS=40535, RATIS_ADMIN=40535, RATIS_SERVER=40535, STANDALONE=33739], networkLocation: /default-rack, certSerialId: null, persistedOpState: IN_SERVICE, persistedOpStateExpiryEpochSec: 0}.
2022-05-22 15:39:34,265 [ReplicationMonitor] INFO  replication.LegacyReplicationManager (LegacyReplicationManager.java:sendCloseCommand(1408)) - Sending close container command for container #5 to datanode 168572c2-1126-43c1-a852-56a66dfae082{ip: 10.1.0.29, host: fv-az40-114.rqf5bxgtie1u1lrk4cuotvq0td.cx.internal.cloudapp.net, ports: [REPLICATION=45765, RATIS=40535, RATIS_ADMIN=40535, RATIS_SERVER=40535, STANDALONE=33739], networkLocation: /default-rack, certSerialId: null, persistedOpState: IN_SERVICE, persistedOpStateExpiryEpochSec: 0}.
2022-05-22 15:39:34,265 [ReplicationMonitor] INFO  replication.LegacyReplicationManager (LegacyReplicationManager.java:sendCloseCommand(1408)) - Sending close container command for container #5 to datanode 4c6f2adb-38a1-426c-b706-7d3e145904df{ip: 10.1.0.29, host: fv-az40-114.rqf5bxgtie1u1lrk4cuotvq0td.cx.internal.cloudapp.net, ports: [REPLICATION=33061, RATIS=45801, RATIS_ADMIN=45801, RATIS_SERVER=45801, STANDALONE=37005], networkLocation: /default-rack, certSerialId: null, persistedOpState: IN_SERVICE, persistedOpStateExpiryEpochSec: 0}.
2022-05-22 15:39:34,265 [ReplicationMonitor] INFO  replication.LegacyReplicationManager (LegacyReplicationManager.java:sendCloseCommand(1408)) - Sending close container command for container #5 to datanode 638d573d-e935-44db-a072-277320ec0492{ip: 10.1.0.29, host: fv-az40-114.rqf5bxgtie1u1lrk4cuotvq0td.cx.internal.cloudapp.net, ports: [REPLICATION=42303, RATIS=33727, RATIS_ADMIN=33727, RATIS_SERVER=33727, STANDALONE=33225], networkLocation: /default-rack, certSerialId: null, persistedOpState: IN_SERVICE, persistedOpStateExpiryEpochSec: 0}.
2022-05-22 15:39:34,265 [ReplicationMonitor] INFO  replication.LegacyReplicationManager (LegacyReplicationManager.java:sendCloseCommand(1408)) - Sending close container command for container #6 to datanode 4c6f2adb-38a1-426c-b706-7d3e145904df{ip: 10.1.0.29, host: fv-az40-114.rqf5bxgtie1u1lrk4cuotvq0td.cx.internal.cloudapp.net, ports: [REPLICATION=33061, RATIS=45801, RATIS_ADMIN=45801, RATIS_SERVER=45801, STANDALONE=37005], networkLocation: /default-rack, certSerialId: null, persistedOpState: IN_SERVICE, persistedOpStateExpiryEpochSec: 0}.
2022-05-22 15:39:34,265 [ReplicationMonitor] INFO  replication.LegacyReplicationManager (LegacyReplicationManager.java:sendCloseCommand(1408)) - Sending close container command for container #6 to datanode 638d573d-e935-44db-a072-277320ec0492{ip: 10.1.0.29, host: fv-az40-114.rqf5bxgtie1u1lrk4cuotvq0td.cx.internal.cloudapp.net, ports: [REPLICATION=42303, RATIS=33727, RATIS_ADMIN=33727, RATIS_SERVER=33727, STANDALONE=33225], networkLocation: /default-rack, certSerialId: null, persistedOpState: IN_SERVICE, persistedOpStateExpiryEpochSec: 0}.
2022-05-22 15:39:34,265 [ReplicationMonitor] INFO  replication.LegacyReplicationManager (LegacyReplicationManager.java:sendCloseCommand(1408)) - Sending close container command for container #6 to datanode 168572c2-1126-43c1-a852-56a66dfae082{ip: 10.1.0.29, host: fv-az40-114.rqf5bxgtie1u1lrk4cuotvq0td.cx.internal.cloudapp.net, ports: [REPLICATION=45765, RATIS=40535, RATIS_ADMIN=40535, RATIS_SERVER=40535, STANDALONE=33739], networkLocation: /default-rack, certSerialId: null, persistedOpState: IN_SERVICE, persistedOpStateExpiryEpochSec: 0}.
2022-05-22 15:39:34,265 [ReplicationMonitor] INFO  replication.ReplicationManager (ReplicationManager.java:processAll(249)) - Replication Monitor Thread took 1 milliseconds for processing 6 containers.
2022-05-22 15:39:34,332 [Listener at 0.0.0.0/37709] INFO  om.OzoneManager (OzoneManager.java:addS3GVolumeToDB(3894)) - Created Volume s3v With Owner runner required for S3Gateway operations.
2022-05-22 15:39:34,332 [Listener at 0.0.0.0/37709] WARN  server.ServerUtils (ServerUtils.java:getDefaultRatisDirectory(237)) - Storage directory for Ratis is not configured. It is a good idea to map this to an SSD disk. Falling back to ozone.metadata.dirs
2022-05-22 15:39:34,332 [Listener at 0.0.0.0/37709] WARN  utils.OzoneManagerRatisUtils (OzoneManagerRatisUtils.java:getOMRatisSnapshotDirectory(395)) - ozone.om.ratis.snapshot.dir is not configured. Falling back to ozone.metadata.dirs config
2022-05-22 15:39:34,332 [Listener at 0.0.0.0/37709] WARN  impl.MetricRegistriesImpl (MetricRegistriesImpl.java:addReporterRegistration(111)) - New reporters are added after registries were created. Some metrics will be missing from the reporter. Please add reporter before adding any new registry.
2022-05-22 15:39:34,332 [Listener at 0.0.0.0/37709] WARN  impl.MetricRegistriesImpl (MetricRegistriesImpl.java:addReporterRegistration(111)) - New reporters are added after registries were created. Some metrics will be missing from the reporter. Please add reporter before adding any new registry.
2022-05-22 15:39:34,332 [Listener at 0.0.0.0/37709] WARN  server.ServerUtils (ServerUtils.java:getDefaultRatisDirectory(237)) - Storage directory for Ratis is not configured. It is a good idea to map this to an SSD disk. Falling back to ozone.metadata.dirs
2022-05-22 15:39:34,333 [Listener at 0.0.0.0/37709] INFO  ratis.OzoneManagerRatisServer (OzoneManagerRatisServer.java:<init>(159)) - Instantiating OM Ratis server with groupID: omServiceIdDefault and peers: localhost:46813
2022-05-22 15:39:34,333 [Listener at 0.0.0.0/37709] INFO  ratis.OzoneManagerStateMachine (OzoneManagerStateMachine.java:loadSnapshotInfoFromDB(627)) - LastAppliedIndex is set from TransactionInfo from OM DB as (t:0, i:~)
2022-05-22 15:39:34,406 [EventQueue-StaleNodeForStaleNodeHandler] INFO  node.StaleNodeHandler (StaleNodeHandler.java:onMessage(58)) - Datanode f037c40c-219b-47c2-8b62-33d646164691{ip: 10.1.0.29, host: fv-az40-114.rqf5bxgtie1u1lrk4cuotvq0td.cx.internal.cloudapp.net, ports: [REPLICATION=43755, RATIS=38631, RATIS_ADMIN=38631, RATIS_SERVER=38631, STANDALONE=39395], networkLocation: /default-rack, certSerialId: null, persistedOpState: IN_SERVICE, persistedOpStateExpiryEpochSec: 0} moved to stale state. Finalizing its pipelines [PipelineID=ac8e05be-f626-4880-b8b6-201fb64d4152, PipelineID=3a6493db-8475-4cdd-ad23-dd7657b3c8b0]
2022-05-22 15:39:34,406 [EventQueue-StaleNodeForStaleNodeHandler] INFO  pipeline.PipelineManagerImpl (PipelineManagerImpl.java:closePipeline(410)) - Pipeline Pipeline[ Id: ac8e05be-f626-4880-b8b6-201fb64d4152, Nodes: f037c40c-219b-47c2-8b62-33d646164691{ip: 10.1.0.29, host: fv-az40-114.rqf5bxgtie1u1lrk4cuotvq0td.cx.internal.cloudapp.net, ports: [REPLICATION=43755, RATIS=38631, RATIS_ADMIN=38631, RATIS_SERVER=38631, STANDALONE=39395], networkLocation: /default-rack, certSerialId: null, persistedOpState: IN_MAINTENANCE, persistedOpStateExpiryEpochSec: 0}, ReplicationConfig: RATIS/ONE, State:ALLOCATED, leaderId:, CreationTimestamp2022-05-22T15:39:29.990Z[Etc/UTC]] moved to CLOSED state
2022-05-22 15:39:34,406 [EventQueue-StaleNodeForStaleNodeHandler] INFO  pipeline.PipelineManagerImpl (PipelineManagerImpl.java:closePipeline(410)) - Pipeline Pipeline[ Id: 3a6493db-8475-4cdd-ad23-dd7657b3c8b0, Nodes: 1f7078f4-dbb5-4e18-aa32-e400d80d84d6{ip: 10.1.0.29, host: fv-az40-114.rqf5bxgtie1u1lrk4cuotvq0td.cx.internal.cloudapp.net, ports: [REPLICATION=37671, RATIS=40765, RATIS_ADMIN=40765, RATIS_SERVER=40765, STANDALONE=41783], networkLocation: /default-rack, certSerialId: null, persistedOpState: IN_SERVICE, persistedOpStateExpiryEpochSec: 0}08ac937e-b58d-450f-91a6-f5a9f9c5f3b7{ip: 10.1.0.29, host: fv-az40-114.rqf5bxgtie1u1lrk4cuotvq0td.cx.internal.cloudapp.net, ports: [REPLICATION=40897, RATIS=34341, RATIS_ADMIN=34341, RATIS_SERVER=34341, STANDALONE=32867], networkLocation: /default-rack, certSerialId: null, persistedOpState: IN_SERVICE, persistedOpStateExpiryEpochSec: 0}f037c40c-219b-47c2-8b62-33d646164691{ip: 10.1.0.29, host: fv-az40-114.rqf5bxgtie1u1lrk4cuotvq0td.cx.internal.cloudapp.net, ports: [REPLICATION=43755, RATIS=38631, RATIS_ADMIN=38631, RATIS_SERVER=38631, STANDALONE=39395], networkLocation: /default-rack, certSerialId: null, persistedOpState: IN_MAINTENANCE, persistedOpStateExpiryEpochSec: 0}, ReplicationConfig: RATIS/THREE, State:ALLOCATED, leaderId:, CreationTimestamp2022-05-22T15:39:29.991Z[Etc/UTC]] moved to CLOSED state
2022-05-22 15:39:34,414 [Listener at 0.0.0.0/37709] INFO  server.RaftServer (ConfUtils.java:logGet(46)) - raft.rpc.type = GRPC (default)
2022-05-22 15:39:34,414 [Listener at 0.0.0.0/37709] INFO  grpc.GrpcFactory (GrpcFactory.java:checkPooledByteBufAllocatorUseCacheForAllThreads(48)) - PERFORMANCE WARNING: useCacheForAllThreads is true that may cause Netty to create a lot garbage objects and, as a result, trigger GC.
	It is recommended to disable useCacheForAllThreads by setting -Dorg.apache.ratis.thirdparty.io.netty.allocator.useCacheForAllThreads=false in command line.
2022-05-22 15:39:34,414 [Listener at 0.0.0.0/37709] INFO  grpc.GrpcConfigKeys (ConfUtils.java:logGet(46)) - raft.grpc.admin.port = -1 (default)
2022-05-22 15:39:34,414 [Listener at 0.0.0.0/37709] INFO  grpc.GrpcConfigKeys (ConfUtils.java:logGet(46)) - raft.grpc.server.port = 46813 (custom)
2022-05-22 15:39:34,414 [Listener at 0.0.0.0/37709] INFO  grpc.GrpcConfigKeys (ConfUtils.java:logGet(46)) - raft.grpc.client.port = -1 (default)
2022-05-22 15:39:34,414 [Listener at 0.0.0.0/37709] INFO  grpc.GrpcConfigKeys (ConfUtils.java:logGet(46)) - raft.grpc.server.port = 46813 (custom)
2022-05-22 15:39:34,414 [Listener at 0.0.0.0/37709] INFO  grpc.GrpcConfigKeys (ConfUtils.java:logGet(46)) - raft.grpc.server.port = 46813 (custom)
2022-05-22 15:39:34,414 [Listener at 0.0.0.0/37709] INFO  server.GrpcService (ConfUtils.java:logGet(46)) - raft.grpc.message.size.max = 33554432 (custom)
2022-05-22 15:39:34,414 [Listener at 0.0.0.0/37709] INFO  server.RaftServerConfigKeys (ConfUtils.java:logGet(46)) - raft.server.log.appender.buffer.byte-limit = 33554432 (custom)
2022-05-22 15:39:34,414 [Listener at 0.0.0.0/37709] INFO  server.GrpcService (ConfUtils.java:logGet(46)) - raft.grpc.flow.control.window = 1MB (=1048576) (default)
2022-05-22 15:39:34,414 [Listener at 0.0.0.0/37709] INFO  server.RaftServerConfigKeys (ConfUtils.java:logGet(46)) - raft.server.rpc.request.timeout = 3000ms (default)
2022-05-22 15:39:34,414 [Listener at 0.0.0.0/37709] INFO  grpc.GrpcConfigKeys (ConfUtils.java:logGet(46)) - raft.grpc.server.async.request.thread.pool.cached = true (default)
2022-05-22 15:39:34,414 [Listener at 0.0.0.0/37709] INFO  grpc.GrpcConfigKeys (ConfUtils.java:logGet(46)) - raft.grpc.server.async.request.thread.pool.size = 32 (default)
2022-05-22 15:39:34,416 [Listener at 0.0.0.0/37709] INFO  impl.DataStreamServerImpl (ConfUtils.java:logGet(46)) - raft.datastream.type = DISABLED (default)
2022-05-22 15:39:34,416 [Listener at 0.0.0.0/37709] INFO  server.RaftServerConfigKeys (ConfUtils.java:logGet(46)) - raft.server.threadpool.proxy.cached = true (default)
2022-05-22 15:39:34,416 [Listener at 0.0.0.0/37709] INFO  server.RaftServerConfigKeys (ConfUtils.java:logGet(46)) - raft.server.threadpool.proxy.size = 0 (default)
2022-05-22 15:39:34,416 [Listener at 0.0.0.0/37709] INFO  server.RaftServerConfigKeys (ConfUtils.java:logGet(46)) - raft.server.rpc.slowness.timeout = 120s (custom)
2022-05-22 15:39:34,416 [Listener at 0.0.0.0/37709] INFO  server.RaftServerConfigKeys (ConfUtils.java:logGet(46)) - raft.server.leaderelection.leader.step-down.wait-time = 10s (default)
2022-05-22 15:39:34,416 [Listener at 0.0.0.0/37709] INFO  server.RaftServerConfigKeys (ConfUtils.java:logGet(46)) - raft.server.storage.dir = [/home/runner/work/ozone/ozone/hadoop-ozone/integration-test/target/test-dir/MiniOzoneClusterImpl-07002df4-d7c2-4b84-9ed5-c026518b775a/ozone-meta/ratis] (custom)
2022-05-22 15:39:34,456 [Listener at 0.0.0.0/37709] INFO  server.RaftServer (RaftServerProxy.java:addNew(96)) - om1: addNew group-C5BA1605619E:[om1|rpc:localhost:46813|priority:0] returns group-C5BA1605619E:java.util.concurrent.CompletableFuture@106d149e[Not completed]
2022-05-22 15:39:34,456 [Listener at 0.0.0.0/37709] INFO  om.OzoneManager (OzoneManager.java:initializeRatisServer(1901)) - OzoneManager Ratis server initialized at port 46813
2022-05-22 15:39:34,456 [Listener at 0.0.0.0/37709] INFO  om.OzoneManager (OzoneManager.java:getRpcServer(1030)) - Creating RPC Server
2022-05-22 15:39:34,458 [pool-2004-thread-1] INFO  server.RaftServer$Division (RaftServerImpl.java:<init>(190)) - om1: new RaftServerImpl for group-C5BA1605619E:[om1|rpc:localhost:46813|priority:0] with OzoneManagerStateMachine:uninitialized
2022-05-22 15:39:34,458 [pool-2004-thread-1] INFO  server.RaftServerConfigKeys (ConfUtils.java:logGet(46)) - raft.server.rpc.timeout.min = 1s (custom)
2022-05-22 15:39:34,458 [pool-2004-thread-1] INFO  server.RaftServerConfigKeys (ConfUtils.java:logGet(46)) - raft.server.rpc.timeout.max = 1200ms (custom)
2022-05-22 15:39:34,458 [pool-2004-thread-1] INFO  server.RaftServerConfigKeys (ConfUtils.java:logGet(46)) - raft.server.rpc.sleep.time = 25ms (default)
2022-05-22 15:39:34,458 [pool-2004-thread-1] INFO  server.RaftServerConfigKeys (ConfUtils.java:logGet(46)) - raft.server.rpc.slowness.timeout = 120s (custom)
2022-05-22 15:39:34,458 [pool-2004-thread-1] INFO  server.RaftServerConfigKeys (ConfUtils.java:logGet(46)) - raft.server.leaderelection.leader.step-down.wait-time = 10s (default)
2022-05-22 15:39:34,458 [pool-2004-thread-1] INFO  server.RaftServerConfigKeys (ConfUtils.java:logGet(46)) - raft.server.sleep.deviation.threshold = 300ms (default)
2022-05-22 15:39:34,458 [pool-2004-thread-1] INFO  server.RaftServer$Division (ServerState.java:<init>(107)) - om1@group-C5BA1605619E: ConfigurationManager, init=-1: [om1|rpc:localhost:46813|priority:0], old=null, confs=<EMPTY_MAP>
2022-05-22 15:39:34,458 [pool-2004-thread-1] INFO  server.RaftServerConfigKeys (ConfUtils.java:logGet(46)) - raft.server.storage.dir = [/home/runner/work/ozone/ozone/hadoop-ozone/integration-test/target/test-dir/MiniOzoneClusterImpl-07002df4-d7c2-4b84-9ed5-c026518b775a/ozone-meta/ratis] (custom)
2022-05-22 15:39:34,458 [pool-2004-thread-1] INFO  server.RaftServerConfigKeys (ConfUtils.java:logGet(46)) - raft.server.log.corruption.policy = EXCEPTION (default)
2022-05-22 15:39:34,458 [pool-2004-thread-1] INFO  server.RaftServerConfigKeys (ConfUtils.java:logGet(46)) - raft.server.storage.free-space.min = 0MB (=0) (default)
2022-05-22 15:39:34,458 [pool-2004-thread-1] INFO  storage.RaftStorageDirectory (RaftStorageDirectoryImpl.java:analyzeStorage(135)) - The storage directory /home/runner/work/ozone/ozone/hadoop-ozone/integration-test/target/test-dir/MiniOzoneClusterImpl-07002df4-d7c2-4b84-9ed5-c026518b775a/ozone-meta/ratis/bf265839-605b-3f16-9796-c5ba1605619e does not exist. Creating ...
2022-05-22 15:39:34,488 [pool-2004-thread-1] INFO  storage.RaftStorageDirectory (RaftStorageDirectoryImpl.java:tryLock(230)) - Lock on /home/runner/work/ozone/ozone/hadoop-ozone/integration-test/target/test-dir/MiniOzoneClusterImpl-07002df4-d7c2-4b84-9ed5-c026518b775a/ozone-meta/ratis/bf265839-605b-3f16-9796-c5ba1605619e/in_use.lock acquired by nodename 28065@fv-az40-114
2022-05-22 15:39:34,501 [pool-2004-thread-1] INFO  storage.RaftStorage (RaftStorageImpl.java:format(89)) - Storage directory /home/runner/work/ozone/ozone/hadoop-ozone/integration-test/target/test-dir/MiniOzoneClusterImpl-07002df4-d7c2-4b84-9ed5-c026518b775a/ozone-meta/ratis/bf265839-605b-3f16-9796-c5ba1605619e has been successfully formatted.
2022-05-22 15:39:34,501 [pool-2004-thread-1] INFO  server.RaftServerConfigKeys (ConfUtils.java:logGet(46)) - raft.server.notification.no-leader.timeout = 120s (custom)
2022-05-22 15:39:34,501 [pool-2004-thread-1] INFO  server.RaftServerConfigKeys (ConfUtils.java:logGet(46)) - raft.server.log.use.memory = false (default)
2022-05-22 15:39:34,501 [pool-2004-thread-1] INFO  server.RaftServerConfigKeys (ConfUtils.java:logGet(46)) - raft.server.log.purge.gap = 1000000 (custom)
2022-05-22 15:39:34,501 [pool-2004-thread-1] INFO  server.RaftServerConfigKeys (ConfUtils.java:logGet(46)) - raft.server.log.appender.buffer.byte-limit = 33554432 (custom)
2022-05-22 15:39:34,501 [pool-2004-thread-1] INFO  server.RaftServerConfigKeys (ConfUtils.java:logGet(46)) - raft.server.log.statemachine.data.read.timeout = 1000ms (default)
2022-05-22 15:39:34,501 [pool-2004-thread-1] INFO  server.RaftServerConfigKeys (ConfUtils.java:logGet(46)) - raft.server.log.segment.size.max = 4194304 (custom)
2022-05-22 15:39:34,502 [pool-2004-thread-1] INFO  server.RaftServerConfigKeys (ConfUtils.java:logGet(46)) - raft.server.log.segment.cache.num.max = 2 (custom)
2022-05-22 15:39:34,502 [pool-2004-thread-1] INFO  server.RaftServerConfigKeys (ConfUtils.java:logGet(46)) - raft.server.log.segment.cache.size.max = 200MB (=209715200) (default)
2022-05-22 15:39:34,502 [pool-2004-thread-1] INFO  segmented.SegmentedRaftLogWorker (SegmentedRaftLogWorker.java:<init>(187)) - new om1@group-C5BA1605619E-SegmentedRaftLogWorker for RaftStorageImpl:Storage Directory /home/runner/work/ozone/ozone/hadoop-ozone/integration-test/target/test-dir/MiniOzoneClusterImpl-07002df4-d7c2-4b84-9ed5-c026518b775a/ozone-meta/ratis/bf265839-605b-3f16-9796-c5ba1605619e
2022-05-22 15:39:34,502 [pool-2004-thread-1] INFO  server.RaftServerConfigKeys (ConfUtils.java:logGet(46)) - raft.server.log.queue.byte-limit = 64MB (=67108864) (default)
2022-05-22 15:39:34,502 [pool-2004-thread-1] INFO  server.RaftServerConfigKeys (ConfUtils.java:logGet(46)) - raft.server.log.queue.element-limit = 4096 (default)
2022-05-22 15:39:34,502 [pool-2004-thread-1] INFO  server.RaftServerConfigKeys (ConfUtils.java:logGet(46)) - raft.server.log.segment.size.max = 4194304 (custom)
2022-05-22 15:39:34,502 [pool-2004-thread-1] INFO  server.RaftServerConfigKeys (ConfUtils.java:logGet(46)) - raft.server.log.preallocated.size = 4194304 (custom)
2022-05-22 15:39:34,502 [pool-2004-thread-1] INFO  server.RaftServerConfigKeys (ConfUtils.java:logGet(46)) - raft.server.log.force.sync.num = 128 (default)
2022-05-22 15:39:34,502 [pool-2004-thread-1] INFO  server.RaftServerConfigKeys (ConfUtils.java:logGet(46)) - raft.server.log.statemachine.data.sync = true (default)
2022-05-22 15:39:34,502 [pool-2004-thread-1] INFO  server.RaftServerConfigKeys (ConfUtils.java:logGet(46)) - raft.server.log.statemachine.data.sync.timeout = 10s (default)
2022-05-22 15:39:34,502 [pool-2004-thread-1] INFO  server.RaftServerConfigKeys (ConfUtils.java:logGet(46)) - raft.server.log.statemachine.data.sync.timeout.retry = -1 (default)
2022-05-22 15:39:34,585 [pool-2004-thread-1] INFO  server.RaftServerConfigKeys (ConfUtils.java:logGet(46)) - raft.server.log.write.buffer.size = 64KB (=65536) (default)
2022-05-22 15:39:34,585 [pool-2004-thread-1] INFO  server.RaftServerConfigKeys (ConfUtils.java:logGet(46)) - raft.server.log.unsafe-flush.enabled = false (default)
2022-05-22 15:39:34,585 [pool-2004-thread-1] INFO  server.RaftServerConfigKeys (ConfUtils.java:logGet(46)) - raft.server.log.statemachine.data.caching.enabled = false (default)
2022-05-22 15:39:34,586 [pool-2004-thread-1] INFO  segmented.SegmentedRaftLogWorker (SegmentedRaftLogWorker.java:lambda$new$0(135)) - om1@group-C5BA1605619E-SegmentedRaftLogWorker: flushIndex: setUnconditionally 0 -> -1
2022-05-22 15:39:34,586 [pool-2004-thread-1] INFO  segmented.SegmentedRaftLogWorker (SegmentedRaftLogWorker.java:lambda$new$0(135)) - om1@group-C5BA1605619E-SegmentedRaftLogWorker: safeCacheEvictIndex: setUnconditionally 0 -> -1
2022-05-22 15:39:34,612 [pool-2004-thread-1] INFO  server.RaftServerConfigKeys (ConfUtils.java:logGet(46)) - raft.server.snapshot.auto.trigger.enabled = true (custom)
2022-05-22 15:39:34,612 [pool-2004-thread-1] INFO  server.RaftServerConfigKeys (ConfUtils.java:logGet(46)) - raft.server.snapshot.auto.trigger.threshold = 400000 (default)
2022-05-22 15:39:34,612 [pool-2004-thread-1] INFO  server.RaftServerConfigKeys (ConfUtils.java:logGet(46)) - raft.server.snapshot.retention.file.num = -1 (default)
2022-05-22 15:39:34,612 [pool-2004-thread-1] INFO  server.RaftServerConfigKeys (ConfUtils.java:logGet(46)) - raft.server.log.purge.upto.snapshot.index = true (custom)
2022-05-22 15:39:34,612 [pool-2004-thread-1] INFO  server.RaftServerConfigKeys (ConfUtils.java:logGet(46)) - raft.server.retrycache.expirytime = 300s (custom)
2022-05-22 15:39:34,612 [pool-2004-thread-1] INFO  server.RaftServerConfigKeys (ConfUtils.java:logGet(46)) - raft.server.retrycache.statistics.expirytime = 100μs (default)
2022-05-22 15:39:34,614 [pool-2004-thread-1] INFO  server.RaftServerConfigKeys (ConfUtils.java:logGet(46)) - raft.server.log.appender.install.snapshot.enabled = false (custom)
2022-05-22 15:39:34,614 [pool-2004-thread-1] INFO  server.RaftServerConfigKeys (ConfUtils.java:logGet(46)) - raft.server.threadpool.server.cached = true (default)
2022-05-22 15:39:34,614 [pool-2004-thread-1] INFO  server.RaftServerConfigKeys (ConfUtils.java:logGet(46)) - raft.server.threadpool.server.size = 0 (default)
2022-05-22 15:39:34,614 [pool-2004-thread-1] INFO  server.RaftServerConfigKeys (ConfUtils.java:logGet(46)) - raft.server.threadpool.client.cached = true (default)
2022-05-22 15:39:34,615 [pool-2004-thread-1] INFO  server.RaftServerConfigKeys (ConfUtils.java:logGet(46)) - raft.server.threadpool.client.size = 0 (default)
2022-05-22 15:39:34,870 [ReplicationMonitor] INFO  replication.ReplicationManager (ReplicationManager.java:processAll(249)) - Replication Monitor Thread took 0 milliseconds for processing 0 containers.
2022-05-22 15:39:35,216 [ReplicationMonitor] INFO  replication.ReplicationManager (ReplicationManager.java:processAll(228)) - Replication Manager is not ready to run until 3000ms after safemode exit
2022-05-22 15:39:35,265 [ReplicationMonitor] INFO  replication.LegacyReplicationManager (LegacyReplicationManager.java:handleOverReplicatedContainer(1149)) - Container #3 is over replicated. Expected replica count is 3, but found 4.
2022-05-22 15:39:35,266 [ReplicationMonitor] INFO  replication.LegacyReplicationManager (LegacyReplicationManager.java:sendDeleteCommand(1473)) - Sending delete container command for container #3 to datanode f037c40c-219b-47c2-8b62-33d646164691{ip: 10.1.0.29, host: fv-az40-114.rqf5bxgtie1u1lrk4cuotvq0td.cx.internal.cloudapp.net, ports: [REPLICATION=43755, RATIS=38631, RATIS_ADMIN=38631, RATIS_SERVER=38631, STANDALONE=39395], networkLocation: /default-rack, certSerialId: null, persistedOpState: IN_SERVICE, persistedOpStateExpiryEpochSec: 0}
2022-05-22 15:39:35,266 [ReplicationMonitor] INFO  replication.LegacyReplicationManager (LegacyReplicationManager.java:sendCloseCommand(1408)) - Sending close container command for container #4 to datanode 638d573d-e935-44db-a072-277320ec0492{ip: 10.1.0.29, host: fv-az40-114.rqf5bxgtie1u1lrk4cuotvq0td.cx.internal.cloudapp.net, ports: [REPLICATION=42303, RATIS=33727, RATIS_ADMIN=33727, RATIS_SERVER=33727, STANDALONE=33225], networkLocation: /default-rack, certSerialId: null, persistedOpState: IN_SERVICE, persistedOpStateExpiryEpochSec: 0}.
2022-05-22 15:39:35,266 [ReplicationMonitor] INFO  replication.LegacyReplicationManager (LegacyReplicationManager.java:sendCloseCommand(1408)) - Sending close container command for container #4 to datanode 4c6f2adb-38a1-426c-b706-7d3e145904df{ip: 10.1.0.29, host: fv-az40-114.rqf5bxgtie1u1lrk4cuotvq0td.cx.internal.cloudapp.net, ports: [REPLICATION=33061, RATIS=45801, RATIS_ADMIN=45801, RATIS_SERVER=45801, STANDALONE=37005], networkLocation: /default-rack, certSerialId: null, persistedOpState: IN_SERVICE, persistedOpStateExpiryEpochSec: 0}.
2022-05-22 15:39:35,266 [ReplicationMonitor] INFO  replication.LegacyReplicationManager (LegacyReplicationManager.java:sendCloseCommand(1408)) - Sending close container command for container #4 to datanode 168572c2-1126-43c1-a852-56a66dfae082{ip: 10.1.0.29, host: fv-az40-114.rqf5bxgtie1u1lrk4cuotvq0td.cx.internal.cloudapp.net, ports: [REPLICATION=45765, RATIS=40535, RATIS_ADMIN=40535, RATIS_SERVER=40535, STANDALONE=33739], networkLocation: /default-rack, certSerialId: null, persistedOpState: IN_SERVICE, persistedOpStateExpiryEpochSec: 0}.
2022-05-22 15:39:35,266 [ReplicationMonitor] INFO  replication.LegacyReplicationManager (LegacyReplicationManager.java:sendCloseCommand(1408)) - Sending close container command for container #5 to datanode 168572c2-1126-43c1-a852-56a66dfae082{ip: 10.1.0.29, host: fv-az40-114.rqf5bxgtie1u1lrk4cuotvq0td.cx.internal.cloudapp.net, ports: [REPLICATION=45765, RATIS=40535, RATIS_ADMIN=40535, RATIS_SERVER=40535, STANDALONE=33739], networkLocation: /default-rack, certSerialId: null, persistedOpState: IN_SERVICE, persistedOpStateExpiryEpochSec: 0}.
2022-05-22 15:39:35,266 [ReplicationMonitor] INFO  replication.LegacyReplicationManager (LegacyReplicationManager.java:sendCloseCommand(1408)) - Sending close container command for container #5 to datanode 4c6f2adb-38a1-426c-b706-7d3e145904df{ip: 10.1.0.29, host: fv-az40-114.rqf5bxgtie1u1lrk4cuotvq0td.cx.internal.cloudapp.net, ports: [REPLICATION=33061, RATIS=45801, RATIS_ADMIN=45801, RATIS_SERVER=45801, STANDALONE=37005], networkLocation: /default-rack, certSerialId: null, persistedOpState: IN_SERVICE, persistedOpStateExpiryEpochSec: 0}.
2022-05-22 15:39:35,266 [ReplicationMonitor] INFO  replication.LegacyReplicationManager (LegacyReplicationManager.java:sendCloseCommand(1408)) - Sending close container command for container #5 to datanode 638d573d-e935-44db-a072-277320ec0492{ip: 10.1.0.29, host: fv-az40-114.rqf5bxgtie1u1lrk4cuotvq0td.cx.internal.cloudapp.net, ports: [REPLICATION=42303, RATIS=33727, RATIS_ADMIN=33727, RATIS_SERVER=33727, STANDALONE=33225], networkLocation: /default-rack, certSerialId: null, persistedOpState: IN_SERVICE, persistedOpStateExpiryEpochSec: 0}.
2022-05-22 15:39:35,266 [ReplicationMonitor] INFO  replication.LegacyReplicationManager (LegacyReplicationManager.java:sendCloseCommand(1408)) - Sending close container command for container #6 to datanode 4c6f2adb-38a1-426c-b706-7d3e145904df{ip: 10.1.0.29, host: fv-az40-114.rqf5bxgtie1u1lrk4cuotvq0td.cx.internal.cloudapp.net, ports: [REPLICATION=33061, RATIS=45801, RATIS_ADMIN=45801, RATIS_SERVER=45801, STANDALONE=37005], networkLocation: /default-rack, certSerialId: null, persistedOpState: IN_SERVICE, persistedOpStateExpiryEpochSec: 0}.
2022-05-22 15:39:35,266 [ReplicationMonitor] INFO  replication.LegacyReplicationManager (LegacyReplicationManager.java:sendCloseCommand(1408)) - Sending close container command for container #6 to datanode 638d573d-e935-44db-a072-277320ec0492{ip: 10.1.0.29, host: fv-az40-114.rqf5bxgtie1u1lrk4cuotvq0td.cx.internal.cloudapp.net, ports: [REPLICATION=42303, RATIS=33727, RATIS_ADMIN=33727, RATIS_SERVER=33727, STANDALONE=33225], networkLocation: /default-rack, certSerialId: null, persistedOpState: IN_SERVICE, persistedOpStateExpiryEpochSec: 0}.
2022-05-22 15:39:35,266 [ReplicationMonitor] INFO  replication.LegacyReplicationManager (LegacyReplicationManager.java:sendCloseCommand(1408)) - Sending close container command for container #6 to datanode 168572c2-1126-43c1-a852-56a66dfae082{ip: 10.1.0.29, host: fv-az40-114.rqf5bxgtie1u1lrk4cuotvq0td.cx.internal.cloudapp.net, ports: [REPLICATION=45765, RATIS=40535, RATIS_ADMIN=40535, RATIS_SERVER=40535, STANDALONE=33739], networkLocation: /default-rack, certSerialId: null, persistedOpState: IN_SERVICE, persistedOpStateExpiryEpochSec: 0}.
2022-05-22 15:39:35,266 [ReplicationMonitor] INFO  replication.ReplicationManager (ReplicationManager.java:processAll(249)) - Replication Monitor Thread took 1 milliseconds for processing 6 containers.
2022-05-22 15:39:35,342 [ReplicationMonitor] INFO  replication.ReplicationManager (ReplicationManager.java:processAll(249)) - Replication Monitor Thread took 77 milliseconds for processing 4 containers.
2022-05-22 15:39:35,871 [ReplicationMonitor] INFO  replication.ReplicationManager (ReplicationManager.java:processAll(249)) - Replication Monitor Thread took 0 milliseconds for processing 0 containers.
2022-05-22 15:39:36,217 [ReplicationMonitor] INFO  replication.ReplicationManager (ReplicationManager.java:processAll(228)) - Replication Manager is not ready to run until 3000ms after safemode exit
2022-05-22 15:39:36,267 [ReplicationMonitor] INFO  replication.LegacyReplicationManager (LegacyReplicationManager.java:handleOverReplicatedContainer(1149)) - Container #3 is over replicated. Expected replica count is 3, but found 4.
2022-05-22 15:39:36,267 [ReplicationMonitor] INFO  replication.LegacyReplicationManager (LegacyReplicationManager.java:sendDeleteCommand(1473)) - Sending delete container command for container #3 to datanode f037c40c-219b-47c2-8b62-33d646164691{ip: 10.1.0.29, host: fv-az40-114.rqf5bxgtie1u1lrk4cuotvq0td.cx.internal.cloudapp.net, ports: [REPLICATION=43755, RATIS=38631, RATIS_ADMIN=38631, RATIS_SERVER=38631, STANDALONE=39395], networkLocation: /default-rack, certSerialId: null, persistedOpState: IN_SERVICE, persistedOpStateExpiryEpochSec: 0}
2022-05-22 15:39:36,267 [ReplicationMonitor] INFO  replication.LegacyReplicationManager (LegacyReplicationManager.java:sendCloseCommand(1408)) - Sending close container command for container #4 to datanode 638d573d-e935-44db-a072-277320ec0492{ip: 10.1.0.29, host: fv-az40-114.rqf5bxgtie1u1lrk4cuotvq0td.cx.internal.cloudapp.net, ports: [REPLICATION=42303, RATIS=33727, RATIS_ADMIN=33727, RATIS_SERVER=33727, STANDALONE=33225], networkLocation: /default-rack, certSerialId: null, persistedOpState: IN_SERVICE, persistedOpStateExpiryEpochSec: 0}.
2022-05-22 15:39:36,267 [ReplicationMonitor] INFO  replication.LegacyReplicationManager (LegacyReplicationManager.java:sendCloseCommand(1408)) - Sending close container command for container #4 to datanode 4c6f2adb-38a1-426c-b706-7d3e145904df{ip: 10.1.0.29, host: fv-az40-114.rqf5bxgtie1u1lrk4cuotvq0td.cx.internal.cloudapp.net, ports: [REPLICATION=33061, RATIS=45801, RATIS_ADMIN=45801, RATIS_SERVER=45801, STANDALONE=37005], networkLocation: /default-rack, certSerialId: null, persistedOpState: IN_SERVICE, persistedOpStateExpiryEpochSec: 0}.
2022-05-22 15:39:36,267 [ReplicationMonitor] INFO  replication.LegacyReplicationManager (LegacyReplicationManager.java:sendCloseCommand(1408)) - Sending close container command for container #4 to datanode 168572c2-1126-43c1-a852-56a66dfae082{ip: 10.1.0.29, host: fv-az40-114.rqf5bxgtie1u1lrk4cuotvq0td.cx.internal.cloudapp.net, ports: [REPLICATION=45765, RATIS=40535, RATIS_ADMIN=40535, RATIS_SERVER=40535, STANDALONE=33739], networkLocation: /default-rack, certSerialId: null, persistedOpState: IN_SERVICE, persistedOpStateExpiryEpochSec: 0}.
2022-05-22 15:39:36,267 [ReplicationMonitor] INFO  replication.LegacyReplicationManager (LegacyReplicationManager.java:sendCloseCommand(1408)) - Sending close container command for container #5 to datanode 168572c2-1126-43c1-a852-56a66dfae082{ip: 10.1.0.29, host: fv-az40-114.rqf5bxgtie1u1lrk4cuotvq0td.cx.internal.cloudapp.net, ports: [REPLICATION=45765, RATIS=40535, RATIS_ADMIN=40535, RATIS_SERVER=40535, STANDALONE=33739], networkLocation: /default-rack, certSerialId: null, persistedOpState: IN_SERVICE, persistedOpStateExpiryEpochSec: 0}.
2022-05-22 15:39:36,267 [ReplicationMonitor] INFO  replication.LegacyReplicationManager (LegacyReplicationManager.java:sendCloseCommand(1408)) - Sending close container command for container #5 to datanode 4c6f2adb-38a1-426c-b706-7d3e145904df{ip: 10.1.0.29, host: fv-az40-114.rqf5bxgtie1u1lrk4cuotvq0td.cx.internal.cloudapp.net, ports: [REPLICATION=33061, RATIS=45801, RATIS_ADMIN=45801, RATIS_SERVER=45801, STANDALONE=37005], networkLocation: /default-rack, certSerialId: null, persistedOpState: IN_SERVICE, persistedOpStateExpiryEpochSec: 0}.
2022-05-22 15:39:36,267 [ReplicationMonitor] INFO  replication.LegacyReplicationManager (LegacyReplicationManager.java:sendCloseCommand(1408)) - Sending close container command for container #5 to datanode 638d573d-e935-44db-a072-277320ec0492{ip: 10.1.0.29, host: fv-az40-114.rqf5bxgtie1u1lrk4cuotvq0td.cx.internal.cloudapp.net, ports: [REPLICATION=42303, RATIS=33727, RATIS_ADMIN=33727, RATIS_SERVER=33727, STANDALONE=33225], networkLocation: /default-rack, certSerialId: null, persistedOpState: IN_SERVICE, persistedOpStateExpiryEpochSec: 0}.
2022-05-22 15:39:36,267 [ReplicationMonitor] INFO  replication.LegacyReplicationManager (LegacyReplicationManager.java:sendCloseCommand(1408)) - Sending close container command for container #6 to datanode 4c6f2adb-38a1-426c-b706-7d3e145904df{ip: 10.1.0.29, host: fv-az40-114.rqf5bxgtie1u1lrk4cuotvq0td.cx.internal.cloudapp.net, ports: [REPLICATION=33061, RATIS=45801, RATIS_ADMIN=45801, RATIS_SERVER=45801, STANDALONE=37005], networkLocation: /default-rack, certSerialId: null, persistedOpState: IN_SERVICE, persistedOpStateExpiryEpochSec: 0}.
2022-05-22 15:39:36,267 [ReplicationMonitor] INFO  replication.LegacyReplicationManager (LegacyReplicationManager.java:sendCloseCommand(1408)) - Sending close container command for container #6 to datanode 638d573d-e935-44db-a072-277320ec0492{ip: 10.1.0.29, host: fv-az40-114.rqf5bxgtie1u1lrk4cuotvq0td.cx.internal.cloudapp.net, ports: [REPLICATION=42303, RATIS=33727, RATIS_ADMIN=33727, RATIS_SERVER=33727, STANDALONE=33225], networkLocation: /default-rack, certSerialId: null, persistedOpState: IN_SERVICE, persistedOpStateExpiryEpochSec: 0}.
2022-05-22 15:39:36,267 [ReplicationMonitor] INFO  replication.LegacyReplicationManager (LegacyReplicationManager.java:sendCloseCommand(1408)) - Sending close container command for container #6 to datanode 168572c2-1126-43c1-a852-56a66dfae082{ip: 10.1.0.29, host: fv-az40-114.rqf5bxgtie1u1lrk4cuotvq0td.cx.internal.cloudapp.net, ports: [REPLICATION=45765, RATIS=40535, RATIS_ADMIN=40535, RATIS_SERVER=40535, STANDALONE=33739], networkLocation: /default-rack, certSerialId: null, persistedOpState: IN_SERVICE, persistedOpStateExpiryEpochSec: 0}.
2022-05-22 15:39:36,267 [ReplicationMonitor] INFO  replication.ReplicationManager (ReplicationManager.java:processAll(249)) - Replication Monitor Thread took 1 milliseconds for processing 6 containers.
2022-05-22 15:39:36,342 [ReplicationMonitor] INFO  replication.ReplicationManager (ReplicationManager.java:processAll(249)) - Replication Monitor Thread took 0 milliseconds for processing 6 containers.
2022-05-22 15:39:36,371 [08ac937e-b58d-450f-91a6-f5a9f9c5f3b7@group-DD7657B3C8B0-FollowerState] INFO  impl.FollowerState (FollowerState.java:run(143)) - 08ac937e-b58d-450f-91a6-f5a9f9c5f3b7@group-DD7657B3C8B0-FollowerState: change to CANDIDATE, lastRpcElapsedTime:5077101261ns, electionTimeout:5065ms
2022-05-22 15:39:36,372 [08ac937e-b58d-450f-91a6-f5a9f9c5f3b7@group-DD7657B3C8B0-FollowerState] INFO  impl.RoleInfo (RoleInfo.java:shutdownFollowerState(110)) - 08ac937e-b58d-450f-91a6-f5a9f9c5f3b7: shutdown 08ac937e-b58d-450f-91a6-f5a9f9c5f3b7@group-DD7657B3C8B0-FollowerState
2022-05-22 15:39:36,372 [08ac937e-b58d-450f-91a6-f5a9f9c5f3b7@group-DD7657B3C8B0-FollowerState] INFO  server.RaftServer$Division (RaftServerImpl.java:setRole(299)) - 08ac937e-b58d-450f-91a6-f5a9f9c5f3b7@group-DD7657B3C8B0: changes role from  FOLLOWER to CANDIDATE at term 0 for changeToCandidate
2022-05-22 15:39:36,419 [08ac937e-b58d-450f-91a6-f5a9f9c5f3b7@group-DD7657B3C8B0-FollowerState] INFO  server.RaftServerConfigKeys (ConfUtils.java:logGet(46)) - raft.server.leaderelection.pre-vote = false (custom)
2022-05-22 15:39:36,419 [08ac937e-b58d-450f-91a6-f5a9f9c5f3b7@group-DD7657B3C8B0-FollowerState] INFO  impl.RoleInfo (RoleInfo.java:updateAndGet(139)) - 08ac937e-b58d-450f-91a6-f5a9f9c5f3b7: start 08ac937e-b58d-450f-91a6-f5a9f9c5f3b7@group-DD7657B3C8B0-LeaderElection95
2022-05-22 15:39:36,428 [08ac937e-b58d-450f-91a6-f5a9f9c5f3b7@group-DD7657B3C8B0-LeaderElection95] INFO  impl.LeaderElection (LeaderElection.java:askForVotes(310)) - 08ac937e-b58d-450f-91a6-f5a9f9c5f3b7@group-DD7657B3C8B0-LeaderElection95 ELECTION round 0: submit vote requests at term 1 for -1: [08ac937e-b58d-450f-91a6-f5a9f9c5f3b7|rpc:10.1.0.29:34341|dataStream:|priority:0, 1f7078f4-dbb5-4e18-aa32-e400d80d84d6|rpc:10.1.0.29:40765|dataStream:|priority:1, f037c40c-219b-47c2-8b62-33d646164691|rpc:10.1.0.29:38631|dataStream:|priority:0], old=null
2022-05-22 15:39:36,446 [1f7078f4-dbb5-4e18-aa32-e400d80d84d6@group-DD7657B3C8B0-FollowerState] INFO  impl.FollowerState (FollowerState.java:run(143)) - 1f7078f4-dbb5-4e18-aa32-e400d80d84d6@group-DD7657B3C8B0-FollowerState: change to CANDIDATE, lastRpcElapsedTime:5199121603ns, electionTimeout:5198ms
2022-05-22 15:39:36,447 [1f7078f4-dbb5-4e18-aa32-e400d80d84d6@group-DD7657B3C8B0-FollowerState] INFO  impl.RoleInfo (RoleInfo.java:shutdownFollowerState(110)) - 1f7078f4-dbb5-4e18-aa32-e400d80d84d6: shutdown 1f7078f4-dbb5-4e18-aa32-e400d80d84d6@group-DD7657B3C8B0-FollowerState
2022-05-22 15:39:36,447 [1f7078f4-dbb5-4e18-aa32-e400d80d84d6@group-DD7657B3C8B0-FollowerState] INFO  server.RaftServer$Division (RaftServerImpl.java:setRole(299)) - 1f7078f4-dbb5-4e18-aa32-e400d80d84d6@group-DD7657B3C8B0: changes role from  FOLLOWER to CANDIDATE at term 0 for changeToCandidate
2022-05-22 15:39:36,475 [1f7078f4-dbb5-4e18-aa32-e400d80d84d6@group-DD7657B3C8B0-FollowerState] INFO  server.RaftServerConfigKeys (ConfUtils.java:logGet(46)) - raft.server.leaderelection.pre-vote = false (custom)
2022-05-22 15:39:36,475 [1f7078f4-dbb5-4e18-aa32-e400d80d84d6@group-DD7657B3C8B0-FollowerState] INFO  impl.RoleInfo (RoleInfo.java:updateAndGet(139)) - 1f7078f4-dbb5-4e18-aa32-e400d80d84d6: start 1f7078f4-dbb5-4e18-aa32-e400d80d84d6@group-DD7657B3C8B0-LeaderElection96
2022-05-22 15:39:36,482 [1f7078f4-dbb5-4e18-aa32-e400d80d84d6@group-DD7657B3C8B0-LeaderElection96] INFO  impl.LeaderElection (LeaderElection.java:askForVotes(310)) - 1f7078f4-dbb5-4e18-aa32-e400d80d84d6@group-DD7657B3C8B0-LeaderElection96 ELECTION round 0: submit vote requests at term 1 for -1: [08ac937e-b58d-450f-91a6-f5a9f9c5f3b7|rpc:10.1.0.29:34341|priority:0, 1f7078f4-dbb5-4e18-aa32-e400d80d84d6|rpc:10.1.0.29:40765|priority:1, f037c40c-219b-47c2-8b62-33d646164691|rpc:10.1.0.29:38631|priority:0], old=null
2022-05-22 15:39:36,512 [grpc-default-executor-4] INFO  server.RaftServer$Division (RaftServerImpl.java:requestVote(1152)) - 1f7078f4-dbb5-4e18-aa32-e400d80d84d6@group-DD7657B3C8B0: receive requestVote(ELECTION, 08ac937e-b58d-450f-91a6-f5a9f9c5f3b7, group-DD7657B3C8B0, 1, (t:0, i:0))
2022-05-22 15:39:36,513 [grpc-default-executor-4] INFO  impl.VoteContext (VoteContext.java:log(48)) - 1f7078f4-dbb5-4e18-aa32-e400d80d84d6@group-DD7657B3C8B0-CANDIDATE: reject ELECTION from 08ac937e-b58d-450f-91a6-f5a9f9c5f3b7: already has voted for 1f7078f4-dbb5-4e18-aa32-e400d80d84d6 at current term 1
2022-05-22 15:39:36,513 [grpc-default-executor-4] INFO  server.RaftServer$Division (RaftServerImpl.java:requestVote(1184)) - 1f7078f4-dbb5-4e18-aa32-e400d80d84d6@group-DD7657B3C8B0 replies to ELECTION vote request: 08ac937e-b58d-450f-91a6-f5a9f9c5f3b7<-1f7078f4-dbb5-4e18-aa32-e400d80d84d6#0:FAIL-t1. Peer's state: 1f7078f4-dbb5-4e18-aa32-e400d80d84d6@group-DD7657B3C8B0:t1, leader=null, voted=1f7078f4-dbb5-4e18-aa32-e400d80d84d6, raftlog=1f7078f4-dbb5-4e18-aa32-e400d80d84d6@group-DD7657B3C8B0-SegmentedRaftLog:OPENED:c-1, conf=-1: [08ac937e-b58d-450f-91a6-f5a9f9c5f3b7|rpc:10.1.0.29:34341|priority:0, 1f7078f4-dbb5-4e18-aa32-e400d80d84d6|rpc:10.1.0.29:40765|priority:1, f037c40c-219b-47c2-8b62-33d646164691|rpc:10.1.0.29:38631|priority:0], old=null
2022-05-22 15:39:36,516 [08ac937e-b58d-450f-91a6-f5a9f9c5f3b7@group-DD7657B3C8B0-LeaderElection95] INFO  impl.LeaderElection (LeaderElection.java:logAndReturn(90)) - 08ac937e-b58d-450f-91a6-f5a9f9c5f3b7@group-DD7657B3C8B0-LeaderElection95: ELECTION REJECTED received 1 response(s) and 0 exception(s):
2022-05-22 15:39:36,516 [08ac937e-b58d-450f-91a6-f5a9f9c5f3b7@group-DD7657B3C8B0-LeaderElection95] INFO  impl.LeaderElection (LeaderElection.java:logAndReturn(94)) -   Response 0: 08ac937e-b58d-450f-91a6-f5a9f9c5f3b7<-1f7078f4-dbb5-4e18-aa32-e400d80d84d6#0:FAIL-t1
2022-05-22 15:39:36,516 [08ac937e-b58d-450f-91a6-f5a9f9c5f3b7@group-DD7657B3C8B0-LeaderElection95] INFO  impl.LeaderElection (LeaderElection.java:askForVotes(312)) - 08ac937e-b58d-450f-91a6-f5a9f9c5f3b7@group-DD7657B3C8B0-LeaderElection95 ELECTION round 0: result REJECTED
2022-05-22 15:39:36,516 [08ac937e-b58d-450f-91a6-f5a9f9c5f3b7@group-DD7657B3C8B0-LeaderElection95] INFO  server.RaftServer$Division (RaftServerImpl.java:setRole(299)) - 08ac937e-b58d-450f-91a6-f5a9f9c5f3b7@group-DD7657B3C8B0: changes role from CANDIDATE to FOLLOWER at term 1 for REJECTED
2022-05-22 15:39:36,516 [08ac937e-b58d-450f-91a6-f5a9f9c5f3b7@group-DD7657B3C8B0-LeaderElection95] INFO  impl.RoleInfo (RoleInfo.java:shutdownLeaderElection(130)) - 08ac937e-b58d-450f-91a6-f5a9f9c5f3b7: shutdown 08ac937e-b58d-450f-91a6-f5a9f9c5f3b7@group-DD7657B3C8B0-LeaderElection95
2022-05-22 15:39:36,516 [08ac937e-b58d-450f-91a6-f5a9f9c5f3b7@group-DD7657B3C8B0-LeaderElection95] INFO  impl.RoleInfo (RoleInfo.java:updateAndGet(139)) - 08ac937e-b58d-450f-91a6-f5a9f9c5f3b7: start 08ac937e-b58d-450f-91a6-f5a9f9c5f3b7@group-DD7657B3C8B0-FollowerState
2022-05-22 15:39:36,531 [f037c40c-219b-47c2-8b62-33d646164691@group-DD7657B3C8B0-FollowerState] INFO  impl.FollowerState (FollowerState.java:run(143)) - f037c40c-219b-47c2-8b62-33d646164691@group-DD7657B3C8B0-FollowerState: change to CANDIDATE, lastRpcElapsedTime:5107362287ns, electionTimeout:5084ms
2022-05-22 15:39:36,531 [f037c40c-219b-47c2-8b62-33d646164691@group-DD7657B3C8B0-FollowerState] INFO  impl.RoleInfo (RoleInfo.java:shutdownFollowerState(110)) - f037c40c-219b-47c2-8b62-33d646164691: shutdown f037c40c-219b-47c2-8b62-33d646164691@group-DD7657B3C8B0-FollowerState
2022-05-22 15:39:36,531 [f037c40c-219b-47c2-8b62-33d646164691@group-DD7657B3C8B0-FollowerState] INFO  server.RaftServer$Division (RaftServerImpl.java:setRole(299)) - f037c40c-219b-47c2-8b62-33d646164691@group-DD7657B3C8B0: changes role from  FOLLOWER to CANDIDATE at term 0 for changeToCandidate
2022-05-22 15:39:36,531 [f037c40c-219b-47c2-8b62-33d646164691@group-DD7657B3C8B0-FollowerState] INFO  server.RaftServerConfigKeys (ConfUtils.java:logGet(46)) - raft.server.leaderelection.pre-vote = false (custom)
2022-05-22 15:39:36,531 [f037c40c-219b-47c2-8b62-33d646164691@group-DD7657B3C8B0-FollowerState] INFO  impl.RoleInfo (RoleInfo.java:updateAndGet(139)) - f037c40c-219b-47c2-8b62-33d646164691: start f037c40c-219b-47c2-8b62-33d646164691@group-DD7657B3C8B0-LeaderElection97
2022-05-22 15:39:36,567 [f037c40c-219b-47c2-8b62-33d646164691@group-DD7657B3C8B0-LeaderElection97] INFO  impl.LeaderElection (LeaderElection.java:askForVotes(310)) - f037c40c-219b-47c2-8b62-33d646164691@group-DD7657B3C8B0-LeaderElection97 ELECTION round 0: submit vote requests at term 1 for -1: [08ac937e-b58d-450f-91a6-f5a9f9c5f3b7|rpc:10.1.0.29:34341|dataStream:|priority:0, 1f7078f4-dbb5-4e18-aa32-e400d80d84d6|rpc:10.1.0.29:40765|dataStream:|priority:1, f037c40c-219b-47c2-8b62-33d646164691|rpc:10.1.0.29:38631|dataStream:|priority:0], old=null
2022-05-22 15:39:36,668 [Listener at 0.0.0.0/37709] INFO  reflections.Reflections (Reflections.java:scan(232)) - Reflections took 2198 ms to scan 19 urls, producing 61 keys and 3717 values [using 2 cores]
2022-05-22 15:39:36,669 [Listener at 0.0.0.0/37709] INFO  ipc.CallQueueManager (CallQueueManager.java:<init>(90)) - Using callQueue: class java.util.concurrent.LinkedBlockingQueue, queueCapacity: 2000, scheduler: class org.apache.hadoop.ipc.DefaultRpcScheduler, ipcBackoff: false.
2022-05-22 15:39:36,688 [grpc-default-executor-4] INFO  server.RaftServer$Division (RaftServerImpl.java:requestVote(1152)) - f037c40c-219b-47c2-8b62-33d646164691@group-DD7657B3C8B0: receive requestVote(ELECTION, 08ac937e-b58d-450f-91a6-f5a9f9c5f3b7, group-DD7657B3C8B0, 1, (t:0, i:0))
2022-05-22 15:39:36,688 [grpc-default-executor-4] INFO  impl.VoteContext (VoteContext.java:log(48)) - f037c40c-219b-47c2-8b62-33d646164691@group-DD7657B3C8B0-CANDIDATE: reject ELECTION from 08ac937e-b58d-450f-91a6-f5a9f9c5f3b7: already has voted for f037c40c-219b-47c2-8b62-33d646164691 at current term 1
2022-05-22 15:39:36,688 [grpc-default-executor-4] INFO  server.RaftServer$Division (RaftServerImpl.java:requestVote(1184)) - f037c40c-219b-47c2-8b62-33d646164691@group-DD7657B3C8B0 replies to ELECTION vote request: 08ac937e-b58d-450f-91a6-f5a9f9c5f3b7<-f037c40c-219b-47c2-8b62-33d646164691#0:FAIL-t1. Peer's state: f037c40c-219b-47c2-8b62-33d646164691@group-DD7657B3C8B0:t1, leader=null, voted=f037c40c-219b-47c2-8b62-33d646164691, raftlog=f037c40c-219b-47c2-8b62-33d646164691@group-DD7657B3C8B0-SegmentedRaftLog:OPENED:c-1, conf=-1: [08ac937e-b58d-450f-91a6-f5a9f9c5f3b7|rpc:10.1.0.29:34341|dataStream:|priority:0, 1f7078f4-dbb5-4e18-aa32-e400d80d84d6|rpc:10.1.0.29:40765|dataStream:|priority:1, f037c40c-219b-47c2-8b62-33d646164691|rpc:10.1.0.29:38631|dataStream:|priority:0], old=null
2022-05-22 15:39:36,691 [Socket Reader #1 for port 0] INFO  ipc.Server (Server.java:run(1265)) - Starting Socket Reader #1 for port 0
2022-05-22 15:39:36,702 [grpc-default-executor-4] INFO  server.RaftServer$Division (RaftServerImpl.java:requestVote(1152)) - 08ac937e-b58d-450f-91a6-f5a9f9c5f3b7@group-DD7657B3C8B0: receive requestVote(ELECTION, 1f7078f4-dbb5-4e18-aa32-e400d80d84d6, group-DD7657B3C8B0, 1, (t:0, i:0))
2022-05-22 15:39:36,702 [grpc-default-executor-4] INFO  impl.VoteContext (VoteContext.java:log(48)) - 08ac937e-b58d-450f-91a6-f5a9f9c5f3b7@group-DD7657B3C8B0-FOLLOWER: reject ELECTION from 1f7078f4-dbb5-4e18-aa32-e400d80d84d6: already has voted for 08ac937e-b58d-450f-91a6-f5a9f9c5f3b7 at current term 1
2022-05-22 15:39:36,703 [grpc-default-executor-4] INFO  server.RaftServer$Division (RaftServerImpl.java:requestVote(1184)) - 08ac937e-b58d-450f-91a6-f5a9f9c5f3b7@group-DD7657B3C8B0 replies to ELECTION vote request: 1f7078f4-dbb5-4e18-aa32-e400d80d84d6<-08ac937e-b58d-450f-91a6-f5a9f9c5f3b7#0:FAIL-t1. Peer's state: 08ac937e-b58d-450f-91a6-f5a9f9c5f3b7@group-DD7657B3C8B0:t1, leader=null, voted=08ac937e-b58d-450f-91a6-f5a9f9c5f3b7, raftlog=08ac937e-b58d-450f-91a6-f5a9f9c5f3b7@group-DD7657B3C8B0-SegmentedRaftLog:OPENED:c-1, conf=-1: [08ac937e-b58d-450f-91a6-f5a9f9c5f3b7|rpc:10.1.0.29:34341|dataStream:|priority:0, 1f7078f4-dbb5-4e18-aa32-e400d80d84d6|rpc:10.1.0.29:40765|dataStream:|priority:1, f037c40c-219b-47c2-8b62-33d646164691|rpc:10.1.0.29:38631|dataStream:|priority:0], old=null
2022-05-22 15:39:36,703 [grpc-default-executor-1] INFO  server.RaftServer$Division (RaftServerImpl.java:requestVote(1152)) - 1f7078f4-dbb5-4e18-aa32-e400d80d84d6@group-DD7657B3C8B0: receive requestVote(ELECTION, f037c40c-219b-47c2-8b62-33d646164691, group-DD7657B3C8B0, 1, (t:0, i:0))
2022-05-22 15:39:36,703 [grpc-default-executor-1] INFO  impl.VoteContext (VoteContext.java:log(48)) - 1f7078f4-dbb5-4e18-aa32-e400d80d84d6@group-DD7657B3C8B0-CANDIDATE: reject ELECTION from f037c40c-219b-47c2-8b62-33d646164691: already has voted for 1f7078f4-dbb5-4e18-aa32-e400d80d84d6 at current term 1
2022-05-22 15:39:36,703 [grpc-default-executor-1] INFO  server.RaftServer$Division (RaftServerImpl.java:requestVote(1184)) - 1f7078f4-dbb5-4e18-aa32-e400d80d84d6@group-DD7657B3C8B0 replies to ELECTION vote request: f037c40c-219b-47c2-8b62-33d646164691<-1f7078f4-dbb5-4e18-aa32-e400d80d84d6#0:FAIL-t1. Peer's state: 1f7078f4-dbb5-4e18-aa32-e400d80d84d6@group-DD7657B3C8B0:t1, leader=null, voted=1f7078f4-dbb5-4e18-aa32-e400d80d84d6, raftlog=1f7078f4-dbb5-4e18-aa32-e400d80d84d6@group-DD7657B3C8B0-SegmentedRaftLog:OPENED:c-1, conf=-1: [08ac937e-b58d-450f-91a6-f5a9f9c5f3b7|rpc:10.1.0.29:34341|priority:0, 1f7078f4-dbb5-4e18-aa32-e400d80d84d6|rpc:10.1.0.29:40765|priority:1, f037c40c-219b-47c2-8b62-33d646164691|rpc:10.1.0.29:38631|priority:0], old=null
2022-05-22 15:39:36,704 [grpc-default-executor-0] INFO  server.RaftServer$Division (RaftServerImpl.java:requestVote(1152)) - 08ac937e-b58d-450f-91a6-f5a9f9c5f3b7@group-DD7657B3C8B0: receive requestVote(ELECTION, f037c40c-219b-47c2-8b62-33d646164691, group-DD7657B3C8B0, 1, (t:0, i:0))
2022-05-22 15:39:36,704 [grpc-default-executor-0] INFO  impl.VoteContext (VoteContext.java:log(48)) - 08ac937e-b58d-450f-91a6-f5a9f9c5f3b7@group-DD7657B3C8B0-FOLLOWER: reject ELECTION from f037c40c-219b-47c2-8b62-33d646164691: already has voted for 08ac937e-b58d-450f-91a6-f5a9f9c5f3b7 at current term 1
2022-05-22 15:39:36,704 [grpc-default-executor-0] INFO  server.RaftServer$Division (RaftServerImpl.java:requestVote(1184)) - 08ac937e-b58d-450f-91a6-f5a9f9c5f3b7@group-DD7657B3C8B0 replies to ELECTION vote request: f037c40c-219b-47c2-8b62-33d646164691<-08ac937e-b58d-450f-91a6-f5a9f9c5f3b7#0:FAIL-t1. Peer's state: 08ac937e-b58d-450f-91a6-f5a9f9c5f3b7@group-DD7657B3C8B0:t1, leader=null, voted=08ac937e-b58d-450f-91a6-f5a9f9c5f3b7, raftlog=08ac937e-b58d-450f-91a6-f5a9f9c5f3b7@group-DD7657B3C8B0-SegmentedRaftLog:OPENED:c-1, conf=-1: [08ac937e-b58d-450f-91a6-f5a9f9c5f3b7|rpc:10.1.0.29:34341|dataStream:|priority:0, 1f7078f4-dbb5-4e18-aa32-e400d80d84d6|rpc:10.1.0.29:40765|dataStream:|priority:1, f037c40c-219b-47c2-8b62-33d646164691|rpc:10.1.0.29:38631|dataStream:|priority:0], old=null
2022-05-22 15:39:36,721 [grpc-default-executor-4] INFO  server.RaftServer$Division (RaftServerImpl.java:requestVote(1152)) - f037c40c-219b-47c2-8b62-33d646164691@group-DD7657B3C8B0: receive requestVote(ELECTION, 1f7078f4-dbb5-4e18-aa32-e400d80d84d6, group-DD7657B3C8B0, 1, (t:0, i:0))
2022-05-22 15:39:36,721 [grpc-default-executor-4] INFO  impl.VoteContext (VoteContext.java:log(48)) - f037c40c-219b-47c2-8b62-33d646164691@group-DD7657B3C8B0-CANDIDATE: reject ELECTION from 1f7078f4-dbb5-4e18-aa32-e400d80d84d6: already has voted for f037c40c-219b-47c2-8b62-33d646164691 at current term 1
2022-05-22 15:39:36,721 [grpc-default-executor-4] INFO  server.RaftServer$Division (RaftServerImpl.java:requestVote(1184)) - f037c40c-219b-47c2-8b62-33d646164691@group-DD7657B3C8B0 replies to ELECTION vote request: 1f7078f4-dbb5-4e18-aa32-e400d80d84d6<-f037c40c-219b-47c2-8b62-33d646164691#0:FAIL-t1. Peer's state: f037c40c-219b-47c2-8b62-33d646164691@group-DD7657B3C8B0:t1, leader=null, voted=f037c40c-219b-47c2-8b62-33d646164691, raftlog=f037c40c-219b-47c2-8b62-33d646164691@group-DD7657B3C8B0-SegmentedRaftLog:OPENED:c-1, conf=-1: [08ac937e-b58d-450f-91a6-f5a9f9c5f3b7|rpc:10.1.0.29:34341|dataStream:|priority:0, 1f7078f4-dbb5-4e18-aa32-e400d80d84d6|rpc:10.1.0.29:40765|dataStream:|priority:1, f037c40c-219b-47c2-8b62-33d646164691|rpc:10.1.0.29:38631|dataStream:|priority:0], old=null
2022-05-22 15:39:36,726 [f037c40c-219b-47c2-8b62-33d646164691@group-DD7657B3C8B0-LeaderElection97] INFO  impl.LeaderElection (LeaderElection.java:logAndReturn(90)) - f037c40c-219b-47c2-8b62-33d646164691@group-DD7657B3C8B0-LeaderElection97: ELECTION REJECTED received 2 response(s) and 0 exception(s):
2022-05-22 15:39:36,726 [f037c40c-219b-47c2-8b62-33d646164691@group-DD7657B3C8B0-LeaderElection97] INFO  impl.LeaderElection (LeaderElection.java:logAndReturn(94)) -   Response 0: f037c40c-219b-47c2-8b62-33d646164691<-08ac937e-b58d-450f-91a6-f5a9f9c5f3b7#0:FAIL-t1
2022-05-22 15:39:36,726 [f037c40c-219b-47c2-8b62-33d646164691@group-DD7657B3C8B0-LeaderElection97] INFO  impl.LeaderElection (LeaderElection.java:logAndReturn(94)) -   Response 1: f037c40c-219b-47c2-8b62-33d646164691<-1f7078f4-dbb5-4e18-aa32-e400d80d84d6#0:FAIL-t1
2022-05-22 15:39:36,726 [f037c40c-219b-47c2-8b62-33d646164691@group-DD7657B3C8B0-LeaderElection97] INFO  impl.LeaderElection (LeaderElection.java:askForVotes(312)) - f037c40c-219b-47c2-8b62-33d646164691@group-DD7657B3C8B0-LeaderElection97 ELECTION round 0: result REJECTED
2022-05-22 15:39:36,726 [f037c40c-219b-47c2-8b62-33d646164691@group-DD7657B3C8B0-LeaderElection97] INFO  server.RaftServer$Division (RaftServerImpl.java:setRole(299)) - f037c40c-219b-47c2-8b62-33d646164691@group-DD7657B3C8B0: changes role from CANDIDATE to FOLLOWER at term 1 for REJECTED
2022-05-22 15:39:36,726 [f037c40c-219b-47c2-8b62-33d646164691@group-DD7657B3C8B0-LeaderElection97] INFO  impl.RoleInfo (RoleInfo.java:shutdownLeaderElection(130)) - f037c40c-219b-47c2-8b62-33d646164691: shutdown f037c40c-219b-47c2-8b62-33d646164691@group-DD7657B3C8B0-LeaderElection97
2022-05-22 15:39:36,726 [f037c40c-219b-47c2-8b62-33d646164691@group-DD7657B3C8B0-LeaderElection97] INFO  impl.RoleInfo (RoleInfo.java:updateAndGet(139)) - f037c40c-219b-47c2-8b62-33d646164691: start f037c40c-219b-47c2-8b62-33d646164691@group-DD7657B3C8B0-FollowerState
2022-05-22 15:39:36,735 [1f7078f4-dbb5-4e18-aa32-e400d80d84d6@group-DD7657B3C8B0-LeaderElection96] INFO  impl.LeaderElection (LeaderElection.java:logAndReturn(90)) - 1f7078f4-dbb5-4e18-aa32-e400d80d84d6@group-DD7657B3C8B0-LeaderElection96: ELECTION REJECTED received 2 response(s) and 0 exception(s):
2022-05-22 15:39:36,735 [1f7078f4-dbb5-4e18-aa32-e400d80d84d6@group-DD7657B3C8B0-LeaderElection96] INFO  impl.LeaderElection (LeaderElection.java:logAndReturn(94)) -   Response 0: 1f7078f4-dbb5-4e18-aa32-e400d80d84d6<-08ac937e-b58d-450f-91a6-f5a9f9c5f3b7#0:FAIL-t1
2022-05-22 15:39:36,735 [1f7078f4-dbb5-4e18-aa32-e400d80d84d6@group-DD7657B3C8B0-LeaderElection96] INFO  impl.LeaderElection (LeaderElection.java:logAndReturn(94)) -   Response 1: 1f7078f4-dbb5-4e18-aa32-e400d80d84d6<-f037c40c-219b-47c2-8b62-33d646164691#0:FAIL-t1
2022-05-22 15:39:36,760 [1f7078f4-dbb5-4e18-aa32-e400d80d84d6@group-DD7657B3C8B0-LeaderElection96] INFO  impl.LeaderElection (LeaderElection.java:askForVotes(312)) - 1f7078f4-dbb5-4e18-aa32-e400d80d84d6@group-DD7657B3C8B0-LeaderElection96 ELECTION round 0: result REJECTED
2022-05-22 15:39:36,760 [1f7078f4-dbb5-4e18-aa32-e400d80d84d6@group-DD7657B3C8B0-LeaderElection96] INFO  server.RaftServer$Division (RaftServerImpl.java:setRole(299)) - 1f7078f4-dbb5-4e18-aa32-e400d80d84d6@group-DD7657B3C8B0: changes role from CANDIDATE to FOLLOWER at term 1 for REJECTED
2022-05-22 15:39:36,760 [1f7078f4-dbb5-4e18-aa32-e400d80d84d6@group-DD7657B3C8B0-LeaderElection96] INFO  impl.RoleInfo (RoleInfo.java:shutdownLeaderElection(130)) - 1f7078f4-dbb5-4e18-aa32-e400d80d84d6: shutdown 1f7078f4-dbb5-4e18-aa32-e400d80d84d6@group-DD7657B3C8B0-LeaderElection96
2022-05-22 15:39:36,760 [1f7078f4-dbb5-4e18-aa32-e400d80d84d6@group-DD7657B3C8B0-LeaderElection96] INFO  impl.RoleInfo (RoleInfo.java:updateAndGet(139)) - 1f7078f4-dbb5-4e18-aa32-e400d80d84d6: start 1f7078f4-dbb5-4e18-aa32-e400d80d84d6@group-DD7657B3C8B0-FollowerState
2022-05-22 15:39:36,791 [Listener at 127.0.0.1/35617] INFO  impl.MetricsSystemImpl (MetricsSystemImpl.java:init(158)) - OzoneManager metrics system started (again)
2022-05-22 15:39:36,919 [ReplicationMonitor] INFO  replication.ReplicationManager (ReplicationManager.java:processAll(249)) - Replication Monitor Thread took 0 milliseconds for processing 0 containers.
2022-05-22 15:39:36,981 [Listener at 127.0.0.1/35617] INFO  om.OzoneManager (OzoneManager.java:start(1405)) - OzoneManager RPC server is listening at localhost/127.0.0.1:35617
2022-05-22 15:39:36,982 [Listener at 127.0.0.1/35617] INFO  ratis.OzoneManagerRatisServer (OzoneManagerRatisServer.java:start(554)) - Starting OzoneManagerRatisServer om1 at port 46813
2022-05-22 15:39:37,014 [om1-impl-thread1] INFO  server.RaftServer$Division (RaftServerImpl.java:start(310)) - om1@group-C5BA1605619E: start as a follower, conf=-1: [om1|rpc:localhost:46813|priority:0], old=null
2022-05-22 15:39:37,014 [om1-impl-thread1] INFO  server.RaftServer$Division (RaftServerImpl.java:setRole(299)) - om1@group-C5BA1605619E: changes role from      null to FOLLOWER at term 0 for startAsFollower
2022-05-22 15:39:37,014 [Mini-Cluster-Provider-Reap] INFO  ozoneimpl.OzoneContainer (OzoneContainer.java:stop(356)) - Attempting to stop container services.
2022-05-22 15:39:37,052 [om1-impl-thread1] INFO  impl.RoleInfo (RoleInfo.java:updateAndGet(139)) - om1: start om1@group-C5BA1605619E-FollowerState
2022-05-22 15:39:37,053 [ForkJoinPool.commonPool-worker-0] INFO  ozoneimpl.OzoneContainer (OzoneContainer.java:stop(356)) - Attempting to stop container services.
2022-05-22 15:39:37,053 [Mini-Cluster-Provider-Reap] INFO  server.RaftServer (RaftServerProxy.java:lambda$close$7(398)) - 638d573d-e935-44db-a072-277320ec0492: close
2022-05-22 15:39:37,053 [Mini-Cluster-Provider-Reap] INFO  server.RaftServer$Division (RaftServerImpl.java:lambda$close$4(434)) - 638d573d-e935-44db-a072-277320ec0492@group-D639EF149AFC: shutdown
2022-05-22 15:39:37,053 [Mini-Cluster-Provider-Reap] INFO  util.JmxRegister (JmxRegister.java:unregister(73)) - Successfully un-registered JMX Bean with object name Ratis:service=RaftServer,group=group-D639EF149AFC,id=638d573d-e935-44db-a072-277320ec0492
2022-05-22 15:39:37,053 [Mini-Cluster-Provider-Reap] INFO  impl.RoleInfo (RoleInfo.java:shutdownLeaderState(93)) - 638d573d-e935-44db-a072-277320ec0492: shutdown 638d573d-e935-44db-a072-277320ec0492@group-D639EF149AFC-LeaderStateImpl
2022-05-22 15:39:37,053 [Mini-Cluster-Provider-Reap] INFO  impl.PendingRequests (PendingRequests.java:sendNotLeaderResponses(282)) - 638d573d-e935-44db-a072-277320ec0492@group-D639EF149AFC-PendingRequests: sendNotLeaderResponses
2022-05-22 15:39:37,054 [Mini-Cluster-Provider-Reap] INFO  impl.StateMachineUpdater (StateMachineUpdater.java:stopAndJoin(153)) - 638d573d-e935-44db-a072-277320ec0492@group-D639EF149AFC-StateMachineUpdater: set stopIndex = 0
2022-05-22 15:39:37,055 [638d573d-e935-44db-a072-277320ec0492@group-D639EF149AFC-StateMachineUpdater] INFO  ratis.ContainerStateMachine (ContainerStateMachine.java:takeSnapshot(304)) - group-D639EF149AFC: Taking a snapshot at:(t:1, i:0) file /home/runner/work/ozone/ozone/hadoop-ozone/integration-test/target/test-dir/MiniOzoneClusterImpl-74245488-23af-454c-b831-a0955758354f/datanode-3/data/ratis/485fede9-11e1-49c5-9bf5-d639ef149afc/sm/snapshot.1_0
2022-05-22 15:39:37,063 [638d573d-e935-44db-a072-277320ec0492@group-D639EF149AFC-StateMachineUpdater] INFO  ratis.ContainerStateMachine (ContainerStateMachine.java:takeSnapshot(315)) - group-D639EF149AFC: Finished taking a snapshot at:(t:1, i:0) file:/home/runner/work/ozone/ozone/hadoop-ozone/integration-test/target/test-dir/MiniOzoneClusterImpl-74245488-23af-454c-b831-a0955758354f/datanode-3/data/ratis/485fede9-11e1-49c5-9bf5-d639ef149afc/sm/snapshot.1_0 took: 8 ms
2022-05-22 15:39:37,063 [om1-impl-thread1] INFO  util.JmxRegister (JmxRegister.java:tryRegister(44)) - Successfully registered JMX Bean with object name Ratis:service=RaftServer,group=group-C5BA1605619E,id=om1
2022-05-22 15:39:37,064 [638d573d-e935-44db-a072-277320ec0492@group-D639EF149AFC-StateMachineUpdater] INFO  impl.StateMachineUpdater (StateMachineUpdater.java:takeSnapshot(287)) - 638d573d-e935-44db-a072-277320ec0492@group-D639EF149AFC-StateMachineUpdater: Took a snapshot at index 0
2022-05-22 15:39:37,064 [638d573d-e935-44db-a072-277320ec0492@group-D639EF149AFC-StateMachineUpdater] INFO  impl.StateMachineUpdater (StateMachineUpdater.java:lambda$new$0(92)) - 638d573d-e935-44db-a072-277320ec0492@group-D639EF149AFC-StateMachineUpdater: snapshotIndex: updateIncreasingly -1 -> 0
2022-05-22 15:39:37,064 [Mini-Cluster-Provider-Reap] INFO  server.RaftServer$Division (ServerState.java:close(429)) - 638d573d-e935-44db-a072-277320ec0492@group-D639EF149AFC: closes. applyIndex: 0
2022-05-22 15:39:37,065 [638d573d-e935-44db-a072-277320ec0492@group-D639EF149AFC-SegmentedRaftLogWorker] INFO  segmented.SegmentedRaftLogWorker (SegmentedRaftLogWorker.java:run(336)) - 638d573d-e935-44db-a072-277320ec0492@group-D639EF149AFC-SegmentedRaftLogWorker was interrupted, exiting. There are 0 tasks remaining in the queue.
2022-05-22 15:39:37,065 [Mini-Cluster-Provider-Reap] INFO  segmented.SegmentedRaftLogWorker (SegmentedRaftLogWorker.java:close(246)) - 638d573d-e935-44db-a072-277320ec0492@group-D639EF149AFC-SegmentedRaftLogWorker close()
2022-05-22 15:39:37,065 [Mini-Cluster-Provider-Reap] INFO  server.RaftServer$Division (RaftServerImpl.java:lambda$close$4(434)) - 638d573d-e935-44db-a072-277320ec0492@group-9C5526FCBF79: shutdown
2022-05-22 15:39:37,065 [Mini-Cluster-Provider-Reap] INFO  util.JmxRegister (JmxRegister.java:unregister(73)) - Successfully un-registered JMX Bean with object name Ratis:service=RaftServer,group=group-9C5526FCBF79,id=638d573d-e935-44db-a072-277320ec0492
2022-05-22 15:39:37,065 [Mini-Cluster-Provider-Reap] INFO  impl.RoleInfo (RoleInfo.java:shutdownLeaderState(93)) - 638d573d-e935-44db-a072-277320ec0492: shutdown 638d573d-e935-44db-a072-277320ec0492@group-9C5526FCBF79-LeaderStateImpl
2022-05-22 15:39:37,069 [grpc-default-executor-0] INFO  server.GrpcServerProtocolService (GrpcServerProtocolService.java:onCompleted(140)) - 168572c2-1126-43c1-a852-56a66dfae082: Completed APPEND_ENTRIES, lastRequest: 638d573d-e935-44db-a072-277320ec0492->168572c2-1126-43c1-a852-56a66dfae082#245-t1,previous=(t:1, i:21),leaderCommit=20,initializing? true,entries: size=1, first=(t:1, i:22), METADATAENTRY(c:20)
2022-05-22 15:39:37,072 [grpc-default-executor-0] INFO  server.GrpcLogAppender (GrpcLogAppender.java:onCompleted(339)) - 638d573d-e935-44db-a072-277320ec0492@group-9C5526FCBF79->168572c2-1126-43c1-a852-56a66dfae082-AppendLogResponseHandler: follower responses appendEntries COMPLETED
2022-05-22 15:39:37,073 [grpc-default-executor-0] INFO  leader.FollowerInfo (FollowerInfoImpl.java:lambda$new$0(48)) - 638d573d-e935-44db-a072-277320ec0492@group-9C5526FCBF79->168572c2-1126-43c1-a852-56a66dfae082: nextIndex: updateUnconditionally 23 -> 22
2022-05-22 15:39:37,088 [Listener at 127.0.0.1/35617] INFO  server.RaftServer (RaftServerProxy.java:lambda$start$6(382)) - om1: start RPC server
2022-05-22 15:39:37,088 [ForkJoinPool.commonPool-worker-0] INFO  server.RaftServer (RaftServerProxy.java:lambda$close$7(398)) - f037c40c-219b-47c2-8b62-33d646164691: close
2022-05-22 15:39:37,088 [ForkJoinPool.commonPool-worker-0] INFO  server.RaftServer$Division (RaftServerImpl.java:lambda$close$4(434)) - f037c40c-219b-47c2-8b62-33d646164691@group-DD7657B3C8B0: shutdown
2022-05-22 15:39:37,088 [ForkJoinPool.commonPool-worker-0] INFO  util.JmxRegister (JmxRegister.java:unregister(73)) - Successfully un-registered JMX Bean with object name Ratis:service=RaftServer,group=group-DD7657B3C8B0,id=f037c40c-219b-47c2-8b62-33d646164691
2022-05-22 15:39:37,088 [ForkJoinPool.commonPool-worker-0] INFO  impl.RoleInfo (RoleInfo.java:shutdownFollowerState(110)) - f037c40c-219b-47c2-8b62-33d646164691: shutdown f037c40c-219b-47c2-8b62-33d646164691@group-DD7657B3C8B0-FollowerState
2022-05-22 15:39:37,089 [Listener at 127.0.0.1/35617] INFO  server.GrpcService (GrpcService.java:startImpl(260)) - om1: GrpcService started, listening on 46813
2022-05-22 15:39:37,090 [grpc-default-executor-1] INFO  server.GrpcServerProtocolService (GrpcServerProtocolService.java:onCompleted(140)) - 4c6f2adb-38a1-426c-b706-7d3e145904df: Completed APPEND_ENTRIES, lastRequest: 638d573d-e935-44db-a072-277320ec0492->4c6f2adb-38a1-426c-b706-7d3e145904df#230-t1,previous=(t:1, i:21),leaderCommit=20,initializing? true,entries: size=1, first=(t:1, i:22), METADATAENTRY(c:20)
2022-05-22 15:39:37,090 [grpc-default-executor-1] INFO  server.GrpcLogAppender (GrpcLogAppender.java:onCompleted(339)) - 638d573d-e935-44db-a072-277320ec0492@group-9C5526FCBF79->4c6f2adb-38a1-426c-b706-7d3e145904df-AppendLogResponseHandler: follower responses appendEntries COMPLETED
2022-05-22 15:39:37,091 [grpc-default-executor-1] INFO  leader.FollowerInfo (FollowerInfoImpl.java:lambda$new$0(48)) - 638d573d-e935-44db-a072-277320ec0492@group-9C5526FCBF79->4c6f2adb-38a1-426c-b706-7d3e145904df: nextIndex: updateUnconditionally 23 -> 22
2022-05-22 15:39:37,104 [Listener at 127.0.0.1/35617] INFO  om.OzoneManager (OzoneManager.java:start(1421)) - Version File has different layout version (2) than OM DB (null). That is expected if this OM has never been finalized to a newer layout version.
2022-05-22 15:39:37,128 [org.apache.ratis.util.JvmPauseMonitor$$Lambda$702/2064598138@4df9b6d4] INFO  util.JvmPauseMonitor (JvmPauseMonitor.java:run(103)) - JvmPauseMonitor-om1: Started
2022-05-22 15:39:37,150 [ForkJoinPool.commonPool-worker-0] INFO  impl.StateMachineUpdater (StateMachineUpdater.java:stopAndJoin(153)) - f037c40c-219b-47c2-8b62-33d646164691@group-DD7657B3C8B0-StateMachineUpdater: set stopIndex = -1
2022-05-22 15:39:37,152 [f037c40c-219b-47c2-8b62-33d646164691@group-DD7657B3C8B0-FollowerState] INFO  impl.FollowerState (FollowerState.java:run(152)) - f037c40c-219b-47c2-8b62-33d646164691@group-DD7657B3C8B0-FollowerState was interrupted
2022-05-22 15:39:37,155 [ForkJoinPool.commonPool-worker-0] INFO  server.RaftServer$Division (ServerState.java:close(429)) - f037c40c-219b-47c2-8b62-33d646164691@group-DD7657B3C8B0: closes. applyIndex: -1
2022-05-22 15:39:37,160 [Mini-Cluster-Provider-Reap] INFO  impl.PendingRequests (PendingRequests.java:sendNotLeaderResponses(282)) - 638d573d-e935-44db-a072-277320ec0492@group-9C5526FCBF79-PendingRequests: sendNotLeaderResponses
2022-05-22 15:39:37,177 [Mini-Cluster-Provider-Reap] INFO  impl.StateMachineUpdater (StateMachineUpdater.java:stopAndJoin(153)) - 638d573d-e935-44db-a072-277320ec0492@group-9C5526FCBF79-StateMachineUpdater: set stopIndex = 22
2022-05-22 15:39:37,184 [638d573d-e935-44db-a072-277320ec0492@group-9C5526FCBF79-StateMachineUpdater] INFO  ratis.ContainerStateMachine (ContainerStateMachine.java:takeSnapshot(304)) - group-9C5526FCBF79: Taking a snapshot at:(t:1, i:22) file /home/runner/work/ozone/ozone/hadoop-ozone/integration-test/target/test-dir/MiniOzoneClusterImpl-74245488-23af-454c-b831-a0955758354f/datanode-3/data/ratis/1872f68b-7983-4036-a5d6-9c5526fcbf79/sm/snapshot.1_22
2022-05-22 15:39:37,186 [Listener at 127.0.0.1/35617] INFO  http.BaseHttpServer (BaseHttpServer.java:newHttpServer2BuilderForOzone(209)) - Starting Web-server for ozoneManager at: http://0.0.0.0:0
2022-05-22 15:39:37,186 [Listener at 127.0.0.1/35617] INFO  http.BaseHttpServer (BaseHttpServer.java:<init>(107)) - Hadoop Security Enabled: false Ozone Security Enabled: false Ozone HTTP Security Enabled: false 
2022-05-22 15:39:37,204 [f037c40c-219b-47c2-8b62-33d646164691@group-DD7657B3C8B0-SegmentedRaftLogWorker] INFO  segmented.SegmentedRaftLogWorker (SegmentedRaftLogWorker.java:run(336)) - f037c40c-219b-47c2-8b62-33d646164691@group-DD7657B3C8B0-SegmentedRaftLogWorker was interrupted, exiting. There are 0 tasks remaining in the queue.
2022-05-22 15:39:37,204 [ForkJoinPool.commonPool-worker-0] INFO  segmented.SegmentedRaftLogWorker (SegmentedRaftLogWorker.java:close(246)) - f037c40c-219b-47c2-8b62-33d646164691@group-DD7657B3C8B0-SegmentedRaftLogWorker close()
2022-05-22 15:39:37,207 [638d573d-e935-44db-a072-277320ec0492@group-9C5526FCBF79-StateMachineUpdater] INFO  ratis.ContainerStateMachine (ContainerStateMachine.java:takeSnapshot(315)) - group-9C5526FCBF79: Finished taking a snapshot at:(t:1, i:22) file:/home/runner/work/ozone/ozone/hadoop-ozone/integration-test/target/test-dir/MiniOzoneClusterImpl-74245488-23af-454c-b831-a0955758354f/datanode-3/data/ratis/1872f68b-7983-4036-a5d6-9c5526fcbf79/sm/snapshot.1_22 took: 24 ms
2022-05-22 15:39:37,208 [638d573d-e935-44db-a072-277320ec0492@group-9C5526FCBF79-StateMachineUpdater] INFO  impl.StateMachineUpdater (StateMachineUpdater.java:takeSnapshot(287)) - 638d573d-e935-44db-a072-277320ec0492@group-9C5526FCBF79-StateMachineUpdater: Took a snapshot at index 22
2022-05-22 15:39:37,208 [638d573d-e935-44db-a072-277320ec0492@group-9C5526FCBF79-StateMachineUpdater] INFO  impl.StateMachineUpdater (StateMachineUpdater.java:lambda$new$0(92)) - 638d573d-e935-44db-a072-277320ec0492@group-9C5526FCBF79-StateMachineUpdater: snapshotIndex: updateIncreasingly -1 -> 22
2022-05-22 15:39:37,217 [ReplicationMonitor] INFO  replication.ReplicationManager (ReplicationManager.java:processAll(228)) - Replication Manager is not ready to run until 3000ms after safemode exit
2022-05-22 15:39:37,232 [Listener at 127.0.0.1/35617] INFO  server.AuthenticationFilter (AuthenticationFilter.java:constructSecretProvider(240)) - Unable to initialize FileSignerSecretProvider, falling back to use random secrets.
2022-05-22 15:39:37,232 [ForkJoinPool.commonPool-worker-0] INFO  server.GrpcService (GrpcService.java:closeImpl(269)) - f037c40c-219b-47c2-8b62-33d646164691: shutdown server with port 38631 now
2022-05-22 15:39:37,233 [Mini-Cluster-Provider-Reap] INFO  server.RaftServer$Division (ServerState.java:close(429)) - 638d573d-e935-44db-a072-277320ec0492@group-9C5526FCBF79: closes. applyIndex: 22
2022-05-22 15:39:37,239 [Listener at 127.0.0.1/35617] WARN  http.HttpRequestLog (HttpRequestLog.java:getRequestLog(103)) - Jetty request log can only be enabled using Log4j
2022-05-22 15:39:37,240 [Listener at 127.0.0.1/35617] INFO  http.HttpServer2 (HttpServer2.java:addGlobalFilter(1030)) - Added global filter 'safety' (class=org.apache.hadoop.hdds.server.http.HttpServer2$QuotingInputFilter)
2022-05-22 15:39:37,240 [Listener at 127.0.0.1/35617] INFO  http.HttpServer2 (HttpServer2.java:addFilter(1006)) - Added filter static_user_filter (class=org.apache.hadoop.http.lib.StaticUserWebFilter$StaticUserFilter) to context ozoneManager
2022-05-22 15:39:37,241 [Listener at 127.0.0.1/35617] INFO  http.HttpServer2 (HttpServer2.java:addFilter(1014)) - Added filter static_user_filter (class=org.apache.hadoop.http.lib.StaticUserWebFilter$StaticUserFilter) to context logs
2022-05-22 15:39:37,241 [Listener at 127.0.0.1/35617] INFO  http.HttpServer2 (HttpServer2.java:addFilter(1014)) - Added filter static_user_filter (class=org.apache.hadoop.http.lib.StaticUserWebFilter$StaticUserFilter) to context static
2022-05-22 15:39:37,248 [Listener at 127.0.0.1/35617] INFO  http.HttpServer2 (HttpServer2.java:bindListener(1249)) - Jetty bound to port 46087
2022-05-22 15:39:37,248 [Listener at 127.0.0.1/35617] INFO  server.Server (Server.java:doStart(375)) - jetty-9.4.43.v20210629; built: 2021-06-30T11:07:22.254Z; git: 526006ecfa3af7f1a27ef3a288e2bef7ea9dd7e8; jvm 1.8.0_332-b09
2022-05-22 15:39:37,258 [638d573d-e935-44db-a072-277320ec0492@group-9C5526FCBF79-SegmentedRaftLogWorker] INFO  segmented.SegmentedRaftLogWorker (SegmentedRaftLogWorker.java:run(336)) - 638d573d-e935-44db-a072-277320ec0492@group-9C5526FCBF79-SegmentedRaftLogWorker was interrupted, exiting. There are 0 tasks remaining in the queue.
2022-05-22 15:39:37,258 [Mini-Cluster-Provider-Reap] INFO  segmented.SegmentedRaftLogWorker (SegmentedRaftLogWorker.java:close(246)) - 638d573d-e935-44db-a072-277320ec0492@group-9C5526FCBF79-SegmentedRaftLogWorker close()
2022-05-22 15:39:37,259 [EventQueue-DeadNodeForDeadNodeHandler] INFO  node.DeadNodeHandler (DeadNodeHandler.java:onMessage(80)) - A dead datanode is detected. 638d573d-e935-44db-a072-277320ec0492{ip: 10.1.0.29, host: fv-az40-114.rqf5bxgtie1u1lrk4cuotvq0td.cx.internal.cloudapp.net, ports: [REPLICATION=42303, RATIS=33727, RATIS_ADMIN=33727, RATIS_SERVER=33727, STANDALONE=33225], networkLocation: /default-rack, certSerialId: null, persistedOpState: IN_SERVICE, persistedOpStateExpiryEpochSec: 0}
2022-05-22 15:39:37,259 [EventQueue-DeadNodeForDeadNodeHandler] INFO  pipeline.RatisPipelineProvider (RatisPipelineProvider.java:lambda$close$1(244)) - Send pipeline:PipelineID=485fede9-11e1-49c5-9bf5-d639ef149afc close command to datanode 638d573d-e935-44db-a072-277320ec0492
2022-05-22 15:39:37,259 [EventQueue-DeadNodeForDeadNodeHandler] INFO  pipeline.PipelineStateManagerImpl (PipelineStateManagerImpl.java:removePipeline(243)) - Pipeline Pipeline[ Id: 485fede9-11e1-49c5-9bf5-d639ef149afc, Nodes: 638d573d-e935-44db-a072-277320ec0492{ip: 10.1.0.29, host: fv-az40-114.rqf5bxgtie1u1lrk4cuotvq0td.cx.internal.cloudapp.net, ports: [REPLICATION=42303, RATIS=33727, RATIS_ADMIN=33727, RATIS_SERVER=33727, STANDALONE=33225], networkLocation: /default-rack, certSerialId: null, persistedOpState: IN_SERVICE, persistedOpStateExpiryEpochSec: 0}, ReplicationConfig: RATIS/ONE, State:CLOSED, leaderId:638d573d-e935-44db-a072-277320ec0492, CreationTimestamp2022-05-22T15:37:45.749Z[Etc/UTC]] removed.
2022-05-22 15:39:37,259 [EventQueue-DeadNodeForDeadNodeHandler] INFO  pipeline.RatisPipelineProvider (RatisPipelineProvider.java:lambda$close$1(244)) - Send pipeline:PipelineID=1872f68b-7983-4036-a5d6-9c5526fcbf79 close command to datanode 638d573d-e935-44db-a072-277320ec0492
2022-05-22 15:39:37,259 [EventQueue-DeadNodeForDeadNodeHandler] INFO  pipeline.RatisPipelineProvider (RatisPipelineProvider.java:lambda$close$1(244)) - Send pipeline:PipelineID=1872f68b-7983-4036-a5d6-9c5526fcbf79 close command to datanode 168572c2-1126-43c1-a852-56a66dfae082
2022-05-22 15:39:37,267 [EventQueue-DeadNodeForDeadNodeHandler] INFO  pipeline.RatisPipelineProvider (RatisPipelineProvider.java:lambda$close$1(244)) - Send pipeline:PipelineID=1872f68b-7983-4036-a5d6-9c5526fcbf79 close command to datanode 4c6f2adb-38a1-426c-b706-7d3e145904df
2022-05-22 15:39:37,267 [EventQueue-DeadNodeForDeadNodeHandler] INFO  pipeline.PipelineStateManagerImpl (PipelineStateManagerImpl.java:removePipeline(243)) - Pipeline Pipeline[ Id: 1872f68b-7983-4036-a5d6-9c5526fcbf79, Nodes: 638d573d-e935-44db-a072-277320ec0492{ip: 10.1.0.29, host: fv-az40-114.rqf5bxgtie1u1lrk4cuotvq0td.cx.internal.cloudapp.net, ports: [REPLICATION=42303, RATIS=33727, RATIS_ADMIN=33727, RATIS_SERVER=33727, STANDALONE=33225], networkLocation: /default-rack, certSerialId: null, persistedOpState: IN_SERVICE, persistedOpStateExpiryEpochSec: 0}168572c2-1126-43c1-a852-56a66dfae082{ip: 10.1.0.29, host: fv-az40-114.rqf5bxgtie1u1lrk4cuotvq0td.cx.internal.cloudapp.net, ports: [REPLICATION=45765, RATIS=40535, RATIS_ADMIN=40535, RATIS_SERVER=40535, STANDALONE=33739], networkLocation: /default-rack, certSerialId: null, persistedOpState: IN_SERVICE, persistedOpStateExpiryEpochSec: 0}4c6f2adb-38a1-426c-b706-7d3e145904df{ip: 10.1.0.29, host: fv-az40-114.rqf5bxgtie1u1lrk4cuotvq0td.cx.internal.cloudapp.net, ports: [REPLICATION=33061, RATIS=45801, RATIS_ADMIN=45801, RATIS_SERVER=45801, STANDALONE=37005], networkLocation: /default-rack, certSerialId: null, persistedOpState: IN_SERVICE, persistedOpStateExpiryEpochSec: 0}, ReplicationConfig: RATIS/THREE, State:CLOSED, leaderId:638d573d-e935-44db-a072-277320ec0492, CreationTimestamp2022-05-22T15:37:46.494Z[Etc/UTC]] removed.
2022-05-22 15:39:37,267 [EventQueue-DeadNodeForDeadNodeHandler] INFO  net.NetworkTopologyImpl (NetworkTopologyImpl.java:remove(137)) - Removed a node: /default-rack/638d573d-e935-44db-a072-277320ec0492
2022-05-22 15:39:37,268 [ReplicationMonitor] INFO  replication.LegacyReplicationManager (LegacyReplicationManager.java:sendCloseCommand(1408)) - Sending close container command for container #3 to datanode f037c40c-219b-47c2-8b62-33d646164691{ip: 10.1.0.29, host: fv-az40-114.rqf5bxgtie1u1lrk4cuotvq0td.cx.internal.cloudapp.net, ports: [REPLICATION=43755, RATIS=38631, RATIS_ADMIN=38631, RATIS_SERVER=38631, STANDALONE=39395], networkLocation: /default-rack, certSerialId: null, persistedOpState: IN_SERVICE, persistedOpStateExpiryEpochSec: 0}.
2022-05-22 15:39:37,268 [ReplicationMonitor] INFO  replication.LegacyReplicationManager (LegacyReplicationManager.java:sendCloseCommand(1408)) - Sending close container command for container #4 to datanode 4c6f2adb-38a1-426c-b706-7d3e145904df{ip: 10.1.0.29, host: fv-az40-114.rqf5bxgtie1u1lrk4cuotvq0td.cx.internal.cloudapp.net, ports: [REPLICATION=33061, RATIS=45801, RATIS_ADMIN=45801, RATIS_SERVER=45801, STANDALONE=37005], networkLocation: /default-rack, certSerialId: null, persistedOpState: IN_SERVICE, persistedOpStateExpiryEpochSec: 0}.
2022-05-22 15:39:37,268 [ReplicationMonitor] INFO  replication.LegacyReplicationManager (LegacyReplicationManager.java:sendCloseCommand(1408)) - Sending close container command for container #4 to datanode 168572c2-1126-43c1-a852-56a66dfae082{ip: 10.1.0.29, host: fv-az40-114.rqf5bxgtie1u1lrk4cuotvq0td.cx.internal.cloudapp.net, ports: [REPLICATION=45765, RATIS=40535, RATIS_ADMIN=40535, RATIS_SERVER=40535, STANDALONE=33739], networkLocation: /default-rack, certSerialId: null, persistedOpState: IN_SERVICE, persistedOpStateExpiryEpochSec: 0}.
2022-05-22 15:39:37,268 [ReplicationMonitor] INFO  replication.LegacyReplicationManager (LegacyReplicationManager.java:sendCloseCommand(1408)) - Sending close container command for container #5 to datanode 168572c2-1126-43c1-a852-56a66dfae082{ip: 10.1.0.29, host: fv-az40-114.rqf5bxgtie1u1lrk4cuotvq0td.cx.internal.cloudapp.net, ports: [REPLICATION=45765, RATIS=40535, RATIS_ADMIN=40535, RATIS_SERVER=40535, STANDALONE=33739], networkLocation: /default-rack, certSerialId: null, persistedOpState: IN_SERVICE, persistedOpStateExpiryEpochSec: 0}.
2022-05-22 15:39:37,282 [ReplicationMonitor] INFO  replication.LegacyReplicationManager (LegacyReplicationManager.java:sendCloseCommand(1408)) - Sending close container command for container #5 to datanode 4c6f2adb-38a1-426c-b706-7d3e145904df{ip: 10.1.0.29, host: fv-az40-114.rqf5bxgtie1u1lrk4cuotvq0td.cx.internal.cloudapp.net, ports: [REPLICATION=33061, RATIS=45801, RATIS_ADMIN=45801, RATIS_SERVER=45801, STANDALONE=37005], networkLocation: /default-rack, certSerialId: null, persistedOpState: IN_SERVICE, persistedOpStateExpiryEpochSec: 0}.
2022-05-22 15:39:37,282 [ReplicationMonitor] INFO  replication.LegacyReplicationManager (LegacyReplicationManager.java:sendCloseCommand(1408)) - Sending close container command for container #6 to datanode 4c6f2adb-38a1-426c-b706-7d3e145904df{ip: 10.1.0.29, host: fv-az40-114.rqf5bxgtie1u1lrk4cuotvq0td.cx.internal.cloudapp.net, ports: [REPLICATION=33061, RATIS=45801, RATIS_ADMIN=45801, RATIS_SERVER=45801, STANDALONE=37005], networkLocation: /default-rack, certSerialId: null, persistedOpState: IN_SERVICE, persistedOpStateExpiryEpochSec: 0}.
2022-05-22 15:39:37,282 [ReplicationMonitor] INFO  replication.LegacyReplicationManager (LegacyReplicationManager.java:sendCloseCommand(1408)) - Sending close container command for container #6 to datanode 168572c2-1126-43c1-a852-56a66dfae082{ip: 10.1.0.29, host: fv-az40-114.rqf5bxgtie1u1lrk4cuotvq0td.cx.internal.cloudapp.net, ports: [REPLICATION=45765, RATIS=40535, RATIS_ADMIN=40535, RATIS_SERVER=40535, STANDALONE=33739], networkLocation: /default-rack, certSerialId: null, persistedOpState: IN_SERVICE, persistedOpStateExpiryEpochSec: 0}.
2022-05-22 15:39:37,282 [ReplicationMonitor] INFO  replication.ReplicationManager (ReplicationManager.java:processAll(249)) - Replication Monitor Thread took 14 milliseconds for processing 6 containers.
2022-05-22 15:39:37,267 [Mini-Cluster-Provider-Reap] INFO  server.GrpcService (GrpcService.java:closeImpl(269)) - 638d573d-e935-44db-a072-277320ec0492: shutdown server with port 33727 now
2022-05-22 15:39:37,343 [ReplicationMonitor] INFO  replication.ReplicationManager (ReplicationManager.java:processAll(249)) - Replication Monitor Thread took 0 milliseconds for processing 6 containers.
2022-05-22 15:39:37,345 [Listener at 127.0.0.1/35617] INFO  server.session (DefaultSessionIdManager.java:doStart(334)) - DefaultSessionIdManager workerName=node0
2022-05-22 15:39:37,346 [Listener at 127.0.0.1/35617] INFO  server.session (DefaultSessionIdManager.java:doStart(339)) - No SessionScavenger set, using defaults
2022-05-22 15:39:37,364 [Listener at 127.0.0.1/35617] INFO  server.session (HouseKeeper.java:startScavenging(132)) - node0 Scavenging every 660000ms
2022-05-22 15:39:37,364 [Listener at 127.0.0.1/35617] INFO  handler.ContextHandler (ContextHandler.java:doStart(915)) - Started o.e.j.s.ServletContextHandler@684c05fc{logs,/logs,file:///home/runner/work/ozone/ozone/hadoop-ozone/integration-test/target/log,AVAILABLE}
2022-05-22 15:39:37,364 [Listener at 127.0.0.1/35617] INFO  handler.ContextHandler (ContextHandler.java:doStart(915)) - Started o.e.j.s.ServletContextHandler@7b1751e5{static,/static,file:///home/runner/work/ozone/ozone/hadoop-ozone/integration-test/target/test-classes/webapps/static,AVAILABLE}
2022-05-22 15:39:37,364 [grpc-default-executor-1] WARN  server.GrpcClientProtocolService (LogUtils.java:warn(122)) - 1-UnorderedRequestStreamObserver1: onError: org.apache.ratis.thirdparty.io.grpc.StatusRuntimeException: CANCELLED: client cancelled
2022-05-22 15:39:37,366 [Listener at 127.0.0.1/35617] INFO  handler.ContextHandler (ContextHandler.java:doStart(915)) - Started o.e.j.w.WebAppContext@eba3f0f{ozoneManager,/,file:///home/runner/work/ozone/ozone/hadoop-ozone/integration-test/target/test-classes/webapps/ozoneManager/,AVAILABLE}{file:/home/runner/work/ozone/ozone/hadoop-ozone/integration-test/target/test-classes/webapps/ozoneManager}
2022-05-22 15:39:37,367 [Mini-Cluster-Provider-Reap] INFO  server.GrpcService (GrpcService.java:closeImpl(278)) - 638d573d-e935-44db-a072-277320ec0492: shutdown server with port 33727 successfully
2022-05-22 15:39:37,367 [ForkJoinPool.commonPool-worker-0] INFO  server.GrpcService (GrpcService.java:closeImpl(278)) - f037c40c-219b-47c2-8b62-33d646164691: shutdown server with port 38631 successfully
2022-05-22 15:39:37,367 [org.apache.ratis.util.JvmPauseMonitor$$Lambda$702/2064598138@7ffa39c0] INFO  util.JvmPauseMonitor (JvmPauseMonitor.java:run(109)) - JvmPauseMonitor-f037c40c-219b-47c2-8b62-33d646164691: Stopped
2022-05-22 15:39:37,367 [org.apache.ratis.util.JvmPauseMonitor$$Lambda$702/2064598138@683be936] INFO  util.JvmPauseMonitor (JvmPauseMonitor.java:run(109)) - JvmPauseMonitor-638d573d-e935-44db-a072-277320ec0492: Stopped
2022-05-22 15:39:37,382 [Listener at 127.0.0.1/35617] INFO  server.AbstractConnector (AbstractConnector.java:doStart(331)) - Started ServerConnector@ed0ee4d{HTTP/1.1, (http/1.1)}{0.0.0.0:46087}
2022-05-22 15:39:37,382 [Listener at 127.0.0.1/35617] INFO  server.Server (Server.java:doStart(415)) - Started @176762ms
2022-05-22 15:39:37,382 [Listener at 127.0.0.1/35617] WARN  impl.MetricsSystemImpl (MetricsSystemImpl.java:register(279)) - Sink prometheus already exists!
2022-05-22 15:39:37,400 [Listener at 127.0.0.1/35617] INFO  http.BaseHttpServer (BaseHttpServer.java:updateConnectorAddress(329)) - HTTP server of ozoneManager listening at http://0.0.0.0:46087
2022-05-22 15:39:37,448 [IPC Server Responder] INFO  ipc.Server (Server.java:run(1507)) - IPC Server Responder: starting
2022-05-22 15:39:37,467 [EventQueue-DeadNodeForDeadNodeHandler] INFO  node.DeadNodeHandler (DeadNodeHandler.java:onMessage(80)) - A dead datanode is detected. f037c40c-219b-47c2-8b62-33d646164691{ip: 10.1.0.29, host: fv-az40-114.rqf5bxgtie1u1lrk4cuotvq0td.cx.internal.cloudapp.net, ports: [REPLICATION=43755, RATIS=38631, RATIS_ADMIN=38631, RATIS_SERVER=38631, STANDALONE=39395], networkLocation: /default-rack, certSerialId: null, persistedOpState: IN_SERVICE, persistedOpStateExpiryEpochSec: 0}
2022-05-22 15:39:37,467 [EventQueue-DeadNodeForDeadNodeHandler] INFO  pipeline.RatisPipelineProvider (RatisPipelineProvider.java:lambda$close$1(244)) - Send pipeline:PipelineID=ac8e05be-f626-4880-b8b6-201fb64d4152 close command to datanode f037c40c-219b-47c2-8b62-33d646164691
2022-05-22 15:39:37,467 [EventQueue-DeadNodeForDeadNodeHandler] INFO  pipeline.PipelineStateManagerImpl (PipelineStateManagerImpl.java:removePipeline(243)) - Pipeline Pipeline[ Id: ac8e05be-f626-4880-b8b6-201fb64d4152, Nodes: f037c40c-219b-47c2-8b62-33d646164691{ip: 10.1.0.29, host: fv-az40-114.rqf5bxgtie1u1lrk4cuotvq0td.cx.internal.cloudapp.net, ports: [REPLICATION=43755, RATIS=38631, RATIS_ADMIN=38631, RATIS_SERVER=38631, STANDALONE=39395], networkLocation: /default-rack, certSerialId: null, persistedOpState: IN_MAINTENANCE, persistedOpStateExpiryEpochSec: 0}, ReplicationConfig: RATIS/ONE, State:CLOSED, leaderId:, CreationTimestamp2022-05-22T15:39:29.990Z[Etc/UTC]] removed.
2022-05-22 15:39:37,467 [EventQueue-DeadNodeForDeadNodeHandler] INFO  pipeline.RatisPipelineProvider (RatisPipelineProvider.java:lambda$close$1(244)) - Send pipeline:PipelineID=3a6493db-8475-4cdd-ad23-dd7657b3c8b0 close command to datanode 1f7078f4-dbb5-4e18-aa32-e400d80d84d6
2022-05-22 15:39:37,467 [EventQueue-DeadNodeForDeadNodeHandler] INFO  pipeline.RatisPipelineProvider (RatisPipelineProvider.java:lambda$close$1(244)) - Send pipeline:PipelineID=3a6493db-8475-4cdd-ad23-dd7657b3c8b0 close command to datanode 08ac937e-b58d-450f-91a6-f5a9f9c5f3b7
2022-05-22 15:39:37,467 [EventQueue-DeadNodeForDeadNodeHandler] INFO  pipeline.RatisPipelineProvider (RatisPipelineProvider.java:lambda$close$1(244)) - Send pipeline:PipelineID=3a6493db-8475-4cdd-ad23-dd7657b3c8b0 close command to datanode f037c40c-219b-47c2-8b62-33d646164691
2022-05-22 15:39:37,467 [EventQueue-DeadNodeForDeadNodeHandler] INFO  pipeline.PipelineStateManagerImpl (PipelineStateManagerImpl.java:removePipeline(243)) - Pipeline Pipeline[ Id: 3a6493db-8475-4cdd-ad23-dd7657b3c8b0, Nodes: 1f7078f4-dbb5-4e18-aa32-e400d80d84d6{ip: 10.1.0.29, host: fv-az40-114.rqf5bxgtie1u1lrk4cuotvq0td.cx.internal.cloudapp.net, ports: [REPLICATION=37671, RATIS=40765, RATIS_ADMIN=40765, RATIS_SERVER=40765, STANDALONE=41783], networkLocation: /default-rack, certSerialId: null, persistedOpState: IN_SERVICE, persistedOpStateExpiryEpochSec: 0}08ac937e-b58d-450f-91a6-f5a9f9c5f3b7{ip: 10.1.0.29, host: fv-az40-114.rqf5bxgtie1u1lrk4cuotvq0td.cx.internal.cloudapp.net, ports: [REPLICATION=40897, RATIS=34341, RATIS_ADMIN=34341, RATIS_SERVER=34341, STANDALONE=32867], networkLocation: /default-rack, certSerialId: null, persistedOpState: IN_SERVICE, persistedOpStateExpiryEpochSec: 0}f037c40c-219b-47c2-8b62-33d646164691{ip: 10.1.0.29, host: fv-az40-114.rqf5bxgtie1u1lrk4cuotvq0td.cx.internal.cloudapp.net, ports: [REPLICATION=43755, RATIS=38631, RATIS_ADMIN=38631, RATIS_SERVER=38631, STANDALONE=39395], networkLocation: /default-rack, certSerialId: null, persistedOpState: IN_MAINTENANCE, persistedOpStateExpiryEpochSec: 0}, ReplicationConfig: RATIS/THREE, State:CLOSED, leaderId:, CreationTimestamp2022-05-22T15:39:29.991Z[Etc/UTC]] removed.
2022-05-22 15:39:37,468 [EventQueue-DeadNodeForDeadNodeHandler] INFO  net.NetworkTopologyImpl (NetworkTopologyImpl.java:remove(137)) - Removed a node: /default-rack/f037c40c-219b-47c2-8b62-33d646164691
2022-05-22 15:39:37,480 [IPC Server listener on 0] INFO  ipc.Server (Server.java:run(1344)) - IPC Server listener on 0: starting
2022-05-22 15:39:37,541 [Listener at 127.0.0.1/35617] INFO  om.OzoneManager (OzoneManager.java:startTrashEmptier(1845)) - Trash Interval set to 0. Files deleted won't move to trash
2022-05-22 15:39:37,592 [org.apache.hadoop.util.JvmPauseMonitor$Monitor@509593c4] INFO  util.JvmPauseMonitor (JvmPauseMonitor.java:run(188)) - Starting JVM pause monitor
2022-05-22 15:39:37,663 [Listener at 127.0.0.1/35617] WARN  impl.MetricRegistriesImpl (MetricRegistriesImpl.java:addReporterRegistration(111)) - New reporters are added after registries were created. Some metrics will be missing from the reporter. Please add reporter before adding any new registry.
2022-05-22 15:39:37,663 [Listener at 127.0.0.1/35617] WARN  impl.MetricRegistriesImpl (MetricRegistriesImpl.java:addReporterRegistration(111)) - New reporters are added after registries were created. Some metrics will be missing from the reporter. Please add reporter before adding any new registry.
2022-05-22 15:39:37,664 [Listener at 127.0.0.1/35617] INFO  impl.MetricsSystemImpl (MetricsSystemImpl.java:init(158)) - HddsDatanode metrics system started (again)
2022-05-22 15:39:37,706 [Listener at 127.0.0.1/35617] INFO  ozone.HddsDatanodeService (HddsDatanodeService.java:start(236)) - HddsDatanodeService host:fv-az40-114.rqf5bxgtie1u1lrk4cuotvq0td.cx.internal.cloudapp.net ip:10.1.0.29
2022-05-22 15:39:37,774 [Listener at 127.0.0.1/35617] INFO  upgrade.AbstractLayoutVersionManager (AbstractLayoutVersionManager.java:init(79)) - Initializing Layout version manager with metadata layout = ERASURE_CODED_STORAGE_SUPPORT (version = 3), software layout = ERASURE_CODED_STORAGE_SUPPORT (version = 3)
2022-05-22 15:39:37,919 [ReplicationMonitor] INFO  replication.ReplicationManager (ReplicationManager.java:processAll(249)) - Replication Monitor Thread took 0 milliseconds for processing 0 containers.
2022-05-22 15:39:37,991 [Listener at 127.0.0.1/35617] INFO  reflections.Reflections (Reflections.java:scan(232)) - Reflections took 215 ms to scan 7 urls, producing 127 keys and 292 values 
2022-05-22 15:39:38,016 [Listener at 127.0.0.1/35617] INFO  statemachine.DatanodeStateMachine (DatanodeStateMachine.java:getEndPointTaskThreadPoolSize(233)) - Datanode State Machine Task Thread Pool size 2
2022-05-22 15:39:38,018 [Listener at 127.0.0.1/35617] INFO  volume.HddsVolume (HddsVolume.java:<init>(120)) - Creating HddsVolume: /home/runner/work/ozone/ozone/hadoop-ozone/integration-test/target/test-dir/MiniOzoneClusterImpl-07002df4-d7c2-4b84-9ed5-c026518b775a/datanode-0/data-0/containers/hdds of storage type : DISK capacity : 9223372036854775807
2022-05-22 15:39:38,019 [Listener at 127.0.0.1/35617] INFO  volume.MutableVolumeSet (MutableVolumeSet.java:initializeVolumeSet(168)) - Added Volume : /home/runner/work/ozone/ozone/hadoop-ozone/integration-test/target/test-dir/MiniOzoneClusterImpl-07002df4-d7c2-4b84-9ed5-c026518b775a/datanode-0/data-0/containers/hdds to VolumeSet
2022-05-22 15:39:38,019 [Listener at 127.0.0.1/35617] INFO  volume.ThrottledAsyncChecker (ThrottledAsyncChecker.java:schedule(141)) - Scheduling a check for /home/runner/work/ozone/ozone/hadoop-ozone/integration-test/target/test-dir/MiniOzoneClusterImpl-07002df4-d7c2-4b84-9ed5-c026518b775a/datanode-0/data-0/containers/hdds
2022-05-22 15:39:38,073 [Listener at 127.0.0.1/35617] INFO  volume.StorageVolumeChecker (StorageVolumeChecker.java:checkAllVolumes(202)) - Scheduled health check for volume /home/runner/work/ozone/ozone/hadoop-ozone/integration-test/target/test-dir/MiniOzoneClusterImpl-07002df4-d7c2-4b84-9ed5-c026518b775a/datanode-0/data-0/containers/hdds
2022-05-22 15:39:38,110 [Listener at 127.0.0.1/35617] INFO  volume.MutableVolumeSet (MutableVolumeSet.java:initializeVolumeSet(168)) - Added Volume : /home/runner/work/ozone/ozone/hadoop-ozone/integration-test/target/test-dir/MiniOzoneClusterImpl-07002df4-d7c2-4b84-9ed5-c026518b775a/datanode-0/data/ratis to VolumeSet
2022-05-22 15:39:38,110 [Listener at 127.0.0.1/35617] INFO  volume.ThrottledAsyncChecker (ThrottledAsyncChecker.java:schedule(141)) - Scheduling a check for /home/runner/work/ozone/ozone/hadoop-ozone/integration-test/target/test-dir/MiniOzoneClusterImpl-07002df4-d7c2-4b84-9ed5-c026518b775a/datanode-0/data/ratis
2022-05-22 15:39:38,119 [Listener at 127.0.0.1/35617] INFO  volume.StorageVolumeChecker (StorageVolumeChecker.java:checkAllVolumes(202)) - Scheduled health check for volume /home/runner/work/ozone/ozone/hadoop-ozone/integration-test/target/test-dir/MiniOzoneClusterImpl-07002df4-d7c2-4b84-9ed5-c026518b775a/datanode-0/data/ratis
2022-05-22 15:39:38,185 [Thread-3536] INFO  ozoneimpl.ContainerReader (ContainerReader.java:readVolume(172)) - Finish verifying containers on volume /home/runner/work/ozone/ozone/hadoop-ozone/integration-test/target/test-dir/MiniOzoneClusterImpl-07002df4-d7c2-4b84-9ed5-c026518b775a/datanode-0/data-0/containers/hdds
2022-05-22 15:39:38,185 [Listener at 127.0.0.1/35617] INFO  ozoneimpl.OzoneContainer (OzoneContainer.java:buildContainerSet(257)) - Build ContainerSet costs 0s
2022-05-22 15:39:38,187 [Listener at 127.0.0.1/35617] INFO  server.RaftServer (ConfUtils.java:logGet(46)) - raft.rpc.type = GRPC (default)
2022-05-22 15:39:38,187 [Listener at 127.0.0.1/35617] INFO  grpc.GrpcFactory (GrpcFactory.java:checkPooledByteBufAllocatorUseCacheForAllThreads(48)) - PERFORMANCE WARNING: useCacheForAllThreads is true that may cause Netty to create a lot garbage objects and, as a result, trigger GC.
	It is recommended to disable useCacheForAllThreads by setting -Dorg.apache.ratis.thirdparty.io.netty.allocator.useCacheForAllThreads=false in command line.
2022-05-22 15:39:38,187 [Listener at 127.0.0.1/35617] INFO  grpc.GrpcConfigKeys (ConfUtils.java:logGet(46)) - raft.grpc.admin.port = 0 (custom)
2022-05-22 15:39:38,187 [Listener at 127.0.0.1/35617] INFO  grpc.GrpcConfigKeys (ConfUtils.java:logGet(46)) - raft.grpc.client.port = 0 (custom)
2022-05-22 15:39:38,187 [Listener at 127.0.0.1/35617] INFO  grpc.GrpcConfigKeys (ConfUtils.java:logGet(46)) - raft.grpc.server.port = 0 (default)
2022-05-22 15:39:38,187 [Listener at 127.0.0.1/35617] INFO  server.GrpcService (ConfUtils.java:logGet(46)) - raft.grpc.message.size.max = 32MB (=33554432) (custom)
2022-05-22 15:39:38,187 [Listener at 127.0.0.1/35617] INFO  server.RaftServerConfigKeys (ConfUtils.java:logGet(46)) - raft.server.log.appender.buffer.byte-limit = 33554432 (custom)
2022-05-22 15:39:38,187 [Listener at 127.0.0.1/35617] INFO  server.GrpcService (ConfUtils.java:logGet(46)) - raft.grpc.flow.control.window = 5MB (=5242880) (custom)
2022-05-22 15:39:38,187 [Listener at 127.0.0.1/35617] INFO  server.RaftServerConfigKeys (ConfUtils.java:logGet(46)) - raft.server.rpc.request.timeout = 60s (custom)
2022-05-22 15:39:38,187 [Listener at 127.0.0.1/35617] INFO  grpc.GrpcConfigKeys (ConfUtils.java:logGet(46)) - raft.grpc.server.async.request.thread.pool.cached = true (default)
2022-05-22 15:39:38,187 [Listener at 127.0.0.1/35617] INFO  grpc.GrpcConfigKeys (ConfUtils.java:logGet(46)) - raft.grpc.server.async.request.thread.pool.size = 32 (default)
2022-05-22 15:39:38,197 [EventQueue-PipelineReportForPipelineReportHandler] INFO  pipeline.PipelineReportHandler (PipelineReportHandler.java:processPipelineReport(113)) - Reported pipeline PipelineID=1872f68b-7983-4036-a5d6-9c5526fcbf79 is not found
2022-05-22 15:39:38,205 [Listener at 127.0.0.1/35617] INFO  impl.DataStreamServerImpl (ConfUtils.java:logGet(46)) - raft.datastream.type = DISABLED (default)
2022-05-22 15:39:38,205 [Listener at 127.0.0.1/35617] INFO  server.RaftServerConfigKeys (ConfUtils.java:logGet(46)) - raft.server.threadpool.proxy.cached = true (default)
2022-05-22 15:39:38,206 [Listener at 127.0.0.1/35617] INFO  server.RaftServerConfigKeys (ConfUtils.java:logGet(46)) - raft.server.threadpool.proxy.size = 0 (default)
2022-05-22 15:39:38,206 [Listener at 127.0.0.1/35617] INFO  server.RaftServerConfigKeys (ConfUtils.java:logGet(46)) - raft.server.rpc.slowness.timeout = 300s (custom)
2022-05-22 15:39:38,206 [Listener at 127.0.0.1/35617] INFO  server.RaftServerConfigKeys (ConfUtils.java:logGet(46)) - raft.server.leaderelection.leader.step-down.wait-time = 10s (default)
2022-05-22 15:39:38,206 [Listener at 127.0.0.1/35617] INFO  server.RaftServerConfigKeys (ConfUtils.java:logGet(46)) - raft.server.storage.dir = [/home/runner/work/ozone/ozone/hadoop-ozone/integration-test/target/test-dir/MiniOzoneClusterImpl-07002df4-d7c2-4b84-9ed5-c026518b775a/datanode-0/data/ratis] (custom)
2022-05-22 15:39:38,217 [ReplicationMonitor] INFO  replication.ReplicationManager (ReplicationManager.java:processAll(228)) - Replication Manager is not ready to run until 3000ms after safemode exit
2022-05-22 15:39:38,233 [om1@group-C5BA1605619E-FollowerState] INFO  impl.FollowerState (FollowerState.java:run(143)) - om1@group-C5BA1605619E-FollowerState: change to CANDIDATE, lastRpcElapsedTime:1180958238ns, electionTimeout:1169ms
2022-05-22 15:39:38,234 [om1@group-C5BA1605619E-FollowerState] INFO  impl.RoleInfo (RoleInfo.java:shutdownFollowerState(110)) - om1: shutdown om1@group-C5BA1605619E-FollowerState
2022-05-22 15:39:38,234 [om1@group-C5BA1605619E-FollowerState] INFO  server.RaftServer$Division (RaftServerImpl.java:setRole(299)) - om1@group-C5BA1605619E: changes role from  FOLLOWER to CANDIDATE at term 0 for changeToCandidate
2022-05-22 15:39:38,278 [om1@group-C5BA1605619E-FollowerState] INFO  server.RaftServerConfigKeys (ConfUtils.java:logGet(46)) - raft.server.leaderelection.pre-vote = false (custom)
2022-05-22 15:39:38,278 [om1@group-C5BA1605619E-FollowerState] INFO  impl.RoleInfo (RoleInfo.java:updateAndGet(139)) - om1: start om1@group-C5BA1605619E-LeaderElection98
2022-05-22 15:39:38,280 [Listener at 127.0.0.1/35617] INFO  server.XceiverServerGrpc (XceiverServerGrpc.java:<init>(132)) - GrpcServer channel type EpollServerSocketChannel
2022-05-22 15:39:38,283 [ReplicationMonitor] INFO  replication.LegacyReplicationManager (LegacyReplicationManager.java:handleUnderReplicatedContainer(1092)) - Container #1 is under replicated. Expected replica count is 3, but found 2.
2022-05-22 15:39:38,283 [ReplicationMonitor] INFO  replication.LegacyReplicationManager (LegacyReplicationManager.java:sendReplicateCommand(1446)) - Sending replicate container command for container #1 to datanode 1f7078f4-dbb5-4e18-aa32-e400d80d84d6{ip: 10.1.0.29, host: fv-az40-114.rqf5bxgtie1u1lrk4cuotvq0td.cx.internal.cloudapp.net, ports: [REPLICATION=37671, RATIS=40765, RATIS_ADMIN=40765, RATIS_SERVER=40765, STANDALONE=41783], networkLocation: /default-rack, certSerialId: null, persistedOpState: IN_SERVICE, persistedOpStateExpiryEpochSec: 0} from datanodes [08ac937e-b58d-450f-91a6-f5a9f9c5f3b7{ip: 10.1.0.29, host: fv-az40-114.rqf5bxgtie1u1lrk4cuotvq0td.cx.internal.cloudapp.net, ports: [REPLICATION=40897, RATIS=34341, RATIS_ADMIN=34341, RATIS_SERVER=34341, STANDALONE=32867], networkLocation: /default-rack, certSerialId: null, persistedOpState: IN_SERVICE, persistedOpStateExpiryEpochSec: 0}, 4c6f2adb-38a1-426c-b706-7d3e145904df{ip: 10.1.0.29, host: fv-az40-114.rqf5bxgtie1u1lrk4cuotvq0td.cx.internal.cloudapp.net, ports: [REPLICATION=33061, RATIS=45801, RATIS_ADMIN=45801, RATIS_SERVER=45801, STANDALONE=37005], networkLocation: /default-rack, certSerialId: null, persistedOpState: IN_SERVICE, persistedOpStateExpiryEpochSec: 0}]
2022-05-22 15:39:38,283 [ReplicationMonitor] INFO  replication.LegacyReplicationManager (LegacyReplicationManager.java:handleUnderReplicatedContainer(1092)) - Container #2 is under replicated. Expected replica count is 3, but found 2.
2022-05-22 15:39:38,283 [ReplicationMonitor] INFO  replication.LegacyReplicationManager (LegacyReplicationManager.java:sendReplicateCommand(1446)) - Sending replicate container command for container #2 to datanode 168572c2-1126-43c1-a852-56a66dfae082{ip: 10.1.0.29, host: fv-az40-114.rqf5bxgtie1u1lrk4cuotvq0td.cx.internal.cloudapp.net, ports: [REPLICATION=45765, RATIS=40535, RATIS_ADMIN=40535, RATIS_SERVER=40535, STANDALONE=33739], networkLocation: /default-rack, certSerialId: null, persistedOpState: IN_SERVICE, persistedOpStateExpiryEpochSec: 0} from datanodes [4c6f2adb-38a1-426c-b706-7d3e145904df{ip: 10.1.0.29, host: fv-az40-114.rqf5bxgtie1u1lrk4cuotvq0td.cx.internal.cloudapp.net, ports: [REPLICATION=33061, RATIS=45801, RATIS_ADMIN=45801, RATIS_SERVER=45801, STANDALONE=37005], networkLocation: /default-rack, certSerialId: null, persistedOpState: IN_SERVICE, persistedOpStateExpiryEpochSec: 0}, 08ac937e-b58d-450f-91a6-f5a9f9c5f3b7{ip: 10.1.0.29, host: fv-az40-114.rqf5bxgtie1u1lrk4cuotvq0td.cx.internal.cloudapp.net, ports: [REPLICATION=40897, RATIS=34341, RATIS_ADMIN=34341, RATIS_SERVER=34341, STANDALONE=32867], networkLocation: /default-rack, certSerialId: null, persistedOpState: IN_SERVICE, persistedOpStateExpiryEpochSec: 0}]
2022-05-22 15:39:38,283 [ReplicationMonitor] INFO  replication.LegacyReplicationManager (LegacyReplicationManager.java:handleUnderReplicatedContainer(1092)) - Container #3 is under replicated. Expected replica count is 3, but found 2.
2022-05-22 15:39:38,283 [ReplicationMonitor] INFO  replication.LegacyReplicationManager (LegacyReplicationManager.java:sendReplicateCommand(1446)) - Sending replicate container command for container #3 to datanode 168572c2-1126-43c1-a852-56a66dfae082{ip: 10.1.0.29, host: fv-az40-114.rqf5bxgtie1u1lrk4cuotvq0td.cx.internal.cloudapp.net, ports: [REPLICATION=45765, RATIS=40535, RATIS_ADMIN=40535, RATIS_SERVER=40535, STANDALONE=33739], networkLocation: /default-rack, certSerialId: null, persistedOpState: IN_SERVICE, persistedOpStateExpiryEpochSec: 0} from datanodes [08ac937e-b58d-450f-91a6-f5a9f9c5f3b7{ip: 10.1.0.29, host: fv-az40-114.rqf5bxgtie1u1lrk4cuotvq0td.cx.internal.cloudapp.net, ports: [REPLICATION=40897, RATIS=34341, RATIS_ADMIN=34341, RATIS_SERVER=34341, STANDALONE=32867], networkLocation: /default-rack, certSerialId: null, persistedOpState: IN_SERVICE, persistedOpStateExpiryEpochSec: 0}, 1f7078f4-dbb5-4e18-aa32-e400d80d84d6{ip: 10.1.0.29, host: fv-az40-114.rqf5bxgtie1u1lrk4cuotvq0td.cx.internal.cloudapp.net, ports: [REPLICATION=37671, RATIS=40765, RATIS_ADMIN=40765, RATIS_SERVER=40765, STANDALONE=41783], networkLocation: /default-rack, certSerialId: null, persistedOpState: IN_SERVICE, persistedOpStateExpiryEpochSec: 0}]
2022-05-22 15:39:38,283 [ReplicationMonitor] INFO  replication.LegacyReplicationManager (LegacyReplicationManager.java:sendCloseCommand(1408)) - Sending close container command for container #4 to datanode 4c6f2adb-38a1-426c-b706-7d3e145904df{ip: 10.1.0.29, host: fv-az40-114.rqf5bxgtie1u1lrk4cuotvq0td.cx.internal.cloudapp.net, ports: [REPLICATION=33061, RATIS=45801, RATIS_ADMIN=45801, RATIS_SERVER=45801, STANDALONE=37005], networkLocation: /default-rack, certSerialId: null, persistedOpState: IN_SERVICE, persistedOpStateExpiryEpochSec: 0}.
2022-05-22 15:39:38,283 [ReplicationMonitor] INFO  replication.LegacyReplicationManager (LegacyReplicationManager.java:sendCloseCommand(1408)) - Sending close container command for container #4 to datanode 168572c2-1126-43c1-a852-56a66dfae082{ip: 10.1.0.29, host: fv-az40-114.rqf5bxgtie1u1lrk4cuotvq0td.cx.internal.cloudapp.net, ports: [REPLICATION=45765, RATIS=40535, RATIS_ADMIN=40535, RATIS_SERVER=40535, STANDALONE=33739], networkLocation: /default-rack, certSerialId: null, persistedOpState: IN_SERVICE, persistedOpStateExpiryEpochSec: 0}.
2022-05-22 15:39:38,283 [ReplicationMonitor] INFO  replication.LegacyReplicationManager (LegacyReplicationManager.java:sendCloseCommand(1408)) - Sending close container command for container #5 to datanode 168572c2-1126-43c1-a852-56a66dfae082{ip: 10.1.0.29, host: fv-az40-114.rqf5bxgtie1u1lrk4cuotvq0td.cx.internal.cloudapp.net, ports: [REPLICATION=45765, RATIS=40535, RATIS_ADMIN=40535, RATIS_SERVER=40535, STANDALONE=33739], networkLocation: /default-rack, certSerialId: null, persistedOpState: IN_SERVICE, persistedOpStateExpiryEpochSec: 0}.
2022-05-22 15:39:38,283 [ReplicationMonitor] INFO  replication.LegacyReplicationManager (LegacyReplicationManager.java:sendCloseCommand(1408)) - Sending close container command for container #5 to datanode 4c6f2adb-38a1-426c-b706-7d3e145904df{ip: 10.1.0.29, host: fv-az40-114.rqf5bxgtie1u1lrk4cuotvq0td.cx.internal.cloudapp.net, ports: [REPLICATION=33061, RATIS=45801, RATIS_ADMIN=45801, RATIS_SERVER=45801, STANDALONE=37005], networkLocation: /default-rack, certSerialId: null, persistedOpState: IN_SERVICE, persistedOpStateExpiryEpochSec: 0}.
2022-05-22 15:39:38,283 [ReplicationMonitor] INFO  replication.LegacyReplicationManager (LegacyReplicationManager.java:sendCloseCommand(1408)) - Sending close container command for container #6 to datanode 4c6f2adb-38a1-426c-b706-7d3e145904df{ip: 10.1.0.29, host: fv-az40-114.rqf5bxgtie1u1lrk4cuotvq0td.cx.internal.cloudapp.net, ports: [REPLICATION=33061, RATIS=45801, RATIS_ADMIN=45801, RATIS_SERVER=45801, STANDALONE=37005], networkLocation: /default-rack, certSerialId: null, persistedOpState: IN_SERVICE, persistedOpStateExpiryEpochSec: 0}.
2022-05-22 15:39:38,283 [ReplicationMonitor] INFO  replication.LegacyReplicationManager (LegacyReplicationManager.java:sendCloseCommand(1408)) - Sending close container command for container #6 to datanode 168572c2-1126-43c1-a852-56a66dfae082{ip: 10.1.0.29, host: fv-az40-114.rqf5bxgtie1u1lrk4cuotvq0td.cx.internal.cloudapp.net, ports: [REPLICATION=45765, RATIS=40535, RATIS_ADMIN=40535, RATIS_SERVER=40535, STANDALONE=33739], networkLocation: /default-rack, certSerialId: null, persistedOpState: IN_SERVICE, persistedOpStateExpiryEpochSec: 0}.
2022-05-22 15:39:38,283 [ReplicationMonitor] INFO  replication.ReplicationManager (ReplicationManager.java:processAll(249)) - Replication Monitor Thread took 1 milliseconds for processing 6 containers.
2022-05-22 15:39:38,293 [EventQueue-PipelineReportForPipelineReportHandler] INFO  pipeline.PipelineReportHandler (PipelineReportHandler.java:processPipelineReport(113)) - Reported pipeline PipelineID=3a6493db-8475-4cdd-ad23-dd7657b3c8b0 is not found
2022-05-22 15:39:38,343 [ReplicationMonitor] INFO  replication.ReplicationManager (ReplicationManager.java:processAll(249)) - Replication Monitor Thread took 0 milliseconds for processing 6 containers.
2022-05-22 15:39:38,353 [Command processor thread] INFO  server.RaftServer (RaftServerProxy.java:remove(107)) - 4c6f2adb-38a1-426c-b706-7d3e145904df: remove  FOLLOWER 4c6f2adb-38a1-426c-b706-7d3e145904df@group-9C5526FCBF79:t1, leader=638d573d-e935-44db-a072-277320ec0492, voted=638d573d-e935-44db-a072-277320ec0492, raftlog=4c6f2adb-38a1-426c-b706-7d3e145904df@group-9C5526FCBF79-SegmentedRaftLog:OPENED:c22, conf=0: [638d573d-e935-44db-a072-277320ec0492|rpc:10.1.0.29:33727|dataStream:|priority:1, 168572c2-1126-43c1-a852-56a66dfae082|rpc:10.1.0.29:40535|dataStream:|priority:0, 4c6f2adb-38a1-426c-b706-7d3e145904df|rpc:10.1.0.29:45801|dataStream:|priority:0], old=null RUNNING
2022-05-22 15:39:38,353 [Command processor thread] INFO  server.RaftServer$Division (RaftServerImpl.java:lambda$close$4(434)) - 4c6f2adb-38a1-426c-b706-7d3e145904df@group-9C5526FCBF79: shutdown
2022-05-22 15:39:38,353 [Command processor thread] INFO  util.JmxRegister (JmxRegister.java:unregister(73)) - Successfully un-registered JMX Bean with object name Ratis:service=RaftServer,group=group-9C5526FCBF79,id=4c6f2adb-38a1-426c-b706-7d3e145904df
2022-05-22 15:39:38,353 [Command processor thread] INFO  impl.RoleInfo (RoleInfo.java:shutdownFollowerState(110)) - 4c6f2adb-38a1-426c-b706-7d3e145904df: shutdown 4c6f2adb-38a1-426c-b706-7d3e145904df@group-9C5526FCBF79-FollowerState
2022-05-22 15:39:38,370 [Command processor thread] INFO  impl.StateMachineUpdater (StateMachineUpdater.java:stopAndJoin(153)) - 4c6f2adb-38a1-426c-b706-7d3e145904df@group-9C5526FCBF79-StateMachineUpdater: set stopIndex = 22
2022-05-22 15:39:38,370 [4c6f2adb-38a1-426c-b706-7d3e145904df@group-9C5526FCBF79-StateMachineUpdater] INFO  ratis.ContainerStateMachine (ContainerStateMachine.java:takeSnapshot(304)) - group-9C5526FCBF79: Taking a snapshot at:(t:1, i:22) file /home/runner/work/ozone/ozone/hadoop-ozone/integration-test/target/test-dir/MiniOzoneClusterImpl-74245488-23af-454c-b831-a0955758354f/datanode-5/data/ratis/1872f68b-7983-4036-a5d6-9c5526fcbf79/sm/snapshot.1_22
2022-05-22 15:39:38,372 [4c6f2adb-38a1-426c-b706-7d3e145904df@group-9C5526FCBF79-StateMachineUpdater] INFO  ratis.ContainerStateMachine (ContainerStateMachine.java:takeSnapshot(315)) - group-9C5526FCBF79: Finished taking a snapshot at:(t:1, i:22) file:/home/runner/work/ozone/ozone/hadoop-ozone/integration-test/target/test-dir/MiniOzoneClusterImpl-74245488-23af-454c-b831-a0955758354f/datanode-5/data/ratis/1872f68b-7983-4036-a5d6-9c5526fcbf79/sm/snapshot.1_22 took: 2 ms
2022-05-22 15:39:38,373 [4c6f2adb-38a1-426c-b706-7d3e145904df@group-9C5526FCBF79-StateMachineUpdater] INFO  impl.StateMachineUpdater (StateMachineUpdater.java:takeSnapshot(287)) - 4c6f2adb-38a1-426c-b706-7d3e145904df@group-9C5526FCBF79-StateMachineUpdater: Took a snapshot at index 22
2022-05-22 15:39:38,373 [4c6f2adb-38a1-426c-b706-7d3e145904df@group-9C5526FCBF79-StateMachineUpdater] INFO  impl.StateMachineUpdater (StateMachineUpdater.java:lambda$new$0(92)) - 4c6f2adb-38a1-426c-b706-7d3e145904df@group-9C5526FCBF79-StateMachineUpdater: snapshotIndex: updateIncreasingly -1 -> 22
2022-05-22 15:39:38,374 [Command processor thread] INFO  server.RaftServer$Division (ServerState.java:close(429)) - 4c6f2adb-38a1-426c-b706-7d3e145904df@group-9C5526FCBF79: closes. applyIndex: 22
2022-05-22 15:39:38,374 [4c6f2adb-38a1-426c-b706-7d3e145904df@group-9C5526FCBF79-SegmentedRaftLogWorker] INFO  segmented.SegmentedRaftLogWorker (SegmentedRaftLogWorker.java:run(336)) - 4c6f2adb-38a1-426c-b706-7d3e145904df@group-9C5526FCBF79-SegmentedRaftLogWorker was interrupted, exiting. There are 0 tasks remaining in the queue.
2022-05-22 15:39:38,375 [Command processor thread] INFO  segmented.SegmentedRaftLogWorker (SegmentedRaftLogWorker.java:close(246)) - 4c6f2adb-38a1-426c-b706-7d3e145904df@group-9C5526FCBF79-SegmentedRaftLogWorker close()
2022-05-22 15:39:38,381 [om1@group-C5BA1605619E-LeaderElection98] INFO  impl.LeaderElection (LeaderElection.java:askForVotes(310)) - om1@group-C5BA1605619E-LeaderElection98 ELECTION round 0: submit vote requests at term 1 for -1: [om1|rpc:localhost:46813|priority:0], old=null
2022-05-22 15:39:38,381 [om1@group-C5BA1605619E-LeaderElection98] INFO  impl.LeaderElection (LeaderElection.java:askForVotes(312)) - om1@group-C5BA1605619E-LeaderElection98 ELECTION round 0: result PASSED (term=1)
2022-05-22 15:39:38,381 [om1@group-C5BA1605619E-LeaderElection98] INFO  impl.RoleInfo (RoleInfo.java:shutdownLeaderElection(130)) - om1: shutdown om1@group-C5BA1605619E-LeaderElection98
2022-05-22 15:39:38,381 [om1@group-C5BA1605619E-LeaderElection98] INFO  server.RaftServer$Division (RaftServerImpl.java:setRole(299)) - om1@group-C5BA1605619E: changes role from CANDIDATE to LEADER at term 1 for changeToLeader
2022-05-22 15:39:38,382 [om1@group-C5BA1605619E-LeaderElection98] INFO  server.RaftServer$Division (ServerState.java:setLeader(287)) - om1@group-C5BA1605619E: change Leader from null to om1 at term 1 for becomeLeader, leader elected after 3880ms
2022-05-22 15:39:38,382 [om1@group-C5BA1605619E-LeaderElection98] INFO  server.RaftServerConfigKeys (ConfUtils.java:logGet(46)) - raft.server.staging.catchup.gap = 1000 (default)
2022-05-22 15:39:38,382 [om1@group-C5BA1605619E-LeaderElection98] INFO  server.RaftServerConfigKeys (ConfUtils.java:logGet(46)) - raft.server.write.element-limit = 4096 (default)
2022-05-22 15:39:38,382 [om1@group-C5BA1605619E-LeaderElection98] INFO  server.RaftServerConfigKeys (ConfUtils.java:logGet(46)) - raft.server.write.byte-limit = 64MB (=67108864) (default)
2022-05-22 15:39:38,382 [om1@group-C5BA1605619E-LeaderElection98] INFO  server.RaftServerConfigKeys (ConfUtils.java:logGet(46)) - raft.server.watch.timeout = 10s (default)
2022-05-22 15:39:38,382 [om1@group-C5BA1605619E-LeaderElection98] INFO  server.RaftServerConfigKeys (ConfUtils.java:logGet(46)) - raft.server.watch.timeout.denomination = 1s (default)
2022-05-22 15:39:38,382 [om1@group-C5BA1605619E-LeaderElection98] INFO  server.RaftServerConfigKeys (ConfUtils.java:logGet(46)) - raft.server.watch.element-limit = 65536 (default)
2022-05-22 15:39:38,382 [om1@group-C5BA1605619E-LeaderElection98] INFO  server.RaftServerConfigKeys (ConfUtils.java:logGet(46)) - raft.server.write.element-limit = 4096 (default)
2022-05-22 15:39:38,383 [om1@group-C5BA1605619E-LeaderElection98] INFO  server.RaftServerConfigKeys (ConfUtils.java:logGet(46)) - raft.server.write.follower.gap.ratio.max = -1.0 (default)
2022-05-22 15:39:38,383 [om1@group-C5BA1605619E-LeaderElection98] INFO  impl.RoleInfo (RoleInfo.java:updateAndGet(139)) - om1: start om1@group-C5BA1605619E-LeaderStateImpl
2022-05-22 15:39:38,383 [om1@group-C5BA1605619E-LeaderElection98] INFO  segmented.SegmentedRaftLogWorker (SegmentedRaftLogWorker.java:startLogSegment(425)) - om1@group-C5BA1605619E-SegmentedRaftLogWorker: Starting segment from index:0
2022-05-22 15:39:38,391 [4c6f2adb-38a1-426c-b706-7d3e145904df@group-9C5526FCBF79-FollowerState] INFO  impl.FollowerState (FollowerState.java:run(152)) - 4c6f2adb-38a1-426c-b706-7d3e145904df@group-9C5526FCBF79-FollowerState was interrupted
2022-05-22 15:39:38,391 [Listener at 127.0.0.1/35617] INFO  http.BaseHttpServer (BaseHttpServer.java:newHttpServer2BuilderForOzone(209)) - Starting Web-server for hddsDatanode at: http://0.0.0.0:0
2022-05-22 15:39:38,391 [Listener at 127.0.0.1/35617] INFO  http.BaseHttpServer (BaseHttpServer.java:<init>(107)) - Hadoop Security Enabled: false Ozone Security Enabled: false Ozone HTTP Security Enabled: false 
2022-05-22 15:39:38,396 [om1@group-C5BA1605619E-SegmentedRaftLogWorker] INFO  segmented.SegmentedRaftLogWorker (SegmentedRaftLogWorker.java:execute(629)) - om1@group-C5BA1605619E-SegmentedRaftLogWorker: created new log segment /home/runner/work/ozone/ozone/hadoop-ozone/integration-test/target/test-dir/MiniOzoneClusterImpl-07002df4-d7c2-4b84-9ed5-c026518b775a/ozone-meta/ratis/bf265839-605b-3f16-9796-c5ba1605619e/current/log_inprogress_0
2022-05-22 15:39:38,396 [om1@group-C5BA1605619E-LeaderElection98] INFO  server.RaftServer$Division (ServerState.java:setRaftConf(393)) - om1@group-C5BA1605619E: set configuration 0: [om1|rpc:localhost:46813|admin:|client:|dataStream:|priority:0], old=null
2022-05-22 15:39:38,403 [Listener at 127.0.0.1/35617] INFO  server.AuthenticationFilter (AuthenticationFilter.java:constructSecretProvider(240)) - Unable to initialize FileSignerSecretProvider, falling back to use random secrets.
2022-05-22 15:39:38,418 [Command processor thread] INFO  keyvalue.KeyValueContainer (KeyValueContainer.java:flushAndSyncDB(427)) - Container 4 is synced with bcsId 12.
2022-05-22 15:39:38,418 [Command processor thread] INFO  keyvalue.KeyValueContainer (KeyValueContainer.java:flushAndSyncDB(427)) - Container 4 is synced with bcsId 12.
2022-05-22 15:39:38,425 [Listener at 127.0.0.1/35617] WARN  http.HttpRequestLog (HttpRequestLog.java:getRequestLog(103)) - Jetty request log can only be enabled using Log4j
2022-05-22 15:39:38,425 [Listener at 127.0.0.1/35617] INFO  http.HttpServer2 (HttpServer2.java:addGlobalFilter(1030)) - Added global filter 'safety' (class=org.apache.hadoop.hdds.server.http.HttpServer2$QuotingInputFilter)
2022-05-22 15:39:38,426 [Listener at 127.0.0.1/35617] INFO  http.HttpServer2 (HttpServer2.java:addFilter(1006)) - Added filter static_user_filter (class=org.apache.hadoop.http.lib.StaticUserWebFilter$StaticUserFilter) to context hddsDatanode
2022-05-22 15:39:38,426 [Listener at 127.0.0.1/35617] INFO  http.HttpServer2 (HttpServer2.java:addFilter(1014)) - Added filter static_user_filter (class=org.apache.hadoop.http.lib.StaticUserWebFilter$StaticUserFilter) to context static
2022-05-22 15:39:38,426 [Listener at 127.0.0.1/35617] INFO  http.HttpServer2 (HttpServer2.java:addFilter(1014)) - Added filter static_user_filter (class=org.apache.hadoop.http.lib.StaticUserWebFilter$StaticUserFilter) to context logs
2022-05-22 15:39:38,426 [Listener at 127.0.0.1/35617] INFO  http.HttpServer2 (HttpServer2.java:bindListener(1249)) - Jetty bound to port 40773
2022-05-22 15:39:38,426 [Listener at 127.0.0.1/35617] INFO  server.Server (Server.java:doStart(375)) - jetty-9.4.43.v20210629; built: 2021-06-30T11:07:22.254Z; git: 526006ecfa3af7f1a27ef3a288e2bef7ea9dd7e8; jvm 1.8.0_332-b09
2022-05-22 15:39:38,448 [Listener at 127.0.0.1/35617] INFO  server.session (DefaultSessionIdManager.java:doStart(334)) - DefaultSessionIdManager workerName=node0
2022-05-22 15:39:38,448 [Listener at 127.0.0.1/35617] INFO  server.session (DefaultSessionIdManager.java:doStart(339)) - No SessionScavenger set, using defaults
2022-05-22 15:39:38,448 [Listener at 127.0.0.1/35617] INFO  server.session (HouseKeeper.java:startScavenging(132)) - node0 Scavenging every 660000ms
2022-05-22 15:39:38,449 [Listener at 127.0.0.1/35617] INFO  handler.ContextHandler (ContextHandler.java:doStart(915)) - Started o.e.j.s.ServletContextHandler@6b4ec002{logs,/logs,file:///home/runner/work/ozone/ozone/hadoop-ozone/integration-test/target/log,AVAILABLE}
2022-05-22 15:39:38,449 [Listener at 127.0.0.1/35617] INFO  handler.ContextHandler (ContextHandler.java:doStart(915)) - Started o.e.j.s.ServletContextHandler@35421c09{static,/static,jar:file:/home/runner/.m2/repository/org/apache/ozone/hdds-container-service/1.3.0-SNAPSHOT/hdds-container-service-1.3.0-SNAPSHOT.jar!/webapps/static,AVAILABLE}
2022-05-22 15:39:38,470 [EventQueue-PipelineReportForPipelineReportHandler] INFO  pipeline.PipelineReportHandler (PipelineReportHandler.java:processPipelineReport(113)) - Reported pipeline PipelineID=1872f68b-7983-4036-a5d6-9c5526fcbf79 is not found
2022-05-22 15:39:38,471 [EventQueue-PipelineReportForPipelineReportHandler] INFO  pipeline.PipelineReportHandler (PipelineReportHandler.java:processPipelineReport(113)) - Reported pipeline PipelineID=3a6493db-8475-4cdd-ad23-dd7657b3c8b0 is not found
2022-05-22 15:39:38,490 [FixedThreadPoolWithAffinityExecutor-0-0] INFO  container.ContainerReportHandler (AbstractContainerReportHandler.java:updateContainerState(281)) - Moving container #4 to QUASI_CLOSED state, datanode 4c6f2adb-38a1-426c-b706-7d3e145904df{ip: 10.1.0.29, host: fv-az40-114.rqf5bxgtie1u1lrk4cuotvq0td.cx.internal.cloudapp.net, ports: [REPLICATION=33061, RATIS=45801, RATIS_ADMIN=45801, RATIS_SERVER=45801, STANDALONE=37005], networkLocation: /default-rack, certSerialId: null, persistedOpState: IN_SERVICE, persistedOpStateExpiryEpochSec: 0} reported QUASI_CLOSED replica.
2022-05-22 15:39:38,492 [om1@group-C5BA1605619E-StateMachineUpdater] INFO  ratis.OzoneManagerStateMachine (OzoneManagerStateMachine.java:notifyConfigurationChanged(191)) - Received Configuration change notification from Ratis. New Peer list:
[id: "om1"
address: "localhost:46813"
]
2022-05-22 15:39:38,668 [Command processor thread] INFO  keyvalue.KeyValueContainer (KeyValueContainer.java:flushAndSyncDB(427)) - Container 5 is synced with bcsId 16.
2022-05-22 15:39:38,668 [Command processor thread] INFO  keyvalue.KeyValueContainer (KeyValueContainer.java:flushAndSyncDB(427)) - Container 5 is synced with bcsId 16.
2022-05-22 15:39:38,686 [FixedThreadPoolWithAffinityExecutor-8-0] INFO  container.IncrementalContainerReportHandler (AbstractContainerReportHandler.java:updateContainerState(281)) - Moving container #5 to QUASI_CLOSED state, datanode 4c6f2adb-38a1-426c-b706-7d3e145904df{ip: 10.1.0.29, host: fv-az40-114.rqf5bxgtie1u1lrk4cuotvq0td.cx.internal.cloudapp.net, ports: [REPLICATION=33061, RATIS=45801, RATIS_ADMIN=45801, RATIS_SERVER=45801, STANDALONE=37005], networkLocation: /default-rack, certSerialId: null, persistedOpState: IN_SERVICE, persistedOpStateExpiryEpochSec: 0} reported QUASI_CLOSED replica.
2022-05-22 15:39:38,795 [Command processor thread] INFO  keyvalue.KeyValueContainer (KeyValueContainer.java:flushAndSyncDB(427)) - Container 6 is synced with bcsId 20.
2022-05-22 15:39:38,796 [Command processor thread] INFO  keyvalue.KeyValueContainer (KeyValueContainer.java:flushAndSyncDB(427)) - Container 6 is synced with bcsId 20.
2022-05-22 15:39:38,810 [FixedThreadPoolWithAffinityExecutor-9-0] INFO  container.IncrementalContainerReportHandler (AbstractContainerReportHandler.java:updateContainerState(281)) - Moving container #6 to QUASI_CLOSED state, datanode 4c6f2adb-38a1-426c-b706-7d3e145904df{ip: 10.1.0.29, host: fv-az40-114.rqf5bxgtie1u1lrk4cuotvq0td.cx.internal.cloudapp.net, ports: [REPLICATION=33061, RATIS=45801, RATIS_ADMIN=45801, RATIS_SERVER=45801, STANDALONE=37005], networkLocation: /default-rack, certSerialId: null, persistedOpState: IN_SERVICE, persistedOpStateExpiryEpochSec: 0} reported QUASI_CLOSED replica.
2022-05-22 15:39:38,811 [Command processor thread] INFO  server.RaftServer$Division (RaftServerImpl.java:groupRemove(404)) - 4c6f2adb-38a1-426c-b706-7d3e145904df@group-9C5526FCBF79: Succeed to remove RaftStorageDirectory Storage Directory /home/runner/work/ozone/ozone/hadoop-ozone/integration-test/target/test-dir/MiniOzoneClusterImpl-74245488-23af-454c-b831-a0955758354f/datanode-5/data/ratis/1872f68b-7983-4036-a5d6-9c5526fcbf79
2022-05-22 15:39:38,811 [Command processor thread] INFO  commandhandler.ClosePipelineCommandHandler (ClosePipelineCommandHandler.java:handle(78)) - Close Pipeline PipelineID=1872f68b-7983-4036-a5d6-9c5526fcbf79 command on datanode 4c6f2adb-38a1-426c-b706-7d3e145904df.
2022-05-22 15:39:38,920 [ReplicationMonitor] INFO  replication.ReplicationManager (ReplicationManager.java:processAll(249)) - Replication Monitor Thread took 0 milliseconds for processing 0 containers.
2022-05-22 15:39:39,142 [Listener at 127.0.0.1/35617] INFO  handler.ContextHandler (ContextHandler.java:doStart(915)) - Started o.e.j.w.WebAppContext@63119129{hddsDatanode,/,file:///tmp/jetty-0_0_0_0-40773-hdds-container-service-1_3_0-SNAPSHOT_jar-_-any-1173866289478129187/webapp/,AVAILABLE}{jar:file:/home/runner/.m2/repository/org/apache/ozone/hdds-container-service/1.3.0-SNAPSHOT/hdds-container-service-1.3.0-SNAPSHOT.jar!/webapps/hddsDatanode}
2022-05-22 15:39:39,195 [Command processor thread] INFO  server.RaftServer (RaftServerProxy.java:remove(107)) - 168572c2-1126-43c1-a852-56a66dfae082: remove  FOLLOWER 168572c2-1126-43c1-a852-56a66dfae082@group-9C5526FCBF79:t1, leader=638d573d-e935-44db-a072-277320ec0492, voted=168572c2-1126-43c1-a852-56a66dfae082, raftlog=168572c2-1126-43c1-a852-56a66dfae082@group-9C5526FCBF79-SegmentedRaftLog:OPENED:c22, conf=0: [638d573d-e935-44db-a072-277320ec0492|rpc:10.1.0.29:33727|dataStream:|priority:1, 168572c2-1126-43c1-a852-56a66dfae082|rpc:10.1.0.29:40535|dataStream:|priority:0, 4c6f2adb-38a1-426c-b706-7d3e145904df|rpc:10.1.0.29:45801|dataStream:|priority:0], old=null RUNNING
2022-05-22 15:39:39,196 [Command processor thread] INFO  server.RaftServer$Division (RaftServerImpl.java:lambda$close$4(434)) - 168572c2-1126-43c1-a852-56a66dfae082@group-9C5526FCBF79: shutdown
2022-05-22 15:39:39,196 [Command processor thread] INFO  util.JmxRegister (JmxRegister.java:unregister(73)) - Successfully un-registered JMX Bean with object name Ratis:service=RaftServer,group=group-9C5526FCBF79,id=168572c2-1126-43c1-a852-56a66dfae082
2022-05-22 15:39:39,196 [Command processor thread] INFO  impl.RoleInfo (RoleInfo.java:shutdownFollowerState(110)) - 168572c2-1126-43c1-a852-56a66dfae082: shutdown 168572c2-1126-43c1-a852-56a66dfae082@group-9C5526FCBF79-FollowerState
2022-05-22 15:39:39,198 [EventQueue-PipelineReportForPipelineReportHandler] INFO  pipeline.PipelineReportHandler (PipelineReportHandler.java:processPipelineReport(113)) - Reported pipeline PipelineID=1872f68b-7983-4036-a5d6-9c5526fcbf79 is not found
2022-05-22 15:39:39,207 [Command processor thread] INFO  impl.StateMachineUpdater (StateMachineUpdater.java:stopAndJoin(153)) - 168572c2-1126-43c1-a852-56a66dfae082@group-9C5526FCBF79-StateMachineUpdater: set stopIndex = 22
2022-05-22 15:39:39,207 [168572c2-1126-43c1-a852-56a66dfae082@group-9C5526FCBF79-FollowerState] INFO  impl.FollowerState (FollowerState.java:run(152)) - 168572c2-1126-43c1-a852-56a66dfae082@group-9C5526FCBF79-FollowerState was interrupted
2022-05-22 15:39:39,207 [168572c2-1126-43c1-a852-56a66dfae082@group-9C5526FCBF79-StateMachineUpdater] INFO  ratis.ContainerStateMachine (ContainerStateMachine.java:takeSnapshot(304)) - group-9C5526FCBF79: Taking a snapshot at:(t:1, i:22) file /home/runner/work/ozone/ozone/hadoop-ozone/integration-test/target/test-dir/MiniOzoneClusterImpl-74245488-23af-454c-b831-a0955758354f/datanode-4/data/ratis/1872f68b-7983-4036-a5d6-9c5526fcbf79/sm/snapshot.1_22
2022-05-22 15:39:39,209 [168572c2-1126-43c1-a852-56a66dfae082@group-9C5526FCBF79-StateMachineUpdater] INFO  ratis.ContainerStateMachine (ContainerStateMachine.java:takeSnapshot(315)) - group-9C5526FCBF79: Finished taking a snapshot at:(t:1, i:22) file:/home/runner/work/ozone/ozone/hadoop-ozone/integration-test/target/test-dir/MiniOzoneClusterImpl-74245488-23af-454c-b831-a0955758354f/datanode-4/data/ratis/1872f68b-7983-4036-a5d6-9c5526fcbf79/sm/snapshot.1_22 took: 2 ms
2022-05-22 15:39:39,209 [168572c2-1126-43c1-a852-56a66dfae082@group-9C5526FCBF79-StateMachineUpdater] INFO  impl.StateMachineUpdater (StateMachineUpdater.java:takeSnapshot(287)) - 168572c2-1126-43c1-a852-56a66dfae082@group-9C5526FCBF79-StateMachineUpdater: Took a snapshot at index 22
2022-05-22 15:39:39,209 [168572c2-1126-43c1-a852-56a66dfae082@group-9C5526FCBF79-StateMachineUpdater] INFO  impl.StateMachineUpdater (StateMachineUpdater.java:lambda$new$0(92)) - 168572c2-1126-43c1-a852-56a66dfae082@group-9C5526FCBF79-StateMachineUpdater: snapshotIndex: updateIncreasingly -1 -> 22
2022-05-22 15:39:39,217 [ReplicationMonitor] INFO  replication.ReplicationManager (ReplicationManager.java:processAll(228)) - Replication Manager is not ready to run until 3000ms after safemode exit
2022-05-22 15:39:39,222 [Listener at 127.0.0.1/35617] INFO  server.AbstractConnector (AbstractConnector.java:doStart(331)) - Started ServerConnector@c1df48d{HTTP/1.1, (http/1.1)}{0.0.0.0:40773}
2022-05-22 15:39:39,222 [Listener at 127.0.0.1/35617] INFO  server.Server (Server.java:doStart(415)) - Started @178602ms
2022-05-22 15:39:39,222 [Listener at 127.0.0.1/35617] WARN  impl.MetricsSystemImpl (MetricsSystemImpl.java:register(279)) - Sink prometheus already exists!
2022-05-22 15:39:39,223 [Listener at 127.0.0.1/35617] INFO  http.BaseHttpServer (BaseHttpServer.java:updateConnectorAddress(329)) - HTTP server of hddsDatanode listening at http://0.0.0.0:40773
2022-05-22 15:39:39,262 [Command processor thread] INFO  server.RaftServer$Division (ServerState.java:close(429)) - 168572c2-1126-43c1-a852-56a66dfae082@group-9C5526FCBF79: closes. applyIndex: 22
2022-05-22 15:39:39,262 [168572c2-1126-43c1-a852-56a66dfae082@group-9C5526FCBF79-SegmentedRaftLogWorker] INFO  segmented.SegmentedRaftLogWorker (SegmentedRaftLogWorker.java:run(336)) - 168572c2-1126-43c1-a852-56a66dfae082@group-9C5526FCBF79-SegmentedRaftLogWorker was interrupted, exiting. There are 0 tasks remaining in the queue.
2022-05-22 15:39:39,262 [Command processor thread] INFO  segmented.SegmentedRaftLogWorker (SegmentedRaftLogWorker.java:close(246)) - 168572c2-1126-43c1-a852-56a66dfae082@group-9C5526FCBF79-SegmentedRaftLogWorker close()
2022-05-22 15:39:39,284 [ReplicationMonitor] INFO  replication.LegacyReplicationManager (LegacyReplicationManager.java:handleUnderReplicatedContainer(1092)) - Container #4 is under replicated. Expected replica count is 3, but found 2.
2022-05-22 15:39:39,284 [ReplicationMonitor] INFO  replication.LegacyReplicationManager (LegacyReplicationManager.java:sendReplicateCommand(1446)) - Sending replicate container command for container #4 to datanode 1f7078f4-dbb5-4e18-aa32-e400d80d84d6{ip: 10.1.0.29, host: fv-az40-114.rqf5bxgtie1u1lrk4cuotvq0td.cx.internal.cloudapp.net, ports: [REPLICATION=37671, RATIS=40765, RATIS_ADMIN=40765, RATIS_SERVER=40765, STANDALONE=41783], networkLocation: /default-rack, certSerialId: null, persistedOpState: IN_SERVICE, persistedOpStateExpiryEpochSec: 0} from datanodes [4c6f2adb-38a1-426c-b706-7d3e145904df{ip: 10.1.0.29, host: fv-az40-114.rqf5bxgtie1u1lrk4cuotvq0td.cx.internal.cloudapp.net, ports: [REPLICATION=33061, RATIS=45801, RATIS_ADMIN=45801, RATIS_SERVER=45801, STANDALONE=37005], networkLocation: /default-rack, certSerialId: null, persistedOpState: IN_SERVICE, persistedOpStateExpiryEpochSec: 0}]
2022-05-22 15:39:39,284 [ReplicationMonitor] INFO  replication.LegacyReplicationManager (LegacyReplicationManager.java:handleUnderReplicatedContainer(1092)) - Container #5 is under replicated. Expected replica count is 3, but found 2.
2022-05-22 15:39:39,284 [ReplicationMonitor] INFO  replication.LegacyReplicationManager (LegacyReplicationManager.java:sendReplicateCommand(1446)) - Sending replicate container command for container #5 to datanode 08ac937e-b58d-450f-91a6-f5a9f9c5f3b7{ip: 10.1.0.29, host: fv-az40-114.rqf5bxgtie1u1lrk4cuotvq0td.cx.internal.cloudapp.net, ports: [REPLICATION=40897, RATIS=34341, RATIS_ADMIN=34341, RATIS_SERVER=34341, STANDALONE=32867], networkLocation: /default-rack, certSerialId: null, persistedOpState: IN_SERVICE, persistedOpStateExpiryEpochSec: 0} from datanodes [4c6f2adb-38a1-426c-b706-7d3e145904df{ip: 10.1.0.29, host: fv-az40-114.rqf5bxgtie1u1lrk4cuotvq0td.cx.internal.cloudapp.net, ports: [REPLICATION=33061, RATIS=45801, RATIS_ADMIN=45801, RATIS_SERVER=45801, STANDALONE=37005], networkLocation: /default-rack, certSerialId: null, persistedOpState: IN_SERVICE, persistedOpStateExpiryEpochSec: 0}]
2022-05-22 15:39:39,284 [ReplicationMonitor] INFO  replication.LegacyReplicationManager (LegacyReplicationManager.java:handleUnderReplicatedContainer(1092)) - Container #6 is under replicated. Expected replica count is 3, but found 2.
2022-05-22 15:39:39,284 [ReplicationMonitor] INFO  replication.LegacyReplicationManager (LegacyReplicationManager.java:sendReplicateCommand(1446)) - Sending replicate container command for container #6 to datanode 08ac937e-b58d-450f-91a6-f5a9f9c5f3b7{ip: 10.1.0.29, host: fv-az40-114.rqf5bxgtie1u1lrk4cuotvq0td.cx.internal.cloudapp.net, ports: [REPLICATION=40897, RATIS=34341, RATIS_ADMIN=34341, RATIS_SERVER=34341, STANDALONE=32867], networkLocation: /default-rack, certSerialId: null, persistedOpState: IN_SERVICE, persistedOpStateExpiryEpochSec: 0} from datanodes [4c6f2adb-38a1-426c-b706-7d3e145904df{ip: 10.1.0.29, host: fv-az40-114.rqf5bxgtie1u1lrk4cuotvq0td.cx.internal.cloudapp.net, ports: [REPLICATION=33061, RATIS=45801, RATIS_ADMIN=45801, RATIS_SERVER=45801, STANDALONE=37005], networkLocation: /default-rack, certSerialId: null, persistedOpState: IN_SERVICE, persistedOpStateExpiryEpochSec: 0}]
2022-05-22 15:39:39,284 [ReplicationMonitor] INFO  replication.ReplicationManager (ReplicationManager.java:processAll(249)) - Replication Monitor Thread took 1 milliseconds for processing 6 containers.
2022-05-22 15:39:39,292 [EventQueue-PipelineReportForPipelineReportHandler] INFO  pipeline.PipelineReportHandler (PipelineReportHandler.java:processPipelineReport(113)) - Reported pipeline PipelineID=3a6493db-8475-4cdd-ad23-dd7657b3c8b0 is not found
2022-05-22 15:39:39,295 [Listener at 127.0.0.1/35617] WARN  impl.MetricRegistriesImpl (MetricRegistriesImpl.java:addReporterRegistration(111)) - New reporters are added after registries were created. Some metrics will be missing from the reporter. Please add reporter before adding any new registry.
2022-05-22 15:39:39,296 [Listener at 127.0.0.1/35617] WARN  impl.MetricRegistriesImpl (MetricRegistriesImpl.java:addReporterRegistration(111)) - New reporters are added after registries were created. Some metrics will be missing from the reporter. Please add reporter before adding any new registry.
2022-05-22 15:39:39,296 [Listener at 127.0.0.1/35617] INFO  impl.MetricsSystemImpl (MetricsSystemImpl.java:init(158)) - HddsDatanode metrics system started (again)
2022-05-22 15:39:39,316 [Datanode State Machine Daemon Thread] INFO  statemachine.DatanodeStateMachine (DatanodeStateMachine.java:lambda$startDaemon$0(481)) - Ozone container server started.
2022-05-22 15:39:39,323 [Listener at 127.0.0.1/35617] INFO  ozone.HddsDatanodeService (HddsDatanodeService.java:start(236)) - HddsDatanodeService host:fv-az40-114.rqf5bxgtie1u1lrk4cuotvq0td.cx.internal.cloudapp.net ip:10.1.0.29
2022-05-22 15:39:39,343 [ReplicationMonitor] INFO  replication.ReplicationManager (ReplicationManager.java:processAll(249)) - Replication Monitor Thread took 0 milliseconds for processing 6 containers.
2022-05-22 15:39:39,400 [org.apache.hadoop.util.JvmPauseMonitor$Monitor@282a4aea] INFO  util.JvmPauseMonitor (JvmPauseMonitor.java:run(188)) - Starting JVM pause monitor
2022-05-22 15:39:39,404 [EventQueue-PipelineReportForPipelineReportHandler] INFO  pipeline.PipelineReportHandler (PipelineReportHandler.java:processPipelineReport(113)) - Reported pipeline PipelineID=3a6493db-8475-4cdd-ad23-dd7657b3c8b0 is not found
2022-05-22 15:39:39,414 [Datanode State Machine Task Thread - 0] INFO  datanode.InitDatanodeState (InitDatanodeState.java:persistContainerDatanodeDetails(138)) - DatanodeDetails is persisted to /home/runner/work/ozone/ozone/hadoop-ozone/integration-test/target/test-dir/MiniOzoneClusterImpl-07002df4-d7c2-4b84-9ed5-c026518b775a/datanode-0/meta/datanode.id
2022-05-22 15:39:39,431 [Command processor thread] INFO  keyvalue.KeyValueContainer (KeyValueContainer.java:flushAndSyncDB(427)) - Container 4 is synced with bcsId 12.
2022-05-22 15:39:39,431 [Command processor thread] INFO  keyvalue.KeyValueContainer (KeyValueContainer.java:flushAndSyncDB(427)) - Container 4 is synced with bcsId 12.
2022-05-22 15:39:39,433 [Listener at 127.0.0.1/35617] INFO  upgrade.AbstractLayoutVersionManager (AbstractLayoutVersionManager.java:init(79)) - Initializing Layout version manager with metadata layout = ERASURE_CODED_STORAGE_SUPPORT (version = 3), software layout = ERASURE_CODED_STORAGE_SUPPORT (version = 3)
2022-05-22 15:39:39,538 [Mini-Cluster-Provider-Reap] INFO  utils.BackgroundService (BackgroundService.java:shutdown(132)) - Shutting down service BlockDeletingService
2022-05-22 15:39:39,559 [Command processor thread] INFO  keyvalue.KeyValueContainer (KeyValueContainer.java:flushAndSyncDB(427)) - Container 5 is synced with bcsId 16.
2022-05-22 15:39:39,559 [Command processor thread] INFO  keyvalue.KeyValueContainer (KeyValueContainer.java:flushAndSyncDB(427)) - Container 5 is synced with bcsId 16.
2022-05-22 15:39:39,701 [Command processor thread] INFO  keyvalue.KeyValueContainer (KeyValueContainer.java:flushAndSyncDB(427)) - Container 6 is synced with bcsId 20.
2022-05-22 15:39:39,702 [Command processor thread] INFO  keyvalue.KeyValueContainer (KeyValueContainer.java:flushAndSyncDB(427)) - Container 6 is synced with bcsId 20.
2022-05-22 15:39:39,732 [Command processor thread] INFO  server.RaftServer$Division (RaftServerImpl.java:groupRemove(404)) - 168572c2-1126-43c1-a852-56a66dfae082@group-9C5526FCBF79: Succeed to remove RaftStorageDirectory Storage Directory /home/runner/work/ozone/ozone/hadoop-ozone/integration-test/target/test-dir/MiniOzoneClusterImpl-74245488-23af-454c-b831-a0955758354f/datanode-4/data/ratis/1872f68b-7983-4036-a5d6-9c5526fcbf79
2022-05-22 15:39:39,732 [Command processor thread] INFO  commandhandler.ClosePipelineCommandHandler (ClosePipelineCommandHandler.java:handle(78)) - Close Pipeline PipelineID=1872f68b-7983-4036-a5d6-9c5526fcbf79 command on datanode 168572c2-1126-43c1-a852-56a66dfae082.
2022-05-22 15:39:39,733 [ContainerReplicationThread-0] INFO  replication.DownloadAndImportReplicator (DownloadAndImportReplicator.java:replicate(105)) - Starting replication of container 2 from [4c6f2adb-38a1-426c-b706-7d3e145904df{ip: 10.1.0.29, host: fv-az40-114.rqf5bxgtie1u1lrk4cuotvq0td.cx.internal.cloudapp.net, ports: [REPLICATION=33061, RATIS=45801, RATIS_ADMIN=45801, RATIS_SERVER=45801, STANDALONE=37005], networkLocation: /default-rack, certSerialId: null, persistedOpState: IN_SERVICE, persistedOpStateExpiryEpochSec: 0}, 08ac937e-b58d-450f-91a6-f5a9f9c5f3b7{ip: 10.1.0.29, host: fv-az40-114.rqf5bxgtie1u1lrk4cuotvq0td.cx.internal.cloudapp.net, ports: [REPLICATION=40897, RATIS=34341, RATIS_ADMIN=34341, RATIS_SERVER=34341, STANDALONE=32867], networkLocation: /default-rack, certSerialId: null, persistedOpState: IN_SERVICE, persistedOpStateExpiryEpochSec: 0}]
2022-05-22 15:39:39,734 [ContainerReplicationThread-1] INFO  replication.DownloadAndImportReplicator (DownloadAndImportReplicator.java:replicate(105)) - Starting replication of container 3 from [08ac937e-b58d-450f-91a6-f5a9f9c5f3b7{ip: 10.1.0.29, host: fv-az40-114.rqf5bxgtie1u1lrk4cuotvq0td.cx.internal.cloudapp.net, ports: [REPLICATION=40897, RATIS=34341, RATIS_ADMIN=34341, RATIS_SERVER=34341, STANDALONE=32867], networkLocation: /default-rack, certSerialId: null, persistedOpState: IN_SERVICE, persistedOpStateExpiryEpochSec: 0}, 1f7078f4-dbb5-4e18-aa32-e400d80d84d6{ip: 10.1.0.29, host: fv-az40-114.rqf5bxgtie1u1lrk4cuotvq0td.cx.internal.cloudapp.net, ports: [REPLICATION=37671, RATIS=40765, RATIS_ADMIN=40765, RATIS_SERVER=40765, STANDALONE=41783], networkLocation: /default-rack, certSerialId: null, persistedOpState: IN_SERVICE, persistedOpStateExpiryEpochSec: 0}]
2022-05-22 15:39:39,736 [ForkJoinPool.commonPool-worker-0] INFO  utils.BackgroundService (BackgroundService.java:shutdown(132)) - Shutting down service BlockDeletingService
2022-05-22 15:39:39,827 [grpc-default-executor-4] INFO  replication.GrpcReplicationService (GrpcReplicationService.java:download(52)) - Streaming container data (3) to other datanode
2022-05-22 15:39:39,832 [grpc-default-executor-3] INFO  replication.GrpcReplicationService (GrpcReplicationService.java:download(52)) - Streaming container data (2) to other datanode
2022-05-22 15:39:39,914 [Listener at 127.0.0.1/35617] INFO  reflections.Reflections (Reflections.java:scan(232)) - Reflections took 480 ms to scan 7 urls, producing 127 keys and 292 values 
2022-05-22 15:39:39,915 [Listener at 127.0.0.1/35617] INFO  statemachine.DatanodeStateMachine (DatanodeStateMachine.java:getEndPointTaskThreadPoolSize(233)) - Datanode State Machine Task Thread Pool size 2
2022-05-22 15:39:39,920 [ReplicationMonitor] INFO  replication.ReplicationManager (ReplicationManager.java:processAll(249)) - Replication Monitor Thread took 0 milliseconds for processing 0 containers.
2022-05-22 15:39:40,016 [Listener at 127.0.0.1/35617] INFO  volume.HddsVolume (HddsVolume.java:<init>(120)) - Creating HddsVolume: /home/runner/work/ozone/ozone/hadoop-ozone/integration-test/target/test-dir/MiniOzoneClusterImpl-07002df4-d7c2-4b84-9ed5-c026518b775a/datanode-1/data-0/containers/hdds of storage type : DISK capacity : 9223372036854775807
2022-05-22 15:39:40,016 [Listener at 127.0.0.1/35617] INFO  volume.MutableVolumeSet (MutableVolumeSet.java:initializeVolumeSet(168)) - Added Volume : /home/runner/work/ozone/ozone/hadoop-ozone/integration-test/target/test-dir/MiniOzoneClusterImpl-07002df4-d7c2-4b84-9ed5-c026518b775a/datanode-1/data-0/containers/hdds to VolumeSet
2022-05-22 15:39:40,016 [Listener at 127.0.0.1/35617] INFO  volume.ThrottledAsyncChecker (ThrottledAsyncChecker.java:schedule(141)) - Scheduling a check for /home/runner/work/ozone/ozone/hadoop-ozone/integration-test/target/test-dir/MiniOzoneClusterImpl-07002df4-d7c2-4b84-9ed5-c026518b775a/datanode-1/data-0/containers/hdds
2022-05-22 15:39:40,020 [grpc-default-executor-3] INFO  replication.GrpcOutputStream (GrpcOutputStream.java:close(104)) - Sent 25827 bytes for container 2
2022-05-22 15:39:40,021 [grpc-default-executor-4] INFO  replication.GrpcOutputStream (GrpcOutputStream.java:close(104)) - Sent 25807 bytes for container 3
2022-05-22 15:39:40,044 [Listener at 127.0.0.1/35617] INFO  volume.StorageVolumeChecker (StorageVolumeChecker.java:checkAllVolumes(202)) - Scheduled health check for volume /home/runner/work/ozone/ozone/hadoop-ozone/integration-test/target/test-dir/MiniOzoneClusterImpl-07002df4-d7c2-4b84-9ed5-c026518b775a/datanode-1/data-0/containers/hdds
2022-05-22 15:39:40,074 [Listener at 127.0.0.1/35617] INFO  volume.MutableVolumeSet (MutableVolumeSet.java:initializeVolumeSet(168)) - Added Volume : /home/runner/work/ozone/ozone/hadoop-ozone/integration-test/target/test-dir/MiniOzoneClusterImpl-07002df4-d7c2-4b84-9ed5-c026518b775a/datanode-1/data/ratis to VolumeSet
2022-05-22 15:39:40,074 [Listener at 127.0.0.1/35617] INFO  volume.ThrottledAsyncChecker (ThrottledAsyncChecker.java:schedule(141)) - Scheduling a check for /home/runner/work/ozone/ozone/hadoop-ozone/integration-test/target/test-dir/MiniOzoneClusterImpl-07002df4-d7c2-4b84-9ed5-c026518b775a/datanode-1/data/ratis
2022-05-22 15:39:40,082 [grpc-default-executor-0] INFO  replication.GrpcReplicationClient (GrpcReplicationClient.java:onCompleted(197)) - Container 3 is downloaded to /home/runner/work/ozone/ozone/hadoop-ozone/integration-test/target/test-dir/MiniOzoneClusterImpl-74245488-23af-454c-b831-a0955758354f/datanode-4/data/replication/work/container-3.tar.gz
2022-05-22 15:39:40,083 [grpc-default-executor-4] INFO  replication.GrpcReplicationClient (GrpcReplicationClient.java:onCompleted(197)) - Container 2 is downloaded to /home/runner/work/ozone/ozone/hadoop-ozone/integration-test/target/test-dir/MiniOzoneClusterImpl-74245488-23af-454c-b831-a0955758354f/datanode-4/data/replication/work/container-2.tar.gz
2022-05-22 15:39:40,083 [ContainerReplicationThread-1] INFO  replication.DownloadAndImportReplicator (DownloadAndImportReplicator.java:replicate(117)) - Container 3 is downloaded with size 25807, starting to import.
2022-05-22 15:39:40,085 [ContainerReplicationThread-0] INFO  replication.DownloadAndImportReplicator (DownloadAndImportReplicator.java:replicate(117)) - Container 2 is downloaded with size 25827, starting to import.
2022-05-22 15:39:40,132 [Listener at 127.0.0.1/35617] INFO  volume.StorageVolumeChecker (StorageVolumeChecker.java:checkAllVolumes(202)) - Scheduled health check for volume /home/runner/work/ozone/ozone/hadoop-ozone/integration-test/target/test-dir/MiniOzoneClusterImpl-07002df4-d7c2-4b84-9ed5-c026518b775a/datanode-1/data/ratis
2022-05-22 15:39:40,160 [Thread-3628] INFO  ozoneimpl.ContainerReader (ContainerReader.java:readVolume(172)) - Finish verifying containers on volume /home/runner/work/ozone/ozone/hadoop-ozone/integration-test/target/test-dir/MiniOzoneClusterImpl-07002df4-d7c2-4b84-9ed5-c026518b775a/datanode-1/data-0/containers/hdds
2022-05-22 15:39:40,160 [Listener at 127.0.0.1/35617] INFO  ozoneimpl.OzoneContainer (OzoneContainer.java:buildContainerSet(257)) - Build ContainerSet costs 0s
2022-05-22 15:39:40,162 [Listener at 127.0.0.1/35617] INFO  server.RaftServer (ConfUtils.java:logGet(46)) - raft.rpc.type = GRPC (default)
2022-05-22 15:39:40,162 [Listener at 127.0.0.1/35617] INFO  grpc.GrpcFactory (GrpcFactory.java:checkPooledByteBufAllocatorUseCacheForAllThreads(48)) - PERFORMANCE WARNING: useCacheForAllThreads is true that may cause Netty to create a lot garbage objects and, as a result, trigger GC.
	It is recommended to disable useCacheForAllThreads by setting -Dorg.apache.ratis.thirdparty.io.netty.allocator.useCacheForAllThreads=false in command line.
2022-05-22 15:39:40,162 [Listener at 127.0.0.1/35617] INFO  grpc.GrpcConfigKeys (ConfUtils.java:logGet(46)) - raft.grpc.admin.port = 0 (custom)
2022-05-22 15:39:40,162 [Listener at 127.0.0.1/35617] INFO  grpc.GrpcConfigKeys (ConfUtils.java:logGet(46)) - raft.grpc.client.port = 0 (custom)
2022-05-22 15:39:40,162 [Listener at 127.0.0.1/35617] INFO  grpc.GrpcConfigKeys (ConfUtils.java:logGet(46)) - raft.grpc.server.port = 0 (default)
2022-05-22 15:39:40,162 [Listener at 127.0.0.1/35617] INFO  server.GrpcService (ConfUtils.java:logGet(46)) - raft.grpc.message.size.max = 32MB (=33554432) (custom)
2022-05-22 15:39:40,162 [Listener at 127.0.0.1/35617] INFO  server.RaftServerConfigKeys (ConfUtils.java:logGet(46)) - raft.server.log.appender.buffer.byte-limit = 33554432 (custom)
2022-05-22 15:39:40,162 [Listener at 127.0.0.1/35617] INFO  server.GrpcService (ConfUtils.java:logGet(46)) - raft.grpc.flow.control.window = 5MB (=5242880) (custom)
2022-05-22 15:39:40,162 [Listener at 127.0.0.1/35617] INFO  server.RaftServerConfigKeys (ConfUtils.java:logGet(46)) - raft.server.rpc.request.timeout = 60s (custom)
2022-05-22 15:39:40,162 [Listener at 127.0.0.1/35617] INFO  grpc.GrpcConfigKeys (ConfUtils.java:logGet(46)) - raft.grpc.server.async.request.thread.pool.cached = true (default)
2022-05-22 15:39:40,162 [Listener at 127.0.0.1/35617] INFO  grpc.GrpcConfigKeys (ConfUtils.java:logGet(46)) - raft.grpc.server.async.request.thread.pool.size = 32 (default)
2022-05-22 15:39:40,165 [Listener at 127.0.0.1/35617] INFO  impl.DataStreamServerImpl (ConfUtils.java:logGet(46)) - raft.datastream.type = DISABLED (default)
2022-05-22 15:39:40,165 [Listener at 127.0.0.1/35617] INFO  server.RaftServerConfigKeys (ConfUtils.java:logGet(46)) - raft.server.threadpool.proxy.cached = true (default)
2022-05-22 15:39:40,165 [Listener at 127.0.0.1/35617] INFO  server.RaftServerConfigKeys (ConfUtils.java:logGet(46)) - raft.server.threadpool.proxy.size = 0 (default)
2022-05-22 15:39:40,165 [Listener at 127.0.0.1/35617] INFO  server.RaftServerConfigKeys (ConfUtils.java:logGet(46)) - raft.server.rpc.slowness.timeout = 300s (custom)
2022-05-22 15:39:40,165 [Listener at 127.0.0.1/35617] INFO  server.RaftServerConfigKeys (ConfUtils.java:logGet(46)) - raft.server.leaderelection.leader.step-down.wait-time = 10s (default)
2022-05-22 15:39:40,166 [Listener at 127.0.0.1/35617] INFO  server.RaftServerConfigKeys (ConfUtils.java:logGet(46)) - raft.server.storage.dir = [/home/runner/work/ozone/ozone/hadoop-ozone/integration-test/target/test-dir/MiniOzoneClusterImpl-07002df4-d7c2-4b84-9ed5-c026518b775a/datanode-1/data/ratis] (custom)
2022-05-22 15:39:40,167 [Listener at 127.0.0.1/35617] INFO  server.XceiverServerGrpc (XceiverServerGrpc.java:<init>(132)) - GrpcServer channel type EpollServerSocketChannel
2022-05-22 15:39:40,184 [Listener at 127.0.0.1/35617] INFO  http.BaseHttpServer (BaseHttpServer.java:newHttpServer2BuilderForOzone(209)) - Starting Web-server for hddsDatanode at: http://0.0.0.0:0
2022-05-22 15:39:40,184 [Listener at 127.0.0.1/35617] INFO  http.BaseHttpServer (BaseHttpServer.java:<init>(107)) - Hadoop Security Enabled: false Ozone Security Enabled: false Ozone HTTP Security Enabled: false 
2022-05-22 15:39:40,185 [Listener at 127.0.0.1/35617] INFO  server.AuthenticationFilter (AuthenticationFilter.java:constructSecretProvider(240)) - Unable to initialize FileSignerSecretProvider, falling back to use random secrets.
2022-05-22 15:39:40,217 [ReplicationMonitor] INFO  replication.ReplicationManager (ReplicationManager.java:processAll(228)) - Replication Manager is not ready to run until 3000ms after safemode exit
2022-05-22 15:39:40,223 [Listener at 127.0.0.1/35617] WARN  http.HttpRequestLog (HttpRequestLog.java:getRequestLog(103)) - Jetty request log can only be enabled using Log4j
2022-05-22 15:39:40,223 [Listener at 127.0.0.1/35617] INFO  http.HttpServer2 (HttpServer2.java:addGlobalFilter(1030)) - Added global filter 'safety' (class=org.apache.hadoop.hdds.server.http.HttpServer2$QuotingInputFilter)
2022-05-22 15:39:40,224 [Listener at 127.0.0.1/35617] INFO  http.HttpServer2 (HttpServer2.java:addFilter(1006)) - Added filter static_user_filter (class=org.apache.hadoop.http.lib.StaticUserWebFilter$StaticUserFilter) to context hddsDatanode
2022-05-22 15:39:40,224 [Listener at 127.0.0.1/35617] INFO  http.HttpServer2 (HttpServer2.java:addFilter(1014)) - Added filter static_user_filter (class=org.apache.hadoop.http.lib.StaticUserWebFilter$StaticUserFilter) to context logs
2022-05-22 15:39:40,224 [Listener at 127.0.0.1/35617] INFO  http.HttpServer2 (HttpServer2.java:addFilter(1014)) - Added filter static_user_filter (class=org.apache.hadoop.http.lib.StaticUserWebFilter$StaticUserFilter) to context static
2022-05-22 15:39:40,224 [Listener at 127.0.0.1/35617] INFO  http.HttpServer2 (HttpServer2.java:bindListener(1249)) - Jetty bound to port 45141
2022-05-22 15:39:40,224 [Listener at 127.0.0.1/35617] INFO  server.Server (Server.java:doStart(375)) - jetty-9.4.43.v20210629; built: 2021-06-30T11:07:22.254Z; git: 526006ecfa3af7f1a27ef3a288e2bef7ea9dd7e8; jvm 1.8.0_332-b09
2022-05-22 15:39:40,278 [Listener at 127.0.0.1/35617] INFO  server.session (DefaultSessionIdManager.java:doStart(334)) - DefaultSessionIdManager workerName=node0
2022-05-22 15:39:40,278 [Listener at 127.0.0.1/35617] INFO  server.session (DefaultSessionIdManager.java:doStart(339)) - No SessionScavenger set, using defaults
2022-05-22 15:39:40,278 [Listener at 127.0.0.1/35617] INFO  server.session (HouseKeeper.java:startScavenging(132)) - node0 Scavenging every 660000ms
2022-05-22 15:39:40,279 [Listener at 127.0.0.1/35617] INFO  handler.ContextHandler (ContextHandler.java:doStart(915)) - Started o.e.j.s.ServletContextHandler@50b563a1{logs,/logs,file:///home/runner/work/ozone/ozone/hadoop-ozone/integration-test/target/log,AVAILABLE}
2022-05-22 15:39:40,279 [Listener at 127.0.0.1/35617] INFO  handler.ContextHandler (ContextHandler.java:doStart(915)) - Started o.e.j.s.ServletContextHandler@20c0bec8{static,/static,jar:file:/home/runner/.m2/repository/org/apache/ozone/hdds-container-service/1.3.0-SNAPSHOT/hdds-container-service-1.3.0-SNAPSHOT.jar!/webapps/static,AVAILABLE}
2022-05-22 15:39:40,283 [ContainerReplicationThread-0] INFO  replication.DownloadAndImportReplicator (DownloadAndImportReplicator.java:replicate(122)) - Container 2 is replicated successfully
2022-05-22 15:39:40,283 [ContainerReplicationThread-0] INFO  replication.ReplicationSupervisor (ReplicationSupervisor.java:run(176)) - Container 2 is replicated.
2022-05-22 15:39:40,284 [ContainerReplicationThread-1] INFO  replication.DownloadAndImportReplicator (DownloadAndImportReplicator.java:replicate(122)) - Container 3 is replicated successfully
2022-05-22 15:39:40,284 [ContainerReplicationThread-1] INFO  replication.ReplicationSupervisor (ReplicationSupervisor.java:run(176)) - Container 3 is replicated.
2022-05-22 15:39:40,286 [ReplicationMonitor] INFO  replication.LegacyReplicationManager (LegacyReplicationManager.java:forceCloseContainer(999)) - Force closing container #4 with BCSID 12, which is in QUASI_CLOSED state.
2022-05-22 15:39:40,286 [ReplicationMonitor] INFO  replication.LegacyReplicationManager (LegacyReplicationManager.java:sendCloseCommand(1408)) - Sending close container command for container #4 to datanode 4c6f2adb-38a1-426c-b706-7d3e145904df{ip: 10.1.0.29, host: fv-az40-114.rqf5bxgtie1u1lrk4cuotvq0td.cx.internal.cloudapp.net, ports: [REPLICATION=33061, RATIS=45801, RATIS_ADMIN=45801, RATIS_SERVER=45801, STANDALONE=37005], networkLocation: /default-rack, certSerialId: null, persistedOpState: IN_SERVICE, persistedOpStateExpiryEpochSec: 0}.
2022-05-22 15:39:40,286 [ReplicationMonitor] INFO  replication.LegacyReplicationManager (LegacyReplicationManager.java:sendCloseCommand(1408)) - Sending close container command for container #4 to datanode 168572c2-1126-43c1-a852-56a66dfae082{ip: 10.1.0.29, host: fv-az40-114.rqf5bxgtie1u1lrk4cuotvq0td.cx.internal.cloudapp.net, ports: [REPLICATION=45765, RATIS=40535, RATIS_ADMIN=40535, RATIS_SERVER=40535, STANDALONE=33739], networkLocation: /default-rack, certSerialId: null, persistedOpState: IN_SERVICE, persistedOpStateExpiryEpochSec: 0}.
2022-05-22 15:39:40,286 [ReplicationMonitor] INFO  replication.LegacyReplicationManager (LegacyReplicationManager.java:forceCloseContainer(999)) - Force closing container #5 with BCSID 16, which is in QUASI_CLOSED state.
2022-05-22 15:39:40,287 [ReplicationMonitor] INFO  replication.LegacyReplicationManager (LegacyReplicationManager.java:sendCloseCommand(1408)) - Sending close container command for container #5 to datanode 168572c2-1126-43c1-a852-56a66dfae082{ip: 10.1.0.29, host: fv-az40-114.rqf5bxgtie1u1lrk4cuotvq0td.cx.internal.cloudapp.net, ports: [REPLICATION=45765, RATIS=40535, RATIS_ADMIN=40535, RATIS_SERVER=40535, STANDALONE=33739], networkLocation: /default-rack, certSerialId: null, persistedOpState: IN_SERVICE, persistedOpStateExpiryEpochSec: 0}.
2022-05-22 15:39:40,287 [ReplicationMonitor] INFO  replication.LegacyReplicationManager (LegacyReplicationManager.java:sendCloseCommand(1408)) - Sending close container command for container #5 to datanode 4c6f2adb-38a1-426c-b706-7d3e145904df{ip: 10.1.0.29, host: fv-az40-114.rqf5bxgtie1u1lrk4cuotvq0td.cx.internal.cloudapp.net, ports: [REPLICATION=33061, RATIS=45801, RATIS_ADMIN=45801, RATIS_SERVER=45801, STANDALONE=37005], networkLocation: /default-rack, certSerialId: null, persistedOpState: IN_SERVICE, persistedOpStateExpiryEpochSec: 0}.
2022-05-22 15:39:40,287 [ReplicationMonitor] INFO  replication.LegacyReplicationManager (LegacyReplicationManager.java:forceCloseContainer(999)) - Force closing container #6 with BCSID 20, which is in QUASI_CLOSED state.
2022-05-22 15:39:40,287 [ReplicationMonitor] INFO  replication.LegacyReplicationManager (LegacyReplicationManager.java:sendCloseCommand(1408)) - Sending close container command for container #6 to datanode 4c6f2adb-38a1-426c-b706-7d3e145904df{ip: 10.1.0.29, host: fv-az40-114.rqf5bxgtie1u1lrk4cuotvq0td.cx.internal.cloudapp.net, ports: [REPLICATION=33061, RATIS=45801, RATIS_ADMIN=45801, RATIS_SERVER=45801, STANDALONE=37005], networkLocation: /default-rack, certSerialId: null, persistedOpState: IN_SERVICE, persistedOpStateExpiryEpochSec: 0}.
2022-05-22 15:39:40,287 [ReplicationMonitor] INFO  replication.LegacyReplicationManager (LegacyReplicationManager.java:sendCloseCommand(1408)) - Sending close container command for container #6 to datanode 168572c2-1126-43c1-a852-56a66dfae082{ip: 10.1.0.29, host: fv-az40-114.rqf5bxgtie1u1lrk4cuotvq0td.cx.internal.cloudapp.net, ports: [REPLICATION=45765, RATIS=40535, RATIS_ADMIN=40535, RATIS_SERVER=40535, STANDALONE=33739], networkLocation: /default-rack, certSerialId: null, persistedOpState: IN_SERVICE, persistedOpStateExpiryEpochSec: 0}.
2022-05-22 15:39:40,287 [ReplicationMonitor] INFO  replication.ReplicationManager (ReplicationManager.java:processAll(249)) - Replication Monitor Thread took 1 milliseconds for processing 6 containers.
2022-05-22 15:39:40,291 [Command processor thread] INFO  server.RaftServer (RaftServerProxy.java:remove(107)) - 08ac937e-b58d-450f-91a6-f5a9f9c5f3b7: remove  FOLLOWER 08ac937e-b58d-450f-91a6-f5a9f9c5f3b7@group-DD7657B3C8B0:t1, leader=null, voted=08ac937e-b58d-450f-91a6-f5a9f9c5f3b7, raftlog=08ac937e-b58d-450f-91a6-f5a9f9c5f3b7@group-DD7657B3C8B0-SegmentedRaftLog:OPENED:c-1, conf=-1: [08ac937e-b58d-450f-91a6-f5a9f9c5f3b7|rpc:10.1.0.29:34341|dataStream:|priority:0, 1f7078f4-dbb5-4e18-aa32-e400d80d84d6|rpc:10.1.0.29:40765|dataStream:|priority:1, f037c40c-219b-47c2-8b62-33d646164691|rpc:10.1.0.29:38631|dataStream:|priority:0], old=null RUNNING
2022-05-22 15:39:40,291 [Command processor thread] INFO  server.RaftServer$Division (RaftServerImpl.java:lambda$close$4(434)) - 08ac937e-b58d-450f-91a6-f5a9f9c5f3b7@group-DD7657B3C8B0: shutdown
2022-05-22 15:39:40,291 [Command processor thread] INFO  util.JmxRegister (JmxRegister.java:unregister(73)) - Successfully un-registered JMX Bean with object name Ratis:service=RaftServer,group=group-DD7657B3C8B0,id=08ac937e-b58d-450f-91a6-f5a9f9c5f3b7
2022-05-22 15:39:40,298 [Command processor thread] INFO  impl.RoleInfo (RoleInfo.java:shutdownFollowerState(110)) - 08ac937e-b58d-450f-91a6-f5a9f9c5f3b7: shutdown 08ac937e-b58d-450f-91a6-f5a9f9c5f3b7@group-DD7657B3C8B0-FollowerState
2022-05-22 15:39:40,298 [EventQueue-PipelineReportForPipelineReportHandler] INFO  pipeline.PipelineReportHandler (PipelineReportHandler.java:processPipelineReport(113)) - Reported pipeline PipelineID=3a6493db-8475-4cdd-ad23-dd7657b3c8b0 is not found
2022-05-22 15:39:40,343 [ReplicationMonitor] INFO  replication.ReplicationManager (ReplicationManager.java:processAll(249)) - Replication Monitor Thread took 0 milliseconds for processing 6 containers.
2022-05-22 15:39:40,382 [Command processor thread] INFO  impl.StateMachineUpdater (StateMachineUpdater.java:stopAndJoin(153)) - 08ac937e-b58d-450f-91a6-f5a9f9c5f3b7@group-DD7657B3C8B0-StateMachineUpdater: set stopIndex = -1
2022-05-22 15:39:40,382 [Command processor thread] INFO  server.RaftServer$Division (ServerState.java:close(429)) - 08ac937e-b58d-450f-91a6-f5a9f9c5f3b7@group-DD7657B3C8B0: closes. applyIndex: -1
2022-05-22 15:39:40,400 [08ac937e-b58d-450f-91a6-f5a9f9c5f3b7@group-DD7657B3C8B0-SegmentedRaftLogWorker] INFO  segmented.SegmentedRaftLogWorker (SegmentedRaftLogWorker.java:run(336)) - 08ac937e-b58d-450f-91a6-f5a9f9c5f3b7@group-DD7657B3C8B0-SegmentedRaftLogWorker was interrupted, exiting. There are 0 tasks remaining in the queue.
2022-05-22 15:39:40,400 [Command processor thread] INFO  segmented.SegmentedRaftLogWorker (SegmentedRaftLogWorker.java:close(246)) - 08ac937e-b58d-450f-91a6-f5a9f9c5f3b7@group-DD7657B3C8B0-SegmentedRaftLogWorker close()
2022-05-22 15:39:40,404 [Command processor thread] INFO  server.RaftServer (RaftServerProxy.java:remove(107)) - 1f7078f4-dbb5-4e18-aa32-e400d80d84d6: remove  FOLLOWER 1f7078f4-dbb5-4e18-aa32-e400d80d84d6@group-DD7657B3C8B0:t1, leader=null, voted=1f7078f4-dbb5-4e18-aa32-e400d80d84d6, raftlog=1f7078f4-dbb5-4e18-aa32-e400d80d84d6@group-DD7657B3C8B0-SegmentedRaftLog:OPENED:c-1, conf=-1: [08ac937e-b58d-450f-91a6-f5a9f9c5f3b7|rpc:10.1.0.29:34341|priority:0, 1f7078f4-dbb5-4e18-aa32-e400d80d84d6|rpc:10.1.0.29:40765|priority:1, f037c40c-219b-47c2-8b62-33d646164691|rpc:10.1.0.29:38631|priority:0], old=null RUNNING
2022-05-22 15:39:40,404 [Command processor thread] INFO  server.RaftServer$Division (RaftServerImpl.java:lambda$close$4(434)) - 1f7078f4-dbb5-4e18-aa32-e400d80d84d6@group-DD7657B3C8B0: shutdown
2022-05-22 15:39:40,404 [Command processor thread] INFO  util.JmxRegister (JmxRegister.java:unregister(73)) - Successfully un-registered JMX Bean with object name Ratis:service=RaftServer,group=group-DD7657B3C8B0,id=1f7078f4-dbb5-4e18-aa32-e400d80d84d6
2022-05-22 15:39:40,404 [Command processor thread] INFO  server.RaftServer$Division (RaftServerImpl.java:groupRemove(404)) - 08ac937e-b58d-450f-91a6-f5a9f9c5f3b7@group-DD7657B3C8B0: Succeed to remove RaftStorageDirectory Storage Directory /home/runner/work/ozone/ozone/hadoop-ozone/integration-test/target/test-dir/MiniOzoneClusterImpl-74245488-23af-454c-b831-a0955758354f/datanode-2/data/ratis/3a6493db-8475-4cdd-ad23-dd7657b3c8b0
2022-05-22 15:39:40,404 [Command processor thread] INFO  commandhandler.ClosePipelineCommandHandler (ClosePipelineCommandHandler.java:handle(78)) - Close Pipeline PipelineID=3a6493db-8475-4cdd-ad23-dd7657b3c8b0 command on datanode 08ac937e-b58d-450f-91a6-f5a9f9c5f3b7.
2022-05-22 15:39:40,404 [Command processor thread] INFO  impl.RoleInfo (RoleInfo.java:shutdownFollowerState(110)) - 1f7078f4-dbb5-4e18-aa32-e400d80d84d6: shutdown 1f7078f4-dbb5-4e18-aa32-e400d80d84d6@group-DD7657B3C8B0-FollowerState
2022-05-22 15:39:40,405 [ContainerReplicationThread-0] INFO  replication.DownloadAndImportReplicator (DownloadAndImportReplicator.java:replicate(105)) - Starting replication of container 5 from [4c6f2adb-38a1-426c-b706-7d3e145904df{ip: 10.1.0.29, host: fv-az40-114.rqf5bxgtie1u1lrk4cuotvq0td.cx.internal.cloudapp.net, ports: [REPLICATION=33061, RATIS=45801, RATIS_ADMIN=45801, RATIS_SERVER=45801, STANDALONE=37005], networkLocation: /default-rack, certSerialId: null, persistedOpState: IN_SERVICE, persistedOpStateExpiryEpochSec: 0}]
2022-05-22 15:39:40,407 [ContainerReplicationThread-1] INFO  replication.DownloadAndImportReplicator (DownloadAndImportReplicator.java:replicate(105)) - Starting replication of container 6 from [4c6f2adb-38a1-426c-b706-7d3e145904df{ip: 10.1.0.29, host: fv-az40-114.rqf5bxgtie1u1lrk4cuotvq0td.cx.internal.cloudapp.net, ports: [REPLICATION=33061, RATIS=45801, RATIS_ADMIN=45801, RATIS_SERVER=45801, STANDALONE=37005], networkLocation: /default-rack, certSerialId: null, persistedOpState: IN_SERVICE, persistedOpStateExpiryEpochSec: 0}]
2022-05-22 15:39:40,413 [grpc-default-executor-4] INFO  replication.GrpcReplicationService (GrpcReplicationService.java:download(52)) - Streaming container data (5) to other datanode
2022-05-22 15:39:40,437 [08ac937e-b58d-450f-91a6-f5a9f9c5f3b7@group-DD7657B3C8B0-FollowerState] INFO  impl.FollowerState (FollowerState.java:run(152)) - 08ac937e-b58d-450f-91a6-f5a9f9c5f3b7@group-DD7657B3C8B0-FollowerState was interrupted
2022-05-22 15:39:40,490 [grpc-default-executor-4] INFO  replication.GrpcOutputStream (GrpcOutputStream.java:close(104)) - Sent 20253 bytes for container 5
2022-05-22 15:39:40,495 [grpc-default-executor-0] INFO  replication.GrpcReplicationClient (GrpcReplicationClient.java:onCompleted(197)) - Container 5 is downloaded to /home/runner/work/ozone/ozone/hadoop-ozone/integration-test/target/test-dir/MiniOzoneClusterImpl-74245488-23af-454c-b831-a0955758354f/datanode-2/data/replication/work/container-5.tar.gz
2022-05-22 15:39:40,498 [Command processor thread] INFO  impl.StateMachineUpdater (StateMachineUpdater.java:stopAndJoin(153)) - 1f7078f4-dbb5-4e18-aa32-e400d80d84d6@group-DD7657B3C8B0-StateMachineUpdater: set stopIndex = -1
2022-05-22 15:39:40,498 [ContainerReplicationThread-0] INFO  replication.DownloadAndImportReplicator (DownloadAndImportReplicator.java:replicate(117)) - Container 5 is downloaded with size 20253, starting to import.
2022-05-22 15:39:40,498 [1f7078f4-dbb5-4e18-aa32-e400d80d84d6@group-DD7657B3C8B0-FollowerState] INFO  impl.FollowerState (FollowerState.java:run(152)) - 1f7078f4-dbb5-4e18-aa32-e400d80d84d6@group-DD7657B3C8B0-FollowerState was interrupted
2022-05-22 15:39:40,503 [grpc-default-executor-0] INFO  replication.GrpcReplicationService (GrpcReplicationService.java:download(52)) - Streaming container data (6) to other datanode
2022-05-22 15:39:40,503 [Command processor thread] INFO  server.RaftServer$Division (ServerState.java:close(429)) - 1f7078f4-dbb5-4e18-aa32-e400d80d84d6@group-DD7657B3C8B0: closes. applyIndex: -1
2022-05-22 15:39:40,507 [1f7078f4-dbb5-4e18-aa32-e400d80d84d6@group-DD7657B3C8B0-SegmentedRaftLogWorker] INFO  segmented.SegmentedRaftLogWorker (SegmentedRaftLogWorker.java:run(336)) - 1f7078f4-dbb5-4e18-aa32-e400d80d84d6@group-DD7657B3C8B0-SegmentedRaftLogWorker was interrupted, exiting. There are 0 tasks remaining in the queue.
2022-05-22 15:39:40,507 [Command processor thread] INFO  segmented.SegmentedRaftLogWorker (SegmentedRaftLogWorker.java:close(246)) - 1f7078f4-dbb5-4e18-aa32-e400d80d84d6@group-DD7657B3C8B0-SegmentedRaftLogWorker close()
2022-05-22 15:39:40,539 [grpc-default-executor-0] INFO  replication.GrpcOutputStream (GrpcOutputStream.java:close(104)) - Sent 20106 bytes for container 6
2022-05-22 15:39:40,554 [Command processor thread] INFO  server.RaftServer$Division (RaftServerImpl.java:groupRemove(404)) - 1f7078f4-dbb5-4e18-aa32-e400d80d84d6@group-DD7657B3C8B0: Succeed to remove RaftStorageDirectory Storage Directory /home/runner/work/ozone/ozone/hadoop-ozone/integration-test/target/test-dir/MiniOzoneClusterImpl-74245488-23af-454c-b831-a0955758354f/datanode-0/data/ratis/3a6493db-8475-4cdd-ad23-dd7657b3c8b0
2022-05-22 15:39:40,554 [Command processor thread] INFO  commandhandler.ClosePipelineCommandHandler (ClosePipelineCommandHandler.java:handle(78)) - Close Pipeline PipelineID=3a6493db-8475-4cdd-ad23-dd7657b3c8b0 command on datanode 1f7078f4-dbb5-4e18-aa32-e400d80d84d6.
2022-05-22 15:39:40,555 [grpc-default-executor-0] INFO  replication.GrpcReplicationClient (GrpcReplicationClient.java:onCompleted(197)) - Container 6 is downloaded to /home/runner/work/ozone/ozone/hadoop-ozone/integration-test/target/test-dir/MiniOzoneClusterImpl-74245488-23af-454c-b831-a0955758354f/datanode-2/data/replication/work/container-6.tar.gz
2022-05-22 15:39:40,556 [ContainerReplicationThread-0] INFO  replication.DownloadAndImportReplicator (DownloadAndImportReplicator.java:replicate(105)) - Starting replication of container 1 from [08ac937e-b58d-450f-91a6-f5a9f9c5f3b7{ip: 10.1.0.29, host: fv-az40-114.rqf5bxgtie1u1lrk4cuotvq0td.cx.internal.cloudapp.net, ports: [REPLICATION=40897, RATIS=34341, RATIS_ADMIN=34341, RATIS_SERVER=34341, STANDALONE=32867], networkLocation: /default-rack, certSerialId: null, persistedOpState: IN_SERVICE, persistedOpStateExpiryEpochSec: 0}, 4c6f2adb-38a1-426c-b706-7d3e145904df{ip: 10.1.0.29, host: fv-az40-114.rqf5bxgtie1u1lrk4cuotvq0td.cx.internal.cloudapp.net, ports: [REPLICATION=33061, RATIS=45801, RATIS_ADMIN=45801, RATIS_SERVER=45801, STANDALONE=37005], networkLocation: /default-rack, certSerialId: null, persistedOpState: IN_SERVICE, persistedOpStateExpiryEpochSec: 0}]
2022-05-22 15:39:40,557 [ContainerReplicationThread-1] INFO  replication.DownloadAndImportReplicator (DownloadAndImportReplicator.java:replicate(105)) - Starting replication of container 4 from [4c6f2adb-38a1-426c-b706-7d3e145904df{ip: 10.1.0.29, host: fv-az40-114.rqf5bxgtie1u1lrk4cuotvq0td.cx.internal.cloudapp.net, ports: [REPLICATION=33061, RATIS=45801, RATIS_ADMIN=45801, RATIS_SERVER=45801, STANDALONE=37005], networkLocation: /default-rack, certSerialId: null, persistedOpState: IN_SERVICE, persistedOpStateExpiryEpochSec: 0}]
2022-05-22 15:39:40,582 [ContainerReplicationThread-1] INFO  replication.DownloadAndImportReplicator (DownloadAndImportReplicator.java:replicate(117)) - Container 6 is downloaded with size 20106, starting to import.
2022-05-22 15:39:40,582 [ContainerReplicationThread-0] INFO  replication.DownloadAndImportReplicator (DownloadAndImportReplicator.java:replicate(122)) - Container 5 is replicated successfully
2022-05-22 15:39:40,582 [ContainerReplicationThread-0] INFO  replication.ReplicationSupervisor (ReplicationSupervisor.java:run(176)) - Container 5 is replicated.
2022-05-22 15:39:40,617 [grpc-default-executor-0] INFO  replication.GrpcReplicationService (GrpcReplicationService.java:download(52)) - Streaming container data (1) to other datanode
2022-05-22 15:39:40,624 [grpc-default-executor-4] INFO  replication.GrpcReplicationService (GrpcReplicationService.java:download(52)) - Streaming container data (4) to other datanode
2022-05-22 15:39:40,631 [grpc-default-executor-4] INFO  replication.GrpcOutputStream (GrpcOutputStream.java:close(104)) - Sent 19575 bytes for container 4
2022-05-22 15:39:40,632 [grpc-default-executor-3] INFO  replication.GrpcReplicationClient (GrpcReplicationClient.java:onCompleted(197)) - Container 4 is downloaded to /home/runner/work/ozone/ozone/hadoop-ozone/integration-test/target/test-dir/MiniOzoneClusterImpl-74245488-23af-454c-b831-a0955758354f/datanode-0/data/replication/work/container-4.tar.gz
2022-05-22 15:39:40,633 [ContainerReplicationThread-1] INFO  replication.DownloadAndImportReplicator (DownloadAndImportReplicator.java:replicate(117)) - Container 4 is downloaded with size 19575, starting to import.
2022-05-22 15:39:40,674 [ContainerReplicationThread-1] INFO  replication.DownloadAndImportReplicator (DownloadAndImportReplicator.java:replicate(122)) - Container 6 is replicated successfully
2022-05-22 15:39:40,674 [ContainerReplicationThread-1] INFO  replication.ReplicationSupervisor (ReplicationSupervisor.java:run(176)) - Container 6 is replicated.
2022-05-22 15:39:40,697 [IPC Server handler 5 on default port 41951] INFO  node.NodeDecommissionManager (NodeDecommissionManager.java:startMaintenance(361)) - Starting Maintenance for node 8e0bf3df-23e6-4bdc-8543-62bd365f1d94{ip: 10.1.0.29, host: fv-az40-114.rqf5bxgtie1u1lrk4cuotvq0td.cx.internal.cloudapp.net, ports: [REPLICATION=33491, RATIS=43719, RATIS_ADMIN=43719, RATIS_SERVER=43719, STANDALONE=38793], networkLocation: /default-rack, certSerialId: null, persistedOpState: IN_SERVICE, persistedOpStateExpiryEpochSec: 0}
2022-05-22 15:39:40,726 [EventQueue-HealthyReadonlyToHealthyNodeForReadOnlyHealthyToHealthyNodeHandler] INFO  node.ReadOnlyHealthyToHealthyNodeHandler (ReadOnlyHealthyToHealthyNodeHandler.java:onMessage(51)) - Datanode 8e0bf3df-23e6-4bdc-8543-62bd365f1d94{ip: 10.1.0.29, host: fv-az40-114.rqf5bxgtie1u1lrk4cuotvq0td.cx.internal.cloudapp.net, ports: [REPLICATION=33491, RATIS=43719, RATIS_ADMIN=43719, RATIS_SERVER=43719, STANDALONE=38793], networkLocation: /default-rack, certSerialId: null, persistedOpState: IN_SERVICE, persistedOpStateExpiryEpochSec: 0} moved to HEALTHY state.
2022-05-22 15:39:40,726 [EventQueue-HealthyReadonlyToHealthyNodeForReadOnlyHealthyToHealthyNodeHandler] INFO  pipeline.BackgroundPipelineCreator (BackgroundPipelineCreator.java:notifyEventTriggered(272)) - trigger a one-shot run on RatisPipelineUtilsThread.
2022-05-22 15:39:40,768 [grpc-default-executor-0] INFO  replication.GrpcOutputStream (GrpcOutputStream.java:close(104)) - Sent 26353 bytes for container 1
2022-05-22 15:39:40,770 [grpc-default-executor-4] INFO  replication.GrpcReplicationClient (GrpcReplicationClient.java:onCompleted(197)) - Container 1 is downloaded to /home/runner/work/ozone/ozone/hadoop-ozone/integration-test/target/test-dir/MiniOzoneClusterImpl-74245488-23af-454c-b831-a0955758354f/datanode-0/data/replication/work/container-1.tar.gz
2022-05-22 15:39:40,770 [ContainerReplicationThread-0] INFO  replication.DownloadAndImportReplicator (DownloadAndImportReplicator.java:replicate(117)) - Container 1 is downloaded with size 26353, starting to import.
2022-05-22 15:39:40,780 [ContainerReplicationThread-1] INFO  replication.DownloadAndImportReplicator (DownloadAndImportReplicator.java:replicate(122)) - Container 4 is replicated successfully
2022-05-22 15:39:40,780 [ContainerReplicationThread-1] INFO  replication.ReplicationSupervisor (ReplicationSupervisor.java:run(176)) - Container 4 is replicated.
2022-05-22 15:39:40,920 [ReplicationMonitor] INFO  replication.ReplicationManager (ReplicationManager.java:processAll(249)) - Replication Monitor Thread took 0 milliseconds for processing 0 containers.
2022-05-22 15:39:40,921 [ContainerReplicationThread-0] INFO  replication.DownloadAndImportReplicator (DownloadAndImportReplicator.java:replicate(122)) - Container 1 is replicated successfully
2022-05-22 15:39:40,921 [ContainerReplicationThread-0] INFO  replication.ReplicationSupervisor (ReplicationSupervisor.java:run(176)) - Container 1 is replicated.
2022-05-22 15:39:41,047 [DatanodeAdminManager-0] INFO  node.DatanodeAdminMonitorImpl (DatanodeAdminMonitorImpl.java:checkPipelinesClosedOnNode(279)) - Waiting for pipelines to close for 8e0bf3df-23e6-4bdc-8543-62bd365f1d94{ip: 10.1.0.29, host: fv-az40-114.rqf5bxgtie1u1lrk4cuotvq0td.cx.internal.cloudapp.net, ports: [REPLICATION=33491, RATIS=43719, RATIS_ADMIN=43719, RATIS_SERVER=43719, STANDALONE=38793], networkLocation: /default-rack, certSerialId: null, persistedOpState: IN_SERVICE, persistedOpStateExpiryEpochSec: 0}. There are 2 pipelines
2022-05-22 15:39:41,048 [DatanodeAdminManager-0] INFO  node.DatanodeAdminMonitorImpl (DatanodeAdminMonitorImpl.java:run(148)) - There are 1 nodes tracked for decommission and maintenance. 0 pending nodes.
2022-05-22 15:39:41,048 [EventQueue-StartAdminOnNodeForStartDatanodeAdminHandler] INFO  node.StartDatanodeAdminHandler (StartDatanodeAdminHandler.java:onMessage(56)) - Admin start on datanode 8e0bf3df-23e6-4bdc-8543-62bd365f1d94{ip: 10.1.0.29, host: fv-az40-114.rqf5bxgtie1u1lrk4cuotvq0td.cx.internal.cloudapp.net, ports: [REPLICATION=33491, RATIS=43719, RATIS_ADMIN=43719, RATIS_SERVER=43719, STANDALONE=38793], networkLocation: /default-rack, certSerialId: null, persistedOpState: IN_SERVICE, persistedOpStateExpiryEpochSec: 0}. Finalizing its pipelines [PipelineID=c1e3d6d9-61d6-4a0f-bf5a-9299862a7268, PipelineID=2a07ae34-c4bd-4b3b-baf2-7c2a91d7f1ae]
2022-05-22 15:39:41,066 [EventQueue-StartAdminOnNodeForStartDatanodeAdminHandler] INFO  pipeline.PipelineManagerImpl (PipelineManagerImpl.java:closeContainersForPipeline(389)) - Container #1 closed for pipeline=PipelineID=c1e3d6d9-61d6-4a0f-bf5a-9299862a7268
2022-05-22 15:39:41,066 [EventQueue-StartAdminOnNodeForStartDatanodeAdminHandler] INFO  pipeline.PipelineManagerImpl (PipelineManagerImpl.java:closeContainersForPipeline(389)) - Container #2 closed for pipeline=PipelineID=c1e3d6d9-61d6-4a0f-bf5a-9299862a7268
2022-05-22 15:39:41,067 [EventQueue-StartAdminOnNodeForStartDatanodeAdminHandler] INFO  pipeline.PipelineManagerImpl (PipelineManagerImpl.java:closeContainersForPipeline(389)) - Container #3 closed for pipeline=PipelineID=c1e3d6d9-61d6-4a0f-bf5a-9299862a7268
2022-05-22 15:39:41,067 [EventQueue-StartAdminOnNodeForStartDatanodeAdminHandler] INFO  pipeline.PipelineManagerImpl (PipelineManagerImpl.java:closePipeline(410)) - Pipeline Pipeline[ Id: c1e3d6d9-61d6-4a0f-bf5a-9299862a7268, Nodes: 8e0bf3df-23e6-4bdc-8543-62bd365f1d94{ip: 10.1.0.29, host: fv-az40-114.rqf5bxgtie1u1lrk4cuotvq0td.cx.internal.cloudapp.net, ports: [REPLICATION=33491, RATIS=43719, RATIS_ADMIN=43719, RATIS_SERVER=43719, STANDALONE=38793], networkLocation: /default-rack, certSerialId: null, persistedOpState: IN_SERVICE, persistedOpStateExpiryEpochSec: 0}5c1f160d-ba7c-4f6c-8b7f-bb182cdf7c3b{ip: 10.1.0.29, host: fv-az40-114.rqf5bxgtie1u1lrk4cuotvq0td.cx.internal.cloudapp.net, ports: [REPLICATION=35723, RATIS=36853, RATIS_ADMIN=36853, RATIS_SERVER=36853, STANDALONE=44411], networkLocation: /default-rack, certSerialId: null, persistedOpState: IN_SERVICE, persistedOpStateExpiryEpochSec: 0}5f1e0514-5409-444d-9702-e6f9cc3ca7ec{ip: 10.1.0.29, host: fv-az40-114.rqf5bxgtie1u1lrk4cuotvq0td.cx.internal.cloudapp.net, ports: [REPLICATION=34843, RATIS=45559, RATIS_ADMIN=45559, RATIS_SERVER=45559, STANDALONE=44461], networkLocation: /default-rack, certSerialId: null, persistedOpState: IN_SERVICE, persistedOpStateExpiryEpochSec: 0}, ReplicationConfig: RATIS/THREE, State:OPEN, leaderId:5c1f160d-ba7c-4f6c-8b7f-bb182cdf7c3b, CreationTimestamp2022-05-22T15:38:10.671Z[Etc/UTC]] moved to CLOSED state
2022-05-22 15:39:41,067 [EventQueue-StartAdminOnNodeForStartDatanodeAdminHandler] INFO  pipeline.RatisPipelineProvider (RatisPipelineProvider.java:lambda$close$1(244)) - Send pipeline:PipelineID=c1e3d6d9-61d6-4a0f-bf5a-9299862a7268 close command to datanode 8e0bf3df-23e6-4bdc-8543-62bd365f1d94
2022-05-22 15:39:41,067 [EventQueue-StartAdminOnNodeForStartDatanodeAdminHandler] INFO  pipeline.RatisPipelineProvider (RatisPipelineProvider.java:lambda$close$1(244)) - Send pipeline:PipelineID=c1e3d6d9-61d6-4a0f-bf5a-9299862a7268 close command to datanode 5c1f160d-ba7c-4f6c-8b7f-bb182cdf7c3b
2022-05-22 15:39:41,069 [EventQueue-StartAdminOnNodeForStartDatanodeAdminHandler] INFO  pipeline.RatisPipelineProvider (RatisPipelineProvider.java:lambda$close$1(244)) - Send pipeline:PipelineID=c1e3d6d9-61d6-4a0f-bf5a-9299862a7268 close command to datanode 5f1e0514-5409-444d-9702-e6f9cc3ca7ec
2022-05-22 15:39:41,114 [EventQueue-CloseContainerForCloseContainerEventHandler] INFO  container.CloseContainerEventHandler (CloseContainerEventHandler.java:onMessage(69)) - Close container Event triggered for container : #1
2022-05-22 15:39:41,120 [EventQueue-StartAdminOnNodeForStartDatanodeAdminHandler] INFO  pipeline.PipelineStateManagerImpl (PipelineStateManagerImpl.java:removePipeline(243)) - Pipeline Pipeline[ Id: c1e3d6d9-61d6-4a0f-bf5a-9299862a7268, Nodes: 8e0bf3df-23e6-4bdc-8543-62bd365f1d94{ip: 10.1.0.29, host: fv-az40-114.rqf5bxgtie1u1lrk4cuotvq0td.cx.internal.cloudapp.net, ports: [REPLICATION=33491, RATIS=43719, RATIS_ADMIN=43719, RATIS_SERVER=43719, STANDALONE=38793], networkLocation: /default-rack, certSerialId: null, persistedOpState: IN_SERVICE, persistedOpStateExpiryEpochSec: 0}5c1f160d-ba7c-4f6c-8b7f-bb182cdf7c3b{ip: 10.1.0.29, host: fv-az40-114.rqf5bxgtie1u1lrk4cuotvq0td.cx.internal.cloudapp.net, ports: [REPLICATION=35723, RATIS=36853, RATIS_ADMIN=36853, RATIS_SERVER=36853, STANDALONE=44411], networkLocation: /default-rack, certSerialId: null, persistedOpState: IN_SERVICE, persistedOpStateExpiryEpochSec: 0}5f1e0514-5409-444d-9702-e6f9cc3ca7ec{ip: 10.1.0.29, host: fv-az40-114.rqf5bxgtie1u1lrk4cuotvq0td.cx.internal.cloudapp.net, ports: [REPLICATION=34843, RATIS=45559, RATIS_ADMIN=45559, RATIS_SERVER=45559, STANDALONE=44461], networkLocation: /default-rack, certSerialId: null, persistedOpState: IN_SERVICE, persistedOpStateExpiryEpochSec: 0}, ReplicationConfig: RATIS/THREE, State:CLOSED, leaderId:5c1f160d-ba7c-4f6c-8b7f-bb182cdf7c3b, CreationTimestamp2022-05-22T15:38:10.671Z[Etc/UTC]] removed.
2022-05-22 15:39:41,120 [EventQueue-StartAdminOnNodeForStartDatanodeAdminHandler] INFO  pipeline.PipelineManagerImpl (PipelineManagerImpl.java:closePipeline(410)) - Pipeline Pipeline[ Id: 2a07ae34-c4bd-4b3b-baf2-7c2a91d7f1ae, Nodes: 8e0bf3df-23e6-4bdc-8543-62bd365f1d94{ip: 10.1.0.29, host: fv-az40-114.rqf5bxgtie1u1lrk4cuotvq0td.cx.internal.cloudapp.net, ports: [REPLICATION=33491, RATIS=43719, RATIS_ADMIN=43719, RATIS_SERVER=43719, STANDALONE=38793], networkLocation: /default-rack, certSerialId: null, persistedOpState: IN_SERVICE, persistedOpStateExpiryEpochSec: 0}, ReplicationConfig: RATIS/ONE, State:OPEN, leaderId:8e0bf3df-23e6-4bdc-8543-62bd365f1d94, CreationTimestamp2022-05-22T15:38:10.670Z[Etc/UTC]] moved to CLOSED state
2022-05-22 15:39:41,120 [EventQueue-StartAdminOnNodeForStartDatanodeAdminHandler] INFO  pipeline.RatisPipelineProvider (RatisPipelineProvider.java:lambda$close$1(244)) - Send pipeline:PipelineID=2a07ae34-c4bd-4b3b-baf2-7c2a91d7f1ae close command to datanode 8e0bf3df-23e6-4bdc-8543-62bd365f1d94
2022-05-22 15:39:41,131 [EventQueue-StartAdminOnNodeForStartDatanodeAdminHandler] INFO  pipeline.PipelineStateManagerImpl (PipelineStateManagerImpl.java:removePipeline(243)) - Pipeline Pipeline[ Id: 2a07ae34-c4bd-4b3b-baf2-7c2a91d7f1ae, Nodes: 8e0bf3df-23e6-4bdc-8543-62bd365f1d94{ip: 10.1.0.29, host: fv-az40-114.rqf5bxgtie1u1lrk4cuotvq0td.cx.internal.cloudapp.net, ports: [REPLICATION=33491, RATIS=43719, RATIS_ADMIN=43719, RATIS_SERVER=43719, STANDALONE=38793], networkLocation: /default-rack, certSerialId: null, persistedOpState: IN_SERVICE, persistedOpStateExpiryEpochSec: 0}, ReplicationConfig: RATIS/ONE, State:CLOSED, leaderId:8e0bf3df-23e6-4bdc-8543-62bd365f1d94, CreationTimestamp2022-05-22T15:38:10.670Z[Etc/UTC]] removed.
2022-05-22 15:39:41,132 [EventQueue-CloseContainerForCloseContainerEventHandler] INFO  container.CloseContainerEventHandler (CloseContainerEventHandler.java:onMessage(69)) - Close container Event triggered for container : #2
2022-05-22 15:39:41,132 [EventQueue-CloseContainerForCloseContainerEventHandler] INFO  container.CloseContainerEventHandler (CloseContainerEventHandler.java:onMessage(69)) - Close container Event triggered for container : #3
2022-05-22 15:39:41,163 [IPC Server handler 15 on default port 33345] INFO  node.SCMNodeManager (SCMNodeManager.java:updateDatanodeOpState(487)) - Scheduling a command to update the operationalState persisted on 8e0bf3df-23e6-4bdc-8543-62bd365f1d94{ip: 10.1.0.29, host: fv-az40-114.rqf5bxgtie1u1lrk4cuotvq0td.cx.internal.cloudapp.net, ports: [REPLICATION=33491, RATIS=43719, RATIS_ADMIN=43719, RATIS_SERVER=43719, STANDALONE=38793], networkLocation: /default-rack, certSerialId: null, persistedOpState: null, persistedOpStateExpiryEpochSec: 0} as the reported value does not match the value stored in SCM (ENTERING_MAINTENANCE, 0)
2022-05-22 15:39:41,164 [EventQueue-PipelineReportForPipelineReportHandler] INFO  pipeline.PipelineReportHandler (PipelineReportHandler.java:processPipelineReport(113)) - Reported pipeline PipelineID=c1e3d6d9-61d6-4a0f-bf5a-9299862a7268 is not found
2022-05-22 15:39:41,166 [EventQueue-PipelineReportForPipelineReportHandler] INFO  pipeline.PipelineReportHandler (PipelineReportHandler.java:processPipelineReport(113)) - Reported pipeline PipelineID=c1e3d6d9-61d6-4a0f-bf5a-9299862a7268 is not found
2022-05-22 15:39:41,166 [EventQueue-PipelineReportForPipelineReportHandler] INFO  pipeline.PipelineReportHandler (PipelineReportHandler.java:processPipelineReport(113)) - Reported pipeline PipelineID=2a07ae34-c4bd-4b3b-baf2-7c2a91d7f1ae is not found
2022-05-22 15:39:41,204 [EventQueue-PipelineReportForPipelineReportHandler] INFO  pipeline.PipelineReportHandler (PipelineReportHandler.java:processPipelineReport(113)) - Reported pipeline PipelineID=c1e3d6d9-61d6-4a0f-bf5a-9299862a7268 is not found
2022-05-22 15:39:41,217 [ReplicationMonitor] INFO  replication.ReplicationManager (ReplicationManager.java:processAll(228)) - Replication Manager is not ready to run until 3000ms after safemode exit
2022-05-22 15:39:41,264 [Listener at 127.0.0.1/35617] INFO  handler.ContextHandler (ContextHandler.java:doStart(915)) - Started o.e.j.w.WebAppContext@2c1f4e2e{hddsDatanode,/,file:///tmp/jetty-0_0_0_0-45141-hdds-container-service-1_3_0-SNAPSHOT_jar-_-any-3275333545847332823/webapp/,AVAILABLE}{jar:file:/home/runner/.m2/repository/org/apache/ozone/hdds-container-service/1.3.0-SNAPSHOT/hdds-container-service-1.3.0-SNAPSHOT.jar!/webapps/hddsDatanode}
2022-05-22 15:39:41,271 [Listener at 127.0.0.1/35617] INFO  server.AbstractConnector (AbstractConnector.java:doStart(331)) - Started ServerConnector@40e9c003{HTTP/1.1, (http/1.1)}{0.0.0.0:45141}
2022-05-22 15:39:41,272 [Listener at 127.0.0.1/35617] INFO  server.Server (Server.java:doStart(415)) - Started @180651ms
2022-05-22 15:39:41,272 [Listener at 127.0.0.1/35617] WARN  impl.MetricsSystemImpl (MetricsSystemImpl.java:register(279)) - Sink prometheus already exists!
2022-05-22 15:39:41,272 [Listener at 127.0.0.1/35617] INFO  http.BaseHttpServer (BaseHttpServer.java:updateConnectorAddress(329)) - HTTP server of hddsDatanode listening at http://0.0.0.0:45141
2022-05-22 15:39:41,286 [Listener at 127.0.0.1/35617] WARN  impl.MetricRegistriesImpl (MetricRegistriesImpl.java:addReporterRegistration(111)) - New reporters are added after registries were created. Some metrics will be missing from the reporter. Please add reporter before adding any new registry.
2022-05-22 15:39:41,286 [Listener at 127.0.0.1/35617] WARN  impl.MetricRegistriesImpl (MetricRegistriesImpl.java:addReporterRegistration(111)) - New reporters are added after registries were created. Some metrics will be missing from the reporter. Please add reporter before adding any new registry.
2022-05-22 15:39:41,286 [Listener at 127.0.0.1/35617] INFO  impl.MetricsSystemImpl (MetricsSystemImpl.java:init(158)) - HddsDatanode metrics system started (again)
2022-05-22 15:39:41,287 [ReplicationMonitor] INFO  replication.LegacyReplicationManager (LegacyReplicationManager.java:forceCloseContainer(999)) - Force closing container #4 with BCSID 12, which is in QUASI_CLOSED state.
2022-05-22 15:39:41,287 [ReplicationMonitor] INFO  replication.LegacyReplicationManager (LegacyReplicationManager.java:sendCloseCommand(1408)) - Sending close container command for container #4 to datanode 1f7078f4-dbb5-4e18-aa32-e400d80d84d6{ip: 10.1.0.29, host: fv-az40-114.rqf5bxgtie1u1lrk4cuotvq0td.cx.internal.cloudapp.net, ports: [REPLICATION=37671, RATIS=40765, RATIS_ADMIN=40765, RATIS_SERVER=40765, STANDALONE=41783], networkLocation: /default-rack, certSerialId: null, persistedOpState: IN_SERVICE, persistedOpStateExpiryEpochSec: 0}.
2022-05-22 15:39:41,287 [ReplicationMonitor] INFO  replication.LegacyReplicationManager (LegacyReplicationManager.java:sendCloseCommand(1408)) - Sending close container command for container #4 to datanode 4c6f2adb-38a1-426c-b706-7d3e145904df{ip: 10.1.0.29, host: fv-az40-114.rqf5bxgtie1u1lrk4cuotvq0td.cx.internal.cloudapp.net, ports: [REPLICATION=33061, RATIS=45801, RATIS_ADMIN=45801, RATIS_SERVER=45801, STANDALONE=37005], networkLocation: /default-rack, certSerialId: null, persistedOpState: IN_SERVICE, persistedOpStateExpiryEpochSec: 0}.
2022-05-22 15:39:41,287 [ReplicationMonitor] INFO  replication.LegacyReplicationManager (LegacyReplicationManager.java:sendCloseCommand(1408)) - Sending close container command for container #4 to datanode 168572c2-1126-43c1-a852-56a66dfae082{ip: 10.1.0.29, host: fv-az40-114.rqf5bxgtie1u1lrk4cuotvq0td.cx.internal.cloudapp.net, ports: [REPLICATION=45765, RATIS=40535, RATIS_ADMIN=40535, RATIS_SERVER=40535, STANDALONE=33739], networkLocation: /default-rack, certSerialId: null, persistedOpState: IN_SERVICE, persistedOpStateExpiryEpochSec: 0}.
2022-05-22 15:39:41,288 [ReplicationMonitor] INFO  replication.LegacyReplicationManager (LegacyReplicationManager.java:forceCloseContainer(999)) - Force closing container #5 with BCSID 16, which is in QUASI_CLOSED state.
2022-05-22 15:39:41,288 [ReplicationMonitor] INFO  replication.LegacyReplicationManager (LegacyReplicationManager.java:sendCloseCommand(1408)) - Sending close container command for container #5 to datanode 168572c2-1126-43c1-a852-56a66dfae082{ip: 10.1.0.29, host: fv-az40-114.rqf5bxgtie1u1lrk4cuotvq0td.cx.internal.cloudapp.net, ports: [REPLICATION=45765, RATIS=40535, RATIS_ADMIN=40535, RATIS_SERVER=40535, STANDALONE=33739], networkLocation: /default-rack, certSerialId: null, persistedOpState: IN_SERVICE, persistedOpStateExpiryEpochSec: 0}.
2022-05-22 15:39:41,288 [ReplicationMonitor] INFO  replication.LegacyReplicationManager (LegacyReplicationManager.java:sendCloseCommand(1408)) - Sending close container command for container #5 to datanode 08ac937e-b58d-450f-91a6-f5a9f9c5f3b7{ip: 10.1.0.29, host: fv-az40-114.rqf5bxgtie1u1lrk4cuotvq0td.cx.internal.cloudapp.net, ports: [REPLICATION=40897, RATIS=34341, RATIS_ADMIN=34341, RATIS_SERVER=34341, STANDALONE=32867], networkLocation: /default-rack, certSerialId: null, persistedOpState: IN_SERVICE, persistedOpStateExpiryEpochSec: 0}.
2022-05-22 15:39:41,288 [ReplicationMonitor] INFO  replication.LegacyReplicationManager (LegacyReplicationManager.java:sendCloseCommand(1408)) - Sending close container command for container #5 to datanode 4c6f2adb-38a1-426c-b706-7d3e145904df{ip: 10.1.0.29, host: fv-az40-114.rqf5bxgtie1u1lrk4cuotvq0td.cx.internal.cloudapp.net, ports: [REPLICATION=33061, RATIS=45801, RATIS_ADMIN=45801, RATIS_SERVER=45801, STANDALONE=37005], networkLocation: /default-rack, certSerialId: null, persistedOpState: IN_SERVICE, persistedOpStateExpiryEpochSec: 0}.
2022-05-22 15:39:41,288 [ReplicationMonitor] INFO  replication.LegacyReplicationManager (LegacyReplicationManager.java:forceCloseContainer(999)) - Force closing container #6 with BCSID 20, which is in QUASI_CLOSED state.
2022-05-22 15:39:41,288 [ReplicationMonitor] INFO  replication.LegacyReplicationManager (LegacyReplicationManager.java:sendCloseCommand(1408)) - Sending close container command for container #6 to datanode 4c6f2adb-38a1-426c-b706-7d3e145904df{ip: 10.1.0.29, host: fv-az40-114.rqf5bxgtie1u1lrk4cuotvq0td.cx.internal.cloudapp.net, ports: [REPLICATION=33061, RATIS=45801, RATIS_ADMIN=45801, RATIS_SERVER=45801, STANDALONE=37005], networkLocation: /default-rack, certSerialId: null, persistedOpState: IN_SERVICE, persistedOpStateExpiryEpochSec: 0}.
2022-05-22 15:39:41,288 [ReplicationMonitor] INFO  replication.LegacyReplicationManager (LegacyReplicationManager.java:sendCloseCommand(1408)) - Sending close container command for container #6 to datanode 168572c2-1126-43c1-a852-56a66dfae082{ip: 10.1.0.29, host: fv-az40-114.rqf5bxgtie1u1lrk4cuotvq0td.cx.internal.cloudapp.net, ports: [REPLICATION=45765, RATIS=40535, RATIS_ADMIN=40535, RATIS_SERVER=40535, STANDALONE=33739], networkLocation: /default-rack, certSerialId: null, persistedOpState: IN_SERVICE, persistedOpStateExpiryEpochSec: 0}.
2022-05-22 15:39:41,288 [ReplicationMonitor] INFO  replication.LegacyReplicationManager (LegacyReplicationManager.java:sendCloseCommand(1408)) - Sending close container command for container #6 to datanode 08ac937e-b58d-450f-91a6-f5a9f9c5f3b7{ip: 10.1.0.29, host: fv-az40-114.rqf5bxgtie1u1lrk4cuotvq0td.cx.internal.cloudapp.net, ports: [REPLICATION=40897, RATIS=34341, RATIS_ADMIN=34341, RATIS_SERVER=34341, STANDALONE=32867], networkLocation: /default-rack, certSerialId: null, persistedOpState: IN_SERVICE, persistedOpStateExpiryEpochSec: 0}.
2022-05-22 15:39:41,288 [ReplicationMonitor] INFO  replication.ReplicationManager (ReplicationManager.java:processAll(249)) - Replication Monitor Thread took 1 milliseconds for processing 6 containers.
2022-05-22 15:39:41,324 [Datanode State Machine Daemon Thread] INFO  statemachine.DatanodeStateMachine (DatanodeStateMachine.java:lambda$startDaemon$0(481)) - Ozone container server started.
2022-05-22 15:39:41,344 [ReplicationMonitor] INFO  replication.LegacyReplicationManager (LegacyReplicationManager.java:sendCloseCommand(1408)) - Sending close container command for container #1 to datanode 8e0bf3df-23e6-4bdc-8543-62bd365f1d94{ip: 10.1.0.29, host: fv-az40-114.rqf5bxgtie1u1lrk4cuotvq0td.cx.internal.cloudapp.net, ports: [REPLICATION=33491, RATIS=43719, RATIS_ADMIN=43719, RATIS_SERVER=43719, STANDALONE=38793], networkLocation: /default-rack, certSerialId: null, persistedOpState: IN_SERVICE, persistedOpStateExpiryEpochSec: 0}.
2022-05-22 15:39:41,344 [ReplicationMonitor] INFO  replication.LegacyReplicationManager (LegacyReplicationManager.java:sendCloseCommand(1408)) - Sending close container command for container #1 to datanode 5c1f160d-ba7c-4f6c-8b7f-bb182cdf7c3b{ip: 10.1.0.29, host: fv-az40-114.rqf5bxgtie1u1lrk4cuotvq0td.cx.internal.cloudapp.net, ports: [REPLICATION=35723, RATIS=36853, RATIS_ADMIN=36853, RATIS_SERVER=36853, STANDALONE=44411], networkLocation: /default-rack, certSerialId: null, persistedOpState: IN_SERVICE, persistedOpStateExpiryEpochSec: 0}.
2022-05-22 15:39:41,344 [ReplicationMonitor] INFO  replication.LegacyReplicationManager (LegacyReplicationManager.java:sendCloseCommand(1408)) - Sending close container command for container #1 to datanode 5f1e0514-5409-444d-9702-e6f9cc3ca7ec{ip: 10.1.0.29, host: fv-az40-114.rqf5bxgtie1u1lrk4cuotvq0td.cx.internal.cloudapp.net, ports: [REPLICATION=34843, RATIS=45559, RATIS_ADMIN=45559, RATIS_SERVER=45559, STANDALONE=44461], networkLocation: /default-rack, certSerialId: null, persistedOpState: IN_SERVICE, persistedOpStateExpiryEpochSec: 0}.
2022-05-22 15:39:41,344 [ReplicationMonitor] INFO  replication.LegacyReplicationManager (LegacyReplicationManager.java:sendCloseCommand(1408)) - Sending close container command for container #2 to datanode 5f1e0514-5409-444d-9702-e6f9cc3ca7ec{ip: 10.1.0.29, host: fv-az40-114.rqf5bxgtie1u1lrk4cuotvq0td.cx.internal.cloudapp.net, ports: [REPLICATION=34843, RATIS=45559, RATIS_ADMIN=45559, RATIS_SERVER=45559, STANDALONE=44461], networkLocation: /default-rack, certSerialId: null, persistedOpState: IN_SERVICE, persistedOpStateExpiryEpochSec: 0}.
2022-05-22 15:39:41,344 [ReplicationMonitor] INFO  replication.LegacyReplicationManager (LegacyReplicationManager.java:sendCloseCommand(1408)) - Sending close container command for container #2 to datanode 5c1f160d-ba7c-4f6c-8b7f-bb182cdf7c3b{ip: 10.1.0.29, host: fv-az40-114.rqf5bxgtie1u1lrk4cuotvq0td.cx.internal.cloudapp.net, ports: [REPLICATION=35723, RATIS=36853, RATIS_ADMIN=36853, RATIS_SERVER=36853, STANDALONE=44411], networkLocation: /default-rack, certSerialId: null, persistedOpState: IN_SERVICE, persistedOpStateExpiryEpochSec: 0}.
2022-05-22 15:39:41,344 [ReplicationMonitor] INFO  replication.LegacyReplicationManager (LegacyReplicationManager.java:sendCloseCommand(1408)) - Sending close container command for container #2 to datanode 8e0bf3df-23e6-4bdc-8543-62bd365f1d94{ip: 10.1.0.29, host: fv-az40-114.rqf5bxgtie1u1lrk4cuotvq0td.cx.internal.cloudapp.net, ports: [REPLICATION=33491, RATIS=43719, RATIS_ADMIN=43719, RATIS_SERVER=43719, STANDALONE=38793], networkLocation: /default-rack, certSerialId: null, persistedOpState: IN_SERVICE, persistedOpStateExpiryEpochSec: 0}.
2022-05-22 15:39:41,344 [ReplicationMonitor] INFO  replication.LegacyReplicationManager (LegacyReplicationManager.java:sendCloseCommand(1408)) - Sending close container command for container #3 to datanode 8e0bf3df-23e6-4bdc-8543-62bd365f1d94{ip: 10.1.0.29, host: fv-az40-114.rqf5bxgtie1u1lrk4cuotvq0td.cx.internal.cloudapp.net, ports: [REPLICATION=33491, RATIS=43719, RATIS_ADMIN=43719, RATIS_SERVER=43719, STANDALONE=38793], networkLocation: /default-rack, certSerialId: null, persistedOpState: IN_SERVICE, persistedOpStateExpiryEpochSec: 0}.
2022-05-22 15:39:41,344 [ReplicationMonitor] INFO  replication.LegacyReplicationManager (LegacyReplicationManager.java:sendCloseCommand(1408)) - Sending close container command for container #3 to datanode 5f1e0514-5409-444d-9702-e6f9cc3ca7ec{ip: 10.1.0.29, host: fv-az40-114.rqf5bxgtie1u1lrk4cuotvq0td.cx.internal.cloudapp.net, ports: [REPLICATION=34843, RATIS=45559, RATIS_ADMIN=45559, RATIS_SERVER=45559, STANDALONE=44461], networkLocation: /default-rack, certSerialId: null, persistedOpState: IN_SERVICE, persistedOpStateExpiryEpochSec: 0}.
2022-05-22 15:39:41,344 [ReplicationMonitor] INFO  replication.LegacyReplicationManager (LegacyReplicationManager.java:sendCloseCommand(1408)) - Sending close container command for container #3 to datanode 5c1f160d-ba7c-4f6c-8b7f-bb182cdf7c3b{ip: 10.1.0.29, host: fv-az40-114.rqf5bxgtie1u1lrk4cuotvq0td.cx.internal.cloudapp.net, ports: [REPLICATION=35723, RATIS=36853, RATIS_ADMIN=36853, RATIS_SERVER=36853, STANDALONE=44411], networkLocation: /default-rack, certSerialId: null, persistedOpState: IN_SERVICE, persistedOpStateExpiryEpochSec: 0}.
2022-05-22 15:39:41,344 [ReplicationMonitor] INFO  replication.ReplicationManager (ReplicationManager.java:processAll(249)) - Replication Monitor Thread took 0 milliseconds for processing 6 containers.
2022-05-22 15:39:41,345 [Listener at 127.0.0.1/35617] INFO  ozone.HddsDatanodeService (HddsDatanodeService.java:start(236)) - HddsDatanodeService host:fv-az40-114.rqf5bxgtie1u1lrk4cuotvq0td.cx.internal.cloudapp.net ip:10.1.0.29
2022-05-22 15:39:41,396 [Listener at 127.0.0.1/35617] INFO  upgrade.AbstractLayoutVersionManager (AbstractLayoutVersionManager.java:init(79)) - Initializing Layout version manager with metadata layout = ERASURE_CODED_STORAGE_SUPPORT (version = 3), software layout = ERASURE_CODED_STORAGE_SUPPORT (version = 3)
2022-05-22 15:39:41,542 [org.apache.hadoop.util.JvmPauseMonitor$Monitor@268680ce] INFO  util.JvmPauseMonitor (JvmPauseMonitor.java:run(188)) - Starting JVM pause monitor
2022-05-22 15:39:41,542 [Listener at 127.0.0.1/35617] INFO  reflections.Reflections (Reflections.java:scan(232)) - Reflections took 145 ms to scan 7 urls, producing 127 keys and 292 values 
2022-05-22 15:39:41,569 [Listener at 127.0.0.1/35617] INFO  statemachine.DatanodeStateMachine (DatanodeStateMachine.java:getEndPointTaskThreadPoolSize(233)) - Datanode State Machine Task Thread Pool size 2
2022-05-22 15:39:41,573 [Datanode State Machine Task Thread - 0] INFO  datanode.InitDatanodeState (InitDatanodeState.java:persistContainerDatanodeDetails(138)) - DatanodeDetails is persisted to /home/runner/work/ozone/ozone/hadoop-ozone/integration-test/target/test-dir/MiniOzoneClusterImpl-07002df4-d7c2-4b84-9ed5-c026518b775a/datanode-1/meta/datanode.id
2022-05-22 15:39:41,700 [Listener at 127.0.0.1/35617] INFO  volume.HddsVolume (HddsVolume.java:<init>(120)) - Creating HddsVolume: /home/runner/work/ozone/ozone/hadoop-ozone/integration-test/target/test-dir/MiniOzoneClusterImpl-07002df4-d7c2-4b84-9ed5-c026518b775a/datanode-2/data-0/containers/hdds of storage type : DISK capacity : 9223372036854775807
2022-05-22 15:39:41,700 [Listener at 127.0.0.1/35617] INFO  volume.MutableVolumeSet (MutableVolumeSet.java:initializeVolumeSet(168)) - Added Volume : /home/runner/work/ozone/ozone/hadoop-ozone/integration-test/target/test-dir/MiniOzoneClusterImpl-07002df4-d7c2-4b84-9ed5-c026518b775a/datanode-2/data-0/containers/hdds to VolumeSet
2022-05-22 15:39:41,700 [Listener at 127.0.0.1/35617] INFO  volume.ThrottledAsyncChecker (ThrottledAsyncChecker.java:schedule(141)) - Scheduling a check for /home/runner/work/ozone/ozone/hadoop-ozone/integration-test/target/test-dir/MiniOzoneClusterImpl-07002df4-d7c2-4b84-9ed5-c026518b775a/datanode-2/data-0/containers/hdds
2022-05-22 15:39:41,735 [Command processor thread] INFO  keyvalue.KeyValueContainer (KeyValueContainer.java:flushAndSyncDB(427)) - Container 4 is synced with bcsId 12.
2022-05-22 15:39:41,736 [Command processor thread] INFO  keyvalue.KeyValueContainer (KeyValueContainer.java:flushAndSyncDB(427)) - Container 4 is synced with bcsId 12.
2022-05-22 15:39:41,737 [Command processor thread] INFO  keyvalue.KeyValueContainer (KeyValueContainer.java:close(364)) - Container 4 is closed with bcsId 12.
2022-05-22 15:39:41,751 [Listener at 127.0.0.1/35617] INFO  volume.StorageVolumeChecker (StorageVolumeChecker.java:checkAllVolumes(202)) - Scheduled health check for volume /home/runner/work/ozone/ozone/hadoop-ozone/integration-test/target/test-dir/MiniOzoneClusterImpl-07002df4-d7c2-4b84-9ed5-c026518b775a/datanode-2/data-0/containers/hdds
2022-05-22 15:39:41,751 [Command processor thread] INFO  keyvalue.KeyValueContainer (KeyValueContainer.java:flushAndSyncDB(427)) - Container 5 is synced with bcsId 16.
2022-05-22 15:39:41,753 [Command processor thread] INFO  keyvalue.KeyValueContainer (KeyValueContainer.java:flushAndSyncDB(427)) - Container 5 is synced with bcsId 16.
2022-05-22 15:39:41,785 [EndpointStateMachine task thread for /0.0.0.0:44391 - 0 ] INFO  ozoneimpl.OzoneContainer (OzoneContainer.java:start(335)) - Attempting to start container services.
2022-05-22 15:39:41,785 [EndpointStateMachine task thread for /0.0.0.0:44391 - 0 ] INFO  ozoneimpl.OzoneContainer (OzoneContainer.java:startContainerScrub(270)) - Background container scanner has been disabled.
2022-05-22 15:39:41,788 [Command processor thread] INFO  keyvalue.KeyValueContainer (KeyValueContainer.java:close(364)) - Container 5 is closed with bcsId 16.
2022-05-22 15:39:41,788 [Command processor thread] INFO  keyvalue.KeyValueContainer (KeyValueContainer.java:flushAndSyncDB(427)) - Container 6 is synced with bcsId 20.
2022-05-22 15:39:41,788 [Command processor thread] INFO  keyvalue.KeyValueContainer (KeyValueContainer.java:flushAndSyncDB(427)) - Container 6 is synced with bcsId 20.
2022-05-22 15:39:41,789 [EndpointStateMachine task thread for /0.0.0.0:44391 - 0 ] INFO  replication.ReplicationServer (ReplicationServer.java:start(111)) - ReplicationServer is started using port 41319
2022-05-22 15:39:41,791 [EndpointStateMachine task thread for /0.0.0.0:44391 - 0 ] INFO  ratis.XceiverServerRatis (XceiverServerRatis.java:start(481)) - Starting XceiverServerRatis 68bbd161-46a2-4e99-bec1-c723d9793472
2022-05-22 15:39:41,852 [EndpointStateMachine task thread for /0.0.0.0:44391 - 0 ] INFO  server.RaftServer (RaftServerProxy.java:lambda$start$6(382)) - 68bbd161-46a2-4e99-bec1-c723d9793472: start RPC server
2022-05-22 15:39:41,852 [EndpointStateMachine task thread for /0.0.0.0:44391 - 0 ] INFO  server.GrpcService (GrpcService.java:startImpl(260)) - 68bbd161-46a2-4e99-bec1-c723d9793472: GrpcService started, listening on 41283
2022-05-22 15:39:41,892 [EndpointStateMachine task thread for /0.0.0.0:44391 - 0 ] INFO  ratis.XceiverServerRatis (XceiverServerRatis.java:getRealPort(502)) - XceiverServerRatis 68bbd161-46a2-4e99-bec1-c723d9793472 is started using port 41283 for RATIS
2022-05-22 15:39:41,892 [EndpointStateMachine task thread for /0.0.0.0:44391 - 0 ] INFO  ratis.XceiverServerRatis (XceiverServerRatis.java:getRealPort(502)) - XceiverServerRatis 68bbd161-46a2-4e99-bec1-c723d9793472 is started using port 41283 for RATIS_ADMIN
2022-05-22 15:39:41,892 [EndpointStateMachine task thread for /0.0.0.0:44391 - 0 ] INFO  ratis.XceiverServerRatis (XceiverServerRatis.java:getRealPort(502)) - XceiverServerRatis 68bbd161-46a2-4e99-bec1-c723d9793472 is started using port 41283 for RATIS_SERVER
2022-05-22 15:39:41,892 [org.apache.ratis.util.JvmPauseMonitor$$Lambda$702/2064598138@68e98b3b] INFO  util.JvmPauseMonitor (JvmPauseMonitor.java:run(103)) - JvmPauseMonitor-68bbd161-46a2-4e99-bec1-c723d9793472: Started
2022-05-22 15:39:41,893 [Listener at 127.0.0.1/35617] INFO  volume.MutableVolumeSet (MutableVolumeSet.java:initializeVolumeSet(168)) - Added Volume : /home/runner/work/ozone/ozone/hadoop-ozone/integration-test/target/test-dir/MiniOzoneClusterImpl-07002df4-d7c2-4b84-9ed5-c026518b775a/datanode-2/data/ratis to VolumeSet
2022-05-22 15:39:41,893 [Listener at 127.0.0.1/35617] INFO  volume.ThrottledAsyncChecker (ThrottledAsyncChecker.java:schedule(141)) - Scheduling a check for /home/runner/work/ozone/ozone/hadoop-ozone/integration-test/target/test-dir/MiniOzoneClusterImpl-07002df4-d7c2-4b84-9ed5-c026518b775a/datanode-2/data/ratis
2022-05-22 15:39:41,904 [EndpointStateMachine task thread for /0.0.0.0:44391 - 0 ] INFO  server.XceiverServerGrpc (XceiverServerGrpc.java:start(180)) - XceiverServerGrpc 68bbd161-46a2-4e99-bec1-c723d9793472 is started using port 45543
2022-05-22 15:39:41,915 [Command processor thread] INFO  keyvalue.KeyValueContainer (KeyValueContainer.java:close(364)) - Container 6 is closed with bcsId 20.
2022-05-22 15:39:41,915 [FixedThreadPoolWithAffinityExecutor-1-0] INFO  container.IncrementalContainerReportHandler (AbstractContainerReportHandler.java:updateContainerState(314)) - Moving container #4 to CLOSED state, datanode 168572c2-1126-43c1-a852-56a66dfae082{ip: 10.1.0.29, host: fv-az40-114.rqf5bxgtie1u1lrk4cuotvq0td.cx.internal.cloudapp.net, ports: [REPLICATION=45765, RATIS=40535, RATIS_ADMIN=40535, RATIS_SERVER=40535, STANDALONE=33739], networkLocation: /default-rack, certSerialId: null, persistedOpState: IN_SERVICE, persistedOpStateExpiryEpochSec: 0} reported CLOSED replica.
2022-05-22 15:39:41,920 [ReplicationMonitor] INFO  replication.ReplicationManager (ReplicationManager.java:processAll(249)) - Replication Monitor Thread took 0 milliseconds for processing 0 containers.
2022-05-22 15:39:41,921 [FixedThreadPoolWithAffinityExecutor-0-0] INFO  container.IncrementalContainerReportHandler (AbstractContainerReportHandler.java:updateContainerState(314)) - Moving container #5 to CLOSED state, datanode 168572c2-1126-43c1-a852-56a66dfae082{ip: 10.1.0.29, host: fv-az40-114.rqf5bxgtie1u1lrk4cuotvq0td.cx.internal.cloudapp.net, ports: [REPLICATION=45765, RATIS=40535, RATIS_ADMIN=40535, RATIS_SERVER=40535, STANDALONE=33739], networkLocation: /default-rack, certSerialId: null, persistedOpState: IN_SERVICE, persistedOpStateExpiryEpochSec: 0} reported CLOSED replica.
2022-05-22 15:39:41,921 [FixedThreadPoolWithAffinityExecutor-0-0] INFO  container.IncrementalContainerReportHandler (AbstractContainerReportHandler.java:updateContainerState(314)) - Moving container #6 to CLOSED state, datanode 168572c2-1126-43c1-a852-56a66dfae082{ip: 10.1.0.29, host: fv-az40-114.rqf5bxgtie1u1lrk4cuotvq0td.cx.internal.cloudapp.net, ports: [REPLICATION=45765, RATIS=40535, RATIS_ADMIN=40535, RATIS_SERVER=40535, STANDALONE=33739], networkLocation: /default-rack, certSerialId: null, persistedOpState: IN_SERVICE, persistedOpStateExpiryEpochSec: 0} reported CLOSED replica.
2022-05-22 15:39:41,935 [Listener at 127.0.0.1/35617] INFO  volume.StorageVolumeChecker (StorageVolumeChecker.java:checkAllVolumes(202)) - Scheduled health check for volume /home/runner/work/ozone/ozone/hadoop-ozone/integration-test/target/test-dir/MiniOzoneClusterImpl-07002df4-d7c2-4b84-9ed5-c026518b775a/datanode-2/data/ratis
2022-05-22 15:39:41,957 [Command processor thread] INFO  keyvalue.KeyValueContainer (KeyValueContainer.java:flushAndSyncDB(427)) - Container 4 is synced with bcsId 12.
2022-05-22 15:39:41,957 [Command processor thread] INFO  keyvalue.KeyValueContainer (KeyValueContainer.java:flushAndSyncDB(427)) - Container 4 is synced with bcsId 12.
2022-05-22 15:39:41,961 [Command processor thread] INFO  keyvalue.KeyValueContainer (KeyValueContainer.java:close(364)) - Container 4 is closed with bcsId 12.
2022-05-22 15:39:42,000 [Thread-3658] INFO  ozoneimpl.ContainerReader (ContainerReader.java:readVolume(172)) - Finish verifying containers on volume /home/runner/work/ozone/ozone/hadoop-ozone/integration-test/target/test-dir/MiniOzoneClusterImpl-07002df4-d7c2-4b84-9ed5-c026518b775a/datanode-2/data-0/containers/hdds
2022-05-22 15:39:42,000 [Listener at 127.0.0.1/35617] INFO  ozoneimpl.OzoneContainer (OzoneContainer.java:buildContainerSet(257)) - Build ContainerSet costs 0s
2022-05-22 15:39:42,002 [Listener at 127.0.0.1/35617] INFO  server.RaftServer (ConfUtils.java:logGet(46)) - raft.rpc.type = GRPC (default)
2022-05-22 15:39:42,002 [Listener at 127.0.0.1/35617] INFO  grpc.GrpcFactory (GrpcFactory.java:checkPooledByteBufAllocatorUseCacheForAllThreads(48)) - PERFORMANCE WARNING: useCacheForAllThreads is true that may cause Netty to create a lot garbage objects and, as a result, trigger GC.
	It is recommended to disable useCacheForAllThreads by setting -Dorg.apache.ratis.thirdparty.io.netty.allocator.useCacheForAllThreads=false in command line.
2022-05-22 15:39:42,002 [Listener at 127.0.0.1/35617] INFO  grpc.GrpcConfigKeys (ConfUtils.java:logGet(46)) - raft.grpc.admin.port = 0 (custom)
2022-05-22 15:39:42,002 [Listener at 127.0.0.1/35617] INFO  grpc.GrpcConfigKeys (ConfUtils.java:logGet(46)) - raft.grpc.client.port = 0 (custom)
2022-05-22 15:39:42,002 [Listener at 127.0.0.1/35617] INFO  grpc.GrpcConfigKeys (ConfUtils.java:logGet(46)) - raft.grpc.server.port = 0 (default)
2022-05-22 15:39:42,002 [Listener at 127.0.0.1/35617] INFO  server.GrpcService (ConfUtils.java:logGet(46)) - raft.grpc.message.size.max = 32MB (=33554432) (custom)
2022-05-22 15:39:42,002 [Listener at 127.0.0.1/35617] INFO  server.RaftServerConfigKeys (ConfUtils.java:logGet(46)) - raft.server.log.appender.buffer.byte-limit = 33554432 (custom)
2022-05-22 15:39:42,002 [Listener at 127.0.0.1/35617] INFO  server.GrpcService (ConfUtils.java:logGet(46)) - raft.grpc.flow.control.window = 5MB (=5242880) (custom)
2022-05-22 15:39:42,002 [Listener at 127.0.0.1/35617] INFO  server.RaftServerConfigKeys (ConfUtils.java:logGet(46)) - raft.server.rpc.request.timeout = 60s (custom)
2022-05-22 15:39:42,002 [Listener at 127.0.0.1/35617] INFO  grpc.GrpcConfigKeys (ConfUtils.java:logGet(46)) - raft.grpc.server.async.request.thread.pool.cached = true (default)
2022-05-22 15:39:42,002 [Listener at 127.0.0.1/35617] INFO  grpc.GrpcConfigKeys (ConfUtils.java:logGet(46)) - raft.grpc.server.async.request.thread.pool.size = 32 (default)
2022-05-22 15:39:42,005 [Listener at 127.0.0.1/35617] INFO  impl.DataStreamServerImpl (ConfUtils.java:logGet(46)) - raft.datastream.type = DISABLED (default)
2022-05-22 15:39:42,005 [Listener at 127.0.0.1/35617] INFO  server.RaftServerConfigKeys (ConfUtils.java:logGet(46)) - raft.server.threadpool.proxy.cached = true (default)
2022-05-22 15:39:42,005 [Listener at 127.0.0.1/35617] INFO  server.RaftServerConfigKeys (ConfUtils.java:logGet(46)) - raft.server.threadpool.proxy.size = 0 (default)
2022-05-22 15:39:42,005 [Listener at 127.0.0.1/35617] INFO  server.RaftServerConfigKeys (ConfUtils.java:logGet(46)) - raft.server.rpc.slowness.timeout = 300s (custom)
2022-05-22 15:39:42,005 [Listener at 127.0.0.1/35617] INFO  server.RaftServerConfigKeys (ConfUtils.java:logGet(46)) - raft.server.leaderelection.leader.step-down.wait-time = 10s (default)
2022-05-22 15:39:42,005 [Listener at 127.0.0.1/35617] INFO  server.RaftServerConfigKeys (ConfUtils.java:logGet(46)) - raft.server.storage.dir = [/home/runner/work/ozone/ozone/hadoop-ozone/integration-test/target/test-dir/MiniOzoneClusterImpl-07002df4-d7c2-4b84-9ed5-c026518b775a/datanode-2/data/ratis] (custom)
2022-05-22 15:39:42,012 [Listener at 127.0.0.1/35617] INFO  server.XceiverServerGrpc (XceiverServerGrpc.java:<init>(132)) - GrpcServer channel type EpollServerSocketChannel
2022-05-22 15:39:42,044 [DatanodeAdminManager-0] INFO  node.DatanodeAdminMonitorImpl (DatanodeAdminMonitorImpl.java:run(148)) - There are 1 nodes tracked for decommission and maintenance. 0 pending nodes.
2022-05-22 15:39:42,050 [Listener at 127.0.0.1/35617] INFO  http.BaseHttpServer (BaseHttpServer.java:newHttpServer2BuilderForOzone(209)) - Starting Web-server for hddsDatanode at: http://0.0.0.0:0
2022-05-22 15:39:42,050 [Listener at 127.0.0.1/35617] INFO  http.BaseHttpServer (BaseHttpServer.java:<init>(107)) - Hadoop Security Enabled: false Ozone Security Enabled: false Ozone HTTP Security Enabled: false 
2022-05-22 15:39:42,051 [Listener at 127.0.0.1/35617] INFO  server.AuthenticationFilter (AuthenticationFilter.java:constructSecretProvider(240)) - Unable to initialize FileSignerSecretProvider, falling back to use random secrets.
2022-05-22 15:39:42,062 [Listener at 127.0.0.1/35617] WARN  http.HttpRequestLog (HttpRequestLog.java:getRequestLog(103)) - Jetty request log can only be enabled using Log4j
2022-05-22 15:39:42,062 [Listener at 127.0.0.1/35617] INFO  http.HttpServer2 (HttpServer2.java:addGlobalFilter(1030)) - Added global filter 'safety' (class=org.apache.hadoop.hdds.server.http.HttpServer2$QuotingInputFilter)
2022-05-22 15:39:42,062 [Listener at 127.0.0.1/35617] INFO  http.HttpServer2 (HttpServer2.java:addFilter(1006)) - Added filter static_user_filter (class=org.apache.hadoop.http.lib.StaticUserWebFilter$StaticUserFilter) to context hddsDatanode
2022-05-22 15:39:42,063 [Listener at 127.0.0.1/35617] INFO  http.HttpServer2 (HttpServer2.java:addFilter(1014)) - Added filter static_user_filter (class=org.apache.hadoop.http.lib.StaticUserWebFilter$StaticUserFilter) to context static
2022-05-22 15:39:42,063 [Listener at 127.0.0.1/35617] INFO  http.HttpServer2 (HttpServer2.java:addFilter(1014)) - Added filter static_user_filter (class=org.apache.hadoop.http.lib.StaticUserWebFilter$StaticUserFilter) to context logs
2022-05-22 15:39:42,063 [Listener at 127.0.0.1/35617] INFO  http.HttpServer2 (HttpServer2.java:bindListener(1249)) - Jetty bound to port 43933
2022-05-22 15:39:42,063 [Listener at 127.0.0.1/35617] INFO  server.Server (Server.java:doStart(375)) - jetty-9.4.43.v20210629; built: 2021-06-30T11:07:22.254Z; git: 526006ecfa3af7f1a27ef3a288e2bef7ea9dd7e8; jvm 1.8.0_332-b09
2022-05-22 15:39:42,140 [Command processor thread] INFO  keyvalue.KeyValueContainer (KeyValueContainer.java:flushAndSyncDB(427)) - Container 5 is synced with bcsId 16.
2022-05-22 15:39:42,141 [Command processor thread] INFO  keyvalue.KeyValueContainer (KeyValueContainer.java:flushAndSyncDB(427)) - Container 5 is synced with bcsId 16.
2022-05-22 15:39:42,147 [Command processor thread] INFO  keyvalue.KeyValueContainer (KeyValueContainer.java:close(364)) - Container 5 is closed with bcsId 16.
2022-05-22 15:39:42,159 [Command processor thread] INFO  server.RaftServer (RaftServerProxy.java:remove(107)) - 8e0bf3df-23e6-4bdc-8543-62bd365f1d94: remove  FOLLOWER 8e0bf3df-23e6-4bdc-8543-62bd365f1d94@group-9299862A7268:t1, leader=5c1f160d-ba7c-4f6c-8b7f-bb182cdf7c3b, voted=5c1f160d-ba7c-4f6c-8b7f-bb182cdf7c3b, raftlog=8e0bf3df-23e6-4bdc-8543-62bd365f1d94@group-9299862A7268-SegmentedRaftLog:OPENED:c29, conf=0: [8e0bf3df-23e6-4bdc-8543-62bd365f1d94|rpc:10.1.0.29:43719|dataStream:|priority:0, 5c1f160d-ba7c-4f6c-8b7f-bb182cdf7c3b|rpc:10.1.0.29:36853|dataStream:|priority:1, 5f1e0514-5409-444d-9702-e6f9cc3ca7ec|rpc:10.1.0.29:45559|dataStream:|priority:0], old=null RUNNING
2022-05-22 15:39:42,159 [Command processor thread] INFO  server.RaftServer$Division (RaftServerImpl.java:lambda$close$4(434)) - 8e0bf3df-23e6-4bdc-8543-62bd365f1d94@group-9299862A7268: shutdown
2022-05-22 15:39:42,159 [Command processor thread] INFO  util.JmxRegister (JmxRegister.java:unregister(73)) - Successfully un-registered JMX Bean with object name Ratis:service=RaftServer,group=group-9299862A7268,id=8e0bf3df-23e6-4bdc-8543-62bd365f1d94
2022-05-22 15:39:42,159 [Command processor thread] INFO  impl.RoleInfo (RoleInfo.java:shutdownFollowerState(110)) - 8e0bf3df-23e6-4bdc-8543-62bd365f1d94: shutdown 8e0bf3df-23e6-4bdc-8543-62bd365f1d94@group-9299862A7268-FollowerState
2022-05-22 15:39:42,160 [Command processor thread] INFO  impl.StateMachineUpdater (StateMachineUpdater.java:stopAndJoin(153)) - 8e0bf3df-23e6-4bdc-8543-62bd365f1d94@group-9299862A7268-StateMachineUpdater: set stopIndex = 29
2022-05-22 15:39:42,160 [8e0bf3df-23e6-4bdc-8543-62bd365f1d94@group-9299862A7268-FollowerState] INFO  impl.FollowerState (FollowerState.java:run(152)) - 8e0bf3df-23e6-4bdc-8543-62bd365f1d94@group-9299862A7268-FollowerState was interrupted
2022-05-22 15:39:42,160 [8e0bf3df-23e6-4bdc-8543-62bd365f1d94@group-9299862A7268-StateMachineUpdater] INFO  ratis.ContainerStateMachine (ContainerStateMachine.java:takeSnapshot(304)) - group-9299862A7268: Taking a snapshot at:(t:1, i:29) file /home/runner/work/ozone/ozone/hadoop-ozone/integration-test/target/test-dir/MiniOzoneClusterImpl-c76efa4e-2e00-4871-9ac8-6b05420f1cdb/datanode-2/data/ratis/c1e3d6d9-61d6-4a0f-bf5a-9299862a7268/sm/snapshot.1_29
2022-05-22 15:39:42,163 [Command processor thread] INFO  server.RaftServer (RaftServerProxy.java:remove(107)) - 5c1f160d-ba7c-4f6c-8b7f-bb182cdf7c3b: remove    LEADER 5c1f160d-ba7c-4f6c-8b7f-bb182cdf7c3b@group-9299862A7268:t1, leader=5c1f160d-ba7c-4f6c-8b7f-bb182cdf7c3b, voted=5c1f160d-ba7c-4f6c-8b7f-bb182cdf7c3b, raftlog=5c1f160d-ba7c-4f6c-8b7f-bb182cdf7c3b@group-9299862A7268-SegmentedRaftLog:OPENED:c31, conf=0: [8e0bf3df-23e6-4bdc-8543-62bd365f1d94|rpc:10.1.0.29:43719|dataStream:|priority:0, 5c1f160d-ba7c-4f6c-8b7f-bb182cdf7c3b|rpc:10.1.0.29:36853|dataStream:|priority:1, 5f1e0514-5409-444d-9702-e6f9cc3ca7ec|rpc:10.1.0.29:45559|dataStream:|priority:0], old=null RUNNING
2022-05-22 15:39:42,163 [Command processor thread] INFO  server.RaftServer$Division (RaftServerImpl.java:lambda$close$4(434)) - 5c1f160d-ba7c-4f6c-8b7f-bb182cdf7c3b@group-9299862A7268: shutdown
2022-05-22 15:39:42,163 [Command processor thread] INFO  util.JmxRegister (JmxRegister.java:unregister(73)) - Successfully un-registered JMX Bean with object name Ratis:service=RaftServer,group=group-9299862A7268,id=5c1f160d-ba7c-4f6c-8b7f-bb182cdf7c3b
2022-05-22 15:39:42,163 [Command processor thread] INFO  impl.RoleInfo (RoleInfo.java:shutdownLeaderState(93)) - 5c1f160d-ba7c-4f6c-8b7f-bb182cdf7c3b: shutdown 5c1f160d-ba7c-4f6c-8b7f-bb182cdf7c3b@group-9299862A7268-LeaderStateImpl
2022-05-22 15:39:42,166 [IPC Server handler 15 on default port 33345] INFO  node.SCMNodeManager (SCMNodeManager.java:updateDatanodeOpState(487)) - Scheduling a command to update the operationalState persisted on 8e0bf3df-23e6-4bdc-8543-62bd365f1d94{ip: 10.1.0.29, host: fv-az40-114.rqf5bxgtie1u1lrk4cuotvq0td.cx.internal.cloudapp.net, ports: [REPLICATION=33491, RATIS=43719, RATIS_ADMIN=43719, RATIS_SERVER=43719, STANDALONE=38793], networkLocation: /default-rack, certSerialId: null, persistedOpState: null, persistedOpStateExpiryEpochSec: 0} as the reported value does not match the value stored in SCM (ENTERING_MAINTENANCE, 0)
2022-05-22 15:39:42,167 [EventQueue-PipelineReportForPipelineReportHandler] INFO  pipeline.PipelineReportHandler (PipelineReportHandler.java:processPipelineReport(113)) - Reported pipeline PipelineID=c1e3d6d9-61d6-4a0f-bf5a-9299862a7268 is not found
2022-05-22 15:39:42,167 [EventQueue-PipelineReportForPipelineReportHandler] INFO  pipeline.PipelineReportHandler (PipelineReportHandler.java:processPipelineReport(113)) - Reported pipeline PipelineID=2a07ae34-c4bd-4b3b-baf2-7c2a91d7f1ae is not found
2022-05-22 15:39:42,167 [EventQueue-PipelineReportForPipelineReportHandler] INFO  pipeline.PipelineReportHandler (PipelineReportHandler.java:processPipelineReport(113)) - Reported pipeline PipelineID=c1e3d6d9-61d6-4a0f-bf5a-9299862a7268 is not found
2022-05-22 15:39:42,166 [8e0bf3df-23e6-4bdc-8543-62bd365f1d94@group-9299862A7268-StateMachineUpdater] INFO  ratis.ContainerStateMachine (ContainerStateMachine.java:takeSnapshot(315)) - group-9299862A7268: Finished taking a snapshot at:(t:1, i:29) file:/home/runner/work/ozone/ozone/hadoop-ozone/integration-test/target/test-dir/MiniOzoneClusterImpl-c76efa4e-2e00-4871-9ac8-6b05420f1cdb/datanode-2/data/ratis/c1e3d6d9-61d6-4a0f-bf5a-9299862a7268/sm/snapshot.1_29 took: 6 ms
2022-05-22 15:39:42,175 [8e0bf3df-23e6-4bdc-8543-62bd365f1d94@group-9299862A7268-StateMachineUpdater] INFO  impl.StateMachineUpdater (StateMachineUpdater.java:takeSnapshot(287)) - 8e0bf3df-23e6-4bdc-8543-62bd365f1d94@group-9299862A7268-StateMachineUpdater: Took a snapshot at index 29
2022-05-22 15:39:42,175 [8e0bf3df-23e6-4bdc-8543-62bd365f1d94@group-9299862A7268-StateMachineUpdater] INFO  impl.StateMachineUpdater (StateMachineUpdater.java:lambda$new$0(92)) - 8e0bf3df-23e6-4bdc-8543-62bd365f1d94@group-9299862A7268-StateMachineUpdater: snapshotIndex: updateIncreasingly -1 -> 29
2022-05-22 15:39:42,176 [grpc-default-executor-4] INFO  server.GrpcServerProtocolService (GrpcServerProtocolService.java:onCompleted(140)) - 8e0bf3df-23e6-4bdc-8543-62bd365f1d94: Completed APPEND_ENTRIES, lastRequest: 5c1f160d-ba7c-4f6c-8b7f-bb182cdf7c3b->8e0bf3df-23e6-4bdc-8543-62bd365f1d94#571-t1,previous=(t:1, i:30),leaderCommit=29,initializing? true,entries: size=1, first=(t:1, i:31), METADATAENTRY(c:29)
2022-05-22 15:39:42,183 [grpc-default-executor-0] INFO  server.GrpcLogAppender (GrpcLogAppender.java:onCompleted(339)) - 5c1f160d-ba7c-4f6c-8b7f-bb182cdf7c3b@group-9299862A7268->8e0bf3df-23e6-4bdc-8543-62bd365f1d94-AppendLogResponseHandler: follower responses appendEntries COMPLETED
2022-05-22 15:39:42,183 [grpc-default-executor-0] INFO  leader.FollowerInfo (FollowerInfoImpl.java:lambda$new$0(48)) - 5c1f160d-ba7c-4f6c-8b7f-bb182cdf7c3b@group-9299862A7268->8e0bf3df-23e6-4bdc-8543-62bd365f1d94: nextIndex: updateUnconditionally 32 -> 31
2022-05-22 15:39:42,203 [EventQueue-PipelineReportForPipelineReportHandler] INFO  pipeline.PipelineReportHandler (PipelineReportHandler.java:processPipelineReport(113)) - Reported pipeline PipelineID=c1e3d6d9-61d6-4a0f-bf5a-9299862a7268 is not found
2022-05-22 15:39:42,218 [ReplicationMonitor] INFO  replication.ReplicationManager (ReplicationManager.java:processAll(228)) - Replication Manager is not ready to run until 3000ms after safemode exit
2022-05-22 15:39:42,231 [Command processor thread] INFO  server.RaftServer$Division (ServerState.java:close(429)) - 8e0bf3df-23e6-4bdc-8543-62bd365f1d94@group-9299862A7268: closes. applyIndex: 29
2022-05-22 15:39:42,232 [8e0bf3df-23e6-4bdc-8543-62bd365f1d94@group-9299862A7268-SegmentedRaftLogWorker] INFO  segmented.SegmentedRaftLogWorker (SegmentedRaftLogWorker.java:run(336)) - 8e0bf3df-23e6-4bdc-8543-62bd365f1d94@group-9299862A7268-SegmentedRaftLogWorker was interrupted, exiting. There are 0 tasks remaining in the queue.
2022-05-22 15:39:42,232 [Command processor thread] INFO  segmented.SegmentedRaftLogWorker (SegmentedRaftLogWorker.java:close(246)) - 8e0bf3df-23e6-4bdc-8543-62bd365f1d94@group-9299862A7268-SegmentedRaftLogWorker close()
2022-05-22 15:39:42,247 [grpc-default-executor-0] INFO  server.GrpcServerProtocolService (GrpcServerProtocolService.java:onCompleted(140)) - 5f1e0514-5409-444d-9702-e6f9cc3ca7ec: Completed APPEND_ENTRIES, lastRequest: 5c1f160d-ba7c-4f6c-8b7f-bb182cdf7c3b->5f1e0514-5409-444d-9702-e6f9cc3ca7ec#577-t1,previous=(t:1, i:30),leaderCommit=29,initializing? true,entries: size=1, first=(t:1, i:31), METADATAENTRY(c:29)
2022-05-22 15:39:42,248 [grpc-default-executor-4] INFO  server.GrpcLogAppender (GrpcLogAppender.java:onCompleted(339)) - 5c1f160d-ba7c-4f6c-8b7f-bb182cdf7c3b@group-9299862A7268->5f1e0514-5409-444d-9702-e6f9cc3ca7ec-AppendLogResponseHandler: follower responses appendEntries COMPLETED
2022-05-22 15:39:42,248 [grpc-default-executor-4] INFO  leader.FollowerInfo (FollowerInfoImpl.java:lambda$new$0(48)) - 5c1f160d-ba7c-4f6c-8b7f-bb182cdf7c3b@group-9299862A7268->5f1e0514-5409-444d-9702-e6f9cc3ca7ec: nextIndex: updateUnconditionally 32 -> 31
2022-05-22 15:39:42,272 [Listener at 127.0.0.1/35617] INFO  server.session (DefaultSessionIdManager.java:doStart(334)) - DefaultSessionIdManager workerName=node0
2022-05-22 15:39:42,272 [Listener at 127.0.0.1/35617] INFO  server.session (DefaultSessionIdManager.java:doStart(339)) - No SessionScavenger set, using defaults
2022-05-22 15:39:42,272 [Listener at 127.0.0.1/35617] INFO  server.session (HouseKeeper.java:startScavenging(132)) - node0 Scavenging every 660000ms
2022-05-22 15:39:42,273 [Listener at 127.0.0.1/35617] INFO  handler.ContextHandler (ContextHandler.java:doStart(915)) - Started o.e.j.s.ServletContextHandler@16a0c8ac{logs,/logs,file:///home/runner/work/ozone/ozone/hadoop-ozone/integration-test/target/log,AVAILABLE}
2022-05-22 15:39:42,273 [Listener at 127.0.0.1/35617] INFO  handler.ContextHandler (ContextHandler.java:doStart(915)) - Started o.e.j.s.ServletContextHandler@2b5bd7ad{static,/static,jar:file:/home/runner/.m2/repository/org/apache/ozone/hdds-container-service/1.3.0-SNAPSHOT/hdds-container-service-1.3.0-SNAPSHOT.jar!/webapps/static,AVAILABLE}
2022-05-22 15:39:42,292 [ReplicationMonitor] INFO  replication.LegacyReplicationManager (LegacyReplicationManager.java:sendCloseCommand(1408)) - Sending close container command for container #4 to datanode 1f7078f4-dbb5-4e18-aa32-e400d80d84d6{ip: 10.1.0.29, host: fv-az40-114.rqf5bxgtie1u1lrk4cuotvq0td.cx.internal.cloudapp.net, ports: [REPLICATION=37671, RATIS=40765, RATIS_ADMIN=40765, RATIS_SERVER=40765, STANDALONE=41783], networkLocation: /default-rack, certSerialId: null, persistedOpState: IN_SERVICE, persistedOpStateExpiryEpochSec: 0}.
2022-05-22 15:39:42,292 [ReplicationMonitor] INFO  replication.LegacyReplicationManager (LegacyReplicationManager.java:sendCloseCommand(1408)) - Sending close container command for container #5 to datanode 08ac937e-b58d-450f-91a6-f5a9f9c5f3b7{ip: 10.1.0.29, host: fv-az40-114.rqf5bxgtie1u1lrk4cuotvq0td.cx.internal.cloudapp.net, ports: [REPLICATION=40897, RATIS=34341, RATIS_ADMIN=34341, RATIS_SERVER=34341, STANDALONE=32867], networkLocation: /default-rack, certSerialId: null, persistedOpState: IN_SERVICE, persistedOpStateExpiryEpochSec: 0}.
2022-05-22 15:39:42,292 [ReplicationMonitor] INFO  replication.LegacyReplicationManager (LegacyReplicationManager.java:sendCloseCommand(1408)) - Sending close container command for container #6 to datanode 4c6f2adb-38a1-426c-b706-7d3e145904df{ip: 10.1.0.29, host: fv-az40-114.rqf5bxgtie1u1lrk4cuotvq0td.cx.internal.cloudapp.net, ports: [REPLICATION=33061, RATIS=45801, RATIS_ADMIN=45801, RATIS_SERVER=45801, STANDALONE=37005], networkLocation: /default-rack, certSerialId: null, persistedOpState: IN_SERVICE, persistedOpStateExpiryEpochSec: 0}.
2022-05-22 15:39:42,292 [ReplicationMonitor] INFO  replication.LegacyReplicationManager (LegacyReplicationManager.java:sendCloseCommand(1408)) - Sending close container command for container #6 to datanode 08ac937e-b58d-450f-91a6-f5a9f9c5f3b7{ip: 10.1.0.29, host: fv-az40-114.rqf5bxgtie1u1lrk4cuotvq0td.cx.internal.cloudapp.net, ports: [REPLICATION=40897, RATIS=34341, RATIS_ADMIN=34341, RATIS_SERVER=34341, STANDALONE=32867], networkLocation: /default-rack, certSerialId: null, persistedOpState: IN_SERVICE, persistedOpStateExpiryEpochSec: 0}.
2022-05-22 15:39:42,292 [ReplicationMonitor] INFO  replication.ReplicationManager (ReplicationManager.java:processAll(249)) - Replication Monitor Thread took 1 milliseconds for processing 6 containers.
2022-05-22 15:39:42,300 [Command processor thread] INFO  keyvalue.KeyValueContainer (KeyValueContainer.java:flushAndSyncDB(427)) - Container 6 is synced with bcsId 20.
2022-05-22 15:39:42,300 [Command processor thread] INFO  keyvalue.KeyValueContainer (KeyValueContainer.java:flushAndSyncDB(427)) - Container 6 is synced with bcsId 20.
2022-05-22 15:39:42,316 [Command processor thread] INFO  impl.PendingRequests (PendingRequests.java:sendNotLeaderResponses(282)) - 5c1f160d-ba7c-4f6c-8b7f-bb182cdf7c3b@group-9299862A7268-PendingRequests: sendNotLeaderResponses
2022-05-22 15:39:42,338 [Command processor thread] INFO  keyvalue.KeyValueContainer (KeyValueContainer.java:close(364)) - Container 6 is closed with bcsId 20.
2022-05-22 15:39:42,345 [ReplicationMonitor] INFO  replication.LegacyReplicationManager (LegacyReplicationManager.java:sendCloseCommand(1408)) - Sending close container command for container #1 to datanode 8e0bf3df-23e6-4bdc-8543-62bd365f1d94{ip: 10.1.0.29, host: fv-az40-114.rqf5bxgtie1u1lrk4cuotvq0td.cx.internal.cloudapp.net, ports: [REPLICATION=33491, RATIS=43719, RATIS_ADMIN=43719, RATIS_SERVER=43719, STANDALONE=38793], networkLocation: /default-rack, certSerialId: null, persistedOpState: IN_SERVICE, persistedOpStateExpiryEpochSec: 0}.
2022-05-22 15:39:42,345 [ReplicationMonitor] INFO  replication.LegacyReplicationManager (LegacyReplicationManager.java:sendCloseCommand(1408)) - Sending close container command for container #1 to datanode 5c1f160d-ba7c-4f6c-8b7f-bb182cdf7c3b{ip: 10.1.0.29, host: fv-az40-114.rqf5bxgtie1u1lrk4cuotvq0td.cx.internal.cloudapp.net, ports: [REPLICATION=35723, RATIS=36853, RATIS_ADMIN=36853, RATIS_SERVER=36853, STANDALONE=44411], networkLocation: /default-rack, certSerialId: null, persistedOpState: IN_SERVICE, persistedOpStateExpiryEpochSec: 0}.
2022-05-22 15:39:42,345 [ReplicationMonitor] INFO  replication.LegacyReplicationManager (LegacyReplicationManager.java:sendCloseCommand(1408)) - Sending close container command for container #1 to datanode 5f1e0514-5409-444d-9702-e6f9cc3ca7ec{ip: 10.1.0.29, host: fv-az40-114.rqf5bxgtie1u1lrk4cuotvq0td.cx.internal.cloudapp.net, ports: [REPLICATION=34843, RATIS=45559, RATIS_ADMIN=45559, RATIS_SERVER=45559, STANDALONE=44461], networkLocation: /default-rack, certSerialId: null, persistedOpState: IN_SERVICE, persistedOpStateExpiryEpochSec: 0}.
2022-05-22 15:39:42,345 [ReplicationMonitor] INFO  replication.LegacyReplicationManager (LegacyReplicationManager.java:sendCloseCommand(1408)) - Sending close container command for container #2 to datanode 5f1e0514-5409-444d-9702-e6f9cc3ca7ec{ip: 10.1.0.29, host: fv-az40-114.rqf5bxgtie1u1lrk4cuotvq0td.cx.internal.cloudapp.net, ports: [REPLICATION=34843, RATIS=45559, RATIS_ADMIN=45559, RATIS_SERVER=45559, STANDALONE=44461], networkLocation: /default-rack, certSerialId: null, persistedOpState: IN_SERVICE, persistedOpStateExpiryEpochSec: 0}.
2022-05-22 15:39:42,345 [ReplicationMonitor] INFO  replication.LegacyReplicationManager (LegacyReplicationManager.java:sendCloseCommand(1408)) - Sending close container command for container #2 to datanode 5c1f160d-ba7c-4f6c-8b7f-bb182cdf7c3b{ip: 10.1.0.29, host: fv-az40-114.rqf5bxgtie1u1lrk4cuotvq0td.cx.internal.cloudapp.net, ports: [REPLICATION=35723, RATIS=36853, RATIS_ADMIN=36853, RATIS_SERVER=36853, STANDALONE=44411], networkLocation: /default-rack, certSerialId: null, persistedOpState: IN_SERVICE, persistedOpStateExpiryEpochSec: 0}.
2022-05-22 15:39:42,345 [ReplicationMonitor] INFO  replication.LegacyReplicationManager (LegacyReplicationManager.java:sendCloseCommand(1408)) - Sending close container command for container #2 to datanode 8e0bf3df-23e6-4bdc-8543-62bd365f1d94{ip: 10.1.0.29, host: fv-az40-114.rqf5bxgtie1u1lrk4cuotvq0td.cx.internal.cloudapp.net, ports: [REPLICATION=33491, RATIS=43719, RATIS_ADMIN=43719, RATIS_SERVER=43719, STANDALONE=38793], networkLocation: /default-rack, certSerialId: null, persistedOpState: IN_SERVICE, persistedOpStateExpiryEpochSec: 0}.
2022-05-22 15:39:42,345 [ReplicationMonitor] INFO  replication.LegacyReplicationManager (LegacyReplicationManager.java:sendCloseCommand(1408)) - Sending close container command for container #3 to datanode 8e0bf3df-23e6-4bdc-8543-62bd365f1d94{ip: 10.1.0.29, host: fv-az40-114.rqf5bxgtie1u1lrk4cuotvq0td.cx.internal.cloudapp.net, ports: [REPLICATION=33491, RATIS=43719, RATIS_ADMIN=43719, RATIS_SERVER=43719, STANDALONE=38793], networkLocation: /default-rack, certSerialId: null, persistedOpState: IN_SERVICE, persistedOpStateExpiryEpochSec: 0}.
2022-05-22 15:39:42,345 [ReplicationMonitor] INFO  replication.LegacyReplicationManager (LegacyReplicationManager.java:sendCloseCommand(1408)) - Sending close container command for container #3 to datanode 5f1e0514-5409-444d-9702-e6f9cc3ca7ec{ip: 10.1.0.29, host: fv-az40-114.rqf5bxgtie1u1lrk4cuotvq0td.cx.internal.cloudapp.net, ports: [REPLICATION=34843, RATIS=45559, RATIS_ADMIN=45559, RATIS_SERVER=45559, STANDALONE=44461], networkLocation: /default-rack, certSerialId: null, persistedOpState: IN_SERVICE, persistedOpStateExpiryEpochSec: 0}.
2022-05-22 15:39:42,345 [ReplicationMonitor] INFO  replication.LegacyReplicationManager (LegacyReplicationManager.java:sendCloseCommand(1408)) - Sending close container command for container #3 to datanode 5c1f160d-ba7c-4f6c-8b7f-bb182cdf7c3b{ip: 10.1.0.29, host: fv-az40-114.rqf5bxgtie1u1lrk4cuotvq0td.cx.internal.cloudapp.net, ports: [REPLICATION=35723, RATIS=36853, RATIS_ADMIN=36853, RATIS_SERVER=36853, STANDALONE=44411], networkLocation: /default-rack, certSerialId: null, persistedOpState: IN_SERVICE, persistedOpStateExpiryEpochSec: 0}.
2022-05-22 15:39:42,345 [ReplicationMonitor] INFO  replication.ReplicationManager (ReplicationManager.java:processAll(249)) - Replication Monitor Thread took 0 milliseconds for processing 6 containers.
2022-05-22 15:39:42,349 [Command processor thread] INFO  keyvalue.KeyValueContainer (KeyValueContainer.java:flushAndSyncDB(427)) - Container 5 is synced with bcsId 16.
2022-05-22 15:39:42,349 [Command processor thread] INFO  keyvalue.KeyValueContainer (KeyValueContainer.java:flushAndSyncDB(427)) - Container 5 is synced with bcsId 16.
2022-05-22 15:39:42,355 [Command processor thread] INFO  keyvalue.KeyValueContainer (KeyValueContainer.java:close(364)) - Container 5 is closed with bcsId 16.
2022-05-22 15:39:42,364 [IPC Server handler 10 on default port 33345] INFO  node.SCMNodeManager (SCMNodeManager.java:updateDatanodeOpState(487)) - Scheduling a command to update the operationalState persisted on 8e0bf3df-23e6-4bdc-8543-62bd365f1d94{ip: 10.1.0.29, host: fv-az40-114.rqf5bxgtie1u1lrk4cuotvq0td.cx.internal.cloudapp.net, ports: [REPLICATION=33491, RATIS=43719, RATIS_ADMIN=43719, RATIS_SERVER=43719, STANDALONE=38793], networkLocation: /default-rack, certSerialId: null, persistedOpState: null, persistedOpStateExpiryEpochSec: 0} as the reported value does not match the value stored in SCM (ENTERING_MAINTENANCE, 0)
2022-05-22 15:39:42,372 [Command processor thread] INFO  keyvalue.KeyValueContainer (KeyValueContainer.java:flushAndSyncDB(427)) - Container 1 is synced with bcsId 25.
2022-05-22 15:39:42,372 [Command processor thread] INFO  keyvalue.KeyValueContainer (KeyValueContainer.java:flushAndSyncDB(427)) - Container 1 is synced with bcsId 25.
2022-05-22 15:39:42,374 [IPC Server handler 7 on default port 33345] INFO  node.SCMNodeManager (SCMNodeManager.java:updateDatanodeOpState(487)) - Scheduling a command to update the operationalState persisted on 8e0bf3df-23e6-4bdc-8543-62bd365f1d94{ip: 10.1.0.29, host: fv-az40-114.rqf5bxgtie1u1lrk4cuotvq0td.cx.internal.cloudapp.net, ports: [REPLICATION=33491, RATIS=43719, RATIS_ADMIN=43719, RATIS_SERVER=43719, STANDALONE=38793], networkLocation: /default-rack, certSerialId: null, persistedOpState: null, persistedOpStateExpiryEpochSec: 0} as the reported value does not match the value stored in SCM (ENTERING_MAINTENANCE, 0)
2022-05-22 15:39:42,374 [FixedThreadPoolWithAffinityExecutor-0-0] INFO  container.IncrementalContainerReportHandler (AbstractContainerReportHandler.java:updateContainerState(281)) - Moving container #1 to QUASI_CLOSED state, datanode 8e0bf3df-23e6-4bdc-8543-62bd365f1d94{ip: 10.1.0.29, host: fv-az40-114.rqf5bxgtie1u1lrk4cuotvq0td.cx.internal.cloudapp.net, ports: [REPLICATION=33491, RATIS=43719, RATIS_ADMIN=43719, RATIS_SERVER=43719, STANDALONE=38793], networkLocation: /default-rack, certSerialId: null, persistedOpState: IN_SERVICE, persistedOpStateExpiryEpochSec: 0} reported QUASI_CLOSED replica.
2022-05-22 15:39:42,472 [IPC Server handler 11 on default port 33345] INFO  node.SCMNodeManager (SCMNodeManager.java:updateDatanodeOpState(487)) - Scheduling a command to update the operationalState persisted on 8e0bf3df-23e6-4bdc-8543-62bd365f1d94{ip: 10.1.0.29, host: fv-az40-114.rqf5bxgtie1u1lrk4cuotvq0td.cx.internal.cloudapp.net, ports: [REPLICATION=33491, RATIS=43719, RATIS_ADMIN=43719, RATIS_SERVER=43719, STANDALONE=38793], networkLocation: /default-rack, certSerialId: null, persistedOpState: null, persistedOpStateExpiryEpochSec: 0} as the reported value does not match the value stored in SCM (ENTERING_MAINTENANCE, 0)
2022-05-22 15:39:42,474 [Command processor thread] INFO  keyvalue.KeyValueContainer (KeyValueContainer.java:flushAndSyncDB(427)) - Container 2 is synced with bcsId 29.
2022-05-22 15:39:42,474 [Command processor thread] INFO  keyvalue.KeyValueContainer (KeyValueContainer.java:flushAndSyncDB(427)) - Container 2 is synced with bcsId 29.
2022-05-22 15:39:42,497 [Command processor thread] INFO  keyvalue.KeyValueContainer (KeyValueContainer.java:flushAndSyncDB(427)) - Container 6 is synced with bcsId 20.
2022-05-22 15:39:42,497 [Command processor thread] INFO  keyvalue.KeyValueContainer (KeyValueContainer.java:flushAndSyncDB(427)) - Container 6 is synced with bcsId 20.
2022-05-22 15:39:42,502 [Command processor thread] INFO  keyvalue.KeyValueContainer (KeyValueContainer.java:close(364)) - Container 6 is closed with bcsId 20.
2022-05-22 15:39:42,503 [Command processor thread] INFO  keyvalue.KeyValueContainer (KeyValueContainer.java:flushAndSyncDB(427)) - Container 4 is synced with bcsId 12.
2022-05-22 15:39:42,503 [Command processor thread] INFO  keyvalue.KeyValueContainer (KeyValueContainer.java:flushAndSyncDB(427)) - Container 4 is synced with bcsId 12.
2022-05-22 15:39:42,504 [Command processor thread] INFO  keyvalue.KeyValueContainer (KeyValueContainer.java:close(364)) - Container 4 is closed with bcsId 12.
2022-05-22 15:39:42,552 [Mini-Cluster-Provider-Reap] INFO  statemachine.DatanodeStateMachine (DatanodeStateMachine.java:stopDaemon(569)) - Ozone container server stopped.
2022-05-22 15:39:42,560 [IPC Server handler 17 on default port 33345] INFO  node.SCMNodeManager (SCMNodeManager.java:updateDatanodeOpState(487)) - Scheduling a command to update the operationalState persisted on 8e0bf3df-23e6-4bdc-8543-62bd365f1d94{ip: 10.1.0.29, host: fv-az40-114.rqf5bxgtie1u1lrk4cuotvq0td.cx.internal.cloudapp.net, ports: [REPLICATION=33491, RATIS=43719, RATIS_ADMIN=43719, RATIS_SERVER=43719, STANDALONE=38793], networkLocation: /default-rack, certSerialId: null, persistedOpState: null, persistedOpStateExpiryEpochSec: 0} as the reported value does not match the value stored in SCM (ENTERING_MAINTENANCE, 0)
2022-05-22 15:39:42,560 [FixedThreadPoolWithAffinityExecutor-8-0] INFO  container.IncrementalContainerReportHandler (AbstractContainerReportHandler.java:updateContainerState(281)) - Moving container #2 to QUASI_CLOSED state, datanode 8e0bf3df-23e6-4bdc-8543-62bd365f1d94{ip: 10.1.0.29, host: fv-az40-114.rqf5bxgtie1u1lrk4cuotvq0td.cx.internal.cloudapp.net, ports: [REPLICATION=33491, RATIS=43719, RATIS_ADMIN=43719, RATIS_SERVER=43719, STANDALONE=38793], networkLocation: /default-rack, certSerialId: null, persistedOpState: IN_SERVICE, persistedOpStateExpiryEpochSec: 0} reported QUASI_CLOSED replica.
2022-05-22 15:39:42,563 [IPC Server handler 9 on default port 33345] INFO  node.SCMNodeManager (SCMNodeManager.java:updateDatanodeOpState(487)) - Scheduling a command to update the operationalState persisted on 8e0bf3df-23e6-4bdc-8543-62bd365f1d94{ip: 10.1.0.29, host: fv-az40-114.rqf5bxgtie1u1lrk4cuotvq0td.cx.internal.cloudapp.net, ports: [REPLICATION=33491, RATIS=43719, RATIS_ADMIN=43719, RATIS_SERVER=43719, STANDALONE=38793], networkLocation: /default-rack, certSerialId: null, persistedOpState: null, persistedOpStateExpiryEpochSec: 0} as the reported value does not match the value stored in SCM (ENTERING_MAINTENANCE, 0)
2022-05-22 15:39:42,565 [Command processor thread] INFO  impl.StateMachineUpdater (StateMachineUpdater.java:stopAndJoin(153)) - 5c1f160d-ba7c-4f6c-8b7f-bb182cdf7c3b@group-9299862A7268-StateMachineUpdater: set stopIndex = 31
2022-05-22 15:39:42,565 [5c1f160d-ba7c-4f6c-8b7f-bb182cdf7c3b@group-9299862A7268-StateMachineUpdater] INFO  ratis.ContainerStateMachine (ContainerStateMachine.java:takeSnapshot(304)) - group-9299862A7268: Taking a snapshot at:(t:1, i:31) file /home/runner/work/ozone/ozone/hadoop-ozone/integration-test/target/test-dir/MiniOzoneClusterImpl-c76efa4e-2e00-4871-9ac8-6b05420f1cdb/datanode-0/data/ratis/c1e3d6d9-61d6-4a0f-bf5a-9299862a7268/sm/snapshot.1_31
2022-05-22 15:39:42,568 [Command processor thread] INFO  keyvalue.KeyValueContainer (KeyValueContainer.java:flushAndSyncDB(427)) - Container 3 is synced with bcsId 21.
2022-05-22 15:39:42,568 [5c1f160d-ba7c-4f6c-8b7f-bb182cdf7c3b@group-9299862A7268-StateMachineUpdater] INFO  ratis.ContainerStateMachine (ContainerStateMachine.java:takeSnapshot(315)) - group-9299862A7268: Finished taking a snapshot at:(t:1, i:31) file:/home/runner/work/ozone/ozone/hadoop-ozone/integration-test/target/test-dir/MiniOzoneClusterImpl-c76efa4e-2e00-4871-9ac8-6b05420f1cdb/datanode-0/data/ratis/c1e3d6d9-61d6-4a0f-bf5a-9299862a7268/sm/snapshot.1_31 took: 3 ms
2022-05-22 15:39:42,568 [Command processor thread] INFO  keyvalue.KeyValueContainer (KeyValueContainer.java:flushAndSyncDB(427)) - Container 3 is synced with bcsId 21.
2022-05-22 15:39:42,568 [5c1f160d-ba7c-4f6c-8b7f-bb182cdf7c3b@group-9299862A7268-StateMachineUpdater] INFO  impl.StateMachineUpdater (StateMachineUpdater.java:takeSnapshot(287)) - 5c1f160d-ba7c-4f6c-8b7f-bb182cdf7c3b@group-9299862A7268-StateMachineUpdater: Took a snapshot at index 31
2022-05-22 15:39:42,568 [5c1f160d-ba7c-4f6c-8b7f-bb182cdf7c3b@group-9299862A7268-StateMachineUpdater] INFO  impl.StateMachineUpdater (StateMachineUpdater.java:lambda$new$0(92)) - 5c1f160d-ba7c-4f6c-8b7f-bb182cdf7c3b@group-9299862A7268-StateMachineUpdater: snapshotIndex: updateIncreasingly -1 -> 31
2022-05-22 15:39:42,572 [Mini-Cluster-Provider-Reap] INFO  handler.ContextHandler (ContextHandler.java:doStop(1153)) - Stopped o.e.j.w.WebAppContext@51a39d9c{hddsDatanode,/,null,STOPPED}{jar:file:/home/runner/.m2/repository/org/apache/ozone/hdds-container-service/1.3.0-SNAPSHOT/hdds-container-service-1.3.0-SNAPSHOT.jar!/webapps/hddsDatanode}
2022-05-22 15:39:42,573 [Command processor thread] INFO  server.RaftServer$Division (RaftServerImpl.java:groupRemove(404)) - 8e0bf3df-23e6-4bdc-8543-62bd365f1d94@group-9299862A7268: Succeed to remove RaftStorageDirectory Storage Directory /home/runner/work/ozone/ozone/hadoop-ozone/integration-test/target/test-dir/MiniOzoneClusterImpl-c76efa4e-2e00-4871-9ac8-6b05420f1cdb/datanode-2/data/ratis/c1e3d6d9-61d6-4a0f-bf5a-9299862a7268
2022-05-22 15:39:42,573 [Command processor thread] INFO  commandhandler.ClosePipelineCommandHandler (ClosePipelineCommandHandler.java:handle(78)) - Close Pipeline PipelineID=c1e3d6d9-61d6-4a0f-bf5a-9299862a7268 command on datanode 8e0bf3df-23e6-4bdc-8543-62bd365f1d94.
2022-05-22 15:39:42,573 [Command processor thread] INFO  server.RaftServer (RaftServerProxy.java:remove(107)) - 8e0bf3df-23e6-4bdc-8543-62bd365f1d94: remove    LEADER 8e0bf3df-23e6-4bdc-8543-62bd365f1d94@group-7C2A91D7F1AE:t1, leader=8e0bf3df-23e6-4bdc-8543-62bd365f1d94, voted=8e0bf3df-23e6-4bdc-8543-62bd365f1d94, raftlog=8e0bf3df-23e6-4bdc-8543-62bd365f1d94@group-7C2A91D7F1AE-SegmentedRaftLog:OPENED:c0, conf=0: [8e0bf3df-23e6-4bdc-8543-62bd365f1d94|rpc:10.1.0.29:43719|dataStream:|priority:1], old=null RUNNING
2022-05-22 15:39:42,573 [Command processor thread] INFO  server.RaftServer$Division (RaftServerImpl.java:lambda$close$4(434)) - 8e0bf3df-23e6-4bdc-8543-62bd365f1d94@group-7C2A91D7F1AE: shutdown
2022-05-22 15:39:42,573 [Command processor thread] INFO  util.JmxRegister (JmxRegister.java:unregister(73)) - Successfully un-registered JMX Bean with object name Ratis:service=RaftServer,group=group-7C2A91D7F1AE,id=8e0bf3df-23e6-4bdc-8543-62bd365f1d94
2022-05-22 15:39:42,573 [Command processor thread] INFO  impl.RoleInfo (RoleInfo.java:shutdownLeaderState(93)) - 8e0bf3df-23e6-4bdc-8543-62bd365f1d94: shutdown 8e0bf3df-23e6-4bdc-8543-62bd365f1d94@group-7C2A91D7F1AE-LeaderStateImpl
2022-05-22 15:39:42,580 [Command processor thread] INFO  server.RaftServer$Division (ServerState.java:close(429)) - 5c1f160d-ba7c-4f6c-8b7f-bb182cdf7c3b@group-9299862A7268: closes. applyIndex: 31
2022-05-22 15:39:42,581 [5c1f160d-ba7c-4f6c-8b7f-bb182cdf7c3b@group-9299862A7268-SegmentedRaftLogWorker] INFO  segmented.SegmentedRaftLogWorker (SegmentedRaftLogWorker.java:run(336)) - 5c1f160d-ba7c-4f6c-8b7f-bb182cdf7c3b@group-9299862A7268-SegmentedRaftLogWorker was interrupted, exiting. There are 0 tasks remaining in the queue.
2022-05-22 15:39:42,581 [Command processor thread] INFO  segmented.SegmentedRaftLogWorker (SegmentedRaftLogWorker.java:close(246)) - 5c1f160d-ba7c-4f6c-8b7f-bb182cdf7c3b@group-9299862A7268-SegmentedRaftLogWorker close()
2022-05-22 15:39:42,596 [Command processor thread] INFO  impl.PendingRequests (PendingRequests.java:sendNotLeaderResponses(282)) - 8e0bf3df-23e6-4bdc-8543-62bd365f1d94@group-7C2A91D7F1AE-PendingRequests: sendNotLeaderResponses
2022-05-22 15:39:42,597 [Command processor thread] INFO  impl.StateMachineUpdater (StateMachineUpdater.java:stopAndJoin(153)) - 8e0bf3df-23e6-4bdc-8543-62bd365f1d94@group-7C2A91D7F1AE-StateMachineUpdater: set stopIndex = 0
2022-05-22 15:39:42,597 [8e0bf3df-23e6-4bdc-8543-62bd365f1d94@group-7C2A91D7F1AE-StateMachineUpdater] INFO  ratis.ContainerStateMachine (ContainerStateMachine.java:takeSnapshot(304)) - group-7C2A91D7F1AE: Taking a snapshot at:(t:1, i:0) file /home/runner/work/ozone/ozone/hadoop-ozone/integration-test/target/test-dir/MiniOzoneClusterImpl-c76efa4e-2e00-4871-9ac8-6b05420f1cdb/datanode-2/data/ratis/2a07ae34-c4bd-4b3b-baf2-7c2a91d7f1ae/sm/snapshot.1_0
2022-05-22 15:39:42,598 [IPC Server handler 18 on default port 33345] INFO  node.SCMNodeManager (SCMNodeManager.java:updateDatanodeOpState(487)) - Scheduling a command to update the operationalState persisted on 8e0bf3df-23e6-4bdc-8543-62bd365f1d94{ip: 10.1.0.29, host: fv-az40-114.rqf5bxgtie1u1lrk4cuotvq0td.cx.internal.cloudapp.net, ports: [REPLICATION=33491, RATIS=43719, RATIS_ADMIN=43719, RATIS_SERVER=43719, STANDALONE=38793], networkLocation: /default-rack, certSerialId: null, persistedOpState: null, persistedOpStateExpiryEpochSec: 0} as the reported value does not match the value stored in SCM (ENTERING_MAINTENANCE, 0)
2022-05-22 15:39:42,598 [8e0bf3df-23e6-4bdc-8543-62bd365f1d94@group-7C2A91D7F1AE-StateMachineUpdater] INFO  ratis.ContainerStateMachine (ContainerStateMachine.java:takeSnapshot(315)) - group-7C2A91D7F1AE: Finished taking a snapshot at:(t:1, i:0) file:/home/runner/work/ozone/ozone/hadoop-ozone/integration-test/target/test-dir/MiniOzoneClusterImpl-c76efa4e-2e00-4871-9ac8-6b05420f1cdb/datanode-2/data/ratis/2a07ae34-c4bd-4b3b-baf2-7c2a91d7f1ae/sm/snapshot.1_0 took: 1 ms
2022-05-22 15:39:42,598 [8e0bf3df-23e6-4bdc-8543-62bd365f1d94@group-7C2A91D7F1AE-StateMachineUpdater] INFO  impl.StateMachineUpdater (StateMachineUpdater.java:takeSnapshot(287)) - 8e0bf3df-23e6-4bdc-8543-62bd365f1d94@group-7C2A91D7F1AE-StateMachineUpdater: Took a snapshot at index 0
2022-05-22 15:39:42,598 [8e0bf3df-23e6-4bdc-8543-62bd365f1d94@group-7C2A91D7F1AE-StateMachineUpdater] INFO  impl.StateMachineUpdater (StateMachineUpdater.java:lambda$new$0(92)) - 8e0bf3df-23e6-4bdc-8543-62bd365f1d94@group-7C2A91D7F1AE-StateMachineUpdater: snapshotIndex: updateIncreasingly -1 -> 0
2022-05-22 15:39:42,598 [FixedThreadPoolWithAffinityExecutor-1-0] INFO  container.IncrementalContainerReportHandler (AbstractContainerReportHandler.java:updateContainerState(281)) - Moving container #3 to QUASI_CLOSED state, datanode 8e0bf3df-23e6-4bdc-8543-62bd365f1d94{ip: 10.1.0.29, host: fv-az40-114.rqf5bxgtie1u1lrk4cuotvq0td.cx.internal.cloudapp.net, ports: [REPLICATION=33491, RATIS=43719, RATIS_ADMIN=43719, RATIS_SERVER=43719, STANDALONE=38793], networkLocation: /default-rack, certSerialId: null, persistedOpState: IN_SERVICE, persistedOpStateExpiryEpochSec: 0} reported QUASI_CLOSED replica.
2022-05-22 15:39:42,598 [Command processor thread] INFO  server.RaftServer$Division (ServerState.java:close(429)) - 8e0bf3df-23e6-4bdc-8543-62bd365f1d94@group-7C2A91D7F1AE: closes. applyIndex: 0
2022-05-22 15:39:42,599 [8e0bf3df-23e6-4bdc-8543-62bd365f1d94@group-7C2A91D7F1AE-SegmentedRaftLogWorker] INFO  segmented.SegmentedRaftLogWorker (SegmentedRaftLogWorker.java:run(336)) - 8e0bf3df-23e6-4bdc-8543-62bd365f1d94@group-7C2A91D7F1AE-SegmentedRaftLogWorker was interrupted, exiting. There are 0 tasks remaining in the queue.
2022-05-22 15:39:42,599 [Command processor thread] INFO  segmented.SegmentedRaftLogWorker (SegmentedRaftLogWorker.java:close(246)) - 8e0bf3df-23e6-4bdc-8543-62bd365f1d94@group-7C2A91D7F1AE-SegmentedRaftLogWorker close()
2022-05-22 15:39:42,599 [Mini-Cluster-Provider-Reap] INFO  server.AbstractConnector (AbstractConnector.java:doStop(381)) - Stopped ServerConnector@168d5a5a{HTTP/1.1, (http/1.1)}{0.0.0.0:0}
2022-05-22 15:39:42,599 [Mini-Cluster-Provider-Reap] INFO  server.session (HouseKeeper.java:stopScavenging(149)) - node0 Stopped scavenging
2022-05-22 15:39:42,599 [Mini-Cluster-Provider-Reap] INFO  handler.ContextHandler (ContextHandler.java:doStop(1153)) - Stopped o.e.j.s.ServletContextHandler@75b2fe80{static,/static,jar:file:/home/runner/.m2/repository/org/apache/ozone/hdds-container-service/1.3.0-SNAPSHOT/hdds-container-service-1.3.0-SNAPSHOT.jar!/webapps/static,STOPPED}
2022-05-22 15:39:42,600 [Mini-Cluster-Provider-Reap] INFO  handler.ContextHandler (ContextHandler.java:doStop(1153)) - Stopped o.e.j.s.ServletContextHandler@4167ca76{logs,/logs,file:///home/runner/work/ozone/ozone/hadoop-ozone/integration-test/target/log,STOPPED}
2022-05-22 15:39:42,605 [Command processor thread] INFO  keyvalue.KeyValueContainer (KeyValueContainer.java:flushAndSyncDB(427)) - Container 1 is synced with bcsId 25.
2022-05-22 15:39:42,605 [Command processor thread] INFO  keyvalue.KeyValueContainer (KeyValueContainer.java:flushAndSyncDB(427)) - Container 1 is synced with bcsId 25.
2022-05-22 15:39:42,611 [Command processor thread] INFO  keyvalue.KeyValueContainer (KeyValueContainer.java:flushAndSyncDB(427)) - Container 2 is synced with bcsId 29.
2022-05-22 15:39:42,611 [Command processor thread] INFO  keyvalue.KeyValueContainer (KeyValueContainer.java:flushAndSyncDB(427)) - Container 2 is synced with bcsId 29.
2022-05-22 15:39:42,621 [Command processor thread] INFO  server.RaftServer$Division (RaftServerImpl.java:groupRemove(404)) - 8e0bf3df-23e6-4bdc-8543-62bd365f1d94@group-7C2A91D7F1AE: Succeed to remove RaftStorageDirectory Storage Directory /home/runner/work/ozone/ozone/hadoop-ozone/integration-test/target/test-dir/MiniOzoneClusterImpl-c76efa4e-2e00-4871-9ac8-6b05420f1cdb/datanode-2/data/ratis/2a07ae34-c4bd-4b3b-baf2-7c2a91d7f1ae
2022-05-22 15:39:42,621 [Command processor thread] INFO  commandhandler.ClosePipelineCommandHandler (ClosePipelineCommandHandler.java:handle(78)) - Close Pipeline PipelineID=2a07ae34-c4bd-4b3b-baf2-7c2a91d7f1ae command on datanode 8e0bf3df-23e6-4bdc-8543-62bd365f1d94.
2022-05-22 15:39:42,630 [Command processor thread] INFO  keyvalue.KeyValueContainer (KeyValueContainer.java:flushAndSyncDB(427)) - Container 3 is synced with bcsId 21.
2022-05-22 15:39:42,630 [Command processor thread] INFO  keyvalue.KeyValueContainer (KeyValueContainer.java:flushAndSyncDB(427)) - Container 3 is synced with bcsId 21.
2022-05-22 15:39:42,635 [Command processor thread] INFO  server.RaftServer$Division (RaftServerImpl.java:groupRemove(404)) - 5c1f160d-ba7c-4f6c-8b7f-bb182cdf7c3b@group-9299862A7268: Succeed to remove RaftStorageDirectory Storage Directory /home/runner/work/ozone/ozone/hadoop-ozone/integration-test/target/test-dir/MiniOzoneClusterImpl-c76efa4e-2e00-4871-9ac8-6b05420f1cdb/datanode-0/data/ratis/c1e3d6d9-61d6-4a0f-bf5a-9299862a7268
2022-05-22 15:39:42,635 [Command processor thread] INFO  commandhandler.ClosePipelineCommandHandler (ClosePipelineCommandHandler.java:handle(78)) - Close Pipeline PipelineID=c1e3d6d9-61d6-4a0f-bf5a-9299862a7268 command on datanode 5c1f160d-ba7c-4f6c-8b7f-bb182cdf7c3b.
2022-05-22 15:39:42,803 [ForkJoinPool.commonPool-worker-0] INFO  statemachine.DatanodeStateMachine (DatanodeStateMachine.java:stopDaemon(569)) - Ozone container server stopped.
2022-05-22 15:39:42,890 [ForkJoinPool.commonPool-worker-0] INFO  handler.ContextHandler (ContextHandler.java:doStop(1153)) - Stopped o.e.j.w.WebAppContext@4e20a985{hddsDatanode,/,null,STOPPED}{jar:file:/home/runner/.m2/repository/org/apache/ozone/hdds-container-service/1.3.0-SNAPSHOT/hdds-container-service-1.3.0-SNAPSHOT.jar!/webapps/hddsDatanode}
2022-05-22 15:39:42,890 [ForkJoinPool.commonPool-worker-0] INFO  server.AbstractConnector (AbstractConnector.java:doStop(381)) - Stopped ServerConnector@505a8582{HTTP/1.1, (http/1.1)}{0.0.0.0:35717}
2022-05-22 15:39:42,891 [ForkJoinPool.commonPool-worker-0] INFO  server.session (HouseKeeper.java:stopScavenging(149)) - node0 Stopped scavenging
2022-05-22 15:39:42,907 [ForkJoinPool.commonPool-worker-0] INFO  handler.ContextHandler (ContextHandler.java:doStop(1153)) - Stopped o.e.j.s.ServletContextHandler@34fc315d{static,/static,jar:file:/home/runner/.m2/repository/org/apache/ozone/hdds-container-service/1.3.0-SNAPSHOT/hdds-container-service-1.3.0-SNAPSHOT.jar!/webapps/static,STOPPED}
2022-05-22 15:39:42,927 [ReplicationMonitor] INFO  replication.ReplicationManager (ReplicationManager.java:processAll(249)) - Replication Monitor Thread took 0 milliseconds for processing 0 containers.
2022-05-22 15:39:42,962 [ForkJoinPool.commonPool-worker-0] INFO  handler.ContextHandler (ContextHandler.java:doStop(1153)) - Stopped o.e.j.s.ServletContextHandler@77a85e76{logs,/logs,file:///home/runner/work/ozone/ozone/hadoop-ozone/integration-test/target/log,STOPPED}
2022-05-22 15:39:43,044 [DatanodeAdminManager-0] INFO  node.DatanodeAdminMonitorImpl (DatanodeAdminMonitorImpl.java:run(148)) - There are 1 nodes tracked for decommission and maintenance. 0 pending nodes.
2022-05-22 15:39:43,072 [Listener at 127.0.0.1/35617] INFO  handler.ContextHandler (ContextHandler.java:doStart(915)) - Started o.e.j.w.WebAppContext@6af69eaf{hddsDatanode,/,file:///tmp/jetty-0_0_0_0-43933-hdds-container-service-1_3_0-SNAPSHOT_jar-_-any-7441932621422951576/webapp/,AVAILABLE}{jar:file:/home/runner/.m2/repository/org/apache/ozone/hdds-container-service/1.3.0-SNAPSHOT/hdds-container-service-1.3.0-SNAPSHOT.jar!/webapps/hddsDatanode}
2022-05-22 15:39:43,098 [Listener at 127.0.0.1/35617] INFO  server.AbstractConnector (AbstractConnector.java:doStart(331)) - Started ServerConnector@7afca8e0{HTTP/1.1, (http/1.1)}{0.0.0.0:43933}
2022-05-22 15:39:43,098 [Listener at 127.0.0.1/35617] INFO  server.Server (Server.java:doStart(415)) - Started @182478ms
2022-05-22 15:39:43,098 [Listener at 127.0.0.1/35617] WARN  impl.MetricsSystemImpl (MetricsSystemImpl.java:register(279)) - Sink prometheus already exists!
2022-05-22 15:39:43,099 [Listener at 127.0.0.1/35617] INFO  http.BaseHttpServer (BaseHttpServer.java:updateConnectorAddress(329)) - HTTP server of hddsDatanode listening at http://0.0.0.0:43933
2022-05-22 15:39:43,099 [Listener at 127.0.0.1/35617] WARN  impl.MetricRegistriesImpl (MetricRegistriesImpl.java:addReporterRegistration(111)) - New reporters are added after registries were created. Some metrics will be missing from the reporter. Please add reporter before adding any new registry.
2022-05-22 15:39:43,099 [Listener at 127.0.0.1/35617] WARN  impl.MetricRegistriesImpl (MetricRegistriesImpl.java:addReporterRegistration(111)) - New reporters are added after registries were created. Some metrics will be missing from the reporter. Please add reporter before adding any new registry.
2022-05-22 15:39:43,099 [Listener at 127.0.0.1/35617] INFO  impl.MetricsSystemImpl (MetricsSystemImpl.java:init(158)) - HddsDatanode metrics system started (again)
2022-05-22 15:39:43,147 [Datanode State Machine Daemon Thread] INFO  statemachine.DatanodeStateMachine (DatanodeStateMachine.java:lambda$startDaemon$0(481)) - Ozone container server started.
2022-05-22 15:39:43,176 [org.apache.hadoop.util.JvmPauseMonitor$Monitor@63b44c28] INFO  util.JvmPauseMonitor (JvmPauseMonitor.java:run(188)) - Starting JVM pause monitor
2022-05-22 15:39:43,185 [Datanode State Machine Task Thread - 0] INFO  datanode.InitDatanodeState (InitDatanodeState.java:persistContainerDatanodeDetails(138)) - DatanodeDetails is persisted to /home/runner/work/ozone/ozone/hadoop-ozone/integration-test/target/test-dir/MiniOzoneClusterImpl-07002df4-d7c2-4b84-9ed5-c026518b775a/datanode-2/meta/datanode.id
2022-05-22 15:39:43,194 [Listener at 127.0.0.1/35617] INFO  ozone.HddsDatanodeService (HddsDatanodeService.java:start(236)) - HddsDatanodeService host:fv-az40-114.rqf5bxgtie1u1lrk4cuotvq0td.cx.internal.cloudapp.net ip:10.1.0.29
2022-05-22 15:39:43,204 [Command processor thread] INFO  server.RaftServer (RaftServerProxy.java:remove(107)) - 5f1e0514-5409-444d-9702-e6f9cc3ca7ec: remove  FOLLOWER 5f1e0514-5409-444d-9702-e6f9cc3ca7ec@group-9299862A7268:t1, leader=5c1f160d-ba7c-4f6c-8b7f-bb182cdf7c3b, voted=5c1f160d-ba7c-4f6c-8b7f-bb182cdf7c3b, raftlog=5f1e0514-5409-444d-9702-e6f9cc3ca7ec@group-9299862A7268-SegmentedRaftLog:OPENED:c29, conf=0: [8e0bf3df-23e6-4bdc-8543-62bd365f1d94|rpc:10.1.0.29:43719|dataStream:|priority:0, 5c1f160d-ba7c-4f6c-8b7f-bb182cdf7c3b|rpc:10.1.0.29:36853|dataStream:|priority:1, 5f1e0514-5409-444d-9702-e6f9cc3ca7ec|rpc:10.1.0.29:45559|dataStream:|priority:0], old=null RUNNING
2022-05-22 15:39:43,204 [Command processor thread] INFO  server.RaftServer$Division (RaftServerImpl.java:lambda$close$4(434)) - 5f1e0514-5409-444d-9702-e6f9cc3ca7ec@group-9299862A7268: shutdown
2022-05-22 15:39:43,204 [Command processor thread] INFO  util.JmxRegister (JmxRegister.java:unregister(73)) - Successfully un-registered JMX Bean with object name Ratis:service=RaftServer,group=group-9299862A7268,id=5f1e0514-5409-444d-9702-e6f9cc3ca7ec
2022-05-22 15:39:43,204 [Command processor thread] INFO  impl.RoleInfo (RoleInfo.java:shutdownFollowerState(110)) - 5f1e0514-5409-444d-9702-e6f9cc3ca7ec: shutdown 5f1e0514-5409-444d-9702-e6f9cc3ca7ec@group-9299862A7268-FollowerState
2022-05-22 15:39:43,204 [Command processor thread] INFO  impl.StateMachineUpdater (StateMachineUpdater.java:stopAndJoin(153)) - 5f1e0514-5409-444d-9702-e6f9cc3ca7ec@group-9299862A7268-StateMachineUpdater: set stopIndex = 29
2022-05-22 15:39:43,204 [5f1e0514-5409-444d-9702-e6f9cc3ca7ec@group-9299862A7268-FollowerState] INFO  impl.FollowerState (FollowerState.java:run(152)) - 5f1e0514-5409-444d-9702-e6f9cc3ca7ec@group-9299862A7268-FollowerState was interrupted
2022-05-22 15:39:43,204 [5f1e0514-5409-444d-9702-e6f9cc3ca7ec@group-9299862A7268-StateMachineUpdater] INFO  ratis.ContainerStateMachine (ContainerStateMachine.java:takeSnapshot(304)) - group-9299862A7268: Taking a snapshot at:(t:1, i:29) file /home/runner/work/ozone/ozone/hadoop-ozone/integration-test/target/test-dir/MiniOzoneClusterImpl-c76efa4e-2e00-4871-9ac8-6b05420f1cdb/datanode-1/data/ratis/c1e3d6d9-61d6-4a0f-bf5a-9299862a7268/sm/snapshot.1_29
2022-05-22 15:39:43,208 [5f1e0514-5409-444d-9702-e6f9cc3ca7ec@group-9299862A7268-StateMachineUpdater] INFO  ratis.ContainerStateMachine (ContainerStateMachine.java:takeSnapshot(315)) - group-9299862A7268: Finished taking a snapshot at:(t:1, i:29) file:/home/runner/work/ozone/ozone/hadoop-ozone/integration-test/target/test-dir/MiniOzoneClusterImpl-c76efa4e-2e00-4871-9ac8-6b05420f1cdb/datanode-1/data/ratis/c1e3d6d9-61d6-4a0f-bf5a-9299862a7268/sm/snapshot.1_29 took: 4 ms
2022-05-22 15:39:43,208 [5f1e0514-5409-444d-9702-e6f9cc3ca7ec@group-9299862A7268-StateMachineUpdater] INFO  impl.StateMachineUpdater (StateMachineUpdater.java:takeSnapshot(287)) - 5f1e0514-5409-444d-9702-e6f9cc3ca7ec@group-9299862A7268-StateMachineUpdater: Took a snapshot at index 29
2022-05-22 15:39:43,208 [5f1e0514-5409-444d-9702-e6f9cc3ca7ec@group-9299862A7268-StateMachineUpdater] INFO  impl.StateMachineUpdater (StateMachineUpdater.java:lambda$new$0(92)) - 5f1e0514-5409-444d-9702-e6f9cc3ca7ec@group-9299862A7268-StateMachineUpdater: snapshotIndex: updateIncreasingly -1 -> 29
2022-05-22 15:39:43,209 [Command processor thread] INFO  server.RaftServer$Division (ServerState.java:close(429)) - 5f1e0514-5409-444d-9702-e6f9cc3ca7ec@group-9299862A7268: closes. applyIndex: 29
2022-05-22 15:39:43,209 [5f1e0514-5409-444d-9702-e6f9cc3ca7ec@group-9299862A7268-SegmentedRaftLogWorker] INFO  segmented.SegmentedRaftLogWorker (SegmentedRaftLogWorker.java:run(336)) - 5f1e0514-5409-444d-9702-e6f9cc3ca7ec@group-9299862A7268-SegmentedRaftLogWorker was interrupted, exiting. There are 0 tasks remaining in the queue.
2022-05-22 15:39:43,210 [Command processor thread] INFO  segmented.SegmentedRaftLogWorker (SegmentedRaftLogWorker.java:close(246)) - 5f1e0514-5409-444d-9702-e6f9cc3ca7ec@group-9299862A7268-SegmentedRaftLogWorker close()
2022-05-22 15:39:43,218 [ReplicationMonitor] INFO  replication.ReplicationManager (ReplicationManager.java:processAll(228)) - Replication Manager is not ready to run until 3000ms after safemode exit
2022-05-22 15:39:43,236 [Command processor thread] INFO  keyvalue.KeyValueContainer (KeyValueContainer.java:flushAndSyncDB(427)) - Container 1 is synced with bcsId 25.
2022-05-22 15:39:43,236 [Command processor thread] INFO  keyvalue.KeyValueContainer (KeyValueContainer.java:flushAndSyncDB(427)) - Container 1 is synced with bcsId 25.
2022-05-22 15:39:43,255 [Command processor thread] INFO  keyvalue.KeyValueContainer (KeyValueContainer.java:flushAndSyncDB(427)) - Container 2 is synced with bcsId 29.
2022-05-22 15:39:43,255 [Command processor thread] INFO  keyvalue.KeyValueContainer (KeyValueContainer.java:flushAndSyncDB(427)) - Container 2 is synced with bcsId 29.
2022-05-22 15:39:43,263 [Command processor thread] INFO  keyvalue.KeyValueContainer (KeyValueContainer.java:flushAndSyncDB(427)) - Container 3 is synced with bcsId 21.
2022-05-22 15:39:43,263 [Command processor thread] INFO  keyvalue.KeyValueContainer (KeyValueContainer.java:flushAndSyncDB(427)) - Container 3 is synced with bcsId 21.
2022-05-22 15:39:43,265 [Command processor thread] INFO  server.RaftServer$Division (RaftServerImpl.java:groupRemove(404)) - 5f1e0514-5409-444d-9702-e6f9cc3ca7ec@group-9299862A7268: Succeed to remove RaftStorageDirectory Storage Directory /home/runner/work/ozone/ozone/hadoop-ozone/integration-test/target/test-dir/MiniOzoneClusterImpl-c76efa4e-2e00-4871-9ac8-6b05420f1cdb/datanode-1/data/ratis/c1e3d6d9-61d6-4a0f-bf5a-9299862a7268
2022-05-22 15:39:43,265 [Command processor thread] INFO  commandhandler.ClosePipelineCommandHandler (ClosePipelineCommandHandler.java:handle(78)) - Close Pipeline PipelineID=c1e3d6d9-61d6-4a0f-bf5a-9299862a7268 command on datanode 5f1e0514-5409-444d-9702-e6f9cc3ca7ec.
2022-05-22 15:39:43,292 [ReplicationMonitor] INFO  replication.ReplicationManager (ReplicationManager.java:processAll(249)) - Replication Monitor Thread took 0 milliseconds for processing 6 containers.
2022-05-22 15:39:43,295 [Listener at 127.0.0.1/35617] INFO  upgrade.AbstractLayoutVersionManager (AbstractLayoutVersionManager.java:init(79)) - Initializing Layout version manager with metadata layout = ERASURE_CODED_STORAGE_SUPPORT (version = 3), software layout = ERASURE_CODED_STORAGE_SUPPORT (version = 3)
2022-05-22 15:39:43,346 [ReplicationMonitor] INFO  replication.LegacyReplicationManager (LegacyReplicationManager.java:forceCloseContainer(999)) - Force closing container #1 with BCSID 25, which is in QUASI_CLOSED state.
2022-05-22 15:39:43,346 [ReplicationMonitor] INFO  replication.LegacyReplicationManager (LegacyReplicationManager.java:sendCloseCommand(1408)) - Sending close container command for container #1 to datanode 8e0bf3df-23e6-4bdc-8543-62bd365f1d94{ip: 10.1.0.29, host: fv-az40-114.rqf5bxgtie1u1lrk4cuotvq0td.cx.internal.cloudapp.net, ports: [REPLICATION=33491, RATIS=43719, RATIS_ADMIN=43719, RATIS_SERVER=43719, STANDALONE=38793], networkLocation: /default-rack, certSerialId: null, persistedOpState: IN_SERVICE, persistedOpStateExpiryEpochSec: 0}.
2022-05-22 15:39:43,346 [ReplicationMonitor] INFO  replication.LegacyReplicationManager (LegacyReplicationManager.java:sendCloseCommand(1408)) - Sending close container command for container #1 to datanode 5c1f160d-ba7c-4f6c-8b7f-bb182cdf7c3b{ip: 10.1.0.29, host: fv-az40-114.rqf5bxgtie1u1lrk4cuotvq0td.cx.internal.cloudapp.net, ports: [REPLICATION=35723, RATIS=36853, RATIS_ADMIN=36853, RATIS_SERVER=36853, STANDALONE=44411], networkLocation: /default-rack, certSerialId: null, persistedOpState: IN_SERVICE, persistedOpStateExpiryEpochSec: 0}.
2022-05-22 15:39:43,346 [ReplicationMonitor] INFO  replication.LegacyReplicationManager (LegacyReplicationManager.java:sendCloseCommand(1408)) - Sending close container command for container #1 to datanode 5f1e0514-5409-444d-9702-e6f9cc3ca7ec{ip: 10.1.0.29, host: fv-az40-114.rqf5bxgtie1u1lrk4cuotvq0td.cx.internal.cloudapp.net, ports: [REPLICATION=34843, RATIS=45559, RATIS_ADMIN=45559, RATIS_SERVER=45559, STANDALONE=44461], networkLocation: /default-rack, certSerialId: null, persistedOpState: IN_SERVICE, persistedOpStateExpiryEpochSec: 0}.
2022-05-22 15:39:43,346 [ReplicationMonitor] INFO  replication.LegacyReplicationManager (LegacyReplicationManager.java:forceCloseContainer(999)) - Force closing container #2 with BCSID 29, which is in QUASI_CLOSED state.
2022-05-22 15:39:43,346 [ReplicationMonitor] INFO  replication.LegacyReplicationManager (LegacyReplicationManager.java:sendCloseCommand(1408)) - Sending close container command for container #2 to datanode 5f1e0514-5409-444d-9702-e6f9cc3ca7ec{ip: 10.1.0.29, host: fv-az40-114.rqf5bxgtie1u1lrk4cuotvq0td.cx.internal.cloudapp.net, ports: [REPLICATION=34843, RATIS=45559, RATIS_ADMIN=45559, RATIS_SERVER=45559, STANDALONE=44461], networkLocation: /default-rack, certSerialId: null, persistedOpState: IN_SERVICE, persistedOpStateExpiryEpochSec: 0}.
2022-05-22 15:39:43,346 [ReplicationMonitor] INFO  replication.LegacyReplicationManager (LegacyReplicationManager.java:sendCloseCommand(1408)) - Sending close container command for container #2 to datanode 5c1f160d-ba7c-4f6c-8b7f-bb182cdf7c3b{ip: 10.1.0.29, host: fv-az40-114.rqf5bxgtie1u1lrk4cuotvq0td.cx.internal.cloudapp.net, ports: [REPLICATION=35723, RATIS=36853, RATIS_ADMIN=36853, RATIS_SERVER=36853, STANDALONE=44411], networkLocation: /default-rack, certSerialId: null, persistedOpState: IN_SERVICE, persistedOpStateExpiryEpochSec: 0}.
2022-05-22 15:39:43,346 [ReplicationMonitor] INFO  replication.LegacyReplicationManager (LegacyReplicationManager.java:sendCloseCommand(1408)) - Sending close container command for container #2 to datanode 8e0bf3df-23e6-4bdc-8543-62bd365f1d94{ip: 10.1.0.29, host: fv-az40-114.rqf5bxgtie1u1lrk4cuotvq0td.cx.internal.cloudapp.net, ports: [REPLICATION=33491, RATIS=43719, RATIS_ADMIN=43719, RATIS_SERVER=43719, STANDALONE=38793], networkLocation: /default-rack, certSerialId: null, persistedOpState: IN_SERVICE, persistedOpStateExpiryEpochSec: 0}.
2022-05-22 15:39:43,346 [ReplicationMonitor] INFO  replication.LegacyReplicationManager (LegacyReplicationManager.java:forceCloseContainer(999)) - Force closing container #3 with BCSID 21, which is in QUASI_CLOSED state.
2022-05-22 15:39:43,346 [ReplicationMonitor] INFO  replication.LegacyReplicationManager (LegacyReplicationManager.java:sendCloseCommand(1408)) - Sending close container command for container #3 to datanode 8e0bf3df-23e6-4bdc-8543-62bd365f1d94{ip: 10.1.0.29, host: fv-az40-114.rqf5bxgtie1u1lrk4cuotvq0td.cx.internal.cloudapp.net, ports: [REPLICATION=33491, RATIS=43719, RATIS_ADMIN=43719, RATIS_SERVER=43719, STANDALONE=38793], networkLocation: /default-rack, certSerialId: null, persistedOpState: IN_SERVICE, persistedOpStateExpiryEpochSec: 0}.
2022-05-22 15:39:43,346 [ReplicationMonitor] INFO  replication.LegacyReplicationManager (LegacyReplicationManager.java:sendCloseCommand(1408)) - Sending close container command for container #3 to datanode 5f1e0514-5409-444d-9702-e6f9cc3ca7ec{ip: 10.1.0.29, host: fv-az40-114.rqf5bxgtie1u1lrk4cuotvq0td.cx.internal.cloudapp.net, ports: [REPLICATION=34843, RATIS=45559, RATIS_ADMIN=45559, RATIS_SERVER=45559, STANDALONE=44461], networkLocation: /default-rack, certSerialId: null, persistedOpState: IN_SERVICE, persistedOpStateExpiryEpochSec: 0}.
2022-05-22 15:39:43,346 [ReplicationMonitor] INFO  replication.LegacyReplicationManager (LegacyReplicationManager.java:sendCloseCommand(1408)) - Sending close container command for container #3 to datanode 5c1f160d-ba7c-4f6c-8b7f-bb182cdf7c3b{ip: 10.1.0.29, host: fv-az40-114.rqf5bxgtie1u1lrk4cuotvq0td.cx.internal.cloudapp.net, ports: [REPLICATION=35723, RATIS=36853, RATIS_ADMIN=36853, RATIS_SERVER=36853, STANDALONE=44411], networkLocation: /default-rack, certSerialId: null, persistedOpState: IN_SERVICE, persistedOpStateExpiryEpochSec: 0}.
2022-05-22 15:39:43,347 [ReplicationMonitor] INFO  replication.ReplicationManager (ReplicationManager.java:processAll(249)) - Replication Monitor Thread took 1 milliseconds for processing 6 containers.
2022-05-22 15:39:43,402 [IPC Server handler 0 on default port 44391] INFO  net.NetworkTopologyImpl (NetworkTopologyImpl.java:add(112)) - Added a new node: /default-rack/68bbd161-46a2-4e99-bec1-c723d9793472
2022-05-22 15:39:43,402 [IPC Server handler 0 on default port 44391] INFO  node.SCMNodeManager (SCMNodeManager.java:register(393)) - Registered Data node : 68bbd161-46a2-4e99-bec1-c723d9793472{ip: 10.1.0.29, host: fv-az40-114.rqf5bxgtie1u1lrk4cuotvq0td.cx.internal.cloudapp.net, ports: [REPLICATION=41319, RATIS=41283, RATIS_ADMIN=41283, RATIS_SERVER=41283, STANDALONE=45543], networkLocation: /default-rack, certSerialId: null, persistedOpState: null, persistedOpStateExpiryEpochSec: 0}
2022-05-22 15:39:43,411 [EventQueue-NodeRegistrationContainerReportForDataNodeSafeModeRule] INFO  safemode.SCMSafeModeManager (DataNodeSafeModeRule.java:process(71)) - SCM in safe mode. 1 DataNodes registered, 3 required.
2022-05-22 15:39:43,411 [EventQueue-NodeRegistrationContainerReportForContainerSafeModeRule] INFO  safemode.SCMSafeModeManager (SCMSafeModeManager.java:validateSafeModeExitRules(204)) - ContainerSafeModeRule rule is successfully validated
2022-05-22 15:39:43,439 [EventQueue-NewNodeForNewNodeHandler] INFO  pipeline.BackgroundPipelineCreator (BackgroundPipelineCreator.java:notifyEventTriggered(272)) - trigger a one-shot run on RatisPipelineUtilsThread.
2022-05-22 15:39:43,439 [RatisPipelineUtilsThread - 0] INFO  pipeline.RatisPipelineProvider (RatisPipelineProvider.java:lambda$create$0(195)) - Sending CreatePipelineCommand for pipeline:PipelineID=ad736b55-ab1d-4bb5-9f93-ff98238044f1 to datanode:68bbd161-46a2-4e99-bec1-c723d9793472
2022-05-22 15:39:43,440 [RatisPipelineUtilsThread - 0] INFO  pipeline.PipelineStateManagerImpl (PipelineStateManagerImpl.java:addPipeline(101)) - Created pipeline Pipeline[ Id: ad736b55-ab1d-4bb5-9f93-ff98238044f1, Nodes: 68bbd161-46a2-4e99-bec1-c723d9793472{ip: 10.1.0.29, host: fv-az40-114.rqf5bxgtie1u1lrk4cuotvq0td.cx.internal.cloudapp.net, ports: [REPLICATION=41319, RATIS=41283, RATIS_ADMIN=41283, RATIS_SERVER=41283, STANDALONE=45543], networkLocation: /default-rack, certSerialId: null, persistedOpState: IN_SERVICE, persistedOpStateExpiryEpochSec: 0}, ReplicationConfig: RATIS/ONE, State:ALLOCATED, leaderId:, CreationTimestamp2022-05-22T15:39:43.439Z[Etc/UTC]].
2022-05-22 15:39:43,501 [EventQueue-PipelineReportForOneReplicaPipelineSafeModeRule] INFO  safemode.SCMSafeModeManager (SCMSafeModeManager.java:validateSafeModeExitRules(204)) - AtleastOneDatanodeReportedRule rule is successfully validated
2022-05-22 15:39:43,551 [Listener at 127.0.0.1/35617] INFO  reflections.Reflections (Reflections.java:scan(232)) - Reflections took 254 ms to scan 7 urls, producing 127 keys and 292 values 
2022-05-22 15:39:43,568 [Listener at 127.0.0.1/35617] INFO  statemachine.DatanodeStateMachine (DatanodeStateMachine.java:getEndPointTaskThreadPoolSize(233)) - Datanode State Machine Task Thread Pool size 2
2022-05-22 15:39:43,569 [Listener at 127.0.0.1/35617] INFO  volume.HddsVolume (HddsVolume.java:<init>(120)) - Creating HddsVolume: /home/runner/work/ozone/ozone/hadoop-ozone/integration-test/target/test-dir/MiniOzoneClusterImpl-07002df4-d7c2-4b84-9ed5-c026518b775a/datanode-3/data-0/containers/hdds of storage type : DISK capacity : 9223372036854775807
2022-05-22 15:39:43,569 [Listener at 127.0.0.1/35617] INFO  volume.MutableVolumeSet (MutableVolumeSet.java:initializeVolumeSet(168)) - Added Volume : /home/runner/work/ozone/ozone/hadoop-ozone/integration-test/target/test-dir/MiniOzoneClusterImpl-07002df4-d7c2-4b84-9ed5-c026518b775a/datanode-3/data-0/containers/hdds to VolumeSet
2022-05-22 15:39:43,569 [Listener at 127.0.0.1/35617] INFO  volume.ThrottledAsyncChecker (ThrottledAsyncChecker.java:schedule(141)) - Scheduling a check for /home/runner/work/ozone/ozone/hadoop-ozone/integration-test/target/test-dir/MiniOzoneClusterImpl-07002df4-d7c2-4b84-9ed5-c026518b775a/datanode-3/data-0/containers/hdds
2022-05-22 15:39:43,570 [EndpointStateMachine task thread for /0.0.0.0:44391 - 0 ] INFO  ozoneimpl.OzoneContainer (OzoneContainer.java:start(335)) - Attempting to start container services.
2022-05-22 15:39:43,570 [EndpointStateMachine task thread for /0.0.0.0:44391 - 0 ] INFO  ozoneimpl.OzoneContainer (OzoneContainer.java:startContainerScrub(270)) - Background container scanner has been disabled.
2022-05-22 15:39:43,573 [EndpointStateMachine task thread for /0.0.0.0:44391 - 0 ] INFO  replication.ReplicationServer (ReplicationServer.java:start(111)) - ReplicationServer is started using port 42973
2022-05-22 15:39:43,609 [Listener at 127.0.0.1/35617] INFO  volume.StorageVolumeChecker (StorageVolumeChecker.java:checkAllVolumes(202)) - Scheduled health check for volume /home/runner/work/ozone/ozone/hadoop-ozone/integration-test/target/test-dir/MiniOzoneClusterImpl-07002df4-d7c2-4b84-9ed5-c026518b775a/datanode-3/data-0/containers/hdds
2022-05-22 15:39:43,618 [EndpointStateMachine task thread for /0.0.0.0:44391 - 0 ] INFO  ratis.XceiverServerRatis (XceiverServerRatis.java:start(481)) - Starting XceiverServerRatis 8fe54574-472b-4a35-bb2e-e43e8dda1055
2022-05-22 15:39:43,640 [EndpointStateMachine task thread for /0.0.0.0:44391 - 0 ] INFO  server.RaftServer (RaftServerProxy.java:lambda$start$6(382)) - 8fe54574-472b-4a35-bb2e-e43e8dda1055: start RPC server
2022-05-22 15:39:43,641 [EndpointStateMachine task thread for /0.0.0.0:44391 - 0 ] INFO  server.GrpcService (GrpcService.java:startImpl(260)) - 8fe54574-472b-4a35-bb2e-e43e8dda1055: GrpcService started, listening on 33581
2022-05-22 15:39:43,648 [EndpointStateMachine task thread for /0.0.0.0:44391 - 0 ] INFO  ratis.XceiverServerRatis (XceiverServerRatis.java:getRealPort(502)) - XceiverServerRatis 8fe54574-472b-4a35-bb2e-e43e8dda1055 is started using port 33581 for RATIS
2022-05-22 15:39:43,648 [EndpointStateMachine task thread for /0.0.0.0:44391 - 0 ] INFO  ratis.XceiverServerRatis (XceiverServerRatis.java:getRealPort(502)) - XceiverServerRatis 8fe54574-472b-4a35-bb2e-e43e8dda1055 is started using port 33581 for RATIS_ADMIN
2022-05-22 15:39:43,648 [EndpointStateMachine task thread for /0.0.0.0:44391 - 0 ] INFO  ratis.XceiverServerRatis (XceiverServerRatis.java:getRealPort(502)) - XceiverServerRatis 8fe54574-472b-4a35-bb2e-e43e8dda1055 is started using port 33581 for RATIS_SERVER
2022-05-22 15:39:43,648 [org.apache.ratis.util.JvmPauseMonitor$$Lambda$702/2064598138@56caf9d8] INFO  util.JvmPauseMonitor (JvmPauseMonitor.java:run(103)) - JvmPauseMonitor-8fe54574-472b-4a35-bb2e-e43e8dda1055: Started
2022-05-22 15:39:43,668 [EndpointStateMachine task thread for /0.0.0.0:44391 - 0 ] INFO  server.XceiverServerGrpc (XceiverServerGrpc.java:start(180)) - XceiverServerGrpc 8fe54574-472b-4a35-bb2e-e43e8dda1055 is started using port 39711
2022-05-22 15:39:43,718 [Listener at 127.0.0.1/35617] INFO  volume.MutableVolumeSet (MutableVolumeSet.java:initializeVolumeSet(168)) - Added Volume : /home/runner/work/ozone/ozone/hadoop-ozone/integration-test/target/test-dir/MiniOzoneClusterImpl-07002df4-d7c2-4b84-9ed5-c026518b775a/datanode-3/data/ratis to VolumeSet
2022-05-22 15:39:43,718 [Listener at 127.0.0.1/35617] INFO  volume.ThrottledAsyncChecker (ThrottledAsyncChecker.java:schedule(141)) - Scheduling a check for /home/runner/work/ozone/ozone/hadoop-ozone/integration-test/target/test-dir/MiniOzoneClusterImpl-07002df4-d7c2-4b84-9ed5-c026518b775a/datanode-3/data/ratis
2022-05-22 15:39:43,718 [Listener at 127.0.0.1/35617] INFO  volume.StorageVolumeChecker (StorageVolumeChecker.java:checkAllVolumes(202)) - Scheduled health check for volume /home/runner/work/ozone/ozone/hadoop-ozone/integration-test/target/test-dir/MiniOzoneClusterImpl-07002df4-d7c2-4b84-9ed5-c026518b775a/datanode-3/data/ratis
2022-05-22 15:39:43,807 [Thread-3688] INFO  ozoneimpl.ContainerReader (ContainerReader.java:readVolume(172)) - Finish verifying containers on volume /home/runner/work/ozone/ozone/hadoop-ozone/integration-test/target/test-dir/MiniOzoneClusterImpl-07002df4-d7c2-4b84-9ed5-c026518b775a/datanode-3/data-0/containers/hdds
2022-05-22 15:39:43,807 [Listener at 127.0.0.1/35617] INFO  ozoneimpl.OzoneContainer (OzoneContainer.java:buildContainerSet(257)) - Build ContainerSet costs 0s
2022-05-22 15:39:43,819 [Listener at 127.0.0.1/35617] INFO  server.RaftServer (ConfUtils.java:logGet(46)) - raft.rpc.type = GRPC (default)
2022-05-22 15:39:43,819 [Listener at 127.0.0.1/35617] INFO  grpc.GrpcFactory (GrpcFactory.java:checkPooledByteBufAllocatorUseCacheForAllThreads(48)) - PERFORMANCE WARNING: useCacheForAllThreads is true that may cause Netty to create a lot garbage objects and, as a result, trigger GC.
	It is recommended to disable useCacheForAllThreads by setting -Dorg.apache.ratis.thirdparty.io.netty.allocator.useCacheForAllThreads=false in command line.
2022-05-22 15:39:43,819 [Listener at 127.0.0.1/35617] INFO  grpc.GrpcConfigKeys (ConfUtils.java:logGet(46)) - raft.grpc.admin.port = 0 (custom)
2022-05-22 15:39:43,820 [Listener at 127.0.0.1/35617] INFO  grpc.GrpcConfigKeys (ConfUtils.java:logGet(46)) - raft.grpc.client.port = 0 (custom)
2022-05-22 15:39:43,820 [Listener at 127.0.0.1/35617] INFO  grpc.GrpcConfigKeys (ConfUtils.java:logGet(46)) - raft.grpc.server.port = 0 (default)
2022-05-22 15:39:43,820 [Listener at 127.0.0.1/35617] INFO  server.GrpcService (ConfUtils.java:logGet(46)) - raft.grpc.message.size.max = 32MB (=33554432) (custom)
2022-05-22 15:39:43,820 [Listener at 127.0.0.1/35617] INFO  server.RaftServerConfigKeys (ConfUtils.java:logGet(46)) - raft.server.log.appender.buffer.byte-limit = 33554432 (custom)
2022-05-22 15:39:43,820 [Listener at 127.0.0.1/35617] INFO  server.GrpcService (ConfUtils.java:logGet(46)) - raft.grpc.flow.control.window = 5MB (=5242880) (custom)
2022-05-22 15:39:43,820 [Listener at 127.0.0.1/35617] INFO  server.RaftServerConfigKeys (ConfUtils.java:logGet(46)) - raft.server.rpc.request.timeout = 60s (custom)
2022-05-22 15:39:43,820 [Listener at 127.0.0.1/35617] INFO  grpc.GrpcConfigKeys (ConfUtils.java:logGet(46)) - raft.grpc.server.async.request.thread.pool.cached = true (default)
2022-05-22 15:39:43,820 [Listener at 127.0.0.1/35617] INFO  grpc.GrpcConfigKeys (ConfUtils.java:logGet(46)) - raft.grpc.server.async.request.thread.pool.size = 32 (default)
2022-05-22 15:39:43,837 [Listener at 127.0.0.1/35617] INFO  impl.DataStreamServerImpl (ConfUtils.java:logGet(46)) - raft.datastream.type = DISABLED (default)
2022-05-22 15:39:43,837 [Listener at 127.0.0.1/35617] INFO  server.RaftServerConfigKeys (ConfUtils.java:logGet(46)) - raft.server.threadpool.proxy.cached = true (default)
2022-05-22 15:39:43,837 [Listener at 127.0.0.1/35617] INFO  server.RaftServerConfigKeys (ConfUtils.java:logGet(46)) - raft.server.threadpool.proxy.size = 0 (default)
2022-05-22 15:39:43,837 [Listener at 127.0.0.1/35617] INFO  server.RaftServerConfigKeys (ConfUtils.java:logGet(46)) - raft.server.rpc.slowness.timeout = 300s (custom)
2022-05-22 15:39:43,837 [Listener at 127.0.0.1/35617] INFO  server.RaftServerConfigKeys (ConfUtils.java:logGet(46)) - raft.server.leaderelection.leader.step-down.wait-time = 10s (default)
2022-05-22 15:39:43,837 [Listener at 127.0.0.1/35617] INFO  server.RaftServerConfigKeys (ConfUtils.java:logGet(46)) - raft.server.storage.dir = [/home/runner/work/ozone/ozone/hadoop-ozone/integration-test/target/test-dir/MiniOzoneClusterImpl-07002df4-d7c2-4b84-9ed5-c026518b775a/datanode-3/data/ratis] (custom)
2022-05-22 15:39:43,857 [Listener at 127.0.0.1/35617] INFO  server.XceiverServerGrpc (XceiverServerGrpc.java:<init>(132)) - GrpcServer channel type EpollServerSocketChannel
2022-05-22 15:39:43,869 [Listener at 127.0.0.1/35617] INFO  http.BaseHttpServer (BaseHttpServer.java:newHttpServer2BuilderForOzone(209)) - Starting Web-server for hddsDatanode at: http://0.0.0.0:0
2022-05-22 15:39:43,869 [Listener at 127.0.0.1/35617] INFO  http.BaseHttpServer (BaseHttpServer.java:<init>(107)) - Hadoop Security Enabled: false Ozone Security Enabled: false Ozone HTTP Security Enabled: false 
2022-05-22 15:39:43,869 [Listener at 127.0.0.1/35617] INFO  server.AuthenticationFilter (AuthenticationFilter.java:constructSecretProvider(240)) - Unable to initialize FileSignerSecretProvider, falling back to use random secrets.
2022-05-22 15:39:43,888 [Listener at 127.0.0.1/35617] WARN  http.HttpRequestLog (HttpRequestLog.java:getRequestLog(103)) - Jetty request log can only be enabled using Log4j
2022-05-22 15:39:43,888 [Listener at 127.0.0.1/35617] INFO  http.HttpServer2 (HttpServer2.java:addGlobalFilter(1030)) - Added global filter 'safety' (class=org.apache.hadoop.hdds.server.http.HttpServer2$QuotingInputFilter)
2022-05-22 15:39:43,889 [Listener at 127.0.0.1/35617] INFO  http.HttpServer2 (HttpServer2.java:addFilter(1006)) - Added filter static_user_filter (class=org.apache.hadoop.http.lib.StaticUserWebFilter$StaticUserFilter) to context hddsDatanode
2022-05-22 15:39:43,889 [Listener at 127.0.0.1/35617] INFO  http.HttpServer2 (HttpServer2.java:addFilter(1014)) - Added filter static_user_filter (class=org.apache.hadoop.http.lib.StaticUserWebFilter$StaticUserFilter) to context logs
2022-05-22 15:39:43,889 [Listener at 127.0.0.1/35617] INFO  http.HttpServer2 (HttpServer2.java:addFilter(1014)) - Added filter static_user_filter (class=org.apache.hadoop.http.lib.StaticUserWebFilter$StaticUserFilter) to context static
2022-05-22 15:39:43,889 [Listener at 127.0.0.1/35617] INFO  http.HttpServer2 (HttpServer2.java:bindListener(1249)) - Jetty bound to port 34959
2022-05-22 15:39:43,889 [Listener at 127.0.0.1/35617] INFO  server.Server (Server.java:doStart(375)) - jetty-9.4.43.v20210629; built: 2021-06-30T11:07:22.254Z; git: 526006ecfa3af7f1a27ef3a288e2bef7ea9dd7e8; jvm 1.8.0_332-b09
2022-05-22 15:39:43,927 [ReplicationMonitor] INFO  replication.ReplicationManager (ReplicationManager.java:processAll(249)) - Replication Monitor Thread took 0 milliseconds for processing 0 containers.
2022-05-22 15:39:43,954 [Listener at 127.0.0.1/35617] INFO  server.session (DefaultSessionIdManager.java:doStart(334)) - DefaultSessionIdManager workerName=node0
2022-05-22 15:39:43,954 [Listener at 127.0.0.1/35617] INFO  server.session (DefaultSessionIdManager.java:doStart(339)) - No SessionScavenger set, using defaults
2022-05-22 15:39:43,955 [Listener at 127.0.0.1/35617] INFO  server.session (HouseKeeper.java:startScavenging(132)) - node0 Scavenging every 600000ms
2022-05-22 15:39:43,955 [Listener at 127.0.0.1/35617] INFO  handler.ContextHandler (ContextHandler.java:doStart(915)) - Started o.e.j.s.ServletContextHandler@261c503b{logs,/logs,file:///home/runner/work/ozone/ozone/hadoop-ozone/integration-test/target/log,AVAILABLE}
2022-05-22 15:39:43,955 [Listener at 127.0.0.1/35617] INFO  handler.ContextHandler (ContextHandler.java:doStart(915)) - Started o.e.j.s.ServletContextHandler@693add02{static,/static,jar:file:/home/runner/.m2/repository/org/apache/ozone/hdds-container-service/1.3.0-SNAPSHOT/hdds-container-service-1.3.0-SNAPSHOT.jar!/webapps/static,AVAILABLE}
2022-05-22 15:39:44,044 [DatanodeAdminManager-0] INFO  node.DatanodeAdminMonitorImpl (DatanodeAdminMonitorImpl.java:checkContainersReplicatedOnNode(327)) - 8e0bf3df-23e6-4bdc-8543-62bd365f1d94{ip: 10.1.0.29, host: fv-az40-114.rqf5bxgtie1u1lrk4cuotvq0td.cx.internal.cloudapp.net, ports: [REPLICATION=33491, RATIS=43719, RATIS_ADMIN=43719, RATIS_SERVER=43719, STANDALONE=38793], networkLocation: /default-rack, certSerialId: null, persistedOpState: ENTERING_MAINTENANCE, persistedOpStateExpiryEpochSec: 0} has 3 sufficientlyReplicated, 0 underReplicated and 0 unhealthy containers
2022-05-22 15:39:44,044 [DatanodeAdminManager-0] INFO  node.DatanodeAdminMonitorImpl (DatanodeAdminMonitorImpl.java:putIntoMaintenance(362)) - Datanode 8e0bf3df-23e6-4bdc-8543-62bd365f1d94{ip: 10.1.0.29, host: fv-az40-114.rqf5bxgtie1u1lrk4cuotvq0td.cx.internal.cloudapp.net, ports: [REPLICATION=33491, RATIS=43719, RATIS_ADMIN=43719, RATIS_SERVER=43719, STANDALONE=38793], networkLocation: /default-rack, certSerialId: null, persistedOpState: ENTERING_MAINTENANCE, persistedOpStateExpiryEpochSec: 0} has entered maintenance
2022-05-22 15:39:44,045 [DatanodeAdminManager-0] INFO  node.DatanodeAdminMonitorImpl (DatanodeAdminMonitorImpl.java:run(148)) - There are 1 nodes tracked for decommission and maintenance. 0 pending nodes.
2022-05-22 15:39:44,045 [EventQueue-HealthyReadonlyToHealthyNodeForReadOnlyHealthyToHealthyNodeHandler] INFO  node.ReadOnlyHealthyToHealthyNodeHandler (ReadOnlyHealthyToHealthyNodeHandler.java:onMessage(51)) - Datanode 8e0bf3df-23e6-4bdc-8543-62bd365f1d94{ip: 10.1.0.29, host: fv-az40-114.rqf5bxgtie1u1lrk4cuotvq0td.cx.internal.cloudapp.net, ports: [REPLICATION=33491, RATIS=43719, RATIS_ADMIN=43719, RATIS_SERVER=43719, STANDALONE=38793], networkLocation: /default-rack, certSerialId: null, persistedOpState: ENTERING_MAINTENANCE, persistedOpStateExpiryEpochSec: 0} moved to HEALTHY state.
2022-05-22 15:39:44,045 [EventQueue-HealthyReadonlyToHealthyNodeForReadOnlyHealthyToHealthyNodeHandler] INFO  pipeline.BackgroundPipelineCreator (BackgroundPipelineCreator.java:notifyEventTriggered(272)) - trigger a one-shot run on RatisPipelineUtilsThread.
2022-05-22 15:39:44,218 [ReplicationMonitor] INFO  replication.ReplicationManager (ReplicationManager.java:processAll(228)) - Replication Manager is not ready to run until 3000ms after safemode exit
2022-05-22 15:39:44,292 [ReplicationMonitor] INFO  replication.ReplicationManager (ReplicationManager.java:processAll(249)) - Replication Monitor Thread took 0 milliseconds for processing 6 containers.
2022-05-22 15:39:44,386 [ReplicationMonitor] INFO  replication.LegacyReplicationManager (LegacyReplicationManager.java:forceCloseContainer(999)) - Force closing container #1 with BCSID 25, which is in QUASI_CLOSED state.
2022-05-22 15:39:44,386 [ReplicationMonitor] INFO  replication.LegacyReplicationManager (LegacyReplicationManager.java:sendCloseCommand(1408)) - Sending close container command for container #1 to datanode 8e0bf3df-23e6-4bdc-8543-62bd365f1d94{ip: 10.1.0.29, host: fv-az40-114.rqf5bxgtie1u1lrk4cuotvq0td.cx.internal.cloudapp.net, ports: [REPLICATION=33491, RATIS=43719, RATIS_ADMIN=43719, RATIS_SERVER=43719, STANDALONE=38793], networkLocation: /default-rack, certSerialId: null, persistedOpState: ENTERING_MAINTENANCE, persistedOpStateExpiryEpochSec: 0}.
2022-05-22 15:39:44,386 [ReplicationMonitor] INFO  replication.LegacyReplicationManager (LegacyReplicationManager.java:sendCloseCommand(1408)) - Sending close container command for container #1 to datanode 5c1f160d-ba7c-4f6c-8b7f-bb182cdf7c3b{ip: 10.1.0.29, host: fv-az40-114.rqf5bxgtie1u1lrk4cuotvq0td.cx.internal.cloudapp.net, ports: [REPLICATION=35723, RATIS=36853, RATIS_ADMIN=36853, RATIS_SERVER=36853, STANDALONE=44411], networkLocation: /default-rack, certSerialId: null, persistedOpState: IN_SERVICE, persistedOpStateExpiryEpochSec: 0}.
2022-05-22 15:39:44,386 [ReplicationMonitor] INFO  replication.LegacyReplicationManager (LegacyReplicationManager.java:sendCloseCommand(1408)) - Sending close container command for container #1 to datanode 5f1e0514-5409-444d-9702-e6f9cc3ca7ec{ip: 10.1.0.29, host: fv-az40-114.rqf5bxgtie1u1lrk4cuotvq0td.cx.internal.cloudapp.net, ports: [REPLICATION=34843, RATIS=45559, RATIS_ADMIN=45559, RATIS_SERVER=45559, STANDALONE=44461], networkLocation: /default-rack, certSerialId: null, persistedOpState: IN_SERVICE, persistedOpStateExpiryEpochSec: 0}.
2022-05-22 15:39:44,386 [ReplicationMonitor] INFO  replication.LegacyReplicationManager (LegacyReplicationManager.java:forceCloseContainer(999)) - Force closing container #2 with BCSID 29, which is in QUASI_CLOSED state.
2022-05-22 15:39:44,386 [ReplicationMonitor] INFO  replication.LegacyReplicationManager (LegacyReplicationManager.java:sendCloseCommand(1408)) - Sending close container command for container #2 to datanode 5f1e0514-5409-444d-9702-e6f9cc3ca7ec{ip: 10.1.0.29, host: fv-az40-114.rqf5bxgtie1u1lrk4cuotvq0td.cx.internal.cloudapp.net, ports: [REPLICATION=34843, RATIS=45559, RATIS_ADMIN=45559, RATIS_SERVER=45559, STANDALONE=44461], networkLocation: /default-rack, certSerialId: null, persistedOpState: IN_SERVICE, persistedOpStateExpiryEpochSec: 0}.
2022-05-22 15:39:44,386 [ReplicationMonitor] INFO  replication.LegacyReplicationManager (LegacyReplicationManager.java:sendCloseCommand(1408)) - Sending close container command for container #2 to datanode 5c1f160d-ba7c-4f6c-8b7f-bb182cdf7c3b{ip: 10.1.0.29, host: fv-az40-114.rqf5bxgtie1u1lrk4cuotvq0td.cx.internal.cloudapp.net, ports: [REPLICATION=35723, RATIS=36853, RATIS_ADMIN=36853, RATIS_SERVER=36853, STANDALONE=44411], networkLocation: /default-rack, certSerialId: null, persistedOpState: IN_SERVICE, persistedOpStateExpiryEpochSec: 0}.
2022-05-22 15:39:44,386 [ReplicationMonitor] INFO  replication.LegacyReplicationManager (LegacyReplicationManager.java:sendCloseCommand(1408)) - Sending close container command for container #2 to datanode 8e0bf3df-23e6-4bdc-8543-62bd365f1d94{ip: 10.1.0.29, host: fv-az40-114.rqf5bxgtie1u1lrk4cuotvq0td.cx.internal.cloudapp.net, ports: [REPLICATION=33491, RATIS=43719, RATIS_ADMIN=43719, RATIS_SERVER=43719, STANDALONE=38793], networkLocation: /default-rack, certSerialId: null, persistedOpState: ENTERING_MAINTENANCE, persistedOpStateExpiryEpochSec: 0}.
2022-05-22 15:39:44,387 [ReplicationMonitor] INFO  replication.LegacyReplicationManager (LegacyReplicationManager.java:forceCloseContainer(999)) - Force closing container #3 with BCSID 21, which is in QUASI_CLOSED state.
2022-05-22 15:39:44,387 [ReplicationMonitor] INFO  replication.LegacyReplicationManager (LegacyReplicationManager.java:sendCloseCommand(1408)) - Sending close container command for container #3 to datanode 8e0bf3df-23e6-4bdc-8543-62bd365f1d94{ip: 10.1.0.29, host: fv-az40-114.rqf5bxgtie1u1lrk4cuotvq0td.cx.internal.cloudapp.net, ports: [REPLICATION=33491, RATIS=43719, RATIS_ADMIN=43719, RATIS_SERVER=43719, STANDALONE=38793], networkLocation: /default-rack, certSerialId: null, persistedOpState: ENTERING_MAINTENANCE, persistedOpStateExpiryEpochSec: 0}.
2022-05-22 15:39:44,387 [ReplicationMonitor] INFO  replication.LegacyReplicationManager (LegacyReplicationManager.java:sendCloseCommand(1408)) - Sending close container command for container #3 to datanode 5f1e0514-5409-444d-9702-e6f9cc3ca7ec{ip: 10.1.0.29, host: fv-az40-114.rqf5bxgtie1u1lrk4cuotvq0td.cx.internal.cloudapp.net, ports: [REPLICATION=34843, RATIS=45559, RATIS_ADMIN=45559, RATIS_SERVER=45559, STANDALONE=44461], networkLocation: /default-rack, certSerialId: null, persistedOpState: IN_SERVICE, persistedOpStateExpiryEpochSec: 0}.
2022-05-22 15:39:44,387 [ReplicationMonitor] INFO  replication.LegacyReplicationManager (LegacyReplicationManager.java:sendCloseCommand(1408)) - Sending close container command for container #3 to datanode 5c1f160d-ba7c-4f6c-8b7f-bb182cdf7c3b{ip: 10.1.0.29, host: fv-az40-114.rqf5bxgtie1u1lrk4cuotvq0td.cx.internal.cloudapp.net, ports: [REPLICATION=35723, RATIS=36853, RATIS_ADMIN=36853, RATIS_SERVER=36853, STANDALONE=44411], networkLocation: /default-rack, certSerialId: null, persistedOpState: IN_SERVICE, persistedOpStateExpiryEpochSec: 0}.
2022-05-22 15:39:44,387 [ReplicationMonitor] INFO  replication.ReplicationManager (ReplicationManager.java:processAll(249)) - Replication Monitor Thread took 1 milliseconds for processing 6 containers.
2022-05-22 15:39:44,576 [Command processor thread] INFO  keyvalue.KeyValueContainer (KeyValueContainer.java:flushAndSyncDB(427)) - Container 1 is synced with bcsId 25.
2022-05-22 15:39:44,576 [Command processor thread] INFO  keyvalue.KeyValueContainer (KeyValueContainer.java:flushAndSyncDB(427)) - Container 1 is synced with bcsId 25.
2022-05-22 15:39:44,580 [IPC Server handler 1 on default port 33345] INFO  node.SCMNodeManager (SCMNodeManager.java:updateDatanodeOpState(487)) - Scheduling a command to update the operationalState persisted on 8e0bf3df-23e6-4bdc-8543-62bd365f1d94{ip: 10.1.0.29, host: fv-az40-114.rqf5bxgtie1u1lrk4cuotvq0td.cx.internal.cloudapp.net, ports: [REPLICATION=33491, RATIS=43719, RATIS_ADMIN=43719, RATIS_SERVER=43719, STANDALONE=38793], networkLocation: /default-rack, certSerialId: null, persistedOpState: ENTERING_MAINTENANCE, persistedOpStateExpiryEpochSec: 0} as the reported value does not match the value stored in SCM (IN_MAINTENANCE, 0)
2022-05-22 15:39:44,581 [Command processor thread] INFO  keyvalue.KeyValueContainer (KeyValueContainer.java:close(364)) - Container 1 is closed with bcsId 25.
2022-05-22 15:39:44,581 [Command processor thread] INFO  keyvalue.KeyValueContainer (KeyValueContainer.java:flushAndSyncDB(427)) - Container 2 is synced with bcsId 29.
2022-05-22 15:39:44,581 [Command processor thread] INFO  keyvalue.KeyValueContainer (KeyValueContainer.java:flushAndSyncDB(427)) - Container 2 is synced with bcsId 29.
2022-05-22 15:39:44,582 [IPC Server handler 14 on default port 33345] INFO  node.SCMNodeManager (SCMNodeManager.java:updateDatanodeOpState(487)) - Scheduling a command to update the operationalState persisted on 8e0bf3df-23e6-4bdc-8543-62bd365f1d94{ip: 10.1.0.29, host: fv-az40-114.rqf5bxgtie1u1lrk4cuotvq0td.cx.internal.cloudapp.net, ports: [REPLICATION=33491, RATIS=43719, RATIS_ADMIN=43719, RATIS_SERVER=43719, STANDALONE=38793], networkLocation: /default-rack, certSerialId: null, persistedOpState: ENTERING_MAINTENANCE, persistedOpStateExpiryEpochSec: 0} as the reported value does not match the value stored in SCM (IN_MAINTENANCE, 0)
2022-05-22 15:39:44,583 [FixedThreadPoolWithAffinityExecutor-8-0] INFO  container.IncrementalContainerReportHandler (AbstractContainerReportHandler.java:updateContainerState(314)) - Moving container #1 to CLOSED state, datanode 8e0bf3df-23e6-4bdc-8543-62bd365f1d94{ip: 10.1.0.29, host: fv-az40-114.rqf5bxgtie1u1lrk4cuotvq0td.cx.internal.cloudapp.net, ports: [REPLICATION=33491, RATIS=43719, RATIS_ADMIN=43719, RATIS_SERVER=43719, STANDALONE=38793], networkLocation: /default-rack, certSerialId: null, persistedOpState: ENTERING_MAINTENANCE, persistedOpStateExpiryEpochSec: 0} reported CLOSED replica.
2022-05-22 15:39:44,634 [Command processor thread] INFO  keyvalue.KeyValueContainer (KeyValueContainer.java:flushAndSyncDB(427)) - Container 1 is synced with bcsId 25.
2022-05-22 15:39:44,634 [Command processor thread] INFO  keyvalue.KeyValueContainer (KeyValueContainer.java:flushAndSyncDB(427)) - Container 1 is synced with bcsId 25.
2022-05-22 15:39:44,637 [Command processor thread] INFO  keyvalue.KeyValueContainer (KeyValueContainer.java:close(364)) - Container 1 is closed with bcsId 25.
2022-05-22 15:39:44,661 [Command processor thread] INFO  keyvalue.KeyValueContainer (KeyValueContainer.java:close(364)) - Container 2 is closed with bcsId 29.
2022-05-22 15:39:44,661 [Command processor thread] INFO  keyvalue.KeyValueContainer (KeyValueContainer.java:flushAndSyncDB(427)) - Container 3 is synced with bcsId 21.
2022-05-22 15:39:44,661 [Command processor thread] INFO  keyvalue.KeyValueContainer (KeyValueContainer.java:flushAndSyncDB(427)) - Container 3 is synced with bcsId 21.
2022-05-22 15:39:44,662 [Command processor thread] INFO  keyvalue.KeyValueContainer (KeyValueContainer.java:flushAndSyncDB(427)) - Container 2 is synced with bcsId 29.
2022-05-22 15:39:44,662 [Command processor thread] INFO  keyvalue.KeyValueContainer (KeyValueContainer.java:flushAndSyncDB(427)) - Container 2 is synced with bcsId 29.
2022-05-22 15:39:44,663 [Command processor thread] INFO  keyvalue.KeyValueContainer (KeyValueContainer.java:close(364)) - Container 2 is closed with bcsId 29.
2022-05-22 15:39:44,663 [Command processor thread] INFO  keyvalue.KeyValueContainer (KeyValueContainer.java:flushAndSyncDB(427)) - Container 3 is synced with bcsId 21.
2022-05-22 15:39:44,663 [Command processor thread] INFO  keyvalue.KeyValueContainer (KeyValueContainer.java:flushAndSyncDB(427)) - Container 3 is synced with bcsId 21.
2022-05-22 15:39:44,666 [Command processor thread] INFO  keyvalue.KeyValueContainer (KeyValueContainer.java:close(364)) - Container 3 is closed with bcsId 21.
2022-05-22 15:39:44,671 [Command processor thread] INFO  keyvalue.KeyValueContainer (KeyValueContainer.java:close(364)) - Container 3 is closed with bcsId 21.
2022-05-22 15:39:44,677 [FixedThreadPoolWithAffinityExecutor-1-0] INFO  container.IncrementalContainerReportHandler (AbstractContainerReportHandler.java:updateContainerState(314)) - Moving container #2 to CLOSED state, datanode 5c1f160d-ba7c-4f6c-8b7f-bb182cdf7c3b{ip: 10.1.0.29, host: fv-az40-114.rqf5bxgtie1u1lrk4cuotvq0td.cx.internal.cloudapp.net, ports: [REPLICATION=35723, RATIS=36853, RATIS_ADMIN=36853, RATIS_SERVER=36853, STANDALONE=44411], networkLocation: /default-rack, certSerialId: null, persistedOpState: IN_SERVICE, persistedOpStateExpiryEpochSec: 0} reported CLOSED replica.
2022-05-22 15:39:44,677 [FixedThreadPoolWithAffinityExecutor-1-0] INFO  container.IncrementalContainerReportHandler (AbstractContainerReportHandler.java:updateContainerState(314)) - Moving container #3 to CLOSED state, datanode 5c1f160d-ba7c-4f6c-8b7f-bb182cdf7c3b{ip: 10.1.0.29, host: fv-az40-114.rqf5bxgtie1u1lrk4cuotvq0td.cx.internal.cloudapp.net, ports: [REPLICATION=35723, RATIS=36853, RATIS_ADMIN=36853, RATIS_SERVER=36853, STANDALONE=44411], networkLocation: /default-rack, certSerialId: null, persistedOpState: IN_SERVICE, persistedOpStateExpiryEpochSec: 0} reported CLOSED replica.
2022-05-22 15:39:44,683 [Listener at 127.0.0.1/35617] INFO  handler.ContextHandler (ContextHandler.java:doStart(915)) - Started o.e.j.w.WebAppContext@12c808a9{hddsDatanode,/,file:///tmp/jetty-0_0_0_0-34959-hdds-container-service-1_3_0-SNAPSHOT_jar-_-any-675121937493440707/webapp/,AVAILABLE}{jar:file:/home/runner/.m2/repository/org/apache/ozone/hdds-container-service/1.3.0-SNAPSHOT/hdds-container-service-1.3.0-SNAPSHOT.jar!/webapps/hddsDatanode}
2022-05-22 15:39:44,721 [Listener at 127.0.0.1/35617] INFO  server.AbstractConnector (AbstractConnector.java:doStart(331)) - Started ServerConnector@1064cde5{HTTP/1.1, (http/1.1)}{0.0.0.0:34959}
2022-05-22 15:39:44,721 [Listener at 127.0.0.1/35617] INFO  server.Server (Server.java:doStart(415)) - Started @184100ms
2022-05-22 15:39:44,721 [Listener at 127.0.0.1/35617] WARN  impl.MetricsSystemImpl (MetricsSystemImpl.java:register(279)) - Sink prometheus already exists!
2022-05-22 15:39:44,721 [Listener at 127.0.0.1/35617] INFO  http.BaseHttpServer (BaseHttpServer.java:updateConnectorAddress(329)) - HTTP server of hddsDatanode listening at http://0.0.0.0:34959
2022-05-22 15:39:44,739 [Listener at 127.0.0.1/35617] WARN  impl.MetricRegistriesImpl (MetricRegistriesImpl.java:addReporterRegistration(111)) - New reporters are added after registries were created. Some metrics will be missing from the reporter. Please add reporter before adding any new registry.
2022-05-22 15:39:44,739 [Listener at 127.0.0.1/35617] WARN  impl.MetricRegistriesImpl (MetricRegistriesImpl.java:addReporterRegistration(111)) - New reporters are added after registries were created. Some metrics will be missing from the reporter. Please add reporter before adding any new registry.
2022-05-22 15:39:44,739 [Listener at 127.0.0.1/35617] INFO  impl.MetricsSystemImpl (MetricsSystemImpl.java:init(158)) - HddsDatanode metrics system started (again)
2022-05-22 15:39:44,747 [main] INFO  ozone.MiniOzoneClusterImpl (MiniOzoneClusterImpl.java:restartStorageContainerManager(359)) - Restarting SCM in cluster class org.apache.hadoop.ozone.MiniOzoneClusterImpl
2022-05-22 15:39:44,748 [main] INFO  server.StorageContainerManager (StorageContainerManager.java:stop(1441)) - Stopping Container Balancer service.
2022-05-22 15:39:44,748 [main] INFO  balancer.ContainerBalancer (ContainerBalancer.java:stopBalancer(923)) - Container Balancer is not running.
2022-05-22 15:39:44,748 [main] INFO  server.StorageContainerManager (StorageContainerManager.java:stop(1448)) - Stopping Replication Manager Service.
2022-05-22 15:39:44,748 [main] INFO  replication.ReplicationManager (ReplicationManager.java:stop(212)) - Stopping Replication Monitor Thread.
2022-05-22 15:39:44,751 [main] INFO  server.StorageContainerManager (StorageContainerManager.java:stop(1455)) - Stopping the Datanode Admin Monitor.
2022-05-22 15:39:44,752 [main] INFO  server.StorageContainerManager (StorageContainerManager.java:stop(1462)) - Stopping Lease Manager of the command watchers
2022-05-22 15:39:44,752 [main] INFO  server.StorageContainerManager (StorageContainerManager.java:stop(1469)) - Stopping datanode service RPC server
2022-05-22 15:39:44,752 [main] INFO  server.SCMDatanodeProtocolServer (SCMDatanodeProtocolServer.java:stop(400)) - Stopping the RPC server for DataNodes
2022-05-22 15:39:44,752 [ReplicationMonitor] INFO  replication.ReplicationManager (ReplicationManager.java:run(270)) - Replication Monitor Thread is stopped
2022-05-22 15:39:44,759 [main] INFO  ipc.Server (Server.java:stop(3414)) - Stopping server on 33345
2022-05-22 15:39:44,772 [Listener at 127.0.0.1/35617] INFO  ozone.HddsDatanodeService (HddsDatanodeService.java:start(236)) - HddsDatanodeService host:fv-az40-114.rqf5bxgtie1u1lrk4cuotvq0td.cx.internal.cloudapp.net ip:10.1.0.29
2022-05-22 15:39:44,774 [Datanode State Machine Daemon Thread] INFO  statemachine.DatanodeStateMachine (DatanodeStateMachine.java:lambda$startDaemon$0(481)) - Ozone container server started.
2022-05-22 15:39:44,784 [IPC Server Responder] INFO  ipc.Server (Server.java:run(1512)) - Stopping IPC Server Responder
2022-05-22 15:39:44,784 [IPC Server listener on 0] INFO  ipc.Server (Server.java:run(1376)) - Stopping IPC Server listener on 0
2022-05-22 15:39:44,827 [org.apache.hadoop.util.JvmPauseMonitor$Monitor@7527dc70] INFO  util.JvmPauseMonitor (JvmPauseMonitor.java:run(188)) - Starting JVM pause monitor
2022-05-22 15:39:44,866 [Listener at 127.0.0.1/35617] INFO  upgrade.AbstractLayoutVersionManager (AbstractLayoutVersionManager.java:init(79)) - Initializing Layout version manager with metadata layout = ERASURE_CODED_STORAGE_SUPPORT (version = 3), software layout = ERASURE_CODED_STORAGE_SUPPORT (version = 3)
2022-05-22 15:39:44,867 [SCM Heartbeat Processing Thread - 0] WARN  node.NodeStateManager (NodeStateManager.java:scheduleNextHealthCheck(815)) - Current Thread is interrupted, shutting down HB processing thread for Node Manager.
2022-05-22 15:39:44,868 [main] INFO  server.StorageContainerManager (StorageContainerManager.java:stop(1477)) - Stopping block service RPC server
2022-05-22 15:39:44,868 [main] INFO  server.SCMBlockProtocolServer (SCMBlockProtocolServer.java:stop(160)) - Stopping the RPC server for Block Protocol
2022-05-22 15:39:44,873 [main] INFO  ipc.Server (Server.java:stop(3414)) - Stopping server on 41355
2022-05-22 15:39:44,909 [Datanode State Machine Task Thread - 0] INFO  datanode.InitDatanodeState (InitDatanodeState.java:persistContainerDatanodeDetails(138)) - DatanodeDetails is persisted to /home/runner/work/ozone/ozone/hadoop-ozone/integration-test/target/test-dir/MiniOzoneClusterImpl-07002df4-d7c2-4b84-9ed5-c026518b775a/datanode-3/meta/datanode.id
2022-05-22 15:39:44,916 [main] INFO  server.StorageContainerManager (StorageContainerManager.java:stop(1484)) - Stopping the StorageContainerLocationProtocol RPC server
2022-05-22 15:39:44,916 [IPC Server listener on 0] INFO  ipc.Server (Server.java:run(1376)) - Stopping IPC Server listener on 0
2022-05-22 15:39:44,916 [main] INFO  server.SCMClientProtocolServer (SCMClientProtocolServer.java:stop(178)) - Stopping the RPC server for Client Protocol
2022-05-22 15:39:44,916 [IPC Server Responder] INFO  ipc.Server (Server.java:run(1512)) - Stopping IPC Server Responder
2022-05-22 15:39:44,920 [main] INFO  ipc.Server (Server.java:stop(3414)) - Stopping server on 41951
2022-05-22 15:39:44,927 [ReplicationMonitor] INFO  replication.ReplicationManager (ReplicationManager.java:processAll(249)) - Replication Monitor Thread took 0 milliseconds for processing 0 containers.
2022-05-22 15:39:44,943 [main] INFO  server.StorageContainerManager (StorageContainerManager.java:stop(1491)) - Stopping Storage Container Manager HTTP server.
2022-05-22 15:39:44,944 [main] INFO  handler.ContextHandler (ContextHandler.java:doStop(1153)) - Stopped o.e.j.w.WebAppContext@552846cb{scm,/,null,STOPPED}{file:/home/runner/work/ozone/ozone/hadoop-ozone/integration-test/target/test-classes/webapps/scm}
2022-05-22 15:39:44,944 [IPC Server Responder] INFO  ipc.Server (Server.java:run(1512)) - Stopping IPC Server Responder
2022-05-22 15:39:44,946 [IPC Server listener on 0] INFO  ipc.Server (Server.java:run(1376)) - Stopping IPC Server listener on 0
2022-05-22 15:39:44,950 [main] INFO  server.AbstractConnector (AbstractConnector.java:doStop(381)) - Stopped ServerConnector@1743eb18{HTTP/1.1, (http/1.1)}{0.0.0.0:0}
2022-05-22 15:39:44,950 [main] INFO  server.session (HouseKeeper.java:stopScavenging(149)) - node0 Stopped scavenging
2022-05-22 15:39:44,950 [main] INFO  handler.ContextHandler (ContextHandler.java:doStop(1153)) - Stopped o.e.j.s.ServletContextHandler@66f2e11c{static,/static,file:///home/runner/work/ozone/ozone/hadoop-ozone/integration-test/target/test-classes/webapps/static,STOPPED}
2022-05-22 15:39:44,951 [main] INFO  handler.ContextHandler (ContextHandler.java:doStop(1153)) - Stopped o.e.j.s.ServletContextHandler@44590876{logs,/logs,file:///home/runner/work/ozone/ozone/hadoop-ozone/integration-test/target/log,STOPPED}
2022-05-22 15:39:45,002 [main] INFO  server.StorageContainerManager (StorageContainerManager.java:stop(1502)) - Stopping Block Manager Service.
2022-05-22 15:39:45,002 [main] INFO  utils.BackgroundService (BackgroundService.java:shutdown(132)) - Shutting down service SCMBlockDeletingService
2022-05-22 15:39:45,003 [main] INFO  utils.BackgroundService (BackgroundService.java:shutdown(132)) - Shutting down service SCMBlockDeletingService
2022-05-22 15:39:45,003 [main] INFO  server.StorageContainerManager (StorageContainerManager.java:stop(1529)) - Stopping SCM Event Queue.
2022-05-22 15:39:45,007 [main] INFO  server.StorageContainerManager (StorageContainerManager.java:stop(1540)) - Stopping SCM HA services.
2022-05-22 15:39:45,007 [main] INFO  pipeline.BackgroundPipelineCreator (BackgroundPipelineCreator.java:stop(150)) - Stopping RatisPipelineUtilsThread.
2022-05-22 15:39:45,008 [RatisPipelineUtilsThread - 0] WARN  pipeline.BackgroundPipelineCreator (BackgroundPipelineCreator.java:run(177)) - RatisPipelineUtilsThread is interrupted.
2022-05-22 15:39:45,008 [main] INFO  pipeline.BackgroundPipelineScrubber (BackgroundPipelineScrubber.java:stop(143)) - Stopping BackgroundPipelineScrubber Service.
2022-05-22 15:39:45,008 [PipelineScrubberThread] WARN  pipeline.BackgroundPipelineScrubber (BackgroundPipelineScrubber.java:run(164)) - PipelineScrubberThread is interrupted, exit
2022-05-22 15:39:45,008 [main] INFO  server.StorageContainerManager (StorageContainerManager.java:stop(1550)) - Stopping SCM MetadataStore.
2022-05-22 15:39:45,039 [main] INFO  impl.MetricsSystemImpl (MetricsSystemImpl.java:stop(210)) - Stopping HddsDatanode metrics system...
2022-05-22 15:39:45,041 [prometheus] INFO  impl.MetricsSinkAdapter (MetricsSinkAdapter.java:publishMetricsFromQueue(141)) - prometheus thread interrupted.
2022-05-22 15:39:45,093 [main] INFO  impl.MetricsSystemImpl (MetricsSystemImpl.java:stop(216)) - HddsDatanode metrics system stopped.
2022-05-22 15:39:45,101 [main] INFO  ha.SCMHANodeDetails (SCMHANodeDetails.java:loadSCMHAConfig(160)) - ServiceID for StorageContainerManager is null
2022-05-22 15:39:45,101 [main] INFO  ha.SCMHANodeDetails (SCMHANodeDetails.java:loadSCMHAConfig(165)) - ozone.scm.default.service.id is not defined, falling back to ozone.scm.service.ids to find serviceID for StorageContainerManager if it is HA enabled cluster
2022-05-22 15:39:45,101 [main] WARN  server.ServerUtils (ServerUtils.java:getScmDbDir(148)) - ozone.scm.db.dirs is not configured. We recommend adding this setting. Falling back to ozone.metadata.dirs instead.
2022-05-22 15:39:45,102 [main] INFO  upgrade.AbstractLayoutVersionManager (AbstractLayoutVersionManager.java:init(79)) - Initializing Layout version manager with metadata layout = ERASURE_CODED_STORAGE_SUPPORT (version = 3), software layout = ERASURE_CODED_STORAGE_SUPPORT (version = 3)
2022-05-22 15:39:45,219 [ReplicationMonitor] INFO  replication.ReplicationManager (ReplicationManager.java:processAll(228)) - Replication Manager is not ready to run until 3000ms after safemode exit
2022-05-22 15:39:45,242 [Listener at 127.0.0.1/35617] INFO  reflections.Reflections (Reflections.java:scan(232)) - Reflections took 375 ms to scan 7 urls, producing 127 keys and 292 values 
2022-05-22 15:39:45,243 [Listener at 127.0.0.1/35617] INFO  statemachine.DatanodeStateMachine (DatanodeStateMachine.java:getEndPointTaskThreadPoolSize(233)) - Datanode State Machine Task Thread Pool size 2
2022-05-22 15:39:45,263 [Command processor thread] INFO  keyvalue.KeyValueContainer (KeyValueContainer.java:flushAndSyncDB(427)) - Container 1 is synced with bcsId 25.
2022-05-22 15:39:45,263 [Command processor thread] INFO  keyvalue.KeyValueContainer (KeyValueContainer.java:flushAndSyncDB(427)) - Container 1 is synced with bcsId 25.
2022-05-22 15:39:45,265 [Command processor thread] INFO  keyvalue.KeyValueContainer (KeyValueContainer.java:close(364)) - Container 1 is closed with bcsId 25.
2022-05-22 15:39:45,271 [Listener at 127.0.0.1/35617] INFO  volume.HddsVolume (HddsVolume.java:<init>(120)) - Creating HddsVolume: /home/runner/work/ozone/ozone/hadoop-ozone/integration-test/target/test-dir/MiniOzoneClusterImpl-07002df4-d7c2-4b84-9ed5-c026518b775a/datanode-4/data-0/containers/hdds of storage type : DISK capacity : 9223372036854775807
2022-05-22 15:39:45,271 [Listener at 127.0.0.1/35617] INFO  volume.MutableVolumeSet (MutableVolumeSet.java:initializeVolumeSet(168)) - Added Volume : /home/runner/work/ozone/ozone/hadoop-ozone/integration-test/target/test-dir/MiniOzoneClusterImpl-07002df4-d7c2-4b84-9ed5-c026518b775a/datanode-4/data-0/containers/hdds to VolumeSet
2022-05-22 15:39:45,271 [Listener at 127.0.0.1/35617] INFO  volume.ThrottledAsyncChecker (ThrottledAsyncChecker.java:schedule(141)) - Scheduling a check for /home/runner/work/ozone/ozone/hadoop-ozone/integration-test/target/test-dir/MiniOzoneClusterImpl-07002df4-d7c2-4b84-9ed5-c026518b775a/datanode-4/data-0/containers/hdds
]]></system-out>
  </testcase>
  <testcase name="testStoppedDecommissionedNodeTakesSCMStateOnRestart" classname="org.apache.hadoop.ozone.scm.node.TestDecommissionAndMaintenance" time="40.488"/>
  <testcase name="testEnteringMaintenanceNodeCompletesAfterSCMRestart" classname="org.apache.hadoop.ozone.scm.node.TestDecommissionAndMaintenance" time="26.545"/>
  <testcase name="testDecommissioningNodesCompleteDecommissionOnSCMRestart" classname="org.apache.hadoop.ozone.scm.node.TestDecommissionAndMaintenance" time="36.39"/>
</testsuite>