<?xml version="1.0" encoding="UTF-8"?>
<testsuite xmlns:xsi="http://www.w3.org/2001/XMLSchema-instance" xsi:noNamespaceSchemaLocation="https://maven.apache.org/surefire/maven-surefire-plugin/xsd/surefire-test-report-3.0.xsd" version="3.0" name="org.apache.hadoop.ozone.om.TestOzoneManagerPrepare" time="144.517" tests="1" errors="1" skipped="0" failures="0">
  <properties>
    <property name="awt.toolkit" value="sun.awt.X11.XToolkit"/>
    <property name="file.encoding.pkg" value="sun.io"/>
    <property name="java.specification.version" value="1.8"/>
    <property name="sun.cpu.isalist" value=""/>
    <property name="sun.jnu.encoding" value="UTF-8"/>
    <property name="gradle.enterprise.listener.surefire.forkId" value="1"/>
    <property name="java.class.path" value="/home/runner/work/ozone/ozone/hadoop-ozone/integration-test/target/test-classes:/home/runner/work/ozone/ozone/hadoop-ozone/integration-test/target/classes:/home/runner/.m2/repository/org/apache/ozone/ozone-common/1.5.0-SNAPSHOT/ozone-common-1.5.0-SNAPSHOT.jar:/home/runner/.m2/repository/io/grpc/grpc-netty/1.58.0/grpc-netty-1.58.0.jar:/home/runner/.m2/repository/io/grpc/grpc-core/1.58.0/grpc-core-1.58.0.jar:/home/runner/.m2/repository/com/google/android/annotations/4.1.1.4/annotations-4.1.1.4.jar:/home/runner/.m2/repository/org/codehaus/mojo/animal-sniffer-annotations/1.23/animal-sniffer-annotations-1.23.jar:/home/runner/.m2/repository/io/grpc/grpc-context/1.58.0/grpc-context-1.58.0.jar:/home/runner/.m2/repository/io/grpc/grpc-util/1.58.0/grpc-util-1.58.0.jar:/home/runner/.m2/repository/com/google/errorprone/error_prone_annotations/2.2.0/error_prone_annotations-2.2.0.jar:/home/runner/.m2/repository/io/perfmark/perfmark-api/0.26.0/perfmark-api-0.26.0.jar:/home/runner/.m2/repository/io/netty/netty-codec-http2/4.1.100.Final/netty-codec-http2-4.1.100.Final.jar:/home/runner/.m2/repository/io/netty/netty-common/4.1.100.Final/netty-common-4.1.100.Final.jar:/home/runner/.m2/repository/io/netty/netty-buffer/4.1.100.Final/netty-buffer-4.1.100.Final.jar:/home/runner/.m2/repository/io/netty/netty-codec-http/4.1.100.Final/netty-codec-http-4.1.100.Final.jar:/home/runner/.m2/repository/io/netty/netty-handler-proxy/4.1.100.Final/netty-handler-proxy-4.1.100.Final.jar:/home/runner/.m2/repository/io/netty/netty-codec-socks/4.1.100.Final/netty-codec-socks-4.1.100.Final.jar:/home/runner/.m2/repository/io/netty/netty-tcnative-boringssl-static/2.0.61.Final/netty-tcnative-boringssl-static-2.0.61.Final.jar:/home/runner/.m2/repository/io/netty/netty-tcnative-classes/2.0.61.Final/netty-tcnative-classes-2.0.61.Final.jar:/home/runner/.m2/repository/io/netty/netty-tcnative-boringssl-static/2.0.61.Final/netty-tcnative-boringssl-static-2.0.61.Final-linux-x86_64.jar:/home/runner/.m2/repository/io/netty/netty-tcnative-boringssl-static/2.0.61.Final/netty-tcnative-boringssl-static-2.0.61.Final-linux-aarch_64.jar:/home/runner/.m2/repository/io/netty/netty-tcnative-boringssl-static/2.0.61.Final/netty-tcnative-boringssl-static-2.0.61.Final-osx-x86_64.jar:/home/runner/.m2/repository/io/netty/netty-tcnative-boringssl-static/2.0.61.Final/netty-tcnative-boringssl-static-2.0.61.Final-osx-aarch_64.jar:/home/runner/.m2/repository/io/netty/netty-tcnative-boringssl-static/2.0.61.Final/netty-tcnative-boringssl-static-2.0.61.Final-windows-x86_64.jar:/home/runner/.m2/repository/org/apache/commons/commons-compress/1.26.0/commons-compress-1.26.0.jar:/home/runner/.m2/repository/org/apache/ozone/hdds-common/1.5.0-SNAPSHOT/hdds-common-1.5.0-SNAPSHOT.jar:/home/runner/.m2/repository/org/apache/ozone/hdds-client/1.5.0-SNAPSHOT/hdds-client-1.5.0-SNAPSHOT.jar:/home/runner/.m2/repository/org/apache/ozone/ozone-interface-client/1.5.0-SNAPSHOT/ozone-interface-client-1.5.0-SNAPSHOT.jar:/home/runner/.m2/repository/org/apache/hadoop/hadoop-hdfs-client/3.3.6/hadoop-hdfs-client-3.3.6.jar:/home/runner/.m2/repository/com/squareup/okhttp3/okhttp/4.12.0/okhttp-4.12.0.jar:/home/runner/.m2/repository/com/squareup/okio/okio/3.6.0/okio-3.6.0.jar:/home/runner/.m2/repository/com/squareup/okio/okio-jvm/3.6.0/okio-jvm-3.6.0.jar:/home/runner/.m2/repository/org/jetbrains/kotlin/kotlin-stdlib-jdk8/1.9.22/kotlin-stdlib-jdk8-1.9.22.jar:/home/runner/.m2/repository/org/jetbrains/kotlin/kotlin-stdlib-jdk7/1.9.22/kotlin-stdlib-jdk7-1.9.22.jar:/home/runner/.m2/repository/org/jetbrains/kotlin/kotlin-stdlib-common/1.9.22/kotlin-stdlib-common-1.9.22.jar:/home/runner/.m2/repository/org/apache/ozone/hdds-test-utils/1.5.0-SNAPSHOT/hdds-test-utils-1.5.0-SNAPSHOT.jar:/home/runner/.m2/repository/org/assertj/assertj-core/3.12.2/assertj-core-3.12.2.jar:/home/runner/.m2/repository/com/google/guava/guava/32.0.0-jre/guava-32.0.0-jre.jar:/home/runner/.m2/repository/com/google/guava/failureaccess/1.0.1/failureaccess-1.0.1.jar:/home/runner/.m2/repository/com/google/guava/listenablefuture/9999.0-empty-to-avoid-conflict-with-guava/listenablefuture-9999.0-empty-to-avoid-conflict-with-guava.jar:/home/runner/.m2/repository/org/checkerframework/checker-qual/3.33.0/checker-qual-3.33.0.jar:/home/runner/.m2/repository/com/google/j2objc/j2objc-annotations/2.8/j2objc-annotations-2.8.jar:/home/runner/.m2/repository/commons-io/commons-io/2.15.1/commons-io-2.15.1.jar:/home/runner/.m2/repository/commons-logging/commons-logging/1.2/commons-logging-1.2.jar:/home/runner/.m2/repository/org/junit/jupiter/junit-jupiter-api/5.10.1/junit-jupiter-api-5.10.1.jar:/home/runner/.m2/repository/org/opentest4j/opentest4j/1.3.0/opentest4j-1.3.0.jar:/home/runner/.m2/repository/org/junit/platform/junit-platform-commons/1.10.1/junit-platform-commons-1.10.1.jar:/home/runner/.m2/repository/ch/qos/reload4j/reload4j/1.2.25/reload4j-1.2.25.jar:/home/runner/.m2/repository/jakarta/annotation/jakarta.annotation-api/2.1.1/jakarta.annotation-api-2.1.1.jar:/home/runner/.m2/repository/org/slf4j/slf4j-api/2.0.10/slf4j-api-2.0.10.jar:/home/runner/.m2/repository/org/apache/logging/log4j/log4j-api/2.17.1/log4j-api-2.17.1.jar:/home/runner/.m2/repository/org/apache/ozone/hdds-server-scm/1.5.0-SNAPSHOT/hdds-server-scm-1.5.0-SNAPSHOT.jar:/home/runner/.m2/repository/com/google/protobuf/protobuf-java/2.5.0/protobuf-java-2.5.0.jar:/home/runner/.m2/repository/org/apache/ozone/hdds-container-service/1.5.0-SNAPSHOT/hdds-container-service-1.5.0-SNAPSHOT.jar:/home/runner/.m2/repository/org/apache/ozone/hdds-hadoop-dependency-server/1.5.0-SNAPSHOT/hdds-hadoop-dependency-server-1.5.0-SNAPSHOT.jar:/home/runner/.m2/repository/org/apache/hadoop/hadoop-hdfs/3.3.6/hadoop-hdfs-3.3.6.jar:/home/runner/.m2/repository/commons-daemon/commons-daemon/1.0.13/commons-daemon-1.0.13.jar:/home/runner/.m2/repository/org/apache/ozone/hdds-server-framework/1.5.0-SNAPSHOT/hdds-server-framework-1.5.0-SNAPSHOT.jar:/home/runner/.m2/repository/org/bouncycastle/bcprov-jdk18on/1.77/bcprov-jdk18on-1.77.jar:/home/runner/.m2/repository/io/dropwizard/metrics/metrics-core/3.2.4/metrics-core-3.2.4.jar:/home/runner/.m2/repository/org/apache/commons/commons-text/1.11.0/commons-text-1.11.0.jar:/home/runner/.m2/repository/org/apache/ozone/hdds-server-framework/1.5.0-SNAPSHOT/hdds-server-framework-1.5.0-SNAPSHOT-tests.jar:/home/runner/.m2/repository/org/apache/ozone/hdds-interface-server/1.5.0-SNAPSHOT/hdds-interface-server-1.5.0-SNAPSHOT.jar:/home/runner/.m2/repository/org/apache/ozone/hdds-interface-admin/1.5.0-SNAPSHOT/hdds-interface-admin-1.5.0-SNAPSHOT.jar:/home/runner/.m2/repository/org/apache/ozone/hdds-managed-rocksdb/1.5.0-SNAPSHOT/hdds-managed-rocksdb-1.5.0-SNAPSHOT.jar:/home/runner/.m2/repository/org/rocksdb/rocksdbjni/7.7.3/rocksdbjni-7.7.3.jar:/home/runner/.m2/repository/org/slf4j/slf4j-reload4j/2.0.10/slf4j-reload4j-2.0.10.jar:/home/runner/.m2/repository/org/apache/commons/commons-configuration2/2.8.0/commons-configuration2-2.8.0.jar:/home/runner/.m2/repository/commons-fileupload/commons-fileupload/1.5/commons-fileupload-1.5.jar:/home/runner/.m2/repository/org/apache/logging/log4j/log4j-core/2.17.1/log4j-core-2.17.1.jar:/home/runner/.m2/repository/com/lmax/disruptor/3.4.2/disruptor-3.4.2.jar:/home/runner/.m2/repository/org/eclipse/jetty/jetty-util/9.4.53.v20231009/jetty-util-9.4.53.v20231009.jar:/home/runner/.m2/repository/org/eclipse/jetty/jetty-server/9.4.53.v20231009/jetty-server-9.4.53.v20231009.jar:/home/runner/.m2/repository/org/eclipse/jetty/jetty-http/9.4.53.v20231009/jetty-http-9.4.53.v20231009.jar:/home/runner/.m2/repository/org/eclipse/jetty/jetty-io/9.4.53.v20231009/jetty-io-9.4.53.v20231009.jar:/home/runner/.m2/repository/org/eclipse/jetty/jetty-servlet/9.4.53.v20231009/jetty-servlet-9.4.53.v20231009.jar:/home/runner/.m2/repository/org/eclipse/jetty/jetty-security/9.4.53.v20231009/jetty-security-9.4.53.v20231009.jar:/home/runner/.m2/repository/org/eclipse/jetty/jetty-util-ajax/9.4.53.v20231009/jetty-util-ajax-9.4.53.v20231009.jar:/home/runner/.m2/repository/org/eclipse/jetty/jetty-webapp/9.4.53.v20231009/jetty-webapp-9.4.53.v20231009.jar:/home/runner/.m2/repository/org/eclipse/jetty/jetty-xml/9.4.53.v20231009/jetty-xml-9.4.53.v20231009.jar:/home/runner/.m2/repository/org/apache/ratis/ratis-server/3.0.1/ratis-server-3.0.1.jar:/home/runner/.m2/repository/org/apache/ratis/ratis-thirdparty-misc/1.0.5/ratis-thirdparty-misc-1.0.5.jar:/home/runner/.m2/repository/org/apache/ratis/ratis-proto/3.0.1/ratis-proto-3.0.1.jar:/home/runner/.m2/repository/org/apache/ratis/ratis-common/3.0.1/ratis-common-3.0.1.jar:/home/runner/.m2/repository/org/apache/ratis/ratis-client/3.0.1/ratis-client-3.0.1.jar:/home/runner/.m2/repository/org/apache/ratis/ratis-server-api/3.0.1/ratis-server-api-3.0.1.jar:/home/runner/.m2/repository/org/apache/ratis/ratis-metrics-api/3.0.1/ratis-metrics-api-3.0.1.jar:/home/runner/.m2/repository/org/apache/ratis/ratis-metrics-dropwizard3/3.0.1/ratis-metrics-dropwizard3-3.0.1.jar:/home/runner/.m2/repository/io/prometheus/simpleclient_dropwizard/0.16.0/simpleclient_dropwizard-0.16.0.jar:/home/runner/.m2/repository/io/prometheus/simpleclient/0.16.0/simpleclient-0.16.0.jar:/home/runner/.m2/repository/io/prometheus/simpleclient_common/0.16.0/simpleclient_common-0.16.0.jar:/home/runner/.m2/repository/com/fasterxml/jackson/datatype/jackson-datatype-jsr310/2.13.4/jackson-datatype-jsr310-2.13.4.jar:/home/runner/.m2/repository/com/fasterxml/jackson/core/jackson-core/2.13.4/jackson-core-2.13.4.jar:/home/runner/.m2/repository/org/apache/ozone/rocksdb-checkpoint-differ/1.5.0-SNAPSHOT/rocksdb-checkpoint-differ-1.5.0-SNAPSHOT.jar:/home/runner/.m2/repository/org/jgrapht/jgrapht-core/1.0.1/jgrapht-core-1.0.1.jar:/home/runner/.m2/repository/org/jgrapht/jgrapht-ext/1.0.1/jgrapht-ext-1.0.1.jar:/home/runner/.m2/repository/org/tinyjee/jgraphx/jgraphx/2.0.0.1/jgraphx-2.0.0.1.jar:/home/runner/.m2/repository/jgraph/jgraph/5.13.0.0/jgraph-5.13.0.0.jar:/home/runner/.m2/repository/org/antlr/antlr4-runtime/4.5.3/antlr4-runtime-4.5.3.jar:/home/runner/.m2/repository/org/apache/ozone/ozone-manager/1.5.0-SNAPSHOT/ozone-manager-1.5.0-SNAPSHOT.jar:/home/runner/.m2/repository/org/aspectj/aspectjrt/1.9.7/aspectjrt-1.9.7.jar:/home/runner/.m2/repository/org/aspectj/aspectjweaver/1.9.7/aspectjweaver-1.9.7.jar:/home/runner/.m2/repository/org/apache/ozone/hdds-interface-client/1.5.0-SNAPSHOT/hdds-interface-client-1.5.0-SNAPSHOT.jar:/home/runner/.m2/repository/org/apache/hadoop/thirdparty/hadoop-shaded-protobuf_3_7/1.1.1/hadoop-shaded-protobuf_3_7-1.1.1.jar:/home/runner/.m2/repository/org/apache/ozone/ozone-interface-storage/1.5.0-SNAPSHOT/ozone-interface-storage-1.5.0-SNAPSHOT.jar:/home/runner/.m2/repository/org/reflections/reflections/0.9.11/reflections-0.9.11.jar:/home/runner/.m2/repository/com/sun/jersey/jersey-client/1.19.4/jersey-client-1.19.4.jar:/home/runner/.m2/repository/org/codehaus/jackson/jackson-core-asl/1.9.13/jackson-core-asl-1.9.13.jar:/home/runner/.m2/repository/org/codehaus/jackson/jackson-mapper-asl/1.9.13/jackson-mapper-asl-1.9.13.jar:/home/runner/.m2/repository/org/codehaus/jackson/jackson-jaxrs/1.9.13/jackson-jaxrs-1.9.13.jar:/home/runner/.m2/repository/org/apache/ranger/ranger-intg/2.3.0/ranger-intg-2.3.0.jar:/home/runner/.m2/repository/org/apache/ranger/ranger-plugins-common/2.3.0/ranger-plugins-common-2.3.0.jar:/home/runner/.m2/repository/commons-lang/commons-lang/2.6/commons-lang-2.6.jar:/home/runner/.m2/repository/org/apache/ranger/ranger-plugins-cred/2.3.0/ranger-plugins-cred-2.3.0.jar:/home/runner/.m2/repository/org/apache/ranger/ranger-plugins-audit/2.3.0/ranger-plugins-audit-2.3.0.jar:/home/runner/.m2/repository/org/eclipse/jetty/jetty-client/9.4.53.v20231009/jetty-client-9.4.53.v20231009.jar:/home/runner/.m2/repository/org/apache/httpcomponents/httpmime/4.5.6/httpmime-4.5.6.jar:/home/runner/.m2/repository/org/apache/httpcomponents/httpcore-nio/4.4.16/httpcore-nio-4.4.16.jar:/home/runner/.m2/repository/org/apache/httpcomponents/httpasyncclient/4.1.3/httpasyncclient-4.1.3.jar:/home/runner/.m2/repository/com/carrotsearch/hppc/0.8.0/hppc-0.8.0.jar:/home/runner/.m2/repository/org/apache/orc/orc-core/1.5.8/orc-core-1.5.8.jar:/home/runner/.m2/repository/net/java/dev/jna/jna/5.2.0/jna-5.2.0.jar:/home/runner/.m2/repository/net/java/dev/jna/jna-platform/5.2.0/jna-platform-5.2.0.jar:/home/runner/.m2/repository/com/kstruct/gethostname4j/0.0.2/gethostname4j-0.0.2.jar:/home/runner/.m2/repository/org/apache/ranger/ranger-plugin-classloader/2.3.0/ranger-plugin-classloader-2.3.0.jar:/home/runner/.m2/repository/org/apache/ozone/hdds-rocks-native/1.5.0-SNAPSHOT/hdds-rocks-native-1.5.0-SNAPSHOT.jar:/home/runner/.m2/repository/org/apache/hadoop/hadoop-minikdc/3.3.6/hadoop-minikdc-3.3.6.jar:/home/runner/.m2/repository/org/apache/kerby/kerb-simplekdc/1.0.1/kerb-simplekdc-1.0.1.jar:/home/runner/.m2/repository/org/apache/kerby/kerb-client/1.0.1/kerb-client-1.0.1.jar:/home/runner/.m2/repository/org/apache/kerby/kerby-config/1.0.1/kerby-config-1.0.1.jar:/home/runner/.m2/repository/org/apache/kerby/kerb-common/1.0.1/kerb-common-1.0.1.jar:/home/runner/.m2/repository/org/apache/kerby/kerb-crypto/1.0.1/kerb-crypto-1.0.1.jar:/home/runner/.m2/repository/org/apache/kerby/kerb-util/1.0.1/kerb-util-1.0.1.jar:/home/runner/.m2/repository/org/apache/kerby/token-provider/1.0.1/token-provider-1.0.1.jar:/home/runner/.m2/repository/org/apache/kerby/kerb-admin/1.0.1/kerb-admin-1.0.1.jar:/home/runner/.m2/repository/org/apache/kerby/kerb-server/1.0.1/kerb-server-1.0.1.jar:/home/runner/.m2/repository/org/apache/kerby/kerb-identity/1.0.1/kerb-identity-1.0.1.jar:/home/runner/.m2/repository/org/apache/kerby/kerby-xdr/1.0.1/kerby-xdr-1.0.1.jar:/home/runner/.m2/repository/junit/junit/4.13.2/junit-4.13.2.jar:/home/runner/.m2/repository/org/hamcrest/hamcrest-core/1.3/hamcrest-core-1.3.jar:/home/runner/.m2/repository/org/apache/ozone/ozone-s3gateway/1.5.0-SNAPSHOT/ozone-s3gateway-1.5.0-SNAPSHOT.jar:/home/runner/.m2/repository/org/javassist/javassist/3.21.0-GA/javassist-3.21.0-GA.jar:/home/runner/.m2/repository/org/jboss/weld/servlet/weld-servlet-shaded/3.1.9.Final/weld-servlet-shaded-3.1.9.Final.jar:/home/runner/.m2/repository/org/glassfish/jersey/containers/jersey-container-servlet-core/2.41/jersey-container-servlet-core-2.41.jar:/home/runner/.m2/repository/org/glassfish/hk2/external/jakarta.inject/2.6.1/jakarta.inject-2.6.1.jar:/home/runner/.m2/repository/org/glassfish/jersey/core/jersey-common/2.41/jersey-common-2.41.jar:/home/runner/.m2/repository/jakarta/ws/rs/jakarta.ws.rs-api/2.1.6/jakarta.ws.rs-api-2.1.6.jar:/home/runner/.m2/repository/org/glassfish/jersey/ext/cdi/jersey-cdi1x/2.41/jersey-cdi1x-2.41.jar:/home/runner/.m2/repository/org/glassfish/jersey/inject/jersey-hk2/2.41/jersey-hk2-2.41.jar:/home/runner/.m2/repository/org/glassfish/hk2/hk2-locator/2.6.1/hk2-locator-2.6.1.jar:/home/runner/.m2/repository/org/glassfish/jersey/media/jersey-media-jaxb/2.41/jersey-media-jaxb-2.41.jar:/home/runner/.m2/repository/org/glassfish/hk2/osgi-resource-locator/1.0.3/osgi-resource-locator-1.0.3.jar:/home/runner/.m2/repository/org/glassfish/hk2/hk2-api/2.6.1/hk2-api-2.6.1.jar:/home/runner/.m2/repository/org/glassfish/hk2/hk2-utils/2.6.1/hk2-utils-2.6.1.jar:/home/runner/.m2/repository/org/glassfish/hk2/external/aopalliance-repackaged/2.6.1/aopalliance-repackaged-2.6.1.jar:/home/runner/.m2/repository/com/fasterxml/jackson/dataformat/jackson-dataformat-xml/2.13.4/jackson-dataformat-xml-2.13.4.jar:/home/runner/.m2/repository/org/codehaus/woodstox/stax2-api/4.2.2/stax2-api-4.2.2.jar:/home/runner/.m2/repository/com/fasterxml/woodstox/woodstox-core/5.4.0/woodstox-core-5.4.0.jar:/home/runner/.m2/repository/com/fasterxml/jackson/module/jackson-module-jaxb-annotations/2.13.4/jackson-module-jaxb-annotations-2.13.4.jar:/home/runner/.m2/repository/javax/enterprise/cdi-api/2.0/cdi-api-2.0.jar:/home/runner/.m2/repository/javax/el/javax.el-api/3.0.0/javax.el-api-3.0.0.jar:/home/runner/.m2/repository/javax/interceptor/javax.interceptor-api/1.2/javax.interceptor-api-1.2.jar:/home/runner/.m2/repository/javax/inject/javax.inject/1/javax.inject-1.jar:/home/runner/.m2/repository/jakarta/xml/bind/jakarta.xml.bind-api/2.3.3/jakarta.xml.bind-api-2.3.3.jar:/home/runner/.m2/repository/org/glassfish/jaxb/jaxb-runtime/2.3.9/jaxb-runtime-2.3.9.jar:/home/runner/.m2/repository/org/glassfish/jaxb/txw2/2.3.9/txw2-2.3.9.jar:/home/runner/.m2/repository/com/sun/istack/istack-commons-runtime/3.0.12/istack-commons-runtime-3.0.12.jar:/home/runner/.m2/repository/com/sun/activation/jakarta.activation/1.2.2/jakarta.activation-1.2.2.jar:/home/runner/.m2/repository/jakarta/activation/jakarta.activation-api/1.2.2/jakarta.activation-api-1.2.2.jar:/home/runner/.m2/repository/io/grpc/grpc-protobuf/1.58.0/grpc-protobuf-1.58.0.jar:/home/runner/.m2/repository/com/google/api/grpc/proto-google-common-protos/2.22.0/proto-google-common-protos-2.22.0.jar:/home/runner/.m2/repository/io/grpc/grpc-protobuf-lite/1.58.0/grpc-protobuf-lite-1.58.0.jar:/home/runner/.m2/repository/io/grpc/grpc-stub/1.58.0/grpc-stub-1.58.0.jar:/home/runner/.m2/repository/io/netty/netty-transport/4.1.100.Final/netty-transport-4.1.100.Final.jar:/home/runner/.m2/repository/io/netty/netty-resolver/4.1.100.Final/netty-resolver-4.1.100.Final.jar:/home/runner/.m2/repository/org/apache/ozone/ozone-csi/1.5.0-SNAPSHOT/ozone-csi-1.5.0-SNAPSHOT.jar:/home/runner/.m2/repository/com/google/protobuf/protobuf-java-util/3.19.6/protobuf-java-util-3.19.6.jar:/home/runner/.m2/repository/com/google/code/gson/gson/2.9.0/gson-2.9.0.jar:/home/runner/.m2/repository/org/apache/ozone/hdds-config/1.5.0-SNAPSHOT/hdds-config-1.5.0-SNAPSHOT.jar:/home/runner/.m2/repository/io/netty/netty-transport-native-epoll/4.1.100.Final/netty-transport-native-epoll-4.1.100.Final-linux-x86_64.jar:/home/runner/.m2/repository/io/netty/netty-transport-classes-epoll/4.1.100.Final/netty-transport-classes-epoll-4.1.100.Final.jar:/home/runner/.m2/repository/io/netty/netty-transport-native-unix-common/4.1.100.Final/netty-transport-native-unix-common-4.1.100.Final.jar:/home/runner/.m2/repository/org/apache/ozone/ozone-recon/1.5.0-SNAPSHOT/ozone-recon-1.5.0-SNAPSHOT.jar:/home/runner/.m2/repository/org/apache/ozone/ozone-reconcodegen/1.5.0-SNAPSHOT/ozone-reconcodegen-1.5.0-SNAPSHOT.jar:/home/runner/.m2/repository/com/google/inject/guice/6.0.0/guice-6.0.0.jar:/home/runner/.m2/repository/jakarta/inject/jakarta.inject-api/2.0.1/jakarta.inject-api-2.0.1.jar:/home/runner/.m2/repository/aopalliance/aopalliance/1.0/aopalliance-1.0.jar:/home/runner/.m2/repository/com/google/inject/extensions/guice-assistedinject/6.0.0/guice-assistedinject-6.0.0.jar:/home/runner/.m2/repository/com/google/inject/extensions/guice-servlet/6.0.0/guice-servlet-6.0.0.jar:/home/runner/.m2/repository/org/glassfish/jersey/containers/jersey-container-servlet/2.41/jersey-container-servlet-2.41.jar:/home/runner/.m2/repository/org/glassfish/hk2/guice-bridge/2.6.1/guice-bridge-2.6.1.jar:/home/runner/.m2/repository/org/glassfish/jersey/core/jersey-server/2.41/jersey-server-2.41.jar:/home/runner/.m2/repository/org/glassfish/jersey/core/jersey-client/2.41/jersey-client-2.41.jar:/home/runner/.m2/repository/jakarta/validation/jakarta.validation-api/2.0.2/jakarta.validation-api-2.0.2.jar:/home/runner/.m2/repository/org/glassfish/jersey/media/jersey-media-json-jackson/2.41/jersey-media-json-jackson-2.41.jar:/home/runner/.m2/repository/org/glassfish/jersey/ext/jersey-entity-filtering/2.41/jersey-entity-filtering-2.41.jar:/home/runner/.m2/repository/org/jooq/jooq/3.11.10/jooq-3.11.10.jar:/home/runner/.m2/repository/org/jooq/jooq-meta/3.11.10/jooq-meta-3.11.10.jar:/home/runner/.m2/repository/org/jooq/jooq-codegen/3.11.10/jooq-codegen-3.11.10.jar:/home/runner/.m2/repository/com/jolbox/bonecp/0.8.0.RELEASE/bonecp-0.8.0.RELEASE.jar:/home/runner/.m2/repository/org/apache/derby/derby/10.14.2.0/derby-10.14.2.0.jar:/home/runner/.m2/repository/org/xerial/sqlite-jdbc/3.44.1.0/sqlite-jdbc-3.44.1.0.jar:/home/runner/.m2/repository/org/springframework/spring-jdbc/5.3.27/spring-jdbc-5.3.27.jar:/home/runner/.m2/repository/org/springframework/spring-beans/5.3.27/spring-beans-5.3.27.jar:/home/runner/.m2/repository/org/springframework/spring-core/5.3.27/spring-core-5.3.27.jar:/home/runner/.m2/repository/org/springframework/spring-tx/5.3.27/spring-tx-5.3.27.jar:/home/runner/.m2/repository/org/apache/ozone/ozone-client/1.5.0-SNAPSHOT/ozone-client-1.5.0-SNAPSHOT.jar:/home/runner/.m2/repository/org/apache/ozone/hdds-erasurecode/1.5.0-SNAPSHOT/hdds-erasurecode-1.5.0-SNAPSHOT.jar:/home/runner/.m2/repository/org/apache/ozone/ozone-filesystem/1.5.0-SNAPSHOT/ozone-filesystem-1.5.0-SNAPSHOT.jar:/home/runner/.m2/repository/org/apache/ozone/ozone-filesystem-common/1.5.0-SNAPSHOT/ozone-filesystem-common-1.5.0-SNAPSHOT.jar:/home/runner/.m2/repository/org/apache/ozone/ozone-tools/1.5.0-SNAPSHOT/ozone-tools-1.5.0-SNAPSHOT.jar:/home/runner/.m2/repository/com/amazonaws/aws-java-sdk-core/1.12.661/aws-java-sdk-core-1.12.661.jar:/home/runner/.m2/repository/org/apache/httpcomponents/httpclient/4.5.13/httpclient-4.5.13.jar:/home/runner/.m2/repository/org/apache/httpcomponents/httpcore/4.4.16/httpcore-4.4.16.jar:/home/runner/.m2/repository/com/fasterxml/jackson/dataformat/jackson-dataformat-cbor/2.13.4/jackson-dataformat-cbor-2.13.4.jar:/home/runner/.m2/repository/joda-time/joda-time/2.12.7/joda-time-2.12.7.jar:/home/runner/.m2/repository/com/amazonaws/aws-java-sdk-s3/1.12.661/aws-java-sdk-s3-1.12.661.jar:/home/runner/.m2/repository/com/amazonaws/aws-java-sdk-kms/1.12.661/aws-java-sdk-kms-1.12.661.jar:/home/runner/.m2/repository/com/amazonaws/jmespath-java/1.12.661/jmespath-java-1.12.661.jar:/home/runner/.m2/repository/org/kohsuke/metainf-services/metainf-services/1.8/metainf-services-1.8.jar:/home/runner/.m2/repository/org/apache/ozone/hdds-tools/1.5.0-SNAPSHOT/hdds-tools-1.5.0-SNAPSHOT.jar:/home/runner/.m2/repository/org/apache/ratis/ratis-tools/3.0.1/ratis-tools-3.0.1.jar:/home/runner/.m2/repository/commons-cli/commons-cli/1.6.0/commons-cli-1.6.0.jar:/home/runner/.m2/repository/org/apache/commons/commons-lang3/3.14.0/commons-lang3-3.14.0.jar:/home/runner/.m2/repository/org/apache/ozone/ozone-manager/1.5.0-SNAPSHOT/ozone-manager-1.5.0-SNAPSHOT-tests.jar:/home/runner/.m2/repository/org/apache/ozone/hdds-common/1.5.0-SNAPSHOT/hdds-common-1.5.0-SNAPSHOT-tests.jar:/home/runner/.m2/repository/org/apache/ozone/hdds-hadoop-dependency-client/1.5.0-SNAPSHOT/hdds-hadoop-dependency-client-1.5.0-SNAPSHOT.jar:/home/runner/.m2/repository/info/picocli/picocli/4.7.5/picocli-4.7.5.jar:/home/runner/.m2/repository/com/fasterxml/jackson/core/jackson-annotations/2.13.4/jackson-annotations-2.13.4.jar:/home/runner/.m2/repository/org/apache/ozone/hdds-annotation-processing/1.5.0-SNAPSHOT/hdds-annotation-processing-1.5.0-SNAPSHOT.jar:/home/runner/.m2/repository/javax/annotation/javax.annotation-api/1.3.2/javax.annotation-api-1.3.2.jar:/home/runner/.m2/repository/org/apache/ratis/ratis-netty/3.0.1/ratis-netty-3.0.1.jar:/home/runner/.m2/repository/org/apache/ratis/ratis-grpc/3.0.1/ratis-grpc-3.0.1.jar:/home/runner/.m2/repository/org/apache/commons/commons-pool2/2.6.0/commons-pool2-2.6.0.jar:/home/runner/.m2/repository/org/bouncycastle/bcpkix-jdk18on/1.77/bcpkix-jdk18on-1.77.jar:/home/runner/.m2/repository/org/bouncycastle/bcutil-jdk18on/1.77/bcutil-jdk18on-1.77.jar:/home/runner/.m2/repository/commons-validator/commons-validator/1.6/commons-validator-1.6.jar:/home/runner/.m2/repository/commons-beanutils/commons-beanutils/1.9.4/commons-beanutils-1.9.4.jar:/home/runner/.m2/repository/commons-digester/commons-digester/1.8.1/commons-digester-1.8.1.jar:/home/runner/.m2/repository/commons-collections/commons-collections/3.2.2/commons-collections-3.2.2.jar:/home/runner/.m2/repository/io/jaegertracing/jaeger-client/1.8.1/jaeger-client-1.8.1.jar:/home/runner/.m2/repository/io/jaegertracing/jaeger-thrift/1.8.1/jaeger-thrift-1.8.1.jar:/home/runner/.m2/repository/org/apache/thrift/libthrift/0.15.0/libthrift-0.15.0.jar:/home/runner/.m2/repository/io/jaegertracing/jaeger-core/1.8.1/jaeger-core-1.8.1.jar:/home/runner/.m2/repository/io/jaegertracing/jaeger-tracerresolver/1.8.1/jaeger-tracerresolver-1.8.1.jar:/home/runner/.m2/repository/io/opentracing/contrib/opentracing-tracerresolver/0.1.8/opentracing-tracerresolver-0.1.8.jar:/home/runner/.m2/repository/org/jetbrains/kotlin/kotlin-stdlib/1.9.22/kotlin-stdlib-1.9.22.jar:/home/runner/.m2/repository/org/jetbrains/annotations/13.0/annotations-13.0.jar:/home/runner/.m2/repository/io/opentracing/opentracing-util/0.33.0/opentracing-util-0.33.0.jar:/home/runner/.m2/repository/io/opentracing/opentracing-api/0.33.0/opentracing-api-0.33.0.jar:/home/runner/.m2/repository/io/opentracing/opentracing-noop/0.33.0/opentracing-noop-0.33.0.jar:/home/runner/.m2/repository/org/yaml/snakeyaml/2.0/snakeyaml-2.0.jar:/home/runner/.m2/repository/io/grpc/grpc-api/1.58.0/grpc-api-1.58.0.jar:/home/runner/.m2/repository/org/junit/jupiter/junit-jupiter-engine/5.10.1/junit-jupiter-engine-5.10.1.jar:/home/runner/.m2/repository/org/junit/platform/junit-platform-engine/1.10.1/junit-platform-engine-1.10.1.jar:/home/runner/.m2/repository/org/apiguardian/apiguardian-api/1.1.2/apiguardian-api-1.1.2.jar:/home/runner/.m2/repository/org/junit/platform/junit-platform-launcher/1.10.1/junit-platform-launcher-1.10.1.jar:/home/runner/.m2/repository/org/apache/hadoop/hadoop-kms/3.3.6/hadoop-kms-3.3.6.jar:/home/runner/.m2/repository/org/apache/hadoop/hadoop-auth/3.3.6/hadoop-auth-3.3.6.jar:/home/runner/.m2/repository/com/nimbusds/nimbus-jose-jwt/9.8.1/nimbus-jose-jwt-9.8.1.jar:/home/runner/.m2/repository/com/github/stephenc/jcip/jcip-annotations/1.0-1/jcip-annotations-1.0-1.jar:/home/runner/.m2/repository/org/apache/zookeeper/zookeeper/3.7.2/zookeeper-3.7.2.jar:/home/runner/.m2/repository/org/apache/zookeeper/zookeeper-jute/3.7.2/zookeeper-jute-3.7.2.jar:/home/runner/.m2/repository/org/apache/yetus/audience-annotations/0.12.0/audience-annotations-0.12.0.jar:/home/runner/.m2/repository/org/apache/curator/curator-framework/4.2.0/curator-framework-4.2.0.jar:/home/runner/.m2/repository/org/apache/hadoop/thirdparty/hadoop-shaded-guava/1.1.1/hadoop-shaded-guava-1.1.1.jar:/home/runner/.m2/repository/com/sun/jersey/jersey-core/1.19.4/jersey-core-1.19.4.jar:/home/runner/.m2/repository/javax/ws/rs/jsr311-api/1.1.1/jsr311-api-1.1.1.jar:/home/runner/.m2/repository/com/sun/jersey/jersey-server/1.19.4/jersey-server-1.19.4.jar:/home/runner/.m2/repository/javax/servlet/javax.servlet-api/3.1.0/javax.servlet-api-3.1.0.jar:/home/runner/.m2/repository/org/apache/hadoop/hadoop-common/3.3.6/hadoop-common-3.3.6.jar:/home/runner/.m2/repository/org/apache/commons/commons-math3/3.6.1/commons-math3-3.6.1.jar:/home/runner/.m2/repository/commons-net/commons-net/3.10.0/commons-net-3.10.0.jar:/home/runner/.m2/repository/com/sun/jersey/jersey-servlet/1.19.4/jersey-servlet-1.19.4.jar:/home/runner/.m2/repository/com/github/pjfanning/jersey-json/1.20/jersey-json-1.20.jar:/home/runner/.m2/repository/org/codehaus/jettison/jettison/1.1/jettison-1.1.jar:/home/runner/.m2/repository/com/sun/xml/bind/jaxb-impl/2.2.3-1/jaxb-impl-2.2.3-1.jar:/home/runner/.m2/repository/com/google/re2j/re2j/1.7/re2j-1.7.jar:/home/runner/.m2/repository/com/jcraft/jsch/0.1.54/jsch-0.1.54.jar:/home/runner/.m2/repository/org/apache/curator/curator-client/4.2.0/curator-client-4.2.0.jar:/home/runner/.m2/repository/org/apache/curator/curator-recipes/5.2.0/curator-recipes-5.2.0.jar:/home/runner/.m2/repository/com/google/code/findbugs/jsr305/3.0.2/jsr305-3.0.2.jar:/home/runner/.m2/repository/org/apache/kerby/kerb-core/1.0.1/kerb-core-1.0.1.jar:/home/runner/.m2/repository/org/apache/kerby/kerby-pkix/1.0.1/kerby-pkix-1.0.1.jar:/home/runner/.m2/repository/org/apache/kerby/kerby-asn1/1.0.1/kerby-asn1-1.0.1.jar:/home/runner/.m2/repository/org/apache/kerby/kerby-util/1.0.1/kerby-util-1.0.1.jar:/home/runner/.m2/repository/dnsjava/dnsjava/2.1.7/dnsjava-2.1.7.jar:/home/runner/.m2/repository/org/xerial/snappy/snappy-java/1.1.8.2/snappy-java-1.1.8.2.jar:/home/runner/.m2/repository/com/fasterxml/jackson/core/jackson-databind/2.13.4.2/jackson-databind-2.13.4.2.jar:/home/runner/.m2/repository/org/apache/hadoop/hadoop-kms/3.3.6/hadoop-kms-3.3.6-tests.jar:/home/runner/.m2/repository/org/apache/ozone/hdds-server-scm/1.5.0-SNAPSHOT/hdds-server-scm-1.5.0-SNAPSHOT-tests.jar:/home/runner/.m2/repository/org/apache/ozone/hdds-container-service/1.5.0-SNAPSHOT/hdds-container-service-1.5.0-SNAPSHOT-tests.jar:/home/runner/.m2/repository/com/github/luben/zstd-jni/1.5.2-5/zstd-jni-1.5.2-5.jar:/home/runner/.m2/repository/commons-codec/commons-codec/1.15/commons-codec-1.15.jar:/home/runner/.m2/repository/io/netty/netty-codec/4.1.100.Final/netty-codec-4.1.100.Final.jar:/home/runner/.m2/repository/io/netty/netty-handler/4.1.100.Final/netty-handler-4.1.100.Final.jar:/home/runner/.m2/repository/org/apache/ozone/hdds-hadoop-dependency-test/1.5.0-SNAPSHOT/hdds-hadoop-dependency-test-1.5.0-SNAPSHOT.jar:/home/runner/.m2/repository/org/apache/hadoop/hadoop-common/3.3.6/hadoop-common-3.3.6-tests.jar:/home/runner/.m2/repository/org/apache/hadoop/hadoop-hdfs/3.3.6/hadoop-hdfs-3.3.6-tests.jar:/home/runner/.m2/repository/org/junit/jupiter/junit-jupiter-params/5.10.1/junit-jupiter-params-5.10.1.jar:/home/runner/.m2/repository/org/mockito/mockito-core/4.11.0/mockito-core-4.11.0.jar:/home/runner/.m2/repository/net/bytebuddy/byte-buddy/1.12.19/byte-buddy-1.12.19.jar:/home/runner/.m2/repository/net/bytebuddy/byte-buddy-agent/1.12.19/byte-buddy-agent-1.12.19.jar:/home/runner/.m2/repository/org/objenesis/objenesis/1.0/objenesis-1.0.jar:/home/runner/.m2/repository/org/mockito/mockito-junit-jupiter/4.11.0/mockito-junit-jupiter-4.11.0.jar:/home/runner/.m2/repository/org/apache/hadoop/hadoop-distcp/3.3.6/hadoop-distcp-3.3.6.jar:/home/runner/.m2/repository/org/apache/hadoop/hadoop-mapreduce-client-jobclient/3.3.6/hadoop-mapreduce-client-jobclient-3.3.6.jar:/home/runner/.m2/repository/org/apache/hadoop/hadoop-mapreduce-client-common/3.3.6/hadoop-mapreduce-client-common-3.3.6.jar:/home/runner/.m2/repository/org/apache/hadoop/hadoop-yarn-common/3.3.6/hadoop-yarn-common-3.3.6.jar:/home/runner/.m2/repository/org/apache/hadoop/hadoop-yarn-api/3.3.6/hadoop-yarn-api-3.3.6.jar:/home/runner/.m2/repository/javax/xml/bind/jaxb-api/2.2.11/jaxb-api-2.2.11.jar:/home/runner/.m2/repository/com/sun/jersey/contribs/jersey-guice/1.19.4/jersey-guice-1.19.4.jar:/home/runner/.m2/repository/com/fasterxml/jackson/jaxrs/jackson-jaxrs-json-provider/2.13.4/jackson-jaxrs-json-provider-2.13.4.jar:/home/runner/.m2/repository/com/fasterxml/jackson/jaxrs/jackson-jaxrs-base/2.13.4/jackson-jaxrs-base-2.13.4.jar:/home/runner/.m2/repository/org/apache/hadoop/hadoop-yarn-client/3.3.6/hadoop-yarn-client-3.3.6.jar:/home/runner/.m2/repository/org/eclipse/jetty/websocket/websocket-client/9.4.51.v20230217/websocket-client-9.4.51.v20230217.jar:/home/runner/.m2/repository/org/eclipse/jetty/websocket/websocket-common/9.4.51.v20230217/websocket-common-9.4.51.v20230217.jar:/home/runner/.m2/repository/org/eclipse/jetty/websocket/websocket-api/9.4.51.v20230217/websocket-api-9.4.51.v20230217.jar:/home/runner/.m2/repository/org/jline/jline/3.9.0/jline-3.9.0.jar:/home/runner/.m2/repository/org/apache/hadoop/hadoop-mapreduce-client-core/3.3.6/hadoop-mapreduce-client-core-3.3.6.jar:/home/runner/.m2/repository/org/apache/avro/avro/1.7.7/avro-1.7.7.jar:/home/runner/.m2/repository/com/thoughtworks/paranamer/paranamer/2.3/paranamer-2.3.jar:/home/runner/.m2/repository/org/apache/hadoop/hadoop-annotations/3.3.6/hadoop-annotations-3.3.6.jar:/usr/lib/jvm/temurin-8-jdk-amd64/jre/../lib/tools.jar:/home/runner/.m2/repository/io/netty/netty/3.10.6.Final/netty-3.10.6.Final.jar:/home/runner/.m2/repository/org/apache/hadoop/hadoop-distcp/3.3.6/hadoop-distcp-3.3.6-tests.jar:/home/runner/.m2/repository/org/hamcrest/hamcrest/2.2/hamcrest-2.2.jar:/home/runner/.m2/repository/org/slf4j/jul-to-slf4j/2.0.10/jul-to-slf4j-2.0.10.jar:/home/runner/work/ozone/ozone/hadoop-ozone/integration-test/target/gradle-enterprise/test-listeners.jar:"/>
    <property name="java.vm.vendor" value="Temurin"/>
    <property name="sun.arch.data.model" value="64"/>
    <property name="test.build.dir" value="/home/runner/work/ozone/ozone/hadoop-ozone/integration-test/target/test-dir"/>
    <property name="test.cache.data" value=""/>
    <property name="java.vendor.url" value="https://adoptium.net/"/>
    <property name="user.timezone" value="Etc/UTC"/>
    <property name="maven-surefire-plugin.argLineAccessArgs" value=""/>
    <property name="os.name" value="Linux"/>
    <property name="java.vm.specification.version" value="1.8"/>
    <property name="test.build.data" value="/home/runner/work/ozone/ozone/hadoop-ozone/integration-test/target/test-dir"/>
    <property name="sun.java.launcher" value="SUN_STANDARD"/>
    <property name="sun.boot.library.path" value="/usr/lib/jvm/temurin-8-jdk-amd64/jre/lib/amd64"/>
    <property name="sun.java.command" value="/home/runner/work/ozone/ozone/hadoop-ozone/integration-test/target/surefire/surefirebooter851614917432021328.jar /home/runner/work/ozone/ozone/hadoop-ozone/integration-test/target/surefire 2024-02-27T07-27-52_467-jvmRun1 surefire5449726135068506488tmp surefire_51757972275795814205tmp"/>
    <property name="native.lib.tmp.dir" value="/tmp"/>
    <property name="surefire.test.class.path" value="/home/runner/work/ozone/ozone/hadoop-ozone/integration-test/target/test-classes:/home/runner/work/ozone/ozone/hadoop-ozone/integration-test/target/classes:/home/runner/.m2/repository/org/apache/ozone/ozone-common/1.5.0-SNAPSHOT/ozone-common-1.5.0-SNAPSHOT.jar:/home/runner/.m2/repository/io/grpc/grpc-netty/1.58.0/grpc-netty-1.58.0.jar:/home/runner/.m2/repository/io/grpc/grpc-core/1.58.0/grpc-core-1.58.0.jar:/home/runner/.m2/repository/com/google/android/annotations/4.1.1.4/annotations-4.1.1.4.jar:/home/runner/.m2/repository/org/codehaus/mojo/animal-sniffer-annotations/1.23/animal-sniffer-annotations-1.23.jar:/home/runner/.m2/repository/io/grpc/grpc-context/1.58.0/grpc-context-1.58.0.jar:/home/runner/.m2/repository/io/grpc/grpc-util/1.58.0/grpc-util-1.58.0.jar:/home/runner/.m2/repository/com/google/errorprone/error_prone_annotations/2.2.0/error_prone_annotations-2.2.0.jar:/home/runner/.m2/repository/io/perfmark/perfmark-api/0.26.0/perfmark-api-0.26.0.jar:/home/runner/.m2/repository/io/netty/netty-codec-http2/4.1.100.Final/netty-codec-http2-4.1.100.Final.jar:/home/runner/.m2/repository/io/netty/netty-common/4.1.100.Final/netty-common-4.1.100.Final.jar:/home/runner/.m2/repository/io/netty/netty-buffer/4.1.100.Final/netty-buffer-4.1.100.Final.jar:/home/runner/.m2/repository/io/netty/netty-codec-http/4.1.100.Final/netty-codec-http-4.1.100.Final.jar:/home/runner/.m2/repository/io/netty/netty-handler-proxy/4.1.100.Final/netty-handler-proxy-4.1.100.Final.jar:/home/runner/.m2/repository/io/netty/netty-codec-socks/4.1.100.Final/netty-codec-socks-4.1.100.Final.jar:/home/runner/.m2/repository/io/netty/netty-tcnative-boringssl-static/2.0.61.Final/netty-tcnative-boringssl-static-2.0.61.Final.jar:/home/runner/.m2/repository/io/netty/netty-tcnative-classes/2.0.61.Final/netty-tcnative-classes-2.0.61.Final.jar:/home/runner/.m2/repository/io/netty/netty-tcnative-boringssl-static/2.0.61.Final/netty-tcnative-boringssl-static-2.0.61.Final-linux-x86_64.jar:/home/runner/.m2/repository/io/netty/netty-tcnative-boringssl-static/2.0.61.Final/netty-tcnative-boringssl-static-2.0.61.Final-linux-aarch_64.jar:/home/runner/.m2/repository/io/netty/netty-tcnative-boringssl-static/2.0.61.Final/netty-tcnative-boringssl-static-2.0.61.Final-osx-x86_64.jar:/home/runner/.m2/repository/io/netty/netty-tcnative-boringssl-static/2.0.61.Final/netty-tcnative-boringssl-static-2.0.61.Final-osx-aarch_64.jar:/home/runner/.m2/repository/io/netty/netty-tcnative-boringssl-static/2.0.61.Final/netty-tcnative-boringssl-static-2.0.61.Final-windows-x86_64.jar:/home/runner/.m2/repository/org/apache/commons/commons-compress/1.26.0/commons-compress-1.26.0.jar:/home/runner/.m2/repository/org/apache/ozone/hdds-common/1.5.0-SNAPSHOT/hdds-common-1.5.0-SNAPSHOT.jar:/home/runner/.m2/repository/org/apache/ozone/hdds-client/1.5.0-SNAPSHOT/hdds-client-1.5.0-SNAPSHOT.jar:/home/runner/.m2/repository/org/apache/ozone/ozone-interface-client/1.5.0-SNAPSHOT/ozone-interface-client-1.5.0-SNAPSHOT.jar:/home/runner/.m2/repository/org/apache/hadoop/hadoop-hdfs-client/3.3.6/hadoop-hdfs-client-3.3.6.jar:/home/runner/.m2/repository/com/squareup/okhttp3/okhttp/4.12.0/okhttp-4.12.0.jar:/home/runner/.m2/repository/com/squareup/okio/okio/3.6.0/okio-3.6.0.jar:/home/runner/.m2/repository/com/squareup/okio/okio-jvm/3.6.0/okio-jvm-3.6.0.jar:/home/runner/.m2/repository/org/jetbrains/kotlin/kotlin-stdlib-jdk8/1.9.22/kotlin-stdlib-jdk8-1.9.22.jar:/home/runner/.m2/repository/org/jetbrains/kotlin/kotlin-stdlib-jdk7/1.9.22/kotlin-stdlib-jdk7-1.9.22.jar:/home/runner/.m2/repository/org/jetbrains/kotlin/kotlin-stdlib-common/1.9.22/kotlin-stdlib-common-1.9.22.jar:/home/runner/.m2/repository/org/apache/ozone/hdds-test-utils/1.5.0-SNAPSHOT/hdds-test-utils-1.5.0-SNAPSHOT.jar:/home/runner/.m2/repository/org/assertj/assertj-core/3.12.2/assertj-core-3.12.2.jar:/home/runner/.m2/repository/com/google/guava/guava/32.0.0-jre/guava-32.0.0-jre.jar:/home/runner/.m2/repository/com/google/guava/failureaccess/1.0.1/failureaccess-1.0.1.jar:/home/runner/.m2/repository/com/google/guava/listenablefuture/9999.0-empty-to-avoid-conflict-with-guava/listenablefuture-9999.0-empty-to-avoid-conflict-with-guava.jar:/home/runner/.m2/repository/org/checkerframework/checker-qual/3.33.0/checker-qual-3.33.0.jar:/home/runner/.m2/repository/com/google/j2objc/j2objc-annotations/2.8/j2objc-annotations-2.8.jar:/home/runner/.m2/repository/commons-io/commons-io/2.15.1/commons-io-2.15.1.jar:/home/runner/.m2/repository/commons-logging/commons-logging/1.2/commons-logging-1.2.jar:/home/runner/.m2/repository/org/junit/jupiter/junit-jupiter-api/5.10.1/junit-jupiter-api-5.10.1.jar:/home/runner/.m2/repository/org/opentest4j/opentest4j/1.3.0/opentest4j-1.3.0.jar:/home/runner/.m2/repository/org/junit/platform/junit-platform-commons/1.10.1/junit-platform-commons-1.10.1.jar:/home/runner/.m2/repository/ch/qos/reload4j/reload4j/1.2.25/reload4j-1.2.25.jar:/home/runner/.m2/repository/jakarta/annotation/jakarta.annotation-api/2.1.1/jakarta.annotation-api-2.1.1.jar:/home/runner/.m2/repository/org/slf4j/slf4j-api/2.0.10/slf4j-api-2.0.10.jar:/home/runner/.m2/repository/org/apache/logging/log4j/log4j-api/2.17.1/log4j-api-2.17.1.jar:/home/runner/.m2/repository/org/apache/ozone/hdds-server-scm/1.5.0-SNAPSHOT/hdds-server-scm-1.5.0-SNAPSHOT.jar:/home/runner/.m2/repository/com/google/protobuf/protobuf-java/2.5.0/protobuf-java-2.5.0.jar:/home/runner/.m2/repository/org/apache/ozone/hdds-container-service/1.5.0-SNAPSHOT/hdds-container-service-1.5.0-SNAPSHOT.jar:/home/runner/.m2/repository/org/apache/ozone/hdds-hadoop-dependency-server/1.5.0-SNAPSHOT/hdds-hadoop-dependency-server-1.5.0-SNAPSHOT.jar:/home/runner/.m2/repository/org/apache/hadoop/hadoop-hdfs/3.3.6/hadoop-hdfs-3.3.6.jar:/home/runner/.m2/repository/commons-daemon/commons-daemon/1.0.13/commons-daemon-1.0.13.jar:/home/runner/.m2/repository/org/apache/ozone/hdds-server-framework/1.5.0-SNAPSHOT/hdds-server-framework-1.5.0-SNAPSHOT.jar:/home/runner/.m2/repository/org/bouncycastle/bcprov-jdk18on/1.77/bcprov-jdk18on-1.77.jar:/home/runner/.m2/repository/io/dropwizard/metrics/metrics-core/3.2.4/metrics-core-3.2.4.jar:/home/runner/.m2/repository/org/apache/commons/commons-text/1.11.0/commons-text-1.11.0.jar:/home/runner/.m2/repository/org/apache/ozone/hdds-server-framework/1.5.0-SNAPSHOT/hdds-server-framework-1.5.0-SNAPSHOT-tests.jar:/home/runner/.m2/repository/org/apache/ozone/hdds-interface-server/1.5.0-SNAPSHOT/hdds-interface-server-1.5.0-SNAPSHOT.jar:/home/runner/.m2/repository/org/apache/ozone/hdds-interface-admin/1.5.0-SNAPSHOT/hdds-interface-admin-1.5.0-SNAPSHOT.jar:/home/runner/.m2/repository/org/apache/ozone/hdds-managed-rocksdb/1.5.0-SNAPSHOT/hdds-managed-rocksdb-1.5.0-SNAPSHOT.jar:/home/runner/.m2/repository/org/rocksdb/rocksdbjni/7.7.3/rocksdbjni-7.7.3.jar:/home/runner/.m2/repository/org/slf4j/slf4j-reload4j/2.0.10/slf4j-reload4j-2.0.10.jar:/home/runner/.m2/repository/org/apache/commons/commons-configuration2/2.8.0/commons-configuration2-2.8.0.jar:/home/runner/.m2/repository/commons-fileupload/commons-fileupload/1.5/commons-fileupload-1.5.jar:/home/runner/.m2/repository/org/apache/logging/log4j/log4j-core/2.17.1/log4j-core-2.17.1.jar:/home/runner/.m2/repository/com/lmax/disruptor/3.4.2/disruptor-3.4.2.jar:/home/runner/.m2/repository/org/eclipse/jetty/jetty-util/9.4.53.v20231009/jetty-util-9.4.53.v20231009.jar:/home/runner/.m2/repository/org/eclipse/jetty/jetty-server/9.4.53.v20231009/jetty-server-9.4.53.v20231009.jar:/home/runner/.m2/repository/org/eclipse/jetty/jetty-http/9.4.53.v20231009/jetty-http-9.4.53.v20231009.jar:/home/runner/.m2/repository/org/eclipse/jetty/jetty-io/9.4.53.v20231009/jetty-io-9.4.53.v20231009.jar:/home/runner/.m2/repository/org/eclipse/jetty/jetty-servlet/9.4.53.v20231009/jetty-servlet-9.4.53.v20231009.jar:/home/runner/.m2/repository/org/eclipse/jetty/jetty-security/9.4.53.v20231009/jetty-security-9.4.53.v20231009.jar:/home/runner/.m2/repository/org/eclipse/jetty/jetty-util-ajax/9.4.53.v20231009/jetty-util-ajax-9.4.53.v20231009.jar:/home/runner/.m2/repository/org/eclipse/jetty/jetty-webapp/9.4.53.v20231009/jetty-webapp-9.4.53.v20231009.jar:/home/runner/.m2/repository/org/eclipse/jetty/jetty-xml/9.4.53.v20231009/jetty-xml-9.4.53.v20231009.jar:/home/runner/.m2/repository/org/apache/ratis/ratis-server/3.0.1/ratis-server-3.0.1.jar:/home/runner/.m2/repository/org/apache/ratis/ratis-thirdparty-misc/1.0.5/ratis-thirdparty-misc-1.0.5.jar:/home/runner/.m2/repository/org/apache/ratis/ratis-proto/3.0.1/ratis-proto-3.0.1.jar:/home/runner/.m2/repository/org/apache/ratis/ratis-common/3.0.1/ratis-common-3.0.1.jar:/home/runner/.m2/repository/org/apache/ratis/ratis-client/3.0.1/ratis-client-3.0.1.jar:/home/runner/.m2/repository/org/apache/ratis/ratis-server-api/3.0.1/ratis-server-api-3.0.1.jar:/home/runner/.m2/repository/org/apache/ratis/ratis-metrics-api/3.0.1/ratis-metrics-api-3.0.1.jar:/home/runner/.m2/repository/org/apache/ratis/ratis-metrics-dropwizard3/3.0.1/ratis-metrics-dropwizard3-3.0.1.jar:/home/runner/.m2/repository/io/prometheus/simpleclient_dropwizard/0.16.0/simpleclient_dropwizard-0.16.0.jar:/home/runner/.m2/repository/io/prometheus/simpleclient/0.16.0/simpleclient-0.16.0.jar:/home/runner/.m2/repository/io/prometheus/simpleclient_common/0.16.0/simpleclient_common-0.16.0.jar:/home/runner/.m2/repository/com/fasterxml/jackson/datatype/jackson-datatype-jsr310/2.13.4/jackson-datatype-jsr310-2.13.4.jar:/home/runner/.m2/repository/com/fasterxml/jackson/core/jackson-core/2.13.4/jackson-core-2.13.4.jar:/home/runner/.m2/repository/org/apache/ozone/rocksdb-checkpoint-differ/1.5.0-SNAPSHOT/rocksdb-checkpoint-differ-1.5.0-SNAPSHOT.jar:/home/runner/.m2/repository/org/jgrapht/jgrapht-core/1.0.1/jgrapht-core-1.0.1.jar:/home/runner/.m2/repository/org/jgrapht/jgrapht-ext/1.0.1/jgrapht-ext-1.0.1.jar:/home/runner/.m2/repository/org/tinyjee/jgraphx/jgraphx/2.0.0.1/jgraphx-2.0.0.1.jar:/home/runner/.m2/repository/jgraph/jgraph/5.13.0.0/jgraph-5.13.0.0.jar:/home/runner/.m2/repository/org/antlr/antlr4-runtime/4.5.3/antlr4-runtime-4.5.3.jar:/home/runner/.m2/repository/org/apache/ozone/ozone-manager/1.5.0-SNAPSHOT/ozone-manager-1.5.0-SNAPSHOT.jar:/home/runner/.m2/repository/org/aspectj/aspectjrt/1.9.7/aspectjrt-1.9.7.jar:/home/runner/.m2/repository/org/aspectj/aspectjweaver/1.9.7/aspectjweaver-1.9.7.jar:/home/runner/.m2/repository/org/apache/ozone/hdds-interface-client/1.5.0-SNAPSHOT/hdds-interface-client-1.5.0-SNAPSHOT.jar:/home/runner/.m2/repository/org/apache/hadoop/thirdparty/hadoop-shaded-protobuf_3_7/1.1.1/hadoop-shaded-protobuf_3_7-1.1.1.jar:/home/runner/.m2/repository/org/apache/ozone/ozone-interface-storage/1.5.0-SNAPSHOT/ozone-interface-storage-1.5.0-SNAPSHOT.jar:/home/runner/.m2/repository/org/reflections/reflections/0.9.11/reflections-0.9.11.jar:/home/runner/.m2/repository/com/sun/jersey/jersey-client/1.19.4/jersey-client-1.19.4.jar:/home/runner/.m2/repository/org/codehaus/jackson/jackson-core-asl/1.9.13/jackson-core-asl-1.9.13.jar:/home/runner/.m2/repository/org/codehaus/jackson/jackson-mapper-asl/1.9.13/jackson-mapper-asl-1.9.13.jar:/home/runner/.m2/repository/org/codehaus/jackson/jackson-jaxrs/1.9.13/jackson-jaxrs-1.9.13.jar:/home/runner/.m2/repository/org/apache/ranger/ranger-intg/2.3.0/ranger-intg-2.3.0.jar:/home/runner/.m2/repository/org/apache/ranger/ranger-plugins-common/2.3.0/ranger-plugins-common-2.3.0.jar:/home/runner/.m2/repository/commons-lang/commons-lang/2.6/commons-lang-2.6.jar:/home/runner/.m2/repository/org/apache/ranger/ranger-plugins-cred/2.3.0/ranger-plugins-cred-2.3.0.jar:/home/runner/.m2/repository/org/apache/ranger/ranger-plugins-audit/2.3.0/ranger-plugins-audit-2.3.0.jar:/home/runner/.m2/repository/org/eclipse/jetty/jetty-client/9.4.53.v20231009/jetty-client-9.4.53.v20231009.jar:/home/runner/.m2/repository/org/apache/httpcomponents/httpmime/4.5.6/httpmime-4.5.6.jar:/home/runner/.m2/repository/org/apache/httpcomponents/httpcore-nio/4.4.16/httpcore-nio-4.4.16.jar:/home/runner/.m2/repository/org/apache/httpcomponents/httpasyncclient/4.1.3/httpasyncclient-4.1.3.jar:/home/runner/.m2/repository/com/carrotsearch/hppc/0.8.0/hppc-0.8.0.jar:/home/runner/.m2/repository/org/apache/orc/orc-core/1.5.8/orc-core-1.5.8.jar:/home/runner/.m2/repository/net/java/dev/jna/jna/5.2.0/jna-5.2.0.jar:/home/runner/.m2/repository/net/java/dev/jna/jna-platform/5.2.0/jna-platform-5.2.0.jar:/home/runner/.m2/repository/com/kstruct/gethostname4j/0.0.2/gethostname4j-0.0.2.jar:/home/runner/.m2/repository/org/apache/ranger/ranger-plugin-classloader/2.3.0/ranger-plugin-classloader-2.3.0.jar:/home/runner/.m2/repository/org/apache/ozone/hdds-rocks-native/1.5.0-SNAPSHOT/hdds-rocks-native-1.5.0-SNAPSHOT.jar:/home/runner/.m2/repository/org/apache/hadoop/hadoop-minikdc/3.3.6/hadoop-minikdc-3.3.6.jar:/home/runner/.m2/repository/org/apache/kerby/kerb-simplekdc/1.0.1/kerb-simplekdc-1.0.1.jar:/home/runner/.m2/repository/org/apache/kerby/kerb-client/1.0.1/kerb-client-1.0.1.jar:/home/runner/.m2/repository/org/apache/kerby/kerby-config/1.0.1/kerby-config-1.0.1.jar:/home/runner/.m2/repository/org/apache/kerby/kerb-common/1.0.1/kerb-common-1.0.1.jar:/home/runner/.m2/repository/org/apache/kerby/kerb-crypto/1.0.1/kerb-crypto-1.0.1.jar:/home/runner/.m2/repository/org/apache/kerby/kerb-util/1.0.1/kerb-util-1.0.1.jar:/home/runner/.m2/repository/org/apache/kerby/token-provider/1.0.1/token-provider-1.0.1.jar:/home/runner/.m2/repository/org/apache/kerby/kerb-admin/1.0.1/kerb-admin-1.0.1.jar:/home/runner/.m2/repository/org/apache/kerby/kerb-server/1.0.1/kerb-server-1.0.1.jar:/home/runner/.m2/repository/org/apache/kerby/kerb-identity/1.0.1/kerb-identity-1.0.1.jar:/home/runner/.m2/repository/org/apache/kerby/kerby-xdr/1.0.1/kerby-xdr-1.0.1.jar:/home/runner/.m2/repository/junit/junit/4.13.2/junit-4.13.2.jar:/home/runner/.m2/repository/org/hamcrest/hamcrest-core/1.3/hamcrest-core-1.3.jar:/home/runner/.m2/repository/org/apache/ozone/ozone-s3gateway/1.5.0-SNAPSHOT/ozone-s3gateway-1.5.0-SNAPSHOT.jar:/home/runner/.m2/repository/org/javassist/javassist/3.21.0-GA/javassist-3.21.0-GA.jar:/home/runner/.m2/repository/org/jboss/weld/servlet/weld-servlet-shaded/3.1.9.Final/weld-servlet-shaded-3.1.9.Final.jar:/home/runner/.m2/repository/org/glassfish/jersey/containers/jersey-container-servlet-core/2.41/jersey-container-servlet-core-2.41.jar:/home/runner/.m2/repository/org/glassfish/hk2/external/jakarta.inject/2.6.1/jakarta.inject-2.6.1.jar:/home/runner/.m2/repository/org/glassfish/jersey/core/jersey-common/2.41/jersey-common-2.41.jar:/home/runner/.m2/repository/jakarta/ws/rs/jakarta.ws.rs-api/2.1.6/jakarta.ws.rs-api-2.1.6.jar:/home/runner/.m2/repository/org/glassfish/jersey/ext/cdi/jersey-cdi1x/2.41/jersey-cdi1x-2.41.jar:/home/runner/.m2/repository/org/glassfish/jersey/inject/jersey-hk2/2.41/jersey-hk2-2.41.jar:/home/runner/.m2/repository/org/glassfish/hk2/hk2-locator/2.6.1/hk2-locator-2.6.1.jar:/home/runner/.m2/repository/org/glassfish/jersey/media/jersey-media-jaxb/2.41/jersey-media-jaxb-2.41.jar:/home/runner/.m2/repository/org/glassfish/hk2/osgi-resource-locator/1.0.3/osgi-resource-locator-1.0.3.jar:/home/runner/.m2/repository/org/glassfish/hk2/hk2-api/2.6.1/hk2-api-2.6.1.jar:/home/runner/.m2/repository/org/glassfish/hk2/hk2-utils/2.6.1/hk2-utils-2.6.1.jar:/home/runner/.m2/repository/org/glassfish/hk2/external/aopalliance-repackaged/2.6.1/aopalliance-repackaged-2.6.1.jar:/home/runner/.m2/repository/com/fasterxml/jackson/dataformat/jackson-dataformat-xml/2.13.4/jackson-dataformat-xml-2.13.4.jar:/home/runner/.m2/repository/org/codehaus/woodstox/stax2-api/4.2.2/stax2-api-4.2.2.jar:/home/runner/.m2/repository/com/fasterxml/woodstox/woodstox-core/5.4.0/woodstox-core-5.4.0.jar:/home/runner/.m2/repository/com/fasterxml/jackson/module/jackson-module-jaxb-annotations/2.13.4/jackson-module-jaxb-annotations-2.13.4.jar:/home/runner/.m2/repository/javax/enterprise/cdi-api/2.0/cdi-api-2.0.jar:/home/runner/.m2/repository/javax/el/javax.el-api/3.0.0/javax.el-api-3.0.0.jar:/home/runner/.m2/repository/javax/interceptor/javax.interceptor-api/1.2/javax.interceptor-api-1.2.jar:/home/runner/.m2/repository/javax/inject/javax.inject/1/javax.inject-1.jar:/home/runner/.m2/repository/jakarta/xml/bind/jakarta.xml.bind-api/2.3.3/jakarta.xml.bind-api-2.3.3.jar:/home/runner/.m2/repository/org/glassfish/jaxb/jaxb-runtime/2.3.9/jaxb-runtime-2.3.9.jar:/home/runner/.m2/repository/org/glassfish/jaxb/txw2/2.3.9/txw2-2.3.9.jar:/home/runner/.m2/repository/com/sun/istack/istack-commons-runtime/3.0.12/istack-commons-runtime-3.0.12.jar:/home/runner/.m2/repository/com/sun/activation/jakarta.activation/1.2.2/jakarta.activation-1.2.2.jar:/home/runner/.m2/repository/jakarta/activation/jakarta.activation-api/1.2.2/jakarta.activation-api-1.2.2.jar:/home/runner/.m2/repository/io/grpc/grpc-protobuf/1.58.0/grpc-protobuf-1.58.0.jar:/home/runner/.m2/repository/com/google/api/grpc/proto-google-common-protos/2.22.0/proto-google-common-protos-2.22.0.jar:/home/runner/.m2/repository/io/grpc/grpc-protobuf-lite/1.58.0/grpc-protobuf-lite-1.58.0.jar:/home/runner/.m2/repository/io/grpc/grpc-stub/1.58.0/grpc-stub-1.58.0.jar:/home/runner/.m2/repository/io/netty/netty-transport/4.1.100.Final/netty-transport-4.1.100.Final.jar:/home/runner/.m2/repository/io/netty/netty-resolver/4.1.100.Final/netty-resolver-4.1.100.Final.jar:/home/runner/.m2/repository/org/apache/ozone/ozone-csi/1.5.0-SNAPSHOT/ozone-csi-1.5.0-SNAPSHOT.jar:/home/runner/.m2/repository/com/google/protobuf/protobuf-java-util/3.19.6/protobuf-java-util-3.19.6.jar:/home/runner/.m2/repository/com/google/code/gson/gson/2.9.0/gson-2.9.0.jar:/home/runner/.m2/repository/org/apache/ozone/hdds-config/1.5.0-SNAPSHOT/hdds-config-1.5.0-SNAPSHOT.jar:/home/runner/.m2/repository/io/netty/netty-transport-native-epoll/4.1.100.Final/netty-transport-native-epoll-4.1.100.Final-linux-x86_64.jar:/home/runner/.m2/repository/io/netty/netty-transport-classes-epoll/4.1.100.Final/netty-transport-classes-epoll-4.1.100.Final.jar:/home/runner/.m2/repository/io/netty/netty-transport-native-unix-common/4.1.100.Final/netty-transport-native-unix-common-4.1.100.Final.jar:/home/runner/.m2/repository/org/apache/ozone/ozone-recon/1.5.0-SNAPSHOT/ozone-recon-1.5.0-SNAPSHOT.jar:/home/runner/.m2/repository/org/apache/ozone/ozone-reconcodegen/1.5.0-SNAPSHOT/ozone-reconcodegen-1.5.0-SNAPSHOT.jar:/home/runner/.m2/repository/com/google/inject/guice/6.0.0/guice-6.0.0.jar:/home/runner/.m2/repository/jakarta/inject/jakarta.inject-api/2.0.1/jakarta.inject-api-2.0.1.jar:/home/runner/.m2/repository/aopalliance/aopalliance/1.0/aopalliance-1.0.jar:/home/runner/.m2/repository/com/google/inject/extensions/guice-assistedinject/6.0.0/guice-assistedinject-6.0.0.jar:/home/runner/.m2/repository/com/google/inject/extensions/guice-servlet/6.0.0/guice-servlet-6.0.0.jar:/home/runner/.m2/repository/org/glassfish/jersey/containers/jersey-container-servlet/2.41/jersey-container-servlet-2.41.jar:/home/runner/.m2/repository/org/glassfish/hk2/guice-bridge/2.6.1/guice-bridge-2.6.1.jar:/home/runner/.m2/repository/org/glassfish/jersey/core/jersey-server/2.41/jersey-server-2.41.jar:/home/runner/.m2/repository/org/glassfish/jersey/core/jersey-client/2.41/jersey-client-2.41.jar:/home/runner/.m2/repository/jakarta/validation/jakarta.validation-api/2.0.2/jakarta.validation-api-2.0.2.jar:/home/runner/.m2/repository/org/glassfish/jersey/media/jersey-media-json-jackson/2.41/jersey-media-json-jackson-2.41.jar:/home/runner/.m2/repository/org/glassfish/jersey/ext/jersey-entity-filtering/2.41/jersey-entity-filtering-2.41.jar:/home/runner/.m2/repository/org/jooq/jooq/3.11.10/jooq-3.11.10.jar:/home/runner/.m2/repository/org/jooq/jooq-meta/3.11.10/jooq-meta-3.11.10.jar:/home/runner/.m2/repository/org/jooq/jooq-codegen/3.11.10/jooq-codegen-3.11.10.jar:/home/runner/.m2/repository/com/jolbox/bonecp/0.8.0.RELEASE/bonecp-0.8.0.RELEASE.jar:/home/runner/.m2/repository/org/apache/derby/derby/10.14.2.0/derby-10.14.2.0.jar:/home/runner/.m2/repository/org/xerial/sqlite-jdbc/3.44.1.0/sqlite-jdbc-3.44.1.0.jar:/home/runner/.m2/repository/org/springframework/spring-jdbc/5.3.27/spring-jdbc-5.3.27.jar:/home/runner/.m2/repository/org/springframework/spring-beans/5.3.27/spring-beans-5.3.27.jar:/home/runner/.m2/repository/org/springframework/spring-core/5.3.27/spring-core-5.3.27.jar:/home/runner/.m2/repository/org/springframework/spring-tx/5.3.27/spring-tx-5.3.27.jar:/home/runner/.m2/repository/org/apache/ozone/ozone-client/1.5.0-SNAPSHOT/ozone-client-1.5.0-SNAPSHOT.jar:/home/runner/.m2/repository/org/apache/ozone/hdds-erasurecode/1.5.0-SNAPSHOT/hdds-erasurecode-1.5.0-SNAPSHOT.jar:/home/runner/.m2/repository/org/apache/ozone/ozone-filesystem/1.5.0-SNAPSHOT/ozone-filesystem-1.5.0-SNAPSHOT.jar:/home/runner/.m2/repository/org/apache/ozone/ozone-filesystem-common/1.5.0-SNAPSHOT/ozone-filesystem-common-1.5.0-SNAPSHOT.jar:/home/runner/.m2/repository/org/apache/ozone/ozone-tools/1.5.0-SNAPSHOT/ozone-tools-1.5.0-SNAPSHOT.jar:/home/runner/.m2/repository/com/amazonaws/aws-java-sdk-core/1.12.661/aws-java-sdk-core-1.12.661.jar:/home/runner/.m2/repository/org/apache/httpcomponents/httpclient/4.5.13/httpclient-4.5.13.jar:/home/runner/.m2/repository/org/apache/httpcomponents/httpcore/4.4.16/httpcore-4.4.16.jar:/home/runner/.m2/repository/com/fasterxml/jackson/dataformat/jackson-dataformat-cbor/2.13.4/jackson-dataformat-cbor-2.13.4.jar:/home/runner/.m2/repository/joda-time/joda-time/2.12.7/joda-time-2.12.7.jar:/home/runner/.m2/repository/com/amazonaws/aws-java-sdk-s3/1.12.661/aws-java-sdk-s3-1.12.661.jar:/home/runner/.m2/repository/com/amazonaws/aws-java-sdk-kms/1.12.661/aws-java-sdk-kms-1.12.661.jar:/home/runner/.m2/repository/com/amazonaws/jmespath-java/1.12.661/jmespath-java-1.12.661.jar:/home/runner/.m2/repository/org/kohsuke/metainf-services/metainf-services/1.8/metainf-services-1.8.jar:/home/runner/.m2/repository/org/apache/ozone/hdds-tools/1.5.0-SNAPSHOT/hdds-tools-1.5.0-SNAPSHOT.jar:/home/runner/.m2/repository/org/apache/ratis/ratis-tools/3.0.1/ratis-tools-3.0.1.jar:/home/runner/.m2/repository/commons-cli/commons-cli/1.6.0/commons-cli-1.6.0.jar:/home/runner/.m2/repository/org/apache/commons/commons-lang3/3.14.0/commons-lang3-3.14.0.jar:/home/runner/.m2/repository/org/apache/ozone/ozone-manager/1.5.0-SNAPSHOT/ozone-manager-1.5.0-SNAPSHOT-tests.jar:/home/runner/.m2/repository/org/apache/ozone/hdds-common/1.5.0-SNAPSHOT/hdds-common-1.5.0-SNAPSHOT-tests.jar:/home/runner/.m2/repository/org/apache/ozone/hdds-hadoop-dependency-client/1.5.0-SNAPSHOT/hdds-hadoop-dependency-client-1.5.0-SNAPSHOT.jar:/home/runner/.m2/repository/info/picocli/picocli/4.7.5/picocli-4.7.5.jar:/home/runner/.m2/repository/com/fasterxml/jackson/core/jackson-annotations/2.13.4/jackson-annotations-2.13.4.jar:/home/runner/.m2/repository/org/apache/ozone/hdds-annotation-processing/1.5.0-SNAPSHOT/hdds-annotation-processing-1.5.0-SNAPSHOT.jar:/home/runner/.m2/repository/javax/annotation/javax.annotation-api/1.3.2/javax.annotation-api-1.3.2.jar:/home/runner/.m2/repository/org/apache/ratis/ratis-netty/3.0.1/ratis-netty-3.0.1.jar:/home/runner/.m2/repository/org/apache/ratis/ratis-grpc/3.0.1/ratis-grpc-3.0.1.jar:/home/runner/.m2/repository/org/apache/commons/commons-pool2/2.6.0/commons-pool2-2.6.0.jar:/home/runner/.m2/repository/org/bouncycastle/bcpkix-jdk18on/1.77/bcpkix-jdk18on-1.77.jar:/home/runner/.m2/repository/org/bouncycastle/bcutil-jdk18on/1.77/bcutil-jdk18on-1.77.jar:/home/runner/.m2/repository/commons-validator/commons-validator/1.6/commons-validator-1.6.jar:/home/runner/.m2/repository/commons-beanutils/commons-beanutils/1.9.4/commons-beanutils-1.9.4.jar:/home/runner/.m2/repository/commons-digester/commons-digester/1.8.1/commons-digester-1.8.1.jar:/home/runner/.m2/repository/commons-collections/commons-collections/3.2.2/commons-collections-3.2.2.jar:/home/runner/.m2/repository/io/jaegertracing/jaeger-client/1.8.1/jaeger-client-1.8.1.jar:/home/runner/.m2/repository/io/jaegertracing/jaeger-thrift/1.8.1/jaeger-thrift-1.8.1.jar:/home/runner/.m2/repository/org/apache/thrift/libthrift/0.15.0/libthrift-0.15.0.jar:/home/runner/.m2/repository/io/jaegertracing/jaeger-core/1.8.1/jaeger-core-1.8.1.jar:/home/runner/.m2/repository/io/jaegertracing/jaeger-tracerresolver/1.8.1/jaeger-tracerresolver-1.8.1.jar:/home/runner/.m2/repository/io/opentracing/contrib/opentracing-tracerresolver/0.1.8/opentracing-tracerresolver-0.1.8.jar:/home/runner/.m2/repository/org/jetbrains/kotlin/kotlin-stdlib/1.9.22/kotlin-stdlib-1.9.22.jar:/home/runner/.m2/repository/org/jetbrains/annotations/13.0/annotations-13.0.jar:/home/runner/.m2/repository/io/opentracing/opentracing-util/0.33.0/opentracing-util-0.33.0.jar:/home/runner/.m2/repository/io/opentracing/opentracing-api/0.33.0/opentracing-api-0.33.0.jar:/home/runner/.m2/repository/io/opentracing/opentracing-noop/0.33.0/opentracing-noop-0.33.0.jar:/home/runner/.m2/repository/org/yaml/snakeyaml/2.0/snakeyaml-2.0.jar:/home/runner/.m2/repository/io/grpc/grpc-api/1.58.0/grpc-api-1.58.0.jar:/home/runner/.m2/repository/org/junit/jupiter/junit-jupiter-engine/5.10.1/junit-jupiter-engine-5.10.1.jar:/home/runner/.m2/repository/org/junit/platform/junit-platform-engine/1.10.1/junit-platform-engine-1.10.1.jar:/home/runner/.m2/repository/org/apiguardian/apiguardian-api/1.1.2/apiguardian-api-1.1.2.jar:/home/runner/.m2/repository/org/junit/platform/junit-platform-launcher/1.10.1/junit-platform-launcher-1.10.1.jar:/home/runner/.m2/repository/org/apache/hadoop/hadoop-kms/3.3.6/hadoop-kms-3.3.6.jar:/home/runner/.m2/repository/org/apache/hadoop/hadoop-auth/3.3.6/hadoop-auth-3.3.6.jar:/home/runner/.m2/repository/com/nimbusds/nimbus-jose-jwt/9.8.1/nimbus-jose-jwt-9.8.1.jar:/home/runner/.m2/repository/com/github/stephenc/jcip/jcip-annotations/1.0-1/jcip-annotations-1.0-1.jar:/home/runner/.m2/repository/org/apache/zookeeper/zookeeper/3.7.2/zookeeper-3.7.2.jar:/home/runner/.m2/repository/org/apache/zookeeper/zookeeper-jute/3.7.2/zookeeper-jute-3.7.2.jar:/home/runner/.m2/repository/org/apache/yetus/audience-annotations/0.12.0/audience-annotations-0.12.0.jar:/home/runner/.m2/repository/org/apache/curator/curator-framework/4.2.0/curator-framework-4.2.0.jar:/home/runner/.m2/repository/org/apache/hadoop/thirdparty/hadoop-shaded-guava/1.1.1/hadoop-shaded-guava-1.1.1.jar:/home/runner/.m2/repository/com/sun/jersey/jersey-core/1.19.4/jersey-core-1.19.4.jar:/home/runner/.m2/repository/javax/ws/rs/jsr311-api/1.1.1/jsr311-api-1.1.1.jar:/home/runner/.m2/repository/com/sun/jersey/jersey-server/1.19.4/jersey-server-1.19.4.jar:/home/runner/.m2/repository/javax/servlet/javax.servlet-api/3.1.0/javax.servlet-api-3.1.0.jar:/home/runner/.m2/repository/org/apache/hadoop/hadoop-common/3.3.6/hadoop-common-3.3.6.jar:/home/runner/.m2/repository/org/apache/commons/commons-math3/3.6.1/commons-math3-3.6.1.jar:/home/runner/.m2/repository/commons-net/commons-net/3.10.0/commons-net-3.10.0.jar:/home/runner/.m2/repository/com/sun/jersey/jersey-servlet/1.19.4/jersey-servlet-1.19.4.jar:/home/runner/.m2/repository/com/github/pjfanning/jersey-json/1.20/jersey-json-1.20.jar:/home/runner/.m2/repository/org/codehaus/jettison/jettison/1.1/jettison-1.1.jar:/home/runner/.m2/repository/com/sun/xml/bind/jaxb-impl/2.2.3-1/jaxb-impl-2.2.3-1.jar:/home/runner/.m2/repository/com/google/re2j/re2j/1.7/re2j-1.7.jar:/home/runner/.m2/repository/com/jcraft/jsch/0.1.54/jsch-0.1.54.jar:/home/runner/.m2/repository/org/apache/curator/curator-client/4.2.0/curator-client-4.2.0.jar:/home/runner/.m2/repository/org/apache/curator/curator-recipes/5.2.0/curator-recipes-5.2.0.jar:/home/runner/.m2/repository/com/google/code/findbugs/jsr305/3.0.2/jsr305-3.0.2.jar:/home/runner/.m2/repository/org/apache/kerby/kerb-core/1.0.1/kerb-core-1.0.1.jar:/home/runner/.m2/repository/org/apache/kerby/kerby-pkix/1.0.1/kerby-pkix-1.0.1.jar:/home/runner/.m2/repository/org/apache/kerby/kerby-asn1/1.0.1/kerby-asn1-1.0.1.jar:/home/runner/.m2/repository/org/apache/kerby/kerby-util/1.0.1/kerby-util-1.0.1.jar:/home/runner/.m2/repository/dnsjava/dnsjava/2.1.7/dnsjava-2.1.7.jar:/home/runner/.m2/repository/org/xerial/snappy/snappy-java/1.1.8.2/snappy-java-1.1.8.2.jar:/home/runner/.m2/repository/com/fasterxml/jackson/core/jackson-databind/2.13.4.2/jackson-databind-2.13.4.2.jar:/home/runner/.m2/repository/org/apache/hadoop/hadoop-kms/3.3.6/hadoop-kms-3.3.6-tests.jar:/home/runner/.m2/repository/org/apache/ozone/hdds-server-scm/1.5.0-SNAPSHOT/hdds-server-scm-1.5.0-SNAPSHOT-tests.jar:/home/runner/.m2/repository/org/apache/ozone/hdds-container-service/1.5.0-SNAPSHOT/hdds-container-service-1.5.0-SNAPSHOT-tests.jar:/home/runner/.m2/repository/com/github/luben/zstd-jni/1.5.2-5/zstd-jni-1.5.2-5.jar:/home/runner/.m2/repository/commons-codec/commons-codec/1.15/commons-codec-1.15.jar:/home/runner/.m2/repository/io/netty/netty-codec/4.1.100.Final/netty-codec-4.1.100.Final.jar:/home/runner/.m2/repository/io/netty/netty-handler/4.1.100.Final/netty-handler-4.1.100.Final.jar:/home/runner/.m2/repository/org/apache/ozone/hdds-hadoop-dependency-test/1.5.0-SNAPSHOT/hdds-hadoop-dependency-test-1.5.0-SNAPSHOT.jar:/home/runner/.m2/repository/org/apache/hadoop/hadoop-common/3.3.6/hadoop-common-3.3.6-tests.jar:/home/runner/.m2/repository/org/apache/hadoop/hadoop-hdfs/3.3.6/hadoop-hdfs-3.3.6-tests.jar:/home/runner/.m2/repository/org/junit/jupiter/junit-jupiter-params/5.10.1/junit-jupiter-params-5.10.1.jar:/home/runner/.m2/repository/org/mockito/mockito-core/4.11.0/mockito-core-4.11.0.jar:/home/runner/.m2/repository/net/bytebuddy/byte-buddy/1.12.19/byte-buddy-1.12.19.jar:/home/runner/.m2/repository/net/bytebuddy/byte-buddy-agent/1.12.19/byte-buddy-agent-1.12.19.jar:/home/runner/.m2/repository/org/objenesis/objenesis/1.0/objenesis-1.0.jar:/home/runner/.m2/repository/org/mockito/mockito-junit-jupiter/4.11.0/mockito-junit-jupiter-4.11.0.jar:/home/runner/.m2/repository/org/apache/hadoop/hadoop-distcp/3.3.6/hadoop-distcp-3.3.6.jar:/home/runner/.m2/repository/org/apache/hadoop/hadoop-mapreduce-client-jobclient/3.3.6/hadoop-mapreduce-client-jobclient-3.3.6.jar:/home/runner/.m2/repository/org/apache/hadoop/hadoop-mapreduce-client-common/3.3.6/hadoop-mapreduce-client-common-3.3.6.jar:/home/runner/.m2/repository/org/apache/hadoop/hadoop-yarn-common/3.3.6/hadoop-yarn-common-3.3.6.jar:/home/runner/.m2/repository/org/apache/hadoop/hadoop-yarn-api/3.3.6/hadoop-yarn-api-3.3.6.jar:/home/runner/.m2/repository/javax/xml/bind/jaxb-api/2.2.11/jaxb-api-2.2.11.jar:/home/runner/.m2/repository/com/sun/jersey/contribs/jersey-guice/1.19.4/jersey-guice-1.19.4.jar:/home/runner/.m2/repository/com/fasterxml/jackson/jaxrs/jackson-jaxrs-json-provider/2.13.4/jackson-jaxrs-json-provider-2.13.4.jar:/home/runner/.m2/repository/com/fasterxml/jackson/jaxrs/jackson-jaxrs-base/2.13.4/jackson-jaxrs-base-2.13.4.jar:/home/runner/.m2/repository/org/apache/hadoop/hadoop-yarn-client/3.3.6/hadoop-yarn-client-3.3.6.jar:/home/runner/.m2/repository/org/eclipse/jetty/websocket/websocket-client/9.4.51.v20230217/websocket-client-9.4.51.v20230217.jar:/home/runner/.m2/repository/org/eclipse/jetty/websocket/websocket-common/9.4.51.v20230217/websocket-common-9.4.51.v20230217.jar:/home/runner/.m2/repository/org/eclipse/jetty/websocket/websocket-api/9.4.51.v20230217/websocket-api-9.4.51.v20230217.jar:/home/runner/.m2/repository/org/jline/jline/3.9.0/jline-3.9.0.jar:/home/runner/.m2/repository/org/apache/hadoop/hadoop-mapreduce-client-core/3.3.6/hadoop-mapreduce-client-core-3.3.6.jar:/home/runner/.m2/repository/org/apache/avro/avro/1.7.7/avro-1.7.7.jar:/home/runner/.m2/repository/com/thoughtworks/paranamer/paranamer/2.3/paranamer-2.3.jar:/home/runner/.m2/repository/org/apache/hadoop/hadoop-annotations/3.3.6/hadoop-annotations-3.3.6.jar:/usr/lib/jvm/temurin-8-jdk-amd64/jre/../lib/tools.jar:/home/runner/.m2/repository/io/netty/netty/3.10.6.Final/netty-3.10.6.Final.jar:/home/runner/.m2/repository/org/apache/hadoop/hadoop-distcp/3.3.6/hadoop-distcp-3.3.6-tests.jar:/home/runner/.m2/repository/org/hamcrest/hamcrest/2.2/hamcrest-2.2.jar:/home/runner/.m2/repository/org/slf4j/jul-to-slf4j/2.0.10/jul-to-slf4j-2.0.10.jar:/home/runner/work/ozone/ozone/hadoop-ozone/integration-test/target/gradle-enterprise/test-listeners.jar:"/>
    <property name="sun.cpu.endian" value="little"/>
    <property name="user.home" value="/home/runner"/>
    <property name="user.language" value="en"/>
    <property name="java.specification.vendor" value="Oracle Corporation"/>
    <property name="java.home" value="/usr/lib/jvm/temurin-8-jdk-amd64/jre"/>
    <property name="java.security.krb5.conf" value="/home/runner/work/ozone/ozone/hadoop-ozone/integration-test/target/test-classes/krb5.conf"/>
    <property name="file.separator" value="/"/>
    <property name="basedir" value="/home/runner/work/ozone/ozone/hadoop-ozone/integration-test"/>
    <property name="line.separator" value="&#10;"/>
    <property name="java.vm.specification.vendor" value="Oracle Corporation"/>
    <property name="java.specification.name" value="Java Platform API Specification"/>
    <property name="skip.installnpx" value="true"/>
    <property name="java.awt.graphicsenv" value="sun.awt.X11GraphicsEnvironment"/>
    <property name="surefire.fork.timeout" value="3600"/>
    <property name="surefire.real.class.path" value="/home/runner/work/ozone/ozone/hadoop-ozone/integration-test/target/surefire/surefirebooter851614917432021328.jar:/home/runner/.m2/repository/org/jacoco/org.jacoco.agent/0.8.11/org.jacoco.agent-0.8.11-runtime.jar"/>
    <property name="sun.boot.class.path" value="/usr/lib/jvm/temurin-8-jdk-amd64/jre/lib/resources.jar:/usr/lib/jvm/temurin-8-jdk-amd64/jre/lib/rt.jar:/usr/lib/jvm/temurin-8-jdk-amd64/jre/lib/sunrsasign.jar:/usr/lib/jvm/temurin-8-jdk-amd64/jre/lib/jsse.jar:/usr/lib/jvm/temurin-8-jdk-amd64/jre/lib/jce.jar:/usr/lib/jvm/temurin-8-jdk-amd64/jre/lib/charsets.jar:/usr/lib/jvm/temurin-8-jdk-amd64/jre/lib/jfr.jar:/usr/lib/jvm/temurin-8-jdk-amd64/jre/classes"/>
    <property name="hadoop.log.dir" value="/home/runner/work/ozone/ozone/hadoop-ozone/integration-test/target/log"/>
    <property name="sun.management.compiler" value="HotSpot 64-Bit Tiered Compilers"/>
    <property name="java.runtime.version" value="1.8.0_402-b06"/>
    <property name="skip.npx" value="true"/>
    <property name="user.name" value="runner"/>
    <property name="java.net.preferIPv4Stack" value="true"/>
    <property name="path.separator" value=":"/>
    <property name="java.security.egd" value="file:///dev/urandom"/>
    <property name="os.version" value="5.15.0-1056-azure"/>
    <property name="java.endorsed.dirs" value="/usr/lib/jvm/temurin-8-jdk-amd64/jre/lib/endorsed"/>
    <property name="java.runtime.name" value="OpenJDK Runtime Environment"/>
    <property name="com.gradle.maven.scan.extension.test.listener.junitplatform.NestedExecutionSafeDelegatingTestExecutionListener" value="4f56c644"/>
    <property name="file.encoding" value="UTF-8"/>
    <property name="java.vm.name" value="OpenJDK 64-Bit Server VM"/>
    <property name="test.build.webapps" value=""/>
    <property name="localRepository" value="/home/runner/.m2/repository"/>
    <property name="gradle.enterprise.listener.port" value="40245"/>
    <property name="jetty.git.hash" value="27bde00a0b95a1d5bbee0eae7984f891d2d0f8c9"/>
    <property name="java.vendor.url.bug" value="https://github.com/adoptium/adoptium-support/issues"/>
    <property name="require.test.libhadoop" value=""/>
    <property name="java.io.tmpdir" value="/tmp"/>
    <property name="java.version" value="1.8.0_402"/>
    <property name="surefire.rerunFailingTestsCount" value="5"/>
    <property name="user.dir" value="/home/runner/work/ozone/ozone/hadoop-ozone/integration-test"/>
    <property name="os.arch" value="amd64"/>
    <property name="test.build.classes" value="/home/runner/work/ozone/ozone/hadoop-ozone/integration-test/target/test-classes"/>
    <property name="java.vm.specification.name" value="Java Virtual Machine Specification"/>
    <property name="java.awt.printerjob" value="sun.print.PSPrinterJob"/>
    <property name="sun.os.patch.level" value="unknown"/>
    <property name="org.apache.ratis.thirdparty.io.netty.allocator.useCacheForAllThreads" value="false"/>
    <property name="hadoop.tmp.dir" value="/home/runner/work/ozone/ozone/hadoop-ozone/integration-test/target/tmp"/>
    <property name="java.library.path" value="/usr/java/packages/lib/amd64:/usr/lib64:/lib64:/lib:/usr/lib"/>
    <property name="java.vendor" value="Temurin"/>
    <property name="java.vm.info" value="mixed mode"/>
    <property name="java.vm.version" value="25.402-b06"/>
    <property name="java.specification.maintenance.version" value="5"/>
    <property name="sun.io.unicode.encoding" value="UnicodeLittle"/>
    <property name="java.ext.dirs" value="/usr/lib/jvm/temurin-8-jdk-amd64/jre/lib/ext:/usr/java/packages/lib/ext"/>
    <property name="java.class.version" value="52.0"/>
  </properties>
  <testcase name="testPrepareWithMultipleThreads" classname="org.apache.hadoop.ozone.om.TestOzoneManagerPrepare" time="10.316"/>
  <testcase name="testCancelPrepare" classname="org.apache.hadoop.ozone.om.TestOzoneManagerPrepare" time="126.154">
    <error type="PREPARE_FAILED org.apache.hadoop.ozone.om.exceptions.OMException"><![CDATA[PREPARE_FAILED org.apache.hadoop.ozone.om.exceptions.OMException: java.io.IOException: After waiting for 120 seconds, Ratis state machine applied index 71 which is less than the minimum required index 73.
	at org.apache.hadoop.ozone.om.protocolPB.OzoneManagerProtocolClientSideTranslatorPB.handleError(OzoneManagerProtocolClientSideTranslatorPB.java:753)
	at org.apache.hadoop.ozone.om.protocolPB.OzoneManagerProtocolClientSideTranslatorPB.prepareOzoneManager(OzoneManagerProtocolClientSideTranslatorPB.java:2461)
	at org.apache.hadoop.ozone.om.TestOzoneManagerPrepare.submitPrepareRequest(TestOzoneManagerPrepare.java:445)
	at org.apache.hadoop.ozone.om.TestOzoneManagerPrepare.testCancelPrepare(TestOzoneManagerPrepare.java:314)
	at java.lang.reflect.Method.invoke(Method.java:498)
	at java.util.ArrayList.forEach(ArrayList.java:1259)
	at java.util.ArrayList.forEach(ArrayList.java:1259)
]]></error>
    <system-out><![CDATA[2024-02-27 07:39:09,710 [main] INFO  om.TestOzoneManagerPrepare (TestOzoneManagerPrepare.java:setup(101)) - Waiting for OM leader election
2024-02-27 07:39:09,817 [omNode-3@group-523986131536-FollowerState] INFO  impl.FollowerState (FollowerState.java:run(143)) - omNode-3@group-523986131536-FollowerState: change to CANDIDATE, lastRpcElapsedTime:1111656359ns, electionTimeout:1110ms
2024-02-27 07:39:09,817 [omNode-3@group-523986131536-FollowerState] INFO  impl.RoleInfo (RoleInfo.java:shutdownFollowerState(110)) - omNode-3: shutdown omNode-3@group-523986131536-FollowerState
2024-02-27 07:39:09,817 [omNode-3@group-523986131536-FollowerState] INFO  server.RaftServer$Division (RaftServerImpl.java:setRole(383)) - omNode-3@group-523986131536: changes role from  FOLLOWER to CANDIDATE at term 1 for changeToCandidate
2024-02-27 07:39:09,817 [omNode-3@group-523986131536-FollowerState] INFO  server.RaftServerConfigKeys (ConfUtils.java:logGet(46)) - raft.server.leaderelection.pre-vote = true (default)
2024-02-27 07:39:09,817 [omNode-3@group-523986131536-FollowerState] INFO  impl.RoleInfo (RoleInfo.java:updateAndGet(139)) - omNode-3: start omNode-3@group-523986131536-LeaderElection8
2024-02-27 07:39:09,819 [omNode-3@group-523986131536-LeaderElection8] INFO  impl.LeaderElection (LeaderElection.java:askForVotes(321)) - omNode-3@group-523986131536-LeaderElection8 PRE_VOTE round 0: submit vote requests at term 1 for 0: peers:[omNode-3|localhost:15015, omNode-1|localhost:15007, omNode-2|localhost:15011]|listeners:[], old=null
2024-02-27 07:39:09,819 [omNode-3@group-523986131536-LeaderElection8-1] INFO  server.GrpcServerProtocolClient (GrpcServerProtocolClient.java:<init>(65)) - Build channel for omNode-1|localhost:15007
2024-02-27 07:39:09,821 [omNode-3@group-523986131536-LeaderElection8] INFO  server.RaftServerConfigKeys (ConfUtils.java:logFallback(53)) - raft.server.rpc.first-election.timeout.min = 1s (fallback to raft.server.rpc.timeout.min)
2024-02-27 07:39:09,821 [omNode-3@group-523986131536-LeaderElection8-2] INFO  server.GrpcServerProtocolClient (GrpcServerProtocolClient.java:<init>(65)) - Build channel for omNode-2|localhost:15011
2024-02-27 07:39:09,821 [omNode-3@group-523986131536-LeaderElection8] INFO  server.RaftServerConfigKeys (ConfUtils.java:logFallback(53)) - raft.server.rpc.first-election.timeout.max = 1200ms (fallback to raft.server.rpc.timeout.max)
2024-02-27 07:39:09,827 [grpc-default-executor-1] INFO  server.RaftServer$Division (RaftServerImpl.java:requestVote(1389)) - omNode-2@group-523986131536: receive requestVote(PRE_VOTE, omNode-3, group-523986131536, 1, (t:1, i:19))
2024-02-27 07:39:09,827 [grpc-default-executor-1] INFO  impl.VoteContext (VoteContext.java:log(49)) - omNode-2@group-523986131536-FOLLOWER: accept PRE_VOTE from omNode-3: our priority 0 <= candidate's priority 0
2024-02-27 07:39:09,827 [grpc-default-executor-1] INFO  server.RaftServer$Division (RaftServerImpl.java:requestVote(1422)) - omNode-2@group-523986131536 replies to PRE_VOTE vote request: omNode-3<-omNode-2#0:OK-t1. Peer's state: omNode-2@group-523986131536:t1, leader=null, voted=omNode-1, raftlog=Memoized:omNode-2@group-523986131536-SegmentedRaftLog:OPENED:c19, conf=0: peers:[omNode-3|localhost:15015, omNode-1|localhost:15007, omNode-2|localhost:15011]|listeners:[], old=null
2024-02-27 07:39:09,827 [grpc-default-executor-4] INFO  server.RaftServer$Division (RaftServerImpl.java:requestVote(1389)) - omNode-1@group-523986131536: receive requestVote(PRE_VOTE, omNode-3, group-523986131536, 1, (t:1, i:19))
2024-02-27 07:39:09,828 [grpc-default-executor-4] INFO  impl.VoteContext (VoteContext.java:log(49)) - omNode-1@group-523986131536-FOLLOWER: accept PRE_VOTE from omNode-3: our priority 0 <= candidate's priority 0
2024-02-27 07:39:09,828 [grpc-default-executor-4] INFO  server.RaftServer$Division (RaftServerImpl.java:requestVote(1422)) - omNode-1@group-523986131536 replies to PRE_VOTE vote request: omNode-3<-omNode-1#0:OK-t1. Peer's state: omNode-1@group-523986131536:t1, leader=null, voted=omNode-1, raftlog=Memoized:omNode-1@group-523986131536-SegmentedRaftLog:OPENED:c19, conf=0: peers:[omNode-3|localhost:15015, omNode-1|localhost:15007, omNode-2|localhost:15011]|listeners:[], old=null
2024-02-27 07:39:09,830 [omNode-3@group-523986131536-LeaderElection8] INFO  impl.LeaderElection (LeaderElection.java:logAndReturn(89)) - omNode-3@group-523986131536-LeaderElection8: PRE_VOTE PASSED received 1 response(s) and 0 exception(s):
2024-02-27 07:39:09,830 [omNode-3@group-523986131536-LeaderElection8] INFO  impl.LeaderElection (LeaderElection.java:logAndReturn(93)) -   Response 0: omNode-3<-omNode-2#0:OK-t1
2024-02-27 07:39:09,832 [omNode-3@group-523986131536-LeaderElection8] INFO  impl.LeaderElection (LeaderElection.java:askForVotes(323)) - omNode-3@group-523986131536-LeaderElection8 PRE_VOTE round 0: result PASSED
2024-02-27 07:39:09,833 [omNode-3@group-523986131536-LeaderElection8] INFO  impl.LeaderElection (LeaderElection.java:askForVotes(321)) - omNode-3@group-523986131536-LeaderElection8 ELECTION round 0: submit vote requests at term 2 for 0: peers:[omNode-3|localhost:15015, omNode-1|localhost:15007, omNode-2|localhost:15011]|listeners:[], old=null
2024-02-27 07:39:09,834 [omNode-3@group-523986131536-LeaderElection8] INFO  server.RaftServerConfigKeys (ConfUtils.java:logFallback(53)) - raft.server.rpc.first-election.timeout.min = 1s (fallback to raft.server.rpc.timeout.min)
2024-02-27 07:39:09,834 [omNode-3@group-523986131536-LeaderElection8] INFO  server.RaftServerConfigKeys (ConfUtils.java:logFallback(53)) - raft.server.rpc.first-election.timeout.max = 1200ms (fallback to raft.server.rpc.timeout.max)
2024-02-27 07:39:09,836 [grpc-default-executor-4] INFO  server.RaftServer$Division (RaftServerImpl.java:requestVote(1389)) - omNode-1@group-523986131536: receive requestVote(ELECTION, omNode-3, group-523986131536, 2, (t:1, i:19))
2024-02-27 07:39:09,836 [grpc-default-executor-4] INFO  impl.VoteContext (VoteContext.java:log(49)) - omNode-1@group-523986131536-FOLLOWER: accept ELECTION from omNode-3: our priority 0 <= candidate's priority 0
2024-02-27 07:39:09,836 [grpc-default-executor-4] INFO  server.RaftServer$Division (RaftServerImpl.java:setRole(383)) - omNode-1@group-523986131536: changes role from  FOLLOWER to FOLLOWER at term 2 for candidate:omNode-3
2024-02-27 07:39:09,836 [grpc-default-executor-4] INFO  impl.RoleInfo (RoleInfo.java:shutdownFollowerState(110)) - omNode-1: shutdown omNode-1@group-523986131536-FollowerState
2024-02-27 07:39:09,836 [grpc-default-executor-4] INFO  impl.RoleInfo (RoleInfo.java:updateAndGet(139)) - omNode-1: start omNode-1@group-523986131536-FollowerState
2024-02-27 07:39:09,836 [omNode-1@group-523986131536-FollowerState] INFO  impl.FollowerState (FollowerState.java:run(152)) - omNode-1@group-523986131536-FollowerState was interrupted
2024-02-27 07:39:09,836 [grpc-default-executor-4] INFO  server.RaftServer$Division (RaftServerImpl.java:setFirstElection(574)) - omNode-1@group-523986131536: set firstElectionSinceStartup to false for candidate:omNode-3
2024-02-27 07:39:09,837 [grpc-default-executor-4] INFO  server.RaftServer$Division (RaftServerImpl.java:requestVote(1422)) - omNode-1@group-523986131536 replies to ELECTION vote request: omNode-3<-omNode-1#0:OK-t2. Peer's state: omNode-1@group-523986131536:t2, leader=null, voted=omNode-3, raftlog=Memoized:omNode-1@group-523986131536-SegmentedRaftLog:OPENED:c19, conf=0: peers:[omNode-3|localhost:15015, omNode-1|localhost:15007, omNode-2|localhost:15011]|listeners:[], old=null
2024-02-27 07:39:09,838 [omNode-3@group-523986131536-LeaderElection8] INFO  impl.LeaderElection (LeaderElection.java:logAndReturn(89)) - omNode-3@group-523986131536-LeaderElection8: ELECTION PASSED received 1 response(s) and 0 exception(s):
2024-02-27 07:39:09,838 [omNode-3@group-523986131536-LeaderElection8] INFO  impl.LeaderElection (LeaderElection.java:logAndReturn(93)) -   Response 0: omNode-3<-omNode-1#0:OK-t2
2024-02-27 07:39:09,838 [omNode-3@group-523986131536-LeaderElection8] INFO  impl.LeaderElection (LeaderElection.java:askForVotes(323)) - omNode-3@group-523986131536-LeaderElection8 ELECTION round 0: result PASSED
2024-02-27 07:39:09,838 [omNode-3@group-523986131536-LeaderElection8] INFO  impl.RoleInfo (RoleInfo.java:shutdownLeaderElection(130)) - omNode-3: shutdown omNode-3@group-523986131536-LeaderElection8
2024-02-27 07:39:09,838 [omNode-3@group-523986131536-LeaderElection8] INFO  server.RaftServer$Division (RaftServerImpl.java:setRole(383)) - omNode-3@group-523986131536: changes role from CANDIDATE to LEADER at term 2 for changeToLeader
2024-02-27 07:39:09,839 [grpc-default-executor-1] INFO  server.RaftServer$Division (RaftServerImpl.java:requestVote(1389)) - omNode-2@group-523986131536: receive requestVote(ELECTION, omNode-3, group-523986131536, 2, (t:1, i:19))
2024-02-27 07:39:09,840 [grpc-default-executor-1] INFO  impl.VoteContext (VoteContext.java:log(49)) - omNode-2@group-523986131536-FOLLOWER: accept ELECTION from omNode-3: our priority 0 <= candidate's priority 0
2024-02-27 07:39:09,840 [grpc-default-executor-1] INFO  server.RaftServer$Division (RaftServerImpl.java:setRole(383)) - omNode-2@group-523986131536: changes role from  FOLLOWER to FOLLOWER at term 2 for candidate:omNode-3
2024-02-27 07:39:09,840 [grpc-default-executor-1] INFO  impl.RoleInfo (RoleInfo.java:shutdownFollowerState(110)) - omNode-2: shutdown omNode-2@group-523986131536-FollowerState
2024-02-27 07:39:09,840 [grpc-default-executor-1] INFO  impl.RoleInfo (RoleInfo.java:updateAndGet(139)) - omNode-2: start omNode-2@group-523986131536-FollowerState
2024-02-27 07:39:09,839 [omNode-3@group-523986131536-LeaderElection8] INFO  server.RaftServerConfigKeys (ConfUtils.java:logGet(46)) - raft.server.staging.catchup.gap = 1000 (default)
2024-02-27 07:39:09,840 [omNode-2@group-523986131536-FollowerState] INFO  impl.FollowerState (FollowerState.java:run(152)) - omNode-2@group-523986131536-FollowerState was interrupted
2024-02-27 07:39:09,840 [omNode-3@group-523986131536-LeaderElection8] INFO  server.RaftServerConfigKeys (ConfUtils.java:logGet(46)) - raft.server.write.element-limit = 4096 (default)
2024-02-27 07:39:09,841 [omNode-3@group-523986131536-LeaderElection8] INFO  server.RaftServerConfigKeys (ConfUtils.java:logGet(46)) - raft.server.write.byte-limit = 64MB (=67108864) (default)
2024-02-27 07:39:09,841 [omNode-3@group-523986131536-LeaderElection8] INFO  server.RaftServerConfigKeys (ConfUtils.java:logGet(46)) - raft.server.watch.timeout = 10s (default)
2024-02-27 07:39:09,841 [omNode-3@group-523986131536-LeaderElection8] INFO  server.RaftServerConfigKeys (ConfUtils.java:logGet(46)) - raft.server.watch.timeout.denomination = 1s (default)
2024-02-27 07:39:09,841 [omNode-3@group-523986131536-LeaderElection8] INFO  server.RaftServerConfigKeys (ConfUtils.java:logGet(46)) - raft.server.watch.element-limit = 65536 (default)
2024-02-27 07:39:09,841 [omNode-3@group-523986131536-LeaderElection8] INFO  server.RaftServerConfigKeys (ConfUtils.java:logGet(46)) - raft.server.read.leader.lease.enabled = false (default)
2024-02-27 07:39:09,841 [omNode-3@group-523986131536-LeaderElection8] INFO  server.RaftServerConfigKeys (ConfUtils.java:logGet(46)) - raft.server.read.leader.lease.timeout.ratio = 0.9 (default)
2024-02-27 07:39:09,841 [omNode-3@group-523986131536-LeaderElection8] INFO  server.RaftServerConfigKeys (ConfUtils.java:logGet(46)) - raft.server.rpc.timeout.min = 1s (custom)
2024-02-27 07:39:09,841 [omNode-3@group-523986131536-LeaderElection8] INFO  server.RaftServerConfigKeys (ConfUtils.java:logGet(46)) - raft.server.write.element-limit = 4096 (default)
2024-02-27 07:39:09,841 [omNode-3@group-523986131536-LeaderElection8] INFO  server.RaftServerConfigKeys (ConfUtils.java:logGet(46)) - raft.server.write.follower.gap.ratio.max = -1.0 (default)
2024-02-27 07:39:09,842 [omNode-3@group-523986131536-LeaderElection8] INFO  server.RaftServerConfigKeys (ConfUtils.java:logGet(46)) - raft.server.log.appender.snapshot.chunk.size.max = 16MB (=16777216) (default)
2024-02-27 07:39:09,842 [omNode-3@group-523986131536-LeaderElection8] INFO  server.RaftServerConfigKeys (ConfUtils.java:logGet(46)) - raft.server.log.appender.buffer.byte-limit = 4194304 (custom)
2024-02-27 07:39:09,842 [omNode-3@group-523986131536-LeaderElection8] INFO  server.RaftServerConfigKeys (ConfUtils.java:logGet(46)) - raft.server.log.appender.buffer.element-limit = 1024 (custom)
2024-02-27 07:39:09,840 [grpc-default-executor-1] INFO  server.RaftServer$Division (RaftServerImpl.java:setFirstElection(574)) - omNode-2@group-523986131536: set firstElectionSinceStartup to false for candidate:omNode-3
2024-02-27 07:39:09,843 [omNode-3@group-523986131536-LeaderElection8] INFO  server.RaftServerConfigKeys (ConfUtils.java:logGet(46)) - raft.server.log.appender.wait-time.min = 0ms (custom)
2024-02-27 07:39:09,843 [omNode-3@group-523986131536-LeaderElection8] INFO  grpc.GrpcConfigKeys (ConfUtils.java:logGet(46)) - raft.grpc.server.leader.outstanding.appends.max = 8 (default)
2024-02-27 07:39:09,843 [omNode-3@group-523986131536-LeaderElection8] INFO  server.RaftServerConfigKeys (ConfUtils.java:logGet(46)) - raft.server.rpc.request.timeout = 3000ms (default)
2024-02-27 07:39:09,843 [omNode-3@group-523986131536-LeaderElection8] INFO  grpc.GrpcConfigKeys (ConfUtils.java:logGet(46)) - raft.grpc.server.install_snapshot.request.element-limit = 8 (default)
2024-02-27 07:39:09,843 [omNode-3@group-523986131536-LeaderElection8] INFO  grpc.GrpcConfigKeys (ConfUtils.java:logGet(46)) - raft.grpc.server.install_snapshot.request.timeout = 3000ms (default)
2024-02-27 07:39:09,843 [omNode-3@group-523986131536-LeaderElection8] INFO  grpc.GrpcConfigKeys (ConfUtils.java:logGet(46)) - raft.grpc.server.log-message.batch.duration = 5s (default)
2024-02-27 07:39:09,843 [omNode-3@group-523986131536-LeaderElection8] INFO  server.RaftServerConfigKeys (ConfUtils.java:logGet(46)) - raft.server.log.appender.install.snapshot.enabled = false (custom)
2024-02-27 07:39:09,844 [omNode-3@group-523986131536-LeaderElection8] INFO  grpc.GrpcConfigKeys (ConfUtils.java:logGet(46)) - raft.grpc.server.heartbeat.channel = true (default)
2024-02-27 07:39:09,844 [grpc-default-executor-1] INFO  server.RaftServer$Division (RaftServerImpl.java:requestVote(1422)) - omNode-2@group-523986131536 replies to ELECTION vote request: omNode-3<-omNode-2#0:OK-t2. Peer's state: omNode-2@group-523986131536:t2, leader=null, voted=omNode-3, raftlog=Memoized:omNode-2@group-523986131536-SegmentedRaftLog:OPENED:c19, conf=0: peers:[omNode-3|localhost:15015, omNode-1|localhost:15007, omNode-2|localhost:15011]|listeners:[], old=null
2024-02-27 07:39:09,846 [omNode-3@group-523986131536-LeaderElection8] INFO  server.RaftServerConfigKeys (ConfUtils.java:logGet(46)) - raft.server.log.appender.snapshot.chunk.size.max = 16MB (=16777216) (default)
2024-02-27 07:39:09,846 [omNode-3@group-523986131536-LeaderElection8] INFO  server.RaftServerConfigKeys (ConfUtils.java:logGet(46)) - raft.server.log.appender.buffer.byte-limit = 4194304 (custom)
2024-02-27 07:39:09,846 [omNode-3@group-523986131536-LeaderElection8] INFO  server.RaftServerConfigKeys (ConfUtils.java:logGet(46)) - raft.server.log.appender.buffer.element-limit = 1024 (custom)
2024-02-27 07:39:09,846 [omNode-3@group-523986131536-LeaderElection8] INFO  server.RaftServerConfigKeys (ConfUtils.java:logGet(46)) - raft.server.log.appender.wait-time.min = 0ms (custom)
2024-02-27 07:39:09,846 [omNode-3@group-523986131536-LeaderElection8] INFO  grpc.GrpcConfigKeys (ConfUtils.java:logGet(46)) - raft.grpc.server.leader.outstanding.appends.max = 8 (default)
2024-02-27 07:39:09,846 [omNode-3@group-523986131536-LeaderElection8] INFO  server.RaftServerConfigKeys (ConfUtils.java:logGet(46)) - raft.server.rpc.request.timeout = 3000ms (default)
2024-02-27 07:39:09,846 [omNode-3@group-523986131536-LeaderElection8] INFO  grpc.GrpcConfigKeys (ConfUtils.java:logGet(46)) - raft.grpc.server.install_snapshot.request.element-limit = 8 (default)
2024-02-27 07:39:09,847 [omNode-3@group-523986131536-LeaderElection8] INFO  grpc.GrpcConfigKeys (ConfUtils.java:logGet(46)) - raft.grpc.server.install_snapshot.request.timeout = 3000ms (default)
2024-02-27 07:39:09,847 [omNode-3@group-523986131536-LeaderElection8] INFO  grpc.GrpcConfigKeys (ConfUtils.java:logGet(46)) - raft.grpc.server.log-message.batch.duration = 5s (default)
2024-02-27 07:39:09,847 [omNode-3@group-523986131536-LeaderElection8] INFO  server.RaftServerConfigKeys (ConfUtils.java:logGet(46)) - raft.server.log.appender.install.snapshot.enabled = false (custom)
2024-02-27 07:39:09,847 [omNode-3@group-523986131536-LeaderElection8] INFO  grpc.GrpcConfigKeys (ConfUtils.java:logGet(46)) - raft.grpc.server.heartbeat.channel = true (default)
2024-02-27 07:39:09,847 [omNode-3@group-523986131536-LeaderElection8] INFO  impl.RoleInfo (RoleInfo.java:updateAndGet(139)) - omNode-3: start omNode-3@group-523986131536-LeaderStateImpl
2024-02-27 07:39:09,847 [omNode-3@group-523986131536-LeaderElection8] INFO  server.RaftServer$Division (RaftServerImpl.java:setFirstElection(574)) - omNode-3@group-523986131536: set firstElectionSinceStartup to false for becomeLeader
2024-02-27 07:39:09,847 [omNode-3@group-523986131536-LeaderElection8] INFO  server.RaftServer$Division (ServerState.java:setLeader(269)) - omNode-3@group-523986131536: change Leader from null to omNode-3 at term 2 for becomeLeader, leader elected after 1157ms
2024-02-27 07:39:09,849 [omNode-3@group-523986131536-LeaderElection8] INFO  segmented.SegmentedRaftLogWorker (SegmentedRaftLogWorker.java:startLogSegment(430)) - omNode-3@group-523986131536-SegmentedRaftLogWorker: Starting segment from index:20
2024-02-27 07:39:09,849 [omNode-3@group-523986131536-SegmentedRaftLogWorker] INFO  segmented.BufferedWriteChannel (BufferedWriteChannel.java:open(62)) - open log_inprogress_20 at position 0
2024-02-27 07:39:09,849 [omNode-3@group-523986131536-LeaderElection8] INFO  server.RaftServer$Division (ServerState.java:setRaftConf(386)) - omNode-3@group-523986131536: set configuration 20: peers:[omNode-3|localhost:15015, omNode-1|localhost:15007, omNode-2|localhost:15011]|listeners:[], old=null
2024-02-27 07:39:09,859 [omNode-3@group-523986131536-SegmentedRaftLogWorker] INFO  segmented.SegmentedRaftLogWorker (SegmentedRaftLogWorker.java:execute(634)) - omNode-3@group-523986131536-SegmentedRaftLogWorker: created new log segment /home/runner/work/ozone/ozone/hadoop-ozone/integration-test/target/test-dir/MiniOzoneClusterImpl-f695ba1d-1ecd-4b03-8cd1-942510778b28/omNode-3/ratis/c9bc4cf4-3bc3-3c60-a66b-523986131536/current/log_inprogress_20
2024-02-27 07:39:09,864 [omNode-1-server-thread2] INFO  server.RaftServer$Division (ServerState.java:setLeader(269)) - omNode-1@group-523986131536: change Leader from null to omNode-3 at term 2 for appendEntries, leader elected after 734ms
2024-02-27 07:39:09,864 [omNode-2-server-thread1] INFO  server.RaftServer$Division (ServerState.java:setLeader(269)) - omNode-2@group-523986131536: change Leader from null to omNode-3 at term 2 for appendEntries, leader elected after 384ms
2024-02-27 07:39:09,865 [omNode-1-server-thread2] INFO  server.RaftServer$Division (ServerState.java:setRaftConf(386)) - omNode-1@group-523986131536: set configuration 20: peers:[omNode-3|localhost:15015, omNode-1|localhost:15007, omNode-2|localhost:15011]|listeners:[], old=null
2024-02-27 07:39:09,865 [omNode-2-server-thread2] INFO  server.RaftServer$Division (ServerState.java:setRaftConf(386)) - omNode-2@group-523986131536: set configuration 20: peers:[omNode-3|localhost:15015, omNode-1|localhost:15007, omNode-2|localhost:15011]|listeners:[], old=null
2024-02-27 07:39:09,865 [omNode-2-server-thread2] INFO  segmented.SegmentedRaftLogWorker (SegmentedRaftLogWorker.java:startLogSegment(430)) - omNode-2@group-523986131536-SegmentedRaftLogWorker: Starting segment from index:20
2024-02-27 07:39:09,865 [omNode-1-server-thread2] INFO  segmented.SegmentedRaftLogWorker (SegmentedRaftLogWorker.java:startLogSegment(430)) - omNode-1@group-523986131536-SegmentedRaftLogWorker: Starting segment from index:20
2024-02-27 07:39:09,866 [omNode-2@group-523986131536-SegmentedRaftLogWorker] INFO  segmented.BufferedWriteChannel (BufferedWriteChannel.java:open(62)) - open log_inprogress_20 at position 0
2024-02-27 07:39:09,869 [omNode-1@group-523986131536-SegmentedRaftLogWorker] INFO  segmented.BufferedWriteChannel (BufferedWriteChannel.java:open(62)) - open log_inprogress_20 at position 0
2024-02-27 07:39:09,881 [omNode-1@group-523986131536-SegmentedRaftLogWorker] INFO  segmented.SegmentedRaftLogWorker (SegmentedRaftLogWorker.java:execute(634)) - omNode-1@group-523986131536-SegmentedRaftLogWorker: created new log segment /home/runner/work/ozone/ozone/hadoop-ozone/integration-test/target/test-dir/MiniOzoneClusterImpl-f695ba1d-1ecd-4b03-8cd1-942510778b28/omNode-1/ratis/c9bc4cf4-3bc3-3c60-a66b-523986131536/current/log_inprogress_20
2024-02-27 07:39:09,882 [omNode-2@group-523986131536-SegmentedRaftLogWorker] INFO  segmented.SegmentedRaftLogWorker (SegmentedRaftLogWorker.java:execute(634)) - omNode-2@group-523986131536-SegmentedRaftLogWorker: created new log segment /home/runner/work/ozone/ozone/hadoop-ozone/integration-test/target/test-dir/MiniOzoneClusterImpl-f695ba1d-1ecd-4b03-8cd1-942510778b28/omNode-2/ratis/c9bc4cf4-3bc3-3c60-a66b-523986131536/current/log_inprogress_20
2024-02-27 07:39:09,889 [omNode-2@group-523986131536-StateMachineUpdater] INFO  ratis.OzoneManagerStateMachine (OzoneManagerStateMachine.java:notifyConfigurationChanged(200)) - Received Configuration change notification from Ratis. New Peer list:
[id: "omNode-3"
address: "localhost:15015"
startupRole: FOLLOWER
, id: "omNode-1"
address: "localhost:15007"
startupRole: FOLLOWER
, id: "omNode-2"
address: "localhost:15011"
startupRole: FOLLOWER
]
2024-02-27 07:39:09,891 [omNode-3@group-523986131536-StateMachineUpdater] INFO  ratis.OzoneManagerStateMachine (OzoneManagerStateMachine.java:notifyConfigurationChanged(200)) - Received Configuration change notification from Ratis. New Peer list:
[id: "omNode-3"
address: "localhost:15015"
startupRole: FOLLOWER
, id: "omNode-1"
address: "localhost:15007"
startupRole: FOLLOWER
, id: "omNode-2"
address: "localhost:15011"
startupRole: FOLLOWER
]
2024-02-27 07:39:09,891 [omNode-3@group-523986131536-StateMachineUpdater] INFO  server.RaftServer$Division (LeaderStateImpl.java:isApplied(320)) - leader is ready since appliedIndex == 20 >= startIndex == 20
2024-02-27 07:39:09,896 [omNode-1@group-523986131536-StateMachineUpdater] INFO  ratis.OzoneManagerStateMachine (OzoneManagerStateMachine.java:notifyConfigurationChanged(200)) - Received Configuration change notification from Ratis. New Peer list:
[id: "omNode-3"
address: "localhost:15015"
startupRole: FOLLOWER
, id: "omNode-1"
address: "localhost:15007"
startupRole: FOLLOWER
, id: "omNode-2"
address: "localhost:15011"
startupRole: FOLLOWER
]
2024-02-27 07:39:09,915 [main] INFO  retry.RetryInvocationHandler (RetryInvocationHandler.java:log(422)) - com.google.protobuf.ServiceException: java.io.EOFException: End of File Exception between local host is: "fv-az699-61/10.1.0.19"; destination host is: "localhost":15004; : java.io.EOFException; For more details see:  http://wiki.apache.org/hadoop/EOFException, while invoking $Proxy59.submitRequest over nodeId=omNode-1,nodeAddress=127.0.0.1:15004. Trying to failover immediately. Current retry count: 0.
2024-02-27 07:39:09,927 [main] INFO  retry.RetryInvocationHandler (RetryInvocationHandler.java:log(422)) - com.google.protobuf.ServiceException: org.apache.hadoop.ipc.RemoteException(org.apache.hadoop.ozone.om.exceptions.OMNotLeaderException): OM:omNode-2 is not the leader. Suggested leader is OM:omNode-3[localhost/127.0.0.1].
	at org.apache.hadoop.ozone.om.ratis.OzoneManagerRatisServer.newOMNotLeaderException(OzoneManagerRatisServer.java:785)
	at org.apache.hadoop.ozone.om.OzoneManager.checkLeaderStatus(OzoneManager.java:4118)
	at org.apache.hadoop.ozone.om.ratis.utils.OzoneManagerRatisUtils.checkLeaderStatus(OzoneManagerRatisUtils.java:488)
	at org.apache.hadoop.ozone.protocolPB.OzoneManagerProtocolServerSideTranslatorPB.internalProcessRequest(OzoneManagerProtocolServerSideTranslatorPB.java:202)
	at org.apache.hadoop.ozone.protocolPB.OzoneManagerProtocolServerSideTranslatorPB.processRequest(OzoneManagerProtocolServerSideTranslatorPB.java:156)
	at org.apache.hadoop.hdds.server.OzoneProtocolMessageDispatcher.processRequest(OzoneProtocolMessageDispatcher.java:89)
	at org.apache.hadoop.ozone.protocolPB.OzoneManagerProtocolServerSideTranslatorPB.submitRequest(OzoneManagerProtocolServerSideTranslatorPB.java:147)
	at org.apache.hadoop.ozone.protocol.proto.OzoneManagerProtocolProtos$OzoneManagerService$2.callBlockingMethod(OzoneManagerProtocolProtos.java)
	at org.apache.hadoop.ipc.ProtobufRpcEngine$Server.processCall(ProtobufRpcEngine.java:484)
	at org.apache.hadoop.ipc.ProtobufRpcEngine2$Server$ProtoBufRpcInvoker.call(ProtobufRpcEngine2.java:595)
	at org.apache.hadoop.ipc.ProtobufRpcEngine2$Server$ProtoBufRpcInvoker.call(ProtobufRpcEngine2.java:573)
	at org.apache.hadoop.ipc.RPC$Server.call(RPC.java:1227)
	at org.apache.hadoop.ipc.Server$RpcCall.run(Server.java:1094)
	at org.apache.hadoop.ipc.Server$RpcCall.run(Server.java:1017)
	at java.security.AccessController.doPrivileged(Native Method)
	at javax.security.auth.Subject.doAs(Subject.java:422)
	at org.apache.hadoop.security.UserGroupInformation.doAs(UserGroupInformation.java:1899)
	at org.apache.hadoop.ipc.Server$Handler.run(Server.java:3048)
, while invoking $Proxy59.submitRequest over nodeId=omNode-2,nodeAddress=127.0.0.1:15008 after 1 failover attempts. Trying to failover immediately. Current retry count: 1.
2024-02-27 07:39:09,939 [omNode-3-OMStateMachineApplyTransactionThread - 0] INFO  upgrade.OMCancelPrepareRequest (OMCancelPrepareRequest.java:validateAndUpdateCache(54)) - OM omNode-3 Received cancel prepare request with log (t:2, i:22)
2024-02-27 07:39:09,940 [omNode-3-OMStateMachineApplyTransactionThread - 0] INFO  om.OzoneManagerPrepareState (OzoneManagerPrepareState.java:deletePrepareMarkerFile(271)) - Deleted prepare marker file: /home/runner/work/ozone/ozone/hadoop-ozone/integration-test/target/test-dir/MiniOzoneClusterImpl-f695ba1d-1ecd-4b03-8cd1-942510778b28/omNode-3/current/prepareMarker
2024-02-27 07:39:09,940 [omNode-3-OMStateMachineApplyTransactionThread - 0] INFO  upgrade.OMCancelPrepareRequest (OMCancelPrepareRequest.java:validateAndUpdateCache(82)) - OM omNode-3 prepare state cancelled at log (t:2, i:22). Returning response 
2024-02-27 07:39:09,940 [omNode-2-OMStateMachineApplyTransactionThread - 0] INFO  upgrade.OMCancelPrepareRequest (OMCancelPrepareRequest.java:validateAndUpdateCache(54)) - OM omNode-2 Received cancel prepare request with log (t:2, i:22)
2024-02-27 07:39:09,942 [omNode-2-OMStateMachineApplyTransactionThread - 0] INFO  om.OzoneManagerPrepareState (OzoneManagerPrepareState.java:deletePrepareMarkerFile(271)) - Deleted prepare marker file: /home/runner/work/ozone/ozone/hadoop-ozone/integration-test/target/test-dir/MiniOzoneClusterImpl-f695ba1d-1ecd-4b03-8cd1-942510778b28/omNode-2/current/prepareMarker
2024-02-27 07:39:09,942 [omNode-2-OMStateMachineApplyTransactionThread - 0] INFO  upgrade.OMCancelPrepareRequest (OMCancelPrepareRequest.java:validateAndUpdateCache(82)) - OM omNode-2 prepare state cancelled at log (t:2, i:22). Returning response 
2024-02-27 07:39:09,943 [omNode-1-OMStateMachineApplyTransactionThread - 0] INFO  upgrade.OMCancelPrepareRequest (OMCancelPrepareRequest.java:validateAndUpdateCache(54)) - OM omNode-1 Received cancel prepare request with log (t:2, i:22)
2024-02-27 07:39:09,945 [omNode-1-OMStateMachineApplyTransactionThread - 0] INFO  om.OzoneManagerPrepareState (OzoneManagerPrepareState.java:deletePrepareMarkerFile(271)) - Deleted prepare marker file: /home/runner/work/ozone/ozone/hadoop-ozone/integration-test/target/test-dir/MiniOzoneClusterImpl-f695ba1d-1ecd-4b03-8cd1-942510778b28/omNode-1/current/prepareMarker
2024-02-27 07:39:09,945 [omNode-1-OMStateMachineApplyTransactionThread - 0] INFO  upgrade.OMCancelPrepareRequest (OMCancelPrepareRequest.java:validateAndUpdateCache(82)) - OM omNode-1 prepare state cancelled at log (t:2, i:22). Returning response 
2024-02-27 07:39:10,604 [timer0] WARN  server.GrpcLogAppender (GrpcLogAppender.java:lambda$resetClient$1(217)) - omNode-1@group-523986131536->omNode-3-GrpcLogAppender: Follower failed (request=null, errorCount=9); keep nextIndex (20) unchanged and retry. (Repeated 9 times in the last 5.001s)
2024-02-27 07:39:10,604 [timer7] WARN  server.GrpcLogAppender (LogUtils.java:warn(121)) - omNode-1@group-523986131536->omNode-3-AppendLogResponseHandler: Failed appendEntries (Repeated 9 times in the last 5.001s): org.apache.ratis.thirdparty.io.grpc.StatusRuntimeException: UNAVAILABLE: io exception
2024-02-27 07:39:10,946 [main] INFO  rpc.RpcClient (RpcClient.java:createVolume(465)) - Creating Volume: vol, with runner as owner and space quota set to -1 bytes, counts quota set to -1
2024-02-27 07:39:10,952 [omNode-3-OMStateMachineApplyTransactionThread - 0] INFO  volume.OMVolumeCreateRequest (OMVolumeCreateRequest.java:validateAndUpdateCache(198)) - created volume:vol for user:runner
2024-02-27 07:39:10,961 [omNode-2-OMStateMachineApplyTransactionThread - 0] INFO  volume.OMVolumeCreateRequest (OMVolumeCreateRequest.java:validateAndUpdateCache(198)) - created volume:vol for user:runner
2024-02-27 07:39:10,961 [omNode-1-OMStateMachineApplyTransactionThread - 0] INFO  volume.OMVolumeCreateRequest (OMVolumeCreateRequest.java:validateAndUpdateCache(198)) - created volume:vol for user:runner
2024-02-27 07:39:10,971 [main] INFO  rpc.RpcClient (RpcClient.java:createVolume(465)) - Creating Volume: volume416ba19f-79cb-4f09-b80e-156683c4edb5, with runner as owner and space quota set to -1 bytes, counts quota set to -1
2024-02-27 07:39:10,976 [omNode-3-OMStateMachineApplyTransactionThread - 0] INFO  volume.OMVolumeCreateRequest (OMVolumeCreateRequest.java:validateAndUpdateCache(198)) - created volume:volume416ba19f-79cb-4f09-b80e-156683c4edb5 for user:runner
2024-02-27 07:39:10,977 [omNode-2-OMStateMachineApplyTransactionThread - 0] INFO  volume.OMVolumeCreateRequest (OMVolumeCreateRequest.java:validateAndUpdateCache(198)) - created volume:volume416ba19f-79cb-4f09-b80e-156683c4edb5 for user:runner
2024-02-27 07:39:10,978 [omNode-1-OMStateMachineApplyTransactionThread - 0] INFO  volume.OMVolumeCreateRequest (OMVolumeCreateRequest.java:validateAndUpdateCache(198)) - created volume:volume416ba19f-79cb-4f09-b80e-156683c4edb5 for user:runner
2024-02-27 07:39:10,985 [main] INFO  rpc.RpcClient (RpcClient.java:createBucket(691)) - Creating Bucket: volume416ba19f-79cb-4f09-b80e-156683c4edb5/bucket, with server-side default bucket layout, runner as owner, Versioning false, Storage Type set to DISK and Encryption set to false, Replication Type set to server-side default replication type, Namespace Quota set to -1, Space Quota set to -1 
2024-02-27 07:39:10,998 [omNode-3-OMStateMachineApplyTransactionThread - 0] INFO  bucket.OMBucketCreateRequest (OMBucketCreateRequest.java:validateAndUpdateCache(292)) - created bucket: bucket of layout OBJECT_STORE in volume: volume416ba19f-79cb-4f09-b80e-156683c4edb5
2024-02-27 07:39:11,000 [omNode-2-OMStateMachineApplyTransactionThread - 0] INFO  bucket.OMBucketCreateRequest (OMBucketCreateRequest.java:validateAndUpdateCache(292)) - created bucket: bucket of layout OBJECT_STORE in volume: volume416ba19f-79cb-4f09-b80e-156683c4edb5
2024-02-27 07:39:11,002 [omNode-1-OMStateMachineApplyTransactionThread - 0] INFO  bucket.OMBucketCreateRequest (OMBucketCreateRequest.java:validateAndUpdateCache(292)) - created bucket: bucket of layout OBJECT_STORE in volume: volume416ba19f-79cb-4f09-b80e-156683c4edb5
2024-02-27 07:39:11,202 [IPC Server handler 94 on default port 15001] INFO  ha.SequenceIdGenerator (SequenceIdGenerator.java:getNextId(145)) - Allocate a batch for containerId, change lastId from 0 to 1000.
2024-02-27 07:39:11,212 [IPC Server handler 94 on default port 15001] WARN  ha.SequenceIdGenerator (SequenceIdGenerator.java:allocateBatch(258)) - Failed to allocate a batch for localId, expected lastId is 0, actual lastId is 113750153625600000.
2024-02-27 07:39:11,212 [IPC Server handler 94 on default port 15001] INFO  ha.SequenceIdGenerator (SequenceIdGenerator.java:getNextId(145)) - Allocate a batch for localId, change lastId from 113750153625600000 to 113750153625601000.
2024-02-27 07:39:11,280 [main] INFO  impl.MetricsSystemImpl (MetricsSystemImpl.java:init(158)) - XceiverClientMetrics metrics system started (again)
2024-02-27 07:39:11,281 [main] INFO  lib.Interns (Interns.java:removeEldestEntry(50)) - Metrics intern cache overflow at 2011 for MetricsSystem={MetricsSystem=MetricsInfoImpl{name=MetricsSystem, description=MetricsSystem}, MetricsSystem record=MetricsInfoImpl{name=MetricsSystem, description=MetricsSystem record}}
2024-02-27 07:39:11,788 [omNode-2@group-523986131536-StateMachineUpdater] INFO  ratis.OzoneManagerStateMachine (OzoneManagerStateMachine.java:takeSnapshotImpl(469)) -  applied = (t:2, i:70)
2024-02-27 07:39:11,788 [omNode-2@group-523986131536-StateMachineUpdater] INFO  ratis.OzoneManagerStateMachine (OzoneManagerStateMachine.java:takeSnapshotImpl(470)) -  skipped = 70
2024-02-27 07:39:11,788 [omNode-2@group-523986131536-StateMachineUpdater] INFO  ratis.OzoneManagerStateMachine (OzoneManagerStateMachine.java:takeSnapshotImpl(471)) - notified = (t:2, i:71)
2024-02-27 07:39:11,788 [omNode-2@group-523986131536-StateMachineUpdater] INFO  ratis.OzoneManagerStateMachine (OzoneManagerStateMachine.java:takeSnapshotImpl(472)) - snapshot = (t:2, i:71)
2024-02-27 07:39:11,788 [omNode-1@group-523986131536-StateMachineUpdater] INFO  ratis.OzoneManagerStateMachine (OzoneManagerStateMachine.java:takeSnapshotImpl(469)) -  applied = (t:2, i:70)
2024-02-27 07:39:11,789 [omNode-1@group-523986131536-StateMachineUpdater] INFO  ratis.OzoneManagerStateMachine (OzoneManagerStateMachine.java:takeSnapshotImpl(470)) -  skipped = 70
2024-02-27 07:39:11,789 [omNode-1@group-523986131536-StateMachineUpdater] INFO  ratis.OzoneManagerStateMachine (OzoneManagerStateMachine.java:takeSnapshotImpl(471)) - notified = (t:2, i:71)
2024-02-27 07:39:11,789 [omNode-1@group-523986131536-StateMachineUpdater] INFO  ratis.OzoneManagerStateMachine (OzoneManagerStateMachine.java:takeSnapshotImpl(472)) - snapshot = (t:2, i:71)
2024-02-27 07:39:11,790 [omNode-3-OMStateMachineApplyTransactionThread - 0] INFO  upgrade.OMPrepareRequest (OMPrepareRequest.java:validateAndUpdateCache(69)) - OM omNode-3 Received prepare request with log (t:2, i:72)
2024-02-27 07:39:11,790 [omNode-3-OMStateMachineApplyTransactionThread - 0] INFO  upgrade.OMPrepareRequest (OMPrepareRequest.java:waitForLogIndex(184)) - omNode-3 waiting for index 72 to flush to OM DB and index 73 to flush to Ratis state machine.
2024-02-27 07:39:11,808 [omNode-2@group-523986131536-StateMachineUpdater] INFO  impl.StateMachineUpdater (StateMachineUpdater.java:takeSnapshot(295)) - omNode-2@group-523986131536-StateMachineUpdater: Took a snapshot at index 71
2024-02-27 07:39:11,808 [omNode-2@group-523986131536-StateMachineUpdater] INFO  impl.StateMachineUpdater (StateMachineUpdater.java:lambda$new$0(98)) - omNode-2@group-523986131536-StateMachineUpdater: snapshotIndex: updateIncreasingly 19 -> 71
2024-02-27 07:39:11,808 [omNode-2@group-523986131536-StateMachineUpdater] INFO  raftlog.RaftLog (RaftLogBase.java:purge(330)) - omNode-2@group-523986131536-SegmentedRaftLog: purge 71
2024-02-27 07:39:11,808 [omNode-2@group-523986131536-StateMachineUpdater] INFO  raftlog.RaftLog (RaftLogBase.java:lambda$new$0(54)) - omNode-2@group-523986131536-SegmentedRaftLog: snapshotIndex: updateIncreasingly 19 -> 71
2024-02-27 07:39:11,809 [omNode-2@group-523986131536-StateMachineUpdater] INFO  raftlog.RaftLog (RaftLogBase.java:lambda$new$0(54)) - omNode-2@group-523986131536-SegmentedRaftLog: purgeIndex: updateToMax old=-1, new=71, updated? true
2024-02-27 07:39:11,809 [omNode-2-OMStateMachineApplyTransactionThread - 0] INFO  upgrade.OMPrepareRequest (OMPrepareRequest.java:validateAndUpdateCache(69)) - OM omNode-2 Received prepare request with log (t:2, i:72)
2024-02-27 07:39:11,809 [omNode-1@group-523986131536-StateMachineUpdater] INFO  impl.StateMachineUpdater (StateMachineUpdater.java:takeSnapshot(295)) - omNode-1@group-523986131536-StateMachineUpdater: Took a snapshot at index 71
2024-02-27 07:39:11,809 [omNode-1@group-523986131536-StateMachineUpdater] INFO  impl.StateMachineUpdater (StateMachineUpdater.java:lambda$new$0(98)) - omNode-1@group-523986131536-StateMachineUpdater: snapshotIndex: updateIncreasingly 19 -> 71
2024-02-27 07:39:11,809 [omNode-1@group-523986131536-StateMachineUpdater] INFO  raftlog.RaftLog (RaftLogBase.java:purge(330)) - omNode-1@group-523986131536-SegmentedRaftLog: purge 71
2024-02-27 07:39:11,809 [omNode-1@group-523986131536-StateMachineUpdater] INFO  raftlog.RaftLog (RaftLogBase.java:lambda$new$0(54)) - omNode-1@group-523986131536-SegmentedRaftLog: snapshotIndex: updateIncreasingly 19 -> 71
2024-02-27 07:39:11,809 [omNode-2-OMStateMachineApplyTransactionThread - 0] INFO  upgrade.OMPrepareRequest (OMPrepareRequest.java:waitForLogIndex(184)) - omNode-2 waiting for index 72 to flush to OM DB and index 73 to flush to Ratis state machine.
2024-02-27 07:39:11,809 [omNode-1@group-523986131536-StateMachineUpdater] INFO  raftlog.RaftLog (RaftLogBase.java:lambda$new$0(54)) - omNode-1@group-523986131536-SegmentedRaftLog: purgeIndex: updateToMax old=-1, new=71, updated? true
2024-02-27 07:39:11,810 [omNode-1-OMStateMachineApplyTransactionThread - 0] INFO  upgrade.OMPrepareRequest (OMPrepareRequest.java:validateAndUpdateCache(69)) - OM omNode-1 Received prepare request with log (t:2, i:72)
2024-02-27 07:39:11,810 [omNode-1-OMStateMachineApplyTransactionThread - 0] INFO  upgrade.OMPrepareRequest (OMPrepareRequest.java:waitForLogIndex(184)) - omNode-1 waiting for index 72 to flush to OM DB and index 73 to flush to Ratis state machine.
2024-02-27 07:39:16,810 [omNode-2-OMStateMachineApplyTransactionThread - 0] INFO  ratis.OzoneManagerStateMachine (OzoneManagerStateMachine.java:takeSnapshotImpl(469)) -  applied = (t:2, i:72)
2024-02-27 07:39:16,810 [omNode-2-OMStateMachineApplyTransactionThread - 0] INFO  ratis.OzoneManagerStateMachine (OzoneManagerStateMachine.java:takeSnapshotImpl(470)) -  skipped = 72
2024-02-27 07:39:16,810 [omNode-2-OMStateMachineApplyTransactionThread - 0] INFO  ratis.OzoneManagerStateMachine (OzoneManagerStateMachine.java:takeSnapshotImpl(471)) - notified = (t:2, i:73)
2024-02-27 07:39:16,810 [omNode-1-OMStateMachineApplyTransactionThread - 0] INFO  ratis.OzoneManagerStateMachine (OzoneManagerStateMachine.java:takeSnapshotImpl(469)) -  applied = (t:2, i:72)
2024-02-27 07:39:16,810 [omNode-1-OMStateMachineApplyTransactionThread - 0] INFO  ratis.OzoneManagerStateMachine (OzoneManagerStateMachine.java:takeSnapshotImpl(470)) -  skipped = 72
2024-02-27 07:39:16,810 [omNode-1-OMStateMachineApplyTransactionThread - 0] INFO  ratis.OzoneManagerStateMachine (OzoneManagerStateMachine.java:takeSnapshotImpl(471)) - notified = (t:2, i:73)
2024-02-27 07:39:16,810 [omNode-2-OMStateMachineApplyTransactionThread - 0] INFO  ratis.OzoneManagerStateMachine (OzoneManagerStateMachine.java:takeSnapshotImpl(472)) - snapshot = (t:2, i:73)
2024-02-27 07:39:16,810 [omNode-1-OMStateMachineApplyTransactionThread - 0] INFO  ratis.OzoneManagerStateMachine (OzoneManagerStateMachine.java:takeSnapshotImpl(472)) - snapshot = (t:2, i:73)
2024-02-27 07:39:16,814 [omNode-1-OMStateMachineApplyTransactionThread - 0] INFO  upgrade.OMPrepareRequest (OMPrepareRequest.java:takeSnapshotAndPurgeLogs(238)) - takeSnapshot at 73 for prepareIndex 73
2024-02-27 07:39:16,814 [omNode-1-OMStateMachineApplyTransactionThread - 0] INFO  raftlog.RaftLog (RaftLogBase.java:lambda$new$0(54)) - omNode-1@group-523986131536-SegmentedRaftLog: snapshotIndex: updateIncreasingly 71 -> 73
2024-02-27 07:39:16,815 [omNode-1-OMStateMachineApplyTransactionThread - 0] INFO  segmented.SegmentedRaftLogWorker (SegmentedRaftLogWorker.java:lambda$new$0(134)) - omNode-1@group-523986131536-SegmentedRaftLogWorker: safeCacheEvictIndex: setUnconditionally -1 -> 73
2024-02-27 07:39:16,815 [omNode-1-OMStateMachineApplyTransactionThread - 0] INFO  segmented.SegmentedRaftLogWorker (SegmentedRaftLogWorker.java:closeLogSegment(451)) - omNode-1@group-523986131536-SegmentedRaftLogWorker: Closing segment log_inprogress_20 to index: 73
2024-02-27 07:39:16,816 [omNode-1@group-523986131536-SegmentedRaftLogWorker] INFO  segmented.SegmentedRaftLogWorker (SegmentedRaftLogWorker.java:execute(591)) - omNode-1@group-523986131536-SegmentedRaftLogWorker: Rolled log segment from /home/runner/work/ozone/ozone/hadoop-ozone/integration-test/target/test-dir/MiniOzoneClusterImpl-f695ba1d-1ecd-4b03-8cd1-942510778b28/omNode-1/ratis/c9bc4cf4-3bc3-3c60-a66b-523986131536/current/log_inprogress_20 to /home/runner/work/ozone/ozone/hadoop-ozone/integration-test/target/test-dir/MiniOzoneClusterImpl-f695ba1d-1ecd-4b03-8cd1-942510778b28/omNode-1/ratis/c9bc4cf4-3bc3-3c60-a66b-523986131536/current/log_20-73
2024-02-27 07:39:16,816 [omNode-2-OMStateMachineApplyTransactionThread - 0] INFO  upgrade.OMPrepareRequest (OMPrepareRequest.java:takeSnapshotAndPurgeLogs(238)) - takeSnapshot at 73 for prepareIndex 73
2024-02-27 07:39:16,816 [omNode-2-OMStateMachineApplyTransactionThread - 0] INFO  raftlog.RaftLog (RaftLogBase.java:lambda$new$0(54)) - omNode-2@group-523986131536-SegmentedRaftLog: snapshotIndex: updateIncreasingly 71 -> 73
2024-02-27 07:39:16,816 [omNode-2-OMStateMachineApplyTransactionThread - 0] INFO  segmented.SegmentedRaftLogWorker (SegmentedRaftLogWorker.java:lambda$new$0(134)) - omNode-2@group-523986131536-SegmentedRaftLogWorker: safeCacheEvictIndex: setUnconditionally -1 -> 73
2024-02-27 07:39:16,816 [omNode-2-OMStateMachineApplyTransactionThread - 0] INFO  segmented.SegmentedRaftLogWorker (SegmentedRaftLogWorker.java:closeLogSegment(451)) - omNode-2@group-523986131536-SegmentedRaftLogWorker: Closing segment log_inprogress_20 to index: 73
2024-02-27 07:39:16,817 [omNode-1-OMStateMachineApplyTransactionThread - 0] INFO  om.OzoneManagerPrepareState (OzoneManagerPrepareState.java:writePrepareMarkerFile(262)) - Prepare marker file written with log index 72 to file /home/runner/work/ozone/ozone/hadoop-ozone/integration-test/target/test-dir/MiniOzoneClusterImpl-f695ba1d-1ecd-4b03-8cd1-942510778b28/omNode-1/current/prepareMarker
2024-02-27 07:39:16,817 [omNode-1-OMStateMachineApplyTransactionThread - 0] INFO  upgrade.OMPrepareRequest (OMPrepareRequest.java:validateAndUpdateCache(122)) - OM omNode-1 prepared at log index 72. Returning response txnID: 72
 with log index 72
2024-02-27 07:39:16,819 [omNode-2@group-523986131536-SegmentedRaftLogWorker] INFO  segmented.SegmentedRaftLogWorker (SegmentedRaftLogWorker.java:execute(591)) - omNode-2@group-523986131536-SegmentedRaftLogWorker: Rolled log segment from /home/runner/work/ozone/ozone/hadoop-ozone/integration-test/target/test-dir/MiniOzoneClusterImpl-f695ba1d-1ecd-4b03-8cd1-942510778b28/omNode-2/ratis/c9bc4cf4-3bc3-3c60-a66b-523986131536/current/log_inprogress_20 to /home/runner/work/ozone/ozone/hadoop-ozone/integration-test/target/test-dir/MiniOzoneClusterImpl-f695ba1d-1ecd-4b03-8cd1-942510778b28/omNode-2/ratis/c9bc4cf4-3bc3-3c60-a66b-523986131536/current/log_20-73
2024-02-27 07:39:16,819 [omNode-2-OMStateMachineApplyTransactionThread - 0] INFO  om.OzoneManagerPrepareState (OzoneManagerPrepareState.java:writePrepareMarkerFile(262)) - Prepare marker file written with log index 72 to file /home/runner/work/ozone/ozone/hadoop-ozone/integration-test/target/test-dir/MiniOzoneClusterImpl-f695ba1d-1ecd-4b03-8cd1-942510778b28/omNode-2/current/prepareMarker
2024-02-27 07:39:16,819 [omNode-2-OMStateMachineApplyTransactionThread - 0] INFO  upgrade.OMPrepareRequest (OMPrepareRequest.java:validateAndUpdateCache(122)) - OM omNode-2 prepared at log index 72. Returning response txnID: 72
 with log index 72
2024-02-27 07:39:47,851 [9c41d5a1-a6cb-40e4-bd40-91e72d99e6fa-BlockDeletingService#0] INFO  interfaces.ContainerDeletionChoosingPolicyTemplate (ContainerDeletionChoosingPolicyTemplate.java:chooseContainerForBlockDeletion(85)) - Chosen 0/5000 blocks from 0 candidate containers.
2024-02-27 07:39:47,917 [f89d6f08-a6b2-4ba6-aa42-6c324ee2a77e-BlockDeletingService#0] INFO  interfaces.ContainerDeletionChoosingPolicyTemplate (ContainerDeletionChoosingPolicyTemplate.java:chooseContainerForBlockDeletion(85)) - Chosen 0/5000 blocks from 0 candidate containers.
2024-02-27 07:39:48,053 [daf74fe2-6fd8-4f85-b829-f6bce5863aa7-BlockDeletingService#0] INFO  interfaces.ContainerDeletionChoosingPolicyTemplate (ContainerDeletionChoosingPolicyTemplate.java:chooseContainerForBlockDeletion(85)) - Chosen 0/5000 blocks from 0 candidate containers.
2024-02-27 07:40:47,852 [9c41d5a1-a6cb-40e4-bd40-91e72d99e6fa-BlockDeletingService#1] INFO  interfaces.ContainerDeletionChoosingPolicyTemplate (ContainerDeletionChoosingPolicyTemplate.java:chooseContainerForBlockDeletion(85)) - Chosen 0/5000 blocks from 0 candidate containers.
2024-02-27 07:40:47,919 [f89d6f08-a6b2-4ba6-aa42-6c324ee2a77e-BlockDeletingService#1] INFO  interfaces.ContainerDeletionChoosingPolicyTemplate (ContainerDeletionChoosingPolicyTemplate.java:chooseContainerForBlockDeletion(85)) - Chosen 0/5000 blocks from 0 candidate containers.
2024-02-27 07:40:48,055 [daf74fe2-6fd8-4f85-b829-f6bce5863aa7-BlockDeletingService#1] INFO  interfaces.ContainerDeletionChoosingPolicyTemplate (ContainerDeletionChoosingPolicyTemplate.java:chooseContainerForBlockDeletion(85)) - Chosen 0/5000 blocks from 0 candidate containers.
2024-02-27 07:41:11,798 [omNode-3-OMStateMachineApplyTransactionThread - 0] ERROR upgrade.OMPrepareRequest (OMPrepareRequest.java:validateAndUpdateCache(133)) - Prepare Request Apply failed in omNode-3. 
java.io.IOException: After waiting for 120 seconds, Ratis state machine applied index 71 which is less than the minimum required index 73.
	at org.apache.hadoop.ozone.om.request.upgrade.OMPrepareRequest.waitForLogIndex(OMPrepareRequest.java:216)
	at org.apache.hadoop.ozone.om.request.upgrade.OMPrepareRequest.validateAndUpdateCache(OMPrepareRequest.java:112)
	at org.apache.hadoop.ozone.protocolPB.OzoneManagerRequestHandler.lambda$0(OzoneManagerRequestHandler.java:403)
	at org.apache.hadoop.util.MetricUtil.captureLatencyNs(MetricUtil.java:45)
	at org.apache.hadoop.ozone.protocolPB.OzoneManagerRequestHandler.handleWriteRequest(OzoneManagerRequestHandler.java:399)
	at org.apache.hadoop.ozone.om.ratis.OzoneManagerStateMachine.runCommand(OzoneManagerStateMachine.java:527)
	at org.apache.hadoop.ozone.om.ratis.OzoneManagerStateMachine.lambda$1(OzoneManagerStateMachine.java:345)
	at java.util.concurrent.CompletableFuture$AsyncSupply.run(CompletableFuture.java:1604)
	at java.util.concurrent.ThreadPoolExecutor.runWorker(ThreadPoolExecutor.java:1149)
	at java.util.concurrent.ThreadPoolExecutor$Worker.run(ThreadPoolExecutor.java:624)
	at java.lang.Thread.run(Thread.java:750)
2024-02-27 07:41:11,799 [omNode-3@group-523986131536-StateMachineUpdater] INFO  ratis.OzoneManagerStateMachine (OzoneManagerStateMachine.java:takeSnapshotImpl(469)) -  applied = (t:2, i:72)
2024-02-27 07:41:11,799 [omNode-3@group-523986131536-StateMachineUpdater] INFO  ratis.OzoneManagerStateMachine (OzoneManagerStateMachine.java:takeSnapshotImpl(470)) -  skipped = 70
2024-02-27 07:41:11,799 [omNode-3@group-523986131536-StateMachineUpdater] INFO  ratis.OzoneManagerStateMachine (OzoneManagerStateMachine.java:takeSnapshotImpl(471)) - notified = (t:2, i:71)
2024-02-27 07:41:11,799 [omNode-3@group-523986131536-StateMachineUpdater] INFO  ratis.OzoneManagerStateMachine (OzoneManagerStateMachine.java:takeSnapshotImpl(472)) - snapshot = (t:2, i:72)
2024-02-27 07:41:11,804 [main] INFO  om.OzoneManager (OzoneManager.java:stop(2203)) - omNode-3[localhost:15012]: Stopping Ozone Manager
2024-02-27 07:41:11,805 [main] INFO  ipc.Server (Server.java:stop(3523)) - Stopping server on 15012
2024-02-27 07:41:11,812 [IPC Server listener on 15012] INFO  ipc.Server (Server.java:run(1434)) - Stopping IPC Server listener on 15012
2024-02-27 07:41:11,812 [IPC Server Responder] INFO  ipc.Server (Server.java:run(1567)) - Stopping IPC Server Responder
2024-02-27 07:41:11,814 [main] INFO  ratis.OzoneManagerRatisServer (OzoneManagerRatisServer.java:stop(594)) - Stopping org.apache.hadoop.ozone.om.ratis.OzoneManagerRatisServer@69513b63 at port 15015
2024-02-27 07:41:11,814 [main] INFO  server.RaftServer (RaftServerProxy.java:lambda$close$9(416)) - omNode-3: close
2024-02-27 07:41:11,814 [main] INFO  server.GrpcService (GrpcService.java:closeImpl(311)) - omNode-3: shutdown server GrpcServerProtocolService now
2024-02-27 07:41:11,814 [omNode-3-impl-thread2] INFO  server.RaftServer$Division (RaftServerImpl.java:lambda$close$3(526)) - omNode-3@group-523986131536: shutdown
2024-02-27 07:41:11,815 [omNode-3-impl-thread2] INFO  util.JmxRegister (JmxRegister.java:unregister(73)) - Successfully un-registered JMX Bean with object name Ratis:service=RaftServer,group=group-523986131536,id=omNode-3
2024-02-27 07:41:11,815 [omNode-3-impl-thread2] INFO  impl.RoleInfo (RoleInfo.java:shutdownLeaderState(94)) - omNode-3: shutdown omNode-3@group-523986131536-LeaderStateImpl
2024-02-27 07:41:11,815 [omNode-3@group-523986131536->omNode-1-GrpcLogAppender-LogAppenderDaemon] WARN  server.GrpcLogAppender (GrpcLogAppender.java:mayWait(289)) - omNode-3@group-523986131536->omNode-1-GrpcLogAppender: Wait interrupted by java.lang.InterruptedException
2024-02-27 07:41:11,815 [omNode-3-impl-thread2] INFO  impl.PendingRequests (PendingRequests.java:sendNotLeaderResponses(289)) - omNode-3@group-523986131536-PendingRequests: sendNotLeaderResponses
2024-02-27 07:41:11,815 [omNode-3@group-523986131536->omNode-2-GrpcLogAppender-LogAppenderDaemon] WARN  server.GrpcLogAppender (GrpcLogAppender.java:mayWait(289)) - omNode-3@group-523986131536->omNode-2-GrpcLogAppender: Wait interrupted by java.lang.InterruptedException
2024-02-27 07:41:11,816 [grpc-default-executor-5] INFO  server.GrpcServerProtocolService (GrpcServerProtocolService.java:onCompleted(157)) - omNode-1: Completed APPEND_ENTRIES, lastRequest: omNode-3->omNode-1#124-t2,previous=(t:2, i:72),leaderCommit=72,initializing? false,entries: size=1, first=(t:2, i:73), METADATAENTRY(c:72)
2024-02-27 07:41:11,816 [grpc-default-executor-5] INFO  server.GrpcServerProtocolService (GrpcServerProtocolService.java:lambda$onCompleted$5(159)) - omNode-1: Completed APPEND_ENTRIES, lastReply: null
2024-02-27 07:41:11,816 [grpc-default-executor-6] INFO  server.GrpcServerProtocolService (GrpcServerProtocolService.java:onCompleted(157)) - omNode-2: Completed APPEND_ENTRIES, lastRequest: null
2024-02-27 07:41:11,816 [grpc-default-executor-1] INFO  server.GrpcServerProtocolService (GrpcServerProtocolService.java:onCompleted(157)) - omNode-2: Completed APPEND_ENTRIES, lastRequest: omNode-3->omNode-2#118-t2,previous=(t:2, i:72),leaderCommit=72,initializing? false,entries: size=1, first=(t:2, i:73), METADATAENTRY(c:72)
2024-02-27 07:41:11,816 [grpc-default-executor-6] INFO  server.GrpcServerProtocolService (GrpcServerProtocolService.java:lambda$onCompleted$5(159)) - omNode-2: Completed APPEND_ENTRIES, lastReply: serverReply {
  requestorId: "omNode-3"
  replyId: "omNode-2"
  raftGroupId {
    id: "\311\274L\364;\303<`\246kR9\206\023\0256"
  }
  callId: 359
  success: true
}
term: 2
nextIndex: 74
followerCommit: 73
matchIndex: 18446744073709551615
isHearbeat: true

2024-02-27 07:41:11,817 [grpc-default-executor-6] INFO  server.GrpcLogAppender (GrpcLogAppender.java:onCompleted(546)) - omNode-3@group-523986131536->omNode-1-AppendLogResponseHandler: follower responses appendEntries COMPLETED
2024-02-27 07:41:11,816 [grpc-default-executor-1] INFO  server.GrpcServerProtocolService (GrpcServerProtocolService.java:lambda$onCompleted$5(159)) - omNode-2: Completed APPEND_ENTRIES, lastReply: null
2024-02-27 07:41:11,821 [Thread-1269] INFO  server.GrpcServerProtocolClient (GrpcServerProtocolClient.java:close(103)) - omNode-2 Close channels
2024-02-27 07:41:11,827 [Thread-1268] INFO  server.GrpcServerProtocolClient (GrpcServerProtocolClient.java:close(103)) - omNode-1 Close channels
2024-02-27 07:41:11,821 [grpc-default-executor-7] INFO  server.GrpcServerProtocolService (GrpcServerProtocolService.java:onCompleted(157)) - omNode-1: Completed APPEND_ENTRIES, lastRequest: null
2024-02-27 07:41:11,828 [grpc-default-executor-11] INFO  server.GrpcLogAppender (GrpcLogAppender.java:onCompleted(546)) - omNode-3@group-523986131536->omNode-2-AppendLogResponseHandler: follower responses appendEntries COMPLETED
2024-02-27 07:41:11,828 [grpc-default-executor-11] WARN  server.GrpcLogAppender (GrpcLogAppender.java:resetClient(226)) - omNode-3@group-523986131536->omNode-2-GrpcLogAppender: Failed to getClient for omNode-2
org.apache.ratis.protocol.exceptions.AlreadyClosedException: omNode-3 is already CLOSED
	at org.apache.ratis.util.PeerProxyMap$PeerAndProxy.getProxy(PeerProxyMap.java:65)
	at org.apache.ratis.util.PeerProxyMap.getProxy(PeerProxyMap.java:114)
	at org.apache.ratis.grpc.server.GrpcLogAppender.getClient(GrpcLogAppender.java:196)
	at org.apache.ratis.grpc.server.GrpcLogAppender.resetClient(GrpcLogAppender.java:201)
	at org.apache.ratis.grpc.server.GrpcLogAppender.access$800(GrpcLogAppender.java:62)
	at org.apache.ratis.grpc.server.GrpcLogAppender$AppendLogResponseHandler.onCompleted(GrpcLogAppender.java:547)
	at org.apache.ratis.thirdparty.io.grpc.stub.ClientCalls$StreamObserverToCallListenerAdapter.onClose(ClientCalls.java:479)
	at org.apache.ratis.thirdparty.io.grpc.internal.ClientCallImpl.closeObserver(ClientCallImpl.java:567)
	at org.apache.ratis.thirdparty.io.grpc.internal.ClientCallImpl.access$300(ClientCallImpl.java:71)
	at org.apache.ratis.thirdparty.io.grpc.internal.ClientCallImpl$ClientStreamListenerImpl$1StreamClosed.runInternal(ClientCallImpl.java:735)
	at org.apache.ratis.thirdparty.io.grpc.internal.ClientCallImpl$ClientStreamListenerImpl$1StreamClosed.runInContext(ClientCallImpl.java:716)
	at org.apache.ratis.thirdparty.io.grpc.internal.ContextRunnable.run(ContextRunnable.java:37)
	at org.apache.ratis.thirdparty.io.grpc.internal.SerializingExecutor.run(SerializingExecutor.java:133)
	at java.util.concurrent.ThreadPoolExecutor.runWorker(ThreadPoolExecutor.java:1149)
	at java.util.concurrent.ThreadPoolExecutor$Worker.run(ThreadPoolExecutor.java:624)
	at java.lang.Thread.run(Thread.java:750)
2024-02-27 07:41:11,826 [grpc-default-executor-9] INFO  server.GrpcLogAppender (GrpcLogAppender.java:onCompleted(546)) - omNode-3@group-523986131536->omNode-2-AppendLogResponseHandler: follower responses appendEntries COMPLETED
2024-02-27 07:41:11,830 [omNode-3-impl-thread2] INFO  impl.StateMachineUpdater (StateMachineUpdater.java:stopAndJoin(157)) - omNode-3@group-523986131536-StateMachineUpdater: set stopIndex = 73
2024-02-27 07:41:11,828 [grpc-default-executor-7] INFO  server.GrpcServerProtocolService (GrpcServerProtocolService.java:lambda$onCompleted$5(159)) - omNode-1: Completed APPEND_ENTRIES, lastReply: serverReply {
  requestorId: "omNode-3"
  replyId: "omNode-1"
  raftGroupId {
    id: "\311\274L\364;\303<`\246kR9\206\023\0256"
  }
  callId: 365
  success: true
}
term: 2
nextIndex: 74
followerCommit: 73
matchIndex: 18446744073709551615
isHearbeat: true

2024-02-27 07:41:11,833 [grpc-default-executor-11] INFO  server.GrpcLogAppender (GrpcLogAppender.java:onCompleted(546)) - omNode-3@group-523986131536->omNode-1-AppendLogResponseHandler: follower responses appendEntries COMPLETED
2024-02-27 07:41:11,833 [grpc-default-executor-11] WARN  server.GrpcLogAppender (GrpcLogAppender.java:resetClient(226)) - omNode-3@group-523986131536->omNode-1-GrpcLogAppender: Failed to getClient for omNode-1
org.apache.ratis.protocol.exceptions.AlreadyClosedException: omNode-3 is already CLOSED
	at org.apache.ratis.util.PeerProxyMap$PeerAndProxy.getProxy(PeerProxyMap.java:65)
	at org.apache.ratis.util.PeerProxyMap.getProxy(PeerProxyMap.java:114)
	at org.apache.ratis.grpc.server.GrpcLogAppender.getClient(GrpcLogAppender.java:196)
	at org.apache.ratis.grpc.server.GrpcLogAppender.resetClient(GrpcLogAppender.java:201)
	at org.apache.ratis.grpc.server.GrpcLogAppender.access$800(GrpcLogAppender.java:62)
	at org.apache.ratis.grpc.server.GrpcLogAppender$AppendLogResponseHandler.onCompleted(GrpcLogAppender.java:547)
	at org.apache.ratis.thirdparty.io.grpc.stub.ClientCalls$StreamObserverToCallListenerAdapter.onClose(ClientCalls.java:479)
	at org.apache.ratis.thirdparty.io.grpc.internal.ClientCallImpl.closeObserver(ClientCallImpl.java:567)
	at org.apache.ratis.thirdparty.io.grpc.internal.ClientCallImpl.access$300(ClientCallImpl.java:71)
	at org.apache.ratis.thirdparty.io.grpc.internal.ClientCallImpl$ClientStreamListenerImpl$1StreamClosed.runInternal(ClientCallImpl.java:735)
	at org.apache.ratis.thirdparty.io.grpc.internal.ClientCallImpl$ClientStreamListenerImpl$1StreamClosed.runInContext(ClientCallImpl.java:716)
	at org.apache.ratis.thirdparty.io.grpc.internal.ContextRunnable.run(ContextRunnable.java:37)
	at org.apache.ratis.thirdparty.io.grpc.internal.SerializingExecutor.run(SerializingExecutor.java:133)
	at java.util.concurrent.ThreadPoolExecutor.runWorker(ThreadPoolExecutor.java:1149)
	at java.util.concurrent.ThreadPoolExecutor$Worker.run(ThreadPoolExecutor.java:624)
	at java.lang.Thread.run(Thread.java:750)
2024-02-27 07:41:11,830 [grpc-default-executor-9] WARN  server.GrpcLogAppender (GrpcLogAppender.java:resetClient(226)) - omNode-3@group-523986131536->omNode-2-GrpcLogAppender: Failed to getClient for omNode-2
org.apache.ratis.protocol.exceptions.AlreadyClosedException: omNode-3 is already CLOSED
	at org.apache.ratis.util.PeerProxyMap$PeerAndProxy.getProxy(PeerProxyMap.java:65)
	at org.apache.ratis.util.PeerProxyMap.getProxy(PeerProxyMap.java:114)
	at org.apache.ratis.grpc.server.GrpcLogAppender.getClient(GrpcLogAppender.java:196)
	at org.apache.ratis.grpc.server.GrpcLogAppender.resetClient(GrpcLogAppender.java:201)
	at org.apache.ratis.grpc.server.GrpcLogAppender.access$800(GrpcLogAppender.java:62)
	at org.apache.ratis.grpc.server.GrpcLogAppender$AppendLogResponseHandler.onCompleted(GrpcLogAppender.java:547)
	at org.apache.ratis.thirdparty.io.grpc.stub.ClientCalls$StreamObserverToCallListenerAdapter.onClose(ClientCalls.java:479)
	at org.apache.ratis.thirdparty.io.grpc.internal.ClientCallImpl.closeObserver(ClientCallImpl.java:567)
	at org.apache.ratis.thirdparty.io.grpc.internal.ClientCallImpl.access$300(ClientCallImpl.java:71)
	at org.apache.ratis.thirdparty.io.grpc.internal.ClientCallImpl$ClientStreamListenerImpl$1StreamClosed.runInternal(ClientCallImpl.java:735)
	at org.apache.ratis.thirdparty.io.grpc.internal.ClientCallImpl$ClientStreamListenerImpl$1StreamClosed.runInContext(ClientCallImpl.java:716)
	at org.apache.ratis.thirdparty.io.grpc.internal.ContextRunnable.run(ContextRunnable.java:37)
	at org.apache.ratis.thirdparty.io.grpc.internal.SerializingExecutor.run(SerializingExecutor.java:133)
	at java.util.concurrent.ThreadPoolExecutor.runWorker(ThreadPoolExecutor.java:1149)
	at java.util.concurrent.ThreadPoolExecutor$Worker.run(ThreadPoolExecutor.java:624)
	at java.lang.Thread.run(Thread.java:750)
2024-02-27 07:41:11,834 [main] INFO  server.GrpcService (GrpcService.java:closeImpl(320)) - omNode-3: shutdown server GrpcServerProtocolService successfully
2024-02-27 07:41:11,840 [omNode-3@group-523986131536-StateMachineUpdater] INFO  impl.StateMachineUpdater (StateMachineUpdater.java:takeSnapshot(295)) - omNode-3@group-523986131536-StateMachineUpdater: Took a snapshot at index 72
2024-02-27 07:41:11,840 [omNode-3@group-523986131536-StateMachineUpdater] INFO  impl.StateMachineUpdater (StateMachineUpdater.java:lambda$new$0(98)) - omNode-3@group-523986131536-StateMachineUpdater: snapshotIndex: updateIncreasingly 19 -> 72
2024-02-27 07:41:11,840 [omNode-3@group-523986131536-StateMachineUpdater] INFO  raftlog.RaftLog (RaftLogBase.java:purge(330)) - omNode-3@group-523986131536-SegmentedRaftLog: purge 72
2024-02-27 07:41:11,840 [omNode-3@group-523986131536-StateMachineUpdater] INFO  raftlog.RaftLog (RaftLogBase.java:lambda$new$0(54)) - omNode-3@group-523986131536-SegmentedRaftLog: snapshotIndex: updateIncreasingly 19 -> 72
2024-02-27 07:41:11,840 [omNode-3@group-523986131536-StateMachineUpdater] INFO  raftlog.RaftLog (RaftLogBase.java:lambda$new$0(54)) - omNode-3@group-523986131536-SegmentedRaftLog: purgeIndex: updateToMax old=-1, new=72, updated? true
2024-02-27 07:41:11,840 [omNode-3@group-523986131536-StateMachineUpdater] INFO  ratis.OzoneManagerStateMachine (OzoneManagerStateMachine.java:takeSnapshotImpl(469)) -  applied = (t:2, i:72)
2024-02-27 07:41:11,840 [omNode-3@group-523986131536-StateMachineUpdater] INFO  ratis.OzoneManagerStateMachine (OzoneManagerStateMachine.java:takeSnapshotImpl(470)) -  skipped = 72
2024-02-27 07:41:11,840 [omNode-3@group-523986131536-StateMachineUpdater] INFO  ratis.OzoneManagerStateMachine (OzoneManagerStateMachine.java:takeSnapshotImpl(471)) - notified = (t:2, i:73)
2024-02-27 07:41:11,841 [omNode-3@group-523986131536-StateMachineUpdater] INFO  ratis.OzoneManagerStateMachine (OzoneManagerStateMachine.java:takeSnapshotImpl(472)) - snapshot = (t:2, i:73)
2024-02-27 07:41:11,844 [omNode-3@group-523986131536-StateMachineUpdater] INFO  impl.StateMachineUpdater (StateMachineUpdater.java:takeSnapshot(295)) - omNode-3@group-523986131536-StateMachineUpdater: Took a snapshot at index 73
2024-02-27 07:41:11,844 [omNode-3@group-523986131536-StateMachineUpdater] INFO  impl.StateMachineUpdater (StateMachineUpdater.java:lambda$new$0(98)) - omNode-3@group-523986131536-StateMachineUpdater: snapshotIndex: updateIncreasingly 72 -> 73
2024-02-27 07:41:11,844 [omNode-3@group-523986131536-StateMachineUpdater] INFO  ratis.OzoneManagerStateMachine (OzoneManagerStateMachine.java:close(515)) - Stopping OzoneManagerStateMachine:omNode-3:group-523986131536.
2024-02-27 07:41:11,844 [omNode-3@group-523986131536-StateMachineUpdater] INFO  ratis.OzoneManagerDoubleBuffer (OzoneManagerDoubleBuffer.java:stopDaemon(514)) - Stopping OMDoubleBuffer flush thread
2024-02-27 07:41:11,844 [omNode-3-OMDoubleBufferFlushThread] INFO  ratis.OzoneManagerDoubleBuffer (OzoneManagerDoubleBuffer.java:canFlush(578)) - OMDoubleBuffer flush thread omNode-3-OMDoubleBufferFlushThread is interrupted and will exit.
2024-02-27 07:41:11,846 [omNode-3-impl-thread2] INFO  server.RaftServer$Division (ServerState.java:close(427)) - omNode-3@group-523986131536: applyIndex: 72
2024-02-27 07:41:11,846 [omNode-3@group-523986131536-cacheEviction-AwaitToRun] INFO  util.AwaitToRun (AwaitToRun.java:run(49)) - omNode-3@group-523986131536-cacheEviction-AwaitToRun-AwaitForSignal is interrupted
2024-02-27 07:41:12,800 [omNode-3-impl-thread2] INFO  segmented.SegmentedRaftLogWorker (SegmentedRaftLogWorker.java:close(245)) - omNode-3@group-523986131536-SegmentedRaftLogWorker close()
2024-02-27 07:41:12,802 [JvmPauseMonitor7] INFO  util.JvmPauseMonitor (JvmPauseMonitor.java:run(152)) - JvmPauseMonitor-omNode-3: Stopped
2024-02-27 07:41:12,802 [main] INFO  utils.BackgroundService (BackgroundService.java:shutdown(160)) - Shutting down service KeyDeletingService
2024-02-27 07:41:12,803 [main] INFO  utils.BackgroundService (BackgroundService.java:shutdown(160)) - Shutting down service DirectoryDeletingService
2024-02-27 07:41:12,803 [main] INFO  utils.BackgroundService (BackgroundService.java:shutdown(160)) - Shutting down service OpenKeyCleanupService
2024-02-27 07:41:12,803 [main] INFO  utils.BackgroundService (BackgroundService.java:shutdown(160)) - Shutting down service SstFilteringService
2024-02-27 07:41:12,804 [main] INFO  utils.BackgroundService (BackgroundService.java:shutdown(160)) - Shutting down service SnapshotDeletingService
2024-02-27 07:41:12,804 [main] INFO  utils.BackgroundService (BackgroundService.java:shutdown(160)) - Shutting down service MultipartUploadCleanupService
2024-02-27 07:41:12,804 [main] INFO  utils.BackgroundService (BackgroundService.java:shutdown(160)) - Shutting down service SnapshotDirectoryCleaningService
2024-02-27 07:41:12,805 [main] INFO  handler.ContextHandler (ContextHandler.java:doStop(1159)) - Stopped o.e.j.w.WebAppContext@6d55d0d6{ozoneManager,/,null,STOPPED}{file:/home/runner/work/ozone/ozone/hadoop-ozone/integration-test/target/test-classes/webapps/ozoneManager}
2024-02-27 07:41:12,805 [main] INFO  server.AbstractConnector (AbstractConnector.java:doStop(383)) - Stopped ServerConnector@6f55dea2{HTTP/1.1, (http/1.1)}{0.0.0.0:15013}
2024-02-27 07:41:12,806 [main] INFO  server.session (HouseKeeper.java:stopScavenging(149)) - node0 Stopped scavenging
2024-02-27 07:41:12,806 [main] INFO  handler.ContextHandler (ContextHandler.java:doStop(1159)) - Stopped o.e.j.s.ServletContextHandler@1b82dc49{static,/static,file:///home/runner/work/ozone/ozone/hadoop-ozone/integration-test/target/test-classes/webapps/static,STOPPED}
2024-02-27 07:41:12,806 [main] INFO  handler.ContextHandler (ContextHandler.java:doStop(1159)) - Stopped o.e.j.s.ServletContextHandler@1dec8290{logs,/logs,file:///home/runner/work/ozone/ozone/hadoop-ozone/integration-test/target/log,STOPPED}
2024-02-27 07:41:12,807 [main] INFO  rocksdiff.RocksDBCheckpointDiffer (RocksDBCheckpointDiffer.java:close(310)) - Shutting down CompactionDagPruningService.
2024-02-27 07:41:12,809 [main] INFO  snapshot.SnapshotDiffManager (SnapshotDiffManager.java:closeExecutorService(1657)) - Shutting down executorService: 'SnapDiffExecutor'
2024-02-27 07:41:12,810 [main] INFO  utils.BackgroundService (BackgroundService.java:shutdown(160)) - Shutting down service SnapshotDiffCleanupService
2024-02-27 07:41:12,810 [main] INFO  om.OzoneManager (OzoneManager.java:stop(2203)) - omNode-1[localhost:15004]: Stopping Ozone Manager
2024-02-27 07:41:12,811 [main] INFO  ipc.Server (Server.java:stop(3523)) - Stopping server on 15004
2024-02-27 07:41:12,818 [IPC Server listener on 15004] INFO  ipc.Server (Server.java:run(1434)) - Stopping IPC Server listener on 15004
2024-02-27 07:41:12,818 [IPC Server Responder] INFO  ipc.Server (Server.java:run(1567)) - Stopping IPC Server Responder
2024-02-27 07:41:12,818 [main] INFO  ratis.OzoneManagerRatisServer (OzoneManagerRatisServer.java:stop(594)) - Stopping org.apache.hadoop.ozone.om.ratis.OzoneManagerRatisServer@417cf1c2 at port 15007
2024-02-27 07:41:12,820 [main] INFO  server.RaftServer (RaftServerProxy.java:lambda$close$9(416)) - omNode-1: close
2024-02-27 07:41:12,820 [main] INFO  server.GrpcService (GrpcService.java:closeImpl(311)) - omNode-1: shutdown server GrpcServerProtocolService now
2024-02-27 07:41:12,823 [main] INFO  server.GrpcService (GrpcService.java:closeImpl(320)) - omNode-1: shutdown server GrpcServerProtocolService successfully
2024-02-27 07:41:12,823 [omNode-1-impl-thread2] INFO  server.RaftServer$Division (RaftServerImpl.java:lambda$close$3(526)) - omNode-1@group-523986131536: shutdown
2024-02-27 07:41:12,823 [omNode-1-impl-thread2] INFO  util.JmxRegister (JmxRegister.java:unregister(73)) - Successfully un-registered JMX Bean with object name Ratis:service=RaftServer,group=group-523986131536,id=omNode-1
2024-02-27 07:41:12,823 [omNode-1-impl-thread2] INFO  impl.RoleInfo (RoleInfo.java:shutdownFollowerState(110)) - omNode-1: shutdown omNode-1@group-523986131536-FollowerState
2024-02-27 07:41:12,823 [omNode-1-impl-thread2] INFO  impl.StateMachineUpdater (StateMachineUpdater.java:stopAndJoin(157)) - omNode-1@group-523986131536-StateMachineUpdater: set stopIndex = 73
2024-02-27 07:41:12,824 [omNode-1@group-523986131536-FollowerState] INFO  impl.FollowerState (FollowerState.java:run(152)) - omNode-1@group-523986131536-FollowerState was interrupted
2024-02-27 07:41:12,824 [omNode-1@group-523986131536-StateMachineUpdater] INFO  ratis.OzoneManagerStateMachine (OzoneManagerStateMachine.java:takeSnapshotImpl(469)) -  applied = (t:2, i:72)
2024-02-27 07:41:12,824 [omNode-1@group-523986131536-StateMachineUpdater] INFO  ratis.OzoneManagerStateMachine (OzoneManagerStateMachine.java:takeSnapshotImpl(470)) -  skipped = 72
2024-02-27 07:41:12,824 [omNode-1@group-523986131536-StateMachineUpdater] INFO  ratis.OzoneManagerStateMachine (OzoneManagerStateMachine.java:takeSnapshotImpl(471)) - notified = (t:2, i:73)
2024-02-27 07:41:12,824 [omNode-1@group-523986131536-StateMachineUpdater] INFO  ratis.OzoneManagerStateMachine (OzoneManagerStateMachine.java:takeSnapshotImpl(472)) - snapshot = (t:2, i:73)
2024-02-27 07:41:12,828 [omNode-1@group-523986131536-StateMachineUpdater] INFO  impl.StateMachineUpdater (StateMachineUpdater.java:takeSnapshot(295)) - omNode-1@group-523986131536-StateMachineUpdater: Took a snapshot at index 73
2024-02-27 07:41:12,828 [omNode-1@group-523986131536-StateMachineUpdater] INFO  impl.StateMachineUpdater (StateMachineUpdater.java:lambda$new$0(98)) - omNode-1@group-523986131536-StateMachineUpdater: snapshotIndex: updateIncreasingly 71 -> 73
2024-02-27 07:41:12,829 [omNode-1@group-523986131536-StateMachineUpdater] INFO  ratis.OzoneManagerStateMachine (OzoneManagerStateMachine.java:close(515)) - Stopping OzoneManagerStateMachine:omNode-1:group-523986131536.
2024-02-27 07:41:12,829 [omNode-1@group-523986131536-StateMachineUpdater] INFO  ratis.OzoneManagerDoubleBuffer (OzoneManagerDoubleBuffer.java:stopDaemon(514)) - Stopping OMDoubleBuffer flush thread
2024-02-27 07:41:12,829 [omNode-1-OMDoubleBufferFlushThread] INFO  ratis.OzoneManagerDoubleBuffer (OzoneManagerDoubleBuffer.java:canFlush(578)) - OMDoubleBuffer flush thread omNode-1-OMDoubleBufferFlushThread is interrupted and will exit.
2024-02-27 07:41:12,830 [omNode-1-impl-thread2] INFO  server.RaftServer$Division (ServerState.java:close(427)) - omNode-1@group-523986131536: applyIndex: 72
2024-02-27 07:41:12,830 [omNode-1@group-523986131536-cacheEviction-AwaitToRun] INFO  util.AwaitToRun (AwaitToRun.java:run(49)) - omNode-1@group-523986131536-cacheEviction-AwaitToRun-AwaitForSignal is interrupted
2024-02-27 07:41:13,074 [omNode-2@group-523986131536-FollowerState] INFO  impl.FollowerState (FollowerState.java:run(143)) - omNode-2@group-523986131536-FollowerState: change to CANDIDATE, lastRpcElapsedTime:1466586557ns, electionTimeout:1126ms
2024-02-27 07:41:13,074 [omNode-2@group-523986131536-FollowerState] INFO  impl.RoleInfo (RoleInfo.java:shutdownFollowerState(110)) - omNode-2: shutdown omNode-2@group-523986131536-FollowerState
2024-02-27 07:41:13,074 [omNode-2@group-523986131536-FollowerState] INFO  server.RaftServer$Division (RaftServerImpl.java:setRole(383)) - omNode-2@group-523986131536: changes role from  FOLLOWER to CANDIDATE at term 2 for changeToCandidate
2024-02-27 07:41:13,074 [omNode-2@group-523986131536-FollowerState] INFO  server.RaftServerConfigKeys (ConfUtils.java:logGet(46)) - raft.server.leaderelection.pre-vote = true (default)
2024-02-27 07:41:13,074 [omNode-2@group-523986131536-FollowerState] INFO  impl.RoleInfo (RoleInfo.java:updateAndGet(139)) - omNode-2: start omNode-2@group-523986131536-LeaderElection9
2024-02-27 07:41:13,075 [omNode-2@group-523986131536-LeaderElection9] INFO  server.RaftServer$Division (ServerState.java:setLeader(269)) - omNode-2@group-523986131536: change Leader from omNode-3 to null at term 2 for PRE_VOTE
2024-02-27 07:41:13,075 [omNode-2@group-523986131536-LeaderElection9] INFO  impl.LeaderElection (LeaderElection.java:askForVotes(321)) - omNode-2@group-523986131536-LeaderElection9 PRE_VOTE round 0: submit vote requests at term 2 for 20: peers:[omNode-3|localhost:15015, omNode-1|localhost:15007, omNode-2|localhost:15011]|listeners:[], old=null
2024-02-27 07:41:13,076 [omNode-2@group-523986131536-LeaderElection9-1] INFO  server.GrpcServerProtocolClient (GrpcServerProtocolClient.java:<init>(65)) - Build channel for omNode-3|localhost:15015
2024-02-27 07:41:13,076 [omNode-2@group-523986131536-LeaderElection9-2] INFO  server.GrpcServerProtocolClient (GrpcServerProtocolClient.java:<init>(65)) - Build channel for omNode-1|localhost:15007
2024-02-27 07:41:13,082 [omNode-2@group-523986131536-LeaderElection9] INFO  impl.LeaderElection (LogUtils.java:infoOrTrace(136)) - omNode-2@group-523986131536-LeaderElection9 got exception when requesting votes: java.util.concurrent.ExecutionException: org.apache.ratis.thirdparty.io.grpc.StatusRuntimeException: UNAVAILABLE: io exception
2024-02-27 07:41:13,084 [omNode-2@group-523986131536-LeaderElection9] INFO  impl.LeaderElection (LogUtils.java:infoOrTrace(136)) - omNode-2@group-523986131536-LeaderElection9 got exception when requesting votes: java.util.concurrent.ExecutionException: org.apache.ratis.thirdparty.io.grpc.StatusRuntimeException: UNAVAILABLE: io exception
2024-02-27 07:41:13,084 [omNode-2@group-523986131536-LeaderElection9] INFO  impl.LeaderElection (LeaderElection.java:logAndReturn(89)) - omNode-2@group-523986131536-LeaderElection9: PRE_VOTE REJECTED received 0 response(s) and 2 exception(s):
2024-02-27 07:41:13,084 [omNode-2@group-523986131536-LeaderElection9] INFO  impl.LeaderElection (LogUtils.java:infoOrTrace(136)) -   Exception 0: java.util.concurrent.ExecutionException: org.apache.ratis.thirdparty.io.grpc.StatusRuntimeException: UNAVAILABLE: io exception
2024-02-27 07:41:13,084 [omNode-2@group-523986131536-LeaderElection9] INFO  impl.LeaderElection (LogUtils.java:infoOrTrace(136)) -   Exception 1: java.util.concurrent.ExecutionException: org.apache.ratis.thirdparty.io.grpc.StatusRuntimeException: UNAVAILABLE: io exception
2024-02-27 07:41:13,084 [omNode-2@group-523986131536-LeaderElection9] INFO  impl.LeaderElection (LeaderElection.java:askForVotes(323)) - omNode-2@group-523986131536-LeaderElection9 PRE_VOTE round 0: result REJECTED
2024-02-27 07:41:13,084 [omNode-2@group-523986131536-LeaderElection9] INFO  server.RaftServer$Division (RaftServerImpl.java:setRole(383)) - omNode-2@group-523986131536: changes role from CANDIDATE to FOLLOWER at term 2 for REJECTED
2024-02-27 07:41:13,084 [omNode-2@group-523986131536-LeaderElection9] INFO  impl.RoleInfo (RoleInfo.java:shutdownLeaderElection(130)) - omNode-2: shutdown omNode-2@group-523986131536-LeaderElection9
2024-02-27 07:41:13,084 [omNode-2@group-523986131536-LeaderElection9] INFO  impl.RoleInfo (RoleInfo.java:updateAndGet(139)) - omNode-2: start omNode-2@group-523986131536-FollowerState
2024-02-27 07:41:13,826 [omNode-1-impl-thread2] INFO  segmented.SegmentedRaftLogWorker (SegmentedRaftLogWorker.java:close(245)) - omNode-1@group-523986131536-SegmentedRaftLogWorker close()
2024-02-27 07:41:13,828 [JvmPauseMonitor8] INFO  util.JvmPauseMonitor (JvmPauseMonitor.java:run(152)) - JvmPauseMonitor-omNode-1: Stopped
2024-02-27 07:41:13,828 [main] INFO  utils.BackgroundService (BackgroundService.java:shutdown(160)) - Shutting down service KeyDeletingService
2024-02-27 07:41:13,829 [main] INFO  utils.BackgroundService (BackgroundService.java:shutdown(160)) - Shutting down service DirectoryDeletingService
2024-02-27 07:41:13,829 [main] INFO  utils.BackgroundService (BackgroundService.java:shutdown(160)) - Shutting down service OpenKeyCleanupService
2024-02-27 07:41:13,829 [main] INFO  utils.BackgroundService (BackgroundService.java:shutdown(160)) - Shutting down service SstFilteringService
2024-02-27 07:41:13,830 [main] INFO  utils.BackgroundService (BackgroundService.java:shutdown(160)) - Shutting down service SnapshotDeletingService
2024-02-27 07:41:13,830 [main] INFO  utils.BackgroundService (BackgroundService.java:shutdown(160)) - Shutting down service MultipartUploadCleanupService
2024-02-27 07:41:13,830 [main] INFO  utils.BackgroundService (BackgroundService.java:shutdown(160)) - Shutting down service SnapshotDirectoryCleaningService
2024-02-27 07:41:13,831 [main] INFO  handler.ContextHandler (ContextHandler.java:doStop(1159)) - Stopped o.e.j.w.WebAppContext@6817d328{ozoneManager,/,null,STOPPED}{file:/home/runner/work/ozone/ozone/hadoop-ozone/integration-test/target/test-classes/webapps/ozoneManager}
2024-02-27 07:41:13,831 [main] INFO  server.AbstractConnector (AbstractConnector.java:doStop(383)) - Stopped ServerConnector@2024788a{HTTP/1.1, (http/1.1)}{0.0.0.0:15005}
2024-02-27 07:41:13,832 [main] INFO  server.session (HouseKeeper.java:stopScavenging(149)) - node0 Stopped scavenging
2024-02-27 07:41:13,832 [main] INFO  handler.ContextHandler (ContextHandler.java:doStop(1159)) - Stopped o.e.j.s.ServletContextHandler@196845dd{static,/static,file:///home/runner/work/ozone/ozone/hadoop-ozone/integration-test/target/test-classes/webapps/static,STOPPED}
2024-02-27 07:41:13,832 [main] INFO  handler.ContextHandler (ContextHandler.java:doStop(1159)) - Stopped o.e.j.s.ServletContextHandler@48bfd232{logs,/logs,file:///home/runner/work/ozone/ozone/hadoop-ozone/integration-test/target/log,STOPPED}
2024-02-27 07:41:13,833 [main] INFO  rocksdiff.RocksDBCheckpointDiffer (RocksDBCheckpointDiffer.java:close(310)) - Shutting down CompactionDagPruningService.
2024-02-27 07:41:13,834 [main] INFO  snapshot.SnapshotDiffManager (SnapshotDiffManager.java:closeExecutorService(1657)) - Shutting down executorService: 'SnapDiffExecutor'
2024-02-27 07:41:13,835 [main] INFO  utils.BackgroundService (BackgroundService.java:shutdown(160)) - Shutting down service SnapshotDiffCleanupService
2024-02-27 07:41:13,835 [main] INFO  om.OzoneManager (OzoneManager.java:stop(2203)) - omNode-2[localhost:15008]: Stopping Ozone Manager
2024-02-27 07:41:13,835 [main] INFO  ipc.Server (Server.java:stop(3523)) - Stopping server on 15008
2024-02-27 07:41:13,838 [IPC Server Responder] INFO  ipc.Server (Server.java:run(1567)) - Stopping IPC Server Responder
2024-02-27 07:41:13,838 [IPC Server listener on 15008] INFO  ipc.Server (Server.java:run(1434)) - Stopping IPC Server listener on 15008
2024-02-27 07:41:13,840 [main] INFO  ratis.OzoneManagerRatisServer (OzoneManagerRatisServer.java:stop(594)) - Stopping org.apache.hadoop.ozone.om.ratis.OzoneManagerRatisServer@71cbbfd4 at port 15011
2024-02-27 07:41:13,840 [main] INFO  server.RaftServer (RaftServerProxy.java:lambda$close$9(416)) - omNode-2: close
2024-02-27 07:41:13,842 [main] INFO  server.GrpcService (GrpcService.java:closeImpl(311)) - omNode-2: shutdown server GrpcServerProtocolService now
2024-02-27 07:41:13,842 [omNode-2-impl-thread2] INFO  server.RaftServer$Division (RaftServerImpl.java:lambda$close$3(526)) - omNode-2@group-523986131536: shutdown
2024-02-27 07:41:13,845 [omNode-2-impl-thread2] INFO  util.JmxRegister (JmxRegister.java:unregister(73)) - Successfully un-registered JMX Bean with object name Ratis:service=RaftServer,group=group-523986131536,id=omNode-2
2024-02-27 07:41:13,846 [Thread-1386] INFO  server.GrpcServerProtocolClient (GrpcServerProtocolClient.java:close(103)) - omNode-1 Close channels
2024-02-27 07:41:13,846 [omNode-2-impl-thread2] INFO  impl.RoleInfo (RoleInfo.java:shutdownFollowerState(110)) - omNode-2: shutdown omNode-2@group-523986131536-FollowerState
2024-02-27 07:41:13,845 [Thread-1385] INFO  server.GrpcServerProtocolClient (GrpcServerProtocolClient.java:close(103)) - omNode-3 Close channels
2024-02-27 07:41:13,846 [omNode-2-impl-thread2] INFO  impl.StateMachineUpdater (StateMachineUpdater.java:stopAndJoin(157)) - omNode-2@group-523986131536-StateMachineUpdater: set stopIndex = 73
2024-02-27 07:41:13,846 [omNode-2@group-523986131536-StateMachineUpdater] INFO  ratis.OzoneManagerStateMachine (OzoneManagerStateMachine.java:takeSnapshotImpl(469)) -  applied = (t:2, i:72)
2024-02-27 07:41:13,846 [omNode-2@group-523986131536-StateMachineUpdater] INFO  ratis.OzoneManagerStateMachine (OzoneManagerStateMachine.java:takeSnapshotImpl(470)) -  skipped = 72
2024-02-27 07:41:13,846 [omNode-2@group-523986131536-StateMachineUpdater] INFO  ratis.OzoneManagerStateMachine (OzoneManagerStateMachine.java:takeSnapshotImpl(471)) - notified = (t:2, i:73)
2024-02-27 07:41:13,846 [omNode-2@group-523986131536-StateMachineUpdater] INFO  ratis.OzoneManagerStateMachine (OzoneManagerStateMachine.java:takeSnapshotImpl(472)) - snapshot = (t:2, i:73)
2024-02-27 07:41:13,848 [omNode-2@group-523986131536-FollowerState] INFO  impl.FollowerState (FollowerState.java:run(152)) - omNode-2@group-523986131536-FollowerState was interrupted
2024-02-27 07:41:13,850 [main] INFO  server.GrpcService (GrpcService.java:closeImpl(320)) - omNode-2: shutdown server GrpcServerProtocolService successfully
2024-02-27 07:41:13,854 [omNode-2@group-523986131536-StateMachineUpdater] INFO  impl.StateMachineUpdater (StateMachineUpdater.java:takeSnapshot(295)) - omNode-2@group-523986131536-StateMachineUpdater: Took a snapshot at index 73
2024-02-27 07:41:13,854 [omNode-2@group-523986131536-StateMachineUpdater] INFO  impl.StateMachineUpdater (StateMachineUpdater.java:lambda$new$0(98)) - omNode-2@group-523986131536-StateMachineUpdater: snapshotIndex: updateIncreasingly 71 -> 73
2024-02-27 07:41:13,854 [omNode-2@group-523986131536-StateMachineUpdater] INFO  ratis.OzoneManagerStateMachine (OzoneManagerStateMachine.java:close(515)) - Stopping OzoneManagerStateMachine:omNode-2:group-523986131536.
2024-02-27 07:41:13,854 [omNode-2@group-523986131536-StateMachineUpdater] INFO  ratis.OzoneManagerDoubleBuffer (OzoneManagerDoubleBuffer.java:stopDaemon(514)) - Stopping OMDoubleBuffer flush thread
2024-02-27 07:41:13,855 [omNode-2-OMDoubleBufferFlushThread] INFO  ratis.OzoneManagerDoubleBuffer (OzoneManagerDoubleBuffer.java:canFlush(578)) - OMDoubleBuffer flush thread omNode-2-OMDoubleBufferFlushThread is interrupted and will exit.
2024-02-27 07:41:13,855 [omNode-2-impl-thread2] INFO  server.RaftServer$Division (ServerState.java:close(427)) - omNode-2@group-523986131536: applyIndex: 72
2024-02-27 07:41:13,855 [omNode-2@group-523986131536-cacheEviction-AwaitToRun] INFO  util.AwaitToRun (AwaitToRun.java:run(49)) - omNode-2@group-523986131536-cacheEviction-AwaitToRun-AwaitForSignal is interrupted
2024-02-27 07:41:14,828 [omNode-2-impl-thread2] INFO  segmented.SegmentedRaftLogWorker (SegmentedRaftLogWorker.java:close(245)) - omNode-2@group-523986131536-SegmentedRaftLogWorker close()
2024-02-27 07:41:14,830 [JvmPauseMonitor9] INFO  util.JvmPauseMonitor (JvmPauseMonitor.java:run(152)) - JvmPauseMonitor-omNode-2: Stopped
2024-02-27 07:41:14,830 [main] INFO  utils.BackgroundService (BackgroundService.java:shutdown(160)) - Shutting down service KeyDeletingService
2024-02-27 07:41:14,830 [main] INFO  utils.BackgroundService (BackgroundService.java:shutdown(160)) - Shutting down service DirectoryDeletingService
2024-02-27 07:41:14,830 [main] INFO  utils.BackgroundService (BackgroundService.java:shutdown(160)) - Shutting down service OpenKeyCleanupService
2024-02-27 07:41:14,831 [main] INFO  utils.BackgroundService (BackgroundService.java:shutdown(160)) - Shutting down service SstFilteringService
2024-02-27 07:41:14,831 [main] INFO  utils.BackgroundService (BackgroundService.java:shutdown(160)) - Shutting down service SnapshotDeletingService
2024-02-27 07:41:14,831 [main] INFO  utils.BackgroundService (BackgroundService.java:shutdown(160)) - Shutting down service MultipartUploadCleanupService
2024-02-27 07:41:14,831 [main] INFO  utils.BackgroundService (BackgroundService.java:shutdown(160)) - Shutting down service SnapshotDirectoryCleaningService
2024-02-27 07:41:14,833 [main] INFO  handler.ContextHandler (ContextHandler.java:doStop(1159)) - Stopped o.e.j.w.WebAppContext@46a7a069{ozoneManager,/,null,STOPPED}{file:/home/runner/work/ozone/ozone/hadoop-ozone/integration-test/target/test-classes/webapps/ozoneManager}
2024-02-27 07:41:14,834 [main] INFO  server.AbstractConnector (AbstractConnector.java:doStop(383)) - Stopped ServerConnector@62724755{HTTP/1.1, (http/1.1)}{0.0.0.0:15009}
2024-02-27 07:41:14,834 [main] INFO  server.session (HouseKeeper.java:stopScavenging(149)) - node0 Stopped scavenging
2024-02-27 07:41:14,834 [main] INFO  handler.ContextHandler (ContextHandler.java:doStop(1159)) - Stopped o.e.j.s.ServletContextHandler@57a446ed{static,/static,file:///home/runner/work/ozone/ozone/hadoop-ozone/integration-test/target/test-classes/webapps/static,STOPPED}
2024-02-27 07:41:14,834 [main] INFO  handler.ContextHandler (ContextHandler.java:doStop(1159)) - Stopped o.e.j.s.ServletContextHandler@591fac69{logs,/logs,file:///home/runner/work/ozone/ozone/hadoop-ozone/integration-test/target/log,STOPPED}
2024-02-27 07:41:14,835 [main] INFO  rocksdiff.RocksDBCheckpointDiffer (RocksDBCheckpointDiffer.java:close(310)) - Shutting down CompactionDagPruningService.
2024-02-27 07:41:14,837 [main] INFO  snapshot.SnapshotDiffManager (SnapshotDiffManager.java:closeExecutorService(1657)) - Shutting down executorService: 'SnapDiffExecutor'
2024-02-27 07:41:14,837 [main] INFO  utils.BackgroundService (BackgroundService.java:shutdown(160)) - Shutting down service SnapshotDiffCleanupService
2024-02-27 07:41:14,838 [main] INFO  om.OzoneManager (OzoneManager.java:restart(1710)) - OzoneManager RPC server is listening at localhost/127.0.0.1:15012
2024-02-27 07:41:14,838 [main] INFO  impl.MetricsSystemImpl (MetricsSystemImpl.java:init(158)) - OzoneManager metrics system started (again)
2024-02-27 07:41:14,846 [main] WARN  server.ServerUtils (ServerUtils.java:getDBPath(299)) - ozone.om.db.dirs is not configured. We recommend adding this setting. Falling back to ozone.metadata.dirs instead.
2024-02-27 07:41:14,846 [main] INFO  helpers.OmKeyInfo (OmKeyInfo.java:getCodec(71)) - OmKeyInfo.getCodec ignorePipeline = true
2024-02-27 07:41:14,887 [main] INFO  om.OzoneManager (OzoneManager.java:instantiateServices(804)) - S3 Multi-Tenancy is disabled
2024-02-27 07:41:14,887 [main] INFO  om.OmSnapshotManager (OmSnapshotManager.java:<init>(177)) - Ozone filesystem snapshot feature is enabled.
2024-02-27 07:41:14,888 [main] WARN  server.ServerUtils (ServerUtils.java:getDBPath(299)) - ozone.om.snapshot.diff.db.dir is not configured. We recommend adding this setting. Falling back to ozone.metadata.dirs instead.
2024-02-27 07:41:14,898 [main] INFO  utils.NativeLibraryLoader (NativeLibraryLoader.java:loadLibrary(108)) - Loading Library: ozone_rocksdb_tools
2024-02-27 07:41:14,899 [main] ERROR snapshot.SnapshotDiffManager (SnapshotDiffManager.java:initNativeLibraryForEfficientDiff(287)) - Native Library for raw sst file reading loading failed.
org.apache.hadoop.hdds.utils.NativeLibraryNotLoadedException: Unable to load library ozone_rocksdb_tools from both java.library.path & resource file libozone_rocksdb_tools.so from jar.
	at org.apache.hadoop.hdds.utils.db.managed.ManagedRawSSTFileReader.loadLibrary(ManagedRawSSTFileReader.java:38)
	at org.apache.hadoop.ozone.om.snapshot.SnapshotDiffManager.initNativeLibraryForEfficientDiff(SnapshotDiffManager.java:285)
	at org.apache.hadoop.ozone.om.snapshot.SnapshotDiffManager.<init>(SnapshotDiffManager.java:259)
	at org.apache.hadoop.ozone.om.OmSnapshotManager.<init>(OmSnapshotManager.java:279)
	at org.apache.hadoop.ozone.om.OzoneManager.instantiateServices(OzoneManager.java:856)
	at org.apache.hadoop.ozone.om.OzoneManager.restart(OzoneManager.java:1715)
	at org.apache.hadoop.ozone.MiniOzoneHAClusterImpl.restartOzoneManager(MiniOzoneHAClusterImpl.java:211)
	at org.apache.hadoop.ozone.om.TestOzoneManagerPrepare.resetCluster(TestOzoneManagerPrepare.java:113)
	at sun.reflect.NativeMethodAccessorImpl.invoke0(Native Method)
	at sun.reflect.NativeMethodAccessorImpl.invoke(NativeMethodAccessorImpl.java:62)
	at sun.reflect.DelegatingMethodAccessorImpl.invoke(DelegatingMethodAccessorImpl.java:43)
	at java.lang.reflect.Method.invoke(Method.java:498)
	at org.junit.platform.commons.util.ReflectionUtils.invokeMethod(ReflectionUtils.java:728)
	at org.junit.jupiter.engine.execution.MethodInvocation.proceed(MethodInvocation.java:60)
	at org.junit.jupiter.engine.execution.InvocationInterceptorChain$ValidatingInvocation.proceed(InvocationInterceptorChain.java:131)
	at org.junit.jupiter.engine.extension.TimeoutExtension.intercept(TimeoutExtension.java:156)
	at org.junit.jupiter.engine.extension.TimeoutExtension.interceptLifecycleMethod(TimeoutExtension.java:128)
	at org.junit.jupiter.engine.extension.TimeoutExtension.interceptAfterEachMethod(TimeoutExtension.java:110)
	at org.junit.jupiter.engine.execution.InterceptingExecutableInvoker$ReflectiveInterceptorCall.lambda$ofVoidMethod$0(InterceptingExecutableInvoker.java:103)
	at org.junit.jupiter.engine.execution.InterceptingExecutableInvoker.lambda$invoke$0(InterceptingExecutableInvoker.java:93)
	at org.junit.jupiter.engine.execution.InvocationInterceptorChain$InterceptedInvocation.proceed(InvocationInterceptorChain.java:106)
	at org.junit.jupiter.engine.execution.InvocationInterceptorChain.proceed(InvocationInterceptorChain.java:64)
	at org.junit.jupiter.engine.execution.InvocationInterceptorChain.chainAndInvoke(InvocationInterceptorChain.java:45)
	at org.junit.jupiter.engine.execution.InvocationInterceptorChain.invoke(InvocationInterceptorChain.java:37)
	at org.junit.jupiter.engine.execution.InterceptingExecutableInvoker.invoke(InterceptingExecutableInvoker.java:92)
	at org.junit.jupiter.engine.execution.InterceptingExecutableInvoker.invoke(InterceptingExecutableInvoker.java:86)
	at org.junit.jupiter.engine.descriptor.ClassBasedTestDescriptor.invokeMethodInExtensionContext(ClassBasedTestDescriptor.java:521)
	at org.junit.jupiter.engine.descriptor.ClassBasedTestDescriptor.lambda$synthesizeAfterEachMethodAdapter$24(ClassBasedTestDescriptor.java:511)
	at org.junit.jupiter.engine.descriptor.TestMethodTestDescriptor.lambda$invokeAfterEachMethods$10(TestMethodTestDescriptor.java:244)
	at org.junit.jupiter.engine.descriptor.TestMethodTestDescriptor.lambda$invokeAllAfterMethodsOrCallbacks$13(TestMethodTestDescriptor.java:277)
	at org.junit.platform.engine.support.hierarchical.ThrowableCollector.execute(ThrowableCollector.java:73)
	at org.junit.jupiter.engine.descriptor.TestMethodTestDescriptor.lambda$invokeAllAfterMethodsOrCallbacks$14(TestMethodTestDescriptor.java:277)
	at org.junit.platform.commons.util.CollectionUtils.forEachInReverseOrder(CollectionUtils.java:217)
	at org.junit.jupiter.engine.descriptor.TestMethodTestDescriptor.invokeAllAfterMethodsOrCallbacks(TestMethodTestDescriptor.java:276)
	at org.junit.jupiter.engine.descriptor.TestMethodTestDescriptor.invokeAfterEachMethods(TestMethodTestDescriptor.java:242)
	at org.junit.jupiter.engine.descriptor.TestMethodTestDescriptor.execute(TestMethodTestDescriptor.java:143)
	at org.junit.jupiter.engine.descriptor.TestMethodTestDescriptor.execute(TestMethodTestDescriptor.java:69)
	at org.junit.platform.engine.support.hierarchical.NodeTestTask.lambda$executeRecursively$6(NodeTestTask.java:151)
	at org.junit.platform.engine.support.hierarchical.ThrowableCollector.execute(ThrowableCollector.java:73)
	at org.junit.platform.engine.support.hierarchical.NodeTestTask.lambda$executeRecursively$8(NodeTestTask.java:141)
	at org.junit.platform.engine.support.hierarchical.Node.around(Node.java:137)
	at org.junit.platform.engine.support.hierarchical.NodeTestTask.lambda$executeRecursively$9(NodeTestTask.java:139)
	at org.junit.platform.engine.support.hierarchical.ThrowableCollector.execute(ThrowableCollector.java:73)
	at org.junit.platform.engine.support.hierarchical.NodeTestTask.executeRecursively(NodeTestTask.java:138)
	at org.junit.platform.engine.support.hierarchical.NodeTestTask.execute(NodeTestTask.java:95)
	at java.util.ArrayList.forEach(ArrayList.java:1259)
	at org.junit.platform.engine.support.hierarchical.SameThreadHierarchicalTestExecutorService.invokeAll(SameThreadHierarchicalTestExecutorService.java:41)
	at org.junit.platform.engine.support.hierarchical.NodeTestTask.lambda$executeRecursively$6(NodeTestTask.java:155)
	at org.junit.platform.engine.support.hierarchical.ThrowableCollector.execute(ThrowableCollector.java:73)
	at org.junit.platform.engine.support.hierarchical.NodeTestTask.lambda$executeRecursively$8(NodeTestTask.java:141)
	at org.junit.platform.engine.support.hierarchical.Node.around(Node.java:137)
	at org.junit.platform.engine.support.hierarchical.NodeTestTask.lambda$executeRecursively$9(NodeTestTask.java:139)
	at org.junit.platform.engine.support.hierarchical.ThrowableCollector.execute(ThrowableCollector.java:73)
	at org.junit.platform.engine.support.hierarchical.NodeTestTask.executeRecursively(NodeTestTask.java:138)
	at org.junit.platform.engine.support.hierarchical.NodeTestTask.execute(NodeTestTask.java:95)
	at java.util.ArrayList.forEach(ArrayList.java:1259)
	at org.junit.platform.engine.support.hierarchical.SameThreadHierarchicalTestExecutorService.invokeAll(SameThreadHierarchicalTestExecutorService.java:41)
	at org.junit.platform.engine.support.hierarchical.NodeTestTask.lambda$executeRecursively$6(NodeTestTask.java:155)
	at org.junit.platform.engine.support.hierarchical.ThrowableCollector.execute(ThrowableCollector.java:73)
	at org.junit.platform.engine.support.hierarchical.NodeTestTask.lambda$executeRecursively$8(NodeTestTask.java:141)
	at org.junit.platform.engine.support.hierarchical.Node.around(Node.java:137)
	at org.junit.platform.engine.support.hierarchical.NodeTestTask.lambda$executeRecursively$9(NodeTestTask.java:139)
	at org.junit.platform.engine.support.hierarchical.ThrowableCollector.execute(ThrowableCollector.java:73)
	at org.junit.platform.engine.support.hierarchical.NodeTestTask.executeRecursively(NodeTestTask.java:138)
	at org.junit.platform.engine.support.hierarchical.NodeTestTask.execute(NodeTestTask.java:95)
	at org.junit.platform.engine.support.hierarchical.SameThreadHierarchicalTestExecutorService.submit(SameThreadHierarchicalTestExecutorService.java:35)
	at org.junit.platform.engine.support.hierarchical.HierarchicalTestExecutor.execute(HierarchicalTestExecutor.java:57)
	at org.junit.platform.engine.support.hierarchical.HierarchicalTestEngine.execute(HierarchicalTestEngine.java:54)
	at org.junit.platform.launcher.core.EngineExecutionOrchestrator.execute(EngineExecutionOrchestrator.java:198)
	at org.junit.platform.launcher.core.EngineExecutionOrchestrator.execute(EngineExecutionOrchestrator.java:169)
	at org.junit.platform.launcher.core.EngineExecutionOrchestrator.execute(EngineExecutionOrchestrator.java:93)
	at org.junit.platform.launcher.core.EngineExecutionOrchestrator.lambda$execute$0(EngineExecutionOrchestrator.java:58)
	at org.junit.platform.launcher.core.EngineExecutionOrchestrator.withInterceptedStreams(EngineExecutionOrchestrator.java:141)
	at org.junit.platform.launcher.core.EngineExecutionOrchestrator.execute(EngineExecutionOrchestrator.java:57)
	at org.junit.platform.launcher.core.DefaultLauncher.execute(DefaultLauncher.java:103)
	at org.junit.platform.launcher.core.DefaultLauncher.execute(DefaultLauncher.java:85)
	at org.junit.platform.launcher.core.DelegatingLauncher.execute(DelegatingLauncher.java:47)
	at org.junit.platform.launcher.core.SessionPerRequestLauncher.execute(SessionPerRequestLauncher.java:63)
	at org.apache.maven.surefire.junitplatform.JUnitPlatformProvider.execute(JUnitPlatformProvider.java:188)
	at org.apache.maven.surefire.junitplatform.JUnitPlatformProvider.invokeAllTests(JUnitPlatformProvider.java:154)
	at org.apache.maven.surefire.junitplatform.JUnitPlatformProvider.invoke(JUnitPlatformProvider.java:124)
	at org.apache.maven.surefire.booter.ForkedBooter.runSuitesInProcess(ForkedBooter.java:428)
	at org.apache.maven.surefire.booter.ForkedBooter.execute(ForkedBooter.java:162)
	at org.apache.maven.surefire.booter.ForkedBooter.run(ForkedBooter.java:562)
	at org.apache.maven.surefire.booter.ForkedBooter.main(ForkedBooter.java:548)
2024-02-27 07:41:14,904 [main] WARN  server.ServerUtils (ServerUtils.java:getDefaultRatisDirectory(311)) - Storage directory for Ratis is not configured. It is a good idea to map this to an SSD disk. Falling back to ozone.metadata.dirs
2024-02-27 07:41:14,905 [main] INFO  ratis.OzoneManagerRatisServer (OzoneManagerRatisServer.java:<init>(167)) - Instantiating OM Ratis server with groupID: om-service-test1 and peers: localhost:15015, localhost:15007, localhost:15011
2024-02-27 07:41:14,906 [main] INFO  ratis.OzoneManagerStateMachine (OzoneManagerStateMachine.java:loadSnapshotInfoFromDB(574)) - LastAppliedIndex is set from TransactionInfo from OM DB as (t:2, i:73)
2024-02-27 07:41:14,906 [main] INFO  server.RaftServer (ConfUtils.java:logGet(46)) - raft.rpc.type = GRPC (default)
2024-02-27 07:41:14,906 [main] INFO  grpc.GrpcConfigKeys (ConfUtils.java:logFallback(53)) - raft.grpc.admin.host = null (fallback to raft.grpc.server.host)
2024-02-27 07:41:14,906 [main] INFO  grpc.GrpcConfigKeys (ConfUtils.java:logFallback(53)) - raft.grpc.admin.port = 15015 (fallback to raft.grpc.server.port)
2024-02-27 07:41:14,907 [main] INFO  grpc.GrpcConfigKeys (ConfUtils.java:logFallback(53)) - raft.grpc.client.host = null (fallback to raft.grpc.server.host)
2024-02-27 07:41:14,907 [main] INFO  grpc.GrpcConfigKeys (ConfUtils.java:logFallback(53)) - raft.grpc.client.port = 15015 (fallback to raft.grpc.server.port)
2024-02-27 07:41:14,907 [main] INFO  grpc.GrpcConfigKeys (ConfUtils.java:logGet(46)) - raft.grpc.server.host = null (default)
2024-02-27 07:41:14,907 [main] INFO  grpc.GrpcConfigKeys (ConfUtils.java:logGet(46)) - raft.grpc.server.port = 15015 (custom)
2024-02-27 07:41:14,907 [main] INFO  server.GrpcService (ConfUtils.java:logGet(46)) - raft.grpc.message.size.max = 4194304 (custom)
2024-02-27 07:41:14,908 [main] INFO  server.RaftServerConfigKeys (ConfUtils.java:logGet(46)) - raft.server.log.appender.buffer.byte-limit = 4194304 (custom)
2024-02-27 07:41:14,908 [main] INFO  server.GrpcService (ConfUtils.java:logGet(46)) - raft.grpc.flow.control.window = 1MB (=1048576) (default)
2024-02-27 07:41:14,908 [main] INFO  server.RaftServerConfigKeys (ConfUtils.java:logGet(46)) - raft.server.rpc.request.timeout = 3000ms (default)
2024-02-27 07:41:14,908 [main] INFO  grpc.GrpcConfigKeys (ConfUtils.java:logGet(46)) - raft.grpc.server.heartbeat.channel = true (default)
2024-02-27 07:41:14,908 [main] INFO  grpc.GrpcConfigKeys (ConfUtils.java:logGet(46)) - raft.grpc.server.async.request.thread.pool.cached = true (default)
2024-02-27 07:41:14,908 [main] INFO  grpc.GrpcConfigKeys (ConfUtils.java:logGet(46)) - raft.grpc.server.async.request.thread.pool.size = 32 (default)
2024-02-27 07:41:14,910 [main] INFO  impl.DataStreamServerImpl (ConfUtils.java:logGet(46)) - raft.datastream.type = DISABLED (default)
2024-02-27 07:41:14,910 [main] INFO  server.RaftServerConfigKeys (ConfUtils.java:logGet(46)) - raft.server.sleep.deviation.threshold = 300ms (default)
2024-02-27 07:41:14,910 [main] INFO  server.RaftServerConfigKeys (ConfUtils.java:logGet(46)) - raft.server.close.threshold = 60s (default)
2024-02-27 07:41:14,910 [main] INFO  server.RaftServerConfigKeys (ConfUtils.java:logGet(46)) - raft.server.leaderelection.leader.step-down.wait-time = 10s (default)
2024-02-27 07:41:14,911 [main] INFO  server.RaftServerConfigKeys (ConfUtils.java:logGet(46)) - raft.server.storage.dir = [/home/runner/work/ozone/ozone/hadoop-ozone/integration-test/target/test-dir/MiniOzoneClusterImpl-f695ba1d-1ecd-4b03-8cd1-942510778b28/omNode-3/ratis] (custom)
2024-02-27 07:41:14,911 [main] INFO  server.RaftServerConfigKeys (ConfUtils.java:logGet(46)) - raft.server.threadpool.proxy.cached = true (default)
2024-02-27 07:41:14,911 [main] INFO  server.RaftServerConfigKeys (ConfUtils.java:logGet(46)) - raft.server.threadpool.proxy.size = 0 (default)
2024-02-27 07:41:14,911 [omNode-3-impl-thread1] INFO  server.RaftServer (RaftServerProxy.java:initGroupDir(264)) - omNode-3: found a subdirectory /home/runner/work/ozone/ozone/hadoop-ozone/integration-test/target/test-dir/MiniOzoneClusterImpl-f695ba1d-1ecd-4b03-8cd1-942510778b28/omNode-3/ratis/c9bc4cf4-3bc3-3c60-a66b-523986131536
2024-02-27 07:41:14,913 [main] INFO  server.RaftServer (RaftServerProxy.java:addNew(100)) - omNode-3: addNew group-523986131536:[omNode-3|localhost:15015, omNode-1|localhost:15007, omNode-2|localhost:15011] returns group-523986131536:java.util.concurrent.CompletableFuture@6595b08a[Not completed]
2024-02-27 07:41:14,913 [omNode-3-groupManagement] INFO  server.RaftServer$Division (RaftServerImpl.java:<init>(256)) - omNode-3: new RaftServerImpl for group-523986131536:[omNode-3|localhost:15015, omNode-1|localhost:15007, omNode-2|localhost:15011] with OzoneManagerStateMachine:uninitialized
2024-02-27 07:41:14,913 [main] INFO  om.OzoneManager (OzoneManager.java:initializeRatisServer(2140)) - OzoneManager Ratis server initialized at port 15015
2024-02-27 07:41:14,913 [omNode-3-groupManagement] INFO  server.RaftServerConfigKeys (ConfUtils.java:logGet(46)) - raft.server.rpc.timeout.min = 1s (custom)
2024-02-27 07:41:14,913 [main] INFO  ratis.OzoneManagerRatisServer (OzoneManagerRatisServer.java:start(588)) - Starting OzoneManagerRatisServer omNode-3 at port 15015
2024-02-27 07:41:14,913 [omNode-3-groupManagement] INFO  server.RaftServerConfigKeys (ConfUtils.java:logGet(46)) - raft.server.rpc.timeout.max = 1200ms (custom)
2024-02-27 07:41:14,913 [omNode-3-groupManagement] INFO  server.RaftServerConfigKeys (ConfUtils.java:logGet(46)) - raft.server.rpc.sleep.time = 25ms (default)
2024-02-27 07:41:14,914 [omNode-3-groupManagement] INFO  server.RaftServerConfigKeys (ConfUtils.java:logGet(46)) - raft.server.rpc.slowness.timeout = 2s (custom)
2024-02-27 07:41:14,914 [omNode-3-groupManagement] INFO  server.RaftServerConfigKeys (ConfUtils.java:logGet(46)) - raft.server.leaderelection.leader.step-down.wait-time = 10s (default)
2024-02-27 07:41:14,914 [omNode-3-groupManagement] INFO  server.RaftServerConfigKeys (ConfUtils.java:logGet(46)) - raft.server.leaderelection.member.majority-add = false (default)
2024-02-27 07:41:14,914 [omNode-3-groupManagement] INFO  server.RaftServerConfigKeys (ConfUtils.java:logGet(46)) - raft.server.sleep.deviation.threshold = 300ms (default)
2024-02-27 07:41:14,914 [omNode-3-groupManagement] INFO  server.RaftServer$Division (ServerState.java:<init>(113)) - omNode-3@group-523986131536: ConfigurationManager, init=-1: peers:[omNode-3|localhost:15015, omNode-1|localhost:15007, omNode-2|localhost:15011]|listeners:[], old=null, confs=<EMPTY_MAP>
2024-02-27 07:41:14,914 [omNode-3-groupManagement] INFO  server.RaftServerConfigKeys (ConfUtils.java:logGet(46)) - raft.server.notification.no-leader.timeout = 2s (custom)
2024-02-27 07:41:14,914 [omNode-3-groupManagement] INFO  server.RaftServerConfigKeys (ConfUtils.java:logGet(46)) - raft.server.read.timeout = 10s (default)
2024-02-27 07:41:14,914 [omNode-3-groupManagement] INFO  server.RaftServerConfigKeys (ConfUtils.java:logGet(46)) - raft.server.retrycache.expirytime = 30000ms (custom)
2024-02-27 07:41:14,914 [omNode-3-groupManagement] INFO  server.RaftServerConfigKeys (ConfUtils.java:logGet(46)) - raft.server.retrycache.statistics.expirytime = 100ms (default)
2024-02-27 07:41:14,914 [omNode-3-groupManagement] INFO  server.RaftServerConfigKeys (ConfUtils.java:logGet(46)) - raft.server.read.option = DEFAULT (default)
2024-02-27 07:41:14,914 [omNode-3-groupManagement] INFO  server.RaftServerConfigKeys (ConfUtils.java:logGet(46)) - raft.server.read.read-after-write-consistent.write-index-cache.expiry-time = 60s (default)
2024-02-27 07:41:14,915 [omNode-3-groupManagement] INFO  server.RaftServerConfigKeys (ConfUtils.java:logGet(46)) - raft.server.rpc.request.timeout = 3000ms (default)
2024-02-27 07:41:14,915 [omNode-3-groupManagement] INFO  server.RaftServerConfigKeys (ConfUtils.java:logGet(46)) - raft.server.log.appender.install.snapshot.enabled = false (custom)
2024-02-27 07:41:14,915 [omNode-3-groupManagement] INFO  server.RaftServerConfigKeys (ConfUtils.java:logGet(46)) - raft.server.threadpool.server.cached = true (default)
2024-02-27 07:41:14,915 [omNode-3-groupManagement] INFO  server.RaftServerConfigKeys (ConfUtils.java:logGet(46)) - raft.server.threadpool.server.size = 0 (default)
2024-02-27 07:41:14,915 [omNode-3-groupManagement] INFO  server.RaftServerConfigKeys (ConfUtils.java:logGet(46)) - raft.server.threadpool.client.cached = true (default)
2024-02-27 07:41:14,916 [omNode-3-groupManagement] INFO  server.RaftServerConfigKeys (ConfUtils.java:logGet(46)) - raft.server.threadpool.client.size = 0 (default)
2024-02-27 07:41:14,916 [omNode-3-impl-thread1] INFO  server.RaftServerConfigKeys (ConfUtils.java:logGet(46)) - raft.server.storage.free-space.min = 0MB (=0) (default)
2024-02-27 07:41:14,916 [omNode-3-impl-thread1] INFO  server.RaftServerConfigKeys (ConfUtils.java:logGet(46)) - raft.server.log.corruption.policy = EXCEPTION (default)
2024-02-27 07:41:14,916 [omNode-3-impl-thread1] INFO  server.RaftServerConfigKeys (ConfUtils.java:logGet(46)) - raft.server.storage.dir = [/home/runner/work/ozone/ozone/hadoop-ozone/integration-test/target/test-dir/MiniOzoneClusterImpl-f695ba1d-1ecd-4b03-8cd1-942510778b28/omNode-3/ratis] (custom)
2024-02-27 07:41:14,916 [omNode-3-impl-thread1] INFO  storage.RaftStorageDirectory (RaftStorageDirectoryImpl.java:tryLock(228)) - Lock on /home/runner/work/ozone/ozone/hadoop-ozone/integration-test/target/test-dir/MiniOzoneClusterImpl-f695ba1d-1ecd-4b03-8cd1-942510778b28/omNode-3/ratis/c9bc4cf4-3bc3-3c60-a66b-523986131536/in_use.lock acquired by nodename 40924@fv-az699-61
2024-02-27 07:41:14,917 [omNode-3-impl-thread1] INFO  storage.RaftStorage (RaftStorageImpl.java:analyzeAndRecoverStorage(119)) - Read RaftStorageMetadata{term=2, votedFor=omNode-3} from /home/runner/work/ozone/ozone/hadoop-ozone/integration-test/target/test-dir/MiniOzoneClusterImpl-f695ba1d-1ecd-4b03-8cd1-942510778b28/omNode-3/ratis/c9bc4cf4-3bc3-3c60-a66b-523986131536/current/raft-meta
2024-02-27 07:41:14,918 [omNode-3-impl-thread1] INFO  server.RaftServer$Division (ServerState.java:setRaftConf(386)) - omNode-3@group-523986131536: set configuration 20: peers:[omNode-3|localhost:15015, omNode-1|localhost:15007, omNode-2|localhost:15011]|listeners:[], old=null
2024-02-27 07:41:14,918 [omNode-3-impl-thread1] INFO  server.RaftServerConfigKeys (ConfUtils.java:logGet(46)) - raft.server.log.use.memory = false (default)
2024-02-27 07:41:14,918 [omNode-3-impl-thread1] INFO  server.RaftServerConfigKeys (ConfUtils.java:logGet(46)) - raft.server.log.purge.gap = 50 (custom)
2024-02-27 07:41:14,918 [omNode-3-impl-thread1] INFO  server.RaftServerConfigKeys (ConfUtils.java:logGet(46)) - raft.server.log.appender.buffer.byte-limit = 4194304 (custom)
2024-02-27 07:41:14,918 [omNode-3-impl-thread1] INFO  server.RaftServerConfigKeys (ConfUtils.java:logGet(46)) - raft.server.log.statemachine.data.read.timeout = 1000ms (default)
2024-02-27 07:41:14,918 [omNode-3-impl-thread1] INFO  server.RaftServerConfigKeys (ConfUtils.java:logGet(46)) - raft.server.log.purge.preservation.log.num = 0 (default)
2024-02-27 07:41:14,919 [omNode-3-impl-thread1] INFO  server.RaftServerConfigKeys (ConfUtils.java:logGet(46)) - raft.server.log.segment.size.max = 4194304 (custom)
2024-02-27 07:41:14,919 [omNode-3-impl-thread1] INFO  server.RaftServerConfigKeys (ConfUtils.java:logGet(46)) - raft.server.log.segment.cache.num.max = 2 (custom)
2024-02-27 07:41:14,920 [omNode-3-impl-thread1] INFO  server.RaftServerConfigKeys (ConfUtils.java:logGet(46)) - raft.server.log.segment.cache.size.max = 200MB (=209715200) (default)
2024-02-27 07:41:14,920 [omNode-3-impl-thread1] INFO  server.RaftServerConfigKeys (ConfUtils.java:logGet(46)) - raft.server.log.appender.buffer.byte-limit = 4194304 (custom)
2024-02-27 07:41:14,920 [omNode-3-impl-thread1] INFO  util.AwaitToRun (AwaitToRun.java:start(81)) - Thread[omNode-3@group-523986131536-cacheEviction-AwaitToRun,5,main] started
2024-02-27 07:41:14,920 [omNode-3-impl-thread1] INFO  segmented.SegmentedRaftLogWorker (SegmentedRaftLogWorker.java:<init>(182)) - new omNode-3@group-523986131536-SegmentedRaftLogWorker for RaftStorageImpl:Storage Directory /home/runner/work/ozone/ozone/hadoop-ozone/integration-test/target/test-dir/MiniOzoneClusterImpl-f695ba1d-1ecd-4b03-8cd1-942510778b28/omNode-3/ratis/c9bc4cf4-3bc3-3c60-a66b-523986131536
2024-02-27 07:41:14,920 [omNode-3-impl-thread1] INFO  server.RaftServerConfigKeys (ConfUtils.java:logGet(46)) - raft.server.log.queue.byte-limit = 64MB (=67108864) (default)
2024-02-27 07:41:14,920 [omNode-3-impl-thread1] INFO  server.RaftServerConfigKeys (ConfUtils.java:logGet(46)) - raft.server.log.queue.element-limit = 4096 (default)
2024-02-27 07:41:14,920 [omNode-3-impl-thread1] INFO  server.RaftServerConfigKeys (ConfUtils.java:logGet(46)) - raft.server.log.segment.size.max = 4194304 (custom)
2024-02-27 07:41:14,920 [omNode-3-impl-thread1] INFO  server.RaftServerConfigKeys (ConfUtils.java:logGet(46)) - raft.server.log.preallocated.size = 4194304 (custom)
2024-02-27 07:41:14,920 [omNode-3-impl-thread1] INFO  server.RaftServerConfigKeys (ConfUtils.java:logGet(46)) - raft.server.log.force.sync.num = 128 (default)
2024-02-27 07:41:14,920 [omNode-3-impl-thread1] INFO  server.RaftServerConfigKeys (ConfUtils.java:logGet(46)) - raft.server.log.statemachine.data.sync = true (default)
2024-02-27 07:41:14,920 [omNode-3-impl-thread1] INFO  server.RaftServerConfigKeys (ConfUtils.java:logGet(46)) - raft.server.log.statemachine.data.sync.timeout = 10s (default)
2024-02-27 07:41:14,920 [omNode-3-impl-thread1] INFO  server.RaftServerConfigKeys (ConfUtils.java:logGet(46)) - raft.server.log.statemachine.data.sync.timeout.retry = -1 (default)
2024-02-27 07:41:14,921 [omNode-3-impl-thread1] INFO  server.RaftServerConfigKeys (ConfUtils.java:logGet(46)) - raft.server.log.write.buffer.size = 4194312 (custom)
2024-02-27 07:41:14,921 [omNode-3-impl-thread1] INFO  server.RaftServerConfigKeys (ConfUtils.java:logGet(46)) - raft.server.log.appender.buffer.byte-limit = 4194304 (custom)
2024-02-27 07:41:14,922 [omNode-3-impl-thread1] INFO  server.RaftServerConfigKeys (ConfUtils.java:logGet(46)) - raft.server.log.unsafe-flush.enabled = false (default)
2024-02-27 07:41:14,922 [omNode-3-impl-thread1] INFO  server.RaftServerConfigKeys (ConfUtils.java:logGet(46)) - raft.server.log.async-flush.enabled = false (default)
2024-02-27 07:41:14,922 [omNode-3-impl-thread1] INFO  server.RaftServerConfigKeys (ConfUtils.java:logGet(46)) - raft.server.log.statemachine.data.caching.enabled = false (default)
2024-02-27 07:41:14,925 [omNode-3-impl-thread1] INFO  server.RaftServer$Division (ServerState.java:setRaftConf(386)) - omNode-3@group-523986131536: set configuration 20: peers:[omNode-3|localhost:15015, omNode-1|localhost:15007, omNode-2|localhost:15011]|listeners:[], old=null
2024-02-27 07:41:14,928 [omNode-3-impl-thread1] INFO  segmented.LogSegment (LogSegment.java:loadSegment(170)) - Successfully read 54 entries from segment file /home/runner/work/ozone/ozone/hadoop-ozone/integration-test/target/test-dir/MiniOzoneClusterImpl-f695ba1d-1ecd-4b03-8cd1-942510778b28/omNode-3/ratis/c9bc4cf4-3bc3-3c60-a66b-523986131536/current/log_inprogress_20
2024-02-27 07:41:14,928 [omNode-3-impl-thread1] INFO  segmented.SegmentedRaftLogWorker (SegmentedRaftLogWorker.java:lambda$new$0(134)) - omNode-3@group-523986131536-SegmentedRaftLogWorker: flushIndex: setUnconditionally 0 -> 73
2024-02-27 07:41:14,928 [omNode-3-impl-thread1] INFO  segmented.SegmentedRaftLogWorker (SegmentedRaftLogWorker.java:lambda$new$0(134)) - omNode-3@group-523986131536-SegmentedRaftLogWorker: safeCacheEvictIndex: setUnconditionally 0 -> -1
2024-02-27 07:41:14,928 [omNode-3-impl-thread1] INFO  segmented.BufferedWriteChannel (BufferedWriteChannel.java:open(62)) - open log_inprogress_20 (append) at position 16817
2024-02-27 07:41:14,929 [omNode-3-impl-thread1] INFO  raftlog.RaftLog (RaftLogBase.java:lambda$new$0(54)) - omNode-3@group-523986131536-SegmentedRaftLog: purgeIndex: updateIncreasingly -1 -> 19
2024-02-27 07:41:14,929 [omNode-3-impl-thread1] INFO  server.RaftServer$Division (RaftServerImpl.java:start(396)) - omNode-3@group-523986131536: start as a follower, conf=20: peers:[omNode-3|localhost:15015, omNode-1|localhost:15007, omNode-2|localhost:15011]|listeners:[], old=null
2024-02-27 07:41:14,929 [omNode-3-impl-thread1] INFO  server.RaftServer$Division (RaftServerImpl.java:setRole(383)) - omNode-3@group-523986131536: changes role from      null to FOLLOWER at term 2 for startAsFollower
2024-02-27 07:41:14,929 [omNode-3-impl-thread1] INFO  impl.RoleInfo (RoleInfo.java:updateAndGet(139)) - omNode-3: start omNode-3@group-523986131536-FollowerState
2024-02-27 07:41:14,929 [omNode-3-impl-thread1] INFO  util.JmxRegister (JmxRegister.java:tryRegister(44)) - Successfully registered JMX Bean with object name Ratis:service=RaftServer,group=group-523986131536,id=omNode-3
2024-02-27 07:41:14,929 [omNode-3@group-523986131536-FollowerState] INFO  server.RaftServerConfigKeys (ConfUtils.java:logFallback(53)) - raft.server.rpc.first-election.timeout.min = 1s (fallback to raft.server.rpc.timeout.min)
2024-02-27 07:41:14,929 [omNode-3-impl-thread1] INFO  server.RaftServerConfigKeys (ConfUtils.java:logGet(46)) - raft.server.snapshot.trigger-when-stop.enabled = true (default)
2024-02-27 07:41:14,929 [omNode-3@group-523986131536-FollowerState] INFO  server.RaftServerConfigKeys (ConfUtils.java:logFallback(53)) - raft.server.rpc.first-election.timeout.max = 1200ms (fallback to raft.server.rpc.timeout.max)
2024-02-27 07:41:14,929 [omNode-3-impl-thread1] INFO  server.RaftServerConfigKeys (ConfUtils.java:logGet(46)) - raft.server.snapshot.auto.trigger.enabled = true (custom)
2024-02-27 07:41:14,929 [omNode-3-impl-thread1] INFO  server.RaftServerConfigKeys (ConfUtils.java:logGet(46)) - raft.server.snapshot.auto.trigger.threshold = 50 (custom)
2024-02-27 07:41:14,929 [omNode-3-impl-thread1] INFO  server.RaftServerConfigKeys (ConfUtils.java:logGet(46)) - raft.server.snapshot.retention.file.num = -1 (default)
2024-02-27 07:41:14,930 [omNode-3-impl-thread1] INFO  server.RaftServerConfigKeys (ConfUtils.java:logGet(46)) - raft.server.log.purge.upto.snapshot.index = true (custom)
2024-02-27 07:41:14,931 [main] INFO  server.RaftServer (RaftServerProxy.java:startImpl(406)) - omNode-3: start RPC server
2024-02-27 07:41:14,933 [main] INFO  server.GrpcService (GrpcService.java:startImpl(302)) - omNode-3: GrpcService started, listening on 15015
2024-02-27 07:41:14,933 [main] INFO  om.OzoneManager (OzoneManager.java:getRpcServer(1206)) - Creating RPC Server
2024-02-27 07:41:14,933 [JvmPauseMonitor10] INFO  util.JvmPauseMonitor (JvmPauseMonitor.java:run(146)) - JvmPauseMonitor-omNode-3: Started
2024-02-27 07:41:15,157 [main] INFO  ipc.CallQueueManager (CallQueueManager.java:<init>(90)) - Using callQueue: class java.util.concurrent.LinkedBlockingQueue, queueCapacity: 2000, scheduler: class org.apache.hadoop.ipc.DefaultRpcScheduler, ipcBackoff: false.
2024-02-27 07:41:15,157 [main] INFO  ipc.Server (Server.java:<init>(1287)) - Listener at localhost:15012
2024-02-27 07:41:15,158 [Socket Reader #1 for port 15012] INFO  ipc.Server (Server.java:run(1323)) - Starting Socket Reader #1 for port 15012
2024-02-27 07:41:15,163 [main] INFO  http.BaseHttpServer (BaseHttpServer.java:newHttpServer2BuilderForOzone(223)) - Starting Web-server for ozoneManager at: http://0.0.0.0:15013
2024-02-27 07:41:15,163 [main] INFO  http.BaseHttpServer (BaseHttpServer.java:<init>(110)) - Hadoop Security Enabled: false Ozone Security Enabled: false Ozone HTTP Security Enabled: false 
2024-02-27 07:41:15,164 [main] WARN  server.AuthenticationFilter (AuthenticationFilter.java:constructSecretProvider(240)) - Unable to initialize FileSignerSecretProvider, falling back to use random secrets. Reason: Could not read signature secret file: /home/runner/hadoop-http-auth-signature-secret
2024-02-27 07:41:15,165 [main] INFO  http.HttpRequestLog (HttpRequestLog.java:getRequestLog(86)) - Http request log for http.requests.ozoneManager is not defined
2024-02-27 07:41:15,166 [main] INFO  http.HttpServer2 (HttpServer2.java:addGlobalFilter(1036)) - Added global filter 'safety' (class=org.apache.hadoop.hdds.server.http.HttpServer2$QuotingInputFilter)
2024-02-27 07:41:15,167 [main] INFO  http.HttpServer2 (HttpServer2.java:addFilter(1012)) - Added filter static_user_filter (class=org.apache.hadoop.http.lib.StaticUserWebFilter$StaticUserFilter) to context ozoneManager
2024-02-27 07:41:15,167 [main] INFO  http.HttpServer2 (HttpServer2.java:addFilter(1020)) - Added filter static_user_filter (class=org.apache.hadoop.http.lib.StaticUserWebFilter$StaticUserFilter) to context logs
2024-02-27 07:41:15,167 [main] INFO  http.HttpServer2 (HttpServer2.java:addFilter(1020)) - Added filter static_user_filter (class=org.apache.hadoop.http.lib.StaticUserWebFilter$StaticUserFilter) to context static
2024-02-27 07:41:15,168 [main] INFO  http.BaseHttpServer (BaseHttpServer.java:<init>(189)) - HTTP server of ozoneManager uses base directory /home/runner/work/ozone/ozone/hadoop-ozone/integration-test/target/test-dir/MiniOzoneClusterImpl-f695ba1d-1ecd-4b03-8cd1-942510778b28/omNode-3/webserver
2024-02-27 07:41:15,168 [main] INFO  http.HttpServer2 (HttpServer2.java:bindListener(1236)) - Jetty bound to port 15013
2024-02-27 07:41:15,168 [main] INFO  server.Server (Server.java:doStart(375)) - jetty-9.4.53.v20231009; built: 2023-10-09T12:29:09.265Z; git: 27bde00a0b95a1d5bbee0eae7984f891d2d0f8c9; jvm 1.8.0_402-b06
2024-02-27 07:41:15,169 [main] INFO  server.session (DefaultSessionIdManager.java:doStart(334)) - DefaultSessionIdManager workerName=node0
2024-02-27 07:41:15,169 [main] INFO  server.session (DefaultSessionIdManager.java:doStart(339)) - No SessionScavenger set, using defaults
2024-02-27 07:41:15,169 [main] INFO  server.session (HouseKeeper.java:startScavenging(132)) - node0 Scavenging every 600000ms
2024-02-27 07:41:15,170 [main] INFO  handler.ContextHandler (ContextHandler.java:doStart(921)) - Started o.e.j.s.ServletContextHandler@b18932c{logs,/logs,file:///home/runner/work/ozone/ozone/hadoop-ozone/integration-test/target/log,AVAILABLE}
2024-02-27 07:41:15,170 [main] INFO  handler.ContextHandler (ContextHandler.java:doStart(921)) - Started o.e.j.s.ServletContextHandler@3c9cca04{static,/static,file:///home/runner/work/ozone/ozone/hadoop-ozone/integration-test/target/test-classes/webapps/static,AVAILABLE}
2024-02-27 07:41:15,173 [main] INFO  handler.ContextHandler (ContextHandler.java:doStart(921)) - Started o.e.j.w.WebAppContext@17ce2a83{ozoneManager,/,file:///home/runner/work/ozone/ozone/hadoop-ozone/integration-test/target/test-classes/webapps/ozoneManager/,AVAILABLE}{file:/home/runner/work/ozone/ozone/hadoop-ozone/integration-test/target/test-classes/webapps/ozoneManager}
2024-02-27 07:41:15,176 [main] INFO  server.AbstractConnector (AbstractConnector.java:doStart(333)) - Started ServerConnector@76ace2be{HTTP/1.1, (http/1.1)}{0.0.0.0:15013}
2024-02-27 07:41:15,176 [main] INFO  server.Server (Server.java:doStart(415)) - Started @157884ms
2024-02-27 07:41:15,176 [main] WARN  impl.MetricsSystemImpl (MetricsSystemImpl.java:register(279)) - Sink prometheus already exists!
2024-02-27 07:41:15,177 [main] INFO  http.BaseHttpServer (BaseHttpServer.java:updateConnectorAddress(354)) - HTTP server of ozoneManager listening at http://0.0.0.0:15013
2024-02-27 07:41:15,177 [IPC Server Responder] INFO  ipc.Server (Server.java:run(1562)) - IPC Server Responder: starting
2024-02-27 07:41:15,177 [IPC Server listener on 15012] INFO  ipc.Server (Server.java:run(1402)) - IPC Server listener on 15012: starting
2024-02-27 07:41:15,179 [main] INFO  om.OzoneManager (OzoneManager.java:startTrashEmptier(2093)) - Trash Interval set to 0. Files deleted won't move to trash
2024-02-27 07:41:15,180 [main] INFO  om.OzoneManager (OzoneManager.java:restart(1710)) - OzoneManager RPC server is listening at localhost/127.0.0.1:15004
2024-02-27 07:41:15,180 [main] INFO  impl.MetricsSystemImpl (MetricsSystemImpl.java:init(158)) - OzoneManager metrics system started (again)
2024-02-27 07:41:15,188 [main] WARN  server.ServerUtils (ServerUtils.java:getDBPath(299)) - ozone.om.db.dirs is not configured. We recommend adding this setting. Falling back to ozone.metadata.dirs instead.
2024-02-27 07:41:15,188 [main] INFO  helpers.OmKeyInfo (OmKeyInfo.java:getCodec(71)) - OmKeyInfo.getCodec ignorePipeline = true
2024-02-27 07:41:15,249 [main] INFO  om.OzoneManager (OzoneManager.java:instantiateServices(804)) - S3 Multi-Tenancy is disabled
2024-02-27 07:41:15,250 [main] INFO  om.OmSnapshotManager (OmSnapshotManager.java:<init>(177)) - Ozone filesystem snapshot feature is enabled.
2024-02-27 07:41:15,250 [main] WARN  server.ServerUtils (ServerUtils.java:getDBPath(299)) - ozone.om.snapshot.diff.db.dir is not configured. We recommend adding this setting. Falling back to ozone.metadata.dirs instead.
2024-02-27 07:41:15,258 [main] INFO  utils.NativeLibraryLoader (NativeLibraryLoader.java:loadLibrary(108)) - Loading Library: ozone_rocksdb_tools
2024-02-27 07:41:15,259 [main] ERROR snapshot.SnapshotDiffManager (SnapshotDiffManager.java:initNativeLibraryForEfficientDiff(287)) - Native Library for raw sst file reading loading failed.
org.apache.hadoop.hdds.utils.NativeLibraryNotLoadedException: Unable to load library ozone_rocksdb_tools from both java.library.path & resource file libozone_rocksdb_tools.so from jar.
	at org.apache.hadoop.hdds.utils.db.managed.ManagedRawSSTFileReader.loadLibrary(ManagedRawSSTFileReader.java:38)
	at org.apache.hadoop.ozone.om.snapshot.SnapshotDiffManager.initNativeLibraryForEfficientDiff(SnapshotDiffManager.java:285)
	at org.apache.hadoop.ozone.om.snapshot.SnapshotDiffManager.<init>(SnapshotDiffManager.java:259)
	at org.apache.hadoop.ozone.om.OmSnapshotManager.<init>(OmSnapshotManager.java:279)
	at org.apache.hadoop.ozone.om.OzoneManager.instantiateServices(OzoneManager.java:856)
	at org.apache.hadoop.ozone.om.OzoneManager.restart(OzoneManager.java:1715)
	at org.apache.hadoop.ozone.MiniOzoneHAClusterImpl.restartOzoneManager(MiniOzoneHAClusterImpl.java:211)
	at org.apache.hadoop.ozone.om.TestOzoneManagerPrepare.resetCluster(TestOzoneManagerPrepare.java:113)
	at sun.reflect.NativeMethodAccessorImpl.invoke0(Native Method)
	at sun.reflect.NativeMethodAccessorImpl.invoke(NativeMethodAccessorImpl.java:62)
	at sun.reflect.DelegatingMethodAccessorImpl.invoke(DelegatingMethodAccessorImpl.java:43)
	at java.lang.reflect.Method.invoke(Method.java:498)
	at org.junit.platform.commons.util.ReflectionUtils.invokeMethod(ReflectionUtils.java:728)
	at org.junit.jupiter.engine.execution.MethodInvocation.proceed(MethodInvocation.java:60)
	at org.junit.jupiter.engine.execution.InvocationInterceptorChain$ValidatingInvocation.proceed(InvocationInterceptorChain.java:131)
	at org.junit.jupiter.engine.extension.TimeoutExtension.intercept(TimeoutExtension.java:156)
	at org.junit.jupiter.engine.extension.TimeoutExtension.interceptLifecycleMethod(TimeoutExtension.java:128)
	at org.junit.jupiter.engine.extension.TimeoutExtension.interceptAfterEachMethod(TimeoutExtension.java:110)
	at org.junit.jupiter.engine.execution.InterceptingExecutableInvoker$ReflectiveInterceptorCall.lambda$ofVoidMethod$0(InterceptingExecutableInvoker.java:103)
	at org.junit.jupiter.engine.execution.InterceptingExecutableInvoker.lambda$invoke$0(InterceptingExecutableInvoker.java:93)
	at org.junit.jupiter.engine.execution.InvocationInterceptorChain$InterceptedInvocation.proceed(InvocationInterceptorChain.java:106)
	at org.junit.jupiter.engine.execution.InvocationInterceptorChain.proceed(InvocationInterceptorChain.java:64)
	at org.junit.jupiter.engine.execution.InvocationInterceptorChain.chainAndInvoke(InvocationInterceptorChain.java:45)
	at org.junit.jupiter.engine.execution.InvocationInterceptorChain.invoke(InvocationInterceptorChain.java:37)
	at org.junit.jupiter.engine.execution.InterceptingExecutableInvoker.invoke(InterceptingExecutableInvoker.java:92)
	at org.junit.jupiter.engine.execution.InterceptingExecutableInvoker.invoke(InterceptingExecutableInvoker.java:86)
	at org.junit.jupiter.engine.descriptor.ClassBasedTestDescriptor.invokeMethodInExtensionContext(ClassBasedTestDescriptor.java:521)
	at org.junit.jupiter.engine.descriptor.ClassBasedTestDescriptor.lambda$synthesizeAfterEachMethodAdapter$24(ClassBasedTestDescriptor.java:511)
	at org.junit.jupiter.engine.descriptor.TestMethodTestDescriptor.lambda$invokeAfterEachMethods$10(TestMethodTestDescriptor.java:244)
	at org.junit.jupiter.engine.descriptor.TestMethodTestDescriptor.lambda$invokeAllAfterMethodsOrCallbacks$13(TestMethodTestDescriptor.java:277)
	at org.junit.platform.engine.support.hierarchical.ThrowableCollector.execute(ThrowableCollector.java:73)
	at org.junit.jupiter.engine.descriptor.TestMethodTestDescriptor.lambda$invokeAllAfterMethodsOrCallbacks$14(TestMethodTestDescriptor.java:277)
	at org.junit.platform.commons.util.CollectionUtils.forEachInReverseOrder(CollectionUtils.java:217)
	at org.junit.jupiter.engine.descriptor.TestMethodTestDescriptor.invokeAllAfterMethodsOrCallbacks(TestMethodTestDescriptor.java:276)
	at org.junit.jupiter.engine.descriptor.TestMethodTestDescriptor.invokeAfterEachMethods(TestMethodTestDescriptor.java:242)
	at org.junit.jupiter.engine.descriptor.TestMethodTestDescriptor.execute(TestMethodTestDescriptor.java:143)
	at org.junit.jupiter.engine.descriptor.TestMethodTestDescriptor.execute(TestMethodTestDescriptor.java:69)
	at org.junit.platform.engine.support.hierarchical.NodeTestTask.lambda$executeRecursively$6(NodeTestTask.java:151)
	at org.junit.platform.engine.support.hierarchical.ThrowableCollector.execute(ThrowableCollector.java:73)
	at org.junit.platform.engine.support.hierarchical.NodeTestTask.lambda$executeRecursively$8(NodeTestTask.java:141)
	at org.junit.platform.engine.support.hierarchical.Node.around(Node.java:137)
	at org.junit.platform.engine.support.hierarchical.NodeTestTask.lambda$executeRecursively$9(NodeTestTask.java:139)
	at org.junit.platform.engine.support.hierarchical.ThrowableCollector.execute(ThrowableCollector.java:73)
	at org.junit.platform.engine.support.hierarchical.NodeTestTask.executeRecursively(NodeTestTask.java:138)
	at org.junit.platform.engine.support.hierarchical.NodeTestTask.execute(NodeTestTask.java:95)
	at java.util.ArrayList.forEach(ArrayList.java:1259)
	at org.junit.platform.engine.support.hierarchical.SameThreadHierarchicalTestExecutorService.invokeAll(SameThreadHierarchicalTestExecutorService.java:41)
	at org.junit.platform.engine.support.hierarchical.NodeTestTask.lambda$executeRecursively$6(NodeTestTask.java:155)
	at org.junit.platform.engine.support.hierarchical.ThrowableCollector.execute(ThrowableCollector.java:73)
	at org.junit.platform.engine.support.hierarchical.NodeTestTask.lambda$executeRecursively$8(NodeTestTask.java:141)
	at org.junit.platform.engine.support.hierarchical.Node.around(Node.java:137)
	at org.junit.platform.engine.support.hierarchical.NodeTestTask.lambda$executeRecursively$9(NodeTestTask.java:139)
	at org.junit.platform.engine.support.hierarchical.ThrowableCollector.execute(ThrowableCollector.java:73)
	at org.junit.platform.engine.support.hierarchical.NodeTestTask.executeRecursively(NodeTestTask.java:138)
	at org.junit.platform.engine.support.hierarchical.NodeTestTask.execute(NodeTestTask.java:95)
	at java.util.ArrayList.forEach(ArrayList.java:1259)
	at org.junit.platform.engine.support.hierarchical.SameThreadHierarchicalTestExecutorService.invokeAll(SameThreadHierarchicalTestExecutorService.java:41)
	at org.junit.platform.engine.support.hierarchical.NodeTestTask.lambda$executeRecursively$6(NodeTestTask.java:155)
	at org.junit.platform.engine.support.hierarchical.ThrowableCollector.execute(ThrowableCollector.java:73)
	at org.junit.platform.engine.support.hierarchical.NodeTestTask.lambda$executeRecursively$8(NodeTestTask.java:141)
	at org.junit.platform.engine.support.hierarchical.Node.around(Node.java:137)
	at org.junit.platform.engine.support.hierarchical.NodeTestTask.lambda$executeRecursively$9(NodeTestTask.java:139)
	at org.junit.platform.engine.support.hierarchical.ThrowableCollector.execute(ThrowableCollector.java:73)
	at org.junit.platform.engine.support.hierarchical.NodeTestTask.executeRecursively(NodeTestTask.java:138)
	at org.junit.platform.engine.support.hierarchical.NodeTestTask.execute(NodeTestTask.java:95)
	at org.junit.platform.engine.support.hierarchical.SameThreadHierarchicalTestExecutorService.submit(SameThreadHierarchicalTestExecutorService.java:35)
	at org.junit.platform.engine.support.hierarchical.HierarchicalTestExecutor.execute(HierarchicalTestExecutor.java:57)
	at org.junit.platform.engine.support.hierarchical.HierarchicalTestEngine.execute(HierarchicalTestEngine.java:54)
	at org.junit.platform.launcher.core.EngineExecutionOrchestrator.execute(EngineExecutionOrchestrator.java:198)
	at org.junit.platform.launcher.core.EngineExecutionOrchestrator.execute(EngineExecutionOrchestrator.java:169)
	at org.junit.platform.launcher.core.EngineExecutionOrchestrator.execute(EngineExecutionOrchestrator.java:93)
	at org.junit.platform.launcher.core.EngineExecutionOrchestrator.lambda$execute$0(EngineExecutionOrchestrator.java:58)
	at org.junit.platform.launcher.core.EngineExecutionOrchestrator.withInterceptedStreams(EngineExecutionOrchestrator.java:141)
	at org.junit.platform.launcher.core.EngineExecutionOrchestrator.execute(EngineExecutionOrchestrator.java:57)
	at org.junit.platform.launcher.core.DefaultLauncher.execute(DefaultLauncher.java:103)
	at org.junit.platform.launcher.core.DefaultLauncher.execute(DefaultLauncher.java:85)
	at org.junit.platform.launcher.core.DelegatingLauncher.execute(DelegatingLauncher.java:47)
	at org.junit.platform.launcher.core.SessionPerRequestLauncher.execute(SessionPerRequestLauncher.java:63)
	at org.apache.maven.surefire.junitplatform.JUnitPlatformProvider.execute(JUnitPlatformProvider.java:188)
	at org.apache.maven.surefire.junitplatform.JUnitPlatformProvider.invokeAllTests(JUnitPlatformProvider.java:154)
	at org.apache.maven.surefire.junitplatform.JUnitPlatformProvider.invoke(JUnitPlatformProvider.java:124)
	at org.apache.maven.surefire.booter.ForkedBooter.runSuitesInProcess(ForkedBooter.java:428)
	at org.apache.maven.surefire.booter.ForkedBooter.execute(ForkedBooter.java:162)
	at org.apache.maven.surefire.booter.ForkedBooter.run(ForkedBooter.java:562)
	at org.apache.maven.surefire.booter.ForkedBooter.main(ForkedBooter.java:548)
2024-02-27 07:41:15,261 [main] WARN  om.OzoneManager (OzoneManager.java:instantiatePrepareStateOnStartup(4510)) - Prepare marker file index 73 does not match DB prepare index 72. Writing DB index to prepare file and maintaining prepared state.
2024-02-27 07:41:15,261 [main] INFO  om.OzoneManagerPrepareState (OzoneManagerPrepareState.java:writePrepareMarkerFile(262)) - Prepare marker file written with log index 72 to file /home/runner/work/ozone/ozone/hadoop-ozone/integration-test/target/test-dir/MiniOzoneClusterImpl-f695ba1d-1ecd-4b03-8cd1-942510778b28/omNode-1/current/prepareMarker
2024-02-27 07:41:15,271 [main] WARN  dropwizard3.Dm3MetricRegistriesImpl (Dm3MetricRegistriesImpl.java:addReporterRegistration(113)) - New reporters are added after registries were created. Some metrics will be missing from the reporter. Please add reporter before adding any new registry.
2024-02-27 07:41:15,271 [main] WARN  dropwizard3.Dm3MetricRegistriesImpl (Dm3MetricRegistriesImpl.java:addReporterRegistration(113)) - New reporters are added after registries were created. Some metrics will be missing from the reporter. Please add reporter before adding any new registry.
2024-02-27 07:41:15,271 [main] WARN  server.ServerUtils (ServerUtils.java:getDefaultRatisDirectory(311)) - Storage directory for Ratis is not configured. It is a good idea to map this to an SSD disk. Falling back to ozone.metadata.dirs
2024-02-27 07:41:15,272 [main] INFO  ratis.OzoneManagerRatisServer (OzoneManagerRatisServer.java:<init>(167)) - Instantiating OM Ratis server with groupID: om-service-test1 and peers: localhost:15007, localhost:15015, localhost:15011
2024-02-27 07:41:15,273 [main] INFO  ratis.OzoneManagerStateMachine (OzoneManagerStateMachine.java:loadSnapshotInfoFromDB(574)) - LastAppliedIndex is set from TransactionInfo from OM DB as (t:2, i:73)
2024-02-27 07:41:15,274 [main] INFO  server.RaftServer (ConfUtils.java:logGet(46)) - raft.rpc.type = GRPC (default)
2024-02-27 07:41:15,274 [main] INFO  grpc.GrpcConfigKeys (ConfUtils.java:logFallback(53)) - raft.grpc.admin.host = null (fallback to raft.grpc.server.host)
2024-02-27 07:41:15,274 [main] INFO  grpc.GrpcConfigKeys (ConfUtils.java:logFallback(53)) - raft.grpc.admin.port = 15007 (fallback to raft.grpc.server.port)
2024-02-27 07:41:15,274 [main] INFO  grpc.GrpcConfigKeys (ConfUtils.java:logFallback(53)) - raft.grpc.client.host = null (fallback to raft.grpc.server.host)
2024-02-27 07:41:15,274 [main] INFO  grpc.GrpcConfigKeys (ConfUtils.java:logFallback(53)) - raft.grpc.client.port = 15007 (fallback to raft.grpc.server.port)
2024-02-27 07:41:15,275 [main] INFO  grpc.GrpcConfigKeys (ConfUtils.java:logGet(46)) - raft.grpc.server.host = null (default)
2024-02-27 07:41:15,275 [main] INFO  grpc.GrpcConfigKeys (ConfUtils.java:logGet(46)) - raft.grpc.server.port = 15007 (custom)
2024-02-27 07:41:15,275 [main] INFO  server.GrpcService (ConfUtils.java:logGet(46)) - raft.grpc.message.size.max = 4194304 (custom)
2024-02-27 07:41:15,275 [main] INFO  server.RaftServerConfigKeys (ConfUtils.java:logGet(46)) - raft.server.log.appender.buffer.byte-limit = 4194304 (custom)
2024-02-27 07:41:15,275 [main] INFO  server.GrpcService (ConfUtils.java:logGet(46)) - raft.grpc.flow.control.window = 1MB (=1048576) (default)
2024-02-27 07:41:15,276 [main] INFO  server.RaftServerConfigKeys (ConfUtils.java:logGet(46)) - raft.server.rpc.request.timeout = 3000ms (default)
2024-02-27 07:41:15,276 [main] INFO  grpc.GrpcConfigKeys (ConfUtils.java:logGet(46)) - raft.grpc.server.heartbeat.channel = true (default)
2024-02-27 07:41:15,276 [main] INFO  grpc.GrpcConfigKeys (ConfUtils.java:logGet(46)) - raft.grpc.server.async.request.thread.pool.cached = true (default)
2024-02-27 07:41:15,276 [main] INFO  grpc.GrpcConfigKeys (ConfUtils.java:logGet(46)) - raft.grpc.server.async.request.thread.pool.size = 32 (default)
2024-02-27 07:41:15,277 [main] INFO  impl.DataStreamServerImpl (ConfUtils.java:logGet(46)) - raft.datastream.type = DISABLED (default)
2024-02-27 07:41:15,278 [main] INFO  server.RaftServerConfigKeys (ConfUtils.java:logGet(46)) - raft.server.sleep.deviation.threshold = 300ms (default)
2024-02-27 07:41:15,278 [main] INFO  server.RaftServerConfigKeys (ConfUtils.java:logGet(46)) - raft.server.close.threshold = 60s (default)
2024-02-27 07:41:15,278 [main] INFO  server.RaftServerConfigKeys (ConfUtils.java:logGet(46)) - raft.server.leaderelection.leader.step-down.wait-time = 10s (default)
2024-02-27 07:41:15,278 [main] INFO  server.RaftServerConfigKeys (ConfUtils.java:logGet(46)) - raft.server.storage.dir = [/home/runner/work/ozone/ozone/hadoop-ozone/integration-test/target/test-dir/MiniOzoneClusterImpl-f695ba1d-1ecd-4b03-8cd1-942510778b28/omNode-1/ratis] (custom)
2024-02-27 07:41:15,278 [main] INFO  server.RaftServerConfigKeys (ConfUtils.java:logGet(46)) - raft.server.threadpool.proxy.cached = true (default)
2024-02-27 07:41:15,279 [main] INFO  server.RaftServerConfigKeys (ConfUtils.java:logGet(46)) - raft.server.threadpool.proxy.size = 0 (default)
2024-02-27 07:41:15,279 [omNode-1-impl-thread1] INFO  server.RaftServer (RaftServerProxy.java:initGroupDir(264)) - omNode-1: found a subdirectory /home/runner/work/ozone/ozone/hadoop-ozone/integration-test/target/test-dir/MiniOzoneClusterImpl-f695ba1d-1ecd-4b03-8cd1-942510778b28/omNode-1/ratis/c9bc4cf4-3bc3-3c60-a66b-523986131536
2024-02-27 07:41:15,279 [main] INFO  server.RaftServer (RaftServerProxy.java:addNew(100)) - omNode-1: addNew group-523986131536:[omNode-3|localhost:15015, omNode-1|localhost:15007, omNode-2|localhost:15011] returns group-523986131536:java.util.concurrent.CompletableFuture@19931489[Not completed]
2024-02-27 07:41:15,280 [main] INFO  om.OzoneManager (OzoneManager.java:initializeRatisServer(2140)) - OzoneManager Ratis server initialized at port 15007
2024-02-27 07:41:15,280 [main] INFO  ratis.OzoneManagerRatisServer (OzoneManagerRatisServer.java:start(588)) - Starting OzoneManagerRatisServer omNode-1 at port 15007
2024-02-27 07:41:15,280 [omNode-1-groupManagement] INFO  server.RaftServer$Division (RaftServerImpl.java:<init>(256)) - omNode-1: new RaftServerImpl for group-523986131536:[omNode-3|localhost:15015, omNode-1|localhost:15007, omNode-2|localhost:15011] with OzoneManagerStateMachine:uninitialized
2024-02-27 07:41:15,280 [omNode-1-groupManagement] INFO  server.RaftServerConfigKeys (ConfUtils.java:logGet(46)) - raft.server.rpc.timeout.min = 1s (custom)
2024-02-27 07:41:15,280 [omNode-1-groupManagement] INFO  server.RaftServerConfigKeys (ConfUtils.java:logGet(46)) - raft.server.rpc.timeout.max = 1200ms (custom)
2024-02-27 07:41:15,280 [omNode-1-groupManagement] INFO  server.RaftServerConfigKeys (ConfUtils.java:logGet(46)) - raft.server.rpc.sleep.time = 25ms (default)
2024-02-27 07:41:15,280 [omNode-1-groupManagement] INFO  server.RaftServerConfigKeys (ConfUtils.java:logGet(46)) - raft.server.rpc.slowness.timeout = 2s (custom)
2024-02-27 07:41:15,280 [omNode-1-groupManagement] INFO  server.RaftServerConfigKeys (ConfUtils.java:logGet(46)) - raft.server.leaderelection.leader.step-down.wait-time = 10s (default)
2024-02-27 07:41:15,280 [omNode-1-groupManagement] INFO  server.RaftServerConfigKeys (ConfUtils.java:logGet(46)) - raft.server.leaderelection.member.majority-add = false (default)
2024-02-27 07:41:15,281 [omNode-1-groupManagement] INFO  server.RaftServerConfigKeys (ConfUtils.java:logGet(46)) - raft.server.sleep.deviation.threshold = 300ms (default)
2024-02-27 07:41:15,281 [omNode-1-groupManagement] INFO  server.RaftServer$Division (ServerState.java:<init>(113)) - omNode-1@group-523986131536: ConfigurationManager, init=-1: peers:[omNode-3|localhost:15015, omNode-1|localhost:15007, omNode-2|localhost:15011]|listeners:[], old=null, confs=<EMPTY_MAP>
2024-02-27 07:41:15,281 [omNode-1-groupManagement] INFO  server.RaftServerConfigKeys (ConfUtils.java:logGet(46)) - raft.server.notification.no-leader.timeout = 2s (custom)
2024-02-27 07:41:15,281 [omNode-1-groupManagement] INFO  server.RaftServerConfigKeys (ConfUtils.java:logGet(46)) - raft.server.read.timeout = 10s (default)
2024-02-27 07:41:15,281 [omNode-1-groupManagement] INFO  server.RaftServerConfigKeys (ConfUtils.java:logGet(46)) - raft.server.retrycache.expirytime = 30000ms (custom)
2024-02-27 07:41:15,281 [omNode-1-groupManagement] INFO  server.RaftServerConfigKeys (ConfUtils.java:logGet(46)) - raft.server.retrycache.statistics.expirytime = 100ms (default)
2024-02-27 07:41:15,281 [omNode-1-groupManagement] INFO  server.RaftServerConfigKeys (ConfUtils.java:logGet(46)) - raft.server.read.option = DEFAULT (default)
2024-02-27 07:41:15,281 [omNode-1-groupManagement] INFO  server.RaftServerConfigKeys (ConfUtils.java:logGet(46)) - raft.server.read.read-after-write-consistent.write-index-cache.expiry-time = 60s (default)
2024-02-27 07:41:15,283 [omNode-1-groupManagement] INFO  server.RaftServerConfigKeys (ConfUtils.java:logGet(46)) - raft.server.rpc.request.timeout = 3000ms (default)
2024-02-27 07:41:15,283 [omNode-1-groupManagement] INFO  server.RaftServerConfigKeys (ConfUtils.java:logGet(46)) - raft.server.log.appender.install.snapshot.enabled = false (custom)
2024-02-27 07:41:15,283 [omNode-1-groupManagement] INFO  server.RaftServerConfigKeys (ConfUtils.java:logGet(46)) - raft.server.threadpool.server.cached = true (default)
2024-02-27 07:41:15,283 [omNode-1-groupManagement] INFO  server.RaftServerConfigKeys (ConfUtils.java:logGet(46)) - raft.server.threadpool.server.size = 0 (default)
2024-02-27 07:41:15,283 [omNode-1-groupManagement] INFO  server.RaftServerConfigKeys (ConfUtils.java:logGet(46)) - raft.server.threadpool.client.cached = true (default)
2024-02-27 07:41:15,283 [omNode-1-groupManagement] INFO  server.RaftServerConfigKeys (ConfUtils.java:logGet(46)) - raft.server.threadpool.client.size = 0 (default)
2024-02-27 07:41:15,285 [omNode-1-impl-thread1] INFO  server.RaftServerConfigKeys (ConfUtils.java:logGet(46)) - raft.server.storage.free-space.min = 0MB (=0) (default)
2024-02-27 07:41:15,285 [omNode-1-impl-thread1] INFO  server.RaftServerConfigKeys (ConfUtils.java:logGet(46)) - raft.server.log.corruption.policy = EXCEPTION (default)
2024-02-27 07:41:15,285 [omNode-1-impl-thread1] INFO  server.RaftServerConfigKeys (ConfUtils.java:logGet(46)) - raft.server.storage.dir = [/home/runner/work/ozone/ozone/hadoop-ozone/integration-test/target/test-dir/MiniOzoneClusterImpl-f695ba1d-1ecd-4b03-8cd1-942510778b28/omNode-1/ratis] (custom)
2024-02-27 07:41:15,286 [omNode-1-impl-thread1] INFO  storage.RaftStorageDirectory (RaftStorageDirectoryImpl.java:tryLock(228)) - Lock on /home/runner/work/ozone/ozone/hadoop-ozone/integration-test/target/test-dir/MiniOzoneClusterImpl-f695ba1d-1ecd-4b03-8cd1-942510778b28/omNode-1/ratis/c9bc4cf4-3bc3-3c60-a66b-523986131536/in_use.lock acquired by nodename 40924@fv-az699-61
2024-02-27 07:41:15,287 [omNode-1-impl-thread1] INFO  storage.RaftStorage (RaftStorageImpl.java:analyzeAndRecoverStorage(119)) - Read RaftStorageMetadata{term=2, votedFor=omNode-3} from /home/runner/work/ozone/ozone/hadoop-ozone/integration-test/target/test-dir/MiniOzoneClusterImpl-f695ba1d-1ecd-4b03-8cd1-942510778b28/omNode-1/ratis/c9bc4cf4-3bc3-3c60-a66b-523986131536/current/raft-meta
2024-02-27 07:41:15,293 [omNode-1-impl-thread1] INFO  server.RaftServer$Division (ServerState.java:setRaftConf(386)) - omNode-1@group-523986131536: set configuration 20: peers:[omNode-3|localhost:15015, omNode-1|localhost:15007, omNode-2|localhost:15011]|listeners:[], old=null
2024-02-27 07:41:15,293 [omNode-1-impl-thread1] INFO  server.RaftServerConfigKeys (ConfUtils.java:logGet(46)) - raft.server.log.use.memory = false (default)
2024-02-27 07:41:15,293 [omNode-1-impl-thread1] INFO  server.RaftServerConfigKeys (ConfUtils.java:logGet(46)) - raft.server.log.purge.gap = 50 (custom)
2024-02-27 07:41:15,293 [omNode-1-impl-thread1] INFO  server.RaftServerConfigKeys (ConfUtils.java:logGet(46)) - raft.server.log.appender.buffer.byte-limit = 4194304 (custom)
2024-02-27 07:41:15,293 [omNode-1-impl-thread1] INFO  server.RaftServerConfigKeys (ConfUtils.java:logGet(46)) - raft.server.log.statemachine.data.read.timeout = 1000ms (default)
2024-02-27 07:41:15,293 [omNode-1-impl-thread1] INFO  server.RaftServerConfigKeys (ConfUtils.java:logGet(46)) - raft.server.log.purge.preservation.log.num = 0 (default)
2024-02-27 07:41:15,294 [omNode-1-impl-thread1] INFO  server.RaftServerConfigKeys (ConfUtils.java:logGet(46)) - raft.server.log.segment.size.max = 4194304 (custom)
2024-02-27 07:41:15,294 [omNode-1-impl-thread1] INFO  server.RaftServerConfigKeys (ConfUtils.java:logGet(46)) - raft.server.log.segment.cache.num.max = 2 (custom)
2024-02-27 07:41:15,295 [omNode-1-impl-thread1] INFO  server.RaftServerConfigKeys (ConfUtils.java:logGet(46)) - raft.server.log.segment.cache.size.max = 200MB (=209715200) (default)
2024-02-27 07:41:15,295 [omNode-1-impl-thread1] INFO  server.RaftServerConfigKeys (ConfUtils.java:logGet(46)) - raft.server.log.appender.buffer.byte-limit = 4194304 (custom)
2024-02-27 07:41:15,302 [omNode-1-impl-thread1] INFO  util.AwaitToRun (AwaitToRun.java:start(81)) - Thread[omNode-1@group-523986131536-cacheEviction-AwaitToRun,5,main] started
2024-02-27 07:41:15,302 [omNode-1-impl-thread1] INFO  segmented.SegmentedRaftLogWorker (SegmentedRaftLogWorker.java:<init>(182)) - new omNode-1@group-523986131536-SegmentedRaftLogWorker for RaftStorageImpl:Storage Directory /home/runner/work/ozone/ozone/hadoop-ozone/integration-test/target/test-dir/MiniOzoneClusterImpl-f695ba1d-1ecd-4b03-8cd1-942510778b28/omNode-1/ratis/c9bc4cf4-3bc3-3c60-a66b-523986131536
2024-02-27 07:41:15,302 [omNode-1-impl-thread1] INFO  server.RaftServerConfigKeys (ConfUtils.java:logGet(46)) - raft.server.log.queue.byte-limit = 64MB (=67108864) (default)
2024-02-27 07:41:15,302 [omNode-1-impl-thread1] INFO  server.RaftServerConfigKeys (ConfUtils.java:logGet(46)) - raft.server.log.queue.element-limit = 4096 (default)
2024-02-27 07:41:15,302 [omNode-1-impl-thread1] INFO  server.RaftServerConfigKeys (ConfUtils.java:logGet(46)) - raft.server.log.segment.size.max = 4194304 (custom)
2024-02-27 07:41:15,302 [omNode-1-impl-thread1] INFO  server.RaftServerConfigKeys (ConfUtils.java:logGet(46)) - raft.server.log.preallocated.size = 4194304 (custom)
2024-02-27 07:41:15,302 [omNode-1-impl-thread1] INFO  server.RaftServerConfigKeys (ConfUtils.java:logGet(46)) - raft.server.log.force.sync.num = 128 (default)
2024-02-27 07:41:15,302 [omNode-1-impl-thread1] INFO  server.RaftServerConfigKeys (ConfUtils.java:logGet(46)) - raft.server.log.statemachine.data.sync = true (default)
2024-02-27 07:41:15,302 [omNode-1-impl-thread1] INFO  server.RaftServerConfigKeys (ConfUtils.java:logGet(46)) - raft.server.log.statemachine.data.sync.timeout = 10s (default)
2024-02-27 07:41:15,302 [omNode-1-impl-thread1] INFO  server.RaftServerConfigKeys (ConfUtils.java:logGet(46)) - raft.server.log.statemachine.data.sync.timeout.retry = -1 (default)
2024-02-27 07:41:15,303 [omNode-1-impl-thread1] INFO  server.RaftServerConfigKeys (ConfUtils.java:logGet(46)) - raft.server.log.write.buffer.size = 4194312 (custom)
2024-02-27 07:41:15,304 [omNode-1-impl-thread1] INFO  server.RaftServerConfigKeys (ConfUtils.java:logGet(46)) - raft.server.log.appender.buffer.byte-limit = 4194304 (custom)
2024-02-27 07:41:15,304 [omNode-1-impl-thread1] INFO  server.RaftServerConfigKeys (ConfUtils.java:logGet(46)) - raft.server.log.unsafe-flush.enabled = false (default)
2024-02-27 07:41:15,305 [omNode-1-impl-thread1] INFO  server.RaftServerConfigKeys (ConfUtils.java:logGet(46)) - raft.server.log.async-flush.enabled = false (default)
2024-02-27 07:41:15,305 [omNode-1-impl-thread1] INFO  server.RaftServerConfigKeys (ConfUtils.java:logGet(46)) - raft.server.log.statemachine.data.caching.enabled = false (default)
2024-02-27 07:41:15,305 [omNode-1-impl-thread1] INFO  segmented.SegmentedRaftLogWorker (SegmentedRaftLogWorker.java:lambda$new$0(134)) - omNode-1@group-523986131536-SegmentedRaftLogWorker: flushIndex: setUnconditionally 0 -> 73
2024-02-27 07:41:15,305 [omNode-1-impl-thread1] INFO  segmented.SegmentedRaftLogWorker (SegmentedRaftLogWorker.java:lambda$new$0(134)) - omNode-1@group-523986131536-SegmentedRaftLogWorker: safeCacheEvictIndex: setUnconditionally 0 -> -1
2024-02-27 07:41:15,305 [omNode-1-impl-thread1] INFO  server.RaftServer$Division (RaftServerImpl.java:start(396)) - omNode-1@group-523986131536: start as a follower, conf=20: peers:[omNode-3|localhost:15015, omNode-1|localhost:15007, omNode-2|localhost:15011]|listeners:[], old=null
2024-02-27 07:41:15,305 [omNode-1-impl-thread1] INFO  server.RaftServer$Division (RaftServerImpl.java:setRole(383)) - omNode-1@group-523986131536: changes role from      null to FOLLOWER at term 2 for startAsFollower
2024-02-27 07:41:15,305 [omNode-1-impl-thread1] INFO  impl.RoleInfo (RoleInfo.java:updateAndGet(139)) - omNode-1: start omNode-1@group-523986131536-FollowerState
2024-02-27 07:41:15,309 [omNode-1-impl-thread1] INFO  util.JmxRegister (JmxRegister.java:tryRegister(44)) - Successfully registered JMX Bean with object name Ratis:service=RaftServer,group=group-523986131536,id=omNode-1
2024-02-27 07:41:15,309 [omNode-1-impl-thread1] INFO  server.RaftServerConfigKeys (ConfUtils.java:logGet(46)) - raft.server.snapshot.trigger-when-stop.enabled = true (default)
2024-02-27 07:41:15,309 [omNode-1-impl-thread1] INFO  server.RaftServerConfigKeys (ConfUtils.java:logGet(46)) - raft.server.snapshot.auto.trigger.enabled = true (custom)
2024-02-27 07:41:15,309 [omNode-1-impl-thread1] INFO  server.RaftServerConfigKeys (ConfUtils.java:logGet(46)) - raft.server.snapshot.auto.trigger.threshold = 50 (custom)
2024-02-27 07:41:15,309 [omNode-1-impl-thread1] INFO  server.RaftServerConfigKeys (ConfUtils.java:logGet(46)) - raft.server.snapshot.retention.file.num = -1 (default)
2024-02-27 07:41:15,309 [omNode-1-impl-thread1] INFO  server.RaftServerConfigKeys (ConfUtils.java:logGet(46)) - raft.server.log.purge.upto.snapshot.index = true (custom)
2024-02-27 07:41:15,310 [main] INFO  server.RaftServer (RaftServerProxy.java:startImpl(406)) - omNode-1: start RPC server
2024-02-27 07:41:15,310 [omNode-1@group-523986131536-FollowerState] INFO  server.RaftServerConfigKeys (ConfUtils.java:logFallback(53)) - raft.server.rpc.first-election.timeout.min = 1s (fallback to raft.server.rpc.timeout.min)
2024-02-27 07:41:15,310 [omNode-1@group-523986131536-FollowerState] INFO  server.RaftServerConfigKeys (ConfUtils.java:logFallback(53)) - raft.server.rpc.first-election.timeout.max = 1200ms (fallback to raft.server.rpc.timeout.max)
2024-02-27 07:41:15,311 [main] INFO  server.GrpcService (GrpcService.java:startImpl(302)) - omNode-1: GrpcService started, listening on 15007
2024-02-27 07:41:15,311 [main] INFO  om.OzoneManager (OzoneManager.java:getRpcServer(1206)) - Creating RPC Server
2024-02-27 07:41:15,311 [JvmPauseMonitor11] INFO  util.JvmPauseMonitor (JvmPauseMonitor.java:run(146)) - JvmPauseMonitor-omNode-1: Started
2024-02-27 07:41:15,513 [main] INFO  ipc.CallQueueManager (CallQueueManager.java:<init>(90)) - Using callQueue: class java.util.concurrent.LinkedBlockingQueue, queueCapacity: 2000, scheduler: class org.apache.hadoop.ipc.DefaultRpcScheduler, ipcBackoff: false.
2024-02-27 07:41:15,513 [main] INFO  ipc.Server (Server.java:<init>(1287)) - Listener at localhost:15004
2024-02-27 07:41:15,514 [Socket Reader #1 for port 15004] INFO  ipc.Server (Server.java:run(1323)) - Starting Socket Reader #1 for port 15004
2024-02-27 07:41:15,516 [main] INFO  http.BaseHttpServer (BaseHttpServer.java:newHttpServer2BuilderForOzone(223)) - Starting Web-server for ozoneManager at: http://0.0.0.0:15005
2024-02-27 07:41:15,516 [main] INFO  http.BaseHttpServer (BaseHttpServer.java:<init>(110)) - Hadoop Security Enabled: false Ozone Security Enabled: false Ozone HTTP Security Enabled: false 
2024-02-27 07:41:15,518 [main] WARN  server.AuthenticationFilter (AuthenticationFilter.java:constructSecretProvider(240)) - Unable to initialize FileSignerSecretProvider, falling back to use random secrets. Reason: Could not read signature secret file: /home/runner/hadoop-http-auth-signature-secret
2024-02-27 07:41:15,518 [main] INFO  http.HttpRequestLog (HttpRequestLog.java:getRequestLog(86)) - Http request log for http.requests.ozoneManager is not defined
2024-02-27 07:41:15,520 [main] INFO  http.HttpServer2 (HttpServer2.java:addGlobalFilter(1036)) - Added global filter 'safety' (class=org.apache.hadoop.hdds.server.http.HttpServer2$QuotingInputFilter)
2024-02-27 07:41:15,520 [main] INFO  http.HttpServer2 (HttpServer2.java:addFilter(1012)) - Added filter static_user_filter (class=org.apache.hadoop.http.lib.StaticUserWebFilter$StaticUserFilter) to context ozoneManager
2024-02-27 07:41:15,520 [main] INFO  http.HttpServer2 (HttpServer2.java:addFilter(1020)) - Added filter static_user_filter (class=org.apache.hadoop.http.lib.StaticUserWebFilter$StaticUserFilter) to context static
2024-02-27 07:41:15,520 [main] INFO  http.HttpServer2 (HttpServer2.java:addFilter(1020)) - Added filter static_user_filter (class=org.apache.hadoop.http.lib.StaticUserWebFilter$StaticUserFilter) to context logs
2024-02-27 07:41:15,521 [main] INFO  http.BaseHttpServer (BaseHttpServer.java:<init>(189)) - HTTP server of ozoneManager uses base directory /home/runner/work/ozone/ozone/hadoop-ozone/integration-test/target/test-dir/MiniOzoneClusterImpl-f695ba1d-1ecd-4b03-8cd1-942510778b28/omNode-1/webserver
2024-02-27 07:41:15,521 [main] INFO  http.HttpServer2 (HttpServer2.java:bindListener(1236)) - Jetty bound to port 15005
2024-02-27 07:41:15,521 [main] INFO  server.Server (Server.java:doStart(375)) - jetty-9.4.53.v20231009; built: 2023-10-09T12:29:09.265Z; git: 27bde00a0b95a1d5bbee0eae7984f891d2d0f8c9; jvm 1.8.0_402-b06
2024-02-27 07:41:15,522 [main] INFO  server.session (DefaultSessionIdManager.java:doStart(334)) - DefaultSessionIdManager workerName=node0
2024-02-27 07:41:15,522 [main] INFO  server.session (DefaultSessionIdManager.java:doStart(339)) - No SessionScavenger set, using defaults
2024-02-27 07:41:15,523 [main] INFO  server.session (HouseKeeper.java:startScavenging(132)) - node0 Scavenging every 600000ms
2024-02-27 07:41:15,523 [main] INFO  handler.ContextHandler (ContextHandler.java:doStart(921)) - Started o.e.j.s.ServletContextHandler@384cb812{logs,/logs,file:///home/runner/work/ozone/ozone/hadoop-ozone/integration-test/target/log,AVAILABLE}
2024-02-27 07:41:15,524 [main] INFO  handler.ContextHandler (ContextHandler.java:doStart(921)) - Started o.e.j.s.ServletContextHandler@293c110a{static,/static,file:///home/runner/work/ozone/ozone/hadoop-ozone/integration-test/target/test-classes/webapps/static,AVAILABLE}
2024-02-27 07:41:15,526 [main] INFO  handler.ContextHandler (ContextHandler.java:doStart(921)) - Started o.e.j.w.WebAppContext@1678dda4{ozoneManager,/,file:///home/runner/work/ozone/ozone/hadoop-ozone/integration-test/target/test-classes/webapps/ozoneManager/,AVAILABLE}{file:/home/runner/work/ozone/ozone/hadoop-ozone/integration-test/target/test-classes/webapps/ozoneManager}
2024-02-27 07:41:15,528 [main] INFO  server.AbstractConnector (AbstractConnector.java:doStart(333)) - Started ServerConnector@1a66a52f{HTTP/1.1, (http/1.1)}{0.0.0.0:15005}
2024-02-27 07:41:15,528 [main] INFO  server.Server (Server.java:doStart(415)) - Started @158236ms
2024-02-27 07:41:15,529 [main] WARN  impl.MetricsSystemImpl (MetricsSystemImpl.java:register(279)) - Sink prometheus already exists!
2024-02-27 07:41:15,529 [main] INFO  http.BaseHttpServer (BaseHttpServer.java:updateConnectorAddress(354)) - HTTP server of ozoneManager listening at http://0.0.0.0:15005
2024-02-27 07:41:15,530 [IPC Server listener on 15004] INFO  ipc.Server (Server.java:run(1402)) - IPC Server listener on 15004: starting
2024-02-27 07:41:15,530 [IPC Server Responder] INFO  ipc.Server (Server.java:run(1562)) - IPC Server Responder: starting
2024-02-27 07:41:15,534 [main] INFO  om.OzoneManager (OzoneManager.java:startTrashEmptier(2093)) - Trash Interval set to 0. Files deleted won't move to trash
2024-02-27 07:41:15,534 [main] INFO  om.OzoneManager (OzoneManager.java:restart(1710)) - OzoneManager RPC server is listening at localhost/127.0.0.1:15008
2024-02-27 07:41:15,534 [main] INFO  impl.MetricsSystemImpl (MetricsSystemImpl.java:init(158)) - OzoneManager metrics system started (again)
2024-02-27 07:41:15,543 [main] WARN  server.ServerUtils (ServerUtils.java:getDBPath(299)) - ozone.om.db.dirs is not configured. We recommend adding this setting. Falling back to ozone.metadata.dirs instead.
2024-02-27 07:41:15,544 [main] INFO  helpers.OmKeyInfo (OmKeyInfo.java:getCodec(71)) - OmKeyInfo.getCodec ignorePipeline = true
2024-02-27 07:41:15,578 [main] INFO  om.OzoneManager (OzoneManager.java:instantiateServices(804)) - S3 Multi-Tenancy is disabled
2024-02-27 07:41:15,578 [main] INFO  om.OmSnapshotManager (OmSnapshotManager.java:<init>(177)) - Ozone filesystem snapshot feature is enabled.
2024-02-27 07:41:15,579 [main] WARN  server.ServerUtils (ServerUtils.java:getDBPath(299)) - ozone.om.snapshot.diff.db.dir is not configured. We recommend adding this setting. Falling back to ozone.metadata.dirs instead.
2024-02-27 07:41:15,588 [main] INFO  utils.NativeLibraryLoader (NativeLibraryLoader.java:loadLibrary(108)) - Loading Library: ozone_rocksdb_tools
2024-02-27 07:41:15,589 [main] ERROR snapshot.SnapshotDiffManager (SnapshotDiffManager.java:initNativeLibraryForEfficientDiff(287)) - Native Library for raw sst file reading loading failed.
org.apache.hadoop.hdds.utils.NativeLibraryNotLoadedException: Unable to load library ozone_rocksdb_tools from both java.library.path & resource file libozone_rocksdb_tools.so from jar.
	at org.apache.hadoop.hdds.utils.db.managed.ManagedRawSSTFileReader.loadLibrary(ManagedRawSSTFileReader.java:38)
	at org.apache.hadoop.ozone.om.snapshot.SnapshotDiffManager.initNativeLibraryForEfficientDiff(SnapshotDiffManager.java:285)
	at org.apache.hadoop.ozone.om.snapshot.SnapshotDiffManager.<init>(SnapshotDiffManager.java:259)
	at org.apache.hadoop.ozone.om.OmSnapshotManager.<init>(OmSnapshotManager.java:279)
	at org.apache.hadoop.ozone.om.OzoneManager.instantiateServices(OzoneManager.java:856)
	at org.apache.hadoop.ozone.om.OzoneManager.restart(OzoneManager.java:1715)
	at org.apache.hadoop.ozone.MiniOzoneHAClusterImpl.restartOzoneManager(MiniOzoneHAClusterImpl.java:211)
	at org.apache.hadoop.ozone.om.TestOzoneManagerPrepare.resetCluster(TestOzoneManagerPrepare.java:113)
	at sun.reflect.NativeMethodAccessorImpl.invoke0(Native Method)
	at sun.reflect.NativeMethodAccessorImpl.invoke(NativeMethodAccessorImpl.java:62)
	at sun.reflect.DelegatingMethodAccessorImpl.invoke(DelegatingMethodAccessorImpl.java:43)
	at java.lang.reflect.Method.invoke(Method.java:498)
	at org.junit.platform.commons.util.ReflectionUtils.invokeMethod(ReflectionUtils.java:728)
	at org.junit.jupiter.engine.execution.MethodInvocation.proceed(MethodInvocation.java:60)
	at org.junit.jupiter.engine.execution.InvocationInterceptorChain$ValidatingInvocation.proceed(InvocationInterceptorChain.java:131)
	at org.junit.jupiter.engine.extension.TimeoutExtension.intercept(TimeoutExtension.java:156)
	at org.junit.jupiter.engine.extension.TimeoutExtension.interceptLifecycleMethod(TimeoutExtension.java:128)
	at org.junit.jupiter.engine.extension.TimeoutExtension.interceptAfterEachMethod(TimeoutExtension.java:110)
	at org.junit.jupiter.engine.execution.InterceptingExecutableInvoker$ReflectiveInterceptorCall.lambda$ofVoidMethod$0(InterceptingExecutableInvoker.java:103)
	at org.junit.jupiter.engine.execution.InterceptingExecutableInvoker.lambda$invoke$0(InterceptingExecutableInvoker.java:93)
	at org.junit.jupiter.engine.execution.InvocationInterceptorChain$InterceptedInvocation.proceed(InvocationInterceptorChain.java:106)
	at org.junit.jupiter.engine.execution.InvocationInterceptorChain.proceed(InvocationInterceptorChain.java:64)
	at org.junit.jupiter.engine.execution.InvocationInterceptorChain.chainAndInvoke(InvocationInterceptorChain.java:45)
	at org.junit.jupiter.engine.execution.InvocationInterceptorChain.invoke(InvocationInterceptorChain.java:37)
	at org.junit.jupiter.engine.execution.InterceptingExecutableInvoker.invoke(InterceptingExecutableInvoker.java:92)
	at org.junit.jupiter.engine.execution.InterceptingExecutableInvoker.invoke(InterceptingExecutableInvoker.java:86)
	at org.junit.jupiter.engine.descriptor.ClassBasedTestDescriptor.invokeMethodInExtensionContext(ClassBasedTestDescriptor.java:521)
	at org.junit.jupiter.engine.descriptor.ClassBasedTestDescriptor.lambda$synthesizeAfterEachMethodAdapter$24(ClassBasedTestDescriptor.java:511)
	at org.junit.jupiter.engine.descriptor.TestMethodTestDescriptor.lambda$invokeAfterEachMethods$10(TestMethodTestDescriptor.java:244)
	at org.junit.jupiter.engine.descriptor.TestMethodTestDescriptor.lambda$invokeAllAfterMethodsOrCallbacks$13(TestMethodTestDescriptor.java:277)
	at org.junit.platform.engine.support.hierarchical.ThrowableCollector.execute(ThrowableCollector.java:73)
	at org.junit.jupiter.engine.descriptor.TestMethodTestDescriptor.lambda$invokeAllAfterMethodsOrCallbacks$14(TestMethodTestDescriptor.java:277)
	at org.junit.platform.commons.util.CollectionUtils.forEachInReverseOrder(CollectionUtils.java:217)
	at org.junit.jupiter.engine.descriptor.TestMethodTestDescriptor.invokeAllAfterMethodsOrCallbacks(TestMethodTestDescriptor.java:276)
	at org.junit.jupiter.engine.descriptor.TestMethodTestDescriptor.invokeAfterEachMethods(TestMethodTestDescriptor.java:242)
	at org.junit.jupiter.engine.descriptor.TestMethodTestDescriptor.execute(TestMethodTestDescriptor.java:143)
	at org.junit.jupiter.engine.descriptor.TestMethodTestDescriptor.execute(TestMethodTestDescriptor.java:69)
	at org.junit.platform.engine.support.hierarchical.NodeTestTask.lambda$executeRecursively$6(NodeTestTask.java:151)
	at org.junit.platform.engine.support.hierarchical.ThrowableCollector.execute(ThrowableCollector.java:73)
	at org.junit.platform.engine.support.hierarchical.NodeTestTask.lambda$executeRecursively$8(NodeTestTask.java:141)
	at org.junit.platform.engine.support.hierarchical.Node.around(Node.java:137)
	at org.junit.platform.engine.support.hierarchical.NodeTestTask.lambda$executeRecursively$9(NodeTestTask.java:139)
	at org.junit.platform.engine.support.hierarchical.ThrowableCollector.execute(ThrowableCollector.java:73)
	at org.junit.platform.engine.support.hierarchical.NodeTestTask.executeRecursively(NodeTestTask.java:138)
	at org.junit.platform.engine.support.hierarchical.NodeTestTask.execute(NodeTestTask.java:95)
	at java.util.ArrayList.forEach(ArrayList.java:1259)
	at org.junit.platform.engine.support.hierarchical.SameThreadHierarchicalTestExecutorService.invokeAll(SameThreadHierarchicalTestExecutorService.java:41)
	at org.junit.platform.engine.support.hierarchical.NodeTestTask.lambda$executeRecursively$6(NodeTestTask.java:155)
	at org.junit.platform.engine.support.hierarchical.ThrowableCollector.execute(ThrowableCollector.java:73)
	at org.junit.platform.engine.support.hierarchical.NodeTestTask.lambda$executeRecursively$8(NodeTestTask.java:141)
	at org.junit.platform.engine.support.hierarchical.Node.around(Node.java:137)
	at org.junit.platform.engine.support.hierarchical.NodeTestTask.lambda$executeRecursively$9(NodeTestTask.java:139)
	at org.junit.platform.engine.support.hierarchical.ThrowableCollector.execute(ThrowableCollector.java:73)
	at org.junit.platform.engine.support.hierarchical.NodeTestTask.executeRecursively(NodeTestTask.java:138)
	at org.junit.platform.engine.support.hierarchical.NodeTestTask.execute(NodeTestTask.java:95)
	at java.util.ArrayList.forEach(ArrayList.java:1259)
	at org.junit.platform.engine.support.hierarchical.SameThreadHierarchicalTestExecutorService.invokeAll(SameThreadHierarchicalTestExecutorService.java:41)
	at org.junit.platform.engine.support.hierarchical.NodeTestTask.lambda$executeRecursively$6(NodeTestTask.java:155)
	at org.junit.platform.engine.support.hierarchical.ThrowableCollector.execute(ThrowableCollector.java:73)
	at org.junit.platform.engine.support.hierarchical.NodeTestTask.lambda$executeRecursively$8(NodeTestTask.java:141)
	at org.junit.platform.engine.support.hierarchical.Node.around(Node.java:137)
	at org.junit.platform.engine.support.hierarchical.NodeTestTask.lambda$executeRecursively$9(NodeTestTask.java:139)
	at org.junit.platform.engine.support.hierarchical.ThrowableCollector.execute(ThrowableCollector.java:73)
	at org.junit.platform.engine.support.hierarchical.NodeTestTask.executeRecursively(NodeTestTask.java:138)
	at org.junit.platform.engine.support.hierarchical.NodeTestTask.execute(NodeTestTask.java:95)
	at org.junit.platform.engine.support.hierarchical.SameThreadHierarchicalTestExecutorService.submit(SameThreadHierarchicalTestExecutorService.java:35)
	at org.junit.platform.engine.support.hierarchical.HierarchicalTestExecutor.execute(HierarchicalTestExecutor.java:57)
	at org.junit.platform.engine.support.hierarchical.HierarchicalTestEngine.execute(HierarchicalTestEngine.java:54)
	at org.junit.platform.launcher.core.EngineExecutionOrchestrator.execute(EngineExecutionOrchestrator.java:198)
	at org.junit.platform.launcher.core.EngineExecutionOrchestrator.execute(EngineExecutionOrchestrator.java:169)
	at org.junit.platform.launcher.core.EngineExecutionOrchestrator.execute(EngineExecutionOrchestrator.java:93)
	at org.junit.platform.launcher.core.EngineExecutionOrchestrator.lambda$execute$0(EngineExecutionOrchestrator.java:58)
	at org.junit.platform.launcher.core.EngineExecutionOrchestrator.withInterceptedStreams(EngineExecutionOrchestrator.java:141)
	at org.junit.platform.launcher.core.EngineExecutionOrchestrator.execute(EngineExecutionOrchestrator.java:57)
	at org.junit.platform.launcher.core.DefaultLauncher.execute(DefaultLauncher.java:103)
	at org.junit.platform.launcher.core.DefaultLauncher.execute(DefaultLauncher.java:85)
	at org.junit.platform.launcher.core.DelegatingLauncher.execute(DelegatingLauncher.java:47)
	at org.junit.platform.launcher.core.SessionPerRequestLauncher.execute(SessionPerRequestLauncher.java:63)
	at org.apache.maven.surefire.junitplatform.JUnitPlatformProvider.execute(JUnitPlatformProvider.java:188)
	at org.apache.maven.surefire.junitplatform.JUnitPlatformProvider.invokeAllTests(JUnitPlatformProvider.java:154)
	at org.apache.maven.surefire.junitplatform.JUnitPlatformProvider.invoke(JUnitPlatformProvider.java:124)
	at org.apache.maven.surefire.booter.ForkedBooter.runSuitesInProcess(ForkedBooter.java:428)
	at org.apache.maven.surefire.booter.ForkedBooter.execute(ForkedBooter.java:162)
	at org.apache.maven.surefire.booter.ForkedBooter.run(ForkedBooter.java:562)
	at org.apache.maven.surefire.booter.ForkedBooter.main(ForkedBooter.java:548)
2024-02-27 07:41:15,591 [main] WARN  om.OzoneManager (OzoneManager.java:instantiatePrepareStateOnStartup(4510)) - Prepare marker file index 73 does not match DB prepare index 72. Writing DB index to prepare file and maintaining prepared state.
2024-02-27 07:41:15,591 [main] INFO  om.OzoneManagerPrepareState (OzoneManagerPrepareState.java:writePrepareMarkerFile(262)) - Prepare marker file written with log index 72 to file /home/runner/work/ozone/ozone/hadoop-ozone/integration-test/target/test-dir/MiniOzoneClusterImpl-f695ba1d-1ecd-4b03-8cd1-942510778b28/omNode-2/current/prepareMarker
2024-02-27 07:41:15,594 [main] WARN  dropwizard3.Dm3MetricRegistriesImpl (Dm3MetricRegistriesImpl.java:addReporterRegistration(113)) - New reporters are added after registries were created. Some metrics will be missing from the reporter. Please add reporter before adding any new registry.
2024-02-27 07:41:15,595 [main] WARN  dropwizard3.Dm3MetricRegistriesImpl (Dm3MetricRegistriesImpl.java:addReporterRegistration(113)) - New reporters are added after registries were created. Some metrics will be missing from the reporter. Please add reporter before adding any new registry.
2024-02-27 07:41:15,595 [main] WARN  server.ServerUtils (ServerUtils.java:getDefaultRatisDirectory(311)) - Storage directory for Ratis is not configured. It is a good idea to map this to an SSD disk. Falling back to ozone.metadata.dirs
2024-02-27 07:41:15,596 [main] INFO  ratis.OzoneManagerRatisServer (OzoneManagerRatisServer.java:<init>(167)) - Instantiating OM Ratis server with groupID: om-service-test1 and peers: localhost:15011, localhost:15015, localhost:15007
2024-02-27 07:41:15,596 [main] INFO  ratis.OzoneManagerStateMachine (OzoneManagerStateMachine.java:loadSnapshotInfoFromDB(574)) - LastAppliedIndex is set from TransactionInfo from OM DB as (t:2, i:73)
2024-02-27 07:41:15,597 [main] INFO  server.RaftServer (ConfUtils.java:logGet(46)) - raft.rpc.type = GRPC (default)
2024-02-27 07:41:15,597 [main] INFO  grpc.GrpcConfigKeys (ConfUtils.java:logFallback(53)) - raft.grpc.admin.host = null (fallback to raft.grpc.server.host)
2024-02-27 07:41:15,597 [main] INFO  grpc.GrpcConfigKeys (ConfUtils.java:logFallback(53)) - raft.grpc.admin.port = 15011 (fallback to raft.grpc.server.port)
2024-02-27 07:41:15,597 [main] INFO  grpc.GrpcConfigKeys (ConfUtils.java:logFallback(53)) - raft.grpc.client.host = null (fallback to raft.grpc.server.host)
2024-02-27 07:41:15,598 [main] INFO  grpc.GrpcConfigKeys (ConfUtils.java:logFallback(53)) - raft.grpc.client.port = 15011 (fallback to raft.grpc.server.port)
2024-02-27 07:41:15,598 [main] INFO  grpc.GrpcConfigKeys (ConfUtils.java:logGet(46)) - raft.grpc.server.host = null (default)
2024-02-27 07:41:15,598 [main] INFO  grpc.GrpcConfigKeys (ConfUtils.java:logGet(46)) - raft.grpc.server.port = 15011 (custom)
2024-02-27 07:41:15,598 [main] INFO  server.GrpcService (ConfUtils.java:logGet(46)) - raft.grpc.message.size.max = 4194304 (custom)
2024-02-27 07:41:15,598 [main] INFO  server.RaftServerConfigKeys (ConfUtils.java:logGet(46)) - raft.server.log.appender.buffer.byte-limit = 4194304 (custom)
2024-02-27 07:41:15,598 [main] INFO  server.GrpcService (ConfUtils.java:logGet(46)) - raft.grpc.flow.control.window = 1MB (=1048576) (default)
2024-02-27 07:41:15,598 [main] INFO  server.RaftServerConfigKeys (ConfUtils.java:logGet(46)) - raft.server.rpc.request.timeout = 3000ms (default)
2024-02-27 07:41:15,598 [main] INFO  grpc.GrpcConfigKeys (ConfUtils.java:logGet(46)) - raft.grpc.server.heartbeat.channel = true (default)
2024-02-27 07:41:15,598 [main] INFO  grpc.GrpcConfigKeys (ConfUtils.java:logGet(46)) - raft.grpc.server.async.request.thread.pool.cached = true (default)
2024-02-27 07:41:15,599 [main] INFO  grpc.GrpcConfigKeys (ConfUtils.java:logGet(46)) - raft.grpc.server.async.request.thread.pool.size = 32 (default)
2024-02-27 07:41:15,600 [main] INFO  impl.DataStreamServerImpl (ConfUtils.java:logGet(46)) - raft.datastream.type = DISABLED (default)
2024-02-27 07:41:15,600 [main] INFO  server.RaftServerConfigKeys (ConfUtils.java:logGet(46)) - raft.server.sleep.deviation.threshold = 300ms (default)
2024-02-27 07:41:15,600 [main] INFO  server.RaftServerConfigKeys (ConfUtils.java:logGet(46)) - raft.server.close.threshold = 60s (default)
2024-02-27 07:41:15,600 [main] INFO  server.RaftServerConfigKeys (ConfUtils.java:logGet(46)) - raft.server.leaderelection.leader.step-down.wait-time = 10s (default)
2024-02-27 07:41:15,600 [main] INFO  server.RaftServerConfigKeys (ConfUtils.java:logGet(46)) - raft.server.storage.dir = [/home/runner/work/ozone/ozone/hadoop-ozone/integration-test/target/test-dir/MiniOzoneClusterImpl-f695ba1d-1ecd-4b03-8cd1-942510778b28/omNode-2/ratis] (custom)
2024-02-27 07:41:15,600 [main] INFO  server.RaftServerConfigKeys (ConfUtils.java:logGet(46)) - raft.server.threadpool.proxy.cached = true (default)
2024-02-27 07:41:15,600 [main] INFO  server.RaftServerConfigKeys (ConfUtils.java:logGet(46)) - raft.server.threadpool.proxy.size = 0 (default)
2024-02-27 07:41:15,601 [omNode-2-impl-thread1] INFO  server.RaftServer (RaftServerProxy.java:initGroupDir(264)) - omNode-2: found a subdirectory /home/runner/work/ozone/ozone/hadoop-ozone/integration-test/target/test-dir/MiniOzoneClusterImpl-f695ba1d-1ecd-4b03-8cd1-942510778b28/omNode-2/ratis/c9bc4cf4-3bc3-3c60-a66b-523986131536
2024-02-27 07:41:15,601 [main] INFO  server.RaftServer (RaftServerProxy.java:addNew(100)) - omNode-2: addNew group-523986131536:[omNode-3|localhost:15015, omNode-1|localhost:15007, omNode-2|localhost:15011] returns group-523986131536:java.util.concurrent.CompletableFuture@74acb786[Not completed]
2024-02-27 07:41:15,601 [omNode-2-groupManagement] INFO  server.RaftServer$Division (RaftServerImpl.java:<init>(256)) - omNode-2: new RaftServerImpl for group-523986131536:[omNode-3|localhost:15015, omNode-1|localhost:15007, omNode-2|localhost:15011] with OzoneManagerStateMachine:uninitialized
2024-02-27 07:41:15,601 [main] INFO  om.OzoneManager (OzoneManager.java:initializeRatisServer(2140)) - OzoneManager Ratis server initialized at port 15011
2024-02-27 07:41:15,601 [omNode-2-groupManagement] INFO  server.RaftServerConfigKeys (ConfUtils.java:logGet(46)) - raft.server.rpc.timeout.min = 1s (custom)
2024-02-27 07:41:15,601 [main] INFO  ratis.OzoneManagerRatisServer (OzoneManagerRatisServer.java:start(588)) - Starting OzoneManagerRatisServer omNode-2 at port 15011
2024-02-27 07:41:15,601 [omNode-2-groupManagement] INFO  server.RaftServerConfigKeys (ConfUtils.java:logGet(46)) - raft.server.rpc.timeout.max = 1200ms (custom)
2024-02-27 07:41:15,602 [omNode-2-groupManagement] INFO  server.RaftServerConfigKeys (ConfUtils.java:logGet(46)) - raft.server.rpc.sleep.time = 25ms (default)
2024-02-27 07:41:15,602 [omNode-2-groupManagement] INFO  server.RaftServerConfigKeys (ConfUtils.java:logGet(46)) - raft.server.rpc.slowness.timeout = 2s (custom)
2024-02-27 07:41:15,602 [omNode-2-groupManagement] INFO  server.RaftServerConfigKeys (ConfUtils.java:logGet(46)) - raft.server.leaderelection.leader.step-down.wait-time = 10s (default)
2024-02-27 07:41:15,602 [omNode-2-groupManagement] INFO  server.RaftServerConfigKeys (ConfUtils.java:logGet(46)) - raft.server.leaderelection.member.majority-add = false (default)
2024-02-27 07:41:15,602 [omNode-2-groupManagement] INFO  server.RaftServerConfigKeys (ConfUtils.java:logGet(46)) - raft.server.sleep.deviation.threshold = 300ms (default)
2024-02-27 07:41:15,602 [omNode-2-groupManagement] INFO  server.RaftServer$Division (ServerState.java:<init>(113)) - omNode-2@group-523986131536: ConfigurationManager, init=-1: peers:[omNode-3|localhost:15015, omNode-1|localhost:15007, omNode-2|localhost:15011]|listeners:[], old=null, confs=<EMPTY_MAP>
2024-02-27 07:41:15,602 [omNode-2-groupManagement] INFO  server.RaftServerConfigKeys (ConfUtils.java:logGet(46)) - raft.server.notification.no-leader.timeout = 2s (custom)
2024-02-27 07:41:15,602 [omNode-2-groupManagement] INFO  server.RaftServerConfigKeys (ConfUtils.java:logGet(46)) - raft.server.read.timeout = 10s (default)
2024-02-27 07:41:15,602 [omNode-2-groupManagement] INFO  server.RaftServerConfigKeys (ConfUtils.java:logGet(46)) - raft.server.retrycache.expirytime = 30000ms (custom)
2024-02-27 07:41:15,602 [omNode-2-groupManagement] INFO  server.RaftServerConfigKeys (ConfUtils.java:logGet(46)) - raft.server.retrycache.statistics.expirytime = 100ms (default)
2024-02-27 07:41:15,602 [omNode-2-groupManagement] INFO  server.RaftServerConfigKeys (ConfUtils.java:logGet(46)) - raft.server.read.option = DEFAULT (default)
2024-02-27 07:41:15,602 [omNode-2-groupManagement] INFO  server.RaftServerConfigKeys (ConfUtils.java:logGet(46)) - raft.server.read.read-after-write-consistent.write-index-cache.expiry-time = 60s (default)
2024-02-27 07:41:15,603 [omNode-2-groupManagement] INFO  server.RaftServerConfigKeys (ConfUtils.java:logGet(46)) - raft.server.rpc.request.timeout = 3000ms (default)
2024-02-27 07:41:15,603 [omNode-2-groupManagement] INFO  server.RaftServerConfigKeys (ConfUtils.java:logGet(46)) - raft.server.log.appender.install.snapshot.enabled = false (custom)
2024-02-27 07:41:15,603 [omNode-2-groupManagement] INFO  server.RaftServerConfigKeys (ConfUtils.java:logGet(46)) - raft.server.threadpool.server.cached = true (default)
2024-02-27 07:41:15,603 [omNode-2-groupManagement] INFO  server.RaftServerConfigKeys (ConfUtils.java:logGet(46)) - raft.server.threadpool.server.size = 0 (default)
2024-02-27 07:41:15,603 [omNode-2-groupManagement] INFO  server.RaftServerConfigKeys (ConfUtils.java:logGet(46)) - raft.server.threadpool.client.cached = true (default)
2024-02-27 07:41:15,603 [omNode-2-groupManagement] INFO  server.RaftServerConfigKeys (ConfUtils.java:logGet(46)) - raft.server.threadpool.client.size = 0 (default)
2024-02-27 07:41:15,604 [omNode-2-impl-thread1] INFO  server.RaftServerConfigKeys (ConfUtils.java:logGet(46)) - raft.server.storage.free-space.min = 0MB (=0) (default)
2024-02-27 07:41:15,604 [omNode-2-impl-thread1] INFO  server.RaftServerConfigKeys (ConfUtils.java:logGet(46)) - raft.server.log.corruption.policy = EXCEPTION (default)
2024-02-27 07:41:15,604 [omNode-2-impl-thread1] INFO  server.RaftServerConfigKeys (ConfUtils.java:logGet(46)) - raft.server.storage.dir = [/home/runner/work/ozone/ozone/hadoop-ozone/integration-test/target/test-dir/MiniOzoneClusterImpl-f695ba1d-1ecd-4b03-8cd1-942510778b28/omNode-2/ratis] (custom)
2024-02-27 07:41:15,605 [omNode-2-impl-thread1] INFO  storage.RaftStorageDirectory (RaftStorageDirectoryImpl.java:tryLock(228)) - Lock on /home/runner/work/ozone/ozone/hadoop-ozone/integration-test/target/test-dir/MiniOzoneClusterImpl-f695ba1d-1ecd-4b03-8cd1-942510778b28/omNode-2/ratis/c9bc4cf4-3bc3-3c60-a66b-523986131536/in_use.lock acquired by nodename 40924@fv-az699-61
2024-02-27 07:41:15,605 [omNode-2-impl-thread1] INFO  storage.RaftStorage (RaftStorageImpl.java:analyzeAndRecoverStorage(119)) - Read RaftStorageMetadata{term=2, votedFor=omNode-3} from /home/runner/work/ozone/ozone/hadoop-ozone/integration-test/target/test-dir/MiniOzoneClusterImpl-f695ba1d-1ecd-4b03-8cd1-942510778b28/omNode-2/ratis/c9bc4cf4-3bc3-3c60-a66b-523986131536/current/raft-meta
2024-02-27 07:41:15,606 [omNode-2-impl-thread1] INFO  server.RaftServer$Division (ServerState.java:setRaftConf(386)) - omNode-2@group-523986131536: set configuration 20: peers:[omNode-3|localhost:15015, omNode-1|localhost:15007, omNode-2|localhost:15011]|listeners:[], old=null
2024-02-27 07:41:15,607 [omNode-2-impl-thread1] INFO  server.RaftServerConfigKeys (ConfUtils.java:logGet(46)) - raft.server.log.use.memory = false (default)
2024-02-27 07:41:15,607 [omNode-2-impl-thread1] INFO  server.RaftServerConfigKeys (ConfUtils.java:logGet(46)) - raft.server.log.purge.gap = 50 (custom)
2024-02-27 07:41:15,607 [omNode-2-impl-thread1] INFO  server.RaftServerConfigKeys (ConfUtils.java:logGet(46)) - raft.server.log.appender.buffer.byte-limit = 4194304 (custom)
2024-02-27 07:41:15,607 [omNode-2-impl-thread1] INFO  server.RaftServerConfigKeys (ConfUtils.java:logGet(46)) - raft.server.log.statemachine.data.read.timeout = 1000ms (default)
2024-02-27 07:41:15,607 [omNode-2-impl-thread1] INFO  server.RaftServerConfigKeys (ConfUtils.java:logGet(46)) - raft.server.log.purge.preservation.log.num = 0 (default)
2024-02-27 07:41:15,608 [omNode-2-impl-thread1] INFO  server.RaftServerConfigKeys (ConfUtils.java:logGet(46)) - raft.server.log.segment.size.max = 4194304 (custom)
2024-02-27 07:41:15,608 [omNode-2-impl-thread1] INFO  server.RaftServerConfigKeys (ConfUtils.java:logGet(46)) - raft.server.log.segment.cache.num.max = 2 (custom)
2024-02-27 07:41:15,608 [omNode-2-impl-thread1] INFO  server.RaftServerConfigKeys (ConfUtils.java:logGet(46)) - raft.server.log.segment.cache.size.max = 200MB (=209715200) (default)
2024-02-27 07:41:15,609 [omNode-2-impl-thread1] INFO  server.RaftServerConfigKeys (ConfUtils.java:logGet(46)) - raft.server.log.appender.buffer.byte-limit = 4194304 (custom)
2024-02-27 07:41:15,613 [omNode-2-impl-thread1] INFO  util.AwaitToRun (AwaitToRun.java:start(81)) - Thread[omNode-2@group-523986131536-cacheEviction-AwaitToRun,5,main] started
2024-02-27 07:41:15,613 [omNode-2-impl-thread1] INFO  segmented.SegmentedRaftLogWorker (SegmentedRaftLogWorker.java:<init>(182)) - new omNode-2@group-523986131536-SegmentedRaftLogWorker for RaftStorageImpl:Storage Directory /home/runner/work/ozone/ozone/hadoop-ozone/integration-test/target/test-dir/MiniOzoneClusterImpl-f695ba1d-1ecd-4b03-8cd1-942510778b28/omNode-2/ratis/c9bc4cf4-3bc3-3c60-a66b-523986131536
2024-02-27 07:41:15,613 [omNode-2-impl-thread1] INFO  server.RaftServerConfigKeys (ConfUtils.java:logGet(46)) - raft.server.log.queue.byte-limit = 64MB (=67108864) (default)
2024-02-27 07:41:15,613 [omNode-2-impl-thread1] INFO  server.RaftServerConfigKeys (ConfUtils.java:logGet(46)) - raft.server.log.queue.element-limit = 4096 (default)
2024-02-27 07:41:15,613 [omNode-2-impl-thread1] INFO  server.RaftServerConfigKeys (ConfUtils.java:logGet(46)) - raft.server.log.segment.size.max = 4194304 (custom)
2024-02-27 07:41:15,613 [omNode-2-impl-thread1] INFO  server.RaftServerConfigKeys (ConfUtils.java:logGet(46)) - raft.server.log.preallocated.size = 4194304 (custom)
2024-02-27 07:41:15,613 [omNode-2-impl-thread1] INFO  server.RaftServerConfigKeys (ConfUtils.java:logGet(46)) - raft.server.log.force.sync.num = 128 (default)
2024-02-27 07:41:15,613 [omNode-2-impl-thread1] INFO  server.RaftServerConfigKeys (ConfUtils.java:logGet(46)) - raft.server.log.statemachine.data.sync = true (default)
2024-02-27 07:41:15,613 [omNode-2-impl-thread1] INFO  server.RaftServerConfigKeys (ConfUtils.java:logGet(46)) - raft.server.log.statemachine.data.sync.timeout = 10s (default)
2024-02-27 07:41:15,613 [omNode-2-impl-thread1] INFO  server.RaftServerConfigKeys (ConfUtils.java:logGet(46)) - raft.server.log.statemachine.data.sync.timeout.retry = -1 (default)
2024-02-27 07:41:15,614 [omNode-2-impl-thread1] INFO  server.RaftServerConfigKeys (ConfUtils.java:logGet(46)) - raft.server.log.write.buffer.size = 4194312 (custom)
2024-02-27 07:41:15,615 [omNode-2-impl-thread1] INFO  server.RaftServerConfigKeys (ConfUtils.java:logGet(46)) - raft.server.log.appender.buffer.byte-limit = 4194304 (custom)
2024-02-27 07:41:15,615 [omNode-2-impl-thread1] INFO  server.RaftServerConfigKeys (ConfUtils.java:logGet(46)) - raft.server.log.unsafe-flush.enabled = false (default)
2024-02-27 07:41:15,615 [omNode-2-impl-thread1] INFO  server.RaftServerConfigKeys (ConfUtils.java:logGet(46)) - raft.server.log.async-flush.enabled = false (default)
2024-02-27 07:41:15,615 [omNode-2-impl-thread1] INFO  server.RaftServerConfigKeys (ConfUtils.java:logGet(46)) - raft.server.log.statemachine.data.caching.enabled = false (default)
2024-02-27 07:41:15,615 [omNode-2-impl-thread1] INFO  segmented.SegmentedRaftLogWorker (SegmentedRaftLogWorker.java:lambda$new$0(134)) - omNode-2@group-523986131536-SegmentedRaftLogWorker: flushIndex: setUnconditionally 0 -> 73
2024-02-27 07:41:15,615 [omNode-2-impl-thread1] INFO  segmented.SegmentedRaftLogWorker (SegmentedRaftLogWorker.java:lambda$new$0(134)) - omNode-2@group-523986131536-SegmentedRaftLogWorker: safeCacheEvictIndex: setUnconditionally 0 -> -1
2024-02-27 07:41:15,617 [omNode-2-impl-thread1] INFO  server.RaftServer$Division (RaftServerImpl.java:start(396)) - omNode-2@group-523986131536: start as a follower, conf=20: peers:[omNode-3|localhost:15015, omNode-1|localhost:15007, omNode-2|localhost:15011]|listeners:[], old=null
2024-02-27 07:41:15,617 [omNode-2-impl-thread1] INFO  server.RaftServer$Division (RaftServerImpl.java:setRole(383)) - omNode-2@group-523986131536: changes role from      null to FOLLOWER at term 2 for startAsFollower
2024-02-27 07:41:15,617 [omNode-2-impl-thread1] INFO  impl.RoleInfo (RoleInfo.java:updateAndGet(139)) - omNode-2: start omNode-2@group-523986131536-FollowerState
2024-02-27 07:41:15,617 [omNode-2-impl-thread1] INFO  util.JmxRegister (JmxRegister.java:tryRegister(44)) - Successfully registered JMX Bean with object name Ratis:service=RaftServer,group=group-523986131536,id=omNode-2
2024-02-27 07:41:15,617 [omNode-2@group-523986131536-FollowerState] INFO  server.RaftServerConfigKeys (ConfUtils.java:logFallback(53)) - raft.server.rpc.first-election.timeout.min = 1s (fallback to raft.server.rpc.timeout.min)
2024-02-27 07:41:15,617 [omNode-2-impl-thread1] INFO  server.RaftServerConfigKeys (ConfUtils.java:logGet(46)) - raft.server.snapshot.trigger-when-stop.enabled = true (default)
2024-02-27 07:41:15,617 [omNode-2@group-523986131536-FollowerState] INFO  server.RaftServerConfigKeys (ConfUtils.java:logFallback(53)) - raft.server.rpc.first-election.timeout.max = 1200ms (fallback to raft.server.rpc.timeout.max)
2024-02-27 07:41:15,617 [omNode-2-impl-thread1] INFO  server.RaftServerConfigKeys (ConfUtils.java:logGet(46)) - raft.server.snapshot.auto.trigger.enabled = true (custom)
2024-02-27 07:41:15,618 [omNode-2-impl-thread1] INFO  server.RaftServerConfigKeys (ConfUtils.java:logGet(46)) - raft.server.snapshot.auto.trigger.threshold = 50 (custom)
2024-02-27 07:41:15,618 [omNode-2-impl-thread1] INFO  server.RaftServerConfigKeys (ConfUtils.java:logGet(46)) - raft.server.snapshot.retention.file.num = -1 (default)
2024-02-27 07:41:15,618 [omNode-2-impl-thread1] INFO  server.RaftServerConfigKeys (ConfUtils.java:logGet(46)) - raft.server.log.purge.upto.snapshot.index = true (custom)
2024-02-27 07:41:15,618 [main] INFO  server.RaftServer (RaftServerProxy.java:startImpl(406)) - omNode-2: start RPC server
2024-02-27 07:41:15,619 [main] INFO  server.GrpcService (GrpcService.java:startImpl(302)) - omNode-2: GrpcService started, listening on 15011
2024-02-27 07:41:15,620 [main] INFO  om.OzoneManager (OzoneManager.java:getRpcServer(1206)) - Creating RPC Server
2024-02-27 07:41:15,620 [JvmPauseMonitor12] INFO  util.JvmPauseMonitor (JvmPauseMonitor.java:run(146)) - JvmPauseMonitor-omNode-2: Started
2024-02-27 07:41:15,823 [main] INFO  ipc.CallQueueManager (CallQueueManager.java:<init>(90)) - Using callQueue: class java.util.concurrent.LinkedBlockingQueue, queueCapacity: 2000, scheduler: class org.apache.hadoop.ipc.DefaultRpcScheduler, ipcBackoff: false.
2024-02-27 07:41:15,824 [main] INFO  ipc.Server (Server.java:<init>(1287)) - Listener at localhost:15008
2024-02-27 07:41:15,824 [Socket Reader #1 for port 15008] INFO  ipc.Server (Server.java:run(1323)) - Starting Socket Reader #1 for port 15008
2024-02-27 07:41:15,827 [main] INFO  http.BaseHttpServer (BaseHttpServer.java:newHttpServer2BuilderForOzone(223)) - Starting Web-server for ozoneManager at: http://0.0.0.0:15009
2024-02-27 07:41:15,827 [main] INFO  http.BaseHttpServer (BaseHttpServer.java:<init>(110)) - Hadoop Security Enabled: false Ozone Security Enabled: false Ozone HTTP Security Enabled: false 
2024-02-27 07:41:15,828 [main] WARN  server.AuthenticationFilter (AuthenticationFilter.java:constructSecretProvider(240)) - Unable to initialize FileSignerSecretProvider, falling back to use random secrets. Reason: Could not read signature secret file: /home/runner/hadoop-http-auth-signature-secret
2024-02-27 07:41:15,829 [main] INFO  http.HttpRequestLog (HttpRequestLog.java:getRequestLog(86)) - Http request log for http.requests.ozoneManager is not defined
2024-02-27 07:41:15,830 [main] INFO  http.HttpServer2 (HttpServer2.java:addGlobalFilter(1036)) - Added global filter 'safety' (class=org.apache.hadoop.hdds.server.http.HttpServer2$QuotingInputFilter)
2024-02-27 07:41:15,831 [main] INFO  http.HttpServer2 (HttpServer2.java:addFilter(1012)) - Added filter static_user_filter (class=org.apache.hadoop.http.lib.StaticUserWebFilter$StaticUserFilter) to context ozoneManager
2024-02-27 07:41:15,831 [main] INFO  http.HttpServer2 (HttpServer2.java:addFilter(1020)) - Added filter static_user_filter (class=org.apache.hadoop.http.lib.StaticUserWebFilter$StaticUserFilter) to context logs
2024-02-27 07:41:15,831 [main] INFO  http.HttpServer2 (HttpServer2.java:addFilter(1020)) - Added filter static_user_filter (class=org.apache.hadoop.http.lib.StaticUserWebFilter$StaticUserFilter) to context static
2024-02-27 07:41:15,832 [main] INFO  http.BaseHttpServer (BaseHttpServer.java:<init>(189)) - HTTP server of ozoneManager uses base directory /home/runner/work/ozone/ozone/hadoop-ozone/integration-test/target/test-dir/MiniOzoneClusterImpl-f695ba1d-1ecd-4b03-8cd1-942510778b28/omNode-2/webserver
2024-02-27 07:41:15,832 [main] INFO  http.HttpServer2 (HttpServer2.java:bindListener(1236)) - Jetty bound to port 15009
2024-02-27 07:41:15,832 [main] INFO  server.Server (Server.java:doStart(375)) - jetty-9.4.53.v20231009; built: 2023-10-09T12:29:09.265Z; git: 27bde00a0b95a1d5bbee0eae7984f891d2d0f8c9; jvm 1.8.0_402-b06
2024-02-27 07:41:15,844 [main] INFO  server.session (DefaultSessionIdManager.java:doStart(334)) - DefaultSessionIdManager workerName=node0
2024-02-27 07:41:15,844 [main] INFO  server.session (DefaultSessionIdManager.java:doStart(339)) - No SessionScavenger set, using defaults
2024-02-27 07:41:15,844 [main] INFO  server.session (HouseKeeper.java:startScavenging(132)) - node0 Scavenging every 660000ms
2024-02-27 07:41:15,845 [main] INFO  handler.ContextHandler (ContextHandler.java:doStart(921)) - Started o.e.j.s.ServletContextHandler@12c4bb2a{logs,/logs,file:///home/runner/work/ozone/ozone/hadoop-ozone/integration-test/target/log,AVAILABLE}
2024-02-27 07:41:15,845 [main] INFO  handler.ContextHandler (ContextHandler.java:doStart(921)) - Started o.e.j.s.ServletContextHandler@4e4bf305{static,/static,file:///home/runner/work/ozone/ozone/hadoop-ozone/integration-test/target/test-classes/webapps/static,AVAILABLE}
2024-02-27 07:41:15,852 [main] INFO  handler.ContextHandler (ContextHandler.java:doStart(921)) - Started o.e.j.w.WebAppContext@564b1227{ozoneManager,/,file:///home/runner/work/ozone/ozone/hadoop-ozone/integration-test/target/test-classes/webapps/ozoneManager/,AVAILABLE}{file:/home/runner/work/ozone/ozone/hadoop-ozone/integration-test/target/test-classes/webapps/ozoneManager}
2024-02-27 07:41:15,855 [main] INFO  server.AbstractConnector (AbstractConnector.java:doStart(333)) - Started ServerConnector@79625fa{HTTP/1.1, (http/1.1)}{0.0.0.0:15009}
2024-02-27 07:41:15,855 [main] INFO  server.Server (Server.java:doStart(415)) - Started @158563ms
2024-02-27 07:41:15,855 [main] WARN  impl.MetricsSystemImpl (MetricsSystemImpl.java:register(279)) - Sink prometheus already exists!
2024-02-27 07:41:15,856 [main] INFO  http.BaseHttpServer (BaseHttpServer.java:updateConnectorAddress(354)) - HTTP server of ozoneManager listening at http://0.0.0.0:15009
2024-02-27 07:41:15,857 [IPC Server listener on 15008] INFO  ipc.Server (Server.java:run(1402)) - IPC Server listener on 15008: starting
2024-02-27 07:41:15,857 [IPC Server Responder] INFO  ipc.Server (Server.java:run(1562)) - IPC Server Responder: starting
2024-02-27 07:41:15,863 [main] INFO  om.OzoneManager (OzoneManager.java:startTrashEmptier(2093)) - Trash Interval set to 0. Files deleted won't move to trash
]]></system-out>
    <rerunError type="java.util.concurrent.TimeoutException">
      <stackTrace><![CDATA[java.util.concurrent.TimeoutException: timeout: after 120000 millis
	at org.apache.ozone.test.LambdaTestUtils$GenerateTimeout.evaluate(LambdaTestUtils.java:290)
	at org.apache.ozone.test.LambdaTestUtils.await(LambdaTestUtils.java:142)
	at org.apache.ozone.test.LambdaTestUtils.await(LambdaTestUtils.java:180)
	at org.apache.hadoop.ozone.om.TestOzoneManagerPrepare.assertClusterPrepared(TestOzoneManagerPrepare.java:465)
	at org.apache.hadoop.ozone.om.TestOzoneManagerPrepare.assertClusterPrepared(TestOzoneManagerPrepare.java:455)
	at org.apache.hadoop.ozone.om.TestOzoneManagerPrepare.testCancelPrepare(TestOzoneManagerPrepare.java:317)
	at java.lang.reflect.Method.invoke(Method.java:498)
	at java.util.ArrayList.forEach(ArrayList.java:1259)
	at java.util.ArrayList.forEach(ArrayList.java:1259)
]]></stackTrace>
      <system-out><![CDATA[2024-02-27 07:42:24,100 [main] WARN  server.ServerUtils (ServerUtils.java:getScmDbDir(143)) - ozone.scm.db.dirs is not configured. We recommend adding this setting. Falling back to ozone.metadata.dirs instead.
2024-02-27 07:42:24,103 [main] WARN  server.ServerUtils (ServerUtils.java:getScmDbDir(143)) - ozone.scm.db.dirs is not configured. We recommend adding this setting. Falling back to ozone.metadata.dirs instead.
2024-02-27 07:42:24,103 [main] INFO  ha.SCMHANodeDetails (SCMHANodeDetails.java:loadSCMHAConfig(207)) - ServiceID for StorageContainerManager is null
2024-02-27 07:42:24,103 [main] INFO  ha.SCMHANodeDetails (SCMHANodeDetails.java:loadSCMHAConfig(212)) - ozone.scm.default.service.id is not defined, falling back to ozone.scm.service.ids to find serviceID for StorageContainerManager if it is HA enabled cluster
2024-02-27 07:42:24,104 [main] WARN  utils.HAUtils (HAUtils.java:getMetaDir(339)) - ozone.scm.db.dirs is not configured. We recommend adding this setting. Falling back to ozone.metadata.dirs instead.
2024-02-27 07:42:24,104 [main] WARN  db.DBStoreBuilder (DBStoreBuilder.java:applyDBDefinition(171)) - ozone.scm.db.dirs is not configured. We recommend adding this setting. Falling back to ozone.metadata.dirs instead.
2024-02-27 07:42:24,177 [main] INFO  net.NodeSchemaLoader (NodeSchemaLoader.java:loadSchemaFromFile(129)) - Loading schema from [jar:file:/home/runner/.m2/repository/org/apache/ozone/hdds-common/1.5.0-SNAPSHOT/hdds-common-1.5.0-SNAPSHOT.jar!/network-topology-default.xml]
2024-02-27 07:42:24,177 [main] INFO  net.NodeSchemaLoader (NodeSchemaLoader.java:loadSchema(176)) - Loading network topology layer schema file
2024-02-27 07:42:24,180 [main] INFO  upgrade.AbstractLayoutVersionManager (AbstractLayoutVersionManager.java:init(83)) - Initializing Layout version manager with metadata layout = HADOOP_PRC_PORTS_IN_DATANODEDETAILS (version = 7), software layout = HADOOP_PRC_PORTS_IN_DATANODEDETAILS (version = 7)
2024-02-27 07:42:24,181 [main] INFO  ha.SequenceIdGenerator (SequenceIdGenerator.java:upgradeToSequenceId(370)) - upgrade localId to 113750153625600000
2024-02-27 07:42:24,182 [main] INFO  ha.SequenceIdGenerator (SequenceIdGenerator.java:upgradeToSequenceId(380)) - upgrade delTxnId to 0
2024-02-27 07:42:24,182 [main] INFO  ha.SequenceIdGenerator (SequenceIdGenerator.java:upgradeToSequenceId(397)) - upgrade containerId to 0
2024-02-27 07:42:24,183 [main] INFO  ha.SequenceIdGenerator (SequenceIdGenerator.java:upgradeToCertificateSequenceId(444)) - upgrade CertificateId to 2
2024-02-27 07:42:24,183 [main] INFO  ha.SequenceIdGenerator (SequenceIdGenerator.java:<init>(241)) - Init the HA SequenceIdGenerator.
2024-02-27 07:42:24,184 [main] WARN  server.ServerUtils (ServerUtils.java:sanitizeUserArgs(79)) - ozone.scm.stale.node.interval value = 300000 is larger than max = 100000 based on the key value of ozone.scm.heartbeat.thread.interval, reset to the max value 100000.
2024-02-27 07:42:24,184 [main] WARN  server.ServerUtils (ServerUtils.java:sanitizeUserArgs(79)) - ozone.scm.stale.node.interval value = 300000 is larger than max = 100000 based on the key value of ozone.scm.heartbeat.thread.interval, reset to the max value 100000.
2024-02-27 07:42:24,184 [main] INFO  node.SCMNodeManager (SCMNodeManager.java:<init>(177)) - Entering startup safe mode.
2024-02-27 07:42:24,184 [main] INFO  algorithms.ContainerPlacementPolicyFactory (ContainerPlacementPolicyFactory.java:getPolicyInternal(86)) - Create container placement policy of type org.apache.hadoop.hdds.scm.container.placement.algorithms.SCMContainerPlacementRackAware
2024-02-27 07:42:24,184 [main] INFO  algorithms.ContainerPlacementPolicyFactory (ContainerPlacementPolicyFactory.java:getPolicyInternal(86)) - Create container placement policy of type org.apache.hadoop.hdds.scm.container.placement.algorithms.SCMContainerPlacementRackScatter
2024-02-27 07:42:24,185 [main] INFO  pipeline.PipelineStateManagerImpl (PipelineStateManagerImpl.java:initialize(78)) - No pipeline exists in current db
2024-02-27 07:42:24,185 [main] INFO  algorithms.LeaderChoosePolicyFactory (LeaderChoosePolicyFactory.java:getPolicy(57)) - Create leader choose policy of type org.apache.hadoop.hdds.scm.pipeline.leader.choose.algorithms.MinLeaderCountChoosePolicy
2024-02-27 07:42:24,185 [main] INFO  algorithms.ContainerPlacementPolicyFactory (ContainerPlacementPolicyFactory.java:getPolicyInternal(86)) - Create container placement policy of type org.apache.hadoop.hdds.scm.container.placement.algorithms.SCMContainerPlacementRackScatter
2024-02-27 07:42:24,185 [main] INFO  ha.SCMServiceManager (SCMServiceManager.java:register(42)) - Registering service BackgroundPipelineCreator.
2024-02-27 07:42:24,185 [main] INFO  pipeline.BackgroundPipelineCreator (BackgroundPipelineCreator.java:start(127)) - Starting RatisPipelineUtilsThread.
2024-02-27 07:42:24,186 [main] INFO  BackgroundPipelineScrubber (BackgroundSCMService.java:start(65)) - Starting BackgroundPipelineScrubber Service.
2024-02-27 07:42:24,186 [main] INFO  ha.SCMServiceManager (SCMServiceManager.java:register(42)) - Registering service BackgroundPipelineScrubber.
2024-02-27 07:42:24,186 [main] INFO  ExpiredContainerReplicaOpScrubber (BackgroundSCMService.java:start(65)) - Starting ExpiredContainerReplicaOpScrubber Service.
2024-02-27 07:42:24,186 [main] INFO  ha.SCMServiceManager (SCMServiceManager.java:register(42)) - Registering service ExpiredContainerReplicaOpScrubber.
2024-02-27 07:42:24,187 [main] INFO  algorithms.PipelineChoosePolicyFactory (PipelineChoosePolicyFactory.java:createPipelineChoosePolicyFromClass(80)) - Create pipeline choose policy of type org.apache.hadoop.hdds.scm.pipeline.choose.algorithms.RandomPipelineChoosePolicy
2024-02-27 07:42:24,187 [main] INFO  algorithms.PipelineChoosePolicyFactory (PipelineChoosePolicyFactory.java:createPipelineChoosePolicyFromClass(80)) - Create pipeline choose policy of type org.apache.hadoop.hdds.scm.pipeline.choose.algorithms.RandomPipelineChoosePolicy
2024-02-27 07:42:24,188 [main] INFO  ha.SCMServiceManager (SCMServiceManager.java:register(42)) - Registering service SCMBlockDeletingService.
2024-02-27 07:42:24,188 [main] INFO  replication.ReplicationManager (ReplicationManager.java:start(295)) - Starting Replication Monitor Thread.
2024-02-27 07:42:24,189 [main] INFO  ha.SCMServiceManager (SCMServiceManager.java:register(42)) - Registering service ReplicationManager.
2024-02-27 07:42:24,189 [main] INFO  safemode.ContainerSafeModeRule (ContainerSafeModeRule.java:<init>(91)) - containers with one replica threshold count 0
2024-02-27 07:42:24,189 [main] INFO  safemode.HealthyPipelineSafeModeRule (HealthyPipelineSafeModeRule.java:initializeRule(176)) - Total pipeline count is 0, healthy pipeline threshold count is 1
2024-02-27 07:42:24,189 [main] INFO  safemode.OneReplicaPipelineSafeModeRule (OneReplicaPipelineSafeModeRule.java:initializeRule(193)) - Total pipeline count is 0, pipeline's with at least one datanode reported threshold count is 0
2024-02-27 07:42:24,190 [ReplicationMonitor] INFO  replication.ReplicationManager (ReplicationManager.java:processAll(370)) - Replication Manager is not ready to run until 3000ms after safemode exit
2024-02-27 07:42:24,190 [main] INFO  server.StorageContainerManager (StorageContainerManager.java:<init>(440)) - SCM start with adminUsers: [*, runner]
2024-02-27 07:42:24,191 [main] INFO  ipc.CallQueueManager (CallQueueManager.java:<init>(90)) - Using callQueue: class java.util.concurrent.LinkedBlockingQueue, queueCapacity: 10000, scheduler: class org.apache.hadoop.ipc.DefaultRpcScheduler, ipcBackoff: false.
2024-02-27 07:42:24,191 [main] INFO  ipc.Server (Server.java:<init>(1287)) - Listener at 0.0.0.0:15088
2024-02-27 07:42:24,191 [Socket Reader #1 for port 15088] INFO  ipc.Server (Server.java:run(1323)) - Starting Socket Reader #1 for port 15088
2024-02-27 07:42:24,192 [main] INFO  ipc.CallQueueManager (CallQueueManager.java:<init>(90)) - Using callQueue: class java.util.concurrent.LinkedBlockingQueue, queueCapacity: 10000, scheduler: class org.apache.hadoop.ipc.DefaultRpcScheduler, ipcBackoff: false.
2024-02-27 07:42:24,193 [main] INFO  ipc.Server (Server.java:<init>(1287)) - Listener at 0.0.0.0:15087
2024-02-27 07:42:24,193 [Socket Reader #1 for port 15087] INFO  ipc.Server (Server.java:run(1323)) - Starting Socket Reader #1 for port 15087
2024-02-27 07:42:24,194 [main] INFO  ipc.CallQueueManager (CallQueueManager.java:<init>(90)) - Using callQueue: class java.util.concurrent.LinkedBlockingQueue, queueCapacity: 10000, scheduler: class org.apache.hadoop.ipc.DefaultRpcScheduler, ipcBackoff: false.
2024-02-27 07:42:24,194 [main] INFO  ipc.Server (Server.java:<init>(1287)) - Listener at 0.0.0.0:15086
2024-02-27 07:42:24,195 [Socket Reader #1 for port 15086] INFO  ipc.Server (Server.java:run(1323)) - Starting Socket Reader #1 for port 15086
2024-02-27 07:42:24,197 [main] INFO  ha.SCMServiceManager (SCMServiceManager.java:register(42)) - Registering service ContainerBalancer.
2024-02-27 07:42:24,197 [main] INFO  ha.SCMContext (SCMContext.java:updateSafeModeStatus(225)) - Update SafeModeStatus from SafeModeStatus{safeModeStatus=true, preCheckPassed=false} to SafeModeStatus{safeModeStatus=true, preCheckPassed=false}.
2024-02-27 07:42:24,197 [main] INFO  server.StorageContainerManager (StorageContainerManager.java:start(1545)) - StorageContainerLocationProtocol RPC server is listening at /0.0.0.0:15086
2024-02-27 07:42:24,198 [main] WARN  impl.MetricsConfig (MetricsConfig.java:loadFirst(136)) - Cannot locate configuration: tried hadoop-metrics2-storagecontainermanager.properties,hadoop-metrics2.properties
2024-02-27 07:42:24,199 [main] INFO  impl.MetricsSystemImpl (MetricsSystemImpl.java:startTimer(378)) - Scheduled Metric snapshot period at 10 second(s).
2024-02-27 07:42:24,199 [main] INFO  impl.MetricsSystemImpl (MetricsSystemImpl.java:start(191)) - StorageContainerManager metrics system started
2024-02-27 07:42:24,206 [main] INFO  impl.MetricsSinkAdapter (MetricsSinkAdapter.java:start(204)) - Sink prometheus started
2024-02-27 07:42:24,206 [main] INFO  impl.MetricsSystemImpl (MetricsSystemImpl.java:registerSink(305)) - Registered sink prometheus
2024-02-27 07:42:24,217 [main] INFO  server.SCMClientProtocolServer (SCMClientProtocolServer.java:start(204)) - RPC server for Client  is listening at /0.0.0.0:15086
2024-02-27 07:42:24,217 [IPC Server Responder] INFO  ipc.Server (Server.java:run(1562)) - IPC Server Responder: starting
2024-02-27 07:42:24,217 [IPC Server listener on 15086] INFO  ipc.Server (Server.java:run(1402)) - IPC Server listener on 15086: starting
2024-02-27 07:42:24,223 [main] INFO  server.StorageContainerManager (StorageContainerManager.java:start(1558)) - ScmBlockLocationProtocol RPC server is listening at /0.0.0.0:15087
2024-02-27 07:42:24,223 [main] INFO  server.SCMBlockProtocolServer (SCMBlockProtocolServer.java:start(160)) - RPC server for Block Protocol is listening at /0.0.0.0:15087
2024-02-27 07:42:24,224 [IPC Server Responder] INFO  ipc.Server (Server.java:run(1562)) - IPC Server Responder: starting
2024-02-27 07:42:24,224 [IPC Server listener on 15087] INFO  ipc.Server (Server.java:run(1402)) - IPC Server listener on 15087: starting
2024-02-27 07:42:24,231 [main] INFO  server.SCMDatanodeProtocolServer (SCMDatanodeProtocolServer.java:start(194)) - ScmDatanodeProtocol RPC server for DataNodes is listening at /0.0.0.0:15088
2024-02-27 07:42:24,232 [IPC Server Responder] INFO  ipc.Server (Server.java:run(1562)) - IPC Server Responder: starting
2024-02-27 07:42:24,232 [IPC Server listener on 15088] INFO  ipc.Server (Server.java:run(1402)) - IPC Server listener on 15088: starting
2024-02-27 07:42:24,240 [JvmPauseMonitor29] INFO  util.JvmPauseMonitor (JvmPauseMonitor.java:run(146)) - JvmPauseMonitor-bf379422-60e9-4e5e-8f4f-3f7ce6ddcbcf: Started
2024-02-27 07:42:24,240 [main] INFO  http.BaseHttpServer (BaseHttpServer.java:newHttpServer2BuilderForOzone(223)) - Starting Web-server for scm at: http://0.0.0.0:15089
2024-02-27 07:42:24,241 [main] INFO  http.BaseHttpServer (BaseHttpServer.java:<init>(110)) - Hadoop Security Enabled: false Ozone Security Enabled: false Ozone HTTP Security Enabled: false 
2024-02-27 07:42:24,242 [main] WARN  server.AuthenticationFilter (AuthenticationFilter.java:constructSecretProvider(240)) - Unable to initialize FileSignerSecretProvider, falling back to use random secrets. Reason: Could not read signature secret file: /home/runner/hadoop-http-auth-signature-secret
2024-02-27 07:42:24,243 [main] INFO  http.HttpRequestLog (HttpRequestLog.java:getRequestLog(86)) - Http request log for http.requests.scm is not defined
2024-02-27 07:42:24,245 [main] INFO  http.HttpServer2 (HttpServer2.java:addGlobalFilter(1036)) - Added global filter 'safety' (class=org.apache.hadoop.hdds.server.http.HttpServer2$QuotingInputFilter)
2024-02-27 07:42:24,245 [main] INFO  http.HttpServer2 (HttpServer2.java:addFilter(1012)) - Added filter static_user_filter (class=org.apache.hadoop.http.lib.StaticUserWebFilter$StaticUserFilter) to context scm
2024-02-27 07:42:24,246 [main] INFO  http.HttpServer2 (HttpServer2.java:addFilter(1020)) - Added filter static_user_filter (class=org.apache.hadoop.http.lib.StaticUserWebFilter$StaticUserFilter) to context logs
2024-02-27 07:42:24,246 [main] INFO  http.HttpServer2 (HttpServer2.java:addFilter(1020)) - Added filter static_user_filter (class=org.apache.hadoop.http.lib.StaticUserWebFilter$StaticUserFilter) to context static
2024-02-27 07:42:24,247 [main] INFO  http.BaseHttpServer (BaseHttpServer.java:<init>(189)) - HTTP server of scm uses base directory /home/runner/work/ozone/ozone/hadoop-ozone/integration-test/target/test-dir/MiniOzoneClusterImpl-107870c4-38da-4dee-ace8-876b8e06d1b5/ozone-meta/webserver
2024-02-27 07:42:24,248 [main] INFO  http.HttpServer2 (HttpServer2.java:bindListener(1236)) - Jetty bound to port 15089
2024-02-27 07:42:24,248 [main] INFO  server.Server (Server.java:doStart(375)) - jetty-9.4.53.v20231009; built: 2023-10-09T12:29:09.265Z; git: 27bde00a0b95a1d5bbee0eae7984f891d2d0f8c9; jvm 1.8.0_402-b06
2024-02-27 07:42:24,253 [main] INFO  server.session (DefaultSessionIdManager.java:doStart(334)) - DefaultSessionIdManager workerName=node0
2024-02-27 07:42:24,253 [main] INFO  server.session (DefaultSessionIdManager.java:doStart(339)) - No SessionScavenger set, using defaults
2024-02-27 07:42:24,254 [main] INFO  server.session (HouseKeeper.java:startScavenging(132)) - node0 Scavenging every 600000ms
2024-02-27 07:42:24,254 [main] INFO  handler.ContextHandler (ContextHandler.java:doStart(921)) - Started o.e.j.s.ServletContextHandler@3e2e5d9e{logs,/logs,file:///home/runner/work/ozone/ozone/hadoop-ozone/integration-test/target/log,AVAILABLE}
2024-02-27 07:42:24,255 [main] INFO  handler.ContextHandler (ContextHandler.java:doStart(921)) - Started o.e.j.s.ServletContextHandler@b1d9567{static,/static,file:///home/runner/work/ozone/ozone/hadoop-ozone/integration-test/target/test-classes/webapps/static,AVAILABLE}
2024-02-27 07:42:24,257 [main] INFO  handler.ContextHandler (ContextHandler.java:doStart(921)) - Started o.e.j.w.WebAppContext@2d4df0cf{scm,/,file:///home/runner/work/ozone/ozone/hadoop-ozone/integration-test/target/test-classes/webapps/scm/,AVAILABLE}{file:/home/runner/work/ozone/ozone/hadoop-ozone/integration-test/target/test-classes/webapps/scm}
2024-02-27 07:42:24,262 [main] INFO  server.AbstractConnector (AbstractConnector.java:doStart(333)) - Started ServerConnector@2b4cf5ac{HTTP/1.1, (http/1.1)}{0.0.0.0:15089}
2024-02-27 07:42:24,262 [main] INFO  server.Server (Server.java:doStart(415)) - Started @226970ms
2024-02-27 07:42:24,263 [main] WARN  impl.MetricsSystemImpl (MetricsSystemImpl.java:register(279)) - Sink prometheus already exists!
2024-02-27 07:42:24,263 [main] INFO  http.BaseHttpServer (BaseHttpServer.java:updateConnectorAddress(354)) - HTTP server of scm listening at http://0.0.0.0:15089
2024-02-27 07:42:24,264 [main] INFO  ha.OMHANodeDetails (OMHANodeDetails.java:loadOMHAConfig(121)) - ServiceID for OzoneManager is om-service-test1
2024-02-27 07:42:24,265 [main] INFO  ha.OMHANodeDetails (OMHANodeDetails.java:loadOMHAConfig(201)) - Found matching OM address with OMServiceId: om-service-test1, OMNodeId: omNode-1, RPC Address: localhost:15090 and Ratis port: 15093
2024-02-27 07:42:24,265 [main] INFO  ha.OMHANodeDetails (ConfUtils.java:setNodeSpecificConfigs(97)) - Setting configuration key ozone.om.http-address with value of key ozone.om.http-address.om-service-test1.omNode-1: 127.0.0.1:15091
2024-02-27 07:42:24,266 [main] INFO  ha.OMHANodeDetails (ConfUtils.java:setNodeSpecificConfigs(97)) - Setting configuration key ozone.om.https-address with value of key ozone.om.https-address.om-service-test1.omNode-1: 127.0.0.1:15092
2024-02-27 07:42:24,266 [main] INFO  ha.OMHANodeDetails (ConfUtils.java:setNodeSpecificConfigs(97)) - Setting configuration key ozone.om.address with value of key ozone.om.address.om-service-test1.omNode-1: 127.0.0.1:15090
2024-02-27 07:42:24,266 [main] WARN  server.ServerUtils (ServerUtils.java:getDBPath(299)) - ozone.om.db.dirs is not configured. We recommend adding this setting. Falling back to ozone.metadata.dirs instead.
2024-02-27 07:42:24,268 [main] INFO  proxy.SCMBlockLocationFailoverProxyProvider (SCMBlockLocationFailoverProxyProvider.java:<init>(115)) - Created block location fail-over proxy with 1 nodes: [nodeId=scmNodeId,nodeAddress=/0.0.0.0:15087]
OM initialization succeeded.Current cluster id for sd=/home/runner/work/ozone/ozone/hadoop-ozone/integration-test/target/test-dir/MiniOzoneClusterImpl-107870c4-38da-4dee-ace8-876b8e06d1b5/omNode-1/om;cid=107870c4-38da-4dee-ace8-876b8e06d1b5;layoutVersion=6
2024-02-27 07:42:24,274 [main] INFO  ha.OMHANodeDetails (OMHANodeDetails.java:loadOMHAConfig(121)) - ServiceID for OzoneManager is om-service-test1
2024-02-27 07:42:24,274 [main] INFO  ha.OMHANodeDetails (OMHANodeDetails.java:loadOMHAConfig(201)) - Found matching OM address with OMServiceId: om-service-test1, OMNodeId: omNode-1, RPC Address: localhost:15090 and Ratis port: 15093
2024-02-27 07:42:24,274 [main] INFO  ha.OMHANodeDetails (ConfUtils.java:setNodeSpecificConfigs(97)) - Setting configuration key ozone.om.http-address with value of key ozone.om.http-address.om-service-test1.omNode-1: 127.0.0.1:15091
2024-02-27 07:42:24,275 [main] INFO  ha.OMHANodeDetails (ConfUtils.java:setNodeSpecificConfigs(97)) - Setting configuration key ozone.om.https-address with value of key ozone.om.https-address.om-service-test1.omNode-1: 127.0.0.1:15092
2024-02-27 07:42:24,275 [main] INFO  ha.OMHANodeDetails (ConfUtils.java:setNodeSpecificConfigs(97)) - Setting configuration key ozone.om.address with value of key ozone.om.address.om-service-test1.omNode-1: 127.0.0.1:15090
2024-02-27 07:42:24,275 [main] WARN  server.ServerUtils (ServerUtils.java:getDBPath(299)) - ozone.om.db.dirs is not configured. We recommend adding this setting. Falling back to ozone.metadata.dirs instead.
2024-02-27 07:42:24,276 [main] INFO  upgrade.AbstractLayoutVersionManager (AbstractLayoutVersionManager.java:init(83)) - Initializing Layout version manager with metadata layout = QUOTA (version = 6), software layout = QUOTA (version = 6)
2024-02-27 07:42:24,308 [main] INFO  upgrade.OMLayoutVersionManager (OMLayoutVersionManager.java:lambda$0(113)) - Skipping Upgrade Action QuotaRepairUpgradeAction since it has been finalized.
2024-02-27 07:42:24,309 [main] INFO  upgrade.OMLayoutVersionManager (OMLayoutVersionManager.java:lambda$0(113)) - Skipping Upgrade Action MockOmUpgradeAction since it has been finalized.
2024-02-27 07:42:24,309 [main] WARN  server.ServerUtils (ServerUtils.java:getDBPath(299)) - ozone.om.db.dirs is not configured. We recommend adding this setting. Falling back to ozone.metadata.dirs instead.
2024-02-27 07:42:24,310 [main] INFO  proxy.SCMBlockLocationFailoverProxyProvider (SCMBlockLocationFailoverProxyProvider.java:<init>(115)) - Created block location fail-over proxy with 1 nodes: [nodeId=scmNodeId,nodeAddress=/0.0.0.0:15087]
2024-02-27 07:42:24,311 [main] INFO  proxy.SCMBlockLocationFailoverProxyProvider (SCMBlockLocationFailoverProxyProvider.java:<init>(115)) - Created block location fail-over proxy with 1 nodes: [nodeId=scmNodeId,nodeAddress=/0.0.0.0:15087]
2024-02-27 07:42:24,315 [main] INFO  om.OzoneManager (OzoneManager.java:<init>(672)) - OM start with adminUsers: [*, runner]
2024-02-27 07:42:24,315 [main] WARN  server.ServerUtils (ServerUtils.java:getDBPath(299)) - ozone.om.db.dirs is not configured. We recommend adding this setting. Falling back to ozone.metadata.dirs instead.
2024-02-27 07:42:24,316 [main] INFO  helpers.OmKeyInfo (OmKeyInfo.java:getCodec(71)) - OmKeyInfo.getCodec ignorePipeline = true
2024-02-27 07:42:24,449 [main] INFO  om.OzoneManager (OzoneManager.java:instantiateServices(804)) - S3 Multi-Tenancy is disabled
2024-02-27 07:42:24,450 [main] INFO  om.OmSnapshotManager (OmSnapshotManager.java:<init>(177)) - Ozone filesystem snapshot feature is enabled.
2024-02-27 07:42:24,450 [main] WARN  server.ServerUtils (ServerUtils.java:getDBPath(299)) - ozone.om.snapshot.diff.db.dir is not configured. We recommend adding this setting. Falling back to ozone.metadata.dirs instead.
2024-02-27 07:42:24,468 [main] INFO  utils.NativeLibraryLoader (NativeLibraryLoader.java:loadLibrary(108)) - Loading Library: ozone_rocksdb_tools
2024-02-27 07:42:24,468 [main] ERROR snapshot.SnapshotDiffManager (SnapshotDiffManager.java:initNativeLibraryForEfficientDiff(287)) - Native Library for raw sst file reading loading failed.
org.apache.hadoop.hdds.utils.NativeLibraryNotLoadedException: Unable to load library ozone_rocksdb_tools from both java.library.path & resource file libozone_rocksdb_tools.so from jar.
	at org.apache.hadoop.hdds.utils.db.managed.ManagedRawSSTFileReader.loadLibrary(ManagedRawSSTFileReader.java:38)
	at org.apache.hadoop.ozone.om.snapshot.SnapshotDiffManager.initNativeLibraryForEfficientDiff(SnapshotDiffManager.java:285)
	at org.apache.hadoop.ozone.om.snapshot.SnapshotDiffManager.<init>(SnapshotDiffManager.java:259)
	at org.apache.hadoop.ozone.om.OmSnapshotManager.<init>(OmSnapshotManager.java:279)
	at org.apache.hadoop.ozone.om.OzoneManager.instantiateServices(OzoneManager.java:856)
	at org.apache.hadoop.ozone.om.OzoneManager.<init>(OzoneManager.java:682)
	at org.apache.hadoop.ozone.om.OzoneManager.createOm(OzoneManager.java:767)
	at org.apache.hadoop.ozone.MiniOzoneHAClusterImpl$Builder.createOMService(MiniOzoneHAClusterImpl.java:467)
	at org.apache.hadoop.ozone.MiniOzoneHAClusterImpl$Builder.build(MiniOzoneHAClusterImpl.java:387)
	at org.apache.hadoop.ozone.om.TestOzoneManagerHA.init(TestOzoneManagerHA.java:184)
	at sun.reflect.NativeMethodAccessorImpl.invoke0(Native Method)
	at sun.reflect.NativeMethodAccessorImpl.invoke(NativeMethodAccessorImpl.java:62)
	at sun.reflect.DelegatingMethodAccessorImpl.invoke(DelegatingMethodAccessorImpl.java:43)
	at java.lang.reflect.Method.invoke(Method.java:498)
	at org.junit.platform.commons.util.ReflectionUtils.invokeMethod(ReflectionUtils.java:728)
	at org.junit.jupiter.engine.execution.MethodInvocation.proceed(MethodInvocation.java:60)
	at org.junit.jupiter.engine.execution.InvocationInterceptorChain$ValidatingInvocation.proceed(InvocationInterceptorChain.java:131)
	at org.junit.jupiter.engine.extension.TimeoutExtension.intercept(TimeoutExtension.java:156)
	at org.junit.jupiter.engine.extension.TimeoutExtension.interceptLifecycleMethod(TimeoutExtension.java:128)
	at org.junit.jupiter.engine.extension.TimeoutExtension.interceptBeforeAllMethod(TimeoutExtension.java:70)
	at org.junit.jupiter.engine.execution.InterceptingExecutableInvoker$ReflectiveInterceptorCall.lambda$ofVoidMethod$0(InterceptingExecutableInvoker.java:103)
	at org.junit.jupiter.engine.execution.InterceptingExecutableInvoker.lambda$invoke$0(InterceptingExecutableInvoker.java:93)
	at org.junit.jupiter.engine.execution.InvocationInterceptorChain$InterceptedInvocation.proceed(InvocationInterceptorChain.java:106)
	at org.junit.jupiter.engine.execution.InvocationInterceptorChain.proceed(InvocationInterceptorChain.java:64)
	at org.junit.jupiter.engine.execution.InvocationInterceptorChain.chainAndInvoke(InvocationInterceptorChain.java:45)
	at org.junit.jupiter.engine.execution.InvocationInterceptorChain.invoke(InvocationInterceptorChain.java:37)
	at org.junit.jupiter.engine.execution.InterceptingExecutableInvoker.invoke(InterceptingExecutableInvoker.java:92)
	at org.junit.jupiter.engine.execution.InterceptingExecutableInvoker.invoke(InterceptingExecutableInvoker.java:86)
	at org.junit.jupiter.engine.descriptor.ClassBasedTestDescriptor.lambda$invokeBeforeAllMethods$13(ClassBasedTestDescriptor.java:412)
	at org.junit.platform.engine.support.hierarchical.ThrowableCollector.execute(ThrowableCollector.java:73)
	at org.junit.jupiter.engine.descriptor.ClassBasedTestDescriptor.invokeBeforeAllMethods(ClassBasedTestDescriptor.java:410)
	at org.junit.jupiter.engine.descriptor.ClassBasedTestDescriptor.before(ClassBasedTestDescriptor.java:216)
	at org.junit.jupiter.engine.descriptor.ClassBasedTestDescriptor.before(ClassBasedTestDescriptor.java:85)
	at org.junit.platform.engine.support.hierarchical.NodeTestTask.lambda$executeRecursively$6(NodeTestTask.java:148)
	at org.junit.platform.engine.support.hierarchical.ThrowableCollector.execute(ThrowableCollector.java:73)
	at org.junit.platform.engine.support.hierarchical.NodeTestTask.lambda$executeRecursively$8(NodeTestTask.java:141)
	at org.junit.platform.engine.support.hierarchical.Node.around(Node.java:137)
	at org.junit.platform.engine.support.hierarchical.NodeTestTask.lambda$executeRecursively$9(NodeTestTask.java:139)
	at org.junit.platform.engine.support.hierarchical.ThrowableCollector.execute(ThrowableCollector.java:73)
	at org.junit.platform.engine.support.hierarchical.NodeTestTask.executeRecursively(NodeTestTask.java:138)
	at org.junit.platform.engine.support.hierarchical.NodeTestTask.execute(NodeTestTask.java:95)
	at java.util.ArrayList.forEach(ArrayList.java:1259)
	at org.junit.platform.engine.support.hierarchical.SameThreadHierarchicalTestExecutorService.invokeAll(SameThreadHierarchicalTestExecutorService.java:41)
	at org.junit.platform.engine.support.hierarchical.NodeTestTask.lambda$executeRecursively$6(NodeTestTask.java:155)
	at org.junit.platform.engine.support.hierarchical.ThrowableCollector.execute(ThrowableCollector.java:73)
	at org.junit.platform.engine.support.hierarchical.NodeTestTask.lambda$executeRecursively$8(NodeTestTask.java:141)
	at org.junit.platform.engine.support.hierarchical.Node.around(Node.java:137)
	at org.junit.platform.engine.support.hierarchical.NodeTestTask.lambda$executeRecursively$9(NodeTestTask.java:139)
	at org.junit.platform.engine.support.hierarchical.ThrowableCollector.execute(ThrowableCollector.java:73)
	at org.junit.platform.engine.support.hierarchical.NodeTestTask.executeRecursively(NodeTestTask.java:138)
	at org.junit.platform.engine.support.hierarchical.NodeTestTask.execute(NodeTestTask.java:95)
	at org.junit.platform.engine.support.hierarchical.SameThreadHierarchicalTestExecutorService.submit(SameThreadHierarchicalTestExecutorService.java:35)
	at org.junit.platform.engine.support.hierarchical.HierarchicalTestExecutor.execute(HierarchicalTestExecutor.java:57)
	at org.junit.platform.engine.support.hierarchical.HierarchicalTestEngine.execute(HierarchicalTestEngine.java:54)
	at org.junit.platform.launcher.core.EngineExecutionOrchestrator.execute(EngineExecutionOrchestrator.java:198)
	at org.junit.platform.launcher.core.EngineExecutionOrchestrator.execute(EngineExecutionOrchestrator.java:169)
	at org.junit.platform.launcher.core.EngineExecutionOrchestrator.execute(EngineExecutionOrchestrator.java:93)
	at org.junit.platform.launcher.core.EngineExecutionOrchestrator.lambda$execute$0(EngineExecutionOrchestrator.java:58)
	at org.junit.platform.launcher.core.EngineExecutionOrchestrator.withInterceptedStreams(EngineExecutionOrchestrator.java:141)
	at org.junit.platform.launcher.core.EngineExecutionOrchestrator.execute(EngineExecutionOrchestrator.java:57)
	at org.junit.platform.launcher.core.DefaultLauncher.execute(DefaultLauncher.java:103)
	at org.junit.platform.launcher.core.DefaultLauncher.execute(DefaultLauncher.java:85)
	at org.junit.platform.launcher.core.DelegatingLauncher.execute(DelegatingLauncher.java:47)
	at org.junit.platform.launcher.core.SessionPerRequestLauncher.execute(SessionPerRequestLauncher.java:63)
	at org.apache.maven.surefire.junitplatform.JUnitPlatformProvider.invokeAllTests(JUnitPlatformProvider.java:165)
	at org.apache.maven.surefire.junitplatform.JUnitPlatformProvider.invoke(JUnitPlatformProvider.java:124)
	at org.apache.maven.surefire.booter.ForkedBooter.runSuitesInProcess(ForkedBooter.java:428)
	at org.apache.maven.surefire.booter.ForkedBooter.execute(ForkedBooter.java:162)
	at org.apache.maven.surefire.booter.ForkedBooter.run(ForkedBooter.java:562)
	at org.apache.maven.surefire.booter.ForkedBooter.main(ForkedBooter.java:548)
2024-02-27 07:42:24,470 [main] INFO  om.OzoneManager (OzoneManager.java:addS3GVolumeToDB(4425)) - Created Volume s3v With Owner runner required for S3Gateway operations.
2024-02-27 07:42:24,470 [main] WARN  server.ServerUtils (ServerUtils.java:getDefaultRatisDirectory(311)) - Storage directory for Ratis is not configured. It is a good idea to map this to an SSD disk. Falling back to ozone.metadata.dirs
2024-02-27 07:42:24,471 [main] WARN  utils.OzoneManagerRatisUtils (OzoneManagerRatisUtils.java:getOMRatisSnapshotDirectory(476)) - ozone.om.ratis.snapshot.dir is not configured. Falling back to ozone.metadata.dirs config
2024-02-27 07:42:24,471 [main] INFO  utils.RDBSnapshotProvider (RDBSnapshotProvider.java:init(87)) - Cleaning up the candidate dir: /home/runner/work/ozone/ozone/hadoop-ozone/integration-test/target/test-dir/MiniOzoneClusterImpl-107870c4-38da-4dee-ace8-876b8e06d1b5/omNode-1/snapshot/om.db.candidate
2024-02-27 07:42:24,471 [main] INFO  ratis_snapshot.OmRatisSnapshotProvider (OmRatisSnapshotProvider.java:<init>(99)) - Initializing OM Snapshot Provider
2024-02-27 07:42:24,472 [main] WARN  server.ServerUtils (ServerUtils.java:getDefaultRatisDirectory(311)) - Storage directory for Ratis is not configured. It is a good idea to map this to an SSD disk. Falling back to ozone.metadata.dirs
2024-02-27 07:42:24,472 [main] INFO  ratis.OzoneManagerRatisServer (OzoneManagerRatisServer.java:<init>(167)) - Instantiating OM Ratis server with groupID: om-service-test1 and peers: localhost:15093, localhost:15101, localhost:15097
2024-02-27 07:42:24,473 [main] INFO  ratis.OzoneManagerStateMachine (OzoneManagerStateMachine.java:loadSnapshotInfoFromDB(576)) - TransactionInfo not found in OM DB.
2024-02-27 07:42:24,473 [main] INFO  server.RaftServer (ConfUtils.java:logGet(46)) - raft.rpc.type = GRPC (default)
2024-02-27 07:42:24,473 [main] INFO  grpc.GrpcConfigKeys (ConfUtils.java:logFallback(53)) - raft.grpc.admin.host = null (fallback to raft.grpc.server.host)
2024-02-27 07:42:24,474 [main] INFO  grpc.GrpcConfigKeys (ConfUtils.java:logFallback(53)) - raft.grpc.admin.port = 15093 (fallback to raft.grpc.server.port)
2024-02-27 07:42:24,474 [main] INFO  grpc.GrpcConfigKeys (ConfUtils.java:logFallback(53)) - raft.grpc.client.host = null (fallback to raft.grpc.server.host)
2024-02-27 07:42:24,474 [main] INFO  grpc.GrpcConfigKeys (ConfUtils.java:logFallback(53)) - raft.grpc.client.port = 15093 (fallback to raft.grpc.server.port)
2024-02-27 07:42:24,474 [main] INFO  grpc.GrpcConfigKeys (ConfUtils.java:logGet(46)) - raft.grpc.server.host = null (default)
2024-02-27 07:42:24,474 [main] INFO  grpc.GrpcConfigKeys (ConfUtils.java:logGet(46)) - raft.grpc.server.port = 15093 (custom)
2024-02-27 07:42:24,474 [main] INFO  server.GrpcService (ConfUtils.java:logGet(46)) - raft.grpc.message.size.max = 4194304 (custom)
2024-02-27 07:42:24,475 [main] INFO  server.RaftServerConfigKeys (ConfUtils.java:logGet(46)) - raft.server.log.appender.buffer.byte-limit = 4194304 (custom)
2024-02-27 07:42:24,475 [main] INFO  server.GrpcService (ConfUtils.java:logGet(46)) - raft.grpc.flow.control.window = 1MB (=1048576) (default)
2024-02-27 07:42:24,475 [main] INFO  server.RaftServerConfigKeys (ConfUtils.java:logGet(46)) - raft.server.rpc.request.timeout = 3000ms (default)
2024-02-27 07:42:24,475 [main] INFO  grpc.GrpcConfigKeys (ConfUtils.java:logGet(46)) - raft.grpc.server.heartbeat.channel = true (default)
2024-02-27 07:42:24,475 [main] INFO  grpc.GrpcConfigKeys (ConfUtils.java:logGet(46)) - raft.grpc.server.async.request.thread.pool.cached = true (default)
2024-02-27 07:42:24,475 [main] INFO  grpc.GrpcConfigKeys (ConfUtils.java:logGet(46)) - raft.grpc.server.async.request.thread.pool.size = 32 (default)
2024-02-27 07:42:24,477 [main] INFO  impl.DataStreamServerImpl (ConfUtils.java:logGet(46)) - raft.datastream.type = DISABLED (default)
2024-02-27 07:42:24,477 [main] INFO  server.RaftServerConfigKeys (ConfUtils.java:logGet(46)) - raft.server.sleep.deviation.threshold = 300ms (default)
2024-02-27 07:42:24,477 [main] INFO  server.RaftServerConfigKeys (ConfUtils.java:logGet(46)) - raft.server.close.threshold = 60s (default)
2024-02-27 07:42:24,477 [main] INFO  server.RaftServerConfigKeys (ConfUtils.java:logGet(46)) - raft.server.leaderelection.leader.step-down.wait-time = 10s (default)
2024-02-27 07:42:24,477 [main] INFO  server.RaftServerConfigKeys (ConfUtils.java:logGet(46)) - raft.server.storage.dir = [/home/runner/work/ozone/ozone/hadoop-ozone/integration-test/target/test-dir/MiniOzoneClusterImpl-107870c4-38da-4dee-ace8-876b8e06d1b5/omNode-1/ratis] (custom)
2024-02-27 07:42:24,477 [main] INFO  server.RaftServerConfigKeys (ConfUtils.java:logGet(46)) - raft.server.threadpool.proxy.cached = true (default)
2024-02-27 07:42:24,478 [main] INFO  server.RaftServerConfigKeys (ConfUtils.java:logGet(46)) - raft.server.threadpool.proxy.size = 0 (default)
2024-02-27 07:42:24,478 [main] INFO  server.RaftServer (RaftServerProxy.java:addNew(100)) - omNode-1: addNew group-523986131536:[omNode-3|localhost:15101, omNode-1|localhost:15093, omNode-2|localhost:15097] returns group-523986131536:java.util.concurrent.CompletableFuture@178792cf[Not completed]
2024-02-27 07:42:24,478 [main] INFO  om.OzoneManager (OzoneManager.java:initializeRatisServer(2140)) - OzoneManager Ratis server initialized at port 15093
2024-02-27 07:42:24,478 [omNode-1-groupManagement] INFO  server.RaftServer$Division (RaftServerImpl.java:<init>(256)) - omNode-1: new RaftServerImpl for group-523986131536:[omNode-3|localhost:15101, omNode-1|localhost:15093, omNode-2|localhost:15097] with OzoneManagerStateMachine:uninitialized
2024-02-27 07:42:24,478 [main] INFO  om.OzoneManager (OzoneManager.java:getRpcServer(1206)) - Creating RPC Server
2024-02-27 07:42:24,479 [omNode-1-groupManagement] INFO  server.RaftServerConfigKeys (ConfUtils.java:logGet(46)) - raft.server.rpc.timeout.min = 1s (custom)
2024-02-27 07:42:24,480 [omNode-1-groupManagement] INFO  server.RaftServerConfigKeys (ConfUtils.java:logGet(46)) - raft.server.rpc.timeout.max = 1200ms (custom)
2024-02-27 07:42:24,480 [omNode-1-groupManagement] INFO  server.RaftServerConfigKeys (ConfUtils.java:logGet(46)) - raft.server.rpc.sleep.time = 25ms (default)
2024-02-27 07:42:24,480 [omNode-1-groupManagement] INFO  server.RaftServerConfigKeys (ConfUtils.java:logGet(46)) - raft.server.rpc.slowness.timeout = 2s (custom)
2024-02-27 07:42:24,480 [omNode-1-groupManagement] INFO  server.RaftServerConfigKeys (ConfUtils.java:logGet(46)) - raft.server.leaderelection.leader.step-down.wait-time = 10s (default)
2024-02-27 07:42:24,480 [omNode-1-groupManagement] INFO  server.RaftServerConfigKeys (ConfUtils.java:logGet(46)) - raft.server.leaderelection.member.majority-add = false (default)
2024-02-27 07:42:24,480 [omNode-1-groupManagement] INFO  server.RaftServerConfigKeys (ConfUtils.java:logGet(46)) - raft.server.sleep.deviation.threshold = 300ms (default)
2024-02-27 07:42:24,480 [omNode-1-groupManagement] INFO  server.RaftServer$Division (ServerState.java:<init>(113)) - omNode-1@group-523986131536: ConfigurationManager, init=-1: peers:[omNode-3|localhost:15101, omNode-1|localhost:15093, omNode-2|localhost:15097]|listeners:[], old=null, confs=<EMPTY_MAP>
2024-02-27 07:42:24,480 [omNode-1-groupManagement] INFO  server.RaftServerConfigKeys (ConfUtils.java:logGet(46)) - raft.server.notification.no-leader.timeout = 2s (custom)
2024-02-27 07:42:24,480 [omNode-1-groupManagement] INFO  server.RaftServerConfigKeys (ConfUtils.java:logGet(46)) - raft.server.read.timeout = 10s (default)
2024-02-27 07:42:24,480 [omNode-1-groupManagement] INFO  server.RaftServerConfigKeys (ConfUtils.java:logGet(46)) - raft.server.retrycache.expirytime = 30000ms (custom)
2024-02-27 07:42:24,480 [omNode-1-groupManagement] INFO  server.RaftServerConfigKeys (ConfUtils.java:logGet(46)) - raft.server.retrycache.statistics.expirytime = 100ms (default)
2024-02-27 07:42:24,480 [omNode-1-groupManagement] INFO  server.RaftServerConfigKeys (ConfUtils.java:logGet(46)) - raft.server.read.option = DEFAULT (default)
2024-02-27 07:42:24,480 [omNode-1-groupManagement] INFO  server.RaftServerConfigKeys (ConfUtils.java:logGet(46)) - raft.server.read.read-after-write-consistent.write-index-cache.expiry-time = 60s (default)
2024-02-27 07:42:24,481 [omNode-1-groupManagement] INFO  server.RaftServerConfigKeys (ConfUtils.java:logGet(46)) - raft.server.rpc.request.timeout = 3000ms (default)
2024-02-27 07:42:24,481 [omNode-1-groupManagement] INFO  server.RaftServerConfigKeys (ConfUtils.java:logGet(46)) - raft.server.log.appender.install.snapshot.enabled = false (custom)
2024-02-27 07:42:24,481 [omNode-1-groupManagement] INFO  server.RaftServerConfigKeys (ConfUtils.java:logGet(46)) - raft.server.threadpool.server.cached = true (default)
2024-02-27 07:42:24,481 [omNode-1-groupManagement] INFO  server.RaftServerConfigKeys (ConfUtils.java:logGet(46)) - raft.server.threadpool.server.size = 0 (default)
2024-02-27 07:42:24,481 [omNode-1-groupManagement] INFO  server.RaftServerConfigKeys (ConfUtils.java:logGet(46)) - raft.server.threadpool.client.cached = true (default)
2024-02-27 07:42:24,481 [omNode-1-groupManagement] INFO  server.RaftServerConfigKeys (ConfUtils.java:logGet(46)) - raft.server.threadpool.client.size = 0 (default)
2024-02-27 07:42:24,668 [main] INFO  ipc.CallQueueManager (CallQueueManager.java:<init>(90)) - Using callQueue: class java.util.concurrent.LinkedBlockingQueue, queueCapacity: 2000, scheduler: class org.apache.hadoop.ipc.DefaultRpcScheduler, ipcBackoff: false.
2024-02-27 07:42:24,669 [main] INFO  ipc.Server (Server.java:<init>(1287)) - Listener at 127.0.0.1:15090
2024-02-27 07:42:24,669 [Socket Reader #1 for port 15090] INFO  ipc.Server (Server.java:run(1323)) - Starting Socket Reader #1 for port 15090
2024-02-27 07:42:24,683 [main] INFO  impl.MetricsSystemImpl (MetricsSystemImpl.java:init(158)) - OzoneManager metrics system started (again)
2024-02-27 07:42:24,692 [main] INFO  om.OzoneManager (OzoneManager.java:start(1628)) - OzoneManager RPC server is listening at localhost/127.0.0.1:15090
2024-02-27 07:42:24,692 [main] INFO  ratis.OzoneManagerRatisServer (OzoneManagerRatisServer.java:start(588)) - Starting OzoneManagerRatisServer omNode-1 at port 15093
2024-02-27 07:42:24,692 [omNode-1-impl-thread1] INFO  server.RaftServerConfigKeys (ConfUtils.java:logGet(46)) - raft.server.storage.free-space.min = 0MB (=0) (default)
2024-02-27 07:42:24,692 [omNode-1-impl-thread1] INFO  server.RaftServerConfigKeys (ConfUtils.java:logGet(46)) - raft.server.log.corruption.policy = EXCEPTION (default)
2024-02-27 07:42:24,692 [omNode-1-impl-thread1] INFO  server.RaftServerConfigKeys (ConfUtils.java:logGet(46)) - raft.server.storage.dir = [/home/runner/work/ozone/ozone/hadoop-ozone/integration-test/target/test-dir/MiniOzoneClusterImpl-107870c4-38da-4dee-ace8-876b8e06d1b5/omNode-1/ratis] (custom)
2024-02-27 07:42:24,693 [omNode-1-impl-thread1] INFO  storage.RaftStorageDirectory (RaftStorageDirectoryImpl.java:analyzeStorage(138)) - The storage directory /home/runner/work/ozone/ozone/hadoop-ozone/integration-test/target/test-dir/MiniOzoneClusterImpl-107870c4-38da-4dee-ace8-876b8e06d1b5/omNode-1/ratis/c9bc4cf4-3bc3-3c60-a66b-523986131536 does not exist. Creating ...
2024-02-27 07:42:24,694 [omNode-1-impl-thread1] INFO  storage.RaftStorageDirectory (RaftStorageDirectoryImpl.java:tryLock(228)) - Lock on /home/runner/work/ozone/ozone/hadoop-ozone/integration-test/target/test-dir/MiniOzoneClusterImpl-107870c4-38da-4dee-ace8-876b8e06d1b5/omNode-1/ratis/c9bc4cf4-3bc3-3c60-a66b-523986131536/in_use.lock acquired by nodename 40924@fv-az699-61
2024-02-27 07:42:24,694 [omNode-1-impl-thread1] INFO  storage.RaftStorage (RaftStorageImpl.java:format(99)) - Storage directory /home/runner/work/ozone/ozone/hadoop-ozone/integration-test/target/test-dir/MiniOzoneClusterImpl-107870c4-38da-4dee-ace8-876b8e06d1b5/omNode-1/ratis/c9bc4cf4-3bc3-3c60-a66b-523986131536 has been successfully formatted.
2024-02-27 07:42:24,695 [omNode-1-impl-thread1] WARN  util.FileUtils (LogUtils.java:supplyAndLog(63)) - Failed to Files.newInputStream /home/runner/work/ozone/ozone/hadoop-ozone/integration-test/target/test-dir/MiniOzoneClusterImpl-107870c4-38da-4dee-ace8-876b8e06d1b5/omNode-1/ratis/c9bc4cf4-3bc3-3c60-a66b-523986131536/current/raft-meta.conf with options []: java.nio.file.NoSuchFileException: /home/runner/work/ozone/ozone/hadoop-ozone/integration-test/target/test-dir/MiniOzoneClusterImpl-107870c4-38da-4dee-ace8-876b8e06d1b5/omNode-1/ratis/c9bc4cf4-3bc3-3c60-a66b-523986131536/current/raft-meta.conf
2024-02-27 07:42:24,695 [omNode-1-impl-thread1] INFO  server.RaftServerConfigKeys (ConfUtils.java:logGet(46)) - raft.server.log.use.memory = false (default)
2024-02-27 07:42:24,695 [omNode-1-impl-thread1] INFO  server.RaftServerConfigKeys (ConfUtils.java:logGet(46)) - raft.server.log.purge.gap = 50 (custom)
2024-02-27 07:42:24,695 [omNode-1-impl-thread1] INFO  server.RaftServerConfigKeys (ConfUtils.java:logGet(46)) - raft.server.log.appender.buffer.byte-limit = 4194304 (custom)
2024-02-27 07:42:24,695 [omNode-1-impl-thread1] INFO  server.RaftServerConfigKeys (ConfUtils.java:logGet(46)) - raft.server.log.statemachine.data.read.timeout = 1000ms (default)
2024-02-27 07:42:24,695 [omNode-1-impl-thread1] INFO  server.RaftServerConfigKeys (ConfUtils.java:logGet(46)) - raft.server.log.purge.preservation.log.num = 0 (default)
2024-02-27 07:42:24,695 [omNode-1-impl-thread1] INFO  server.RaftServerConfigKeys (ConfUtils.java:logGet(46)) - raft.server.log.segment.size.max = 4194304 (custom)
2024-02-27 07:42:24,695 [omNode-1-impl-thread1] INFO  server.RaftServerConfigKeys (ConfUtils.java:logGet(46)) - raft.server.log.segment.cache.num.max = 2 (custom)
2024-02-27 07:42:24,696 [omNode-1-impl-thread1] INFO  server.RaftServerConfigKeys (ConfUtils.java:logGet(46)) - raft.server.log.segment.cache.size.max = 200MB (=209715200) (default)
2024-02-27 07:42:24,696 [omNode-1-impl-thread1] INFO  server.RaftServerConfigKeys (ConfUtils.java:logGet(46)) - raft.server.log.appender.buffer.byte-limit = 4194304 (custom)
2024-02-27 07:42:24,696 [omNode-1-impl-thread1] INFO  util.AwaitToRun (AwaitToRun.java:start(81)) - Thread[omNode-1@group-523986131536-cacheEviction-AwaitToRun,5,main] started
2024-02-27 07:42:24,696 [omNode-1-impl-thread1] INFO  segmented.SegmentedRaftLogWorker (SegmentedRaftLogWorker.java:<init>(182)) - new omNode-1@group-523986131536-SegmentedRaftLogWorker for RaftStorageImpl:Storage Directory /home/runner/work/ozone/ozone/hadoop-ozone/integration-test/target/test-dir/MiniOzoneClusterImpl-107870c4-38da-4dee-ace8-876b8e06d1b5/omNode-1/ratis/c9bc4cf4-3bc3-3c60-a66b-523986131536
2024-02-27 07:42:24,696 [omNode-1-impl-thread1] INFO  server.RaftServerConfigKeys (ConfUtils.java:logGet(46)) - raft.server.log.queue.byte-limit = 64MB (=67108864) (default)
2024-02-27 07:42:24,696 [omNode-1-impl-thread1] INFO  server.RaftServerConfigKeys (ConfUtils.java:logGet(46)) - raft.server.log.queue.element-limit = 4096 (default)
2024-02-27 07:42:24,696 [omNode-1-impl-thread1] INFO  server.RaftServerConfigKeys (ConfUtils.java:logGet(46)) - raft.server.log.segment.size.max = 4194304 (custom)
2024-02-27 07:42:24,696 [omNode-1-impl-thread1] INFO  server.RaftServerConfigKeys (ConfUtils.java:logGet(46)) - raft.server.log.preallocated.size = 4194304 (custom)
2024-02-27 07:42:24,696 [omNode-1-impl-thread1] INFO  server.RaftServerConfigKeys (ConfUtils.java:logGet(46)) - raft.server.log.force.sync.num = 128 (default)
2024-02-27 07:42:24,696 [omNode-1-impl-thread1] INFO  server.RaftServerConfigKeys (ConfUtils.java:logGet(46)) - raft.server.log.statemachine.data.sync = true (default)
2024-02-27 07:42:24,696 [omNode-1-impl-thread1] INFO  server.RaftServerConfigKeys (ConfUtils.java:logGet(46)) - raft.server.log.statemachine.data.sync.timeout = 10s (default)
2024-02-27 07:42:24,696 [omNode-1-impl-thread1] INFO  server.RaftServerConfigKeys (ConfUtils.java:logGet(46)) - raft.server.log.statemachine.data.sync.timeout.retry = -1 (default)
2024-02-27 07:42:24,696 [omNode-1-impl-thread1] INFO  server.RaftServerConfigKeys (ConfUtils.java:logGet(46)) - raft.server.log.write.buffer.size = 4194312 (custom)
2024-02-27 07:42:24,697 [omNode-1-impl-thread1] INFO  server.RaftServerConfigKeys (ConfUtils.java:logGet(46)) - raft.server.log.appender.buffer.byte-limit = 4194304 (custom)
2024-02-27 07:42:24,697 [omNode-1-impl-thread1] INFO  server.RaftServerConfigKeys (ConfUtils.java:logGet(46)) - raft.server.log.unsafe-flush.enabled = false (default)
2024-02-27 07:42:24,697 [omNode-1-impl-thread1] INFO  server.RaftServerConfigKeys (ConfUtils.java:logGet(46)) - raft.server.log.async-flush.enabled = false (default)
2024-02-27 07:42:24,697 [omNode-1-impl-thread1] INFO  server.RaftServerConfigKeys (ConfUtils.java:logGet(46)) - raft.server.log.statemachine.data.caching.enabled = false (default)
2024-02-27 07:42:24,698 [omNode-1-impl-thread1] INFO  segmented.SegmentedRaftLogWorker (SegmentedRaftLogWorker.java:lambda$new$0(134)) - omNode-1@group-523986131536-SegmentedRaftLogWorker: flushIndex: setUnconditionally 0 -> -1
2024-02-27 07:42:24,698 [omNode-1-impl-thread1] INFO  segmented.SegmentedRaftLogWorker (SegmentedRaftLogWorker.java:lambda$new$0(134)) - omNode-1@group-523986131536-SegmentedRaftLogWorker: safeCacheEvictIndex: setUnconditionally 0 -> -1
2024-02-27 07:42:24,698 [omNode-1-impl-thread1] INFO  server.RaftServer$Division (RaftServerImpl.java:start(396)) - omNode-1@group-523986131536: start as a follower, conf=-1: peers:[omNode-3|localhost:15101, omNode-1|localhost:15093, omNode-2|localhost:15097]|listeners:[], old=null
2024-02-27 07:42:24,698 [omNode-1-impl-thread1] INFO  server.RaftServer$Division (RaftServerImpl.java:setRole(383)) - omNode-1@group-523986131536: changes role from      null to FOLLOWER at term 0 for startAsFollower
2024-02-27 07:42:24,698 [omNode-1-impl-thread1] INFO  impl.RoleInfo (RoleInfo.java:updateAndGet(139)) - omNode-1: start omNode-1@group-523986131536-FollowerState
2024-02-27 07:42:24,698 [omNode-1-impl-thread1] INFO  util.JmxRegister (JmxRegister.java:tryRegister(44)) - Successfully registered JMX Bean with object name Ratis:service=RaftServer,group=group-523986131536,id=omNode-1
2024-02-27 07:42:24,698 [omNode-1@group-523986131536-FollowerState] INFO  server.RaftServerConfigKeys (ConfUtils.java:logFallback(53)) - raft.server.rpc.first-election.timeout.min = 1s (fallback to raft.server.rpc.timeout.min)
2024-02-27 07:42:24,698 [omNode-1-impl-thread1] INFO  server.RaftServerConfigKeys (ConfUtils.java:logGet(46)) - raft.server.snapshot.trigger-when-stop.enabled = true (default)
2024-02-27 07:42:24,698 [omNode-1@group-523986131536-FollowerState] INFO  server.RaftServerConfigKeys (ConfUtils.java:logFallback(53)) - raft.server.rpc.first-election.timeout.max = 1200ms (fallback to raft.server.rpc.timeout.max)
2024-02-27 07:42:24,698 [omNode-1-impl-thread1] INFO  server.RaftServerConfigKeys (ConfUtils.java:logGet(46)) - raft.server.snapshot.auto.trigger.enabled = true (custom)
2024-02-27 07:42:24,698 [omNode-1-impl-thread1] INFO  server.RaftServerConfigKeys (ConfUtils.java:logGet(46)) - raft.server.snapshot.auto.trigger.threshold = 50 (custom)
2024-02-27 07:42:24,699 [omNode-1-impl-thread1] INFO  server.RaftServerConfigKeys (ConfUtils.java:logGet(46)) - raft.server.snapshot.retention.file.num = -1 (default)
2024-02-27 07:42:24,699 [omNode-1-impl-thread1] INFO  server.RaftServerConfigKeys (ConfUtils.java:logGet(46)) - raft.server.log.purge.upto.snapshot.index = true (custom)
2024-02-27 07:42:24,699 [main] INFO  server.RaftServer (RaftServerProxy.java:startImpl(406)) - omNode-1: start RPC server
2024-02-27 07:42:24,700 [main] INFO  server.GrpcService (GrpcService.java:startImpl(302)) - omNode-1: GrpcService started, listening on 15093
2024-02-27 07:42:24,700 [JvmPauseMonitor30] INFO  util.JvmPauseMonitor (JvmPauseMonitor.java:run(146)) - JvmPauseMonitor-omNode-1: Started
2024-02-27 07:42:24,701 [main] INFO  om.OzoneManager (OzoneManager.java:start(1644)) - Version File has different layout version (6) than OM DB (null). That is expected if this OM has never been finalized to a newer layout version.
2024-02-27 07:42:24,704 [main] INFO  http.BaseHttpServer (BaseHttpServer.java:newHttpServer2BuilderForOzone(223)) - Starting Web-server for ozoneManager at: http://0.0.0.0:15091
2024-02-27 07:42:24,704 [main] INFO  http.BaseHttpServer (BaseHttpServer.java:<init>(110)) - Hadoop Security Enabled: false Ozone Security Enabled: false Ozone HTTP Security Enabled: false 
2024-02-27 07:42:24,705 [main] WARN  server.AuthenticationFilter (AuthenticationFilter.java:constructSecretProvider(240)) - Unable to initialize FileSignerSecretProvider, falling back to use random secrets. Reason: Could not read signature secret file: /home/runner/hadoop-http-auth-signature-secret
2024-02-27 07:42:24,705 [main] INFO  http.HttpRequestLog (HttpRequestLog.java:getRequestLog(86)) - Http request log for http.requests.ozoneManager is not defined
2024-02-27 07:42:24,706 [main] INFO  http.HttpServer2 (HttpServer2.java:addGlobalFilter(1036)) - Added global filter 'safety' (class=org.apache.hadoop.hdds.server.http.HttpServer2$QuotingInputFilter)
2024-02-27 07:42:24,707 [main] INFO  http.HttpServer2 (HttpServer2.java:addFilter(1012)) - Added filter static_user_filter (class=org.apache.hadoop.http.lib.StaticUserWebFilter$StaticUserFilter) to context ozoneManager
2024-02-27 07:42:24,707 [main] INFO  http.HttpServer2 (HttpServer2.java:addFilter(1020)) - Added filter static_user_filter (class=org.apache.hadoop.http.lib.StaticUserWebFilter$StaticUserFilter) to context static
2024-02-27 07:42:24,707 [main] INFO  http.HttpServer2 (HttpServer2.java:addFilter(1020)) - Added filter static_user_filter (class=org.apache.hadoop.http.lib.StaticUserWebFilter$StaticUserFilter) to context logs
2024-02-27 07:42:24,707 [main] INFO  http.BaseHttpServer (BaseHttpServer.java:<init>(189)) - HTTP server of ozoneManager uses base directory /home/runner/work/ozone/ozone/hadoop-ozone/integration-test/target/test-dir/MiniOzoneClusterImpl-107870c4-38da-4dee-ace8-876b8e06d1b5/omNode-1/webserver
2024-02-27 07:42:24,708 [main] INFO  http.HttpServer2 (HttpServer2.java:bindListener(1236)) - Jetty bound to port 15091
2024-02-27 07:42:24,708 [main] INFO  server.Server (Server.java:doStart(375)) - jetty-9.4.53.v20231009; built: 2023-10-09T12:29:09.265Z; git: 27bde00a0b95a1d5bbee0eae7984f891d2d0f8c9; jvm 1.8.0_402-b06
2024-02-27 07:42:24,709 [main] INFO  server.session (DefaultSessionIdManager.java:doStart(334)) - DefaultSessionIdManager workerName=node0
2024-02-27 07:42:24,709 [main] INFO  server.session (DefaultSessionIdManager.java:doStart(339)) - No SessionScavenger set, using defaults
2024-02-27 07:42:24,709 [main] INFO  server.session (HouseKeeper.java:startScavenging(132)) - node0 Scavenging every 600000ms
2024-02-27 07:42:24,709 [main] INFO  handler.ContextHandler (ContextHandler.java:doStart(921)) - Started o.e.j.s.ServletContextHandler@c5b3aa1{logs,/logs,file:///home/runner/work/ozone/ozone/hadoop-ozone/integration-test/target/log,AVAILABLE}
2024-02-27 07:42:24,710 [main] INFO  handler.ContextHandler (ContextHandler.java:doStart(921)) - Started o.e.j.s.ServletContextHandler@53f553cc{static,/static,file:///home/runner/work/ozone/ozone/hadoop-ozone/integration-test/target/test-classes/webapps/static,AVAILABLE}
2024-02-27 07:42:24,711 [main] INFO  handler.ContextHandler (ContextHandler.java:doStart(921)) - Started o.e.j.w.WebAppContext@4397328b{ozoneManager,/,file:///home/runner/work/ozone/ozone/hadoop-ozone/integration-test/target/test-classes/webapps/ozoneManager/,AVAILABLE}{file:/home/runner/work/ozone/ozone/hadoop-ozone/integration-test/target/test-classes/webapps/ozoneManager}
2024-02-27 07:42:24,713 [main] INFO  server.AbstractConnector (AbstractConnector.java:doStart(333)) - Started ServerConnector@5028339c{HTTP/1.1, (http/1.1)}{0.0.0.0:15091}
2024-02-27 07:42:24,719 [main] INFO  server.Server (Server.java:doStart(415)) - Started @227427ms
2024-02-27 07:42:24,719 [main] WARN  impl.MetricsSystemImpl (MetricsSystemImpl.java:register(279)) - Sink prometheus already exists!
2024-02-27 07:42:24,719 [main] INFO  http.BaseHttpServer (BaseHttpServer.java:updateConnectorAddress(354)) - HTTP server of ozoneManager listening at http://0.0.0.0:15091
2024-02-27 07:42:24,721 [IPC Server Responder] INFO  ipc.Server (Server.java:run(1562)) - IPC Server Responder: starting
2024-02-27 07:42:24,722 [IPC Server listener on 15090] INFO  ipc.Server (Server.java:run(1402)) - IPC Server listener on 15090: starting
2024-02-27 07:42:24,725 [main] INFO  om.OzoneManager (OzoneManager.java:startTrashEmptier(2093)) - Trash Interval set to 0. Files deleted won't move to trash
2024-02-27 07:42:24,725 [main] INFO  ozone.MiniOzoneHAClusterImpl (MiniOzoneHAClusterImpl.java:createOMService(474)) - Started OzoneManager omNode-1 RPC server at localhost/127.0.0.1:15090
2024-02-27 07:42:24,726 [main] INFO  ha.OMHANodeDetails (OMHANodeDetails.java:loadOMHAConfig(121)) - ServiceID for OzoneManager is om-service-test1
2024-02-27 07:42:24,726 [main] INFO  ha.OMHANodeDetails (OMHANodeDetails.java:loadOMHAConfig(201)) - Found matching OM address with OMServiceId: om-service-test1, OMNodeId: omNode-2, RPC Address: localhost:15094 and Ratis port: 15097
2024-02-27 07:42:24,726 [main] INFO  ha.OMHANodeDetails (ConfUtils.java:setNodeSpecificConfigs(97)) - Setting configuration key ozone.om.http-address with value of key ozone.om.http-address.om-service-test1.omNode-2: 127.0.0.1:15095
2024-02-27 07:42:24,727 [main] INFO  ha.OMHANodeDetails (ConfUtils.java:setNodeSpecificConfigs(97)) - Setting configuration key ozone.om.https-address with value of key ozone.om.https-address.om-service-test1.omNode-2: 127.0.0.1:15096
2024-02-27 07:42:24,727 [main] INFO  ha.OMHANodeDetails (ConfUtils.java:setNodeSpecificConfigs(97)) - Setting configuration key ozone.om.address with value of key ozone.om.address.om-service-test1.omNode-2: 127.0.0.1:15094
2024-02-27 07:42:24,727 [main] WARN  server.ServerUtils (ServerUtils.java:getDBPath(299)) - ozone.om.db.dirs is not configured. We recommend adding this setting. Falling back to ozone.metadata.dirs instead.
2024-02-27 07:42:24,728 [main] INFO  proxy.SCMBlockLocationFailoverProxyProvider (SCMBlockLocationFailoverProxyProvider.java:<init>(115)) - Created block location fail-over proxy with 1 nodes: [nodeId=scmNodeId,nodeAddress=/0.0.0.0:15087]
OM initialization succeeded.Current cluster id for sd=/home/runner/work/ozone/ozone/hadoop-ozone/integration-test/target/test-dir/MiniOzoneClusterImpl-107870c4-38da-4dee-ace8-876b8e06d1b5/omNode-2/om;cid=107870c4-38da-4dee-ace8-876b8e06d1b5;layoutVersion=6
2024-02-27 07:42:24,737 [main] INFO  ha.OMHANodeDetails (OMHANodeDetails.java:loadOMHAConfig(121)) - ServiceID for OzoneManager is om-service-test1
2024-02-27 07:42:24,737 [main] INFO  ha.OMHANodeDetails (OMHANodeDetails.java:loadOMHAConfig(201)) - Found matching OM address with OMServiceId: om-service-test1, OMNodeId: omNode-2, RPC Address: localhost:15094 and Ratis port: 15097
2024-02-27 07:42:24,737 [main] INFO  ha.OMHANodeDetails (ConfUtils.java:setNodeSpecificConfigs(97)) - Setting configuration key ozone.om.http-address with value of key ozone.om.http-address.om-service-test1.omNode-2: 127.0.0.1:15095
2024-02-27 07:42:24,737 [main] INFO  ha.OMHANodeDetails (ConfUtils.java:setNodeSpecificConfigs(97)) - Setting configuration key ozone.om.https-address with value of key ozone.om.https-address.om-service-test1.omNode-2: 127.0.0.1:15096
2024-02-27 07:42:24,738 [main] INFO  ha.OMHANodeDetails (ConfUtils.java:setNodeSpecificConfigs(97)) - Setting configuration key ozone.om.address with value of key ozone.om.address.om-service-test1.omNode-2: 127.0.0.1:15094
2024-02-27 07:42:24,738 [main] WARN  server.ServerUtils (ServerUtils.java:getDBPath(299)) - ozone.om.db.dirs is not configured. We recommend adding this setting. Falling back to ozone.metadata.dirs instead.
2024-02-27 07:42:24,739 [main] INFO  upgrade.AbstractLayoutVersionManager (AbstractLayoutVersionManager.java:init(83)) - Initializing Layout version manager with metadata layout = QUOTA (version = 6), software layout = QUOTA (version = 6)
2024-02-27 07:42:24,778 [main] INFO  upgrade.OMLayoutVersionManager (OMLayoutVersionManager.java:lambda$0(113)) - Skipping Upgrade Action QuotaRepairUpgradeAction since it has been finalized.
2024-02-27 07:42:24,779 [main] INFO  upgrade.OMLayoutVersionManager (OMLayoutVersionManager.java:lambda$0(113)) - Skipping Upgrade Action MockOmUpgradeAction since it has been finalized.
2024-02-27 07:42:24,779 [main] WARN  server.ServerUtils (ServerUtils.java:getDBPath(299)) - ozone.om.db.dirs is not configured. We recommend adding this setting. Falling back to ozone.metadata.dirs instead.
2024-02-27 07:42:24,780 [main] INFO  proxy.SCMBlockLocationFailoverProxyProvider (SCMBlockLocationFailoverProxyProvider.java:<init>(115)) - Created block location fail-over proxy with 1 nodes: [nodeId=scmNodeId,nodeAddress=/0.0.0.0:15087]
2024-02-27 07:42:24,781 [main] INFO  proxy.SCMBlockLocationFailoverProxyProvider (SCMBlockLocationFailoverProxyProvider.java:<init>(115)) - Created block location fail-over proxy with 1 nodes: [nodeId=scmNodeId,nodeAddress=/0.0.0.0:15087]
2024-02-27 07:42:24,785 [main] INFO  om.OzoneManager (OzoneManager.java:<init>(672)) - OM start with adminUsers: [*, runner]
2024-02-27 07:42:24,786 [main] WARN  server.ServerUtils (ServerUtils.java:getDBPath(299)) - ozone.om.db.dirs is not configured. We recommend adding this setting. Falling back to ozone.metadata.dirs instead.
2024-02-27 07:42:24,786 [main] INFO  helpers.OmKeyInfo (OmKeyInfo.java:getCodec(71)) - OmKeyInfo.getCodec ignorePipeline = true
2024-02-27 07:42:24,923 [main] INFO  om.OzoneManager (OzoneManager.java:instantiateServices(804)) - S3 Multi-Tenancy is disabled
2024-02-27 07:42:24,923 [main] INFO  om.OmSnapshotManager (OmSnapshotManager.java:<init>(177)) - Ozone filesystem snapshot feature is enabled.
2024-02-27 07:42:24,924 [main] WARN  server.ServerUtils (ServerUtils.java:getDBPath(299)) - ozone.om.snapshot.diff.db.dir is not configured. We recommend adding this setting. Falling back to ozone.metadata.dirs instead.
2024-02-27 07:42:24,942 [main] INFO  utils.NativeLibraryLoader (NativeLibraryLoader.java:loadLibrary(108)) - Loading Library: ozone_rocksdb_tools
2024-02-27 07:42:24,942 [main] ERROR snapshot.SnapshotDiffManager (SnapshotDiffManager.java:initNativeLibraryForEfficientDiff(287)) - Native Library for raw sst file reading loading failed.
org.apache.hadoop.hdds.utils.NativeLibraryNotLoadedException: Unable to load library ozone_rocksdb_tools from both java.library.path & resource file libozone_rocksdb_tools.so from jar.
	at org.apache.hadoop.hdds.utils.db.managed.ManagedRawSSTFileReader.loadLibrary(ManagedRawSSTFileReader.java:38)
	at org.apache.hadoop.ozone.om.snapshot.SnapshotDiffManager.initNativeLibraryForEfficientDiff(SnapshotDiffManager.java:285)
	at org.apache.hadoop.ozone.om.snapshot.SnapshotDiffManager.<init>(SnapshotDiffManager.java:259)
	at org.apache.hadoop.ozone.om.OmSnapshotManager.<init>(OmSnapshotManager.java:279)
	at org.apache.hadoop.ozone.om.OzoneManager.instantiateServices(OzoneManager.java:856)
	at org.apache.hadoop.ozone.om.OzoneManager.<init>(OzoneManager.java:682)
	at org.apache.hadoop.ozone.om.OzoneManager.createOm(OzoneManager.java:767)
	at org.apache.hadoop.ozone.MiniOzoneHAClusterImpl$Builder.createOMService(MiniOzoneHAClusterImpl.java:467)
	at org.apache.hadoop.ozone.MiniOzoneHAClusterImpl$Builder.build(MiniOzoneHAClusterImpl.java:387)
	at org.apache.hadoop.ozone.om.TestOzoneManagerHA.init(TestOzoneManagerHA.java:184)
	at sun.reflect.NativeMethodAccessorImpl.invoke0(Native Method)
	at sun.reflect.NativeMethodAccessorImpl.invoke(NativeMethodAccessorImpl.java:62)
	at sun.reflect.DelegatingMethodAccessorImpl.invoke(DelegatingMethodAccessorImpl.java:43)
	at java.lang.reflect.Method.invoke(Method.java:498)
	at org.junit.platform.commons.util.ReflectionUtils.invokeMethod(ReflectionUtils.java:728)
	at org.junit.jupiter.engine.execution.MethodInvocation.proceed(MethodInvocation.java:60)
	at org.junit.jupiter.engine.execution.InvocationInterceptorChain$ValidatingInvocation.proceed(InvocationInterceptorChain.java:131)
	at org.junit.jupiter.engine.extension.TimeoutExtension.intercept(TimeoutExtension.java:156)
	at org.junit.jupiter.engine.extension.TimeoutExtension.interceptLifecycleMethod(TimeoutExtension.java:128)
	at org.junit.jupiter.engine.extension.TimeoutExtension.interceptBeforeAllMethod(TimeoutExtension.java:70)
	at org.junit.jupiter.engine.execution.InterceptingExecutableInvoker$ReflectiveInterceptorCall.lambda$ofVoidMethod$0(InterceptingExecutableInvoker.java:103)
	at org.junit.jupiter.engine.execution.InterceptingExecutableInvoker.lambda$invoke$0(InterceptingExecutableInvoker.java:93)
	at org.junit.jupiter.engine.execution.InvocationInterceptorChain$InterceptedInvocation.proceed(InvocationInterceptorChain.java:106)
	at org.junit.jupiter.engine.execution.InvocationInterceptorChain.proceed(InvocationInterceptorChain.java:64)
	at org.junit.jupiter.engine.execution.InvocationInterceptorChain.chainAndInvoke(InvocationInterceptorChain.java:45)
	at org.junit.jupiter.engine.execution.InvocationInterceptorChain.invoke(InvocationInterceptorChain.java:37)
	at org.junit.jupiter.engine.execution.InterceptingExecutableInvoker.invoke(InterceptingExecutableInvoker.java:92)
	at org.junit.jupiter.engine.execution.InterceptingExecutableInvoker.invoke(InterceptingExecutableInvoker.java:86)
	at org.junit.jupiter.engine.descriptor.ClassBasedTestDescriptor.lambda$invokeBeforeAllMethods$13(ClassBasedTestDescriptor.java:412)
	at org.junit.platform.engine.support.hierarchical.ThrowableCollector.execute(ThrowableCollector.java:73)
	at org.junit.jupiter.engine.descriptor.ClassBasedTestDescriptor.invokeBeforeAllMethods(ClassBasedTestDescriptor.java:410)
	at org.junit.jupiter.engine.descriptor.ClassBasedTestDescriptor.before(ClassBasedTestDescriptor.java:216)
	at org.junit.jupiter.engine.descriptor.ClassBasedTestDescriptor.before(ClassBasedTestDescriptor.java:85)
	at org.junit.platform.engine.support.hierarchical.NodeTestTask.lambda$executeRecursively$6(NodeTestTask.java:148)
	at org.junit.platform.engine.support.hierarchical.ThrowableCollector.execute(ThrowableCollector.java:73)
	at org.junit.platform.engine.support.hierarchical.NodeTestTask.lambda$executeRecursively$8(NodeTestTask.java:141)
	at org.junit.platform.engine.support.hierarchical.Node.around(Node.java:137)
	at org.junit.platform.engine.support.hierarchical.NodeTestTask.lambda$executeRecursively$9(NodeTestTask.java:139)
	at org.junit.platform.engine.support.hierarchical.ThrowableCollector.execute(ThrowableCollector.java:73)
	at org.junit.platform.engine.support.hierarchical.NodeTestTask.executeRecursively(NodeTestTask.java:138)
	at org.junit.platform.engine.support.hierarchical.NodeTestTask.execute(NodeTestTask.java:95)
	at java.util.ArrayList.forEach(ArrayList.java:1259)
	at org.junit.platform.engine.support.hierarchical.SameThreadHierarchicalTestExecutorService.invokeAll(SameThreadHierarchicalTestExecutorService.java:41)
	at org.junit.platform.engine.support.hierarchical.NodeTestTask.lambda$executeRecursively$6(NodeTestTask.java:155)
	at org.junit.platform.engine.support.hierarchical.ThrowableCollector.execute(ThrowableCollector.java:73)
	at org.junit.platform.engine.support.hierarchical.NodeTestTask.lambda$executeRecursively$8(NodeTestTask.java:141)
	at org.junit.platform.engine.support.hierarchical.Node.around(Node.java:137)
	at org.junit.platform.engine.support.hierarchical.NodeTestTask.lambda$executeRecursively$9(NodeTestTask.java:139)
	at org.junit.platform.engine.support.hierarchical.ThrowableCollector.execute(ThrowableCollector.java:73)
	at org.junit.platform.engine.support.hierarchical.NodeTestTask.executeRecursively(NodeTestTask.java:138)
	at org.junit.platform.engine.support.hierarchical.NodeTestTask.execute(NodeTestTask.java:95)
	at org.junit.platform.engine.support.hierarchical.SameThreadHierarchicalTestExecutorService.submit(SameThreadHierarchicalTestExecutorService.java:35)
	at org.junit.platform.engine.support.hierarchical.HierarchicalTestExecutor.execute(HierarchicalTestExecutor.java:57)
	at org.junit.platform.engine.support.hierarchical.HierarchicalTestEngine.execute(HierarchicalTestEngine.java:54)
	at org.junit.platform.launcher.core.EngineExecutionOrchestrator.execute(EngineExecutionOrchestrator.java:198)
	at org.junit.platform.launcher.core.EngineExecutionOrchestrator.execute(EngineExecutionOrchestrator.java:169)
	at org.junit.platform.launcher.core.EngineExecutionOrchestrator.execute(EngineExecutionOrchestrator.java:93)
	at org.junit.platform.launcher.core.EngineExecutionOrchestrator.lambda$execute$0(EngineExecutionOrchestrator.java:58)
	at org.junit.platform.launcher.core.EngineExecutionOrchestrator.withInterceptedStreams(EngineExecutionOrchestrator.java:141)
	at org.junit.platform.launcher.core.EngineExecutionOrchestrator.execute(EngineExecutionOrchestrator.java:57)
	at org.junit.platform.launcher.core.DefaultLauncher.execute(DefaultLauncher.java:103)
	at org.junit.platform.launcher.core.DefaultLauncher.execute(DefaultLauncher.java:85)
	at org.junit.platform.launcher.core.DelegatingLauncher.execute(DelegatingLauncher.java:47)
	at org.junit.platform.launcher.core.SessionPerRequestLauncher.execute(SessionPerRequestLauncher.java:63)
	at org.apache.maven.surefire.junitplatform.JUnitPlatformProvider.invokeAllTests(JUnitPlatformProvider.java:165)
	at org.apache.maven.surefire.junitplatform.JUnitPlatformProvider.invoke(JUnitPlatformProvider.java:124)
	at org.apache.maven.surefire.booter.ForkedBooter.runSuitesInProcess(ForkedBooter.java:428)
	at org.apache.maven.surefire.booter.ForkedBooter.execute(ForkedBooter.java:162)
	at org.apache.maven.surefire.booter.ForkedBooter.run(ForkedBooter.java:562)
	at org.apache.maven.surefire.booter.ForkedBooter.main(ForkedBooter.java:548)
2024-02-27 07:42:24,945 [main] INFO  om.OzoneManager (OzoneManager.java:addS3GVolumeToDB(4425)) - Created Volume s3v With Owner runner required for S3Gateway operations.
2024-02-27 07:42:24,945 [main] WARN  server.ServerUtils (ServerUtils.java:getDefaultRatisDirectory(311)) - Storage directory for Ratis is not configured. It is a good idea to map this to an SSD disk. Falling back to ozone.metadata.dirs
2024-02-27 07:42:24,945 [main] WARN  utils.OzoneManagerRatisUtils (OzoneManagerRatisUtils.java:getOMRatisSnapshotDirectory(476)) - ozone.om.ratis.snapshot.dir is not configured. Falling back to ozone.metadata.dirs config
2024-02-27 07:42:24,946 [main] INFO  utils.RDBSnapshotProvider (RDBSnapshotProvider.java:init(87)) - Cleaning up the candidate dir: /home/runner/work/ozone/ozone/hadoop-ozone/integration-test/target/test-dir/MiniOzoneClusterImpl-107870c4-38da-4dee-ace8-876b8e06d1b5/omNode-2/snapshot/om.db.candidate
2024-02-27 07:42:24,946 [main] INFO  ratis_snapshot.OmRatisSnapshotProvider (OmRatisSnapshotProvider.java:<init>(99)) - Initializing OM Snapshot Provider
2024-02-27 07:42:24,947 [main] WARN  dropwizard3.Dm3MetricRegistriesImpl (Dm3MetricRegistriesImpl.java:addReporterRegistration(113)) - New reporters are added after registries were created. Some metrics will be missing from the reporter. Please add reporter before adding any new registry.
2024-02-27 07:42:24,947 [main] WARN  dropwizard3.Dm3MetricRegistriesImpl (Dm3MetricRegistriesImpl.java:addReporterRegistration(113)) - New reporters are added after registries were created. Some metrics will be missing from the reporter. Please add reporter before adding any new registry.
2024-02-27 07:42:24,947 [main] WARN  server.ServerUtils (ServerUtils.java:getDefaultRatisDirectory(311)) - Storage directory for Ratis is not configured. It is a good idea to map this to an SSD disk. Falling back to ozone.metadata.dirs
2024-02-27 07:42:24,948 [main] INFO  ratis.OzoneManagerRatisServer (OzoneManagerRatisServer.java:<init>(167)) - Instantiating OM Ratis server with groupID: om-service-test1 and peers: localhost:15097, localhost:15101, localhost:15093
2024-02-27 07:42:24,949 [main] INFO  ratis.OzoneManagerStateMachine (OzoneManagerStateMachine.java:loadSnapshotInfoFromDB(576)) - TransactionInfo not found in OM DB.
2024-02-27 07:42:24,949 [main] INFO  server.RaftServer (ConfUtils.java:logGet(46)) - raft.rpc.type = GRPC (default)
2024-02-27 07:42:24,949 [main] INFO  grpc.GrpcConfigKeys (ConfUtils.java:logFallback(53)) - raft.grpc.admin.host = null (fallback to raft.grpc.server.host)
2024-02-27 07:42:24,949 [main] INFO  grpc.GrpcConfigKeys (ConfUtils.java:logFallback(53)) - raft.grpc.admin.port = 15097 (fallback to raft.grpc.server.port)
2024-02-27 07:42:24,950 [main] INFO  grpc.GrpcConfigKeys (ConfUtils.java:logFallback(53)) - raft.grpc.client.host = null (fallback to raft.grpc.server.host)
2024-02-27 07:42:24,950 [main] INFO  grpc.GrpcConfigKeys (ConfUtils.java:logFallback(53)) - raft.grpc.client.port = 15097 (fallback to raft.grpc.server.port)
2024-02-27 07:42:24,950 [main] INFO  grpc.GrpcConfigKeys (ConfUtils.java:logGet(46)) - raft.grpc.server.host = null (default)
2024-02-27 07:42:24,950 [main] INFO  grpc.GrpcConfigKeys (ConfUtils.java:logGet(46)) - raft.grpc.server.port = 15097 (custom)
2024-02-27 07:42:24,950 [main] INFO  server.GrpcService (ConfUtils.java:logGet(46)) - raft.grpc.message.size.max = 4194304 (custom)
2024-02-27 07:42:24,950 [main] INFO  server.RaftServerConfigKeys (ConfUtils.java:logGet(46)) - raft.server.log.appender.buffer.byte-limit = 4194304 (custom)
2024-02-27 07:42:24,950 [main] INFO  server.GrpcService (ConfUtils.java:logGet(46)) - raft.grpc.flow.control.window = 1MB (=1048576) (default)
2024-02-27 07:42:24,951 [main] INFO  server.RaftServerConfigKeys (ConfUtils.java:logGet(46)) - raft.server.rpc.request.timeout = 3000ms (default)
2024-02-27 07:42:24,951 [main] INFO  grpc.GrpcConfigKeys (ConfUtils.java:logGet(46)) - raft.grpc.server.heartbeat.channel = true (default)
2024-02-27 07:42:24,951 [main] INFO  grpc.GrpcConfigKeys (ConfUtils.java:logGet(46)) - raft.grpc.server.async.request.thread.pool.cached = true (default)
2024-02-27 07:42:24,951 [main] INFO  grpc.GrpcConfigKeys (ConfUtils.java:logGet(46)) - raft.grpc.server.async.request.thread.pool.size = 32 (default)
2024-02-27 07:42:24,952 [main] INFO  impl.DataStreamServerImpl (ConfUtils.java:logGet(46)) - raft.datastream.type = DISABLED (default)
2024-02-27 07:42:24,952 [main] INFO  server.RaftServerConfigKeys (ConfUtils.java:logGet(46)) - raft.server.sleep.deviation.threshold = 300ms (default)
2024-02-27 07:42:24,952 [main] INFO  server.RaftServerConfigKeys (ConfUtils.java:logGet(46)) - raft.server.close.threshold = 60s (default)
2024-02-27 07:42:24,953 [main] INFO  server.RaftServerConfigKeys (ConfUtils.java:logGet(46)) - raft.server.leaderelection.leader.step-down.wait-time = 10s (default)
2024-02-27 07:42:24,953 [main] INFO  server.RaftServerConfigKeys (ConfUtils.java:logGet(46)) - raft.server.storage.dir = [/home/runner/work/ozone/ozone/hadoop-ozone/integration-test/target/test-dir/MiniOzoneClusterImpl-107870c4-38da-4dee-ace8-876b8e06d1b5/omNode-2/ratis] (custom)
2024-02-27 07:42:24,953 [main] INFO  server.RaftServerConfigKeys (ConfUtils.java:logGet(46)) - raft.server.threadpool.proxy.cached = true (default)
2024-02-27 07:42:24,953 [main] INFO  server.RaftServerConfigKeys (ConfUtils.java:logGet(46)) - raft.server.threadpool.proxy.size = 0 (default)
2024-02-27 07:42:24,957 [main] INFO  server.RaftServer (RaftServerProxy.java:addNew(100)) - omNode-2: addNew group-523986131536:[omNode-3|localhost:15101, omNode-1|localhost:15093, omNode-2|localhost:15097] returns group-523986131536:java.util.concurrent.CompletableFuture@377426c2[Not completed]
2024-02-27 07:42:24,957 [main] INFO  om.OzoneManager (OzoneManager.java:initializeRatisServer(2140)) - OzoneManager Ratis server initialized at port 15097
2024-02-27 07:42:24,957 [main] INFO  om.OzoneManager (OzoneManager.java:getRpcServer(1206)) - Creating RPC Server
2024-02-27 07:42:24,957 [omNode-2-groupManagement] INFO  server.RaftServer$Division (RaftServerImpl.java:<init>(256)) - omNode-2: new RaftServerImpl for group-523986131536:[omNode-3|localhost:15101, omNode-1|localhost:15093, omNode-2|localhost:15097] with OzoneManagerStateMachine:uninitialized
2024-02-27 07:42:24,958 [omNode-2-groupManagement] INFO  server.RaftServerConfigKeys (ConfUtils.java:logGet(46)) - raft.server.rpc.timeout.min = 1s (custom)
2024-02-27 07:42:24,958 [omNode-2-groupManagement] INFO  server.RaftServerConfigKeys (ConfUtils.java:logGet(46)) - raft.server.rpc.timeout.max = 1200ms (custom)
2024-02-27 07:42:24,959 [omNode-2-groupManagement] INFO  server.RaftServerConfigKeys (ConfUtils.java:logGet(46)) - raft.server.rpc.sleep.time = 25ms (default)
2024-02-27 07:42:24,959 [omNode-2-groupManagement] INFO  server.RaftServerConfigKeys (ConfUtils.java:logGet(46)) - raft.server.rpc.slowness.timeout = 2s (custom)
2024-02-27 07:42:24,959 [omNode-2-groupManagement] INFO  server.RaftServerConfigKeys (ConfUtils.java:logGet(46)) - raft.server.leaderelection.leader.step-down.wait-time = 10s (default)
2024-02-27 07:42:24,959 [omNode-2-groupManagement] INFO  server.RaftServerConfigKeys (ConfUtils.java:logGet(46)) - raft.server.leaderelection.member.majority-add = false (default)
2024-02-27 07:42:24,960 [omNode-2-groupManagement] INFO  server.RaftServerConfigKeys (ConfUtils.java:logGet(46)) - raft.server.sleep.deviation.threshold = 300ms (default)
2024-02-27 07:42:24,960 [omNode-2-groupManagement] INFO  server.RaftServer$Division (ServerState.java:<init>(113)) - omNode-2@group-523986131536: ConfigurationManager, init=-1: peers:[omNode-3|localhost:15101, omNode-1|localhost:15093, omNode-2|localhost:15097]|listeners:[], old=null, confs=<EMPTY_MAP>
2024-02-27 07:42:24,960 [omNode-2-groupManagement] INFO  server.RaftServerConfigKeys (ConfUtils.java:logGet(46)) - raft.server.notification.no-leader.timeout = 2s (custom)
2024-02-27 07:42:24,961 [omNode-2-groupManagement] INFO  server.RaftServerConfigKeys (ConfUtils.java:logGet(46)) - raft.server.read.timeout = 10s (default)
2024-02-27 07:42:24,961 [omNode-2-groupManagement] INFO  server.RaftServerConfigKeys (ConfUtils.java:logGet(46)) - raft.server.retrycache.expirytime = 30000ms (custom)
2024-02-27 07:42:24,961 [omNode-2-groupManagement] INFO  server.RaftServerConfigKeys (ConfUtils.java:logGet(46)) - raft.server.retrycache.statistics.expirytime = 100ms (default)
2024-02-27 07:42:24,962 [omNode-2-groupManagement] INFO  server.RaftServerConfigKeys (ConfUtils.java:logGet(46)) - raft.server.read.option = DEFAULT (default)
2024-02-27 07:42:24,962 [omNode-2-groupManagement] INFO  server.RaftServerConfigKeys (ConfUtils.java:logGet(46)) - raft.server.read.read-after-write-consistent.write-index-cache.expiry-time = 60s (default)
2024-02-27 07:42:24,963 [omNode-2-groupManagement] INFO  server.RaftServerConfigKeys (ConfUtils.java:logGet(46)) - raft.server.rpc.request.timeout = 3000ms (default)
2024-02-27 07:42:24,963 [omNode-2-groupManagement] INFO  server.RaftServerConfigKeys (ConfUtils.java:logGet(46)) - raft.server.log.appender.install.snapshot.enabled = false (custom)
2024-02-27 07:42:24,964 [omNode-2-groupManagement] INFO  server.RaftServerConfigKeys (ConfUtils.java:logGet(46)) - raft.server.threadpool.server.cached = true (default)
2024-02-27 07:42:24,964 [omNode-2-groupManagement] INFO  server.RaftServerConfigKeys (ConfUtils.java:logGet(46)) - raft.server.threadpool.server.size = 0 (default)
2024-02-27 07:42:24,964 [omNode-2-groupManagement] INFO  server.RaftServerConfigKeys (ConfUtils.java:logGet(46)) - raft.server.threadpool.client.cached = true (default)
2024-02-27 07:42:24,964 [omNode-2-groupManagement] INFO  server.RaftServerConfigKeys (ConfUtils.java:logGet(46)) - raft.server.threadpool.client.size = 0 (default)
2024-02-27 07:42:25,171 [main] INFO  ipc.CallQueueManager (CallQueueManager.java:<init>(90)) - Using callQueue: class java.util.concurrent.LinkedBlockingQueue, queueCapacity: 2000, scheduler: class org.apache.hadoop.ipc.DefaultRpcScheduler, ipcBackoff: false.
2024-02-27 07:42:25,171 [main] INFO  ipc.Server (Server.java:<init>(1287)) - Listener at 127.0.0.1:15094
2024-02-27 07:42:25,172 [Socket Reader #1 for port 15094] INFO  ipc.Server (Server.java:run(1323)) - Starting Socket Reader #1 for port 15094
2024-02-27 07:42:25,185 [main] INFO  impl.MetricsSystemImpl (MetricsSystemImpl.java:init(158)) - OzoneManager metrics system started (again)
2024-02-27 07:42:25,192 [main] INFO  om.OzoneManager (OzoneManager.java:start(1628)) - OzoneManager RPC server is listening at localhost/127.0.0.1:15094
2024-02-27 07:42:25,193 [main] INFO  ratis.OzoneManagerRatisServer (OzoneManagerRatisServer.java:start(588)) - Starting OzoneManagerRatisServer omNode-2 at port 15097
2024-02-27 07:42:25,197 [omNode-2-impl-thread1] INFO  server.RaftServerConfigKeys (ConfUtils.java:logGet(46)) - raft.server.storage.free-space.min = 0MB (=0) (default)
2024-02-27 07:42:25,197 [omNode-2-impl-thread1] INFO  server.RaftServerConfigKeys (ConfUtils.java:logGet(46)) - raft.server.log.corruption.policy = EXCEPTION (default)
2024-02-27 07:42:25,197 [omNode-2-impl-thread1] INFO  server.RaftServerConfigKeys (ConfUtils.java:logGet(46)) - raft.server.storage.dir = [/home/runner/work/ozone/ozone/hadoop-ozone/integration-test/target/test-dir/MiniOzoneClusterImpl-107870c4-38da-4dee-ace8-876b8e06d1b5/omNode-2/ratis] (custom)
2024-02-27 07:42:25,197 [omNode-2-impl-thread1] INFO  storage.RaftStorageDirectory (RaftStorageDirectoryImpl.java:analyzeStorage(138)) - The storage directory /home/runner/work/ozone/ozone/hadoop-ozone/integration-test/target/test-dir/MiniOzoneClusterImpl-107870c4-38da-4dee-ace8-876b8e06d1b5/omNode-2/ratis/c9bc4cf4-3bc3-3c60-a66b-523986131536 does not exist. Creating ...
2024-02-27 07:42:25,198 [omNode-2-impl-thread1] INFO  storage.RaftStorageDirectory (RaftStorageDirectoryImpl.java:tryLock(228)) - Lock on /home/runner/work/ozone/ozone/hadoop-ozone/integration-test/target/test-dir/MiniOzoneClusterImpl-107870c4-38da-4dee-ace8-876b8e06d1b5/omNode-2/ratis/c9bc4cf4-3bc3-3c60-a66b-523986131536/in_use.lock acquired by nodename 40924@fv-az699-61
2024-02-27 07:42:25,199 [omNode-2-impl-thread1] INFO  storage.RaftStorage (RaftStorageImpl.java:format(99)) - Storage directory /home/runner/work/ozone/ozone/hadoop-ozone/integration-test/target/test-dir/MiniOzoneClusterImpl-107870c4-38da-4dee-ace8-876b8e06d1b5/omNode-2/ratis/c9bc4cf4-3bc3-3c60-a66b-523986131536 has been successfully formatted.
2024-02-27 07:42:25,199 [omNode-2-impl-thread1] WARN  util.FileUtils (LogUtils.java:supplyAndLog(63)) - Failed to Files.newInputStream /home/runner/work/ozone/ozone/hadoop-ozone/integration-test/target/test-dir/MiniOzoneClusterImpl-107870c4-38da-4dee-ace8-876b8e06d1b5/omNode-2/ratis/c9bc4cf4-3bc3-3c60-a66b-523986131536/current/raft-meta.conf with options []: java.nio.file.NoSuchFileException: /home/runner/work/ozone/ozone/hadoop-ozone/integration-test/target/test-dir/MiniOzoneClusterImpl-107870c4-38da-4dee-ace8-876b8e06d1b5/omNode-2/ratis/c9bc4cf4-3bc3-3c60-a66b-523986131536/current/raft-meta.conf
2024-02-27 07:42:25,200 [omNode-2-impl-thread1] INFO  server.RaftServerConfigKeys (ConfUtils.java:logGet(46)) - raft.server.log.use.memory = false (default)
2024-02-27 07:42:25,200 [omNode-2-impl-thread1] INFO  server.RaftServerConfigKeys (ConfUtils.java:logGet(46)) - raft.server.log.purge.gap = 50 (custom)
2024-02-27 07:42:25,200 [omNode-2-impl-thread1] INFO  server.RaftServerConfigKeys (ConfUtils.java:logGet(46)) - raft.server.log.appender.buffer.byte-limit = 4194304 (custom)
2024-02-27 07:42:25,200 [omNode-2-impl-thread1] INFO  server.RaftServerConfigKeys (ConfUtils.java:logGet(46)) - raft.server.log.statemachine.data.read.timeout = 1000ms (default)
2024-02-27 07:42:25,200 [omNode-2-impl-thread1] INFO  server.RaftServerConfigKeys (ConfUtils.java:logGet(46)) - raft.server.log.purge.preservation.log.num = 0 (default)
2024-02-27 07:42:25,200 [omNode-2-impl-thread1] INFO  server.RaftServerConfigKeys (ConfUtils.java:logGet(46)) - raft.server.log.segment.size.max = 4194304 (custom)
2024-02-27 07:42:25,201 [omNode-2-impl-thread1] INFO  server.RaftServerConfigKeys (ConfUtils.java:logGet(46)) - raft.server.log.segment.cache.num.max = 2 (custom)
2024-02-27 07:42:25,201 [omNode-2-impl-thread1] INFO  server.RaftServerConfigKeys (ConfUtils.java:logGet(46)) - raft.server.log.segment.cache.size.max = 200MB (=209715200) (default)
2024-02-27 07:42:25,201 [omNode-2-impl-thread1] INFO  server.RaftServerConfigKeys (ConfUtils.java:logGet(46)) - raft.server.log.appender.buffer.byte-limit = 4194304 (custom)
2024-02-27 07:42:25,201 [omNode-2-impl-thread1] INFO  util.AwaitToRun (AwaitToRun.java:start(81)) - Thread[omNode-2@group-523986131536-cacheEviction-AwaitToRun,5,main] started
2024-02-27 07:42:25,201 [omNode-2-impl-thread1] INFO  segmented.SegmentedRaftLogWorker (SegmentedRaftLogWorker.java:<init>(182)) - new omNode-2@group-523986131536-SegmentedRaftLogWorker for RaftStorageImpl:Storage Directory /home/runner/work/ozone/ozone/hadoop-ozone/integration-test/target/test-dir/MiniOzoneClusterImpl-107870c4-38da-4dee-ace8-876b8e06d1b5/omNode-2/ratis/c9bc4cf4-3bc3-3c60-a66b-523986131536
2024-02-27 07:42:25,201 [omNode-2-impl-thread1] INFO  server.RaftServerConfigKeys (ConfUtils.java:logGet(46)) - raft.server.log.queue.byte-limit = 64MB (=67108864) (default)
2024-02-27 07:42:25,201 [omNode-2-impl-thread1] INFO  server.RaftServerConfigKeys (ConfUtils.java:logGet(46)) - raft.server.log.queue.element-limit = 4096 (default)
2024-02-27 07:42:25,201 [omNode-2-impl-thread1] INFO  server.RaftServerConfigKeys (ConfUtils.java:logGet(46)) - raft.server.log.segment.size.max = 4194304 (custom)
2024-02-27 07:42:25,201 [omNode-2-impl-thread1] INFO  server.RaftServerConfigKeys (ConfUtils.java:logGet(46)) - raft.server.log.preallocated.size = 4194304 (custom)
2024-02-27 07:42:25,201 [omNode-2-impl-thread1] INFO  server.RaftServerConfigKeys (ConfUtils.java:logGet(46)) - raft.server.log.force.sync.num = 128 (default)
2024-02-27 07:42:25,201 [omNode-2-impl-thread1] INFO  server.RaftServerConfigKeys (ConfUtils.java:logGet(46)) - raft.server.log.statemachine.data.sync = true (default)
2024-02-27 07:42:25,201 [omNode-2-impl-thread1] INFO  server.RaftServerConfigKeys (ConfUtils.java:logGet(46)) - raft.server.log.statemachine.data.sync.timeout = 10s (default)
2024-02-27 07:42:25,202 [omNode-2-impl-thread1] INFO  server.RaftServerConfigKeys (ConfUtils.java:logGet(46)) - raft.server.log.statemachine.data.sync.timeout.retry = -1 (default)
2024-02-27 07:42:25,202 [omNode-2-impl-thread1] INFO  server.RaftServerConfigKeys (ConfUtils.java:logGet(46)) - raft.server.log.write.buffer.size = 4194312 (custom)
2024-02-27 07:42:25,203 [omNode-2-impl-thread1] INFO  server.RaftServerConfigKeys (ConfUtils.java:logGet(46)) - raft.server.log.appender.buffer.byte-limit = 4194304 (custom)
2024-02-27 07:42:25,203 [omNode-2-impl-thread1] INFO  server.RaftServerConfigKeys (ConfUtils.java:logGet(46)) - raft.server.log.unsafe-flush.enabled = false (default)
2024-02-27 07:42:25,203 [omNode-2-impl-thread1] INFO  server.RaftServerConfigKeys (ConfUtils.java:logGet(46)) - raft.server.log.async-flush.enabled = false (default)
2024-02-27 07:42:25,203 [omNode-2-impl-thread1] INFO  server.RaftServerConfigKeys (ConfUtils.java:logGet(46)) - raft.server.log.statemachine.data.caching.enabled = false (default)
2024-02-27 07:42:25,203 [omNode-2-impl-thread1] INFO  segmented.SegmentedRaftLogWorker (SegmentedRaftLogWorker.java:lambda$new$0(134)) - omNode-2@group-523986131536-SegmentedRaftLogWorker: flushIndex: setUnconditionally 0 -> -1
2024-02-27 07:42:25,203 [omNode-2-impl-thread1] INFO  segmented.SegmentedRaftLogWorker (SegmentedRaftLogWorker.java:lambda$new$0(134)) - omNode-2@group-523986131536-SegmentedRaftLogWorker: safeCacheEvictIndex: setUnconditionally 0 -> -1
2024-02-27 07:42:25,203 [omNode-2-impl-thread1] INFO  server.RaftServer$Division (RaftServerImpl.java:start(396)) - omNode-2@group-523986131536: start as a follower, conf=-1: peers:[omNode-3|localhost:15101, omNode-1|localhost:15093, omNode-2|localhost:15097]|listeners:[], old=null
2024-02-27 07:42:25,203 [omNode-2-impl-thread1] INFO  server.RaftServer$Division (RaftServerImpl.java:setRole(383)) - omNode-2@group-523986131536: changes role from      null to FOLLOWER at term 0 for startAsFollower
2024-02-27 07:42:25,203 [omNode-2-impl-thread1] INFO  impl.RoleInfo (RoleInfo.java:updateAndGet(139)) - omNode-2: start omNode-2@group-523986131536-FollowerState
2024-02-27 07:42:25,204 [omNode-2-impl-thread1] INFO  util.JmxRegister (JmxRegister.java:tryRegister(44)) - Successfully registered JMX Bean with object name Ratis:service=RaftServer,group=group-523986131536,id=omNode-2
2024-02-27 07:42:25,204 [omNode-2-impl-thread1] INFO  server.RaftServerConfigKeys (ConfUtils.java:logGet(46)) - raft.server.snapshot.trigger-when-stop.enabled = true (default)
2024-02-27 07:42:25,204 [omNode-2-impl-thread1] INFO  server.RaftServerConfigKeys (ConfUtils.java:logGet(46)) - raft.server.snapshot.auto.trigger.enabled = true (custom)
2024-02-27 07:42:25,204 [omNode-2-impl-thread1] INFO  server.RaftServerConfigKeys (ConfUtils.java:logGet(46)) - raft.server.snapshot.auto.trigger.threshold = 50 (custom)
2024-02-27 07:42:25,204 [omNode-2-impl-thread1] INFO  server.RaftServerConfigKeys (ConfUtils.java:logGet(46)) - raft.server.snapshot.retention.file.num = -1 (default)
2024-02-27 07:42:25,204 [omNode-2-impl-thread1] INFO  server.RaftServerConfigKeys (ConfUtils.java:logGet(46)) - raft.server.log.purge.upto.snapshot.index = true (custom)
2024-02-27 07:42:25,204 [omNode-2@group-523986131536-FollowerState] INFO  server.RaftServerConfigKeys (ConfUtils.java:logFallback(53)) - raft.server.rpc.first-election.timeout.min = 1s (fallback to raft.server.rpc.timeout.min)
2024-02-27 07:42:25,204 [omNode-2@group-523986131536-FollowerState] INFO  server.RaftServerConfigKeys (ConfUtils.java:logFallback(53)) - raft.server.rpc.first-election.timeout.max = 1200ms (fallback to raft.server.rpc.timeout.max)
2024-02-27 07:42:25,204 [main] INFO  server.RaftServer (RaftServerProxy.java:startImpl(406)) - omNode-2: start RPC server
2024-02-27 07:42:25,206 [main] INFO  server.GrpcService (GrpcService.java:startImpl(302)) - omNode-2: GrpcService started, listening on 15097
2024-02-27 07:42:25,206 [JvmPauseMonitor31] INFO  util.JvmPauseMonitor (JvmPauseMonitor.java:run(146)) - JvmPauseMonitor-omNode-2: Started
2024-02-27 07:42:25,206 [main] INFO  om.OzoneManager (OzoneManager.java:start(1644)) - Version File has different layout version (6) than OM DB (null). That is expected if this OM has never been finalized to a newer layout version.
2024-02-27 07:42:25,209 [main] INFO  http.BaseHttpServer (BaseHttpServer.java:newHttpServer2BuilderForOzone(223)) - Starting Web-server for ozoneManager at: http://0.0.0.0:15095
2024-02-27 07:42:25,209 [main] INFO  http.BaseHttpServer (BaseHttpServer.java:<init>(110)) - Hadoop Security Enabled: false Ozone Security Enabled: false Ozone HTTP Security Enabled: false 
2024-02-27 07:42:25,210 [main] WARN  server.AuthenticationFilter (AuthenticationFilter.java:constructSecretProvider(240)) - Unable to initialize FileSignerSecretProvider, falling back to use random secrets. Reason: Could not read signature secret file: /home/runner/hadoop-http-auth-signature-secret
2024-02-27 07:42:25,210 [main] INFO  http.HttpRequestLog (HttpRequestLog.java:getRequestLog(86)) - Http request log for http.requests.ozoneManager is not defined
2024-02-27 07:42:25,211 [main] INFO  http.HttpServer2 (HttpServer2.java:addGlobalFilter(1036)) - Added global filter 'safety' (class=org.apache.hadoop.hdds.server.http.HttpServer2$QuotingInputFilter)
2024-02-27 07:42:25,211 [main] INFO  http.HttpServer2 (HttpServer2.java:addFilter(1012)) - Added filter static_user_filter (class=org.apache.hadoop.http.lib.StaticUserWebFilter$StaticUserFilter) to context ozoneManager
2024-02-27 07:42:25,211 [main] INFO  http.HttpServer2 (HttpServer2.java:addFilter(1020)) - Added filter static_user_filter (class=org.apache.hadoop.http.lib.StaticUserWebFilter$StaticUserFilter) to context static
2024-02-27 07:42:25,212 [main] INFO  http.HttpServer2 (HttpServer2.java:addFilter(1020)) - Added filter static_user_filter (class=org.apache.hadoop.http.lib.StaticUserWebFilter$StaticUserFilter) to context logs
2024-02-27 07:42:25,212 [main] INFO  http.BaseHttpServer (BaseHttpServer.java:<init>(189)) - HTTP server of ozoneManager uses base directory /home/runner/work/ozone/ozone/hadoop-ozone/integration-test/target/test-dir/MiniOzoneClusterImpl-107870c4-38da-4dee-ace8-876b8e06d1b5/omNode-2/webserver
2024-02-27 07:42:25,212 [main] INFO  http.HttpServer2 (HttpServer2.java:bindListener(1236)) - Jetty bound to port 15095
2024-02-27 07:42:25,212 [main] INFO  server.Server (Server.java:doStart(375)) - jetty-9.4.53.v20231009; built: 2023-10-09T12:29:09.265Z; git: 27bde00a0b95a1d5bbee0eae7984f891d2d0f8c9; jvm 1.8.0_402-b06
2024-02-27 07:42:25,215 [main] INFO  server.session (DefaultSessionIdManager.java:doStart(334)) - DefaultSessionIdManager workerName=node0
2024-02-27 07:42:25,215 [main] INFO  server.session (DefaultSessionIdManager.java:doStart(339)) - No SessionScavenger set, using defaults
2024-02-27 07:42:25,215 [main] INFO  server.session (HouseKeeper.java:startScavenging(132)) - node0 Scavenging every 600000ms
2024-02-27 07:42:25,216 [main] INFO  handler.ContextHandler (ContextHandler.java:doStart(921)) - Started o.e.j.s.ServletContextHandler@ebbe156{logs,/logs,file:///home/runner/work/ozone/ozone/hadoop-ozone/integration-test/target/log,AVAILABLE}
2024-02-27 07:42:25,216 [main] INFO  handler.ContextHandler (ContextHandler.java:doStart(921)) - Started o.e.j.s.ServletContextHandler@98aa2ee{static,/static,file:///home/runner/work/ozone/ozone/hadoop-ozone/integration-test/target/test-classes/webapps/static,AVAILABLE}
2024-02-27 07:42:25,221 [main] INFO  handler.ContextHandler (ContextHandler.java:doStart(921)) - Started o.e.j.w.WebAppContext@6a5ebac7{ozoneManager,/,file:///home/runner/work/ozone/ozone/hadoop-ozone/integration-test/target/test-classes/webapps/ozoneManager/,AVAILABLE}{file:/home/runner/work/ozone/ozone/hadoop-ozone/integration-test/target/test-classes/webapps/ozoneManager}
2024-02-27 07:42:25,223 [main] INFO  server.AbstractConnector (AbstractConnector.java:doStart(333)) - Started ServerConnector@3d22198c{HTTP/1.1, (http/1.1)}{0.0.0.0:15095}
2024-02-27 07:42:25,223 [main] INFO  server.Server (Server.java:doStart(415)) - Started @227931ms
2024-02-27 07:42:25,223 [main] WARN  impl.MetricsSystemImpl (MetricsSystemImpl.java:register(279)) - Sink prometheus already exists!
2024-02-27 07:42:25,224 [main] INFO  http.BaseHttpServer (BaseHttpServer.java:updateConnectorAddress(354)) - HTTP server of ozoneManager listening at http://0.0.0.0:15095
2024-02-27 07:42:25,224 [IPC Server Responder] INFO  ipc.Server (Server.java:run(1562)) - IPC Server Responder: starting
2024-02-27 07:42:25,233 [IPC Server listener on 15094] INFO  ipc.Server (Server.java:run(1402)) - IPC Server listener on 15094: starting
2024-02-27 07:42:25,235 [main] INFO  om.OzoneManager (OzoneManager.java:startTrashEmptier(2093)) - Trash Interval set to 0. Files deleted won't move to trash
2024-02-27 07:42:25,235 [main] INFO  ozone.MiniOzoneHAClusterImpl (MiniOzoneHAClusterImpl.java:createOMService(474)) - Started OzoneManager omNode-2 RPC server at localhost/127.0.0.1:15094
2024-02-27 07:42:25,235 [main] INFO  ha.OMHANodeDetails (OMHANodeDetails.java:loadOMHAConfig(121)) - ServiceID for OzoneManager is om-service-test1
2024-02-27 07:42:25,268 [main] INFO  ha.OMHANodeDetails (OMHANodeDetails.java:loadOMHAConfig(201)) - Found matching OM address with OMServiceId: om-service-test1, OMNodeId: omNode-3, RPC Address: localhost:15098 and Ratis port: 15101
2024-02-27 07:42:25,268 [main] INFO  ha.OMHANodeDetails (ConfUtils.java:setNodeSpecificConfigs(97)) - Setting configuration key ozone.om.http-address with value of key ozone.om.http-address.om-service-test1.omNode-3: 127.0.0.1:15099
2024-02-27 07:42:25,268 [main] INFO  ha.OMHANodeDetails (ConfUtils.java:setNodeSpecificConfigs(97)) - Setting configuration key ozone.om.https-address with value of key ozone.om.https-address.om-service-test1.omNode-3: 127.0.0.1:15100
2024-02-27 07:42:25,268 [main] INFO  ha.OMHANodeDetails (ConfUtils.java:setNodeSpecificConfigs(97)) - Setting configuration key ozone.om.address with value of key ozone.om.address.om-service-test1.omNode-3: 127.0.0.1:15098
2024-02-27 07:42:25,268 [main] WARN  server.ServerUtils (ServerUtils.java:getDBPath(299)) - ozone.om.db.dirs is not configured. We recommend adding this setting. Falling back to ozone.metadata.dirs instead.
2024-02-27 07:42:25,269 [main] INFO  proxy.SCMBlockLocationFailoverProxyProvider (SCMBlockLocationFailoverProxyProvider.java:<init>(115)) - Created block location fail-over proxy with 1 nodes: [nodeId=scmNodeId,nodeAddress=/0.0.0.0:15087]
OM initialization succeeded.Current cluster id for sd=/home/runner/work/ozone/ozone/hadoop-ozone/integration-test/target/test-dir/MiniOzoneClusterImpl-107870c4-38da-4dee-ace8-876b8e06d1b5/omNode-3/om;cid=107870c4-38da-4dee-ace8-876b8e06d1b5;layoutVersion=6
2024-02-27 07:42:25,276 [main] INFO  ha.OMHANodeDetails (OMHANodeDetails.java:loadOMHAConfig(121)) - ServiceID for OzoneManager is om-service-test1
2024-02-27 07:42:25,276 [main] INFO  ha.OMHANodeDetails (OMHANodeDetails.java:loadOMHAConfig(201)) - Found matching OM address with OMServiceId: om-service-test1, OMNodeId: omNode-3, RPC Address: localhost:15098 and Ratis port: 15101
2024-02-27 07:42:25,276 [main] INFO  ha.OMHANodeDetails (ConfUtils.java:setNodeSpecificConfigs(97)) - Setting configuration key ozone.om.http-address with value of key ozone.om.http-address.om-service-test1.omNode-3: 127.0.0.1:15099
2024-02-27 07:42:25,276 [main] INFO  ha.OMHANodeDetails (ConfUtils.java:setNodeSpecificConfigs(97)) - Setting configuration key ozone.om.https-address with value of key ozone.om.https-address.om-service-test1.omNode-3: 127.0.0.1:15100
2024-02-27 07:42:25,276 [main] INFO  ha.OMHANodeDetails (ConfUtils.java:setNodeSpecificConfigs(97)) - Setting configuration key ozone.om.address with value of key ozone.om.address.om-service-test1.omNode-3: 127.0.0.1:15098
2024-02-27 07:42:25,276 [main] WARN  server.ServerUtils (ServerUtils.java:getDBPath(299)) - ozone.om.db.dirs is not configured. We recommend adding this setting. Falling back to ozone.metadata.dirs instead.
2024-02-27 07:42:25,277 [main] INFO  upgrade.AbstractLayoutVersionManager (AbstractLayoutVersionManager.java:init(83)) - Initializing Layout version manager with metadata layout = QUOTA (version = 6), software layout = QUOTA (version = 6)
2024-02-27 07:42:25,309 [main] INFO  upgrade.OMLayoutVersionManager (OMLayoutVersionManager.java:lambda$0(113)) - Skipping Upgrade Action QuotaRepairUpgradeAction since it has been finalized.
2024-02-27 07:42:25,309 [main] INFO  upgrade.OMLayoutVersionManager (OMLayoutVersionManager.java:lambda$0(113)) - Skipping Upgrade Action MockOmUpgradeAction since it has been finalized.
2024-02-27 07:42:25,309 [main] WARN  server.ServerUtils (ServerUtils.java:getDBPath(299)) - ozone.om.db.dirs is not configured. We recommend adding this setting. Falling back to ozone.metadata.dirs instead.
2024-02-27 07:42:25,309 [main] INFO  proxy.SCMBlockLocationFailoverProxyProvider (SCMBlockLocationFailoverProxyProvider.java:<init>(115)) - Created block location fail-over proxy with 1 nodes: [nodeId=scmNodeId,nodeAddress=/0.0.0.0:15087]
2024-02-27 07:42:25,310 [main] INFO  proxy.SCMBlockLocationFailoverProxyProvider (SCMBlockLocationFailoverProxyProvider.java:<init>(115)) - Created block location fail-over proxy with 1 nodes: [nodeId=scmNodeId,nodeAddress=/0.0.0.0:15087]
2024-02-27 07:42:25,315 [main] INFO  om.OzoneManager (OzoneManager.java:<init>(672)) - OM start with adminUsers: [*, runner]
2024-02-27 07:42:25,315 [main] WARN  server.ServerUtils (ServerUtils.java:getDBPath(299)) - ozone.om.db.dirs is not configured. We recommend adding this setting. Falling back to ozone.metadata.dirs instead.
2024-02-27 07:42:25,316 [main] INFO  helpers.OmKeyInfo (OmKeyInfo.java:getCodec(71)) - OmKeyInfo.getCodec ignorePipeline = true
2024-02-27 07:42:25,461 [main] INFO  om.OzoneManager (OzoneManager.java:instantiateServices(804)) - S3 Multi-Tenancy is disabled
2024-02-27 07:42:25,461 [main] INFO  om.OmSnapshotManager (OmSnapshotManager.java:<init>(177)) - Ozone filesystem snapshot feature is enabled.
2024-02-27 07:42:25,461 [main] WARN  server.ServerUtils (ServerUtils.java:getDBPath(299)) - ozone.om.snapshot.diff.db.dir is not configured. We recommend adding this setting. Falling back to ozone.metadata.dirs instead.
2024-02-27 07:42:25,474 [main] INFO  utils.NativeLibraryLoader (NativeLibraryLoader.java:loadLibrary(108)) - Loading Library: ozone_rocksdb_tools
2024-02-27 07:42:25,474 [main] ERROR snapshot.SnapshotDiffManager (SnapshotDiffManager.java:initNativeLibraryForEfficientDiff(287)) - Native Library for raw sst file reading loading failed.
org.apache.hadoop.hdds.utils.NativeLibraryNotLoadedException: Unable to load library ozone_rocksdb_tools from both java.library.path & resource file libozone_rocksdb_tools.so from jar.
	at org.apache.hadoop.hdds.utils.db.managed.ManagedRawSSTFileReader.loadLibrary(ManagedRawSSTFileReader.java:38)
	at org.apache.hadoop.ozone.om.snapshot.SnapshotDiffManager.initNativeLibraryForEfficientDiff(SnapshotDiffManager.java:285)
	at org.apache.hadoop.ozone.om.snapshot.SnapshotDiffManager.<init>(SnapshotDiffManager.java:259)
	at org.apache.hadoop.ozone.om.OmSnapshotManager.<init>(OmSnapshotManager.java:279)
	at org.apache.hadoop.ozone.om.OzoneManager.instantiateServices(OzoneManager.java:856)
	at org.apache.hadoop.ozone.om.OzoneManager.<init>(OzoneManager.java:682)
	at org.apache.hadoop.ozone.om.OzoneManager.createOm(OzoneManager.java:767)
	at org.apache.hadoop.ozone.MiniOzoneHAClusterImpl$Builder.createOMService(MiniOzoneHAClusterImpl.java:467)
	at org.apache.hadoop.ozone.MiniOzoneHAClusterImpl$Builder.build(MiniOzoneHAClusterImpl.java:387)
	at org.apache.hadoop.ozone.om.TestOzoneManagerHA.init(TestOzoneManagerHA.java:184)
	at sun.reflect.NativeMethodAccessorImpl.invoke0(Native Method)
	at sun.reflect.NativeMethodAccessorImpl.invoke(NativeMethodAccessorImpl.java:62)
	at sun.reflect.DelegatingMethodAccessorImpl.invoke(DelegatingMethodAccessorImpl.java:43)
	at java.lang.reflect.Method.invoke(Method.java:498)
	at org.junit.platform.commons.util.ReflectionUtils.invokeMethod(ReflectionUtils.java:728)
	at org.junit.jupiter.engine.execution.MethodInvocation.proceed(MethodInvocation.java:60)
	at org.junit.jupiter.engine.execution.InvocationInterceptorChain$ValidatingInvocation.proceed(InvocationInterceptorChain.java:131)
	at org.junit.jupiter.engine.extension.TimeoutExtension.intercept(TimeoutExtension.java:156)
	at org.junit.jupiter.engine.extension.TimeoutExtension.interceptLifecycleMethod(TimeoutExtension.java:128)
	at org.junit.jupiter.engine.extension.TimeoutExtension.interceptBeforeAllMethod(TimeoutExtension.java:70)
	at org.junit.jupiter.engine.execution.InterceptingExecutableInvoker$ReflectiveInterceptorCall.lambda$ofVoidMethod$0(InterceptingExecutableInvoker.java:103)
	at org.junit.jupiter.engine.execution.InterceptingExecutableInvoker.lambda$invoke$0(InterceptingExecutableInvoker.java:93)
	at org.junit.jupiter.engine.execution.InvocationInterceptorChain$InterceptedInvocation.proceed(InvocationInterceptorChain.java:106)
	at org.junit.jupiter.engine.execution.InvocationInterceptorChain.proceed(InvocationInterceptorChain.java:64)
	at org.junit.jupiter.engine.execution.InvocationInterceptorChain.chainAndInvoke(InvocationInterceptorChain.java:45)
	at org.junit.jupiter.engine.execution.InvocationInterceptorChain.invoke(InvocationInterceptorChain.java:37)
	at org.junit.jupiter.engine.execution.InterceptingExecutableInvoker.invoke(InterceptingExecutableInvoker.java:92)
	at org.junit.jupiter.engine.execution.InterceptingExecutableInvoker.invoke(InterceptingExecutableInvoker.java:86)
	at org.junit.jupiter.engine.descriptor.ClassBasedTestDescriptor.lambda$invokeBeforeAllMethods$13(ClassBasedTestDescriptor.java:412)
	at org.junit.platform.engine.support.hierarchical.ThrowableCollector.execute(ThrowableCollector.java:73)
	at org.junit.jupiter.engine.descriptor.ClassBasedTestDescriptor.invokeBeforeAllMethods(ClassBasedTestDescriptor.java:410)
	at org.junit.jupiter.engine.descriptor.ClassBasedTestDescriptor.before(ClassBasedTestDescriptor.java:216)
	at org.junit.jupiter.engine.descriptor.ClassBasedTestDescriptor.before(ClassBasedTestDescriptor.java:85)
	at org.junit.platform.engine.support.hierarchical.NodeTestTask.lambda$executeRecursively$6(NodeTestTask.java:148)
	at org.junit.platform.engine.support.hierarchical.ThrowableCollector.execute(ThrowableCollector.java:73)
	at org.junit.platform.engine.support.hierarchical.NodeTestTask.lambda$executeRecursively$8(NodeTestTask.java:141)
	at org.junit.platform.engine.support.hierarchical.Node.around(Node.java:137)
	at org.junit.platform.engine.support.hierarchical.NodeTestTask.lambda$executeRecursively$9(NodeTestTask.java:139)
	at org.junit.platform.engine.support.hierarchical.ThrowableCollector.execute(ThrowableCollector.java:73)
	at org.junit.platform.engine.support.hierarchical.NodeTestTask.executeRecursively(NodeTestTask.java:138)
	at org.junit.platform.engine.support.hierarchical.NodeTestTask.execute(NodeTestTask.java:95)
	at java.util.ArrayList.forEach(ArrayList.java:1259)
	at org.junit.platform.engine.support.hierarchical.SameThreadHierarchicalTestExecutorService.invokeAll(SameThreadHierarchicalTestExecutorService.java:41)
	at org.junit.platform.engine.support.hierarchical.NodeTestTask.lambda$executeRecursively$6(NodeTestTask.java:155)
	at org.junit.platform.engine.support.hierarchical.ThrowableCollector.execute(ThrowableCollector.java:73)
	at org.junit.platform.engine.support.hierarchical.NodeTestTask.lambda$executeRecursively$8(NodeTestTask.java:141)
	at org.junit.platform.engine.support.hierarchical.Node.around(Node.java:137)
	at org.junit.platform.engine.support.hierarchical.NodeTestTask.lambda$executeRecursively$9(NodeTestTask.java:139)
	at org.junit.platform.engine.support.hierarchical.ThrowableCollector.execute(ThrowableCollector.java:73)
	at org.junit.platform.engine.support.hierarchical.NodeTestTask.executeRecursively(NodeTestTask.java:138)
	at org.junit.platform.engine.support.hierarchical.NodeTestTask.execute(NodeTestTask.java:95)
	at org.junit.platform.engine.support.hierarchical.SameThreadHierarchicalTestExecutorService.submit(SameThreadHierarchicalTestExecutorService.java:35)
	at org.junit.platform.engine.support.hierarchical.HierarchicalTestExecutor.execute(HierarchicalTestExecutor.java:57)
	at org.junit.platform.engine.support.hierarchical.HierarchicalTestEngine.execute(HierarchicalTestEngine.java:54)
	at org.junit.platform.launcher.core.EngineExecutionOrchestrator.execute(EngineExecutionOrchestrator.java:198)
	at org.junit.platform.launcher.core.EngineExecutionOrchestrator.execute(EngineExecutionOrchestrator.java:169)
	at org.junit.platform.launcher.core.EngineExecutionOrchestrator.execute(EngineExecutionOrchestrator.java:93)
	at org.junit.platform.launcher.core.EngineExecutionOrchestrator.lambda$execute$0(EngineExecutionOrchestrator.java:58)
	at org.junit.platform.launcher.core.EngineExecutionOrchestrator.withInterceptedStreams(EngineExecutionOrchestrator.java:141)
	at org.junit.platform.launcher.core.EngineExecutionOrchestrator.execute(EngineExecutionOrchestrator.java:57)
	at org.junit.platform.launcher.core.DefaultLauncher.execute(DefaultLauncher.java:103)
	at org.junit.platform.launcher.core.DefaultLauncher.execute(DefaultLauncher.java:85)
	at org.junit.platform.launcher.core.DelegatingLauncher.execute(DelegatingLauncher.java:47)
	at org.junit.platform.launcher.core.SessionPerRequestLauncher.execute(SessionPerRequestLauncher.java:63)
	at org.apache.maven.surefire.junitplatform.JUnitPlatformProvider.invokeAllTests(JUnitPlatformProvider.java:165)
	at org.apache.maven.surefire.junitplatform.JUnitPlatformProvider.invoke(JUnitPlatformProvider.java:124)
	at org.apache.maven.surefire.booter.ForkedBooter.runSuitesInProcess(ForkedBooter.java:428)
	at org.apache.maven.surefire.booter.ForkedBooter.execute(ForkedBooter.java:162)
	at org.apache.maven.surefire.booter.ForkedBooter.run(ForkedBooter.java:562)
	at org.apache.maven.surefire.booter.ForkedBooter.main(ForkedBooter.java:548)
2024-02-27 07:42:25,476 [main] INFO  om.OzoneManager (OzoneManager.java:addS3GVolumeToDB(4425)) - Created Volume s3v With Owner runner required for S3Gateway operations.
2024-02-27 07:42:25,476 [main] WARN  server.ServerUtils (ServerUtils.java:getDefaultRatisDirectory(311)) - Storage directory for Ratis is not configured. It is a good idea to map this to an SSD disk. Falling back to ozone.metadata.dirs
2024-02-27 07:42:25,477 [main] WARN  utils.OzoneManagerRatisUtils (OzoneManagerRatisUtils.java:getOMRatisSnapshotDirectory(476)) - ozone.om.ratis.snapshot.dir is not configured. Falling back to ozone.metadata.dirs config
2024-02-27 07:42:25,477 [main] INFO  utils.RDBSnapshotProvider (RDBSnapshotProvider.java:init(87)) - Cleaning up the candidate dir: /home/runner/work/ozone/ozone/hadoop-ozone/integration-test/target/test-dir/MiniOzoneClusterImpl-107870c4-38da-4dee-ace8-876b8e06d1b5/omNode-3/snapshot/om.db.candidate
2024-02-27 07:42:25,477 [main] INFO  ratis_snapshot.OmRatisSnapshotProvider (OmRatisSnapshotProvider.java:<init>(99)) - Initializing OM Snapshot Provider
2024-02-27 07:42:25,478 [main] WARN  dropwizard3.Dm3MetricRegistriesImpl (Dm3MetricRegistriesImpl.java:addReporterRegistration(113)) - New reporters are added after registries were created. Some metrics will be missing from the reporter. Please add reporter before adding any new registry.
2024-02-27 07:42:25,478 [main] WARN  dropwizard3.Dm3MetricRegistriesImpl (Dm3MetricRegistriesImpl.java:addReporterRegistration(113)) - New reporters are added after registries were created. Some metrics will be missing from the reporter. Please add reporter before adding any new registry.
2024-02-27 07:42:25,478 [main] WARN  server.ServerUtils (ServerUtils.java:getDefaultRatisDirectory(311)) - Storage directory for Ratis is not configured. It is a good idea to map this to an SSD disk. Falling back to ozone.metadata.dirs
2024-02-27 07:42:25,479 [main] INFO  ratis.OzoneManagerRatisServer (OzoneManagerRatisServer.java:<init>(167)) - Instantiating OM Ratis server with groupID: om-service-test1 and peers: localhost:15101, localhost:15093, localhost:15097
2024-02-27 07:42:25,479 [main] INFO  ratis.OzoneManagerStateMachine (OzoneManagerStateMachine.java:loadSnapshotInfoFromDB(576)) - TransactionInfo not found in OM DB.
2024-02-27 07:42:25,480 [main] INFO  server.RaftServer (ConfUtils.java:logGet(46)) - raft.rpc.type = GRPC (default)
2024-02-27 07:42:25,480 [main] INFO  grpc.GrpcConfigKeys (ConfUtils.java:logFallback(53)) - raft.grpc.admin.host = null (fallback to raft.grpc.server.host)
2024-02-27 07:42:25,480 [main] INFO  grpc.GrpcConfigKeys (ConfUtils.java:logFallback(53)) - raft.grpc.admin.port = 15101 (fallback to raft.grpc.server.port)
2024-02-27 07:42:25,480 [main] INFO  grpc.GrpcConfigKeys (ConfUtils.java:logFallback(53)) - raft.grpc.client.host = null (fallback to raft.grpc.server.host)
2024-02-27 07:42:25,480 [main] INFO  grpc.GrpcConfigKeys (ConfUtils.java:logFallback(53)) - raft.grpc.client.port = 15101 (fallback to raft.grpc.server.port)
2024-02-27 07:42:25,480 [main] INFO  grpc.GrpcConfigKeys (ConfUtils.java:logGet(46)) - raft.grpc.server.host = null (default)
2024-02-27 07:42:25,480 [main] INFO  grpc.GrpcConfigKeys (ConfUtils.java:logGet(46)) - raft.grpc.server.port = 15101 (custom)
2024-02-27 07:42:25,480 [main] INFO  server.GrpcService (ConfUtils.java:logGet(46)) - raft.grpc.message.size.max = 4194304 (custom)
2024-02-27 07:42:25,481 [main] INFO  server.RaftServerConfigKeys (ConfUtils.java:logGet(46)) - raft.server.log.appender.buffer.byte-limit = 4194304 (custom)
2024-02-27 07:42:25,481 [main] INFO  server.GrpcService (ConfUtils.java:logGet(46)) - raft.grpc.flow.control.window = 1MB (=1048576) (default)
2024-02-27 07:42:25,481 [main] INFO  server.RaftServerConfigKeys (ConfUtils.java:logGet(46)) - raft.server.rpc.request.timeout = 3000ms (default)
2024-02-27 07:42:25,481 [main] INFO  grpc.GrpcConfigKeys (ConfUtils.java:logGet(46)) - raft.grpc.server.heartbeat.channel = true (default)
2024-02-27 07:42:25,481 [main] INFO  grpc.GrpcConfigKeys (ConfUtils.java:logGet(46)) - raft.grpc.server.async.request.thread.pool.cached = true (default)
2024-02-27 07:42:25,481 [main] INFO  grpc.GrpcConfigKeys (ConfUtils.java:logGet(46)) - raft.grpc.server.async.request.thread.pool.size = 32 (default)
2024-02-27 07:42:25,482 [main] INFO  impl.DataStreamServerImpl (ConfUtils.java:logGet(46)) - raft.datastream.type = DISABLED (default)
2024-02-27 07:42:25,482 [main] INFO  server.RaftServerConfigKeys (ConfUtils.java:logGet(46)) - raft.server.sleep.deviation.threshold = 300ms (default)
2024-02-27 07:42:25,482 [main] INFO  server.RaftServerConfigKeys (ConfUtils.java:logGet(46)) - raft.server.close.threshold = 60s (default)
2024-02-27 07:42:25,482 [main] INFO  server.RaftServerConfigKeys (ConfUtils.java:logGet(46)) - raft.server.leaderelection.leader.step-down.wait-time = 10s (default)
2024-02-27 07:42:25,483 [main] INFO  server.RaftServerConfigKeys (ConfUtils.java:logGet(46)) - raft.server.storage.dir = [/home/runner/work/ozone/ozone/hadoop-ozone/integration-test/target/test-dir/MiniOzoneClusterImpl-107870c4-38da-4dee-ace8-876b8e06d1b5/omNode-3/ratis] (custom)
2024-02-27 07:42:25,483 [main] INFO  server.RaftServerConfigKeys (ConfUtils.java:logGet(46)) - raft.server.threadpool.proxy.cached = true (default)
2024-02-27 07:42:25,483 [main] INFO  server.RaftServerConfigKeys (ConfUtils.java:logGet(46)) - raft.server.threadpool.proxy.size = 0 (default)
2024-02-27 07:42:25,483 [main] INFO  server.RaftServer (RaftServerProxy.java:addNew(100)) - omNode-3: addNew group-523986131536:[omNode-3|localhost:15101, omNode-1|localhost:15093, omNode-2|localhost:15097] returns group-523986131536:java.util.concurrent.CompletableFuture@4e05dc1[Not completed]
2024-02-27 07:42:25,483 [omNode-3-groupManagement] INFO  server.RaftServer$Division (RaftServerImpl.java:<init>(256)) - omNode-3: new RaftServerImpl for group-523986131536:[omNode-3|localhost:15101, omNode-1|localhost:15093, omNode-2|localhost:15097] with OzoneManagerStateMachine:uninitialized
2024-02-27 07:42:25,483 [main] INFO  om.OzoneManager (OzoneManager.java:initializeRatisServer(2140)) - OzoneManager Ratis server initialized at port 15101
2024-02-27 07:42:25,483 [omNode-3-groupManagement] INFO  server.RaftServerConfigKeys (ConfUtils.java:logGet(46)) - raft.server.rpc.timeout.min = 1s (custom)
2024-02-27 07:42:25,484 [main] INFO  om.OzoneManager (OzoneManager.java:getRpcServer(1206)) - Creating RPC Server
2024-02-27 07:42:25,484 [omNode-3-groupManagement] INFO  server.RaftServerConfigKeys (ConfUtils.java:logGet(46)) - raft.server.rpc.timeout.max = 1200ms (custom)
2024-02-27 07:42:25,484 [omNode-3-groupManagement] INFO  server.RaftServerConfigKeys (ConfUtils.java:logGet(46)) - raft.server.rpc.sleep.time = 25ms (default)
2024-02-27 07:42:25,484 [omNode-3-groupManagement] INFO  server.RaftServerConfigKeys (ConfUtils.java:logGet(46)) - raft.server.rpc.slowness.timeout = 2s (custom)
2024-02-27 07:42:25,484 [omNode-3-groupManagement] INFO  server.RaftServerConfigKeys (ConfUtils.java:logGet(46)) - raft.server.leaderelection.leader.step-down.wait-time = 10s (default)
2024-02-27 07:42:25,484 [omNode-3-groupManagement] INFO  server.RaftServerConfigKeys (ConfUtils.java:logGet(46)) - raft.server.leaderelection.member.majority-add = false (default)
2024-02-27 07:42:25,484 [omNode-3-groupManagement] INFO  server.RaftServerConfigKeys (ConfUtils.java:logGet(46)) - raft.server.sleep.deviation.threshold = 300ms (default)
2024-02-27 07:42:25,484 [omNode-3-groupManagement] INFO  server.RaftServer$Division (ServerState.java:<init>(113)) - omNode-3@group-523986131536: ConfigurationManager, init=-1: peers:[omNode-3|localhost:15101, omNode-1|localhost:15093, omNode-2|localhost:15097]|listeners:[], old=null, confs=<EMPTY_MAP>
2024-02-27 07:42:25,484 [omNode-3-groupManagement] INFO  server.RaftServerConfigKeys (ConfUtils.java:logGet(46)) - raft.server.notification.no-leader.timeout = 2s (custom)
2024-02-27 07:42:25,484 [omNode-3-groupManagement] INFO  server.RaftServerConfigKeys (ConfUtils.java:logGet(46)) - raft.server.read.timeout = 10s (default)
2024-02-27 07:42:25,484 [omNode-3-groupManagement] INFO  server.RaftServerConfigKeys (ConfUtils.java:logGet(46)) - raft.server.retrycache.expirytime = 30000ms (custom)
2024-02-27 07:42:25,484 [omNode-3-groupManagement] INFO  server.RaftServerConfigKeys (ConfUtils.java:logGet(46)) - raft.server.retrycache.statistics.expirytime = 100ms (default)
2024-02-27 07:42:25,484 [omNode-3-groupManagement] INFO  server.RaftServerConfigKeys (ConfUtils.java:logGet(46)) - raft.server.read.option = DEFAULT (default)
2024-02-27 07:42:25,484 [omNode-3-groupManagement] INFO  server.RaftServerConfigKeys (ConfUtils.java:logGet(46)) - raft.server.read.read-after-write-consistent.write-index-cache.expiry-time = 60s (default)
2024-02-27 07:42:25,485 [omNode-3-groupManagement] INFO  server.RaftServerConfigKeys (ConfUtils.java:logGet(46)) - raft.server.rpc.request.timeout = 3000ms (default)
2024-02-27 07:42:25,489 [omNode-3-groupManagement] INFO  server.RaftServerConfigKeys (ConfUtils.java:logGet(46)) - raft.server.log.appender.install.snapshot.enabled = false (custom)
2024-02-27 07:42:25,489 [omNode-3-groupManagement] INFO  server.RaftServerConfigKeys (ConfUtils.java:logGet(46)) - raft.server.threadpool.server.cached = true (default)
2024-02-27 07:42:25,489 [omNode-3-groupManagement] INFO  server.RaftServerConfigKeys (ConfUtils.java:logGet(46)) - raft.server.threadpool.server.size = 0 (default)
2024-02-27 07:42:25,489 [omNode-3-groupManagement] INFO  server.RaftServerConfigKeys (ConfUtils.java:logGet(46)) - raft.server.threadpool.client.cached = true (default)
2024-02-27 07:42:25,489 [omNode-3-groupManagement] INFO  server.RaftServerConfigKeys (ConfUtils.java:logGet(46)) - raft.server.threadpool.client.size = 0 (default)
2024-02-27 07:42:25,660 [main] INFO  ipc.CallQueueManager (CallQueueManager.java:<init>(90)) - Using callQueue: class java.util.concurrent.LinkedBlockingQueue, queueCapacity: 2000, scheduler: class org.apache.hadoop.ipc.DefaultRpcScheduler, ipcBackoff: false.
2024-02-27 07:42:25,660 [main] INFO  ipc.Server (Server.java:<init>(1287)) - Listener at 127.0.0.1:15098
2024-02-27 07:42:25,661 [Socket Reader #1 for port 15098] INFO  ipc.Server (Server.java:run(1323)) - Starting Socket Reader #1 for port 15098
2024-02-27 07:42:25,676 [main] INFO  impl.MetricsSystemImpl (MetricsSystemImpl.java:init(158)) - OzoneManager metrics system started (again)
2024-02-27 07:42:25,684 [main] INFO  om.OzoneManager (OzoneManager.java:start(1628)) - OzoneManager RPC server is listening at localhost/127.0.0.1:15098
2024-02-27 07:42:25,684 [main] INFO  ratis.OzoneManagerRatisServer (OzoneManagerRatisServer.java:start(588)) - Starting OzoneManagerRatisServer omNode-3 at port 15101
2024-02-27 07:42:25,685 [omNode-3-impl-thread1] INFO  server.RaftServerConfigKeys (ConfUtils.java:logGet(46)) - raft.server.storage.free-space.min = 0MB (=0) (default)
2024-02-27 07:42:25,685 [omNode-3-impl-thread1] INFO  server.RaftServerConfigKeys (ConfUtils.java:logGet(46)) - raft.server.log.corruption.policy = EXCEPTION (default)
2024-02-27 07:42:25,685 [omNode-3-impl-thread1] INFO  server.RaftServerConfigKeys (ConfUtils.java:logGet(46)) - raft.server.storage.dir = [/home/runner/work/ozone/ozone/hadoop-ozone/integration-test/target/test-dir/MiniOzoneClusterImpl-107870c4-38da-4dee-ace8-876b8e06d1b5/omNode-3/ratis] (custom)
2024-02-27 07:42:25,685 [omNode-3-impl-thread1] INFO  storage.RaftStorageDirectory (RaftStorageDirectoryImpl.java:analyzeStorage(138)) - The storage directory /home/runner/work/ozone/ozone/hadoop-ozone/integration-test/target/test-dir/MiniOzoneClusterImpl-107870c4-38da-4dee-ace8-876b8e06d1b5/omNode-3/ratis/c9bc4cf4-3bc3-3c60-a66b-523986131536 does not exist. Creating ...
2024-02-27 07:42:25,686 [omNode-3-impl-thread1] INFO  storage.RaftStorageDirectory (RaftStorageDirectoryImpl.java:tryLock(228)) - Lock on /home/runner/work/ozone/ozone/hadoop-ozone/integration-test/target/test-dir/MiniOzoneClusterImpl-107870c4-38da-4dee-ace8-876b8e06d1b5/omNode-3/ratis/c9bc4cf4-3bc3-3c60-a66b-523986131536/in_use.lock acquired by nodename 40924@fv-az699-61
2024-02-27 07:42:25,687 [omNode-3-impl-thread1] INFO  storage.RaftStorage (RaftStorageImpl.java:format(99)) - Storage directory /home/runner/work/ozone/ozone/hadoop-ozone/integration-test/target/test-dir/MiniOzoneClusterImpl-107870c4-38da-4dee-ace8-876b8e06d1b5/omNode-3/ratis/c9bc4cf4-3bc3-3c60-a66b-523986131536 has been successfully formatted.
2024-02-27 07:42:25,687 [omNode-3-impl-thread1] WARN  util.FileUtils (LogUtils.java:supplyAndLog(63)) - Failed to Files.newInputStream /home/runner/work/ozone/ozone/hadoop-ozone/integration-test/target/test-dir/MiniOzoneClusterImpl-107870c4-38da-4dee-ace8-876b8e06d1b5/omNode-3/ratis/c9bc4cf4-3bc3-3c60-a66b-523986131536/current/raft-meta.conf with options []: java.nio.file.NoSuchFileException: /home/runner/work/ozone/ozone/hadoop-ozone/integration-test/target/test-dir/MiniOzoneClusterImpl-107870c4-38da-4dee-ace8-876b8e06d1b5/omNode-3/ratis/c9bc4cf4-3bc3-3c60-a66b-523986131536/current/raft-meta.conf
2024-02-27 07:42:25,687 [omNode-3-impl-thread1] INFO  server.RaftServerConfigKeys (ConfUtils.java:logGet(46)) - raft.server.log.use.memory = false (default)
2024-02-27 07:42:25,687 [omNode-3-impl-thread1] INFO  server.RaftServerConfigKeys (ConfUtils.java:logGet(46)) - raft.server.log.purge.gap = 50 (custom)
2024-02-27 07:42:25,687 [omNode-3-impl-thread1] INFO  server.RaftServerConfigKeys (ConfUtils.java:logGet(46)) - raft.server.log.appender.buffer.byte-limit = 4194304 (custom)
2024-02-27 07:42:25,687 [omNode-3-impl-thread1] INFO  server.RaftServerConfigKeys (ConfUtils.java:logGet(46)) - raft.server.log.statemachine.data.read.timeout = 1000ms (default)
2024-02-27 07:42:25,687 [omNode-3-impl-thread1] INFO  server.RaftServerConfigKeys (ConfUtils.java:logGet(46)) - raft.server.log.purge.preservation.log.num = 0 (default)
2024-02-27 07:42:25,688 [omNode-3-impl-thread1] INFO  server.RaftServerConfigKeys (ConfUtils.java:logGet(46)) - raft.server.log.segment.size.max = 4194304 (custom)
2024-02-27 07:42:25,688 [omNode-3-impl-thread1] INFO  server.RaftServerConfigKeys (ConfUtils.java:logGet(46)) - raft.server.log.segment.cache.num.max = 2 (custom)
2024-02-27 07:42:25,688 [omNode-3-impl-thread1] INFO  server.RaftServerConfigKeys (ConfUtils.java:logGet(46)) - raft.server.log.segment.cache.size.max = 200MB (=209715200) (default)
2024-02-27 07:42:25,688 [omNode-3-impl-thread1] INFO  server.RaftServerConfigKeys (ConfUtils.java:logGet(46)) - raft.server.log.appender.buffer.byte-limit = 4194304 (custom)
2024-02-27 07:42:25,688 [omNode-3-impl-thread1] INFO  util.AwaitToRun (AwaitToRun.java:start(81)) - Thread[omNode-3@group-523986131536-cacheEviction-AwaitToRun,5,main] started
2024-02-27 07:42:25,688 [omNode-3-impl-thread1] INFO  segmented.SegmentedRaftLogWorker (SegmentedRaftLogWorker.java:<init>(182)) - new omNode-3@group-523986131536-SegmentedRaftLogWorker for RaftStorageImpl:Storage Directory /home/runner/work/ozone/ozone/hadoop-ozone/integration-test/target/test-dir/MiniOzoneClusterImpl-107870c4-38da-4dee-ace8-876b8e06d1b5/omNode-3/ratis/c9bc4cf4-3bc3-3c60-a66b-523986131536
2024-02-27 07:42:25,688 [omNode-3-impl-thread1] INFO  server.RaftServerConfigKeys (ConfUtils.java:logGet(46)) - raft.server.log.queue.byte-limit = 64MB (=67108864) (default)
2024-02-27 07:42:25,688 [omNode-3-impl-thread1] INFO  server.RaftServerConfigKeys (ConfUtils.java:logGet(46)) - raft.server.log.queue.element-limit = 4096 (default)
2024-02-27 07:42:25,689 [omNode-3-impl-thread1] INFO  server.RaftServerConfigKeys (ConfUtils.java:logGet(46)) - raft.server.log.segment.size.max = 4194304 (custom)
2024-02-27 07:42:25,689 [omNode-3-impl-thread1] INFO  server.RaftServerConfigKeys (ConfUtils.java:logGet(46)) - raft.server.log.preallocated.size = 4194304 (custom)
2024-02-27 07:42:25,689 [omNode-3-impl-thread1] INFO  server.RaftServerConfigKeys (ConfUtils.java:logGet(46)) - raft.server.log.force.sync.num = 128 (default)
2024-02-27 07:42:25,689 [omNode-3-impl-thread1] INFO  server.RaftServerConfigKeys (ConfUtils.java:logGet(46)) - raft.server.log.statemachine.data.sync = true (default)
2024-02-27 07:42:25,689 [omNode-3-impl-thread1] INFO  server.RaftServerConfigKeys (ConfUtils.java:logGet(46)) - raft.server.log.statemachine.data.sync.timeout = 10s (default)
2024-02-27 07:42:25,689 [omNode-3-impl-thread1] INFO  server.RaftServerConfigKeys (ConfUtils.java:logGet(46)) - raft.server.log.statemachine.data.sync.timeout.retry = -1 (default)
2024-02-27 07:42:25,689 [omNode-3-impl-thread1] INFO  server.RaftServerConfigKeys (ConfUtils.java:logGet(46)) - raft.server.log.write.buffer.size = 4194312 (custom)
2024-02-27 07:42:25,690 [omNode-3-impl-thread1] INFO  server.RaftServerConfigKeys (ConfUtils.java:logGet(46)) - raft.server.log.appender.buffer.byte-limit = 4194304 (custom)
2024-02-27 07:42:25,690 [omNode-3-impl-thread1] INFO  server.RaftServerConfigKeys (ConfUtils.java:logGet(46)) - raft.server.log.unsafe-flush.enabled = false (default)
2024-02-27 07:42:25,690 [omNode-3-impl-thread1] INFO  server.RaftServerConfigKeys (ConfUtils.java:logGet(46)) - raft.server.log.async-flush.enabled = false (default)
2024-02-27 07:42:25,690 [omNode-3-impl-thread1] INFO  server.RaftServerConfigKeys (ConfUtils.java:logGet(46)) - raft.server.log.statemachine.data.caching.enabled = false (default)
2024-02-27 07:42:25,690 [omNode-3-impl-thread1] INFO  segmented.SegmentedRaftLogWorker (SegmentedRaftLogWorker.java:lambda$new$0(134)) - omNode-3@group-523986131536-SegmentedRaftLogWorker: flushIndex: setUnconditionally 0 -> -1
2024-02-27 07:42:25,690 [omNode-3-impl-thread1] INFO  segmented.SegmentedRaftLogWorker (SegmentedRaftLogWorker.java:lambda$new$0(134)) - omNode-3@group-523986131536-SegmentedRaftLogWorker: safeCacheEvictIndex: setUnconditionally 0 -> -1
2024-02-27 07:42:25,690 [omNode-3-impl-thread1] INFO  server.RaftServer$Division (RaftServerImpl.java:start(396)) - omNode-3@group-523986131536: start as a follower, conf=-1: peers:[omNode-3|localhost:15101, omNode-1|localhost:15093, omNode-2|localhost:15097]|listeners:[], old=null
2024-02-27 07:42:25,690 [omNode-3-impl-thread1] INFO  server.RaftServer$Division (RaftServerImpl.java:setRole(383)) - omNode-3@group-523986131536: changes role from      null to FOLLOWER at term 0 for startAsFollower
2024-02-27 07:42:25,690 [omNode-3-impl-thread1] INFO  impl.RoleInfo (RoleInfo.java:updateAndGet(139)) - omNode-3: start omNode-3@group-523986131536-FollowerState
2024-02-27 07:42:25,691 [omNode-3-impl-thread1] INFO  util.JmxRegister (JmxRegister.java:tryRegister(44)) - Successfully registered JMX Bean with object name Ratis:service=RaftServer,group=group-523986131536,id=omNode-3
2024-02-27 07:42:25,691 [omNode-3@group-523986131536-FollowerState] INFO  server.RaftServerConfigKeys (ConfUtils.java:logFallback(53)) - raft.server.rpc.first-election.timeout.min = 1s (fallback to raft.server.rpc.timeout.min)
2024-02-27 07:42:25,691 [omNode-3-impl-thread1] INFO  server.RaftServerConfigKeys (ConfUtils.java:logGet(46)) - raft.server.snapshot.trigger-when-stop.enabled = true (default)
2024-02-27 07:42:25,691 [omNode-3@group-523986131536-FollowerState] INFO  server.RaftServerConfigKeys (ConfUtils.java:logFallback(53)) - raft.server.rpc.first-election.timeout.max = 1200ms (fallback to raft.server.rpc.timeout.max)
2024-02-27 07:42:25,691 [omNode-3-impl-thread1] INFO  server.RaftServerConfigKeys (ConfUtils.java:logGet(46)) - raft.server.snapshot.auto.trigger.enabled = true (custom)
2024-02-27 07:42:25,691 [omNode-3-impl-thread1] INFO  server.RaftServerConfigKeys (ConfUtils.java:logGet(46)) - raft.server.snapshot.auto.trigger.threshold = 50 (custom)
2024-02-27 07:42:25,691 [omNode-3-impl-thread1] INFO  server.RaftServerConfigKeys (ConfUtils.java:logGet(46)) - raft.server.snapshot.retention.file.num = -1 (default)
2024-02-27 07:42:25,691 [omNode-3-impl-thread1] INFO  server.RaftServerConfigKeys (ConfUtils.java:logGet(46)) - raft.server.log.purge.upto.snapshot.index = true (custom)
2024-02-27 07:42:25,691 [main] INFO  server.RaftServer (RaftServerProxy.java:startImpl(406)) - omNode-3: start RPC server
2024-02-27 07:42:25,693 [main] INFO  server.GrpcService (GrpcService.java:startImpl(302)) - omNode-3: GrpcService started, listening on 15101
2024-02-27 07:42:25,693 [JvmPauseMonitor32] INFO  util.JvmPauseMonitor (JvmPauseMonitor.java:run(146)) - JvmPauseMonitor-omNode-3: Started
2024-02-27 07:42:25,693 [main] INFO  om.OzoneManager (OzoneManager.java:start(1644)) - Version File has different layout version (6) than OM DB (null). That is expected if this OM has never been finalized to a newer layout version.
2024-02-27 07:42:25,695 [main] INFO  http.BaseHttpServer (BaseHttpServer.java:newHttpServer2BuilderForOzone(223)) - Starting Web-server for ozoneManager at: http://0.0.0.0:15099
2024-02-27 07:42:25,696 [main] INFO  http.BaseHttpServer (BaseHttpServer.java:<init>(110)) - Hadoop Security Enabled: false Ozone Security Enabled: false Ozone HTTP Security Enabled: false 
2024-02-27 07:42:25,696 [main] WARN  server.AuthenticationFilter (AuthenticationFilter.java:constructSecretProvider(240)) - Unable to initialize FileSignerSecretProvider, falling back to use random secrets. Reason: Could not read signature secret file: /home/runner/hadoop-http-auth-signature-secret
2024-02-27 07:42:25,697 [main] INFO  http.HttpRequestLog (HttpRequestLog.java:getRequestLog(86)) - Http request log for http.requests.ozoneManager is not defined
2024-02-27 07:42:25,697 [main] INFO  http.HttpServer2 (HttpServer2.java:addGlobalFilter(1036)) - Added global filter 'safety' (class=org.apache.hadoop.hdds.server.http.HttpServer2$QuotingInputFilter)
2024-02-27 07:42:25,698 [main] INFO  http.HttpServer2 (HttpServer2.java:addFilter(1012)) - Added filter static_user_filter (class=org.apache.hadoop.http.lib.StaticUserWebFilter$StaticUserFilter) to context ozoneManager
2024-02-27 07:42:25,698 [main] INFO  http.HttpServer2 (HttpServer2.java:addFilter(1020)) - Added filter static_user_filter (class=org.apache.hadoop.http.lib.StaticUserWebFilter$StaticUserFilter) to context static
2024-02-27 07:42:25,698 [main] INFO  http.HttpServer2 (HttpServer2.java:addFilter(1020)) - Added filter static_user_filter (class=org.apache.hadoop.http.lib.StaticUserWebFilter$StaticUserFilter) to context logs
2024-02-27 07:42:25,698 [main] INFO  http.BaseHttpServer (BaseHttpServer.java:<init>(189)) - HTTP server of ozoneManager uses base directory /home/runner/work/ozone/ozone/hadoop-ozone/integration-test/target/test-dir/MiniOzoneClusterImpl-107870c4-38da-4dee-ace8-876b8e06d1b5/omNode-3/webserver
2024-02-27 07:42:25,699 [main] INFO  http.HttpServer2 (HttpServer2.java:bindListener(1236)) - Jetty bound to port 15099
2024-02-27 07:42:25,699 [main] INFO  server.Server (Server.java:doStart(375)) - jetty-9.4.53.v20231009; built: 2023-10-09T12:29:09.265Z; git: 27bde00a0b95a1d5bbee0eae7984f891d2d0f8c9; jvm 1.8.0_402-b06
2024-02-27 07:42:25,699 [main] INFO  server.session (DefaultSessionIdManager.java:doStart(334)) - DefaultSessionIdManager workerName=node0
2024-02-27 07:42:25,700 [main] INFO  server.session (DefaultSessionIdManager.java:doStart(339)) - No SessionScavenger set, using defaults
2024-02-27 07:42:25,700 [main] INFO  server.session (HouseKeeper.java:startScavenging(132)) - node0 Scavenging every 660000ms
2024-02-27 07:42:25,700 [main] INFO  handler.ContextHandler (ContextHandler.java:doStart(921)) - Started o.e.j.s.ServletContextHandler@60499b27{logs,/logs,file:///home/runner/work/ozone/ozone/hadoop-ozone/integration-test/target/log,AVAILABLE}
2024-02-27 07:42:25,701 [main] INFO  handler.ContextHandler (ContextHandler.java:doStart(921)) - Started o.e.j.s.ServletContextHandler@4ac79791{static,/static,file:///home/runner/work/ozone/ozone/hadoop-ozone/integration-test/target/test-classes/webapps/static,AVAILABLE}
2024-02-27 07:42:25,702 [main] INFO  handler.ContextHandler (ContextHandler.java:doStart(921)) - Started o.e.j.w.WebAppContext@61b309d1{ozoneManager,/,file:///home/runner/work/ozone/ozone/hadoop-ozone/integration-test/target/test-classes/webapps/ozoneManager/,AVAILABLE}{file:/home/runner/work/ozone/ozone/hadoop-ozone/integration-test/target/test-classes/webapps/ozoneManager}
2024-02-27 07:42:25,705 [main] INFO  server.AbstractConnector (AbstractConnector.java:doStart(333)) - Started ServerConnector@6a64fdc3{HTTP/1.1, (http/1.1)}{0.0.0.0:15099}
2024-02-27 07:42:25,706 [main] INFO  server.Server (Server.java:doStart(415)) - Started @228414ms
2024-02-27 07:42:25,706 [main] WARN  impl.MetricsSystemImpl (MetricsSystemImpl.java:register(279)) - Sink prometheus already exists!
2024-02-27 07:42:25,706 [main] INFO  http.BaseHttpServer (BaseHttpServer.java:updateConnectorAddress(354)) - HTTP server of ozoneManager listening at http://0.0.0.0:15099
2024-02-27 07:42:25,706 [IPC Server Responder] INFO  ipc.Server (Server.java:run(1562)) - IPC Server Responder: starting
2024-02-27 07:42:25,709 [IPC Server listener on 15098] INFO  ipc.Server (Server.java:run(1402)) - IPC Server listener on 15098: starting
2024-02-27 07:42:25,715 [main] INFO  om.OzoneManager (OzoneManager.java:startTrashEmptier(2093)) - Trash Interval set to 0. Files deleted won't move to trash
2024-02-27 07:42:25,715 [main] INFO  ozone.MiniOzoneHAClusterImpl (MiniOzoneHAClusterImpl.java:createOMService(474)) - Started OzoneManager omNode-3 RPC server at localhost/127.0.0.1:15098
2024-02-27 07:42:25,726 [main] WARN  dropwizard3.Dm3MetricRegistriesImpl (Dm3MetricRegistriesImpl.java:addReporterRegistration(113)) - New reporters are added after registries were created. Some metrics will be missing from the reporter. Please add reporter before adding any new registry.
2024-02-27 07:42:25,726 [main] WARN  dropwizard3.Dm3MetricRegistriesImpl (Dm3MetricRegistriesImpl.java:addReporterRegistration(113)) - New reporters are added after registries were created. Some metrics will be missing from the reporter. Please add reporter before adding any new registry.
2024-02-27 07:42:25,726 [main] INFO  impl.MetricsSystemImpl (MetricsSystemImpl.java:init(158)) - HddsDatanode metrics system started (again)
2024-02-27 07:42:25,734 [main] INFO  ozone.HddsDatanodeService (HddsDatanodeService.java:start(240)) - HddsDatanodeService host:fv-az699-61.gws2011vpwuupmkks00dozwttg.bx.internal.cloudapp.net ip:10.1.0.19
2024-02-27 07:42:25,751 [main] INFO  upgrade.AbstractLayoutVersionManager (AbstractLayoutVersionManager.java:init(83)) - Initializing Layout version manager with metadata layout = HADOOP_PRC_PORTS_IN_DATANODEDETAILS (version = 7), software layout = HADOOP_PRC_PORTS_IN_DATANODEDETAILS (version = 7)
2024-02-27 07:42:25,751 [main] INFO  statemachine.DatanodeStateMachine (DatanodeStateMachine.java:getEndPointTaskThreadPoolSize(299)) - Datanode State Machine Task Thread Pool size 2
2024-02-27 07:42:25,752 [main] INFO  volume.HddsVolume (HddsVolume.java:<init>(125)) - Creating HddsVolume: /home/runner/work/ozone/ozone/hadoop-ozone/integration-test/target/test-dir/MiniOzoneClusterImpl-107870c4-38da-4dee-ace8-876b8e06d1b5/ozone-meta/datanode-1/data-0/hdds of storage type : DISK capacity : 9223372036854775807
2024-02-27 07:42:25,752 [main] INFO  volume.MutableVolumeSet (MutableVolumeSet.java:initializeVolumeSet(173)) - Added Volume : /home/runner/work/ozone/ozone/hadoop-ozone/integration-test/target/test-dir/MiniOzoneClusterImpl-107870c4-38da-4dee-ace8-876b8e06d1b5/ozone-meta/datanode-1/data-0/hdds to VolumeSet
2024-02-27 07:42:25,753 [main] INFO  volume.MutableVolumeSet (MutableVolumeSet.java:initializeVolumeSet(173)) - Added Volume : /home/runner/work/ozone/ozone/hadoop-ozone/integration-test/target/test-dir/MiniOzoneClusterImpl-107870c4-38da-4dee-ace8-876b8e06d1b5/ozone-meta/datanode-1/ratis to VolumeSet
2024-02-27 07:42:25,753 [main] INFO  ozoneimpl.OzoneContainer (HddsVolumeUtil.java:loadAllHddsVolumeDbStore(103)) - Load 1 volumes DbStore cost: 0ms
2024-02-27 07:42:25,756 [main] INFO  server.RaftServer (ConfUtils.java:logGet(46)) - raft.rpc.type = GRPC (default)
2024-02-27 07:42:25,756 [main] INFO  grpc.GrpcConfigKeys (ConfUtils.java:logFallback(53)) - raft.grpc.admin.host = null (fallback to raft.grpc.server.host)
2024-02-27 07:42:25,756 [main] INFO  grpc.GrpcConfigKeys (ConfUtils.java:logGet(46)) - raft.grpc.admin.port = 15107 (custom)
2024-02-27 07:42:25,756 [main] INFO  grpc.GrpcConfigKeys (ConfUtils.java:logFallback(53)) - raft.grpc.client.host = null (fallback to raft.grpc.server.host)
2024-02-27 07:42:25,757 [main] INFO  grpc.GrpcConfigKeys (ConfUtils.java:logGet(46)) - raft.grpc.client.port = 15106 (custom)
2024-02-27 07:42:25,757 [main] INFO  grpc.GrpcConfigKeys (ConfUtils.java:logGet(46)) - raft.grpc.server.host = null (default)
2024-02-27 07:42:25,757 [main] INFO  grpc.GrpcConfigKeys (ConfUtils.java:logGet(46)) - raft.grpc.server.port = 15108 (custom)
2024-02-27 07:42:25,757 [main] INFO  server.GrpcService (ConfUtils.java:logGet(46)) - raft.grpc.message.size.max = 32MB (=33554432) (custom)
2024-02-27 07:42:25,757 [main] INFO  server.RaftServerConfigKeys (ConfUtils.java:logGet(46)) - raft.server.log.appender.buffer.byte-limit = 8388608 (custom)
2024-02-27 07:42:25,757 [main] INFO  server.GrpcService (ConfUtils.java:logGet(46)) - raft.grpc.flow.control.window = 5MB (=5242880) (custom)
2024-02-27 07:42:25,758 [main] INFO  server.RaftServerConfigKeys (ConfUtils.java:logGet(46)) - raft.server.rpc.request.timeout = 60s (custom)
2024-02-27 07:42:25,758 [main] INFO  grpc.GrpcConfigKeys (ConfUtils.java:logGet(46)) - raft.grpc.server.heartbeat.channel = true (default)
2024-02-27 07:42:25,758 [main] INFO  grpc.GrpcConfigKeys (ConfUtils.java:logGet(46)) - raft.grpc.server.async.request.thread.pool.cached = true (default)
2024-02-27 07:42:25,758 [main] INFO  grpc.GrpcConfigKeys (ConfUtils.java:logGet(46)) - raft.grpc.server.async.request.thread.pool.size = 32 (default)
2024-02-27 07:42:25,760 [main] INFO  impl.DataStreamServerImpl (ConfUtils.java:logGet(46)) - raft.datastream.type = NETTY (custom)
2024-02-27 07:42:25,761 [main] INFO  server.RaftServerConfigKeys (ConfUtils.java:logGet(46)) - raft.server.data-stream.async.request.thread.pool.cached = false (default)
2024-02-27 07:42:25,761 [main] INFO  server.RaftServerConfigKeys (ConfUtils.java:logGet(46)) - raft.server.data-stream.async.request.thread.pool.size = 20 (custom)
2024-02-27 07:42:25,761 [main] INFO  server.RaftServerConfigKeys (ConfUtils.java:logGet(46)) - raft.server.data-stream.async.write.thread.pool.size = 16 (default)
2024-02-27 07:42:25,761 [main] INFO  netty.NettyConfigKeys$DataStream (ConfUtils.java:logGet(46)) - raft.netty.dataStream.server.channel.inactive.grace-period = 10min (default)
2024-02-27 07:42:25,761 [main] INFO  server.RaftServerConfigKeys (ConfUtils.java:logGet(46)) - raft.server.data-stream.client.pool.size = 10 (default)
2024-02-27 07:42:25,762 [main] INFO  netty.NettyConfigKeys$DataStream (ConfUtils.java:logGet(46)) - raft.netty.dataStream.server.use-epoll = true (default)
2024-02-27 07:42:25,762 [main] INFO  netty.NettyConfigKeys$DataStream (ConfUtils.java:logGet(46)) - raft.netty.dataStream.server.boss-group.size = 0 (default)
2024-02-27 07:42:25,762 [main] INFO  netty.NettyUtils (NettyUtils.java:newEventLoopGroup(69)) - Create EpollEventLoopGroup for 2fdf9b97-f8e3-478e-95f7-818a752c939a-NettyServerStreamRpc-bossGroup; Thread size is 0.
2024-02-27 07:42:25,762 [main] INFO  netty.NettyConfigKeys$DataStream (ConfUtils.java:logGet(46)) - raft.netty.dataStream.server.worker-group.size = 0 (default)
2024-02-27 07:42:25,762 [main] INFO  netty.NettyUtils (NettyUtils.java:newEventLoopGroup(69)) - Create EpollEventLoopGroup for 2fdf9b97-f8e3-478e-95f7-818a752c939a-NettyServerStreamRpc-workerGroup; Thread size is 0.
2024-02-27 07:42:25,763 [main] INFO  netty.NettyConfigKeys$DataStream (ConfUtils.java:logGet(46)) - raft.netty.dataStream.server.tls.conf = null (default)
2024-02-27 07:42:25,763 [main] INFO  netty.NettyConfigKeys$DataStream (ConfUtils.java:logGet(46)) - raft.netty.dataStream.host = null (default)
2024-02-27 07:42:25,763 [main] INFO  netty.NettyConfigKeys$DataStream (ConfUtils.java:logGet(46)) - raft.netty.dataStream.port = 15109 (custom)
2024-02-27 07:42:25,764 [main] INFO  server.RaftServerConfigKeys (ConfUtils.java:logGet(46)) - raft.server.sleep.deviation.threshold = 300ms (default)
2024-02-27 07:42:25,764 [2fdf9b97-f8e3-478e-95f7-818a752c939a-NettyServerStreamRpc-bossGroup--thread1] INFO  logging.LoggingHandler (AbstractInternalLogger.java:log(148)) - [id: 0xf1d7091b] REGISTERED
2024-02-27 07:42:25,764 [main] INFO  server.RaftServerConfigKeys (ConfUtils.java:logGet(46)) - raft.server.close.threshold = 60s (default)
2024-02-27 07:42:25,764 [main] INFO  server.RaftServerConfigKeys (ConfUtils.java:logGet(46)) - raft.server.leaderelection.leader.step-down.wait-time = 10s (default)
2024-02-27 07:42:25,764 [main] INFO  server.RaftServerConfigKeys (ConfUtils.java:logGet(46)) - raft.server.storage.dir = [/home/runner/work/ozone/ozone/hadoop-ozone/integration-test/target/test-dir/MiniOzoneClusterImpl-107870c4-38da-4dee-ace8-876b8e06d1b5/ozone-meta/datanode-1/ratis] (custom)
2024-02-27 07:42:25,764 [main] INFO  server.RaftServerConfigKeys (ConfUtils.java:logGet(46)) - raft.server.threadpool.proxy.cached = true (default)
2024-02-27 07:42:25,765 [main] INFO  server.RaftServerConfigKeys (ConfUtils.java:logGet(46)) - raft.server.threadpool.proxy.size = 0 (default)
2024-02-27 07:42:25,764 [2fdf9b97-f8e3-478e-95f7-818a752c939a-NettyServerStreamRpc-bossGroup--thread1] INFO  logging.LoggingHandler (AbstractInternalLogger.java:log(148)) - [id: 0xf1d7091b] BIND: 0.0.0.0/0.0.0.0:15109
2024-02-27 07:42:25,765 [2fdf9b97-f8e3-478e-95f7-818a752c939a-NettyServerStreamRpc-bossGroup--thread1] INFO  logging.LoggingHandler (AbstractInternalLogger.java:log(148)) - [id: 0xf1d7091b, L:/0.0.0.0:15109] ACTIVE
2024-02-27 07:42:25,765 [2fdf9b97-f8e3-478e-95f7-818a752c939a-impl-thread1] INFO  server.RaftServer (RaftServerProxy.java:initGroupDir(264)) - 2fdf9b97-f8e3-478e-95f7-818a752c939a: found a subdirectory /home/runner/work/ozone/ozone/hadoop-ozone/integration-test/target/test-dir/MiniOzoneClusterImpl-107870c4-38da-4dee-ace8-876b8e06d1b5/ozone-meta/datanode-1/ratis/tmp
2024-02-27 07:42:25,765 [2fdf9b97-f8e3-478e-95f7-818a752c939a-impl-thread1] INFO  server.RaftServer (RaftServerProxy.java:initGroupDir(269)) - 2fdf9b97-f8e3-478e-95f7-818a752c939a: The directory /home/runner/work/ozone/ozone/hadoop-ozone/integration-test/target/test-dir/MiniOzoneClusterImpl-107870c4-38da-4dee-ace8-876b8e06d1b5/ozone-meta/datanode-1/ratis/tmp is not a group directory; ignoring it. 
2024-02-27 07:42:25,766 [main] INFO  replication.ReplicationServer (ReplicationServer.java:<init>(86)) - Initializing replication server with thread count = 10 queue length = 4096
2024-02-27 07:42:25,767 [main] INFO  server.XceiverServerGrpc (XceiverServerGrpc.java:<init>(141)) - GrpcServer channel type EpollServerSocketChannel
2024-02-27 07:42:25,768 [main] INFO  replication.ReplicationSupervisor (ReplicationSupervisor.java:build(163)) - Initializing replication supervisor with thread count = 10
2024-02-27 07:42:25,769 [main] INFO  replication.ReplicationSupervisor (ReplicationSupervisor.java:nodeStateUpdated(317)) - Node state updated to IN_SERVICE, scaling executor pool size to 10
2024-02-27 07:42:25,770 [main] INFO  http.BaseHttpServer (BaseHttpServer.java:newHttpServer2BuilderForOzone(223)) - Starting Web-server for hddsDatanode at: http://0.0.0.0:15103
2024-02-27 07:42:25,771 [main] INFO  http.BaseHttpServer (BaseHttpServer.java:<init>(110)) - Hadoop Security Enabled: false Ozone Security Enabled: false Ozone HTTP Security Enabled: false 
2024-02-27 07:42:25,772 [main] WARN  server.AuthenticationFilter (AuthenticationFilter.java:constructSecretProvider(240)) - Unable to initialize FileSignerSecretProvider, falling back to use random secrets. Reason: Could not read signature secret file: /home/runner/hadoop-http-auth-signature-secret
2024-02-27 07:42:25,772 [main] INFO  http.HttpRequestLog (HttpRequestLog.java:getRequestLog(86)) - Http request log for http.requests.hddsDatanode is not defined
2024-02-27 07:42:25,773 [main] INFO  http.HttpServer2 (HttpServer2.java:addGlobalFilter(1036)) - Added global filter 'safety' (class=org.apache.hadoop.hdds.server.http.HttpServer2$QuotingInputFilter)
2024-02-27 07:42:25,774 [main] INFO  http.HttpServer2 (HttpServer2.java:addFilter(1012)) - Added filter static_user_filter (class=org.apache.hadoop.http.lib.StaticUserWebFilter$StaticUserFilter) to context hddsDatanode
2024-02-27 07:42:25,774 [main] INFO  http.HttpServer2 (HttpServer2.java:addFilter(1020)) - Added filter static_user_filter (class=org.apache.hadoop.http.lib.StaticUserWebFilter$StaticUserFilter) to context static
2024-02-27 07:42:25,774 [main] INFO  http.HttpServer2 (HttpServer2.java:addFilter(1020)) - Added filter static_user_filter (class=org.apache.hadoop.http.lib.StaticUserWebFilter$StaticUserFilter) to context logs
2024-02-27 07:42:25,774 [main] INFO  http.BaseHttpServer (BaseHttpServer.java:<init>(189)) - HTTP server of hddsDatanode uses base directory /home/runner/work/ozone/ozone/hadoop-ozone/integration-test/target/test-dir/MiniOzoneClusterImpl-107870c4-38da-4dee-ace8-876b8e06d1b5/ozone-meta/datanode-1/meta/webserver
2024-02-27 07:42:25,774 [main] INFO  http.HttpServer2 (HttpServer2.java:bindListener(1236)) - Jetty bound to port 15103
2024-02-27 07:42:25,774 [main] INFO  server.Server (Server.java:doStart(375)) - jetty-9.4.53.v20231009; built: 2023-10-09T12:29:09.265Z; git: 27bde00a0b95a1d5bbee0eae7984f891d2d0f8c9; jvm 1.8.0_402-b06
2024-02-27 07:42:25,778 [main] INFO  server.session (DefaultSessionIdManager.java:doStart(334)) - DefaultSessionIdManager workerName=node0
2024-02-27 07:42:25,778 [main] INFO  server.session (DefaultSessionIdManager.java:doStart(339)) - No SessionScavenger set, using defaults
2024-02-27 07:42:25,778 [main] INFO  server.session (HouseKeeper.java:startScavenging(132)) - node0 Scavenging every 660000ms
2024-02-27 07:42:25,778 [main] INFO  handler.ContextHandler (ContextHandler.java:doStart(921)) - Started o.e.j.s.ServletContextHandler@68aa6165{logs,/logs,file:///home/runner/work/ozone/ozone/hadoop-ozone/integration-test/target/log,AVAILABLE}
2024-02-27 07:42:25,779 [main] INFO  handler.ContextHandler (ContextHandler.java:doStart(921)) - Started o.e.j.s.ServletContextHandler@cddb150{static,/static,jar:file:/home/runner/.m2/repository/org/apache/ozone/hdds-container-service/1.5.0-SNAPSHOT/hdds-container-service-1.5.0-SNAPSHOT.jar!/webapps/static,AVAILABLE}
2024-02-27 07:42:25,810 [main] INFO  handler.ContextHandler (ContextHandler.java:doStart(921)) - Started o.e.j.w.WebAppContext@28bf1203{hddsDatanode,/,file:///home/runner/work/ozone/ozone/hadoop-ozone/integration-test/target/test-dir/MiniOzoneClusterImpl-107870c4-38da-4dee-ace8-876b8e06d1b5/ozone-meta/datanode-1/meta/webserver/jetty-0_0_0_0-15103-hdds-container-service-1_5_0-SNAPSHOT_jar-_-any-7867555768799591520/webapp/,AVAILABLE}{jar:file:/home/runner/.m2/repository/org/apache/ozone/hdds-container-service/1.5.0-SNAPSHOT/hdds-container-service-1.5.0-SNAPSHOT.jar!/webapps/hddsDatanode}
2024-02-27 07:42:25,813 [main] INFO  server.AbstractConnector (AbstractConnector.java:doStart(333)) - Started ServerConnector@789e8736{HTTP/1.1, (http/1.1)}{0.0.0.0:15103}
2024-02-27 07:42:25,813 [main] INFO  server.Server (Server.java:doStart(415)) - Started @228521ms
2024-02-27 07:42:25,814 [main] WARN  impl.MetricsSystemImpl (MetricsSystemImpl.java:register(279)) - Sink prometheus already exists!
2024-02-27 07:42:25,814 [main] INFO  http.BaseHttpServer (BaseHttpServer.java:updateConnectorAddress(354)) - HTTP server of hddsDatanode listening at http://0.0.0.0:15103
2024-02-27 07:42:25,814 [main] INFO  ipc.CallQueueManager (CallQueueManager.java:<init>(90)) - Using callQueue: class java.util.concurrent.LinkedBlockingQueue, queueCapacity: 100, scheduler: class org.apache.hadoop.ipc.DefaultRpcScheduler, ipcBackoff: false.
2024-02-27 07:42:25,815 [main] INFO  ipc.Server (Server.java:<init>(1287)) - Listener at 0.0.0.0:15104
2024-02-27 07:42:25,815 [Socket Reader #1 for port 15104] INFO  ipc.Server (Server.java:run(1323)) - Starting Socket Reader #1 for port 15104
2024-02-27 07:42:25,818 [main] INFO  ozone.HddsDatanodeService (HddsDatanodeService.java:start(327)) - Datanode start with admins: [*, runner]
2024-02-27 07:42:25,819 [main] INFO  ozone.HddsDatanodeClientProtocolServer (HddsDatanodeClientProtocolServer.java:start(77)) - RPC server for Client /0.0.0.0:15104
2024-02-27 07:42:25,819 [IPC Server Responder] INFO  ipc.Server (Server.java:run(1562)) - IPC Server Responder: starting
2024-02-27 07:42:25,819 [IPC Server listener on 15104] INFO  ipc.Server (Server.java:run(1402)) - IPC Server listener on 15104: starting
2024-02-27 07:42:25,821 [2fdf9b97-f8e3-478e-95f7-818a752c939a-DatanodeStateMachineDaemonThread] INFO  statemachine.DatanodeStateMachine (DatanodeStateMachine.java:lambda$startDaemon$1(555)) - Ozone container server started.
2024-02-27 07:42:25,821 [main] WARN  dropwizard3.Dm3MetricRegistriesImpl (Dm3MetricRegistriesImpl.java:addReporterRegistration(113)) - New reporters are added after registries were created. Some metrics will be missing from the reporter. Please add reporter before adding any new registry.
2024-02-27 07:42:25,821 [main] WARN  dropwizard3.Dm3MetricRegistriesImpl (Dm3MetricRegistriesImpl.java:addReporterRegistration(113)) - New reporters are added after registries were created. Some metrics will be missing from the reporter. Please add reporter before adding any new registry.
2024-02-27 07:42:25,822 [main] INFO  impl.MetricsSystemImpl (MetricsSystemImpl.java:init(158)) - HddsDatanode metrics system started (again)
2024-02-27 07:42:25,826 [2fdf9b97-f8e3-478e-95f7-818a752c939a-DatanodeStateMachineTaskThread-0] INFO  datanode.InitDatanodeState (InitDatanodeState.java:persistContainerDatanodeDetails(139)) - DatanodeDetails is persisted to /home/runner/work/ozone/ozone/hadoop-ozone/integration-test/target/test-dir/MiniOzoneClusterImpl-107870c4-38da-4dee-ace8-876b8e06d1b5/ozone-meta/datanode-1/meta/datanode.id
2024-02-27 07:42:25,831 [main] INFO  ozone.HddsDatanodeService (HddsDatanodeService.java:start(240)) - HddsDatanodeService host:fv-az699-61.gws2011vpwuupmkks00dozwttg.bx.internal.cloudapp.net ip:10.1.0.19
2024-02-27 07:42:25,849 [main] INFO  upgrade.AbstractLayoutVersionManager (AbstractLayoutVersionManager.java:init(83)) - Initializing Layout version manager with metadata layout = HADOOP_PRC_PORTS_IN_DATANODEDETAILS (version = 7), software layout = HADOOP_PRC_PORTS_IN_DATANODEDETAILS (version = 7)
2024-02-27 07:42:25,849 [main] INFO  statemachine.DatanodeStateMachine (DatanodeStateMachine.java:getEndPointTaskThreadPoolSize(299)) - Datanode State Machine Task Thread Pool size 2
2024-02-27 07:42:25,851 [main] INFO  volume.HddsVolume (HddsVolume.java:<init>(125)) - Creating HddsVolume: /home/runner/work/ozone/ozone/hadoop-ozone/integration-test/target/test-dir/MiniOzoneClusterImpl-107870c4-38da-4dee-ace8-876b8e06d1b5/ozone-meta/datanode-2/data-0/hdds of storage type : DISK capacity : 9223372036854775807
2024-02-27 07:42:25,851 [main] INFO  volume.MutableVolumeSet (MutableVolumeSet.java:initializeVolumeSet(173)) - Added Volume : /home/runner/work/ozone/ozone/hadoop-ozone/integration-test/target/test-dir/MiniOzoneClusterImpl-107870c4-38da-4dee-ace8-876b8e06d1b5/ozone-meta/datanode-2/data-0/hdds to VolumeSet
2024-02-27 07:42:25,852 [main] INFO  volume.MutableVolumeSet (MutableVolumeSet.java:initializeVolumeSet(173)) - Added Volume : /home/runner/work/ozone/ozone/hadoop-ozone/integration-test/target/test-dir/MiniOzoneClusterImpl-107870c4-38da-4dee-ace8-876b8e06d1b5/ozone-meta/datanode-2/ratis to VolumeSet
2024-02-27 07:42:25,852 [main] INFO  ozoneimpl.OzoneContainer (HddsVolumeUtil.java:loadAllHddsVolumeDbStore(103)) - Load 1 volumes DbStore cost: 0ms
2024-02-27 07:42:25,853 [main] INFO  server.RaftServer (ConfUtils.java:logGet(46)) - raft.rpc.type = GRPC (default)
2024-02-27 07:42:25,854 [main] INFO  grpc.GrpcConfigKeys (ConfUtils.java:logFallback(53)) - raft.grpc.admin.host = null (fallback to raft.grpc.server.host)
2024-02-27 07:42:25,854 [main] INFO  grpc.GrpcConfigKeys (ConfUtils.java:logGet(46)) - raft.grpc.admin.port = 15116 (custom)
2024-02-27 07:42:25,854 [main] INFO  grpc.GrpcConfigKeys (ConfUtils.java:logFallback(53)) - raft.grpc.client.host = null (fallback to raft.grpc.server.host)
2024-02-27 07:42:25,854 [main] INFO  grpc.GrpcConfigKeys (ConfUtils.java:logGet(46)) - raft.grpc.client.port = 15115 (custom)
2024-02-27 07:42:25,854 [main] INFO  grpc.GrpcConfigKeys (ConfUtils.java:logGet(46)) - raft.grpc.server.host = null (default)
2024-02-27 07:42:25,854 [main] INFO  grpc.GrpcConfigKeys (ConfUtils.java:logGet(46)) - raft.grpc.server.port = 15117 (custom)
2024-02-27 07:42:25,854 [main] INFO  server.GrpcService (ConfUtils.java:logGet(46)) - raft.grpc.message.size.max = 32MB (=33554432) (custom)
2024-02-27 07:42:25,854 [omNode-1@group-523986131536-FollowerState] INFO  impl.FollowerState (FollowerState.java:run(143)) - omNode-1@group-523986131536-FollowerState: change to CANDIDATE, lastRpcElapsedTime:1156623064ns, electionTimeout:1156ms
2024-02-27 07:42:25,855 [main] INFO  server.RaftServerConfigKeys (ConfUtils.java:logGet(46)) - raft.server.log.appender.buffer.byte-limit = 8388608 (custom)
2024-02-27 07:42:25,855 [omNode-1@group-523986131536-FollowerState] INFO  impl.RoleInfo (RoleInfo.java:shutdownFollowerState(110)) - omNode-1: shutdown omNode-1@group-523986131536-FollowerState
2024-02-27 07:42:25,855 [main] INFO  server.GrpcService (ConfUtils.java:logGet(46)) - raft.grpc.flow.control.window = 5MB (=5242880) (custom)
2024-02-27 07:42:25,855 [omNode-1@group-523986131536-FollowerState] INFO  server.RaftServer$Division (RaftServerImpl.java:setRole(383)) - omNode-1@group-523986131536: changes role from  FOLLOWER to CANDIDATE at term 0 for changeToCandidate
2024-02-27 07:42:25,855 [main] INFO  server.RaftServerConfigKeys (ConfUtils.java:logGet(46)) - raft.server.rpc.request.timeout = 60s (custom)
2024-02-27 07:42:25,855 [omNode-1@group-523986131536-FollowerState] INFO  server.RaftServerConfigKeys (ConfUtils.java:logGet(46)) - raft.server.leaderelection.pre-vote = true (default)
2024-02-27 07:42:25,855 [main] INFO  grpc.GrpcConfigKeys (ConfUtils.java:logGet(46)) - raft.grpc.server.heartbeat.channel = true (default)
2024-02-27 07:42:25,855 [omNode-1@group-523986131536-FollowerState] INFO  impl.RoleInfo (RoleInfo.java:updateAndGet(139)) - omNode-1: start omNode-1@group-523986131536-LeaderElection23
2024-02-27 07:42:25,855 [main] INFO  grpc.GrpcConfigKeys (ConfUtils.java:logGet(46)) - raft.grpc.server.async.request.thread.pool.cached = true (default)
2024-02-27 07:42:25,856 [main] INFO  grpc.GrpcConfigKeys (ConfUtils.java:logGet(46)) - raft.grpc.server.async.request.thread.pool.size = 32 (default)
2024-02-27 07:42:25,857 [omNode-1@group-523986131536-LeaderElection23] INFO  impl.LeaderElection (LeaderElection.java:askForVotes(321)) - omNode-1@group-523986131536-LeaderElection23 PRE_VOTE round 0: submit vote requests at term 0 for -1: peers:[omNode-3|localhost:15101, omNode-1|localhost:15093, omNode-2|localhost:15097]|listeners:[], old=null
2024-02-27 07:42:25,857 [omNode-1@group-523986131536-LeaderElection23-1] INFO  server.GrpcServerProtocolClient (GrpcServerProtocolClient.java:<init>(65)) - Build channel for omNode-3|localhost:15101
2024-02-27 07:42:25,857 [omNode-1@group-523986131536-LeaderElection23-2] INFO  server.GrpcServerProtocolClient (GrpcServerProtocolClient.java:<init>(65)) - Build channel for omNode-2|localhost:15097
2024-02-27 07:42:25,857 [omNode-1@group-523986131536-LeaderElection23] INFO  server.RaftServerConfigKeys (ConfUtils.java:logFallback(53)) - raft.server.rpc.first-election.timeout.min = 1s (fallback to raft.server.rpc.timeout.min)
2024-02-27 07:42:25,858 [omNode-1@group-523986131536-LeaderElection23] INFO  server.RaftServerConfigKeys (ConfUtils.java:logFallback(53)) - raft.server.rpc.first-election.timeout.max = 1200ms (fallback to raft.server.rpc.timeout.max)
2024-02-27 07:42:25,860 [main] INFO  impl.DataStreamServerImpl (ConfUtils.java:logGet(46)) - raft.datastream.type = NETTY (custom)
2024-02-27 07:42:25,860 [main] INFO  server.RaftServerConfigKeys (ConfUtils.java:logGet(46)) - raft.server.data-stream.async.request.thread.pool.cached = false (default)
2024-02-27 07:42:25,860 [main] INFO  server.RaftServerConfigKeys (ConfUtils.java:logGet(46)) - raft.server.data-stream.async.request.thread.pool.size = 20 (custom)
2024-02-27 07:42:25,860 [main] INFO  server.RaftServerConfigKeys (ConfUtils.java:logGet(46)) - raft.server.data-stream.async.write.thread.pool.size = 16 (default)
2024-02-27 07:42:25,860 [main] INFO  netty.NettyConfigKeys$DataStream (ConfUtils.java:logGet(46)) - raft.netty.dataStream.server.channel.inactive.grace-period = 10min (default)
2024-02-27 07:42:25,860 [main] INFO  server.RaftServerConfigKeys (ConfUtils.java:logGet(46)) - raft.server.data-stream.client.pool.size = 10 (default)
2024-02-27 07:42:25,861 [main] INFO  netty.NettyConfigKeys$DataStream (ConfUtils.java:logGet(46)) - raft.netty.dataStream.server.use-epoll = true (default)
2024-02-27 07:42:25,861 [main] INFO  netty.NettyConfigKeys$DataStream (ConfUtils.java:logGet(46)) - raft.netty.dataStream.server.boss-group.size = 0 (default)
2024-02-27 07:42:25,861 [main] INFO  netty.NettyUtils (NettyUtils.java:newEventLoopGroup(69)) - Create EpollEventLoopGroup for e71dbbe0-7268-4d86-ba43-abc421df11cb-NettyServerStreamRpc-bossGroup; Thread size is 0.
2024-02-27 07:42:25,861 [main] INFO  netty.NettyConfigKeys$DataStream (ConfUtils.java:logGet(46)) - raft.netty.dataStream.server.worker-group.size = 0 (default)
2024-02-27 07:42:25,861 [main] INFO  netty.NettyUtils (NettyUtils.java:newEventLoopGroup(69)) - Create EpollEventLoopGroup for e71dbbe0-7268-4d86-ba43-abc421df11cb-NettyServerStreamRpc-workerGroup; Thread size is 0.
2024-02-27 07:42:25,861 [main] INFO  netty.NettyConfigKeys$DataStream (ConfUtils.java:logGet(46)) - raft.netty.dataStream.server.tls.conf = null (default)
2024-02-27 07:42:25,862 [main] INFO  netty.NettyConfigKeys$DataStream (ConfUtils.java:logGet(46)) - raft.netty.dataStream.host = null (default)
2024-02-27 07:42:25,862 [main] INFO  netty.NettyConfigKeys$DataStream (ConfUtils.java:logGet(46)) - raft.netty.dataStream.port = 15118 (custom)
2024-02-27 07:42:25,863 [main] INFO  server.RaftServerConfigKeys (ConfUtils.java:logGet(46)) - raft.server.sleep.deviation.threshold = 300ms (default)
2024-02-27 07:42:25,863 [e71dbbe0-7268-4d86-ba43-abc421df11cb-NettyServerStreamRpc-bossGroup--thread1] INFO  logging.LoggingHandler (AbstractInternalLogger.java:log(148)) - [id: 0x9ab89981] REGISTERED
2024-02-27 07:42:25,863 [main] INFO  server.RaftServerConfigKeys (ConfUtils.java:logGet(46)) - raft.server.close.threshold = 60s (default)
2024-02-27 07:42:25,863 [e71dbbe0-7268-4d86-ba43-abc421df11cb-NettyServerStreamRpc-bossGroup--thread1] INFO  logging.LoggingHandler (AbstractInternalLogger.java:log(148)) - [id: 0x9ab89981] BIND: 0.0.0.0/0.0.0.0:15118
2024-02-27 07:42:25,863 [main] INFO  server.RaftServerConfigKeys (ConfUtils.java:logGet(46)) - raft.server.leaderelection.leader.step-down.wait-time = 10s (default)
2024-02-27 07:42:25,863 [e71dbbe0-7268-4d86-ba43-abc421df11cb-NettyServerStreamRpc-bossGroup--thread1] INFO  logging.LoggingHandler (AbstractInternalLogger.java:log(148)) - [id: 0x9ab89981, L:/0.0.0.0:15118] ACTIVE
2024-02-27 07:42:25,863 [main] INFO  server.RaftServerConfigKeys (ConfUtils.java:logGet(46)) - raft.server.storage.dir = [/home/runner/work/ozone/ozone/hadoop-ozone/integration-test/target/test-dir/MiniOzoneClusterImpl-107870c4-38da-4dee-ace8-876b8e06d1b5/ozone-meta/datanode-2/ratis] (custom)
2024-02-27 07:42:25,864 [main] INFO  server.RaftServerConfigKeys (ConfUtils.java:logGet(46)) - raft.server.threadpool.proxy.cached = true (default)
2024-02-27 07:42:25,864 [grpc-default-executor-1] INFO  server.RaftServer$Division (RaftServerImpl.java:requestVote(1389)) - omNode-3@group-523986131536: receive requestVote(PRE_VOTE, omNode-1, group-523986131536, 0, (t:0, i:~))
2024-02-27 07:42:25,864 [main] INFO  server.RaftServerConfigKeys (ConfUtils.java:logGet(46)) - raft.server.threadpool.proxy.size = 0 (default)
2024-02-27 07:42:25,864 [grpc-default-executor-1] INFO  impl.VoteContext (VoteContext.java:log(49)) - omNode-3@group-523986131536-FOLLOWER: accept PRE_VOTE from omNode-1: our priority 0 <= candidate's priority 0
2024-02-27 07:42:25,864 [grpc-default-executor-1] INFO  server.RaftServer$Division (RaftServerImpl.java:requestVote(1422)) - omNode-3@group-523986131536 replies to PRE_VOTE vote request: omNode-1<-omNode-3#0:OK-t0. Peer's state: omNode-3@group-523986131536:t0, leader=null, voted=, raftlog=Memoized:omNode-3@group-523986131536-SegmentedRaftLog:OPENED:c-1, conf=-1: peers:[omNode-3|localhost:15101, omNode-1|localhost:15093, omNode-2|localhost:15097]|listeners:[], old=null
2024-02-27 07:42:25,864 [e71dbbe0-7268-4d86-ba43-abc421df11cb-impl-thread1] INFO  server.RaftServer (RaftServerProxy.java:initGroupDir(264)) - e71dbbe0-7268-4d86-ba43-abc421df11cb: found a subdirectory /home/runner/work/ozone/ozone/hadoop-ozone/integration-test/target/test-dir/MiniOzoneClusterImpl-107870c4-38da-4dee-ace8-876b8e06d1b5/ozone-meta/datanode-2/ratis/tmp
2024-02-27 07:42:25,864 [e71dbbe0-7268-4d86-ba43-abc421df11cb-impl-thread1] INFO  server.RaftServer (RaftServerProxy.java:initGroupDir(269)) - e71dbbe0-7268-4d86-ba43-abc421df11cb: The directory /home/runner/work/ozone/ozone/hadoop-ozone/integration-test/target/test-dir/MiniOzoneClusterImpl-107870c4-38da-4dee-ace8-876b8e06d1b5/ozone-meta/datanode-2/ratis/tmp is not a group directory; ignoring it. 
2024-02-27 07:42:25,865 [main] INFO  replication.ReplicationServer (ReplicationServer.java:<init>(86)) - Initializing replication server with thread count = 10 queue length = 4096
2024-02-27 07:42:25,865 [omNode-1@group-523986131536-LeaderElection23] INFO  impl.LeaderElection (LeaderElection.java:logAndReturn(89)) - omNode-1@group-523986131536-LeaderElection23: PRE_VOTE PASSED received 1 response(s) and 0 exception(s):
2024-02-27 07:42:25,865 [omNode-1@group-523986131536-LeaderElection23] INFO  impl.LeaderElection (LeaderElection.java:logAndReturn(93)) -   Response 0: omNode-1<-omNode-3#0:OK-t0
2024-02-27 07:42:25,865 [omNode-1@group-523986131536-LeaderElection23] INFO  impl.LeaderElection (LeaderElection.java:askForVotes(323)) - omNode-1@group-523986131536-LeaderElection23 PRE_VOTE round 0: result PASSED
2024-02-27 07:42:25,866 [main] INFO  server.XceiverServerGrpc (XceiverServerGrpc.java:<init>(141)) - GrpcServer channel type EpollServerSocketChannel
2024-02-27 07:42:25,867 [omNode-1@group-523986131536-LeaderElection23] INFO  impl.LeaderElection (LeaderElection.java:askForVotes(321)) - omNode-1@group-523986131536-LeaderElection23 ELECTION round 0: submit vote requests at term 1 for -1: peers:[omNode-3|localhost:15101, omNode-1|localhost:15093, omNode-2|localhost:15097]|listeners:[], old=null
2024-02-27 07:42:25,867 [grpc-default-executor-0] INFO  server.RaftServer$Division (RaftServerImpl.java:requestVote(1389)) - omNode-2@group-523986131536: receive requestVote(PRE_VOTE, omNode-1, group-523986131536, 0, (t:0, i:~))
2024-02-27 07:42:25,867 [grpc-default-executor-0] INFO  impl.VoteContext (VoteContext.java:log(49)) - omNode-2@group-523986131536-FOLLOWER: accept PRE_VOTE from omNode-1: our priority 0 <= candidate's priority 0
2024-02-27 07:42:25,867 [grpc-default-executor-0] INFO  server.RaftServer$Division (RaftServerImpl.java:requestVote(1422)) - omNode-2@group-523986131536 replies to PRE_VOTE vote request: omNode-1<-omNode-2#0:OK-t0. Peer's state: omNode-2@group-523986131536:t0, leader=null, voted=, raftlog=Memoized:omNode-2@group-523986131536-SegmentedRaftLog:OPENED:c-1, conf=-1: peers:[omNode-3|localhost:15101, omNode-1|localhost:15093, omNode-2|localhost:15097]|listeners:[], old=null
2024-02-27 07:42:25,867 [main] INFO  replication.ReplicationSupervisor (ReplicationSupervisor.java:build(163)) - Initializing replication supervisor with thread count = 10
2024-02-27 07:42:25,867 [main] INFO  replication.ReplicationSupervisor (ReplicationSupervisor.java:nodeStateUpdated(317)) - Node state updated to IN_SERVICE, scaling executor pool size to 10
2024-02-27 07:42:25,868 [omNode-1@group-523986131536-LeaderElection23] INFO  server.RaftServerConfigKeys (ConfUtils.java:logFallback(53)) - raft.server.rpc.first-election.timeout.min = 1s (fallback to raft.server.rpc.timeout.min)
2024-02-27 07:42:25,868 [omNode-1@group-523986131536-LeaderElection23] INFO  server.RaftServerConfigKeys (ConfUtils.java:logFallback(53)) - raft.server.rpc.first-election.timeout.max = 1200ms (fallback to raft.server.rpc.timeout.max)
2024-02-27 07:42:25,868 [grpc-default-executor-0] INFO  server.RaftServer$Division (RaftServerImpl.java:requestVote(1389)) - omNode-3@group-523986131536: receive requestVote(ELECTION, omNode-1, group-523986131536, 1, (t:0, i:~))
2024-02-27 07:42:25,870 [grpc-default-executor-0] INFO  impl.VoteContext (VoteContext.java:log(49)) - omNode-3@group-523986131536-FOLLOWER: accept ELECTION from omNode-1: our priority 0 <= candidate's priority 0
2024-02-27 07:42:25,870 [grpc-default-executor-0] INFO  server.RaftServer$Division (RaftServerImpl.java:setRole(383)) - omNode-3@group-523986131536: changes role from  FOLLOWER to FOLLOWER at term 1 for candidate:omNode-1
2024-02-27 07:42:25,870 [grpc-default-executor-0] INFO  impl.RoleInfo (RoleInfo.java:shutdownFollowerState(110)) - omNode-3: shutdown omNode-3@group-523986131536-FollowerState
2024-02-27 07:42:25,870 [grpc-default-executor-0] INFO  impl.RoleInfo (RoleInfo.java:updateAndGet(139)) - omNode-3: start omNode-3@group-523986131536-FollowerState
2024-02-27 07:42:25,870 [omNode-3@group-523986131536-FollowerState] INFO  impl.FollowerState (FollowerState.java:run(152)) - omNode-3@group-523986131536-FollowerState was interrupted
2024-02-27 07:42:25,871 [grpc-default-executor-0] INFO  server.RaftServer$Division (RaftServerImpl.java:setFirstElection(574)) - omNode-3@group-523986131536: set firstElectionSinceStartup to false for candidate:omNode-1
2024-02-27 07:42:25,871 [grpc-default-executor-0] INFO  server.RaftServer$Division (RaftServerImpl.java:requestVote(1422)) - omNode-3@group-523986131536 replies to ELECTION vote request: omNode-1<-omNode-3#0:OK-t1. Peer's state: omNode-3@group-523986131536:t1, leader=null, voted=omNode-1, raftlog=Memoized:omNode-3@group-523986131536-SegmentedRaftLog:OPENED:c-1, conf=-1: peers:[omNode-3|localhost:15101, omNode-1|localhost:15093, omNode-2|localhost:15097]|listeners:[], old=null
2024-02-27 07:42:25,873 [main] INFO  http.BaseHttpServer (BaseHttpServer.java:newHttpServer2BuilderForOzone(223)) - Starting Web-server for hddsDatanode at: http://0.0.0.0:15112
2024-02-27 07:42:25,874 [main] INFO  http.BaseHttpServer (BaseHttpServer.java:<init>(110)) - Hadoop Security Enabled: false Ozone Security Enabled: false Ozone HTTP Security Enabled: false 
2024-02-27 07:42:25,874 [main] WARN  server.AuthenticationFilter (AuthenticationFilter.java:constructSecretProvider(240)) - Unable to initialize FileSignerSecretProvider, falling back to use random secrets. Reason: Could not read signature secret file: /home/runner/hadoop-http-auth-signature-secret
2024-02-27 07:42:25,875 [main] INFO  http.HttpRequestLog (HttpRequestLog.java:getRequestLog(86)) - Http request log for http.requests.hddsDatanode is not defined
2024-02-27 07:42:25,875 [main] INFO  http.HttpServer2 (HttpServer2.java:addGlobalFilter(1036)) - Added global filter 'safety' (class=org.apache.hadoop.hdds.server.http.HttpServer2$QuotingInputFilter)
2024-02-27 07:42:25,876 [main] INFO  http.HttpServer2 (HttpServer2.java:addFilter(1012)) - Added filter static_user_filter (class=org.apache.hadoop.http.lib.StaticUserWebFilter$StaticUserFilter) to context hddsDatanode
2024-02-27 07:42:25,876 [main] INFO  http.HttpServer2 (HttpServer2.java:addFilter(1020)) - Added filter static_user_filter (class=org.apache.hadoop.http.lib.StaticUserWebFilter$StaticUserFilter) to context logs
2024-02-27 07:42:25,876 [main] INFO  http.HttpServer2 (HttpServer2.java:addFilter(1020)) - Added filter static_user_filter (class=org.apache.hadoop.http.lib.StaticUserWebFilter$StaticUserFilter) to context static
2024-02-27 07:42:25,876 [main] INFO  http.BaseHttpServer (BaseHttpServer.java:<init>(189)) - HTTP server of hddsDatanode uses base directory /home/runner/work/ozone/ozone/hadoop-ozone/integration-test/target/test-dir/MiniOzoneClusterImpl-107870c4-38da-4dee-ace8-876b8e06d1b5/ozone-meta/datanode-2/meta/webserver
2024-02-27 07:42:25,877 [main] INFO  http.HttpServer2 (HttpServer2.java:bindListener(1236)) - Jetty bound to port 15112
2024-02-27 07:42:25,877 [main] INFO  server.Server (Server.java:doStart(375)) - jetty-9.4.53.v20231009; built: 2023-10-09T12:29:09.265Z; git: 27bde00a0b95a1d5bbee0eae7984f891d2d0f8c9; jvm 1.8.0_402-b06
2024-02-27 07:42:25,877 [omNode-1@group-523986131536-LeaderElection23] INFO  impl.LeaderElection (LeaderElection.java:logAndReturn(89)) - omNode-1@group-523986131536-LeaderElection23: ELECTION PASSED received 1 response(s) and 0 exception(s):
2024-02-27 07:42:25,877 [omNode-1@group-523986131536-LeaderElection23] INFO  impl.LeaderElection (LeaderElection.java:logAndReturn(93)) -   Response 0: omNode-1<-omNode-3#0:OK-t1
2024-02-27 07:42:25,877 [grpc-default-executor-0] INFO  server.RaftServer$Division (RaftServerImpl.java:requestVote(1389)) - omNode-2@group-523986131536: receive requestVote(ELECTION, omNode-1, group-523986131536, 1, (t:0, i:~))
2024-02-27 07:42:25,877 [grpc-default-executor-0] INFO  impl.VoteContext (VoteContext.java:log(49)) - omNode-2@group-523986131536-FOLLOWER: accept ELECTION from omNode-1: our priority 0 <= candidate's priority 0
2024-02-27 07:42:25,877 [grpc-default-executor-0] INFO  server.RaftServer$Division (RaftServerImpl.java:setRole(383)) - omNode-2@group-523986131536: changes role from  FOLLOWER to FOLLOWER at term 1 for candidate:omNode-1
2024-02-27 07:42:25,877 [grpc-default-executor-0] INFO  impl.RoleInfo (RoleInfo.java:shutdownFollowerState(110)) - omNode-2: shutdown omNode-2@group-523986131536-FollowerState
2024-02-27 07:42:25,881 [grpc-default-executor-0] INFO  impl.RoleInfo (RoleInfo.java:updateAndGet(139)) - omNode-2: start omNode-2@group-523986131536-FollowerState
2024-02-27 07:42:25,881 [grpc-default-executor-0] INFO  server.RaftServer$Division (RaftServerImpl.java:setFirstElection(574)) - omNode-2@group-523986131536: set firstElectionSinceStartup to false for candidate:omNode-1
2024-02-27 07:42:25,881 [omNode-1@group-523986131536-LeaderElection23] INFO  impl.LeaderElection (LeaderElection.java:askForVotes(323)) - omNode-1@group-523986131536-LeaderElection23 ELECTION round 0: result PASSED
2024-02-27 07:42:25,881 [omNode-2@group-523986131536-FollowerState] INFO  impl.FollowerState (FollowerState.java:run(152)) - omNode-2@group-523986131536-FollowerState was interrupted
2024-02-27 07:42:25,881 [omNode-1@group-523986131536-LeaderElection23] INFO  impl.RoleInfo (RoleInfo.java:shutdownLeaderElection(130)) - omNode-1: shutdown omNode-1@group-523986131536-LeaderElection23
2024-02-27 07:42:25,881 [omNode-1@group-523986131536-LeaderElection23] INFO  server.RaftServer$Division (RaftServerImpl.java:setRole(383)) - omNode-1@group-523986131536: changes role from CANDIDATE to LEADER at term 1 for changeToLeader
2024-02-27 07:42:25,881 [omNode-1@group-523986131536-LeaderElection23] INFO  server.RaftServerConfigKeys (ConfUtils.java:logGet(46)) - raft.server.staging.catchup.gap = 1000 (default)
2024-02-27 07:42:25,882 [grpc-default-executor-0] INFO  server.RaftServer$Division (RaftServerImpl.java:requestVote(1422)) - omNode-2@group-523986131536 replies to ELECTION vote request: omNode-1<-omNode-2#0:OK-t1. Peer's state: omNode-2@group-523986131536:t1, leader=null, voted=omNode-1, raftlog=Memoized:omNode-2@group-523986131536-SegmentedRaftLog:OPENED:c-1, conf=-1: peers:[omNode-3|localhost:15101, omNode-1|localhost:15093, omNode-2|localhost:15097]|listeners:[], old=null
2024-02-27 07:42:25,886 [omNode-1@group-523986131536-LeaderElection23] INFO  server.RaftServerConfigKeys (ConfUtils.java:logGet(46)) - raft.server.write.element-limit = 4096 (default)
2024-02-27 07:42:25,887 [main] INFO  server.session (DefaultSessionIdManager.java:doStart(334)) - DefaultSessionIdManager workerName=node0
2024-02-27 07:42:25,887 [main] INFO  server.session (DefaultSessionIdManager.java:doStart(339)) - No SessionScavenger set, using defaults
2024-02-27 07:42:25,887 [main] INFO  server.session (HouseKeeper.java:startScavenging(132)) - node0 Scavenging every 600000ms
2024-02-27 07:42:25,887 [omNode-1@group-523986131536-LeaderElection23] INFO  server.RaftServerConfigKeys (ConfUtils.java:logGet(46)) - raft.server.write.byte-limit = 64MB (=67108864) (default)
2024-02-27 07:42:25,887 [main] INFO  handler.ContextHandler (ContextHandler.java:doStart(921)) - Started o.e.j.s.ServletContextHandler@7ce73cb0{logs,/logs,file:///home/runner/work/ozone/ozone/hadoop-ozone/integration-test/target/log,AVAILABLE}
2024-02-27 07:42:25,888 [omNode-1@group-523986131536-LeaderElection23] INFO  server.RaftServerConfigKeys (ConfUtils.java:logGet(46)) - raft.server.watch.timeout = 10s (default)
2024-02-27 07:42:25,888 [omNode-1@group-523986131536-LeaderElection23] INFO  server.RaftServerConfigKeys (ConfUtils.java:logGet(46)) - raft.server.watch.timeout.denomination = 1s (default)
2024-02-27 07:42:25,888 [main] INFO  handler.ContextHandler (ContextHandler.java:doStart(921)) - Started o.e.j.s.ServletContextHandler@3c24f1ea{static,/static,jar:file:/home/runner/.m2/repository/org/apache/ozone/hdds-container-service/1.5.0-SNAPSHOT/hdds-container-service-1.5.0-SNAPSHOT.jar!/webapps/static,AVAILABLE}
2024-02-27 07:42:25,888 [omNode-1@group-523986131536-LeaderElection23] INFO  server.RaftServerConfigKeys (ConfUtils.java:logGet(46)) - raft.server.watch.element-limit = 65536 (default)
2024-02-27 07:42:25,889 [omNode-1@group-523986131536-LeaderElection23] INFO  server.RaftServerConfigKeys (ConfUtils.java:logGet(46)) - raft.server.read.leader.lease.enabled = false (default)
2024-02-27 07:42:25,889 [omNode-1@group-523986131536-LeaderElection23] INFO  server.RaftServerConfigKeys (ConfUtils.java:logGet(46)) - raft.server.read.leader.lease.timeout.ratio = 0.9 (default)
2024-02-27 07:42:25,889 [omNode-1@group-523986131536-LeaderElection23] INFO  server.RaftServerConfigKeys (ConfUtils.java:logGet(46)) - raft.server.rpc.timeout.min = 1s (custom)
2024-02-27 07:42:25,889 [omNode-1@group-523986131536-LeaderElection23] INFO  server.RaftServerConfigKeys (ConfUtils.java:logGet(46)) - raft.server.write.element-limit = 4096 (default)
2024-02-27 07:42:25,889 [omNode-1@group-523986131536-LeaderElection23] INFO  server.RaftServerConfigKeys (ConfUtils.java:logGet(46)) - raft.server.write.follower.gap.ratio.max = -1.0 (default)
2024-02-27 07:42:25,889 [omNode-1@group-523986131536-LeaderElection23] INFO  server.RaftServerConfigKeys (ConfUtils.java:logGet(46)) - raft.server.log.appender.snapshot.chunk.size.max = 16MB (=16777216) (default)
2024-02-27 07:42:25,889 [omNode-1@group-523986131536-LeaderElection23] INFO  server.RaftServerConfigKeys (ConfUtils.java:logGet(46)) - raft.server.log.appender.buffer.byte-limit = 4194304 (custom)
2024-02-27 07:42:25,889 [omNode-1@group-523986131536-LeaderElection23] INFO  server.RaftServerConfigKeys (ConfUtils.java:logGet(46)) - raft.server.log.appender.buffer.element-limit = 1024 (custom)
2024-02-27 07:42:25,889 [omNode-1@group-523986131536-LeaderElection23] INFO  server.RaftServerConfigKeys (ConfUtils.java:logGet(46)) - raft.server.log.appender.wait-time.min = 0ms (custom)
2024-02-27 07:42:25,889 [omNode-1@group-523986131536-LeaderElection23] INFO  grpc.GrpcConfigKeys (ConfUtils.java:logGet(46)) - raft.grpc.server.leader.outstanding.appends.max = 8 (default)
2024-02-27 07:42:25,889 [omNode-1@group-523986131536-LeaderElection23] INFO  server.RaftServerConfigKeys (ConfUtils.java:logGet(46)) - raft.server.rpc.request.timeout = 3000ms (default)
2024-02-27 07:42:25,890 [omNode-1@group-523986131536-LeaderElection23] INFO  grpc.GrpcConfigKeys (ConfUtils.java:logGet(46)) - raft.grpc.server.install_snapshot.request.element-limit = 8 (default)
2024-02-27 07:42:25,890 [omNode-1@group-523986131536-LeaderElection23] INFO  grpc.GrpcConfigKeys (ConfUtils.java:logGet(46)) - raft.grpc.server.install_snapshot.request.timeout = 3000ms (default)
2024-02-27 07:42:25,890 [omNode-1@group-523986131536-LeaderElection23] INFO  grpc.GrpcConfigKeys (ConfUtils.java:logGet(46)) - raft.grpc.server.log-message.batch.duration = 5s (default)
2024-02-27 07:42:25,890 [omNode-1@group-523986131536-LeaderElection23] INFO  server.RaftServerConfigKeys (ConfUtils.java:logGet(46)) - raft.server.log.appender.install.snapshot.enabled = false (custom)
2024-02-27 07:42:25,890 [omNode-1@group-523986131536-LeaderElection23] INFO  grpc.GrpcConfigKeys (ConfUtils.java:logGet(46)) - raft.grpc.server.heartbeat.channel = true (default)
2024-02-27 07:42:25,890 [omNode-1@group-523986131536-LeaderElection23] INFO  server.RaftServerConfigKeys (ConfUtils.java:logGet(46)) - raft.server.log.appender.snapshot.chunk.size.max = 16MB (=16777216) (default)
2024-02-27 07:42:25,890 [omNode-1@group-523986131536-LeaderElection23] INFO  server.RaftServerConfigKeys (ConfUtils.java:logGet(46)) - raft.server.log.appender.buffer.byte-limit = 4194304 (custom)
2024-02-27 07:42:25,890 [omNode-1@group-523986131536-LeaderElection23] INFO  server.RaftServerConfigKeys (ConfUtils.java:logGet(46)) - raft.server.log.appender.buffer.element-limit = 1024 (custom)
2024-02-27 07:42:25,891 [omNode-1@group-523986131536-LeaderElection23] INFO  server.RaftServerConfigKeys (ConfUtils.java:logGet(46)) - raft.server.log.appender.wait-time.min = 0ms (custom)
2024-02-27 07:42:25,891 [omNode-1@group-523986131536-LeaderElection23] INFO  grpc.GrpcConfigKeys (ConfUtils.java:logGet(46)) - raft.grpc.server.leader.outstanding.appends.max = 8 (default)
2024-02-27 07:42:25,891 [omNode-1@group-523986131536-LeaderElection23] INFO  server.RaftServerConfigKeys (ConfUtils.java:logGet(46)) - raft.server.rpc.request.timeout = 3000ms (default)
2024-02-27 07:42:25,891 [omNode-1@group-523986131536-LeaderElection23] INFO  grpc.GrpcConfigKeys (ConfUtils.java:logGet(46)) - raft.grpc.server.install_snapshot.request.element-limit = 8 (default)
2024-02-27 07:42:25,891 [omNode-1@group-523986131536-LeaderElection23] INFO  grpc.GrpcConfigKeys (ConfUtils.java:logGet(46)) - raft.grpc.server.install_snapshot.request.timeout = 3000ms (default)
2024-02-27 07:42:25,891 [omNode-1@group-523986131536-LeaderElection23] INFO  grpc.GrpcConfigKeys (ConfUtils.java:logGet(46)) - raft.grpc.server.log-message.batch.duration = 5s (default)
2024-02-27 07:42:25,891 [omNode-1@group-523986131536-LeaderElection23] INFO  server.RaftServerConfigKeys (ConfUtils.java:logGet(46)) - raft.server.log.appender.install.snapshot.enabled = false (custom)
2024-02-27 07:42:25,891 [omNode-1@group-523986131536-LeaderElection23] INFO  grpc.GrpcConfigKeys (ConfUtils.java:logGet(46)) - raft.grpc.server.heartbeat.channel = true (default)
2024-02-27 07:42:25,891 [omNode-1@group-523986131536-LeaderElection23] INFO  impl.RoleInfo (RoleInfo.java:updateAndGet(139)) - omNode-1: start omNode-1@group-523986131536-LeaderStateImpl
2024-02-27 07:42:25,891 [omNode-1@group-523986131536-LeaderElection23] INFO  server.RaftServer$Division (RaftServerImpl.java:setFirstElection(574)) - omNode-1@group-523986131536: set firstElectionSinceStartup to false for becomeLeader
2024-02-27 07:42:25,891 [omNode-1@group-523986131536-LeaderElection23] INFO  server.RaftServer$Division (ServerState.java:setLeader(269)) - omNode-1@group-523986131536: change Leader from null to omNode-1 at term 1 for becomeLeader, leader elected after 1410ms
2024-02-27 07:42:25,891 [omNode-1@group-523986131536-LeaderElection23] INFO  segmented.SegmentedRaftLogWorker (SegmentedRaftLogWorker.java:startLogSegment(430)) - omNode-1@group-523986131536-SegmentedRaftLogWorker: Starting segment from index:0
2024-02-27 07:42:25,892 [omNode-1@group-523986131536-SegmentedRaftLogWorker] INFO  segmented.BufferedWriteChannel (BufferedWriteChannel.java:open(62)) - open log_inprogress_0 at position 0
2024-02-27 07:42:25,893 [omNode-1@group-523986131536-LeaderElection23] INFO  server.RaftServer$Division (ServerState.java:setRaftConf(386)) - omNode-1@group-523986131536: set configuration 0: peers:[omNode-3|localhost:15101, omNode-1|localhost:15093, omNode-2|localhost:15097]|listeners:[], old=null
2024-02-27 07:42:25,900 [omNode-1@group-523986131536-SegmentedRaftLogWorker] INFO  segmented.SegmentedRaftLogWorker (SegmentedRaftLogWorker.java:execute(634)) - omNode-1@group-523986131536-SegmentedRaftLogWorker: created new log segment /home/runner/work/ozone/ozone/hadoop-ozone/integration-test/target/test-dir/MiniOzoneClusterImpl-107870c4-38da-4dee-ace8-876b8e06d1b5/omNode-1/ratis/c9bc4cf4-3bc3-3c60-a66b-523986131536/current/log_inprogress_0
2024-02-27 07:42:25,908 [omNode-3-server-thread1] INFO  server.RaftServer$Division (ServerState.java:setLeader(269)) - omNode-3@group-523986131536: change Leader from null to omNode-1 at term 1 for appendEntries, leader elected after 417ms
2024-02-27 07:42:25,913 [omNode-3-server-thread3] INFO  server.RaftServer$Division (ServerState.java:setRaftConf(386)) - omNode-3@group-523986131536: set configuration 0: peers:[omNode-3|localhost:15101, omNode-1|localhost:15093, omNode-2|localhost:15097]|listeners:[], old=null
2024-02-27 07:42:25,914 [omNode-3-server-thread3] INFO  segmented.SegmentedRaftLogWorker (SegmentedRaftLogWorker.java:startLogSegment(430)) - omNode-3@group-523986131536-SegmentedRaftLogWorker: Starting segment from index:0
2024-02-27 07:42:25,914 [omNode-3@group-523986131536-SegmentedRaftLogWorker] INFO  segmented.BufferedWriteChannel (BufferedWriteChannel.java:open(62)) - open log_inprogress_0 at position 0
2024-02-27 07:42:25,921 [omNode-3@group-523986131536-SegmentedRaftLogWorker] INFO  segmented.SegmentedRaftLogWorker (SegmentedRaftLogWorker.java:execute(634)) - omNode-3@group-523986131536-SegmentedRaftLogWorker: created new log segment /home/runner/work/ozone/ozone/hadoop-ozone/integration-test/target/test-dir/MiniOzoneClusterImpl-107870c4-38da-4dee-ace8-876b8e06d1b5/omNode-3/ratis/c9bc4cf4-3bc3-3c60-a66b-523986131536/current/log_inprogress_0
2024-02-27 07:42:25,925 [omNode-1@group-523986131536-StateMachineUpdater] INFO  ratis.OzoneManagerStateMachine (OzoneManagerStateMachine.java:notifyConfigurationChanged(200)) - Received Configuration change notification from Ratis. New Peer list:
[id: "omNode-3"
address: "localhost:15101"
startupRole: FOLLOWER
, id: "omNode-1"
address: "localhost:15093"
startupRole: FOLLOWER
, id: "omNode-2"
address: "localhost:15097"
startupRole: FOLLOWER
]
2024-02-27 07:42:25,925 [omNode-2-server-thread1] INFO  server.RaftServer$Division (ServerState.java:setLeader(269)) - omNode-2@group-523986131536: change Leader from null to omNode-1 at term 1 for appendEntries, leader elected after 963ms
2024-02-27 07:42:25,925 [omNode-1@group-523986131536-StateMachineUpdater] INFO  server.RaftServer$Division (LeaderStateImpl.java:isApplied(320)) - leader is ready since appliedIndex == 0 >= startIndex == 0
2024-02-27 07:42:25,927 [omNode-2-server-thread1] INFO  server.RaftServer$Division (ServerState.java:setRaftConf(386)) - omNode-2@group-523986131536: set configuration 0: peers:[omNode-3|localhost:15101, omNode-1|localhost:15093, omNode-2|localhost:15097]|listeners:[], old=null
2024-02-27 07:42:25,927 [omNode-2-server-thread1] INFO  segmented.SegmentedRaftLogWorker (SegmentedRaftLogWorker.java:startLogSegment(430)) - omNode-2@group-523986131536-SegmentedRaftLogWorker: Starting segment from index:0
2024-02-27 07:42:25,928 [omNode-2@group-523986131536-SegmentedRaftLogWorker] INFO  segmented.BufferedWriteChannel (BufferedWriteChannel.java:open(62)) - open log_inprogress_0 at position 0
2024-02-27 07:42:25,935 [omNode-2@group-523986131536-SegmentedRaftLogWorker] INFO  segmented.SegmentedRaftLogWorker (SegmentedRaftLogWorker.java:execute(634)) - omNode-2@group-523986131536-SegmentedRaftLogWorker: created new log segment /home/runner/work/ozone/ozone/hadoop-ozone/integration-test/target/test-dir/MiniOzoneClusterImpl-107870c4-38da-4dee-ace8-876b8e06d1b5/omNode-2/ratis/c9bc4cf4-3bc3-3c60-a66b-523986131536/current/log_inprogress_0
2024-02-27 07:42:25,949 [main] INFO  handler.ContextHandler (ContextHandler.java:doStart(921)) - Started o.e.j.w.WebAppContext@49d068b0{hddsDatanode,/,file:///home/runner/work/ozone/ozone/hadoop-ozone/integration-test/target/test-dir/MiniOzoneClusterImpl-107870c4-38da-4dee-ace8-876b8e06d1b5/ozone-meta/datanode-2/meta/webserver/jetty-0_0_0_0-15112-hdds-container-service-1_5_0-SNAPSHOT_jar-_-any-9141662003415965106/webapp/,AVAILABLE}{jar:file:/home/runner/.m2/repository/org/apache/ozone/hdds-container-service/1.5.0-SNAPSHOT/hdds-container-service-1.5.0-SNAPSHOT.jar!/webapps/hddsDatanode}
2024-02-27 07:42:25,949 [main] INFO  server.AbstractConnector (AbstractConnector.java:doStart(333)) - Started ServerConnector@1d61c498{HTTP/1.1, (http/1.1)}{0.0.0.0:15112}
2024-02-27 07:42:25,949 [main] INFO  server.Server (Server.java:doStart(415)) - Started @228657ms
2024-02-27 07:42:25,950 [main] WARN  impl.MetricsSystemImpl (MetricsSystemImpl.java:register(279)) - Sink prometheus already exists!
2024-02-27 07:42:25,950 [main] INFO  http.BaseHttpServer (BaseHttpServer.java:updateConnectorAddress(354)) - HTTP server of hddsDatanode listening at http://0.0.0.0:15112
2024-02-27 07:42:25,950 [main] INFO  ipc.CallQueueManager (CallQueueManager.java:<init>(90)) - Using callQueue: class java.util.concurrent.LinkedBlockingQueue, queueCapacity: 100, scheduler: class org.apache.hadoop.ipc.DefaultRpcScheduler, ipcBackoff: false.
2024-02-27 07:42:25,951 [main] INFO  ipc.Server (Server.java:<init>(1287)) - Listener at 0.0.0.0:15113
2024-02-27 07:42:25,951 [Socket Reader #1 for port 15113] INFO  ipc.Server (Server.java:run(1323)) - Starting Socket Reader #1 for port 15113
2024-02-27 07:42:25,952 [main] INFO  ozone.HddsDatanodeService (HddsDatanodeService.java:start(327)) - Datanode start with admins: [*, runner]
2024-02-27 07:42:25,952 [main] INFO  ozone.HddsDatanodeClientProtocolServer (HddsDatanodeClientProtocolServer.java:start(77)) - RPC server for Client /0.0.0.0:15113
2024-02-27 07:42:25,953 [IPC Server Responder] INFO  ipc.Server (Server.java:run(1562)) - IPC Server Responder: starting
2024-02-27 07:42:25,953 [IPC Server listener on 15113] INFO  ipc.Server (Server.java:run(1402)) - IPC Server listener on 15113: starting
2024-02-27 07:42:25,953 [main] WARN  dropwizard3.Dm3MetricRegistriesImpl (Dm3MetricRegistriesImpl.java:addReporterRegistration(113)) - New reporters are added after registries were created. Some metrics will be missing from the reporter. Please add reporter before adding any new registry.
2024-02-27 07:42:25,954 [main] WARN  dropwizard3.Dm3MetricRegistriesImpl (Dm3MetricRegistriesImpl.java:addReporterRegistration(113)) - New reporters are added after registries were created. Some metrics will be missing from the reporter. Please add reporter before adding any new registry.
2024-02-27 07:42:25,953 [e71dbbe0-7268-4d86-ba43-abc421df11cb-DatanodeStateMachineDaemonThread] INFO  statemachine.DatanodeStateMachine (DatanodeStateMachine.java:lambda$startDaemon$1(555)) - Ozone container server started.
2024-02-27 07:42:25,954 [main] INFO  impl.MetricsSystemImpl (MetricsSystemImpl.java:init(158)) - HddsDatanode metrics system started (again)
2024-02-27 07:42:25,960 [e71dbbe0-7268-4d86-ba43-abc421df11cb-DatanodeStateMachineTaskThread-0] INFO  datanode.InitDatanodeState (InitDatanodeState.java:persistContainerDatanodeDetails(139)) - DatanodeDetails is persisted to /home/runner/work/ozone/ozone/hadoop-ozone/integration-test/target/test-dir/MiniOzoneClusterImpl-107870c4-38da-4dee-ace8-876b8e06d1b5/ozone-meta/datanode-2/meta/datanode.id
2024-02-27 07:42:25,964 [main] INFO  ozone.HddsDatanodeService (HddsDatanodeService.java:start(240)) - HddsDatanodeService host:fv-az699-61.gws2011vpwuupmkks00dozwttg.bx.internal.cloudapp.net ip:10.1.0.19
2024-02-27 07:42:25,981 [main] INFO  upgrade.AbstractLayoutVersionManager (AbstractLayoutVersionManager.java:init(83)) - Initializing Layout version manager with metadata layout = HADOOP_PRC_PORTS_IN_DATANODEDETAILS (version = 7), software layout = HADOOP_PRC_PORTS_IN_DATANODEDETAILS (version = 7)
2024-02-27 07:42:25,982 [main] INFO  statemachine.DatanodeStateMachine (DatanodeStateMachine.java:getEndPointTaskThreadPoolSize(299)) - Datanode State Machine Task Thread Pool size 2
2024-02-27 07:42:25,982 [main] INFO  volume.HddsVolume (HddsVolume.java:<init>(125)) - Creating HddsVolume: /home/runner/work/ozone/ozone/hadoop-ozone/integration-test/target/test-dir/MiniOzoneClusterImpl-107870c4-38da-4dee-ace8-876b8e06d1b5/ozone-meta/datanode-3/data-0/hdds of storage type : DISK capacity : 9223372036854775807
2024-02-27 07:42:25,983 [main] INFO  volume.MutableVolumeSet (MutableVolumeSet.java:initializeVolumeSet(173)) - Added Volume : /home/runner/work/ozone/ozone/hadoop-ozone/integration-test/target/test-dir/MiniOzoneClusterImpl-107870c4-38da-4dee-ace8-876b8e06d1b5/ozone-meta/datanode-3/data-0/hdds to VolumeSet
2024-02-27 07:42:25,984 [main] INFO  volume.MutableVolumeSet (MutableVolumeSet.java:initializeVolumeSet(173)) - Added Volume : /home/runner/work/ozone/ozone/hadoop-ozone/integration-test/target/test-dir/MiniOzoneClusterImpl-107870c4-38da-4dee-ace8-876b8e06d1b5/ozone-meta/datanode-3/ratis to VolumeSet
2024-02-27 07:42:25,984 [main] INFO  ozoneimpl.OzoneContainer (HddsVolumeUtil.java:loadAllHddsVolumeDbStore(103)) - Load 1 volumes DbStore cost: 0ms
2024-02-27 07:42:25,985 [main] INFO  server.RaftServer (ConfUtils.java:logGet(46)) - raft.rpc.type = GRPC (default)
2024-02-27 07:42:25,985 [main] INFO  grpc.GrpcConfigKeys (ConfUtils.java:logFallback(53)) - raft.grpc.admin.host = null (fallback to raft.grpc.server.host)
2024-02-27 07:42:25,986 [main] INFO  grpc.GrpcConfigKeys (ConfUtils.java:logGet(46)) - raft.grpc.admin.port = 15125 (custom)
2024-02-27 07:42:25,986 [main] INFO  grpc.GrpcConfigKeys (ConfUtils.java:logFallback(53)) - raft.grpc.client.host = null (fallback to raft.grpc.server.host)
2024-02-27 07:42:25,986 [main] INFO  grpc.GrpcConfigKeys (ConfUtils.java:logGet(46)) - raft.grpc.client.port = 15124 (custom)
2024-02-27 07:42:25,986 [main] INFO  grpc.GrpcConfigKeys (ConfUtils.java:logGet(46)) - raft.grpc.server.host = null (default)
2024-02-27 07:42:25,986 [main] INFO  grpc.GrpcConfigKeys (ConfUtils.java:logGet(46)) - raft.grpc.server.port = 15126 (custom)
2024-02-27 07:42:25,986 [main] INFO  server.GrpcService (ConfUtils.java:logGet(46)) - raft.grpc.message.size.max = 32MB (=33554432) (custom)
2024-02-27 07:42:25,986 [main] INFO  server.RaftServerConfigKeys (ConfUtils.java:logGet(46)) - raft.server.log.appender.buffer.byte-limit = 8388608 (custom)
2024-02-27 07:42:25,986 [main] INFO  server.GrpcService (ConfUtils.java:logGet(46)) - raft.grpc.flow.control.window = 5MB (=5242880) (custom)
2024-02-27 07:42:25,986 [main] INFO  server.RaftServerConfigKeys (ConfUtils.java:logGet(46)) - raft.server.rpc.request.timeout = 60s (custom)
2024-02-27 07:42:25,986 [main] INFO  grpc.GrpcConfigKeys (ConfUtils.java:logGet(46)) - raft.grpc.server.heartbeat.channel = true (default)
2024-02-27 07:42:25,987 [main] INFO  grpc.GrpcConfigKeys (ConfUtils.java:logGet(46)) - raft.grpc.server.async.request.thread.pool.cached = true (default)
2024-02-27 07:42:25,987 [main] INFO  grpc.GrpcConfigKeys (ConfUtils.java:logGet(46)) - raft.grpc.server.async.request.thread.pool.size = 32 (default)
2024-02-27 07:42:25,988 [main] INFO  impl.DataStreamServerImpl (ConfUtils.java:logGet(46)) - raft.datastream.type = NETTY (custom)
2024-02-27 07:42:25,989 [main] INFO  server.RaftServerConfigKeys (ConfUtils.java:logGet(46)) - raft.server.data-stream.async.request.thread.pool.cached = false (default)
2024-02-27 07:42:25,989 [main] INFO  server.RaftServerConfigKeys (ConfUtils.java:logGet(46)) - raft.server.data-stream.async.request.thread.pool.size = 20 (custom)
2024-02-27 07:42:25,989 [main] INFO  server.RaftServerConfigKeys (ConfUtils.java:logGet(46)) - raft.server.data-stream.async.write.thread.pool.size = 16 (default)
2024-02-27 07:42:25,989 [main] INFO  netty.NettyConfigKeys$DataStream (ConfUtils.java:logGet(46)) - raft.netty.dataStream.server.channel.inactive.grace-period = 10min (default)
2024-02-27 07:42:25,989 [main] INFO  server.RaftServerConfigKeys (ConfUtils.java:logGet(46)) - raft.server.data-stream.client.pool.size = 10 (default)
2024-02-27 07:42:25,990 [main] INFO  netty.NettyConfigKeys$DataStream (ConfUtils.java:logGet(46)) - raft.netty.dataStream.server.use-epoll = true (default)
2024-02-27 07:42:25,990 [main] INFO  netty.NettyConfigKeys$DataStream (ConfUtils.java:logGet(46)) - raft.netty.dataStream.server.boss-group.size = 0 (default)
2024-02-27 07:42:25,990 [main] INFO  netty.NettyUtils (NettyUtils.java:newEventLoopGroup(69)) - Create EpollEventLoopGroup for 7cccb36f-9418-4bb0-9e1b-7711a01d9c69-NettyServerStreamRpc-bossGroup; Thread size is 0.
2024-02-27 07:42:25,990 [main] INFO  netty.NettyConfigKeys$DataStream (ConfUtils.java:logGet(46)) - raft.netty.dataStream.server.worker-group.size = 0 (default)
2024-02-27 07:42:25,990 [main] INFO  netty.NettyUtils (NettyUtils.java:newEventLoopGroup(69)) - Create EpollEventLoopGroup for 7cccb36f-9418-4bb0-9e1b-7711a01d9c69-NettyServerStreamRpc-workerGroup; Thread size is 0.
2024-02-27 07:42:25,990 [main] INFO  netty.NettyConfigKeys$DataStream (ConfUtils.java:logGet(46)) - raft.netty.dataStream.server.tls.conf = null (default)
2024-02-27 07:42:25,991 [main] INFO  netty.NettyConfigKeys$DataStream (ConfUtils.java:logGet(46)) - raft.netty.dataStream.host = null (default)
2024-02-27 07:42:25,991 [main] INFO  netty.NettyConfigKeys$DataStream (ConfUtils.java:logGet(46)) - raft.netty.dataStream.port = 15127 (custom)
2024-02-27 07:42:25,991 [main] INFO  server.RaftServerConfigKeys (ConfUtils.java:logGet(46)) - raft.server.sleep.deviation.threshold = 300ms (default)
2024-02-27 07:42:25,991 [main] INFO  server.RaftServerConfigKeys (ConfUtils.java:logGet(46)) - raft.server.close.threshold = 60s (default)
2024-02-27 07:42:25,991 [7cccb36f-9418-4bb0-9e1b-7711a01d9c69-NettyServerStreamRpc-bossGroup--thread1] INFO  logging.LoggingHandler (AbstractInternalLogger.java:log(148)) - [id: 0x10a42595] REGISTERED
2024-02-27 07:42:25,991 [main] INFO  server.RaftServerConfigKeys (ConfUtils.java:logGet(46)) - raft.server.leaderelection.leader.step-down.wait-time = 10s (default)
2024-02-27 07:42:25,991 [7cccb36f-9418-4bb0-9e1b-7711a01d9c69-NettyServerStreamRpc-bossGroup--thread1] INFO  logging.LoggingHandler (AbstractInternalLogger.java:log(148)) - [id: 0x10a42595] BIND: 0.0.0.0/0.0.0.0:15127
2024-02-27 07:42:25,992 [main] INFO  server.RaftServerConfigKeys (ConfUtils.java:logGet(46)) - raft.server.storage.dir = [/home/runner/work/ozone/ozone/hadoop-ozone/integration-test/target/test-dir/MiniOzoneClusterImpl-107870c4-38da-4dee-ace8-876b8e06d1b5/ozone-meta/datanode-3/ratis] (custom)
2024-02-27 07:42:25,992 [main] INFO  server.RaftServerConfigKeys (ConfUtils.java:logGet(46)) - raft.server.threadpool.proxy.cached = true (default)
2024-02-27 07:42:25,992 [main] INFO  server.RaftServerConfigKeys (ConfUtils.java:logGet(46)) - raft.server.threadpool.proxy.size = 0 (default)
2024-02-27 07:42:25,992 [7cccb36f-9418-4bb0-9e1b-7711a01d9c69-NettyServerStreamRpc-bossGroup--thread1] INFO  logging.LoggingHandler (AbstractInternalLogger.java:log(148)) - [id: 0x10a42595, L:/0.0.0.0:15127] ACTIVE
2024-02-27 07:42:25,992 [7cccb36f-9418-4bb0-9e1b-7711a01d9c69-impl-thread1] INFO  server.RaftServer (RaftServerProxy.java:initGroupDir(264)) - 7cccb36f-9418-4bb0-9e1b-7711a01d9c69: found a subdirectory /home/runner/work/ozone/ozone/hadoop-ozone/integration-test/target/test-dir/MiniOzoneClusterImpl-107870c4-38da-4dee-ace8-876b8e06d1b5/ozone-meta/datanode-3/ratis/tmp
2024-02-27 07:42:25,992 [7cccb36f-9418-4bb0-9e1b-7711a01d9c69-impl-thread1] INFO  server.RaftServer (RaftServerProxy.java:initGroupDir(269)) - 7cccb36f-9418-4bb0-9e1b-7711a01d9c69: The directory /home/runner/work/ozone/ozone/hadoop-ozone/integration-test/target/test-dir/MiniOzoneClusterImpl-107870c4-38da-4dee-ace8-876b8e06d1b5/ozone-meta/datanode-3/ratis/tmp is not a group directory; ignoring it. 
2024-02-27 07:42:25,993 [main] INFO  replication.ReplicationServer (ReplicationServer.java:<init>(86)) - Initializing replication server with thread count = 10 queue length = 4096
2024-02-27 07:42:25,993 [main] INFO  server.XceiverServerGrpc (XceiverServerGrpc.java:<init>(141)) - GrpcServer channel type EpollServerSocketChannel
2024-02-27 07:42:25,995 [main] INFO  replication.ReplicationSupervisor (ReplicationSupervisor.java:build(163)) - Initializing replication supervisor with thread count = 10
2024-02-27 07:42:25,995 [main] INFO  replication.ReplicationSupervisor (ReplicationSupervisor.java:nodeStateUpdated(317)) - Node state updated to IN_SERVICE, scaling executor pool size to 10
2024-02-27 07:42:25,996 [main] INFO  http.BaseHttpServer (BaseHttpServer.java:newHttpServer2BuilderForOzone(223)) - Starting Web-server for hddsDatanode at: http://0.0.0.0:15121
2024-02-27 07:42:25,996 [main] INFO  http.BaseHttpServer (BaseHttpServer.java:<init>(110)) - Hadoop Security Enabled: false Ozone Security Enabled: false Ozone HTTP Security Enabled: false 
2024-02-27 07:42:25,997 [main] WARN  server.AuthenticationFilter (AuthenticationFilter.java:constructSecretProvider(240)) - Unable to initialize FileSignerSecretProvider, falling back to use random secrets. Reason: Could not read signature secret file: /home/runner/hadoop-http-auth-signature-secret
2024-02-27 07:42:25,997 [main] INFO  http.HttpRequestLog (HttpRequestLog.java:getRequestLog(86)) - Http request log for http.requests.hddsDatanode is not defined
2024-02-27 07:42:25,998 [main] INFO  http.HttpServer2 (HttpServer2.java:addGlobalFilter(1036)) - Added global filter 'safety' (class=org.apache.hadoop.hdds.server.http.HttpServer2$QuotingInputFilter)
2024-02-27 07:42:25,998 [main] INFO  http.HttpServer2 (HttpServer2.java:addFilter(1012)) - Added filter static_user_filter (class=org.apache.hadoop.http.lib.StaticUserWebFilter$StaticUserFilter) to context hddsDatanode
2024-02-27 07:42:25,998 [main] INFO  http.HttpServer2 (HttpServer2.java:addFilter(1020)) - Added filter static_user_filter (class=org.apache.hadoop.http.lib.StaticUserWebFilter$StaticUserFilter) to context logs
2024-02-27 07:42:25,998 [main] INFO  http.HttpServer2 (HttpServer2.java:addFilter(1020)) - Added filter static_user_filter (class=org.apache.hadoop.http.lib.StaticUserWebFilter$StaticUserFilter) to context static
2024-02-27 07:42:25,999 [main] INFO  http.BaseHttpServer (BaseHttpServer.java:<init>(189)) - HTTP server of hddsDatanode uses base directory /home/runner/work/ozone/ozone/hadoop-ozone/integration-test/target/test-dir/MiniOzoneClusterImpl-107870c4-38da-4dee-ace8-876b8e06d1b5/ozone-meta/datanode-3/meta/webserver
2024-02-27 07:42:25,999 [main] INFO  http.HttpServer2 (HttpServer2.java:bindListener(1236)) - Jetty bound to port 15121
2024-02-27 07:42:25,999 [main] INFO  server.Server (Server.java:doStart(375)) - jetty-9.4.53.v20231009; built: 2023-10-09T12:29:09.265Z; git: 27bde00a0b95a1d5bbee0eae7984f891d2d0f8c9; jvm 1.8.0_402-b06
2024-02-27 07:42:26,000 [main] INFO  server.session (DefaultSessionIdManager.java:doStart(334)) - DefaultSessionIdManager workerName=node0
2024-02-27 07:42:26,000 [main] INFO  server.session (DefaultSessionIdManager.java:doStart(339)) - No SessionScavenger set, using defaults
2024-02-27 07:42:26,000 [main] INFO  server.session (HouseKeeper.java:startScavenging(132)) - node0 Scavenging every 660000ms
2024-02-27 07:42:26,000 [main] INFO  handler.ContextHandler (ContextHandler.java:doStart(921)) - Started o.e.j.s.ServletContextHandler@6f0fbfdf{logs,/logs,file:///home/runner/work/ozone/ozone/hadoop-ozone/integration-test/target/log,AVAILABLE}
2024-02-27 07:42:26,001 [main] INFO  handler.ContextHandler (ContextHandler.java:doStart(921)) - Started o.e.j.s.ServletContextHandler@2444b810{static,/static,jar:file:/home/runner/.m2/repository/org/apache/ozone/hdds-container-service/1.5.0-SNAPSHOT/hdds-container-service-1.5.0-SNAPSHOT.jar!/webapps/static,AVAILABLE}
2024-02-27 07:42:26,032 [main] INFO  handler.ContextHandler (ContextHandler.java:doStart(921)) - Started o.e.j.w.WebAppContext@13bd2f20{hddsDatanode,/,file:///home/runner/work/ozone/ozone/hadoop-ozone/integration-test/target/test-dir/MiniOzoneClusterImpl-107870c4-38da-4dee-ace8-876b8e06d1b5/ozone-meta/datanode-3/meta/webserver/jetty-0_0_0_0-15121-hdds-container-service-1_5_0-SNAPSHOT_jar-_-any-7574320238207523784/webapp/,AVAILABLE}{jar:file:/home/runner/.m2/repository/org/apache/ozone/hdds-container-service/1.5.0-SNAPSHOT/hdds-container-service-1.5.0-SNAPSHOT.jar!/webapps/hddsDatanode}
2024-02-27 07:42:26,033 [main] INFO  server.AbstractConnector (AbstractConnector.java:doStart(333)) - Started ServerConnector@7f5d07f6{HTTP/1.1, (http/1.1)}{0.0.0.0:15121}
2024-02-27 07:42:26,033 [main] INFO  server.Server (Server.java:doStart(415)) - Started @228741ms
2024-02-27 07:42:26,033 [main] WARN  impl.MetricsSystemImpl (MetricsSystemImpl.java:register(279)) - Sink prometheus already exists!
2024-02-27 07:42:26,034 [main] INFO  http.BaseHttpServer (BaseHttpServer.java:updateConnectorAddress(354)) - HTTP server of hddsDatanode listening at http://0.0.0.0:15121
2024-02-27 07:42:26,034 [main] INFO  ipc.CallQueueManager (CallQueueManager.java:<init>(90)) - Using callQueue: class java.util.concurrent.LinkedBlockingQueue, queueCapacity: 100, scheduler: class org.apache.hadoop.ipc.DefaultRpcScheduler, ipcBackoff: false.
2024-02-27 07:42:26,034 [main] INFO  ipc.Server (Server.java:<init>(1287)) - Listener at 0.0.0.0:15122
2024-02-27 07:42:26,034 [Socket Reader #1 for port 15122] INFO  ipc.Server (Server.java:run(1323)) - Starting Socket Reader #1 for port 15122
2024-02-27 07:42:26,036 [main] INFO  ozone.HddsDatanodeService (HddsDatanodeService.java:start(327)) - Datanode start with admins: [*, runner]
2024-02-27 07:42:26,036 [main] INFO  ozone.HddsDatanodeClientProtocolServer (HddsDatanodeClientProtocolServer.java:start(77)) - RPC server for Client /0.0.0.0:15122
2024-02-27 07:42:26,036 [IPC Server Responder] INFO  ipc.Server (Server.java:run(1562)) - IPC Server Responder: starting
2024-02-27 07:42:26,036 [IPC Server listener on 15122] INFO  ipc.Server (Server.java:run(1402)) - IPC Server listener on 15122: starting
2024-02-27 07:42:26,042 [7cccb36f-9418-4bb0-9e1b-7711a01d9c69-DatanodeStateMachineDaemonThread] INFO  statemachine.DatanodeStateMachine (DatanodeStateMachine.java:lambda$startDaemon$1(555)) - Ozone container server started.
2024-02-27 07:42:26,042 [main] INFO  ozone.MiniOzoneClusterImpl (MiniOzoneClusterImpl.java:lambda$waitForClusterToBeReady$0(195)) - Waiting for nodes to be ready. Got 0 of 3 DN Heartbeats.
2024-02-27 07:42:26,043 [main] INFO  ozone.MiniOzoneClusterImpl (MiniOzoneClusterImpl.java:lambda$waitForClusterToBeReady$0(198)) - Waiting for cluster to exit safe mode
2024-02-27 07:42:26,043 [main] INFO  ozone.MiniOzoneClusterImpl (MiniOzoneClusterImpl.java:lambda$waitForClusterToBeReady$0(200)) - SCM became leader
2024-02-27 07:42:26,046 [7cccb36f-9418-4bb0-9e1b-7711a01d9c69-DatanodeStateMachineTaskThread-0] INFO  datanode.InitDatanodeState (InitDatanodeState.java:persistContainerDatanodeDetails(139)) - DatanodeDetails is persisted to /home/runner/work/ozone/ozone/hadoop-ozone/integration-test/target/test-dir/MiniOzoneClusterImpl-107870c4-38da-4dee-ace8-876b8e06d1b5/ozone-meta/datanode-3/meta/datanode.id
2024-02-27 07:42:26,427 [omNode-3@group-523986131536-StateMachineUpdater] INFO  ratis.OzoneManagerStateMachine (OzoneManagerStateMachine.java:notifyConfigurationChanged(200)) - Received Configuration change notification from Ratis. New Peer list:
[id: "omNode-3"
address: "localhost:15101"
startupRole: FOLLOWER
, id: "omNode-1"
address: "localhost:15093"
startupRole: FOLLOWER
, id: "omNode-2"
address: "localhost:15097"
startupRole: FOLLOWER
]
2024-02-27 07:42:26,439 [omNode-2@group-523986131536-StateMachineUpdater] INFO  ratis.OzoneManagerStateMachine (OzoneManagerStateMachine.java:notifyConfigurationChanged(200)) - Received Configuration change notification from Ratis. New Peer list:
[id: "omNode-3"
address: "localhost:15101"
startupRole: FOLLOWER
, id: "omNode-1"
address: "localhost:15093"
startupRole: FOLLOWER
, id: "omNode-2"
address: "localhost:15097"
startupRole: FOLLOWER
]
2024-02-27 07:42:27,043 [main] INFO  ozone.MiniOzoneClusterImpl (MiniOzoneClusterImpl.java:lambda$waitForClusterToBeReady$0(195)) - Waiting for nodes to be ready. Got 0 of 3 DN Heartbeats.
2024-02-27 07:42:27,044 [main] INFO  ozone.MiniOzoneClusterImpl (MiniOzoneClusterImpl.java:lambda$waitForClusterToBeReady$0(198)) - Waiting for cluster to exit safe mode
2024-02-27 07:42:27,044 [main] INFO  ozone.MiniOzoneClusterImpl (MiniOzoneClusterImpl.java:lambda$waitForClusterToBeReady$0(200)) - SCM became leader
2024-02-27 07:42:27,843 [2fdf9b97-f8e3-478e-95f7-818a752c939a-EndpointStateMachineTaskThread-/0.0.0.0:15088-0 ] INFO  utils.DatanodeStoreCache (DatanodeStoreCache.java:addDB(72)) - Added db /home/runner/work/ozone/ozone/hadoop-ozone/integration-test/target/test-dir/MiniOzoneClusterImpl-107870c4-38da-4dee-ace8-876b8e06d1b5/ozone-meta/datanode-1/data-0/hdds/107870c4-38da-4dee-ace8-876b8e06d1b5/DS-eb69ed87-8ed5-4f94-822a-4ce0a016253a/container.db to cache
2024-02-27 07:42:27,843 [2fdf9b97-f8e3-478e-95f7-818a752c939a-EndpointStateMachineTaskThread-/0.0.0.0:15088-0 ] INFO  volume.HddsVolume (HddsVolume.java:createDbStore(420)) - SchemaV3 db is created and loaded at /home/runner/work/ozone/ozone/hadoop-ozone/integration-test/target/test-dir/MiniOzoneClusterImpl-107870c4-38da-4dee-ace8-876b8e06d1b5/ozone-meta/datanode-1/data-0/hdds/107870c4-38da-4dee-ace8-876b8e06d1b5/DS-eb69ed87-8ed5-4f94-822a-4ce0a016253a/container.db for volume DS-eb69ed87-8ed5-4f94-822a-4ce0a016253a
2024-02-27 07:42:27,844 [2fdf9b97-f8e3-478e-95f7-818a752c939a-ContainerReader-0] INFO  ozoneimpl.ContainerReader (ContainerReader.java:readVolume(148)) - Start to verify containers on volume /home/runner/work/ozone/ozone/hadoop-ozone/integration-test/target/test-dir/MiniOzoneClusterImpl-107870c4-38da-4dee-ace8-876b8e06d1b5/ozone-meta/datanode-1/data-0/hdds
2024-02-27 07:42:27,844 [2fdf9b97-f8e3-478e-95f7-818a752c939a-ContainerReader-0] INFO  ozoneimpl.ContainerReader (ContainerReader.java:readVolume(178)) - Finish verifying containers on volume /home/runner/work/ozone/ozone/hadoop-ozone/integration-test/target/test-dir/MiniOzoneClusterImpl-107870c4-38da-4dee-ace8-876b8e06d1b5/ozone-meta/datanode-1/data-0/hdds
2024-02-27 07:42:27,844 [2fdf9b97-f8e3-478e-95f7-818a752c939a-EndpointStateMachineTaskThread-/0.0.0.0:15088-0 ] INFO  ozoneimpl.OzoneContainer (OzoneContainer.java:buildContainerSet(328)) - Build ContainerSet costs 0s
2024-02-27 07:42:27,845 [2fdf9b97-f8e3-478e-95f7-818a752c939a-EndpointStateMachineTaskThread-/0.0.0.0:15088-0 ] INFO  volume.ThrottledAsyncChecker (ThrottledAsyncChecker.java:schedule(141)) - Scheduling a check for /home/runner/work/ozone/ozone/hadoop-ozone/integration-test/target/test-dir/MiniOzoneClusterImpl-107870c4-38da-4dee-ace8-876b8e06d1b5/ozone-meta/datanode-1/data-0/hdds
2024-02-27 07:42:27,846 [2fdf9b97-f8e3-478e-95f7-818a752c939a-EndpointStateMachineTaskThread-/0.0.0.0:15088-0 ] INFO  volume.StorageVolumeChecker (StorageVolumeChecker.java:checkAllVolumes(218)) - Scheduled health check for volume /home/runner/work/ozone/ozone/hadoop-ozone/integration-test/target/test-dir/MiniOzoneClusterImpl-107870c4-38da-4dee-ace8-876b8e06d1b5/ozone-meta/datanode-1/data-0/hdds
2024-02-27 07:42:27,847 [2fdf9b97-f8e3-478e-95f7-818a752c939a-EndpointStateMachineTaskThread-/0.0.0.0:15088-0 ] INFO  volume.ThrottledAsyncChecker (ThrottledAsyncChecker.java:schedule(141)) - Scheduling a check for /home/runner/work/ozone/ozone/hadoop-ozone/integration-test/target/test-dir/MiniOzoneClusterImpl-107870c4-38da-4dee-ace8-876b8e06d1b5/ozone-meta/datanode-1/ratis
2024-02-27 07:42:27,848 [2fdf9b97-f8e3-478e-95f7-818a752c939a-EndpointStateMachineTaskThread-/0.0.0.0:15088-0 ] INFO  volume.StorageVolumeChecker (StorageVolumeChecker.java:checkAllVolumes(218)) - Scheduled health check for volume /home/runner/work/ozone/ozone/hadoop-ozone/integration-test/target/test-dir/MiniOzoneClusterImpl-107870c4-38da-4dee-ace8-876b8e06d1b5/ozone-meta/datanode-1/ratis
2024-02-27 07:42:27,849 [2fdf9b97-f8e3-478e-95f7-818a752c939a-EndpointStateMachineTaskThread-/0.0.0.0:15088-0 ] INFO  ozoneimpl.OzoneContainer (OzoneContainer.java:start(459)) - Attempting to start container services.
2024-02-27 07:42:27,849 [2fdf9b97-f8e3-478e-95f7-818a752c939a-EndpointStateMachineTaskThread-/0.0.0.0:15088-0 ] INFO  ozoneimpl.OzoneContainer (OzoneContainer.java:startContainerScrub(339)) - Scheduled background container scanners and the on-demand container scanner have been disabled.
2024-02-27 07:42:27,850 [2fdf9b97-f8e3-478e-95f7-818a752c939a-EndpointStateMachineTaskThread-/0.0.0.0:15088-0 ] INFO  replication.ReplicationServer (ReplicationServer.java:start(140)) - ReplicationServer is started using port 15110
2024-02-27 07:42:27,850 [2fdf9b97-f8e3-478e-95f7-818a752c939a-EndpointStateMachineTaskThread-/0.0.0.0:15088-0 ] INFO  ratis.XceiverServerRatis (XceiverServerRatis.java:start(566)) - Starting XceiverServerRatis 2fdf9b97-f8e3-478e-95f7-818a752c939a
2024-02-27 07:42:27,854 [2fdf9b97-f8e3-478e-95f7-818a752c939a-EndpointStateMachineTaskThread-/0.0.0.0:15088-0 ] INFO  server.RaftServer (RaftServerProxy.java:startImpl(406)) - 2fdf9b97-f8e3-478e-95f7-818a752c939a: start RPC server
2024-02-27 07:42:27,855 [2fdf9b97-f8e3-478e-95f7-818a752c939a-EndpointStateMachineTaskThread-/0.0.0.0:15088-0 ] INFO  server.GrpcService (GrpcService.java:startImpl(302)) - 2fdf9b97-f8e3-478e-95f7-818a752c939a: GrpcService started, listening on 15106
2024-02-27 07:42:27,856 [2fdf9b97-f8e3-478e-95f7-818a752c939a-EndpointStateMachineTaskThread-/0.0.0.0:15088-0 ] INFO  server.GrpcService (GrpcService.java:startImpl(302)) - 2fdf9b97-f8e3-478e-95f7-818a752c939a: GrpcService started, listening on 15108
2024-02-27 07:42:27,857 [2fdf9b97-f8e3-478e-95f7-818a752c939a-EndpointStateMachineTaskThread-/0.0.0.0:15088-0 ] INFO  server.GrpcService (GrpcService.java:startImpl(302)) - 2fdf9b97-f8e3-478e-95f7-818a752c939a: GrpcService started, listening on 15107
2024-02-27 07:42:27,857 [2fdf9b97-f8e3-478e-95f7-818a752c939a-EndpointStateMachineTaskThread-/0.0.0.0:15088-0 ] INFO  ratis.XceiverServerRatis (XceiverServerRatis.java:getRealPort(592)) - XceiverServerRatis 2fdf9b97-f8e3-478e-95f7-818a752c939a is started using port 15106 for RATIS
2024-02-27 07:42:27,857 [JvmPauseMonitor33] INFO  util.JvmPauseMonitor (JvmPauseMonitor.java:run(146)) - JvmPauseMonitor-2fdf9b97-f8e3-478e-95f7-818a752c939a: Started
2024-02-27 07:42:27,857 [2fdf9b97-f8e3-478e-95f7-818a752c939a-EndpointStateMachineTaskThread-/0.0.0.0:15088-0 ] INFO  ratis.XceiverServerRatis (XceiverServerRatis.java:getRealPort(592)) - XceiverServerRatis 2fdf9b97-f8e3-478e-95f7-818a752c939a is started using port 15107 for RATIS_ADMIN
2024-02-27 07:42:27,857 [2fdf9b97-f8e3-478e-95f7-818a752c939a-EndpointStateMachineTaskThread-/0.0.0.0:15088-0 ] INFO  ratis.XceiverServerRatis (XceiverServerRatis.java:getRealPort(592)) - XceiverServerRatis 2fdf9b97-f8e3-478e-95f7-818a752c939a is started using port 15108 for RATIS_SERVER
2024-02-27 07:42:27,857 [2fdf9b97-f8e3-478e-95f7-818a752c939a-EndpointStateMachineTaskThread-/0.0.0.0:15088-0 ] INFO  ratis.XceiverServerRatis (XceiverServerRatis.java:getRealPort(592)) - XceiverServerRatis 2fdf9b97-f8e3-478e-95f7-818a752c939a is started using port 15109 for RATIS_DATASTREAM
2024-02-27 07:42:27,858 [2fdf9b97-f8e3-478e-95f7-818a752c939a-BlockDeletingService#0] INFO  interfaces.ContainerDeletionChoosingPolicyTemplate (ContainerDeletionChoosingPolicyTemplate.java:chooseContainerForBlockDeletion(85)) - Chosen 0/5000 blocks from 0 candidate containers.
2024-02-27 07:42:27,980 [e71dbbe0-7268-4d86-ba43-abc421df11cb-EndpointStateMachineTaskThread-/0.0.0.0:15088-0 ] INFO  utils.DatanodeStoreCache (DatanodeStoreCache.java:addDB(72)) - Added db /home/runner/work/ozone/ozone/hadoop-ozone/integration-test/target/test-dir/MiniOzoneClusterImpl-107870c4-38da-4dee-ace8-876b8e06d1b5/ozone-meta/datanode-2/data-0/hdds/107870c4-38da-4dee-ace8-876b8e06d1b5/DS-a6cf34ae-9452-40fa-8bcb-368097054513/container.db to cache
2024-02-27 07:42:27,980 [e71dbbe0-7268-4d86-ba43-abc421df11cb-EndpointStateMachineTaskThread-/0.0.0.0:15088-0 ] INFO  volume.HddsVolume (HddsVolume.java:createDbStore(420)) - SchemaV3 db is created and loaded at /home/runner/work/ozone/ozone/hadoop-ozone/integration-test/target/test-dir/MiniOzoneClusterImpl-107870c4-38da-4dee-ace8-876b8e06d1b5/ozone-meta/datanode-2/data-0/hdds/107870c4-38da-4dee-ace8-876b8e06d1b5/DS-a6cf34ae-9452-40fa-8bcb-368097054513/container.db for volume DS-a6cf34ae-9452-40fa-8bcb-368097054513
2024-02-27 07:42:27,981 [e71dbbe0-7268-4d86-ba43-abc421df11cb-ContainerReader-0] INFO  ozoneimpl.ContainerReader (ContainerReader.java:readVolume(148)) - Start to verify containers on volume /home/runner/work/ozone/ozone/hadoop-ozone/integration-test/target/test-dir/MiniOzoneClusterImpl-107870c4-38da-4dee-ace8-876b8e06d1b5/ozone-meta/datanode-2/data-0/hdds
2024-02-27 07:42:27,981 [e71dbbe0-7268-4d86-ba43-abc421df11cb-ContainerReader-0] INFO  ozoneimpl.ContainerReader (ContainerReader.java:readVolume(178)) - Finish verifying containers on volume /home/runner/work/ozone/ozone/hadoop-ozone/integration-test/target/test-dir/MiniOzoneClusterImpl-107870c4-38da-4dee-ace8-876b8e06d1b5/ozone-meta/datanode-2/data-0/hdds
2024-02-27 07:42:27,981 [e71dbbe0-7268-4d86-ba43-abc421df11cb-EndpointStateMachineTaskThread-/0.0.0.0:15088-0 ] INFO  ozoneimpl.OzoneContainer (OzoneContainer.java:buildContainerSet(328)) - Build ContainerSet costs 0s
2024-02-27 07:42:27,982 [e71dbbe0-7268-4d86-ba43-abc421df11cb-EndpointStateMachineTaskThread-/0.0.0.0:15088-0 ] INFO  volume.ThrottledAsyncChecker (ThrottledAsyncChecker.java:schedule(141)) - Scheduling a check for /home/runner/work/ozone/ozone/hadoop-ozone/integration-test/target/test-dir/MiniOzoneClusterImpl-107870c4-38da-4dee-ace8-876b8e06d1b5/ozone-meta/datanode-2/data-0/hdds
2024-02-27 07:42:27,982 [e71dbbe0-7268-4d86-ba43-abc421df11cb-EndpointStateMachineTaskThread-/0.0.0.0:15088-0 ] INFO  volume.StorageVolumeChecker (StorageVolumeChecker.java:checkAllVolumes(218)) - Scheduled health check for volume /home/runner/work/ozone/ozone/hadoop-ozone/integration-test/target/test-dir/MiniOzoneClusterImpl-107870c4-38da-4dee-ace8-876b8e06d1b5/ozone-meta/datanode-2/data-0/hdds
2024-02-27 07:42:27,983 [e71dbbe0-7268-4d86-ba43-abc421df11cb-EndpointStateMachineTaskThread-/0.0.0.0:15088-0 ] INFO  volume.ThrottledAsyncChecker (ThrottledAsyncChecker.java:schedule(141)) - Scheduling a check for /home/runner/work/ozone/ozone/hadoop-ozone/integration-test/target/test-dir/MiniOzoneClusterImpl-107870c4-38da-4dee-ace8-876b8e06d1b5/ozone-meta/datanode-2/ratis
2024-02-27 07:42:27,984 [e71dbbe0-7268-4d86-ba43-abc421df11cb-EndpointStateMachineTaskThread-/0.0.0.0:15088-0 ] INFO  volume.StorageVolumeChecker (StorageVolumeChecker.java:checkAllVolumes(218)) - Scheduled health check for volume /home/runner/work/ozone/ozone/hadoop-ozone/integration-test/target/test-dir/MiniOzoneClusterImpl-107870c4-38da-4dee-ace8-876b8e06d1b5/ozone-meta/datanode-2/ratis
2024-02-27 07:42:27,985 [e71dbbe0-7268-4d86-ba43-abc421df11cb-EndpointStateMachineTaskThread-/0.0.0.0:15088-0 ] INFO  ozoneimpl.OzoneContainer (OzoneContainer.java:start(459)) - Attempting to start container services.
2024-02-27 07:42:27,985 [e71dbbe0-7268-4d86-ba43-abc421df11cb-EndpointStateMachineTaskThread-/0.0.0.0:15088-0 ] INFO  ozoneimpl.OzoneContainer (OzoneContainer.java:startContainerScrub(339)) - Scheduled background container scanners and the on-demand container scanner have been disabled.
2024-02-27 07:42:27,986 [e71dbbe0-7268-4d86-ba43-abc421df11cb-EndpointStateMachineTaskThread-/0.0.0.0:15088-0 ] INFO  replication.ReplicationServer (ReplicationServer.java:start(140)) - ReplicationServer is started using port 15119
2024-02-27 07:42:27,986 [e71dbbe0-7268-4d86-ba43-abc421df11cb-EndpointStateMachineTaskThread-/0.0.0.0:15088-0 ] INFO  ratis.XceiverServerRatis (XceiverServerRatis.java:start(566)) - Starting XceiverServerRatis e71dbbe0-7268-4d86-ba43-abc421df11cb
2024-02-27 07:42:27,986 [e71dbbe0-7268-4d86-ba43-abc421df11cb-EndpointStateMachineTaskThread-/0.0.0.0:15088-0 ] INFO  server.RaftServer (RaftServerProxy.java:startImpl(406)) - e71dbbe0-7268-4d86-ba43-abc421df11cb: start RPC server
2024-02-27 07:42:27,987 [e71dbbe0-7268-4d86-ba43-abc421df11cb-EndpointStateMachineTaskThread-/0.0.0.0:15088-0 ] INFO  server.GrpcService (GrpcService.java:startImpl(302)) - e71dbbe0-7268-4d86-ba43-abc421df11cb: GrpcService started, listening on 15115
2024-02-27 07:42:27,988 [e71dbbe0-7268-4d86-ba43-abc421df11cb-EndpointStateMachineTaskThread-/0.0.0.0:15088-0 ] INFO  server.GrpcService (GrpcService.java:startImpl(302)) - e71dbbe0-7268-4d86-ba43-abc421df11cb: GrpcService started, listening on 15117
2024-02-27 07:42:27,988 [e71dbbe0-7268-4d86-ba43-abc421df11cb-EndpointStateMachineTaskThread-/0.0.0.0:15088-0 ] INFO  server.GrpcService (GrpcService.java:startImpl(302)) - e71dbbe0-7268-4d86-ba43-abc421df11cb: GrpcService started, listening on 15116
2024-02-27 07:42:27,989 [e71dbbe0-7268-4d86-ba43-abc421df11cb-EndpointStateMachineTaskThread-/0.0.0.0:15088-0 ] INFO  ratis.XceiverServerRatis (XceiverServerRatis.java:getRealPort(592)) - XceiverServerRatis e71dbbe0-7268-4d86-ba43-abc421df11cb is started using port 15115 for RATIS
2024-02-27 07:42:27,989 [e71dbbe0-7268-4d86-ba43-abc421df11cb-EndpointStateMachineTaskThread-/0.0.0.0:15088-0 ] INFO  ratis.XceiverServerRatis (XceiverServerRatis.java:getRealPort(592)) - XceiverServerRatis e71dbbe0-7268-4d86-ba43-abc421df11cb is started using port 15116 for RATIS_ADMIN
2024-02-27 07:42:27,989 [e71dbbe0-7268-4d86-ba43-abc421df11cb-EndpointStateMachineTaskThread-/0.0.0.0:15088-0 ] INFO  ratis.XceiverServerRatis (XceiverServerRatis.java:getRealPort(592)) - XceiverServerRatis e71dbbe0-7268-4d86-ba43-abc421df11cb is started using port 15117 for RATIS_SERVER
2024-02-27 07:42:27,989 [e71dbbe0-7268-4d86-ba43-abc421df11cb-EndpointStateMachineTaskThread-/0.0.0.0:15088-0 ] INFO  ratis.XceiverServerRatis (XceiverServerRatis.java:getRealPort(592)) - XceiverServerRatis e71dbbe0-7268-4d86-ba43-abc421df11cb is started using port 15118 for RATIS_DATASTREAM
2024-02-27 07:42:27,989 [JvmPauseMonitor34] INFO  util.JvmPauseMonitor (JvmPauseMonitor.java:run(146)) - JvmPauseMonitor-e71dbbe0-7268-4d86-ba43-abc421df11cb: Started
2024-02-27 07:42:27,991 [e71dbbe0-7268-4d86-ba43-abc421df11cb-BlockDeletingService#0] INFO  interfaces.ContainerDeletionChoosingPolicyTemplate (ContainerDeletionChoosingPolicyTemplate.java:chooseContainerForBlockDeletion(85)) - Chosen 0/5000 blocks from 0 candidate containers.
2024-02-27 07:42:28,044 [main] INFO  ozone.MiniOzoneClusterImpl (MiniOzoneClusterImpl.java:lambda$waitForClusterToBeReady$0(195)) - Waiting for nodes to be ready. Got 0 of 3 DN Heartbeats.
2024-02-27 07:42:28,044 [main] INFO  ozone.MiniOzoneClusterImpl (MiniOzoneClusterImpl.java:lambda$waitForClusterToBeReady$0(198)) - Waiting for cluster to exit safe mode
2024-02-27 07:42:28,044 [main] INFO  ozone.MiniOzoneClusterImpl (MiniOzoneClusterImpl.java:lambda$waitForClusterToBeReady$0(200)) - SCM became leader
2024-02-27 07:42:28,070 [7cccb36f-9418-4bb0-9e1b-7711a01d9c69-EndpointStateMachineTaskThread-/0.0.0.0:15088-0 ] INFO  utils.DatanodeStoreCache (DatanodeStoreCache.java:addDB(72)) - Added db /home/runner/work/ozone/ozone/hadoop-ozone/integration-test/target/test-dir/MiniOzoneClusterImpl-107870c4-38da-4dee-ace8-876b8e06d1b5/ozone-meta/datanode-3/data-0/hdds/107870c4-38da-4dee-ace8-876b8e06d1b5/DS-e8d2233d-f2ae-4251-bc2b-d03443c58724/container.db to cache
2024-02-27 07:42:28,070 [7cccb36f-9418-4bb0-9e1b-7711a01d9c69-EndpointStateMachineTaskThread-/0.0.0.0:15088-0 ] INFO  volume.HddsVolume (HddsVolume.java:createDbStore(420)) - SchemaV3 db is created and loaded at /home/runner/work/ozone/ozone/hadoop-ozone/integration-test/target/test-dir/MiniOzoneClusterImpl-107870c4-38da-4dee-ace8-876b8e06d1b5/ozone-meta/datanode-3/data-0/hdds/107870c4-38da-4dee-ace8-876b8e06d1b5/DS-e8d2233d-f2ae-4251-bc2b-d03443c58724/container.db for volume DS-e8d2233d-f2ae-4251-bc2b-d03443c58724
2024-02-27 07:42:28,072 [7cccb36f-9418-4bb0-9e1b-7711a01d9c69-ContainerReader-0] INFO  ozoneimpl.ContainerReader (ContainerReader.java:readVolume(148)) - Start to verify containers on volume /home/runner/work/ozone/ozone/hadoop-ozone/integration-test/target/test-dir/MiniOzoneClusterImpl-107870c4-38da-4dee-ace8-876b8e06d1b5/ozone-meta/datanode-3/data-0/hdds
2024-02-27 07:42:28,072 [7cccb36f-9418-4bb0-9e1b-7711a01d9c69-ContainerReader-0] INFO  ozoneimpl.ContainerReader (ContainerReader.java:readVolume(178)) - Finish verifying containers on volume /home/runner/work/ozone/ozone/hadoop-ozone/integration-test/target/test-dir/MiniOzoneClusterImpl-107870c4-38da-4dee-ace8-876b8e06d1b5/ozone-meta/datanode-3/data-0/hdds
2024-02-27 07:42:28,072 [7cccb36f-9418-4bb0-9e1b-7711a01d9c69-EndpointStateMachineTaskThread-/0.0.0.0:15088-0 ] INFO  ozoneimpl.OzoneContainer (OzoneContainer.java:buildContainerSet(328)) - Build ContainerSet costs 0s
2024-02-27 07:42:28,073 [7cccb36f-9418-4bb0-9e1b-7711a01d9c69-EndpointStateMachineTaskThread-/0.0.0.0:15088-0 ] INFO  volume.ThrottledAsyncChecker (ThrottledAsyncChecker.java:schedule(141)) - Scheduling a check for /home/runner/work/ozone/ozone/hadoop-ozone/integration-test/target/test-dir/MiniOzoneClusterImpl-107870c4-38da-4dee-ace8-876b8e06d1b5/ozone-meta/datanode-3/data-0/hdds
2024-02-27 07:42:28,073 [7cccb36f-9418-4bb0-9e1b-7711a01d9c69-EndpointStateMachineTaskThread-/0.0.0.0:15088-0 ] INFO  volume.StorageVolumeChecker (StorageVolumeChecker.java:checkAllVolumes(218)) - Scheduled health check for volume /home/runner/work/ozone/ozone/hadoop-ozone/integration-test/target/test-dir/MiniOzoneClusterImpl-107870c4-38da-4dee-ace8-876b8e06d1b5/ozone-meta/datanode-3/data-0/hdds
2024-02-27 07:42:28,075 [7cccb36f-9418-4bb0-9e1b-7711a01d9c69-EndpointStateMachineTaskThread-/0.0.0.0:15088-0 ] INFO  volume.ThrottledAsyncChecker (ThrottledAsyncChecker.java:schedule(141)) - Scheduling a check for /home/runner/work/ozone/ozone/hadoop-ozone/integration-test/target/test-dir/MiniOzoneClusterImpl-107870c4-38da-4dee-ace8-876b8e06d1b5/ozone-meta/datanode-3/ratis
2024-02-27 07:42:28,075 [7cccb36f-9418-4bb0-9e1b-7711a01d9c69-EndpointStateMachineTaskThread-/0.0.0.0:15088-0 ] INFO  volume.StorageVolumeChecker (StorageVolumeChecker.java:checkAllVolumes(218)) - Scheduled health check for volume /home/runner/work/ozone/ozone/hadoop-ozone/integration-test/target/test-dir/MiniOzoneClusterImpl-107870c4-38da-4dee-ace8-876b8e06d1b5/ozone-meta/datanode-3/ratis
2024-02-27 07:42:28,076 [7cccb36f-9418-4bb0-9e1b-7711a01d9c69-EndpointStateMachineTaskThread-/0.0.0.0:15088-0 ] INFO  ozoneimpl.OzoneContainer (OzoneContainer.java:start(459)) - Attempting to start container services.
2024-02-27 07:42:28,076 [7cccb36f-9418-4bb0-9e1b-7711a01d9c69-EndpointStateMachineTaskThread-/0.0.0.0:15088-0 ] INFO  ozoneimpl.OzoneContainer (OzoneContainer.java:startContainerScrub(339)) - Scheduled background container scanners and the on-demand container scanner have been disabled.
2024-02-27 07:42:28,077 [7cccb36f-9418-4bb0-9e1b-7711a01d9c69-EndpointStateMachineTaskThread-/0.0.0.0:15088-0 ] INFO  replication.ReplicationServer (ReplicationServer.java:start(140)) - ReplicationServer is started using port 15128
2024-02-27 07:42:28,077 [7cccb36f-9418-4bb0-9e1b-7711a01d9c69-EndpointStateMachineTaskThread-/0.0.0.0:15088-0 ] INFO  ratis.XceiverServerRatis (XceiverServerRatis.java:start(566)) - Starting XceiverServerRatis 7cccb36f-9418-4bb0-9e1b-7711a01d9c69
2024-02-27 07:42:28,078 [7cccb36f-9418-4bb0-9e1b-7711a01d9c69-EndpointStateMachineTaskThread-/0.0.0.0:15088-0 ] INFO  server.RaftServer (RaftServerProxy.java:startImpl(406)) - 7cccb36f-9418-4bb0-9e1b-7711a01d9c69: start RPC server
2024-02-27 07:42:28,081 [7cccb36f-9418-4bb0-9e1b-7711a01d9c69-EndpointStateMachineTaskThread-/0.0.0.0:15088-0 ] INFO  server.GrpcService (GrpcService.java:startImpl(302)) - 7cccb36f-9418-4bb0-9e1b-7711a01d9c69: GrpcService started, listening on 15124
2024-02-27 07:42:28,082 [7cccb36f-9418-4bb0-9e1b-7711a01d9c69-EndpointStateMachineTaskThread-/0.0.0.0:15088-0 ] INFO  server.GrpcService (GrpcService.java:startImpl(302)) - 7cccb36f-9418-4bb0-9e1b-7711a01d9c69: GrpcService started, listening on 15126
2024-02-27 07:42:28,084 [7cccb36f-9418-4bb0-9e1b-7711a01d9c69-EndpointStateMachineTaskThread-/0.0.0.0:15088-0 ] INFO  server.GrpcService (GrpcService.java:startImpl(302)) - 7cccb36f-9418-4bb0-9e1b-7711a01d9c69: GrpcService started, listening on 15125
2024-02-27 07:42:28,085 [7cccb36f-9418-4bb0-9e1b-7711a01d9c69-EndpointStateMachineTaskThread-/0.0.0.0:15088-0 ] INFO  ratis.XceiverServerRatis (XceiverServerRatis.java:getRealPort(592)) - XceiverServerRatis 7cccb36f-9418-4bb0-9e1b-7711a01d9c69 is started using port 15124 for RATIS
2024-02-27 07:42:28,085 [7cccb36f-9418-4bb0-9e1b-7711a01d9c69-EndpointStateMachineTaskThread-/0.0.0.0:15088-0 ] INFO  ratis.XceiverServerRatis (XceiverServerRatis.java:getRealPort(592)) - XceiverServerRatis 7cccb36f-9418-4bb0-9e1b-7711a01d9c69 is started using port 15125 for RATIS_ADMIN
2024-02-27 07:42:28,085 [7cccb36f-9418-4bb0-9e1b-7711a01d9c69-EndpointStateMachineTaskThread-/0.0.0.0:15088-0 ] INFO  ratis.XceiverServerRatis (XceiverServerRatis.java:getRealPort(592)) - XceiverServerRatis 7cccb36f-9418-4bb0-9e1b-7711a01d9c69 is started using port 15126 for RATIS_SERVER
2024-02-27 07:42:28,085 [7cccb36f-9418-4bb0-9e1b-7711a01d9c69-EndpointStateMachineTaskThread-/0.0.0.0:15088-0 ] INFO  ratis.XceiverServerRatis (XceiverServerRatis.java:getRealPort(592)) - XceiverServerRatis 7cccb36f-9418-4bb0-9e1b-7711a01d9c69 is started using port 15127 for RATIS_DATASTREAM
2024-02-27 07:42:28,085 [JvmPauseMonitor35] INFO  util.JvmPauseMonitor (JvmPauseMonitor.java:run(146)) - JvmPauseMonitor-7cccb36f-9418-4bb0-9e1b-7711a01d9c69: Started
2024-02-27 07:42:28,089 [7cccb36f-9418-4bb0-9e1b-7711a01d9c69-BlockDeletingService#0] INFO  interfaces.ContainerDeletionChoosingPolicyTemplate (ContainerDeletionChoosingPolicyTemplate.java:chooseContainerForBlockDeletion(85)) - Chosen 0/5000 blocks from 0 candidate containers.
2024-02-27 07:42:29,045 [main] INFO  ozone.MiniOzoneClusterImpl (MiniOzoneClusterImpl.java:lambda$waitForClusterToBeReady$0(195)) - Waiting for nodes to be ready. Got 0 of 3 DN Heartbeats.
2024-02-27 07:42:29,045 [main] INFO  ozone.MiniOzoneClusterImpl (MiniOzoneClusterImpl.java:lambda$waitForClusterToBeReady$0(198)) - Waiting for cluster to exit safe mode
2024-02-27 07:42:29,045 [main] INFO  ozone.MiniOzoneClusterImpl (MiniOzoneClusterImpl.java:lambda$waitForClusterToBeReady$0(200)) - SCM became leader
2024-02-27 07:42:29,823 [IPC Server handler 4 on default port 15088] INFO  net.NetworkTopologyImpl (NetworkTopologyImpl.java:add(124)) - Added a new node: /default-rack/2fdf9b97-f8e3-478e-95f7-818a752c939a
2024-02-27 07:42:29,823 [IPC Server handler 4 on default port 15088] INFO  node.SCMNodeManager (SCMNodeManager.java:register(421)) - Registered datanode: 2fdf9b97-f8e3-478e-95f7-818a752c939a{ip: 10.1.0.19, host: fv-az699-61.gws2011vpwuupmkks00dozwttg.bx.internal.cloudapp.net, ports: [HTTP=15103, CLIENT_RPC=15104, REPLICATION=15110, RATIS=15106, RATIS_ADMIN=15107, RATIS_SERVER=15108, RATIS_DATASTREAM=15109, STANDALONE=15105], networkLocation: /default-rack, certSerialId: null, persistedOpState: null, persistedOpStateExpiryEpochSec: 0}
2024-02-27 07:42:29,825 [EventQueue-NewNodeForNewNodeHandler] INFO  pipeline.BackgroundPipelineCreator (BackgroundPipelineCreator.java:notifyEventTriggered(280)) - trigger a one-shot run on RatisPipelineUtilsThread.
2024-02-27 07:42:29,826 [EventQueue-NodeRegistrationContainerReportForContainerSafeModeRule] INFO  safemode.SCMSafeModeManager (SCMSafeModeManager.java:validateSafeModeExitRules(200)) - ContainerSafeModeRule rule is successfully validated
2024-02-27 07:42:29,826 [RatisPipelineUtilsThread-0] INFO  pipeline.RatisPipelineProvider (RatisPipelineProvider.java:lambda$create$0(205)) - Sending CreatePipelineCommand for pipeline:PipelineID=2fe6ce68-be3a-4b72-8a2a-eec7f2d54c54 to datanode:2fdf9b97-f8e3-478e-95f7-818a752c939a
2024-02-27 07:42:29,826 [EventQueue-NodeRegistrationContainerReportForDataNodeSafeModeRule] INFO  safemode.SCMSafeModeManager (DataNodeSafeModeRule.java:process(71)) - SCM in safe mode. 1 DataNodes registered, 3 required.
2024-02-27 07:42:29,827 [EventQueue-PipelineReportForOneReplicaPipelineSafeModeRule] INFO  safemode.SCMSafeModeManager (SCMSafeModeManager.java:validateSafeModeExitRules(200)) - AtleastOneDatanodeReportedRule rule is successfully validated
2024-02-27 07:42:29,829 [RatisPipelineUtilsThread-0] INFO  pipeline.BackgroundPipelineCreator (BackgroundPipelineCreator.java:createPipelines(236)) - Created new pipeline Pipeline[ Id: 2fe6ce68-be3a-4b72-8a2a-eec7f2d54c54, Nodes: 2fdf9b97-f8e3-478e-95f7-818a752c939a(fv-az699-61.gws2011vpwuupmkks00dozwttg.bx.internal.cloudapp.net/10.1.0.19), ReplicationConfig: RATIS/ONE, State:ALLOCATED, leaderId:, CreationTimestamp2024-02-27T07:42:29.826Z[Etc/UTC]]
2024-02-27 07:42:29,958 [IPC Server handler 1 on default port 15088] INFO  net.NetworkTopologyImpl (NetworkTopologyImpl.java:add(124)) - Added a new node: /default-rack/e71dbbe0-7268-4d86-ba43-abc421df11cb
2024-02-27 07:42:29,958 [IPC Server handler 1 on default port 15088] INFO  node.SCMNodeManager (SCMNodeManager.java:register(421)) - Registered datanode: e71dbbe0-7268-4d86-ba43-abc421df11cb{ip: 10.1.0.19, host: fv-az699-61.gws2011vpwuupmkks00dozwttg.bx.internal.cloudapp.net, ports: [HTTP=15112, CLIENT_RPC=15113, REPLICATION=15119, RATIS=15115, RATIS_ADMIN=15116, RATIS_SERVER=15117, RATIS_DATASTREAM=15118, STANDALONE=15114], networkLocation: /default-rack, certSerialId: null, persistedOpState: null, persistedOpStateExpiryEpochSec: 0}
2024-02-27 07:42:29,960 [EventQueue-NewNodeForNewNodeHandler] INFO  pipeline.BackgroundPipelineCreator (BackgroundPipelineCreator.java:notifyEventTriggered(280)) - trigger a one-shot run on RatisPipelineUtilsThread.
2024-02-27 07:42:29,961 [RatisPipelineUtilsThread-0] INFO  pipeline.RatisPipelineProvider (RatisPipelineProvider.java:lambda$create$0(205)) - Sending CreatePipelineCommand for pipeline:PipelineID=6bc6a342-cbf1-4f18-82eb-1b95ea0f41bb to datanode:e71dbbe0-7268-4d86-ba43-abc421df11cb
2024-02-27 07:42:29,961 [EventQueue-NodeRegistrationContainerReportForDataNodeSafeModeRule] INFO  safemode.SCMSafeModeManager (DataNodeSafeModeRule.java:process(71)) - SCM in safe mode. 2 DataNodes registered, 3 required.
2024-02-27 07:42:29,961 [RatisPipelineUtilsThread-0] INFO  pipeline.BackgroundPipelineCreator (BackgroundPipelineCreator.java:createPipelines(236)) - Created new pipeline Pipeline[ Id: 6bc6a342-cbf1-4f18-82eb-1b95ea0f41bb, Nodes: e71dbbe0-7268-4d86-ba43-abc421df11cb(fv-az699-61.gws2011vpwuupmkks00dozwttg.bx.internal.cloudapp.net/10.1.0.19), ReplicationConfig: RATIS/ONE, State:ALLOCATED, leaderId:, CreationTimestamp2024-02-27T07:42:29.961Z[Etc/UTC]]
2024-02-27 07:42:30,045 [IPC Server handler 2 on default port 15088] INFO  net.NetworkTopologyImpl (NetworkTopologyImpl.java:add(124)) - Added a new node: /default-rack/7cccb36f-9418-4bb0-9e1b-7711a01d9c69
2024-02-27 07:42:30,045 [IPC Server handler 2 on default port 15088] INFO  node.SCMNodeManager (SCMNodeManager.java:register(421)) - Registered datanode: 7cccb36f-9418-4bb0-9e1b-7711a01d9c69{ip: 10.1.0.19, host: fv-az699-61.gws2011vpwuupmkks00dozwttg.bx.internal.cloudapp.net, ports: [HTTP=15121, CLIENT_RPC=15122, REPLICATION=15128, RATIS=15124, RATIS_ADMIN=15125, RATIS_SERVER=15126, RATIS_DATASTREAM=15127, STANDALONE=15123], networkLocation: /default-rack, certSerialId: null, persistedOpState: null, persistedOpStateExpiryEpochSec: 0}
2024-02-27 07:42:30,046 [EventQueue-NodeRegistrationContainerReportForDataNodeSafeModeRule] INFO  safemode.SCMSafeModeManager (DataNodeSafeModeRule.java:process(71)) - SCM in safe mode. 3 DataNodes registered, 3 required.
2024-02-27 07:42:30,046 [EventQueue-NodeRegistrationContainerReportForDataNodeSafeModeRule] INFO  safemode.SCMSafeModeManager (SCMSafeModeManager.java:validateSafeModeExitRules(200)) - DataNodeSafeModeRule rule is successfully validated
2024-02-27 07:42:30,046 [main] INFO  ozone.MiniOzoneClusterImpl (MiniOzoneClusterImpl.java:lambda$waitForClusterToBeReady$0(195)) - Nodes are ready. Got 3 of 3 DN Heartbeats.
2024-02-27 07:42:30,046 [main] INFO  ozone.MiniOzoneClusterImpl (MiniOzoneClusterImpl.java:lambda$waitForClusterToBeReady$0(198)) - Waiting for cluster to exit safe mode
2024-02-27 07:42:30,046 [main] INFO  ozone.MiniOzoneClusterImpl (MiniOzoneClusterImpl.java:lambda$waitForClusterToBeReady$0(200)) - SCM became leader
2024-02-27 07:42:30,046 [EventQueue-NodeRegistrationContainerReportForDataNodeSafeModeRule] INFO  safemode.SCMSafeModeManager (SCMSafeModeManager.java:completePreCheck(229)) - All SCM safe mode pre check rules have passed
2024-02-27 07:42:30,047 [EventQueue-NewNodeForNewNodeHandler] INFO  pipeline.BackgroundPipelineCreator (BackgroundPipelineCreator.java:notifyEventTriggered(280)) - trigger a one-shot run on RatisPipelineUtilsThread.
2024-02-27 07:42:30,047 [EventQueue-NodeRegistrationContainerReportForDataNodeSafeModeRule] INFO  ha.SCMContext (SCMContext.java:updateSafeModeStatus(225)) - Update SafeModeStatus from SafeModeStatus{safeModeStatus=true, preCheckPassed=false} to SafeModeStatus{safeModeStatus=true, preCheckPassed=true}.
2024-02-27 07:42:30,047 [EventQueue-NodeRegistrationContainerReportForDataNodeSafeModeRule] INFO  pipeline.BackgroundPipelineCreator (BackgroundPipelineCreator.java:notifyEventTriggered(280)) - trigger a one-shot run on RatisPipelineUtilsThread.
2024-02-27 07:42:30,047 [RatisPipelineUtilsThread-0] INFO  pipeline.RatisPipelineProvider (RatisPipelineProvider.java:lambda$create$0(205)) - Sending CreatePipelineCommand for pipeline:PipelineID=e7681258-4255-4350-bbd9-d8f10a356c5c to datanode:7cccb36f-9418-4bb0-9e1b-7711a01d9c69
2024-02-27 07:42:30,048 [RatisPipelineUtilsThread-0] INFO  pipeline.BackgroundPipelineCreator (BackgroundPipelineCreator.java:createPipelines(236)) - Created new pipeline Pipeline[ Id: e7681258-4255-4350-bbd9-d8f10a356c5c, Nodes: 7cccb36f-9418-4bb0-9e1b-7711a01d9c69(fv-az699-61.gws2011vpwuupmkks00dozwttg.bx.internal.cloudapp.net/10.1.0.19), ReplicationConfig: RATIS/ONE, State:ALLOCATED, leaderId:, CreationTimestamp2024-02-27T07:42:30.047Z[Etc/UTC]]
2024-02-27 07:42:30,048 [RatisPipelineUtilsThread-0] INFO  pipeline.RatisPipelineProvider (RatisPipelineProvider.java:lambda$create$0(205)) - Sending CreatePipelineCommand for pipeline:PipelineID=35c7d413-be29-4b1c-80d7-410b0000e8a0 to datanode:e71dbbe0-7268-4d86-ba43-abc421df11cb
2024-02-27 07:42:30,048 [RatisPipelineUtilsThread-0] INFO  pipeline.RatisPipelineProvider (RatisPipelineProvider.java:lambda$create$0(205)) - Sending CreatePipelineCommand for pipeline:PipelineID=35c7d413-be29-4b1c-80d7-410b0000e8a0 to datanode:7cccb36f-9418-4bb0-9e1b-7711a01d9c69
2024-02-27 07:42:30,048 [RatisPipelineUtilsThread-0] INFO  pipeline.RatisPipelineProvider (RatisPipelineProvider.java:lambda$create$0(205)) - Sending CreatePipelineCommand for pipeline:PipelineID=35c7d413-be29-4b1c-80d7-410b0000e8a0 to datanode:2fdf9b97-f8e3-478e-95f7-818a752c939a
2024-02-27 07:42:30,049 [RatisPipelineUtilsThread-0] INFO  pipeline.BackgroundPipelineCreator (BackgroundPipelineCreator.java:createPipelines(236)) - Created new pipeline Pipeline[ Id: 35c7d413-be29-4b1c-80d7-410b0000e8a0, Nodes: e71dbbe0-7268-4d86-ba43-abc421df11cb(fv-az699-61.gws2011vpwuupmkks00dozwttg.bx.internal.cloudapp.net/10.1.0.19)7cccb36f-9418-4bb0-9e1b-7711a01d9c69(fv-az699-61.gws2011vpwuupmkks00dozwttg.bx.internal.cloudapp.net/10.1.0.19)2fdf9b97-f8e3-478e-95f7-818a752c939a(fv-az699-61.gws2011vpwuupmkks00dozwttg.bx.internal.cloudapp.net/10.1.0.19), ReplicationConfig: RATIS/THREE, State:ALLOCATED, leaderId:, CreationTimestamp2024-02-27T07:42:30.048Z[Etc/UTC]]
2024-02-27 07:42:30,050 [RatisPipelineUtilsThread-0] INFO  pipeline.RatisPipelineProvider (RatisPipelineProvider.java:lambda$create$0(205)) - Sending CreatePipelineCommand for pipeline:PipelineID=d92e2656-d2ed-43df-9aad-187e1466b7f4 to datanode:e71dbbe0-7268-4d86-ba43-abc421df11cb
2024-02-27 07:42:30,050 [RatisPipelineUtilsThread-0] INFO  pipeline.RatisPipelineProvider (RatisPipelineProvider.java:lambda$create$0(205)) - Sending CreatePipelineCommand for pipeline:PipelineID=d92e2656-d2ed-43df-9aad-187e1466b7f4 to datanode:7cccb36f-9418-4bb0-9e1b-7711a01d9c69
2024-02-27 07:42:30,050 [RatisPipelineUtilsThread-0] INFO  pipeline.RatisPipelineProvider (RatisPipelineProvider.java:lambda$create$0(205)) - Sending CreatePipelineCommand for pipeline:PipelineID=d92e2656-d2ed-43df-9aad-187e1466b7f4 to datanode:2fdf9b97-f8e3-478e-95f7-818a752c939a
2024-02-27 07:42:30,050 [RatisPipelineUtilsThread-0] INFO  pipeline.PipelineManagerImpl (PipelineManagerImpl.java:recordMetricsForPipeline(916)) - Pipeline: PipelineID=d92e2656-d2ed-43df-9aad-187e1466b7f4 contains same datanodes as previous pipelines: PipelineID=35c7d413-be29-4b1c-80d7-410b0000e8a0 nodeIds: e71dbbe0-7268-4d86-ba43-abc421df11cb, 7cccb36f-9418-4bb0-9e1b-7711a01d9c69, 2fdf9b97-f8e3-478e-95f7-818a752c939a
2024-02-27 07:42:30,050 [RatisPipelineUtilsThread-0] INFO  pipeline.BackgroundPipelineCreator (BackgroundPipelineCreator.java:createPipelines(236)) - Created new pipeline Pipeline[ Id: d92e2656-d2ed-43df-9aad-187e1466b7f4, Nodes: e71dbbe0-7268-4d86-ba43-abc421df11cb(fv-az699-61.gws2011vpwuupmkks00dozwttg.bx.internal.cloudapp.net/10.1.0.19)7cccb36f-9418-4bb0-9e1b-7711a01d9c69(fv-az699-61.gws2011vpwuupmkks00dozwttg.bx.internal.cloudapp.net/10.1.0.19)2fdf9b97-f8e3-478e-95f7-818a752c939a(fv-az699-61.gws2011vpwuupmkks00dozwttg.bx.internal.cloudapp.net/10.1.0.19), ReplicationConfig: RATIS/THREE, State:ALLOCATED, leaderId:, CreationTimestamp2024-02-27T07:42:30.050Z[Etc/UTC]]
2024-02-27 07:42:31,047 [main] INFO  ozone.MiniOzoneClusterImpl (MiniOzoneClusterImpl.java:lambda$waitForClusterToBeReady$0(195)) - Nodes are ready. Got 3 of 3 DN Heartbeats.
2024-02-27 07:42:31,047 [main] INFO  ozone.MiniOzoneClusterImpl (MiniOzoneClusterImpl.java:lambda$waitForClusterToBeReady$0(198)) - Waiting for cluster to exit safe mode
2024-02-27 07:42:31,047 [main] INFO  ozone.MiniOzoneClusterImpl (MiniOzoneClusterImpl.java:lambda$waitForClusterToBeReady$0(200)) - SCM became leader
2024-02-27 07:42:32,048 [main] INFO  ozone.MiniOzoneClusterImpl (MiniOzoneClusterImpl.java:lambda$waitForClusterToBeReady$0(195)) - Nodes are ready. Got 3 of 3 DN Heartbeats.
2024-02-27 07:42:32,048 [main] INFO  ozone.MiniOzoneClusterImpl (MiniOzoneClusterImpl.java:lambda$waitForClusterToBeReady$0(198)) - Waiting for cluster to exit safe mode
2024-02-27 07:42:32,048 [main] INFO  ozone.MiniOzoneClusterImpl (MiniOzoneClusterImpl.java:lambda$waitForClusterToBeReady$0(200)) - SCM became leader
2024-02-27 07:42:32,824 [2fdf9b97-f8e3-478e-95f7-818a752c939a-PipelineCommandHandlerThread-0] INFO  server.RaftServer (RaftServerProxy.java:addNew(100)) - 2fdf9b97-f8e3-478e-95f7-818a752c939a: addNew group-EEC7F2D54C54:[2fdf9b97-f8e3-478e-95f7-818a752c939a|10.1.0.19:15108] returns group-EEC7F2D54C54:java.util.concurrent.CompletableFuture@2a101579[Not completed]
2024-02-27 07:42:32,825 [2fdf9b97-f8e3-478e-95f7-818a752c939a-groupManagement] INFO  server.RaftServer$Division (RaftServerImpl.java:<init>(256)) - 2fdf9b97-f8e3-478e-95f7-818a752c939a: new RaftServerImpl for group-EEC7F2D54C54:[2fdf9b97-f8e3-478e-95f7-818a752c939a|10.1.0.19:15108] with ContainerStateMachine:uninitialized
2024-02-27 07:42:32,825 [2fdf9b97-f8e3-478e-95f7-818a752c939a-groupManagement] INFO  server.RaftServerConfigKeys (ConfUtils.java:logGet(46)) - raft.server.rpc.timeout.min = 5s (custom)
2024-02-27 07:42:32,825 [2fdf9b97-f8e3-478e-95f7-818a752c939a-groupManagement] INFO  server.RaftServerConfigKeys (ConfUtils.java:logGet(46)) - raft.server.rpc.timeout.max = 5200ms (custom)
2024-02-27 07:42:32,825 [2fdf9b97-f8e3-478e-95f7-818a752c939a-groupManagement] INFO  server.RaftServerConfigKeys (ConfUtils.java:logGet(46)) - raft.server.rpc.sleep.time = 25ms (default)
2024-02-27 07:42:32,825 [2fdf9b97-f8e3-478e-95f7-818a752c939a-groupManagement] INFO  server.RaftServerConfigKeys (ConfUtils.java:logGet(46)) - raft.server.rpc.slowness.timeout = 300s (custom)
2024-02-27 07:42:32,825 [2fdf9b97-f8e3-478e-95f7-818a752c939a-groupManagement] INFO  server.RaftServerConfigKeys (ConfUtils.java:logGet(46)) - raft.server.leaderelection.leader.step-down.wait-time = 10s (default)
2024-02-27 07:42:32,825 [2fdf9b97-f8e3-478e-95f7-818a752c939a-groupManagement] INFO  server.RaftServerConfigKeys (ConfUtils.java:logGet(46)) - raft.server.leaderelection.member.majority-add = false (default)
2024-02-27 07:42:32,825 [2fdf9b97-f8e3-478e-95f7-818a752c939a-groupManagement] INFO  server.RaftServerConfigKeys (ConfUtils.java:logGet(46)) - raft.server.sleep.deviation.threshold = 300ms (default)
2024-02-27 07:42:32,825 [2fdf9b97-f8e3-478e-95f7-818a752c939a-groupManagement] INFO  server.RaftServer$Division (ServerState.java:<init>(113)) - 2fdf9b97-f8e3-478e-95f7-818a752c939a@group-EEC7F2D54C54: ConfigurationManager, init=-1: peers:[2fdf9b97-f8e3-478e-95f7-818a752c939a|10.1.0.19:15108]|listeners:[], old=null, confs=<EMPTY_MAP>
2024-02-27 07:42:32,826 [2fdf9b97-f8e3-478e-95f7-818a752c939a-groupManagement] INFO  server.RaftServerConfigKeys (ConfUtils.java:logGet(46)) - raft.server.notification.no-leader.timeout = 300s (custom)
2024-02-27 07:42:32,826 [2fdf9b97-f8e3-478e-95f7-818a752c939a-groupManagement] INFO  server.RaftServerConfigKeys (ConfUtils.java:logGet(46)) - raft.server.read.timeout = 10s (default)
2024-02-27 07:42:32,826 [2fdf9b97-f8e3-478e-95f7-818a752c939a-groupManagement] INFO  server.RaftServerConfigKeys (ConfUtils.java:logGet(46)) - raft.server.retrycache.expirytime = 600000ms (custom)
2024-02-27 07:42:32,826 [2fdf9b97-f8e3-478e-95f7-818a752c939a-groupManagement] INFO  server.RaftServerConfigKeys (ConfUtils.java:logGet(46)) - raft.server.retrycache.statistics.expirytime = 100ms (default)
2024-02-27 07:42:32,826 [2fdf9b97-f8e3-478e-95f7-818a752c939a-groupManagement] INFO  server.RaftServerConfigKeys (ConfUtils.java:logGet(46)) - raft.server.read.option = DEFAULT (default)
2024-02-27 07:42:32,826 [2fdf9b97-f8e3-478e-95f7-818a752c939a-groupManagement] INFO  server.RaftServerConfigKeys (ConfUtils.java:logGet(46)) - raft.server.read.read-after-write-consistent.write-index-cache.expiry-time = 60s (default)
2024-02-27 07:42:32,827 [2fdf9b97-f8e3-478e-95f7-818a752c939a-groupManagement] INFO  server.RaftServerConfigKeys (ConfUtils.java:logGet(46)) - raft.server.rpc.request.timeout = 60s (custom)
2024-02-27 07:42:32,827 [2fdf9b97-f8e3-478e-95f7-818a752c939a-groupManagement] INFO  server.RaftServerConfigKeys (ConfUtils.java:logGet(46)) - raft.server.log.appender.install.snapshot.enabled = false (custom)
2024-02-27 07:42:32,827 [2fdf9b97-f8e3-478e-95f7-818a752c939a-groupManagement] INFO  server.RaftServerConfigKeys (ConfUtils.java:logGet(46)) - raft.server.threadpool.server.cached = true (default)
2024-02-27 07:42:32,827 [2fdf9b97-f8e3-478e-95f7-818a752c939a-groupManagement] INFO  server.RaftServerConfigKeys (ConfUtils.java:logGet(46)) - raft.server.threadpool.server.size = 0 (default)
2024-02-27 07:42:32,827 [2fdf9b97-f8e3-478e-95f7-818a752c939a-groupManagement] INFO  server.RaftServerConfigKeys (ConfUtils.java:logGet(46)) - raft.server.threadpool.client.cached = true (default)
2024-02-27 07:42:32,827 [2fdf9b97-f8e3-478e-95f7-818a752c939a-groupManagement] INFO  server.RaftServerConfigKeys (ConfUtils.java:logGet(46)) - raft.server.threadpool.client.size = 0 (default)
2024-02-27 07:42:32,827 [2fdf9b97-f8e3-478e-95f7-818a752c939a-groupManagement] INFO  server.RaftServerConfigKeys (ConfUtils.java:logGet(46)) - raft.server.storage.free-space.min = 0MB (=0) (default)
2024-02-27 07:42:32,827 [2fdf9b97-f8e3-478e-95f7-818a752c939a-groupManagement] INFO  server.RaftServerConfigKeys (ConfUtils.java:logGet(46)) - raft.server.log.corruption.policy = EXCEPTION (default)
2024-02-27 07:42:32,828 [2fdf9b97-f8e3-478e-95f7-818a752c939a-groupManagement] INFO  server.RaftServerConfigKeys (ConfUtils.java:logGet(46)) - raft.server.storage.dir = [/home/runner/work/ozone/ozone/hadoop-ozone/integration-test/target/test-dir/MiniOzoneClusterImpl-107870c4-38da-4dee-ace8-876b8e06d1b5/ozone-meta/datanode-1/ratis] (custom)
2024-02-27 07:42:32,828 [2fdf9b97-f8e3-478e-95f7-818a752c939a-groupManagement] INFO  storage.RaftStorageDirectory (RaftStorageDirectoryImpl.java:analyzeStorage(138)) - The storage directory /home/runner/work/ozone/ozone/hadoop-ozone/integration-test/target/test-dir/MiniOzoneClusterImpl-107870c4-38da-4dee-ace8-876b8e06d1b5/ozone-meta/datanode-1/ratis/2fe6ce68-be3a-4b72-8a2a-eec7f2d54c54 does not exist. Creating ...
2024-02-27 07:42:32,829 [2fdf9b97-f8e3-478e-95f7-818a752c939a-groupManagement] INFO  storage.RaftStorageDirectory (RaftStorageDirectoryImpl.java:tryLock(228)) - Lock on /home/runner/work/ozone/ozone/hadoop-ozone/integration-test/target/test-dir/MiniOzoneClusterImpl-107870c4-38da-4dee-ace8-876b8e06d1b5/ozone-meta/datanode-1/ratis/2fe6ce68-be3a-4b72-8a2a-eec7f2d54c54/in_use.lock acquired by nodename 40924@fv-az699-61
2024-02-27 07:42:32,830 [2fdf9b97-f8e3-478e-95f7-818a752c939a-groupManagement] INFO  storage.RaftStorage (RaftStorageImpl.java:format(99)) - Storage directory /home/runner/work/ozone/ozone/hadoop-ozone/integration-test/target/test-dir/MiniOzoneClusterImpl-107870c4-38da-4dee-ace8-876b8e06d1b5/ozone-meta/datanode-1/ratis/2fe6ce68-be3a-4b72-8a2a-eec7f2d54c54 has been successfully formatted.
2024-02-27 07:42:32,830 [2fdf9b97-f8e3-478e-95f7-818a752c939a-groupManagement] WARN  util.FileUtils (LogUtils.java:supplyAndLog(63)) - Failed to Files.newInputStream /home/runner/work/ozone/ozone/hadoop-ozone/integration-test/target/test-dir/MiniOzoneClusterImpl-107870c4-38da-4dee-ace8-876b8e06d1b5/ozone-meta/datanode-1/ratis/2fe6ce68-be3a-4b72-8a2a-eec7f2d54c54/current/raft-meta.conf with options []: java.nio.file.NoSuchFileException: /home/runner/work/ozone/ozone/hadoop-ozone/integration-test/target/test-dir/MiniOzoneClusterImpl-107870c4-38da-4dee-ace8-876b8e06d1b5/ozone-meta/datanode-1/ratis/2fe6ce68-be3a-4b72-8a2a-eec7f2d54c54/current/raft-meta.conf
2024-02-27 07:42:32,831 [2fdf9b97-f8e3-478e-95f7-818a752c939a-groupManagement] INFO  ratis.ContainerStateMachine (ContainerStateMachine.java:loadSnapshot(287)) - group-EEC7F2D54C54: The snapshot info is null. Setting the last applied index to:(t:0, i:~)
2024-02-27 07:42:32,831 [2fdf9b97-f8e3-478e-95f7-818a752c939a-groupManagement] INFO  server.RaftServerConfigKeys (ConfUtils.java:logGet(46)) - raft.server.log.use.memory = false (default)
2024-02-27 07:42:32,831 [2fdf9b97-f8e3-478e-95f7-818a752c939a-groupManagement] INFO  server.RaftServerConfigKeys (ConfUtils.java:logGet(46)) - raft.server.log.purge.gap = 1000000 (custom)
2024-02-27 07:42:32,831 [2fdf9b97-f8e3-478e-95f7-818a752c939a-groupManagement] INFO  server.RaftServerConfigKeys (ConfUtils.java:logGet(46)) - raft.server.log.appender.buffer.byte-limit = 8388608 (custom)
2024-02-27 07:42:32,831 [2fdf9b97-f8e3-478e-95f7-818a752c939a-groupManagement] INFO  server.RaftServerConfigKeys (ConfUtils.java:logGet(46)) - raft.server.log.statemachine.data.read.timeout = 1000ms (default)
2024-02-27 07:42:32,831 [2fdf9b97-f8e3-478e-95f7-818a752c939a-groupManagement] INFO  server.RaftServerConfigKeys (ConfUtils.java:logGet(46)) - raft.server.log.purge.preservation.log.num = 0 (default)
2024-02-27 07:42:32,832 [EventQueue-PipelineReportForPipelineReportHandler] INFO  pipeline.PipelineReportHandler (PipelineReportHandler.java:processPipelineReport(136)) - Opened pipeline PipelineID=2fe6ce68-be3a-4b72-8a2a-eec7f2d54c54
2024-02-27 07:42:32,834 [EventQueue-OpenPipelineForHealthyPipelineSafeModeRule] INFO  safemode.SCMSafeModeManager (HealthyPipelineSafeModeRule.java:process(140)) - SCM in safe mode. Healthy pipelines reported count is 0, required healthy pipeline reported count is 1
2024-02-27 07:42:32,834 [2fdf9b97-f8e3-478e-95f7-818a752c939a-groupManagement] INFO  server.RaftServerConfigKeys (ConfUtils.java:logGet(46)) - raft.server.log.segment.size.max = 67108864 (custom)
2024-02-27 07:42:32,834 [2fdf9b97-f8e3-478e-95f7-818a752c939a-groupManagement] INFO  server.RaftServerConfigKeys (ConfUtils.java:logGet(46)) - raft.server.log.segment.cache.num.max = 2 (custom)
2024-02-27 07:42:32,834 [2fdf9b97-f8e3-478e-95f7-818a752c939a-groupManagement] INFO  server.RaftServerConfigKeys (ConfUtils.java:logGet(46)) - raft.server.log.segment.cache.size.max = 200MB (=209715200) (default)
2024-02-27 07:42:32,834 [2fdf9b97-f8e3-478e-95f7-818a752c939a-groupManagement] INFO  server.RaftServerConfigKeys (ConfUtils.java:logGet(46)) - raft.server.log.appender.buffer.byte-limit = 8388608 (custom)
2024-02-27 07:42:32,835 [2fdf9b97-f8e3-478e-95f7-818a752c939a-groupManagement] INFO  util.AwaitToRun (AwaitToRun.java:start(81)) - Thread[2fdf9b97-f8e3-478e-95f7-818a752c939a@group-EEC7F2D54C54-cacheEviction-AwaitToRun,5,main] started
2024-02-27 07:42:32,835 [2fdf9b97-f8e3-478e-95f7-818a752c939a-groupManagement] INFO  segmented.SegmentedRaftLogWorker (SegmentedRaftLogWorker.java:<init>(182)) - new 2fdf9b97-f8e3-478e-95f7-818a752c939a@group-EEC7F2D54C54-SegmentedRaftLogWorker for RaftStorageImpl:Storage Directory /home/runner/work/ozone/ozone/hadoop-ozone/integration-test/target/test-dir/MiniOzoneClusterImpl-107870c4-38da-4dee-ace8-876b8e06d1b5/ozone-meta/datanode-1/ratis/2fe6ce68-be3a-4b72-8a2a-eec7f2d54c54
2024-02-27 07:42:32,835 [2fdf9b97-f8e3-478e-95f7-818a752c939a-groupManagement] INFO  server.RaftServerConfigKeys (ConfUtils.java:logGet(46)) - raft.server.log.queue.byte-limit = 4294967296 (custom)
2024-02-27 07:42:32,835 [2fdf9b97-f8e3-478e-95f7-818a752c939a-groupManagement] INFO  server.RaftServerConfigKeys (ConfUtils.java:logGet(46)) - raft.server.log.queue.element-limit = 1024 (custom)
2024-02-27 07:42:32,835 [2fdf9b97-f8e3-478e-95f7-818a752c939a-groupManagement] INFO  server.RaftServerConfigKeys (ConfUtils.java:logGet(46)) - raft.server.log.segment.size.max = 67108864 (custom)
2024-02-27 07:42:32,835 [2fdf9b97-f8e3-478e-95f7-818a752c939a-groupManagement] INFO  server.RaftServerConfigKeys (ConfUtils.java:logGet(46)) - raft.server.log.preallocated.size = 4194304 (custom)
2024-02-27 07:42:32,836 [2fdf9b97-f8e3-478e-95f7-818a752c939a-groupManagement] INFO  server.RaftServerConfigKeys (ConfUtils.java:logGet(46)) - raft.server.log.force.sync.num = 128 (default)
2024-02-27 07:42:32,836 [2fdf9b97-f8e3-478e-95f7-818a752c939a-groupManagement] INFO  server.RaftServerConfigKeys (ConfUtils.java:logGet(46)) - raft.server.log.statemachine.data.sync = true (default)
2024-02-27 07:42:32,836 [2fdf9b97-f8e3-478e-95f7-818a752c939a-groupManagement] INFO  server.RaftServerConfigKeys (ConfUtils.java:logGet(46)) - raft.server.log.statemachine.data.sync.timeout = 10s (default)
2024-02-27 07:42:32,836 [2fdf9b97-f8e3-478e-95f7-818a752c939a-groupManagement] INFO  server.RaftServerConfigKeys (ConfUtils.java:logGet(46)) - raft.server.log.statemachine.data.sync.timeout.retry = 0 (custom)
2024-02-27 07:42:32,836 [2fdf9b97-f8e3-478e-95f7-818a752c939a-groupManagement] INFO  server.RaftServerConfigKeys (ConfUtils.java:logGet(46)) - raft.server.log.write.buffer.size = 8388616 (custom)
2024-02-27 07:42:32,837 [2fdf9b97-f8e3-478e-95f7-818a752c939a-groupManagement] INFO  server.RaftServerConfigKeys (ConfUtils.java:logGet(46)) - raft.server.log.appender.buffer.byte-limit = 8388608 (custom)
2024-02-27 07:42:32,837 [2fdf9b97-f8e3-478e-95f7-818a752c939a-groupManagement] INFO  server.RaftServerConfigKeys (ConfUtils.java:logGet(46)) - raft.server.log.unsafe-flush.enabled = false (default)
2024-02-27 07:42:32,837 [2fdf9b97-f8e3-478e-95f7-818a752c939a-groupManagement] INFO  server.RaftServerConfigKeys (ConfUtils.java:logGet(46)) - raft.server.log.async-flush.enabled = false (default)
2024-02-27 07:42:32,837 [2fdf9b97-f8e3-478e-95f7-818a752c939a-groupManagement] INFO  server.RaftServerConfigKeys (ConfUtils.java:logGet(46)) - raft.server.log.statemachine.data.caching.enabled = true (custom)
2024-02-27 07:42:32,837 [2fdf9b97-f8e3-478e-95f7-818a752c939a-groupManagement] INFO  segmented.SegmentedRaftLogWorker (SegmentedRaftLogWorker.java:lambda$new$0(134)) - 2fdf9b97-f8e3-478e-95f7-818a752c939a@group-EEC7F2D54C54-SegmentedRaftLogWorker: flushIndex: setUnconditionally 0 -> -1
2024-02-27 07:42:32,837 [2fdf9b97-f8e3-478e-95f7-818a752c939a-groupManagement] INFO  segmented.SegmentedRaftLogWorker (SegmentedRaftLogWorker.java:lambda$new$0(134)) - 2fdf9b97-f8e3-478e-95f7-818a752c939a@group-EEC7F2D54C54-SegmentedRaftLogWorker: safeCacheEvictIndex: setUnconditionally 0 -> -1
2024-02-27 07:42:32,838 [2fdf9b97-f8e3-478e-95f7-818a752c939a-groupManagement] INFO  server.RaftServer$Division (RaftServerImpl.java:start(396)) - 2fdf9b97-f8e3-478e-95f7-818a752c939a@group-EEC7F2D54C54: start as a follower, conf=-1: peers:[2fdf9b97-f8e3-478e-95f7-818a752c939a|10.1.0.19:15108]|listeners:[], old=null
2024-02-27 07:42:32,838 [2fdf9b97-f8e3-478e-95f7-818a752c939a-groupManagement] INFO  server.RaftServer$Division (RaftServerImpl.java:setRole(383)) - 2fdf9b97-f8e3-478e-95f7-818a752c939a@group-EEC7F2D54C54: changes role from      null to FOLLOWER at term 0 for startAsFollower
2024-02-27 07:42:32,838 [2fdf9b97-f8e3-478e-95f7-818a752c939a-groupManagement] INFO  impl.RoleInfo (RoleInfo.java:updateAndGet(139)) - 2fdf9b97-f8e3-478e-95f7-818a752c939a: start 2fdf9b97-f8e3-478e-95f7-818a752c939a@group-EEC7F2D54C54-FollowerState
2024-02-27 07:42:32,838 [2fdf9b97-f8e3-478e-95f7-818a752c939a@group-EEC7F2D54C54-FollowerState] INFO  server.RaftServerConfigKeys (ConfUtils.java:logFallback(53)) - raft.server.rpc.first-election.timeout.min = 5s (fallback to raft.server.rpc.timeout.min)
2024-02-27 07:42:32,838 [2fdf9b97-f8e3-478e-95f7-818a752c939a-groupManagement] INFO  util.JmxRegister (JmxRegister.java:tryRegister(44)) - Successfully registered JMX Bean with object name Ratis:service=RaftServer,group=group-EEC7F2D54C54,id=2fdf9b97-f8e3-478e-95f7-818a752c939a
2024-02-27 07:42:32,838 [2fdf9b97-f8e3-478e-95f7-818a752c939a@group-EEC7F2D54C54-FollowerState] INFO  server.RaftServerConfigKeys (ConfUtils.java:logFallback(53)) - raft.server.rpc.first-election.timeout.max = 5200ms (fallback to raft.server.rpc.timeout.max)
2024-02-27 07:42:32,838 [2fdf9b97-f8e3-478e-95f7-818a752c939a-groupManagement] INFO  server.RaftServerConfigKeys (ConfUtils.java:logGet(46)) - raft.server.snapshot.trigger-when-stop.enabled = true (default)
2024-02-27 07:42:32,838 [2fdf9b97-f8e3-478e-95f7-818a752c939a-groupManagement] INFO  server.RaftServerConfigKeys (ConfUtils.java:logGet(46)) - raft.server.snapshot.auto.trigger.enabled = true (custom)
2024-02-27 07:42:32,838 [2fdf9b97-f8e3-478e-95f7-818a752c939a-groupManagement] INFO  server.RaftServerConfigKeys (ConfUtils.java:logGet(46)) - raft.server.snapshot.auto.trigger.threshold = 10000 (custom)
2024-02-27 07:42:32,838 [2fdf9b97-f8e3-478e-95f7-818a752c939a-groupManagement] INFO  server.RaftServerConfigKeys (ConfUtils.java:logGet(46)) - raft.server.snapshot.retention.file.num = 5 (custom)
2024-02-27 07:42:32,838 [2fdf9b97-f8e3-478e-95f7-818a752c939a-groupManagement] INFO  server.RaftServerConfigKeys (ConfUtils.java:logGet(46)) - raft.server.log.purge.upto.snapshot.index = false (default)
2024-02-27 07:42:32,839 [2fdf9b97-f8e3-478e-95f7-818a752c939a-PipelineCommandHandlerThread-0] INFO  ratis.XceiverServerRatis (XceiverServerRatis.java:addGroup(864)) - Created group PipelineID=2fe6ce68-be3a-4b72-8a2a-eec7f2d54c54
2024-02-27 07:42:32,839 [2fdf9b97-f8e3-478e-95f7-818a752c939a-PipelineCommandHandlerThread-0] INFO  commandhandler.CreatePipelineCommandHandler (CreatePipelineCommandHandler.java:lambda$handle$2(124)) - Created Pipeline RATIS ONE PipelineID=2fe6ce68-be3a-4b72-8a2a-eec7f2d54c54.
2024-02-27 07:42:32,839 [2fdf9b97-f8e3-478e-95f7-818a752c939a-PipelineCommandHandlerThread-0] INFO  server.RaftServer (RaftServerProxy.java:addNew(100)) - 2fdf9b97-f8e3-478e-95f7-818a752c939a: addNew group-410B0000E8A0:[e71dbbe0-7268-4d86-ba43-abc421df11cb|10.1.0.19:15117, 7cccb36f-9418-4bb0-9e1b-7711a01d9c69|10.1.0.19:15126, 2fdf9b97-f8e3-478e-95f7-818a752c939a|10.1.0.19:15108] returns group-410B0000E8A0:java.util.concurrent.CompletableFuture@2e2f84e3[Not completed]
2024-02-27 07:42:32,840 [2fdf9b97-f8e3-478e-95f7-818a752c939a-groupManagement] INFO  server.RaftServer$Division (RaftServerImpl.java:<init>(256)) - 2fdf9b97-f8e3-478e-95f7-818a752c939a: new RaftServerImpl for group-410B0000E8A0:[e71dbbe0-7268-4d86-ba43-abc421df11cb|10.1.0.19:15117, 7cccb36f-9418-4bb0-9e1b-7711a01d9c69|10.1.0.19:15126, 2fdf9b97-f8e3-478e-95f7-818a752c939a|10.1.0.19:15108] with ContainerStateMachine:uninitialized
2024-02-27 07:42:32,840 [2fdf9b97-f8e3-478e-95f7-818a752c939a-groupManagement] INFO  server.RaftServerConfigKeys (ConfUtils.java:logGet(46)) - raft.server.rpc.timeout.min = 5s (custom)
2024-02-27 07:42:32,840 [2fdf9b97-f8e3-478e-95f7-818a752c939a-groupManagement] INFO  server.RaftServerConfigKeys (ConfUtils.java:logGet(46)) - raft.server.rpc.timeout.max = 5200ms (custom)
2024-02-27 07:42:32,840 [2fdf9b97-f8e3-478e-95f7-818a752c939a-groupManagement] INFO  server.RaftServerConfigKeys (ConfUtils.java:logGet(46)) - raft.server.rpc.sleep.time = 25ms (default)
2024-02-27 07:42:32,840 [2fdf9b97-f8e3-478e-95f7-818a752c939a-groupManagement] INFO  server.RaftServerConfigKeys (ConfUtils.java:logGet(46)) - raft.server.rpc.slowness.timeout = 300s (custom)
2024-02-27 07:42:32,840 [2fdf9b97-f8e3-478e-95f7-818a752c939a-groupManagement] INFO  server.RaftServerConfigKeys (ConfUtils.java:logGet(46)) - raft.server.leaderelection.leader.step-down.wait-time = 10s (default)
2024-02-27 07:42:32,840 [2fdf9b97-f8e3-478e-95f7-818a752c939a-groupManagement] INFO  server.RaftServerConfigKeys (ConfUtils.java:logGet(46)) - raft.server.leaderelection.member.majority-add = false (default)
2024-02-27 07:42:32,840 [2fdf9b97-f8e3-478e-95f7-818a752c939a-groupManagement] INFO  server.RaftServerConfigKeys (ConfUtils.java:logGet(46)) - raft.server.sleep.deviation.threshold = 300ms (default)
2024-02-27 07:42:32,840 [2fdf9b97-f8e3-478e-95f7-818a752c939a-groupManagement] INFO  server.RaftServer$Division (ServerState.java:<init>(113)) - 2fdf9b97-f8e3-478e-95f7-818a752c939a@group-410B0000E8A0: ConfigurationManager, init=-1: peers:[e71dbbe0-7268-4d86-ba43-abc421df11cb|10.1.0.19:15117, 7cccb36f-9418-4bb0-9e1b-7711a01d9c69|10.1.0.19:15126, 2fdf9b97-f8e3-478e-95f7-818a752c939a|10.1.0.19:15108]|listeners:[], old=null, confs=<EMPTY_MAP>
2024-02-27 07:42:32,840 [2fdf9b97-f8e3-478e-95f7-818a752c939a-groupManagement] INFO  server.RaftServerConfigKeys (ConfUtils.java:logGet(46)) - raft.server.notification.no-leader.timeout = 300s (custom)
2024-02-27 07:42:32,840 [2fdf9b97-f8e3-478e-95f7-818a752c939a-groupManagement] INFO  server.RaftServerConfigKeys (ConfUtils.java:logGet(46)) - raft.server.read.timeout = 10s (default)
2024-02-27 07:42:32,840 [2fdf9b97-f8e3-478e-95f7-818a752c939a-groupManagement] INFO  server.RaftServerConfigKeys (ConfUtils.java:logGet(46)) - raft.server.retrycache.expirytime = 600000ms (custom)
2024-02-27 07:42:32,840 [2fdf9b97-f8e3-478e-95f7-818a752c939a-groupManagement] INFO  server.RaftServerConfigKeys (ConfUtils.java:logGet(46)) - raft.server.retrycache.statistics.expirytime = 100ms (default)
2024-02-27 07:42:32,840 [2fdf9b97-f8e3-478e-95f7-818a752c939a-groupManagement] INFO  server.RaftServerConfigKeys (ConfUtils.java:logGet(46)) - raft.server.read.option = DEFAULT (default)
2024-02-27 07:42:32,840 [2fdf9b97-f8e3-478e-95f7-818a752c939a-groupManagement] INFO  server.RaftServerConfigKeys (ConfUtils.java:logGet(46)) - raft.server.read.read-after-write-consistent.write-index-cache.expiry-time = 60s (default)
2024-02-27 07:42:32,841 [2fdf9b97-f8e3-478e-95f7-818a752c939a-groupManagement] INFO  server.RaftServerConfigKeys (ConfUtils.java:logGet(46)) - raft.server.rpc.request.timeout = 60s (custom)
2024-02-27 07:42:32,842 [2fdf9b97-f8e3-478e-95f7-818a752c939a-groupManagement] INFO  server.RaftServerConfigKeys (ConfUtils.java:logGet(46)) - raft.server.log.appender.install.snapshot.enabled = false (custom)
2024-02-27 07:42:32,842 [2fdf9b97-f8e3-478e-95f7-818a752c939a-groupManagement] INFO  server.RaftServerConfigKeys (ConfUtils.java:logGet(46)) - raft.server.threadpool.server.cached = true (default)
2024-02-27 07:42:32,842 [2fdf9b97-f8e3-478e-95f7-818a752c939a-groupManagement] INFO  server.RaftServerConfigKeys (ConfUtils.java:logGet(46)) - raft.server.threadpool.server.size = 0 (default)
2024-02-27 07:42:32,842 [2fdf9b97-f8e3-478e-95f7-818a752c939a-groupManagement] INFO  server.RaftServerConfigKeys (ConfUtils.java:logGet(46)) - raft.server.threadpool.client.cached = true (default)
2024-02-27 07:42:32,842 [2fdf9b97-f8e3-478e-95f7-818a752c939a-groupManagement] INFO  server.RaftServerConfigKeys (ConfUtils.java:logGet(46)) - raft.server.threadpool.client.size = 0 (default)
2024-02-27 07:42:32,842 [2fdf9b97-f8e3-478e-95f7-818a752c939a-groupManagement] INFO  server.RaftServerConfigKeys (ConfUtils.java:logGet(46)) - raft.server.storage.free-space.min = 0MB (=0) (default)
2024-02-27 07:42:32,842 [2fdf9b97-f8e3-478e-95f7-818a752c939a-groupManagement] INFO  server.RaftServerConfigKeys (ConfUtils.java:logGet(46)) - raft.server.log.corruption.policy = EXCEPTION (default)
2024-02-27 07:42:32,842 [2fdf9b97-f8e3-478e-95f7-818a752c939a-groupManagement] INFO  server.RaftServerConfigKeys (ConfUtils.java:logGet(46)) - raft.server.storage.dir = [/home/runner/work/ozone/ozone/hadoop-ozone/integration-test/target/test-dir/MiniOzoneClusterImpl-107870c4-38da-4dee-ace8-876b8e06d1b5/ozone-meta/datanode-1/ratis] (custom)
2024-02-27 07:42:32,842 [2fdf9b97-f8e3-478e-95f7-818a752c939a-groupManagement] INFO  storage.RaftStorageDirectory (RaftStorageDirectoryImpl.java:analyzeStorage(138)) - The storage directory /home/runner/work/ozone/ozone/hadoop-ozone/integration-test/target/test-dir/MiniOzoneClusterImpl-107870c4-38da-4dee-ace8-876b8e06d1b5/ozone-meta/datanode-1/ratis/35c7d413-be29-4b1c-80d7-410b0000e8a0 does not exist. Creating ...
2024-02-27 07:42:32,843 [2fdf9b97-f8e3-478e-95f7-818a752c939a-groupManagement] INFO  storage.RaftStorageDirectory (RaftStorageDirectoryImpl.java:tryLock(228)) - Lock on /home/runner/work/ozone/ozone/hadoop-ozone/integration-test/target/test-dir/MiniOzoneClusterImpl-107870c4-38da-4dee-ace8-876b8e06d1b5/ozone-meta/datanode-1/ratis/35c7d413-be29-4b1c-80d7-410b0000e8a0/in_use.lock acquired by nodename 40924@fv-az699-61
2024-02-27 07:42:32,844 [2fdf9b97-f8e3-478e-95f7-818a752c939a-groupManagement] INFO  storage.RaftStorage (RaftStorageImpl.java:format(99)) - Storage directory /home/runner/work/ozone/ozone/hadoop-ozone/integration-test/target/test-dir/MiniOzoneClusterImpl-107870c4-38da-4dee-ace8-876b8e06d1b5/ozone-meta/datanode-1/ratis/35c7d413-be29-4b1c-80d7-410b0000e8a0 has been successfully formatted.
2024-02-27 07:42:32,844 [2fdf9b97-f8e3-478e-95f7-818a752c939a-groupManagement] WARN  util.FileUtils (LogUtils.java:supplyAndLog(63)) - Failed to Files.newInputStream /home/runner/work/ozone/ozone/hadoop-ozone/integration-test/target/test-dir/MiniOzoneClusterImpl-107870c4-38da-4dee-ace8-876b8e06d1b5/ozone-meta/datanode-1/ratis/35c7d413-be29-4b1c-80d7-410b0000e8a0/current/raft-meta.conf with options []: java.nio.file.NoSuchFileException: /home/runner/work/ozone/ozone/hadoop-ozone/integration-test/target/test-dir/MiniOzoneClusterImpl-107870c4-38da-4dee-ace8-876b8e06d1b5/ozone-meta/datanode-1/ratis/35c7d413-be29-4b1c-80d7-410b0000e8a0/current/raft-meta.conf
2024-02-27 07:42:32,845 [2fdf9b97-f8e3-478e-95f7-818a752c939a-groupManagement] INFO  ratis.ContainerStateMachine (ContainerStateMachine.java:loadSnapshot(287)) - group-410B0000E8A0: The snapshot info is null. Setting the last applied index to:(t:0, i:~)
2024-02-27 07:42:32,845 [2fdf9b97-f8e3-478e-95f7-818a752c939a-groupManagement] INFO  server.RaftServerConfigKeys (ConfUtils.java:logGet(46)) - raft.server.log.use.memory = false (default)
2024-02-27 07:42:32,845 [2fdf9b97-f8e3-478e-95f7-818a752c939a-groupManagement] INFO  server.RaftServerConfigKeys (ConfUtils.java:logGet(46)) - raft.server.log.purge.gap = 1000000 (custom)
2024-02-27 07:42:32,845 [2fdf9b97-f8e3-478e-95f7-818a752c939a-groupManagement] INFO  server.RaftServerConfigKeys (ConfUtils.java:logGet(46)) - raft.server.log.appender.buffer.byte-limit = 8388608 (custom)
2024-02-27 07:42:32,845 [2fdf9b97-f8e3-478e-95f7-818a752c939a-groupManagement] INFO  server.RaftServerConfigKeys (ConfUtils.java:logGet(46)) - raft.server.log.statemachine.data.read.timeout = 1000ms (default)
2024-02-27 07:42:32,845 [2fdf9b97-f8e3-478e-95f7-818a752c939a-groupManagement] INFO  server.RaftServerConfigKeys (ConfUtils.java:logGet(46)) - raft.server.log.purge.preservation.log.num = 0 (default)
2024-02-27 07:42:32,845 [EventQueue-OpenPipelineForHealthyPipelineSafeModeRule] INFO  safemode.SCMSafeModeManager (HealthyPipelineSafeModeRule.java:process(140)) - SCM in safe mode. Healthy pipelines reported count is 0, required healthy pipeline reported count is 1
2024-02-27 07:42:32,846 [2fdf9b97-f8e3-478e-95f7-818a752c939a-groupManagement] INFO  server.RaftServerConfigKeys (ConfUtils.java:logGet(46)) - raft.server.log.segment.size.max = 67108864 (custom)
2024-02-27 07:42:32,846 [2fdf9b97-f8e3-478e-95f7-818a752c939a-groupManagement] INFO  server.RaftServerConfigKeys (ConfUtils.java:logGet(46)) - raft.server.log.segment.cache.num.max = 2 (custom)
2024-02-27 07:42:32,846 [2fdf9b97-f8e3-478e-95f7-818a752c939a-groupManagement] INFO  server.RaftServerConfigKeys (ConfUtils.java:logGet(46)) - raft.server.log.segment.cache.size.max = 200MB (=209715200) (default)
2024-02-27 07:42:32,846 [2fdf9b97-f8e3-478e-95f7-818a752c939a-groupManagement] INFO  server.RaftServerConfigKeys (ConfUtils.java:logGet(46)) - raft.server.log.appender.buffer.byte-limit = 8388608 (custom)
2024-02-27 07:42:32,846 [2fdf9b97-f8e3-478e-95f7-818a752c939a-groupManagement] INFO  util.AwaitToRun (AwaitToRun.java:start(81)) - Thread[2fdf9b97-f8e3-478e-95f7-818a752c939a@group-410B0000E8A0-cacheEviction-AwaitToRun,5,main] started
2024-02-27 07:42:32,847 [2fdf9b97-f8e3-478e-95f7-818a752c939a-groupManagement] INFO  segmented.SegmentedRaftLogWorker (SegmentedRaftLogWorker.java:<init>(182)) - new 2fdf9b97-f8e3-478e-95f7-818a752c939a@group-410B0000E8A0-SegmentedRaftLogWorker for RaftStorageImpl:Storage Directory /home/runner/work/ozone/ozone/hadoop-ozone/integration-test/target/test-dir/MiniOzoneClusterImpl-107870c4-38da-4dee-ace8-876b8e06d1b5/ozone-meta/datanode-1/ratis/35c7d413-be29-4b1c-80d7-410b0000e8a0
2024-02-27 07:42:32,847 [2fdf9b97-f8e3-478e-95f7-818a752c939a-groupManagement] INFO  server.RaftServerConfigKeys (ConfUtils.java:logGet(46)) - raft.server.log.queue.byte-limit = 4294967296 (custom)
2024-02-27 07:42:32,847 [2fdf9b97-f8e3-478e-95f7-818a752c939a-groupManagement] INFO  server.RaftServerConfigKeys (ConfUtils.java:logGet(46)) - raft.server.log.queue.element-limit = 1024 (custom)
2024-02-27 07:42:32,847 [2fdf9b97-f8e3-478e-95f7-818a752c939a-groupManagement] INFO  server.RaftServerConfigKeys (ConfUtils.java:logGet(46)) - raft.server.log.segment.size.max = 67108864 (custom)
2024-02-27 07:42:32,847 [2fdf9b97-f8e3-478e-95f7-818a752c939a-groupManagement] INFO  server.RaftServerConfigKeys (ConfUtils.java:logGet(46)) - raft.server.log.preallocated.size = 4194304 (custom)
2024-02-27 07:42:32,847 [2fdf9b97-f8e3-478e-95f7-818a752c939a-groupManagement] INFO  server.RaftServerConfigKeys (ConfUtils.java:logGet(46)) - raft.server.log.force.sync.num = 128 (default)
2024-02-27 07:42:32,847 [2fdf9b97-f8e3-478e-95f7-818a752c939a-groupManagement] INFO  server.RaftServerConfigKeys (ConfUtils.java:logGet(46)) - raft.server.log.statemachine.data.sync = true (default)
2024-02-27 07:42:32,847 [2fdf9b97-f8e3-478e-95f7-818a752c939a-groupManagement] INFO  server.RaftServerConfigKeys (ConfUtils.java:logGet(46)) - raft.server.log.statemachine.data.sync.timeout = 10s (default)
2024-02-27 07:42:32,847 [2fdf9b97-f8e3-478e-95f7-818a752c939a-groupManagement] INFO  server.RaftServerConfigKeys (ConfUtils.java:logGet(46)) - raft.server.log.statemachine.data.sync.timeout.retry = 0 (custom)
2024-02-27 07:42:32,847 [2fdf9b97-f8e3-478e-95f7-818a752c939a-groupManagement] INFO  server.RaftServerConfigKeys (ConfUtils.java:logGet(46)) - raft.server.log.write.buffer.size = 8388616 (custom)
2024-02-27 07:42:32,849 [2fdf9b97-f8e3-478e-95f7-818a752c939a-groupManagement] INFO  server.RaftServerConfigKeys (ConfUtils.java:logGet(46)) - raft.server.log.appender.buffer.byte-limit = 8388608 (custom)
2024-02-27 07:42:32,849 [2fdf9b97-f8e3-478e-95f7-818a752c939a-groupManagement] INFO  server.RaftServerConfigKeys (ConfUtils.java:logGet(46)) - raft.server.log.unsafe-flush.enabled = false (default)
2024-02-27 07:42:32,849 [2fdf9b97-f8e3-478e-95f7-818a752c939a-groupManagement] INFO  server.RaftServerConfigKeys (ConfUtils.java:logGet(46)) - raft.server.log.async-flush.enabled = false (default)
2024-02-27 07:42:32,849 [2fdf9b97-f8e3-478e-95f7-818a752c939a-groupManagement] INFO  server.RaftServerConfigKeys (ConfUtils.java:logGet(46)) - raft.server.log.statemachine.data.caching.enabled = true (custom)
2024-02-27 07:42:32,849 [2fdf9b97-f8e3-478e-95f7-818a752c939a-groupManagement] INFO  segmented.SegmentedRaftLogWorker (SegmentedRaftLogWorker.java:lambda$new$0(134)) - 2fdf9b97-f8e3-478e-95f7-818a752c939a@group-410B0000E8A0-SegmentedRaftLogWorker: flushIndex: setUnconditionally 0 -> -1
2024-02-27 07:42:32,849 [2fdf9b97-f8e3-478e-95f7-818a752c939a-groupManagement] INFO  segmented.SegmentedRaftLogWorker (SegmentedRaftLogWorker.java:lambda$new$0(134)) - 2fdf9b97-f8e3-478e-95f7-818a752c939a@group-410B0000E8A0-SegmentedRaftLogWorker: safeCacheEvictIndex: setUnconditionally 0 -> -1
2024-02-27 07:42:32,849 [2fdf9b97-f8e3-478e-95f7-818a752c939a-groupManagement] INFO  server.RaftServer$Division (RaftServerImpl.java:start(396)) - 2fdf9b97-f8e3-478e-95f7-818a752c939a@group-410B0000E8A0: start as a follower, conf=-1: peers:[e71dbbe0-7268-4d86-ba43-abc421df11cb|10.1.0.19:15117, 7cccb36f-9418-4bb0-9e1b-7711a01d9c69|10.1.0.19:15126, 2fdf9b97-f8e3-478e-95f7-818a752c939a|10.1.0.19:15108]|listeners:[], old=null
2024-02-27 07:42:32,849 [2fdf9b97-f8e3-478e-95f7-818a752c939a-groupManagement] INFO  server.RaftServer$Division (RaftServerImpl.java:setRole(383)) - 2fdf9b97-f8e3-478e-95f7-818a752c939a@group-410B0000E8A0: changes role from      null to FOLLOWER at term 0 for startAsFollower
2024-02-27 07:42:32,849 [2fdf9b97-f8e3-478e-95f7-818a752c939a-groupManagement] INFO  impl.RoleInfo (RoleInfo.java:updateAndGet(139)) - 2fdf9b97-f8e3-478e-95f7-818a752c939a: start 2fdf9b97-f8e3-478e-95f7-818a752c939a@group-410B0000E8A0-FollowerState
2024-02-27 07:42:32,850 [2fdf9b97-f8e3-478e-95f7-818a752c939a@group-410B0000E8A0-FollowerState] INFO  server.RaftServerConfigKeys (ConfUtils.java:logFallback(53)) - raft.server.rpc.first-election.timeout.min = 5s (fallback to raft.server.rpc.timeout.min)
2024-02-27 07:42:32,850 [2fdf9b97-f8e3-478e-95f7-818a752c939a-groupManagement] INFO  util.JmxRegister (JmxRegister.java:tryRegister(44)) - Successfully registered JMX Bean with object name Ratis:service=RaftServer,group=group-410B0000E8A0,id=2fdf9b97-f8e3-478e-95f7-818a752c939a
2024-02-27 07:42:32,850 [2fdf9b97-f8e3-478e-95f7-818a752c939a@group-410B0000E8A0-FollowerState] INFO  server.RaftServerConfigKeys (ConfUtils.java:logFallback(53)) - raft.server.rpc.first-election.timeout.max = 5200ms (fallback to raft.server.rpc.timeout.max)
2024-02-27 07:42:32,850 [2fdf9b97-f8e3-478e-95f7-818a752c939a-groupManagement] INFO  server.RaftServerConfigKeys (ConfUtils.java:logGet(46)) - raft.server.snapshot.trigger-when-stop.enabled = true (default)
2024-02-27 07:42:32,850 [2fdf9b97-f8e3-478e-95f7-818a752c939a-groupManagement] INFO  server.RaftServerConfigKeys (ConfUtils.java:logGet(46)) - raft.server.snapshot.auto.trigger.enabled = true (custom)
2024-02-27 07:42:32,850 [2fdf9b97-f8e3-478e-95f7-818a752c939a-groupManagement] INFO  server.RaftServerConfigKeys (ConfUtils.java:logGet(46)) - raft.server.snapshot.auto.trigger.threshold = 10000 (custom)
2024-02-27 07:42:32,850 [2fdf9b97-f8e3-478e-95f7-818a752c939a-groupManagement] INFO  server.RaftServerConfigKeys (ConfUtils.java:logGet(46)) - raft.server.snapshot.retention.file.num = 5 (custom)
2024-02-27 07:42:32,850 [2fdf9b97-f8e3-478e-95f7-818a752c939a-groupManagement] INFO  server.RaftServerConfigKeys (ConfUtils.java:logGet(46)) - raft.server.log.purge.upto.snapshot.index = false (default)
2024-02-27 07:42:32,850 [2fdf9b97-f8e3-478e-95f7-818a752c939a-PipelineCommandHandlerThread-0] INFO  ratis.XceiverServerRatis (XceiverServerRatis.java:addGroup(864)) - Created group PipelineID=35c7d413-be29-4b1c-80d7-410b0000e8a0
2024-02-27 07:42:32,858 [grpc-default-executor-2] INFO  server.RaftServer (RaftServerProxy.java:addNew(100)) - e71dbbe0-7268-4d86-ba43-abc421df11cb: addNew group-410B0000E8A0:[e71dbbe0-7268-4d86-ba43-abc421df11cb|10.1.0.19:15117, 7cccb36f-9418-4bb0-9e1b-7711a01d9c69|10.1.0.19:15126, 2fdf9b97-f8e3-478e-95f7-818a752c939a|10.1.0.19:15108] returns group-410B0000E8A0:java.util.concurrent.CompletableFuture@35b5a5be[Not completed]
2024-02-27 07:42:32,859 [e71dbbe0-7268-4d86-ba43-abc421df11cb-groupManagement] INFO  server.RaftServer$Division (RaftServerImpl.java:<init>(256)) - e71dbbe0-7268-4d86-ba43-abc421df11cb: new RaftServerImpl for group-410B0000E8A0:[e71dbbe0-7268-4d86-ba43-abc421df11cb|10.1.0.19:15117, 7cccb36f-9418-4bb0-9e1b-7711a01d9c69|10.1.0.19:15126, 2fdf9b97-f8e3-478e-95f7-818a752c939a|10.1.0.19:15108] with ContainerStateMachine:uninitialized
2024-02-27 07:42:32,859 [e71dbbe0-7268-4d86-ba43-abc421df11cb-groupManagement] INFO  server.RaftServerConfigKeys (ConfUtils.java:logGet(46)) - raft.server.rpc.timeout.min = 5s (custom)
2024-02-27 07:42:32,859 [e71dbbe0-7268-4d86-ba43-abc421df11cb-groupManagement] INFO  server.RaftServerConfigKeys (ConfUtils.java:logGet(46)) - raft.server.rpc.timeout.max = 5200ms (custom)
2024-02-27 07:42:32,859 [e71dbbe0-7268-4d86-ba43-abc421df11cb-groupManagement] INFO  server.RaftServerConfigKeys (ConfUtils.java:logGet(46)) - raft.server.rpc.sleep.time = 25ms (default)
2024-02-27 07:42:32,859 [e71dbbe0-7268-4d86-ba43-abc421df11cb-groupManagement] INFO  server.RaftServerConfigKeys (ConfUtils.java:logGet(46)) - raft.server.rpc.slowness.timeout = 300s (custom)
2024-02-27 07:42:32,859 [e71dbbe0-7268-4d86-ba43-abc421df11cb-groupManagement] INFO  server.RaftServerConfigKeys (ConfUtils.java:logGet(46)) - raft.server.leaderelection.leader.step-down.wait-time = 10s (default)
2024-02-27 07:42:32,859 [e71dbbe0-7268-4d86-ba43-abc421df11cb-groupManagement] INFO  server.RaftServerConfigKeys (ConfUtils.java:logGet(46)) - raft.server.leaderelection.member.majority-add = false (default)
2024-02-27 07:42:32,859 [e71dbbe0-7268-4d86-ba43-abc421df11cb-groupManagement] INFO  server.RaftServerConfigKeys (ConfUtils.java:logGet(46)) - raft.server.sleep.deviation.threshold = 300ms (default)
2024-02-27 07:42:32,860 [e71dbbe0-7268-4d86-ba43-abc421df11cb-groupManagement] INFO  server.RaftServer$Division (ServerState.java:<init>(113)) - e71dbbe0-7268-4d86-ba43-abc421df11cb@group-410B0000E8A0: ConfigurationManager, init=-1: peers:[e71dbbe0-7268-4d86-ba43-abc421df11cb|10.1.0.19:15117, 7cccb36f-9418-4bb0-9e1b-7711a01d9c69|10.1.0.19:15126, 2fdf9b97-f8e3-478e-95f7-818a752c939a|10.1.0.19:15108]|listeners:[], old=null, confs=<EMPTY_MAP>
2024-02-27 07:42:32,860 [e71dbbe0-7268-4d86-ba43-abc421df11cb-groupManagement] INFO  server.RaftServerConfigKeys (ConfUtils.java:logGet(46)) - raft.server.notification.no-leader.timeout = 300s (custom)
2024-02-27 07:42:32,860 [e71dbbe0-7268-4d86-ba43-abc421df11cb-groupManagement] INFO  server.RaftServerConfigKeys (ConfUtils.java:logGet(46)) - raft.server.read.timeout = 10s (default)
2024-02-27 07:42:32,860 [e71dbbe0-7268-4d86-ba43-abc421df11cb-groupManagement] INFO  server.RaftServerConfigKeys (ConfUtils.java:logGet(46)) - raft.server.retrycache.expirytime = 600000ms (custom)
2024-02-27 07:42:32,860 [e71dbbe0-7268-4d86-ba43-abc421df11cb-groupManagement] INFO  server.RaftServerConfigKeys (ConfUtils.java:logGet(46)) - raft.server.retrycache.statistics.expirytime = 100ms (default)
2024-02-27 07:42:32,860 [e71dbbe0-7268-4d86-ba43-abc421df11cb-groupManagement] INFO  server.RaftServerConfigKeys (ConfUtils.java:logGet(46)) - raft.server.read.option = DEFAULT (default)
2024-02-27 07:42:32,860 [e71dbbe0-7268-4d86-ba43-abc421df11cb-groupManagement] INFO  server.RaftServerConfigKeys (ConfUtils.java:logGet(46)) - raft.server.read.read-after-write-consistent.write-index-cache.expiry-time = 60s (default)
2024-02-27 07:42:32,862 [e71dbbe0-7268-4d86-ba43-abc421df11cb-groupManagement] INFO  server.RaftServerConfigKeys (ConfUtils.java:logGet(46)) - raft.server.rpc.request.timeout = 60s (custom)
2024-02-27 07:42:32,862 [e71dbbe0-7268-4d86-ba43-abc421df11cb-groupManagement] INFO  server.RaftServerConfigKeys (ConfUtils.java:logGet(46)) - raft.server.log.appender.install.snapshot.enabled = false (custom)
2024-02-27 07:42:32,862 [e71dbbe0-7268-4d86-ba43-abc421df11cb-groupManagement] INFO  server.RaftServerConfigKeys (ConfUtils.java:logGet(46)) - raft.server.threadpool.server.cached = true (default)
2024-02-27 07:42:32,862 [e71dbbe0-7268-4d86-ba43-abc421df11cb-groupManagement] INFO  server.RaftServerConfigKeys (ConfUtils.java:logGet(46)) - raft.server.threadpool.server.size = 0 (default)
2024-02-27 07:42:32,862 [e71dbbe0-7268-4d86-ba43-abc421df11cb-groupManagement] INFO  server.RaftServerConfigKeys (ConfUtils.java:logGet(46)) - raft.server.threadpool.client.cached = true (default)
2024-02-27 07:42:32,862 [e71dbbe0-7268-4d86-ba43-abc421df11cb-groupManagement] INFO  server.RaftServerConfigKeys (ConfUtils.java:logGet(46)) - raft.server.threadpool.client.size = 0 (default)
2024-02-27 07:42:32,862 [e71dbbe0-7268-4d86-ba43-abc421df11cb-groupManagement] INFO  server.RaftServerConfigKeys (ConfUtils.java:logGet(46)) - raft.server.storage.free-space.min = 0MB (=0) (default)
2024-02-27 07:42:32,862 [e71dbbe0-7268-4d86-ba43-abc421df11cb-groupManagement] INFO  server.RaftServerConfigKeys (ConfUtils.java:logGet(46)) - raft.server.log.corruption.policy = EXCEPTION (default)
2024-02-27 07:42:32,862 [e71dbbe0-7268-4d86-ba43-abc421df11cb-groupManagement] INFO  server.RaftServerConfigKeys (ConfUtils.java:logGet(46)) - raft.server.storage.dir = [/home/runner/work/ozone/ozone/hadoop-ozone/integration-test/target/test-dir/MiniOzoneClusterImpl-107870c4-38da-4dee-ace8-876b8e06d1b5/ozone-meta/datanode-2/ratis] (custom)
2024-02-27 07:42:32,863 [e71dbbe0-7268-4d86-ba43-abc421df11cb-groupManagement] INFO  storage.RaftStorageDirectory (RaftStorageDirectoryImpl.java:analyzeStorage(138)) - The storage directory /home/runner/work/ozone/ozone/hadoop-ozone/integration-test/target/test-dir/MiniOzoneClusterImpl-107870c4-38da-4dee-ace8-876b8e06d1b5/ozone-meta/datanode-2/ratis/35c7d413-be29-4b1c-80d7-410b0000e8a0 does not exist. Creating ...
2024-02-27 07:42:32,863 [e71dbbe0-7268-4d86-ba43-abc421df11cb-groupManagement] INFO  storage.RaftStorageDirectory (RaftStorageDirectoryImpl.java:tryLock(228)) - Lock on /home/runner/work/ozone/ozone/hadoop-ozone/integration-test/target/test-dir/MiniOzoneClusterImpl-107870c4-38da-4dee-ace8-876b8e06d1b5/ozone-meta/datanode-2/ratis/35c7d413-be29-4b1c-80d7-410b0000e8a0/in_use.lock acquired by nodename 40924@fv-az699-61
2024-02-27 07:42:32,865 [e71dbbe0-7268-4d86-ba43-abc421df11cb-groupManagement] INFO  storage.RaftStorage (RaftStorageImpl.java:format(99)) - Storage directory /home/runner/work/ozone/ozone/hadoop-ozone/integration-test/target/test-dir/MiniOzoneClusterImpl-107870c4-38da-4dee-ace8-876b8e06d1b5/ozone-meta/datanode-2/ratis/35c7d413-be29-4b1c-80d7-410b0000e8a0 has been successfully formatted.
2024-02-27 07:42:32,865 [e71dbbe0-7268-4d86-ba43-abc421df11cb-groupManagement] WARN  util.FileUtils (LogUtils.java:supplyAndLog(63)) - Failed to Files.newInputStream /home/runner/work/ozone/ozone/hadoop-ozone/integration-test/target/test-dir/MiniOzoneClusterImpl-107870c4-38da-4dee-ace8-876b8e06d1b5/ozone-meta/datanode-2/ratis/35c7d413-be29-4b1c-80d7-410b0000e8a0/current/raft-meta.conf with options []: java.nio.file.NoSuchFileException: /home/runner/work/ozone/ozone/hadoop-ozone/integration-test/target/test-dir/MiniOzoneClusterImpl-107870c4-38da-4dee-ace8-876b8e06d1b5/ozone-meta/datanode-2/ratis/35c7d413-be29-4b1c-80d7-410b0000e8a0/current/raft-meta.conf
2024-02-27 07:42:32,866 [e71dbbe0-7268-4d86-ba43-abc421df11cb-groupManagement] INFO  ratis.ContainerStateMachine (ContainerStateMachine.java:loadSnapshot(287)) - group-410B0000E8A0: The snapshot info is null. Setting the last applied index to:(t:0, i:~)
2024-02-27 07:42:32,866 [e71dbbe0-7268-4d86-ba43-abc421df11cb-groupManagement] INFO  server.RaftServerConfigKeys (ConfUtils.java:logGet(46)) - raft.server.log.use.memory = false (default)
2024-02-27 07:42:32,866 [e71dbbe0-7268-4d86-ba43-abc421df11cb-groupManagement] INFO  server.RaftServerConfigKeys (ConfUtils.java:logGet(46)) - raft.server.log.purge.gap = 1000000 (custom)
2024-02-27 07:42:32,866 [e71dbbe0-7268-4d86-ba43-abc421df11cb-groupManagement] INFO  server.RaftServerConfigKeys (ConfUtils.java:logGet(46)) - raft.server.log.appender.buffer.byte-limit = 8388608 (custom)
2024-02-27 07:42:32,866 [e71dbbe0-7268-4d86-ba43-abc421df11cb-groupManagement] INFO  server.RaftServerConfigKeys (ConfUtils.java:logGet(46)) - raft.server.log.statemachine.data.read.timeout = 1000ms (default)
2024-02-27 07:42:32,866 [e71dbbe0-7268-4d86-ba43-abc421df11cb-groupManagement] INFO  server.RaftServerConfigKeys (ConfUtils.java:logGet(46)) - raft.server.log.purge.preservation.log.num = 0 (default)
2024-02-27 07:42:32,867 [e71dbbe0-7268-4d86-ba43-abc421df11cb-groupManagement] INFO  server.RaftServerConfigKeys (ConfUtils.java:logGet(46)) - raft.server.log.segment.size.max = 67108864 (custom)
2024-02-27 07:42:32,867 [e71dbbe0-7268-4d86-ba43-abc421df11cb-groupManagement] INFO  server.RaftServerConfigKeys (ConfUtils.java:logGet(46)) - raft.server.log.segment.cache.num.max = 2 (custom)
2024-02-27 07:42:32,867 [e71dbbe0-7268-4d86-ba43-abc421df11cb-groupManagement] INFO  server.RaftServerConfigKeys (ConfUtils.java:logGet(46)) - raft.server.log.segment.cache.size.max = 200MB (=209715200) (default)
2024-02-27 07:42:32,867 [e71dbbe0-7268-4d86-ba43-abc421df11cb-groupManagement] INFO  server.RaftServerConfigKeys (ConfUtils.java:logGet(46)) - raft.server.log.appender.buffer.byte-limit = 8388608 (custom)
2024-02-27 07:42:32,868 [e71dbbe0-7268-4d86-ba43-abc421df11cb-groupManagement] INFO  util.AwaitToRun (AwaitToRun.java:start(81)) - Thread[e71dbbe0-7268-4d86-ba43-abc421df11cb@group-410B0000E8A0-cacheEviction-AwaitToRun,5,main] started
2024-02-27 07:42:32,868 [e71dbbe0-7268-4d86-ba43-abc421df11cb-groupManagement] INFO  segmented.SegmentedRaftLogWorker (SegmentedRaftLogWorker.java:<init>(182)) - new e71dbbe0-7268-4d86-ba43-abc421df11cb@group-410B0000E8A0-SegmentedRaftLogWorker for RaftStorageImpl:Storage Directory /home/runner/work/ozone/ozone/hadoop-ozone/integration-test/target/test-dir/MiniOzoneClusterImpl-107870c4-38da-4dee-ace8-876b8e06d1b5/ozone-meta/datanode-2/ratis/35c7d413-be29-4b1c-80d7-410b0000e8a0
2024-02-27 07:42:32,868 [e71dbbe0-7268-4d86-ba43-abc421df11cb-groupManagement] INFO  server.RaftServerConfigKeys (ConfUtils.java:logGet(46)) - raft.server.log.queue.byte-limit = 4294967296 (custom)
2024-02-27 07:42:32,868 [e71dbbe0-7268-4d86-ba43-abc421df11cb-groupManagement] INFO  server.RaftServerConfigKeys (ConfUtils.java:logGet(46)) - raft.server.log.queue.element-limit = 1024 (custom)
2024-02-27 07:42:32,868 [e71dbbe0-7268-4d86-ba43-abc421df11cb-groupManagement] INFO  server.RaftServerConfigKeys (ConfUtils.java:logGet(46)) - raft.server.log.segment.size.max = 67108864 (custom)
2024-02-27 07:42:32,868 [e71dbbe0-7268-4d86-ba43-abc421df11cb-groupManagement] INFO  server.RaftServerConfigKeys (ConfUtils.java:logGet(46)) - raft.server.log.preallocated.size = 4194304 (custom)
2024-02-27 07:42:32,868 [e71dbbe0-7268-4d86-ba43-abc421df11cb-groupManagement] INFO  server.RaftServerConfigKeys (ConfUtils.java:logGet(46)) - raft.server.log.force.sync.num = 128 (default)
2024-02-27 07:42:32,868 [e71dbbe0-7268-4d86-ba43-abc421df11cb-groupManagement] INFO  server.RaftServerConfigKeys (ConfUtils.java:logGet(46)) - raft.server.log.statemachine.data.sync = true (default)
2024-02-27 07:42:32,868 [e71dbbe0-7268-4d86-ba43-abc421df11cb-groupManagement] INFO  server.RaftServerConfigKeys (ConfUtils.java:logGet(46)) - raft.server.log.statemachine.data.sync.timeout = 10s (default)
2024-02-27 07:42:32,868 [e71dbbe0-7268-4d86-ba43-abc421df11cb-groupManagement] INFO  server.RaftServerConfigKeys (ConfUtils.java:logGet(46)) - raft.server.log.statemachine.data.sync.timeout.retry = 0 (custom)
2024-02-27 07:42:32,869 [e71dbbe0-7268-4d86-ba43-abc421df11cb-groupManagement] INFO  server.RaftServerConfigKeys (ConfUtils.java:logGet(46)) - raft.server.log.write.buffer.size = 8388616 (custom)
2024-02-27 07:42:32,870 [e71dbbe0-7268-4d86-ba43-abc421df11cb-groupManagement] INFO  server.RaftServerConfigKeys (ConfUtils.java:logGet(46)) - raft.server.log.appender.buffer.byte-limit = 8388608 (custom)
2024-02-27 07:42:32,870 [e71dbbe0-7268-4d86-ba43-abc421df11cb-groupManagement] INFO  server.RaftServerConfigKeys (ConfUtils.java:logGet(46)) - raft.server.log.unsafe-flush.enabled = false (default)
2024-02-27 07:42:32,870 [e71dbbe0-7268-4d86-ba43-abc421df11cb-groupManagement] INFO  server.RaftServerConfigKeys (ConfUtils.java:logGet(46)) - raft.server.log.async-flush.enabled = false (default)
2024-02-27 07:42:32,870 [e71dbbe0-7268-4d86-ba43-abc421df11cb-groupManagement] INFO  server.RaftServerConfigKeys (ConfUtils.java:logGet(46)) - raft.server.log.statemachine.data.caching.enabled = true (custom)
2024-02-27 07:42:32,871 [e71dbbe0-7268-4d86-ba43-abc421df11cb-groupManagement] INFO  segmented.SegmentedRaftLogWorker (SegmentedRaftLogWorker.java:lambda$new$0(134)) - e71dbbe0-7268-4d86-ba43-abc421df11cb@group-410B0000E8A0-SegmentedRaftLogWorker: flushIndex: setUnconditionally 0 -> -1
2024-02-27 07:42:32,871 [e71dbbe0-7268-4d86-ba43-abc421df11cb-groupManagement] INFO  segmented.SegmentedRaftLogWorker (SegmentedRaftLogWorker.java:lambda$new$0(134)) - e71dbbe0-7268-4d86-ba43-abc421df11cb@group-410B0000E8A0-SegmentedRaftLogWorker: safeCacheEvictIndex: setUnconditionally 0 -> -1
2024-02-27 07:42:32,871 [e71dbbe0-7268-4d86-ba43-abc421df11cb-groupManagement] INFO  server.RaftServer$Division (RaftServerImpl.java:start(396)) - e71dbbe0-7268-4d86-ba43-abc421df11cb@group-410B0000E8A0: start as a follower, conf=-1: peers:[e71dbbe0-7268-4d86-ba43-abc421df11cb|10.1.0.19:15117, 7cccb36f-9418-4bb0-9e1b-7711a01d9c69|10.1.0.19:15126, 2fdf9b97-f8e3-478e-95f7-818a752c939a|10.1.0.19:15108]|listeners:[], old=null
2024-02-27 07:42:32,871 [e71dbbe0-7268-4d86-ba43-abc421df11cb-groupManagement] INFO  server.RaftServer$Division (RaftServerImpl.java:setRole(383)) - e71dbbe0-7268-4d86-ba43-abc421df11cb@group-410B0000E8A0: changes role from      null to FOLLOWER at term 0 for startAsFollower
2024-02-27 07:42:32,871 [e71dbbe0-7268-4d86-ba43-abc421df11cb-groupManagement] INFO  impl.RoleInfo (RoleInfo.java:updateAndGet(139)) - e71dbbe0-7268-4d86-ba43-abc421df11cb: start e71dbbe0-7268-4d86-ba43-abc421df11cb@group-410B0000E8A0-FollowerState
2024-02-27 07:42:32,871 [e71dbbe0-7268-4d86-ba43-abc421df11cb@group-410B0000E8A0-FollowerState] INFO  server.RaftServerConfigKeys (ConfUtils.java:logFallback(53)) - raft.server.rpc.first-election.timeout.min = 5s (fallback to raft.server.rpc.timeout.min)
2024-02-27 07:42:32,871 [e71dbbe0-7268-4d86-ba43-abc421df11cb-groupManagement] INFO  util.JmxRegister (JmxRegister.java:tryRegister(44)) - Successfully registered JMX Bean with object name Ratis:service=RaftServer,group=group-410B0000E8A0,id=e71dbbe0-7268-4d86-ba43-abc421df11cb
2024-02-27 07:42:32,871 [e71dbbe0-7268-4d86-ba43-abc421df11cb@group-410B0000E8A0-FollowerState] INFO  server.RaftServerConfigKeys (ConfUtils.java:logFallback(53)) - raft.server.rpc.first-election.timeout.max = 5200ms (fallback to raft.server.rpc.timeout.max)
2024-02-27 07:42:32,871 [e71dbbe0-7268-4d86-ba43-abc421df11cb-groupManagement] INFO  server.RaftServerConfigKeys (ConfUtils.java:logGet(46)) - raft.server.snapshot.trigger-when-stop.enabled = true (default)
2024-02-27 07:42:32,872 [e71dbbe0-7268-4d86-ba43-abc421df11cb-groupManagement] INFO  server.RaftServerConfigKeys (ConfUtils.java:logGet(46)) - raft.server.snapshot.auto.trigger.enabled = true (custom)
2024-02-27 07:42:32,872 [e71dbbe0-7268-4d86-ba43-abc421df11cb-groupManagement] INFO  server.RaftServerConfigKeys (ConfUtils.java:logGet(46)) - raft.server.snapshot.auto.trigger.threshold = 10000 (custom)
2024-02-27 07:42:32,872 [e71dbbe0-7268-4d86-ba43-abc421df11cb-groupManagement] INFO  server.RaftServerConfigKeys (ConfUtils.java:logGet(46)) - raft.server.snapshot.retention.file.num = 5 (custom)
2024-02-27 07:42:32,872 [e71dbbe0-7268-4d86-ba43-abc421df11cb-groupManagement] INFO  server.RaftServerConfigKeys (ConfUtils.java:logGet(46)) - raft.server.log.purge.upto.snapshot.index = false (default)
2024-02-27 07:42:32,883 [grpc-default-executor-2] INFO  server.RaftServer (RaftServerProxy.java:addNew(100)) - 7cccb36f-9418-4bb0-9e1b-7711a01d9c69: addNew group-410B0000E8A0:[e71dbbe0-7268-4d86-ba43-abc421df11cb|10.1.0.19:15117, 7cccb36f-9418-4bb0-9e1b-7711a01d9c69|10.1.0.19:15126, 2fdf9b97-f8e3-478e-95f7-818a752c939a|10.1.0.19:15108] returns group-410B0000E8A0:java.util.concurrent.CompletableFuture@6524e0ad[Not completed]
2024-02-27 07:42:32,883 [7cccb36f-9418-4bb0-9e1b-7711a01d9c69-groupManagement] INFO  server.RaftServer$Division (RaftServerImpl.java:<init>(256)) - 7cccb36f-9418-4bb0-9e1b-7711a01d9c69: new RaftServerImpl for group-410B0000E8A0:[e71dbbe0-7268-4d86-ba43-abc421df11cb|10.1.0.19:15117, 7cccb36f-9418-4bb0-9e1b-7711a01d9c69|10.1.0.19:15126, 2fdf9b97-f8e3-478e-95f7-818a752c939a|10.1.0.19:15108] with ContainerStateMachine:uninitialized
2024-02-27 07:42:32,884 [7cccb36f-9418-4bb0-9e1b-7711a01d9c69-groupManagement] INFO  server.RaftServerConfigKeys (ConfUtils.java:logGet(46)) - raft.server.rpc.timeout.min = 5s (custom)
2024-02-27 07:42:32,884 [7cccb36f-9418-4bb0-9e1b-7711a01d9c69-groupManagement] INFO  server.RaftServerConfigKeys (ConfUtils.java:logGet(46)) - raft.server.rpc.timeout.max = 5200ms (custom)
2024-02-27 07:42:32,884 [7cccb36f-9418-4bb0-9e1b-7711a01d9c69-groupManagement] INFO  server.RaftServerConfigKeys (ConfUtils.java:logGet(46)) - raft.server.rpc.sleep.time = 25ms (default)
2024-02-27 07:42:32,884 [7cccb36f-9418-4bb0-9e1b-7711a01d9c69-groupManagement] INFO  server.RaftServerConfigKeys (ConfUtils.java:logGet(46)) - raft.server.rpc.slowness.timeout = 300s (custom)
2024-02-27 07:42:32,884 [7cccb36f-9418-4bb0-9e1b-7711a01d9c69-groupManagement] INFO  server.RaftServerConfigKeys (ConfUtils.java:logGet(46)) - raft.server.leaderelection.leader.step-down.wait-time = 10s (default)
2024-02-27 07:42:32,884 [7cccb36f-9418-4bb0-9e1b-7711a01d9c69-groupManagement] INFO  server.RaftServerConfigKeys (ConfUtils.java:logGet(46)) - raft.server.leaderelection.member.majority-add = false (default)
2024-02-27 07:42:32,884 [7cccb36f-9418-4bb0-9e1b-7711a01d9c69-groupManagement] INFO  server.RaftServerConfigKeys (ConfUtils.java:logGet(46)) - raft.server.sleep.deviation.threshold = 300ms (default)
2024-02-27 07:42:32,884 [7cccb36f-9418-4bb0-9e1b-7711a01d9c69-groupManagement] INFO  server.RaftServer$Division (ServerState.java:<init>(113)) - 7cccb36f-9418-4bb0-9e1b-7711a01d9c69@group-410B0000E8A0: ConfigurationManager, init=-1: peers:[e71dbbe0-7268-4d86-ba43-abc421df11cb|10.1.0.19:15117, 7cccb36f-9418-4bb0-9e1b-7711a01d9c69|10.1.0.19:15126, 2fdf9b97-f8e3-478e-95f7-818a752c939a|10.1.0.19:15108]|listeners:[], old=null, confs=<EMPTY_MAP>
2024-02-27 07:42:32,884 [7cccb36f-9418-4bb0-9e1b-7711a01d9c69-groupManagement] INFO  server.RaftServerConfigKeys (ConfUtils.java:logGet(46)) - raft.server.notification.no-leader.timeout = 300s (custom)
2024-02-27 07:42:32,884 [7cccb36f-9418-4bb0-9e1b-7711a01d9c69-groupManagement] INFO  server.RaftServerConfigKeys (ConfUtils.java:logGet(46)) - raft.server.read.timeout = 10s (default)
2024-02-27 07:42:32,884 [7cccb36f-9418-4bb0-9e1b-7711a01d9c69-groupManagement] INFO  server.RaftServerConfigKeys (ConfUtils.java:logGet(46)) - raft.server.retrycache.expirytime = 600000ms (custom)
2024-02-27 07:42:32,884 [7cccb36f-9418-4bb0-9e1b-7711a01d9c69-groupManagement] INFO  server.RaftServerConfigKeys (ConfUtils.java:logGet(46)) - raft.server.retrycache.statistics.expirytime = 100ms (default)
2024-02-27 07:42:32,884 [7cccb36f-9418-4bb0-9e1b-7711a01d9c69-groupManagement] INFO  server.RaftServerConfigKeys (ConfUtils.java:logGet(46)) - raft.server.read.option = DEFAULT (default)
2024-02-27 07:42:32,884 [7cccb36f-9418-4bb0-9e1b-7711a01d9c69-groupManagement] INFO  server.RaftServerConfigKeys (ConfUtils.java:logGet(46)) - raft.server.read.read-after-write-consistent.write-index-cache.expiry-time = 60s (default)
2024-02-27 07:42:32,885 [7cccb36f-9418-4bb0-9e1b-7711a01d9c69-groupManagement] INFO  server.RaftServerConfigKeys (ConfUtils.java:logGet(46)) - raft.server.rpc.request.timeout = 60s (custom)
2024-02-27 07:42:32,885 [7cccb36f-9418-4bb0-9e1b-7711a01d9c69-groupManagement] INFO  server.RaftServerConfigKeys (ConfUtils.java:logGet(46)) - raft.server.log.appender.install.snapshot.enabled = false (custom)
2024-02-27 07:42:32,885 [7cccb36f-9418-4bb0-9e1b-7711a01d9c69-groupManagement] INFO  server.RaftServerConfigKeys (ConfUtils.java:logGet(46)) - raft.server.threadpool.server.cached = true (default)
2024-02-27 07:42:32,886 [7cccb36f-9418-4bb0-9e1b-7711a01d9c69-groupManagement] INFO  server.RaftServerConfigKeys (ConfUtils.java:logGet(46)) - raft.server.threadpool.server.size = 0 (default)
2024-02-27 07:42:32,886 [7cccb36f-9418-4bb0-9e1b-7711a01d9c69-groupManagement] INFO  server.RaftServerConfigKeys (ConfUtils.java:logGet(46)) - raft.server.threadpool.client.cached = true (default)
2024-02-27 07:42:32,886 [7cccb36f-9418-4bb0-9e1b-7711a01d9c69-groupManagement] INFO  server.RaftServerConfigKeys (ConfUtils.java:logGet(46)) - raft.server.threadpool.client.size = 0 (default)
2024-02-27 07:42:32,886 [7cccb36f-9418-4bb0-9e1b-7711a01d9c69-groupManagement] INFO  server.RaftServerConfigKeys (ConfUtils.java:logGet(46)) - raft.server.storage.free-space.min = 0MB (=0) (default)
2024-02-27 07:42:32,886 [7cccb36f-9418-4bb0-9e1b-7711a01d9c69-groupManagement] INFO  server.RaftServerConfigKeys (ConfUtils.java:logGet(46)) - raft.server.log.corruption.policy = EXCEPTION (default)
2024-02-27 07:42:32,886 [7cccb36f-9418-4bb0-9e1b-7711a01d9c69-groupManagement] INFO  server.RaftServerConfigKeys (ConfUtils.java:logGet(46)) - raft.server.storage.dir = [/home/runner/work/ozone/ozone/hadoop-ozone/integration-test/target/test-dir/MiniOzoneClusterImpl-107870c4-38da-4dee-ace8-876b8e06d1b5/ozone-meta/datanode-3/ratis] (custom)
2024-02-27 07:42:32,886 [7cccb36f-9418-4bb0-9e1b-7711a01d9c69-groupManagement] INFO  storage.RaftStorageDirectory (RaftStorageDirectoryImpl.java:analyzeStorage(138)) - The storage directory /home/runner/work/ozone/ozone/hadoop-ozone/integration-test/target/test-dir/MiniOzoneClusterImpl-107870c4-38da-4dee-ace8-876b8e06d1b5/ozone-meta/datanode-3/ratis/35c7d413-be29-4b1c-80d7-410b0000e8a0 does not exist. Creating ...
2024-02-27 07:42:32,887 [7cccb36f-9418-4bb0-9e1b-7711a01d9c69-groupManagement] INFO  storage.RaftStorageDirectory (RaftStorageDirectoryImpl.java:tryLock(228)) - Lock on /home/runner/work/ozone/ozone/hadoop-ozone/integration-test/target/test-dir/MiniOzoneClusterImpl-107870c4-38da-4dee-ace8-876b8e06d1b5/ozone-meta/datanode-3/ratis/35c7d413-be29-4b1c-80d7-410b0000e8a0/in_use.lock acquired by nodename 40924@fv-az699-61
2024-02-27 07:42:32,888 [7cccb36f-9418-4bb0-9e1b-7711a01d9c69-groupManagement] INFO  storage.RaftStorage (RaftStorageImpl.java:format(99)) - Storage directory /home/runner/work/ozone/ozone/hadoop-ozone/integration-test/target/test-dir/MiniOzoneClusterImpl-107870c4-38da-4dee-ace8-876b8e06d1b5/ozone-meta/datanode-3/ratis/35c7d413-be29-4b1c-80d7-410b0000e8a0 has been successfully formatted.
2024-02-27 07:42:32,888 [7cccb36f-9418-4bb0-9e1b-7711a01d9c69-groupManagement] WARN  util.FileUtils (LogUtils.java:supplyAndLog(63)) - Failed to Files.newInputStream /home/runner/work/ozone/ozone/hadoop-ozone/integration-test/target/test-dir/MiniOzoneClusterImpl-107870c4-38da-4dee-ace8-876b8e06d1b5/ozone-meta/datanode-3/ratis/35c7d413-be29-4b1c-80d7-410b0000e8a0/current/raft-meta.conf with options []: java.nio.file.NoSuchFileException: /home/runner/work/ozone/ozone/hadoop-ozone/integration-test/target/test-dir/MiniOzoneClusterImpl-107870c4-38da-4dee-ace8-876b8e06d1b5/ozone-meta/datanode-3/ratis/35c7d413-be29-4b1c-80d7-410b0000e8a0/current/raft-meta.conf
2024-02-27 07:42:32,889 [7cccb36f-9418-4bb0-9e1b-7711a01d9c69-groupManagement] INFO  ratis.ContainerStateMachine (ContainerStateMachine.java:loadSnapshot(287)) - group-410B0000E8A0: The snapshot info is null. Setting the last applied index to:(t:0, i:~)
2024-02-27 07:42:32,889 [7cccb36f-9418-4bb0-9e1b-7711a01d9c69-groupManagement] INFO  server.RaftServerConfigKeys (ConfUtils.java:logGet(46)) - raft.server.log.use.memory = false (default)
2024-02-27 07:42:32,889 [7cccb36f-9418-4bb0-9e1b-7711a01d9c69-groupManagement] INFO  server.RaftServerConfigKeys (ConfUtils.java:logGet(46)) - raft.server.log.purge.gap = 1000000 (custom)
2024-02-27 07:42:32,889 [7cccb36f-9418-4bb0-9e1b-7711a01d9c69-groupManagement] INFO  server.RaftServerConfigKeys (ConfUtils.java:logGet(46)) - raft.server.log.appender.buffer.byte-limit = 8388608 (custom)
2024-02-27 07:42:32,889 [7cccb36f-9418-4bb0-9e1b-7711a01d9c69-groupManagement] INFO  server.RaftServerConfigKeys (ConfUtils.java:logGet(46)) - raft.server.log.statemachine.data.read.timeout = 1000ms (default)
2024-02-27 07:42:32,889 [7cccb36f-9418-4bb0-9e1b-7711a01d9c69-groupManagement] INFO  server.RaftServerConfigKeys (ConfUtils.java:logGet(46)) - raft.server.log.purge.preservation.log.num = 0 (default)
2024-02-27 07:42:32,890 [7cccb36f-9418-4bb0-9e1b-7711a01d9c69-groupManagement] INFO  server.RaftServerConfigKeys (ConfUtils.java:logGet(46)) - raft.server.log.segment.size.max = 67108864 (custom)
2024-02-27 07:42:32,890 [7cccb36f-9418-4bb0-9e1b-7711a01d9c69-groupManagement] INFO  server.RaftServerConfigKeys (ConfUtils.java:logGet(46)) - raft.server.log.segment.cache.num.max = 2 (custom)
2024-02-27 07:42:32,890 [7cccb36f-9418-4bb0-9e1b-7711a01d9c69-groupManagement] INFO  server.RaftServerConfigKeys (ConfUtils.java:logGet(46)) - raft.server.log.segment.cache.size.max = 200MB (=209715200) (default)
2024-02-27 07:42:32,890 [7cccb36f-9418-4bb0-9e1b-7711a01d9c69-groupManagement] INFO  server.RaftServerConfigKeys (ConfUtils.java:logGet(46)) - raft.server.log.appender.buffer.byte-limit = 8388608 (custom)
2024-02-27 07:42:32,891 [7cccb36f-9418-4bb0-9e1b-7711a01d9c69-groupManagement] INFO  util.AwaitToRun (AwaitToRun.java:start(81)) - Thread[7cccb36f-9418-4bb0-9e1b-7711a01d9c69@group-410B0000E8A0-cacheEviction-AwaitToRun,5,main] started
2024-02-27 07:42:32,891 [7cccb36f-9418-4bb0-9e1b-7711a01d9c69-groupManagement] INFO  segmented.SegmentedRaftLogWorker (SegmentedRaftLogWorker.java:<init>(182)) - new 7cccb36f-9418-4bb0-9e1b-7711a01d9c69@group-410B0000E8A0-SegmentedRaftLogWorker for RaftStorageImpl:Storage Directory /home/runner/work/ozone/ozone/hadoop-ozone/integration-test/target/test-dir/MiniOzoneClusterImpl-107870c4-38da-4dee-ace8-876b8e06d1b5/ozone-meta/datanode-3/ratis/35c7d413-be29-4b1c-80d7-410b0000e8a0
2024-02-27 07:42:32,891 [7cccb36f-9418-4bb0-9e1b-7711a01d9c69-groupManagement] INFO  server.RaftServerConfigKeys (ConfUtils.java:logGet(46)) - raft.server.log.queue.byte-limit = 4294967296 (custom)
2024-02-27 07:42:32,891 [7cccb36f-9418-4bb0-9e1b-7711a01d9c69-groupManagement] INFO  server.RaftServerConfigKeys (ConfUtils.java:logGet(46)) - raft.server.log.queue.element-limit = 1024 (custom)
2024-02-27 07:42:32,891 [7cccb36f-9418-4bb0-9e1b-7711a01d9c69-groupManagement] INFO  server.RaftServerConfigKeys (ConfUtils.java:logGet(46)) - raft.server.log.segment.size.max = 67108864 (custom)
2024-02-27 07:42:32,891 [7cccb36f-9418-4bb0-9e1b-7711a01d9c69-groupManagement] INFO  server.RaftServerConfigKeys (ConfUtils.java:logGet(46)) - raft.server.log.preallocated.size = 4194304 (custom)
2024-02-27 07:42:32,891 [7cccb36f-9418-4bb0-9e1b-7711a01d9c69-groupManagement] INFO  server.RaftServerConfigKeys (ConfUtils.java:logGet(46)) - raft.server.log.force.sync.num = 128 (default)
2024-02-27 07:42:32,891 [7cccb36f-9418-4bb0-9e1b-7711a01d9c69-groupManagement] INFO  server.RaftServerConfigKeys (ConfUtils.java:logGet(46)) - raft.server.log.statemachine.data.sync = true (default)
2024-02-27 07:42:32,891 [7cccb36f-9418-4bb0-9e1b-7711a01d9c69-groupManagement] INFO  server.RaftServerConfigKeys (ConfUtils.java:logGet(46)) - raft.server.log.statemachine.data.sync.timeout = 10s (default)
2024-02-27 07:42:32,891 [7cccb36f-9418-4bb0-9e1b-7711a01d9c69-groupManagement] INFO  server.RaftServerConfigKeys (ConfUtils.java:logGet(46)) - raft.server.log.statemachine.data.sync.timeout.retry = 0 (custom)
2024-02-27 07:42:32,891 [7cccb36f-9418-4bb0-9e1b-7711a01d9c69-groupManagement] INFO  server.RaftServerConfigKeys (ConfUtils.java:logGet(46)) - raft.server.log.write.buffer.size = 8388616 (custom)
2024-02-27 07:42:32,892 [7cccb36f-9418-4bb0-9e1b-7711a01d9c69-groupManagement] INFO  server.RaftServerConfigKeys (ConfUtils.java:logGet(46)) - raft.server.log.appender.buffer.byte-limit = 8388608 (custom)
2024-02-27 07:42:32,893 [7cccb36f-9418-4bb0-9e1b-7711a01d9c69-groupManagement] INFO  server.RaftServerConfigKeys (ConfUtils.java:logGet(46)) - raft.server.log.unsafe-flush.enabled = false (default)
2024-02-27 07:42:32,893 [7cccb36f-9418-4bb0-9e1b-7711a01d9c69-groupManagement] INFO  server.RaftServerConfigKeys (ConfUtils.java:logGet(46)) - raft.server.log.async-flush.enabled = false (default)
2024-02-27 07:42:32,893 [7cccb36f-9418-4bb0-9e1b-7711a01d9c69-groupManagement] INFO  server.RaftServerConfigKeys (ConfUtils.java:logGet(46)) - raft.server.log.statemachine.data.caching.enabled = true (custom)
2024-02-27 07:42:32,893 [7cccb36f-9418-4bb0-9e1b-7711a01d9c69-groupManagement] INFO  segmented.SegmentedRaftLogWorker (SegmentedRaftLogWorker.java:lambda$new$0(134)) - 7cccb36f-9418-4bb0-9e1b-7711a01d9c69@group-410B0000E8A0-SegmentedRaftLogWorker: flushIndex: setUnconditionally 0 -> -1
2024-02-27 07:42:32,893 [7cccb36f-9418-4bb0-9e1b-7711a01d9c69-groupManagement] INFO  segmented.SegmentedRaftLogWorker (SegmentedRaftLogWorker.java:lambda$new$0(134)) - 7cccb36f-9418-4bb0-9e1b-7711a01d9c69@group-410B0000E8A0-SegmentedRaftLogWorker: safeCacheEvictIndex: setUnconditionally 0 -> -1
2024-02-27 07:42:32,893 [7cccb36f-9418-4bb0-9e1b-7711a01d9c69-groupManagement] INFO  server.RaftServer$Division (RaftServerImpl.java:start(396)) - 7cccb36f-9418-4bb0-9e1b-7711a01d9c69@group-410B0000E8A0: start as a follower, conf=-1: peers:[e71dbbe0-7268-4d86-ba43-abc421df11cb|10.1.0.19:15117, 7cccb36f-9418-4bb0-9e1b-7711a01d9c69|10.1.0.19:15126, 2fdf9b97-f8e3-478e-95f7-818a752c939a|10.1.0.19:15108]|listeners:[], old=null
2024-02-27 07:42:32,893 [7cccb36f-9418-4bb0-9e1b-7711a01d9c69-groupManagement] INFO  server.RaftServer$Division (RaftServerImpl.java:setRole(383)) - 7cccb36f-9418-4bb0-9e1b-7711a01d9c69@group-410B0000E8A0: changes role from      null to FOLLOWER at term 0 for startAsFollower
2024-02-27 07:42:32,893 [7cccb36f-9418-4bb0-9e1b-7711a01d9c69-groupManagement] INFO  impl.RoleInfo (RoleInfo.java:updateAndGet(139)) - 7cccb36f-9418-4bb0-9e1b-7711a01d9c69: start 7cccb36f-9418-4bb0-9e1b-7711a01d9c69@group-410B0000E8A0-FollowerState
2024-02-27 07:42:32,893 [7cccb36f-9418-4bb0-9e1b-7711a01d9c69@group-410B0000E8A0-FollowerState] INFO  server.RaftServerConfigKeys (ConfUtils.java:logFallback(53)) - raft.server.rpc.first-election.timeout.min = 5s (fallback to raft.server.rpc.timeout.min)
2024-02-27 07:42:32,893 [7cccb36f-9418-4bb0-9e1b-7711a01d9c69-groupManagement] INFO  util.JmxRegister (JmxRegister.java:tryRegister(44)) - Successfully registered JMX Bean with object name Ratis:service=RaftServer,group=group-410B0000E8A0,id=7cccb36f-9418-4bb0-9e1b-7711a01d9c69
2024-02-27 07:42:32,894 [7cccb36f-9418-4bb0-9e1b-7711a01d9c69-groupManagement] INFO  server.RaftServerConfigKeys (ConfUtils.java:logGet(46)) - raft.server.snapshot.trigger-when-stop.enabled = true (default)
2024-02-27 07:42:32,894 [7cccb36f-9418-4bb0-9e1b-7711a01d9c69-groupManagement] INFO  server.RaftServerConfigKeys (ConfUtils.java:logGet(46)) - raft.server.snapshot.auto.trigger.enabled = true (custom)
2024-02-27 07:42:32,894 [7cccb36f-9418-4bb0-9e1b-7711a01d9c69-groupManagement] INFO  server.RaftServerConfigKeys (ConfUtils.java:logGet(46)) - raft.server.snapshot.auto.trigger.threshold = 10000 (custom)
2024-02-27 07:42:32,894 [7cccb36f-9418-4bb0-9e1b-7711a01d9c69-groupManagement] INFO  server.RaftServerConfigKeys (ConfUtils.java:logGet(46)) - raft.server.snapshot.retention.file.num = 5 (custom)
2024-02-27 07:42:32,894 [7cccb36f-9418-4bb0-9e1b-7711a01d9c69-groupManagement] INFO  server.RaftServerConfigKeys (ConfUtils.java:logGet(46)) - raft.server.log.purge.upto.snapshot.index = false (default)
2024-02-27 07:42:32,894 [7cccb36f-9418-4bb0-9e1b-7711a01d9c69@group-410B0000E8A0-FollowerState] INFO  server.RaftServerConfigKeys (ConfUtils.java:logFallback(53)) - raft.server.rpc.first-election.timeout.max = 5200ms (fallback to raft.server.rpc.timeout.max)
2024-02-27 07:42:32,899 [2fdf9b97-f8e3-478e-95f7-818a752c939a-PipelineCommandHandlerThread-0] INFO  commandhandler.CreatePipelineCommandHandler (CreatePipelineCommandHandler.java:lambda$handle$2(124)) - Created Pipeline RATIS THREE PipelineID=35c7d413-be29-4b1c-80d7-410b0000e8a0.
2024-02-27 07:42:32,899 [2fdf9b97-f8e3-478e-95f7-818a752c939a-PipelineCommandHandlerThread-0] INFO  server.RaftServer (RaftServerProxy.java:addNew(100)) - 2fdf9b97-f8e3-478e-95f7-818a752c939a: addNew group-187E1466B7F4:[e71dbbe0-7268-4d86-ba43-abc421df11cb|10.1.0.19:15117, 7cccb36f-9418-4bb0-9e1b-7711a01d9c69|10.1.0.19:15126, 2fdf9b97-f8e3-478e-95f7-818a752c939a|10.1.0.19:15108] returns group-187E1466B7F4:java.util.concurrent.CompletableFuture@523b5b14[Not completed]
2024-02-27 07:42:32,900 [2fdf9b97-f8e3-478e-95f7-818a752c939a-groupManagement] INFO  server.RaftServer$Division (RaftServerImpl.java:<init>(256)) - 2fdf9b97-f8e3-478e-95f7-818a752c939a: new RaftServerImpl for group-187E1466B7F4:[e71dbbe0-7268-4d86-ba43-abc421df11cb|10.1.0.19:15117, 7cccb36f-9418-4bb0-9e1b-7711a01d9c69|10.1.0.19:15126, 2fdf9b97-f8e3-478e-95f7-818a752c939a|10.1.0.19:15108] with ContainerStateMachine:uninitialized
2024-02-27 07:42:32,900 [2fdf9b97-f8e3-478e-95f7-818a752c939a-groupManagement] INFO  server.RaftServerConfigKeys (ConfUtils.java:logGet(46)) - raft.server.rpc.timeout.min = 5s (custom)
2024-02-27 07:42:32,900 [2fdf9b97-f8e3-478e-95f7-818a752c939a-groupManagement] INFO  server.RaftServerConfigKeys (ConfUtils.java:logGet(46)) - raft.server.rpc.timeout.max = 5200ms (custom)
2024-02-27 07:42:32,900 [2fdf9b97-f8e3-478e-95f7-818a752c939a-groupManagement] INFO  server.RaftServerConfigKeys (ConfUtils.java:logGet(46)) - raft.server.rpc.sleep.time = 25ms (default)
2024-02-27 07:42:32,900 [2fdf9b97-f8e3-478e-95f7-818a752c939a-groupManagement] INFO  server.RaftServerConfigKeys (ConfUtils.java:logGet(46)) - raft.server.rpc.slowness.timeout = 300s (custom)
2024-02-27 07:42:32,900 [2fdf9b97-f8e3-478e-95f7-818a752c939a-groupManagement] INFO  server.RaftServerConfigKeys (ConfUtils.java:logGet(46)) - raft.server.leaderelection.leader.step-down.wait-time = 10s (default)
2024-02-27 07:42:32,900 [2fdf9b97-f8e3-478e-95f7-818a752c939a-groupManagement] INFO  server.RaftServerConfigKeys (ConfUtils.java:logGet(46)) - raft.server.leaderelection.member.majority-add = false (default)
2024-02-27 07:42:32,900 [2fdf9b97-f8e3-478e-95f7-818a752c939a-groupManagement] INFO  server.RaftServerConfigKeys (ConfUtils.java:logGet(46)) - raft.server.sleep.deviation.threshold = 300ms (default)
2024-02-27 07:42:32,900 [2fdf9b97-f8e3-478e-95f7-818a752c939a-groupManagement] INFO  server.RaftServer$Division (ServerState.java:<init>(113)) - 2fdf9b97-f8e3-478e-95f7-818a752c939a@group-187E1466B7F4: ConfigurationManager, init=-1: peers:[e71dbbe0-7268-4d86-ba43-abc421df11cb|10.1.0.19:15117, 7cccb36f-9418-4bb0-9e1b-7711a01d9c69|10.1.0.19:15126, 2fdf9b97-f8e3-478e-95f7-818a752c939a|10.1.0.19:15108]|listeners:[], old=null, confs=<EMPTY_MAP>
2024-02-27 07:42:32,900 [2fdf9b97-f8e3-478e-95f7-818a752c939a-groupManagement] INFO  server.RaftServerConfigKeys (ConfUtils.java:logGet(46)) - raft.server.notification.no-leader.timeout = 300s (custom)
2024-02-27 07:42:32,900 [2fdf9b97-f8e3-478e-95f7-818a752c939a-groupManagement] INFO  server.RaftServerConfigKeys (ConfUtils.java:logGet(46)) - raft.server.read.timeout = 10s (default)
2024-02-27 07:42:32,900 [2fdf9b97-f8e3-478e-95f7-818a752c939a-groupManagement] INFO  server.RaftServerConfigKeys (ConfUtils.java:logGet(46)) - raft.server.retrycache.expirytime = 600000ms (custom)
2024-02-27 07:42:32,900 [2fdf9b97-f8e3-478e-95f7-818a752c939a-groupManagement] INFO  server.RaftServerConfigKeys (ConfUtils.java:logGet(46)) - raft.server.retrycache.statistics.expirytime = 100ms (default)
2024-02-27 07:42:32,900 [2fdf9b97-f8e3-478e-95f7-818a752c939a-groupManagement] INFO  server.RaftServerConfigKeys (ConfUtils.java:logGet(46)) - raft.server.read.option = DEFAULT (default)
2024-02-27 07:42:32,900 [2fdf9b97-f8e3-478e-95f7-818a752c939a-groupManagement] INFO  server.RaftServerConfigKeys (ConfUtils.java:logGet(46)) - raft.server.read.read-after-write-consistent.write-index-cache.expiry-time = 60s (default)
2024-02-27 07:42:32,902 [2fdf9b97-f8e3-478e-95f7-818a752c939a-groupManagement] INFO  server.RaftServerConfigKeys (ConfUtils.java:logGet(46)) - raft.server.rpc.request.timeout = 60s (custom)
2024-02-27 07:42:32,902 [2fdf9b97-f8e3-478e-95f7-818a752c939a-groupManagement] INFO  server.RaftServerConfigKeys (ConfUtils.java:logGet(46)) - raft.server.log.appender.install.snapshot.enabled = false (custom)
2024-02-27 07:42:32,902 [2fdf9b97-f8e3-478e-95f7-818a752c939a-groupManagement] INFO  server.RaftServerConfigKeys (ConfUtils.java:logGet(46)) - raft.server.threadpool.server.cached = true (default)
2024-02-27 07:42:32,902 [2fdf9b97-f8e3-478e-95f7-818a752c939a-groupManagement] INFO  server.RaftServerConfigKeys (ConfUtils.java:logGet(46)) - raft.server.threadpool.server.size = 0 (default)
2024-02-27 07:42:32,902 [2fdf9b97-f8e3-478e-95f7-818a752c939a-groupManagement] INFO  server.RaftServerConfigKeys (ConfUtils.java:logGet(46)) - raft.server.threadpool.client.cached = true (default)
2024-02-27 07:42:32,902 [2fdf9b97-f8e3-478e-95f7-818a752c939a-groupManagement] INFO  server.RaftServerConfigKeys (ConfUtils.java:logGet(46)) - raft.server.threadpool.client.size = 0 (default)
2024-02-27 07:42:32,902 [2fdf9b97-f8e3-478e-95f7-818a752c939a-groupManagement] INFO  server.RaftServerConfigKeys (ConfUtils.java:logGet(46)) - raft.server.storage.free-space.min = 0MB (=0) (default)
2024-02-27 07:42:32,902 [2fdf9b97-f8e3-478e-95f7-818a752c939a-groupManagement] INFO  server.RaftServerConfigKeys (ConfUtils.java:logGet(46)) - raft.server.log.corruption.policy = EXCEPTION (default)
2024-02-27 07:42:32,902 [2fdf9b97-f8e3-478e-95f7-818a752c939a-groupManagement] INFO  server.RaftServerConfigKeys (ConfUtils.java:logGet(46)) - raft.server.storage.dir = [/home/runner/work/ozone/ozone/hadoop-ozone/integration-test/target/test-dir/MiniOzoneClusterImpl-107870c4-38da-4dee-ace8-876b8e06d1b5/ozone-meta/datanode-1/ratis] (custom)
2024-02-27 07:42:32,902 [2fdf9b97-f8e3-478e-95f7-818a752c939a-groupManagement] INFO  storage.RaftStorageDirectory (RaftStorageDirectoryImpl.java:analyzeStorage(138)) - The storage directory /home/runner/work/ozone/ozone/hadoop-ozone/integration-test/target/test-dir/MiniOzoneClusterImpl-107870c4-38da-4dee-ace8-876b8e06d1b5/ozone-meta/datanode-1/ratis/d92e2656-d2ed-43df-9aad-187e1466b7f4 does not exist. Creating ...
2024-02-27 07:42:32,903 [2fdf9b97-f8e3-478e-95f7-818a752c939a-groupManagement] INFO  storage.RaftStorageDirectory (RaftStorageDirectoryImpl.java:tryLock(228)) - Lock on /home/runner/work/ozone/ozone/hadoop-ozone/integration-test/target/test-dir/MiniOzoneClusterImpl-107870c4-38da-4dee-ace8-876b8e06d1b5/ozone-meta/datanode-1/ratis/d92e2656-d2ed-43df-9aad-187e1466b7f4/in_use.lock acquired by nodename 40924@fv-az699-61
2024-02-27 07:42:32,904 [2fdf9b97-f8e3-478e-95f7-818a752c939a-groupManagement] INFO  storage.RaftStorage (RaftStorageImpl.java:format(99)) - Storage directory /home/runner/work/ozone/ozone/hadoop-ozone/integration-test/target/test-dir/MiniOzoneClusterImpl-107870c4-38da-4dee-ace8-876b8e06d1b5/ozone-meta/datanode-1/ratis/d92e2656-d2ed-43df-9aad-187e1466b7f4 has been successfully formatted.
2024-02-27 07:42:32,904 [2fdf9b97-f8e3-478e-95f7-818a752c939a-groupManagement] WARN  util.FileUtils (LogUtils.java:supplyAndLog(63)) - Failed to Files.newInputStream /home/runner/work/ozone/ozone/hadoop-ozone/integration-test/target/test-dir/MiniOzoneClusterImpl-107870c4-38da-4dee-ace8-876b8e06d1b5/ozone-meta/datanode-1/ratis/d92e2656-d2ed-43df-9aad-187e1466b7f4/current/raft-meta.conf with options []: java.nio.file.NoSuchFileException: /home/runner/work/ozone/ozone/hadoop-ozone/integration-test/target/test-dir/MiniOzoneClusterImpl-107870c4-38da-4dee-ace8-876b8e06d1b5/ozone-meta/datanode-1/ratis/d92e2656-d2ed-43df-9aad-187e1466b7f4/current/raft-meta.conf
2024-02-27 07:42:32,905 [2fdf9b97-f8e3-478e-95f7-818a752c939a-groupManagement] INFO  ratis.ContainerStateMachine (ContainerStateMachine.java:loadSnapshot(287)) - group-187E1466B7F4: The snapshot info is null. Setting the last applied index to:(t:0, i:~)
2024-02-27 07:42:32,905 [2fdf9b97-f8e3-478e-95f7-818a752c939a-groupManagement] INFO  server.RaftServerConfigKeys (ConfUtils.java:logGet(46)) - raft.server.log.use.memory = false (default)
2024-02-27 07:42:32,905 [2fdf9b97-f8e3-478e-95f7-818a752c939a-groupManagement] INFO  server.RaftServerConfigKeys (ConfUtils.java:logGet(46)) - raft.server.log.purge.gap = 1000000 (custom)
2024-02-27 07:42:32,905 [2fdf9b97-f8e3-478e-95f7-818a752c939a-groupManagement] INFO  server.RaftServerConfigKeys (ConfUtils.java:logGet(46)) - raft.server.log.appender.buffer.byte-limit = 8388608 (custom)
2024-02-27 07:42:32,905 [2fdf9b97-f8e3-478e-95f7-818a752c939a-groupManagement] INFO  server.RaftServerConfigKeys (ConfUtils.java:logGet(46)) - raft.server.log.statemachine.data.read.timeout = 1000ms (default)
2024-02-27 07:42:32,905 [2fdf9b97-f8e3-478e-95f7-818a752c939a-groupManagement] INFO  server.RaftServerConfigKeys (ConfUtils.java:logGet(46)) - raft.server.log.purge.preservation.log.num = 0 (default)
2024-02-27 07:42:32,905 [EventQueue-OpenPipelineForHealthyPipelineSafeModeRule] INFO  safemode.SCMSafeModeManager (HealthyPipelineSafeModeRule.java:process(140)) - SCM in safe mode. Healthy pipelines reported count is 0, required healthy pipeline reported count is 1
2024-02-27 07:42:32,906 [2fdf9b97-f8e3-478e-95f7-818a752c939a-groupManagement] INFO  server.RaftServerConfigKeys (ConfUtils.java:logGet(46)) - raft.server.log.segment.size.max = 67108864 (custom)
2024-02-27 07:42:32,906 [2fdf9b97-f8e3-478e-95f7-818a752c939a-groupManagement] INFO  server.RaftServerConfigKeys (ConfUtils.java:logGet(46)) - raft.server.log.segment.cache.num.max = 2 (custom)
2024-02-27 07:42:32,906 [2fdf9b97-f8e3-478e-95f7-818a752c939a-groupManagement] INFO  server.RaftServerConfigKeys (ConfUtils.java:logGet(46)) - raft.server.log.segment.cache.size.max = 200MB (=209715200) (default)
2024-02-27 07:42:32,906 [2fdf9b97-f8e3-478e-95f7-818a752c939a-groupManagement] INFO  server.RaftServerConfigKeys (ConfUtils.java:logGet(46)) - raft.server.log.appender.buffer.byte-limit = 8388608 (custom)
2024-02-27 07:42:32,907 [2fdf9b97-f8e3-478e-95f7-818a752c939a-groupManagement] INFO  util.AwaitToRun (AwaitToRun.java:start(81)) - Thread[2fdf9b97-f8e3-478e-95f7-818a752c939a@group-187E1466B7F4-cacheEviction-AwaitToRun,5,main] started
2024-02-27 07:42:32,907 [2fdf9b97-f8e3-478e-95f7-818a752c939a-groupManagement] INFO  segmented.SegmentedRaftLogWorker (SegmentedRaftLogWorker.java:<init>(182)) - new 2fdf9b97-f8e3-478e-95f7-818a752c939a@group-187E1466B7F4-SegmentedRaftLogWorker for RaftStorageImpl:Storage Directory /home/runner/work/ozone/ozone/hadoop-ozone/integration-test/target/test-dir/MiniOzoneClusterImpl-107870c4-38da-4dee-ace8-876b8e06d1b5/ozone-meta/datanode-1/ratis/d92e2656-d2ed-43df-9aad-187e1466b7f4
2024-02-27 07:42:32,907 [2fdf9b97-f8e3-478e-95f7-818a752c939a-groupManagement] INFO  server.RaftServerConfigKeys (ConfUtils.java:logGet(46)) - raft.server.log.queue.byte-limit = 4294967296 (custom)
2024-02-27 07:42:32,907 [2fdf9b97-f8e3-478e-95f7-818a752c939a-groupManagement] INFO  server.RaftServerConfigKeys (ConfUtils.java:logGet(46)) - raft.server.log.queue.element-limit = 1024 (custom)
2024-02-27 07:42:32,907 [2fdf9b97-f8e3-478e-95f7-818a752c939a-groupManagement] INFO  server.RaftServerConfigKeys (ConfUtils.java:logGet(46)) - raft.server.log.segment.size.max = 67108864 (custom)
2024-02-27 07:42:32,907 [2fdf9b97-f8e3-478e-95f7-818a752c939a-groupManagement] INFO  server.RaftServerConfigKeys (ConfUtils.java:logGet(46)) - raft.server.log.preallocated.size = 4194304 (custom)
2024-02-27 07:42:32,907 [2fdf9b97-f8e3-478e-95f7-818a752c939a-groupManagement] INFO  server.RaftServerConfigKeys (ConfUtils.java:logGet(46)) - raft.server.log.force.sync.num = 128 (default)
2024-02-27 07:42:32,907 [2fdf9b97-f8e3-478e-95f7-818a752c939a-groupManagement] INFO  server.RaftServerConfigKeys (ConfUtils.java:logGet(46)) - raft.server.log.statemachine.data.sync = true (default)
2024-02-27 07:42:32,907 [2fdf9b97-f8e3-478e-95f7-818a752c939a-groupManagement] INFO  server.RaftServerConfigKeys (ConfUtils.java:logGet(46)) - raft.server.log.statemachine.data.sync.timeout = 10s (default)
2024-02-27 07:42:32,907 [2fdf9b97-f8e3-478e-95f7-818a752c939a-groupManagement] INFO  server.RaftServerConfigKeys (ConfUtils.java:logGet(46)) - raft.server.log.statemachine.data.sync.timeout.retry = 0 (custom)
2024-02-27 07:42:32,907 [2fdf9b97-f8e3-478e-95f7-818a752c939a-groupManagement] INFO  server.RaftServerConfigKeys (ConfUtils.java:logGet(46)) - raft.server.log.write.buffer.size = 8388616 (custom)
2024-02-27 07:42:32,909 [2fdf9b97-f8e3-478e-95f7-818a752c939a-groupManagement] INFO  server.RaftServerConfigKeys (ConfUtils.java:logGet(46)) - raft.server.log.appender.buffer.byte-limit = 8388608 (custom)
2024-02-27 07:42:32,909 [2fdf9b97-f8e3-478e-95f7-818a752c939a-groupManagement] INFO  server.RaftServerConfigKeys (ConfUtils.java:logGet(46)) - raft.server.log.unsafe-flush.enabled = false (default)
2024-02-27 07:42:32,909 [2fdf9b97-f8e3-478e-95f7-818a752c939a-groupManagement] INFO  server.RaftServerConfigKeys (ConfUtils.java:logGet(46)) - raft.server.log.async-flush.enabled = false (default)
2024-02-27 07:42:32,909 [2fdf9b97-f8e3-478e-95f7-818a752c939a-groupManagement] INFO  server.RaftServerConfigKeys (ConfUtils.java:logGet(46)) - raft.server.log.statemachine.data.caching.enabled = true (custom)
2024-02-27 07:42:32,909 [2fdf9b97-f8e3-478e-95f7-818a752c939a-groupManagement] INFO  segmented.SegmentedRaftLogWorker (SegmentedRaftLogWorker.java:lambda$new$0(134)) - 2fdf9b97-f8e3-478e-95f7-818a752c939a@group-187E1466B7F4-SegmentedRaftLogWorker: flushIndex: setUnconditionally 0 -> -1
2024-02-27 07:42:32,909 [2fdf9b97-f8e3-478e-95f7-818a752c939a-groupManagement] INFO  segmented.SegmentedRaftLogWorker (SegmentedRaftLogWorker.java:lambda$new$0(134)) - 2fdf9b97-f8e3-478e-95f7-818a752c939a@group-187E1466B7F4-SegmentedRaftLogWorker: safeCacheEvictIndex: setUnconditionally 0 -> -1
2024-02-27 07:42:32,913 [2fdf9b97-f8e3-478e-95f7-818a752c939a-groupManagement] INFO  server.RaftServer$Division (RaftServerImpl.java:start(396)) - 2fdf9b97-f8e3-478e-95f7-818a752c939a@group-187E1466B7F4: start as a follower, conf=-1: peers:[e71dbbe0-7268-4d86-ba43-abc421df11cb|10.1.0.19:15117, 7cccb36f-9418-4bb0-9e1b-7711a01d9c69|10.1.0.19:15126, 2fdf9b97-f8e3-478e-95f7-818a752c939a|10.1.0.19:15108]|listeners:[], old=null
2024-02-27 07:42:32,913 [2fdf9b97-f8e3-478e-95f7-818a752c939a-groupManagement] INFO  server.RaftServer$Division (RaftServerImpl.java:setRole(383)) - 2fdf9b97-f8e3-478e-95f7-818a752c939a@group-187E1466B7F4: changes role from      null to FOLLOWER at term 0 for startAsFollower
2024-02-27 07:42:32,913 [2fdf9b97-f8e3-478e-95f7-818a752c939a-groupManagement] INFO  impl.RoleInfo (RoleInfo.java:updateAndGet(139)) - 2fdf9b97-f8e3-478e-95f7-818a752c939a: start 2fdf9b97-f8e3-478e-95f7-818a752c939a@group-187E1466B7F4-FollowerState
2024-02-27 07:42:32,913 [2fdf9b97-f8e3-478e-95f7-818a752c939a-groupManagement] INFO  util.JmxRegister (JmxRegister.java:tryRegister(44)) - Successfully registered JMX Bean with object name Ratis:service=RaftServer,group=group-187E1466B7F4,id=2fdf9b97-f8e3-478e-95f7-818a752c939a
2024-02-27 07:42:32,913 [2fdf9b97-f8e3-478e-95f7-818a752c939a-groupManagement] INFO  server.RaftServerConfigKeys (ConfUtils.java:logGet(46)) - raft.server.snapshot.trigger-when-stop.enabled = true (default)
2024-02-27 07:42:32,913 [2fdf9b97-f8e3-478e-95f7-818a752c939a-groupManagement] INFO  server.RaftServerConfigKeys (ConfUtils.java:logGet(46)) - raft.server.snapshot.auto.trigger.enabled = true (custom)
2024-02-27 07:42:32,913 [2fdf9b97-f8e3-478e-95f7-818a752c939a-groupManagement] INFO  server.RaftServerConfigKeys (ConfUtils.java:logGet(46)) - raft.server.snapshot.auto.trigger.threshold = 10000 (custom)
2024-02-27 07:42:32,913 [2fdf9b97-f8e3-478e-95f7-818a752c939a-groupManagement] INFO  server.RaftServerConfigKeys (ConfUtils.java:logGet(46)) - raft.server.snapshot.retention.file.num = 5 (custom)
2024-02-27 07:42:32,914 [2fdf9b97-f8e3-478e-95f7-818a752c939a-groupManagement] INFO  server.RaftServerConfigKeys (ConfUtils.java:logGet(46)) - raft.server.log.purge.upto.snapshot.index = false (default)
2024-02-27 07:42:32,914 [2fdf9b97-f8e3-478e-95f7-818a752c939a@group-187E1466B7F4-FollowerState] INFO  server.RaftServerConfigKeys (ConfUtils.java:logFallback(53)) - raft.server.rpc.first-election.timeout.min = 5s (fallback to raft.server.rpc.timeout.min)
2024-02-27 07:42:32,914 [2fdf9b97-f8e3-478e-95f7-818a752c939a@group-187E1466B7F4-FollowerState] INFO  server.RaftServerConfigKeys (ConfUtils.java:logFallback(53)) - raft.server.rpc.first-election.timeout.max = 5200ms (fallback to raft.server.rpc.timeout.max)
2024-02-27 07:42:32,915 [2fdf9b97-f8e3-478e-95f7-818a752c939a-PipelineCommandHandlerThread-0] INFO  ratis.XceiverServerRatis (XceiverServerRatis.java:addGroup(864)) - Created group PipelineID=d92e2656-d2ed-43df-9aad-187e1466b7f4
2024-02-27 07:42:32,922 [grpc-default-executor-2] INFO  server.RaftServer (RaftServerProxy.java:addNew(100)) - e71dbbe0-7268-4d86-ba43-abc421df11cb: addNew group-187E1466B7F4:[e71dbbe0-7268-4d86-ba43-abc421df11cb|10.1.0.19:15117, 7cccb36f-9418-4bb0-9e1b-7711a01d9c69|10.1.0.19:15126, 2fdf9b97-f8e3-478e-95f7-818a752c939a|10.1.0.19:15108] returns group-187E1466B7F4:java.util.concurrent.CompletableFuture@1b4090c4[Not completed]
2024-02-27 07:42:32,923 [e71dbbe0-7268-4d86-ba43-abc421df11cb-groupManagement] INFO  server.RaftServer$Division (RaftServerImpl.java:<init>(256)) - e71dbbe0-7268-4d86-ba43-abc421df11cb: new RaftServerImpl for group-187E1466B7F4:[e71dbbe0-7268-4d86-ba43-abc421df11cb|10.1.0.19:15117, 7cccb36f-9418-4bb0-9e1b-7711a01d9c69|10.1.0.19:15126, 2fdf9b97-f8e3-478e-95f7-818a752c939a|10.1.0.19:15108] with ContainerStateMachine:uninitialized
2024-02-27 07:42:32,923 [e71dbbe0-7268-4d86-ba43-abc421df11cb-groupManagement] INFO  server.RaftServerConfigKeys (ConfUtils.java:logGet(46)) - raft.server.rpc.timeout.min = 5s (custom)
2024-02-27 07:42:32,923 [e71dbbe0-7268-4d86-ba43-abc421df11cb-groupManagement] INFO  server.RaftServerConfigKeys (ConfUtils.java:logGet(46)) - raft.server.rpc.timeout.max = 5200ms (custom)
2024-02-27 07:42:32,923 [e71dbbe0-7268-4d86-ba43-abc421df11cb-groupManagement] INFO  server.RaftServerConfigKeys (ConfUtils.java:logGet(46)) - raft.server.rpc.sleep.time = 25ms (default)
2024-02-27 07:42:32,923 [e71dbbe0-7268-4d86-ba43-abc421df11cb-groupManagement] INFO  server.RaftServerConfigKeys (ConfUtils.java:logGet(46)) - raft.server.rpc.slowness.timeout = 300s (custom)
2024-02-27 07:42:32,923 [e71dbbe0-7268-4d86-ba43-abc421df11cb-groupManagement] INFO  server.RaftServerConfigKeys (ConfUtils.java:logGet(46)) - raft.server.leaderelection.leader.step-down.wait-time = 10s (default)
2024-02-27 07:42:32,923 [e71dbbe0-7268-4d86-ba43-abc421df11cb-groupManagement] INFO  server.RaftServerConfigKeys (ConfUtils.java:logGet(46)) - raft.server.leaderelection.member.majority-add = false (default)
2024-02-27 07:42:32,923 [e71dbbe0-7268-4d86-ba43-abc421df11cb-groupManagement] INFO  server.RaftServerConfigKeys (ConfUtils.java:logGet(46)) - raft.server.sleep.deviation.threshold = 300ms (default)
2024-02-27 07:42:32,923 [e71dbbe0-7268-4d86-ba43-abc421df11cb-groupManagement] INFO  server.RaftServer$Division (ServerState.java:<init>(113)) - e71dbbe0-7268-4d86-ba43-abc421df11cb@group-187E1466B7F4: ConfigurationManager, init=-1: peers:[e71dbbe0-7268-4d86-ba43-abc421df11cb|10.1.0.19:15117, 7cccb36f-9418-4bb0-9e1b-7711a01d9c69|10.1.0.19:15126, 2fdf9b97-f8e3-478e-95f7-818a752c939a|10.1.0.19:15108]|listeners:[], old=null, confs=<EMPTY_MAP>
2024-02-27 07:42:32,923 [e71dbbe0-7268-4d86-ba43-abc421df11cb-groupManagement] INFO  server.RaftServerConfigKeys (ConfUtils.java:logGet(46)) - raft.server.notification.no-leader.timeout = 300s (custom)
2024-02-27 07:42:32,923 [e71dbbe0-7268-4d86-ba43-abc421df11cb-groupManagement] INFO  server.RaftServerConfigKeys (ConfUtils.java:logGet(46)) - raft.server.read.timeout = 10s (default)
2024-02-27 07:42:32,923 [e71dbbe0-7268-4d86-ba43-abc421df11cb-groupManagement] INFO  server.RaftServerConfigKeys (ConfUtils.java:logGet(46)) - raft.server.retrycache.expirytime = 600000ms (custom)
2024-02-27 07:42:32,923 [e71dbbe0-7268-4d86-ba43-abc421df11cb-groupManagement] INFO  server.RaftServerConfigKeys (ConfUtils.java:logGet(46)) - raft.server.retrycache.statistics.expirytime = 100ms (default)
2024-02-27 07:42:32,923 [e71dbbe0-7268-4d86-ba43-abc421df11cb-groupManagement] INFO  server.RaftServerConfigKeys (ConfUtils.java:logGet(46)) - raft.server.read.option = DEFAULT (default)
2024-02-27 07:42:32,924 [e71dbbe0-7268-4d86-ba43-abc421df11cb-groupManagement] INFO  server.RaftServerConfigKeys (ConfUtils.java:logGet(46)) - raft.server.read.read-after-write-consistent.write-index-cache.expiry-time = 60s (default)
2024-02-27 07:42:32,925 [e71dbbe0-7268-4d86-ba43-abc421df11cb-groupManagement] INFO  server.RaftServerConfigKeys (ConfUtils.java:logGet(46)) - raft.server.rpc.request.timeout = 60s (custom)
2024-02-27 07:42:32,925 [e71dbbe0-7268-4d86-ba43-abc421df11cb-groupManagement] INFO  server.RaftServerConfigKeys (ConfUtils.java:logGet(46)) - raft.server.log.appender.install.snapshot.enabled = false (custom)
2024-02-27 07:42:32,925 [e71dbbe0-7268-4d86-ba43-abc421df11cb-groupManagement] INFO  server.RaftServerConfigKeys (ConfUtils.java:logGet(46)) - raft.server.threadpool.server.cached = true (default)
2024-02-27 07:42:32,925 [e71dbbe0-7268-4d86-ba43-abc421df11cb-groupManagement] INFO  server.RaftServerConfigKeys (ConfUtils.java:logGet(46)) - raft.server.threadpool.server.size = 0 (default)
2024-02-27 07:42:32,925 [e71dbbe0-7268-4d86-ba43-abc421df11cb-groupManagement] INFO  server.RaftServerConfigKeys (ConfUtils.java:logGet(46)) - raft.server.threadpool.client.cached = true (default)
2024-02-27 07:42:32,925 [e71dbbe0-7268-4d86-ba43-abc421df11cb-groupManagement] INFO  server.RaftServerConfigKeys (ConfUtils.java:logGet(46)) - raft.server.threadpool.client.size = 0 (default)
2024-02-27 07:42:32,925 [e71dbbe0-7268-4d86-ba43-abc421df11cb-groupManagement] INFO  server.RaftServerConfigKeys (ConfUtils.java:logGet(46)) - raft.server.storage.free-space.min = 0MB (=0) (default)
2024-02-27 07:42:32,926 [e71dbbe0-7268-4d86-ba43-abc421df11cb-groupManagement] INFO  server.RaftServerConfigKeys (ConfUtils.java:logGet(46)) - raft.server.log.corruption.policy = EXCEPTION (default)
2024-02-27 07:42:32,926 [e71dbbe0-7268-4d86-ba43-abc421df11cb-groupManagement] INFO  server.RaftServerConfigKeys (ConfUtils.java:logGet(46)) - raft.server.storage.dir = [/home/runner/work/ozone/ozone/hadoop-ozone/integration-test/target/test-dir/MiniOzoneClusterImpl-107870c4-38da-4dee-ace8-876b8e06d1b5/ozone-meta/datanode-2/ratis] (custom)
2024-02-27 07:42:32,926 [e71dbbe0-7268-4d86-ba43-abc421df11cb-groupManagement] INFO  storage.RaftStorageDirectory (RaftStorageDirectoryImpl.java:analyzeStorage(138)) - The storage directory /home/runner/work/ozone/ozone/hadoop-ozone/integration-test/target/test-dir/MiniOzoneClusterImpl-107870c4-38da-4dee-ace8-876b8e06d1b5/ozone-meta/datanode-2/ratis/d92e2656-d2ed-43df-9aad-187e1466b7f4 does not exist. Creating ...
2024-02-27 07:42:32,927 [e71dbbe0-7268-4d86-ba43-abc421df11cb-groupManagement] INFO  storage.RaftStorageDirectory (RaftStorageDirectoryImpl.java:tryLock(228)) - Lock on /home/runner/work/ozone/ozone/hadoop-ozone/integration-test/target/test-dir/MiniOzoneClusterImpl-107870c4-38da-4dee-ace8-876b8e06d1b5/ozone-meta/datanode-2/ratis/d92e2656-d2ed-43df-9aad-187e1466b7f4/in_use.lock acquired by nodename 40924@fv-az699-61
2024-02-27 07:42:32,928 [e71dbbe0-7268-4d86-ba43-abc421df11cb-groupManagement] INFO  storage.RaftStorage (RaftStorageImpl.java:format(99)) - Storage directory /home/runner/work/ozone/ozone/hadoop-ozone/integration-test/target/test-dir/MiniOzoneClusterImpl-107870c4-38da-4dee-ace8-876b8e06d1b5/ozone-meta/datanode-2/ratis/d92e2656-d2ed-43df-9aad-187e1466b7f4 has been successfully formatted.
2024-02-27 07:42:32,928 [e71dbbe0-7268-4d86-ba43-abc421df11cb-groupManagement] WARN  util.FileUtils (LogUtils.java:supplyAndLog(63)) - Failed to Files.newInputStream /home/runner/work/ozone/ozone/hadoop-ozone/integration-test/target/test-dir/MiniOzoneClusterImpl-107870c4-38da-4dee-ace8-876b8e06d1b5/ozone-meta/datanode-2/ratis/d92e2656-d2ed-43df-9aad-187e1466b7f4/current/raft-meta.conf with options []: java.nio.file.NoSuchFileException: /home/runner/work/ozone/ozone/hadoop-ozone/integration-test/target/test-dir/MiniOzoneClusterImpl-107870c4-38da-4dee-ace8-876b8e06d1b5/ozone-meta/datanode-2/ratis/d92e2656-d2ed-43df-9aad-187e1466b7f4/current/raft-meta.conf
2024-02-27 07:42:32,928 [e71dbbe0-7268-4d86-ba43-abc421df11cb-groupManagement] INFO  ratis.ContainerStateMachine (ContainerStateMachine.java:loadSnapshot(287)) - group-187E1466B7F4: The snapshot info is null. Setting the last applied index to:(t:0, i:~)
2024-02-27 07:42:32,928 [e71dbbe0-7268-4d86-ba43-abc421df11cb-groupManagement] INFO  server.RaftServerConfigKeys (ConfUtils.java:logGet(46)) - raft.server.log.use.memory = false (default)
2024-02-27 07:42:32,928 [e71dbbe0-7268-4d86-ba43-abc421df11cb-groupManagement] INFO  server.RaftServerConfigKeys (ConfUtils.java:logGet(46)) - raft.server.log.purge.gap = 1000000 (custom)
2024-02-27 07:42:32,928 [e71dbbe0-7268-4d86-ba43-abc421df11cb-groupManagement] INFO  server.RaftServerConfigKeys (ConfUtils.java:logGet(46)) - raft.server.log.appender.buffer.byte-limit = 8388608 (custom)
2024-02-27 07:42:32,928 [e71dbbe0-7268-4d86-ba43-abc421df11cb-groupManagement] INFO  server.RaftServerConfigKeys (ConfUtils.java:logGet(46)) - raft.server.log.statemachine.data.read.timeout = 1000ms (default)
2024-02-27 07:42:32,928 [e71dbbe0-7268-4d86-ba43-abc421df11cb-groupManagement] INFO  server.RaftServerConfigKeys (ConfUtils.java:logGet(46)) - raft.server.log.purge.preservation.log.num = 0 (default)
2024-02-27 07:42:32,930 [e71dbbe0-7268-4d86-ba43-abc421df11cb-groupManagement] INFO  server.RaftServerConfigKeys (ConfUtils.java:logGet(46)) - raft.server.log.segment.size.max = 67108864 (custom)
2024-02-27 07:42:32,930 [e71dbbe0-7268-4d86-ba43-abc421df11cb-groupManagement] INFO  server.RaftServerConfigKeys (ConfUtils.java:logGet(46)) - raft.server.log.segment.cache.num.max = 2 (custom)
2024-02-27 07:42:32,931 [e71dbbe0-7268-4d86-ba43-abc421df11cb-groupManagement] INFO  server.RaftServerConfigKeys (ConfUtils.java:logGet(46)) - raft.server.log.segment.cache.size.max = 200MB (=209715200) (default)
2024-02-27 07:42:32,931 [e71dbbe0-7268-4d86-ba43-abc421df11cb-groupManagement] INFO  server.RaftServerConfigKeys (ConfUtils.java:logGet(46)) - raft.server.log.appender.buffer.byte-limit = 8388608 (custom)
2024-02-27 07:42:32,931 [e71dbbe0-7268-4d86-ba43-abc421df11cb-groupManagement] INFO  util.AwaitToRun (AwaitToRun.java:start(81)) - Thread[e71dbbe0-7268-4d86-ba43-abc421df11cb@group-187E1466B7F4-cacheEviction-AwaitToRun,5,main] started
2024-02-27 07:42:32,931 [e71dbbe0-7268-4d86-ba43-abc421df11cb-groupManagement] INFO  segmented.SegmentedRaftLogWorker (SegmentedRaftLogWorker.java:<init>(182)) - new e71dbbe0-7268-4d86-ba43-abc421df11cb@group-187E1466B7F4-SegmentedRaftLogWorker for RaftStorageImpl:Storage Directory /home/runner/work/ozone/ozone/hadoop-ozone/integration-test/target/test-dir/MiniOzoneClusterImpl-107870c4-38da-4dee-ace8-876b8e06d1b5/ozone-meta/datanode-2/ratis/d92e2656-d2ed-43df-9aad-187e1466b7f4
2024-02-27 07:42:32,931 [e71dbbe0-7268-4d86-ba43-abc421df11cb-groupManagement] INFO  server.RaftServerConfigKeys (ConfUtils.java:logGet(46)) - raft.server.log.queue.byte-limit = 4294967296 (custom)
2024-02-27 07:42:32,931 [e71dbbe0-7268-4d86-ba43-abc421df11cb-groupManagement] INFO  server.RaftServerConfigKeys (ConfUtils.java:logGet(46)) - raft.server.log.queue.element-limit = 1024 (custom)
2024-02-27 07:42:32,931 [e71dbbe0-7268-4d86-ba43-abc421df11cb-groupManagement] INFO  server.RaftServerConfigKeys (ConfUtils.java:logGet(46)) - raft.server.log.segment.size.max = 67108864 (custom)
2024-02-27 07:42:32,931 [e71dbbe0-7268-4d86-ba43-abc421df11cb-groupManagement] INFO  server.RaftServerConfigKeys (ConfUtils.java:logGet(46)) - raft.server.log.preallocated.size = 4194304 (custom)
2024-02-27 07:42:32,931 [e71dbbe0-7268-4d86-ba43-abc421df11cb-groupManagement] INFO  server.RaftServerConfigKeys (ConfUtils.java:logGet(46)) - raft.server.log.force.sync.num = 128 (default)
2024-02-27 07:42:32,931 [e71dbbe0-7268-4d86-ba43-abc421df11cb-groupManagement] INFO  server.RaftServerConfigKeys (ConfUtils.java:logGet(46)) - raft.server.log.statemachine.data.sync = true (default)
2024-02-27 07:42:32,931 [e71dbbe0-7268-4d86-ba43-abc421df11cb-groupManagement] INFO  server.RaftServerConfigKeys (ConfUtils.java:logGet(46)) - raft.server.log.statemachine.data.sync.timeout = 10s (default)
2024-02-27 07:42:32,931 [e71dbbe0-7268-4d86-ba43-abc421df11cb-groupManagement] INFO  server.RaftServerConfigKeys (ConfUtils.java:logGet(46)) - raft.server.log.statemachine.data.sync.timeout.retry = 0 (custom)
2024-02-27 07:42:32,932 [e71dbbe0-7268-4d86-ba43-abc421df11cb-groupManagement] INFO  server.RaftServerConfigKeys (ConfUtils.java:logGet(46)) - raft.server.log.write.buffer.size = 8388616 (custom)
2024-02-27 07:42:32,933 [e71dbbe0-7268-4d86-ba43-abc421df11cb-groupManagement] INFO  server.RaftServerConfigKeys (ConfUtils.java:logGet(46)) - raft.server.log.appender.buffer.byte-limit = 8388608 (custom)
2024-02-27 07:42:32,933 [e71dbbe0-7268-4d86-ba43-abc421df11cb-groupManagement] INFO  server.RaftServerConfigKeys (ConfUtils.java:logGet(46)) - raft.server.log.unsafe-flush.enabled = false (default)
2024-02-27 07:42:32,933 [e71dbbe0-7268-4d86-ba43-abc421df11cb-groupManagement] INFO  server.RaftServerConfigKeys (ConfUtils.java:logGet(46)) - raft.server.log.async-flush.enabled = false (default)
2024-02-27 07:42:32,933 [e71dbbe0-7268-4d86-ba43-abc421df11cb-groupManagement] INFO  server.RaftServerConfigKeys (ConfUtils.java:logGet(46)) - raft.server.log.statemachine.data.caching.enabled = true (custom)
2024-02-27 07:42:32,933 [e71dbbe0-7268-4d86-ba43-abc421df11cb-groupManagement] INFO  segmented.SegmentedRaftLogWorker (SegmentedRaftLogWorker.java:lambda$new$0(134)) - e71dbbe0-7268-4d86-ba43-abc421df11cb@group-187E1466B7F4-SegmentedRaftLogWorker: flushIndex: setUnconditionally 0 -> -1
2024-02-27 07:42:32,933 [e71dbbe0-7268-4d86-ba43-abc421df11cb-groupManagement] INFO  segmented.SegmentedRaftLogWorker (SegmentedRaftLogWorker.java:lambda$new$0(134)) - e71dbbe0-7268-4d86-ba43-abc421df11cb@group-187E1466B7F4-SegmentedRaftLogWorker: safeCacheEvictIndex: setUnconditionally 0 -> -1
2024-02-27 07:42:32,933 [e71dbbe0-7268-4d86-ba43-abc421df11cb-groupManagement] INFO  server.RaftServer$Division (RaftServerImpl.java:start(396)) - e71dbbe0-7268-4d86-ba43-abc421df11cb@group-187E1466B7F4: start as a follower, conf=-1: peers:[e71dbbe0-7268-4d86-ba43-abc421df11cb|10.1.0.19:15117, 7cccb36f-9418-4bb0-9e1b-7711a01d9c69|10.1.0.19:15126, 2fdf9b97-f8e3-478e-95f7-818a752c939a|10.1.0.19:15108]|listeners:[], old=null
2024-02-27 07:42:32,933 [e71dbbe0-7268-4d86-ba43-abc421df11cb-groupManagement] INFO  server.RaftServer$Division (RaftServerImpl.java:setRole(383)) - e71dbbe0-7268-4d86-ba43-abc421df11cb@group-187E1466B7F4: changes role from      null to FOLLOWER at term 0 for startAsFollower
2024-02-27 07:42:32,933 [e71dbbe0-7268-4d86-ba43-abc421df11cb-groupManagement] INFO  impl.RoleInfo (RoleInfo.java:updateAndGet(139)) - e71dbbe0-7268-4d86-ba43-abc421df11cb: start e71dbbe0-7268-4d86-ba43-abc421df11cb@group-187E1466B7F4-FollowerState
2024-02-27 07:42:32,933 [e71dbbe0-7268-4d86-ba43-abc421df11cb@group-187E1466B7F4-FollowerState] INFO  server.RaftServerConfigKeys (ConfUtils.java:logFallback(53)) - raft.server.rpc.first-election.timeout.min = 5s (fallback to raft.server.rpc.timeout.min)
2024-02-27 07:42:32,934 [e71dbbe0-7268-4d86-ba43-abc421df11cb-groupManagement] INFO  util.JmxRegister (JmxRegister.java:tryRegister(44)) - Successfully registered JMX Bean with object name Ratis:service=RaftServer,group=group-187E1466B7F4,id=e71dbbe0-7268-4d86-ba43-abc421df11cb
2024-02-27 07:42:32,934 [e71dbbe0-7268-4d86-ba43-abc421df11cb@group-187E1466B7F4-FollowerState] INFO  server.RaftServerConfigKeys (ConfUtils.java:logFallback(53)) - raft.server.rpc.first-election.timeout.max = 5200ms (fallback to raft.server.rpc.timeout.max)
2024-02-27 07:42:32,934 [e71dbbe0-7268-4d86-ba43-abc421df11cb-groupManagement] INFO  server.RaftServerConfigKeys (ConfUtils.java:logGet(46)) - raft.server.snapshot.trigger-when-stop.enabled = true (default)
2024-02-27 07:42:32,934 [e71dbbe0-7268-4d86-ba43-abc421df11cb-groupManagement] INFO  server.RaftServerConfigKeys (ConfUtils.java:logGet(46)) - raft.server.snapshot.auto.trigger.enabled = true (custom)
2024-02-27 07:42:32,934 [e71dbbe0-7268-4d86-ba43-abc421df11cb-groupManagement] INFO  server.RaftServerConfigKeys (ConfUtils.java:logGet(46)) - raft.server.snapshot.auto.trigger.threshold = 10000 (custom)
2024-02-27 07:42:32,934 [e71dbbe0-7268-4d86-ba43-abc421df11cb-groupManagement] INFO  server.RaftServerConfigKeys (ConfUtils.java:logGet(46)) - raft.server.snapshot.retention.file.num = 5 (custom)
2024-02-27 07:42:32,934 [e71dbbe0-7268-4d86-ba43-abc421df11cb-groupManagement] INFO  server.RaftServerConfigKeys (ConfUtils.java:logGet(46)) - raft.server.log.purge.upto.snapshot.index = false (default)
2024-02-27 07:42:32,943 [grpc-default-executor-2] INFO  server.RaftServer (RaftServerProxy.java:addNew(100)) - 7cccb36f-9418-4bb0-9e1b-7711a01d9c69: addNew group-187E1466B7F4:[e71dbbe0-7268-4d86-ba43-abc421df11cb|10.1.0.19:15117, 7cccb36f-9418-4bb0-9e1b-7711a01d9c69|10.1.0.19:15126, 2fdf9b97-f8e3-478e-95f7-818a752c939a|10.1.0.19:15108] returns group-187E1466B7F4:java.util.concurrent.CompletableFuture@27393278[Not completed]
2024-02-27 07:42:32,944 [7cccb36f-9418-4bb0-9e1b-7711a01d9c69-groupManagement] INFO  server.RaftServer$Division (RaftServerImpl.java:<init>(256)) - 7cccb36f-9418-4bb0-9e1b-7711a01d9c69: new RaftServerImpl for group-187E1466B7F4:[e71dbbe0-7268-4d86-ba43-abc421df11cb|10.1.0.19:15117, 7cccb36f-9418-4bb0-9e1b-7711a01d9c69|10.1.0.19:15126, 2fdf9b97-f8e3-478e-95f7-818a752c939a|10.1.0.19:15108] with ContainerStateMachine:uninitialized
2024-02-27 07:42:32,944 [7cccb36f-9418-4bb0-9e1b-7711a01d9c69-groupManagement] INFO  server.RaftServerConfigKeys (ConfUtils.java:logGet(46)) - raft.server.rpc.timeout.min = 5s (custom)
2024-02-27 07:42:32,944 [7cccb36f-9418-4bb0-9e1b-7711a01d9c69-groupManagement] INFO  server.RaftServerConfigKeys (ConfUtils.java:logGet(46)) - raft.server.rpc.timeout.max = 5200ms (custom)
2024-02-27 07:42:32,944 [7cccb36f-9418-4bb0-9e1b-7711a01d9c69-groupManagement] INFO  server.RaftServerConfigKeys (ConfUtils.java:logGet(46)) - raft.server.rpc.sleep.time = 25ms (default)
2024-02-27 07:42:32,945 [7cccb36f-9418-4bb0-9e1b-7711a01d9c69-groupManagement] INFO  server.RaftServerConfigKeys (ConfUtils.java:logGet(46)) - raft.server.rpc.slowness.timeout = 300s (custom)
2024-02-27 07:42:32,945 [7cccb36f-9418-4bb0-9e1b-7711a01d9c69-groupManagement] INFO  server.RaftServerConfigKeys (ConfUtils.java:logGet(46)) - raft.server.leaderelection.leader.step-down.wait-time = 10s (default)
2024-02-27 07:42:32,945 [7cccb36f-9418-4bb0-9e1b-7711a01d9c69-groupManagement] INFO  server.RaftServerConfigKeys (ConfUtils.java:logGet(46)) - raft.server.leaderelection.member.majority-add = false (default)
2024-02-27 07:42:32,945 [7cccb36f-9418-4bb0-9e1b-7711a01d9c69-groupManagement] INFO  server.RaftServerConfigKeys (ConfUtils.java:logGet(46)) - raft.server.sleep.deviation.threshold = 300ms (default)
2024-02-27 07:42:32,945 [7cccb36f-9418-4bb0-9e1b-7711a01d9c69-groupManagement] INFO  server.RaftServer$Division (ServerState.java:<init>(113)) - 7cccb36f-9418-4bb0-9e1b-7711a01d9c69@group-187E1466B7F4: ConfigurationManager, init=-1: peers:[e71dbbe0-7268-4d86-ba43-abc421df11cb|10.1.0.19:15117, 7cccb36f-9418-4bb0-9e1b-7711a01d9c69|10.1.0.19:15126, 2fdf9b97-f8e3-478e-95f7-818a752c939a|10.1.0.19:15108]|listeners:[], old=null, confs=<EMPTY_MAP>
2024-02-27 07:42:32,945 [7cccb36f-9418-4bb0-9e1b-7711a01d9c69-groupManagement] INFO  server.RaftServerConfigKeys (ConfUtils.java:logGet(46)) - raft.server.notification.no-leader.timeout = 300s (custom)
2024-02-27 07:42:32,945 [7cccb36f-9418-4bb0-9e1b-7711a01d9c69-groupManagement] INFO  server.RaftServerConfigKeys (ConfUtils.java:logGet(46)) - raft.server.read.timeout = 10s (default)
2024-02-27 07:42:32,945 [7cccb36f-9418-4bb0-9e1b-7711a01d9c69-groupManagement] INFO  server.RaftServerConfigKeys (ConfUtils.java:logGet(46)) - raft.server.retrycache.expirytime = 600000ms (custom)
2024-02-27 07:42:32,945 [7cccb36f-9418-4bb0-9e1b-7711a01d9c69-groupManagement] INFO  server.RaftServerConfigKeys (ConfUtils.java:logGet(46)) - raft.server.retrycache.statistics.expirytime = 100ms (default)
2024-02-27 07:42:32,945 [7cccb36f-9418-4bb0-9e1b-7711a01d9c69-groupManagement] INFO  server.RaftServerConfigKeys (ConfUtils.java:logGet(46)) - raft.server.read.option = DEFAULT (default)
2024-02-27 07:42:32,945 [7cccb36f-9418-4bb0-9e1b-7711a01d9c69-groupManagement] INFO  server.RaftServerConfigKeys (ConfUtils.java:logGet(46)) - raft.server.read.read-after-write-consistent.write-index-cache.expiry-time = 60s (default)
2024-02-27 07:42:32,947 [7cccb36f-9418-4bb0-9e1b-7711a01d9c69-groupManagement] INFO  server.RaftServerConfigKeys (ConfUtils.java:logGet(46)) - raft.server.rpc.request.timeout = 60s (custom)
2024-02-27 07:42:32,947 [7cccb36f-9418-4bb0-9e1b-7711a01d9c69-groupManagement] INFO  server.RaftServerConfigKeys (ConfUtils.java:logGet(46)) - raft.server.log.appender.install.snapshot.enabled = false (custom)
2024-02-27 07:42:32,947 [7cccb36f-9418-4bb0-9e1b-7711a01d9c69-groupManagement] INFO  server.RaftServerConfigKeys (ConfUtils.java:logGet(46)) - raft.server.threadpool.server.cached = true (default)
2024-02-27 07:42:32,947 [7cccb36f-9418-4bb0-9e1b-7711a01d9c69-groupManagement] INFO  server.RaftServerConfigKeys (ConfUtils.java:logGet(46)) - raft.server.threadpool.server.size = 0 (default)
2024-02-27 07:42:32,947 [7cccb36f-9418-4bb0-9e1b-7711a01d9c69-groupManagement] INFO  server.RaftServerConfigKeys (ConfUtils.java:logGet(46)) - raft.server.threadpool.client.cached = true (default)
2024-02-27 07:42:32,947 [7cccb36f-9418-4bb0-9e1b-7711a01d9c69-groupManagement] INFO  server.RaftServerConfigKeys (ConfUtils.java:logGet(46)) - raft.server.threadpool.client.size = 0 (default)
2024-02-27 07:42:32,947 [7cccb36f-9418-4bb0-9e1b-7711a01d9c69-groupManagement] INFO  server.RaftServerConfigKeys (ConfUtils.java:logGet(46)) - raft.server.storage.free-space.min = 0MB (=0) (default)
2024-02-27 07:42:32,947 [7cccb36f-9418-4bb0-9e1b-7711a01d9c69-groupManagement] INFO  server.RaftServerConfigKeys (ConfUtils.java:logGet(46)) - raft.server.log.corruption.policy = EXCEPTION (default)
2024-02-27 07:42:32,947 [7cccb36f-9418-4bb0-9e1b-7711a01d9c69-groupManagement] INFO  server.RaftServerConfigKeys (ConfUtils.java:logGet(46)) - raft.server.storage.dir = [/home/runner/work/ozone/ozone/hadoop-ozone/integration-test/target/test-dir/MiniOzoneClusterImpl-107870c4-38da-4dee-ace8-876b8e06d1b5/ozone-meta/datanode-3/ratis] (custom)
2024-02-27 07:42:32,947 [7cccb36f-9418-4bb0-9e1b-7711a01d9c69-groupManagement] INFO  storage.RaftStorageDirectory (RaftStorageDirectoryImpl.java:analyzeStorage(138)) - The storage directory /home/runner/work/ozone/ozone/hadoop-ozone/integration-test/target/test-dir/MiniOzoneClusterImpl-107870c4-38da-4dee-ace8-876b8e06d1b5/ozone-meta/datanode-3/ratis/d92e2656-d2ed-43df-9aad-187e1466b7f4 does not exist. Creating ...
2024-02-27 07:42:32,948 [7cccb36f-9418-4bb0-9e1b-7711a01d9c69-groupManagement] INFO  storage.RaftStorageDirectory (RaftStorageDirectoryImpl.java:tryLock(228)) - Lock on /home/runner/work/ozone/ozone/hadoop-ozone/integration-test/target/test-dir/MiniOzoneClusterImpl-107870c4-38da-4dee-ace8-876b8e06d1b5/ozone-meta/datanode-3/ratis/d92e2656-d2ed-43df-9aad-187e1466b7f4/in_use.lock acquired by nodename 40924@fv-az699-61
2024-02-27 07:42:32,950 [7cccb36f-9418-4bb0-9e1b-7711a01d9c69-groupManagement] INFO  storage.RaftStorage (RaftStorageImpl.java:format(99)) - Storage directory /home/runner/work/ozone/ozone/hadoop-ozone/integration-test/target/test-dir/MiniOzoneClusterImpl-107870c4-38da-4dee-ace8-876b8e06d1b5/ozone-meta/datanode-3/ratis/d92e2656-d2ed-43df-9aad-187e1466b7f4 has been successfully formatted.
2024-02-27 07:42:32,950 [7cccb36f-9418-4bb0-9e1b-7711a01d9c69-groupManagement] WARN  util.FileUtils (LogUtils.java:supplyAndLog(63)) - Failed to Files.newInputStream /home/runner/work/ozone/ozone/hadoop-ozone/integration-test/target/test-dir/MiniOzoneClusterImpl-107870c4-38da-4dee-ace8-876b8e06d1b5/ozone-meta/datanode-3/ratis/d92e2656-d2ed-43df-9aad-187e1466b7f4/current/raft-meta.conf with options []: java.nio.file.NoSuchFileException: /home/runner/work/ozone/ozone/hadoop-ozone/integration-test/target/test-dir/MiniOzoneClusterImpl-107870c4-38da-4dee-ace8-876b8e06d1b5/ozone-meta/datanode-3/ratis/d92e2656-d2ed-43df-9aad-187e1466b7f4/current/raft-meta.conf
2024-02-27 07:42:32,950 [7cccb36f-9418-4bb0-9e1b-7711a01d9c69-groupManagement] INFO  ratis.ContainerStateMachine (ContainerStateMachine.java:loadSnapshot(287)) - group-187E1466B7F4: The snapshot info is null. Setting the last applied index to:(t:0, i:~)
2024-02-27 07:42:32,950 [7cccb36f-9418-4bb0-9e1b-7711a01d9c69-groupManagement] INFO  server.RaftServerConfigKeys (ConfUtils.java:logGet(46)) - raft.server.log.use.memory = false (default)
2024-02-27 07:42:32,950 [7cccb36f-9418-4bb0-9e1b-7711a01d9c69-groupManagement] INFO  server.RaftServerConfigKeys (ConfUtils.java:logGet(46)) - raft.server.log.purge.gap = 1000000 (custom)
2024-02-27 07:42:32,950 [7cccb36f-9418-4bb0-9e1b-7711a01d9c69-groupManagement] INFO  server.RaftServerConfigKeys (ConfUtils.java:logGet(46)) - raft.server.log.appender.buffer.byte-limit = 8388608 (custom)
2024-02-27 07:42:32,950 [7cccb36f-9418-4bb0-9e1b-7711a01d9c69-groupManagement] INFO  server.RaftServerConfigKeys (ConfUtils.java:logGet(46)) - raft.server.log.statemachine.data.read.timeout = 1000ms (default)
2024-02-27 07:42:32,950 [7cccb36f-9418-4bb0-9e1b-7711a01d9c69-groupManagement] INFO  server.RaftServerConfigKeys (ConfUtils.java:logGet(46)) - raft.server.log.purge.preservation.log.num = 0 (default)
2024-02-27 07:42:32,951 [7cccb36f-9418-4bb0-9e1b-7711a01d9c69-groupManagement] INFO  server.RaftServerConfigKeys (ConfUtils.java:logGet(46)) - raft.server.log.segment.size.max = 67108864 (custom)
2024-02-27 07:42:32,952 [7cccb36f-9418-4bb0-9e1b-7711a01d9c69-groupManagement] INFO  server.RaftServerConfigKeys (ConfUtils.java:logGet(46)) - raft.server.log.segment.cache.num.max = 2 (custom)
2024-02-27 07:42:32,952 [7cccb36f-9418-4bb0-9e1b-7711a01d9c69-groupManagement] INFO  server.RaftServerConfigKeys (ConfUtils.java:logGet(46)) - raft.server.log.segment.cache.size.max = 200MB (=209715200) (default)
2024-02-27 07:42:32,952 [7cccb36f-9418-4bb0-9e1b-7711a01d9c69-groupManagement] INFO  server.RaftServerConfigKeys (ConfUtils.java:logGet(46)) - raft.server.log.appender.buffer.byte-limit = 8388608 (custom)
2024-02-27 07:42:32,952 [7cccb36f-9418-4bb0-9e1b-7711a01d9c69-groupManagement] INFO  util.AwaitToRun (AwaitToRun.java:start(81)) - Thread[7cccb36f-9418-4bb0-9e1b-7711a01d9c69@group-187E1466B7F4-cacheEviction-AwaitToRun,5,main] started
2024-02-27 07:42:32,952 [7cccb36f-9418-4bb0-9e1b-7711a01d9c69-groupManagement] INFO  segmented.SegmentedRaftLogWorker (SegmentedRaftLogWorker.java:<init>(182)) - new 7cccb36f-9418-4bb0-9e1b-7711a01d9c69@group-187E1466B7F4-SegmentedRaftLogWorker for RaftStorageImpl:Storage Directory /home/runner/work/ozone/ozone/hadoop-ozone/integration-test/target/test-dir/MiniOzoneClusterImpl-107870c4-38da-4dee-ace8-876b8e06d1b5/ozone-meta/datanode-3/ratis/d92e2656-d2ed-43df-9aad-187e1466b7f4
2024-02-27 07:42:32,952 [7cccb36f-9418-4bb0-9e1b-7711a01d9c69-groupManagement] INFO  server.RaftServerConfigKeys (ConfUtils.java:logGet(46)) - raft.server.log.queue.byte-limit = 4294967296 (custom)
2024-02-27 07:42:32,952 [7cccb36f-9418-4bb0-9e1b-7711a01d9c69-groupManagement] INFO  server.RaftServerConfigKeys (ConfUtils.java:logGet(46)) - raft.server.log.queue.element-limit = 1024 (custom)
2024-02-27 07:42:32,952 [7cccb36f-9418-4bb0-9e1b-7711a01d9c69-groupManagement] INFO  server.RaftServerConfigKeys (ConfUtils.java:logGet(46)) - raft.server.log.segment.size.max = 67108864 (custom)
2024-02-27 07:42:32,952 [7cccb36f-9418-4bb0-9e1b-7711a01d9c69-groupManagement] INFO  server.RaftServerConfigKeys (ConfUtils.java:logGet(46)) - raft.server.log.preallocated.size = 4194304 (custom)
2024-02-27 07:42:32,952 [7cccb36f-9418-4bb0-9e1b-7711a01d9c69-groupManagement] INFO  server.RaftServerConfigKeys (ConfUtils.java:logGet(46)) - raft.server.log.force.sync.num = 128 (default)
2024-02-27 07:42:32,952 [7cccb36f-9418-4bb0-9e1b-7711a01d9c69-groupManagement] INFO  server.RaftServerConfigKeys (ConfUtils.java:logGet(46)) - raft.server.log.statemachine.data.sync = true (default)
2024-02-27 07:42:32,952 [7cccb36f-9418-4bb0-9e1b-7711a01d9c69-groupManagement] INFO  server.RaftServerConfigKeys (ConfUtils.java:logGet(46)) - raft.server.log.statemachine.data.sync.timeout = 10s (default)
2024-02-27 07:42:32,952 [7cccb36f-9418-4bb0-9e1b-7711a01d9c69-groupManagement] INFO  server.RaftServerConfigKeys (ConfUtils.java:logGet(46)) - raft.server.log.statemachine.data.sync.timeout.retry = 0 (custom)
2024-02-27 07:42:32,952 [7cccb36f-9418-4bb0-9e1b-7711a01d9c69-groupManagement] INFO  server.RaftServerConfigKeys (ConfUtils.java:logGet(46)) - raft.server.log.write.buffer.size = 8388616 (custom)
2024-02-27 07:42:32,954 [7cccb36f-9418-4bb0-9e1b-7711a01d9c69-groupManagement] INFO  server.RaftServerConfigKeys (ConfUtils.java:logGet(46)) - raft.server.log.appender.buffer.byte-limit = 8388608 (custom)
2024-02-27 07:42:32,954 [7cccb36f-9418-4bb0-9e1b-7711a01d9c69-groupManagement] INFO  server.RaftServerConfigKeys (ConfUtils.java:logGet(46)) - raft.server.log.unsafe-flush.enabled = false (default)
2024-02-27 07:42:32,954 [7cccb36f-9418-4bb0-9e1b-7711a01d9c69-groupManagement] INFO  server.RaftServerConfigKeys (ConfUtils.java:logGet(46)) - raft.server.log.async-flush.enabled = false (default)
2024-02-27 07:42:32,954 [7cccb36f-9418-4bb0-9e1b-7711a01d9c69-groupManagement] INFO  server.RaftServerConfigKeys (ConfUtils.java:logGet(46)) - raft.server.log.statemachine.data.caching.enabled = true (custom)
2024-02-27 07:42:32,954 [7cccb36f-9418-4bb0-9e1b-7711a01d9c69-groupManagement] INFO  segmented.SegmentedRaftLogWorker (SegmentedRaftLogWorker.java:lambda$new$0(134)) - 7cccb36f-9418-4bb0-9e1b-7711a01d9c69@group-187E1466B7F4-SegmentedRaftLogWorker: flushIndex: setUnconditionally 0 -> -1
2024-02-27 07:42:32,954 [7cccb36f-9418-4bb0-9e1b-7711a01d9c69-groupManagement] INFO  segmented.SegmentedRaftLogWorker (SegmentedRaftLogWorker.java:lambda$new$0(134)) - 7cccb36f-9418-4bb0-9e1b-7711a01d9c69@group-187E1466B7F4-SegmentedRaftLogWorker: safeCacheEvictIndex: setUnconditionally 0 -> -1
2024-02-27 07:42:32,954 [7cccb36f-9418-4bb0-9e1b-7711a01d9c69-groupManagement] INFO  server.RaftServer$Division (RaftServerImpl.java:start(396)) - 7cccb36f-9418-4bb0-9e1b-7711a01d9c69@group-187E1466B7F4: start as a follower, conf=-1: peers:[e71dbbe0-7268-4d86-ba43-abc421df11cb|10.1.0.19:15117, 7cccb36f-9418-4bb0-9e1b-7711a01d9c69|10.1.0.19:15126, 2fdf9b97-f8e3-478e-95f7-818a752c939a|10.1.0.19:15108]|listeners:[], old=null
2024-02-27 07:42:32,954 [7cccb36f-9418-4bb0-9e1b-7711a01d9c69-groupManagement] INFO  server.RaftServer$Division (RaftServerImpl.java:setRole(383)) - 7cccb36f-9418-4bb0-9e1b-7711a01d9c69@group-187E1466B7F4: changes role from      null to FOLLOWER at term 0 for startAsFollower
2024-02-27 07:42:32,954 [7cccb36f-9418-4bb0-9e1b-7711a01d9c69-groupManagement] INFO  impl.RoleInfo (RoleInfo.java:updateAndGet(139)) - 7cccb36f-9418-4bb0-9e1b-7711a01d9c69: start 7cccb36f-9418-4bb0-9e1b-7711a01d9c69@group-187E1466B7F4-FollowerState
2024-02-27 07:42:32,954 [7cccb36f-9418-4bb0-9e1b-7711a01d9c69@group-187E1466B7F4-FollowerState] INFO  server.RaftServerConfigKeys (ConfUtils.java:logFallback(53)) - raft.server.rpc.first-election.timeout.min = 5s (fallback to raft.server.rpc.timeout.min)
2024-02-27 07:42:32,954 [7cccb36f-9418-4bb0-9e1b-7711a01d9c69@group-187E1466B7F4-FollowerState] INFO  server.RaftServerConfigKeys (ConfUtils.java:logFallback(53)) - raft.server.rpc.first-election.timeout.max = 5200ms (fallback to raft.server.rpc.timeout.max)
2024-02-27 07:42:32,954 [7cccb36f-9418-4bb0-9e1b-7711a01d9c69-groupManagement] INFO  util.JmxRegister (JmxRegister.java:tryRegister(44)) - Successfully registered JMX Bean with object name Ratis:service=RaftServer,group=group-187E1466B7F4,id=7cccb36f-9418-4bb0-9e1b-7711a01d9c69
2024-02-27 07:42:32,955 [7cccb36f-9418-4bb0-9e1b-7711a01d9c69-groupManagement] INFO  server.RaftServerConfigKeys (ConfUtils.java:logGet(46)) - raft.server.snapshot.trigger-when-stop.enabled = true (default)
2024-02-27 07:42:32,955 [7cccb36f-9418-4bb0-9e1b-7711a01d9c69-groupManagement] INFO  server.RaftServerConfigKeys (ConfUtils.java:logGet(46)) - raft.server.snapshot.auto.trigger.enabled = true (custom)
2024-02-27 07:42:32,955 [7cccb36f-9418-4bb0-9e1b-7711a01d9c69-groupManagement] INFO  server.RaftServerConfigKeys (ConfUtils.java:logGet(46)) - raft.server.snapshot.auto.trigger.threshold = 10000 (custom)
2024-02-27 07:42:32,955 [7cccb36f-9418-4bb0-9e1b-7711a01d9c69-groupManagement] INFO  server.RaftServerConfigKeys (ConfUtils.java:logGet(46)) - raft.server.snapshot.retention.file.num = 5 (custom)
2024-02-27 07:42:32,955 [7cccb36f-9418-4bb0-9e1b-7711a01d9c69-groupManagement] INFO  server.RaftServerConfigKeys (ConfUtils.java:logGet(46)) - raft.server.log.purge.upto.snapshot.index = false (default)
2024-02-27 07:42:32,958 [2fdf9b97-f8e3-478e-95f7-818a752c939a-PipelineCommandHandlerThread-0] INFO  commandhandler.CreatePipelineCommandHandler (CreatePipelineCommandHandler.java:lambda$handle$2(124)) - Created Pipeline RATIS THREE PipelineID=d92e2656-d2ed-43df-9aad-187e1466b7f4.
2024-02-27 07:42:32,959 [e71dbbe0-7268-4d86-ba43-abc421df11cb-groupManagement] INFO  server.RaftServer$Division (RaftServerImpl.java:<init>(256)) - e71dbbe0-7268-4d86-ba43-abc421df11cb: new RaftServerImpl for group-1B95EA0F41BB:[e71dbbe0-7268-4d86-ba43-abc421df11cb|10.1.0.19:15117] with ContainerStateMachine:uninitialized
2024-02-27 07:42:32,959 [e71dbbe0-7268-4d86-ba43-abc421df11cb-groupManagement] INFO  server.RaftServerConfigKeys (ConfUtils.java:logGet(46)) - raft.server.rpc.timeout.min = 5s (custom)
2024-02-27 07:42:32,959 [e71dbbe0-7268-4d86-ba43-abc421df11cb-groupManagement] INFO  server.RaftServerConfigKeys (ConfUtils.java:logGet(46)) - raft.server.rpc.timeout.max = 5200ms (custom)
2024-02-27 07:42:32,959 [e71dbbe0-7268-4d86-ba43-abc421df11cb-groupManagement] INFO  server.RaftServerConfigKeys (ConfUtils.java:logGet(46)) - raft.server.rpc.sleep.time = 25ms (default)
2024-02-27 07:42:32,959 [e71dbbe0-7268-4d86-ba43-abc421df11cb-groupManagement] INFO  server.RaftServerConfigKeys (ConfUtils.java:logGet(46)) - raft.server.rpc.slowness.timeout = 300s (custom)
2024-02-27 07:42:32,959 [e71dbbe0-7268-4d86-ba43-abc421df11cb-groupManagement] INFO  server.RaftServerConfigKeys (ConfUtils.java:logGet(46)) - raft.server.leaderelection.leader.step-down.wait-time = 10s (default)
2024-02-27 07:42:32,959 [e71dbbe0-7268-4d86-ba43-abc421df11cb-groupManagement] INFO  server.RaftServerConfigKeys (ConfUtils.java:logGet(46)) - raft.server.leaderelection.member.majority-add = false (default)
2024-02-27 07:42:32,959 [e71dbbe0-7268-4d86-ba43-abc421df11cb-groupManagement] INFO  server.RaftServerConfigKeys (ConfUtils.java:logGet(46)) - raft.server.sleep.deviation.threshold = 300ms (default)
2024-02-27 07:42:32,959 [e71dbbe0-7268-4d86-ba43-abc421df11cb-groupManagement] INFO  server.RaftServer$Division (ServerState.java:<init>(113)) - e71dbbe0-7268-4d86-ba43-abc421df11cb@group-1B95EA0F41BB: ConfigurationManager, init=-1: peers:[e71dbbe0-7268-4d86-ba43-abc421df11cb|10.1.0.19:15117]|listeners:[], old=null, confs=<EMPTY_MAP>
2024-02-27 07:42:32,959 [e71dbbe0-7268-4d86-ba43-abc421df11cb-groupManagement] INFO  server.RaftServerConfigKeys (ConfUtils.java:logGet(46)) - raft.server.notification.no-leader.timeout = 300s (custom)
2024-02-27 07:42:32,960 [e71dbbe0-7268-4d86-ba43-abc421df11cb-groupManagement] INFO  server.RaftServerConfigKeys (ConfUtils.java:logGet(46)) - raft.server.read.timeout = 10s (default)
2024-02-27 07:42:32,960 [e71dbbe0-7268-4d86-ba43-abc421df11cb-groupManagement] INFO  server.RaftServerConfigKeys (ConfUtils.java:logGet(46)) - raft.server.retrycache.expirytime = 600000ms (custom)
2024-02-27 07:42:32,960 [e71dbbe0-7268-4d86-ba43-abc421df11cb-groupManagement] INFO  server.RaftServerConfigKeys (ConfUtils.java:logGet(46)) - raft.server.retrycache.statistics.expirytime = 100ms (default)
2024-02-27 07:42:32,960 [e71dbbe0-7268-4d86-ba43-abc421df11cb-groupManagement] INFO  server.RaftServerConfigKeys (ConfUtils.java:logGet(46)) - raft.server.read.option = DEFAULT (default)
2024-02-27 07:42:32,960 [e71dbbe0-7268-4d86-ba43-abc421df11cb-groupManagement] INFO  server.RaftServerConfigKeys (ConfUtils.java:logGet(46)) - raft.server.read.read-after-write-consistent.write-index-cache.expiry-time = 60s (default)
2024-02-27 07:42:32,961 [e71dbbe0-7268-4d86-ba43-abc421df11cb-groupManagement] INFO  server.RaftServerConfigKeys (ConfUtils.java:logGet(46)) - raft.server.rpc.request.timeout = 60s (custom)
2024-02-27 07:42:32,961 [e71dbbe0-7268-4d86-ba43-abc421df11cb-groupManagement] INFO  server.RaftServerConfigKeys (ConfUtils.java:logGet(46)) - raft.server.log.appender.install.snapshot.enabled = false (custom)
2024-02-27 07:42:32,961 [e71dbbe0-7268-4d86-ba43-abc421df11cb-PipelineCommandHandlerThread-0] INFO  server.RaftServer (RaftServerProxy.java:addNew(100)) - e71dbbe0-7268-4d86-ba43-abc421df11cb: addNew group-1B95EA0F41BB:[e71dbbe0-7268-4d86-ba43-abc421df11cb|10.1.0.19:15117] returns group-1B95EA0F41BB:java.util.concurrent.CompletableFuture@33980703[Not completed]
2024-02-27 07:42:32,961 [e71dbbe0-7268-4d86-ba43-abc421df11cb-groupManagement] INFO  server.RaftServerConfigKeys (ConfUtils.java:logGet(46)) - raft.server.threadpool.server.cached = true (default)
2024-02-27 07:42:32,961 [e71dbbe0-7268-4d86-ba43-abc421df11cb-groupManagement] INFO  server.RaftServerConfigKeys (ConfUtils.java:logGet(46)) - raft.server.threadpool.server.size = 0 (default)
2024-02-27 07:42:32,961 [e71dbbe0-7268-4d86-ba43-abc421df11cb-groupManagement] INFO  server.RaftServerConfigKeys (ConfUtils.java:logGet(46)) - raft.server.threadpool.client.cached = true (default)
2024-02-27 07:42:32,961 [e71dbbe0-7268-4d86-ba43-abc421df11cb-groupManagement] INFO  server.RaftServerConfigKeys (ConfUtils.java:logGet(46)) - raft.server.threadpool.client.size = 0 (default)
2024-02-27 07:42:32,961 [e71dbbe0-7268-4d86-ba43-abc421df11cb-groupManagement] INFO  server.RaftServerConfigKeys (ConfUtils.java:logGet(46)) - raft.server.storage.free-space.min = 0MB (=0) (default)
2024-02-27 07:42:32,961 [e71dbbe0-7268-4d86-ba43-abc421df11cb-groupManagement] INFO  server.RaftServerConfigKeys (ConfUtils.java:logGet(46)) - raft.server.log.corruption.policy = EXCEPTION (default)
2024-02-27 07:42:32,961 [e71dbbe0-7268-4d86-ba43-abc421df11cb-groupManagement] INFO  server.RaftServerConfigKeys (ConfUtils.java:logGet(46)) - raft.server.storage.dir = [/home/runner/work/ozone/ozone/hadoop-ozone/integration-test/target/test-dir/MiniOzoneClusterImpl-107870c4-38da-4dee-ace8-876b8e06d1b5/ozone-meta/datanode-2/ratis] (custom)
2024-02-27 07:42:32,961 [e71dbbe0-7268-4d86-ba43-abc421df11cb-groupManagement] INFO  storage.RaftStorageDirectory (RaftStorageDirectoryImpl.java:analyzeStorage(138)) - The storage directory /home/runner/work/ozone/ozone/hadoop-ozone/integration-test/target/test-dir/MiniOzoneClusterImpl-107870c4-38da-4dee-ace8-876b8e06d1b5/ozone-meta/datanode-2/ratis/6bc6a342-cbf1-4f18-82eb-1b95ea0f41bb does not exist. Creating ...
2024-02-27 07:42:32,962 [e71dbbe0-7268-4d86-ba43-abc421df11cb-groupManagement] INFO  storage.RaftStorageDirectory (RaftStorageDirectoryImpl.java:tryLock(228)) - Lock on /home/runner/work/ozone/ozone/hadoop-ozone/integration-test/target/test-dir/MiniOzoneClusterImpl-107870c4-38da-4dee-ace8-876b8e06d1b5/ozone-meta/datanode-2/ratis/6bc6a342-cbf1-4f18-82eb-1b95ea0f41bb/in_use.lock acquired by nodename 40924@fv-az699-61
2024-02-27 07:42:32,963 [e71dbbe0-7268-4d86-ba43-abc421df11cb-groupManagement] INFO  storage.RaftStorage (RaftStorageImpl.java:format(99)) - Storage directory /home/runner/work/ozone/ozone/hadoop-ozone/integration-test/target/test-dir/MiniOzoneClusterImpl-107870c4-38da-4dee-ace8-876b8e06d1b5/ozone-meta/datanode-2/ratis/6bc6a342-cbf1-4f18-82eb-1b95ea0f41bb has been successfully formatted.
2024-02-27 07:42:32,963 [e71dbbe0-7268-4d86-ba43-abc421df11cb-groupManagement] WARN  util.FileUtils (LogUtils.java:supplyAndLog(63)) - Failed to Files.newInputStream /home/runner/work/ozone/ozone/hadoop-ozone/integration-test/target/test-dir/MiniOzoneClusterImpl-107870c4-38da-4dee-ace8-876b8e06d1b5/ozone-meta/datanode-2/ratis/6bc6a342-cbf1-4f18-82eb-1b95ea0f41bb/current/raft-meta.conf with options []: java.nio.file.NoSuchFileException: /home/runner/work/ozone/ozone/hadoop-ozone/integration-test/target/test-dir/MiniOzoneClusterImpl-107870c4-38da-4dee-ace8-876b8e06d1b5/ozone-meta/datanode-2/ratis/6bc6a342-cbf1-4f18-82eb-1b95ea0f41bb/current/raft-meta.conf
2024-02-27 07:42:32,963 [e71dbbe0-7268-4d86-ba43-abc421df11cb-groupManagement] INFO  ratis.ContainerStateMachine (ContainerStateMachine.java:loadSnapshot(287)) - group-1B95EA0F41BB: The snapshot info is null. Setting the last applied index to:(t:0, i:~)
2024-02-27 07:42:32,964 [e71dbbe0-7268-4d86-ba43-abc421df11cb-groupManagement] INFO  server.RaftServerConfigKeys (ConfUtils.java:logGet(46)) - raft.server.log.use.memory = false (default)
2024-02-27 07:42:32,964 [e71dbbe0-7268-4d86-ba43-abc421df11cb-groupManagement] INFO  server.RaftServerConfigKeys (ConfUtils.java:logGet(46)) - raft.server.log.purge.gap = 1000000 (custom)
2024-02-27 07:42:32,964 [e71dbbe0-7268-4d86-ba43-abc421df11cb-groupManagement] INFO  server.RaftServerConfigKeys (ConfUtils.java:logGet(46)) - raft.server.log.appender.buffer.byte-limit = 8388608 (custom)
2024-02-27 07:42:32,964 [e71dbbe0-7268-4d86-ba43-abc421df11cb-groupManagement] INFO  server.RaftServerConfigKeys (ConfUtils.java:logGet(46)) - raft.server.log.statemachine.data.read.timeout = 1000ms (default)
2024-02-27 07:42:32,964 [e71dbbe0-7268-4d86-ba43-abc421df11cb-groupManagement] INFO  server.RaftServerConfigKeys (ConfUtils.java:logGet(46)) - raft.server.log.purge.preservation.log.num = 0 (default)
2024-02-27 07:42:32,965 [EventQueue-PipelineReportForPipelineReportHandler] INFO  pipeline.PipelineReportHandler (PipelineReportHandler.java:processPipelineReport(136)) - Opened pipeline PipelineID=6bc6a342-cbf1-4f18-82eb-1b95ea0f41bb
2024-02-27 07:42:32,965 [EventQueue-OpenPipelineForHealthyPipelineSafeModeRule] INFO  safemode.SCMSafeModeManager (HealthyPipelineSafeModeRule.java:process(140)) - SCM in safe mode. Healthy pipelines reported count is 0, required healthy pipeline reported count is 1
2024-02-27 07:42:32,965 [e71dbbe0-7268-4d86-ba43-abc421df11cb-groupManagement] INFO  server.RaftServerConfigKeys (ConfUtils.java:logGet(46)) - raft.server.log.segment.size.max = 67108864 (custom)
2024-02-27 07:42:32,965 [e71dbbe0-7268-4d86-ba43-abc421df11cb-groupManagement] INFO  server.RaftServerConfigKeys (ConfUtils.java:logGet(46)) - raft.server.log.segment.cache.num.max = 2 (custom)
2024-02-27 07:42:32,965 [e71dbbe0-7268-4d86-ba43-abc421df11cb-groupManagement] INFO  server.RaftServerConfigKeys (ConfUtils.java:logGet(46)) - raft.server.log.segment.cache.size.max = 200MB (=209715200) (default)
2024-02-27 07:42:32,965 [e71dbbe0-7268-4d86-ba43-abc421df11cb-groupManagement] INFO  server.RaftServerConfigKeys (ConfUtils.java:logGet(46)) - raft.server.log.appender.buffer.byte-limit = 8388608 (custom)
2024-02-27 07:42:32,965 [e71dbbe0-7268-4d86-ba43-abc421df11cb-groupManagement] INFO  util.AwaitToRun (AwaitToRun.java:start(81)) - Thread[e71dbbe0-7268-4d86-ba43-abc421df11cb@group-1B95EA0F41BB-cacheEviction-AwaitToRun,5,main] started
2024-02-27 07:42:32,966 [e71dbbe0-7268-4d86-ba43-abc421df11cb-groupManagement] INFO  segmented.SegmentedRaftLogWorker (SegmentedRaftLogWorker.java:<init>(182)) - new e71dbbe0-7268-4d86-ba43-abc421df11cb@group-1B95EA0F41BB-SegmentedRaftLogWorker for RaftStorageImpl:Storage Directory /home/runner/work/ozone/ozone/hadoop-ozone/integration-test/target/test-dir/MiniOzoneClusterImpl-107870c4-38da-4dee-ace8-876b8e06d1b5/ozone-meta/datanode-2/ratis/6bc6a342-cbf1-4f18-82eb-1b95ea0f41bb
2024-02-27 07:42:32,966 [e71dbbe0-7268-4d86-ba43-abc421df11cb-groupManagement] INFO  server.RaftServerConfigKeys (ConfUtils.java:logGet(46)) - raft.server.log.queue.byte-limit = 4294967296 (custom)
2024-02-27 07:42:32,966 [e71dbbe0-7268-4d86-ba43-abc421df11cb-groupManagement] INFO  server.RaftServerConfigKeys (ConfUtils.java:logGet(46)) - raft.server.log.queue.element-limit = 1024 (custom)
2024-02-27 07:42:32,966 [e71dbbe0-7268-4d86-ba43-abc421df11cb-groupManagement] INFO  server.RaftServerConfigKeys (ConfUtils.java:logGet(46)) - raft.server.log.segment.size.max = 67108864 (custom)
2024-02-27 07:42:32,966 [e71dbbe0-7268-4d86-ba43-abc421df11cb-groupManagement] INFO  server.RaftServerConfigKeys (ConfUtils.java:logGet(46)) - raft.server.log.preallocated.size = 4194304 (custom)
2024-02-27 07:42:32,966 [e71dbbe0-7268-4d86-ba43-abc421df11cb-groupManagement] INFO  server.RaftServerConfigKeys (ConfUtils.java:logGet(46)) - raft.server.log.force.sync.num = 128 (default)
2024-02-27 07:42:32,966 [e71dbbe0-7268-4d86-ba43-abc421df11cb-groupManagement] INFO  server.RaftServerConfigKeys (ConfUtils.java:logGet(46)) - raft.server.log.statemachine.data.sync = true (default)
2024-02-27 07:42:32,966 [e71dbbe0-7268-4d86-ba43-abc421df11cb-groupManagement] INFO  server.RaftServerConfigKeys (ConfUtils.java:logGet(46)) - raft.server.log.statemachine.data.sync.timeout = 10s (default)
2024-02-27 07:42:32,966 [e71dbbe0-7268-4d86-ba43-abc421df11cb-groupManagement] INFO  server.RaftServerConfigKeys (ConfUtils.java:logGet(46)) - raft.server.log.statemachine.data.sync.timeout.retry = 0 (custom)
2024-02-27 07:42:32,966 [e71dbbe0-7268-4d86-ba43-abc421df11cb-groupManagement] INFO  server.RaftServerConfigKeys (ConfUtils.java:logGet(46)) - raft.server.log.write.buffer.size = 8388616 (custom)
2024-02-27 07:42:32,967 [e71dbbe0-7268-4d86-ba43-abc421df11cb-groupManagement] INFO  server.RaftServerConfigKeys (ConfUtils.java:logGet(46)) - raft.server.log.appender.buffer.byte-limit = 8388608 (custom)
2024-02-27 07:42:32,967 [e71dbbe0-7268-4d86-ba43-abc421df11cb-groupManagement] INFO  server.RaftServerConfigKeys (ConfUtils.java:logGet(46)) - raft.server.log.unsafe-flush.enabled = false (default)
2024-02-27 07:42:32,967 [e71dbbe0-7268-4d86-ba43-abc421df11cb-groupManagement] INFO  server.RaftServerConfigKeys (ConfUtils.java:logGet(46)) - raft.server.log.async-flush.enabled = false (default)
2024-02-27 07:42:32,968 [e71dbbe0-7268-4d86-ba43-abc421df11cb-groupManagement] INFO  server.RaftServerConfigKeys (ConfUtils.java:logGet(46)) - raft.server.log.statemachine.data.caching.enabled = true (custom)
2024-02-27 07:42:32,968 [e71dbbe0-7268-4d86-ba43-abc421df11cb-groupManagement] INFO  segmented.SegmentedRaftLogWorker (SegmentedRaftLogWorker.java:lambda$new$0(134)) - e71dbbe0-7268-4d86-ba43-abc421df11cb@group-1B95EA0F41BB-SegmentedRaftLogWorker: flushIndex: setUnconditionally 0 -> -1
2024-02-27 07:42:32,968 [e71dbbe0-7268-4d86-ba43-abc421df11cb-groupManagement] INFO  segmented.SegmentedRaftLogWorker (SegmentedRaftLogWorker.java:lambda$new$0(134)) - e71dbbe0-7268-4d86-ba43-abc421df11cb@group-1B95EA0F41BB-SegmentedRaftLogWorker: safeCacheEvictIndex: setUnconditionally 0 -> -1
2024-02-27 07:42:32,968 [e71dbbe0-7268-4d86-ba43-abc421df11cb-groupManagement] INFO  server.RaftServer$Division (RaftServerImpl.java:start(396)) - e71dbbe0-7268-4d86-ba43-abc421df11cb@group-1B95EA0F41BB: start as a follower, conf=-1: peers:[e71dbbe0-7268-4d86-ba43-abc421df11cb|10.1.0.19:15117]|listeners:[], old=null
2024-02-27 07:42:32,968 [e71dbbe0-7268-4d86-ba43-abc421df11cb-groupManagement] INFO  server.RaftServer$Division (RaftServerImpl.java:setRole(383)) - e71dbbe0-7268-4d86-ba43-abc421df11cb@group-1B95EA0F41BB: changes role from      null to FOLLOWER at term 0 for startAsFollower
2024-02-27 07:42:32,968 [e71dbbe0-7268-4d86-ba43-abc421df11cb-groupManagement] INFO  impl.RoleInfo (RoleInfo.java:updateAndGet(139)) - e71dbbe0-7268-4d86-ba43-abc421df11cb: start e71dbbe0-7268-4d86-ba43-abc421df11cb@group-1B95EA0F41BB-FollowerState
2024-02-27 07:42:32,968 [e71dbbe0-7268-4d86-ba43-abc421df11cb@group-1B95EA0F41BB-FollowerState] INFO  server.RaftServerConfigKeys (ConfUtils.java:logFallback(53)) - raft.server.rpc.first-election.timeout.min = 5s (fallback to raft.server.rpc.timeout.min)
2024-02-27 07:42:32,968 [e71dbbe0-7268-4d86-ba43-abc421df11cb-groupManagement] INFO  util.JmxRegister (JmxRegister.java:tryRegister(44)) - Successfully registered JMX Bean with object name Ratis:service=RaftServer,group=group-1B95EA0F41BB,id=e71dbbe0-7268-4d86-ba43-abc421df11cb
2024-02-27 07:42:32,968 [e71dbbe0-7268-4d86-ba43-abc421df11cb@group-1B95EA0F41BB-FollowerState] INFO  server.RaftServerConfigKeys (ConfUtils.java:logFallback(53)) - raft.server.rpc.first-election.timeout.max = 5200ms (fallback to raft.server.rpc.timeout.max)
2024-02-27 07:42:32,968 [e71dbbe0-7268-4d86-ba43-abc421df11cb-groupManagement] INFO  server.RaftServerConfigKeys (ConfUtils.java:logGet(46)) - raft.server.snapshot.trigger-when-stop.enabled = true (default)
2024-02-27 07:42:32,968 [e71dbbe0-7268-4d86-ba43-abc421df11cb-groupManagement] INFO  server.RaftServerConfigKeys (ConfUtils.java:logGet(46)) - raft.server.snapshot.auto.trigger.enabled = true (custom)
2024-02-27 07:42:32,968 [e71dbbe0-7268-4d86-ba43-abc421df11cb-groupManagement] INFO  server.RaftServerConfigKeys (ConfUtils.java:logGet(46)) - raft.server.snapshot.auto.trigger.threshold = 10000 (custom)
2024-02-27 07:42:32,969 [e71dbbe0-7268-4d86-ba43-abc421df11cb-groupManagement] INFO  server.RaftServerConfigKeys (ConfUtils.java:logGet(46)) - raft.server.snapshot.retention.file.num = 5 (custom)
2024-02-27 07:42:32,969 [e71dbbe0-7268-4d86-ba43-abc421df11cb-groupManagement] INFO  server.RaftServerConfigKeys (ConfUtils.java:logGet(46)) - raft.server.log.purge.upto.snapshot.index = false (default)
2024-02-27 07:42:32,969 [e71dbbe0-7268-4d86-ba43-abc421df11cb-PipelineCommandHandlerThread-0] INFO  ratis.XceiverServerRatis (XceiverServerRatis.java:addGroup(864)) - Created group PipelineID=6bc6a342-cbf1-4f18-82eb-1b95ea0f41bb
2024-02-27 07:42:32,969 [e71dbbe0-7268-4d86-ba43-abc421df11cb-PipelineCommandHandlerThread-0] INFO  commandhandler.CreatePipelineCommandHandler (CreatePipelineCommandHandler.java:lambda$handle$2(124)) - Created Pipeline RATIS ONE PipelineID=6bc6a342-cbf1-4f18-82eb-1b95ea0f41bb.
2024-02-27 07:42:33,045 [7cccb36f-9418-4bb0-9e1b-7711a01d9c69-PipelineCommandHandlerThread-0] INFO  server.RaftServer (RaftServerProxy.java:addNew(100)) - 7cccb36f-9418-4bb0-9e1b-7711a01d9c69: addNew group-D8F10A356C5C:[7cccb36f-9418-4bb0-9e1b-7711a01d9c69|10.1.0.19:15126] returns group-D8F10A356C5C:java.util.concurrent.CompletableFuture@7bfe8908[Not completed]
2024-02-27 07:42:33,046 [7cccb36f-9418-4bb0-9e1b-7711a01d9c69-groupManagement] INFO  server.RaftServer$Division (RaftServerImpl.java:<init>(256)) - 7cccb36f-9418-4bb0-9e1b-7711a01d9c69: new RaftServerImpl for group-D8F10A356C5C:[7cccb36f-9418-4bb0-9e1b-7711a01d9c69|10.1.0.19:15126] with ContainerStateMachine:uninitialized
2024-02-27 07:42:33,046 [7cccb36f-9418-4bb0-9e1b-7711a01d9c69-groupManagement] INFO  server.RaftServerConfigKeys (ConfUtils.java:logGet(46)) - raft.server.rpc.timeout.min = 5s (custom)
2024-02-27 07:42:33,046 [7cccb36f-9418-4bb0-9e1b-7711a01d9c69-groupManagement] INFO  server.RaftServerConfigKeys (ConfUtils.java:logGet(46)) - raft.server.rpc.timeout.max = 5200ms (custom)
2024-02-27 07:42:33,046 [7cccb36f-9418-4bb0-9e1b-7711a01d9c69-groupManagement] INFO  server.RaftServerConfigKeys (ConfUtils.java:logGet(46)) - raft.server.rpc.sleep.time = 25ms (default)
2024-02-27 07:42:33,046 [7cccb36f-9418-4bb0-9e1b-7711a01d9c69-groupManagement] INFO  server.RaftServerConfigKeys (ConfUtils.java:logGet(46)) - raft.server.rpc.slowness.timeout = 300s (custom)
2024-02-27 07:42:33,046 [7cccb36f-9418-4bb0-9e1b-7711a01d9c69-groupManagement] INFO  server.RaftServerConfigKeys (ConfUtils.java:logGet(46)) - raft.server.leaderelection.leader.step-down.wait-time = 10s (default)
2024-02-27 07:42:33,046 [7cccb36f-9418-4bb0-9e1b-7711a01d9c69-groupManagement] INFO  server.RaftServerConfigKeys (ConfUtils.java:logGet(46)) - raft.server.leaderelection.member.majority-add = false (default)
2024-02-27 07:42:33,046 [7cccb36f-9418-4bb0-9e1b-7711a01d9c69-groupManagement] INFO  server.RaftServerConfigKeys (ConfUtils.java:logGet(46)) - raft.server.sleep.deviation.threshold = 300ms (default)
2024-02-27 07:42:33,046 [7cccb36f-9418-4bb0-9e1b-7711a01d9c69-groupManagement] INFO  server.RaftServer$Division (ServerState.java:<init>(113)) - 7cccb36f-9418-4bb0-9e1b-7711a01d9c69@group-D8F10A356C5C: ConfigurationManager, init=-1: peers:[7cccb36f-9418-4bb0-9e1b-7711a01d9c69|10.1.0.19:15126]|listeners:[], old=null, confs=<EMPTY_MAP>
2024-02-27 07:42:33,046 [7cccb36f-9418-4bb0-9e1b-7711a01d9c69-groupManagement] INFO  server.RaftServerConfigKeys (ConfUtils.java:logGet(46)) - raft.server.notification.no-leader.timeout = 300s (custom)
2024-02-27 07:42:33,046 [7cccb36f-9418-4bb0-9e1b-7711a01d9c69-groupManagement] INFO  server.RaftServerConfigKeys (ConfUtils.java:logGet(46)) - raft.server.read.timeout = 10s (default)
2024-02-27 07:42:33,046 [7cccb36f-9418-4bb0-9e1b-7711a01d9c69-groupManagement] INFO  server.RaftServerConfigKeys (ConfUtils.java:logGet(46)) - raft.server.retrycache.expirytime = 600000ms (custom)
2024-02-27 07:42:33,046 [7cccb36f-9418-4bb0-9e1b-7711a01d9c69-groupManagement] INFO  server.RaftServerConfigKeys (ConfUtils.java:logGet(46)) - raft.server.retrycache.statistics.expirytime = 100ms (default)
2024-02-27 07:42:33,046 [7cccb36f-9418-4bb0-9e1b-7711a01d9c69-groupManagement] INFO  server.RaftServerConfigKeys (ConfUtils.java:logGet(46)) - raft.server.read.option = DEFAULT (default)
2024-02-27 07:42:33,046 [7cccb36f-9418-4bb0-9e1b-7711a01d9c69-groupManagement] INFO  server.RaftServerConfigKeys (ConfUtils.java:logGet(46)) - raft.server.read.read-after-write-consistent.write-index-cache.expiry-time = 60s (default)
2024-02-27 07:42:33,047 [7cccb36f-9418-4bb0-9e1b-7711a01d9c69-groupManagement] INFO  server.RaftServerConfigKeys (ConfUtils.java:logGet(46)) - raft.server.rpc.request.timeout = 60s (custom)
2024-02-27 07:42:33,047 [7cccb36f-9418-4bb0-9e1b-7711a01d9c69-groupManagement] INFO  server.RaftServerConfigKeys (ConfUtils.java:logGet(46)) - raft.server.log.appender.install.snapshot.enabled = false (custom)
2024-02-27 07:42:33,048 [7cccb36f-9418-4bb0-9e1b-7711a01d9c69-groupManagement] INFO  server.RaftServerConfigKeys (ConfUtils.java:logGet(46)) - raft.server.threadpool.server.cached = true (default)
2024-02-27 07:42:33,048 [7cccb36f-9418-4bb0-9e1b-7711a01d9c69-groupManagement] INFO  server.RaftServerConfigKeys (ConfUtils.java:logGet(46)) - raft.server.threadpool.server.size = 0 (default)
2024-02-27 07:42:33,048 [7cccb36f-9418-4bb0-9e1b-7711a01d9c69-groupManagement] INFO  server.RaftServerConfigKeys (ConfUtils.java:logGet(46)) - raft.server.threadpool.client.cached = true (default)
2024-02-27 07:42:33,048 [7cccb36f-9418-4bb0-9e1b-7711a01d9c69-groupManagement] INFO  server.RaftServerConfigKeys (ConfUtils.java:logGet(46)) - raft.server.threadpool.client.size = 0 (default)
2024-02-27 07:42:33,048 [7cccb36f-9418-4bb0-9e1b-7711a01d9c69-groupManagement] INFO  server.RaftServerConfigKeys (ConfUtils.java:logGet(46)) - raft.server.storage.free-space.min = 0MB (=0) (default)
2024-02-27 07:42:33,048 [7cccb36f-9418-4bb0-9e1b-7711a01d9c69-groupManagement] INFO  server.RaftServerConfigKeys (ConfUtils.java:logGet(46)) - raft.server.log.corruption.policy = EXCEPTION (default)
2024-02-27 07:42:33,048 [7cccb36f-9418-4bb0-9e1b-7711a01d9c69-groupManagement] INFO  server.RaftServerConfigKeys (ConfUtils.java:logGet(46)) - raft.server.storage.dir = [/home/runner/work/ozone/ozone/hadoop-ozone/integration-test/target/test-dir/MiniOzoneClusterImpl-107870c4-38da-4dee-ace8-876b8e06d1b5/ozone-meta/datanode-3/ratis] (custom)
2024-02-27 07:42:33,048 [7cccb36f-9418-4bb0-9e1b-7711a01d9c69-groupManagement] INFO  storage.RaftStorageDirectory (RaftStorageDirectoryImpl.java:analyzeStorage(138)) - The storage directory /home/runner/work/ozone/ozone/hadoop-ozone/integration-test/target/test-dir/MiniOzoneClusterImpl-107870c4-38da-4dee-ace8-876b8e06d1b5/ozone-meta/datanode-3/ratis/e7681258-4255-4350-bbd9-d8f10a356c5c does not exist. Creating ...
2024-02-27 07:42:33,048 [main] INFO  ozone.MiniOzoneClusterImpl (MiniOzoneClusterImpl.java:lambda$waitForClusterToBeReady$0(195)) - Nodes are ready. Got 3 of 3 DN Heartbeats.
2024-02-27 07:42:33,048 [main] INFO  ozone.MiniOzoneClusterImpl (MiniOzoneClusterImpl.java:lambda$waitForClusterToBeReady$0(198)) - Waiting for cluster to exit safe mode
2024-02-27 07:42:33,049 [main] INFO  ozone.MiniOzoneClusterImpl (MiniOzoneClusterImpl.java:lambda$waitForClusterToBeReady$0(200)) - SCM became leader
2024-02-27 07:42:33,050 [7cccb36f-9418-4bb0-9e1b-7711a01d9c69-groupManagement] INFO  storage.RaftStorageDirectory (RaftStorageDirectoryImpl.java:tryLock(228)) - Lock on /home/runner/work/ozone/ozone/hadoop-ozone/integration-test/target/test-dir/MiniOzoneClusterImpl-107870c4-38da-4dee-ace8-876b8e06d1b5/ozone-meta/datanode-3/ratis/e7681258-4255-4350-bbd9-d8f10a356c5c/in_use.lock acquired by nodename 40924@fv-az699-61
2024-02-27 07:42:33,051 [7cccb36f-9418-4bb0-9e1b-7711a01d9c69-groupManagement] INFO  storage.RaftStorage (RaftStorageImpl.java:format(99)) - Storage directory /home/runner/work/ozone/ozone/hadoop-ozone/integration-test/target/test-dir/MiniOzoneClusterImpl-107870c4-38da-4dee-ace8-876b8e06d1b5/ozone-meta/datanode-3/ratis/e7681258-4255-4350-bbd9-d8f10a356c5c has been successfully formatted.
2024-02-27 07:42:33,051 [7cccb36f-9418-4bb0-9e1b-7711a01d9c69-groupManagement] WARN  util.FileUtils (LogUtils.java:supplyAndLog(63)) - Failed to Files.newInputStream /home/runner/work/ozone/ozone/hadoop-ozone/integration-test/target/test-dir/MiniOzoneClusterImpl-107870c4-38da-4dee-ace8-876b8e06d1b5/ozone-meta/datanode-3/ratis/e7681258-4255-4350-bbd9-d8f10a356c5c/current/raft-meta.conf with options []: java.nio.file.NoSuchFileException: /home/runner/work/ozone/ozone/hadoop-ozone/integration-test/target/test-dir/MiniOzoneClusterImpl-107870c4-38da-4dee-ace8-876b8e06d1b5/ozone-meta/datanode-3/ratis/e7681258-4255-4350-bbd9-d8f10a356c5c/current/raft-meta.conf
2024-02-27 07:42:33,051 [7cccb36f-9418-4bb0-9e1b-7711a01d9c69-groupManagement] INFO  ratis.ContainerStateMachine (ContainerStateMachine.java:loadSnapshot(287)) - group-D8F10A356C5C: The snapshot info is null. Setting the last applied index to:(t:0, i:~)
2024-02-27 07:42:33,051 [7cccb36f-9418-4bb0-9e1b-7711a01d9c69-groupManagement] INFO  server.RaftServerConfigKeys (ConfUtils.java:logGet(46)) - raft.server.log.use.memory = false (default)
2024-02-27 07:42:33,051 [7cccb36f-9418-4bb0-9e1b-7711a01d9c69-groupManagement] INFO  server.RaftServerConfigKeys (ConfUtils.java:logGet(46)) - raft.server.log.purge.gap = 1000000 (custom)
2024-02-27 07:42:33,051 [7cccb36f-9418-4bb0-9e1b-7711a01d9c69-groupManagement] INFO  server.RaftServerConfigKeys (ConfUtils.java:logGet(46)) - raft.server.log.appender.buffer.byte-limit = 8388608 (custom)
2024-02-27 07:42:33,051 [7cccb36f-9418-4bb0-9e1b-7711a01d9c69-groupManagement] INFO  server.RaftServerConfigKeys (ConfUtils.java:logGet(46)) - raft.server.log.statemachine.data.read.timeout = 1000ms (default)
2024-02-27 07:42:33,051 [7cccb36f-9418-4bb0-9e1b-7711a01d9c69-groupManagement] INFO  server.RaftServerConfigKeys (ConfUtils.java:logGet(46)) - raft.server.log.purge.preservation.log.num = 0 (default)
2024-02-27 07:42:33,052 [EventQueue-PipelineReportForPipelineReportHandler] INFO  pipeline.PipelineReportHandler (PipelineReportHandler.java:processPipelineReport(136)) - Opened pipeline PipelineID=e7681258-4255-4350-bbd9-d8f10a356c5c
2024-02-27 07:42:33,052 [EventQueue-OpenPipelineForHealthyPipelineSafeModeRule] INFO  safemode.SCMSafeModeManager (HealthyPipelineSafeModeRule.java:process(140)) - SCM in safe mode. Healthy pipelines reported count is 0, required healthy pipeline reported count is 1
2024-02-27 07:42:33,052 [7cccb36f-9418-4bb0-9e1b-7711a01d9c69-groupManagement] INFO  server.RaftServerConfigKeys (ConfUtils.java:logGet(46)) - raft.server.log.segment.size.max = 67108864 (custom)
2024-02-27 07:42:33,052 [7cccb36f-9418-4bb0-9e1b-7711a01d9c69-groupManagement] INFO  server.RaftServerConfigKeys (ConfUtils.java:logGet(46)) - raft.server.log.segment.cache.num.max = 2 (custom)
2024-02-27 07:42:33,053 [7cccb36f-9418-4bb0-9e1b-7711a01d9c69-groupManagement] INFO  server.RaftServerConfigKeys (ConfUtils.java:logGet(46)) - raft.server.log.segment.cache.size.max = 200MB (=209715200) (default)
2024-02-27 07:42:33,053 [7cccb36f-9418-4bb0-9e1b-7711a01d9c69-groupManagement] INFO  server.RaftServerConfigKeys (ConfUtils.java:logGet(46)) - raft.server.log.appender.buffer.byte-limit = 8388608 (custom)
2024-02-27 07:42:33,053 [7cccb36f-9418-4bb0-9e1b-7711a01d9c69-groupManagement] INFO  util.AwaitToRun (AwaitToRun.java:start(81)) - Thread[7cccb36f-9418-4bb0-9e1b-7711a01d9c69@group-D8F10A356C5C-cacheEviction-AwaitToRun,5,main] started
2024-02-27 07:42:33,053 [7cccb36f-9418-4bb0-9e1b-7711a01d9c69-groupManagement] INFO  segmented.SegmentedRaftLogWorker (SegmentedRaftLogWorker.java:<init>(182)) - new 7cccb36f-9418-4bb0-9e1b-7711a01d9c69@group-D8F10A356C5C-SegmentedRaftLogWorker for RaftStorageImpl:Storage Directory /home/runner/work/ozone/ozone/hadoop-ozone/integration-test/target/test-dir/MiniOzoneClusterImpl-107870c4-38da-4dee-ace8-876b8e06d1b5/ozone-meta/datanode-3/ratis/e7681258-4255-4350-bbd9-d8f10a356c5c
2024-02-27 07:42:33,053 [7cccb36f-9418-4bb0-9e1b-7711a01d9c69-groupManagement] INFO  server.RaftServerConfigKeys (ConfUtils.java:logGet(46)) - raft.server.log.queue.byte-limit = 4294967296 (custom)
2024-02-27 07:42:33,053 [7cccb36f-9418-4bb0-9e1b-7711a01d9c69-groupManagement] INFO  server.RaftServerConfigKeys (ConfUtils.java:logGet(46)) - raft.server.log.queue.element-limit = 1024 (custom)
2024-02-27 07:42:33,053 [7cccb36f-9418-4bb0-9e1b-7711a01d9c69-groupManagement] INFO  server.RaftServerConfigKeys (ConfUtils.java:logGet(46)) - raft.server.log.segment.size.max = 67108864 (custom)
2024-02-27 07:42:33,053 [7cccb36f-9418-4bb0-9e1b-7711a01d9c69-groupManagement] INFO  server.RaftServerConfigKeys (ConfUtils.java:logGet(46)) - raft.server.log.preallocated.size = 4194304 (custom)
2024-02-27 07:42:33,053 [7cccb36f-9418-4bb0-9e1b-7711a01d9c69-groupManagement] INFO  server.RaftServerConfigKeys (ConfUtils.java:logGet(46)) - raft.server.log.force.sync.num = 128 (default)
2024-02-27 07:42:33,053 [7cccb36f-9418-4bb0-9e1b-7711a01d9c69-groupManagement] INFO  server.RaftServerConfigKeys (ConfUtils.java:logGet(46)) - raft.server.log.statemachine.data.sync = true (default)
2024-02-27 07:42:33,053 [7cccb36f-9418-4bb0-9e1b-7711a01d9c69-groupManagement] INFO  server.RaftServerConfigKeys (ConfUtils.java:logGet(46)) - raft.server.log.statemachine.data.sync.timeout = 10s (default)
2024-02-27 07:42:33,053 [7cccb36f-9418-4bb0-9e1b-7711a01d9c69-groupManagement] INFO  server.RaftServerConfigKeys (ConfUtils.java:logGet(46)) - raft.server.log.statemachine.data.sync.timeout.retry = 0 (custom)
2024-02-27 07:42:33,054 [7cccb36f-9418-4bb0-9e1b-7711a01d9c69-groupManagement] INFO  server.RaftServerConfigKeys (ConfUtils.java:logGet(46)) - raft.server.log.write.buffer.size = 8388616 (custom)
2024-02-27 07:42:33,055 [7cccb36f-9418-4bb0-9e1b-7711a01d9c69-groupManagement] INFO  server.RaftServerConfigKeys (ConfUtils.java:logGet(46)) - raft.server.log.appender.buffer.byte-limit = 8388608 (custom)
2024-02-27 07:42:33,055 [7cccb36f-9418-4bb0-9e1b-7711a01d9c69-groupManagement] INFO  server.RaftServerConfigKeys (ConfUtils.java:logGet(46)) - raft.server.log.unsafe-flush.enabled = false (default)
2024-02-27 07:42:33,055 [7cccb36f-9418-4bb0-9e1b-7711a01d9c69-groupManagement] INFO  server.RaftServerConfigKeys (ConfUtils.java:logGet(46)) - raft.server.log.async-flush.enabled = false (default)
2024-02-27 07:42:33,055 [7cccb36f-9418-4bb0-9e1b-7711a01d9c69-groupManagement] INFO  server.RaftServerConfigKeys (ConfUtils.java:logGet(46)) - raft.server.log.statemachine.data.caching.enabled = true (custom)
2024-02-27 07:42:33,055 [7cccb36f-9418-4bb0-9e1b-7711a01d9c69-groupManagement] INFO  segmented.SegmentedRaftLogWorker (SegmentedRaftLogWorker.java:lambda$new$0(134)) - 7cccb36f-9418-4bb0-9e1b-7711a01d9c69@group-D8F10A356C5C-SegmentedRaftLogWorker: flushIndex: setUnconditionally 0 -> -1
2024-02-27 07:42:33,055 [7cccb36f-9418-4bb0-9e1b-7711a01d9c69-groupManagement] INFO  segmented.SegmentedRaftLogWorker (SegmentedRaftLogWorker.java:lambda$new$0(134)) - 7cccb36f-9418-4bb0-9e1b-7711a01d9c69@group-D8F10A356C5C-SegmentedRaftLogWorker: safeCacheEvictIndex: setUnconditionally 0 -> -1
2024-02-27 07:42:33,055 [7cccb36f-9418-4bb0-9e1b-7711a01d9c69-groupManagement] INFO  server.RaftServer$Division (RaftServerImpl.java:start(396)) - 7cccb36f-9418-4bb0-9e1b-7711a01d9c69@group-D8F10A356C5C: start as a follower, conf=-1: peers:[7cccb36f-9418-4bb0-9e1b-7711a01d9c69|10.1.0.19:15126]|listeners:[], old=null
2024-02-27 07:42:33,055 [7cccb36f-9418-4bb0-9e1b-7711a01d9c69-groupManagement] INFO  server.RaftServer$Division (RaftServerImpl.java:setRole(383)) - 7cccb36f-9418-4bb0-9e1b-7711a01d9c69@group-D8F10A356C5C: changes role from      null to FOLLOWER at term 0 for startAsFollower
2024-02-27 07:42:33,055 [7cccb36f-9418-4bb0-9e1b-7711a01d9c69-groupManagement] INFO  impl.RoleInfo (RoleInfo.java:updateAndGet(139)) - 7cccb36f-9418-4bb0-9e1b-7711a01d9c69: start 7cccb36f-9418-4bb0-9e1b-7711a01d9c69@group-D8F10A356C5C-FollowerState
2024-02-27 07:42:33,056 [7cccb36f-9418-4bb0-9e1b-7711a01d9c69-groupManagement] INFO  util.JmxRegister (JmxRegister.java:tryRegister(44)) - Successfully registered JMX Bean with object name Ratis:service=RaftServer,group=group-D8F10A356C5C,id=7cccb36f-9418-4bb0-9e1b-7711a01d9c69
2024-02-27 07:42:33,056 [7cccb36f-9418-4bb0-9e1b-7711a01d9c69@group-D8F10A356C5C-FollowerState] INFO  server.RaftServerConfigKeys (ConfUtils.java:logFallback(53)) - raft.server.rpc.first-election.timeout.min = 5s (fallback to raft.server.rpc.timeout.min)
2024-02-27 07:42:33,056 [7cccb36f-9418-4bb0-9e1b-7711a01d9c69-groupManagement] INFO  server.RaftServerConfigKeys (ConfUtils.java:logGet(46)) - raft.server.snapshot.trigger-when-stop.enabled = true (default)
2024-02-27 07:42:33,056 [7cccb36f-9418-4bb0-9e1b-7711a01d9c69@group-D8F10A356C5C-FollowerState] INFO  server.RaftServerConfigKeys (ConfUtils.java:logFallback(53)) - raft.server.rpc.first-election.timeout.max = 5200ms (fallback to raft.server.rpc.timeout.max)
2024-02-27 07:42:33,056 [7cccb36f-9418-4bb0-9e1b-7711a01d9c69-groupManagement] INFO  server.RaftServerConfigKeys (ConfUtils.java:logGet(46)) - raft.server.snapshot.auto.trigger.enabled = true (custom)
2024-02-27 07:42:33,056 [7cccb36f-9418-4bb0-9e1b-7711a01d9c69-groupManagement] INFO  server.RaftServerConfigKeys (ConfUtils.java:logGet(46)) - raft.server.snapshot.auto.trigger.threshold = 10000 (custom)
2024-02-27 07:42:33,056 [7cccb36f-9418-4bb0-9e1b-7711a01d9c69-groupManagement] INFO  server.RaftServerConfigKeys (ConfUtils.java:logGet(46)) - raft.server.snapshot.retention.file.num = 5 (custom)
2024-02-27 07:42:33,056 [7cccb36f-9418-4bb0-9e1b-7711a01d9c69-groupManagement] INFO  server.RaftServerConfigKeys (ConfUtils.java:logGet(46)) - raft.server.log.purge.upto.snapshot.index = false (default)
2024-02-27 07:42:33,057 [7cccb36f-9418-4bb0-9e1b-7711a01d9c69-PipelineCommandHandlerThread-0] INFO  ratis.XceiverServerRatis (XceiverServerRatis.java:addGroup(864)) - Created group PipelineID=e7681258-4255-4350-bbd9-d8f10a356c5c
2024-02-27 07:42:33,057 [7cccb36f-9418-4bb0-9e1b-7711a01d9c69-PipelineCommandHandlerThread-0] INFO  commandhandler.CreatePipelineCommandHandler (CreatePipelineCommandHandler.java:lambda$handle$2(124)) - Created Pipeline RATIS ONE PipelineID=e7681258-4255-4350-bbd9-d8f10a356c5c.
2024-02-27 07:42:34,049 [main] INFO  ozone.MiniOzoneClusterImpl (MiniOzoneClusterImpl.java:lambda$waitForClusterToBeReady$0(195)) - Nodes are ready. Got 3 of 3 DN Heartbeats.
2024-02-27 07:42:34,049 [main] INFO  ozone.MiniOzoneClusterImpl (MiniOzoneClusterImpl.java:lambda$waitForClusterToBeReady$0(198)) - Waiting for cluster to exit safe mode
2024-02-27 07:42:34,049 [main] INFO  ozone.MiniOzoneClusterImpl (MiniOzoneClusterImpl.java:lambda$waitForClusterToBeReady$0(200)) - SCM became leader
2024-02-27 07:42:35,049 [main] INFO  ozone.MiniOzoneClusterImpl (MiniOzoneClusterImpl.java:lambda$waitForClusterToBeReady$0(195)) - Nodes are ready. Got 3 of 3 DN Heartbeats.
2024-02-27 07:42:35,050 [main] INFO  ozone.MiniOzoneClusterImpl (MiniOzoneClusterImpl.java:lambda$waitForClusterToBeReady$0(198)) - Waiting for cluster to exit safe mode
2024-02-27 07:42:35,050 [main] INFO  ozone.MiniOzoneClusterImpl (MiniOzoneClusterImpl.java:lambda$waitForClusterToBeReady$0(200)) - SCM became leader
2024-02-27 07:42:36,050 [main] INFO  ozone.MiniOzoneClusterImpl (MiniOzoneClusterImpl.java:lambda$waitForClusterToBeReady$0(195)) - Nodes are ready. Got 3 of 3 DN Heartbeats.
2024-02-27 07:42:36,050 [main] INFO  ozone.MiniOzoneClusterImpl (MiniOzoneClusterImpl.java:lambda$waitForClusterToBeReady$0(198)) - Waiting for cluster to exit safe mode
2024-02-27 07:42:36,050 [main] INFO  ozone.MiniOzoneClusterImpl (MiniOzoneClusterImpl.java:lambda$waitForClusterToBeReady$0(200)) - SCM became leader
2024-02-27 07:42:37,050 [main] INFO  ozone.MiniOzoneClusterImpl (MiniOzoneClusterImpl.java:lambda$waitForClusterToBeReady$0(195)) - Nodes are ready. Got 3 of 3 DN Heartbeats.
2024-02-27 07:42:37,051 [main] INFO  ozone.MiniOzoneClusterImpl (MiniOzoneClusterImpl.java:lambda$waitForClusterToBeReady$0(198)) - Waiting for cluster to exit safe mode
2024-02-27 07:42:37,051 [main] INFO  ozone.MiniOzoneClusterImpl (MiniOzoneClusterImpl.java:lambda$waitForClusterToBeReady$0(200)) - SCM became leader
2024-02-27 07:42:37,882 [2fdf9b97-f8e3-478e-95f7-818a752c939a@group-410B0000E8A0-FollowerState] INFO  impl.FollowerState (FollowerState.java:run(143)) - 2fdf9b97-f8e3-478e-95f7-818a752c939a@group-410B0000E8A0-FollowerState: change to CANDIDATE, lastRpcElapsedTime:5032431307ns, electionTimeout:5032ms
2024-02-27 07:42:37,882 [2fdf9b97-f8e3-478e-95f7-818a752c939a@group-410B0000E8A0-FollowerState] INFO  impl.RoleInfo (RoleInfo.java:shutdownFollowerState(110)) - 2fdf9b97-f8e3-478e-95f7-818a752c939a: shutdown 2fdf9b97-f8e3-478e-95f7-818a752c939a@group-410B0000E8A0-FollowerState
2024-02-27 07:42:37,882 [2fdf9b97-f8e3-478e-95f7-818a752c939a@group-410B0000E8A0-FollowerState] INFO  server.RaftServer$Division (RaftServerImpl.java:setRole(383)) - 2fdf9b97-f8e3-478e-95f7-818a752c939a@group-410B0000E8A0: changes role from  FOLLOWER to CANDIDATE at term 0 for changeToCandidate
2024-02-27 07:42:37,882 [2fdf9b97-f8e3-478e-95f7-818a752c939a@group-410B0000E8A0-FollowerState] INFO  server.RaftServerConfigKeys (ConfUtils.java:logGet(46)) - raft.server.leaderelection.pre-vote = true (default)
2024-02-27 07:42:37,882 [2fdf9b97-f8e3-478e-95f7-818a752c939a@group-410B0000E8A0-FollowerState] INFO  impl.RoleInfo (RoleInfo.java:updateAndGet(139)) - 2fdf9b97-f8e3-478e-95f7-818a752c939a: start 2fdf9b97-f8e3-478e-95f7-818a752c939a@group-410B0000E8A0-LeaderElection24
2024-02-27 07:42:37,884 [2fdf9b97-f8e3-478e-95f7-818a752c939a@group-410B0000E8A0-LeaderElection24] INFO  impl.LeaderElection (LeaderElection.java:askForVotes(321)) - 2fdf9b97-f8e3-478e-95f7-818a752c939a@group-410B0000E8A0-LeaderElection24 PRE_VOTE round 0: submit vote requests at term 0 for -1: peers:[e71dbbe0-7268-4d86-ba43-abc421df11cb|10.1.0.19:15117, 7cccb36f-9418-4bb0-9e1b-7711a01d9c69|10.1.0.19:15126, 2fdf9b97-f8e3-478e-95f7-818a752c939a|10.1.0.19:15108]|listeners:[], old=null
2024-02-27 07:42:37,884 [2fdf9b97-f8e3-478e-95f7-818a752c939a@group-410B0000E8A0-LeaderElection24-1] INFO  server.GrpcServerProtocolClient (GrpcServerProtocolClient.java:<init>(65)) - Build channel for e71dbbe0-7268-4d86-ba43-abc421df11cb|10.1.0.19:15117
2024-02-27 07:42:37,884 [2fdf9b97-f8e3-478e-95f7-818a752c939a@group-410B0000E8A0-LeaderElection24-2] INFO  server.GrpcServerProtocolClient (GrpcServerProtocolClient.java:<init>(65)) - Build channel for 7cccb36f-9418-4bb0-9e1b-7711a01d9c69|10.1.0.19:15126
2024-02-27 07:42:37,884 [2fdf9b97-f8e3-478e-95f7-818a752c939a@group-410B0000E8A0-LeaderElection24] INFO  server.RaftServerConfigKeys (ConfUtils.java:logFallback(53)) - raft.server.rpc.first-election.timeout.min = 5s (fallback to raft.server.rpc.timeout.min)
2024-02-27 07:42:37,885 [2fdf9b97-f8e3-478e-95f7-818a752c939a@group-410B0000E8A0-LeaderElection24] INFO  server.RaftServerConfigKeys (ConfUtils.java:logFallback(53)) - raft.server.rpc.first-election.timeout.max = 5200ms (fallback to raft.server.rpc.timeout.max)
2024-02-27 07:42:37,890 [grpc-default-executor-2] INFO  server.RaftServer$Division (RaftServerImpl.java:requestVote(1389)) - e71dbbe0-7268-4d86-ba43-abc421df11cb@group-410B0000E8A0: receive requestVote(PRE_VOTE, 2fdf9b97-f8e3-478e-95f7-818a752c939a, group-410B0000E8A0, 0, (t:0, i:0))
2024-02-27 07:42:37,890 [grpc-default-executor-2] INFO  impl.VoteContext (VoteContext.java:log(49)) - e71dbbe0-7268-4d86-ba43-abc421df11cb@group-410B0000E8A0-FOLLOWER: reject PRE_VOTE from 2fdf9b97-f8e3-478e-95f7-818a752c939a: our priority 1 > candidate's priority 0
2024-02-27 07:42:37,890 [grpc-default-executor-2] INFO  server.RaftServer$Division (RaftServerImpl.java:requestVote(1422)) - e71dbbe0-7268-4d86-ba43-abc421df11cb@group-410B0000E8A0 replies to PRE_VOTE vote request: 2fdf9b97-f8e3-478e-95f7-818a752c939a<-e71dbbe0-7268-4d86-ba43-abc421df11cb#0:FAIL-t0. Peer's state: e71dbbe0-7268-4d86-ba43-abc421df11cb@group-410B0000E8A0:t0, leader=null, voted=, raftlog=Memoized:e71dbbe0-7268-4d86-ba43-abc421df11cb@group-410B0000E8A0-SegmentedRaftLog:OPENED:c-1, conf=-1: peers:[e71dbbe0-7268-4d86-ba43-abc421df11cb|10.1.0.19:15117, 7cccb36f-9418-4bb0-9e1b-7711a01d9c69|10.1.0.19:15126, 2fdf9b97-f8e3-478e-95f7-818a752c939a|10.1.0.19:15108]|listeners:[], old=null
2024-02-27 07:42:37,891 [2fdf9b97-f8e3-478e-95f7-818a752c939a@group-410B0000E8A0-LeaderElection24] INFO  impl.LeaderElection (LeaderElection.java:logAndReturn(89)) - 2fdf9b97-f8e3-478e-95f7-818a752c939a@group-410B0000E8A0-LeaderElection24: PRE_VOTE REJECTED received 1 response(s) and 0 exception(s):
2024-02-27 07:42:37,891 [2fdf9b97-f8e3-478e-95f7-818a752c939a@group-410B0000E8A0-LeaderElection24] INFO  impl.LeaderElection (LeaderElection.java:logAndReturn(93)) -   Response 0: 2fdf9b97-f8e3-478e-95f7-818a752c939a<-e71dbbe0-7268-4d86-ba43-abc421df11cb#0:FAIL-t0
2024-02-27 07:42:37,891 [2fdf9b97-f8e3-478e-95f7-818a752c939a@group-410B0000E8A0-LeaderElection24] INFO  impl.LeaderElection (LeaderElection.java:askForVotes(323)) - 2fdf9b97-f8e3-478e-95f7-818a752c939a@group-410B0000E8A0-LeaderElection24 PRE_VOTE round 0: result REJECTED
2024-02-27 07:42:37,891 [2fdf9b97-f8e3-478e-95f7-818a752c939a@group-410B0000E8A0-LeaderElection24] INFO  server.RaftServer$Division (RaftServerImpl.java:setRole(383)) - 2fdf9b97-f8e3-478e-95f7-818a752c939a@group-410B0000E8A0: changes role from CANDIDATE to FOLLOWER at term 0 for REJECTED
2024-02-27 07:42:37,891 [2fdf9b97-f8e3-478e-95f7-818a752c939a@group-410B0000E8A0-LeaderElection24] INFO  impl.RoleInfo (RoleInfo.java:shutdownLeaderElection(130)) - 2fdf9b97-f8e3-478e-95f7-818a752c939a: shutdown 2fdf9b97-f8e3-478e-95f7-818a752c939a@group-410B0000E8A0-LeaderElection24
2024-02-27 07:42:37,891 [2fdf9b97-f8e3-478e-95f7-818a752c939a@group-410B0000E8A0-LeaderElection24] INFO  impl.RoleInfo (RoleInfo.java:updateAndGet(139)) - 2fdf9b97-f8e3-478e-95f7-818a752c939a: start 2fdf9b97-f8e3-478e-95f7-818a752c939a@group-410B0000E8A0-FollowerState
2024-02-27 07:42:37,891 [grpc-default-executor-2] INFO  server.RaftServer$Division (RaftServerImpl.java:requestVote(1389)) - 7cccb36f-9418-4bb0-9e1b-7711a01d9c69@group-410B0000E8A0: receive requestVote(PRE_VOTE, 2fdf9b97-f8e3-478e-95f7-818a752c939a, group-410B0000E8A0, 0, (t:0, i:0))
2024-02-27 07:42:37,891 [2fdf9b97-f8e3-478e-95f7-818a752c939a@group-410B0000E8A0-LeaderElection24] INFO  server.RaftServer$Division (RaftServerImpl.java:setFirstElection(574)) - 2fdf9b97-f8e3-478e-95f7-818a752c939a@group-410B0000E8A0: set firstElectionSinceStartup to false for REJECTED
2024-02-27 07:42:37,891 [grpc-default-executor-2] INFO  impl.VoteContext (VoteContext.java:log(49)) - 7cccb36f-9418-4bb0-9e1b-7711a01d9c69@group-410B0000E8A0-FOLLOWER: accept PRE_VOTE from 2fdf9b97-f8e3-478e-95f7-818a752c939a: our priority 0 <= candidate's priority 0
2024-02-27 07:42:37,891 [grpc-default-executor-2] INFO  server.RaftServer$Division (RaftServerImpl.java:requestVote(1422)) - 7cccb36f-9418-4bb0-9e1b-7711a01d9c69@group-410B0000E8A0 replies to PRE_VOTE vote request: 2fdf9b97-f8e3-478e-95f7-818a752c939a<-7cccb36f-9418-4bb0-9e1b-7711a01d9c69#0:OK-t0. Peer's state: 7cccb36f-9418-4bb0-9e1b-7711a01d9c69@group-410B0000E8A0:t0, leader=null, voted=, raftlog=Memoized:7cccb36f-9418-4bb0-9e1b-7711a01d9c69@group-410B0000E8A0-SegmentedRaftLog:OPENED:c-1, conf=-1: peers:[e71dbbe0-7268-4d86-ba43-abc421df11cb|10.1.0.19:15117, 7cccb36f-9418-4bb0-9e1b-7711a01d9c69|10.1.0.19:15126, 2fdf9b97-f8e3-478e-95f7-818a752c939a|10.1.0.19:15108]|listeners:[], old=null
2024-02-27 07:42:37,944 [2fdf9b97-f8e3-478e-95f7-818a752c939a@group-EEC7F2D54C54-FollowerState] INFO  impl.FollowerState (FollowerState.java:run(143)) - 2fdf9b97-f8e3-478e-95f7-818a752c939a@group-EEC7F2D54C54-FollowerState: change to CANDIDATE, lastRpcElapsedTime:5106462455ns, electionTimeout:5106ms
2024-02-27 07:42:37,944 [2fdf9b97-f8e3-478e-95f7-818a752c939a@group-EEC7F2D54C54-FollowerState] INFO  impl.RoleInfo (RoleInfo.java:shutdownFollowerState(110)) - 2fdf9b97-f8e3-478e-95f7-818a752c939a: shutdown 2fdf9b97-f8e3-478e-95f7-818a752c939a@group-EEC7F2D54C54-FollowerState
2024-02-27 07:42:37,944 [2fdf9b97-f8e3-478e-95f7-818a752c939a@group-EEC7F2D54C54-FollowerState] INFO  server.RaftServer$Division (RaftServerImpl.java:setRole(383)) - 2fdf9b97-f8e3-478e-95f7-818a752c939a@group-EEC7F2D54C54: changes role from  FOLLOWER to CANDIDATE at term 0 for changeToCandidate
2024-02-27 07:42:37,944 [2fdf9b97-f8e3-478e-95f7-818a752c939a@group-EEC7F2D54C54-FollowerState] INFO  server.RaftServerConfigKeys (ConfUtils.java:logGet(46)) - raft.server.leaderelection.pre-vote = true (default)
2024-02-27 07:42:37,944 [2fdf9b97-f8e3-478e-95f7-818a752c939a@group-EEC7F2D54C54-FollowerState] INFO  impl.RoleInfo (RoleInfo.java:updateAndGet(139)) - 2fdf9b97-f8e3-478e-95f7-818a752c939a: start 2fdf9b97-f8e3-478e-95f7-818a752c939a@group-EEC7F2D54C54-LeaderElection25
2024-02-27 07:42:37,946 [2fdf9b97-f8e3-478e-95f7-818a752c939a@group-EEC7F2D54C54-LeaderElection25] INFO  impl.LeaderElection (LeaderElection.java:askForVotes(321)) - 2fdf9b97-f8e3-478e-95f7-818a752c939a@group-EEC7F2D54C54-LeaderElection25 PRE_VOTE round 0: submit vote requests at term 0 for -1: peers:[2fdf9b97-f8e3-478e-95f7-818a752c939a|10.1.0.19:15108]|listeners:[], old=null
2024-02-27 07:42:37,946 [2fdf9b97-f8e3-478e-95f7-818a752c939a@group-EEC7F2D54C54-LeaderElection25] INFO  impl.LeaderElection (LeaderElection.java:askForVotes(323)) - 2fdf9b97-f8e3-478e-95f7-818a752c939a@group-EEC7F2D54C54-LeaderElection25 PRE_VOTE round 0: result PASSED (term=0)
2024-02-27 07:42:37,947 [2fdf9b97-f8e3-478e-95f7-818a752c939a@group-EEC7F2D54C54-LeaderElection25] INFO  impl.LeaderElection (LeaderElection.java:askForVotes(321)) - 2fdf9b97-f8e3-478e-95f7-818a752c939a@group-EEC7F2D54C54-LeaderElection25 ELECTION round 0: submit vote requests at term 1 for -1: peers:[2fdf9b97-f8e3-478e-95f7-818a752c939a|10.1.0.19:15108]|listeners:[], old=null
2024-02-27 07:42:37,947 [2fdf9b97-f8e3-478e-95f7-818a752c939a@group-EEC7F2D54C54-LeaderElection25] INFO  impl.LeaderElection (LeaderElection.java:askForVotes(323)) - 2fdf9b97-f8e3-478e-95f7-818a752c939a@group-EEC7F2D54C54-LeaderElection25 ELECTION round 0: result PASSED (term=1)
2024-02-27 07:42:37,947 [2fdf9b97-f8e3-478e-95f7-818a752c939a@group-EEC7F2D54C54-LeaderElection25] INFO  impl.RoleInfo (RoleInfo.java:shutdownLeaderElection(130)) - 2fdf9b97-f8e3-478e-95f7-818a752c939a: shutdown 2fdf9b97-f8e3-478e-95f7-818a752c939a@group-EEC7F2D54C54-LeaderElection25
2024-02-27 07:42:37,947 [2fdf9b97-f8e3-478e-95f7-818a752c939a@group-EEC7F2D54C54-LeaderElection25] INFO  server.RaftServer$Division (RaftServerImpl.java:setRole(383)) - 2fdf9b97-f8e3-478e-95f7-818a752c939a@group-EEC7F2D54C54: changes role from CANDIDATE to LEADER at term 1 for changeToLeader
2024-02-27 07:42:37,947 [2fdf9b97-f8e3-478e-95f7-818a752c939a@group-EEC7F2D54C54-LeaderElection25] INFO  server.RaftServerConfigKeys (ConfUtils.java:logGet(46)) - raft.server.staging.catchup.gap = 1000 (default)
2024-02-27 07:42:37,948 [2fdf9b97-f8e3-478e-95f7-818a752c939a@group-EEC7F2D54C54-LeaderElection25] INFO  server.RaftServerConfigKeys (ConfUtils.java:logGet(46)) - raft.server.write.element-limit = 1024 (custom)
2024-02-27 07:42:37,948 [2fdf9b97-f8e3-478e-95f7-818a752c939a@group-EEC7F2D54C54-LeaderElection25] INFO  server.RaftServerConfigKeys (ConfUtils.java:logGet(46)) - raft.server.write.byte-limit = 1024 M (=1073741824) (custom)
2024-02-27 07:42:37,948 [2fdf9b97-f8e3-478e-95f7-818a752c939a@group-EEC7F2D54C54-LeaderElection25] INFO  server.RaftServerConfigKeys (ConfUtils.java:logGet(46)) - raft.server.watch.timeout = 180s (custom)
2024-02-27 07:42:37,948 [2fdf9b97-f8e3-478e-95f7-818a752c939a@group-EEC7F2D54C54-LeaderElection25] INFO  server.RaftServerConfigKeys (ConfUtils.java:logGet(46)) - raft.server.watch.timeout.denomination = 1s (default)
2024-02-27 07:42:37,948 [2fdf9b97-f8e3-478e-95f7-818a752c939a@group-EEC7F2D54C54-LeaderElection25] INFO  server.RaftServerConfigKeys (ConfUtils.java:logGet(46)) - raft.server.watch.element-limit = 65536 (default)
2024-02-27 07:42:37,948 [2fdf9b97-f8e3-478e-95f7-818a752c939a@group-EEC7F2D54C54-LeaderElection25] INFO  server.RaftServerConfigKeys (ConfUtils.java:logGet(46)) - raft.server.read.leader.lease.enabled = false (default)
2024-02-27 07:42:37,948 [2fdf9b97-f8e3-478e-95f7-818a752c939a@group-EEC7F2D54C54-LeaderElection25] INFO  server.RaftServerConfigKeys (ConfUtils.java:logGet(46)) - raft.server.read.leader.lease.timeout.ratio = 0.9 (default)
2024-02-27 07:42:37,948 [2fdf9b97-f8e3-478e-95f7-818a752c939a@group-EEC7F2D54C54-LeaderElection25] INFO  server.RaftServerConfigKeys (ConfUtils.java:logGet(46)) - raft.server.rpc.timeout.min = 5s (custom)
2024-02-27 07:42:37,948 [2fdf9b97-f8e3-478e-95f7-818a752c939a@group-EEC7F2D54C54-LeaderElection25] INFO  server.RaftServerConfigKeys (ConfUtils.java:logGet(46)) - raft.server.write.element-limit = 1024 (custom)
2024-02-27 07:42:37,948 [2fdf9b97-f8e3-478e-95f7-818a752c939a@group-EEC7F2D54C54-LeaderElection25] INFO  server.RaftServerConfigKeys (ConfUtils.java:logGet(46)) - raft.server.write.follower.gap.ratio.max = -1.0 (default)
2024-02-27 07:42:37,948 [2fdf9b97-f8e3-478e-95f7-818a752c939a@group-EEC7F2D54C54-LeaderElection25] INFO  impl.RoleInfo (RoleInfo.java:updateAndGet(139)) - 2fdf9b97-f8e3-478e-95f7-818a752c939a: start 2fdf9b97-f8e3-478e-95f7-818a752c939a@group-EEC7F2D54C54-LeaderStateImpl
2024-02-27 07:42:37,948 [2fdf9b97-f8e3-478e-95f7-818a752c939a@group-EEC7F2D54C54-LeaderElection25] INFO  server.RaftServer$Division (RaftServerImpl.java:setFirstElection(574)) - 2fdf9b97-f8e3-478e-95f7-818a752c939a@group-EEC7F2D54C54: set firstElectionSinceStartup to false for becomeLeader
2024-02-27 07:42:37,948 [2fdf9b97-f8e3-478e-95f7-818a752c939a@group-EEC7F2D54C54-LeaderElection25] INFO  ratis.XceiverServerRatis (XceiverServerRatis.java:handleLeaderChangedNotification(966)) - Leader change notification received for group: group-EEC7F2D54C54 with new leaderId: 2fdf9b97-f8e3-478e-95f7-818a752c939a
2024-02-27 07:42:37,949 [2fdf9b97-f8e3-478e-95f7-818a752c939a@group-EEC7F2D54C54-LeaderElection25] INFO  server.RaftServer$Division (ServerState.java:setLeader(269)) - 2fdf9b97-f8e3-478e-95f7-818a752c939a@group-EEC7F2D54C54: change Leader from null to 2fdf9b97-f8e3-478e-95f7-818a752c939a at term 1 for becomeLeader, leader elected after 5122ms
2024-02-27 07:42:37,949 [2fdf9b97-f8e3-478e-95f7-818a752c939a@group-EEC7F2D54C54-LeaderElection25] INFO  segmented.SegmentedRaftLogWorker (SegmentedRaftLogWorker.java:startLogSegment(430)) - 2fdf9b97-f8e3-478e-95f7-818a752c939a@group-EEC7F2D54C54-SegmentedRaftLogWorker: Starting segment from index:0
2024-02-27 07:42:37,949 [2fdf9b97-f8e3-478e-95f7-818a752c939a@group-EEC7F2D54C54-LeaderElection25] INFO  server.RaftServer$Division (ServerState.java:setRaftConf(386)) - 2fdf9b97-f8e3-478e-95f7-818a752c939a@group-EEC7F2D54C54: set configuration 0: peers:[2fdf9b97-f8e3-478e-95f7-818a752c939a|10.1.0.19:15108]|listeners:[], old=null
2024-02-27 07:42:37,950 [2fdf9b97-f8e3-478e-95f7-818a752c939a@group-EEC7F2D54C54-SegmentedRaftLogWorker] INFO  segmented.BufferedWriteChannel (BufferedWriteChannel.java:open(62)) - open log_inprogress_0 at position 0
2024-02-27 07:42:37,952 [EventQueue-OpenPipelineForHealthyPipelineSafeModeRule] INFO  safemode.SCMSafeModeManager (HealthyPipelineSafeModeRule.java:process(140)) - SCM in safe mode. Healthy pipelines reported count is 0, required healthy pipeline reported count is 1
2024-02-27 07:42:37,956 [2fdf9b97-f8e3-478e-95f7-818a752c939a@group-EEC7F2D54C54-SegmentedRaftLogWorker] INFO  segmented.SegmentedRaftLogWorker (SegmentedRaftLogWorker.java:execute(634)) - 2fdf9b97-f8e3-478e-95f7-818a752c939a@group-EEC7F2D54C54-SegmentedRaftLogWorker: created new log segment /home/runner/work/ozone/ozone/hadoop-ozone/integration-test/target/test-dir/MiniOzoneClusterImpl-107870c4-38da-4dee-ace8-876b8e06d1b5/ozone-meta/datanode-1/ratis/2fe6ce68-be3a-4b72-8a2a-eec7f2d54c54/current/log_inprogress_0
2024-02-27 07:42:37,958 [2fdf9b97-f8e3-478e-95f7-818a752c939a@group-EEC7F2D54C54-StateMachineUpdater] INFO  server.RaftServer$Division (LeaderStateImpl.java:isApplied(320)) - leader is ready since appliedIndex == 0 >= startIndex == 0
2024-02-27 07:42:37,963 [2fdf9b97-f8e3-478e-95f7-818a752c939a@group-187E1466B7F4-FollowerState] INFO  impl.FollowerState (FollowerState.java:run(143)) - 2fdf9b97-f8e3-478e-95f7-818a752c939a@group-187E1466B7F4-FollowerState: change to CANDIDATE, lastRpcElapsedTime:5050334543ns, electionTimeout:5049ms
2024-02-27 07:42:37,963 [2fdf9b97-f8e3-478e-95f7-818a752c939a@group-187E1466B7F4-FollowerState] INFO  impl.RoleInfo (RoleInfo.java:shutdownFollowerState(110)) - 2fdf9b97-f8e3-478e-95f7-818a752c939a: shutdown 2fdf9b97-f8e3-478e-95f7-818a752c939a@group-187E1466B7F4-FollowerState
2024-02-27 07:42:37,963 [2fdf9b97-f8e3-478e-95f7-818a752c939a@group-187E1466B7F4-FollowerState] INFO  server.RaftServer$Division (RaftServerImpl.java:setRole(383)) - 2fdf9b97-f8e3-478e-95f7-818a752c939a@group-187E1466B7F4: changes role from  FOLLOWER to CANDIDATE at term 0 for changeToCandidate
2024-02-27 07:42:37,963 [2fdf9b97-f8e3-478e-95f7-818a752c939a@group-187E1466B7F4-FollowerState] INFO  server.RaftServerConfigKeys (ConfUtils.java:logGet(46)) - raft.server.leaderelection.pre-vote = true (default)
2024-02-27 07:42:37,963 [2fdf9b97-f8e3-478e-95f7-818a752c939a@group-187E1466B7F4-FollowerState] INFO  impl.RoleInfo (RoleInfo.java:updateAndGet(139)) - 2fdf9b97-f8e3-478e-95f7-818a752c939a: start 2fdf9b97-f8e3-478e-95f7-818a752c939a@group-187E1466B7F4-LeaderElection26
2024-02-27 07:42:37,966 [2fdf9b97-f8e3-478e-95f7-818a752c939a@group-187E1466B7F4-LeaderElection26] INFO  impl.LeaderElection (LeaderElection.java:askForVotes(321)) - 2fdf9b97-f8e3-478e-95f7-818a752c939a@group-187E1466B7F4-LeaderElection26 PRE_VOTE round 0: submit vote requests at term 0 for -1: peers:[e71dbbe0-7268-4d86-ba43-abc421df11cb|10.1.0.19:15117, 7cccb36f-9418-4bb0-9e1b-7711a01d9c69|10.1.0.19:15126, 2fdf9b97-f8e3-478e-95f7-818a752c939a|10.1.0.19:15108]|listeners:[], old=null
2024-02-27 07:42:37,966 [2fdf9b97-f8e3-478e-95f7-818a752c939a@group-187E1466B7F4-LeaderElection26] INFO  server.RaftServerConfigKeys (ConfUtils.java:logFallback(53)) - raft.server.rpc.first-election.timeout.min = 5s (fallback to raft.server.rpc.timeout.min)
2024-02-27 07:42:37,966 [2fdf9b97-f8e3-478e-95f7-818a752c939a@group-187E1466B7F4-LeaderElection26] INFO  server.RaftServerConfigKeys (ConfUtils.java:logFallback(53)) - raft.server.rpc.first-election.timeout.max = 5200ms (fallback to raft.server.rpc.timeout.max)
2024-02-27 07:42:37,967 [grpc-default-executor-2] INFO  server.RaftServer$Division (RaftServerImpl.java:requestVote(1389)) - e71dbbe0-7268-4d86-ba43-abc421df11cb@group-187E1466B7F4: receive requestVote(PRE_VOTE, 2fdf9b97-f8e3-478e-95f7-818a752c939a, group-187E1466B7F4, 0, (t:0, i:0))
2024-02-27 07:42:37,967 [grpc-default-executor-2] INFO  impl.VoteContext (VoteContext.java:log(49)) - e71dbbe0-7268-4d86-ba43-abc421df11cb@group-187E1466B7F4-FOLLOWER: accept PRE_VOTE from 2fdf9b97-f8e3-478e-95f7-818a752c939a: our priority 0 <= candidate's priority 0
2024-02-27 07:42:37,968 [grpc-default-executor-2] INFO  server.RaftServer$Division (RaftServerImpl.java:requestVote(1422)) - e71dbbe0-7268-4d86-ba43-abc421df11cb@group-187E1466B7F4 replies to PRE_VOTE vote request: 2fdf9b97-f8e3-478e-95f7-818a752c939a<-e71dbbe0-7268-4d86-ba43-abc421df11cb#0:OK-t0. Peer's state: e71dbbe0-7268-4d86-ba43-abc421df11cb@group-187E1466B7F4:t0, leader=null, voted=, raftlog=Memoized:e71dbbe0-7268-4d86-ba43-abc421df11cb@group-187E1466B7F4-SegmentedRaftLog:OPENED:c-1, conf=-1: peers:[e71dbbe0-7268-4d86-ba43-abc421df11cb|10.1.0.19:15117, 7cccb36f-9418-4bb0-9e1b-7711a01d9c69|10.1.0.19:15126, 2fdf9b97-f8e3-478e-95f7-818a752c939a|10.1.0.19:15108]|listeners:[], old=null
2024-02-27 07:42:37,968 [grpc-default-executor-1] INFO  server.RaftServer$Division (RaftServerImpl.java:requestVote(1389)) - 7cccb36f-9418-4bb0-9e1b-7711a01d9c69@group-187E1466B7F4: receive requestVote(PRE_VOTE, 2fdf9b97-f8e3-478e-95f7-818a752c939a, group-187E1466B7F4, 0, (t:0, i:0))
2024-02-27 07:42:37,968 [grpc-default-executor-1] INFO  impl.VoteContext (VoteContext.java:log(49)) - 7cccb36f-9418-4bb0-9e1b-7711a01d9c69@group-187E1466B7F4-FOLLOWER: reject PRE_VOTE from 2fdf9b97-f8e3-478e-95f7-818a752c939a: our priority 1 > candidate's priority 0
2024-02-27 07:42:37,968 [grpc-default-executor-1] INFO  server.RaftServer$Division (RaftServerImpl.java:requestVote(1422)) - 7cccb36f-9418-4bb0-9e1b-7711a01d9c69@group-187E1466B7F4 replies to PRE_VOTE vote request: 2fdf9b97-f8e3-478e-95f7-818a752c939a<-7cccb36f-9418-4bb0-9e1b-7711a01d9c69#0:FAIL-t0. Peer's state: 7cccb36f-9418-4bb0-9e1b-7711a01d9c69@group-187E1466B7F4:t0, leader=null, voted=, raftlog=Memoized:7cccb36f-9418-4bb0-9e1b-7711a01d9c69@group-187E1466B7F4-SegmentedRaftLog:OPENED:c-1, conf=-1: peers:[e71dbbe0-7268-4d86-ba43-abc421df11cb|10.1.0.19:15117, 7cccb36f-9418-4bb0-9e1b-7711a01d9c69|10.1.0.19:15126, 2fdf9b97-f8e3-478e-95f7-818a752c939a|10.1.0.19:15108]|listeners:[], old=null
2024-02-27 07:42:37,968 [2fdf9b97-f8e3-478e-95f7-818a752c939a@group-187E1466B7F4-LeaderElection26] INFO  impl.LeaderElection (LeaderElection.java:logAndReturn(89)) - 2fdf9b97-f8e3-478e-95f7-818a752c939a@group-187E1466B7F4-LeaderElection26: PRE_VOTE REJECTED received 1 response(s) and 0 exception(s):
2024-02-27 07:42:37,968 [2fdf9b97-f8e3-478e-95f7-818a752c939a@group-187E1466B7F4-LeaderElection26] INFO  impl.LeaderElection (LeaderElection.java:logAndReturn(93)) -   Response 0: 2fdf9b97-f8e3-478e-95f7-818a752c939a<-7cccb36f-9418-4bb0-9e1b-7711a01d9c69#0:FAIL-t0
2024-02-27 07:42:37,968 [2fdf9b97-f8e3-478e-95f7-818a752c939a@group-187E1466B7F4-LeaderElection26] INFO  impl.LeaderElection (LeaderElection.java:askForVotes(323)) - 2fdf9b97-f8e3-478e-95f7-818a752c939a@group-187E1466B7F4-LeaderElection26 PRE_VOTE round 0: result REJECTED
2024-02-27 07:42:37,969 [2fdf9b97-f8e3-478e-95f7-818a752c939a@group-187E1466B7F4-LeaderElection26] INFO  server.RaftServer$Division (RaftServerImpl.java:setRole(383)) - 2fdf9b97-f8e3-478e-95f7-818a752c939a@group-187E1466B7F4: changes role from CANDIDATE to FOLLOWER at term 0 for REJECTED
2024-02-27 07:42:37,969 [2fdf9b97-f8e3-478e-95f7-818a752c939a@group-187E1466B7F4-LeaderElection26] INFO  impl.RoleInfo (RoleInfo.java:shutdownLeaderElection(130)) - 2fdf9b97-f8e3-478e-95f7-818a752c939a: shutdown 2fdf9b97-f8e3-478e-95f7-818a752c939a@group-187E1466B7F4-LeaderElection26
2024-02-27 07:42:37,969 [2fdf9b97-f8e3-478e-95f7-818a752c939a@group-187E1466B7F4-LeaderElection26] INFO  impl.RoleInfo (RoleInfo.java:updateAndGet(139)) - 2fdf9b97-f8e3-478e-95f7-818a752c939a: start 2fdf9b97-f8e3-478e-95f7-818a752c939a@group-187E1466B7F4-FollowerState
2024-02-27 07:42:37,969 [2fdf9b97-f8e3-478e-95f7-818a752c939a@group-187E1466B7F4-LeaderElection26] INFO  server.RaftServer$Division (RaftServerImpl.java:setFirstElection(574)) - 2fdf9b97-f8e3-478e-95f7-818a752c939a@group-187E1466B7F4: set firstElectionSinceStartup to false for REJECTED
2024-02-27 07:42:37,988 [7cccb36f-9418-4bb0-9e1b-7711a01d9c69@group-410B0000E8A0-FollowerState] INFO  server.RaftServerConfigKeys (ConfUtils.java:logFallback(53)) - raft.server.rpc.first-election.timeout.min = 5s (fallback to raft.server.rpc.timeout.min)
2024-02-27 07:42:37,988 [7cccb36f-9418-4bb0-9e1b-7711a01d9c69@group-410B0000E8A0-FollowerState] INFO  server.RaftServerConfigKeys (ConfUtils.java:logFallback(53)) - raft.server.rpc.first-election.timeout.max = 5200ms (fallback to raft.server.rpc.timeout.max)
2024-02-27 07:42:38,013 [e71dbbe0-7268-4d86-ba43-abc421df11cb@group-410B0000E8A0-FollowerState] INFO  impl.FollowerState (FollowerState.java:run(143)) - e71dbbe0-7268-4d86-ba43-abc421df11cb@group-410B0000E8A0-FollowerState: change to CANDIDATE, lastRpcElapsedTime:5142251939ns, electionTimeout:5141ms
2024-02-27 07:42:38,013 [e71dbbe0-7268-4d86-ba43-abc421df11cb@group-410B0000E8A0-FollowerState] INFO  impl.RoleInfo (RoleInfo.java:shutdownFollowerState(110)) - e71dbbe0-7268-4d86-ba43-abc421df11cb: shutdown e71dbbe0-7268-4d86-ba43-abc421df11cb@group-410B0000E8A0-FollowerState
2024-02-27 07:42:38,013 [e71dbbe0-7268-4d86-ba43-abc421df11cb@group-410B0000E8A0-FollowerState] INFO  server.RaftServer$Division (RaftServerImpl.java:setRole(383)) - e71dbbe0-7268-4d86-ba43-abc421df11cb@group-410B0000E8A0: changes role from  FOLLOWER to CANDIDATE at term 0 for changeToCandidate
2024-02-27 07:42:38,013 [e71dbbe0-7268-4d86-ba43-abc421df11cb@group-410B0000E8A0-FollowerState] INFO  server.RaftServerConfigKeys (ConfUtils.java:logGet(46)) - raft.server.leaderelection.pre-vote = true (default)
2024-02-27 07:42:38,013 [e71dbbe0-7268-4d86-ba43-abc421df11cb@group-410B0000E8A0-FollowerState] INFO  impl.RoleInfo (RoleInfo.java:updateAndGet(139)) - e71dbbe0-7268-4d86-ba43-abc421df11cb: start e71dbbe0-7268-4d86-ba43-abc421df11cb@group-410B0000E8A0-LeaderElection27
2024-02-27 07:42:38,014 [e71dbbe0-7268-4d86-ba43-abc421df11cb@group-410B0000E8A0-LeaderElection27] INFO  impl.LeaderElection (LeaderElection.java:askForVotes(321)) - e71dbbe0-7268-4d86-ba43-abc421df11cb@group-410B0000E8A0-LeaderElection27 PRE_VOTE round 0: submit vote requests at term 0 for -1: peers:[e71dbbe0-7268-4d86-ba43-abc421df11cb|10.1.0.19:15117, 7cccb36f-9418-4bb0-9e1b-7711a01d9c69|10.1.0.19:15126, 2fdf9b97-f8e3-478e-95f7-818a752c939a|10.1.0.19:15108]|listeners:[], old=null
2024-02-27 07:42:38,015 [e71dbbe0-7268-4d86-ba43-abc421df11cb@group-410B0000E8A0-LeaderElection27-1] INFO  server.GrpcServerProtocolClient (GrpcServerProtocolClient.java:<init>(65)) - Build channel for 7cccb36f-9418-4bb0-9e1b-7711a01d9c69|10.1.0.19:15126
2024-02-27 07:42:38,015 [e71dbbe0-7268-4d86-ba43-abc421df11cb@group-410B0000E8A0-LeaderElection27-2] INFO  server.GrpcServerProtocolClient (GrpcServerProtocolClient.java:<init>(65)) - Build channel for 2fdf9b97-f8e3-478e-95f7-818a752c939a|10.1.0.19:15108
2024-02-27 07:42:38,015 [e71dbbe0-7268-4d86-ba43-abc421df11cb@group-410B0000E8A0-LeaderElection27] INFO  server.RaftServerConfigKeys (ConfUtils.java:logFallback(53)) - raft.server.rpc.first-election.timeout.min = 5s (fallback to raft.server.rpc.timeout.min)
2024-02-27 07:42:38,015 [e71dbbe0-7268-4d86-ba43-abc421df11cb@group-410B0000E8A0-LeaderElection27] INFO  server.RaftServerConfigKeys (ConfUtils.java:logFallback(53)) - raft.server.rpc.first-election.timeout.max = 5200ms (fallback to raft.server.rpc.timeout.max)
2024-02-27 07:42:38,023 [grpc-default-executor-1] INFO  server.RaftServer$Division (RaftServerImpl.java:requestVote(1389)) - 2fdf9b97-f8e3-478e-95f7-818a752c939a@group-410B0000E8A0: receive requestVote(PRE_VOTE, e71dbbe0-7268-4d86-ba43-abc421df11cb, group-410B0000E8A0, 0, (t:0, i:0))
2024-02-27 07:42:38,023 [grpc-default-executor-1] INFO  impl.VoteContext (VoteContext.java:log(49)) - 2fdf9b97-f8e3-478e-95f7-818a752c939a@group-410B0000E8A0-FOLLOWER: accept PRE_VOTE from e71dbbe0-7268-4d86-ba43-abc421df11cb: our priority 0 <= candidate's priority 1
2024-02-27 07:42:38,023 [grpc-default-executor-1] INFO  server.RaftServer$Division (RaftServerImpl.java:requestVote(1422)) - 2fdf9b97-f8e3-478e-95f7-818a752c939a@group-410B0000E8A0 replies to PRE_VOTE vote request: e71dbbe0-7268-4d86-ba43-abc421df11cb<-2fdf9b97-f8e3-478e-95f7-818a752c939a#0:OK-t0. Peer's state: 2fdf9b97-f8e3-478e-95f7-818a752c939a@group-410B0000E8A0:t0, leader=null, voted=, raftlog=Memoized:2fdf9b97-f8e3-478e-95f7-818a752c939a@group-410B0000E8A0-SegmentedRaftLog:OPENED:c-1, conf=-1: peers:[e71dbbe0-7268-4d86-ba43-abc421df11cb|10.1.0.19:15117, 7cccb36f-9418-4bb0-9e1b-7711a01d9c69|10.1.0.19:15126, 2fdf9b97-f8e3-478e-95f7-818a752c939a|10.1.0.19:15108]|listeners:[], old=null
2024-02-27 07:42:38,024 [grpc-default-executor-2] INFO  server.RaftServer$Division (RaftServerImpl.java:requestVote(1389)) - 7cccb36f-9418-4bb0-9e1b-7711a01d9c69@group-410B0000E8A0: receive requestVote(PRE_VOTE, e71dbbe0-7268-4d86-ba43-abc421df11cb, group-410B0000E8A0, 0, (t:0, i:0))
2024-02-27 07:42:38,024 [grpc-default-executor-2] INFO  impl.VoteContext (VoteContext.java:log(49)) - 7cccb36f-9418-4bb0-9e1b-7711a01d9c69@group-410B0000E8A0-FOLLOWER: accept PRE_VOTE from e71dbbe0-7268-4d86-ba43-abc421df11cb: our priority 0 <= candidate's priority 1
2024-02-27 07:42:38,024 [grpc-default-executor-2] INFO  server.RaftServer$Division (RaftServerImpl.java:requestVote(1422)) - 7cccb36f-9418-4bb0-9e1b-7711a01d9c69@group-410B0000E8A0 replies to PRE_VOTE vote request: e71dbbe0-7268-4d86-ba43-abc421df11cb<-7cccb36f-9418-4bb0-9e1b-7711a01d9c69#0:OK-t0. Peer's state: 7cccb36f-9418-4bb0-9e1b-7711a01d9c69@group-410B0000E8A0:t0, leader=null, voted=, raftlog=Memoized:7cccb36f-9418-4bb0-9e1b-7711a01d9c69@group-410B0000E8A0-SegmentedRaftLog:OPENED:c-1, conf=-1: peers:[e71dbbe0-7268-4d86-ba43-abc421df11cb|10.1.0.19:15117, 7cccb36f-9418-4bb0-9e1b-7711a01d9c69|10.1.0.19:15126, 2fdf9b97-f8e3-478e-95f7-818a752c939a|10.1.0.19:15108]|listeners:[], old=null
2024-02-27 07:42:38,024 [e71dbbe0-7268-4d86-ba43-abc421df11cb@group-410B0000E8A0-LeaderElection27] INFO  impl.LeaderElection (LeaderElection.java:logAndReturn(89)) - e71dbbe0-7268-4d86-ba43-abc421df11cb@group-410B0000E8A0-LeaderElection27: PRE_VOTE PASSED received 1 response(s) and 0 exception(s):
2024-02-27 07:42:38,024 [e71dbbe0-7268-4d86-ba43-abc421df11cb@group-410B0000E8A0-LeaderElection27] INFO  impl.LeaderElection (LeaderElection.java:logAndReturn(93)) -   Response 0: e71dbbe0-7268-4d86-ba43-abc421df11cb<-2fdf9b97-f8e3-478e-95f7-818a752c939a#0:OK-t0
2024-02-27 07:42:38,024 [e71dbbe0-7268-4d86-ba43-abc421df11cb@group-410B0000E8A0-LeaderElection27] INFO  impl.LeaderElection (LeaderElection.java:askForVotes(323)) - e71dbbe0-7268-4d86-ba43-abc421df11cb@group-410B0000E8A0-LeaderElection27 PRE_VOTE round 0: result PASSED
2024-02-27 07:42:38,025 [e71dbbe0-7268-4d86-ba43-abc421df11cb@group-410B0000E8A0-LeaderElection27] INFO  impl.LeaderElection (LeaderElection.java:askForVotes(321)) - e71dbbe0-7268-4d86-ba43-abc421df11cb@group-410B0000E8A0-LeaderElection27 ELECTION round 0: submit vote requests at term 1 for -1: peers:[e71dbbe0-7268-4d86-ba43-abc421df11cb|10.1.0.19:15117, 7cccb36f-9418-4bb0-9e1b-7711a01d9c69|10.1.0.19:15126, 2fdf9b97-f8e3-478e-95f7-818a752c939a|10.1.0.19:15108]|listeners:[], old=null
2024-02-27 07:42:38,026 [7cccb36f-9418-4bb0-9e1b-7711a01d9c69@group-187E1466B7F4-FollowerState] INFO  impl.FollowerState (FollowerState.java:run(143)) - 7cccb36f-9418-4bb0-9e1b-7711a01d9c69@group-187E1466B7F4-FollowerState: change to CANDIDATE, lastRpcElapsedTime:5072100909ns, electionTimeout:5071ms
2024-02-27 07:42:38,026 [7cccb36f-9418-4bb0-9e1b-7711a01d9c69@group-187E1466B7F4-FollowerState] INFO  impl.RoleInfo (RoleInfo.java:shutdownFollowerState(110)) - 7cccb36f-9418-4bb0-9e1b-7711a01d9c69: shutdown 7cccb36f-9418-4bb0-9e1b-7711a01d9c69@group-187E1466B7F4-FollowerState
2024-02-27 07:42:38,026 [e71dbbe0-7268-4d86-ba43-abc421df11cb@group-410B0000E8A0-LeaderElection27] INFO  server.RaftServerConfigKeys (ConfUtils.java:logFallback(53)) - raft.server.rpc.first-election.timeout.min = 5s (fallback to raft.server.rpc.timeout.min)
2024-02-27 07:42:38,026 [7cccb36f-9418-4bb0-9e1b-7711a01d9c69@group-187E1466B7F4-FollowerState] INFO  server.RaftServer$Division (RaftServerImpl.java:setRole(383)) - 7cccb36f-9418-4bb0-9e1b-7711a01d9c69@group-187E1466B7F4: changes role from  FOLLOWER to CANDIDATE at term 0 for changeToCandidate
2024-02-27 07:42:38,026 [e71dbbe0-7268-4d86-ba43-abc421df11cb@group-410B0000E8A0-LeaderElection27] INFO  server.RaftServerConfigKeys (ConfUtils.java:logFallback(53)) - raft.server.rpc.first-election.timeout.max = 5200ms (fallback to raft.server.rpc.timeout.max)
2024-02-27 07:42:38,027 [7cccb36f-9418-4bb0-9e1b-7711a01d9c69@group-187E1466B7F4-FollowerState] INFO  server.RaftServerConfigKeys (ConfUtils.java:logGet(46)) - raft.server.leaderelection.pre-vote = true (default)
2024-02-27 07:42:38,027 [7cccb36f-9418-4bb0-9e1b-7711a01d9c69@group-187E1466B7F4-FollowerState] INFO  impl.RoleInfo (RoleInfo.java:updateAndGet(139)) - 7cccb36f-9418-4bb0-9e1b-7711a01d9c69: start 7cccb36f-9418-4bb0-9e1b-7711a01d9c69@group-187E1466B7F4-LeaderElection28
2024-02-27 07:42:38,027 [7cccb36f-9418-4bb0-9e1b-7711a01d9c69@group-187E1466B7F4-LeaderElection28] INFO  impl.LeaderElection (LeaderElection.java:askForVotes(321)) - 7cccb36f-9418-4bb0-9e1b-7711a01d9c69@group-187E1466B7F4-LeaderElection28 PRE_VOTE round 0: submit vote requests at term 0 for -1: peers:[e71dbbe0-7268-4d86-ba43-abc421df11cb|10.1.0.19:15117, 7cccb36f-9418-4bb0-9e1b-7711a01d9c69|10.1.0.19:15126, 2fdf9b97-f8e3-478e-95f7-818a752c939a|10.1.0.19:15108]|listeners:[], old=null
2024-02-27 07:42:38,027 [7cccb36f-9418-4bb0-9e1b-7711a01d9c69@group-187E1466B7F4-LeaderElection28-1] INFO  server.GrpcServerProtocolClient (GrpcServerProtocolClient.java:<init>(65)) - Build channel for e71dbbe0-7268-4d86-ba43-abc421df11cb|10.1.0.19:15117
2024-02-27 07:42:38,027 [7cccb36f-9418-4bb0-9e1b-7711a01d9c69@group-187E1466B7F4-LeaderElection28-2] INFO  server.GrpcServerProtocolClient (GrpcServerProtocolClient.java:<init>(65)) - Build channel for 2fdf9b97-f8e3-478e-95f7-818a752c939a|10.1.0.19:15108
2024-02-27 07:42:38,027 [grpc-default-executor-1] INFO  server.RaftServer$Division (RaftServerImpl.java:requestVote(1389)) - 7cccb36f-9418-4bb0-9e1b-7711a01d9c69@group-410B0000E8A0: receive requestVote(ELECTION, e71dbbe0-7268-4d86-ba43-abc421df11cb, group-410B0000E8A0, 1, (t:0, i:0))
2024-02-27 07:42:38,027 [grpc-default-executor-2] INFO  server.RaftServer$Division (RaftServerImpl.java:requestVote(1389)) - 2fdf9b97-f8e3-478e-95f7-818a752c939a@group-410B0000E8A0: receive requestVote(ELECTION, e71dbbe0-7268-4d86-ba43-abc421df11cb, group-410B0000E8A0, 1, (t:0, i:0))
2024-02-27 07:42:38,027 [7cccb36f-9418-4bb0-9e1b-7711a01d9c69@group-187E1466B7F4-LeaderElection28] INFO  server.RaftServerConfigKeys (ConfUtils.java:logFallback(53)) - raft.server.rpc.first-election.timeout.min = 5s (fallback to raft.server.rpc.timeout.min)
2024-02-27 07:42:38,028 [grpc-default-executor-2] INFO  impl.VoteContext (VoteContext.java:log(49)) - 2fdf9b97-f8e3-478e-95f7-818a752c939a@group-410B0000E8A0-FOLLOWER: accept ELECTION from e71dbbe0-7268-4d86-ba43-abc421df11cb: our priority 0 <= candidate's priority 1
2024-02-27 07:42:38,028 [grpc-default-executor-2] INFO  server.RaftServer$Division (RaftServerImpl.java:setRole(383)) - 2fdf9b97-f8e3-478e-95f7-818a752c939a@group-410B0000E8A0: changes role from  FOLLOWER to FOLLOWER at term 1 for candidate:e71dbbe0-7268-4d86-ba43-abc421df11cb
2024-02-27 07:42:38,028 [grpc-default-executor-2] INFO  impl.RoleInfo (RoleInfo.java:shutdownFollowerState(110)) - 2fdf9b97-f8e3-478e-95f7-818a752c939a: shutdown 2fdf9b97-f8e3-478e-95f7-818a752c939a@group-410B0000E8A0-FollowerState
2024-02-27 07:42:38,028 [grpc-default-executor-2] INFO  impl.RoleInfo (RoleInfo.java:updateAndGet(139)) - 2fdf9b97-f8e3-478e-95f7-818a752c939a: start 2fdf9b97-f8e3-478e-95f7-818a752c939a@group-410B0000E8A0-FollowerState
2024-02-27 07:42:38,028 [7cccb36f-9418-4bb0-9e1b-7711a01d9c69@group-187E1466B7F4-LeaderElection28] INFO  server.RaftServerConfigKeys (ConfUtils.java:logFallback(53)) - raft.server.rpc.first-election.timeout.max = 5200ms (fallback to raft.server.rpc.timeout.max)
2024-02-27 07:42:38,027 [grpc-default-executor-1] INFO  impl.VoteContext (VoteContext.java:log(49)) - 7cccb36f-9418-4bb0-9e1b-7711a01d9c69@group-410B0000E8A0-FOLLOWER: accept ELECTION from e71dbbe0-7268-4d86-ba43-abc421df11cb: our priority 0 <= candidate's priority 1
2024-02-27 07:42:38,028 [grpc-default-executor-1] INFO  server.RaftServer$Division (RaftServerImpl.java:setRole(383)) - 7cccb36f-9418-4bb0-9e1b-7711a01d9c69@group-410B0000E8A0: changes role from  FOLLOWER to FOLLOWER at term 1 for candidate:e71dbbe0-7268-4d86-ba43-abc421df11cb
2024-02-27 07:42:38,028 [grpc-default-executor-1] INFO  impl.RoleInfo (RoleInfo.java:shutdownFollowerState(110)) - 7cccb36f-9418-4bb0-9e1b-7711a01d9c69: shutdown 7cccb36f-9418-4bb0-9e1b-7711a01d9c69@group-410B0000E8A0-FollowerState
2024-02-27 07:42:38,028 [2fdf9b97-f8e3-478e-95f7-818a752c939a@group-410B0000E8A0-FollowerState] INFO  impl.FollowerState (FollowerState.java:run(152)) - 2fdf9b97-f8e3-478e-95f7-818a752c939a@group-410B0000E8A0-FollowerState was interrupted
2024-02-27 07:42:38,034 [7cccb36f-9418-4bb0-9e1b-7711a01d9c69@group-410B0000E8A0-FollowerState] INFO  impl.FollowerState (FollowerState.java:run(152)) - 7cccb36f-9418-4bb0-9e1b-7711a01d9c69@group-410B0000E8A0-FollowerState was interrupted
2024-02-27 07:42:38,034 [grpc-default-executor-1] INFO  impl.RoleInfo (RoleInfo.java:updateAndGet(139)) - 7cccb36f-9418-4bb0-9e1b-7711a01d9c69: start 7cccb36f-9418-4bb0-9e1b-7711a01d9c69@group-410B0000E8A0-FollowerState
2024-02-27 07:42:38,034 [grpc-default-executor-1] INFO  server.RaftServer$Division (RaftServerImpl.java:setFirstElection(574)) - 7cccb36f-9418-4bb0-9e1b-7711a01d9c69@group-410B0000E8A0: set firstElectionSinceStartup to false for candidate:e71dbbe0-7268-4d86-ba43-abc421df11cb
2024-02-27 07:42:38,035 [grpc-default-executor-1] INFO  server.RaftServer$Division (RaftServerImpl.java:requestVote(1422)) - 7cccb36f-9418-4bb0-9e1b-7711a01d9c69@group-410B0000E8A0 replies to ELECTION vote request: e71dbbe0-7268-4d86-ba43-abc421df11cb<-7cccb36f-9418-4bb0-9e1b-7711a01d9c69#0:OK-t1. Peer's state: 7cccb36f-9418-4bb0-9e1b-7711a01d9c69@group-410B0000E8A0:t1, leader=null, voted=e71dbbe0-7268-4d86-ba43-abc421df11cb, raftlog=Memoized:7cccb36f-9418-4bb0-9e1b-7711a01d9c69@group-410B0000E8A0-SegmentedRaftLog:OPENED:c-1, conf=-1: peers:[e71dbbe0-7268-4d86-ba43-abc421df11cb|10.1.0.19:15117, 7cccb36f-9418-4bb0-9e1b-7711a01d9c69|10.1.0.19:15126, 2fdf9b97-f8e3-478e-95f7-818a752c939a|10.1.0.19:15108]|listeners:[], old=null
2024-02-27 07:42:38,035 [grpc-default-executor-2] INFO  server.RaftServer$Division (RaftServerImpl.java:requestVote(1422)) - 2fdf9b97-f8e3-478e-95f7-818a752c939a@group-410B0000E8A0 replies to ELECTION vote request: e71dbbe0-7268-4d86-ba43-abc421df11cb<-2fdf9b97-f8e3-478e-95f7-818a752c939a#0:OK-t1. Peer's state: 2fdf9b97-f8e3-478e-95f7-818a752c939a@group-410B0000E8A0:t1, leader=null, voted=e71dbbe0-7268-4d86-ba43-abc421df11cb, raftlog=Memoized:2fdf9b97-f8e3-478e-95f7-818a752c939a@group-410B0000E8A0-SegmentedRaftLog:OPENED:c-1, conf=-1: peers:[e71dbbe0-7268-4d86-ba43-abc421df11cb|10.1.0.19:15117, 7cccb36f-9418-4bb0-9e1b-7711a01d9c69|10.1.0.19:15126, 2fdf9b97-f8e3-478e-95f7-818a752c939a|10.1.0.19:15108]|listeners:[], old=null
2024-02-27 07:42:38,036 [e71dbbe0-7268-4d86-ba43-abc421df11cb@group-410B0000E8A0-LeaderElection27] INFO  impl.LeaderElection (LeaderElection.java:logAndReturn(89)) - e71dbbe0-7268-4d86-ba43-abc421df11cb@group-410B0000E8A0-LeaderElection27: ELECTION PASSED received 1 response(s) and 0 exception(s):
2024-02-27 07:42:38,036 [e71dbbe0-7268-4d86-ba43-abc421df11cb@group-410B0000E8A0-LeaderElection27] INFO  impl.LeaderElection (LeaderElection.java:logAndReturn(93)) -   Response 0: e71dbbe0-7268-4d86-ba43-abc421df11cb<-2fdf9b97-f8e3-478e-95f7-818a752c939a#0:OK-t1
2024-02-27 07:42:38,036 [e71dbbe0-7268-4d86-ba43-abc421df11cb@group-410B0000E8A0-LeaderElection27] INFO  impl.LeaderElection (LeaderElection.java:askForVotes(323)) - e71dbbe0-7268-4d86-ba43-abc421df11cb@group-410B0000E8A0-LeaderElection27 ELECTION round 0: result PASSED
2024-02-27 07:42:38,036 [e71dbbe0-7268-4d86-ba43-abc421df11cb@group-410B0000E8A0-LeaderElection27] INFO  impl.RoleInfo (RoleInfo.java:shutdownLeaderElection(130)) - e71dbbe0-7268-4d86-ba43-abc421df11cb: shutdown e71dbbe0-7268-4d86-ba43-abc421df11cb@group-410B0000E8A0-LeaderElection27
2024-02-27 07:42:38,036 [e71dbbe0-7268-4d86-ba43-abc421df11cb@group-410B0000E8A0-LeaderElection27] INFO  server.RaftServer$Division (RaftServerImpl.java:setRole(383)) - e71dbbe0-7268-4d86-ba43-abc421df11cb@group-410B0000E8A0: changes role from CANDIDATE to LEADER at term 1 for changeToLeader
2024-02-27 07:42:38,036 [e71dbbe0-7268-4d86-ba43-abc421df11cb@group-410B0000E8A0-LeaderElection27] INFO  server.RaftServerConfigKeys (ConfUtils.java:logGet(46)) - raft.server.staging.catchup.gap = 1000 (default)
2024-02-27 07:42:38,036 [e71dbbe0-7268-4d86-ba43-abc421df11cb@group-410B0000E8A0-LeaderElection27] INFO  server.RaftServerConfigKeys (ConfUtils.java:logGet(46)) - raft.server.write.element-limit = 1024 (custom)
2024-02-27 07:42:38,036 [e71dbbe0-7268-4d86-ba43-abc421df11cb@group-410B0000E8A0-LeaderElection27] INFO  server.RaftServerConfigKeys (ConfUtils.java:logGet(46)) - raft.server.write.byte-limit = 1024 M (=1073741824) (custom)
2024-02-27 07:42:38,037 [e71dbbe0-7268-4d86-ba43-abc421df11cb@group-410B0000E8A0-LeaderElection27] INFO  server.RaftServerConfigKeys (ConfUtils.java:logGet(46)) - raft.server.watch.timeout = 180s (custom)
2024-02-27 07:42:38,037 [e71dbbe0-7268-4d86-ba43-abc421df11cb@group-410B0000E8A0-LeaderElection27] INFO  server.RaftServerConfigKeys (ConfUtils.java:logGet(46)) - raft.server.watch.timeout.denomination = 1s (default)
2024-02-27 07:42:38,037 [e71dbbe0-7268-4d86-ba43-abc421df11cb@group-410B0000E8A0-LeaderElection27] INFO  server.RaftServerConfigKeys (ConfUtils.java:logGet(46)) - raft.server.watch.element-limit = 65536 (default)
2024-02-27 07:42:38,037 [e71dbbe0-7268-4d86-ba43-abc421df11cb@group-410B0000E8A0-LeaderElection27] INFO  server.RaftServerConfigKeys (ConfUtils.java:logGet(46)) - raft.server.read.leader.lease.enabled = false (default)
2024-02-27 07:42:38,037 [e71dbbe0-7268-4d86-ba43-abc421df11cb@group-410B0000E8A0-LeaderElection27] INFO  server.RaftServerConfigKeys (ConfUtils.java:logGet(46)) - raft.server.read.leader.lease.timeout.ratio = 0.9 (default)
2024-02-27 07:42:38,037 [e71dbbe0-7268-4d86-ba43-abc421df11cb@group-410B0000E8A0-LeaderElection27] INFO  server.RaftServerConfigKeys (ConfUtils.java:logGet(46)) - raft.server.rpc.timeout.min = 5s (custom)
2024-02-27 07:42:38,037 [e71dbbe0-7268-4d86-ba43-abc421df11cb@group-410B0000E8A0-LeaderElection27] INFO  server.RaftServerConfigKeys (ConfUtils.java:logGet(46)) - raft.server.write.element-limit = 1024 (custom)
2024-02-27 07:42:38,037 [e71dbbe0-7268-4d86-ba43-abc421df11cb@group-410B0000E8A0-LeaderElection27] INFO  server.RaftServerConfigKeys (ConfUtils.java:logGet(46)) - raft.server.write.follower.gap.ratio.max = -1.0 (default)
2024-02-27 07:42:38,038 [e71dbbe0-7268-4d86-ba43-abc421df11cb@group-410B0000E8A0-LeaderElection27] INFO  server.RaftServerConfigKeys (ConfUtils.java:logGet(46)) - raft.server.log.appender.snapshot.chunk.size.max = 16MB (=16777216) (default)
2024-02-27 07:42:38,038 [e71dbbe0-7268-4d86-ba43-abc421df11cb@group-410B0000E8A0-LeaderElection27] INFO  server.RaftServerConfigKeys (ConfUtils.java:logGet(46)) - raft.server.log.appender.buffer.byte-limit = 8388608 (custom)
2024-02-27 07:42:38,038 [e71dbbe0-7268-4d86-ba43-abc421df11cb@group-410B0000E8A0-LeaderElection27] INFO  server.RaftServerConfigKeys (ConfUtils.java:logGet(46)) - raft.server.log.appender.buffer.element-limit = 1 (custom)
2024-02-27 07:42:38,038 [e71dbbe0-7268-4d86-ba43-abc421df11cb@group-410B0000E8A0-LeaderElection27] INFO  server.RaftServerConfigKeys (ConfUtils.java:logGet(46)) - raft.server.log.appender.wait-time.min = 0μs (custom)
2024-02-27 07:42:38,038 [e71dbbe0-7268-4d86-ba43-abc421df11cb@group-410B0000E8A0-LeaderElection27] INFO  grpc.GrpcConfigKeys (ConfUtils.java:logGet(46)) - raft.grpc.server.leader.outstanding.appends.max = 8 (default)
2024-02-27 07:42:38,038 [e71dbbe0-7268-4d86-ba43-abc421df11cb@group-410B0000E8A0-LeaderElection27] INFO  server.RaftServerConfigKeys (ConfUtils.java:logGet(46)) - raft.server.rpc.request.timeout = 60s (custom)
2024-02-27 07:42:38,038 [e71dbbe0-7268-4d86-ba43-abc421df11cb@group-410B0000E8A0-LeaderElection27] INFO  grpc.GrpcConfigKeys (ConfUtils.java:logGet(46)) - raft.grpc.server.install_snapshot.request.element-limit = 8 (default)
2024-02-27 07:42:38,038 [e71dbbe0-7268-4d86-ba43-abc421df11cb@group-410B0000E8A0-LeaderElection27] INFO  grpc.GrpcConfigKeys (ConfUtils.java:logGet(46)) - raft.grpc.server.install_snapshot.request.timeout = 3000ms (default)
2024-02-27 07:42:38,038 [e71dbbe0-7268-4d86-ba43-abc421df11cb@group-410B0000E8A0-LeaderElection27] INFO  grpc.GrpcConfigKeys (ConfUtils.java:logGet(46)) - raft.grpc.server.log-message.batch.duration = 5s (default)
2024-02-27 07:42:38,038 [e71dbbe0-7268-4d86-ba43-abc421df11cb@group-410B0000E8A0-LeaderElection27] INFO  server.RaftServerConfigKeys (ConfUtils.java:logGet(46)) - raft.server.log.appender.install.snapshot.enabled = false (custom)
2024-02-27 07:42:38,038 [e71dbbe0-7268-4d86-ba43-abc421df11cb@group-410B0000E8A0-LeaderElection27] INFO  grpc.GrpcConfigKeys (ConfUtils.java:logGet(46)) - raft.grpc.server.heartbeat.channel = true (default)
2024-02-27 07:42:38,039 [e71dbbe0-7268-4d86-ba43-abc421df11cb@group-410B0000E8A0-LeaderElection27] INFO  server.RaftServerConfigKeys (ConfUtils.java:logGet(46)) - raft.server.log.appender.snapshot.chunk.size.max = 16MB (=16777216) (default)
2024-02-27 07:42:38,039 [e71dbbe0-7268-4d86-ba43-abc421df11cb@group-410B0000E8A0-LeaderElection27] INFO  server.RaftServerConfigKeys (ConfUtils.java:logGet(46)) - raft.server.log.appender.buffer.byte-limit = 8388608 (custom)
2024-02-27 07:42:38,039 [e71dbbe0-7268-4d86-ba43-abc421df11cb@group-410B0000E8A0-LeaderElection27] INFO  server.RaftServerConfigKeys (ConfUtils.java:logGet(46)) - raft.server.log.appender.buffer.element-limit = 1 (custom)
2024-02-27 07:42:38,039 [e71dbbe0-7268-4d86-ba43-abc421df11cb@group-410B0000E8A0-LeaderElection27] INFO  server.RaftServerConfigKeys (ConfUtils.java:logGet(46)) - raft.server.log.appender.wait-time.min = 0μs (custom)
2024-02-27 07:42:38,039 [e71dbbe0-7268-4d86-ba43-abc421df11cb@group-410B0000E8A0-LeaderElection27] INFO  grpc.GrpcConfigKeys (ConfUtils.java:logGet(46)) - raft.grpc.server.leader.outstanding.appends.max = 8 (default)
2024-02-27 07:42:38,039 [e71dbbe0-7268-4d86-ba43-abc421df11cb@group-410B0000E8A0-LeaderElection27] INFO  server.RaftServerConfigKeys (ConfUtils.java:logGet(46)) - raft.server.rpc.request.timeout = 60s (custom)
2024-02-27 07:42:38,039 [e71dbbe0-7268-4d86-ba43-abc421df11cb@group-410B0000E8A0-LeaderElection27] INFO  grpc.GrpcConfigKeys (ConfUtils.java:logGet(46)) - raft.grpc.server.install_snapshot.request.element-limit = 8 (default)
2024-02-27 07:42:38,039 [e71dbbe0-7268-4d86-ba43-abc421df11cb@group-410B0000E8A0-LeaderElection27] INFO  grpc.GrpcConfigKeys (ConfUtils.java:logGet(46)) - raft.grpc.server.install_snapshot.request.timeout = 3000ms (default)
2024-02-27 07:42:38,039 [e71dbbe0-7268-4d86-ba43-abc421df11cb@group-410B0000E8A0-LeaderElection27] INFO  grpc.GrpcConfigKeys (ConfUtils.java:logGet(46)) - raft.grpc.server.log-message.batch.duration = 5s (default)
2024-02-27 07:42:38,040 [e71dbbe0-7268-4d86-ba43-abc421df11cb@group-410B0000E8A0-LeaderElection27] INFO  server.RaftServerConfigKeys (ConfUtils.java:logGet(46)) - raft.server.log.appender.install.snapshot.enabled = false (custom)
2024-02-27 07:42:38,040 [e71dbbe0-7268-4d86-ba43-abc421df11cb@group-410B0000E8A0-LeaderElection27] INFO  grpc.GrpcConfigKeys (ConfUtils.java:logGet(46)) - raft.grpc.server.heartbeat.channel = true (default)
2024-02-27 07:42:38,040 [e71dbbe0-7268-4d86-ba43-abc421df11cb@group-410B0000E8A0-LeaderElection27] INFO  impl.RoleInfo (RoleInfo.java:updateAndGet(139)) - e71dbbe0-7268-4d86-ba43-abc421df11cb: start e71dbbe0-7268-4d86-ba43-abc421df11cb@group-410B0000E8A0-LeaderStateImpl
2024-02-27 07:42:38,040 [e71dbbe0-7268-4d86-ba43-abc421df11cb@group-410B0000E8A0-LeaderElection27] INFO  server.RaftServer$Division (RaftServerImpl.java:setFirstElection(574)) - e71dbbe0-7268-4d86-ba43-abc421df11cb@group-410B0000E8A0: set firstElectionSinceStartup to false for becomeLeader
2024-02-27 07:42:38,040 [e71dbbe0-7268-4d86-ba43-abc421df11cb@group-410B0000E8A0-LeaderElection27] INFO  ratis.XceiverServerRatis (XceiverServerRatis.java:handleLeaderChangedNotification(966)) - Leader change notification received for group: group-410B0000E8A0 with new leaderId: e71dbbe0-7268-4d86-ba43-abc421df11cb
2024-02-27 07:42:38,040 [e71dbbe0-7268-4d86-ba43-abc421df11cb@group-410B0000E8A0-LeaderElection27] INFO  server.RaftServer$Division (ServerState.java:setLeader(269)) - e71dbbe0-7268-4d86-ba43-abc421df11cb@group-410B0000E8A0: change Leader from null to e71dbbe0-7268-4d86-ba43-abc421df11cb at term 1 for becomeLeader, leader elected after 5180ms
2024-02-27 07:42:38,041 [e71dbbe0-7268-4d86-ba43-abc421df11cb@group-410B0000E8A0-LeaderElection27] INFO  segmented.SegmentedRaftLogWorker (SegmentedRaftLogWorker.java:startLogSegment(430)) - e71dbbe0-7268-4d86-ba43-abc421df11cb@group-410B0000E8A0-SegmentedRaftLogWorker: Starting segment from index:0
2024-02-27 07:42:38,044 [e71dbbe0-7268-4d86-ba43-abc421df11cb@group-410B0000E8A0-SegmentedRaftLogWorker] INFO  segmented.BufferedWriteChannel (BufferedWriteChannel.java:open(62)) - open log_inprogress_0 at position 0
2024-02-27 07:42:38,045 [grpc-default-executor-2] INFO  server.RaftServer$Division (RaftServerImpl.java:requestVote(1389)) - 2fdf9b97-f8e3-478e-95f7-818a752c939a@group-187E1466B7F4: receive requestVote(PRE_VOTE, 7cccb36f-9418-4bb0-9e1b-7711a01d9c69, group-187E1466B7F4, 0, (t:0, i:0))
2024-02-27 07:42:38,045 [grpc-default-executor-2] INFO  impl.VoteContext (VoteContext.java:log(49)) - 2fdf9b97-f8e3-478e-95f7-818a752c939a@group-187E1466B7F4-FOLLOWER: accept PRE_VOTE from 7cccb36f-9418-4bb0-9e1b-7711a01d9c69: our priority 0 <= candidate's priority 1
2024-02-27 07:42:38,045 [grpc-default-executor-2] INFO  server.RaftServer$Division (RaftServerImpl.java:requestVote(1422)) - 2fdf9b97-f8e3-478e-95f7-818a752c939a@group-187E1466B7F4 replies to PRE_VOTE vote request: 7cccb36f-9418-4bb0-9e1b-7711a01d9c69<-2fdf9b97-f8e3-478e-95f7-818a752c939a#0:OK-t0. Peer's state: 2fdf9b97-f8e3-478e-95f7-818a752c939a@group-187E1466B7F4:t0, leader=null, voted=, raftlog=Memoized:2fdf9b97-f8e3-478e-95f7-818a752c939a@group-187E1466B7F4-SegmentedRaftLog:OPENED:c-1, conf=-1: peers:[e71dbbe0-7268-4d86-ba43-abc421df11cb|10.1.0.19:15117, 7cccb36f-9418-4bb0-9e1b-7711a01d9c69|10.1.0.19:15126, 2fdf9b97-f8e3-478e-95f7-818a752c939a|10.1.0.19:15108]|listeners:[], old=null
2024-02-27 07:42:38,046 [7cccb36f-9418-4bb0-9e1b-7711a01d9c69@group-187E1466B7F4-LeaderElection28] INFO  impl.LeaderElection (LeaderElection.java:logAndReturn(89)) - 7cccb36f-9418-4bb0-9e1b-7711a01d9c69@group-187E1466B7F4-LeaderElection28: PRE_VOTE PASSED received 1 response(s) and 0 exception(s):
2024-02-27 07:42:38,046 [7cccb36f-9418-4bb0-9e1b-7711a01d9c69@group-187E1466B7F4-LeaderElection28] INFO  impl.LeaderElection (LeaderElection.java:logAndReturn(93)) -   Response 0: 7cccb36f-9418-4bb0-9e1b-7711a01d9c69<-2fdf9b97-f8e3-478e-95f7-818a752c939a#0:OK-t0
2024-02-27 07:42:38,046 [7cccb36f-9418-4bb0-9e1b-7711a01d9c69@group-187E1466B7F4-LeaderElection28] INFO  impl.LeaderElection (LeaderElection.java:askForVotes(323)) - 7cccb36f-9418-4bb0-9e1b-7711a01d9c69@group-187E1466B7F4-LeaderElection28 PRE_VOTE round 0: result PASSED
2024-02-27 07:42:38,047 [e71dbbe0-7268-4d86-ba43-abc421df11cb@group-410B0000E8A0-LeaderElection27] INFO  server.RaftServer$Division (ServerState.java:setRaftConf(386)) - e71dbbe0-7268-4d86-ba43-abc421df11cb@group-410B0000E8A0: set configuration 0: peers:[e71dbbe0-7268-4d86-ba43-abc421df11cb|10.1.0.19:15117, 7cccb36f-9418-4bb0-9e1b-7711a01d9c69|10.1.0.19:15126, 2fdf9b97-f8e3-478e-95f7-818a752c939a|10.1.0.19:15108]|listeners:[], old=null
2024-02-27 07:42:38,048 [EventQueue-OpenPipelineForHealthyPipelineSafeModeRule] INFO  safemode.SCMSafeModeManager (HealthyPipelineSafeModeRule.java:process(140)) - SCM in safe mode. Healthy pipelines reported count is 0, required healthy pipeline reported count is 1
2024-02-27 07:42:38,048 [EventQueue-PipelineReportForPipelineReportHandler] INFO  pipeline.PipelineReportHandler (PipelineReportHandler.java:processPipelineReport(136)) - Opened pipeline PipelineID=35c7d413-be29-4b1c-80d7-410b0000e8a0
2024-02-27 07:42:38,049 [EventQueue-OpenPipelineForHealthyPipelineSafeModeRule] INFO  safemode.SCMSafeModeManager (HealthyPipelineSafeModeRule.java:process(140)) - SCM in safe mode. Healthy pipelines reported count is 1, required healthy pipeline reported count is 1
2024-02-27 07:42:38,049 [EventQueue-OpenPipelineForHealthyPipelineSafeModeRule] INFO  safemode.SCMSafeModeManager (SCMSafeModeManager.java:validateSafeModeExitRules(200)) - HealthyPipelineSafeModeRule rule is successfully validated
2024-02-27 07:42:38,049 [EventQueue-OpenPipelineForHealthyPipelineSafeModeRule] INFO  safemode.SCMSafeModeManager (SCMSafeModeManager.java:validateSafeModeExitRules(215)) - ScmSafeModeManager, all rules are successfully validated
2024-02-27 07:42:38,049 [EventQueue-OpenPipelineForHealthyPipelineSafeModeRule] INFO  safemode.SCMSafeModeManager (SCMSafeModeManager.java:exitSafeMode(244)) - SCM exiting safe mode.
2024-02-27 07:42:38,049 [EventQueue-OpenPipelineForHealthyPipelineSafeModeRule] INFO  ha.SCMContext (SCMContext.java:updateSafeModeStatus(225)) - Update SafeModeStatus from SafeModeStatus{safeModeStatus=true, preCheckPassed=true} to SafeModeStatus{safeModeStatus=false, preCheckPassed=true}.
2024-02-27 07:42:38,049 [EventQueue-OpenPipelineForHealthyPipelineSafeModeRule] INFO  pipeline.BackgroundPipelineCreator (BackgroundPipelineCreator.java:notifyStatusChanged(258)) - Service BackgroundPipelineCreator transitions to RUNNING.
2024-02-27 07:42:38,049 [EventQueue-OpenPipelineForHealthyPipelineSafeModeRule] INFO  BackgroundPipelineScrubber (BackgroundSCMService.java:notifyStatusChanged(79)) - Service BackgroundPipelineScrubber transitions to RUNNING.
2024-02-27 07:42:38,049 [EventQueue-OpenPipelineForHealthyPipelineSafeModeRule] INFO  ExpiredContainerReplicaOpScrubber (BackgroundSCMService.java:notifyStatusChanged(79)) - Service ExpiredContainerReplicaOpScrubber transitions to RUNNING.
2024-02-27 07:42:38,049 [EventQueue-OpenPipelineForHealthyPipelineSafeModeRule] INFO  block.SCMBlockDeletingService (SCMBlockDeletingService.java:notifyStatusChanged(247)) - notifyStatusChanged:RUNNING
2024-02-27 07:42:38,049 [EventQueue-OpenPipelineForHealthyPipelineSafeModeRule] INFO  replication.ReplicationManager (ReplicationManager.java:notifyStatusChanged(1402)) - Service ReplicationManager transitions to RUNNING.
2024-02-27 07:42:38,049 [grpc-default-executor-2] INFO  server.RaftServer$Division (RaftServerImpl.java:requestVote(1389)) - e71dbbe0-7268-4d86-ba43-abc421df11cb@group-187E1466B7F4: receive requestVote(PRE_VOTE, 7cccb36f-9418-4bb0-9e1b-7711a01d9c69, group-187E1466B7F4, 0, (t:0, i:0))
2024-02-27 07:42:38,049 [7cccb36f-9418-4bb0-9e1b-7711a01d9c69@group-187E1466B7F4-LeaderElection28] INFO  impl.LeaderElection (LeaderElection.java:askForVotes(321)) - 7cccb36f-9418-4bb0-9e1b-7711a01d9c69@group-187E1466B7F4-LeaderElection28 ELECTION round 0: submit vote requests at term 1 for -1: peers:[e71dbbe0-7268-4d86-ba43-abc421df11cb|10.1.0.19:15117, 7cccb36f-9418-4bb0-9e1b-7711a01d9c69|10.1.0.19:15126, 2fdf9b97-f8e3-478e-95f7-818a752c939a|10.1.0.19:15108]|listeners:[], old=null
2024-02-27 07:42:38,049 [grpc-default-executor-2] INFO  impl.VoteContext (VoteContext.java:log(49)) - e71dbbe0-7268-4d86-ba43-abc421df11cb@group-187E1466B7F4-FOLLOWER: accept PRE_VOTE from 7cccb36f-9418-4bb0-9e1b-7711a01d9c69: our priority 0 <= candidate's priority 1
2024-02-27 07:42:38,049 [grpc-default-executor-2] INFO  server.RaftServer$Division (RaftServerImpl.java:requestVote(1422)) - e71dbbe0-7268-4d86-ba43-abc421df11cb@group-187E1466B7F4 replies to PRE_VOTE vote request: 7cccb36f-9418-4bb0-9e1b-7711a01d9c69<-e71dbbe0-7268-4d86-ba43-abc421df11cb#0:OK-t0. Peer's state: e71dbbe0-7268-4d86-ba43-abc421df11cb@group-187E1466B7F4:t0, leader=null, voted=, raftlog=Memoized:e71dbbe0-7268-4d86-ba43-abc421df11cb@group-187E1466B7F4-SegmentedRaftLog:OPENED:c-1, conf=-1: peers:[e71dbbe0-7268-4d86-ba43-abc421df11cb|10.1.0.19:15117, 7cccb36f-9418-4bb0-9e1b-7711a01d9c69|10.1.0.19:15126, 2fdf9b97-f8e3-478e-95f7-818a752c939a|10.1.0.19:15108]|listeners:[], old=null
2024-02-27 07:42:38,049 [EventQueue-OpenPipelineForHealthyPipelineSafeModeRule] WARN  balancer.ContainerBalancer (ContainerBalancer.java:shouldRun(134)) - Could not find persisted configuration for ContainerBalancer when checking if ContainerBalancer should run. ContainerBalancer should not run now.
2024-02-27 07:42:38,051 [main] INFO  ozone.MiniOzoneClusterImpl (MiniOzoneClusterImpl.java:lambda$waitForClusterToBeReady$0(195)) - Nodes are ready. Got 3 of 3 DN Heartbeats.
2024-02-27 07:42:38,051 [main] INFO  ozone.MiniOzoneClusterImpl (MiniOzoneClusterImpl.java:lambda$waitForClusterToBeReady$0(198)) - Cluster exits safe mode
2024-02-27 07:42:38,051 [main] INFO  ozone.MiniOzoneClusterImpl (MiniOzoneClusterImpl.java:lambda$waitForClusterToBeReady$0(200)) - SCM became leader
2024-02-27 07:42:38,052 [main] INFO  protocolPB.OmTransportFactory (OmTransportFactory.java:createFactory(62)) - Loading OM transport implementation org.apache.hadoop.ozone.om.protocolPB.Hadoop3OmTransportFactory as specified by configuration.
2024-02-27 07:42:38,055 [7cccb36f-9418-4bb0-9e1b-7711a01d9c69@group-187E1466B7F4-LeaderElection28] INFO  server.RaftServerConfigKeys (ConfUtils.java:logFallback(53)) - raft.server.rpc.first-election.timeout.min = 5s (fallback to raft.server.rpc.timeout.min)
2024-02-27 07:42:38,055 [7cccb36f-9418-4bb0-9e1b-7711a01d9c69@group-187E1466B7F4-LeaderElection28] INFO  server.RaftServerConfigKeys (ConfUtils.java:logFallback(53)) - raft.server.rpc.first-election.timeout.max = 5200ms (fallback to raft.server.rpc.timeout.max)
2024-02-27 07:42:38,056 [grpc-default-executor-0] INFO  server.RaftServer$Division (RaftServerImpl.java:requestVote(1389)) - 2fdf9b97-f8e3-478e-95f7-818a752c939a@group-187E1466B7F4: receive requestVote(ELECTION, 7cccb36f-9418-4bb0-9e1b-7711a01d9c69, group-187E1466B7F4, 1, (t:0, i:0))
2024-02-27 07:42:38,056 [grpc-default-executor-0] INFO  impl.VoteContext (VoteContext.java:log(49)) - 2fdf9b97-f8e3-478e-95f7-818a752c939a@group-187E1466B7F4-FOLLOWER: accept ELECTION from 7cccb36f-9418-4bb0-9e1b-7711a01d9c69: our priority 0 <= candidate's priority 1
2024-02-27 07:42:38,056 [7cccb36f-9418-4bb0-9e1b-7711a01d9c69-server-thread2] INFO  ratis.XceiverServerRatis (XceiverServerRatis.java:handleLeaderChangedNotification(966)) - Leader change notification received for group: group-410B0000E8A0 with new leaderId: e71dbbe0-7268-4d86-ba43-abc421df11cb
2024-02-27 07:42:38,056 [grpc-default-executor-0] INFO  server.RaftServer$Division (RaftServerImpl.java:setRole(383)) - 2fdf9b97-f8e3-478e-95f7-818a752c939a@group-187E1466B7F4: changes role from  FOLLOWER to FOLLOWER at term 1 for candidate:7cccb36f-9418-4bb0-9e1b-7711a01d9c69
2024-02-27 07:42:38,056 [grpc-default-executor-0] INFO  impl.RoleInfo (RoleInfo.java:shutdownFollowerState(110)) - 2fdf9b97-f8e3-478e-95f7-818a752c939a: shutdown 2fdf9b97-f8e3-478e-95f7-818a752c939a@group-187E1466B7F4-FollowerState
2024-02-27 07:42:38,056 [7cccb36f-9418-4bb0-9e1b-7711a01d9c69-server-thread2] INFO  server.RaftServer$Division (ServerState.java:setLeader(269)) - 7cccb36f-9418-4bb0-9e1b-7711a01d9c69@group-410B0000E8A0: change Leader from null to e71dbbe0-7268-4d86-ba43-abc421df11cb at term 1 for appendEntries, leader elected after 5171ms
2024-02-27 07:42:38,057 [grpc-default-executor-3] INFO  server.RaftServer$Division (RaftServerImpl.java:requestVote(1389)) - e71dbbe0-7268-4d86-ba43-abc421df11cb@group-187E1466B7F4: receive requestVote(ELECTION, 7cccb36f-9418-4bb0-9e1b-7711a01d9c69, group-187E1466B7F4, 1, (t:0, i:0))
2024-02-27 07:42:38,056 [grpc-default-executor-0] INFO  impl.RoleInfo (RoleInfo.java:updateAndGet(139)) - 2fdf9b97-f8e3-478e-95f7-818a752c939a: start 2fdf9b97-f8e3-478e-95f7-818a752c939a@group-187E1466B7F4-FollowerState
2024-02-27 07:42:38,056 [2fdf9b97-f8e3-478e-95f7-818a752c939a@group-187E1466B7F4-FollowerState] INFO  impl.FollowerState (FollowerState.java:run(152)) - 2fdf9b97-f8e3-478e-95f7-818a752c939a@group-187E1466B7F4-FollowerState was interrupted
2024-02-27 07:42:38,060 [7cccb36f-9418-4bb0-9e1b-7711a01d9c69-server-thread2] INFO  server.RaftServer$Division (ServerState.java:setRaftConf(386)) - 7cccb36f-9418-4bb0-9e1b-7711a01d9c69@group-410B0000E8A0: set configuration 0: peers:[e71dbbe0-7268-4d86-ba43-abc421df11cb|10.1.0.19:15117, 7cccb36f-9418-4bb0-9e1b-7711a01d9c69|10.1.0.19:15126, 2fdf9b97-f8e3-478e-95f7-818a752c939a|10.1.0.19:15108]|listeners:[], old=null
2024-02-27 07:42:38,058 [grpc-default-executor-3] INFO  impl.VoteContext (VoteContext.java:log(49)) - e71dbbe0-7268-4d86-ba43-abc421df11cb@group-187E1466B7F4-FOLLOWER: accept ELECTION from 7cccb36f-9418-4bb0-9e1b-7711a01d9c69: our priority 0 <= candidate's priority 1
2024-02-27 07:42:38,061 [7cccb36f-9418-4bb0-9e1b-7711a01d9c69-server-thread2] INFO  segmented.SegmentedRaftLogWorker (SegmentedRaftLogWorker.java:startLogSegment(430)) - 7cccb36f-9418-4bb0-9e1b-7711a01d9c69@group-410B0000E8A0-SegmentedRaftLogWorker: Starting segment from index:0
2024-02-27 07:42:38,062 [grpc-default-executor-3] INFO  server.RaftServer$Division (RaftServerImpl.java:setRole(383)) - e71dbbe0-7268-4d86-ba43-abc421df11cb@group-187E1466B7F4: changes role from  FOLLOWER to FOLLOWER at term 1 for candidate:7cccb36f-9418-4bb0-9e1b-7711a01d9c69
2024-02-27 07:42:38,062 [grpc-default-executor-3] INFO  impl.RoleInfo (RoleInfo.java:shutdownFollowerState(110)) - e71dbbe0-7268-4d86-ba43-abc421df11cb: shutdown e71dbbe0-7268-4d86-ba43-abc421df11cb@group-187E1466B7F4-FollowerState
2024-02-27 07:42:38,062 [grpc-default-executor-3] INFO  impl.RoleInfo (RoleInfo.java:updateAndGet(139)) - e71dbbe0-7268-4d86-ba43-abc421df11cb: start e71dbbe0-7268-4d86-ba43-abc421df11cb@group-187E1466B7F4-FollowerState
2024-02-27 07:42:38,062 [7cccb36f-9418-4bb0-9e1b-7711a01d9c69@group-410B0000E8A0-SegmentedRaftLogWorker] INFO  segmented.BufferedWriteChannel (BufferedWriteChannel.java:open(62)) - open log_inprogress_0 at position 0
2024-02-27 07:42:38,062 [e71dbbe0-7268-4d86-ba43-abc421df11cb@group-187E1466B7F4-FollowerState] INFO  impl.FollowerState (FollowerState.java:run(152)) - e71dbbe0-7268-4d86-ba43-abc421df11cb@group-187E1466B7F4-FollowerState was interrupted
2024-02-27 07:42:38,062 [grpc-default-executor-3] INFO  server.RaftServer$Division (RaftServerImpl.java:setFirstElection(574)) - e71dbbe0-7268-4d86-ba43-abc421df11cb@group-187E1466B7F4: set firstElectionSinceStartup to false for candidate:7cccb36f-9418-4bb0-9e1b-7711a01d9c69
2024-02-27 07:42:38,063 [grpc-default-executor-3] INFO  server.RaftServer$Division (RaftServerImpl.java:requestVote(1422)) - e71dbbe0-7268-4d86-ba43-abc421df11cb@group-187E1466B7F4 replies to ELECTION vote request: 7cccb36f-9418-4bb0-9e1b-7711a01d9c69<-e71dbbe0-7268-4d86-ba43-abc421df11cb#0:OK-t1. Peer's state: e71dbbe0-7268-4d86-ba43-abc421df11cb@group-187E1466B7F4:t1, leader=null, voted=7cccb36f-9418-4bb0-9e1b-7711a01d9c69, raftlog=Memoized:e71dbbe0-7268-4d86-ba43-abc421df11cb@group-187E1466B7F4-SegmentedRaftLog:OPENED:c-1, conf=-1: peers:[e71dbbe0-7268-4d86-ba43-abc421df11cb|10.1.0.19:15117, 7cccb36f-9418-4bb0-9e1b-7711a01d9c69|10.1.0.19:15126, 2fdf9b97-f8e3-478e-95f7-818a752c939a|10.1.0.19:15108]|listeners:[], old=null
2024-02-27 07:42:38,064 [7cccb36f-9418-4bb0-9e1b-7711a01d9c69@group-187E1466B7F4-LeaderElection28] INFO  impl.LeaderElection (LeaderElection.java:logAndReturn(89)) - 7cccb36f-9418-4bb0-9e1b-7711a01d9c69@group-187E1466B7F4-LeaderElection28: ELECTION PASSED received 1 response(s) and 0 exception(s):
2024-02-27 07:42:38,064 [7cccb36f-9418-4bb0-9e1b-7711a01d9c69@group-187E1466B7F4-LeaderElection28] INFO  impl.LeaderElection (LeaderElection.java:logAndReturn(93)) -   Response 0: 7cccb36f-9418-4bb0-9e1b-7711a01d9c69<-e71dbbe0-7268-4d86-ba43-abc421df11cb#0:OK-t1
2024-02-27 07:42:38,064 [7cccb36f-9418-4bb0-9e1b-7711a01d9c69@group-187E1466B7F4-LeaderElection28] INFO  impl.LeaderElection (LeaderElection.java:askForVotes(323)) - 7cccb36f-9418-4bb0-9e1b-7711a01d9c69@group-187E1466B7F4-LeaderElection28 ELECTION round 0: result PASSED
2024-02-27 07:42:38,064 [7cccb36f-9418-4bb0-9e1b-7711a01d9c69@group-187E1466B7F4-LeaderElection28] INFO  impl.RoleInfo (RoleInfo.java:shutdownLeaderElection(130)) - 7cccb36f-9418-4bb0-9e1b-7711a01d9c69: shutdown 7cccb36f-9418-4bb0-9e1b-7711a01d9c69@group-187E1466B7F4-LeaderElection28
2024-02-27 07:42:38,064 [7cccb36f-9418-4bb0-9e1b-7711a01d9c69@group-187E1466B7F4-LeaderElection28] INFO  server.RaftServer$Division (RaftServerImpl.java:setRole(383)) - 7cccb36f-9418-4bb0-9e1b-7711a01d9c69@group-187E1466B7F4: changes role from CANDIDATE to LEADER at term 1 for changeToLeader
2024-02-27 07:42:38,064 [7cccb36f-9418-4bb0-9e1b-7711a01d9c69@group-187E1466B7F4-LeaderElection28] INFO  server.RaftServerConfigKeys (ConfUtils.java:logGet(46)) - raft.server.staging.catchup.gap = 1000 (default)
2024-02-27 07:42:38,064 [7cccb36f-9418-4bb0-9e1b-7711a01d9c69@group-187E1466B7F4-LeaderElection28] INFO  server.RaftServerConfigKeys (ConfUtils.java:logGet(46)) - raft.server.write.element-limit = 1024 (custom)
2024-02-27 07:42:38,064 [7cccb36f-9418-4bb0-9e1b-7711a01d9c69@group-187E1466B7F4-LeaderElection28] INFO  server.RaftServerConfigKeys (ConfUtils.java:logGet(46)) - raft.server.write.byte-limit = 1024 M (=1073741824) (custom)
2024-02-27 07:42:38,064 [7cccb36f-9418-4bb0-9e1b-7711a01d9c69@group-187E1466B7F4-LeaderElection28] INFO  server.RaftServerConfigKeys (ConfUtils.java:logGet(46)) - raft.server.watch.timeout = 180s (custom)
2024-02-27 07:42:38,064 [7cccb36f-9418-4bb0-9e1b-7711a01d9c69@group-187E1466B7F4-LeaderElection28] INFO  server.RaftServerConfigKeys (ConfUtils.java:logGet(46)) - raft.server.watch.timeout.denomination = 1s (default)
2024-02-27 07:42:38,064 [7cccb36f-9418-4bb0-9e1b-7711a01d9c69@group-187E1466B7F4-LeaderElection28] INFO  server.RaftServerConfigKeys (ConfUtils.java:logGet(46)) - raft.server.watch.element-limit = 65536 (default)
2024-02-27 07:42:38,065 [7cccb36f-9418-4bb0-9e1b-7711a01d9c69@group-187E1466B7F4-LeaderElection28] INFO  server.RaftServerConfigKeys (ConfUtils.java:logGet(46)) - raft.server.read.leader.lease.enabled = false (default)
2024-02-27 07:42:38,065 [7cccb36f-9418-4bb0-9e1b-7711a01d9c69@group-187E1466B7F4-LeaderElection28] INFO  server.RaftServerConfigKeys (ConfUtils.java:logGet(46)) - raft.server.read.leader.lease.timeout.ratio = 0.9 (default)
2024-02-27 07:42:38,065 [7cccb36f-9418-4bb0-9e1b-7711a01d9c69@group-187E1466B7F4-LeaderElection28] INFO  server.RaftServerConfigKeys (ConfUtils.java:logGet(46)) - raft.server.rpc.timeout.min = 5s (custom)
2024-02-27 07:42:38,065 [7cccb36f-9418-4bb0-9e1b-7711a01d9c69@group-187E1466B7F4-LeaderElection28] INFO  server.RaftServerConfigKeys (ConfUtils.java:logGet(46)) - raft.server.write.element-limit = 1024 (custom)
2024-02-27 07:42:38,065 [7cccb36f-9418-4bb0-9e1b-7711a01d9c69@group-187E1466B7F4-LeaderElection28] INFO  server.RaftServerConfigKeys (ConfUtils.java:logGet(46)) - raft.server.write.follower.gap.ratio.max = -1.0 (default)
2024-02-27 07:42:38,065 [7cccb36f-9418-4bb0-9e1b-7711a01d9c69@group-187E1466B7F4-LeaderElection28] INFO  server.RaftServerConfigKeys (ConfUtils.java:logGet(46)) - raft.server.log.appender.snapshot.chunk.size.max = 16MB (=16777216) (default)
2024-02-27 07:42:38,065 [7cccb36f-9418-4bb0-9e1b-7711a01d9c69@group-187E1466B7F4-LeaderElection28] INFO  server.RaftServerConfigKeys (ConfUtils.java:logGet(46)) - raft.server.log.appender.buffer.byte-limit = 8388608 (custom)
2024-02-27 07:42:38,065 [7cccb36f-9418-4bb0-9e1b-7711a01d9c69@group-187E1466B7F4-LeaderElection28] INFO  server.RaftServerConfigKeys (ConfUtils.java:logGet(46)) - raft.server.log.appender.buffer.element-limit = 1 (custom)
2024-02-27 07:42:38,066 [7cccb36f-9418-4bb0-9e1b-7711a01d9c69@group-187E1466B7F4-LeaderElection28] INFO  server.RaftServerConfigKeys (ConfUtils.java:logGet(46)) - raft.server.log.appender.wait-time.min = 0μs (custom)
2024-02-27 07:42:38,066 [7cccb36f-9418-4bb0-9e1b-7711a01d9c69@group-187E1466B7F4-LeaderElection28] INFO  grpc.GrpcConfigKeys (ConfUtils.java:logGet(46)) - raft.grpc.server.leader.outstanding.appends.max = 8 (default)
2024-02-27 07:42:38,066 [7cccb36f-9418-4bb0-9e1b-7711a01d9c69@group-187E1466B7F4-LeaderElection28] INFO  server.RaftServerConfigKeys (ConfUtils.java:logGet(46)) - raft.server.rpc.request.timeout = 60s (custom)
2024-02-27 07:42:38,066 [7cccb36f-9418-4bb0-9e1b-7711a01d9c69@group-187E1466B7F4-LeaderElection28] INFO  grpc.GrpcConfigKeys (ConfUtils.java:logGet(46)) - raft.grpc.server.install_snapshot.request.element-limit = 8 (default)
2024-02-27 07:42:38,066 [7cccb36f-9418-4bb0-9e1b-7711a01d9c69@group-187E1466B7F4-LeaderElection28] INFO  grpc.GrpcConfigKeys (ConfUtils.java:logGet(46)) - raft.grpc.server.install_snapshot.request.timeout = 3000ms (default)
2024-02-27 07:42:38,066 [7cccb36f-9418-4bb0-9e1b-7711a01d9c69@group-187E1466B7F4-LeaderElection28] INFO  grpc.GrpcConfigKeys (ConfUtils.java:logGet(46)) - raft.grpc.server.log-message.batch.duration = 5s (default)
2024-02-27 07:42:38,066 [7cccb36f-9418-4bb0-9e1b-7711a01d9c69@group-187E1466B7F4-LeaderElection28] INFO  server.RaftServerConfigKeys (ConfUtils.java:logGet(46)) - raft.server.log.appender.install.snapshot.enabled = false (custom)
2024-02-27 07:42:38,066 [7cccb36f-9418-4bb0-9e1b-7711a01d9c69@group-187E1466B7F4-LeaderElection28] INFO  grpc.GrpcConfigKeys (ConfUtils.java:logGet(46)) - raft.grpc.server.heartbeat.channel = true (default)
2024-02-27 07:42:38,073 [7cccb36f-9418-4bb0-9e1b-7711a01d9c69@group-410B0000E8A0-SegmentedRaftLogWorker] INFO  segmented.SegmentedRaftLogWorker (SegmentedRaftLogWorker.java:execute(634)) - 7cccb36f-9418-4bb0-9e1b-7711a01d9c69@group-410B0000E8A0-SegmentedRaftLogWorker: created new log segment /home/runner/work/ozone/ozone/hadoop-ozone/integration-test/target/test-dir/MiniOzoneClusterImpl-107870c4-38da-4dee-ace8-876b8e06d1b5/ozone-meta/datanode-3/ratis/35c7d413-be29-4b1c-80d7-410b0000e8a0/current/log_inprogress_0
2024-02-27 07:42:38,070 [e71dbbe0-7268-4d86-ba43-abc421df11cb@group-410B0000E8A0-SegmentedRaftLogWorker] INFO  segmented.SegmentedRaftLogWorker (SegmentedRaftLogWorker.java:execute(634)) - e71dbbe0-7268-4d86-ba43-abc421df11cb@group-410B0000E8A0-SegmentedRaftLogWorker: created new log segment /home/runner/work/ozone/ozone/hadoop-ozone/integration-test/target/test-dir/MiniOzoneClusterImpl-107870c4-38da-4dee-ace8-876b8e06d1b5/ozone-meta/datanode-2/ratis/35c7d413-be29-4b1c-80d7-410b0000e8a0/current/log_inprogress_0
2024-02-27 07:42:38,074 [grpc-default-executor-0] INFO  server.RaftServer$Division (RaftServerImpl.java:requestVote(1422)) - 2fdf9b97-f8e3-478e-95f7-818a752c939a@group-187E1466B7F4 replies to ELECTION vote request: 7cccb36f-9418-4bb0-9e1b-7711a01d9c69<-2fdf9b97-f8e3-478e-95f7-818a752c939a#0:OK-t1. Peer's state: 2fdf9b97-f8e3-478e-95f7-818a752c939a@group-187E1466B7F4:t1, leader=null, voted=7cccb36f-9418-4bb0-9e1b-7711a01d9c69, raftlog=Memoized:2fdf9b97-f8e3-478e-95f7-818a752c939a@group-187E1466B7F4-SegmentedRaftLog:OPENED:c-1, conf=-1: peers:[e71dbbe0-7268-4d86-ba43-abc421df11cb|10.1.0.19:15117, 7cccb36f-9418-4bb0-9e1b-7711a01d9c69|10.1.0.19:15126, 2fdf9b97-f8e3-478e-95f7-818a752c939a|10.1.0.19:15108]|listeners:[], old=null
2024-02-27 07:42:38,077 [main] INFO  om.TestOzoneManagerPrepare (TestOzoneManagerPrepare.java:setup(101)) - Waiting for OM leader election
2024-02-27 07:42:38,078 [7cccb36f-9418-4bb0-9e1b-7711a01d9c69@group-187E1466B7F4-LeaderElection28] INFO  server.RaftServerConfigKeys (ConfUtils.java:logGet(46)) - raft.server.log.appender.snapshot.chunk.size.max = 16MB (=16777216) (default)
2024-02-27 07:42:38,078 [7cccb36f-9418-4bb0-9e1b-7711a01d9c69@group-187E1466B7F4-LeaderElection28] INFO  server.RaftServerConfigKeys (ConfUtils.java:logGet(46)) - raft.server.log.appender.buffer.byte-limit = 8388608 (custom)
2024-02-27 07:42:38,078 [7cccb36f-9418-4bb0-9e1b-7711a01d9c69@group-187E1466B7F4-LeaderElection28] INFO  server.RaftServerConfigKeys (ConfUtils.java:logGet(46)) - raft.server.log.appender.buffer.element-limit = 1 (custom)
2024-02-27 07:42:38,078 [7cccb36f-9418-4bb0-9e1b-7711a01d9c69@group-187E1466B7F4-LeaderElection28] INFO  server.RaftServerConfigKeys (ConfUtils.java:logGet(46)) - raft.server.log.appender.wait-time.min = 0μs (custom)
2024-02-27 07:42:38,078 [7cccb36f-9418-4bb0-9e1b-7711a01d9c69@group-187E1466B7F4-LeaderElection28] INFO  grpc.GrpcConfigKeys (ConfUtils.java:logGet(46)) - raft.grpc.server.leader.outstanding.appends.max = 8 (default)
2024-02-27 07:42:38,078 [7cccb36f-9418-4bb0-9e1b-7711a01d9c69@group-187E1466B7F4-LeaderElection28] INFO  server.RaftServerConfigKeys (ConfUtils.java:logGet(46)) - raft.server.rpc.request.timeout = 60s (custom)
2024-02-27 07:42:38,078 [7cccb36f-9418-4bb0-9e1b-7711a01d9c69@group-187E1466B7F4-LeaderElection28] INFO  grpc.GrpcConfigKeys (ConfUtils.java:logGet(46)) - raft.grpc.server.install_snapshot.request.element-limit = 8 (default)
2024-02-27 07:42:38,078 [7cccb36f-9418-4bb0-9e1b-7711a01d9c69@group-187E1466B7F4-LeaderElection28] INFO  grpc.GrpcConfigKeys (ConfUtils.java:logGet(46)) - raft.grpc.server.install_snapshot.request.timeout = 3000ms (default)
2024-02-27 07:42:38,078 [7cccb36f-9418-4bb0-9e1b-7711a01d9c69@group-187E1466B7F4-LeaderElection28] INFO  grpc.GrpcConfigKeys (ConfUtils.java:logGet(46)) - raft.grpc.server.log-message.batch.duration = 5s (default)
2024-02-27 07:42:38,079 [7cccb36f-9418-4bb0-9e1b-7711a01d9c69@group-187E1466B7F4-LeaderElection28] INFO  server.RaftServerConfigKeys (ConfUtils.java:logGet(46)) - raft.server.log.appender.install.snapshot.enabled = false (custom)
2024-02-27 07:42:38,079 [7cccb36f-9418-4bb0-9e1b-7711a01d9c69@group-187E1466B7F4-LeaderElection28] INFO  grpc.GrpcConfigKeys (ConfUtils.java:logGet(46)) - raft.grpc.server.heartbeat.channel = true (default)
2024-02-27 07:42:38,079 [7cccb36f-9418-4bb0-9e1b-7711a01d9c69@group-187E1466B7F4-LeaderElection28] INFO  impl.RoleInfo (RoleInfo.java:updateAndGet(139)) - 7cccb36f-9418-4bb0-9e1b-7711a01d9c69: start 7cccb36f-9418-4bb0-9e1b-7711a01d9c69@group-187E1466B7F4-LeaderStateImpl
2024-02-27 07:42:38,079 [7cccb36f-9418-4bb0-9e1b-7711a01d9c69@group-187E1466B7F4-LeaderElection28] INFO  server.RaftServer$Division (RaftServerImpl.java:setFirstElection(574)) - 7cccb36f-9418-4bb0-9e1b-7711a01d9c69@group-187E1466B7F4: set firstElectionSinceStartup to false for becomeLeader
2024-02-27 07:42:38,079 [7cccb36f-9418-4bb0-9e1b-7711a01d9c69@group-187E1466B7F4-LeaderElection28] INFO  ratis.XceiverServerRatis (XceiverServerRatis.java:handleLeaderChangedNotification(966)) - Leader change notification received for group: group-187E1466B7F4 with new leaderId: 7cccb36f-9418-4bb0-9e1b-7711a01d9c69
2024-02-27 07:42:38,079 [7cccb36f-9418-4bb0-9e1b-7711a01d9c69@group-187E1466B7F4-LeaderElection28] INFO  server.RaftServer$Division (ServerState.java:setLeader(269)) - 7cccb36f-9418-4bb0-9e1b-7711a01d9c69@group-187E1466B7F4: change Leader from null to 7cccb36f-9418-4bb0-9e1b-7711a01d9c69 at term 1 for becomeLeader, leader elected after 5133ms
2024-02-27 07:42:38,079 [7cccb36f-9418-4bb0-9e1b-7711a01d9c69@group-187E1466B7F4-LeaderElection28] INFO  segmented.SegmentedRaftLogWorker (SegmentedRaftLogWorker.java:startLogSegment(430)) - 7cccb36f-9418-4bb0-9e1b-7711a01d9c69@group-187E1466B7F4-SegmentedRaftLogWorker: Starting segment from index:0
2024-02-27 07:42:38,079 [7cccb36f-9418-4bb0-9e1b-7711a01d9c69@group-187E1466B7F4-SegmentedRaftLogWorker] INFO  segmented.BufferedWriteChannel (BufferedWriteChannel.java:open(62)) - open log_inprogress_0 at position 0
2024-02-27 07:42:38,083 [EventQueue-PipelineReportForPipelineReportHandler] INFO  pipeline.PipelineReportHandler (PipelineReportHandler.java:processPipelineReport(136)) - Opened pipeline PipelineID=d92e2656-d2ed-43df-9aad-187e1466b7f4
2024-02-27 07:42:38,085 [2fdf9b97-f8e3-478e-95f7-818a752c939a-server-thread1] INFO  ratis.XceiverServerRatis (XceiverServerRatis.java:handleLeaderChangedNotification(966)) - Leader change notification received for group: group-410B0000E8A0 with new leaderId: e71dbbe0-7268-4d86-ba43-abc421df11cb
2024-02-27 07:42:38,085 [7cccb36f-9418-4bb0-9e1b-7711a01d9c69@group-187E1466B7F4-LeaderElection28] INFO  server.RaftServer$Division (ServerState.java:setRaftConf(386)) - 7cccb36f-9418-4bb0-9e1b-7711a01d9c69@group-187E1466B7F4: set configuration 0: peers:[e71dbbe0-7268-4d86-ba43-abc421df11cb|10.1.0.19:15117, 7cccb36f-9418-4bb0-9e1b-7711a01d9c69|10.1.0.19:15126, 2fdf9b97-f8e3-478e-95f7-818a752c939a|10.1.0.19:15108]|listeners:[], old=null
2024-02-27 07:42:38,085 [2fdf9b97-f8e3-478e-95f7-818a752c939a-server-thread1] INFO  server.RaftServer$Division (ServerState.java:setLeader(269)) - 2fdf9b97-f8e3-478e-95f7-818a752c939a@group-410B0000E8A0: change Leader from null to e71dbbe0-7268-4d86-ba43-abc421df11cb at term 1 for appendEntries, leader elected after 5244ms
2024-02-27 07:42:38,088 [2fdf9b97-f8e3-478e-95f7-818a752c939a-server-thread1] INFO  ratis.XceiverServerRatis (XceiverServerRatis.java:handleLeaderChangedNotification(966)) - Leader change notification received for group: group-187E1466B7F4 with new leaderId: 7cccb36f-9418-4bb0-9e1b-7711a01d9c69
2024-02-27 07:42:38,088 [2fdf9b97-f8e3-478e-95f7-818a752c939a-server-thread1] INFO  server.RaftServer$Division (ServerState.java:setLeader(269)) - 2fdf9b97-f8e3-478e-95f7-818a752c939a@group-187E1466B7F4: change Leader from null to 7cccb36f-9418-4bb0-9e1b-7711a01d9c69 at term 1 for appendEntries, leader elected after 5187ms
2024-02-27 07:42:38,088 [7cccb36f-9418-4bb0-9e1b-7711a01d9c69@group-187E1466B7F4-SegmentedRaftLogWorker] INFO  segmented.SegmentedRaftLogWorker (SegmentedRaftLogWorker.java:execute(634)) - 7cccb36f-9418-4bb0-9e1b-7711a01d9c69@group-187E1466B7F4-SegmentedRaftLogWorker: created new log segment /home/runner/work/ozone/ozone/hadoop-ozone/integration-test/target/test-dir/MiniOzoneClusterImpl-107870c4-38da-4dee-ace8-876b8e06d1b5/ozone-meta/datanode-3/ratis/d92e2656-d2ed-43df-9aad-187e1466b7f4/current/log_inprogress_0
2024-02-27 07:42:38,097 [e71dbbe0-7268-4d86-ba43-abc421df11cb-server-thread1] INFO  ratis.XceiverServerRatis (XceiverServerRatis.java:handleLeaderChangedNotification(966)) - Leader change notification received for group: group-187E1466B7F4 with new leaderId: 7cccb36f-9418-4bb0-9e1b-7711a01d9c69
2024-02-27 07:42:38,097 [2fdf9b97-f8e3-478e-95f7-818a752c939a-server-thread1] INFO  server.RaftServer$Division (ServerState.java:setRaftConf(386)) - 2fdf9b97-f8e3-478e-95f7-818a752c939a@group-410B0000E8A0: set configuration 0: peers:[e71dbbe0-7268-4d86-ba43-abc421df11cb|10.1.0.19:15117, 7cccb36f-9418-4bb0-9e1b-7711a01d9c69|10.1.0.19:15126, 2fdf9b97-f8e3-478e-95f7-818a752c939a|10.1.0.19:15108]|listeners:[], old=null
2024-02-27 07:42:38,097 [2fdf9b97-f8e3-478e-95f7-818a752c939a-server-thread1] INFO  segmented.SegmentedRaftLogWorker (SegmentedRaftLogWorker.java:startLogSegment(430)) - 2fdf9b97-f8e3-478e-95f7-818a752c939a@group-410B0000E8A0-SegmentedRaftLogWorker: Starting segment from index:0
2024-02-27 07:42:38,097 [e71dbbe0-7268-4d86-ba43-abc421df11cb-server-thread1] INFO  server.RaftServer$Division (ServerState.java:setLeader(269)) - e71dbbe0-7268-4d86-ba43-abc421df11cb@group-187E1466B7F4: change Leader from null to 7cccb36f-9418-4bb0-9e1b-7711a01d9c69 at term 1 for appendEntries, leader elected after 5173ms
2024-02-27 07:42:38,097 [2fdf9b97-f8e3-478e-95f7-818a752c939a-server-thread2] INFO  server.RaftServer$Division (ServerState.java:setRaftConf(386)) - 2fdf9b97-f8e3-478e-95f7-818a752c939a@group-187E1466B7F4: set configuration 0: peers:[e71dbbe0-7268-4d86-ba43-abc421df11cb|10.1.0.19:15117, 7cccb36f-9418-4bb0-9e1b-7711a01d9c69|10.1.0.19:15126, 2fdf9b97-f8e3-478e-95f7-818a752c939a|10.1.0.19:15108]|listeners:[], old=null
2024-02-27 07:42:38,098 [2fdf9b97-f8e3-478e-95f7-818a752c939a-server-thread2] INFO  segmented.SegmentedRaftLogWorker (SegmentedRaftLogWorker.java:startLogSegment(430)) - 2fdf9b97-f8e3-478e-95f7-818a752c939a@group-187E1466B7F4-SegmentedRaftLogWorker: Starting segment from index:0
2024-02-27 07:42:38,098 [e71dbbe0-7268-4d86-ba43-abc421df11cb@group-410B0000E8A0-StateMachineUpdater] INFO  server.RaftServer$Division (LeaderStateImpl.java:isApplied(320)) - leader is ready since appliedIndex == 0 >= startIndex == 0
2024-02-27 07:42:38,100 [e71dbbe0-7268-4d86-ba43-abc421df11cb-server-thread2] INFO  server.RaftServer$Division (ServerState.java:setRaftConf(386)) - e71dbbe0-7268-4d86-ba43-abc421df11cb@group-187E1466B7F4: set configuration 0: peers:[e71dbbe0-7268-4d86-ba43-abc421df11cb|10.1.0.19:15117, 7cccb36f-9418-4bb0-9e1b-7711a01d9c69|10.1.0.19:15126, 2fdf9b97-f8e3-478e-95f7-818a752c939a|10.1.0.19:15108]|listeners:[], old=null
2024-02-27 07:42:38,100 [2fdf9b97-f8e3-478e-95f7-818a752c939a@group-410B0000E8A0-SegmentedRaftLogWorker] INFO  segmented.BufferedWriteChannel (BufferedWriteChannel.java:open(62)) - open log_inprogress_0 at position 0
2024-02-27 07:42:38,100 [e71dbbe0-7268-4d86-ba43-abc421df11cb-server-thread2] INFO  segmented.SegmentedRaftLogWorker (SegmentedRaftLogWorker.java:startLogSegment(430)) - e71dbbe0-7268-4d86-ba43-abc421df11cb@group-187E1466B7F4-SegmentedRaftLogWorker: Starting segment from index:0
2024-02-27 07:42:38,101 [e71dbbe0-7268-4d86-ba43-abc421df11cb@group-187E1466B7F4-SegmentedRaftLogWorker] INFO  segmented.BufferedWriteChannel (BufferedWriteChannel.java:open(62)) - open log_inprogress_0 at position 0
2024-02-27 07:42:38,104 [2fdf9b97-f8e3-478e-95f7-818a752c939a@group-187E1466B7F4-SegmentedRaftLogWorker] INFO  segmented.BufferedWriteChannel (BufferedWriteChannel.java:open(62)) - open log_inprogress_0 at position 0
2024-02-27 07:42:38,106 [e71dbbe0-7268-4d86-ba43-abc421df11cb@group-1B95EA0F41BB-FollowerState] INFO  impl.FollowerState (FollowerState.java:run(143)) - e71dbbe0-7268-4d86-ba43-abc421df11cb@group-1B95EA0F41BB-FollowerState: change to CANDIDATE, lastRpcElapsedTime:5138407711ns, electionTimeout:5138ms
2024-02-27 07:42:38,106 [e71dbbe0-7268-4d86-ba43-abc421df11cb@group-1B95EA0F41BB-FollowerState] INFO  impl.RoleInfo (RoleInfo.java:shutdownFollowerState(110)) - e71dbbe0-7268-4d86-ba43-abc421df11cb: shutdown e71dbbe0-7268-4d86-ba43-abc421df11cb@group-1B95EA0F41BB-FollowerState
2024-02-27 07:42:38,106 [e71dbbe0-7268-4d86-ba43-abc421df11cb@group-1B95EA0F41BB-FollowerState] INFO  server.RaftServer$Division (RaftServerImpl.java:setRole(383)) - e71dbbe0-7268-4d86-ba43-abc421df11cb@group-1B95EA0F41BB: changes role from  FOLLOWER to CANDIDATE at term 0 for changeToCandidate
2024-02-27 07:42:38,107 [e71dbbe0-7268-4d86-ba43-abc421df11cb@group-1B95EA0F41BB-FollowerState] INFO  server.RaftServerConfigKeys (ConfUtils.java:logGet(46)) - raft.server.leaderelection.pre-vote = true (default)
2024-02-27 07:42:38,107 [e71dbbe0-7268-4d86-ba43-abc421df11cb@group-1B95EA0F41BB-FollowerState] INFO  impl.RoleInfo (RoleInfo.java:updateAndGet(139)) - e71dbbe0-7268-4d86-ba43-abc421df11cb: start e71dbbe0-7268-4d86-ba43-abc421df11cb@group-1B95EA0F41BB-LeaderElection29
2024-02-27 07:42:38,109 [e71dbbe0-7268-4d86-ba43-abc421df11cb@group-1B95EA0F41BB-LeaderElection29] INFO  impl.LeaderElection (LeaderElection.java:askForVotes(321)) - e71dbbe0-7268-4d86-ba43-abc421df11cb@group-1B95EA0F41BB-LeaderElection29 PRE_VOTE round 0: submit vote requests at term 0 for -1: peers:[e71dbbe0-7268-4d86-ba43-abc421df11cb|10.1.0.19:15117]|listeners:[], old=null
2024-02-27 07:42:38,109 [e71dbbe0-7268-4d86-ba43-abc421df11cb@group-1B95EA0F41BB-LeaderElection29] INFO  impl.LeaderElection (LeaderElection.java:askForVotes(323)) - e71dbbe0-7268-4d86-ba43-abc421df11cb@group-1B95EA0F41BB-LeaderElection29 PRE_VOTE round 0: result PASSED (term=0)
2024-02-27 07:42:38,110 [omNode-1-OMStateMachineApplyTransactionThread - 0] INFO  upgrade.OMCancelPrepareRequest (OMCancelPrepareRequest.java:validateAndUpdateCache(54)) - OM omNode-1 Received cancel prepare request with log (t:1, i:1)
2024-02-27 07:42:38,110 [omNode-2-OMStateMachineApplyTransactionThread - 0] INFO  upgrade.OMCancelPrepareRequest (OMCancelPrepareRequest.java:validateAndUpdateCache(54)) - OM omNode-2 Received cancel prepare request with log (t:1, i:1)
2024-02-27 07:42:38,111 [e71dbbe0-7268-4d86-ba43-abc421df11cb@group-187E1466B7F4-SegmentedRaftLogWorker] INFO  segmented.SegmentedRaftLogWorker (SegmentedRaftLogWorker.java:execute(634)) - e71dbbe0-7268-4d86-ba43-abc421df11cb@group-187E1466B7F4-SegmentedRaftLogWorker: created new log segment /home/runner/work/ozone/ozone/hadoop-ozone/integration-test/target/test-dir/MiniOzoneClusterImpl-107870c4-38da-4dee-ace8-876b8e06d1b5/ozone-meta/datanode-2/ratis/d92e2656-d2ed-43df-9aad-187e1466b7f4/current/log_inprogress_0
2024-02-27 07:42:38,111 [omNode-2-OMStateMachineApplyTransactionThread - 0] INFO  upgrade.OMCancelPrepareRequest (OMCancelPrepareRequest.java:validateAndUpdateCache(82)) - OM omNode-2 prepare state cancelled at log (t:1, i:1). Returning response 
2024-02-27 07:42:38,112 [2fdf9b97-f8e3-478e-95f7-818a752c939a@group-410B0000E8A0-SegmentedRaftLogWorker] INFO  segmented.SegmentedRaftLogWorker (SegmentedRaftLogWorker.java:execute(634)) - 2fdf9b97-f8e3-478e-95f7-818a752c939a@group-410B0000E8A0-SegmentedRaftLogWorker: created new log segment /home/runner/work/ozone/ozone/hadoop-ozone/integration-test/target/test-dir/MiniOzoneClusterImpl-107870c4-38da-4dee-ace8-876b8e06d1b5/ozone-meta/datanode-1/ratis/35c7d413-be29-4b1c-80d7-410b0000e8a0/current/log_inprogress_0
2024-02-27 07:42:38,113 [omNode-1-OMStateMachineApplyTransactionThread - 0] INFO  upgrade.OMCancelPrepareRequest (OMCancelPrepareRequest.java:validateAndUpdateCache(82)) - OM omNode-1 prepare state cancelled at log (t:1, i:1). Returning response 
2024-02-27 07:42:38,117 [omNode-3-OMStateMachineApplyTransactionThread - 0] INFO  upgrade.OMCancelPrepareRequest (OMCancelPrepareRequest.java:validateAndUpdateCache(54)) - OM omNode-3 Received cancel prepare request with log (t:1, i:1)
2024-02-27 07:42:38,118 [e71dbbe0-7268-4d86-ba43-abc421df11cb@group-1B95EA0F41BB-LeaderElection29] INFO  impl.LeaderElection (LeaderElection.java:askForVotes(321)) - e71dbbe0-7268-4d86-ba43-abc421df11cb@group-1B95EA0F41BB-LeaderElection29 ELECTION round 0: submit vote requests at term 1 for -1: peers:[e71dbbe0-7268-4d86-ba43-abc421df11cb|10.1.0.19:15117]|listeners:[], old=null
2024-02-27 07:42:38,118 [e71dbbe0-7268-4d86-ba43-abc421df11cb@group-1B95EA0F41BB-LeaderElection29] INFO  impl.LeaderElection (LeaderElection.java:askForVotes(323)) - e71dbbe0-7268-4d86-ba43-abc421df11cb@group-1B95EA0F41BB-LeaderElection29 ELECTION round 0: result PASSED (term=1)
2024-02-27 07:42:38,118 [e71dbbe0-7268-4d86-ba43-abc421df11cb@group-1B95EA0F41BB-LeaderElection29] INFO  impl.RoleInfo (RoleInfo.java:shutdownLeaderElection(130)) - e71dbbe0-7268-4d86-ba43-abc421df11cb: shutdown e71dbbe0-7268-4d86-ba43-abc421df11cb@group-1B95EA0F41BB-LeaderElection29
2024-02-27 07:42:38,119 [e71dbbe0-7268-4d86-ba43-abc421df11cb@group-1B95EA0F41BB-LeaderElection29] INFO  server.RaftServer$Division (RaftServerImpl.java:setRole(383)) - e71dbbe0-7268-4d86-ba43-abc421df11cb@group-1B95EA0F41BB: changes role from CANDIDATE to LEADER at term 1 for changeToLeader
2024-02-27 07:42:38,119 [e71dbbe0-7268-4d86-ba43-abc421df11cb@group-1B95EA0F41BB-LeaderElection29] INFO  server.RaftServerConfigKeys (ConfUtils.java:logGet(46)) - raft.server.staging.catchup.gap = 1000 (default)
2024-02-27 07:42:38,119 [e71dbbe0-7268-4d86-ba43-abc421df11cb@group-1B95EA0F41BB-LeaderElection29] INFO  server.RaftServerConfigKeys (ConfUtils.java:logGet(46)) - raft.server.write.element-limit = 1024 (custom)
2024-02-27 07:42:38,119 [e71dbbe0-7268-4d86-ba43-abc421df11cb@group-1B95EA0F41BB-LeaderElection29] INFO  server.RaftServerConfigKeys (ConfUtils.java:logGet(46)) - raft.server.write.byte-limit = 1024 M (=1073741824) (custom)
2024-02-27 07:42:38,119 [e71dbbe0-7268-4d86-ba43-abc421df11cb@group-1B95EA0F41BB-LeaderElection29] INFO  server.RaftServerConfigKeys (ConfUtils.java:logGet(46)) - raft.server.watch.timeout = 180s (custom)
2024-02-27 07:42:38,119 [e71dbbe0-7268-4d86-ba43-abc421df11cb@group-1B95EA0F41BB-LeaderElection29] INFO  server.RaftServerConfigKeys (ConfUtils.java:logGet(46)) - raft.server.watch.timeout.denomination = 1s (default)
2024-02-27 07:42:38,119 [e71dbbe0-7268-4d86-ba43-abc421df11cb@group-1B95EA0F41BB-LeaderElection29] INFO  server.RaftServerConfigKeys (ConfUtils.java:logGet(46)) - raft.server.watch.element-limit = 65536 (default)
2024-02-27 07:42:38,119 [e71dbbe0-7268-4d86-ba43-abc421df11cb@group-1B95EA0F41BB-LeaderElection29] INFO  server.RaftServerConfigKeys (ConfUtils.java:logGet(46)) - raft.server.read.leader.lease.enabled = false (default)
2024-02-27 07:42:38,121 [e71dbbe0-7268-4d86-ba43-abc421df11cb@group-1B95EA0F41BB-LeaderElection29] INFO  server.RaftServerConfigKeys (ConfUtils.java:logGet(46)) - raft.server.read.leader.lease.timeout.ratio = 0.9 (default)
2024-02-27 07:42:38,121 [e71dbbe0-7268-4d86-ba43-abc421df11cb@group-1B95EA0F41BB-LeaderElection29] INFO  server.RaftServerConfigKeys (ConfUtils.java:logGet(46)) - raft.server.rpc.timeout.min = 5s (custom)
2024-02-27 07:42:38,121 [e71dbbe0-7268-4d86-ba43-abc421df11cb@group-1B95EA0F41BB-LeaderElection29] INFO  server.RaftServerConfigKeys (ConfUtils.java:logGet(46)) - raft.server.write.element-limit = 1024 (custom)
2024-02-27 07:42:38,121 [e71dbbe0-7268-4d86-ba43-abc421df11cb@group-1B95EA0F41BB-LeaderElection29] INFO  server.RaftServerConfigKeys (ConfUtils.java:logGet(46)) - raft.server.write.follower.gap.ratio.max = -1.0 (default)
2024-02-27 07:42:38,121 [main] INFO  rpc.RpcClient (RpcClient.java:createVolume(465)) - Creating Volume: vol, with runner as owner and space quota set to -1 bytes, counts quota set to -1
2024-02-27 07:42:38,121 [e71dbbe0-7268-4d86-ba43-abc421df11cb@group-1B95EA0F41BB-LeaderElection29] INFO  impl.RoleInfo (RoleInfo.java:updateAndGet(139)) - e71dbbe0-7268-4d86-ba43-abc421df11cb: start e71dbbe0-7268-4d86-ba43-abc421df11cb@group-1B95EA0F41BB-LeaderStateImpl
2024-02-27 07:42:38,121 [e71dbbe0-7268-4d86-ba43-abc421df11cb@group-1B95EA0F41BB-LeaderElection29] INFO  server.RaftServer$Division (RaftServerImpl.java:setFirstElection(574)) - e71dbbe0-7268-4d86-ba43-abc421df11cb@group-1B95EA0F41BB: set firstElectionSinceStartup to false for becomeLeader
2024-02-27 07:42:38,121 [7cccb36f-9418-4bb0-9e1b-7711a01d9c69@group-187E1466B7F4-StateMachineUpdater] INFO  server.RaftServer$Division (LeaderStateImpl.java:isApplied(320)) - leader is ready since appliedIndex == 0 >= startIndex == 0
2024-02-27 07:42:38,121 [e71dbbe0-7268-4d86-ba43-abc421df11cb@group-1B95EA0F41BB-LeaderElection29] INFO  ratis.XceiverServerRatis (XceiverServerRatis.java:handleLeaderChangedNotification(966)) - Leader change notification received for group: group-1B95EA0F41BB with new leaderId: e71dbbe0-7268-4d86-ba43-abc421df11cb
2024-02-27 07:42:38,123 [e71dbbe0-7268-4d86-ba43-abc421df11cb@group-1B95EA0F41BB-LeaderElection29] INFO  server.RaftServer$Division (ServerState.java:setLeader(269)) - e71dbbe0-7268-4d86-ba43-abc421df11cb@group-1B95EA0F41BB: change Leader from null to e71dbbe0-7268-4d86-ba43-abc421df11cb at term 1 for becomeLeader, leader elected after 5161ms
2024-02-27 07:42:38,124 [e71dbbe0-7268-4d86-ba43-abc421df11cb@group-1B95EA0F41BB-LeaderElection29] INFO  segmented.SegmentedRaftLogWorker (SegmentedRaftLogWorker.java:startLogSegment(430)) - e71dbbe0-7268-4d86-ba43-abc421df11cb@group-1B95EA0F41BB-SegmentedRaftLogWorker: Starting segment from index:0
2024-02-27 07:42:38,126 [omNode-3-OMStateMachineApplyTransactionThread - 0] INFO  upgrade.OMCancelPrepareRequest (OMCancelPrepareRequest.java:validateAndUpdateCache(82)) - OM omNode-3 prepare state cancelled at log (t:1, i:1). Returning response 
2024-02-27 07:42:38,127 [e71dbbe0-7268-4d86-ba43-abc421df11cb@group-1B95EA0F41BB-SegmentedRaftLogWorker] INFO  segmented.BufferedWriteChannel (BufferedWriteChannel.java:open(62)) - open log_inprogress_0 at position 0
2024-02-27 07:42:38,128 [e71dbbe0-7268-4d86-ba43-abc421df11cb@group-1B95EA0F41BB-LeaderElection29] INFO  server.RaftServer$Division (ServerState.java:setRaftConf(386)) - e71dbbe0-7268-4d86-ba43-abc421df11cb@group-1B95EA0F41BB: set configuration 0: peers:[e71dbbe0-7268-4d86-ba43-abc421df11cb|10.1.0.19:15117]|listeners:[], old=null
2024-02-27 07:42:38,130 [2fdf9b97-f8e3-478e-95f7-818a752c939a@group-187E1466B7F4-SegmentedRaftLogWorker] INFO  segmented.SegmentedRaftLogWorker (SegmentedRaftLogWorker.java:execute(634)) - 2fdf9b97-f8e3-478e-95f7-818a752c939a@group-187E1466B7F4-SegmentedRaftLogWorker: created new log segment /home/runner/work/ozone/ozone/hadoop-ozone/integration-test/target/test-dir/MiniOzoneClusterImpl-107870c4-38da-4dee-ace8-876b8e06d1b5/ozone-meta/datanode-1/ratis/d92e2656-d2ed-43df-9aad-187e1466b7f4/current/log_inprogress_0
2024-02-27 07:42:38,131 [omNode-1-OMStateMachineApplyTransactionThread - 0] INFO  volume.OMVolumeCreateRequest (OMVolumeCreateRequest.java:validateAndUpdateCache(198)) - created volume:vol for user:runner
2024-02-27 07:42:38,132 [omNode-2-OMStateMachineApplyTransactionThread - 0] INFO  volume.OMVolumeCreateRequest (OMVolumeCreateRequest.java:validateAndUpdateCache(198)) - created volume:vol for user:runner
2024-02-27 07:42:38,135 [e71dbbe0-7268-4d86-ba43-abc421df11cb@group-1B95EA0F41BB-SegmentedRaftLogWorker] INFO  segmented.SegmentedRaftLogWorker (SegmentedRaftLogWorker.java:execute(634)) - e71dbbe0-7268-4d86-ba43-abc421df11cb@group-1B95EA0F41BB-SegmentedRaftLogWorker: created new log segment /home/runner/work/ozone/ozone/hadoop-ozone/integration-test/target/test-dir/MiniOzoneClusterImpl-107870c4-38da-4dee-ace8-876b8e06d1b5/ozone-meta/datanode-2/ratis/6bc6a342-cbf1-4f18-82eb-1b95ea0f41bb/current/log_inprogress_0
2024-02-27 07:42:38,137 [omNode-3-OMStateMachineApplyTransactionThread - 0] INFO  volume.OMVolumeCreateRequest (OMVolumeCreateRequest.java:validateAndUpdateCache(198)) - created volume:vol for user:runner
2024-02-27 07:42:38,138 [e71dbbe0-7268-4d86-ba43-abc421df11cb@group-1B95EA0F41BB-StateMachineUpdater] INFO  server.RaftServer$Division (LeaderStateImpl.java:isApplied(320)) - leader is ready since appliedIndex == 0 >= startIndex == 0
2024-02-27 07:42:38,139 [main] INFO  rpc.RpcClient (RpcClient.java:createVolume(465)) - Creating Volume: volume050353a2-2f24-4b5a-95a7-c8ee467cd58f, with runner as owner and space quota set to -1 bytes, counts quota set to -1
2024-02-27 07:42:38,143 [omNode-1-OMStateMachineApplyTransactionThread - 0] INFO  volume.OMVolumeCreateRequest (OMVolumeCreateRequest.java:validateAndUpdateCache(198)) - created volume:volume050353a2-2f24-4b5a-95a7-c8ee467cd58f for user:runner
2024-02-27 07:42:38,145 [omNode-3-OMStateMachineApplyTransactionThread - 0] INFO  volume.OMVolumeCreateRequest (OMVolumeCreateRequest.java:validateAndUpdateCache(198)) - created volume:volume050353a2-2f24-4b5a-95a7-c8ee467cd58f for user:runner
2024-02-27 07:42:38,145 [omNode-2-OMStateMachineApplyTransactionThread - 0] INFO  volume.OMVolumeCreateRequest (OMVolumeCreateRequest.java:validateAndUpdateCache(198)) - created volume:volume050353a2-2f24-4b5a-95a7-c8ee467cd58f for user:runner
2024-02-27 07:42:38,148 [main] INFO  rpc.RpcClient (RpcClient.java:createBucket(691)) - Creating Bucket: volume050353a2-2f24-4b5a-95a7-c8ee467cd58f/bucket, with server-side default bucket layout, runner as owner, Versioning false, Storage Type set to DISK and Encryption set to false, Replication Type set to server-side default replication type, Namespace Quota set to -1, Space Quota set to -1 
2024-02-27 07:42:38,150 [omNode-1-OMStateMachineApplyTransactionThread - 0] INFO  bucket.OMBucketCreateRequest (OMBucketCreateRequest.java:validateAndUpdateCache(292)) - created bucket: bucket of layout OBJECT_STORE in volume: volume050353a2-2f24-4b5a-95a7-c8ee467cd58f
2024-02-27 07:42:38,151 [omNode-3-OMStateMachineApplyTransactionThread - 0] INFO  bucket.OMBucketCreateRequest (OMBucketCreateRequest.java:validateAndUpdateCache(292)) - created bucket: bucket of layout OBJECT_STORE in volume: volume050353a2-2f24-4b5a-95a7-c8ee467cd58f
2024-02-27 07:42:38,152 [omNode-2-OMStateMachineApplyTransactionThread - 0] INFO  bucket.OMBucketCreateRequest (OMBucketCreateRequest.java:validateAndUpdateCache(292)) - created bucket: bucket of layout OBJECT_STORE in volume: volume050353a2-2f24-4b5a-95a7-c8ee467cd58f
2024-02-27 07:42:38,158 [IPC Server handler 97 on default port 15087] INFO  ha.SequenceIdGenerator (SequenceIdGenerator.java:getNextId(145)) - Allocate a batch for containerId, change lastId from 0 to 1000.
2024-02-27 07:42:38,158 [IPC Server handler 97 on default port 15087] WARN  ha.SequenceIdGenerator (SequenceIdGenerator.java:allocateBatch(258)) - Failed to allocate a batch for localId, expected lastId is 0, actual lastId is 113750153625600000.
2024-02-27 07:42:38,158 [IPC Server handler 97 on default port 15087] INFO  ha.SequenceIdGenerator (SequenceIdGenerator.java:getNextId(145)) - Allocate a batch for localId, change lastId from 113750153625600000 to 113750153625601000.
2024-02-27 07:42:38,180 [7cccb36f-9418-4bb0-9e1b-7711a01d9c69@group-D8F10A356C5C-FollowerState] INFO  impl.FollowerState (FollowerState.java:run(143)) - 7cccb36f-9418-4bb0-9e1b-7711a01d9c69@group-D8F10A356C5C-FollowerState: change to CANDIDATE, lastRpcElapsedTime:5124230360ns, electionTimeout:5123ms
2024-02-27 07:42:38,180 [7cccb36f-9418-4bb0-9e1b-7711a01d9c69@group-D8F10A356C5C-FollowerState] INFO  impl.RoleInfo (RoleInfo.java:shutdownFollowerState(110)) - 7cccb36f-9418-4bb0-9e1b-7711a01d9c69: shutdown 7cccb36f-9418-4bb0-9e1b-7711a01d9c69@group-D8F10A356C5C-FollowerState
2024-02-27 07:42:38,180 [7cccb36f-9418-4bb0-9e1b-7711a01d9c69@group-D8F10A356C5C-FollowerState] INFO  server.RaftServer$Division (RaftServerImpl.java:setRole(383)) - 7cccb36f-9418-4bb0-9e1b-7711a01d9c69@group-D8F10A356C5C: changes role from  FOLLOWER to CANDIDATE at term 0 for changeToCandidate
2024-02-27 07:42:38,180 [grpc-default-executor-1] ERROR impl.OrderedAsync (OrderedAsync.java:lambda$sendRequest$9(247)) - client-4814602789BB: Failed* RaftClientRequest:client-4814602789BB->7cccb36f-9418-4bb0-9e1b-7711a01d9c69@group-D8F10A356C5C, cid=162, seq=1*, Watch(0), null
java.util.concurrent.CompletionException: org.apache.ratis.protocol.exceptions.NotLeaderException: Server 7cccb36f-9418-4bb0-9e1b-7711a01d9c69@group-D8F10A356C5C is not the leader
	at java.util.concurrent.CompletableFuture.encodeThrowable(CompletableFuture.java:292)
	at java.util.concurrent.CompletableFuture.completeThrowable(CompletableFuture.java:308)
	at java.util.concurrent.CompletableFuture.uniApply(CompletableFuture.java:607)
	at java.util.concurrent.CompletableFuture$UniApply.tryFire(CompletableFuture.java:591)
	at java.util.concurrent.CompletableFuture.postComplete(CompletableFuture.java:488)
	at java.util.concurrent.CompletableFuture.completeExceptionally(CompletableFuture.java:1990)
	at org.apache.ratis.grpc.client.GrpcClientProtocolClient$AsyncStreamObservers.completeReplyExceptionally(GrpcClientProtocolClient.java:394)
	at org.apache.ratis.grpc.client.GrpcClientProtocolClient$AsyncStreamObservers.access$000(GrpcClientProtocolClient.java:300)
	at org.apache.ratis.grpc.client.GrpcClientProtocolClient$AsyncStreamObservers$1.onNext(GrpcClientProtocolClient.java:314)
	at org.apache.ratis.grpc.client.GrpcClientProtocolClient$AsyncStreamObservers$1.onNext(GrpcClientProtocolClient.java:305)
	at org.apache.ratis.thirdparty.io.grpc.stub.ClientCalls$StreamObserverToCallListenerAdapter.onMessage(ClientCalls.java:468)
	at org.apache.ratis.thirdparty.io.grpc.ForwardingClientCallListener.onMessage(ForwardingClientCallListener.java:33)
	at org.apache.ratis.thirdparty.io.grpc.internal.DelayedClientCall$DelayedListener.onMessage(DelayedClientCall.java:473)
	at org.apache.ratis.thirdparty.io.grpc.internal.ClientCallImpl$ClientStreamListenerImpl$1MessagesAvailable.runInternal(ClientCallImpl.java:660)
	at org.apache.ratis.thirdparty.io.grpc.internal.ClientCallImpl$ClientStreamListenerImpl$1MessagesAvailable.runInContext(ClientCallImpl.java:647)
	at org.apache.ratis.thirdparty.io.grpc.internal.ContextRunnable.run(ContextRunnable.java:37)
	at org.apache.ratis.thirdparty.io.grpc.internal.SerializingExecutor.run(SerializingExecutor.java:133)
	at java.util.concurrent.ThreadPoolExecutor.runWorker(ThreadPoolExecutor.java:1149)
	at java.util.concurrent.ThreadPoolExecutor$Worker.run(ThreadPoolExecutor.java:624)
	at java.lang.Thread.run(Thread.java:750)
Caused by: org.apache.ratis.protocol.exceptions.NotLeaderException: Server 7cccb36f-9418-4bb0-9e1b-7711a01d9c69@group-D8F10A356C5C is not the leader
	at org.apache.ratis.client.impl.ClientProtoUtils.toRaftClientReply(ClientProtoUtils.java:397)
	at org.apache.ratis.grpc.client.GrpcClientProtocolClient$AsyncStreamObservers$1.onNext(GrpcClientProtocolClient.java:310)
	... 11 more
2024-02-27 07:42:38,180 [7cccb36f-9418-4bb0-9e1b-7711a01d9c69@group-D8F10A356C5C-FollowerState] INFO  server.RaftServerConfigKeys (ConfUtils.java:logGet(46)) - raft.server.leaderelection.pre-vote = true (default)
2024-02-27 07:42:38,180 [7cccb36f-9418-4bb0-9e1b-7711a01d9c69@group-D8F10A356C5C-FollowerState] INFO  impl.RoleInfo (RoleInfo.java:updateAndGet(139)) - 7cccb36f-9418-4bb0-9e1b-7711a01d9c69: start 7cccb36f-9418-4bb0-9e1b-7711a01d9c69@group-D8F10A356C5C-LeaderElection30
2024-02-27 07:42:38,184 [7cccb36f-9418-4bb0-9e1b-7711a01d9c69@group-D8F10A356C5C-LeaderElection30] INFO  impl.LeaderElection (LeaderElection.java:askForVotes(321)) - 7cccb36f-9418-4bb0-9e1b-7711a01d9c69@group-D8F10A356C5C-LeaderElection30 PRE_VOTE round 0: submit vote requests at term 0 for -1: peers:[7cccb36f-9418-4bb0-9e1b-7711a01d9c69|10.1.0.19:15126]|listeners:[], old=null
2024-02-27 07:42:38,184 [7cccb36f-9418-4bb0-9e1b-7711a01d9c69@group-D8F10A356C5C-LeaderElection30] INFO  impl.LeaderElection (LeaderElection.java:askForVotes(323)) - 7cccb36f-9418-4bb0-9e1b-7711a01d9c69@group-D8F10A356C5C-LeaderElection30 PRE_VOTE round 0: result PASSED (term=0)
2024-02-27 07:42:38,186 [7cccb36f-9418-4bb0-9e1b-7711a01d9c69@group-D8F10A356C5C-LeaderElection30] INFO  impl.LeaderElection (LeaderElection.java:askForVotes(321)) - 7cccb36f-9418-4bb0-9e1b-7711a01d9c69@group-D8F10A356C5C-LeaderElection30 ELECTION round 0: submit vote requests at term 1 for -1: peers:[7cccb36f-9418-4bb0-9e1b-7711a01d9c69|10.1.0.19:15126]|listeners:[], old=null
2024-02-27 07:42:38,186 [7cccb36f-9418-4bb0-9e1b-7711a01d9c69@group-D8F10A356C5C-LeaderElection30] INFO  impl.LeaderElection (LeaderElection.java:askForVotes(323)) - 7cccb36f-9418-4bb0-9e1b-7711a01d9c69@group-D8F10A356C5C-LeaderElection30 ELECTION round 0: result PASSED (term=1)
2024-02-27 07:42:38,186 [7cccb36f-9418-4bb0-9e1b-7711a01d9c69@group-D8F10A356C5C-LeaderElection30] INFO  impl.RoleInfo (RoleInfo.java:shutdownLeaderElection(130)) - 7cccb36f-9418-4bb0-9e1b-7711a01d9c69: shutdown 7cccb36f-9418-4bb0-9e1b-7711a01d9c69@group-D8F10A356C5C-LeaderElection30
2024-02-27 07:42:38,187 [7cccb36f-9418-4bb0-9e1b-7711a01d9c69@group-D8F10A356C5C-LeaderElection30] INFO  server.RaftServer$Division (RaftServerImpl.java:setRole(383)) - 7cccb36f-9418-4bb0-9e1b-7711a01d9c69@group-D8F10A356C5C: changes role from CANDIDATE to LEADER at term 1 for changeToLeader
2024-02-27 07:42:38,187 [7cccb36f-9418-4bb0-9e1b-7711a01d9c69@group-D8F10A356C5C-LeaderElection30] INFO  server.RaftServerConfigKeys (ConfUtils.java:logGet(46)) - raft.server.staging.catchup.gap = 1000 (default)
2024-02-27 07:42:38,187 [7cccb36f-9418-4bb0-9e1b-7711a01d9c69@group-D8F10A356C5C-LeaderElection30] INFO  server.RaftServerConfigKeys (ConfUtils.java:logGet(46)) - raft.server.write.element-limit = 1024 (custom)
2024-02-27 07:42:38,188 [7cccb36f-9418-4bb0-9e1b-7711a01d9c69@group-D8F10A356C5C-LeaderElection30] INFO  server.RaftServerConfigKeys (ConfUtils.java:logGet(46)) - raft.server.write.byte-limit = 1024 M (=1073741824) (custom)
2024-02-27 07:42:38,188 [7cccb36f-9418-4bb0-9e1b-7711a01d9c69@group-D8F10A356C5C-LeaderElection30] INFO  server.RaftServerConfigKeys (ConfUtils.java:logGet(46)) - raft.server.watch.timeout = 180s (custom)
2024-02-27 07:42:38,189 [7cccb36f-9418-4bb0-9e1b-7711a01d9c69@group-D8F10A356C5C-LeaderElection30] INFO  server.RaftServerConfigKeys (ConfUtils.java:logGet(46)) - raft.server.watch.timeout.denomination = 1s (default)
2024-02-27 07:42:38,189 [7cccb36f-9418-4bb0-9e1b-7711a01d9c69@group-D8F10A356C5C-LeaderElection30] INFO  server.RaftServerConfigKeys (ConfUtils.java:logGet(46)) - raft.server.watch.element-limit = 65536 (default)
2024-02-27 07:42:38,189 [7cccb36f-9418-4bb0-9e1b-7711a01d9c69@group-D8F10A356C5C-LeaderElection30] INFO  server.RaftServerConfigKeys (ConfUtils.java:logGet(46)) - raft.server.read.leader.lease.enabled = false (default)
2024-02-27 07:42:38,190 [7cccb36f-9418-4bb0-9e1b-7711a01d9c69@group-D8F10A356C5C-LeaderElection30] INFO  server.RaftServerConfigKeys (ConfUtils.java:logGet(46)) - raft.server.read.leader.lease.timeout.ratio = 0.9 (default)
2024-02-27 07:42:38,190 [7cccb36f-9418-4bb0-9e1b-7711a01d9c69@group-D8F10A356C5C-LeaderElection30] INFO  server.RaftServerConfigKeys (ConfUtils.java:logGet(46)) - raft.server.rpc.timeout.min = 5s (custom)
2024-02-27 07:42:38,190 [7cccb36f-9418-4bb0-9e1b-7711a01d9c69@group-D8F10A356C5C-LeaderElection30] INFO  server.RaftServerConfigKeys (ConfUtils.java:logGet(46)) - raft.server.write.element-limit = 1024 (custom)
2024-02-27 07:42:38,190 [7cccb36f-9418-4bb0-9e1b-7711a01d9c69@group-D8F10A356C5C-LeaderElection30] INFO  server.RaftServerConfigKeys (ConfUtils.java:logGet(46)) - raft.server.write.follower.gap.ratio.max = -1.0 (default)
2024-02-27 07:42:38,191 [7cccb36f-9418-4bb0-9e1b-7711a01d9c69@group-D8F10A356C5C-LeaderElection30] INFO  impl.RoleInfo (RoleInfo.java:updateAndGet(139)) - 7cccb36f-9418-4bb0-9e1b-7711a01d9c69: start 7cccb36f-9418-4bb0-9e1b-7711a01d9c69@group-D8F10A356C5C-LeaderStateImpl
2024-02-27 07:42:38,191 [7cccb36f-9418-4bb0-9e1b-7711a01d9c69@group-D8F10A356C5C-LeaderElection30] INFO  server.RaftServer$Division (RaftServerImpl.java:setFirstElection(574)) - 7cccb36f-9418-4bb0-9e1b-7711a01d9c69@group-D8F10A356C5C: set firstElectionSinceStartup to false for becomeLeader
2024-02-27 07:42:38,191 [7cccb36f-9418-4bb0-9e1b-7711a01d9c69@group-D8F10A356C5C-LeaderElection30] INFO  ratis.XceiverServerRatis (XceiverServerRatis.java:handleLeaderChangedNotification(966)) - Leader change notification received for group: group-D8F10A356C5C with new leaderId: 7cccb36f-9418-4bb0-9e1b-7711a01d9c69
2024-02-27 07:42:38,192 [7cccb36f-9418-4bb0-9e1b-7711a01d9c69@group-D8F10A356C5C-LeaderElection30] INFO  server.RaftServer$Division (ServerState.java:setLeader(269)) - 7cccb36f-9418-4bb0-9e1b-7711a01d9c69@group-D8F10A356C5C: change Leader from null to 7cccb36f-9418-4bb0-9e1b-7711a01d9c69 at term 1 for becomeLeader, leader elected after 5144ms
2024-02-27 07:42:38,192 [7cccb36f-9418-4bb0-9e1b-7711a01d9c69@group-D8F10A356C5C-LeaderElection30] INFO  segmented.SegmentedRaftLogWorker (SegmentedRaftLogWorker.java:startLogSegment(430)) - 7cccb36f-9418-4bb0-9e1b-7711a01d9c69@group-D8F10A356C5C-SegmentedRaftLogWorker: Starting segment from index:0
2024-02-27 07:42:38,193 [7cccb36f-9418-4bb0-9e1b-7711a01d9c69@group-D8F10A356C5C-SegmentedRaftLogWorker] INFO  segmented.BufferedWriteChannel (BufferedWriteChannel.java:open(62)) - open log_inprogress_0 at position 0
2024-02-27 07:42:38,195 [7cccb36f-9418-4bb0-9e1b-7711a01d9c69@group-D8F10A356C5C-LeaderElection30] INFO  server.RaftServer$Division (ServerState.java:setRaftConf(386)) - 7cccb36f-9418-4bb0-9e1b-7711a01d9c69@group-D8F10A356C5C: set configuration 0: peers:[7cccb36f-9418-4bb0-9e1b-7711a01d9c69|10.1.0.19:15126]|listeners:[], old=null
2024-02-27 07:42:38,202 [7cccb36f-9418-4bb0-9e1b-7711a01d9c69@group-D8F10A356C5C-SegmentedRaftLogWorker] INFO  segmented.SegmentedRaftLogWorker (SegmentedRaftLogWorker.java:execute(634)) - 7cccb36f-9418-4bb0-9e1b-7711a01d9c69@group-D8F10A356C5C-SegmentedRaftLogWorker: created new log segment /home/runner/work/ozone/ozone/hadoop-ozone/integration-test/target/test-dir/MiniOzoneClusterImpl-107870c4-38da-4dee-ace8-876b8e06d1b5/ozone-meta/datanode-3/ratis/e7681258-4255-4350-bbd9-d8f10a356c5c/current/log_inprogress_0
2024-02-27 07:42:38,203 [7cccb36f-9418-4bb0-9e1b-7711a01d9c69@group-D8F10A356C5C-StateMachineUpdater] INFO  server.RaftServer$Division (LeaderStateImpl.java:isApplied(320)) - leader is ready since appliedIndex == 0 >= startIndex == 0
2024-02-27 07:42:43,473 [timer1] ERROR impl.OrderedAsync (OrderedAsync.java:lambda$sendRequest$9(247)) - client-4814602789BB: Failed* RaftClientRequest:client-4814602789BB->7cccb36f-9418-4bb0-9e1b-7711a01d9c69@group-D8F10A356C5C, cid=162, seq=1*, Watch(0), null
java.util.concurrent.CompletionException: org.apache.ratis.protocol.exceptions.AlreadyClosedException: client-4814602789BB->7cccb36f-9418-4bb0-9e1b-7711a01d9c69 is closed.
	at java.util.concurrent.CompletableFuture.encodeThrowable(CompletableFuture.java:292)
	at java.util.concurrent.CompletableFuture.completeThrowable(CompletableFuture.java:308)
	at java.util.concurrent.CompletableFuture.uniApply(CompletableFuture.java:607)
	at java.util.concurrent.CompletableFuture.uniApplyStage(CompletableFuture.java:628)
	at java.util.concurrent.CompletableFuture.thenApply(CompletableFuture.java:1996)
	at org.apache.ratis.client.impl.OrderedAsync.sendRequest(OrderedAsync.java:239)
	at org.apache.ratis.client.impl.OrderedAsync.sendRequestWithRetry(OrderedAsync.java:203)
	at org.apache.ratis.util.SlidingWindow$Client.sendOrDelayRequest(SlidingWindow.java:312)
	at org.apache.ratis.util.SlidingWindow$Client.retry(SlidingWindow.java:328)
	at org.apache.ratis.client.impl.OrderedAsync.lambda$scheduleWithTimeout$6(OrderedAsync.java:227)
	at org.apache.ratis.util.TimeoutTimer.lambda$onTimeout$2(TimeoutTimer.java:101)
	at org.apache.ratis.util.LogUtils.runAndLog(LogUtils.java:38)
	at org.apache.ratis.util.LogUtils$1.run(LogUtils.java:78)
	at org.apache.ratis.util.TimeoutTimer$Task.run(TimeoutTimer.java:55)
	at java.util.TimerThread.mainLoop(Timer.java:555)
	at java.util.TimerThread.run(Timer.java:505)
Caused by: org.apache.ratis.protocol.exceptions.AlreadyClosedException: client-4814602789BB->7cccb36f-9418-4bb0-9e1b-7711a01d9c69 is closed.
	at org.apache.ratis.grpc.client.GrpcClientProtocolClient$AsyncStreamObservers.onNext(GrpcClientProtocolClient.java:349)
	at org.apache.ratis.grpc.client.GrpcClientRpc.sendRequestAsync(GrpcClientRpc.java:71)
	... 11 more
2024-02-27 07:42:50,110 [omNode-1@group-523986131536-StateMachineUpdater] INFO  ratis.OzoneManagerStateMachine (OzoneManagerStateMachine.java:takeSnapshotImpl(469)) -  applied = (t:1, i:49)
2024-02-27 07:42:50,110 [omNode-1@group-523986131536-StateMachineUpdater] INFO  ratis.OzoneManagerStateMachine (OzoneManagerStateMachine.java:takeSnapshotImpl(470)) -  skipped = 49
2024-02-27 07:42:50,111 [omNode-1@group-523986131536-StateMachineUpdater] INFO  ratis.OzoneManagerStateMachine (OzoneManagerStateMachine.java:takeSnapshotImpl(471)) - notified = (t:1, i:50)
2024-02-27 07:42:50,111 [omNode-1@group-523986131536-StateMachineUpdater] INFO  ratis.OzoneManagerStateMachine (OzoneManagerStateMachine.java:takeSnapshotImpl(472)) - snapshot = (t:1, i:50)
2024-02-27 07:42:50,112 [omNode-3@group-523986131536-StateMachineUpdater] INFO  ratis.OzoneManagerStateMachine (OzoneManagerStateMachine.java:takeSnapshotImpl(469)) -  applied = (t:1, i:49)
2024-02-27 07:42:50,112 [omNode-3@group-523986131536-StateMachineUpdater] INFO  ratis.OzoneManagerStateMachine (OzoneManagerStateMachine.java:takeSnapshotImpl(470)) -  skipped = 49
2024-02-27 07:42:50,112 [omNode-3@group-523986131536-StateMachineUpdater] INFO  ratis.OzoneManagerStateMachine (OzoneManagerStateMachine.java:takeSnapshotImpl(471)) - notified = (t:1, i:50)
2024-02-27 07:42:50,112 [omNode-3@group-523986131536-StateMachineUpdater] INFO  ratis.OzoneManagerStateMachine (OzoneManagerStateMachine.java:takeSnapshotImpl(472)) - snapshot = (t:1, i:50)
2024-02-27 07:42:50,114 [omNode-2-OMStateMachineApplyTransactionThread - 0] INFO  upgrade.OMPrepareRequest (OMPrepareRequest.java:validateAndUpdateCache(69)) - OM omNode-2 Received prepare request with log (t:1, i:51)
2024-02-27 07:42:50,114 [omNode-2-OMStateMachineApplyTransactionThread - 0] INFO  upgrade.OMPrepareRequest (OMPrepareRequest.java:waitForLogIndex(184)) - omNode-2 waiting for index 51 to flush to OM DB and index 52 to flush to Ratis state machine.
2024-02-27 07:42:50,127 [omNode-1@group-523986131536-StateMachineUpdater] INFO  impl.StateMachineUpdater (StateMachineUpdater.java:takeSnapshot(295)) - omNode-1@group-523986131536-StateMachineUpdater: Took a snapshot at index 50
2024-02-27 07:42:50,127 [omNode-1@group-523986131536-StateMachineUpdater] INFO  impl.StateMachineUpdater (StateMachineUpdater.java:lambda$new$0(98)) - omNode-1@group-523986131536-StateMachineUpdater: snapshotIndex: updateIncreasingly -1 -> 50
2024-02-27 07:42:50,127 [omNode-1@group-523986131536-StateMachineUpdater] INFO  raftlog.RaftLog (RaftLogBase.java:purge(330)) - omNode-1@group-523986131536-SegmentedRaftLog: purge 50
2024-02-27 07:42:50,127 [omNode-1@group-523986131536-StateMachineUpdater] INFO  raftlog.RaftLog (RaftLogBase.java:lambda$new$0(54)) - omNode-1@group-523986131536-SegmentedRaftLog: snapshotIndex: updateIncreasingly -1 -> 50
2024-02-27 07:42:50,127 [omNode-1@group-523986131536-StateMachineUpdater] INFO  raftlog.RaftLog (RaftLogBase.java:lambda$new$0(54)) - omNode-1@group-523986131536-SegmentedRaftLog: purgeIndex: updateToMax old=-1, new=50, updated? true
2024-02-27 07:42:50,127 [omNode-1-OMStateMachineApplyTransactionThread - 0] INFO  upgrade.OMPrepareRequest (OMPrepareRequest.java:validateAndUpdateCache(69)) - OM omNode-1 Received prepare request with log (t:1, i:51)
2024-02-27 07:42:50,128 [omNode-1-OMStateMachineApplyTransactionThread - 0] INFO  upgrade.OMPrepareRequest (OMPrepareRequest.java:waitForLogIndex(184)) - omNode-1 waiting for index 51 to flush to OM DB and index 52 to flush to Ratis state machine.
2024-02-27 07:42:50,131 [omNode-3@group-523986131536-StateMachineUpdater] INFO  impl.StateMachineUpdater (StateMachineUpdater.java:takeSnapshot(295)) - omNode-3@group-523986131536-StateMachineUpdater: Took a snapshot at index 50
2024-02-27 07:42:50,131 [omNode-3@group-523986131536-StateMachineUpdater] INFO  impl.StateMachineUpdater (StateMachineUpdater.java:lambda$new$0(98)) - omNode-3@group-523986131536-StateMachineUpdater: snapshotIndex: updateIncreasingly -1 -> 50
2024-02-27 07:42:50,131 [omNode-3@group-523986131536-StateMachineUpdater] INFO  raftlog.RaftLog (RaftLogBase.java:purge(330)) - omNode-3@group-523986131536-SegmentedRaftLog: purge 50
2024-02-27 07:42:50,131 [omNode-3@group-523986131536-StateMachineUpdater] INFO  raftlog.RaftLog (RaftLogBase.java:lambda$new$0(54)) - omNode-3@group-523986131536-SegmentedRaftLog: snapshotIndex: updateIncreasingly -1 -> 50
2024-02-27 07:42:50,131 [omNode-3@group-523986131536-StateMachineUpdater] INFO  raftlog.RaftLog (RaftLogBase.java:lambda$new$0(54)) - omNode-3@group-523986131536-SegmentedRaftLog: purgeIndex: updateToMax old=-1, new=50, updated? true
2024-02-27 07:42:50,131 [omNode-3-OMStateMachineApplyTransactionThread - 0] INFO  upgrade.OMPrepareRequest (OMPrepareRequest.java:validateAndUpdateCache(69)) - OM omNode-3 Received prepare request with log (t:1, i:51)
2024-02-27 07:42:50,131 [omNode-3-OMStateMachineApplyTransactionThread - 0] INFO  upgrade.OMPrepareRequest (OMPrepareRequest.java:waitForLogIndex(184)) - omNode-3 waiting for index 51 to flush to OM DB and index 52 to flush to Ratis state machine.
2024-02-27 07:42:55,128 [omNode-1-OMStateMachineApplyTransactionThread - 0] INFO  ratis.OzoneManagerStateMachine (OzoneManagerStateMachine.java:takeSnapshotImpl(469)) -  applied = (t:1, i:51)
2024-02-27 07:42:55,128 [omNode-1-OMStateMachineApplyTransactionThread - 0] INFO  ratis.OzoneManagerStateMachine (OzoneManagerStateMachine.java:takeSnapshotImpl(470)) -  skipped = 51
2024-02-27 07:42:55,128 [omNode-1-OMStateMachineApplyTransactionThread - 0] INFO  ratis.OzoneManagerStateMachine (OzoneManagerStateMachine.java:takeSnapshotImpl(471)) - notified = (t:1, i:52)
2024-02-27 07:42:55,128 [omNode-1-OMStateMachineApplyTransactionThread - 0] INFO  ratis.OzoneManagerStateMachine (OzoneManagerStateMachine.java:takeSnapshotImpl(472)) - snapshot = (t:1, i:52)
2024-02-27 07:42:55,131 [omNode-3-OMStateMachineApplyTransactionThread - 0] INFO  ratis.OzoneManagerStateMachine (OzoneManagerStateMachine.java:takeSnapshotImpl(469)) -  applied = (t:1, i:51)
2024-02-27 07:42:55,132 [omNode-3-OMStateMachineApplyTransactionThread - 0] INFO  ratis.OzoneManagerStateMachine (OzoneManagerStateMachine.java:takeSnapshotImpl(470)) -  skipped = 51
2024-02-27 07:42:55,132 [omNode-3-OMStateMachineApplyTransactionThread - 0] INFO  ratis.OzoneManagerStateMachine (OzoneManagerStateMachine.java:takeSnapshotImpl(471)) - notified = (t:1, i:52)
2024-02-27 07:42:55,132 [omNode-3-OMStateMachineApplyTransactionThread - 0] INFO  ratis.OzoneManagerStateMachine (OzoneManagerStateMachine.java:takeSnapshotImpl(472)) - snapshot = (t:1, i:52)
2024-02-27 07:42:55,132 [omNode-1-OMStateMachineApplyTransactionThread - 0] INFO  upgrade.OMPrepareRequest (OMPrepareRequest.java:takeSnapshotAndPurgeLogs(238)) - takeSnapshot at 52 for prepareIndex 52
2024-02-27 07:42:55,133 [omNode-1-OMStateMachineApplyTransactionThread - 0] INFO  raftlog.RaftLog (RaftLogBase.java:lambda$new$0(54)) - omNode-1@group-523986131536-SegmentedRaftLog: snapshotIndex: updateIncreasingly 50 -> 52
2024-02-27 07:42:55,133 [omNode-1-OMStateMachineApplyTransactionThread - 0] INFO  segmented.SegmentedRaftLogWorker (SegmentedRaftLogWorker.java:lambda$new$0(134)) - omNode-1@group-523986131536-SegmentedRaftLogWorker: safeCacheEvictIndex: setUnconditionally -1 -> 52
2024-02-27 07:42:55,133 [omNode-1-OMStateMachineApplyTransactionThread - 0] INFO  segmented.SegmentedRaftLogWorker (SegmentedRaftLogWorker.java:closeLogSegment(451)) - omNode-1@group-523986131536-SegmentedRaftLogWorker: Closing segment log_inprogress_0 to index: 52
2024-02-27 07:42:55,133 [omNode-1@group-523986131536-SegmentedRaftLogWorker] INFO  segmented.SegmentedRaftLogWorker (SegmentedRaftLogWorker.java:execute(591)) - omNode-1@group-523986131536-SegmentedRaftLogWorker: Rolled log segment from /home/runner/work/ozone/ozone/hadoop-ozone/integration-test/target/test-dir/MiniOzoneClusterImpl-107870c4-38da-4dee-ace8-876b8e06d1b5/omNode-1/ratis/c9bc4cf4-3bc3-3c60-a66b-523986131536/current/log_inprogress_0 to /home/runner/work/ozone/ozone/hadoop-ozone/integration-test/target/test-dir/MiniOzoneClusterImpl-107870c4-38da-4dee-ace8-876b8e06d1b5/omNode-1/ratis/c9bc4cf4-3bc3-3c60-a66b-523986131536/current/log_0-52
2024-02-27 07:42:55,134 [omNode-1-OMStateMachineApplyTransactionThread - 0] INFO  om.OzoneManagerPrepareState (OzoneManagerPrepareState.java:writePrepareMarkerFile(262)) - Prepare marker file written with log index 51 to file /home/runner/work/ozone/ozone/hadoop-ozone/integration-test/target/test-dir/MiniOzoneClusterImpl-107870c4-38da-4dee-ace8-876b8e06d1b5/omNode-1/current/prepareMarker
2024-02-27 07:42:55,134 [omNode-1-OMStateMachineApplyTransactionThread - 0] INFO  upgrade.OMPrepareRequest (OMPrepareRequest.java:validateAndUpdateCache(122)) - OM omNode-1 prepared at log index 51. Returning response txnID: 51
 with log index 51
2024-02-27 07:42:55,134 [main] INFO  om.TestOzoneManagerPrepare (TestOzoneManagerPrepare.java:lambda$assertClusterPrepared$6(474)) - omNode-3 has prepare status: NOT_PREPARED prepare index: -1.
2024-02-27 07:42:55,136 [omNode-3-OMStateMachineApplyTransactionThread - 0] INFO  upgrade.OMPrepareRequest (OMPrepareRequest.java:takeSnapshotAndPurgeLogs(238)) - takeSnapshot at 52 for prepareIndex 52
2024-02-27 07:42:55,136 [omNode-3-OMStateMachineApplyTransactionThread - 0] INFO  raftlog.RaftLog (RaftLogBase.java:lambda$new$0(54)) - omNode-3@group-523986131536-SegmentedRaftLog: snapshotIndex: updateIncreasingly 50 -> 52
2024-02-27 07:42:55,136 [omNode-3-OMStateMachineApplyTransactionThread - 0] INFO  segmented.SegmentedRaftLogWorker (SegmentedRaftLogWorker.java:lambda$new$0(134)) - omNode-3@group-523986131536-SegmentedRaftLogWorker: safeCacheEvictIndex: setUnconditionally -1 -> 52
2024-02-27 07:42:55,136 [omNode-3-OMStateMachineApplyTransactionThread - 0] INFO  segmented.SegmentedRaftLogWorker (SegmentedRaftLogWorker.java:closeLogSegment(451)) - omNode-3@group-523986131536-SegmentedRaftLogWorker: Closing segment log_inprogress_0 to index: 52
2024-02-27 07:42:55,136 [omNode-3@group-523986131536-SegmentedRaftLogWorker] INFO  segmented.SegmentedRaftLogWorker (SegmentedRaftLogWorker.java:execute(591)) - omNode-3@group-523986131536-SegmentedRaftLogWorker: Rolled log segment from /home/runner/work/ozone/ozone/hadoop-ozone/integration-test/target/test-dir/MiniOzoneClusterImpl-107870c4-38da-4dee-ace8-876b8e06d1b5/omNode-3/ratis/c9bc4cf4-3bc3-3c60-a66b-523986131536/current/log_inprogress_0 to /home/runner/work/ozone/ozone/hadoop-ozone/integration-test/target/test-dir/MiniOzoneClusterImpl-107870c4-38da-4dee-ace8-876b8e06d1b5/omNode-3/ratis/c9bc4cf4-3bc3-3c60-a66b-523986131536/current/log_0-52
2024-02-27 07:42:55,137 [omNode-3-OMStateMachineApplyTransactionThread - 0] INFO  om.OzoneManagerPrepareState (OzoneManagerPrepareState.java:writePrepareMarkerFile(262)) - Prepare marker file written with log index 51 to file /home/runner/work/ozone/ozone/hadoop-ozone/integration-test/target/test-dir/MiniOzoneClusterImpl-107870c4-38da-4dee-ace8-876b8e06d1b5/omNode-3/current/prepareMarker
2024-02-27 07:42:55,137 [omNode-3-OMStateMachineApplyTransactionThread - 0] INFO  upgrade.OMPrepareRequest (OMPrepareRequest.java:validateAndUpdateCache(122)) - OM omNode-3 prepared at log index 51. Returning response txnID: 51
 with log index 51
2024-02-27 07:42:56,135 [main] INFO  om.TestOzoneManagerPrepare (TestOzoneManagerPrepare.java:lambda$assertClusterPrepared$6(474)) - omNode-3 has prepare status: PREPARE_COMPLETED prepare index: 51.
2024-02-27 07:42:56,135 [main] INFO  om.TestOzoneManagerPrepare (TestOzoneManagerPrepare.java:lambda$assertClusterPrepared$6(474)) - omNode-1 has prepare status: PREPARE_COMPLETED prepare index: 51.
2024-02-27 07:42:56,135 [main] INFO  om.TestOzoneManagerPrepare (TestOzoneManagerPrepare.java:lambda$assertClusterPrepared$6(474)) - omNode-2 has prepare status: NOT_PREPARED prepare index: -1.
2024-02-27 07:42:57,135 [main] INFO  om.TestOzoneManagerPrepare (TestOzoneManagerPrepare.java:lambda$assertClusterPrepared$6(474)) - omNode-2 has prepare status: NOT_PREPARED prepare index: -1.
2024-02-27 07:42:58,136 [main] INFO  om.TestOzoneManagerPrepare (TestOzoneManagerPrepare.java:lambda$assertClusterPrepared$6(474)) - omNode-2 has prepare status: NOT_PREPARED prepare index: -1.
2024-02-27 07:42:59,136 [main] INFO  om.TestOzoneManagerPrepare (TestOzoneManagerPrepare.java:lambda$assertClusterPrepared$6(474)) - omNode-2 has prepare status: NOT_PREPARED prepare index: -1.
2024-02-27 07:43:00,136 [main] INFO  om.TestOzoneManagerPrepare (TestOzoneManagerPrepare.java:lambda$assertClusterPrepared$6(474)) - omNode-2 has prepare status: NOT_PREPARED prepare index: -1.
2024-02-27 07:43:01,137 [main] INFO  om.TestOzoneManagerPrepare (TestOzoneManagerPrepare.java:lambda$assertClusterPrepared$6(474)) - omNode-2 has prepare status: NOT_PREPARED prepare index: -1.
2024-02-27 07:43:02,137 [main] INFO  om.TestOzoneManagerPrepare (TestOzoneManagerPrepare.java:lambda$assertClusterPrepared$6(474)) - omNode-2 has prepare status: NOT_PREPARED prepare index: -1.
2024-02-27 07:43:03,137 [main] INFO  om.TestOzoneManagerPrepare (TestOzoneManagerPrepare.java:lambda$assertClusterPrepared$6(474)) - omNode-2 has prepare status: NOT_PREPARED prepare index: -1.
2024-02-27 07:43:04,138 [main] INFO  om.TestOzoneManagerPrepare (TestOzoneManagerPrepare.java:lambda$assertClusterPrepared$6(474)) - omNode-2 has prepare status: NOT_PREPARED prepare index: -1.
2024-02-27 07:43:05,138 [main] INFO  om.TestOzoneManagerPrepare (TestOzoneManagerPrepare.java:lambda$assertClusterPrepared$6(474)) - omNode-2 has prepare status: NOT_PREPARED prepare index: -1.
2024-02-27 07:43:06,138 [main] INFO  om.TestOzoneManagerPrepare (TestOzoneManagerPrepare.java:lambda$assertClusterPrepared$6(474)) - omNode-2 has prepare status: NOT_PREPARED prepare index: -1.
2024-02-27 07:43:07,139 [main] INFO  om.TestOzoneManagerPrepare (TestOzoneManagerPrepare.java:lambda$assertClusterPrepared$6(474)) - omNode-2 has prepare status: NOT_PREPARED prepare index: -1.
2024-02-27 07:43:08,139 [main] INFO  om.TestOzoneManagerPrepare (TestOzoneManagerPrepare.java:lambda$assertClusterPrepared$6(474)) - omNode-2 has prepare status: NOT_PREPARED prepare index: -1.
2024-02-27 07:43:09,139 [main] INFO  om.TestOzoneManagerPrepare (TestOzoneManagerPrepare.java:lambda$assertClusterPrepared$6(474)) - omNode-2 has prepare status: NOT_PREPARED prepare index: -1.
2024-02-27 07:43:10,140 [main] INFO  om.TestOzoneManagerPrepare (TestOzoneManagerPrepare.java:lambda$assertClusterPrepared$6(474)) - omNode-2 has prepare status: NOT_PREPARED prepare index: -1.
2024-02-27 07:43:11,140 [main] INFO  om.TestOzoneManagerPrepare (TestOzoneManagerPrepare.java:lambda$assertClusterPrepared$6(474)) - omNode-2 has prepare status: NOT_PREPARED prepare index: -1.
2024-02-27 07:43:12,140 [main] INFO  om.TestOzoneManagerPrepare (TestOzoneManagerPrepare.java:lambda$assertClusterPrepared$6(474)) - omNode-2 has prepare status: NOT_PREPARED prepare index: -1.
2024-02-27 07:43:13,141 [main] INFO  om.TestOzoneManagerPrepare (TestOzoneManagerPrepare.java:lambda$assertClusterPrepared$6(474)) - omNode-2 has prepare status: NOT_PREPARED prepare index: -1.
2024-02-27 07:43:14,141 [main] INFO  om.TestOzoneManagerPrepare (TestOzoneManagerPrepare.java:lambda$assertClusterPrepared$6(474)) - omNode-2 has prepare status: NOT_PREPARED prepare index: -1.
2024-02-27 07:43:15,141 [main] INFO  om.TestOzoneManagerPrepare (TestOzoneManagerPrepare.java:lambda$assertClusterPrepared$6(474)) - omNode-2 has prepare status: NOT_PREPARED prepare index: -1.
2024-02-27 07:43:16,142 [main] INFO  om.TestOzoneManagerPrepare (TestOzoneManagerPrepare.java:lambda$assertClusterPrepared$6(474)) - omNode-2 has prepare status: NOT_PREPARED prepare index: -1.
2024-02-27 07:43:17,142 [main] INFO  om.TestOzoneManagerPrepare (TestOzoneManagerPrepare.java:lambda$assertClusterPrepared$6(474)) - omNode-2 has prepare status: NOT_PREPARED prepare index: -1.
2024-02-27 07:43:18,143 [main] INFO  om.TestOzoneManagerPrepare (TestOzoneManagerPrepare.java:lambda$assertClusterPrepared$6(474)) - omNode-2 has prepare status: NOT_PREPARED prepare index: -1.
2024-02-27 07:43:19,143 [main] INFO  om.TestOzoneManagerPrepare (TestOzoneManagerPrepare.java:lambda$assertClusterPrepared$6(474)) - omNode-2 has prepare status: NOT_PREPARED prepare index: -1.
2024-02-27 07:43:20,143 [main] INFO  om.TestOzoneManagerPrepare (TestOzoneManagerPrepare.java:lambda$assertClusterPrepared$6(474)) - omNode-2 has prepare status: NOT_PREPARED prepare index: -1.
2024-02-27 07:43:21,143 [main] INFO  om.TestOzoneManagerPrepare (TestOzoneManagerPrepare.java:lambda$assertClusterPrepared$6(474)) - omNode-2 has prepare status: NOT_PREPARED prepare index: -1.
2024-02-27 07:43:22,144 [main] INFO  om.TestOzoneManagerPrepare (TestOzoneManagerPrepare.java:lambda$assertClusterPrepared$6(474)) - omNode-2 has prepare status: NOT_PREPARED prepare index: -1.
2024-02-27 07:43:23,144 [main] INFO  om.TestOzoneManagerPrepare (TestOzoneManagerPrepare.java:lambda$assertClusterPrepared$6(474)) - omNode-2 has prepare status: NOT_PREPARED prepare index: -1.
2024-02-27 07:43:24,144 [main] INFO  om.TestOzoneManagerPrepare (TestOzoneManagerPrepare.java:lambda$assertClusterPrepared$6(474)) - omNode-2 has prepare status: NOT_PREPARED prepare index: -1.
2024-02-27 07:43:25,145 [main] INFO  om.TestOzoneManagerPrepare (TestOzoneManagerPrepare.java:lambda$assertClusterPrepared$6(474)) - omNode-2 has prepare status: NOT_PREPARED prepare index: -1.
2024-02-27 07:43:26,145 [main] INFO  om.TestOzoneManagerPrepare (TestOzoneManagerPrepare.java:lambda$assertClusterPrepared$6(474)) - omNode-2 has prepare status: NOT_PREPARED prepare index: -1.
2024-02-27 07:43:27,145 [main] INFO  om.TestOzoneManagerPrepare (TestOzoneManagerPrepare.java:lambda$assertClusterPrepared$6(474)) - omNode-2 has prepare status: NOT_PREPARED prepare index: -1.
2024-02-27 07:43:27,859 [2fdf9b97-f8e3-478e-95f7-818a752c939a-BlockDeletingService#0] INFO  interfaces.ContainerDeletionChoosingPolicyTemplate (ContainerDeletionChoosingPolicyTemplate.java:chooseContainerForBlockDeletion(85)) - Chosen 0/5000 blocks from 0 candidate containers.
2024-02-27 07:43:27,992 [e71dbbe0-7268-4d86-ba43-abc421df11cb-BlockDeletingService#0] INFO  interfaces.ContainerDeletionChoosingPolicyTemplate (ContainerDeletionChoosingPolicyTemplate.java:chooseContainerForBlockDeletion(85)) - Chosen 0/5000 blocks from 0 candidate containers.
2024-02-27 07:43:28,089 [7cccb36f-9418-4bb0-9e1b-7711a01d9c69-BlockDeletingService#0] INFO  interfaces.ContainerDeletionChoosingPolicyTemplate (ContainerDeletionChoosingPolicyTemplate.java:chooseContainerForBlockDeletion(85)) - Chosen 0/5000 blocks from 0 candidate containers.
2024-02-27 07:43:28,146 [main] INFO  om.TestOzoneManagerPrepare (TestOzoneManagerPrepare.java:lambda$assertClusterPrepared$6(474)) - omNode-2 has prepare status: NOT_PREPARED prepare index: -1.
2024-02-27 07:43:29,146 [main] INFO  om.TestOzoneManagerPrepare (TestOzoneManagerPrepare.java:lambda$assertClusterPrepared$6(474)) - omNode-2 has prepare status: NOT_PREPARED prepare index: -1.
2024-02-27 07:43:30,146 [main] INFO  om.TestOzoneManagerPrepare (TestOzoneManagerPrepare.java:lambda$assertClusterPrepared$6(474)) - omNode-2 has prepare status: NOT_PREPARED prepare index: -1.
2024-02-27 07:43:31,147 [main] INFO  om.TestOzoneManagerPrepare (TestOzoneManagerPrepare.java:lambda$assertClusterPrepared$6(474)) - omNode-2 has prepare status: NOT_PREPARED prepare index: -1.
2024-02-27 07:43:32,147 [main] INFO  om.TestOzoneManagerPrepare (TestOzoneManagerPrepare.java:lambda$assertClusterPrepared$6(474)) - omNode-2 has prepare status: NOT_PREPARED prepare index: -1.
2024-02-27 07:43:33,147 [main] INFO  om.TestOzoneManagerPrepare (TestOzoneManagerPrepare.java:lambda$assertClusterPrepared$6(474)) - omNode-2 has prepare status: NOT_PREPARED prepare index: -1.
2024-02-27 07:43:34,148 [main] INFO  om.TestOzoneManagerPrepare (TestOzoneManagerPrepare.java:lambda$assertClusterPrepared$6(474)) - omNode-2 has prepare status: NOT_PREPARED prepare index: -1.
2024-02-27 07:43:35,148 [main] INFO  om.TestOzoneManagerPrepare (TestOzoneManagerPrepare.java:lambda$assertClusterPrepared$6(474)) - omNode-2 has prepare status: NOT_PREPARED prepare index: -1.
2024-02-27 07:43:36,148 [main] INFO  om.TestOzoneManagerPrepare (TestOzoneManagerPrepare.java:lambda$assertClusterPrepared$6(474)) - omNode-2 has prepare status: NOT_PREPARED prepare index: -1.
2024-02-27 07:43:37,149 [main] INFO  om.TestOzoneManagerPrepare (TestOzoneManagerPrepare.java:lambda$assertClusterPrepared$6(474)) - omNode-2 has prepare status: NOT_PREPARED prepare index: -1.
2024-02-27 07:43:38,149 [main] INFO  om.TestOzoneManagerPrepare (TestOzoneManagerPrepare.java:lambda$assertClusterPrepared$6(474)) - omNode-2 has prepare status: NOT_PREPARED prepare index: -1.
2024-02-27 07:43:39,149 [main] INFO  om.TestOzoneManagerPrepare (TestOzoneManagerPrepare.java:lambda$assertClusterPrepared$6(474)) - omNode-2 has prepare status: NOT_PREPARED prepare index: -1.
2024-02-27 07:43:40,150 [main] INFO  om.TestOzoneManagerPrepare (TestOzoneManagerPrepare.java:lambda$assertClusterPrepared$6(474)) - omNode-2 has prepare status: NOT_PREPARED prepare index: -1.
2024-02-27 07:43:41,150 [main] INFO  om.TestOzoneManagerPrepare (TestOzoneManagerPrepare.java:lambda$assertClusterPrepared$6(474)) - omNode-2 has prepare status: NOT_PREPARED prepare index: -1.
2024-02-27 07:43:42,150 [main] INFO  om.TestOzoneManagerPrepare (TestOzoneManagerPrepare.java:lambda$assertClusterPrepared$6(474)) - omNode-2 has prepare status: NOT_PREPARED prepare index: -1.
2024-02-27 07:43:43,151 [main] INFO  om.TestOzoneManagerPrepare (TestOzoneManagerPrepare.java:lambda$assertClusterPrepared$6(474)) - omNode-2 has prepare status: NOT_PREPARED prepare index: -1.
2024-02-27 07:43:44,151 [main] INFO  om.TestOzoneManagerPrepare (TestOzoneManagerPrepare.java:lambda$assertClusterPrepared$6(474)) - omNode-2 has prepare status: NOT_PREPARED prepare index: -1.
2024-02-27 07:43:45,151 [main] INFO  om.TestOzoneManagerPrepare (TestOzoneManagerPrepare.java:lambda$assertClusterPrepared$6(474)) - omNode-2 has prepare status: NOT_PREPARED prepare index: -1.
2024-02-27 07:43:46,152 [main] INFO  om.TestOzoneManagerPrepare (TestOzoneManagerPrepare.java:lambda$assertClusterPrepared$6(474)) - omNode-2 has prepare status: NOT_PREPARED prepare index: -1.
2024-02-27 07:43:47,152 [main] INFO  om.TestOzoneManagerPrepare (TestOzoneManagerPrepare.java:lambda$assertClusterPrepared$6(474)) - omNode-2 has prepare status: NOT_PREPARED prepare index: -1.
2024-02-27 07:43:48,152 [main] INFO  om.TestOzoneManagerPrepare (TestOzoneManagerPrepare.java:lambda$assertClusterPrepared$6(474)) - omNode-2 has prepare status: NOT_PREPARED prepare index: -1.
2024-02-27 07:43:49,153 [main] INFO  om.TestOzoneManagerPrepare (TestOzoneManagerPrepare.java:lambda$assertClusterPrepared$6(474)) - omNode-2 has prepare status: NOT_PREPARED prepare index: -1.
2024-02-27 07:43:50,153 [main] INFO  om.TestOzoneManagerPrepare (TestOzoneManagerPrepare.java:lambda$assertClusterPrepared$6(474)) - omNode-2 has prepare status: NOT_PREPARED prepare index: -1.
2024-02-27 07:43:51,153 [main] INFO  om.TestOzoneManagerPrepare (TestOzoneManagerPrepare.java:lambda$assertClusterPrepared$6(474)) - omNode-2 has prepare status: NOT_PREPARED prepare index: -1.
2024-02-27 07:43:52,154 [main] INFO  om.TestOzoneManagerPrepare (TestOzoneManagerPrepare.java:lambda$assertClusterPrepared$6(474)) - omNode-2 has prepare status: NOT_PREPARED prepare index: -1.
2024-02-27 07:43:53,154 [main] INFO  om.TestOzoneManagerPrepare (TestOzoneManagerPrepare.java:lambda$assertClusterPrepared$6(474)) - omNode-2 has prepare status: NOT_PREPARED prepare index: -1.
2024-02-27 07:43:54,154 [main] INFO  om.TestOzoneManagerPrepare (TestOzoneManagerPrepare.java:lambda$assertClusterPrepared$6(474)) - omNode-2 has prepare status: NOT_PREPARED prepare index: -1.
2024-02-27 07:43:55,155 [main] INFO  om.TestOzoneManagerPrepare (TestOzoneManagerPrepare.java:lambda$assertClusterPrepared$6(474)) - omNode-2 has prepare status: NOT_PREPARED prepare index: -1.
2024-02-27 07:43:56,155 [main] INFO  om.TestOzoneManagerPrepare (TestOzoneManagerPrepare.java:lambda$assertClusterPrepared$6(474)) - omNode-2 has prepare status: NOT_PREPARED prepare index: -1.
2024-02-27 07:43:57,155 [main] INFO  om.TestOzoneManagerPrepare (TestOzoneManagerPrepare.java:lambda$assertClusterPrepared$6(474)) - omNode-2 has prepare status: NOT_PREPARED prepare index: -1.
2024-02-27 07:43:58,156 [main] INFO  om.TestOzoneManagerPrepare (TestOzoneManagerPrepare.java:lambda$assertClusterPrepared$6(474)) - omNode-2 has prepare status: NOT_PREPARED prepare index: -1.
2024-02-27 07:43:59,156 [main] INFO  om.TestOzoneManagerPrepare (TestOzoneManagerPrepare.java:lambda$assertClusterPrepared$6(474)) - omNode-2 has prepare status: NOT_PREPARED prepare index: -1.
2024-02-27 07:44:00,156 [main] INFO  om.TestOzoneManagerPrepare (TestOzoneManagerPrepare.java:lambda$assertClusterPrepared$6(474)) - omNode-2 has prepare status: NOT_PREPARED prepare index: -1.
2024-02-27 07:44:01,157 [main] INFO  om.TestOzoneManagerPrepare (TestOzoneManagerPrepare.java:lambda$assertClusterPrepared$6(474)) - omNode-2 has prepare status: NOT_PREPARED prepare index: -1.
2024-02-27 07:44:02,157 [main] INFO  om.TestOzoneManagerPrepare (TestOzoneManagerPrepare.java:lambda$assertClusterPrepared$6(474)) - omNode-2 has prepare status: NOT_PREPARED prepare index: -1.
2024-02-27 07:44:03,157 [main] INFO  om.TestOzoneManagerPrepare (TestOzoneManagerPrepare.java:lambda$assertClusterPrepared$6(474)) - omNode-2 has prepare status: NOT_PREPARED prepare index: -1.
2024-02-27 07:44:04,158 [main] INFO  om.TestOzoneManagerPrepare (TestOzoneManagerPrepare.java:lambda$assertClusterPrepared$6(474)) - omNode-2 has prepare status: NOT_PREPARED prepare index: -1.
2024-02-27 07:44:05,158 [main] INFO  om.TestOzoneManagerPrepare (TestOzoneManagerPrepare.java:lambda$assertClusterPrepared$6(474)) - omNode-2 has prepare status: NOT_PREPARED prepare index: -1.
2024-02-27 07:44:06,158 [main] INFO  om.TestOzoneManagerPrepare (TestOzoneManagerPrepare.java:lambda$assertClusterPrepared$6(474)) - omNode-2 has prepare status: NOT_PREPARED prepare index: -1.
2024-02-27 07:44:07,159 [main] INFO  om.TestOzoneManagerPrepare (TestOzoneManagerPrepare.java:lambda$assertClusterPrepared$6(474)) - omNode-2 has prepare status: NOT_PREPARED prepare index: -1.
2024-02-27 07:44:08,159 [main] INFO  om.TestOzoneManagerPrepare (TestOzoneManagerPrepare.java:lambda$assertClusterPrepared$6(474)) - omNode-2 has prepare status: NOT_PREPARED prepare index: -1.
2024-02-27 07:44:09,159 [main] INFO  om.TestOzoneManagerPrepare (TestOzoneManagerPrepare.java:lambda$assertClusterPrepared$6(474)) - omNode-2 has prepare status: NOT_PREPARED prepare index: -1.
2024-02-27 07:44:10,160 [main] INFO  om.TestOzoneManagerPrepare (TestOzoneManagerPrepare.java:lambda$assertClusterPrepared$6(474)) - omNode-2 has prepare status: NOT_PREPARED prepare index: -1.
2024-02-27 07:44:11,160 [main] INFO  om.TestOzoneManagerPrepare (TestOzoneManagerPrepare.java:lambda$assertClusterPrepared$6(474)) - omNode-2 has prepare status: NOT_PREPARED prepare index: -1.
2024-02-27 07:44:12,160 [main] INFO  om.TestOzoneManagerPrepare (TestOzoneManagerPrepare.java:lambda$assertClusterPrepared$6(474)) - omNode-2 has prepare status: NOT_PREPARED prepare index: -1.
2024-02-27 07:44:13,161 [main] INFO  om.TestOzoneManagerPrepare (TestOzoneManagerPrepare.java:lambda$assertClusterPrepared$6(474)) - omNode-2 has prepare status: NOT_PREPARED prepare index: -1.
2024-02-27 07:44:14,161 [main] INFO  om.TestOzoneManagerPrepare (TestOzoneManagerPrepare.java:lambda$assertClusterPrepared$6(474)) - omNode-2 has prepare status: NOT_PREPARED prepare index: -1.
2024-02-27 07:44:15,161 [main] INFO  om.TestOzoneManagerPrepare (TestOzoneManagerPrepare.java:lambda$assertClusterPrepared$6(474)) - omNode-2 has prepare status: NOT_PREPARED prepare index: -1.
2024-02-27 07:44:16,162 [main] INFO  om.TestOzoneManagerPrepare (TestOzoneManagerPrepare.java:lambda$assertClusterPrepared$6(474)) - omNode-2 has prepare status: NOT_PREPARED prepare index: -1.
2024-02-27 07:44:17,162 [main] INFO  om.TestOzoneManagerPrepare (TestOzoneManagerPrepare.java:lambda$assertClusterPrepared$6(474)) - omNode-2 has prepare status: NOT_PREPARED prepare index: -1.
2024-02-27 07:44:18,162 [main] INFO  om.TestOzoneManagerPrepare (TestOzoneManagerPrepare.java:lambda$assertClusterPrepared$6(474)) - omNode-2 has prepare status: NOT_PREPARED prepare index: -1.
2024-02-27 07:44:19,163 [main] INFO  om.TestOzoneManagerPrepare (TestOzoneManagerPrepare.java:lambda$assertClusterPrepared$6(474)) - omNode-2 has prepare status: NOT_PREPARED prepare index: -1.
2024-02-27 07:44:20,163 [main] INFO  om.TestOzoneManagerPrepare (TestOzoneManagerPrepare.java:lambda$assertClusterPrepared$6(474)) - omNode-2 has prepare status: NOT_PREPARED prepare index: -1.
2024-02-27 07:44:21,163 [main] INFO  om.TestOzoneManagerPrepare (TestOzoneManagerPrepare.java:lambda$assertClusterPrepared$6(474)) - omNode-2 has prepare status: NOT_PREPARED prepare index: -1.
2024-02-27 07:44:22,164 [main] INFO  om.TestOzoneManagerPrepare (TestOzoneManagerPrepare.java:lambda$assertClusterPrepared$6(474)) - omNode-2 has prepare status: NOT_PREPARED prepare index: -1.
2024-02-27 07:44:23,164 [main] INFO  om.TestOzoneManagerPrepare (TestOzoneManagerPrepare.java:lambda$assertClusterPrepared$6(474)) - omNode-2 has prepare status: NOT_PREPARED prepare index: -1.
2024-02-27 07:44:24,164 [main] INFO  om.TestOzoneManagerPrepare (TestOzoneManagerPrepare.java:lambda$assertClusterPrepared$6(474)) - omNode-2 has prepare status: NOT_PREPARED prepare index: -1.
2024-02-27 07:44:25,165 [main] INFO  om.TestOzoneManagerPrepare (TestOzoneManagerPrepare.java:lambda$assertClusterPrepared$6(474)) - omNode-2 has prepare status: NOT_PREPARED prepare index: -1.
2024-02-27 07:44:26,165 [main] INFO  om.TestOzoneManagerPrepare (TestOzoneManagerPrepare.java:lambda$assertClusterPrepared$6(474)) - omNode-2 has prepare status: NOT_PREPARED prepare index: -1.
2024-02-27 07:44:27,165 [main] INFO  om.TestOzoneManagerPrepare (TestOzoneManagerPrepare.java:lambda$assertClusterPrepared$6(474)) - omNode-2 has prepare status: NOT_PREPARED prepare index: -1.
2024-02-27 07:44:27,860 [2fdf9b97-f8e3-478e-95f7-818a752c939a-BlockDeletingService#1] INFO  interfaces.ContainerDeletionChoosingPolicyTemplate (ContainerDeletionChoosingPolicyTemplate.java:chooseContainerForBlockDeletion(85)) - Chosen 0/5000 blocks from 0 candidate containers.
2024-02-27 07:44:27,993 [e71dbbe0-7268-4d86-ba43-abc421df11cb-BlockDeletingService#1] INFO  interfaces.ContainerDeletionChoosingPolicyTemplate (ContainerDeletionChoosingPolicyTemplate.java:chooseContainerForBlockDeletion(85)) - Chosen 0/5000 blocks from 0 candidate containers.
2024-02-27 07:44:28,091 [7cccb36f-9418-4bb0-9e1b-7711a01d9c69-BlockDeletingService#1] INFO  interfaces.ContainerDeletionChoosingPolicyTemplate (ContainerDeletionChoosingPolicyTemplate.java:chooseContainerForBlockDeletion(85)) - Chosen 0/5000 blocks from 0 candidate containers.
2024-02-27 07:44:28,166 [main] INFO  om.TestOzoneManagerPrepare (TestOzoneManagerPrepare.java:lambda$assertClusterPrepared$6(474)) - omNode-2 has prepare status: NOT_PREPARED prepare index: -1.
2024-02-27 07:44:29,166 [main] INFO  om.TestOzoneManagerPrepare (TestOzoneManagerPrepare.java:lambda$assertClusterPrepared$6(474)) - omNode-2 has prepare status: NOT_PREPARED prepare index: -1.
2024-02-27 07:44:30,166 [main] INFO  om.TestOzoneManagerPrepare (TestOzoneManagerPrepare.java:lambda$assertClusterPrepared$6(474)) - omNode-2 has prepare status: NOT_PREPARED prepare index: -1.
2024-02-27 07:44:31,167 [main] INFO  om.TestOzoneManagerPrepare (TestOzoneManagerPrepare.java:lambda$assertClusterPrepared$6(474)) - omNode-2 has prepare status: NOT_PREPARED prepare index: -1.
2024-02-27 07:44:32,167 [main] INFO  om.TestOzoneManagerPrepare (TestOzoneManagerPrepare.java:lambda$assertClusterPrepared$6(474)) - omNode-2 has prepare status: NOT_PREPARED prepare index: -1.
2024-02-27 07:44:33,167 [main] INFO  om.TestOzoneManagerPrepare (TestOzoneManagerPrepare.java:lambda$assertClusterPrepared$6(474)) - omNode-2 has prepare status: NOT_PREPARED prepare index: -1.
2024-02-27 07:44:34,168 [main] INFO  om.TestOzoneManagerPrepare (TestOzoneManagerPrepare.java:lambda$assertClusterPrepared$6(474)) - omNode-2 has prepare status: NOT_PREPARED prepare index: -1.
2024-02-27 07:44:35,168 [main] INFO  om.TestOzoneManagerPrepare (TestOzoneManagerPrepare.java:lambda$assertClusterPrepared$6(474)) - omNode-2 has prepare status: NOT_PREPARED prepare index: -1.
2024-02-27 07:44:36,168 [main] INFO  om.TestOzoneManagerPrepare (TestOzoneManagerPrepare.java:lambda$assertClusterPrepared$6(474)) - omNode-2 has prepare status: NOT_PREPARED prepare index: -1.
2024-02-27 07:44:37,169 [main] INFO  om.TestOzoneManagerPrepare (TestOzoneManagerPrepare.java:lambda$assertClusterPrepared$6(474)) - omNode-2 has prepare status: NOT_PREPARED prepare index: -1.
2024-02-27 07:44:38,169 [main] INFO  om.TestOzoneManagerPrepare (TestOzoneManagerPrepare.java:lambda$assertClusterPrepared$6(474)) - omNode-2 has prepare status: NOT_PREPARED prepare index: -1.
2024-02-27 07:44:39,169 [main] INFO  om.TestOzoneManagerPrepare (TestOzoneManagerPrepare.java:lambda$assertClusterPrepared$6(474)) - omNode-2 has prepare status: NOT_PREPARED prepare index: -1.
2024-02-27 07:44:40,170 [main] INFO  om.TestOzoneManagerPrepare (TestOzoneManagerPrepare.java:lambda$assertClusterPrepared$6(474)) - omNode-2 has prepare status: NOT_PREPARED prepare index: -1.
2024-02-27 07:44:41,170 [main] INFO  om.TestOzoneManagerPrepare (TestOzoneManagerPrepare.java:lambda$assertClusterPrepared$6(474)) - omNode-2 has prepare status: NOT_PREPARED prepare index: -1.
2024-02-27 07:44:42,170 [main] INFO  om.TestOzoneManagerPrepare (TestOzoneManagerPrepare.java:lambda$assertClusterPrepared$6(474)) - omNode-2 has prepare status: NOT_PREPARED prepare index: -1.
2024-02-27 07:44:43,171 [main] INFO  om.TestOzoneManagerPrepare (TestOzoneManagerPrepare.java:lambda$assertClusterPrepared$6(474)) - omNode-2 has prepare status: NOT_PREPARED prepare index: -1.
2024-02-27 07:44:44,171 [main] INFO  om.TestOzoneManagerPrepare (TestOzoneManagerPrepare.java:lambda$assertClusterPrepared$6(474)) - omNode-2 has prepare status: NOT_PREPARED prepare index: -1.
2024-02-27 07:44:45,171 [main] INFO  om.TestOzoneManagerPrepare (TestOzoneManagerPrepare.java:lambda$assertClusterPrepared$6(474)) - omNode-2 has prepare status: NOT_PREPARED prepare index: -1.
2024-02-27 07:44:46,172 [main] INFO  om.TestOzoneManagerPrepare (TestOzoneManagerPrepare.java:lambda$assertClusterPrepared$6(474)) - omNode-2 has prepare status: NOT_PREPARED prepare index: -1.
2024-02-27 07:44:47,172 [main] INFO  om.TestOzoneManagerPrepare (TestOzoneManagerPrepare.java:lambda$assertClusterPrepared$6(474)) - omNode-2 has prepare status: NOT_PREPARED prepare index: -1.
2024-02-27 07:44:48,172 [main] INFO  om.TestOzoneManagerPrepare (TestOzoneManagerPrepare.java:lambda$assertClusterPrepared$6(474)) - omNode-2 has prepare status: NOT_PREPARED prepare index: -1.
2024-02-27 07:44:49,173 [main] INFO  om.TestOzoneManagerPrepare (TestOzoneManagerPrepare.java:lambda$assertClusterPrepared$6(474)) - omNode-2 has prepare status: NOT_PREPARED prepare index: -1.
2024-02-27 07:44:50,121 [omNode-2-OMStateMachineApplyTransactionThread - 0] ERROR upgrade.OMPrepareRequest (OMPrepareRequest.java:validateAndUpdateCache(133)) - Prepare Request Apply failed in omNode-2. 
java.io.IOException: After waiting for 120 seconds, Ratis state machine applied index 50 which is less than the minimum required index 52.
	at org.apache.hadoop.ozone.om.request.upgrade.OMPrepareRequest.waitForLogIndex(OMPrepareRequest.java:216)
	at org.apache.hadoop.ozone.om.request.upgrade.OMPrepareRequest.validateAndUpdateCache(OMPrepareRequest.java:112)
	at org.apache.hadoop.ozone.protocolPB.OzoneManagerRequestHandler.lambda$0(OzoneManagerRequestHandler.java:403)
	at org.apache.hadoop.util.MetricUtil.captureLatencyNs(MetricUtil.java:45)
	at org.apache.hadoop.ozone.protocolPB.OzoneManagerRequestHandler.handleWriteRequest(OzoneManagerRequestHandler.java:399)
	at org.apache.hadoop.ozone.om.ratis.OzoneManagerStateMachine.runCommand(OzoneManagerStateMachine.java:527)
	at org.apache.hadoop.ozone.om.ratis.OzoneManagerStateMachine.lambda$1(OzoneManagerStateMachine.java:345)
	at java.util.concurrent.CompletableFuture$AsyncSupply.run(CompletableFuture.java:1604)
	at java.util.concurrent.ThreadPoolExecutor.runWorker(ThreadPoolExecutor.java:1149)
	at java.util.concurrent.ThreadPoolExecutor$Worker.run(ThreadPoolExecutor.java:624)
	at java.lang.Thread.run(Thread.java:750)
2024-02-27 07:44:50,122 [omNode-2@group-523986131536-StateMachineUpdater] INFO  ratis.OzoneManagerStateMachine (OzoneManagerStateMachine.java:takeSnapshotImpl(469)) -  applied = (t:1, i:51)
2024-02-27 07:44:50,122 [omNode-2@group-523986131536-StateMachineUpdater] INFO  ratis.OzoneManagerStateMachine (OzoneManagerStateMachine.java:takeSnapshotImpl(470)) -  skipped = 49
2024-02-27 07:44:50,122 [omNode-2@group-523986131536-StateMachineUpdater] INFO  ratis.OzoneManagerStateMachine (OzoneManagerStateMachine.java:takeSnapshotImpl(471)) - notified = (t:1, i:50)
2024-02-27 07:44:50,122 [omNode-2@group-523986131536-StateMachineUpdater] INFO  ratis.OzoneManagerStateMachine (OzoneManagerStateMachine.java:takeSnapshotImpl(472)) - snapshot = (t:1, i:51)
2024-02-27 07:44:50,137 [omNode-2@group-523986131536-StateMachineUpdater] INFO  impl.StateMachineUpdater (StateMachineUpdater.java:takeSnapshot(295)) - omNode-2@group-523986131536-StateMachineUpdater: Took a snapshot at index 51
2024-02-27 07:44:50,137 [omNode-2@group-523986131536-StateMachineUpdater] INFO  impl.StateMachineUpdater (StateMachineUpdater.java:lambda$new$0(98)) - omNode-2@group-523986131536-StateMachineUpdater: snapshotIndex: updateIncreasingly -1 -> 51
2024-02-27 07:44:50,137 [omNode-2@group-523986131536-StateMachineUpdater] INFO  raftlog.RaftLog (RaftLogBase.java:purge(330)) - omNode-2@group-523986131536-SegmentedRaftLog: purge 51
2024-02-27 07:44:50,137 [omNode-2@group-523986131536-StateMachineUpdater] INFO  raftlog.RaftLog (RaftLogBase.java:lambda$new$0(54)) - omNode-2@group-523986131536-SegmentedRaftLog: snapshotIndex: updateIncreasingly -1 -> 51
2024-02-27 07:44:50,137 [omNode-2@group-523986131536-StateMachineUpdater] INFO  raftlog.RaftLog (RaftLogBase.java:lambda$new$0(54)) - omNode-2@group-523986131536-SegmentedRaftLog: purgeIndex: updateToMax old=-1, new=51, updated? true
2024-02-27 07:44:50,173 [main] INFO  om.TestOzoneManagerPrepare (TestOzoneManagerPrepare.java:lambda$assertClusterPrepared$6(474)) - omNode-2 has prepare status: NOT_PREPARED prepare index: -1.
2024-02-27 07:44:51,173 [main] INFO  om.TestOzoneManagerPrepare (TestOzoneManagerPrepare.java:lambda$assertClusterPrepared$6(474)) - omNode-2 has prepare status: NOT_PREPARED prepare index: -1.
2024-02-27 07:44:52,174 [main] INFO  om.TestOzoneManagerPrepare (TestOzoneManagerPrepare.java:lambda$assertClusterPrepared$6(474)) - omNode-2 has prepare status: NOT_PREPARED prepare index: -1.
2024-02-27 07:44:53,174 [main] INFO  om.TestOzoneManagerPrepare (TestOzoneManagerPrepare.java:lambda$assertClusterPrepared$6(474)) - omNode-2 has prepare status: NOT_PREPARED prepare index: -1.
2024-02-27 07:44:54,174 [main] INFO  om.TestOzoneManagerPrepare (TestOzoneManagerPrepare.java:lambda$assertClusterPrepared$6(474)) - omNode-2 has prepare status: NOT_PREPARED prepare index: -1.
2024-02-27 07:44:55,175 [main] INFO  om.TestOzoneManagerPrepare (TestOzoneManagerPrepare.java:lambda$assertClusterPrepared$6(474)) - omNode-2 has prepare status: NOT_PREPARED prepare index: -1.
2024-02-27 07:44:56,175 [main] INFO  om.TestOzoneManagerPrepare (TestOzoneManagerPrepare.java:lambda$assertClusterPrepared$6(474)) - omNode-2 has prepare status: NOT_PREPARED prepare index: -1.
2024-02-27 07:44:56,176 [main] INFO  om.OzoneManager (OzoneManager.java:stop(2203)) - omNode-3[localhost:15098]: Stopping Ozone Manager
2024-02-27 07:44:56,176 [main] INFO  ipc.Server (Server.java:stop(3523)) - Stopping server on 15098
2024-02-27 07:44:56,178 [IPC Server listener on 15098] INFO  ipc.Server (Server.java:run(1434)) - Stopping IPC Server listener on 15098
2024-02-27 07:44:56,178 [IPC Server Responder] INFO  ipc.Server (Server.java:run(1567)) - Stopping IPC Server Responder
2024-02-27 07:44:56,179 [main] INFO  ratis.OzoneManagerRatisServer (OzoneManagerRatisServer.java:stop(594)) - Stopping org.apache.hadoop.ozone.om.ratis.OzoneManagerRatisServer@49734f3b at port 15101
2024-02-27 07:44:56,179 [main] INFO  server.RaftServer (RaftServerProxy.java:lambda$close$9(416)) - omNode-3: close
2024-02-27 07:44:56,180 [main] INFO  server.GrpcService (GrpcService.java:closeImpl(311)) - omNode-3: shutdown server GrpcServerProtocolService now
2024-02-27 07:44:56,180 [omNode-3-impl-thread2] INFO  server.RaftServer$Division (RaftServerImpl.java:lambda$close$3(526)) - omNode-3@group-523986131536: shutdown
2024-02-27 07:44:56,180 [omNode-3-impl-thread2] INFO  util.JmxRegister (JmxRegister.java:unregister(73)) - Successfully un-registered JMX Bean with object name Ratis:service=RaftServer,group=group-523986131536,id=omNode-3
2024-02-27 07:44:56,180 [omNode-3-impl-thread2] INFO  impl.RoleInfo (RoleInfo.java:shutdownFollowerState(110)) - omNode-3: shutdown omNode-3@group-523986131536-FollowerState
2024-02-27 07:44:56,180 [omNode-3-impl-thread2] INFO  impl.StateMachineUpdater (StateMachineUpdater.java:stopAndJoin(157)) - omNode-3@group-523986131536-StateMachineUpdater: set stopIndex = 52
2024-02-27 07:44:56,180 [omNode-3@group-523986131536-StateMachineUpdater] INFO  ratis.OzoneManagerStateMachine (OzoneManagerStateMachine.java:takeSnapshotImpl(469)) -  applied = (t:1, i:51)
2024-02-27 07:44:56,180 [omNode-3@group-523986131536-StateMachineUpdater] INFO  ratis.OzoneManagerStateMachine (OzoneManagerStateMachine.java:takeSnapshotImpl(470)) -  skipped = 51
2024-02-27 07:44:56,180 [omNode-3@group-523986131536-FollowerState] INFO  impl.FollowerState (FollowerState.java:run(152)) - omNode-3@group-523986131536-FollowerState was interrupted
2024-02-27 07:44:56,180 [omNode-3@group-523986131536-StateMachineUpdater] INFO  ratis.OzoneManagerStateMachine (OzoneManagerStateMachine.java:takeSnapshotImpl(471)) - notified = (t:1, i:52)
2024-02-27 07:44:56,180 [omNode-3@group-523986131536-StateMachineUpdater] INFO  ratis.OzoneManagerStateMachine (OzoneManagerStateMachine.java:takeSnapshotImpl(472)) - snapshot = (t:1, i:52)
2024-02-27 07:44:56,183 [grpc-default-executor-7] WARN  server.GrpcServerProtocolService (LogUtils.java:warn(121)) - omNode-3: APPEND_ENTRIES onError, lastRequest: null: org.apache.ratis.thirdparty.io.grpc.StatusRuntimeException: CANCELLED: client cancelled
2024-02-27 07:44:56,185 [grpc-default-executor-1] WARN  server.GrpcLogAppender (LogUtils.java:warn(121)) - omNode-1@group-523986131536->omNode-3-AppendLogResponseHandler: Failed appendEntries: org.apache.ratis.thirdparty.io.grpc.StatusRuntimeException: CANCELLED: RST_STREAM closed stream. HTTP/2 error code: CANCEL
2024-02-27 07:44:56,185 [grpc-default-executor-1] WARN  server.GrpcLogAppender (GrpcLogAppender.java:lambda$resetClient$1(217)) - omNode-1@group-523986131536->omNode-3-GrpcLogAppender: Follower failed (request=null, errorCount=1); keep nextIndex (53) unchanged and retry.
2024-02-27 07:44:56,185 [main] INFO  server.GrpcService (GrpcService.java:closeImpl(320)) - omNode-3: shutdown server GrpcServerProtocolService successfully
2024-02-27 07:44:56,186 [grpc-default-executor-8] WARN  server.GrpcServerProtocolService (LogUtils.java:warn(121)) - omNode-3: APPEND_ENTRIES onError, lastRequest: omNode-1->omNode-3#163-t1,previous=(t:1, i:51),leaderCommit=51,initializing? false,entries: size=1, first=(t:1, i:52), METADATAENTRY(c:51): org.apache.ratis.thirdparty.io.grpc.StatusRuntimeException: CANCELLED: client cancelled
2024-02-27 07:44:56,187 [omNode-3@group-523986131536-StateMachineUpdater] INFO  impl.StateMachineUpdater (StateMachineUpdater.java:takeSnapshot(295)) - omNode-3@group-523986131536-StateMachineUpdater: Took a snapshot at index 52
2024-02-27 07:44:56,187 [omNode-3@group-523986131536-StateMachineUpdater] INFO  impl.StateMachineUpdater (StateMachineUpdater.java:lambda$new$0(98)) - omNode-3@group-523986131536-StateMachineUpdater: snapshotIndex: updateIncreasingly 50 -> 52
2024-02-27 07:44:56,187 [omNode-3@group-523986131536-StateMachineUpdater] INFO  ratis.OzoneManagerStateMachine (OzoneManagerStateMachine.java:close(515)) - Stopping OzoneManagerStateMachine:omNode-3:group-523986131536.
2024-02-27 07:44:56,187 [omNode-3@group-523986131536-StateMachineUpdater] INFO  ratis.OzoneManagerDoubleBuffer (OzoneManagerDoubleBuffer.java:stopDaemon(514)) - Stopping OMDoubleBuffer flush thread
2024-02-27 07:44:56,188 [omNode-3-OMDoubleBufferFlushThread] INFO  ratis.OzoneManagerDoubleBuffer (OzoneManagerDoubleBuffer.java:canFlush(578)) - OMDoubleBuffer flush thread omNode-3-OMDoubleBufferFlushThread is interrupted and will exit.
2024-02-27 07:44:56,189 [omNode-3-impl-thread2] INFO  server.RaftServer$Division (ServerState.java:close(427)) - omNode-3@group-523986131536: applyIndex: 51
2024-02-27 07:44:56,189 [omNode-3@group-523986131536-cacheEviction-AwaitToRun] INFO  util.AwaitToRun (AwaitToRun.java:run(49)) - omNode-3@group-523986131536-cacheEviction-AwaitToRun-AwaitForSignal is interrupted
2024-02-27 07:44:57,144 [omNode-3-impl-thread2] INFO  segmented.SegmentedRaftLogWorker (SegmentedRaftLogWorker.java:close(245)) - omNode-3@group-523986131536-SegmentedRaftLogWorker close()
2024-02-27 07:44:57,146 [JvmPauseMonitor32] INFO  util.JvmPauseMonitor (JvmPauseMonitor.java:run(152)) - JvmPauseMonitor-omNode-3: Stopped
2024-02-27 07:44:57,146 [main] INFO  utils.BackgroundService (BackgroundService.java:shutdown(160)) - Shutting down service KeyDeletingService
2024-02-27 07:44:57,147 [main] INFO  utils.BackgroundService (BackgroundService.java:shutdown(160)) - Shutting down service DirectoryDeletingService
2024-02-27 07:44:57,147 [main] INFO  utils.BackgroundService (BackgroundService.java:shutdown(160)) - Shutting down service OpenKeyCleanupService
2024-02-27 07:44:57,147 [main] INFO  utils.BackgroundService (BackgroundService.java:shutdown(160)) - Shutting down service SstFilteringService
2024-02-27 07:44:57,147 [main] INFO  utils.BackgroundService (BackgroundService.java:shutdown(160)) - Shutting down service SnapshotDeletingService
2024-02-27 07:44:57,147 [main] INFO  utils.BackgroundService (BackgroundService.java:shutdown(160)) - Shutting down service MultipartUploadCleanupService
2024-02-27 07:44:57,148 [main] INFO  utils.BackgroundService (BackgroundService.java:shutdown(160)) - Shutting down service SnapshotDirectoryCleaningService
2024-02-27 07:44:57,148 [main] INFO  handler.ContextHandler (ContextHandler.java:doStop(1159)) - Stopped o.e.j.w.WebAppContext@61b309d1{ozoneManager,/,null,STOPPED}{file:/home/runner/work/ozone/ozone/hadoop-ozone/integration-test/target/test-classes/webapps/ozoneManager}
2024-02-27 07:44:57,149 [main] INFO  server.AbstractConnector (AbstractConnector.java:doStop(383)) - Stopped ServerConnector@6a64fdc3{HTTP/1.1, (http/1.1)}{0.0.0.0:15099}
2024-02-27 07:44:57,149 [main] INFO  server.session (HouseKeeper.java:stopScavenging(149)) - node0 Stopped scavenging
2024-02-27 07:44:57,149 [main] INFO  handler.ContextHandler (ContextHandler.java:doStop(1159)) - Stopped o.e.j.s.ServletContextHandler@4ac79791{static,/static,file:///home/runner/work/ozone/ozone/hadoop-ozone/integration-test/target/test-classes/webapps/static,STOPPED}
2024-02-27 07:44:57,149 [main] INFO  handler.ContextHandler (ContextHandler.java:doStop(1159)) - Stopped o.e.j.s.ServletContextHandler@60499b27{logs,/logs,file:///home/runner/work/ozone/ozone/hadoop-ozone/integration-test/target/log,STOPPED}
2024-02-27 07:44:57,150 [main] INFO  rocksdiff.RocksDBCheckpointDiffer (RocksDBCheckpointDiffer.java:close(310)) - Shutting down CompactionDagPruningService.
2024-02-27 07:44:57,151 [main] INFO  snapshot.SnapshotDiffManager (SnapshotDiffManager.java:closeExecutorService(1657)) - Shutting down executorService: 'SnapDiffExecutor'
2024-02-27 07:44:57,151 [main] INFO  utils.BackgroundService (BackgroundService.java:shutdown(160)) - Shutting down service SnapshotDiffCleanupService
2024-02-27 07:44:57,152 [main] INFO  om.OzoneManager (OzoneManager.java:stop(2203)) - omNode-1[localhost:15090]: Stopping Ozone Manager
2024-02-27 07:44:57,152 [main] INFO  ipc.Server (Server.java:stop(3523)) - Stopping server on 15090
2024-02-27 07:44:57,154 [IPC Server listener on 15090] INFO  ipc.Server (Server.java:run(1434)) - Stopping IPC Server listener on 15090
2024-02-27 07:44:57,155 [IPC Server Responder] INFO  ipc.Server (Server.java:run(1567)) - Stopping IPC Server Responder
2024-02-27 07:44:57,155 [main] INFO  ratis.OzoneManagerRatisServer (OzoneManagerRatisServer.java:stop(594)) - Stopping org.apache.hadoop.ozone.om.ratis.OzoneManagerRatisServer@2bd43163 at port 15093
2024-02-27 07:44:57,156 [main] INFO  server.RaftServer (RaftServerProxy.java:lambda$close$9(416)) - omNode-1: close
2024-02-27 07:44:57,156 [main] INFO  server.GrpcService (GrpcService.java:closeImpl(311)) - omNode-1: shutdown server GrpcServerProtocolService now
2024-02-27 07:44:57,156 [omNode-1-impl-thread2] INFO  server.RaftServer$Division (RaftServerImpl.java:lambda$close$3(526)) - omNode-1@group-523986131536: shutdown
2024-02-27 07:44:57,156 [omNode-1-impl-thread2] INFO  util.JmxRegister (JmxRegister.java:unregister(73)) - Successfully un-registered JMX Bean with object name Ratis:service=RaftServer,group=group-523986131536,id=omNode-1
2024-02-27 07:44:57,156 [Thread-6030] INFO  server.GrpcServerProtocolClient (GrpcServerProtocolClient.java:close(103)) - omNode-3 Close channels
2024-02-27 07:44:57,156 [omNode-1-impl-thread2] INFO  impl.RoleInfo (RoleInfo.java:shutdownLeaderState(94)) - omNode-1: shutdown omNode-1@group-523986131536-LeaderStateImpl
2024-02-27 07:44:57,157 [Thread-6032] INFO  server.GrpcServerProtocolClient (GrpcServerProtocolClient.java:close(103)) - omNode-2 Close channels
2024-02-27 07:44:57,157 [omNode-1-impl-thread2] INFO  impl.PendingRequests (PendingRequests.java:sendNotLeaderResponses(289)) - omNode-1@group-523986131536-PendingRequests: sendNotLeaderResponses
2024-02-27 07:44:57,157 [omNode-1@group-523986131536->omNode-3-GrpcLogAppender-LogAppenderDaemon] WARN  server.GrpcLogAppender (GrpcLogAppender.java:mayWait(289)) - omNode-1@group-523986131536->omNode-3-GrpcLogAppender: Wait interrupted by java.lang.InterruptedException
2024-02-27 07:44:57,157 [omNode-1@group-523986131536->omNode-2-GrpcLogAppender-LogAppenderDaemon] WARN  server.GrpcLogAppender (GrpcLogAppender.java:mayWait(289)) - omNode-1@group-523986131536->omNode-2-GrpcLogAppender: Wait interrupted by java.lang.InterruptedException
2024-02-27 07:44:57,160 [omNode-1-impl-thread2] INFO  impl.StateMachineUpdater (StateMachineUpdater.java:stopAndJoin(157)) - omNode-1@group-523986131536-StateMachineUpdater: set stopIndex = 52
2024-02-27 07:44:57,160 [grpc-default-executor-8] INFO  server.GrpcServerProtocolService (GrpcServerProtocolService.java:onCompleted(157)) - omNode-2: Completed APPEND_ENTRIES, lastRequest: omNode-1->omNode-2#164-t1,previous=(t:1, i:51),leaderCommit=51,initializing? false,entries: size=1, first=(t:1, i:52), METADATAENTRY(c:51)
2024-02-27 07:44:57,160 [grpc-default-executor-8] INFO  server.GrpcServerProtocolService (GrpcServerProtocolService.java:lambda$onCompleted$5(159)) - omNode-2: Completed APPEND_ENTRIES, lastReply: null
2024-02-27 07:44:57,160 [omNode-1@group-523986131536-StateMachineUpdater] INFO  ratis.OzoneManagerStateMachine (OzoneManagerStateMachine.java:takeSnapshotImpl(469)) -  applied = (t:1, i:51)
2024-02-27 07:44:57,161 [omNode-1@group-523986131536-StateMachineUpdater] INFO  ratis.OzoneManagerStateMachine (OzoneManagerStateMachine.java:takeSnapshotImpl(470)) -  skipped = 51
2024-02-27 07:44:57,161 [omNode-1@group-523986131536-StateMachineUpdater] INFO  ratis.OzoneManagerStateMachine (OzoneManagerStateMachine.java:takeSnapshotImpl(471)) - notified = (t:1, i:52)
2024-02-27 07:44:57,161 [omNode-1@group-523986131536-StateMachineUpdater] INFO  ratis.OzoneManagerStateMachine (OzoneManagerStateMachine.java:takeSnapshotImpl(472)) - snapshot = (t:1, i:52)
2024-02-27 07:44:57,161 [grpc-default-executor-8] INFO  server.GrpcLogAppender (GrpcLogAppender.java:onCompleted(546)) - omNode-1@group-523986131536->omNode-2-AppendLogResponseHandler: follower responses appendEntries COMPLETED
2024-02-27 07:44:57,160 [grpc-default-executor-7] INFO  server.GrpcServerProtocolService (GrpcServerProtocolService.java:onCompleted(157)) - omNode-2: Completed APPEND_ENTRIES, lastRequest: null
2024-02-27 07:44:57,162 [grpc-default-executor-8] WARN  server.GrpcLogAppender (GrpcLogAppender.java:resetClient(226)) - omNode-1@group-523986131536->omNode-2-GrpcLogAppender: Failed to getClient for omNode-2
org.apache.ratis.protocol.exceptions.AlreadyClosedException: omNode-1 is already CLOSED
	at org.apache.ratis.util.PeerProxyMap$PeerAndProxy.getProxy(PeerProxyMap.java:65)
	at org.apache.ratis.util.PeerProxyMap.getProxy(PeerProxyMap.java:114)
	at org.apache.ratis.grpc.server.GrpcLogAppender.getClient(GrpcLogAppender.java:196)
	at org.apache.ratis.grpc.server.GrpcLogAppender.resetClient(GrpcLogAppender.java:201)
	at org.apache.ratis.grpc.server.GrpcLogAppender.access$800(GrpcLogAppender.java:62)
	at org.apache.ratis.grpc.server.GrpcLogAppender$AppendLogResponseHandler.onCompleted(GrpcLogAppender.java:547)
	at org.apache.ratis.thirdparty.io.grpc.stub.ClientCalls$StreamObserverToCallListenerAdapter.onClose(ClientCalls.java:479)
	at org.apache.ratis.thirdparty.io.grpc.internal.ClientCallImpl.closeObserver(ClientCallImpl.java:567)
	at org.apache.ratis.thirdparty.io.grpc.internal.ClientCallImpl.access$300(ClientCallImpl.java:71)
	at org.apache.ratis.thirdparty.io.grpc.internal.ClientCallImpl$ClientStreamListenerImpl$1StreamClosed.runInternal(ClientCallImpl.java:735)
	at org.apache.ratis.thirdparty.io.grpc.internal.ClientCallImpl$ClientStreamListenerImpl$1StreamClosed.runInContext(ClientCallImpl.java:716)
	at org.apache.ratis.thirdparty.io.grpc.internal.ContextRunnable.run(ContextRunnable.java:37)
	at org.apache.ratis.thirdparty.io.grpc.internal.SerializingExecutor.run(SerializingExecutor.java:133)
	at java.util.concurrent.ThreadPoolExecutor.runWorker(ThreadPoolExecutor.java:1149)
	at java.util.concurrent.ThreadPoolExecutor$Worker.run(ThreadPoolExecutor.java:624)
	at java.lang.Thread.run(Thread.java:750)
2024-02-27 07:44:57,162 [grpc-default-executor-7] INFO  server.GrpcServerProtocolService (GrpcServerProtocolService.java:lambda$onCompleted$5(159)) - omNode-2: Completed APPEND_ENTRIES, lastReply: serverReply {
  requestorId: "omNode-1"
  replyId: "omNode-2"
  raftGroupId {
    id: "\311\274L\364;\303<`\246kR9\206\023\0256"
  }
  callId: 418
  success: true
}
term: 1
nextIndex: 53
followerCommit: 52
matchIndex: 18446744073709551615
isHearbeat: true

2024-02-27 07:44:57,163 [grpc-default-executor-7] INFO  server.GrpcLogAppender (GrpcLogAppender.java:onCompleted(546)) - omNode-1@group-523986131536->omNode-2-AppendLogResponseHandler: follower responses appendEntries COMPLETED
2024-02-27 07:44:57,163 [grpc-default-executor-7] WARN  server.GrpcLogAppender (GrpcLogAppender.java:resetClient(226)) - omNode-1@group-523986131536->omNode-2-GrpcLogAppender: Failed to getClient for omNode-2
org.apache.ratis.protocol.exceptions.AlreadyClosedException: omNode-1 is already CLOSED
	at org.apache.ratis.util.PeerProxyMap$PeerAndProxy.getProxy(PeerProxyMap.java:65)
	at org.apache.ratis.util.PeerProxyMap.getProxy(PeerProxyMap.java:114)
	at org.apache.ratis.grpc.server.GrpcLogAppender.getClient(GrpcLogAppender.java:196)
	at org.apache.ratis.grpc.server.GrpcLogAppender.resetClient(GrpcLogAppender.java:201)
	at org.apache.ratis.grpc.server.GrpcLogAppender.access$800(GrpcLogAppender.java:62)
	at org.apache.ratis.grpc.server.GrpcLogAppender$AppendLogResponseHandler.onCompleted(GrpcLogAppender.java:547)
	at org.apache.ratis.thirdparty.io.grpc.stub.ClientCalls$StreamObserverToCallListenerAdapter.onClose(ClientCalls.java:479)
	at org.apache.ratis.thirdparty.io.grpc.internal.DelayedClientCall$DelayedListener$3.run(DelayedClientCall.java:489)
	at org.apache.ratis.thirdparty.io.grpc.internal.DelayedClientCall$DelayedListener.delayOrExecute(DelayedClientCall.java:453)
	at org.apache.ratis.thirdparty.io.grpc.internal.DelayedClientCall$DelayedListener.onClose(DelayedClientCall.java:486)
	at org.apache.ratis.thirdparty.io.grpc.internal.ClientCallImpl.closeObserver(ClientCallImpl.java:567)
	at org.apache.ratis.thirdparty.io.grpc.internal.ClientCallImpl.access$300(ClientCallImpl.java:71)
	at org.apache.ratis.thirdparty.io.grpc.internal.ClientCallImpl$ClientStreamListenerImpl$1StreamClosed.runInternal(ClientCallImpl.java:735)
	at org.apache.ratis.thirdparty.io.grpc.internal.ClientCallImpl$ClientStreamListenerImpl$1StreamClosed.runInContext(ClientCallImpl.java:716)
	at org.apache.ratis.thirdparty.io.grpc.internal.ContextRunnable.run(ContextRunnable.java:37)
	at org.apache.ratis.thirdparty.io.grpc.internal.SerializingExecutor.run(SerializingExecutor.java:133)
	at java.util.concurrent.ThreadPoolExecutor.runWorker(ThreadPoolExecutor.java:1149)
	at java.util.concurrent.ThreadPoolExecutor$Worker.run(ThreadPoolExecutor.java:624)
	at java.lang.Thread.run(Thread.java:750)
2024-02-27 07:44:57,164 [main] INFO  server.GrpcService (GrpcService.java:closeImpl(320)) - omNode-1: shutdown server GrpcServerProtocolService successfully
2024-02-27 07:44:57,167 [omNode-1@group-523986131536-StateMachineUpdater] INFO  impl.StateMachineUpdater (StateMachineUpdater.java:takeSnapshot(295)) - omNode-1@group-523986131536-StateMachineUpdater: Took a snapshot at index 52
2024-02-27 07:44:57,167 [omNode-1@group-523986131536-StateMachineUpdater] INFO  impl.StateMachineUpdater (StateMachineUpdater.java:lambda$new$0(98)) - omNode-1@group-523986131536-StateMachineUpdater: snapshotIndex: updateIncreasingly 50 -> 52
2024-02-27 07:44:57,167 [omNode-1@group-523986131536-StateMachineUpdater] INFO  ratis.OzoneManagerStateMachine (OzoneManagerStateMachine.java:close(515)) - Stopping OzoneManagerStateMachine:omNode-1:group-523986131536.
2024-02-27 07:44:57,167 [omNode-1@group-523986131536-StateMachineUpdater] INFO  ratis.OzoneManagerDoubleBuffer (OzoneManagerDoubleBuffer.java:stopDaemon(514)) - Stopping OMDoubleBuffer flush thread
2024-02-27 07:44:57,167 [omNode-1-OMDoubleBufferFlushThread] INFO  ratis.OzoneManagerDoubleBuffer (OzoneManagerDoubleBuffer.java:canFlush(578)) - OMDoubleBuffer flush thread omNode-1-OMDoubleBufferFlushThread is interrupted and will exit.
2024-02-27 07:44:57,168 [omNode-1-impl-thread2] INFO  server.RaftServer$Division (ServerState.java:close(427)) - omNode-1@group-523986131536: applyIndex: 51
2024-02-27 07:44:57,168 [omNode-1@group-523986131536-cacheEviction-AwaitToRun] INFO  util.AwaitToRun (AwaitToRun.java:run(49)) - omNode-1@group-523986131536-cacheEviction-AwaitToRun-AwaitForSignal is interrupted
2024-02-27 07:44:58,046 [omNode-2@group-523986131536-FollowerState] INFO  impl.FollowerState (FollowerState.java:run(143)) - omNode-2@group-523986131536-FollowerState: change to CANDIDATE, lastRpcElapsedTime:1170917817ns, electionTimeout:1040ms
2024-02-27 07:44:58,046 [omNode-2@group-523986131536-FollowerState] INFO  impl.RoleInfo (RoleInfo.java:shutdownFollowerState(110)) - omNode-2: shutdown omNode-2@group-523986131536-FollowerState
2024-02-27 07:44:58,046 [omNode-2@group-523986131536-FollowerState] INFO  server.RaftServer$Division (RaftServerImpl.java:setRole(383)) - omNode-2@group-523986131536: changes role from  FOLLOWER to CANDIDATE at term 1 for changeToCandidate
2024-02-27 07:44:58,046 [omNode-2@group-523986131536-FollowerState] INFO  server.RaftServerConfigKeys (ConfUtils.java:logGet(46)) - raft.server.leaderelection.pre-vote = true (default)
2024-02-27 07:44:58,046 [omNode-2@group-523986131536-FollowerState] INFO  impl.RoleInfo (RoleInfo.java:updateAndGet(139)) - omNode-2: start omNode-2@group-523986131536-LeaderElection31
2024-02-27 07:44:58,047 [omNode-2@group-523986131536-LeaderElection31] INFO  server.RaftServer$Division (ServerState.java:setLeader(269)) - omNode-2@group-523986131536: change Leader from omNode-1 to null at term 1 for PRE_VOTE
2024-02-27 07:44:58,047 [omNode-2@group-523986131536-LeaderElection31] INFO  impl.LeaderElection (LeaderElection.java:askForVotes(321)) - omNode-2@group-523986131536-LeaderElection31 PRE_VOTE round 0: submit vote requests at term 1 for 0: peers:[omNode-3|localhost:15101, omNode-1|localhost:15093, omNode-2|localhost:15097]|listeners:[], old=null
2024-02-27 07:44:58,048 [omNode-2@group-523986131536-LeaderElection31-1] INFO  server.GrpcServerProtocolClient (GrpcServerProtocolClient.java:<init>(65)) - Build channel for omNode-3|localhost:15101
2024-02-27 07:44:58,048 [omNode-2@group-523986131536-LeaderElection31-2] INFO  server.GrpcServerProtocolClient (GrpcServerProtocolClient.java:<init>(65)) - Build channel for omNode-1|localhost:15093
2024-02-27 07:44:58,052 [omNode-2@group-523986131536-LeaderElection31] INFO  impl.LeaderElection (LogUtils.java:infoOrTrace(136)) - omNode-2@group-523986131536-LeaderElection31 got exception when requesting votes: java.util.concurrent.ExecutionException: org.apache.ratis.thirdparty.io.grpc.StatusRuntimeException: UNAVAILABLE: io exception
2024-02-27 07:44:58,053 [omNode-2@group-523986131536-LeaderElection31] INFO  impl.LeaderElection (LogUtils.java:infoOrTrace(136)) - omNode-2@group-523986131536-LeaderElection31 got exception when requesting votes: java.util.concurrent.ExecutionException: org.apache.ratis.thirdparty.io.grpc.StatusRuntimeException: UNAVAILABLE: io exception
2024-02-27 07:44:58,053 [omNode-2@group-523986131536-LeaderElection31] INFO  impl.LeaderElection (LeaderElection.java:logAndReturn(89)) - omNode-2@group-523986131536-LeaderElection31: PRE_VOTE REJECTED received 0 response(s) and 2 exception(s):
2024-02-27 07:44:58,053 [omNode-2@group-523986131536-LeaderElection31] INFO  impl.LeaderElection (LogUtils.java:infoOrTrace(136)) -   Exception 0: java.util.concurrent.ExecutionException: org.apache.ratis.thirdparty.io.grpc.StatusRuntimeException: UNAVAILABLE: io exception
2024-02-27 07:44:58,053 [omNode-2@group-523986131536-LeaderElection31] INFO  impl.LeaderElection (LogUtils.java:infoOrTrace(136)) -   Exception 1: java.util.concurrent.ExecutionException: org.apache.ratis.thirdparty.io.grpc.StatusRuntimeException: UNAVAILABLE: io exception
2024-02-27 07:44:58,053 [omNode-2@group-523986131536-LeaderElection31] INFO  impl.LeaderElection (LeaderElection.java:askForVotes(323)) - omNode-2@group-523986131536-LeaderElection31 PRE_VOTE round 0: result REJECTED
2024-02-27 07:44:58,053 [omNode-2@group-523986131536-LeaderElection31] INFO  server.RaftServer$Division (RaftServerImpl.java:setRole(383)) - omNode-2@group-523986131536: changes role from CANDIDATE to FOLLOWER at term 1 for REJECTED
2024-02-27 07:44:58,053 [omNode-2@group-523986131536-LeaderElection31] INFO  impl.RoleInfo (RoleInfo.java:shutdownLeaderElection(130)) - omNode-2: shutdown omNode-2@group-523986131536-LeaderElection31
2024-02-27 07:44:58,053 [omNode-2@group-523986131536-LeaderElection31] INFO  impl.RoleInfo (RoleInfo.java:updateAndGet(139)) - omNode-2: start omNode-2@group-523986131536-FollowerState
2024-02-27 07:44:58,141 [omNode-1-impl-thread2] INFO  segmented.SegmentedRaftLogWorker (SegmentedRaftLogWorker.java:close(245)) - omNode-1@group-523986131536-SegmentedRaftLogWorker close()
2024-02-27 07:44:58,142 [JvmPauseMonitor30] INFO  util.JvmPauseMonitor (JvmPauseMonitor.java:run(152)) - JvmPauseMonitor-omNode-1: Stopped
2024-02-27 07:44:58,142 [main] INFO  utils.BackgroundService (BackgroundService.java:shutdown(160)) - Shutting down service KeyDeletingService
2024-02-27 07:44:58,143 [main] INFO  utils.BackgroundService (BackgroundService.java:shutdown(160)) - Shutting down service DirectoryDeletingService
2024-02-27 07:44:58,143 [main] INFO  utils.BackgroundService (BackgroundService.java:shutdown(160)) - Shutting down service OpenKeyCleanupService
2024-02-27 07:44:58,143 [main] INFO  utils.BackgroundService (BackgroundService.java:shutdown(160)) - Shutting down service SstFilteringService
2024-02-27 07:44:58,143 [main] INFO  utils.BackgroundService (BackgroundService.java:shutdown(160)) - Shutting down service SnapshotDeletingService
2024-02-27 07:44:58,143 [main] INFO  utils.BackgroundService (BackgroundService.java:shutdown(160)) - Shutting down service MultipartUploadCleanupService
2024-02-27 07:44:58,143 [main] INFO  utils.BackgroundService (BackgroundService.java:shutdown(160)) - Shutting down service SnapshotDirectoryCleaningService
2024-02-27 07:44:58,144 [main] INFO  handler.ContextHandler (ContextHandler.java:doStop(1159)) - Stopped o.e.j.w.WebAppContext@4397328b{ozoneManager,/,null,STOPPED}{file:/home/runner/work/ozone/ozone/hadoop-ozone/integration-test/target/test-classes/webapps/ozoneManager}
2024-02-27 07:44:58,144 [main] INFO  server.AbstractConnector (AbstractConnector.java:doStop(383)) - Stopped ServerConnector@5028339c{HTTP/1.1, (http/1.1)}{0.0.0.0:15091}
2024-02-27 07:44:58,145 [main] INFO  server.session (HouseKeeper.java:stopScavenging(149)) - node0 Stopped scavenging
2024-02-27 07:44:58,145 [main] INFO  handler.ContextHandler (ContextHandler.java:doStop(1159)) - Stopped o.e.j.s.ServletContextHandler@53f553cc{static,/static,file:///home/runner/work/ozone/ozone/hadoop-ozone/integration-test/target/test-classes/webapps/static,STOPPED}
2024-02-27 07:44:58,145 [main] INFO  handler.ContextHandler (ContextHandler.java:doStop(1159)) - Stopped o.e.j.s.ServletContextHandler@c5b3aa1{logs,/logs,file:///home/runner/work/ozone/ozone/hadoop-ozone/integration-test/target/log,STOPPED}
2024-02-27 07:44:58,145 [main] INFO  rocksdiff.RocksDBCheckpointDiffer (RocksDBCheckpointDiffer.java:close(310)) - Shutting down CompactionDagPruningService.
2024-02-27 07:44:58,147 [main] INFO  snapshot.SnapshotDiffManager (SnapshotDiffManager.java:closeExecutorService(1657)) - Shutting down executorService: 'SnapDiffExecutor'
2024-02-27 07:44:58,147 [main] INFO  utils.BackgroundService (BackgroundService.java:shutdown(160)) - Shutting down service SnapshotDiffCleanupService
2024-02-27 07:44:58,148 [main] INFO  om.OzoneManager (OzoneManager.java:stop(2203)) - omNode-2[localhost:15094]: Stopping Ozone Manager
2024-02-27 07:44:58,148 [main] INFO  ipc.Server (Server.java:stop(3523)) - Stopping server on 15094
2024-02-27 07:44:58,150 [IPC Server listener on 15094] INFO  ipc.Server (Server.java:run(1434)) - Stopping IPC Server listener on 15094
2024-02-27 07:44:58,151 [IPC Server Responder] INFO  ipc.Server (Server.java:run(1567)) - Stopping IPC Server Responder
2024-02-27 07:44:58,151 [main] INFO  ratis.OzoneManagerRatisServer (OzoneManagerRatisServer.java:stop(594)) - Stopping org.apache.hadoop.ozone.om.ratis.OzoneManagerRatisServer@411b7c96 at port 15097
2024-02-27 07:44:58,151 [main] INFO  server.RaftServer (RaftServerProxy.java:lambda$close$9(416)) - omNode-2: close
2024-02-27 07:44:58,151 [main] INFO  server.GrpcService (GrpcService.java:closeImpl(311)) - omNode-2: shutdown server GrpcServerProtocolService now
2024-02-27 07:44:58,151 [omNode-2-impl-thread2] INFO  server.RaftServer$Division (RaftServerImpl.java:lambda$close$3(526)) - omNode-2@group-523986131536: shutdown
2024-02-27 07:44:58,152 [omNode-2-impl-thread2] INFO  util.JmxRegister (JmxRegister.java:unregister(73)) - Successfully un-registered JMX Bean with object name Ratis:service=RaftServer,group=group-523986131536,id=omNode-2
2024-02-27 07:44:58,152 [omNode-2-impl-thread2] INFO  impl.RoleInfo (RoleInfo.java:shutdownFollowerState(110)) - omNode-2: shutdown omNode-2@group-523986131536-FollowerState
2024-02-27 07:44:58,153 [Thread-6051] INFO  server.GrpcServerProtocolClient (GrpcServerProtocolClient.java:close(103)) - omNode-1 Close channels
2024-02-27 07:44:58,153 [omNode-2@group-523986131536-FollowerState] INFO  impl.FollowerState (FollowerState.java:run(152)) - omNode-2@group-523986131536-FollowerState was interrupted
2024-02-27 07:44:58,153 [omNode-2@group-523986131536-StateMachineUpdater] INFO  ratis.OzoneManagerStateMachine (OzoneManagerStateMachine.java:takeSnapshotImpl(469)) -  applied = (t:1, i:51)
2024-02-27 07:44:58,153 [omNode-2@group-523986131536-StateMachineUpdater] INFO  ratis.OzoneManagerStateMachine (OzoneManagerStateMachine.java:takeSnapshotImpl(470)) -  skipped = 51
2024-02-27 07:44:58,153 [omNode-2@group-523986131536-StateMachineUpdater] INFO  ratis.OzoneManagerStateMachine (OzoneManagerStateMachine.java:takeSnapshotImpl(471)) - notified = (t:1, i:52)
2024-02-27 07:44:58,154 [omNode-2@group-523986131536-StateMachineUpdater] INFO  ratis.OzoneManagerStateMachine (OzoneManagerStateMachine.java:takeSnapshotImpl(472)) - snapshot = (t:1, i:52)
2024-02-27 07:44:58,153 [omNode-2-impl-thread2] INFO  impl.StateMachineUpdater (StateMachineUpdater.java:stopAndJoin(157)) - omNode-2@group-523986131536-StateMachineUpdater: set stopIndex = 52
2024-02-27 07:44:58,153 [Thread-6050] INFO  server.GrpcServerProtocolClient (GrpcServerProtocolClient.java:close(103)) - omNode-3 Close channels
2024-02-27 07:44:58,155 [main] INFO  server.GrpcService (GrpcService.java:closeImpl(320)) - omNode-2: shutdown server GrpcServerProtocolService successfully
2024-02-27 07:44:58,158 [omNode-2@group-523986131536-StateMachineUpdater] INFO  impl.StateMachineUpdater (StateMachineUpdater.java:takeSnapshot(295)) - omNode-2@group-523986131536-StateMachineUpdater: Took a snapshot at index 52
2024-02-27 07:44:58,158 [omNode-2@group-523986131536-StateMachineUpdater] INFO  impl.StateMachineUpdater (StateMachineUpdater.java:lambda$new$0(98)) - omNode-2@group-523986131536-StateMachineUpdater: snapshotIndex: updateIncreasingly 51 -> 52
2024-02-27 07:44:58,158 [omNode-2@group-523986131536-StateMachineUpdater] INFO  ratis.OzoneManagerStateMachine (OzoneManagerStateMachine.java:close(515)) - Stopping OzoneManagerStateMachine:omNode-2:group-523986131536.
2024-02-27 07:44:58,158 [omNode-2@group-523986131536-StateMachineUpdater] INFO  ratis.OzoneManagerDoubleBuffer (OzoneManagerDoubleBuffer.java:stopDaemon(514)) - Stopping OMDoubleBuffer flush thread
2024-02-27 07:44:58,158 [omNode-2-OMDoubleBufferFlushThread] INFO  ratis.OzoneManagerDoubleBuffer (OzoneManagerDoubleBuffer.java:canFlush(578)) - OMDoubleBuffer flush thread omNode-2-OMDoubleBufferFlushThread is interrupted and will exit.
2024-02-27 07:44:58,160 [omNode-2-impl-thread2] INFO  server.RaftServer$Division (ServerState.java:close(427)) - omNode-2@group-523986131536: applyIndex: 51
2024-02-27 07:44:58,160 [omNode-2@group-523986131536-cacheEviction-AwaitToRun] INFO  util.AwaitToRun (AwaitToRun.java:run(49)) - omNode-2@group-523986131536-cacheEviction-AwaitToRun-AwaitForSignal is interrupted
2024-02-27 07:44:59,122 [omNode-2-impl-thread2] INFO  segmented.SegmentedRaftLogWorker (SegmentedRaftLogWorker.java:close(245)) - omNode-2@group-523986131536-SegmentedRaftLogWorker close()
2024-02-27 07:44:59,124 [JvmPauseMonitor31] INFO  util.JvmPauseMonitor (JvmPauseMonitor.java:run(152)) - JvmPauseMonitor-omNode-2: Stopped
2024-02-27 07:44:59,124 [main] INFO  utils.BackgroundService (BackgroundService.java:shutdown(160)) - Shutting down service KeyDeletingService
2024-02-27 07:44:59,124 [main] INFO  utils.BackgroundService (BackgroundService.java:shutdown(160)) - Shutting down service DirectoryDeletingService
2024-02-27 07:44:59,124 [main] INFO  utils.BackgroundService (BackgroundService.java:shutdown(160)) - Shutting down service OpenKeyCleanupService
2024-02-27 07:44:59,124 [main] INFO  utils.BackgroundService (BackgroundService.java:shutdown(160)) - Shutting down service SstFilteringService
2024-02-27 07:44:59,125 [main] INFO  utils.BackgroundService (BackgroundService.java:shutdown(160)) - Shutting down service SnapshotDeletingService
2024-02-27 07:44:59,125 [main] INFO  utils.BackgroundService (BackgroundService.java:shutdown(160)) - Shutting down service MultipartUploadCleanupService
2024-02-27 07:44:59,125 [main] INFO  utils.BackgroundService (BackgroundService.java:shutdown(160)) - Shutting down service SnapshotDirectoryCleaningService
2024-02-27 07:44:59,125 [main] INFO  handler.ContextHandler (ContextHandler.java:doStop(1159)) - Stopped o.e.j.w.WebAppContext@6a5ebac7{ozoneManager,/,null,STOPPED}{file:/home/runner/work/ozone/ozone/hadoop-ozone/integration-test/target/test-classes/webapps/ozoneManager}
2024-02-27 07:44:59,126 [main] INFO  server.AbstractConnector (AbstractConnector.java:doStop(383)) - Stopped ServerConnector@3d22198c{HTTP/1.1, (http/1.1)}{0.0.0.0:15095}
2024-02-27 07:44:59,126 [main] INFO  server.session (HouseKeeper.java:stopScavenging(149)) - node0 Stopped scavenging
2024-02-27 07:44:59,126 [main] INFO  handler.ContextHandler (ContextHandler.java:doStop(1159)) - Stopped o.e.j.s.ServletContextHandler@98aa2ee{static,/static,file:///home/runner/work/ozone/ozone/hadoop-ozone/integration-test/target/test-classes/webapps/static,STOPPED}
2024-02-27 07:44:59,127 [main] INFO  handler.ContextHandler (ContextHandler.java:doStop(1159)) - Stopped o.e.j.s.ServletContextHandler@ebbe156{logs,/logs,file:///home/runner/work/ozone/ozone/hadoop-ozone/integration-test/target/log,STOPPED}
2024-02-27 07:44:59,128 [main] INFO  rocksdiff.RocksDBCheckpointDiffer (RocksDBCheckpointDiffer.java:close(310)) - Shutting down CompactionDagPruningService.
2024-02-27 07:44:59,130 [main] INFO  snapshot.SnapshotDiffManager (SnapshotDiffManager.java:closeExecutorService(1657)) - Shutting down executorService: 'SnapDiffExecutor'
2024-02-27 07:44:59,130 [main] INFO  utils.BackgroundService (BackgroundService.java:shutdown(160)) - Shutting down service SnapshotDiffCleanupService
2024-02-27 07:44:59,131 [main] INFO  om.OzoneManager (OzoneManager.java:restart(1710)) - OzoneManager RPC server is listening at localhost/127.0.0.1:15098
2024-02-27 07:44:59,132 [main] INFO  impl.MetricsSystemImpl (MetricsSystemImpl.java:init(158)) - OzoneManager metrics system started (again)
2024-02-27 07:44:59,139 [main] WARN  server.ServerUtils (ServerUtils.java:getDBPath(299)) - ozone.om.db.dirs is not configured. We recommend adding this setting. Falling back to ozone.metadata.dirs instead.
2024-02-27 07:44:59,140 [main] INFO  helpers.OmKeyInfo (OmKeyInfo.java:getCodec(71)) - OmKeyInfo.getCodec ignorePipeline = true
2024-02-27 07:44:59,186 [main] INFO  om.OzoneManager (OzoneManager.java:instantiateServices(804)) - S3 Multi-Tenancy is disabled
2024-02-27 07:44:59,187 [main] INFO  om.OmSnapshotManager (OmSnapshotManager.java:<init>(177)) - Ozone filesystem snapshot feature is enabled.
2024-02-27 07:44:59,187 [main] WARN  server.ServerUtils (ServerUtils.java:getDBPath(299)) - ozone.om.snapshot.diff.db.dir is not configured. We recommend adding this setting. Falling back to ozone.metadata.dirs instead.
2024-02-27 07:44:59,198 [main] INFO  utils.NativeLibraryLoader (NativeLibraryLoader.java:loadLibrary(108)) - Loading Library: ozone_rocksdb_tools
2024-02-27 07:44:59,198 [main] ERROR snapshot.SnapshotDiffManager (SnapshotDiffManager.java:initNativeLibraryForEfficientDiff(287)) - Native Library for raw sst file reading loading failed.
org.apache.hadoop.hdds.utils.NativeLibraryNotLoadedException: Unable to load library ozone_rocksdb_tools from both java.library.path & resource file libozone_rocksdb_tools.so from jar.
	at org.apache.hadoop.hdds.utils.db.managed.ManagedRawSSTFileReader.loadLibrary(ManagedRawSSTFileReader.java:38)
	at org.apache.hadoop.ozone.om.snapshot.SnapshotDiffManager.initNativeLibraryForEfficientDiff(SnapshotDiffManager.java:285)
	at org.apache.hadoop.ozone.om.snapshot.SnapshotDiffManager.<init>(SnapshotDiffManager.java:259)
	at org.apache.hadoop.ozone.om.OmSnapshotManager.<init>(OmSnapshotManager.java:279)
	at org.apache.hadoop.ozone.om.OzoneManager.instantiateServices(OzoneManager.java:856)
	at org.apache.hadoop.ozone.om.OzoneManager.restart(OzoneManager.java:1715)
	at org.apache.hadoop.ozone.MiniOzoneHAClusterImpl.restartOzoneManager(MiniOzoneHAClusterImpl.java:211)
	at org.apache.hadoop.ozone.om.TestOzoneManagerPrepare.resetCluster(TestOzoneManagerPrepare.java:113)
	at sun.reflect.NativeMethodAccessorImpl.invoke0(Native Method)
	at sun.reflect.NativeMethodAccessorImpl.invoke(NativeMethodAccessorImpl.java:62)
	at sun.reflect.DelegatingMethodAccessorImpl.invoke(DelegatingMethodAccessorImpl.java:43)
	at java.lang.reflect.Method.invoke(Method.java:498)
	at org.junit.platform.commons.util.ReflectionUtils.invokeMethod(ReflectionUtils.java:728)
	at org.junit.jupiter.engine.execution.MethodInvocation.proceed(MethodInvocation.java:60)
	at org.junit.jupiter.engine.execution.InvocationInterceptorChain$ValidatingInvocation.proceed(InvocationInterceptorChain.java:131)
	at org.junit.jupiter.engine.extension.TimeoutExtension.intercept(TimeoutExtension.java:156)
	at org.junit.jupiter.engine.extension.TimeoutExtension.interceptLifecycleMethod(TimeoutExtension.java:128)
	at org.junit.jupiter.engine.extension.TimeoutExtension.interceptAfterEachMethod(TimeoutExtension.java:110)
	at org.junit.jupiter.engine.execution.InterceptingExecutableInvoker$ReflectiveInterceptorCall.lambda$ofVoidMethod$0(InterceptingExecutableInvoker.java:103)
	at org.junit.jupiter.engine.execution.InterceptingExecutableInvoker.lambda$invoke$0(InterceptingExecutableInvoker.java:93)
	at org.junit.jupiter.engine.execution.InvocationInterceptorChain$InterceptedInvocation.proceed(InvocationInterceptorChain.java:106)
	at org.junit.jupiter.engine.execution.InvocationInterceptorChain.proceed(InvocationInterceptorChain.java:64)
	at org.junit.jupiter.engine.execution.InvocationInterceptorChain.chainAndInvoke(InvocationInterceptorChain.java:45)
	at org.junit.jupiter.engine.execution.InvocationInterceptorChain.invoke(InvocationInterceptorChain.java:37)
	at org.junit.jupiter.engine.execution.InterceptingExecutableInvoker.invoke(InterceptingExecutableInvoker.java:92)
	at org.junit.jupiter.engine.execution.InterceptingExecutableInvoker.invoke(InterceptingExecutableInvoker.java:86)
	at org.junit.jupiter.engine.descriptor.ClassBasedTestDescriptor.invokeMethodInExtensionContext(ClassBasedTestDescriptor.java:521)
	at org.junit.jupiter.engine.descriptor.ClassBasedTestDescriptor.lambda$synthesizeAfterEachMethodAdapter$24(ClassBasedTestDescriptor.java:511)
	at org.junit.jupiter.engine.descriptor.TestMethodTestDescriptor.lambda$invokeAfterEachMethods$10(TestMethodTestDescriptor.java:244)
	at org.junit.jupiter.engine.descriptor.TestMethodTestDescriptor.lambda$invokeAllAfterMethodsOrCallbacks$13(TestMethodTestDescriptor.java:277)
	at org.junit.platform.engine.support.hierarchical.ThrowableCollector.execute(ThrowableCollector.java:73)
	at org.junit.jupiter.engine.descriptor.TestMethodTestDescriptor.lambda$invokeAllAfterMethodsOrCallbacks$14(TestMethodTestDescriptor.java:277)
	at org.junit.platform.commons.util.CollectionUtils.forEachInReverseOrder(CollectionUtils.java:217)
	at org.junit.jupiter.engine.descriptor.TestMethodTestDescriptor.invokeAllAfterMethodsOrCallbacks(TestMethodTestDescriptor.java:276)
	at org.junit.jupiter.engine.descriptor.TestMethodTestDescriptor.invokeAfterEachMethods(TestMethodTestDescriptor.java:242)
	at org.junit.jupiter.engine.descriptor.TestMethodTestDescriptor.execute(TestMethodTestDescriptor.java:143)
	at org.junit.jupiter.engine.descriptor.TestMethodTestDescriptor.execute(TestMethodTestDescriptor.java:69)
	at org.junit.platform.engine.support.hierarchical.NodeTestTask.lambda$executeRecursively$6(NodeTestTask.java:151)
	at org.junit.platform.engine.support.hierarchical.ThrowableCollector.execute(ThrowableCollector.java:73)
	at org.junit.platform.engine.support.hierarchical.NodeTestTask.lambda$executeRecursively$8(NodeTestTask.java:141)
	at org.junit.platform.engine.support.hierarchical.Node.around(Node.java:137)
	at org.junit.platform.engine.support.hierarchical.NodeTestTask.lambda$executeRecursively$9(NodeTestTask.java:139)
	at org.junit.platform.engine.support.hierarchical.ThrowableCollector.execute(ThrowableCollector.java:73)
	at org.junit.platform.engine.support.hierarchical.NodeTestTask.executeRecursively(NodeTestTask.java:138)
	at org.junit.platform.engine.support.hierarchical.NodeTestTask.execute(NodeTestTask.java:95)
	at java.util.ArrayList.forEach(ArrayList.java:1259)
	at org.junit.platform.engine.support.hierarchical.SameThreadHierarchicalTestExecutorService.invokeAll(SameThreadHierarchicalTestExecutorService.java:41)
	at org.junit.platform.engine.support.hierarchical.NodeTestTask.lambda$executeRecursively$6(NodeTestTask.java:155)
	at org.junit.platform.engine.support.hierarchical.ThrowableCollector.execute(ThrowableCollector.java:73)
	at org.junit.platform.engine.support.hierarchical.NodeTestTask.lambda$executeRecursively$8(NodeTestTask.java:141)
	at org.junit.platform.engine.support.hierarchical.Node.around(Node.java:137)
	at org.junit.platform.engine.support.hierarchical.NodeTestTask.lambda$executeRecursively$9(NodeTestTask.java:139)
	at org.junit.platform.engine.support.hierarchical.ThrowableCollector.execute(ThrowableCollector.java:73)
	at org.junit.platform.engine.support.hierarchical.NodeTestTask.executeRecursively(NodeTestTask.java:138)
	at org.junit.platform.engine.support.hierarchical.NodeTestTask.execute(NodeTestTask.java:95)
	at java.util.ArrayList.forEach(ArrayList.java:1259)
	at org.junit.platform.engine.support.hierarchical.SameThreadHierarchicalTestExecutorService.invokeAll(SameThreadHierarchicalTestExecutorService.java:41)
	at org.junit.platform.engine.support.hierarchical.NodeTestTask.lambda$executeRecursively$6(NodeTestTask.java:155)
	at org.junit.platform.engine.support.hierarchical.ThrowableCollector.execute(ThrowableCollector.java:73)
	at org.junit.platform.engine.support.hierarchical.NodeTestTask.lambda$executeRecursively$8(NodeTestTask.java:141)
	at org.junit.platform.engine.support.hierarchical.Node.around(Node.java:137)
	at org.junit.platform.engine.support.hierarchical.NodeTestTask.lambda$executeRecursively$9(NodeTestTask.java:139)
	at org.junit.platform.engine.support.hierarchical.ThrowableCollector.execute(ThrowableCollector.java:73)
	at org.junit.platform.engine.support.hierarchical.NodeTestTask.executeRecursively(NodeTestTask.java:138)
	at org.junit.platform.engine.support.hierarchical.NodeTestTask.execute(NodeTestTask.java:95)
	at org.junit.platform.engine.support.hierarchical.SameThreadHierarchicalTestExecutorService.submit(SameThreadHierarchicalTestExecutorService.java:35)
	at org.junit.platform.engine.support.hierarchical.HierarchicalTestExecutor.execute(HierarchicalTestExecutor.java:57)
	at org.junit.platform.engine.support.hierarchical.HierarchicalTestEngine.execute(HierarchicalTestEngine.java:54)
	at org.junit.platform.launcher.core.EngineExecutionOrchestrator.execute(EngineExecutionOrchestrator.java:198)
	at org.junit.platform.launcher.core.EngineExecutionOrchestrator.execute(EngineExecutionOrchestrator.java:169)
	at org.junit.platform.launcher.core.EngineExecutionOrchestrator.execute(EngineExecutionOrchestrator.java:93)
	at org.junit.platform.launcher.core.EngineExecutionOrchestrator.lambda$execute$0(EngineExecutionOrchestrator.java:58)
	at org.junit.platform.launcher.core.EngineExecutionOrchestrator.withInterceptedStreams(EngineExecutionOrchestrator.java:141)
	at org.junit.platform.launcher.core.EngineExecutionOrchestrator.execute(EngineExecutionOrchestrator.java:57)
	at org.junit.platform.launcher.core.DefaultLauncher.execute(DefaultLauncher.java:103)
	at org.junit.platform.launcher.core.DefaultLauncher.execute(DefaultLauncher.java:85)
	at org.junit.platform.launcher.core.DelegatingLauncher.execute(DelegatingLauncher.java:47)
	at org.junit.platform.launcher.core.SessionPerRequestLauncher.execute(SessionPerRequestLauncher.java:63)
	at org.apache.maven.surefire.junitplatform.JUnitPlatformProvider.invokeAllTests(JUnitPlatformProvider.java:165)
	at org.apache.maven.surefire.junitplatform.JUnitPlatformProvider.invoke(JUnitPlatformProvider.java:124)
	at org.apache.maven.surefire.booter.ForkedBooter.runSuitesInProcess(ForkedBooter.java:428)
	at org.apache.maven.surefire.booter.ForkedBooter.execute(ForkedBooter.java:162)
	at org.apache.maven.surefire.booter.ForkedBooter.run(ForkedBooter.java:562)
	at org.apache.maven.surefire.booter.ForkedBooter.main(ForkedBooter.java:548)
2024-02-27 07:44:59,200 [main] WARN  om.OzoneManager (OzoneManager.java:instantiatePrepareStateOnStartup(4510)) - Prepare marker file index 52 does not match DB prepare index 51. Writing DB index to prepare file and maintaining prepared state.
2024-02-27 07:44:59,200 [main] INFO  om.OzoneManagerPrepareState (OzoneManagerPrepareState.java:writePrepareMarkerFile(262)) - Prepare marker file written with log index 51 to file /home/runner/work/ozone/ozone/hadoop-ozone/integration-test/target/test-dir/MiniOzoneClusterImpl-107870c4-38da-4dee-ace8-876b8e06d1b5/omNode-3/current/prepareMarker
2024-02-27 07:44:59,234 [main] WARN  server.ServerUtils (ServerUtils.java:getDefaultRatisDirectory(311)) - Storage directory for Ratis is not configured. It is a good idea to map this to an SSD disk. Falling back to ozone.metadata.dirs
2024-02-27 07:44:59,235 [main] INFO  ratis.OzoneManagerRatisServer (OzoneManagerRatisServer.java:<init>(167)) - Instantiating OM Ratis server with groupID: om-service-test1 and peers: localhost:15101, localhost:15093, localhost:15097
2024-02-27 07:44:59,236 [main] INFO  ratis.OzoneManagerStateMachine (OzoneManagerStateMachine.java:loadSnapshotInfoFromDB(574)) - LastAppliedIndex is set from TransactionInfo from OM DB as (t:1, i:52)
2024-02-27 07:44:59,237 [main] INFO  server.RaftServer (ConfUtils.java:logGet(46)) - raft.rpc.type = GRPC (default)
2024-02-27 07:44:59,237 [main] INFO  grpc.GrpcConfigKeys (ConfUtils.java:logFallback(53)) - raft.grpc.admin.host = null (fallback to raft.grpc.server.host)
2024-02-27 07:44:59,237 [main] INFO  grpc.GrpcConfigKeys (ConfUtils.java:logFallback(53)) - raft.grpc.admin.port = 15101 (fallback to raft.grpc.server.port)
2024-02-27 07:44:59,237 [main] INFO  grpc.GrpcConfigKeys (ConfUtils.java:logFallback(53)) - raft.grpc.client.host = null (fallback to raft.grpc.server.host)
2024-02-27 07:44:59,238 [main] INFO  grpc.GrpcConfigKeys (ConfUtils.java:logFallback(53)) - raft.grpc.client.port = 15101 (fallback to raft.grpc.server.port)
2024-02-27 07:44:59,238 [main] INFO  grpc.GrpcConfigKeys (ConfUtils.java:logGet(46)) - raft.grpc.server.host = null (default)
2024-02-27 07:44:59,238 [main] INFO  grpc.GrpcConfigKeys (ConfUtils.java:logGet(46)) - raft.grpc.server.port = 15101 (custom)
2024-02-27 07:44:59,238 [main] INFO  server.GrpcService (ConfUtils.java:logGet(46)) - raft.grpc.message.size.max = 4194304 (custom)
2024-02-27 07:44:59,238 [main] INFO  server.RaftServerConfigKeys (ConfUtils.java:logGet(46)) - raft.server.log.appender.buffer.byte-limit = 4194304 (custom)
2024-02-27 07:44:59,239 [main] INFO  server.GrpcService (ConfUtils.java:logGet(46)) - raft.grpc.flow.control.window = 1MB (=1048576) (default)
2024-02-27 07:44:59,239 [main] INFO  server.RaftServerConfigKeys (ConfUtils.java:logGet(46)) - raft.server.rpc.request.timeout = 3000ms (default)
2024-02-27 07:44:59,239 [main] INFO  grpc.GrpcConfigKeys (ConfUtils.java:logGet(46)) - raft.grpc.server.heartbeat.channel = true (default)
2024-02-27 07:44:59,239 [main] INFO  grpc.GrpcConfigKeys (ConfUtils.java:logGet(46)) - raft.grpc.server.async.request.thread.pool.cached = true (default)
2024-02-27 07:44:59,239 [main] INFO  grpc.GrpcConfigKeys (ConfUtils.java:logGet(46)) - raft.grpc.server.async.request.thread.pool.size = 32 (default)
2024-02-27 07:44:59,241 [main] INFO  impl.DataStreamServerImpl (ConfUtils.java:logGet(46)) - raft.datastream.type = DISABLED (default)
2024-02-27 07:44:59,241 [main] INFO  server.RaftServerConfigKeys (ConfUtils.java:logGet(46)) - raft.server.sleep.deviation.threshold = 300ms (default)
2024-02-27 07:44:59,241 [main] INFO  server.RaftServerConfigKeys (ConfUtils.java:logGet(46)) - raft.server.close.threshold = 60s (default)
2024-02-27 07:44:59,241 [main] INFO  server.RaftServerConfigKeys (ConfUtils.java:logGet(46)) - raft.server.leaderelection.leader.step-down.wait-time = 10s (default)
2024-02-27 07:44:59,242 [main] INFO  server.RaftServerConfigKeys (ConfUtils.java:logGet(46)) - raft.server.storage.dir = [/home/runner/work/ozone/ozone/hadoop-ozone/integration-test/target/test-dir/MiniOzoneClusterImpl-107870c4-38da-4dee-ace8-876b8e06d1b5/omNode-3/ratis] (custom)
2024-02-27 07:44:59,242 [main] INFO  server.RaftServerConfigKeys (ConfUtils.java:logGet(46)) - raft.server.threadpool.proxy.cached = true (default)
2024-02-27 07:44:59,242 [main] INFO  server.RaftServerConfigKeys (ConfUtils.java:logGet(46)) - raft.server.threadpool.proxy.size = 0 (default)
2024-02-27 07:44:59,246 [omNode-3-impl-thread1] INFO  server.RaftServer (RaftServerProxy.java:initGroupDir(264)) - omNode-3: found a subdirectory /home/runner/work/ozone/ozone/hadoop-ozone/integration-test/target/test-dir/MiniOzoneClusterImpl-107870c4-38da-4dee-ace8-876b8e06d1b5/omNode-3/ratis/c9bc4cf4-3bc3-3c60-a66b-523986131536
2024-02-27 07:44:59,246 [main] INFO  server.RaftServer (RaftServerProxy.java:addNew(100)) - omNode-3: addNew group-523986131536:[omNode-3|localhost:15101, omNode-1|localhost:15093, omNode-2|localhost:15097] returns group-523986131536:java.util.concurrent.CompletableFuture@766dade5[Not completed]
2024-02-27 07:44:59,247 [omNode-3-groupManagement] INFO  server.RaftServer$Division (RaftServerImpl.java:<init>(256)) - omNode-3: new RaftServerImpl for group-523986131536:[omNode-3|localhost:15101, omNode-1|localhost:15093, omNode-2|localhost:15097] with OzoneManagerStateMachine:uninitialized
2024-02-27 07:44:59,247 [main] INFO  om.OzoneManager (OzoneManager.java:initializeRatisServer(2140)) - OzoneManager Ratis server initialized at port 15101
2024-02-27 07:44:59,247 [main] INFO  ratis.OzoneManagerRatisServer (OzoneManagerRatisServer.java:start(588)) - Starting OzoneManagerRatisServer omNode-3 at port 15101
2024-02-27 07:44:59,247 [omNode-3-groupManagement] INFO  server.RaftServerConfigKeys (ConfUtils.java:logGet(46)) - raft.server.rpc.timeout.min = 1s (custom)
2024-02-27 07:44:59,247 [omNode-3-groupManagement] INFO  server.RaftServerConfigKeys (ConfUtils.java:logGet(46)) - raft.server.rpc.timeout.max = 1200ms (custom)
2024-02-27 07:44:59,247 [omNode-3-groupManagement] INFO  server.RaftServerConfigKeys (ConfUtils.java:logGet(46)) - raft.server.rpc.sleep.time = 25ms (default)
2024-02-27 07:44:59,247 [omNode-3-groupManagement] INFO  server.RaftServerConfigKeys (ConfUtils.java:logGet(46)) - raft.server.rpc.slowness.timeout = 2s (custom)
2024-02-27 07:44:59,247 [omNode-3-groupManagement] INFO  server.RaftServerConfigKeys (ConfUtils.java:logGet(46)) - raft.server.leaderelection.leader.step-down.wait-time = 10s (default)
2024-02-27 07:44:59,247 [omNode-3-groupManagement] INFO  server.RaftServerConfigKeys (ConfUtils.java:logGet(46)) - raft.server.leaderelection.member.majority-add = false (default)
2024-02-27 07:44:59,247 [omNode-3-groupManagement] INFO  server.RaftServerConfigKeys (ConfUtils.java:logGet(46)) - raft.server.sleep.deviation.threshold = 300ms (default)
2024-02-27 07:44:59,247 [omNode-3-groupManagement] INFO  server.RaftServer$Division (ServerState.java:<init>(113)) - omNode-3@group-523986131536: ConfigurationManager, init=-1: peers:[omNode-3|localhost:15101, omNode-1|localhost:15093, omNode-2|localhost:15097]|listeners:[], old=null, confs=<EMPTY_MAP>
2024-02-27 07:44:59,247 [omNode-3-groupManagement] INFO  server.RaftServerConfigKeys (ConfUtils.java:logGet(46)) - raft.server.notification.no-leader.timeout = 2s (custom)
2024-02-27 07:44:59,248 [omNode-3-groupManagement] INFO  server.RaftServerConfigKeys (ConfUtils.java:logGet(46)) - raft.server.read.timeout = 10s (default)
2024-02-27 07:44:59,248 [omNode-3-groupManagement] INFO  server.RaftServerConfigKeys (ConfUtils.java:logGet(46)) - raft.server.retrycache.expirytime = 30000ms (custom)
2024-02-27 07:44:59,248 [omNode-3-groupManagement] INFO  server.RaftServerConfigKeys (ConfUtils.java:logGet(46)) - raft.server.retrycache.statistics.expirytime = 100ms (default)
2024-02-27 07:44:59,248 [omNode-3-groupManagement] INFO  server.RaftServerConfigKeys (ConfUtils.java:logGet(46)) - raft.server.read.option = DEFAULT (default)
2024-02-27 07:44:59,248 [omNode-3-groupManagement] INFO  server.RaftServerConfigKeys (ConfUtils.java:logGet(46)) - raft.server.read.read-after-write-consistent.write-index-cache.expiry-time = 60s (default)
2024-02-27 07:44:59,249 [omNode-3-groupManagement] INFO  server.RaftServerConfigKeys (ConfUtils.java:logGet(46)) - raft.server.rpc.request.timeout = 3000ms (default)
2024-02-27 07:44:59,249 [omNode-3-groupManagement] INFO  server.RaftServerConfigKeys (ConfUtils.java:logGet(46)) - raft.server.log.appender.install.snapshot.enabled = false (custom)
2024-02-27 07:44:59,249 [omNode-3-groupManagement] INFO  server.RaftServerConfigKeys (ConfUtils.java:logGet(46)) - raft.server.threadpool.server.cached = true (default)
2024-02-27 07:44:59,249 [omNode-3-groupManagement] INFO  server.RaftServerConfigKeys (ConfUtils.java:logGet(46)) - raft.server.threadpool.server.size = 0 (default)
2024-02-27 07:44:59,249 [omNode-3-groupManagement] INFO  server.RaftServerConfigKeys (ConfUtils.java:logGet(46)) - raft.server.threadpool.client.cached = true (default)
2024-02-27 07:44:59,249 [omNode-3-groupManagement] INFO  server.RaftServerConfigKeys (ConfUtils.java:logGet(46)) - raft.server.threadpool.client.size = 0 (default)
2024-02-27 07:44:59,249 [omNode-3-impl-thread1] INFO  server.RaftServerConfigKeys (ConfUtils.java:logGet(46)) - raft.server.storage.free-space.min = 0MB (=0) (default)
2024-02-27 07:44:59,249 [omNode-3-impl-thread1] INFO  server.RaftServerConfigKeys (ConfUtils.java:logGet(46)) - raft.server.log.corruption.policy = EXCEPTION (default)
2024-02-27 07:44:59,249 [omNode-3-impl-thread1] INFO  server.RaftServerConfigKeys (ConfUtils.java:logGet(46)) - raft.server.storage.dir = [/home/runner/work/ozone/ozone/hadoop-ozone/integration-test/target/test-dir/MiniOzoneClusterImpl-107870c4-38da-4dee-ace8-876b8e06d1b5/omNode-3/ratis] (custom)
2024-02-27 07:44:59,251 [omNode-3-impl-thread1] INFO  storage.RaftStorageDirectory (RaftStorageDirectoryImpl.java:tryLock(228)) - Lock on /home/runner/work/ozone/ozone/hadoop-ozone/integration-test/target/test-dir/MiniOzoneClusterImpl-107870c4-38da-4dee-ace8-876b8e06d1b5/omNode-3/ratis/c9bc4cf4-3bc3-3c60-a66b-523986131536/in_use.lock acquired by nodename 40924@fv-az699-61
2024-02-27 07:44:59,251 [omNode-3-impl-thread1] INFO  storage.RaftStorage (RaftStorageImpl.java:analyzeAndRecoverStorage(119)) - Read RaftStorageMetadata{term=1, votedFor=omNode-1} from /home/runner/work/ozone/ozone/hadoop-ozone/integration-test/target/test-dir/MiniOzoneClusterImpl-107870c4-38da-4dee-ace8-876b8e06d1b5/omNode-3/ratis/c9bc4cf4-3bc3-3c60-a66b-523986131536/current/raft-meta
2024-02-27 07:44:59,252 [omNode-3-impl-thread1] INFO  server.RaftServer$Division (ServerState.java:setRaftConf(386)) - omNode-3@group-523986131536: set configuration 0: peers:[omNode-3|localhost:15101, omNode-1|localhost:15093, omNode-2|localhost:15097]|listeners:[], old=null
2024-02-27 07:44:59,252 [omNode-3-impl-thread1] INFO  server.RaftServerConfigKeys (ConfUtils.java:logGet(46)) - raft.server.log.use.memory = false (default)
2024-02-27 07:44:59,252 [omNode-3-impl-thread1] INFO  server.RaftServerConfigKeys (ConfUtils.java:logGet(46)) - raft.server.log.purge.gap = 50 (custom)
2024-02-27 07:44:59,252 [omNode-3-impl-thread1] INFO  server.RaftServerConfigKeys (ConfUtils.java:logGet(46)) - raft.server.log.appender.buffer.byte-limit = 4194304 (custom)
2024-02-27 07:44:59,252 [omNode-3-impl-thread1] INFO  server.RaftServerConfigKeys (ConfUtils.java:logGet(46)) - raft.server.log.statemachine.data.read.timeout = 1000ms (default)
2024-02-27 07:44:59,252 [omNode-3-impl-thread1] INFO  server.RaftServerConfigKeys (ConfUtils.java:logGet(46)) - raft.server.log.purge.preservation.log.num = 0 (default)
2024-02-27 07:44:59,253 [omNode-3-impl-thread1] INFO  server.RaftServerConfigKeys (ConfUtils.java:logGet(46)) - raft.server.log.segment.size.max = 4194304 (custom)
2024-02-27 07:44:59,253 [omNode-3-impl-thread1] INFO  server.RaftServerConfigKeys (ConfUtils.java:logGet(46)) - raft.server.log.segment.cache.num.max = 2 (custom)
2024-02-27 07:44:59,253 [omNode-3-impl-thread1] INFO  server.RaftServerConfigKeys (ConfUtils.java:logGet(46)) - raft.server.log.segment.cache.size.max = 200MB (=209715200) (default)
2024-02-27 07:44:59,253 [omNode-3-impl-thread1] INFO  server.RaftServerConfigKeys (ConfUtils.java:logGet(46)) - raft.server.log.appender.buffer.byte-limit = 4194304 (custom)
2024-02-27 07:44:59,253 [omNode-3-impl-thread1] INFO  util.AwaitToRun (AwaitToRun.java:start(81)) - Thread[omNode-3@group-523986131536-cacheEviction-AwaitToRun,5,main] started
2024-02-27 07:44:59,253 [omNode-3-impl-thread1] INFO  segmented.SegmentedRaftLogWorker (SegmentedRaftLogWorker.java:<init>(182)) - new omNode-3@group-523986131536-SegmentedRaftLogWorker for RaftStorageImpl:Storage Directory /home/runner/work/ozone/ozone/hadoop-ozone/integration-test/target/test-dir/MiniOzoneClusterImpl-107870c4-38da-4dee-ace8-876b8e06d1b5/omNode-3/ratis/c9bc4cf4-3bc3-3c60-a66b-523986131536
2024-02-27 07:44:59,253 [omNode-3-impl-thread1] INFO  server.RaftServerConfigKeys (ConfUtils.java:logGet(46)) - raft.server.log.queue.byte-limit = 64MB (=67108864) (default)
2024-02-27 07:44:59,253 [omNode-3-impl-thread1] INFO  server.RaftServerConfigKeys (ConfUtils.java:logGet(46)) - raft.server.log.queue.element-limit = 4096 (default)
2024-02-27 07:44:59,253 [omNode-3-impl-thread1] INFO  server.RaftServerConfigKeys (ConfUtils.java:logGet(46)) - raft.server.log.segment.size.max = 4194304 (custom)
2024-02-27 07:44:59,253 [omNode-3-impl-thread1] INFO  server.RaftServerConfigKeys (ConfUtils.java:logGet(46)) - raft.server.log.preallocated.size = 4194304 (custom)
2024-02-27 07:44:59,253 [omNode-3-impl-thread1] INFO  server.RaftServerConfigKeys (ConfUtils.java:logGet(46)) - raft.server.log.force.sync.num = 128 (default)
2024-02-27 07:44:59,253 [omNode-3-impl-thread1] INFO  server.RaftServerConfigKeys (ConfUtils.java:logGet(46)) - raft.server.log.statemachine.data.sync = true (default)
2024-02-27 07:44:59,253 [omNode-3-impl-thread1] INFO  server.RaftServerConfigKeys (ConfUtils.java:logGet(46)) - raft.server.log.statemachine.data.sync.timeout = 10s (default)
2024-02-27 07:44:59,253 [omNode-3-impl-thread1] INFO  server.RaftServerConfigKeys (ConfUtils.java:logGet(46)) - raft.server.log.statemachine.data.sync.timeout.retry = -1 (default)
2024-02-27 07:44:59,253 [omNode-3-impl-thread1] INFO  server.RaftServerConfigKeys (ConfUtils.java:logGet(46)) - raft.server.log.write.buffer.size = 4194312 (custom)
2024-02-27 07:44:59,254 [omNode-3-impl-thread1] INFO  server.RaftServerConfigKeys (ConfUtils.java:logGet(46)) - raft.server.log.appender.buffer.byte-limit = 4194304 (custom)
2024-02-27 07:44:59,254 [omNode-3-impl-thread1] INFO  server.RaftServerConfigKeys (ConfUtils.java:logGet(46)) - raft.server.log.unsafe-flush.enabled = false (default)
2024-02-27 07:44:59,254 [omNode-3-impl-thread1] INFO  server.RaftServerConfigKeys (ConfUtils.java:logGet(46)) - raft.server.log.async-flush.enabled = false (default)
2024-02-27 07:44:59,254 [omNode-3-impl-thread1] INFO  server.RaftServerConfigKeys (ConfUtils.java:logGet(46)) - raft.server.log.statemachine.data.caching.enabled = false (default)
2024-02-27 07:44:59,254 [omNode-3-impl-thread1] INFO  segmented.SegmentedRaftLogWorker (SegmentedRaftLogWorker.java:lambda$new$0(134)) - omNode-3@group-523986131536-SegmentedRaftLogWorker: flushIndex: setUnconditionally 0 -> 52
2024-02-27 07:44:59,254 [omNode-3-impl-thread1] INFO  segmented.SegmentedRaftLogWorker (SegmentedRaftLogWorker.java:lambda$new$0(134)) - omNode-3@group-523986131536-SegmentedRaftLogWorker: safeCacheEvictIndex: setUnconditionally 0 -> -1
2024-02-27 07:44:59,255 [omNode-3-impl-thread1] INFO  server.RaftServer$Division (RaftServerImpl.java:start(396)) - omNode-3@group-523986131536: start as a follower, conf=0: peers:[omNode-3|localhost:15101, omNode-1|localhost:15093, omNode-2|localhost:15097]|listeners:[], old=null
2024-02-27 07:44:59,255 [omNode-3-impl-thread1] INFO  server.RaftServer$Division (RaftServerImpl.java:setRole(383)) - omNode-3@group-523986131536: changes role from      null to FOLLOWER at term 1 for startAsFollower
2024-02-27 07:44:59,255 [omNode-3-impl-thread1] INFO  impl.RoleInfo (RoleInfo.java:updateAndGet(139)) - omNode-3: start omNode-3@group-523986131536-FollowerState
2024-02-27 07:44:59,255 [omNode-3@group-523986131536-FollowerState] INFO  server.RaftServerConfigKeys (ConfUtils.java:logFallback(53)) - raft.server.rpc.first-election.timeout.min = 1s (fallback to raft.server.rpc.timeout.min)
2024-02-27 07:44:59,255 [omNode-3-impl-thread1] INFO  util.JmxRegister (JmxRegister.java:tryRegister(44)) - Successfully registered JMX Bean with object name Ratis:service=RaftServer,group=group-523986131536,id=omNode-3
2024-02-27 07:44:59,255 [omNode-3@group-523986131536-FollowerState] INFO  server.RaftServerConfigKeys (ConfUtils.java:logFallback(53)) - raft.server.rpc.first-election.timeout.max = 1200ms (fallback to raft.server.rpc.timeout.max)
2024-02-27 07:44:59,255 [omNode-3-impl-thread1] INFO  server.RaftServerConfigKeys (ConfUtils.java:logGet(46)) - raft.server.snapshot.trigger-when-stop.enabled = true (default)
2024-02-27 07:44:59,256 [omNode-3-impl-thread1] INFO  server.RaftServerConfigKeys (ConfUtils.java:logGet(46)) - raft.server.snapshot.auto.trigger.enabled = true (custom)
2024-02-27 07:44:59,256 [omNode-3-impl-thread1] INFO  server.RaftServerConfigKeys (ConfUtils.java:logGet(46)) - raft.server.snapshot.auto.trigger.threshold = 50 (custom)
2024-02-27 07:44:59,256 [omNode-3-impl-thread1] INFO  server.RaftServerConfigKeys (ConfUtils.java:logGet(46)) - raft.server.snapshot.retention.file.num = -1 (default)
2024-02-27 07:44:59,256 [omNode-3-impl-thread1] INFO  server.RaftServerConfigKeys (ConfUtils.java:logGet(46)) - raft.server.log.purge.upto.snapshot.index = true (custom)
2024-02-27 07:44:59,257 [main] INFO  server.RaftServer (RaftServerProxy.java:startImpl(406)) - omNode-3: start RPC server
2024-02-27 07:44:59,258 [main] INFO  server.GrpcService (GrpcService.java:startImpl(302)) - omNode-3: GrpcService started, listening on 15101
2024-02-27 07:44:59,258 [main] INFO  om.OzoneManager (OzoneManager.java:getRpcServer(1206)) - Creating RPC Server
2024-02-27 07:44:59,258 [JvmPauseMonitor36] INFO  util.JvmPauseMonitor (JvmPauseMonitor.java:run(146)) - JvmPauseMonitor-omNode-3: Started
2024-02-27 07:44:59,436 [main] INFO  ipc.CallQueueManager (CallQueueManager.java:<init>(90)) - Using callQueue: class java.util.concurrent.LinkedBlockingQueue, queueCapacity: 2000, scheduler: class org.apache.hadoop.ipc.DefaultRpcScheduler, ipcBackoff: false.
2024-02-27 07:44:59,437 [main] INFO  ipc.Server (Server.java:<init>(1287)) - Listener at localhost:15098
2024-02-27 07:44:59,437 [Socket Reader #1 for port 15098] INFO  ipc.Server (Server.java:run(1323)) - Starting Socket Reader #1 for port 15098
2024-02-27 07:44:59,440 [main] INFO  http.BaseHttpServer (BaseHttpServer.java:newHttpServer2BuilderForOzone(223)) - Starting Web-server for ozoneManager at: http://0.0.0.0:15099
2024-02-27 07:44:59,440 [main] INFO  http.BaseHttpServer (BaseHttpServer.java:<init>(110)) - Hadoop Security Enabled: false Ozone Security Enabled: false Ozone HTTP Security Enabled: false 
2024-02-27 07:44:59,441 [main] WARN  server.AuthenticationFilter (AuthenticationFilter.java:constructSecretProvider(240)) - Unable to initialize FileSignerSecretProvider, falling back to use random secrets. Reason: Could not read signature secret file: /home/runner/hadoop-http-auth-signature-secret
2024-02-27 07:44:59,442 [main] INFO  http.HttpRequestLog (HttpRequestLog.java:getRequestLog(86)) - Http request log for http.requests.ozoneManager is not defined
2024-02-27 07:44:59,443 [main] INFO  http.HttpServer2 (HttpServer2.java:addGlobalFilter(1036)) - Added global filter 'safety' (class=org.apache.hadoop.hdds.server.http.HttpServer2$QuotingInputFilter)
2024-02-27 07:44:59,444 [main] INFO  http.HttpServer2 (HttpServer2.java:addFilter(1012)) - Added filter static_user_filter (class=org.apache.hadoop.http.lib.StaticUserWebFilter$StaticUserFilter) to context ozoneManager
2024-02-27 07:44:59,444 [main] INFO  http.HttpServer2 (HttpServer2.java:addFilter(1020)) - Added filter static_user_filter (class=org.apache.hadoop.http.lib.StaticUserWebFilter$StaticUserFilter) to context logs
2024-02-27 07:44:59,444 [main] INFO  http.HttpServer2 (HttpServer2.java:addFilter(1020)) - Added filter static_user_filter (class=org.apache.hadoop.http.lib.StaticUserWebFilter$StaticUserFilter) to context static
2024-02-27 07:44:59,444 [main] INFO  http.BaseHttpServer (BaseHttpServer.java:<init>(189)) - HTTP server of ozoneManager uses base directory /home/runner/work/ozone/ozone/hadoop-ozone/integration-test/target/test-dir/MiniOzoneClusterImpl-107870c4-38da-4dee-ace8-876b8e06d1b5/omNode-3/webserver
2024-02-27 07:44:59,444 [main] INFO  http.HttpServer2 (HttpServer2.java:bindListener(1236)) - Jetty bound to port 15099
2024-02-27 07:44:59,444 [main] INFO  server.Server (Server.java:doStart(375)) - jetty-9.4.53.v20231009; built: 2023-10-09T12:29:09.265Z; git: 27bde00a0b95a1d5bbee0eae7984f891d2d0f8c9; jvm 1.8.0_402-b06
2024-02-27 07:44:59,445 [main] INFO  server.session (DefaultSessionIdManager.java:doStart(334)) - DefaultSessionIdManager workerName=node0
2024-02-27 07:44:59,445 [main] INFO  server.session (DefaultSessionIdManager.java:doStart(339)) - No SessionScavenger set, using defaults
2024-02-27 07:44:59,446 [main] INFO  server.session (HouseKeeper.java:startScavenging(132)) - node0 Scavenging every 600000ms
2024-02-27 07:44:59,446 [main] INFO  handler.ContextHandler (ContextHandler.java:doStart(921)) - Started o.e.j.s.ServletContextHandler@48f21fa3{logs,/logs,file:///home/runner/work/ozone/ozone/hadoop-ozone/integration-test/target/log,AVAILABLE}
2024-02-27 07:44:59,446 [main] INFO  handler.ContextHandler (ContextHandler.java:doStart(921)) - Started o.e.j.s.ServletContextHandler@397fbcb3{static,/static,file:///home/runner/work/ozone/ozone/hadoop-ozone/integration-test/target/test-classes/webapps/static,AVAILABLE}
2024-02-27 07:44:59,448 [main] INFO  handler.ContextHandler (ContextHandler.java:doStart(921)) - Started o.e.j.w.WebAppContext@539e5026{ozoneManager,/,file:///home/runner/work/ozone/ozone/hadoop-ozone/integration-test/target/test-classes/webapps/ozoneManager/,AVAILABLE}{file:/home/runner/work/ozone/ozone/hadoop-ozone/integration-test/target/test-classes/webapps/ozoneManager}
2024-02-27 07:44:59,448 [main] INFO  server.AbstractConnector (AbstractConnector.java:doStart(333)) - Started ServerConnector@6c950810{HTTP/1.1, (http/1.1)}{0.0.0.0:15099}
2024-02-27 07:44:59,449 [main] INFO  server.Server (Server.java:doStart(415)) - Started @382157ms
2024-02-27 07:44:59,449 [main] WARN  impl.MetricsSystemImpl (MetricsSystemImpl.java:register(279)) - Sink prometheus already exists!
2024-02-27 07:44:59,449 [main] INFO  http.BaseHttpServer (BaseHttpServer.java:updateConnectorAddress(354)) - HTTP server of ozoneManager listening at http://0.0.0.0:15099
2024-02-27 07:44:59,449 [IPC Server Responder] INFO  ipc.Server (Server.java:run(1562)) - IPC Server Responder: starting
2024-02-27 07:44:59,449 [IPC Server listener on 15098] INFO  ipc.Server (Server.java:run(1402)) - IPC Server listener on 15098: starting
2024-02-27 07:44:59,454 [main] INFO  om.OzoneManager (OzoneManager.java:startTrashEmptier(2093)) - Trash Interval set to 0. Files deleted won't move to trash
2024-02-27 07:44:59,454 [main] INFO  om.OzoneManager (OzoneManager.java:restart(1710)) - OzoneManager RPC server is listening at localhost/127.0.0.1:15090
2024-02-27 07:44:59,454 [main] INFO  impl.MetricsSystemImpl (MetricsSystemImpl.java:init(158)) - OzoneManager metrics system started (again)
2024-02-27 07:44:59,462 [main] WARN  server.ServerUtils (ServerUtils.java:getDBPath(299)) - ozone.om.db.dirs is not configured. We recommend adding this setting. Falling back to ozone.metadata.dirs instead.
2024-02-27 07:44:59,462 [main] INFO  helpers.OmKeyInfo (OmKeyInfo.java:getCodec(71)) - OmKeyInfo.getCodec ignorePipeline = true
2024-02-27 07:44:59,497 [main] INFO  om.OzoneManager (OzoneManager.java:instantiateServices(804)) - S3 Multi-Tenancy is disabled
2024-02-27 07:44:59,498 [main] INFO  om.OmSnapshotManager (OmSnapshotManager.java:<init>(177)) - Ozone filesystem snapshot feature is enabled.
2024-02-27 07:44:59,498 [main] WARN  server.ServerUtils (ServerUtils.java:getDBPath(299)) - ozone.om.snapshot.diff.db.dir is not configured. We recommend adding this setting. Falling back to ozone.metadata.dirs instead.
2024-02-27 07:44:59,507 [main] INFO  utils.NativeLibraryLoader (NativeLibraryLoader.java:loadLibrary(108)) - Loading Library: ozone_rocksdb_tools
2024-02-27 07:44:59,508 [main] ERROR snapshot.SnapshotDiffManager (SnapshotDiffManager.java:initNativeLibraryForEfficientDiff(287)) - Native Library for raw sst file reading loading failed.
org.apache.hadoop.hdds.utils.NativeLibraryNotLoadedException: Unable to load library ozone_rocksdb_tools from both java.library.path & resource file libozone_rocksdb_tools.so from jar.
	at org.apache.hadoop.hdds.utils.db.managed.ManagedRawSSTFileReader.loadLibrary(ManagedRawSSTFileReader.java:38)
	at org.apache.hadoop.ozone.om.snapshot.SnapshotDiffManager.initNativeLibraryForEfficientDiff(SnapshotDiffManager.java:285)
	at org.apache.hadoop.ozone.om.snapshot.SnapshotDiffManager.<init>(SnapshotDiffManager.java:259)
	at org.apache.hadoop.ozone.om.OmSnapshotManager.<init>(OmSnapshotManager.java:279)
	at org.apache.hadoop.ozone.om.OzoneManager.instantiateServices(OzoneManager.java:856)
	at org.apache.hadoop.ozone.om.OzoneManager.restart(OzoneManager.java:1715)
	at org.apache.hadoop.ozone.MiniOzoneHAClusterImpl.restartOzoneManager(MiniOzoneHAClusterImpl.java:211)
	at org.apache.hadoop.ozone.om.TestOzoneManagerPrepare.resetCluster(TestOzoneManagerPrepare.java:113)
	at sun.reflect.NativeMethodAccessorImpl.invoke0(Native Method)
	at sun.reflect.NativeMethodAccessorImpl.invoke(NativeMethodAccessorImpl.java:62)
	at sun.reflect.DelegatingMethodAccessorImpl.invoke(DelegatingMethodAccessorImpl.java:43)
	at java.lang.reflect.Method.invoke(Method.java:498)
	at org.junit.platform.commons.util.ReflectionUtils.invokeMethod(ReflectionUtils.java:728)
	at org.junit.jupiter.engine.execution.MethodInvocation.proceed(MethodInvocation.java:60)
	at org.junit.jupiter.engine.execution.InvocationInterceptorChain$ValidatingInvocation.proceed(InvocationInterceptorChain.java:131)
	at org.junit.jupiter.engine.extension.TimeoutExtension.intercept(TimeoutExtension.java:156)
	at org.junit.jupiter.engine.extension.TimeoutExtension.interceptLifecycleMethod(TimeoutExtension.java:128)
	at org.junit.jupiter.engine.extension.TimeoutExtension.interceptAfterEachMethod(TimeoutExtension.java:110)
	at org.junit.jupiter.engine.execution.InterceptingExecutableInvoker$ReflectiveInterceptorCall.lambda$ofVoidMethod$0(InterceptingExecutableInvoker.java:103)
	at org.junit.jupiter.engine.execution.InterceptingExecutableInvoker.lambda$invoke$0(InterceptingExecutableInvoker.java:93)
	at org.junit.jupiter.engine.execution.InvocationInterceptorChain$InterceptedInvocation.proceed(InvocationInterceptorChain.java:106)
	at org.junit.jupiter.engine.execution.InvocationInterceptorChain.proceed(InvocationInterceptorChain.java:64)
	at org.junit.jupiter.engine.execution.InvocationInterceptorChain.chainAndInvoke(InvocationInterceptorChain.java:45)
	at org.junit.jupiter.engine.execution.InvocationInterceptorChain.invoke(InvocationInterceptorChain.java:37)
	at org.junit.jupiter.engine.execution.InterceptingExecutableInvoker.invoke(InterceptingExecutableInvoker.java:92)
	at org.junit.jupiter.engine.execution.InterceptingExecutableInvoker.invoke(InterceptingExecutableInvoker.java:86)
	at org.junit.jupiter.engine.descriptor.ClassBasedTestDescriptor.invokeMethodInExtensionContext(ClassBasedTestDescriptor.java:521)
	at org.junit.jupiter.engine.descriptor.ClassBasedTestDescriptor.lambda$synthesizeAfterEachMethodAdapter$24(ClassBasedTestDescriptor.java:511)
	at org.junit.jupiter.engine.descriptor.TestMethodTestDescriptor.lambda$invokeAfterEachMethods$10(TestMethodTestDescriptor.java:244)
	at org.junit.jupiter.engine.descriptor.TestMethodTestDescriptor.lambda$invokeAllAfterMethodsOrCallbacks$13(TestMethodTestDescriptor.java:277)
	at org.junit.platform.engine.support.hierarchical.ThrowableCollector.execute(ThrowableCollector.java:73)
	at org.junit.jupiter.engine.descriptor.TestMethodTestDescriptor.lambda$invokeAllAfterMethodsOrCallbacks$14(TestMethodTestDescriptor.java:277)
	at org.junit.platform.commons.util.CollectionUtils.forEachInReverseOrder(CollectionUtils.java:217)
	at org.junit.jupiter.engine.descriptor.TestMethodTestDescriptor.invokeAllAfterMethodsOrCallbacks(TestMethodTestDescriptor.java:276)
	at org.junit.jupiter.engine.descriptor.TestMethodTestDescriptor.invokeAfterEachMethods(TestMethodTestDescriptor.java:242)
	at org.junit.jupiter.engine.descriptor.TestMethodTestDescriptor.execute(TestMethodTestDescriptor.java:143)
	at org.junit.jupiter.engine.descriptor.TestMethodTestDescriptor.execute(TestMethodTestDescriptor.java:69)
	at org.junit.platform.engine.support.hierarchical.NodeTestTask.lambda$executeRecursively$6(NodeTestTask.java:151)
	at org.junit.platform.engine.support.hierarchical.ThrowableCollector.execute(ThrowableCollector.java:73)
	at org.junit.platform.engine.support.hierarchical.NodeTestTask.lambda$executeRecursively$8(NodeTestTask.java:141)
	at org.junit.platform.engine.support.hierarchical.Node.around(Node.java:137)
	at org.junit.platform.engine.support.hierarchical.NodeTestTask.lambda$executeRecursively$9(NodeTestTask.java:139)
	at org.junit.platform.engine.support.hierarchical.ThrowableCollector.execute(ThrowableCollector.java:73)
	at org.junit.platform.engine.support.hierarchical.NodeTestTask.executeRecursively(NodeTestTask.java:138)
	at org.junit.platform.engine.support.hierarchical.NodeTestTask.execute(NodeTestTask.java:95)
	at java.util.ArrayList.forEach(ArrayList.java:1259)
	at org.junit.platform.engine.support.hierarchical.SameThreadHierarchicalTestExecutorService.invokeAll(SameThreadHierarchicalTestExecutorService.java:41)
	at org.junit.platform.engine.support.hierarchical.NodeTestTask.lambda$executeRecursively$6(NodeTestTask.java:155)
	at org.junit.platform.engine.support.hierarchical.ThrowableCollector.execute(ThrowableCollector.java:73)
	at org.junit.platform.engine.support.hierarchical.NodeTestTask.lambda$executeRecursively$8(NodeTestTask.java:141)
	at org.junit.platform.engine.support.hierarchical.Node.around(Node.java:137)
	at org.junit.platform.engine.support.hierarchical.NodeTestTask.lambda$executeRecursively$9(NodeTestTask.java:139)
	at org.junit.platform.engine.support.hierarchical.ThrowableCollector.execute(ThrowableCollector.java:73)
	at org.junit.platform.engine.support.hierarchical.NodeTestTask.executeRecursively(NodeTestTask.java:138)
	at org.junit.platform.engine.support.hierarchical.NodeTestTask.execute(NodeTestTask.java:95)
	at java.util.ArrayList.forEach(ArrayList.java:1259)
	at org.junit.platform.engine.support.hierarchical.SameThreadHierarchicalTestExecutorService.invokeAll(SameThreadHierarchicalTestExecutorService.java:41)
	at org.junit.platform.engine.support.hierarchical.NodeTestTask.lambda$executeRecursively$6(NodeTestTask.java:155)
	at org.junit.platform.engine.support.hierarchical.ThrowableCollector.execute(ThrowableCollector.java:73)
	at org.junit.platform.engine.support.hierarchical.NodeTestTask.lambda$executeRecursively$8(NodeTestTask.java:141)
	at org.junit.platform.engine.support.hierarchical.Node.around(Node.java:137)
	at org.junit.platform.engine.support.hierarchical.NodeTestTask.lambda$executeRecursively$9(NodeTestTask.java:139)
	at org.junit.platform.engine.support.hierarchical.ThrowableCollector.execute(ThrowableCollector.java:73)
	at org.junit.platform.engine.support.hierarchical.NodeTestTask.executeRecursively(NodeTestTask.java:138)
	at org.junit.platform.engine.support.hierarchical.NodeTestTask.execute(NodeTestTask.java:95)
	at org.junit.platform.engine.support.hierarchical.SameThreadHierarchicalTestExecutorService.submit(SameThreadHierarchicalTestExecutorService.java:35)
	at org.junit.platform.engine.support.hierarchical.HierarchicalTestExecutor.execute(HierarchicalTestExecutor.java:57)
	at org.junit.platform.engine.support.hierarchical.HierarchicalTestEngine.execute(HierarchicalTestEngine.java:54)
	at org.junit.platform.launcher.core.EngineExecutionOrchestrator.execute(EngineExecutionOrchestrator.java:198)
	at org.junit.platform.launcher.core.EngineExecutionOrchestrator.execute(EngineExecutionOrchestrator.java:169)
	at org.junit.platform.launcher.core.EngineExecutionOrchestrator.execute(EngineExecutionOrchestrator.java:93)
	at org.junit.platform.launcher.core.EngineExecutionOrchestrator.lambda$execute$0(EngineExecutionOrchestrator.java:58)
	at org.junit.platform.launcher.core.EngineExecutionOrchestrator.withInterceptedStreams(EngineExecutionOrchestrator.java:141)
	at org.junit.platform.launcher.core.EngineExecutionOrchestrator.execute(EngineExecutionOrchestrator.java:57)
	at org.junit.platform.launcher.core.DefaultLauncher.execute(DefaultLauncher.java:103)
	at org.junit.platform.launcher.core.DefaultLauncher.execute(DefaultLauncher.java:85)
	at org.junit.platform.launcher.core.DelegatingLauncher.execute(DelegatingLauncher.java:47)
	at org.junit.platform.launcher.core.SessionPerRequestLauncher.execute(SessionPerRequestLauncher.java:63)
	at org.apache.maven.surefire.junitplatform.JUnitPlatformProvider.invokeAllTests(JUnitPlatformProvider.java:165)
	at org.apache.maven.surefire.junitplatform.JUnitPlatformProvider.invoke(JUnitPlatformProvider.java:124)
	at org.apache.maven.surefire.booter.ForkedBooter.runSuitesInProcess(ForkedBooter.java:428)
	at org.apache.maven.surefire.booter.ForkedBooter.execute(ForkedBooter.java:162)
	at org.apache.maven.surefire.booter.ForkedBooter.run(ForkedBooter.java:562)
	at org.apache.maven.surefire.booter.ForkedBooter.main(ForkedBooter.java:548)
2024-02-27 07:44:59,509 [main] WARN  om.OzoneManager (OzoneManager.java:instantiatePrepareStateOnStartup(4510)) - Prepare marker file index 52 does not match DB prepare index 51. Writing DB index to prepare file and maintaining prepared state.
2024-02-27 07:44:59,509 [main] INFO  om.OzoneManagerPrepareState (OzoneManagerPrepareState.java:writePrepareMarkerFile(262)) - Prepare marker file written with log index 51 to file /home/runner/work/ozone/ozone/hadoop-ozone/integration-test/target/test-dir/MiniOzoneClusterImpl-107870c4-38da-4dee-ace8-876b8e06d1b5/omNode-1/current/prepareMarker
2024-02-27 07:44:59,512 [main] WARN  dropwizard3.Dm3MetricRegistriesImpl (Dm3MetricRegistriesImpl.java:addReporterRegistration(113)) - New reporters are added after registries were created. Some metrics will be missing from the reporter. Please add reporter before adding any new registry.
2024-02-27 07:44:59,512 [main] WARN  dropwizard3.Dm3MetricRegistriesImpl (Dm3MetricRegistriesImpl.java:addReporterRegistration(113)) - New reporters are added after registries were created. Some metrics will be missing from the reporter. Please add reporter before adding any new registry.
2024-02-27 07:44:59,512 [main] WARN  server.ServerUtils (ServerUtils.java:getDefaultRatisDirectory(311)) - Storage directory for Ratis is not configured. It is a good idea to map this to an SSD disk. Falling back to ozone.metadata.dirs
2024-02-27 07:44:59,513 [main] INFO  ratis.OzoneManagerRatisServer (OzoneManagerRatisServer.java:<init>(167)) - Instantiating OM Ratis server with groupID: om-service-test1 and peers: localhost:15093, localhost:15101, localhost:15097
2024-02-27 07:44:59,513 [main] INFO  ratis.OzoneManagerStateMachine (OzoneManagerStateMachine.java:loadSnapshotInfoFromDB(574)) - LastAppliedIndex is set from TransactionInfo from OM DB as (t:1, i:52)
2024-02-27 07:44:59,514 [main] INFO  server.RaftServer (ConfUtils.java:logGet(46)) - raft.rpc.type = GRPC (default)
2024-02-27 07:44:59,514 [main] INFO  grpc.GrpcConfigKeys (ConfUtils.java:logFallback(53)) - raft.grpc.admin.host = null (fallback to raft.grpc.server.host)
2024-02-27 07:44:59,514 [main] INFO  grpc.GrpcConfigKeys (ConfUtils.java:logFallback(53)) - raft.grpc.admin.port = 15093 (fallback to raft.grpc.server.port)
2024-02-27 07:44:59,514 [main] INFO  grpc.GrpcConfigKeys (ConfUtils.java:logFallback(53)) - raft.grpc.client.host = null (fallback to raft.grpc.server.host)
2024-02-27 07:44:59,515 [main] INFO  grpc.GrpcConfigKeys (ConfUtils.java:logFallback(53)) - raft.grpc.client.port = 15093 (fallback to raft.grpc.server.port)
2024-02-27 07:44:59,515 [main] INFO  grpc.GrpcConfigKeys (ConfUtils.java:logGet(46)) - raft.grpc.server.host = null (default)
2024-02-27 07:44:59,515 [main] INFO  grpc.GrpcConfigKeys (ConfUtils.java:logGet(46)) - raft.grpc.server.port = 15093 (custom)
2024-02-27 07:44:59,515 [main] INFO  server.GrpcService (ConfUtils.java:logGet(46)) - raft.grpc.message.size.max = 4194304 (custom)
2024-02-27 07:44:59,515 [main] INFO  server.RaftServerConfigKeys (ConfUtils.java:logGet(46)) - raft.server.log.appender.buffer.byte-limit = 4194304 (custom)
2024-02-27 07:44:59,515 [main] INFO  server.GrpcService (ConfUtils.java:logGet(46)) - raft.grpc.flow.control.window = 1MB (=1048576) (default)
2024-02-27 07:44:59,515 [main] INFO  server.RaftServerConfigKeys (ConfUtils.java:logGet(46)) - raft.server.rpc.request.timeout = 3000ms (default)
2024-02-27 07:44:59,516 [main] INFO  grpc.GrpcConfigKeys (ConfUtils.java:logGet(46)) - raft.grpc.server.heartbeat.channel = true (default)
2024-02-27 07:44:59,516 [main] INFO  grpc.GrpcConfigKeys (ConfUtils.java:logGet(46)) - raft.grpc.server.async.request.thread.pool.cached = true (default)
2024-02-27 07:44:59,516 [main] INFO  grpc.GrpcConfigKeys (ConfUtils.java:logGet(46)) - raft.grpc.server.async.request.thread.pool.size = 32 (default)
2024-02-27 07:44:59,517 [main] INFO  impl.DataStreamServerImpl (ConfUtils.java:logGet(46)) - raft.datastream.type = DISABLED (default)
2024-02-27 07:44:59,517 [main] INFO  server.RaftServerConfigKeys (ConfUtils.java:logGet(46)) - raft.server.sleep.deviation.threshold = 300ms (default)
2024-02-27 07:44:59,517 [main] INFO  server.RaftServerConfigKeys (ConfUtils.java:logGet(46)) - raft.server.close.threshold = 60s (default)
2024-02-27 07:44:59,517 [main] INFO  server.RaftServerConfigKeys (ConfUtils.java:logGet(46)) - raft.server.leaderelection.leader.step-down.wait-time = 10s (default)
2024-02-27 07:44:59,517 [main] INFO  server.RaftServerConfigKeys (ConfUtils.java:logGet(46)) - raft.server.storage.dir = [/home/runner/work/ozone/ozone/hadoop-ozone/integration-test/target/test-dir/MiniOzoneClusterImpl-107870c4-38da-4dee-ace8-876b8e06d1b5/omNode-1/ratis] (custom)
2024-02-27 07:44:59,517 [main] INFO  server.RaftServerConfigKeys (ConfUtils.java:logGet(46)) - raft.server.threadpool.proxy.cached = true (default)
2024-02-27 07:44:59,518 [main] INFO  server.RaftServerConfigKeys (ConfUtils.java:logGet(46)) - raft.server.threadpool.proxy.size = 0 (default)
2024-02-27 07:44:59,518 [omNode-1-impl-thread1] INFO  server.RaftServer (RaftServerProxy.java:initGroupDir(264)) - omNode-1: found a subdirectory /home/runner/work/ozone/ozone/hadoop-ozone/integration-test/target/test-dir/MiniOzoneClusterImpl-107870c4-38da-4dee-ace8-876b8e06d1b5/omNode-1/ratis/c9bc4cf4-3bc3-3c60-a66b-523986131536
2024-02-27 07:44:59,518 [main] INFO  server.RaftServer (RaftServerProxy.java:addNew(100)) - omNode-1: addNew group-523986131536:[omNode-3|localhost:15101, omNode-1|localhost:15093, omNode-2|localhost:15097] returns group-523986131536:java.util.concurrent.CompletableFuture@3759967f[Not completed]
2024-02-27 07:44:59,518 [main] INFO  om.OzoneManager (OzoneManager.java:initializeRatisServer(2140)) - OzoneManager Ratis server initialized at port 15093
2024-02-27 07:44:59,518 [omNode-1-groupManagement] INFO  server.RaftServer$Division (RaftServerImpl.java:<init>(256)) - omNode-1: new RaftServerImpl for group-523986131536:[omNode-3|localhost:15101, omNode-1|localhost:15093, omNode-2|localhost:15097] with OzoneManagerStateMachine:uninitialized
2024-02-27 07:44:59,518 [main] INFO  ratis.OzoneManagerRatisServer (OzoneManagerRatisServer.java:start(588)) - Starting OzoneManagerRatisServer omNode-1 at port 15093
2024-02-27 07:44:59,518 [omNode-1-groupManagement] INFO  server.RaftServerConfigKeys (ConfUtils.java:logGet(46)) - raft.server.rpc.timeout.min = 1s (custom)
2024-02-27 07:44:59,519 [omNode-1-groupManagement] INFO  server.RaftServerConfigKeys (ConfUtils.java:logGet(46)) - raft.server.rpc.timeout.max = 1200ms (custom)
2024-02-27 07:44:59,519 [omNode-1-groupManagement] INFO  server.RaftServerConfigKeys (ConfUtils.java:logGet(46)) - raft.server.rpc.sleep.time = 25ms (default)
2024-02-27 07:44:59,519 [omNode-1-groupManagement] INFO  server.RaftServerConfigKeys (ConfUtils.java:logGet(46)) - raft.server.rpc.slowness.timeout = 2s (custom)
2024-02-27 07:44:59,519 [omNode-1-groupManagement] INFO  server.RaftServerConfigKeys (ConfUtils.java:logGet(46)) - raft.server.leaderelection.leader.step-down.wait-time = 10s (default)
2024-02-27 07:44:59,519 [omNode-1-groupManagement] INFO  server.RaftServerConfigKeys (ConfUtils.java:logGet(46)) - raft.server.leaderelection.member.majority-add = false (default)
2024-02-27 07:44:59,519 [omNode-1-groupManagement] INFO  server.RaftServerConfigKeys (ConfUtils.java:logGet(46)) - raft.server.sleep.deviation.threshold = 300ms (default)
2024-02-27 07:44:59,519 [omNode-1-groupManagement] INFO  server.RaftServer$Division (ServerState.java:<init>(113)) - omNode-1@group-523986131536: ConfigurationManager, init=-1: peers:[omNode-3|localhost:15101, omNode-1|localhost:15093, omNode-2|localhost:15097]|listeners:[], old=null, confs=<EMPTY_MAP>
2024-02-27 07:44:59,519 [omNode-1-groupManagement] INFO  server.RaftServerConfigKeys (ConfUtils.java:logGet(46)) - raft.server.notification.no-leader.timeout = 2s (custom)
2024-02-27 07:44:59,519 [omNode-1-groupManagement] INFO  server.RaftServerConfigKeys (ConfUtils.java:logGet(46)) - raft.server.read.timeout = 10s (default)
2024-02-27 07:44:59,519 [omNode-1-groupManagement] INFO  server.RaftServerConfigKeys (ConfUtils.java:logGet(46)) - raft.server.retrycache.expirytime = 30000ms (custom)
2024-02-27 07:44:59,519 [omNode-1-groupManagement] INFO  server.RaftServerConfigKeys (ConfUtils.java:logGet(46)) - raft.server.retrycache.statistics.expirytime = 100ms (default)
2024-02-27 07:44:59,519 [omNode-1-groupManagement] INFO  server.RaftServerConfigKeys (ConfUtils.java:logGet(46)) - raft.server.read.option = DEFAULT (default)
2024-02-27 07:44:59,519 [omNode-1-groupManagement] INFO  server.RaftServerConfigKeys (ConfUtils.java:logGet(46)) - raft.server.read.read-after-write-consistent.write-index-cache.expiry-time = 60s (default)
2024-02-27 07:44:59,520 [omNode-1-groupManagement] INFO  server.RaftServerConfigKeys (ConfUtils.java:logGet(46)) - raft.server.rpc.request.timeout = 3000ms (default)
2024-02-27 07:44:59,520 [omNode-1-groupManagement] INFO  server.RaftServerConfigKeys (ConfUtils.java:logGet(46)) - raft.server.log.appender.install.snapshot.enabled = false (custom)
2024-02-27 07:44:59,520 [omNode-1-groupManagement] INFO  server.RaftServerConfigKeys (ConfUtils.java:logGet(46)) - raft.server.threadpool.server.cached = true (default)
2024-02-27 07:44:59,520 [omNode-1-groupManagement] INFO  server.RaftServerConfigKeys (ConfUtils.java:logGet(46)) - raft.server.threadpool.server.size = 0 (default)
2024-02-27 07:44:59,520 [omNode-1-groupManagement] INFO  server.RaftServerConfigKeys (ConfUtils.java:logGet(46)) - raft.server.threadpool.client.cached = true (default)
2024-02-27 07:44:59,520 [omNode-1-groupManagement] INFO  server.RaftServerConfigKeys (ConfUtils.java:logGet(46)) - raft.server.threadpool.client.size = 0 (default)
2024-02-27 07:44:59,521 [omNode-1-impl-thread1] INFO  server.RaftServerConfigKeys (ConfUtils.java:logGet(46)) - raft.server.storage.free-space.min = 0MB (=0) (default)
2024-02-27 07:44:59,521 [omNode-1-impl-thread1] INFO  server.RaftServerConfigKeys (ConfUtils.java:logGet(46)) - raft.server.log.corruption.policy = EXCEPTION (default)
2024-02-27 07:44:59,521 [omNode-1-impl-thread1] INFO  server.RaftServerConfigKeys (ConfUtils.java:logGet(46)) - raft.server.storage.dir = [/home/runner/work/ozone/ozone/hadoop-ozone/integration-test/target/test-dir/MiniOzoneClusterImpl-107870c4-38da-4dee-ace8-876b8e06d1b5/omNode-1/ratis] (custom)
2024-02-27 07:44:59,522 [omNode-1-impl-thread1] INFO  storage.RaftStorageDirectory (RaftStorageDirectoryImpl.java:tryLock(228)) - Lock on /home/runner/work/ozone/ozone/hadoop-ozone/integration-test/target/test-dir/MiniOzoneClusterImpl-107870c4-38da-4dee-ace8-876b8e06d1b5/omNode-1/ratis/c9bc4cf4-3bc3-3c60-a66b-523986131536/in_use.lock acquired by nodename 40924@fv-az699-61
2024-02-27 07:44:59,522 [omNode-1-impl-thread1] INFO  storage.RaftStorage (RaftStorageImpl.java:analyzeAndRecoverStorage(119)) - Read RaftStorageMetadata{term=1, votedFor=omNode-1} from /home/runner/work/ozone/ozone/hadoop-ozone/integration-test/target/test-dir/MiniOzoneClusterImpl-107870c4-38da-4dee-ace8-876b8e06d1b5/omNode-1/ratis/c9bc4cf4-3bc3-3c60-a66b-523986131536/current/raft-meta
2024-02-27 07:44:59,525 [omNode-1-impl-thread1] INFO  server.RaftServer$Division (ServerState.java:setRaftConf(386)) - omNode-1@group-523986131536: set configuration 0: peers:[omNode-3|localhost:15101, omNode-1|localhost:15093, omNode-2|localhost:15097]|listeners:[], old=null
2024-02-27 07:44:59,525 [omNode-1-impl-thread1] INFO  server.RaftServerConfigKeys (ConfUtils.java:logGet(46)) - raft.server.log.use.memory = false (default)
2024-02-27 07:44:59,525 [omNode-1-impl-thread1] INFO  server.RaftServerConfigKeys (ConfUtils.java:logGet(46)) - raft.server.log.purge.gap = 50 (custom)
2024-02-27 07:44:59,526 [omNode-1-impl-thread1] INFO  server.RaftServerConfigKeys (ConfUtils.java:logGet(46)) - raft.server.log.appender.buffer.byte-limit = 4194304 (custom)
2024-02-27 07:44:59,526 [omNode-1-impl-thread1] INFO  server.RaftServerConfigKeys (ConfUtils.java:logGet(46)) - raft.server.log.statemachine.data.read.timeout = 1000ms (default)
2024-02-27 07:44:59,526 [omNode-1-impl-thread1] INFO  server.RaftServerConfigKeys (ConfUtils.java:logGet(46)) - raft.server.log.purge.preservation.log.num = 0 (default)
2024-02-27 07:44:59,526 [omNode-1-impl-thread1] INFO  server.RaftServerConfigKeys (ConfUtils.java:logGet(46)) - raft.server.log.segment.size.max = 4194304 (custom)
2024-02-27 07:44:59,526 [omNode-1-impl-thread1] INFO  server.RaftServerConfigKeys (ConfUtils.java:logGet(46)) - raft.server.log.segment.cache.num.max = 2 (custom)
2024-02-27 07:44:59,526 [omNode-1-impl-thread1] INFO  server.RaftServerConfigKeys (ConfUtils.java:logGet(46)) - raft.server.log.segment.cache.size.max = 200MB (=209715200) (default)
2024-02-27 07:44:59,526 [omNode-1-impl-thread1] INFO  server.RaftServerConfigKeys (ConfUtils.java:logGet(46)) - raft.server.log.appender.buffer.byte-limit = 4194304 (custom)
2024-02-27 07:44:59,526 [omNode-1-impl-thread1] INFO  util.AwaitToRun (AwaitToRun.java:start(81)) - Thread[omNode-1@group-523986131536-cacheEviction-AwaitToRun,5,main] started
2024-02-27 07:44:59,526 [omNode-1-impl-thread1] INFO  segmented.SegmentedRaftLogWorker (SegmentedRaftLogWorker.java:<init>(182)) - new omNode-1@group-523986131536-SegmentedRaftLogWorker for RaftStorageImpl:Storage Directory /home/runner/work/ozone/ozone/hadoop-ozone/integration-test/target/test-dir/MiniOzoneClusterImpl-107870c4-38da-4dee-ace8-876b8e06d1b5/omNode-1/ratis/c9bc4cf4-3bc3-3c60-a66b-523986131536
2024-02-27 07:44:59,526 [omNode-1-impl-thread1] INFO  server.RaftServerConfigKeys (ConfUtils.java:logGet(46)) - raft.server.log.queue.byte-limit = 64MB (=67108864) (default)
2024-02-27 07:44:59,527 [omNode-1-impl-thread1] INFO  server.RaftServerConfigKeys (ConfUtils.java:logGet(46)) - raft.server.log.queue.element-limit = 4096 (default)
2024-02-27 07:44:59,527 [omNode-1-impl-thread1] INFO  server.RaftServerConfigKeys (ConfUtils.java:logGet(46)) - raft.server.log.segment.size.max = 4194304 (custom)
2024-02-27 07:44:59,527 [omNode-1-impl-thread1] INFO  server.RaftServerConfigKeys (ConfUtils.java:logGet(46)) - raft.server.log.preallocated.size = 4194304 (custom)
2024-02-27 07:44:59,527 [omNode-1-impl-thread1] INFO  server.RaftServerConfigKeys (ConfUtils.java:logGet(46)) - raft.server.log.force.sync.num = 128 (default)
2024-02-27 07:44:59,527 [omNode-1-impl-thread1] INFO  server.RaftServerConfigKeys (ConfUtils.java:logGet(46)) - raft.server.log.statemachine.data.sync = true (default)
2024-02-27 07:44:59,527 [omNode-1-impl-thread1] INFO  server.RaftServerConfigKeys (ConfUtils.java:logGet(46)) - raft.server.log.statemachine.data.sync.timeout = 10s (default)
2024-02-27 07:44:59,527 [omNode-1-impl-thread1] INFO  server.RaftServerConfigKeys (ConfUtils.java:logGet(46)) - raft.server.log.statemachine.data.sync.timeout.retry = -1 (default)
2024-02-27 07:44:59,527 [omNode-1-impl-thread1] INFO  server.RaftServerConfigKeys (ConfUtils.java:logGet(46)) - raft.server.log.write.buffer.size = 4194312 (custom)
2024-02-27 07:44:59,528 [omNode-1-impl-thread1] INFO  server.RaftServerConfigKeys (ConfUtils.java:logGet(46)) - raft.server.log.appender.buffer.byte-limit = 4194304 (custom)
2024-02-27 07:44:59,528 [omNode-1-impl-thread1] INFO  server.RaftServerConfigKeys (ConfUtils.java:logGet(46)) - raft.server.log.unsafe-flush.enabled = false (default)
2024-02-27 07:44:59,528 [omNode-1-impl-thread1] INFO  server.RaftServerConfigKeys (ConfUtils.java:logGet(46)) - raft.server.log.async-flush.enabled = false (default)
2024-02-27 07:44:59,528 [omNode-1-impl-thread1] INFO  server.RaftServerConfigKeys (ConfUtils.java:logGet(46)) - raft.server.log.statemachine.data.caching.enabled = false (default)
2024-02-27 07:44:59,528 [omNode-1-impl-thread1] INFO  segmented.SegmentedRaftLogWorker (SegmentedRaftLogWorker.java:lambda$new$0(134)) - omNode-1@group-523986131536-SegmentedRaftLogWorker: flushIndex: setUnconditionally 0 -> 52
2024-02-27 07:44:59,528 [omNode-1-impl-thread1] INFO  segmented.SegmentedRaftLogWorker (SegmentedRaftLogWorker.java:lambda$new$0(134)) - omNode-1@group-523986131536-SegmentedRaftLogWorker: safeCacheEvictIndex: setUnconditionally 0 -> -1
2024-02-27 07:44:59,528 [omNode-1-impl-thread1] INFO  server.RaftServer$Division (RaftServerImpl.java:start(396)) - omNode-1@group-523986131536: start as a follower, conf=0: peers:[omNode-3|localhost:15101, omNode-1|localhost:15093, omNode-2|localhost:15097]|listeners:[], old=null
2024-02-27 07:44:59,528 [omNode-1-impl-thread1] INFO  server.RaftServer$Division (RaftServerImpl.java:setRole(383)) - omNode-1@group-523986131536: changes role from      null to FOLLOWER at term 1 for startAsFollower
2024-02-27 07:44:59,528 [omNode-1-impl-thread1] INFO  impl.RoleInfo (RoleInfo.java:updateAndGet(139)) - omNode-1: start omNode-1@group-523986131536-FollowerState
2024-02-27 07:44:59,529 [omNode-1@group-523986131536-FollowerState] INFO  server.RaftServerConfigKeys (ConfUtils.java:logFallback(53)) - raft.server.rpc.first-election.timeout.min = 1s (fallback to raft.server.rpc.timeout.min)
2024-02-27 07:44:59,531 [omNode-1-impl-thread1] INFO  util.JmxRegister (JmxRegister.java:tryRegister(44)) - Successfully registered JMX Bean with object name Ratis:service=RaftServer,group=group-523986131536,id=omNode-1
2024-02-27 07:44:59,531 [omNode-1@group-523986131536-FollowerState] INFO  server.RaftServerConfigKeys (ConfUtils.java:logFallback(53)) - raft.server.rpc.first-election.timeout.max = 1200ms (fallback to raft.server.rpc.timeout.max)
2024-02-27 07:44:59,531 [omNode-1-impl-thread1] INFO  server.RaftServerConfigKeys (ConfUtils.java:logGet(46)) - raft.server.snapshot.trigger-when-stop.enabled = true (default)
2024-02-27 07:44:59,531 [omNode-1-impl-thread1] INFO  server.RaftServerConfigKeys (ConfUtils.java:logGet(46)) - raft.server.snapshot.auto.trigger.enabled = true (custom)
2024-02-27 07:44:59,531 [omNode-1-impl-thread1] INFO  server.RaftServerConfigKeys (ConfUtils.java:logGet(46)) - raft.server.snapshot.auto.trigger.threshold = 50 (custom)
2024-02-27 07:44:59,531 [omNode-1-impl-thread1] INFO  server.RaftServerConfigKeys (ConfUtils.java:logGet(46)) - raft.server.snapshot.retention.file.num = -1 (default)
2024-02-27 07:44:59,531 [omNode-1-impl-thread1] INFO  server.RaftServerConfigKeys (ConfUtils.java:logGet(46)) - raft.server.log.purge.upto.snapshot.index = true (custom)
2024-02-27 07:44:59,532 [main] INFO  server.RaftServer (RaftServerProxy.java:startImpl(406)) - omNode-1: start RPC server
2024-02-27 07:44:59,533 [main] INFO  server.GrpcService (GrpcService.java:startImpl(302)) - omNode-1: GrpcService started, listening on 15093
2024-02-27 07:44:59,533 [main] INFO  om.OzoneManager (OzoneManager.java:getRpcServer(1206)) - Creating RPC Server
2024-02-27 07:44:59,533 [JvmPauseMonitor37] INFO  util.JvmPauseMonitor (JvmPauseMonitor.java:run(146)) - JvmPauseMonitor-omNode-1: Started
2024-02-27 07:44:59,728 [main] INFO  ipc.CallQueueManager (CallQueueManager.java:<init>(90)) - Using callQueue: class java.util.concurrent.LinkedBlockingQueue, queueCapacity: 2000, scheduler: class org.apache.hadoop.ipc.DefaultRpcScheduler, ipcBackoff: false.
2024-02-27 07:44:59,728 [main] INFO  ipc.Server (Server.java:<init>(1287)) - Listener at localhost:15090
2024-02-27 07:44:59,729 [Socket Reader #1 for port 15090] INFO  ipc.Server (Server.java:run(1323)) - Starting Socket Reader #1 for port 15090
2024-02-27 07:44:59,731 [main] INFO  http.BaseHttpServer (BaseHttpServer.java:newHttpServer2BuilderForOzone(223)) - Starting Web-server for ozoneManager at: http://0.0.0.0:15091
2024-02-27 07:44:59,731 [main] INFO  http.BaseHttpServer (BaseHttpServer.java:<init>(110)) - Hadoop Security Enabled: false Ozone Security Enabled: false Ozone HTTP Security Enabled: false 
2024-02-27 07:44:59,732 [main] WARN  server.AuthenticationFilter (AuthenticationFilter.java:constructSecretProvider(240)) - Unable to initialize FileSignerSecretProvider, falling back to use random secrets. Reason: Could not read signature secret file: /home/runner/hadoop-http-auth-signature-secret
2024-02-27 07:44:59,732 [main] INFO  http.HttpRequestLog (HttpRequestLog.java:getRequestLog(86)) - Http request log for http.requests.ozoneManager is not defined
2024-02-27 07:44:59,733 [main] INFO  http.HttpServer2 (HttpServer2.java:addGlobalFilter(1036)) - Added global filter 'safety' (class=org.apache.hadoop.hdds.server.http.HttpServer2$QuotingInputFilter)
2024-02-27 07:44:59,734 [main] INFO  http.HttpServer2 (HttpServer2.java:addFilter(1012)) - Added filter static_user_filter (class=org.apache.hadoop.http.lib.StaticUserWebFilter$StaticUserFilter) to context ozoneManager
2024-02-27 07:44:59,734 [main] INFO  http.HttpServer2 (HttpServer2.java:addFilter(1020)) - Added filter static_user_filter (class=org.apache.hadoop.http.lib.StaticUserWebFilter$StaticUserFilter) to context static
2024-02-27 07:44:59,734 [main] INFO  http.HttpServer2 (HttpServer2.java:addFilter(1020)) - Added filter static_user_filter (class=org.apache.hadoop.http.lib.StaticUserWebFilter$StaticUserFilter) to context logs
2024-02-27 07:44:59,734 [main] INFO  http.BaseHttpServer (BaseHttpServer.java:<init>(189)) - HTTP server of ozoneManager uses base directory /home/runner/work/ozone/ozone/hadoop-ozone/integration-test/target/test-dir/MiniOzoneClusterImpl-107870c4-38da-4dee-ace8-876b8e06d1b5/omNode-1/webserver
2024-02-27 07:44:59,735 [main] INFO  http.HttpServer2 (HttpServer2.java:bindListener(1236)) - Jetty bound to port 15091
2024-02-27 07:44:59,735 [main] INFO  server.Server (Server.java:doStart(375)) - jetty-9.4.53.v20231009; built: 2023-10-09T12:29:09.265Z; git: 27bde00a0b95a1d5bbee0eae7984f891d2d0f8c9; jvm 1.8.0_402-b06
2024-02-27 07:44:59,736 [main] INFO  server.session (DefaultSessionIdManager.java:doStart(334)) - DefaultSessionIdManager workerName=node0
2024-02-27 07:44:59,736 [main] INFO  server.session (DefaultSessionIdManager.java:doStart(339)) - No SessionScavenger set, using defaults
2024-02-27 07:44:59,736 [main] INFO  server.session (HouseKeeper.java:startScavenging(132)) - node0 Scavenging every 660000ms
2024-02-27 07:44:59,736 [main] INFO  handler.ContextHandler (ContextHandler.java:doStart(921)) - Started o.e.j.s.ServletContextHandler@197346a8{logs,/logs,file:///home/runner/work/ozone/ozone/hadoop-ozone/integration-test/target/log,AVAILABLE}
2024-02-27 07:44:59,736 [main] INFO  handler.ContextHandler (ContextHandler.java:doStart(921)) - Started o.e.j.s.ServletContextHandler@47d736{static,/static,file:///home/runner/work/ozone/ozone/hadoop-ozone/integration-test/target/test-classes/webapps/static,AVAILABLE}
2024-02-27 07:44:59,738 [main] INFO  handler.ContextHandler (ContextHandler.java:doStart(921)) - Started o.e.j.w.WebAppContext@140dd8ce{ozoneManager,/,file:///home/runner/work/ozone/ozone/hadoop-ozone/integration-test/target/test-classes/webapps/ozoneManager/,AVAILABLE}{file:/home/runner/work/ozone/ozone/hadoop-ozone/integration-test/target/test-classes/webapps/ozoneManager}
2024-02-27 07:44:59,739 [main] INFO  server.AbstractConnector (AbstractConnector.java:doStart(333)) - Started ServerConnector@202df3c6{HTTP/1.1, (http/1.1)}{0.0.0.0:15091}
2024-02-27 07:44:59,739 [main] INFO  server.Server (Server.java:doStart(415)) - Started @382447ms
2024-02-27 07:44:59,739 [main] WARN  impl.MetricsSystemImpl (MetricsSystemImpl.java:register(279)) - Sink prometheus already exists!
2024-02-27 07:44:59,739 [main] INFO  http.BaseHttpServer (BaseHttpServer.java:updateConnectorAddress(354)) - HTTP server of ozoneManager listening at http://0.0.0.0:15091
2024-02-27 07:44:59,740 [IPC Server Responder] INFO  ipc.Server (Server.java:run(1562)) - IPC Server Responder: starting
2024-02-27 07:44:59,740 [IPC Server listener on 15090] INFO  ipc.Server (Server.java:run(1402)) - IPC Server listener on 15090: starting
2024-02-27 07:44:59,743 [main] INFO  om.OzoneManager (OzoneManager.java:startTrashEmptier(2093)) - Trash Interval set to 0. Files deleted won't move to trash
2024-02-27 07:44:59,743 [main] INFO  om.OzoneManager (OzoneManager.java:restart(1710)) - OzoneManager RPC server is listening at localhost/127.0.0.1:15094
2024-02-27 07:44:59,743 [main] INFO  impl.MetricsSystemImpl (MetricsSystemImpl.java:init(158)) - OzoneManager metrics system started (again)
2024-02-27 07:44:59,760 [main] WARN  server.ServerUtils (ServerUtils.java:getDBPath(299)) - ozone.om.db.dirs is not configured. We recommend adding this setting. Falling back to ozone.metadata.dirs instead.
2024-02-27 07:44:59,760 [main] INFO  helpers.OmKeyInfo (OmKeyInfo.java:getCodec(71)) - OmKeyInfo.getCodec ignorePipeline = true
2024-02-27 07:44:59,807 [main] INFO  om.OzoneManager (OzoneManager.java:instantiateServices(804)) - S3 Multi-Tenancy is disabled
2024-02-27 07:44:59,808 [main] INFO  om.OmSnapshotManager (OmSnapshotManager.java:<init>(177)) - Ozone filesystem snapshot feature is enabled.
2024-02-27 07:44:59,808 [main] WARN  server.ServerUtils (ServerUtils.java:getDBPath(299)) - ozone.om.snapshot.diff.db.dir is not configured. We recommend adding this setting. Falling back to ozone.metadata.dirs instead.
2024-02-27 07:44:59,818 [main] INFO  utils.NativeLibraryLoader (NativeLibraryLoader.java:loadLibrary(108)) - Loading Library: ozone_rocksdb_tools
2024-02-27 07:44:59,819 [main] ERROR snapshot.SnapshotDiffManager (SnapshotDiffManager.java:initNativeLibraryForEfficientDiff(287)) - Native Library for raw sst file reading loading failed.
org.apache.hadoop.hdds.utils.NativeLibraryNotLoadedException: Unable to load library ozone_rocksdb_tools from both java.library.path & resource file libozone_rocksdb_tools.so from jar.
	at org.apache.hadoop.hdds.utils.db.managed.ManagedRawSSTFileReader.loadLibrary(ManagedRawSSTFileReader.java:38)
	at org.apache.hadoop.ozone.om.snapshot.SnapshotDiffManager.initNativeLibraryForEfficientDiff(SnapshotDiffManager.java:285)
	at org.apache.hadoop.ozone.om.snapshot.SnapshotDiffManager.<init>(SnapshotDiffManager.java:259)
	at org.apache.hadoop.ozone.om.OmSnapshotManager.<init>(OmSnapshotManager.java:279)
	at org.apache.hadoop.ozone.om.OzoneManager.instantiateServices(OzoneManager.java:856)
	at org.apache.hadoop.ozone.om.OzoneManager.restart(OzoneManager.java:1715)
	at org.apache.hadoop.ozone.MiniOzoneHAClusterImpl.restartOzoneManager(MiniOzoneHAClusterImpl.java:211)
	at org.apache.hadoop.ozone.om.TestOzoneManagerPrepare.resetCluster(TestOzoneManagerPrepare.java:113)
	at sun.reflect.NativeMethodAccessorImpl.invoke0(Native Method)
	at sun.reflect.NativeMethodAccessorImpl.invoke(NativeMethodAccessorImpl.java:62)
	at sun.reflect.DelegatingMethodAccessorImpl.invoke(DelegatingMethodAccessorImpl.java:43)
	at java.lang.reflect.Method.invoke(Method.java:498)
	at org.junit.platform.commons.util.ReflectionUtils.invokeMethod(ReflectionUtils.java:728)
	at org.junit.jupiter.engine.execution.MethodInvocation.proceed(MethodInvocation.java:60)
	at org.junit.jupiter.engine.execution.InvocationInterceptorChain$ValidatingInvocation.proceed(InvocationInterceptorChain.java:131)
	at org.junit.jupiter.engine.extension.TimeoutExtension.intercept(TimeoutExtension.java:156)
	at org.junit.jupiter.engine.extension.TimeoutExtension.interceptLifecycleMethod(TimeoutExtension.java:128)
	at org.junit.jupiter.engine.extension.TimeoutExtension.interceptAfterEachMethod(TimeoutExtension.java:110)
	at org.junit.jupiter.engine.execution.InterceptingExecutableInvoker$ReflectiveInterceptorCall.lambda$ofVoidMethod$0(InterceptingExecutableInvoker.java:103)
	at org.junit.jupiter.engine.execution.InterceptingExecutableInvoker.lambda$invoke$0(InterceptingExecutableInvoker.java:93)
	at org.junit.jupiter.engine.execution.InvocationInterceptorChain$InterceptedInvocation.proceed(InvocationInterceptorChain.java:106)
	at org.junit.jupiter.engine.execution.InvocationInterceptorChain.proceed(InvocationInterceptorChain.java:64)
	at org.junit.jupiter.engine.execution.InvocationInterceptorChain.chainAndInvoke(InvocationInterceptorChain.java:45)
	at org.junit.jupiter.engine.execution.InvocationInterceptorChain.invoke(InvocationInterceptorChain.java:37)
	at org.junit.jupiter.engine.execution.InterceptingExecutableInvoker.invoke(InterceptingExecutableInvoker.java:92)
	at org.junit.jupiter.engine.execution.InterceptingExecutableInvoker.invoke(InterceptingExecutableInvoker.java:86)
	at org.junit.jupiter.engine.descriptor.ClassBasedTestDescriptor.invokeMethodInExtensionContext(ClassBasedTestDescriptor.java:521)
	at org.junit.jupiter.engine.descriptor.ClassBasedTestDescriptor.lambda$synthesizeAfterEachMethodAdapter$24(ClassBasedTestDescriptor.java:511)
	at org.junit.jupiter.engine.descriptor.TestMethodTestDescriptor.lambda$invokeAfterEachMethods$10(TestMethodTestDescriptor.java:244)
	at org.junit.jupiter.engine.descriptor.TestMethodTestDescriptor.lambda$invokeAllAfterMethodsOrCallbacks$13(TestMethodTestDescriptor.java:277)
	at org.junit.platform.engine.support.hierarchical.ThrowableCollector.execute(ThrowableCollector.java:73)
	at org.junit.jupiter.engine.descriptor.TestMethodTestDescriptor.lambda$invokeAllAfterMethodsOrCallbacks$14(TestMethodTestDescriptor.java:277)
	at org.junit.platform.commons.util.CollectionUtils.forEachInReverseOrder(CollectionUtils.java:217)
	at org.junit.jupiter.engine.descriptor.TestMethodTestDescriptor.invokeAllAfterMethodsOrCallbacks(TestMethodTestDescriptor.java:276)
	at org.junit.jupiter.engine.descriptor.TestMethodTestDescriptor.invokeAfterEachMethods(TestMethodTestDescriptor.java:242)
	at org.junit.jupiter.engine.descriptor.TestMethodTestDescriptor.execute(TestMethodTestDescriptor.java:143)
	at org.junit.jupiter.engine.descriptor.TestMethodTestDescriptor.execute(TestMethodTestDescriptor.java:69)
	at org.junit.platform.engine.support.hierarchical.NodeTestTask.lambda$executeRecursively$6(NodeTestTask.java:151)
	at org.junit.platform.engine.support.hierarchical.ThrowableCollector.execute(ThrowableCollector.java:73)
	at org.junit.platform.engine.support.hierarchical.NodeTestTask.lambda$executeRecursively$8(NodeTestTask.java:141)
	at org.junit.platform.engine.support.hierarchical.Node.around(Node.java:137)
	at org.junit.platform.engine.support.hierarchical.NodeTestTask.lambda$executeRecursively$9(NodeTestTask.java:139)
	at org.junit.platform.engine.support.hierarchical.ThrowableCollector.execute(ThrowableCollector.java:73)
	at org.junit.platform.engine.support.hierarchical.NodeTestTask.executeRecursively(NodeTestTask.java:138)
	at org.junit.platform.engine.support.hierarchical.NodeTestTask.execute(NodeTestTask.java:95)
	at java.util.ArrayList.forEach(ArrayList.java:1259)
	at org.junit.platform.engine.support.hierarchical.SameThreadHierarchicalTestExecutorService.invokeAll(SameThreadHierarchicalTestExecutorService.java:41)
	at org.junit.platform.engine.support.hierarchical.NodeTestTask.lambda$executeRecursively$6(NodeTestTask.java:155)
	at org.junit.platform.engine.support.hierarchical.ThrowableCollector.execute(ThrowableCollector.java:73)
	at org.junit.platform.engine.support.hierarchical.NodeTestTask.lambda$executeRecursively$8(NodeTestTask.java:141)
	at org.junit.platform.engine.support.hierarchical.Node.around(Node.java:137)
	at org.junit.platform.engine.support.hierarchical.NodeTestTask.lambda$executeRecursively$9(NodeTestTask.java:139)
	at org.junit.platform.engine.support.hierarchical.ThrowableCollector.execute(ThrowableCollector.java:73)
	at org.junit.platform.engine.support.hierarchical.NodeTestTask.executeRecursively(NodeTestTask.java:138)
	at org.junit.platform.engine.support.hierarchical.NodeTestTask.execute(NodeTestTask.java:95)
	at java.util.ArrayList.forEach(ArrayList.java:1259)
	at org.junit.platform.engine.support.hierarchical.SameThreadHierarchicalTestExecutorService.invokeAll(SameThreadHierarchicalTestExecutorService.java:41)
	at org.junit.platform.engine.support.hierarchical.NodeTestTask.lambda$executeRecursively$6(NodeTestTask.java:155)
	at org.junit.platform.engine.support.hierarchical.ThrowableCollector.execute(ThrowableCollector.java:73)
	at org.junit.platform.engine.support.hierarchical.NodeTestTask.lambda$executeRecursively$8(NodeTestTask.java:141)
	at org.junit.platform.engine.support.hierarchical.Node.around(Node.java:137)
	at org.junit.platform.engine.support.hierarchical.NodeTestTask.lambda$executeRecursively$9(NodeTestTask.java:139)
	at org.junit.platform.engine.support.hierarchical.ThrowableCollector.execute(ThrowableCollector.java:73)
	at org.junit.platform.engine.support.hierarchical.NodeTestTask.executeRecursively(NodeTestTask.java:138)
	at org.junit.platform.engine.support.hierarchical.NodeTestTask.execute(NodeTestTask.java:95)
	at org.junit.platform.engine.support.hierarchical.SameThreadHierarchicalTestExecutorService.submit(SameThreadHierarchicalTestExecutorService.java:35)
	at org.junit.platform.engine.support.hierarchical.HierarchicalTestExecutor.execute(HierarchicalTestExecutor.java:57)
	at org.junit.platform.engine.support.hierarchical.HierarchicalTestEngine.execute(HierarchicalTestEngine.java:54)
	at org.junit.platform.launcher.core.EngineExecutionOrchestrator.execute(EngineExecutionOrchestrator.java:198)
	at org.junit.platform.launcher.core.EngineExecutionOrchestrator.execute(EngineExecutionOrchestrator.java:169)
	at org.junit.platform.launcher.core.EngineExecutionOrchestrator.execute(EngineExecutionOrchestrator.java:93)
	at org.junit.platform.launcher.core.EngineExecutionOrchestrator.lambda$execute$0(EngineExecutionOrchestrator.java:58)
	at org.junit.platform.launcher.core.EngineExecutionOrchestrator.withInterceptedStreams(EngineExecutionOrchestrator.java:141)
	at org.junit.platform.launcher.core.EngineExecutionOrchestrator.execute(EngineExecutionOrchestrator.java:57)
	at org.junit.platform.launcher.core.DefaultLauncher.execute(DefaultLauncher.java:103)
	at org.junit.platform.launcher.core.DefaultLauncher.execute(DefaultLauncher.java:85)
	at org.junit.platform.launcher.core.DelegatingLauncher.execute(DelegatingLauncher.java:47)
	at org.junit.platform.launcher.core.SessionPerRequestLauncher.execute(SessionPerRequestLauncher.java:63)
	at org.apache.maven.surefire.junitplatform.JUnitPlatformProvider.invokeAllTests(JUnitPlatformProvider.java:165)
	at org.apache.maven.surefire.junitplatform.JUnitPlatformProvider.invoke(JUnitPlatformProvider.java:124)
	at org.apache.maven.surefire.booter.ForkedBooter.runSuitesInProcess(ForkedBooter.java:428)
	at org.apache.maven.surefire.booter.ForkedBooter.execute(ForkedBooter.java:162)
	at org.apache.maven.surefire.booter.ForkedBooter.run(ForkedBooter.java:562)
	at org.apache.maven.surefire.booter.ForkedBooter.main(ForkedBooter.java:548)
2024-02-27 07:44:59,825 [main] WARN  dropwizard3.Dm3MetricRegistriesImpl (Dm3MetricRegistriesImpl.java:addReporterRegistration(113)) - New reporters are added after registries were created. Some metrics will be missing from the reporter. Please add reporter before adding any new registry.
2024-02-27 07:44:59,825 [main] WARN  dropwizard3.Dm3MetricRegistriesImpl (Dm3MetricRegistriesImpl.java:addReporterRegistration(113)) - New reporters are added after registries were created. Some metrics will be missing from the reporter. Please add reporter before adding any new registry.
2024-02-27 07:44:59,825 [main] WARN  server.ServerUtils (ServerUtils.java:getDefaultRatisDirectory(311)) - Storage directory for Ratis is not configured. It is a good idea to map this to an SSD disk. Falling back to ozone.metadata.dirs
2024-02-27 07:44:59,826 [main] INFO  ratis.OzoneManagerRatisServer (OzoneManagerRatisServer.java:<init>(167)) - Instantiating OM Ratis server with groupID: om-service-test1 and peers: localhost:15097, localhost:15101, localhost:15093
2024-02-27 07:44:59,827 [main] INFO  ratis.OzoneManagerStateMachine (OzoneManagerStateMachine.java:loadSnapshotInfoFromDB(574)) - LastAppliedIndex is set from TransactionInfo from OM DB as (t:1, i:52)
2024-02-27 07:44:59,829 [main] INFO  server.RaftServer (ConfUtils.java:logGet(46)) - raft.rpc.type = GRPC (default)
2024-02-27 07:44:59,829 [main] INFO  grpc.GrpcConfigKeys (ConfUtils.java:logFallback(53)) - raft.grpc.admin.host = null (fallback to raft.grpc.server.host)
2024-02-27 07:44:59,829 [main] INFO  grpc.GrpcConfigKeys (ConfUtils.java:logFallback(53)) - raft.grpc.admin.port = 15097 (fallback to raft.grpc.server.port)
2024-02-27 07:44:59,829 [main] INFO  grpc.GrpcConfigKeys (ConfUtils.java:logFallback(53)) - raft.grpc.client.host = null (fallback to raft.grpc.server.host)
2024-02-27 07:44:59,830 [main] INFO  grpc.GrpcConfigKeys (ConfUtils.java:logFallback(53)) - raft.grpc.client.port = 15097 (fallback to raft.grpc.server.port)
2024-02-27 07:44:59,830 [main] INFO  grpc.GrpcConfigKeys (ConfUtils.java:logGet(46)) - raft.grpc.server.host = null (default)
2024-02-27 07:44:59,830 [main] INFO  grpc.GrpcConfigKeys (ConfUtils.java:logGet(46)) - raft.grpc.server.port = 15097 (custom)
2024-02-27 07:44:59,830 [main] INFO  server.GrpcService (ConfUtils.java:logGet(46)) - raft.grpc.message.size.max = 4194304 (custom)
2024-02-27 07:44:59,830 [main] INFO  server.RaftServerConfigKeys (ConfUtils.java:logGet(46)) - raft.server.log.appender.buffer.byte-limit = 4194304 (custom)
2024-02-27 07:44:59,830 [main] INFO  server.GrpcService (ConfUtils.java:logGet(46)) - raft.grpc.flow.control.window = 1MB (=1048576) (default)
2024-02-27 07:44:59,831 [main] INFO  server.RaftServerConfigKeys (ConfUtils.java:logGet(46)) - raft.server.rpc.request.timeout = 3000ms (default)
2024-02-27 07:44:59,831 [main] INFO  grpc.GrpcConfigKeys (ConfUtils.java:logGet(46)) - raft.grpc.server.heartbeat.channel = true (default)
2024-02-27 07:44:59,831 [main] INFO  grpc.GrpcConfigKeys (ConfUtils.java:logGet(46)) - raft.grpc.server.async.request.thread.pool.cached = true (default)
2024-02-27 07:44:59,831 [main] INFO  grpc.GrpcConfigKeys (ConfUtils.java:logGet(46)) - raft.grpc.server.async.request.thread.pool.size = 32 (default)
2024-02-27 07:44:59,832 [main] INFO  impl.DataStreamServerImpl (ConfUtils.java:logGet(46)) - raft.datastream.type = DISABLED (default)
2024-02-27 07:44:59,833 [main] INFO  server.RaftServerConfigKeys (ConfUtils.java:logGet(46)) - raft.server.sleep.deviation.threshold = 300ms (default)
2024-02-27 07:44:59,833 [main] INFO  server.RaftServerConfigKeys (ConfUtils.java:logGet(46)) - raft.server.close.threshold = 60s (default)
2024-02-27 07:44:59,833 [main] INFO  server.RaftServerConfigKeys (ConfUtils.java:logGet(46)) - raft.server.leaderelection.leader.step-down.wait-time = 10s (default)
2024-02-27 07:44:59,833 [main] INFO  server.RaftServerConfigKeys (ConfUtils.java:logGet(46)) - raft.server.storage.dir = [/home/runner/work/ozone/ozone/hadoop-ozone/integration-test/target/test-dir/MiniOzoneClusterImpl-107870c4-38da-4dee-ace8-876b8e06d1b5/omNode-2/ratis] (custom)
2024-02-27 07:44:59,833 [main] INFO  server.RaftServerConfigKeys (ConfUtils.java:logGet(46)) - raft.server.threadpool.proxy.cached = true (default)
2024-02-27 07:44:59,834 [main] INFO  server.RaftServerConfigKeys (ConfUtils.java:logGet(46)) - raft.server.threadpool.proxy.size = 0 (default)
2024-02-27 07:44:59,834 [omNode-2-impl-thread1] INFO  server.RaftServer (RaftServerProxy.java:initGroupDir(264)) - omNode-2: found a subdirectory /home/runner/work/ozone/ozone/hadoop-ozone/integration-test/target/test-dir/MiniOzoneClusterImpl-107870c4-38da-4dee-ace8-876b8e06d1b5/omNode-2/ratis/c9bc4cf4-3bc3-3c60-a66b-523986131536
2024-02-27 07:44:59,835 [main] INFO  server.RaftServer (RaftServerProxy.java:addNew(100)) - omNode-2: addNew group-523986131536:[omNode-3|localhost:15101, omNode-1|localhost:15093, omNode-2|localhost:15097] returns group-523986131536:java.util.concurrent.CompletableFuture@2b69f552[Not completed]
2024-02-27 07:44:59,835 [main] INFO  om.OzoneManager (OzoneManager.java:initializeRatisServer(2140)) - OzoneManager Ratis server initialized at port 15097
2024-02-27 07:44:59,835 [main] INFO  ratis.OzoneManagerRatisServer (OzoneManagerRatisServer.java:start(588)) - Starting OzoneManagerRatisServer omNode-2 at port 15097
2024-02-27 07:44:59,835 [omNode-2-groupManagement] INFO  server.RaftServer$Division (RaftServerImpl.java:<init>(256)) - omNode-2: new RaftServerImpl for group-523986131536:[omNode-3|localhost:15101, omNode-1|localhost:15093, omNode-2|localhost:15097] with OzoneManagerStateMachine:uninitialized
2024-02-27 07:44:59,836 [omNode-2-groupManagement] INFO  server.RaftServerConfigKeys (ConfUtils.java:logGet(46)) - raft.server.rpc.timeout.min = 1s (custom)
2024-02-27 07:44:59,836 [omNode-2-groupManagement] INFO  server.RaftServerConfigKeys (ConfUtils.java:logGet(46)) - raft.server.rpc.timeout.max = 1200ms (custom)
2024-02-27 07:44:59,836 [omNode-2-groupManagement] INFO  server.RaftServerConfigKeys (ConfUtils.java:logGet(46)) - raft.server.rpc.sleep.time = 25ms (default)
2024-02-27 07:44:59,837 [omNode-2-groupManagement] INFO  server.RaftServerConfigKeys (ConfUtils.java:logGet(46)) - raft.server.rpc.slowness.timeout = 2s (custom)
2024-02-27 07:44:59,837 [omNode-2-groupManagement] INFO  server.RaftServerConfigKeys (ConfUtils.java:logGet(46)) - raft.server.leaderelection.leader.step-down.wait-time = 10s (default)
2024-02-27 07:44:59,837 [omNode-2-groupManagement] INFO  server.RaftServerConfigKeys (ConfUtils.java:logGet(46)) - raft.server.leaderelection.member.majority-add = false (default)
2024-02-27 07:44:59,837 [omNode-2-groupManagement] INFO  server.RaftServerConfigKeys (ConfUtils.java:logGet(46)) - raft.server.sleep.deviation.threshold = 300ms (default)
2024-02-27 07:44:59,838 [omNode-2-groupManagement] INFO  server.RaftServer$Division (ServerState.java:<init>(113)) - omNode-2@group-523986131536: ConfigurationManager, init=-1: peers:[omNode-3|localhost:15101, omNode-1|localhost:15093, omNode-2|localhost:15097]|listeners:[], old=null, confs=<EMPTY_MAP>
2024-02-27 07:44:59,838 [omNode-2-groupManagement] INFO  server.RaftServerConfigKeys (ConfUtils.java:logGet(46)) - raft.server.notification.no-leader.timeout = 2s (custom)
2024-02-27 07:44:59,838 [omNode-2-groupManagement] INFO  server.RaftServerConfigKeys (ConfUtils.java:logGet(46)) - raft.server.read.timeout = 10s (default)
2024-02-27 07:44:59,838 [omNode-2-groupManagement] INFO  server.RaftServerConfigKeys (ConfUtils.java:logGet(46)) - raft.server.retrycache.expirytime = 30000ms (custom)
2024-02-27 07:44:59,838 [omNode-2-groupManagement] INFO  server.RaftServerConfigKeys (ConfUtils.java:logGet(46)) - raft.server.retrycache.statistics.expirytime = 100ms (default)
2024-02-27 07:44:59,839 [omNode-2-groupManagement] INFO  server.RaftServerConfigKeys (ConfUtils.java:logGet(46)) - raft.server.read.option = DEFAULT (default)
2024-02-27 07:44:59,839 [omNode-2-groupManagement] INFO  server.RaftServerConfigKeys (ConfUtils.java:logGet(46)) - raft.server.read.read-after-write-consistent.write-index-cache.expiry-time = 60s (default)
2024-02-27 07:44:59,840 [omNode-2-groupManagement] INFO  server.RaftServerConfigKeys (ConfUtils.java:logGet(46)) - raft.server.rpc.request.timeout = 3000ms (default)
2024-02-27 07:44:59,840 [omNode-2-groupManagement] INFO  server.RaftServerConfigKeys (ConfUtils.java:logGet(46)) - raft.server.log.appender.install.snapshot.enabled = false (custom)
2024-02-27 07:44:59,840 [omNode-2-groupManagement] INFO  server.RaftServerConfigKeys (ConfUtils.java:logGet(46)) - raft.server.threadpool.server.cached = true (default)
2024-02-27 07:44:59,841 [omNode-2-groupManagement] INFO  server.RaftServerConfigKeys (ConfUtils.java:logGet(46)) - raft.server.threadpool.server.size = 0 (default)
2024-02-27 07:44:59,841 [omNode-2-groupManagement] INFO  server.RaftServerConfigKeys (ConfUtils.java:logGet(46)) - raft.server.threadpool.client.cached = true (default)
2024-02-27 07:44:59,841 [omNode-2-groupManagement] INFO  server.RaftServerConfigKeys (ConfUtils.java:logGet(46)) - raft.server.threadpool.client.size = 0 (default)
2024-02-27 07:44:59,841 [omNode-2-impl-thread1] INFO  server.RaftServerConfigKeys (ConfUtils.java:logGet(46)) - raft.server.storage.free-space.min = 0MB (=0) (default)
2024-02-27 07:44:59,841 [omNode-2-impl-thread1] INFO  server.RaftServerConfigKeys (ConfUtils.java:logGet(46)) - raft.server.log.corruption.policy = EXCEPTION (default)
2024-02-27 07:44:59,841 [omNode-2-impl-thread1] INFO  server.RaftServerConfigKeys (ConfUtils.java:logGet(46)) - raft.server.storage.dir = [/home/runner/work/ozone/ozone/hadoop-ozone/integration-test/target/test-dir/MiniOzoneClusterImpl-107870c4-38da-4dee-ace8-876b8e06d1b5/omNode-2/ratis] (custom)
2024-02-27 07:44:59,842 [omNode-2-impl-thread1] INFO  storage.RaftStorageDirectory (RaftStorageDirectoryImpl.java:tryLock(228)) - Lock on /home/runner/work/ozone/ozone/hadoop-ozone/integration-test/target/test-dir/MiniOzoneClusterImpl-107870c4-38da-4dee-ace8-876b8e06d1b5/omNode-2/ratis/c9bc4cf4-3bc3-3c60-a66b-523986131536/in_use.lock acquired by nodename 40924@fv-az699-61
2024-02-27 07:44:59,843 [omNode-2-impl-thread1] INFO  storage.RaftStorage (RaftStorageImpl.java:analyzeAndRecoverStorage(119)) - Read RaftStorageMetadata{term=1, votedFor=omNode-1} from /home/runner/work/ozone/ozone/hadoop-ozone/integration-test/target/test-dir/MiniOzoneClusterImpl-107870c4-38da-4dee-ace8-876b8e06d1b5/omNode-2/ratis/c9bc4cf4-3bc3-3c60-a66b-523986131536/current/raft-meta
2024-02-27 07:44:59,844 [omNode-2-impl-thread1] INFO  server.RaftServer$Division (ServerState.java:setRaftConf(386)) - omNode-2@group-523986131536: set configuration 0: peers:[omNode-3|localhost:15101, omNode-1|localhost:15093, omNode-2|localhost:15097]|listeners:[], old=null
2024-02-27 07:44:59,844 [omNode-2-impl-thread1] INFO  server.RaftServerConfigKeys (ConfUtils.java:logGet(46)) - raft.server.log.use.memory = false (default)
2024-02-27 07:44:59,844 [omNode-2-impl-thread1] INFO  server.RaftServerConfigKeys (ConfUtils.java:logGet(46)) - raft.server.log.purge.gap = 50 (custom)
2024-02-27 07:44:59,844 [omNode-2-impl-thread1] INFO  server.RaftServerConfigKeys (ConfUtils.java:logGet(46)) - raft.server.log.appender.buffer.byte-limit = 4194304 (custom)
2024-02-27 07:44:59,844 [omNode-2-impl-thread1] INFO  server.RaftServerConfigKeys (ConfUtils.java:logGet(46)) - raft.server.log.statemachine.data.read.timeout = 1000ms (default)
2024-02-27 07:44:59,844 [omNode-2-impl-thread1] INFO  server.RaftServerConfigKeys (ConfUtils.java:logGet(46)) - raft.server.log.purge.preservation.log.num = 0 (default)
2024-02-27 07:44:59,845 [omNode-2-impl-thread1] INFO  server.RaftServerConfigKeys (ConfUtils.java:logGet(46)) - raft.server.log.segment.size.max = 4194304 (custom)
2024-02-27 07:44:59,845 [omNode-2-impl-thread1] INFO  server.RaftServerConfigKeys (ConfUtils.java:logGet(46)) - raft.server.log.segment.cache.num.max = 2 (custom)
2024-02-27 07:44:59,845 [omNode-2-impl-thread1] INFO  server.RaftServerConfigKeys (ConfUtils.java:logGet(46)) - raft.server.log.segment.cache.size.max = 200MB (=209715200) (default)
2024-02-27 07:44:59,845 [omNode-2-impl-thread1] INFO  server.RaftServerConfigKeys (ConfUtils.java:logGet(46)) - raft.server.log.appender.buffer.byte-limit = 4194304 (custom)
2024-02-27 07:44:59,845 [omNode-2-impl-thread1] INFO  util.AwaitToRun (AwaitToRun.java:start(81)) - Thread[omNode-2@group-523986131536-cacheEviction-AwaitToRun,5,main] started
2024-02-27 07:44:59,845 [omNode-2-impl-thread1] INFO  segmented.SegmentedRaftLogWorker (SegmentedRaftLogWorker.java:<init>(182)) - new omNode-2@group-523986131536-SegmentedRaftLogWorker for RaftStorageImpl:Storage Directory /home/runner/work/ozone/ozone/hadoop-ozone/integration-test/target/test-dir/MiniOzoneClusterImpl-107870c4-38da-4dee-ace8-876b8e06d1b5/omNode-2/ratis/c9bc4cf4-3bc3-3c60-a66b-523986131536
2024-02-27 07:44:59,845 [omNode-2-impl-thread1] INFO  server.RaftServerConfigKeys (ConfUtils.java:logGet(46)) - raft.server.log.queue.byte-limit = 64MB (=67108864) (default)
2024-02-27 07:44:59,845 [omNode-2-impl-thread1] INFO  server.RaftServerConfigKeys (ConfUtils.java:logGet(46)) - raft.server.log.queue.element-limit = 4096 (default)
2024-02-27 07:44:59,846 [omNode-2-impl-thread1] INFO  server.RaftServerConfigKeys (ConfUtils.java:logGet(46)) - raft.server.log.segment.size.max = 4194304 (custom)
2024-02-27 07:44:59,846 [omNode-2-impl-thread1] INFO  server.RaftServerConfigKeys (ConfUtils.java:logGet(46)) - raft.server.log.preallocated.size = 4194304 (custom)
2024-02-27 07:44:59,846 [omNode-2-impl-thread1] INFO  server.RaftServerConfigKeys (ConfUtils.java:logGet(46)) - raft.server.log.force.sync.num = 128 (default)
2024-02-27 07:44:59,846 [omNode-2-impl-thread1] INFO  server.RaftServerConfigKeys (ConfUtils.java:logGet(46)) - raft.server.log.statemachine.data.sync = true (default)
2024-02-27 07:44:59,846 [omNode-2-impl-thread1] INFO  server.RaftServerConfigKeys (ConfUtils.java:logGet(46)) - raft.server.log.statemachine.data.sync.timeout = 10s (default)
2024-02-27 07:44:59,846 [omNode-2-impl-thread1] INFO  server.RaftServerConfigKeys (ConfUtils.java:logGet(46)) - raft.server.log.statemachine.data.sync.timeout.retry = -1 (default)
2024-02-27 07:44:59,846 [omNode-2-impl-thread1] INFO  server.RaftServerConfigKeys (ConfUtils.java:logGet(46)) - raft.server.log.write.buffer.size = 4194312 (custom)
2024-02-27 07:44:59,846 [omNode-2-impl-thread1] INFO  server.RaftServerConfigKeys (ConfUtils.java:logGet(46)) - raft.server.log.appender.buffer.byte-limit = 4194304 (custom)
2024-02-27 07:44:59,846 [omNode-2-impl-thread1] INFO  server.RaftServerConfigKeys (ConfUtils.java:logGet(46)) - raft.server.log.unsafe-flush.enabled = false (default)
2024-02-27 07:44:59,846 [omNode-2-impl-thread1] INFO  server.RaftServerConfigKeys (ConfUtils.java:logGet(46)) - raft.server.log.async-flush.enabled = false (default)
2024-02-27 07:44:59,846 [omNode-2-impl-thread1] INFO  server.RaftServerConfigKeys (ConfUtils.java:logGet(46)) - raft.server.log.statemachine.data.caching.enabled = false (default)
2024-02-27 07:44:59,847 [omNode-2-impl-thread1] INFO  server.RaftServer$Division (ServerState.java:setRaftConf(386)) - omNode-2@group-523986131536: set configuration 0: peers:[omNode-3|localhost:15101, omNode-1|localhost:15093, omNode-2|localhost:15097]|listeners:[], old=null
2024-02-27 07:44:59,848 [omNode-2-impl-thread1] INFO  segmented.LogSegment (LogSegment.java:loadSegment(170)) - Successfully read 53 entries from segment file /home/runner/work/ozone/ozone/hadoop-ozone/integration-test/target/test-dir/MiniOzoneClusterImpl-107870c4-38da-4dee-ace8-876b8e06d1b5/omNode-2/ratis/c9bc4cf4-3bc3-3c60-a66b-523986131536/current/log_inprogress_0
2024-02-27 07:44:59,848 [omNode-2-impl-thread1] INFO  segmented.SegmentedRaftLogWorker (SegmentedRaftLogWorker.java:lambda$new$0(134)) - omNode-2@group-523986131536-SegmentedRaftLogWorker: flushIndex: setUnconditionally 0 -> 52
2024-02-27 07:44:59,848 [omNode-2-impl-thread1] INFO  segmented.SegmentedRaftLogWorker (SegmentedRaftLogWorker.java:lambda$new$0(134)) - omNode-2@group-523986131536-SegmentedRaftLogWorker: safeCacheEvictIndex: setUnconditionally 0 -> -1
2024-02-27 07:44:59,849 [omNode-2-impl-thread1] INFO  segmented.BufferedWriteChannel (BufferedWriteChannel.java:open(62)) - open log_inprogress_0 (append) at position 16755
2024-02-27 07:44:59,849 [omNode-2-impl-thread1] INFO  server.RaftServer$Division (RaftServerImpl.java:start(396)) - omNode-2@group-523986131536: start as a follower, conf=0: peers:[omNode-3|localhost:15101, omNode-1|localhost:15093, omNode-2|localhost:15097]|listeners:[], old=null
2024-02-27 07:44:59,849 [omNode-2-impl-thread1] INFO  server.RaftServer$Division (RaftServerImpl.java:setRole(383)) - omNode-2@group-523986131536: changes role from      null to FOLLOWER at term 1 for startAsFollower
2024-02-27 07:44:59,849 [omNode-2-impl-thread1] INFO  impl.RoleInfo (RoleInfo.java:updateAndGet(139)) - omNode-2: start omNode-2@group-523986131536-FollowerState
2024-02-27 07:44:59,850 [omNode-2-impl-thread1] INFO  util.JmxRegister (JmxRegister.java:tryRegister(44)) - Successfully registered JMX Bean with object name Ratis:service=RaftServer,group=group-523986131536,id=omNode-2
2024-02-27 07:44:59,850 [omNode-2-impl-thread1] INFO  server.RaftServerConfigKeys (ConfUtils.java:logGet(46)) - raft.server.snapshot.trigger-when-stop.enabled = true (default)
2024-02-27 07:44:59,850 [omNode-2-impl-thread1] INFO  server.RaftServerConfigKeys (ConfUtils.java:logGet(46)) - raft.server.snapshot.auto.trigger.enabled = true (custom)
2024-02-27 07:44:59,850 [omNode-2-impl-thread1] INFO  server.RaftServerConfigKeys (ConfUtils.java:logGet(46)) - raft.server.snapshot.auto.trigger.threshold = 50 (custom)
2024-02-27 07:44:59,850 [omNode-2-impl-thread1] INFO  server.RaftServerConfigKeys (ConfUtils.java:logGet(46)) - raft.server.snapshot.retention.file.num = -1 (default)
2024-02-27 07:44:59,850 [omNode-2-impl-thread1] INFO  server.RaftServerConfigKeys (ConfUtils.java:logGet(46)) - raft.server.log.purge.upto.snapshot.index = true (custom)
2024-02-27 07:44:59,851 [main] INFO  server.RaftServer (RaftServerProxy.java:startImpl(406)) - omNode-2: start RPC server
2024-02-27 07:44:59,851 [omNode-2@group-523986131536-FollowerState] INFO  server.RaftServerConfigKeys (ConfUtils.java:logFallback(53)) - raft.server.rpc.first-election.timeout.min = 1s (fallback to raft.server.rpc.timeout.min)
2024-02-27 07:44:59,851 [omNode-2@group-523986131536-FollowerState] INFO  server.RaftServerConfigKeys (ConfUtils.java:logFallback(53)) - raft.server.rpc.first-election.timeout.max = 1200ms (fallback to raft.server.rpc.timeout.max)
2024-02-27 07:44:59,853 [main] INFO  server.GrpcService (GrpcService.java:startImpl(302)) - omNode-2: GrpcService started, listening on 15097
2024-02-27 07:44:59,853 [main] INFO  om.OzoneManager (OzoneManager.java:getRpcServer(1206)) - Creating RPC Server
2024-02-27 07:44:59,853 [JvmPauseMonitor38] INFO  util.JvmPauseMonitor (JvmPauseMonitor.java:run(146)) - JvmPauseMonitor-omNode-2: Started
2024-02-27 07:45:00,036 [main] INFO  ipc.CallQueueManager (CallQueueManager.java:<init>(90)) - Using callQueue: class java.util.concurrent.LinkedBlockingQueue, queueCapacity: 2000, scheduler: class org.apache.hadoop.ipc.DefaultRpcScheduler, ipcBackoff: false.
2024-02-27 07:45:00,037 [main] INFO  ipc.Server (Server.java:<init>(1287)) - Listener at localhost:15094
2024-02-27 07:45:00,037 [Socket Reader #1 for port 15094] INFO  ipc.Server (Server.java:run(1323)) - Starting Socket Reader #1 for port 15094
2024-02-27 07:45:00,041 [main] INFO  http.BaseHttpServer (BaseHttpServer.java:newHttpServer2BuilderForOzone(223)) - Starting Web-server for ozoneManager at: http://0.0.0.0:15095
2024-02-27 07:45:00,041 [main] INFO  http.BaseHttpServer (BaseHttpServer.java:<init>(110)) - Hadoop Security Enabled: false Ozone Security Enabled: false Ozone HTTP Security Enabled: false 
2024-02-27 07:45:00,042 [main] WARN  server.AuthenticationFilter (AuthenticationFilter.java:constructSecretProvider(240)) - Unable to initialize FileSignerSecretProvider, falling back to use random secrets. Reason: Could not read signature secret file: /home/runner/hadoop-http-auth-signature-secret
2024-02-27 07:45:00,047 [main] INFO  http.HttpRequestLog (HttpRequestLog.java:getRequestLog(86)) - Http request log for http.requests.ozoneManager is not defined
2024-02-27 07:45:00,048 [main] INFO  http.HttpServer2 (HttpServer2.java:addGlobalFilter(1036)) - Added global filter 'safety' (class=org.apache.hadoop.hdds.server.http.HttpServer2$QuotingInputFilter)
2024-02-27 07:45:00,048 [main] INFO  http.HttpServer2 (HttpServer2.java:addFilter(1012)) - Added filter static_user_filter (class=org.apache.hadoop.http.lib.StaticUserWebFilter$StaticUserFilter) to context ozoneManager
2024-02-27 07:45:00,049 [main] INFO  http.HttpServer2 (HttpServer2.java:addFilter(1020)) - Added filter static_user_filter (class=org.apache.hadoop.http.lib.StaticUserWebFilter$StaticUserFilter) to context logs
2024-02-27 07:45:00,049 [main] INFO  http.HttpServer2 (HttpServer2.java:addFilter(1020)) - Added filter static_user_filter (class=org.apache.hadoop.http.lib.StaticUserWebFilter$StaticUserFilter) to context static
2024-02-27 07:45:00,049 [main] INFO  http.BaseHttpServer (BaseHttpServer.java:<init>(189)) - HTTP server of ozoneManager uses base directory /home/runner/work/ozone/ozone/hadoop-ozone/integration-test/target/test-dir/MiniOzoneClusterImpl-107870c4-38da-4dee-ace8-876b8e06d1b5/omNode-2/webserver
2024-02-27 07:45:00,049 [main] INFO  http.HttpServer2 (HttpServer2.java:bindListener(1236)) - Jetty bound to port 15095
2024-02-27 07:45:00,049 [main] INFO  server.Server (Server.java:doStart(375)) - jetty-9.4.53.v20231009; built: 2023-10-09T12:29:09.265Z; git: 27bde00a0b95a1d5bbee0eae7984f891d2d0f8c9; jvm 1.8.0_402-b06
2024-02-27 07:45:00,050 [main] INFO  server.session (DefaultSessionIdManager.java:doStart(334)) - DefaultSessionIdManager workerName=node0
2024-02-27 07:45:00,050 [main] INFO  server.session (DefaultSessionIdManager.java:doStart(339)) - No SessionScavenger set, using defaults
2024-02-27 07:45:00,050 [main] INFO  server.session (HouseKeeper.java:startScavenging(132)) - node0 Scavenging every 660000ms
2024-02-27 07:45:00,051 [main] INFO  handler.ContextHandler (ContextHandler.java:doStart(921)) - Started o.e.j.s.ServletContextHandler@5419e14{logs,/logs,file:///home/runner/work/ozone/ozone/hadoop-ozone/integration-test/target/log,AVAILABLE}
2024-02-27 07:45:00,051 [main] INFO  handler.ContextHandler (ContextHandler.java:doStart(921)) - Started o.e.j.s.ServletContextHandler@27de2046{static,/static,file:///home/runner/work/ozone/ozone/hadoop-ozone/integration-test/target/test-classes/webapps/static,AVAILABLE}
2024-02-27 07:45:00,053 [main] INFO  handler.ContextHandler (ContextHandler.java:doStart(921)) - Started o.e.j.w.WebAppContext@3bf99eed{ozoneManager,/,file:///home/runner/work/ozone/ozone/hadoop-ozone/integration-test/target/test-classes/webapps/ozoneManager/,AVAILABLE}{file:/home/runner/work/ozone/ozone/hadoop-ozone/integration-test/target/test-classes/webapps/ozoneManager}
2024-02-27 07:45:00,053 [main] INFO  server.AbstractConnector (AbstractConnector.java:doStart(333)) - Started ServerConnector@69252ccb{HTTP/1.1, (http/1.1)}{0.0.0.0:15095}
2024-02-27 07:45:00,053 [main] INFO  server.Server (Server.java:doStart(415)) - Started @382761ms
2024-02-27 07:45:00,054 [main] WARN  impl.MetricsSystemImpl (MetricsSystemImpl.java:register(279)) - Sink prometheus already exists!
2024-02-27 07:45:00,054 [main] INFO  http.BaseHttpServer (BaseHttpServer.java:updateConnectorAddress(354)) - HTTP server of ozoneManager listening at http://0.0.0.0:15095
2024-02-27 07:45:00,054 [IPC Server Responder] INFO  ipc.Server (Server.java:run(1562)) - IPC Server Responder: starting
2024-02-27 07:45:00,054 [IPC Server listener on 15094] INFO  ipc.Server (Server.java:run(1402)) - IPC Server listener on 15094: starting
2024-02-27 07:45:00,057 [main] INFO  om.OzoneManager (OzoneManager.java:startTrashEmptier(2093)) - Trash Interval set to 0. Files deleted won't move to trash
]]></system-out>
    </rerunError>
    <rerunError type="java.util.concurrent.TimeoutException">
      <stackTrace><![CDATA[java.util.concurrent.TimeoutException: timeout: after 120000 millis
	at org.apache.ozone.test.LambdaTestUtils$GenerateTimeout.evaluate(LambdaTestUtils.java:290)
	at org.apache.ozone.test.LambdaTestUtils.await(LambdaTestUtils.java:142)
	at org.apache.ozone.test.LambdaTestUtils.await(LambdaTestUtils.java:180)
	at org.apache.hadoop.ozone.om.TestOzoneManagerPrepare.assertClusterPrepared(TestOzoneManagerPrepare.java:465)
	at org.apache.hadoop.ozone.om.TestOzoneManagerPrepare.assertClusterPrepared(TestOzoneManagerPrepare.java:455)
	at org.apache.hadoop.ozone.om.TestOzoneManagerPrepare.testCancelPrepare(TestOzoneManagerPrepare.java:317)
	at java.lang.reflect.Method.invoke(Method.java:498)
	at java.util.ArrayList.forEach(ArrayList.java:1259)
	at java.util.ArrayList.forEach(ArrayList.java:1259)
]]></stackTrace>
      <system-out><![CDATA[2024-02-27 07:45:06,173 [main] WARN  server.ServerUtils (ServerUtils.java:getScmDbDir(143)) - ozone.scm.db.dirs is not configured. We recommend adding this setting. Falling back to ozone.metadata.dirs instead.
2024-02-27 07:45:06,175 [main] WARN  server.ServerUtils (ServerUtils.java:getScmDbDir(143)) - ozone.scm.db.dirs is not configured. We recommend adding this setting. Falling back to ozone.metadata.dirs instead.
2024-02-27 07:45:06,176 [main] INFO  ha.SCMHANodeDetails (SCMHANodeDetails.java:loadSCMHAConfig(207)) - ServiceID for StorageContainerManager is null
2024-02-27 07:45:06,176 [main] INFO  ha.SCMHANodeDetails (SCMHANodeDetails.java:loadSCMHAConfig(212)) - ozone.scm.default.service.id is not defined, falling back to ozone.scm.service.ids to find serviceID for StorageContainerManager if it is HA enabled cluster
2024-02-27 07:45:06,177 [main] WARN  utils.HAUtils (HAUtils.java:getMetaDir(339)) - ozone.scm.db.dirs is not configured. We recommend adding this setting. Falling back to ozone.metadata.dirs instead.
2024-02-27 07:45:06,177 [main] WARN  db.DBStoreBuilder (DBStoreBuilder.java:applyDBDefinition(171)) - ozone.scm.db.dirs is not configured. We recommend adding this setting. Falling back to ozone.metadata.dirs instead.
2024-02-27 07:45:06,289 [main] INFO  net.NodeSchemaLoader (NodeSchemaLoader.java:loadSchemaFromFile(129)) - Loading schema from [jar:file:/home/runner/.m2/repository/org/apache/ozone/hdds-common/1.5.0-SNAPSHOT/hdds-common-1.5.0-SNAPSHOT.jar!/network-topology-default.xml]
2024-02-27 07:45:06,289 [main] INFO  net.NodeSchemaLoader (NodeSchemaLoader.java:loadSchema(176)) - Loading network topology layer schema file
2024-02-27 07:45:06,292 [main] INFO  upgrade.AbstractLayoutVersionManager (AbstractLayoutVersionManager.java:init(83)) - Initializing Layout version manager with metadata layout = HADOOP_PRC_PORTS_IN_DATANODEDETAILS (version = 7), software layout = HADOOP_PRC_PORTS_IN_DATANODEDETAILS (version = 7)
2024-02-27 07:45:06,294 [main] INFO  ha.SequenceIdGenerator (SequenceIdGenerator.java:upgradeToSequenceId(370)) - upgrade localId to 113750153625600000
2024-02-27 07:45:06,294 [main] INFO  ha.SequenceIdGenerator (SequenceIdGenerator.java:upgradeToSequenceId(380)) - upgrade delTxnId to 0
2024-02-27 07:45:06,295 [main] INFO  ha.SequenceIdGenerator (SequenceIdGenerator.java:upgradeToSequenceId(397)) - upgrade containerId to 0
2024-02-27 07:45:06,296 [main] INFO  ha.SequenceIdGenerator (SequenceIdGenerator.java:upgradeToCertificateSequenceId(444)) - upgrade CertificateId to 2
2024-02-27 07:45:06,296 [main] INFO  ha.SequenceIdGenerator (SequenceIdGenerator.java:<init>(241)) - Init the HA SequenceIdGenerator.
2024-02-27 07:45:06,297 [main] WARN  server.ServerUtils (ServerUtils.java:sanitizeUserArgs(79)) - ozone.scm.stale.node.interval value = 300000 is larger than max = 100000 based on the key value of ozone.scm.heartbeat.thread.interval, reset to the max value 100000.
2024-02-27 07:45:06,297 [main] WARN  server.ServerUtils (ServerUtils.java:sanitizeUserArgs(79)) - ozone.scm.stale.node.interval value = 300000 is larger than max = 100000 based on the key value of ozone.scm.heartbeat.thread.interval, reset to the max value 100000.
2024-02-27 07:45:06,297 [main] INFO  node.SCMNodeManager (SCMNodeManager.java:<init>(177)) - Entering startup safe mode.
2024-02-27 07:45:06,298 [main] INFO  algorithms.ContainerPlacementPolicyFactory (ContainerPlacementPolicyFactory.java:getPolicyInternal(86)) - Create container placement policy of type org.apache.hadoop.hdds.scm.container.placement.algorithms.SCMContainerPlacementRackAware
2024-02-27 07:45:06,298 [main] INFO  algorithms.ContainerPlacementPolicyFactory (ContainerPlacementPolicyFactory.java:getPolicyInternal(86)) - Create container placement policy of type org.apache.hadoop.hdds.scm.container.placement.algorithms.SCMContainerPlacementRackScatter
2024-02-27 07:45:06,298 [main] INFO  pipeline.PipelineStateManagerImpl (PipelineStateManagerImpl.java:initialize(78)) - No pipeline exists in current db
2024-02-27 07:45:06,298 [main] INFO  algorithms.LeaderChoosePolicyFactory (LeaderChoosePolicyFactory.java:getPolicy(57)) - Create leader choose policy of type org.apache.hadoop.hdds.scm.pipeline.leader.choose.algorithms.MinLeaderCountChoosePolicy
2024-02-27 07:45:06,298 [main] INFO  algorithms.ContainerPlacementPolicyFactory (ContainerPlacementPolicyFactory.java:getPolicyInternal(86)) - Create container placement policy of type org.apache.hadoop.hdds.scm.container.placement.algorithms.SCMContainerPlacementRackScatter
2024-02-27 07:45:06,299 [main] INFO  ha.SCMServiceManager (SCMServiceManager.java:register(42)) - Registering service BackgroundPipelineCreator.
2024-02-27 07:45:06,299 [main] INFO  pipeline.BackgroundPipelineCreator (BackgroundPipelineCreator.java:start(127)) - Starting RatisPipelineUtilsThread.
2024-02-27 07:45:06,299 [main] INFO  BackgroundPipelineScrubber (BackgroundSCMService.java:start(65)) - Starting BackgroundPipelineScrubber Service.
2024-02-27 07:45:06,299 [main] INFO  ha.SCMServiceManager (SCMServiceManager.java:register(42)) - Registering service BackgroundPipelineScrubber.
2024-02-27 07:45:06,300 [main] INFO  ExpiredContainerReplicaOpScrubber (BackgroundSCMService.java:start(65)) - Starting ExpiredContainerReplicaOpScrubber Service.
2024-02-27 07:45:06,300 [main] INFO  ha.SCMServiceManager (SCMServiceManager.java:register(42)) - Registering service ExpiredContainerReplicaOpScrubber.
2024-02-27 07:45:06,301 [main] INFO  algorithms.PipelineChoosePolicyFactory (PipelineChoosePolicyFactory.java:createPipelineChoosePolicyFromClass(80)) - Create pipeline choose policy of type org.apache.hadoop.hdds.scm.pipeline.choose.algorithms.RandomPipelineChoosePolicy
2024-02-27 07:45:06,301 [main] INFO  algorithms.PipelineChoosePolicyFactory (PipelineChoosePolicyFactory.java:createPipelineChoosePolicyFromClass(80)) - Create pipeline choose policy of type org.apache.hadoop.hdds.scm.pipeline.choose.algorithms.RandomPipelineChoosePolicy
2024-02-27 07:45:06,301 [main] INFO  ha.SCMServiceManager (SCMServiceManager.java:register(42)) - Registering service SCMBlockDeletingService.
2024-02-27 07:45:06,302 [main] INFO  replication.ReplicationManager (ReplicationManager.java:start(295)) - Starting Replication Monitor Thread.
2024-02-27 07:45:06,313 [ReplicationMonitor] INFO  replication.ReplicationManager (ReplicationManager.java:processAll(370)) - Replication Manager is not ready to run until 3000ms after safemode exit
2024-02-27 07:45:06,313 [main] INFO  ha.SCMServiceManager (SCMServiceManager.java:register(42)) - Registering service ReplicationManager.
2024-02-27 07:45:06,315 [main] INFO  safemode.ContainerSafeModeRule (ContainerSafeModeRule.java:<init>(91)) - containers with one replica threshold count 0
2024-02-27 07:45:06,315 [main] INFO  safemode.HealthyPipelineSafeModeRule (HealthyPipelineSafeModeRule.java:initializeRule(176)) - Total pipeline count is 0, healthy pipeline threshold count is 1
2024-02-27 07:45:06,315 [main] INFO  safemode.OneReplicaPipelineSafeModeRule (OneReplicaPipelineSafeModeRule.java:initializeRule(193)) - Total pipeline count is 0, pipeline's with at least one datanode reported threshold count is 0
2024-02-27 07:45:06,316 [main] INFO  server.StorageContainerManager (StorageContainerManager.java:<init>(440)) - SCM start with adminUsers: [*, runner]
2024-02-27 07:45:06,316 [main] INFO  ipc.CallQueueManager (CallQueueManager.java:<init>(90)) - Using callQueue: class java.util.concurrent.LinkedBlockingQueue, queueCapacity: 10000, scheduler: class org.apache.hadoop.ipc.DefaultRpcScheduler, ipcBackoff: false.
2024-02-27 07:45:06,316 [main] INFO  ipc.Server (Server.java:<init>(1287)) - Listener at 0.0.0.0:15131
2024-02-27 07:45:06,316 [Socket Reader #1 for port 15131] INFO  ipc.Server (Server.java:run(1323)) - Starting Socket Reader #1 for port 15131
2024-02-27 07:45:06,317 [main] INFO  ipc.CallQueueManager (CallQueueManager.java:<init>(90)) - Using callQueue: class java.util.concurrent.LinkedBlockingQueue, queueCapacity: 10000, scheduler: class org.apache.hadoop.ipc.DefaultRpcScheduler, ipcBackoff: false.
2024-02-27 07:45:06,317 [main] INFO  ipc.Server (Server.java:<init>(1287)) - Listener at 0.0.0.0:15130
2024-02-27 07:45:06,318 [Socket Reader #1 for port 15130] INFO  ipc.Server (Server.java:run(1323)) - Starting Socket Reader #1 for port 15130
2024-02-27 07:45:06,318 [main] INFO  ipc.CallQueueManager (CallQueueManager.java:<init>(90)) - Using callQueue: class java.util.concurrent.LinkedBlockingQueue, queueCapacity: 10000, scheduler: class org.apache.hadoop.ipc.DefaultRpcScheduler, ipcBackoff: false.
2024-02-27 07:45:06,319 [main] INFO  ipc.Server (Server.java:<init>(1287)) - Listener at 0.0.0.0:15129
2024-02-27 07:45:06,319 [Socket Reader #1 for port 15129] INFO  ipc.Server (Server.java:run(1323)) - Starting Socket Reader #1 for port 15129
2024-02-27 07:45:06,321 [main] INFO  ha.SCMServiceManager (SCMServiceManager.java:register(42)) - Registering service ContainerBalancer.
2024-02-27 07:45:06,322 [main] INFO  ha.SCMContext (SCMContext.java:updateSafeModeStatus(225)) - Update SafeModeStatus from SafeModeStatus{safeModeStatus=true, preCheckPassed=false} to SafeModeStatus{safeModeStatus=true, preCheckPassed=false}.
2024-02-27 07:45:06,322 [main] INFO  server.StorageContainerManager (StorageContainerManager.java:start(1545)) - StorageContainerLocationProtocol RPC server is listening at /0.0.0.0:15129
2024-02-27 07:45:06,323 [main] WARN  impl.MetricsConfig (MetricsConfig.java:loadFirst(136)) - Cannot locate configuration: tried hadoop-metrics2-storagecontainermanager.properties,hadoop-metrics2.properties
2024-02-27 07:45:06,324 [main] INFO  impl.MetricsSystemImpl (MetricsSystemImpl.java:startTimer(378)) - Scheduled Metric snapshot period at 10 second(s).
2024-02-27 07:45:06,324 [main] INFO  impl.MetricsSystemImpl (MetricsSystemImpl.java:start(191)) - StorageContainerManager metrics system started
2024-02-27 07:45:06,338 [main] INFO  impl.MetricsSinkAdapter (MetricsSinkAdapter.java:start(204)) - Sink prometheus started
2024-02-27 07:45:06,338 [main] INFO  impl.MetricsSystemImpl (MetricsSystemImpl.java:registerSink(305)) - Registered sink prometheus
2024-02-27 07:45:06,351 [main] INFO  server.SCMClientProtocolServer (SCMClientProtocolServer.java:start(204)) - RPC server for Client  is listening at /0.0.0.0:15129
2024-02-27 07:45:06,351 [IPC Server Responder] INFO  ipc.Server (Server.java:run(1562)) - IPC Server Responder: starting
2024-02-27 07:45:06,352 [IPC Server listener on 15129] INFO  ipc.Server (Server.java:run(1402)) - IPC Server listener on 15129: starting
2024-02-27 07:45:06,366 [main] INFO  server.StorageContainerManager (StorageContainerManager.java:start(1558)) - ScmBlockLocationProtocol RPC server is listening at /0.0.0.0:15130
2024-02-27 07:45:06,367 [main] INFO  server.SCMBlockProtocolServer (SCMBlockProtocolServer.java:start(160)) - RPC server for Block Protocol is listening at /0.0.0.0:15130
2024-02-27 07:45:06,367 [IPC Server Responder] INFO  ipc.Server (Server.java:run(1562)) - IPC Server Responder: starting
2024-02-27 07:45:06,367 [IPC Server listener on 15130] INFO  ipc.Server (Server.java:run(1402)) - IPC Server listener on 15130: starting
2024-02-27 07:45:06,389 [main] INFO  server.SCMDatanodeProtocolServer (SCMDatanodeProtocolServer.java:start(194)) - ScmDatanodeProtocol RPC server for DataNodes is listening at /0.0.0.0:15131
2024-02-27 07:45:06,390 [IPC Server Responder] INFO  ipc.Server (Server.java:run(1562)) - IPC Server Responder: starting
2024-02-27 07:45:06,390 [IPC Server listener on 15131] INFO  ipc.Server (Server.java:run(1402)) - IPC Server listener on 15131: starting
2024-02-27 07:45:06,405 [JvmPauseMonitor39] INFO  util.JvmPauseMonitor (JvmPauseMonitor.java:run(146)) - JvmPauseMonitor-08db3503-4b9e-4ab5-99e0-4084f3a3f113: Started
2024-02-27 07:45:06,405 [main] INFO  http.BaseHttpServer (BaseHttpServer.java:newHttpServer2BuilderForOzone(223)) - Starting Web-server for scm at: http://0.0.0.0:15132
2024-02-27 07:45:06,405 [main] INFO  http.BaseHttpServer (BaseHttpServer.java:<init>(110)) - Hadoop Security Enabled: false Ozone Security Enabled: false Ozone HTTP Security Enabled: false 
2024-02-27 07:45:06,406 [main] WARN  server.AuthenticationFilter (AuthenticationFilter.java:constructSecretProvider(240)) - Unable to initialize FileSignerSecretProvider, falling back to use random secrets. Reason: Could not read signature secret file: /home/runner/hadoop-http-auth-signature-secret
2024-02-27 07:45:06,407 [main] INFO  http.HttpRequestLog (HttpRequestLog.java:getRequestLog(86)) - Http request log for http.requests.scm is not defined
2024-02-27 07:45:06,407 [main] INFO  http.HttpServer2 (HttpServer2.java:addGlobalFilter(1036)) - Added global filter 'safety' (class=org.apache.hadoop.hdds.server.http.HttpServer2$QuotingInputFilter)
2024-02-27 07:45:06,407 [main] INFO  http.HttpServer2 (HttpServer2.java:addFilter(1012)) - Added filter static_user_filter (class=org.apache.hadoop.http.lib.StaticUserWebFilter$StaticUserFilter) to context scm
2024-02-27 07:45:06,408 [main] INFO  http.HttpServer2 (HttpServer2.java:addFilter(1020)) - Added filter static_user_filter (class=org.apache.hadoop.http.lib.StaticUserWebFilter$StaticUserFilter) to context static
2024-02-27 07:45:06,408 [main] INFO  http.HttpServer2 (HttpServer2.java:addFilter(1020)) - Added filter static_user_filter (class=org.apache.hadoop.http.lib.StaticUserWebFilter$StaticUserFilter) to context logs
2024-02-27 07:45:06,408 [main] INFO  http.BaseHttpServer (BaseHttpServer.java:<init>(189)) - HTTP server of scm uses base directory /home/runner/work/ozone/ozone/hadoop-ozone/integration-test/target/test-dir/MiniOzoneClusterImpl-b00976b7-23bc-4195-b1b8-a51685bf3827/ozone-meta/webserver
2024-02-27 07:45:06,408 [main] INFO  http.HttpServer2 (HttpServer2.java:bindListener(1236)) - Jetty bound to port 15132
2024-02-27 07:45:06,408 [main] INFO  server.Server (Server.java:doStart(375)) - jetty-9.4.53.v20231009; built: 2023-10-09T12:29:09.265Z; git: 27bde00a0b95a1d5bbee0eae7984f891d2d0f8c9; jvm 1.8.0_402-b06
2024-02-27 07:45:06,413 [main] INFO  server.session (DefaultSessionIdManager.java:doStart(334)) - DefaultSessionIdManager workerName=node0
2024-02-27 07:45:06,413 [main] INFO  server.session (DefaultSessionIdManager.java:doStart(339)) - No SessionScavenger set, using defaults
2024-02-27 07:45:06,414 [main] INFO  server.session (HouseKeeper.java:startScavenging(132)) - node0 Scavenging every 600000ms
2024-02-27 07:45:06,414 [main] INFO  handler.ContextHandler (ContextHandler.java:doStart(921)) - Started o.e.j.s.ServletContextHandler@fabfb36{logs,/logs,file:///home/runner/work/ozone/ozone/hadoop-ozone/integration-test/target/log,AVAILABLE}
2024-02-27 07:45:06,414 [main] INFO  handler.ContextHandler (ContextHandler.java:doStart(921)) - Started o.e.j.s.ServletContextHandler@db9c883{static,/static,file:///home/runner/work/ozone/ozone/hadoop-ozone/integration-test/target/test-classes/webapps/static,AVAILABLE}
2024-02-27 07:45:06,416 [main] INFO  handler.ContextHandler (ContextHandler.java:doStart(921)) - Started o.e.j.w.WebAppContext@71a22720{scm,/,file:///home/runner/work/ozone/ozone/hadoop-ozone/integration-test/target/test-classes/webapps/scm/,AVAILABLE}{file:/home/runner/work/ozone/ozone/hadoop-ozone/integration-test/target/test-classes/webapps/scm}
2024-02-27 07:45:06,417 [main] INFO  server.AbstractConnector (AbstractConnector.java:doStart(333)) - Started ServerConnector@32e72c5d{HTTP/1.1, (http/1.1)}{0.0.0.0:15132}
2024-02-27 07:45:06,417 [main] INFO  server.Server (Server.java:doStart(415)) - Started @389125ms
2024-02-27 07:45:06,418 [main] WARN  impl.MetricsSystemImpl (MetricsSystemImpl.java:register(279)) - Sink prometheus already exists!
2024-02-27 07:45:06,418 [main] INFO  http.BaseHttpServer (BaseHttpServer.java:updateConnectorAddress(354)) - HTTP server of scm listening at http://0.0.0.0:15132
2024-02-27 07:45:06,419 [main] INFO  ha.OMHANodeDetails (OMHANodeDetails.java:loadOMHAConfig(121)) - ServiceID for OzoneManager is om-service-test1
2024-02-27 07:45:06,419 [main] INFO  ha.OMHANodeDetails (OMHANodeDetails.java:loadOMHAConfig(201)) - Found matching OM address with OMServiceId: om-service-test1, OMNodeId: omNode-1, RPC Address: localhost:15133 and Ratis port: 15136
2024-02-27 07:45:06,419 [main] INFO  ha.OMHANodeDetails (ConfUtils.java:setNodeSpecificConfigs(97)) - Setting configuration key ozone.om.http-address with value of key ozone.om.http-address.om-service-test1.omNode-1: 127.0.0.1:15134
2024-02-27 07:45:06,419 [main] INFO  ha.OMHANodeDetails (ConfUtils.java:setNodeSpecificConfigs(97)) - Setting configuration key ozone.om.https-address with value of key ozone.om.https-address.om-service-test1.omNode-1: 127.0.0.1:15135
2024-02-27 07:45:06,419 [main] INFO  ha.OMHANodeDetails (ConfUtils.java:setNodeSpecificConfigs(97)) - Setting configuration key ozone.om.address with value of key ozone.om.address.om-service-test1.omNode-1: 127.0.0.1:15133
2024-02-27 07:45:06,420 [main] WARN  server.ServerUtils (ServerUtils.java:getDBPath(299)) - ozone.om.db.dirs is not configured. We recommend adding this setting. Falling back to ozone.metadata.dirs instead.
2024-02-27 07:45:06,420 [main] INFO  proxy.SCMBlockLocationFailoverProxyProvider (SCMBlockLocationFailoverProxyProvider.java:<init>(115)) - Created block location fail-over proxy with 1 nodes: [nodeId=scmNodeId,nodeAddress=/0.0.0.0:15130]
OM initialization succeeded.Current cluster id for sd=/home/runner/work/ozone/ozone/hadoop-ozone/integration-test/target/test-dir/MiniOzoneClusterImpl-b00976b7-23bc-4195-b1b8-a51685bf3827/omNode-1/om;cid=b00976b7-23bc-4195-b1b8-a51685bf3827;layoutVersion=6
2024-02-27 07:45:06,426 [main] INFO  ha.OMHANodeDetails (OMHANodeDetails.java:loadOMHAConfig(121)) - ServiceID for OzoneManager is om-service-test1
2024-02-27 07:45:06,426 [main] INFO  ha.OMHANodeDetails (OMHANodeDetails.java:loadOMHAConfig(201)) - Found matching OM address with OMServiceId: om-service-test1, OMNodeId: omNode-1, RPC Address: localhost:15133 and Ratis port: 15136
2024-02-27 07:45:06,426 [main] INFO  ha.OMHANodeDetails (ConfUtils.java:setNodeSpecificConfigs(97)) - Setting configuration key ozone.om.http-address with value of key ozone.om.http-address.om-service-test1.omNode-1: 127.0.0.1:15134
2024-02-27 07:45:06,426 [main] INFO  ha.OMHANodeDetails (ConfUtils.java:setNodeSpecificConfigs(97)) - Setting configuration key ozone.om.https-address with value of key ozone.om.https-address.om-service-test1.omNode-1: 127.0.0.1:15135
2024-02-27 07:45:06,426 [main] INFO  ha.OMHANodeDetails (ConfUtils.java:setNodeSpecificConfigs(97)) - Setting configuration key ozone.om.address with value of key ozone.om.address.om-service-test1.omNode-1: 127.0.0.1:15133
2024-02-27 07:45:06,426 [main] WARN  server.ServerUtils (ServerUtils.java:getDBPath(299)) - ozone.om.db.dirs is not configured. We recommend adding this setting. Falling back to ozone.metadata.dirs instead.
2024-02-27 07:45:06,427 [main] INFO  upgrade.AbstractLayoutVersionManager (AbstractLayoutVersionManager.java:init(83)) - Initializing Layout version manager with metadata layout = QUOTA (version = 6), software layout = QUOTA (version = 6)
2024-02-27 07:45:06,467 [main] INFO  upgrade.OMLayoutVersionManager (OMLayoutVersionManager.java:lambda$0(113)) - Skipping Upgrade Action QuotaRepairUpgradeAction since it has been finalized.
2024-02-27 07:45:06,467 [main] INFO  upgrade.OMLayoutVersionManager (OMLayoutVersionManager.java:lambda$0(113)) - Skipping Upgrade Action MockOmUpgradeAction since it has been finalized.
2024-02-27 07:45:06,467 [main] WARN  server.ServerUtils (ServerUtils.java:getDBPath(299)) - ozone.om.db.dirs is not configured. We recommend adding this setting. Falling back to ozone.metadata.dirs instead.
2024-02-27 07:45:06,468 [main] INFO  proxy.SCMBlockLocationFailoverProxyProvider (SCMBlockLocationFailoverProxyProvider.java:<init>(115)) - Created block location fail-over proxy with 1 nodes: [nodeId=scmNodeId,nodeAddress=/0.0.0.0:15130]
2024-02-27 07:45:06,469 [main] INFO  proxy.SCMBlockLocationFailoverProxyProvider (SCMBlockLocationFailoverProxyProvider.java:<init>(115)) - Created block location fail-over proxy with 1 nodes: [nodeId=scmNodeId,nodeAddress=/0.0.0.0:15130]
2024-02-27 07:45:06,475 [main] INFO  om.OzoneManager (OzoneManager.java:<init>(672)) - OM start with adminUsers: [*, runner]
2024-02-27 07:45:06,476 [main] WARN  server.ServerUtils (ServerUtils.java:getDBPath(299)) - ozone.om.db.dirs is not configured. We recommend adding this setting. Falling back to ozone.metadata.dirs instead.
2024-02-27 07:45:06,476 [main] INFO  helpers.OmKeyInfo (OmKeyInfo.java:getCodec(71)) - OmKeyInfo.getCodec ignorePipeline = true
2024-02-27 07:45:06,621 [main] INFO  om.OzoneManager (OzoneManager.java:instantiateServices(804)) - S3 Multi-Tenancy is disabled
2024-02-27 07:45:06,622 [main] INFO  om.OmSnapshotManager (OmSnapshotManager.java:<init>(177)) - Ozone filesystem snapshot feature is enabled.
2024-02-27 07:45:06,622 [main] WARN  server.ServerUtils (ServerUtils.java:getDBPath(299)) - ozone.om.snapshot.diff.db.dir is not configured. We recommend adding this setting. Falling back to ozone.metadata.dirs instead.
2024-02-27 07:45:06,643 [main] INFO  utils.NativeLibraryLoader (NativeLibraryLoader.java:loadLibrary(108)) - Loading Library: ozone_rocksdb_tools
2024-02-27 07:45:06,644 [main] ERROR snapshot.SnapshotDiffManager (SnapshotDiffManager.java:initNativeLibraryForEfficientDiff(287)) - Native Library for raw sst file reading loading failed.
org.apache.hadoop.hdds.utils.NativeLibraryNotLoadedException: Unable to load library ozone_rocksdb_tools from both java.library.path & resource file libozone_rocksdb_tools.so from jar.
	at org.apache.hadoop.hdds.utils.db.managed.ManagedRawSSTFileReader.loadLibrary(ManagedRawSSTFileReader.java:38)
	at org.apache.hadoop.ozone.om.snapshot.SnapshotDiffManager.initNativeLibraryForEfficientDiff(SnapshotDiffManager.java:285)
	at org.apache.hadoop.ozone.om.snapshot.SnapshotDiffManager.<init>(SnapshotDiffManager.java:259)
	at org.apache.hadoop.ozone.om.OmSnapshotManager.<init>(OmSnapshotManager.java:279)
	at org.apache.hadoop.ozone.om.OzoneManager.instantiateServices(OzoneManager.java:856)
	at org.apache.hadoop.ozone.om.OzoneManager.<init>(OzoneManager.java:682)
	at org.apache.hadoop.ozone.om.OzoneManager.createOm(OzoneManager.java:767)
	at org.apache.hadoop.ozone.MiniOzoneHAClusterImpl$Builder.createOMService(MiniOzoneHAClusterImpl.java:467)
	at org.apache.hadoop.ozone.MiniOzoneHAClusterImpl$Builder.build(MiniOzoneHAClusterImpl.java:387)
	at org.apache.hadoop.ozone.om.TestOzoneManagerHA.init(TestOzoneManagerHA.java:184)
	at sun.reflect.NativeMethodAccessorImpl.invoke0(Native Method)
	at sun.reflect.NativeMethodAccessorImpl.invoke(NativeMethodAccessorImpl.java:62)
	at sun.reflect.DelegatingMethodAccessorImpl.invoke(DelegatingMethodAccessorImpl.java:43)
	at java.lang.reflect.Method.invoke(Method.java:498)
	at org.junit.platform.commons.util.ReflectionUtils.invokeMethod(ReflectionUtils.java:728)
	at org.junit.jupiter.engine.execution.MethodInvocation.proceed(MethodInvocation.java:60)
	at org.junit.jupiter.engine.execution.InvocationInterceptorChain$ValidatingInvocation.proceed(InvocationInterceptorChain.java:131)
	at org.junit.jupiter.engine.extension.TimeoutExtension.intercept(TimeoutExtension.java:156)
	at org.junit.jupiter.engine.extension.TimeoutExtension.interceptLifecycleMethod(TimeoutExtension.java:128)
	at org.junit.jupiter.engine.extension.TimeoutExtension.interceptBeforeAllMethod(TimeoutExtension.java:70)
	at org.junit.jupiter.engine.execution.InterceptingExecutableInvoker$ReflectiveInterceptorCall.lambda$ofVoidMethod$0(InterceptingExecutableInvoker.java:103)
	at org.junit.jupiter.engine.execution.InterceptingExecutableInvoker.lambda$invoke$0(InterceptingExecutableInvoker.java:93)
	at org.junit.jupiter.engine.execution.InvocationInterceptorChain$InterceptedInvocation.proceed(InvocationInterceptorChain.java:106)
	at org.junit.jupiter.engine.execution.InvocationInterceptorChain.proceed(InvocationInterceptorChain.java:64)
	at org.junit.jupiter.engine.execution.InvocationInterceptorChain.chainAndInvoke(InvocationInterceptorChain.java:45)
	at org.junit.jupiter.engine.execution.InvocationInterceptorChain.invoke(InvocationInterceptorChain.java:37)
	at org.junit.jupiter.engine.execution.InterceptingExecutableInvoker.invoke(InterceptingExecutableInvoker.java:92)
	at org.junit.jupiter.engine.execution.InterceptingExecutableInvoker.invoke(InterceptingExecutableInvoker.java:86)
	at org.junit.jupiter.engine.descriptor.ClassBasedTestDescriptor.lambda$invokeBeforeAllMethods$13(ClassBasedTestDescriptor.java:412)
	at org.junit.platform.engine.support.hierarchical.ThrowableCollector.execute(ThrowableCollector.java:73)
	at org.junit.jupiter.engine.descriptor.ClassBasedTestDescriptor.invokeBeforeAllMethods(ClassBasedTestDescriptor.java:410)
	at org.junit.jupiter.engine.descriptor.ClassBasedTestDescriptor.before(ClassBasedTestDescriptor.java:216)
	at org.junit.jupiter.engine.descriptor.ClassBasedTestDescriptor.before(ClassBasedTestDescriptor.java:85)
	at org.junit.platform.engine.support.hierarchical.NodeTestTask.lambda$executeRecursively$6(NodeTestTask.java:148)
	at org.junit.platform.engine.support.hierarchical.ThrowableCollector.execute(ThrowableCollector.java:73)
	at org.junit.platform.engine.support.hierarchical.NodeTestTask.lambda$executeRecursively$8(NodeTestTask.java:141)
	at org.junit.platform.engine.support.hierarchical.Node.around(Node.java:137)
	at org.junit.platform.engine.support.hierarchical.NodeTestTask.lambda$executeRecursively$9(NodeTestTask.java:139)
	at org.junit.platform.engine.support.hierarchical.ThrowableCollector.execute(ThrowableCollector.java:73)
	at org.junit.platform.engine.support.hierarchical.NodeTestTask.executeRecursively(NodeTestTask.java:138)
	at org.junit.platform.engine.support.hierarchical.NodeTestTask.execute(NodeTestTask.java:95)
	at java.util.ArrayList.forEach(ArrayList.java:1259)
	at org.junit.platform.engine.support.hierarchical.SameThreadHierarchicalTestExecutorService.invokeAll(SameThreadHierarchicalTestExecutorService.java:41)
	at org.junit.platform.engine.support.hierarchical.NodeTestTask.lambda$executeRecursively$6(NodeTestTask.java:155)
	at org.junit.platform.engine.support.hierarchical.ThrowableCollector.execute(ThrowableCollector.java:73)
	at org.junit.platform.engine.support.hierarchical.NodeTestTask.lambda$executeRecursively$8(NodeTestTask.java:141)
	at org.junit.platform.engine.support.hierarchical.Node.around(Node.java:137)
	at org.junit.platform.engine.support.hierarchical.NodeTestTask.lambda$executeRecursively$9(NodeTestTask.java:139)
	at org.junit.platform.engine.support.hierarchical.ThrowableCollector.execute(ThrowableCollector.java:73)
	at org.junit.platform.engine.support.hierarchical.NodeTestTask.executeRecursively(NodeTestTask.java:138)
	at org.junit.platform.engine.support.hierarchical.NodeTestTask.execute(NodeTestTask.java:95)
	at org.junit.platform.engine.support.hierarchical.SameThreadHierarchicalTestExecutorService.submit(SameThreadHierarchicalTestExecutorService.java:35)
	at org.junit.platform.engine.support.hierarchical.HierarchicalTestExecutor.execute(HierarchicalTestExecutor.java:57)
	at org.junit.platform.engine.support.hierarchical.HierarchicalTestEngine.execute(HierarchicalTestEngine.java:54)
	at org.junit.platform.launcher.core.EngineExecutionOrchestrator.execute(EngineExecutionOrchestrator.java:198)
	at org.junit.platform.launcher.core.EngineExecutionOrchestrator.execute(EngineExecutionOrchestrator.java:169)
	at org.junit.platform.launcher.core.EngineExecutionOrchestrator.execute(EngineExecutionOrchestrator.java:93)
	at org.junit.platform.launcher.core.EngineExecutionOrchestrator.lambda$execute$0(EngineExecutionOrchestrator.java:58)
	at org.junit.platform.launcher.core.EngineExecutionOrchestrator.withInterceptedStreams(EngineExecutionOrchestrator.java:141)
	at org.junit.platform.launcher.core.EngineExecutionOrchestrator.execute(EngineExecutionOrchestrator.java:57)
	at org.junit.platform.launcher.core.DefaultLauncher.execute(DefaultLauncher.java:103)
	at org.junit.platform.launcher.core.DefaultLauncher.execute(DefaultLauncher.java:85)
	at org.junit.platform.launcher.core.DelegatingLauncher.execute(DelegatingLauncher.java:47)
	at org.junit.platform.launcher.core.SessionPerRequestLauncher.execute(SessionPerRequestLauncher.java:63)
	at org.apache.maven.surefire.junitplatform.JUnitPlatformProvider.invokeAllTests(JUnitPlatformProvider.java:165)
	at org.apache.maven.surefire.junitplatform.JUnitPlatformProvider.invoke(JUnitPlatformProvider.java:124)
	at org.apache.maven.surefire.booter.ForkedBooter.runSuitesInProcess(ForkedBooter.java:428)
	at org.apache.maven.surefire.booter.ForkedBooter.execute(ForkedBooter.java:162)
	at org.apache.maven.surefire.booter.ForkedBooter.run(ForkedBooter.java:562)
	at org.apache.maven.surefire.booter.ForkedBooter.main(ForkedBooter.java:548)
2024-02-27 07:45:06,660 [main] INFO  om.OzoneManager (OzoneManager.java:addS3GVolumeToDB(4425)) - Created Volume s3v With Owner runner required for S3Gateway operations.
2024-02-27 07:45:06,660 [main] WARN  server.ServerUtils (ServerUtils.java:getDefaultRatisDirectory(311)) - Storage directory for Ratis is not configured. It is a good idea to map this to an SSD disk. Falling back to ozone.metadata.dirs
2024-02-27 07:45:06,660 [main] WARN  utils.OzoneManagerRatisUtils (OzoneManagerRatisUtils.java:getOMRatisSnapshotDirectory(476)) - ozone.om.ratis.snapshot.dir is not configured. Falling back to ozone.metadata.dirs config
2024-02-27 07:45:06,660 [main] INFO  utils.RDBSnapshotProvider (RDBSnapshotProvider.java:init(87)) - Cleaning up the candidate dir: /home/runner/work/ozone/ozone/hadoop-ozone/integration-test/target/test-dir/MiniOzoneClusterImpl-b00976b7-23bc-4195-b1b8-a51685bf3827/omNode-1/snapshot/om.db.candidate
2024-02-27 07:45:06,661 [main] INFO  ratis_snapshot.OmRatisSnapshotProvider (OmRatisSnapshotProvider.java:<init>(99)) - Initializing OM Snapshot Provider
2024-02-27 07:45:06,661 [main] WARN  server.ServerUtils (ServerUtils.java:getDefaultRatisDirectory(311)) - Storage directory for Ratis is not configured. It is a good idea to map this to an SSD disk. Falling back to ozone.metadata.dirs
2024-02-27 07:45:06,662 [main] INFO  ratis.OzoneManagerRatisServer (OzoneManagerRatisServer.java:<init>(167)) - Instantiating OM Ratis server with groupID: om-service-test1 and peers: localhost:15136, localhost:15144, localhost:15140
2024-02-27 07:45:06,663 [main] INFO  ratis.OzoneManagerStateMachine (OzoneManagerStateMachine.java:loadSnapshotInfoFromDB(576)) - TransactionInfo not found in OM DB.
2024-02-27 07:45:06,663 [main] INFO  server.RaftServer (ConfUtils.java:logGet(46)) - raft.rpc.type = GRPC (default)
2024-02-27 07:45:06,663 [main] INFO  grpc.GrpcConfigKeys (ConfUtils.java:logFallback(53)) - raft.grpc.admin.host = null (fallback to raft.grpc.server.host)
2024-02-27 07:45:06,663 [main] INFO  grpc.GrpcConfigKeys (ConfUtils.java:logFallback(53)) - raft.grpc.admin.port = 15136 (fallback to raft.grpc.server.port)
2024-02-27 07:45:06,664 [main] INFO  grpc.GrpcConfigKeys (ConfUtils.java:logFallback(53)) - raft.grpc.client.host = null (fallback to raft.grpc.server.host)
2024-02-27 07:45:06,664 [main] INFO  grpc.GrpcConfigKeys (ConfUtils.java:logFallback(53)) - raft.grpc.client.port = 15136 (fallback to raft.grpc.server.port)
2024-02-27 07:45:06,664 [main] INFO  grpc.GrpcConfigKeys (ConfUtils.java:logGet(46)) - raft.grpc.server.host = null (default)
2024-02-27 07:45:06,664 [main] INFO  grpc.GrpcConfigKeys (ConfUtils.java:logGet(46)) - raft.grpc.server.port = 15136 (custom)
2024-02-27 07:45:06,664 [main] INFO  server.GrpcService (ConfUtils.java:logGet(46)) - raft.grpc.message.size.max = 4194304 (custom)
2024-02-27 07:45:06,664 [main] INFO  server.RaftServerConfigKeys (ConfUtils.java:logGet(46)) - raft.server.log.appender.buffer.byte-limit = 4194304 (custom)
2024-02-27 07:45:06,664 [main] INFO  server.GrpcService (ConfUtils.java:logGet(46)) - raft.grpc.flow.control.window = 1MB (=1048576) (default)
2024-02-27 07:45:06,665 [main] INFO  server.RaftServerConfigKeys (ConfUtils.java:logGet(46)) - raft.server.rpc.request.timeout = 3000ms (default)
2024-02-27 07:45:06,665 [main] INFO  grpc.GrpcConfigKeys (ConfUtils.java:logGet(46)) - raft.grpc.server.heartbeat.channel = true (default)
2024-02-27 07:45:06,665 [main] INFO  grpc.GrpcConfigKeys (ConfUtils.java:logGet(46)) - raft.grpc.server.async.request.thread.pool.cached = true (default)
2024-02-27 07:45:06,665 [main] INFO  grpc.GrpcConfigKeys (ConfUtils.java:logGet(46)) - raft.grpc.server.async.request.thread.pool.size = 32 (default)
2024-02-27 07:45:06,666 [main] INFO  impl.DataStreamServerImpl (ConfUtils.java:logGet(46)) - raft.datastream.type = DISABLED (default)
2024-02-27 07:45:06,667 [main] INFO  server.RaftServerConfigKeys (ConfUtils.java:logGet(46)) - raft.server.sleep.deviation.threshold = 300ms (default)
2024-02-27 07:45:06,667 [main] INFO  server.RaftServerConfigKeys (ConfUtils.java:logGet(46)) - raft.server.close.threshold = 60s (default)
2024-02-27 07:45:06,667 [main] INFO  server.RaftServerConfigKeys (ConfUtils.java:logGet(46)) - raft.server.leaderelection.leader.step-down.wait-time = 10s (default)
2024-02-27 07:45:06,667 [main] INFO  server.RaftServerConfigKeys (ConfUtils.java:logGet(46)) - raft.server.storage.dir = [/home/runner/work/ozone/ozone/hadoop-ozone/integration-test/target/test-dir/MiniOzoneClusterImpl-b00976b7-23bc-4195-b1b8-a51685bf3827/omNode-1/ratis] (custom)
2024-02-27 07:45:06,667 [main] INFO  server.RaftServerConfigKeys (ConfUtils.java:logGet(46)) - raft.server.threadpool.proxy.cached = true (default)
2024-02-27 07:45:06,667 [main] INFO  server.RaftServerConfigKeys (ConfUtils.java:logGet(46)) - raft.server.threadpool.proxy.size = 0 (default)
2024-02-27 07:45:06,668 [main] INFO  server.RaftServer (RaftServerProxy.java:addNew(100)) - omNode-1: addNew group-523986131536:[omNode-3|localhost:15144, omNode-1|localhost:15136, omNode-2|localhost:15140] returns group-523986131536:java.util.concurrent.CompletableFuture@1a0b1cff[Not completed]
2024-02-27 07:45:06,668 [main] INFO  om.OzoneManager (OzoneManager.java:initializeRatisServer(2140)) - OzoneManager Ratis server initialized at port 15136
2024-02-27 07:45:06,668 [omNode-1-groupManagement] INFO  server.RaftServer$Division (RaftServerImpl.java:<init>(256)) - omNode-1: new RaftServerImpl for group-523986131536:[omNode-3|localhost:15144, omNode-1|localhost:15136, omNode-2|localhost:15140] with OzoneManagerStateMachine:uninitialized
2024-02-27 07:45:06,668 [main] INFO  om.OzoneManager (OzoneManager.java:getRpcServer(1206)) - Creating RPC Server
2024-02-27 07:45:06,669 [omNode-1-groupManagement] INFO  server.RaftServerConfigKeys (ConfUtils.java:logGet(46)) - raft.server.rpc.timeout.min = 1s (custom)
2024-02-27 07:45:06,669 [omNode-1-groupManagement] INFO  server.RaftServerConfigKeys (ConfUtils.java:logGet(46)) - raft.server.rpc.timeout.max = 1200ms (custom)
2024-02-27 07:45:06,669 [omNode-1-groupManagement] INFO  server.RaftServerConfigKeys (ConfUtils.java:logGet(46)) - raft.server.rpc.sleep.time = 25ms (default)
2024-02-27 07:45:06,669 [omNode-1-groupManagement] INFO  server.RaftServerConfigKeys (ConfUtils.java:logGet(46)) - raft.server.rpc.slowness.timeout = 2s (custom)
2024-02-27 07:45:06,669 [omNode-1-groupManagement] INFO  server.RaftServerConfigKeys (ConfUtils.java:logGet(46)) - raft.server.leaderelection.leader.step-down.wait-time = 10s (default)
2024-02-27 07:45:06,669 [omNode-1-groupManagement] INFO  server.RaftServerConfigKeys (ConfUtils.java:logGet(46)) - raft.server.leaderelection.member.majority-add = false (default)
2024-02-27 07:45:06,669 [omNode-1-groupManagement] INFO  server.RaftServerConfigKeys (ConfUtils.java:logGet(46)) - raft.server.sleep.deviation.threshold = 300ms (default)
2024-02-27 07:45:06,669 [omNode-1-groupManagement] INFO  server.RaftServer$Division (ServerState.java:<init>(113)) - omNode-1@group-523986131536: ConfigurationManager, init=-1: peers:[omNode-3|localhost:15144, omNode-1|localhost:15136, omNode-2|localhost:15140]|listeners:[], old=null, confs=<EMPTY_MAP>
2024-02-27 07:45:06,669 [omNode-1-groupManagement] INFO  server.RaftServerConfigKeys (ConfUtils.java:logGet(46)) - raft.server.notification.no-leader.timeout = 2s (custom)
2024-02-27 07:45:06,669 [omNode-1-groupManagement] INFO  server.RaftServerConfigKeys (ConfUtils.java:logGet(46)) - raft.server.read.timeout = 10s (default)
2024-02-27 07:45:06,669 [omNode-1-groupManagement] INFO  server.RaftServerConfigKeys (ConfUtils.java:logGet(46)) - raft.server.retrycache.expirytime = 30000ms (custom)
2024-02-27 07:45:06,669 [omNode-1-groupManagement] INFO  server.RaftServerConfigKeys (ConfUtils.java:logGet(46)) - raft.server.retrycache.statistics.expirytime = 100ms (default)
2024-02-27 07:45:06,670 [omNode-1-groupManagement] INFO  server.RaftServerConfigKeys (ConfUtils.java:logGet(46)) - raft.server.read.option = DEFAULT (default)
2024-02-27 07:45:06,670 [omNode-1-groupManagement] INFO  server.RaftServerConfigKeys (ConfUtils.java:logGet(46)) - raft.server.read.read-after-write-consistent.write-index-cache.expiry-time = 60s (default)
2024-02-27 07:45:06,670 [omNode-1-groupManagement] INFO  server.RaftServerConfigKeys (ConfUtils.java:logGet(46)) - raft.server.rpc.request.timeout = 3000ms (default)
2024-02-27 07:45:06,671 [omNode-1-groupManagement] INFO  server.RaftServerConfigKeys (ConfUtils.java:logGet(46)) - raft.server.log.appender.install.snapshot.enabled = false (custom)
2024-02-27 07:45:06,671 [omNode-1-groupManagement] INFO  server.RaftServerConfigKeys (ConfUtils.java:logGet(46)) - raft.server.threadpool.server.cached = true (default)
2024-02-27 07:45:06,671 [omNode-1-groupManagement] INFO  server.RaftServerConfigKeys (ConfUtils.java:logGet(46)) - raft.server.threadpool.server.size = 0 (default)
2024-02-27 07:45:06,671 [omNode-1-groupManagement] INFO  server.RaftServerConfigKeys (ConfUtils.java:logGet(46)) - raft.server.threadpool.client.cached = true (default)
2024-02-27 07:45:06,671 [omNode-1-groupManagement] INFO  server.RaftServerConfigKeys (ConfUtils.java:logGet(46)) - raft.server.threadpool.client.size = 0 (default)
2024-02-27 07:45:06,845 [main] INFO  ipc.CallQueueManager (CallQueueManager.java:<init>(90)) - Using callQueue: class java.util.concurrent.LinkedBlockingQueue, queueCapacity: 2000, scheduler: class org.apache.hadoop.ipc.DefaultRpcScheduler, ipcBackoff: false.
2024-02-27 07:45:06,846 [main] INFO  ipc.Server (Server.java:<init>(1287)) - Listener at 127.0.0.1:15133
2024-02-27 07:45:06,846 [Socket Reader #1 for port 15133] INFO  ipc.Server (Server.java:run(1323)) - Starting Socket Reader #1 for port 15133
2024-02-27 07:45:06,859 [main] INFO  impl.MetricsSystemImpl (MetricsSystemImpl.java:init(158)) - OzoneManager metrics system started (again)
2024-02-27 07:45:06,865 [main] INFO  om.OzoneManager (OzoneManager.java:start(1628)) - OzoneManager RPC server is listening at localhost/127.0.0.1:15133
2024-02-27 07:45:06,865 [main] INFO  ratis.OzoneManagerRatisServer (OzoneManagerRatisServer.java:start(588)) - Starting OzoneManagerRatisServer omNode-1 at port 15136
2024-02-27 07:45:06,866 [omNode-1-impl-thread1] INFO  server.RaftServerConfigKeys (ConfUtils.java:logGet(46)) - raft.server.storage.free-space.min = 0MB (=0) (default)
2024-02-27 07:45:06,866 [omNode-1-impl-thread1] INFO  server.RaftServerConfigKeys (ConfUtils.java:logGet(46)) - raft.server.log.corruption.policy = EXCEPTION (default)
2024-02-27 07:45:06,866 [omNode-1-impl-thread1] INFO  server.RaftServerConfigKeys (ConfUtils.java:logGet(46)) - raft.server.storage.dir = [/home/runner/work/ozone/ozone/hadoop-ozone/integration-test/target/test-dir/MiniOzoneClusterImpl-b00976b7-23bc-4195-b1b8-a51685bf3827/omNode-1/ratis] (custom)
2024-02-27 07:45:06,866 [omNode-1-impl-thread1] INFO  storage.RaftStorageDirectory (RaftStorageDirectoryImpl.java:analyzeStorage(138)) - The storage directory /home/runner/work/ozone/ozone/hadoop-ozone/integration-test/target/test-dir/MiniOzoneClusterImpl-b00976b7-23bc-4195-b1b8-a51685bf3827/omNode-1/ratis/c9bc4cf4-3bc3-3c60-a66b-523986131536 does not exist. Creating ...
2024-02-27 07:45:06,867 [omNode-1-impl-thread1] INFO  storage.RaftStorageDirectory (RaftStorageDirectoryImpl.java:tryLock(228)) - Lock on /home/runner/work/ozone/ozone/hadoop-ozone/integration-test/target/test-dir/MiniOzoneClusterImpl-b00976b7-23bc-4195-b1b8-a51685bf3827/omNode-1/ratis/c9bc4cf4-3bc3-3c60-a66b-523986131536/in_use.lock acquired by nodename 40924@fv-az699-61
2024-02-27 07:45:06,868 [omNode-1-impl-thread1] INFO  storage.RaftStorage (RaftStorageImpl.java:format(99)) - Storage directory /home/runner/work/ozone/ozone/hadoop-ozone/integration-test/target/test-dir/MiniOzoneClusterImpl-b00976b7-23bc-4195-b1b8-a51685bf3827/omNode-1/ratis/c9bc4cf4-3bc3-3c60-a66b-523986131536 has been successfully formatted.
2024-02-27 07:45:06,868 [omNode-1-impl-thread1] WARN  util.FileUtils (LogUtils.java:supplyAndLog(63)) - Failed to Files.newInputStream /home/runner/work/ozone/ozone/hadoop-ozone/integration-test/target/test-dir/MiniOzoneClusterImpl-b00976b7-23bc-4195-b1b8-a51685bf3827/omNode-1/ratis/c9bc4cf4-3bc3-3c60-a66b-523986131536/current/raft-meta.conf with options []: java.nio.file.NoSuchFileException: /home/runner/work/ozone/ozone/hadoop-ozone/integration-test/target/test-dir/MiniOzoneClusterImpl-b00976b7-23bc-4195-b1b8-a51685bf3827/omNode-1/ratis/c9bc4cf4-3bc3-3c60-a66b-523986131536/current/raft-meta.conf
2024-02-27 07:45:06,868 [omNode-1-impl-thread1] INFO  server.RaftServerConfigKeys (ConfUtils.java:logGet(46)) - raft.server.log.use.memory = false (default)
2024-02-27 07:45:06,868 [omNode-1-impl-thread1] INFO  server.RaftServerConfigKeys (ConfUtils.java:logGet(46)) - raft.server.log.purge.gap = 50 (custom)
2024-02-27 07:45:06,868 [omNode-1-impl-thread1] INFO  server.RaftServerConfigKeys (ConfUtils.java:logGet(46)) - raft.server.log.appender.buffer.byte-limit = 4194304 (custom)
2024-02-27 07:45:06,869 [omNode-1-impl-thread1] INFO  server.RaftServerConfigKeys (ConfUtils.java:logGet(46)) - raft.server.log.statemachine.data.read.timeout = 1000ms (default)
2024-02-27 07:45:06,869 [omNode-1-impl-thread1] INFO  server.RaftServerConfigKeys (ConfUtils.java:logGet(46)) - raft.server.log.purge.preservation.log.num = 0 (default)
2024-02-27 07:45:06,869 [omNode-1-impl-thread1] INFO  server.RaftServerConfigKeys (ConfUtils.java:logGet(46)) - raft.server.log.segment.size.max = 4194304 (custom)
2024-02-27 07:45:06,869 [omNode-1-impl-thread1] INFO  server.RaftServerConfigKeys (ConfUtils.java:logGet(46)) - raft.server.log.segment.cache.num.max = 2 (custom)
2024-02-27 07:45:06,869 [omNode-1-impl-thread1] INFO  server.RaftServerConfigKeys (ConfUtils.java:logGet(46)) - raft.server.log.segment.cache.size.max = 200MB (=209715200) (default)
2024-02-27 07:45:06,869 [omNode-1-impl-thread1] INFO  server.RaftServerConfigKeys (ConfUtils.java:logGet(46)) - raft.server.log.appender.buffer.byte-limit = 4194304 (custom)
2024-02-27 07:45:06,869 [omNode-1-impl-thread1] INFO  util.AwaitToRun (AwaitToRun.java:start(81)) - Thread[omNode-1@group-523986131536-cacheEviction-AwaitToRun,5,main] started
2024-02-27 07:45:06,870 [omNode-1-impl-thread1] INFO  segmented.SegmentedRaftLogWorker (SegmentedRaftLogWorker.java:<init>(182)) - new omNode-1@group-523986131536-SegmentedRaftLogWorker for RaftStorageImpl:Storage Directory /home/runner/work/ozone/ozone/hadoop-ozone/integration-test/target/test-dir/MiniOzoneClusterImpl-b00976b7-23bc-4195-b1b8-a51685bf3827/omNode-1/ratis/c9bc4cf4-3bc3-3c60-a66b-523986131536
2024-02-27 07:45:06,870 [omNode-1-impl-thread1] INFO  server.RaftServerConfigKeys (ConfUtils.java:logGet(46)) - raft.server.log.queue.byte-limit = 64MB (=67108864) (default)
2024-02-27 07:45:06,870 [omNode-1-impl-thread1] INFO  server.RaftServerConfigKeys (ConfUtils.java:logGet(46)) - raft.server.log.queue.element-limit = 4096 (default)
2024-02-27 07:45:06,870 [omNode-1-impl-thread1] INFO  server.RaftServerConfigKeys (ConfUtils.java:logGet(46)) - raft.server.log.segment.size.max = 4194304 (custom)
2024-02-27 07:45:06,870 [omNode-1-impl-thread1] INFO  server.RaftServerConfigKeys (ConfUtils.java:logGet(46)) - raft.server.log.preallocated.size = 4194304 (custom)
2024-02-27 07:45:06,870 [omNode-1-impl-thread1] INFO  server.RaftServerConfigKeys (ConfUtils.java:logGet(46)) - raft.server.log.force.sync.num = 128 (default)
2024-02-27 07:45:06,870 [omNode-1-impl-thread1] INFO  server.RaftServerConfigKeys (ConfUtils.java:logGet(46)) - raft.server.log.statemachine.data.sync = true (default)
2024-02-27 07:45:06,870 [omNode-1-impl-thread1] INFO  server.RaftServerConfigKeys (ConfUtils.java:logGet(46)) - raft.server.log.statemachine.data.sync.timeout = 10s (default)
2024-02-27 07:45:06,870 [omNode-1-impl-thread1] INFO  server.RaftServerConfigKeys (ConfUtils.java:logGet(46)) - raft.server.log.statemachine.data.sync.timeout.retry = -1 (default)
2024-02-27 07:45:06,870 [omNode-1-impl-thread1] INFO  server.RaftServerConfigKeys (ConfUtils.java:logGet(46)) - raft.server.log.write.buffer.size = 4194312 (custom)
2024-02-27 07:45:06,871 [omNode-1-impl-thread1] INFO  server.RaftServerConfigKeys (ConfUtils.java:logGet(46)) - raft.server.log.appender.buffer.byte-limit = 4194304 (custom)
2024-02-27 07:45:06,871 [omNode-1-impl-thread1] INFO  server.RaftServerConfigKeys (ConfUtils.java:logGet(46)) - raft.server.log.unsafe-flush.enabled = false (default)
2024-02-27 07:45:06,871 [omNode-1-impl-thread1] INFO  server.RaftServerConfigKeys (ConfUtils.java:logGet(46)) - raft.server.log.async-flush.enabled = false (default)
2024-02-27 07:45:06,871 [omNode-1-impl-thread1] INFO  server.RaftServerConfigKeys (ConfUtils.java:logGet(46)) - raft.server.log.statemachine.data.caching.enabled = false (default)
2024-02-27 07:45:06,871 [omNode-1-impl-thread1] INFO  segmented.SegmentedRaftLogWorker (SegmentedRaftLogWorker.java:lambda$new$0(134)) - omNode-1@group-523986131536-SegmentedRaftLogWorker: flushIndex: setUnconditionally 0 -> -1
2024-02-27 07:45:06,871 [omNode-1-impl-thread1] INFO  segmented.SegmentedRaftLogWorker (SegmentedRaftLogWorker.java:lambda$new$0(134)) - omNode-1@group-523986131536-SegmentedRaftLogWorker: safeCacheEvictIndex: setUnconditionally 0 -> -1
2024-02-27 07:45:06,871 [omNode-1-impl-thread1] INFO  server.RaftServer$Division (RaftServerImpl.java:start(396)) - omNode-1@group-523986131536: start as a follower, conf=-1: peers:[omNode-3|localhost:15144, omNode-1|localhost:15136, omNode-2|localhost:15140]|listeners:[], old=null
2024-02-27 07:45:06,871 [omNode-1-impl-thread1] INFO  server.RaftServer$Division (RaftServerImpl.java:setRole(383)) - omNode-1@group-523986131536: changes role from      null to FOLLOWER at term 0 for startAsFollower
2024-02-27 07:45:06,871 [omNode-1-impl-thread1] INFO  impl.RoleInfo (RoleInfo.java:updateAndGet(139)) - omNode-1: start omNode-1@group-523986131536-FollowerState
2024-02-27 07:45:06,872 [omNode-1@group-523986131536-FollowerState] INFO  server.RaftServerConfigKeys (ConfUtils.java:logFallback(53)) - raft.server.rpc.first-election.timeout.min = 1s (fallback to raft.server.rpc.timeout.min)
2024-02-27 07:45:06,872 [omNode-1-impl-thread1] INFO  util.JmxRegister (JmxRegister.java:tryRegister(44)) - Successfully registered JMX Bean with object name Ratis:service=RaftServer,group=group-523986131536,id=omNode-1
2024-02-27 07:45:06,872 [omNode-1-impl-thread1] INFO  server.RaftServerConfigKeys (ConfUtils.java:logGet(46)) - raft.server.snapshot.trigger-when-stop.enabled = true (default)
2024-02-27 07:45:06,872 [omNode-1@group-523986131536-FollowerState] INFO  server.RaftServerConfigKeys (ConfUtils.java:logFallback(53)) - raft.server.rpc.first-election.timeout.max = 1200ms (fallback to raft.server.rpc.timeout.max)
2024-02-27 07:45:06,872 [omNode-1-impl-thread1] INFO  server.RaftServerConfigKeys (ConfUtils.java:logGet(46)) - raft.server.snapshot.auto.trigger.enabled = true (custom)
2024-02-27 07:45:06,872 [omNode-1-impl-thread1] INFO  server.RaftServerConfigKeys (ConfUtils.java:logGet(46)) - raft.server.snapshot.auto.trigger.threshold = 50 (custom)
2024-02-27 07:45:06,872 [omNode-1-impl-thread1] INFO  server.RaftServerConfigKeys (ConfUtils.java:logGet(46)) - raft.server.snapshot.retention.file.num = -1 (default)
2024-02-27 07:45:06,872 [omNode-1-impl-thread1] INFO  server.RaftServerConfigKeys (ConfUtils.java:logGet(46)) - raft.server.log.purge.upto.snapshot.index = true (custom)
2024-02-27 07:45:06,875 [main] INFO  server.RaftServer (RaftServerProxy.java:startImpl(406)) - omNode-1: start RPC server
2024-02-27 07:45:06,877 [main] INFO  server.GrpcService (GrpcService.java:startImpl(302)) - omNode-1: GrpcService started, listening on 15136
2024-02-27 07:45:06,877 [JvmPauseMonitor40] INFO  util.JvmPauseMonitor (JvmPauseMonitor.java:run(146)) - JvmPauseMonitor-omNode-1: Started
2024-02-27 07:45:06,877 [main] INFO  om.OzoneManager (OzoneManager.java:start(1644)) - Version File has different layout version (6) than OM DB (null). That is expected if this OM has never been finalized to a newer layout version.
2024-02-27 07:45:06,905 [main] INFO  http.BaseHttpServer (BaseHttpServer.java:newHttpServer2BuilderForOzone(223)) - Starting Web-server for ozoneManager at: http://0.0.0.0:15134
2024-02-27 07:45:06,905 [main] INFO  http.BaseHttpServer (BaseHttpServer.java:<init>(110)) - Hadoop Security Enabled: false Ozone Security Enabled: false Ozone HTTP Security Enabled: false 
2024-02-27 07:45:06,906 [main] WARN  server.AuthenticationFilter (AuthenticationFilter.java:constructSecretProvider(240)) - Unable to initialize FileSignerSecretProvider, falling back to use random secrets. Reason: Could not read signature secret file: /home/runner/hadoop-http-auth-signature-secret
2024-02-27 07:45:06,907 [main] INFO  http.HttpRequestLog (HttpRequestLog.java:getRequestLog(86)) - Http request log for http.requests.ozoneManager is not defined
2024-02-27 07:45:06,908 [main] INFO  http.HttpServer2 (HttpServer2.java:addGlobalFilter(1036)) - Added global filter 'safety' (class=org.apache.hadoop.hdds.server.http.HttpServer2$QuotingInputFilter)
2024-02-27 07:45:06,908 [main] INFO  http.HttpServer2 (HttpServer2.java:addFilter(1012)) - Added filter static_user_filter (class=org.apache.hadoop.http.lib.StaticUserWebFilter$StaticUserFilter) to context ozoneManager
2024-02-27 07:45:06,908 [main] INFO  http.HttpServer2 (HttpServer2.java:addFilter(1020)) - Added filter static_user_filter (class=org.apache.hadoop.http.lib.StaticUserWebFilter$StaticUserFilter) to context logs
2024-02-27 07:45:06,908 [main] INFO  http.HttpServer2 (HttpServer2.java:addFilter(1020)) - Added filter static_user_filter (class=org.apache.hadoop.http.lib.StaticUserWebFilter$StaticUserFilter) to context static
2024-02-27 07:45:06,909 [main] INFO  http.BaseHttpServer (BaseHttpServer.java:<init>(189)) - HTTP server of ozoneManager uses base directory /home/runner/work/ozone/ozone/hadoop-ozone/integration-test/target/test-dir/MiniOzoneClusterImpl-b00976b7-23bc-4195-b1b8-a51685bf3827/omNode-1/webserver
2024-02-27 07:45:06,909 [main] INFO  http.HttpServer2 (HttpServer2.java:bindListener(1236)) - Jetty bound to port 15134
2024-02-27 07:45:06,909 [main] INFO  server.Server (Server.java:doStart(375)) - jetty-9.4.53.v20231009; built: 2023-10-09T12:29:09.265Z; git: 27bde00a0b95a1d5bbee0eae7984f891d2d0f8c9; jvm 1.8.0_402-b06
2024-02-27 07:45:06,915 [main] INFO  server.session (DefaultSessionIdManager.java:doStart(334)) - DefaultSessionIdManager workerName=node0
2024-02-27 07:45:06,915 [main] INFO  server.session (DefaultSessionIdManager.java:doStart(339)) - No SessionScavenger set, using defaults
2024-02-27 07:45:06,916 [main] INFO  server.session (HouseKeeper.java:startScavenging(132)) - node0 Scavenging every 660000ms
2024-02-27 07:45:06,916 [main] INFO  handler.ContextHandler (ContextHandler.java:doStart(921)) - Started o.e.j.s.ServletContextHandler@6098b3c7{logs,/logs,file:///home/runner/work/ozone/ozone/hadoop-ozone/integration-test/target/log,AVAILABLE}
2024-02-27 07:45:06,916 [main] INFO  handler.ContextHandler (ContextHandler.java:doStart(921)) - Started o.e.j.s.ServletContextHandler@7340f13f{static,/static,file:///home/runner/work/ozone/ozone/hadoop-ozone/integration-test/target/test-classes/webapps/static,AVAILABLE}
2024-02-27 07:45:06,918 [main] INFO  handler.ContextHandler (ContextHandler.java:doStart(921)) - Started o.e.j.w.WebAppContext@33605eb1{ozoneManager,/,file:///home/runner/work/ozone/ozone/hadoop-ozone/integration-test/target/test-classes/webapps/ozoneManager/,AVAILABLE}{file:/home/runner/work/ozone/ozone/hadoop-ozone/integration-test/target/test-classes/webapps/ozoneManager}
2024-02-27 07:45:06,919 [main] INFO  server.AbstractConnector (AbstractConnector.java:doStart(333)) - Started ServerConnector@504e6ad3{HTTP/1.1, (http/1.1)}{0.0.0.0:15134}
2024-02-27 07:45:06,919 [main] INFO  server.Server (Server.java:doStart(415)) - Started @389627ms
2024-02-27 07:45:06,919 [main] WARN  impl.MetricsSystemImpl (MetricsSystemImpl.java:register(279)) - Sink prometheus already exists!
2024-02-27 07:45:06,920 [main] INFO  http.BaseHttpServer (BaseHttpServer.java:updateConnectorAddress(354)) - HTTP server of ozoneManager listening at http://0.0.0.0:15134
2024-02-27 07:45:06,920 [IPC Server Responder] INFO  ipc.Server (Server.java:run(1562)) - IPC Server Responder: starting
2024-02-27 07:45:06,921 [IPC Server listener on 15133] INFO  ipc.Server (Server.java:run(1402)) - IPC Server listener on 15133: starting
2024-02-27 07:45:06,930 [main] INFO  om.OzoneManager (OzoneManager.java:startTrashEmptier(2093)) - Trash Interval set to 0. Files deleted won't move to trash
2024-02-27 07:45:06,931 [main] INFO  ozone.MiniOzoneHAClusterImpl (MiniOzoneHAClusterImpl.java:createOMService(474)) - Started OzoneManager omNode-1 RPC server at localhost/127.0.0.1:15133
2024-02-27 07:45:06,931 [main] INFO  ha.OMHANodeDetails (OMHANodeDetails.java:loadOMHAConfig(121)) - ServiceID for OzoneManager is om-service-test1
2024-02-27 07:45:06,931 [main] INFO  ha.OMHANodeDetails (OMHANodeDetails.java:loadOMHAConfig(201)) - Found matching OM address with OMServiceId: om-service-test1, OMNodeId: omNode-2, RPC Address: localhost:15137 and Ratis port: 15140
2024-02-27 07:45:06,931 [main] INFO  ha.OMHANodeDetails (ConfUtils.java:setNodeSpecificConfigs(97)) - Setting configuration key ozone.om.http-address with value of key ozone.om.http-address.om-service-test1.omNode-2: 127.0.0.1:15138
2024-02-27 07:45:06,931 [main] INFO  ha.OMHANodeDetails (ConfUtils.java:setNodeSpecificConfigs(97)) - Setting configuration key ozone.om.https-address with value of key ozone.om.https-address.om-service-test1.omNode-2: 127.0.0.1:15139
2024-02-27 07:45:06,931 [main] INFO  ha.OMHANodeDetails (ConfUtils.java:setNodeSpecificConfigs(97)) - Setting configuration key ozone.om.address with value of key ozone.om.address.om-service-test1.omNode-2: 127.0.0.1:15137
2024-02-27 07:45:06,932 [main] WARN  server.ServerUtils (ServerUtils.java:getDBPath(299)) - ozone.om.db.dirs is not configured. We recommend adding this setting. Falling back to ozone.metadata.dirs instead.
2024-02-27 07:45:06,932 [main] INFO  proxy.SCMBlockLocationFailoverProxyProvider (SCMBlockLocationFailoverProxyProvider.java:<init>(115)) - Created block location fail-over proxy with 1 nodes: [nodeId=scmNodeId,nodeAddress=/0.0.0.0:15130]
OM initialization succeeded.Current cluster id for sd=/home/runner/work/ozone/ozone/hadoop-ozone/integration-test/target/test-dir/MiniOzoneClusterImpl-b00976b7-23bc-4195-b1b8-a51685bf3827/omNode-2/om;cid=b00976b7-23bc-4195-b1b8-a51685bf3827;layoutVersion=6
2024-02-27 07:45:06,945 [main] INFO  ha.OMHANodeDetails (OMHANodeDetails.java:loadOMHAConfig(121)) - ServiceID for OzoneManager is om-service-test1
2024-02-27 07:45:06,945 [main] INFO  ha.OMHANodeDetails (OMHANodeDetails.java:loadOMHAConfig(201)) - Found matching OM address with OMServiceId: om-service-test1, OMNodeId: omNode-2, RPC Address: localhost:15137 and Ratis port: 15140
2024-02-27 07:45:06,945 [main] INFO  ha.OMHANodeDetails (ConfUtils.java:setNodeSpecificConfigs(97)) - Setting configuration key ozone.om.http-address with value of key ozone.om.http-address.om-service-test1.omNode-2: 127.0.0.1:15138
2024-02-27 07:45:06,945 [main] INFO  ha.OMHANodeDetails (ConfUtils.java:setNodeSpecificConfigs(97)) - Setting configuration key ozone.om.https-address with value of key ozone.om.https-address.om-service-test1.omNode-2: 127.0.0.1:15139
2024-02-27 07:45:06,945 [main] INFO  ha.OMHANodeDetails (ConfUtils.java:setNodeSpecificConfigs(97)) - Setting configuration key ozone.om.address with value of key ozone.om.address.om-service-test1.omNode-2: 127.0.0.1:15137
2024-02-27 07:45:06,946 [main] WARN  server.ServerUtils (ServerUtils.java:getDBPath(299)) - ozone.om.db.dirs is not configured. We recommend adding this setting. Falling back to ozone.metadata.dirs instead.
2024-02-27 07:45:06,947 [main] INFO  upgrade.AbstractLayoutVersionManager (AbstractLayoutVersionManager.java:init(83)) - Initializing Layout version manager with metadata layout = QUOTA (version = 6), software layout = QUOTA (version = 6)
2024-02-27 07:45:06,986 [main] INFO  upgrade.OMLayoutVersionManager (OMLayoutVersionManager.java:lambda$0(113)) - Skipping Upgrade Action QuotaRepairUpgradeAction since it has been finalized.
2024-02-27 07:45:06,987 [main] INFO  upgrade.OMLayoutVersionManager (OMLayoutVersionManager.java:lambda$0(113)) - Skipping Upgrade Action MockOmUpgradeAction since it has been finalized.
2024-02-27 07:45:06,987 [main] WARN  server.ServerUtils (ServerUtils.java:getDBPath(299)) - ozone.om.db.dirs is not configured. We recommend adding this setting. Falling back to ozone.metadata.dirs instead.
2024-02-27 07:45:06,987 [main] INFO  proxy.SCMBlockLocationFailoverProxyProvider (SCMBlockLocationFailoverProxyProvider.java:<init>(115)) - Created block location fail-over proxy with 1 nodes: [nodeId=scmNodeId,nodeAddress=/0.0.0.0:15130]
2024-02-27 07:45:06,988 [main] INFO  proxy.SCMBlockLocationFailoverProxyProvider (SCMBlockLocationFailoverProxyProvider.java:<init>(115)) - Created block location fail-over proxy with 1 nodes: [nodeId=scmNodeId,nodeAddress=/0.0.0.0:15130]
2024-02-27 07:45:06,993 [main] INFO  om.OzoneManager (OzoneManager.java:<init>(672)) - OM start with adminUsers: [*, runner]
2024-02-27 07:45:06,993 [main] WARN  server.ServerUtils (ServerUtils.java:getDBPath(299)) - ozone.om.db.dirs is not configured. We recommend adding this setting. Falling back to ozone.metadata.dirs instead.
2024-02-27 07:45:06,994 [main] INFO  helpers.OmKeyInfo (OmKeyInfo.java:getCodec(71)) - OmKeyInfo.getCodec ignorePipeline = true
2024-02-27 07:45:07,135 [main] INFO  om.OzoneManager (OzoneManager.java:instantiateServices(804)) - S3 Multi-Tenancy is disabled
2024-02-27 07:45:07,136 [main] INFO  om.OmSnapshotManager (OmSnapshotManager.java:<init>(177)) - Ozone filesystem snapshot feature is enabled.
2024-02-27 07:45:07,136 [main] WARN  server.ServerUtils (ServerUtils.java:getDBPath(299)) - ozone.om.snapshot.diff.db.dir is not configured. We recommend adding this setting. Falling back to ozone.metadata.dirs instead.
2024-02-27 07:45:07,151 [main] INFO  utils.NativeLibraryLoader (NativeLibraryLoader.java:loadLibrary(108)) - Loading Library: ozone_rocksdb_tools
2024-02-27 07:45:07,152 [main] ERROR snapshot.SnapshotDiffManager (SnapshotDiffManager.java:initNativeLibraryForEfficientDiff(287)) - Native Library for raw sst file reading loading failed.
org.apache.hadoop.hdds.utils.NativeLibraryNotLoadedException: Unable to load library ozone_rocksdb_tools from both java.library.path & resource file libozone_rocksdb_tools.so from jar.
	at org.apache.hadoop.hdds.utils.db.managed.ManagedRawSSTFileReader.loadLibrary(ManagedRawSSTFileReader.java:38)
	at org.apache.hadoop.ozone.om.snapshot.SnapshotDiffManager.initNativeLibraryForEfficientDiff(SnapshotDiffManager.java:285)
	at org.apache.hadoop.ozone.om.snapshot.SnapshotDiffManager.<init>(SnapshotDiffManager.java:259)
	at org.apache.hadoop.ozone.om.OmSnapshotManager.<init>(OmSnapshotManager.java:279)
	at org.apache.hadoop.ozone.om.OzoneManager.instantiateServices(OzoneManager.java:856)
	at org.apache.hadoop.ozone.om.OzoneManager.<init>(OzoneManager.java:682)
	at org.apache.hadoop.ozone.om.OzoneManager.createOm(OzoneManager.java:767)
	at org.apache.hadoop.ozone.MiniOzoneHAClusterImpl$Builder.createOMService(MiniOzoneHAClusterImpl.java:467)
	at org.apache.hadoop.ozone.MiniOzoneHAClusterImpl$Builder.build(MiniOzoneHAClusterImpl.java:387)
	at org.apache.hadoop.ozone.om.TestOzoneManagerHA.init(TestOzoneManagerHA.java:184)
	at sun.reflect.NativeMethodAccessorImpl.invoke0(Native Method)
	at sun.reflect.NativeMethodAccessorImpl.invoke(NativeMethodAccessorImpl.java:62)
	at sun.reflect.DelegatingMethodAccessorImpl.invoke(DelegatingMethodAccessorImpl.java:43)
	at java.lang.reflect.Method.invoke(Method.java:498)
	at org.junit.platform.commons.util.ReflectionUtils.invokeMethod(ReflectionUtils.java:728)
	at org.junit.jupiter.engine.execution.MethodInvocation.proceed(MethodInvocation.java:60)
	at org.junit.jupiter.engine.execution.InvocationInterceptorChain$ValidatingInvocation.proceed(InvocationInterceptorChain.java:131)
	at org.junit.jupiter.engine.extension.TimeoutExtension.intercept(TimeoutExtension.java:156)
	at org.junit.jupiter.engine.extension.TimeoutExtension.interceptLifecycleMethod(TimeoutExtension.java:128)
	at org.junit.jupiter.engine.extension.TimeoutExtension.interceptBeforeAllMethod(TimeoutExtension.java:70)
	at org.junit.jupiter.engine.execution.InterceptingExecutableInvoker$ReflectiveInterceptorCall.lambda$ofVoidMethod$0(InterceptingExecutableInvoker.java:103)
	at org.junit.jupiter.engine.execution.InterceptingExecutableInvoker.lambda$invoke$0(InterceptingExecutableInvoker.java:93)
	at org.junit.jupiter.engine.execution.InvocationInterceptorChain$InterceptedInvocation.proceed(InvocationInterceptorChain.java:106)
	at org.junit.jupiter.engine.execution.InvocationInterceptorChain.proceed(InvocationInterceptorChain.java:64)
	at org.junit.jupiter.engine.execution.InvocationInterceptorChain.chainAndInvoke(InvocationInterceptorChain.java:45)
	at org.junit.jupiter.engine.execution.InvocationInterceptorChain.invoke(InvocationInterceptorChain.java:37)
	at org.junit.jupiter.engine.execution.InterceptingExecutableInvoker.invoke(InterceptingExecutableInvoker.java:92)
	at org.junit.jupiter.engine.execution.InterceptingExecutableInvoker.invoke(InterceptingExecutableInvoker.java:86)
	at org.junit.jupiter.engine.descriptor.ClassBasedTestDescriptor.lambda$invokeBeforeAllMethods$13(ClassBasedTestDescriptor.java:412)
	at org.junit.platform.engine.support.hierarchical.ThrowableCollector.execute(ThrowableCollector.java:73)
	at org.junit.jupiter.engine.descriptor.ClassBasedTestDescriptor.invokeBeforeAllMethods(ClassBasedTestDescriptor.java:410)
	at org.junit.jupiter.engine.descriptor.ClassBasedTestDescriptor.before(ClassBasedTestDescriptor.java:216)
	at org.junit.jupiter.engine.descriptor.ClassBasedTestDescriptor.before(ClassBasedTestDescriptor.java:85)
	at org.junit.platform.engine.support.hierarchical.NodeTestTask.lambda$executeRecursively$6(NodeTestTask.java:148)
	at org.junit.platform.engine.support.hierarchical.ThrowableCollector.execute(ThrowableCollector.java:73)
	at org.junit.platform.engine.support.hierarchical.NodeTestTask.lambda$executeRecursively$8(NodeTestTask.java:141)
	at org.junit.platform.engine.support.hierarchical.Node.around(Node.java:137)
	at org.junit.platform.engine.support.hierarchical.NodeTestTask.lambda$executeRecursively$9(NodeTestTask.java:139)
	at org.junit.platform.engine.support.hierarchical.ThrowableCollector.execute(ThrowableCollector.java:73)
	at org.junit.platform.engine.support.hierarchical.NodeTestTask.executeRecursively(NodeTestTask.java:138)
	at org.junit.platform.engine.support.hierarchical.NodeTestTask.execute(NodeTestTask.java:95)
	at java.util.ArrayList.forEach(ArrayList.java:1259)
	at org.junit.platform.engine.support.hierarchical.SameThreadHierarchicalTestExecutorService.invokeAll(SameThreadHierarchicalTestExecutorService.java:41)
	at org.junit.platform.engine.support.hierarchical.NodeTestTask.lambda$executeRecursively$6(NodeTestTask.java:155)
	at org.junit.platform.engine.support.hierarchical.ThrowableCollector.execute(ThrowableCollector.java:73)
	at org.junit.platform.engine.support.hierarchical.NodeTestTask.lambda$executeRecursively$8(NodeTestTask.java:141)
	at org.junit.platform.engine.support.hierarchical.Node.around(Node.java:137)
	at org.junit.platform.engine.support.hierarchical.NodeTestTask.lambda$executeRecursively$9(NodeTestTask.java:139)
	at org.junit.platform.engine.support.hierarchical.ThrowableCollector.execute(ThrowableCollector.java:73)
	at org.junit.platform.engine.support.hierarchical.NodeTestTask.executeRecursively(NodeTestTask.java:138)
	at org.junit.platform.engine.support.hierarchical.NodeTestTask.execute(NodeTestTask.java:95)
	at org.junit.platform.engine.support.hierarchical.SameThreadHierarchicalTestExecutorService.submit(SameThreadHierarchicalTestExecutorService.java:35)
	at org.junit.platform.engine.support.hierarchical.HierarchicalTestExecutor.execute(HierarchicalTestExecutor.java:57)
	at org.junit.platform.engine.support.hierarchical.HierarchicalTestEngine.execute(HierarchicalTestEngine.java:54)
	at org.junit.platform.launcher.core.EngineExecutionOrchestrator.execute(EngineExecutionOrchestrator.java:198)
	at org.junit.platform.launcher.core.EngineExecutionOrchestrator.execute(EngineExecutionOrchestrator.java:169)
	at org.junit.platform.launcher.core.EngineExecutionOrchestrator.execute(EngineExecutionOrchestrator.java:93)
	at org.junit.platform.launcher.core.EngineExecutionOrchestrator.lambda$execute$0(EngineExecutionOrchestrator.java:58)
	at org.junit.platform.launcher.core.EngineExecutionOrchestrator.withInterceptedStreams(EngineExecutionOrchestrator.java:141)
	at org.junit.platform.launcher.core.EngineExecutionOrchestrator.execute(EngineExecutionOrchestrator.java:57)
	at org.junit.platform.launcher.core.DefaultLauncher.execute(DefaultLauncher.java:103)
	at org.junit.platform.launcher.core.DefaultLauncher.execute(DefaultLauncher.java:85)
	at org.junit.platform.launcher.core.DelegatingLauncher.execute(DelegatingLauncher.java:47)
	at org.junit.platform.launcher.core.SessionPerRequestLauncher.execute(SessionPerRequestLauncher.java:63)
	at org.apache.maven.surefire.junitplatform.JUnitPlatformProvider.invokeAllTests(JUnitPlatformProvider.java:165)
	at org.apache.maven.surefire.junitplatform.JUnitPlatformProvider.invoke(JUnitPlatformProvider.java:124)
	at org.apache.maven.surefire.booter.ForkedBooter.runSuitesInProcess(ForkedBooter.java:428)
	at org.apache.maven.surefire.booter.ForkedBooter.execute(ForkedBooter.java:162)
	at org.apache.maven.surefire.booter.ForkedBooter.run(ForkedBooter.java:562)
	at org.apache.maven.surefire.booter.ForkedBooter.main(ForkedBooter.java:548)
2024-02-27 07:45:07,154 [main] INFO  om.OzoneManager (OzoneManager.java:addS3GVolumeToDB(4425)) - Created Volume s3v With Owner runner required for S3Gateway operations.
2024-02-27 07:45:07,154 [main] WARN  server.ServerUtils (ServerUtils.java:getDefaultRatisDirectory(311)) - Storage directory for Ratis is not configured. It is a good idea to map this to an SSD disk. Falling back to ozone.metadata.dirs
2024-02-27 07:45:07,154 [main] WARN  utils.OzoneManagerRatisUtils (OzoneManagerRatisUtils.java:getOMRatisSnapshotDirectory(476)) - ozone.om.ratis.snapshot.dir is not configured. Falling back to ozone.metadata.dirs config
2024-02-27 07:45:07,155 [main] INFO  utils.RDBSnapshotProvider (RDBSnapshotProvider.java:init(87)) - Cleaning up the candidate dir: /home/runner/work/ozone/ozone/hadoop-ozone/integration-test/target/test-dir/MiniOzoneClusterImpl-b00976b7-23bc-4195-b1b8-a51685bf3827/omNode-2/snapshot/om.db.candidate
2024-02-27 07:45:07,155 [main] INFO  ratis_snapshot.OmRatisSnapshotProvider (OmRatisSnapshotProvider.java:<init>(99)) - Initializing OM Snapshot Provider
2024-02-27 07:45:07,156 [main] WARN  dropwizard3.Dm3MetricRegistriesImpl (Dm3MetricRegistriesImpl.java:addReporterRegistration(113)) - New reporters are added after registries were created. Some metrics will be missing from the reporter. Please add reporter before adding any new registry.
2024-02-27 07:45:07,156 [main] WARN  dropwizard3.Dm3MetricRegistriesImpl (Dm3MetricRegistriesImpl.java:addReporterRegistration(113)) - New reporters are added after registries were created. Some metrics will be missing from the reporter. Please add reporter before adding any new registry.
2024-02-27 07:45:07,156 [main] WARN  server.ServerUtils (ServerUtils.java:getDefaultRatisDirectory(311)) - Storage directory for Ratis is not configured. It is a good idea to map this to an SSD disk. Falling back to ozone.metadata.dirs
2024-02-27 07:45:07,157 [main] INFO  ratis.OzoneManagerRatisServer (OzoneManagerRatisServer.java:<init>(167)) - Instantiating OM Ratis server with groupID: om-service-test1 and peers: localhost:15140, localhost:15144, localhost:15136
2024-02-27 07:45:07,157 [main] INFO  ratis.OzoneManagerStateMachine (OzoneManagerStateMachine.java:loadSnapshotInfoFromDB(576)) - TransactionInfo not found in OM DB.
2024-02-27 07:45:07,157 [main] INFO  server.RaftServer (ConfUtils.java:logGet(46)) - raft.rpc.type = GRPC (default)
2024-02-27 07:45:07,157 [main] INFO  grpc.GrpcConfigKeys (ConfUtils.java:logFallback(53)) - raft.grpc.admin.host = null (fallback to raft.grpc.server.host)
2024-02-27 07:45:07,158 [main] INFO  grpc.GrpcConfigKeys (ConfUtils.java:logFallback(53)) - raft.grpc.admin.port = 15140 (fallback to raft.grpc.server.port)
2024-02-27 07:45:07,158 [main] INFO  grpc.GrpcConfigKeys (ConfUtils.java:logFallback(53)) - raft.grpc.client.host = null (fallback to raft.grpc.server.host)
2024-02-27 07:45:07,158 [main] INFO  grpc.GrpcConfigKeys (ConfUtils.java:logFallback(53)) - raft.grpc.client.port = 15140 (fallback to raft.grpc.server.port)
2024-02-27 07:45:07,158 [main] INFO  grpc.GrpcConfigKeys (ConfUtils.java:logGet(46)) - raft.grpc.server.host = null (default)
2024-02-27 07:45:07,158 [main] INFO  grpc.GrpcConfigKeys (ConfUtils.java:logGet(46)) - raft.grpc.server.port = 15140 (custom)
2024-02-27 07:45:07,159 [main] INFO  server.GrpcService (ConfUtils.java:logGet(46)) - raft.grpc.message.size.max = 4194304 (custom)
2024-02-27 07:45:07,159 [main] INFO  server.RaftServerConfigKeys (ConfUtils.java:logGet(46)) - raft.server.log.appender.buffer.byte-limit = 4194304 (custom)
2024-02-27 07:45:07,159 [main] INFO  server.GrpcService (ConfUtils.java:logGet(46)) - raft.grpc.flow.control.window = 1MB (=1048576) (default)
2024-02-27 07:45:07,159 [main] INFO  server.RaftServerConfigKeys (ConfUtils.java:logGet(46)) - raft.server.rpc.request.timeout = 3000ms (default)
2024-02-27 07:45:07,159 [main] INFO  grpc.GrpcConfigKeys (ConfUtils.java:logGet(46)) - raft.grpc.server.heartbeat.channel = true (default)
2024-02-27 07:45:07,159 [main] INFO  grpc.GrpcConfigKeys (ConfUtils.java:logGet(46)) - raft.grpc.server.async.request.thread.pool.cached = true (default)
2024-02-27 07:45:07,160 [main] INFO  grpc.GrpcConfigKeys (ConfUtils.java:logGet(46)) - raft.grpc.server.async.request.thread.pool.size = 32 (default)
2024-02-27 07:45:07,161 [main] INFO  impl.DataStreamServerImpl (ConfUtils.java:logGet(46)) - raft.datastream.type = DISABLED (default)
2024-02-27 07:45:07,161 [main] INFO  server.RaftServerConfigKeys (ConfUtils.java:logGet(46)) - raft.server.sleep.deviation.threshold = 300ms (default)
2024-02-27 07:45:07,161 [main] INFO  server.RaftServerConfigKeys (ConfUtils.java:logGet(46)) - raft.server.close.threshold = 60s (default)
2024-02-27 07:45:07,161 [main] INFO  server.RaftServerConfigKeys (ConfUtils.java:logGet(46)) - raft.server.leaderelection.leader.step-down.wait-time = 10s (default)
2024-02-27 07:45:07,161 [main] INFO  server.RaftServerConfigKeys (ConfUtils.java:logGet(46)) - raft.server.storage.dir = [/home/runner/work/ozone/ozone/hadoop-ozone/integration-test/target/test-dir/MiniOzoneClusterImpl-b00976b7-23bc-4195-b1b8-a51685bf3827/omNode-2/ratis] (custom)
2024-02-27 07:45:07,161 [main] INFO  server.RaftServerConfigKeys (ConfUtils.java:logGet(46)) - raft.server.threadpool.proxy.cached = true (default)
2024-02-27 07:45:07,162 [main] INFO  server.RaftServerConfigKeys (ConfUtils.java:logGet(46)) - raft.server.threadpool.proxy.size = 0 (default)
2024-02-27 07:45:07,162 [main] INFO  server.RaftServer (RaftServerProxy.java:addNew(100)) - omNode-2: addNew group-523986131536:[omNode-3|localhost:15144, omNode-1|localhost:15136, omNode-2|localhost:15140] returns group-523986131536:java.util.concurrent.CompletableFuture@5dcc7305[Not completed]
2024-02-27 07:45:07,162 [main] INFO  om.OzoneManager (OzoneManager.java:initializeRatisServer(2140)) - OzoneManager Ratis server initialized at port 15140
2024-02-27 07:45:07,162 [omNode-2-groupManagement] INFO  server.RaftServer$Division (RaftServerImpl.java:<init>(256)) - omNode-2: new RaftServerImpl for group-523986131536:[omNode-3|localhost:15144, omNode-1|localhost:15136, omNode-2|localhost:15140] with OzoneManagerStateMachine:uninitialized
2024-02-27 07:45:07,162 [main] INFO  om.OzoneManager (OzoneManager.java:getRpcServer(1206)) - Creating RPC Server
2024-02-27 07:45:07,162 [omNode-2-groupManagement] INFO  server.RaftServerConfigKeys (ConfUtils.java:logGet(46)) - raft.server.rpc.timeout.min = 1s (custom)
2024-02-27 07:45:07,163 [omNode-2-groupManagement] INFO  server.RaftServerConfigKeys (ConfUtils.java:logGet(46)) - raft.server.rpc.timeout.max = 1200ms (custom)
2024-02-27 07:45:07,163 [omNode-2-groupManagement] INFO  server.RaftServerConfigKeys (ConfUtils.java:logGet(46)) - raft.server.rpc.sleep.time = 25ms (default)
2024-02-27 07:45:07,163 [omNode-2-groupManagement] INFO  server.RaftServerConfigKeys (ConfUtils.java:logGet(46)) - raft.server.rpc.slowness.timeout = 2s (custom)
2024-02-27 07:45:07,163 [omNode-2-groupManagement] INFO  server.RaftServerConfigKeys (ConfUtils.java:logGet(46)) - raft.server.leaderelection.leader.step-down.wait-time = 10s (default)
2024-02-27 07:45:07,163 [omNode-2-groupManagement] INFO  server.RaftServerConfigKeys (ConfUtils.java:logGet(46)) - raft.server.leaderelection.member.majority-add = false (default)
2024-02-27 07:45:07,163 [omNode-2-groupManagement] INFO  server.RaftServerConfigKeys (ConfUtils.java:logGet(46)) - raft.server.sleep.deviation.threshold = 300ms (default)
2024-02-27 07:45:07,163 [omNode-2-groupManagement] INFO  server.RaftServer$Division (ServerState.java:<init>(113)) - omNode-2@group-523986131536: ConfigurationManager, init=-1: peers:[omNode-3|localhost:15144, omNode-1|localhost:15136, omNode-2|localhost:15140]|listeners:[], old=null, confs=<EMPTY_MAP>
2024-02-27 07:45:07,163 [omNode-2-groupManagement] INFO  server.RaftServerConfigKeys (ConfUtils.java:logGet(46)) - raft.server.notification.no-leader.timeout = 2s (custom)
2024-02-27 07:45:07,163 [omNode-2-groupManagement] INFO  server.RaftServerConfigKeys (ConfUtils.java:logGet(46)) - raft.server.read.timeout = 10s (default)
2024-02-27 07:45:07,163 [omNode-2-groupManagement] INFO  server.RaftServerConfigKeys (ConfUtils.java:logGet(46)) - raft.server.retrycache.expirytime = 30000ms (custom)
2024-02-27 07:45:07,163 [omNode-2-groupManagement] INFO  server.RaftServerConfigKeys (ConfUtils.java:logGet(46)) - raft.server.retrycache.statistics.expirytime = 100ms (default)
2024-02-27 07:45:07,163 [omNode-2-groupManagement] INFO  server.RaftServerConfigKeys (ConfUtils.java:logGet(46)) - raft.server.read.option = DEFAULT (default)
2024-02-27 07:45:07,163 [omNode-2-groupManagement] INFO  server.RaftServerConfigKeys (ConfUtils.java:logGet(46)) - raft.server.read.read-after-write-consistent.write-index-cache.expiry-time = 60s (default)
2024-02-27 07:45:07,164 [omNode-2-groupManagement] INFO  server.RaftServerConfigKeys (ConfUtils.java:logGet(46)) - raft.server.rpc.request.timeout = 3000ms (default)
2024-02-27 07:45:07,164 [omNode-2-groupManagement] INFO  server.RaftServerConfigKeys (ConfUtils.java:logGet(46)) - raft.server.log.appender.install.snapshot.enabled = false (custom)
2024-02-27 07:45:07,164 [omNode-2-groupManagement] INFO  server.RaftServerConfigKeys (ConfUtils.java:logGet(46)) - raft.server.threadpool.server.cached = true (default)
2024-02-27 07:45:07,165 [omNode-2-groupManagement] INFO  server.RaftServerConfigKeys (ConfUtils.java:logGet(46)) - raft.server.threadpool.server.size = 0 (default)
2024-02-27 07:45:07,165 [omNode-2-groupManagement] INFO  server.RaftServerConfigKeys (ConfUtils.java:logGet(46)) - raft.server.threadpool.client.cached = true (default)
2024-02-27 07:45:07,165 [omNode-2-groupManagement] INFO  server.RaftServerConfigKeys (ConfUtils.java:logGet(46)) - raft.server.threadpool.client.size = 0 (default)
2024-02-27 07:45:07,382 [main] INFO  ipc.CallQueueManager (CallQueueManager.java:<init>(90)) - Using callQueue: class java.util.concurrent.LinkedBlockingQueue, queueCapacity: 2000, scheduler: class org.apache.hadoop.ipc.DefaultRpcScheduler, ipcBackoff: false.
2024-02-27 07:45:07,382 [main] INFO  ipc.Server (Server.java:<init>(1287)) - Listener at 127.0.0.1:15137
2024-02-27 07:45:07,383 [Socket Reader #1 for port 15137] INFO  ipc.Server (Server.java:run(1323)) - Starting Socket Reader #1 for port 15137
2024-02-27 07:45:07,398 [main] INFO  impl.MetricsSystemImpl (MetricsSystemImpl.java:init(158)) - OzoneManager metrics system started (again)
2024-02-27 07:45:07,406 [main] INFO  om.OzoneManager (OzoneManager.java:start(1628)) - OzoneManager RPC server is listening at localhost/127.0.0.1:15137
2024-02-27 07:45:07,406 [main] INFO  ratis.OzoneManagerRatisServer (OzoneManagerRatisServer.java:start(588)) - Starting OzoneManagerRatisServer omNode-2 at port 15140
2024-02-27 07:45:07,406 [omNode-2-impl-thread1] INFO  server.RaftServerConfigKeys (ConfUtils.java:logGet(46)) - raft.server.storage.free-space.min = 0MB (=0) (default)
2024-02-27 07:45:07,406 [omNode-2-impl-thread1] INFO  server.RaftServerConfigKeys (ConfUtils.java:logGet(46)) - raft.server.log.corruption.policy = EXCEPTION (default)
2024-02-27 07:45:07,407 [omNode-2-impl-thread1] INFO  server.RaftServerConfigKeys (ConfUtils.java:logGet(46)) - raft.server.storage.dir = [/home/runner/work/ozone/ozone/hadoop-ozone/integration-test/target/test-dir/MiniOzoneClusterImpl-b00976b7-23bc-4195-b1b8-a51685bf3827/omNode-2/ratis] (custom)
2024-02-27 07:45:07,407 [omNode-2-impl-thread1] INFO  storage.RaftStorageDirectory (RaftStorageDirectoryImpl.java:analyzeStorage(138)) - The storage directory /home/runner/work/ozone/ozone/hadoop-ozone/integration-test/target/test-dir/MiniOzoneClusterImpl-b00976b7-23bc-4195-b1b8-a51685bf3827/omNode-2/ratis/c9bc4cf4-3bc3-3c60-a66b-523986131536 does not exist. Creating ...
2024-02-27 07:45:07,408 [omNode-2-impl-thread1] INFO  storage.RaftStorageDirectory (RaftStorageDirectoryImpl.java:tryLock(228)) - Lock on /home/runner/work/ozone/ozone/hadoop-ozone/integration-test/target/test-dir/MiniOzoneClusterImpl-b00976b7-23bc-4195-b1b8-a51685bf3827/omNode-2/ratis/c9bc4cf4-3bc3-3c60-a66b-523986131536/in_use.lock acquired by nodename 40924@fv-az699-61
2024-02-27 07:45:07,410 [omNode-2-impl-thread1] INFO  storage.RaftStorage (RaftStorageImpl.java:format(99)) - Storage directory /home/runner/work/ozone/ozone/hadoop-ozone/integration-test/target/test-dir/MiniOzoneClusterImpl-b00976b7-23bc-4195-b1b8-a51685bf3827/omNode-2/ratis/c9bc4cf4-3bc3-3c60-a66b-523986131536 has been successfully formatted.
2024-02-27 07:45:07,410 [omNode-2-impl-thread1] WARN  util.FileUtils (LogUtils.java:supplyAndLog(63)) - Failed to Files.newInputStream /home/runner/work/ozone/ozone/hadoop-ozone/integration-test/target/test-dir/MiniOzoneClusterImpl-b00976b7-23bc-4195-b1b8-a51685bf3827/omNode-2/ratis/c9bc4cf4-3bc3-3c60-a66b-523986131536/current/raft-meta.conf with options []: java.nio.file.NoSuchFileException: /home/runner/work/ozone/ozone/hadoop-ozone/integration-test/target/test-dir/MiniOzoneClusterImpl-b00976b7-23bc-4195-b1b8-a51685bf3827/omNode-2/ratis/c9bc4cf4-3bc3-3c60-a66b-523986131536/current/raft-meta.conf
2024-02-27 07:45:07,411 [omNode-2-impl-thread1] INFO  server.RaftServerConfigKeys (ConfUtils.java:logGet(46)) - raft.server.log.use.memory = false (default)
2024-02-27 07:45:07,411 [omNode-2-impl-thread1] INFO  server.RaftServerConfigKeys (ConfUtils.java:logGet(46)) - raft.server.log.purge.gap = 50 (custom)
2024-02-27 07:45:07,411 [omNode-2-impl-thread1] INFO  server.RaftServerConfigKeys (ConfUtils.java:logGet(46)) - raft.server.log.appender.buffer.byte-limit = 4194304 (custom)
2024-02-27 07:45:07,411 [omNode-2-impl-thread1] INFO  server.RaftServerConfigKeys (ConfUtils.java:logGet(46)) - raft.server.log.statemachine.data.read.timeout = 1000ms (default)
2024-02-27 07:45:07,411 [omNode-2-impl-thread1] INFO  server.RaftServerConfigKeys (ConfUtils.java:logGet(46)) - raft.server.log.purge.preservation.log.num = 0 (default)
2024-02-27 07:45:07,411 [omNode-2-impl-thread1] INFO  server.RaftServerConfigKeys (ConfUtils.java:logGet(46)) - raft.server.log.segment.size.max = 4194304 (custom)
2024-02-27 07:45:07,411 [omNode-2-impl-thread1] INFO  server.RaftServerConfigKeys (ConfUtils.java:logGet(46)) - raft.server.log.segment.cache.num.max = 2 (custom)
2024-02-27 07:45:07,411 [omNode-2-impl-thread1] INFO  server.RaftServerConfigKeys (ConfUtils.java:logGet(46)) - raft.server.log.segment.cache.size.max = 200MB (=209715200) (default)
2024-02-27 07:45:07,411 [omNode-2-impl-thread1] INFO  server.RaftServerConfigKeys (ConfUtils.java:logGet(46)) - raft.server.log.appender.buffer.byte-limit = 4194304 (custom)
2024-02-27 07:45:07,411 [omNode-2-impl-thread1] INFO  util.AwaitToRun (AwaitToRun.java:start(81)) - Thread[omNode-2@group-523986131536-cacheEviction-AwaitToRun,5,main] started
2024-02-27 07:45:07,412 [omNode-2-impl-thread1] INFO  segmented.SegmentedRaftLogWorker (SegmentedRaftLogWorker.java:<init>(182)) - new omNode-2@group-523986131536-SegmentedRaftLogWorker for RaftStorageImpl:Storage Directory /home/runner/work/ozone/ozone/hadoop-ozone/integration-test/target/test-dir/MiniOzoneClusterImpl-b00976b7-23bc-4195-b1b8-a51685bf3827/omNode-2/ratis/c9bc4cf4-3bc3-3c60-a66b-523986131536
2024-02-27 07:45:07,412 [omNode-2-impl-thread1] INFO  server.RaftServerConfigKeys (ConfUtils.java:logGet(46)) - raft.server.log.queue.byte-limit = 64MB (=67108864) (default)
2024-02-27 07:45:07,412 [omNode-2-impl-thread1] INFO  server.RaftServerConfigKeys (ConfUtils.java:logGet(46)) - raft.server.log.queue.element-limit = 4096 (default)
2024-02-27 07:45:07,412 [omNode-2-impl-thread1] INFO  server.RaftServerConfigKeys (ConfUtils.java:logGet(46)) - raft.server.log.segment.size.max = 4194304 (custom)
2024-02-27 07:45:07,412 [omNode-2-impl-thread1] INFO  server.RaftServerConfigKeys (ConfUtils.java:logGet(46)) - raft.server.log.preallocated.size = 4194304 (custom)
2024-02-27 07:45:07,412 [omNode-2-impl-thread1] INFO  server.RaftServerConfigKeys (ConfUtils.java:logGet(46)) - raft.server.log.force.sync.num = 128 (default)
2024-02-27 07:45:07,412 [omNode-2-impl-thread1] INFO  server.RaftServerConfigKeys (ConfUtils.java:logGet(46)) - raft.server.log.statemachine.data.sync = true (default)
2024-02-27 07:45:07,412 [omNode-2-impl-thread1] INFO  server.RaftServerConfigKeys (ConfUtils.java:logGet(46)) - raft.server.log.statemachine.data.sync.timeout = 10s (default)
2024-02-27 07:45:07,412 [omNode-2-impl-thread1] INFO  server.RaftServerConfigKeys (ConfUtils.java:logGet(46)) - raft.server.log.statemachine.data.sync.timeout.retry = -1 (default)
2024-02-27 07:45:07,412 [omNode-2-impl-thread1] INFO  server.RaftServerConfigKeys (ConfUtils.java:logGet(46)) - raft.server.log.write.buffer.size = 4194312 (custom)
2024-02-27 07:45:07,413 [omNode-2-impl-thread1] INFO  server.RaftServerConfigKeys (ConfUtils.java:logGet(46)) - raft.server.log.appender.buffer.byte-limit = 4194304 (custom)
2024-02-27 07:45:07,413 [omNode-2-impl-thread1] INFO  server.RaftServerConfigKeys (ConfUtils.java:logGet(46)) - raft.server.log.unsafe-flush.enabled = false (default)
2024-02-27 07:45:07,413 [omNode-2-impl-thread1] INFO  server.RaftServerConfigKeys (ConfUtils.java:logGet(46)) - raft.server.log.async-flush.enabled = false (default)
2024-02-27 07:45:07,413 [omNode-2-impl-thread1] INFO  server.RaftServerConfigKeys (ConfUtils.java:logGet(46)) - raft.server.log.statemachine.data.caching.enabled = false (default)
2024-02-27 07:45:07,413 [omNode-2-impl-thread1] INFO  segmented.SegmentedRaftLogWorker (SegmentedRaftLogWorker.java:lambda$new$0(134)) - omNode-2@group-523986131536-SegmentedRaftLogWorker: flushIndex: setUnconditionally 0 -> -1
2024-02-27 07:45:07,413 [omNode-2-impl-thread1] INFO  segmented.SegmentedRaftLogWorker (SegmentedRaftLogWorker.java:lambda$new$0(134)) - omNode-2@group-523986131536-SegmentedRaftLogWorker: safeCacheEvictIndex: setUnconditionally 0 -> -1
2024-02-27 07:45:07,413 [omNode-2-impl-thread1] INFO  server.RaftServer$Division (RaftServerImpl.java:start(396)) - omNode-2@group-523986131536: start as a follower, conf=-1: peers:[omNode-3|localhost:15144, omNode-1|localhost:15136, omNode-2|localhost:15140]|listeners:[], old=null
2024-02-27 07:45:07,413 [omNode-2-impl-thread1] INFO  server.RaftServer$Division (RaftServerImpl.java:setRole(383)) - omNode-2@group-523986131536: changes role from      null to FOLLOWER at term 0 for startAsFollower
2024-02-27 07:45:07,413 [omNode-2-impl-thread1] INFO  impl.RoleInfo (RoleInfo.java:updateAndGet(139)) - omNode-2: start omNode-2@group-523986131536-FollowerState
2024-02-27 07:45:07,414 [omNode-2@group-523986131536-FollowerState] INFO  server.RaftServerConfigKeys (ConfUtils.java:logFallback(53)) - raft.server.rpc.first-election.timeout.min = 1s (fallback to raft.server.rpc.timeout.min)
2024-02-27 07:45:07,414 [omNode-2-impl-thread1] INFO  util.JmxRegister (JmxRegister.java:tryRegister(44)) - Successfully registered JMX Bean with object name Ratis:service=RaftServer,group=group-523986131536,id=omNode-2
2024-02-27 07:45:07,414 [omNode-2-impl-thread1] INFO  server.RaftServerConfigKeys (ConfUtils.java:logGet(46)) - raft.server.snapshot.trigger-when-stop.enabled = true (default)
2024-02-27 07:45:07,414 [omNode-2-impl-thread1] INFO  server.RaftServerConfigKeys (ConfUtils.java:logGet(46)) - raft.server.snapshot.auto.trigger.enabled = true (custom)
2024-02-27 07:45:07,414 [omNode-2-impl-thread1] INFO  server.RaftServerConfigKeys (ConfUtils.java:logGet(46)) - raft.server.snapshot.auto.trigger.threshold = 50 (custom)
2024-02-27 07:45:07,414 [omNode-2-impl-thread1] INFO  server.RaftServerConfigKeys (ConfUtils.java:logGet(46)) - raft.server.snapshot.retention.file.num = -1 (default)
2024-02-27 07:45:07,414 [omNode-2-impl-thread1] INFO  server.RaftServerConfigKeys (ConfUtils.java:logGet(46)) - raft.server.log.purge.upto.snapshot.index = true (custom)
2024-02-27 07:45:07,414 [omNode-2@group-523986131536-FollowerState] INFO  server.RaftServerConfigKeys (ConfUtils.java:logFallback(53)) - raft.server.rpc.first-election.timeout.max = 1200ms (fallback to raft.server.rpc.timeout.max)
2024-02-27 07:45:07,414 [main] INFO  server.RaftServer (RaftServerProxy.java:startImpl(406)) - omNode-2: start RPC server
2024-02-27 07:45:07,415 [main] INFO  server.GrpcService (GrpcService.java:startImpl(302)) - omNode-2: GrpcService started, listening on 15140
2024-02-27 07:45:07,416 [JvmPauseMonitor41] INFO  util.JvmPauseMonitor (JvmPauseMonitor.java:run(146)) - JvmPauseMonitor-omNode-2: Started
2024-02-27 07:45:07,416 [main] INFO  om.OzoneManager (OzoneManager.java:start(1644)) - Version File has different layout version (6) than OM DB (null). That is expected if this OM has never been finalized to a newer layout version.
2024-02-27 07:45:07,418 [main] INFO  http.BaseHttpServer (BaseHttpServer.java:newHttpServer2BuilderForOzone(223)) - Starting Web-server for ozoneManager at: http://0.0.0.0:15138
2024-02-27 07:45:07,418 [main] INFO  http.BaseHttpServer (BaseHttpServer.java:<init>(110)) - Hadoop Security Enabled: false Ozone Security Enabled: false Ozone HTTP Security Enabled: false 
2024-02-27 07:45:07,419 [main] WARN  server.AuthenticationFilter (AuthenticationFilter.java:constructSecretProvider(240)) - Unable to initialize FileSignerSecretProvider, falling back to use random secrets. Reason: Could not read signature secret file: /home/runner/hadoop-http-auth-signature-secret
2024-02-27 07:45:07,421 [main] INFO  http.HttpRequestLog (HttpRequestLog.java:getRequestLog(86)) - Http request log for http.requests.ozoneManager is not defined
2024-02-27 07:45:07,422 [main] INFO  http.HttpServer2 (HttpServer2.java:addGlobalFilter(1036)) - Added global filter 'safety' (class=org.apache.hadoop.hdds.server.http.HttpServer2$QuotingInputFilter)
2024-02-27 07:45:07,422 [main] INFO  http.HttpServer2 (HttpServer2.java:addFilter(1012)) - Added filter static_user_filter (class=org.apache.hadoop.http.lib.StaticUserWebFilter$StaticUserFilter) to context ozoneManager
2024-02-27 07:45:07,422 [main] INFO  http.HttpServer2 (HttpServer2.java:addFilter(1020)) - Added filter static_user_filter (class=org.apache.hadoop.http.lib.StaticUserWebFilter$StaticUserFilter) to context logs
2024-02-27 07:45:07,422 [main] INFO  http.HttpServer2 (HttpServer2.java:addFilter(1020)) - Added filter static_user_filter (class=org.apache.hadoop.http.lib.StaticUserWebFilter$StaticUserFilter) to context static
2024-02-27 07:45:07,422 [main] INFO  http.BaseHttpServer (BaseHttpServer.java:<init>(189)) - HTTP server of ozoneManager uses base directory /home/runner/work/ozone/ozone/hadoop-ozone/integration-test/target/test-dir/MiniOzoneClusterImpl-b00976b7-23bc-4195-b1b8-a51685bf3827/omNode-2/webserver
2024-02-27 07:45:07,423 [main] INFO  http.HttpServer2 (HttpServer2.java:bindListener(1236)) - Jetty bound to port 15138
2024-02-27 07:45:07,423 [main] INFO  server.Server (Server.java:doStart(375)) - jetty-9.4.53.v20231009; built: 2023-10-09T12:29:09.265Z; git: 27bde00a0b95a1d5bbee0eae7984f891d2d0f8c9; jvm 1.8.0_402-b06
2024-02-27 07:45:07,424 [main] INFO  server.session (DefaultSessionIdManager.java:doStart(334)) - DefaultSessionIdManager workerName=node0
2024-02-27 07:45:07,424 [main] INFO  server.session (DefaultSessionIdManager.java:doStart(339)) - No SessionScavenger set, using defaults
2024-02-27 07:45:07,424 [main] INFO  server.session (HouseKeeper.java:startScavenging(132)) - node0 Scavenging every 660000ms
2024-02-27 07:45:07,424 [main] INFO  handler.ContextHandler (ContextHandler.java:doStart(921)) - Started o.e.j.s.ServletContextHandler@2a3bb68c{logs,/logs,file:///home/runner/work/ozone/ozone/hadoop-ozone/integration-test/target/log,AVAILABLE}
2024-02-27 07:45:07,425 [main] INFO  handler.ContextHandler (ContextHandler.java:doStart(921)) - Started o.e.j.s.ServletContextHandler@3cf6438b{static,/static,file:///home/runner/work/ozone/ozone/hadoop-ozone/integration-test/target/test-classes/webapps/static,AVAILABLE}
2024-02-27 07:45:07,427 [main] INFO  handler.ContextHandler (ContextHandler.java:doStart(921)) - Started o.e.j.w.WebAppContext@35802e7b{ozoneManager,/,file:///home/runner/work/ozone/ozone/hadoop-ozone/integration-test/target/test-classes/webapps/ozoneManager/,AVAILABLE}{file:/home/runner/work/ozone/ozone/hadoop-ozone/integration-test/target/test-classes/webapps/ozoneManager}
2024-02-27 07:45:07,427 [main] INFO  server.AbstractConnector (AbstractConnector.java:doStart(333)) - Started ServerConnector@37d5d504{HTTP/1.1, (http/1.1)}{0.0.0.0:15138}
2024-02-27 07:45:07,427 [main] INFO  server.Server (Server.java:doStart(415)) - Started @390135ms
2024-02-27 07:45:07,428 [main] WARN  impl.MetricsSystemImpl (MetricsSystemImpl.java:register(279)) - Sink prometheus already exists!
2024-02-27 07:45:07,428 [main] INFO  http.BaseHttpServer (BaseHttpServer.java:updateConnectorAddress(354)) - HTTP server of ozoneManager listening at http://0.0.0.0:15138
2024-02-27 07:45:07,428 [IPC Server Responder] INFO  ipc.Server (Server.java:run(1562)) - IPC Server Responder: starting
2024-02-27 07:45:07,428 [IPC Server listener on 15137] INFO  ipc.Server (Server.java:run(1402)) - IPC Server listener on 15137: starting
2024-02-27 07:45:07,432 [main] INFO  om.OzoneManager (OzoneManager.java:startTrashEmptier(2093)) - Trash Interval set to 0. Files deleted won't move to trash
2024-02-27 07:45:07,433 [main] INFO  ozone.MiniOzoneHAClusterImpl (MiniOzoneHAClusterImpl.java:createOMService(474)) - Started OzoneManager omNode-2 RPC server at localhost/127.0.0.1:15137
2024-02-27 07:45:07,433 [main] INFO  ha.OMHANodeDetails (OMHANodeDetails.java:loadOMHAConfig(121)) - ServiceID for OzoneManager is om-service-test1
2024-02-27 07:45:07,433 [main] INFO  ha.OMHANodeDetails (OMHANodeDetails.java:loadOMHAConfig(201)) - Found matching OM address with OMServiceId: om-service-test1, OMNodeId: omNode-3, RPC Address: localhost:15141 and Ratis port: 15144
2024-02-27 07:45:07,433 [main] INFO  ha.OMHANodeDetails (ConfUtils.java:setNodeSpecificConfigs(97)) - Setting configuration key ozone.om.http-address with value of key ozone.om.http-address.om-service-test1.omNode-3: 127.0.0.1:15142
2024-02-27 07:45:07,434 [main] INFO  ha.OMHANodeDetails (ConfUtils.java:setNodeSpecificConfigs(97)) - Setting configuration key ozone.om.https-address with value of key ozone.om.https-address.om-service-test1.omNode-3: 127.0.0.1:15143
2024-02-27 07:45:07,434 [main] INFO  ha.OMHANodeDetails (ConfUtils.java:setNodeSpecificConfigs(97)) - Setting configuration key ozone.om.address with value of key ozone.om.address.om-service-test1.omNode-3: 127.0.0.1:15141
2024-02-27 07:45:07,434 [main] WARN  server.ServerUtils (ServerUtils.java:getDBPath(299)) - ozone.om.db.dirs is not configured. We recommend adding this setting. Falling back to ozone.metadata.dirs instead.
2024-02-27 07:45:07,434 [main] INFO  proxy.SCMBlockLocationFailoverProxyProvider (SCMBlockLocationFailoverProxyProvider.java:<init>(115)) - Created block location fail-over proxy with 1 nodes: [nodeId=scmNodeId,nodeAddress=/0.0.0.0:15130]
OM initialization succeeded.Current cluster id for sd=/home/runner/work/ozone/ozone/hadoop-ozone/integration-test/target/test-dir/MiniOzoneClusterImpl-b00976b7-23bc-4195-b1b8-a51685bf3827/omNode-3/om;cid=b00976b7-23bc-4195-b1b8-a51685bf3827;layoutVersion=6
2024-02-27 07:45:07,438 [main] INFO  ha.OMHANodeDetails (OMHANodeDetails.java:loadOMHAConfig(121)) - ServiceID for OzoneManager is om-service-test1
2024-02-27 07:45:07,439 [main] INFO  ha.OMHANodeDetails (OMHANodeDetails.java:loadOMHAConfig(201)) - Found matching OM address with OMServiceId: om-service-test1, OMNodeId: omNode-3, RPC Address: localhost:15141 and Ratis port: 15144
2024-02-27 07:45:07,439 [main] INFO  ha.OMHANodeDetails (ConfUtils.java:setNodeSpecificConfigs(97)) - Setting configuration key ozone.om.http-address with value of key ozone.om.http-address.om-service-test1.omNode-3: 127.0.0.1:15142
2024-02-27 07:45:07,439 [main] INFO  ha.OMHANodeDetails (ConfUtils.java:setNodeSpecificConfigs(97)) - Setting configuration key ozone.om.https-address with value of key ozone.om.https-address.om-service-test1.omNode-3: 127.0.0.1:15143
2024-02-27 07:45:07,439 [main] INFO  ha.OMHANodeDetails (ConfUtils.java:setNodeSpecificConfigs(97)) - Setting configuration key ozone.om.address with value of key ozone.om.address.om-service-test1.omNode-3: 127.0.0.1:15141
2024-02-27 07:45:07,439 [main] WARN  server.ServerUtils (ServerUtils.java:getDBPath(299)) - ozone.om.db.dirs is not configured. We recommend adding this setting. Falling back to ozone.metadata.dirs instead.
2024-02-27 07:45:07,440 [main] INFO  upgrade.AbstractLayoutVersionManager (AbstractLayoutVersionManager.java:init(83)) - Initializing Layout version manager with metadata layout = QUOTA (version = 6), software layout = QUOTA (version = 6)
2024-02-27 07:45:07,471 [main] INFO  upgrade.OMLayoutVersionManager (OMLayoutVersionManager.java:lambda$0(113)) - Skipping Upgrade Action QuotaRepairUpgradeAction since it has been finalized.
2024-02-27 07:45:07,471 [main] INFO  upgrade.OMLayoutVersionManager (OMLayoutVersionManager.java:lambda$0(113)) - Skipping Upgrade Action MockOmUpgradeAction since it has been finalized.
2024-02-27 07:45:07,471 [main] WARN  server.ServerUtils (ServerUtils.java:getDBPath(299)) - ozone.om.db.dirs is not configured. We recommend adding this setting. Falling back to ozone.metadata.dirs instead.
2024-02-27 07:45:07,472 [main] INFO  proxy.SCMBlockLocationFailoverProxyProvider (SCMBlockLocationFailoverProxyProvider.java:<init>(115)) - Created block location fail-over proxy with 1 nodes: [nodeId=scmNodeId,nodeAddress=/0.0.0.0:15130]
2024-02-27 07:45:07,503 [main] INFO  proxy.SCMBlockLocationFailoverProxyProvider (SCMBlockLocationFailoverProxyProvider.java:<init>(115)) - Created block location fail-over proxy with 1 nodes: [nodeId=scmNodeId,nodeAddress=/0.0.0.0:15130]
2024-02-27 07:45:07,507 [main] INFO  om.OzoneManager (OzoneManager.java:<init>(672)) - OM start with adminUsers: [*, runner]
2024-02-27 07:45:07,508 [main] WARN  server.ServerUtils (ServerUtils.java:getDBPath(299)) - ozone.om.db.dirs is not configured. We recommend adding this setting. Falling back to ozone.metadata.dirs instead.
2024-02-27 07:45:07,508 [main] INFO  helpers.OmKeyInfo (OmKeyInfo.java:getCodec(71)) - OmKeyInfo.getCodec ignorePipeline = true
2024-02-27 07:45:07,652 [main] INFO  om.OzoneManager (OzoneManager.java:instantiateServices(804)) - S3 Multi-Tenancy is disabled
2024-02-27 07:45:07,652 [main] INFO  om.OmSnapshotManager (OmSnapshotManager.java:<init>(177)) - Ozone filesystem snapshot feature is enabled.
2024-02-27 07:45:07,653 [main] WARN  server.ServerUtils (ServerUtils.java:getDBPath(299)) - ozone.om.snapshot.diff.db.dir is not configured. We recommend adding this setting. Falling back to ozone.metadata.dirs instead.
2024-02-27 07:45:07,672 [main] INFO  utils.NativeLibraryLoader (NativeLibraryLoader.java:loadLibrary(108)) - Loading Library: ozone_rocksdb_tools
2024-02-27 07:45:07,672 [main] ERROR snapshot.SnapshotDiffManager (SnapshotDiffManager.java:initNativeLibraryForEfficientDiff(287)) - Native Library for raw sst file reading loading failed.
org.apache.hadoop.hdds.utils.NativeLibraryNotLoadedException: Unable to load library ozone_rocksdb_tools from both java.library.path & resource file libozone_rocksdb_tools.so from jar.
	at org.apache.hadoop.hdds.utils.db.managed.ManagedRawSSTFileReader.loadLibrary(ManagedRawSSTFileReader.java:38)
	at org.apache.hadoop.ozone.om.snapshot.SnapshotDiffManager.initNativeLibraryForEfficientDiff(SnapshotDiffManager.java:285)
	at org.apache.hadoop.ozone.om.snapshot.SnapshotDiffManager.<init>(SnapshotDiffManager.java:259)
	at org.apache.hadoop.ozone.om.OmSnapshotManager.<init>(OmSnapshotManager.java:279)
	at org.apache.hadoop.ozone.om.OzoneManager.instantiateServices(OzoneManager.java:856)
	at org.apache.hadoop.ozone.om.OzoneManager.<init>(OzoneManager.java:682)
	at org.apache.hadoop.ozone.om.OzoneManager.createOm(OzoneManager.java:767)
	at org.apache.hadoop.ozone.MiniOzoneHAClusterImpl$Builder.createOMService(MiniOzoneHAClusterImpl.java:467)
	at org.apache.hadoop.ozone.MiniOzoneHAClusterImpl$Builder.build(MiniOzoneHAClusterImpl.java:387)
	at org.apache.hadoop.ozone.om.TestOzoneManagerHA.init(TestOzoneManagerHA.java:184)
	at sun.reflect.NativeMethodAccessorImpl.invoke0(Native Method)
	at sun.reflect.NativeMethodAccessorImpl.invoke(NativeMethodAccessorImpl.java:62)
	at sun.reflect.DelegatingMethodAccessorImpl.invoke(DelegatingMethodAccessorImpl.java:43)
	at java.lang.reflect.Method.invoke(Method.java:498)
	at org.junit.platform.commons.util.ReflectionUtils.invokeMethod(ReflectionUtils.java:728)
	at org.junit.jupiter.engine.execution.MethodInvocation.proceed(MethodInvocation.java:60)
	at org.junit.jupiter.engine.execution.InvocationInterceptorChain$ValidatingInvocation.proceed(InvocationInterceptorChain.java:131)
	at org.junit.jupiter.engine.extension.TimeoutExtension.intercept(TimeoutExtension.java:156)
	at org.junit.jupiter.engine.extension.TimeoutExtension.interceptLifecycleMethod(TimeoutExtension.java:128)
	at org.junit.jupiter.engine.extension.TimeoutExtension.interceptBeforeAllMethod(TimeoutExtension.java:70)
	at org.junit.jupiter.engine.execution.InterceptingExecutableInvoker$ReflectiveInterceptorCall.lambda$ofVoidMethod$0(InterceptingExecutableInvoker.java:103)
	at org.junit.jupiter.engine.execution.InterceptingExecutableInvoker.lambda$invoke$0(InterceptingExecutableInvoker.java:93)
	at org.junit.jupiter.engine.execution.InvocationInterceptorChain$InterceptedInvocation.proceed(InvocationInterceptorChain.java:106)
	at org.junit.jupiter.engine.execution.InvocationInterceptorChain.proceed(InvocationInterceptorChain.java:64)
	at org.junit.jupiter.engine.execution.InvocationInterceptorChain.chainAndInvoke(InvocationInterceptorChain.java:45)
	at org.junit.jupiter.engine.execution.InvocationInterceptorChain.invoke(InvocationInterceptorChain.java:37)
	at org.junit.jupiter.engine.execution.InterceptingExecutableInvoker.invoke(InterceptingExecutableInvoker.java:92)
	at org.junit.jupiter.engine.execution.InterceptingExecutableInvoker.invoke(InterceptingExecutableInvoker.java:86)
	at org.junit.jupiter.engine.descriptor.ClassBasedTestDescriptor.lambda$invokeBeforeAllMethods$13(ClassBasedTestDescriptor.java:412)
	at org.junit.platform.engine.support.hierarchical.ThrowableCollector.execute(ThrowableCollector.java:73)
	at org.junit.jupiter.engine.descriptor.ClassBasedTestDescriptor.invokeBeforeAllMethods(ClassBasedTestDescriptor.java:410)
	at org.junit.jupiter.engine.descriptor.ClassBasedTestDescriptor.before(ClassBasedTestDescriptor.java:216)
	at org.junit.jupiter.engine.descriptor.ClassBasedTestDescriptor.before(ClassBasedTestDescriptor.java:85)
	at org.junit.platform.engine.support.hierarchical.NodeTestTask.lambda$executeRecursively$6(NodeTestTask.java:148)
	at org.junit.platform.engine.support.hierarchical.ThrowableCollector.execute(ThrowableCollector.java:73)
	at org.junit.platform.engine.support.hierarchical.NodeTestTask.lambda$executeRecursively$8(NodeTestTask.java:141)
	at org.junit.platform.engine.support.hierarchical.Node.around(Node.java:137)
	at org.junit.platform.engine.support.hierarchical.NodeTestTask.lambda$executeRecursively$9(NodeTestTask.java:139)
	at org.junit.platform.engine.support.hierarchical.ThrowableCollector.execute(ThrowableCollector.java:73)
	at org.junit.platform.engine.support.hierarchical.NodeTestTask.executeRecursively(NodeTestTask.java:138)
	at org.junit.platform.engine.support.hierarchical.NodeTestTask.execute(NodeTestTask.java:95)
	at java.util.ArrayList.forEach(ArrayList.java:1259)
	at org.junit.platform.engine.support.hierarchical.SameThreadHierarchicalTestExecutorService.invokeAll(SameThreadHierarchicalTestExecutorService.java:41)
	at org.junit.platform.engine.support.hierarchical.NodeTestTask.lambda$executeRecursively$6(NodeTestTask.java:155)
	at org.junit.platform.engine.support.hierarchical.ThrowableCollector.execute(ThrowableCollector.java:73)
	at org.junit.platform.engine.support.hierarchical.NodeTestTask.lambda$executeRecursively$8(NodeTestTask.java:141)
	at org.junit.platform.engine.support.hierarchical.Node.around(Node.java:137)
	at org.junit.platform.engine.support.hierarchical.NodeTestTask.lambda$executeRecursively$9(NodeTestTask.java:139)
	at org.junit.platform.engine.support.hierarchical.ThrowableCollector.execute(ThrowableCollector.java:73)
	at org.junit.platform.engine.support.hierarchical.NodeTestTask.executeRecursively(NodeTestTask.java:138)
	at org.junit.platform.engine.support.hierarchical.NodeTestTask.execute(NodeTestTask.java:95)
	at org.junit.platform.engine.support.hierarchical.SameThreadHierarchicalTestExecutorService.submit(SameThreadHierarchicalTestExecutorService.java:35)
	at org.junit.platform.engine.support.hierarchical.HierarchicalTestExecutor.execute(HierarchicalTestExecutor.java:57)
	at org.junit.platform.engine.support.hierarchical.HierarchicalTestEngine.execute(HierarchicalTestEngine.java:54)
	at org.junit.platform.launcher.core.EngineExecutionOrchestrator.execute(EngineExecutionOrchestrator.java:198)
	at org.junit.platform.launcher.core.EngineExecutionOrchestrator.execute(EngineExecutionOrchestrator.java:169)
	at org.junit.platform.launcher.core.EngineExecutionOrchestrator.execute(EngineExecutionOrchestrator.java:93)
	at org.junit.platform.launcher.core.EngineExecutionOrchestrator.lambda$execute$0(EngineExecutionOrchestrator.java:58)
	at org.junit.platform.launcher.core.EngineExecutionOrchestrator.withInterceptedStreams(EngineExecutionOrchestrator.java:141)
	at org.junit.platform.launcher.core.EngineExecutionOrchestrator.execute(EngineExecutionOrchestrator.java:57)
	at org.junit.platform.launcher.core.DefaultLauncher.execute(DefaultLauncher.java:103)
	at org.junit.platform.launcher.core.DefaultLauncher.execute(DefaultLauncher.java:85)
	at org.junit.platform.launcher.core.DelegatingLauncher.execute(DelegatingLauncher.java:47)
	at org.junit.platform.launcher.core.SessionPerRequestLauncher.execute(SessionPerRequestLauncher.java:63)
	at org.apache.maven.surefire.junitplatform.JUnitPlatformProvider.invokeAllTests(JUnitPlatformProvider.java:165)
	at org.apache.maven.surefire.junitplatform.JUnitPlatformProvider.invoke(JUnitPlatformProvider.java:124)
	at org.apache.maven.surefire.booter.ForkedBooter.runSuitesInProcess(ForkedBooter.java:428)
	at org.apache.maven.surefire.booter.ForkedBooter.execute(ForkedBooter.java:162)
	at org.apache.maven.surefire.booter.ForkedBooter.run(ForkedBooter.java:562)
	at org.apache.maven.surefire.booter.ForkedBooter.main(ForkedBooter.java:548)
2024-02-27 07:45:07,674 [main] INFO  om.OzoneManager (OzoneManager.java:addS3GVolumeToDB(4425)) - Created Volume s3v With Owner runner required for S3Gateway operations.
2024-02-27 07:45:07,674 [main] WARN  server.ServerUtils (ServerUtils.java:getDefaultRatisDirectory(311)) - Storage directory for Ratis is not configured. It is a good idea to map this to an SSD disk. Falling back to ozone.metadata.dirs
2024-02-27 07:45:07,675 [main] WARN  utils.OzoneManagerRatisUtils (OzoneManagerRatisUtils.java:getOMRatisSnapshotDirectory(476)) - ozone.om.ratis.snapshot.dir is not configured. Falling back to ozone.metadata.dirs config
2024-02-27 07:45:07,675 [main] INFO  utils.RDBSnapshotProvider (RDBSnapshotProvider.java:init(87)) - Cleaning up the candidate dir: /home/runner/work/ozone/ozone/hadoop-ozone/integration-test/target/test-dir/MiniOzoneClusterImpl-b00976b7-23bc-4195-b1b8-a51685bf3827/omNode-3/snapshot/om.db.candidate
2024-02-27 07:45:07,675 [main] INFO  ratis_snapshot.OmRatisSnapshotProvider (OmRatisSnapshotProvider.java:<init>(99)) - Initializing OM Snapshot Provider
2024-02-27 07:45:07,676 [main] WARN  dropwizard3.Dm3MetricRegistriesImpl (Dm3MetricRegistriesImpl.java:addReporterRegistration(113)) - New reporters are added after registries were created. Some metrics will be missing from the reporter. Please add reporter before adding any new registry.
2024-02-27 07:45:07,676 [main] WARN  dropwizard3.Dm3MetricRegistriesImpl (Dm3MetricRegistriesImpl.java:addReporterRegistration(113)) - New reporters are added after registries were created. Some metrics will be missing from the reporter. Please add reporter before adding any new registry.
2024-02-27 07:45:07,676 [main] WARN  server.ServerUtils (ServerUtils.java:getDefaultRatisDirectory(311)) - Storage directory for Ratis is not configured. It is a good idea to map this to an SSD disk. Falling back to ozone.metadata.dirs
2024-02-27 07:45:07,677 [main] INFO  ratis.OzoneManagerRatisServer (OzoneManagerRatisServer.java:<init>(167)) - Instantiating OM Ratis server with groupID: om-service-test1 and peers: localhost:15144, localhost:15136, localhost:15140
2024-02-27 07:45:07,677 [main] INFO  ratis.OzoneManagerStateMachine (OzoneManagerStateMachine.java:loadSnapshotInfoFromDB(576)) - TransactionInfo not found in OM DB.
2024-02-27 07:45:07,677 [main] INFO  server.RaftServer (ConfUtils.java:logGet(46)) - raft.rpc.type = GRPC (default)
2024-02-27 07:45:07,678 [main] INFO  grpc.GrpcConfigKeys (ConfUtils.java:logFallback(53)) - raft.grpc.admin.host = null (fallback to raft.grpc.server.host)
2024-02-27 07:45:07,678 [main] INFO  grpc.GrpcConfigKeys (ConfUtils.java:logFallback(53)) - raft.grpc.admin.port = 15144 (fallback to raft.grpc.server.port)
2024-02-27 07:45:07,678 [main] INFO  grpc.GrpcConfigKeys (ConfUtils.java:logFallback(53)) - raft.grpc.client.host = null (fallback to raft.grpc.server.host)
2024-02-27 07:45:07,678 [main] INFO  grpc.GrpcConfigKeys (ConfUtils.java:logFallback(53)) - raft.grpc.client.port = 15144 (fallback to raft.grpc.server.port)
2024-02-27 07:45:07,678 [main] INFO  grpc.GrpcConfigKeys (ConfUtils.java:logGet(46)) - raft.grpc.server.host = null (default)
2024-02-27 07:45:07,678 [main] INFO  grpc.GrpcConfigKeys (ConfUtils.java:logGet(46)) - raft.grpc.server.port = 15144 (custom)
2024-02-27 07:45:07,679 [main] INFO  server.GrpcService (ConfUtils.java:logGet(46)) - raft.grpc.message.size.max = 4194304 (custom)
2024-02-27 07:45:07,679 [main] INFO  server.RaftServerConfigKeys (ConfUtils.java:logGet(46)) - raft.server.log.appender.buffer.byte-limit = 4194304 (custom)
2024-02-27 07:45:07,679 [main] INFO  server.GrpcService (ConfUtils.java:logGet(46)) - raft.grpc.flow.control.window = 1MB (=1048576) (default)
2024-02-27 07:45:07,679 [main] INFO  server.RaftServerConfigKeys (ConfUtils.java:logGet(46)) - raft.server.rpc.request.timeout = 3000ms (default)
2024-02-27 07:45:07,679 [main] INFO  grpc.GrpcConfigKeys (ConfUtils.java:logGet(46)) - raft.grpc.server.heartbeat.channel = true (default)
2024-02-27 07:45:07,679 [main] INFO  grpc.GrpcConfigKeys (ConfUtils.java:logGet(46)) - raft.grpc.server.async.request.thread.pool.cached = true (default)
2024-02-27 07:45:07,680 [main] INFO  grpc.GrpcConfigKeys (ConfUtils.java:logGet(46)) - raft.grpc.server.async.request.thread.pool.size = 32 (default)
2024-02-27 07:45:07,680 [main] INFO  impl.DataStreamServerImpl (ConfUtils.java:logGet(46)) - raft.datastream.type = DISABLED (default)
2024-02-27 07:45:07,681 [main] INFO  server.RaftServerConfigKeys (ConfUtils.java:logGet(46)) - raft.server.sleep.deviation.threshold = 300ms (default)
2024-02-27 07:45:07,681 [main] INFO  server.RaftServerConfigKeys (ConfUtils.java:logGet(46)) - raft.server.close.threshold = 60s (default)
2024-02-27 07:45:07,681 [main] INFO  server.RaftServerConfigKeys (ConfUtils.java:logGet(46)) - raft.server.leaderelection.leader.step-down.wait-time = 10s (default)
2024-02-27 07:45:07,681 [main] INFO  server.RaftServerConfigKeys (ConfUtils.java:logGet(46)) - raft.server.storage.dir = [/home/runner/work/ozone/ozone/hadoop-ozone/integration-test/target/test-dir/MiniOzoneClusterImpl-b00976b7-23bc-4195-b1b8-a51685bf3827/omNode-3/ratis] (custom)
2024-02-27 07:45:07,681 [main] INFO  server.RaftServerConfigKeys (ConfUtils.java:logGet(46)) - raft.server.threadpool.proxy.cached = true (default)
2024-02-27 07:45:07,681 [main] INFO  server.RaftServerConfigKeys (ConfUtils.java:logGet(46)) - raft.server.threadpool.proxy.size = 0 (default)
2024-02-27 07:45:07,682 [main] INFO  server.RaftServer (RaftServerProxy.java:addNew(100)) - omNode-3: addNew group-523986131536:[omNode-3|localhost:15144, omNode-1|localhost:15136, omNode-2|localhost:15140] returns group-523986131536:java.util.concurrent.CompletableFuture@64dc21e[Not completed]
2024-02-27 07:45:07,682 [main] INFO  om.OzoneManager (OzoneManager.java:initializeRatisServer(2140)) - OzoneManager Ratis server initialized at port 15144
2024-02-27 07:45:07,682 [omNode-3-groupManagement] INFO  server.RaftServer$Division (RaftServerImpl.java:<init>(256)) - omNode-3: new RaftServerImpl for group-523986131536:[omNode-3|localhost:15144, omNode-1|localhost:15136, omNode-2|localhost:15140] with OzoneManagerStateMachine:uninitialized
2024-02-27 07:45:07,682 [main] INFO  om.OzoneManager (OzoneManager.java:getRpcServer(1206)) - Creating RPC Server
2024-02-27 07:45:07,682 [omNode-3-groupManagement] INFO  server.RaftServerConfigKeys (ConfUtils.java:logGet(46)) - raft.server.rpc.timeout.min = 1s (custom)
2024-02-27 07:45:07,682 [omNode-3-groupManagement] INFO  server.RaftServerConfigKeys (ConfUtils.java:logGet(46)) - raft.server.rpc.timeout.max = 1200ms (custom)
2024-02-27 07:45:07,682 [omNode-3-groupManagement] INFO  server.RaftServerConfigKeys (ConfUtils.java:logGet(46)) - raft.server.rpc.sleep.time = 25ms (default)
2024-02-27 07:45:07,682 [omNode-3-groupManagement] INFO  server.RaftServerConfigKeys (ConfUtils.java:logGet(46)) - raft.server.rpc.slowness.timeout = 2s (custom)
2024-02-27 07:45:07,683 [omNode-3-groupManagement] INFO  server.RaftServerConfigKeys (ConfUtils.java:logGet(46)) - raft.server.leaderelection.leader.step-down.wait-time = 10s (default)
2024-02-27 07:45:07,683 [omNode-3-groupManagement] INFO  server.RaftServerConfigKeys (ConfUtils.java:logGet(46)) - raft.server.leaderelection.member.majority-add = false (default)
2024-02-27 07:45:07,683 [omNode-3-groupManagement] INFO  server.RaftServerConfigKeys (ConfUtils.java:logGet(46)) - raft.server.sleep.deviation.threshold = 300ms (default)
2024-02-27 07:45:07,683 [omNode-3-groupManagement] INFO  server.RaftServer$Division (ServerState.java:<init>(113)) - omNode-3@group-523986131536: ConfigurationManager, init=-1: peers:[omNode-3|localhost:15144, omNode-1|localhost:15136, omNode-2|localhost:15140]|listeners:[], old=null, confs=<EMPTY_MAP>
2024-02-27 07:45:07,683 [omNode-3-groupManagement] INFO  server.RaftServerConfigKeys (ConfUtils.java:logGet(46)) - raft.server.notification.no-leader.timeout = 2s (custom)
2024-02-27 07:45:07,683 [omNode-3-groupManagement] INFO  server.RaftServerConfigKeys (ConfUtils.java:logGet(46)) - raft.server.read.timeout = 10s (default)
2024-02-27 07:45:07,683 [omNode-3-groupManagement] INFO  server.RaftServerConfigKeys (ConfUtils.java:logGet(46)) - raft.server.retrycache.expirytime = 30000ms (custom)
2024-02-27 07:45:07,683 [omNode-3-groupManagement] INFO  server.RaftServerConfigKeys (ConfUtils.java:logGet(46)) - raft.server.retrycache.statistics.expirytime = 100ms (default)
2024-02-27 07:45:07,683 [omNode-3-groupManagement] INFO  server.RaftServerConfigKeys (ConfUtils.java:logGet(46)) - raft.server.read.option = DEFAULT (default)
2024-02-27 07:45:07,683 [omNode-3-groupManagement] INFO  server.RaftServerConfigKeys (ConfUtils.java:logGet(46)) - raft.server.read.read-after-write-consistent.write-index-cache.expiry-time = 60s (default)
2024-02-27 07:45:07,684 [omNode-3-groupManagement] INFO  server.RaftServerConfigKeys (ConfUtils.java:logGet(46)) - raft.server.rpc.request.timeout = 3000ms (default)
2024-02-27 07:45:07,684 [omNode-3-groupManagement] INFO  server.RaftServerConfigKeys (ConfUtils.java:logGet(46)) - raft.server.log.appender.install.snapshot.enabled = false (custom)
2024-02-27 07:45:07,684 [omNode-3-groupManagement] INFO  server.RaftServerConfigKeys (ConfUtils.java:logGet(46)) - raft.server.threadpool.server.cached = true (default)
2024-02-27 07:45:07,684 [omNode-3-groupManagement] INFO  server.RaftServerConfigKeys (ConfUtils.java:logGet(46)) - raft.server.threadpool.server.size = 0 (default)
2024-02-27 07:45:07,684 [omNode-3-groupManagement] INFO  server.RaftServerConfigKeys (ConfUtils.java:logGet(46)) - raft.server.threadpool.client.cached = true (default)
2024-02-27 07:45:07,684 [omNode-3-groupManagement] INFO  server.RaftServerConfigKeys (ConfUtils.java:logGet(46)) - raft.server.threadpool.client.size = 0 (default)
2024-02-27 07:45:07,862 [main] INFO  ipc.CallQueueManager (CallQueueManager.java:<init>(90)) - Using callQueue: class java.util.concurrent.LinkedBlockingQueue, queueCapacity: 2000, scheduler: class org.apache.hadoop.ipc.DefaultRpcScheduler, ipcBackoff: false.
2024-02-27 07:45:07,862 [main] INFO  ipc.Server (Server.java:<init>(1287)) - Listener at 127.0.0.1:15141
2024-02-27 07:45:07,863 [Socket Reader #1 for port 15141] INFO  ipc.Server (Server.java:run(1323)) - Starting Socket Reader #1 for port 15141
2024-02-27 07:45:07,877 [main] INFO  impl.MetricsSystemImpl (MetricsSystemImpl.java:init(158)) - OzoneManager metrics system started (again)
2024-02-27 07:45:07,884 [main] INFO  om.OzoneManager (OzoneManager.java:start(1628)) - OzoneManager RPC server is listening at localhost/127.0.0.1:15141
2024-02-27 07:45:07,884 [main] INFO  ratis.OzoneManagerRatisServer (OzoneManagerRatisServer.java:start(588)) - Starting OzoneManagerRatisServer omNode-3 at port 15144
2024-02-27 07:45:07,885 [omNode-3-impl-thread1] INFO  server.RaftServerConfigKeys (ConfUtils.java:logGet(46)) - raft.server.storage.free-space.min = 0MB (=0) (default)
2024-02-27 07:45:07,885 [omNode-3-impl-thread1] INFO  server.RaftServerConfigKeys (ConfUtils.java:logGet(46)) - raft.server.log.corruption.policy = EXCEPTION (default)
2024-02-27 07:45:07,885 [omNode-3-impl-thread1] INFO  server.RaftServerConfigKeys (ConfUtils.java:logGet(46)) - raft.server.storage.dir = [/home/runner/work/ozone/ozone/hadoop-ozone/integration-test/target/test-dir/MiniOzoneClusterImpl-b00976b7-23bc-4195-b1b8-a51685bf3827/omNode-3/ratis] (custom)
2024-02-27 07:45:07,885 [omNode-3-impl-thread1] INFO  storage.RaftStorageDirectory (RaftStorageDirectoryImpl.java:analyzeStorage(138)) - The storage directory /home/runner/work/ozone/ozone/hadoop-ozone/integration-test/target/test-dir/MiniOzoneClusterImpl-b00976b7-23bc-4195-b1b8-a51685bf3827/omNode-3/ratis/c9bc4cf4-3bc3-3c60-a66b-523986131536 does not exist. Creating ...
2024-02-27 07:45:07,886 [omNode-3-impl-thread1] INFO  storage.RaftStorageDirectory (RaftStorageDirectoryImpl.java:tryLock(228)) - Lock on /home/runner/work/ozone/ozone/hadoop-ozone/integration-test/target/test-dir/MiniOzoneClusterImpl-b00976b7-23bc-4195-b1b8-a51685bf3827/omNode-3/ratis/c9bc4cf4-3bc3-3c60-a66b-523986131536/in_use.lock acquired by nodename 40924@fv-az699-61
2024-02-27 07:45:07,887 [omNode-3-impl-thread1] INFO  storage.RaftStorage (RaftStorageImpl.java:format(99)) - Storage directory /home/runner/work/ozone/ozone/hadoop-ozone/integration-test/target/test-dir/MiniOzoneClusterImpl-b00976b7-23bc-4195-b1b8-a51685bf3827/omNode-3/ratis/c9bc4cf4-3bc3-3c60-a66b-523986131536 has been successfully formatted.
2024-02-27 07:45:07,887 [omNode-3-impl-thread1] WARN  util.FileUtils (LogUtils.java:supplyAndLog(63)) - Failed to Files.newInputStream /home/runner/work/ozone/ozone/hadoop-ozone/integration-test/target/test-dir/MiniOzoneClusterImpl-b00976b7-23bc-4195-b1b8-a51685bf3827/omNode-3/ratis/c9bc4cf4-3bc3-3c60-a66b-523986131536/current/raft-meta.conf with options []: java.nio.file.NoSuchFileException: /home/runner/work/ozone/ozone/hadoop-ozone/integration-test/target/test-dir/MiniOzoneClusterImpl-b00976b7-23bc-4195-b1b8-a51685bf3827/omNode-3/ratis/c9bc4cf4-3bc3-3c60-a66b-523986131536/current/raft-meta.conf
2024-02-27 07:45:07,887 [omNode-3-impl-thread1] INFO  server.RaftServerConfigKeys (ConfUtils.java:logGet(46)) - raft.server.log.use.memory = false (default)
2024-02-27 07:45:07,887 [omNode-3-impl-thread1] INFO  server.RaftServerConfigKeys (ConfUtils.java:logGet(46)) - raft.server.log.purge.gap = 50 (custom)
2024-02-27 07:45:07,887 [omNode-3-impl-thread1] INFO  server.RaftServerConfigKeys (ConfUtils.java:logGet(46)) - raft.server.log.appender.buffer.byte-limit = 4194304 (custom)
2024-02-27 07:45:07,887 [omNode-3-impl-thread1] INFO  server.RaftServerConfigKeys (ConfUtils.java:logGet(46)) - raft.server.log.statemachine.data.read.timeout = 1000ms (default)
2024-02-27 07:45:07,887 [omNode-3-impl-thread1] INFO  server.RaftServerConfigKeys (ConfUtils.java:logGet(46)) - raft.server.log.purge.preservation.log.num = 0 (default)
2024-02-27 07:45:07,888 [omNode-3-impl-thread1] INFO  server.RaftServerConfigKeys (ConfUtils.java:logGet(46)) - raft.server.log.segment.size.max = 4194304 (custom)
2024-02-27 07:45:07,888 [omNode-3-impl-thread1] INFO  server.RaftServerConfigKeys (ConfUtils.java:logGet(46)) - raft.server.log.segment.cache.num.max = 2 (custom)
2024-02-27 07:45:07,888 [omNode-3-impl-thread1] INFO  server.RaftServerConfigKeys (ConfUtils.java:logGet(46)) - raft.server.log.segment.cache.size.max = 200MB (=209715200) (default)
2024-02-27 07:45:07,888 [omNode-3-impl-thread1] INFO  server.RaftServerConfigKeys (ConfUtils.java:logGet(46)) - raft.server.log.appender.buffer.byte-limit = 4194304 (custom)
2024-02-27 07:45:07,888 [omNode-3-impl-thread1] INFO  util.AwaitToRun (AwaitToRun.java:start(81)) - Thread[omNode-3@group-523986131536-cacheEviction-AwaitToRun,5,main] started
2024-02-27 07:45:07,888 [omNode-3-impl-thread1] INFO  segmented.SegmentedRaftLogWorker (SegmentedRaftLogWorker.java:<init>(182)) - new omNode-3@group-523986131536-SegmentedRaftLogWorker for RaftStorageImpl:Storage Directory /home/runner/work/ozone/ozone/hadoop-ozone/integration-test/target/test-dir/MiniOzoneClusterImpl-b00976b7-23bc-4195-b1b8-a51685bf3827/omNode-3/ratis/c9bc4cf4-3bc3-3c60-a66b-523986131536
2024-02-27 07:45:07,888 [omNode-3-impl-thread1] INFO  server.RaftServerConfigKeys (ConfUtils.java:logGet(46)) - raft.server.log.queue.byte-limit = 64MB (=67108864) (default)
2024-02-27 07:45:07,888 [omNode-3-impl-thread1] INFO  server.RaftServerConfigKeys (ConfUtils.java:logGet(46)) - raft.server.log.queue.element-limit = 4096 (default)
2024-02-27 07:45:07,888 [omNode-3-impl-thread1] INFO  server.RaftServerConfigKeys (ConfUtils.java:logGet(46)) - raft.server.log.segment.size.max = 4194304 (custom)
2024-02-27 07:45:07,888 [omNode-3-impl-thread1] INFO  server.RaftServerConfigKeys (ConfUtils.java:logGet(46)) - raft.server.log.preallocated.size = 4194304 (custom)
2024-02-27 07:45:07,888 [omNode-3-impl-thread1] INFO  server.RaftServerConfigKeys (ConfUtils.java:logGet(46)) - raft.server.log.force.sync.num = 128 (default)
2024-02-27 07:45:07,888 [omNode-3-impl-thread1] INFO  server.RaftServerConfigKeys (ConfUtils.java:logGet(46)) - raft.server.log.statemachine.data.sync = true (default)
2024-02-27 07:45:07,889 [omNode-3-impl-thread1] INFO  server.RaftServerConfigKeys (ConfUtils.java:logGet(46)) - raft.server.log.statemachine.data.sync.timeout = 10s (default)
2024-02-27 07:45:07,889 [omNode-3-impl-thread1] INFO  server.RaftServerConfigKeys (ConfUtils.java:logGet(46)) - raft.server.log.statemachine.data.sync.timeout.retry = -1 (default)
2024-02-27 07:45:07,889 [omNode-3-impl-thread1] INFO  server.RaftServerConfigKeys (ConfUtils.java:logGet(46)) - raft.server.log.write.buffer.size = 4194312 (custom)
2024-02-27 07:45:07,889 [omNode-3-impl-thread1] INFO  server.RaftServerConfigKeys (ConfUtils.java:logGet(46)) - raft.server.log.appender.buffer.byte-limit = 4194304 (custom)
2024-02-27 07:45:07,889 [omNode-3-impl-thread1] INFO  server.RaftServerConfigKeys (ConfUtils.java:logGet(46)) - raft.server.log.unsafe-flush.enabled = false (default)
2024-02-27 07:45:07,889 [omNode-3-impl-thread1] INFO  server.RaftServerConfigKeys (ConfUtils.java:logGet(46)) - raft.server.log.async-flush.enabled = false (default)
2024-02-27 07:45:07,889 [omNode-3-impl-thread1] INFO  server.RaftServerConfigKeys (ConfUtils.java:logGet(46)) - raft.server.log.statemachine.data.caching.enabled = false (default)
2024-02-27 07:45:07,889 [omNode-3-impl-thread1] INFO  segmented.SegmentedRaftLogWorker (SegmentedRaftLogWorker.java:lambda$new$0(134)) - omNode-3@group-523986131536-SegmentedRaftLogWorker: flushIndex: setUnconditionally 0 -> -1
2024-02-27 07:45:07,889 [omNode-3-impl-thread1] INFO  segmented.SegmentedRaftLogWorker (SegmentedRaftLogWorker.java:lambda$new$0(134)) - omNode-3@group-523986131536-SegmentedRaftLogWorker: safeCacheEvictIndex: setUnconditionally 0 -> -1
2024-02-27 07:45:07,889 [omNode-3-impl-thread1] INFO  server.RaftServer$Division (RaftServerImpl.java:start(396)) - omNode-3@group-523986131536: start as a follower, conf=-1: peers:[omNode-3|localhost:15144, omNode-1|localhost:15136, omNode-2|localhost:15140]|listeners:[], old=null
2024-02-27 07:45:07,889 [omNode-3-impl-thread1] INFO  server.RaftServer$Division (RaftServerImpl.java:setRole(383)) - omNode-3@group-523986131536: changes role from      null to FOLLOWER at term 0 for startAsFollower
2024-02-27 07:45:07,889 [omNode-3-impl-thread1] INFO  impl.RoleInfo (RoleInfo.java:updateAndGet(139)) - omNode-3: start omNode-3@group-523986131536-FollowerState
2024-02-27 07:45:07,890 [omNode-3-impl-thread1] INFO  util.JmxRegister (JmxRegister.java:tryRegister(44)) - Successfully registered JMX Bean with object name Ratis:service=RaftServer,group=group-523986131536,id=omNode-3
2024-02-27 07:45:07,890 [omNode-3@group-523986131536-FollowerState] INFO  server.RaftServerConfigKeys (ConfUtils.java:logFallback(53)) - raft.server.rpc.first-election.timeout.min = 1s (fallback to raft.server.rpc.timeout.min)
2024-02-27 07:45:07,890 [omNode-3@group-523986131536-FollowerState] INFO  server.RaftServerConfigKeys (ConfUtils.java:logFallback(53)) - raft.server.rpc.first-election.timeout.max = 1200ms (fallback to raft.server.rpc.timeout.max)
2024-02-27 07:45:07,890 [omNode-3-impl-thread1] INFO  server.RaftServerConfigKeys (ConfUtils.java:logGet(46)) - raft.server.snapshot.trigger-when-stop.enabled = true (default)
2024-02-27 07:45:07,890 [omNode-3-impl-thread1] INFO  server.RaftServerConfigKeys (ConfUtils.java:logGet(46)) - raft.server.snapshot.auto.trigger.enabled = true (custom)
2024-02-27 07:45:07,890 [omNode-3-impl-thread1] INFO  server.RaftServerConfigKeys (ConfUtils.java:logGet(46)) - raft.server.snapshot.auto.trigger.threshold = 50 (custom)
2024-02-27 07:45:07,890 [omNode-3-impl-thread1] INFO  server.RaftServerConfigKeys (ConfUtils.java:logGet(46)) - raft.server.snapshot.retention.file.num = -1 (default)
2024-02-27 07:45:07,890 [omNode-3-impl-thread1] INFO  server.RaftServerConfigKeys (ConfUtils.java:logGet(46)) - raft.server.log.purge.upto.snapshot.index = true (custom)
2024-02-27 07:45:07,891 [main] INFO  server.RaftServer (RaftServerProxy.java:startImpl(406)) - omNode-3: start RPC server
2024-02-27 07:45:07,892 [main] INFO  server.GrpcService (GrpcService.java:startImpl(302)) - omNode-3: GrpcService started, listening on 15144
2024-02-27 07:45:07,892 [JvmPauseMonitor42] INFO  util.JvmPauseMonitor (JvmPauseMonitor.java:run(146)) - JvmPauseMonitor-omNode-3: Started
2024-02-27 07:45:07,892 [main] INFO  om.OzoneManager (OzoneManager.java:start(1644)) - Version File has different layout version (6) than OM DB (null). That is expected if this OM has never been finalized to a newer layout version.
2024-02-27 07:45:07,895 [main] INFO  http.BaseHttpServer (BaseHttpServer.java:newHttpServer2BuilderForOzone(223)) - Starting Web-server for ozoneManager at: http://0.0.0.0:15142
2024-02-27 07:45:07,896 [main] INFO  http.BaseHttpServer (BaseHttpServer.java:<init>(110)) - Hadoop Security Enabled: false Ozone Security Enabled: false Ozone HTTP Security Enabled: false 
2024-02-27 07:45:07,896 [main] WARN  server.AuthenticationFilter (AuthenticationFilter.java:constructSecretProvider(240)) - Unable to initialize FileSignerSecretProvider, falling back to use random secrets. Reason: Could not read signature secret file: /home/runner/hadoop-http-auth-signature-secret
2024-02-27 07:45:07,897 [main] INFO  http.HttpRequestLog (HttpRequestLog.java:getRequestLog(86)) - Http request log for http.requests.ozoneManager is not defined
2024-02-27 07:45:07,898 [main] INFO  http.HttpServer2 (HttpServer2.java:addGlobalFilter(1036)) - Added global filter 'safety' (class=org.apache.hadoop.hdds.server.http.HttpServer2$QuotingInputFilter)
2024-02-27 07:45:07,898 [main] INFO  http.HttpServer2 (HttpServer2.java:addFilter(1012)) - Added filter static_user_filter (class=org.apache.hadoop.http.lib.StaticUserWebFilter$StaticUserFilter) to context ozoneManager
2024-02-27 07:45:07,898 [main] INFO  http.HttpServer2 (HttpServer2.java:addFilter(1020)) - Added filter static_user_filter (class=org.apache.hadoop.http.lib.StaticUserWebFilter$StaticUserFilter) to context static
2024-02-27 07:45:07,898 [main] INFO  http.HttpServer2 (HttpServer2.java:addFilter(1020)) - Added filter static_user_filter (class=org.apache.hadoop.http.lib.StaticUserWebFilter$StaticUserFilter) to context logs
2024-02-27 07:45:07,901 [main] INFO  http.BaseHttpServer (BaseHttpServer.java:<init>(189)) - HTTP server of ozoneManager uses base directory /home/runner/work/ozone/ozone/hadoop-ozone/integration-test/target/test-dir/MiniOzoneClusterImpl-b00976b7-23bc-4195-b1b8-a51685bf3827/omNode-3/webserver
2024-02-27 07:45:07,901 [main] INFO  http.HttpServer2 (HttpServer2.java:bindListener(1236)) - Jetty bound to port 15142
2024-02-27 07:45:07,901 [main] INFO  server.Server (Server.java:doStart(375)) - jetty-9.4.53.v20231009; built: 2023-10-09T12:29:09.265Z; git: 27bde00a0b95a1d5bbee0eae7984f891d2d0f8c9; jvm 1.8.0_402-b06
2024-02-27 07:45:07,904 [main] INFO  server.session (DefaultSessionIdManager.java:doStart(334)) - DefaultSessionIdManager workerName=node0
2024-02-27 07:45:07,904 [main] INFO  server.session (DefaultSessionIdManager.java:doStart(339)) - No SessionScavenger set, using defaults
2024-02-27 07:45:07,904 [main] INFO  server.session (HouseKeeper.java:startScavenging(132)) - node0 Scavenging every 660000ms
2024-02-27 07:45:07,905 [main] INFO  handler.ContextHandler (ContextHandler.java:doStart(921)) - Started o.e.j.s.ServletContextHandler@36f5acc2{logs,/logs,file:///home/runner/work/ozone/ozone/hadoop-ozone/integration-test/target/log,AVAILABLE}
2024-02-27 07:45:07,905 [main] INFO  handler.ContextHandler (ContextHandler.java:doStart(921)) - Started o.e.j.s.ServletContextHandler@5a4b3b38{static,/static,file:///home/runner/work/ozone/ozone/hadoop-ozone/integration-test/target/test-classes/webapps/static,AVAILABLE}
2024-02-27 07:45:07,908 [main] INFO  handler.ContextHandler (ContextHandler.java:doStart(921)) - Started o.e.j.w.WebAppContext@48ba800{ozoneManager,/,file:///home/runner/work/ozone/ozone/hadoop-ozone/integration-test/target/test-classes/webapps/ozoneManager/,AVAILABLE}{file:/home/runner/work/ozone/ozone/hadoop-ozone/integration-test/target/test-classes/webapps/ozoneManager}
2024-02-27 07:45:07,909 [main] INFO  server.AbstractConnector (AbstractConnector.java:doStart(333)) - Started ServerConnector@5830d4d8{HTTP/1.1, (http/1.1)}{0.0.0.0:15142}
2024-02-27 07:45:07,909 [main] INFO  server.Server (Server.java:doStart(415)) - Started @390617ms
2024-02-27 07:45:07,909 [main] WARN  impl.MetricsSystemImpl (MetricsSystemImpl.java:register(279)) - Sink prometheus already exists!
2024-02-27 07:45:07,909 [main] INFO  http.BaseHttpServer (BaseHttpServer.java:updateConnectorAddress(354)) - HTTP server of ozoneManager listening at http://0.0.0.0:15142
2024-02-27 07:45:07,910 [IPC Server Responder] INFO  ipc.Server (Server.java:run(1562)) - IPC Server Responder: starting
2024-02-27 07:45:07,910 [IPC Server listener on 15141] INFO  ipc.Server (Server.java:run(1402)) - IPC Server listener on 15141: starting
2024-02-27 07:45:07,911 [main] INFO  om.OzoneManager (OzoneManager.java:startTrashEmptier(2093)) - Trash Interval set to 0. Files deleted won't move to trash
2024-02-27 07:45:07,912 [main] INFO  ozone.MiniOzoneHAClusterImpl (MiniOzoneHAClusterImpl.java:createOMService(474)) - Started OzoneManager omNode-3 RPC server at localhost/127.0.0.1:15141
2024-02-27 07:45:07,918 [main] WARN  dropwizard3.Dm3MetricRegistriesImpl (Dm3MetricRegistriesImpl.java:addReporterRegistration(113)) - New reporters are added after registries were created. Some metrics will be missing from the reporter. Please add reporter before adding any new registry.
2024-02-27 07:45:07,919 [main] WARN  dropwizard3.Dm3MetricRegistriesImpl (Dm3MetricRegistriesImpl.java:addReporterRegistration(113)) - New reporters are added after registries were created. Some metrics will be missing from the reporter. Please add reporter before adding any new registry.
2024-02-27 07:45:07,919 [main] INFO  impl.MetricsSystemImpl (MetricsSystemImpl.java:init(158)) - HddsDatanode metrics system started (again)
2024-02-27 07:45:07,926 [main] INFO  ozone.HddsDatanodeService (HddsDatanodeService.java:start(240)) - HddsDatanodeService host:fv-az699-61.gws2011vpwuupmkks00dozwttg.bx.internal.cloudapp.net ip:10.1.0.19
2024-02-27 07:45:07,945 [main] INFO  upgrade.AbstractLayoutVersionManager (AbstractLayoutVersionManager.java:init(83)) - Initializing Layout version manager with metadata layout = HADOOP_PRC_PORTS_IN_DATANODEDETAILS (version = 7), software layout = HADOOP_PRC_PORTS_IN_DATANODEDETAILS (version = 7)
2024-02-27 07:45:07,946 [main] INFO  statemachine.DatanodeStateMachine (DatanodeStateMachine.java:getEndPointTaskThreadPoolSize(299)) - Datanode State Machine Task Thread Pool size 2
2024-02-27 07:45:07,947 [main] INFO  volume.HddsVolume (HddsVolume.java:<init>(125)) - Creating HddsVolume: /home/runner/work/ozone/ozone/hadoop-ozone/integration-test/target/test-dir/MiniOzoneClusterImpl-b00976b7-23bc-4195-b1b8-a51685bf3827/ozone-meta/datanode-1/data-0/hdds of storage type : DISK capacity : 9223372036854775807
2024-02-27 07:45:07,947 [main] INFO  volume.MutableVolumeSet (MutableVolumeSet.java:initializeVolumeSet(173)) - Added Volume : /home/runner/work/ozone/ozone/hadoop-ozone/integration-test/target/test-dir/MiniOzoneClusterImpl-b00976b7-23bc-4195-b1b8-a51685bf3827/ozone-meta/datanode-1/data-0/hdds to VolumeSet
2024-02-27 07:45:07,947 [main] INFO  volume.MutableVolumeSet (MutableVolumeSet.java:initializeVolumeSet(173)) - Added Volume : /home/runner/work/ozone/ozone/hadoop-ozone/integration-test/target/test-dir/MiniOzoneClusterImpl-b00976b7-23bc-4195-b1b8-a51685bf3827/ozone-meta/datanode-1/ratis to VolumeSet
2024-02-27 07:45:07,948 [main] INFO  ozoneimpl.OzoneContainer (HddsVolumeUtil.java:loadAllHddsVolumeDbStore(103)) - Load 1 volumes DbStore cost: 0ms
2024-02-27 07:45:07,949 [main] INFO  server.RaftServer (ConfUtils.java:logGet(46)) - raft.rpc.type = GRPC (default)
2024-02-27 07:45:07,949 [main] INFO  grpc.GrpcConfigKeys (ConfUtils.java:logFallback(53)) - raft.grpc.admin.host = null (fallback to raft.grpc.server.host)
2024-02-27 07:45:07,950 [main] INFO  grpc.GrpcConfigKeys (ConfUtils.java:logGet(46)) - raft.grpc.admin.port = 15150 (custom)
2024-02-27 07:45:07,950 [main] INFO  grpc.GrpcConfigKeys (ConfUtils.java:logFallback(53)) - raft.grpc.client.host = null (fallback to raft.grpc.server.host)
2024-02-27 07:45:07,950 [main] INFO  grpc.GrpcConfigKeys (ConfUtils.java:logGet(46)) - raft.grpc.client.port = 15149 (custom)
2024-02-27 07:45:07,950 [main] INFO  grpc.GrpcConfigKeys (ConfUtils.java:logGet(46)) - raft.grpc.server.host = null (default)
2024-02-27 07:45:07,950 [main] INFO  grpc.GrpcConfigKeys (ConfUtils.java:logGet(46)) - raft.grpc.server.port = 15151 (custom)
2024-02-27 07:45:07,950 [main] INFO  server.GrpcService (ConfUtils.java:logGet(46)) - raft.grpc.message.size.max = 32MB (=33554432) (custom)
2024-02-27 07:45:07,951 [main] INFO  server.RaftServerConfigKeys (ConfUtils.java:logGet(46)) - raft.server.log.appender.buffer.byte-limit = 8388608 (custom)
2024-02-27 07:45:07,951 [main] INFO  server.GrpcService (ConfUtils.java:logGet(46)) - raft.grpc.flow.control.window = 5MB (=5242880) (custom)
2024-02-27 07:45:07,951 [main] INFO  server.RaftServerConfigKeys (ConfUtils.java:logGet(46)) - raft.server.rpc.request.timeout = 60s (custom)
2024-02-27 07:45:07,951 [main] INFO  grpc.GrpcConfigKeys (ConfUtils.java:logGet(46)) - raft.grpc.server.heartbeat.channel = true (default)
2024-02-27 07:45:07,951 [main] INFO  grpc.GrpcConfigKeys (ConfUtils.java:logGet(46)) - raft.grpc.server.async.request.thread.pool.cached = true (default)
2024-02-27 07:45:07,951 [main] INFO  grpc.GrpcConfigKeys (ConfUtils.java:logGet(46)) - raft.grpc.server.async.request.thread.pool.size = 32 (default)
2024-02-27 07:45:07,953 [main] INFO  impl.DataStreamServerImpl (ConfUtils.java:logGet(46)) - raft.datastream.type = NETTY (custom)
2024-02-27 07:45:07,953 [main] INFO  server.RaftServerConfigKeys (ConfUtils.java:logGet(46)) - raft.server.data-stream.async.request.thread.pool.cached = false (default)
2024-02-27 07:45:07,954 [main] INFO  server.RaftServerConfigKeys (ConfUtils.java:logGet(46)) - raft.server.data-stream.async.request.thread.pool.size = 20 (custom)
2024-02-27 07:45:07,954 [main] INFO  server.RaftServerConfigKeys (ConfUtils.java:logGet(46)) - raft.server.data-stream.async.write.thread.pool.size = 16 (default)
2024-02-27 07:45:07,954 [main] INFO  netty.NettyConfigKeys$DataStream (ConfUtils.java:logGet(46)) - raft.netty.dataStream.server.channel.inactive.grace-period = 10min (default)
2024-02-27 07:45:07,954 [main] INFO  server.RaftServerConfigKeys (ConfUtils.java:logGet(46)) - raft.server.data-stream.client.pool.size = 10 (default)
2024-02-27 07:45:07,954 [main] INFO  netty.NettyConfigKeys$DataStream (ConfUtils.java:logGet(46)) - raft.netty.dataStream.server.use-epoll = true (default)
2024-02-27 07:45:07,954 [main] INFO  netty.NettyConfigKeys$DataStream (ConfUtils.java:logGet(46)) - raft.netty.dataStream.server.boss-group.size = 0 (default)
2024-02-27 07:45:07,955 [main] INFO  netty.NettyUtils (NettyUtils.java:newEventLoopGroup(69)) - Create EpollEventLoopGroup for af24d6c8-12f8-4751-8a80-28c60b0258e3-NettyServerStreamRpc-bossGroup; Thread size is 0.
2024-02-27 07:45:07,955 [main] INFO  netty.NettyConfigKeys$DataStream (ConfUtils.java:logGet(46)) - raft.netty.dataStream.server.worker-group.size = 0 (default)
2024-02-27 07:45:07,955 [main] INFO  netty.NettyUtils (NettyUtils.java:newEventLoopGroup(69)) - Create EpollEventLoopGroup for af24d6c8-12f8-4751-8a80-28c60b0258e3-NettyServerStreamRpc-workerGroup; Thread size is 0.
2024-02-27 07:45:07,955 [main] INFO  netty.NettyConfigKeys$DataStream (ConfUtils.java:logGet(46)) - raft.netty.dataStream.server.tls.conf = null (default)
2024-02-27 07:45:07,956 [main] INFO  netty.NettyConfigKeys$DataStream (ConfUtils.java:logGet(46)) - raft.netty.dataStream.host = null (default)
2024-02-27 07:45:07,956 [main] INFO  netty.NettyConfigKeys$DataStream (ConfUtils.java:logGet(46)) - raft.netty.dataStream.port = 15152 (custom)
2024-02-27 07:45:07,956 [main] INFO  server.RaftServerConfigKeys (ConfUtils.java:logGet(46)) - raft.server.sleep.deviation.threshold = 300ms (default)
2024-02-27 07:45:07,956 [af24d6c8-12f8-4751-8a80-28c60b0258e3-NettyServerStreamRpc-bossGroup--thread1] INFO  logging.LoggingHandler (AbstractInternalLogger.java:log(148)) - [id: 0x3bd6c8fa] REGISTERED
2024-02-27 07:45:07,956 [main] INFO  server.RaftServerConfigKeys (ConfUtils.java:logGet(46)) - raft.server.close.threshold = 60s (default)
2024-02-27 07:45:07,956 [af24d6c8-12f8-4751-8a80-28c60b0258e3-NettyServerStreamRpc-bossGroup--thread1] INFO  logging.LoggingHandler (AbstractInternalLogger.java:log(148)) - [id: 0x3bd6c8fa] BIND: 0.0.0.0/0.0.0.0:15152
2024-02-27 07:45:07,956 [main] INFO  server.RaftServerConfigKeys (ConfUtils.java:logGet(46)) - raft.server.leaderelection.leader.step-down.wait-time = 10s (default)
2024-02-27 07:45:07,957 [af24d6c8-12f8-4751-8a80-28c60b0258e3-NettyServerStreamRpc-bossGroup--thread1] INFO  logging.LoggingHandler (AbstractInternalLogger.java:log(148)) - [id: 0x3bd6c8fa, L:/0.0.0.0:15152] ACTIVE
2024-02-27 07:45:07,957 [main] INFO  server.RaftServerConfigKeys (ConfUtils.java:logGet(46)) - raft.server.storage.dir = [/home/runner/work/ozone/ozone/hadoop-ozone/integration-test/target/test-dir/MiniOzoneClusterImpl-b00976b7-23bc-4195-b1b8-a51685bf3827/ozone-meta/datanode-1/ratis] (custom)
2024-02-27 07:45:07,957 [main] INFO  server.RaftServerConfigKeys (ConfUtils.java:logGet(46)) - raft.server.threadpool.proxy.cached = true (default)
2024-02-27 07:45:07,957 [main] INFO  server.RaftServerConfigKeys (ConfUtils.java:logGet(46)) - raft.server.threadpool.proxy.size = 0 (default)
2024-02-27 07:45:07,957 [af24d6c8-12f8-4751-8a80-28c60b0258e3-impl-thread1] INFO  server.RaftServer (RaftServerProxy.java:initGroupDir(264)) - af24d6c8-12f8-4751-8a80-28c60b0258e3: found a subdirectory /home/runner/work/ozone/ozone/hadoop-ozone/integration-test/target/test-dir/MiniOzoneClusterImpl-b00976b7-23bc-4195-b1b8-a51685bf3827/ozone-meta/datanode-1/ratis/tmp
2024-02-27 07:45:07,957 [af24d6c8-12f8-4751-8a80-28c60b0258e3-impl-thread1] INFO  server.RaftServer (RaftServerProxy.java:initGroupDir(269)) - af24d6c8-12f8-4751-8a80-28c60b0258e3: The directory /home/runner/work/ozone/ozone/hadoop-ozone/integration-test/target/test-dir/MiniOzoneClusterImpl-b00976b7-23bc-4195-b1b8-a51685bf3827/ozone-meta/datanode-1/ratis/tmp is not a group directory; ignoring it. 
2024-02-27 07:45:07,957 [main] INFO  replication.ReplicationServer (ReplicationServer.java:<init>(86)) - Initializing replication server with thread count = 10 queue length = 4096
2024-02-27 07:45:07,958 [main] INFO  server.XceiverServerGrpc (XceiverServerGrpc.java:<init>(141)) - GrpcServer channel type EpollServerSocketChannel
2024-02-27 07:45:07,959 [main] INFO  replication.ReplicationSupervisor (ReplicationSupervisor.java:build(163)) - Initializing replication supervisor with thread count = 10
2024-02-27 07:45:07,959 [main] INFO  replication.ReplicationSupervisor (ReplicationSupervisor.java:nodeStateUpdated(317)) - Node state updated to IN_SERVICE, scaling executor pool size to 10
2024-02-27 07:45:07,961 [main] INFO  http.BaseHttpServer (BaseHttpServer.java:newHttpServer2BuilderForOzone(223)) - Starting Web-server for hddsDatanode at: http://0.0.0.0:15146
2024-02-27 07:45:07,961 [main] INFO  http.BaseHttpServer (BaseHttpServer.java:<init>(110)) - Hadoop Security Enabled: false Ozone Security Enabled: false Ozone HTTP Security Enabled: false 
2024-02-27 07:45:07,961 [main] WARN  server.AuthenticationFilter (AuthenticationFilter.java:constructSecretProvider(240)) - Unable to initialize FileSignerSecretProvider, falling back to use random secrets. Reason: Could not read signature secret file: /home/runner/hadoop-http-auth-signature-secret
2024-02-27 07:45:07,962 [main] INFO  http.HttpRequestLog (HttpRequestLog.java:getRequestLog(86)) - Http request log for http.requests.hddsDatanode is not defined
2024-02-27 07:45:07,962 [main] INFO  http.HttpServer2 (HttpServer2.java:addGlobalFilter(1036)) - Added global filter 'safety' (class=org.apache.hadoop.hdds.server.http.HttpServer2$QuotingInputFilter)
2024-02-27 07:45:07,963 [main] INFO  http.HttpServer2 (HttpServer2.java:addFilter(1012)) - Added filter static_user_filter (class=org.apache.hadoop.http.lib.StaticUserWebFilter$StaticUserFilter) to context hddsDatanode
2024-02-27 07:45:07,963 [main] INFO  http.HttpServer2 (HttpServer2.java:addFilter(1020)) - Added filter static_user_filter (class=org.apache.hadoop.http.lib.StaticUserWebFilter$StaticUserFilter) to context logs
2024-02-27 07:45:07,963 [main] INFO  http.HttpServer2 (HttpServer2.java:addFilter(1020)) - Added filter static_user_filter (class=org.apache.hadoop.http.lib.StaticUserWebFilter$StaticUserFilter) to context static
2024-02-27 07:45:07,963 [main] INFO  http.BaseHttpServer (BaseHttpServer.java:<init>(189)) - HTTP server of hddsDatanode uses base directory /home/runner/work/ozone/ozone/hadoop-ozone/integration-test/target/test-dir/MiniOzoneClusterImpl-b00976b7-23bc-4195-b1b8-a51685bf3827/ozone-meta/datanode-1/meta/webserver
2024-02-27 07:45:07,964 [main] INFO  http.HttpServer2 (HttpServer2.java:bindListener(1236)) - Jetty bound to port 15146
2024-02-27 07:45:07,964 [main] INFO  server.Server (Server.java:doStart(375)) - jetty-9.4.53.v20231009; built: 2023-10-09T12:29:09.265Z; git: 27bde00a0b95a1d5bbee0eae7984f891d2d0f8c9; jvm 1.8.0_402-b06
2024-02-27 07:45:07,965 [main] INFO  server.session (DefaultSessionIdManager.java:doStart(334)) - DefaultSessionIdManager workerName=node0
2024-02-27 07:45:07,965 [main] INFO  server.session (DefaultSessionIdManager.java:doStart(339)) - No SessionScavenger set, using defaults
2024-02-27 07:45:07,965 [main] INFO  server.session (HouseKeeper.java:startScavenging(132)) - node0 Scavenging every 600000ms
2024-02-27 07:45:07,965 [main] INFO  handler.ContextHandler (ContextHandler.java:doStart(921)) - Started o.e.j.s.ServletContextHandler@5df0173{logs,/logs,file:///home/runner/work/ozone/ozone/hadoop-ozone/integration-test/target/log,AVAILABLE}
2024-02-27 07:45:07,965 [main] INFO  handler.ContextHandler (ContextHandler.java:doStart(921)) - Started o.e.j.s.ServletContextHandler@5d6536ca{static,/static,jar:file:/home/runner/.m2/repository/org/apache/ozone/hdds-container-service/1.5.0-SNAPSHOT/hdds-container-service-1.5.0-SNAPSHOT.jar!/webapps/static,AVAILABLE}
2024-02-27 07:45:07,996 [main] INFO  handler.ContextHandler (ContextHandler.java:doStart(921)) - Started o.e.j.w.WebAppContext@7e216277{hddsDatanode,/,file:///home/runner/work/ozone/ozone/hadoop-ozone/integration-test/target/test-dir/MiniOzoneClusterImpl-b00976b7-23bc-4195-b1b8-a51685bf3827/ozone-meta/datanode-1/meta/webserver/jetty-0_0_0_0-15146-hdds-container-service-1_5_0-SNAPSHOT_jar-_-any-5523925099973147451/webapp/,AVAILABLE}{jar:file:/home/runner/.m2/repository/org/apache/ozone/hdds-container-service/1.5.0-SNAPSHOT/hdds-container-service-1.5.0-SNAPSHOT.jar!/webapps/hddsDatanode}
2024-02-27 07:45:07,997 [main] INFO  server.AbstractConnector (AbstractConnector.java:doStart(333)) - Started ServerConnector@4b1b853a{HTTP/1.1, (http/1.1)}{0.0.0.0:15146}
2024-02-27 07:45:07,997 [main] INFO  server.Server (Server.java:doStart(415)) - Started @390705ms
2024-02-27 07:45:07,997 [main] WARN  impl.MetricsSystemImpl (MetricsSystemImpl.java:register(279)) - Sink prometheus already exists!
2024-02-27 07:45:07,998 [main] INFO  http.BaseHttpServer (BaseHttpServer.java:updateConnectorAddress(354)) - HTTP server of hddsDatanode listening at http://0.0.0.0:15146
2024-02-27 07:45:07,998 [main] INFO  ipc.CallQueueManager (CallQueueManager.java:<init>(90)) - Using callQueue: class java.util.concurrent.LinkedBlockingQueue, queueCapacity: 100, scheduler: class org.apache.hadoop.ipc.DefaultRpcScheduler, ipcBackoff: false.
2024-02-27 07:45:07,998 [main] INFO  ipc.Server (Server.java:<init>(1287)) - Listener at 0.0.0.0:15147
2024-02-27 07:45:07,999 [Socket Reader #1 for port 15147] INFO  ipc.Server (Server.java:run(1323)) - Starting Socket Reader #1 for port 15147
2024-02-27 07:45:08,005 [main] INFO  ozone.HddsDatanodeService (HddsDatanodeService.java:start(327)) - Datanode start with admins: [*, runner]
2024-02-27 07:45:08,005 [main] INFO  ozone.HddsDatanodeClientProtocolServer (HddsDatanodeClientProtocolServer.java:start(77)) - RPC server for Client /0.0.0.0:15147
2024-02-27 07:45:08,005 [IPC Server Responder] INFO  ipc.Server (Server.java:run(1562)) - IPC Server Responder: starting
2024-02-27 07:45:08,005 [IPC Server listener on 15147] INFO  ipc.Server (Server.java:run(1402)) - IPC Server listener on 15147: starting
2024-02-27 07:45:08,007 [af24d6c8-12f8-4751-8a80-28c60b0258e3-DatanodeStateMachineDaemonThread] INFO  statemachine.DatanodeStateMachine (DatanodeStateMachine.java:lambda$startDaemon$1(555)) - Ozone container server started.
2024-02-27 07:45:08,007 [main] WARN  dropwizard3.Dm3MetricRegistriesImpl (Dm3MetricRegistriesImpl.java:addReporterRegistration(113)) - New reporters are added after registries were created. Some metrics will be missing from the reporter. Please add reporter before adding any new registry.
2024-02-27 07:45:08,007 [main] WARN  dropwizard3.Dm3MetricRegistriesImpl (Dm3MetricRegistriesImpl.java:addReporterRegistration(113)) - New reporters are added after registries were created. Some metrics will be missing from the reporter. Please add reporter before adding any new registry.
2024-02-27 07:45:08,007 [main] INFO  impl.MetricsSystemImpl (MetricsSystemImpl.java:init(158)) - HddsDatanode metrics system started (again)
2024-02-27 07:45:08,018 [af24d6c8-12f8-4751-8a80-28c60b0258e3-DatanodeStateMachineTaskThread-0] INFO  datanode.InitDatanodeState (InitDatanodeState.java:persistContainerDatanodeDetails(139)) - DatanodeDetails is persisted to /home/runner/work/ozone/ozone/hadoop-ozone/integration-test/target/test-dir/MiniOzoneClusterImpl-b00976b7-23bc-4195-b1b8-a51685bf3827/ozone-meta/datanode-1/meta/datanode.id
2024-02-27 07:45:08,026 [main] INFO  ozone.HddsDatanodeService (HddsDatanodeService.java:start(240)) - HddsDatanodeService host:fv-az699-61.gws2011vpwuupmkks00dozwttg.bx.internal.cloudapp.net ip:10.1.0.19
2024-02-27 07:45:08,046 [omNode-1@group-523986131536-FollowerState] INFO  impl.FollowerState (FollowerState.java:run(143)) - omNode-1@group-523986131536-FollowerState: change to CANDIDATE, lastRpcElapsedTime:1174564607ns, electionTimeout:1174ms
2024-02-27 07:45:08,046 [omNode-1@group-523986131536-FollowerState] INFO  impl.RoleInfo (RoleInfo.java:shutdownFollowerState(110)) - omNode-1: shutdown omNode-1@group-523986131536-FollowerState
2024-02-27 07:45:08,046 [omNode-1@group-523986131536-FollowerState] INFO  server.RaftServer$Division (RaftServerImpl.java:setRole(383)) - omNode-1@group-523986131536: changes role from  FOLLOWER to CANDIDATE at term 0 for changeToCandidate
2024-02-27 07:45:08,046 [omNode-1@group-523986131536-FollowerState] INFO  server.RaftServerConfigKeys (ConfUtils.java:logGet(46)) - raft.server.leaderelection.pre-vote = true (default)
2024-02-27 07:45:08,046 [omNode-1@group-523986131536-FollowerState] INFO  impl.RoleInfo (RoleInfo.java:updateAndGet(139)) - omNode-1: start omNode-1@group-523986131536-LeaderElection34
2024-02-27 07:45:08,046 [main] INFO  upgrade.AbstractLayoutVersionManager (AbstractLayoutVersionManager.java:init(83)) - Initializing Layout version manager with metadata layout = HADOOP_PRC_PORTS_IN_DATANODEDETAILS (version = 7), software layout = HADOOP_PRC_PORTS_IN_DATANODEDETAILS (version = 7)
2024-02-27 07:45:08,052 [main] INFO  statemachine.DatanodeStateMachine (DatanodeStateMachine.java:getEndPointTaskThreadPoolSize(299)) - Datanode State Machine Task Thread Pool size 2
2024-02-27 07:45:08,053 [omNode-1@group-523986131536-LeaderElection34] INFO  impl.LeaderElection (LeaderElection.java:askForVotes(321)) - omNode-1@group-523986131536-LeaderElection34 PRE_VOTE round 0: submit vote requests at term 0 for -1: peers:[omNode-3|localhost:15144, omNode-1|localhost:15136, omNode-2|localhost:15140]|listeners:[], old=null
2024-02-27 07:45:08,053 [omNode-1@group-523986131536-LeaderElection34-1] INFO  server.GrpcServerProtocolClient (GrpcServerProtocolClient.java:<init>(65)) - Build channel for omNode-3|localhost:15144
2024-02-27 07:45:08,054 [omNode-1@group-523986131536-LeaderElection34] INFO  server.RaftServerConfigKeys (ConfUtils.java:logFallback(53)) - raft.server.rpc.first-election.timeout.min = 1s (fallback to raft.server.rpc.timeout.min)
2024-02-27 07:45:08,054 [omNode-1@group-523986131536-LeaderElection34] INFO  server.RaftServerConfigKeys (ConfUtils.java:logFallback(53)) - raft.server.rpc.first-election.timeout.max = 1200ms (fallback to raft.server.rpc.timeout.max)
2024-02-27 07:45:08,054 [omNode-1@group-523986131536-LeaderElection34-2] INFO  server.GrpcServerProtocolClient (GrpcServerProtocolClient.java:<init>(65)) - Build channel for omNode-2|localhost:15140
2024-02-27 07:45:08,055 [main] INFO  volume.HddsVolume (HddsVolume.java:<init>(125)) - Creating HddsVolume: /home/runner/work/ozone/ozone/hadoop-ozone/integration-test/target/test-dir/MiniOzoneClusterImpl-b00976b7-23bc-4195-b1b8-a51685bf3827/ozone-meta/datanode-2/data-0/hdds of storage type : DISK capacity : 9223372036854775807
2024-02-27 07:45:08,056 [main] INFO  volume.MutableVolumeSet (MutableVolumeSet.java:initializeVolumeSet(173)) - Added Volume : /home/runner/work/ozone/ozone/hadoop-ozone/integration-test/target/test-dir/MiniOzoneClusterImpl-b00976b7-23bc-4195-b1b8-a51685bf3827/ozone-meta/datanode-2/data-0/hdds to VolumeSet
2024-02-27 07:45:08,057 [main] INFO  volume.MutableVolumeSet (MutableVolumeSet.java:initializeVolumeSet(173)) - Added Volume : /home/runner/work/ozone/ozone/hadoop-ozone/integration-test/target/test-dir/MiniOzoneClusterImpl-b00976b7-23bc-4195-b1b8-a51685bf3827/ozone-meta/datanode-2/ratis to VolumeSet
2024-02-27 07:45:08,057 [main] INFO  ozoneimpl.OzoneContainer (HddsVolumeUtil.java:loadAllHddsVolumeDbStore(103)) - Load 1 volumes DbStore cost: 0ms
2024-02-27 07:45:08,059 [main] INFO  server.RaftServer (ConfUtils.java:logGet(46)) - raft.rpc.type = GRPC (default)
2024-02-27 07:45:08,059 [main] INFO  grpc.GrpcConfigKeys (ConfUtils.java:logFallback(53)) - raft.grpc.admin.host = null (fallback to raft.grpc.server.host)
2024-02-27 07:45:08,059 [main] INFO  grpc.GrpcConfigKeys (ConfUtils.java:logGet(46)) - raft.grpc.admin.port = 15159 (custom)
2024-02-27 07:45:08,059 [main] INFO  grpc.GrpcConfigKeys (ConfUtils.java:logFallback(53)) - raft.grpc.client.host = null (fallback to raft.grpc.server.host)
2024-02-27 07:45:08,060 [main] INFO  grpc.GrpcConfigKeys (ConfUtils.java:logGet(46)) - raft.grpc.client.port = 15158 (custom)
2024-02-27 07:45:08,060 [main] INFO  grpc.GrpcConfigKeys (ConfUtils.java:logGet(46)) - raft.grpc.server.host = null (default)
2024-02-27 07:45:08,060 [main] INFO  grpc.GrpcConfigKeys (ConfUtils.java:logGet(46)) - raft.grpc.server.port = 15160 (custom)
2024-02-27 07:45:08,060 [main] INFO  server.GrpcService (ConfUtils.java:logGet(46)) - raft.grpc.message.size.max = 32MB (=33554432) (custom)
2024-02-27 07:45:08,060 [main] INFO  server.RaftServerConfigKeys (ConfUtils.java:logGet(46)) - raft.server.log.appender.buffer.byte-limit = 8388608 (custom)
2024-02-27 07:45:08,060 [main] INFO  server.GrpcService (ConfUtils.java:logGet(46)) - raft.grpc.flow.control.window = 5MB (=5242880) (custom)
2024-02-27 07:45:08,061 [main] INFO  server.RaftServerConfigKeys (ConfUtils.java:logGet(46)) - raft.server.rpc.request.timeout = 60s (custom)
2024-02-27 07:45:08,061 [main] INFO  grpc.GrpcConfigKeys (ConfUtils.java:logGet(46)) - raft.grpc.server.heartbeat.channel = true (default)
2024-02-27 07:45:08,061 [main] INFO  grpc.GrpcConfigKeys (ConfUtils.java:logGet(46)) - raft.grpc.server.async.request.thread.pool.cached = true (default)
2024-02-27 07:45:08,061 [main] INFO  grpc.GrpcConfigKeys (ConfUtils.java:logGet(46)) - raft.grpc.server.async.request.thread.pool.size = 32 (default)
2024-02-27 07:45:08,063 [main] INFO  impl.DataStreamServerImpl (ConfUtils.java:logGet(46)) - raft.datastream.type = NETTY (custom)
2024-02-27 07:45:08,063 [main] INFO  server.RaftServerConfigKeys (ConfUtils.java:logGet(46)) - raft.server.data-stream.async.request.thread.pool.cached = false (default)
2024-02-27 07:45:08,063 [main] INFO  server.RaftServerConfigKeys (ConfUtils.java:logGet(46)) - raft.server.data-stream.async.request.thread.pool.size = 20 (custom)
2024-02-27 07:45:08,064 [main] INFO  server.RaftServerConfigKeys (ConfUtils.java:logGet(46)) - raft.server.data-stream.async.write.thread.pool.size = 16 (default)
2024-02-27 07:45:08,064 [main] INFO  netty.NettyConfigKeys$DataStream (ConfUtils.java:logGet(46)) - raft.netty.dataStream.server.channel.inactive.grace-period = 10min (default)
2024-02-27 07:45:08,064 [main] INFO  server.RaftServerConfigKeys (ConfUtils.java:logGet(46)) - raft.server.data-stream.client.pool.size = 10 (default)
2024-02-27 07:45:08,064 [main] INFO  netty.NettyConfigKeys$DataStream (ConfUtils.java:logGet(46)) - raft.netty.dataStream.server.use-epoll = true (default)
2024-02-27 07:45:08,064 [main] INFO  netty.NettyConfigKeys$DataStream (ConfUtils.java:logGet(46)) - raft.netty.dataStream.server.boss-group.size = 0 (default)
2024-02-27 07:45:08,064 [main] INFO  netty.NettyUtils (NettyUtils.java:newEventLoopGroup(69)) - Create EpollEventLoopGroup for 4d28c94a-4d53-4519-b3c9-3a16e9947616-NettyServerStreamRpc-bossGroup; Thread size is 0.
2024-02-27 07:45:08,070 [main] INFO  netty.NettyConfigKeys$DataStream (ConfUtils.java:logGet(46)) - raft.netty.dataStream.server.worker-group.size = 0 (default)
2024-02-27 07:45:08,070 [main] INFO  netty.NettyUtils (NettyUtils.java:newEventLoopGroup(69)) - Create EpollEventLoopGroup for 4d28c94a-4d53-4519-b3c9-3a16e9947616-NettyServerStreamRpc-workerGroup; Thread size is 0.
2024-02-27 07:45:08,071 [main] INFO  netty.NettyConfigKeys$DataStream (ConfUtils.java:logGet(46)) - raft.netty.dataStream.server.tls.conf = null (default)
2024-02-27 07:45:08,072 [main] INFO  netty.NettyConfigKeys$DataStream (ConfUtils.java:logGet(46)) - raft.netty.dataStream.host = null (default)
2024-02-27 07:45:08,072 [main] INFO  netty.NettyConfigKeys$DataStream (ConfUtils.java:logGet(46)) - raft.netty.dataStream.port = 15161 (custom)
2024-02-27 07:45:08,070 [grpc-default-executor-0] INFO  server.RaftServer$Division (RaftServerImpl.java:requestVote(1389)) - omNode-3@group-523986131536: receive requestVote(PRE_VOTE, omNode-1, group-523986131536, 0, (t:0, i:~))
2024-02-27 07:45:08,073 [4d28c94a-4d53-4519-b3c9-3a16e9947616-NettyServerStreamRpc-bossGroup--thread1] INFO  logging.LoggingHandler (AbstractInternalLogger.java:log(148)) - [id: 0x1937e5da] REGISTERED
2024-02-27 07:45:08,073 [4d28c94a-4d53-4519-b3c9-3a16e9947616-NettyServerStreamRpc-bossGroup--thread1] INFO  logging.LoggingHandler (AbstractInternalLogger.java:log(148)) - [id: 0x1937e5da] BIND: 0.0.0.0/0.0.0.0:15161
2024-02-27 07:45:08,073 [4d28c94a-4d53-4519-b3c9-3a16e9947616-NettyServerStreamRpc-bossGroup--thread1] INFO  logging.LoggingHandler (AbstractInternalLogger.java:log(148)) - [id: 0x1937e5da, L:/0.0.0.0:15161] ACTIVE
2024-02-27 07:45:08,073 [grpc-default-executor-0] INFO  impl.VoteContext (VoteContext.java:log(49)) - omNode-3@group-523986131536-FOLLOWER: accept PRE_VOTE from omNode-1: our priority 0 <= candidate's priority 0
2024-02-27 07:45:08,072 [main] INFO  server.RaftServerConfigKeys (ConfUtils.java:logGet(46)) - raft.server.sleep.deviation.threshold = 300ms (default)
2024-02-27 07:45:08,074 [main] INFO  server.RaftServerConfigKeys (ConfUtils.java:logGet(46)) - raft.server.close.threshold = 60s (default)
2024-02-27 07:45:08,074 [main] INFO  server.RaftServerConfigKeys (ConfUtils.java:logGet(46)) - raft.server.leaderelection.leader.step-down.wait-time = 10s (default)
2024-02-27 07:45:08,074 [main] INFO  server.RaftServerConfigKeys (ConfUtils.java:logGet(46)) - raft.server.storage.dir = [/home/runner/work/ozone/ozone/hadoop-ozone/integration-test/target/test-dir/MiniOzoneClusterImpl-b00976b7-23bc-4195-b1b8-a51685bf3827/ozone-meta/datanode-2/ratis] (custom)
2024-02-27 07:45:08,074 [main] INFO  server.RaftServerConfigKeys (ConfUtils.java:logGet(46)) - raft.server.threadpool.proxy.cached = true (default)
2024-02-27 07:45:08,074 [main] INFO  server.RaftServerConfigKeys (ConfUtils.java:logGet(46)) - raft.server.threadpool.proxy.size = 0 (default)
2024-02-27 07:45:08,074 [grpc-default-executor-1] INFO  server.RaftServer$Division (RaftServerImpl.java:requestVote(1389)) - omNode-2@group-523986131536: receive requestVote(PRE_VOTE, omNode-1, group-523986131536, 0, (t:0, i:~))
2024-02-27 07:45:08,075 [grpc-default-executor-1] INFO  impl.VoteContext (VoteContext.java:log(49)) - omNode-2@group-523986131536-FOLLOWER: accept PRE_VOTE from omNode-1: our priority 0 <= candidate's priority 0
2024-02-27 07:45:08,075 [grpc-default-executor-1] INFO  server.RaftServer$Division (RaftServerImpl.java:requestVote(1422)) - omNode-2@group-523986131536 replies to PRE_VOTE vote request: omNode-1<-omNode-2#0:OK-t0. Peer's state: omNode-2@group-523986131536:t0, leader=null, voted=, raftlog=Memoized:omNode-2@group-523986131536-SegmentedRaftLog:OPENED:c-1, conf=-1: peers:[omNode-3|localhost:15144, omNode-1|localhost:15136, omNode-2|localhost:15140]|listeners:[], old=null
2024-02-27 07:45:08,073 [grpc-default-executor-0] INFO  server.RaftServer$Division (RaftServerImpl.java:requestVote(1422)) - omNode-3@group-523986131536 replies to PRE_VOTE vote request: omNode-1<-omNode-3#0:OK-t0. Peer's state: omNode-3@group-523986131536:t0, leader=null, voted=, raftlog=Memoized:omNode-3@group-523986131536-SegmentedRaftLog:OPENED:c-1, conf=-1: peers:[omNode-3|localhost:15144, omNode-1|localhost:15136, omNode-2|localhost:15140]|listeners:[], old=null
2024-02-27 07:45:08,079 [omNode-1@group-523986131536-LeaderElection34] INFO  impl.LeaderElection (LeaderElection.java:logAndReturn(89)) - omNode-1@group-523986131536-LeaderElection34: PRE_VOTE PASSED received 1 response(s) and 0 exception(s):
2024-02-27 07:45:08,079 [omNode-1@group-523986131536-LeaderElection34] INFO  impl.LeaderElection (LeaderElection.java:logAndReturn(93)) -   Response 0: omNode-1<-omNode-3#0:OK-t0
2024-02-27 07:45:08,079 [4d28c94a-4d53-4519-b3c9-3a16e9947616-impl-thread1] INFO  server.RaftServer (RaftServerProxy.java:initGroupDir(264)) - 4d28c94a-4d53-4519-b3c9-3a16e9947616: found a subdirectory /home/runner/work/ozone/ozone/hadoop-ozone/integration-test/target/test-dir/MiniOzoneClusterImpl-b00976b7-23bc-4195-b1b8-a51685bf3827/ozone-meta/datanode-2/ratis/tmp
2024-02-27 07:45:08,079 [omNode-1@group-523986131536-LeaderElection34] INFO  impl.LeaderElection (LeaderElection.java:askForVotes(323)) - omNode-1@group-523986131536-LeaderElection34 PRE_VOTE round 0: result PASSED
2024-02-27 07:45:08,080 [4d28c94a-4d53-4519-b3c9-3a16e9947616-impl-thread1] INFO  server.RaftServer (RaftServerProxy.java:initGroupDir(269)) - 4d28c94a-4d53-4519-b3c9-3a16e9947616: The directory /home/runner/work/ozone/ozone/hadoop-ozone/integration-test/target/test-dir/MiniOzoneClusterImpl-b00976b7-23bc-4195-b1b8-a51685bf3827/ozone-meta/datanode-2/ratis/tmp is not a group directory; ignoring it. 
2024-02-27 07:45:08,080 [main] INFO  replication.ReplicationServer (ReplicationServer.java:<init>(86)) - Initializing replication server with thread count = 10 queue length = 4096
2024-02-27 07:45:08,081 [omNode-1@group-523986131536-LeaderElection34] INFO  impl.LeaderElection (LeaderElection.java:askForVotes(321)) - omNode-1@group-523986131536-LeaderElection34 ELECTION round 0: submit vote requests at term 1 for -1: peers:[omNode-3|localhost:15144, omNode-1|localhost:15136, omNode-2|localhost:15140]|listeners:[], old=null
2024-02-27 07:45:08,081 [main] INFO  server.XceiverServerGrpc (XceiverServerGrpc.java:<init>(141)) - GrpcServer channel type EpollServerSocketChannel
2024-02-27 07:45:08,082 [omNode-1@group-523986131536-LeaderElection34] INFO  server.RaftServerConfigKeys (ConfUtils.java:logFallback(53)) - raft.server.rpc.first-election.timeout.min = 1s (fallback to raft.server.rpc.timeout.min)
2024-02-27 07:45:08,082 [omNode-1@group-523986131536-LeaderElection34] INFO  server.RaftServerConfigKeys (ConfUtils.java:logFallback(53)) - raft.server.rpc.first-election.timeout.max = 1200ms (fallback to raft.server.rpc.timeout.max)
2024-02-27 07:45:08,083 [grpc-default-executor-0] INFO  server.RaftServer$Division (RaftServerImpl.java:requestVote(1389)) - omNode-2@group-523986131536: receive requestVote(ELECTION, omNode-1, group-523986131536, 1, (t:0, i:~))
2024-02-27 07:45:08,082 [grpc-default-executor-1] INFO  server.RaftServer$Division (RaftServerImpl.java:requestVote(1389)) - omNode-3@group-523986131536: receive requestVote(ELECTION, omNode-1, group-523986131536, 1, (t:0, i:~))
2024-02-27 07:45:08,084 [main] INFO  replication.ReplicationSupervisor (ReplicationSupervisor.java:build(163)) - Initializing replication supervisor with thread count = 10
2024-02-27 07:45:08,084 [main] INFO  replication.ReplicationSupervisor (ReplicationSupervisor.java:nodeStateUpdated(317)) - Node state updated to IN_SERVICE, scaling executor pool size to 10
2024-02-27 07:45:08,084 [grpc-default-executor-0] INFO  impl.VoteContext (VoteContext.java:log(49)) - omNode-2@group-523986131536-FOLLOWER: accept ELECTION from omNode-1: our priority 0 <= candidate's priority 0
2024-02-27 07:45:08,085 [grpc-default-executor-0] INFO  server.RaftServer$Division (RaftServerImpl.java:setRole(383)) - omNode-2@group-523986131536: changes role from  FOLLOWER to FOLLOWER at term 1 for candidate:omNode-1
2024-02-27 07:45:08,085 [grpc-default-executor-0] INFO  impl.RoleInfo (RoleInfo.java:shutdownFollowerState(110)) - omNode-2: shutdown omNode-2@group-523986131536-FollowerState
2024-02-27 07:45:08,085 [grpc-default-executor-0] INFO  impl.RoleInfo (RoleInfo.java:updateAndGet(139)) - omNode-2: start omNode-2@group-523986131536-FollowerState
2024-02-27 07:45:08,084 [grpc-default-executor-1] INFO  impl.VoteContext (VoteContext.java:log(49)) - omNode-3@group-523986131536-FOLLOWER: accept ELECTION from omNode-1: our priority 0 <= candidate's priority 0
2024-02-27 07:45:08,085 [omNode-2@group-523986131536-FollowerState] INFO  impl.FollowerState (FollowerState.java:run(152)) - omNode-2@group-523986131536-FollowerState was interrupted
2024-02-27 07:45:08,085 [grpc-default-executor-1] INFO  server.RaftServer$Division (RaftServerImpl.java:setRole(383)) - omNode-3@group-523986131536: changes role from  FOLLOWER to FOLLOWER at term 1 for candidate:omNode-1
2024-02-27 07:45:08,086 [grpc-default-executor-1] INFO  impl.RoleInfo (RoleInfo.java:shutdownFollowerState(110)) - omNode-3: shutdown omNode-3@group-523986131536-FollowerState
2024-02-27 07:45:08,087 [grpc-default-executor-0] INFO  server.RaftServer$Division (RaftServerImpl.java:setFirstElection(574)) - omNode-2@group-523986131536: set firstElectionSinceStartup to false for candidate:omNode-1
2024-02-27 07:45:08,087 [omNode-3@group-523986131536-FollowerState] INFO  impl.FollowerState (FollowerState.java:run(152)) - omNode-3@group-523986131536-FollowerState was interrupted
2024-02-27 07:45:08,088 [grpc-default-executor-1] INFO  impl.RoleInfo (RoleInfo.java:updateAndGet(139)) - omNode-3: start omNode-3@group-523986131536-FollowerState
2024-02-27 07:45:08,088 [grpc-default-executor-1] INFO  server.RaftServer$Division (RaftServerImpl.java:setFirstElection(574)) - omNode-3@group-523986131536: set firstElectionSinceStartup to false for candidate:omNode-1
2024-02-27 07:45:08,089 [main] INFO  http.BaseHttpServer (BaseHttpServer.java:newHttpServer2BuilderForOzone(223)) - Starting Web-server for hddsDatanode at: http://0.0.0.0:15155
2024-02-27 07:45:08,089 [main] INFO  http.BaseHttpServer (BaseHttpServer.java:<init>(110)) - Hadoop Security Enabled: false Ozone Security Enabled: false Ozone HTTP Security Enabled: false 
2024-02-27 07:45:08,090 [grpc-default-executor-1] INFO  server.RaftServer$Division (RaftServerImpl.java:requestVote(1422)) - omNode-3@group-523986131536 replies to ELECTION vote request: omNode-1<-omNode-3#0:OK-t1. Peer's state: omNode-3@group-523986131536:t1, leader=null, voted=omNode-1, raftlog=Memoized:omNode-3@group-523986131536-SegmentedRaftLog:OPENED:c-1, conf=-1: peers:[omNode-3|localhost:15144, omNode-1|localhost:15136, omNode-2|localhost:15140]|listeners:[], old=null
2024-02-27 07:45:08,090 [omNode-1@group-523986131536-LeaderElection34] INFO  impl.LeaderElection (LeaderElection.java:logAndReturn(89)) - omNode-1@group-523986131536-LeaderElection34: ELECTION PASSED received 1 response(s) and 0 exception(s):
2024-02-27 07:45:08,090 [omNode-1@group-523986131536-LeaderElection34] INFO  impl.LeaderElection (LeaderElection.java:logAndReturn(93)) -   Response 0: omNode-1<-omNode-3#0:OK-t1
2024-02-27 07:45:08,090 [grpc-default-executor-0] INFO  server.RaftServer$Division (RaftServerImpl.java:requestVote(1422)) - omNode-2@group-523986131536 replies to ELECTION vote request: omNode-1<-omNode-2#0:OK-t1. Peer's state: omNode-2@group-523986131536:t1, leader=null, voted=omNode-1, raftlog=Memoized:omNode-2@group-523986131536-SegmentedRaftLog:OPENED:c-1, conf=-1: peers:[omNode-3|localhost:15144, omNode-1|localhost:15136, omNode-2|localhost:15140]|listeners:[], old=null
2024-02-27 07:45:08,091 [main] WARN  server.AuthenticationFilter (AuthenticationFilter.java:constructSecretProvider(240)) - Unable to initialize FileSignerSecretProvider, falling back to use random secrets. Reason: Could not read signature secret file: /home/runner/hadoop-http-auth-signature-secret
2024-02-27 07:45:08,090 [omNode-1@group-523986131536-LeaderElection34] INFO  impl.LeaderElection (LeaderElection.java:askForVotes(323)) - omNode-1@group-523986131536-LeaderElection34 ELECTION round 0: result PASSED
2024-02-27 07:45:08,091 [omNode-1@group-523986131536-LeaderElection34] INFO  impl.RoleInfo (RoleInfo.java:shutdownLeaderElection(130)) - omNode-1: shutdown omNode-1@group-523986131536-LeaderElection34
2024-02-27 07:45:08,091 [omNode-1@group-523986131536-LeaderElection34] INFO  server.RaftServer$Division (RaftServerImpl.java:setRole(383)) - omNode-1@group-523986131536: changes role from CANDIDATE to LEADER at term 1 for changeToLeader
2024-02-27 07:45:08,091 [omNode-1@group-523986131536-LeaderElection34] INFO  server.RaftServerConfigKeys (ConfUtils.java:logGet(46)) - raft.server.staging.catchup.gap = 1000 (default)
2024-02-27 07:45:08,091 [omNode-1@group-523986131536-LeaderElection34] INFO  server.RaftServerConfigKeys (ConfUtils.java:logGet(46)) - raft.server.write.element-limit = 4096 (default)
2024-02-27 07:45:08,091 [omNode-1@group-523986131536-LeaderElection34] INFO  server.RaftServerConfigKeys (ConfUtils.java:logGet(46)) - raft.server.write.byte-limit = 64MB (=67108864) (default)
2024-02-27 07:45:08,091 [omNode-1@group-523986131536-LeaderElection34] INFO  server.RaftServerConfigKeys (ConfUtils.java:logGet(46)) - raft.server.watch.timeout = 10s (default)
2024-02-27 07:45:08,091 [omNode-1@group-523986131536-LeaderElection34] INFO  server.RaftServerConfigKeys (ConfUtils.java:logGet(46)) - raft.server.watch.timeout.denomination = 1s (default)
2024-02-27 07:45:08,091 [omNode-1@group-523986131536-LeaderElection34] INFO  server.RaftServerConfigKeys (ConfUtils.java:logGet(46)) - raft.server.watch.element-limit = 65536 (default)
2024-02-27 07:45:08,092 [omNode-1@group-523986131536-LeaderElection34] INFO  server.RaftServerConfigKeys (ConfUtils.java:logGet(46)) - raft.server.read.leader.lease.enabled = false (default)
2024-02-27 07:45:08,092 [omNode-1@group-523986131536-LeaderElection34] INFO  server.RaftServerConfigKeys (ConfUtils.java:logGet(46)) - raft.server.read.leader.lease.timeout.ratio = 0.9 (default)
2024-02-27 07:45:08,092 [omNode-1@group-523986131536-LeaderElection34] INFO  server.RaftServerConfigKeys (ConfUtils.java:logGet(46)) - raft.server.rpc.timeout.min = 1s (custom)
2024-02-27 07:45:08,092 [omNode-1@group-523986131536-LeaderElection34] INFO  server.RaftServerConfigKeys (ConfUtils.java:logGet(46)) - raft.server.write.element-limit = 4096 (default)
2024-02-27 07:45:08,092 [omNode-1@group-523986131536-LeaderElection34] INFO  server.RaftServerConfigKeys (ConfUtils.java:logGet(46)) - raft.server.write.follower.gap.ratio.max = -1.0 (default)
2024-02-27 07:45:08,092 [omNode-1@group-523986131536-LeaderElection34] INFO  server.RaftServerConfigKeys (ConfUtils.java:logGet(46)) - raft.server.log.appender.snapshot.chunk.size.max = 16MB (=16777216) (default)
2024-02-27 07:45:08,092 [omNode-1@group-523986131536-LeaderElection34] INFO  server.RaftServerConfigKeys (ConfUtils.java:logGet(46)) - raft.server.log.appender.buffer.byte-limit = 4194304 (custom)
2024-02-27 07:45:08,092 [omNode-1@group-523986131536-LeaderElection34] INFO  server.RaftServerConfigKeys (ConfUtils.java:logGet(46)) - raft.server.log.appender.buffer.element-limit = 1024 (custom)
2024-02-27 07:45:08,092 [omNode-1@group-523986131536-LeaderElection34] INFO  server.RaftServerConfigKeys (ConfUtils.java:logGet(46)) - raft.server.log.appender.wait-time.min = 0ms (custom)
2024-02-27 07:45:08,092 [omNode-1@group-523986131536-LeaderElection34] INFO  grpc.GrpcConfigKeys (ConfUtils.java:logGet(46)) - raft.grpc.server.leader.outstanding.appends.max = 8 (default)
2024-02-27 07:45:08,092 [omNode-1@group-523986131536-LeaderElection34] INFO  server.RaftServerConfigKeys (ConfUtils.java:logGet(46)) - raft.server.rpc.request.timeout = 3000ms (default)
2024-02-27 07:45:08,092 [omNode-1@group-523986131536-LeaderElection34] INFO  grpc.GrpcConfigKeys (ConfUtils.java:logGet(46)) - raft.grpc.server.install_snapshot.request.element-limit = 8 (default)
2024-02-27 07:45:08,093 [omNode-1@group-523986131536-LeaderElection34] INFO  grpc.GrpcConfigKeys (ConfUtils.java:logGet(46)) - raft.grpc.server.install_snapshot.request.timeout = 3000ms (default)
2024-02-27 07:45:08,093 [omNode-1@group-523986131536-LeaderElection34] INFO  grpc.GrpcConfigKeys (ConfUtils.java:logGet(46)) - raft.grpc.server.log-message.batch.duration = 5s (default)
2024-02-27 07:45:08,093 [omNode-1@group-523986131536-LeaderElection34] INFO  server.RaftServerConfigKeys (ConfUtils.java:logGet(46)) - raft.server.log.appender.install.snapshot.enabled = false (custom)
2024-02-27 07:45:08,093 [omNode-1@group-523986131536-LeaderElection34] INFO  grpc.GrpcConfigKeys (ConfUtils.java:logGet(46)) - raft.grpc.server.heartbeat.channel = true (default)
2024-02-27 07:45:08,093 [omNode-1@group-523986131536-LeaderElection34] INFO  server.RaftServerConfigKeys (ConfUtils.java:logGet(46)) - raft.server.log.appender.snapshot.chunk.size.max = 16MB (=16777216) (default)
2024-02-27 07:45:08,093 [omNode-1@group-523986131536-LeaderElection34] INFO  server.RaftServerConfigKeys (ConfUtils.java:logGet(46)) - raft.server.log.appender.buffer.byte-limit = 4194304 (custom)
2024-02-27 07:45:08,093 [omNode-1@group-523986131536-LeaderElection34] INFO  server.RaftServerConfigKeys (ConfUtils.java:logGet(46)) - raft.server.log.appender.buffer.element-limit = 1024 (custom)
2024-02-27 07:45:08,093 [omNode-1@group-523986131536-LeaderElection34] INFO  server.RaftServerConfigKeys (ConfUtils.java:logGet(46)) - raft.server.log.appender.wait-time.min = 0ms (custom)
2024-02-27 07:45:08,093 [omNode-1@group-523986131536-LeaderElection34] INFO  grpc.GrpcConfigKeys (ConfUtils.java:logGet(46)) - raft.grpc.server.leader.outstanding.appends.max = 8 (default)
2024-02-27 07:45:08,094 [omNode-1@group-523986131536-LeaderElection34] INFO  server.RaftServerConfigKeys (ConfUtils.java:logGet(46)) - raft.server.rpc.request.timeout = 3000ms (default)
2024-02-27 07:45:08,094 [omNode-1@group-523986131536-LeaderElection34] INFO  grpc.GrpcConfigKeys (ConfUtils.java:logGet(46)) - raft.grpc.server.install_snapshot.request.element-limit = 8 (default)
2024-02-27 07:45:08,094 [omNode-1@group-523986131536-LeaderElection34] INFO  grpc.GrpcConfigKeys (ConfUtils.java:logGet(46)) - raft.grpc.server.install_snapshot.request.timeout = 3000ms (default)
2024-02-27 07:45:08,094 [omNode-1@group-523986131536-LeaderElection34] INFO  grpc.GrpcConfigKeys (ConfUtils.java:logGet(46)) - raft.grpc.server.log-message.batch.duration = 5s (default)
2024-02-27 07:45:08,094 [omNode-1@group-523986131536-LeaderElection34] INFO  server.RaftServerConfigKeys (ConfUtils.java:logGet(46)) - raft.server.log.appender.install.snapshot.enabled = false (custom)
2024-02-27 07:45:08,094 [omNode-1@group-523986131536-LeaderElection34] INFO  grpc.GrpcConfigKeys (ConfUtils.java:logGet(46)) - raft.grpc.server.heartbeat.channel = true (default)
2024-02-27 07:45:08,094 [omNode-1@group-523986131536-LeaderElection34] INFO  impl.RoleInfo (RoleInfo.java:updateAndGet(139)) - omNode-1: start omNode-1@group-523986131536-LeaderStateImpl
2024-02-27 07:45:08,094 [omNode-1@group-523986131536-LeaderElection34] INFO  server.RaftServer$Division (RaftServerImpl.java:setFirstElection(574)) - omNode-1@group-523986131536: set firstElectionSinceStartup to false for becomeLeader
2024-02-27 07:45:08,094 [omNode-1@group-523986131536-LeaderElection34] INFO  server.RaftServer$Division (ServerState.java:setLeader(269)) - omNode-1@group-523986131536: change Leader from null to omNode-1 at term 1 for becomeLeader, leader elected after 1424ms
2024-02-27 07:45:08,094 [omNode-1@group-523986131536-LeaderElection34] INFO  segmented.SegmentedRaftLogWorker (SegmentedRaftLogWorker.java:startLogSegment(430)) - omNode-1@group-523986131536-SegmentedRaftLogWorker: Starting segment from index:0
2024-02-27 07:45:08,094 [omNode-1@group-523986131536-SegmentedRaftLogWorker] INFO  segmented.BufferedWriteChannel (BufferedWriteChannel.java:open(62)) - open log_inprogress_0 at position 0
2024-02-27 07:45:08,097 [main] INFO  http.HttpRequestLog (HttpRequestLog.java:getRequestLog(86)) - Http request log for http.requests.hddsDatanode is not defined
2024-02-27 07:45:08,098 [main] INFO  http.HttpServer2 (HttpServer2.java:addGlobalFilter(1036)) - Added global filter 'safety' (class=org.apache.hadoop.hdds.server.http.HttpServer2$QuotingInputFilter)
2024-02-27 07:45:08,099 [main] INFO  http.HttpServer2 (HttpServer2.java:addFilter(1012)) - Added filter static_user_filter (class=org.apache.hadoop.http.lib.StaticUserWebFilter$StaticUserFilter) to context hddsDatanode
2024-02-27 07:45:08,100 [omNode-1@group-523986131536-LeaderElection34] INFO  server.RaftServer$Division (ServerState.java:setRaftConf(386)) - omNode-1@group-523986131536: set configuration 0: peers:[omNode-3|localhost:15144, omNode-1|localhost:15136, omNode-2|localhost:15140]|listeners:[], old=null
2024-02-27 07:45:08,100 [main] INFO  http.HttpServer2 (HttpServer2.java:addFilter(1020)) - Added filter static_user_filter (class=org.apache.hadoop.http.lib.StaticUserWebFilter$StaticUserFilter) to context logs
2024-02-27 07:45:08,100 [main] INFO  http.HttpServer2 (HttpServer2.java:addFilter(1020)) - Added filter static_user_filter (class=org.apache.hadoop.http.lib.StaticUserWebFilter$StaticUserFilter) to context static
2024-02-27 07:45:08,100 [main] INFO  http.BaseHttpServer (BaseHttpServer.java:<init>(189)) - HTTP server of hddsDatanode uses base directory /home/runner/work/ozone/ozone/hadoop-ozone/integration-test/target/test-dir/MiniOzoneClusterImpl-b00976b7-23bc-4195-b1b8-a51685bf3827/ozone-meta/datanode-2/meta/webserver
2024-02-27 07:45:08,101 [main] INFO  http.HttpServer2 (HttpServer2.java:bindListener(1236)) - Jetty bound to port 15155
2024-02-27 07:45:08,101 [main] INFO  server.Server (Server.java:doStart(375)) - jetty-9.4.53.v20231009; built: 2023-10-09T12:29:09.265Z; git: 27bde00a0b95a1d5bbee0eae7984f891d2d0f8c9; jvm 1.8.0_402-b06
2024-02-27 07:45:08,103 [omNode-1@group-523986131536-SegmentedRaftLogWorker] INFO  segmented.SegmentedRaftLogWorker (SegmentedRaftLogWorker.java:execute(634)) - omNode-1@group-523986131536-SegmentedRaftLogWorker: created new log segment /home/runner/work/ozone/ozone/hadoop-ozone/integration-test/target/test-dir/MiniOzoneClusterImpl-b00976b7-23bc-4195-b1b8-a51685bf3827/omNode-1/ratis/c9bc4cf4-3bc3-3c60-a66b-523986131536/current/log_inprogress_0
2024-02-27 07:45:08,119 [main] INFO  server.session (DefaultSessionIdManager.java:doStart(334)) - DefaultSessionIdManager workerName=node0
2024-02-27 07:45:08,120 [main] INFO  server.session (DefaultSessionIdManager.java:doStart(339)) - No SessionScavenger set, using defaults
2024-02-27 07:45:08,120 [main] INFO  server.session (HouseKeeper.java:startScavenging(132)) - node0 Scavenging every 660000ms
2024-02-27 07:45:08,130 [omNode-3-server-thread1] INFO  server.RaftServer$Division (ServerState.java:setLeader(269)) - omNode-3@group-523986131536: change Leader from null to omNode-1 at term 1 for appendEntries, leader elected after 444ms
2024-02-27 07:45:08,131 [omNode-3-server-thread1] INFO  server.RaftServer$Division (ServerState.java:setRaftConf(386)) - omNode-3@group-523986131536: set configuration 0: peers:[omNode-3|localhost:15144, omNode-1|localhost:15136, omNode-2|localhost:15140]|listeners:[], old=null
2024-02-27 07:45:08,131 [omNode-3-server-thread1] INFO  segmented.SegmentedRaftLogWorker (SegmentedRaftLogWorker.java:startLogSegment(430)) - omNode-3@group-523986131536-SegmentedRaftLogWorker: Starting segment from index:0
2024-02-27 07:45:08,134 [main] INFO  handler.ContextHandler (ContextHandler.java:doStart(921)) - Started o.e.j.s.ServletContextHandler@325505e5{logs,/logs,file:///home/runner/work/ozone/ozone/hadoop-ozone/integration-test/target/log,AVAILABLE}
2024-02-27 07:45:08,133 [omNode-2-server-thread1] INFO  server.RaftServer$Division (ServerState.java:setLeader(269)) - omNode-2@group-523986131536: change Leader from null to omNode-1 at term 1 for appendEntries, leader elected after 967ms
2024-02-27 07:45:08,135 [omNode-3@group-523986131536-SegmentedRaftLogWorker] INFO  segmented.BufferedWriteChannel (BufferedWriteChannel.java:open(62)) - open log_inprogress_0 at position 0
2024-02-27 07:45:08,135 [main] INFO  handler.ContextHandler (ContextHandler.java:doStart(921)) - Started o.e.j.s.ServletContextHandler@4d924511{static,/static,jar:file:/home/runner/.m2/repository/org/apache/ozone/hdds-container-service/1.5.0-SNAPSHOT/hdds-container-service-1.5.0-SNAPSHOT.jar!/webapps/static,AVAILABLE}
2024-02-27 07:45:08,138 [omNode-2-server-thread2] INFO  server.RaftServer$Division (ServerState.java:setRaftConf(386)) - omNode-2@group-523986131536: set configuration 0: peers:[omNode-3|localhost:15144, omNode-1|localhost:15136, omNode-2|localhost:15140]|listeners:[], old=null
2024-02-27 07:45:08,138 [omNode-2-server-thread2] INFO  segmented.SegmentedRaftLogWorker (SegmentedRaftLogWorker.java:startLogSegment(430)) - omNode-2@group-523986131536-SegmentedRaftLogWorker: Starting segment from index:0
2024-02-27 07:45:08,139 [omNode-2@group-523986131536-SegmentedRaftLogWorker] INFO  segmented.BufferedWriteChannel (BufferedWriteChannel.java:open(62)) - open log_inprogress_0 at position 0
2024-02-27 07:45:08,150 [omNode-3@group-523986131536-SegmentedRaftLogWorker] INFO  segmented.SegmentedRaftLogWorker (SegmentedRaftLogWorker.java:execute(634)) - omNode-3@group-523986131536-SegmentedRaftLogWorker: created new log segment /home/runner/work/ozone/ozone/hadoop-ozone/integration-test/target/test-dir/MiniOzoneClusterImpl-b00976b7-23bc-4195-b1b8-a51685bf3827/omNode-3/ratis/c9bc4cf4-3bc3-3c60-a66b-523986131536/current/log_inprogress_0
2024-02-27 07:45:08,151 [omNode-2@group-523986131536-SegmentedRaftLogWorker] INFO  segmented.SegmentedRaftLogWorker (SegmentedRaftLogWorker.java:execute(634)) - omNode-2@group-523986131536-SegmentedRaftLogWorker: created new log segment /home/runner/work/ozone/ozone/hadoop-ozone/integration-test/target/test-dir/MiniOzoneClusterImpl-b00976b7-23bc-4195-b1b8-a51685bf3827/omNode-2/ratis/c9bc4cf4-3bc3-3c60-a66b-523986131536/current/log_inprogress_0
2024-02-27 07:45:08,153 [omNode-1@group-523986131536-StateMachineUpdater] INFO  ratis.OzoneManagerStateMachine (OzoneManagerStateMachine.java:notifyConfigurationChanged(200)) - Received Configuration change notification from Ratis. New Peer list:
[id: "omNode-3"
address: "localhost:15144"
startupRole: FOLLOWER
, id: "omNode-1"
address: "localhost:15136"
startupRole: FOLLOWER
, id: "omNode-2"
address: "localhost:15140"
startupRole: FOLLOWER
]
2024-02-27 07:45:08,153 [omNode-1@group-523986131536-StateMachineUpdater] INFO  server.RaftServer$Division (LeaderStateImpl.java:isApplied(320)) - leader is ready since appliedIndex == 0 >= startIndex == 0
2024-02-27 07:45:08,182 [main] INFO  handler.ContextHandler (ContextHandler.java:doStart(921)) - Started o.e.j.w.WebAppContext@7cb045ee{hddsDatanode,/,file:///home/runner/work/ozone/ozone/hadoop-ozone/integration-test/target/test-dir/MiniOzoneClusterImpl-b00976b7-23bc-4195-b1b8-a51685bf3827/ozone-meta/datanode-2/meta/webserver/jetty-0_0_0_0-15155-hdds-container-service-1_5_0-SNAPSHOT_jar-_-any-7578904137863828373/webapp/,AVAILABLE}{jar:file:/home/runner/.m2/repository/org/apache/ozone/hdds-container-service/1.5.0-SNAPSHOT/hdds-container-service-1.5.0-SNAPSHOT.jar!/webapps/hddsDatanode}
2024-02-27 07:45:08,182 [main] INFO  server.AbstractConnector (AbstractConnector.java:doStart(333)) - Started ServerConnector@73c0329c{HTTP/1.1, (http/1.1)}{0.0.0.0:15155}
2024-02-27 07:45:08,182 [main] INFO  server.Server (Server.java:doStart(415)) - Started @390890ms
2024-02-27 07:45:08,183 [main] WARN  impl.MetricsSystemImpl (MetricsSystemImpl.java:register(279)) - Sink prometheus already exists!
2024-02-27 07:45:08,183 [main] INFO  http.BaseHttpServer (BaseHttpServer.java:updateConnectorAddress(354)) - HTTP server of hddsDatanode listening at http://0.0.0.0:15155
2024-02-27 07:45:08,183 [main] INFO  ipc.CallQueueManager (CallQueueManager.java:<init>(90)) - Using callQueue: class java.util.concurrent.LinkedBlockingQueue, queueCapacity: 100, scheduler: class org.apache.hadoop.ipc.DefaultRpcScheduler, ipcBackoff: false.
2024-02-27 07:45:08,184 [main] INFO  ipc.Server (Server.java:<init>(1287)) - Listener at 0.0.0.0:15156
2024-02-27 07:45:08,184 [Socket Reader #1 for port 15156] INFO  ipc.Server (Server.java:run(1323)) - Starting Socket Reader #1 for port 15156
2024-02-27 07:45:08,186 [main] INFO  ozone.HddsDatanodeService (HddsDatanodeService.java:start(327)) - Datanode start with admins: [*, runner]
2024-02-27 07:45:08,186 [main] INFO  ozone.HddsDatanodeClientProtocolServer (HddsDatanodeClientProtocolServer.java:start(77)) - RPC server for Client /0.0.0.0:15156
2024-02-27 07:45:08,186 [IPC Server Responder] INFO  ipc.Server (Server.java:run(1562)) - IPC Server Responder: starting
2024-02-27 07:45:08,187 [IPC Server listener on 15156] INFO  ipc.Server (Server.java:run(1402)) - IPC Server listener on 15156: starting
2024-02-27 07:45:08,188 [4d28c94a-4d53-4519-b3c9-3a16e9947616-DatanodeStateMachineDaemonThread] INFO  statemachine.DatanodeStateMachine (DatanodeStateMachine.java:lambda$startDaemon$1(555)) - Ozone container server started.
2024-02-27 07:45:08,189 [main] WARN  dropwizard3.Dm3MetricRegistriesImpl (Dm3MetricRegistriesImpl.java:addReporterRegistration(113)) - New reporters are added after registries were created. Some metrics will be missing from the reporter. Please add reporter before adding any new registry.
2024-02-27 07:45:08,189 [main] WARN  dropwizard3.Dm3MetricRegistriesImpl (Dm3MetricRegistriesImpl.java:addReporterRegistration(113)) - New reporters are added after registries were created. Some metrics will be missing from the reporter. Please add reporter before adding any new registry.
2024-02-27 07:45:08,189 [main] INFO  impl.MetricsSystemImpl (MetricsSystemImpl.java:init(158)) - HddsDatanode metrics system started (again)
2024-02-27 07:45:08,199 [4d28c94a-4d53-4519-b3c9-3a16e9947616-DatanodeStateMachineTaskThread-0] INFO  datanode.InitDatanodeState (InitDatanodeState.java:persistContainerDatanodeDetails(139)) - DatanodeDetails is persisted to /home/runner/work/ozone/ozone/hadoop-ozone/integration-test/target/test-dir/MiniOzoneClusterImpl-b00976b7-23bc-4195-b1b8-a51685bf3827/ozone-meta/datanode-2/meta/datanode.id
2024-02-27 07:45:08,202 [main] INFO  ozone.HddsDatanodeService (HddsDatanodeService.java:start(240)) - HddsDatanodeService host:fv-az699-61.gws2011vpwuupmkks00dozwttg.bx.internal.cloudapp.net ip:10.1.0.19
2024-02-27 07:45:08,224 [main] INFO  upgrade.AbstractLayoutVersionManager (AbstractLayoutVersionManager.java:init(83)) - Initializing Layout version manager with metadata layout = HADOOP_PRC_PORTS_IN_DATANODEDETAILS (version = 7), software layout = HADOOP_PRC_PORTS_IN_DATANODEDETAILS (version = 7)
2024-02-27 07:45:08,225 [main] INFO  statemachine.DatanodeStateMachine (DatanodeStateMachine.java:getEndPointTaskThreadPoolSize(299)) - Datanode State Machine Task Thread Pool size 2
2024-02-27 07:45:08,227 [main] INFO  volume.HddsVolume (HddsVolume.java:<init>(125)) - Creating HddsVolume: /home/runner/work/ozone/ozone/hadoop-ozone/integration-test/target/test-dir/MiniOzoneClusterImpl-b00976b7-23bc-4195-b1b8-a51685bf3827/ozone-meta/datanode-3/data-0/hdds of storage type : DISK capacity : 9223372036854775807
2024-02-27 07:45:08,227 [main] INFO  volume.MutableVolumeSet (MutableVolumeSet.java:initializeVolumeSet(173)) - Added Volume : /home/runner/work/ozone/ozone/hadoop-ozone/integration-test/target/test-dir/MiniOzoneClusterImpl-b00976b7-23bc-4195-b1b8-a51685bf3827/ozone-meta/datanode-3/data-0/hdds to VolumeSet
2024-02-27 07:45:08,227 [main] INFO  volume.MutableVolumeSet (MutableVolumeSet.java:initializeVolumeSet(173)) - Added Volume : /home/runner/work/ozone/ozone/hadoop-ozone/integration-test/target/test-dir/MiniOzoneClusterImpl-b00976b7-23bc-4195-b1b8-a51685bf3827/ozone-meta/datanode-3/ratis to VolumeSet
2024-02-27 07:45:08,228 [main] INFO  ozoneimpl.OzoneContainer (HddsVolumeUtil.java:loadAllHddsVolumeDbStore(103)) - Load 1 volumes DbStore cost: 0ms
2024-02-27 07:45:08,229 [main] INFO  server.RaftServer (ConfUtils.java:logGet(46)) - raft.rpc.type = GRPC (default)
2024-02-27 07:45:08,229 [main] INFO  grpc.GrpcConfigKeys (ConfUtils.java:logFallback(53)) - raft.grpc.admin.host = null (fallback to raft.grpc.server.host)
2024-02-27 07:45:08,229 [main] INFO  grpc.GrpcConfigKeys (ConfUtils.java:logGet(46)) - raft.grpc.admin.port = 15168 (custom)
2024-02-27 07:45:08,229 [main] INFO  grpc.GrpcConfigKeys (ConfUtils.java:logFallback(53)) - raft.grpc.client.host = null (fallback to raft.grpc.server.host)
2024-02-27 07:45:08,229 [main] INFO  grpc.GrpcConfigKeys (ConfUtils.java:logGet(46)) - raft.grpc.client.port = 15167 (custom)
2024-02-27 07:45:08,229 [main] INFO  grpc.GrpcConfigKeys (ConfUtils.java:logGet(46)) - raft.grpc.server.host = null (default)
2024-02-27 07:45:08,230 [main] INFO  grpc.GrpcConfigKeys (ConfUtils.java:logGet(46)) - raft.grpc.server.port = 15169 (custom)
2024-02-27 07:45:08,230 [main] INFO  server.GrpcService (ConfUtils.java:logGet(46)) - raft.grpc.message.size.max = 32MB (=33554432) (custom)
2024-02-27 07:45:08,230 [main] INFO  server.RaftServerConfigKeys (ConfUtils.java:logGet(46)) - raft.server.log.appender.buffer.byte-limit = 8388608 (custom)
2024-02-27 07:45:08,230 [main] INFO  server.GrpcService (ConfUtils.java:logGet(46)) - raft.grpc.flow.control.window = 5MB (=5242880) (custom)
2024-02-27 07:45:08,230 [main] INFO  server.RaftServerConfigKeys (ConfUtils.java:logGet(46)) - raft.server.rpc.request.timeout = 60s (custom)
2024-02-27 07:45:08,230 [main] INFO  grpc.GrpcConfigKeys (ConfUtils.java:logGet(46)) - raft.grpc.server.heartbeat.channel = true (default)
2024-02-27 07:45:08,230 [main] INFO  grpc.GrpcConfigKeys (ConfUtils.java:logGet(46)) - raft.grpc.server.async.request.thread.pool.cached = true (default)
2024-02-27 07:45:08,230 [main] INFO  grpc.GrpcConfigKeys (ConfUtils.java:logGet(46)) - raft.grpc.server.async.request.thread.pool.size = 32 (default)
2024-02-27 07:45:08,232 [main] INFO  impl.DataStreamServerImpl (ConfUtils.java:logGet(46)) - raft.datastream.type = NETTY (custom)
2024-02-27 07:45:08,232 [main] INFO  server.RaftServerConfigKeys (ConfUtils.java:logGet(46)) - raft.server.data-stream.async.request.thread.pool.cached = false (default)
2024-02-27 07:45:08,233 [main] INFO  server.RaftServerConfigKeys (ConfUtils.java:logGet(46)) - raft.server.data-stream.async.request.thread.pool.size = 20 (custom)
2024-02-27 07:45:08,233 [main] INFO  server.RaftServerConfigKeys (ConfUtils.java:logGet(46)) - raft.server.data-stream.async.write.thread.pool.size = 16 (default)
2024-02-27 07:45:08,233 [main] INFO  netty.NettyConfigKeys$DataStream (ConfUtils.java:logGet(46)) - raft.netty.dataStream.server.channel.inactive.grace-period = 10min (default)
2024-02-27 07:45:08,233 [main] INFO  server.RaftServerConfigKeys (ConfUtils.java:logGet(46)) - raft.server.data-stream.client.pool.size = 10 (default)
2024-02-27 07:45:08,233 [main] INFO  netty.NettyConfigKeys$DataStream (ConfUtils.java:logGet(46)) - raft.netty.dataStream.server.use-epoll = true (default)
2024-02-27 07:45:08,233 [main] INFO  netty.NettyConfigKeys$DataStream (ConfUtils.java:logGet(46)) - raft.netty.dataStream.server.boss-group.size = 0 (default)
2024-02-27 07:45:08,233 [main] INFO  netty.NettyUtils (NettyUtils.java:newEventLoopGroup(69)) - Create EpollEventLoopGroup for 165decaf-3465-4b89-9497-27d6560ecac2-NettyServerStreamRpc-bossGroup; Thread size is 0.
2024-02-27 07:45:08,233 [main] INFO  netty.NettyConfigKeys$DataStream (ConfUtils.java:logGet(46)) - raft.netty.dataStream.server.worker-group.size = 0 (default)
2024-02-27 07:45:08,233 [main] INFO  netty.NettyUtils (NettyUtils.java:newEventLoopGroup(69)) - Create EpollEventLoopGroup for 165decaf-3465-4b89-9497-27d6560ecac2-NettyServerStreamRpc-workerGroup; Thread size is 0.
2024-02-27 07:45:08,234 [main] INFO  netty.NettyConfigKeys$DataStream (ConfUtils.java:logGet(46)) - raft.netty.dataStream.server.tls.conf = null (default)
2024-02-27 07:45:08,234 [main] INFO  netty.NettyConfigKeys$DataStream (ConfUtils.java:logGet(46)) - raft.netty.dataStream.host = null (default)
2024-02-27 07:45:08,234 [main] INFO  netty.NettyConfigKeys$DataStream (ConfUtils.java:logGet(46)) - raft.netty.dataStream.port = 15170 (custom)
2024-02-27 07:45:08,234 [main] INFO  server.RaftServerConfigKeys (ConfUtils.java:logGet(46)) - raft.server.sleep.deviation.threshold = 300ms (default)
2024-02-27 07:45:08,234 [main] INFO  server.RaftServerConfigKeys (ConfUtils.java:logGet(46)) - raft.server.close.threshold = 60s (default)
2024-02-27 07:45:08,234 [165decaf-3465-4b89-9497-27d6560ecac2-NettyServerStreamRpc-bossGroup--thread1] INFO  logging.LoggingHandler (AbstractInternalLogger.java:log(148)) - [id: 0x068d0e6c] REGISTERED
2024-02-27 07:45:08,234 [main] INFO  server.RaftServerConfigKeys (ConfUtils.java:logGet(46)) - raft.server.leaderelection.leader.step-down.wait-time = 10s (default)
2024-02-27 07:45:08,235 [165decaf-3465-4b89-9497-27d6560ecac2-NettyServerStreamRpc-bossGroup--thread1] INFO  logging.LoggingHandler (AbstractInternalLogger.java:log(148)) - [id: 0x068d0e6c] BIND: 0.0.0.0/0.0.0.0:15170
2024-02-27 07:45:08,235 [main] INFO  server.RaftServerConfigKeys (ConfUtils.java:logGet(46)) - raft.server.storage.dir = [/home/runner/work/ozone/ozone/hadoop-ozone/integration-test/target/test-dir/MiniOzoneClusterImpl-b00976b7-23bc-4195-b1b8-a51685bf3827/ozone-meta/datanode-3/ratis] (custom)
2024-02-27 07:45:08,235 [165decaf-3465-4b89-9497-27d6560ecac2-NettyServerStreamRpc-bossGroup--thread1] INFO  logging.LoggingHandler (AbstractInternalLogger.java:log(148)) - [id: 0x068d0e6c, L:/0.0.0.0:15170] ACTIVE
2024-02-27 07:45:08,235 [main] INFO  server.RaftServerConfigKeys (ConfUtils.java:logGet(46)) - raft.server.threadpool.proxy.cached = true (default)
2024-02-27 07:45:08,235 [main] INFO  server.RaftServerConfigKeys (ConfUtils.java:logGet(46)) - raft.server.threadpool.proxy.size = 0 (default)
2024-02-27 07:45:08,235 [165decaf-3465-4b89-9497-27d6560ecac2-impl-thread1] INFO  server.RaftServer (RaftServerProxy.java:initGroupDir(264)) - 165decaf-3465-4b89-9497-27d6560ecac2: found a subdirectory /home/runner/work/ozone/ozone/hadoop-ozone/integration-test/target/test-dir/MiniOzoneClusterImpl-b00976b7-23bc-4195-b1b8-a51685bf3827/ozone-meta/datanode-3/ratis/tmp
2024-02-27 07:45:08,236 [165decaf-3465-4b89-9497-27d6560ecac2-impl-thread1] INFO  server.RaftServer (RaftServerProxy.java:initGroupDir(269)) - 165decaf-3465-4b89-9497-27d6560ecac2: The directory /home/runner/work/ozone/ozone/hadoop-ozone/integration-test/target/test-dir/MiniOzoneClusterImpl-b00976b7-23bc-4195-b1b8-a51685bf3827/ozone-meta/datanode-3/ratis/tmp is not a group directory; ignoring it. 
2024-02-27 07:45:08,236 [main] INFO  replication.ReplicationServer (ReplicationServer.java:<init>(86)) - Initializing replication server with thread count = 10 queue length = 4096
2024-02-27 07:45:08,236 [main] INFO  server.XceiverServerGrpc (XceiverServerGrpc.java:<init>(141)) - GrpcServer channel type EpollServerSocketChannel
2024-02-27 07:45:08,238 [main] INFO  replication.ReplicationSupervisor (ReplicationSupervisor.java:build(163)) - Initializing replication supervisor with thread count = 10
2024-02-27 07:45:08,238 [main] INFO  replication.ReplicationSupervisor (ReplicationSupervisor.java:nodeStateUpdated(317)) - Node state updated to IN_SERVICE, scaling executor pool size to 10
2024-02-27 07:45:08,239 [main] INFO  http.BaseHttpServer (BaseHttpServer.java:newHttpServer2BuilderForOzone(223)) - Starting Web-server for hddsDatanode at: http://0.0.0.0:15164
2024-02-27 07:45:08,240 [main] INFO  http.BaseHttpServer (BaseHttpServer.java:<init>(110)) - Hadoop Security Enabled: false Ozone Security Enabled: false Ozone HTTP Security Enabled: false 
2024-02-27 07:45:08,243 [main] WARN  server.AuthenticationFilter (AuthenticationFilter.java:constructSecretProvider(240)) - Unable to initialize FileSignerSecretProvider, falling back to use random secrets. Reason: Could not read signature secret file: /home/runner/hadoop-http-auth-signature-secret
2024-02-27 07:45:08,243 [main] INFO  http.HttpRequestLog (HttpRequestLog.java:getRequestLog(86)) - Http request log for http.requests.hddsDatanode is not defined
2024-02-27 07:45:08,244 [main] INFO  http.HttpServer2 (HttpServer2.java:addGlobalFilter(1036)) - Added global filter 'safety' (class=org.apache.hadoop.hdds.server.http.HttpServer2$QuotingInputFilter)
2024-02-27 07:45:08,245 [main] INFO  http.HttpServer2 (HttpServer2.java:addFilter(1012)) - Added filter static_user_filter (class=org.apache.hadoop.http.lib.StaticUserWebFilter$StaticUserFilter) to context hddsDatanode
2024-02-27 07:45:08,245 [main] INFO  http.HttpServer2 (HttpServer2.java:addFilter(1020)) - Added filter static_user_filter (class=org.apache.hadoop.http.lib.StaticUserWebFilter$StaticUserFilter) to context logs
2024-02-27 07:45:08,245 [main] INFO  http.HttpServer2 (HttpServer2.java:addFilter(1020)) - Added filter static_user_filter (class=org.apache.hadoop.http.lib.StaticUserWebFilter$StaticUserFilter) to context static
2024-02-27 07:45:08,246 [main] INFO  http.BaseHttpServer (BaseHttpServer.java:<init>(189)) - HTTP server of hddsDatanode uses base directory /home/runner/work/ozone/ozone/hadoop-ozone/integration-test/target/test-dir/MiniOzoneClusterImpl-b00976b7-23bc-4195-b1b8-a51685bf3827/ozone-meta/datanode-3/meta/webserver
2024-02-27 07:45:08,246 [main] INFO  http.HttpServer2 (HttpServer2.java:bindListener(1236)) - Jetty bound to port 15164
2024-02-27 07:45:08,246 [main] INFO  server.Server (Server.java:doStart(375)) - jetty-9.4.53.v20231009; built: 2023-10-09T12:29:09.265Z; git: 27bde00a0b95a1d5bbee0eae7984f891d2d0f8c9; jvm 1.8.0_402-b06
2024-02-27 07:45:08,247 [main] INFO  server.session (DefaultSessionIdManager.java:doStart(334)) - DefaultSessionIdManager workerName=node0
2024-02-27 07:45:08,247 [main] INFO  server.session (DefaultSessionIdManager.java:doStart(339)) - No SessionScavenger set, using defaults
2024-02-27 07:45:08,250 [main] INFO  server.session (HouseKeeper.java:startScavenging(132)) - node0 Scavenging every 660000ms
2024-02-27 07:45:08,250 [main] INFO  handler.ContextHandler (ContextHandler.java:doStart(921)) - Started o.e.j.s.ServletContextHandler@a3c65ad{logs,/logs,file:///home/runner/work/ozone/ozone/hadoop-ozone/integration-test/target/log,AVAILABLE}
2024-02-27 07:45:08,251 [main] INFO  handler.ContextHandler (ContextHandler.java:doStart(921)) - Started o.e.j.s.ServletContextHandler@509d26b8{static,/static,jar:file:/home/runner/.m2/repository/org/apache/ozone/hdds-container-service/1.5.0-SNAPSHOT/hdds-container-service-1.5.0-SNAPSHOT.jar!/webapps/static,AVAILABLE}
2024-02-27 07:45:08,295 [main] INFO  handler.ContextHandler (ContextHandler.java:doStart(921)) - Started o.e.j.w.WebAppContext@33ca5297{hddsDatanode,/,file:///home/runner/work/ozone/ozone/hadoop-ozone/integration-test/target/test-dir/MiniOzoneClusterImpl-b00976b7-23bc-4195-b1b8-a51685bf3827/ozone-meta/datanode-3/meta/webserver/jetty-0_0_0_0-15164-hdds-container-service-1_5_0-SNAPSHOT_jar-_-any-4227772827171991545/webapp/,AVAILABLE}{jar:file:/home/runner/.m2/repository/org/apache/ozone/hdds-container-service/1.5.0-SNAPSHOT/hdds-container-service-1.5.0-SNAPSHOT.jar!/webapps/hddsDatanode}
2024-02-27 07:45:08,295 [main] INFO  server.AbstractConnector (AbstractConnector.java:doStart(333)) - Started ServerConnector@69f75ee3{HTTP/1.1, (http/1.1)}{0.0.0.0:15164}
2024-02-27 07:45:08,296 [main] INFO  server.Server (Server.java:doStart(415)) - Started @391004ms
2024-02-27 07:45:08,296 [main] WARN  impl.MetricsSystemImpl (MetricsSystemImpl.java:register(279)) - Sink prometheus already exists!
2024-02-27 07:45:08,296 [main] INFO  http.BaseHttpServer (BaseHttpServer.java:updateConnectorAddress(354)) - HTTP server of hddsDatanode listening at http://0.0.0.0:15164
2024-02-27 07:45:08,296 [main] INFO  ipc.CallQueueManager (CallQueueManager.java:<init>(90)) - Using callQueue: class java.util.concurrent.LinkedBlockingQueue, queueCapacity: 100, scheduler: class org.apache.hadoop.ipc.DefaultRpcScheduler, ipcBackoff: false.
2024-02-27 07:45:08,297 [main] INFO  ipc.Server (Server.java:<init>(1287)) - Listener at 0.0.0.0:15165
2024-02-27 07:45:08,297 [Socket Reader #1 for port 15165] INFO  ipc.Server (Server.java:run(1323)) - Starting Socket Reader #1 for port 15165
2024-02-27 07:45:08,299 [main] INFO  ozone.HddsDatanodeService (HddsDatanodeService.java:start(327)) - Datanode start with admins: [*, runner]
2024-02-27 07:45:08,299 [main] INFO  ozone.HddsDatanodeClientProtocolServer (HddsDatanodeClientProtocolServer.java:start(77)) - RPC server for Client /0.0.0.0:15165
2024-02-27 07:45:08,299 [IPC Server Responder] INFO  ipc.Server (Server.java:run(1562)) - IPC Server Responder: starting
2024-02-27 07:45:08,299 [IPC Server listener on 15165] INFO  ipc.Server (Server.java:run(1402)) - IPC Server listener on 15165: starting
2024-02-27 07:45:08,300 [165decaf-3465-4b89-9497-27d6560ecac2-DatanodeStateMachineDaemonThread] INFO  statemachine.DatanodeStateMachine (DatanodeStateMachine.java:lambda$startDaemon$1(555)) - Ozone container server started.
2024-02-27 07:45:08,300 [main] INFO  ozone.MiniOzoneClusterImpl (MiniOzoneClusterImpl.java:lambda$waitForClusterToBeReady$0(195)) - Waiting for nodes to be ready. Got 0 of 3 DN Heartbeats.
2024-02-27 07:45:08,301 [main] INFO  ozone.MiniOzoneClusterImpl (MiniOzoneClusterImpl.java:lambda$waitForClusterToBeReady$0(198)) - Waiting for cluster to exit safe mode
2024-02-27 07:45:08,301 [main] INFO  ozone.MiniOzoneClusterImpl (MiniOzoneClusterImpl.java:lambda$waitForClusterToBeReady$0(200)) - SCM became leader
2024-02-27 07:45:08,308 [165decaf-3465-4b89-9497-27d6560ecac2-DatanodeStateMachineTaskThread-0] INFO  datanode.InitDatanodeState (InitDatanodeState.java:persistContainerDatanodeDetails(139)) - DatanodeDetails is persisted to /home/runner/work/ozone/ozone/hadoop-ozone/integration-test/target/test-dir/MiniOzoneClusterImpl-b00976b7-23bc-4195-b1b8-a51685bf3827/ozone-meta/datanode-3/meta/datanode.id
2024-02-27 07:45:08,656 [omNode-3@group-523986131536-StateMachineUpdater] INFO  ratis.OzoneManagerStateMachine (OzoneManagerStateMachine.java:notifyConfigurationChanged(200)) - Received Configuration change notification from Ratis. New Peer list:
[id: "omNode-3"
address: "localhost:15144"
startupRole: FOLLOWER
, id: "omNode-1"
address: "localhost:15136"
startupRole: FOLLOWER
, id: "omNode-2"
address: "localhost:15140"
startupRole: FOLLOWER
]
2024-02-27 07:45:08,657 [omNode-2@group-523986131536-StateMachineUpdater] INFO  ratis.OzoneManagerStateMachine (OzoneManagerStateMachine.java:notifyConfigurationChanged(200)) - Received Configuration change notification from Ratis. New Peer list:
[id: "omNode-3"
address: "localhost:15144"
startupRole: FOLLOWER
, id: "omNode-1"
address: "localhost:15136"
startupRole: FOLLOWER
, id: "omNode-2"
address: "localhost:15140"
startupRole: FOLLOWER
]
2024-02-27 07:45:09,302 [main] INFO  ozone.MiniOzoneClusterImpl (MiniOzoneClusterImpl.java:lambda$waitForClusterToBeReady$0(195)) - Waiting for nodes to be ready. Got 0 of 3 DN Heartbeats.
2024-02-27 07:45:09,302 [main] INFO  ozone.MiniOzoneClusterImpl (MiniOzoneClusterImpl.java:lambda$waitForClusterToBeReady$0(198)) - Waiting for cluster to exit safe mode
2024-02-27 07:45:09,302 [main] INFO  ozone.MiniOzoneClusterImpl (MiniOzoneClusterImpl.java:lambda$waitForClusterToBeReady$0(200)) - SCM became leader
2024-02-27 07:45:10,041 [af24d6c8-12f8-4751-8a80-28c60b0258e3-EndpointStateMachineTaskThread-/0.0.0.0:15131-0 ] INFO  utils.DatanodeStoreCache (DatanodeStoreCache.java:addDB(72)) - Added db /home/runner/work/ozone/ozone/hadoop-ozone/integration-test/target/test-dir/MiniOzoneClusterImpl-b00976b7-23bc-4195-b1b8-a51685bf3827/ozone-meta/datanode-1/data-0/hdds/b00976b7-23bc-4195-b1b8-a51685bf3827/DS-6d7acd9e-6d53-4dfa-8149-42905688207a/container.db to cache
2024-02-27 07:45:10,042 [af24d6c8-12f8-4751-8a80-28c60b0258e3-EndpointStateMachineTaskThread-/0.0.0.0:15131-0 ] INFO  volume.HddsVolume (HddsVolume.java:createDbStore(420)) - SchemaV3 db is created and loaded at /home/runner/work/ozone/ozone/hadoop-ozone/integration-test/target/test-dir/MiniOzoneClusterImpl-b00976b7-23bc-4195-b1b8-a51685bf3827/ozone-meta/datanode-1/data-0/hdds/b00976b7-23bc-4195-b1b8-a51685bf3827/DS-6d7acd9e-6d53-4dfa-8149-42905688207a/container.db for volume DS-6d7acd9e-6d53-4dfa-8149-42905688207a
2024-02-27 07:45:10,044 [af24d6c8-12f8-4751-8a80-28c60b0258e3-ContainerReader-0] INFO  ozoneimpl.ContainerReader (ContainerReader.java:readVolume(148)) - Start to verify containers on volume /home/runner/work/ozone/ozone/hadoop-ozone/integration-test/target/test-dir/MiniOzoneClusterImpl-b00976b7-23bc-4195-b1b8-a51685bf3827/ozone-meta/datanode-1/data-0/hdds
2024-02-27 07:45:10,044 [af24d6c8-12f8-4751-8a80-28c60b0258e3-ContainerReader-0] INFO  ozoneimpl.ContainerReader (ContainerReader.java:readVolume(178)) - Finish verifying containers on volume /home/runner/work/ozone/ozone/hadoop-ozone/integration-test/target/test-dir/MiniOzoneClusterImpl-b00976b7-23bc-4195-b1b8-a51685bf3827/ozone-meta/datanode-1/data-0/hdds
2024-02-27 07:45:10,044 [af24d6c8-12f8-4751-8a80-28c60b0258e3-EndpointStateMachineTaskThread-/0.0.0.0:15131-0 ] INFO  ozoneimpl.OzoneContainer (OzoneContainer.java:buildContainerSet(328)) - Build ContainerSet costs 0s
2024-02-27 07:45:10,044 [af24d6c8-12f8-4751-8a80-28c60b0258e3-EndpointStateMachineTaskThread-/0.0.0.0:15131-0 ] INFO  volume.ThrottledAsyncChecker (ThrottledAsyncChecker.java:schedule(141)) - Scheduling a check for /home/runner/work/ozone/ozone/hadoop-ozone/integration-test/target/test-dir/MiniOzoneClusterImpl-b00976b7-23bc-4195-b1b8-a51685bf3827/ozone-meta/datanode-1/data-0/hdds
2024-02-27 07:45:10,045 [af24d6c8-12f8-4751-8a80-28c60b0258e3-EndpointStateMachineTaskThread-/0.0.0.0:15131-0 ] INFO  volume.StorageVolumeChecker (StorageVolumeChecker.java:checkAllVolumes(218)) - Scheduled health check for volume /home/runner/work/ozone/ozone/hadoop-ozone/integration-test/target/test-dir/MiniOzoneClusterImpl-b00976b7-23bc-4195-b1b8-a51685bf3827/ozone-meta/datanode-1/data-0/hdds
2024-02-27 07:45:10,047 [af24d6c8-12f8-4751-8a80-28c60b0258e3-EndpointStateMachineTaskThread-/0.0.0.0:15131-0 ] INFO  volume.ThrottledAsyncChecker (ThrottledAsyncChecker.java:schedule(141)) - Scheduling a check for /home/runner/work/ozone/ozone/hadoop-ozone/integration-test/target/test-dir/MiniOzoneClusterImpl-b00976b7-23bc-4195-b1b8-a51685bf3827/ozone-meta/datanode-1/ratis
2024-02-27 07:45:10,047 [af24d6c8-12f8-4751-8a80-28c60b0258e3-EndpointStateMachineTaskThread-/0.0.0.0:15131-0 ] INFO  volume.StorageVolumeChecker (StorageVolumeChecker.java:checkAllVolumes(218)) - Scheduled health check for volume /home/runner/work/ozone/ozone/hadoop-ozone/integration-test/target/test-dir/MiniOzoneClusterImpl-b00976b7-23bc-4195-b1b8-a51685bf3827/ozone-meta/datanode-1/ratis
2024-02-27 07:45:10,048 [af24d6c8-12f8-4751-8a80-28c60b0258e3-EndpointStateMachineTaskThread-/0.0.0.0:15131-0 ] INFO  ozoneimpl.OzoneContainer (OzoneContainer.java:start(459)) - Attempting to start container services.
2024-02-27 07:45:10,048 [af24d6c8-12f8-4751-8a80-28c60b0258e3-EndpointStateMachineTaskThread-/0.0.0.0:15131-0 ] INFO  ozoneimpl.OzoneContainer (OzoneContainer.java:startContainerScrub(339)) - Scheduled background container scanners and the on-demand container scanner have been disabled.
2024-02-27 07:45:10,049 [af24d6c8-12f8-4751-8a80-28c60b0258e3-EndpointStateMachineTaskThread-/0.0.0.0:15131-0 ] INFO  replication.ReplicationServer (ReplicationServer.java:start(140)) - ReplicationServer is started using port 15153
2024-02-27 07:45:10,049 [af24d6c8-12f8-4751-8a80-28c60b0258e3-EndpointStateMachineTaskThread-/0.0.0.0:15131-0 ] INFO  ratis.XceiverServerRatis (XceiverServerRatis.java:start(566)) - Starting XceiverServerRatis af24d6c8-12f8-4751-8a80-28c60b0258e3
2024-02-27 07:45:10,051 [af24d6c8-12f8-4751-8a80-28c60b0258e3-EndpointStateMachineTaskThread-/0.0.0.0:15131-0 ] INFO  server.RaftServer (RaftServerProxy.java:startImpl(406)) - af24d6c8-12f8-4751-8a80-28c60b0258e3: start RPC server
2024-02-27 07:45:10,051 [af24d6c8-12f8-4751-8a80-28c60b0258e3-EndpointStateMachineTaskThread-/0.0.0.0:15131-0 ] INFO  server.GrpcService (GrpcService.java:startImpl(302)) - af24d6c8-12f8-4751-8a80-28c60b0258e3: GrpcService started, listening on 15149
2024-02-27 07:45:10,053 [af24d6c8-12f8-4751-8a80-28c60b0258e3-EndpointStateMachineTaskThread-/0.0.0.0:15131-0 ] INFO  server.GrpcService (GrpcService.java:startImpl(302)) - af24d6c8-12f8-4751-8a80-28c60b0258e3: GrpcService started, listening on 15151
2024-02-27 07:45:10,054 [af24d6c8-12f8-4751-8a80-28c60b0258e3-EndpointStateMachineTaskThread-/0.0.0.0:15131-0 ] INFO  server.GrpcService (GrpcService.java:startImpl(302)) - af24d6c8-12f8-4751-8a80-28c60b0258e3: GrpcService started, listening on 15150
2024-02-27 07:45:10,054 [af24d6c8-12f8-4751-8a80-28c60b0258e3-EndpointStateMachineTaskThread-/0.0.0.0:15131-0 ] INFO  ratis.XceiverServerRatis (XceiverServerRatis.java:getRealPort(592)) - XceiverServerRatis af24d6c8-12f8-4751-8a80-28c60b0258e3 is started using port 15149 for RATIS
2024-02-27 07:45:10,054 [af24d6c8-12f8-4751-8a80-28c60b0258e3-EndpointStateMachineTaskThread-/0.0.0.0:15131-0 ] INFO  ratis.XceiverServerRatis (XceiverServerRatis.java:getRealPort(592)) - XceiverServerRatis af24d6c8-12f8-4751-8a80-28c60b0258e3 is started using port 15150 for RATIS_ADMIN
2024-02-27 07:45:10,054 [af24d6c8-12f8-4751-8a80-28c60b0258e3-EndpointStateMachineTaskThread-/0.0.0.0:15131-0 ] INFO  ratis.XceiverServerRatis (XceiverServerRatis.java:getRealPort(592)) - XceiverServerRatis af24d6c8-12f8-4751-8a80-28c60b0258e3 is started using port 15151 for RATIS_SERVER
2024-02-27 07:45:10,054 [af24d6c8-12f8-4751-8a80-28c60b0258e3-EndpointStateMachineTaskThread-/0.0.0.0:15131-0 ] INFO  ratis.XceiverServerRatis (XceiverServerRatis.java:getRealPort(592)) - XceiverServerRatis af24d6c8-12f8-4751-8a80-28c60b0258e3 is started using port 15152 for RATIS_DATASTREAM
2024-02-27 07:45:10,054 [JvmPauseMonitor43] INFO  util.JvmPauseMonitor (JvmPauseMonitor.java:run(146)) - JvmPauseMonitor-af24d6c8-12f8-4751-8a80-28c60b0258e3: Started
2024-02-27 07:45:10,056 [af24d6c8-12f8-4751-8a80-28c60b0258e3-BlockDeletingService#0] INFO  interfaces.ContainerDeletionChoosingPolicyTemplate (ContainerDeletionChoosingPolicyTemplate.java:chooseContainerForBlockDeletion(85)) - Chosen 0/5000 blocks from 0 candidate containers.
2024-02-27 07:45:10,216 [4d28c94a-4d53-4519-b3c9-3a16e9947616-EndpointStateMachineTaskThread-/0.0.0.0:15131-0 ] INFO  utils.DatanodeStoreCache (DatanodeStoreCache.java:addDB(72)) - Added db /home/runner/work/ozone/ozone/hadoop-ozone/integration-test/target/test-dir/MiniOzoneClusterImpl-b00976b7-23bc-4195-b1b8-a51685bf3827/ozone-meta/datanode-2/data-0/hdds/b00976b7-23bc-4195-b1b8-a51685bf3827/DS-15d38474-8b25-47c4-93a6-34981376811b/container.db to cache
2024-02-27 07:45:10,216 [4d28c94a-4d53-4519-b3c9-3a16e9947616-EndpointStateMachineTaskThread-/0.0.0.0:15131-0 ] INFO  volume.HddsVolume (HddsVolume.java:createDbStore(420)) - SchemaV3 db is created and loaded at /home/runner/work/ozone/ozone/hadoop-ozone/integration-test/target/test-dir/MiniOzoneClusterImpl-b00976b7-23bc-4195-b1b8-a51685bf3827/ozone-meta/datanode-2/data-0/hdds/b00976b7-23bc-4195-b1b8-a51685bf3827/DS-15d38474-8b25-47c4-93a6-34981376811b/container.db for volume DS-15d38474-8b25-47c4-93a6-34981376811b
2024-02-27 07:45:10,217 [4d28c94a-4d53-4519-b3c9-3a16e9947616-ContainerReader-0] INFO  ozoneimpl.ContainerReader (ContainerReader.java:readVolume(148)) - Start to verify containers on volume /home/runner/work/ozone/ozone/hadoop-ozone/integration-test/target/test-dir/MiniOzoneClusterImpl-b00976b7-23bc-4195-b1b8-a51685bf3827/ozone-meta/datanode-2/data-0/hdds
2024-02-27 07:45:10,217 [4d28c94a-4d53-4519-b3c9-3a16e9947616-ContainerReader-0] INFO  ozoneimpl.ContainerReader (ContainerReader.java:readVolume(178)) - Finish verifying containers on volume /home/runner/work/ozone/ozone/hadoop-ozone/integration-test/target/test-dir/MiniOzoneClusterImpl-b00976b7-23bc-4195-b1b8-a51685bf3827/ozone-meta/datanode-2/data-0/hdds
2024-02-27 07:45:10,217 [4d28c94a-4d53-4519-b3c9-3a16e9947616-EndpointStateMachineTaskThread-/0.0.0.0:15131-0 ] INFO  ozoneimpl.OzoneContainer (OzoneContainer.java:buildContainerSet(328)) - Build ContainerSet costs 0s
2024-02-27 07:45:10,217 [4d28c94a-4d53-4519-b3c9-3a16e9947616-EndpointStateMachineTaskThread-/0.0.0.0:15131-0 ] INFO  volume.ThrottledAsyncChecker (ThrottledAsyncChecker.java:schedule(141)) - Scheduling a check for /home/runner/work/ozone/ozone/hadoop-ozone/integration-test/target/test-dir/MiniOzoneClusterImpl-b00976b7-23bc-4195-b1b8-a51685bf3827/ozone-meta/datanode-2/data-0/hdds
2024-02-27 07:45:10,218 [4d28c94a-4d53-4519-b3c9-3a16e9947616-EndpointStateMachineTaskThread-/0.0.0.0:15131-0 ] INFO  volume.StorageVolumeChecker (StorageVolumeChecker.java:checkAllVolumes(218)) - Scheduled health check for volume /home/runner/work/ozone/ozone/hadoop-ozone/integration-test/target/test-dir/MiniOzoneClusterImpl-b00976b7-23bc-4195-b1b8-a51685bf3827/ozone-meta/datanode-2/data-0/hdds
2024-02-27 07:45:10,220 [4d28c94a-4d53-4519-b3c9-3a16e9947616-EndpointStateMachineTaskThread-/0.0.0.0:15131-0 ] INFO  volume.ThrottledAsyncChecker (ThrottledAsyncChecker.java:schedule(141)) - Scheduling a check for /home/runner/work/ozone/ozone/hadoop-ozone/integration-test/target/test-dir/MiniOzoneClusterImpl-b00976b7-23bc-4195-b1b8-a51685bf3827/ozone-meta/datanode-2/ratis
2024-02-27 07:45:10,220 [4d28c94a-4d53-4519-b3c9-3a16e9947616-EndpointStateMachineTaskThread-/0.0.0.0:15131-0 ] INFO  volume.StorageVolumeChecker (StorageVolumeChecker.java:checkAllVolumes(218)) - Scheduled health check for volume /home/runner/work/ozone/ozone/hadoop-ozone/integration-test/target/test-dir/MiniOzoneClusterImpl-b00976b7-23bc-4195-b1b8-a51685bf3827/ozone-meta/datanode-2/ratis
2024-02-27 07:45:10,221 [4d28c94a-4d53-4519-b3c9-3a16e9947616-EndpointStateMachineTaskThread-/0.0.0.0:15131-0 ] INFO  ozoneimpl.OzoneContainer (OzoneContainer.java:start(459)) - Attempting to start container services.
2024-02-27 07:45:10,222 [4d28c94a-4d53-4519-b3c9-3a16e9947616-EndpointStateMachineTaskThread-/0.0.0.0:15131-0 ] INFO  ozoneimpl.OzoneContainer (OzoneContainer.java:startContainerScrub(339)) - Scheduled background container scanners and the on-demand container scanner have been disabled.
2024-02-27 07:45:10,222 [4d28c94a-4d53-4519-b3c9-3a16e9947616-EndpointStateMachineTaskThread-/0.0.0.0:15131-0 ] INFO  replication.ReplicationServer (ReplicationServer.java:start(140)) - ReplicationServer is started using port 15162
2024-02-27 07:45:10,222 [4d28c94a-4d53-4519-b3c9-3a16e9947616-EndpointStateMachineTaskThread-/0.0.0.0:15131-0 ] INFO  ratis.XceiverServerRatis (XceiverServerRatis.java:start(566)) - Starting XceiverServerRatis 4d28c94a-4d53-4519-b3c9-3a16e9947616
2024-02-27 07:45:10,223 [4d28c94a-4d53-4519-b3c9-3a16e9947616-EndpointStateMachineTaskThread-/0.0.0.0:15131-0 ] INFO  server.RaftServer (RaftServerProxy.java:startImpl(406)) - 4d28c94a-4d53-4519-b3c9-3a16e9947616: start RPC server
2024-02-27 07:45:10,223 [4d28c94a-4d53-4519-b3c9-3a16e9947616-EndpointStateMachineTaskThread-/0.0.0.0:15131-0 ] INFO  server.GrpcService (GrpcService.java:startImpl(302)) - 4d28c94a-4d53-4519-b3c9-3a16e9947616: GrpcService started, listening on 15158
2024-02-27 07:45:10,224 [4d28c94a-4d53-4519-b3c9-3a16e9947616-EndpointStateMachineTaskThread-/0.0.0.0:15131-0 ] INFO  server.GrpcService (GrpcService.java:startImpl(302)) - 4d28c94a-4d53-4519-b3c9-3a16e9947616: GrpcService started, listening on 15160
2024-02-27 07:45:10,225 [4d28c94a-4d53-4519-b3c9-3a16e9947616-EndpointStateMachineTaskThread-/0.0.0.0:15131-0 ] INFO  server.GrpcService (GrpcService.java:startImpl(302)) - 4d28c94a-4d53-4519-b3c9-3a16e9947616: GrpcService started, listening on 15159
2024-02-27 07:45:10,225 [4d28c94a-4d53-4519-b3c9-3a16e9947616-EndpointStateMachineTaskThread-/0.0.0.0:15131-0 ] INFO  ratis.XceiverServerRatis (XceiverServerRatis.java:getRealPort(592)) - XceiverServerRatis 4d28c94a-4d53-4519-b3c9-3a16e9947616 is started using port 15158 for RATIS
2024-02-27 07:45:10,225 [JvmPauseMonitor44] INFO  util.JvmPauseMonitor (JvmPauseMonitor.java:run(146)) - JvmPauseMonitor-4d28c94a-4d53-4519-b3c9-3a16e9947616: Started
2024-02-27 07:45:10,225 [4d28c94a-4d53-4519-b3c9-3a16e9947616-EndpointStateMachineTaskThread-/0.0.0.0:15131-0 ] INFO  ratis.XceiverServerRatis (XceiverServerRatis.java:getRealPort(592)) - XceiverServerRatis 4d28c94a-4d53-4519-b3c9-3a16e9947616 is started using port 15159 for RATIS_ADMIN
2024-02-27 07:45:10,225 [4d28c94a-4d53-4519-b3c9-3a16e9947616-EndpointStateMachineTaskThread-/0.0.0.0:15131-0 ] INFO  ratis.XceiverServerRatis (XceiverServerRatis.java:getRealPort(592)) - XceiverServerRatis 4d28c94a-4d53-4519-b3c9-3a16e9947616 is started using port 15160 for RATIS_SERVER
2024-02-27 07:45:10,225 [4d28c94a-4d53-4519-b3c9-3a16e9947616-EndpointStateMachineTaskThread-/0.0.0.0:15131-0 ] INFO  ratis.XceiverServerRatis (XceiverServerRatis.java:getRealPort(592)) - XceiverServerRatis 4d28c94a-4d53-4519-b3c9-3a16e9947616 is started using port 15161 for RATIS_DATASTREAM
2024-02-27 07:45:10,227 [4d28c94a-4d53-4519-b3c9-3a16e9947616-BlockDeletingService#0] INFO  interfaces.ContainerDeletionChoosingPolicyTemplate (ContainerDeletionChoosingPolicyTemplate.java:chooseContainerForBlockDeletion(85)) - Chosen 0/5000 blocks from 0 candidate containers.
2024-02-27 07:45:10,302 [main] INFO  ozone.MiniOzoneClusterImpl (MiniOzoneClusterImpl.java:lambda$waitForClusterToBeReady$0(195)) - Waiting for nodes to be ready. Got 0 of 3 DN Heartbeats.
2024-02-27 07:45:10,302 [main] INFO  ozone.MiniOzoneClusterImpl (MiniOzoneClusterImpl.java:lambda$waitForClusterToBeReady$0(198)) - Waiting for cluster to exit safe mode
2024-02-27 07:45:10,302 [main] INFO  ozone.MiniOzoneClusterImpl (MiniOzoneClusterImpl.java:lambda$waitForClusterToBeReady$0(200)) - SCM became leader
2024-02-27 07:45:10,326 [165decaf-3465-4b89-9497-27d6560ecac2-EndpointStateMachineTaskThread-/0.0.0.0:15131-0 ] INFO  utils.DatanodeStoreCache (DatanodeStoreCache.java:addDB(72)) - Added db /home/runner/work/ozone/ozone/hadoop-ozone/integration-test/target/test-dir/MiniOzoneClusterImpl-b00976b7-23bc-4195-b1b8-a51685bf3827/ozone-meta/datanode-3/data-0/hdds/b00976b7-23bc-4195-b1b8-a51685bf3827/DS-30696ab5-4c15-4a28-b1ef-cbd944acf238/container.db to cache
2024-02-27 07:45:10,326 [165decaf-3465-4b89-9497-27d6560ecac2-EndpointStateMachineTaskThread-/0.0.0.0:15131-0 ] INFO  volume.HddsVolume (HddsVolume.java:createDbStore(420)) - SchemaV3 db is created and loaded at /home/runner/work/ozone/ozone/hadoop-ozone/integration-test/target/test-dir/MiniOzoneClusterImpl-b00976b7-23bc-4195-b1b8-a51685bf3827/ozone-meta/datanode-3/data-0/hdds/b00976b7-23bc-4195-b1b8-a51685bf3827/DS-30696ab5-4c15-4a28-b1ef-cbd944acf238/container.db for volume DS-30696ab5-4c15-4a28-b1ef-cbd944acf238
2024-02-27 07:45:10,328 [165decaf-3465-4b89-9497-27d6560ecac2-ContainerReader-0] INFO  ozoneimpl.ContainerReader (ContainerReader.java:readVolume(148)) - Start to verify containers on volume /home/runner/work/ozone/ozone/hadoop-ozone/integration-test/target/test-dir/MiniOzoneClusterImpl-b00976b7-23bc-4195-b1b8-a51685bf3827/ozone-meta/datanode-3/data-0/hdds
2024-02-27 07:45:10,328 [165decaf-3465-4b89-9497-27d6560ecac2-ContainerReader-0] INFO  ozoneimpl.ContainerReader (ContainerReader.java:readVolume(178)) - Finish verifying containers on volume /home/runner/work/ozone/ozone/hadoop-ozone/integration-test/target/test-dir/MiniOzoneClusterImpl-b00976b7-23bc-4195-b1b8-a51685bf3827/ozone-meta/datanode-3/data-0/hdds
2024-02-27 07:45:10,328 [165decaf-3465-4b89-9497-27d6560ecac2-EndpointStateMachineTaskThread-/0.0.0.0:15131-0 ] INFO  ozoneimpl.OzoneContainer (OzoneContainer.java:buildContainerSet(328)) - Build ContainerSet costs 0s
2024-02-27 07:45:10,328 [165decaf-3465-4b89-9497-27d6560ecac2-EndpointStateMachineTaskThread-/0.0.0.0:15131-0 ] INFO  volume.ThrottledAsyncChecker (ThrottledAsyncChecker.java:schedule(141)) - Scheduling a check for /home/runner/work/ozone/ozone/hadoop-ozone/integration-test/target/test-dir/MiniOzoneClusterImpl-b00976b7-23bc-4195-b1b8-a51685bf3827/ozone-meta/datanode-3/data-0/hdds
2024-02-27 07:45:10,328 [165decaf-3465-4b89-9497-27d6560ecac2-EndpointStateMachineTaskThread-/0.0.0.0:15131-0 ] INFO  volume.StorageVolumeChecker (StorageVolumeChecker.java:checkAllVolumes(218)) - Scheduled health check for volume /home/runner/work/ozone/ozone/hadoop-ozone/integration-test/target/test-dir/MiniOzoneClusterImpl-b00976b7-23bc-4195-b1b8-a51685bf3827/ozone-meta/datanode-3/data-0/hdds
2024-02-27 07:45:10,331 [165decaf-3465-4b89-9497-27d6560ecac2-EndpointStateMachineTaskThread-/0.0.0.0:15131-0 ] INFO  volume.ThrottledAsyncChecker (ThrottledAsyncChecker.java:schedule(141)) - Scheduling a check for /home/runner/work/ozone/ozone/hadoop-ozone/integration-test/target/test-dir/MiniOzoneClusterImpl-b00976b7-23bc-4195-b1b8-a51685bf3827/ozone-meta/datanode-3/ratis
2024-02-27 07:45:10,331 [165decaf-3465-4b89-9497-27d6560ecac2-EndpointStateMachineTaskThread-/0.0.0.0:15131-0 ] INFO  volume.StorageVolumeChecker (StorageVolumeChecker.java:checkAllVolumes(218)) - Scheduled health check for volume /home/runner/work/ozone/ozone/hadoop-ozone/integration-test/target/test-dir/MiniOzoneClusterImpl-b00976b7-23bc-4195-b1b8-a51685bf3827/ozone-meta/datanode-3/ratis
2024-02-27 07:45:10,332 [165decaf-3465-4b89-9497-27d6560ecac2-EndpointStateMachineTaskThread-/0.0.0.0:15131-0 ] INFO  ozoneimpl.OzoneContainer (OzoneContainer.java:start(459)) - Attempting to start container services.
2024-02-27 07:45:10,332 [165decaf-3465-4b89-9497-27d6560ecac2-EndpointStateMachineTaskThread-/0.0.0.0:15131-0 ] INFO  ozoneimpl.OzoneContainer (OzoneContainer.java:startContainerScrub(339)) - Scheduled background container scanners and the on-demand container scanner have been disabled.
2024-02-27 07:45:10,333 [165decaf-3465-4b89-9497-27d6560ecac2-EndpointStateMachineTaskThread-/0.0.0.0:15131-0 ] INFO  replication.ReplicationServer (ReplicationServer.java:start(140)) - ReplicationServer is started using port 15171
2024-02-27 07:45:10,333 [165decaf-3465-4b89-9497-27d6560ecac2-EndpointStateMachineTaskThread-/0.0.0.0:15131-0 ] INFO  ratis.XceiverServerRatis (XceiverServerRatis.java:start(566)) - Starting XceiverServerRatis 165decaf-3465-4b89-9497-27d6560ecac2
2024-02-27 07:45:10,333 [165decaf-3465-4b89-9497-27d6560ecac2-EndpointStateMachineTaskThread-/0.0.0.0:15131-0 ] INFO  server.RaftServer (RaftServerProxy.java:startImpl(406)) - 165decaf-3465-4b89-9497-27d6560ecac2: start RPC server
2024-02-27 07:45:10,334 [165decaf-3465-4b89-9497-27d6560ecac2-EndpointStateMachineTaskThread-/0.0.0.0:15131-0 ] INFO  server.GrpcService (GrpcService.java:startImpl(302)) - 165decaf-3465-4b89-9497-27d6560ecac2: GrpcService started, listening on 15167
2024-02-27 07:45:10,337 [165decaf-3465-4b89-9497-27d6560ecac2-EndpointStateMachineTaskThread-/0.0.0.0:15131-0 ] INFO  server.GrpcService (GrpcService.java:startImpl(302)) - 165decaf-3465-4b89-9497-27d6560ecac2: GrpcService started, listening on 15169
2024-02-27 07:45:10,338 [165decaf-3465-4b89-9497-27d6560ecac2-EndpointStateMachineTaskThread-/0.0.0.0:15131-0 ] INFO  server.GrpcService (GrpcService.java:startImpl(302)) - 165decaf-3465-4b89-9497-27d6560ecac2: GrpcService started, listening on 15168
2024-02-27 07:45:10,338 [165decaf-3465-4b89-9497-27d6560ecac2-EndpointStateMachineTaskThread-/0.0.0.0:15131-0 ] INFO  ratis.XceiverServerRatis (XceiverServerRatis.java:getRealPort(592)) - XceiverServerRatis 165decaf-3465-4b89-9497-27d6560ecac2 is started using port 15167 for RATIS
2024-02-27 07:45:10,338 [JvmPauseMonitor45] INFO  util.JvmPauseMonitor (JvmPauseMonitor.java:run(146)) - JvmPauseMonitor-165decaf-3465-4b89-9497-27d6560ecac2: Started
2024-02-27 07:45:10,338 [165decaf-3465-4b89-9497-27d6560ecac2-EndpointStateMachineTaskThread-/0.0.0.0:15131-0 ] INFO  ratis.XceiverServerRatis (XceiverServerRatis.java:getRealPort(592)) - XceiverServerRatis 165decaf-3465-4b89-9497-27d6560ecac2 is started using port 15168 for RATIS_ADMIN
2024-02-27 07:45:10,338 [165decaf-3465-4b89-9497-27d6560ecac2-EndpointStateMachineTaskThread-/0.0.0.0:15131-0 ] INFO  ratis.XceiverServerRatis (XceiverServerRatis.java:getRealPort(592)) - XceiverServerRatis 165decaf-3465-4b89-9497-27d6560ecac2 is started using port 15169 for RATIS_SERVER
2024-02-27 07:45:10,338 [165decaf-3465-4b89-9497-27d6560ecac2-EndpointStateMachineTaskThread-/0.0.0.0:15131-0 ] INFO  ratis.XceiverServerRatis (XceiverServerRatis.java:getRealPort(592)) - XceiverServerRatis 165decaf-3465-4b89-9497-27d6560ecac2 is started using port 15170 for RATIS_DATASTREAM
2024-02-27 07:45:10,341 [165decaf-3465-4b89-9497-27d6560ecac2-BlockDeletingService#0] INFO  interfaces.ContainerDeletionChoosingPolicyTemplate (ContainerDeletionChoosingPolicyTemplate.java:chooseContainerForBlockDeletion(85)) - Chosen 0/5000 blocks from 0 candidate containers.
2024-02-27 07:45:11,303 [main] INFO  ozone.MiniOzoneClusterImpl (MiniOzoneClusterImpl.java:lambda$waitForClusterToBeReady$0(195)) - Waiting for nodes to be ready. Got 0 of 3 DN Heartbeats.
2024-02-27 07:45:11,303 [main] INFO  ozone.MiniOzoneClusterImpl (MiniOzoneClusterImpl.java:lambda$waitForClusterToBeReady$0(198)) - Waiting for cluster to exit safe mode
2024-02-27 07:45:11,303 [main] INFO  ozone.MiniOzoneClusterImpl (MiniOzoneClusterImpl.java:lambda$waitForClusterToBeReady$0(200)) - SCM became leader
2024-02-27 07:45:12,017 [IPC Server handler 0 on default port 15131] INFO  net.NetworkTopologyImpl (NetworkTopologyImpl.java:add(124)) - Added a new node: /default-rack/af24d6c8-12f8-4751-8a80-28c60b0258e3
2024-02-27 07:45:12,017 [IPC Server handler 0 on default port 15131] INFO  node.SCMNodeManager (SCMNodeManager.java:register(421)) - Registered datanode: af24d6c8-12f8-4751-8a80-28c60b0258e3{ip: 10.1.0.19, host: fv-az699-61.gws2011vpwuupmkks00dozwttg.bx.internal.cloudapp.net, ports: [HTTP=15146, CLIENT_RPC=15147, REPLICATION=15153, RATIS=15149, RATIS_ADMIN=15150, RATIS_SERVER=15151, RATIS_DATASTREAM=15152, STANDALONE=15148], networkLocation: /default-rack, certSerialId: null, persistedOpState: null, persistedOpStateExpiryEpochSec: 0}
2024-02-27 07:45:12,020 [EventQueue-NewNodeForNewNodeHandler] INFO  pipeline.BackgroundPipelineCreator (BackgroundPipelineCreator.java:notifyEventTriggered(280)) - trigger a one-shot run on RatisPipelineUtilsThread.
2024-02-27 07:45:12,020 [RatisPipelineUtilsThread-0] INFO  pipeline.RatisPipelineProvider (RatisPipelineProvider.java:lambda$create$0(205)) - Sending CreatePipelineCommand for pipeline:PipelineID=724c74aa-4253-4b11-b6ec-9a94a284b98c to datanode:af24d6c8-12f8-4751-8a80-28c60b0258e3
2024-02-27 07:45:12,020 [EventQueue-NodeRegistrationContainerReportForDataNodeSafeModeRule] INFO  safemode.SCMSafeModeManager (DataNodeSafeModeRule.java:process(71)) - SCM in safe mode. 1 DataNodes registered, 3 required.
2024-02-27 07:45:12,020 [EventQueue-NodeRegistrationContainerReportForContainerSafeModeRule] INFO  safemode.SCMSafeModeManager (SCMSafeModeManager.java:validateSafeModeExitRules(200)) - ContainerSafeModeRule rule is successfully validated
2024-02-27 07:45:12,025 [EventQueue-PipelineReportForOneReplicaPipelineSafeModeRule] INFO  safemode.SCMSafeModeManager (SCMSafeModeManager.java:validateSafeModeExitRules(200)) - AtleastOneDatanodeReportedRule rule is successfully validated
2024-02-27 07:45:12,028 [RatisPipelineUtilsThread-0] INFO  pipeline.BackgroundPipelineCreator (BackgroundPipelineCreator.java:createPipelines(236)) - Created new pipeline Pipeline[ Id: 724c74aa-4253-4b11-b6ec-9a94a284b98c, Nodes: af24d6c8-12f8-4751-8a80-28c60b0258e3(fv-az699-61.gws2011vpwuupmkks00dozwttg.bx.internal.cloudapp.net/10.1.0.19), ReplicationConfig: RATIS/ONE, State:ALLOCATED, leaderId:, CreationTimestamp2024-02-27T07:45:12.020Z[Etc/UTC]]
2024-02-27 07:45:12,192 [IPC Server handler 1 on default port 15131] INFO  net.NetworkTopologyImpl (NetworkTopologyImpl.java:add(124)) - Added a new node: /default-rack/4d28c94a-4d53-4519-b3c9-3a16e9947616
2024-02-27 07:45:12,193 [IPC Server handler 1 on default port 15131] INFO  node.SCMNodeManager (SCMNodeManager.java:register(421)) - Registered datanode: 4d28c94a-4d53-4519-b3c9-3a16e9947616{ip: 10.1.0.19, host: fv-az699-61.gws2011vpwuupmkks00dozwttg.bx.internal.cloudapp.net, ports: [HTTP=15155, CLIENT_RPC=15156, REPLICATION=15162, RATIS=15158, RATIS_ADMIN=15159, RATIS_SERVER=15160, RATIS_DATASTREAM=15161, STANDALONE=15157], networkLocation: /default-rack, certSerialId: null, persistedOpState: null, persistedOpStateExpiryEpochSec: 0}
2024-02-27 07:45:12,194 [EventQueue-NewNodeForNewNodeHandler] INFO  pipeline.BackgroundPipelineCreator (BackgroundPipelineCreator.java:notifyEventTriggered(280)) - trigger a one-shot run on RatisPipelineUtilsThread.
2024-02-27 07:45:12,194 [EventQueue-NodeRegistrationContainerReportForDataNodeSafeModeRule] INFO  safemode.SCMSafeModeManager (DataNodeSafeModeRule.java:process(71)) - SCM in safe mode. 2 DataNodes registered, 3 required.
2024-02-27 07:45:12,194 [RatisPipelineUtilsThread-0] INFO  pipeline.RatisPipelineProvider (RatisPipelineProvider.java:lambda$create$0(205)) - Sending CreatePipelineCommand for pipeline:PipelineID=a649e33b-7983-4b14-b413-19e9f708e6bc to datanode:4d28c94a-4d53-4519-b3c9-3a16e9947616
2024-02-27 07:45:12,195 [RatisPipelineUtilsThread-0] INFO  pipeline.BackgroundPipelineCreator (BackgroundPipelineCreator.java:createPipelines(236)) - Created new pipeline Pipeline[ Id: a649e33b-7983-4b14-b413-19e9f708e6bc, Nodes: 4d28c94a-4d53-4519-b3c9-3a16e9947616(fv-az699-61.gws2011vpwuupmkks00dozwttg.bx.internal.cloudapp.net/10.1.0.19), ReplicationConfig: RATIS/ONE, State:ALLOCATED, leaderId:, CreationTimestamp2024-02-27T07:45:12.194Z[Etc/UTC]]
2024-02-27 07:45:12,303 [IPC Server handler 2 on default port 15131] INFO  net.NetworkTopologyImpl (NetworkTopologyImpl.java:add(124)) - Added a new node: /default-rack/165decaf-3465-4b89-9497-27d6560ecac2
2024-02-27 07:45:12,303 [IPC Server handler 2 on default port 15131] INFO  node.SCMNodeManager (SCMNodeManager.java:register(421)) - Registered datanode: 165decaf-3465-4b89-9497-27d6560ecac2{ip: 10.1.0.19, host: fv-az699-61.gws2011vpwuupmkks00dozwttg.bx.internal.cloudapp.net, ports: [HTTP=15164, CLIENT_RPC=15165, REPLICATION=15171, RATIS=15167, RATIS_ADMIN=15168, RATIS_SERVER=15169, RATIS_DATASTREAM=15170, STANDALONE=15166], networkLocation: /default-rack, certSerialId: null, persistedOpState: null, persistedOpStateExpiryEpochSec: 0}
2024-02-27 07:45:12,304 [EventQueue-NodeRegistrationContainerReportForDataNodeSafeModeRule] INFO  safemode.SCMSafeModeManager (DataNodeSafeModeRule.java:process(71)) - SCM in safe mode. 3 DataNodes registered, 3 required.
2024-02-27 07:45:12,304 [EventQueue-NodeRegistrationContainerReportForDataNodeSafeModeRule] INFO  safemode.SCMSafeModeManager (SCMSafeModeManager.java:validateSafeModeExitRules(200)) - DataNodeSafeModeRule rule is successfully validated
2024-02-27 07:45:12,304 [EventQueue-NodeRegistrationContainerReportForDataNodeSafeModeRule] INFO  safemode.SCMSafeModeManager (SCMSafeModeManager.java:completePreCheck(229)) - All SCM safe mode pre check rules have passed
2024-02-27 07:45:12,304 [EventQueue-NodeRegistrationContainerReportForDataNodeSafeModeRule] INFO  ha.SCMContext (SCMContext.java:updateSafeModeStatus(225)) - Update SafeModeStatus from SafeModeStatus{safeModeStatus=true, preCheckPassed=false} to SafeModeStatus{safeModeStatus=true, preCheckPassed=true}.
2024-02-27 07:45:12,304 [EventQueue-NodeRegistrationContainerReportForDataNodeSafeModeRule] INFO  pipeline.BackgroundPipelineCreator (BackgroundPipelineCreator.java:notifyEventTriggered(280)) - trigger a one-shot run on RatisPipelineUtilsThread.
2024-02-27 07:45:12,304 [RatisPipelineUtilsThread-0] INFO  pipeline.RatisPipelineProvider (RatisPipelineProvider.java:lambda$create$0(205)) - Sending CreatePipelineCommand for pipeline:PipelineID=cfdf2ef5-aae1-4404-a905-3c2d876152d2 to datanode:165decaf-3465-4b89-9497-27d6560ecac2
2024-02-27 07:45:12,305 [main] INFO  ozone.MiniOzoneClusterImpl (MiniOzoneClusterImpl.java:lambda$waitForClusterToBeReady$0(195)) - Nodes are ready. Got 3 of 3 DN Heartbeats.
2024-02-27 07:45:12,305 [main] INFO  ozone.MiniOzoneClusterImpl (MiniOzoneClusterImpl.java:lambda$waitForClusterToBeReady$0(198)) - Waiting for cluster to exit safe mode
2024-02-27 07:45:12,305 [main] INFO  ozone.MiniOzoneClusterImpl (MiniOzoneClusterImpl.java:lambda$waitForClusterToBeReady$0(200)) - SCM became leader
2024-02-27 07:45:12,305 [EventQueue-NewNodeForNewNodeHandler] INFO  pipeline.BackgroundPipelineCreator (BackgroundPipelineCreator.java:notifyEventTriggered(280)) - trigger a one-shot run on RatisPipelineUtilsThread.
2024-02-27 07:45:12,305 [RatisPipelineUtilsThread-0] INFO  pipeline.BackgroundPipelineCreator (BackgroundPipelineCreator.java:createPipelines(236)) - Created new pipeline Pipeline[ Id: cfdf2ef5-aae1-4404-a905-3c2d876152d2, Nodes: 165decaf-3465-4b89-9497-27d6560ecac2(fv-az699-61.gws2011vpwuupmkks00dozwttg.bx.internal.cloudapp.net/10.1.0.19), ReplicationConfig: RATIS/ONE, State:ALLOCATED, leaderId:, CreationTimestamp2024-02-27T07:45:12.304Z[Etc/UTC]]
2024-02-27 07:45:12,305 [RatisPipelineUtilsThread-0] INFO  pipeline.RatisPipelineProvider (RatisPipelineProvider.java:lambda$create$0(205)) - Sending CreatePipelineCommand for pipeline:PipelineID=0288776f-0b9d-4911-a9ef-169102e84844 to datanode:af24d6c8-12f8-4751-8a80-28c60b0258e3
2024-02-27 07:45:12,305 [RatisPipelineUtilsThread-0] INFO  pipeline.RatisPipelineProvider (RatisPipelineProvider.java:lambda$create$0(205)) - Sending CreatePipelineCommand for pipeline:PipelineID=0288776f-0b9d-4911-a9ef-169102e84844 to datanode:165decaf-3465-4b89-9497-27d6560ecac2
2024-02-27 07:45:12,306 [RatisPipelineUtilsThread-0] INFO  pipeline.RatisPipelineProvider (RatisPipelineProvider.java:lambda$create$0(205)) - Sending CreatePipelineCommand for pipeline:PipelineID=0288776f-0b9d-4911-a9ef-169102e84844 to datanode:4d28c94a-4d53-4519-b3c9-3a16e9947616
2024-02-27 07:45:12,306 [RatisPipelineUtilsThread-0] INFO  pipeline.BackgroundPipelineCreator (BackgroundPipelineCreator.java:createPipelines(236)) - Created new pipeline Pipeline[ Id: 0288776f-0b9d-4911-a9ef-169102e84844, Nodes: af24d6c8-12f8-4751-8a80-28c60b0258e3(fv-az699-61.gws2011vpwuupmkks00dozwttg.bx.internal.cloudapp.net/10.1.0.19)165decaf-3465-4b89-9497-27d6560ecac2(fv-az699-61.gws2011vpwuupmkks00dozwttg.bx.internal.cloudapp.net/10.1.0.19)4d28c94a-4d53-4519-b3c9-3a16e9947616(fv-az699-61.gws2011vpwuupmkks00dozwttg.bx.internal.cloudapp.net/10.1.0.19), ReplicationConfig: RATIS/THREE, State:ALLOCATED, leaderId:, CreationTimestamp2024-02-27T07:45:12.305Z[Etc/UTC]]
2024-02-27 07:45:12,306 [RatisPipelineUtilsThread-0] INFO  pipeline.RatisPipelineProvider (RatisPipelineProvider.java:lambda$create$0(205)) - Sending CreatePipelineCommand for pipeline:PipelineID=43d9d58e-06d6-49fa-b4cc-0f56344fbe05 to datanode:af24d6c8-12f8-4751-8a80-28c60b0258e3
2024-02-27 07:45:12,306 [RatisPipelineUtilsThread-0] INFO  pipeline.RatisPipelineProvider (RatisPipelineProvider.java:lambda$create$0(205)) - Sending CreatePipelineCommand for pipeline:PipelineID=43d9d58e-06d6-49fa-b4cc-0f56344fbe05 to datanode:4d28c94a-4d53-4519-b3c9-3a16e9947616
2024-02-27 07:45:12,306 [RatisPipelineUtilsThread-0] INFO  pipeline.RatisPipelineProvider (RatisPipelineProvider.java:lambda$create$0(205)) - Sending CreatePipelineCommand for pipeline:PipelineID=43d9d58e-06d6-49fa-b4cc-0f56344fbe05 to datanode:165decaf-3465-4b89-9497-27d6560ecac2
2024-02-27 07:45:12,307 [RatisPipelineUtilsThread-0] INFO  pipeline.PipelineManagerImpl (PipelineManagerImpl.java:recordMetricsForPipeline(916)) - Pipeline: PipelineID=43d9d58e-06d6-49fa-b4cc-0f56344fbe05 contains same datanodes as previous pipelines: PipelineID=0288776f-0b9d-4911-a9ef-169102e84844 nodeIds: af24d6c8-12f8-4751-8a80-28c60b0258e3, 4d28c94a-4d53-4519-b3c9-3a16e9947616, 165decaf-3465-4b89-9497-27d6560ecac2
2024-02-27 07:45:12,307 [RatisPipelineUtilsThread-0] INFO  pipeline.BackgroundPipelineCreator (BackgroundPipelineCreator.java:createPipelines(236)) - Created new pipeline Pipeline[ Id: 43d9d58e-06d6-49fa-b4cc-0f56344fbe05, Nodes: af24d6c8-12f8-4751-8a80-28c60b0258e3(fv-az699-61.gws2011vpwuupmkks00dozwttg.bx.internal.cloudapp.net/10.1.0.19)4d28c94a-4d53-4519-b3c9-3a16e9947616(fv-az699-61.gws2011vpwuupmkks00dozwttg.bx.internal.cloudapp.net/10.1.0.19)165decaf-3465-4b89-9497-27d6560ecac2(fv-az699-61.gws2011vpwuupmkks00dozwttg.bx.internal.cloudapp.net/10.1.0.19), ReplicationConfig: RATIS/THREE, State:ALLOCATED, leaderId:, CreationTimestamp2024-02-27T07:45:12.306Z[Etc/UTC]]
2024-02-27 07:45:13,305 [main] INFO  ozone.MiniOzoneClusterImpl (MiniOzoneClusterImpl.java:lambda$waitForClusterToBeReady$0(195)) - Nodes are ready. Got 3 of 3 DN Heartbeats.
2024-02-27 07:45:13,305 [main] INFO  ozone.MiniOzoneClusterImpl (MiniOzoneClusterImpl.java:lambda$waitForClusterToBeReady$0(198)) - Waiting for cluster to exit safe mode
2024-02-27 07:45:13,305 [main] INFO  ozone.MiniOzoneClusterImpl (MiniOzoneClusterImpl.java:lambda$waitForClusterToBeReady$0(200)) - SCM became leader
2024-02-27 07:45:14,306 [main] INFO  ozone.MiniOzoneClusterImpl (MiniOzoneClusterImpl.java:lambda$waitForClusterToBeReady$0(195)) - Nodes are ready. Got 3 of 3 DN Heartbeats.
2024-02-27 07:45:14,306 [main] INFO  ozone.MiniOzoneClusterImpl (MiniOzoneClusterImpl.java:lambda$waitForClusterToBeReady$0(198)) - Waiting for cluster to exit safe mode
2024-02-27 07:45:14,306 [main] INFO  ozone.MiniOzoneClusterImpl (MiniOzoneClusterImpl.java:lambda$waitForClusterToBeReady$0(200)) - SCM became leader
2024-02-27 07:45:15,018 [af24d6c8-12f8-4751-8a80-28c60b0258e3-PipelineCommandHandlerThread-0] INFO  server.RaftServer (RaftServerProxy.java:addNew(100)) - af24d6c8-12f8-4751-8a80-28c60b0258e3: addNew group-9A94A284B98C:[af24d6c8-12f8-4751-8a80-28c60b0258e3|10.1.0.19:15151] returns group-9A94A284B98C:java.util.concurrent.CompletableFuture@2c07b96d[Not completed]
2024-02-27 07:45:15,019 [af24d6c8-12f8-4751-8a80-28c60b0258e3-groupManagement] INFO  server.RaftServer$Division (RaftServerImpl.java:<init>(256)) - af24d6c8-12f8-4751-8a80-28c60b0258e3: new RaftServerImpl for group-9A94A284B98C:[af24d6c8-12f8-4751-8a80-28c60b0258e3|10.1.0.19:15151] with ContainerStateMachine:uninitialized
2024-02-27 07:45:15,019 [af24d6c8-12f8-4751-8a80-28c60b0258e3-groupManagement] INFO  server.RaftServerConfigKeys (ConfUtils.java:logGet(46)) - raft.server.rpc.timeout.min = 5s (custom)
2024-02-27 07:45:15,019 [af24d6c8-12f8-4751-8a80-28c60b0258e3-groupManagement] INFO  server.RaftServerConfigKeys (ConfUtils.java:logGet(46)) - raft.server.rpc.timeout.max = 5200ms (custom)
2024-02-27 07:45:15,019 [af24d6c8-12f8-4751-8a80-28c60b0258e3-groupManagement] INFO  server.RaftServerConfigKeys (ConfUtils.java:logGet(46)) - raft.server.rpc.sleep.time = 25ms (default)
2024-02-27 07:45:15,019 [af24d6c8-12f8-4751-8a80-28c60b0258e3-groupManagement] INFO  server.RaftServerConfigKeys (ConfUtils.java:logGet(46)) - raft.server.rpc.slowness.timeout = 300s (custom)
2024-02-27 07:45:15,019 [af24d6c8-12f8-4751-8a80-28c60b0258e3-groupManagement] INFO  server.RaftServerConfigKeys (ConfUtils.java:logGet(46)) - raft.server.leaderelection.leader.step-down.wait-time = 10s (default)
2024-02-27 07:45:15,019 [af24d6c8-12f8-4751-8a80-28c60b0258e3-groupManagement] INFO  server.RaftServerConfigKeys (ConfUtils.java:logGet(46)) - raft.server.leaderelection.member.majority-add = false (default)
2024-02-27 07:45:15,019 [af24d6c8-12f8-4751-8a80-28c60b0258e3-groupManagement] INFO  server.RaftServerConfigKeys (ConfUtils.java:logGet(46)) - raft.server.sleep.deviation.threshold = 300ms (default)
2024-02-27 07:45:15,019 [af24d6c8-12f8-4751-8a80-28c60b0258e3-groupManagement] INFO  server.RaftServer$Division (ServerState.java:<init>(113)) - af24d6c8-12f8-4751-8a80-28c60b0258e3@group-9A94A284B98C: ConfigurationManager, init=-1: peers:[af24d6c8-12f8-4751-8a80-28c60b0258e3|10.1.0.19:15151]|listeners:[], old=null, confs=<EMPTY_MAP>
2024-02-27 07:45:15,019 [af24d6c8-12f8-4751-8a80-28c60b0258e3-groupManagement] INFO  server.RaftServerConfigKeys (ConfUtils.java:logGet(46)) - raft.server.notification.no-leader.timeout = 300s (custom)
2024-02-27 07:45:15,019 [af24d6c8-12f8-4751-8a80-28c60b0258e3-groupManagement] INFO  server.RaftServerConfigKeys (ConfUtils.java:logGet(46)) - raft.server.read.timeout = 10s (default)
2024-02-27 07:45:15,019 [af24d6c8-12f8-4751-8a80-28c60b0258e3-groupManagement] INFO  server.RaftServerConfigKeys (ConfUtils.java:logGet(46)) - raft.server.retrycache.expirytime = 600000ms (custom)
2024-02-27 07:45:15,019 [af24d6c8-12f8-4751-8a80-28c60b0258e3-groupManagement] INFO  server.RaftServerConfigKeys (ConfUtils.java:logGet(46)) - raft.server.retrycache.statistics.expirytime = 100ms (default)
2024-02-27 07:45:15,020 [af24d6c8-12f8-4751-8a80-28c60b0258e3-groupManagement] INFO  server.RaftServerConfigKeys (ConfUtils.java:logGet(46)) - raft.server.read.option = DEFAULT (default)
2024-02-27 07:45:15,020 [af24d6c8-12f8-4751-8a80-28c60b0258e3-groupManagement] INFO  server.RaftServerConfigKeys (ConfUtils.java:logGet(46)) - raft.server.read.read-after-write-consistent.write-index-cache.expiry-time = 60s (default)
2024-02-27 07:45:15,021 [af24d6c8-12f8-4751-8a80-28c60b0258e3-groupManagement] INFO  server.RaftServerConfigKeys (ConfUtils.java:logGet(46)) - raft.server.rpc.request.timeout = 60s (custom)
2024-02-27 07:45:15,021 [af24d6c8-12f8-4751-8a80-28c60b0258e3-groupManagement] INFO  server.RaftServerConfigKeys (ConfUtils.java:logGet(46)) - raft.server.log.appender.install.snapshot.enabled = false (custom)
2024-02-27 07:45:15,021 [af24d6c8-12f8-4751-8a80-28c60b0258e3-groupManagement] INFO  server.RaftServerConfigKeys (ConfUtils.java:logGet(46)) - raft.server.threadpool.server.cached = true (default)
2024-02-27 07:45:15,021 [af24d6c8-12f8-4751-8a80-28c60b0258e3-groupManagement] INFO  server.RaftServerConfigKeys (ConfUtils.java:logGet(46)) - raft.server.threadpool.server.size = 0 (default)
2024-02-27 07:45:15,021 [af24d6c8-12f8-4751-8a80-28c60b0258e3-groupManagement] INFO  server.RaftServerConfigKeys (ConfUtils.java:logGet(46)) - raft.server.threadpool.client.cached = true (default)
2024-02-27 07:45:15,021 [af24d6c8-12f8-4751-8a80-28c60b0258e3-groupManagement] INFO  server.RaftServerConfigKeys (ConfUtils.java:logGet(46)) - raft.server.threadpool.client.size = 0 (default)
2024-02-27 07:45:15,021 [af24d6c8-12f8-4751-8a80-28c60b0258e3-groupManagement] INFO  server.RaftServerConfigKeys (ConfUtils.java:logGet(46)) - raft.server.storage.free-space.min = 0MB (=0) (default)
2024-02-27 07:45:15,021 [af24d6c8-12f8-4751-8a80-28c60b0258e3-groupManagement] INFO  server.RaftServerConfigKeys (ConfUtils.java:logGet(46)) - raft.server.log.corruption.policy = EXCEPTION (default)
2024-02-27 07:45:15,022 [af24d6c8-12f8-4751-8a80-28c60b0258e3-groupManagement] INFO  server.RaftServerConfigKeys (ConfUtils.java:logGet(46)) - raft.server.storage.dir = [/home/runner/work/ozone/ozone/hadoop-ozone/integration-test/target/test-dir/MiniOzoneClusterImpl-b00976b7-23bc-4195-b1b8-a51685bf3827/ozone-meta/datanode-1/ratis] (custom)
2024-02-27 07:45:15,022 [af24d6c8-12f8-4751-8a80-28c60b0258e3-groupManagement] INFO  storage.RaftStorageDirectory (RaftStorageDirectoryImpl.java:analyzeStorage(138)) - The storage directory /home/runner/work/ozone/ozone/hadoop-ozone/integration-test/target/test-dir/MiniOzoneClusterImpl-b00976b7-23bc-4195-b1b8-a51685bf3827/ozone-meta/datanode-1/ratis/724c74aa-4253-4b11-b6ec-9a94a284b98c does not exist. Creating ...
2024-02-27 07:45:15,023 [af24d6c8-12f8-4751-8a80-28c60b0258e3-groupManagement] INFO  storage.RaftStorageDirectory (RaftStorageDirectoryImpl.java:tryLock(228)) - Lock on /home/runner/work/ozone/ozone/hadoop-ozone/integration-test/target/test-dir/MiniOzoneClusterImpl-b00976b7-23bc-4195-b1b8-a51685bf3827/ozone-meta/datanode-1/ratis/724c74aa-4253-4b11-b6ec-9a94a284b98c/in_use.lock acquired by nodename 40924@fv-az699-61
2024-02-27 07:45:15,024 [af24d6c8-12f8-4751-8a80-28c60b0258e3-groupManagement] INFO  storage.RaftStorage (RaftStorageImpl.java:format(99)) - Storage directory /home/runner/work/ozone/ozone/hadoop-ozone/integration-test/target/test-dir/MiniOzoneClusterImpl-b00976b7-23bc-4195-b1b8-a51685bf3827/ozone-meta/datanode-1/ratis/724c74aa-4253-4b11-b6ec-9a94a284b98c has been successfully formatted.
2024-02-27 07:45:15,024 [af24d6c8-12f8-4751-8a80-28c60b0258e3-groupManagement] WARN  util.FileUtils (LogUtils.java:supplyAndLog(63)) - Failed to Files.newInputStream /home/runner/work/ozone/ozone/hadoop-ozone/integration-test/target/test-dir/MiniOzoneClusterImpl-b00976b7-23bc-4195-b1b8-a51685bf3827/ozone-meta/datanode-1/ratis/724c74aa-4253-4b11-b6ec-9a94a284b98c/current/raft-meta.conf with options []: java.nio.file.NoSuchFileException: /home/runner/work/ozone/ozone/hadoop-ozone/integration-test/target/test-dir/MiniOzoneClusterImpl-b00976b7-23bc-4195-b1b8-a51685bf3827/ozone-meta/datanode-1/ratis/724c74aa-4253-4b11-b6ec-9a94a284b98c/current/raft-meta.conf
2024-02-27 07:45:15,025 [af24d6c8-12f8-4751-8a80-28c60b0258e3-groupManagement] INFO  ratis.ContainerStateMachine (ContainerStateMachine.java:loadSnapshot(287)) - group-9A94A284B98C: The snapshot info is null. Setting the last applied index to:(t:0, i:~)
2024-02-27 07:45:15,025 [af24d6c8-12f8-4751-8a80-28c60b0258e3-groupManagement] INFO  server.RaftServerConfigKeys (ConfUtils.java:logGet(46)) - raft.server.log.use.memory = false (default)
2024-02-27 07:45:15,025 [af24d6c8-12f8-4751-8a80-28c60b0258e3-groupManagement] INFO  server.RaftServerConfigKeys (ConfUtils.java:logGet(46)) - raft.server.log.purge.gap = 1000000 (custom)
2024-02-27 07:45:15,025 [af24d6c8-12f8-4751-8a80-28c60b0258e3-groupManagement] INFO  server.RaftServerConfigKeys (ConfUtils.java:logGet(46)) - raft.server.log.appender.buffer.byte-limit = 8388608 (custom)
2024-02-27 07:45:15,025 [af24d6c8-12f8-4751-8a80-28c60b0258e3-groupManagement] INFO  server.RaftServerConfigKeys (ConfUtils.java:logGet(46)) - raft.server.log.statemachine.data.read.timeout = 1000ms (default)
2024-02-27 07:45:15,025 [af24d6c8-12f8-4751-8a80-28c60b0258e3-groupManagement] INFO  server.RaftServerConfigKeys (ConfUtils.java:logGet(46)) - raft.server.log.purge.preservation.log.num = 0 (default)
2024-02-27 07:45:15,026 [af24d6c8-12f8-4751-8a80-28c60b0258e3-groupManagement] INFO  server.RaftServerConfigKeys (ConfUtils.java:logGet(46)) - raft.server.log.segment.size.max = 67108864 (custom)
2024-02-27 07:45:15,026 [af24d6c8-12f8-4751-8a80-28c60b0258e3-groupManagement] INFO  server.RaftServerConfigKeys (ConfUtils.java:logGet(46)) - raft.server.log.segment.cache.num.max = 2 (custom)
2024-02-27 07:45:15,026 [EventQueue-PipelineReportForPipelineReportHandler] INFO  pipeline.PipelineReportHandler (PipelineReportHandler.java:processPipelineReport(136)) - Opened pipeline PipelineID=724c74aa-4253-4b11-b6ec-9a94a284b98c
2024-02-27 07:45:15,026 [af24d6c8-12f8-4751-8a80-28c60b0258e3-groupManagement] INFO  server.RaftServerConfigKeys (ConfUtils.java:logGet(46)) - raft.server.log.segment.cache.size.max = 200MB (=209715200) (default)
2024-02-27 07:45:15,027 [af24d6c8-12f8-4751-8a80-28c60b0258e3-groupManagement] INFO  server.RaftServerConfigKeys (ConfUtils.java:logGet(46)) - raft.server.log.appender.buffer.byte-limit = 8388608 (custom)
2024-02-27 07:45:15,027 [af24d6c8-12f8-4751-8a80-28c60b0258e3-groupManagement] INFO  util.AwaitToRun (AwaitToRun.java:start(81)) - Thread[af24d6c8-12f8-4751-8a80-28c60b0258e3@group-9A94A284B98C-cacheEviction-AwaitToRun,5,main] started
2024-02-27 07:45:15,027 [EventQueue-OpenPipelineForHealthyPipelineSafeModeRule] INFO  safemode.SCMSafeModeManager (HealthyPipelineSafeModeRule.java:process(140)) - SCM in safe mode. Healthy pipelines reported count is 0, required healthy pipeline reported count is 1
2024-02-27 07:45:15,028 [af24d6c8-12f8-4751-8a80-28c60b0258e3-groupManagement] INFO  segmented.SegmentedRaftLogWorker (SegmentedRaftLogWorker.java:<init>(182)) - new af24d6c8-12f8-4751-8a80-28c60b0258e3@group-9A94A284B98C-SegmentedRaftLogWorker for RaftStorageImpl:Storage Directory /home/runner/work/ozone/ozone/hadoop-ozone/integration-test/target/test-dir/MiniOzoneClusterImpl-b00976b7-23bc-4195-b1b8-a51685bf3827/ozone-meta/datanode-1/ratis/724c74aa-4253-4b11-b6ec-9a94a284b98c
2024-02-27 07:45:15,028 [af24d6c8-12f8-4751-8a80-28c60b0258e3-groupManagement] INFO  server.RaftServerConfigKeys (ConfUtils.java:logGet(46)) - raft.server.log.queue.byte-limit = 4294967296 (custom)
2024-02-27 07:45:15,028 [af24d6c8-12f8-4751-8a80-28c60b0258e3-groupManagement] INFO  server.RaftServerConfigKeys (ConfUtils.java:logGet(46)) - raft.server.log.queue.element-limit = 1024 (custom)
2024-02-27 07:45:15,028 [af24d6c8-12f8-4751-8a80-28c60b0258e3-groupManagement] INFO  server.RaftServerConfigKeys (ConfUtils.java:logGet(46)) - raft.server.log.segment.size.max = 67108864 (custom)
2024-02-27 07:45:15,028 [af24d6c8-12f8-4751-8a80-28c60b0258e3-groupManagement] INFO  server.RaftServerConfigKeys (ConfUtils.java:logGet(46)) - raft.server.log.preallocated.size = 4194304 (custom)
2024-02-27 07:45:15,028 [af24d6c8-12f8-4751-8a80-28c60b0258e3-groupManagement] INFO  server.RaftServerConfigKeys (ConfUtils.java:logGet(46)) - raft.server.log.force.sync.num = 128 (default)
2024-02-27 07:45:15,028 [af24d6c8-12f8-4751-8a80-28c60b0258e3-groupManagement] INFO  server.RaftServerConfigKeys (ConfUtils.java:logGet(46)) - raft.server.log.statemachine.data.sync = true (default)
2024-02-27 07:45:15,028 [af24d6c8-12f8-4751-8a80-28c60b0258e3-groupManagement] INFO  server.RaftServerConfigKeys (ConfUtils.java:logGet(46)) - raft.server.log.statemachine.data.sync.timeout = 10s (default)
2024-02-27 07:45:15,028 [af24d6c8-12f8-4751-8a80-28c60b0258e3-groupManagement] INFO  server.RaftServerConfigKeys (ConfUtils.java:logGet(46)) - raft.server.log.statemachine.data.sync.timeout.retry = 0 (custom)
2024-02-27 07:45:15,029 [af24d6c8-12f8-4751-8a80-28c60b0258e3-groupManagement] INFO  server.RaftServerConfigKeys (ConfUtils.java:logGet(46)) - raft.server.log.write.buffer.size = 8388616 (custom)
2024-02-27 07:45:15,030 [af24d6c8-12f8-4751-8a80-28c60b0258e3-groupManagement] INFO  server.RaftServerConfigKeys (ConfUtils.java:logGet(46)) - raft.server.log.appender.buffer.byte-limit = 8388608 (custom)
2024-02-27 07:45:15,030 [af24d6c8-12f8-4751-8a80-28c60b0258e3-groupManagement] INFO  server.RaftServerConfigKeys (ConfUtils.java:logGet(46)) - raft.server.log.unsafe-flush.enabled = false (default)
2024-02-27 07:45:15,030 [af24d6c8-12f8-4751-8a80-28c60b0258e3-groupManagement] INFO  server.RaftServerConfigKeys (ConfUtils.java:logGet(46)) - raft.server.log.async-flush.enabled = false (default)
2024-02-27 07:45:15,030 [af24d6c8-12f8-4751-8a80-28c60b0258e3-groupManagement] INFO  server.RaftServerConfigKeys (ConfUtils.java:logGet(46)) - raft.server.log.statemachine.data.caching.enabled = true (custom)
2024-02-27 07:45:15,030 [af24d6c8-12f8-4751-8a80-28c60b0258e3-groupManagement] INFO  segmented.SegmentedRaftLogWorker (SegmentedRaftLogWorker.java:lambda$new$0(134)) - af24d6c8-12f8-4751-8a80-28c60b0258e3@group-9A94A284B98C-SegmentedRaftLogWorker: flushIndex: setUnconditionally 0 -> -1
2024-02-27 07:45:15,030 [af24d6c8-12f8-4751-8a80-28c60b0258e3-groupManagement] INFO  segmented.SegmentedRaftLogWorker (SegmentedRaftLogWorker.java:lambda$new$0(134)) - af24d6c8-12f8-4751-8a80-28c60b0258e3@group-9A94A284B98C-SegmentedRaftLogWorker: safeCacheEvictIndex: setUnconditionally 0 -> -1
2024-02-27 07:45:15,030 [af24d6c8-12f8-4751-8a80-28c60b0258e3-groupManagement] INFO  server.RaftServer$Division (RaftServerImpl.java:start(396)) - af24d6c8-12f8-4751-8a80-28c60b0258e3@group-9A94A284B98C: start as a follower, conf=-1: peers:[af24d6c8-12f8-4751-8a80-28c60b0258e3|10.1.0.19:15151]|listeners:[], old=null
2024-02-27 07:45:15,030 [af24d6c8-12f8-4751-8a80-28c60b0258e3-groupManagement] INFO  server.RaftServer$Division (RaftServerImpl.java:setRole(383)) - af24d6c8-12f8-4751-8a80-28c60b0258e3@group-9A94A284B98C: changes role from      null to FOLLOWER at term 0 for startAsFollower
2024-02-27 07:45:15,030 [af24d6c8-12f8-4751-8a80-28c60b0258e3-groupManagement] INFO  impl.RoleInfo (RoleInfo.java:updateAndGet(139)) - af24d6c8-12f8-4751-8a80-28c60b0258e3: start af24d6c8-12f8-4751-8a80-28c60b0258e3@group-9A94A284B98C-FollowerState
2024-02-27 07:45:15,031 [af24d6c8-12f8-4751-8a80-28c60b0258e3@group-9A94A284B98C-FollowerState] INFO  server.RaftServerConfigKeys (ConfUtils.java:logFallback(53)) - raft.server.rpc.first-election.timeout.min = 5s (fallback to raft.server.rpc.timeout.min)
2024-02-27 07:45:15,031 [af24d6c8-12f8-4751-8a80-28c60b0258e3-groupManagement] INFO  util.JmxRegister (JmxRegister.java:tryRegister(44)) - Successfully registered JMX Bean with object name Ratis:service=RaftServer,group=group-9A94A284B98C,id=af24d6c8-12f8-4751-8a80-28c60b0258e3
2024-02-27 07:45:15,031 [af24d6c8-12f8-4751-8a80-28c60b0258e3@group-9A94A284B98C-FollowerState] INFO  server.RaftServerConfigKeys (ConfUtils.java:logFallback(53)) - raft.server.rpc.first-election.timeout.max = 5200ms (fallback to raft.server.rpc.timeout.max)
2024-02-27 07:45:15,031 [af24d6c8-12f8-4751-8a80-28c60b0258e3-groupManagement] INFO  server.RaftServerConfigKeys (ConfUtils.java:logGet(46)) - raft.server.snapshot.trigger-when-stop.enabled = true (default)
2024-02-27 07:45:15,031 [af24d6c8-12f8-4751-8a80-28c60b0258e3-groupManagement] INFO  server.RaftServerConfigKeys (ConfUtils.java:logGet(46)) - raft.server.snapshot.auto.trigger.enabled = true (custom)
2024-02-27 07:45:15,031 [af24d6c8-12f8-4751-8a80-28c60b0258e3-groupManagement] INFO  server.RaftServerConfigKeys (ConfUtils.java:logGet(46)) - raft.server.snapshot.auto.trigger.threshold = 10000 (custom)
2024-02-27 07:45:15,031 [af24d6c8-12f8-4751-8a80-28c60b0258e3-groupManagement] INFO  server.RaftServerConfigKeys (ConfUtils.java:logGet(46)) - raft.server.snapshot.retention.file.num = 5 (custom)
2024-02-27 07:45:15,031 [af24d6c8-12f8-4751-8a80-28c60b0258e3-groupManagement] INFO  server.RaftServerConfigKeys (ConfUtils.java:logGet(46)) - raft.server.log.purge.upto.snapshot.index = false (default)
2024-02-27 07:45:15,031 [af24d6c8-12f8-4751-8a80-28c60b0258e3-PipelineCommandHandlerThread-0] INFO  ratis.XceiverServerRatis (XceiverServerRatis.java:addGroup(864)) - Created group PipelineID=724c74aa-4253-4b11-b6ec-9a94a284b98c
2024-02-27 07:45:15,031 [af24d6c8-12f8-4751-8a80-28c60b0258e3-PipelineCommandHandlerThread-0] INFO  commandhandler.CreatePipelineCommandHandler (CreatePipelineCommandHandler.java:lambda$handle$2(124)) - Created Pipeline RATIS ONE PipelineID=724c74aa-4253-4b11-b6ec-9a94a284b98c.
2024-02-27 07:45:15,032 [af24d6c8-12f8-4751-8a80-28c60b0258e3-PipelineCommandHandlerThread-0] INFO  server.RaftServer (RaftServerProxy.java:addNew(100)) - af24d6c8-12f8-4751-8a80-28c60b0258e3: addNew group-169102E84844:[4d28c94a-4d53-4519-b3c9-3a16e9947616|10.1.0.19:15160, af24d6c8-12f8-4751-8a80-28c60b0258e3|10.1.0.19:15151, 165decaf-3465-4b89-9497-27d6560ecac2|10.1.0.19:15169] returns group-169102E84844:java.util.concurrent.CompletableFuture@28383835[Not completed]
2024-02-27 07:45:15,032 [af24d6c8-12f8-4751-8a80-28c60b0258e3-groupManagement] INFO  server.RaftServer$Division (RaftServerImpl.java:<init>(256)) - af24d6c8-12f8-4751-8a80-28c60b0258e3: new RaftServerImpl for group-169102E84844:[4d28c94a-4d53-4519-b3c9-3a16e9947616|10.1.0.19:15160, af24d6c8-12f8-4751-8a80-28c60b0258e3|10.1.0.19:15151, 165decaf-3465-4b89-9497-27d6560ecac2|10.1.0.19:15169] with ContainerStateMachine:uninitialized
2024-02-27 07:45:15,032 [af24d6c8-12f8-4751-8a80-28c60b0258e3-groupManagement] INFO  server.RaftServerConfigKeys (ConfUtils.java:logGet(46)) - raft.server.rpc.timeout.min = 5s (custom)
2024-02-27 07:45:15,032 [af24d6c8-12f8-4751-8a80-28c60b0258e3-groupManagement] INFO  server.RaftServerConfigKeys (ConfUtils.java:logGet(46)) - raft.server.rpc.timeout.max = 5200ms (custom)
2024-02-27 07:45:15,032 [af24d6c8-12f8-4751-8a80-28c60b0258e3-groupManagement] INFO  server.RaftServerConfigKeys (ConfUtils.java:logGet(46)) - raft.server.rpc.sleep.time = 25ms (default)
2024-02-27 07:45:15,032 [af24d6c8-12f8-4751-8a80-28c60b0258e3-groupManagement] INFO  server.RaftServerConfigKeys (ConfUtils.java:logGet(46)) - raft.server.rpc.slowness.timeout = 300s (custom)
2024-02-27 07:45:15,032 [af24d6c8-12f8-4751-8a80-28c60b0258e3-groupManagement] INFO  server.RaftServerConfigKeys (ConfUtils.java:logGet(46)) - raft.server.leaderelection.leader.step-down.wait-time = 10s (default)
2024-02-27 07:45:15,032 [af24d6c8-12f8-4751-8a80-28c60b0258e3-groupManagement] INFO  server.RaftServerConfigKeys (ConfUtils.java:logGet(46)) - raft.server.leaderelection.member.majority-add = false (default)
2024-02-27 07:45:15,032 [af24d6c8-12f8-4751-8a80-28c60b0258e3-groupManagement] INFO  server.RaftServerConfigKeys (ConfUtils.java:logGet(46)) - raft.server.sleep.deviation.threshold = 300ms (default)
2024-02-27 07:45:15,032 [af24d6c8-12f8-4751-8a80-28c60b0258e3-groupManagement] INFO  server.RaftServer$Division (ServerState.java:<init>(113)) - af24d6c8-12f8-4751-8a80-28c60b0258e3@group-169102E84844: ConfigurationManager, init=-1: peers:[4d28c94a-4d53-4519-b3c9-3a16e9947616|10.1.0.19:15160, af24d6c8-12f8-4751-8a80-28c60b0258e3|10.1.0.19:15151, 165decaf-3465-4b89-9497-27d6560ecac2|10.1.0.19:15169]|listeners:[], old=null, confs=<EMPTY_MAP>
2024-02-27 07:45:15,033 [af24d6c8-12f8-4751-8a80-28c60b0258e3-groupManagement] INFO  server.RaftServerConfigKeys (ConfUtils.java:logGet(46)) - raft.server.notification.no-leader.timeout = 300s (custom)
2024-02-27 07:45:15,033 [af24d6c8-12f8-4751-8a80-28c60b0258e3-groupManagement] INFO  server.RaftServerConfigKeys (ConfUtils.java:logGet(46)) - raft.server.read.timeout = 10s (default)
2024-02-27 07:45:15,033 [af24d6c8-12f8-4751-8a80-28c60b0258e3-groupManagement] INFO  server.RaftServerConfigKeys (ConfUtils.java:logGet(46)) - raft.server.retrycache.expirytime = 600000ms (custom)
2024-02-27 07:45:15,033 [af24d6c8-12f8-4751-8a80-28c60b0258e3-groupManagement] INFO  server.RaftServerConfigKeys (ConfUtils.java:logGet(46)) - raft.server.retrycache.statistics.expirytime = 100ms (default)
2024-02-27 07:45:15,033 [af24d6c8-12f8-4751-8a80-28c60b0258e3-groupManagement] INFO  server.RaftServerConfigKeys (ConfUtils.java:logGet(46)) - raft.server.read.option = DEFAULT (default)
2024-02-27 07:45:15,033 [af24d6c8-12f8-4751-8a80-28c60b0258e3-groupManagement] INFO  server.RaftServerConfigKeys (ConfUtils.java:logGet(46)) - raft.server.read.read-after-write-consistent.write-index-cache.expiry-time = 60s (default)
2024-02-27 07:45:15,034 [af24d6c8-12f8-4751-8a80-28c60b0258e3-groupManagement] INFO  server.RaftServerConfigKeys (ConfUtils.java:logGet(46)) - raft.server.rpc.request.timeout = 60s (custom)
2024-02-27 07:45:15,034 [af24d6c8-12f8-4751-8a80-28c60b0258e3-groupManagement] INFO  server.RaftServerConfigKeys (ConfUtils.java:logGet(46)) - raft.server.log.appender.install.snapshot.enabled = false (custom)
2024-02-27 07:45:15,034 [af24d6c8-12f8-4751-8a80-28c60b0258e3-groupManagement] INFO  server.RaftServerConfigKeys (ConfUtils.java:logGet(46)) - raft.server.threadpool.server.cached = true (default)
2024-02-27 07:45:15,034 [af24d6c8-12f8-4751-8a80-28c60b0258e3-groupManagement] INFO  server.RaftServerConfigKeys (ConfUtils.java:logGet(46)) - raft.server.threadpool.server.size = 0 (default)
2024-02-27 07:45:15,034 [af24d6c8-12f8-4751-8a80-28c60b0258e3-groupManagement] INFO  server.RaftServerConfigKeys (ConfUtils.java:logGet(46)) - raft.server.threadpool.client.cached = true (default)
2024-02-27 07:45:15,034 [af24d6c8-12f8-4751-8a80-28c60b0258e3-groupManagement] INFO  server.RaftServerConfigKeys (ConfUtils.java:logGet(46)) - raft.server.threadpool.client.size = 0 (default)
2024-02-27 07:45:15,034 [af24d6c8-12f8-4751-8a80-28c60b0258e3-groupManagement] INFO  server.RaftServerConfigKeys (ConfUtils.java:logGet(46)) - raft.server.storage.free-space.min = 0MB (=0) (default)
2024-02-27 07:45:15,034 [af24d6c8-12f8-4751-8a80-28c60b0258e3-groupManagement] INFO  server.RaftServerConfigKeys (ConfUtils.java:logGet(46)) - raft.server.log.corruption.policy = EXCEPTION (default)
2024-02-27 07:45:15,034 [af24d6c8-12f8-4751-8a80-28c60b0258e3-groupManagement] INFO  server.RaftServerConfigKeys (ConfUtils.java:logGet(46)) - raft.server.storage.dir = [/home/runner/work/ozone/ozone/hadoop-ozone/integration-test/target/test-dir/MiniOzoneClusterImpl-b00976b7-23bc-4195-b1b8-a51685bf3827/ozone-meta/datanode-1/ratis] (custom)
2024-02-27 07:45:15,034 [af24d6c8-12f8-4751-8a80-28c60b0258e3-groupManagement] INFO  storage.RaftStorageDirectory (RaftStorageDirectoryImpl.java:analyzeStorage(138)) - The storage directory /home/runner/work/ozone/ozone/hadoop-ozone/integration-test/target/test-dir/MiniOzoneClusterImpl-b00976b7-23bc-4195-b1b8-a51685bf3827/ozone-meta/datanode-1/ratis/0288776f-0b9d-4911-a9ef-169102e84844 does not exist. Creating ...
2024-02-27 07:45:15,035 [af24d6c8-12f8-4751-8a80-28c60b0258e3-groupManagement] INFO  storage.RaftStorageDirectory (RaftStorageDirectoryImpl.java:tryLock(228)) - Lock on /home/runner/work/ozone/ozone/hadoop-ozone/integration-test/target/test-dir/MiniOzoneClusterImpl-b00976b7-23bc-4195-b1b8-a51685bf3827/ozone-meta/datanode-1/ratis/0288776f-0b9d-4911-a9ef-169102e84844/in_use.lock acquired by nodename 40924@fv-az699-61
2024-02-27 07:45:15,036 [af24d6c8-12f8-4751-8a80-28c60b0258e3-groupManagement] INFO  storage.RaftStorage (RaftStorageImpl.java:format(99)) - Storage directory /home/runner/work/ozone/ozone/hadoop-ozone/integration-test/target/test-dir/MiniOzoneClusterImpl-b00976b7-23bc-4195-b1b8-a51685bf3827/ozone-meta/datanode-1/ratis/0288776f-0b9d-4911-a9ef-169102e84844 has been successfully formatted.
2024-02-27 07:45:15,036 [af24d6c8-12f8-4751-8a80-28c60b0258e3-groupManagement] WARN  util.FileUtils (LogUtils.java:supplyAndLog(63)) - Failed to Files.newInputStream /home/runner/work/ozone/ozone/hadoop-ozone/integration-test/target/test-dir/MiniOzoneClusterImpl-b00976b7-23bc-4195-b1b8-a51685bf3827/ozone-meta/datanode-1/ratis/0288776f-0b9d-4911-a9ef-169102e84844/current/raft-meta.conf with options []: java.nio.file.NoSuchFileException: /home/runner/work/ozone/ozone/hadoop-ozone/integration-test/target/test-dir/MiniOzoneClusterImpl-b00976b7-23bc-4195-b1b8-a51685bf3827/ozone-meta/datanode-1/ratis/0288776f-0b9d-4911-a9ef-169102e84844/current/raft-meta.conf
2024-02-27 07:45:15,036 [af24d6c8-12f8-4751-8a80-28c60b0258e3-groupManagement] INFO  ratis.ContainerStateMachine (ContainerStateMachine.java:loadSnapshot(287)) - group-169102E84844: The snapshot info is null. Setting the last applied index to:(t:0, i:~)
2024-02-27 07:45:15,036 [af24d6c8-12f8-4751-8a80-28c60b0258e3-groupManagement] INFO  server.RaftServerConfigKeys (ConfUtils.java:logGet(46)) - raft.server.log.use.memory = false (default)
2024-02-27 07:45:15,036 [af24d6c8-12f8-4751-8a80-28c60b0258e3-groupManagement] INFO  server.RaftServerConfigKeys (ConfUtils.java:logGet(46)) - raft.server.log.purge.gap = 1000000 (custom)
2024-02-27 07:45:15,036 [af24d6c8-12f8-4751-8a80-28c60b0258e3-groupManagement] INFO  server.RaftServerConfigKeys (ConfUtils.java:logGet(46)) - raft.server.log.appender.buffer.byte-limit = 8388608 (custom)
2024-02-27 07:45:15,037 [af24d6c8-12f8-4751-8a80-28c60b0258e3-groupManagement] INFO  server.RaftServerConfigKeys (ConfUtils.java:logGet(46)) - raft.server.log.statemachine.data.read.timeout = 1000ms (default)
2024-02-27 07:45:15,037 [af24d6c8-12f8-4751-8a80-28c60b0258e3-groupManagement] INFO  server.RaftServerConfigKeys (ConfUtils.java:logGet(46)) - raft.server.log.purge.preservation.log.num = 0 (default)
2024-02-27 07:45:15,037 [EventQueue-OpenPipelineForHealthyPipelineSafeModeRule] INFO  safemode.SCMSafeModeManager (HealthyPipelineSafeModeRule.java:process(140)) - SCM in safe mode. Healthy pipelines reported count is 0, required healthy pipeline reported count is 1
2024-02-27 07:45:15,037 [af24d6c8-12f8-4751-8a80-28c60b0258e3-groupManagement] INFO  server.RaftServerConfigKeys (ConfUtils.java:logGet(46)) - raft.server.log.segment.size.max = 67108864 (custom)
2024-02-27 07:45:15,038 [af24d6c8-12f8-4751-8a80-28c60b0258e3-groupManagement] INFO  server.RaftServerConfigKeys (ConfUtils.java:logGet(46)) - raft.server.log.segment.cache.num.max = 2 (custom)
2024-02-27 07:45:15,038 [af24d6c8-12f8-4751-8a80-28c60b0258e3-groupManagement] INFO  server.RaftServerConfigKeys (ConfUtils.java:logGet(46)) - raft.server.log.segment.cache.size.max = 200MB (=209715200) (default)
2024-02-27 07:45:15,038 [af24d6c8-12f8-4751-8a80-28c60b0258e3-groupManagement] INFO  server.RaftServerConfigKeys (ConfUtils.java:logGet(46)) - raft.server.log.appender.buffer.byte-limit = 8388608 (custom)
2024-02-27 07:45:15,038 [af24d6c8-12f8-4751-8a80-28c60b0258e3-groupManagement] INFO  util.AwaitToRun (AwaitToRun.java:start(81)) - Thread[af24d6c8-12f8-4751-8a80-28c60b0258e3@group-169102E84844-cacheEviction-AwaitToRun,5,main] started
2024-02-27 07:45:15,038 [af24d6c8-12f8-4751-8a80-28c60b0258e3-groupManagement] INFO  segmented.SegmentedRaftLogWorker (SegmentedRaftLogWorker.java:<init>(182)) - new af24d6c8-12f8-4751-8a80-28c60b0258e3@group-169102E84844-SegmentedRaftLogWorker for RaftStorageImpl:Storage Directory /home/runner/work/ozone/ozone/hadoop-ozone/integration-test/target/test-dir/MiniOzoneClusterImpl-b00976b7-23bc-4195-b1b8-a51685bf3827/ozone-meta/datanode-1/ratis/0288776f-0b9d-4911-a9ef-169102e84844
2024-02-27 07:45:15,038 [af24d6c8-12f8-4751-8a80-28c60b0258e3-groupManagement] INFO  server.RaftServerConfigKeys (ConfUtils.java:logGet(46)) - raft.server.log.queue.byte-limit = 4294967296 (custom)
2024-02-27 07:45:15,038 [af24d6c8-12f8-4751-8a80-28c60b0258e3-groupManagement] INFO  server.RaftServerConfigKeys (ConfUtils.java:logGet(46)) - raft.server.log.queue.element-limit = 1024 (custom)
2024-02-27 07:45:15,038 [af24d6c8-12f8-4751-8a80-28c60b0258e3-groupManagement] INFO  server.RaftServerConfigKeys (ConfUtils.java:logGet(46)) - raft.server.log.segment.size.max = 67108864 (custom)
2024-02-27 07:45:15,038 [af24d6c8-12f8-4751-8a80-28c60b0258e3-groupManagement] INFO  server.RaftServerConfigKeys (ConfUtils.java:logGet(46)) - raft.server.log.preallocated.size = 4194304 (custom)
2024-02-27 07:45:15,038 [af24d6c8-12f8-4751-8a80-28c60b0258e3-groupManagement] INFO  server.RaftServerConfigKeys (ConfUtils.java:logGet(46)) - raft.server.log.force.sync.num = 128 (default)
2024-02-27 07:45:15,039 [af24d6c8-12f8-4751-8a80-28c60b0258e3-groupManagement] INFO  server.RaftServerConfigKeys (ConfUtils.java:logGet(46)) - raft.server.log.statemachine.data.sync = true (default)
2024-02-27 07:45:15,039 [af24d6c8-12f8-4751-8a80-28c60b0258e3-groupManagement] INFO  server.RaftServerConfigKeys (ConfUtils.java:logGet(46)) - raft.server.log.statemachine.data.sync.timeout = 10s (default)
2024-02-27 07:45:15,039 [af24d6c8-12f8-4751-8a80-28c60b0258e3-groupManagement] INFO  server.RaftServerConfigKeys (ConfUtils.java:logGet(46)) - raft.server.log.statemachine.data.sync.timeout.retry = 0 (custom)
2024-02-27 07:45:15,039 [af24d6c8-12f8-4751-8a80-28c60b0258e3-groupManagement] INFO  server.RaftServerConfigKeys (ConfUtils.java:logGet(46)) - raft.server.log.write.buffer.size = 8388616 (custom)
2024-02-27 07:45:15,040 [af24d6c8-12f8-4751-8a80-28c60b0258e3-groupManagement] INFO  server.RaftServerConfigKeys (ConfUtils.java:logGet(46)) - raft.server.log.appender.buffer.byte-limit = 8388608 (custom)
2024-02-27 07:45:15,040 [af24d6c8-12f8-4751-8a80-28c60b0258e3-groupManagement] INFO  server.RaftServerConfigKeys (ConfUtils.java:logGet(46)) - raft.server.log.unsafe-flush.enabled = false (default)
2024-02-27 07:45:15,040 [af24d6c8-12f8-4751-8a80-28c60b0258e3-groupManagement] INFO  server.RaftServerConfigKeys (ConfUtils.java:logGet(46)) - raft.server.log.async-flush.enabled = false (default)
2024-02-27 07:45:15,040 [af24d6c8-12f8-4751-8a80-28c60b0258e3-groupManagement] INFO  server.RaftServerConfigKeys (ConfUtils.java:logGet(46)) - raft.server.log.statemachine.data.caching.enabled = true (custom)
2024-02-27 07:45:15,040 [af24d6c8-12f8-4751-8a80-28c60b0258e3-groupManagement] INFO  segmented.SegmentedRaftLogWorker (SegmentedRaftLogWorker.java:lambda$new$0(134)) - af24d6c8-12f8-4751-8a80-28c60b0258e3@group-169102E84844-SegmentedRaftLogWorker: flushIndex: setUnconditionally 0 -> -1
2024-02-27 07:45:15,041 [af24d6c8-12f8-4751-8a80-28c60b0258e3-groupManagement] INFO  segmented.SegmentedRaftLogWorker (SegmentedRaftLogWorker.java:lambda$new$0(134)) - af24d6c8-12f8-4751-8a80-28c60b0258e3@group-169102E84844-SegmentedRaftLogWorker: safeCacheEvictIndex: setUnconditionally 0 -> -1
2024-02-27 07:45:15,041 [af24d6c8-12f8-4751-8a80-28c60b0258e3-groupManagement] INFO  server.RaftServer$Division (RaftServerImpl.java:start(396)) - af24d6c8-12f8-4751-8a80-28c60b0258e3@group-169102E84844: start as a follower, conf=-1: peers:[4d28c94a-4d53-4519-b3c9-3a16e9947616|10.1.0.19:15160, af24d6c8-12f8-4751-8a80-28c60b0258e3|10.1.0.19:15151, 165decaf-3465-4b89-9497-27d6560ecac2|10.1.0.19:15169]|listeners:[], old=null
2024-02-27 07:45:15,041 [af24d6c8-12f8-4751-8a80-28c60b0258e3-groupManagement] INFO  server.RaftServer$Division (RaftServerImpl.java:setRole(383)) - af24d6c8-12f8-4751-8a80-28c60b0258e3@group-169102E84844: changes role from      null to FOLLOWER at term 0 for startAsFollower
2024-02-27 07:45:15,041 [af24d6c8-12f8-4751-8a80-28c60b0258e3-groupManagement] INFO  impl.RoleInfo (RoleInfo.java:updateAndGet(139)) - af24d6c8-12f8-4751-8a80-28c60b0258e3: start af24d6c8-12f8-4751-8a80-28c60b0258e3@group-169102E84844-FollowerState
2024-02-27 07:45:15,041 [af24d6c8-12f8-4751-8a80-28c60b0258e3@group-169102E84844-FollowerState] INFO  server.RaftServerConfigKeys (ConfUtils.java:logFallback(53)) - raft.server.rpc.first-election.timeout.min = 5s (fallback to raft.server.rpc.timeout.min)
2024-02-27 07:45:15,041 [af24d6c8-12f8-4751-8a80-28c60b0258e3-groupManagement] INFO  util.JmxRegister (JmxRegister.java:tryRegister(44)) - Successfully registered JMX Bean with object name Ratis:service=RaftServer,group=group-169102E84844,id=af24d6c8-12f8-4751-8a80-28c60b0258e3
2024-02-27 07:45:15,041 [af24d6c8-12f8-4751-8a80-28c60b0258e3@group-169102E84844-FollowerState] INFO  server.RaftServerConfigKeys (ConfUtils.java:logFallback(53)) - raft.server.rpc.first-election.timeout.max = 5200ms (fallback to raft.server.rpc.timeout.max)
2024-02-27 07:45:15,041 [af24d6c8-12f8-4751-8a80-28c60b0258e3-groupManagement] INFO  server.RaftServerConfigKeys (ConfUtils.java:logGet(46)) - raft.server.snapshot.trigger-when-stop.enabled = true (default)
2024-02-27 07:45:15,041 [af24d6c8-12f8-4751-8a80-28c60b0258e3-groupManagement] INFO  server.RaftServerConfigKeys (ConfUtils.java:logGet(46)) - raft.server.snapshot.auto.trigger.enabled = true (custom)
2024-02-27 07:45:15,041 [af24d6c8-12f8-4751-8a80-28c60b0258e3-groupManagement] INFO  server.RaftServerConfigKeys (ConfUtils.java:logGet(46)) - raft.server.snapshot.auto.trigger.threshold = 10000 (custom)
2024-02-27 07:45:15,041 [af24d6c8-12f8-4751-8a80-28c60b0258e3-groupManagement] INFO  server.RaftServerConfigKeys (ConfUtils.java:logGet(46)) - raft.server.snapshot.retention.file.num = 5 (custom)
2024-02-27 07:45:15,041 [af24d6c8-12f8-4751-8a80-28c60b0258e3-groupManagement] INFO  server.RaftServerConfigKeys (ConfUtils.java:logGet(46)) - raft.server.log.purge.upto.snapshot.index = false (default)
2024-02-27 07:45:15,042 [af24d6c8-12f8-4751-8a80-28c60b0258e3-PipelineCommandHandlerThread-0] INFO  ratis.XceiverServerRatis (XceiverServerRatis.java:addGroup(864)) - Created group PipelineID=0288776f-0b9d-4911-a9ef-169102e84844
2024-02-27 07:45:15,047 [grpc-default-executor-4] INFO  server.RaftServer (RaftServerProxy.java:addNew(100)) - 165decaf-3465-4b89-9497-27d6560ecac2: addNew group-169102E84844:[4d28c94a-4d53-4519-b3c9-3a16e9947616|10.1.0.19:15160, af24d6c8-12f8-4751-8a80-28c60b0258e3|10.1.0.19:15151, 165decaf-3465-4b89-9497-27d6560ecac2|10.1.0.19:15169] returns group-169102E84844:java.util.concurrent.CompletableFuture@14c6dd06[Not completed]
2024-02-27 07:45:15,048 [165decaf-3465-4b89-9497-27d6560ecac2-groupManagement] INFO  server.RaftServer$Division (RaftServerImpl.java:<init>(256)) - 165decaf-3465-4b89-9497-27d6560ecac2: new RaftServerImpl for group-169102E84844:[4d28c94a-4d53-4519-b3c9-3a16e9947616|10.1.0.19:15160, af24d6c8-12f8-4751-8a80-28c60b0258e3|10.1.0.19:15151, 165decaf-3465-4b89-9497-27d6560ecac2|10.1.0.19:15169] with ContainerStateMachine:uninitialized
2024-02-27 07:45:15,048 [165decaf-3465-4b89-9497-27d6560ecac2-groupManagement] INFO  server.RaftServerConfigKeys (ConfUtils.java:logGet(46)) - raft.server.rpc.timeout.min = 5s (custom)
2024-02-27 07:45:15,048 [165decaf-3465-4b89-9497-27d6560ecac2-groupManagement] INFO  server.RaftServerConfigKeys (ConfUtils.java:logGet(46)) - raft.server.rpc.timeout.max = 5200ms (custom)
2024-02-27 07:45:15,048 [165decaf-3465-4b89-9497-27d6560ecac2-groupManagement] INFO  server.RaftServerConfigKeys (ConfUtils.java:logGet(46)) - raft.server.rpc.sleep.time = 25ms (default)
2024-02-27 07:45:15,048 [165decaf-3465-4b89-9497-27d6560ecac2-groupManagement] INFO  server.RaftServerConfigKeys (ConfUtils.java:logGet(46)) - raft.server.rpc.slowness.timeout = 300s (custom)
2024-02-27 07:45:15,048 [165decaf-3465-4b89-9497-27d6560ecac2-groupManagement] INFO  server.RaftServerConfigKeys (ConfUtils.java:logGet(46)) - raft.server.leaderelection.leader.step-down.wait-time = 10s (default)
2024-02-27 07:45:15,048 [165decaf-3465-4b89-9497-27d6560ecac2-groupManagement] INFO  server.RaftServerConfigKeys (ConfUtils.java:logGet(46)) - raft.server.leaderelection.member.majority-add = false (default)
2024-02-27 07:45:15,048 [165decaf-3465-4b89-9497-27d6560ecac2-groupManagement] INFO  server.RaftServerConfigKeys (ConfUtils.java:logGet(46)) - raft.server.sleep.deviation.threshold = 300ms (default)
2024-02-27 07:45:15,048 [165decaf-3465-4b89-9497-27d6560ecac2-groupManagement] INFO  server.RaftServer$Division (ServerState.java:<init>(113)) - 165decaf-3465-4b89-9497-27d6560ecac2@group-169102E84844: ConfigurationManager, init=-1: peers:[4d28c94a-4d53-4519-b3c9-3a16e9947616|10.1.0.19:15160, af24d6c8-12f8-4751-8a80-28c60b0258e3|10.1.0.19:15151, 165decaf-3465-4b89-9497-27d6560ecac2|10.1.0.19:15169]|listeners:[], old=null, confs=<EMPTY_MAP>
2024-02-27 07:45:15,048 [165decaf-3465-4b89-9497-27d6560ecac2-groupManagement] INFO  server.RaftServerConfigKeys (ConfUtils.java:logGet(46)) - raft.server.notification.no-leader.timeout = 300s (custom)
2024-02-27 07:45:15,048 [165decaf-3465-4b89-9497-27d6560ecac2-groupManagement] INFO  server.RaftServerConfigKeys (ConfUtils.java:logGet(46)) - raft.server.read.timeout = 10s (default)
2024-02-27 07:45:15,048 [165decaf-3465-4b89-9497-27d6560ecac2-groupManagement] INFO  server.RaftServerConfigKeys (ConfUtils.java:logGet(46)) - raft.server.retrycache.expirytime = 600000ms (custom)
2024-02-27 07:45:15,049 [165decaf-3465-4b89-9497-27d6560ecac2-groupManagement] INFO  server.RaftServerConfigKeys (ConfUtils.java:logGet(46)) - raft.server.retrycache.statistics.expirytime = 100ms (default)
2024-02-27 07:45:15,049 [165decaf-3465-4b89-9497-27d6560ecac2-groupManagement] INFO  server.RaftServerConfigKeys (ConfUtils.java:logGet(46)) - raft.server.read.option = DEFAULT (default)
2024-02-27 07:45:15,049 [165decaf-3465-4b89-9497-27d6560ecac2-groupManagement] INFO  server.RaftServerConfigKeys (ConfUtils.java:logGet(46)) - raft.server.read.read-after-write-consistent.write-index-cache.expiry-time = 60s (default)
2024-02-27 07:45:15,050 [165decaf-3465-4b89-9497-27d6560ecac2-groupManagement] INFO  server.RaftServerConfigKeys (ConfUtils.java:logGet(46)) - raft.server.rpc.request.timeout = 60s (custom)
2024-02-27 07:45:15,050 [165decaf-3465-4b89-9497-27d6560ecac2-groupManagement] INFO  server.RaftServerConfigKeys (ConfUtils.java:logGet(46)) - raft.server.log.appender.install.snapshot.enabled = false (custom)
2024-02-27 07:45:15,050 [165decaf-3465-4b89-9497-27d6560ecac2-groupManagement] INFO  server.RaftServerConfigKeys (ConfUtils.java:logGet(46)) - raft.server.threadpool.server.cached = true (default)
2024-02-27 07:45:15,050 [165decaf-3465-4b89-9497-27d6560ecac2-groupManagement] INFO  server.RaftServerConfigKeys (ConfUtils.java:logGet(46)) - raft.server.threadpool.server.size = 0 (default)
2024-02-27 07:45:15,050 [165decaf-3465-4b89-9497-27d6560ecac2-groupManagement] INFO  server.RaftServerConfigKeys (ConfUtils.java:logGet(46)) - raft.server.threadpool.client.cached = true (default)
2024-02-27 07:45:15,050 [165decaf-3465-4b89-9497-27d6560ecac2-groupManagement] INFO  server.RaftServerConfigKeys (ConfUtils.java:logGet(46)) - raft.server.threadpool.client.size = 0 (default)
2024-02-27 07:45:15,050 [165decaf-3465-4b89-9497-27d6560ecac2-groupManagement] INFO  server.RaftServerConfigKeys (ConfUtils.java:logGet(46)) - raft.server.storage.free-space.min = 0MB (=0) (default)
2024-02-27 07:45:15,050 [165decaf-3465-4b89-9497-27d6560ecac2-groupManagement] INFO  server.RaftServerConfigKeys (ConfUtils.java:logGet(46)) - raft.server.log.corruption.policy = EXCEPTION (default)
2024-02-27 07:45:15,050 [165decaf-3465-4b89-9497-27d6560ecac2-groupManagement] INFO  server.RaftServerConfigKeys (ConfUtils.java:logGet(46)) - raft.server.storage.dir = [/home/runner/work/ozone/ozone/hadoop-ozone/integration-test/target/test-dir/MiniOzoneClusterImpl-b00976b7-23bc-4195-b1b8-a51685bf3827/ozone-meta/datanode-3/ratis] (custom)
2024-02-27 07:45:15,050 [165decaf-3465-4b89-9497-27d6560ecac2-groupManagement] INFO  storage.RaftStorageDirectory (RaftStorageDirectoryImpl.java:analyzeStorage(138)) - The storage directory /home/runner/work/ozone/ozone/hadoop-ozone/integration-test/target/test-dir/MiniOzoneClusterImpl-b00976b7-23bc-4195-b1b8-a51685bf3827/ozone-meta/datanode-3/ratis/0288776f-0b9d-4911-a9ef-169102e84844 does not exist. Creating ...
2024-02-27 07:45:15,051 [165decaf-3465-4b89-9497-27d6560ecac2-groupManagement] INFO  storage.RaftStorageDirectory (RaftStorageDirectoryImpl.java:tryLock(228)) - Lock on /home/runner/work/ozone/ozone/hadoop-ozone/integration-test/target/test-dir/MiniOzoneClusterImpl-b00976b7-23bc-4195-b1b8-a51685bf3827/ozone-meta/datanode-3/ratis/0288776f-0b9d-4911-a9ef-169102e84844/in_use.lock acquired by nodename 40924@fv-az699-61
2024-02-27 07:45:15,052 [165decaf-3465-4b89-9497-27d6560ecac2-groupManagement] INFO  storage.RaftStorage (RaftStorageImpl.java:format(99)) - Storage directory /home/runner/work/ozone/ozone/hadoop-ozone/integration-test/target/test-dir/MiniOzoneClusterImpl-b00976b7-23bc-4195-b1b8-a51685bf3827/ozone-meta/datanode-3/ratis/0288776f-0b9d-4911-a9ef-169102e84844 has been successfully formatted.
2024-02-27 07:45:15,052 [165decaf-3465-4b89-9497-27d6560ecac2-groupManagement] WARN  util.FileUtils (LogUtils.java:supplyAndLog(63)) - Failed to Files.newInputStream /home/runner/work/ozone/ozone/hadoop-ozone/integration-test/target/test-dir/MiniOzoneClusterImpl-b00976b7-23bc-4195-b1b8-a51685bf3827/ozone-meta/datanode-3/ratis/0288776f-0b9d-4911-a9ef-169102e84844/current/raft-meta.conf with options []: java.nio.file.NoSuchFileException: /home/runner/work/ozone/ozone/hadoop-ozone/integration-test/target/test-dir/MiniOzoneClusterImpl-b00976b7-23bc-4195-b1b8-a51685bf3827/ozone-meta/datanode-3/ratis/0288776f-0b9d-4911-a9ef-169102e84844/current/raft-meta.conf
2024-02-27 07:45:15,053 [165decaf-3465-4b89-9497-27d6560ecac2-groupManagement] INFO  ratis.ContainerStateMachine (ContainerStateMachine.java:loadSnapshot(287)) - group-169102E84844: The snapshot info is null. Setting the last applied index to:(t:0, i:~)
2024-02-27 07:45:15,053 [165decaf-3465-4b89-9497-27d6560ecac2-groupManagement] INFO  server.RaftServerConfigKeys (ConfUtils.java:logGet(46)) - raft.server.log.use.memory = false (default)
2024-02-27 07:45:15,053 [165decaf-3465-4b89-9497-27d6560ecac2-groupManagement] INFO  server.RaftServerConfigKeys (ConfUtils.java:logGet(46)) - raft.server.log.purge.gap = 1000000 (custom)
2024-02-27 07:45:15,053 [165decaf-3465-4b89-9497-27d6560ecac2-groupManagement] INFO  server.RaftServerConfigKeys (ConfUtils.java:logGet(46)) - raft.server.log.appender.buffer.byte-limit = 8388608 (custom)
2024-02-27 07:45:15,053 [165decaf-3465-4b89-9497-27d6560ecac2-groupManagement] INFO  server.RaftServerConfigKeys (ConfUtils.java:logGet(46)) - raft.server.log.statemachine.data.read.timeout = 1000ms (default)
2024-02-27 07:45:15,053 [165decaf-3465-4b89-9497-27d6560ecac2-groupManagement] INFO  server.RaftServerConfigKeys (ConfUtils.java:logGet(46)) - raft.server.log.purge.preservation.log.num = 0 (default)
2024-02-27 07:45:15,054 [165decaf-3465-4b89-9497-27d6560ecac2-groupManagement] INFO  server.RaftServerConfigKeys (ConfUtils.java:logGet(46)) - raft.server.log.segment.size.max = 67108864 (custom)
2024-02-27 07:45:15,054 [165decaf-3465-4b89-9497-27d6560ecac2-groupManagement] INFO  server.RaftServerConfigKeys (ConfUtils.java:logGet(46)) - raft.server.log.segment.cache.num.max = 2 (custom)
2024-02-27 07:45:15,054 [165decaf-3465-4b89-9497-27d6560ecac2-groupManagement] INFO  server.RaftServerConfigKeys (ConfUtils.java:logGet(46)) - raft.server.log.segment.cache.size.max = 200MB (=209715200) (default)
2024-02-27 07:45:15,054 [165decaf-3465-4b89-9497-27d6560ecac2-groupManagement] INFO  server.RaftServerConfigKeys (ConfUtils.java:logGet(46)) - raft.server.log.appender.buffer.byte-limit = 8388608 (custom)
2024-02-27 07:45:15,054 [165decaf-3465-4b89-9497-27d6560ecac2-groupManagement] INFO  util.AwaitToRun (AwaitToRun.java:start(81)) - Thread[165decaf-3465-4b89-9497-27d6560ecac2@group-169102E84844-cacheEviction-AwaitToRun,5,main] started
2024-02-27 07:45:15,054 [165decaf-3465-4b89-9497-27d6560ecac2-groupManagement] INFO  segmented.SegmentedRaftLogWorker (SegmentedRaftLogWorker.java:<init>(182)) - new 165decaf-3465-4b89-9497-27d6560ecac2@group-169102E84844-SegmentedRaftLogWorker for RaftStorageImpl:Storage Directory /home/runner/work/ozone/ozone/hadoop-ozone/integration-test/target/test-dir/MiniOzoneClusterImpl-b00976b7-23bc-4195-b1b8-a51685bf3827/ozone-meta/datanode-3/ratis/0288776f-0b9d-4911-a9ef-169102e84844
2024-02-27 07:45:15,055 [165decaf-3465-4b89-9497-27d6560ecac2-groupManagement] INFO  server.RaftServerConfigKeys (ConfUtils.java:logGet(46)) - raft.server.log.queue.byte-limit = 4294967296 (custom)
2024-02-27 07:45:15,055 [165decaf-3465-4b89-9497-27d6560ecac2-groupManagement] INFO  server.RaftServerConfigKeys (ConfUtils.java:logGet(46)) - raft.server.log.queue.element-limit = 1024 (custom)
2024-02-27 07:45:15,055 [165decaf-3465-4b89-9497-27d6560ecac2-groupManagement] INFO  server.RaftServerConfigKeys (ConfUtils.java:logGet(46)) - raft.server.log.segment.size.max = 67108864 (custom)
2024-02-27 07:45:15,055 [165decaf-3465-4b89-9497-27d6560ecac2-groupManagement] INFO  server.RaftServerConfigKeys (ConfUtils.java:logGet(46)) - raft.server.log.preallocated.size = 4194304 (custom)
2024-02-27 07:45:15,055 [165decaf-3465-4b89-9497-27d6560ecac2-groupManagement] INFO  server.RaftServerConfigKeys (ConfUtils.java:logGet(46)) - raft.server.log.force.sync.num = 128 (default)
2024-02-27 07:45:15,055 [165decaf-3465-4b89-9497-27d6560ecac2-groupManagement] INFO  server.RaftServerConfigKeys (ConfUtils.java:logGet(46)) - raft.server.log.statemachine.data.sync = true (default)
2024-02-27 07:45:15,055 [165decaf-3465-4b89-9497-27d6560ecac2-groupManagement] INFO  server.RaftServerConfigKeys (ConfUtils.java:logGet(46)) - raft.server.log.statemachine.data.sync.timeout = 10s (default)
2024-02-27 07:45:15,055 [165decaf-3465-4b89-9497-27d6560ecac2-groupManagement] INFO  server.RaftServerConfigKeys (ConfUtils.java:logGet(46)) - raft.server.log.statemachine.data.sync.timeout.retry = 0 (custom)
2024-02-27 07:45:15,055 [165decaf-3465-4b89-9497-27d6560ecac2-groupManagement] INFO  server.RaftServerConfigKeys (ConfUtils.java:logGet(46)) - raft.server.log.write.buffer.size = 8388616 (custom)
2024-02-27 07:45:15,056 [165decaf-3465-4b89-9497-27d6560ecac2-groupManagement] INFO  server.RaftServerConfigKeys (ConfUtils.java:logGet(46)) - raft.server.log.appender.buffer.byte-limit = 8388608 (custom)
2024-02-27 07:45:15,056 [165decaf-3465-4b89-9497-27d6560ecac2-groupManagement] INFO  server.RaftServerConfigKeys (ConfUtils.java:logGet(46)) - raft.server.log.unsafe-flush.enabled = false (default)
2024-02-27 07:45:15,056 [165decaf-3465-4b89-9497-27d6560ecac2-groupManagement] INFO  server.RaftServerConfigKeys (ConfUtils.java:logGet(46)) - raft.server.log.async-flush.enabled = false (default)
2024-02-27 07:45:15,057 [165decaf-3465-4b89-9497-27d6560ecac2-groupManagement] INFO  server.RaftServerConfigKeys (ConfUtils.java:logGet(46)) - raft.server.log.statemachine.data.caching.enabled = true (custom)
2024-02-27 07:45:15,057 [165decaf-3465-4b89-9497-27d6560ecac2-groupManagement] INFO  segmented.SegmentedRaftLogWorker (SegmentedRaftLogWorker.java:lambda$new$0(134)) - 165decaf-3465-4b89-9497-27d6560ecac2@group-169102E84844-SegmentedRaftLogWorker: flushIndex: setUnconditionally 0 -> -1
2024-02-27 07:45:15,057 [165decaf-3465-4b89-9497-27d6560ecac2-groupManagement] INFO  segmented.SegmentedRaftLogWorker (SegmentedRaftLogWorker.java:lambda$new$0(134)) - 165decaf-3465-4b89-9497-27d6560ecac2@group-169102E84844-SegmentedRaftLogWorker: safeCacheEvictIndex: setUnconditionally 0 -> -1
2024-02-27 07:45:15,057 [165decaf-3465-4b89-9497-27d6560ecac2-groupManagement] INFO  server.RaftServer$Division (RaftServerImpl.java:start(396)) - 165decaf-3465-4b89-9497-27d6560ecac2@group-169102E84844: start as a follower, conf=-1: peers:[4d28c94a-4d53-4519-b3c9-3a16e9947616|10.1.0.19:15160, af24d6c8-12f8-4751-8a80-28c60b0258e3|10.1.0.19:15151, 165decaf-3465-4b89-9497-27d6560ecac2|10.1.0.19:15169]|listeners:[], old=null
2024-02-27 07:45:15,057 [165decaf-3465-4b89-9497-27d6560ecac2-groupManagement] INFO  server.RaftServer$Division (RaftServerImpl.java:setRole(383)) - 165decaf-3465-4b89-9497-27d6560ecac2@group-169102E84844: changes role from      null to FOLLOWER at term 0 for startAsFollower
2024-02-27 07:45:15,057 [165decaf-3465-4b89-9497-27d6560ecac2-groupManagement] INFO  impl.RoleInfo (RoleInfo.java:updateAndGet(139)) - 165decaf-3465-4b89-9497-27d6560ecac2: start 165decaf-3465-4b89-9497-27d6560ecac2@group-169102E84844-FollowerState
2024-02-27 07:45:15,057 [165decaf-3465-4b89-9497-27d6560ecac2-groupManagement] INFO  util.JmxRegister (JmxRegister.java:tryRegister(44)) - Successfully registered JMX Bean with object name Ratis:service=RaftServer,group=group-169102E84844,id=165decaf-3465-4b89-9497-27d6560ecac2
2024-02-27 07:45:15,057 [165decaf-3465-4b89-9497-27d6560ecac2@group-169102E84844-FollowerState] INFO  server.RaftServerConfigKeys (ConfUtils.java:logFallback(53)) - raft.server.rpc.first-election.timeout.min = 5s (fallback to raft.server.rpc.timeout.min)
2024-02-27 07:45:15,057 [165decaf-3465-4b89-9497-27d6560ecac2-groupManagement] INFO  server.RaftServerConfigKeys (ConfUtils.java:logGet(46)) - raft.server.snapshot.trigger-when-stop.enabled = true (default)
2024-02-27 07:45:15,057 [165decaf-3465-4b89-9497-27d6560ecac2@group-169102E84844-FollowerState] INFO  server.RaftServerConfigKeys (ConfUtils.java:logFallback(53)) - raft.server.rpc.first-election.timeout.max = 5200ms (fallback to raft.server.rpc.timeout.max)
2024-02-27 07:45:15,057 [165decaf-3465-4b89-9497-27d6560ecac2-groupManagement] INFO  server.RaftServerConfigKeys (ConfUtils.java:logGet(46)) - raft.server.snapshot.auto.trigger.enabled = true (custom)
2024-02-27 07:45:15,058 [165decaf-3465-4b89-9497-27d6560ecac2-groupManagement] INFO  server.RaftServerConfigKeys (ConfUtils.java:logGet(46)) - raft.server.snapshot.auto.trigger.threshold = 10000 (custom)
2024-02-27 07:45:15,058 [165decaf-3465-4b89-9497-27d6560ecac2-groupManagement] INFO  server.RaftServerConfigKeys (ConfUtils.java:logGet(46)) - raft.server.snapshot.retention.file.num = 5 (custom)
2024-02-27 07:45:15,058 [165decaf-3465-4b89-9497-27d6560ecac2-groupManagement] INFO  server.RaftServerConfigKeys (ConfUtils.java:logGet(46)) - raft.server.log.purge.upto.snapshot.index = false (default)
2024-02-27 07:45:15,068 [grpc-default-executor-4] INFO  server.RaftServer (RaftServerProxy.java:addNew(100)) - 4d28c94a-4d53-4519-b3c9-3a16e9947616: addNew group-169102E84844:[4d28c94a-4d53-4519-b3c9-3a16e9947616|10.1.0.19:15160, af24d6c8-12f8-4751-8a80-28c60b0258e3|10.1.0.19:15151, 165decaf-3465-4b89-9497-27d6560ecac2|10.1.0.19:15169] returns group-169102E84844:java.util.concurrent.CompletableFuture@1d2e4b38[Not completed]
2024-02-27 07:45:15,068 [4d28c94a-4d53-4519-b3c9-3a16e9947616-groupManagement] INFO  server.RaftServer$Division (RaftServerImpl.java:<init>(256)) - 4d28c94a-4d53-4519-b3c9-3a16e9947616: new RaftServerImpl for group-169102E84844:[4d28c94a-4d53-4519-b3c9-3a16e9947616|10.1.0.19:15160, af24d6c8-12f8-4751-8a80-28c60b0258e3|10.1.0.19:15151, 165decaf-3465-4b89-9497-27d6560ecac2|10.1.0.19:15169] with ContainerStateMachine:uninitialized
2024-02-27 07:45:15,068 [4d28c94a-4d53-4519-b3c9-3a16e9947616-groupManagement] INFO  server.RaftServerConfigKeys (ConfUtils.java:logGet(46)) - raft.server.rpc.timeout.min = 5s (custom)
2024-02-27 07:45:15,068 [4d28c94a-4d53-4519-b3c9-3a16e9947616-groupManagement] INFO  server.RaftServerConfigKeys (ConfUtils.java:logGet(46)) - raft.server.rpc.timeout.max = 5200ms (custom)
2024-02-27 07:45:15,069 [4d28c94a-4d53-4519-b3c9-3a16e9947616-groupManagement] INFO  server.RaftServerConfigKeys (ConfUtils.java:logGet(46)) - raft.server.rpc.sleep.time = 25ms (default)
2024-02-27 07:45:15,069 [4d28c94a-4d53-4519-b3c9-3a16e9947616-groupManagement] INFO  server.RaftServerConfigKeys (ConfUtils.java:logGet(46)) - raft.server.rpc.slowness.timeout = 300s (custom)
2024-02-27 07:45:15,069 [4d28c94a-4d53-4519-b3c9-3a16e9947616-groupManagement] INFO  server.RaftServerConfigKeys (ConfUtils.java:logGet(46)) - raft.server.leaderelection.leader.step-down.wait-time = 10s (default)
2024-02-27 07:45:15,070 [4d28c94a-4d53-4519-b3c9-3a16e9947616-groupManagement] INFO  server.RaftServerConfigKeys (ConfUtils.java:logGet(46)) - raft.server.leaderelection.member.majority-add = false (default)
2024-02-27 07:45:15,070 [4d28c94a-4d53-4519-b3c9-3a16e9947616-groupManagement] INFO  server.RaftServerConfigKeys (ConfUtils.java:logGet(46)) - raft.server.sleep.deviation.threshold = 300ms (default)
2024-02-27 07:45:15,070 [4d28c94a-4d53-4519-b3c9-3a16e9947616-groupManagement] INFO  server.RaftServer$Division (ServerState.java:<init>(113)) - 4d28c94a-4d53-4519-b3c9-3a16e9947616@group-169102E84844: ConfigurationManager, init=-1: peers:[4d28c94a-4d53-4519-b3c9-3a16e9947616|10.1.0.19:15160, af24d6c8-12f8-4751-8a80-28c60b0258e3|10.1.0.19:15151, 165decaf-3465-4b89-9497-27d6560ecac2|10.1.0.19:15169]|listeners:[], old=null, confs=<EMPTY_MAP>
2024-02-27 07:45:15,070 [4d28c94a-4d53-4519-b3c9-3a16e9947616-groupManagement] INFO  server.RaftServerConfigKeys (ConfUtils.java:logGet(46)) - raft.server.notification.no-leader.timeout = 300s (custom)
2024-02-27 07:45:15,070 [4d28c94a-4d53-4519-b3c9-3a16e9947616-groupManagement] INFO  server.RaftServerConfigKeys (ConfUtils.java:logGet(46)) - raft.server.read.timeout = 10s (default)
2024-02-27 07:45:15,070 [4d28c94a-4d53-4519-b3c9-3a16e9947616-groupManagement] INFO  server.RaftServerConfigKeys (ConfUtils.java:logGet(46)) - raft.server.retrycache.expirytime = 600000ms (custom)
2024-02-27 07:45:15,070 [4d28c94a-4d53-4519-b3c9-3a16e9947616-groupManagement] INFO  server.RaftServerConfigKeys (ConfUtils.java:logGet(46)) - raft.server.retrycache.statistics.expirytime = 100ms (default)
2024-02-27 07:45:15,071 [4d28c94a-4d53-4519-b3c9-3a16e9947616-groupManagement] INFO  server.RaftServerConfigKeys (ConfUtils.java:logGet(46)) - raft.server.read.option = DEFAULT (default)
2024-02-27 07:45:15,071 [4d28c94a-4d53-4519-b3c9-3a16e9947616-groupManagement] INFO  server.RaftServerConfigKeys (ConfUtils.java:logGet(46)) - raft.server.read.read-after-write-consistent.write-index-cache.expiry-time = 60s (default)
2024-02-27 07:45:15,072 [4d28c94a-4d53-4519-b3c9-3a16e9947616-groupManagement] INFO  server.RaftServerConfigKeys (ConfUtils.java:logGet(46)) - raft.server.rpc.request.timeout = 60s (custom)
2024-02-27 07:45:15,072 [4d28c94a-4d53-4519-b3c9-3a16e9947616-groupManagement] INFO  server.RaftServerConfigKeys (ConfUtils.java:logGet(46)) - raft.server.log.appender.install.snapshot.enabled = false (custom)
2024-02-27 07:45:15,072 [4d28c94a-4d53-4519-b3c9-3a16e9947616-groupManagement] INFO  server.RaftServerConfigKeys (ConfUtils.java:logGet(46)) - raft.server.threadpool.server.cached = true (default)
2024-02-27 07:45:15,072 [4d28c94a-4d53-4519-b3c9-3a16e9947616-groupManagement] INFO  server.RaftServerConfigKeys (ConfUtils.java:logGet(46)) - raft.server.threadpool.server.size = 0 (default)
2024-02-27 07:45:15,072 [4d28c94a-4d53-4519-b3c9-3a16e9947616-groupManagement] INFO  server.RaftServerConfigKeys (ConfUtils.java:logGet(46)) - raft.server.threadpool.client.cached = true (default)
2024-02-27 07:45:15,072 [4d28c94a-4d53-4519-b3c9-3a16e9947616-groupManagement] INFO  server.RaftServerConfigKeys (ConfUtils.java:logGet(46)) - raft.server.threadpool.client.size = 0 (default)
2024-02-27 07:45:15,073 [4d28c94a-4d53-4519-b3c9-3a16e9947616-groupManagement] INFO  server.RaftServerConfigKeys (ConfUtils.java:logGet(46)) - raft.server.storage.free-space.min = 0MB (=0) (default)
2024-02-27 07:45:15,073 [4d28c94a-4d53-4519-b3c9-3a16e9947616-groupManagement] INFO  server.RaftServerConfigKeys (ConfUtils.java:logGet(46)) - raft.server.log.corruption.policy = EXCEPTION (default)
2024-02-27 07:45:15,073 [4d28c94a-4d53-4519-b3c9-3a16e9947616-groupManagement] INFO  server.RaftServerConfigKeys (ConfUtils.java:logGet(46)) - raft.server.storage.dir = [/home/runner/work/ozone/ozone/hadoop-ozone/integration-test/target/test-dir/MiniOzoneClusterImpl-b00976b7-23bc-4195-b1b8-a51685bf3827/ozone-meta/datanode-2/ratis] (custom)
2024-02-27 07:45:15,073 [4d28c94a-4d53-4519-b3c9-3a16e9947616-groupManagement] INFO  storage.RaftStorageDirectory (RaftStorageDirectoryImpl.java:analyzeStorage(138)) - The storage directory /home/runner/work/ozone/ozone/hadoop-ozone/integration-test/target/test-dir/MiniOzoneClusterImpl-b00976b7-23bc-4195-b1b8-a51685bf3827/ozone-meta/datanode-2/ratis/0288776f-0b9d-4911-a9ef-169102e84844 does not exist. Creating ...
2024-02-27 07:45:15,074 [4d28c94a-4d53-4519-b3c9-3a16e9947616-groupManagement] INFO  storage.RaftStorageDirectory (RaftStorageDirectoryImpl.java:tryLock(228)) - Lock on /home/runner/work/ozone/ozone/hadoop-ozone/integration-test/target/test-dir/MiniOzoneClusterImpl-b00976b7-23bc-4195-b1b8-a51685bf3827/ozone-meta/datanode-2/ratis/0288776f-0b9d-4911-a9ef-169102e84844/in_use.lock acquired by nodename 40924@fv-az699-61
2024-02-27 07:45:15,075 [4d28c94a-4d53-4519-b3c9-3a16e9947616-groupManagement] INFO  storage.RaftStorage (RaftStorageImpl.java:format(99)) - Storage directory /home/runner/work/ozone/ozone/hadoop-ozone/integration-test/target/test-dir/MiniOzoneClusterImpl-b00976b7-23bc-4195-b1b8-a51685bf3827/ozone-meta/datanode-2/ratis/0288776f-0b9d-4911-a9ef-169102e84844 has been successfully formatted.
2024-02-27 07:45:15,076 [4d28c94a-4d53-4519-b3c9-3a16e9947616-groupManagement] WARN  util.FileUtils (LogUtils.java:supplyAndLog(63)) - Failed to Files.newInputStream /home/runner/work/ozone/ozone/hadoop-ozone/integration-test/target/test-dir/MiniOzoneClusterImpl-b00976b7-23bc-4195-b1b8-a51685bf3827/ozone-meta/datanode-2/ratis/0288776f-0b9d-4911-a9ef-169102e84844/current/raft-meta.conf with options []: java.nio.file.NoSuchFileException: /home/runner/work/ozone/ozone/hadoop-ozone/integration-test/target/test-dir/MiniOzoneClusterImpl-b00976b7-23bc-4195-b1b8-a51685bf3827/ozone-meta/datanode-2/ratis/0288776f-0b9d-4911-a9ef-169102e84844/current/raft-meta.conf
2024-02-27 07:45:15,076 [4d28c94a-4d53-4519-b3c9-3a16e9947616-groupManagement] INFO  ratis.ContainerStateMachine (ContainerStateMachine.java:loadSnapshot(287)) - group-169102E84844: The snapshot info is null. Setting the last applied index to:(t:0, i:~)
2024-02-27 07:45:15,076 [4d28c94a-4d53-4519-b3c9-3a16e9947616-groupManagement] INFO  server.RaftServerConfigKeys (ConfUtils.java:logGet(46)) - raft.server.log.use.memory = false (default)
2024-02-27 07:45:15,077 [4d28c94a-4d53-4519-b3c9-3a16e9947616-groupManagement] INFO  server.RaftServerConfigKeys (ConfUtils.java:logGet(46)) - raft.server.log.purge.gap = 1000000 (custom)
2024-02-27 07:45:15,077 [4d28c94a-4d53-4519-b3c9-3a16e9947616-groupManagement] INFO  server.RaftServerConfigKeys (ConfUtils.java:logGet(46)) - raft.server.log.appender.buffer.byte-limit = 8388608 (custom)
2024-02-27 07:45:15,077 [4d28c94a-4d53-4519-b3c9-3a16e9947616-groupManagement] INFO  server.RaftServerConfigKeys (ConfUtils.java:logGet(46)) - raft.server.log.statemachine.data.read.timeout = 1000ms (default)
2024-02-27 07:45:15,077 [4d28c94a-4d53-4519-b3c9-3a16e9947616-groupManagement] INFO  server.RaftServerConfigKeys (ConfUtils.java:logGet(46)) - raft.server.log.purge.preservation.log.num = 0 (default)
2024-02-27 07:45:15,077 [4d28c94a-4d53-4519-b3c9-3a16e9947616-groupManagement] INFO  server.RaftServerConfigKeys (ConfUtils.java:logGet(46)) - raft.server.log.segment.size.max = 67108864 (custom)
2024-02-27 07:45:15,078 [4d28c94a-4d53-4519-b3c9-3a16e9947616-groupManagement] INFO  server.RaftServerConfigKeys (ConfUtils.java:logGet(46)) - raft.server.log.segment.cache.num.max = 2 (custom)
2024-02-27 07:45:15,078 [4d28c94a-4d53-4519-b3c9-3a16e9947616-groupManagement] INFO  server.RaftServerConfigKeys (ConfUtils.java:logGet(46)) - raft.server.log.segment.cache.size.max = 200MB (=209715200) (default)
2024-02-27 07:45:15,078 [4d28c94a-4d53-4519-b3c9-3a16e9947616-groupManagement] INFO  server.RaftServerConfigKeys (ConfUtils.java:logGet(46)) - raft.server.log.appender.buffer.byte-limit = 8388608 (custom)
2024-02-27 07:45:15,078 [4d28c94a-4d53-4519-b3c9-3a16e9947616-groupManagement] INFO  util.AwaitToRun (AwaitToRun.java:start(81)) - Thread[4d28c94a-4d53-4519-b3c9-3a16e9947616@group-169102E84844-cacheEviction-AwaitToRun,5,main] started
2024-02-27 07:45:15,078 [4d28c94a-4d53-4519-b3c9-3a16e9947616-groupManagement] INFO  segmented.SegmentedRaftLogWorker (SegmentedRaftLogWorker.java:<init>(182)) - new 4d28c94a-4d53-4519-b3c9-3a16e9947616@group-169102E84844-SegmentedRaftLogWorker for RaftStorageImpl:Storage Directory /home/runner/work/ozone/ozone/hadoop-ozone/integration-test/target/test-dir/MiniOzoneClusterImpl-b00976b7-23bc-4195-b1b8-a51685bf3827/ozone-meta/datanode-2/ratis/0288776f-0b9d-4911-a9ef-169102e84844
2024-02-27 07:45:15,078 [4d28c94a-4d53-4519-b3c9-3a16e9947616-groupManagement] INFO  server.RaftServerConfigKeys (ConfUtils.java:logGet(46)) - raft.server.log.queue.byte-limit = 4294967296 (custom)
2024-02-27 07:45:15,078 [4d28c94a-4d53-4519-b3c9-3a16e9947616-groupManagement] INFO  server.RaftServerConfigKeys (ConfUtils.java:logGet(46)) - raft.server.log.queue.element-limit = 1024 (custom)
2024-02-27 07:45:15,078 [4d28c94a-4d53-4519-b3c9-3a16e9947616-groupManagement] INFO  server.RaftServerConfigKeys (ConfUtils.java:logGet(46)) - raft.server.log.segment.size.max = 67108864 (custom)
2024-02-27 07:45:15,078 [4d28c94a-4d53-4519-b3c9-3a16e9947616-groupManagement] INFO  server.RaftServerConfigKeys (ConfUtils.java:logGet(46)) - raft.server.log.preallocated.size = 4194304 (custom)
2024-02-27 07:45:15,078 [4d28c94a-4d53-4519-b3c9-3a16e9947616-groupManagement] INFO  server.RaftServerConfigKeys (ConfUtils.java:logGet(46)) - raft.server.log.force.sync.num = 128 (default)
2024-02-27 07:45:15,078 [4d28c94a-4d53-4519-b3c9-3a16e9947616-groupManagement] INFO  server.RaftServerConfigKeys (ConfUtils.java:logGet(46)) - raft.server.log.statemachine.data.sync = true (default)
2024-02-27 07:45:15,078 [4d28c94a-4d53-4519-b3c9-3a16e9947616-groupManagement] INFO  server.RaftServerConfigKeys (ConfUtils.java:logGet(46)) - raft.server.log.statemachine.data.sync.timeout = 10s (default)
2024-02-27 07:45:15,078 [4d28c94a-4d53-4519-b3c9-3a16e9947616-groupManagement] INFO  server.RaftServerConfigKeys (ConfUtils.java:logGet(46)) - raft.server.log.statemachine.data.sync.timeout.retry = 0 (custom)
2024-02-27 07:45:15,079 [4d28c94a-4d53-4519-b3c9-3a16e9947616-groupManagement] INFO  server.RaftServerConfigKeys (ConfUtils.java:logGet(46)) - raft.server.log.write.buffer.size = 8388616 (custom)
2024-02-27 07:45:15,080 [4d28c94a-4d53-4519-b3c9-3a16e9947616-groupManagement] INFO  server.RaftServerConfigKeys (ConfUtils.java:logGet(46)) - raft.server.log.appender.buffer.byte-limit = 8388608 (custom)
2024-02-27 07:45:15,080 [4d28c94a-4d53-4519-b3c9-3a16e9947616-groupManagement] INFO  server.RaftServerConfigKeys (ConfUtils.java:logGet(46)) - raft.server.log.unsafe-flush.enabled = false (default)
2024-02-27 07:45:15,080 [4d28c94a-4d53-4519-b3c9-3a16e9947616-groupManagement] INFO  server.RaftServerConfigKeys (ConfUtils.java:logGet(46)) - raft.server.log.async-flush.enabled = false (default)
2024-02-27 07:45:15,080 [4d28c94a-4d53-4519-b3c9-3a16e9947616-groupManagement] INFO  server.RaftServerConfigKeys (ConfUtils.java:logGet(46)) - raft.server.log.statemachine.data.caching.enabled = true (custom)
2024-02-27 07:45:15,081 [4d28c94a-4d53-4519-b3c9-3a16e9947616-groupManagement] INFO  segmented.SegmentedRaftLogWorker (SegmentedRaftLogWorker.java:lambda$new$0(134)) - 4d28c94a-4d53-4519-b3c9-3a16e9947616@group-169102E84844-SegmentedRaftLogWorker: flushIndex: setUnconditionally 0 -> -1
2024-02-27 07:45:15,081 [4d28c94a-4d53-4519-b3c9-3a16e9947616-groupManagement] INFO  segmented.SegmentedRaftLogWorker (SegmentedRaftLogWorker.java:lambda$new$0(134)) - 4d28c94a-4d53-4519-b3c9-3a16e9947616@group-169102E84844-SegmentedRaftLogWorker: safeCacheEvictIndex: setUnconditionally 0 -> -1
2024-02-27 07:45:15,081 [4d28c94a-4d53-4519-b3c9-3a16e9947616-groupManagement] INFO  server.RaftServer$Division (RaftServerImpl.java:start(396)) - 4d28c94a-4d53-4519-b3c9-3a16e9947616@group-169102E84844: start as a follower, conf=-1: peers:[4d28c94a-4d53-4519-b3c9-3a16e9947616|10.1.0.19:15160, af24d6c8-12f8-4751-8a80-28c60b0258e3|10.1.0.19:15151, 165decaf-3465-4b89-9497-27d6560ecac2|10.1.0.19:15169]|listeners:[], old=null
2024-02-27 07:45:15,081 [4d28c94a-4d53-4519-b3c9-3a16e9947616-groupManagement] INFO  server.RaftServer$Division (RaftServerImpl.java:setRole(383)) - 4d28c94a-4d53-4519-b3c9-3a16e9947616@group-169102E84844: changes role from      null to FOLLOWER at term 0 for startAsFollower
2024-02-27 07:45:15,081 [4d28c94a-4d53-4519-b3c9-3a16e9947616-groupManagement] INFO  impl.RoleInfo (RoleInfo.java:updateAndGet(139)) - 4d28c94a-4d53-4519-b3c9-3a16e9947616: start 4d28c94a-4d53-4519-b3c9-3a16e9947616@group-169102E84844-FollowerState
2024-02-27 07:45:15,081 [4d28c94a-4d53-4519-b3c9-3a16e9947616-groupManagement] INFO  util.JmxRegister (JmxRegister.java:tryRegister(44)) - Successfully registered JMX Bean with object name Ratis:service=RaftServer,group=group-169102E84844,id=4d28c94a-4d53-4519-b3c9-3a16e9947616
2024-02-27 07:45:15,081 [4d28c94a-4d53-4519-b3c9-3a16e9947616-groupManagement] INFO  server.RaftServerConfigKeys (ConfUtils.java:logGet(46)) - raft.server.snapshot.trigger-when-stop.enabled = true (default)
2024-02-27 07:45:15,081 [4d28c94a-4d53-4519-b3c9-3a16e9947616-groupManagement] INFO  server.RaftServerConfigKeys (ConfUtils.java:logGet(46)) - raft.server.snapshot.auto.trigger.enabled = true (custom)
2024-02-27 07:45:15,081 [4d28c94a-4d53-4519-b3c9-3a16e9947616-groupManagement] INFO  server.RaftServerConfigKeys (ConfUtils.java:logGet(46)) - raft.server.snapshot.auto.trigger.threshold = 10000 (custom)
2024-02-27 07:45:15,081 [4d28c94a-4d53-4519-b3c9-3a16e9947616-groupManagement] INFO  server.RaftServerConfigKeys (ConfUtils.java:logGet(46)) - raft.server.snapshot.retention.file.num = 5 (custom)
2024-02-27 07:45:15,081 [4d28c94a-4d53-4519-b3c9-3a16e9947616-groupManagement] INFO  server.RaftServerConfigKeys (ConfUtils.java:logGet(46)) - raft.server.log.purge.upto.snapshot.index = false (default)
2024-02-27 07:45:15,081 [4d28c94a-4d53-4519-b3c9-3a16e9947616@group-169102E84844-FollowerState] INFO  server.RaftServerConfigKeys (ConfUtils.java:logFallback(53)) - raft.server.rpc.first-election.timeout.min = 5s (fallback to raft.server.rpc.timeout.min)
2024-02-27 07:45:15,082 [4d28c94a-4d53-4519-b3c9-3a16e9947616@group-169102E84844-FollowerState] INFO  server.RaftServerConfigKeys (ConfUtils.java:logFallback(53)) - raft.server.rpc.first-election.timeout.max = 5200ms (fallback to raft.server.rpc.timeout.max)
2024-02-27 07:45:15,085 [af24d6c8-12f8-4751-8a80-28c60b0258e3-PipelineCommandHandlerThread-0] INFO  commandhandler.CreatePipelineCommandHandler (CreatePipelineCommandHandler.java:lambda$handle$2(124)) - Created Pipeline RATIS THREE PipelineID=0288776f-0b9d-4911-a9ef-169102e84844.
2024-02-27 07:45:15,085 [af24d6c8-12f8-4751-8a80-28c60b0258e3-PipelineCommandHandlerThread-0] INFO  server.RaftServer (RaftServerProxy.java:addNew(100)) - af24d6c8-12f8-4751-8a80-28c60b0258e3: addNew group-0F56344FBE05:[4d28c94a-4d53-4519-b3c9-3a16e9947616|10.1.0.19:15160, af24d6c8-12f8-4751-8a80-28c60b0258e3|10.1.0.19:15151, 165decaf-3465-4b89-9497-27d6560ecac2|10.1.0.19:15169] returns group-0F56344FBE05:java.util.concurrent.CompletableFuture@708b1e39[Not completed]
2024-02-27 07:45:15,086 [af24d6c8-12f8-4751-8a80-28c60b0258e3-groupManagement] INFO  server.RaftServer$Division (RaftServerImpl.java:<init>(256)) - af24d6c8-12f8-4751-8a80-28c60b0258e3: new RaftServerImpl for group-0F56344FBE05:[4d28c94a-4d53-4519-b3c9-3a16e9947616|10.1.0.19:15160, af24d6c8-12f8-4751-8a80-28c60b0258e3|10.1.0.19:15151, 165decaf-3465-4b89-9497-27d6560ecac2|10.1.0.19:15169] with ContainerStateMachine:uninitialized
2024-02-27 07:45:15,086 [af24d6c8-12f8-4751-8a80-28c60b0258e3-groupManagement] INFO  server.RaftServerConfigKeys (ConfUtils.java:logGet(46)) - raft.server.rpc.timeout.min = 5s (custom)
2024-02-27 07:45:15,086 [af24d6c8-12f8-4751-8a80-28c60b0258e3-groupManagement] INFO  server.RaftServerConfigKeys (ConfUtils.java:logGet(46)) - raft.server.rpc.timeout.max = 5200ms (custom)
2024-02-27 07:45:15,086 [af24d6c8-12f8-4751-8a80-28c60b0258e3-groupManagement] INFO  server.RaftServerConfigKeys (ConfUtils.java:logGet(46)) - raft.server.rpc.sleep.time = 25ms (default)
2024-02-27 07:45:15,086 [af24d6c8-12f8-4751-8a80-28c60b0258e3-groupManagement] INFO  server.RaftServerConfigKeys (ConfUtils.java:logGet(46)) - raft.server.rpc.slowness.timeout = 300s (custom)
2024-02-27 07:45:15,086 [af24d6c8-12f8-4751-8a80-28c60b0258e3-groupManagement] INFO  server.RaftServerConfigKeys (ConfUtils.java:logGet(46)) - raft.server.leaderelection.leader.step-down.wait-time = 10s (default)
2024-02-27 07:45:15,087 [af24d6c8-12f8-4751-8a80-28c60b0258e3-groupManagement] INFO  server.RaftServerConfigKeys (ConfUtils.java:logGet(46)) - raft.server.leaderelection.member.majority-add = false (default)
2024-02-27 07:45:15,087 [af24d6c8-12f8-4751-8a80-28c60b0258e3-groupManagement] INFO  server.RaftServerConfigKeys (ConfUtils.java:logGet(46)) - raft.server.sleep.deviation.threshold = 300ms (default)
2024-02-27 07:45:15,087 [af24d6c8-12f8-4751-8a80-28c60b0258e3-groupManagement] INFO  server.RaftServer$Division (ServerState.java:<init>(113)) - af24d6c8-12f8-4751-8a80-28c60b0258e3@group-0F56344FBE05: ConfigurationManager, init=-1: peers:[4d28c94a-4d53-4519-b3c9-3a16e9947616|10.1.0.19:15160, af24d6c8-12f8-4751-8a80-28c60b0258e3|10.1.0.19:15151, 165decaf-3465-4b89-9497-27d6560ecac2|10.1.0.19:15169]|listeners:[], old=null, confs=<EMPTY_MAP>
2024-02-27 07:45:15,087 [af24d6c8-12f8-4751-8a80-28c60b0258e3-groupManagement] INFO  server.RaftServerConfigKeys (ConfUtils.java:logGet(46)) - raft.server.notification.no-leader.timeout = 300s (custom)
2024-02-27 07:45:15,087 [af24d6c8-12f8-4751-8a80-28c60b0258e3-groupManagement] INFO  server.RaftServerConfigKeys (ConfUtils.java:logGet(46)) - raft.server.read.timeout = 10s (default)
2024-02-27 07:45:15,087 [af24d6c8-12f8-4751-8a80-28c60b0258e3-groupManagement] INFO  server.RaftServerConfigKeys (ConfUtils.java:logGet(46)) - raft.server.retrycache.expirytime = 600000ms (custom)
2024-02-27 07:45:15,087 [af24d6c8-12f8-4751-8a80-28c60b0258e3-groupManagement] INFO  server.RaftServerConfigKeys (ConfUtils.java:logGet(46)) - raft.server.retrycache.statistics.expirytime = 100ms (default)
2024-02-27 07:45:15,087 [af24d6c8-12f8-4751-8a80-28c60b0258e3-groupManagement] INFO  server.RaftServerConfigKeys (ConfUtils.java:logGet(46)) - raft.server.read.option = DEFAULT (default)
2024-02-27 07:45:15,087 [af24d6c8-12f8-4751-8a80-28c60b0258e3-groupManagement] INFO  server.RaftServerConfigKeys (ConfUtils.java:logGet(46)) - raft.server.read.read-after-write-consistent.write-index-cache.expiry-time = 60s (default)
2024-02-27 07:45:15,089 [af24d6c8-12f8-4751-8a80-28c60b0258e3-groupManagement] INFO  server.RaftServerConfigKeys (ConfUtils.java:logGet(46)) - raft.server.rpc.request.timeout = 60s (custom)
2024-02-27 07:45:15,089 [af24d6c8-12f8-4751-8a80-28c60b0258e3-groupManagement] INFO  server.RaftServerConfigKeys (ConfUtils.java:logGet(46)) - raft.server.log.appender.install.snapshot.enabled = false (custom)
2024-02-27 07:45:15,089 [af24d6c8-12f8-4751-8a80-28c60b0258e3-groupManagement] INFO  server.RaftServerConfigKeys (ConfUtils.java:logGet(46)) - raft.server.threadpool.server.cached = true (default)
2024-02-27 07:45:15,089 [af24d6c8-12f8-4751-8a80-28c60b0258e3-groupManagement] INFO  server.RaftServerConfigKeys (ConfUtils.java:logGet(46)) - raft.server.threadpool.server.size = 0 (default)
2024-02-27 07:45:15,089 [af24d6c8-12f8-4751-8a80-28c60b0258e3-groupManagement] INFO  server.RaftServerConfigKeys (ConfUtils.java:logGet(46)) - raft.server.threadpool.client.cached = true (default)
2024-02-27 07:45:15,089 [af24d6c8-12f8-4751-8a80-28c60b0258e3-groupManagement] INFO  server.RaftServerConfigKeys (ConfUtils.java:logGet(46)) - raft.server.threadpool.client.size = 0 (default)
2024-02-27 07:45:15,089 [af24d6c8-12f8-4751-8a80-28c60b0258e3-groupManagement] INFO  server.RaftServerConfigKeys (ConfUtils.java:logGet(46)) - raft.server.storage.free-space.min = 0MB (=0) (default)
2024-02-27 07:45:15,089 [af24d6c8-12f8-4751-8a80-28c60b0258e3-groupManagement] INFO  server.RaftServerConfigKeys (ConfUtils.java:logGet(46)) - raft.server.log.corruption.policy = EXCEPTION (default)
2024-02-27 07:45:15,089 [af24d6c8-12f8-4751-8a80-28c60b0258e3-groupManagement] INFO  server.RaftServerConfigKeys (ConfUtils.java:logGet(46)) - raft.server.storage.dir = [/home/runner/work/ozone/ozone/hadoop-ozone/integration-test/target/test-dir/MiniOzoneClusterImpl-b00976b7-23bc-4195-b1b8-a51685bf3827/ozone-meta/datanode-1/ratis] (custom)
2024-02-27 07:45:15,089 [af24d6c8-12f8-4751-8a80-28c60b0258e3-groupManagement] INFO  storage.RaftStorageDirectory (RaftStorageDirectoryImpl.java:analyzeStorage(138)) - The storage directory /home/runner/work/ozone/ozone/hadoop-ozone/integration-test/target/test-dir/MiniOzoneClusterImpl-b00976b7-23bc-4195-b1b8-a51685bf3827/ozone-meta/datanode-1/ratis/43d9d58e-06d6-49fa-b4cc-0f56344fbe05 does not exist. Creating ...
2024-02-27 07:45:15,090 [af24d6c8-12f8-4751-8a80-28c60b0258e3-groupManagement] INFO  storage.RaftStorageDirectory (RaftStorageDirectoryImpl.java:tryLock(228)) - Lock on /home/runner/work/ozone/ozone/hadoop-ozone/integration-test/target/test-dir/MiniOzoneClusterImpl-b00976b7-23bc-4195-b1b8-a51685bf3827/ozone-meta/datanode-1/ratis/43d9d58e-06d6-49fa-b4cc-0f56344fbe05/in_use.lock acquired by nodename 40924@fv-az699-61
2024-02-27 07:45:15,091 [af24d6c8-12f8-4751-8a80-28c60b0258e3-groupManagement] INFO  storage.RaftStorage (RaftStorageImpl.java:format(99)) - Storage directory /home/runner/work/ozone/ozone/hadoop-ozone/integration-test/target/test-dir/MiniOzoneClusterImpl-b00976b7-23bc-4195-b1b8-a51685bf3827/ozone-meta/datanode-1/ratis/43d9d58e-06d6-49fa-b4cc-0f56344fbe05 has been successfully formatted.
2024-02-27 07:45:15,091 [af24d6c8-12f8-4751-8a80-28c60b0258e3-groupManagement] WARN  util.FileUtils (LogUtils.java:supplyAndLog(63)) - Failed to Files.newInputStream /home/runner/work/ozone/ozone/hadoop-ozone/integration-test/target/test-dir/MiniOzoneClusterImpl-b00976b7-23bc-4195-b1b8-a51685bf3827/ozone-meta/datanode-1/ratis/43d9d58e-06d6-49fa-b4cc-0f56344fbe05/current/raft-meta.conf with options []: java.nio.file.NoSuchFileException: /home/runner/work/ozone/ozone/hadoop-ozone/integration-test/target/test-dir/MiniOzoneClusterImpl-b00976b7-23bc-4195-b1b8-a51685bf3827/ozone-meta/datanode-1/ratis/43d9d58e-06d6-49fa-b4cc-0f56344fbe05/current/raft-meta.conf
2024-02-27 07:45:15,092 [af24d6c8-12f8-4751-8a80-28c60b0258e3-groupManagement] INFO  ratis.ContainerStateMachine (ContainerStateMachine.java:loadSnapshot(287)) - group-0F56344FBE05: The snapshot info is null. Setting the last applied index to:(t:0, i:~)
2024-02-27 07:45:15,092 [af24d6c8-12f8-4751-8a80-28c60b0258e3-groupManagement] INFO  server.RaftServerConfigKeys (ConfUtils.java:logGet(46)) - raft.server.log.use.memory = false (default)
2024-02-27 07:45:15,092 [af24d6c8-12f8-4751-8a80-28c60b0258e3-groupManagement] INFO  server.RaftServerConfigKeys (ConfUtils.java:logGet(46)) - raft.server.log.purge.gap = 1000000 (custom)
2024-02-27 07:45:15,092 [af24d6c8-12f8-4751-8a80-28c60b0258e3-groupManagement] INFO  server.RaftServerConfigKeys (ConfUtils.java:logGet(46)) - raft.server.log.appender.buffer.byte-limit = 8388608 (custom)
2024-02-27 07:45:15,092 [af24d6c8-12f8-4751-8a80-28c60b0258e3-groupManagement] INFO  server.RaftServerConfigKeys (ConfUtils.java:logGet(46)) - raft.server.log.statemachine.data.read.timeout = 1000ms (default)
2024-02-27 07:45:15,092 [EventQueue-OpenPipelineForHealthyPipelineSafeModeRule] INFO  safemode.SCMSafeModeManager (HealthyPipelineSafeModeRule.java:process(140)) - SCM in safe mode. Healthy pipelines reported count is 0, required healthy pipeline reported count is 1
2024-02-27 07:45:15,092 [af24d6c8-12f8-4751-8a80-28c60b0258e3-groupManagement] INFO  server.RaftServerConfigKeys (ConfUtils.java:logGet(46)) - raft.server.log.purge.preservation.log.num = 0 (default)
2024-02-27 07:45:15,093 [af24d6c8-12f8-4751-8a80-28c60b0258e3-groupManagement] INFO  server.RaftServerConfigKeys (ConfUtils.java:logGet(46)) - raft.server.log.segment.size.max = 67108864 (custom)
2024-02-27 07:45:15,093 [af24d6c8-12f8-4751-8a80-28c60b0258e3-groupManagement] INFO  server.RaftServerConfigKeys (ConfUtils.java:logGet(46)) - raft.server.log.segment.cache.num.max = 2 (custom)
2024-02-27 07:45:15,093 [af24d6c8-12f8-4751-8a80-28c60b0258e3-groupManagement] INFO  server.RaftServerConfigKeys (ConfUtils.java:logGet(46)) - raft.server.log.segment.cache.size.max = 200MB (=209715200) (default)
2024-02-27 07:45:15,093 [af24d6c8-12f8-4751-8a80-28c60b0258e3-groupManagement] INFO  server.RaftServerConfigKeys (ConfUtils.java:logGet(46)) - raft.server.log.appender.buffer.byte-limit = 8388608 (custom)
2024-02-27 07:45:15,093 [af24d6c8-12f8-4751-8a80-28c60b0258e3-groupManagement] INFO  util.AwaitToRun (AwaitToRun.java:start(81)) - Thread[af24d6c8-12f8-4751-8a80-28c60b0258e3@group-0F56344FBE05-cacheEviction-AwaitToRun,5,main] started
2024-02-27 07:45:15,094 [af24d6c8-12f8-4751-8a80-28c60b0258e3-groupManagement] INFO  segmented.SegmentedRaftLogWorker (SegmentedRaftLogWorker.java:<init>(182)) - new af24d6c8-12f8-4751-8a80-28c60b0258e3@group-0F56344FBE05-SegmentedRaftLogWorker for RaftStorageImpl:Storage Directory /home/runner/work/ozone/ozone/hadoop-ozone/integration-test/target/test-dir/MiniOzoneClusterImpl-b00976b7-23bc-4195-b1b8-a51685bf3827/ozone-meta/datanode-1/ratis/43d9d58e-06d6-49fa-b4cc-0f56344fbe05
2024-02-27 07:45:15,094 [af24d6c8-12f8-4751-8a80-28c60b0258e3-groupManagement] INFO  server.RaftServerConfigKeys (ConfUtils.java:logGet(46)) - raft.server.log.queue.byte-limit = 4294967296 (custom)
2024-02-27 07:45:15,094 [af24d6c8-12f8-4751-8a80-28c60b0258e3-groupManagement] INFO  server.RaftServerConfigKeys (ConfUtils.java:logGet(46)) - raft.server.log.queue.element-limit = 1024 (custom)
2024-02-27 07:45:15,094 [af24d6c8-12f8-4751-8a80-28c60b0258e3-groupManagement] INFO  server.RaftServerConfigKeys (ConfUtils.java:logGet(46)) - raft.server.log.segment.size.max = 67108864 (custom)
2024-02-27 07:45:15,094 [af24d6c8-12f8-4751-8a80-28c60b0258e3-groupManagement] INFO  server.RaftServerConfigKeys (ConfUtils.java:logGet(46)) - raft.server.log.preallocated.size = 4194304 (custom)
2024-02-27 07:45:15,094 [af24d6c8-12f8-4751-8a80-28c60b0258e3-groupManagement] INFO  server.RaftServerConfigKeys (ConfUtils.java:logGet(46)) - raft.server.log.force.sync.num = 128 (default)
2024-02-27 07:45:15,094 [af24d6c8-12f8-4751-8a80-28c60b0258e3-groupManagement] INFO  server.RaftServerConfigKeys (ConfUtils.java:logGet(46)) - raft.server.log.statemachine.data.sync = true (default)
2024-02-27 07:45:15,094 [af24d6c8-12f8-4751-8a80-28c60b0258e3-groupManagement] INFO  server.RaftServerConfigKeys (ConfUtils.java:logGet(46)) - raft.server.log.statemachine.data.sync.timeout = 10s (default)
2024-02-27 07:45:15,094 [af24d6c8-12f8-4751-8a80-28c60b0258e3-groupManagement] INFO  server.RaftServerConfigKeys (ConfUtils.java:logGet(46)) - raft.server.log.statemachine.data.sync.timeout.retry = 0 (custom)
2024-02-27 07:45:15,094 [af24d6c8-12f8-4751-8a80-28c60b0258e3-groupManagement] INFO  server.RaftServerConfigKeys (ConfUtils.java:logGet(46)) - raft.server.log.write.buffer.size = 8388616 (custom)
2024-02-27 07:45:15,095 [af24d6c8-12f8-4751-8a80-28c60b0258e3-groupManagement] INFO  server.RaftServerConfigKeys (ConfUtils.java:logGet(46)) - raft.server.log.appender.buffer.byte-limit = 8388608 (custom)
2024-02-27 07:45:15,095 [af24d6c8-12f8-4751-8a80-28c60b0258e3-groupManagement] INFO  server.RaftServerConfigKeys (ConfUtils.java:logGet(46)) - raft.server.log.unsafe-flush.enabled = false (default)
2024-02-27 07:45:15,095 [af24d6c8-12f8-4751-8a80-28c60b0258e3-groupManagement] INFO  server.RaftServerConfigKeys (ConfUtils.java:logGet(46)) - raft.server.log.async-flush.enabled = false (default)
2024-02-27 07:45:15,095 [af24d6c8-12f8-4751-8a80-28c60b0258e3-groupManagement] INFO  server.RaftServerConfigKeys (ConfUtils.java:logGet(46)) - raft.server.log.statemachine.data.caching.enabled = true (custom)
2024-02-27 07:45:15,095 [af24d6c8-12f8-4751-8a80-28c60b0258e3-groupManagement] INFO  segmented.SegmentedRaftLogWorker (SegmentedRaftLogWorker.java:lambda$new$0(134)) - af24d6c8-12f8-4751-8a80-28c60b0258e3@group-0F56344FBE05-SegmentedRaftLogWorker: flushIndex: setUnconditionally 0 -> -1
2024-02-27 07:45:15,095 [af24d6c8-12f8-4751-8a80-28c60b0258e3-groupManagement] INFO  segmented.SegmentedRaftLogWorker (SegmentedRaftLogWorker.java:lambda$new$0(134)) - af24d6c8-12f8-4751-8a80-28c60b0258e3@group-0F56344FBE05-SegmentedRaftLogWorker: safeCacheEvictIndex: setUnconditionally 0 -> -1
2024-02-27 07:45:15,096 [af24d6c8-12f8-4751-8a80-28c60b0258e3-groupManagement] INFO  server.RaftServer$Division (RaftServerImpl.java:start(396)) - af24d6c8-12f8-4751-8a80-28c60b0258e3@group-0F56344FBE05: start as a follower, conf=-1: peers:[4d28c94a-4d53-4519-b3c9-3a16e9947616|10.1.0.19:15160, af24d6c8-12f8-4751-8a80-28c60b0258e3|10.1.0.19:15151, 165decaf-3465-4b89-9497-27d6560ecac2|10.1.0.19:15169]|listeners:[], old=null
2024-02-27 07:45:15,096 [af24d6c8-12f8-4751-8a80-28c60b0258e3-groupManagement] INFO  server.RaftServer$Division (RaftServerImpl.java:setRole(383)) - af24d6c8-12f8-4751-8a80-28c60b0258e3@group-0F56344FBE05: changes role from      null to FOLLOWER at term 0 for startAsFollower
2024-02-27 07:45:15,096 [af24d6c8-12f8-4751-8a80-28c60b0258e3-groupManagement] INFO  impl.RoleInfo (RoleInfo.java:updateAndGet(139)) - af24d6c8-12f8-4751-8a80-28c60b0258e3: start af24d6c8-12f8-4751-8a80-28c60b0258e3@group-0F56344FBE05-FollowerState
2024-02-27 07:45:15,096 [af24d6c8-12f8-4751-8a80-28c60b0258e3-groupManagement] INFO  util.JmxRegister (JmxRegister.java:tryRegister(44)) - Successfully registered JMX Bean with object name Ratis:service=RaftServer,group=group-0F56344FBE05,id=af24d6c8-12f8-4751-8a80-28c60b0258e3
2024-02-27 07:45:15,096 [af24d6c8-12f8-4751-8a80-28c60b0258e3-groupManagement] INFO  server.RaftServerConfigKeys (ConfUtils.java:logGet(46)) - raft.server.snapshot.trigger-when-stop.enabled = true (default)
2024-02-27 07:45:15,096 [af24d6c8-12f8-4751-8a80-28c60b0258e3@group-0F56344FBE05-FollowerState] INFO  server.RaftServerConfigKeys (ConfUtils.java:logFallback(53)) - raft.server.rpc.first-election.timeout.min = 5s (fallback to raft.server.rpc.timeout.min)
2024-02-27 07:45:15,096 [af24d6c8-12f8-4751-8a80-28c60b0258e3-groupManagement] INFO  server.RaftServerConfigKeys (ConfUtils.java:logGet(46)) - raft.server.snapshot.auto.trigger.enabled = true (custom)
2024-02-27 07:45:15,096 [af24d6c8-12f8-4751-8a80-28c60b0258e3@group-0F56344FBE05-FollowerState] INFO  server.RaftServerConfigKeys (ConfUtils.java:logFallback(53)) - raft.server.rpc.first-election.timeout.max = 5200ms (fallback to raft.server.rpc.timeout.max)
2024-02-27 07:45:15,096 [af24d6c8-12f8-4751-8a80-28c60b0258e3-groupManagement] INFO  server.RaftServerConfigKeys (ConfUtils.java:logGet(46)) - raft.server.snapshot.auto.trigger.threshold = 10000 (custom)
2024-02-27 07:45:15,096 [af24d6c8-12f8-4751-8a80-28c60b0258e3-groupManagement] INFO  server.RaftServerConfigKeys (ConfUtils.java:logGet(46)) - raft.server.snapshot.retention.file.num = 5 (custom)
2024-02-27 07:45:15,096 [af24d6c8-12f8-4751-8a80-28c60b0258e3-groupManagement] INFO  server.RaftServerConfigKeys (ConfUtils.java:logGet(46)) - raft.server.log.purge.upto.snapshot.index = false (default)
2024-02-27 07:45:15,097 [af24d6c8-12f8-4751-8a80-28c60b0258e3-PipelineCommandHandlerThread-0] INFO  ratis.XceiverServerRatis (XceiverServerRatis.java:addGroup(864)) - Created group PipelineID=43d9d58e-06d6-49fa-b4cc-0f56344fbe05
2024-02-27 07:45:15,102 [grpc-default-executor-4] INFO  server.RaftServer (RaftServerProxy.java:addNew(100)) - 4d28c94a-4d53-4519-b3c9-3a16e9947616: addNew group-0F56344FBE05:[4d28c94a-4d53-4519-b3c9-3a16e9947616|10.1.0.19:15160, af24d6c8-12f8-4751-8a80-28c60b0258e3|10.1.0.19:15151, 165decaf-3465-4b89-9497-27d6560ecac2|10.1.0.19:15169] returns group-0F56344FBE05:java.util.concurrent.CompletableFuture@6216b553[Not completed]
2024-02-27 07:45:15,102 [4d28c94a-4d53-4519-b3c9-3a16e9947616-groupManagement] INFO  server.RaftServer$Division (RaftServerImpl.java:<init>(256)) - 4d28c94a-4d53-4519-b3c9-3a16e9947616: new RaftServerImpl for group-0F56344FBE05:[4d28c94a-4d53-4519-b3c9-3a16e9947616|10.1.0.19:15160, af24d6c8-12f8-4751-8a80-28c60b0258e3|10.1.0.19:15151, 165decaf-3465-4b89-9497-27d6560ecac2|10.1.0.19:15169] with ContainerStateMachine:uninitialized
2024-02-27 07:45:15,102 [4d28c94a-4d53-4519-b3c9-3a16e9947616-groupManagement] INFO  server.RaftServerConfigKeys (ConfUtils.java:logGet(46)) - raft.server.rpc.timeout.min = 5s (custom)
2024-02-27 07:45:15,102 [4d28c94a-4d53-4519-b3c9-3a16e9947616-groupManagement] INFO  server.RaftServerConfigKeys (ConfUtils.java:logGet(46)) - raft.server.rpc.timeout.max = 5200ms (custom)
2024-02-27 07:45:15,102 [4d28c94a-4d53-4519-b3c9-3a16e9947616-groupManagement] INFO  server.RaftServerConfigKeys (ConfUtils.java:logGet(46)) - raft.server.rpc.sleep.time = 25ms (default)
2024-02-27 07:45:15,103 [4d28c94a-4d53-4519-b3c9-3a16e9947616-groupManagement] INFO  server.RaftServerConfigKeys (ConfUtils.java:logGet(46)) - raft.server.rpc.slowness.timeout = 300s (custom)
2024-02-27 07:45:15,103 [4d28c94a-4d53-4519-b3c9-3a16e9947616-groupManagement] INFO  server.RaftServerConfigKeys (ConfUtils.java:logGet(46)) - raft.server.leaderelection.leader.step-down.wait-time = 10s (default)
2024-02-27 07:45:15,103 [4d28c94a-4d53-4519-b3c9-3a16e9947616-groupManagement] INFO  server.RaftServerConfigKeys (ConfUtils.java:logGet(46)) - raft.server.leaderelection.member.majority-add = false (default)
2024-02-27 07:45:15,103 [4d28c94a-4d53-4519-b3c9-3a16e9947616-groupManagement] INFO  server.RaftServerConfigKeys (ConfUtils.java:logGet(46)) - raft.server.sleep.deviation.threshold = 300ms (default)
2024-02-27 07:45:15,103 [4d28c94a-4d53-4519-b3c9-3a16e9947616-groupManagement] INFO  server.RaftServer$Division (ServerState.java:<init>(113)) - 4d28c94a-4d53-4519-b3c9-3a16e9947616@group-0F56344FBE05: ConfigurationManager, init=-1: peers:[4d28c94a-4d53-4519-b3c9-3a16e9947616|10.1.0.19:15160, af24d6c8-12f8-4751-8a80-28c60b0258e3|10.1.0.19:15151, 165decaf-3465-4b89-9497-27d6560ecac2|10.1.0.19:15169]|listeners:[], old=null, confs=<EMPTY_MAP>
2024-02-27 07:45:15,103 [4d28c94a-4d53-4519-b3c9-3a16e9947616-groupManagement] INFO  server.RaftServerConfigKeys (ConfUtils.java:logGet(46)) - raft.server.notification.no-leader.timeout = 300s (custom)
2024-02-27 07:45:15,103 [4d28c94a-4d53-4519-b3c9-3a16e9947616-groupManagement] INFO  server.RaftServerConfigKeys (ConfUtils.java:logGet(46)) - raft.server.read.timeout = 10s (default)
2024-02-27 07:45:15,103 [4d28c94a-4d53-4519-b3c9-3a16e9947616-groupManagement] INFO  server.RaftServerConfigKeys (ConfUtils.java:logGet(46)) - raft.server.retrycache.expirytime = 600000ms (custom)
2024-02-27 07:45:15,103 [4d28c94a-4d53-4519-b3c9-3a16e9947616-groupManagement] INFO  server.RaftServerConfigKeys (ConfUtils.java:logGet(46)) - raft.server.retrycache.statistics.expirytime = 100ms (default)
2024-02-27 07:45:15,103 [4d28c94a-4d53-4519-b3c9-3a16e9947616-groupManagement] INFO  server.RaftServerConfigKeys (ConfUtils.java:logGet(46)) - raft.server.read.option = DEFAULT (default)
2024-02-27 07:45:15,103 [4d28c94a-4d53-4519-b3c9-3a16e9947616-groupManagement] INFO  server.RaftServerConfigKeys (ConfUtils.java:logGet(46)) - raft.server.read.read-after-write-consistent.write-index-cache.expiry-time = 60s (default)
2024-02-27 07:45:15,104 [4d28c94a-4d53-4519-b3c9-3a16e9947616-groupManagement] INFO  server.RaftServerConfigKeys (ConfUtils.java:logGet(46)) - raft.server.rpc.request.timeout = 60s (custom)
2024-02-27 07:45:15,105 [4d28c94a-4d53-4519-b3c9-3a16e9947616-groupManagement] INFO  server.RaftServerConfigKeys (ConfUtils.java:logGet(46)) - raft.server.log.appender.install.snapshot.enabled = false (custom)
2024-02-27 07:45:15,105 [4d28c94a-4d53-4519-b3c9-3a16e9947616-groupManagement] INFO  server.RaftServerConfigKeys (ConfUtils.java:logGet(46)) - raft.server.threadpool.server.cached = true (default)
2024-02-27 07:45:15,105 [4d28c94a-4d53-4519-b3c9-3a16e9947616-groupManagement] INFO  server.RaftServerConfigKeys (ConfUtils.java:logGet(46)) - raft.server.threadpool.server.size = 0 (default)
2024-02-27 07:45:15,105 [4d28c94a-4d53-4519-b3c9-3a16e9947616-groupManagement] INFO  server.RaftServerConfigKeys (ConfUtils.java:logGet(46)) - raft.server.threadpool.client.cached = true (default)
2024-02-27 07:45:15,105 [4d28c94a-4d53-4519-b3c9-3a16e9947616-groupManagement] INFO  server.RaftServerConfigKeys (ConfUtils.java:logGet(46)) - raft.server.threadpool.client.size = 0 (default)
2024-02-27 07:45:15,105 [4d28c94a-4d53-4519-b3c9-3a16e9947616-groupManagement] INFO  server.RaftServerConfigKeys (ConfUtils.java:logGet(46)) - raft.server.storage.free-space.min = 0MB (=0) (default)
2024-02-27 07:45:15,105 [4d28c94a-4d53-4519-b3c9-3a16e9947616-groupManagement] INFO  server.RaftServerConfigKeys (ConfUtils.java:logGet(46)) - raft.server.log.corruption.policy = EXCEPTION (default)
2024-02-27 07:45:15,105 [4d28c94a-4d53-4519-b3c9-3a16e9947616-groupManagement] INFO  server.RaftServerConfigKeys (ConfUtils.java:logGet(46)) - raft.server.storage.dir = [/home/runner/work/ozone/ozone/hadoop-ozone/integration-test/target/test-dir/MiniOzoneClusterImpl-b00976b7-23bc-4195-b1b8-a51685bf3827/ozone-meta/datanode-2/ratis] (custom)
2024-02-27 07:45:15,105 [4d28c94a-4d53-4519-b3c9-3a16e9947616-groupManagement] INFO  storage.RaftStorageDirectory (RaftStorageDirectoryImpl.java:analyzeStorage(138)) - The storage directory /home/runner/work/ozone/ozone/hadoop-ozone/integration-test/target/test-dir/MiniOzoneClusterImpl-b00976b7-23bc-4195-b1b8-a51685bf3827/ozone-meta/datanode-2/ratis/43d9d58e-06d6-49fa-b4cc-0f56344fbe05 does not exist. Creating ...
2024-02-27 07:45:15,106 [4d28c94a-4d53-4519-b3c9-3a16e9947616-groupManagement] INFO  storage.RaftStorageDirectory (RaftStorageDirectoryImpl.java:tryLock(228)) - Lock on /home/runner/work/ozone/ozone/hadoop-ozone/integration-test/target/test-dir/MiniOzoneClusterImpl-b00976b7-23bc-4195-b1b8-a51685bf3827/ozone-meta/datanode-2/ratis/43d9d58e-06d6-49fa-b4cc-0f56344fbe05/in_use.lock acquired by nodename 40924@fv-az699-61
2024-02-27 07:45:15,107 [4d28c94a-4d53-4519-b3c9-3a16e9947616-groupManagement] INFO  storage.RaftStorage (RaftStorageImpl.java:format(99)) - Storage directory /home/runner/work/ozone/ozone/hadoop-ozone/integration-test/target/test-dir/MiniOzoneClusterImpl-b00976b7-23bc-4195-b1b8-a51685bf3827/ozone-meta/datanode-2/ratis/43d9d58e-06d6-49fa-b4cc-0f56344fbe05 has been successfully formatted.
2024-02-27 07:45:15,107 [4d28c94a-4d53-4519-b3c9-3a16e9947616-groupManagement] WARN  util.FileUtils (LogUtils.java:supplyAndLog(63)) - Failed to Files.newInputStream /home/runner/work/ozone/ozone/hadoop-ozone/integration-test/target/test-dir/MiniOzoneClusterImpl-b00976b7-23bc-4195-b1b8-a51685bf3827/ozone-meta/datanode-2/ratis/43d9d58e-06d6-49fa-b4cc-0f56344fbe05/current/raft-meta.conf with options []: java.nio.file.NoSuchFileException: /home/runner/work/ozone/ozone/hadoop-ozone/integration-test/target/test-dir/MiniOzoneClusterImpl-b00976b7-23bc-4195-b1b8-a51685bf3827/ozone-meta/datanode-2/ratis/43d9d58e-06d6-49fa-b4cc-0f56344fbe05/current/raft-meta.conf
2024-02-27 07:45:15,108 [4d28c94a-4d53-4519-b3c9-3a16e9947616-groupManagement] INFO  ratis.ContainerStateMachine (ContainerStateMachine.java:loadSnapshot(287)) - group-0F56344FBE05: The snapshot info is null. Setting the last applied index to:(t:0, i:~)
2024-02-27 07:45:15,108 [4d28c94a-4d53-4519-b3c9-3a16e9947616-groupManagement] INFO  server.RaftServerConfigKeys (ConfUtils.java:logGet(46)) - raft.server.log.use.memory = false (default)
2024-02-27 07:45:15,108 [4d28c94a-4d53-4519-b3c9-3a16e9947616-groupManagement] INFO  server.RaftServerConfigKeys (ConfUtils.java:logGet(46)) - raft.server.log.purge.gap = 1000000 (custom)
2024-02-27 07:45:15,108 [4d28c94a-4d53-4519-b3c9-3a16e9947616-groupManagement] INFO  server.RaftServerConfigKeys (ConfUtils.java:logGet(46)) - raft.server.log.appender.buffer.byte-limit = 8388608 (custom)
2024-02-27 07:45:15,108 [4d28c94a-4d53-4519-b3c9-3a16e9947616-groupManagement] INFO  server.RaftServerConfigKeys (ConfUtils.java:logGet(46)) - raft.server.log.statemachine.data.read.timeout = 1000ms (default)
2024-02-27 07:45:15,108 [4d28c94a-4d53-4519-b3c9-3a16e9947616-groupManagement] INFO  server.RaftServerConfigKeys (ConfUtils.java:logGet(46)) - raft.server.log.purge.preservation.log.num = 0 (default)
2024-02-27 07:45:15,109 [4d28c94a-4d53-4519-b3c9-3a16e9947616-groupManagement] INFO  server.RaftServerConfigKeys (ConfUtils.java:logGet(46)) - raft.server.log.segment.size.max = 67108864 (custom)
2024-02-27 07:45:15,109 [4d28c94a-4d53-4519-b3c9-3a16e9947616-groupManagement] INFO  server.RaftServerConfigKeys (ConfUtils.java:logGet(46)) - raft.server.log.segment.cache.num.max = 2 (custom)
2024-02-27 07:45:15,109 [4d28c94a-4d53-4519-b3c9-3a16e9947616-groupManagement] INFO  server.RaftServerConfigKeys (ConfUtils.java:logGet(46)) - raft.server.log.segment.cache.size.max = 200MB (=209715200) (default)
2024-02-27 07:45:15,109 [4d28c94a-4d53-4519-b3c9-3a16e9947616-groupManagement] INFO  server.RaftServerConfigKeys (ConfUtils.java:logGet(46)) - raft.server.log.appender.buffer.byte-limit = 8388608 (custom)
2024-02-27 07:45:15,109 [4d28c94a-4d53-4519-b3c9-3a16e9947616-groupManagement] INFO  util.AwaitToRun (AwaitToRun.java:start(81)) - Thread[4d28c94a-4d53-4519-b3c9-3a16e9947616@group-0F56344FBE05-cacheEviction-AwaitToRun,5,main] started
2024-02-27 07:45:15,109 [4d28c94a-4d53-4519-b3c9-3a16e9947616-groupManagement] INFO  segmented.SegmentedRaftLogWorker (SegmentedRaftLogWorker.java:<init>(182)) - new 4d28c94a-4d53-4519-b3c9-3a16e9947616@group-0F56344FBE05-SegmentedRaftLogWorker for RaftStorageImpl:Storage Directory /home/runner/work/ozone/ozone/hadoop-ozone/integration-test/target/test-dir/MiniOzoneClusterImpl-b00976b7-23bc-4195-b1b8-a51685bf3827/ozone-meta/datanode-2/ratis/43d9d58e-06d6-49fa-b4cc-0f56344fbe05
2024-02-27 07:45:15,109 [4d28c94a-4d53-4519-b3c9-3a16e9947616-groupManagement] INFO  server.RaftServerConfigKeys (ConfUtils.java:logGet(46)) - raft.server.log.queue.byte-limit = 4294967296 (custom)
2024-02-27 07:45:15,109 [4d28c94a-4d53-4519-b3c9-3a16e9947616-groupManagement] INFO  server.RaftServerConfigKeys (ConfUtils.java:logGet(46)) - raft.server.log.queue.element-limit = 1024 (custom)
2024-02-27 07:45:15,109 [4d28c94a-4d53-4519-b3c9-3a16e9947616-groupManagement] INFO  server.RaftServerConfigKeys (ConfUtils.java:logGet(46)) - raft.server.log.segment.size.max = 67108864 (custom)
2024-02-27 07:45:15,110 [4d28c94a-4d53-4519-b3c9-3a16e9947616-groupManagement] INFO  server.RaftServerConfigKeys (ConfUtils.java:logGet(46)) - raft.server.log.preallocated.size = 4194304 (custom)
2024-02-27 07:45:15,110 [4d28c94a-4d53-4519-b3c9-3a16e9947616-groupManagement] INFO  server.RaftServerConfigKeys (ConfUtils.java:logGet(46)) - raft.server.log.force.sync.num = 128 (default)
2024-02-27 07:45:15,110 [4d28c94a-4d53-4519-b3c9-3a16e9947616-groupManagement] INFO  server.RaftServerConfigKeys (ConfUtils.java:logGet(46)) - raft.server.log.statemachine.data.sync = true (default)
2024-02-27 07:45:15,110 [4d28c94a-4d53-4519-b3c9-3a16e9947616-groupManagement] INFO  server.RaftServerConfigKeys (ConfUtils.java:logGet(46)) - raft.server.log.statemachine.data.sync.timeout = 10s (default)
2024-02-27 07:45:15,110 [4d28c94a-4d53-4519-b3c9-3a16e9947616-groupManagement] INFO  server.RaftServerConfigKeys (ConfUtils.java:logGet(46)) - raft.server.log.statemachine.data.sync.timeout.retry = 0 (custom)
2024-02-27 07:45:15,110 [4d28c94a-4d53-4519-b3c9-3a16e9947616-groupManagement] INFO  server.RaftServerConfigKeys (ConfUtils.java:logGet(46)) - raft.server.log.write.buffer.size = 8388616 (custom)
2024-02-27 07:45:15,111 [4d28c94a-4d53-4519-b3c9-3a16e9947616-groupManagement] INFO  server.RaftServerConfigKeys (ConfUtils.java:logGet(46)) - raft.server.log.appender.buffer.byte-limit = 8388608 (custom)
2024-02-27 07:45:15,111 [4d28c94a-4d53-4519-b3c9-3a16e9947616-groupManagement] INFO  server.RaftServerConfigKeys (ConfUtils.java:logGet(46)) - raft.server.log.unsafe-flush.enabled = false (default)
2024-02-27 07:45:15,112 [4d28c94a-4d53-4519-b3c9-3a16e9947616-groupManagement] INFO  server.RaftServerConfigKeys (ConfUtils.java:logGet(46)) - raft.server.log.async-flush.enabled = false (default)
2024-02-27 07:45:15,112 [4d28c94a-4d53-4519-b3c9-3a16e9947616-groupManagement] INFO  server.RaftServerConfigKeys (ConfUtils.java:logGet(46)) - raft.server.log.statemachine.data.caching.enabled = true (custom)
2024-02-27 07:45:15,112 [4d28c94a-4d53-4519-b3c9-3a16e9947616-groupManagement] INFO  segmented.SegmentedRaftLogWorker (SegmentedRaftLogWorker.java:lambda$new$0(134)) - 4d28c94a-4d53-4519-b3c9-3a16e9947616@group-0F56344FBE05-SegmentedRaftLogWorker: flushIndex: setUnconditionally 0 -> -1
2024-02-27 07:45:15,112 [4d28c94a-4d53-4519-b3c9-3a16e9947616-groupManagement] INFO  segmented.SegmentedRaftLogWorker (SegmentedRaftLogWorker.java:lambda$new$0(134)) - 4d28c94a-4d53-4519-b3c9-3a16e9947616@group-0F56344FBE05-SegmentedRaftLogWorker: safeCacheEvictIndex: setUnconditionally 0 -> -1
2024-02-27 07:45:15,112 [4d28c94a-4d53-4519-b3c9-3a16e9947616-groupManagement] INFO  server.RaftServer$Division (RaftServerImpl.java:start(396)) - 4d28c94a-4d53-4519-b3c9-3a16e9947616@group-0F56344FBE05: start as a follower, conf=-1: peers:[4d28c94a-4d53-4519-b3c9-3a16e9947616|10.1.0.19:15160, af24d6c8-12f8-4751-8a80-28c60b0258e3|10.1.0.19:15151, 165decaf-3465-4b89-9497-27d6560ecac2|10.1.0.19:15169]|listeners:[], old=null
2024-02-27 07:45:15,112 [4d28c94a-4d53-4519-b3c9-3a16e9947616-groupManagement] INFO  server.RaftServer$Division (RaftServerImpl.java:setRole(383)) - 4d28c94a-4d53-4519-b3c9-3a16e9947616@group-0F56344FBE05: changes role from      null to FOLLOWER at term 0 for startAsFollower
2024-02-27 07:45:15,112 [4d28c94a-4d53-4519-b3c9-3a16e9947616-groupManagement] INFO  impl.RoleInfo (RoleInfo.java:updateAndGet(139)) - 4d28c94a-4d53-4519-b3c9-3a16e9947616: start 4d28c94a-4d53-4519-b3c9-3a16e9947616@group-0F56344FBE05-FollowerState
2024-02-27 07:45:15,112 [4d28c94a-4d53-4519-b3c9-3a16e9947616@group-0F56344FBE05-FollowerState] INFO  server.RaftServerConfigKeys (ConfUtils.java:logFallback(53)) - raft.server.rpc.first-election.timeout.min = 5s (fallback to raft.server.rpc.timeout.min)
2024-02-27 07:45:15,112 [4d28c94a-4d53-4519-b3c9-3a16e9947616-groupManagement] INFO  util.JmxRegister (JmxRegister.java:tryRegister(44)) - Successfully registered JMX Bean with object name Ratis:service=RaftServer,group=group-0F56344FBE05,id=4d28c94a-4d53-4519-b3c9-3a16e9947616
2024-02-27 07:45:15,112 [4d28c94a-4d53-4519-b3c9-3a16e9947616@group-0F56344FBE05-FollowerState] INFO  server.RaftServerConfigKeys (ConfUtils.java:logFallback(53)) - raft.server.rpc.first-election.timeout.max = 5200ms (fallback to raft.server.rpc.timeout.max)
2024-02-27 07:45:15,112 [4d28c94a-4d53-4519-b3c9-3a16e9947616-groupManagement] INFO  server.RaftServerConfigKeys (ConfUtils.java:logGet(46)) - raft.server.snapshot.trigger-when-stop.enabled = true (default)
2024-02-27 07:45:15,112 [4d28c94a-4d53-4519-b3c9-3a16e9947616-groupManagement] INFO  server.RaftServerConfigKeys (ConfUtils.java:logGet(46)) - raft.server.snapshot.auto.trigger.enabled = true (custom)
2024-02-27 07:45:15,112 [4d28c94a-4d53-4519-b3c9-3a16e9947616-groupManagement] INFO  server.RaftServerConfigKeys (ConfUtils.java:logGet(46)) - raft.server.snapshot.auto.trigger.threshold = 10000 (custom)
2024-02-27 07:45:15,112 [4d28c94a-4d53-4519-b3c9-3a16e9947616-groupManagement] INFO  server.RaftServerConfigKeys (ConfUtils.java:logGet(46)) - raft.server.snapshot.retention.file.num = 5 (custom)
2024-02-27 07:45:15,112 [4d28c94a-4d53-4519-b3c9-3a16e9947616-groupManagement] INFO  server.RaftServerConfigKeys (ConfUtils.java:logGet(46)) - raft.server.log.purge.upto.snapshot.index = false (default)
2024-02-27 07:45:15,120 [grpc-default-executor-4] INFO  server.RaftServer (RaftServerProxy.java:addNew(100)) - 165decaf-3465-4b89-9497-27d6560ecac2: addNew group-0F56344FBE05:[4d28c94a-4d53-4519-b3c9-3a16e9947616|10.1.0.19:15160, af24d6c8-12f8-4751-8a80-28c60b0258e3|10.1.0.19:15151, 165decaf-3465-4b89-9497-27d6560ecac2|10.1.0.19:15169] returns group-0F56344FBE05:java.util.concurrent.CompletableFuture@7369b612[Not completed]
2024-02-27 07:45:15,120 [165decaf-3465-4b89-9497-27d6560ecac2-groupManagement] INFO  server.RaftServer$Division (RaftServerImpl.java:<init>(256)) - 165decaf-3465-4b89-9497-27d6560ecac2: new RaftServerImpl for group-0F56344FBE05:[4d28c94a-4d53-4519-b3c9-3a16e9947616|10.1.0.19:15160, af24d6c8-12f8-4751-8a80-28c60b0258e3|10.1.0.19:15151, 165decaf-3465-4b89-9497-27d6560ecac2|10.1.0.19:15169] with ContainerStateMachine:uninitialized
2024-02-27 07:45:15,120 [165decaf-3465-4b89-9497-27d6560ecac2-groupManagement] INFO  server.RaftServerConfigKeys (ConfUtils.java:logGet(46)) - raft.server.rpc.timeout.min = 5s (custom)
2024-02-27 07:45:15,120 [165decaf-3465-4b89-9497-27d6560ecac2-groupManagement] INFO  server.RaftServerConfigKeys (ConfUtils.java:logGet(46)) - raft.server.rpc.timeout.max = 5200ms (custom)
2024-02-27 07:45:15,120 [165decaf-3465-4b89-9497-27d6560ecac2-groupManagement] INFO  server.RaftServerConfigKeys (ConfUtils.java:logGet(46)) - raft.server.rpc.sleep.time = 25ms (default)
2024-02-27 07:45:15,120 [165decaf-3465-4b89-9497-27d6560ecac2-groupManagement] INFO  server.RaftServerConfigKeys (ConfUtils.java:logGet(46)) - raft.server.rpc.slowness.timeout = 300s (custom)
2024-02-27 07:45:15,120 [165decaf-3465-4b89-9497-27d6560ecac2-groupManagement] INFO  server.RaftServerConfigKeys (ConfUtils.java:logGet(46)) - raft.server.leaderelection.leader.step-down.wait-time = 10s (default)
2024-02-27 07:45:15,120 [165decaf-3465-4b89-9497-27d6560ecac2-groupManagement] INFO  server.RaftServerConfigKeys (ConfUtils.java:logGet(46)) - raft.server.leaderelection.member.majority-add = false (default)
2024-02-27 07:45:15,120 [165decaf-3465-4b89-9497-27d6560ecac2-groupManagement] INFO  server.RaftServerConfigKeys (ConfUtils.java:logGet(46)) - raft.server.sleep.deviation.threshold = 300ms (default)
2024-02-27 07:45:15,120 [165decaf-3465-4b89-9497-27d6560ecac2-groupManagement] INFO  server.RaftServer$Division (ServerState.java:<init>(113)) - 165decaf-3465-4b89-9497-27d6560ecac2@group-0F56344FBE05: ConfigurationManager, init=-1: peers:[4d28c94a-4d53-4519-b3c9-3a16e9947616|10.1.0.19:15160, af24d6c8-12f8-4751-8a80-28c60b0258e3|10.1.0.19:15151, 165decaf-3465-4b89-9497-27d6560ecac2|10.1.0.19:15169]|listeners:[], old=null, confs=<EMPTY_MAP>
2024-02-27 07:45:15,120 [165decaf-3465-4b89-9497-27d6560ecac2-groupManagement] INFO  server.RaftServerConfigKeys (ConfUtils.java:logGet(46)) - raft.server.notification.no-leader.timeout = 300s (custom)
2024-02-27 07:45:15,121 [165decaf-3465-4b89-9497-27d6560ecac2-groupManagement] INFO  server.RaftServerConfigKeys (ConfUtils.java:logGet(46)) - raft.server.read.timeout = 10s (default)
2024-02-27 07:45:15,121 [165decaf-3465-4b89-9497-27d6560ecac2-groupManagement] INFO  server.RaftServerConfigKeys (ConfUtils.java:logGet(46)) - raft.server.retrycache.expirytime = 600000ms (custom)
2024-02-27 07:45:15,121 [165decaf-3465-4b89-9497-27d6560ecac2-groupManagement] INFO  server.RaftServerConfigKeys (ConfUtils.java:logGet(46)) - raft.server.retrycache.statistics.expirytime = 100ms (default)
2024-02-27 07:45:15,121 [165decaf-3465-4b89-9497-27d6560ecac2-groupManagement] INFO  server.RaftServerConfigKeys (ConfUtils.java:logGet(46)) - raft.server.read.option = DEFAULT (default)
2024-02-27 07:45:15,121 [165decaf-3465-4b89-9497-27d6560ecac2-groupManagement] INFO  server.RaftServerConfigKeys (ConfUtils.java:logGet(46)) - raft.server.read.read-after-write-consistent.write-index-cache.expiry-time = 60s (default)
2024-02-27 07:45:15,122 [165decaf-3465-4b89-9497-27d6560ecac2-groupManagement] INFO  server.RaftServerConfigKeys (ConfUtils.java:logGet(46)) - raft.server.rpc.request.timeout = 60s (custom)
2024-02-27 07:45:15,122 [165decaf-3465-4b89-9497-27d6560ecac2-groupManagement] INFO  server.RaftServerConfigKeys (ConfUtils.java:logGet(46)) - raft.server.log.appender.install.snapshot.enabled = false (custom)
2024-02-27 07:45:15,122 [165decaf-3465-4b89-9497-27d6560ecac2-groupManagement] INFO  server.RaftServerConfigKeys (ConfUtils.java:logGet(46)) - raft.server.threadpool.server.cached = true (default)
2024-02-27 07:45:15,122 [165decaf-3465-4b89-9497-27d6560ecac2-groupManagement] INFO  server.RaftServerConfigKeys (ConfUtils.java:logGet(46)) - raft.server.threadpool.server.size = 0 (default)
2024-02-27 07:45:15,122 [165decaf-3465-4b89-9497-27d6560ecac2-groupManagement] INFO  server.RaftServerConfigKeys (ConfUtils.java:logGet(46)) - raft.server.threadpool.client.cached = true (default)
2024-02-27 07:45:15,122 [165decaf-3465-4b89-9497-27d6560ecac2-groupManagement] INFO  server.RaftServerConfigKeys (ConfUtils.java:logGet(46)) - raft.server.threadpool.client.size = 0 (default)
2024-02-27 07:45:15,122 [165decaf-3465-4b89-9497-27d6560ecac2-groupManagement] INFO  server.RaftServerConfigKeys (ConfUtils.java:logGet(46)) - raft.server.storage.free-space.min = 0MB (=0) (default)
2024-02-27 07:45:15,122 [165decaf-3465-4b89-9497-27d6560ecac2-groupManagement] INFO  server.RaftServerConfigKeys (ConfUtils.java:logGet(46)) - raft.server.log.corruption.policy = EXCEPTION (default)
2024-02-27 07:45:15,122 [165decaf-3465-4b89-9497-27d6560ecac2-groupManagement] INFO  server.RaftServerConfigKeys (ConfUtils.java:logGet(46)) - raft.server.storage.dir = [/home/runner/work/ozone/ozone/hadoop-ozone/integration-test/target/test-dir/MiniOzoneClusterImpl-b00976b7-23bc-4195-b1b8-a51685bf3827/ozone-meta/datanode-3/ratis] (custom)
2024-02-27 07:45:15,122 [165decaf-3465-4b89-9497-27d6560ecac2-groupManagement] INFO  storage.RaftStorageDirectory (RaftStorageDirectoryImpl.java:analyzeStorage(138)) - The storage directory /home/runner/work/ozone/ozone/hadoop-ozone/integration-test/target/test-dir/MiniOzoneClusterImpl-b00976b7-23bc-4195-b1b8-a51685bf3827/ozone-meta/datanode-3/ratis/43d9d58e-06d6-49fa-b4cc-0f56344fbe05 does not exist. Creating ...
2024-02-27 07:45:15,123 [165decaf-3465-4b89-9497-27d6560ecac2-groupManagement] INFO  storage.RaftStorageDirectory (RaftStorageDirectoryImpl.java:tryLock(228)) - Lock on /home/runner/work/ozone/ozone/hadoop-ozone/integration-test/target/test-dir/MiniOzoneClusterImpl-b00976b7-23bc-4195-b1b8-a51685bf3827/ozone-meta/datanode-3/ratis/43d9d58e-06d6-49fa-b4cc-0f56344fbe05/in_use.lock acquired by nodename 40924@fv-az699-61
2024-02-27 07:45:15,124 [165decaf-3465-4b89-9497-27d6560ecac2-groupManagement] INFO  storage.RaftStorage (RaftStorageImpl.java:format(99)) - Storage directory /home/runner/work/ozone/ozone/hadoop-ozone/integration-test/target/test-dir/MiniOzoneClusterImpl-b00976b7-23bc-4195-b1b8-a51685bf3827/ozone-meta/datanode-3/ratis/43d9d58e-06d6-49fa-b4cc-0f56344fbe05 has been successfully formatted.
2024-02-27 07:45:15,124 [165decaf-3465-4b89-9497-27d6560ecac2-groupManagement] WARN  util.FileUtils (LogUtils.java:supplyAndLog(63)) - Failed to Files.newInputStream /home/runner/work/ozone/ozone/hadoop-ozone/integration-test/target/test-dir/MiniOzoneClusterImpl-b00976b7-23bc-4195-b1b8-a51685bf3827/ozone-meta/datanode-3/ratis/43d9d58e-06d6-49fa-b4cc-0f56344fbe05/current/raft-meta.conf with options []: java.nio.file.NoSuchFileException: /home/runner/work/ozone/ozone/hadoop-ozone/integration-test/target/test-dir/MiniOzoneClusterImpl-b00976b7-23bc-4195-b1b8-a51685bf3827/ozone-meta/datanode-3/ratis/43d9d58e-06d6-49fa-b4cc-0f56344fbe05/current/raft-meta.conf
2024-02-27 07:45:15,124 [165decaf-3465-4b89-9497-27d6560ecac2-groupManagement] INFO  ratis.ContainerStateMachine (ContainerStateMachine.java:loadSnapshot(287)) - group-0F56344FBE05: The snapshot info is null. Setting the last applied index to:(t:0, i:~)
2024-02-27 07:45:15,124 [165decaf-3465-4b89-9497-27d6560ecac2-groupManagement] INFO  server.RaftServerConfigKeys (ConfUtils.java:logGet(46)) - raft.server.log.use.memory = false (default)
2024-02-27 07:45:15,125 [165decaf-3465-4b89-9497-27d6560ecac2-groupManagement] INFO  server.RaftServerConfigKeys (ConfUtils.java:logGet(46)) - raft.server.log.purge.gap = 1000000 (custom)
2024-02-27 07:45:15,125 [165decaf-3465-4b89-9497-27d6560ecac2-groupManagement] INFO  server.RaftServerConfigKeys (ConfUtils.java:logGet(46)) - raft.server.log.appender.buffer.byte-limit = 8388608 (custom)
2024-02-27 07:45:15,125 [165decaf-3465-4b89-9497-27d6560ecac2-groupManagement] INFO  server.RaftServerConfigKeys (ConfUtils.java:logGet(46)) - raft.server.log.statemachine.data.read.timeout = 1000ms (default)
2024-02-27 07:45:15,125 [165decaf-3465-4b89-9497-27d6560ecac2-groupManagement] INFO  server.RaftServerConfigKeys (ConfUtils.java:logGet(46)) - raft.server.log.purge.preservation.log.num = 0 (default)
2024-02-27 07:45:15,125 [165decaf-3465-4b89-9497-27d6560ecac2-groupManagement] INFO  server.RaftServerConfigKeys (ConfUtils.java:logGet(46)) - raft.server.log.segment.size.max = 67108864 (custom)
2024-02-27 07:45:15,126 [165decaf-3465-4b89-9497-27d6560ecac2-groupManagement] INFO  server.RaftServerConfigKeys (ConfUtils.java:logGet(46)) - raft.server.log.segment.cache.num.max = 2 (custom)
2024-02-27 07:45:15,126 [165decaf-3465-4b89-9497-27d6560ecac2-groupManagement] INFO  server.RaftServerConfigKeys (ConfUtils.java:logGet(46)) - raft.server.log.segment.cache.size.max = 200MB (=209715200) (default)
2024-02-27 07:45:15,126 [165decaf-3465-4b89-9497-27d6560ecac2-groupManagement] INFO  server.RaftServerConfigKeys (ConfUtils.java:logGet(46)) - raft.server.log.appender.buffer.byte-limit = 8388608 (custom)
2024-02-27 07:45:15,126 [165decaf-3465-4b89-9497-27d6560ecac2-groupManagement] INFO  util.AwaitToRun (AwaitToRun.java:start(81)) - Thread[165decaf-3465-4b89-9497-27d6560ecac2@group-0F56344FBE05-cacheEviction-AwaitToRun,5,main] started
2024-02-27 07:45:15,126 [165decaf-3465-4b89-9497-27d6560ecac2-groupManagement] INFO  segmented.SegmentedRaftLogWorker (SegmentedRaftLogWorker.java:<init>(182)) - new 165decaf-3465-4b89-9497-27d6560ecac2@group-0F56344FBE05-SegmentedRaftLogWorker for RaftStorageImpl:Storage Directory /home/runner/work/ozone/ozone/hadoop-ozone/integration-test/target/test-dir/MiniOzoneClusterImpl-b00976b7-23bc-4195-b1b8-a51685bf3827/ozone-meta/datanode-3/ratis/43d9d58e-06d6-49fa-b4cc-0f56344fbe05
2024-02-27 07:45:15,126 [165decaf-3465-4b89-9497-27d6560ecac2-groupManagement] INFO  server.RaftServerConfigKeys (ConfUtils.java:logGet(46)) - raft.server.log.queue.byte-limit = 4294967296 (custom)
2024-02-27 07:45:15,126 [165decaf-3465-4b89-9497-27d6560ecac2-groupManagement] INFO  server.RaftServerConfigKeys (ConfUtils.java:logGet(46)) - raft.server.log.queue.element-limit = 1024 (custom)
2024-02-27 07:45:15,126 [165decaf-3465-4b89-9497-27d6560ecac2-groupManagement] INFO  server.RaftServerConfigKeys (ConfUtils.java:logGet(46)) - raft.server.log.segment.size.max = 67108864 (custom)
2024-02-27 07:45:15,126 [165decaf-3465-4b89-9497-27d6560ecac2-groupManagement] INFO  server.RaftServerConfigKeys (ConfUtils.java:logGet(46)) - raft.server.log.preallocated.size = 4194304 (custom)
2024-02-27 07:45:15,126 [165decaf-3465-4b89-9497-27d6560ecac2-groupManagement] INFO  server.RaftServerConfigKeys (ConfUtils.java:logGet(46)) - raft.server.log.force.sync.num = 128 (default)
2024-02-27 07:45:15,126 [165decaf-3465-4b89-9497-27d6560ecac2-groupManagement] INFO  server.RaftServerConfigKeys (ConfUtils.java:logGet(46)) - raft.server.log.statemachine.data.sync = true (default)
2024-02-27 07:45:15,126 [165decaf-3465-4b89-9497-27d6560ecac2-groupManagement] INFO  server.RaftServerConfigKeys (ConfUtils.java:logGet(46)) - raft.server.log.statemachine.data.sync.timeout = 10s (default)
2024-02-27 07:45:15,126 [165decaf-3465-4b89-9497-27d6560ecac2-groupManagement] INFO  server.RaftServerConfigKeys (ConfUtils.java:logGet(46)) - raft.server.log.statemachine.data.sync.timeout.retry = 0 (custom)
2024-02-27 07:45:15,126 [165decaf-3465-4b89-9497-27d6560ecac2-groupManagement] INFO  server.RaftServerConfigKeys (ConfUtils.java:logGet(46)) - raft.server.log.write.buffer.size = 8388616 (custom)
2024-02-27 07:45:15,128 [165decaf-3465-4b89-9497-27d6560ecac2-groupManagement] INFO  server.RaftServerConfigKeys (ConfUtils.java:logGet(46)) - raft.server.log.appender.buffer.byte-limit = 8388608 (custom)
2024-02-27 07:45:15,128 [165decaf-3465-4b89-9497-27d6560ecac2-groupManagement] INFO  server.RaftServerConfigKeys (ConfUtils.java:logGet(46)) - raft.server.log.unsafe-flush.enabled = false (default)
2024-02-27 07:45:15,128 [165decaf-3465-4b89-9497-27d6560ecac2-groupManagement] INFO  server.RaftServerConfigKeys (ConfUtils.java:logGet(46)) - raft.server.log.async-flush.enabled = false (default)
2024-02-27 07:45:15,128 [165decaf-3465-4b89-9497-27d6560ecac2-groupManagement] INFO  server.RaftServerConfigKeys (ConfUtils.java:logGet(46)) - raft.server.log.statemachine.data.caching.enabled = true (custom)
2024-02-27 07:45:15,128 [165decaf-3465-4b89-9497-27d6560ecac2-groupManagement] INFO  segmented.SegmentedRaftLogWorker (SegmentedRaftLogWorker.java:lambda$new$0(134)) - 165decaf-3465-4b89-9497-27d6560ecac2@group-0F56344FBE05-SegmentedRaftLogWorker: flushIndex: setUnconditionally 0 -> -1
2024-02-27 07:45:15,128 [165decaf-3465-4b89-9497-27d6560ecac2-groupManagement] INFO  segmented.SegmentedRaftLogWorker (SegmentedRaftLogWorker.java:lambda$new$0(134)) - 165decaf-3465-4b89-9497-27d6560ecac2@group-0F56344FBE05-SegmentedRaftLogWorker: safeCacheEvictIndex: setUnconditionally 0 -> -1
2024-02-27 07:45:15,128 [165decaf-3465-4b89-9497-27d6560ecac2-groupManagement] INFO  server.RaftServer$Division (RaftServerImpl.java:start(396)) - 165decaf-3465-4b89-9497-27d6560ecac2@group-0F56344FBE05: start as a follower, conf=-1: peers:[4d28c94a-4d53-4519-b3c9-3a16e9947616|10.1.0.19:15160, af24d6c8-12f8-4751-8a80-28c60b0258e3|10.1.0.19:15151, 165decaf-3465-4b89-9497-27d6560ecac2|10.1.0.19:15169]|listeners:[], old=null
2024-02-27 07:45:15,128 [165decaf-3465-4b89-9497-27d6560ecac2-groupManagement] INFO  server.RaftServer$Division (RaftServerImpl.java:setRole(383)) - 165decaf-3465-4b89-9497-27d6560ecac2@group-0F56344FBE05: changes role from      null to FOLLOWER at term 0 for startAsFollower
2024-02-27 07:45:15,128 [165decaf-3465-4b89-9497-27d6560ecac2-groupManagement] INFO  impl.RoleInfo (RoleInfo.java:updateAndGet(139)) - 165decaf-3465-4b89-9497-27d6560ecac2: start 165decaf-3465-4b89-9497-27d6560ecac2@group-0F56344FBE05-FollowerState
2024-02-27 07:45:15,128 [165decaf-3465-4b89-9497-27d6560ecac2@group-0F56344FBE05-FollowerState] INFO  server.RaftServerConfigKeys (ConfUtils.java:logFallback(53)) - raft.server.rpc.first-election.timeout.min = 5s (fallback to raft.server.rpc.timeout.min)
2024-02-27 07:45:15,128 [165decaf-3465-4b89-9497-27d6560ecac2-groupManagement] INFO  util.JmxRegister (JmxRegister.java:tryRegister(44)) - Successfully registered JMX Bean with object name Ratis:service=RaftServer,group=group-0F56344FBE05,id=165decaf-3465-4b89-9497-27d6560ecac2
2024-02-27 07:45:15,128 [165decaf-3465-4b89-9497-27d6560ecac2@group-0F56344FBE05-FollowerState] INFO  server.RaftServerConfigKeys (ConfUtils.java:logFallback(53)) - raft.server.rpc.first-election.timeout.max = 5200ms (fallback to raft.server.rpc.timeout.max)
2024-02-27 07:45:15,128 [165decaf-3465-4b89-9497-27d6560ecac2-groupManagement] INFO  server.RaftServerConfigKeys (ConfUtils.java:logGet(46)) - raft.server.snapshot.trigger-when-stop.enabled = true (default)
2024-02-27 07:45:15,128 [165decaf-3465-4b89-9497-27d6560ecac2-groupManagement] INFO  server.RaftServerConfigKeys (ConfUtils.java:logGet(46)) - raft.server.snapshot.auto.trigger.enabled = true (custom)
2024-02-27 07:45:15,129 [165decaf-3465-4b89-9497-27d6560ecac2-groupManagement] INFO  server.RaftServerConfigKeys (ConfUtils.java:logGet(46)) - raft.server.snapshot.auto.trigger.threshold = 10000 (custom)
2024-02-27 07:45:15,129 [165decaf-3465-4b89-9497-27d6560ecac2-groupManagement] INFO  server.RaftServerConfigKeys (ConfUtils.java:logGet(46)) - raft.server.snapshot.retention.file.num = 5 (custom)
2024-02-27 07:45:15,129 [165decaf-3465-4b89-9497-27d6560ecac2-groupManagement] INFO  server.RaftServerConfigKeys (ConfUtils.java:logGet(46)) - raft.server.log.purge.upto.snapshot.index = false (default)
2024-02-27 07:45:15,134 [af24d6c8-12f8-4751-8a80-28c60b0258e3-PipelineCommandHandlerThread-0] INFO  commandhandler.CreatePipelineCommandHandler (CreatePipelineCommandHandler.java:lambda$handle$2(124)) - Created Pipeline RATIS THREE PipelineID=43d9d58e-06d6-49fa-b4cc-0f56344fbe05.
2024-02-27 07:45:15,194 [4d28c94a-4d53-4519-b3c9-3a16e9947616-groupManagement] INFO  server.RaftServer$Division (RaftServerImpl.java:<init>(256)) - 4d28c94a-4d53-4519-b3c9-3a16e9947616: new RaftServerImpl for group-19E9F708E6BC:[4d28c94a-4d53-4519-b3c9-3a16e9947616|10.1.0.19:15160] with ContainerStateMachine:uninitialized
2024-02-27 07:45:15,194 [4d28c94a-4d53-4519-b3c9-3a16e9947616-groupManagement] INFO  server.RaftServerConfigKeys (ConfUtils.java:logGet(46)) - raft.server.rpc.timeout.min = 5s (custom)
2024-02-27 07:45:15,194 [4d28c94a-4d53-4519-b3c9-3a16e9947616-groupManagement] INFO  server.RaftServerConfigKeys (ConfUtils.java:logGet(46)) - raft.server.rpc.timeout.max = 5200ms (custom)
2024-02-27 07:45:15,194 [4d28c94a-4d53-4519-b3c9-3a16e9947616-groupManagement] INFO  server.RaftServerConfigKeys (ConfUtils.java:logGet(46)) - raft.server.rpc.sleep.time = 25ms (default)
2024-02-27 07:45:15,194 [4d28c94a-4d53-4519-b3c9-3a16e9947616-groupManagement] INFO  server.RaftServerConfigKeys (ConfUtils.java:logGet(46)) - raft.server.rpc.slowness.timeout = 300s (custom)
2024-02-27 07:45:15,194 [4d28c94a-4d53-4519-b3c9-3a16e9947616-groupManagement] INFO  server.RaftServerConfigKeys (ConfUtils.java:logGet(46)) - raft.server.leaderelection.leader.step-down.wait-time = 10s (default)
2024-02-27 07:45:15,194 [4d28c94a-4d53-4519-b3c9-3a16e9947616-groupManagement] INFO  server.RaftServerConfigKeys (ConfUtils.java:logGet(46)) - raft.server.leaderelection.member.majority-add = false (default)
2024-02-27 07:45:15,194 [4d28c94a-4d53-4519-b3c9-3a16e9947616-groupManagement] INFO  server.RaftServerConfigKeys (ConfUtils.java:logGet(46)) - raft.server.sleep.deviation.threshold = 300ms (default)
2024-02-27 07:45:15,194 [4d28c94a-4d53-4519-b3c9-3a16e9947616-groupManagement] INFO  server.RaftServer$Division (ServerState.java:<init>(113)) - 4d28c94a-4d53-4519-b3c9-3a16e9947616@group-19E9F708E6BC: ConfigurationManager, init=-1: peers:[4d28c94a-4d53-4519-b3c9-3a16e9947616|10.1.0.19:15160]|listeners:[], old=null, confs=<EMPTY_MAP>
2024-02-27 07:45:15,194 [4d28c94a-4d53-4519-b3c9-3a16e9947616-groupManagement] INFO  server.RaftServerConfigKeys (ConfUtils.java:logGet(46)) - raft.server.notification.no-leader.timeout = 300s (custom)
2024-02-27 07:45:15,194 [4d28c94a-4d53-4519-b3c9-3a16e9947616-groupManagement] INFO  server.RaftServerConfigKeys (ConfUtils.java:logGet(46)) - raft.server.read.timeout = 10s (default)
2024-02-27 07:45:15,195 [4d28c94a-4d53-4519-b3c9-3a16e9947616-groupManagement] INFO  server.RaftServerConfigKeys (ConfUtils.java:logGet(46)) - raft.server.retrycache.expirytime = 600000ms (custom)
2024-02-27 07:45:15,195 [4d28c94a-4d53-4519-b3c9-3a16e9947616-groupManagement] INFO  server.RaftServerConfigKeys (ConfUtils.java:logGet(46)) - raft.server.retrycache.statistics.expirytime = 100ms (default)
2024-02-27 07:45:15,195 [4d28c94a-4d53-4519-b3c9-3a16e9947616-groupManagement] INFO  server.RaftServerConfigKeys (ConfUtils.java:logGet(46)) - raft.server.read.option = DEFAULT (default)
2024-02-27 07:45:15,195 [4d28c94a-4d53-4519-b3c9-3a16e9947616-groupManagement] INFO  server.RaftServerConfigKeys (ConfUtils.java:logGet(46)) - raft.server.read.read-after-write-consistent.write-index-cache.expiry-time = 60s (default)
2024-02-27 07:45:15,195 [4d28c94a-4d53-4519-b3c9-3a16e9947616-PipelineCommandHandlerThread-0] INFO  server.RaftServer (RaftServerProxy.java:addNew(100)) - 4d28c94a-4d53-4519-b3c9-3a16e9947616: addNew group-19E9F708E6BC:[4d28c94a-4d53-4519-b3c9-3a16e9947616|10.1.0.19:15160] returns group-19E9F708E6BC:java.util.concurrent.CompletableFuture@62c352dd[Not completed]
2024-02-27 07:45:15,196 [4d28c94a-4d53-4519-b3c9-3a16e9947616-groupManagement] INFO  server.RaftServerConfigKeys (ConfUtils.java:logGet(46)) - raft.server.rpc.request.timeout = 60s (custom)
2024-02-27 07:45:15,196 [4d28c94a-4d53-4519-b3c9-3a16e9947616-groupManagement] INFO  server.RaftServerConfigKeys (ConfUtils.java:logGet(46)) - raft.server.log.appender.install.snapshot.enabled = false (custom)
2024-02-27 07:45:15,196 [4d28c94a-4d53-4519-b3c9-3a16e9947616-groupManagement] INFO  server.RaftServerConfigKeys (ConfUtils.java:logGet(46)) - raft.server.threadpool.server.cached = true (default)
2024-02-27 07:45:15,196 [4d28c94a-4d53-4519-b3c9-3a16e9947616-groupManagement] INFO  server.RaftServerConfigKeys (ConfUtils.java:logGet(46)) - raft.server.threadpool.server.size = 0 (default)
2024-02-27 07:45:15,196 [4d28c94a-4d53-4519-b3c9-3a16e9947616-groupManagement] INFO  server.RaftServerConfigKeys (ConfUtils.java:logGet(46)) - raft.server.threadpool.client.cached = true (default)
2024-02-27 07:45:15,196 [4d28c94a-4d53-4519-b3c9-3a16e9947616-groupManagement] INFO  server.RaftServerConfigKeys (ConfUtils.java:logGet(46)) - raft.server.threadpool.client.size = 0 (default)
2024-02-27 07:45:15,196 [4d28c94a-4d53-4519-b3c9-3a16e9947616-groupManagement] INFO  server.RaftServerConfigKeys (ConfUtils.java:logGet(46)) - raft.server.storage.free-space.min = 0MB (=0) (default)
2024-02-27 07:45:15,197 [4d28c94a-4d53-4519-b3c9-3a16e9947616-groupManagement] INFO  server.RaftServerConfigKeys (ConfUtils.java:logGet(46)) - raft.server.log.corruption.policy = EXCEPTION (default)
2024-02-27 07:45:15,197 [4d28c94a-4d53-4519-b3c9-3a16e9947616-groupManagement] INFO  server.RaftServerConfigKeys (ConfUtils.java:logGet(46)) - raft.server.storage.dir = [/home/runner/work/ozone/ozone/hadoop-ozone/integration-test/target/test-dir/MiniOzoneClusterImpl-b00976b7-23bc-4195-b1b8-a51685bf3827/ozone-meta/datanode-2/ratis] (custom)
2024-02-27 07:45:15,197 [4d28c94a-4d53-4519-b3c9-3a16e9947616-groupManagement] INFO  storage.RaftStorageDirectory (RaftStorageDirectoryImpl.java:analyzeStorage(138)) - The storage directory /home/runner/work/ozone/ozone/hadoop-ozone/integration-test/target/test-dir/MiniOzoneClusterImpl-b00976b7-23bc-4195-b1b8-a51685bf3827/ozone-meta/datanode-2/ratis/a649e33b-7983-4b14-b413-19e9f708e6bc does not exist. Creating ...
2024-02-27 07:45:15,198 [4d28c94a-4d53-4519-b3c9-3a16e9947616-groupManagement] INFO  storage.RaftStorageDirectory (RaftStorageDirectoryImpl.java:tryLock(228)) - Lock on /home/runner/work/ozone/ozone/hadoop-ozone/integration-test/target/test-dir/MiniOzoneClusterImpl-b00976b7-23bc-4195-b1b8-a51685bf3827/ozone-meta/datanode-2/ratis/a649e33b-7983-4b14-b413-19e9f708e6bc/in_use.lock acquired by nodename 40924@fv-az699-61
2024-02-27 07:45:15,199 [4d28c94a-4d53-4519-b3c9-3a16e9947616-groupManagement] INFO  storage.RaftStorage (RaftStorageImpl.java:format(99)) - Storage directory /home/runner/work/ozone/ozone/hadoop-ozone/integration-test/target/test-dir/MiniOzoneClusterImpl-b00976b7-23bc-4195-b1b8-a51685bf3827/ozone-meta/datanode-2/ratis/a649e33b-7983-4b14-b413-19e9f708e6bc has been successfully formatted.
2024-02-27 07:45:15,199 [4d28c94a-4d53-4519-b3c9-3a16e9947616-groupManagement] WARN  util.FileUtils (LogUtils.java:supplyAndLog(63)) - Failed to Files.newInputStream /home/runner/work/ozone/ozone/hadoop-ozone/integration-test/target/test-dir/MiniOzoneClusterImpl-b00976b7-23bc-4195-b1b8-a51685bf3827/ozone-meta/datanode-2/ratis/a649e33b-7983-4b14-b413-19e9f708e6bc/current/raft-meta.conf with options []: java.nio.file.NoSuchFileException: /home/runner/work/ozone/ozone/hadoop-ozone/integration-test/target/test-dir/MiniOzoneClusterImpl-b00976b7-23bc-4195-b1b8-a51685bf3827/ozone-meta/datanode-2/ratis/a649e33b-7983-4b14-b413-19e9f708e6bc/current/raft-meta.conf
2024-02-27 07:45:15,199 [4d28c94a-4d53-4519-b3c9-3a16e9947616-groupManagement] INFO  ratis.ContainerStateMachine (ContainerStateMachine.java:loadSnapshot(287)) - group-19E9F708E6BC: The snapshot info is null. Setting the last applied index to:(t:0, i:~)
2024-02-27 07:45:15,199 [4d28c94a-4d53-4519-b3c9-3a16e9947616-groupManagement] INFO  server.RaftServerConfigKeys (ConfUtils.java:logGet(46)) - raft.server.log.use.memory = false (default)
2024-02-27 07:45:15,200 [4d28c94a-4d53-4519-b3c9-3a16e9947616-groupManagement] INFO  server.RaftServerConfigKeys (ConfUtils.java:logGet(46)) - raft.server.log.purge.gap = 1000000 (custom)
2024-02-27 07:45:15,200 [4d28c94a-4d53-4519-b3c9-3a16e9947616-groupManagement] INFO  server.RaftServerConfigKeys (ConfUtils.java:logGet(46)) - raft.server.log.appender.buffer.byte-limit = 8388608 (custom)
2024-02-27 07:45:15,200 [4d28c94a-4d53-4519-b3c9-3a16e9947616-groupManagement] INFO  server.RaftServerConfigKeys (ConfUtils.java:logGet(46)) - raft.server.log.statemachine.data.read.timeout = 1000ms (default)
2024-02-27 07:45:15,200 [4d28c94a-4d53-4519-b3c9-3a16e9947616-groupManagement] INFO  server.RaftServerConfigKeys (ConfUtils.java:logGet(46)) - raft.server.log.purge.preservation.log.num = 0 (default)
2024-02-27 07:45:15,200 [4d28c94a-4d53-4519-b3c9-3a16e9947616-groupManagement] INFO  server.RaftServerConfigKeys (ConfUtils.java:logGet(46)) - raft.server.log.segment.size.max = 67108864 (custom)
2024-02-27 07:45:15,201 [4d28c94a-4d53-4519-b3c9-3a16e9947616-groupManagement] INFO  server.RaftServerConfigKeys (ConfUtils.java:logGet(46)) - raft.server.log.segment.cache.num.max = 2 (custom)
2024-02-27 07:45:15,201 [4d28c94a-4d53-4519-b3c9-3a16e9947616-groupManagement] INFO  server.RaftServerConfigKeys (ConfUtils.java:logGet(46)) - raft.server.log.segment.cache.size.max = 200MB (=209715200) (default)
2024-02-27 07:45:15,201 [4d28c94a-4d53-4519-b3c9-3a16e9947616-groupManagement] INFO  server.RaftServerConfigKeys (ConfUtils.java:logGet(46)) - raft.server.log.appender.buffer.byte-limit = 8388608 (custom)
2024-02-27 07:45:15,201 [4d28c94a-4d53-4519-b3c9-3a16e9947616-groupManagement] INFO  util.AwaitToRun (AwaitToRun.java:start(81)) - Thread[4d28c94a-4d53-4519-b3c9-3a16e9947616@group-19E9F708E6BC-cacheEviction-AwaitToRun,5,main] started
2024-02-27 07:45:15,201 [4d28c94a-4d53-4519-b3c9-3a16e9947616-groupManagement] INFO  segmented.SegmentedRaftLogWorker (SegmentedRaftLogWorker.java:<init>(182)) - new 4d28c94a-4d53-4519-b3c9-3a16e9947616@group-19E9F708E6BC-SegmentedRaftLogWorker for RaftStorageImpl:Storage Directory /home/runner/work/ozone/ozone/hadoop-ozone/integration-test/target/test-dir/MiniOzoneClusterImpl-b00976b7-23bc-4195-b1b8-a51685bf3827/ozone-meta/datanode-2/ratis/a649e33b-7983-4b14-b413-19e9f708e6bc
2024-02-27 07:45:15,201 [EventQueue-PipelineReportForPipelineReportHandler] INFO  pipeline.PipelineReportHandler (PipelineReportHandler.java:processPipelineReport(136)) - Opened pipeline PipelineID=a649e33b-7983-4b14-b413-19e9f708e6bc
2024-02-27 07:45:15,201 [4d28c94a-4d53-4519-b3c9-3a16e9947616-groupManagement] INFO  server.RaftServerConfigKeys (ConfUtils.java:logGet(46)) - raft.server.log.queue.byte-limit = 4294967296 (custom)
2024-02-27 07:45:15,201 [4d28c94a-4d53-4519-b3c9-3a16e9947616-groupManagement] INFO  server.RaftServerConfigKeys (ConfUtils.java:logGet(46)) - raft.server.log.queue.element-limit = 1024 (custom)
2024-02-27 07:45:15,201 [4d28c94a-4d53-4519-b3c9-3a16e9947616-groupManagement] INFO  server.RaftServerConfigKeys (ConfUtils.java:logGet(46)) - raft.server.log.segment.size.max = 67108864 (custom)
2024-02-27 07:45:15,201 [4d28c94a-4d53-4519-b3c9-3a16e9947616-groupManagement] INFO  server.RaftServerConfigKeys (ConfUtils.java:logGet(46)) - raft.server.log.preallocated.size = 4194304 (custom)
2024-02-27 07:45:15,201 [4d28c94a-4d53-4519-b3c9-3a16e9947616-groupManagement] INFO  server.RaftServerConfigKeys (ConfUtils.java:logGet(46)) - raft.server.log.force.sync.num = 128 (default)
2024-02-27 07:45:15,201 [4d28c94a-4d53-4519-b3c9-3a16e9947616-groupManagement] INFO  server.RaftServerConfigKeys (ConfUtils.java:logGet(46)) - raft.server.log.statemachine.data.sync = true (default)
2024-02-27 07:45:15,202 [4d28c94a-4d53-4519-b3c9-3a16e9947616-groupManagement] INFO  server.RaftServerConfigKeys (ConfUtils.java:logGet(46)) - raft.server.log.statemachine.data.sync.timeout = 10s (default)
2024-02-27 07:45:15,202 [4d28c94a-4d53-4519-b3c9-3a16e9947616-groupManagement] INFO  server.RaftServerConfigKeys (ConfUtils.java:logGet(46)) - raft.server.log.statemachine.data.sync.timeout.retry = 0 (custom)
2024-02-27 07:45:15,202 [4d28c94a-4d53-4519-b3c9-3a16e9947616-groupManagement] INFO  server.RaftServerConfigKeys (ConfUtils.java:logGet(46)) - raft.server.log.write.buffer.size = 8388616 (custom)
2024-02-27 07:45:15,203 [4d28c94a-4d53-4519-b3c9-3a16e9947616-groupManagement] INFO  server.RaftServerConfigKeys (ConfUtils.java:logGet(46)) - raft.server.log.appender.buffer.byte-limit = 8388608 (custom)
2024-02-27 07:45:15,203 [4d28c94a-4d53-4519-b3c9-3a16e9947616-groupManagement] INFO  server.RaftServerConfigKeys (ConfUtils.java:logGet(46)) - raft.server.log.unsafe-flush.enabled = false (default)
2024-02-27 07:45:15,203 [4d28c94a-4d53-4519-b3c9-3a16e9947616-groupManagement] INFO  server.RaftServerConfigKeys (ConfUtils.java:logGet(46)) - raft.server.log.async-flush.enabled = false (default)
2024-02-27 07:45:15,203 [4d28c94a-4d53-4519-b3c9-3a16e9947616-groupManagement] INFO  server.RaftServerConfigKeys (ConfUtils.java:logGet(46)) - raft.server.log.statemachine.data.caching.enabled = true (custom)
2024-02-27 07:45:15,203 [4d28c94a-4d53-4519-b3c9-3a16e9947616-groupManagement] INFO  segmented.SegmentedRaftLogWorker (SegmentedRaftLogWorker.java:lambda$new$0(134)) - 4d28c94a-4d53-4519-b3c9-3a16e9947616@group-19E9F708E6BC-SegmentedRaftLogWorker: flushIndex: setUnconditionally 0 -> -1
2024-02-27 07:45:15,203 [4d28c94a-4d53-4519-b3c9-3a16e9947616-groupManagement] INFO  segmented.SegmentedRaftLogWorker (SegmentedRaftLogWorker.java:lambda$new$0(134)) - 4d28c94a-4d53-4519-b3c9-3a16e9947616@group-19E9F708E6BC-SegmentedRaftLogWorker: safeCacheEvictIndex: setUnconditionally 0 -> -1
2024-02-27 07:45:15,203 [EventQueue-OpenPipelineForHealthyPipelineSafeModeRule] INFO  safemode.SCMSafeModeManager (HealthyPipelineSafeModeRule.java:process(140)) - SCM in safe mode. Healthy pipelines reported count is 0, required healthy pipeline reported count is 1
2024-02-27 07:45:15,203 [4d28c94a-4d53-4519-b3c9-3a16e9947616-groupManagement] INFO  server.RaftServer$Division (RaftServerImpl.java:start(396)) - 4d28c94a-4d53-4519-b3c9-3a16e9947616@group-19E9F708E6BC: start as a follower, conf=-1: peers:[4d28c94a-4d53-4519-b3c9-3a16e9947616|10.1.0.19:15160]|listeners:[], old=null
2024-02-27 07:45:15,203 [4d28c94a-4d53-4519-b3c9-3a16e9947616-groupManagement] INFO  server.RaftServer$Division (RaftServerImpl.java:setRole(383)) - 4d28c94a-4d53-4519-b3c9-3a16e9947616@group-19E9F708E6BC: changes role from      null to FOLLOWER at term 0 for startAsFollower
2024-02-27 07:45:15,204 [4d28c94a-4d53-4519-b3c9-3a16e9947616-groupManagement] INFO  impl.RoleInfo (RoleInfo.java:updateAndGet(139)) - 4d28c94a-4d53-4519-b3c9-3a16e9947616: start 4d28c94a-4d53-4519-b3c9-3a16e9947616@group-19E9F708E6BC-FollowerState
2024-02-27 07:45:15,204 [4d28c94a-4d53-4519-b3c9-3a16e9947616-groupManagement] INFO  util.JmxRegister (JmxRegister.java:tryRegister(44)) - Successfully registered JMX Bean with object name Ratis:service=RaftServer,group=group-19E9F708E6BC,id=4d28c94a-4d53-4519-b3c9-3a16e9947616
2024-02-27 07:45:15,204 [4d28c94a-4d53-4519-b3c9-3a16e9947616@group-19E9F708E6BC-FollowerState] INFO  server.RaftServerConfigKeys (ConfUtils.java:logFallback(53)) - raft.server.rpc.first-election.timeout.min = 5s (fallback to raft.server.rpc.timeout.min)
2024-02-27 07:45:15,204 [4d28c94a-4d53-4519-b3c9-3a16e9947616-groupManagement] INFO  server.RaftServerConfigKeys (ConfUtils.java:logGet(46)) - raft.server.snapshot.trigger-when-stop.enabled = true (default)
2024-02-27 07:45:15,204 [4d28c94a-4d53-4519-b3c9-3a16e9947616@group-19E9F708E6BC-FollowerState] INFO  server.RaftServerConfigKeys (ConfUtils.java:logFallback(53)) - raft.server.rpc.first-election.timeout.max = 5200ms (fallback to raft.server.rpc.timeout.max)
2024-02-27 07:45:15,204 [4d28c94a-4d53-4519-b3c9-3a16e9947616-groupManagement] INFO  server.RaftServerConfigKeys (ConfUtils.java:logGet(46)) - raft.server.snapshot.auto.trigger.enabled = true (custom)
2024-02-27 07:45:15,204 [4d28c94a-4d53-4519-b3c9-3a16e9947616-groupManagement] INFO  server.RaftServerConfigKeys (ConfUtils.java:logGet(46)) - raft.server.snapshot.auto.trigger.threshold = 10000 (custom)
2024-02-27 07:45:15,204 [4d28c94a-4d53-4519-b3c9-3a16e9947616-groupManagement] INFO  server.RaftServerConfigKeys (ConfUtils.java:logGet(46)) - raft.server.snapshot.retention.file.num = 5 (custom)
2024-02-27 07:45:15,204 [4d28c94a-4d53-4519-b3c9-3a16e9947616-groupManagement] INFO  server.RaftServerConfigKeys (ConfUtils.java:logGet(46)) - raft.server.log.purge.upto.snapshot.index = false (default)
2024-02-27 07:45:15,205 [4d28c94a-4d53-4519-b3c9-3a16e9947616-PipelineCommandHandlerThread-0] INFO  ratis.XceiverServerRatis (XceiverServerRatis.java:addGroup(864)) - Created group PipelineID=a649e33b-7983-4b14-b413-19e9f708e6bc
2024-02-27 07:45:15,205 [4d28c94a-4d53-4519-b3c9-3a16e9947616-PipelineCommandHandlerThread-0] INFO  commandhandler.CreatePipelineCommandHandler (CreatePipelineCommandHandler.java:lambda$handle$2(124)) - Created Pipeline RATIS ONE PipelineID=a649e33b-7983-4b14-b413-19e9f708e6bc.
2024-02-27 07:45:15,303 [165decaf-3465-4b89-9497-27d6560ecac2-PipelineCommandHandlerThread-0] INFO  server.RaftServer (RaftServerProxy.java:addNew(100)) - 165decaf-3465-4b89-9497-27d6560ecac2: addNew group-3C2D876152D2:[165decaf-3465-4b89-9497-27d6560ecac2|10.1.0.19:15169] returns group-3C2D876152D2:java.util.concurrent.CompletableFuture@50d9d33b[Not completed]
2024-02-27 07:45:15,304 [165decaf-3465-4b89-9497-27d6560ecac2-groupManagement] INFO  server.RaftServer$Division (RaftServerImpl.java:<init>(256)) - 165decaf-3465-4b89-9497-27d6560ecac2: new RaftServerImpl for group-3C2D876152D2:[165decaf-3465-4b89-9497-27d6560ecac2|10.1.0.19:15169] with ContainerStateMachine:uninitialized
2024-02-27 07:45:15,304 [165decaf-3465-4b89-9497-27d6560ecac2-groupManagement] INFO  server.RaftServerConfigKeys (ConfUtils.java:logGet(46)) - raft.server.rpc.timeout.min = 5s (custom)
2024-02-27 07:45:15,304 [165decaf-3465-4b89-9497-27d6560ecac2-groupManagement] INFO  server.RaftServerConfigKeys (ConfUtils.java:logGet(46)) - raft.server.rpc.timeout.max = 5200ms (custom)
2024-02-27 07:45:15,304 [165decaf-3465-4b89-9497-27d6560ecac2-groupManagement] INFO  server.RaftServerConfigKeys (ConfUtils.java:logGet(46)) - raft.server.rpc.sleep.time = 25ms (default)
2024-02-27 07:45:15,304 [165decaf-3465-4b89-9497-27d6560ecac2-groupManagement] INFO  server.RaftServerConfigKeys (ConfUtils.java:logGet(46)) - raft.server.rpc.slowness.timeout = 300s (custom)
2024-02-27 07:45:15,304 [165decaf-3465-4b89-9497-27d6560ecac2-groupManagement] INFO  server.RaftServerConfigKeys (ConfUtils.java:logGet(46)) - raft.server.leaderelection.leader.step-down.wait-time = 10s (default)
2024-02-27 07:45:15,304 [165decaf-3465-4b89-9497-27d6560ecac2-groupManagement] INFO  server.RaftServerConfigKeys (ConfUtils.java:logGet(46)) - raft.server.leaderelection.member.majority-add = false (default)
2024-02-27 07:45:15,304 [165decaf-3465-4b89-9497-27d6560ecac2-groupManagement] INFO  server.RaftServerConfigKeys (ConfUtils.java:logGet(46)) - raft.server.sleep.deviation.threshold = 300ms (default)
2024-02-27 07:45:15,304 [165decaf-3465-4b89-9497-27d6560ecac2-groupManagement] INFO  server.RaftServer$Division (ServerState.java:<init>(113)) - 165decaf-3465-4b89-9497-27d6560ecac2@group-3C2D876152D2: ConfigurationManager, init=-1: peers:[165decaf-3465-4b89-9497-27d6560ecac2|10.1.0.19:15169]|listeners:[], old=null, confs=<EMPTY_MAP>
2024-02-27 07:45:15,304 [165decaf-3465-4b89-9497-27d6560ecac2-groupManagement] INFO  server.RaftServerConfigKeys (ConfUtils.java:logGet(46)) - raft.server.notification.no-leader.timeout = 300s (custom)
2024-02-27 07:45:15,305 [165decaf-3465-4b89-9497-27d6560ecac2-groupManagement] INFO  server.RaftServerConfigKeys (ConfUtils.java:logGet(46)) - raft.server.read.timeout = 10s (default)
2024-02-27 07:45:15,305 [165decaf-3465-4b89-9497-27d6560ecac2-groupManagement] INFO  server.RaftServerConfigKeys (ConfUtils.java:logGet(46)) - raft.server.retrycache.expirytime = 600000ms (custom)
2024-02-27 07:45:15,305 [165decaf-3465-4b89-9497-27d6560ecac2-groupManagement] INFO  server.RaftServerConfigKeys (ConfUtils.java:logGet(46)) - raft.server.retrycache.statistics.expirytime = 100ms (default)
2024-02-27 07:45:15,305 [165decaf-3465-4b89-9497-27d6560ecac2-groupManagement] INFO  server.RaftServerConfigKeys (ConfUtils.java:logGet(46)) - raft.server.read.option = DEFAULT (default)
2024-02-27 07:45:15,305 [165decaf-3465-4b89-9497-27d6560ecac2-groupManagement] INFO  server.RaftServerConfigKeys (ConfUtils.java:logGet(46)) - raft.server.read.read-after-write-consistent.write-index-cache.expiry-time = 60s (default)
2024-02-27 07:45:15,306 [165decaf-3465-4b89-9497-27d6560ecac2-groupManagement] INFO  server.RaftServerConfigKeys (ConfUtils.java:logGet(46)) - raft.server.rpc.request.timeout = 60s (custom)
2024-02-27 07:45:15,306 [165decaf-3465-4b89-9497-27d6560ecac2-groupManagement] INFO  server.RaftServerConfigKeys (ConfUtils.java:logGet(46)) - raft.server.log.appender.install.snapshot.enabled = false (custom)
2024-02-27 07:45:15,306 [165decaf-3465-4b89-9497-27d6560ecac2-groupManagement] INFO  server.RaftServerConfigKeys (ConfUtils.java:logGet(46)) - raft.server.threadpool.server.cached = true (default)
2024-02-27 07:45:15,306 [main] INFO  ozone.MiniOzoneClusterImpl (MiniOzoneClusterImpl.java:lambda$waitForClusterToBeReady$0(195)) - Nodes are ready. Got 3 of 3 DN Heartbeats.
2024-02-27 07:45:15,307 [main] INFO  ozone.MiniOzoneClusterImpl (MiniOzoneClusterImpl.java:lambda$waitForClusterToBeReady$0(198)) - Waiting for cluster to exit safe mode
2024-02-27 07:45:15,307 [main] INFO  ozone.MiniOzoneClusterImpl (MiniOzoneClusterImpl.java:lambda$waitForClusterToBeReady$0(200)) - SCM became leader
2024-02-27 07:45:15,306 [165decaf-3465-4b89-9497-27d6560ecac2-groupManagement] INFO  server.RaftServerConfigKeys (ConfUtils.java:logGet(46)) - raft.server.threadpool.server.size = 0 (default)
2024-02-27 07:45:15,307 [165decaf-3465-4b89-9497-27d6560ecac2-groupManagement] INFO  server.RaftServerConfigKeys (ConfUtils.java:logGet(46)) - raft.server.threadpool.client.cached = true (default)
2024-02-27 07:45:15,307 [165decaf-3465-4b89-9497-27d6560ecac2-groupManagement] INFO  server.RaftServerConfigKeys (ConfUtils.java:logGet(46)) - raft.server.threadpool.client.size = 0 (default)
2024-02-27 07:45:15,307 [165decaf-3465-4b89-9497-27d6560ecac2-groupManagement] INFO  server.RaftServerConfigKeys (ConfUtils.java:logGet(46)) - raft.server.storage.free-space.min = 0MB (=0) (default)
2024-02-27 07:45:15,307 [165decaf-3465-4b89-9497-27d6560ecac2-groupManagement] INFO  server.RaftServerConfigKeys (ConfUtils.java:logGet(46)) - raft.server.log.corruption.policy = EXCEPTION (default)
2024-02-27 07:45:15,307 [165decaf-3465-4b89-9497-27d6560ecac2-groupManagement] INFO  server.RaftServerConfigKeys (ConfUtils.java:logGet(46)) - raft.server.storage.dir = [/home/runner/work/ozone/ozone/hadoop-ozone/integration-test/target/test-dir/MiniOzoneClusterImpl-b00976b7-23bc-4195-b1b8-a51685bf3827/ozone-meta/datanode-3/ratis] (custom)
2024-02-27 07:45:15,307 [165decaf-3465-4b89-9497-27d6560ecac2-groupManagement] INFO  storage.RaftStorageDirectory (RaftStorageDirectoryImpl.java:analyzeStorage(138)) - The storage directory /home/runner/work/ozone/ozone/hadoop-ozone/integration-test/target/test-dir/MiniOzoneClusterImpl-b00976b7-23bc-4195-b1b8-a51685bf3827/ozone-meta/datanode-3/ratis/cfdf2ef5-aae1-4404-a905-3c2d876152d2 does not exist. Creating ...
2024-02-27 07:45:15,308 [165decaf-3465-4b89-9497-27d6560ecac2-groupManagement] INFO  storage.RaftStorageDirectory (RaftStorageDirectoryImpl.java:tryLock(228)) - Lock on /home/runner/work/ozone/ozone/hadoop-ozone/integration-test/target/test-dir/MiniOzoneClusterImpl-b00976b7-23bc-4195-b1b8-a51685bf3827/ozone-meta/datanode-3/ratis/cfdf2ef5-aae1-4404-a905-3c2d876152d2/in_use.lock acquired by nodename 40924@fv-az699-61
2024-02-27 07:45:15,310 [165decaf-3465-4b89-9497-27d6560ecac2-groupManagement] INFO  storage.RaftStorage (RaftStorageImpl.java:format(99)) - Storage directory /home/runner/work/ozone/ozone/hadoop-ozone/integration-test/target/test-dir/MiniOzoneClusterImpl-b00976b7-23bc-4195-b1b8-a51685bf3827/ozone-meta/datanode-3/ratis/cfdf2ef5-aae1-4404-a905-3c2d876152d2 has been successfully formatted.
2024-02-27 07:45:15,310 [165decaf-3465-4b89-9497-27d6560ecac2-groupManagement] WARN  util.FileUtils (LogUtils.java:supplyAndLog(63)) - Failed to Files.newInputStream /home/runner/work/ozone/ozone/hadoop-ozone/integration-test/target/test-dir/MiniOzoneClusterImpl-b00976b7-23bc-4195-b1b8-a51685bf3827/ozone-meta/datanode-3/ratis/cfdf2ef5-aae1-4404-a905-3c2d876152d2/current/raft-meta.conf with options []: java.nio.file.NoSuchFileException: /home/runner/work/ozone/ozone/hadoop-ozone/integration-test/target/test-dir/MiniOzoneClusterImpl-b00976b7-23bc-4195-b1b8-a51685bf3827/ozone-meta/datanode-3/ratis/cfdf2ef5-aae1-4404-a905-3c2d876152d2/current/raft-meta.conf
2024-02-27 07:45:15,310 [165decaf-3465-4b89-9497-27d6560ecac2-groupManagement] INFO  ratis.ContainerStateMachine (ContainerStateMachine.java:loadSnapshot(287)) - group-3C2D876152D2: The snapshot info is null. Setting the last applied index to:(t:0, i:~)
2024-02-27 07:45:15,310 [165decaf-3465-4b89-9497-27d6560ecac2-groupManagement] INFO  server.RaftServerConfigKeys (ConfUtils.java:logGet(46)) - raft.server.log.use.memory = false (default)
2024-02-27 07:45:15,310 [165decaf-3465-4b89-9497-27d6560ecac2-groupManagement] INFO  server.RaftServerConfigKeys (ConfUtils.java:logGet(46)) - raft.server.log.purge.gap = 1000000 (custom)
2024-02-27 07:45:15,310 [165decaf-3465-4b89-9497-27d6560ecac2-groupManagement] INFO  server.RaftServerConfigKeys (ConfUtils.java:logGet(46)) - raft.server.log.appender.buffer.byte-limit = 8388608 (custom)
2024-02-27 07:45:15,310 [165decaf-3465-4b89-9497-27d6560ecac2-groupManagement] INFO  server.RaftServerConfigKeys (ConfUtils.java:logGet(46)) - raft.server.log.statemachine.data.read.timeout = 1000ms (default)
2024-02-27 07:45:15,310 [165decaf-3465-4b89-9497-27d6560ecac2-groupManagement] INFO  server.RaftServerConfigKeys (ConfUtils.java:logGet(46)) - raft.server.log.purge.preservation.log.num = 0 (default)
2024-02-27 07:45:15,311 [165decaf-3465-4b89-9497-27d6560ecac2-groupManagement] INFO  server.RaftServerConfigKeys (ConfUtils.java:logGet(46)) - raft.server.log.segment.size.max = 67108864 (custom)
2024-02-27 07:45:15,311 [EventQueue-PipelineReportForPipelineReportHandler] INFO  pipeline.PipelineReportHandler (PipelineReportHandler.java:processPipelineReport(136)) - Opened pipeline PipelineID=cfdf2ef5-aae1-4404-a905-3c2d876152d2
2024-02-27 07:45:15,311 [165decaf-3465-4b89-9497-27d6560ecac2-groupManagement] INFO  server.RaftServerConfigKeys (ConfUtils.java:logGet(46)) - raft.server.log.segment.cache.num.max = 2 (custom)
2024-02-27 07:45:15,311 [EventQueue-OpenPipelineForHealthyPipelineSafeModeRule] INFO  safemode.SCMSafeModeManager (HealthyPipelineSafeModeRule.java:process(140)) - SCM in safe mode. Healthy pipelines reported count is 0, required healthy pipeline reported count is 1
2024-02-27 07:45:15,311 [165decaf-3465-4b89-9497-27d6560ecac2-groupManagement] INFO  server.RaftServerConfigKeys (ConfUtils.java:logGet(46)) - raft.server.log.segment.cache.size.max = 200MB (=209715200) (default)
2024-02-27 07:45:15,311 [165decaf-3465-4b89-9497-27d6560ecac2-groupManagement] INFO  server.RaftServerConfigKeys (ConfUtils.java:logGet(46)) - raft.server.log.appender.buffer.byte-limit = 8388608 (custom)
2024-02-27 07:45:15,311 [165decaf-3465-4b89-9497-27d6560ecac2-groupManagement] INFO  util.AwaitToRun (AwaitToRun.java:start(81)) - Thread[165decaf-3465-4b89-9497-27d6560ecac2@group-3C2D876152D2-cacheEviction-AwaitToRun,5,main] started
2024-02-27 07:45:15,311 [165decaf-3465-4b89-9497-27d6560ecac2-groupManagement] INFO  segmented.SegmentedRaftLogWorker (SegmentedRaftLogWorker.java:<init>(182)) - new 165decaf-3465-4b89-9497-27d6560ecac2@group-3C2D876152D2-SegmentedRaftLogWorker for RaftStorageImpl:Storage Directory /home/runner/work/ozone/ozone/hadoop-ozone/integration-test/target/test-dir/MiniOzoneClusterImpl-b00976b7-23bc-4195-b1b8-a51685bf3827/ozone-meta/datanode-3/ratis/cfdf2ef5-aae1-4404-a905-3c2d876152d2
2024-02-27 07:45:15,311 [165decaf-3465-4b89-9497-27d6560ecac2-groupManagement] INFO  server.RaftServerConfigKeys (ConfUtils.java:logGet(46)) - raft.server.log.queue.byte-limit = 4294967296 (custom)
2024-02-27 07:45:15,312 [165decaf-3465-4b89-9497-27d6560ecac2-groupManagement] INFO  server.RaftServerConfigKeys (ConfUtils.java:logGet(46)) - raft.server.log.queue.element-limit = 1024 (custom)
2024-02-27 07:45:15,312 [165decaf-3465-4b89-9497-27d6560ecac2-groupManagement] INFO  server.RaftServerConfigKeys (ConfUtils.java:logGet(46)) - raft.server.log.segment.size.max = 67108864 (custom)
2024-02-27 07:45:15,312 [165decaf-3465-4b89-9497-27d6560ecac2-groupManagement] INFO  server.RaftServerConfigKeys (ConfUtils.java:logGet(46)) - raft.server.log.preallocated.size = 4194304 (custom)
2024-02-27 07:45:15,312 [165decaf-3465-4b89-9497-27d6560ecac2-groupManagement] INFO  server.RaftServerConfigKeys (ConfUtils.java:logGet(46)) - raft.server.log.force.sync.num = 128 (default)
2024-02-27 07:45:15,312 [165decaf-3465-4b89-9497-27d6560ecac2-groupManagement] INFO  server.RaftServerConfigKeys (ConfUtils.java:logGet(46)) - raft.server.log.statemachine.data.sync = true (default)
2024-02-27 07:45:15,312 [165decaf-3465-4b89-9497-27d6560ecac2-groupManagement] INFO  server.RaftServerConfigKeys (ConfUtils.java:logGet(46)) - raft.server.log.statemachine.data.sync.timeout = 10s (default)
2024-02-27 07:45:15,312 [165decaf-3465-4b89-9497-27d6560ecac2-groupManagement] INFO  server.RaftServerConfigKeys (ConfUtils.java:logGet(46)) - raft.server.log.statemachine.data.sync.timeout.retry = 0 (custom)
2024-02-27 07:45:15,312 [165decaf-3465-4b89-9497-27d6560ecac2-groupManagement] INFO  server.RaftServerConfigKeys (ConfUtils.java:logGet(46)) - raft.server.log.write.buffer.size = 8388616 (custom)
2024-02-27 07:45:15,313 [165decaf-3465-4b89-9497-27d6560ecac2-groupManagement] INFO  server.RaftServerConfigKeys (ConfUtils.java:logGet(46)) - raft.server.log.appender.buffer.byte-limit = 8388608 (custom)
2024-02-27 07:45:15,313 [165decaf-3465-4b89-9497-27d6560ecac2-groupManagement] INFO  server.RaftServerConfigKeys (ConfUtils.java:logGet(46)) - raft.server.log.unsafe-flush.enabled = false (default)
2024-02-27 07:45:15,313 [165decaf-3465-4b89-9497-27d6560ecac2-groupManagement] INFO  server.RaftServerConfigKeys (ConfUtils.java:logGet(46)) - raft.server.log.async-flush.enabled = false (default)
2024-02-27 07:45:15,313 [165decaf-3465-4b89-9497-27d6560ecac2-groupManagement] INFO  server.RaftServerConfigKeys (ConfUtils.java:logGet(46)) - raft.server.log.statemachine.data.caching.enabled = true (custom)
2024-02-27 07:45:15,314 [165decaf-3465-4b89-9497-27d6560ecac2-groupManagement] INFO  segmented.SegmentedRaftLogWorker (SegmentedRaftLogWorker.java:lambda$new$0(134)) - 165decaf-3465-4b89-9497-27d6560ecac2@group-3C2D876152D2-SegmentedRaftLogWorker: flushIndex: setUnconditionally 0 -> -1
2024-02-27 07:45:15,314 [165decaf-3465-4b89-9497-27d6560ecac2-groupManagement] INFO  segmented.SegmentedRaftLogWorker (SegmentedRaftLogWorker.java:lambda$new$0(134)) - 165decaf-3465-4b89-9497-27d6560ecac2@group-3C2D876152D2-SegmentedRaftLogWorker: safeCacheEvictIndex: setUnconditionally 0 -> -1
2024-02-27 07:45:15,314 [165decaf-3465-4b89-9497-27d6560ecac2-groupManagement] INFO  server.RaftServer$Division (RaftServerImpl.java:start(396)) - 165decaf-3465-4b89-9497-27d6560ecac2@group-3C2D876152D2: start as a follower, conf=-1: peers:[165decaf-3465-4b89-9497-27d6560ecac2|10.1.0.19:15169]|listeners:[], old=null
2024-02-27 07:45:15,314 [165decaf-3465-4b89-9497-27d6560ecac2-groupManagement] INFO  server.RaftServer$Division (RaftServerImpl.java:setRole(383)) - 165decaf-3465-4b89-9497-27d6560ecac2@group-3C2D876152D2: changes role from      null to FOLLOWER at term 0 for startAsFollower
2024-02-27 07:45:15,314 [165decaf-3465-4b89-9497-27d6560ecac2-groupManagement] INFO  impl.RoleInfo (RoleInfo.java:updateAndGet(139)) - 165decaf-3465-4b89-9497-27d6560ecac2: start 165decaf-3465-4b89-9497-27d6560ecac2@group-3C2D876152D2-FollowerState
2024-02-27 07:45:15,314 [165decaf-3465-4b89-9497-27d6560ecac2-groupManagement] INFO  util.JmxRegister (JmxRegister.java:tryRegister(44)) - Successfully registered JMX Bean with object name Ratis:service=RaftServer,group=group-3C2D876152D2,id=165decaf-3465-4b89-9497-27d6560ecac2
2024-02-27 07:45:15,314 [165decaf-3465-4b89-9497-27d6560ecac2@group-3C2D876152D2-FollowerState] INFO  server.RaftServerConfigKeys (ConfUtils.java:logFallback(53)) - raft.server.rpc.first-election.timeout.min = 5s (fallback to raft.server.rpc.timeout.min)
2024-02-27 07:45:15,314 [165decaf-3465-4b89-9497-27d6560ecac2-groupManagement] INFO  server.RaftServerConfigKeys (ConfUtils.java:logGet(46)) - raft.server.snapshot.trigger-when-stop.enabled = true (default)
2024-02-27 07:45:15,314 [165decaf-3465-4b89-9497-27d6560ecac2@group-3C2D876152D2-FollowerState] INFO  server.RaftServerConfigKeys (ConfUtils.java:logFallback(53)) - raft.server.rpc.first-election.timeout.max = 5200ms (fallback to raft.server.rpc.timeout.max)
2024-02-27 07:45:15,314 [165decaf-3465-4b89-9497-27d6560ecac2-groupManagement] INFO  server.RaftServerConfigKeys (ConfUtils.java:logGet(46)) - raft.server.snapshot.auto.trigger.enabled = true (custom)
2024-02-27 07:45:15,314 [165decaf-3465-4b89-9497-27d6560ecac2-groupManagement] INFO  server.RaftServerConfigKeys (ConfUtils.java:logGet(46)) - raft.server.snapshot.auto.trigger.threshold = 10000 (custom)
2024-02-27 07:45:15,314 [165decaf-3465-4b89-9497-27d6560ecac2-groupManagement] INFO  server.RaftServerConfigKeys (ConfUtils.java:logGet(46)) - raft.server.snapshot.retention.file.num = 5 (custom)
2024-02-27 07:45:15,314 [165decaf-3465-4b89-9497-27d6560ecac2-groupManagement] INFO  server.RaftServerConfigKeys (ConfUtils.java:logGet(46)) - raft.server.log.purge.upto.snapshot.index = false (default)
2024-02-27 07:45:15,315 [165decaf-3465-4b89-9497-27d6560ecac2-PipelineCommandHandlerThread-0] INFO  ratis.XceiverServerRatis (XceiverServerRatis.java:addGroup(864)) - Created group PipelineID=cfdf2ef5-aae1-4404-a905-3c2d876152d2
2024-02-27 07:45:15,315 [165decaf-3465-4b89-9497-27d6560ecac2-PipelineCommandHandlerThread-0] INFO  commandhandler.CreatePipelineCommandHandler (CreatePipelineCommandHandler.java:lambda$handle$2(124)) - Created Pipeline RATIS ONE PipelineID=cfdf2ef5-aae1-4404-a905-3c2d876152d2.
2024-02-27 07:45:16,307 [main] INFO  ozone.MiniOzoneClusterImpl (MiniOzoneClusterImpl.java:lambda$waitForClusterToBeReady$0(195)) - Nodes are ready. Got 3 of 3 DN Heartbeats.
2024-02-27 07:45:16,307 [main] INFO  ozone.MiniOzoneClusterImpl (MiniOzoneClusterImpl.java:lambda$waitForClusterToBeReady$0(198)) - Waiting for cluster to exit safe mode
2024-02-27 07:45:16,307 [main] INFO  ozone.MiniOzoneClusterImpl (MiniOzoneClusterImpl.java:lambda$waitForClusterToBeReady$0(200)) - SCM became leader
2024-02-27 07:45:17,307 [main] INFO  ozone.MiniOzoneClusterImpl (MiniOzoneClusterImpl.java:lambda$waitForClusterToBeReady$0(195)) - Nodes are ready. Got 3 of 3 DN Heartbeats.
2024-02-27 07:45:17,308 [main] INFO  ozone.MiniOzoneClusterImpl (MiniOzoneClusterImpl.java:lambda$waitForClusterToBeReady$0(198)) - Waiting for cluster to exit safe mode
2024-02-27 07:45:17,308 [main] INFO  ozone.MiniOzoneClusterImpl (MiniOzoneClusterImpl.java:lambda$waitForClusterToBeReady$0(200)) - SCM became leader
2024-02-27 07:45:18,308 [main] INFO  ozone.MiniOzoneClusterImpl (MiniOzoneClusterImpl.java:lambda$waitForClusterToBeReady$0(195)) - Nodes are ready. Got 3 of 3 DN Heartbeats.
2024-02-27 07:45:18,309 [main] INFO  ozone.MiniOzoneClusterImpl (MiniOzoneClusterImpl.java:lambda$waitForClusterToBeReady$0(198)) - Waiting for cluster to exit safe mode
2024-02-27 07:45:18,309 [main] INFO  ozone.MiniOzoneClusterImpl (MiniOzoneClusterImpl.java:lambda$waitForClusterToBeReady$0(200)) - SCM became leader
2024-02-27 07:45:19,309 [main] INFO  ozone.MiniOzoneClusterImpl (MiniOzoneClusterImpl.java:lambda$waitForClusterToBeReady$0(195)) - Nodes are ready. Got 3 of 3 DN Heartbeats.
2024-02-27 07:45:19,309 [main] INFO  ozone.MiniOzoneClusterImpl (MiniOzoneClusterImpl.java:lambda$waitForClusterToBeReady$0(198)) - Waiting for cluster to exit safe mode
2024-02-27 07:45:19,309 [main] INFO  ozone.MiniOzoneClusterImpl (MiniOzoneClusterImpl.java:lambda$waitForClusterToBeReady$0(200)) - SCM became leader
2024-02-27 07:45:20,052 [af24d6c8-12f8-4751-8a80-28c60b0258e3@group-9A94A284B98C-FollowerState] INFO  impl.FollowerState (FollowerState.java:run(143)) - af24d6c8-12f8-4751-8a80-28c60b0258e3@group-9A94A284B98C-FollowerState: change to CANDIDATE, lastRpcElapsedTime:5021459465ns, electionTimeout:5021ms
2024-02-27 07:45:20,052 [af24d6c8-12f8-4751-8a80-28c60b0258e3@group-9A94A284B98C-FollowerState] INFO  impl.RoleInfo (RoleInfo.java:shutdownFollowerState(110)) - af24d6c8-12f8-4751-8a80-28c60b0258e3: shutdown af24d6c8-12f8-4751-8a80-28c60b0258e3@group-9A94A284B98C-FollowerState
2024-02-27 07:45:20,052 [af24d6c8-12f8-4751-8a80-28c60b0258e3@group-9A94A284B98C-FollowerState] INFO  server.RaftServer$Division (RaftServerImpl.java:setRole(383)) - af24d6c8-12f8-4751-8a80-28c60b0258e3@group-9A94A284B98C: changes role from  FOLLOWER to CANDIDATE at term 0 for changeToCandidate
2024-02-27 07:45:20,052 [af24d6c8-12f8-4751-8a80-28c60b0258e3@group-9A94A284B98C-FollowerState] INFO  server.RaftServerConfigKeys (ConfUtils.java:logGet(46)) - raft.server.leaderelection.pre-vote = true (default)
2024-02-27 07:45:20,052 [af24d6c8-12f8-4751-8a80-28c60b0258e3@group-9A94A284B98C-FollowerState] INFO  impl.RoleInfo (RoleInfo.java:updateAndGet(139)) - af24d6c8-12f8-4751-8a80-28c60b0258e3: start af24d6c8-12f8-4751-8a80-28c60b0258e3@group-9A94A284B98C-LeaderElection35
2024-02-27 07:45:20,054 [af24d6c8-12f8-4751-8a80-28c60b0258e3@group-9A94A284B98C-LeaderElection35] INFO  impl.LeaderElection (LeaderElection.java:askForVotes(321)) - af24d6c8-12f8-4751-8a80-28c60b0258e3@group-9A94A284B98C-LeaderElection35 PRE_VOTE round 0: submit vote requests at term 0 for -1: peers:[af24d6c8-12f8-4751-8a80-28c60b0258e3|10.1.0.19:15151]|listeners:[], old=null
2024-02-27 07:45:20,054 [af24d6c8-12f8-4751-8a80-28c60b0258e3@group-9A94A284B98C-LeaderElection35] INFO  impl.LeaderElection (LeaderElection.java:askForVotes(323)) - af24d6c8-12f8-4751-8a80-28c60b0258e3@group-9A94A284B98C-LeaderElection35 PRE_VOTE round 0: result PASSED (term=0)
2024-02-27 07:45:20,055 [af24d6c8-12f8-4751-8a80-28c60b0258e3@group-9A94A284B98C-LeaderElection35] INFO  impl.LeaderElection (LeaderElection.java:askForVotes(321)) - af24d6c8-12f8-4751-8a80-28c60b0258e3@group-9A94A284B98C-LeaderElection35 ELECTION round 0: submit vote requests at term 1 for -1: peers:[af24d6c8-12f8-4751-8a80-28c60b0258e3|10.1.0.19:15151]|listeners:[], old=null
2024-02-27 07:45:20,055 [af24d6c8-12f8-4751-8a80-28c60b0258e3@group-9A94A284B98C-LeaderElection35] INFO  impl.LeaderElection (LeaderElection.java:askForVotes(323)) - af24d6c8-12f8-4751-8a80-28c60b0258e3@group-9A94A284B98C-LeaderElection35 ELECTION round 0: result PASSED (term=1)
2024-02-27 07:45:20,055 [af24d6c8-12f8-4751-8a80-28c60b0258e3@group-9A94A284B98C-LeaderElection35] INFO  impl.RoleInfo (RoleInfo.java:shutdownLeaderElection(130)) - af24d6c8-12f8-4751-8a80-28c60b0258e3: shutdown af24d6c8-12f8-4751-8a80-28c60b0258e3@group-9A94A284B98C-LeaderElection35
2024-02-27 07:45:20,055 [af24d6c8-12f8-4751-8a80-28c60b0258e3@group-9A94A284B98C-LeaderElection35] INFO  server.RaftServer$Division (RaftServerImpl.java:setRole(383)) - af24d6c8-12f8-4751-8a80-28c60b0258e3@group-9A94A284B98C: changes role from CANDIDATE to LEADER at term 1 for changeToLeader
2024-02-27 07:45:20,055 [af24d6c8-12f8-4751-8a80-28c60b0258e3@group-9A94A284B98C-LeaderElection35] INFO  server.RaftServerConfigKeys (ConfUtils.java:logGet(46)) - raft.server.staging.catchup.gap = 1000 (default)
2024-02-27 07:45:20,056 [af24d6c8-12f8-4751-8a80-28c60b0258e3@group-9A94A284B98C-LeaderElection35] INFO  server.RaftServerConfigKeys (ConfUtils.java:logGet(46)) - raft.server.write.element-limit = 1024 (custom)
2024-02-27 07:45:20,056 [af24d6c8-12f8-4751-8a80-28c60b0258e3@group-9A94A284B98C-LeaderElection35] INFO  server.RaftServerConfigKeys (ConfUtils.java:logGet(46)) - raft.server.write.byte-limit = 1024 M (=1073741824) (custom)
2024-02-27 07:45:20,056 [af24d6c8-12f8-4751-8a80-28c60b0258e3@group-9A94A284B98C-LeaderElection35] INFO  server.RaftServerConfigKeys (ConfUtils.java:logGet(46)) - raft.server.watch.timeout = 180s (custom)
2024-02-27 07:45:20,056 [af24d6c8-12f8-4751-8a80-28c60b0258e3@group-9A94A284B98C-LeaderElection35] INFO  server.RaftServerConfigKeys (ConfUtils.java:logGet(46)) - raft.server.watch.timeout.denomination = 1s (default)
2024-02-27 07:45:20,056 [af24d6c8-12f8-4751-8a80-28c60b0258e3@group-9A94A284B98C-LeaderElection35] INFO  server.RaftServerConfigKeys (ConfUtils.java:logGet(46)) - raft.server.watch.element-limit = 65536 (default)
2024-02-27 07:45:20,056 [af24d6c8-12f8-4751-8a80-28c60b0258e3@group-9A94A284B98C-LeaderElection35] INFO  server.RaftServerConfigKeys (ConfUtils.java:logGet(46)) - raft.server.read.leader.lease.enabled = false (default)
2024-02-27 07:45:20,056 [af24d6c8-12f8-4751-8a80-28c60b0258e3@group-9A94A284B98C-LeaderElection35] INFO  server.RaftServerConfigKeys (ConfUtils.java:logGet(46)) - raft.server.read.leader.lease.timeout.ratio = 0.9 (default)
2024-02-27 07:45:20,056 [af24d6c8-12f8-4751-8a80-28c60b0258e3@group-9A94A284B98C-LeaderElection35] INFO  server.RaftServerConfigKeys (ConfUtils.java:logGet(46)) - raft.server.rpc.timeout.min = 5s (custom)
2024-02-27 07:45:20,056 [af24d6c8-12f8-4751-8a80-28c60b0258e3@group-9A94A284B98C-LeaderElection35] INFO  server.RaftServerConfigKeys (ConfUtils.java:logGet(46)) - raft.server.write.element-limit = 1024 (custom)
2024-02-27 07:45:20,056 [af24d6c8-12f8-4751-8a80-28c60b0258e3@group-9A94A284B98C-LeaderElection35] INFO  server.RaftServerConfigKeys (ConfUtils.java:logGet(46)) - raft.server.write.follower.gap.ratio.max = -1.0 (default)
2024-02-27 07:45:20,056 [af24d6c8-12f8-4751-8a80-28c60b0258e3@group-9A94A284B98C-LeaderElection35] INFO  impl.RoleInfo (RoleInfo.java:updateAndGet(139)) - af24d6c8-12f8-4751-8a80-28c60b0258e3: start af24d6c8-12f8-4751-8a80-28c60b0258e3@group-9A94A284B98C-LeaderStateImpl
2024-02-27 07:45:20,056 [af24d6c8-12f8-4751-8a80-28c60b0258e3@group-9A94A284B98C-LeaderElection35] INFO  server.RaftServer$Division (RaftServerImpl.java:setFirstElection(574)) - af24d6c8-12f8-4751-8a80-28c60b0258e3@group-9A94A284B98C: set firstElectionSinceStartup to false for becomeLeader
2024-02-27 07:45:20,056 [af24d6c8-12f8-4751-8a80-28c60b0258e3@group-9A94A284B98C-LeaderElection35] INFO  ratis.XceiverServerRatis (XceiverServerRatis.java:handleLeaderChangedNotification(966)) - Leader change notification received for group: group-9A94A284B98C with new leaderId: af24d6c8-12f8-4751-8a80-28c60b0258e3
2024-02-27 07:45:20,057 [af24d6c8-12f8-4751-8a80-28c60b0258e3@group-9A94A284B98C-LeaderElection35] INFO  server.RaftServer$Division (ServerState.java:setLeader(269)) - af24d6c8-12f8-4751-8a80-28c60b0258e3@group-9A94A284B98C: change Leader from null to af24d6c8-12f8-4751-8a80-28c60b0258e3 at term 1 for becomeLeader, leader elected after 5037ms
2024-02-27 07:45:20,057 [af24d6c8-12f8-4751-8a80-28c60b0258e3@group-9A94A284B98C-LeaderElection35] INFO  segmented.SegmentedRaftLogWorker (SegmentedRaftLogWorker.java:startLogSegment(430)) - af24d6c8-12f8-4751-8a80-28c60b0258e3@group-9A94A284B98C-SegmentedRaftLogWorker: Starting segment from index:0
2024-02-27 07:45:20,058 [af24d6c8-12f8-4751-8a80-28c60b0258e3@group-9A94A284B98C-LeaderElection35] INFO  server.RaftServer$Division (ServerState.java:setRaftConf(386)) - af24d6c8-12f8-4751-8a80-28c60b0258e3@group-9A94A284B98C: set configuration 0: peers:[af24d6c8-12f8-4751-8a80-28c60b0258e3|10.1.0.19:15151]|listeners:[], old=null
2024-02-27 07:45:20,058 [af24d6c8-12f8-4751-8a80-28c60b0258e3@group-9A94A284B98C-SegmentedRaftLogWorker] INFO  segmented.BufferedWriteChannel (BufferedWriteChannel.java:open(62)) - open log_inprogress_0 at position 0
2024-02-27 07:45:20,058 [EventQueue-OpenPipelineForHealthyPipelineSafeModeRule] INFO  safemode.SCMSafeModeManager (HealthyPipelineSafeModeRule.java:process(140)) - SCM in safe mode. Healthy pipelines reported count is 0, required healthy pipeline reported count is 1
2024-02-27 07:45:20,059 [af24d6c8-12f8-4751-8a80-28c60b0258e3@group-169102E84844-FollowerState] INFO  impl.FollowerState (FollowerState.java:run(143)) - af24d6c8-12f8-4751-8a80-28c60b0258e3@group-169102E84844-FollowerState: change to CANDIDATE, lastRpcElapsedTime:5018420709ns, electionTimeout:5018ms
2024-02-27 07:45:20,059 [af24d6c8-12f8-4751-8a80-28c60b0258e3@group-169102E84844-FollowerState] INFO  impl.RoleInfo (RoleInfo.java:shutdownFollowerState(110)) - af24d6c8-12f8-4751-8a80-28c60b0258e3: shutdown af24d6c8-12f8-4751-8a80-28c60b0258e3@group-169102E84844-FollowerState
2024-02-27 07:45:20,059 [af24d6c8-12f8-4751-8a80-28c60b0258e3@group-169102E84844-FollowerState] INFO  server.RaftServer$Division (RaftServerImpl.java:setRole(383)) - af24d6c8-12f8-4751-8a80-28c60b0258e3@group-169102E84844: changes role from  FOLLOWER to CANDIDATE at term 0 for changeToCandidate
2024-02-27 07:45:20,059 [af24d6c8-12f8-4751-8a80-28c60b0258e3@group-169102E84844-FollowerState] INFO  server.RaftServerConfigKeys (ConfUtils.java:logGet(46)) - raft.server.leaderelection.pre-vote = true (default)
2024-02-27 07:45:20,059 [af24d6c8-12f8-4751-8a80-28c60b0258e3@group-169102E84844-FollowerState] INFO  impl.RoleInfo (RoleInfo.java:updateAndGet(139)) - af24d6c8-12f8-4751-8a80-28c60b0258e3: start af24d6c8-12f8-4751-8a80-28c60b0258e3@group-169102E84844-LeaderElection36
2024-02-27 07:45:20,061 [af24d6c8-12f8-4751-8a80-28c60b0258e3@group-169102E84844-LeaderElection36] INFO  impl.LeaderElection (LeaderElection.java:askForVotes(321)) - af24d6c8-12f8-4751-8a80-28c60b0258e3@group-169102E84844-LeaderElection36 PRE_VOTE round 0: submit vote requests at term 0 for -1: peers:[4d28c94a-4d53-4519-b3c9-3a16e9947616|10.1.0.19:15160, af24d6c8-12f8-4751-8a80-28c60b0258e3|10.1.0.19:15151, 165decaf-3465-4b89-9497-27d6560ecac2|10.1.0.19:15169]|listeners:[], old=null
2024-02-27 07:45:20,061 [af24d6c8-12f8-4751-8a80-28c60b0258e3@group-169102E84844-LeaderElection36] INFO  server.RaftServerConfigKeys (ConfUtils.java:logFallback(53)) - raft.server.rpc.first-election.timeout.min = 5s (fallback to raft.server.rpc.timeout.min)
2024-02-27 07:45:20,061 [af24d6c8-12f8-4751-8a80-28c60b0258e3@group-169102E84844-LeaderElection36-2] INFO  server.GrpcServerProtocolClient (GrpcServerProtocolClient.java:<init>(65)) - Build channel for 165decaf-3465-4b89-9497-27d6560ecac2|10.1.0.19:15169
2024-02-27 07:45:20,061 [af24d6c8-12f8-4751-8a80-28c60b0258e3@group-169102E84844-LeaderElection36] INFO  server.RaftServerConfigKeys (ConfUtils.java:logFallback(53)) - raft.server.rpc.first-election.timeout.max = 5200ms (fallback to raft.server.rpc.timeout.max)
2024-02-27 07:45:20,061 [af24d6c8-12f8-4751-8a80-28c60b0258e3@group-169102E84844-LeaderElection36-1] INFO  server.GrpcServerProtocolClient (GrpcServerProtocolClient.java:<init>(65)) - Build channel for 4d28c94a-4d53-4519-b3c9-3a16e9947616|10.1.0.19:15160
2024-02-27 07:45:20,066 [af24d6c8-12f8-4751-8a80-28c60b0258e3@group-9A94A284B98C-SegmentedRaftLogWorker] INFO  segmented.SegmentedRaftLogWorker (SegmentedRaftLogWorker.java:execute(634)) - af24d6c8-12f8-4751-8a80-28c60b0258e3@group-9A94A284B98C-SegmentedRaftLogWorker: created new log segment /home/runner/work/ozone/ozone/hadoop-ozone/integration-test/target/test-dir/MiniOzoneClusterImpl-b00976b7-23bc-4195-b1b8-a51685bf3827/ozone-meta/datanode-1/ratis/724c74aa-4253-4b11-b6ec-9a94a284b98c/current/log_inprogress_0
2024-02-27 07:45:20,067 [af24d6c8-12f8-4751-8a80-28c60b0258e3@group-9A94A284B98C-StateMachineUpdater] INFO  server.RaftServer$Division (LeaderStateImpl.java:isApplied(320)) - leader is ready since appliedIndex == 0 >= startIndex == 0
2024-02-27 07:45:20,068 [grpc-default-executor-2] INFO  server.RaftServer$Division (RaftServerImpl.java:requestVote(1389)) - 165decaf-3465-4b89-9497-27d6560ecac2@group-169102E84844: receive requestVote(PRE_VOTE, af24d6c8-12f8-4751-8a80-28c60b0258e3, group-169102E84844, 0, (t:0, i:0))
2024-02-27 07:45:20,068 [grpc-default-executor-2] INFO  impl.VoteContext (VoteContext.java:log(49)) - 165decaf-3465-4b89-9497-27d6560ecac2@group-169102E84844-FOLLOWER: accept PRE_VOTE from af24d6c8-12f8-4751-8a80-28c60b0258e3: our priority 0 <= candidate's priority 1
2024-02-27 07:45:20,068 [grpc-default-executor-2] INFO  server.RaftServer$Division (RaftServerImpl.java:requestVote(1422)) - 165decaf-3465-4b89-9497-27d6560ecac2@group-169102E84844 replies to PRE_VOTE vote request: af24d6c8-12f8-4751-8a80-28c60b0258e3<-165decaf-3465-4b89-9497-27d6560ecac2#0:OK-t0. Peer's state: 165decaf-3465-4b89-9497-27d6560ecac2@group-169102E84844:t0, leader=null, voted=, raftlog=Memoized:165decaf-3465-4b89-9497-27d6560ecac2@group-169102E84844-SegmentedRaftLog:OPENED:c-1, conf=-1: peers:[4d28c94a-4d53-4519-b3c9-3a16e9947616|10.1.0.19:15160, af24d6c8-12f8-4751-8a80-28c60b0258e3|10.1.0.19:15151, 165decaf-3465-4b89-9497-27d6560ecac2|10.1.0.19:15169]|listeners:[], old=null
2024-02-27 07:45:20,069 [grpc-default-executor-2] INFO  server.RaftServer$Division (RaftServerImpl.java:requestVote(1389)) - 4d28c94a-4d53-4519-b3c9-3a16e9947616@group-169102E84844: receive requestVote(PRE_VOTE, af24d6c8-12f8-4751-8a80-28c60b0258e3, group-169102E84844, 0, (t:0, i:0))
2024-02-27 07:45:20,069 [grpc-default-executor-2] INFO  impl.VoteContext (VoteContext.java:log(49)) - 4d28c94a-4d53-4519-b3c9-3a16e9947616@group-169102E84844-FOLLOWER: accept PRE_VOTE from af24d6c8-12f8-4751-8a80-28c60b0258e3: our priority 0 <= candidate's priority 1
2024-02-27 07:45:20,069 [grpc-default-executor-2] INFO  server.RaftServer$Division (RaftServerImpl.java:requestVote(1422)) - 4d28c94a-4d53-4519-b3c9-3a16e9947616@group-169102E84844 replies to PRE_VOTE vote request: af24d6c8-12f8-4751-8a80-28c60b0258e3<-4d28c94a-4d53-4519-b3c9-3a16e9947616#0:OK-t0. Peer's state: 4d28c94a-4d53-4519-b3c9-3a16e9947616@group-169102E84844:t0, leader=null, voted=, raftlog=Memoized:4d28c94a-4d53-4519-b3c9-3a16e9947616@group-169102E84844-SegmentedRaftLog:OPENED:c-1, conf=-1: peers:[4d28c94a-4d53-4519-b3c9-3a16e9947616|10.1.0.19:15160, af24d6c8-12f8-4751-8a80-28c60b0258e3|10.1.0.19:15151, 165decaf-3465-4b89-9497-27d6560ecac2|10.1.0.19:15169]|listeners:[], old=null
2024-02-27 07:45:20,070 [af24d6c8-12f8-4751-8a80-28c60b0258e3@group-169102E84844-LeaderElection36] INFO  impl.LeaderElection (LeaderElection.java:logAndReturn(89)) - af24d6c8-12f8-4751-8a80-28c60b0258e3@group-169102E84844-LeaderElection36: PRE_VOTE PASSED received 1 response(s) and 0 exception(s):
2024-02-27 07:45:20,070 [af24d6c8-12f8-4751-8a80-28c60b0258e3@group-169102E84844-LeaderElection36] INFO  impl.LeaderElection (LeaderElection.java:logAndReturn(93)) -   Response 0: af24d6c8-12f8-4751-8a80-28c60b0258e3<-165decaf-3465-4b89-9497-27d6560ecac2#0:OK-t0
2024-02-27 07:45:20,070 [af24d6c8-12f8-4751-8a80-28c60b0258e3@group-169102E84844-LeaderElection36] INFO  impl.LeaderElection (LeaderElection.java:askForVotes(323)) - af24d6c8-12f8-4751-8a80-28c60b0258e3@group-169102E84844-LeaderElection36 PRE_VOTE round 0: result PASSED
2024-02-27 07:45:20,071 [af24d6c8-12f8-4751-8a80-28c60b0258e3@group-169102E84844-LeaderElection36] INFO  impl.LeaderElection (LeaderElection.java:askForVotes(321)) - af24d6c8-12f8-4751-8a80-28c60b0258e3@group-169102E84844-LeaderElection36 ELECTION round 0: submit vote requests at term 1 for -1: peers:[4d28c94a-4d53-4519-b3c9-3a16e9947616|10.1.0.19:15160, af24d6c8-12f8-4751-8a80-28c60b0258e3|10.1.0.19:15151, 165decaf-3465-4b89-9497-27d6560ecac2|10.1.0.19:15169]|listeners:[], old=null
2024-02-27 07:45:20,071 [af24d6c8-12f8-4751-8a80-28c60b0258e3@group-169102E84844-LeaderElection36] INFO  server.RaftServerConfigKeys (ConfUtils.java:logFallback(53)) - raft.server.rpc.first-election.timeout.min = 5s (fallback to raft.server.rpc.timeout.min)
2024-02-27 07:45:20,071 [af24d6c8-12f8-4751-8a80-28c60b0258e3@group-169102E84844-LeaderElection36] INFO  server.RaftServerConfigKeys (ConfUtils.java:logFallback(53)) - raft.server.rpc.first-election.timeout.max = 5200ms (fallback to raft.server.rpc.timeout.max)
2024-02-27 07:45:20,072 [grpc-default-executor-2] INFO  server.RaftServer$Division (RaftServerImpl.java:requestVote(1389)) - 165decaf-3465-4b89-9497-27d6560ecac2@group-169102E84844: receive requestVote(ELECTION, af24d6c8-12f8-4751-8a80-28c60b0258e3, group-169102E84844, 1, (t:0, i:0))
2024-02-27 07:45:20,072 [grpc-default-executor-4] INFO  server.RaftServer$Division (RaftServerImpl.java:requestVote(1389)) - 4d28c94a-4d53-4519-b3c9-3a16e9947616@group-169102E84844: receive requestVote(ELECTION, af24d6c8-12f8-4751-8a80-28c60b0258e3, group-169102E84844, 1, (t:0, i:0))
2024-02-27 07:45:20,072 [grpc-default-executor-2] INFO  impl.VoteContext (VoteContext.java:log(49)) - 165decaf-3465-4b89-9497-27d6560ecac2@group-169102E84844-FOLLOWER: accept ELECTION from af24d6c8-12f8-4751-8a80-28c60b0258e3: our priority 0 <= candidate's priority 1
2024-02-27 07:45:20,073 [grpc-default-executor-2] INFO  server.RaftServer$Division (RaftServerImpl.java:setRole(383)) - 165decaf-3465-4b89-9497-27d6560ecac2@group-169102E84844: changes role from  FOLLOWER to FOLLOWER at term 1 for candidate:af24d6c8-12f8-4751-8a80-28c60b0258e3
2024-02-27 07:45:20,073 [grpc-default-executor-2] INFO  impl.RoleInfo (RoleInfo.java:shutdownFollowerState(110)) - 165decaf-3465-4b89-9497-27d6560ecac2: shutdown 165decaf-3465-4b89-9497-27d6560ecac2@group-169102E84844-FollowerState
2024-02-27 07:45:20,073 [grpc-default-executor-2] INFO  impl.RoleInfo (RoleInfo.java:updateAndGet(139)) - 165decaf-3465-4b89-9497-27d6560ecac2: start 165decaf-3465-4b89-9497-27d6560ecac2@group-169102E84844-FollowerState
2024-02-27 07:45:20,073 [grpc-default-executor-4] INFO  impl.VoteContext (VoteContext.java:log(49)) - 4d28c94a-4d53-4519-b3c9-3a16e9947616@group-169102E84844-FOLLOWER: accept ELECTION from af24d6c8-12f8-4751-8a80-28c60b0258e3: our priority 0 <= candidate's priority 1
2024-02-27 07:45:20,073 [grpc-default-executor-2] INFO  server.RaftServer$Division (RaftServerImpl.java:setFirstElection(574)) - 165decaf-3465-4b89-9497-27d6560ecac2@group-169102E84844: set firstElectionSinceStartup to false for candidate:af24d6c8-12f8-4751-8a80-28c60b0258e3
2024-02-27 07:45:20,073 [165decaf-3465-4b89-9497-27d6560ecac2@group-169102E84844-FollowerState] INFO  impl.FollowerState (FollowerState.java:run(152)) - 165decaf-3465-4b89-9497-27d6560ecac2@group-169102E84844-FollowerState was interrupted
2024-02-27 07:45:20,073 [grpc-default-executor-4] INFO  server.RaftServer$Division (RaftServerImpl.java:setRole(383)) - 4d28c94a-4d53-4519-b3c9-3a16e9947616@group-169102E84844: changes role from  FOLLOWER to FOLLOWER at term 1 for candidate:af24d6c8-12f8-4751-8a80-28c60b0258e3
2024-02-27 07:45:20,073 [grpc-default-executor-4] INFO  impl.RoleInfo (RoleInfo.java:shutdownFollowerState(110)) - 4d28c94a-4d53-4519-b3c9-3a16e9947616: shutdown 4d28c94a-4d53-4519-b3c9-3a16e9947616@group-169102E84844-FollowerState
2024-02-27 07:45:20,073 [grpc-default-executor-4] INFO  impl.RoleInfo (RoleInfo.java:updateAndGet(139)) - 4d28c94a-4d53-4519-b3c9-3a16e9947616: start 4d28c94a-4d53-4519-b3c9-3a16e9947616@group-169102E84844-FollowerState
2024-02-27 07:45:20,073 [4d28c94a-4d53-4519-b3c9-3a16e9947616@group-169102E84844-FollowerState] INFO  impl.FollowerState (FollowerState.java:run(152)) - 4d28c94a-4d53-4519-b3c9-3a16e9947616@group-169102E84844-FollowerState was interrupted
2024-02-27 07:45:20,073 [grpc-default-executor-4] INFO  server.RaftServer$Division (RaftServerImpl.java:setFirstElection(574)) - 4d28c94a-4d53-4519-b3c9-3a16e9947616@group-169102E84844: set firstElectionSinceStartup to false for candidate:af24d6c8-12f8-4751-8a80-28c60b0258e3
2024-02-27 07:45:20,075 [grpc-default-executor-2] INFO  server.RaftServer$Division (RaftServerImpl.java:requestVote(1422)) - 165decaf-3465-4b89-9497-27d6560ecac2@group-169102E84844 replies to ELECTION vote request: af24d6c8-12f8-4751-8a80-28c60b0258e3<-165decaf-3465-4b89-9497-27d6560ecac2#0:OK-t1. Peer's state: 165decaf-3465-4b89-9497-27d6560ecac2@group-169102E84844:t1, leader=null, voted=af24d6c8-12f8-4751-8a80-28c60b0258e3, raftlog=Memoized:165decaf-3465-4b89-9497-27d6560ecac2@group-169102E84844-SegmentedRaftLog:OPENED:c-1, conf=-1: peers:[4d28c94a-4d53-4519-b3c9-3a16e9947616|10.1.0.19:15160, af24d6c8-12f8-4751-8a80-28c60b0258e3|10.1.0.19:15151, 165decaf-3465-4b89-9497-27d6560ecac2|10.1.0.19:15169]|listeners:[], old=null
2024-02-27 07:45:20,075 [af24d6c8-12f8-4751-8a80-28c60b0258e3@group-169102E84844-LeaderElection36] INFO  impl.LeaderElection (LeaderElection.java:logAndReturn(89)) - af24d6c8-12f8-4751-8a80-28c60b0258e3@group-169102E84844-LeaderElection36: ELECTION PASSED received 1 response(s) and 0 exception(s):
2024-02-27 07:45:20,075 [af24d6c8-12f8-4751-8a80-28c60b0258e3@group-169102E84844-LeaderElection36] INFO  impl.LeaderElection (LeaderElection.java:logAndReturn(93)) -   Response 0: af24d6c8-12f8-4751-8a80-28c60b0258e3<-165decaf-3465-4b89-9497-27d6560ecac2#0:OK-t1
2024-02-27 07:45:20,075 [af24d6c8-12f8-4751-8a80-28c60b0258e3@group-169102E84844-LeaderElection36] INFO  impl.LeaderElection (LeaderElection.java:askForVotes(323)) - af24d6c8-12f8-4751-8a80-28c60b0258e3@group-169102E84844-LeaderElection36 ELECTION round 0: result PASSED
2024-02-27 07:45:20,075 [af24d6c8-12f8-4751-8a80-28c60b0258e3@group-169102E84844-LeaderElection36] INFO  impl.RoleInfo (RoleInfo.java:shutdownLeaderElection(130)) - af24d6c8-12f8-4751-8a80-28c60b0258e3: shutdown af24d6c8-12f8-4751-8a80-28c60b0258e3@group-169102E84844-LeaderElection36
2024-02-27 07:45:20,075 [af24d6c8-12f8-4751-8a80-28c60b0258e3@group-169102E84844-LeaderElection36] INFO  server.RaftServer$Division (RaftServerImpl.java:setRole(383)) - af24d6c8-12f8-4751-8a80-28c60b0258e3@group-169102E84844: changes role from CANDIDATE to LEADER at term 1 for changeToLeader
2024-02-27 07:45:20,075 [af24d6c8-12f8-4751-8a80-28c60b0258e3@group-169102E84844-LeaderElection36] INFO  server.RaftServerConfigKeys (ConfUtils.java:logGet(46)) - raft.server.staging.catchup.gap = 1000 (default)
2024-02-27 07:45:20,075 [af24d6c8-12f8-4751-8a80-28c60b0258e3@group-169102E84844-LeaderElection36] INFO  server.RaftServerConfigKeys (ConfUtils.java:logGet(46)) - raft.server.write.element-limit = 1024 (custom)
2024-02-27 07:45:20,075 [af24d6c8-12f8-4751-8a80-28c60b0258e3@group-169102E84844-LeaderElection36] INFO  server.RaftServerConfigKeys (ConfUtils.java:logGet(46)) - raft.server.write.byte-limit = 1024 M (=1073741824) (custom)
2024-02-27 07:45:20,076 [af24d6c8-12f8-4751-8a80-28c60b0258e3@group-169102E84844-LeaderElection36] INFO  server.RaftServerConfigKeys (ConfUtils.java:logGet(46)) - raft.server.watch.timeout = 180s (custom)
2024-02-27 07:45:20,076 [af24d6c8-12f8-4751-8a80-28c60b0258e3@group-169102E84844-LeaderElection36] INFO  server.RaftServerConfigKeys (ConfUtils.java:logGet(46)) - raft.server.watch.timeout.denomination = 1s (default)
2024-02-27 07:45:20,076 [af24d6c8-12f8-4751-8a80-28c60b0258e3@group-169102E84844-LeaderElection36] INFO  server.RaftServerConfigKeys (ConfUtils.java:logGet(46)) - raft.server.watch.element-limit = 65536 (default)
2024-02-27 07:45:20,076 [af24d6c8-12f8-4751-8a80-28c60b0258e3@group-169102E84844-LeaderElection36] INFO  server.RaftServerConfigKeys (ConfUtils.java:logGet(46)) - raft.server.read.leader.lease.enabled = false (default)
2024-02-27 07:45:20,076 [af24d6c8-12f8-4751-8a80-28c60b0258e3@group-169102E84844-LeaderElection36] INFO  server.RaftServerConfigKeys (ConfUtils.java:logGet(46)) - raft.server.read.leader.lease.timeout.ratio = 0.9 (default)
2024-02-27 07:45:20,076 [af24d6c8-12f8-4751-8a80-28c60b0258e3@group-169102E84844-LeaderElection36] INFO  server.RaftServerConfigKeys (ConfUtils.java:logGet(46)) - raft.server.rpc.timeout.min = 5s (custom)
2024-02-27 07:45:20,076 [af24d6c8-12f8-4751-8a80-28c60b0258e3@group-169102E84844-LeaderElection36] INFO  server.RaftServerConfigKeys (ConfUtils.java:logGet(46)) - raft.server.write.element-limit = 1024 (custom)
2024-02-27 07:45:20,076 [af24d6c8-12f8-4751-8a80-28c60b0258e3@group-169102E84844-LeaderElection36] INFO  server.RaftServerConfigKeys (ConfUtils.java:logGet(46)) - raft.server.write.follower.gap.ratio.max = -1.0 (default)
2024-02-27 07:45:20,077 [af24d6c8-12f8-4751-8a80-28c60b0258e3@group-169102E84844-LeaderElection36] INFO  server.RaftServerConfigKeys (ConfUtils.java:logGet(46)) - raft.server.log.appender.snapshot.chunk.size.max = 16MB (=16777216) (default)
2024-02-27 07:45:20,077 [af24d6c8-12f8-4751-8a80-28c60b0258e3@group-169102E84844-LeaderElection36] INFO  server.RaftServerConfigKeys (ConfUtils.java:logGet(46)) - raft.server.log.appender.buffer.byte-limit = 8388608 (custom)
2024-02-27 07:45:20,077 [af24d6c8-12f8-4751-8a80-28c60b0258e3@group-169102E84844-LeaderElection36] INFO  server.RaftServerConfigKeys (ConfUtils.java:logGet(46)) - raft.server.log.appender.buffer.element-limit = 1 (custom)
2024-02-27 07:45:20,077 [af24d6c8-12f8-4751-8a80-28c60b0258e3@group-169102E84844-LeaderElection36] INFO  server.RaftServerConfigKeys (ConfUtils.java:logGet(46)) - raft.server.log.appender.wait-time.min = 0μs (custom)
2024-02-27 07:45:20,077 [af24d6c8-12f8-4751-8a80-28c60b0258e3@group-169102E84844-LeaderElection36] INFO  grpc.GrpcConfigKeys (ConfUtils.java:logGet(46)) - raft.grpc.server.leader.outstanding.appends.max = 8 (default)
2024-02-27 07:45:20,077 [af24d6c8-12f8-4751-8a80-28c60b0258e3@group-169102E84844-LeaderElection36] INFO  server.RaftServerConfigKeys (ConfUtils.java:logGet(46)) - raft.server.rpc.request.timeout = 60s (custom)
2024-02-27 07:45:20,077 [af24d6c8-12f8-4751-8a80-28c60b0258e3@group-169102E84844-LeaderElection36] INFO  grpc.GrpcConfigKeys (ConfUtils.java:logGet(46)) - raft.grpc.server.install_snapshot.request.element-limit = 8 (default)
2024-02-27 07:45:20,077 [af24d6c8-12f8-4751-8a80-28c60b0258e3@group-169102E84844-LeaderElection36] INFO  grpc.GrpcConfigKeys (ConfUtils.java:logGet(46)) - raft.grpc.server.install_snapshot.request.timeout = 3000ms (default)
2024-02-27 07:45:20,077 [af24d6c8-12f8-4751-8a80-28c60b0258e3@group-169102E84844-LeaderElection36] INFO  grpc.GrpcConfigKeys (ConfUtils.java:logGet(46)) - raft.grpc.server.log-message.batch.duration = 5s (default)
2024-02-27 07:45:20,077 [af24d6c8-12f8-4751-8a80-28c60b0258e3@group-169102E84844-LeaderElection36] INFO  server.RaftServerConfigKeys (ConfUtils.java:logGet(46)) - raft.server.log.appender.install.snapshot.enabled = false (custom)
2024-02-27 07:45:20,077 [af24d6c8-12f8-4751-8a80-28c60b0258e3@group-169102E84844-LeaderElection36] INFO  grpc.GrpcConfigKeys (ConfUtils.java:logGet(46)) - raft.grpc.server.heartbeat.channel = true (default)
2024-02-27 07:45:20,076 [grpc-default-executor-4] INFO  server.RaftServer$Division (RaftServerImpl.java:requestVote(1422)) - 4d28c94a-4d53-4519-b3c9-3a16e9947616@group-169102E84844 replies to ELECTION vote request: af24d6c8-12f8-4751-8a80-28c60b0258e3<-4d28c94a-4d53-4519-b3c9-3a16e9947616#0:OK-t1. Peer's state: 4d28c94a-4d53-4519-b3c9-3a16e9947616@group-169102E84844:t1, leader=null, voted=af24d6c8-12f8-4751-8a80-28c60b0258e3, raftlog=Memoized:4d28c94a-4d53-4519-b3c9-3a16e9947616@group-169102E84844-SegmentedRaftLog:OPENED:c-1, conf=-1: peers:[4d28c94a-4d53-4519-b3c9-3a16e9947616|10.1.0.19:15160, af24d6c8-12f8-4751-8a80-28c60b0258e3|10.1.0.19:15151, 165decaf-3465-4b89-9497-27d6560ecac2|10.1.0.19:15169]|listeners:[], old=null
2024-02-27 07:45:20,078 [af24d6c8-12f8-4751-8a80-28c60b0258e3@group-169102E84844-LeaderElection36] INFO  server.RaftServerConfigKeys (ConfUtils.java:logGet(46)) - raft.server.log.appender.snapshot.chunk.size.max = 16MB (=16777216) (default)
2024-02-27 07:45:20,078 [af24d6c8-12f8-4751-8a80-28c60b0258e3@group-169102E84844-LeaderElection36] INFO  server.RaftServerConfigKeys (ConfUtils.java:logGet(46)) - raft.server.log.appender.buffer.byte-limit = 8388608 (custom)
2024-02-27 07:45:20,078 [af24d6c8-12f8-4751-8a80-28c60b0258e3@group-169102E84844-LeaderElection36] INFO  server.RaftServerConfigKeys (ConfUtils.java:logGet(46)) - raft.server.log.appender.buffer.element-limit = 1 (custom)
2024-02-27 07:45:20,078 [af24d6c8-12f8-4751-8a80-28c60b0258e3@group-169102E84844-LeaderElection36] INFO  server.RaftServerConfigKeys (ConfUtils.java:logGet(46)) - raft.server.log.appender.wait-time.min = 0μs (custom)
2024-02-27 07:45:20,078 [af24d6c8-12f8-4751-8a80-28c60b0258e3@group-169102E84844-LeaderElection36] INFO  grpc.GrpcConfigKeys (ConfUtils.java:logGet(46)) - raft.grpc.server.leader.outstanding.appends.max = 8 (default)
2024-02-27 07:45:20,078 [af24d6c8-12f8-4751-8a80-28c60b0258e3@group-169102E84844-LeaderElection36] INFO  server.RaftServerConfigKeys (ConfUtils.java:logGet(46)) - raft.server.rpc.request.timeout = 60s (custom)
2024-02-27 07:45:20,078 [af24d6c8-12f8-4751-8a80-28c60b0258e3@group-169102E84844-LeaderElection36] INFO  grpc.GrpcConfigKeys (ConfUtils.java:logGet(46)) - raft.grpc.server.install_snapshot.request.element-limit = 8 (default)
2024-02-27 07:45:20,078 [af24d6c8-12f8-4751-8a80-28c60b0258e3@group-169102E84844-LeaderElection36] INFO  grpc.GrpcConfigKeys (ConfUtils.java:logGet(46)) - raft.grpc.server.install_snapshot.request.timeout = 3000ms (default)
2024-02-27 07:45:20,078 [af24d6c8-12f8-4751-8a80-28c60b0258e3@group-169102E84844-LeaderElection36] INFO  grpc.GrpcConfigKeys (ConfUtils.java:logGet(46)) - raft.grpc.server.log-message.batch.duration = 5s (default)
2024-02-27 07:45:20,079 [af24d6c8-12f8-4751-8a80-28c60b0258e3@group-169102E84844-LeaderElection36] INFO  server.RaftServerConfigKeys (ConfUtils.java:logGet(46)) - raft.server.log.appender.install.snapshot.enabled = false (custom)
2024-02-27 07:45:20,079 [af24d6c8-12f8-4751-8a80-28c60b0258e3@group-169102E84844-LeaderElection36] INFO  grpc.GrpcConfigKeys (ConfUtils.java:logGet(46)) - raft.grpc.server.heartbeat.channel = true (default)
2024-02-27 07:45:20,079 [af24d6c8-12f8-4751-8a80-28c60b0258e3@group-169102E84844-LeaderElection36] INFO  impl.RoleInfo (RoleInfo.java:updateAndGet(139)) - af24d6c8-12f8-4751-8a80-28c60b0258e3: start af24d6c8-12f8-4751-8a80-28c60b0258e3@group-169102E84844-LeaderStateImpl
2024-02-27 07:45:20,079 [af24d6c8-12f8-4751-8a80-28c60b0258e3@group-169102E84844-LeaderElection36] INFO  server.RaftServer$Division (RaftServerImpl.java:setFirstElection(574)) - af24d6c8-12f8-4751-8a80-28c60b0258e3@group-169102E84844: set firstElectionSinceStartup to false for becomeLeader
2024-02-27 07:45:20,079 [af24d6c8-12f8-4751-8a80-28c60b0258e3@group-169102E84844-LeaderElection36] INFO  ratis.XceiverServerRatis (XceiverServerRatis.java:handleLeaderChangedNotification(966)) - Leader change notification received for group: group-169102E84844 with new leaderId: af24d6c8-12f8-4751-8a80-28c60b0258e3
2024-02-27 07:45:20,079 [af24d6c8-12f8-4751-8a80-28c60b0258e3@group-169102E84844-LeaderElection36] INFO  server.RaftServer$Division (ServerState.java:setLeader(269)) - af24d6c8-12f8-4751-8a80-28c60b0258e3@group-169102E84844: change Leader from null to af24d6c8-12f8-4751-8a80-28c60b0258e3 at term 1 for becomeLeader, leader elected after 5046ms
2024-02-27 07:45:20,079 [af24d6c8-12f8-4751-8a80-28c60b0258e3@group-169102E84844-LeaderElection36] INFO  segmented.SegmentedRaftLogWorker (SegmentedRaftLogWorker.java:startLogSegment(430)) - af24d6c8-12f8-4751-8a80-28c60b0258e3@group-169102E84844-SegmentedRaftLogWorker: Starting segment from index:0
2024-02-27 07:45:20,079 [af24d6c8-12f8-4751-8a80-28c60b0258e3@group-169102E84844-SegmentedRaftLogWorker] INFO  segmented.BufferedWriteChannel (BufferedWriteChannel.java:open(62)) - open log_inprogress_0 at position 0
2024-02-27 07:45:20,080 [EventQueue-PipelineReportForPipelineReportHandler] INFO  pipeline.PipelineReportHandler (PipelineReportHandler.java:processPipelineReport(136)) - Opened pipeline PipelineID=0288776f-0b9d-4911-a9ef-169102e84844
2024-02-27 07:45:20,080 [EventQueue-OpenPipelineForHealthyPipelineSafeModeRule] INFO  safemode.SCMSafeModeManager (HealthyPipelineSafeModeRule.java:process(140)) - SCM in safe mode. Healthy pipelines reported count is 0, required healthy pipeline reported count is 1
2024-02-27 07:45:20,080 [EventQueue-OpenPipelineForHealthyPipelineSafeModeRule] INFO  safemode.SCMSafeModeManager (HealthyPipelineSafeModeRule.java:process(140)) - SCM in safe mode. Healthy pipelines reported count is 1, required healthy pipeline reported count is 1
2024-02-27 07:45:20,080 [EventQueue-OpenPipelineForHealthyPipelineSafeModeRule] INFO  safemode.SCMSafeModeManager (SCMSafeModeManager.java:validateSafeModeExitRules(200)) - HealthyPipelineSafeModeRule rule is successfully validated
2024-02-27 07:45:20,080 [EventQueue-OpenPipelineForHealthyPipelineSafeModeRule] INFO  safemode.SCMSafeModeManager (SCMSafeModeManager.java:validateSafeModeExitRules(215)) - ScmSafeModeManager, all rules are successfully validated
2024-02-27 07:45:20,081 [EventQueue-OpenPipelineForHealthyPipelineSafeModeRule] INFO  safemode.SCMSafeModeManager (SCMSafeModeManager.java:exitSafeMode(244)) - SCM exiting safe mode.
2024-02-27 07:45:20,081 [EventQueue-OpenPipelineForHealthyPipelineSafeModeRule] INFO  ha.SCMContext (SCMContext.java:updateSafeModeStatus(225)) - Update SafeModeStatus from SafeModeStatus{safeModeStatus=true, preCheckPassed=true} to SafeModeStatus{safeModeStatus=false, preCheckPassed=true}.
2024-02-27 07:45:20,081 [EventQueue-OpenPipelineForHealthyPipelineSafeModeRule] INFO  pipeline.BackgroundPipelineCreator (BackgroundPipelineCreator.java:notifyStatusChanged(258)) - Service BackgroundPipelineCreator transitions to RUNNING.
2024-02-27 07:45:20,081 [EventQueue-OpenPipelineForHealthyPipelineSafeModeRule] INFO  BackgroundPipelineScrubber (BackgroundSCMService.java:notifyStatusChanged(79)) - Service BackgroundPipelineScrubber transitions to RUNNING.
2024-02-27 07:45:20,081 [EventQueue-OpenPipelineForHealthyPipelineSafeModeRule] INFO  ExpiredContainerReplicaOpScrubber (BackgroundSCMService.java:notifyStatusChanged(79)) - Service ExpiredContainerReplicaOpScrubber transitions to RUNNING.
2024-02-27 07:45:20,081 [EventQueue-OpenPipelineForHealthyPipelineSafeModeRule] INFO  block.SCMBlockDeletingService (SCMBlockDeletingService.java:notifyStatusChanged(247)) - notifyStatusChanged:RUNNING
2024-02-27 07:45:20,081 [EventQueue-OpenPipelineForHealthyPipelineSafeModeRule] INFO  replication.ReplicationManager (ReplicationManager.java:notifyStatusChanged(1402)) - Service ReplicationManager transitions to RUNNING.
2024-02-27 07:45:20,081 [EventQueue-OpenPipelineForHealthyPipelineSafeModeRule] WARN  balancer.ContainerBalancer (ContainerBalancer.java:shouldRun(134)) - Could not find persisted configuration for ContainerBalancer when checking if ContainerBalancer should run. ContainerBalancer should not run now.
2024-02-27 07:45:20,083 [af24d6c8-12f8-4751-8a80-28c60b0258e3@group-169102E84844-LeaderElection36] INFO  server.RaftServer$Division (ServerState.java:setRaftConf(386)) - af24d6c8-12f8-4751-8a80-28c60b0258e3@group-169102E84844: set configuration 0: peers:[4d28c94a-4d53-4519-b3c9-3a16e9947616|10.1.0.19:15160, af24d6c8-12f8-4751-8a80-28c60b0258e3|10.1.0.19:15151, 165decaf-3465-4b89-9497-27d6560ecac2|10.1.0.19:15169]|listeners:[], old=null
2024-02-27 07:45:20,087 [af24d6c8-12f8-4751-8a80-28c60b0258e3@group-169102E84844-SegmentedRaftLogWorker] INFO  segmented.SegmentedRaftLogWorker (SegmentedRaftLogWorker.java:execute(634)) - af24d6c8-12f8-4751-8a80-28c60b0258e3@group-169102E84844-SegmentedRaftLogWorker: created new log segment /home/runner/work/ozone/ozone/hadoop-ozone/integration-test/target/test-dir/MiniOzoneClusterImpl-b00976b7-23bc-4195-b1b8-a51685bf3827/ozone-meta/datanode-1/ratis/0288776f-0b9d-4911-a9ef-169102e84844/current/log_inprogress_0
2024-02-27 07:45:20,089 [4d28c94a-4d53-4519-b3c9-3a16e9947616-server-thread1] INFO  ratis.XceiverServerRatis (XceiverServerRatis.java:handleLeaderChangedNotification(966)) - Leader change notification received for group: group-169102E84844 with new leaderId: af24d6c8-12f8-4751-8a80-28c60b0258e3
2024-02-27 07:45:20,089 [4d28c94a-4d53-4519-b3c9-3a16e9947616-server-thread1] INFO  server.RaftServer$Division (ServerState.java:setLeader(269)) - 4d28c94a-4d53-4519-b3c9-3a16e9947616@group-169102E84844: change Leader from null to af24d6c8-12f8-4751-8a80-28c60b0258e3 at term 1 for appendEntries, leader elected after 5019ms
2024-02-27 07:45:20,098 [4d28c94a-4d53-4519-b3c9-3a16e9947616-server-thread2] INFO  server.RaftServer$Division (ServerState.java:setRaftConf(386)) - 4d28c94a-4d53-4519-b3c9-3a16e9947616@group-169102E84844: set configuration 0: peers:[4d28c94a-4d53-4519-b3c9-3a16e9947616|10.1.0.19:15160, af24d6c8-12f8-4751-8a80-28c60b0258e3|10.1.0.19:15151, 165decaf-3465-4b89-9497-27d6560ecac2|10.1.0.19:15169]|listeners:[], old=null
2024-02-27 07:45:20,098 [4d28c94a-4d53-4519-b3c9-3a16e9947616-server-thread2] INFO  segmented.SegmentedRaftLogWorker (SegmentedRaftLogWorker.java:startLogSegment(430)) - 4d28c94a-4d53-4519-b3c9-3a16e9947616@group-169102E84844-SegmentedRaftLogWorker: Starting segment from index:0
2024-02-27 07:45:20,098 [4d28c94a-4d53-4519-b3c9-3a16e9947616@group-169102E84844-SegmentedRaftLogWorker] INFO  segmented.BufferedWriteChannel (BufferedWriteChannel.java:open(62)) - open log_inprogress_0 at position 0
2024-02-27 07:45:20,109 [165decaf-3465-4b89-9497-27d6560ecac2-server-thread2] INFO  ratis.XceiverServerRatis (XceiverServerRatis.java:handleLeaderChangedNotification(966)) - Leader change notification received for group: group-169102E84844 with new leaderId: af24d6c8-12f8-4751-8a80-28c60b0258e3
2024-02-27 07:45:20,109 [4d28c94a-4d53-4519-b3c9-3a16e9947616@group-169102E84844-SegmentedRaftLogWorker] INFO  segmented.SegmentedRaftLogWorker (SegmentedRaftLogWorker.java:execute(634)) - 4d28c94a-4d53-4519-b3c9-3a16e9947616@group-169102E84844-SegmentedRaftLogWorker: created new log segment /home/runner/work/ozone/ozone/hadoop-ozone/integration-test/target/test-dir/MiniOzoneClusterImpl-b00976b7-23bc-4195-b1b8-a51685bf3827/ozone-meta/datanode-2/ratis/0288776f-0b9d-4911-a9ef-169102e84844/current/log_inprogress_0
2024-02-27 07:45:20,111 [165decaf-3465-4b89-9497-27d6560ecac2-server-thread2] INFO  server.RaftServer$Division (ServerState.java:setLeader(269)) - 165decaf-3465-4b89-9497-27d6560ecac2@group-169102E84844: change Leader from null to af24d6c8-12f8-4751-8a80-28c60b0258e3 at term 1 for appendEntries, leader elected after 5060ms
2024-02-27 07:45:20,112 [165decaf-3465-4b89-9497-27d6560ecac2-server-thread1] INFO  server.RaftServer$Division (ServerState.java:setRaftConf(386)) - 165decaf-3465-4b89-9497-27d6560ecac2@group-169102E84844: set configuration 0: peers:[4d28c94a-4d53-4519-b3c9-3a16e9947616|10.1.0.19:15160, af24d6c8-12f8-4751-8a80-28c60b0258e3|10.1.0.19:15151, 165decaf-3465-4b89-9497-27d6560ecac2|10.1.0.19:15169]|listeners:[], old=null
2024-02-27 07:45:20,112 [165decaf-3465-4b89-9497-27d6560ecac2-server-thread1] INFO  segmented.SegmentedRaftLogWorker (SegmentedRaftLogWorker.java:startLogSegment(430)) - 165decaf-3465-4b89-9497-27d6560ecac2@group-169102E84844-SegmentedRaftLogWorker: Starting segment from index:0
2024-02-27 07:45:20,114 [165decaf-3465-4b89-9497-27d6560ecac2@group-169102E84844-SegmentedRaftLogWorker] INFO  segmented.BufferedWriteChannel (BufferedWriteChannel.java:open(62)) - open log_inprogress_0 at position 0
2024-02-27 07:45:20,115 [af24d6c8-12f8-4751-8a80-28c60b0258e3@group-169102E84844-StateMachineUpdater] INFO  server.RaftServer$Division (LeaderStateImpl.java:isApplied(320)) - leader is ready since appliedIndex == 0 >= startIndex == 0
2024-02-27 07:45:20,122 [165decaf-3465-4b89-9497-27d6560ecac2@group-169102E84844-SegmentedRaftLogWorker] INFO  segmented.SegmentedRaftLogWorker (SegmentedRaftLogWorker.java:execute(634)) - 165decaf-3465-4b89-9497-27d6560ecac2@group-169102E84844-SegmentedRaftLogWorker: created new log segment /home/runner/work/ozone/ozone/hadoop-ozone/integration-test/target/test-dir/MiniOzoneClusterImpl-b00976b7-23bc-4195-b1b8-a51685bf3827/ozone-meta/datanode-3/ratis/0288776f-0b9d-4911-a9ef-169102e84844/current/log_inprogress_0
2024-02-27 07:45:20,192 [165decaf-3465-4b89-9497-27d6560ecac2@group-0F56344FBE05-FollowerState] INFO  impl.FollowerState (FollowerState.java:run(143)) - 165decaf-3465-4b89-9497-27d6560ecac2@group-0F56344FBE05-FollowerState: change to CANDIDATE, lastRpcElapsedTime:5064412273ns, electionTimeout:5064ms
2024-02-27 07:45:20,193 [165decaf-3465-4b89-9497-27d6560ecac2@group-0F56344FBE05-FollowerState] INFO  impl.RoleInfo (RoleInfo.java:shutdownFollowerState(110)) - 165decaf-3465-4b89-9497-27d6560ecac2: shutdown 165decaf-3465-4b89-9497-27d6560ecac2@group-0F56344FBE05-FollowerState
2024-02-27 07:45:20,193 [165decaf-3465-4b89-9497-27d6560ecac2@group-0F56344FBE05-FollowerState] INFO  server.RaftServer$Division (RaftServerImpl.java:setRole(383)) - 165decaf-3465-4b89-9497-27d6560ecac2@group-0F56344FBE05: changes role from  FOLLOWER to CANDIDATE at term 0 for changeToCandidate
2024-02-27 07:45:20,193 [165decaf-3465-4b89-9497-27d6560ecac2@group-0F56344FBE05-FollowerState] INFO  server.RaftServerConfigKeys (ConfUtils.java:logGet(46)) - raft.server.leaderelection.pre-vote = true (default)
2024-02-27 07:45:20,193 [165decaf-3465-4b89-9497-27d6560ecac2@group-0F56344FBE05-FollowerState] INFO  impl.RoleInfo (RoleInfo.java:updateAndGet(139)) - 165decaf-3465-4b89-9497-27d6560ecac2: start 165decaf-3465-4b89-9497-27d6560ecac2@group-0F56344FBE05-LeaderElection37
2024-02-27 07:45:20,194 [165decaf-3465-4b89-9497-27d6560ecac2@group-0F56344FBE05-LeaderElection37] INFO  impl.LeaderElection (LeaderElection.java:askForVotes(321)) - 165decaf-3465-4b89-9497-27d6560ecac2@group-0F56344FBE05-LeaderElection37 PRE_VOTE round 0: submit vote requests at term 0 for -1: peers:[4d28c94a-4d53-4519-b3c9-3a16e9947616|10.1.0.19:15160, af24d6c8-12f8-4751-8a80-28c60b0258e3|10.1.0.19:15151, 165decaf-3465-4b89-9497-27d6560ecac2|10.1.0.19:15169]|listeners:[], old=null
2024-02-27 07:45:20,195 [165decaf-3465-4b89-9497-27d6560ecac2@group-0F56344FBE05-LeaderElection37-1] INFO  server.GrpcServerProtocolClient (GrpcServerProtocolClient.java:<init>(65)) - Build channel for 4d28c94a-4d53-4519-b3c9-3a16e9947616|10.1.0.19:15160
2024-02-27 07:45:20,195 [165decaf-3465-4b89-9497-27d6560ecac2@group-0F56344FBE05-LeaderElection37] INFO  server.RaftServerConfigKeys (ConfUtils.java:logFallback(53)) - raft.server.rpc.first-election.timeout.min = 5s (fallback to raft.server.rpc.timeout.min)
2024-02-27 07:45:20,195 [165decaf-3465-4b89-9497-27d6560ecac2@group-0F56344FBE05-LeaderElection37] INFO  server.RaftServerConfigKeys (ConfUtils.java:logFallback(53)) - raft.server.rpc.first-election.timeout.max = 5200ms (fallback to raft.server.rpc.timeout.max)
2024-02-27 07:45:20,195 [165decaf-3465-4b89-9497-27d6560ecac2@group-0F56344FBE05-LeaderElection37-2] INFO  server.GrpcServerProtocolClient (GrpcServerProtocolClient.java:<init>(65)) - Build channel for af24d6c8-12f8-4751-8a80-28c60b0258e3|10.1.0.19:15151
2024-02-27 07:45:20,198 [grpc-default-executor-5] INFO  server.RaftServer$Division (RaftServerImpl.java:requestVote(1389)) - 4d28c94a-4d53-4519-b3c9-3a16e9947616@group-0F56344FBE05: receive requestVote(PRE_VOTE, 165decaf-3465-4b89-9497-27d6560ecac2, group-0F56344FBE05, 0, (t:0, i:0))
2024-02-27 07:45:20,198 [grpc-default-executor-5] INFO  impl.VoteContext (VoteContext.java:log(49)) - 4d28c94a-4d53-4519-b3c9-3a16e9947616@group-0F56344FBE05-FOLLOWER: accept PRE_VOTE from 165decaf-3465-4b89-9497-27d6560ecac2: our priority 0 <= candidate's priority 1
2024-02-27 07:45:20,198 [grpc-default-executor-5] INFO  server.RaftServer$Division (RaftServerImpl.java:requestVote(1422)) - 4d28c94a-4d53-4519-b3c9-3a16e9947616@group-0F56344FBE05 replies to PRE_VOTE vote request: 165decaf-3465-4b89-9497-27d6560ecac2<-4d28c94a-4d53-4519-b3c9-3a16e9947616#0:OK-t0. Peer's state: 4d28c94a-4d53-4519-b3c9-3a16e9947616@group-0F56344FBE05:t0, leader=null, voted=, raftlog=Memoized:4d28c94a-4d53-4519-b3c9-3a16e9947616@group-0F56344FBE05-SegmentedRaftLog:OPENED:c-1, conf=-1: peers:[4d28c94a-4d53-4519-b3c9-3a16e9947616|10.1.0.19:15160, af24d6c8-12f8-4751-8a80-28c60b0258e3|10.1.0.19:15151, 165decaf-3465-4b89-9497-27d6560ecac2|10.1.0.19:15169]|listeners:[], old=null
2024-02-27 07:45:20,199 [grpc-default-executor-5] INFO  server.RaftServer$Division (RaftServerImpl.java:requestVote(1389)) - af24d6c8-12f8-4751-8a80-28c60b0258e3@group-0F56344FBE05: receive requestVote(PRE_VOTE, 165decaf-3465-4b89-9497-27d6560ecac2, group-0F56344FBE05, 0, (t:0, i:0))
2024-02-27 07:45:20,199 [grpc-default-executor-5] INFO  impl.VoteContext (VoteContext.java:log(49)) - af24d6c8-12f8-4751-8a80-28c60b0258e3@group-0F56344FBE05-FOLLOWER: accept PRE_VOTE from 165decaf-3465-4b89-9497-27d6560ecac2: our priority 0 <= candidate's priority 1
2024-02-27 07:45:20,199 [grpc-default-executor-5] INFO  server.RaftServer$Division (RaftServerImpl.java:requestVote(1422)) - af24d6c8-12f8-4751-8a80-28c60b0258e3@group-0F56344FBE05 replies to PRE_VOTE vote request: 165decaf-3465-4b89-9497-27d6560ecac2<-af24d6c8-12f8-4751-8a80-28c60b0258e3#0:OK-t0. Peer's state: af24d6c8-12f8-4751-8a80-28c60b0258e3@group-0F56344FBE05:t0, leader=null, voted=, raftlog=Memoized:af24d6c8-12f8-4751-8a80-28c60b0258e3@group-0F56344FBE05-SegmentedRaftLog:OPENED:c-1, conf=-1: peers:[4d28c94a-4d53-4519-b3c9-3a16e9947616|10.1.0.19:15160, af24d6c8-12f8-4751-8a80-28c60b0258e3|10.1.0.19:15151, 165decaf-3465-4b89-9497-27d6560ecac2|10.1.0.19:15169]|listeners:[], old=null
2024-02-27 07:45:20,200 [165decaf-3465-4b89-9497-27d6560ecac2@group-0F56344FBE05-LeaderElection37] INFO  impl.LeaderElection (LeaderElection.java:logAndReturn(89)) - 165decaf-3465-4b89-9497-27d6560ecac2@group-0F56344FBE05-LeaderElection37: PRE_VOTE PASSED received 1 response(s) and 0 exception(s):
2024-02-27 07:45:20,200 [165decaf-3465-4b89-9497-27d6560ecac2@group-0F56344FBE05-LeaderElection37] INFO  impl.LeaderElection (LeaderElection.java:logAndReturn(93)) -   Response 0: 165decaf-3465-4b89-9497-27d6560ecac2<-4d28c94a-4d53-4519-b3c9-3a16e9947616#0:OK-t0
2024-02-27 07:45:20,200 [165decaf-3465-4b89-9497-27d6560ecac2@group-0F56344FBE05-LeaderElection37] INFO  impl.LeaderElection (LeaderElection.java:askForVotes(323)) - 165decaf-3465-4b89-9497-27d6560ecac2@group-0F56344FBE05-LeaderElection37 PRE_VOTE round 0: result PASSED
2024-02-27 07:45:20,201 [165decaf-3465-4b89-9497-27d6560ecac2@group-0F56344FBE05-LeaderElection37] INFO  impl.LeaderElection (LeaderElection.java:askForVotes(321)) - 165decaf-3465-4b89-9497-27d6560ecac2@group-0F56344FBE05-LeaderElection37 ELECTION round 0: submit vote requests at term 1 for -1: peers:[4d28c94a-4d53-4519-b3c9-3a16e9947616|10.1.0.19:15160, af24d6c8-12f8-4751-8a80-28c60b0258e3|10.1.0.19:15151, 165decaf-3465-4b89-9497-27d6560ecac2|10.1.0.19:15169]|listeners:[], old=null
2024-02-27 07:45:20,201 [165decaf-3465-4b89-9497-27d6560ecac2@group-0F56344FBE05-LeaderElection37] INFO  server.RaftServerConfigKeys (ConfUtils.java:logFallback(53)) - raft.server.rpc.first-election.timeout.min = 5s (fallback to raft.server.rpc.timeout.min)
2024-02-27 07:45:20,202 [165decaf-3465-4b89-9497-27d6560ecac2@group-0F56344FBE05-LeaderElection37] INFO  server.RaftServerConfigKeys (ConfUtils.java:logFallback(53)) - raft.server.rpc.first-election.timeout.max = 5200ms (fallback to raft.server.rpc.timeout.max)
2024-02-27 07:45:20,202 [grpc-default-executor-5] INFO  server.RaftServer$Division (RaftServerImpl.java:requestVote(1389)) - 4d28c94a-4d53-4519-b3c9-3a16e9947616@group-0F56344FBE05: receive requestVote(ELECTION, 165decaf-3465-4b89-9497-27d6560ecac2, group-0F56344FBE05, 1, (t:0, i:0))
2024-02-27 07:45:20,202 [grpc-default-executor-5] INFO  impl.VoteContext (VoteContext.java:log(49)) - 4d28c94a-4d53-4519-b3c9-3a16e9947616@group-0F56344FBE05-FOLLOWER: accept ELECTION from 165decaf-3465-4b89-9497-27d6560ecac2: our priority 0 <= candidate's priority 1
2024-02-27 07:45:20,202 [grpc-default-executor-5] INFO  server.RaftServer$Division (RaftServerImpl.java:setRole(383)) - 4d28c94a-4d53-4519-b3c9-3a16e9947616@group-0F56344FBE05: changes role from  FOLLOWER to FOLLOWER at term 1 for candidate:165decaf-3465-4b89-9497-27d6560ecac2
2024-02-27 07:45:20,202 [grpc-default-executor-0] INFO  server.RaftServer$Division (RaftServerImpl.java:requestVote(1389)) - af24d6c8-12f8-4751-8a80-28c60b0258e3@group-0F56344FBE05: receive requestVote(ELECTION, 165decaf-3465-4b89-9497-27d6560ecac2, group-0F56344FBE05, 1, (t:0, i:0))
2024-02-27 07:45:20,202 [grpc-default-executor-5] INFO  impl.RoleInfo (RoleInfo.java:shutdownFollowerState(110)) - 4d28c94a-4d53-4519-b3c9-3a16e9947616: shutdown 4d28c94a-4d53-4519-b3c9-3a16e9947616@group-0F56344FBE05-FollowerState
2024-02-27 07:45:20,203 [grpc-default-executor-5] INFO  impl.RoleInfo (RoleInfo.java:updateAndGet(139)) - 4d28c94a-4d53-4519-b3c9-3a16e9947616: start 4d28c94a-4d53-4519-b3c9-3a16e9947616@group-0F56344FBE05-FollowerState
2024-02-27 07:45:20,203 [grpc-default-executor-5] INFO  server.RaftServer$Division (RaftServerImpl.java:setFirstElection(574)) - 4d28c94a-4d53-4519-b3c9-3a16e9947616@group-0F56344FBE05: set firstElectionSinceStartup to false for candidate:165decaf-3465-4b89-9497-27d6560ecac2
2024-02-27 07:45:20,203 [grpc-default-executor-0] INFO  impl.VoteContext (VoteContext.java:log(49)) - af24d6c8-12f8-4751-8a80-28c60b0258e3@group-0F56344FBE05-FOLLOWER: accept ELECTION from 165decaf-3465-4b89-9497-27d6560ecac2: our priority 0 <= candidate's priority 1
2024-02-27 07:45:20,203 [grpc-default-executor-0] INFO  server.RaftServer$Division (RaftServerImpl.java:setRole(383)) - af24d6c8-12f8-4751-8a80-28c60b0258e3@group-0F56344FBE05: changes role from  FOLLOWER to FOLLOWER at term 1 for candidate:165decaf-3465-4b89-9497-27d6560ecac2
2024-02-27 07:45:20,203 [grpc-default-executor-0] INFO  impl.RoleInfo (RoleInfo.java:shutdownFollowerState(110)) - af24d6c8-12f8-4751-8a80-28c60b0258e3: shutdown af24d6c8-12f8-4751-8a80-28c60b0258e3@group-0F56344FBE05-FollowerState
2024-02-27 07:45:20,204 [grpc-default-executor-0] INFO  impl.RoleInfo (RoleInfo.java:updateAndGet(139)) - af24d6c8-12f8-4751-8a80-28c60b0258e3: start af24d6c8-12f8-4751-8a80-28c60b0258e3@group-0F56344FBE05-FollowerState
2024-02-27 07:45:20,203 [af24d6c8-12f8-4751-8a80-28c60b0258e3@group-0F56344FBE05-FollowerState] INFO  server.RaftServerConfigKeys (ConfUtils.java:logFallback(53)) - raft.server.rpc.first-election.timeout.min = 5s (fallback to raft.server.rpc.timeout.min)
2024-02-27 07:45:20,203 [4d28c94a-4d53-4519-b3c9-3a16e9947616@group-0F56344FBE05-FollowerState] INFO  impl.FollowerState (FollowerState.java:run(152)) - 4d28c94a-4d53-4519-b3c9-3a16e9947616@group-0F56344FBE05-FollowerState was interrupted
2024-02-27 07:45:20,204 [af24d6c8-12f8-4751-8a80-28c60b0258e3@group-0F56344FBE05-FollowerState] INFO  server.RaftServerConfigKeys (ConfUtils.java:logFallback(53)) - raft.server.rpc.first-election.timeout.max = 5200ms (fallback to raft.server.rpc.timeout.max)
2024-02-27 07:45:20,204 [grpc-default-executor-0] INFO  server.RaftServer$Division (RaftServerImpl.java:setFirstElection(574)) - af24d6c8-12f8-4751-8a80-28c60b0258e3@group-0F56344FBE05: set firstElectionSinceStartup to false for candidate:165decaf-3465-4b89-9497-27d6560ecac2
2024-02-27 07:45:20,206 [grpc-default-executor-5] INFO  server.RaftServer$Division (RaftServerImpl.java:requestVote(1422)) - 4d28c94a-4d53-4519-b3c9-3a16e9947616@group-0F56344FBE05 replies to ELECTION vote request: 165decaf-3465-4b89-9497-27d6560ecac2<-4d28c94a-4d53-4519-b3c9-3a16e9947616#0:OK-t1. Peer's state: 4d28c94a-4d53-4519-b3c9-3a16e9947616@group-0F56344FBE05:t1, leader=null, voted=165decaf-3465-4b89-9497-27d6560ecac2, raftlog=Memoized:4d28c94a-4d53-4519-b3c9-3a16e9947616@group-0F56344FBE05-SegmentedRaftLog:OPENED:c-1, conf=-1: peers:[4d28c94a-4d53-4519-b3c9-3a16e9947616|10.1.0.19:15160, af24d6c8-12f8-4751-8a80-28c60b0258e3|10.1.0.19:15151, 165decaf-3465-4b89-9497-27d6560ecac2|10.1.0.19:15169]|listeners:[], old=null
2024-02-27 07:45:20,206 [165decaf-3465-4b89-9497-27d6560ecac2@group-0F56344FBE05-LeaderElection37] INFO  impl.LeaderElection (LeaderElection.java:logAndReturn(89)) - 165decaf-3465-4b89-9497-27d6560ecac2@group-0F56344FBE05-LeaderElection37: ELECTION PASSED received 1 response(s) and 0 exception(s):
2024-02-27 07:45:20,206 [165decaf-3465-4b89-9497-27d6560ecac2@group-0F56344FBE05-LeaderElection37] INFO  impl.LeaderElection (LeaderElection.java:logAndReturn(93)) -   Response 0: 165decaf-3465-4b89-9497-27d6560ecac2<-4d28c94a-4d53-4519-b3c9-3a16e9947616#0:OK-t1
2024-02-27 07:45:20,206 [165decaf-3465-4b89-9497-27d6560ecac2@group-0F56344FBE05-LeaderElection37] INFO  impl.LeaderElection (LeaderElection.java:askForVotes(323)) - 165decaf-3465-4b89-9497-27d6560ecac2@group-0F56344FBE05-LeaderElection37 ELECTION round 0: result PASSED
2024-02-27 07:45:20,206 [grpc-default-executor-0] INFO  server.RaftServer$Division (RaftServerImpl.java:requestVote(1422)) - af24d6c8-12f8-4751-8a80-28c60b0258e3@group-0F56344FBE05 replies to ELECTION vote request: 165decaf-3465-4b89-9497-27d6560ecac2<-af24d6c8-12f8-4751-8a80-28c60b0258e3#0:OK-t1. Peer's state: af24d6c8-12f8-4751-8a80-28c60b0258e3@group-0F56344FBE05:t1, leader=null, voted=165decaf-3465-4b89-9497-27d6560ecac2, raftlog=Memoized:af24d6c8-12f8-4751-8a80-28c60b0258e3@group-0F56344FBE05-SegmentedRaftLog:OPENED:c-1, conf=-1: peers:[4d28c94a-4d53-4519-b3c9-3a16e9947616|10.1.0.19:15160, af24d6c8-12f8-4751-8a80-28c60b0258e3|10.1.0.19:15151, 165decaf-3465-4b89-9497-27d6560ecac2|10.1.0.19:15169]|listeners:[], old=null
2024-02-27 07:45:20,206 [165decaf-3465-4b89-9497-27d6560ecac2@group-0F56344FBE05-LeaderElection37] INFO  impl.RoleInfo (RoleInfo.java:shutdownLeaderElection(130)) - 165decaf-3465-4b89-9497-27d6560ecac2: shutdown 165decaf-3465-4b89-9497-27d6560ecac2@group-0F56344FBE05-LeaderElection37
2024-02-27 07:45:20,206 [165decaf-3465-4b89-9497-27d6560ecac2@group-0F56344FBE05-LeaderElection37] INFO  server.RaftServer$Division (RaftServerImpl.java:setRole(383)) - 165decaf-3465-4b89-9497-27d6560ecac2@group-0F56344FBE05: changes role from CANDIDATE to LEADER at term 1 for changeToLeader
2024-02-27 07:45:20,207 [165decaf-3465-4b89-9497-27d6560ecac2@group-0F56344FBE05-LeaderElection37] INFO  server.RaftServerConfigKeys (ConfUtils.java:logGet(46)) - raft.server.staging.catchup.gap = 1000 (default)
2024-02-27 07:45:20,207 [165decaf-3465-4b89-9497-27d6560ecac2@group-0F56344FBE05-LeaderElection37] INFO  server.RaftServerConfigKeys (ConfUtils.java:logGet(46)) - raft.server.write.element-limit = 1024 (custom)
2024-02-27 07:45:20,207 [165decaf-3465-4b89-9497-27d6560ecac2@group-0F56344FBE05-LeaderElection37] INFO  server.RaftServerConfigKeys (ConfUtils.java:logGet(46)) - raft.server.write.byte-limit = 1024 M (=1073741824) (custom)
2024-02-27 07:45:20,207 [165decaf-3465-4b89-9497-27d6560ecac2@group-0F56344FBE05-LeaderElection37] INFO  server.RaftServerConfigKeys (ConfUtils.java:logGet(46)) - raft.server.watch.timeout = 180s (custom)
2024-02-27 07:45:20,207 [165decaf-3465-4b89-9497-27d6560ecac2@group-0F56344FBE05-LeaderElection37] INFO  server.RaftServerConfigKeys (ConfUtils.java:logGet(46)) - raft.server.watch.timeout.denomination = 1s (default)
2024-02-27 07:45:20,207 [165decaf-3465-4b89-9497-27d6560ecac2@group-0F56344FBE05-LeaderElection37] INFO  server.RaftServerConfigKeys (ConfUtils.java:logGet(46)) - raft.server.watch.element-limit = 65536 (default)
2024-02-27 07:45:20,207 [165decaf-3465-4b89-9497-27d6560ecac2@group-0F56344FBE05-LeaderElection37] INFO  server.RaftServerConfigKeys (ConfUtils.java:logGet(46)) - raft.server.read.leader.lease.enabled = false (default)
2024-02-27 07:45:20,207 [165decaf-3465-4b89-9497-27d6560ecac2@group-0F56344FBE05-LeaderElection37] INFO  server.RaftServerConfigKeys (ConfUtils.java:logGet(46)) - raft.server.read.leader.lease.timeout.ratio = 0.9 (default)
2024-02-27 07:45:20,207 [165decaf-3465-4b89-9497-27d6560ecac2@group-0F56344FBE05-LeaderElection37] INFO  server.RaftServerConfigKeys (ConfUtils.java:logGet(46)) - raft.server.rpc.timeout.min = 5s (custom)
2024-02-27 07:45:20,207 [165decaf-3465-4b89-9497-27d6560ecac2@group-0F56344FBE05-LeaderElection37] INFO  server.RaftServerConfigKeys (ConfUtils.java:logGet(46)) - raft.server.write.element-limit = 1024 (custom)
2024-02-27 07:45:20,207 [165decaf-3465-4b89-9497-27d6560ecac2@group-0F56344FBE05-LeaderElection37] INFO  server.RaftServerConfigKeys (ConfUtils.java:logGet(46)) - raft.server.write.follower.gap.ratio.max = -1.0 (default)
2024-02-27 07:45:20,207 [165decaf-3465-4b89-9497-27d6560ecac2@group-0F56344FBE05-LeaderElection37] INFO  server.RaftServerConfigKeys (ConfUtils.java:logGet(46)) - raft.server.log.appender.snapshot.chunk.size.max = 16MB (=16777216) (default)
2024-02-27 07:45:20,208 [165decaf-3465-4b89-9497-27d6560ecac2@group-0F56344FBE05-LeaderElection37] INFO  server.RaftServerConfigKeys (ConfUtils.java:logGet(46)) - raft.server.log.appender.buffer.byte-limit = 8388608 (custom)
2024-02-27 07:45:20,208 [165decaf-3465-4b89-9497-27d6560ecac2@group-0F56344FBE05-LeaderElection37] INFO  server.RaftServerConfigKeys (ConfUtils.java:logGet(46)) - raft.server.log.appender.buffer.element-limit = 1 (custom)
2024-02-27 07:45:20,208 [165decaf-3465-4b89-9497-27d6560ecac2@group-0F56344FBE05-LeaderElection37] INFO  server.RaftServerConfigKeys (ConfUtils.java:logGet(46)) - raft.server.log.appender.wait-time.min = 0μs (custom)
2024-02-27 07:45:20,208 [165decaf-3465-4b89-9497-27d6560ecac2@group-0F56344FBE05-LeaderElection37] INFO  grpc.GrpcConfigKeys (ConfUtils.java:logGet(46)) - raft.grpc.server.leader.outstanding.appends.max = 8 (default)
2024-02-27 07:45:20,208 [165decaf-3465-4b89-9497-27d6560ecac2@group-0F56344FBE05-LeaderElection37] INFO  server.RaftServerConfigKeys (ConfUtils.java:logGet(46)) - raft.server.rpc.request.timeout = 60s (custom)
2024-02-27 07:45:20,208 [165decaf-3465-4b89-9497-27d6560ecac2@group-0F56344FBE05-LeaderElection37] INFO  grpc.GrpcConfigKeys (ConfUtils.java:logGet(46)) - raft.grpc.server.install_snapshot.request.element-limit = 8 (default)
2024-02-27 07:45:20,208 [165decaf-3465-4b89-9497-27d6560ecac2@group-0F56344FBE05-LeaderElection37] INFO  grpc.GrpcConfigKeys (ConfUtils.java:logGet(46)) - raft.grpc.server.install_snapshot.request.timeout = 3000ms (default)
2024-02-27 07:45:20,208 [165decaf-3465-4b89-9497-27d6560ecac2@group-0F56344FBE05-LeaderElection37] INFO  grpc.GrpcConfigKeys (ConfUtils.java:logGet(46)) - raft.grpc.server.log-message.batch.duration = 5s (default)
2024-02-27 07:45:20,208 [165decaf-3465-4b89-9497-27d6560ecac2@group-0F56344FBE05-LeaderElection37] INFO  server.RaftServerConfigKeys (ConfUtils.java:logGet(46)) - raft.server.log.appender.install.snapshot.enabled = false (custom)
2024-02-27 07:45:20,208 [165decaf-3465-4b89-9497-27d6560ecac2@group-0F56344FBE05-LeaderElection37] INFO  grpc.GrpcConfigKeys (ConfUtils.java:logGet(46)) - raft.grpc.server.heartbeat.channel = true (default)
2024-02-27 07:45:20,208 [165decaf-3465-4b89-9497-27d6560ecac2@group-0F56344FBE05-LeaderElection37] INFO  server.RaftServerConfigKeys (ConfUtils.java:logGet(46)) - raft.server.log.appender.snapshot.chunk.size.max = 16MB (=16777216) (default)
2024-02-27 07:45:20,208 [165decaf-3465-4b89-9497-27d6560ecac2@group-0F56344FBE05-LeaderElection37] INFO  server.RaftServerConfigKeys (ConfUtils.java:logGet(46)) - raft.server.log.appender.buffer.byte-limit = 8388608 (custom)
2024-02-27 07:45:20,208 [165decaf-3465-4b89-9497-27d6560ecac2@group-0F56344FBE05-LeaderElection37] INFO  server.RaftServerConfigKeys (ConfUtils.java:logGet(46)) - raft.server.log.appender.buffer.element-limit = 1 (custom)
2024-02-27 07:45:20,208 [165decaf-3465-4b89-9497-27d6560ecac2@group-0F56344FBE05-LeaderElection37] INFO  server.RaftServerConfigKeys (ConfUtils.java:logGet(46)) - raft.server.log.appender.wait-time.min = 0μs (custom)
2024-02-27 07:45:20,208 [165decaf-3465-4b89-9497-27d6560ecac2@group-0F56344FBE05-LeaderElection37] INFO  grpc.GrpcConfigKeys (ConfUtils.java:logGet(46)) - raft.grpc.server.leader.outstanding.appends.max = 8 (default)
2024-02-27 07:45:20,208 [165decaf-3465-4b89-9497-27d6560ecac2@group-0F56344FBE05-LeaderElection37] INFO  server.RaftServerConfigKeys (ConfUtils.java:logGet(46)) - raft.server.rpc.request.timeout = 60s (custom)
2024-02-27 07:45:20,209 [165decaf-3465-4b89-9497-27d6560ecac2@group-0F56344FBE05-LeaderElection37] INFO  grpc.GrpcConfigKeys (ConfUtils.java:logGet(46)) - raft.grpc.server.install_snapshot.request.element-limit = 8 (default)
2024-02-27 07:45:20,209 [165decaf-3465-4b89-9497-27d6560ecac2@group-0F56344FBE05-LeaderElection37] INFO  grpc.GrpcConfigKeys (ConfUtils.java:logGet(46)) - raft.grpc.server.install_snapshot.request.timeout = 3000ms (default)
2024-02-27 07:45:20,209 [165decaf-3465-4b89-9497-27d6560ecac2@group-0F56344FBE05-LeaderElection37] INFO  grpc.GrpcConfigKeys (ConfUtils.java:logGet(46)) - raft.grpc.server.log-message.batch.duration = 5s (default)
2024-02-27 07:45:20,209 [165decaf-3465-4b89-9497-27d6560ecac2@group-0F56344FBE05-LeaderElection37] INFO  server.RaftServerConfigKeys (ConfUtils.java:logGet(46)) - raft.server.log.appender.install.snapshot.enabled = false (custom)
2024-02-27 07:45:20,209 [165decaf-3465-4b89-9497-27d6560ecac2@group-0F56344FBE05-LeaderElection37] INFO  grpc.GrpcConfigKeys (ConfUtils.java:logGet(46)) - raft.grpc.server.heartbeat.channel = true (default)
2024-02-27 07:45:20,209 [165decaf-3465-4b89-9497-27d6560ecac2@group-0F56344FBE05-LeaderElection37] INFO  impl.RoleInfo (RoleInfo.java:updateAndGet(139)) - 165decaf-3465-4b89-9497-27d6560ecac2: start 165decaf-3465-4b89-9497-27d6560ecac2@group-0F56344FBE05-LeaderStateImpl
2024-02-27 07:45:20,209 [165decaf-3465-4b89-9497-27d6560ecac2@group-0F56344FBE05-LeaderElection37] INFO  server.RaftServer$Division (RaftServerImpl.java:setFirstElection(574)) - 165decaf-3465-4b89-9497-27d6560ecac2@group-0F56344FBE05: set firstElectionSinceStartup to false for becomeLeader
2024-02-27 07:45:20,209 [165decaf-3465-4b89-9497-27d6560ecac2@group-0F56344FBE05-LeaderElection37] INFO  ratis.XceiverServerRatis (XceiverServerRatis.java:handleLeaderChangedNotification(966)) - Leader change notification received for group: group-0F56344FBE05 with new leaderId: 165decaf-3465-4b89-9497-27d6560ecac2
2024-02-27 07:45:20,209 [165decaf-3465-4b89-9497-27d6560ecac2@group-0F56344FBE05-LeaderElection37] INFO  server.RaftServer$Division (ServerState.java:setLeader(269)) - 165decaf-3465-4b89-9497-27d6560ecac2@group-0F56344FBE05: change Leader from null to 165decaf-3465-4b89-9497-27d6560ecac2 at term 1 for becomeLeader, leader elected after 5088ms
2024-02-27 07:45:20,209 [165decaf-3465-4b89-9497-27d6560ecac2@group-0F56344FBE05-LeaderElection37] INFO  segmented.SegmentedRaftLogWorker (SegmentedRaftLogWorker.java:startLogSegment(430)) - 165decaf-3465-4b89-9497-27d6560ecac2@group-0F56344FBE05-SegmentedRaftLogWorker: Starting segment from index:0
2024-02-27 07:45:20,210 [165decaf-3465-4b89-9497-27d6560ecac2@group-0F56344FBE05-LeaderElection37] INFO  server.RaftServer$Division (ServerState.java:setRaftConf(386)) - 165decaf-3465-4b89-9497-27d6560ecac2@group-0F56344FBE05: set configuration 0: peers:[4d28c94a-4d53-4519-b3c9-3a16e9947616|10.1.0.19:15160, af24d6c8-12f8-4751-8a80-28c60b0258e3|10.1.0.19:15151, 165decaf-3465-4b89-9497-27d6560ecac2|10.1.0.19:15169]|listeners:[], old=null
2024-02-27 07:45:20,210 [165decaf-3465-4b89-9497-27d6560ecac2@group-0F56344FBE05-SegmentedRaftLogWorker] INFO  segmented.BufferedWriteChannel (BufferedWriteChannel.java:open(62)) - open log_inprogress_0 at position 0
2024-02-27 07:45:20,211 [EventQueue-PipelineReportForPipelineReportHandler] INFO  pipeline.PipelineReportHandler (PipelineReportHandler.java:processPipelineReport(136)) - Opened pipeline PipelineID=43d9d58e-06d6-49fa-b4cc-0f56344fbe05
2024-02-27 07:45:20,215 [af24d6c8-12f8-4751-8a80-28c60b0258e3-server-thread1] INFO  ratis.XceiverServerRatis (XceiverServerRatis.java:handleLeaderChangedNotification(966)) - Leader change notification received for group: group-0F56344FBE05 with new leaderId: 165decaf-3465-4b89-9497-27d6560ecac2
2024-02-27 07:45:20,216 [af24d6c8-12f8-4751-8a80-28c60b0258e3-server-thread1] INFO  server.RaftServer$Division (ServerState.java:setLeader(269)) - af24d6c8-12f8-4751-8a80-28c60b0258e3@group-0F56344FBE05: change Leader from null to 165decaf-3465-4b89-9497-27d6560ecac2 at term 1 for appendEntries, leader elected after 5128ms
2024-02-27 07:45:20,217 [af24d6c8-12f8-4751-8a80-28c60b0258e3-server-thread2] INFO  server.RaftServer$Division (ServerState.java:setRaftConf(386)) - af24d6c8-12f8-4751-8a80-28c60b0258e3@group-0F56344FBE05: set configuration 0: peers:[4d28c94a-4d53-4519-b3c9-3a16e9947616|10.1.0.19:15160, af24d6c8-12f8-4751-8a80-28c60b0258e3|10.1.0.19:15151, 165decaf-3465-4b89-9497-27d6560ecac2|10.1.0.19:15169]|listeners:[], old=null
2024-02-27 07:45:20,218 [af24d6c8-12f8-4751-8a80-28c60b0258e3-server-thread2] INFO  segmented.SegmentedRaftLogWorker (SegmentedRaftLogWorker.java:startLogSegment(430)) - af24d6c8-12f8-4751-8a80-28c60b0258e3@group-0F56344FBE05-SegmentedRaftLogWorker: Starting segment from index:0
2024-02-27 07:45:20,219 [165decaf-3465-4b89-9497-27d6560ecac2@group-0F56344FBE05-SegmentedRaftLogWorker] INFO  segmented.SegmentedRaftLogWorker (SegmentedRaftLogWorker.java:execute(634)) - 165decaf-3465-4b89-9497-27d6560ecac2@group-0F56344FBE05-SegmentedRaftLogWorker: created new log segment /home/runner/work/ozone/ozone/hadoop-ozone/integration-test/target/test-dir/MiniOzoneClusterImpl-b00976b7-23bc-4195-b1b8-a51685bf3827/ozone-meta/datanode-3/ratis/43d9d58e-06d6-49fa-b4cc-0f56344fbe05/current/log_inprogress_0
2024-02-27 07:45:20,222 [4d28c94a-4d53-4519-b3c9-3a16e9947616-server-thread1] INFO  ratis.XceiverServerRatis (XceiverServerRatis.java:handleLeaderChangedNotification(966)) - Leader change notification received for group: group-0F56344FBE05 with new leaderId: 165decaf-3465-4b89-9497-27d6560ecac2
2024-02-27 07:45:20,222 [4d28c94a-4d53-4519-b3c9-3a16e9947616-server-thread1] INFO  server.RaftServer$Division (ServerState.java:setLeader(269)) - 4d28c94a-4d53-4519-b3c9-3a16e9947616@group-0F56344FBE05: change Leader from null to 165decaf-3465-4b89-9497-27d6560ecac2 at term 1 for appendEntries, leader elected after 5118ms
2024-02-27 07:45:20,222 [af24d6c8-12f8-4751-8a80-28c60b0258e3@group-0F56344FBE05-SegmentedRaftLogWorker] INFO  segmented.BufferedWriteChannel (BufferedWriteChannel.java:open(62)) - open log_inprogress_0 at position 0
2024-02-27 07:45:20,224 [4d28c94a-4d53-4519-b3c9-3a16e9947616-server-thread2] INFO  server.RaftServer$Division (ServerState.java:setRaftConf(386)) - 4d28c94a-4d53-4519-b3c9-3a16e9947616@group-0F56344FBE05: set configuration 0: peers:[4d28c94a-4d53-4519-b3c9-3a16e9947616|10.1.0.19:15160, af24d6c8-12f8-4751-8a80-28c60b0258e3|10.1.0.19:15151, 165decaf-3465-4b89-9497-27d6560ecac2|10.1.0.19:15169]|listeners:[], old=null
2024-02-27 07:45:20,224 [4d28c94a-4d53-4519-b3c9-3a16e9947616-server-thread2] INFO  segmented.SegmentedRaftLogWorker (SegmentedRaftLogWorker.java:startLogSegment(430)) - 4d28c94a-4d53-4519-b3c9-3a16e9947616@group-0F56344FBE05-SegmentedRaftLogWorker: Starting segment from index:0
2024-02-27 07:45:20,226 [4d28c94a-4d53-4519-b3c9-3a16e9947616@group-0F56344FBE05-SegmentedRaftLogWorker] INFO  segmented.BufferedWriteChannel (BufferedWriteChannel.java:open(62)) - open log_inprogress_0 at position 0
2024-02-27 07:45:20,235 [af24d6c8-12f8-4751-8a80-28c60b0258e3@group-0F56344FBE05-SegmentedRaftLogWorker] INFO  segmented.SegmentedRaftLogWorker (SegmentedRaftLogWorker.java:execute(634)) - af24d6c8-12f8-4751-8a80-28c60b0258e3@group-0F56344FBE05-SegmentedRaftLogWorker: created new log segment /home/runner/work/ozone/ozone/hadoop-ozone/integration-test/target/test-dir/MiniOzoneClusterImpl-b00976b7-23bc-4195-b1b8-a51685bf3827/ozone-meta/datanode-1/ratis/43d9d58e-06d6-49fa-b4cc-0f56344fbe05/current/log_inprogress_0
2024-02-27 07:45:20,235 [4d28c94a-4d53-4519-b3c9-3a16e9947616@group-0F56344FBE05-SegmentedRaftLogWorker] INFO  segmented.SegmentedRaftLogWorker (SegmentedRaftLogWorker.java:execute(634)) - 4d28c94a-4d53-4519-b3c9-3a16e9947616@group-0F56344FBE05-SegmentedRaftLogWorker: created new log segment /home/runner/work/ozone/ozone/hadoop-ozone/integration-test/target/test-dir/MiniOzoneClusterImpl-b00976b7-23bc-4195-b1b8-a51685bf3827/ozone-meta/datanode-2/ratis/43d9d58e-06d6-49fa-b4cc-0f56344fbe05/current/log_inprogress_0
2024-02-27 07:45:20,237 [165decaf-3465-4b89-9497-27d6560ecac2@group-0F56344FBE05-StateMachineUpdater] INFO  server.RaftServer$Division (LeaderStateImpl.java:isApplied(320)) - leader is ready since appliedIndex == 0 >= startIndex == 0
2024-02-27 07:45:20,310 [main] INFO  ozone.MiniOzoneClusterImpl (MiniOzoneClusterImpl.java:lambda$waitForClusterToBeReady$0(195)) - Nodes are ready. Got 3 of 3 DN Heartbeats.
2024-02-27 07:45:20,310 [main] INFO  ozone.MiniOzoneClusterImpl (MiniOzoneClusterImpl.java:lambda$waitForClusterToBeReady$0(198)) - Cluster exits safe mode
2024-02-27 07:45:20,310 [main] INFO  ozone.MiniOzoneClusterImpl (MiniOzoneClusterImpl.java:lambda$waitForClusterToBeReady$0(200)) - SCM became leader
2024-02-27 07:45:20,311 [main] INFO  protocolPB.OmTransportFactory (OmTransportFactory.java:createFactory(62)) - Loading OM transport implementation org.apache.hadoop.ozone.om.protocolPB.Hadoop3OmTransportFactory as specified by configuration.
2024-02-27 07:45:20,324 [main] INFO  om.TestOzoneManagerPrepare (TestOzoneManagerPrepare.java:setup(101)) - Waiting for OM leader election
2024-02-27 07:45:20,330 [omNode-1-OMStateMachineApplyTransactionThread - 0] INFO  upgrade.OMCancelPrepareRequest (OMCancelPrepareRequest.java:validateAndUpdateCache(54)) - OM omNode-1 Received cancel prepare request with log (t:1, i:1)
2024-02-27 07:45:20,332 [omNode-1-OMStateMachineApplyTransactionThread - 0] INFO  upgrade.OMCancelPrepareRequest (OMCancelPrepareRequest.java:validateAndUpdateCache(82)) - OM omNode-1 prepare state cancelled at log (t:1, i:1). Returning response 
2024-02-27 07:45:20,332 [omNode-3-OMStateMachineApplyTransactionThread - 0] INFO  upgrade.OMCancelPrepareRequest (OMCancelPrepareRequest.java:validateAndUpdateCache(54)) - OM omNode-3 Received cancel prepare request with log (t:1, i:1)
2024-02-27 07:45:20,332 [omNode-3-OMStateMachineApplyTransactionThread - 0] INFO  upgrade.OMCancelPrepareRequest (OMCancelPrepareRequest.java:validateAndUpdateCache(82)) - OM omNode-3 prepare state cancelled at log (t:1, i:1). Returning response 
2024-02-27 07:45:20,334 [omNode-2-OMStateMachineApplyTransactionThread - 0] INFO  upgrade.OMCancelPrepareRequest (OMCancelPrepareRequest.java:validateAndUpdateCache(54)) - OM omNode-2 Received cancel prepare request with log (t:1, i:1)
2024-02-27 07:45:20,337 [165decaf-3465-4b89-9497-27d6560ecac2@group-3C2D876152D2-FollowerState] INFO  impl.FollowerState (FollowerState.java:run(143)) - 165decaf-3465-4b89-9497-27d6560ecac2@group-3C2D876152D2-FollowerState: change to CANDIDATE, lastRpcElapsedTime:5022951163ns, electionTimeout:5020ms
2024-02-27 07:45:20,338 [165decaf-3465-4b89-9497-27d6560ecac2@group-3C2D876152D2-FollowerState] INFO  impl.RoleInfo (RoleInfo.java:shutdownFollowerState(110)) - 165decaf-3465-4b89-9497-27d6560ecac2: shutdown 165decaf-3465-4b89-9497-27d6560ecac2@group-3C2D876152D2-FollowerState
2024-02-27 07:45:20,338 [omNode-2-OMStateMachineApplyTransactionThread - 0] INFO  upgrade.OMCancelPrepareRequest (OMCancelPrepareRequest.java:validateAndUpdateCache(82)) - OM omNode-2 prepare state cancelled at log (t:1, i:1). Returning response 
2024-02-27 07:45:20,338 [165decaf-3465-4b89-9497-27d6560ecac2@group-3C2D876152D2-FollowerState] INFO  server.RaftServer$Division (RaftServerImpl.java:setRole(383)) - 165decaf-3465-4b89-9497-27d6560ecac2@group-3C2D876152D2: changes role from  FOLLOWER to CANDIDATE at term 0 for changeToCandidate
2024-02-27 07:45:20,338 [165decaf-3465-4b89-9497-27d6560ecac2@group-3C2D876152D2-FollowerState] INFO  server.RaftServerConfigKeys (ConfUtils.java:logGet(46)) - raft.server.leaderelection.pre-vote = true (default)
2024-02-27 07:45:20,338 [165decaf-3465-4b89-9497-27d6560ecac2@group-3C2D876152D2-FollowerState] INFO  impl.RoleInfo (RoleInfo.java:updateAndGet(139)) - 165decaf-3465-4b89-9497-27d6560ecac2: start 165decaf-3465-4b89-9497-27d6560ecac2@group-3C2D876152D2-LeaderElection38
2024-02-27 07:45:20,340 [165decaf-3465-4b89-9497-27d6560ecac2@group-3C2D876152D2-LeaderElection38] INFO  impl.LeaderElection (LeaderElection.java:askForVotes(321)) - 165decaf-3465-4b89-9497-27d6560ecac2@group-3C2D876152D2-LeaderElection38 PRE_VOTE round 0: submit vote requests at term 0 for -1: peers:[165decaf-3465-4b89-9497-27d6560ecac2|10.1.0.19:15169]|listeners:[], old=null
2024-02-27 07:45:20,340 [165decaf-3465-4b89-9497-27d6560ecac2@group-3C2D876152D2-LeaderElection38] INFO  impl.LeaderElection (LeaderElection.java:askForVotes(323)) - 165decaf-3465-4b89-9497-27d6560ecac2@group-3C2D876152D2-LeaderElection38 PRE_VOTE round 0: result PASSED (term=0)
2024-02-27 07:45:20,340 [main] INFO  rpc.RpcClient (RpcClient.java:createVolume(465)) - Creating Volume: vol, with runner as owner and space quota set to -1 bytes, counts quota set to -1
2024-02-27 07:45:20,349 [165decaf-3465-4b89-9497-27d6560ecac2@group-3C2D876152D2-LeaderElection38] INFO  impl.LeaderElection (LeaderElection.java:askForVotes(321)) - 165decaf-3465-4b89-9497-27d6560ecac2@group-3C2D876152D2-LeaderElection38 ELECTION round 0: submit vote requests at term 1 for -1: peers:[165decaf-3465-4b89-9497-27d6560ecac2|10.1.0.19:15169]|listeners:[], old=null
2024-02-27 07:45:20,350 [165decaf-3465-4b89-9497-27d6560ecac2@group-3C2D876152D2-LeaderElection38] INFO  impl.LeaderElection (LeaderElection.java:askForVotes(323)) - 165decaf-3465-4b89-9497-27d6560ecac2@group-3C2D876152D2-LeaderElection38 ELECTION round 0: result PASSED (term=1)
2024-02-27 07:45:20,350 [165decaf-3465-4b89-9497-27d6560ecac2@group-3C2D876152D2-LeaderElection38] INFO  impl.RoleInfo (RoleInfo.java:shutdownLeaderElection(130)) - 165decaf-3465-4b89-9497-27d6560ecac2: shutdown 165decaf-3465-4b89-9497-27d6560ecac2@group-3C2D876152D2-LeaderElection38
2024-02-27 07:45:20,350 [165decaf-3465-4b89-9497-27d6560ecac2@group-3C2D876152D2-LeaderElection38] INFO  server.RaftServer$Division (RaftServerImpl.java:setRole(383)) - 165decaf-3465-4b89-9497-27d6560ecac2@group-3C2D876152D2: changes role from CANDIDATE to LEADER at term 1 for changeToLeader
2024-02-27 07:45:20,350 [165decaf-3465-4b89-9497-27d6560ecac2@group-3C2D876152D2-LeaderElection38] INFO  server.RaftServerConfigKeys (ConfUtils.java:logGet(46)) - raft.server.staging.catchup.gap = 1000 (default)
2024-02-27 07:45:20,350 [165decaf-3465-4b89-9497-27d6560ecac2@group-3C2D876152D2-LeaderElection38] INFO  server.RaftServerConfigKeys (ConfUtils.java:logGet(46)) - raft.server.write.element-limit = 1024 (custom)
2024-02-27 07:45:20,350 [165decaf-3465-4b89-9497-27d6560ecac2@group-3C2D876152D2-LeaderElection38] INFO  server.RaftServerConfigKeys (ConfUtils.java:logGet(46)) - raft.server.write.byte-limit = 1024 M (=1073741824) (custom)
2024-02-27 07:45:20,350 [165decaf-3465-4b89-9497-27d6560ecac2@group-3C2D876152D2-LeaderElection38] INFO  server.RaftServerConfigKeys (ConfUtils.java:logGet(46)) - raft.server.watch.timeout = 180s (custom)
2024-02-27 07:45:20,350 [165decaf-3465-4b89-9497-27d6560ecac2@group-3C2D876152D2-LeaderElection38] INFO  server.RaftServerConfigKeys (ConfUtils.java:logGet(46)) - raft.server.watch.timeout.denomination = 1s (default)
2024-02-27 07:45:20,350 [165decaf-3465-4b89-9497-27d6560ecac2@group-3C2D876152D2-LeaderElection38] INFO  server.RaftServerConfigKeys (ConfUtils.java:logGet(46)) - raft.server.watch.element-limit = 65536 (default)
2024-02-27 07:45:20,350 [165decaf-3465-4b89-9497-27d6560ecac2@group-3C2D876152D2-LeaderElection38] INFO  server.RaftServerConfigKeys (ConfUtils.java:logGet(46)) - raft.server.read.leader.lease.enabled = false (default)
2024-02-27 07:45:20,350 [165decaf-3465-4b89-9497-27d6560ecac2@group-3C2D876152D2-LeaderElection38] INFO  server.RaftServerConfigKeys (ConfUtils.java:logGet(46)) - raft.server.read.leader.lease.timeout.ratio = 0.9 (default)
2024-02-27 07:45:20,350 [165decaf-3465-4b89-9497-27d6560ecac2@group-3C2D876152D2-LeaderElection38] INFO  server.RaftServerConfigKeys (ConfUtils.java:logGet(46)) - raft.server.rpc.timeout.min = 5s (custom)
2024-02-27 07:45:20,351 [165decaf-3465-4b89-9497-27d6560ecac2@group-3C2D876152D2-LeaderElection38] INFO  server.RaftServerConfigKeys (ConfUtils.java:logGet(46)) - raft.server.write.element-limit = 1024 (custom)
2024-02-27 07:45:20,351 [165decaf-3465-4b89-9497-27d6560ecac2@group-3C2D876152D2-LeaderElection38] INFO  server.RaftServerConfigKeys (ConfUtils.java:logGet(46)) - raft.server.write.follower.gap.ratio.max = -1.0 (default)
2024-02-27 07:45:20,351 [165decaf-3465-4b89-9497-27d6560ecac2@group-3C2D876152D2-LeaderElection38] INFO  impl.RoleInfo (RoleInfo.java:updateAndGet(139)) - 165decaf-3465-4b89-9497-27d6560ecac2: start 165decaf-3465-4b89-9497-27d6560ecac2@group-3C2D876152D2-LeaderStateImpl
2024-02-27 07:45:20,351 [165decaf-3465-4b89-9497-27d6560ecac2@group-3C2D876152D2-LeaderElection38] INFO  server.RaftServer$Division (RaftServerImpl.java:setFirstElection(574)) - 165decaf-3465-4b89-9497-27d6560ecac2@group-3C2D876152D2: set firstElectionSinceStartup to false for becomeLeader
2024-02-27 07:45:20,351 [165decaf-3465-4b89-9497-27d6560ecac2@group-3C2D876152D2-LeaderElection38] INFO  ratis.XceiverServerRatis (XceiverServerRatis.java:handleLeaderChangedNotification(966)) - Leader change notification received for group: group-3C2D876152D2 with new leaderId: 165decaf-3465-4b89-9497-27d6560ecac2
2024-02-27 07:45:20,351 [165decaf-3465-4b89-9497-27d6560ecac2@group-3C2D876152D2-LeaderElection38] INFO  server.RaftServer$Division (ServerState.java:setLeader(269)) - 165decaf-3465-4b89-9497-27d6560ecac2@group-3C2D876152D2: change Leader from null to 165decaf-3465-4b89-9497-27d6560ecac2 at term 1 for becomeLeader, leader elected after 5046ms
2024-02-27 07:45:20,351 [165decaf-3465-4b89-9497-27d6560ecac2@group-3C2D876152D2-LeaderElection38] INFO  segmented.SegmentedRaftLogWorker (SegmentedRaftLogWorker.java:startLogSegment(430)) - 165decaf-3465-4b89-9497-27d6560ecac2@group-3C2D876152D2-SegmentedRaftLogWorker: Starting segment from index:0
2024-02-27 07:45:20,352 [165decaf-3465-4b89-9497-27d6560ecac2@group-3C2D876152D2-SegmentedRaftLogWorker] INFO  segmented.BufferedWriteChannel (BufferedWriteChannel.java:open(62)) - open log_inprogress_0 at position 0
2024-02-27 07:45:20,356 [165decaf-3465-4b89-9497-27d6560ecac2@group-3C2D876152D2-LeaderElection38] INFO  server.RaftServer$Division (ServerState.java:setRaftConf(386)) - 165decaf-3465-4b89-9497-27d6560ecac2@group-3C2D876152D2: set configuration 0: peers:[165decaf-3465-4b89-9497-27d6560ecac2|10.1.0.19:15169]|listeners:[], old=null
2024-02-27 07:45:20,356 [omNode-1-OMStateMachineApplyTransactionThread - 0] INFO  volume.OMVolumeCreateRequest (OMVolumeCreateRequest.java:validateAndUpdateCache(198)) - created volume:vol for user:runner
2024-02-27 07:45:20,359 [165decaf-3465-4b89-9497-27d6560ecac2@group-3C2D876152D2-SegmentedRaftLogWorker] INFO  segmented.SegmentedRaftLogWorker (SegmentedRaftLogWorker.java:execute(634)) - 165decaf-3465-4b89-9497-27d6560ecac2@group-3C2D876152D2-SegmentedRaftLogWorker: created new log segment /home/runner/work/ozone/ozone/hadoop-ozone/integration-test/target/test-dir/MiniOzoneClusterImpl-b00976b7-23bc-4195-b1b8-a51685bf3827/ozone-meta/datanode-3/ratis/cfdf2ef5-aae1-4404-a905-3c2d876152d2/current/log_inprogress_0
2024-02-27 07:45:20,359 [omNode-3-OMStateMachineApplyTransactionThread - 0] INFO  volume.OMVolumeCreateRequest (OMVolumeCreateRequest.java:validateAndUpdateCache(198)) - created volume:vol for user:runner
2024-02-27 07:45:20,359 [omNode-2-OMStateMachineApplyTransactionThread - 0] INFO  volume.OMVolumeCreateRequest (OMVolumeCreateRequest.java:validateAndUpdateCache(198)) - created volume:vol for user:runner
2024-02-27 07:45:20,363 [165decaf-3465-4b89-9497-27d6560ecac2@group-3C2D876152D2-StateMachineUpdater] INFO  server.RaftServer$Division (LeaderStateImpl.java:isApplied(320)) - leader is ready since appliedIndex == 0 >= startIndex == 0
2024-02-27 07:45:20,366 [main] INFO  rpc.RpcClient (RpcClient.java:createVolume(465)) - Creating Volume: volume6381e665-b7f6-4af5-97c4-ff59c5fc0efc, with runner as owner and space quota set to -1 bytes, counts quota set to -1
2024-02-27 07:45:20,373 [omNode-1-OMStateMachineApplyTransactionThread - 0] INFO  volume.OMVolumeCreateRequest (OMVolumeCreateRequest.java:validateAndUpdateCache(198)) - created volume:volume6381e665-b7f6-4af5-97c4-ff59c5fc0efc for user:runner
2024-02-27 07:45:20,374 [omNode-3-OMStateMachineApplyTransactionThread - 0] INFO  volume.OMVolumeCreateRequest (OMVolumeCreateRequest.java:validateAndUpdateCache(198)) - created volume:volume6381e665-b7f6-4af5-97c4-ff59c5fc0efc for user:runner
2024-02-27 07:45:20,375 [main] INFO  rpc.RpcClient (RpcClient.java:createBucket(691)) - Creating Bucket: volume6381e665-b7f6-4af5-97c4-ff59c5fc0efc/bucket, with server-side default bucket layout, runner as owner, Versioning false, Storage Type set to DISK and Encryption set to false, Replication Type set to server-side default replication type, Namespace Quota set to -1, Space Quota set to -1 
2024-02-27 07:45:20,375 [omNode-2-OMStateMachineApplyTransactionThread - 0] INFO  volume.OMVolumeCreateRequest (OMVolumeCreateRequest.java:validateAndUpdateCache(198)) - created volume:volume6381e665-b7f6-4af5-97c4-ff59c5fc0efc for user:runner
2024-02-27 07:45:20,377 [omNode-1-OMStateMachineApplyTransactionThread - 0] INFO  bucket.OMBucketCreateRequest (OMBucketCreateRequest.java:validateAndUpdateCache(292)) - created bucket: bucket of layout OBJECT_STORE in volume: volume6381e665-b7f6-4af5-97c4-ff59c5fc0efc
2024-02-27 07:45:20,377 [omNode-3-OMStateMachineApplyTransactionThread - 0] INFO  bucket.OMBucketCreateRequest (OMBucketCreateRequest.java:validateAndUpdateCache(292)) - created bucket: bucket of layout OBJECT_STORE in volume: volume6381e665-b7f6-4af5-97c4-ff59c5fc0efc
2024-02-27 07:45:20,378 [omNode-2-OMStateMachineApplyTransactionThread - 0] INFO  bucket.OMBucketCreateRequest (OMBucketCreateRequest.java:validateAndUpdateCache(292)) - created bucket: bucket of layout OBJECT_STORE in volume: volume6381e665-b7f6-4af5-97c4-ff59c5fc0efc
2024-02-27 07:45:20,385 [4d28c94a-4d53-4519-b3c9-3a16e9947616@group-19E9F708E6BC-FollowerState] INFO  impl.FollowerState (FollowerState.java:run(143)) - 4d28c94a-4d53-4519-b3c9-3a16e9947616@group-19E9F708E6BC-FollowerState: change to CANDIDATE, lastRpcElapsedTime:5181521905ns, electionTimeout:5181ms
2024-02-27 07:45:20,385 [4d28c94a-4d53-4519-b3c9-3a16e9947616@group-19E9F708E6BC-FollowerState] INFO  impl.RoleInfo (RoleInfo.java:shutdownFollowerState(110)) - 4d28c94a-4d53-4519-b3c9-3a16e9947616: shutdown 4d28c94a-4d53-4519-b3c9-3a16e9947616@group-19E9F708E6BC-FollowerState
2024-02-27 07:45:20,385 [4d28c94a-4d53-4519-b3c9-3a16e9947616@group-19E9F708E6BC-FollowerState] INFO  server.RaftServer$Division (RaftServerImpl.java:setRole(383)) - 4d28c94a-4d53-4519-b3c9-3a16e9947616@group-19E9F708E6BC: changes role from  FOLLOWER to CANDIDATE at term 0 for changeToCandidate
2024-02-27 07:45:20,398 [4d28c94a-4d53-4519-b3c9-3a16e9947616@group-19E9F708E6BC-FollowerState] INFO  server.RaftServerConfigKeys (ConfUtils.java:logGet(46)) - raft.server.leaderelection.pre-vote = true (default)
2024-02-27 07:45:20,399 [4d28c94a-4d53-4519-b3c9-3a16e9947616@group-19E9F708E6BC-FollowerState] INFO  impl.RoleInfo (RoleInfo.java:updateAndGet(139)) - 4d28c94a-4d53-4519-b3c9-3a16e9947616: start 4d28c94a-4d53-4519-b3c9-3a16e9947616@group-19E9F708E6BC-LeaderElection39
2024-02-27 07:45:20,401 [IPC Server handler 79 on default port 15130] INFO  ha.SequenceIdGenerator (SequenceIdGenerator.java:getNextId(145)) - Allocate a batch for containerId, change lastId from 0 to 1000.
2024-02-27 07:45:20,402 [IPC Server handler 79 on default port 15130] WARN  ha.SequenceIdGenerator (SequenceIdGenerator.java:allocateBatch(258)) - Failed to allocate a batch for localId, expected lastId is 0, actual lastId is 113750153625600000.
2024-02-27 07:45:20,402 [IPC Server handler 79 on default port 15130] INFO  ha.SequenceIdGenerator (SequenceIdGenerator.java:getNextId(145)) - Allocate a batch for localId, change lastId from 113750153625600000 to 113750153625601000.
2024-02-27 07:45:20,405 [4d28c94a-4d53-4519-b3c9-3a16e9947616@group-19E9F708E6BC-LeaderElection39] INFO  impl.LeaderElection (LeaderElection.java:askForVotes(321)) - 4d28c94a-4d53-4519-b3c9-3a16e9947616@group-19E9F708E6BC-LeaderElection39 PRE_VOTE round 0: submit vote requests at term 0 for -1: peers:[4d28c94a-4d53-4519-b3c9-3a16e9947616|10.1.0.19:15160]|listeners:[], old=null
2024-02-27 07:45:20,406 [4d28c94a-4d53-4519-b3c9-3a16e9947616@group-19E9F708E6BC-LeaderElection39] INFO  impl.LeaderElection (LeaderElection.java:askForVotes(323)) - 4d28c94a-4d53-4519-b3c9-3a16e9947616@group-19E9F708E6BC-LeaderElection39 PRE_VOTE round 0: result PASSED (term=0)
2024-02-27 07:45:20,408 [4d28c94a-4d53-4519-b3c9-3a16e9947616@group-19E9F708E6BC-LeaderElection39] INFO  impl.LeaderElection (LeaderElection.java:askForVotes(321)) - 4d28c94a-4d53-4519-b3c9-3a16e9947616@group-19E9F708E6BC-LeaderElection39 ELECTION round 0: submit vote requests at term 1 for -1: peers:[4d28c94a-4d53-4519-b3c9-3a16e9947616|10.1.0.19:15160]|listeners:[], old=null
2024-02-27 07:45:20,409 [4d28c94a-4d53-4519-b3c9-3a16e9947616@group-19E9F708E6BC-LeaderElection39] INFO  impl.LeaderElection (LeaderElection.java:askForVotes(323)) - 4d28c94a-4d53-4519-b3c9-3a16e9947616@group-19E9F708E6BC-LeaderElection39 ELECTION round 0: result PASSED (term=1)
2024-02-27 07:45:20,409 [4d28c94a-4d53-4519-b3c9-3a16e9947616@group-19E9F708E6BC-LeaderElection39] INFO  impl.RoleInfo (RoleInfo.java:shutdownLeaderElection(130)) - 4d28c94a-4d53-4519-b3c9-3a16e9947616: shutdown 4d28c94a-4d53-4519-b3c9-3a16e9947616@group-19E9F708E6BC-LeaderElection39
2024-02-27 07:45:20,410 [4d28c94a-4d53-4519-b3c9-3a16e9947616@group-19E9F708E6BC-LeaderElection39] INFO  server.RaftServer$Division (RaftServerImpl.java:setRole(383)) - 4d28c94a-4d53-4519-b3c9-3a16e9947616@group-19E9F708E6BC: changes role from CANDIDATE to LEADER at term 1 for changeToLeader
2024-02-27 07:45:20,410 [4d28c94a-4d53-4519-b3c9-3a16e9947616@group-19E9F708E6BC-LeaderElection39] INFO  server.RaftServerConfigKeys (ConfUtils.java:logGet(46)) - raft.server.staging.catchup.gap = 1000 (default)
2024-02-27 07:45:20,412 [4d28c94a-4d53-4519-b3c9-3a16e9947616@group-19E9F708E6BC-LeaderElection39] INFO  server.RaftServerConfigKeys (ConfUtils.java:logGet(46)) - raft.server.write.element-limit = 1024 (custom)
2024-02-27 07:45:20,412 [4d28c94a-4d53-4519-b3c9-3a16e9947616@group-19E9F708E6BC-LeaderElection39] INFO  server.RaftServerConfigKeys (ConfUtils.java:logGet(46)) - raft.server.write.byte-limit = 1024 M (=1073741824) (custom)
2024-02-27 07:45:20,412 [4d28c94a-4d53-4519-b3c9-3a16e9947616@group-19E9F708E6BC-LeaderElection39] INFO  server.RaftServerConfigKeys (ConfUtils.java:logGet(46)) - raft.server.watch.timeout = 180s (custom)
2024-02-27 07:45:20,412 [4d28c94a-4d53-4519-b3c9-3a16e9947616@group-19E9F708E6BC-LeaderElection39] INFO  server.RaftServerConfigKeys (ConfUtils.java:logGet(46)) - raft.server.watch.timeout.denomination = 1s (default)
2024-02-27 07:45:20,412 [4d28c94a-4d53-4519-b3c9-3a16e9947616@group-19E9F708E6BC-LeaderElection39] INFO  server.RaftServerConfigKeys (ConfUtils.java:logGet(46)) - raft.server.watch.element-limit = 65536 (default)
2024-02-27 07:45:20,412 [4d28c94a-4d53-4519-b3c9-3a16e9947616@group-19E9F708E6BC-LeaderElection39] INFO  server.RaftServerConfigKeys (ConfUtils.java:logGet(46)) - raft.server.read.leader.lease.enabled = false (default)
2024-02-27 07:45:20,413 [4d28c94a-4d53-4519-b3c9-3a16e9947616@group-19E9F708E6BC-LeaderElection39] INFO  server.RaftServerConfigKeys (ConfUtils.java:logGet(46)) - raft.server.read.leader.lease.timeout.ratio = 0.9 (default)
2024-02-27 07:45:20,413 [4d28c94a-4d53-4519-b3c9-3a16e9947616@group-19E9F708E6BC-LeaderElection39] INFO  server.RaftServerConfigKeys (ConfUtils.java:logGet(46)) - raft.server.rpc.timeout.min = 5s (custom)
2024-02-27 07:45:20,413 [4d28c94a-4d53-4519-b3c9-3a16e9947616@group-19E9F708E6BC-LeaderElection39] INFO  server.RaftServerConfigKeys (ConfUtils.java:logGet(46)) - raft.server.write.element-limit = 1024 (custom)
2024-02-27 07:45:20,413 [4d28c94a-4d53-4519-b3c9-3a16e9947616@group-19E9F708E6BC-LeaderElection39] INFO  server.RaftServerConfigKeys (ConfUtils.java:logGet(46)) - raft.server.write.follower.gap.ratio.max = -1.0 (default)
2024-02-27 07:45:20,413 [4d28c94a-4d53-4519-b3c9-3a16e9947616@group-19E9F708E6BC-LeaderElection39] INFO  impl.RoleInfo (RoleInfo.java:updateAndGet(139)) - 4d28c94a-4d53-4519-b3c9-3a16e9947616: start 4d28c94a-4d53-4519-b3c9-3a16e9947616@group-19E9F708E6BC-LeaderStateImpl
2024-02-27 07:45:20,413 [4d28c94a-4d53-4519-b3c9-3a16e9947616@group-19E9F708E6BC-LeaderElection39] INFO  server.RaftServer$Division (RaftServerImpl.java:setFirstElection(574)) - 4d28c94a-4d53-4519-b3c9-3a16e9947616@group-19E9F708E6BC: set firstElectionSinceStartup to false for becomeLeader
2024-02-27 07:45:20,413 [4d28c94a-4d53-4519-b3c9-3a16e9947616@group-19E9F708E6BC-LeaderElection39] INFO  ratis.XceiverServerRatis (XceiverServerRatis.java:handleLeaderChangedNotification(966)) - Leader change notification received for group: group-19E9F708E6BC with new leaderId: 4d28c94a-4d53-4519-b3c9-3a16e9947616
2024-02-27 07:45:20,413 [4d28c94a-4d53-4519-b3c9-3a16e9947616@group-19E9F708E6BC-LeaderElection39] INFO  server.RaftServer$Division (ServerState.java:setLeader(269)) - 4d28c94a-4d53-4519-b3c9-3a16e9947616@group-19E9F708E6BC: change Leader from null to 4d28c94a-4d53-4519-b3c9-3a16e9947616 at term 1 for becomeLeader, leader elected after 5218ms
2024-02-27 07:45:20,413 [4d28c94a-4d53-4519-b3c9-3a16e9947616@group-19E9F708E6BC-LeaderElection39] INFO  segmented.SegmentedRaftLogWorker (SegmentedRaftLogWorker.java:startLogSegment(430)) - 4d28c94a-4d53-4519-b3c9-3a16e9947616@group-19E9F708E6BC-SegmentedRaftLogWorker: Starting segment from index:0
2024-02-27 07:45:20,413 [4d28c94a-4d53-4519-b3c9-3a16e9947616@group-19E9F708E6BC-SegmentedRaftLogWorker] INFO  segmented.BufferedWriteChannel (BufferedWriteChannel.java:open(62)) - open log_inprogress_0 at position 0
2024-02-27 07:45:20,422 [4d28c94a-4d53-4519-b3c9-3a16e9947616@group-19E9F708E6BC-SegmentedRaftLogWorker] INFO  segmented.SegmentedRaftLogWorker (SegmentedRaftLogWorker.java:execute(634)) - 4d28c94a-4d53-4519-b3c9-3a16e9947616@group-19E9F708E6BC-SegmentedRaftLogWorker: created new log segment /home/runner/work/ozone/ozone/hadoop-ozone/integration-test/target/test-dir/MiniOzoneClusterImpl-b00976b7-23bc-4195-b1b8-a51685bf3827/ozone-meta/datanode-2/ratis/a649e33b-7983-4b14-b413-19e9f708e6bc/current/log_inprogress_0
2024-02-27 07:45:20,422 [4d28c94a-4d53-4519-b3c9-3a16e9947616@group-19E9F708E6BC-LeaderElection39] INFO  server.RaftServer$Division (ServerState.java:setRaftConf(386)) - 4d28c94a-4d53-4519-b3c9-3a16e9947616@group-19E9F708E6BC: set configuration 0: peers:[4d28c94a-4d53-4519-b3c9-3a16e9947616|10.1.0.19:15160]|listeners:[], old=null
2024-02-27 07:45:20,425 [4d28c94a-4d53-4519-b3c9-3a16e9947616-client-thread1] INFO  server.RaftServer$Division (LeaderStateImpl.java:isApplied(320)) - leader is ready since appliedIndex == 0 >= startIndex == 0
2024-02-27 07:45:20,673 [omNode-1@group-523986131536-StateMachineUpdater] INFO  ratis.OzoneManagerStateMachine (OzoneManagerStateMachine.java:takeSnapshotImpl(469)) -  applied = (t:1, i:49)
2024-02-27 07:45:20,673 [omNode-1@group-523986131536-StateMachineUpdater] INFO  ratis.OzoneManagerStateMachine (OzoneManagerStateMachine.java:takeSnapshotImpl(470)) -  skipped = 49
2024-02-27 07:45:20,673 [omNode-1@group-523986131536-StateMachineUpdater] INFO  ratis.OzoneManagerStateMachine (OzoneManagerStateMachine.java:takeSnapshotImpl(471)) - notified = (t:1, i:50)
2024-02-27 07:45:20,673 [omNode-1@group-523986131536-StateMachineUpdater] INFO  ratis.OzoneManagerStateMachine (OzoneManagerStateMachine.java:takeSnapshotImpl(472)) - snapshot = (t:1, i:50)
2024-02-27 07:45:20,674 [omNode-3-OMStateMachineApplyTransactionThread - 0] INFO  upgrade.OMPrepareRequest (OMPrepareRequest.java:validateAndUpdateCache(69)) - OM omNode-3 Received prepare request with log (t:1, i:51)
2024-02-27 07:45:20,674 [omNode-2-OMStateMachineApplyTransactionThread - 0] INFO  upgrade.OMPrepareRequest (OMPrepareRequest.java:validateAndUpdateCache(69)) - OM omNode-2 Received prepare request with log (t:1, i:51)
2024-02-27 07:45:20,674 [omNode-3-OMStateMachineApplyTransactionThread - 0] INFO  upgrade.OMPrepareRequest (OMPrepareRequest.java:waitForLogIndex(184)) - omNode-3 waiting for index 51 to flush to OM DB and index 52 to flush to Ratis state machine.
2024-02-27 07:45:20,674 [omNode-2-OMStateMachineApplyTransactionThread - 0] INFO  upgrade.OMPrepareRequest (OMPrepareRequest.java:waitForLogIndex(184)) - omNode-2 waiting for index 51 to flush to OM DB and index 52 to flush to Ratis state machine.
2024-02-27 07:45:20,689 [omNode-1@group-523986131536-StateMachineUpdater] INFO  impl.StateMachineUpdater (StateMachineUpdater.java:takeSnapshot(295)) - omNode-1@group-523986131536-StateMachineUpdater: Took a snapshot at index 50
2024-02-27 07:45:20,689 [omNode-1@group-523986131536-StateMachineUpdater] INFO  impl.StateMachineUpdater (StateMachineUpdater.java:lambda$new$0(98)) - omNode-1@group-523986131536-StateMachineUpdater: snapshotIndex: updateIncreasingly -1 -> 50
2024-02-27 07:45:20,689 [omNode-1@group-523986131536-StateMachineUpdater] INFO  raftlog.RaftLog (RaftLogBase.java:purge(330)) - omNode-1@group-523986131536-SegmentedRaftLog: purge 50
2024-02-27 07:45:20,689 [omNode-1@group-523986131536-StateMachineUpdater] INFO  raftlog.RaftLog (RaftLogBase.java:lambda$new$0(54)) - omNode-1@group-523986131536-SegmentedRaftLog: snapshotIndex: updateIncreasingly -1 -> 50
2024-02-27 07:45:20,689 [omNode-1@group-523986131536-StateMachineUpdater] INFO  raftlog.RaftLog (RaftLogBase.java:lambda$new$0(54)) - omNode-1@group-523986131536-SegmentedRaftLog: purgeIndex: updateToMax old=-1, new=50, updated? true
2024-02-27 07:45:20,690 [omNode-1-OMStateMachineApplyTransactionThread - 0] INFO  upgrade.OMPrepareRequest (OMPrepareRequest.java:validateAndUpdateCache(69)) - OM omNode-1 Received prepare request with log (t:1, i:51)
2024-02-27 07:45:20,690 [omNode-1-OMStateMachineApplyTransactionThread - 0] INFO  upgrade.OMPrepareRequest (OMPrepareRequest.java:waitForLogIndex(184)) - omNode-1 waiting for index 51 to flush to OM DB and index 52 to flush to Ratis state machine.
2024-02-27 07:45:25,286 [af24d6c8-12f8-4751-8a80-28c60b0258e3@group-0F56344FBE05-FollowerState] INFO  impl.FollowerState (FollowerState.java:shouldRun(117)) - af24d6c8-12f8-4751-8a80-28c60b0258e3@group-0F56344FBE05-FollowerState: Stopping now (isRunning? false, role = FOLLOWER)
2024-02-27 07:45:25,690 [omNode-1-OMStateMachineApplyTransactionThread - 0] INFO  ratis.OzoneManagerStateMachine (OzoneManagerStateMachine.java:takeSnapshotImpl(469)) -  applied = (t:1, i:51)
2024-02-27 07:45:25,690 [omNode-1-OMStateMachineApplyTransactionThread - 0] INFO  ratis.OzoneManagerStateMachine (OzoneManagerStateMachine.java:takeSnapshotImpl(470)) -  skipped = 51
2024-02-27 07:45:25,690 [omNode-1-OMStateMachineApplyTransactionThread - 0] INFO  ratis.OzoneManagerStateMachine (OzoneManagerStateMachine.java:takeSnapshotImpl(471)) - notified = (t:1, i:52)
2024-02-27 07:45:25,690 [omNode-1-OMStateMachineApplyTransactionThread - 0] INFO  ratis.OzoneManagerStateMachine (OzoneManagerStateMachine.java:takeSnapshotImpl(472)) - snapshot = (t:1, i:52)
2024-02-27 07:45:25,694 [omNode-1-OMStateMachineApplyTransactionThread - 0] INFO  upgrade.OMPrepareRequest (OMPrepareRequest.java:takeSnapshotAndPurgeLogs(238)) - takeSnapshot at 52 for prepareIndex 52
2024-02-27 07:45:25,694 [omNode-1-OMStateMachineApplyTransactionThread - 0] INFO  raftlog.RaftLog (RaftLogBase.java:lambda$new$0(54)) - omNode-1@group-523986131536-SegmentedRaftLog: snapshotIndex: updateIncreasingly 50 -> 52
2024-02-27 07:45:25,694 [omNode-1-OMStateMachineApplyTransactionThread - 0] INFO  segmented.SegmentedRaftLogWorker (SegmentedRaftLogWorker.java:lambda$new$0(134)) - omNode-1@group-523986131536-SegmentedRaftLogWorker: safeCacheEvictIndex: setUnconditionally -1 -> 52
2024-02-27 07:45:25,694 [omNode-1-OMStateMachineApplyTransactionThread - 0] INFO  segmented.SegmentedRaftLogWorker (SegmentedRaftLogWorker.java:closeLogSegment(451)) - omNode-1@group-523986131536-SegmentedRaftLogWorker: Closing segment log_inprogress_0 to index: 52
2024-02-27 07:45:25,695 [omNode-1@group-523986131536-SegmentedRaftLogWorker] INFO  segmented.SegmentedRaftLogWorker (SegmentedRaftLogWorker.java:execute(591)) - omNode-1@group-523986131536-SegmentedRaftLogWorker: Rolled log segment from /home/runner/work/ozone/ozone/hadoop-ozone/integration-test/target/test-dir/MiniOzoneClusterImpl-b00976b7-23bc-4195-b1b8-a51685bf3827/omNode-1/ratis/c9bc4cf4-3bc3-3c60-a66b-523986131536/current/log_inprogress_0 to /home/runner/work/ozone/ozone/hadoop-ozone/integration-test/target/test-dir/MiniOzoneClusterImpl-b00976b7-23bc-4195-b1b8-a51685bf3827/omNode-1/ratis/c9bc4cf4-3bc3-3c60-a66b-523986131536/current/log_0-52
2024-02-27 07:45:25,695 [omNode-1-OMStateMachineApplyTransactionThread - 0] INFO  om.OzoneManagerPrepareState (OzoneManagerPrepareState.java:writePrepareMarkerFile(262)) - Prepare marker file written with log index 51 to file /home/runner/work/ozone/ozone/hadoop-ozone/integration-test/target/test-dir/MiniOzoneClusterImpl-b00976b7-23bc-4195-b1b8-a51685bf3827/omNode-1/current/prepareMarker
2024-02-27 07:45:25,695 [omNode-1-OMStateMachineApplyTransactionThread - 0] INFO  upgrade.OMPrepareRequest (OMPrepareRequest.java:validateAndUpdateCache(122)) - OM omNode-1 prepared at log index 51. Returning response txnID: 51
 with log index 51
2024-02-27 07:45:25,696 [main] INFO  om.TestOzoneManagerPrepare (TestOzoneManagerPrepare.java:lambda$assertClusterPrepared$6(474)) - omNode-3 has prepare status: NOT_PREPARED prepare index: -1.
2024-02-27 07:45:26,696 [main] INFO  om.TestOzoneManagerPrepare (TestOzoneManagerPrepare.java:lambda$assertClusterPrepared$6(474)) - omNode-3 has prepare status: NOT_PREPARED prepare index: -1.
2024-02-27 07:45:27,696 [main] INFO  om.TestOzoneManagerPrepare (TestOzoneManagerPrepare.java:lambda$assertClusterPrepared$6(474)) - omNode-3 has prepare status: NOT_PREPARED prepare index: -1.
2024-02-27 07:45:28,697 [main] INFO  om.TestOzoneManagerPrepare (TestOzoneManagerPrepare.java:lambda$assertClusterPrepared$6(474)) - omNode-3 has prepare status: NOT_PREPARED prepare index: -1.
2024-02-27 07:45:29,697 [main] INFO  om.TestOzoneManagerPrepare (TestOzoneManagerPrepare.java:lambda$assertClusterPrepared$6(474)) - omNode-3 has prepare status: NOT_PREPARED prepare index: -1.
2024-02-27 07:45:30,697 [main] INFO  om.TestOzoneManagerPrepare (TestOzoneManagerPrepare.java:lambda$assertClusterPrepared$6(474)) - omNode-3 has prepare status: NOT_PREPARED prepare index: -1.
2024-02-27 07:45:31,698 [main] INFO  om.TestOzoneManagerPrepare (TestOzoneManagerPrepare.java:lambda$assertClusterPrepared$6(474)) - omNode-3 has prepare status: NOT_PREPARED prepare index: -1.
2024-02-27 07:45:32,698 [main] INFO  om.TestOzoneManagerPrepare (TestOzoneManagerPrepare.java:lambda$assertClusterPrepared$6(474)) - omNode-3 has prepare status: NOT_PREPARED prepare index: -1.
2024-02-27 07:45:33,698 [main] INFO  om.TestOzoneManagerPrepare (TestOzoneManagerPrepare.java:lambda$assertClusterPrepared$6(474)) - omNode-3 has prepare status: NOT_PREPARED prepare index: -1.
2024-02-27 07:45:34,699 [main] INFO  om.TestOzoneManagerPrepare (TestOzoneManagerPrepare.java:lambda$assertClusterPrepared$6(474)) - omNode-3 has prepare status: NOT_PREPARED prepare index: -1.
2024-02-27 07:45:35,699 [main] INFO  om.TestOzoneManagerPrepare (TestOzoneManagerPrepare.java:lambda$assertClusterPrepared$6(474)) - omNode-3 has prepare status: NOT_PREPARED prepare index: -1.
2024-02-27 07:45:36,699 [main] INFO  om.TestOzoneManagerPrepare (TestOzoneManagerPrepare.java:lambda$assertClusterPrepared$6(474)) - omNode-3 has prepare status: NOT_PREPARED prepare index: -1.
2024-02-27 07:45:37,699 [main] INFO  om.TestOzoneManagerPrepare (TestOzoneManagerPrepare.java:lambda$assertClusterPrepared$6(474)) - omNode-3 has prepare status: NOT_PREPARED prepare index: -1.
2024-02-27 07:45:38,700 [main] INFO  om.TestOzoneManagerPrepare (TestOzoneManagerPrepare.java:lambda$assertClusterPrepared$6(474)) - omNode-3 has prepare status: NOT_PREPARED prepare index: -1.
2024-02-27 07:45:39,700 [main] INFO  om.TestOzoneManagerPrepare (TestOzoneManagerPrepare.java:lambda$assertClusterPrepared$6(474)) - omNode-3 has prepare status: NOT_PREPARED prepare index: -1.
2024-02-27 07:45:40,700 [main] INFO  om.TestOzoneManagerPrepare (TestOzoneManagerPrepare.java:lambda$assertClusterPrepared$6(474)) - omNode-3 has prepare status: NOT_PREPARED prepare index: -1.
2024-02-27 07:45:41,701 [main] INFO  om.TestOzoneManagerPrepare (TestOzoneManagerPrepare.java:lambda$assertClusterPrepared$6(474)) - omNode-3 has prepare status: NOT_PREPARED prepare index: -1.
2024-02-27 07:45:42,701 [main] INFO  om.TestOzoneManagerPrepare (TestOzoneManagerPrepare.java:lambda$assertClusterPrepared$6(474)) - omNode-3 has prepare status: NOT_PREPARED prepare index: -1.
2024-02-27 07:45:43,701 [main] INFO  om.TestOzoneManagerPrepare (TestOzoneManagerPrepare.java:lambda$assertClusterPrepared$6(474)) - omNode-3 has prepare status: NOT_PREPARED prepare index: -1.
2024-02-27 07:45:44,702 [main] INFO  om.TestOzoneManagerPrepare (TestOzoneManagerPrepare.java:lambda$assertClusterPrepared$6(474)) - omNode-3 has prepare status: NOT_PREPARED prepare index: -1.
2024-02-27 07:45:45,702 [main] INFO  om.TestOzoneManagerPrepare (TestOzoneManagerPrepare.java:lambda$assertClusterPrepared$6(474)) - omNode-3 has prepare status: NOT_PREPARED prepare index: -1.
2024-02-27 07:45:46,702 [main] INFO  om.TestOzoneManagerPrepare (TestOzoneManagerPrepare.java:lambda$assertClusterPrepared$6(474)) - omNode-3 has prepare status: NOT_PREPARED prepare index: -1.
2024-02-27 07:45:47,703 [main] INFO  om.TestOzoneManagerPrepare (TestOzoneManagerPrepare.java:lambda$assertClusterPrepared$6(474)) - omNode-3 has prepare status: NOT_PREPARED prepare index: -1.
2024-02-27 07:45:48,703 [main] INFO  om.TestOzoneManagerPrepare (TestOzoneManagerPrepare.java:lambda$assertClusterPrepared$6(474)) - omNode-3 has prepare status: NOT_PREPARED prepare index: -1.
2024-02-27 07:45:49,703 [main] INFO  om.TestOzoneManagerPrepare (TestOzoneManagerPrepare.java:lambda$assertClusterPrepared$6(474)) - omNode-3 has prepare status: NOT_PREPARED prepare index: -1.
2024-02-27 07:45:50,704 [main] INFO  om.TestOzoneManagerPrepare (TestOzoneManagerPrepare.java:lambda$assertClusterPrepared$6(474)) - omNode-3 has prepare status: NOT_PREPARED prepare index: -1.
2024-02-27 07:45:51,704 [main] INFO  om.TestOzoneManagerPrepare (TestOzoneManagerPrepare.java:lambda$assertClusterPrepared$6(474)) - omNode-3 has prepare status: NOT_PREPARED prepare index: -1.
2024-02-27 07:45:52,704 [main] INFO  om.TestOzoneManagerPrepare (TestOzoneManagerPrepare.java:lambda$assertClusterPrepared$6(474)) - omNode-3 has prepare status: NOT_PREPARED prepare index: -1.
2024-02-27 07:45:53,704 [main] INFO  om.TestOzoneManagerPrepare (TestOzoneManagerPrepare.java:lambda$assertClusterPrepared$6(474)) - omNode-3 has prepare status: NOT_PREPARED prepare index: -1.
2024-02-27 07:45:54,705 [main] INFO  om.TestOzoneManagerPrepare (TestOzoneManagerPrepare.java:lambda$assertClusterPrepared$6(474)) - omNode-3 has prepare status: NOT_PREPARED prepare index: -1.
2024-02-27 07:45:55,705 [main] INFO  om.TestOzoneManagerPrepare (TestOzoneManagerPrepare.java:lambda$assertClusterPrepared$6(474)) - omNode-3 has prepare status: NOT_PREPARED prepare index: -1.
2024-02-27 07:45:56,705 [main] INFO  om.TestOzoneManagerPrepare (TestOzoneManagerPrepare.java:lambda$assertClusterPrepared$6(474)) - omNode-3 has prepare status: NOT_PREPARED prepare index: -1.
2024-02-27 07:45:57,706 [main] INFO  om.TestOzoneManagerPrepare (TestOzoneManagerPrepare.java:lambda$assertClusterPrepared$6(474)) - omNode-3 has prepare status: NOT_PREPARED prepare index: -1.
2024-02-27 07:45:58,706 [main] INFO  om.TestOzoneManagerPrepare (TestOzoneManagerPrepare.java:lambda$assertClusterPrepared$6(474)) - omNode-3 has prepare status: NOT_PREPARED prepare index: -1.
2024-02-27 07:45:59,706 [main] INFO  om.TestOzoneManagerPrepare (TestOzoneManagerPrepare.java:lambda$assertClusterPrepared$6(474)) - omNode-3 has prepare status: NOT_PREPARED prepare index: -1.
2024-02-27 07:46:00,707 [main] INFO  om.TestOzoneManagerPrepare (TestOzoneManagerPrepare.java:lambda$assertClusterPrepared$6(474)) - omNode-3 has prepare status: NOT_PREPARED prepare index: -1.
2024-02-27 07:46:01,707 [main] INFO  om.TestOzoneManagerPrepare (TestOzoneManagerPrepare.java:lambda$assertClusterPrepared$6(474)) - omNode-3 has prepare status: NOT_PREPARED prepare index: -1.
2024-02-27 07:46:02,707 [main] INFO  om.TestOzoneManagerPrepare (TestOzoneManagerPrepare.java:lambda$assertClusterPrepared$6(474)) - omNode-3 has prepare status: NOT_PREPARED prepare index: -1.
2024-02-27 07:46:03,708 [main] INFO  om.TestOzoneManagerPrepare (TestOzoneManagerPrepare.java:lambda$assertClusterPrepared$6(474)) - omNode-3 has prepare status: NOT_PREPARED prepare index: -1.
2024-02-27 07:46:04,708 [main] INFO  om.TestOzoneManagerPrepare (TestOzoneManagerPrepare.java:lambda$assertClusterPrepared$6(474)) - omNode-3 has prepare status: NOT_PREPARED prepare index: -1.
2024-02-27 07:46:05,708 [main] INFO  om.TestOzoneManagerPrepare (TestOzoneManagerPrepare.java:lambda$assertClusterPrepared$6(474)) - omNode-3 has prepare status: NOT_PREPARED prepare index: -1.
2024-02-27 07:46:06,708 [main] INFO  om.TestOzoneManagerPrepare (TestOzoneManagerPrepare.java:lambda$assertClusterPrepared$6(474)) - omNode-3 has prepare status: NOT_PREPARED prepare index: -1.
2024-02-27 07:46:07,709 [main] INFO  om.TestOzoneManagerPrepare (TestOzoneManagerPrepare.java:lambda$assertClusterPrepared$6(474)) - omNode-3 has prepare status: NOT_PREPARED prepare index: -1.
2024-02-27 07:46:08,709 [main] INFO  om.TestOzoneManagerPrepare (TestOzoneManagerPrepare.java:lambda$assertClusterPrepared$6(474)) - omNode-3 has prepare status: NOT_PREPARED prepare index: -1.
2024-02-27 07:46:09,709 [main] INFO  om.TestOzoneManagerPrepare (TestOzoneManagerPrepare.java:lambda$assertClusterPrepared$6(474)) - omNode-3 has prepare status: NOT_PREPARED prepare index: -1.
2024-02-27 07:46:10,056 [af24d6c8-12f8-4751-8a80-28c60b0258e3-BlockDeletingService#0] INFO  interfaces.ContainerDeletionChoosingPolicyTemplate (ContainerDeletionChoosingPolicyTemplate.java:chooseContainerForBlockDeletion(85)) - Chosen 0/5000 blocks from 0 candidate containers.
2024-02-27 07:46:10,227 [4d28c94a-4d53-4519-b3c9-3a16e9947616-BlockDeletingService#0] INFO  interfaces.ContainerDeletionChoosingPolicyTemplate (ContainerDeletionChoosingPolicyTemplate.java:chooseContainerForBlockDeletion(85)) - Chosen 0/5000 blocks from 0 candidate containers.
2024-02-27 07:46:10,341 [165decaf-3465-4b89-9497-27d6560ecac2-BlockDeletingService#0] INFO  interfaces.ContainerDeletionChoosingPolicyTemplate (ContainerDeletionChoosingPolicyTemplate.java:chooseContainerForBlockDeletion(85)) - Chosen 0/5000 blocks from 0 candidate containers.
2024-02-27 07:46:10,710 [main] INFO  om.TestOzoneManagerPrepare (TestOzoneManagerPrepare.java:lambda$assertClusterPrepared$6(474)) - omNode-3 has prepare status: NOT_PREPARED prepare index: -1.
2024-02-27 07:46:11,710 [main] INFO  om.TestOzoneManagerPrepare (TestOzoneManagerPrepare.java:lambda$assertClusterPrepared$6(474)) - omNode-3 has prepare status: NOT_PREPARED prepare index: -1.
2024-02-27 07:46:12,710 [main] INFO  om.TestOzoneManagerPrepare (TestOzoneManagerPrepare.java:lambda$assertClusterPrepared$6(474)) - omNode-3 has prepare status: NOT_PREPARED prepare index: -1.
2024-02-27 07:46:13,711 [main] INFO  om.TestOzoneManagerPrepare (TestOzoneManagerPrepare.java:lambda$assertClusterPrepared$6(474)) - omNode-3 has prepare status: NOT_PREPARED prepare index: -1.
2024-02-27 07:46:14,711 [main] INFO  om.TestOzoneManagerPrepare (TestOzoneManagerPrepare.java:lambda$assertClusterPrepared$6(474)) - omNode-3 has prepare status: NOT_PREPARED prepare index: -1.
2024-02-27 07:46:15,711 [main] INFO  om.TestOzoneManagerPrepare (TestOzoneManagerPrepare.java:lambda$assertClusterPrepared$6(474)) - omNode-3 has prepare status: NOT_PREPARED prepare index: -1.
2024-02-27 07:46:16,712 [main] INFO  om.TestOzoneManagerPrepare (TestOzoneManagerPrepare.java:lambda$assertClusterPrepared$6(474)) - omNode-3 has prepare status: NOT_PREPARED prepare index: -1.
2024-02-27 07:46:17,712 [main] INFO  om.TestOzoneManagerPrepare (TestOzoneManagerPrepare.java:lambda$assertClusterPrepared$6(474)) - omNode-3 has prepare status: NOT_PREPARED prepare index: -1.
2024-02-27 07:46:18,712 [main] INFO  om.TestOzoneManagerPrepare (TestOzoneManagerPrepare.java:lambda$assertClusterPrepared$6(474)) - omNode-3 has prepare status: NOT_PREPARED prepare index: -1.
2024-02-27 07:46:19,713 [main] INFO  om.TestOzoneManagerPrepare (TestOzoneManagerPrepare.java:lambda$assertClusterPrepared$6(474)) - omNode-3 has prepare status: NOT_PREPARED prepare index: -1.
2024-02-27 07:46:20,713 [main] INFO  om.TestOzoneManagerPrepare (TestOzoneManagerPrepare.java:lambda$assertClusterPrepared$6(474)) - omNode-3 has prepare status: NOT_PREPARED prepare index: -1.
2024-02-27 07:46:21,713 [main] INFO  om.TestOzoneManagerPrepare (TestOzoneManagerPrepare.java:lambda$assertClusterPrepared$6(474)) - omNode-3 has prepare status: NOT_PREPARED prepare index: -1.
2024-02-27 07:46:22,713 [main] INFO  om.TestOzoneManagerPrepare (TestOzoneManagerPrepare.java:lambda$assertClusterPrepared$6(474)) - omNode-3 has prepare status: NOT_PREPARED prepare index: -1.
2024-02-27 07:46:23,714 [main] INFO  om.TestOzoneManagerPrepare (TestOzoneManagerPrepare.java:lambda$assertClusterPrepared$6(474)) - omNode-3 has prepare status: NOT_PREPARED prepare index: -1.
2024-02-27 07:46:24,714 [main] INFO  om.TestOzoneManagerPrepare (TestOzoneManagerPrepare.java:lambda$assertClusterPrepared$6(474)) - omNode-3 has prepare status: NOT_PREPARED prepare index: -1.
2024-02-27 07:46:25,714 [main] INFO  om.TestOzoneManagerPrepare (TestOzoneManagerPrepare.java:lambda$assertClusterPrepared$6(474)) - omNode-3 has prepare status: NOT_PREPARED prepare index: -1.
2024-02-27 07:46:26,715 [main] INFO  om.TestOzoneManagerPrepare (TestOzoneManagerPrepare.java:lambda$assertClusterPrepared$6(474)) - omNode-3 has prepare status: NOT_PREPARED prepare index: -1.
2024-02-27 07:46:27,715 [main] INFO  om.TestOzoneManagerPrepare (TestOzoneManagerPrepare.java:lambda$assertClusterPrepared$6(474)) - omNode-3 has prepare status: NOT_PREPARED prepare index: -1.
2024-02-27 07:46:28,715 [main] INFO  om.TestOzoneManagerPrepare (TestOzoneManagerPrepare.java:lambda$assertClusterPrepared$6(474)) - omNode-3 has prepare status: NOT_PREPARED prepare index: -1.
2024-02-27 07:46:29,716 [main] INFO  om.TestOzoneManagerPrepare (TestOzoneManagerPrepare.java:lambda$assertClusterPrepared$6(474)) - omNode-3 has prepare status: NOT_PREPARED prepare index: -1.
2024-02-27 07:46:30,716 [main] INFO  om.TestOzoneManagerPrepare (TestOzoneManagerPrepare.java:lambda$assertClusterPrepared$6(474)) - omNode-3 has prepare status: NOT_PREPARED prepare index: -1.
2024-02-27 07:46:31,716 [main] INFO  om.TestOzoneManagerPrepare (TestOzoneManagerPrepare.java:lambda$assertClusterPrepared$6(474)) - omNode-3 has prepare status: NOT_PREPARED prepare index: -1.
2024-02-27 07:46:32,717 [main] INFO  om.TestOzoneManagerPrepare (TestOzoneManagerPrepare.java:lambda$assertClusterPrepared$6(474)) - omNode-3 has prepare status: NOT_PREPARED prepare index: -1.
2024-02-27 07:46:33,717 [main] INFO  om.TestOzoneManagerPrepare (TestOzoneManagerPrepare.java:lambda$assertClusterPrepared$6(474)) - omNode-3 has prepare status: NOT_PREPARED prepare index: -1.
2024-02-27 07:46:34,717 [main] INFO  om.TestOzoneManagerPrepare (TestOzoneManagerPrepare.java:lambda$assertClusterPrepared$6(474)) - omNode-3 has prepare status: NOT_PREPARED prepare index: -1.
2024-02-27 07:46:35,717 [main] INFO  om.TestOzoneManagerPrepare (TestOzoneManagerPrepare.java:lambda$assertClusterPrepared$6(474)) - omNode-3 has prepare status: NOT_PREPARED prepare index: -1.
2024-02-27 07:46:36,718 [main] INFO  om.TestOzoneManagerPrepare (TestOzoneManagerPrepare.java:lambda$assertClusterPrepared$6(474)) - omNode-3 has prepare status: NOT_PREPARED prepare index: -1.
2024-02-27 07:46:37,718 [main] INFO  om.TestOzoneManagerPrepare (TestOzoneManagerPrepare.java:lambda$assertClusterPrepared$6(474)) - omNode-3 has prepare status: NOT_PREPARED prepare index: -1.
2024-02-27 07:46:38,718 [main] INFO  om.TestOzoneManagerPrepare (TestOzoneManagerPrepare.java:lambda$assertClusterPrepared$6(474)) - omNode-3 has prepare status: NOT_PREPARED prepare index: -1.
2024-02-27 07:46:39,719 [main] INFO  om.TestOzoneManagerPrepare (TestOzoneManagerPrepare.java:lambda$assertClusterPrepared$6(474)) - omNode-3 has prepare status: NOT_PREPARED prepare index: -1.
2024-02-27 07:46:40,719 [main] INFO  om.TestOzoneManagerPrepare (TestOzoneManagerPrepare.java:lambda$assertClusterPrepared$6(474)) - omNode-3 has prepare status: NOT_PREPARED prepare index: -1.
2024-02-27 07:46:41,719 [main] INFO  om.TestOzoneManagerPrepare (TestOzoneManagerPrepare.java:lambda$assertClusterPrepared$6(474)) - omNode-3 has prepare status: NOT_PREPARED prepare index: -1.
2024-02-27 07:46:42,720 [main] INFO  om.TestOzoneManagerPrepare (TestOzoneManagerPrepare.java:lambda$assertClusterPrepared$6(474)) - omNode-3 has prepare status: NOT_PREPARED prepare index: -1.
2024-02-27 07:46:43,720 [main] INFO  om.TestOzoneManagerPrepare (TestOzoneManagerPrepare.java:lambda$assertClusterPrepared$6(474)) - omNode-3 has prepare status: NOT_PREPARED prepare index: -1.
2024-02-27 07:46:44,720 [main] INFO  om.TestOzoneManagerPrepare (TestOzoneManagerPrepare.java:lambda$assertClusterPrepared$6(474)) - omNode-3 has prepare status: NOT_PREPARED prepare index: -1.
2024-02-27 07:46:45,721 [main] INFO  om.TestOzoneManagerPrepare (TestOzoneManagerPrepare.java:lambda$assertClusterPrepared$6(474)) - omNode-3 has prepare status: NOT_PREPARED prepare index: -1.
2024-02-27 07:46:46,721 [main] INFO  om.TestOzoneManagerPrepare (TestOzoneManagerPrepare.java:lambda$assertClusterPrepared$6(474)) - omNode-3 has prepare status: NOT_PREPARED prepare index: -1.
2024-02-27 07:46:47,721 [main] INFO  om.TestOzoneManagerPrepare (TestOzoneManagerPrepare.java:lambda$assertClusterPrepared$6(474)) - omNode-3 has prepare status: NOT_PREPARED prepare index: -1.
2024-02-27 07:46:48,721 [main] INFO  om.TestOzoneManagerPrepare (TestOzoneManagerPrepare.java:lambda$assertClusterPrepared$6(474)) - omNode-3 has prepare status: NOT_PREPARED prepare index: -1.
2024-02-27 07:46:49,722 [main] INFO  om.TestOzoneManagerPrepare (TestOzoneManagerPrepare.java:lambda$assertClusterPrepared$6(474)) - omNode-3 has prepare status: NOT_PREPARED prepare index: -1.
2024-02-27 07:46:50,722 [main] INFO  om.TestOzoneManagerPrepare (TestOzoneManagerPrepare.java:lambda$assertClusterPrepared$6(474)) - omNode-3 has prepare status: NOT_PREPARED prepare index: -1.
2024-02-27 07:46:51,723 [main] INFO  om.TestOzoneManagerPrepare (TestOzoneManagerPrepare.java:lambda$assertClusterPrepared$6(474)) - omNode-3 has prepare status: NOT_PREPARED prepare index: -1.
2024-02-27 07:46:52,723 [main] INFO  om.TestOzoneManagerPrepare (TestOzoneManagerPrepare.java:lambda$assertClusterPrepared$6(474)) - omNode-3 has prepare status: NOT_PREPARED prepare index: -1.
2024-02-27 07:46:53,723 [main] INFO  om.TestOzoneManagerPrepare (TestOzoneManagerPrepare.java:lambda$assertClusterPrepared$6(474)) - omNode-3 has prepare status: NOT_PREPARED prepare index: -1.
2024-02-27 07:46:54,724 [main] INFO  om.TestOzoneManagerPrepare (TestOzoneManagerPrepare.java:lambda$assertClusterPrepared$6(474)) - omNode-3 has prepare status: NOT_PREPARED prepare index: -1.
2024-02-27 07:46:55,724 [main] INFO  om.TestOzoneManagerPrepare (TestOzoneManagerPrepare.java:lambda$assertClusterPrepared$6(474)) - omNode-3 has prepare status: NOT_PREPARED prepare index: -1.
2024-02-27 07:46:56,724 [main] INFO  om.TestOzoneManagerPrepare (TestOzoneManagerPrepare.java:lambda$assertClusterPrepared$6(474)) - omNode-3 has prepare status: NOT_PREPARED prepare index: -1.
2024-02-27 07:46:57,724 [main] INFO  om.TestOzoneManagerPrepare (TestOzoneManagerPrepare.java:lambda$assertClusterPrepared$6(474)) - omNode-3 has prepare status: NOT_PREPARED prepare index: -1.
2024-02-27 07:46:58,725 [main] INFO  om.TestOzoneManagerPrepare (TestOzoneManagerPrepare.java:lambda$assertClusterPrepared$6(474)) - omNode-3 has prepare status: NOT_PREPARED prepare index: -1.
2024-02-27 07:46:59,725 [main] INFO  om.TestOzoneManagerPrepare (TestOzoneManagerPrepare.java:lambda$assertClusterPrepared$6(474)) - omNode-3 has prepare status: NOT_PREPARED prepare index: -1.
2024-02-27 07:47:00,725 [main] INFO  om.TestOzoneManagerPrepare (TestOzoneManagerPrepare.java:lambda$assertClusterPrepared$6(474)) - omNode-3 has prepare status: NOT_PREPARED prepare index: -1.
2024-02-27 07:47:01,726 [main] INFO  om.TestOzoneManagerPrepare (TestOzoneManagerPrepare.java:lambda$assertClusterPrepared$6(474)) - omNode-3 has prepare status: NOT_PREPARED prepare index: -1.
2024-02-27 07:47:02,726 [main] INFO  om.TestOzoneManagerPrepare (TestOzoneManagerPrepare.java:lambda$assertClusterPrepared$6(474)) - omNode-3 has prepare status: NOT_PREPARED prepare index: -1.
2024-02-27 07:47:03,726 [main] INFO  om.TestOzoneManagerPrepare (TestOzoneManagerPrepare.java:lambda$assertClusterPrepared$6(474)) - omNode-3 has prepare status: NOT_PREPARED prepare index: -1.
2024-02-27 07:47:04,727 [main] INFO  om.TestOzoneManagerPrepare (TestOzoneManagerPrepare.java:lambda$assertClusterPrepared$6(474)) - omNode-3 has prepare status: NOT_PREPARED prepare index: -1.
2024-02-27 07:47:05,727 [main] INFO  om.TestOzoneManagerPrepare (TestOzoneManagerPrepare.java:lambda$assertClusterPrepared$6(474)) - omNode-3 has prepare status: NOT_PREPARED prepare index: -1.
2024-02-27 07:47:06,727 [main] INFO  om.TestOzoneManagerPrepare (TestOzoneManagerPrepare.java:lambda$assertClusterPrepared$6(474)) - omNode-3 has prepare status: NOT_PREPARED prepare index: -1.
2024-02-27 07:47:07,728 [main] INFO  om.TestOzoneManagerPrepare (TestOzoneManagerPrepare.java:lambda$assertClusterPrepared$6(474)) - omNode-3 has prepare status: NOT_PREPARED prepare index: -1.
2024-02-27 07:47:08,728 [main] INFO  om.TestOzoneManagerPrepare (TestOzoneManagerPrepare.java:lambda$assertClusterPrepared$6(474)) - omNode-3 has prepare status: NOT_PREPARED prepare index: -1.
2024-02-27 07:47:09,728 [main] INFO  om.TestOzoneManagerPrepare (TestOzoneManagerPrepare.java:lambda$assertClusterPrepared$6(474)) - omNode-3 has prepare status: NOT_PREPARED prepare index: -1.
2024-02-27 07:47:10,058 [af24d6c8-12f8-4751-8a80-28c60b0258e3-BlockDeletingService#1] INFO  interfaces.ContainerDeletionChoosingPolicyTemplate (ContainerDeletionChoosingPolicyTemplate.java:chooseContainerForBlockDeletion(85)) - Chosen 0/5000 blocks from 0 candidate containers.
2024-02-27 07:47:10,229 [4d28c94a-4d53-4519-b3c9-3a16e9947616-BlockDeletingService#1] INFO  interfaces.ContainerDeletionChoosingPolicyTemplate (ContainerDeletionChoosingPolicyTemplate.java:chooseContainerForBlockDeletion(85)) - Chosen 0/5000 blocks from 0 candidate containers.
2024-02-27 07:47:10,343 [165decaf-3465-4b89-9497-27d6560ecac2-BlockDeletingService#1] INFO  interfaces.ContainerDeletionChoosingPolicyTemplate (ContainerDeletionChoosingPolicyTemplate.java:chooseContainerForBlockDeletion(85)) - Chosen 0/5000 blocks from 0 candidate containers.
2024-02-27 07:47:10,728 [main] INFO  om.TestOzoneManagerPrepare (TestOzoneManagerPrepare.java:lambda$assertClusterPrepared$6(474)) - omNode-3 has prepare status: NOT_PREPARED prepare index: -1.
2024-02-27 07:47:11,729 [main] INFO  om.TestOzoneManagerPrepare (TestOzoneManagerPrepare.java:lambda$assertClusterPrepared$6(474)) - omNode-3 has prepare status: NOT_PREPARED prepare index: -1.
2024-02-27 07:47:12,729 [main] INFO  om.TestOzoneManagerPrepare (TestOzoneManagerPrepare.java:lambda$assertClusterPrepared$6(474)) - omNode-3 has prepare status: NOT_PREPARED prepare index: -1.
2024-02-27 07:47:13,729 [main] INFO  om.TestOzoneManagerPrepare (TestOzoneManagerPrepare.java:lambda$assertClusterPrepared$6(474)) - omNode-3 has prepare status: NOT_PREPARED prepare index: -1.
2024-02-27 07:47:14,730 [main] INFO  om.TestOzoneManagerPrepare (TestOzoneManagerPrepare.java:lambda$assertClusterPrepared$6(474)) - omNode-3 has prepare status: NOT_PREPARED prepare index: -1.
2024-02-27 07:47:15,730 [main] INFO  om.TestOzoneManagerPrepare (TestOzoneManagerPrepare.java:lambda$assertClusterPrepared$6(474)) - omNode-3 has prepare status: NOT_PREPARED prepare index: -1.
2024-02-27 07:47:16,730 [main] INFO  om.TestOzoneManagerPrepare (TestOzoneManagerPrepare.java:lambda$assertClusterPrepared$6(474)) - omNode-3 has prepare status: NOT_PREPARED prepare index: -1.
2024-02-27 07:47:17,731 [main] INFO  om.TestOzoneManagerPrepare (TestOzoneManagerPrepare.java:lambda$assertClusterPrepared$6(474)) - omNode-3 has prepare status: NOT_PREPARED prepare index: -1.
2024-02-27 07:47:18,731 [main] INFO  om.TestOzoneManagerPrepare (TestOzoneManagerPrepare.java:lambda$assertClusterPrepared$6(474)) - omNode-3 has prepare status: NOT_PREPARED prepare index: -1.
2024-02-27 07:47:19,731 [main] INFO  om.TestOzoneManagerPrepare (TestOzoneManagerPrepare.java:lambda$assertClusterPrepared$6(474)) - omNode-3 has prepare status: NOT_PREPARED prepare index: -1.
2024-02-27 07:47:20,681 [omNode-2-OMStateMachineApplyTransactionThread - 0] ERROR upgrade.OMPrepareRequest (OMPrepareRequest.java:validateAndUpdateCache(133)) - Prepare Request Apply failed in omNode-2. 
java.io.IOException: After waiting for 120 seconds, Ratis state machine applied index 50 which is less than the minimum required index 52.
	at org.apache.hadoop.ozone.om.request.upgrade.OMPrepareRequest.waitForLogIndex(OMPrepareRequest.java:216)
	at org.apache.hadoop.ozone.om.request.upgrade.OMPrepareRequest.validateAndUpdateCache(OMPrepareRequest.java:112)
	at org.apache.hadoop.ozone.protocolPB.OzoneManagerRequestHandler.lambda$0(OzoneManagerRequestHandler.java:403)
	at org.apache.hadoop.util.MetricUtil.captureLatencyNs(MetricUtil.java:45)
	at org.apache.hadoop.ozone.protocolPB.OzoneManagerRequestHandler.handleWriteRequest(OzoneManagerRequestHandler.java:399)
	at org.apache.hadoop.ozone.om.ratis.OzoneManagerStateMachine.runCommand(OzoneManagerStateMachine.java:527)
	at org.apache.hadoop.ozone.om.ratis.OzoneManagerStateMachine.lambda$1(OzoneManagerStateMachine.java:345)
	at java.util.concurrent.CompletableFuture$AsyncSupply.run(CompletableFuture.java:1604)
	at java.util.concurrent.ThreadPoolExecutor.runWorker(ThreadPoolExecutor.java:1149)
	at java.util.concurrent.ThreadPoolExecutor$Worker.run(ThreadPoolExecutor.java:624)
	at java.lang.Thread.run(Thread.java:750)
2024-02-27 07:47:20,681 [omNode-3-OMStateMachineApplyTransactionThread - 0] ERROR upgrade.OMPrepareRequest (OMPrepareRequest.java:validateAndUpdateCache(133)) - Prepare Request Apply failed in omNode-3. 
java.io.IOException: After waiting for 120 seconds, Ratis state machine applied index 50 which is less than the minimum required index 52.
	at org.apache.hadoop.ozone.om.request.upgrade.OMPrepareRequest.waitForLogIndex(OMPrepareRequest.java:216)
	at org.apache.hadoop.ozone.om.request.upgrade.OMPrepareRequest.validateAndUpdateCache(OMPrepareRequest.java:112)
	at org.apache.hadoop.ozone.protocolPB.OzoneManagerRequestHandler.lambda$0(OzoneManagerRequestHandler.java:403)
	at org.apache.hadoop.util.MetricUtil.captureLatencyNs(MetricUtil.java:45)
	at org.apache.hadoop.ozone.protocolPB.OzoneManagerRequestHandler.handleWriteRequest(OzoneManagerRequestHandler.java:399)
	at org.apache.hadoop.ozone.om.ratis.OzoneManagerStateMachine.runCommand(OzoneManagerStateMachine.java:527)
	at org.apache.hadoop.ozone.om.ratis.OzoneManagerStateMachine.lambda$1(OzoneManagerStateMachine.java:345)
	at java.util.concurrent.CompletableFuture$AsyncSupply.run(CompletableFuture.java:1604)
	at java.util.concurrent.ThreadPoolExecutor.runWorker(ThreadPoolExecutor.java:1149)
	at java.util.concurrent.ThreadPoolExecutor$Worker.run(ThreadPoolExecutor.java:624)
	at java.lang.Thread.run(Thread.java:750)
2024-02-27 07:47:20,682 [omNode-3@group-523986131536-StateMachineUpdater] INFO  ratis.OzoneManagerStateMachine (OzoneManagerStateMachine.java:takeSnapshotImpl(469)) -  applied = (t:1, i:51)
2024-02-27 07:47:20,682 [omNode-3@group-523986131536-StateMachineUpdater] INFO  ratis.OzoneManagerStateMachine (OzoneManagerStateMachine.java:takeSnapshotImpl(470)) -  skipped = 49
2024-02-27 07:47:20,682 [omNode-3@group-523986131536-StateMachineUpdater] INFO  ratis.OzoneManagerStateMachine (OzoneManagerStateMachine.java:takeSnapshotImpl(471)) - notified = (t:1, i:50)
2024-02-27 07:47:20,682 [omNode-2@group-523986131536-StateMachineUpdater] INFO  ratis.OzoneManagerStateMachine (OzoneManagerStateMachine.java:takeSnapshotImpl(469)) -  applied = (t:1, i:51)
2024-02-27 07:47:20,682 [omNode-2@group-523986131536-StateMachineUpdater] INFO  ratis.OzoneManagerStateMachine (OzoneManagerStateMachine.java:takeSnapshotImpl(470)) -  skipped = 49
2024-02-27 07:47:20,682 [omNode-2@group-523986131536-StateMachineUpdater] INFO  ratis.OzoneManagerStateMachine (OzoneManagerStateMachine.java:takeSnapshotImpl(471)) - notified = (t:1, i:50)
2024-02-27 07:47:20,682 [omNode-2@group-523986131536-StateMachineUpdater] INFO  ratis.OzoneManagerStateMachine (OzoneManagerStateMachine.java:takeSnapshotImpl(472)) - snapshot = (t:1, i:51)
2024-02-27 07:47:20,682 [omNode-3@group-523986131536-StateMachineUpdater] INFO  ratis.OzoneManagerStateMachine (OzoneManagerStateMachine.java:takeSnapshotImpl(472)) - snapshot = (t:1, i:51)
2024-02-27 07:47:20,698 [omNode-3@group-523986131536-StateMachineUpdater] INFO  impl.StateMachineUpdater (StateMachineUpdater.java:takeSnapshot(295)) - omNode-3@group-523986131536-StateMachineUpdater: Took a snapshot at index 51
2024-02-27 07:47:20,698 [omNode-3@group-523986131536-StateMachineUpdater] INFO  impl.StateMachineUpdater (StateMachineUpdater.java:lambda$new$0(98)) - omNode-3@group-523986131536-StateMachineUpdater: snapshotIndex: updateIncreasingly -1 -> 51
2024-02-27 07:47:20,698 [omNode-3@group-523986131536-StateMachineUpdater] INFO  raftlog.RaftLog (RaftLogBase.java:purge(330)) - omNode-3@group-523986131536-SegmentedRaftLog: purge 51
2024-02-27 07:47:20,698 [omNode-3@group-523986131536-StateMachineUpdater] INFO  raftlog.RaftLog (RaftLogBase.java:lambda$new$0(54)) - omNode-3@group-523986131536-SegmentedRaftLog: snapshotIndex: updateIncreasingly -1 -> 51
2024-02-27 07:47:20,698 [omNode-3@group-523986131536-StateMachineUpdater] INFO  raftlog.RaftLog (RaftLogBase.java:lambda$new$0(54)) - omNode-3@group-523986131536-SegmentedRaftLog: purgeIndex: updateToMax old=-1, new=51, updated? true
2024-02-27 07:47:20,698 [omNode-2@group-523986131536-StateMachineUpdater] INFO  impl.StateMachineUpdater (StateMachineUpdater.java:takeSnapshot(295)) - omNode-2@group-523986131536-StateMachineUpdater: Took a snapshot at index 51
2024-02-27 07:47:20,698 [omNode-2@group-523986131536-StateMachineUpdater] INFO  impl.StateMachineUpdater (StateMachineUpdater.java:lambda$new$0(98)) - omNode-2@group-523986131536-StateMachineUpdater: snapshotIndex: updateIncreasingly -1 -> 51
2024-02-27 07:47:20,698 [omNode-2@group-523986131536-StateMachineUpdater] INFO  raftlog.RaftLog (RaftLogBase.java:purge(330)) - omNode-2@group-523986131536-SegmentedRaftLog: purge 51
2024-02-27 07:47:20,698 [omNode-2@group-523986131536-StateMachineUpdater] INFO  raftlog.RaftLog (RaftLogBase.java:lambda$new$0(54)) - omNode-2@group-523986131536-SegmentedRaftLog: snapshotIndex: updateIncreasingly -1 -> 51
2024-02-27 07:47:20,698 [omNode-2@group-523986131536-StateMachineUpdater] INFO  raftlog.RaftLog (RaftLogBase.java:lambda$new$0(54)) - omNode-2@group-523986131536-SegmentedRaftLog: purgeIndex: updateToMax old=-1, new=51, updated? true
2024-02-27 07:47:20,732 [main] INFO  om.TestOzoneManagerPrepare (TestOzoneManagerPrepare.java:lambda$assertClusterPrepared$6(474)) - omNode-3 has prepare status: NOT_PREPARED prepare index: -1.
2024-02-27 07:47:21,732 [main] INFO  om.TestOzoneManagerPrepare (TestOzoneManagerPrepare.java:lambda$assertClusterPrepared$6(474)) - omNode-3 has prepare status: NOT_PREPARED prepare index: -1.
2024-02-27 07:47:22,732 [main] INFO  om.TestOzoneManagerPrepare (TestOzoneManagerPrepare.java:lambda$assertClusterPrepared$6(474)) - omNode-3 has prepare status: NOT_PREPARED prepare index: -1.
2024-02-27 07:47:23,733 [main] INFO  om.TestOzoneManagerPrepare (TestOzoneManagerPrepare.java:lambda$assertClusterPrepared$6(474)) - omNode-3 has prepare status: NOT_PREPARED prepare index: -1.
2024-02-27 07:47:24,733 [main] INFO  om.TestOzoneManagerPrepare (TestOzoneManagerPrepare.java:lambda$assertClusterPrepared$6(474)) - omNode-3 has prepare status: NOT_PREPARED prepare index: -1.
2024-02-27 07:47:25,733 [main] INFO  om.TestOzoneManagerPrepare (TestOzoneManagerPrepare.java:lambda$assertClusterPrepared$6(474)) - omNode-3 has prepare status: NOT_PREPARED prepare index: -1.
2024-02-27 07:47:25,734 [main] INFO  om.OzoneManager (OzoneManager.java:stop(2203)) - omNode-3[localhost:15141]: Stopping Ozone Manager
2024-02-27 07:47:25,734 [main] INFO  ipc.Server (Server.java:stop(3523)) - Stopping server on 15141
2024-02-27 07:47:25,736 [IPC Server listener on 15141] INFO  ipc.Server (Server.java:run(1434)) - Stopping IPC Server listener on 15141
2024-02-27 07:47:25,737 [IPC Server Responder] INFO  ipc.Server (Server.java:run(1567)) - Stopping IPC Server Responder
2024-02-27 07:47:25,738 [main] INFO  ratis.OzoneManagerRatisServer (OzoneManagerRatisServer.java:stop(594)) - Stopping org.apache.hadoop.ozone.om.ratis.OzoneManagerRatisServer@8a436d9 at port 15144
2024-02-27 07:47:25,738 [main] INFO  server.RaftServer (RaftServerProxy.java:lambda$close$9(416)) - omNode-3: close
2024-02-27 07:47:25,738 [main] INFO  server.GrpcService (GrpcService.java:closeImpl(311)) - omNode-3: shutdown server GrpcServerProtocolService now
2024-02-27 07:47:25,738 [omNode-3-impl-thread2] INFO  server.RaftServer$Division (RaftServerImpl.java:lambda$close$3(526)) - omNode-3@group-523986131536: shutdown
2024-02-27 07:47:25,738 [omNode-3-impl-thread2] INFO  util.JmxRegister (JmxRegister.java:unregister(73)) - Successfully un-registered JMX Bean with object name Ratis:service=RaftServer,group=group-523986131536,id=omNode-3
2024-02-27 07:47:25,738 [omNode-3-impl-thread2] INFO  impl.RoleInfo (RoleInfo.java:shutdownFollowerState(110)) - omNode-3: shutdown omNode-3@group-523986131536-FollowerState
2024-02-27 07:47:25,738 [omNode-3-impl-thread2] INFO  impl.StateMachineUpdater (StateMachineUpdater.java:stopAndJoin(157)) - omNode-3@group-523986131536-StateMachineUpdater: set stopIndex = 52
2024-02-27 07:47:25,739 [omNode-3@group-523986131536-StateMachineUpdater] INFO  ratis.OzoneManagerStateMachine (OzoneManagerStateMachine.java:takeSnapshotImpl(469)) -  applied = (t:1, i:51)
2024-02-27 07:47:25,739 [omNode-3@group-523986131536-StateMachineUpdater] INFO  ratis.OzoneManagerStateMachine (OzoneManagerStateMachine.java:takeSnapshotImpl(470)) -  skipped = 51
2024-02-27 07:47:25,739 [omNode-3@group-523986131536-StateMachineUpdater] INFO  ratis.OzoneManagerStateMachine (OzoneManagerStateMachine.java:takeSnapshotImpl(471)) - notified = (t:1, i:52)
2024-02-27 07:47:25,739 [omNode-3@group-523986131536-StateMachineUpdater] INFO  ratis.OzoneManagerStateMachine (OzoneManagerStateMachine.java:takeSnapshotImpl(472)) - snapshot = (t:1, i:52)
2024-02-27 07:47:25,740 [omNode-3@group-523986131536-FollowerState] INFO  impl.FollowerState (FollowerState.java:run(152)) - omNode-3@group-523986131536-FollowerState was interrupted
2024-02-27 07:47:25,743 [grpc-default-executor-5] WARN  server.GrpcServerProtocolService (LogUtils.java:warn(121)) - omNode-3: APPEND_ENTRIES onError, lastRequest: null: org.apache.ratis.thirdparty.io.grpc.StatusRuntimeException: CANCELLED: client cancelled
2024-02-27 07:47:25,743 [grpc-default-executor-3] WARN  server.GrpcLogAppender (LogUtils.java:warn(121)) - omNode-1@group-523986131536->omNode-3-AppendLogResponseHandler: Failed appendEntries: org.apache.ratis.thirdparty.io.grpc.StatusRuntimeException: CANCELLED: RST_STREAM closed stream. HTTP/2 error code: CANCEL
2024-02-27 07:47:25,743 [grpc-default-executor-3] WARN  server.GrpcLogAppender (GrpcLogAppender.java:lambda$resetClient$1(217)) - omNode-1@group-523986131536->omNode-3-GrpcLogAppender: Follower failed (request=null, errorCount=1); keep nextIndex (53) unchanged and retry.
2024-02-27 07:47:25,744 [main] INFO  server.GrpcService (GrpcService.java:closeImpl(320)) - omNode-3: shutdown server GrpcServerProtocolService successfully
2024-02-27 07:47:25,744 [grpc-default-executor-6] WARN  server.GrpcServerProtocolService (LogUtils.java:warn(121)) - omNode-3: APPEND_ENTRIES onError, lastRequest: omNode-1->omNode-3#140-t1,previous=(t:1, i:51),leaderCommit=51,initializing? false,entries: size=1, first=(t:1, i:52), METADATAENTRY(c:51): org.apache.ratis.thirdparty.io.grpc.StatusRuntimeException: CANCELLED: client cancelled
2024-02-27 07:47:25,745 [omNode-3@group-523986131536-StateMachineUpdater] INFO  impl.StateMachineUpdater (StateMachineUpdater.java:takeSnapshot(295)) - omNode-3@group-523986131536-StateMachineUpdater: Took a snapshot at index 52
2024-02-27 07:47:25,745 [omNode-3@group-523986131536-StateMachineUpdater] INFO  impl.StateMachineUpdater (StateMachineUpdater.java:lambda$new$0(98)) - omNode-3@group-523986131536-StateMachineUpdater: snapshotIndex: updateIncreasingly 51 -> 52
2024-02-27 07:47:25,745 [omNode-3@group-523986131536-StateMachineUpdater] INFO  ratis.OzoneManagerStateMachine (OzoneManagerStateMachine.java:close(515)) - Stopping OzoneManagerStateMachine:omNode-3:group-523986131536.
2024-02-27 07:47:25,745 [omNode-3@group-523986131536-StateMachineUpdater] INFO  ratis.OzoneManagerDoubleBuffer (OzoneManagerDoubleBuffer.java:stopDaemon(514)) - Stopping OMDoubleBuffer flush thread
2024-02-27 07:47:25,746 [omNode-3-OMDoubleBufferFlushThread] INFO  ratis.OzoneManagerDoubleBuffer (OzoneManagerDoubleBuffer.java:canFlush(578)) - OMDoubleBuffer flush thread omNode-3-OMDoubleBufferFlushThread is interrupted and will exit.
2024-02-27 07:47:25,753 [omNode-3-impl-thread2] INFO  server.RaftServer$Division (ServerState.java:close(427)) - omNode-3@group-523986131536: applyIndex: 51
2024-02-27 07:47:25,753 [omNode-3@group-523986131536-cacheEviction-AwaitToRun] INFO  util.AwaitToRun (AwaitToRun.java:run(49)) - omNode-3@group-523986131536-cacheEviction-AwaitToRun-AwaitForSignal is interrupted
2024-02-27 07:47:26,683 [omNode-3-impl-thread2] INFO  segmented.SegmentedRaftLogWorker (SegmentedRaftLogWorker.java:close(245)) - omNode-3@group-523986131536-SegmentedRaftLogWorker close()
2024-02-27 07:47:26,684 [JvmPauseMonitor42] INFO  util.JvmPauseMonitor (JvmPauseMonitor.java:run(152)) - JvmPauseMonitor-omNode-3: Stopped
2024-02-27 07:47:26,685 [main] INFO  utils.BackgroundService (BackgroundService.java:shutdown(160)) - Shutting down service KeyDeletingService
2024-02-27 07:47:26,685 [main] INFO  utils.BackgroundService (BackgroundService.java:shutdown(160)) - Shutting down service DirectoryDeletingService
2024-02-27 07:47:26,685 [main] INFO  utils.BackgroundService (BackgroundService.java:shutdown(160)) - Shutting down service OpenKeyCleanupService
2024-02-27 07:47:26,685 [main] INFO  utils.BackgroundService (BackgroundService.java:shutdown(160)) - Shutting down service SstFilteringService
2024-02-27 07:47:26,685 [main] INFO  utils.BackgroundService (BackgroundService.java:shutdown(160)) - Shutting down service SnapshotDeletingService
2024-02-27 07:47:26,686 [main] INFO  utils.BackgroundService (BackgroundService.java:shutdown(160)) - Shutting down service MultipartUploadCleanupService
2024-02-27 07:47:26,686 [main] INFO  utils.BackgroundService (BackgroundService.java:shutdown(160)) - Shutting down service SnapshotDirectoryCleaningService
2024-02-27 07:47:26,686 [main] INFO  handler.ContextHandler (ContextHandler.java:doStop(1159)) - Stopped o.e.j.w.WebAppContext@48ba800{ozoneManager,/,null,STOPPED}{file:/home/runner/work/ozone/ozone/hadoop-ozone/integration-test/target/test-classes/webapps/ozoneManager}
2024-02-27 07:47:26,687 [main] INFO  server.AbstractConnector (AbstractConnector.java:doStop(383)) - Stopped ServerConnector@5830d4d8{HTTP/1.1, (http/1.1)}{0.0.0.0:15142}
2024-02-27 07:47:26,687 [main] INFO  server.session (HouseKeeper.java:stopScavenging(149)) - node0 Stopped scavenging
2024-02-27 07:47:26,687 [main] INFO  handler.ContextHandler (ContextHandler.java:doStop(1159)) - Stopped o.e.j.s.ServletContextHandler@5a4b3b38{static,/static,file:///home/runner/work/ozone/ozone/hadoop-ozone/integration-test/target/test-classes/webapps/static,STOPPED}
2024-02-27 07:47:26,687 [main] INFO  handler.ContextHandler (ContextHandler.java:doStop(1159)) - Stopped o.e.j.s.ServletContextHandler@36f5acc2{logs,/logs,file:///home/runner/work/ozone/ozone/hadoop-ozone/integration-test/target/log,STOPPED}
2024-02-27 07:47:26,688 [main] INFO  rocksdiff.RocksDBCheckpointDiffer (RocksDBCheckpointDiffer.java:close(310)) - Shutting down CompactionDagPruningService.
2024-02-27 07:47:26,689 [main] INFO  snapshot.SnapshotDiffManager (SnapshotDiffManager.java:closeExecutorService(1657)) - Shutting down executorService: 'SnapDiffExecutor'
2024-02-27 07:47:26,689 [main] INFO  utils.BackgroundService (BackgroundService.java:shutdown(160)) - Shutting down service SnapshotDiffCleanupService
2024-02-27 07:47:26,690 [main] INFO  om.OzoneManager (OzoneManager.java:stop(2203)) - omNode-1[localhost:15133]: Stopping Ozone Manager
2024-02-27 07:47:26,690 [main] INFO  ipc.Server (Server.java:stop(3523)) - Stopping server on 15133
2024-02-27 07:47:26,692 [IPC Server listener on 15133] INFO  ipc.Server (Server.java:run(1434)) - Stopping IPC Server listener on 15133
2024-02-27 07:47:26,692 [IPC Server Responder] INFO  ipc.Server (Server.java:run(1567)) - Stopping IPC Server Responder
2024-02-27 07:47:26,694 [main] INFO  ratis.OzoneManagerRatisServer (OzoneManagerRatisServer.java:stop(594)) - Stopping org.apache.hadoop.ozone.om.ratis.OzoneManagerRatisServer@35efcc6c at port 15136
2024-02-27 07:47:26,694 [main] INFO  server.RaftServer (RaftServerProxy.java:lambda$close$9(416)) - omNode-1: close
2024-02-27 07:47:26,694 [main] INFO  server.GrpcService (GrpcService.java:closeImpl(311)) - omNode-1: shutdown server GrpcServerProtocolService now
2024-02-27 07:47:26,694 [omNode-1-impl-thread2] INFO  server.RaftServer$Division (RaftServerImpl.java:lambda$close$3(526)) - omNode-1@group-523986131536: shutdown
2024-02-27 07:47:26,694 [omNode-1-impl-thread2] INFO  util.JmxRegister (JmxRegister.java:unregister(73)) - Successfully un-registered JMX Bean with object name Ratis:service=RaftServer,group=group-523986131536,id=omNode-1
2024-02-27 07:47:26,694 [omNode-1-impl-thread2] INFO  impl.RoleInfo (RoleInfo.java:shutdownLeaderState(94)) - omNode-1: shutdown omNode-1@group-523986131536-LeaderStateImpl
2024-02-27 07:47:26,695 [omNode-1@group-523986131536->omNode-3-GrpcLogAppender-LogAppenderDaemon] WARN  server.GrpcLogAppender (GrpcLogAppender.java:mayWait(289)) - omNode-1@group-523986131536->omNode-3-GrpcLogAppender: Wait interrupted by java.lang.InterruptedException
2024-02-27 07:47:26,695 [omNode-1-impl-thread2] INFO  impl.PendingRequests (PendingRequests.java:sendNotLeaderResponses(289)) - omNode-1@group-523986131536-PendingRequests: sendNotLeaderResponses
2024-02-27 07:47:26,695 [omNode-1@group-523986131536->omNode-2-GrpcLogAppender-LogAppenderDaemon] WARN  server.GrpcLogAppender (GrpcLogAppender.java:mayWait(289)) - omNode-1@group-523986131536->omNode-2-GrpcLogAppender: Wait interrupted by java.lang.InterruptedException
2024-02-27 07:47:26,695 [grpc-default-executor-5] INFO  server.GrpcServerProtocolService (GrpcServerProtocolService.java:onCompleted(157)) - omNode-2: Completed APPEND_ENTRIES, lastRequest: omNode-1->omNode-2#151-t1,previous=(t:1, i:51),leaderCommit=51,initializing? false,entries: size=1, first=(t:1, i:52), METADATAENTRY(c:51)
2024-02-27 07:47:26,695 [Thread-7435] INFO  server.GrpcServerProtocolClient (GrpcServerProtocolClient.java:close(103)) - omNode-3 Close channels
2024-02-27 07:47:26,696 [Thread-7437] INFO  server.GrpcServerProtocolClient (GrpcServerProtocolClient.java:close(103)) - omNode-2 Close channels
2024-02-27 07:47:26,696 [omNode-1-impl-thread2] INFO  impl.StateMachineUpdater (StateMachineUpdater.java:stopAndJoin(157)) - omNode-1@group-523986131536-StateMachineUpdater: set stopIndex = 52
2024-02-27 07:47:26,696 [grpc-default-executor-7] INFO  server.GrpcServerProtocolService (GrpcServerProtocolService.java:onCompleted(157)) - omNode-2: Completed APPEND_ENTRIES, lastRequest: null
2024-02-27 07:47:26,695 [grpc-default-executor-5] INFO  server.GrpcServerProtocolService (GrpcServerProtocolService.java:lambda$onCompleted$5(159)) - omNode-2: Completed APPEND_ENTRIES, lastReply: null
2024-02-27 07:47:26,697 [grpc-default-executor-7] INFO  server.GrpcServerProtocolService (GrpcServerProtocolService.java:lambda$onCompleted$5(159)) - omNode-2: Completed APPEND_ENTRIES, lastReply: serverReply {
  requestorId: "omNode-1"
  replyId: "omNode-2"
  raftGroupId {
    id: "\311\274L\364;\303<`\246kR9\206\023\0256"
  }
  callId: 405
  success: true
}
term: 1
nextIndex: 53
followerCommit: 52
matchIndex: 18446744073709551615
isHearbeat: true

2024-02-27 07:47:26,696 [omNode-1@group-523986131536-StateMachineUpdater] INFO  ratis.OzoneManagerStateMachine (OzoneManagerStateMachine.java:takeSnapshotImpl(469)) -  applied = (t:1, i:51)
2024-02-27 07:47:26,697 [omNode-1@group-523986131536-StateMachineUpdater] INFO  ratis.OzoneManagerStateMachine (OzoneManagerStateMachine.java:takeSnapshotImpl(470)) -  skipped = 51
2024-02-27 07:47:26,697 [omNode-1@group-523986131536-StateMachineUpdater] INFO  ratis.OzoneManagerStateMachine (OzoneManagerStateMachine.java:takeSnapshotImpl(471)) - notified = (t:1, i:52)
2024-02-27 07:47:26,697 [omNode-1@group-523986131536-StateMachineUpdater] INFO  ratis.OzoneManagerStateMachine (OzoneManagerStateMachine.java:takeSnapshotImpl(472)) - snapshot = (t:1, i:52)
2024-02-27 07:47:26,697 [grpc-default-executor-6] INFO  server.GrpcLogAppender (GrpcLogAppender.java:onCompleted(546)) - omNode-1@group-523986131536->omNode-2-AppendLogResponseHandler: follower responses appendEntries COMPLETED
2024-02-27 07:47:26,698 [grpc-default-executor-6] WARN  server.GrpcLogAppender (GrpcLogAppender.java:resetClient(226)) - omNode-1@group-523986131536->omNode-2-GrpcLogAppender: Failed to getClient for omNode-2
org.apache.ratis.protocol.exceptions.AlreadyClosedException: omNode-1 is already CLOSED
	at org.apache.ratis.util.PeerProxyMap$PeerAndProxy.getProxy(PeerProxyMap.java:65)
	at org.apache.ratis.util.PeerProxyMap.getProxy(PeerProxyMap.java:114)
	at org.apache.ratis.grpc.server.GrpcLogAppender.getClient(GrpcLogAppender.java:196)
	at org.apache.ratis.grpc.server.GrpcLogAppender.resetClient(GrpcLogAppender.java:201)
	at org.apache.ratis.grpc.server.GrpcLogAppender.access$800(GrpcLogAppender.java:62)
	at org.apache.ratis.grpc.server.GrpcLogAppender$AppendLogResponseHandler.onCompleted(GrpcLogAppender.java:547)
	at org.apache.ratis.thirdparty.io.grpc.stub.ClientCalls$StreamObserverToCallListenerAdapter.onClose(ClientCalls.java:479)
	at org.apache.ratis.thirdparty.io.grpc.internal.ClientCallImpl.closeObserver(ClientCallImpl.java:567)
	at org.apache.ratis.thirdparty.io.grpc.internal.ClientCallImpl.access$300(ClientCallImpl.java:71)
	at org.apache.ratis.thirdparty.io.grpc.internal.ClientCallImpl$ClientStreamListenerImpl$1StreamClosed.runInternal(ClientCallImpl.java:735)
	at org.apache.ratis.thirdparty.io.grpc.internal.ClientCallImpl$ClientStreamListenerImpl$1StreamClosed.runInContext(ClientCallImpl.java:716)
	at org.apache.ratis.thirdparty.io.grpc.internal.ContextRunnable.run(ContextRunnable.java:37)
	at org.apache.ratis.thirdparty.io.grpc.internal.SerializingExecutor.run(SerializingExecutor.java:133)
	at java.util.concurrent.ThreadPoolExecutor.runWorker(ThreadPoolExecutor.java:1149)
	at java.util.concurrent.ThreadPoolExecutor$Worker.run(ThreadPoolExecutor.java:624)
	at java.lang.Thread.run(Thread.java:750)
2024-02-27 07:47:26,699 [grpc-default-executor-7] INFO  server.GrpcLogAppender (GrpcLogAppender.java:onCompleted(546)) - omNode-1@group-523986131536->omNode-2-AppendLogResponseHandler: follower responses appendEntries COMPLETED
2024-02-27 07:47:26,700 [grpc-default-executor-7] WARN  server.GrpcLogAppender (GrpcLogAppender.java:resetClient(226)) - omNode-1@group-523986131536->omNode-2-GrpcLogAppender: Failed to getClient for omNode-2
org.apache.ratis.protocol.exceptions.AlreadyClosedException: omNode-1 is already CLOSED
	at org.apache.ratis.util.PeerProxyMap$PeerAndProxy.getProxy(PeerProxyMap.java:65)
	at org.apache.ratis.util.PeerProxyMap.getProxy(PeerProxyMap.java:114)
	at org.apache.ratis.grpc.server.GrpcLogAppender.getClient(GrpcLogAppender.java:196)
	at org.apache.ratis.grpc.server.GrpcLogAppender.resetClient(GrpcLogAppender.java:201)
	at org.apache.ratis.grpc.server.GrpcLogAppender.access$800(GrpcLogAppender.java:62)
	at org.apache.ratis.grpc.server.GrpcLogAppender$AppendLogResponseHandler.onCompleted(GrpcLogAppender.java:547)
	at org.apache.ratis.thirdparty.io.grpc.stub.ClientCalls$StreamObserverToCallListenerAdapter.onClose(ClientCalls.java:479)
	at org.apache.ratis.thirdparty.io.grpc.internal.DelayedClientCall$DelayedListener$3.run(DelayedClientCall.java:489)
	at org.apache.ratis.thirdparty.io.grpc.internal.DelayedClientCall$DelayedListener.delayOrExecute(DelayedClientCall.java:453)
	at org.apache.ratis.thirdparty.io.grpc.internal.DelayedClientCall$DelayedListener.onClose(DelayedClientCall.java:486)
	at org.apache.ratis.thirdparty.io.grpc.internal.ClientCallImpl.closeObserver(ClientCallImpl.java:567)
	at org.apache.ratis.thirdparty.io.grpc.internal.ClientCallImpl.access$300(ClientCallImpl.java:71)
	at org.apache.ratis.thirdparty.io.grpc.internal.ClientCallImpl$ClientStreamListenerImpl$1StreamClosed.runInternal(ClientCallImpl.java:735)
	at org.apache.ratis.thirdparty.io.grpc.internal.ClientCallImpl$ClientStreamListenerImpl$1StreamClosed.runInContext(ClientCallImpl.java:716)
	at org.apache.ratis.thirdparty.io.grpc.internal.ContextRunnable.run(ContextRunnable.java:37)
	at org.apache.ratis.thirdparty.io.grpc.internal.SerializingExecutor.run(SerializingExecutor.java:133)
	at java.util.concurrent.ThreadPoolExecutor.runWorker(ThreadPoolExecutor.java:1149)
	at java.util.concurrent.ThreadPoolExecutor$Worker.run(ThreadPoolExecutor.java:624)
	at java.lang.Thread.run(Thread.java:750)
2024-02-27 07:47:26,700 [main] INFO  server.GrpcService (GrpcService.java:closeImpl(320)) - omNode-1: shutdown server GrpcServerProtocolService successfully
2024-02-27 07:47:26,703 [omNode-1@group-523986131536-StateMachineUpdater] INFO  impl.StateMachineUpdater (StateMachineUpdater.java:takeSnapshot(295)) - omNode-1@group-523986131536-StateMachineUpdater: Took a snapshot at index 52
2024-02-27 07:47:26,703 [omNode-1@group-523986131536-StateMachineUpdater] INFO  impl.StateMachineUpdater (StateMachineUpdater.java:lambda$new$0(98)) - omNode-1@group-523986131536-StateMachineUpdater: snapshotIndex: updateIncreasingly 50 -> 52
2024-02-27 07:47:26,703 [omNode-1@group-523986131536-StateMachineUpdater] INFO  ratis.OzoneManagerStateMachine (OzoneManagerStateMachine.java:close(515)) - Stopping OzoneManagerStateMachine:omNode-1:group-523986131536.
2024-02-27 07:47:26,703 [omNode-1@group-523986131536-StateMachineUpdater] INFO  ratis.OzoneManagerDoubleBuffer (OzoneManagerDoubleBuffer.java:stopDaemon(514)) - Stopping OMDoubleBuffer flush thread
2024-02-27 07:47:26,703 [omNode-1-OMDoubleBufferFlushThread] INFO  ratis.OzoneManagerDoubleBuffer (OzoneManagerDoubleBuffer.java:canFlush(578)) - OMDoubleBuffer flush thread omNode-1-OMDoubleBufferFlushThread is interrupted and will exit.
2024-02-27 07:47:26,705 [omNode-1-impl-thread2] INFO  server.RaftServer$Division (ServerState.java:close(427)) - omNode-1@group-523986131536: applyIndex: 51
2024-02-27 07:47:26,705 [omNode-1@group-523986131536-cacheEviction-AwaitToRun] INFO  util.AwaitToRun (AwaitToRun.java:run(49)) - omNode-1@group-523986131536-cacheEviction-AwaitToRun-AwaitForSignal is interrupted
2024-02-27 07:47:27,702 [omNode-1-impl-thread2] INFO  segmented.SegmentedRaftLogWorker (SegmentedRaftLogWorker.java:close(245)) - omNode-1@group-523986131536-SegmentedRaftLogWorker close()
2024-02-27 07:47:27,704 [JvmPauseMonitor40] INFO  util.JvmPauseMonitor (JvmPauseMonitor.java:run(152)) - JvmPauseMonitor-omNode-1: Stopped
2024-02-27 07:47:27,704 [main] INFO  utils.BackgroundService (BackgroundService.java:shutdown(160)) - Shutting down service KeyDeletingService
2024-02-27 07:47:27,704 [main] INFO  utils.BackgroundService (BackgroundService.java:shutdown(160)) - Shutting down service DirectoryDeletingService
2024-02-27 07:47:27,704 [main] INFO  utils.BackgroundService (BackgroundService.java:shutdown(160)) - Shutting down service OpenKeyCleanupService
2024-02-27 07:47:27,704 [main] INFO  utils.BackgroundService (BackgroundService.java:shutdown(160)) - Shutting down service SstFilteringService
2024-02-27 07:47:27,705 [main] INFO  utils.BackgroundService (BackgroundService.java:shutdown(160)) - Shutting down service SnapshotDeletingService
2024-02-27 07:47:27,705 [main] INFO  utils.BackgroundService (BackgroundService.java:shutdown(160)) - Shutting down service MultipartUploadCleanupService
2024-02-27 07:47:27,705 [main] INFO  utils.BackgroundService (BackgroundService.java:shutdown(160)) - Shutting down service SnapshotDirectoryCleaningService
2024-02-27 07:47:27,706 [main] INFO  handler.ContextHandler (ContextHandler.java:doStop(1159)) - Stopped o.e.j.w.WebAppContext@33605eb1{ozoneManager,/,null,STOPPED}{file:/home/runner/work/ozone/ozone/hadoop-ozone/integration-test/target/test-classes/webapps/ozoneManager}
2024-02-27 07:47:27,706 [main] INFO  server.AbstractConnector (AbstractConnector.java:doStop(383)) - Stopped ServerConnector@504e6ad3{HTTP/1.1, (http/1.1)}{0.0.0.0:15134}
2024-02-27 07:47:27,707 [main] INFO  server.session (HouseKeeper.java:stopScavenging(149)) - node0 Stopped scavenging
2024-02-27 07:47:27,707 [main] INFO  handler.ContextHandler (ContextHandler.java:doStop(1159)) - Stopped o.e.j.s.ServletContextHandler@7340f13f{static,/static,file:///home/runner/work/ozone/ozone/hadoop-ozone/integration-test/target/test-classes/webapps/static,STOPPED}
2024-02-27 07:47:27,707 [main] INFO  handler.ContextHandler (ContextHandler.java:doStop(1159)) - Stopped o.e.j.s.ServletContextHandler@6098b3c7{logs,/logs,file:///home/runner/work/ozone/ozone/hadoop-ozone/integration-test/target/log,STOPPED}
2024-02-27 07:47:27,708 [main] INFO  rocksdiff.RocksDBCheckpointDiffer (RocksDBCheckpointDiffer.java:close(310)) - Shutting down CompactionDagPruningService.
2024-02-27 07:47:27,709 [main] INFO  snapshot.SnapshotDiffManager (SnapshotDiffManager.java:closeExecutorService(1657)) - Shutting down executorService: 'SnapDiffExecutor'
2024-02-27 07:47:27,709 [main] INFO  utils.BackgroundService (BackgroundService.java:shutdown(160)) - Shutting down service SnapshotDiffCleanupService
2024-02-27 07:47:27,711 [main] INFO  om.OzoneManager (OzoneManager.java:stop(2203)) - omNode-2[localhost:15137]: Stopping Ozone Manager
2024-02-27 07:47:27,711 [main] INFO  ipc.Server (Server.java:stop(3523)) - Stopping server on 15137
2024-02-27 07:47:27,712 [IPC Server listener on 15137] INFO  ipc.Server (Server.java:run(1434)) - Stopping IPC Server listener on 15137
2024-02-27 07:47:27,714 [IPC Server Responder] INFO  ipc.Server (Server.java:run(1567)) - Stopping IPC Server Responder
2024-02-27 07:47:27,714 [main] INFO  ratis.OzoneManagerRatisServer (OzoneManagerRatisServer.java:stop(594)) - Stopping org.apache.hadoop.ozone.om.ratis.OzoneManagerRatisServer@2ce7d3be at port 15140
2024-02-27 07:47:27,714 [main] INFO  server.RaftServer (RaftServerProxy.java:lambda$close$9(416)) - omNode-2: close
2024-02-27 07:47:27,715 [main] INFO  server.GrpcService (GrpcService.java:closeImpl(311)) - omNode-2: shutdown server GrpcServerProtocolService now
2024-02-27 07:47:27,715 [omNode-2-impl-thread2] INFO  server.RaftServer$Division (RaftServerImpl.java:lambda$close$3(526)) - omNode-2@group-523986131536: shutdown
2024-02-27 07:47:27,715 [omNode-2-impl-thread2] INFO  util.JmxRegister (JmxRegister.java:unregister(73)) - Successfully un-registered JMX Bean with object name Ratis:service=RaftServer,group=group-523986131536,id=omNode-2
2024-02-27 07:47:27,715 [omNode-2-impl-thread2] INFO  impl.RoleInfo (RoleInfo.java:shutdownFollowerState(110)) - omNode-2: shutdown omNode-2@group-523986131536-FollowerState
2024-02-27 07:47:27,716 [omNode-2-impl-thread2] INFO  impl.StateMachineUpdater (StateMachineUpdater.java:stopAndJoin(157)) - omNode-2@group-523986131536-StateMachineUpdater: set stopIndex = 52
2024-02-27 07:47:27,716 [omNode-2@group-523986131536-FollowerState] INFO  impl.FollowerState (FollowerState.java:run(152)) - omNode-2@group-523986131536-FollowerState was interrupted
2024-02-27 07:47:27,716 [main] INFO  server.GrpcService (GrpcService.java:closeImpl(320)) - omNode-2: shutdown server GrpcServerProtocolService successfully
2024-02-27 07:47:27,716 [omNode-2@group-523986131536-StateMachineUpdater] INFO  ratis.OzoneManagerStateMachine (OzoneManagerStateMachine.java:takeSnapshotImpl(469)) -  applied = (t:1, i:51)
2024-02-27 07:47:27,716 [omNode-2@group-523986131536-StateMachineUpdater] INFO  ratis.OzoneManagerStateMachine (OzoneManagerStateMachine.java:takeSnapshotImpl(470)) -  skipped = 51
2024-02-27 07:47:27,717 [omNode-2@group-523986131536-StateMachineUpdater] INFO  ratis.OzoneManagerStateMachine (OzoneManagerStateMachine.java:takeSnapshotImpl(471)) - notified = (t:1, i:52)
2024-02-27 07:47:27,717 [omNode-2@group-523986131536-StateMachineUpdater] INFO  ratis.OzoneManagerStateMachine (OzoneManagerStateMachine.java:takeSnapshotImpl(472)) - snapshot = (t:1, i:52)
2024-02-27 07:47:27,721 [omNode-2@group-523986131536-StateMachineUpdater] INFO  impl.StateMachineUpdater (StateMachineUpdater.java:takeSnapshot(295)) - omNode-2@group-523986131536-StateMachineUpdater: Took a snapshot at index 52
2024-02-27 07:47:27,721 [omNode-2@group-523986131536-StateMachineUpdater] INFO  impl.StateMachineUpdater (StateMachineUpdater.java:lambda$new$0(98)) - omNode-2@group-523986131536-StateMachineUpdater: snapshotIndex: updateIncreasingly 51 -> 52
2024-02-27 07:47:27,721 [omNode-2@group-523986131536-StateMachineUpdater] INFO  ratis.OzoneManagerStateMachine (OzoneManagerStateMachine.java:close(515)) - Stopping OzoneManagerStateMachine:omNode-2:group-523986131536.
2024-02-27 07:47:27,721 [omNode-2@group-523986131536-StateMachineUpdater] INFO  ratis.OzoneManagerDoubleBuffer (OzoneManagerDoubleBuffer.java:stopDaemon(514)) - Stopping OMDoubleBuffer flush thread
2024-02-27 07:47:27,722 [omNode-2-OMDoubleBufferFlushThread] INFO  ratis.OzoneManagerDoubleBuffer (OzoneManagerDoubleBuffer.java:canFlush(578)) - OMDoubleBuffer flush thread omNode-2-OMDoubleBufferFlushThread is interrupted and will exit.
2024-02-27 07:47:27,722 [omNode-2-impl-thread2] INFO  server.RaftServer$Division (ServerState.java:close(427)) - omNode-2@group-523986131536: applyIndex: 51
2024-02-27 07:47:27,723 [omNode-2@group-523986131536-cacheEviction-AwaitToRun] INFO  util.AwaitToRun (AwaitToRun.java:run(49)) - omNode-2@group-523986131536-cacheEviction-AwaitToRun-AwaitForSignal is interrupted
2024-02-27 07:47:28,683 [omNode-2-impl-thread2] INFO  segmented.SegmentedRaftLogWorker (SegmentedRaftLogWorker.java:close(245)) - omNode-2@group-523986131536-SegmentedRaftLogWorker close()
2024-02-27 07:47:28,684 [JvmPauseMonitor41] INFO  util.JvmPauseMonitor (JvmPauseMonitor.java:run(152)) - JvmPauseMonitor-omNode-2: Stopped
2024-02-27 07:47:28,684 [main] INFO  utils.BackgroundService (BackgroundService.java:shutdown(160)) - Shutting down service KeyDeletingService
2024-02-27 07:47:28,685 [main] INFO  utils.BackgroundService (BackgroundService.java:shutdown(160)) - Shutting down service DirectoryDeletingService
2024-02-27 07:47:28,685 [main] INFO  utils.BackgroundService (BackgroundService.java:shutdown(160)) - Shutting down service OpenKeyCleanupService
2024-02-27 07:47:28,685 [main] INFO  utils.BackgroundService (BackgroundService.java:shutdown(160)) - Shutting down service SstFilteringService
2024-02-27 07:47:28,685 [main] INFO  utils.BackgroundService (BackgroundService.java:shutdown(160)) - Shutting down service SnapshotDeletingService
2024-02-27 07:47:28,686 [main] INFO  utils.BackgroundService (BackgroundService.java:shutdown(160)) - Shutting down service MultipartUploadCleanupService
2024-02-27 07:47:28,686 [main] INFO  utils.BackgroundService (BackgroundService.java:shutdown(160)) - Shutting down service SnapshotDirectoryCleaningService
2024-02-27 07:47:28,686 [main] INFO  handler.ContextHandler (ContextHandler.java:doStop(1159)) - Stopped o.e.j.w.WebAppContext@35802e7b{ozoneManager,/,null,STOPPED}{file:/home/runner/work/ozone/ozone/hadoop-ozone/integration-test/target/test-classes/webapps/ozoneManager}
2024-02-27 07:47:28,687 [main] INFO  server.AbstractConnector (AbstractConnector.java:doStop(383)) - Stopped ServerConnector@37d5d504{HTTP/1.1, (http/1.1)}{0.0.0.0:15138}
2024-02-27 07:47:28,687 [main] INFO  server.session (HouseKeeper.java:stopScavenging(149)) - node0 Stopped scavenging
2024-02-27 07:47:28,687 [main] INFO  handler.ContextHandler (ContextHandler.java:doStop(1159)) - Stopped o.e.j.s.ServletContextHandler@3cf6438b{static,/static,file:///home/runner/work/ozone/ozone/hadoop-ozone/integration-test/target/test-classes/webapps/static,STOPPED}
2024-02-27 07:47:28,687 [main] INFO  handler.ContextHandler (ContextHandler.java:doStop(1159)) - Stopped o.e.j.s.ServletContextHandler@2a3bb68c{logs,/logs,file:///home/runner/work/ozone/ozone/hadoop-ozone/integration-test/target/log,STOPPED}
2024-02-27 07:47:28,690 [main] INFO  rocksdiff.RocksDBCheckpointDiffer (RocksDBCheckpointDiffer.java:close(310)) - Shutting down CompactionDagPruningService.
2024-02-27 07:47:28,692 [main] INFO  snapshot.SnapshotDiffManager (SnapshotDiffManager.java:closeExecutorService(1657)) - Shutting down executorService: 'SnapDiffExecutor'
2024-02-27 07:47:28,692 [main] INFO  utils.BackgroundService (BackgroundService.java:shutdown(160)) - Shutting down service SnapshotDiffCleanupService
2024-02-27 07:47:28,694 [main] INFO  om.OzoneManager (OzoneManager.java:restart(1710)) - OzoneManager RPC server is listening at localhost/127.0.0.1:15141
2024-02-27 07:47:28,694 [main] INFO  impl.MetricsSystemImpl (MetricsSystemImpl.java:init(158)) - OzoneManager metrics system started (again)
2024-02-27 07:47:28,702 [main] WARN  server.ServerUtils (ServerUtils.java:getDBPath(299)) - ozone.om.db.dirs is not configured. We recommend adding this setting. Falling back to ozone.metadata.dirs instead.
2024-02-27 07:47:28,702 [main] INFO  helpers.OmKeyInfo (OmKeyInfo.java:getCodec(71)) - OmKeyInfo.getCodec ignorePipeline = true
2024-02-27 07:47:28,742 [main] INFO  om.OzoneManager (OzoneManager.java:instantiateServices(804)) - S3 Multi-Tenancy is disabled
2024-02-27 07:47:28,743 [main] INFO  om.OmSnapshotManager (OmSnapshotManager.java:<init>(177)) - Ozone filesystem snapshot feature is enabled.
2024-02-27 07:47:28,743 [main] WARN  server.ServerUtils (ServerUtils.java:getDBPath(299)) - ozone.om.snapshot.diff.db.dir is not configured. We recommend adding this setting. Falling back to ozone.metadata.dirs instead.
2024-02-27 07:47:28,752 [main] INFO  utils.NativeLibraryLoader (NativeLibraryLoader.java:loadLibrary(108)) - Loading Library: ozone_rocksdb_tools
2024-02-27 07:47:28,752 [main] ERROR snapshot.SnapshotDiffManager (SnapshotDiffManager.java:initNativeLibraryForEfficientDiff(287)) - Native Library for raw sst file reading loading failed.
org.apache.hadoop.hdds.utils.NativeLibraryNotLoadedException: Unable to load library ozone_rocksdb_tools from both java.library.path & resource file libozone_rocksdb_tools.so from jar.
	at org.apache.hadoop.hdds.utils.db.managed.ManagedRawSSTFileReader.loadLibrary(ManagedRawSSTFileReader.java:38)
	at org.apache.hadoop.ozone.om.snapshot.SnapshotDiffManager.initNativeLibraryForEfficientDiff(SnapshotDiffManager.java:285)
	at org.apache.hadoop.ozone.om.snapshot.SnapshotDiffManager.<init>(SnapshotDiffManager.java:259)
	at org.apache.hadoop.ozone.om.OmSnapshotManager.<init>(OmSnapshotManager.java:279)
	at org.apache.hadoop.ozone.om.OzoneManager.instantiateServices(OzoneManager.java:856)
	at org.apache.hadoop.ozone.om.OzoneManager.restart(OzoneManager.java:1715)
	at org.apache.hadoop.ozone.MiniOzoneHAClusterImpl.restartOzoneManager(MiniOzoneHAClusterImpl.java:211)
	at org.apache.hadoop.ozone.om.TestOzoneManagerPrepare.resetCluster(TestOzoneManagerPrepare.java:113)
	at sun.reflect.NativeMethodAccessorImpl.invoke0(Native Method)
	at sun.reflect.NativeMethodAccessorImpl.invoke(NativeMethodAccessorImpl.java:62)
	at sun.reflect.DelegatingMethodAccessorImpl.invoke(DelegatingMethodAccessorImpl.java:43)
	at java.lang.reflect.Method.invoke(Method.java:498)
	at org.junit.platform.commons.util.ReflectionUtils.invokeMethod(ReflectionUtils.java:728)
	at org.junit.jupiter.engine.execution.MethodInvocation.proceed(MethodInvocation.java:60)
	at org.junit.jupiter.engine.execution.InvocationInterceptorChain$ValidatingInvocation.proceed(InvocationInterceptorChain.java:131)
	at org.junit.jupiter.engine.extension.TimeoutExtension.intercept(TimeoutExtension.java:156)
	at org.junit.jupiter.engine.extension.TimeoutExtension.interceptLifecycleMethod(TimeoutExtension.java:128)
	at org.junit.jupiter.engine.extension.TimeoutExtension.interceptAfterEachMethod(TimeoutExtension.java:110)
	at org.junit.jupiter.engine.execution.InterceptingExecutableInvoker$ReflectiveInterceptorCall.lambda$ofVoidMethod$0(InterceptingExecutableInvoker.java:103)
	at org.junit.jupiter.engine.execution.InterceptingExecutableInvoker.lambda$invoke$0(InterceptingExecutableInvoker.java:93)
	at org.junit.jupiter.engine.execution.InvocationInterceptorChain$InterceptedInvocation.proceed(InvocationInterceptorChain.java:106)
	at org.junit.jupiter.engine.execution.InvocationInterceptorChain.proceed(InvocationInterceptorChain.java:64)
	at org.junit.jupiter.engine.execution.InvocationInterceptorChain.chainAndInvoke(InvocationInterceptorChain.java:45)
	at org.junit.jupiter.engine.execution.InvocationInterceptorChain.invoke(InvocationInterceptorChain.java:37)
	at org.junit.jupiter.engine.execution.InterceptingExecutableInvoker.invoke(InterceptingExecutableInvoker.java:92)
	at org.junit.jupiter.engine.execution.InterceptingExecutableInvoker.invoke(InterceptingExecutableInvoker.java:86)
	at org.junit.jupiter.engine.descriptor.ClassBasedTestDescriptor.invokeMethodInExtensionContext(ClassBasedTestDescriptor.java:521)
	at org.junit.jupiter.engine.descriptor.ClassBasedTestDescriptor.lambda$synthesizeAfterEachMethodAdapter$24(ClassBasedTestDescriptor.java:511)
	at org.junit.jupiter.engine.descriptor.TestMethodTestDescriptor.lambda$invokeAfterEachMethods$10(TestMethodTestDescriptor.java:244)
	at org.junit.jupiter.engine.descriptor.TestMethodTestDescriptor.lambda$invokeAllAfterMethodsOrCallbacks$13(TestMethodTestDescriptor.java:277)
	at org.junit.platform.engine.support.hierarchical.ThrowableCollector.execute(ThrowableCollector.java:73)
	at org.junit.jupiter.engine.descriptor.TestMethodTestDescriptor.lambda$invokeAllAfterMethodsOrCallbacks$14(TestMethodTestDescriptor.java:277)
	at org.junit.platform.commons.util.CollectionUtils.forEachInReverseOrder(CollectionUtils.java:217)
	at org.junit.jupiter.engine.descriptor.TestMethodTestDescriptor.invokeAllAfterMethodsOrCallbacks(TestMethodTestDescriptor.java:276)
	at org.junit.jupiter.engine.descriptor.TestMethodTestDescriptor.invokeAfterEachMethods(TestMethodTestDescriptor.java:242)
	at org.junit.jupiter.engine.descriptor.TestMethodTestDescriptor.execute(TestMethodTestDescriptor.java:143)
	at org.junit.jupiter.engine.descriptor.TestMethodTestDescriptor.execute(TestMethodTestDescriptor.java:69)
	at org.junit.platform.engine.support.hierarchical.NodeTestTask.lambda$executeRecursively$6(NodeTestTask.java:151)
	at org.junit.platform.engine.support.hierarchical.ThrowableCollector.execute(ThrowableCollector.java:73)
	at org.junit.platform.engine.support.hierarchical.NodeTestTask.lambda$executeRecursively$8(NodeTestTask.java:141)
	at org.junit.platform.engine.support.hierarchical.Node.around(Node.java:137)
	at org.junit.platform.engine.support.hierarchical.NodeTestTask.lambda$executeRecursively$9(NodeTestTask.java:139)
	at org.junit.platform.engine.support.hierarchical.ThrowableCollector.execute(ThrowableCollector.java:73)
	at org.junit.platform.engine.support.hierarchical.NodeTestTask.executeRecursively(NodeTestTask.java:138)
	at org.junit.platform.engine.support.hierarchical.NodeTestTask.execute(NodeTestTask.java:95)
	at java.util.ArrayList.forEach(ArrayList.java:1259)
	at org.junit.platform.engine.support.hierarchical.SameThreadHierarchicalTestExecutorService.invokeAll(SameThreadHierarchicalTestExecutorService.java:41)
	at org.junit.platform.engine.support.hierarchical.NodeTestTask.lambda$executeRecursively$6(NodeTestTask.java:155)
	at org.junit.platform.engine.support.hierarchical.ThrowableCollector.execute(ThrowableCollector.java:73)
	at org.junit.platform.engine.support.hierarchical.NodeTestTask.lambda$executeRecursively$8(NodeTestTask.java:141)
	at org.junit.platform.engine.support.hierarchical.Node.around(Node.java:137)
	at org.junit.platform.engine.support.hierarchical.NodeTestTask.lambda$executeRecursively$9(NodeTestTask.java:139)
	at org.junit.platform.engine.support.hierarchical.ThrowableCollector.execute(ThrowableCollector.java:73)
	at org.junit.platform.engine.support.hierarchical.NodeTestTask.executeRecursively(NodeTestTask.java:138)
	at org.junit.platform.engine.support.hierarchical.NodeTestTask.execute(NodeTestTask.java:95)
	at java.util.ArrayList.forEach(ArrayList.java:1259)
	at org.junit.platform.engine.support.hierarchical.SameThreadHierarchicalTestExecutorService.invokeAll(SameThreadHierarchicalTestExecutorService.java:41)
	at org.junit.platform.engine.support.hierarchical.NodeTestTask.lambda$executeRecursively$6(NodeTestTask.java:155)
	at org.junit.platform.engine.support.hierarchical.ThrowableCollector.execute(ThrowableCollector.java:73)
	at org.junit.platform.engine.support.hierarchical.NodeTestTask.lambda$executeRecursively$8(NodeTestTask.java:141)
	at org.junit.platform.engine.support.hierarchical.Node.around(Node.java:137)
	at org.junit.platform.engine.support.hierarchical.NodeTestTask.lambda$executeRecursively$9(NodeTestTask.java:139)
	at org.junit.platform.engine.support.hierarchical.ThrowableCollector.execute(ThrowableCollector.java:73)
	at org.junit.platform.engine.support.hierarchical.NodeTestTask.executeRecursively(NodeTestTask.java:138)
	at org.junit.platform.engine.support.hierarchical.NodeTestTask.execute(NodeTestTask.java:95)
	at org.junit.platform.engine.support.hierarchical.SameThreadHierarchicalTestExecutorService.submit(SameThreadHierarchicalTestExecutorService.java:35)
	at org.junit.platform.engine.support.hierarchical.HierarchicalTestExecutor.execute(HierarchicalTestExecutor.java:57)
	at org.junit.platform.engine.support.hierarchical.HierarchicalTestEngine.execute(HierarchicalTestEngine.java:54)
	at org.junit.platform.launcher.core.EngineExecutionOrchestrator.execute(EngineExecutionOrchestrator.java:198)
	at org.junit.platform.launcher.core.EngineExecutionOrchestrator.execute(EngineExecutionOrchestrator.java:169)
	at org.junit.platform.launcher.core.EngineExecutionOrchestrator.execute(EngineExecutionOrchestrator.java:93)
	at org.junit.platform.launcher.core.EngineExecutionOrchestrator.lambda$execute$0(EngineExecutionOrchestrator.java:58)
	at org.junit.platform.launcher.core.EngineExecutionOrchestrator.withInterceptedStreams(EngineExecutionOrchestrator.java:141)
	at org.junit.platform.launcher.core.EngineExecutionOrchestrator.execute(EngineExecutionOrchestrator.java:57)
	at org.junit.platform.launcher.core.DefaultLauncher.execute(DefaultLauncher.java:103)
	at org.junit.platform.launcher.core.DefaultLauncher.execute(DefaultLauncher.java:85)
	at org.junit.platform.launcher.core.DelegatingLauncher.execute(DelegatingLauncher.java:47)
	at org.junit.platform.launcher.core.SessionPerRequestLauncher.execute(SessionPerRequestLauncher.java:63)
	at org.apache.maven.surefire.junitplatform.JUnitPlatformProvider.invokeAllTests(JUnitPlatformProvider.java:165)
	at org.apache.maven.surefire.junitplatform.JUnitPlatformProvider.invoke(JUnitPlatformProvider.java:124)
	at org.apache.maven.surefire.booter.ForkedBooter.runSuitesInProcess(ForkedBooter.java:428)
	at org.apache.maven.surefire.booter.ForkedBooter.execute(ForkedBooter.java:162)
	at org.apache.maven.surefire.booter.ForkedBooter.run(ForkedBooter.java:562)
	at org.apache.maven.surefire.booter.ForkedBooter.main(ForkedBooter.java:548)
2024-02-27 07:47:28,756 [main] WARN  server.ServerUtils (ServerUtils.java:getDefaultRatisDirectory(311)) - Storage directory for Ratis is not configured. It is a good idea to map this to an SSD disk. Falling back to ozone.metadata.dirs
2024-02-27 07:47:28,757 [main] INFO  ratis.OzoneManagerRatisServer (OzoneManagerRatisServer.java:<init>(167)) - Instantiating OM Ratis server with groupID: om-service-test1 and peers: localhost:15144, localhost:15136, localhost:15140
2024-02-27 07:47:28,758 [main] INFO  ratis.OzoneManagerStateMachine (OzoneManagerStateMachine.java:loadSnapshotInfoFromDB(574)) - LastAppliedIndex is set from TransactionInfo from OM DB as (t:1, i:52)
2024-02-27 07:47:28,758 [main] INFO  server.RaftServer (ConfUtils.java:logGet(46)) - raft.rpc.type = GRPC (default)
2024-02-27 07:47:28,758 [main] INFO  grpc.GrpcConfigKeys (ConfUtils.java:logFallback(53)) - raft.grpc.admin.host = null (fallback to raft.grpc.server.host)
2024-02-27 07:47:28,758 [main] INFO  grpc.GrpcConfigKeys (ConfUtils.java:logFallback(53)) - raft.grpc.admin.port = 15144 (fallback to raft.grpc.server.port)
2024-02-27 07:47:28,758 [main] INFO  grpc.GrpcConfigKeys (ConfUtils.java:logFallback(53)) - raft.grpc.client.host = null (fallback to raft.grpc.server.host)
2024-02-27 07:47:28,759 [main] INFO  grpc.GrpcConfigKeys (ConfUtils.java:logFallback(53)) - raft.grpc.client.port = 15144 (fallback to raft.grpc.server.port)
2024-02-27 07:47:28,759 [main] INFO  grpc.GrpcConfigKeys (ConfUtils.java:logGet(46)) - raft.grpc.server.host = null (default)
2024-02-27 07:47:28,759 [main] INFO  grpc.GrpcConfigKeys (ConfUtils.java:logGet(46)) - raft.grpc.server.port = 15144 (custom)
2024-02-27 07:47:28,759 [main] INFO  server.GrpcService (ConfUtils.java:logGet(46)) - raft.grpc.message.size.max = 4194304 (custom)
2024-02-27 07:47:28,759 [main] INFO  server.RaftServerConfigKeys (ConfUtils.java:logGet(46)) - raft.server.log.appender.buffer.byte-limit = 4194304 (custom)
2024-02-27 07:47:28,759 [main] INFO  server.GrpcService (ConfUtils.java:logGet(46)) - raft.grpc.flow.control.window = 1MB (=1048576) (default)
2024-02-27 07:47:28,759 [main] INFO  server.RaftServerConfigKeys (ConfUtils.java:logGet(46)) - raft.server.rpc.request.timeout = 3000ms (default)
2024-02-27 07:47:28,759 [main] INFO  grpc.GrpcConfigKeys (ConfUtils.java:logGet(46)) - raft.grpc.server.heartbeat.channel = true (default)
2024-02-27 07:47:28,759 [main] INFO  grpc.GrpcConfigKeys (ConfUtils.java:logGet(46)) - raft.grpc.server.async.request.thread.pool.cached = true (default)
2024-02-27 07:47:28,759 [main] INFO  grpc.GrpcConfigKeys (ConfUtils.java:logGet(46)) - raft.grpc.server.async.request.thread.pool.size = 32 (default)
2024-02-27 07:47:28,760 [main] INFO  impl.DataStreamServerImpl (ConfUtils.java:logGet(46)) - raft.datastream.type = DISABLED (default)
2024-02-27 07:47:28,761 [main] INFO  server.RaftServerConfigKeys (ConfUtils.java:logGet(46)) - raft.server.sleep.deviation.threshold = 300ms (default)
2024-02-27 07:47:28,761 [main] INFO  server.RaftServerConfigKeys (ConfUtils.java:logGet(46)) - raft.server.close.threshold = 60s (default)
2024-02-27 07:47:28,761 [main] INFO  server.RaftServerConfigKeys (ConfUtils.java:logGet(46)) - raft.server.leaderelection.leader.step-down.wait-time = 10s (default)
2024-02-27 07:47:28,761 [main] INFO  server.RaftServerConfigKeys (ConfUtils.java:logGet(46)) - raft.server.storage.dir = [/home/runner/work/ozone/ozone/hadoop-ozone/integration-test/target/test-dir/MiniOzoneClusterImpl-b00976b7-23bc-4195-b1b8-a51685bf3827/omNode-3/ratis] (custom)
2024-02-27 07:47:28,761 [main] INFO  server.RaftServerConfigKeys (ConfUtils.java:logGet(46)) - raft.server.threadpool.proxy.cached = true (default)
2024-02-27 07:47:28,761 [main] INFO  server.RaftServerConfigKeys (ConfUtils.java:logGet(46)) - raft.server.threadpool.proxy.size = 0 (default)
2024-02-27 07:47:28,761 [omNode-3-impl-thread1] INFO  server.RaftServer (RaftServerProxy.java:initGroupDir(264)) - omNode-3: found a subdirectory /home/runner/work/ozone/ozone/hadoop-ozone/integration-test/target/test-dir/MiniOzoneClusterImpl-b00976b7-23bc-4195-b1b8-a51685bf3827/omNode-3/ratis/c9bc4cf4-3bc3-3c60-a66b-523986131536
2024-02-27 07:47:28,762 [main] INFO  server.RaftServer (RaftServerProxy.java:addNew(100)) - omNode-3: addNew group-523986131536:[omNode-3|localhost:15144, omNode-1|localhost:15136, omNode-2|localhost:15140] returns group-523986131536:java.util.concurrent.CompletableFuture@18ccc681[Not completed]
2024-02-27 07:47:28,762 [omNode-3-groupManagement] INFO  server.RaftServer$Division (RaftServerImpl.java:<init>(256)) - omNode-3: new RaftServerImpl for group-523986131536:[omNode-3|localhost:15144, omNode-1|localhost:15136, omNode-2|localhost:15140] with OzoneManagerStateMachine:uninitialized
2024-02-27 07:47:28,762 [main] INFO  om.OzoneManager (OzoneManager.java:initializeRatisServer(2140)) - OzoneManager Ratis server initialized at port 15144
2024-02-27 07:47:28,762 [omNode-3-groupManagement] INFO  server.RaftServerConfigKeys (ConfUtils.java:logGet(46)) - raft.server.rpc.timeout.min = 1s (custom)
2024-02-27 07:47:28,762 [main] INFO  ratis.OzoneManagerRatisServer (OzoneManagerRatisServer.java:start(588)) - Starting OzoneManagerRatisServer omNode-3 at port 15144
2024-02-27 07:47:28,762 [omNode-3-groupManagement] INFO  server.RaftServerConfigKeys (ConfUtils.java:logGet(46)) - raft.server.rpc.timeout.max = 1200ms (custom)
2024-02-27 07:47:28,762 [omNode-3-groupManagement] INFO  server.RaftServerConfigKeys (ConfUtils.java:logGet(46)) - raft.server.rpc.sleep.time = 25ms (default)
2024-02-27 07:47:28,762 [omNode-3-groupManagement] INFO  server.RaftServerConfigKeys (ConfUtils.java:logGet(46)) - raft.server.rpc.slowness.timeout = 2s (custom)
2024-02-27 07:47:28,762 [omNode-3-groupManagement] INFO  server.RaftServerConfigKeys (ConfUtils.java:logGet(46)) - raft.server.leaderelection.leader.step-down.wait-time = 10s (default)
2024-02-27 07:47:28,762 [omNode-3-groupManagement] INFO  server.RaftServerConfigKeys (ConfUtils.java:logGet(46)) - raft.server.leaderelection.member.majority-add = false (default)
2024-02-27 07:47:28,762 [omNode-3-groupManagement] INFO  server.RaftServerConfigKeys (ConfUtils.java:logGet(46)) - raft.server.sleep.deviation.threshold = 300ms (default)
2024-02-27 07:47:28,762 [omNode-3-groupManagement] INFO  server.RaftServer$Division (ServerState.java:<init>(113)) - omNode-3@group-523986131536: ConfigurationManager, init=-1: peers:[omNode-3|localhost:15144, omNode-1|localhost:15136, omNode-2|localhost:15140]|listeners:[], old=null, confs=<EMPTY_MAP>
2024-02-27 07:47:28,762 [omNode-3-groupManagement] INFO  server.RaftServerConfigKeys (ConfUtils.java:logGet(46)) - raft.server.notification.no-leader.timeout = 2s (custom)
2024-02-27 07:47:28,762 [omNode-3-groupManagement] INFO  server.RaftServerConfigKeys (ConfUtils.java:logGet(46)) - raft.server.read.timeout = 10s (default)
2024-02-27 07:47:28,763 [omNode-3-groupManagement] INFO  server.RaftServerConfigKeys (ConfUtils.java:logGet(46)) - raft.server.retrycache.expirytime = 30000ms (custom)
2024-02-27 07:47:28,763 [omNode-3-groupManagement] INFO  server.RaftServerConfigKeys (ConfUtils.java:logGet(46)) - raft.server.retrycache.statistics.expirytime = 100ms (default)
2024-02-27 07:47:28,763 [omNode-3-groupManagement] INFO  server.RaftServerConfigKeys (ConfUtils.java:logGet(46)) - raft.server.read.option = DEFAULT (default)
2024-02-27 07:47:28,763 [omNode-3-groupManagement] INFO  server.RaftServerConfigKeys (ConfUtils.java:logGet(46)) - raft.server.read.read-after-write-consistent.write-index-cache.expiry-time = 60s (default)
2024-02-27 07:47:28,764 [omNode-3-groupManagement] INFO  server.RaftServerConfigKeys (ConfUtils.java:logGet(46)) - raft.server.rpc.request.timeout = 3000ms (default)
2024-02-27 07:47:28,764 [omNode-3-groupManagement] INFO  server.RaftServerConfigKeys (ConfUtils.java:logGet(46)) - raft.server.log.appender.install.snapshot.enabled = false (custom)
2024-02-27 07:47:28,764 [omNode-3-groupManagement] INFO  server.RaftServerConfigKeys (ConfUtils.java:logGet(46)) - raft.server.threadpool.server.cached = true (default)
2024-02-27 07:47:28,764 [omNode-3-groupManagement] INFO  server.RaftServerConfigKeys (ConfUtils.java:logGet(46)) - raft.server.threadpool.server.size = 0 (default)
2024-02-27 07:47:28,764 [omNode-3-groupManagement] INFO  server.RaftServerConfigKeys (ConfUtils.java:logGet(46)) - raft.server.threadpool.client.cached = true (default)
2024-02-27 07:47:28,764 [omNode-3-groupManagement] INFO  server.RaftServerConfigKeys (ConfUtils.java:logGet(46)) - raft.server.threadpool.client.size = 0 (default)
2024-02-27 07:47:28,764 [omNode-3-impl-thread1] INFO  server.RaftServerConfigKeys (ConfUtils.java:logGet(46)) - raft.server.storage.free-space.min = 0MB (=0) (default)
2024-02-27 07:47:28,764 [omNode-3-impl-thread1] INFO  server.RaftServerConfigKeys (ConfUtils.java:logGet(46)) - raft.server.log.corruption.policy = EXCEPTION (default)
2024-02-27 07:47:28,764 [omNode-3-impl-thread1] INFO  server.RaftServerConfigKeys (ConfUtils.java:logGet(46)) - raft.server.storage.dir = [/home/runner/work/ozone/ozone/hadoop-ozone/integration-test/target/test-dir/MiniOzoneClusterImpl-b00976b7-23bc-4195-b1b8-a51685bf3827/omNode-3/ratis] (custom)
2024-02-27 07:47:28,765 [omNode-3-impl-thread1] INFO  storage.RaftStorageDirectory (RaftStorageDirectoryImpl.java:tryLock(228)) - Lock on /home/runner/work/ozone/ozone/hadoop-ozone/integration-test/target/test-dir/MiniOzoneClusterImpl-b00976b7-23bc-4195-b1b8-a51685bf3827/omNode-3/ratis/c9bc4cf4-3bc3-3c60-a66b-523986131536/in_use.lock acquired by nodename 40924@fv-az699-61
2024-02-27 07:47:28,766 [omNode-3-impl-thread1] INFO  storage.RaftStorage (RaftStorageImpl.java:analyzeAndRecoverStorage(119)) - Read RaftStorageMetadata{term=1, votedFor=omNode-1} from /home/runner/work/ozone/ozone/hadoop-ozone/integration-test/target/test-dir/MiniOzoneClusterImpl-b00976b7-23bc-4195-b1b8-a51685bf3827/omNode-3/ratis/c9bc4cf4-3bc3-3c60-a66b-523986131536/current/raft-meta
2024-02-27 07:47:28,767 [omNode-3-impl-thread1] INFO  server.RaftServer$Division (ServerState.java:setRaftConf(386)) - omNode-3@group-523986131536: set configuration 0: peers:[omNode-3|localhost:15144, omNode-1|localhost:15136, omNode-2|localhost:15140]|listeners:[], old=null
2024-02-27 07:47:28,767 [omNode-3-impl-thread1] INFO  server.RaftServerConfigKeys (ConfUtils.java:logGet(46)) - raft.server.log.use.memory = false (default)
2024-02-27 07:47:28,767 [omNode-3-impl-thread1] INFO  server.RaftServerConfigKeys (ConfUtils.java:logGet(46)) - raft.server.log.purge.gap = 50 (custom)
2024-02-27 07:47:28,767 [omNode-3-impl-thread1] INFO  server.RaftServerConfigKeys (ConfUtils.java:logGet(46)) - raft.server.log.appender.buffer.byte-limit = 4194304 (custom)
2024-02-27 07:47:28,767 [omNode-3-impl-thread1] INFO  server.RaftServerConfigKeys (ConfUtils.java:logGet(46)) - raft.server.log.statemachine.data.read.timeout = 1000ms (default)
2024-02-27 07:47:28,767 [omNode-3-impl-thread1] INFO  server.RaftServerConfigKeys (ConfUtils.java:logGet(46)) - raft.server.log.purge.preservation.log.num = 0 (default)
2024-02-27 07:47:28,768 [omNode-3-impl-thread1] INFO  server.RaftServerConfigKeys (ConfUtils.java:logGet(46)) - raft.server.log.segment.size.max = 4194304 (custom)
2024-02-27 07:47:28,768 [omNode-3-impl-thread1] INFO  server.RaftServerConfigKeys (ConfUtils.java:logGet(46)) - raft.server.log.segment.cache.num.max = 2 (custom)
2024-02-27 07:47:28,768 [omNode-3-impl-thread1] INFO  server.RaftServerConfigKeys (ConfUtils.java:logGet(46)) - raft.server.log.segment.cache.size.max = 200MB (=209715200) (default)
2024-02-27 07:47:28,768 [omNode-3-impl-thread1] INFO  server.RaftServerConfigKeys (ConfUtils.java:logGet(46)) - raft.server.log.appender.buffer.byte-limit = 4194304 (custom)
2024-02-27 07:47:28,769 [omNode-3-impl-thread1] INFO  util.AwaitToRun (AwaitToRun.java:start(81)) - Thread[omNode-3@group-523986131536-cacheEviction-AwaitToRun,5,main] started
2024-02-27 07:47:28,769 [omNode-3-impl-thread1] INFO  segmented.SegmentedRaftLogWorker (SegmentedRaftLogWorker.java:<init>(182)) - new omNode-3@group-523986131536-SegmentedRaftLogWorker for RaftStorageImpl:Storage Directory /home/runner/work/ozone/ozone/hadoop-ozone/integration-test/target/test-dir/MiniOzoneClusterImpl-b00976b7-23bc-4195-b1b8-a51685bf3827/omNode-3/ratis/c9bc4cf4-3bc3-3c60-a66b-523986131536
2024-02-27 07:47:28,769 [omNode-3-impl-thread1] INFO  server.RaftServerConfigKeys (ConfUtils.java:logGet(46)) - raft.server.log.queue.byte-limit = 64MB (=67108864) (default)
2024-02-27 07:47:28,769 [omNode-3-impl-thread1] INFO  server.RaftServerConfigKeys (ConfUtils.java:logGet(46)) - raft.server.log.queue.element-limit = 4096 (default)
2024-02-27 07:47:28,769 [omNode-3-impl-thread1] INFO  server.RaftServerConfigKeys (ConfUtils.java:logGet(46)) - raft.server.log.segment.size.max = 4194304 (custom)
2024-02-27 07:47:28,769 [omNode-3-impl-thread1] INFO  server.RaftServerConfigKeys (ConfUtils.java:logGet(46)) - raft.server.log.preallocated.size = 4194304 (custom)
2024-02-27 07:47:28,769 [omNode-3-impl-thread1] INFO  server.RaftServerConfigKeys (ConfUtils.java:logGet(46)) - raft.server.log.force.sync.num = 128 (default)
2024-02-27 07:47:28,769 [omNode-3-impl-thread1] INFO  server.RaftServerConfigKeys (ConfUtils.java:logGet(46)) - raft.server.log.statemachine.data.sync = true (default)
2024-02-27 07:47:28,769 [omNode-3-impl-thread1] INFO  server.RaftServerConfigKeys (ConfUtils.java:logGet(46)) - raft.server.log.statemachine.data.sync.timeout = 10s (default)
2024-02-27 07:47:28,769 [omNode-3-impl-thread1] INFO  server.RaftServerConfigKeys (ConfUtils.java:logGet(46)) - raft.server.log.statemachine.data.sync.timeout.retry = -1 (default)
2024-02-27 07:47:28,769 [omNode-3-impl-thread1] INFO  server.RaftServerConfigKeys (ConfUtils.java:logGet(46)) - raft.server.log.write.buffer.size = 4194312 (custom)
2024-02-27 07:47:28,770 [omNode-3-impl-thread1] INFO  server.RaftServerConfigKeys (ConfUtils.java:logGet(46)) - raft.server.log.appender.buffer.byte-limit = 4194304 (custom)
2024-02-27 07:47:28,770 [omNode-3-impl-thread1] INFO  server.RaftServerConfigKeys (ConfUtils.java:logGet(46)) - raft.server.log.unsafe-flush.enabled = false (default)
2024-02-27 07:47:28,770 [omNode-3-impl-thread1] INFO  server.RaftServerConfigKeys (ConfUtils.java:logGet(46)) - raft.server.log.async-flush.enabled = false (default)
2024-02-27 07:47:28,770 [omNode-3-impl-thread1] INFO  server.RaftServerConfigKeys (ConfUtils.java:logGet(46)) - raft.server.log.statemachine.data.caching.enabled = false (default)
2024-02-27 07:47:28,770 [omNode-3-impl-thread1] INFO  server.RaftServer$Division (ServerState.java:setRaftConf(386)) - omNode-3@group-523986131536: set configuration 0: peers:[omNode-3|localhost:15144, omNode-1|localhost:15136, omNode-2|localhost:15140]|listeners:[], old=null
2024-02-27 07:47:28,771 [omNode-3-impl-thread1] INFO  segmented.LogSegment (LogSegment.java:loadSegment(170)) - Successfully read 53 entries from segment file /home/runner/work/ozone/ozone/hadoop-ozone/integration-test/target/test-dir/MiniOzoneClusterImpl-b00976b7-23bc-4195-b1b8-a51685bf3827/omNode-3/ratis/c9bc4cf4-3bc3-3c60-a66b-523986131536/current/log_inprogress_0
2024-02-27 07:47:28,771 [omNode-3-impl-thread1] INFO  segmented.SegmentedRaftLogWorker (SegmentedRaftLogWorker.java:lambda$new$0(134)) - omNode-3@group-523986131536-SegmentedRaftLogWorker: flushIndex: setUnconditionally 0 -> 52
2024-02-27 07:47:28,771 [omNode-3-impl-thread1] INFO  segmented.SegmentedRaftLogWorker (SegmentedRaftLogWorker.java:lambda$new$0(134)) - omNode-3@group-523986131536-SegmentedRaftLogWorker: safeCacheEvictIndex: setUnconditionally 0 -> -1
2024-02-27 07:47:28,771 [omNode-3-impl-thread1] INFO  segmented.BufferedWriteChannel (BufferedWriteChannel.java:open(62)) - open log_inprogress_0 (append) at position 16767
2024-02-27 07:47:28,771 [omNode-3-impl-thread1] INFO  server.RaftServer$Division (RaftServerImpl.java:start(396)) - omNode-3@group-523986131536: start as a follower, conf=0: peers:[omNode-3|localhost:15144, omNode-1|localhost:15136, omNode-2|localhost:15140]|listeners:[], old=null
2024-02-27 07:47:28,771 [omNode-3-impl-thread1] INFO  server.RaftServer$Division (RaftServerImpl.java:setRole(383)) - omNode-3@group-523986131536: changes role from      null to FOLLOWER at term 1 for startAsFollower
2024-02-27 07:47:28,771 [omNode-3-impl-thread1] INFO  impl.RoleInfo (RoleInfo.java:updateAndGet(139)) - omNode-3: start omNode-3@group-523986131536-FollowerState
2024-02-27 07:47:28,773 [omNode-3@group-523986131536-FollowerState] INFO  server.RaftServerConfigKeys (ConfUtils.java:logFallback(53)) - raft.server.rpc.first-election.timeout.min = 1s (fallback to raft.server.rpc.timeout.min)
2024-02-27 07:47:28,773 [omNode-3-impl-thread1] INFO  util.JmxRegister (JmxRegister.java:tryRegister(44)) - Successfully registered JMX Bean with object name Ratis:service=RaftServer,group=group-523986131536,id=omNode-3
2024-02-27 07:47:28,773 [omNode-3-impl-thread1] INFO  server.RaftServerConfigKeys (ConfUtils.java:logGet(46)) - raft.server.snapshot.trigger-when-stop.enabled = true (default)
2024-02-27 07:47:28,773 [omNode-3-impl-thread1] INFO  server.RaftServerConfigKeys (ConfUtils.java:logGet(46)) - raft.server.snapshot.auto.trigger.enabled = true (custom)
2024-02-27 07:47:28,773 [omNode-3-impl-thread1] INFO  server.RaftServerConfigKeys (ConfUtils.java:logGet(46)) - raft.server.snapshot.auto.trigger.threshold = 50 (custom)
2024-02-27 07:47:28,773 [omNode-3-impl-thread1] INFO  server.RaftServerConfigKeys (ConfUtils.java:logGet(46)) - raft.server.snapshot.retention.file.num = -1 (default)
2024-02-27 07:47:28,773 [omNode-3-impl-thread1] INFO  server.RaftServerConfigKeys (ConfUtils.java:logGet(46)) - raft.server.log.purge.upto.snapshot.index = true (custom)
2024-02-27 07:47:28,773 [omNode-3@group-523986131536-FollowerState] INFO  server.RaftServerConfigKeys (ConfUtils.java:logFallback(53)) - raft.server.rpc.first-election.timeout.max = 1200ms (fallback to raft.server.rpc.timeout.max)
2024-02-27 07:47:28,777 [main] INFO  server.RaftServer (RaftServerProxy.java:startImpl(406)) - omNode-3: start RPC server
2024-02-27 07:47:28,778 [main] INFO  server.GrpcService (GrpcService.java:startImpl(302)) - omNode-3: GrpcService started, listening on 15144
2024-02-27 07:47:28,778 [main] INFO  om.OzoneManager (OzoneManager.java:getRpcServer(1206)) - Creating RPC Server
2024-02-27 07:47:28,780 [JvmPauseMonitor46] INFO  util.JvmPauseMonitor (JvmPauseMonitor.java:run(146)) - JvmPauseMonitor-omNode-3: Started
2024-02-27 07:47:28,954 [main] INFO  ipc.CallQueueManager (CallQueueManager.java:<init>(90)) - Using callQueue: class java.util.concurrent.LinkedBlockingQueue, queueCapacity: 2000, scheduler: class org.apache.hadoop.ipc.DefaultRpcScheduler, ipcBackoff: false.
2024-02-27 07:47:28,954 [main] INFO  ipc.Server (Server.java:<init>(1287)) - Listener at localhost:15141
2024-02-27 07:47:28,954 [Socket Reader #1 for port 15141] INFO  ipc.Server (Server.java:run(1323)) - Starting Socket Reader #1 for port 15141
2024-02-27 07:47:28,956 [main] INFO  http.BaseHttpServer (BaseHttpServer.java:newHttpServer2BuilderForOzone(223)) - Starting Web-server for ozoneManager at: http://0.0.0.0:15142
2024-02-27 07:47:28,957 [main] INFO  http.BaseHttpServer (BaseHttpServer.java:<init>(110)) - Hadoop Security Enabled: false Ozone Security Enabled: false Ozone HTTP Security Enabled: false 
2024-02-27 07:47:28,958 [main] WARN  server.AuthenticationFilter (AuthenticationFilter.java:constructSecretProvider(240)) - Unable to initialize FileSignerSecretProvider, falling back to use random secrets. Reason: Could not read signature secret file: /home/runner/hadoop-http-auth-signature-secret
2024-02-27 07:47:28,958 [main] INFO  http.HttpRequestLog (HttpRequestLog.java:getRequestLog(86)) - Http request log for http.requests.ozoneManager is not defined
2024-02-27 07:47:28,959 [main] INFO  http.HttpServer2 (HttpServer2.java:addGlobalFilter(1036)) - Added global filter 'safety' (class=org.apache.hadoop.hdds.server.http.HttpServer2$QuotingInputFilter)
2024-02-27 07:47:28,959 [main] INFO  http.HttpServer2 (HttpServer2.java:addFilter(1012)) - Added filter static_user_filter (class=org.apache.hadoop.http.lib.StaticUserWebFilter$StaticUserFilter) to context ozoneManager
2024-02-27 07:47:28,959 [main] INFO  http.HttpServer2 (HttpServer2.java:addFilter(1020)) - Added filter static_user_filter (class=org.apache.hadoop.http.lib.StaticUserWebFilter$StaticUserFilter) to context logs
2024-02-27 07:47:28,959 [main] INFO  http.HttpServer2 (HttpServer2.java:addFilter(1020)) - Added filter static_user_filter (class=org.apache.hadoop.http.lib.StaticUserWebFilter$StaticUserFilter) to context static
2024-02-27 07:47:28,960 [main] INFO  http.BaseHttpServer (BaseHttpServer.java:<init>(189)) - HTTP server of ozoneManager uses base directory /home/runner/work/ozone/ozone/hadoop-ozone/integration-test/target/test-dir/MiniOzoneClusterImpl-b00976b7-23bc-4195-b1b8-a51685bf3827/omNode-3/webserver
2024-02-27 07:47:28,960 [main] INFO  http.HttpServer2 (HttpServer2.java:bindListener(1236)) - Jetty bound to port 15142
2024-02-27 07:47:28,960 [main] INFO  server.Server (Server.java:doStart(375)) - jetty-9.4.53.v20231009; built: 2023-10-09T12:29:09.265Z; git: 27bde00a0b95a1d5bbee0eae7984f891d2d0f8c9; jvm 1.8.0_402-b06
2024-02-27 07:47:28,961 [main] INFO  server.session (DefaultSessionIdManager.java:doStart(334)) - DefaultSessionIdManager workerName=node0
2024-02-27 07:47:28,961 [main] INFO  server.session (DefaultSessionIdManager.java:doStart(339)) - No SessionScavenger set, using defaults
2024-02-27 07:47:28,961 [main] INFO  server.session (HouseKeeper.java:startScavenging(132)) - node0 Scavenging every 600000ms
2024-02-27 07:47:28,962 [main] INFO  handler.ContextHandler (ContextHandler.java:doStart(921)) - Started o.e.j.s.ServletContextHandler@3a1d7336{logs,/logs,file:///home/runner/work/ozone/ozone/hadoop-ozone/integration-test/target/log,AVAILABLE}
2024-02-27 07:47:28,962 [main] INFO  handler.ContextHandler (ContextHandler.java:doStart(921)) - Started o.e.j.s.ServletContextHandler@39af2801{static,/static,file:///home/runner/work/ozone/ozone/hadoop-ozone/integration-test/target/test-classes/webapps/static,AVAILABLE}
2024-02-27 07:47:28,964 [main] INFO  handler.ContextHandler (ContextHandler.java:doStart(921)) - Started o.e.j.w.WebAppContext@18200746{ozoneManager,/,file:///home/runner/work/ozone/ozone/hadoop-ozone/integration-test/target/test-classes/webapps/ozoneManager/,AVAILABLE}{file:/home/runner/work/ozone/ozone/hadoop-ozone/integration-test/target/test-classes/webapps/ozoneManager}
2024-02-27 07:47:28,964 [main] INFO  server.AbstractConnector (AbstractConnector.java:doStart(333)) - Started ServerConnector@71a62ac6{HTTP/1.1, (http/1.1)}{0.0.0.0:15142}
2024-02-27 07:47:28,964 [main] INFO  server.Server (Server.java:doStart(415)) - Started @531672ms
2024-02-27 07:47:28,964 [main] WARN  impl.MetricsSystemImpl (MetricsSystemImpl.java:register(279)) - Sink prometheus already exists!
2024-02-27 07:47:28,965 [main] INFO  http.BaseHttpServer (BaseHttpServer.java:updateConnectorAddress(354)) - HTTP server of ozoneManager listening at http://0.0.0.0:15142
2024-02-27 07:47:28,965 [IPC Server Responder] INFO  ipc.Server (Server.java:run(1562)) - IPC Server Responder: starting
2024-02-27 07:47:28,965 [IPC Server listener on 15141] INFO  ipc.Server (Server.java:run(1402)) - IPC Server listener on 15141: starting
2024-02-27 07:47:28,971 [main] INFO  om.OzoneManager (OzoneManager.java:startTrashEmptier(2093)) - Trash Interval set to 0. Files deleted won't move to trash
2024-02-27 07:47:28,971 [main] INFO  om.OzoneManager (OzoneManager.java:restart(1710)) - OzoneManager RPC server is listening at localhost/127.0.0.1:15133
2024-02-27 07:47:28,971 [main] INFO  impl.MetricsSystemImpl (MetricsSystemImpl.java:init(158)) - OzoneManager metrics system started (again)
2024-02-27 07:47:28,980 [main] WARN  server.ServerUtils (ServerUtils.java:getDBPath(299)) - ozone.om.db.dirs is not configured. We recommend adding this setting. Falling back to ozone.metadata.dirs instead.
2024-02-27 07:47:28,981 [main] INFO  helpers.OmKeyInfo (OmKeyInfo.java:getCodec(71)) - OmKeyInfo.getCodec ignorePipeline = true
2024-02-27 07:47:29,018 [main] INFO  om.OzoneManager (OzoneManager.java:instantiateServices(804)) - S3 Multi-Tenancy is disabled
2024-02-27 07:47:29,019 [main] INFO  om.OmSnapshotManager (OmSnapshotManager.java:<init>(177)) - Ozone filesystem snapshot feature is enabled.
2024-02-27 07:47:29,019 [main] WARN  server.ServerUtils (ServerUtils.java:getDBPath(299)) - ozone.om.snapshot.diff.db.dir is not configured. We recommend adding this setting. Falling back to ozone.metadata.dirs instead.
2024-02-27 07:47:29,028 [main] INFO  utils.NativeLibraryLoader (NativeLibraryLoader.java:loadLibrary(108)) - Loading Library: ozone_rocksdb_tools
2024-02-27 07:47:29,028 [main] ERROR snapshot.SnapshotDiffManager (SnapshotDiffManager.java:initNativeLibraryForEfficientDiff(287)) - Native Library for raw sst file reading loading failed.
org.apache.hadoop.hdds.utils.NativeLibraryNotLoadedException: Unable to load library ozone_rocksdb_tools from both java.library.path & resource file libozone_rocksdb_tools.so from jar.
	at org.apache.hadoop.hdds.utils.db.managed.ManagedRawSSTFileReader.loadLibrary(ManagedRawSSTFileReader.java:38)
	at org.apache.hadoop.ozone.om.snapshot.SnapshotDiffManager.initNativeLibraryForEfficientDiff(SnapshotDiffManager.java:285)
	at org.apache.hadoop.ozone.om.snapshot.SnapshotDiffManager.<init>(SnapshotDiffManager.java:259)
	at org.apache.hadoop.ozone.om.OmSnapshotManager.<init>(OmSnapshotManager.java:279)
	at org.apache.hadoop.ozone.om.OzoneManager.instantiateServices(OzoneManager.java:856)
	at org.apache.hadoop.ozone.om.OzoneManager.restart(OzoneManager.java:1715)
	at org.apache.hadoop.ozone.MiniOzoneHAClusterImpl.restartOzoneManager(MiniOzoneHAClusterImpl.java:211)
	at org.apache.hadoop.ozone.om.TestOzoneManagerPrepare.resetCluster(TestOzoneManagerPrepare.java:113)
	at sun.reflect.NativeMethodAccessorImpl.invoke0(Native Method)
	at sun.reflect.NativeMethodAccessorImpl.invoke(NativeMethodAccessorImpl.java:62)
	at sun.reflect.DelegatingMethodAccessorImpl.invoke(DelegatingMethodAccessorImpl.java:43)
	at java.lang.reflect.Method.invoke(Method.java:498)
	at org.junit.platform.commons.util.ReflectionUtils.invokeMethod(ReflectionUtils.java:728)
	at org.junit.jupiter.engine.execution.MethodInvocation.proceed(MethodInvocation.java:60)
	at org.junit.jupiter.engine.execution.InvocationInterceptorChain$ValidatingInvocation.proceed(InvocationInterceptorChain.java:131)
	at org.junit.jupiter.engine.extension.TimeoutExtension.intercept(TimeoutExtension.java:156)
	at org.junit.jupiter.engine.extension.TimeoutExtension.interceptLifecycleMethod(TimeoutExtension.java:128)
	at org.junit.jupiter.engine.extension.TimeoutExtension.interceptAfterEachMethod(TimeoutExtension.java:110)
	at org.junit.jupiter.engine.execution.InterceptingExecutableInvoker$ReflectiveInterceptorCall.lambda$ofVoidMethod$0(InterceptingExecutableInvoker.java:103)
	at org.junit.jupiter.engine.execution.InterceptingExecutableInvoker.lambda$invoke$0(InterceptingExecutableInvoker.java:93)
	at org.junit.jupiter.engine.execution.InvocationInterceptorChain$InterceptedInvocation.proceed(InvocationInterceptorChain.java:106)
	at org.junit.jupiter.engine.execution.InvocationInterceptorChain.proceed(InvocationInterceptorChain.java:64)
	at org.junit.jupiter.engine.execution.InvocationInterceptorChain.chainAndInvoke(InvocationInterceptorChain.java:45)
	at org.junit.jupiter.engine.execution.InvocationInterceptorChain.invoke(InvocationInterceptorChain.java:37)
	at org.junit.jupiter.engine.execution.InterceptingExecutableInvoker.invoke(InterceptingExecutableInvoker.java:92)
	at org.junit.jupiter.engine.execution.InterceptingExecutableInvoker.invoke(InterceptingExecutableInvoker.java:86)
	at org.junit.jupiter.engine.descriptor.ClassBasedTestDescriptor.invokeMethodInExtensionContext(ClassBasedTestDescriptor.java:521)
	at org.junit.jupiter.engine.descriptor.ClassBasedTestDescriptor.lambda$synthesizeAfterEachMethodAdapter$24(ClassBasedTestDescriptor.java:511)
	at org.junit.jupiter.engine.descriptor.TestMethodTestDescriptor.lambda$invokeAfterEachMethods$10(TestMethodTestDescriptor.java:244)
	at org.junit.jupiter.engine.descriptor.TestMethodTestDescriptor.lambda$invokeAllAfterMethodsOrCallbacks$13(TestMethodTestDescriptor.java:277)
	at org.junit.platform.engine.support.hierarchical.ThrowableCollector.execute(ThrowableCollector.java:73)
	at org.junit.jupiter.engine.descriptor.TestMethodTestDescriptor.lambda$invokeAllAfterMethodsOrCallbacks$14(TestMethodTestDescriptor.java:277)
	at org.junit.platform.commons.util.CollectionUtils.forEachInReverseOrder(CollectionUtils.java:217)
	at org.junit.jupiter.engine.descriptor.TestMethodTestDescriptor.invokeAllAfterMethodsOrCallbacks(TestMethodTestDescriptor.java:276)
	at org.junit.jupiter.engine.descriptor.TestMethodTestDescriptor.invokeAfterEachMethods(TestMethodTestDescriptor.java:242)
	at org.junit.jupiter.engine.descriptor.TestMethodTestDescriptor.execute(TestMethodTestDescriptor.java:143)
	at org.junit.jupiter.engine.descriptor.TestMethodTestDescriptor.execute(TestMethodTestDescriptor.java:69)
	at org.junit.platform.engine.support.hierarchical.NodeTestTask.lambda$executeRecursively$6(NodeTestTask.java:151)
	at org.junit.platform.engine.support.hierarchical.ThrowableCollector.execute(ThrowableCollector.java:73)
	at org.junit.platform.engine.support.hierarchical.NodeTestTask.lambda$executeRecursively$8(NodeTestTask.java:141)
	at org.junit.platform.engine.support.hierarchical.Node.around(Node.java:137)
	at org.junit.platform.engine.support.hierarchical.NodeTestTask.lambda$executeRecursively$9(NodeTestTask.java:139)
	at org.junit.platform.engine.support.hierarchical.ThrowableCollector.execute(ThrowableCollector.java:73)
	at org.junit.platform.engine.support.hierarchical.NodeTestTask.executeRecursively(NodeTestTask.java:138)
	at org.junit.platform.engine.support.hierarchical.NodeTestTask.execute(NodeTestTask.java:95)
	at java.util.ArrayList.forEach(ArrayList.java:1259)
	at org.junit.platform.engine.support.hierarchical.SameThreadHierarchicalTestExecutorService.invokeAll(SameThreadHierarchicalTestExecutorService.java:41)
	at org.junit.platform.engine.support.hierarchical.NodeTestTask.lambda$executeRecursively$6(NodeTestTask.java:155)
	at org.junit.platform.engine.support.hierarchical.ThrowableCollector.execute(ThrowableCollector.java:73)
	at org.junit.platform.engine.support.hierarchical.NodeTestTask.lambda$executeRecursively$8(NodeTestTask.java:141)
	at org.junit.platform.engine.support.hierarchical.Node.around(Node.java:137)
	at org.junit.platform.engine.support.hierarchical.NodeTestTask.lambda$executeRecursively$9(NodeTestTask.java:139)
	at org.junit.platform.engine.support.hierarchical.ThrowableCollector.execute(ThrowableCollector.java:73)
	at org.junit.platform.engine.support.hierarchical.NodeTestTask.executeRecursively(NodeTestTask.java:138)
	at org.junit.platform.engine.support.hierarchical.NodeTestTask.execute(NodeTestTask.java:95)
	at java.util.ArrayList.forEach(ArrayList.java:1259)
	at org.junit.platform.engine.support.hierarchical.SameThreadHierarchicalTestExecutorService.invokeAll(SameThreadHierarchicalTestExecutorService.java:41)
	at org.junit.platform.engine.support.hierarchical.NodeTestTask.lambda$executeRecursively$6(NodeTestTask.java:155)
	at org.junit.platform.engine.support.hierarchical.ThrowableCollector.execute(ThrowableCollector.java:73)
	at org.junit.platform.engine.support.hierarchical.NodeTestTask.lambda$executeRecursively$8(NodeTestTask.java:141)
	at org.junit.platform.engine.support.hierarchical.Node.around(Node.java:137)
	at org.junit.platform.engine.support.hierarchical.NodeTestTask.lambda$executeRecursively$9(NodeTestTask.java:139)
	at org.junit.platform.engine.support.hierarchical.ThrowableCollector.execute(ThrowableCollector.java:73)
	at org.junit.platform.engine.support.hierarchical.NodeTestTask.executeRecursively(NodeTestTask.java:138)
	at org.junit.platform.engine.support.hierarchical.NodeTestTask.execute(NodeTestTask.java:95)
	at org.junit.platform.engine.support.hierarchical.SameThreadHierarchicalTestExecutorService.submit(SameThreadHierarchicalTestExecutorService.java:35)
	at org.junit.platform.engine.support.hierarchical.HierarchicalTestExecutor.execute(HierarchicalTestExecutor.java:57)
	at org.junit.platform.engine.support.hierarchical.HierarchicalTestEngine.execute(HierarchicalTestEngine.java:54)
	at org.junit.platform.launcher.core.EngineExecutionOrchestrator.execute(EngineExecutionOrchestrator.java:198)
	at org.junit.platform.launcher.core.EngineExecutionOrchestrator.execute(EngineExecutionOrchestrator.java:169)
	at org.junit.platform.launcher.core.EngineExecutionOrchestrator.execute(EngineExecutionOrchestrator.java:93)
	at org.junit.platform.launcher.core.EngineExecutionOrchestrator.lambda$execute$0(EngineExecutionOrchestrator.java:58)
	at org.junit.platform.launcher.core.EngineExecutionOrchestrator.withInterceptedStreams(EngineExecutionOrchestrator.java:141)
	at org.junit.platform.launcher.core.EngineExecutionOrchestrator.execute(EngineExecutionOrchestrator.java:57)
	at org.junit.platform.launcher.core.DefaultLauncher.execute(DefaultLauncher.java:103)
	at org.junit.platform.launcher.core.DefaultLauncher.execute(DefaultLauncher.java:85)
	at org.junit.platform.launcher.core.DelegatingLauncher.execute(DelegatingLauncher.java:47)
	at org.junit.platform.launcher.core.SessionPerRequestLauncher.execute(SessionPerRequestLauncher.java:63)
	at org.apache.maven.surefire.junitplatform.JUnitPlatformProvider.invokeAllTests(JUnitPlatformProvider.java:165)
	at org.apache.maven.surefire.junitplatform.JUnitPlatformProvider.invoke(JUnitPlatformProvider.java:124)
	at org.apache.maven.surefire.booter.ForkedBooter.runSuitesInProcess(ForkedBooter.java:428)
	at org.apache.maven.surefire.booter.ForkedBooter.execute(ForkedBooter.java:162)
	at org.apache.maven.surefire.booter.ForkedBooter.run(ForkedBooter.java:562)
	at org.apache.maven.surefire.booter.ForkedBooter.main(ForkedBooter.java:548)
2024-02-27 07:47:29,030 [main] WARN  om.OzoneManager (OzoneManager.java:instantiatePrepareStateOnStartup(4510)) - Prepare marker file index 52 does not match DB prepare index 51. Writing DB index to prepare file and maintaining prepared state.
2024-02-27 07:47:29,030 [main] INFO  om.OzoneManagerPrepareState (OzoneManagerPrepareState.java:writePrepareMarkerFile(262)) - Prepare marker file written with log index 51 to file /home/runner/work/ozone/ozone/hadoop-ozone/integration-test/target/test-dir/MiniOzoneClusterImpl-b00976b7-23bc-4195-b1b8-a51685bf3827/omNode-1/current/prepareMarker
2024-02-27 07:47:29,032 [main] WARN  dropwizard3.Dm3MetricRegistriesImpl (Dm3MetricRegistriesImpl.java:addReporterRegistration(113)) - New reporters are added after registries were created. Some metrics will be missing from the reporter. Please add reporter before adding any new registry.
2024-02-27 07:47:29,033 [main] WARN  dropwizard3.Dm3MetricRegistriesImpl (Dm3MetricRegistriesImpl.java:addReporterRegistration(113)) - New reporters are added after registries were created. Some metrics will be missing from the reporter. Please add reporter before adding any new registry.
2024-02-27 07:47:29,033 [main] WARN  server.ServerUtils (ServerUtils.java:getDefaultRatisDirectory(311)) - Storage directory for Ratis is not configured. It is a good idea to map this to an SSD disk. Falling back to ozone.metadata.dirs
2024-02-27 07:47:29,034 [main] INFO  ratis.OzoneManagerRatisServer (OzoneManagerRatisServer.java:<init>(167)) - Instantiating OM Ratis server with groupID: om-service-test1 and peers: localhost:15136, localhost:15144, localhost:15140
2024-02-27 07:47:29,034 [main] INFO  ratis.OzoneManagerStateMachine (OzoneManagerStateMachine.java:loadSnapshotInfoFromDB(574)) - LastAppliedIndex is set from TransactionInfo from OM DB as (t:1, i:52)
2024-02-27 07:47:29,034 [main] INFO  server.RaftServer (ConfUtils.java:logGet(46)) - raft.rpc.type = GRPC (default)
2024-02-27 07:47:29,034 [main] INFO  grpc.GrpcConfigKeys (ConfUtils.java:logFallback(53)) - raft.grpc.admin.host = null (fallback to raft.grpc.server.host)
2024-02-27 07:47:29,035 [main] INFO  grpc.GrpcConfigKeys (ConfUtils.java:logFallback(53)) - raft.grpc.admin.port = 15136 (fallback to raft.grpc.server.port)
2024-02-27 07:47:29,035 [main] INFO  grpc.GrpcConfigKeys (ConfUtils.java:logFallback(53)) - raft.grpc.client.host = null (fallback to raft.grpc.server.host)
2024-02-27 07:47:29,035 [main] INFO  grpc.GrpcConfigKeys (ConfUtils.java:logFallback(53)) - raft.grpc.client.port = 15136 (fallback to raft.grpc.server.port)
2024-02-27 07:47:29,035 [main] INFO  grpc.GrpcConfigKeys (ConfUtils.java:logGet(46)) - raft.grpc.server.host = null (default)
2024-02-27 07:47:29,035 [main] INFO  grpc.GrpcConfigKeys (ConfUtils.java:logGet(46)) - raft.grpc.server.port = 15136 (custom)
2024-02-27 07:47:29,036 [main] INFO  server.GrpcService (ConfUtils.java:logGet(46)) - raft.grpc.message.size.max = 4194304 (custom)
2024-02-27 07:47:29,036 [main] INFO  server.RaftServerConfigKeys (ConfUtils.java:logGet(46)) - raft.server.log.appender.buffer.byte-limit = 4194304 (custom)
2024-02-27 07:47:29,036 [main] INFO  server.GrpcService (ConfUtils.java:logGet(46)) - raft.grpc.flow.control.window = 1MB (=1048576) (default)
2024-02-27 07:47:29,036 [main] INFO  server.RaftServerConfigKeys (ConfUtils.java:logGet(46)) - raft.server.rpc.request.timeout = 3000ms (default)
2024-02-27 07:47:29,036 [main] INFO  grpc.GrpcConfigKeys (ConfUtils.java:logGet(46)) - raft.grpc.server.heartbeat.channel = true (default)
2024-02-27 07:47:29,036 [main] INFO  grpc.GrpcConfigKeys (ConfUtils.java:logGet(46)) - raft.grpc.server.async.request.thread.pool.cached = true (default)
2024-02-27 07:47:29,037 [main] INFO  grpc.GrpcConfigKeys (ConfUtils.java:logGet(46)) - raft.grpc.server.async.request.thread.pool.size = 32 (default)
2024-02-27 07:47:29,038 [main] INFO  impl.DataStreamServerImpl (ConfUtils.java:logGet(46)) - raft.datastream.type = DISABLED (default)
2024-02-27 07:47:29,038 [main] INFO  server.RaftServerConfigKeys (ConfUtils.java:logGet(46)) - raft.server.sleep.deviation.threshold = 300ms (default)
2024-02-27 07:47:29,038 [main] INFO  server.RaftServerConfigKeys (ConfUtils.java:logGet(46)) - raft.server.close.threshold = 60s (default)
2024-02-27 07:47:29,038 [main] INFO  server.RaftServerConfigKeys (ConfUtils.java:logGet(46)) - raft.server.leaderelection.leader.step-down.wait-time = 10s (default)
2024-02-27 07:47:29,038 [main] INFO  server.RaftServerConfigKeys (ConfUtils.java:logGet(46)) - raft.server.storage.dir = [/home/runner/work/ozone/ozone/hadoop-ozone/integration-test/target/test-dir/MiniOzoneClusterImpl-b00976b7-23bc-4195-b1b8-a51685bf3827/omNode-1/ratis] (custom)
2024-02-27 07:47:29,038 [main] INFO  server.RaftServerConfigKeys (ConfUtils.java:logGet(46)) - raft.server.threadpool.proxy.cached = true (default)
2024-02-27 07:47:29,039 [main] INFO  server.RaftServerConfigKeys (ConfUtils.java:logGet(46)) - raft.server.threadpool.proxy.size = 0 (default)
2024-02-27 07:47:29,039 [omNode-1-impl-thread1] INFO  server.RaftServer (RaftServerProxy.java:initGroupDir(264)) - omNode-1: found a subdirectory /home/runner/work/ozone/ozone/hadoop-ozone/integration-test/target/test-dir/MiniOzoneClusterImpl-b00976b7-23bc-4195-b1b8-a51685bf3827/omNode-1/ratis/c9bc4cf4-3bc3-3c60-a66b-523986131536
2024-02-27 07:47:29,039 [main] INFO  server.RaftServer (RaftServerProxy.java:addNew(100)) - omNode-1: addNew group-523986131536:[omNode-3|localhost:15144, omNode-1|localhost:15136, omNode-2|localhost:15140] returns group-523986131536:java.util.concurrent.CompletableFuture@4ac8d5d8[Not completed]
2024-02-27 07:47:29,039 [main] INFO  om.OzoneManager (OzoneManager.java:initializeRatisServer(2140)) - OzoneManager Ratis server initialized at port 15136
2024-02-27 07:47:29,039 [omNode-1-groupManagement] INFO  server.RaftServer$Division (RaftServerImpl.java:<init>(256)) - omNode-1: new RaftServerImpl for group-523986131536:[omNode-3|localhost:15144, omNode-1|localhost:15136, omNode-2|localhost:15140] with OzoneManagerStateMachine:uninitialized
2024-02-27 07:47:29,039 [main] INFO  ratis.OzoneManagerRatisServer (OzoneManagerRatisServer.java:start(588)) - Starting OzoneManagerRatisServer omNode-1 at port 15136
2024-02-27 07:47:29,039 [omNode-1-groupManagement] INFO  server.RaftServerConfigKeys (ConfUtils.java:logGet(46)) - raft.server.rpc.timeout.min = 1s (custom)
2024-02-27 07:47:29,040 [omNode-1-groupManagement] INFO  server.RaftServerConfigKeys (ConfUtils.java:logGet(46)) - raft.server.rpc.timeout.max = 1200ms (custom)
2024-02-27 07:47:29,040 [omNode-1-groupManagement] INFO  server.RaftServerConfigKeys (ConfUtils.java:logGet(46)) - raft.server.rpc.sleep.time = 25ms (default)
2024-02-27 07:47:29,040 [omNode-1-groupManagement] INFO  server.RaftServerConfigKeys (ConfUtils.java:logGet(46)) - raft.server.rpc.slowness.timeout = 2s (custom)
2024-02-27 07:47:29,040 [omNode-1-groupManagement] INFO  server.RaftServerConfigKeys (ConfUtils.java:logGet(46)) - raft.server.leaderelection.leader.step-down.wait-time = 10s (default)
2024-02-27 07:47:29,040 [omNode-1-groupManagement] INFO  server.RaftServerConfigKeys (ConfUtils.java:logGet(46)) - raft.server.leaderelection.member.majority-add = false (default)
2024-02-27 07:47:29,040 [omNode-1-groupManagement] INFO  server.RaftServerConfigKeys (ConfUtils.java:logGet(46)) - raft.server.sleep.deviation.threshold = 300ms (default)
2024-02-27 07:47:29,040 [omNode-1-groupManagement] INFO  server.RaftServer$Division (ServerState.java:<init>(113)) - omNode-1@group-523986131536: ConfigurationManager, init=-1: peers:[omNode-3|localhost:15144, omNode-1|localhost:15136, omNode-2|localhost:15140]|listeners:[], old=null, confs=<EMPTY_MAP>
2024-02-27 07:47:29,040 [omNode-1-groupManagement] INFO  server.RaftServerConfigKeys (ConfUtils.java:logGet(46)) - raft.server.notification.no-leader.timeout = 2s (custom)
2024-02-27 07:47:29,040 [omNode-1-groupManagement] INFO  server.RaftServerConfigKeys (ConfUtils.java:logGet(46)) - raft.server.read.timeout = 10s (default)
2024-02-27 07:47:29,040 [omNode-1-groupManagement] INFO  server.RaftServerConfigKeys (ConfUtils.java:logGet(46)) - raft.server.retrycache.expirytime = 30000ms (custom)
2024-02-27 07:47:29,040 [omNode-1-groupManagement] INFO  server.RaftServerConfigKeys (ConfUtils.java:logGet(46)) - raft.server.retrycache.statistics.expirytime = 100ms (default)
2024-02-27 07:47:29,040 [omNode-1-groupManagement] INFO  server.RaftServerConfigKeys (ConfUtils.java:logGet(46)) - raft.server.read.option = DEFAULT (default)
2024-02-27 07:47:29,040 [omNode-1-groupManagement] INFO  server.RaftServerConfigKeys (ConfUtils.java:logGet(46)) - raft.server.read.read-after-write-consistent.write-index-cache.expiry-time = 60s (default)
2024-02-27 07:47:29,041 [omNode-1-groupManagement] INFO  server.RaftServerConfigKeys (ConfUtils.java:logGet(46)) - raft.server.rpc.request.timeout = 3000ms (default)
2024-02-27 07:47:29,041 [omNode-1-groupManagement] INFO  server.RaftServerConfigKeys (ConfUtils.java:logGet(46)) - raft.server.log.appender.install.snapshot.enabled = false (custom)
2024-02-27 07:47:29,041 [omNode-1-groupManagement] INFO  server.RaftServerConfigKeys (ConfUtils.java:logGet(46)) - raft.server.threadpool.server.cached = true (default)
2024-02-27 07:47:29,041 [omNode-1-groupManagement] INFO  server.RaftServerConfigKeys (ConfUtils.java:logGet(46)) - raft.server.threadpool.server.size = 0 (default)
2024-02-27 07:47:29,041 [omNode-1-groupManagement] INFO  server.RaftServerConfigKeys (ConfUtils.java:logGet(46)) - raft.server.threadpool.client.cached = true (default)
2024-02-27 07:47:29,041 [omNode-1-groupManagement] INFO  server.RaftServerConfigKeys (ConfUtils.java:logGet(46)) - raft.server.threadpool.client.size = 0 (default)
2024-02-27 07:47:29,041 [omNode-1-impl-thread1] INFO  server.RaftServerConfigKeys (ConfUtils.java:logGet(46)) - raft.server.storage.free-space.min = 0MB (=0) (default)
2024-02-27 07:47:29,041 [omNode-1-impl-thread1] INFO  server.RaftServerConfigKeys (ConfUtils.java:logGet(46)) - raft.server.log.corruption.policy = EXCEPTION (default)
2024-02-27 07:47:29,041 [omNode-1-impl-thread1] INFO  server.RaftServerConfigKeys (ConfUtils.java:logGet(46)) - raft.server.storage.dir = [/home/runner/work/ozone/ozone/hadoop-ozone/integration-test/target/test-dir/MiniOzoneClusterImpl-b00976b7-23bc-4195-b1b8-a51685bf3827/omNode-1/ratis] (custom)
2024-02-27 07:47:29,042 [omNode-1-impl-thread1] INFO  storage.RaftStorageDirectory (RaftStorageDirectoryImpl.java:tryLock(228)) - Lock on /home/runner/work/ozone/ozone/hadoop-ozone/integration-test/target/test-dir/MiniOzoneClusterImpl-b00976b7-23bc-4195-b1b8-a51685bf3827/omNode-1/ratis/c9bc4cf4-3bc3-3c60-a66b-523986131536/in_use.lock acquired by nodename 40924@fv-az699-61
2024-02-27 07:47:29,042 [omNode-1-impl-thread1] INFO  storage.RaftStorage (RaftStorageImpl.java:analyzeAndRecoverStorage(119)) - Read RaftStorageMetadata{term=1, votedFor=omNode-1} from /home/runner/work/ozone/ozone/hadoop-ozone/integration-test/target/test-dir/MiniOzoneClusterImpl-b00976b7-23bc-4195-b1b8-a51685bf3827/omNode-1/ratis/c9bc4cf4-3bc3-3c60-a66b-523986131536/current/raft-meta
2024-02-27 07:47:29,043 [omNode-1-impl-thread1] INFO  server.RaftServer$Division (ServerState.java:setRaftConf(386)) - omNode-1@group-523986131536: set configuration 0: peers:[omNode-3|localhost:15144, omNode-1|localhost:15136, omNode-2|localhost:15140]|listeners:[], old=null
2024-02-27 07:47:29,043 [omNode-1-impl-thread1] INFO  server.RaftServerConfigKeys (ConfUtils.java:logGet(46)) - raft.server.log.use.memory = false (default)
2024-02-27 07:47:29,044 [omNode-1-impl-thread1] INFO  server.RaftServerConfigKeys (ConfUtils.java:logGet(46)) - raft.server.log.purge.gap = 50 (custom)
2024-02-27 07:47:29,044 [omNode-1-impl-thread1] INFO  server.RaftServerConfigKeys (ConfUtils.java:logGet(46)) - raft.server.log.appender.buffer.byte-limit = 4194304 (custom)
2024-02-27 07:47:29,044 [omNode-1-impl-thread1] INFO  server.RaftServerConfigKeys (ConfUtils.java:logGet(46)) - raft.server.log.statemachine.data.read.timeout = 1000ms (default)
2024-02-27 07:47:29,044 [omNode-1-impl-thread1] INFO  server.RaftServerConfigKeys (ConfUtils.java:logGet(46)) - raft.server.log.purge.preservation.log.num = 0 (default)
2024-02-27 07:47:29,044 [omNode-1-impl-thread1] INFO  server.RaftServerConfigKeys (ConfUtils.java:logGet(46)) - raft.server.log.segment.size.max = 4194304 (custom)
2024-02-27 07:47:29,044 [omNode-1-impl-thread1] INFO  server.RaftServerConfigKeys (ConfUtils.java:logGet(46)) - raft.server.log.segment.cache.num.max = 2 (custom)
2024-02-27 07:47:29,044 [omNode-1-impl-thread1] INFO  server.RaftServerConfigKeys (ConfUtils.java:logGet(46)) - raft.server.log.segment.cache.size.max = 200MB (=209715200) (default)
2024-02-27 07:47:29,044 [omNode-1-impl-thread1] INFO  server.RaftServerConfigKeys (ConfUtils.java:logGet(46)) - raft.server.log.appender.buffer.byte-limit = 4194304 (custom)
2024-02-27 07:47:29,044 [omNode-1-impl-thread1] INFO  util.AwaitToRun (AwaitToRun.java:start(81)) - Thread[omNode-1@group-523986131536-cacheEviction-AwaitToRun,5,main] started
2024-02-27 07:47:29,045 [omNode-1-impl-thread1] INFO  segmented.SegmentedRaftLogWorker (SegmentedRaftLogWorker.java:<init>(182)) - new omNode-1@group-523986131536-SegmentedRaftLogWorker for RaftStorageImpl:Storage Directory /home/runner/work/ozone/ozone/hadoop-ozone/integration-test/target/test-dir/MiniOzoneClusterImpl-b00976b7-23bc-4195-b1b8-a51685bf3827/omNode-1/ratis/c9bc4cf4-3bc3-3c60-a66b-523986131536
2024-02-27 07:47:29,045 [omNode-1-impl-thread1] INFO  server.RaftServerConfigKeys (ConfUtils.java:logGet(46)) - raft.server.log.queue.byte-limit = 64MB (=67108864) (default)
2024-02-27 07:47:29,045 [omNode-1-impl-thread1] INFO  server.RaftServerConfigKeys (ConfUtils.java:logGet(46)) - raft.server.log.queue.element-limit = 4096 (default)
2024-02-27 07:47:29,045 [omNode-1-impl-thread1] INFO  server.RaftServerConfigKeys (ConfUtils.java:logGet(46)) - raft.server.log.segment.size.max = 4194304 (custom)
2024-02-27 07:47:29,045 [omNode-1-impl-thread1] INFO  server.RaftServerConfigKeys (ConfUtils.java:logGet(46)) - raft.server.log.preallocated.size = 4194304 (custom)
2024-02-27 07:47:29,045 [omNode-1-impl-thread1] INFO  server.RaftServerConfigKeys (ConfUtils.java:logGet(46)) - raft.server.log.force.sync.num = 128 (default)
2024-02-27 07:47:29,045 [omNode-1-impl-thread1] INFO  server.RaftServerConfigKeys (ConfUtils.java:logGet(46)) - raft.server.log.statemachine.data.sync = true (default)
2024-02-27 07:47:29,045 [omNode-1-impl-thread1] INFO  server.RaftServerConfigKeys (ConfUtils.java:logGet(46)) - raft.server.log.statemachine.data.sync.timeout = 10s (default)
2024-02-27 07:47:29,045 [omNode-1-impl-thread1] INFO  server.RaftServerConfigKeys (ConfUtils.java:logGet(46)) - raft.server.log.statemachine.data.sync.timeout.retry = -1 (default)
2024-02-27 07:47:29,045 [omNode-1-impl-thread1] INFO  server.RaftServerConfigKeys (ConfUtils.java:logGet(46)) - raft.server.log.write.buffer.size = 4194312 (custom)
2024-02-27 07:47:29,045 [omNode-1-impl-thread1] INFO  server.RaftServerConfigKeys (ConfUtils.java:logGet(46)) - raft.server.log.appender.buffer.byte-limit = 4194304 (custom)
2024-02-27 07:47:29,045 [omNode-1-impl-thread1] INFO  server.RaftServerConfigKeys (ConfUtils.java:logGet(46)) - raft.server.log.unsafe-flush.enabled = false (default)
2024-02-27 07:47:29,045 [omNode-1-impl-thread1] INFO  server.RaftServerConfigKeys (ConfUtils.java:logGet(46)) - raft.server.log.async-flush.enabled = false (default)
2024-02-27 07:47:29,045 [omNode-1-impl-thread1] INFO  server.RaftServerConfigKeys (ConfUtils.java:logGet(46)) - raft.server.log.statemachine.data.caching.enabled = false (default)
2024-02-27 07:47:29,045 [omNode-1-impl-thread1] INFO  segmented.SegmentedRaftLogWorker (SegmentedRaftLogWorker.java:lambda$new$0(134)) - omNode-1@group-523986131536-SegmentedRaftLogWorker: flushIndex: setUnconditionally 0 -> 52
2024-02-27 07:47:29,045 [omNode-1-impl-thread1] INFO  segmented.SegmentedRaftLogWorker (SegmentedRaftLogWorker.java:lambda$new$0(134)) - omNode-1@group-523986131536-SegmentedRaftLogWorker: safeCacheEvictIndex: setUnconditionally 0 -> -1
2024-02-27 07:47:29,046 [omNode-1-impl-thread1] INFO  server.RaftServer$Division (RaftServerImpl.java:start(396)) - omNode-1@group-523986131536: start as a follower, conf=0: peers:[omNode-3|localhost:15144, omNode-1|localhost:15136, omNode-2|localhost:15140]|listeners:[], old=null
2024-02-27 07:47:29,046 [omNode-1-impl-thread1] INFO  server.RaftServer$Division (RaftServerImpl.java:setRole(383)) - omNode-1@group-523986131536: changes role from      null to FOLLOWER at term 1 for startAsFollower
2024-02-27 07:47:29,046 [omNode-1-impl-thread1] INFO  impl.RoleInfo (RoleInfo.java:updateAndGet(139)) - omNode-1: start omNode-1@group-523986131536-FollowerState
2024-02-27 07:47:29,046 [omNode-1@group-523986131536-FollowerState] INFO  server.RaftServerConfigKeys (ConfUtils.java:logFallback(53)) - raft.server.rpc.first-election.timeout.min = 1s (fallback to raft.server.rpc.timeout.min)
2024-02-27 07:47:29,046 [omNode-1-impl-thread1] INFO  util.JmxRegister (JmxRegister.java:tryRegister(44)) - Successfully registered JMX Bean with object name Ratis:service=RaftServer,group=group-523986131536,id=omNode-1
2024-02-27 07:47:29,046 [omNode-1@group-523986131536-FollowerState] INFO  server.RaftServerConfigKeys (ConfUtils.java:logFallback(53)) - raft.server.rpc.first-election.timeout.max = 1200ms (fallback to raft.server.rpc.timeout.max)
2024-02-27 07:47:29,046 [omNode-1-impl-thread1] INFO  server.RaftServerConfigKeys (ConfUtils.java:logGet(46)) - raft.server.snapshot.trigger-when-stop.enabled = true (default)
2024-02-27 07:47:29,046 [omNode-1-impl-thread1] INFO  server.RaftServerConfigKeys (ConfUtils.java:logGet(46)) - raft.server.snapshot.auto.trigger.enabled = true (custom)
2024-02-27 07:47:29,046 [omNode-1-impl-thread1] INFO  server.RaftServerConfigKeys (ConfUtils.java:logGet(46)) - raft.server.snapshot.auto.trigger.threshold = 50 (custom)
2024-02-27 07:47:29,046 [omNode-1-impl-thread1] INFO  server.RaftServerConfigKeys (ConfUtils.java:logGet(46)) - raft.server.snapshot.retention.file.num = -1 (default)
2024-02-27 07:47:29,046 [omNode-1-impl-thread1] INFO  server.RaftServerConfigKeys (ConfUtils.java:logGet(46)) - raft.server.log.purge.upto.snapshot.index = true (custom)
2024-02-27 07:47:29,046 [main] INFO  server.RaftServer (RaftServerProxy.java:startImpl(406)) - omNode-1: start RPC server
2024-02-27 07:47:29,048 [main] INFO  server.GrpcService (GrpcService.java:startImpl(302)) - omNode-1: GrpcService started, listening on 15136
2024-02-27 07:47:29,048 [main] INFO  om.OzoneManager (OzoneManager.java:getRpcServer(1206)) - Creating RPC Server
2024-02-27 07:47:29,048 [JvmPauseMonitor47] INFO  util.JvmPauseMonitor (JvmPauseMonitor.java:run(146)) - JvmPauseMonitor-omNode-1: Started
2024-02-27 07:47:29,255 [main] INFO  ipc.CallQueueManager (CallQueueManager.java:<init>(90)) - Using callQueue: class java.util.concurrent.LinkedBlockingQueue, queueCapacity: 2000, scheduler: class org.apache.hadoop.ipc.DefaultRpcScheduler, ipcBackoff: false.
2024-02-27 07:47:29,255 [main] INFO  ipc.Server (Server.java:<init>(1287)) - Listener at localhost:15133
2024-02-27 07:47:29,255 [Socket Reader #1 for port 15133] INFO  ipc.Server (Server.java:run(1323)) - Starting Socket Reader #1 for port 15133
2024-02-27 07:47:29,258 [main] INFO  http.BaseHttpServer (BaseHttpServer.java:newHttpServer2BuilderForOzone(223)) - Starting Web-server for ozoneManager at: http://0.0.0.0:15134
2024-02-27 07:47:29,258 [main] INFO  http.BaseHttpServer (BaseHttpServer.java:<init>(110)) - Hadoop Security Enabled: false Ozone Security Enabled: false Ozone HTTP Security Enabled: false 
2024-02-27 07:47:29,259 [main] WARN  server.AuthenticationFilter (AuthenticationFilter.java:constructSecretProvider(240)) - Unable to initialize FileSignerSecretProvider, falling back to use random secrets. Reason: Could not read signature secret file: /home/runner/hadoop-http-auth-signature-secret
2024-02-27 07:47:29,259 [main] INFO  http.HttpRequestLog (HttpRequestLog.java:getRequestLog(86)) - Http request log for http.requests.ozoneManager is not defined
2024-02-27 07:47:29,260 [main] INFO  http.HttpServer2 (HttpServer2.java:addGlobalFilter(1036)) - Added global filter 'safety' (class=org.apache.hadoop.hdds.server.http.HttpServer2$QuotingInputFilter)
2024-02-27 07:47:29,261 [main] INFO  http.HttpServer2 (HttpServer2.java:addFilter(1012)) - Added filter static_user_filter (class=org.apache.hadoop.http.lib.StaticUserWebFilter$StaticUserFilter) to context ozoneManager
2024-02-27 07:47:29,261 [main] INFO  http.HttpServer2 (HttpServer2.java:addFilter(1020)) - Added filter static_user_filter (class=org.apache.hadoop.http.lib.StaticUserWebFilter$StaticUserFilter) to context logs
2024-02-27 07:47:29,261 [main] INFO  http.HttpServer2 (HttpServer2.java:addFilter(1020)) - Added filter static_user_filter (class=org.apache.hadoop.http.lib.StaticUserWebFilter$StaticUserFilter) to context static
2024-02-27 07:47:29,262 [main] INFO  http.BaseHttpServer (BaseHttpServer.java:<init>(189)) - HTTP server of ozoneManager uses base directory /home/runner/work/ozone/ozone/hadoop-ozone/integration-test/target/test-dir/MiniOzoneClusterImpl-b00976b7-23bc-4195-b1b8-a51685bf3827/omNode-1/webserver
2024-02-27 07:47:29,262 [main] INFO  http.HttpServer2 (HttpServer2.java:bindListener(1236)) - Jetty bound to port 15134
2024-02-27 07:47:29,262 [main] INFO  server.Server (Server.java:doStart(375)) - jetty-9.4.53.v20231009; built: 2023-10-09T12:29:09.265Z; git: 27bde00a0b95a1d5bbee0eae7984f891d2d0f8c9; jvm 1.8.0_402-b06
2024-02-27 07:47:29,264 [main] INFO  server.session (DefaultSessionIdManager.java:doStart(334)) - DefaultSessionIdManager workerName=node0
2024-02-27 07:47:29,264 [main] INFO  server.session (DefaultSessionIdManager.java:doStart(339)) - No SessionScavenger set, using defaults
2024-02-27 07:47:29,264 [main] INFO  server.session (HouseKeeper.java:startScavenging(132)) - node0 Scavenging every 660000ms
2024-02-27 07:47:29,268 [main] INFO  handler.ContextHandler (ContextHandler.java:doStart(921)) - Started o.e.j.s.ServletContextHandler@52ba834b{logs,/logs,file:///home/runner/work/ozone/ozone/hadoop-ozone/integration-test/target/log,AVAILABLE}
2024-02-27 07:47:29,268 [main] INFO  handler.ContextHandler (ContextHandler.java:doStart(921)) - Started o.e.j.s.ServletContextHandler@2a795ff1{static,/static,file:///home/runner/work/ozone/ozone/hadoop-ozone/integration-test/target/test-classes/webapps/static,AVAILABLE}
2024-02-27 07:47:29,270 [main] INFO  handler.ContextHandler (ContextHandler.java:doStart(921)) - Started o.e.j.w.WebAppContext@3ea5db99{ozoneManager,/,file:///home/runner/work/ozone/ozone/hadoop-ozone/integration-test/target/test-classes/webapps/ozoneManager/,AVAILABLE}{file:/home/runner/work/ozone/ozone/hadoop-ozone/integration-test/target/test-classes/webapps/ozoneManager}
2024-02-27 07:47:29,270 [main] INFO  server.AbstractConnector (AbstractConnector.java:doStart(333)) - Started ServerConnector@f6bcc60{HTTP/1.1, (http/1.1)}{0.0.0.0:15134}
2024-02-27 07:47:29,270 [main] INFO  server.Server (Server.java:doStart(415)) - Started @531978ms
2024-02-27 07:47:29,270 [main] WARN  impl.MetricsSystemImpl (MetricsSystemImpl.java:register(279)) - Sink prometheus already exists!
2024-02-27 07:47:29,271 [main] INFO  http.BaseHttpServer (BaseHttpServer.java:updateConnectorAddress(354)) - HTTP server of ozoneManager listening at http://0.0.0.0:15134
2024-02-27 07:47:29,271 [IPC Server Responder] INFO  ipc.Server (Server.java:run(1562)) - IPC Server Responder: starting
2024-02-27 07:47:29,271 [IPC Server listener on 15133] INFO  ipc.Server (Server.java:run(1402)) - IPC Server listener on 15133: starting
2024-02-27 07:47:29,274 [main] INFO  om.OzoneManager (OzoneManager.java:startTrashEmptier(2093)) - Trash Interval set to 0. Files deleted won't move to trash
2024-02-27 07:47:29,276 [main] INFO  om.OzoneManager (OzoneManager.java:restart(1710)) - OzoneManager RPC server is listening at localhost/127.0.0.1:15137
2024-02-27 07:47:29,276 [main] INFO  impl.MetricsSystemImpl (MetricsSystemImpl.java:init(158)) - OzoneManager metrics system started (again)
2024-02-27 07:47:29,284 [main] WARN  server.ServerUtils (ServerUtils.java:getDBPath(299)) - ozone.om.db.dirs is not configured. We recommend adding this setting. Falling back to ozone.metadata.dirs instead.
2024-02-27 07:47:29,284 [main] INFO  helpers.OmKeyInfo (OmKeyInfo.java:getCodec(71)) - OmKeyInfo.getCodec ignorePipeline = true
2024-02-27 07:47:29,315 [main] INFO  om.OzoneManager (OzoneManager.java:instantiateServices(804)) - S3 Multi-Tenancy is disabled
2024-02-27 07:47:29,316 [main] INFO  om.OmSnapshotManager (OmSnapshotManager.java:<init>(177)) - Ozone filesystem snapshot feature is enabled.
2024-02-27 07:47:29,316 [main] WARN  server.ServerUtils (ServerUtils.java:getDBPath(299)) - ozone.om.snapshot.diff.db.dir is not configured. We recommend adding this setting. Falling back to ozone.metadata.dirs instead.
2024-02-27 07:47:29,324 [main] INFO  utils.NativeLibraryLoader (NativeLibraryLoader.java:loadLibrary(108)) - Loading Library: ozone_rocksdb_tools
2024-02-27 07:47:29,325 [main] ERROR snapshot.SnapshotDiffManager (SnapshotDiffManager.java:initNativeLibraryForEfficientDiff(287)) - Native Library for raw sst file reading loading failed.
org.apache.hadoop.hdds.utils.NativeLibraryNotLoadedException: Unable to load library ozone_rocksdb_tools from both java.library.path & resource file libozone_rocksdb_tools.so from jar.
	at org.apache.hadoop.hdds.utils.db.managed.ManagedRawSSTFileReader.loadLibrary(ManagedRawSSTFileReader.java:38)
	at org.apache.hadoop.ozone.om.snapshot.SnapshotDiffManager.initNativeLibraryForEfficientDiff(SnapshotDiffManager.java:285)
	at org.apache.hadoop.ozone.om.snapshot.SnapshotDiffManager.<init>(SnapshotDiffManager.java:259)
	at org.apache.hadoop.ozone.om.OmSnapshotManager.<init>(OmSnapshotManager.java:279)
	at org.apache.hadoop.ozone.om.OzoneManager.instantiateServices(OzoneManager.java:856)
	at org.apache.hadoop.ozone.om.OzoneManager.restart(OzoneManager.java:1715)
	at org.apache.hadoop.ozone.MiniOzoneHAClusterImpl.restartOzoneManager(MiniOzoneHAClusterImpl.java:211)
	at org.apache.hadoop.ozone.om.TestOzoneManagerPrepare.resetCluster(TestOzoneManagerPrepare.java:113)
	at sun.reflect.NativeMethodAccessorImpl.invoke0(Native Method)
	at sun.reflect.NativeMethodAccessorImpl.invoke(NativeMethodAccessorImpl.java:62)
	at sun.reflect.DelegatingMethodAccessorImpl.invoke(DelegatingMethodAccessorImpl.java:43)
	at java.lang.reflect.Method.invoke(Method.java:498)
	at org.junit.platform.commons.util.ReflectionUtils.invokeMethod(ReflectionUtils.java:728)
	at org.junit.jupiter.engine.execution.MethodInvocation.proceed(MethodInvocation.java:60)
	at org.junit.jupiter.engine.execution.InvocationInterceptorChain$ValidatingInvocation.proceed(InvocationInterceptorChain.java:131)
	at org.junit.jupiter.engine.extension.TimeoutExtension.intercept(TimeoutExtension.java:156)
	at org.junit.jupiter.engine.extension.TimeoutExtension.interceptLifecycleMethod(TimeoutExtension.java:128)
	at org.junit.jupiter.engine.extension.TimeoutExtension.interceptAfterEachMethod(TimeoutExtension.java:110)
	at org.junit.jupiter.engine.execution.InterceptingExecutableInvoker$ReflectiveInterceptorCall.lambda$ofVoidMethod$0(InterceptingExecutableInvoker.java:103)
	at org.junit.jupiter.engine.execution.InterceptingExecutableInvoker.lambda$invoke$0(InterceptingExecutableInvoker.java:93)
	at org.junit.jupiter.engine.execution.InvocationInterceptorChain$InterceptedInvocation.proceed(InvocationInterceptorChain.java:106)
	at org.junit.jupiter.engine.execution.InvocationInterceptorChain.proceed(InvocationInterceptorChain.java:64)
	at org.junit.jupiter.engine.execution.InvocationInterceptorChain.chainAndInvoke(InvocationInterceptorChain.java:45)
	at org.junit.jupiter.engine.execution.InvocationInterceptorChain.invoke(InvocationInterceptorChain.java:37)
	at org.junit.jupiter.engine.execution.InterceptingExecutableInvoker.invoke(InterceptingExecutableInvoker.java:92)
	at org.junit.jupiter.engine.execution.InterceptingExecutableInvoker.invoke(InterceptingExecutableInvoker.java:86)
	at org.junit.jupiter.engine.descriptor.ClassBasedTestDescriptor.invokeMethodInExtensionContext(ClassBasedTestDescriptor.java:521)
	at org.junit.jupiter.engine.descriptor.ClassBasedTestDescriptor.lambda$synthesizeAfterEachMethodAdapter$24(ClassBasedTestDescriptor.java:511)
	at org.junit.jupiter.engine.descriptor.TestMethodTestDescriptor.lambda$invokeAfterEachMethods$10(TestMethodTestDescriptor.java:244)
	at org.junit.jupiter.engine.descriptor.TestMethodTestDescriptor.lambda$invokeAllAfterMethodsOrCallbacks$13(TestMethodTestDescriptor.java:277)
	at org.junit.platform.engine.support.hierarchical.ThrowableCollector.execute(ThrowableCollector.java:73)
	at org.junit.jupiter.engine.descriptor.TestMethodTestDescriptor.lambda$invokeAllAfterMethodsOrCallbacks$14(TestMethodTestDescriptor.java:277)
	at org.junit.platform.commons.util.CollectionUtils.forEachInReverseOrder(CollectionUtils.java:217)
	at org.junit.jupiter.engine.descriptor.TestMethodTestDescriptor.invokeAllAfterMethodsOrCallbacks(TestMethodTestDescriptor.java:276)
	at org.junit.jupiter.engine.descriptor.TestMethodTestDescriptor.invokeAfterEachMethods(TestMethodTestDescriptor.java:242)
	at org.junit.jupiter.engine.descriptor.TestMethodTestDescriptor.execute(TestMethodTestDescriptor.java:143)
	at org.junit.jupiter.engine.descriptor.TestMethodTestDescriptor.execute(TestMethodTestDescriptor.java:69)
	at org.junit.platform.engine.support.hierarchical.NodeTestTask.lambda$executeRecursively$6(NodeTestTask.java:151)
	at org.junit.platform.engine.support.hierarchical.ThrowableCollector.execute(ThrowableCollector.java:73)
	at org.junit.platform.engine.support.hierarchical.NodeTestTask.lambda$executeRecursively$8(NodeTestTask.java:141)
	at org.junit.platform.engine.support.hierarchical.Node.around(Node.java:137)
	at org.junit.platform.engine.support.hierarchical.NodeTestTask.lambda$executeRecursively$9(NodeTestTask.java:139)
	at org.junit.platform.engine.support.hierarchical.ThrowableCollector.execute(ThrowableCollector.java:73)
	at org.junit.platform.engine.support.hierarchical.NodeTestTask.executeRecursively(NodeTestTask.java:138)
	at org.junit.platform.engine.support.hierarchical.NodeTestTask.execute(NodeTestTask.java:95)
	at java.util.ArrayList.forEach(ArrayList.java:1259)
	at org.junit.platform.engine.support.hierarchical.SameThreadHierarchicalTestExecutorService.invokeAll(SameThreadHierarchicalTestExecutorService.java:41)
	at org.junit.platform.engine.support.hierarchical.NodeTestTask.lambda$executeRecursively$6(NodeTestTask.java:155)
	at org.junit.platform.engine.support.hierarchical.ThrowableCollector.execute(ThrowableCollector.java:73)
	at org.junit.platform.engine.support.hierarchical.NodeTestTask.lambda$executeRecursively$8(NodeTestTask.java:141)
	at org.junit.platform.engine.support.hierarchical.Node.around(Node.java:137)
	at org.junit.platform.engine.support.hierarchical.NodeTestTask.lambda$executeRecursively$9(NodeTestTask.java:139)
	at org.junit.platform.engine.support.hierarchical.ThrowableCollector.execute(ThrowableCollector.java:73)
	at org.junit.platform.engine.support.hierarchical.NodeTestTask.executeRecursively(NodeTestTask.java:138)
	at org.junit.platform.engine.support.hierarchical.NodeTestTask.execute(NodeTestTask.java:95)
	at java.util.ArrayList.forEach(ArrayList.java:1259)
	at org.junit.platform.engine.support.hierarchical.SameThreadHierarchicalTestExecutorService.invokeAll(SameThreadHierarchicalTestExecutorService.java:41)
	at org.junit.platform.engine.support.hierarchical.NodeTestTask.lambda$executeRecursively$6(NodeTestTask.java:155)
	at org.junit.platform.engine.support.hierarchical.ThrowableCollector.execute(ThrowableCollector.java:73)
	at org.junit.platform.engine.support.hierarchical.NodeTestTask.lambda$executeRecursively$8(NodeTestTask.java:141)
	at org.junit.platform.engine.support.hierarchical.Node.around(Node.java:137)
	at org.junit.platform.engine.support.hierarchical.NodeTestTask.lambda$executeRecursively$9(NodeTestTask.java:139)
	at org.junit.platform.engine.support.hierarchical.ThrowableCollector.execute(ThrowableCollector.java:73)
	at org.junit.platform.engine.support.hierarchical.NodeTestTask.executeRecursively(NodeTestTask.java:138)
	at org.junit.platform.engine.support.hierarchical.NodeTestTask.execute(NodeTestTask.java:95)
	at org.junit.platform.engine.support.hierarchical.SameThreadHierarchicalTestExecutorService.submit(SameThreadHierarchicalTestExecutorService.java:35)
	at org.junit.platform.engine.support.hierarchical.HierarchicalTestExecutor.execute(HierarchicalTestExecutor.java:57)
	at org.junit.platform.engine.support.hierarchical.HierarchicalTestEngine.execute(HierarchicalTestEngine.java:54)
	at org.junit.platform.launcher.core.EngineExecutionOrchestrator.execute(EngineExecutionOrchestrator.java:198)
	at org.junit.platform.launcher.core.EngineExecutionOrchestrator.execute(EngineExecutionOrchestrator.java:169)
	at org.junit.platform.launcher.core.EngineExecutionOrchestrator.execute(EngineExecutionOrchestrator.java:93)
	at org.junit.platform.launcher.core.EngineExecutionOrchestrator.lambda$execute$0(EngineExecutionOrchestrator.java:58)
	at org.junit.platform.launcher.core.EngineExecutionOrchestrator.withInterceptedStreams(EngineExecutionOrchestrator.java:141)
	at org.junit.platform.launcher.core.EngineExecutionOrchestrator.execute(EngineExecutionOrchestrator.java:57)
	at org.junit.platform.launcher.core.DefaultLauncher.execute(DefaultLauncher.java:103)
	at org.junit.platform.launcher.core.DefaultLauncher.execute(DefaultLauncher.java:85)
	at org.junit.platform.launcher.core.DelegatingLauncher.execute(DelegatingLauncher.java:47)
	at org.junit.platform.launcher.core.SessionPerRequestLauncher.execute(SessionPerRequestLauncher.java:63)
	at org.apache.maven.surefire.junitplatform.JUnitPlatformProvider.invokeAllTests(JUnitPlatformProvider.java:165)
	at org.apache.maven.surefire.junitplatform.JUnitPlatformProvider.invoke(JUnitPlatformProvider.java:124)
	at org.apache.maven.surefire.booter.ForkedBooter.runSuitesInProcess(ForkedBooter.java:428)
	at org.apache.maven.surefire.booter.ForkedBooter.execute(ForkedBooter.java:162)
	at org.apache.maven.surefire.booter.ForkedBooter.run(ForkedBooter.java:562)
	at org.apache.maven.surefire.booter.ForkedBooter.main(ForkedBooter.java:548)
2024-02-27 07:47:29,329 [main] WARN  dropwizard3.Dm3MetricRegistriesImpl (Dm3MetricRegistriesImpl.java:addReporterRegistration(113)) - New reporters are added after registries were created. Some metrics will be missing from the reporter. Please add reporter before adding any new registry.
2024-02-27 07:47:29,329 [main] WARN  dropwizard3.Dm3MetricRegistriesImpl (Dm3MetricRegistriesImpl.java:addReporterRegistration(113)) - New reporters are added after registries were created. Some metrics will be missing from the reporter. Please add reporter before adding any new registry.
2024-02-27 07:47:29,329 [main] WARN  server.ServerUtils (ServerUtils.java:getDefaultRatisDirectory(311)) - Storage directory for Ratis is not configured. It is a good idea to map this to an SSD disk. Falling back to ozone.metadata.dirs
2024-02-27 07:47:29,330 [main] INFO  ratis.OzoneManagerRatisServer (OzoneManagerRatisServer.java:<init>(167)) - Instantiating OM Ratis server with groupID: om-service-test1 and peers: localhost:15140, localhost:15144, localhost:15136
2024-02-27 07:47:29,330 [main] INFO  ratis.OzoneManagerStateMachine (OzoneManagerStateMachine.java:loadSnapshotInfoFromDB(574)) - LastAppliedIndex is set from TransactionInfo from OM DB as (t:1, i:52)
2024-02-27 07:47:29,330 [main] INFO  server.RaftServer (ConfUtils.java:logGet(46)) - raft.rpc.type = GRPC (default)
2024-02-27 07:47:29,331 [main] INFO  grpc.GrpcConfigKeys (ConfUtils.java:logFallback(53)) - raft.grpc.admin.host = null (fallback to raft.grpc.server.host)
2024-02-27 07:47:29,331 [main] INFO  grpc.GrpcConfigKeys (ConfUtils.java:logFallback(53)) - raft.grpc.admin.port = 15140 (fallback to raft.grpc.server.port)
2024-02-27 07:47:29,331 [main] INFO  grpc.GrpcConfigKeys (ConfUtils.java:logFallback(53)) - raft.grpc.client.host = null (fallback to raft.grpc.server.host)
2024-02-27 07:47:29,331 [main] INFO  grpc.GrpcConfigKeys (ConfUtils.java:logFallback(53)) - raft.grpc.client.port = 15140 (fallback to raft.grpc.server.port)
2024-02-27 07:47:29,331 [main] INFO  grpc.GrpcConfigKeys (ConfUtils.java:logGet(46)) - raft.grpc.server.host = null (default)
2024-02-27 07:47:29,332 [main] INFO  grpc.GrpcConfigKeys (ConfUtils.java:logGet(46)) - raft.grpc.server.port = 15140 (custom)
2024-02-27 07:47:29,332 [main] INFO  server.GrpcService (ConfUtils.java:logGet(46)) - raft.grpc.message.size.max = 4194304 (custom)
2024-02-27 07:47:29,332 [main] INFO  server.RaftServerConfigKeys (ConfUtils.java:logGet(46)) - raft.server.log.appender.buffer.byte-limit = 4194304 (custom)
2024-02-27 07:47:29,332 [main] INFO  server.GrpcService (ConfUtils.java:logGet(46)) - raft.grpc.flow.control.window = 1MB (=1048576) (default)
2024-02-27 07:47:29,332 [main] INFO  server.RaftServerConfigKeys (ConfUtils.java:logGet(46)) - raft.server.rpc.request.timeout = 3000ms (default)
2024-02-27 07:47:29,332 [main] INFO  grpc.GrpcConfigKeys (ConfUtils.java:logGet(46)) - raft.grpc.server.heartbeat.channel = true (default)
2024-02-27 07:47:29,333 [main] INFO  grpc.GrpcConfigKeys (ConfUtils.java:logGet(46)) - raft.grpc.server.async.request.thread.pool.cached = true (default)
2024-02-27 07:47:29,333 [main] INFO  grpc.GrpcConfigKeys (ConfUtils.java:logGet(46)) - raft.grpc.server.async.request.thread.pool.size = 32 (default)
2024-02-27 07:47:29,334 [main] INFO  impl.DataStreamServerImpl (ConfUtils.java:logGet(46)) - raft.datastream.type = DISABLED (default)
2024-02-27 07:47:29,334 [main] INFO  server.RaftServerConfigKeys (ConfUtils.java:logGet(46)) - raft.server.sleep.deviation.threshold = 300ms (default)
2024-02-27 07:47:29,334 [main] INFO  server.RaftServerConfigKeys (ConfUtils.java:logGet(46)) - raft.server.close.threshold = 60s (default)
2024-02-27 07:47:29,334 [main] INFO  server.RaftServerConfigKeys (ConfUtils.java:logGet(46)) - raft.server.leaderelection.leader.step-down.wait-time = 10s (default)
2024-02-27 07:47:29,335 [main] INFO  server.RaftServerConfigKeys (ConfUtils.java:logGet(46)) - raft.server.storage.dir = [/home/runner/work/ozone/ozone/hadoop-ozone/integration-test/target/test-dir/MiniOzoneClusterImpl-b00976b7-23bc-4195-b1b8-a51685bf3827/omNode-2/ratis] (custom)
2024-02-27 07:47:29,335 [main] INFO  server.RaftServerConfigKeys (ConfUtils.java:logGet(46)) - raft.server.threadpool.proxy.cached = true (default)
2024-02-27 07:47:29,335 [main] INFO  server.RaftServerConfigKeys (ConfUtils.java:logGet(46)) - raft.server.threadpool.proxy.size = 0 (default)
2024-02-27 07:47:29,335 [omNode-2-impl-thread1] INFO  server.RaftServer (RaftServerProxy.java:initGroupDir(264)) - omNode-2: found a subdirectory /home/runner/work/ozone/ozone/hadoop-ozone/integration-test/target/test-dir/MiniOzoneClusterImpl-b00976b7-23bc-4195-b1b8-a51685bf3827/omNode-2/ratis/c9bc4cf4-3bc3-3c60-a66b-523986131536
2024-02-27 07:47:29,336 [main] INFO  server.RaftServer (RaftServerProxy.java:addNew(100)) - omNode-2: addNew group-523986131536:[omNode-3|localhost:15144, omNode-1|localhost:15136, omNode-2|localhost:15140] returns group-523986131536:java.util.concurrent.CompletableFuture@2f002a49[Not completed]
2024-02-27 07:47:29,336 [main] INFO  om.OzoneManager (OzoneManager.java:initializeRatisServer(2140)) - OzoneManager Ratis server initialized at port 15140
2024-02-27 07:47:29,336 [main] INFO  ratis.OzoneManagerRatisServer (OzoneManagerRatisServer.java:start(588)) - Starting OzoneManagerRatisServer omNode-2 at port 15140
2024-02-27 07:47:29,336 [omNode-2-groupManagement] INFO  server.RaftServer$Division (RaftServerImpl.java:<init>(256)) - omNode-2: new RaftServerImpl for group-523986131536:[omNode-3|localhost:15144, omNode-1|localhost:15136, omNode-2|localhost:15140] with OzoneManagerStateMachine:uninitialized
2024-02-27 07:47:29,336 [omNode-2-groupManagement] INFO  server.RaftServerConfigKeys (ConfUtils.java:logGet(46)) - raft.server.rpc.timeout.min = 1s (custom)
2024-02-27 07:47:29,336 [omNode-2-groupManagement] INFO  server.RaftServerConfigKeys (ConfUtils.java:logGet(46)) - raft.server.rpc.timeout.max = 1200ms (custom)
2024-02-27 07:47:29,336 [omNode-2-groupManagement] INFO  server.RaftServerConfigKeys (ConfUtils.java:logGet(46)) - raft.server.rpc.sleep.time = 25ms (default)
2024-02-27 07:47:29,336 [omNode-2-groupManagement] INFO  server.RaftServerConfigKeys (ConfUtils.java:logGet(46)) - raft.server.rpc.slowness.timeout = 2s (custom)
2024-02-27 07:47:29,336 [omNode-2-groupManagement] INFO  server.RaftServerConfigKeys (ConfUtils.java:logGet(46)) - raft.server.leaderelection.leader.step-down.wait-time = 10s (default)
2024-02-27 07:47:29,336 [omNode-2-groupManagement] INFO  server.RaftServerConfigKeys (ConfUtils.java:logGet(46)) - raft.server.leaderelection.member.majority-add = false (default)
2024-02-27 07:47:29,336 [omNode-2-groupManagement] INFO  server.RaftServerConfigKeys (ConfUtils.java:logGet(46)) - raft.server.sleep.deviation.threshold = 300ms (default)
2024-02-27 07:47:29,336 [omNode-2-groupManagement] INFO  server.RaftServer$Division (ServerState.java:<init>(113)) - omNode-2@group-523986131536: ConfigurationManager, init=-1: peers:[omNode-3|localhost:15144, omNode-1|localhost:15136, omNode-2|localhost:15140]|listeners:[], old=null, confs=<EMPTY_MAP>
2024-02-27 07:47:29,336 [omNode-2-groupManagement] INFO  server.RaftServerConfigKeys (ConfUtils.java:logGet(46)) - raft.server.notification.no-leader.timeout = 2s (custom)
2024-02-27 07:47:29,336 [omNode-2-groupManagement] INFO  server.RaftServerConfigKeys (ConfUtils.java:logGet(46)) - raft.server.read.timeout = 10s (default)
2024-02-27 07:47:29,336 [omNode-2-groupManagement] INFO  server.RaftServerConfigKeys (ConfUtils.java:logGet(46)) - raft.server.retrycache.expirytime = 30000ms (custom)
2024-02-27 07:47:29,336 [omNode-2-groupManagement] INFO  server.RaftServerConfigKeys (ConfUtils.java:logGet(46)) - raft.server.retrycache.statistics.expirytime = 100ms (default)
2024-02-27 07:47:29,337 [omNode-2-groupManagement] INFO  server.RaftServerConfigKeys (ConfUtils.java:logGet(46)) - raft.server.read.option = DEFAULT (default)
2024-02-27 07:47:29,337 [omNode-2-groupManagement] INFO  server.RaftServerConfigKeys (ConfUtils.java:logGet(46)) - raft.server.read.read-after-write-consistent.write-index-cache.expiry-time = 60s (default)
2024-02-27 07:47:29,337 [omNode-2-groupManagement] INFO  server.RaftServerConfigKeys (ConfUtils.java:logGet(46)) - raft.server.rpc.request.timeout = 3000ms (default)
2024-02-27 07:47:29,338 [omNode-2-groupManagement] INFO  server.RaftServerConfigKeys (ConfUtils.java:logGet(46)) - raft.server.log.appender.install.snapshot.enabled = false (custom)
2024-02-27 07:47:29,338 [omNode-2-groupManagement] INFO  server.RaftServerConfigKeys (ConfUtils.java:logGet(46)) - raft.server.threadpool.server.cached = true (default)
2024-02-27 07:47:29,338 [omNode-2-groupManagement] INFO  server.RaftServerConfigKeys (ConfUtils.java:logGet(46)) - raft.server.threadpool.server.size = 0 (default)
2024-02-27 07:47:29,338 [omNode-2-groupManagement] INFO  server.RaftServerConfigKeys (ConfUtils.java:logGet(46)) - raft.server.threadpool.client.cached = true (default)
2024-02-27 07:47:29,338 [omNode-2-groupManagement] INFO  server.RaftServerConfigKeys (ConfUtils.java:logGet(46)) - raft.server.threadpool.client.size = 0 (default)
2024-02-27 07:47:29,338 [omNode-2-impl-thread1] INFO  server.RaftServerConfigKeys (ConfUtils.java:logGet(46)) - raft.server.storage.free-space.min = 0MB (=0) (default)
2024-02-27 07:47:29,338 [omNode-2-impl-thread1] INFO  server.RaftServerConfigKeys (ConfUtils.java:logGet(46)) - raft.server.log.corruption.policy = EXCEPTION (default)
2024-02-27 07:47:29,338 [omNode-2-impl-thread1] INFO  server.RaftServerConfigKeys (ConfUtils.java:logGet(46)) - raft.server.storage.dir = [/home/runner/work/ozone/ozone/hadoop-ozone/integration-test/target/test-dir/MiniOzoneClusterImpl-b00976b7-23bc-4195-b1b8-a51685bf3827/omNode-2/ratis] (custom)
2024-02-27 07:47:29,339 [omNode-2-impl-thread1] INFO  storage.RaftStorageDirectory (RaftStorageDirectoryImpl.java:tryLock(228)) - Lock on /home/runner/work/ozone/ozone/hadoop-ozone/integration-test/target/test-dir/MiniOzoneClusterImpl-b00976b7-23bc-4195-b1b8-a51685bf3827/omNode-2/ratis/c9bc4cf4-3bc3-3c60-a66b-523986131536/in_use.lock acquired by nodename 40924@fv-az699-61
2024-02-27 07:47:29,339 [omNode-2-impl-thread1] INFO  storage.RaftStorage (RaftStorageImpl.java:analyzeAndRecoverStorage(119)) - Read RaftStorageMetadata{term=1, votedFor=omNode-1} from /home/runner/work/ozone/ozone/hadoop-ozone/integration-test/target/test-dir/MiniOzoneClusterImpl-b00976b7-23bc-4195-b1b8-a51685bf3827/omNode-2/ratis/c9bc4cf4-3bc3-3c60-a66b-523986131536/current/raft-meta
2024-02-27 07:47:29,340 [omNode-2-impl-thread1] INFO  server.RaftServer$Division (ServerState.java:setRaftConf(386)) - omNode-2@group-523986131536: set configuration 0: peers:[omNode-3|localhost:15144, omNode-1|localhost:15136, omNode-2|localhost:15140]|listeners:[], old=null
2024-02-27 07:47:29,340 [omNode-2-impl-thread1] INFO  server.RaftServerConfigKeys (ConfUtils.java:logGet(46)) - raft.server.log.use.memory = false (default)
2024-02-27 07:47:29,340 [omNode-2-impl-thread1] INFO  server.RaftServerConfigKeys (ConfUtils.java:logGet(46)) - raft.server.log.purge.gap = 50 (custom)
2024-02-27 07:47:29,341 [omNode-2-impl-thread1] INFO  server.RaftServerConfigKeys (ConfUtils.java:logGet(46)) - raft.server.log.appender.buffer.byte-limit = 4194304 (custom)
2024-02-27 07:47:29,341 [omNode-2-impl-thread1] INFO  server.RaftServerConfigKeys (ConfUtils.java:logGet(46)) - raft.server.log.statemachine.data.read.timeout = 1000ms (default)
2024-02-27 07:47:29,341 [omNode-2-impl-thread1] INFO  server.RaftServerConfigKeys (ConfUtils.java:logGet(46)) - raft.server.log.purge.preservation.log.num = 0 (default)
2024-02-27 07:47:29,341 [omNode-2-impl-thread1] INFO  server.RaftServerConfigKeys (ConfUtils.java:logGet(46)) - raft.server.log.segment.size.max = 4194304 (custom)
2024-02-27 07:47:29,342 [omNode-2-impl-thread1] INFO  server.RaftServerConfigKeys (ConfUtils.java:logGet(46)) - raft.server.log.segment.cache.num.max = 2 (custom)
2024-02-27 07:47:29,342 [omNode-2-impl-thread1] INFO  server.RaftServerConfigKeys (ConfUtils.java:logGet(46)) - raft.server.log.segment.cache.size.max = 200MB (=209715200) (default)
2024-02-27 07:47:29,342 [omNode-2-impl-thread1] INFO  server.RaftServerConfigKeys (ConfUtils.java:logGet(46)) - raft.server.log.appender.buffer.byte-limit = 4194304 (custom)
2024-02-27 07:47:29,342 [omNode-2-impl-thread1] INFO  util.AwaitToRun (AwaitToRun.java:start(81)) - Thread[omNode-2@group-523986131536-cacheEviction-AwaitToRun,5,main] started
2024-02-27 07:47:29,342 [omNode-2-impl-thread1] INFO  segmented.SegmentedRaftLogWorker (SegmentedRaftLogWorker.java:<init>(182)) - new omNode-2@group-523986131536-SegmentedRaftLogWorker for RaftStorageImpl:Storage Directory /home/runner/work/ozone/ozone/hadoop-ozone/integration-test/target/test-dir/MiniOzoneClusterImpl-b00976b7-23bc-4195-b1b8-a51685bf3827/omNode-2/ratis/c9bc4cf4-3bc3-3c60-a66b-523986131536
2024-02-27 07:47:29,342 [omNode-2-impl-thread1] INFO  server.RaftServerConfigKeys (ConfUtils.java:logGet(46)) - raft.server.log.queue.byte-limit = 64MB (=67108864) (default)
2024-02-27 07:47:29,342 [omNode-2-impl-thread1] INFO  server.RaftServerConfigKeys (ConfUtils.java:logGet(46)) - raft.server.log.queue.element-limit = 4096 (default)
2024-02-27 07:47:29,342 [omNode-2-impl-thread1] INFO  server.RaftServerConfigKeys (ConfUtils.java:logGet(46)) - raft.server.log.segment.size.max = 4194304 (custom)
2024-02-27 07:47:29,342 [omNode-2-impl-thread1] INFO  server.RaftServerConfigKeys (ConfUtils.java:logGet(46)) - raft.server.log.preallocated.size = 4194304 (custom)
2024-02-27 07:47:29,342 [omNode-2-impl-thread1] INFO  server.RaftServerConfigKeys (ConfUtils.java:logGet(46)) - raft.server.log.force.sync.num = 128 (default)
2024-02-27 07:47:29,342 [omNode-2-impl-thread1] INFO  server.RaftServerConfigKeys (ConfUtils.java:logGet(46)) - raft.server.log.statemachine.data.sync = true (default)
2024-02-27 07:47:29,342 [omNode-2-impl-thread1] INFO  server.RaftServerConfigKeys (ConfUtils.java:logGet(46)) - raft.server.log.statemachine.data.sync.timeout = 10s (default)
2024-02-27 07:47:29,343 [omNode-2-impl-thread1] INFO  server.RaftServerConfigKeys (ConfUtils.java:logGet(46)) - raft.server.log.statemachine.data.sync.timeout.retry = -1 (default)
2024-02-27 07:47:29,343 [omNode-2-impl-thread1] INFO  server.RaftServerConfigKeys (ConfUtils.java:logGet(46)) - raft.server.log.write.buffer.size = 4194312 (custom)
2024-02-27 07:47:29,344 [omNode-2-impl-thread1] INFO  server.RaftServerConfigKeys (ConfUtils.java:logGet(46)) - raft.server.log.appender.buffer.byte-limit = 4194304 (custom)
2024-02-27 07:47:29,344 [omNode-2-impl-thread1] INFO  server.RaftServerConfigKeys (ConfUtils.java:logGet(46)) - raft.server.log.unsafe-flush.enabled = false (default)
2024-02-27 07:47:29,344 [omNode-2-impl-thread1] INFO  server.RaftServerConfigKeys (ConfUtils.java:logGet(46)) - raft.server.log.async-flush.enabled = false (default)
2024-02-27 07:47:29,344 [omNode-2-impl-thread1] INFO  server.RaftServerConfigKeys (ConfUtils.java:logGet(46)) - raft.server.log.statemachine.data.caching.enabled = false (default)
2024-02-27 07:47:29,344 [omNode-2-impl-thread1] INFO  server.RaftServer$Division (ServerState.java:setRaftConf(386)) - omNode-2@group-523986131536: set configuration 0: peers:[omNode-3|localhost:15144, omNode-1|localhost:15136, omNode-2|localhost:15140]|listeners:[], old=null
2024-02-27 07:47:29,345 [omNode-2-impl-thread1] INFO  segmented.LogSegment (LogSegment.java:loadSegment(170)) - Successfully read 53 entries from segment file /home/runner/work/ozone/ozone/hadoop-ozone/integration-test/target/test-dir/MiniOzoneClusterImpl-b00976b7-23bc-4195-b1b8-a51685bf3827/omNode-2/ratis/c9bc4cf4-3bc3-3c60-a66b-523986131536/current/log_inprogress_0
2024-02-27 07:47:29,345 [omNode-2-impl-thread1] INFO  segmented.SegmentedRaftLogWorker (SegmentedRaftLogWorker.java:lambda$new$0(134)) - omNode-2@group-523986131536-SegmentedRaftLogWorker: flushIndex: setUnconditionally 0 -> 52
2024-02-27 07:47:29,345 [omNode-2-impl-thread1] INFO  segmented.SegmentedRaftLogWorker (SegmentedRaftLogWorker.java:lambda$new$0(134)) - omNode-2@group-523986131536-SegmentedRaftLogWorker: safeCacheEvictIndex: setUnconditionally 0 -> -1
2024-02-27 07:47:29,345 [omNode-2-impl-thread1] INFO  segmented.BufferedWriteChannel (BufferedWriteChannel.java:open(62)) - open log_inprogress_0 (append) at position 16767
2024-02-27 07:47:29,345 [omNode-2-impl-thread1] INFO  server.RaftServer$Division (RaftServerImpl.java:start(396)) - omNode-2@group-523986131536: start as a follower, conf=0: peers:[omNode-3|localhost:15144, omNode-1|localhost:15136, omNode-2|localhost:15140]|listeners:[], old=null
2024-02-27 07:47:29,346 [omNode-2-impl-thread1] INFO  server.RaftServer$Division (RaftServerImpl.java:setRole(383)) - omNode-2@group-523986131536: changes role from      null to FOLLOWER at term 1 for startAsFollower
2024-02-27 07:47:29,346 [omNode-2-impl-thread1] INFO  impl.RoleInfo (RoleInfo.java:updateAndGet(139)) - omNode-2: start omNode-2@group-523986131536-FollowerState
2024-02-27 07:47:29,346 [omNode-2@group-523986131536-FollowerState] INFO  server.RaftServerConfigKeys (ConfUtils.java:logFallback(53)) - raft.server.rpc.first-election.timeout.min = 1s (fallback to raft.server.rpc.timeout.min)
2024-02-27 07:47:29,346 [omNode-2-impl-thread1] INFO  util.JmxRegister (JmxRegister.java:tryRegister(44)) - Successfully registered JMX Bean with object name Ratis:service=RaftServer,group=group-523986131536,id=omNode-2
2024-02-27 07:47:29,346 [omNode-2@group-523986131536-FollowerState] INFO  server.RaftServerConfigKeys (ConfUtils.java:logFallback(53)) - raft.server.rpc.first-election.timeout.max = 1200ms (fallback to raft.server.rpc.timeout.max)
2024-02-27 07:47:29,346 [omNode-2-impl-thread1] INFO  server.RaftServerConfigKeys (ConfUtils.java:logGet(46)) - raft.server.snapshot.trigger-when-stop.enabled = true (default)
2024-02-27 07:47:29,346 [omNode-2-impl-thread1] INFO  server.RaftServerConfigKeys (ConfUtils.java:logGet(46)) - raft.server.snapshot.auto.trigger.enabled = true (custom)
2024-02-27 07:47:29,346 [omNode-2-impl-thread1] INFO  server.RaftServerConfigKeys (ConfUtils.java:logGet(46)) - raft.server.snapshot.auto.trigger.threshold = 50 (custom)
2024-02-27 07:47:29,346 [omNode-2-impl-thread1] INFO  server.RaftServerConfigKeys (ConfUtils.java:logGet(46)) - raft.server.snapshot.retention.file.num = -1 (default)
2024-02-27 07:47:29,346 [omNode-2-impl-thread1] INFO  server.RaftServerConfigKeys (ConfUtils.java:logGet(46)) - raft.server.log.purge.upto.snapshot.index = true (custom)
2024-02-27 07:47:29,347 [main] INFO  server.RaftServer (RaftServerProxy.java:startImpl(406)) - omNode-2: start RPC server
2024-02-27 07:47:29,348 [main] INFO  server.GrpcService (GrpcService.java:startImpl(302)) - omNode-2: GrpcService started, listening on 15140
2024-02-27 07:47:29,348 [main] INFO  om.OzoneManager (OzoneManager.java:getRpcServer(1206)) - Creating RPC Server
2024-02-27 07:47:29,348 [JvmPauseMonitor48] INFO  util.JvmPauseMonitor (JvmPauseMonitor.java:run(146)) - JvmPauseMonitor-omNode-2: Started
2024-02-27 07:47:29,548 [main] INFO  ipc.CallQueueManager (CallQueueManager.java:<init>(90)) - Using callQueue: class java.util.concurrent.LinkedBlockingQueue, queueCapacity: 2000, scheduler: class org.apache.hadoop.ipc.DefaultRpcScheduler, ipcBackoff: false.
2024-02-27 07:47:29,549 [main] INFO  ipc.Server (Server.java:<init>(1287)) - Listener at localhost:15137
2024-02-27 07:47:29,549 [Socket Reader #1 for port 15137] INFO  ipc.Server (Server.java:run(1323)) - Starting Socket Reader #1 for port 15137
2024-02-27 07:47:29,551 [main] INFO  http.BaseHttpServer (BaseHttpServer.java:newHttpServer2BuilderForOzone(223)) - Starting Web-server for ozoneManager at: http://0.0.0.0:15138
2024-02-27 07:47:29,552 [main] INFO  http.BaseHttpServer (BaseHttpServer.java:<init>(110)) - Hadoop Security Enabled: false Ozone Security Enabled: false Ozone HTTP Security Enabled: false 
2024-02-27 07:47:29,552 [main] WARN  server.AuthenticationFilter (AuthenticationFilter.java:constructSecretProvider(240)) - Unable to initialize FileSignerSecretProvider, falling back to use random secrets. Reason: Could not read signature secret file: /home/runner/hadoop-http-auth-signature-secret
2024-02-27 07:47:29,553 [main] INFO  http.HttpRequestLog (HttpRequestLog.java:getRequestLog(86)) - Http request log for http.requests.ozoneManager is not defined
2024-02-27 07:47:29,554 [main] INFO  http.HttpServer2 (HttpServer2.java:addGlobalFilter(1036)) - Added global filter 'safety' (class=org.apache.hadoop.hdds.server.http.HttpServer2$QuotingInputFilter)
2024-02-27 07:47:29,554 [main] INFO  http.HttpServer2 (HttpServer2.java:addFilter(1012)) - Added filter static_user_filter (class=org.apache.hadoop.http.lib.StaticUserWebFilter$StaticUserFilter) to context ozoneManager
2024-02-27 07:47:29,554 [main] INFO  http.HttpServer2 (HttpServer2.java:addFilter(1020)) - Added filter static_user_filter (class=org.apache.hadoop.http.lib.StaticUserWebFilter$StaticUserFilter) to context static
2024-02-27 07:47:29,554 [main] INFO  http.HttpServer2 (HttpServer2.java:addFilter(1020)) - Added filter static_user_filter (class=org.apache.hadoop.http.lib.StaticUserWebFilter$StaticUserFilter) to context logs
2024-02-27 07:47:29,554 [main] INFO  http.BaseHttpServer (BaseHttpServer.java:<init>(189)) - HTTP server of ozoneManager uses base directory /home/runner/work/ozone/ozone/hadoop-ozone/integration-test/target/test-dir/MiniOzoneClusterImpl-b00976b7-23bc-4195-b1b8-a51685bf3827/omNode-2/webserver
2024-02-27 07:47:29,555 [main] INFO  http.HttpServer2 (HttpServer2.java:bindListener(1236)) - Jetty bound to port 15138
2024-02-27 07:47:29,555 [main] INFO  server.Server (Server.java:doStart(375)) - jetty-9.4.53.v20231009; built: 2023-10-09T12:29:09.265Z; git: 27bde00a0b95a1d5bbee0eae7984f891d2d0f8c9; jvm 1.8.0_402-b06
2024-02-27 07:47:29,556 [main] INFO  server.session (DefaultSessionIdManager.java:doStart(334)) - DefaultSessionIdManager workerName=node0
2024-02-27 07:47:29,556 [main] INFO  server.session (DefaultSessionIdManager.java:doStart(339)) - No SessionScavenger set, using defaults
2024-02-27 07:47:29,556 [main] INFO  server.session (HouseKeeper.java:startScavenging(132)) - node0 Scavenging every 660000ms
2024-02-27 07:47:29,557 [main] INFO  handler.ContextHandler (ContextHandler.java:doStart(921)) - Started o.e.j.s.ServletContextHandler@3a685a4{logs,/logs,file:///home/runner/work/ozone/ozone/hadoop-ozone/integration-test/target/log,AVAILABLE}
2024-02-27 07:47:29,557 [main] INFO  handler.ContextHandler (ContextHandler.java:doStart(921)) - Started o.e.j.s.ServletContextHandler@7f3c7f0c{static,/static,file:///home/runner/work/ozone/ozone/hadoop-ozone/integration-test/target/test-classes/webapps/static,AVAILABLE}
2024-02-27 07:47:29,559 [main] INFO  handler.ContextHandler (ContextHandler.java:doStart(921)) - Started o.e.j.w.WebAppContext@55461013{ozoneManager,/,file:///home/runner/work/ozone/ozone/hadoop-ozone/integration-test/target/test-classes/webapps/ozoneManager/,AVAILABLE}{file:/home/runner/work/ozone/ozone/hadoop-ozone/integration-test/target/test-classes/webapps/ozoneManager}
2024-02-27 07:47:29,560 [main] INFO  server.AbstractConnector (AbstractConnector.java:doStart(333)) - Started ServerConnector@5f9385ec{HTTP/1.1, (http/1.1)}{0.0.0.0:15138}
2024-02-27 07:47:29,560 [main] INFO  server.Server (Server.java:doStart(415)) - Started @532268ms
2024-02-27 07:47:29,560 [main] WARN  impl.MetricsSystemImpl (MetricsSystemImpl.java:register(279)) - Sink prometheus already exists!
2024-02-27 07:47:29,560 [main] INFO  http.BaseHttpServer (BaseHttpServer.java:updateConnectorAddress(354)) - HTTP server of ozoneManager listening at http://0.0.0.0:15138
2024-02-27 07:47:29,561 [IPC Server Responder] INFO  ipc.Server (Server.java:run(1562)) - IPC Server Responder: starting
2024-02-27 07:47:29,561 [IPC Server listener on 15137] INFO  ipc.Server (Server.java:run(1402)) - IPC Server listener on 15137: starting
2024-02-27 07:47:29,571 [main] INFO  om.OzoneManager (OzoneManager.java:startTrashEmptier(2093)) - Trash Interval set to 0. Files deleted won't move to trash
]]></system-out>
    </rerunError>
    <rerunError type="PREPARE_FAILED org.apache.hadoop.ozone.om.exceptions.OMException">
      <stackTrace><![CDATA[PREPARE_FAILED org.apache.hadoop.ozone.om.exceptions.OMException: java.io.IOException: After waiting for 120 seconds, Ratis state machine applied index 50 which is less than the minimum required index 52.
	at org.apache.hadoop.ozone.om.protocolPB.OzoneManagerProtocolClientSideTranslatorPB.handleError(OzoneManagerProtocolClientSideTranslatorPB.java:753)
	at org.apache.hadoop.ozone.om.protocolPB.OzoneManagerProtocolClientSideTranslatorPB.prepareOzoneManager(OzoneManagerProtocolClientSideTranslatorPB.java:2461)
	at org.apache.hadoop.ozone.om.TestOzoneManagerPrepare.submitPrepareRequest(TestOzoneManagerPrepare.java:445)
	at org.apache.hadoop.ozone.om.TestOzoneManagerPrepare.testCancelPrepare(TestOzoneManagerPrepare.java:314)
	at java.lang.reflect.Method.invoke(Method.java:498)
	at java.util.ArrayList.forEach(ArrayList.java:1259)
	at java.util.ArrayList.forEach(ArrayList.java:1259)
]]></stackTrace>
      <system-out><![CDATA[2024-02-27 07:47:34,279 [main] WARN  server.ServerUtils (ServerUtils.java:getScmDbDir(143)) - ozone.scm.db.dirs is not configured. We recommend adding this setting. Falling back to ozone.metadata.dirs instead.
2024-02-27 07:47:34,285 [main] WARN  server.ServerUtils (ServerUtils.java:getScmDbDir(143)) - ozone.scm.db.dirs is not configured. We recommend adding this setting. Falling back to ozone.metadata.dirs instead.
2024-02-27 07:47:34,285 [main] INFO  ha.SCMHANodeDetails (SCMHANodeDetails.java:loadSCMHAConfig(207)) - ServiceID for StorageContainerManager is null
2024-02-27 07:47:34,285 [main] INFO  ha.SCMHANodeDetails (SCMHANodeDetails.java:loadSCMHAConfig(212)) - ozone.scm.default.service.id is not defined, falling back to ozone.scm.service.ids to find serviceID for StorageContainerManager if it is HA enabled cluster
2024-02-27 07:47:34,286 [main] WARN  utils.HAUtils (HAUtils.java:getMetaDir(339)) - ozone.scm.db.dirs is not configured. We recommend adding this setting. Falling back to ozone.metadata.dirs instead.
2024-02-27 07:47:34,286 [main] WARN  db.DBStoreBuilder (DBStoreBuilder.java:applyDBDefinition(171)) - ozone.scm.db.dirs is not configured. We recommend adding this setting. Falling back to ozone.metadata.dirs instead.
2024-02-27 07:47:34,364 [main] INFO  net.NodeSchemaLoader (NodeSchemaLoader.java:loadSchemaFromFile(129)) - Loading schema from [jar:file:/home/runner/.m2/repository/org/apache/ozone/hdds-common/1.5.0-SNAPSHOT/hdds-common-1.5.0-SNAPSHOT.jar!/network-topology-default.xml]
2024-02-27 07:47:34,364 [main] INFO  net.NodeSchemaLoader (NodeSchemaLoader.java:loadSchema(176)) - Loading network topology layer schema file
2024-02-27 07:47:34,367 [main] INFO  upgrade.AbstractLayoutVersionManager (AbstractLayoutVersionManager.java:init(83)) - Initializing Layout version manager with metadata layout = HADOOP_PRC_PORTS_IN_DATANODEDETAILS (version = 7), software layout = HADOOP_PRC_PORTS_IN_DATANODEDETAILS (version = 7)
2024-02-27 07:47:34,368 [main] INFO  ha.SequenceIdGenerator (SequenceIdGenerator.java:upgradeToSequenceId(370)) - upgrade localId to 113750153625600000
2024-02-27 07:47:34,369 [main] INFO  ha.SequenceIdGenerator (SequenceIdGenerator.java:upgradeToSequenceId(380)) - upgrade delTxnId to 0
2024-02-27 07:47:34,369 [main] INFO  ha.SequenceIdGenerator (SequenceIdGenerator.java:upgradeToSequenceId(397)) - upgrade containerId to 0
2024-02-27 07:47:34,370 [main] INFO  ha.SequenceIdGenerator (SequenceIdGenerator.java:upgradeToCertificateSequenceId(444)) - upgrade CertificateId to 2
2024-02-27 07:47:34,371 [main] INFO  ha.SequenceIdGenerator (SequenceIdGenerator.java:<init>(241)) - Init the HA SequenceIdGenerator.
2024-02-27 07:47:34,371 [main] WARN  server.ServerUtils (ServerUtils.java:sanitizeUserArgs(79)) - ozone.scm.stale.node.interval value = 300000 is larger than max = 100000 based on the key value of ozone.scm.heartbeat.thread.interval, reset to the max value 100000.
2024-02-27 07:47:34,371 [main] WARN  server.ServerUtils (ServerUtils.java:sanitizeUserArgs(79)) - ozone.scm.stale.node.interval value = 300000 is larger than max = 100000 based on the key value of ozone.scm.heartbeat.thread.interval, reset to the max value 100000.
2024-02-27 07:47:34,371 [main] INFO  node.SCMNodeManager (SCMNodeManager.java:<init>(177)) - Entering startup safe mode.
2024-02-27 07:47:34,372 [main] INFO  algorithms.ContainerPlacementPolicyFactory (ContainerPlacementPolicyFactory.java:getPolicyInternal(86)) - Create container placement policy of type org.apache.hadoop.hdds.scm.container.placement.algorithms.SCMContainerPlacementRackAware
2024-02-27 07:47:34,372 [main] INFO  algorithms.ContainerPlacementPolicyFactory (ContainerPlacementPolicyFactory.java:getPolicyInternal(86)) - Create container placement policy of type org.apache.hadoop.hdds.scm.container.placement.algorithms.SCMContainerPlacementRackScatter
2024-02-27 07:47:34,372 [main] INFO  pipeline.PipelineStateManagerImpl (PipelineStateManagerImpl.java:initialize(78)) - No pipeline exists in current db
2024-02-27 07:47:34,372 [main] INFO  algorithms.LeaderChoosePolicyFactory (LeaderChoosePolicyFactory.java:getPolicy(57)) - Create leader choose policy of type org.apache.hadoop.hdds.scm.pipeline.leader.choose.algorithms.MinLeaderCountChoosePolicy
2024-02-27 07:47:34,372 [main] INFO  algorithms.ContainerPlacementPolicyFactory (ContainerPlacementPolicyFactory.java:getPolicyInternal(86)) - Create container placement policy of type org.apache.hadoop.hdds.scm.container.placement.algorithms.SCMContainerPlacementRackScatter
2024-02-27 07:47:34,372 [main] INFO  ha.SCMServiceManager (SCMServiceManager.java:register(42)) - Registering service BackgroundPipelineCreator.
2024-02-27 07:47:34,373 [main] INFO  pipeline.BackgroundPipelineCreator (BackgroundPipelineCreator.java:start(127)) - Starting RatisPipelineUtilsThread.
2024-02-27 07:47:34,373 [main] INFO  BackgroundPipelineScrubber (BackgroundSCMService.java:start(65)) - Starting BackgroundPipelineScrubber Service.
2024-02-27 07:47:34,373 [main] INFO  ha.SCMServiceManager (SCMServiceManager.java:register(42)) - Registering service BackgroundPipelineScrubber.
2024-02-27 07:47:34,373 [main] INFO  ExpiredContainerReplicaOpScrubber (BackgroundSCMService.java:start(65)) - Starting ExpiredContainerReplicaOpScrubber Service.
2024-02-27 07:47:34,373 [main] INFO  ha.SCMServiceManager (SCMServiceManager.java:register(42)) - Registering service ExpiredContainerReplicaOpScrubber.
2024-02-27 07:47:34,374 [main] INFO  algorithms.PipelineChoosePolicyFactory (PipelineChoosePolicyFactory.java:createPipelineChoosePolicyFromClass(80)) - Create pipeline choose policy of type org.apache.hadoop.hdds.scm.pipeline.choose.algorithms.RandomPipelineChoosePolicy
2024-02-27 07:47:34,374 [main] INFO  algorithms.PipelineChoosePolicyFactory (PipelineChoosePolicyFactory.java:createPipelineChoosePolicyFromClass(80)) - Create pipeline choose policy of type org.apache.hadoop.hdds.scm.pipeline.choose.algorithms.RandomPipelineChoosePolicy
2024-02-27 07:47:34,374 [main] INFO  ha.SCMServiceManager (SCMServiceManager.java:register(42)) - Registering service SCMBlockDeletingService.
2024-02-27 07:47:34,375 [main] INFO  replication.ReplicationManager (ReplicationManager.java:start(295)) - Starting Replication Monitor Thread.
2024-02-27 07:47:34,381 [ReplicationMonitor] INFO  replication.ReplicationManager (ReplicationManager.java:processAll(370)) - Replication Manager is not ready to run until 3000ms after safemode exit
2024-02-27 07:47:34,381 [main] INFO  ha.SCMServiceManager (SCMServiceManager.java:register(42)) - Registering service ReplicationManager.
2024-02-27 07:47:34,384 [main] INFO  safemode.ContainerSafeModeRule (ContainerSafeModeRule.java:<init>(91)) - containers with one replica threshold count 0
2024-02-27 07:47:34,384 [main] INFO  safemode.HealthyPipelineSafeModeRule (HealthyPipelineSafeModeRule.java:initializeRule(176)) - Total pipeline count is 0, healthy pipeline threshold count is 1
2024-02-27 07:47:34,384 [main] INFO  safemode.OneReplicaPipelineSafeModeRule (OneReplicaPipelineSafeModeRule.java:initializeRule(193)) - Total pipeline count is 0, pipeline's with at least one datanode reported threshold count is 0
2024-02-27 07:47:34,384 [main] INFO  server.StorageContainerManager (StorageContainerManager.java:<init>(440)) - SCM start with adminUsers: [*, runner]
2024-02-27 07:47:34,384 [main] INFO  ipc.CallQueueManager (CallQueueManager.java:<init>(90)) - Using callQueue: class java.util.concurrent.LinkedBlockingQueue, queueCapacity: 10000, scheduler: class org.apache.hadoop.ipc.DefaultRpcScheduler, ipcBackoff: false.
2024-02-27 07:47:34,385 [main] INFO  ipc.Server (Server.java:<init>(1287)) - Listener at 0.0.0.0:15174
2024-02-27 07:47:34,385 [Socket Reader #1 for port 15174] INFO  ipc.Server (Server.java:run(1323)) - Starting Socket Reader #1 for port 15174
2024-02-27 07:47:34,386 [main] INFO  ipc.CallQueueManager (CallQueueManager.java:<init>(90)) - Using callQueue: class java.util.concurrent.LinkedBlockingQueue, queueCapacity: 10000, scheduler: class org.apache.hadoop.ipc.DefaultRpcScheduler, ipcBackoff: false.
2024-02-27 07:47:34,386 [main] INFO  ipc.Server (Server.java:<init>(1287)) - Listener at 0.0.0.0:15173
2024-02-27 07:47:34,386 [Socket Reader #1 for port 15173] INFO  ipc.Server (Server.java:run(1323)) - Starting Socket Reader #1 for port 15173
2024-02-27 07:47:34,387 [main] INFO  ipc.CallQueueManager (CallQueueManager.java:<init>(90)) - Using callQueue: class java.util.concurrent.LinkedBlockingQueue, queueCapacity: 10000, scheduler: class org.apache.hadoop.ipc.DefaultRpcScheduler, ipcBackoff: false.
2024-02-27 07:47:34,387 [main] INFO  ipc.Server (Server.java:<init>(1287)) - Listener at 0.0.0.0:15172
2024-02-27 07:47:34,388 [Socket Reader #1 for port 15172] INFO  ipc.Server (Server.java:run(1323)) - Starting Socket Reader #1 for port 15172
2024-02-27 07:47:34,390 [main] INFO  ha.SCMServiceManager (SCMServiceManager.java:register(42)) - Registering service ContainerBalancer.
2024-02-27 07:47:34,390 [main] INFO  ha.SCMContext (SCMContext.java:updateSafeModeStatus(225)) - Update SafeModeStatus from SafeModeStatus{safeModeStatus=true, preCheckPassed=false} to SafeModeStatus{safeModeStatus=true, preCheckPassed=false}.
2024-02-27 07:47:34,391 [main] INFO  server.StorageContainerManager (StorageContainerManager.java:start(1545)) - StorageContainerLocationProtocol RPC server is listening at /0.0.0.0:15172
2024-02-27 07:47:34,392 [main] WARN  impl.MetricsConfig (MetricsConfig.java:loadFirst(136)) - Cannot locate configuration: tried hadoop-metrics2-storagecontainermanager.properties,hadoop-metrics2.properties
2024-02-27 07:47:34,392 [main] INFO  impl.MetricsSystemImpl (MetricsSystemImpl.java:startTimer(378)) - Scheduled Metric snapshot period at 10 second(s).
2024-02-27 07:47:34,393 [main] INFO  impl.MetricsSystemImpl (MetricsSystemImpl.java:start(191)) - StorageContainerManager metrics system started
2024-02-27 07:47:34,396 [main] INFO  impl.MetricsSinkAdapter (MetricsSinkAdapter.java:start(204)) - Sink prometheus started
2024-02-27 07:47:34,397 [main] INFO  impl.MetricsSystemImpl (MetricsSystemImpl.java:registerSink(305)) - Registered sink prometheus
2024-02-27 07:47:34,413 [main] INFO  server.SCMClientProtocolServer (SCMClientProtocolServer.java:start(204)) - RPC server for Client  is listening at /0.0.0.0:15172
2024-02-27 07:47:34,413 [IPC Server Responder] INFO  ipc.Server (Server.java:run(1562)) - IPC Server Responder: starting
2024-02-27 07:47:34,414 [IPC Server listener on 15172] INFO  ipc.Server (Server.java:run(1402)) - IPC Server listener on 15172: starting
2024-02-27 07:47:34,421 [main] INFO  server.StorageContainerManager (StorageContainerManager.java:start(1558)) - ScmBlockLocationProtocol RPC server is listening at /0.0.0.0:15173
2024-02-27 07:47:34,421 [main] INFO  server.SCMBlockProtocolServer (SCMBlockProtocolServer.java:start(160)) - RPC server for Block Protocol is listening at /0.0.0.0:15173
2024-02-27 07:47:34,421 [IPC Server Responder] INFO  ipc.Server (Server.java:run(1562)) - IPC Server Responder: starting
2024-02-27 07:47:34,432 [IPC Server listener on 15173] INFO  ipc.Server (Server.java:run(1402)) - IPC Server listener on 15173: starting
2024-02-27 07:47:34,445 [main] INFO  server.SCMDatanodeProtocolServer (SCMDatanodeProtocolServer.java:start(194)) - ScmDatanodeProtocol RPC server for DataNodes is listening at /0.0.0.0:15174
2024-02-27 07:47:34,445 [IPC Server Responder] INFO  ipc.Server (Server.java:run(1562)) - IPC Server Responder: starting
2024-02-27 07:47:34,449 [IPC Server listener on 15174] INFO  ipc.Server (Server.java:run(1402)) - IPC Server listener on 15174: starting
2024-02-27 07:47:34,462 [JvmPauseMonitor49] INFO  util.JvmPauseMonitor (JvmPauseMonitor.java:run(146)) - JvmPauseMonitor-732e5a15-d6a3-4981-bae8-2af79c6eb4fa: Started
2024-02-27 07:47:34,463 [main] INFO  http.BaseHttpServer (BaseHttpServer.java:newHttpServer2BuilderForOzone(223)) - Starting Web-server for scm at: http://0.0.0.0:15175
2024-02-27 07:47:34,463 [main] INFO  http.BaseHttpServer (BaseHttpServer.java:<init>(110)) - Hadoop Security Enabled: false Ozone Security Enabled: false Ozone HTTP Security Enabled: false 
2024-02-27 07:47:34,464 [main] WARN  server.AuthenticationFilter (AuthenticationFilter.java:constructSecretProvider(240)) - Unable to initialize FileSignerSecretProvider, falling back to use random secrets. Reason: Could not read signature secret file: /home/runner/hadoop-http-auth-signature-secret
2024-02-27 07:47:34,464 [main] INFO  http.HttpRequestLog (HttpRequestLog.java:getRequestLog(86)) - Http request log for http.requests.scm is not defined
2024-02-27 07:47:34,465 [main] INFO  http.HttpServer2 (HttpServer2.java:addGlobalFilter(1036)) - Added global filter 'safety' (class=org.apache.hadoop.hdds.server.http.HttpServer2$QuotingInputFilter)
2024-02-27 07:47:34,466 [main] INFO  http.HttpServer2 (HttpServer2.java:addFilter(1012)) - Added filter static_user_filter (class=org.apache.hadoop.http.lib.StaticUserWebFilter$StaticUserFilter) to context scm
2024-02-27 07:47:34,466 [main] INFO  http.HttpServer2 (HttpServer2.java:addFilter(1020)) - Added filter static_user_filter (class=org.apache.hadoop.http.lib.StaticUserWebFilter$StaticUserFilter) to context static
2024-02-27 07:47:34,467 [main] INFO  http.HttpServer2 (HttpServer2.java:addFilter(1020)) - Added filter static_user_filter (class=org.apache.hadoop.http.lib.StaticUserWebFilter$StaticUserFilter) to context logs
2024-02-27 07:47:34,467 [main] INFO  http.BaseHttpServer (BaseHttpServer.java:<init>(189)) - HTTP server of scm uses base directory /home/runner/work/ozone/ozone/hadoop-ozone/integration-test/target/test-dir/MiniOzoneClusterImpl-faebf4ee-6c4b-485b-8d19-aa685ee0d5ee/ozone-meta/webserver
2024-02-27 07:47:34,467 [main] INFO  http.HttpServer2 (HttpServer2.java:bindListener(1236)) - Jetty bound to port 15175
2024-02-27 07:47:34,467 [main] INFO  server.Server (Server.java:doStart(375)) - jetty-9.4.53.v20231009; built: 2023-10-09T12:29:09.265Z; git: 27bde00a0b95a1d5bbee0eae7984f891d2d0f8c9; jvm 1.8.0_402-b06
2024-02-27 07:47:34,468 [main] INFO  server.session (DefaultSessionIdManager.java:doStart(334)) - DefaultSessionIdManager workerName=node0
2024-02-27 07:47:34,469 [main] INFO  server.session (DefaultSessionIdManager.java:doStart(339)) - No SessionScavenger set, using defaults
2024-02-27 07:47:34,469 [main] INFO  server.session (HouseKeeper.java:startScavenging(132)) - node0 Scavenging every 600000ms
2024-02-27 07:47:34,473 [main] INFO  handler.ContextHandler (ContextHandler.java:doStart(921)) - Started o.e.j.s.ServletContextHandler@3d209363{logs,/logs,file:///home/runner/work/ozone/ozone/hadoop-ozone/integration-test/target/log,AVAILABLE}
2024-02-27 07:47:34,473 [main] INFO  handler.ContextHandler (ContextHandler.java:doStart(921)) - Started o.e.j.s.ServletContextHandler@3970777{static,/static,file:///home/runner/work/ozone/ozone/hadoop-ozone/integration-test/target/test-classes/webapps/static,AVAILABLE}
2024-02-27 07:47:34,475 [main] INFO  handler.ContextHandler (ContextHandler.java:doStart(921)) - Started o.e.j.w.WebAppContext@e0b55ef{scm,/,file:///home/runner/work/ozone/ozone/hadoop-ozone/integration-test/target/test-classes/webapps/scm/,AVAILABLE}{file:/home/runner/work/ozone/ozone/hadoop-ozone/integration-test/target/test-classes/webapps/scm}
2024-02-27 07:47:34,476 [main] INFO  server.AbstractConnector (AbstractConnector.java:doStart(333)) - Started ServerConnector@63c274b4{HTTP/1.1, (http/1.1)}{0.0.0.0:15175}
2024-02-27 07:47:34,476 [main] INFO  server.Server (Server.java:doStart(415)) - Started @537184ms
2024-02-27 07:47:34,476 [main] WARN  impl.MetricsSystemImpl (MetricsSystemImpl.java:register(279)) - Sink prometheus already exists!
2024-02-27 07:47:34,477 [main] INFO  http.BaseHttpServer (BaseHttpServer.java:updateConnectorAddress(354)) - HTTP server of scm listening at http://0.0.0.0:15175
2024-02-27 07:47:34,477 [main] INFO  ha.OMHANodeDetails (OMHANodeDetails.java:loadOMHAConfig(121)) - ServiceID for OzoneManager is om-service-test1
2024-02-27 07:47:34,478 [main] INFO  ha.OMHANodeDetails (OMHANodeDetails.java:loadOMHAConfig(201)) - Found matching OM address with OMServiceId: om-service-test1, OMNodeId: omNode-1, RPC Address: localhost:15176 and Ratis port: 15179
2024-02-27 07:47:34,478 [main] INFO  ha.OMHANodeDetails (ConfUtils.java:setNodeSpecificConfigs(97)) - Setting configuration key ozone.om.http-address with value of key ozone.om.http-address.om-service-test1.omNode-1: 127.0.0.1:15177
2024-02-27 07:47:34,478 [main] INFO  ha.OMHANodeDetails (ConfUtils.java:setNodeSpecificConfigs(97)) - Setting configuration key ozone.om.https-address with value of key ozone.om.https-address.om-service-test1.omNode-1: 127.0.0.1:15178
2024-02-27 07:47:34,478 [main] INFO  ha.OMHANodeDetails (ConfUtils.java:setNodeSpecificConfigs(97)) - Setting configuration key ozone.om.address with value of key ozone.om.address.om-service-test1.omNode-1: 127.0.0.1:15176
2024-02-27 07:47:34,478 [main] WARN  server.ServerUtils (ServerUtils.java:getDBPath(299)) - ozone.om.db.dirs is not configured. We recommend adding this setting. Falling back to ozone.metadata.dirs instead.
2024-02-27 07:47:34,479 [main] INFO  proxy.SCMBlockLocationFailoverProxyProvider (SCMBlockLocationFailoverProxyProvider.java:<init>(115)) - Created block location fail-over proxy with 1 nodes: [nodeId=scmNodeId,nodeAddress=/0.0.0.0:15173]
OM initialization succeeded.Current cluster id for sd=/home/runner/work/ozone/ozone/hadoop-ozone/integration-test/target/test-dir/MiniOzoneClusterImpl-faebf4ee-6c4b-485b-8d19-aa685ee0d5ee/omNode-1/om;cid=faebf4ee-6c4b-485b-8d19-aa685ee0d5ee;layoutVersion=6
2024-02-27 07:47:34,489 [main] INFO  ha.OMHANodeDetails (OMHANodeDetails.java:loadOMHAConfig(121)) - ServiceID for OzoneManager is om-service-test1
2024-02-27 07:47:34,490 [main] INFO  ha.OMHANodeDetails (OMHANodeDetails.java:loadOMHAConfig(201)) - Found matching OM address with OMServiceId: om-service-test1, OMNodeId: omNode-1, RPC Address: localhost:15176 and Ratis port: 15179
2024-02-27 07:47:34,490 [main] INFO  ha.OMHANodeDetails (ConfUtils.java:setNodeSpecificConfigs(97)) - Setting configuration key ozone.om.http-address with value of key ozone.om.http-address.om-service-test1.omNode-1: 127.0.0.1:15177
2024-02-27 07:47:34,490 [main] INFO  ha.OMHANodeDetails (ConfUtils.java:setNodeSpecificConfigs(97)) - Setting configuration key ozone.om.https-address with value of key ozone.om.https-address.om-service-test1.omNode-1: 127.0.0.1:15178
2024-02-27 07:47:34,490 [main] INFO  ha.OMHANodeDetails (ConfUtils.java:setNodeSpecificConfigs(97)) - Setting configuration key ozone.om.address with value of key ozone.om.address.om-service-test1.omNode-1: 127.0.0.1:15176
2024-02-27 07:47:34,490 [main] WARN  server.ServerUtils (ServerUtils.java:getDBPath(299)) - ozone.om.db.dirs is not configured. We recommend adding this setting. Falling back to ozone.metadata.dirs instead.
2024-02-27 07:47:34,491 [main] INFO  upgrade.AbstractLayoutVersionManager (AbstractLayoutVersionManager.java:init(83)) - Initializing Layout version manager with metadata layout = QUOTA (version = 6), software layout = QUOTA (version = 6)
2024-02-27 07:47:34,531 [main] INFO  upgrade.OMLayoutVersionManager (OMLayoutVersionManager.java:lambda$0(113)) - Skipping Upgrade Action QuotaRepairUpgradeAction since it has been finalized.
2024-02-27 07:47:34,531 [main] INFO  upgrade.OMLayoutVersionManager (OMLayoutVersionManager.java:lambda$0(113)) - Skipping Upgrade Action MockOmUpgradeAction since it has been finalized.
2024-02-27 07:47:34,531 [main] WARN  server.ServerUtils (ServerUtils.java:getDBPath(299)) - ozone.om.db.dirs is not configured. We recommend adding this setting. Falling back to ozone.metadata.dirs instead.
2024-02-27 07:47:34,532 [main] INFO  proxy.SCMBlockLocationFailoverProxyProvider (SCMBlockLocationFailoverProxyProvider.java:<init>(115)) - Created block location fail-over proxy with 1 nodes: [nodeId=scmNodeId,nodeAddress=/0.0.0.0:15173]
2024-02-27 07:47:34,533 [main] INFO  proxy.SCMBlockLocationFailoverProxyProvider (SCMBlockLocationFailoverProxyProvider.java:<init>(115)) - Created block location fail-over proxy with 1 nodes: [nodeId=scmNodeId,nodeAddress=/0.0.0.0:15173]
2024-02-27 07:47:34,537 [main] INFO  om.OzoneManager (OzoneManager.java:<init>(672)) - OM start with adminUsers: [*, runner]
2024-02-27 07:47:34,538 [main] WARN  server.ServerUtils (ServerUtils.java:getDBPath(299)) - ozone.om.db.dirs is not configured. We recommend adding this setting. Falling back to ozone.metadata.dirs instead.
2024-02-27 07:47:34,538 [main] INFO  helpers.OmKeyInfo (OmKeyInfo.java:getCodec(71)) - OmKeyInfo.getCodec ignorePipeline = true
2024-02-27 07:47:34,681 [main] INFO  om.OzoneManager (OzoneManager.java:instantiateServices(804)) - S3 Multi-Tenancy is disabled
2024-02-27 07:47:34,681 [main] INFO  om.OmSnapshotManager (OmSnapshotManager.java:<init>(177)) - Ozone filesystem snapshot feature is enabled.
2024-02-27 07:47:34,682 [main] WARN  server.ServerUtils (ServerUtils.java:getDBPath(299)) - ozone.om.snapshot.diff.db.dir is not configured. We recommend adding this setting. Falling back to ozone.metadata.dirs instead.
2024-02-27 07:47:34,697 [main] INFO  utils.NativeLibraryLoader (NativeLibraryLoader.java:loadLibrary(108)) - Loading Library: ozone_rocksdb_tools
2024-02-27 07:47:34,698 [main] ERROR snapshot.SnapshotDiffManager (SnapshotDiffManager.java:initNativeLibraryForEfficientDiff(287)) - Native Library for raw sst file reading loading failed.
org.apache.hadoop.hdds.utils.NativeLibraryNotLoadedException: Unable to load library ozone_rocksdb_tools from both java.library.path & resource file libozone_rocksdb_tools.so from jar.
	at org.apache.hadoop.hdds.utils.db.managed.ManagedRawSSTFileReader.loadLibrary(ManagedRawSSTFileReader.java:38)
	at org.apache.hadoop.ozone.om.snapshot.SnapshotDiffManager.initNativeLibraryForEfficientDiff(SnapshotDiffManager.java:285)
	at org.apache.hadoop.ozone.om.snapshot.SnapshotDiffManager.<init>(SnapshotDiffManager.java:259)
	at org.apache.hadoop.ozone.om.OmSnapshotManager.<init>(OmSnapshotManager.java:279)
	at org.apache.hadoop.ozone.om.OzoneManager.instantiateServices(OzoneManager.java:856)
	at org.apache.hadoop.ozone.om.OzoneManager.<init>(OzoneManager.java:682)
	at org.apache.hadoop.ozone.om.OzoneManager.createOm(OzoneManager.java:767)
	at org.apache.hadoop.ozone.MiniOzoneHAClusterImpl$Builder.createOMService(MiniOzoneHAClusterImpl.java:467)
	at org.apache.hadoop.ozone.MiniOzoneHAClusterImpl$Builder.build(MiniOzoneHAClusterImpl.java:387)
	at org.apache.hadoop.ozone.om.TestOzoneManagerHA.init(TestOzoneManagerHA.java:184)
	at sun.reflect.NativeMethodAccessorImpl.invoke0(Native Method)
	at sun.reflect.NativeMethodAccessorImpl.invoke(NativeMethodAccessorImpl.java:62)
	at sun.reflect.DelegatingMethodAccessorImpl.invoke(DelegatingMethodAccessorImpl.java:43)
	at java.lang.reflect.Method.invoke(Method.java:498)
	at org.junit.platform.commons.util.ReflectionUtils.invokeMethod(ReflectionUtils.java:728)
	at org.junit.jupiter.engine.execution.MethodInvocation.proceed(MethodInvocation.java:60)
	at org.junit.jupiter.engine.execution.InvocationInterceptorChain$ValidatingInvocation.proceed(InvocationInterceptorChain.java:131)
	at org.junit.jupiter.engine.extension.TimeoutExtension.intercept(TimeoutExtension.java:156)
	at org.junit.jupiter.engine.extension.TimeoutExtension.interceptLifecycleMethod(TimeoutExtension.java:128)
	at org.junit.jupiter.engine.extension.TimeoutExtension.interceptBeforeAllMethod(TimeoutExtension.java:70)
	at org.junit.jupiter.engine.execution.InterceptingExecutableInvoker$ReflectiveInterceptorCall.lambda$ofVoidMethod$0(InterceptingExecutableInvoker.java:103)
	at org.junit.jupiter.engine.execution.InterceptingExecutableInvoker.lambda$invoke$0(InterceptingExecutableInvoker.java:93)
	at org.junit.jupiter.engine.execution.InvocationInterceptorChain$InterceptedInvocation.proceed(InvocationInterceptorChain.java:106)
	at org.junit.jupiter.engine.execution.InvocationInterceptorChain.proceed(InvocationInterceptorChain.java:64)
	at org.junit.jupiter.engine.execution.InvocationInterceptorChain.chainAndInvoke(InvocationInterceptorChain.java:45)
	at org.junit.jupiter.engine.execution.InvocationInterceptorChain.invoke(InvocationInterceptorChain.java:37)
	at org.junit.jupiter.engine.execution.InterceptingExecutableInvoker.invoke(InterceptingExecutableInvoker.java:92)
	at org.junit.jupiter.engine.execution.InterceptingExecutableInvoker.invoke(InterceptingExecutableInvoker.java:86)
	at org.junit.jupiter.engine.descriptor.ClassBasedTestDescriptor.lambda$invokeBeforeAllMethods$13(ClassBasedTestDescriptor.java:412)
	at org.junit.platform.engine.support.hierarchical.ThrowableCollector.execute(ThrowableCollector.java:73)
	at org.junit.jupiter.engine.descriptor.ClassBasedTestDescriptor.invokeBeforeAllMethods(ClassBasedTestDescriptor.java:410)
	at org.junit.jupiter.engine.descriptor.ClassBasedTestDescriptor.before(ClassBasedTestDescriptor.java:216)
	at org.junit.jupiter.engine.descriptor.ClassBasedTestDescriptor.before(ClassBasedTestDescriptor.java:85)
	at org.junit.platform.engine.support.hierarchical.NodeTestTask.lambda$executeRecursively$6(NodeTestTask.java:148)
	at org.junit.platform.engine.support.hierarchical.ThrowableCollector.execute(ThrowableCollector.java:73)
	at org.junit.platform.engine.support.hierarchical.NodeTestTask.lambda$executeRecursively$8(NodeTestTask.java:141)
	at org.junit.platform.engine.support.hierarchical.Node.around(Node.java:137)
	at org.junit.platform.engine.support.hierarchical.NodeTestTask.lambda$executeRecursively$9(NodeTestTask.java:139)
	at org.junit.platform.engine.support.hierarchical.ThrowableCollector.execute(ThrowableCollector.java:73)
	at org.junit.platform.engine.support.hierarchical.NodeTestTask.executeRecursively(NodeTestTask.java:138)
	at org.junit.platform.engine.support.hierarchical.NodeTestTask.execute(NodeTestTask.java:95)
	at java.util.ArrayList.forEach(ArrayList.java:1259)
	at org.junit.platform.engine.support.hierarchical.SameThreadHierarchicalTestExecutorService.invokeAll(SameThreadHierarchicalTestExecutorService.java:41)
	at org.junit.platform.engine.support.hierarchical.NodeTestTask.lambda$executeRecursively$6(NodeTestTask.java:155)
	at org.junit.platform.engine.support.hierarchical.ThrowableCollector.execute(ThrowableCollector.java:73)
	at org.junit.platform.engine.support.hierarchical.NodeTestTask.lambda$executeRecursively$8(NodeTestTask.java:141)
	at org.junit.platform.engine.support.hierarchical.Node.around(Node.java:137)
	at org.junit.platform.engine.support.hierarchical.NodeTestTask.lambda$executeRecursively$9(NodeTestTask.java:139)
	at org.junit.platform.engine.support.hierarchical.ThrowableCollector.execute(ThrowableCollector.java:73)
	at org.junit.platform.engine.support.hierarchical.NodeTestTask.executeRecursively(NodeTestTask.java:138)
	at org.junit.platform.engine.support.hierarchical.NodeTestTask.execute(NodeTestTask.java:95)
	at org.junit.platform.engine.support.hierarchical.SameThreadHierarchicalTestExecutorService.submit(SameThreadHierarchicalTestExecutorService.java:35)
	at org.junit.platform.engine.support.hierarchical.HierarchicalTestExecutor.execute(HierarchicalTestExecutor.java:57)
	at org.junit.platform.engine.support.hierarchical.HierarchicalTestEngine.execute(HierarchicalTestEngine.java:54)
	at org.junit.platform.launcher.core.EngineExecutionOrchestrator.execute(EngineExecutionOrchestrator.java:198)
	at org.junit.platform.launcher.core.EngineExecutionOrchestrator.execute(EngineExecutionOrchestrator.java:169)
	at org.junit.platform.launcher.core.EngineExecutionOrchestrator.execute(EngineExecutionOrchestrator.java:93)
	at org.junit.platform.launcher.core.EngineExecutionOrchestrator.lambda$execute$0(EngineExecutionOrchestrator.java:58)
	at org.junit.platform.launcher.core.EngineExecutionOrchestrator.withInterceptedStreams(EngineExecutionOrchestrator.java:141)
	at org.junit.platform.launcher.core.EngineExecutionOrchestrator.execute(EngineExecutionOrchestrator.java:57)
	at org.junit.platform.launcher.core.DefaultLauncher.execute(DefaultLauncher.java:103)
	at org.junit.platform.launcher.core.DefaultLauncher.execute(DefaultLauncher.java:85)
	at org.junit.platform.launcher.core.DelegatingLauncher.execute(DelegatingLauncher.java:47)
	at org.junit.platform.launcher.core.SessionPerRequestLauncher.execute(SessionPerRequestLauncher.java:63)
	at org.apache.maven.surefire.junitplatform.JUnitPlatformProvider.invokeAllTests(JUnitPlatformProvider.java:165)
	at org.apache.maven.surefire.junitplatform.JUnitPlatformProvider.invoke(JUnitPlatformProvider.java:124)
	at org.apache.maven.surefire.booter.ForkedBooter.runSuitesInProcess(ForkedBooter.java:428)
	at org.apache.maven.surefire.booter.ForkedBooter.execute(ForkedBooter.java:162)
	at org.apache.maven.surefire.booter.ForkedBooter.run(ForkedBooter.java:562)
	at org.apache.maven.surefire.booter.ForkedBooter.main(ForkedBooter.java:548)
2024-02-27 07:47:34,700 [main] INFO  om.OzoneManager (OzoneManager.java:addS3GVolumeToDB(4425)) - Created Volume s3v With Owner runner required for S3Gateway operations.
2024-02-27 07:47:34,700 [main] WARN  server.ServerUtils (ServerUtils.java:getDefaultRatisDirectory(311)) - Storage directory for Ratis is not configured. It is a good idea to map this to an SSD disk. Falling back to ozone.metadata.dirs
2024-02-27 07:47:34,700 [main] WARN  utils.OzoneManagerRatisUtils (OzoneManagerRatisUtils.java:getOMRatisSnapshotDirectory(476)) - ozone.om.ratis.snapshot.dir is not configured. Falling back to ozone.metadata.dirs config
2024-02-27 07:47:34,700 [main] INFO  utils.RDBSnapshotProvider (RDBSnapshotProvider.java:init(87)) - Cleaning up the candidate dir: /home/runner/work/ozone/ozone/hadoop-ozone/integration-test/target/test-dir/MiniOzoneClusterImpl-faebf4ee-6c4b-485b-8d19-aa685ee0d5ee/omNode-1/snapshot/om.db.candidate
2024-02-27 07:47:34,701 [main] INFO  ratis_snapshot.OmRatisSnapshotProvider (OmRatisSnapshotProvider.java:<init>(99)) - Initializing OM Snapshot Provider
2024-02-27 07:47:34,702 [main] WARN  server.ServerUtils (ServerUtils.java:getDefaultRatisDirectory(311)) - Storage directory for Ratis is not configured. It is a good idea to map this to an SSD disk. Falling back to ozone.metadata.dirs
2024-02-27 07:47:34,702 [main] INFO  ratis.OzoneManagerRatisServer (OzoneManagerRatisServer.java:<init>(167)) - Instantiating OM Ratis server with groupID: om-service-test1 and peers: localhost:15179, localhost:15187, localhost:15183
2024-02-27 07:47:34,703 [main] INFO  ratis.OzoneManagerStateMachine (OzoneManagerStateMachine.java:loadSnapshotInfoFromDB(576)) - TransactionInfo not found in OM DB.
2024-02-27 07:47:34,703 [main] INFO  server.RaftServer (ConfUtils.java:logGet(46)) - raft.rpc.type = GRPC (default)
2024-02-27 07:47:34,703 [main] INFO  grpc.GrpcConfigKeys (ConfUtils.java:logFallback(53)) - raft.grpc.admin.host = null (fallback to raft.grpc.server.host)
2024-02-27 07:47:34,703 [main] INFO  grpc.GrpcConfigKeys (ConfUtils.java:logFallback(53)) - raft.grpc.admin.port = 15179 (fallback to raft.grpc.server.port)
2024-02-27 07:47:34,704 [main] INFO  grpc.GrpcConfigKeys (ConfUtils.java:logFallback(53)) - raft.grpc.client.host = null (fallback to raft.grpc.server.host)
2024-02-27 07:47:34,704 [main] INFO  grpc.GrpcConfigKeys (ConfUtils.java:logFallback(53)) - raft.grpc.client.port = 15179 (fallback to raft.grpc.server.port)
2024-02-27 07:47:34,704 [main] INFO  grpc.GrpcConfigKeys (ConfUtils.java:logGet(46)) - raft.grpc.server.host = null (default)
2024-02-27 07:47:34,704 [main] INFO  grpc.GrpcConfigKeys (ConfUtils.java:logGet(46)) - raft.grpc.server.port = 15179 (custom)
2024-02-27 07:47:34,704 [main] INFO  server.GrpcService (ConfUtils.java:logGet(46)) - raft.grpc.message.size.max = 4194304 (custom)
2024-02-27 07:47:34,704 [main] INFO  server.RaftServerConfigKeys (ConfUtils.java:logGet(46)) - raft.server.log.appender.buffer.byte-limit = 4194304 (custom)
2024-02-27 07:47:34,705 [main] INFO  server.GrpcService (ConfUtils.java:logGet(46)) - raft.grpc.flow.control.window = 1MB (=1048576) (default)
2024-02-27 07:47:34,705 [main] INFO  server.RaftServerConfigKeys (ConfUtils.java:logGet(46)) - raft.server.rpc.request.timeout = 3000ms (default)
2024-02-27 07:47:34,705 [main] INFO  grpc.GrpcConfigKeys (ConfUtils.java:logGet(46)) - raft.grpc.server.heartbeat.channel = true (default)
2024-02-27 07:47:34,705 [main] INFO  grpc.GrpcConfigKeys (ConfUtils.java:logGet(46)) - raft.grpc.server.async.request.thread.pool.cached = true (default)
2024-02-27 07:47:34,705 [main] INFO  grpc.GrpcConfigKeys (ConfUtils.java:logGet(46)) - raft.grpc.server.async.request.thread.pool.size = 32 (default)
2024-02-27 07:47:34,706 [main] INFO  impl.DataStreamServerImpl (ConfUtils.java:logGet(46)) - raft.datastream.type = DISABLED (default)
2024-02-27 07:47:34,706 [main] INFO  server.RaftServerConfigKeys (ConfUtils.java:logGet(46)) - raft.server.sleep.deviation.threshold = 300ms (default)
2024-02-27 07:47:34,707 [main] INFO  server.RaftServerConfigKeys (ConfUtils.java:logGet(46)) - raft.server.close.threshold = 60s (default)
2024-02-27 07:47:34,707 [main] INFO  server.RaftServerConfigKeys (ConfUtils.java:logGet(46)) - raft.server.leaderelection.leader.step-down.wait-time = 10s (default)
2024-02-27 07:47:34,707 [main] INFO  server.RaftServerConfigKeys (ConfUtils.java:logGet(46)) - raft.server.storage.dir = [/home/runner/work/ozone/ozone/hadoop-ozone/integration-test/target/test-dir/MiniOzoneClusterImpl-faebf4ee-6c4b-485b-8d19-aa685ee0d5ee/omNode-1/ratis] (custom)
2024-02-27 07:47:34,707 [main] INFO  server.RaftServerConfigKeys (ConfUtils.java:logGet(46)) - raft.server.threadpool.proxy.cached = true (default)
2024-02-27 07:47:34,707 [main] INFO  server.RaftServerConfigKeys (ConfUtils.java:logGet(46)) - raft.server.threadpool.proxy.size = 0 (default)
2024-02-27 07:47:34,707 [main] INFO  server.RaftServer (RaftServerProxy.java:addNew(100)) - omNode-1: addNew group-523986131536:[omNode-3|localhost:15187, omNode-1|localhost:15179, omNode-2|localhost:15183] returns group-523986131536:java.util.concurrent.CompletableFuture@61246366[Not completed]
2024-02-27 07:47:34,708 [main] INFO  om.OzoneManager (OzoneManager.java:initializeRatisServer(2140)) - OzoneManager Ratis server initialized at port 15179
2024-02-27 07:47:34,708 [omNode-1-groupManagement] INFO  server.RaftServer$Division (RaftServerImpl.java:<init>(256)) - omNode-1: new RaftServerImpl for group-523986131536:[omNode-3|localhost:15187, omNode-1|localhost:15179, omNode-2|localhost:15183] with OzoneManagerStateMachine:uninitialized
2024-02-27 07:47:34,708 [main] INFO  om.OzoneManager (OzoneManager.java:getRpcServer(1206)) - Creating RPC Server
2024-02-27 07:47:34,708 [omNode-1-groupManagement] INFO  server.RaftServerConfigKeys (ConfUtils.java:logGet(46)) - raft.server.rpc.timeout.min = 1s (custom)
2024-02-27 07:47:34,708 [omNode-1-groupManagement] INFO  server.RaftServerConfigKeys (ConfUtils.java:logGet(46)) - raft.server.rpc.timeout.max = 1200ms (custom)
2024-02-27 07:47:34,708 [omNode-1-groupManagement] INFO  server.RaftServerConfigKeys (ConfUtils.java:logGet(46)) - raft.server.rpc.sleep.time = 25ms (default)
2024-02-27 07:47:34,708 [omNode-1-groupManagement] INFO  server.RaftServerConfigKeys (ConfUtils.java:logGet(46)) - raft.server.rpc.slowness.timeout = 2s (custom)
2024-02-27 07:47:34,708 [omNode-1-groupManagement] INFO  server.RaftServerConfigKeys (ConfUtils.java:logGet(46)) - raft.server.leaderelection.leader.step-down.wait-time = 10s (default)
2024-02-27 07:47:34,708 [omNode-1-groupManagement] INFO  server.RaftServerConfigKeys (ConfUtils.java:logGet(46)) - raft.server.leaderelection.member.majority-add = false (default)
2024-02-27 07:47:34,708 [omNode-1-groupManagement] INFO  server.RaftServerConfigKeys (ConfUtils.java:logGet(46)) - raft.server.sleep.deviation.threshold = 300ms (default)
2024-02-27 07:47:34,708 [omNode-1-groupManagement] INFO  server.RaftServer$Division (ServerState.java:<init>(113)) - omNode-1@group-523986131536: ConfigurationManager, init=-1: peers:[omNode-3|localhost:15187, omNode-1|localhost:15179, omNode-2|localhost:15183]|listeners:[], old=null, confs=<EMPTY_MAP>
2024-02-27 07:47:34,708 [omNode-1-groupManagement] INFO  server.RaftServerConfigKeys (ConfUtils.java:logGet(46)) - raft.server.notification.no-leader.timeout = 2s (custom)
2024-02-27 07:47:34,708 [omNode-1-groupManagement] INFO  server.RaftServerConfigKeys (ConfUtils.java:logGet(46)) - raft.server.read.timeout = 10s (default)
2024-02-27 07:47:34,709 [omNode-1-groupManagement] INFO  server.RaftServerConfigKeys (ConfUtils.java:logGet(46)) - raft.server.retrycache.expirytime = 30000ms (custom)
2024-02-27 07:47:34,709 [omNode-1-groupManagement] INFO  server.RaftServerConfigKeys (ConfUtils.java:logGet(46)) - raft.server.retrycache.statistics.expirytime = 100ms (default)
2024-02-27 07:47:34,709 [omNode-1-groupManagement] INFO  server.RaftServerConfigKeys (ConfUtils.java:logGet(46)) - raft.server.read.option = DEFAULT (default)
2024-02-27 07:47:34,709 [omNode-1-groupManagement] INFO  server.RaftServerConfigKeys (ConfUtils.java:logGet(46)) - raft.server.read.read-after-write-consistent.write-index-cache.expiry-time = 60s (default)
2024-02-27 07:47:34,709 [omNode-1-groupManagement] INFO  server.RaftServerConfigKeys (ConfUtils.java:logGet(46)) - raft.server.rpc.request.timeout = 3000ms (default)
2024-02-27 07:47:34,709 [omNode-1-groupManagement] INFO  server.RaftServerConfigKeys (ConfUtils.java:logGet(46)) - raft.server.log.appender.install.snapshot.enabled = false (custom)
2024-02-27 07:47:34,710 [omNode-1-groupManagement] INFO  server.RaftServerConfigKeys (ConfUtils.java:logGet(46)) - raft.server.threadpool.server.cached = true (default)
2024-02-27 07:47:34,710 [omNode-1-groupManagement] INFO  server.RaftServerConfigKeys (ConfUtils.java:logGet(46)) - raft.server.threadpool.server.size = 0 (default)
2024-02-27 07:47:34,710 [omNode-1-groupManagement] INFO  server.RaftServerConfigKeys (ConfUtils.java:logGet(46)) - raft.server.threadpool.client.cached = true (default)
2024-02-27 07:47:34,710 [omNode-1-groupManagement] INFO  server.RaftServerConfigKeys (ConfUtils.java:logGet(46)) - raft.server.threadpool.client.size = 0 (default)
2024-02-27 07:47:34,884 [main] INFO  ipc.CallQueueManager (CallQueueManager.java:<init>(90)) - Using callQueue: class java.util.concurrent.LinkedBlockingQueue, queueCapacity: 2000, scheduler: class org.apache.hadoop.ipc.DefaultRpcScheduler, ipcBackoff: false.
2024-02-27 07:47:34,884 [main] INFO  ipc.Server (Server.java:<init>(1287)) - Listener at 127.0.0.1:15176
2024-02-27 07:47:34,884 [Socket Reader #1 for port 15176] INFO  ipc.Server (Server.java:run(1323)) - Starting Socket Reader #1 for port 15176
2024-02-27 07:47:34,898 [main] INFO  impl.MetricsSystemImpl (MetricsSystemImpl.java:init(158)) - OzoneManager metrics system started (again)
2024-02-27 07:47:34,905 [main] INFO  om.OzoneManager (OzoneManager.java:start(1628)) - OzoneManager RPC server is listening at localhost/127.0.0.1:15176
2024-02-27 07:47:34,905 [main] INFO  ratis.OzoneManagerRatisServer (OzoneManagerRatisServer.java:start(588)) - Starting OzoneManagerRatisServer omNode-1 at port 15179
2024-02-27 07:47:34,905 [omNode-1-impl-thread1] INFO  server.RaftServerConfigKeys (ConfUtils.java:logGet(46)) - raft.server.storage.free-space.min = 0MB (=0) (default)
2024-02-27 07:47:34,905 [omNode-1-impl-thread1] INFO  server.RaftServerConfigKeys (ConfUtils.java:logGet(46)) - raft.server.log.corruption.policy = EXCEPTION (default)
2024-02-27 07:47:34,906 [omNode-1-impl-thread1] INFO  server.RaftServerConfigKeys (ConfUtils.java:logGet(46)) - raft.server.storage.dir = [/home/runner/work/ozone/ozone/hadoop-ozone/integration-test/target/test-dir/MiniOzoneClusterImpl-faebf4ee-6c4b-485b-8d19-aa685ee0d5ee/omNode-1/ratis] (custom)
2024-02-27 07:47:34,906 [omNode-1-impl-thread1] INFO  storage.RaftStorageDirectory (RaftStorageDirectoryImpl.java:analyzeStorage(138)) - The storage directory /home/runner/work/ozone/ozone/hadoop-ozone/integration-test/target/test-dir/MiniOzoneClusterImpl-faebf4ee-6c4b-485b-8d19-aa685ee0d5ee/omNode-1/ratis/c9bc4cf4-3bc3-3c60-a66b-523986131536 does not exist. Creating ...
2024-02-27 07:47:34,907 [omNode-1-impl-thread1] INFO  storage.RaftStorageDirectory (RaftStorageDirectoryImpl.java:tryLock(228)) - Lock on /home/runner/work/ozone/ozone/hadoop-ozone/integration-test/target/test-dir/MiniOzoneClusterImpl-faebf4ee-6c4b-485b-8d19-aa685ee0d5ee/omNode-1/ratis/c9bc4cf4-3bc3-3c60-a66b-523986131536/in_use.lock acquired by nodename 40924@fv-az699-61
2024-02-27 07:47:34,908 [omNode-1-impl-thread1] INFO  storage.RaftStorage (RaftStorageImpl.java:format(99)) - Storage directory /home/runner/work/ozone/ozone/hadoop-ozone/integration-test/target/test-dir/MiniOzoneClusterImpl-faebf4ee-6c4b-485b-8d19-aa685ee0d5ee/omNode-1/ratis/c9bc4cf4-3bc3-3c60-a66b-523986131536 has been successfully formatted.
2024-02-27 07:47:34,908 [omNode-1-impl-thread1] WARN  util.FileUtils (LogUtils.java:supplyAndLog(63)) - Failed to Files.newInputStream /home/runner/work/ozone/ozone/hadoop-ozone/integration-test/target/test-dir/MiniOzoneClusterImpl-faebf4ee-6c4b-485b-8d19-aa685ee0d5ee/omNode-1/ratis/c9bc4cf4-3bc3-3c60-a66b-523986131536/current/raft-meta.conf with options []: java.nio.file.NoSuchFileException: /home/runner/work/ozone/ozone/hadoop-ozone/integration-test/target/test-dir/MiniOzoneClusterImpl-faebf4ee-6c4b-485b-8d19-aa685ee0d5ee/omNode-1/ratis/c9bc4cf4-3bc3-3c60-a66b-523986131536/current/raft-meta.conf
2024-02-27 07:47:34,908 [omNode-1-impl-thread1] INFO  server.RaftServerConfigKeys (ConfUtils.java:logGet(46)) - raft.server.log.use.memory = false (default)
2024-02-27 07:47:34,908 [omNode-1-impl-thread1] INFO  server.RaftServerConfigKeys (ConfUtils.java:logGet(46)) - raft.server.log.purge.gap = 50 (custom)
2024-02-27 07:47:34,908 [omNode-1-impl-thread1] INFO  server.RaftServerConfigKeys (ConfUtils.java:logGet(46)) - raft.server.log.appender.buffer.byte-limit = 4194304 (custom)
2024-02-27 07:47:34,909 [omNode-1-impl-thread1] INFO  server.RaftServerConfigKeys (ConfUtils.java:logGet(46)) - raft.server.log.statemachine.data.read.timeout = 1000ms (default)
2024-02-27 07:47:34,909 [omNode-1-impl-thread1] INFO  server.RaftServerConfigKeys (ConfUtils.java:logGet(46)) - raft.server.log.purge.preservation.log.num = 0 (default)
2024-02-27 07:47:34,909 [omNode-1-impl-thread1] INFO  server.RaftServerConfigKeys (ConfUtils.java:logGet(46)) - raft.server.log.segment.size.max = 4194304 (custom)
2024-02-27 07:47:34,909 [omNode-1-impl-thread1] INFO  server.RaftServerConfigKeys (ConfUtils.java:logGet(46)) - raft.server.log.segment.cache.num.max = 2 (custom)
2024-02-27 07:47:34,909 [omNode-1-impl-thread1] INFO  server.RaftServerConfigKeys (ConfUtils.java:logGet(46)) - raft.server.log.segment.cache.size.max = 200MB (=209715200) (default)
2024-02-27 07:47:34,909 [omNode-1-impl-thread1] INFO  server.RaftServerConfigKeys (ConfUtils.java:logGet(46)) - raft.server.log.appender.buffer.byte-limit = 4194304 (custom)
2024-02-27 07:47:34,909 [omNode-1-impl-thread1] INFO  util.AwaitToRun (AwaitToRun.java:start(81)) - Thread[omNode-1@group-523986131536-cacheEviction-AwaitToRun,5,main] started
2024-02-27 07:47:34,910 [omNode-1-impl-thread1] INFO  segmented.SegmentedRaftLogWorker (SegmentedRaftLogWorker.java:<init>(182)) - new omNode-1@group-523986131536-SegmentedRaftLogWorker for RaftStorageImpl:Storage Directory /home/runner/work/ozone/ozone/hadoop-ozone/integration-test/target/test-dir/MiniOzoneClusterImpl-faebf4ee-6c4b-485b-8d19-aa685ee0d5ee/omNode-1/ratis/c9bc4cf4-3bc3-3c60-a66b-523986131536
2024-02-27 07:47:34,910 [omNode-1-impl-thread1] INFO  server.RaftServerConfigKeys (ConfUtils.java:logGet(46)) - raft.server.log.queue.byte-limit = 64MB (=67108864) (default)
2024-02-27 07:47:34,910 [omNode-1-impl-thread1] INFO  server.RaftServerConfigKeys (ConfUtils.java:logGet(46)) - raft.server.log.queue.element-limit = 4096 (default)
2024-02-27 07:47:34,910 [omNode-1-impl-thread1] INFO  server.RaftServerConfigKeys (ConfUtils.java:logGet(46)) - raft.server.log.segment.size.max = 4194304 (custom)
2024-02-27 07:47:34,910 [omNode-1-impl-thread1] INFO  server.RaftServerConfigKeys (ConfUtils.java:logGet(46)) - raft.server.log.preallocated.size = 4194304 (custom)
2024-02-27 07:47:34,910 [omNode-1-impl-thread1] INFO  server.RaftServerConfigKeys (ConfUtils.java:logGet(46)) - raft.server.log.force.sync.num = 128 (default)
2024-02-27 07:47:34,910 [omNode-1-impl-thread1] INFO  server.RaftServerConfigKeys (ConfUtils.java:logGet(46)) - raft.server.log.statemachine.data.sync = true (default)
2024-02-27 07:47:34,910 [omNode-1-impl-thread1] INFO  server.RaftServerConfigKeys (ConfUtils.java:logGet(46)) - raft.server.log.statemachine.data.sync.timeout = 10s (default)
2024-02-27 07:47:34,910 [omNode-1-impl-thread1] INFO  server.RaftServerConfigKeys (ConfUtils.java:logGet(46)) - raft.server.log.statemachine.data.sync.timeout.retry = -1 (default)
2024-02-27 07:47:34,910 [omNode-1-impl-thread1] INFO  server.RaftServerConfigKeys (ConfUtils.java:logGet(46)) - raft.server.log.write.buffer.size = 4194312 (custom)
2024-02-27 07:47:34,910 [omNode-1-impl-thread1] INFO  server.RaftServerConfigKeys (ConfUtils.java:logGet(46)) - raft.server.log.appender.buffer.byte-limit = 4194304 (custom)
2024-02-27 07:47:34,910 [omNode-1-impl-thread1] INFO  server.RaftServerConfigKeys (ConfUtils.java:logGet(46)) - raft.server.log.unsafe-flush.enabled = false (default)
2024-02-27 07:47:34,911 [omNode-1-impl-thread1] INFO  server.RaftServerConfigKeys (ConfUtils.java:logGet(46)) - raft.server.log.async-flush.enabled = false (default)
2024-02-27 07:47:34,911 [omNode-1-impl-thread1] INFO  server.RaftServerConfigKeys (ConfUtils.java:logGet(46)) - raft.server.log.statemachine.data.caching.enabled = false (default)
2024-02-27 07:47:34,911 [omNode-1-impl-thread1] INFO  segmented.SegmentedRaftLogWorker (SegmentedRaftLogWorker.java:lambda$new$0(134)) - omNode-1@group-523986131536-SegmentedRaftLogWorker: flushIndex: setUnconditionally 0 -> -1
2024-02-27 07:47:34,911 [omNode-1-impl-thread1] INFO  segmented.SegmentedRaftLogWorker (SegmentedRaftLogWorker.java:lambda$new$0(134)) - omNode-1@group-523986131536-SegmentedRaftLogWorker: safeCacheEvictIndex: setUnconditionally 0 -> -1
2024-02-27 07:47:34,911 [omNode-1-impl-thread1] INFO  server.RaftServer$Division (RaftServerImpl.java:start(396)) - omNode-1@group-523986131536: start as a follower, conf=-1: peers:[omNode-3|localhost:15187, omNode-1|localhost:15179, omNode-2|localhost:15183]|listeners:[], old=null
2024-02-27 07:47:34,911 [omNode-1-impl-thread1] INFO  server.RaftServer$Division (RaftServerImpl.java:setRole(383)) - omNode-1@group-523986131536: changes role from      null to FOLLOWER at term 0 for startAsFollower
2024-02-27 07:47:34,911 [omNode-1-impl-thread1] INFO  impl.RoleInfo (RoleInfo.java:updateAndGet(139)) - omNode-1: start omNode-1@group-523986131536-FollowerState
2024-02-27 07:47:34,911 [omNode-1@group-523986131536-FollowerState] INFO  server.RaftServerConfigKeys (ConfUtils.java:logFallback(53)) - raft.server.rpc.first-election.timeout.min = 1s (fallback to raft.server.rpc.timeout.min)
2024-02-27 07:47:34,912 [omNode-1@group-523986131536-FollowerState] INFO  server.RaftServerConfigKeys (ConfUtils.java:logFallback(53)) - raft.server.rpc.first-election.timeout.max = 1200ms (fallback to raft.server.rpc.timeout.max)
2024-02-27 07:47:34,911 [omNode-1-impl-thread1] INFO  util.JmxRegister (JmxRegister.java:tryRegister(44)) - Successfully registered JMX Bean with object name Ratis:service=RaftServer,group=group-523986131536,id=omNode-1
2024-02-27 07:47:34,912 [omNode-1-impl-thread1] INFO  server.RaftServerConfigKeys (ConfUtils.java:logGet(46)) - raft.server.snapshot.trigger-when-stop.enabled = true (default)
2024-02-27 07:47:34,912 [omNode-1-impl-thread1] INFO  server.RaftServerConfigKeys (ConfUtils.java:logGet(46)) - raft.server.snapshot.auto.trigger.enabled = true (custom)
2024-02-27 07:47:34,912 [omNode-1-impl-thread1] INFO  server.RaftServerConfigKeys (ConfUtils.java:logGet(46)) - raft.server.snapshot.auto.trigger.threshold = 50 (custom)
2024-02-27 07:47:34,912 [omNode-1-impl-thread1] INFO  server.RaftServerConfigKeys (ConfUtils.java:logGet(46)) - raft.server.snapshot.retention.file.num = -1 (default)
2024-02-27 07:47:34,912 [omNode-1-impl-thread1] INFO  server.RaftServerConfigKeys (ConfUtils.java:logGet(46)) - raft.server.log.purge.upto.snapshot.index = true (custom)
2024-02-27 07:47:34,913 [main] INFO  server.RaftServer (RaftServerProxy.java:startImpl(406)) - omNode-1: start RPC server
2024-02-27 07:47:34,914 [main] INFO  server.GrpcService (GrpcService.java:startImpl(302)) - omNode-1: GrpcService started, listening on 15179
2024-02-27 07:47:34,914 [JvmPauseMonitor50] INFO  util.JvmPauseMonitor (JvmPauseMonitor.java:run(146)) - JvmPauseMonitor-omNode-1: Started
2024-02-27 07:47:34,915 [main] INFO  om.OzoneManager (OzoneManager.java:start(1644)) - Version File has different layout version (6) than OM DB (null). That is expected if this OM has never been finalized to a newer layout version.
2024-02-27 07:47:34,917 [main] INFO  http.BaseHttpServer (BaseHttpServer.java:newHttpServer2BuilderForOzone(223)) - Starting Web-server for ozoneManager at: http://0.0.0.0:15177
2024-02-27 07:47:34,917 [main] INFO  http.BaseHttpServer (BaseHttpServer.java:<init>(110)) - Hadoop Security Enabled: false Ozone Security Enabled: false Ozone HTTP Security Enabled: false 
2024-02-27 07:47:34,918 [main] WARN  server.AuthenticationFilter (AuthenticationFilter.java:constructSecretProvider(240)) - Unable to initialize FileSignerSecretProvider, falling back to use random secrets. Reason: Could not read signature secret file: /home/runner/hadoop-http-auth-signature-secret
2024-02-27 07:47:34,918 [main] INFO  http.HttpRequestLog (HttpRequestLog.java:getRequestLog(86)) - Http request log for http.requests.ozoneManager is not defined
2024-02-27 07:47:34,919 [main] INFO  http.HttpServer2 (HttpServer2.java:addGlobalFilter(1036)) - Added global filter 'safety' (class=org.apache.hadoop.hdds.server.http.HttpServer2$QuotingInputFilter)
2024-02-27 07:47:34,919 [main] INFO  http.HttpServer2 (HttpServer2.java:addFilter(1012)) - Added filter static_user_filter (class=org.apache.hadoop.http.lib.StaticUserWebFilter$StaticUserFilter) to context ozoneManager
2024-02-27 07:47:34,919 [main] INFO  http.HttpServer2 (HttpServer2.java:addFilter(1020)) - Added filter static_user_filter (class=org.apache.hadoop.http.lib.StaticUserWebFilter$StaticUserFilter) to context static
2024-02-27 07:47:34,919 [main] INFO  http.HttpServer2 (HttpServer2.java:addFilter(1020)) - Added filter static_user_filter (class=org.apache.hadoop.http.lib.StaticUserWebFilter$StaticUserFilter) to context logs
2024-02-27 07:47:34,919 [main] INFO  http.BaseHttpServer (BaseHttpServer.java:<init>(189)) - HTTP server of ozoneManager uses base directory /home/runner/work/ozone/ozone/hadoop-ozone/integration-test/target/test-dir/MiniOzoneClusterImpl-faebf4ee-6c4b-485b-8d19-aa685ee0d5ee/omNode-1/webserver
2024-02-27 07:47:34,920 [main] INFO  http.HttpServer2 (HttpServer2.java:bindListener(1236)) - Jetty bound to port 15177
2024-02-27 07:47:34,920 [main] INFO  server.Server (Server.java:doStart(375)) - jetty-9.4.53.v20231009; built: 2023-10-09T12:29:09.265Z; git: 27bde00a0b95a1d5bbee0eae7984f891d2d0f8c9; jvm 1.8.0_402-b06
2024-02-27 07:47:34,920 [main] INFO  server.session (DefaultSessionIdManager.java:doStart(334)) - DefaultSessionIdManager workerName=node0
2024-02-27 07:47:34,921 [main] INFO  server.session (DefaultSessionIdManager.java:doStart(339)) - No SessionScavenger set, using defaults
2024-02-27 07:47:34,921 [main] INFO  server.session (HouseKeeper.java:startScavenging(132)) - node0 Scavenging every 600000ms
2024-02-27 07:47:34,921 [main] INFO  handler.ContextHandler (ContextHandler.java:doStart(921)) - Started o.e.j.s.ServletContextHandler@369f6bb2{logs,/logs,file:///home/runner/work/ozone/ozone/hadoop-ozone/integration-test/target/log,AVAILABLE}
2024-02-27 07:47:34,921 [main] INFO  handler.ContextHandler (ContextHandler.java:doStart(921)) - Started o.e.j.s.ServletContextHandler@6f700e33{static,/static,file:///home/runner/work/ozone/ozone/hadoop-ozone/integration-test/target/test-classes/webapps/static,AVAILABLE}
2024-02-27 07:47:34,923 [main] INFO  handler.ContextHandler (ContextHandler.java:doStart(921)) - Started o.e.j.w.WebAppContext@7afa26ab{ozoneManager,/,file:///home/runner/work/ozone/ozone/hadoop-ozone/integration-test/target/test-classes/webapps/ozoneManager/,AVAILABLE}{file:/home/runner/work/ozone/ozone/hadoop-ozone/integration-test/target/test-classes/webapps/ozoneManager}
2024-02-27 07:47:34,923 [main] INFO  server.AbstractConnector (AbstractConnector.java:doStart(333)) - Started ServerConnector@20a14fcf{HTTP/1.1, (http/1.1)}{0.0.0.0:15177}
2024-02-27 07:47:34,923 [main] INFO  server.Server (Server.java:doStart(415)) - Started @537631ms
2024-02-27 07:47:34,923 [main] WARN  impl.MetricsSystemImpl (MetricsSystemImpl.java:register(279)) - Sink prometheus already exists!
2024-02-27 07:47:34,924 [main] INFO  http.BaseHttpServer (BaseHttpServer.java:updateConnectorAddress(354)) - HTTP server of ozoneManager listening at http://0.0.0.0:15177
2024-02-27 07:47:34,924 [IPC Server Responder] INFO  ipc.Server (Server.java:run(1562)) - IPC Server Responder: starting
2024-02-27 07:47:34,924 [IPC Server listener on 15176] INFO  ipc.Server (Server.java:run(1402)) - IPC Server listener on 15176: starting
2024-02-27 07:47:34,927 [main] INFO  om.OzoneManager (OzoneManager.java:startTrashEmptier(2093)) - Trash Interval set to 0. Files deleted won't move to trash
2024-02-27 07:47:34,927 [main] INFO  ozone.MiniOzoneHAClusterImpl (MiniOzoneHAClusterImpl.java:createOMService(474)) - Started OzoneManager omNode-1 RPC server at localhost/127.0.0.1:15176
2024-02-27 07:47:34,927 [main] INFO  ha.OMHANodeDetails (OMHANodeDetails.java:loadOMHAConfig(121)) - ServiceID for OzoneManager is om-service-test1
2024-02-27 07:47:34,928 [main] INFO  ha.OMHANodeDetails (OMHANodeDetails.java:loadOMHAConfig(201)) - Found matching OM address with OMServiceId: om-service-test1, OMNodeId: omNode-2, RPC Address: localhost:15180 and Ratis port: 15183
2024-02-27 07:47:34,928 [main] INFO  ha.OMHANodeDetails (ConfUtils.java:setNodeSpecificConfigs(97)) - Setting configuration key ozone.om.http-address with value of key ozone.om.http-address.om-service-test1.omNode-2: 127.0.0.1:15181
2024-02-27 07:47:34,928 [main] INFO  ha.OMHANodeDetails (ConfUtils.java:setNodeSpecificConfigs(97)) - Setting configuration key ozone.om.https-address with value of key ozone.om.https-address.om-service-test1.omNode-2: 127.0.0.1:15182
2024-02-27 07:47:34,928 [main] INFO  ha.OMHANodeDetails (ConfUtils.java:setNodeSpecificConfigs(97)) - Setting configuration key ozone.om.address with value of key ozone.om.address.om-service-test1.omNode-2: 127.0.0.1:15180
2024-02-27 07:47:34,928 [main] WARN  server.ServerUtils (ServerUtils.java:getDBPath(299)) - ozone.om.db.dirs is not configured. We recommend adding this setting. Falling back to ozone.metadata.dirs instead.
2024-02-27 07:47:34,929 [main] INFO  proxy.SCMBlockLocationFailoverProxyProvider (SCMBlockLocationFailoverProxyProvider.java:<init>(115)) - Created block location fail-over proxy with 1 nodes: [nodeId=scmNodeId,nodeAddress=/0.0.0.0:15173]
OM initialization succeeded.Current cluster id for sd=/home/runner/work/ozone/ozone/hadoop-ozone/integration-test/target/test-dir/MiniOzoneClusterImpl-faebf4ee-6c4b-485b-8d19-aa685ee0d5ee/omNode-2/om;cid=faebf4ee-6c4b-485b-8d19-aa685ee0d5ee;layoutVersion=6
2024-02-27 07:47:34,933 [main] INFO  ha.OMHANodeDetails (OMHANodeDetails.java:loadOMHAConfig(121)) - ServiceID for OzoneManager is om-service-test1
2024-02-27 07:47:34,933 [main] INFO  ha.OMHANodeDetails (OMHANodeDetails.java:loadOMHAConfig(201)) - Found matching OM address with OMServiceId: om-service-test1, OMNodeId: omNode-2, RPC Address: localhost:15180 and Ratis port: 15183
2024-02-27 07:47:34,933 [main] INFO  ha.OMHANodeDetails (ConfUtils.java:setNodeSpecificConfigs(97)) - Setting configuration key ozone.om.http-address with value of key ozone.om.http-address.om-service-test1.omNode-2: 127.0.0.1:15181
2024-02-27 07:47:34,934 [main] INFO  ha.OMHANodeDetails (ConfUtils.java:setNodeSpecificConfigs(97)) - Setting configuration key ozone.om.https-address with value of key ozone.om.https-address.om-service-test1.omNode-2: 127.0.0.1:15182
2024-02-27 07:47:34,934 [main] INFO  ha.OMHANodeDetails (ConfUtils.java:setNodeSpecificConfigs(97)) - Setting configuration key ozone.om.address with value of key ozone.om.address.om-service-test1.omNode-2: 127.0.0.1:15180
2024-02-27 07:47:34,934 [main] WARN  server.ServerUtils (ServerUtils.java:getDBPath(299)) - ozone.om.db.dirs is not configured. We recommend adding this setting. Falling back to ozone.metadata.dirs instead.
2024-02-27 07:47:34,935 [main] INFO  upgrade.AbstractLayoutVersionManager (AbstractLayoutVersionManager.java:init(83)) - Initializing Layout version manager with metadata layout = QUOTA (version = 6), software layout = QUOTA (version = 6)
2024-02-27 07:47:34,969 [main] INFO  upgrade.OMLayoutVersionManager (OMLayoutVersionManager.java:lambda$0(113)) - Skipping Upgrade Action QuotaRepairUpgradeAction since it has been finalized.
2024-02-27 07:47:34,969 [main] INFO  upgrade.OMLayoutVersionManager (OMLayoutVersionManager.java:lambda$0(113)) - Skipping Upgrade Action MockOmUpgradeAction since it has been finalized.
2024-02-27 07:47:34,969 [main] WARN  server.ServerUtils (ServerUtils.java:getDBPath(299)) - ozone.om.db.dirs is not configured. We recommend adding this setting. Falling back to ozone.metadata.dirs instead.
2024-02-27 07:47:34,969 [main] INFO  proxy.SCMBlockLocationFailoverProxyProvider (SCMBlockLocationFailoverProxyProvider.java:<init>(115)) - Created block location fail-over proxy with 1 nodes: [nodeId=scmNodeId,nodeAddress=/0.0.0.0:15173]
2024-02-27 07:47:34,970 [main] INFO  proxy.SCMBlockLocationFailoverProxyProvider (SCMBlockLocationFailoverProxyProvider.java:<init>(115)) - Created block location fail-over proxy with 1 nodes: [nodeId=scmNodeId,nodeAddress=/0.0.0.0:15173]
2024-02-27 07:47:34,974 [main] INFO  om.OzoneManager (OzoneManager.java:<init>(672)) - OM start with adminUsers: [*, runner]
2024-02-27 07:47:34,974 [main] WARN  server.ServerUtils (ServerUtils.java:getDBPath(299)) - ozone.om.db.dirs is not configured. We recommend adding this setting. Falling back to ozone.metadata.dirs instead.
2024-02-27 07:47:34,975 [main] INFO  helpers.OmKeyInfo (OmKeyInfo.java:getCodec(71)) - OmKeyInfo.getCodec ignorePipeline = true
2024-02-27 07:47:35,112 [main] INFO  om.OzoneManager (OzoneManager.java:instantiateServices(804)) - S3 Multi-Tenancy is disabled
2024-02-27 07:47:35,112 [main] INFO  om.OmSnapshotManager (OmSnapshotManager.java:<init>(177)) - Ozone filesystem snapshot feature is enabled.
2024-02-27 07:47:35,112 [main] WARN  server.ServerUtils (ServerUtils.java:getDBPath(299)) - ozone.om.snapshot.diff.db.dir is not configured. We recommend adding this setting. Falling back to ozone.metadata.dirs instead.
2024-02-27 07:47:35,129 [main] INFO  utils.NativeLibraryLoader (NativeLibraryLoader.java:loadLibrary(108)) - Loading Library: ozone_rocksdb_tools
2024-02-27 07:47:35,130 [main] ERROR snapshot.SnapshotDiffManager (SnapshotDiffManager.java:initNativeLibraryForEfficientDiff(287)) - Native Library for raw sst file reading loading failed.
org.apache.hadoop.hdds.utils.NativeLibraryNotLoadedException: Unable to load library ozone_rocksdb_tools from both java.library.path & resource file libozone_rocksdb_tools.so from jar.
	at org.apache.hadoop.hdds.utils.db.managed.ManagedRawSSTFileReader.loadLibrary(ManagedRawSSTFileReader.java:38)
	at org.apache.hadoop.ozone.om.snapshot.SnapshotDiffManager.initNativeLibraryForEfficientDiff(SnapshotDiffManager.java:285)
	at org.apache.hadoop.ozone.om.snapshot.SnapshotDiffManager.<init>(SnapshotDiffManager.java:259)
	at org.apache.hadoop.ozone.om.OmSnapshotManager.<init>(OmSnapshotManager.java:279)
	at org.apache.hadoop.ozone.om.OzoneManager.instantiateServices(OzoneManager.java:856)
	at org.apache.hadoop.ozone.om.OzoneManager.<init>(OzoneManager.java:682)
	at org.apache.hadoop.ozone.om.OzoneManager.createOm(OzoneManager.java:767)
	at org.apache.hadoop.ozone.MiniOzoneHAClusterImpl$Builder.createOMService(MiniOzoneHAClusterImpl.java:467)
	at org.apache.hadoop.ozone.MiniOzoneHAClusterImpl$Builder.build(MiniOzoneHAClusterImpl.java:387)
	at org.apache.hadoop.ozone.om.TestOzoneManagerHA.init(TestOzoneManagerHA.java:184)
	at sun.reflect.NativeMethodAccessorImpl.invoke0(Native Method)
	at sun.reflect.NativeMethodAccessorImpl.invoke(NativeMethodAccessorImpl.java:62)
	at sun.reflect.DelegatingMethodAccessorImpl.invoke(DelegatingMethodAccessorImpl.java:43)
	at java.lang.reflect.Method.invoke(Method.java:498)
	at org.junit.platform.commons.util.ReflectionUtils.invokeMethod(ReflectionUtils.java:728)
	at org.junit.jupiter.engine.execution.MethodInvocation.proceed(MethodInvocation.java:60)
	at org.junit.jupiter.engine.execution.InvocationInterceptorChain$ValidatingInvocation.proceed(InvocationInterceptorChain.java:131)
	at org.junit.jupiter.engine.extension.TimeoutExtension.intercept(TimeoutExtension.java:156)
	at org.junit.jupiter.engine.extension.TimeoutExtension.interceptLifecycleMethod(TimeoutExtension.java:128)
	at org.junit.jupiter.engine.extension.TimeoutExtension.interceptBeforeAllMethod(TimeoutExtension.java:70)
	at org.junit.jupiter.engine.execution.InterceptingExecutableInvoker$ReflectiveInterceptorCall.lambda$ofVoidMethod$0(InterceptingExecutableInvoker.java:103)
	at org.junit.jupiter.engine.execution.InterceptingExecutableInvoker.lambda$invoke$0(InterceptingExecutableInvoker.java:93)
	at org.junit.jupiter.engine.execution.InvocationInterceptorChain$InterceptedInvocation.proceed(InvocationInterceptorChain.java:106)
	at org.junit.jupiter.engine.execution.InvocationInterceptorChain.proceed(InvocationInterceptorChain.java:64)
	at org.junit.jupiter.engine.execution.InvocationInterceptorChain.chainAndInvoke(InvocationInterceptorChain.java:45)
	at org.junit.jupiter.engine.execution.InvocationInterceptorChain.invoke(InvocationInterceptorChain.java:37)
	at org.junit.jupiter.engine.execution.InterceptingExecutableInvoker.invoke(InterceptingExecutableInvoker.java:92)
	at org.junit.jupiter.engine.execution.InterceptingExecutableInvoker.invoke(InterceptingExecutableInvoker.java:86)
	at org.junit.jupiter.engine.descriptor.ClassBasedTestDescriptor.lambda$invokeBeforeAllMethods$13(ClassBasedTestDescriptor.java:412)
	at org.junit.platform.engine.support.hierarchical.ThrowableCollector.execute(ThrowableCollector.java:73)
	at org.junit.jupiter.engine.descriptor.ClassBasedTestDescriptor.invokeBeforeAllMethods(ClassBasedTestDescriptor.java:410)
	at org.junit.jupiter.engine.descriptor.ClassBasedTestDescriptor.before(ClassBasedTestDescriptor.java:216)
	at org.junit.jupiter.engine.descriptor.ClassBasedTestDescriptor.before(ClassBasedTestDescriptor.java:85)
	at org.junit.platform.engine.support.hierarchical.NodeTestTask.lambda$executeRecursively$6(NodeTestTask.java:148)
	at org.junit.platform.engine.support.hierarchical.ThrowableCollector.execute(ThrowableCollector.java:73)
	at org.junit.platform.engine.support.hierarchical.NodeTestTask.lambda$executeRecursively$8(NodeTestTask.java:141)
	at org.junit.platform.engine.support.hierarchical.Node.around(Node.java:137)
	at org.junit.platform.engine.support.hierarchical.NodeTestTask.lambda$executeRecursively$9(NodeTestTask.java:139)
	at org.junit.platform.engine.support.hierarchical.ThrowableCollector.execute(ThrowableCollector.java:73)
	at org.junit.platform.engine.support.hierarchical.NodeTestTask.executeRecursively(NodeTestTask.java:138)
	at org.junit.platform.engine.support.hierarchical.NodeTestTask.execute(NodeTestTask.java:95)
	at java.util.ArrayList.forEach(ArrayList.java:1259)
	at org.junit.platform.engine.support.hierarchical.SameThreadHierarchicalTestExecutorService.invokeAll(SameThreadHierarchicalTestExecutorService.java:41)
	at org.junit.platform.engine.support.hierarchical.NodeTestTask.lambda$executeRecursively$6(NodeTestTask.java:155)
	at org.junit.platform.engine.support.hierarchical.ThrowableCollector.execute(ThrowableCollector.java:73)
	at org.junit.platform.engine.support.hierarchical.NodeTestTask.lambda$executeRecursively$8(NodeTestTask.java:141)
	at org.junit.platform.engine.support.hierarchical.Node.around(Node.java:137)
	at org.junit.platform.engine.support.hierarchical.NodeTestTask.lambda$executeRecursively$9(NodeTestTask.java:139)
	at org.junit.platform.engine.support.hierarchical.ThrowableCollector.execute(ThrowableCollector.java:73)
	at org.junit.platform.engine.support.hierarchical.NodeTestTask.executeRecursively(NodeTestTask.java:138)
	at org.junit.platform.engine.support.hierarchical.NodeTestTask.execute(NodeTestTask.java:95)
	at org.junit.platform.engine.support.hierarchical.SameThreadHierarchicalTestExecutorService.submit(SameThreadHierarchicalTestExecutorService.java:35)
	at org.junit.platform.engine.support.hierarchical.HierarchicalTestExecutor.execute(HierarchicalTestExecutor.java:57)
	at org.junit.platform.engine.support.hierarchical.HierarchicalTestEngine.execute(HierarchicalTestEngine.java:54)
	at org.junit.platform.launcher.core.EngineExecutionOrchestrator.execute(EngineExecutionOrchestrator.java:198)
	at org.junit.platform.launcher.core.EngineExecutionOrchestrator.execute(EngineExecutionOrchestrator.java:169)
	at org.junit.platform.launcher.core.EngineExecutionOrchestrator.execute(EngineExecutionOrchestrator.java:93)
	at org.junit.platform.launcher.core.EngineExecutionOrchestrator.lambda$execute$0(EngineExecutionOrchestrator.java:58)
	at org.junit.platform.launcher.core.EngineExecutionOrchestrator.withInterceptedStreams(EngineExecutionOrchestrator.java:141)
	at org.junit.platform.launcher.core.EngineExecutionOrchestrator.execute(EngineExecutionOrchestrator.java:57)
	at org.junit.platform.launcher.core.DefaultLauncher.execute(DefaultLauncher.java:103)
	at org.junit.platform.launcher.core.DefaultLauncher.execute(DefaultLauncher.java:85)
	at org.junit.platform.launcher.core.DelegatingLauncher.execute(DelegatingLauncher.java:47)
	at org.junit.platform.launcher.core.SessionPerRequestLauncher.execute(SessionPerRequestLauncher.java:63)
	at org.apache.maven.surefire.junitplatform.JUnitPlatformProvider.invokeAllTests(JUnitPlatformProvider.java:165)
	at org.apache.maven.surefire.junitplatform.JUnitPlatformProvider.invoke(JUnitPlatformProvider.java:124)
	at org.apache.maven.surefire.booter.ForkedBooter.runSuitesInProcess(ForkedBooter.java:428)
	at org.apache.maven.surefire.booter.ForkedBooter.execute(ForkedBooter.java:162)
	at org.apache.maven.surefire.booter.ForkedBooter.run(ForkedBooter.java:562)
	at org.apache.maven.surefire.booter.ForkedBooter.main(ForkedBooter.java:548)
2024-02-27 07:47:35,131 [main] INFO  om.OzoneManager (OzoneManager.java:addS3GVolumeToDB(4425)) - Created Volume s3v With Owner runner required for S3Gateway operations.
2024-02-27 07:47:35,131 [main] WARN  server.ServerUtils (ServerUtils.java:getDefaultRatisDirectory(311)) - Storage directory for Ratis is not configured. It is a good idea to map this to an SSD disk. Falling back to ozone.metadata.dirs
2024-02-27 07:47:35,132 [main] WARN  utils.OzoneManagerRatisUtils (OzoneManagerRatisUtils.java:getOMRatisSnapshotDirectory(476)) - ozone.om.ratis.snapshot.dir is not configured. Falling back to ozone.metadata.dirs config
2024-02-27 07:47:35,132 [main] INFO  utils.RDBSnapshotProvider (RDBSnapshotProvider.java:init(87)) - Cleaning up the candidate dir: /home/runner/work/ozone/ozone/hadoop-ozone/integration-test/target/test-dir/MiniOzoneClusterImpl-faebf4ee-6c4b-485b-8d19-aa685ee0d5ee/omNode-2/snapshot/om.db.candidate
2024-02-27 07:47:35,132 [main] INFO  ratis_snapshot.OmRatisSnapshotProvider (OmRatisSnapshotProvider.java:<init>(99)) - Initializing OM Snapshot Provider
2024-02-27 07:47:35,133 [main] WARN  dropwizard3.Dm3MetricRegistriesImpl (Dm3MetricRegistriesImpl.java:addReporterRegistration(113)) - New reporters are added after registries were created. Some metrics will be missing from the reporter. Please add reporter before adding any new registry.
2024-02-27 07:47:35,133 [main] WARN  dropwizard3.Dm3MetricRegistriesImpl (Dm3MetricRegistriesImpl.java:addReporterRegistration(113)) - New reporters are added after registries were created. Some metrics will be missing from the reporter. Please add reporter before adding any new registry.
2024-02-27 07:47:35,133 [main] WARN  server.ServerUtils (ServerUtils.java:getDefaultRatisDirectory(311)) - Storage directory for Ratis is not configured. It is a good idea to map this to an SSD disk. Falling back to ozone.metadata.dirs
2024-02-27 07:47:35,134 [main] INFO  ratis.OzoneManagerRatisServer (OzoneManagerRatisServer.java:<init>(167)) - Instantiating OM Ratis server with groupID: om-service-test1 and peers: localhost:15183, localhost:15187, localhost:15179
2024-02-27 07:47:35,134 [main] INFO  ratis.OzoneManagerStateMachine (OzoneManagerStateMachine.java:loadSnapshotInfoFromDB(576)) - TransactionInfo not found in OM DB.
2024-02-27 07:47:35,135 [main] INFO  server.RaftServer (ConfUtils.java:logGet(46)) - raft.rpc.type = GRPC (default)
2024-02-27 07:47:35,135 [main] INFO  grpc.GrpcConfigKeys (ConfUtils.java:logFallback(53)) - raft.grpc.admin.host = null (fallback to raft.grpc.server.host)
2024-02-27 07:47:35,135 [main] INFO  grpc.GrpcConfigKeys (ConfUtils.java:logFallback(53)) - raft.grpc.admin.port = 15183 (fallback to raft.grpc.server.port)
2024-02-27 07:47:35,135 [main] INFO  grpc.GrpcConfigKeys (ConfUtils.java:logFallback(53)) - raft.grpc.client.host = null (fallback to raft.grpc.server.host)
2024-02-27 07:47:35,135 [main] INFO  grpc.GrpcConfigKeys (ConfUtils.java:logFallback(53)) - raft.grpc.client.port = 15183 (fallback to raft.grpc.server.port)
2024-02-27 07:47:35,135 [main] INFO  grpc.GrpcConfigKeys (ConfUtils.java:logGet(46)) - raft.grpc.server.host = null (default)
2024-02-27 07:47:35,136 [main] INFO  grpc.GrpcConfigKeys (ConfUtils.java:logGet(46)) - raft.grpc.server.port = 15183 (custom)
2024-02-27 07:47:35,136 [main] INFO  server.GrpcService (ConfUtils.java:logGet(46)) - raft.grpc.message.size.max = 4194304 (custom)
2024-02-27 07:47:35,136 [main] INFO  server.RaftServerConfigKeys (ConfUtils.java:logGet(46)) - raft.server.log.appender.buffer.byte-limit = 4194304 (custom)
2024-02-27 07:47:35,136 [main] INFO  server.GrpcService (ConfUtils.java:logGet(46)) - raft.grpc.flow.control.window = 1MB (=1048576) (default)
2024-02-27 07:47:35,136 [main] INFO  server.RaftServerConfigKeys (ConfUtils.java:logGet(46)) - raft.server.rpc.request.timeout = 3000ms (default)
2024-02-27 07:47:35,136 [main] INFO  grpc.GrpcConfigKeys (ConfUtils.java:logGet(46)) - raft.grpc.server.heartbeat.channel = true (default)
2024-02-27 07:47:35,136 [main] INFO  grpc.GrpcConfigKeys (ConfUtils.java:logGet(46)) - raft.grpc.server.async.request.thread.pool.cached = true (default)
2024-02-27 07:47:35,137 [main] INFO  grpc.GrpcConfigKeys (ConfUtils.java:logGet(46)) - raft.grpc.server.async.request.thread.pool.size = 32 (default)
2024-02-27 07:47:35,138 [main] INFO  impl.DataStreamServerImpl (ConfUtils.java:logGet(46)) - raft.datastream.type = DISABLED (default)
2024-02-27 07:47:35,138 [main] INFO  server.RaftServerConfigKeys (ConfUtils.java:logGet(46)) - raft.server.sleep.deviation.threshold = 300ms (default)
2024-02-27 07:47:35,138 [main] INFO  server.RaftServerConfigKeys (ConfUtils.java:logGet(46)) - raft.server.close.threshold = 60s (default)
2024-02-27 07:47:35,138 [main] INFO  server.RaftServerConfigKeys (ConfUtils.java:logGet(46)) - raft.server.leaderelection.leader.step-down.wait-time = 10s (default)
2024-02-27 07:47:35,138 [main] INFO  server.RaftServerConfigKeys (ConfUtils.java:logGet(46)) - raft.server.storage.dir = [/home/runner/work/ozone/ozone/hadoop-ozone/integration-test/target/test-dir/MiniOzoneClusterImpl-faebf4ee-6c4b-485b-8d19-aa685ee0d5ee/omNode-2/ratis] (custom)
2024-02-27 07:47:35,139 [main] INFO  server.RaftServerConfigKeys (ConfUtils.java:logGet(46)) - raft.server.threadpool.proxy.cached = true (default)
2024-02-27 07:47:35,139 [main] INFO  server.RaftServerConfigKeys (ConfUtils.java:logGet(46)) - raft.server.threadpool.proxy.size = 0 (default)
2024-02-27 07:47:35,139 [main] INFO  server.RaftServer (RaftServerProxy.java:addNew(100)) - omNode-2: addNew group-523986131536:[omNode-3|localhost:15187, omNode-1|localhost:15179, omNode-2|localhost:15183] returns group-523986131536:java.util.concurrent.CompletableFuture@6c2e8e21[Not completed]
2024-02-27 07:47:35,139 [omNode-2-groupManagement] INFO  server.RaftServer$Division (RaftServerImpl.java:<init>(256)) - omNode-2: new RaftServerImpl for group-523986131536:[omNode-3|localhost:15187, omNode-1|localhost:15179, omNode-2|localhost:15183] with OzoneManagerStateMachine:uninitialized
2024-02-27 07:47:35,139 [omNode-2-groupManagement] INFO  server.RaftServerConfigKeys (ConfUtils.java:logGet(46)) - raft.server.rpc.timeout.min = 1s (custom)
2024-02-27 07:47:35,139 [main] INFO  om.OzoneManager (OzoneManager.java:initializeRatisServer(2140)) - OzoneManager Ratis server initialized at port 15183
2024-02-27 07:47:35,140 [main] INFO  om.OzoneManager (OzoneManager.java:getRpcServer(1206)) - Creating RPC Server
2024-02-27 07:47:35,141 [omNode-2-groupManagement] INFO  server.RaftServerConfigKeys (ConfUtils.java:logGet(46)) - raft.server.rpc.timeout.max = 1200ms (custom)
2024-02-27 07:47:35,141 [omNode-2-groupManagement] INFO  server.RaftServerConfigKeys (ConfUtils.java:logGet(46)) - raft.server.rpc.sleep.time = 25ms (default)
2024-02-27 07:47:35,141 [omNode-2-groupManagement] INFO  server.RaftServerConfigKeys (ConfUtils.java:logGet(46)) - raft.server.rpc.slowness.timeout = 2s (custom)
2024-02-27 07:47:35,141 [omNode-2-groupManagement] INFO  server.RaftServerConfigKeys (ConfUtils.java:logGet(46)) - raft.server.leaderelection.leader.step-down.wait-time = 10s (default)
2024-02-27 07:47:35,141 [omNode-2-groupManagement] INFO  server.RaftServerConfigKeys (ConfUtils.java:logGet(46)) - raft.server.leaderelection.member.majority-add = false (default)
2024-02-27 07:47:35,141 [omNode-2-groupManagement] INFO  server.RaftServerConfigKeys (ConfUtils.java:logGet(46)) - raft.server.sleep.deviation.threshold = 300ms (default)
2024-02-27 07:47:35,141 [omNode-2-groupManagement] INFO  server.RaftServer$Division (ServerState.java:<init>(113)) - omNode-2@group-523986131536: ConfigurationManager, init=-1: peers:[omNode-3|localhost:15187, omNode-1|localhost:15179, omNode-2|localhost:15183]|listeners:[], old=null, confs=<EMPTY_MAP>
2024-02-27 07:47:35,141 [omNode-2-groupManagement] INFO  server.RaftServerConfigKeys (ConfUtils.java:logGet(46)) - raft.server.notification.no-leader.timeout = 2s (custom)
2024-02-27 07:47:35,141 [omNode-2-groupManagement] INFO  server.RaftServerConfigKeys (ConfUtils.java:logGet(46)) - raft.server.read.timeout = 10s (default)
2024-02-27 07:47:35,141 [omNode-2-groupManagement] INFO  server.RaftServerConfigKeys (ConfUtils.java:logGet(46)) - raft.server.retrycache.expirytime = 30000ms (custom)
2024-02-27 07:47:35,141 [omNode-2-groupManagement] INFO  server.RaftServerConfigKeys (ConfUtils.java:logGet(46)) - raft.server.retrycache.statistics.expirytime = 100ms (default)
2024-02-27 07:47:35,141 [omNode-2-groupManagement] INFO  server.RaftServerConfigKeys (ConfUtils.java:logGet(46)) - raft.server.read.option = DEFAULT (default)
2024-02-27 07:47:35,141 [omNode-2-groupManagement] INFO  server.RaftServerConfigKeys (ConfUtils.java:logGet(46)) - raft.server.read.read-after-write-consistent.write-index-cache.expiry-time = 60s (default)
2024-02-27 07:47:35,142 [omNode-2-groupManagement] INFO  server.RaftServerConfigKeys (ConfUtils.java:logGet(46)) - raft.server.rpc.request.timeout = 3000ms (default)
2024-02-27 07:47:35,142 [omNode-2-groupManagement] INFO  server.RaftServerConfigKeys (ConfUtils.java:logGet(46)) - raft.server.log.appender.install.snapshot.enabled = false (custom)
2024-02-27 07:47:35,142 [omNode-2-groupManagement] INFO  server.RaftServerConfigKeys (ConfUtils.java:logGet(46)) - raft.server.threadpool.server.cached = true (default)
2024-02-27 07:47:35,142 [omNode-2-groupManagement] INFO  server.RaftServerConfigKeys (ConfUtils.java:logGet(46)) - raft.server.threadpool.server.size = 0 (default)
2024-02-27 07:47:35,142 [omNode-2-groupManagement] INFO  server.RaftServerConfigKeys (ConfUtils.java:logGet(46)) - raft.server.threadpool.client.cached = true (default)
2024-02-27 07:47:35,142 [omNode-2-groupManagement] INFO  server.RaftServerConfigKeys (ConfUtils.java:logGet(46)) - raft.server.threadpool.client.size = 0 (default)
2024-02-27 07:47:35,314 [main] INFO  ipc.CallQueueManager (CallQueueManager.java:<init>(90)) - Using callQueue: class java.util.concurrent.LinkedBlockingQueue, queueCapacity: 2000, scheduler: class org.apache.hadoop.ipc.DefaultRpcScheduler, ipcBackoff: false.
2024-02-27 07:47:35,314 [main] INFO  ipc.Server (Server.java:<init>(1287)) - Listener at 127.0.0.1:15180
2024-02-27 07:47:35,314 [Socket Reader #1 for port 15180] INFO  ipc.Server (Server.java:run(1323)) - Starting Socket Reader #1 for port 15180
2024-02-27 07:47:35,332 [main] INFO  impl.MetricsSystemImpl (MetricsSystemImpl.java:init(158)) - OzoneManager metrics system started (again)
2024-02-27 07:47:35,339 [main] INFO  om.OzoneManager (OzoneManager.java:start(1628)) - OzoneManager RPC server is listening at localhost/127.0.0.1:15180
2024-02-27 07:47:35,339 [main] INFO  ratis.OzoneManagerRatisServer (OzoneManagerRatisServer.java:start(588)) - Starting OzoneManagerRatisServer omNode-2 at port 15183
2024-02-27 07:47:35,339 [omNode-2-impl-thread1] INFO  server.RaftServerConfigKeys (ConfUtils.java:logGet(46)) - raft.server.storage.free-space.min = 0MB (=0) (default)
2024-02-27 07:47:35,339 [omNode-2-impl-thread1] INFO  server.RaftServerConfigKeys (ConfUtils.java:logGet(46)) - raft.server.log.corruption.policy = EXCEPTION (default)
2024-02-27 07:47:35,339 [omNode-2-impl-thread1] INFO  server.RaftServerConfigKeys (ConfUtils.java:logGet(46)) - raft.server.storage.dir = [/home/runner/work/ozone/ozone/hadoop-ozone/integration-test/target/test-dir/MiniOzoneClusterImpl-faebf4ee-6c4b-485b-8d19-aa685ee0d5ee/omNode-2/ratis] (custom)
2024-02-27 07:47:35,339 [omNode-2-impl-thread1] INFO  storage.RaftStorageDirectory (RaftStorageDirectoryImpl.java:analyzeStorage(138)) - The storage directory /home/runner/work/ozone/ozone/hadoop-ozone/integration-test/target/test-dir/MiniOzoneClusterImpl-faebf4ee-6c4b-485b-8d19-aa685ee0d5ee/omNode-2/ratis/c9bc4cf4-3bc3-3c60-a66b-523986131536 does not exist. Creating ...
2024-02-27 07:47:35,340 [omNode-2-impl-thread1] INFO  storage.RaftStorageDirectory (RaftStorageDirectoryImpl.java:tryLock(228)) - Lock on /home/runner/work/ozone/ozone/hadoop-ozone/integration-test/target/test-dir/MiniOzoneClusterImpl-faebf4ee-6c4b-485b-8d19-aa685ee0d5ee/omNode-2/ratis/c9bc4cf4-3bc3-3c60-a66b-523986131536/in_use.lock acquired by nodename 40924@fv-az699-61
2024-02-27 07:47:35,341 [omNode-2-impl-thread1] INFO  storage.RaftStorage (RaftStorageImpl.java:format(99)) - Storage directory /home/runner/work/ozone/ozone/hadoop-ozone/integration-test/target/test-dir/MiniOzoneClusterImpl-faebf4ee-6c4b-485b-8d19-aa685ee0d5ee/omNode-2/ratis/c9bc4cf4-3bc3-3c60-a66b-523986131536 has been successfully formatted.
2024-02-27 07:47:35,341 [omNode-2-impl-thread1] WARN  util.FileUtils (LogUtils.java:supplyAndLog(63)) - Failed to Files.newInputStream /home/runner/work/ozone/ozone/hadoop-ozone/integration-test/target/test-dir/MiniOzoneClusterImpl-faebf4ee-6c4b-485b-8d19-aa685ee0d5ee/omNode-2/ratis/c9bc4cf4-3bc3-3c60-a66b-523986131536/current/raft-meta.conf with options []: java.nio.file.NoSuchFileException: /home/runner/work/ozone/ozone/hadoop-ozone/integration-test/target/test-dir/MiniOzoneClusterImpl-faebf4ee-6c4b-485b-8d19-aa685ee0d5ee/omNode-2/ratis/c9bc4cf4-3bc3-3c60-a66b-523986131536/current/raft-meta.conf
2024-02-27 07:47:35,341 [omNode-2-impl-thread1] INFO  server.RaftServerConfigKeys (ConfUtils.java:logGet(46)) - raft.server.log.use.memory = false (default)
2024-02-27 07:47:35,342 [omNode-2-impl-thread1] INFO  server.RaftServerConfigKeys (ConfUtils.java:logGet(46)) - raft.server.log.purge.gap = 50 (custom)
2024-02-27 07:47:35,342 [omNode-2-impl-thread1] INFO  server.RaftServerConfigKeys (ConfUtils.java:logGet(46)) - raft.server.log.appender.buffer.byte-limit = 4194304 (custom)
2024-02-27 07:47:35,342 [omNode-2-impl-thread1] INFO  server.RaftServerConfigKeys (ConfUtils.java:logGet(46)) - raft.server.log.statemachine.data.read.timeout = 1000ms (default)
2024-02-27 07:47:35,342 [omNode-2-impl-thread1] INFO  server.RaftServerConfigKeys (ConfUtils.java:logGet(46)) - raft.server.log.purge.preservation.log.num = 0 (default)
2024-02-27 07:47:35,342 [omNode-2-impl-thread1] INFO  server.RaftServerConfigKeys (ConfUtils.java:logGet(46)) - raft.server.log.segment.size.max = 4194304 (custom)
2024-02-27 07:47:35,342 [omNode-2-impl-thread1] INFO  server.RaftServerConfigKeys (ConfUtils.java:logGet(46)) - raft.server.log.segment.cache.num.max = 2 (custom)
2024-02-27 07:47:35,342 [omNode-2-impl-thread1] INFO  server.RaftServerConfigKeys (ConfUtils.java:logGet(46)) - raft.server.log.segment.cache.size.max = 200MB (=209715200) (default)
2024-02-27 07:47:35,342 [omNode-2-impl-thread1] INFO  server.RaftServerConfigKeys (ConfUtils.java:logGet(46)) - raft.server.log.appender.buffer.byte-limit = 4194304 (custom)
2024-02-27 07:47:35,343 [omNode-2-impl-thread1] INFO  util.AwaitToRun (AwaitToRun.java:start(81)) - Thread[omNode-2@group-523986131536-cacheEviction-AwaitToRun,5,main] started
2024-02-27 07:47:35,343 [omNode-2-impl-thread1] INFO  segmented.SegmentedRaftLogWorker (SegmentedRaftLogWorker.java:<init>(182)) - new omNode-2@group-523986131536-SegmentedRaftLogWorker for RaftStorageImpl:Storage Directory /home/runner/work/ozone/ozone/hadoop-ozone/integration-test/target/test-dir/MiniOzoneClusterImpl-faebf4ee-6c4b-485b-8d19-aa685ee0d5ee/omNode-2/ratis/c9bc4cf4-3bc3-3c60-a66b-523986131536
2024-02-27 07:47:35,343 [omNode-2-impl-thread1] INFO  server.RaftServerConfigKeys (ConfUtils.java:logGet(46)) - raft.server.log.queue.byte-limit = 64MB (=67108864) (default)
2024-02-27 07:47:35,343 [omNode-2-impl-thread1] INFO  server.RaftServerConfigKeys (ConfUtils.java:logGet(46)) - raft.server.log.queue.element-limit = 4096 (default)
2024-02-27 07:47:35,343 [omNode-2-impl-thread1] INFO  server.RaftServerConfigKeys (ConfUtils.java:logGet(46)) - raft.server.log.segment.size.max = 4194304 (custom)
2024-02-27 07:47:35,343 [omNode-2-impl-thread1] INFO  server.RaftServerConfigKeys (ConfUtils.java:logGet(46)) - raft.server.log.preallocated.size = 4194304 (custom)
2024-02-27 07:47:35,343 [omNode-2-impl-thread1] INFO  server.RaftServerConfigKeys (ConfUtils.java:logGet(46)) - raft.server.log.force.sync.num = 128 (default)
2024-02-27 07:47:35,343 [omNode-2-impl-thread1] INFO  server.RaftServerConfigKeys (ConfUtils.java:logGet(46)) - raft.server.log.statemachine.data.sync = true (default)
2024-02-27 07:47:35,343 [omNode-2-impl-thread1] INFO  server.RaftServerConfigKeys (ConfUtils.java:logGet(46)) - raft.server.log.statemachine.data.sync.timeout = 10s (default)
2024-02-27 07:47:35,343 [omNode-2-impl-thread1] INFO  server.RaftServerConfigKeys (ConfUtils.java:logGet(46)) - raft.server.log.statemachine.data.sync.timeout.retry = -1 (default)
2024-02-27 07:47:35,343 [omNode-2-impl-thread1] INFO  server.RaftServerConfigKeys (ConfUtils.java:logGet(46)) - raft.server.log.write.buffer.size = 4194312 (custom)
2024-02-27 07:47:35,344 [omNode-2-impl-thread1] INFO  server.RaftServerConfigKeys (ConfUtils.java:logGet(46)) - raft.server.log.appender.buffer.byte-limit = 4194304 (custom)
2024-02-27 07:47:35,344 [omNode-2-impl-thread1] INFO  server.RaftServerConfigKeys (ConfUtils.java:logGet(46)) - raft.server.log.unsafe-flush.enabled = false (default)
2024-02-27 07:47:35,344 [omNode-2-impl-thread1] INFO  server.RaftServerConfigKeys (ConfUtils.java:logGet(46)) - raft.server.log.async-flush.enabled = false (default)
2024-02-27 07:47:35,344 [omNode-2-impl-thread1] INFO  server.RaftServerConfigKeys (ConfUtils.java:logGet(46)) - raft.server.log.statemachine.data.caching.enabled = false (default)
2024-02-27 07:47:35,344 [omNode-2-impl-thread1] INFO  segmented.SegmentedRaftLogWorker (SegmentedRaftLogWorker.java:lambda$new$0(134)) - omNode-2@group-523986131536-SegmentedRaftLogWorker: flushIndex: setUnconditionally 0 -> -1
2024-02-27 07:47:35,344 [omNode-2-impl-thread1] INFO  segmented.SegmentedRaftLogWorker (SegmentedRaftLogWorker.java:lambda$new$0(134)) - omNode-2@group-523986131536-SegmentedRaftLogWorker: safeCacheEvictIndex: setUnconditionally 0 -> -1
2024-02-27 07:47:35,344 [omNode-2-impl-thread1] INFO  server.RaftServer$Division (RaftServerImpl.java:start(396)) - omNode-2@group-523986131536: start as a follower, conf=-1: peers:[omNode-3|localhost:15187, omNode-1|localhost:15179, omNode-2|localhost:15183]|listeners:[], old=null
2024-02-27 07:47:35,344 [omNode-2-impl-thread1] INFO  server.RaftServer$Division (RaftServerImpl.java:setRole(383)) - omNode-2@group-523986131536: changes role from      null to FOLLOWER at term 0 for startAsFollower
2024-02-27 07:47:35,344 [omNode-2-impl-thread1] INFO  impl.RoleInfo (RoleInfo.java:updateAndGet(139)) - omNode-2: start omNode-2@group-523986131536-FollowerState
2024-02-27 07:47:35,345 [omNode-2@group-523986131536-FollowerState] INFO  server.RaftServerConfigKeys (ConfUtils.java:logFallback(53)) - raft.server.rpc.first-election.timeout.min = 1s (fallback to raft.server.rpc.timeout.min)
2024-02-27 07:47:35,345 [omNode-2-impl-thread1] INFO  util.JmxRegister (JmxRegister.java:tryRegister(44)) - Successfully registered JMX Bean with object name Ratis:service=RaftServer,group=group-523986131536,id=omNode-2
2024-02-27 07:47:35,345 [omNode-2@group-523986131536-FollowerState] INFO  server.RaftServerConfigKeys (ConfUtils.java:logFallback(53)) - raft.server.rpc.first-election.timeout.max = 1200ms (fallback to raft.server.rpc.timeout.max)
2024-02-27 07:47:35,345 [omNode-2-impl-thread1] INFO  server.RaftServerConfigKeys (ConfUtils.java:logGet(46)) - raft.server.snapshot.trigger-when-stop.enabled = true (default)
2024-02-27 07:47:35,345 [omNode-2-impl-thread1] INFO  server.RaftServerConfigKeys (ConfUtils.java:logGet(46)) - raft.server.snapshot.auto.trigger.enabled = true (custom)
2024-02-27 07:47:35,345 [omNode-2-impl-thread1] INFO  server.RaftServerConfigKeys (ConfUtils.java:logGet(46)) - raft.server.snapshot.auto.trigger.threshold = 50 (custom)
2024-02-27 07:47:35,345 [omNode-2-impl-thread1] INFO  server.RaftServerConfigKeys (ConfUtils.java:logGet(46)) - raft.server.snapshot.retention.file.num = -1 (default)
2024-02-27 07:47:35,345 [omNode-2-impl-thread1] INFO  server.RaftServerConfigKeys (ConfUtils.java:logGet(46)) - raft.server.log.purge.upto.snapshot.index = true (custom)
2024-02-27 07:47:35,345 [main] INFO  server.RaftServer (RaftServerProxy.java:startImpl(406)) - omNode-2: start RPC server
2024-02-27 07:47:35,346 [main] INFO  server.GrpcService (GrpcService.java:startImpl(302)) - omNode-2: GrpcService started, listening on 15183
2024-02-27 07:47:35,346 [JvmPauseMonitor51] INFO  util.JvmPauseMonitor (JvmPauseMonitor.java:run(146)) - JvmPauseMonitor-omNode-2: Started
2024-02-27 07:47:35,347 [main] INFO  om.OzoneManager (OzoneManager.java:start(1644)) - Version File has different layout version (6) than OM DB (null). That is expected if this OM has never been finalized to a newer layout version.
2024-02-27 07:47:35,349 [main] INFO  http.BaseHttpServer (BaseHttpServer.java:newHttpServer2BuilderForOzone(223)) - Starting Web-server for ozoneManager at: http://0.0.0.0:15181
2024-02-27 07:47:35,349 [main] INFO  http.BaseHttpServer (BaseHttpServer.java:<init>(110)) - Hadoop Security Enabled: false Ozone Security Enabled: false Ozone HTTP Security Enabled: false 
2024-02-27 07:47:35,350 [main] WARN  server.AuthenticationFilter (AuthenticationFilter.java:constructSecretProvider(240)) - Unable to initialize FileSignerSecretProvider, falling back to use random secrets. Reason: Could not read signature secret file: /home/runner/hadoop-http-auth-signature-secret
2024-02-27 07:47:35,350 [main] INFO  http.HttpRequestLog (HttpRequestLog.java:getRequestLog(86)) - Http request log for http.requests.ozoneManager is not defined
2024-02-27 07:47:35,351 [main] INFO  http.HttpServer2 (HttpServer2.java:addGlobalFilter(1036)) - Added global filter 'safety' (class=org.apache.hadoop.hdds.server.http.HttpServer2$QuotingInputFilter)
2024-02-27 07:47:35,352 [main] INFO  http.HttpServer2 (HttpServer2.java:addFilter(1012)) - Added filter static_user_filter (class=org.apache.hadoop.http.lib.StaticUserWebFilter$StaticUserFilter) to context ozoneManager
2024-02-27 07:47:35,352 [main] INFO  http.HttpServer2 (HttpServer2.java:addFilter(1020)) - Added filter static_user_filter (class=org.apache.hadoop.http.lib.StaticUserWebFilter$StaticUserFilter) to context logs
2024-02-27 07:47:35,352 [main] INFO  http.HttpServer2 (HttpServer2.java:addFilter(1020)) - Added filter static_user_filter (class=org.apache.hadoop.http.lib.StaticUserWebFilter$StaticUserFilter) to context static
2024-02-27 07:47:35,352 [main] INFO  http.BaseHttpServer (BaseHttpServer.java:<init>(189)) - HTTP server of ozoneManager uses base directory /home/runner/work/ozone/ozone/hadoop-ozone/integration-test/target/test-dir/MiniOzoneClusterImpl-faebf4ee-6c4b-485b-8d19-aa685ee0d5ee/omNode-2/webserver
2024-02-27 07:47:35,352 [main] INFO  http.HttpServer2 (HttpServer2.java:bindListener(1236)) - Jetty bound to port 15181
2024-02-27 07:47:35,353 [main] INFO  server.Server (Server.java:doStart(375)) - jetty-9.4.53.v20231009; built: 2023-10-09T12:29:09.265Z; git: 27bde00a0b95a1d5bbee0eae7984f891d2d0f8c9; jvm 1.8.0_402-b06
2024-02-27 07:47:35,353 [main] INFO  server.session (DefaultSessionIdManager.java:doStart(334)) - DefaultSessionIdManager workerName=node0
2024-02-27 07:47:35,354 [main] INFO  server.session (DefaultSessionIdManager.java:doStart(339)) - No SessionScavenger set, using defaults
2024-02-27 07:47:35,354 [main] INFO  server.session (HouseKeeper.java:startScavenging(132)) - node0 Scavenging every 660000ms
2024-02-27 07:47:35,354 [main] INFO  handler.ContextHandler (ContextHandler.java:doStart(921)) - Started o.e.j.s.ServletContextHandler@4039590f{logs,/logs,file:///home/runner/work/ozone/ozone/hadoop-ozone/integration-test/target/log,AVAILABLE}
2024-02-27 07:47:35,355 [main] INFO  handler.ContextHandler (ContextHandler.java:doStart(921)) - Started o.e.j.s.ServletContextHandler@5ad622fb{static,/static,file:///home/runner/work/ozone/ozone/hadoop-ozone/integration-test/target/test-classes/webapps/static,AVAILABLE}
2024-02-27 07:47:35,357 [main] INFO  handler.ContextHandler (ContextHandler.java:doStart(921)) - Started o.e.j.w.WebAppContext@1a64d779{ozoneManager,/,file:///home/runner/work/ozone/ozone/hadoop-ozone/integration-test/target/test-classes/webapps/ozoneManager/,AVAILABLE}{file:/home/runner/work/ozone/ozone/hadoop-ozone/integration-test/target/test-classes/webapps/ozoneManager}
2024-02-27 07:47:35,357 [main] INFO  server.AbstractConnector (AbstractConnector.java:doStart(333)) - Started ServerConnector@7570c0f0{HTTP/1.1, (http/1.1)}{0.0.0.0:15181}
2024-02-27 07:47:35,358 [main] INFO  server.Server (Server.java:doStart(415)) - Started @538066ms
2024-02-27 07:47:35,358 [main] WARN  impl.MetricsSystemImpl (MetricsSystemImpl.java:register(279)) - Sink prometheus already exists!
2024-02-27 07:47:35,358 [main] INFO  http.BaseHttpServer (BaseHttpServer.java:updateConnectorAddress(354)) - HTTP server of ozoneManager listening at http://0.0.0.0:15181
2024-02-27 07:47:35,358 [IPC Server Responder] INFO  ipc.Server (Server.java:run(1562)) - IPC Server Responder: starting
2024-02-27 07:47:35,359 [IPC Server listener on 15180] INFO  ipc.Server (Server.java:run(1402)) - IPC Server listener on 15180: starting
2024-02-27 07:47:35,362 [main] INFO  om.OzoneManager (OzoneManager.java:startTrashEmptier(2093)) - Trash Interval set to 0. Files deleted won't move to trash
2024-02-27 07:47:35,362 [main] INFO  ozone.MiniOzoneHAClusterImpl (MiniOzoneHAClusterImpl.java:createOMService(474)) - Started OzoneManager omNode-2 RPC server at localhost/127.0.0.1:15180
2024-02-27 07:47:35,362 [main] INFO  ha.OMHANodeDetails (OMHANodeDetails.java:loadOMHAConfig(121)) - ServiceID for OzoneManager is om-service-test1
2024-02-27 07:47:35,363 [main] INFO  ha.OMHANodeDetails (OMHANodeDetails.java:loadOMHAConfig(201)) - Found matching OM address with OMServiceId: om-service-test1, OMNodeId: omNode-3, RPC Address: localhost:15184 and Ratis port: 15187
2024-02-27 07:47:35,363 [main] INFO  ha.OMHANodeDetails (ConfUtils.java:setNodeSpecificConfigs(97)) - Setting configuration key ozone.om.http-address with value of key ozone.om.http-address.om-service-test1.omNode-3: 127.0.0.1:15185
2024-02-27 07:47:35,363 [main] INFO  ha.OMHANodeDetails (ConfUtils.java:setNodeSpecificConfigs(97)) - Setting configuration key ozone.om.https-address with value of key ozone.om.https-address.om-service-test1.omNode-3: 127.0.0.1:15186
2024-02-27 07:47:35,363 [main] INFO  ha.OMHANodeDetails (ConfUtils.java:setNodeSpecificConfigs(97)) - Setting configuration key ozone.om.address with value of key ozone.om.address.om-service-test1.omNode-3: 127.0.0.1:15184
2024-02-27 07:47:35,363 [main] WARN  server.ServerUtils (ServerUtils.java:getDBPath(299)) - ozone.om.db.dirs is not configured. We recommend adding this setting. Falling back to ozone.metadata.dirs instead.
2024-02-27 07:47:35,364 [main] INFO  proxy.SCMBlockLocationFailoverProxyProvider (SCMBlockLocationFailoverProxyProvider.java:<init>(115)) - Created block location fail-over proxy with 1 nodes: [nodeId=scmNodeId,nodeAddress=/0.0.0.0:15173]
OM initialization succeeded.Current cluster id for sd=/home/runner/work/ozone/ozone/hadoop-ozone/integration-test/target/test-dir/MiniOzoneClusterImpl-faebf4ee-6c4b-485b-8d19-aa685ee0d5ee/omNode-3/om;cid=faebf4ee-6c4b-485b-8d19-aa685ee0d5ee;layoutVersion=6
2024-02-27 07:47:35,368 [main] INFO  ha.OMHANodeDetails (OMHANodeDetails.java:loadOMHAConfig(121)) - ServiceID for OzoneManager is om-service-test1
2024-02-27 07:47:35,368 [main] INFO  ha.OMHANodeDetails (OMHANodeDetails.java:loadOMHAConfig(201)) - Found matching OM address with OMServiceId: om-service-test1, OMNodeId: omNode-3, RPC Address: localhost:15184 and Ratis port: 15187
2024-02-27 07:47:35,368 [main] INFO  ha.OMHANodeDetails (ConfUtils.java:setNodeSpecificConfigs(97)) - Setting configuration key ozone.om.http-address with value of key ozone.om.http-address.om-service-test1.omNode-3: 127.0.0.1:15185
2024-02-27 07:47:35,369 [main] INFO  ha.OMHANodeDetails (ConfUtils.java:setNodeSpecificConfigs(97)) - Setting configuration key ozone.om.https-address with value of key ozone.om.https-address.om-service-test1.omNode-3: 127.0.0.1:15186
2024-02-27 07:47:35,369 [main] INFO  ha.OMHANodeDetails (ConfUtils.java:setNodeSpecificConfigs(97)) - Setting configuration key ozone.om.address with value of key ozone.om.address.om-service-test1.omNode-3: 127.0.0.1:15184
2024-02-27 07:47:35,369 [main] WARN  server.ServerUtils (ServerUtils.java:getDBPath(299)) - ozone.om.db.dirs is not configured. We recommend adding this setting. Falling back to ozone.metadata.dirs instead.
2024-02-27 07:47:35,370 [main] INFO  upgrade.AbstractLayoutVersionManager (AbstractLayoutVersionManager.java:init(83)) - Initializing Layout version manager with metadata layout = QUOTA (version = 6), software layout = QUOTA (version = 6)
2024-02-27 07:47:35,402 [main] INFO  upgrade.OMLayoutVersionManager (OMLayoutVersionManager.java:lambda$0(113)) - Skipping Upgrade Action QuotaRepairUpgradeAction since it has been finalized.
2024-02-27 07:47:35,402 [main] INFO  upgrade.OMLayoutVersionManager (OMLayoutVersionManager.java:lambda$0(113)) - Skipping Upgrade Action MockOmUpgradeAction since it has been finalized.
2024-02-27 07:47:35,402 [main] WARN  server.ServerUtils (ServerUtils.java:getDBPath(299)) - ozone.om.db.dirs is not configured. We recommend adding this setting. Falling back to ozone.metadata.dirs instead.
2024-02-27 07:47:35,403 [main] INFO  proxy.SCMBlockLocationFailoverProxyProvider (SCMBlockLocationFailoverProxyProvider.java:<init>(115)) - Created block location fail-over proxy with 1 nodes: [nodeId=scmNodeId,nodeAddress=/0.0.0.0:15173]
2024-02-27 07:47:35,404 [main] INFO  proxy.SCMBlockLocationFailoverProxyProvider (SCMBlockLocationFailoverProxyProvider.java:<init>(115)) - Created block location fail-over proxy with 1 nodes: [nodeId=scmNodeId,nodeAddress=/0.0.0.0:15173]
2024-02-27 07:47:35,408 [main] INFO  om.OzoneManager (OzoneManager.java:<init>(672)) - OM start with adminUsers: [*, runner]
2024-02-27 07:47:35,408 [main] WARN  server.ServerUtils (ServerUtils.java:getDBPath(299)) - ozone.om.db.dirs is not configured. We recommend adding this setting. Falling back to ozone.metadata.dirs instead.
2024-02-27 07:47:35,409 [main] INFO  helpers.OmKeyInfo (OmKeyInfo.java:getCodec(71)) - OmKeyInfo.getCodec ignorePipeline = true
2024-02-27 07:47:35,551 [main] INFO  om.OzoneManager (OzoneManager.java:instantiateServices(804)) - S3 Multi-Tenancy is disabled
2024-02-27 07:47:35,551 [main] INFO  om.OmSnapshotManager (OmSnapshotManager.java:<init>(177)) - Ozone filesystem snapshot feature is enabled.
2024-02-27 07:47:35,551 [main] WARN  server.ServerUtils (ServerUtils.java:getDBPath(299)) - ozone.om.snapshot.diff.db.dir is not configured. We recommend adding this setting. Falling back to ozone.metadata.dirs instead.
2024-02-27 07:47:35,567 [main] INFO  utils.NativeLibraryLoader (NativeLibraryLoader.java:loadLibrary(108)) - Loading Library: ozone_rocksdb_tools
2024-02-27 07:47:35,568 [main] ERROR snapshot.SnapshotDiffManager (SnapshotDiffManager.java:initNativeLibraryForEfficientDiff(287)) - Native Library for raw sst file reading loading failed.
org.apache.hadoop.hdds.utils.NativeLibraryNotLoadedException: Unable to load library ozone_rocksdb_tools from both java.library.path & resource file libozone_rocksdb_tools.so from jar.
	at org.apache.hadoop.hdds.utils.db.managed.ManagedRawSSTFileReader.loadLibrary(ManagedRawSSTFileReader.java:38)
	at org.apache.hadoop.ozone.om.snapshot.SnapshotDiffManager.initNativeLibraryForEfficientDiff(SnapshotDiffManager.java:285)
	at org.apache.hadoop.ozone.om.snapshot.SnapshotDiffManager.<init>(SnapshotDiffManager.java:259)
	at org.apache.hadoop.ozone.om.OmSnapshotManager.<init>(OmSnapshotManager.java:279)
	at org.apache.hadoop.ozone.om.OzoneManager.instantiateServices(OzoneManager.java:856)
	at org.apache.hadoop.ozone.om.OzoneManager.<init>(OzoneManager.java:682)
	at org.apache.hadoop.ozone.om.OzoneManager.createOm(OzoneManager.java:767)
	at org.apache.hadoop.ozone.MiniOzoneHAClusterImpl$Builder.createOMService(MiniOzoneHAClusterImpl.java:467)
	at org.apache.hadoop.ozone.MiniOzoneHAClusterImpl$Builder.build(MiniOzoneHAClusterImpl.java:387)
	at org.apache.hadoop.ozone.om.TestOzoneManagerHA.init(TestOzoneManagerHA.java:184)
	at sun.reflect.NativeMethodAccessorImpl.invoke0(Native Method)
	at sun.reflect.NativeMethodAccessorImpl.invoke(NativeMethodAccessorImpl.java:62)
	at sun.reflect.DelegatingMethodAccessorImpl.invoke(DelegatingMethodAccessorImpl.java:43)
	at java.lang.reflect.Method.invoke(Method.java:498)
	at org.junit.platform.commons.util.ReflectionUtils.invokeMethod(ReflectionUtils.java:728)
	at org.junit.jupiter.engine.execution.MethodInvocation.proceed(MethodInvocation.java:60)
	at org.junit.jupiter.engine.execution.InvocationInterceptorChain$ValidatingInvocation.proceed(InvocationInterceptorChain.java:131)
	at org.junit.jupiter.engine.extension.TimeoutExtension.intercept(TimeoutExtension.java:156)
	at org.junit.jupiter.engine.extension.TimeoutExtension.interceptLifecycleMethod(TimeoutExtension.java:128)
	at org.junit.jupiter.engine.extension.TimeoutExtension.interceptBeforeAllMethod(TimeoutExtension.java:70)
	at org.junit.jupiter.engine.execution.InterceptingExecutableInvoker$ReflectiveInterceptorCall.lambda$ofVoidMethod$0(InterceptingExecutableInvoker.java:103)
	at org.junit.jupiter.engine.execution.InterceptingExecutableInvoker.lambda$invoke$0(InterceptingExecutableInvoker.java:93)
	at org.junit.jupiter.engine.execution.InvocationInterceptorChain$InterceptedInvocation.proceed(InvocationInterceptorChain.java:106)
	at org.junit.jupiter.engine.execution.InvocationInterceptorChain.proceed(InvocationInterceptorChain.java:64)
	at org.junit.jupiter.engine.execution.InvocationInterceptorChain.chainAndInvoke(InvocationInterceptorChain.java:45)
	at org.junit.jupiter.engine.execution.InvocationInterceptorChain.invoke(InvocationInterceptorChain.java:37)
	at org.junit.jupiter.engine.execution.InterceptingExecutableInvoker.invoke(InterceptingExecutableInvoker.java:92)
	at org.junit.jupiter.engine.execution.InterceptingExecutableInvoker.invoke(InterceptingExecutableInvoker.java:86)
	at org.junit.jupiter.engine.descriptor.ClassBasedTestDescriptor.lambda$invokeBeforeAllMethods$13(ClassBasedTestDescriptor.java:412)
	at org.junit.platform.engine.support.hierarchical.ThrowableCollector.execute(ThrowableCollector.java:73)
	at org.junit.jupiter.engine.descriptor.ClassBasedTestDescriptor.invokeBeforeAllMethods(ClassBasedTestDescriptor.java:410)
	at org.junit.jupiter.engine.descriptor.ClassBasedTestDescriptor.before(ClassBasedTestDescriptor.java:216)
	at org.junit.jupiter.engine.descriptor.ClassBasedTestDescriptor.before(ClassBasedTestDescriptor.java:85)
	at org.junit.platform.engine.support.hierarchical.NodeTestTask.lambda$executeRecursively$6(NodeTestTask.java:148)
	at org.junit.platform.engine.support.hierarchical.ThrowableCollector.execute(ThrowableCollector.java:73)
	at org.junit.platform.engine.support.hierarchical.NodeTestTask.lambda$executeRecursively$8(NodeTestTask.java:141)
	at org.junit.platform.engine.support.hierarchical.Node.around(Node.java:137)
	at org.junit.platform.engine.support.hierarchical.NodeTestTask.lambda$executeRecursively$9(NodeTestTask.java:139)
	at org.junit.platform.engine.support.hierarchical.ThrowableCollector.execute(ThrowableCollector.java:73)
	at org.junit.platform.engine.support.hierarchical.NodeTestTask.executeRecursively(NodeTestTask.java:138)
	at org.junit.platform.engine.support.hierarchical.NodeTestTask.execute(NodeTestTask.java:95)
	at java.util.ArrayList.forEach(ArrayList.java:1259)
	at org.junit.platform.engine.support.hierarchical.SameThreadHierarchicalTestExecutorService.invokeAll(SameThreadHierarchicalTestExecutorService.java:41)
	at org.junit.platform.engine.support.hierarchical.NodeTestTask.lambda$executeRecursively$6(NodeTestTask.java:155)
	at org.junit.platform.engine.support.hierarchical.ThrowableCollector.execute(ThrowableCollector.java:73)
	at org.junit.platform.engine.support.hierarchical.NodeTestTask.lambda$executeRecursively$8(NodeTestTask.java:141)
	at org.junit.platform.engine.support.hierarchical.Node.around(Node.java:137)
	at org.junit.platform.engine.support.hierarchical.NodeTestTask.lambda$executeRecursively$9(NodeTestTask.java:139)
	at org.junit.platform.engine.support.hierarchical.ThrowableCollector.execute(ThrowableCollector.java:73)
	at org.junit.platform.engine.support.hierarchical.NodeTestTask.executeRecursively(NodeTestTask.java:138)
	at org.junit.platform.engine.support.hierarchical.NodeTestTask.execute(NodeTestTask.java:95)
	at org.junit.platform.engine.support.hierarchical.SameThreadHierarchicalTestExecutorService.submit(SameThreadHierarchicalTestExecutorService.java:35)
	at org.junit.platform.engine.support.hierarchical.HierarchicalTestExecutor.execute(HierarchicalTestExecutor.java:57)
	at org.junit.platform.engine.support.hierarchical.HierarchicalTestEngine.execute(HierarchicalTestEngine.java:54)
	at org.junit.platform.launcher.core.EngineExecutionOrchestrator.execute(EngineExecutionOrchestrator.java:198)
	at org.junit.platform.launcher.core.EngineExecutionOrchestrator.execute(EngineExecutionOrchestrator.java:169)
	at org.junit.platform.launcher.core.EngineExecutionOrchestrator.execute(EngineExecutionOrchestrator.java:93)
	at org.junit.platform.launcher.core.EngineExecutionOrchestrator.lambda$execute$0(EngineExecutionOrchestrator.java:58)
	at org.junit.platform.launcher.core.EngineExecutionOrchestrator.withInterceptedStreams(EngineExecutionOrchestrator.java:141)
	at org.junit.platform.launcher.core.EngineExecutionOrchestrator.execute(EngineExecutionOrchestrator.java:57)
	at org.junit.platform.launcher.core.DefaultLauncher.execute(DefaultLauncher.java:103)
	at org.junit.platform.launcher.core.DefaultLauncher.execute(DefaultLauncher.java:85)
	at org.junit.platform.launcher.core.DelegatingLauncher.execute(DelegatingLauncher.java:47)
	at org.junit.platform.launcher.core.SessionPerRequestLauncher.execute(SessionPerRequestLauncher.java:63)
	at org.apache.maven.surefire.junitplatform.JUnitPlatformProvider.invokeAllTests(JUnitPlatformProvider.java:165)
	at org.apache.maven.surefire.junitplatform.JUnitPlatformProvider.invoke(JUnitPlatformProvider.java:124)
	at org.apache.maven.surefire.booter.ForkedBooter.runSuitesInProcess(ForkedBooter.java:428)
	at org.apache.maven.surefire.booter.ForkedBooter.execute(ForkedBooter.java:162)
	at org.apache.maven.surefire.booter.ForkedBooter.run(ForkedBooter.java:562)
	at org.apache.maven.surefire.booter.ForkedBooter.main(ForkedBooter.java:548)
2024-02-27 07:47:35,569 [main] INFO  om.OzoneManager (OzoneManager.java:addS3GVolumeToDB(4425)) - Created Volume s3v With Owner runner required for S3Gateway operations.
2024-02-27 07:47:35,569 [main] WARN  server.ServerUtils (ServerUtils.java:getDefaultRatisDirectory(311)) - Storage directory for Ratis is not configured. It is a good idea to map this to an SSD disk. Falling back to ozone.metadata.dirs
2024-02-27 07:47:35,570 [main] WARN  utils.OzoneManagerRatisUtils (OzoneManagerRatisUtils.java:getOMRatisSnapshotDirectory(476)) - ozone.om.ratis.snapshot.dir is not configured. Falling back to ozone.metadata.dirs config
2024-02-27 07:47:35,570 [main] INFO  utils.RDBSnapshotProvider (RDBSnapshotProvider.java:init(87)) - Cleaning up the candidate dir: /home/runner/work/ozone/ozone/hadoop-ozone/integration-test/target/test-dir/MiniOzoneClusterImpl-faebf4ee-6c4b-485b-8d19-aa685ee0d5ee/omNode-3/snapshot/om.db.candidate
2024-02-27 07:47:35,570 [main] INFO  ratis_snapshot.OmRatisSnapshotProvider (OmRatisSnapshotProvider.java:<init>(99)) - Initializing OM Snapshot Provider
2024-02-27 07:47:35,571 [main] WARN  dropwizard3.Dm3MetricRegistriesImpl (Dm3MetricRegistriesImpl.java:addReporterRegistration(113)) - New reporters are added after registries were created. Some metrics will be missing from the reporter. Please add reporter before adding any new registry.
2024-02-27 07:47:35,571 [main] WARN  dropwizard3.Dm3MetricRegistriesImpl (Dm3MetricRegistriesImpl.java:addReporterRegistration(113)) - New reporters are added after registries were created. Some metrics will be missing from the reporter. Please add reporter before adding any new registry.
2024-02-27 07:47:35,571 [main] WARN  server.ServerUtils (ServerUtils.java:getDefaultRatisDirectory(311)) - Storage directory for Ratis is not configured. It is a good idea to map this to an SSD disk. Falling back to ozone.metadata.dirs
2024-02-27 07:47:35,572 [main] INFO  ratis.OzoneManagerRatisServer (OzoneManagerRatisServer.java:<init>(167)) - Instantiating OM Ratis server with groupID: om-service-test1 and peers: localhost:15187, localhost:15179, localhost:15183
2024-02-27 07:47:35,572 [main] INFO  ratis.OzoneManagerStateMachine (OzoneManagerStateMachine.java:loadSnapshotInfoFromDB(576)) - TransactionInfo not found in OM DB.
2024-02-27 07:47:35,573 [main] INFO  server.RaftServer (ConfUtils.java:logGet(46)) - raft.rpc.type = GRPC (default)
2024-02-27 07:47:35,573 [main] INFO  grpc.GrpcConfigKeys (ConfUtils.java:logFallback(53)) - raft.grpc.admin.host = null (fallback to raft.grpc.server.host)
2024-02-27 07:47:35,573 [main] INFO  grpc.GrpcConfigKeys (ConfUtils.java:logFallback(53)) - raft.grpc.admin.port = 15187 (fallback to raft.grpc.server.port)
2024-02-27 07:47:35,573 [main] INFO  grpc.GrpcConfigKeys (ConfUtils.java:logFallback(53)) - raft.grpc.client.host = null (fallback to raft.grpc.server.host)
2024-02-27 07:47:35,573 [main] INFO  grpc.GrpcConfigKeys (ConfUtils.java:logFallback(53)) - raft.grpc.client.port = 15187 (fallback to raft.grpc.server.port)
2024-02-27 07:47:35,573 [main] INFO  grpc.GrpcConfigKeys (ConfUtils.java:logGet(46)) - raft.grpc.server.host = null (default)
2024-02-27 07:47:35,573 [main] INFO  grpc.GrpcConfigKeys (ConfUtils.java:logGet(46)) - raft.grpc.server.port = 15187 (custom)
2024-02-27 07:47:35,574 [main] INFO  server.GrpcService (ConfUtils.java:logGet(46)) - raft.grpc.message.size.max = 4194304 (custom)
2024-02-27 07:47:35,574 [main] INFO  server.RaftServerConfigKeys (ConfUtils.java:logGet(46)) - raft.server.log.appender.buffer.byte-limit = 4194304 (custom)
2024-02-27 07:47:35,574 [main] INFO  server.GrpcService (ConfUtils.java:logGet(46)) - raft.grpc.flow.control.window = 1MB (=1048576) (default)
2024-02-27 07:47:35,574 [main] INFO  server.RaftServerConfigKeys (ConfUtils.java:logGet(46)) - raft.server.rpc.request.timeout = 3000ms (default)
2024-02-27 07:47:35,574 [main] INFO  grpc.GrpcConfigKeys (ConfUtils.java:logGet(46)) - raft.grpc.server.heartbeat.channel = true (default)
2024-02-27 07:47:35,574 [main] INFO  grpc.GrpcConfigKeys (ConfUtils.java:logGet(46)) - raft.grpc.server.async.request.thread.pool.cached = true (default)
2024-02-27 07:47:35,574 [main] INFO  grpc.GrpcConfigKeys (ConfUtils.java:logGet(46)) - raft.grpc.server.async.request.thread.pool.size = 32 (default)
2024-02-27 07:47:35,575 [main] INFO  impl.DataStreamServerImpl (ConfUtils.java:logGet(46)) - raft.datastream.type = DISABLED (default)
2024-02-27 07:47:35,575 [main] INFO  server.RaftServerConfigKeys (ConfUtils.java:logGet(46)) - raft.server.sleep.deviation.threshold = 300ms (default)
2024-02-27 07:47:35,575 [main] INFO  server.RaftServerConfigKeys (ConfUtils.java:logGet(46)) - raft.server.close.threshold = 60s (default)
2024-02-27 07:47:35,575 [main] INFO  server.RaftServerConfigKeys (ConfUtils.java:logGet(46)) - raft.server.leaderelection.leader.step-down.wait-time = 10s (default)
2024-02-27 07:47:35,576 [main] INFO  server.RaftServerConfigKeys (ConfUtils.java:logGet(46)) - raft.server.storage.dir = [/home/runner/work/ozone/ozone/hadoop-ozone/integration-test/target/test-dir/MiniOzoneClusterImpl-faebf4ee-6c4b-485b-8d19-aa685ee0d5ee/omNode-3/ratis] (custom)
2024-02-27 07:47:35,576 [main] INFO  server.RaftServerConfigKeys (ConfUtils.java:logGet(46)) - raft.server.threadpool.proxy.cached = true (default)
2024-02-27 07:47:35,576 [main] INFO  server.RaftServerConfigKeys (ConfUtils.java:logGet(46)) - raft.server.threadpool.proxy.size = 0 (default)
2024-02-27 07:47:35,576 [main] INFO  server.RaftServer (RaftServerProxy.java:addNew(100)) - omNode-3: addNew group-523986131536:[omNode-3|localhost:15187, omNode-1|localhost:15179, omNode-2|localhost:15183] returns group-523986131536:java.util.concurrent.CompletableFuture@1057d89d[Not completed]
2024-02-27 07:47:35,576 [omNode-3-groupManagement] INFO  server.RaftServer$Division (RaftServerImpl.java:<init>(256)) - omNode-3: new RaftServerImpl for group-523986131536:[omNode-3|localhost:15187, omNode-1|localhost:15179, omNode-2|localhost:15183] with OzoneManagerStateMachine:uninitialized
2024-02-27 07:47:35,576 [main] INFO  om.OzoneManager (OzoneManager.java:initializeRatisServer(2140)) - OzoneManager Ratis server initialized at port 15187
2024-02-27 07:47:35,576 [omNode-3-groupManagement] INFO  server.RaftServerConfigKeys (ConfUtils.java:logGet(46)) - raft.server.rpc.timeout.min = 1s (custom)
2024-02-27 07:47:35,576 [main] INFO  om.OzoneManager (OzoneManager.java:getRpcServer(1206)) - Creating RPC Server
2024-02-27 07:47:35,576 [omNode-3-groupManagement] INFO  server.RaftServerConfigKeys (ConfUtils.java:logGet(46)) - raft.server.rpc.timeout.max = 1200ms (custom)
2024-02-27 07:47:35,577 [omNode-3-groupManagement] INFO  server.RaftServerConfigKeys (ConfUtils.java:logGet(46)) - raft.server.rpc.sleep.time = 25ms (default)
2024-02-27 07:47:35,577 [omNode-3-groupManagement] INFO  server.RaftServerConfigKeys (ConfUtils.java:logGet(46)) - raft.server.rpc.slowness.timeout = 2s (custom)
2024-02-27 07:47:35,577 [omNode-3-groupManagement] INFO  server.RaftServerConfigKeys (ConfUtils.java:logGet(46)) - raft.server.leaderelection.leader.step-down.wait-time = 10s (default)
2024-02-27 07:47:35,577 [omNode-3-groupManagement] INFO  server.RaftServerConfigKeys (ConfUtils.java:logGet(46)) - raft.server.leaderelection.member.majority-add = false (default)
2024-02-27 07:47:35,577 [omNode-3-groupManagement] INFO  server.RaftServerConfigKeys (ConfUtils.java:logGet(46)) - raft.server.sleep.deviation.threshold = 300ms (default)
2024-02-27 07:47:35,577 [omNode-3-groupManagement] INFO  server.RaftServer$Division (ServerState.java:<init>(113)) - omNode-3@group-523986131536: ConfigurationManager, init=-1: peers:[omNode-3|localhost:15187, omNode-1|localhost:15179, omNode-2|localhost:15183]|listeners:[], old=null, confs=<EMPTY_MAP>
2024-02-27 07:47:35,577 [omNode-3-groupManagement] INFO  server.RaftServerConfigKeys (ConfUtils.java:logGet(46)) - raft.server.notification.no-leader.timeout = 2s (custom)
2024-02-27 07:47:35,577 [omNode-3-groupManagement] INFO  server.RaftServerConfigKeys (ConfUtils.java:logGet(46)) - raft.server.read.timeout = 10s (default)
2024-02-27 07:47:35,577 [omNode-3-groupManagement] INFO  server.RaftServerConfigKeys (ConfUtils.java:logGet(46)) - raft.server.retrycache.expirytime = 30000ms (custom)
2024-02-27 07:47:35,577 [omNode-3-groupManagement] INFO  server.RaftServerConfigKeys (ConfUtils.java:logGet(46)) - raft.server.retrycache.statistics.expirytime = 100ms (default)
2024-02-27 07:47:35,577 [omNode-3-groupManagement] INFO  server.RaftServerConfigKeys (ConfUtils.java:logGet(46)) - raft.server.read.option = DEFAULT (default)
2024-02-27 07:47:35,577 [omNode-3-groupManagement] INFO  server.RaftServerConfigKeys (ConfUtils.java:logGet(46)) - raft.server.read.read-after-write-consistent.write-index-cache.expiry-time = 60s (default)
2024-02-27 07:47:35,578 [omNode-3-groupManagement] INFO  server.RaftServerConfigKeys (ConfUtils.java:logGet(46)) - raft.server.rpc.request.timeout = 3000ms (default)
2024-02-27 07:47:35,578 [omNode-3-groupManagement] INFO  server.RaftServerConfigKeys (ConfUtils.java:logGet(46)) - raft.server.log.appender.install.snapshot.enabled = false (custom)
2024-02-27 07:47:35,578 [omNode-3-groupManagement] INFO  server.RaftServerConfigKeys (ConfUtils.java:logGet(46)) - raft.server.threadpool.server.cached = true (default)
2024-02-27 07:47:35,578 [omNode-3-groupManagement] INFO  server.RaftServerConfigKeys (ConfUtils.java:logGet(46)) - raft.server.threadpool.server.size = 0 (default)
2024-02-27 07:47:35,578 [omNode-3-groupManagement] INFO  server.RaftServerConfigKeys (ConfUtils.java:logGet(46)) - raft.server.threadpool.client.cached = true (default)
2024-02-27 07:47:35,578 [omNode-3-groupManagement] INFO  server.RaftServerConfigKeys (ConfUtils.java:logGet(46)) - raft.server.threadpool.client.size = 0 (default)
2024-02-27 07:47:35,797 [main] INFO  ipc.CallQueueManager (CallQueueManager.java:<init>(90)) - Using callQueue: class java.util.concurrent.LinkedBlockingQueue, queueCapacity: 2000, scheduler: class org.apache.hadoop.ipc.DefaultRpcScheduler, ipcBackoff: false.
2024-02-27 07:47:35,798 [main] INFO  ipc.Server (Server.java:<init>(1287)) - Listener at 127.0.0.1:15184
2024-02-27 07:47:35,798 [Socket Reader #1 for port 15184] INFO  ipc.Server (Server.java:run(1323)) - Starting Socket Reader #1 for port 15184
2024-02-27 07:47:35,817 [main] INFO  impl.MetricsSystemImpl (MetricsSystemImpl.java:init(158)) - OzoneManager metrics system started (again)
2024-02-27 07:47:35,825 [main] INFO  om.OzoneManager (OzoneManager.java:start(1628)) - OzoneManager RPC server is listening at localhost/127.0.0.1:15184
2024-02-27 07:47:35,826 [main] INFO  ratis.OzoneManagerRatisServer (OzoneManagerRatisServer.java:start(588)) - Starting OzoneManagerRatisServer omNode-3 at port 15187
2024-02-27 07:47:35,826 [omNode-3-impl-thread1] INFO  server.RaftServerConfigKeys (ConfUtils.java:logGet(46)) - raft.server.storage.free-space.min = 0MB (=0) (default)
2024-02-27 07:47:35,826 [omNode-3-impl-thread1] INFO  server.RaftServerConfigKeys (ConfUtils.java:logGet(46)) - raft.server.log.corruption.policy = EXCEPTION (default)
2024-02-27 07:47:35,826 [omNode-3-impl-thread1] INFO  server.RaftServerConfigKeys (ConfUtils.java:logGet(46)) - raft.server.storage.dir = [/home/runner/work/ozone/ozone/hadoop-ozone/integration-test/target/test-dir/MiniOzoneClusterImpl-faebf4ee-6c4b-485b-8d19-aa685ee0d5ee/omNode-3/ratis] (custom)
2024-02-27 07:47:35,826 [omNode-3-impl-thread1] INFO  storage.RaftStorageDirectory (RaftStorageDirectoryImpl.java:analyzeStorage(138)) - The storage directory /home/runner/work/ozone/ozone/hadoop-ozone/integration-test/target/test-dir/MiniOzoneClusterImpl-faebf4ee-6c4b-485b-8d19-aa685ee0d5ee/omNode-3/ratis/c9bc4cf4-3bc3-3c60-a66b-523986131536 does not exist. Creating ...
2024-02-27 07:47:35,828 [omNode-3-impl-thread1] INFO  storage.RaftStorageDirectory (RaftStorageDirectoryImpl.java:tryLock(228)) - Lock on /home/runner/work/ozone/ozone/hadoop-ozone/integration-test/target/test-dir/MiniOzoneClusterImpl-faebf4ee-6c4b-485b-8d19-aa685ee0d5ee/omNode-3/ratis/c9bc4cf4-3bc3-3c60-a66b-523986131536/in_use.lock acquired by nodename 40924@fv-az699-61
2024-02-27 07:47:35,829 [omNode-3-impl-thread1] INFO  storage.RaftStorage (RaftStorageImpl.java:format(99)) - Storage directory /home/runner/work/ozone/ozone/hadoop-ozone/integration-test/target/test-dir/MiniOzoneClusterImpl-faebf4ee-6c4b-485b-8d19-aa685ee0d5ee/omNode-3/ratis/c9bc4cf4-3bc3-3c60-a66b-523986131536 has been successfully formatted.
2024-02-27 07:47:35,829 [omNode-3-impl-thread1] WARN  util.FileUtils (LogUtils.java:supplyAndLog(63)) - Failed to Files.newInputStream /home/runner/work/ozone/ozone/hadoop-ozone/integration-test/target/test-dir/MiniOzoneClusterImpl-faebf4ee-6c4b-485b-8d19-aa685ee0d5ee/omNode-3/ratis/c9bc4cf4-3bc3-3c60-a66b-523986131536/current/raft-meta.conf with options []: java.nio.file.NoSuchFileException: /home/runner/work/ozone/ozone/hadoop-ozone/integration-test/target/test-dir/MiniOzoneClusterImpl-faebf4ee-6c4b-485b-8d19-aa685ee0d5ee/omNode-3/ratis/c9bc4cf4-3bc3-3c60-a66b-523986131536/current/raft-meta.conf
2024-02-27 07:47:35,829 [omNode-3-impl-thread1] INFO  server.RaftServerConfigKeys (ConfUtils.java:logGet(46)) - raft.server.log.use.memory = false (default)
2024-02-27 07:47:35,829 [omNode-3-impl-thread1] INFO  server.RaftServerConfigKeys (ConfUtils.java:logGet(46)) - raft.server.log.purge.gap = 50 (custom)
2024-02-27 07:47:35,829 [omNode-3-impl-thread1] INFO  server.RaftServerConfigKeys (ConfUtils.java:logGet(46)) - raft.server.log.appender.buffer.byte-limit = 4194304 (custom)
2024-02-27 07:47:35,829 [omNode-3-impl-thread1] INFO  server.RaftServerConfigKeys (ConfUtils.java:logGet(46)) - raft.server.log.statemachine.data.read.timeout = 1000ms (default)
2024-02-27 07:47:35,829 [omNode-3-impl-thread1] INFO  server.RaftServerConfigKeys (ConfUtils.java:logGet(46)) - raft.server.log.purge.preservation.log.num = 0 (default)
2024-02-27 07:47:35,830 [omNode-3-impl-thread1] INFO  server.RaftServerConfigKeys (ConfUtils.java:logGet(46)) - raft.server.log.segment.size.max = 4194304 (custom)
2024-02-27 07:47:35,830 [omNode-3-impl-thread1] INFO  server.RaftServerConfigKeys (ConfUtils.java:logGet(46)) - raft.server.log.segment.cache.num.max = 2 (custom)
2024-02-27 07:47:35,830 [omNode-3-impl-thread1] INFO  server.RaftServerConfigKeys (ConfUtils.java:logGet(46)) - raft.server.log.segment.cache.size.max = 200MB (=209715200) (default)
2024-02-27 07:47:35,830 [omNode-3-impl-thread1] INFO  server.RaftServerConfigKeys (ConfUtils.java:logGet(46)) - raft.server.log.appender.buffer.byte-limit = 4194304 (custom)
2024-02-27 07:47:35,830 [omNode-3-impl-thread1] INFO  util.AwaitToRun (AwaitToRun.java:start(81)) - Thread[omNode-3@group-523986131536-cacheEviction-AwaitToRun,5,main] started
2024-02-27 07:47:35,831 [omNode-3-impl-thread1] INFO  segmented.SegmentedRaftLogWorker (SegmentedRaftLogWorker.java:<init>(182)) - new omNode-3@group-523986131536-SegmentedRaftLogWorker for RaftStorageImpl:Storage Directory /home/runner/work/ozone/ozone/hadoop-ozone/integration-test/target/test-dir/MiniOzoneClusterImpl-faebf4ee-6c4b-485b-8d19-aa685ee0d5ee/omNode-3/ratis/c9bc4cf4-3bc3-3c60-a66b-523986131536
2024-02-27 07:47:35,831 [omNode-3-impl-thread1] INFO  server.RaftServerConfigKeys (ConfUtils.java:logGet(46)) - raft.server.log.queue.byte-limit = 64MB (=67108864) (default)
2024-02-27 07:47:35,831 [omNode-3-impl-thread1] INFO  server.RaftServerConfigKeys (ConfUtils.java:logGet(46)) - raft.server.log.queue.element-limit = 4096 (default)
2024-02-27 07:47:35,831 [omNode-3-impl-thread1] INFO  server.RaftServerConfigKeys (ConfUtils.java:logGet(46)) - raft.server.log.segment.size.max = 4194304 (custom)
2024-02-27 07:47:35,831 [omNode-3-impl-thread1] INFO  server.RaftServerConfigKeys (ConfUtils.java:logGet(46)) - raft.server.log.preallocated.size = 4194304 (custom)
2024-02-27 07:47:35,831 [omNode-3-impl-thread1] INFO  server.RaftServerConfigKeys (ConfUtils.java:logGet(46)) - raft.server.log.force.sync.num = 128 (default)
2024-02-27 07:47:35,831 [omNode-3-impl-thread1] INFO  server.RaftServerConfigKeys (ConfUtils.java:logGet(46)) - raft.server.log.statemachine.data.sync = true (default)
2024-02-27 07:47:35,831 [omNode-3-impl-thread1] INFO  server.RaftServerConfigKeys (ConfUtils.java:logGet(46)) - raft.server.log.statemachine.data.sync.timeout = 10s (default)
2024-02-27 07:47:35,831 [omNode-3-impl-thread1] INFO  server.RaftServerConfigKeys (ConfUtils.java:logGet(46)) - raft.server.log.statemachine.data.sync.timeout.retry = -1 (default)
2024-02-27 07:47:35,831 [omNode-3-impl-thread1] INFO  server.RaftServerConfigKeys (ConfUtils.java:logGet(46)) - raft.server.log.write.buffer.size = 4194312 (custom)
2024-02-27 07:47:35,832 [omNode-3-impl-thread1] INFO  server.RaftServerConfigKeys (ConfUtils.java:logGet(46)) - raft.server.log.appender.buffer.byte-limit = 4194304 (custom)
2024-02-27 07:47:35,832 [omNode-3-impl-thread1] INFO  server.RaftServerConfigKeys (ConfUtils.java:logGet(46)) - raft.server.log.unsafe-flush.enabled = false (default)
2024-02-27 07:47:35,832 [omNode-3-impl-thread1] INFO  server.RaftServerConfigKeys (ConfUtils.java:logGet(46)) - raft.server.log.async-flush.enabled = false (default)
2024-02-27 07:47:35,832 [omNode-3-impl-thread1] INFO  server.RaftServerConfigKeys (ConfUtils.java:logGet(46)) - raft.server.log.statemachine.data.caching.enabled = false (default)
2024-02-27 07:47:35,832 [omNode-3-impl-thread1] INFO  segmented.SegmentedRaftLogWorker (SegmentedRaftLogWorker.java:lambda$new$0(134)) - omNode-3@group-523986131536-SegmentedRaftLogWorker: flushIndex: setUnconditionally 0 -> -1
2024-02-27 07:47:35,832 [omNode-3-impl-thread1] INFO  segmented.SegmentedRaftLogWorker (SegmentedRaftLogWorker.java:lambda$new$0(134)) - omNode-3@group-523986131536-SegmentedRaftLogWorker: safeCacheEvictIndex: setUnconditionally 0 -> -1
2024-02-27 07:47:35,832 [omNode-3-impl-thread1] INFO  server.RaftServer$Division (RaftServerImpl.java:start(396)) - omNode-3@group-523986131536: start as a follower, conf=-1: peers:[omNode-3|localhost:15187, omNode-1|localhost:15179, omNode-2|localhost:15183]|listeners:[], old=null
2024-02-27 07:47:35,832 [omNode-3-impl-thread1] INFO  server.RaftServer$Division (RaftServerImpl.java:setRole(383)) - omNode-3@group-523986131536: changes role from      null to FOLLOWER at term 0 for startAsFollower
2024-02-27 07:47:35,832 [omNode-3-impl-thread1] INFO  impl.RoleInfo (RoleInfo.java:updateAndGet(139)) - omNode-3: start omNode-3@group-523986131536-FollowerState
2024-02-27 07:47:35,832 [omNode-3-impl-thread1] INFO  util.JmxRegister (JmxRegister.java:tryRegister(44)) - Successfully registered JMX Bean with object name Ratis:service=RaftServer,group=group-523986131536,id=omNode-3
2024-02-27 07:47:35,833 [omNode-3-impl-thread1] INFO  server.RaftServerConfigKeys (ConfUtils.java:logGet(46)) - raft.server.snapshot.trigger-when-stop.enabled = true (default)
2024-02-27 07:47:35,833 [omNode-3-impl-thread1] INFO  server.RaftServerConfigKeys (ConfUtils.java:logGet(46)) - raft.server.snapshot.auto.trigger.enabled = true (custom)
2024-02-27 07:47:35,833 [omNode-3-impl-thread1] INFO  server.RaftServerConfigKeys (ConfUtils.java:logGet(46)) - raft.server.snapshot.auto.trigger.threshold = 50 (custom)
2024-02-27 07:47:35,833 [omNode-3-impl-thread1] INFO  server.RaftServerConfigKeys (ConfUtils.java:logGet(46)) - raft.server.snapshot.retention.file.num = -1 (default)
2024-02-27 07:47:35,833 [omNode-3-impl-thread1] INFO  server.RaftServerConfigKeys (ConfUtils.java:logGet(46)) - raft.server.log.purge.upto.snapshot.index = true (custom)
2024-02-27 07:47:35,833 [omNode-3@group-523986131536-FollowerState] INFO  server.RaftServerConfigKeys (ConfUtils.java:logFallback(53)) - raft.server.rpc.first-election.timeout.min = 1s (fallback to raft.server.rpc.timeout.min)
2024-02-27 07:47:35,833 [omNode-3@group-523986131536-FollowerState] INFO  server.RaftServerConfigKeys (ConfUtils.java:logFallback(53)) - raft.server.rpc.first-election.timeout.max = 1200ms (fallback to raft.server.rpc.timeout.max)
2024-02-27 07:47:35,834 [main] INFO  server.RaftServer (RaftServerProxy.java:startImpl(406)) - omNode-3: start RPC server
2024-02-27 07:47:35,835 [main] INFO  server.GrpcService (GrpcService.java:startImpl(302)) - omNode-3: GrpcService started, listening on 15187
2024-02-27 07:47:35,835 [JvmPauseMonitor52] INFO  util.JvmPauseMonitor (JvmPauseMonitor.java:run(146)) - JvmPauseMonitor-omNode-3: Started
2024-02-27 07:47:35,836 [main] INFO  om.OzoneManager (OzoneManager.java:start(1644)) - Version File has different layout version (6) than OM DB (null). That is expected if this OM has never been finalized to a newer layout version.
2024-02-27 07:47:35,838 [main] INFO  http.BaseHttpServer (BaseHttpServer.java:newHttpServer2BuilderForOzone(223)) - Starting Web-server for ozoneManager at: http://0.0.0.0:15185
2024-02-27 07:47:35,838 [main] INFO  http.BaseHttpServer (BaseHttpServer.java:<init>(110)) - Hadoop Security Enabled: false Ozone Security Enabled: false Ozone HTTP Security Enabled: false 
2024-02-27 07:47:35,839 [main] WARN  server.AuthenticationFilter (AuthenticationFilter.java:constructSecretProvider(240)) - Unable to initialize FileSignerSecretProvider, falling back to use random secrets. Reason: Could not read signature secret file: /home/runner/hadoop-http-auth-signature-secret
2024-02-27 07:47:35,839 [main] INFO  http.HttpRequestLog (HttpRequestLog.java:getRequestLog(86)) - Http request log for http.requests.ozoneManager is not defined
2024-02-27 07:47:35,840 [main] INFO  http.HttpServer2 (HttpServer2.java:addGlobalFilter(1036)) - Added global filter 'safety' (class=org.apache.hadoop.hdds.server.http.HttpServer2$QuotingInputFilter)
2024-02-27 07:47:35,840 [main] INFO  http.HttpServer2 (HttpServer2.java:addFilter(1012)) - Added filter static_user_filter (class=org.apache.hadoop.http.lib.StaticUserWebFilter$StaticUserFilter) to context ozoneManager
2024-02-27 07:47:35,840 [main] INFO  http.HttpServer2 (HttpServer2.java:addFilter(1020)) - Added filter static_user_filter (class=org.apache.hadoop.http.lib.StaticUserWebFilter$StaticUserFilter) to context static
2024-02-27 07:47:35,841 [main] INFO  http.HttpServer2 (HttpServer2.java:addFilter(1020)) - Added filter static_user_filter (class=org.apache.hadoop.http.lib.StaticUserWebFilter$StaticUserFilter) to context logs
2024-02-27 07:47:35,841 [main] INFO  http.BaseHttpServer (BaseHttpServer.java:<init>(189)) - HTTP server of ozoneManager uses base directory /home/runner/work/ozone/ozone/hadoop-ozone/integration-test/target/test-dir/MiniOzoneClusterImpl-faebf4ee-6c4b-485b-8d19-aa685ee0d5ee/omNode-3/webserver
2024-02-27 07:47:35,841 [main] INFO  http.HttpServer2 (HttpServer2.java:bindListener(1236)) - Jetty bound to port 15185
2024-02-27 07:47:35,841 [main] INFO  server.Server (Server.java:doStart(375)) - jetty-9.4.53.v20231009; built: 2023-10-09T12:29:09.265Z; git: 27bde00a0b95a1d5bbee0eae7984f891d2d0f8c9; jvm 1.8.0_402-b06
2024-02-27 07:47:35,842 [main] INFO  server.session (DefaultSessionIdManager.java:doStart(334)) - DefaultSessionIdManager workerName=node0
2024-02-27 07:47:35,842 [main] INFO  server.session (DefaultSessionIdManager.java:doStart(339)) - No SessionScavenger set, using defaults
2024-02-27 07:47:35,842 [main] INFO  server.session (HouseKeeper.java:startScavenging(132)) - node0 Scavenging every 660000ms
2024-02-27 07:47:35,843 [main] INFO  handler.ContextHandler (ContextHandler.java:doStart(921)) - Started o.e.j.s.ServletContextHandler@bdcd43f{logs,/logs,file:///home/runner/work/ozone/ozone/hadoop-ozone/integration-test/target/log,AVAILABLE}
2024-02-27 07:47:35,843 [main] INFO  handler.ContextHandler (ContextHandler.java:doStart(921)) - Started o.e.j.s.ServletContextHandler@79c704f5{static,/static,file:///home/runner/work/ozone/ozone/hadoop-ozone/integration-test/target/test-classes/webapps/static,AVAILABLE}
2024-02-27 07:47:35,844 [main] INFO  handler.ContextHandler (ContextHandler.java:doStart(921)) - Started o.e.j.w.WebAppContext@1ce6136e{ozoneManager,/,file:///home/runner/work/ozone/ozone/hadoop-ozone/integration-test/target/test-classes/webapps/ozoneManager/,AVAILABLE}{file:/home/runner/work/ozone/ozone/hadoop-ozone/integration-test/target/test-classes/webapps/ozoneManager}
2024-02-27 07:47:35,845 [main] INFO  server.AbstractConnector (AbstractConnector.java:doStart(333)) - Started ServerConnector@73aa0c12{HTTP/1.1, (http/1.1)}{0.0.0.0:15185}
2024-02-27 07:47:35,845 [main] INFO  server.Server (Server.java:doStart(415)) - Started @538553ms
2024-02-27 07:47:35,845 [main] WARN  impl.MetricsSystemImpl (MetricsSystemImpl.java:register(279)) - Sink prometheus already exists!
2024-02-27 07:47:35,845 [main] INFO  http.BaseHttpServer (BaseHttpServer.java:updateConnectorAddress(354)) - HTTP server of ozoneManager listening at http://0.0.0.0:15185
2024-02-27 07:47:35,845 [IPC Server Responder] INFO  ipc.Server (Server.java:run(1562)) - IPC Server Responder: starting
2024-02-27 07:47:35,849 [IPC Server listener on 15184] INFO  ipc.Server (Server.java:run(1402)) - IPC Server listener on 15184: starting
2024-02-27 07:47:35,854 [main] INFO  om.OzoneManager (OzoneManager.java:startTrashEmptier(2093)) - Trash Interval set to 0. Files deleted won't move to trash
2024-02-27 07:47:35,854 [main] INFO  ozone.MiniOzoneHAClusterImpl (MiniOzoneHAClusterImpl.java:createOMService(474)) - Started OzoneManager omNode-3 RPC server at localhost/127.0.0.1:15184
2024-02-27 07:47:35,860 [main] WARN  dropwizard3.Dm3MetricRegistriesImpl (Dm3MetricRegistriesImpl.java:addReporterRegistration(113)) - New reporters are added after registries were created. Some metrics will be missing from the reporter. Please add reporter before adding any new registry.
2024-02-27 07:47:35,860 [main] WARN  dropwizard3.Dm3MetricRegistriesImpl (Dm3MetricRegistriesImpl.java:addReporterRegistration(113)) - New reporters are added after registries were created. Some metrics will be missing from the reporter. Please add reporter before adding any new registry.
2024-02-27 07:47:35,860 [main] INFO  impl.MetricsSystemImpl (MetricsSystemImpl.java:init(158)) - HddsDatanode metrics system started (again)
2024-02-27 07:47:35,867 [main] INFO  ozone.HddsDatanodeService (HddsDatanodeService.java:start(240)) - HddsDatanodeService host:fv-az699-61.gws2011vpwuupmkks00dozwttg.bx.internal.cloudapp.net ip:10.1.0.19
2024-02-27 07:47:35,884 [main] INFO  upgrade.AbstractLayoutVersionManager (AbstractLayoutVersionManager.java:init(83)) - Initializing Layout version manager with metadata layout = HADOOP_PRC_PORTS_IN_DATANODEDETAILS (version = 7), software layout = HADOOP_PRC_PORTS_IN_DATANODEDETAILS (version = 7)
2024-02-27 07:47:35,885 [main] INFO  statemachine.DatanodeStateMachine (DatanodeStateMachine.java:getEndPointTaskThreadPoolSize(299)) - Datanode State Machine Task Thread Pool size 2
2024-02-27 07:47:35,885 [main] INFO  volume.HddsVolume (HddsVolume.java:<init>(125)) - Creating HddsVolume: /home/runner/work/ozone/ozone/hadoop-ozone/integration-test/target/test-dir/MiniOzoneClusterImpl-faebf4ee-6c4b-485b-8d19-aa685ee0d5ee/ozone-meta/datanode-1/data-0/hdds of storage type : DISK capacity : 9223372036854775807
2024-02-27 07:47:35,886 [main] INFO  volume.MutableVolumeSet (MutableVolumeSet.java:initializeVolumeSet(173)) - Added Volume : /home/runner/work/ozone/ozone/hadoop-ozone/integration-test/target/test-dir/MiniOzoneClusterImpl-faebf4ee-6c4b-485b-8d19-aa685ee0d5ee/ozone-meta/datanode-1/data-0/hdds to VolumeSet
2024-02-27 07:47:35,886 [main] INFO  volume.MutableVolumeSet (MutableVolumeSet.java:initializeVolumeSet(173)) - Added Volume : /home/runner/work/ozone/ozone/hadoop-ozone/integration-test/target/test-dir/MiniOzoneClusterImpl-faebf4ee-6c4b-485b-8d19-aa685ee0d5ee/ozone-meta/datanode-1/ratis to VolumeSet
2024-02-27 07:47:35,886 [main] INFO  ozoneimpl.OzoneContainer (HddsVolumeUtil.java:loadAllHddsVolumeDbStore(103)) - Load 1 volumes DbStore cost: 0ms
2024-02-27 07:47:35,888 [main] INFO  server.RaftServer (ConfUtils.java:logGet(46)) - raft.rpc.type = GRPC (default)
2024-02-27 07:47:35,888 [main] INFO  grpc.GrpcConfigKeys (ConfUtils.java:logFallback(53)) - raft.grpc.admin.host = null (fallback to raft.grpc.server.host)
2024-02-27 07:47:35,888 [main] INFO  grpc.GrpcConfigKeys (ConfUtils.java:logGet(46)) - raft.grpc.admin.port = 15193 (custom)
2024-02-27 07:47:35,888 [main] INFO  grpc.GrpcConfigKeys (ConfUtils.java:logFallback(53)) - raft.grpc.client.host = null (fallback to raft.grpc.server.host)
2024-02-27 07:47:35,888 [main] INFO  grpc.GrpcConfigKeys (ConfUtils.java:logGet(46)) - raft.grpc.client.port = 15192 (custom)
2024-02-27 07:47:35,889 [main] INFO  grpc.GrpcConfigKeys (ConfUtils.java:logGet(46)) - raft.grpc.server.host = null (default)
2024-02-27 07:47:35,889 [main] INFO  grpc.GrpcConfigKeys (ConfUtils.java:logGet(46)) - raft.grpc.server.port = 15194 (custom)
2024-02-27 07:47:35,889 [main] INFO  server.GrpcService (ConfUtils.java:logGet(46)) - raft.grpc.message.size.max = 32MB (=33554432) (custom)
2024-02-27 07:47:35,889 [main] INFO  server.RaftServerConfigKeys (ConfUtils.java:logGet(46)) - raft.server.log.appender.buffer.byte-limit = 8388608 (custom)
2024-02-27 07:47:35,889 [main] INFO  server.GrpcService (ConfUtils.java:logGet(46)) - raft.grpc.flow.control.window = 5MB (=5242880) (custom)
2024-02-27 07:47:35,889 [main] INFO  server.RaftServerConfigKeys (ConfUtils.java:logGet(46)) - raft.server.rpc.request.timeout = 60s (custom)
2024-02-27 07:47:35,890 [main] INFO  grpc.GrpcConfigKeys (ConfUtils.java:logGet(46)) - raft.grpc.server.heartbeat.channel = true (default)
2024-02-27 07:47:35,890 [main] INFO  grpc.GrpcConfigKeys (ConfUtils.java:logGet(46)) - raft.grpc.server.async.request.thread.pool.cached = true (default)
2024-02-27 07:47:35,890 [main] INFO  grpc.GrpcConfigKeys (ConfUtils.java:logGet(46)) - raft.grpc.server.async.request.thread.pool.size = 32 (default)
2024-02-27 07:47:35,892 [main] INFO  impl.DataStreamServerImpl (ConfUtils.java:logGet(46)) - raft.datastream.type = NETTY (custom)
2024-02-27 07:47:35,892 [main] INFO  server.RaftServerConfigKeys (ConfUtils.java:logGet(46)) - raft.server.data-stream.async.request.thread.pool.cached = false (default)
2024-02-27 07:47:35,892 [main] INFO  server.RaftServerConfigKeys (ConfUtils.java:logGet(46)) - raft.server.data-stream.async.request.thread.pool.size = 20 (custom)
2024-02-27 07:47:35,892 [main] INFO  server.RaftServerConfigKeys (ConfUtils.java:logGet(46)) - raft.server.data-stream.async.write.thread.pool.size = 16 (default)
2024-02-27 07:47:35,892 [main] INFO  netty.NettyConfigKeys$DataStream (ConfUtils.java:logGet(46)) - raft.netty.dataStream.server.channel.inactive.grace-period = 10min (default)
2024-02-27 07:47:35,893 [main] INFO  server.RaftServerConfigKeys (ConfUtils.java:logGet(46)) - raft.server.data-stream.client.pool.size = 10 (default)
2024-02-27 07:47:35,893 [main] INFO  netty.NettyConfigKeys$DataStream (ConfUtils.java:logGet(46)) - raft.netty.dataStream.server.use-epoll = true (default)
2024-02-27 07:47:35,893 [main] INFO  netty.NettyConfigKeys$DataStream (ConfUtils.java:logGet(46)) - raft.netty.dataStream.server.boss-group.size = 0 (default)
2024-02-27 07:47:35,893 [main] INFO  netty.NettyUtils (NettyUtils.java:newEventLoopGroup(69)) - Create EpollEventLoopGroup for 0b055c95-c6cb-4c32-92a9-22069dc0a51e-NettyServerStreamRpc-bossGroup; Thread size is 0.
2024-02-27 07:47:35,893 [main] INFO  netty.NettyConfigKeys$DataStream (ConfUtils.java:logGet(46)) - raft.netty.dataStream.server.worker-group.size = 0 (default)
2024-02-27 07:47:35,894 [main] INFO  netty.NettyUtils (NettyUtils.java:newEventLoopGroup(69)) - Create EpollEventLoopGroup for 0b055c95-c6cb-4c32-92a9-22069dc0a51e-NettyServerStreamRpc-workerGroup; Thread size is 0.
2024-02-27 07:47:35,894 [main] INFO  netty.NettyConfigKeys$DataStream (ConfUtils.java:logGet(46)) - raft.netty.dataStream.server.tls.conf = null (default)
2024-02-27 07:47:35,894 [main] INFO  netty.NettyConfigKeys$DataStream (ConfUtils.java:logGet(46)) - raft.netty.dataStream.host = null (default)
2024-02-27 07:47:35,894 [main] INFO  netty.NettyConfigKeys$DataStream (ConfUtils.java:logGet(46)) - raft.netty.dataStream.port = 15195 (custom)
2024-02-27 07:47:35,894 [main] INFO  server.RaftServerConfigKeys (ConfUtils.java:logGet(46)) - raft.server.sleep.deviation.threshold = 300ms (default)
2024-02-27 07:47:35,895 [main] INFO  server.RaftServerConfigKeys (ConfUtils.java:logGet(46)) - raft.server.close.threshold = 60s (default)
2024-02-27 07:47:35,895 [0b055c95-c6cb-4c32-92a9-22069dc0a51e-NettyServerStreamRpc-bossGroup--thread1] INFO  logging.LoggingHandler (AbstractInternalLogger.java:log(148)) - [id: 0xdc4022e7] REGISTERED
2024-02-27 07:47:35,895 [main] INFO  server.RaftServerConfigKeys (ConfUtils.java:logGet(46)) - raft.server.leaderelection.leader.step-down.wait-time = 10s (default)
2024-02-27 07:47:35,895 [0b055c95-c6cb-4c32-92a9-22069dc0a51e-NettyServerStreamRpc-bossGroup--thread1] INFO  logging.LoggingHandler (AbstractInternalLogger.java:log(148)) - [id: 0xdc4022e7] BIND: 0.0.0.0/0.0.0.0:15195
2024-02-27 07:47:35,895 [main] INFO  server.RaftServerConfigKeys (ConfUtils.java:logGet(46)) - raft.server.storage.dir = [/home/runner/work/ozone/ozone/hadoop-ozone/integration-test/target/test-dir/MiniOzoneClusterImpl-faebf4ee-6c4b-485b-8d19-aa685ee0d5ee/ozone-meta/datanode-1/ratis] (custom)
2024-02-27 07:47:35,895 [main] INFO  server.RaftServerConfigKeys (ConfUtils.java:logGet(46)) - raft.server.threadpool.proxy.cached = true (default)
2024-02-27 07:47:35,895 [main] INFO  server.RaftServerConfigKeys (ConfUtils.java:logGet(46)) - raft.server.threadpool.proxy.size = 0 (default)
2024-02-27 07:47:35,895 [0b055c95-c6cb-4c32-92a9-22069dc0a51e-NettyServerStreamRpc-bossGroup--thread1] INFO  logging.LoggingHandler (AbstractInternalLogger.java:log(148)) - [id: 0xdc4022e7, L:/0.0.0.0:15195] ACTIVE
2024-02-27 07:47:35,896 [0b055c95-c6cb-4c32-92a9-22069dc0a51e-impl-thread1] INFO  server.RaftServer (RaftServerProxy.java:initGroupDir(264)) - 0b055c95-c6cb-4c32-92a9-22069dc0a51e: found a subdirectory /home/runner/work/ozone/ozone/hadoop-ozone/integration-test/target/test-dir/MiniOzoneClusterImpl-faebf4ee-6c4b-485b-8d19-aa685ee0d5ee/ozone-meta/datanode-1/ratis/tmp
2024-02-27 07:47:35,896 [0b055c95-c6cb-4c32-92a9-22069dc0a51e-impl-thread1] INFO  server.RaftServer (RaftServerProxy.java:initGroupDir(269)) - 0b055c95-c6cb-4c32-92a9-22069dc0a51e: The directory /home/runner/work/ozone/ozone/hadoop-ozone/integration-test/target/test-dir/MiniOzoneClusterImpl-faebf4ee-6c4b-485b-8d19-aa685ee0d5ee/ozone-meta/datanode-1/ratis/tmp is not a group directory; ignoring it. 
2024-02-27 07:47:35,896 [main] INFO  replication.ReplicationServer (ReplicationServer.java:<init>(86)) - Initializing replication server with thread count = 10 queue length = 4096
2024-02-27 07:47:35,896 [main] INFO  server.XceiverServerGrpc (XceiverServerGrpc.java:<init>(141)) - GrpcServer channel type EpollServerSocketChannel
2024-02-27 07:47:35,897 [main] INFO  replication.ReplicationSupervisor (ReplicationSupervisor.java:build(163)) - Initializing replication supervisor with thread count = 10
2024-02-27 07:47:35,898 [main] INFO  replication.ReplicationSupervisor (ReplicationSupervisor.java:nodeStateUpdated(317)) - Node state updated to IN_SERVICE, scaling executor pool size to 10
2024-02-27 07:47:35,899 [main] INFO  http.BaseHttpServer (BaseHttpServer.java:newHttpServer2BuilderForOzone(223)) - Starting Web-server for hddsDatanode at: http://0.0.0.0:15189
2024-02-27 07:47:35,899 [main] INFO  http.BaseHttpServer (BaseHttpServer.java:<init>(110)) - Hadoop Security Enabled: false Ozone Security Enabled: false Ozone HTTP Security Enabled: false 
2024-02-27 07:47:35,900 [main] WARN  server.AuthenticationFilter (AuthenticationFilter.java:constructSecretProvider(240)) - Unable to initialize FileSignerSecretProvider, falling back to use random secrets. Reason: Could not read signature secret file: /home/runner/hadoop-http-auth-signature-secret
2024-02-27 07:47:35,900 [main] INFO  http.HttpRequestLog (HttpRequestLog.java:getRequestLog(86)) - Http request log for http.requests.hddsDatanode is not defined
2024-02-27 07:47:35,901 [main] INFO  http.HttpServer2 (HttpServer2.java:addGlobalFilter(1036)) - Added global filter 'safety' (class=org.apache.hadoop.hdds.server.http.HttpServer2$QuotingInputFilter)
2024-02-27 07:47:35,901 [main] INFO  http.HttpServer2 (HttpServer2.java:addFilter(1012)) - Added filter static_user_filter (class=org.apache.hadoop.http.lib.StaticUserWebFilter$StaticUserFilter) to context hddsDatanode
2024-02-27 07:47:35,901 [main] INFO  http.HttpServer2 (HttpServer2.java:addFilter(1020)) - Added filter static_user_filter (class=org.apache.hadoop.http.lib.StaticUserWebFilter$StaticUserFilter) to context static
2024-02-27 07:47:35,901 [main] INFO  http.HttpServer2 (HttpServer2.java:addFilter(1020)) - Added filter static_user_filter (class=org.apache.hadoop.http.lib.StaticUserWebFilter$StaticUserFilter) to context logs
2024-02-27 07:47:35,902 [main] INFO  http.BaseHttpServer (BaseHttpServer.java:<init>(189)) - HTTP server of hddsDatanode uses base directory /home/runner/work/ozone/ozone/hadoop-ozone/integration-test/target/test-dir/MiniOzoneClusterImpl-faebf4ee-6c4b-485b-8d19-aa685ee0d5ee/ozone-meta/datanode-1/meta/webserver
2024-02-27 07:47:35,902 [main] INFO  http.HttpServer2 (HttpServer2.java:bindListener(1236)) - Jetty bound to port 15189
2024-02-27 07:47:35,902 [main] INFO  server.Server (Server.java:doStart(375)) - jetty-9.4.53.v20231009; built: 2023-10-09T12:29:09.265Z; git: 27bde00a0b95a1d5bbee0eae7984f891d2d0f8c9; jvm 1.8.0_402-b06
2024-02-27 07:47:35,903 [main] INFO  server.session (DefaultSessionIdManager.java:doStart(334)) - DefaultSessionIdManager workerName=node0
2024-02-27 07:47:35,903 [main] INFO  server.session (DefaultSessionIdManager.java:doStart(339)) - No SessionScavenger set, using defaults
2024-02-27 07:47:35,904 [main] INFO  server.session (HouseKeeper.java:startScavenging(132)) - node0 Scavenging every 660000ms
2024-02-27 07:47:35,904 [main] INFO  handler.ContextHandler (ContextHandler.java:doStart(921)) - Started o.e.j.s.ServletContextHandler@5513a899{logs,/logs,file:///home/runner/work/ozone/ozone/hadoop-ozone/integration-test/target/log,AVAILABLE}
2024-02-27 07:47:35,904 [main] INFO  handler.ContextHandler (ContextHandler.java:doStart(921)) - Started o.e.j.s.ServletContextHandler@38278353{static,/static,jar:file:/home/runner/.m2/repository/org/apache/ozone/hdds-container-service/1.5.0-SNAPSHOT/hdds-container-service-1.5.0-SNAPSHOT.jar!/webapps/static,AVAILABLE}
2024-02-27 07:47:35,938 [main] INFO  handler.ContextHandler (ContextHandler.java:doStart(921)) - Started o.e.j.w.WebAppContext@6aefa547{hddsDatanode,/,file:///home/runner/work/ozone/ozone/hadoop-ozone/integration-test/target/test-dir/MiniOzoneClusterImpl-faebf4ee-6c4b-485b-8d19-aa685ee0d5ee/ozone-meta/datanode-1/meta/webserver/jetty-0_0_0_0-15189-hdds-container-service-1_5_0-SNAPSHOT_jar-_-any-536306273308297478/webapp/,AVAILABLE}{jar:file:/home/runner/.m2/repository/org/apache/ozone/hdds-container-service/1.5.0-SNAPSHOT/hdds-container-service-1.5.0-SNAPSHOT.jar!/webapps/hddsDatanode}
2024-02-27 07:47:35,938 [main] INFO  server.AbstractConnector (AbstractConnector.java:doStart(333)) - Started ServerConnector@3ae2fb01{HTTP/1.1, (http/1.1)}{0.0.0.0:15189}
2024-02-27 07:47:35,939 [main] INFO  server.Server (Server.java:doStart(415)) - Started @538647ms
2024-02-27 07:47:35,939 [main] WARN  impl.MetricsSystemImpl (MetricsSystemImpl.java:register(279)) - Sink prometheus already exists!
2024-02-27 07:47:35,939 [main] INFO  http.BaseHttpServer (BaseHttpServer.java:updateConnectorAddress(354)) - HTTP server of hddsDatanode listening at http://0.0.0.0:15189
2024-02-27 07:47:35,939 [main] INFO  ipc.CallQueueManager (CallQueueManager.java:<init>(90)) - Using callQueue: class java.util.concurrent.LinkedBlockingQueue, queueCapacity: 100, scheduler: class org.apache.hadoop.ipc.DefaultRpcScheduler, ipcBackoff: false.
2024-02-27 07:47:35,940 [main] INFO  ipc.Server (Server.java:<init>(1287)) - Listener at 0.0.0.0:15190
2024-02-27 07:47:35,940 [Socket Reader #1 for port 15190] INFO  ipc.Server (Server.java:run(1323)) - Starting Socket Reader #1 for port 15190
2024-02-27 07:47:35,943 [omNode-1@group-523986131536-FollowerState] INFO  impl.FollowerState (FollowerState.java:run(143)) - omNode-1@group-523986131536-FollowerState: change to CANDIDATE, lastRpcElapsedTime:1032000787ns, electionTimeout:1030ms
2024-02-27 07:47:35,943 [omNode-1@group-523986131536-FollowerState] INFO  impl.RoleInfo (RoleInfo.java:shutdownFollowerState(110)) - omNode-1: shutdown omNode-1@group-523986131536-FollowerState
2024-02-27 07:47:35,943 [omNode-1@group-523986131536-FollowerState] INFO  server.RaftServer$Division (RaftServerImpl.java:setRole(383)) - omNode-1@group-523986131536: changes role from  FOLLOWER to CANDIDATE at term 0 for changeToCandidate
2024-02-27 07:47:35,943 [omNode-1@group-523986131536-FollowerState] INFO  server.RaftServerConfigKeys (ConfUtils.java:logGet(46)) - raft.server.leaderelection.pre-vote = true (default)
2024-02-27 07:47:35,944 [omNode-1@group-523986131536-FollowerState] INFO  impl.RoleInfo (RoleInfo.java:updateAndGet(139)) - omNode-1: start omNode-1@group-523986131536-LeaderElection41
2024-02-27 07:47:35,945 [main] INFO  ozone.HddsDatanodeService (HddsDatanodeService.java:start(327)) - Datanode start with admins: [*, runner]
2024-02-27 07:47:35,945 [main] INFO  ozone.HddsDatanodeClientProtocolServer (HddsDatanodeClientProtocolServer.java:start(77)) - RPC server for Client /0.0.0.0:15190
2024-02-27 07:47:35,946 [omNode-1@group-523986131536-LeaderElection41] INFO  impl.LeaderElection (LeaderElection.java:askForVotes(321)) - omNode-1@group-523986131536-LeaderElection41 PRE_VOTE round 0: submit vote requests at term 0 for -1: peers:[omNode-3|localhost:15187, omNode-1|localhost:15179, omNode-2|localhost:15183]|listeners:[], old=null
2024-02-27 07:47:35,948 [IPC Server Responder] INFO  ipc.Server (Server.java:run(1562)) - IPC Server Responder: starting
2024-02-27 07:47:35,948 [IPC Server listener on 15190] INFO  ipc.Server (Server.java:run(1402)) - IPC Server listener on 15190: starting
2024-02-27 07:47:35,949 [omNode-1@group-523986131536-LeaderElection41] INFO  server.RaftServerConfigKeys (ConfUtils.java:logFallback(53)) - raft.server.rpc.first-election.timeout.min = 1s (fallback to raft.server.rpc.timeout.min)
2024-02-27 07:47:35,949 [omNode-1@group-523986131536-LeaderElection41] INFO  server.RaftServerConfigKeys (ConfUtils.java:logFallback(53)) - raft.server.rpc.first-election.timeout.max = 1200ms (fallback to raft.server.rpc.timeout.max)
2024-02-27 07:47:35,953 [omNode-1@group-523986131536-LeaderElection41-1] INFO  server.GrpcServerProtocolClient (GrpcServerProtocolClient.java:<init>(65)) - Build channel for omNode-3|localhost:15187
2024-02-27 07:47:35,953 [0b055c95-c6cb-4c32-92a9-22069dc0a51e-DatanodeStateMachineDaemonThread] INFO  statemachine.DatanodeStateMachine (DatanodeStateMachine.java:lambda$startDaemon$1(555)) - Ozone container server started.
2024-02-27 07:47:35,953 [main] WARN  dropwizard3.Dm3MetricRegistriesImpl (Dm3MetricRegistriesImpl.java:addReporterRegistration(113)) - New reporters are added after registries were created. Some metrics will be missing from the reporter. Please add reporter before adding any new registry.
2024-02-27 07:47:35,956 [main] WARN  dropwizard3.Dm3MetricRegistriesImpl (Dm3MetricRegistriesImpl.java:addReporterRegistration(113)) - New reporters are added after registries were created. Some metrics will be missing from the reporter. Please add reporter before adding any new registry.
2024-02-27 07:47:35,956 [main] INFO  impl.MetricsSystemImpl (MetricsSystemImpl.java:init(158)) - HddsDatanode metrics system started (again)
2024-02-27 07:47:35,953 [omNode-1@group-523986131536-LeaderElection41-2] INFO  server.GrpcServerProtocolClient (GrpcServerProtocolClient.java:<init>(65)) - Build channel for omNode-2|localhost:15183
2024-02-27 07:47:35,958 [0b055c95-c6cb-4c32-92a9-22069dc0a51e-DatanodeStateMachineTaskThread-0] INFO  datanode.InitDatanodeState (InitDatanodeState.java:persistContainerDatanodeDetails(139)) - DatanodeDetails is persisted to /home/runner/work/ozone/ozone/hadoop-ozone/integration-test/target/test-dir/MiniOzoneClusterImpl-faebf4ee-6c4b-485b-8d19-aa685ee0d5ee/ozone-meta/datanode-1/meta/datanode.id
2024-02-27 07:47:35,964 [grpc-default-executor-0] INFO  server.RaftServer$Division (RaftServerImpl.java:requestVote(1389)) - omNode-2@group-523986131536: receive requestVote(PRE_VOTE, omNode-1, group-523986131536, 0, (t:0, i:~))
2024-02-27 07:47:35,964 [grpc-default-executor-0] INFO  impl.VoteContext (VoteContext.java:log(49)) - omNode-2@group-523986131536-FOLLOWER: accept PRE_VOTE from omNode-1: our priority 0 <= candidate's priority 0
2024-02-27 07:47:35,964 [grpc-default-executor-0] INFO  server.RaftServer$Division (RaftServerImpl.java:requestVote(1422)) - omNode-2@group-523986131536 replies to PRE_VOTE vote request: omNode-1<-omNode-2#0:OK-t0. Peer's state: omNode-2@group-523986131536:t0, leader=null, voted=, raftlog=Memoized:omNode-2@group-523986131536-SegmentedRaftLog:OPENED:c-1, conf=-1: peers:[omNode-3|localhost:15187, omNode-1|localhost:15179, omNode-2|localhost:15183]|listeners:[], old=null
2024-02-27 07:47:35,964 [grpc-default-executor-1] INFO  server.RaftServer$Division (RaftServerImpl.java:requestVote(1389)) - omNode-3@group-523986131536: receive requestVote(PRE_VOTE, omNode-1, group-523986131536, 0, (t:0, i:~))
2024-02-27 07:47:35,965 [grpc-default-executor-1] INFO  impl.VoteContext (VoteContext.java:log(49)) - omNode-3@group-523986131536-FOLLOWER: accept PRE_VOTE from omNode-1: our priority 0 <= candidate's priority 0
2024-02-27 07:47:35,965 [grpc-default-executor-1] INFO  server.RaftServer$Division (RaftServerImpl.java:requestVote(1422)) - omNode-3@group-523986131536 replies to PRE_VOTE vote request: omNode-1<-omNode-3#0:OK-t0. Peer's state: omNode-3@group-523986131536:t0, leader=null, voted=, raftlog=Memoized:omNode-3@group-523986131536-SegmentedRaftLog:OPENED:c-1, conf=-1: peers:[omNode-3|localhost:15187, omNode-1|localhost:15179, omNode-2|localhost:15183]|listeners:[], old=null
2024-02-27 07:47:35,965 [omNode-1@group-523986131536-LeaderElection41] INFO  impl.LeaderElection (LeaderElection.java:logAndReturn(89)) - omNode-1@group-523986131536-LeaderElection41: PRE_VOTE PASSED received 1 response(s) and 0 exception(s):
2024-02-27 07:47:35,965 [omNode-1@group-523986131536-LeaderElection41] INFO  impl.LeaderElection (LeaderElection.java:logAndReturn(93)) -   Response 0: omNode-1<-omNode-2#0:OK-t0
2024-02-27 07:47:35,965 [omNode-1@group-523986131536-LeaderElection41] INFO  impl.LeaderElection (LeaderElection.java:askForVotes(323)) - omNode-1@group-523986131536-LeaderElection41 PRE_VOTE round 0: result PASSED
2024-02-27 07:47:35,967 [omNode-1@group-523986131536-LeaderElection41] INFO  impl.LeaderElection (LeaderElection.java:askForVotes(321)) - omNode-1@group-523986131536-LeaderElection41 ELECTION round 0: submit vote requests at term 1 for -1: peers:[omNode-3|localhost:15187, omNode-1|localhost:15179, omNode-2|localhost:15183]|listeners:[], old=null
2024-02-27 07:47:35,967 [omNode-1@group-523986131536-LeaderElection41] INFO  server.RaftServerConfigKeys (ConfUtils.java:logFallback(53)) - raft.server.rpc.first-election.timeout.min = 1s (fallback to raft.server.rpc.timeout.min)
2024-02-27 07:47:35,967 [omNode-1@group-523986131536-LeaderElection41] INFO  server.RaftServerConfigKeys (ConfUtils.java:logFallback(53)) - raft.server.rpc.first-election.timeout.max = 1200ms (fallback to raft.server.rpc.timeout.max)
2024-02-27 07:47:35,968 [grpc-default-executor-1] INFO  server.RaftServer$Division (RaftServerImpl.java:requestVote(1389)) - omNode-3@group-523986131536: receive requestVote(ELECTION, omNode-1, group-523986131536, 1, (t:0, i:~))
2024-02-27 07:47:35,968 [grpc-default-executor-1] INFO  impl.VoteContext (VoteContext.java:log(49)) - omNode-3@group-523986131536-FOLLOWER: accept ELECTION from omNode-1: our priority 0 <= candidate's priority 0
2024-02-27 07:47:35,968 [grpc-default-executor-1] INFO  server.RaftServer$Division (RaftServerImpl.java:setRole(383)) - omNode-3@group-523986131536: changes role from  FOLLOWER to FOLLOWER at term 1 for candidate:omNode-1
2024-02-27 07:47:35,968 [grpc-default-executor-1] INFO  impl.RoleInfo (RoleInfo.java:shutdownFollowerState(110)) - omNode-3: shutdown omNode-3@group-523986131536-FollowerState
2024-02-27 07:47:35,969 [grpc-default-executor-1] INFO  impl.RoleInfo (RoleInfo.java:updateAndGet(139)) - omNode-3: start omNode-3@group-523986131536-FollowerState
2024-02-27 07:47:35,968 [grpc-default-executor-0] INFO  server.RaftServer$Division (RaftServerImpl.java:requestVote(1389)) - omNode-2@group-523986131536: receive requestVote(ELECTION, omNode-1, group-523986131536, 1, (t:0, i:~))
2024-02-27 07:47:35,969 [grpc-default-executor-1] INFO  server.RaftServer$Division (RaftServerImpl.java:setFirstElection(574)) - omNode-3@group-523986131536: set firstElectionSinceStartup to false for candidate:omNode-1
2024-02-27 07:47:35,969 [omNode-3@group-523986131536-FollowerState] INFO  impl.FollowerState (FollowerState.java:run(152)) - omNode-3@group-523986131536-FollowerState was interrupted
2024-02-27 07:47:35,969 [grpc-default-executor-0] INFO  impl.VoteContext (VoteContext.java:log(49)) - omNode-2@group-523986131536-FOLLOWER: accept ELECTION from omNode-1: our priority 0 <= candidate's priority 0
2024-02-27 07:47:35,970 [grpc-default-executor-0] INFO  server.RaftServer$Division (RaftServerImpl.java:setRole(383)) - omNode-2@group-523986131536: changes role from  FOLLOWER to FOLLOWER at term 1 for candidate:omNode-1
2024-02-27 07:47:35,970 [grpc-default-executor-0] INFO  impl.RoleInfo (RoleInfo.java:shutdownFollowerState(110)) - omNode-2: shutdown omNode-2@group-523986131536-FollowerState
2024-02-27 07:47:35,970 [grpc-default-executor-0] INFO  impl.RoleInfo (RoleInfo.java:updateAndGet(139)) - omNode-2: start omNode-2@group-523986131536-FollowerState
2024-02-27 07:47:35,970 [omNode-2@group-523986131536-FollowerState] INFO  impl.FollowerState (FollowerState.java:run(152)) - omNode-2@group-523986131536-FollowerState was interrupted
2024-02-27 07:47:35,970 [grpc-default-executor-0] INFO  server.RaftServer$Division (RaftServerImpl.java:setFirstElection(574)) - omNode-2@group-523986131536: set firstElectionSinceStartup to false for candidate:omNode-1
2024-02-27 07:47:35,973 [main] INFO  ozone.HddsDatanodeService (HddsDatanodeService.java:start(240)) - HddsDatanodeService host:fv-az699-61.gws2011vpwuupmkks00dozwttg.bx.internal.cloudapp.net ip:10.1.0.19
2024-02-27 07:47:35,974 [grpc-default-executor-1] INFO  server.RaftServer$Division (RaftServerImpl.java:requestVote(1422)) - omNode-3@group-523986131536 replies to ELECTION vote request: omNode-1<-omNode-3#0:OK-t1. Peer's state: omNode-3@group-523986131536:t1, leader=null, voted=omNode-1, raftlog=Memoized:omNode-3@group-523986131536-SegmentedRaftLog:OPENED:c-1, conf=-1: peers:[omNode-3|localhost:15187, omNode-1|localhost:15179, omNode-2|localhost:15183]|listeners:[], old=null
2024-02-27 07:47:35,974 [grpc-default-executor-0] INFO  server.RaftServer$Division (RaftServerImpl.java:requestVote(1422)) - omNode-2@group-523986131536 replies to ELECTION vote request: omNode-1<-omNode-2#0:OK-t1. Peer's state: omNode-2@group-523986131536:t1, leader=null, voted=omNode-1, raftlog=Memoized:omNode-2@group-523986131536-SegmentedRaftLog:OPENED:c-1, conf=-1: peers:[omNode-3|localhost:15187, omNode-1|localhost:15179, omNode-2|localhost:15183]|listeners:[], old=null
2024-02-27 07:47:35,974 [omNode-1@group-523986131536-LeaderElection41] INFO  impl.LeaderElection (LeaderElection.java:logAndReturn(89)) - omNode-1@group-523986131536-LeaderElection41: ELECTION PASSED received 1 response(s) and 0 exception(s):
2024-02-27 07:47:35,975 [omNode-1@group-523986131536-LeaderElection41] INFO  impl.LeaderElection (LeaderElection.java:logAndReturn(93)) -   Response 0: omNode-1<-omNode-3#0:OK-t1
2024-02-27 07:47:35,975 [omNode-1@group-523986131536-LeaderElection41] INFO  impl.LeaderElection (LeaderElection.java:askForVotes(323)) - omNode-1@group-523986131536-LeaderElection41 ELECTION round 0: result PASSED
2024-02-27 07:47:35,975 [omNode-1@group-523986131536-LeaderElection41] INFO  impl.RoleInfo (RoleInfo.java:shutdownLeaderElection(130)) - omNode-1: shutdown omNode-1@group-523986131536-LeaderElection41
2024-02-27 07:47:35,975 [omNode-1@group-523986131536-LeaderElection41] INFO  server.RaftServer$Division (RaftServerImpl.java:setRole(383)) - omNode-1@group-523986131536: changes role from CANDIDATE to LEADER at term 1 for changeToLeader
2024-02-27 07:47:35,975 [omNode-1@group-523986131536-LeaderElection41] INFO  server.RaftServerConfigKeys (ConfUtils.java:logGet(46)) - raft.server.staging.catchup.gap = 1000 (default)
2024-02-27 07:47:35,975 [omNode-1@group-523986131536-LeaderElection41] INFO  server.RaftServerConfigKeys (ConfUtils.java:logGet(46)) - raft.server.write.element-limit = 4096 (default)
2024-02-27 07:47:35,975 [omNode-1@group-523986131536-LeaderElection41] INFO  server.RaftServerConfigKeys (ConfUtils.java:logGet(46)) - raft.server.write.byte-limit = 64MB (=67108864) (default)
2024-02-27 07:47:35,975 [omNode-1@group-523986131536-LeaderElection41] INFO  server.RaftServerConfigKeys (ConfUtils.java:logGet(46)) - raft.server.watch.timeout = 10s (default)
2024-02-27 07:47:35,975 [omNode-1@group-523986131536-LeaderElection41] INFO  server.RaftServerConfigKeys (ConfUtils.java:logGet(46)) - raft.server.watch.timeout.denomination = 1s (default)
2024-02-27 07:47:35,975 [omNode-1@group-523986131536-LeaderElection41] INFO  server.RaftServerConfigKeys (ConfUtils.java:logGet(46)) - raft.server.watch.element-limit = 65536 (default)
2024-02-27 07:47:35,975 [omNode-1@group-523986131536-LeaderElection41] INFO  server.RaftServerConfigKeys (ConfUtils.java:logGet(46)) - raft.server.read.leader.lease.enabled = false (default)
2024-02-27 07:47:35,975 [omNode-1@group-523986131536-LeaderElection41] INFO  server.RaftServerConfigKeys (ConfUtils.java:logGet(46)) - raft.server.read.leader.lease.timeout.ratio = 0.9 (default)
2024-02-27 07:47:35,975 [omNode-1@group-523986131536-LeaderElection41] INFO  server.RaftServerConfigKeys (ConfUtils.java:logGet(46)) - raft.server.rpc.timeout.min = 1s (custom)
2024-02-27 07:47:35,975 [omNode-1@group-523986131536-LeaderElection41] INFO  server.RaftServerConfigKeys (ConfUtils.java:logGet(46)) - raft.server.write.element-limit = 4096 (default)
2024-02-27 07:47:35,975 [omNode-1@group-523986131536-LeaderElection41] INFO  server.RaftServerConfigKeys (ConfUtils.java:logGet(46)) - raft.server.write.follower.gap.ratio.max = -1.0 (default)
2024-02-27 07:47:35,976 [omNode-1@group-523986131536-LeaderElection41] INFO  server.RaftServerConfigKeys (ConfUtils.java:logGet(46)) - raft.server.log.appender.snapshot.chunk.size.max = 16MB (=16777216) (default)
2024-02-27 07:47:35,976 [omNode-1@group-523986131536-LeaderElection41] INFO  server.RaftServerConfigKeys (ConfUtils.java:logGet(46)) - raft.server.log.appender.buffer.byte-limit = 4194304 (custom)
2024-02-27 07:47:35,976 [omNode-1@group-523986131536-LeaderElection41] INFO  server.RaftServerConfigKeys (ConfUtils.java:logGet(46)) - raft.server.log.appender.buffer.element-limit = 1024 (custom)
2024-02-27 07:47:35,976 [omNode-1@group-523986131536-LeaderElection41] INFO  server.RaftServerConfigKeys (ConfUtils.java:logGet(46)) - raft.server.log.appender.wait-time.min = 0ms (custom)
2024-02-27 07:47:35,976 [omNode-1@group-523986131536-LeaderElection41] INFO  grpc.GrpcConfigKeys (ConfUtils.java:logGet(46)) - raft.grpc.server.leader.outstanding.appends.max = 8 (default)
2024-02-27 07:47:35,976 [omNode-1@group-523986131536-LeaderElection41] INFO  server.RaftServerConfigKeys (ConfUtils.java:logGet(46)) - raft.server.rpc.request.timeout = 3000ms (default)
2024-02-27 07:47:35,976 [omNode-1@group-523986131536-LeaderElection41] INFO  grpc.GrpcConfigKeys (ConfUtils.java:logGet(46)) - raft.grpc.server.install_snapshot.request.element-limit = 8 (default)
2024-02-27 07:47:35,976 [omNode-1@group-523986131536-LeaderElection41] INFO  grpc.GrpcConfigKeys (ConfUtils.java:logGet(46)) - raft.grpc.server.install_snapshot.request.timeout = 3000ms (default)
2024-02-27 07:47:35,976 [omNode-1@group-523986131536-LeaderElection41] INFO  grpc.GrpcConfigKeys (ConfUtils.java:logGet(46)) - raft.grpc.server.log-message.batch.duration = 5s (default)
2024-02-27 07:47:35,976 [omNode-1@group-523986131536-LeaderElection41] INFO  server.RaftServerConfigKeys (ConfUtils.java:logGet(46)) - raft.server.log.appender.install.snapshot.enabled = false (custom)
2024-02-27 07:47:35,976 [omNode-1@group-523986131536-LeaderElection41] INFO  grpc.GrpcConfigKeys (ConfUtils.java:logGet(46)) - raft.grpc.server.heartbeat.channel = true (default)
2024-02-27 07:47:35,976 [omNode-1@group-523986131536-LeaderElection41] INFO  server.RaftServerConfigKeys (ConfUtils.java:logGet(46)) - raft.server.log.appender.snapshot.chunk.size.max = 16MB (=16777216) (default)
2024-02-27 07:47:35,977 [omNode-1@group-523986131536-LeaderElection41] INFO  server.RaftServerConfigKeys (ConfUtils.java:logGet(46)) - raft.server.log.appender.buffer.byte-limit = 4194304 (custom)
2024-02-27 07:47:35,977 [omNode-1@group-523986131536-LeaderElection41] INFO  server.RaftServerConfigKeys (ConfUtils.java:logGet(46)) - raft.server.log.appender.buffer.element-limit = 1024 (custom)
2024-02-27 07:47:35,977 [omNode-1@group-523986131536-LeaderElection41] INFO  server.RaftServerConfigKeys (ConfUtils.java:logGet(46)) - raft.server.log.appender.wait-time.min = 0ms (custom)
2024-02-27 07:47:35,977 [omNode-1@group-523986131536-LeaderElection41] INFO  grpc.GrpcConfigKeys (ConfUtils.java:logGet(46)) - raft.grpc.server.leader.outstanding.appends.max = 8 (default)
2024-02-27 07:47:35,977 [omNode-1@group-523986131536-LeaderElection41] INFO  server.RaftServerConfigKeys (ConfUtils.java:logGet(46)) - raft.server.rpc.request.timeout = 3000ms (default)
2024-02-27 07:47:35,977 [omNode-1@group-523986131536-LeaderElection41] INFO  grpc.GrpcConfigKeys (ConfUtils.java:logGet(46)) - raft.grpc.server.install_snapshot.request.element-limit = 8 (default)
2024-02-27 07:47:35,977 [omNode-1@group-523986131536-LeaderElection41] INFO  grpc.GrpcConfigKeys (ConfUtils.java:logGet(46)) - raft.grpc.server.install_snapshot.request.timeout = 3000ms (default)
2024-02-27 07:47:35,977 [omNode-1@group-523986131536-LeaderElection41] INFO  grpc.GrpcConfigKeys (ConfUtils.java:logGet(46)) - raft.grpc.server.log-message.batch.duration = 5s (default)
2024-02-27 07:47:35,978 [omNode-1@group-523986131536-LeaderElection41] INFO  server.RaftServerConfigKeys (ConfUtils.java:logGet(46)) - raft.server.log.appender.install.snapshot.enabled = false (custom)
2024-02-27 07:47:35,978 [omNode-1@group-523986131536-LeaderElection41] INFO  grpc.GrpcConfigKeys (ConfUtils.java:logGet(46)) - raft.grpc.server.heartbeat.channel = true (default)
2024-02-27 07:47:35,978 [omNode-1@group-523986131536-LeaderElection41] INFO  impl.RoleInfo (RoleInfo.java:updateAndGet(139)) - omNode-1: start omNode-1@group-523986131536-LeaderStateImpl
2024-02-27 07:47:35,978 [omNode-1@group-523986131536-LeaderElection41] INFO  server.RaftServer$Division (RaftServerImpl.java:setFirstElection(574)) - omNode-1@group-523986131536: set firstElectionSinceStartup to false for becomeLeader
2024-02-27 07:47:35,978 [omNode-1@group-523986131536-LeaderElection41] INFO  server.RaftServer$Division (ServerState.java:setLeader(269)) - omNode-1@group-523986131536: change Leader from null to omNode-1 at term 1 for becomeLeader, leader elected after 1269ms
2024-02-27 07:47:35,978 [omNode-1@group-523986131536-LeaderElection41] INFO  segmented.SegmentedRaftLogWorker (SegmentedRaftLogWorker.java:startLogSegment(430)) - omNode-1@group-523986131536-SegmentedRaftLogWorker: Starting segment from index:0
2024-02-27 07:47:35,980 [omNode-1@group-523986131536-LeaderElection41] INFO  server.RaftServer$Division (ServerState.java:setRaftConf(386)) - omNode-1@group-523986131536: set configuration 0: peers:[omNode-3|localhost:15187, omNode-1|localhost:15179, omNode-2|localhost:15183]|listeners:[], old=null
2024-02-27 07:47:35,980 [omNode-1@group-523986131536-SegmentedRaftLogWorker] INFO  segmented.BufferedWriteChannel (BufferedWriteChannel.java:open(62)) - open log_inprogress_0 at position 0
2024-02-27 07:47:35,987 [omNode-2-server-thread1] INFO  server.RaftServer$Division (ServerState.java:setLeader(269)) - omNode-2@group-523986131536: change Leader from null to omNode-1 at term 1 for appendEntries, leader elected after 845ms
2024-02-27 07:47:35,993 [omNode-1@group-523986131536-SegmentedRaftLogWorker] INFO  segmented.SegmentedRaftLogWorker (SegmentedRaftLogWorker.java:execute(634)) - omNode-1@group-523986131536-SegmentedRaftLogWorker: created new log segment /home/runner/work/ozone/ozone/hadoop-ozone/integration-test/target/test-dir/MiniOzoneClusterImpl-faebf4ee-6c4b-485b-8d19-aa685ee0d5ee/omNode-1/ratis/c9bc4cf4-3bc3-3c60-a66b-523986131536/current/log_inprogress_0
2024-02-27 07:47:35,993 [omNode-2-server-thread2] INFO  server.RaftServer$Division (ServerState.java:setRaftConf(386)) - omNode-2@group-523986131536: set configuration 0: peers:[omNode-3|localhost:15187, omNode-1|localhost:15179, omNode-2|localhost:15183]|listeners:[], old=null
2024-02-27 07:47:35,994 [omNode-2-server-thread2] INFO  segmented.SegmentedRaftLogWorker (SegmentedRaftLogWorker.java:startLogSegment(430)) - omNode-2@group-523986131536-SegmentedRaftLogWorker: Starting segment from index:0
2024-02-27 07:47:35,995 [omNode-2@group-523986131536-SegmentedRaftLogWorker] INFO  segmented.BufferedWriteChannel (BufferedWriteChannel.java:open(62)) - open log_inprogress_0 at position 0
2024-02-27 07:47:35,995 [omNode-3-server-thread1] INFO  server.RaftServer$Division (ServerState.java:setLeader(269)) - omNode-3@group-523986131536: change Leader from null to omNode-1 at term 1 for appendEntries, leader elected after 417ms
2024-02-27 07:47:35,996 [omNode-3-server-thread1] INFO  server.RaftServer$Division (ServerState.java:setRaftConf(386)) - omNode-3@group-523986131536: set configuration 0: peers:[omNode-3|localhost:15187, omNode-1|localhost:15179, omNode-2|localhost:15183]|listeners:[], old=null
2024-02-27 07:47:35,996 [omNode-3-server-thread1] INFO  segmented.SegmentedRaftLogWorker (SegmentedRaftLogWorker.java:startLogSegment(430)) - omNode-3@group-523986131536-SegmentedRaftLogWorker: Starting segment from index:0
2024-02-27 07:47:36,002 [omNode-3@group-523986131536-SegmentedRaftLogWorker] INFO  segmented.BufferedWriteChannel (BufferedWriteChannel.java:open(62)) - open log_inprogress_0 at position 0
2024-02-27 07:47:36,010 [omNode-2@group-523986131536-SegmentedRaftLogWorker] INFO  segmented.SegmentedRaftLogWorker (SegmentedRaftLogWorker.java:execute(634)) - omNode-2@group-523986131536-SegmentedRaftLogWorker: created new log segment /home/runner/work/ozone/ozone/hadoop-ozone/integration-test/target/test-dir/MiniOzoneClusterImpl-faebf4ee-6c4b-485b-8d19-aa685ee0d5ee/omNode-2/ratis/c9bc4cf4-3bc3-3c60-a66b-523986131536/current/log_inprogress_0
2024-02-27 07:47:36,011 [omNode-3@group-523986131536-SegmentedRaftLogWorker] INFO  segmented.SegmentedRaftLogWorker (SegmentedRaftLogWorker.java:execute(634)) - omNode-3@group-523986131536-SegmentedRaftLogWorker: created new log segment /home/runner/work/ozone/ozone/hadoop-ozone/integration-test/target/test-dir/MiniOzoneClusterImpl-faebf4ee-6c4b-485b-8d19-aa685ee0d5ee/omNode-3/ratis/c9bc4cf4-3bc3-3c60-a66b-523986131536/current/log_inprogress_0
2024-02-27 07:47:36,012 [omNode-1@group-523986131536-StateMachineUpdater] INFO  ratis.OzoneManagerStateMachine (OzoneManagerStateMachine.java:notifyConfigurationChanged(200)) - Received Configuration change notification from Ratis. New Peer list:
[id: "omNode-3"
address: "localhost:15187"
startupRole: FOLLOWER
, id: "omNode-1"
address: "localhost:15179"
startupRole: FOLLOWER
, id: "omNode-2"
address: "localhost:15183"
startupRole: FOLLOWER
]
2024-02-27 07:47:36,012 [omNode-1@group-523986131536-StateMachineUpdater] INFO  server.RaftServer$Division (LeaderStateImpl.java:isApplied(320)) - leader is ready since appliedIndex == 0 >= startIndex == 0
2024-02-27 07:47:36,016 [main] INFO  upgrade.AbstractLayoutVersionManager (AbstractLayoutVersionManager.java:init(83)) - Initializing Layout version manager with metadata layout = HADOOP_PRC_PORTS_IN_DATANODEDETAILS (version = 7), software layout = HADOOP_PRC_PORTS_IN_DATANODEDETAILS (version = 7)
2024-02-27 07:47:36,020 [main] INFO  statemachine.DatanodeStateMachine (DatanodeStateMachine.java:getEndPointTaskThreadPoolSize(299)) - Datanode State Machine Task Thread Pool size 2
2024-02-27 07:47:36,021 [main] INFO  volume.HddsVolume (HddsVolume.java:<init>(125)) - Creating HddsVolume: /home/runner/work/ozone/ozone/hadoop-ozone/integration-test/target/test-dir/MiniOzoneClusterImpl-faebf4ee-6c4b-485b-8d19-aa685ee0d5ee/ozone-meta/datanode-2/data-0/hdds of storage type : DISK capacity : 9223372036854775807
2024-02-27 07:47:36,021 [main] INFO  volume.MutableVolumeSet (MutableVolumeSet.java:initializeVolumeSet(173)) - Added Volume : /home/runner/work/ozone/ozone/hadoop-ozone/integration-test/target/test-dir/MiniOzoneClusterImpl-faebf4ee-6c4b-485b-8d19-aa685ee0d5ee/ozone-meta/datanode-2/data-0/hdds to VolumeSet
2024-02-27 07:47:36,022 [main] INFO  volume.MutableVolumeSet (MutableVolumeSet.java:initializeVolumeSet(173)) - Added Volume : /home/runner/work/ozone/ozone/hadoop-ozone/integration-test/target/test-dir/MiniOzoneClusterImpl-faebf4ee-6c4b-485b-8d19-aa685ee0d5ee/ozone-meta/datanode-2/ratis to VolumeSet
2024-02-27 07:47:36,022 [main] INFO  ozoneimpl.OzoneContainer (HddsVolumeUtil.java:loadAllHddsVolumeDbStore(103)) - Load 1 volumes DbStore cost: 0ms
2024-02-27 07:47:36,026 [main] INFO  server.RaftServer (ConfUtils.java:logGet(46)) - raft.rpc.type = GRPC (default)
2024-02-27 07:47:36,026 [main] INFO  grpc.GrpcConfigKeys (ConfUtils.java:logFallback(53)) - raft.grpc.admin.host = null (fallback to raft.grpc.server.host)
2024-02-27 07:47:36,026 [main] INFO  grpc.GrpcConfigKeys (ConfUtils.java:logGet(46)) - raft.grpc.admin.port = 15202 (custom)
2024-02-27 07:47:36,027 [main] INFO  grpc.GrpcConfigKeys (ConfUtils.java:logFallback(53)) - raft.grpc.client.host = null (fallback to raft.grpc.server.host)
2024-02-27 07:47:36,027 [main] INFO  grpc.GrpcConfigKeys (ConfUtils.java:logGet(46)) - raft.grpc.client.port = 15201 (custom)
2024-02-27 07:47:36,027 [main] INFO  grpc.GrpcConfigKeys (ConfUtils.java:logGet(46)) - raft.grpc.server.host = null (default)
2024-02-27 07:47:36,027 [main] INFO  grpc.GrpcConfigKeys (ConfUtils.java:logGet(46)) - raft.grpc.server.port = 15203 (custom)
2024-02-27 07:47:36,027 [main] INFO  server.GrpcService (ConfUtils.java:logGet(46)) - raft.grpc.message.size.max = 32MB (=33554432) (custom)
2024-02-27 07:47:36,027 [main] INFO  server.RaftServerConfigKeys (ConfUtils.java:logGet(46)) - raft.server.log.appender.buffer.byte-limit = 8388608 (custom)
2024-02-27 07:47:36,028 [main] INFO  server.GrpcService (ConfUtils.java:logGet(46)) - raft.grpc.flow.control.window = 5MB (=5242880) (custom)
2024-02-27 07:47:36,028 [main] INFO  server.RaftServerConfigKeys (ConfUtils.java:logGet(46)) - raft.server.rpc.request.timeout = 60s (custom)
2024-02-27 07:47:36,028 [main] INFO  grpc.GrpcConfigKeys (ConfUtils.java:logGet(46)) - raft.grpc.server.heartbeat.channel = true (default)
2024-02-27 07:47:36,028 [main] INFO  grpc.GrpcConfigKeys (ConfUtils.java:logGet(46)) - raft.grpc.server.async.request.thread.pool.cached = true (default)
2024-02-27 07:47:36,028 [main] INFO  grpc.GrpcConfigKeys (ConfUtils.java:logGet(46)) - raft.grpc.server.async.request.thread.pool.size = 32 (default)
2024-02-27 07:47:36,031 [main] INFO  impl.DataStreamServerImpl (ConfUtils.java:logGet(46)) - raft.datastream.type = NETTY (custom)
2024-02-27 07:47:36,031 [main] INFO  server.RaftServerConfigKeys (ConfUtils.java:logGet(46)) - raft.server.data-stream.async.request.thread.pool.cached = false (default)
2024-02-27 07:47:36,031 [main] INFO  server.RaftServerConfigKeys (ConfUtils.java:logGet(46)) - raft.server.data-stream.async.request.thread.pool.size = 20 (custom)
2024-02-27 07:47:36,031 [main] INFO  server.RaftServerConfigKeys (ConfUtils.java:logGet(46)) - raft.server.data-stream.async.write.thread.pool.size = 16 (default)
2024-02-27 07:47:36,031 [main] INFO  netty.NettyConfigKeys$DataStream (ConfUtils.java:logGet(46)) - raft.netty.dataStream.server.channel.inactive.grace-period = 10min (default)
2024-02-27 07:47:36,031 [main] INFO  server.RaftServerConfigKeys (ConfUtils.java:logGet(46)) - raft.server.data-stream.client.pool.size = 10 (default)
2024-02-27 07:47:36,032 [main] INFO  netty.NettyConfigKeys$DataStream (ConfUtils.java:logGet(46)) - raft.netty.dataStream.server.use-epoll = true (default)
2024-02-27 07:47:36,032 [main] INFO  netty.NettyConfigKeys$DataStream (ConfUtils.java:logGet(46)) - raft.netty.dataStream.server.boss-group.size = 0 (default)
2024-02-27 07:47:36,032 [main] INFO  netty.NettyUtils (NettyUtils.java:newEventLoopGroup(69)) - Create EpollEventLoopGroup for b25ec414-9acd-4350-8ffe-2659fbf5f78f-NettyServerStreamRpc-bossGroup; Thread size is 0.
2024-02-27 07:47:36,032 [main] INFO  netty.NettyConfigKeys$DataStream (ConfUtils.java:logGet(46)) - raft.netty.dataStream.server.worker-group.size = 0 (default)
2024-02-27 07:47:36,032 [main] INFO  netty.NettyUtils (NettyUtils.java:newEventLoopGroup(69)) - Create EpollEventLoopGroup for b25ec414-9acd-4350-8ffe-2659fbf5f78f-NettyServerStreamRpc-workerGroup; Thread size is 0.
2024-02-27 07:47:36,033 [main] INFO  netty.NettyConfigKeys$DataStream (ConfUtils.java:logGet(46)) - raft.netty.dataStream.server.tls.conf = null (default)
2024-02-27 07:47:36,033 [main] INFO  netty.NettyConfigKeys$DataStream (ConfUtils.java:logGet(46)) - raft.netty.dataStream.host = null (default)
2024-02-27 07:47:36,033 [main] INFO  netty.NettyConfigKeys$DataStream (ConfUtils.java:logGet(46)) - raft.netty.dataStream.port = 15204 (custom)
2024-02-27 07:47:36,033 [main] INFO  server.RaftServerConfigKeys (ConfUtils.java:logGet(46)) - raft.server.sleep.deviation.threshold = 300ms (default)
2024-02-27 07:47:36,034 [main] INFO  server.RaftServerConfigKeys (ConfUtils.java:logGet(46)) - raft.server.close.threshold = 60s (default)
2024-02-27 07:47:36,034 [b25ec414-9acd-4350-8ffe-2659fbf5f78f-NettyServerStreamRpc-bossGroup--thread1] INFO  logging.LoggingHandler (AbstractInternalLogger.java:log(148)) - [id: 0x14f9e5ab] REGISTERED
2024-02-27 07:47:36,034 [main] INFO  server.RaftServerConfigKeys (ConfUtils.java:logGet(46)) - raft.server.leaderelection.leader.step-down.wait-time = 10s (default)
2024-02-27 07:47:36,034 [b25ec414-9acd-4350-8ffe-2659fbf5f78f-NettyServerStreamRpc-bossGroup--thread1] INFO  logging.LoggingHandler (AbstractInternalLogger.java:log(148)) - [id: 0x14f9e5ab] BIND: 0.0.0.0/0.0.0.0:15204
2024-02-27 07:47:36,034 [main] INFO  server.RaftServerConfigKeys (ConfUtils.java:logGet(46)) - raft.server.storage.dir = [/home/runner/work/ozone/ozone/hadoop-ozone/integration-test/target/test-dir/MiniOzoneClusterImpl-faebf4ee-6c4b-485b-8d19-aa685ee0d5ee/ozone-meta/datanode-2/ratis] (custom)
2024-02-27 07:47:36,034 [main] INFO  server.RaftServerConfigKeys (ConfUtils.java:logGet(46)) - raft.server.threadpool.proxy.cached = true (default)
2024-02-27 07:47:36,035 [main] INFO  server.RaftServerConfigKeys (ConfUtils.java:logGet(46)) - raft.server.threadpool.proxy.size = 0 (default)
2024-02-27 07:47:36,034 [b25ec414-9acd-4350-8ffe-2659fbf5f78f-NettyServerStreamRpc-bossGroup--thread1] INFO  logging.LoggingHandler (AbstractInternalLogger.java:log(148)) - [id: 0x14f9e5ab, L:/0.0.0.0:15204] ACTIVE
2024-02-27 07:47:36,038 [b25ec414-9acd-4350-8ffe-2659fbf5f78f-impl-thread1] INFO  server.RaftServer (RaftServerProxy.java:initGroupDir(264)) - b25ec414-9acd-4350-8ffe-2659fbf5f78f: found a subdirectory /home/runner/work/ozone/ozone/hadoop-ozone/integration-test/target/test-dir/MiniOzoneClusterImpl-faebf4ee-6c4b-485b-8d19-aa685ee0d5ee/ozone-meta/datanode-2/ratis/tmp
2024-02-27 07:47:36,038 [b25ec414-9acd-4350-8ffe-2659fbf5f78f-impl-thread1] INFO  server.RaftServer (RaftServerProxy.java:initGroupDir(269)) - b25ec414-9acd-4350-8ffe-2659fbf5f78f: The directory /home/runner/work/ozone/ozone/hadoop-ozone/integration-test/target/test-dir/MiniOzoneClusterImpl-faebf4ee-6c4b-485b-8d19-aa685ee0d5ee/ozone-meta/datanode-2/ratis/tmp is not a group directory; ignoring it. 
2024-02-27 07:47:36,038 [main] INFO  replication.ReplicationServer (ReplicationServer.java:<init>(86)) - Initializing replication server with thread count = 10 queue length = 4096
2024-02-27 07:47:36,039 [main] INFO  server.XceiverServerGrpc (XceiverServerGrpc.java:<init>(141)) - GrpcServer channel type EpollServerSocketChannel
2024-02-27 07:47:36,040 [main] INFO  replication.ReplicationSupervisor (ReplicationSupervisor.java:build(163)) - Initializing replication supervisor with thread count = 10
2024-02-27 07:47:36,040 [main] INFO  replication.ReplicationSupervisor (ReplicationSupervisor.java:nodeStateUpdated(317)) - Node state updated to IN_SERVICE, scaling executor pool size to 10
2024-02-27 07:47:36,041 [main] INFO  http.BaseHttpServer (BaseHttpServer.java:newHttpServer2BuilderForOzone(223)) - Starting Web-server for hddsDatanode at: http://0.0.0.0:15198
2024-02-27 07:47:36,041 [main] INFO  http.BaseHttpServer (BaseHttpServer.java:<init>(110)) - Hadoop Security Enabled: false Ozone Security Enabled: false Ozone HTTP Security Enabled: false 
2024-02-27 07:47:36,042 [main] WARN  server.AuthenticationFilter (AuthenticationFilter.java:constructSecretProvider(240)) - Unable to initialize FileSignerSecretProvider, falling back to use random secrets. Reason: Could not read signature secret file: /home/runner/hadoop-http-auth-signature-secret
2024-02-27 07:47:36,042 [main] INFO  http.HttpRequestLog (HttpRequestLog.java:getRequestLog(86)) - Http request log for http.requests.hddsDatanode is not defined
2024-02-27 07:47:36,043 [main] INFO  http.HttpServer2 (HttpServer2.java:addGlobalFilter(1036)) - Added global filter 'safety' (class=org.apache.hadoop.hdds.server.http.HttpServer2$QuotingInputFilter)
2024-02-27 07:47:36,043 [main] INFO  http.HttpServer2 (HttpServer2.java:addFilter(1012)) - Added filter static_user_filter (class=org.apache.hadoop.http.lib.StaticUserWebFilter$StaticUserFilter) to context hddsDatanode
2024-02-27 07:47:36,043 [main] INFO  http.HttpServer2 (HttpServer2.java:addFilter(1020)) - Added filter static_user_filter (class=org.apache.hadoop.http.lib.StaticUserWebFilter$StaticUserFilter) to context static
2024-02-27 07:47:36,043 [main] INFO  http.HttpServer2 (HttpServer2.java:addFilter(1020)) - Added filter static_user_filter (class=org.apache.hadoop.http.lib.StaticUserWebFilter$StaticUserFilter) to context logs
2024-02-27 07:47:36,044 [main] INFO  http.BaseHttpServer (BaseHttpServer.java:<init>(189)) - HTTP server of hddsDatanode uses base directory /home/runner/work/ozone/ozone/hadoop-ozone/integration-test/target/test-dir/MiniOzoneClusterImpl-faebf4ee-6c4b-485b-8d19-aa685ee0d5ee/ozone-meta/datanode-2/meta/webserver
2024-02-27 07:47:36,044 [main] INFO  http.HttpServer2 (HttpServer2.java:bindListener(1236)) - Jetty bound to port 15198
2024-02-27 07:47:36,044 [main] INFO  server.Server (Server.java:doStart(375)) - jetty-9.4.53.v20231009; built: 2023-10-09T12:29:09.265Z; git: 27bde00a0b95a1d5bbee0eae7984f891d2d0f8c9; jvm 1.8.0_402-b06
2024-02-27 07:47:36,044 [main] INFO  server.session (DefaultSessionIdManager.java:doStart(334)) - DefaultSessionIdManager workerName=node0
2024-02-27 07:47:36,045 [main] INFO  server.session (DefaultSessionIdManager.java:doStart(339)) - No SessionScavenger set, using defaults
2024-02-27 07:47:36,045 [main] INFO  server.session (HouseKeeper.java:startScavenging(132)) - node0 Scavenging every 600000ms
2024-02-27 07:47:36,045 [main] INFO  handler.ContextHandler (ContextHandler.java:doStart(921)) - Started o.e.j.s.ServletContextHandler@7b4ccec3{logs,/logs,file:///home/runner/work/ozone/ozone/hadoop-ozone/integration-test/target/log,AVAILABLE}
2024-02-27 07:47:36,045 [main] INFO  handler.ContextHandler (ContextHandler.java:doStart(921)) - Started o.e.j.s.ServletContextHandler@fee4396{static,/static,jar:file:/home/runner/.m2/repository/org/apache/ozone/hdds-container-service/1.5.0-SNAPSHOT/hdds-container-service-1.5.0-SNAPSHOT.jar!/webapps/static,AVAILABLE}
2024-02-27 07:47:36,077 [main] INFO  handler.ContextHandler (ContextHandler.java:doStart(921)) - Started o.e.j.w.WebAppContext@2da333d{hddsDatanode,/,file:///home/runner/work/ozone/ozone/hadoop-ozone/integration-test/target/test-dir/MiniOzoneClusterImpl-faebf4ee-6c4b-485b-8d19-aa685ee0d5ee/ozone-meta/datanode-2/meta/webserver/jetty-0_0_0_0-15198-hdds-container-service-1_5_0-SNAPSHOT_jar-_-any-454260777273866190/webapp/,AVAILABLE}{jar:file:/home/runner/.m2/repository/org/apache/ozone/hdds-container-service/1.5.0-SNAPSHOT/hdds-container-service-1.5.0-SNAPSHOT.jar!/webapps/hddsDatanode}
2024-02-27 07:47:36,078 [main] INFO  server.AbstractConnector (AbstractConnector.java:doStart(333)) - Started ServerConnector@35b5c526{HTTP/1.1, (http/1.1)}{0.0.0.0:15198}
2024-02-27 07:47:36,078 [main] INFO  server.Server (Server.java:doStart(415)) - Started @538786ms
2024-02-27 07:47:36,078 [main] WARN  impl.MetricsSystemImpl (MetricsSystemImpl.java:register(279)) - Sink prometheus already exists!
2024-02-27 07:47:36,079 [main] INFO  http.BaseHttpServer (BaseHttpServer.java:updateConnectorAddress(354)) - HTTP server of hddsDatanode listening at http://0.0.0.0:15198
2024-02-27 07:47:36,079 [main] INFO  ipc.CallQueueManager (CallQueueManager.java:<init>(90)) - Using callQueue: class java.util.concurrent.LinkedBlockingQueue, queueCapacity: 100, scheduler: class org.apache.hadoop.ipc.DefaultRpcScheduler, ipcBackoff: false.
2024-02-27 07:47:36,079 [main] INFO  ipc.Server (Server.java:<init>(1287)) - Listener at 0.0.0.0:15199
2024-02-27 07:47:36,079 [Socket Reader #1 for port 15199] INFO  ipc.Server (Server.java:run(1323)) - Starting Socket Reader #1 for port 15199
2024-02-27 07:47:36,081 [main] INFO  ozone.HddsDatanodeService (HddsDatanodeService.java:start(327)) - Datanode start with admins: [*, runner]
2024-02-27 07:47:36,081 [main] INFO  ozone.HddsDatanodeClientProtocolServer (HddsDatanodeClientProtocolServer.java:start(77)) - RPC server for Client /0.0.0.0:15199
2024-02-27 07:47:36,081 [IPC Server Responder] INFO  ipc.Server (Server.java:run(1562)) - IPC Server Responder: starting
2024-02-27 07:47:36,082 [IPC Server listener on 15199] INFO  ipc.Server (Server.java:run(1402)) - IPC Server listener on 15199: starting
2024-02-27 07:47:36,086 [b25ec414-9acd-4350-8ffe-2659fbf5f78f-DatanodeStateMachineDaemonThread] INFO  statemachine.DatanodeStateMachine (DatanodeStateMachine.java:lambda$startDaemon$1(555)) - Ozone container server started.
2024-02-27 07:47:36,086 [main] WARN  dropwizard3.Dm3MetricRegistriesImpl (Dm3MetricRegistriesImpl.java:addReporterRegistration(113)) - New reporters are added after registries were created. Some metrics will be missing from the reporter. Please add reporter before adding any new registry.
2024-02-27 07:47:36,087 [main] WARN  dropwizard3.Dm3MetricRegistriesImpl (Dm3MetricRegistriesImpl.java:addReporterRegistration(113)) - New reporters are added after registries were created. Some metrics will be missing from the reporter. Please add reporter before adding any new registry.
2024-02-27 07:47:36,088 [main] INFO  impl.MetricsSystemImpl (MetricsSystemImpl.java:init(158)) - HddsDatanode metrics system started (again)
2024-02-27 07:47:36,096 [b25ec414-9acd-4350-8ffe-2659fbf5f78f-DatanodeStateMachineTaskThread-0] INFO  datanode.InitDatanodeState (InitDatanodeState.java:persistContainerDatanodeDetails(139)) - DatanodeDetails is persisted to /home/runner/work/ozone/ozone/hadoop-ozone/integration-test/target/test-dir/MiniOzoneClusterImpl-faebf4ee-6c4b-485b-8d19-aa685ee0d5ee/ozone-meta/datanode-2/meta/datanode.id
2024-02-27 07:47:36,097 [main] INFO  ozone.HddsDatanodeService (HddsDatanodeService.java:start(240)) - HddsDatanodeService host:fv-az699-61.gws2011vpwuupmkks00dozwttg.bx.internal.cloudapp.net ip:10.1.0.19
2024-02-27 07:47:36,119 [main] INFO  upgrade.AbstractLayoutVersionManager (AbstractLayoutVersionManager.java:init(83)) - Initializing Layout version manager with metadata layout = HADOOP_PRC_PORTS_IN_DATANODEDETAILS (version = 7), software layout = HADOOP_PRC_PORTS_IN_DATANODEDETAILS (version = 7)
2024-02-27 07:47:36,119 [main] INFO  statemachine.DatanodeStateMachine (DatanodeStateMachine.java:getEndPointTaskThreadPoolSize(299)) - Datanode State Machine Task Thread Pool size 2
2024-02-27 07:47:36,120 [main] INFO  volume.HddsVolume (HddsVolume.java:<init>(125)) - Creating HddsVolume: /home/runner/work/ozone/ozone/hadoop-ozone/integration-test/target/test-dir/MiniOzoneClusterImpl-faebf4ee-6c4b-485b-8d19-aa685ee0d5ee/ozone-meta/datanode-3/data-0/hdds of storage type : DISK capacity : 9223372036854775807
2024-02-27 07:47:36,121 [main] INFO  volume.MutableVolumeSet (MutableVolumeSet.java:initializeVolumeSet(173)) - Added Volume : /home/runner/work/ozone/ozone/hadoop-ozone/integration-test/target/test-dir/MiniOzoneClusterImpl-faebf4ee-6c4b-485b-8d19-aa685ee0d5ee/ozone-meta/datanode-3/data-0/hdds to VolumeSet
2024-02-27 07:47:36,121 [main] INFO  volume.MutableVolumeSet (MutableVolumeSet.java:initializeVolumeSet(173)) - Added Volume : /home/runner/work/ozone/ozone/hadoop-ozone/integration-test/target/test-dir/MiniOzoneClusterImpl-faebf4ee-6c4b-485b-8d19-aa685ee0d5ee/ozone-meta/datanode-3/ratis to VolumeSet
2024-02-27 07:47:36,122 [main] INFO  ozoneimpl.OzoneContainer (HddsVolumeUtil.java:loadAllHddsVolumeDbStore(103)) - Load 1 volumes DbStore cost: 0ms
2024-02-27 07:47:36,123 [main] INFO  server.RaftServer (ConfUtils.java:logGet(46)) - raft.rpc.type = GRPC (default)
2024-02-27 07:47:36,124 [main] INFO  grpc.GrpcConfigKeys (ConfUtils.java:logFallback(53)) - raft.grpc.admin.host = null (fallback to raft.grpc.server.host)
2024-02-27 07:47:36,124 [main] INFO  grpc.GrpcConfigKeys (ConfUtils.java:logGet(46)) - raft.grpc.admin.port = 15211 (custom)
2024-02-27 07:47:36,124 [main] INFO  grpc.GrpcConfigKeys (ConfUtils.java:logFallback(53)) - raft.grpc.client.host = null (fallback to raft.grpc.server.host)
2024-02-27 07:47:36,124 [main] INFO  grpc.GrpcConfigKeys (ConfUtils.java:logGet(46)) - raft.grpc.client.port = 15210 (custom)
2024-02-27 07:47:36,124 [main] INFO  grpc.GrpcConfigKeys (ConfUtils.java:logGet(46)) - raft.grpc.server.host = null (default)
2024-02-27 07:47:36,124 [main] INFO  grpc.GrpcConfigKeys (ConfUtils.java:logGet(46)) - raft.grpc.server.port = 15212 (custom)
2024-02-27 07:47:36,125 [main] INFO  server.GrpcService (ConfUtils.java:logGet(46)) - raft.grpc.message.size.max = 32MB (=33554432) (custom)
2024-02-27 07:47:36,125 [main] INFO  server.RaftServerConfigKeys (ConfUtils.java:logGet(46)) - raft.server.log.appender.buffer.byte-limit = 8388608 (custom)
2024-02-27 07:47:36,125 [main] INFO  server.GrpcService (ConfUtils.java:logGet(46)) - raft.grpc.flow.control.window = 5MB (=5242880) (custom)
2024-02-27 07:47:36,125 [main] INFO  server.RaftServerConfigKeys (ConfUtils.java:logGet(46)) - raft.server.rpc.request.timeout = 60s (custom)
2024-02-27 07:47:36,125 [main] INFO  grpc.GrpcConfigKeys (ConfUtils.java:logGet(46)) - raft.grpc.server.heartbeat.channel = true (default)
2024-02-27 07:47:36,126 [main] INFO  grpc.GrpcConfigKeys (ConfUtils.java:logGet(46)) - raft.grpc.server.async.request.thread.pool.cached = true (default)
2024-02-27 07:47:36,126 [main] INFO  grpc.GrpcConfigKeys (ConfUtils.java:logGet(46)) - raft.grpc.server.async.request.thread.pool.size = 32 (default)
2024-02-27 07:47:36,128 [main] INFO  impl.DataStreamServerImpl (ConfUtils.java:logGet(46)) - raft.datastream.type = NETTY (custom)
2024-02-27 07:47:36,128 [main] INFO  server.RaftServerConfigKeys (ConfUtils.java:logGet(46)) - raft.server.data-stream.async.request.thread.pool.cached = false (default)
2024-02-27 07:47:36,128 [main] INFO  server.RaftServerConfigKeys (ConfUtils.java:logGet(46)) - raft.server.data-stream.async.request.thread.pool.size = 20 (custom)
2024-02-27 07:47:36,128 [main] INFO  server.RaftServerConfigKeys (ConfUtils.java:logGet(46)) - raft.server.data-stream.async.write.thread.pool.size = 16 (default)
2024-02-27 07:47:36,128 [main] INFO  netty.NettyConfigKeys$DataStream (ConfUtils.java:logGet(46)) - raft.netty.dataStream.server.channel.inactive.grace-period = 10min (default)
2024-02-27 07:47:36,128 [main] INFO  server.RaftServerConfigKeys (ConfUtils.java:logGet(46)) - raft.server.data-stream.client.pool.size = 10 (default)
2024-02-27 07:47:36,129 [main] INFO  netty.NettyConfigKeys$DataStream (ConfUtils.java:logGet(46)) - raft.netty.dataStream.server.use-epoll = true (default)
2024-02-27 07:47:36,129 [main] INFO  netty.NettyConfigKeys$DataStream (ConfUtils.java:logGet(46)) - raft.netty.dataStream.server.boss-group.size = 0 (default)
2024-02-27 07:47:36,129 [main] INFO  netty.NettyUtils (NettyUtils.java:newEventLoopGroup(69)) - Create EpollEventLoopGroup for 2b7fc6a0-bf04-48ac-bcd5-1387629fb818-NettyServerStreamRpc-bossGroup; Thread size is 0.
2024-02-27 07:47:36,129 [main] INFO  netty.NettyConfigKeys$DataStream (ConfUtils.java:logGet(46)) - raft.netty.dataStream.server.worker-group.size = 0 (default)
2024-02-27 07:47:36,129 [main] INFO  netty.NettyUtils (NettyUtils.java:newEventLoopGroup(69)) - Create EpollEventLoopGroup for 2b7fc6a0-bf04-48ac-bcd5-1387629fb818-NettyServerStreamRpc-workerGroup; Thread size is 0.
2024-02-27 07:47:36,129 [main] INFO  netty.NettyConfigKeys$DataStream (ConfUtils.java:logGet(46)) - raft.netty.dataStream.server.tls.conf = null (default)
2024-02-27 07:47:36,129 [main] INFO  netty.NettyConfigKeys$DataStream (ConfUtils.java:logGet(46)) - raft.netty.dataStream.host = null (default)
2024-02-27 07:47:36,130 [main] INFO  netty.NettyConfigKeys$DataStream (ConfUtils.java:logGet(46)) - raft.netty.dataStream.port = 15213 (custom)
2024-02-27 07:47:36,130 [main] INFO  server.RaftServerConfigKeys (ConfUtils.java:logGet(46)) - raft.server.sleep.deviation.threshold = 300ms (default)
2024-02-27 07:47:36,130 [main] INFO  server.RaftServerConfigKeys (ConfUtils.java:logGet(46)) - raft.server.close.threshold = 60s (default)
2024-02-27 07:47:36,130 [2b7fc6a0-bf04-48ac-bcd5-1387629fb818-NettyServerStreamRpc-bossGroup--thread1] INFO  logging.LoggingHandler (AbstractInternalLogger.java:log(148)) - [id: 0x681f325f] REGISTERED
2024-02-27 07:47:36,130 [main] INFO  server.RaftServerConfigKeys (ConfUtils.java:logGet(46)) - raft.server.leaderelection.leader.step-down.wait-time = 10s (default)
2024-02-27 07:47:36,130 [2b7fc6a0-bf04-48ac-bcd5-1387629fb818-NettyServerStreamRpc-bossGroup--thread1] INFO  logging.LoggingHandler (AbstractInternalLogger.java:log(148)) - [id: 0x681f325f] BIND: 0.0.0.0/0.0.0.0:15213
2024-02-27 07:47:36,130 [main] INFO  server.RaftServerConfigKeys (ConfUtils.java:logGet(46)) - raft.server.storage.dir = [/home/runner/work/ozone/ozone/hadoop-ozone/integration-test/target/test-dir/MiniOzoneClusterImpl-faebf4ee-6c4b-485b-8d19-aa685ee0d5ee/ozone-meta/datanode-3/ratis] (custom)
2024-02-27 07:47:36,131 [2b7fc6a0-bf04-48ac-bcd5-1387629fb818-NettyServerStreamRpc-bossGroup--thread1] INFO  logging.LoggingHandler (AbstractInternalLogger.java:log(148)) - [id: 0x681f325f, L:/0.0.0.0:15213] ACTIVE
2024-02-27 07:47:36,131 [main] INFO  server.RaftServerConfigKeys (ConfUtils.java:logGet(46)) - raft.server.threadpool.proxy.cached = true (default)
2024-02-27 07:47:36,131 [main] INFO  server.RaftServerConfigKeys (ConfUtils.java:logGet(46)) - raft.server.threadpool.proxy.size = 0 (default)
2024-02-27 07:47:36,131 [2b7fc6a0-bf04-48ac-bcd5-1387629fb818-impl-thread1] INFO  server.RaftServer (RaftServerProxy.java:initGroupDir(264)) - 2b7fc6a0-bf04-48ac-bcd5-1387629fb818: found a subdirectory /home/runner/work/ozone/ozone/hadoop-ozone/integration-test/target/test-dir/MiniOzoneClusterImpl-faebf4ee-6c4b-485b-8d19-aa685ee0d5ee/ozone-meta/datanode-3/ratis/tmp
2024-02-27 07:47:36,131 [2b7fc6a0-bf04-48ac-bcd5-1387629fb818-impl-thread1] INFO  server.RaftServer (RaftServerProxy.java:initGroupDir(269)) - 2b7fc6a0-bf04-48ac-bcd5-1387629fb818: The directory /home/runner/work/ozone/ozone/hadoop-ozone/integration-test/target/test-dir/MiniOzoneClusterImpl-faebf4ee-6c4b-485b-8d19-aa685ee0d5ee/ozone-meta/datanode-3/ratis/tmp is not a group directory; ignoring it. 
2024-02-27 07:47:36,131 [main] INFO  replication.ReplicationServer (ReplicationServer.java:<init>(86)) - Initializing replication server with thread count = 10 queue length = 4096
2024-02-27 07:47:36,132 [main] INFO  server.XceiverServerGrpc (XceiverServerGrpc.java:<init>(141)) - GrpcServer channel type EpollServerSocketChannel
2024-02-27 07:47:36,133 [main] INFO  replication.ReplicationSupervisor (ReplicationSupervisor.java:build(163)) - Initializing replication supervisor with thread count = 10
2024-02-27 07:47:36,133 [main] INFO  replication.ReplicationSupervisor (ReplicationSupervisor.java:nodeStateUpdated(317)) - Node state updated to IN_SERVICE, scaling executor pool size to 10
2024-02-27 07:47:36,135 [main] INFO  http.BaseHttpServer (BaseHttpServer.java:newHttpServer2BuilderForOzone(223)) - Starting Web-server for hddsDatanode at: http://0.0.0.0:15207
2024-02-27 07:47:36,135 [main] INFO  http.BaseHttpServer (BaseHttpServer.java:<init>(110)) - Hadoop Security Enabled: false Ozone Security Enabled: false Ozone HTTP Security Enabled: false 
2024-02-27 07:47:36,136 [main] WARN  server.AuthenticationFilter (AuthenticationFilter.java:constructSecretProvider(240)) - Unable to initialize FileSignerSecretProvider, falling back to use random secrets. Reason: Could not read signature secret file: /home/runner/hadoop-http-auth-signature-secret
2024-02-27 07:47:36,137 [main] INFO  http.HttpRequestLog (HttpRequestLog.java:getRequestLog(86)) - Http request log for http.requests.hddsDatanode is not defined
2024-02-27 07:47:36,137 [main] INFO  http.HttpServer2 (HttpServer2.java:addGlobalFilter(1036)) - Added global filter 'safety' (class=org.apache.hadoop.hdds.server.http.HttpServer2$QuotingInputFilter)
2024-02-27 07:47:36,138 [main] INFO  http.HttpServer2 (HttpServer2.java:addFilter(1012)) - Added filter static_user_filter (class=org.apache.hadoop.http.lib.StaticUserWebFilter$StaticUserFilter) to context hddsDatanode
2024-02-27 07:47:36,138 [main] INFO  http.HttpServer2 (HttpServer2.java:addFilter(1020)) - Added filter static_user_filter (class=org.apache.hadoop.http.lib.StaticUserWebFilter$StaticUserFilter) to context logs
2024-02-27 07:47:36,138 [main] INFO  http.HttpServer2 (HttpServer2.java:addFilter(1020)) - Added filter static_user_filter (class=org.apache.hadoop.http.lib.StaticUserWebFilter$StaticUserFilter) to context static
2024-02-27 07:47:36,139 [main] INFO  http.BaseHttpServer (BaseHttpServer.java:<init>(189)) - HTTP server of hddsDatanode uses base directory /home/runner/work/ozone/ozone/hadoop-ozone/integration-test/target/test-dir/MiniOzoneClusterImpl-faebf4ee-6c4b-485b-8d19-aa685ee0d5ee/ozone-meta/datanode-3/meta/webserver
2024-02-27 07:47:36,139 [main] INFO  http.HttpServer2 (HttpServer2.java:bindListener(1236)) - Jetty bound to port 15207
2024-02-27 07:47:36,139 [main] INFO  server.Server (Server.java:doStart(375)) - jetty-9.4.53.v20231009; built: 2023-10-09T12:29:09.265Z; git: 27bde00a0b95a1d5bbee0eae7984f891d2d0f8c9; jvm 1.8.0_402-b06
2024-02-27 07:47:36,140 [main] INFO  server.session (DefaultSessionIdManager.java:doStart(334)) - DefaultSessionIdManager workerName=node0
2024-02-27 07:47:36,140 [main] INFO  server.session (DefaultSessionIdManager.java:doStart(339)) - No SessionScavenger set, using defaults
2024-02-27 07:47:36,140 [main] INFO  server.session (HouseKeeper.java:startScavenging(132)) - node0 Scavenging every 660000ms
2024-02-27 07:47:36,141 [main] INFO  handler.ContextHandler (ContextHandler.java:doStart(921)) - Started o.e.j.s.ServletContextHandler@6f3c5b9e{logs,/logs,file:///home/runner/work/ozone/ozone/hadoop-ozone/integration-test/target/log,AVAILABLE}
2024-02-27 07:47:36,141 [main] INFO  handler.ContextHandler (ContextHandler.java:doStart(921)) - Started o.e.j.s.ServletContextHandler@156365bc{static,/static,jar:file:/home/runner/.m2/repository/org/apache/ozone/hdds-container-service/1.5.0-SNAPSHOT/hdds-container-service-1.5.0-SNAPSHOT.jar!/webapps/static,AVAILABLE}
2024-02-27 07:47:36,172 [main] INFO  handler.ContextHandler (ContextHandler.java:doStart(921)) - Started o.e.j.w.WebAppContext@2667c953{hddsDatanode,/,file:///home/runner/work/ozone/ozone/hadoop-ozone/integration-test/target/test-dir/MiniOzoneClusterImpl-faebf4ee-6c4b-485b-8d19-aa685ee0d5ee/ozone-meta/datanode-3/meta/webserver/jetty-0_0_0_0-15207-hdds-container-service-1_5_0-SNAPSHOT_jar-_-any-8199583229542491429/webapp/,AVAILABLE}{jar:file:/home/runner/.m2/repository/org/apache/ozone/hdds-container-service/1.5.0-SNAPSHOT/hdds-container-service-1.5.0-SNAPSHOT.jar!/webapps/hddsDatanode}
2024-02-27 07:47:36,172 [main] INFO  server.AbstractConnector (AbstractConnector.java:doStart(333)) - Started ServerConnector@28d912ee{HTTP/1.1, (http/1.1)}{0.0.0.0:15207}
2024-02-27 07:47:36,173 [main] INFO  server.Server (Server.java:doStart(415)) - Started @538881ms
2024-02-27 07:47:36,173 [main] WARN  impl.MetricsSystemImpl (MetricsSystemImpl.java:register(279)) - Sink prometheus already exists!
2024-02-27 07:47:36,173 [main] INFO  http.BaseHttpServer (BaseHttpServer.java:updateConnectorAddress(354)) - HTTP server of hddsDatanode listening at http://0.0.0.0:15207
2024-02-27 07:47:36,173 [main] INFO  ipc.CallQueueManager (CallQueueManager.java:<init>(90)) - Using callQueue: class java.util.concurrent.LinkedBlockingQueue, queueCapacity: 100, scheduler: class org.apache.hadoop.ipc.DefaultRpcScheduler, ipcBackoff: false.
2024-02-27 07:47:36,174 [main] INFO  ipc.Server (Server.java:<init>(1287)) - Listener at 0.0.0.0:15208
2024-02-27 07:47:36,174 [Socket Reader #1 for port 15208] INFO  ipc.Server (Server.java:run(1323)) - Starting Socket Reader #1 for port 15208
2024-02-27 07:47:36,176 [main] INFO  ozone.HddsDatanodeService (HddsDatanodeService.java:start(327)) - Datanode start with admins: [*, runner]
2024-02-27 07:47:36,176 [main] INFO  ozone.HddsDatanodeClientProtocolServer (HddsDatanodeClientProtocolServer.java:start(77)) - RPC server for Client /0.0.0.0:15208
2024-02-27 07:47:36,176 [IPC Server Responder] INFO  ipc.Server (Server.java:run(1562)) - IPC Server Responder: starting
2024-02-27 07:47:36,177 [IPC Server listener on 15208] INFO  ipc.Server (Server.java:run(1402)) - IPC Server listener on 15208: starting
2024-02-27 07:47:36,178 [2b7fc6a0-bf04-48ac-bcd5-1387629fb818-DatanodeStateMachineDaemonThread] INFO  statemachine.DatanodeStateMachine (DatanodeStateMachine.java:lambda$startDaemon$1(555)) - Ozone container server started.
2024-02-27 07:47:36,178 [main] INFO  ozone.MiniOzoneClusterImpl (MiniOzoneClusterImpl.java:lambda$waitForClusterToBeReady$0(195)) - Waiting for nodes to be ready. Got 0 of 3 DN Heartbeats.
2024-02-27 07:47:36,178 [main] INFO  ozone.MiniOzoneClusterImpl (MiniOzoneClusterImpl.java:lambda$waitForClusterToBeReady$0(198)) - Waiting for cluster to exit safe mode
2024-02-27 07:47:36,178 [main] INFO  ozone.MiniOzoneClusterImpl (MiniOzoneClusterImpl.java:lambda$waitForClusterToBeReady$0(200)) - SCM became leader
2024-02-27 07:47:36,182 [2b7fc6a0-bf04-48ac-bcd5-1387629fb818-DatanodeStateMachineTaskThread-0] INFO  datanode.InitDatanodeState (InitDatanodeState.java:persistContainerDatanodeDetails(139)) - DatanodeDetails is persisted to /home/runner/work/ozone/ozone/hadoop-ozone/integration-test/target/test-dir/MiniOzoneClusterImpl-faebf4ee-6c4b-485b-8d19-aa685ee0d5ee/ozone-meta/datanode-3/meta/datanode.id
2024-02-27 07:47:36,516 [omNode-3@group-523986131536-StateMachineUpdater] INFO  ratis.OzoneManagerStateMachine (OzoneManagerStateMachine.java:notifyConfigurationChanged(200)) - Received Configuration change notification from Ratis. New Peer list:
[id: "omNode-3"
address: "localhost:15187"
startupRole: FOLLOWER
, id: "omNode-1"
address: "localhost:15179"
startupRole: FOLLOWER
, id: "omNode-2"
address: "localhost:15183"
startupRole: FOLLOWER
]
2024-02-27 07:47:36,516 [omNode-2@group-523986131536-StateMachineUpdater] INFO  ratis.OzoneManagerStateMachine (OzoneManagerStateMachine.java:notifyConfigurationChanged(200)) - Received Configuration change notification from Ratis. New Peer list:
[id: "omNode-3"
address: "localhost:15187"
startupRole: FOLLOWER
, id: "omNode-1"
address: "localhost:15179"
startupRole: FOLLOWER
, id: "omNode-2"
address: "localhost:15183"
startupRole: FOLLOWER
]
2024-02-27 07:47:37,179 [main] INFO  ozone.MiniOzoneClusterImpl (MiniOzoneClusterImpl.java:lambda$waitForClusterToBeReady$0(195)) - Waiting for nodes to be ready. Got 0 of 3 DN Heartbeats.
2024-02-27 07:47:37,179 [main] INFO  ozone.MiniOzoneClusterImpl (MiniOzoneClusterImpl.java:lambda$waitForClusterToBeReady$0(198)) - Waiting for cluster to exit safe mode
2024-02-27 07:47:37,179 [main] INFO  ozone.MiniOzoneClusterImpl (MiniOzoneClusterImpl.java:lambda$waitForClusterToBeReady$0(200)) - SCM became leader
2024-02-27 07:47:37,980 [0b055c95-c6cb-4c32-92a9-22069dc0a51e-EndpointStateMachineTaskThread-/0.0.0.0:15174-0 ] INFO  utils.DatanodeStoreCache (DatanodeStoreCache.java:addDB(72)) - Added db /home/runner/work/ozone/ozone/hadoop-ozone/integration-test/target/test-dir/MiniOzoneClusterImpl-faebf4ee-6c4b-485b-8d19-aa685ee0d5ee/ozone-meta/datanode-1/data-0/hdds/faebf4ee-6c4b-485b-8d19-aa685ee0d5ee/DS-0eb71a39-a6da-4d16-88b6-7789e5951174/container.db to cache
2024-02-27 07:47:37,980 [0b055c95-c6cb-4c32-92a9-22069dc0a51e-EndpointStateMachineTaskThread-/0.0.0.0:15174-0 ] INFO  volume.HddsVolume (HddsVolume.java:createDbStore(420)) - SchemaV3 db is created and loaded at /home/runner/work/ozone/ozone/hadoop-ozone/integration-test/target/test-dir/MiniOzoneClusterImpl-faebf4ee-6c4b-485b-8d19-aa685ee0d5ee/ozone-meta/datanode-1/data-0/hdds/faebf4ee-6c4b-485b-8d19-aa685ee0d5ee/DS-0eb71a39-a6da-4d16-88b6-7789e5951174/container.db for volume DS-0eb71a39-a6da-4d16-88b6-7789e5951174
2024-02-27 07:47:37,981 [0b055c95-c6cb-4c32-92a9-22069dc0a51e-ContainerReader-0] INFO  ozoneimpl.ContainerReader (ContainerReader.java:readVolume(148)) - Start to verify containers on volume /home/runner/work/ozone/ozone/hadoop-ozone/integration-test/target/test-dir/MiniOzoneClusterImpl-faebf4ee-6c4b-485b-8d19-aa685ee0d5ee/ozone-meta/datanode-1/data-0/hdds
2024-02-27 07:47:37,981 [0b055c95-c6cb-4c32-92a9-22069dc0a51e-ContainerReader-0] INFO  ozoneimpl.ContainerReader (ContainerReader.java:readVolume(178)) - Finish verifying containers on volume /home/runner/work/ozone/ozone/hadoop-ozone/integration-test/target/test-dir/MiniOzoneClusterImpl-faebf4ee-6c4b-485b-8d19-aa685ee0d5ee/ozone-meta/datanode-1/data-0/hdds
2024-02-27 07:47:37,981 [0b055c95-c6cb-4c32-92a9-22069dc0a51e-EndpointStateMachineTaskThread-/0.0.0.0:15174-0 ] INFO  ozoneimpl.OzoneContainer (OzoneContainer.java:buildContainerSet(328)) - Build ContainerSet costs 0s
2024-02-27 07:47:37,982 [0b055c95-c6cb-4c32-92a9-22069dc0a51e-EndpointStateMachineTaskThread-/0.0.0.0:15174-0 ] INFO  volume.ThrottledAsyncChecker (ThrottledAsyncChecker.java:schedule(141)) - Scheduling a check for /home/runner/work/ozone/ozone/hadoop-ozone/integration-test/target/test-dir/MiniOzoneClusterImpl-faebf4ee-6c4b-485b-8d19-aa685ee0d5ee/ozone-meta/datanode-1/data-0/hdds
2024-02-27 07:47:37,982 [0b055c95-c6cb-4c32-92a9-22069dc0a51e-EndpointStateMachineTaskThread-/0.0.0.0:15174-0 ] INFO  volume.StorageVolumeChecker (StorageVolumeChecker.java:checkAllVolumes(218)) - Scheduled health check for volume /home/runner/work/ozone/ozone/hadoop-ozone/integration-test/target/test-dir/MiniOzoneClusterImpl-faebf4ee-6c4b-485b-8d19-aa685ee0d5ee/ozone-meta/datanode-1/data-0/hdds
2024-02-27 07:47:37,984 [0b055c95-c6cb-4c32-92a9-22069dc0a51e-EndpointStateMachineTaskThread-/0.0.0.0:15174-0 ] INFO  volume.ThrottledAsyncChecker (ThrottledAsyncChecker.java:schedule(141)) - Scheduling a check for /home/runner/work/ozone/ozone/hadoop-ozone/integration-test/target/test-dir/MiniOzoneClusterImpl-faebf4ee-6c4b-485b-8d19-aa685ee0d5ee/ozone-meta/datanode-1/ratis
2024-02-27 07:47:37,984 [0b055c95-c6cb-4c32-92a9-22069dc0a51e-EndpointStateMachineTaskThread-/0.0.0.0:15174-0 ] INFO  volume.StorageVolumeChecker (StorageVolumeChecker.java:checkAllVolumes(218)) - Scheduled health check for volume /home/runner/work/ozone/ozone/hadoop-ozone/integration-test/target/test-dir/MiniOzoneClusterImpl-faebf4ee-6c4b-485b-8d19-aa685ee0d5ee/ozone-meta/datanode-1/ratis
2024-02-27 07:47:37,985 [0b055c95-c6cb-4c32-92a9-22069dc0a51e-EndpointStateMachineTaskThread-/0.0.0.0:15174-0 ] INFO  ozoneimpl.OzoneContainer (OzoneContainer.java:start(459)) - Attempting to start container services.
2024-02-27 07:47:37,985 [0b055c95-c6cb-4c32-92a9-22069dc0a51e-EndpointStateMachineTaskThread-/0.0.0.0:15174-0 ] INFO  ozoneimpl.OzoneContainer (OzoneContainer.java:startContainerScrub(339)) - Scheduled background container scanners and the on-demand container scanner have been disabled.
2024-02-27 07:47:37,986 [0b055c95-c6cb-4c32-92a9-22069dc0a51e-EndpointStateMachineTaskThread-/0.0.0.0:15174-0 ] INFO  replication.ReplicationServer (ReplicationServer.java:start(140)) - ReplicationServer is started using port 15196
2024-02-27 07:47:37,986 [0b055c95-c6cb-4c32-92a9-22069dc0a51e-EndpointStateMachineTaskThread-/0.0.0.0:15174-0 ] INFO  ratis.XceiverServerRatis (XceiverServerRatis.java:start(566)) - Starting XceiverServerRatis 0b055c95-c6cb-4c32-92a9-22069dc0a51e
2024-02-27 07:47:37,986 [0b055c95-c6cb-4c32-92a9-22069dc0a51e-EndpointStateMachineTaskThread-/0.0.0.0:15174-0 ] INFO  server.RaftServer (RaftServerProxy.java:startImpl(406)) - 0b055c95-c6cb-4c32-92a9-22069dc0a51e: start RPC server
2024-02-27 07:47:37,987 [0b055c95-c6cb-4c32-92a9-22069dc0a51e-EndpointStateMachineTaskThread-/0.0.0.0:15174-0 ] INFO  server.GrpcService (GrpcService.java:startImpl(302)) - 0b055c95-c6cb-4c32-92a9-22069dc0a51e: GrpcService started, listening on 15192
2024-02-27 07:47:37,987 [0b055c95-c6cb-4c32-92a9-22069dc0a51e-EndpointStateMachineTaskThread-/0.0.0.0:15174-0 ] INFO  server.GrpcService (GrpcService.java:startImpl(302)) - 0b055c95-c6cb-4c32-92a9-22069dc0a51e: GrpcService started, listening on 15194
2024-02-27 07:47:37,988 [0b055c95-c6cb-4c32-92a9-22069dc0a51e-EndpointStateMachineTaskThread-/0.0.0.0:15174-0 ] INFO  server.GrpcService (GrpcService.java:startImpl(302)) - 0b055c95-c6cb-4c32-92a9-22069dc0a51e: GrpcService started, listening on 15193
2024-02-27 07:47:37,988 [0b055c95-c6cb-4c32-92a9-22069dc0a51e-EndpointStateMachineTaskThread-/0.0.0.0:15174-0 ] INFO  ratis.XceiverServerRatis (XceiverServerRatis.java:getRealPort(592)) - XceiverServerRatis 0b055c95-c6cb-4c32-92a9-22069dc0a51e is started using port 15192 for RATIS
2024-02-27 07:47:37,988 [JvmPauseMonitor53] INFO  util.JvmPauseMonitor (JvmPauseMonitor.java:run(146)) - JvmPauseMonitor-0b055c95-c6cb-4c32-92a9-22069dc0a51e: Started
2024-02-27 07:47:37,988 [0b055c95-c6cb-4c32-92a9-22069dc0a51e-EndpointStateMachineTaskThread-/0.0.0.0:15174-0 ] INFO  ratis.XceiverServerRatis (XceiverServerRatis.java:getRealPort(592)) - XceiverServerRatis 0b055c95-c6cb-4c32-92a9-22069dc0a51e is started using port 15193 for RATIS_ADMIN
2024-02-27 07:47:37,988 [0b055c95-c6cb-4c32-92a9-22069dc0a51e-EndpointStateMachineTaskThread-/0.0.0.0:15174-0 ] INFO  ratis.XceiverServerRatis (XceiverServerRatis.java:getRealPort(592)) - XceiverServerRatis 0b055c95-c6cb-4c32-92a9-22069dc0a51e is started using port 15194 for RATIS_SERVER
2024-02-27 07:47:37,988 [0b055c95-c6cb-4c32-92a9-22069dc0a51e-EndpointStateMachineTaskThread-/0.0.0.0:15174-0 ] INFO  ratis.XceiverServerRatis (XceiverServerRatis.java:getRealPort(592)) - XceiverServerRatis 0b055c95-c6cb-4c32-92a9-22069dc0a51e is started using port 15195 for RATIS_DATASTREAM
2024-02-27 07:47:37,990 [0b055c95-c6cb-4c32-92a9-22069dc0a51e-BlockDeletingService#0] INFO  interfaces.ContainerDeletionChoosingPolicyTemplate (ContainerDeletionChoosingPolicyTemplate.java:chooseContainerForBlockDeletion(85)) - Chosen 0/5000 blocks from 0 candidate containers.
2024-02-27 07:47:38,114 [b25ec414-9acd-4350-8ffe-2659fbf5f78f-EndpointStateMachineTaskThread-/0.0.0.0:15174-0 ] INFO  utils.DatanodeStoreCache (DatanodeStoreCache.java:addDB(72)) - Added db /home/runner/work/ozone/ozone/hadoop-ozone/integration-test/target/test-dir/MiniOzoneClusterImpl-faebf4ee-6c4b-485b-8d19-aa685ee0d5ee/ozone-meta/datanode-2/data-0/hdds/faebf4ee-6c4b-485b-8d19-aa685ee0d5ee/DS-08827c19-e256-4c65-8242-54854bf32eff/container.db to cache
2024-02-27 07:47:38,114 [b25ec414-9acd-4350-8ffe-2659fbf5f78f-EndpointStateMachineTaskThread-/0.0.0.0:15174-0 ] INFO  volume.HddsVolume (HddsVolume.java:createDbStore(420)) - SchemaV3 db is created and loaded at /home/runner/work/ozone/ozone/hadoop-ozone/integration-test/target/test-dir/MiniOzoneClusterImpl-faebf4ee-6c4b-485b-8d19-aa685ee0d5ee/ozone-meta/datanode-2/data-0/hdds/faebf4ee-6c4b-485b-8d19-aa685ee0d5ee/DS-08827c19-e256-4c65-8242-54854bf32eff/container.db for volume DS-08827c19-e256-4c65-8242-54854bf32eff
2024-02-27 07:47:38,116 [b25ec414-9acd-4350-8ffe-2659fbf5f78f-ContainerReader-0] INFO  ozoneimpl.ContainerReader (ContainerReader.java:readVolume(148)) - Start to verify containers on volume /home/runner/work/ozone/ozone/hadoop-ozone/integration-test/target/test-dir/MiniOzoneClusterImpl-faebf4ee-6c4b-485b-8d19-aa685ee0d5ee/ozone-meta/datanode-2/data-0/hdds
2024-02-27 07:47:38,116 [b25ec414-9acd-4350-8ffe-2659fbf5f78f-ContainerReader-0] INFO  ozoneimpl.ContainerReader (ContainerReader.java:readVolume(178)) - Finish verifying containers on volume /home/runner/work/ozone/ozone/hadoop-ozone/integration-test/target/test-dir/MiniOzoneClusterImpl-faebf4ee-6c4b-485b-8d19-aa685ee0d5ee/ozone-meta/datanode-2/data-0/hdds
2024-02-27 07:47:38,116 [b25ec414-9acd-4350-8ffe-2659fbf5f78f-EndpointStateMachineTaskThread-/0.0.0.0:15174-0 ] INFO  ozoneimpl.OzoneContainer (OzoneContainer.java:buildContainerSet(328)) - Build ContainerSet costs 0s
2024-02-27 07:47:38,116 [b25ec414-9acd-4350-8ffe-2659fbf5f78f-EndpointStateMachineTaskThread-/0.0.0.0:15174-0 ] INFO  volume.ThrottledAsyncChecker (ThrottledAsyncChecker.java:schedule(141)) - Scheduling a check for /home/runner/work/ozone/ozone/hadoop-ozone/integration-test/target/test-dir/MiniOzoneClusterImpl-faebf4ee-6c4b-485b-8d19-aa685ee0d5ee/ozone-meta/datanode-2/data-0/hdds
2024-02-27 07:47:38,116 [b25ec414-9acd-4350-8ffe-2659fbf5f78f-EndpointStateMachineTaskThread-/0.0.0.0:15174-0 ] INFO  volume.StorageVolumeChecker (StorageVolumeChecker.java:checkAllVolumes(218)) - Scheduled health check for volume /home/runner/work/ozone/ozone/hadoop-ozone/integration-test/target/test-dir/MiniOzoneClusterImpl-faebf4ee-6c4b-485b-8d19-aa685ee0d5ee/ozone-meta/datanode-2/data-0/hdds
2024-02-27 07:47:38,118 [b25ec414-9acd-4350-8ffe-2659fbf5f78f-EndpointStateMachineTaskThread-/0.0.0.0:15174-0 ] INFO  volume.ThrottledAsyncChecker (ThrottledAsyncChecker.java:schedule(141)) - Scheduling a check for /home/runner/work/ozone/ozone/hadoop-ozone/integration-test/target/test-dir/MiniOzoneClusterImpl-faebf4ee-6c4b-485b-8d19-aa685ee0d5ee/ozone-meta/datanode-2/ratis
2024-02-27 07:47:38,118 [b25ec414-9acd-4350-8ffe-2659fbf5f78f-EndpointStateMachineTaskThread-/0.0.0.0:15174-0 ] INFO  volume.StorageVolumeChecker (StorageVolumeChecker.java:checkAllVolumes(218)) - Scheduled health check for volume /home/runner/work/ozone/ozone/hadoop-ozone/integration-test/target/test-dir/MiniOzoneClusterImpl-faebf4ee-6c4b-485b-8d19-aa685ee0d5ee/ozone-meta/datanode-2/ratis
2024-02-27 07:47:38,119 [b25ec414-9acd-4350-8ffe-2659fbf5f78f-EndpointStateMachineTaskThread-/0.0.0.0:15174-0 ] INFO  ozoneimpl.OzoneContainer (OzoneContainer.java:start(459)) - Attempting to start container services.
2024-02-27 07:47:38,119 [b25ec414-9acd-4350-8ffe-2659fbf5f78f-EndpointStateMachineTaskThread-/0.0.0.0:15174-0 ] INFO  ozoneimpl.OzoneContainer (OzoneContainer.java:startContainerScrub(339)) - Scheduled background container scanners and the on-demand container scanner have been disabled.
2024-02-27 07:47:38,120 [b25ec414-9acd-4350-8ffe-2659fbf5f78f-EndpointStateMachineTaskThread-/0.0.0.0:15174-0 ] INFO  replication.ReplicationServer (ReplicationServer.java:start(140)) - ReplicationServer is started using port 15205
2024-02-27 07:47:38,120 [b25ec414-9acd-4350-8ffe-2659fbf5f78f-EndpointStateMachineTaskThread-/0.0.0.0:15174-0 ] INFO  ratis.XceiverServerRatis (XceiverServerRatis.java:start(566)) - Starting XceiverServerRatis b25ec414-9acd-4350-8ffe-2659fbf5f78f
2024-02-27 07:47:38,120 [b25ec414-9acd-4350-8ffe-2659fbf5f78f-EndpointStateMachineTaskThread-/0.0.0.0:15174-0 ] INFO  server.RaftServer (RaftServerProxy.java:startImpl(406)) - b25ec414-9acd-4350-8ffe-2659fbf5f78f: start RPC server
2024-02-27 07:47:38,121 [b25ec414-9acd-4350-8ffe-2659fbf5f78f-EndpointStateMachineTaskThread-/0.0.0.0:15174-0 ] INFO  server.GrpcService (GrpcService.java:startImpl(302)) - b25ec414-9acd-4350-8ffe-2659fbf5f78f: GrpcService started, listening on 15201
2024-02-27 07:47:38,122 [b25ec414-9acd-4350-8ffe-2659fbf5f78f-EndpointStateMachineTaskThread-/0.0.0.0:15174-0 ] INFO  server.GrpcService (GrpcService.java:startImpl(302)) - b25ec414-9acd-4350-8ffe-2659fbf5f78f: GrpcService started, listening on 15203
2024-02-27 07:47:38,122 [b25ec414-9acd-4350-8ffe-2659fbf5f78f-EndpointStateMachineTaskThread-/0.0.0.0:15174-0 ] INFO  server.GrpcService (GrpcService.java:startImpl(302)) - b25ec414-9acd-4350-8ffe-2659fbf5f78f: GrpcService started, listening on 15202
2024-02-27 07:47:38,123 [b25ec414-9acd-4350-8ffe-2659fbf5f78f-EndpointStateMachineTaskThread-/0.0.0.0:15174-0 ] INFO  ratis.XceiverServerRatis (XceiverServerRatis.java:getRealPort(592)) - XceiverServerRatis b25ec414-9acd-4350-8ffe-2659fbf5f78f is started using port 15201 for RATIS
2024-02-27 07:47:38,123 [JvmPauseMonitor54] INFO  util.JvmPauseMonitor (JvmPauseMonitor.java:run(146)) - JvmPauseMonitor-b25ec414-9acd-4350-8ffe-2659fbf5f78f: Started
2024-02-27 07:47:38,123 [b25ec414-9acd-4350-8ffe-2659fbf5f78f-EndpointStateMachineTaskThread-/0.0.0.0:15174-0 ] INFO  ratis.XceiverServerRatis (XceiverServerRatis.java:getRealPort(592)) - XceiverServerRatis b25ec414-9acd-4350-8ffe-2659fbf5f78f is started using port 15202 for RATIS_ADMIN
2024-02-27 07:47:38,123 [b25ec414-9acd-4350-8ffe-2659fbf5f78f-EndpointStateMachineTaskThread-/0.0.0.0:15174-0 ] INFO  ratis.XceiverServerRatis (XceiverServerRatis.java:getRealPort(592)) - XceiverServerRatis b25ec414-9acd-4350-8ffe-2659fbf5f78f is started using port 15203 for RATIS_SERVER
2024-02-27 07:47:38,123 [b25ec414-9acd-4350-8ffe-2659fbf5f78f-EndpointStateMachineTaskThread-/0.0.0.0:15174-0 ] INFO  ratis.XceiverServerRatis (XceiverServerRatis.java:getRealPort(592)) - XceiverServerRatis b25ec414-9acd-4350-8ffe-2659fbf5f78f is started using port 15204 for RATIS_DATASTREAM
2024-02-27 07:47:38,125 [b25ec414-9acd-4350-8ffe-2659fbf5f78f-BlockDeletingService#0] INFO  interfaces.ContainerDeletionChoosingPolicyTemplate (ContainerDeletionChoosingPolicyTemplate.java:chooseContainerForBlockDeletion(85)) - Chosen 0/5000 blocks from 0 candidate containers.
2024-02-27 07:47:38,179 [main] INFO  ozone.MiniOzoneClusterImpl (MiniOzoneClusterImpl.java:lambda$waitForClusterToBeReady$0(195)) - Waiting for nodes to be ready. Got 0 of 3 DN Heartbeats.
2024-02-27 07:47:38,180 [main] INFO  ozone.MiniOzoneClusterImpl (MiniOzoneClusterImpl.java:lambda$waitForClusterToBeReady$0(198)) - Waiting for cluster to exit safe mode
2024-02-27 07:47:38,180 [main] INFO  ozone.MiniOzoneClusterImpl (MiniOzoneClusterImpl.java:lambda$waitForClusterToBeReady$0(200)) - SCM became leader
2024-02-27 07:47:38,202 [2b7fc6a0-bf04-48ac-bcd5-1387629fb818-EndpointStateMachineTaskThread-/0.0.0.0:15174-0 ] INFO  utils.DatanodeStoreCache (DatanodeStoreCache.java:addDB(72)) - Added db /home/runner/work/ozone/ozone/hadoop-ozone/integration-test/target/test-dir/MiniOzoneClusterImpl-faebf4ee-6c4b-485b-8d19-aa685ee0d5ee/ozone-meta/datanode-3/data-0/hdds/faebf4ee-6c4b-485b-8d19-aa685ee0d5ee/DS-e57de5a3-4813-4afe-ba7f-1619066562b3/container.db to cache
2024-02-27 07:47:38,202 [2b7fc6a0-bf04-48ac-bcd5-1387629fb818-EndpointStateMachineTaskThread-/0.0.0.0:15174-0 ] INFO  volume.HddsVolume (HddsVolume.java:createDbStore(420)) - SchemaV3 db is created and loaded at /home/runner/work/ozone/ozone/hadoop-ozone/integration-test/target/test-dir/MiniOzoneClusterImpl-faebf4ee-6c4b-485b-8d19-aa685ee0d5ee/ozone-meta/datanode-3/data-0/hdds/faebf4ee-6c4b-485b-8d19-aa685ee0d5ee/DS-e57de5a3-4813-4afe-ba7f-1619066562b3/container.db for volume DS-e57de5a3-4813-4afe-ba7f-1619066562b3
2024-02-27 07:47:38,203 [2b7fc6a0-bf04-48ac-bcd5-1387629fb818-ContainerReader-0] INFO  ozoneimpl.ContainerReader (ContainerReader.java:readVolume(148)) - Start to verify containers on volume /home/runner/work/ozone/ozone/hadoop-ozone/integration-test/target/test-dir/MiniOzoneClusterImpl-faebf4ee-6c4b-485b-8d19-aa685ee0d5ee/ozone-meta/datanode-3/data-0/hdds
2024-02-27 07:47:38,203 [2b7fc6a0-bf04-48ac-bcd5-1387629fb818-ContainerReader-0] INFO  ozoneimpl.ContainerReader (ContainerReader.java:readVolume(178)) - Finish verifying containers on volume /home/runner/work/ozone/ozone/hadoop-ozone/integration-test/target/test-dir/MiniOzoneClusterImpl-faebf4ee-6c4b-485b-8d19-aa685ee0d5ee/ozone-meta/datanode-3/data-0/hdds
2024-02-27 07:47:38,203 [2b7fc6a0-bf04-48ac-bcd5-1387629fb818-EndpointStateMachineTaskThread-/0.0.0.0:15174-0 ] INFO  ozoneimpl.OzoneContainer (OzoneContainer.java:buildContainerSet(328)) - Build ContainerSet costs 0s
2024-02-27 07:47:38,203 [2b7fc6a0-bf04-48ac-bcd5-1387629fb818-EndpointStateMachineTaskThread-/0.0.0.0:15174-0 ] INFO  volume.ThrottledAsyncChecker (ThrottledAsyncChecker.java:schedule(141)) - Scheduling a check for /home/runner/work/ozone/ozone/hadoop-ozone/integration-test/target/test-dir/MiniOzoneClusterImpl-faebf4ee-6c4b-485b-8d19-aa685ee0d5ee/ozone-meta/datanode-3/data-0/hdds
2024-02-27 07:47:38,204 [2b7fc6a0-bf04-48ac-bcd5-1387629fb818-EndpointStateMachineTaskThread-/0.0.0.0:15174-0 ] INFO  volume.StorageVolumeChecker (StorageVolumeChecker.java:checkAllVolumes(218)) - Scheduled health check for volume /home/runner/work/ozone/ozone/hadoop-ozone/integration-test/target/test-dir/MiniOzoneClusterImpl-faebf4ee-6c4b-485b-8d19-aa685ee0d5ee/ozone-meta/datanode-3/data-0/hdds
2024-02-27 07:47:38,206 [2b7fc6a0-bf04-48ac-bcd5-1387629fb818-EndpointStateMachineTaskThread-/0.0.0.0:15174-0 ] INFO  volume.ThrottledAsyncChecker (ThrottledAsyncChecker.java:schedule(141)) - Scheduling a check for /home/runner/work/ozone/ozone/hadoop-ozone/integration-test/target/test-dir/MiniOzoneClusterImpl-faebf4ee-6c4b-485b-8d19-aa685ee0d5ee/ozone-meta/datanode-3/ratis
2024-02-27 07:47:38,206 [2b7fc6a0-bf04-48ac-bcd5-1387629fb818-EndpointStateMachineTaskThread-/0.0.0.0:15174-0 ] INFO  volume.StorageVolumeChecker (StorageVolumeChecker.java:checkAllVolumes(218)) - Scheduled health check for volume /home/runner/work/ozone/ozone/hadoop-ozone/integration-test/target/test-dir/MiniOzoneClusterImpl-faebf4ee-6c4b-485b-8d19-aa685ee0d5ee/ozone-meta/datanode-3/ratis
2024-02-27 07:47:38,207 [2b7fc6a0-bf04-48ac-bcd5-1387629fb818-EndpointStateMachineTaskThread-/0.0.0.0:15174-0 ] INFO  ozoneimpl.OzoneContainer (OzoneContainer.java:start(459)) - Attempting to start container services.
2024-02-27 07:47:38,207 [2b7fc6a0-bf04-48ac-bcd5-1387629fb818-EndpointStateMachineTaskThread-/0.0.0.0:15174-0 ] INFO  ozoneimpl.OzoneContainer (OzoneContainer.java:startContainerScrub(339)) - Scheduled background container scanners and the on-demand container scanner have been disabled.
2024-02-27 07:47:38,208 [2b7fc6a0-bf04-48ac-bcd5-1387629fb818-EndpointStateMachineTaskThread-/0.0.0.0:15174-0 ] INFO  replication.ReplicationServer (ReplicationServer.java:start(140)) - ReplicationServer is started using port 15214
2024-02-27 07:47:38,208 [2b7fc6a0-bf04-48ac-bcd5-1387629fb818-EndpointStateMachineTaskThread-/0.0.0.0:15174-0 ] INFO  ratis.XceiverServerRatis (XceiverServerRatis.java:start(566)) - Starting XceiverServerRatis 2b7fc6a0-bf04-48ac-bcd5-1387629fb818
2024-02-27 07:47:38,209 [2b7fc6a0-bf04-48ac-bcd5-1387629fb818-EndpointStateMachineTaskThread-/0.0.0.0:15174-0 ] INFO  server.RaftServer (RaftServerProxy.java:startImpl(406)) - 2b7fc6a0-bf04-48ac-bcd5-1387629fb818: start RPC server
2024-02-27 07:47:38,210 [2b7fc6a0-bf04-48ac-bcd5-1387629fb818-EndpointStateMachineTaskThread-/0.0.0.0:15174-0 ] INFO  server.GrpcService (GrpcService.java:startImpl(302)) - 2b7fc6a0-bf04-48ac-bcd5-1387629fb818: GrpcService started, listening on 15210
2024-02-27 07:47:38,212 [2b7fc6a0-bf04-48ac-bcd5-1387629fb818-EndpointStateMachineTaskThread-/0.0.0.0:15174-0 ] INFO  server.GrpcService (GrpcService.java:startImpl(302)) - 2b7fc6a0-bf04-48ac-bcd5-1387629fb818: GrpcService started, listening on 15212
2024-02-27 07:47:38,213 [2b7fc6a0-bf04-48ac-bcd5-1387629fb818-EndpointStateMachineTaskThread-/0.0.0.0:15174-0 ] INFO  server.GrpcService (GrpcService.java:startImpl(302)) - 2b7fc6a0-bf04-48ac-bcd5-1387629fb818: GrpcService started, listening on 15211
2024-02-27 07:47:38,213 [2b7fc6a0-bf04-48ac-bcd5-1387629fb818-EndpointStateMachineTaskThread-/0.0.0.0:15174-0 ] INFO  ratis.XceiverServerRatis (XceiverServerRatis.java:getRealPort(592)) - XceiverServerRatis 2b7fc6a0-bf04-48ac-bcd5-1387629fb818 is started using port 15210 for RATIS
2024-02-27 07:47:38,213 [JvmPauseMonitor55] INFO  util.JvmPauseMonitor (JvmPauseMonitor.java:run(146)) - JvmPauseMonitor-2b7fc6a0-bf04-48ac-bcd5-1387629fb818: Started
2024-02-27 07:47:38,213 [2b7fc6a0-bf04-48ac-bcd5-1387629fb818-EndpointStateMachineTaskThread-/0.0.0.0:15174-0 ] INFO  ratis.XceiverServerRatis (XceiverServerRatis.java:getRealPort(592)) - XceiverServerRatis 2b7fc6a0-bf04-48ac-bcd5-1387629fb818 is started using port 15211 for RATIS_ADMIN
2024-02-27 07:47:38,213 [2b7fc6a0-bf04-48ac-bcd5-1387629fb818-EndpointStateMachineTaskThread-/0.0.0.0:15174-0 ] INFO  ratis.XceiverServerRatis (XceiverServerRatis.java:getRealPort(592)) - XceiverServerRatis 2b7fc6a0-bf04-48ac-bcd5-1387629fb818 is started using port 15212 for RATIS_SERVER
2024-02-27 07:47:38,213 [2b7fc6a0-bf04-48ac-bcd5-1387629fb818-EndpointStateMachineTaskThread-/0.0.0.0:15174-0 ] INFO  ratis.XceiverServerRatis (XceiverServerRatis.java:getRealPort(592)) - XceiverServerRatis 2b7fc6a0-bf04-48ac-bcd5-1387629fb818 is started using port 15213 for RATIS_DATASTREAM
2024-02-27 07:47:38,215 [2b7fc6a0-bf04-48ac-bcd5-1387629fb818-BlockDeletingService#0] INFO  interfaces.ContainerDeletionChoosingPolicyTemplate (ContainerDeletionChoosingPolicyTemplate.java:chooseContainerForBlockDeletion(85)) - Chosen 0/5000 blocks from 0 candidate containers.
2024-02-27 07:47:39,180 [main] INFO  ozone.MiniOzoneClusterImpl (MiniOzoneClusterImpl.java:lambda$waitForClusterToBeReady$0(195)) - Waiting for nodes to be ready. Got 0 of 3 DN Heartbeats.
2024-02-27 07:47:39,180 [main] INFO  ozone.MiniOzoneClusterImpl (MiniOzoneClusterImpl.java:lambda$waitForClusterToBeReady$0(198)) - Waiting for cluster to exit safe mode
2024-02-27 07:47:39,180 [main] INFO  ozone.MiniOzoneClusterImpl (MiniOzoneClusterImpl.java:lambda$waitForClusterToBeReady$0(200)) - SCM became leader
2024-02-27 07:47:39,957 [IPC Server handler 0 on default port 15174] INFO  net.NetworkTopologyImpl (NetworkTopologyImpl.java:add(124)) - Added a new node: /default-rack/0b055c95-c6cb-4c32-92a9-22069dc0a51e
2024-02-27 07:47:39,957 [IPC Server handler 0 on default port 15174] INFO  node.SCMNodeManager (SCMNodeManager.java:register(421)) - Registered datanode: 0b055c95-c6cb-4c32-92a9-22069dc0a51e{ip: 10.1.0.19, host: fv-az699-61.gws2011vpwuupmkks00dozwttg.bx.internal.cloudapp.net, ports: [HTTP=15189, CLIENT_RPC=15190, REPLICATION=15196, RATIS=15192, RATIS_ADMIN=15193, RATIS_SERVER=15194, RATIS_DATASTREAM=15195, STANDALONE=15191], networkLocation: /default-rack, certSerialId: null, persistedOpState: null, persistedOpStateExpiryEpochSec: 0}
2024-02-27 07:47:39,961 [EventQueue-NewNodeForNewNodeHandler] INFO  pipeline.BackgroundPipelineCreator (BackgroundPipelineCreator.java:notifyEventTriggered(280)) - trigger a one-shot run on RatisPipelineUtilsThread.
2024-02-27 07:47:39,961 [RatisPipelineUtilsThread-0] INFO  pipeline.RatisPipelineProvider (RatisPipelineProvider.java:lambda$create$0(205)) - Sending CreatePipelineCommand for pipeline:PipelineID=14309e56-ce76-4795-8194-5ac69bef08cc to datanode:0b055c95-c6cb-4c32-92a9-22069dc0a51e
2024-02-27 07:47:39,963 [EventQueue-NodeRegistrationContainerReportForDataNodeSafeModeRule] INFO  safemode.SCMSafeModeManager (DataNodeSafeModeRule.java:process(71)) - SCM in safe mode. 1 DataNodes registered, 3 required.
2024-02-27 07:47:39,964 [RatisPipelineUtilsThread-0] INFO  pipeline.BackgroundPipelineCreator (BackgroundPipelineCreator.java:createPipelines(236)) - Created new pipeline Pipeline[ Id: 14309e56-ce76-4795-8194-5ac69bef08cc, Nodes: 0b055c95-c6cb-4c32-92a9-22069dc0a51e(fv-az699-61.gws2011vpwuupmkks00dozwttg.bx.internal.cloudapp.net/10.1.0.19), ReplicationConfig: RATIS/ONE, State:ALLOCATED, leaderId:, CreationTimestamp2024-02-27T07:47:39.961Z[Etc/UTC]]
2024-02-27 07:47:39,966 [EventQueue-NodeRegistrationContainerReportForContainerSafeModeRule] INFO  safemode.SCMSafeModeManager (SCMSafeModeManager.java:validateSafeModeExitRules(200)) - ContainerSafeModeRule rule is successfully validated
2024-02-27 07:47:39,966 [EventQueue-PipelineReportForOneReplicaPipelineSafeModeRule] INFO  safemode.SCMSafeModeManager (SCMSafeModeManager.java:validateSafeModeExitRules(200)) - AtleastOneDatanodeReportedRule rule is successfully validated
2024-02-27 07:47:40,090 [IPC Server handler 1 on default port 15174] INFO  net.NetworkTopologyImpl (NetworkTopologyImpl.java:add(124)) - Added a new node: /default-rack/b25ec414-9acd-4350-8ffe-2659fbf5f78f
2024-02-27 07:47:40,090 [IPC Server handler 1 on default port 15174] INFO  node.SCMNodeManager (SCMNodeManager.java:register(421)) - Registered datanode: b25ec414-9acd-4350-8ffe-2659fbf5f78f{ip: 10.1.0.19, host: fv-az699-61.gws2011vpwuupmkks00dozwttg.bx.internal.cloudapp.net, ports: [HTTP=15198, CLIENT_RPC=15199, REPLICATION=15205, RATIS=15201, RATIS_ADMIN=15202, RATIS_SERVER=15203, RATIS_DATASTREAM=15204, STANDALONE=15200], networkLocation: /default-rack, certSerialId: null, persistedOpState: null, persistedOpStateExpiryEpochSec: 0}
2024-02-27 07:47:40,091 [EventQueue-NodeRegistrationContainerReportForDataNodeSafeModeRule] INFO  safemode.SCMSafeModeManager (DataNodeSafeModeRule.java:process(71)) - SCM in safe mode. 2 DataNodes registered, 3 required.
2024-02-27 07:47:40,091 [EventQueue-NewNodeForNewNodeHandler] INFO  pipeline.BackgroundPipelineCreator (BackgroundPipelineCreator.java:notifyEventTriggered(280)) - trigger a one-shot run on RatisPipelineUtilsThread.
2024-02-27 07:47:40,092 [RatisPipelineUtilsThread-0] INFO  pipeline.RatisPipelineProvider (RatisPipelineProvider.java:lambda$create$0(205)) - Sending CreatePipelineCommand for pipeline:PipelineID=a3617b93-a7c9-4643-8129-b7ae656619aa to datanode:b25ec414-9acd-4350-8ffe-2659fbf5f78f
2024-02-27 07:47:40,092 [RatisPipelineUtilsThread-0] INFO  pipeline.BackgroundPipelineCreator (BackgroundPipelineCreator.java:createPipelines(236)) - Created new pipeline Pipeline[ Id: a3617b93-a7c9-4643-8129-b7ae656619aa, Nodes: b25ec414-9acd-4350-8ffe-2659fbf5f78f(fv-az699-61.gws2011vpwuupmkks00dozwttg.bx.internal.cloudapp.net/10.1.0.19), ReplicationConfig: RATIS/ONE, State:ALLOCATED, leaderId:, CreationTimestamp2024-02-27T07:47:40.092Z[Etc/UTC]]
2024-02-27 07:47:40,180 [main] INFO  ozone.MiniOzoneClusterImpl (MiniOzoneClusterImpl.java:lambda$waitForClusterToBeReady$0(195)) - Waiting for nodes to be ready. Got 2 of 3 DN Heartbeats.
2024-02-27 07:47:40,181 [main] INFO  ozone.MiniOzoneClusterImpl (MiniOzoneClusterImpl.java:lambda$waitForClusterToBeReady$0(198)) - Waiting for cluster to exit safe mode
2024-02-27 07:47:40,181 [main] INFO  ozone.MiniOzoneClusterImpl (MiniOzoneClusterImpl.java:lambda$waitForClusterToBeReady$0(200)) - SCM became leader
2024-02-27 07:47:40,181 [IPC Server handler 3 on default port 15174] INFO  net.NetworkTopologyImpl (NetworkTopologyImpl.java:add(124)) - Added a new node: /default-rack/2b7fc6a0-bf04-48ac-bcd5-1387629fb818
2024-02-27 07:47:40,181 [IPC Server handler 3 on default port 15174] INFO  node.SCMNodeManager (SCMNodeManager.java:register(421)) - Registered datanode: 2b7fc6a0-bf04-48ac-bcd5-1387629fb818{ip: 10.1.0.19, host: fv-az699-61.gws2011vpwuupmkks00dozwttg.bx.internal.cloudapp.net, ports: [HTTP=15207, CLIENT_RPC=15208, REPLICATION=15214, RATIS=15210, RATIS_ADMIN=15211, RATIS_SERVER=15212, RATIS_DATASTREAM=15213, STANDALONE=15209], networkLocation: /default-rack, certSerialId: null, persistedOpState: null, persistedOpStateExpiryEpochSec: 0}
2024-02-27 07:47:40,182 [EventQueue-NodeRegistrationContainerReportForDataNodeSafeModeRule] INFO  safemode.SCMSafeModeManager (DataNodeSafeModeRule.java:process(71)) - SCM in safe mode. 3 DataNodes registered, 3 required.
2024-02-27 07:47:40,182 [EventQueue-NodeRegistrationContainerReportForDataNodeSafeModeRule] INFO  safemode.SCMSafeModeManager (SCMSafeModeManager.java:validateSafeModeExitRules(200)) - DataNodeSafeModeRule rule is successfully validated
2024-02-27 07:47:40,182 [EventQueue-NodeRegistrationContainerReportForDataNodeSafeModeRule] INFO  safemode.SCMSafeModeManager (SCMSafeModeManager.java:completePreCheck(229)) - All SCM safe mode pre check rules have passed
2024-02-27 07:47:40,182 [EventQueue-NodeRegistrationContainerReportForDataNodeSafeModeRule] INFO  ha.SCMContext (SCMContext.java:updateSafeModeStatus(225)) - Update SafeModeStatus from SafeModeStatus{safeModeStatus=true, preCheckPassed=false} to SafeModeStatus{safeModeStatus=true, preCheckPassed=true}.
2024-02-27 07:47:40,182 [EventQueue-NodeRegistrationContainerReportForDataNodeSafeModeRule] INFO  pipeline.BackgroundPipelineCreator (BackgroundPipelineCreator.java:notifyEventTriggered(280)) - trigger a one-shot run on RatisPipelineUtilsThread.
2024-02-27 07:47:40,183 [EventQueue-NewNodeForNewNodeHandler] INFO  pipeline.BackgroundPipelineCreator (BackgroundPipelineCreator.java:notifyEventTriggered(280)) - trigger a one-shot run on RatisPipelineUtilsThread.
2024-02-27 07:47:40,183 [RatisPipelineUtilsThread-0] INFO  pipeline.RatisPipelineProvider (RatisPipelineProvider.java:lambda$create$0(205)) - Sending CreatePipelineCommand for pipeline:PipelineID=25e2f026-f44a-4376-a5e5-c24a9db1b630 to datanode:2b7fc6a0-bf04-48ac-bcd5-1387629fb818
2024-02-27 07:47:40,183 [RatisPipelineUtilsThread-0] INFO  pipeline.BackgroundPipelineCreator (BackgroundPipelineCreator.java:createPipelines(236)) - Created new pipeline Pipeline[ Id: 25e2f026-f44a-4376-a5e5-c24a9db1b630, Nodes: 2b7fc6a0-bf04-48ac-bcd5-1387629fb818(fv-az699-61.gws2011vpwuupmkks00dozwttg.bx.internal.cloudapp.net/10.1.0.19), ReplicationConfig: RATIS/ONE, State:ALLOCATED, leaderId:, CreationTimestamp2024-02-27T07:47:40.183Z[Etc/UTC]]
2024-02-27 07:47:40,184 [RatisPipelineUtilsThread-0] INFO  pipeline.RatisPipelineProvider (RatisPipelineProvider.java:lambda$create$0(205)) - Sending CreatePipelineCommand for pipeline:PipelineID=a6449a32-beab-489a-aae2-399aeb34022d to datanode:0b055c95-c6cb-4c32-92a9-22069dc0a51e
2024-02-27 07:47:40,184 [RatisPipelineUtilsThread-0] INFO  pipeline.RatisPipelineProvider (RatisPipelineProvider.java:lambda$create$0(205)) - Sending CreatePipelineCommand for pipeline:PipelineID=a6449a32-beab-489a-aae2-399aeb34022d to datanode:2b7fc6a0-bf04-48ac-bcd5-1387629fb818
2024-02-27 07:47:40,184 [RatisPipelineUtilsThread-0] INFO  pipeline.RatisPipelineProvider (RatisPipelineProvider.java:lambda$create$0(205)) - Sending CreatePipelineCommand for pipeline:PipelineID=a6449a32-beab-489a-aae2-399aeb34022d to datanode:b25ec414-9acd-4350-8ffe-2659fbf5f78f
2024-02-27 07:47:40,184 [RatisPipelineUtilsThread-0] INFO  pipeline.BackgroundPipelineCreator (BackgroundPipelineCreator.java:createPipelines(236)) - Created new pipeline Pipeline[ Id: a6449a32-beab-489a-aae2-399aeb34022d, Nodes: 0b055c95-c6cb-4c32-92a9-22069dc0a51e(fv-az699-61.gws2011vpwuupmkks00dozwttg.bx.internal.cloudapp.net/10.1.0.19)2b7fc6a0-bf04-48ac-bcd5-1387629fb818(fv-az699-61.gws2011vpwuupmkks00dozwttg.bx.internal.cloudapp.net/10.1.0.19)b25ec414-9acd-4350-8ffe-2659fbf5f78f(fv-az699-61.gws2011vpwuupmkks00dozwttg.bx.internal.cloudapp.net/10.1.0.19), ReplicationConfig: RATIS/THREE, State:ALLOCATED, leaderId:, CreationTimestamp2024-02-27T07:47:40.184Z[Etc/UTC]]
2024-02-27 07:47:40,184 [RatisPipelineUtilsThread-0] INFO  pipeline.RatisPipelineProvider (RatisPipelineProvider.java:lambda$create$0(205)) - Sending CreatePipelineCommand for pipeline:PipelineID=90fc6135-a0c5-4acd-a8d6-2c72975f21c0 to datanode:2b7fc6a0-bf04-48ac-bcd5-1387629fb818
2024-02-27 07:47:40,185 [RatisPipelineUtilsThread-0] INFO  pipeline.RatisPipelineProvider (RatisPipelineProvider.java:lambda$create$0(205)) - Sending CreatePipelineCommand for pipeline:PipelineID=90fc6135-a0c5-4acd-a8d6-2c72975f21c0 to datanode:0b055c95-c6cb-4c32-92a9-22069dc0a51e
2024-02-27 07:47:40,185 [RatisPipelineUtilsThread-0] INFO  pipeline.RatisPipelineProvider (RatisPipelineProvider.java:lambda$create$0(205)) - Sending CreatePipelineCommand for pipeline:PipelineID=90fc6135-a0c5-4acd-a8d6-2c72975f21c0 to datanode:b25ec414-9acd-4350-8ffe-2659fbf5f78f
2024-02-27 07:47:40,185 [RatisPipelineUtilsThread-0] INFO  pipeline.PipelineManagerImpl (PipelineManagerImpl.java:recordMetricsForPipeline(916)) - Pipeline: PipelineID=90fc6135-a0c5-4acd-a8d6-2c72975f21c0 contains same datanodes as previous pipelines: PipelineID=a6449a32-beab-489a-aae2-399aeb34022d nodeIds: 2b7fc6a0-bf04-48ac-bcd5-1387629fb818, 0b055c95-c6cb-4c32-92a9-22069dc0a51e, b25ec414-9acd-4350-8ffe-2659fbf5f78f
2024-02-27 07:47:40,185 [RatisPipelineUtilsThread-0] INFO  pipeline.BackgroundPipelineCreator (BackgroundPipelineCreator.java:createPipelines(236)) - Created new pipeline Pipeline[ Id: 90fc6135-a0c5-4acd-a8d6-2c72975f21c0, Nodes: 2b7fc6a0-bf04-48ac-bcd5-1387629fb818(fv-az699-61.gws2011vpwuupmkks00dozwttg.bx.internal.cloudapp.net/10.1.0.19)0b055c95-c6cb-4c32-92a9-22069dc0a51e(fv-az699-61.gws2011vpwuupmkks00dozwttg.bx.internal.cloudapp.net/10.1.0.19)b25ec414-9acd-4350-8ffe-2659fbf5f78f(fv-az699-61.gws2011vpwuupmkks00dozwttg.bx.internal.cloudapp.net/10.1.0.19), ReplicationConfig: RATIS/THREE, State:ALLOCATED, leaderId:, CreationTimestamp2024-02-27T07:47:40.184Z[Etc/UTC]]
2024-02-27 07:47:41,181 [main] INFO  ozone.MiniOzoneClusterImpl (MiniOzoneClusterImpl.java:lambda$waitForClusterToBeReady$0(195)) - Nodes are ready. Got 3 of 3 DN Heartbeats.
2024-02-27 07:47:41,181 [main] INFO  ozone.MiniOzoneClusterImpl (MiniOzoneClusterImpl.java:lambda$waitForClusterToBeReady$0(198)) - Waiting for cluster to exit safe mode
2024-02-27 07:47:41,181 [main] INFO  ozone.MiniOzoneClusterImpl (MiniOzoneClusterImpl.java:lambda$waitForClusterToBeReady$0(200)) - SCM became leader
2024-02-27 07:47:42,181 [main] INFO  ozone.MiniOzoneClusterImpl (MiniOzoneClusterImpl.java:lambda$waitForClusterToBeReady$0(195)) - Nodes are ready. Got 3 of 3 DN Heartbeats.
2024-02-27 07:47:42,182 [main] INFO  ozone.MiniOzoneClusterImpl (MiniOzoneClusterImpl.java:lambda$waitForClusterToBeReady$0(198)) - Waiting for cluster to exit safe mode
2024-02-27 07:47:42,182 [main] INFO  ozone.MiniOzoneClusterImpl (MiniOzoneClusterImpl.java:lambda$waitForClusterToBeReady$0(200)) - SCM became leader
2024-02-27 07:47:42,958 [0b055c95-c6cb-4c32-92a9-22069dc0a51e-PipelineCommandHandlerThread-0] INFO  server.RaftServer (RaftServerProxy.java:addNew(100)) - 0b055c95-c6cb-4c32-92a9-22069dc0a51e: addNew group-5AC69BEF08CC:[0b055c95-c6cb-4c32-92a9-22069dc0a51e|10.1.0.19:15194] returns group-5AC69BEF08CC:java.util.concurrent.CompletableFuture@6bc85931[Not completed]
2024-02-27 07:47:42,958 [0b055c95-c6cb-4c32-92a9-22069dc0a51e-groupManagement] INFO  server.RaftServer$Division (RaftServerImpl.java:<init>(256)) - 0b055c95-c6cb-4c32-92a9-22069dc0a51e: new RaftServerImpl for group-5AC69BEF08CC:[0b055c95-c6cb-4c32-92a9-22069dc0a51e|10.1.0.19:15194] with ContainerStateMachine:uninitialized
2024-02-27 07:47:42,958 [0b055c95-c6cb-4c32-92a9-22069dc0a51e-groupManagement] INFO  server.RaftServerConfigKeys (ConfUtils.java:logGet(46)) - raft.server.rpc.timeout.min = 5s (custom)
2024-02-27 07:47:42,958 [0b055c95-c6cb-4c32-92a9-22069dc0a51e-groupManagement] INFO  server.RaftServerConfigKeys (ConfUtils.java:logGet(46)) - raft.server.rpc.timeout.max = 5200ms (custom)
2024-02-27 07:47:42,959 [0b055c95-c6cb-4c32-92a9-22069dc0a51e-groupManagement] INFO  server.RaftServerConfigKeys (ConfUtils.java:logGet(46)) - raft.server.rpc.sleep.time = 25ms (default)
2024-02-27 07:47:42,959 [0b055c95-c6cb-4c32-92a9-22069dc0a51e-groupManagement] INFO  server.RaftServerConfigKeys (ConfUtils.java:logGet(46)) - raft.server.rpc.slowness.timeout = 300s (custom)
2024-02-27 07:47:42,959 [0b055c95-c6cb-4c32-92a9-22069dc0a51e-groupManagement] INFO  server.RaftServerConfigKeys (ConfUtils.java:logGet(46)) - raft.server.leaderelection.leader.step-down.wait-time = 10s (default)
2024-02-27 07:47:42,959 [0b055c95-c6cb-4c32-92a9-22069dc0a51e-groupManagement] INFO  server.RaftServerConfigKeys (ConfUtils.java:logGet(46)) - raft.server.leaderelection.member.majority-add = false (default)
2024-02-27 07:47:42,959 [0b055c95-c6cb-4c32-92a9-22069dc0a51e-groupManagement] INFO  server.RaftServerConfigKeys (ConfUtils.java:logGet(46)) - raft.server.sleep.deviation.threshold = 300ms (default)
2024-02-27 07:47:42,959 [0b055c95-c6cb-4c32-92a9-22069dc0a51e-groupManagement] INFO  server.RaftServer$Division (ServerState.java:<init>(113)) - 0b055c95-c6cb-4c32-92a9-22069dc0a51e@group-5AC69BEF08CC: ConfigurationManager, init=-1: peers:[0b055c95-c6cb-4c32-92a9-22069dc0a51e|10.1.0.19:15194]|listeners:[], old=null, confs=<EMPTY_MAP>
2024-02-27 07:47:42,959 [0b055c95-c6cb-4c32-92a9-22069dc0a51e-groupManagement] INFO  server.RaftServerConfigKeys (ConfUtils.java:logGet(46)) - raft.server.notification.no-leader.timeout = 300s (custom)
2024-02-27 07:47:42,959 [0b055c95-c6cb-4c32-92a9-22069dc0a51e-groupManagement] INFO  server.RaftServerConfigKeys (ConfUtils.java:logGet(46)) - raft.server.read.timeout = 10s (default)
2024-02-27 07:47:42,959 [0b055c95-c6cb-4c32-92a9-22069dc0a51e-groupManagement] INFO  server.RaftServerConfigKeys (ConfUtils.java:logGet(46)) - raft.server.retrycache.expirytime = 600000ms (custom)
2024-02-27 07:47:42,959 [0b055c95-c6cb-4c32-92a9-22069dc0a51e-groupManagement] INFO  server.RaftServerConfigKeys (ConfUtils.java:logGet(46)) - raft.server.retrycache.statistics.expirytime = 100ms (default)
2024-02-27 07:47:42,959 [0b055c95-c6cb-4c32-92a9-22069dc0a51e-groupManagement] INFO  server.RaftServerConfigKeys (ConfUtils.java:logGet(46)) - raft.server.read.option = DEFAULT (default)
2024-02-27 07:47:42,959 [0b055c95-c6cb-4c32-92a9-22069dc0a51e-groupManagement] INFO  server.RaftServerConfigKeys (ConfUtils.java:logGet(46)) - raft.server.read.read-after-write-consistent.write-index-cache.expiry-time = 60s (default)
2024-02-27 07:47:42,960 [0b055c95-c6cb-4c32-92a9-22069dc0a51e-groupManagement] INFO  server.RaftServerConfigKeys (ConfUtils.java:logGet(46)) - raft.server.rpc.request.timeout = 60s (custom)
2024-02-27 07:47:42,961 [0b055c95-c6cb-4c32-92a9-22069dc0a51e-groupManagement] INFO  server.RaftServerConfigKeys (ConfUtils.java:logGet(46)) - raft.server.log.appender.install.snapshot.enabled = false (custom)
2024-02-27 07:47:42,961 [0b055c95-c6cb-4c32-92a9-22069dc0a51e-groupManagement] INFO  server.RaftServerConfigKeys (ConfUtils.java:logGet(46)) - raft.server.threadpool.server.cached = true (default)
2024-02-27 07:47:42,961 [0b055c95-c6cb-4c32-92a9-22069dc0a51e-groupManagement] INFO  server.RaftServerConfigKeys (ConfUtils.java:logGet(46)) - raft.server.threadpool.server.size = 0 (default)
2024-02-27 07:47:42,961 [0b055c95-c6cb-4c32-92a9-22069dc0a51e-groupManagement] INFO  server.RaftServerConfigKeys (ConfUtils.java:logGet(46)) - raft.server.threadpool.client.cached = true (default)
2024-02-27 07:47:42,961 [0b055c95-c6cb-4c32-92a9-22069dc0a51e-groupManagement] INFO  server.RaftServerConfigKeys (ConfUtils.java:logGet(46)) - raft.server.threadpool.client.size = 0 (default)
2024-02-27 07:47:42,961 [0b055c95-c6cb-4c32-92a9-22069dc0a51e-groupManagement] INFO  server.RaftServerConfigKeys (ConfUtils.java:logGet(46)) - raft.server.storage.free-space.min = 0MB (=0) (default)
2024-02-27 07:47:42,961 [0b055c95-c6cb-4c32-92a9-22069dc0a51e-groupManagement] INFO  server.RaftServerConfigKeys (ConfUtils.java:logGet(46)) - raft.server.log.corruption.policy = EXCEPTION (default)
2024-02-27 07:47:42,961 [0b055c95-c6cb-4c32-92a9-22069dc0a51e-groupManagement] INFO  server.RaftServerConfigKeys (ConfUtils.java:logGet(46)) - raft.server.storage.dir = [/home/runner/work/ozone/ozone/hadoop-ozone/integration-test/target/test-dir/MiniOzoneClusterImpl-faebf4ee-6c4b-485b-8d19-aa685ee0d5ee/ozone-meta/datanode-1/ratis] (custom)
2024-02-27 07:47:42,961 [0b055c95-c6cb-4c32-92a9-22069dc0a51e-groupManagement] INFO  storage.RaftStorageDirectory (RaftStorageDirectoryImpl.java:analyzeStorage(138)) - The storage directory /home/runner/work/ozone/ozone/hadoop-ozone/integration-test/target/test-dir/MiniOzoneClusterImpl-faebf4ee-6c4b-485b-8d19-aa685ee0d5ee/ozone-meta/datanode-1/ratis/14309e56-ce76-4795-8194-5ac69bef08cc does not exist. Creating ...
2024-02-27 07:47:42,962 [0b055c95-c6cb-4c32-92a9-22069dc0a51e-groupManagement] INFO  storage.RaftStorageDirectory (RaftStorageDirectoryImpl.java:tryLock(228)) - Lock on /home/runner/work/ozone/ozone/hadoop-ozone/integration-test/target/test-dir/MiniOzoneClusterImpl-faebf4ee-6c4b-485b-8d19-aa685ee0d5ee/ozone-meta/datanode-1/ratis/14309e56-ce76-4795-8194-5ac69bef08cc/in_use.lock acquired by nodename 40924@fv-az699-61
2024-02-27 07:47:42,963 [0b055c95-c6cb-4c32-92a9-22069dc0a51e-groupManagement] INFO  storage.RaftStorage (RaftStorageImpl.java:format(99)) - Storage directory /home/runner/work/ozone/ozone/hadoop-ozone/integration-test/target/test-dir/MiniOzoneClusterImpl-faebf4ee-6c4b-485b-8d19-aa685ee0d5ee/ozone-meta/datanode-1/ratis/14309e56-ce76-4795-8194-5ac69bef08cc has been successfully formatted.
2024-02-27 07:47:42,963 [0b055c95-c6cb-4c32-92a9-22069dc0a51e-groupManagement] WARN  util.FileUtils (LogUtils.java:supplyAndLog(63)) - Failed to Files.newInputStream /home/runner/work/ozone/ozone/hadoop-ozone/integration-test/target/test-dir/MiniOzoneClusterImpl-faebf4ee-6c4b-485b-8d19-aa685ee0d5ee/ozone-meta/datanode-1/ratis/14309e56-ce76-4795-8194-5ac69bef08cc/current/raft-meta.conf with options []: java.nio.file.NoSuchFileException: /home/runner/work/ozone/ozone/hadoop-ozone/integration-test/target/test-dir/MiniOzoneClusterImpl-faebf4ee-6c4b-485b-8d19-aa685ee0d5ee/ozone-meta/datanode-1/ratis/14309e56-ce76-4795-8194-5ac69bef08cc/current/raft-meta.conf
2024-02-27 07:47:42,965 [0b055c95-c6cb-4c32-92a9-22069dc0a51e-groupManagement] INFO  ratis.ContainerStateMachine (ContainerStateMachine.java:loadSnapshot(287)) - group-5AC69BEF08CC: The snapshot info is null. Setting the last applied index to:(t:0, i:~)
2024-02-27 07:47:42,965 [0b055c95-c6cb-4c32-92a9-22069dc0a51e-groupManagement] INFO  server.RaftServerConfigKeys (ConfUtils.java:logGet(46)) - raft.server.log.use.memory = false (default)
2024-02-27 07:47:42,965 [0b055c95-c6cb-4c32-92a9-22069dc0a51e-groupManagement] INFO  server.RaftServerConfigKeys (ConfUtils.java:logGet(46)) - raft.server.log.purge.gap = 1000000 (custom)
2024-02-27 07:47:42,965 [0b055c95-c6cb-4c32-92a9-22069dc0a51e-groupManagement] INFO  server.RaftServerConfigKeys (ConfUtils.java:logGet(46)) - raft.server.log.appender.buffer.byte-limit = 8388608 (custom)
2024-02-27 07:47:42,965 [0b055c95-c6cb-4c32-92a9-22069dc0a51e-groupManagement] INFO  server.RaftServerConfigKeys (ConfUtils.java:logGet(46)) - raft.server.log.statemachine.data.read.timeout = 1000ms (default)
2024-02-27 07:47:42,965 [0b055c95-c6cb-4c32-92a9-22069dc0a51e-groupManagement] INFO  server.RaftServerConfigKeys (ConfUtils.java:logGet(46)) - raft.server.log.purge.preservation.log.num = 0 (default)
2024-02-27 07:47:42,966 [EventQueue-PipelineReportForPipelineReportHandler] INFO  pipeline.PipelineReportHandler (PipelineReportHandler.java:processPipelineReport(136)) - Opened pipeline PipelineID=14309e56-ce76-4795-8194-5ac69bef08cc
2024-02-27 07:47:42,967 [0b055c95-c6cb-4c32-92a9-22069dc0a51e-groupManagement] INFO  server.RaftServerConfigKeys (ConfUtils.java:logGet(46)) - raft.server.log.segment.size.max = 67108864 (custom)
2024-02-27 07:47:42,967 [EventQueue-OpenPipelineForHealthyPipelineSafeModeRule] INFO  safemode.SCMSafeModeManager (HealthyPipelineSafeModeRule.java:process(140)) - SCM in safe mode. Healthy pipelines reported count is 0, required healthy pipeline reported count is 1
2024-02-27 07:47:42,967 [0b055c95-c6cb-4c32-92a9-22069dc0a51e-groupManagement] INFO  server.RaftServerConfigKeys (ConfUtils.java:logGet(46)) - raft.server.log.segment.cache.num.max = 2 (custom)
2024-02-27 07:47:42,968 [0b055c95-c6cb-4c32-92a9-22069dc0a51e-groupManagement] INFO  server.RaftServerConfigKeys (ConfUtils.java:logGet(46)) - raft.server.log.segment.cache.size.max = 200MB (=209715200) (default)
2024-02-27 07:47:42,968 [0b055c95-c6cb-4c32-92a9-22069dc0a51e-groupManagement] INFO  server.RaftServerConfigKeys (ConfUtils.java:logGet(46)) - raft.server.log.appender.buffer.byte-limit = 8388608 (custom)
2024-02-27 07:47:42,968 [0b055c95-c6cb-4c32-92a9-22069dc0a51e-groupManagement] INFO  util.AwaitToRun (AwaitToRun.java:start(81)) - Thread[0b055c95-c6cb-4c32-92a9-22069dc0a51e@group-5AC69BEF08CC-cacheEviction-AwaitToRun,5,main] started
2024-02-27 07:47:42,968 [0b055c95-c6cb-4c32-92a9-22069dc0a51e-groupManagement] INFO  segmented.SegmentedRaftLogWorker (SegmentedRaftLogWorker.java:<init>(182)) - new 0b055c95-c6cb-4c32-92a9-22069dc0a51e@group-5AC69BEF08CC-SegmentedRaftLogWorker for RaftStorageImpl:Storage Directory /home/runner/work/ozone/ozone/hadoop-ozone/integration-test/target/test-dir/MiniOzoneClusterImpl-faebf4ee-6c4b-485b-8d19-aa685ee0d5ee/ozone-meta/datanode-1/ratis/14309e56-ce76-4795-8194-5ac69bef08cc
2024-02-27 07:47:42,969 [0b055c95-c6cb-4c32-92a9-22069dc0a51e-groupManagement] INFO  server.RaftServerConfigKeys (ConfUtils.java:logGet(46)) - raft.server.log.queue.byte-limit = 4294967296 (custom)
2024-02-27 07:47:42,969 [0b055c95-c6cb-4c32-92a9-22069dc0a51e-groupManagement] INFO  server.RaftServerConfigKeys (ConfUtils.java:logGet(46)) - raft.server.log.queue.element-limit = 1024 (custom)
2024-02-27 07:47:42,969 [0b055c95-c6cb-4c32-92a9-22069dc0a51e-groupManagement] INFO  server.RaftServerConfigKeys (ConfUtils.java:logGet(46)) - raft.server.log.segment.size.max = 67108864 (custom)
2024-02-27 07:47:42,969 [0b055c95-c6cb-4c32-92a9-22069dc0a51e-groupManagement] INFO  server.RaftServerConfigKeys (ConfUtils.java:logGet(46)) - raft.server.log.preallocated.size = 4194304 (custom)
2024-02-27 07:47:42,969 [0b055c95-c6cb-4c32-92a9-22069dc0a51e-groupManagement] INFO  server.RaftServerConfigKeys (ConfUtils.java:logGet(46)) - raft.server.log.force.sync.num = 128 (default)
2024-02-27 07:47:42,969 [0b055c95-c6cb-4c32-92a9-22069dc0a51e-groupManagement] INFO  server.RaftServerConfigKeys (ConfUtils.java:logGet(46)) - raft.server.log.statemachine.data.sync = true (default)
2024-02-27 07:47:42,969 [0b055c95-c6cb-4c32-92a9-22069dc0a51e-groupManagement] INFO  server.RaftServerConfigKeys (ConfUtils.java:logGet(46)) - raft.server.log.statemachine.data.sync.timeout = 10s (default)
2024-02-27 07:47:42,969 [0b055c95-c6cb-4c32-92a9-22069dc0a51e-groupManagement] INFO  server.RaftServerConfigKeys (ConfUtils.java:logGet(46)) - raft.server.log.statemachine.data.sync.timeout.retry = 0 (custom)
2024-02-27 07:47:42,969 [0b055c95-c6cb-4c32-92a9-22069dc0a51e-groupManagement] INFO  server.RaftServerConfigKeys (ConfUtils.java:logGet(46)) - raft.server.log.write.buffer.size = 8388616 (custom)
2024-02-27 07:47:42,971 [0b055c95-c6cb-4c32-92a9-22069dc0a51e-groupManagement] INFO  server.RaftServerConfigKeys (ConfUtils.java:logGet(46)) - raft.server.log.appender.buffer.byte-limit = 8388608 (custom)
2024-02-27 07:47:42,971 [0b055c95-c6cb-4c32-92a9-22069dc0a51e-groupManagement] INFO  server.RaftServerConfigKeys (ConfUtils.java:logGet(46)) - raft.server.log.unsafe-flush.enabled = false (default)
2024-02-27 07:47:42,971 [0b055c95-c6cb-4c32-92a9-22069dc0a51e-groupManagement] INFO  server.RaftServerConfigKeys (ConfUtils.java:logGet(46)) - raft.server.log.async-flush.enabled = false (default)
2024-02-27 07:47:42,971 [0b055c95-c6cb-4c32-92a9-22069dc0a51e-groupManagement] INFO  server.RaftServerConfigKeys (ConfUtils.java:logGet(46)) - raft.server.log.statemachine.data.caching.enabled = true (custom)
2024-02-27 07:47:42,971 [0b055c95-c6cb-4c32-92a9-22069dc0a51e-groupManagement] INFO  segmented.SegmentedRaftLogWorker (SegmentedRaftLogWorker.java:lambda$new$0(134)) - 0b055c95-c6cb-4c32-92a9-22069dc0a51e@group-5AC69BEF08CC-SegmentedRaftLogWorker: flushIndex: setUnconditionally 0 -> -1
2024-02-27 07:47:42,972 [0b055c95-c6cb-4c32-92a9-22069dc0a51e-groupManagement] INFO  segmented.SegmentedRaftLogWorker (SegmentedRaftLogWorker.java:lambda$new$0(134)) - 0b055c95-c6cb-4c32-92a9-22069dc0a51e@group-5AC69BEF08CC-SegmentedRaftLogWorker: safeCacheEvictIndex: setUnconditionally 0 -> -1
2024-02-27 07:47:42,972 [0b055c95-c6cb-4c32-92a9-22069dc0a51e-groupManagement] INFO  server.RaftServer$Division (RaftServerImpl.java:start(396)) - 0b055c95-c6cb-4c32-92a9-22069dc0a51e@group-5AC69BEF08CC: start as a follower, conf=-1: peers:[0b055c95-c6cb-4c32-92a9-22069dc0a51e|10.1.0.19:15194]|listeners:[], old=null
2024-02-27 07:47:42,972 [0b055c95-c6cb-4c32-92a9-22069dc0a51e-groupManagement] INFO  server.RaftServer$Division (RaftServerImpl.java:setRole(383)) - 0b055c95-c6cb-4c32-92a9-22069dc0a51e@group-5AC69BEF08CC: changes role from      null to FOLLOWER at term 0 for startAsFollower
2024-02-27 07:47:42,972 [0b055c95-c6cb-4c32-92a9-22069dc0a51e-groupManagement] INFO  impl.RoleInfo (RoleInfo.java:updateAndGet(139)) - 0b055c95-c6cb-4c32-92a9-22069dc0a51e: start 0b055c95-c6cb-4c32-92a9-22069dc0a51e@group-5AC69BEF08CC-FollowerState
2024-02-27 07:47:42,973 [0b055c95-c6cb-4c32-92a9-22069dc0a51e-groupManagement] INFO  util.JmxRegister (JmxRegister.java:tryRegister(44)) - Successfully registered JMX Bean with object name Ratis:service=RaftServer,group=group-5AC69BEF08CC,id=0b055c95-c6cb-4c32-92a9-22069dc0a51e
2024-02-27 07:47:42,973 [0b055c95-c6cb-4c32-92a9-22069dc0a51e-groupManagement] INFO  server.RaftServerConfigKeys (ConfUtils.java:logGet(46)) - raft.server.snapshot.trigger-when-stop.enabled = true (default)
2024-02-27 07:47:42,973 [0b055c95-c6cb-4c32-92a9-22069dc0a51e-groupManagement] INFO  server.RaftServerConfigKeys (ConfUtils.java:logGet(46)) - raft.server.snapshot.auto.trigger.enabled = true (custom)
2024-02-27 07:47:42,973 [0b055c95-c6cb-4c32-92a9-22069dc0a51e-groupManagement] INFO  server.RaftServerConfigKeys (ConfUtils.java:logGet(46)) - raft.server.snapshot.auto.trigger.threshold = 10000 (custom)
2024-02-27 07:47:42,973 [0b055c95-c6cb-4c32-92a9-22069dc0a51e-groupManagement] INFO  server.RaftServerConfigKeys (ConfUtils.java:logGet(46)) - raft.server.snapshot.retention.file.num = 5 (custom)
2024-02-27 07:47:42,973 [0b055c95-c6cb-4c32-92a9-22069dc0a51e-groupManagement] INFO  server.RaftServerConfigKeys (ConfUtils.java:logGet(46)) - raft.server.log.purge.upto.snapshot.index = false (default)
2024-02-27 07:47:42,973 [0b055c95-c6cb-4c32-92a9-22069dc0a51e@group-5AC69BEF08CC-FollowerState] INFO  server.RaftServerConfigKeys (ConfUtils.java:logFallback(53)) - raft.server.rpc.first-election.timeout.min = 5s (fallback to raft.server.rpc.timeout.min)
2024-02-27 07:47:42,973 [0b055c95-c6cb-4c32-92a9-22069dc0a51e@group-5AC69BEF08CC-FollowerState] INFO  server.RaftServerConfigKeys (ConfUtils.java:logFallback(53)) - raft.server.rpc.first-election.timeout.max = 5200ms (fallback to raft.server.rpc.timeout.max)
2024-02-27 07:47:42,974 [0b055c95-c6cb-4c32-92a9-22069dc0a51e-PipelineCommandHandlerThread-0] INFO  ratis.XceiverServerRatis (XceiverServerRatis.java:addGroup(864)) - Created group PipelineID=14309e56-ce76-4795-8194-5ac69bef08cc
2024-02-27 07:47:42,974 [0b055c95-c6cb-4c32-92a9-22069dc0a51e-PipelineCommandHandlerThread-0] INFO  commandhandler.CreatePipelineCommandHandler (CreatePipelineCommandHandler.java:lambda$handle$2(124)) - Created Pipeline RATIS ONE PipelineID=14309e56-ce76-4795-8194-5ac69bef08cc.
2024-02-27 07:47:42,974 [0b055c95-c6cb-4c32-92a9-22069dc0a51e-PipelineCommandHandlerThread-0] INFO  server.RaftServer (RaftServerProxy.java:addNew(100)) - 0b055c95-c6cb-4c32-92a9-22069dc0a51e: addNew group-399AEB34022D:[2b7fc6a0-bf04-48ac-bcd5-1387629fb818|10.1.0.19:15212, b25ec414-9acd-4350-8ffe-2659fbf5f78f|10.1.0.19:15203, 0b055c95-c6cb-4c32-92a9-22069dc0a51e|10.1.0.19:15194] returns group-399AEB34022D:java.util.concurrent.CompletableFuture@6ff7d090[Not completed]
2024-02-27 07:47:42,975 [0b055c95-c6cb-4c32-92a9-22069dc0a51e-groupManagement] INFO  server.RaftServer$Division (RaftServerImpl.java:<init>(256)) - 0b055c95-c6cb-4c32-92a9-22069dc0a51e: new RaftServerImpl for group-399AEB34022D:[2b7fc6a0-bf04-48ac-bcd5-1387629fb818|10.1.0.19:15212, b25ec414-9acd-4350-8ffe-2659fbf5f78f|10.1.0.19:15203, 0b055c95-c6cb-4c32-92a9-22069dc0a51e|10.1.0.19:15194] with ContainerStateMachine:uninitialized
2024-02-27 07:47:42,975 [0b055c95-c6cb-4c32-92a9-22069dc0a51e-groupManagement] INFO  server.RaftServerConfigKeys (ConfUtils.java:logGet(46)) - raft.server.rpc.timeout.min = 5s (custom)
2024-02-27 07:47:42,975 [0b055c95-c6cb-4c32-92a9-22069dc0a51e-groupManagement] INFO  server.RaftServerConfigKeys (ConfUtils.java:logGet(46)) - raft.server.rpc.timeout.max = 5200ms (custom)
2024-02-27 07:47:42,975 [0b055c95-c6cb-4c32-92a9-22069dc0a51e-groupManagement] INFO  server.RaftServerConfigKeys (ConfUtils.java:logGet(46)) - raft.server.rpc.sleep.time = 25ms (default)
2024-02-27 07:47:42,975 [0b055c95-c6cb-4c32-92a9-22069dc0a51e-groupManagement] INFO  server.RaftServerConfigKeys (ConfUtils.java:logGet(46)) - raft.server.rpc.slowness.timeout = 300s (custom)
2024-02-27 07:47:42,975 [0b055c95-c6cb-4c32-92a9-22069dc0a51e-groupManagement] INFO  server.RaftServerConfigKeys (ConfUtils.java:logGet(46)) - raft.server.leaderelection.leader.step-down.wait-time = 10s (default)
2024-02-27 07:47:42,975 [0b055c95-c6cb-4c32-92a9-22069dc0a51e-groupManagement] INFO  server.RaftServerConfigKeys (ConfUtils.java:logGet(46)) - raft.server.leaderelection.member.majority-add = false (default)
2024-02-27 07:47:42,975 [0b055c95-c6cb-4c32-92a9-22069dc0a51e-groupManagement] INFO  server.RaftServerConfigKeys (ConfUtils.java:logGet(46)) - raft.server.sleep.deviation.threshold = 300ms (default)
2024-02-27 07:47:42,975 [0b055c95-c6cb-4c32-92a9-22069dc0a51e-groupManagement] INFO  server.RaftServer$Division (ServerState.java:<init>(113)) - 0b055c95-c6cb-4c32-92a9-22069dc0a51e@group-399AEB34022D: ConfigurationManager, init=-1: peers:[2b7fc6a0-bf04-48ac-bcd5-1387629fb818|10.1.0.19:15212, b25ec414-9acd-4350-8ffe-2659fbf5f78f|10.1.0.19:15203, 0b055c95-c6cb-4c32-92a9-22069dc0a51e|10.1.0.19:15194]|listeners:[], old=null, confs=<EMPTY_MAP>
2024-02-27 07:47:42,975 [0b055c95-c6cb-4c32-92a9-22069dc0a51e-groupManagement] INFO  server.RaftServerConfigKeys (ConfUtils.java:logGet(46)) - raft.server.notification.no-leader.timeout = 300s (custom)
2024-02-27 07:47:42,975 [0b055c95-c6cb-4c32-92a9-22069dc0a51e-groupManagement] INFO  server.RaftServerConfigKeys (ConfUtils.java:logGet(46)) - raft.server.read.timeout = 10s (default)
2024-02-27 07:47:42,975 [0b055c95-c6cb-4c32-92a9-22069dc0a51e-groupManagement] INFO  server.RaftServerConfigKeys (ConfUtils.java:logGet(46)) - raft.server.retrycache.expirytime = 600000ms (custom)
2024-02-27 07:47:42,975 [0b055c95-c6cb-4c32-92a9-22069dc0a51e-groupManagement] INFO  server.RaftServerConfigKeys (ConfUtils.java:logGet(46)) - raft.server.retrycache.statistics.expirytime = 100ms (default)
2024-02-27 07:47:42,975 [0b055c95-c6cb-4c32-92a9-22069dc0a51e-groupManagement] INFO  server.RaftServerConfigKeys (ConfUtils.java:logGet(46)) - raft.server.read.option = DEFAULT (default)
2024-02-27 07:47:42,975 [0b055c95-c6cb-4c32-92a9-22069dc0a51e-groupManagement] INFO  server.RaftServerConfigKeys (ConfUtils.java:logGet(46)) - raft.server.read.read-after-write-consistent.write-index-cache.expiry-time = 60s (default)
2024-02-27 07:47:42,976 [0b055c95-c6cb-4c32-92a9-22069dc0a51e-groupManagement] INFO  server.RaftServerConfigKeys (ConfUtils.java:logGet(46)) - raft.server.rpc.request.timeout = 60s (custom)
2024-02-27 07:47:42,976 [0b055c95-c6cb-4c32-92a9-22069dc0a51e-groupManagement] INFO  server.RaftServerConfigKeys (ConfUtils.java:logGet(46)) - raft.server.log.appender.install.snapshot.enabled = false (custom)
2024-02-27 07:47:42,977 [0b055c95-c6cb-4c32-92a9-22069dc0a51e-groupManagement] INFO  server.RaftServerConfigKeys (ConfUtils.java:logGet(46)) - raft.server.threadpool.server.cached = true (default)
2024-02-27 07:47:42,977 [0b055c95-c6cb-4c32-92a9-22069dc0a51e-groupManagement] INFO  server.RaftServerConfigKeys (ConfUtils.java:logGet(46)) - raft.server.threadpool.server.size = 0 (default)
2024-02-27 07:47:42,977 [0b055c95-c6cb-4c32-92a9-22069dc0a51e-groupManagement] INFO  server.RaftServerConfigKeys (ConfUtils.java:logGet(46)) - raft.server.threadpool.client.cached = true (default)
2024-02-27 07:47:42,977 [0b055c95-c6cb-4c32-92a9-22069dc0a51e-groupManagement] INFO  server.RaftServerConfigKeys (ConfUtils.java:logGet(46)) - raft.server.threadpool.client.size = 0 (default)
2024-02-27 07:47:42,977 [0b055c95-c6cb-4c32-92a9-22069dc0a51e-groupManagement] INFO  server.RaftServerConfigKeys (ConfUtils.java:logGet(46)) - raft.server.storage.free-space.min = 0MB (=0) (default)
2024-02-27 07:47:42,977 [0b055c95-c6cb-4c32-92a9-22069dc0a51e-groupManagement] INFO  server.RaftServerConfigKeys (ConfUtils.java:logGet(46)) - raft.server.log.corruption.policy = EXCEPTION (default)
2024-02-27 07:47:42,977 [0b055c95-c6cb-4c32-92a9-22069dc0a51e-groupManagement] INFO  server.RaftServerConfigKeys (ConfUtils.java:logGet(46)) - raft.server.storage.dir = [/home/runner/work/ozone/ozone/hadoop-ozone/integration-test/target/test-dir/MiniOzoneClusterImpl-faebf4ee-6c4b-485b-8d19-aa685ee0d5ee/ozone-meta/datanode-1/ratis] (custom)
2024-02-27 07:47:42,977 [0b055c95-c6cb-4c32-92a9-22069dc0a51e-groupManagement] INFO  storage.RaftStorageDirectory (RaftStorageDirectoryImpl.java:analyzeStorage(138)) - The storage directory /home/runner/work/ozone/ozone/hadoop-ozone/integration-test/target/test-dir/MiniOzoneClusterImpl-faebf4ee-6c4b-485b-8d19-aa685ee0d5ee/ozone-meta/datanode-1/ratis/a6449a32-beab-489a-aae2-399aeb34022d does not exist. Creating ...
2024-02-27 07:47:42,978 [0b055c95-c6cb-4c32-92a9-22069dc0a51e-groupManagement] INFO  storage.RaftStorageDirectory (RaftStorageDirectoryImpl.java:tryLock(228)) - Lock on /home/runner/work/ozone/ozone/hadoop-ozone/integration-test/target/test-dir/MiniOzoneClusterImpl-faebf4ee-6c4b-485b-8d19-aa685ee0d5ee/ozone-meta/datanode-1/ratis/a6449a32-beab-489a-aae2-399aeb34022d/in_use.lock acquired by nodename 40924@fv-az699-61
2024-02-27 07:47:42,979 [0b055c95-c6cb-4c32-92a9-22069dc0a51e-groupManagement] INFO  storage.RaftStorage (RaftStorageImpl.java:format(99)) - Storage directory /home/runner/work/ozone/ozone/hadoop-ozone/integration-test/target/test-dir/MiniOzoneClusterImpl-faebf4ee-6c4b-485b-8d19-aa685ee0d5ee/ozone-meta/datanode-1/ratis/a6449a32-beab-489a-aae2-399aeb34022d has been successfully formatted.
2024-02-27 07:47:42,979 [0b055c95-c6cb-4c32-92a9-22069dc0a51e-groupManagement] WARN  util.FileUtils (LogUtils.java:supplyAndLog(63)) - Failed to Files.newInputStream /home/runner/work/ozone/ozone/hadoop-ozone/integration-test/target/test-dir/MiniOzoneClusterImpl-faebf4ee-6c4b-485b-8d19-aa685ee0d5ee/ozone-meta/datanode-1/ratis/a6449a32-beab-489a-aae2-399aeb34022d/current/raft-meta.conf with options []: java.nio.file.NoSuchFileException: /home/runner/work/ozone/ozone/hadoop-ozone/integration-test/target/test-dir/MiniOzoneClusterImpl-faebf4ee-6c4b-485b-8d19-aa685ee0d5ee/ozone-meta/datanode-1/ratis/a6449a32-beab-489a-aae2-399aeb34022d/current/raft-meta.conf
2024-02-27 07:47:42,979 [0b055c95-c6cb-4c32-92a9-22069dc0a51e-groupManagement] INFO  ratis.ContainerStateMachine (ContainerStateMachine.java:loadSnapshot(287)) - group-399AEB34022D: The snapshot info is null. Setting the last applied index to:(t:0, i:~)
2024-02-27 07:47:42,979 [0b055c95-c6cb-4c32-92a9-22069dc0a51e-groupManagement] INFO  server.RaftServerConfigKeys (ConfUtils.java:logGet(46)) - raft.server.log.use.memory = false (default)
2024-02-27 07:47:42,979 [0b055c95-c6cb-4c32-92a9-22069dc0a51e-groupManagement] INFO  server.RaftServerConfigKeys (ConfUtils.java:logGet(46)) - raft.server.log.purge.gap = 1000000 (custom)
2024-02-27 07:47:42,979 [0b055c95-c6cb-4c32-92a9-22069dc0a51e-groupManagement] INFO  server.RaftServerConfigKeys (ConfUtils.java:logGet(46)) - raft.server.log.appender.buffer.byte-limit = 8388608 (custom)
2024-02-27 07:47:42,979 [0b055c95-c6cb-4c32-92a9-22069dc0a51e-groupManagement] INFO  server.RaftServerConfigKeys (ConfUtils.java:logGet(46)) - raft.server.log.statemachine.data.read.timeout = 1000ms (default)
2024-02-27 07:47:42,979 [0b055c95-c6cb-4c32-92a9-22069dc0a51e-groupManagement] INFO  server.RaftServerConfigKeys (ConfUtils.java:logGet(46)) - raft.server.log.purge.preservation.log.num = 0 (default)
2024-02-27 07:47:42,980 [EventQueue-OpenPipelineForHealthyPipelineSafeModeRule] INFO  safemode.SCMSafeModeManager (HealthyPipelineSafeModeRule.java:process(140)) - SCM in safe mode. Healthy pipelines reported count is 0, required healthy pipeline reported count is 1
2024-02-27 07:47:42,980 [0b055c95-c6cb-4c32-92a9-22069dc0a51e-groupManagement] INFO  server.RaftServerConfigKeys (ConfUtils.java:logGet(46)) - raft.server.log.segment.size.max = 67108864 (custom)
2024-02-27 07:47:42,980 [0b055c95-c6cb-4c32-92a9-22069dc0a51e-groupManagement] INFO  server.RaftServerConfigKeys (ConfUtils.java:logGet(46)) - raft.server.log.segment.cache.num.max = 2 (custom)
2024-02-27 07:47:42,980 [0b055c95-c6cb-4c32-92a9-22069dc0a51e-groupManagement] INFO  server.RaftServerConfigKeys (ConfUtils.java:logGet(46)) - raft.server.log.segment.cache.size.max = 200MB (=209715200) (default)
2024-02-27 07:47:42,980 [0b055c95-c6cb-4c32-92a9-22069dc0a51e-groupManagement] INFO  server.RaftServerConfigKeys (ConfUtils.java:logGet(46)) - raft.server.log.appender.buffer.byte-limit = 8388608 (custom)
2024-02-27 07:47:42,981 [0b055c95-c6cb-4c32-92a9-22069dc0a51e-groupManagement] INFO  util.AwaitToRun (AwaitToRun.java:start(81)) - Thread[0b055c95-c6cb-4c32-92a9-22069dc0a51e@group-399AEB34022D-cacheEviction-AwaitToRun,5,main] started
2024-02-27 07:47:42,981 [0b055c95-c6cb-4c32-92a9-22069dc0a51e-groupManagement] INFO  segmented.SegmentedRaftLogWorker (SegmentedRaftLogWorker.java:<init>(182)) - new 0b055c95-c6cb-4c32-92a9-22069dc0a51e@group-399AEB34022D-SegmentedRaftLogWorker for RaftStorageImpl:Storage Directory /home/runner/work/ozone/ozone/hadoop-ozone/integration-test/target/test-dir/MiniOzoneClusterImpl-faebf4ee-6c4b-485b-8d19-aa685ee0d5ee/ozone-meta/datanode-1/ratis/a6449a32-beab-489a-aae2-399aeb34022d
2024-02-27 07:47:42,981 [0b055c95-c6cb-4c32-92a9-22069dc0a51e-groupManagement] INFO  server.RaftServerConfigKeys (ConfUtils.java:logGet(46)) - raft.server.log.queue.byte-limit = 4294967296 (custom)
2024-02-27 07:47:42,981 [0b055c95-c6cb-4c32-92a9-22069dc0a51e-groupManagement] INFO  server.RaftServerConfigKeys (ConfUtils.java:logGet(46)) - raft.server.log.queue.element-limit = 1024 (custom)
2024-02-27 07:47:42,981 [0b055c95-c6cb-4c32-92a9-22069dc0a51e-groupManagement] INFO  server.RaftServerConfigKeys (ConfUtils.java:logGet(46)) - raft.server.log.segment.size.max = 67108864 (custom)
2024-02-27 07:47:42,981 [0b055c95-c6cb-4c32-92a9-22069dc0a51e-groupManagement] INFO  server.RaftServerConfigKeys (ConfUtils.java:logGet(46)) - raft.server.log.preallocated.size = 4194304 (custom)
2024-02-27 07:47:42,981 [0b055c95-c6cb-4c32-92a9-22069dc0a51e-groupManagement] INFO  server.RaftServerConfigKeys (ConfUtils.java:logGet(46)) - raft.server.log.force.sync.num = 128 (default)
2024-02-27 07:47:42,981 [0b055c95-c6cb-4c32-92a9-22069dc0a51e-groupManagement] INFO  server.RaftServerConfigKeys (ConfUtils.java:logGet(46)) - raft.server.log.statemachine.data.sync = true (default)
2024-02-27 07:47:42,981 [0b055c95-c6cb-4c32-92a9-22069dc0a51e-groupManagement] INFO  server.RaftServerConfigKeys (ConfUtils.java:logGet(46)) - raft.server.log.statemachine.data.sync.timeout = 10s (default)
2024-02-27 07:47:42,981 [0b055c95-c6cb-4c32-92a9-22069dc0a51e-groupManagement] INFO  server.RaftServerConfigKeys (ConfUtils.java:logGet(46)) - raft.server.log.statemachine.data.sync.timeout.retry = 0 (custom)
2024-02-27 07:47:42,981 [0b055c95-c6cb-4c32-92a9-22069dc0a51e-groupManagement] INFO  server.RaftServerConfigKeys (ConfUtils.java:logGet(46)) - raft.server.log.write.buffer.size = 8388616 (custom)
2024-02-27 07:47:42,983 [0b055c95-c6cb-4c32-92a9-22069dc0a51e-groupManagement] INFO  server.RaftServerConfigKeys (ConfUtils.java:logGet(46)) - raft.server.log.appender.buffer.byte-limit = 8388608 (custom)
2024-02-27 07:47:42,983 [0b055c95-c6cb-4c32-92a9-22069dc0a51e-groupManagement] INFO  server.RaftServerConfigKeys (ConfUtils.java:logGet(46)) - raft.server.log.unsafe-flush.enabled = false (default)
2024-02-27 07:47:42,983 [0b055c95-c6cb-4c32-92a9-22069dc0a51e-groupManagement] INFO  server.RaftServerConfigKeys (ConfUtils.java:logGet(46)) - raft.server.log.async-flush.enabled = false (default)
2024-02-27 07:47:42,983 [0b055c95-c6cb-4c32-92a9-22069dc0a51e-groupManagement] INFO  server.RaftServerConfigKeys (ConfUtils.java:logGet(46)) - raft.server.log.statemachine.data.caching.enabled = true (custom)
2024-02-27 07:47:42,983 [0b055c95-c6cb-4c32-92a9-22069dc0a51e-groupManagement] INFO  segmented.SegmentedRaftLogWorker (SegmentedRaftLogWorker.java:lambda$new$0(134)) - 0b055c95-c6cb-4c32-92a9-22069dc0a51e@group-399AEB34022D-SegmentedRaftLogWorker: flushIndex: setUnconditionally 0 -> -1
2024-02-27 07:47:42,983 [0b055c95-c6cb-4c32-92a9-22069dc0a51e-groupManagement] INFO  segmented.SegmentedRaftLogWorker (SegmentedRaftLogWorker.java:lambda$new$0(134)) - 0b055c95-c6cb-4c32-92a9-22069dc0a51e@group-399AEB34022D-SegmentedRaftLogWorker: safeCacheEvictIndex: setUnconditionally 0 -> -1
2024-02-27 07:47:42,984 [0b055c95-c6cb-4c32-92a9-22069dc0a51e-groupManagement] INFO  server.RaftServer$Division (RaftServerImpl.java:start(396)) - 0b055c95-c6cb-4c32-92a9-22069dc0a51e@group-399AEB34022D: start as a follower, conf=-1: peers:[2b7fc6a0-bf04-48ac-bcd5-1387629fb818|10.1.0.19:15212, b25ec414-9acd-4350-8ffe-2659fbf5f78f|10.1.0.19:15203, 0b055c95-c6cb-4c32-92a9-22069dc0a51e|10.1.0.19:15194]|listeners:[], old=null
2024-02-27 07:47:42,984 [0b055c95-c6cb-4c32-92a9-22069dc0a51e-groupManagement] INFO  server.RaftServer$Division (RaftServerImpl.java:setRole(383)) - 0b055c95-c6cb-4c32-92a9-22069dc0a51e@group-399AEB34022D: changes role from      null to FOLLOWER at term 0 for startAsFollower
2024-02-27 07:47:42,984 [0b055c95-c6cb-4c32-92a9-22069dc0a51e-groupManagement] INFO  impl.RoleInfo (RoleInfo.java:updateAndGet(139)) - 0b055c95-c6cb-4c32-92a9-22069dc0a51e: start 0b055c95-c6cb-4c32-92a9-22069dc0a51e@group-399AEB34022D-FollowerState
2024-02-27 07:47:42,984 [0b055c95-c6cb-4c32-92a9-22069dc0a51e@group-399AEB34022D-FollowerState] INFO  server.RaftServerConfigKeys (ConfUtils.java:logFallback(53)) - raft.server.rpc.first-election.timeout.min = 5s (fallback to raft.server.rpc.timeout.min)
2024-02-27 07:47:42,984 [0b055c95-c6cb-4c32-92a9-22069dc0a51e-groupManagement] INFO  util.JmxRegister (JmxRegister.java:tryRegister(44)) - Successfully registered JMX Bean with object name Ratis:service=RaftServer,group=group-399AEB34022D,id=0b055c95-c6cb-4c32-92a9-22069dc0a51e
2024-02-27 07:47:42,984 [0b055c95-c6cb-4c32-92a9-22069dc0a51e@group-399AEB34022D-FollowerState] INFO  server.RaftServerConfigKeys (ConfUtils.java:logFallback(53)) - raft.server.rpc.first-election.timeout.max = 5200ms (fallback to raft.server.rpc.timeout.max)
2024-02-27 07:47:42,984 [0b055c95-c6cb-4c32-92a9-22069dc0a51e-groupManagement] INFO  server.RaftServerConfigKeys (ConfUtils.java:logGet(46)) - raft.server.snapshot.trigger-when-stop.enabled = true (default)
2024-02-27 07:47:42,984 [0b055c95-c6cb-4c32-92a9-22069dc0a51e-groupManagement] INFO  server.RaftServerConfigKeys (ConfUtils.java:logGet(46)) - raft.server.snapshot.auto.trigger.enabled = true (custom)
2024-02-27 07:47:42,984 [0b055c95-c6cb-4c32-92a9-22069dc0a51e-groupManagement] INFO  server.RaftServerConfigKeys (ConfUtils.java:logGet(46)) - raft.server.snapshot.auto.trigger.threshold = 10000 (custom)
2024-02-27 07:47:42,984 [0b055c95-c6cb-4c32-92a9-22069dc0a51e-groupManagement] INFO  server.RaftServerConfigKeys (ConfUtils.java:logGet(46)) - raft.server.snapshot.retention.file.num = 5 (custom)
2024-02-27 07:47:42,984 [0b055c95-c6cb-4c32-92a9-22069dc0a51e-groupManagement] INFO  server.RaftServerConfigKeys (ConfUtils.java:logGet(46)) - raft.server.log.purge.upto.snapshot.index = false (default)
2024-02-27 07:47:42,985 [0b055c95-c6cb-4c32-92a9-22069dc0a51e-PipelineCommandHandlerThread-0] INFO  ratis.XceiverServerRatis (XceiverServerRatis.java:addGroup(864)) - Created group PipelineID=a6449a32-beab-489a-aae2-399aeb34022d
2024-02-27 07:47:42,992 [grpc-default-executor-4] INFO  server.RaftServer (RaftServerProxy.java:addNew(100)) - 2b7fc6a0-bf04-48ac-bcd5-1387629fb818: addNew group-399AEB34022D:[2b7fc6a0-bf04-48ac-bcd5-1387629fb818|10.1.0.19:15212, b25ec414-9acd-4350-8ffe-2659fbf5f78f|10.1.0.19:15203, 0b055c95-c6cb-4c32-92a9-22069dc0a51e|10.1.0.19:15194] returns group-399AEB34022D:java.util.concurrent.CompletableFuture@2f969120[Not completed]
2024-02-27 07:47:42,993 [2b7fc6a0-bf04-48ac-bcd5-1387629fb818-groupManagement] INFO  server.RaftServer$Division (RaftServerImpl.java:<init>(256)) - 2b7fc6a0-bf04-48ac-bcd5-1387629fb818: new RaftServerImpl for group-399AEB34022D:[2b7fc6a0-bf04-48ac-bcd5-1387629fb818|10.1.0.19:15212, b25ec414-9acd-4350-8ffe-2659fbf5f78f|10.1.0.19:15203, 0b055c95-c6cb-4c32-92a9-22069dc0a51e|10.1.0.19:15194] with ContainerStateMachine:uninitialized
2024-02-27 07:47:42,993 [2b7fc6a0-bf04-48ac-bcd5-1387629fb818-groupManagement] INFO  server.RaftServerConfigKeys (ConfUtils.java:logGet(46)) - raft.server.rpc.timeout.min = 5s (custom)
2024-02-27 07:47:42,993 [2b7fc6a0-bf04-48ac-bcd5-1387629fb818-groupManagement] INFO  server.RaftServerConfigKeys (ConfUtils.java:logGet(46)) - raft.server.rpc.timeout.max = 5200ms (custom)
2024-02-27 07:47:42,993 [2b7fc6a0-bf04-48ac-bcd5-1387629fb818-groupManagement] INFO  server.RaftServerConfigKeys (ConfUtils.java:logGet(46)) - raft.server.rpc.sleep.time = 25ms (default)
2024-02-27 07:47:42,993 [2b7fc6a0-bf04-48ac-bcd5-1387629fb818-groupManagement] INFO  server.RaftServerConfigKeys (ConfUtils.java:logGet(46)) - raft.server.rpc.slowness.timeout = 300s (custom)
2024-02-27 07:47:42,993 [2b7fc6a0-bf04-48ac-bcd5-1387629fb818-groupManagement] INFO  server.RaftServerConfigKeys (ConfUtils.java:logGet(46)) - raft.server.leaderelection.leader.step-down.wait-time = 10s (default)
2024-02-27 07:47:42,993 [2b7fc6a0-bf04-48ac-bcd5-1387629fb818-groupManagement] INFO  server.RaftServerConfigKeys (ConfUtils.java:logGet(46)) - raft.server.leaderelection.member.majority-add = false (default)
2024-02-27 07:47:42,993 [2b7fc6a0-bf04-48ac-bcd5-1387629fb818-groupManagement] INFO  server.RaftServerConfigKeys (ConfUtils.java:logGet(46)) - raft.server.sleep.deviation.threshold = 300ms (default)
2024-02-27 07:47:42,993 [2b7fc6a0-bf04-48ac-bcd5-1387629fb818-groupManagement] INFO  server.RaftServer$Division (ServerState.java:<init>(113)) - 2b7fc6a0-bf04-48ac-bcd5-1387629fb818@group-399AEB34022D: ConfigurationManager, init=-1: peers:[2b7fc6a0-bf04-48ac-bcd5-1387629fb818|10.1.0.19:15212, b25ec414-9acd-4350-8ffe-2659fbf5f78f|10.1.0.19:15203, 0b055c95-c6cb-4c32-92a9-22069dc0a51e|10.1.0.19:15194]|listeners:[], old=null, confs=<EMPTY_MAP>
2024-02-27 07:47:42,993 [2b7fc6a0-bf04-48ac-bcd5-1387629fb818-groupManagement] INFO  server.RaftServerConfigKeys (ConfUtils.java:logGet(46)) - raft.server.notification.no-leader.timeout = 300s (custom)
2024-02-27 07:47:42,993 [2b7fc6a0-bf04-48ac-bcd5-1387629fb818-groupManagement] INFO  server.RaftServerConfigKeys (ConfUtils.java:logGet(46)) - raft.server.read.timeout = 10s (default)
2024-02-27 07:47:42,993 [2b7fc6a0-bf04-48ac-bcd5-1387629fb818-groupManagement] INFO  server.RaftServerConfigKeys (ConfUtils.java:logGet(46)) - raft.server.retrycache.expirytime = 600000ms (custom)
2024-02-27 07:47:42,994 [2b7fc6a0-bf04-48ac-bcd5-1387629fb818-groupManagement] INFO  server.RaftServerConfigKeys (ConfUtils.java:logGet(46)) - raft.server.retrycache.statistics.expirytime = 100ms (default)
2024-02-27 07:47:42,994 [2b7fc6a0-bf04-48ac-bcd5-1387629fb818-groupManagement] INFO  server.RaftServerConfigKeys (ConfUtils.java:logGet(46)) - raft.server.read.option = DEFAULT (default)
2024-02-27 07:47:42,994 [2b7fc6a0-bf04-48ac-bcd5-1387629fb818-groupManagement] INFO  server.RaftServerConfigKeys (ConfUtils.java:logGet(46)) - raft.server.read.read-after-write-consistent.write-index-cache.expiry-time = 60s (default)
2024-02-27 07:47:42,995 [2b7fc6a0-bf04-48ac-bcd5-1387629fb818-groupManagement] INFO  server.RaftServerConfigKeys (ConfUtils.java:logGet(46)) - raft.server.rpc.request.timeout = 60s (custom)
2024-02-27 07:47:42,995 [2b7fc6a0-bf04-48ac-bcd5-1387629fb818-groupManagement] INFO  server.RaftServerConfigKeys (ConfUtils.java:logGet(46)) - raft.server.log.appender.install.snapshot.enabled = false (custom)
2024-02-27 07:47:42,995 [2b7fc6a0-bf04-48ac-bcd5-1387629fb818-groupManagement] INFO  server.RaftServerConfigKeys (ConfUtils.java:logGet(46)) - raft.server.threadpool.server.cached = true (default)
2024-02-27 07:47:42,995 [2b7fc6a0-bf04-48ac-bcd5-1387629fb818-groupManagement] INFO  server.RaftServerConfigKeys (ConfUtils.java:logGet(46)) - raft.server.threadpool.server.size = 0 (default)
2024-02-27 07:47:42,995 [2b7fc6a0-bf04-48ac-bcd5-1387629fb818-groupManagement] INFO  server.RaftServerConfigKeys (ConfUtils.java:logGet(46)) - raft.server.threadpool.client.cached = true (default)
2024-02-27 07:47:42,996 [2b7fc6a0-bf04-48ac-bcd5-1387629fb818-groupManagement] INFO  server.RaftServerConfigKeys (ConfUtils.java:logGet(46)) - raft.server.threadpool.client.size = 0 (default)
2024-02-27 07:47:42,996 [2b7fc6a0-bf04-48ac-bcd5-1387629fb818-groupManagement] INFO  server.RaftServerConfigKeys (ConfUtils.java:logGet(46)) - raft.server.storage.free-space.min = 0MB (=0) (default)
2024-02-27 07:47:42,996 [2b7fc6a0-bf04-48ac-bcd5-1387629fb818-groupManagement] INFO  server.RaftServerConfigKeys (ConfUtils.java:logGet(46)) - raft.server.log.corruption.policy = EXCEPTION (default)
2024-02-27 07:47:42,996 [2b7fc6a0-bf04-48ac-bcd5-1387629fb818-groupManagement] INFO  server.RaftServerConfigKeys (ConfUtils.java:logGet(46)) - raft.server.storage.dir = [/home/runner/work/ozone/ozone/hadoop-ozone/integration-test/target/test-dir/MiniOzoneClusterImpl-faebf4ee-6c4b-485b-8d19-aa685ee0d5ee/ozone-meta/datanode-3/ratis] (custom)
2024-02-27 07:47:42,996 [2b7fc6a0-bf04-48ac-bcd5-1387629fb818-groupManagement] INFO  storage.RaftStorageDirectory (RaftStorageDirectoryImpl.java:analyzeStorage(138)) - The storage directory /home/runner/work/ozone/ozone/hadoop-ozone/integration-test/target/test-dir/MiniOzoneClusterImpl-faebf4ee-6c4b-485b-8d19-aa685ee0d5ee/ozone-meta/datanode-3/ratis/a6449a32-beab-489a-aae2-399aeb34022d does not exist. Creating ...
2024-02-27 07:47:42,997 [2b7fc6a0-bf04-48ac-bcd5-1387629fb818-groupManagement] INFO  storage.RaftStorageDirectory (RaftStorageDirectoryImpl.java:tryLock(228)) - Lock on /home/runner/work/ozone/ozone/hadoop-ozone/integration-test/target/test-dir/MiniOzoneClusterImpl-faebf4ee-6c4b-485b-8d19-aa685ee0d5ee/ozone-meta/datanode-3/ratis/a6449a32-beab-489a-aae2-399aeb34022d/in_use.lock acquired by nodename 40924@fv-az699-61
2024-02-27 07:47:42,998 [2b7fc6a0-bf04-48ac-bcd5-1387629fb818-groupManagement] INFO  storage.RaftStorage (RaftStorageImpl.java:format(99)) - Storage directory /home/runner/work/ozone/ozone/hadoop-ozone/integration-test/target/test-dir/MiniOzoneClusterImpl-faebf4ee-6c4b-485b-8d19-aa685ee0d5ee/ozone-meta/datanode-3/ratis/a6449a32-beab-489a-aae2-399aeb34022d has been successfully formatted.
2024-02-27 07:47:42,998 [2b7fc6a0-bf04-48ac-bcd5-1387629fb818-groupManagement] WARN  util.FileUtils (LogUtils.java:supplyAndLog(63)) - Failed to Files.newInputStream /home/runner/work/ozone/ozone/hadoop-ozone/integration-test/target/test-dir/MiniOzoneClusterImpl-faebf4ee-6c4b-485b-8d19-aa685ee0d5ee/ozone-meta/datanode-3/ratis/a6449a32-beab-489a-aae2-399aeb34022d/current/raft-meta.conf with options []: java.nio.file.NoSuchFileException: /home/runner/work/ozone/ozone/hadoop-ozone/integration-test/target/test-dir/MiniOzoneClusterImpl-faebf4ee-6c4b-485b-8d19-aa685ee0d5ee/ozone-meta/datanode-3/ratis/a6449a32-beab-489a-aae2-399aeb34022d/current/raft-meta.conf
2024-02-27 07:47:42,999 [2b7fc6a0-bf04-48ac-bcd5-1387629fb818-groupManagement] INFO  ratis.ContainerStateMachine (ContainerStateMachine.java:loadSnapshot(287)) - group-399AEB34022D: The snapshot info is null. Setting the last applied index to:(t:0, i:~)
2024-02-27 07:47:43,000 [2b7fc6a0-bf04-48ac-bcd5-1387629fb818-groupManagement] INFO  server.RaftServerConfigKeys (ConfUtils.java:logGet(46)) - raft.server.log.use.memory = false (default)
2024-02-27 07:47:43,000 [2b7fc6a0-bf04-48ac-bcd5-1387629fb818-groupManagement] INFO  server.RaftServerConfigKeys (ConfUtils.java:logGet(46)) - raft.server.log.purge.gap = 1000000 (custom)
2024-02-27 07:47:43,000 [2b7fc6a0-bf04-48ac-bcd5-1387629fb818-groupManagement] INFO  server.RaftServerConfigKeys (ConfUtils.java:logGet(46)) - raft.server.log.appender.buffer.byte-limit = 8388608 (custom)
2024-02-27 07:47:43,000 [2b7fc6a0-bf04-48ac-bcd5-1387629fb818-groupManagement] INFO  server.RaftServerConfigKeys (ConfUtils.java:logGet(46)) - raft.server.log.statemachine.data.read.timeout = 1000ms (default)
2024-02-27 07:47:43,000 [2b7fc6a0-bf04-48ac-bcd5-1387629fb818-groupManagement] INFO  server.RaftServerConfigKeys (ConfUtils.java:logGet(46)) - raft.server.log.purge.preservation.log.num = 0 (default)
2024-02-27 07:47:43,001 [2b7fc6a0-bf04-48ac-bcd5-1387629fb818-groupManagement] INFO  server.RaftServerConfigKeys (ConfUtils.java:logGet(46)) - raft.server.log.segment.size.max = 67108864 (custom)
2024-02-27 07:47:43,001 [2b7fc6a0-bf04-48ac-bcd5-1387629fb818-groupManagement] INFO  server.RaftServerConfigKeys (ConfUtils.java:logGet(46)) - raft.server.log.segment.cache.num.max = 2 (custom)
2024-02-27 07:47:43,002 [2b7fc6a0-bf04-48ac-bcd5-1387629fb818-groupManagement] INFO  server.RaftServerConfigKeys (ConfUtils.java:logGet(46)) - raft.server.log.segment.cache.size.max = 200MB (=209715200) (default)
2024-02-27 07:47:43,002 [2b7fc6a0-bf04-48ac-bcd5-1387629fb818-groupManagement] INFO  server.RaftServerConfigKeys (ConfUtils.java:logGet(46)) - raft.server.log.appender.buffer.byte-limit = 8388608 (custom)
2024-02-27 07:47:43,002 [2b7fc6a0-bf04-48ac-bcd5-1387629fb818-groupManagement] INFO  util.AwaitToRun (AwaitToRun.java:start(81)) - Thread[2b7fc6a0-bf04-48ac-bcd5-1387629fb818@group-399AEB34022D-cacheEviction-AwaitToRun,5,main] started
2024-02-27 07:47:43,002 [2b7fc6a0-bf04-48ac-bcd5-1387629fb818-groupManagement] INFO  segmented.SegmentedRaftLogWorker (SegmentedRaftLogWorker.java:<init>(182)) - new 2b7fc6a0-bf04-48ac-bcd5-1387629fb818@group-399AEB34022D-SegmentedRaftLogWorker for RaftStorageImpl:Storage Directory /home/runner/work/ozone/ozone/hadoop-ozone/integration-test/target/test-dir/MiniOzoneClusterImpl-faebf4ee-6c4b-485b-8d19-aa685ee0d5ee/ozone-meta/datanode-3/ratis/a6449a32-beab-489a-aae2-399aeb34022d
2024-02-27 07:47:43,002 [2b7fc6a0-bf04-48ac-bcd5-1387629fb818-groupManagement] INFO  server.RaftServerConfigKeys (ConfUtils.java:logGet(46)) - raft.server.log.queue.byte-limit = 4294967296 (custom)
2024-02-27 07:47:43,002 [2b7fc6a0-bf04-48ac-bcd5-1387629fb818-groupManagement] INFO  server.RaftServerConfigKeys (ConfUtils.java:logGet(46)) - raft.server.log.queue.element-limit = 1024 (custom)
2024-02-27 07:47:43,002 [2b7fc6a0-bf04-48ac-bcd5-1387629fb818-groupManagement] INFO  server.RaftServerConfigKeys (ConfUtils.java:logGet(46)) - raft.server.log.segment.size.max = 67108864 (custom)
2024-02-27 07:47:43,002 [2b7fc6a0-bf04-48ac-bcd5-1387629fb818-groupManagement] INFO  server.RaftServerConfigKeys (ConfUtils.java:logGet(46)) - raft.server.log.preallocated.size = 4194304 (custom)
2024-02-27 07:47:43,003 [2b7fc6a0-bf04-48ac-bcd5-1387629fb818-groupManagement] INFO  server.RaftServerConfigKeys (ConfUtils.java:logGet(46)) - raft.server.log.force.sync.num = 128 (default)
2024-02-27 07:47:43,003 [2b7fc6a0-bf04-48ac-bcd5-1387629fb818-groupManagement] INFO  server.RaftServerConfigKeys (ConfUtils.java:logGet(46)) - raft.server.log.statemachine.data.sync = true (default)
2024-02-27 07:47:43,003 [2b7fc6a0-bf04-48ac-bcd5-1387629fb818-groupManagement] INFO  server.RaftServerConfigKeys (ConfUtils.java:logGet(46)) - raft.server.log.statemachine.data.sync.timeout = 10s (default)
2024-02-27 07:47:43,003 [2b7fc6a0-bf04-48ac-bcd5-1387629fb818-groupManagement] INFO  server.RaftServerConfigKeys (ConfUtils.java:logGet(46)) - raft.server.log.statemachine.data.sync.timeout.retry = 0 (custom)
2024-02-27 07:47:43,003 [2b7fc6a0-bf04-48ac-bcd5-1387629fb818-groupManagement] INFO  server.RaftServerConfigKeys (ConfUtils.java:logGet(46)) - raft.server.log.write.buffer.size = 8388616 (custom)
2024-02-27 07:47:43,004 [2b7fc6a0-bf04-48ac-bcd5-1387629fb818-groupManagement] INFO  server.RaftServerConfigKeys (ConfUtils.java:logGet(46)) - raft.server.log.appender.buffer.byte-limit = 8388608 (custom)
2024-02-27 07:47:43,005 [2b7fc6a0-bf04-48ac-bcd5-1387629fb818-groupManagement] INFO  server.RaftServerConfigKeys (ConfUtils.java:logGet(46)) - raft.server.log.unsafe-flush.enabled = false (default)
2024-02-27 07:47:43,005 [2b7fc6a0-bf04-48ac-bcd5-1387629fb818-groupManagement] INFO  server.RaftServerConfigKeys (ConfUtils.java:logGet(46)) - raft.server.log.async-flush.enabled = false (default)
2024-02-27 07:47:43,005 [2b7fc6a0-bf04-48ac-bcd5-1387629fb818-groupManagement] INFO  server.RaftServerConfigKeys (ConfUtils.java:logGet(46)) - raft.server.log.statemachine.data.caching.enabled = true (custom)
2024-02-27 07:47:43,005 [2b7fc6a0-bf04-48ac-bcd5-1387629fb818-groupManagement] INFO  segmented.SegmentedRaftLogWorker (SegmentedRaftLogWorker.java:lambda$new$0(134)) - 2b7fc6a0-bf04-48ac-bcd5-1387629fb818@group-399AEB34022D-SegmentedRaftLogWorker: flushIndex: setUnconditionally 0 -> -1
2024-02-27 07:47:43,005 [2b7fc6a0-bf04-48ac-bcd5-1387629fb818-groupManagement] INFO  segmented.SegmentedRaftLogWorker (SegmentedRaftLogWorker.java:lambda$new$0(134)) - 2b7fc6a0-bf04-48ac-bcd5-1387629fb818@group-399AEB34022D-SegmentedRaftLogWorker: safeCacheEvictIndex: setUnconditionally 0 -> -1
2024-02-27 07:47:43,005 [2b7fc6a0-bf04-48ac-bcd5-1387629fb818-groupManagement] INFO  server.RaftServer$Division (RaftServerImpl.java:start(396)) - 2b7fc6a0-bf04-48ac-bcd5-1387629fb818@group-399AEB34022D: start as a follower, conf=-1: peers:[2b7fc6a0-bf04-48ac-bcd5-1387629fb818|10.1.0.19:15212, b25ec414-9acd-4350-8ffe-2659fbf5f78f|10.1.0.19:15203, 0b055c95-c6cb-4c32-92a9-22069dc0a51e|10.1.0.19:15194]|listeners:[], old=null
2024-02-27 07:47:43,006 [2b7fc6a0-bf04-48ac-bcd5-1387629fb818-groupManagement] INFO  server.RaftServer$Division (RaftServerImpl.java:setRole(383)) - 2b7fc6a0-bf04-48ac-bcd5-1387629fb818@group-399AEB34022D: changes role from      null to FOLLOWER at term 0 for startAsFollower
2024-02-27 07:47:43,006 [2b7fc6a0-bf04-48ac-bcd5-1387629fb818-groupManagement] INFO  impl.RoleInfo (RoleInfo.java:updateAndGet(139)) - 2b7fc6a0-bf04-48ac-bcd5-1387629fb818: start 2b7fc6a0-bf04-48ac-bcd5-1387629fb818@group-399AEB34022D-FollowerState
2024-02-27 07:47:43,006 [2b7fc6a0-bf04-48ac-bcd5-1387629fb818@group-399AEB34022D-FollowerState] INFO  server.RaftServerConfigKeys (ConfUtils.java:logFallback(53)) - raft.server.rpc.first-election.timeout.min = 5s (fallback to raft.server.rpc.timeout.min)
2024-02-27 07:47:43,006 [2b7fc6a0-bf04-48ac-bcd5-1387629fb818@group-399AEB34022D-FollowerState] INFO  server.RaftServerConfigKeys (ConfUtils.java:logFallback(53)) - raft.server.rpc.first-election.timeout.max = 5200ms (fallback to raft.server.rpc.timeout.max)
2024-02-27 07:47:43,006 [2b7fc6a0-bf04-48ac-bcd5-1387629fb818-groupManagement] INFO  util.JmxRegister (JmxRegister.java:tryRegister(44)) - Successfully registered JMX Bean with object name Ratis:service=RaftServer,group=group-399AEB34022D,id=2b7fc6a0-bf04-48ac-bcd5-1387629fb818
2024-02-27 07:47:43,006 [2b7fc6a0-bf04-48ac-bcd5-1387629fb818-groupManagement] INFO  server.RaftServerConfigKeys (ConfUtils.java:logGet(46)) - raft.server.snapshot.trigger-when-stop.enabled = true (default)
2024-02-27 07:47:43,006 [2b7fc6a0-bf04-48ac-bcd5-1387629fb818-groupManagement] INFO  server.RaftServerConfigKeys (ConfUtils.java:logGet(46)) - raft.server.snapshot.auto.trigger.enabled = true (custom)
2024-02-27 07:47:43,006 [2b7fc6a0-bf04-48ac-bcd5-1387629fb818-groupManagement] INFO  server.RaftServerConfigKeys (ConfUtils.java:logGet(46)) - raft.server.snapshot.auto.trigger.threshold = 10000 (custom)
2024-02-27 07:47:43,006 [2b7fc6a0-bf04-48ac-bcd5-1387629fb818-groupManagement] INFO  server.RaftServerConfigKeys (ConfUtils.java:logGet(46)) - raft.server.snapshot.retention.file.num = 5 (custom)
2024-02-27 07:47:43,006 [2b7fc6a0-bf04-48ac-bcd5-1387629fb818-groupManagement] INFO  server.RaftServerConfigKeys (ConfUtils.java:logGet(46)) - raft.server.log.purge.upto.snapshot.index = false (default)
2024-02-27 07:47:43,016 [grpc-default-executor-4] INFO  server.RaftServer (RaftServerProxy.java:addNew(100)) - b25ec414-9acd-4350-8ffe-2659fbf5f78f: addNew group-399AEB34022D:[2b7fc6a0-bf04-48ac-bcd5-1387629fb818|10.1.0.19:15212, b25ec414-9acd-4350-8ffe-2659fbf5f78f|10.1.0.19:15203, 0b055c95-c6cb-4c32-92a9-22069dc0a51e|10.1.0.19:15194] returns group-399AEB34022D:java.util.concurrent.CompletableFuture@301cb98e[Not completed]
2024-02-27 07:47:43,017 [b25ec414-9acd-4350-8ffe-2659fbf5f78f-groupManagement] INFO  server.RaftServer$Division (RaftServerImpl.java:<init>(256)) - b25ec414-9acd-4350-8ffe-2659fbf5f78f: new RaftServerImpl for group-399AEB34022D:[2b7fc6a0-bf04-48ac-bcd5-1387629fb818|10.1.0.19:15212, b25ec414-9acd-4350-8ffe-2659fbf5f78f|10.1.0.19:15203, 0b055c95-c6cb-4c32-92a9-22069dc0a51e|10.1.0.19:15194] with ContainerStateMachine:uninitialized
2024-02-27 07:47:43,017 [b25ec414-9acd-4350-8ffe-2659fbf5f78f-groupManagement] INFO  server.RaftServerConfigKeys (ConfUtils.java:logGet(46)) - raft.server.rpc.timeout.min = 5s (custom)
2024-02-27 07:47:43,017 [b25ec414-9acd-4350-8ffe-2659fbf5f78f-groupManagement] INFO  server.RaftServerConfigKeys (ConfUtils.java:logGet(46)) - raft.server.rpc.timeout.max = 5200ms (custom)
2024-02-27 07:47:43,018 [b25ec414-9acd-4350-8ffe-2659fbf5f78f-groupManagement] INFO  server.RaftServerConfigKeys (ConfUtils.java:logGet(46)) - raft.server.rpc.sleep.time = 25ms (default)
2024-02-27 07:47:43,018 [b25ec414-9acd-4350-8ffe-2659fbf5f78f-groupManagement] INFO  server.RaftServerConfigKeys (ConfUtils.java:logGet(46)) - raft.server.rpc.slowness.timeout = 300s (custom)
2024-02-27 07:47:43,018 [b25ec414-9acd-4350-8ffe-2659fbf5f78f-groupManagement] INFO  server.RaftServerConfigKeys (ConfUtils.java:logGet(46)) - raft.server.leaderelection.leader.step-down.wait-time = 10s (default)
2024-02-27 07:47:43,018 [b25ec414-9acd-4350-8ffe-2659fbf5f78f-groupManagement] INFO  server.RaftServerConfigKeys (ConfUtils.java:logGet(46)) - raft.server.leaderelection.member.majority-add = false (default)
2024-02-27 07:47:43,019 [b25ec414-9acd-4350-8ffe-2659fbf5f78f-groupManagement] INFO  server.RaftServerConfigKeys (ConfUtils.java:logGet(46)) - raft.server.sleep.deviation.threshold = 300ms (default)
2024-02-27 07:47:43,019 [b25ec414-9acd-4350-8ffe-2659fbf5f78f-groupManagement] INFO  server.RaftServer$Division (ServerState.java:<init>(113)) - b25ec414-9acd-4350-8ffe-2659fbf5f78f@group-399AEB34022D: ConfigurationManager, init=-1: peers:[2b7fc6a0-bf04-48ac-bcd5-1387629fb818|10.1.0.19:15212, b25ec414-9acd-4350-8ffe-2659fbf5f78f|10.1.0.19:15203, 0b055c95-c6cb-4c32-92a9-22069dc0a51e|10.1.0.19:15194]|listeners:[], old=null, confs=<EMPTY_MAP>
2024-02-27 07:47:43,019 [b25ec414-9acd-4350-8ffe-2659fbf5f78f-groupManagement] INFO  server.RaftServerConfigKeys (ConfUtils.java:logGet(46)) - raft.server.notification.no-leader.timeout = 300s (custom)
2024-02-27 07:47:43,019 [b25ec414-9acd-4350-8ffe-2659fbf5f78f-groupManagement] INFO  server.RaftServerConfigKeys (ConfUtils.java:logGet(46)) - raft.server.read.timeout = 10s (default)
2024-02-27 07:47:43,019 [b25ec414-9acd-4350-8ffe-2659fbf5f78f-groupManagement] INFO  server.RaftServerConfigKeys (ConfUtils.java:logGet(46)) - raft.server.retrycache.expirytime = 600000ms (custom)
2024-02-27 07:47:43,019 [b25ec414-9acd-4350-8ffe-2659fbf5f78f-groupManagement] INFO  server.RaftServerConfigKeys (ConfUtils.java:logGet(46)) - raft.server.retrycache.statistics.expirytime = 100ms (default)
2024-02-27 07:47:43,019 [b25ec414-9acd-4350-8ffe-2659fbf5f78f-groupManagement] INFO  server.RaftServerConfigKeys (ConfUtils.java:logGet(46)) - raft.server.read.option = DEFAULT (default)
2024-02-27 07:47:43,019 [b25ec414-9acd-4350-8ffe-2659fbf5f78f-groupManagement] INFO  server.RaftServerConfigKeys (ConfUtils.java:logGet(46)) - raft.server.read.read-after-write-consistent.write-index-cache.expiry-time = 60s (default)
2024-02-27 07:47:43,031 [b25ec414-9acd-4350-8ffe-2659fbf5f78f-groupManagement] INFO  server.RaftServerConfigKeys (ConfUtils.java:logGet(46)) - raft.server.rpc.request.timeout = 60s (custom)
2024-02-27 07:47:43,031 [b25ec414-9acd-4350-8ffe-2659fbf5f78f-groupManagement] INFO  server.RaftServerConfigKeys (ConfUtils.java:logGet(46)) - raft.server.log.appender.install.snapshot.enabled = false (custom)
2024-02-27 07:47:43,031 [b25ec414-9acd-4350-8ffe-2659fbf5f78f-groupManagement] INFO  server.RaftServerConfigKeys (ConfUtils.java:logGet(46)) - raft.server.threadpool.server.cached = true (default)
2024-02-27 07:47:43,032 [b25ec414-9acd-4350-8ffe-2659fbf5f78f-groupManagement] INFO  server.RaftServerConfigKeys (ConfUtils.java:logGet(46)) - raft.server.threadpool.server.size = 0 (default)
2024-02-27 07:47:43,032 [b25ec414-9acd-4350-8ffe-2659fbf5f78f-groupManagement] INFO  server.RaftServerConfigKeys (ConfUtils.java:logGet(46)) - raft.server.threadpool.client.cached = true (default)
2024-02-27 07:47:43,032 [b25ec414-9acd-4350-8ffe-2659fbf5f78f-groupManagement] INFO  server.RaftServerConfigKeys (ConfUtils.java:logGet(46)) - raft.server.threadpool.client.size = 0 (default)
2024-02-27 07:47:43,032 [b25ec414-9acd-4350-8ffe-2659fbf5f78f-groupManagement] INFO  server.RaftServerConfigKeys (ConfUtils.java:logGet(46)) - raft.server.storage.free-space.min = 0MB (=0) (default)
2024-02-27 07:47:43,032 [b25ec414-9acd-4350-8ffe-2659fbf5f78f-groupManagement] INFO  server.RaftServerConfigKeys (ConfUtils.java:logGet(46)) - raft.server.log.corruption.policy = EXCEPTION (default)
2024-02-27 07:47:43,032 [b25ec414-9acd-4350-8ffe-2659fbf5f78f-groupManagement] INFO  server.RaftServerConfigKeys (ConfUtils.java:logGet(46)) - raft.server.storage.dir = [/home/runner/work/ozone/ozone/hadoop-ozone/integration-test/target/test-dir/MiniOzoneClusterImpl-faebf4ee-6c4b-485b-8d19-aa685ee0d5ee/ozone-meta/datanode-2/ratis] (custom)
2024-02-27 07:47:43,033 [b25ec414-9acd-4350-8ffe-2659fbf5f78f-groupManagement] INFO  storage.RaftStorageDirectory (RaftStorageDirectoryImpl.java:analyzeStorage(138)) - The storage directory /home/runner/work/ozone/ozone/hadoop-ozone/integration-test/target/test-dir/MiniOzoneClusterImpl-faebf4ee-6c4b-485b-8d19-aa685ee0d5ee/ozone-meta/datanode-2/ratis/a6449a32-beab-489a-aae2-399aeb34022d does not exist. Creating ...
2024-02-27 07:47:43,035 [b25ec414-9acd-4350-8ffe-2659fbf5f78f-groupManagement] INFO  storage.RaftStorageDirectory (RaftStorageDirectoryImpl.java:tryLock(228)) - Lock on /home/runner/work/ozone/ozone/hadoop-ozone/integration-test/target/test-dir/MiniOzoneClusterImpl-faebf4ee-6c4b-485b-8d19-aa685ee0d5ee/ozone-meta/datanode-2/ratis/a6449a32-beab-489a-aae2-399aeb34022d/in_use.lock acquired by nodename 40924@fv-az699-61
2024-02-27 07:47:43,037 [b25ec414-9acd-4350-8ffe-2659fbf5f78f-groupManagement] INFO  storage.RaftStorage (RaftStorageImpl.java:format(99)) - Storage directory /home/runner/work/ozone/ozone/hadoop-ozone/integration-test/target/test-dir/MiniOzoneClusterImpl-faebf4ee-6c4b-485b-8d19-aa685ee0d5ee/ozone-meta/datanode-2/ratis/a6449a32-beab-489a-aae2-399aeb34022d has been successfully formatted.
2024-02-27 07:47:43,037 [b25ec414-9acd-4350-8ffe-2659fbf5f78f-groupManagement] WARN  util.FileUtils (LogUtils.java:supplyAndLog(63)) - Failed to Files.newInputStream /home/runner/work/ozone/ozone/hadoop-ozone/integration-test/target/test-dir/MiniOzoneClusterImpl-faebf4ee-6c4b-485b-8d19-aa685ee0d5ee/ozone-meta/datanode-2/ratis/a6449a32-beab-489a-aae2-399aeb34022d/current/raft-meta.conf with options []: java.nio.file.NoSuchFileException: /home/runner/work/ozone/ozone/hadoop-ozone/integration-test/target/test-dir/MiniOzoneClusterImpl-faebf4ee-6c4b-485b-8d19-aa685ee0d5ee/ozone-meta/datanode-2/ratis/a6449a32-beab-489a-aae2-399aeb34022d/current/raft-meta.conf
2024-02-27 07:47:43,046 [b25ec414-9acd-4350-8ffe-2659fbf5f78f-groupManagement] INFO  ratis.ContainerStateMachine (ContainerStateMachine.java:loadSnapshot(287)) - group-399AEB34022D: The snapshot info is null. Setting the last applied index to:(t:0, i:~)
2024-02-27 07:47:43,046 [b25ec414-9acd-4350-8ffe-2659fbf5f78f-groupManagement] INFO  server.RaftServerConfigKeys (ConfUtils.java:logGet(46)) - raft.server.log.use.memory = false (default)
2024-02-27 07:47:43,047 [b25ec414-9acd-4350-8ffe-2659fbf5f78f-groupManagement] INFO  server.RaftServerConfigKeys (ConfUtils.java:logGet(46)) - raft.server.log.purge.gap = 1000000 (custom)
2024-02-27 07:47:43,047 [b25ec414-9acd-4350-8ffe-2659fbf5f78f-groupManagement] INFO  server.RaftServerConfigKeys (ConfUtils.java:logGet(46)) - raft.server.log.appender.buffer.byte-limit = 8388608 (custom)
2024-02-27 07:47:43,047 [b25ec414-9acd-4350-8ffe-2659fbf5f78f-groupManagement] INFO  server.RaftServerConfigKeys (ConfUtils.java:logGet(46)) - raft.server.log.statemachine.data.read.timeout = 1000ms (default)
2024-02-27 07:47:43,047 [b25ec414-9acd-4350-8ffe-2659fbf5f78f-groupManagement] INFO  server.RaftServerConfigKeys (ConfUtils.java:logGet(46)) - raft.server.log.purge.preservation.log.num = 0 (default)
2024-02-27 07:47:43,048 [b25ec414-9acd-4350-8ffe-2659fbf5f78f-groupManagement] INFO  server.RaftServerConfigKeys (ConfUtils.java:logGet(46)) - raft.server.log.segment.size.max = 67108864 (custom)
2024-02-27 07:47:43,048 [b25ec414-9acd-4350-8ffe-2659fbf5f78f-groupManagement] INFO  server.RaftServerConfigKeys (ConfUtils.java:logGet(46)) - raft.server.log.segment.cache.num.max = 2 (custom)
2024-02-27 07:47:43,048 [b25ec414-9acd-4350-8ffe-2659fbf5f78f-groupManagement] INFO  server.RaftServerConfigKeys (ConfUtils.java:logGet(46)) - raft.server.log.segment.cache.size.max = 200MB (=209715200) (default)
2024-02-27 07:47:43,048 [b25ec414-9acd-4350-8ffe-2659fbf5f78f-groupManagement] INFO  server.RaftServerConfigKeys (ConfUtils.java:logGet(46)) - raft.server.log.appender.buffer.byte-limit = 8388608 (custom)
2024-02-27 07:47:43,050 [b25ec414-9acd-4350-8ffe-2659fbf5f78f-groupManagement] INFO  util.AwaitToRun (AwaitToRun.java:start(81)) - Thread[b25ec414-9acd-4350-8ffe-2659fbf5f78f@group-399AEB34022D-cacheEviction-AwaitToRun,5,main] started
2024-02-27 07:47:43,050 [b25ec414-9acd-4350-8ffe-2659fbf5f78f-groupManagement] INFO  segmented.SegmentedRaftLogWorker (SegmentedRaftLogWorker.java:<init>(182)) - new b25ec414-9acd-4350-8ffe-2659fbf5f78f@group-399AEB34022D-SegmentedRaftLogWorker for RaftStorageImpl:Storage Directory /home/runner/work/ozone/ozone/hadoop-ozone/integration-test/target/test-dir/MiniOzoneClusterImpl-faebf4ee-6c4b-485b-8d19-aa685ee0d5ee/ozone-meta/datanode-2/ratis/a6449a32-beab-489a-aae2-399aeb34022d
2024-02-27 07:47:43,050 [b25ec414-9acd-4350-8ffe-2659fbf5f78f-groupManagement] INFO  server.RaftServerConfigKeys (ConfUtils.java:logGet(46)) - raft.server.log.queue.byte-limit = 4294967296 (custom)
2024-02-27 07:47:43,050 [b25ec414-9acd-4350-8ffe-2659fbf5f78f-groupManagement] INFO  server.RaftServerConfigKeys (ConfUtils.java:logGet(46)) - raft.server.log.queue.element-limit = 1024 (custom)
2024-02-27 07:47:43,050 [b25ec414-9acd-4350-8ffe-2659fbf5f78f-groupManagement] INFO  server.RaftServerConfigKeys (ConfUtils.java:logGet(46)) - raft.server.log.segment.size.max = 67108864 (custom)
2024-02-27 07:47:43,050 [b25ec414-9acd-4350-8ffe-2659fbf5f78f-groupManagement] INFO  server.RaftServerConfigKeys (ConfUtils.java:logGet(46)) - raft.server.log.preallocated.size = 4194304 (custom)
2024-02-27 07:47:43,050 [b25ec414-9acd-4350-8ffe-2659fbf5f78f-groupManagement] INFO  server.RaftServerConfigKeys (ConfUtils.java:logGet(46)) - raft.server.log.force.sync.num = 128 (default)
2024-02-27 07:47:43,050 [b25ec414-9acd-4350-8ffe-2659fbf5f78f-groupManagement] INFO  server.RaftServerConfigKeys (ConfUtils.java:logGet(46)) - raft.server.log.statemachine.data.sync = true (default)
2024-02-27 07:47:43,050 [b25ec414-9acd-4350-8ffe-2659fbf5f78f-groupManagement] INFO  server.RaftServerConfigKeys (ConfUtils.java:logGet(46)) - raft.server.log.statemachine.data.sync.timeout = 10s (default)
2024-02-27 07:47:43,050 [b25ec414-9acd-4350-8ffe-2659fbf5f78f-groupManagement] INFO  server.RaftServerConfigKeys (ConfUtils.java:logGet(46)) - raft.server.log.statemachine.data.sync.timeout.retry = 0 (custom)
2024-02-27 07:47:43,050 [b25ec414-9acd-4350-8ffe-2659fbf5f78f-groupManagement] INFO  server.RaftServerConfigKeys (ConfUtils.java:logGet(46)) - raft.server.log.write.buffer.size = 8388616 (custom)
2024-02-27 07:47:43,053 [b25ec414-9acd-4350-8ffe-2659fbf5f78f-groupManagement] INFO  server.RaftServerConfigKeys (ConfUtils.java:logGet(46)) - raft.server.log.appender.buffer.byte-limit = 8388608 (custom)
2024-02-27 07:47:43,053 [b25ec414-9acd-4350-8ffe-2659fbf5f78f-groupManagement] INFO  server.RaftServerConfigKeys (ConfUtils.java:logGet(46)) - raft.server.log.unsafe-flush.enabled = false (default)
2024-02-27 07:47:43,053 [b25ec414-9acd-4350-8ffe-2659fbf5f78f-groupManagement] INFO  server.RaftServerConfigKeys (ConfUtils.java:logGet(46)) - raft.server.log.async-flush.enabled = false (default)
2024-02-27 07:47:43,053 [b25ec414-9acd-4350-8ffe-2659fbf5f78f-groupManagement] INFO  server.RaftServerConfigKeys (ConfUtils.java:logGet(46)) - raft.server.log.statemachine.data.caching.enabled = true (custom)
2024-02-27 07:47:43,053 [b25ec414-9acd-4350-8ffe-2659fbf5f78f-groupManagement] INFO  segmented.SegmentedRaftLogWorker (SegmentedRaftLogWorker.java:lambda$new$0(134)) - b25ec414-9acd-4350-8ffe-2659fbf5f78f@group-399AEB34022D-SegmentedRaftLogWorker: flushIndex: setUnconditionally 0 -> -1
2024-02-27 07:47:43,053 [b25ec414-9acd-4350-8ffe-2659fbf5f78f-groupManagement] INFO  segmented.SegmentedRaftLogWorker (SegmentedRaftLogWorker.java:lambda$new$0(134)) - b25ec414-9acd-4350-8ffe-2659fbf5f78f@group-399AEB34022D-SegmentedRaftLogWorker: safeCacheEvictIndex: setUnconditionally 0 -> -1
2024-02-27 07:47:43,054 [b25ec414-9acd-4350-8ffe-2659fbf5f78f-groupManagement] INFO  server.RaftServer$Division (RaftServerImpl.java:start(396)) - b25ec414-9acd-4350-8ffe-2659fbf5f78f@group-399AEB34022D: start as a follower, conf=-1: peers:[2b7fc6a0-bf04-48ac-bcd5-1387629fb818|10.1.0.19:15212, b25ec414-9acd-4350-8ffe-2659fbf5f78f|10.1.0.19:15203, 0b055c95-c6cb-4c32-92a9-22069dc0a51e|10.1.0.19:15194]|listeners:[], old=null
2024-02-27 07:47:43,054 [b25ec414-9acd-4350-8ffe-2659fbf5f78f-groupManagement] INFO  server.RaftServer$Division (RaftServerImpl.java:setRole(383)) - b25ec414-9acd-4350-8ffe-2659fbf5f78f@group-399AEB34022D: changes role from      null to FOLLOWER at term 0 for startAsFollower
2024-02-27 07:47:43,054 [b25ec414-9acd-4350-8ffe-2659fbf5f78f-groupManagement] INFO  impl.RoleInfo (RoleInfo.java:updateAndGet(139)) - b25ec414-9acd-4350-8ffe-2659fbf5f78f: start b25ec414-9acd-4350-8ffe-2659fbf5f78f@group-399AEB34022D-FollowerState
2024-02-27 07:47:43,054 [b25ec414-9acd-4350-8ffe-2659fbf5f78f@group-399AEB34022D-FollowerState] INFO  server.RaftServerConfigKeys (ConfUtils.java:logFallback(53)) - raft.server.rpc.first-election.timeout.min = 5s (fallback to raft.server.rpc.timeout.min)
2024-02-27 07:47:43,054 [b25ec414-9acd-4350-8ffe-2659fbf5f78f@group-399AEB34022D-FollowerState] INFO  server.RaftServerConfigKeys (ConfUtils.java:logFallback(53)) - raft.server.rpc.first-election.timeout.max = 5200ms (fallback to raft.server.rpc.timeout.max)
2024-02-27 07:47:43,054 [b25ec414-9acd-4350-8ffe-2659fbf5f78f-groupManagement] INFO  util.JmxRegister (JmxRegister.java:tryRegister(44)) - Successfully registered JMX Bean with object name Ratis:service=RaftServer,group=group-399AEB34022D,id=b25ec414-9acd-4350-8ffe-2659fbf5f78f
2024-02-27 07:47:43,054 [b25ec414-9acd-4350-8ffe-2659fbf5f78f-groupManagement] INFO  server.RaftServerConfigKeys (ConfUtils.java:logGet(46)) - raft.server.snapshot.trigger-when-stop.enabled = true (default)
2024-02-27 07:47:43,057 [b25ec414-9acd-4350-8ffe-2659fbf5f78f-groupManagement] INFO  server.RaftServerConfigKeys (ConfUtils.java:logGet(46)) - raft.server.snapshot.auto.trigger.enabled = true (custom)
2024-02-27 07:47:43,057 [b25ec414-9acd-4350-8ffe-2659fbf5f78f-groupManagement] INFO  server.RaftServerConfigKeys (ConfUtils.java:logGet(46)) - raft.server.snapshot.auto.trigger.threshold = 10000 (custom)
2024-02-27 07:47:43,057 [b25ec414-9acd-4350-8ffe-2659fbf5f78f-groupManagement] INFO  server.RaftServerConfigKeys (ConfUtils.java:logGet(46)) - raft.server.snapshot.retention.file.num = 5 (custom)
2024-02-27 07:47:43,057 [b25ec414-9acd-4350-8ffe-2659fbf5f78f-groupManagement] INFO  server.RaftServerConfigKeys (ConfUtils.java:logGet(46)) - raft.server.log.purge.upto.snapshot.index = false (default)
2024-02-27 07:47:43,063 [0b055c95-c6cb-4c32-92a9-22069dc0a51e-PipelineCommandHandlerThread-0] INFO  commandhandler.CreatePipelineCommandHandler (CreatePipelineCommandHandler.java:lambda$handle$2(124)) - Created Pipeline RATIS THREE PipelineID=a6449a32-beab-489a-aae2-399aeb34022d.
2024-02-27 07:47:43,063 [0b055c95-c6cb-4c32-92a9-22069dc0a51e-PipelineCommandHandlerThread-0] INFO  server.RaftServer (RaftServerProxy.java:addNew(100)) - 0b055c95-c6cb-4c32-92a9-22069dc0a51e: addNew group-2C72975F21C0:[2b7fc6a0-bf04-48ac-bcd5-1387629fb818|10.1.0.19:15212, b25ec414-9acd-4350-8ffe-2659fbf5f78f|10.1.0.19:15203, 0b055c95-c6cb-4c32-92a9-22069dc0a51e|10.1.0.19:15194] returns group-2C72975F21C0:java.util.concurrent.CompletableFuture@6bf28619[Not completed]
2024-02-27 07:47:43,064 [0b055c95-c6cb-4c32-92a9-22069dc0a51e-groupManagement] INFO  server.RaftServer$Division (RaftServerImpl.java:<init>(256)) - 0b055c95-c6cb-4c32-92a9-22069dc0a51e: new RaftServerImpl for group-2C72975F21C0:[2b7fc6a0-bf04-48ac-bcd5-1387629fb818|10.1.0.19:15212, b25ec414-9acd-4350-8ffe-2659fbf5f78f|10.1.0.19:15203, 0b055c95-c6cb-4c32-92a9-22069dc0a51e|10.1.0.19:15194] with ContainerStateMachine:uninitialized
2024-02-27 07:47:43,064 [0b055c95-c6cb-4c32-92a9-22069dc0a51e-groupManagement] INFO  server.RaftServerConfigKeys (ConfUtils.java:logGet(46)) - raft.server.rpc.timeout.min = 5s (custom)
2024-02-27 07:47:43,064 [0b055c95-c6cb-4c32-92a9-22069dc0a51e-groupManagement] INFO  server.RaftServerConfigKeys (ConfUtils.java:logGet(46)) - raft.server.rpc.timeout.max = 5200ms (custom)
2024-02-27 07:47:43,064 [0b055c95-c6cb-4c32-92a9-22069dc0a51e-groupManagement] INFO  server.RaftServerConfigKeys (ConfUtils.java:logGet(46)) - raft.server.rpc.sleep.time = 25ms (default)
2024-02-27 07:47:43,064 [0b055c95-c6cb-4c32-92a9-22069dc0a51e-groupManagement] INFO  server.RaftServerConfigKeys (ConfUtils.java:logGet(46)) - raft.server.rpc.slowness.timeout = 300s (custom)
2024-02-27 07:47:43,064 [0b055c95-c6cb-4c32-92a9-22069dc0a51e-groupManagement] INFO  server.RaftServerConfigKeys (ConfUtils.java:logGet(46)) - raft.server.leaderelection.leader.step-down.wait-time = 10s (default)
2024-02-27 07:47:43,064 [0b055c95-c6cb-4c32-92a9-22069dc0a51e-groupManagement] INFO  server.RaftServerConfigKeys (ConfUtils.java:logGet(46)) - raft.server.leaderelection.member.majority-add = false (default)
2024-02-27 07:47:43,064 [0b055c95-c6cb-4c32-92a9-22069dc0a51e-groupManagement] INFO  server.RaftServerConfigKeys (ConfUtils.java:logGet(46)) - raft.server.sleep.deviation.threshold = 300ms (default)
2024-02-27 07:47:43,064 [0b055c95-c6cb-4c32-92a9-22069dc0a51e-groupManagement] INFO  server.RaftServer$Division (ServerState.java:<init>(113)) - 0b055c95-c6cb-4c32-92a9-22069dc0a51e@group-2C72975F21C0: ConfigurationManager, init=-1: peers:[2b7fc6a0-bf04-48ac-bcd5-1387629fb818|10.1.0.19:15212, b25ec414-9acd-4350-8ffe-2659fbf5f78f|10.1.0.19:15203, 0b055c95-c6cb-4c32-92a9-22069dc0a51e|10.1.0.19:15194]|listeners:[], old=null, confs=<EMPTY_MAP>
2024-02-27 07:47:43,064 [0b055c95-c6cb-4c32-92a9-22069dc0a51e-groupManagement] INFO  server.RaftServerConfigKeys (ConfUtils.java:logGet(46)) - raft.server.notification.no-leader.timeout = 300s (custom)
2024-02-27 07:47:43,064 [0b055c95-c6cb-4c32-92a9-22069dc0a51e-groupManagement] INFO  server.RaftServerConfigKeys (ConfUtils.java:logGet(46)) - raft.server.read.timeout = 10s (default)
2024-02-27 07:47:43,064 [0b055c95-c6cb-4c32-92a9-22069dc0a51e-groupManagement] INFO  server.RaftServerConfigKeys (ConfUtils.java:logGet(46)) - raft.server.retrycache.expirytime = 600000ms (custom)
2024-02-27 07:47:43,064 [0b055c95-c6cb-4c32-92a9-22069dc0a51e-groupManagement] INFO  server.RaftServerConfigKeys (ConfUtils.java:logGet(46)) - raft.server.retrycache.statistics.expirytime = 100ms (default)
2024-02-27 07:47:43,065 [0b055c95-c6cb-4c32-92a9-22069dc0a51e-groupManagement] INFO  server.RaftServerConfigKeys (ConfUtils.java:logGet(46)) - raft.server.read.option = DEFAULT (default)
2024-02-27 07:47:43,065 [0b055c95-c6cb-4c32-92a9-22069dc0a51e-groupManagement] INFO  server.RaftServerConfigKeys (ConfUtils.java:logGet(46)) - raft.server.read.read-after-write-consistent.write-index-cache.expiry-time = 60s (default)
2024-02-27 07:47:43,066 [0b055c95-c6cb-4c32-92a9-22069dc0a51e-groupManagement] INFO  server.RaftServerConfigKeys (ConfUtils.java:logGet(46)) - raft.server.rpc.request.timeout = 60s (custom)
2024-02-27 07:47:43,066 [0b055c95-c6cb-4c32-92a9-22069dc0a51e-groupManagement] INFO  server.RaftServerConfigKeys (ConfUtils.java:logGet(46)) - raft.server.log.appender.install.snapshot.enabled = false (custom)
2024-02-27 07:47:43,066 [0b055c95-c6cb-4c32-92a9-22069dc0a51e-groupManagement] INFO  server.RaftServerConfigKeys (ConfUtils.java:logGet(46)) - raft.server.threadpool.server.cached = true (default)
2024-02-27 07:47:43,066 [0b055c95-c6cb-4c32-92a9-22069dc0a51e-groupManagement] INFO  server.RaftServerConfigKeys (ConfUtils.java:logGet(46)) - raft.server.threadpool.server.size = 0 (default)
2024-02-27 07:47:43,066 [0b055c95-c6cb-4c32-92a9-22069dc0a51e-groupManagement] INFO  server.RaftServerConfigKeys (ConfUtils.java:logGet(46)) - raft.server.threadpool.client.cached = true (default)
2024-02-27 07:47:43,066 [0b055c95-c6cb-4c32-92a9-22069dc0a51e-groupManagement] INFO  server.RaftServerConfigKeys (ConfUtils.java:logGet(46)) - raft.server.threadpool.client.size = 0 (default)
2024-02-27 07:47:43,066 [0b055c95-c6cb-4c32-92a9-22069dc0a51e-groupManagement] INFO  server.RaftServerConfigKeys (ConfUtils.java:logGet(46)) - raft.server.storage.free-space.min = 0MB (=0) (default)
2024-02-27 07:47:43,066 [0b055c95-c6cb-4c32-92a9-22069dc0a51e-groupManagement] INFO  server.RaftServerConfigKeys (ConfUtils.java:logGet(46)) - raft.server.log.corruption.policy = EXCEPTION (default)
2024-02-27 07:47:43,066 [0b055c95-c6cb-4c32-92a9-22069dc0a51e-groupManagement] INFO  server.RaftServerConfigKeys (ConfUtils.java:logGet(46)) - raft.server.storage.dir = [/home/runner/work/ozone/ozone/hadoop-ozone/integration-test/target/test-dir/MiniOzoneClusterImpl-faebf4ee-6c4b-485b-8d19-aa685ee0d5ee/ozone-meta/datanode-1/ratis] (custom)
2024-02-27 07:47:43,067 [0b055c95-c6cb-4c32-92a9-22069dc0a51e-groupManagement] INFO  storage.RaftStorageDirectory (RaftStorageDirectoryImpl.java:analyzeStorage(138)) - The storage directory /home/runner/work/ozone/ozone/hadoop-ozone/integration-test/target/test-dir/MiniOzoneClusterImpl-faebf4ee-6c4b-485b-8d19-aa685ee0d5ee/ozone-meta/datanode-1/ratis/90fc6135-a0c5-4acd-a8d6-2c72975f21c0 does not exist. Creating ...
2024-02-27 07:47:43,068 [0b055c95-c6cb-4c32-92a9-22069dc0a51e-groupManagement] INFO  storage.RaftStorageDirectory (RaftStorageDirectoryImpl.java:tryLock(228)) - Lock on /home/runner/work/ozone/ozone/hadoop-ozone/integration-test/target/test-dir/MiniOzoneClusterImpl-faebf4ee-6c4b-485b-8d19-aa685ee0d5ee/ozone-meta/datanode-1/ratis/90fc6135-a0c5-4acd-a8d6-2c72975f21c0/in_use.lock acquired by nodename 40924@fv-az699-61
2024-02-27 07:47:43,069 [0b055c95-c6cb-4c32-92a9-22069dc0a51e-groupManagement] INFO  storage.RaftStorage (RaftStorageImpl.java:format(99)) - Storage directory /home/runner/work/ozone/ozone/hadoop-ozone/integration-test/target/test-dir/MiniOzoneClusterImpl-faebf4ee-6c4b-485b-8d19-aa685ee0d5ee/ozone-meta/datanode-1/ratis/90fc6135-a0c5-4acd-a8d6-2c72975f21c0 has been successfully formatted.
2024-02-27 07:47:43,069 [0b055c95-c6cb-4c32-92a9-22069dc0a51e-groupManagement] WARN  util.FileUtils (LogUtils.java:supplyAndLog(63)) - Failed to Files.newInputStream /home/runner/work/ozone/ozone/hadoop-ozone/integration-test/target/test-dir/MiniOzoneClusterImpl-faebf4ee-6c4b-485b-8d19-aa685ee0d5ee/ozone-meta/datanode-1/ratis/90fc6135-a0c5-4acd-a8d6-2c72975f21c0/current/raft-meta.conf with options []: java.nio.file.NoSuchFileException: /home/runner/work/ozone/ozone/hadoop-ozone/integration-test/target/test-dir/MiniOzoneClusterImpl-faebf4ee-6c4b-485b-8d19-aa685ee0d5ee/ozone-meta/datanode-1/ratis/90fc6135-a0c5-4acd-a8d6-2c72975f21c0/current/raft-meta.conf
2024-02-27 07:47:43,070 [0b055c95-c6cb-4c32-92a9-22069dc0a51e-groupManagement] INFO  ratis.ContainerStateMachine (ContainerStateMachine.java:loadSnapshot(287)) - group-2C72975F21C0: The snapshot info is null. Setting the last applied index to:(t:0, i:~)
2024-02-27 07:47:43,070 [0b055c95-c6cb-4c32-92a9-22069dc0a51e-groupManagement] INFO  server.RaftServerConfigKeys (ConfUtils.java:logGet(46)) - raft.server.log.use.memory = false (default)
2024-02-27 07:47:43,070 [0b055c95-c6cb-4c32-92a9-22069dc0a51e-groupManagement] INFO  server.RaftServerConfigKeys (ConfUtils.java:logGet(46)) - raft.server.log.purge.gap = 1000000 (custom)
2024-02-27 07:47:43,070 [0b055c95-c6cb-4c32-92a9-22069dc0a51e-groupManagement] INFO  server.RaftServerConfigKeys (ConfUtils.java:logGet(46)) - raft.server.log.appender.buffer.byte-limit = 8388608 (custom)
2024-02-27 07:47:43,070 [0b055c95-c6cb-4c32-92a9-22069dc0a51e-groupManagement] INFO  server.RaftServerConfigKeys (ConfUtils.java:logGet(46)) - raft.server.log.statemachine.data.read.timeout = 1000ms (default)
2024-02-27 07:47:43,070 [0b055c95-c6cb-4c32-92a9-22069dc0a51e-groupManagement] INFO  server.RaftServerConfigKeys (ConfUtils.java:logGet(46)) - raft.server.log.purge.preservation.log.num = 0 (default)
2024-02-27 07:47:43,070 [EventQueue-OpenPipelineForHealthyPipelineSafeModeRule] INFO  safemode.SCMSafeModeManager (HealthyPipelineSafeModeRule.java:process(140)) - SCM in safe mode. Healthy pipelines reported count is 0, required healthy pipeline reported count is 1
2024-02-27 07:47:43,071 [0b055c95-c6cb-4c32-92a9-22069dc0a51e-groupManagement] INFO  server.RaftServerConfigKeys (ConfUtils.java:logGet(46)) - raft.server.log.segment.size.max = 67108864 (custom)
2024-02-27 07:47:43,071 [0b055c95-c6cb-4c32-92a9-22069dc0a51e-groupManagement] INFO  server.RaftServerConfigKeys (ConfUtils.java:logGet(46)) - raft.server.log.segment.cache.num.max = 2 (custom)
2024-02-27 07:47:43,071 [0b055c95-c6cb-4c32-92a9-22069dc0a51e-groupManagement] INFO  server.RaftServerConfigKeys (ConfUtils.java:logGet(46)) - raft.server.log.segment.cache.size.max = 200MB (=209715200) (default)
2024-02-27 07:47:43,071 [0b055c95-c6cb-4c32-92a9-22069dc0a51e-groupManagement] INFO  server.RaftServerConfigKeys (ConfUtils.java:logGet(46)) - raft.server.log.appender.buffer.byte-limit = 8388608 (custom)
2024-02-27 07:47:43,072 [0b055c95-c6cb-4c32-92a9-22069dc0a51e-groupManagement] INFO  util.AwaitToRun (AwaitToRun.java:start(81)) - Thread[0b055c95-c6cb-4c32-92a9-22069dc0a51e@group-2C72975F21C0-cacheEviction-AwaitToRun,5,main] started
2024-02-27 07:47:43,072 [0b055c95-c6cb-4c32-92a9-22069dc0a51e-groupManagement] INFO  segmented.SegmentedRaftLogWorker (SegmentedRaftLogWorker.java:<init>(182)) - new 0b055c95-c6cb-4c32-92a9-22069dc0a51e@group-2C72975F21C0-SegmentedRaftLogWorker for RaftStorageImpl:Storage Directory /home/runner/work/ozone/ozone/hadoop-ozone/integration-test/target/test-dir/MiniOzoneClusterImpl-faebf4ee-6c4b-485b-8d19-aa685ee0d5ee/ozone-meta/datanode-1/ratis/90fc6135-a0c5-4acd-a8d6-2c72975f21c0
2024-02-27 07:47:43,072 [0b055c95-c6cb-4c32-92a9-22069dc0a51e-groupManagement] INFO  server.RaftServerConfigKeys (ConfUtils.java:logGet(46)) - raft.server.log.queue.byte-limit = 4294967296 (custom)
2024-02-27 07:47:43,072 [0b055c95-c6cb-4c32-92a9-22069dc0a51e-groupManagement] INFO  server.RaftServerConfigKeys (ConfUtils.java:logGet(46)) - raft.server.log.queue.element-limit = 1024 (custom)
2024-02-27 07:47:43,072 [0b055c95-c6cb-4c32-92a9-22069dc0a51e-groupManagement] INFO  server.RaftServerConfigKeys (ConfUtils.java:logGet(46)) - raft.server.log.segment.size.max = 67108864 (custom)
2024-02-27 07:47:43,072 [0b055c95-c6cb-4c32-92a9-22069dc0a51e-groupManagement] INFO  server.RaftServerConfigKeys (ConfUtils.java:logGet(46)) - raft.server.log.preallocated.size = 4194304 (custom)
2024-02-27 07:47:43,072 [0b055c95-c6cb-4c32-92a9-22069dc0a51e-groupManagement] INFO  server.RaftServerConfigKeys (ConfUtils.java:logGet(46)) - raft.server.log.force.sync.num = 128 (default)
2024-02-27 07:47:43,072 [0b055c95-c6cb-4c32-92a9-22069dc0a51e-groupManagement] INFO  server.RaftServerConfigKeys (ConfUtils.java:logGet(46)) - raft.server.log.statemachine.data.sync = true (default)
2024-02-27 07:47:43,072 [0b055c95-c6cb-4c32-92a9-22069dc0a51e-groupManagement] INFO  server.RaftServerConfigKeys (ConfUtils.java:logGet(46)) - raft.server.log.statemachine.data.sync.timeout = 10s (default)
2024-02-27 07:47:43,073 [0b055c95-c6cb-4c32-92a9-22069dc0a51e-groupManagement] INFO  server.RaftServerConfigKeys (ConfUtils.java:logGet(46)) - raft.server.log.statemachine.data.sync.timeout.retry = 0 (custom)
2024-02-27 07:47:43,073 [0b055c95-c6cb-4c32-92a9-22069dc0a51e-groupManagement] INFO  server.RaftServerConfigKeys (ConfUtils.java:logGet(46)) - raft.server.log.write.buffer.size = 8388616 (custom)
2024-02-27 07:47:43,074 [0b055c95-c6cb-4c32-92a9-22069dc0a51e-groupManagement] INFO  server.RaftServerConfigKeys (ConfUtils.java:logGet(46)) - raft.server.log.appender.buffer.byte-limit = 8388608 (custom)
2024-02-27 07:47:43,074 [0b055c95-c6cb-4c32-92a9-22069dc0a51e-groupManagement] INFO  server.RaftServerConfigKeys (ConfUtils.java:logGet(46)) - raft.server.log.unsafe-flush.enabled = false (default)
2024-02-27 07:47:43,074 [0b055c95-c6cb-4c32-92a9-22069dc0a51e-groupManagement] INFO  server.RaftServerConfigKeys (ConfUtils.java:logGet(46)) - raft.server.log.async-flush.enabled = false (default)
2024-02-27 07:47:43,074 [0b055c95-c6cb-4c32-92a9-22069dc0a51e-groupManagement] INFO  server.RaftServerConfigKeys (ConfUtils.java:logGet(46)) - raft.server.log.statemachine.data.caching.enabled = true (custom)
2024-02-27 07:47:43,074 [0b055c95-c6cb-4c32-92a9-22069dc0a51e-groupManagement] INFO  segmented.SegmentedRaftLogWorker (SegmentedRaftLogWorker.java:lambda$new$0(134)) - 0b055c95-c6cb-4c32-92a9-22069dc0a51e@group-2C72975F21C0-SegmentedRaftLogWorker: flushIndex: setUnconditionally 0 -> -1
2024-02-27 07:47:43,075 [0b055c95-c6cb-4c32-92a9-22069dc0a51e-groupManagement] INFO  segmented.SegmentedRaftLogWorker (SegmentedRaftLogWorker.java:lambda$new$0(134)) - 0b055c95-c6cb-4c32-92a9-22069dc0a51e@group-2C72975F21C0-SegmentedRaftLogWorker: safeCacheEvictIndex: setUnconditionally 0 -> -1
2024-02-27 07:47:43,075 [0b055c95-c6cb-4c32-92a9-22069dc0a51e-groupManagement] INFO  server.RaftServer$Division (RaftServerImpl.java:start(396)) - 0b055c95-c6cb-4c32-92a9-22069dc0a51e@group-2C72975F21C0: start as a follower, conf=-1: peers:[2b7fc6a0-bf04-48ac-bcd5-1387629fb818|10.1.0.19:15212, b25ec414-9acd-4350-8ffe-2659fbf5f78f|10.1.0.19:15203, 0b055c95-c6cb-4c32-92a9-22069dc0a51e|10.1.0.19:15194]|listeners:[], old=null
2024-02-27 07:47:43,075 [0b055c95-c6cb-4c32-92a9-22069dc0a51e-groupManagement] INFO  server.RaftServer$Division (RaftServerImpl.java:setRole(383)) - 0b055c95-c6cb-4c32-92a9-22069dc0a51e@group-2C72975F21C0: changes role from      null to FOLLOWER at term 0 for startAsFollower
2024-02-27 07:47:43,075 [0b055c95-c6cb-4c32-92a9-22069dc0a51e-groupManagement] INFO  impl.RoleInfo (RoleInfo.java:updateAndGet(139)) - 0b055c95-c6cb-4c32-92a9-22069dc0a51e: start 0b055c95-c6cb-4c32-92a9-22069dc0a51e@group-2C72975F21C0-FollowerState
2024-02-27 07:47:43,076 [0b055c95-c6cb-4c32-92a9-22069dc0a51e-groupManagement] INFO  util.JmxRegister (JmxRegister.java:tryRegister(44)) - Successfully registered JMX Bean with object name Ratis:service=RaftServer,group=group-2C72975F21C0,id=0b055c95-c6cb-4c32-92a9-22069dc0a51e
2024-02-27 07:47:43,076 [0b055c95-c6cb-4c32-92a9-22069dc0a51e@group-2C72975F21C0-FollowerState] INFO  server.RaftServerConfigKeys (ConfUtils.java:logFallback(53)) - raft.server.rpc.first-election.timeout.min = 5s (fallback to raft.server.rpc.timeout.min)
2024-02-27 07:47:43,076 [0b055c95-c6cb-4c32-92a9-22069dc0a51e-groupManagement] INFO  server.RaftServerConfigKeys (ConfUtils.java:logGet(46)) - raft.server.snapshot.trigger-when-stop.enabled = true (default)
2024-02-27 07:47:43,076 [0b055c95-c6cb-4c32-92a9-22069dc0a51e@group-2C72975F21C0-FollowerState] INFO  server.RaftServerConfigKeys (ConfUtils.java:logFallback(53)) - raft.server.rpc.first-election.timeout.max = 5200ms (fallback to raft.server.rpc.timeout.max)
2024-02-27 07:47:43,076 [0b055c95-c6cb-4c32-92a9-22069dc0a51e-groupManagement] INFO  server.RaftServerConfigKeys (ConfUtils.java:logGet(46)) - raft.server.snapshot.auto.trigger.enabled = true (custom)
2024-02-27 07:47:43,076 [0b055c95-c6cb-4c32-92a9-22069dc0a51e-groupManagement] INFO  server.RaftServerConfigKeys (ConfUtils.java:logGet(46)) - raft.server.snapshot.auto.trigger.threshold = 10000 (custom)
2024-02-27 07:47:43,076 [0b055c95-c6cb-4c32-92a9-22069dc0a51e-groupManagement] INFO  server.RaftServerConfigKeys (ConfUtils.java:logGet(46)) - raft.server.snapshot.retention.file.num = 5 (custom)
2024-02-27 07:47:43,077 [0b055c95-c6cb-4c32-92a9-22069dc0a51e-groupManagement] INFO  server.RaftServerConfigKeys (ConfUtils.java:logGet(46)) - raft.server.log.purge.upto.snapshot.index = false (default)
2024-02-27 07:47:43,077 [0b055c95-c6cb-4c32-92a9-22069dc0a51e-PipelineCommandHandlerThread-0] INFO  ratis.XceiverServerRatis (XceiverServerRatis.java:addGroup(864)) - Created group PipelineID=90fc6135-a0c5-4acd-a8d6-2c72975f21c0
2024-02-27 07:47:43,083 [grpc-default-executor-4] INFO  server.RaftServer (RaftServerProxy.java:addNew(100)) - 2b7fc6a0-bf04-48ac-bcd5-1387629fb818: addNew group-2C72975F21C0:[2b7fc6a0-bf04-48ac-bcd5-1387629fb818|10.1.0.19:15212, b25ec414-9acd-4350-8ffe-2659fbf5f78f|10.1.0.19:15203, 0b055c95-c6cb-4c32-92a9-22069dc0a51e|10.1.0.19:15194] returns group-2C72975F21C0:java.util.concurrent.CompletableFuture@372458db[Not completed]
2024-02-27 07:47:43,084 [2b7fc6a0-bf04-48ac-bcd5-1387629fb818-groupManagement] INFO  server.RaftServer$Division (RaftServerImpl.java:<init>(256)) - 2b7fc6a0-bf04-48ac-bcd5-1387629fb818: new RaftServerImpl for group-2C72975F21C0:[2b7fc6a0-bf04-48ac-bcd5-1387629fb818|10.1.0.19:15212, b25ec414-9acd-4350-8ffe-2659fbf5f78f|10.1.0.19:15203, 0b055c95-c6cb-4c32-92a9-22069dc0a51e|10.1.0.19:15194] with ContainerStateMachine:uninitialized
2024-02-27 07:47:43,084 [2b7fc6a0-bf04-48ac-bcd5-1387629fb818-groupManagement] INFO  server.RaftServerConfigKeys (ConfUtils.java:logGet(46)) - raft.server.rpc.timeout.min = 5s (custom)
2024-02-27 07:47:43,084 [2b7fc6a0-bf04-48ac-bcd5-1387629fb818-groupManagement] INFO  server.RaftServerConfigKeys (ConfUtils.java:logGet(46)) - raft.server.rpc.timeout.max = 5200ms (custom)
2024-02-27 07:47:43,084 [2b7fc6a0-bf04-48ac-bcd5-1387629fb818-groupManagement] INFO  server.RaftServerConfigKeys (ConfUtils.java:logGet(46)) - raft.server.rpc.sleep.time = 25ms (default)
2024-02-27 07:47:43,084 [2b7fc6a0-bf04-48ac-bcd5-1387629fb818-groupManagement] INFO  server.RaftServerConfigKeys (ConfUtils.java:logGet(46)) - raft.server.rpc.slowness.timeout = 300s (custom)
2024-02-27 07:47:43,084 [2b7fc6a0-bf04-48ac-bcd5-1387629fb818-groupManagement] INFO  server.RaftServerConfigKeys (ConfUtils.java:logGet(46)) - raft.server.leaderelection.leader.step-down.wait-time = 10s (default)
2024-02-27 07:47:43,084 [2b7fc6a0-bf04-48ac-bcd5-1387629fb818-groupManagement] INFO  server.RaftServerConfigKeys (ConfUtils.java:logGet(46)) - raft.server.leaderelection.member.majority-add = false (default)
2024-02-27 07:47:43,084 [2b7fc6a0-bf04-48ac-bcd5-1387629fb818-groupManagement] INFO  server.RaftServerConfigKeys (ConfUtils.java:logGet(46)) - raft.server.sleep.deviation.threshold = 300ms (default)
2024-02-27 07:47:43,084 [2b7fc6a0-bf04-48ac-bcd5-1387629fb818-groupManagement] INFO  server.RaftServer$Division (ServerState.java:<init>(113)) - 2b7fc6a0-bf04-48ac-bcd5-1387629fb818@group-2C72975F21C0: ConfigurationManager, init=-1: peers:[2b7fc6a0-bf04-48ac-bcd5-1387629fb818|10.1.0.19:15212, b25ec414-9acd-4350-8ffe-2659fbf5f78f|10.1.0.19:15203, 0b055c95-c6cb-4c32-92a9-22069dc0a51e|10.1.0.19:15194]|listeners:[], old=null, confs=<EMPTY_MAP>
2024-02-27 07:47:43,084 [2b7fc6a0-bf04-48ac-bcd5-1387629fb818-groupManagement] INFO  server.RaftServerConfigKeys (ConfUtils.java:logGet(46)) - raft.server.notification.no-leader.timeout = 300s (custom)
2024-02-27 07:47:43,084 [2b7fc6a0-bf04-48ac-bcd5-1387629fb818-groupManagement] INFO  server.RaftServerConfigKeys (ConfUtils.java:logGet(46)) - raft.server.read.timeout = 10s (default)
2024-02-27 07:47:43,084 [2b7fc6a0-bf04-48ac-bcd5-1387629fb818-groupManagement] INFO  server.RaftServerConfigKeys (ConfUtils.java:logGet(46)) - raft.server.retrycache.expirytime = 600000ms (custom)
2024-02-27 07:47:43,084 [2b7fc6a0-bf04-48ac-bcd5-1387629fb818-groupManagement] INFO  server.RaftServerConfigKeys (ConfUtils.java:logGet(46)) - raft.server.retrycache.statistics.expirytime = 100ms (default)
2024-02-27 07:47:43,085 [2b7fc6a0-bf04-48ac-bcd5-1387629fb818-groupManagement] INFO  server.RaftServerConfigKeys (ConfUtils.java:logGet(46)) - raft.server.read.option = DEFAULT (default)
2024-02-27 07:47:43,085 [2b7fc6a0-bf04-48ac-bcd5-1387629fb818-groupManagement] INFO  server.RaftServerConfigKeys (ConfUtils.java:logGet(46)) - raft.server.read.read-after-write-consistent.write-index-cache.expiry-time = 60s (default)
2024-02-27 07:47:43,086 [2b7fc6a0-bf04-48ac-bcd5-1387629fb818-groupManagement] INFO  server.RaftServerConfigKeys (ConfUtils.java:logGet(46)) - raft.server.rpc.request.timeout = 60s (custom)
2024-02-27 07:47:43,086 [2b7fc6a0-bf04-48ac-bcd5-1387629fb818-groupManagement] INFO  server.RaftServerConfigKeys (ConfUtils.java:logGet(46)) - raft.server.log.appender.install.snapshot.enabled = false (custom)
2024-02-27 07:47:43,086 [2b7fc6a0-bf04-48ac-bcd5-1387629fb818-groupManagement] INFO  server.RaftServerConfigKeys (ConfUtils.java:logGet(46)) - raft.server.threadpool.server.cached = true (default)
2024-02-27 07:47:43,086 [2b7fc6a0-bf04-48ac-bcd5-1387629fb818-groupManagement] INFO  server.RaftServerConfigKeys (ConfUtils.java:logGet(46)) - raft.server.threadpool.server.size = 0 (default)
2024-02-27 07:47:43,086 [2b7fc6a0-bf04-48ac-bcd5-1387629fb818-groupManagement] INFO  server.RaftServerConfigKeys (ConfUtils.java:logGet(46)) - raft.server.threadpool.client.cached = true (default)
2024-02-27 07:47:43,086 [2b7fc6a0-bf04-48ac-bcd5-1387629fb818-groupManagement] INFO  server.RaftServerConfigKeys (ConfUtils.java:logGet(46)) - raft.server.threadpool.client.size = 0 (default)
2024-02-27 07:47:43,087 [2b7fc6a0-bf04-48ac-bcd5-1387629fb818-groupManagement] INFO  server.RaftServerConfigKeys (ConfUtils.java:logGet(46)) - raft.server.storage.free-space.min = 0MB (=0) (default)
2024-02-27 07:47:43,087 [2b7fc6a0-bf04-48ac-bcd5-1387629fb818-groupManagement] INFO  server.RaftServerConfigKeys (ConfUtils.java:logGet(46)) - raft.server.log.corruption.policy = EXCEPTION (default)
2024-02-27 07:47:43,087 [2b7fc6a0-bf04-48ac-bcd5-1387629fb818-groupManagement] INFO  server.RaftServerConfigKeys (ConfUtils.java:logGet(46)) - raft.server.storage.dir = [/home/runner/work/ozone/ozone/hadoop-ozone/integration-test/target/test-dir/MiniOzoneClusterImpl-faebf4ee-6c4b-485b-8d19-aa685ee0d5ee/ozone-meta/datanode-3/ratis] (custom)
2024-02-27 07:47:43,087 [2b7fc6a0-bf04-48ac-bcd5-1387629fb818-groupManagement] INFO  storage.RaftStorageDirectory (RaftStorageDirectoryImpl.java:analyzeStorage(138)) - The storage directory /home/runner/work/ozone/ozone/hadoop-ozone/integration-test/target/test-dir/MiniOzoneClusterImpl-faebf4ee-6c4b-485b-8d19-aa685ee0d5ee/ozone-meta/datanode-3/ratis/90fc6135-a0c5-4acd-a8d6-2c72975f21c0 does not exist. Creating ...
2024-02-27 07:47:43,088 [2b7fc6a0-bf04-48ac-bcd5-1387629fb818-groupManagement] INFO  storage.RaftStorageDirectory (RaftStorageDirectoryImpl.java:tryLock(228)) - Lock on /home/runner/work/ozone/ozone/hadoop-ozone/integration-test/target/test-dir/MiniOzoneClusterImpl-faebf4ee-6c4b-485b-8d19-aa685ee0d5ee/ozone-meta/datanode-3/ratis/90fc6135-a0c5-4acd-a8d6-2c72975f21c0/in_use.lock acquired by nodename 40924@fv-az699-61
2024-02-27 07:47:43,089 [2b7fc6a0-bf04-48ac-bcd5-1387629fb818-groupManagement] INFO  storage.RaftStorage (RaftStorageImpl.java:format(99)) - Storage directory /home/runner/work/ozone/ozone/hadoop-ozone/integration-test/target/test-dir/MiniOzoneClusterImpl-faebf4ee-6c4b-485b-8d19-aa685ee0d5ee/ozone-meta/datanode-3/ratis/90fc6135-a0c5-4acd-a8d6-2c72975f21c0 has been successfully formatted.
2024-02-27 07:47:43,089 [2b7fc6a0-bf04-48ac-bcd5-1387629fb818-groupManagement] WARN  util.FileUtils (LogUtils.java:supplyAndLog(63)) - Failed to Files.newInputStream /home/runner/work/ozone/ozone/hadoop-ozone/integration-test/target/test-dir/MiniOzoneClusterImpl-faebf4ee-6c4b-485b-8d19-aa685ee0d5ee/ozone-meta/datanode-3/ratis/90fc6135-a0c5-4acd-a8d6-2c72975f21c0/current/raft-meta.conf with options []: java.nio.file.NoSuchFileException: /home/runner/work/ozone/ozone/hadoop-ozone/integration-test/target/test-dir/MiniOzoneClusterImpl-faebf4ee-6c4b-485b-8d19-aa685ee0d5ee/ozone-meta/datanode-3/ratis/90fc6135-a0c5-4acd-a8d6-2c72975f21c0/current/raft-meta.conf
2024-02-27 07:47:43,089 [2b7fc6a0-bf04-48ac-bcd5-1387629fb818-groupManagement] INFO  ratis.ContainerStateMachine (ContainerStateMachine.java:loadSnapshot(287)) - group-2C72975F21C0: The snapshot info is null. Setting the last applied index to:(t:0, i:~)
2024-02-27 07:47:43,090 [2b7fc6a0-bf04-48ac-bcd5-1387629fb818-groupManagement] INFO  server.RaftServerConfigKeys (ConfUtils.java:logGet(46)) - raft.server.log.use.memory = false (default)
2024-02-27 07:47:43,090 [2b7fc6a0-bf04-48ac-bcd5-1387629fb818-groupManagement] INFO  server.RaftServerConfigKeys (ConfUtils.java:logGet(46)) - raft.server.log.purge.gap = 1000000 (custom)
2024-02-27 07:47:43,090 [2b7fc6a0-bf04-48ac-bcd5-1387629fb818-groupManagement] INFO  server.RaftServerConfigKeys (ConfUtils.java:logGet(46)) - raft.server.log.appender.buffer.byte-limit = 8388608 (custom)
2024-02-27 07:47:43,090 [2b7fc6a0-bf04-48ac-bcd5-1387629fb818-groupManagement] INFO  server.RaftServerConfigKeys (ConfUtils.java:logGet(46)) - raft.server.log.statemachine.data.read.timeout = 1000ms (default)
2024-02-27 07:47:43,090 [2b7fc6a0-bf04-48ac-bcd5-1387629fb818-groupManagement] INFO  server.RaftServerConfigKeys (ConfUtils.java:logGet(46)) - raft.server.log.purge.preservation.log.num = 0 (default)
2024-02-27 07:47:43,091 [2b7fc6a0-bf04-48ac-bcd5-1387629fb818-groupManagement] INFO  server.RaftServerConfigKeys (ConfUtils.java:logGet(46)) - raft.server.log.segment.size.max = 67108864 (custom)
2024-02-27 07:47:43,091 [2b7fc6a0-bf04-48ac-bcd5-1387629fb818-groupManagement] INFO  server.RaftServerConfigKeys (ConfUtils.java:logGet(46)) - raft.server.log.segment.cache.num.max = 2 (custom)
2024-02-27 07:47:43,092 [2b7fc6a0-bf04-48ac-bcd5-1387629fb818-groupManagement] INFO  server.RaftServerConfigKeys (ConfUtils.java:logGet(46)) - raft.server.log.segment.cache.size.max = 200MB (=209715200) (default)
2024-02-27 07:47:43,092 [2b7fc6a0-bf04-48ac-bcd5-1387629fb818-groupManagement] INFO  server.RaftServerConfigKeys (ConfUtils.java:logGet(46)) - raft.server.log.appender.buffer.byte-limit = 8388608 (custom)
2024-02-27 07:47:43,093 [2b7fc6a0-bf04-48ac-bcd5-1387629fb818-groupManagement] INFO  util.AwaitToRun (AwaitToRun.java:start(81)) - Thread[2b7fc6a0-bf04-48ac-bcd5-1387629fb818@group-2C72975F21C0-cacheEviction-AwaitToRun,5,main] started
2024-02-27 07:47:43,093 [b25ec414-9acd-4350-8ffe-2659fbf5f78f-PipelineCommandHandlerThread-0] INFO  server.RaftServer (RaftServerProxy.java:addNew(100)) - b25ec414-9acd-4350-8ffe-2659fbf5f78f: addNew group-B7AE656619AA:[b25ec414-9acd-4350-8ffe-2659fbf5f78f|10.1.0.19:15203] returns group-B7AE656619AA:java.util.concurrent.CompletableFuture@12d19784[Not completed]
2024-02-27 07:47:43,093 [b25ec414-9acd-4350-8ffe-2659fbf5f78f-groupManagement] INFO  server.RaftServer$Division (RaftServerImpl.java:<init>(256)) - b25ec414-9acd-4350-8ffe-2659fbf5f78f: new RaftServerImpl for group-B7AE656619AA:[b25ec414-9acd-4350-8ffe-2659fbf5f78f|10.1.0.19:15203] with ContainerStateMachine:uninitialized
2024-02-27 07:47:43,093 [b25ec414-9acd-4350-8ffe-2659fbf5f78f-groupManagement] INFO  server.RaftServerConfigKeys (ConfUtils.java:logGet(46)) - raft.server.rpc.timeout.min = 5s (custom)
2024-02-27 07:47:43,094 [b25ec414-9acd-4350-8ffe-2659fbf5f78f-groupManagement] INFO  server.RaftServerConfigKeys (ConfUtils.java:logGet(46)) - raft.server.rpc.timeout.max = 5200ms (custom)
2024-02-27 07:47:43,094 [b25ec414-9acd-4350-8ffe-2659fbf5f78f-groupManagement] INFO  server.RaftServerConfigKeys (ConfUtils.java:logGet(46)) - raft.server.rpc.sleep.time = 25ms (default)
2024-02-27 07:47:43,094 [b25ec414-9acd-4350-8ffe-2659fbf5f78f-groupManagement] INFO  server.RaftServerConfigKeys (ConfUtils.java:logGet(46)) - raft.server.rpc.slowness.timeout = 300s (custom)
2024-02-27 07:47:43,094 [b25ec414-9acd-4350-8ffe-2659fbf5f78f-groupManagement] INFO  server.RaftServerConfigKeys (ConfUtils.java:logGet(46)) - raft.server.leaderelection.leader.step-down.wait-time = 10s (default)
2024-02-27 07:47:43,094 [b25ec414-9acd-4350-8ffe-2659fbf5f78f-groupManagement] INFO  server.RaftServerConfigKeys (ConfUtils.java:logGet(46)) - raft.server.leaderelection.member.majority-add = false (default)
2024-02-27 07:47:43,094 [b25ec414-9acd-4350-8ffe-2659fbf5f78f-groupManagement] INFO  server.RaftServerConfigKeys (ConfUtils.java:logGet(46)) - raft.server.sleep.deviation.threshold = 300ms (default)
2024-02-27 07:47:43,094 [b25ec414-9acd-4350-8ffe-2659fbf5f78f-groupManagement] INFO  server.RaftServer$Division (ServerState.java:<init>(113)) - b25ec414-9acd-4350-8ffe-2659fbf5f78f@group-B7AE656619AA: ConfigurationManager, init=-1: peers:[b25ec414-9acd-4350-8ffe-2659fbf5f78f|10.1.0.19:15203]|listeners:[], old=null, confs=<EMPTY_MAP>
2024-02-27 07:47:43,094 [b25ec414-9acd-4350-8ffe-2659fbf5f78f-groupManagement] INFO  server.RaftServerConfigKeys (ConfUtils.java:logGet(46)) - raft.server.notification.no-leader.timeout = 300s (custom)
2024-02-27 07:47:43,094 [b25ec414-9acd-4350-8ffe-2659fbf5f78f-groupManagement] INFO  server.RaftServerConfigKeys (ConfUtils.java:logGet(46)) - raft.server.read.timeout = 10s (default)
2024-02-27 07:47:43,094 [b25ec414-9acd-4350-8ffe-2659fbf5f78f-groupManagement] INFO  server.RaftServerConfigKeys (ConfUtils.java:logGet(46)) - raft.server.retrycache.expirytime = 600000ms (custom)
2024-02-27 07:47:43,094 [b25ec414-9acd-4350-8ffe-2659fbf5f78f-groupManagement] INFO  server.RaftServerConfigKeys (ConfUtils.java:logGet(46)) - raft.server.retrycache.statistics.expirytime = 100ms (default)
2024-02-27 07:47:43,094 [b25ec414-9acd-4350-8ffe-2659fbf5f78f-groupManagement] INFO  server.RaftServerConfigKeys (ConfUtils.java:logGet(46)) - raft.server.read.option = DEFAULT (default)
2024-02-27 07:47:43,094 [b25ec414-9acd-4350-8ffe-2659fbf5f78f-groupManagement] INFO  server.RaftServerConfigKeys (ConfUtils.java:logGet(46)) - raft.server.read.read-after-write-consistent.write-index-cache.expiry-time = 60s (default)
2024-02-27 07:47:43,095 [b25ec414-9acd-4350-8ffe-2659fbf5f78f-groupManagement] INFO  server.RaftServerConfigKeys (ConfUtils.java:logGet(46)) - raft.server.rpc.request.timeout = 60s (custom)
2024-02-27 07:47:43,095 [b25ec414-9acd-4350-8ffe-2659fbf5f78f-groupManagement] INFO  server.RaftServerConfigKeys (ConfUtils.java:logGet(46)) - raft.server.log.appender.install.snapshot.enabled = false (custom)
2024-02-27 07:47:43,095 [b25ec414-9acd-4350-8ffe-2659fbf5f78f-groupManagement] INFO  server.RaftServerConfigKeys (ConfUtils.java:logGet(46)) - raft.server.threadpool.server.cached = true (default)
2024-02-27 07:47:43,096 [b25ec414-9acd-4350-8ffe-2659fbf5f78f-groupManagement] INFO  server.RaftServerConfigKeys (ConfUtils.java:logGet(46)) - raft.server.threadpool.server.size = 0 (default)
2024-02-27 07:47:43,096 [b25ec414-9acd-4350-8ffe-2659fbf5f78f-groupManagement] INFO  server.RaftServerConfigKeys (ConfUtils.java:logGet(46)) - raft.server.threadpool.client.cached = true (default)
2024-02-27 07:47:43,096 [b25ec414-9acd-4350-8ffe-2659fbf5f78f-groupManagement] INFO  server.RaftServerConfigKeys (ConfUtils.java:logGet(46)) - raft.server.threadpool.client.size = 0 (default)
2024-02-27 07:47:43,096 [b25ec414-9acd-4350-8ffe-2659fbf5f78f-groupManagement] INFO  server.RaftServerConfigKeys (ConfUtils.java:logGet(46)) - raft.server.storage.free-space.min = 0MB (=0) (default)
2024-02-27 07:47:43,096 [b25ec414-9acd-4350-8ffe-2659fbf5f78f-groupManagement] INFO  server.RaftServerConfigKeys (ConfUtils.java:logGet(46)) - raft.server.log.corruption.policy = EXCEPTION (default)
2024-02-27 07:47:43,096 [b25ec414-9acd-4350-8ffe-2659fbf5f78f-groupManagement] INFO  server.RaftServerConfigKeys (ConfUtils.java:logGet(46)) - raft.server.storage.dir = [/home/runner/work/ozone/ozone/hadoop-ozone/integration-test/target/test-dir/MiniOzoneClusterImpl-faebf4ee-6c4b-485b-8d19-aa685ee0d5ee/ozone-meta/datanode-2/ratis] (custom)
2024-02-27 07:47:43,096 [b25ec414-9acd-4350-8ffe-2659fbf5f78f-groupManagement] INFO  storage.RaftStorageDirectory (RaftStorageDirectoryImpl.java:analyzeStorage(138)) - The storage directory /home/runner/work/ozone/ozone/hadoop-ozone/integration-test/target/test-dir/MiniOzoneClusterImpl-faebf4ee-6c4b-485b-8d19-aa685ee0d5ee/ozone-meta/datanode-2/ratis/a3617b93-a7c9-4643-8129-b7ae656619aa does not exist. Creating ...
2024-02-27 07:47:43,093 [2b7fc6a0-bf04-48ac-bcd5-1387629fb818-groupManagement] INFO  segmented.SegmentedRaftLogWorker (SegmentedRaftLogWorker.java:<init>(182)) - new 2b7fc6a0-bf04-48ac-bcd5-1387629fb818@group-2C72975F21C0-SegmentedRaftLogWorker for RaftStorageImpl:Storage Directory /home/runner/work/ozone/ozone/hadoop-ozone/integration-test/target/test-dir/MiniOzoneClusterImpl-faebf4ee-6c4b-485b-8d19-aa685ee0d5ee/ozone-meta/datanode-3/ratis/90fc6135-a0c5-4acd-a8d6-2c72975f21c0
2024-02-27 07:47:43,097 [2b7fc6a0-bf04-48ac-bcd5-1387629fb818-groupManagement] INFO  server.RaftServerConfigKeys (ConfUtils.java:logGet(46)) - raft.server.log.queue.byte-limit = 4294967296 (custom)
2024-02-27 07:47:43,097 [2b7fc6a0-bf04-48ac-bcd5-1387629fb818-groupManagement] INFO  server.RaftServerConfigKeys (ConfUtils.java:logGet(46)) - raft.server.log.queue.element-limit = 1024 (custom)
2024-02-27 07:47:43,097 [2b7fc6a0-bf04-48ac-bcd5-1387629fb818-groupManagement] INFO  server.RaftServerConfigKeys (ConfUtils.java:logGet(46)) - raft.server.log.segment.size.max = 67108864 (custom)
2024-02-27 07:47:43,097 [2b7fc6a0-bf04-48ac-bcd5-1387629fb818-groupManagement] INFO  server.RaftServerConfigKeys (ConfUtils.java:logGet(46)) - raft.server.log.preallocated.size = 4194304 (custom)
2024-02-27 07:47:43,097 [2b7fc6a0-bf04-48ac-bcd5-1387629fb818-groupManagement] INFO  server.RaftServerConfigKeys (ConfUtils.java:logGet(46)) - raft.server.log.force.sync.num = 128 (default)
2024-02-27 07:47:43,097 [2b7fc6a0-bf04-48ac-bcd5-1387629fb818-groupManagement] INFO  server.RaftServerConfigKeys (ConfUtils.java:logGet(46)) - raft.server.log.statemachine.data.sync = true (default)
2024-02-27 07:47:43,097 [2b7fc6a0-bf04-48ac-bcd5-1387629fb818-groupManagement] INFO  server.RaftServerConfigKeys (ConfUtils.java:logGet(46)) - raft.server.log.statemachine.data.sync.timeout = 10s (default)
2024-02-27 07:47:43,097 [2b7fc6a0-bf04-48ac-bcd5-1387629fb818-groupManagement] INFO  server.RaftServerConfigKeys (ConfUtils.java:logGet(46)) - raft.server.log.statemachine.data.sync.timeout.retry = 0 (custom)
2024-02-27 07:47:43,097 [2b7fc6a0-bf04-48ac-bcd5-1387629fb818-groupManagement] INFO  server.RaftServerConfigKeys (ConfUtils.java:logGet(46)) - raft.server.log.write.buffer.size = 8388616 (custom)
2024-02-27 07:47:43,097 [b25ec414-9acd-4350-8ffe-2659fbf5f78f-groupManagement] INFO  storage.RaftStorageDirectory (RaftStorageDirectoryImpl.java:tryLock(228)) - Lock on /home/runner/work/ozone/ozone/hadoop-ozone/integration-test/target/test-dir/MiniOzoneClusterImpl-faebf4ee-6c4b-485b-8d19-aa685ee0d5ee/ozone-meta/datanode-2/ratis/a3617b93-a7c9-4643-8129-b7ae656619aa/in_use.lock acquired by nodename 40924@fv-az699-61
2024-02-27 07:47:43,099 [2b7fc6a0-bf04-48ac-bcd5-1387629fb818-groupManagement] INFO  server.RaftServerConfigKeys (ConfUtils.java:logGet(46)) - raft.server.log.appender.buffer.byte-limit = 8388608 (custom)
2024-02-27 07:47:43,099 [2b7fc6a0-bf04-48ac-bcd5-1387629fb818-groupManagement] INFO  server.RaftServerConfigKeys (ConfUtils.java:logGet(46)) - raft.server.log.unsafe-flush.enabled = false (default)
2024-02-27 07:47:43,099 [b25ec414-9acd-4350-8ffe-2659fbf5f78f-groupManagement] INFO  storage.RaftStorage (RaftStorageImpl.java:format(99)) - Storage directory /home/runner/work/ozone/ozone/hadoop-ozone/integration-test/target/test-dir/MiniOzoneClusterImpl-faebf4ee-6c4b-485b-8d19-aa685ee0d5ee/ozone-meta/datanode-2/ratis/a3617b93-a7c9-4643-8129-b7ae656619aa has been successfully formatted.
2024-02-27 07:47:43,099 [2b7fc6a0-bf04-48ac-bcd5-1387629fb818-groupManagement] INFO  server.RaftServerConfigKeys (ConfUtils.java:logGet(46)) - raft.server.log.async-flush.enabled = false (default)
2024-02-27 07:47:43,099 [b25ec414-9acd-4350-8ffe-2659fbf5f78f-groupManagement] WARN  util.FileUtils (LogUtils.java:supplyAndLog(63)) - Failed to Files.newInputStream /home/runner/work/ozone/ozone/hadoop-ozone/integration-test/target/test-dir/MiniOzoneClusterImpl-faebf4ee-6c4b-485b-8d19-aa685ee0d5ee/ozone-meta/datanode-2/ratis/a3617b93-a7c9-4643-8129-b7ae656619aa/current/raft-meta.conf with options []: java.nio.file.NoSuchFileException: /home/runner/work/ozone/ozone/hadoop-ozone/integration-test/target/test-dir/MiniOzoneClusterImpl-faebf4ee-6c4b-485b-8d19-aa685ee0d5ee/ozone-meta/datanode-2/ratis/a3617b93-a7c9-4643-8129-b7ae656619aa/current/raft-meta.conf
2024-02-27 07:47:43,099 [2b7fc6a0-bf04-48ac-bcd5-1387629fb818-groupManagement] INFO  server.RaftServerConfigKeys (ConfUtils.java:logGet(46)) - raft.server.log.statemachine.data.caching.enabled = true (custom)
2024-02-27 07:47:43,099 [b25ec414-9acd-4350-8ffe-2659fbf5f78f-groupManagement] INFO  ratis.ContainerStateMachine (ContainerStateMachine.java:loadSnapshot(287)) - group-B7AE656619AA: The snapshot info is null. Setting the last applied index to:(t:0, i:~)
2024-02-27 07:47:43,099 [2b7fc6a0-bf04-48ac-bcd5-1387629fb818-groupManagement] INFO  segmented.SegmentedRaftLogWorker (SegmentedRaftLogWorker.java:lambda$new$0(134)) - 2b7fc6a0-bf04-48ac-bcd5-1387629fb818@group-2C72975F21C0-SegmentedRaftLogWorker: flushIndex: setUnconditionally 0 -> -1
2024-02-27 07:47:43,099 [b25ec414-9acd-4350-8ffe-2659fbf5f78f-groupManagement] INFO  server.RaftServerConfigKeys (ConfUtils.java:logGet(46)) - raft.server.log.use.memory = false (default)
2024-02-27 07:47:43,099 [b25ec414-9acd-4350-8ffe-2659fbf5f78f-groupManagement] INFO  server.RaftServerConfigKeys (ConfUtils.java:logGet(46)) - raft.server.log.purge.gap = 1000000 (custom)
2024-02-27 07:47:43,099 [b25ec414-9acd-4350-8ffe-2659fbf5f78f-groupManagement] INFO  server.RaftServerConfigKeys (ConfUtils.java:logGet(46)) - raft.server.log.appender.buffer.byte-limit = 8388608 (custom)
2024-02-27 07:47:43,099 [b25ec414-9acd-4350-8ffe-2659fbf5f78f-groupManagement] INFO  server.RaftServerConfigKeys (ConfUtils.java:logGet(46)) - raft.server.log.statemachine.data.read.timeout = 1000ms (default)
2024-02-27 07:47:43,099 [b25ec414-9acd-4350-8ffe-2659fbf5f78f-groupManagement] INFO  server.RaftServerConfigKeys (ConfUtils.java:logGet(46)) - raft.server.log.purge.preservation.log.num = 0 (default)
2024-02-27 07:47:43,099 [2b7fc6a0-bf04-48ac-bcd5-1387629fb818-groupManagement] INFO  segmented.SegmentedRaftLogWorker (SegmentedRaftLogWorker.java:lambda$new$0(134)) - 2b7fc6a0-bf04-48ac-bcd5-1387629fb818@group-2C72975F21C0-SegmentedRaftLogWorker: safeCacheEvictIndex: setUnconditionally 0 -> -1
2024-02-27 07:47:43,100 [EventQueue-PipelineReportForPipelineReportHandler] INFO  pipeline.PipelineReportHandler (PipelineReportHandler.java:processPipelineReport(136)) - Opened pipeline PipelineID=a3617b93-a7c9-4643-8129-b7ae656619aa
2024-02-27 07:47:43,100 [EventQueue-OpenPipelineForHealthyPipelineSafeModeRule] INFO  safemode.SCMSafeModeManager (HealthyPipelineSafeModeRule.java:process(140)) - SCM in safe mode. Healthy pipelines reported count is 0, required healthy pipeline reported count is 1
2024-02-27 07:47:43,101 [b25ec414-9acd-4350-8ffe-2659fbf5f78f-groupManagement] INFO  server.RaftServerConfigKeys (ConfUtils.java:logGet(46)) - raft.server.log.segment.size.max = 67108864 (custom)
2024-02-27 07:47:43,101 [b25ec414-9acd-4350-8ffe-2659fbf5f78f-groupManagement] INFO  server.RaftServerConfigKeys (ConfUtils.java:logGet(46)) - raft.server.log.segment.cache.num.max = 2 (custom)
2024-02-27 07:47:43,101 [b25ec414-9acd-4350-8ffe-2659fbf5f78f-groupManagement] INFO  server.RaftServerConfigKeys (ConfUtils.java:logGet(46)) - raft.server.log.segment.cache.size.max = 200MB (=209715200) (default)
2024-02-27 07:47:43,101 [b25ec414-9acd-4350-8ffe-2659fbf5f78f-groupManagement] INFO  server.RaftServerConfigKeys (ConfUtils.java:logGet(46)) - raft.server.log.appender.buffer.byte-limit = 8388608 (custom)
2024-02-27 07:47:43,102 [2b7fc6a0-bf04-48ac-bcd5-1387629fb818-groupManagement] INFO  server.RaftServer$Division (RaftServerImpl.java:start(396)) - 2b7fc6a0-bf04-48ac-bcd5-1387629fb818@group-2C72975F21C0: start as a follower, conf=-1: peers:[2b7fc6a0-bf04-48ac-bcd5-1387629fb818|10.1.0.19:15212, b25ec414-9acd-4350-8ffe-2659fbf5f78f|10.1.0.19:15203, 0b055c95-c6cb-4c32-92a9-22069dc0a51e|10.1.0.19:15194]|listeners:[], old=null
2024-02-27 07:47:43,102 [2b7fc6a0-bf04-48ac-bcd5-1387629fb818-groupManagement] INFO  server.RaftServer$Division (RaftServerImpl.java:setRole(383)) - 2b7fc6a0-bf04-48ac-bcd5-1387629fb818@group-2C72975F21C0: changes role from      null to FOLLOWER at term 0 for startAsFollower
2024-02-27 07:47:43,102 [2b7fc6a0-bf04-48ac-bcd5-1387629fb818-groupManagement] INFO  impl.RoleInfo (RoleInfo.java:updateAndGet(139)) - 2b7fc6a0-bf04-48ac-bcd5-1387629fb818: start 2b7fc6a0-bf04-48ac-bcd5-1387629fb818@group-2C72975F21C0-FollowerState
2024-02-27 07:47:43,102 [2b7fc6a0-bf04-48ac-bcd5-1387629fb818-groupManagement] INFO  util.JmxRegister (JmxRegister.java:tryRegister(44)) - Successfully registered JMX Bean with object name Ratis:service=RaftServer,group=group-2C72975F21C0,id=2b7fc6a0-bf04-48ac-bcd5-1387629fb818
2024-02-27 07:47:43,102 [2b7fc6a0-bf04-48ac-bcd5-1387629fb818-groupManagement] INFO  server.RaftServerConfigKeys (ConfUtils.java:logGet(46)) - raft.server.snapshot.trigger-when-stop.enabled = true (default)
2024-02-27 07:47:43,102 [2b7fc6a0-bf04-48ac-bcd5-1387629fb818-groupManagement] INFO  server.RaftServerConfigKeys (ConfUtils.java:logGet(46)) - raft.server.snapshot.auto.trigger.enabled = true (custom)
2024-02-27 07:47:43,102 [2b7fc6a0-bf04-48ac-bcd5-1387629fb818-groupManagement] INFO  server.RaftServerConfigKeys (ConfUtils.java:logGet(46)) - raft.server.snapshot.auto.trigger.threshold = 10000 (custom)
2024-02-27 07:47:43,102 [2b7fc6a0-bf04-48ac-bcd5-1387629fb818-groupManagement] INFO  server.RaftServerConfigKeys (ConfUtils.java:logGet(46)) - raft.server.snapshot.retention.file.num = 5 (custom)
2024-02-27 07:47:43,102 [2b7fc6a0-bf04-48ac-bcd5-1387629fb818-groupManagement] INFO  server.RaftServerConfigKeys (ConfUtils.java:logGet(46)) - raft.server.log.purge.upto.snapshot.index = false (default)
2024-02-27 07:47:43,103 [b25ec414-9acd-4350-8ffe-2659fbf5f78f-groupManagement] INFO  util.AwaitToRun (AwaitToRun.java:start(81)) - Thread[b25ec414-9acd-4350-8ffe-2659fbf5f78f@group-B7AE656619AA-cacheEviction-AwaitToRun,5,main] started
2024-02-27 07:47:43,103 [b25ec414-9acd-4350-8ffe-2659fbf5f78f-groupManagement] INFO  segmented.SegmentedRaftLogWorker (SegmentedRaftLogWorker.java:<init>(182)) - new b25ec414-9acd-4350-8ffe-2659fbf5f78f@group-B7AE656619AA-SegmentedRaftLogWorker for RaftStorageImpl:Storage Directory /home/runner/work/ozone/ozone/hadoop-ozone/integration-test/target/test-dir/MiniOzoneClusterImpl-faebf4ee-6c4b-485b-8d19-aa685ee0d5ee/ozone-meta/datanode-2/ratis/a3617b93-a7c9-4643-8129-b7ae656619aa
2024-02-27 07:47:43,103 [b25ec414-9acd-4350-8ffe-2659fbf5f78f-groupManagement] INFO  server.RaftServerConfigKeys (ConfUtils.java:logGet(46)) - raft.server.log.queue.byte-limit = 4294967296 (custom)
2024-02-27 07:47:43,103 [b25ec414-9acd-4350-8ffe-2659fbf5f78f-groupManagement] INFO  server.RaftServerConfigKeys (ConfUtils.java:logGet(46)) - raft.server.log.queue.element-limit = 1024 (custom)
2024-02-27 07:47:43,103 [b25ec414-9acd-4350-8ffe-2659fbf5f78f-groupManagement] INFO  server.RaftServerConfigKeys (ConfUtils.java:logGet(46)) - raft.server.log.segment.size.max = 67108864 (custom)
2024-02-27 07:47:43,103 [b25ec414-9acd-4350-8ffe-2659fbf5f78f-groupManagement] INFO  server.RaftServerConfigKeys (ConfUtils.java:logGet(46)) - raft.server.log.preallocated.size = 4194304 (custom)
2024-02-27 07:47:43,103 [b25ec414-9acd-4350-8ffe-2659fbf5f78f-groupManagement] INFO  server.RaftServerConfigKeys (ConfUtils.java:logGet(46)) - raft.server.log.force.sync.num = 128 (default)
2024-02-27 07:47:43,103 [b25ec414-9acd-4350-8ffe-2659fbf5f78f-groupManagement] INFO  server.RaftServerConfigKeys (ConfUtils.java:logGet(46)) - raft.server.log.statemachine.data.sync = true (default)
2024-02-27 07:47:43,103 [b25ec414-9acd-4350-8ffe-2659fbf5f78f-groupManagement] INFO  server.RaftServerConfigKeys (ConfUtils.java:logGet(46)) - raft.server.log.statemachine.data.sync.timeout = 10s (default)
2024-02-27 07:47:43,103 [2b7fc6a0-bf04-48ac-bcd5-1387629fb818@group-2C72975F21C0-FollowerState] INFO  server.RaftServerConfigKeys (ConfUtils.java:logFallback(53)) - raft.server.rpc.first-election.timeout.min = 5s (fallback to raft.server.rpc.timeout.min)
2024-02-27 07:47:43,103 [2b7fc6a0-bf04-48ac-bcd5-1387629fb818@group-2C72975F21C0-FollowerState] INFO  server.RaftServerConfigKeys (ConfUtils.java:logFallback(53)) - raft.server.rpc.first-election.timeout.max = 5200ms (fallback to raft.server.rpc.timeout.max)
2024-02-27 07:47:43,103 [b25ec414-9acd-4350-8ffe-2659fbf5f78f-groupManagement] INFO  server.RaftServerConfigKeys (ConfUtils.java:logGet(46)) - raft.server.log.statemachine.data.sync.timeout.retry = 0 (custom)
2024-02-27 07:47:43,109 [b25ec414-9acd-4350-8ffe-2659fbf5f78f-groupManagement] INFO  server.RaftServerConfigKeys (ConfUtils.java:logGet(46)) - raft.server.log.write.buffer.size = 8388616 (custom)
2024-02-27 07:47:43,110 [b25ec414-9acd-4350-8ffe-2659fbf5f78f-groupManagement] INFO  server.RaftServerConfigKeys (ConfUtils.java:logGet(46)) - raft.server.log.appender.buffer.byte-limit = 8388608 (custom)
2024-02-27 07:47:43,111 [b25ec414-9acd-4350-8ffe-2659fbf5f78f-groupManagement] INFO  server.RaftServerConfigKeys (ConfUtils.java:logGet(46)) - raft.server.log.unsafe-flush.enabled = false (default)
2024-02-27 07:47:43,111 [b25ec414-9acd-4350-8ffe-2659fbf5f78f-groupManagement] INFO  server.RaftServerConfigKeys (ConfUtils.java:logGet(46)) - raft.server.log.async-flush.enabled = false (default)
2024-02-27 07:47:43,111 [b25ec414-9acd-4350-8ffe-2659fbf5f78f-groupManagement] INFO  server.RaftServerConfigKeys (ConfUtils.java:logGet(46)) - raft.server.log.statemachine.data.caching.enabled = true (custom)
2024-02-27 07:47:43,111 [b25ec414-9acd-4350-8ffe-2659fbf5f78f-groupManagement] INFO  segmented.SegmentedRaftLogWorker (SegmentedRaftLogWorker.java:lambda$new$0(134)) - b25ec414-9acd-4350-8ffe-2659fbf5f78f@group-B7AE656619AA-SegmentedRaftLogWorker: flushIndex: setUnconditionally 0 -> -1
2024-02-27 07:47:43,111 [b25ec414-9acd-4350-8ffe-2659fbf5f78f-groupManagement] INFO  segmented.SegmentedRaftLogWorker (SegmentedRaftLogWorker.java:lambda$new$0(134)) - b25ec414-9acd-4350-8ffe-2659fbf5f78f@group-B7AE656619AA-SegmentedRaftLogWorker: safeCacheEvictIndex: setUnconditionally 0 -> -1
2024-02-27 07:47:43,114 [grpc-default-executor-4] INFO  server.RaftServer (RaftServerProxy.java:addNew(100)) - b25ec414-9acd-4350-8ffe-2659fbf5f78f: addNew group-2C72975F21C0:[2b7fc6a0-bf04-48ac-bcd5-1387629fb818|10.1.0.19:15212, b25ec414-9acd-4350-8ffe-2659fbf5f78f|10.1.0.19:15203, 0b055c95-c6cb-4c32-92a9-22069dc0a51e|10.1.0.19:15194] returns group-2C72975F21C0:java.util.concurrent.CompletableFuture@6a19ee0c[Not completed]
2024-02-27 07:47:43,114 [b25ec414-9acd-4350-8ffe-2659fbf5f78f-groupManagement] INFO  server.RaftServer$Division (RaftServerImpl.java:start(396)) - b25ec414-9acd-4350-8ffe-2659fbf5f78f@group-B7AE656619AA: start as a follower, conf=-1: peers:[b25ec414-9acd-4350-8ffe-2659fbf5f78f|10.1.0.19:15203]|listeners:[], old=null
2024-02-27 07:47:43,114 [b25ec414-9acd-4350-8ffe-2659fbf5f78f-groupManagement] INFO  server.RaftServer$Division (RaftServerImpl.java:setRole(383)) - b25ec414-9acd-4350-8ffe-2659fbf5f78f@group-B7AE656619AA: changes role from      null to FOLLOWER at term 0 for startAsFollower
2024-02-27 07:47:43,114 [b25ec414-9acd-4350-8ffe-2659fbf5f78f-groupManagement] INFO  impl.RoleInfo (RoleInfo.java:updateAndGet(139)) - b25ec414-9acd-4350-8ffe-2659fbf5f78f: start b25ec414-9acd-4350-8ffe-2659fbf5f78f@group-B7AE656619AA-FollowerState
2024-02-27 07:47:43,115 [b25ec414-9acd-4350-8ffe-2659fbf5f78f-groupManagement] INFO  util.JmxRegister (JmxRegister.java:tryRegister(44)) - Successfully registered JMX Bean with object name Ratis:service=RaftServer,group=group-B7AE656619AA,id=b25ec414-9acd-4350-8ffe-2659fbf5f78f
2024-02-27 07:47:43,115 [b25ec414-9acd-4350-8ffe-2659fbf5f78f-groupManagement] INFO  server.RaftServerConfigKeys (ConfUtils.java:logGet(46)) - raft.server.snapshot.trigger-when-stop.enabled = true (default)
2024-02-27 07:47:43,115 [b25ec414-9acd-4350-8ffe-2659fbf5f78f-groupManagement] INFO  server.RaftServerConfigKeys (ConfUtils.java:logGet(46)) - raft.server.snapshot.auto.trigger.enabled = true (custom)
2024-02-27 07:47:43,115 [b25ec414-9acd-4350-8ffe-2659fbf5f78f-groupManagement] INFO  server.RaftServerConfigKeys (ConfUtils.java:logGet(46)) - raft.server.snapshot.auto.trigger.threshold = 10000 (custom)
2024-02-27 07:47:43,115 [b25ec414-9acd-4350-8ffe-2659fbf5f78f-groupManagement] INFO  server.RaftServerConfigKeys (ConfUtils.java:logGet(46)) - raft.server.snapshot.retention.file.num = 5 (custom)
2024-02-27 07:47:43,115 [b25ec414-9acd-4350-8ffe-2659fbf5f78f-groupManagement] INFO  server.RaftServerConfigKeys (ConfUtils.java:logGet(46)) - raft.server.log.purge.upto.snapshot.index = false (default)
2024-02-27 07:47:43,115 [b25ec414-9acd-4350-8ffe-2659fbf5f78f@group-B7AE656619AA-FollowerState] INFO  server.RaftServerConfigKeys (ConfUtils.java:logFallback(53)) - raft.server.rpc.first-election.timeout.min = 5s (fallback to raft.server.rpc.timeout.min)
2024-02-27 07:47:43,116 [b25ec414-9acd-4350-8ffe-2659fbf5f78f@group-B7AE656619AA-FollowerState] INFO  server.RaftServerConfigKeys (ConfUtils.java:logFallback(53)) - raft.server.rpc.first-election.timeout.max = 5200ms (fallback to raft.server.rpc.timeout.max)
2024-02-27 07:47:43,116 [b25ec414-9acd-4350-8ffe-2659fbf5f78f-groupManagement] INFO  server.RaftServer$Division (RaftServerImpl.java:<init>(256)) - b25ec414-9acd-4350-8ffe-2659fbf5f78f: new RaftServerImpl for group-2C72975F21C0:[2b7fc6a0-bf04-48ac-bcd5-1387629fb818|10.1.0.19:15212, b25ec414-9acd-4350-8ffe-2659fbf5f78f|10.1.0.19:15203, 0b055c95-c6cb-4c32-92a9-22069dc0a51e|10.1.0.19:15194] with ContainerStateMachine:uninitialized
2024-02-27 07:47:43,116 [b25ec414-9acd-4350-8ffe-2659fbf5f78f-groupManagement] INFO  server.RaftServerConfigKeys (ConfUtils.java:logGet(46)) - raft.server.rpc.timeout.min = 5s (custom)
2024-02-27 07:47:43,116 [b25ec414-9acd-4350-8ffe-2659fbf5f78f-groupManagement] INFO  server.RaftServerConfigKeys (ConfUtils.java:logGet(46)) - raft.server.rpc.timeout.max = 5200ms (custom)
2024-02-27 07:47:43,117 [b25ec414-9acd-4350-8ffe-2659fbf5f78f-groupManagement] INFO  server.RaftServerConfigKeys (ConfUtils.java:logGet(46)) - raft.server.rpc.sleep.time = 25ms (default)
2024-02-27 07:47:43,117 [b25ec414-9acd-4350-8ffe-2659fbf5f78f-groupManagement] INFO  server.RaftServerConfigKeys (ConfUtils.java:logGet(46)) - raft.server.rpc.slowness.timeout = 300s (custom)
2024-02-27 07:47:43,117 [b25ec414-9acd-4350-8ffe-2659fbf5f78f-groupManagement] INFO  server.RaftServerConfigKeys (ConfUtils.java:logGet(46)) - raft.server.leaderelection.leader.step-down.wait-time = 10s (default)
2024-02-27 07:47:43,117 [b25ec414-9acd-4350-8ffe-2659fbf5f78f-groupManagement] INFO  server.RaftServerConfigKeys (ConfUtils.java:logGet(46)) - raft.server.leaderelection.member.majority-add = false (default)
2024-02-27 07:47:43,117 [b25ec414-9acd-4350-8ffe-2659fbf5f78f-groupManagement] INFO  server.RaftServerConfigKeys (ConfUtils.java:logGet(46)) - raft.server.sleep.deviation.threshold = 300ms (default)
2024-02-27 07:47:43,117 [b25ec414-9acd-4350-8ffe-2659fbf5f78f-PipelineCommandHandlerThread-0] INFO  ratis.XceiverServerRatis (XceiverServerRatis.java:addGroup(864)) - Created group PipelineID=a3617b93-a7c9-4643-8129-b7ae656619aa
2024-02-27 07:47:43,117 [b25ec414-9acd-4350-8ffe-2659fbf5f78f-groupManagement] INFO  server.RaftServer$Division (ServerState.java:<init>(113)) - b25ec414-9acd-4350-8ffe-2659fbf5f78f@group-2C72975F21C0: ConfigurationManager, init=-1: peers:[2b7fc6a0-bf04-48ac-bcd5-1387629fb818|10.1.0.19:15212, b25ec414-9acd-4350-8ffe-2659fbf5f78f|10.1.0.19:15203, 0b055c95-c6cb-4c32-92a9-22069dc0a51e|10.1.0.19:15194]|listeners:[], old=null, confs=<EMPTY_MAP>
2024-02-27 07:47:43,117 [b25ec414-9acd-4350-8ffe-2659fbf5f78f-PipelineCommandHandlerThread-0] INFO  commandhandler.CreatePipelineCommandHandler (CreatePipelineCommandHandler.java:lambda$handle$2(124)) - Created Pipeline RATIS ONE PipelineID=a3617b93-a7c9-4643-8129-b7ae656619aa.
2024-02-27 07:47:43,117 [b25ec414-9acd-4350-8ffe-2659fbf5f78f-groupManagement] INFO  server.RaftServerConfigKeys (ConfUtils.java:logGet(46)) - raft.server.notification.no-leader.timeout = 300s (custom)
2024-02-27 07:47:43,117 [b25ec414-9acd-4350-8ffe-2659fbf5f78f-groupManagement] INFO  server.RaftServerConfigKeys (ConfUtils.java:logGet(46)) - raft.server.read.timeout = 10s (default)
2024-02-27 07:47:43,117 [b25ec414-9acd-4350-8ffe-2659fbf5f78f-groupManagement] INFO  server.RaftServerConfigKeys (ConfUtils.java:logGet(46)) - raft.server.retrycache.expirytime = 600000ms (custom)
2024-02-27 07:47:43,117 [b25ec414-9acd-4350-8ffe-2659fbf5f78f-groupManagement] INFO  server.RaftServerConfigKeys (ConfUtils.java:logGet(46)) - raft.server.retrycache.statistics.expirytime = 100ms (default)
2024-02-27 07:47:43,117 [b25ec414-9acd-4350-8ffe-2659fbf5f78f-groupManagement] INFO  server.RaftServerConfigKeys (ConfUtils.java:logGet(46)) - raft.server.read.option = DEFAULT (default)
2024-02-27 07:47:43,117 [b25ec414-9acd-4350-8ffe-2659fbf5f78f-groupManagement] INFO  server.RaftServerConfigKeys (ConfUtils.java:logGet(46)) - raft.server.read.read-after-write-consistent.write-index-cache.expiry-time = 60s (default)
2024-02-27 07:47:43,119 [b25ec414-9acd-4350-8ffe-2659fbf5f78f-groupManagement] INFO  server.RaftServerConfigKeys (ConfUtils.java:logGet(46)) - raft.server.rpc.request.timeout = 60s (custom)
2024-02-27 07:47:43,119 [b25ec414-9acd-4350-8ffe-2659fbf5f78f-groupManagement] INFO  server.RaftServerConfigKeys (ConfUtils.java:logGet(46)) - raft.server.log.appender.install.snapshot.enabled = false (custom)
2024-02-27 07:47:43,119 [b25ec414-9acd-4350-8ffe-2659fbf5f78f-groupManagement] INFO  server.RaftServerConfigKeys (ConfUtils.java:logGet(46)) - raft.server.threadpool.server.cached = true (default)
2024-02-27 07:47:43,119 [b25ec414-9acd-4350-8ffe-2659fbf5f78f-groupManagement] INFO  server.RaftServerConfigKeys (ConfUtils.java:logGet(46)) - raft.server.threadpool.server.size = 0 (default)
2024-02-27 07:47:43,119 [b25ec414-9acd-4350-8ffe-2659fbf5f78f-groupManagement] INFO  server.RaftServerConfigKeys (ConfUtils.java:logGet(46)) - raft.server.threadpool.client.cached = true (default)
2024-02-27 07:47:43,119 [b25ec414-9acd-4350-8ffe-2659fbf5f78f-groupManagement] INFO  server.RaftServerConfigKeys (ConfUtils.java:logGet(46)) - raft.server.threadpool.client.size = 0 (default)
2024-02-27 07:47:43,119 [b25ec414-9acd-4350-8ffe-2659fbf5f78f-groupManagement] INFO  server.RaftServerConfigKeys (ConfUtils.java:logGet(46)) - raft.server.storage.free-space.min = 0MB (=0) (default)
2024-02-27 07:47:43,119 [b25ec414-9acd-4350-8ffe-2659fbf5f78f-groupManagement] INFO  server.RaftServerConfigKeys (ConfUtils.java:logGet(46)) - raft.server.log.corruption.policy = EXCEPTION (default)
2024-02-27 07:47:43,119 [b25ec414-9acd-4350-8ffe-2659fbf5f78f-groupManagement] INFO  server.RaftServerConfigKeys (ConfUtils.java:logGet(46)) - raft.server.storage.dir = [/home/runner/work/ozone/ozone/hadoop-ozone/integration-test/target/test-dir/MiniOzoneClusterImpl-faebf4ee-6c4b-485b-8d19-aa685ee0d5ee/ozone-meta/datanode-2/ratis] (custom)
2024-02-27 07:47:43,119 [b25ec414-9acd-4350-8ffe-2659fbf5f78f-groupManagement] INFO  storage.RaftStorageDirectory (RaftStorageDirectoryImpl.java:analyzeStorage(138)) - The storage directory /home/runner/work/ozone/ozone/hadoop-ozone/integration-test/target/test-dir/MiniOzoneClusterImpl-faebf4ee-6c4b-485b-8d19-aa685ee0d5ee/ozone-meta/datanode-2/ratis/90fc6135-a0c5-4acd-a8d6-2c72975f21c0 does not exist. Creating ...
2024-02-27 07:47:43,121 [b25ec414-9acd-4350-8ffe-2659fbf5f78f-groupManagement] INFO  storage.RaftStorageDirectory (RaftStorageDirectoryImpl.java:tryLock(228)) - Lock on /home/runner/work/ozone/ozone/hadoop-ozone/integration-test/target/test-dir/MiniOzoneClusterImpl-faebf4ee-6c4b-485b-8d19-aa685ee0d5ee/ozone-meta/datanode-2/ratis/90fc6135-a0c5-4acd-a8d6-2c72975f21c0/in_use.lock acquired by nodename 40924@fv-az699-61
2024-02-27 07:47:43,122 [b25ec414-9acd-4350-8ffe-2659fbf5f78f-groupManagement] INFO  storage.RaftStorage (RaftStorageImpl.java:format(99)) - Storage directory /home/runner/work/ozone/ozone/hadoop-ozone/integration-test/target/test-dir/MiniOzoneClusterImpl-faebf4ee-6c4b-485b-8d19-aa685ee0d5ee/ozone-meta/datanode-2/ratis/90fc6135-a0c5-4acd-a8d6-2c72975f21c0 has been successfully formatted.
2024-02-27 07:47:43,122 [b25ec414-9acd-4350-8ffe-2659fbf5f78f-groupManagement] WARN  util.FileUtils (LogUtils.java:supplyAndLog(63)) - Failed to Files.newInputStream /home/runner/work/ozone/ozone/hadoop-ozone/integration-test/target/test-dir/MiniOzoneClusterImpl-faebf4ee-6c4b-485b-8d19-aa685ee0d5ee/ozone-meta/datanode-2/ratis/90fc6135-a0c5-4acd-a8d6-2c72975f21c0/current/raft-meta.conf with options []: java.nio.file.NoSuchFileException: /home/runner/work/ozone/ozone/hadoop-ozone/integration-test/target/test-dir/MiniOzoneClusterImpl-faebf4ee-6c4b-485b-8d19-aa685ee0d5ee/ozone-meta/datanode-2/ratis/90fc6135-a0c5-4acd-a8d6-2c72975f21c0/current/raft-meta.conf
2024-02-27 07:47:43,122 [b25ec414-9acd-4350-8ffe-2659fbf5f78f-groupManagement] INFO  ratis.ContainerStateMachine (ContainerStateMachine.java:loadSnapshot(287)) - group-2C72975F21C0: The snapshot info is null. Setting the last applied index to:(t:0, i:~)
2024-02-27 07:47:43,123 [b25ec414-9acd-4350-8ffe-2659fbf5f78f-groupManagement] INFO  server.RaftServerConfigKeys (ConfUtils.java:logGet(46)) - raft.server.log.use.memory = false (default)
2024-02-27 07:47:43,123 [EventQueue-OpenPipelineForHealthyPipelineSafeModeRule] INFO  safemode.SCMSafeModeManager (HealthyPipelineSafeModeRule.java:process(140)) - SCM in safe mode. Healthy pipelines reported count is 0, required healthy pipeline reported count is 1
2024-02-27 07:47:43,123 [b25ec414-9acd-4350-8ffe-2659fbf5f78f-groupManagement] INFO  server.RaftServerConfigKeys (ConfUtils.java:logGet(46)) - raft.server.log.purge.gap = 1000000 (custom)
2024-02-27 07:47:43,123 [b25ec414-9acd-4350-8ffe-2659fbf5f78f-groupManagement] INFO  server.RaftServerConfigKeys (ConfUtils.java:logGet(46)) - raft.server.log.appender.buffer.byte-limit = 8388608 (custom)
2024-02-27 07:47:43,123 [b25ec414-9acd-4350-8ffe-2659fbf5f78f-groupManagement] INFO  server.RaftServerConfigKeys (ConfUtils.java:logGet(46)) - raft.server.log.statemachine.data.read.timeout = 1000ms (default)
2024-02-27 07:47:43,123 [b25ec414-9acd-4350-8ffe-2659fbf5f78f-groupManagement] INFO  server.RaftServerConfigKeys (ConfUtils.java:logGet(46)) - raft.server.log.purge.preservation.log.num = 0 (default)
2024-02-27 07:47:43,124 [b25ec414-9acd-4350-8ffe-2659fbf5f78f-groupManagement] INFO  server.RaftServerConfigKeys (ConfUtils.java:logGet(46)) - raft.server.log.segment.size.max = 67108864 (custom)
2024-02-27 07:47:43,124 [b25ec414-9acd-4350-8ffe-2659fbf5f78f-groupManagement] INFO  server.RaftServerConfigKeys (ConfUtils.java:logGet(46)) - raft.server.log.segment.cache.num.max = 2 (custom)
2024-02-27 07:47:43,124 [b25ec414-9acd-4350-8ffe-2659fbf5f78f-groupManagement] INFO  server.RaftServerConfigKeys (ConfUtils.java:logGet(46)) - raft.server.log.segment.cache.size.max = 200MB (=209715200) (default)
2024-02-27 07:47:43,124 [b25ec414-9acd-4350-8ffe-2659fbf5f78f-groupManagement] INFO  server.RaftServerConfigKeys (ConfUtils.java:logGet(46)) - raft.server.log.appender.buffer.byte-limit = 8388608 (custom)
2024-02-27 07:47:43,124 [b25ec414-9acd-4350-8ffe-2659fbf5f78f-groupManagement] INFO  util.AwaitToRun (AwaitToRun.java:start(81)) - Thread[b25ec414-9acd-4350-8ffe-2659fbf5f78f@group-2C72975F21C0-cacheEviction-AwaitToRun,5,main] started
2024-02-27 07:47:43,124 [b25ec414-9acd-4350-8ffe-2659fbf5f78f-groupManagement] INFO  segmented.SegmentedRaftLogWorker (SegmentedRaftLogWorker.java:<init>(182)) - new b25ec414-9acd-4350-8ffe-2659fbf5f78f@group-2C72975F21C0-SegmentedRaftLogWorker for RaftStorageImpl:Storage Directory /home/runner/work/ozone/ozone/hadoop-ozone/integration-test/target/test-dir/MiniOzoneClusterImpl-faebf4ee-6c4b-485b-8d19-aa685ee0d5ee/ozone-meta/datanode-2/ratis/90fc6135-a0c5-4acd-a8d6-2c72975f21c0
2024-02-27 07:47:43,125 [b25ec414-9acd-4350-8ffe-2659fbf5f78f-groupManagement] INFO  server.RaftServerConfigKeys (ConfUtils.java:logGet(46)) - raft.server.log.queue.byte-limit = 4294967296 (custom)
2024-02-27 07:47:43,125 [b25ec414-9acd-4350-8ffe-2659fbf5f78f-groupManagement] INFO  server.RaftServerConfigKeys (ConfUtils.java:logGet(46)) - raft.server.log.queue.element-limit = 1024 (custom)
2024-02-27 07:47:43,125 [b25ec414-9acd-4350-8ffe-2659fbf5f78f-groupManagement] INFO  server.RaftServerConfigKeys (ConfUtils.java:logGet(46)) - raft.server.log.segment.size.max = 67108864 (custom)
2024-02-27 07:47:43,125 [b25ec414-9acd-4350-8ffe-2659fbf5f78f-groupManagement] INFO  server.RaftServerConfigKeys (ConfUtils.java:logGet(46)) - raft.server.log.preallocated.size = 4194304 (custom)
2024-02-27 07:47:43,125 [b25ec414-9acd-4350-8ffe-2659fbf5f78f-groupManagement] INFO  server.RaftServerConfigKeys (ConfUtils.java:logGet(46)) - raft.server.log.force.sync.num = 128 (default)
2024-02-27 07:47:43,125 [b25ec414-9acd-4350-8ffe-2659fbf5f78f-groupManagement] INFO  server.RaftServerConfigKeys (ConfUtils.java:logGet(46)) - raft.server.log.statemachine.data.sync = true (default)
2024-02-27 07:47:43,125 [b25ec414-9acd-4350-8ffe-2659fbf5f78f-groupManagement] INFO  server.RaftServerConfigKeys (ConfUtils.java:logGet(46)) - raft.server.log.statemachine.data.sync.timeout = 10s (default)
2024-02-27 07:47:43,125 [b25ec414-9acd-4350-8ffe-2659fbf5f78f-groupManagement] INFO  server.RaftServerConfigKeys (ConfUtils.java:logGet(46)) - raft.server.log.statemachine.data.sync.timeout.retry = 0 (custom)
2024-02-27 07:47:43,125 [b25ec414-9acd-4350-8ffe-2659fbf5f78f-groupManagement] INFO  server.RaftServerConfigKeys (ConfUtils.java:logGet(46)) - raft.server.log.write.buffer.size = 8388616 (custom)
2024-02-27 07:47:43,127 [b25ec414-9acd-4350-8ffe-2659fbf5f78f-groupManagement] INFO  server.RaftServerConfigKeys (ConfUtils.java:logGet(46)) - raft.server.log.appender.buffer.byte-limit = 8388608 (custom)
2024-02-27 07:47:43,127 [b25ec414-9acd-4350-8ffe-2659fbf5f78f-groupManagement] INFO  server.RaftServerConfigKeys (ConfUtils.java:logGet(46)) - raft.server.log.unsafe-flush.enabled = false (default)
2024-02-27 07:47:43,127 [b25ec414-9acd-4350-8ffe-2659fbf5f78f-groupManagement] INFO  server.RaftServerConfigKeys (ConfUtils.java:logGet(46)) - raft.server.log.async-flush.enabled = false (default)
2024-02-27 07:47:43,127 [b25ec414-9acd-4350-8ffe-2659fbf5f78f-groupManagement] INFO  server.RaftServerConfigKeys (ConfUtils.java:logGet(46)) - raft.server.log.statemachine.data.caching.enabled = true (custom)
2024-02-27 07:47:43,127 [b25ec414-9acd-4350-8ffe-2659fbf5f78f-groupManagement] INFO  segmented.SegmentedRaftLogWorker (SegmentedRaftLogWorker.java:lambda$new$0(134)) - b25ec414-9acd-4350-8ffe-2659fbf5f78f@group-2C72975F21C0-SegmentedRaftLogWorker: flushIndex: setUnconditionally 0 -> -1
2024-02-27 07:47:43,127 [b25ec414-9acd-4350-8ffe-2659fbf5f78f-groupManagement] INFO  segmented.SegmentedRaftLogWorker (SegmentedRaftLogWorker.java:lambda$new$0(134)) - b25ec414-9acd-4350-8ffe-2659fbf5f78f@group-2C72975F21C0-SegmentedRaftLogWorker: safeCacheEvictIndex: setUnconditionally 0 -> -1
2024-02-27 07:47:43,127 [b25ec414-9acd-4350-8ffe-2659fbf5f78f-groupManagement] INFO  server.RaftServer$Division (RaftServerImpl.java:start(396)) - b25ec414-9acd-4350-8ffe-2659fbf5f78f@group-2C72975F21C0: start as a follower, conf=-1: peers:[2b7fc6a0-bf04-48ac-bcd5-1387629fb818|10.1.0.19:15212, b25ec414-9acd-4350-8ffe-2659fbf5f78f|10.1.0.19:15203, 0b055c95-c6cb-4c32-92a9-22069dc0a51e|10.1.0.19:15194]|listeners:[], old=null
2024-02-27 07:47:43,127 [b25ec414-9acd-4350-8ffe-2659fbf5f78f-groupManagement] INFO  server.RaftServer$Division (RaftServerImpl.java:setRole(383)) - b25ec414-9acd-4350-8ffe-2659fbf5f78f@group-2C72975F21C0: changes role from      null to FOLLOWER at term 0 for startAsFollower
2024-02-27 07:47:43,127 [b25ec414-9acd-4350-8ffe-2659fbf5f78f-groupManagement] INFO  impl.RoleInfo (RoleInfo.java:updateAndGet(139)) - b25ec414-9acd-4350-8ffe-2659fbf5f78f: start b25ec414-9acd-4350-8ffe-2659fbf5f78f@group-2C72975F21C0-FollowerState
2024-02-27 07:47:43,128 [b25ec414-9acd-4350-8ffe-2659fbf5f78f-groupManagement] INFO  util.JmxRegister (JmxRegister.java:tryRegister(44)) - Successfully registered JMX Bean with object name Ratis:service=RaftServer,group=group-2C72975F21C0,id=b25ec414-9acd-4350-8ffe-2659fbf5f78f
2024-02-27 07:47:43,128 [b25ec414-9acd-4350-8ffe-2659fbf5f78f@group-2C72975F21C0-FollowerState] INFO  server.RaftServerConfigKeys (ConfUtils.java:logFallback(53)) - raft.server.rpc.first-election.timeout.min = 5s (fallback to raft.server.rpc.timeout.min)
2024-02-27 07:47:43,128 [b25ec414-9acd-4350-8ffe-2659fbf5f78f@group-2C72975F21C0-FollowerState] INFO  server.RaftServerConfigKeys (ConfUtils.java:logFallback(53)) - raft.server.rpc.first-election.timeout.max = 5200ms (fallback to raft.server.rpc.timeout.max)
2024-02-27 07:47:43,128 [b25ec414-9acd-4350-8ffe-2659fbf5f78f-groupManagement] INFO  server.RaftServerConfigKeys (ConfUtils.java:logGet(46)) - raft.server.snapshot.trigger-when-stop.enabled = true (default)
2024-02-27 07:47:43,128 [b25ec414-9acd-4350-8ffe-2659fbf5f78f-groupManagement] INFO  server.RaftServerConfigKeys (ConfUtils.java:logGet(46)) - raft.server.snapshot.auto.trigger.enabled = true (custom)
2024-02-27 07:47:43,129 [b25ec414-9acd-4350-8ffe-2659fbf5f78f-groupManagement] INFO  server.RaftServerConfigKeys (ConfUtils.java:logGet(46)) - raft.server.snapshot.auto.trigger.threshold = 10000 (custom)
2024-02-27 07:47:43,129 [b25ec414-9acd-4350-8ffe-2659fbf5f78f-groupManagement] INFO  server.RaftServerConfigKeys (ConfUtils.java:logGet(46)) - raft.server.snapshot.retention.file.num = 5 (custom)
2024-02-27 07:47:43,129 [b25ec414-9acd-4350-8ffe-2659fbf5f78f-groupManagement] INFO  server.RaftServerConfigKeys (ConfUtils.java:logGet(46)) - raft.server.log.purge.upto.snapshot.index = false (default)
2024-02-27 07:47:43,133 [0b055c95-c6cb-4c32-92a9-22069dc0a51e-PipelineCommandHandlerThread-0] INFO  commandhandler.CreatePipelineCommandHandler (CreatePipelineCommandHandler.java:lambda$handle$2(124)) - Created Pipeline RATIS THREE PipelineID=90fc6135-a0c5-4acd-a8d6-2c72975f21c0.
2024-02-27 07:47:43,181 [2b7fc6a0-bf04-48ac-bcd5-1387629fb818-PipelineCommandHandlerThread-0] INFO  server.RaftServer (RaftServerProxy.java:addNew(100)) - 2b7fc6a0-bf04-48ac-bcd5-1387629fb818: addNew group-C24A9DB1B630:[2b7fc6a0-bf04-48ac-bcd5-1387629fb818|10.1.0.19:15212] returns group-C24A9DB1B630:java.util.concurrent.CompletableFuture@3de8a6f2[Not completed]
2024-02-27 07:47:43,182 [2b7fc6a0-bf04-48ac-bcd5-1387629fb818-groupManagement] INFO  server.RaftServer$Division (RaftServerImpl.java:<init>(256)) - 2b7fc6a0-bf04-48ac-bcd5-1387629fb818: new RaftServerImpl for group-C24A9DB1B630:[2b7fc6a0-bf04-48ac-bcd5-1387629fb818|10.1.0.19:15212] with ContainerStateMachine:uninitialized
2024-02-27 07:47:43,182 [2b7fc6a0-bf04-48ac-bcd5-1387629fb818-groupManagement] INFO  server.RaftServerConfigKeys (ConfUtils.java:logGet(46)) - raft.server.rpc.timeout.min = 5s (custom)
2024-02-27 07:47:43,182 [2b7fc6a0-bf04-48ac-bcd5-1387629fb818-groupManagement] INFO  server.RaftServerConfigKeys (ConfUtils.java:logGet(46)) - raft.server.rpc.timeout.max = 5200ms (custom)
2024-02-27 07:47:43,182 [2b7fc6a0-bf04-48ac-bcd5-1387629fb818-groupManagement] INFO  server.RaftServerConfigKeys (ConfUtils.java:logGet(46)) - raft.server.rpc.sleep.time = 25ms (default)
2024-02-27 07:47:43,182 [2b7fc6a0-bf04-48ac-bcd5-1387629fb818-groupManagement] INFO  server.RaftServerConfigKeys (ConfUtils.java:logGet(46)) - raft.server.rpc.slowness.timeout = 300s (custom)
2024-02-27 07:47:43,182 [main] INFO  ozone.MiniOzoneClusterImpl (MiniOzoneClusterImpl.java:lambda$waitForClusterToBeReady$0(195)) - Nodes are ready. Got 3 of 3 DN Heartbeats.
2024-02-27 07:47:43,182 [main] INFO  ozone.MiniOzoneClusterImpl (MiniOzoneClusterImpl.java:lambda$waitForClusterToBeReady$0(198)) - Waiting for cluster to exit safe mode
2024-02-27 07:47:43,182 [main] INFO  ozone.MiniOzoneClusterImpl (MiniOzoneClusterImpl.java:lambda$waitForClusterToBeReady$0(200)) - SCM became leader
2024-02-27 07:47:43,182 [2b7fc6a0-bf04-48ac-bcd5-1387629fb818-groupManagement] INFO  server.RaftServerConfigKeys (ConfUtils.java:logGet(46)) - raft.server.leaderelection.leader.step-down.wait-time = 10s (default)
2024-02-27 07:47:43,183 [2b7fc6a0-bf04-48ac-bcd5-1387629fb818-groupManagement] INFO  server.RaftServerConfigKeys (ConfUtils.java:logGet(46)) - raft.server.leaderelection.member.majority-add = false (default)
2024-02-27 07:47:43,183 [2b7fc6a0-bf04-48ac-bcd5-1387629fb818-groupManagement] INFO  server.RaftServerConfigKeys (ConfUtils.java:logGet(46)) - raft.server.sleep.deviation.threshold = 300ms (default)
2024-02-27 07:47:43,183 [2b7fc6a0-bf04-48ac-bcd5-1387629fb818-groupManagement] INFO  server.RaftServer$Division (ServerState.java:<init>(113)) - 2b7fc6a0-bf04-48ac-bcd5-1387629fb818@group-C24A9DB1B630: ConfigurationManager, init=-1: peers:[2b7fc6a0-bf04-48ac-bcd5-1387629fb818|10.1.0.19:15212]|listeners:[], old=null, confs=<EMPTY_MAP>
2024-02-27 07:47:43,183 [2b7fc6a0-bf04-48ac-bcd5-1387629fb818-groupManagement] INFO  server.RaftServerConfigKeys (ConfUtils.java:logGet(46)) - raft.server.notification.no-leader.timeout = 300s (custom)
2024-02-27 07:47:43,183 [2b7fc6a0-bf04-48ac-bcd5-1387629fb818-groupManagement] INFO  server.RaftServerConfigKeys (ConfUtils.java:logGet(46)) - raft.server.read.timeout = 10s (default)
2024-02-27 07:47:43,183 [2b7fc6a0-bf04-48ac-bcd5-1387629fb818-groupManagement] INFO  server.RaftServerConfigKeys (ConfUtils.java:logGet(46)) - raft.server.retrycache.expirytime = 600000ms (custom)
2024-02-27 07:47:43,183 [2b7fc6a0-bf04-48ac-bcd5-1387629fb818-groupManagement] INFO  server.RaftServerConfigKeys (ConfUtils.java:logGet(46)) - raft.server.retrycache.statistics.expirytime = 100ms (default)
2024-02-27 07:47:43,183 [2b7fc6a0-bf04-48ac-bcd5-1387629fb818-groupManagement] INFO  server.RaftServerConfigKeys (ConfUtils.java:logGet(46)) - raft.server.read.option = DEFAULT (default)
2024-02-27 07:47:43,183 [2b7fc6a0-bf04-48ac-bcd5-1387629fb818-groupManagement] INFO  server.RaftServerConfigKeys (ConfUtils.java:logGet(46)) - raft.server.read.read-after-write-consistent.write-index-cache.expiry-time = 60s (default)
2024-02-27 07:47:43,184 [2b7fc6a0-bf04-48ac-bcd5-1387629fb818-groupManagement] INFO  server.RaftServerConfigKeys (ConfUtils.java:logGet(46)) - raft.server.rpc.request.timeout = 60s (custom)
2024-02-27 07:47:43,184 [2b7fc6a0-bf04-48ac-bcd5-1387629fb818-groupManagement] INFO  server.RaftServerConfigKeys (ConfUtils.java:logGet(46)) - raft.server.log.appender.install.snapshot.enabled = false (custom)
2024-02-27 07:47:43,184 [2b7fc6a0-bf04-48ac-bcd5-1387629fb818-groupManagement] INFO  server.RaftServerConfigKeys (ConfUtils.java:logGet(46)) - raft.server.threadpool.server.cached = true (default)
2024-02-27 07:47:43,184 [2b7fc6a0-bf04-48ac-bcd5-1387629fb818-groupManagement] INFO  server.RaftServerConfigKeys (ConfUtils.java:logGet(46)) - raft.server.threadpool.server.size = 0 (default)
2024-02-27 07:47:43,184 [2b7fc6a0-bf04-48ac-bcd5-1387629fb818-groupManagement] INFO  server.RaftServerConfigKeys (ConfUtils.java:logGet(46)) - raft.server.threadpool.client.cached = true (default)
2024-02-27 07:47:43,184 [2b7fc6a0-bf04-48ac-bcd5-1387629fb818-groupManagement] INFO  server.RaftServerConfigKeys (ConfUtils.java:logGet(46)) - raft.server.threadpool.client.size = 0 (default)
2024-02-27 07:47:43,184 [2b7fc6a0-bf04-48ac-bcd5-1387629fb818-groupManagement] INFO  server.RaftServerConfigKeys (ConfUtils.java:logGet(46)) - raft.server.storage.free-space.min = 0MB (=0) (default)
2024-02-27 07:47:43,184 [2b7fc6a0-bf04-48ac-bcd5-1387629fb818-groupManagement] INFO  server.RaftServerConfigKeys (ConfUtils.java:logGet(46)) - raft.server.log.corruption.policy = EXCEPTION (default)
2024-02-27 07:47:43,184 [2b7fc6a0-bf04-48ac-bcd5-1387629fb818-groupManagement] INFO  server.RaftServerConfigKeys (ConfUtils.java:logGet(46)) - raft.server.storage.dir = [/home/runner/work/ozone/ozone/hadoop-ozone/integration-test/target/test-dir/MiniOzoneClusterImpl-faebf4ee-6c4b-485b-8d19-aa685ee0d5ee/ozone-meta/datanode-3/ratis] (custom)
2024-02-27 07:47:43,185 [2b7fc6a0-bf04-48ac-bcd5-1387629fb818-groupManagement] INFO  storage.RaftStorageDirectory (RaftStorageDirectoryImpl.java:analyzeStorage(138)) - The storage directory /home/runner/work/ozone/ozone/hadoop-ozone/integration-test/target/test-dir/MiniOzoneClusterImpl-faebf4ee-6c4b-485b-8d19-aa685ee0d5ee/ozone-meta/datanode-3/ratis/25e2f026-f44a-4376-a5e5-c24a9db1b630 does not exist. Creating ...
2024-02-27 07:47:43,186 [2b7fc6a0-bf04-48ac-bcd5-1387629fb818-groupManagement] INFO  storage.RaftStorageDirectory (RaftStorageDirectoryImpl.java:tryLock(228)) - Lock on /home/runner/work/ozone/ozone/hadoop-ozone/integration-test/target/test-dir/MiniOzoneClusterImpl-faebf4ee-6c4b-485b-8d19-aa685ee0d5ee/ozone-meta/datanode-3/ratis/25e2f026-f44a-4376-a5e5-c24a9db1b630/in_use.lock acquired by nodename 40924@fv-az699-61
2024-02-27 07:47:43,187 [2b7fc6a0-bf04-48ac-bcd5-1387629fb818-groupManagement] INFO  storage.RaftStorage (RaftStorageImpl.java:format(99)) - Storage directory /home/runner/work/ozone/ozone/hadoop-ozone/integration-test/target/test-dir/MiniOzoneClusterImpl-faebf4ee-6c4b-485b-8d19-aa685ee0d5ee/ozone-meta/datanode-3/ratis/25e2f026-f44a-4376-a5e5-c24a9db1b630 has been successfully formatted.
2024-02-27 07:47:43,187 [2b7fc6a0-bf04-48ac-bcd5-1387629fb818-groupManagement] WARN  util.FileUtils (LogUtils.java:supplyAndLog(63)) - Failed to Files.newInputStream /home/runner/work/ozone/ozone/hadoop-ozone/integration-test/target/test-dir/MiniOzoneClusterImpl-faebf4ee-6c4b-485b-8d19-aa685ee0d5ee/ozone-meta/datanode-3/ratis/25e2f026-f44a-4376-a5e5-c24a9db1b630/current/raft-meta.conf with options []: java.nio.file.NoSuchFileException: /home/runner/work/ozone/ozone/hadoop-ozone/integration-test/target/test-dir/MiniOzoneClusterImpl-faebf4ee-6c4b-485b-8d19-aa685ee0d5ee/ozone-meta/datanode-3/ratis/25e2f026-f44a-4376-a5e5-c24a9db1b630/current/raft-meta.conf
2024-02-27 07:47:43,187 [2b7fc6a0-bf04-48ac-bcd5-1387629fb818-groupManagement] INFO  ratis.ContainerStateMachine (ContainerStateMachine.java:loadSnapshot(287)) - group-C24A9DB1B630: The snapshot info is null. Setting the last applied index to:(t:0, i:~)
2024-02-27 07:47:43,187 [2b7fc6a0-bf04-48ac-bcd5-1387629fb818-groupManagement] INFO  server.RaftServerConfigKeys (ConfUtils.java:logGet(46)) - raft.server.log.use.memory = false (default)
2024-02-27 07:47:43,188 [2b7fc6a0-bf04-48ac-bcd5-1387629fb818-groupManagement] INFO  server.RaftServerConfigKeys (ConfUtils.java:logGet(46)) - raft.server.log.purge.gap = 1000000 (custom)
2024-02-27 07:47:43,188 [2b7fc6a0-bf04-48ac-bcd5-1387629fb818-groupManagement] INFO  server.RaftServerConfigKeys (ConfUtils.java:logGet(46)) - raft.server.log.appender.buffer.byte-limit = 8388608 (custom)
2024-02-27 07:47:43,188 [2b7fc6a0-bf04-48ac-bcd5-1387629fb818-groupManagement] INFO  server.RaftServerConfigKeys (ConfUtils.java:logGet(46)) - raft.server.log.statemachine.data.read.timeout = 1000ms (default)
2024-02-27 07:47:43,188 [2b7fc6a0-bf04-48ac-bcd5-1387629fb818-groupManagement] INFO  server.RaftServerConfigKeys (ConfUtils.java:logGet(46)) - raft.server.log.purge.preservation.log.num = 0 (default)
2024-02-27 07:47:43,188 [EventQueue-PipelineReportForPipelineReportHandler] INFO  pipeline.PipelineReportHandler (PipelineReportHandler.java:processPipelineReport(136)) - Opened pipeline PipelineID=25e2f026-f44a-4376-a5e5-c24a9db1b630
2024-02-27 07:47:43,188 [EventQueue-OpenPipelineForHealthyPipelineSafeModeRule] INFO  safemode.SCMSafeModeManager (HealthyPipelineSafeModeRule.java:process(140)) - SCM in safe mode. Healthy pipelines reported count is 0, required healthy pipeline reported count is 1
2024-02-27 07:47:43,189 [2b7fc6a0-bf04-48ac-bcd5-1387629fb818-groupManagement] INFO  server.RaftServerConfigKeys (ConfUtils.java:logGet(46)) - raft.server.log.segment.size.max = 67108864 (custom)
2024-02-27 07:47:43,189 [2b7fc6a0-bf04-48ac-bcd5-1387629fb818-groupManagement] INFO  server.RaftServerConfigKeys (ConfUtils.java:logGet(46)) - raft.server.log.segment.cache.num.max = 2 (custom)
2024-02-27 07:47:43,189 [2b7fc6a0-bf04-48ac-bcd5-1387629fb818-groupManagement] INFO  server.RaftServerConfigKeys (ConfUtils.java:logGet(46)) - raft.server.log.segment.cache.size.max = 200MB (=209715200) (default)
2024-02-27 07:47:43,189 [2b7fc6a0-bf04-48ac-bcd5-1387629fb818-groupManagement] INFO  server.RaftServerConfigKeys (ConfUtils.java:logGet(46)) - raft.server.log.appender.buffer.byte-limit = 8388608 (custom)
2024-02-27 07:47:43,189 [2b7fc6a0-bf04-48ac-bcd5-1387629fb818-groupManagement] INFO  util.AwaitToRun (AwaitToRun.java:start(81)) - Thread[2b7fc6a0-bf04-48ac-bcd5-1387629fb818@group-C24A9DB1B630-cacheEviction-AwaitToRun,5,main] started
2024-02-27 07:47:43,189 [2b7fc6a0-bf04-48ac-bcd5-1387629fb818-groupManagement] INFO  segmented.SegmentedRaftLogWorker (SegmentedRaftLogWorker.java:<init>(182)) - new 2b7fc6a0-bf04-48ac-bcd5-1387629fb818@group-C24A9DB1B630-SegmentedRaftLogWorker for RaftStorageImpl:Storage Directory /home/runner/work/ozone/ozone/hadoop-ozone/integration-test/target/test-dir/MiniOzoneClusterImpl-faebf4ee-6c4b-485b-8d19-aa685ee0d5ee/ozone-meta/datanode-3/ratis/25e2f026-f44a-4376-a5e5-c24a9db1b630
2024-02-27 07:47:43,189 [2b7fc6a0-bf04-48ac-bcd5-1387629fb818-groupManagement] INFO  server.RaftServerConfigKeys (ConfUtils.java:logGet(46)) - raft.server.log.queue.byte-limit = 4294967296 (custom)
2024-02-27 07:47:43,189 [2b7fc6a0-bf04-48ac-bcd5-1387629fb818-groupManagement] INFO  server.RaftServerConfigKeys (ConfUtils.java:logGet(46)) - raft.server.log.queue.element-limit = 1024 (custom)
2024-02-27 07:47:43,189 [2b7fc6a0-bf04-48ac-bcd5-1387629fb818-groupManagement] INFO  server.RaftServerConfigKeys (ConfUtils.java:logGet(46)) - raft.server.log.segment.size.max = 67108864 (custom)
2024-02-27 07:47:43,189 [2b7fc6a0-bf04-48ac-bcd5-1387629fb818-groupManagement] INFO  server.RaftServerConfigKeys (ConfUtils.java:logGet(46)) - raft.server.log.preallocated.size = 4194304 (custom)
2024-02-27 07:47:43,189 [2b7fc6a0-bf04-48ac-bcd5-1387629fb818-groupManagement] INFO  server.RaftServerConfigKeys (ConfUtils.java:logGet(46)) - raft.server.log.force.sync.num = 128 (default)
2024-02-27 07:47:43,189 [2b7fc6a0-bf04-48ac-bcd5-1387629fb818-groupManagement] INFO  server.RaftServerConfigKeys (ConfUtils.java:logGet(46)) - raft.server.log.statemachine.data.sync = true (default)
2024-02-27 07:47:43,189 [2b7fc6a0-bf04-48ac-bcd5-1387629fb818-groupManagement] INFO  server.RaftServerConfigKeys (ConfUtils.java:logGet(46)) - raft.server.log.statemachine.data.sync.timeout = 10s (default)
2024-02-27 07:47:43,190 [2b7fc6a0-bf04-48ac-bcd5-1387629fb818-groupManagement] INFO  server.RaftServerConfigKeys (ConfUtils.java:logGet(46)) - raft.server.log.statemachine.data.sync.timeout.retry = 0 (custom)
2024-02-27 07:47:43,190 [2b7fc6a0-bf04-48ac-bcd5-1387629fb818-groupManagement] INFO  server.RaftServerConfigKeys (ConfUtils.java:logGet(46)) - raft.server.log.write.buffer.size = 8388616 (custom)
2024-02-27 07:47:43,191 [2b7fc6a0-bf04-48ac-bcd5-1387629fb818-groupManagement] INFO  server.RaftServerConfigKeys (ConfUtils.java:logGet(46)) - raft.server.log.appender.buffer.byte-limit = 8388608 (custom)
2024-02-27 07:47:43,191 [2b7fc6a0-bf04-48ac-bcd5-1387629fb818-groupManagement] INFO  server.RaftServerConfigKeys (ConfUtils.java:logGet(46)) - raft.server.log.unsafe-flush.enabled = false (default)
2024-02-27 07:47:43,191 [2b7fc6a0-bf04-48ac-bcd5-1387629fb818-groupManagement] INFO  server.RaftServerConfigKeys (ConfUtils.java:logGet(46)) - raft.server.log.async-flush.enabled = false (default)
2024-02-27 07:47:43,191 [2b7fc6a0-bf04-48ac-bcd5-1387629fb818-groupManagement] INFO  server.RaftServerConfigKeys (ConfUtils.java:logGet(46)) - raft.server.log.statemachine.data.caching.enabled = true (custom)
2024-02-27 07:47:43,191 [2b7fc6a0-bf04-48ac-bcd5-1387629fb818-groupManagement] INFO  segmented.SegmentedRaftLogWorker (SegmentedRaftLogWorker.java:lambda$new$0(134)) - 2b7fc6a0-bf04-48ac-bcd5-1387629fb818@group-C24A9DB1B630-SegmentedRaftLogWorker: flushIndex: setUnconditionally 0 -> -1
2024-02-27 07:47:43,191 [2b7fc6a0-bf04-48ac-bcd5-1387629fb818-groupManagement] INFO  segmented.SegmentedRaftLogWorker (SegmentedRaftLogWorker.java:lambda$new$0(134)) - 2b7fc6a0-bf04-48ac-bcd5-1387629fb818@group-C24A9DB1B630-SegmentedRaftLogWorker: safeCacheEvictIndex: setUnconditionally 0 -> -1
2024-02-27 07:47:43,192 [2b7fc6a0-bf04-48ac-bcd5-1387629fb818-groupManagement] INFO  server.RaftServer$Division (RaftServerImpl.java:start(396)) - 2b7fc6a0-bf04-48ac-bcd5-1387629fb818@group-C24A9DB1B630: start as a follower, conf=-1: peers:[2b7fc6a0-bf04-48ac-bcd5-1387629fb818|10.1.0.19:15212]|listeners:[], old=null
2024-02-27 07:47:43,192 [2b7fc6a0-bf04-48ac-bcd5-1387629fb818-groupManagement] INFO  server.RaftServer$Division (RaftServerImpl.java:setRole(383)) - 2b7fc6a0-bf04-48ac-bcd5-1387629fb818@group-C24A9DB1B630: changes role from      null to FOLLOWER at term 0 for startAsFollower
2024-02-27 07:47:43,192 [2b7fc6a0-bf04-48ac-bcd5-1387629fb818-groupManagement] INFO  impl.RoleInfo (RoleInfo.java:updateAndGet(139)) - 2b7fc6a0-bf04-48ac-bcd5-1387629fb818: start 2b7fc6a0-bf04-48ac-bcd5-1387629fb818@group-C24A9DB1B630-FollowerState
2024-02-27 07:47:43,192 [2b7fc6a0-bf04-48ac-bcd5-1387629fb818-groupManagement] INFO  util.JmxRegister (JmxRegister.java:tryRegister(44)) - Successfully registered JMX Bean with object name Ratis:service=RaftServer,group=group-C24A9DB1B630,id=2b7fc6a0-bf04-48ac-bcd5-1387629fb818
2024-02-27 07:47:43,192 [2b7fc6a0-bf04-48ac-bcd5-1387629fb818-groupManagement] INFO  server.RaftServerConfigKeys (ConfUtils.java:logGet(46)) - raft.server.snapshot.trigger-when-stop.enabled = true (default)
2024-02-27 07:47:43,192 [2b7fc6a0-bf04-48ac-bcd5-1387629fb818-groupManagement] INFO  server.RaftServerConfigKeys (ConfUtils.java:logGet(46)) - raft.server.snapshot.auto.trigger.enabled = true (custom)
2024-02-27 07:47:43,192 [2b7fc6a0-bf04-48ac-bcd5-1387629fb818-groupManagement] INFO  server.RaftServerConfigKeys (ConfUtils.java:logGet(46)) - raft.server.snapshot.auto.trigger.threshold = 10000 (custom)
2024-02-27 07:47:43,192 [2b7fc6a0-bf04-48ac-bcd5-1387629fb818-groupManagement] INFO  server.RaftServerConfigKeys (ConfUtils.java:logGet(46)) - raft.server.snapshot.retention.file.num = 5 (custom)
2024-02-27 07:47:43,192 [2b7fc6a0-bf04-48ac-bcd5-1387629fb818-groupManagement] INFO  server.RaftServerConfigKeys (ConfUtils.java:logGet(46)) - raft.server.log.purge.upto.snapshot.index = false (default)
2024-02-27 07:47:43,192 [2b7fc6a0-bf04-48ac-bcd5-1387629fb818@group-C24A9DB1B630-FollowerState] INFO  server.RaftServerConfigKeys (ConfUtils.java:logFallback(53)) - raft.server.rpc.first-election.timeout.min = 5s (fallback to raft.server.rpc.timeout.min)
2024-02-27 07:47:43,193 [2b7fc6a0-bf04-48ac-bcd5-1387629fb818@group-C24A9DB1B630-FollowerState] INFO  server.RaftServerConfigKeys (ConfUtils.java:logFallback(53)) - raft.server.rpc.first-election.timeout.max = 5200ms (fallback to raft.server.rpc.timeout.max)
2024-02-27 07:47:43,193 [2b7fc6a0-bf04-48ac-bcd5-1387629fb818-PipelineCommandHandlerThread-0] INFO  ratis.XceiverServerRatis (XceiverServerRatis.java:addGroup(864)) - Created group PipelineID=25e2f026-f44a-4376-a5e5-c24a9db1b630
2024-02-27 07:47:43,193 [2b7fc6a0-bf04-48ac-bcd5-1387629fb818-PipelineCommandHandlerThread-0] INFO  commandhandler.CreatePipelineCommandHandler (CreatePipelineCommandHandler.java:lambda$handle$2(124)) - Created Pipeline RATIS ONE PipelineID=25e2f026-f44a-4376-a5e5-c24a9db1b630.
2024-02-27 07:47:44,183 [main] INFO  ozone.MiniOzoneClusterImpl (MiniOzoneClusterImpl.java:lambda$waitForClusterToBeReady$0(195)) - Nodes are ready. Got 3 of 3 DN Heartbeats.
2024-02-27 07:47:44,183 [main] INFO  ozone.MiniOzoneClusterImpl (MiniOzoneClusterImpl.java:lambda$waitForClusterToBeReady$0(198)) - Waiting for cluster to exit safe mode
2024-02-27 07:47:44,183 [main] INFO  ozone.MiniOzoneClusterImpl (MiniOzoneClusterImpl.java:lambda$waitForClusterToBeReady$0(200)) - SCM became leader
2024-02-27 07:47:45,183 [main] INFO  ozone.MiniOzoneClusterImpl (MiniOzoneClusterImpl.java:lambda$waitForClusterToBeReady$0(195)) - Nodes are ready. Got 3 of 3 DN Heartbeats.
2024-02-27 07:47:45,183 [main] INFO  ozone.MiniOzoneClusterImpl (MiniOzoneClusterImpl.java:lambda$waitForClusterToBeReady$0(198)) - Waiting for cluster to exit safe mode
2024-02-27 07:47:45,183 [main] INFO  ozone.MiniOzoneClusterImpl (MiniOzoneClusterImpl.java:lambda$waitForClusterToBeReady$0(200)) - SCM became leader
2024-02-27 07:47:46,184 [main] INFO  ozone.MiniOzoneClusterImpl (MiniOzoneClusterImpl.java:lambda$waitForClusterToBeReady$0(195)) - Nodes are ready. Got 3 of 3 DN Heartbeats.
2024-02-27 07:47:46,184 [main] INFO  ozone.MiniOzoneClusterImpl (MiniOzoneClusterImpl.java:lambda$waitForClusterToBeReady$0(198)) - Waiting for cluster to exit safe mode
2024-02-27 07:47:46,184 [main] INFO  ozone.MiniOzoneClusterImpl (MiniOzoneClusterImpl.java:lambda$waitForClusterToBeReady$0(200)) - SCM became leader
2024-02-27 07:47:47,184 [main] INFO  ozone.MiniOzoneClusterImpl (MiniOzoneClusterImpl.java:lambda$waitForClusterToBeReady$0(195)) - Nodes are ready. Got 3 of 3 DN Heartbeats.
2024-02-27 07:47:47,184 [main] INFO  ozone.MiniOzoneClusterImpl (MiniOzoneClusterImpl.java:lambda$waitForClusterToBeReady$0(198)) - Waiting for cluster to exit safe mode
2024-02-27 07:47:47,185 [main] INFO  ozone.MiniOzoneClusterImpl (MiniOzoneClusterImpl.java:lambda$waitForClusterToBeReady$0(200)) - SCM became leader
2024-02-27 07:47:48,102 [0b055c95-c6cb-4c32-92a9-22069dc0a51e@group-5AC69BEF08CC-FollowerState] INFO  impl.FollowerState (FollowerState.java:run(143)) - 0b055c95-c6cb-4c32-92a9-22069dc0a51e@group-5AC69BEF08CC-FollowerState: change to CANDIDATE, lastRpcElapsedTime:5129313642ns, electionTimeout:5128ms
2024-02-27 07:47:48,102 [0b055c95-c6cb-4c32-92a9-22069dc0a51e@group-5AC69BEF08CC-FollowerState] INFO  impl.RoleInfo (RoleInfo.java:shutdownFollowerState(110)) - 0b055c95-c6cb-4c32-92a9-22069dc0a51e: shutdown 0b055c95-c6cb-4c32-92a9-22069dc0a51e@group-5AC69BEF08CC-FollowerState
2024-02-27 07:47:48,102 [0b055c95-c6cb-4c32-92a9-22069dc0a51e@group-5AC69BEF08CC-FollowerState] INFO  server.RaftServer$Division (RaftServerImpl.java:setRole(383)) - 0b055c95-c6cb-4c32-92a9-22069dc0a51e@group-5AC69BEF08CC: changes role from  FOLLOWER to CANDIDATE at term 0 for changeToCandidate
2024-02-27 07:47:48,102 [0b055c95-c6cb-4c32-92a9-22069dc0a51e@group-5AC69BEF08CC-FollowerState] INFO  server.RaftServerConfigKeys (ConfUtils.java:logGet(46)) - raft.server.leaderelection.pre-vote = true (default)
2024-02-27 07:47:48,102 [0b055c95-c6cb-4c32-92a9-22069dc0a51e@group-5AC69BEF08CC-FollowerState] INFO  impl.RoleInfo (RoleInfo.java:updateAndGet(139)) - 0b055c95-c6cb-4c32-92a9-22069dc0a51e: start 0b055c95-c6cb-4c32-92a9-22069dc0a51e@group-5AC69BEF08CC-LeaderElection42
2024-02-27 07:47:48,104 [0b055c95-c6cb-4c32-92a9-22069dc0a51e@group-5AC69BEF08CC-LeaderElection42] INFO  impl.LeaderElection (LeaderElection.java:askForVotes(321)) - 0b055c95-c6cb-4c32-92a9-22069dc0a51e@group-5AC69BEF08CC-LeaderElection42 PRE_VOTE round 0: submit vote requests at term 0 for -1: peers:[0b055c95-c6cb-4c32-92a9-22069dc0a51e|10.1.0.19:15194]|listeners:[], old=null
2024-02-27 07:47:48,104 [0b055c95-c6cb-4c32-92a9-22069dc0a51e@group-5AC69BEF08CC-LeaderElection42] INFO  impl.LeaderElection (LeaderElection.java:askForVotes(323)) - 0b055c95-c6cb-4c32-92a9-22069dc0a51e@group-5AC69BEF08CC-LeaderElection42 PRE_VOTE round 0: result PASSED (term=0)
2024-02-27 07:47:48,105 [0b055c95-c6cb-4c32-92a9-22069dc0a51e@group-5AC69BEF08CC-LeaderElection42] INFO  impl.LeaderElection (LeaderElection.java:askForVotes(321)) - 0b055c95-c6cb-4c32-92a9-22069dc0a51e@group-5AC69BEF08CC-LeaderElection42 ELECTION round 0: submit vote requests at term 1 for -1: peers:[0b055c95-c6cb-4c32-92a9-22069dc0a51e|10.1.0.19:15194]|listeners:[], old=null
2024-02-27 07:47:48,105 [0b055c95-c6cb-4c32-92a9-22069dc0a51e@group-5AC69BEF08CC-LeaderElection42] INFO  impl.LeaderElection (LeaderElection.java:askForVotes(323)) - 0b055c95-c6cb-4c32-92a9-22069dc0a51e@group-5AC69BEF08CC-LeaderElection42 ELECTION round 0: result PASSED (term=1)
2024-02-27 07:47:48,105 [0b055c95-c6cb-4c32-92a9-22069dc0a51e@group-5AC69BEF08CC-LeaderElection42] INFO  impl.RoleInfo (RoleInfo.java:shutdownLeaderElection(130)) - 0b055c95-c6cb-4c32-92a9-22069dc0a51e: shutdown 0b055c95-c6cb-4c32-92a9-22069dc0a51e@group-5AC69BEF08CC-LeaderElection42
2024-02-27 07:47:48,105 [0b055c95-c6cb-4c32-92a9-22069dc0a51e@group-5AC69BEF08CC-LeaderElection42] INFO  server.RaftServer$Division (RaftServerImpl.java:setRole(383)) - 0b055c95-c6cb-4c32-92a9-22069dc0a51e@group-5AC69BEF08CC: changes role from CANDIDATE to LEADER at term 1 for changeToLeader
2024-02-27 07:47:48,105 [0b055c95-c6cb-4c32-92a9-22069dc0a51e@group-5AC69BEF08CC-LeaderElection42] INFO  server.RaftServerConfigKeys (ConfUtils.java:logGet(46)) - raft.server.staging.catchup.gap = 1000 (default)
2024-02-27 07:47:48,105 [0b055c95-c6cb-4c32-92a9-22069dc0a51e@group-5AC69BEF08CC-LeaderElection42] INFO  server.RaftServerConfigKeys (ConfUtils.java:logGet(46)) - raft.server.write.element-limit = 1024 (custom)
2024-02-27 07:47:48,106 [0b055c95-c6cb-4c32-92a9-22069dc0a51e@group-5AC69BEF08CC-LeaderElection42] INFO  server.RaftServerConfigKeys (ConfUtils.java:logGet(46)) - raft.server.write.byte-limit = 1024 M (=1073741824) (custom)
2024-02-27 07:47:48,106 [0b055c95-c6cb-4c32-92a9-22069dc0a51e@group-5AC69BEF08CC-LeaderElection42] INFO  server.RaftServerConfigKeys (ConfUtils.java:logGet(46)) - raft.server.watch.timeout = 180s (custom)
2024-02-27 07:47:48,106 [0b055c95-c6cb-4c32-92a9-22069dc0a51e@group-5AC69BEF08CC-LeaderElection42] INFO  server.RaftServerConfigKeys (ConfUtils.java:logGet(46)) - raft.server.watch.timeout.denomination = 1s (default)
2024-02-27 07:47:48,106 [0b055c95-c6cb-4c32-92a9-22069dc0a51e@group-5AC69BEF08CC-LeaderElection42] INFO  server.RaftServerConfigKeys (ConfUtils.java:logGet(46)) - raft.server.watch.element-limit = 65536 (default)
2024-02-27 07:47:48,106 [0b055c95-c6cb-4c32-92a9-22069dc0a51e@group-5AC69BEF08CC-LeaderElection42] INFO  server.RaftServerConfigKeys (ConfUtils.java:logGet(46)) - raft.server.read.leader.lease.enabled = false (default)
2024-02-27 07:47:48,106 [0b055c95-c6cb-4c32-92a9-22069dc0a51e@group-5AC69BEF08CC-LeaderElection42] INFO  server.RaftServerConfigKeys (ConfUtils.java:logGet(46)) - raft.server.read.leader.lease.timeout.ratio = 0.9 (default)
2024-02-27 07:47:48,106 [0b055c95-c6cb-4c32-92a9-22069dc0a51e@group-5AC69BEF08CC-LeaderElection42] INFO  server.RaftServerConfigKeys (ConfUtils.java:logGet(46)) - raft.server.rpc.timeout.min = 5s (custom)
2024-02-27 07:47:48,106 [0b055c95-c6cb-4c32-92a9-22069dc0a51e@group-5AC69BEF08CC-LeaderElection42] INFO  server.RaftServerConfigKeys (ConfUtils.java:logGet(46)) - raft.server.write.element-limit = 1024 (custom)
2024-02-27 07:47:48,106 [0b055c95-c6cb-4c32-92a9-22069dc0a51e@group-5AC69BEF08CC-LeaderElection42] INFO  server.RaftServerConfigKeys (ConfUtils.java:logGet(46)) - raft.server.write.follower.gap.ratio.max = -1.0 (default)
2024-02-27 07:47:48,106 [0b055c95-c6cb-4c32-92a9-22069dc0a51e@group-5AC69BEF08CC-LeaderElection42] INFO  impl.RoleInfo (RoleInfo.java:updateAndGet(139)) - 0b055c95-c6cb-4c32-92a9-22069dc0a51e: start 0b055c95-c6cb-4c32-92a9-22069dc0a51e@group-5AC69BEF08CC-LeaderStateImpl
2024-02-27 07:47:48,106 [0b055c95-c6cb-4c32-92a9-22069dc0a51e@group-5AC69BEF08CC-LeaderElection42] INFO  server.RaftServer$Division (RaftServerImpl.java:setFirstElection(574)) - 0b055c95-c6cb-4c32-92a9-22069dc0a51e@group-5AC69BEF08CC: set firstElectionSinceStartup to false for becomeLeader
2024-02-27 07:47:48,106 [0b055c95-c6cb-4c32-92a9-22069dc0a51e@group-5AC69BEF08CC-LeaderElection42] INFO  ratis.XceiverServerRatis (XceiverServerRatis.java:handleLeaderChangedNotification(966)) - Leader change notification received for group: group-5AC69BEF08CC with new leaderId: 0b055c95-c6cb-4c32-92a9-22069dc0a51e
2024-02-27 07:47:48,107 [0b055c95-c6cb-4c32-92a9-22069dc0a51e@group-5AC69BEF08CC-LeaderElection42] INFO  server.RaftServer$Division (ServerState.java:setLeader(269)) - 0b055c95-c6cb-4c32-92a9-22069dc0a51e@group-5AC69BEF08CC: change Leader from null to 0b055c95-c6cb-4c32-92a9-22069dc0a51e at term 1 for becomeLeader, leader elected after 5147ms
2024-02-27 07:47:48,107 [0b055c95-c6cb-4c32-92a9-22069dc0a51e@group-5AC69BEF08CC-LeaderElection42] INFO  segmented.SegmentedRaftLogWorker (SegmentedRaftLogWorker.java:startLogSegment(430)) - 0b055c95-c6cb-4c32-92a9-22069dc0a51e@group-5AC69BEF08CC-SegmentedRaftLogWorker: Starting segment from index:0
2024-02-27 07:47:48,108 [0b055c95-c6cb-4c32-92a9-22069dc0a51e@group-5AC69BEF08CC-LeaderElection42] INFO  server.RaftServer$Division (ServerState.java:setRaftConf(386)) - 0b055c95-c6cb-4c32-92a9-22069dc0a51e@group-5AC69BEF08CC: set configuration 0: peers:[0b055c95-c6cb-4c32-92a9-22069dc0a51e|10.1.0.19:15194]|listeners:[], old=null
2024-02-27 07:47:48,108 [0b055c95-c6cb-4c32-92a9-22069dc0a51e@group-5AC69BEF08CC-SegmentedRaftLogWorker] INFO  segmented.BufferedWriteChannel (BufferedWriteChannel.java:open(62)) - open log_inprogress_0 at position 0
2024-02-27 07:47:48,108 [2b7fc6a0-bf04-48ac-bcd5-1387629fb818@group-2C72975F21C0-FollowerState] INFO  impl.FollowerState (FollowerState.java:run(143)) - 2b7fc6a0-bf04-48ac-bcd5-1387629fb818@group-2C72975F21C0-FollowerState: change to CANDIDATE, lastRpcElapsedTime:5006756069ns, electionTimeout:5005ms
2024-02-27 07:47:48,108 [2b7fc6a0-bf04-48ac-bcd5-1387629fb818@group-2C72975F21C0-FollowerState] INFO  impl.RoleInfo (RoleInfo.java:shutdownFollowerState(110)) - 2b7fc6a0-bf04-48ac-bcd5-1387629fb818: shutdown 2b7fc6a0-bf04-48ac-bcd5-1387629fb818@group-2C72975F21C0-FollowerState
2024-02-27 07:47:48,109 [2b7fc6a0-bf04-48ac-bcd5-1387629fb818@group-2C72975F21C0-FollowerState] INFO  server.RaftServer$Division (RaftServerImpl.java:setRole(383)) - 2b7fc6a0-bf04-48ac-bcd5-1387629fb818@group-2C72975F21C0: changes role from  FOLLOWER to CANDIDATE at term 0 for changeToCandidate
2024-02-27 07:47:48,109 [2b7fc6a0-bf04-48ac-bcd5-1387629fb818@group-2C72975F21C0-FollowerState] INFO  server.RaftServerConfigKeys (ConfUtils.java:logGet(46)) - raft.server.leaderelection.pre-vote = true (default)
2024-02-27 07:47:48,109 [2b7fc6a0-bf04-48ac-bcd5-1387629fb818@group-2C72975F21C0-FollowerState] INFO  impl.RoleInfo (RoleInfo.java:updateAndGet(139)) - 2b7fc6a0-bf04-48ac-bcd5-1387629fb818: start 2b7fc6a0-bf04-48ac-bcd5-1387629fb818@group-2C72975F21C0-LeaderElection43
2024-02-27 07:47:48,114 [EventQueue-OpenPipelineForHealthyPipelineSafeModeRule] INFO  safemode.SCMSafeModeManager (HealthyPipelineSafeModeRule.java:process(140)) - SCM in safe mode. Healthy pipelines reported count is 0, required healthy pipeline reported count is 1
2024-02-27 07:47:48,114 [2b7fc6a0-bf04-48ac-bcd5-1387629fb818@group-2C72975F21C0-LeaderElection43] INFO  impl.LeaderElection (LeaderElection.java:askForVotes(321)) - 2b7fc6a0-bf04-48ac-bcd5-1387629fb818@group-2C72975F21C0-LeaderElection43 PRE_VOTE round 0: submit vote requests at term 0 for -1: peers:[2b7fc6a0-bf04-48ac-bcd5-1387629fb818|10.1.0.19:15212, b25ec414-9acd-4350-8ffe-2659fbf5f78f|10.1.0.19:15203, 0b055c95-c6cb-4c32-92a9-22069dc0a51e|10.1.0.19:15194]|listeners:[], old=null
2024-02-27 07:47:48,115 [2b7fc6a0-bf04-48ac-bcd5-1387629fb818@group-2C72975F21C0-LeaderElection43] INFO  server.RaftServerConfigKeys (ConfUtils.java:logFallback(53)) - raft.server.rpc.first-election.timeout.min = 5s (fallback to raft.server.rpc.timeout.min)
2024-02-27 07:47:48,115 [2b7fc6a0-bf04-48ac-bcd5-1387629fb818@group-2C72975F21C0-LeaderElection43] INFO  server.RaftServerConfigKeys (ConfUtils.java:logFallback(53)) - raft.server.rpc.first-election.timeout.max = 5200ms (fallback to raft.server.rpc.timeout.max)
2024-02-27 07:47:48,115 [2b7fc6a0-bf04-48ac-bcd5-1387629fb818@group-2C72975F21C0-LeaderElection43-1] INFO  server.GrpcServerProtocolClient (GrpcServerProtocolClient.java:<init>(65)) - Build channel for b25ec414-9acd-4350-8ffe-2659fbf5f78f|10.1.0.19:15203
2024-02-27 07:47:48,115 [2b7fc6a0-bf04-48ac-bcd5-1387629fb818@group-2C72975F21C0-LeaderElection43-2] INFO  server.GrpcServerProtocolClient (GrpcServerProtocolClient.java:<init>(65)) - Build channel for 0b055c95-c6cb-4c32-92a9-22069dc0a51e|10.1.0.19:15194
2024-02-27 07:47:48,121 [0b055c95-c6cb-4c32-92a9-22069dc0a51e@group-5AC69BEF08CC-SegmentedRaftLogWorker] INFO  segmented.SegmentedRaftLogWorker (SegmentedRaftLogWorker.java:execute(634)) - 0b055c95-c6cb-4c32-92a9-22069dc0a51e@group-5AC69BEF08CC-SegmentedRaftLogWorker: created new log segment /home/runner/work/ozone/ozone/hadoop-ozone/integration-test/target/test-dir/MiniOzoneClusterImpl-faebf4ee-6c4b-485b-8d19-aa685ee0d5ee/ozone-meta/datanode-1/ratis/14309e56-ce76-4795-8194-5ac69bef08cc/current/log_inprogress_0
2024-02-27 07:47:48,121 [grpc-default-executor-4] INFO  server.RaftServer$Division (RaftServerImpl.java:requestVote(1389)) - b25ec414-9acd-4350-8ffe-2659fbf5f78f@group-2C72975F21C0: receive requestVote(PRE_VOTE, 2b7fc6a0-bf04-48ac-bcd5-1387629fb818, group-2C72975F21C0, 0, (t:0, i:0))
2024-02-27 07:47:48,122 [grpc-default-executor-4] INFO  impl.VoteContext (VoteContext.java:log(49)) - b25ec414-9acd-4350-8ffe-2659fbf5f78f@group-2C72975F21C0-FOLLOWER: accept PRE_VOTE from 2b7fc6a0-bf04-48ac-bcd5-1387629fb818: our priority 0 <= candidate's priority 0
2024-02-27 07:47:48,122 [grpc-default-executor-4] INFO  server.RaftServer$Division (RaftServerImpl.java:requestVote(1422)) - b25ec414-9acd-4350-8ffe-2659fbf5f78f@group-2C72975F21C0 replies to PRE_VOTE vote request: 2b7fc6a0-bf04-48ac-bcd5-1387629fb818<-b25ec414-9acd-4350-8ffe-2659fbf5f78f#0:OK-t0. Peer's state: b25ec414-9acd-4350-8ffe-2659fbf5f78f@group-2C72975F21C0:t0, leader=null, voted=, raftlog=Memoized:b25ec414-9acd-4350-8ffe-2659fbf5f78f@group-2C72975F21C0-SegmentedRaftLog:OPENED:c-1, conf=-1: peers:[2b7fc6a0-bf04-48ac-bcd5-1387629fb818|10.1.0.19:15212, b25ec414-9acd-4350-8ffe-2659fbf5f78f|10.1.0.19:15203, 0b055c95-c6cb-4c32-92a9-22069dc0a51e|10.1.0.19:15194]|listeners:[], old=null
2024-02-27 07:47:48,121 [grpc-default-executor-3] INFO  server.RaftServer$Division (RaftServerImpl.java:requestVote(1389)) - 0b055c95-c6cb-4c32-92a9-22069dc0a51e@group-2C72975F21C0: receive requestVote(PRE_VOTE, 2b7fc6a0-bf04-48ac-bcd5-1387629fb818, group-2C72975F21C0, 0, (t:0, i:0))
2024-02-27 07:47:48,122 [grpc-default-executor-3] INFO  impl.VoteContext (VoteContext.java:log(49)) - 0b055c95-c6cb-4c32-92a9-22069dc0a51e@group-2C72975F21C0-FOLLOWER: reject PRE_VOTE from 2b7fc6a0-bf04-48ac-bcd5-1387629fb818: our priority 1 > candidate's priority 0
2024-02-27 07:47:48,122 [grpc-default-executor-3] INFO  server.RaftServer$Division (RaftServerImpl.java:requestVote(1422)) - 0b055c95-c6cb-4c32-92a9-22069dc0a51e@group-2C72975F21C0 replies to PRE_VOTE vote request: 2b7fc6a0-bf04-48ac-bcd5-1387629fb818<-0b055c95-c6cb-4c32-92a9-22069dc0a51e#0:FAIL-t0. Peer's state: 0b055c95-c6cb-4c32-92a9-22069dc0a51e@group-2C72975F21C0:t0, leader=null, voted=, raftlog=Memoized:0b055c95-c6cb-4c32-92a9-22069dc0a51e@group-2C72975F21C0-SegmentedRaftLog:OPENED:c-1, conf=-1: peers:[2b7fc6a0-bf04-48ac-bcd5-1387629fb818|10.1.0.19:15212, b25ec414-9acd-4350-8ffe-2659fbf5f78f|10.1.0.19:15203, 0b055c95-c6cb-4c32-92a9-22069dc0a51e|10.1.0.19:15194]|listeners:[], old=null
2024-02-27 07:47:48,123 [2b7fc6a0-bf04-48ac-bcd5-1387629fb818@group-2C72975F21C0-LeaderElection43] INFO  impl.LeaderElection (LeaderElection.java:logAndReturn(89)) - 2b7fc6a0-bf04-48ac-bcd5-1387629fb818@group-2C72975F21C0-LeaderElection43: PRE_VOTE REJECTED received 1 response(s) and 0 exception(s):
2024-02-27 07:47:48,123 [2b7fc6a0-bf04-48ac-bcd5-1387629fb818@group-2C72975F21C0-LeaderElection43] INFO  impl.LeaderElection (LeaderElection.java:logAndReturn(93)) -   Response 0: 2b7fc6a0-bf04-48ac-bcd5-1387629fb818<-0b055c95-c6cb-4c32-92a9-22069dc0a51e#0:FAIL-t0
2024-02-27 07:47:48,123 [2b7fc6a0-bf04-48ac-bcd5-1387629fb818@group-2C72975F21C0-LeaderElection43] INFO  impl.LeaderElection (LeaderElection.java:askForVotes(323)) - 2b7fc6a0-bf04-48ac-bcd5-1387629fb818@group-2C72975F21C0-LeaderElection43 PRE_VOTE round 0: result REJECTED
2024-02-27 07:47:48,123 [2b7fc6a0-bf04-48ac-bcd5-1387629fb818@group-2C72975F21C0-LeaderElection43] INFO  server.RaftServer$Division (RaftServerImpl.java:setRole(383)) - 2b7fc6a0-bf04-48ac-bcd5-1387629fb818@group-2C72975F21C0: changes role from CANDIDATE to FOLLOWER at term 0 for REJECTED
2024-02-27 07:47:48,123 [2b7fc6a0-bf04-48ac-bcd5-1387629fb818@group-2C72975F21C0-LeaderElection43] INFO  impl.RoleInfo (RoleInfo.java:shutdownLeaderElection(130)) - 2b7fc6a0-bf04-48ac-bcd5-1387629fb818: shutdown 2b7fc6a0-bf04-48ac-bcd5-1387629fb818@group-2C72975F21C0-LeaderElection43
2024-02-27 07:47:48,123 [2b7fc6a0-bf04-48ac-bcd5-1387629fb818@group-2C72975F21C0-LeaderElection43] INFO  impl.RoleInfo (RoleInfo.java:updateAndGet(139)) - 2b7fc6a0-bf04-48ac-bcd5-1387629fb818: start 2b7fc6a0-bf04-48ac-bcd5-1387629fb818@group-2C72975F21C0-FollowerState
2024-02-27 07:47:48,123 [2b7fc6a0-bf04-48ac-bcd5-1387629fb818@group-2C72975F21C0-LeaderElection43] INFO  server.RaftServer$Division (RaftServerImpl.java:setFirstElection(574)) - 2b7fc6a0-bf04-48ac-bcd5-1387629fb818@group-2C72975F21C0: set firstElectionSinceStartup to false for REJECTED
2024-02-27 07:47:48,126 [0b055c95-c6cb-4c32-92a9-22069dc0a51e@group-5AC69BEF08CC-StateMachineUpdater] INFO  server.RaftServer$Division (LeaderStateImpl.java:isApplied(320)) - leader is ready since appliedIndex == 0 >= startIndex == 0
2024-02-27 07:47:48,153 [2b7fc6a0-bf04-48ac-bcd5-1387629fb818@group-399AEB34022D-FollowerState] INFO  impl.FollowerState (FollowerState.java:run(143)) - 2b7fc6a0-bf04-48ac-bcd5-1387629fb818@group-399AEB34022D-FollowerState: change to CANDIDATE, lastRpcElapsedTime:5147382636ns, electionTimeout:5147ms
2024-02-27 07:47:48,153 [2b7fc6a0-bf04-48ac-bcd5-1387629fb818@group-399AEB34022D-FollowerState] INFO  impl.RoleInfo (RoleInfo.java:shutdownFollowerState(110)) - 2b7fc6a0-bf04-48ac-bcd5-1387629fb818: shutdown 2b7fc6a0-bf04-48ac-bcd5-1387629fb818@group-399AEB34022D-FollowerState
2024-02-27 07:47:48,153 [2b7fc6a0-bf04-48ac-bcd5-1387629fb818@group-399AEB34022D-FollowerState] INFO  server.RaftServer$Division (RaftServerImpl.java:setRole(383)) - 2b7fc6a0-bf04-48ac-bcd5-1387629fb818@group-399AEB34022D: changes role from  FOLLOWER to CANDIDATE at term 0 for changeToCandidate
2024-02-27 07:47:48,153 [2b7fc6a0-bf04-48ac-bcd5-1387629fb818@group-399AEB34022D-FollowerState] INFO  server.RaftServerConfigKeys (ConfUtils.java:logGet(46)) - raft.server.leaderelection.pre-vote = true (default)
2024-02-27 07:47:48,153 [2b7fc6a0-bf04-48ac-bcd5-1387629fb818@group-399AEB34022D-FollowerState] INFO  impl.RoleInfo (RoleInfo.java:updateAndGet(139)) - 2b7fc6a0-bf04-48ac-bcd5-1387629fb818: start 2b7fc6a0-bf04-48ac-bcd5-1387629fb818@group-399AEB34022D-LeaderElection44
2024-02-27 07:47:48,155 [2b7fc6a0-bf04-48ac-bcd5-1387629fb818@group-399AEB34022D-LeaderElection44] INFO  impl.LeaderElection (LeaderElection.java:askForVotes(321)) - 2b7fc6a0-bf04-48ac-bcd5-1387629fb818@group-399AEB34022D-LeaderElection44 PRE_VOTE round 0: submit vote requests at term 0 for -1: peers:[2b7fc6a0-bf04-48ac-bcd5-1387629fb818|10.1.0.19:15212, b25ec414-9acd-4350-8ffe-2659fbf5f78f|10.1.0.19:15203, 0b055c95-c6cb-4c32-92a9-22069dc0a51e|10.1.0.19:15194]|listeners:[], old=null
2024-02-27 07:47:48,155 [2b7fc6a0-bf04-48ac-bcd5-1387629fb818@group-399AEB34022D-LeaderElection44] INFO  server.RaftServerConfigKeys (ConfUtils.java:logFallback(53)) - raft.server.rpc.first-election.timeout.min = 5s (fallback to raft.server.rpc.timeout.min)
2024-02-27 07:47:48,155 [2b7fc6a0-bf04-48ac-bcd5-1387629fb818@group-399AEB34022D-LeaderElection44] INFO  server.RaftServerConfigKeys (ConfUtils.java:logFallback(53)) - raft.server.rpc.first-election.timeout.max = 5200ms (fallback to raft.server.rpc.timeout.max)
2024-02-27 07:47:48,155 [grpc-default-executor-3] INFO  server.RaftServer$Division (RaftServerImpl.java:requestVote(1389)) - b25ec414-9acd-4350-8ffe-2659fbf5f78f@group-399AEB34022D: receive requestVote(PRE_VOTE, 2b7fc6a0-bf04-48ac-bcd5-1387629fb818, group-399AEB34022D, 0, (t:0, i:0))
2024-02-27 07:47:48,156 [grpc-default-executor-3] INFO  impl.VoteContext (VoteContext.java:log(49)) - b25ec414-9acd-4350-8ffe-2659fbf5f78f@group-399AEB34022D-FOLLOWER: accept PRE_VOTE from 2b7fc6a0-bf04-48ac-bcd5-1387629fb818: our priority 0 <= candidate's priority 1
2024-02-27 07:47:48,156 [grpc-default-executor-4] INFO  server.RaftServer$Division (RaftServerImpl.java:requestVote(1389)) - 0b055c95-c6cb-4c32-92a9-22069dc0a51e@group-399AEB34022D: receive requestVote(PRE_VOTE, 2b7fc6a0-bf04-48ac-bcd5-1387629fb818, group-399AEB34022D, 0, (t:0, i:0))
2024-02-27 07:47:48,156 [grpc-default-executor-3] INFO  server.RaftServer$Division (RaftServerImpl.java:requestVote(1422)) - b25ec414-9acd-4350-8ffe-2659fbf5f78f@group-399AEB34022D replies to PRE_VOTE vote request: 2b7fc6a0-bf04-48ac-bcd5-1387629fb818<-b25ec414-9acd-4350-8ffe-2659fbf5f78f#0:OK-t0. Peer's state: b25ec414-9acd-4350-8ffe-2659fbf5f78f@group-399AEB34022D:t0, leader=null, voted=, raftlog=Memoized:b25ec414-9acd-4350-8ffe-2659fbf5f78f@group-399AEB34022D-SegmentedRaftLog:OPENED:c-1, conf=-1: peers:[2b7fc6a0-bf04-48ac-bcd5-1387629fb818|10.1.0.19:15212, b25ec414-9acd-4350-8ffe-2659fbf5f78f|10.1.0.19:15203, 0b055c95-c6cb-4c32-92a9-22069dc0a51e|10.1.0.19:15194]|listeners:[], old=null
2024-02-27 07:47:48,156 [grpc-default-executor-4] INFO  impl.VoteContext (VoteContext.java:log(49)) - 0b055c95-c6cb-4c32-92a9-22069dc0a51e@group-399AEB34022D-FOLLOWER: accept PRE_VOTE from 2b7fc6a0-bf04-48ac-bcd5-1387629fb818: our priority 0 <= candidate's priority 1
2024-02-27 07:47:48,156 [grpc-default-executor-4] INFO  server.RaftServer$Division (RaftServerImpl.java:requestVote(1422)) - 0b055c95-c6cb-4c32-92a9-22069dc0a51e@group-399AEB34022D replies to PRE_VOTE vote request: 2b7fc6a0-bf04-48ac-bcd5-1387629fb818<-0b055c95-c6cb-4c32-92a9-22069dc0a51e#0:OK-t0. Peer's state: 0b055c95-c6cb-4c32-92a9-22069dc0a51e@group-399AEB34022D:t0, leader=null, voted=, raftlog=Memoized:0b055c95-c6cb-4c32-92a9-22069dc0a51e@group-399AEB34022D-SegmentedRaftLog:OPENED:c-1, conf=-1: peers:[2b7fc6a0-bf04-48ac-bcd5-1387629fb818|10.1.0.19:15212, b25ec414-9acd-4350-8ffe-2659fbf5f78f|10.1.0.19:15203, 0b055c95-c6cb-4c32-92a9-22069dc0a51e|10.1.0.19:15194]|listeners:[], old=null
2024-02-27 07:47:48,156 [2b7fc6a0-bf04-48ac-bcd5-1387629fb818@group-399AEB34022D-LeaderElection44] INFO  impl.LeaderElection (LeaderElection.java:logAndReturn(89)) - 2b7fc6a0-bf04-48ac-bcd5-1387629fb818@group-399AEB34022D-LeaderElection44: PRE_VOTE PASSED received 1 response(s) and 0 exception(s):
2024-02-27 07:47:48,156 [2b7fc6a0-bf04-48ac-bcd5-1387629fb818@group-399AEB34022D-LeaderElection44] INFO  impl.LeaderElection (LeaderElection.java:logAndReturn(93)) -   Response 0: 2b7fc6a0-bf04-48ac-bcd5-1387629fb818<-b25ec414-9acd-4350-8ffe-2659fbf5f78f#0:OK-t0
2024-02-27 07:47:48,156 [2b7fc6a0-bf04-48ac-bcd5-1387629fb818@group-399AEB34022D-LeaderElection44] INFO  impl.LeaderElection (LeaderElection.java:askForVotes(323)) - 2b7fc6a0-bf04-48ac-bcd5-1387629fb818@group-399AEB34022D-LeaderElection44 PRE_VOTE round 0: result PASSED
2024-02-27 07:47:48,158 [2b7fc6a0-bf04-48ac-bcd5-1387629fb818@group-399AEB34022D-LeaderElection44] INFO  impl.LeaderElection (LeaderElection.java:askForVotes(321)) - 2b7fc6a0-bf04-48ac-bcd5-1387629fb818@group-399AEB34022D-LeaderElection44 ELECTION round 0: submit vote requests at term 1 for -1: peers:[2b7fc6a0-bf04-48ac-bcd5-1387629fb818|10.1.0.19:15212, b25ec414-9acd-4350-8ffe-2659fbf5f78f|10.1.0.19:15203, 0b055c95-c6cb-4c32-92a9-22069dc0a51e|10.1.0.19:15194]|listeners:[], old=null
2024-02-27 07:47:48,158 [2b7fc6a0-bf04-48ac-bcd5-1387629fb818@group-399AEB34022D-LeaderElection44] INFO  server.RaftServerConfigKeys (ConfUtils.java:logFallback(53)) - raft.server.rpc.first-election.timeout.min = 5s (fallback to raft.server.rpc.timeout.min)
2024-02-27 07:47:48,158 [2b7fc6a0-bf04-48ac-bcd5-1387629fb818@group-399AEB34022D-LeaderElection44] INFO  server.RaftServerConfigKeys (ConfUtils.java:logFallback(53)) - raft.server.rpc.first-election.timeout.max = 5200ms (fallback to raft.server.rpc.timeout.max)
2024-02-27 07:47:48,159 [b25ec414-9acd-4350-8ffe-2659fbf5f78f@group-399AEB34022D-FollowerState] INFO  server.RaftServerConfigKeys (ConfUtils.java:logFallback(53)) - raft.server.rpc.first-election.timeout.min = 5s (fallback to raft.server.rpc.timeout.min)
2024-02-27 07:47:48,159 [b25ec414-9acd-4350-8ffe-2659fbf5f78f@group-399AEB34022D-FollowerState] INFO  server.RaftServerConfigKeys (ConfUtils.java:logFallback(53)) - raft.server.rpc.first-election.timeout.max = 5200ms (fallback to raft.server.rpc.timeout.max)
2024-02-27 07:47:48,159 [grpc-default-executor-4] INFO  server.RaftServer$Division (RaftServerImpl.java:requestVote(1389)) - 0b055c95-c6cb-4c32-92a9-22069dc0a51e@group-399AEB34022D: receive requestVote(ELECTION, 2b7fc6a0-bf04-48ac-bcd5-1387629fb818, group-399AEB34022D, 1, (t:0, i:0))
2024-02-27 07:47:48,159 [grpc-default-executor-3] INFO  server.RaftServer$Division (RaftServerImpl.java:requestVote(1389)) - b25ec414-9acd-4350-8ffe-2659fbf5f78f@group-399AEB34022D: receive requestVote(ELECTION, 2b7fc6a0-bf04-48ac-bcd5-1387629fb818, group-399AEB34022D, 1, (t:0, i:0))
2024-02-27 07:47:48,159 [grpc-default-executor-4] INFO  impl.VoteContext (VoteContext.java:log(49)) - 0b055c95-c6cb-4c32-92a9-22069dc0a51e@group-399AEB34022D-FOLLOWER: accept ELECTION from 2b7fc6a0-bf04-48ac-bcd5-1387629fb818: our priority 0 <= candidate's priority 1
2024-02-27 07:47:48,159 [grpc-default-executor-4] INFO  server.RaftServer$Division (RaftServerImpl.java:setRole(383)) - 0b055c95-c6cb-4c32-92a9-22069dc0a51e@group-399AEB34022D: changes role from  FOLLOWER to FOLLOWER at term 1 for candidate:2b7fc6a0-bf04-48ac-bcd5-1387629fb818
2024-02-27 07:47:48,159 [grpc-default-executor-4] INFO  impl.RoleInfo (RoleInfo.java:shutdownFollowerState(110)) - 0b055c95-c6cb-4c32-92a9-22069dc0a51e: shutdown 0b055c95-c6cb-4c32-92a9-22069dc0a51e@group-399AEB34022D-FollowerState
2024-02-27 07:47:48,159 [grpc-default-executor-4] INFO  impl.RoleInfo (RoleInfo.java:updateAndGet(139)) - 0b055c95-c6cb-4c32-92a9-22069dc0a51e: start 0b055c95-c6cb-4c32-92a9-22069dc0a51e@group-399AEB34022D-FollowerState
2024-02-27 07:47:48,160 [grpc-default-executor-4] INFO  server.RaftServer$Division (RaftServerImpl.java:setFirstElection(574)) - 0b055c95-c6cb-4c32-92a9-22069dc0a51e@group-399AEB34022D: set firstElectionSinceStartup to false for candidate:2b7fc6a0-bf04-48ac-bcd5-1387629fb818
2024-02-27 07:47:48,159 [grpc-default-executor-3] INFO  impl.VoteContext (VoteContext.java:log(49)) - b25ec414-9acd-4350-8ffe-2659fbf5f78f@group-399AEB34022D-FOLLOWER: accept ELECTION from 2b7fc6a0-bf04-48ac-bcd5-1387629fb818: our priority 0 <= candidate's priority 1
2024-02-27 07:47:48,161 [grpc-default-executor-3] INFO  server.RaftServer$Division (RaftServerImpl.java:setRole(383)) - b25ec414-9acd-4350-8ffe-2659fbf5f78f@group-399AEB34022D: changes role from  FOLLOWER to FOLLOWER at term 1 for candidate:2b7fc6a0-bf04-48ac-bcd5-1387629fb818
2024-02-27 07:47:48,161 [grpc-default-executor-3] INFO  impl.RoleInfo (RoleInfo.java:shutdownFollowerState(110)) - b25ec414-9acd-4350-8ffe-2659fbf5f78f: shutdown b25ec414-9acd-4350-8ffe-2659fbf5f78f@group-399AEB34022D-FollowerState
2024-02-27 07:47:48,161 [grpc-default-executor-3] INFO  impl.RoleInfo (RoleInfo.java:updateAndGet(139)) - b25ec414-9acd-4350-8ffe-2659fbf5f78f: start b25ec414-9acd-4350-8ffe-2659fbf5f78f@group-399AEB34022D-FollowerState
2024-02-27 07:47:48,159 [0b055c95-c6cb-4c32-92a9-22069dc0a51e@group-399AEB34022D-FollowerState] INFO  impl.FollowerState (FollowerState.java:run(152)) - 0b055c95-c6cb-4c32-92a9-22069dc0a51e@group-399AEB34022D-FollowerState was interrupted
2024-02-27 07:47:48,161 [grpc-default-executor-3] INFO  server.RaftServer$Division (RaftServerImpl.java:setFirstElection(574)) - b25ec414-9acd-4350-8ffe-2659fbf5f78f@group-399AEB34022D: set firstElectionSinceStartup to false for candidate:2b7fc6a0-bf04-48ac-bcd5-1387629fb818
2024-02-27 07:47:48,161 [grpc-default-executor-4] INFO  server.RaftServer$Division (RaftServerImpl.java:requestVote(1422)) - 0b055c95-c6cb-4c32-92a9-22069dc0a51e@group-399AEB34022D replies to ELECTION vote request: 2b7fc6a0-bf04-48ac-bcd5-1387629fb818<-0b055c95-c6cb-4c32-92a9-22069dc0a51e#0:OK-t1. Peer's state: 0b055c95-c6cb-4c32-92a9-22069dc0a51e@group-399AEB34022D:t1, leader=null, voted=2b7fc6a0-bf04-48ac-bcd5-1387629fb818, raftlog=Memoized:0b055c95-c6cb-4c32-92a9-22069dc0a51e@group-399AEB34022D-SegmentedRaftLog:OPENED:c-1, conf=-1: peers:[2b7fc6a0-bf04-48ac-bcd5-1387629fb818|10.1.0.19:15212, b25ec414-9acd-4350-8ffe-2659fbf5f78f|10.1.0.19:15203, 0b055c95-c6cb-4c32-92a9-22069dc0a51e|10.1.0.19:15194]|listeners:[], old=null
2024-02-27 07:47:48,162 [b25ec414-9acd-4350-8ffe-2659fbf5f78f@group-399AEB34022D-FollowerState] INFO  impl.FollowerState (FollowerState.java:run(152)) - b25ec414-9acd-4350-8ffe-2659fbf5f78f@group-399AEB34022D-FollowerState was interrupted
2024-02-27 07:47:48,165 [grpc-default-executor-3] INFO  server.RaftServer$Division (RaftServerImpl.java:requestVote(1422)) - b25ec414-9acd-4350-8ffe-2659fbf5f78f@group-399AEB34022D replies to ELECTION vote request: 2b7fc6a0-bf04-48ac-bcd5-1387629fb818<-b25ec414-9acd-4350-8ffe-2659fbf5f78f#0:OK-t1. Peer's state: b25ec414-9acd-4350-8ffe-2659fbf5f78f@group-399AEB34022D:t1, leader=null, voted=2b7fc6a0-bf04-48ac-bcd5-1387629fb818, raftlog=Memoized:b25ec414-9acd-4350-8ffe-2659fbf5f78f@group-399AEB34022D-SegmentedRaftLog:OPENED:c-1, conf=-1: peers:[2b7fc6a0-bf04-48ac-bcd5-1387629fb818|10.1.0.19:15212, b25ec414-9acd-4350-8ffe-2659fbf5f78f|10.1.0.19:15203, 0b055c95-c6cb-4c32-92a9-22069dc0a51e|10.1.0.19:15194]|listeners:[], old=null
2024-02-27 07:47:48,165 [2b7fc6a0-bf04-48ac-bcd5-1387629fb818@group-399AEB34022D-LeaderElection44] INFO  impl.LeaderElection (LeaderElection.java:logAndReturn(89)) - 2b7fc6a0-bf04-48ac-bcd5-1387629fb818@group-399AEB34022D-LeaderElection44: ELECTION PASSED received 1 response(s) and 0 exception(s):
2024-02-27 07:47:48,165 [2b7fc6a0-bf04-48ac-bcd5-1387629fb818@group-399AEB34022D-LeaderElection44] INFO  impl.LeaderElection (LeaderElection.java:logAndReturn(93)) -   Response 0: 2b7fc6a0-bf04-48ac-bcd5-1387629fb818<-0b055c95-c6cb-4c32-92a9-22069dc0a51e#0:OK-t1
2024-02-27 07:47:48,165 [2b7fc6a0-bf04-48ac-bcd5-1387629fb818@group-399AEB34022D-LeaderElection44] INFO  impl.LeaderElection (LeaderElection.java:askForVotes(323)) - 2b7fc6a0-bf04-48ac-bcd5-1387629fb818@group-399AEB34022D-LeaderElection44 ELECTION round 0: result PASSED
2024-02-27 07:47:48,165 [2b7fc6a0-bf04-48ac-bcd5-1387629fb818@group-399AEB34022D-LeaderElection44] INFO  impl.RoleInfo (RoleInfo.java:shutdownLeaderElection(130)) - 2b7fc6a0-bf04-48ac-bcd5-1387629fb818: shutdown 2b7fc6a0-bf04-48ac-bcd5-1387629fb818@group-399AEB34022D-LeaderElection44
2024-02-27 07:47:48,165 [2b7fc6a0-bf04-48ac-bcd5-1387629fb818@group-399AEB34022D-LeaderElection44] INFO  server.RaftServer$Division (RaftServerImpl.java:setRole(383)) - 2b7fc6a0-bf04-48ac-bcd5-1387629fb818@group-399AEB34022D: changes role from CANDIDATE to LEADER at term 1 for changeToLeader
2024-02-27 07:47:48,165 [2b7fc6a0-bf04-48ac-bcd5-1387629fb818@group-399AEB34022D-LeaderElection44] INFO  server.RaftServerConfigKeys (ConfUtils.java:logGet(46)) - raft.server.staging.catchup.gap = 1000 (default)
2024-02-27 07:47:48,166 [2b7fc6a0-bf04-48ac-bcd5-1387629fb818@group-399AEB34022D-LeaderElection44] INFO  server.RaftServerConfigKeys (ConfUtils.java:logGet(46)) - raft.server.write.element-limit = 1024 (custom)
2024-02-27 07:47:48,166 [2b7fc6a0-bf04-48ac-bcd5-1387629fb818@group-399AEB34022D-LeaderElection44] INFO  server.RaftServerConfigKeys (ConfUtils.java:logGet(46)) - raft.server.write.byte-limit = 1024 M (=1073741824) (custom)
2024-02-27 07:47:48,166 [2b7fc6a0-bf04-48ac-bcd5-1387629fb818@group-399AEB34022D-LeaderElection44] INFO  server.RaftServerConfigKeys (ConfUtils.java:logGet(46)) - raft.server.watch.timeout = 180s (custom)
2024-02-27 07:47:48,166 [2b7fc6a0-bf04-48ac-bcd5-1387629fb818@group-399AEB34022D-LeaderElection44] INFO  server.RaftServerConfigKeys (ConfUtils.java:logGet(46)) - raft.server.watch.timeout.denomination = 1s (default)
2024-02-27 07:47:48,166 [2b7fc6a0-bf04-48ac-bcd5-1387629fb818@group-399AEB34022D-LeaderElection44] INFO  server.RaftServerConfigKeys (ConfUtils.java:logGet(46)) - raft.server.watch.element-limit = 65536 (default)
2024-02-27 07:47:48,166 [2b7fc6a0-bf04-48ac-bcd5-1387629fb818@group-399AEB34022D-LeaderElection44] INFO  server.RaftServerConfigKeys (ConfUtils.java:logGet(46)) - raft.server.read.leader.lease.enabled = false (default)
2024-02-27 07:47:48,166 [2b7fc6a0-bf04-48ac-bcd5-1387629fb818@group-399AEB34022D-LeaderElection44] INFO  server.RaftServerConfigKeys (ConfUtils.java:logGet(46)) - raft.server.read.leader.lease.timeout.ratio = 0.9 (default)
2024-02-27 07:47:48,166 [2b7fc6a0-bf04-48ac-bcd5-1387629fb818@group-399AEB34022D-LeaderElection44] INFO  server.RaftServerConfigKeys (ConfUtils.java:logGet(46)) - raft.server.rpc.timeout.min = 5s (custom)
2024-02-27 07:47:48,166 [2b7fc6a0-bf04-48ac-bcd5-1387629fb818@group-399AEB34022D-LeaderElection44] INFO  server.RaftServerConfigKeys (ConfUtils.java:logGet(46)) - raft.server.write.element-limit = 1024 (custom)
2024-02-27 07:47:48,166 [2b7fc6a0-bf04-48ac-bcd5-1387629fb818@group-399AEB34022D-LeaderElection44] INFO  server.RaftServerConfigKeys (ConfUtils.java:logGet(46)) - raft.server.write.follower.gap.ratio.max = -1.0 (default)
2024-02-27 07:47:48,166 [2b7fc6a0-bf04-48ac-bcd5-1387629fb818@group-399AEB34022D-LeaderElection44] INFO  server.RaftServerConfigKeys (ConfUtils.java:logGet(46)) - raft.server.log.appender.snapshot.chunk.size.max = 16MB (=16777216) (default)
2024-02-27 07:47:48,166 [2b7fc6a0-bf04-48ac-bcd5-1387629fb818@group-399AEB34022D-LeaderElection44] INFO  server.RaftServerConfigKeys (ConfUtils.java:logGet(46)) - raft.server.log.appender.buffer.byte-limit = 8388608 (custom)
2024-02-27 07:47:48,167 [2b7fc6a0-bf04-48ac-bcd5-1387629fb818@group-399AEB34022D-LeaderElection44] INFO  server.RaftServerConfigKeys (ConfUtils.java:logGet(46)) - raft.server.log.appender.buffer.element-limit = 1 (custom)
2024-02-27 07:47:48,167 [2b7fc6a0-bf04-48ac-bcd5-1387629fb818@group-399AEB34022D-LeaderElection44] INFO  server.RaftServerConfigKeys (ConfUtils.java:logGet(46)) - raft.server.log.appender.wait-time.min = 0μs (custom)
2024-02-27 07:47:48,167 [2b7fc6a0-bf04-48ac-bcd5-1387629fb818@group-399AEB34022D-LeaderElection44] INFO  grpc.GrpcConfigKeys (ConfUtils.java:logGet(46)) - raft.grpc.server.leader.outstanding.appends.max = 8 (default)
2024-02-27 07:47:48,167 [2b7fc6a0-bf04-48ac-bcd5-1387629fb818@group-399AEB34022D-LeaderElection44] INFO  server.RaftServerConfigKeys (ConfUtils.java:logGet(46)) - raft.server.rpc.request.timeout = 60s (custom)
2024-02-27 07:47:48,167 [2b7fc6a0-bf04-48ac-bcd5-1387629fb818@group-399AEB34022D-LeaderElection44] INFO  grpc.GrpcConfigKeys (ConfUtils.java:logGet(46)) - raft.grpc.server.install_snapshot.request.element-limit = 8 (default)
2024-02-27 07:47:48,167 [2b7fc6a0-bf04-48ac-bcd5-1387629fb818@group-399AEB34022D-LeaderElection44] INFO  grpc.GrpcConfigKeys (ConfUtils.java:logGet(46)) - raft.grpc.server.install_snapshot.request.timeout = 3000ms (default)
2024-02-27 07:47:48,167 [2b7fc6a0-bf04-48ac-bcd5-1387629fb818@group-399AEB34022D-LeaderElection44] INFO  grpc.GrpcConfigKeys (ConfUtils.java:logGet(46)) - raft.grpc.server.log-message.batch.duration = 5s (default)
2024-02-27 07:47:48,167 [2b7fc6a0-bf04-48ac-bcd5-1387629fb818@group-399AEB34022D-LeaderElection44] INFO  server.RaftServerConfigKeys (ConfUtils.java:logGet(46)) - raft.server.log.appender.install.snapshot.enabled = false (custom)
2024-02-27 07:47:48,167 [2b7fc6a0-bf04-48ac-bcd5-1387629fb818@group-399AEB34022D-LeaderElection44] INFO  grpc.GrpcConfigKeys (ConfUtils.java:logGet(46)) - raft.grpc.server.heartbeat.channel = true (default)
2024-02-27 07:47:48,167 [2b7fc6a0-bf04-48ac-bcd5-1387629fb818@group-399AEB34022D-LeaderElection44] INFO  server.RaftServerConfigKeys (ConfUtils.java:logGet(46)) - raft.server.log.appender.snapshot.chunk.size.max = 16MB (=16777216) (default)
2024-02-27 07:47:48,168 [2b7fc6a0-bf04-48ac-bcd5-1387629fb818@group-399AEB34022D-LeaderElection44] INFO  server.RaftServerConfigKeys (ConfUtils.java:logGet(46)) - raft.server.log.appender.buffer.byte-limit = 8388608 (custom)
2024-02-27 07:47:48,168 [2b7fc6a0-bf04-48ac-bcd5-1387629fb818@group-399AEB34022D-LeaderElection44] INFO  server.RaftServerConfigKeys (ConfUtils.java:logGet(46)) - raft.server.log.appender.buffer.element-limit = 1 (custom)
2024-02-27 07:47:48,168 [2b7fc6a0-bf04-48ac-bcd5-1387629fb818@group-399AEB34022D-LeaderElection44] INFO  server.RaftServerConfigKeys (ConfUtils.java:logGet(46)) - raft.server.log.appender.wait-time.min = 0μs (custom)
2024-02-27 07:47:48,168 [2b7fc6a0-bf04-48ac-bcd5-1387629fb818@group-399AEB34022D-LeaderElection44] INFO  grpc.GrpcConfigKeys (ConfUtils.java:logGet(46)) - raft.grpc.server.leader.outstanding.appends.max = 8 (default)
2024-02-27 07:47:48,168 [2b7fc6a0-bf04-48ac-bcd5-1387629fb818@group-399AEB34022D-LeaderElection44] INFO  server.RaftServerConfigKeys (ConfUtils.java:logGet(46)) - raft.server.rpc.request.timeout = 60s (custom)
2024-02-27 07:47:48,168 [2b7fc6a0-bf04-48ac-bcd5-1387629fb818@group-399AEB34022D-LeaderElection44] INFO  grpc.GrpcConfigKeys (ConfUtils.java:logGet(46)) - raft.grpc.server.install_snapshot.request.element-limit = 8 (default)
2024-02-27 07:47:48,168 [2b7fc6a0-bf04-48ac-bcd5-1387629fb818@group-399AEB34022D-LeaderElection44] INFO  grpc.GrpcConfigKeys (ConfUtils.java:logGet(46)) - raft.grpc.server.install_snapshot.request.timeout = 3000ms (default)
2024-02-27 07:47:48,168 [2b7fc6a0-bf04-48ac-bcd5-1387629fb818@group-399AEB34022D-LeaderElection44] INFO  grpc.GrpcConfigKeys (ConfUtils.java:logGet(46)) - raft.grpc.server.log-message.batch.duration = 5s (default)
2024-02-27 07:47:48,168 [2b7fc6a0-bf04-48ac-bcd5-1387629fb818@group-399AEB34022D-LeaderElection44] INFO  server.RaftServerConfigKeys (ConfUtils.java:logGet(46)) - raft.server.log.appender.install.snapshot.enabled = false (custom)
2024-02-27 07:47:48,168 [2b7fc6a0-bf04-48ac-bcd5-1387629fb818@group-399AEB34022D-LeaderElection44] INFO  grpc.GrpcConfigKeys (ConfUtils.java:logGet(46)) - raft.grpc.server.heartbeat.channel = true (default)
2024-02-27 07:47:48,168 [2b7fc6a0-bf04-48ac-bcd5-1387629fb818@group-399AEB34022D-LeaderElection44] INFO  impl.RoleInfo (RoleInfo.java:updateAndGet(139)) - 2b7fc6a0-bf04-48ac-bcd5-1387629fb818: start 2b7fc6a0-bf04-48ac-bcd5-1387629fb818@group-399AEB34022D-LeaderStateImpl
2024-02-27 07:47:48,168 [2b7fc6a0-bf04-48ac-bcd5-1387629fb818@group-399AEB34022D-LeaderElection44] INFO  server.RaftServer$Division (RaftServerImpl.java:setFirstElection(574)) - 2b7fc6a0-bf04-48ac-bcd5-1387629fb818@group-399AEB34022D: set firstElectionSinceStartup to false for becomeLeader
2024-02-27 07:47:48,168 [2b7fc6a0-bf04-48ac-bcd5-1387629fb818@group-399AEB34022D-LeaderElection44] INFO  ratis.XceiverServerRatis (XceiverServerRatis.java:handleLeaderChangedNotification(966)) - Leader change notification received for group: group-399AEB34022D with new leaderId: 2b7fc6a0-bf04-48ac-bcd5-1387629fb818
2024-02-27 07:47:48,168 [2b7fc6a0-bf04-48ac-bcd5-1387629fb818@group-399AEB34022D-LeaderElection44] INFO  server.RaftServer$Division (ServerState.java:setLeader(269)) - 2b7fc6a0-bf04-48ac-bcd5-1387629fb818@group-399AEB34022D: change Leader from null to 2b7fc6a0-bf04-48ac-bcd5-1387629fb818 at term 1 for becomeLeader, leader elected after 5174ms
2024-02-27 07:47:48,169 [2b7fc6a0-bf04-48ac-bcd5-1387629fb818@group-399AEB34022D-LeaderElection44] INFO  segmented.SegmentedRaftLogWorker (SegmentedRaftLogWorker.java:startLogSegment(430)) - 2b7fc6a0-bf04-48ac-bcd5-1387629fb818@group-399AEB34022D-SegmentedRaftLogWorker: Starting segment from index:0
2024-02-27 07:47:48,169 [2b7fc6a0-bf04-48ac-bcd5-1387629fb818@group-399AEB34022D-LeaderElection44] INFO  server.RaftServer$Division (ServerState.java:setRaftConf(386)) - 2b7fc6a0-bf04-48ac-bcd5-1387629fb818@group-399AEB34022D: set configuration 0: peers:[2b7fc6a0-bf04-48ac-bcd5-1387629fb818|10.1.0.19:15212, b25ec414-9acd-4350-8ffe-2659fbf5f78f|10.1.0.19:15203, 0b055c95-c6cb-4c32-92a9-22069dc0a51e|10.1.0.19:15194]|listeners:[], old=null
2024-02-27 07:47:48,173 [2b7fc6a0-bf04-48ac-bcd5-1387629fb818@group-399AEB34022D-SegmentedRaftLogWorker] INFO  segmented.BufferedWriteChannel (BufferedWriteChannel.java:open(62)) - open log_inprogress_0 at position 0
2024-02-27 07:47:48,174 [b25ec414-9acd-4350-8ffe-2659fbf5f78f-server-thread2] INFO  ratis.XceiverServerRatis (XceiverServerRatis.java:handleLeaderChangedNotification(966)) - Leader change notification received for group: group-399AEB34022D with new leaderId: 2b7fc6a0-bf04-48ac-bcd5-1387629fb818
2024-02-27 07:47:48,174 [b25ec414-9acd-4350-8ffe-2659fbf5f78f-server-thread2] INFO  server.RaftServer$Division (ServerState.java:setLeader(269)) - b25ec414-9acd-4350-8ffe-2659fbf5f78f@group-399AEB34022D: change Leader from null to 2b7fc6a0-bf04-48ac-bcd5-1387629fb818 at term 1 for appendEntries, leader elected after 5154ms
2024-02-27 07:47:48,174 [b25ec414-9acd-4350-8ffe-2659fbf5f78f-server-thread2] INFO  server.RaftServer$Division (ServerState.java:setRaftConf(386)) - b25ec414-9acd-4350-8ffe-2659fbf5f78f@group-399AEB34022D: set configuration 0: peers:[2b7fc6a0-bf04-48ac-bcd5-1387629fb818|10.1.0.19:15212, b25ec414-9acd-4350-8ffe-2659fbf5f78f|10.1.0.19:15203, 0b055c95-c6cb-4c32-92a9-22069dc0a51e|10.1.0.19:15194]|listeners:[], old=null
2024-02-27 07:47:48,175 [b25ec414-9acd-4350-8ffe-2659fbf5f78f-server-thread2] INFO  segmented.SegmentedRaftLogWorker (SegmentedRaftLogWorker.java:startLogSegment(430)) - b25ec414-9acd-4350-8ffe-2659fbf5f78f@group-399AEB34022D-SegmentedRaftLogWorker: Starting segment from index:0
2024-02-27 07:47:48,175 [EventQueue-PipelineReportForPipelineReportHandler] INFO  pipeline.PipelineReportHandler (PipelineReportHandler.java:processPipelineReport(136)) - Opened pipeline PipelineID=a6449a32-beab-489a-aae2-399aeb34022d
2024-02-27 07:47:48,176 [EventQueue-OpenPipelineForHealthyPipelineSafeModeRule] INFO  safemode.SCMSafeModeManager (HealthyPipelineSafeModeRule.java:process(140)) - SCM in safe mode. Healthy pipelines reported count is 1, required healthy pipeline reported count is 1
2024-02-27 07:47:48,176 [EventQueue-OpenPipelineForHealthyPipelineSafeModeRule] INFO  safemode.SCMSafeModeManager (SCMSafeModeManager.java:validateSafeModeExitRules(200)) - HealthyPipelineSafeModeRule rule is successfully validated
2024-02-27 07:47:48,176 [EventQueue-OpenPipelineForHealthyPipelineSafeModeRule] INFO  safemode.SCMSafeModeManager (SCMSafeModeManager.java:validateSafeModeExitRules(215)) - ScmSafeModeManager, all rules are successfully validated
2024-02-27 07:47:48,176 [EventQueue-OpenPipelineForHealthyPipelineSafeModeRule] INFO  safemode.SCMSafeModeManager (SCMSafeModeManager.java:exitSafeMode(244)) - SCM exiting safe mode.
2024-02-27 07:47:48,176 [EventQueue-OpenPipelineForHealthyPipelineSafeModeRule] INFO  ha.SCMContext (SCMContext.java:updateSafeModeStatus(225)) - Update SafeModeStatus from SafeModeStatus{safeModeStatus=true, preCheckPassed=true} to SafeModeStatus{safeModeStatus=false, preCheckPassed=true}.
2024-02-27 07:47:48,176 [EventQueue-OpenPipelineForHealthyPipelineSafeModeRule] INFO  pipeline.BackgroundPipelineCreator (BackgroundPipelineCreator.java:notifyStatusChanged(258)) - Service BackgroundPipelineCreator transitions to RUNNING.
2024-02-27 07:47:48,176 [EventQueue-OpenPipelineForHealthyPipelineSafeModeRule] INFO  BackgroundPipelineScrubber (BackgroundSCMService.java:notifyStatusChanged(79)) - Service BackgroundPipelineScrubber transitions to RUNNING.
2024-02-27 07:47:48,176 [EventQueue-OpenPipelineForHealthyPipelineSafeModeRule] INFO  ExpiredContainerReplicaOpScrubber (BackgroundSCMService.java:notifyStatusChanged(79)) - Service ExpiredContainerReplicaOpScrubber transitions to RUNNING.
2024-02-27 07:47:48,176 [EventQueue-OpenPipelineForHealthyPipelineSafeModeRule] INFO  block.SCMBlockDeletingService (SCMBlockDeletingService.java:notifyStatusChanged(247)) - notifyStatusChanged:RUNNING
2024-02-27 07:47:48,176 [EventQueue-OpenPipelineForHealthyPipelineSafeModeRule] INFO  replication.ReplicationManager (ReplicationManager.java:notifyStatusChanged(1402)) - Service ReplicationManager transitions to RUNNING.
2024-02-27 07:47:48,176 [EventQueue-OpenPipelineForHealthyPipelineSafeModeRule] WARN  balancer.ContainerBalancer (ContainerBalancer.java:shouldRun(134)) - Could not find persisted configuration for ContainerBalancer when checking if ContainerBalancer should run. ContainerBalancer should not run now.
2024-02-27 07:47:48,179 [0b055c95-c6cb-4c32-92a9-22069dc0a51e-server-thread1] INFO  ratis.XceiverServerRatis (XceiverServerRatis.java:handleLeaderChangedNotification(966)) - Leader change notification received for group: group-399AEB34022D with new leaderId: 2b7fc6a0-bf04-48ac-bcd5-1387629fb818
2024-02-27 07:47:48,179 [0b055c95-c6cb-4c32-92a9-22069dc0a51e-server-thread1] INFO  server.RaftServer$Division (ServerState.java:setLeader(269)) - 0b055c95-c6cb-4c32-92a9-22069dc0a51e@group-399AEB34022D: change Leader from null to 2b7fc6a0-bf04-48ac-bcd5-1387629fb818 at term 1 for appendEntries, leader elected after 5204ms
2024-02-27 07:47:48,180 [b25ec414-9acd-4350-8ffe-2659fbf5f78f@group-399AEB34022D-SegmentedRaftLogWorker] INFO  segmented.BufferedWriteChannel (BufferedWriteChannel.java:open(62)) - open log_inprogress_0 at position 0
2024-02-27 07:47:48,184 [0b055c95-c6cb-4c32-92a9-22069dc0a51e-server-thread1] INFO  server.RaftServer$Division (ServerState.java:setRaftConf(386)) - 0b055c95-c6cb-4c32-92a9-22069dc0a51e@group-399AEB34022D: set configuration 0: peers:[2b7fc6a0-bf04-48ac-bcd5-1387629fb818|10.1.0.19:15212, b25ec414-9acd-4350-8ffe-2659fbf5f78f|10.1.0.19:15203, 0b055c95-c6cb-4c32-92a9-22069dc0a51e|10.1.0.19:15194]|listeners:[], old=null
2024-02-27 07:47:48,184 [0b055c95-c6cb-4c32-92a9-22069dc0a51e-server-thread1] INFO  segmented.SegmentedRaftLogWorker (SegmentedRaftLogWorker.java:startLogSegment(430)) - 0b055c95-c6cb-4c32-92a9-22069dc0a51e@group-399AEB34022D-SegmentedRaftLogWorker: Starting segment from index:0
2024-02-27 07:47:48,184 [2b7fc6a0-bf04-48ac-bcd5-1387629fb818@group-399AEB34022D-SegmentedRaftLogWorker] INFO  segmented.SegmentedRaftLogWorker (SegmentedRaftLogWorker.java:execute(634)) - 2b7fc6a0-bf04-48ac-bcd5-1387629fb818@group-399AEB34022D-SegmentedRaftLogWorker: created new log segment /home/runner/work/ozone/ozone/hadoop-ozone/integration-test/target/test-dir/MiniOzoneClusterImpl-faebf4ee-6c4b-485b-8d19-aa685ee0d5ee/ozone-meta/datanode-3/ratis/a6449a32-beab-489a-aae2-399aeb34022d/current/log_inprogress_0
2024-02-27 07:47:48,184 [0b055c95-c6cb-4c32-92a9-22069dc0a51e@group-399AEB34022D-SegmentedRaftLogWorker] INFO  segmented.BufferedWriteChannel (BufferedWriteChannel.java:open(62)) - open log_inprogress_0 at position 0
2024-02-27 07:47:48,185 [main] INFO  ozone.MiniOzoneClusterImpl (MiniOzoneClusterImpl.java:lambda$waitForClusterToBeReady$0(195)) - Nodes are ready. Got 3 of 3 DN Heartbeats.
2024-02-27 07:47:48,185 [main] INFO  ozone.MiniOzoneClusterImpl (MiniOzoneClusterImpl.java:lambda$waitForClusterToBeReady$0(198)) - Cluster exits safe mode
2024-02-27 07:47:48,185 [main] INFO  ozone.MiniOzoneClusterImpl (MiniOzoneClusterImpl.java:lambda$waitForClusterToBeReady$0(200)) - SCM became leader
2024-02-27 07:47:48,189 [main] INFO  protocolPB.OmTransportFactory (OmTransportFactory.java:createFactory(62)) - Loading OM transport implementation org.apache.hadoop.ozone.om.protocolPB.Hadoop3OmTransportFactory as specified by configuration.
2024-02-27 07:47:48,193 [0b055c95-c6cb-4c32-92a9-22069dc0a51e@group-2C72975F21C0-FollowerState] INFO  impl.FollowerState (FollowerState.java:run(143)) - 0b055c95-c6cb-4c32-92a9-22069dc0a51e@group-2C72975F21C0-FollowerState: change to CANDIDATE, lastRpcElapsedTime:5117948361ns, electionTimeout:5115ms
2024-02-27 07:47:48,194 [0b055c95-c6cb-4c32-92a9-22069dc0a51e@group-2C72975F21C0-FollowerState] INFO  impl.RoleInfo (RoleInfo.java:shutdownFollowerState(110)) - 0b055c95-c6cb-4c32-92a9-22069dc0a51e: shutdown 0b055c95-c6cb-4c32-92a9-22069dc0a51e@group-2C72975F21C0-FollowerState
2024-02-27 07:47:48,195 [0b055c95-c6cb-4c32-92a9-22069dc0a51e@group-2C72975F21C0-FollowerState] INFO  server.RaftServer$Division (RaftServerImpl.java:setRole(383)) - 0b055c95-c6cb-4c32-92a9-22069dc0a51e@group-2C72975F21C0: changes role from  FOLLOWER to CANDIDATE at term 0 for changeToCandidate
2024-02-27 07:47:48,195 [0b055c95-c6cb-4c32-92a9-22069dc0a51e@group-2C72975F21C0-FollowerState] INFO  server.RaftServerConfigKeys (ConfUtils.java:logGet(46)) - raft.server.leaderelection.pre-vote = true (default)
2024-02-27 07:47:48,195 [0b055c95-c6cb-4c32-92a9-22069dc0a51e@group-2C72975F21C0-FollowerState] INFO  impl.RoleInfo (RoleInfo.java:updateAndGet(139)) - 0b055c95-c6cb-4c32-92a9-22069dc0a51e: start 0b055c95-c6cb-4c32-92a9-22069dc0a51e@group-2C72975F21C0-LeaderElection45
2024-02-27 07:47:48,195 [b25ec414-9acd-4350-8ffe-2659fbf5f78f@group-399AEB34022D-SegmentedRaftLogWorker] INFO  segmented.SegmentedRaftLogWorker (SegmentedRaftLogWorker.java:execute(634)) - b25ec414-9acd-4350-8ffe-2659fbf5f78f@group-399AEB34022D-SegmentedRaftLogWorker: created new log segment /home/runner/work/ozone/ozone/hadoop-ozone/integration-test/target/test-dir/MiniOzoneClusterImpl-faebf4ee-6c4b-485b-8d19-aa685ee0d5ee/ozone-meta/datanode-2/ratis/a6449a32-beab-489a-aae2-399aeb34022d/current/log_inprogress_0
2024-02-27 07:47:48,195 [0b055c95-c6cb-4c32-92a9-22069dc0a51e@group-2C72975F21C0-LeaderElection45] INFO  impl.LeaderElection (LeaderElection.java:askForVotes(321)) - 0b055c95-c6cb-4c32-92a9-22069dc0a51e@group-2C72975F21C0-LeaderElection45 PRE_VOTE round 0: submit vote requests at term 0 for -1: peers:[2b7fc6a0-bf04-48ac-bcd5-1387629fb818|10.1.0.19:15212, b25ec414-9acd-4350-8ffe-2659fbf5f78f|10.1.0.19:15203, 0b055c95-c6cb-4c32-92a9-22069dc0a51e|10.1.0.19:15194]|listeners:[], old=null
2024-02-27 07:47:48,195 [0b055c95-c6cb-4c32-92a9-22069dc0a51e@group-399AEB34022D-SegmentedRaftLogWorker] INFO  segmented.SegmentedRaftLogWorker (SegmentedRaftLogWorker.java:execute(634)) - 0b055c95-c6cb-4c32-92a9-22069dc0a51e@group-399AEB34022D-SegmentedRaftLogWorker: created new log segment /home/runner/work/ozone/ozone/hadoop-ozone/integration-test/target/test-dir/MiniOzoneClusterImpl-faebf4ee-6c4b-485b-8d19-aa685ee0d5ee/ozone-meta/datanode-1/ratis/a6449a32-beab-489a-aae2-399aeb34022d/current/log_inprogress_0
2024-02-27 07:47:48,197 [0b055c95-c6cb-4c32-92a9-22069dc0a51e@group-2C72975F21C0-LeaderElection45-1] INFO  server.GrpcServerProtocolClient (GrpcServerProtocolClient.java:<init>(65)) - Build channel for 2b7fc6a0-bf04-48ac-bcd5-1387629fb818|10.1.0.19:15212
2024-02-27 07:47:48,199 [2b7fc6a0-bf04-48ac-bcd5-1387629fb818@group-399AEB34022D-StateMachineUpdater] INFO  server.RaftServer$Division (LeaderStateImpl.java:isApplied(320)) - leader is ready since appliedIndex == 0 >= startIndex == 0
2024-02-27 07:47:48,197 [0b055c95-c6cb-4c32-92a9-22069dc0a51e@group-2C72975F21C0-LeaderElection45-2] INFO  server.GrpcServerProtocolClient (GrpcServerProtocolClient.java:<init>(65)) - Build channel for b25ec414-9acd-4350-8ffe-2659fbf5f78f|10.1.0.19:15203
2024-02-27 07:47:48,197 [0b055c95-c6cb-4c32-92a9-22069dc0a51e@group-2C72975F21C0-LeaderElection45] INFO  server.RaftServerConfigKeys (ConfUtils.java:logFallback(53)) - raft.server.rpc.first-election.timeout.min = 5s (fallback to raft.server.rpc.timeout.min)
2024-02-27 07:47:48,200 [main] INFO  om.TestOzoneManagerPrepare (TestOzoneManagerPrepare.java:setup(101)) - Waiting for OM leader election
2024-02-27 07:47:48,202 [0b055c95-c6cb-4c32-92a9-22069dc0a51e@group-2C72975F21C0-LeaderElection45] INFO  server.RaftServerConfigKeys (ConfUtils.java:logFallback(53)) - raft.server.rpc.first-election.timeout.max = 5200ms (fallback to raft.server.rpc.timeout.max)
2024-02-27 07:47:48,204 [b25ec414-9acd-4350-8ffe-2659fbf5f78f@group-B7AE656619AA-FollowerState] INFO  impl.FollowerState (FollowerState.java:run(143)) - b25ec414-9acd-4350-8ffe-2659fbf5f78f@group-B7AE656619AA-FollowerState: change to CANDIDATE, lastRpcElapsedTime:5089461935ns, electionTimeout:5088ms
2024-02-27 07:47:48,204 [b25ec414-9acd-4350-8ffe-2659fbf5f78f@group-B7AE656619AA-FollowerState] INFO  impl.RoleInfo (RoleInfo.java:shutdownFollowerState(110)) - b25ec414-9acd-4350-8ffe-2659fbf5f78f: shutdown b25ec414-9acd-4350-8ffe-2659fbf5f78f@group-B7AE656619AA-FollowerState
2024-02-27 07:47:48,204 [b25ec414-9acd-4350-8ffe-2659fbf5f78f@group-B7AE656619AA-FollowerState] INFO  server.RaftServer$Division (RaftServerImpl.java:setRole(383)) - b25ec414-9acd-4350-8ffe-2659fbf5f78f@group-B7AE656619AA: changes role from  FOLLOWER to CANDIDATE at term 0 for changeToCandidate
2024-02-27 07:47:48,204 [b25ec414-9acd-4350-8ffe-2659fbf5f78f@group-B7AE656619AA-FollowerState] INFO  server.RaftServerConfigKeys (ConfUtils.java:logGet(46)) - raft.server.leaderelection.pre-vote = true (default)
2024-02-27 07:47:48,204 [b25ec414-9acd-4350-8ffe-2659fbf5f78f@group-B7AE656619AA-FollowerState] INFO  impl.RoleInfo (RoleInfo.java:updateAndGet(139)) - b25ec414-9acd-4350-8ffe-2659fbf5f78f: start b25ec414-9acd-4350-8ffe-2659fbf5f78f@group-B7AE656619AA-LeaderElection46
2024-02-27 07:47:48,206 [b25ec414-9acd-4350-8ffe-2659fbf5f78f@group-B7AE656619AA-LeaderElection46] INFO  impl.LeaderElection (LeaderElection.java:askForVotes(321)) - b25ec414-9acd-4350-8ffe-2659fbf5f78f@group-B7AE656619AA-LeaderElection46 PRE_VOTE round 0: submit vote requests at term 0 for -1: peers:[b25ec414-9acd-4350-8ffe-2659fbf5f78f|10.1.0.19:15203]|listeners:[], old=null
2024-02-27 07:47:48,206 [b25ec414-9acd-4350-8ffe-2659fbf5f78f@group-B7AE656619AA-LeaderElection46] INFO  impl.LeaderElection (LeaderElection.java:askForVotes(323)) - b25ec414-9acd-4350-8ffe-2659fbf5f78f@group-B7AE656619AA-LeaderElection46 PRE_VOTE round 0: result PASSED (term=0)
2024-02-27 07:47:48,207 [grpc-default-executor-2] INFO  server.RaftServer$Division (RaftServerImpl.java:requestVote(1389)) - 2b7fc6a0-bf04-48ac-bcd5-1387629fb818@group-2C72975F21C0: receive requestVote(PRE_VOTE, 0b055c95-c6cb-4c32-92a9-22069dc0a51e, group-2C72975F21C0, 0, (t:0, i:0))
2024-02-27 07:47:48,207 [grpc-default-executor-2] INFO  impl.VoteContext (VoteContext.java:log(49)) - 2b7fc6a0-bf04-48ac-bcd5-1387629fb818@group-2C72975F21C0-FOLLOWER: accept PRE_VOTE from 0b055c95-c6cb-4c32-92a9-22069dc0a51e: our priority 0 <= candidate's priority 1
2024-02-27 07:47:48,208 [grpc-default-executor-2] INFO  server.RaftServer$Division (RaftServerImpl.java:requestVote(1422)) - 2b7fc6a0-bf04-48ac-bcd5-1387629fb818@group-2C72975F21C0 replies to PRE_VOTE vote request: 0b055c95-c6cb-4c32-92a9-22069dc0a51e<-2b7fc6a0-bf04-48ac-bcd5-1387629fb818#0:OK-t0. Peer's state: 2b7fc6a0-bf04-48ac-bcd5-1387629fb818@group-2C72975F21C0:t0, leader=null, voted=, raftlog=Memoized:2b7fc6a0-bf04-48ac-bcd5-1387629fb818@group-2C72975F21C0-SegmentedRaftLog:OPENED:c-1, conf=-1: peers:[2b7fc6a0-bf04-48ac-bcd5-1387629fb818|10.1.0.19:15212, b25ec414-9acd-4350-8ffe-2659fbf5f78f|10.1.0.19:15203, 0b055c95-c6cb-4c32-92a9-22069dc0a51e|10.1.0.19:15194]|listeners:[], old=null
2024-02-27 07:47:48,207 [grpc-default-executor-0] INFO  server.RaftServer$Division (RaftServerImpl.java:requestVote(1389)) - b25ec414-9acd-4350-8ffe-2659fbf5f78f@group-2C72975F21C0: receive requestVote(PRE_VOTE, 0b055c95-c6cb-4c32-92a9-22069dc0a51e, group-2C72975F21C0, 0, (t:0, i:0))
2024-02-27 07:47:48,208 [b25ec414-9acd-4350-8ffe-2659fbf5f78f@group-B7AE656619AA-LeaderElection46] INFO  impl.LeaderElection (LeaderElection.java:askForVotes(321)) - b25ec414-9acd-4350-8ffe-2659fbf5f78f@group-B7AE656619AA-LeaderElection46 ELECTION round 0: submit vote requests at term 1 for -1: peers:[b25ec414-9acd-4350-8ffe-2659fbf5f78f|10.1.0.19:15203]|listeners:[], old=null
2024-02-27 07:47:48,209 [b25ec414-9acd-4350-8ffe-2659fbf5f78f@group-B7AE656619AA-LeaderElection46] INFO  impl.LeaderElection (LeaderElection.java:askForVotes(323)) - b25ec414-9acd-4350-8ffe-2659fbf5f78f@group-B7AE656619AA-LeaderElection46 ELECTION round 0: result PASSED (term=1)
2024-02-27 07:47:48,209 [grpc-default-executor-0] INFO  impl.VoteContext (VoteContext.java:log(49)) - b25ec414-9acd-4350-8ffe-2659fbf5f78f@group-2C72975F21C0-FOLLOWER: accept PRE_VOTE from 0b055c95-c6cb-4c32-92a9-22069dc0a51e: our priority 0 <= candidate's priority 1
2024-02-27 07:47:48,209 [b25ec414-9acd-4350-8ffe-2659fbf5f78f@group-B7AE656619AA-LeaderElection46] INFO  impl.RoleInfo (RoleInfo.java:shutdownLeaderElection(130)) - b25ec414-9acd-4350-8ffe-2659fbf5f78f: shutdown b25ec414-9acd-4350-8ffe-2659fbf5f78f@group-B7AE656619AA-LeaderElection46
2024-02-27 07:47:48,210 [grpc-default-executor-0] INFO  server.RaftServer$Division (RaftServerImpl.java:requestVote(1422)) - b25ec414-9acd-4350-8ffe-2659fbf5f78f@group-2C72975F21C0 replies to PRE_VOTE vote request: 0b055c95-c6cb-4c32-92a9-22069dc0a51e<-b25ec414-9acd-4350-8ffe-2659fbf5f78f#0:OK-t0. Peer's state: b25ec414-9acd-4350-8ffe-2659fbf5f78f@group-2C72975F21C0:t0, leader=null, voted=, raftlog=Memoized:b25ec414-9acd-4350-8ffe-2659fbf5f78f@group-2C72975F21C0-SegmentedRaftLog:OPENED:c-1, conf=-1: peers:[2b7fc6a0-bf04-48ac-bcd5-1387629fb818|10.1.0.19:15212, b25ec414-9acd-4350-8ffe-2659fbf5f78f|10.1.0.19:15203, 0b055c95-c6cb-4c32-92a9-22069dc0a51e|10.1.0.19:15194]|listeners:[], old=null
2024-02-27 07:47:48,210 [b25ec414-9acd-4350-8ffe-2659fbf5f78f@group-B7AE656619AA-LeaderElection46] INFO  server.RaftServer$Division (RaftServerImpl.java:setRole(383)) - b25ec414-9acd-4350-8ffe-2659fbf5f78f@group-B7AE656619AA: changes role from CANDIDATE to LEADER at term 1 for changeToLeader
2024-02-27 07:47:48,210 [b25ec414-9acd-4350-8ffe-2659fbf5f78f@group-B7AE656619AA-LeaderElection46] INFO  server.RaftServerConfigKeys (ConfUtils.java:logGet(46)) - raft.server.staging.catchup.gap = 1000 (default)
2024-02-27 07:47:48,210 [b25ec414-9acd-4350-8ffe-2659fbf5f78f@group-B7AE656619AA-LeaderElection46] INFO  server.RaftServerConfigKeys (ConfUtils.java:logGet(46)) - raft.server.write.element-limit = 1024 (custom)
2024-02-27 07:47:48,210 [b25ec414-9acd-4350-8ffe-2659fbf5f78f@group-B7AE656619AA-LeaderElection46] INFO  server.RaftServerConfigKeys (ConfUtils.java:logGet(46)) - raft.server.write.byte-limit = 1024 M (=1073741824) (custom)
2024-02-27 07:47:48,210 [b25ec414-9acd-4350-8ffe-2659fbf5f78f@group-B7AE656619AA-LeaderElection46] INFO  server.RaftServerConfigKeys (ConfUtils.java:logGet(46)) - raft.server.watch.timeout = 180s (custom)
2024-02-27 07:47:48,210 [0b055c95-c6cb-4c32-92a9-22069dc0a51e@group-2C72975F21C0-LeaderElection45] INFO  impl.LeaderElection (LeaderElection.java:logAndReturn(89)) - 0b055c95-c6cb-4c32-92a9-22069dc0a51e@group-2C72975F21C0-LeaderElection45: PRE_VOTE PASSED received 1 response(s) and 0 exception(s):
2024-02-27 07:47:48,210 [0b055c95-c6cb-4c32-92a9-22069dc0a51e@group-2C72975F21C0-LeaderElection45] INFO  impl.LeaderElection (LeaderElection.java:logAndReturn(93)) -   Response 0: 0b055c95-c6cb-4c32-92a9-22069dc0a51e<-b25ec414-9acd-4350-8ffe-2659fbf5f78f#0:OK-t0
2024-02-27 07:47:48,210 [omNode-1-OMStateMachineApplyTransactionThread - 0] INFO  upgrade.OMCancelPrepareRequest (OMCancelPrepareRequest.java:validateAndUpdateCache(54)) - OM omNode-1 Received cancel prepare request with log (t:1, i:1)
2024-02-27 07:47:48,211 [b25ec414-9acd-4350-8ffe-2659fbf5f78f@group-B7AE656619AA-LeaderElection46] INFO  server.RaftServerConfigKeys (ConfUtils.java:logGet(46)) - raft.server.watch.timeout.denomination = 1s (default)
2024-02-27 07:47:48,211 [0b055c95-c6cb-4c32-92a9-22069dc0a51e@group-2C72975F21C0-LeaderElection45] INFO  impl.LeaderElection (LeaderElection.java:askForVotes(323)) - 0b055c95-c6cb-4c32-92a9-22069dc0a51e@group-2C72975F21C0-LeaderElection45 PRE_VOTE round 0: result PASSED
2024-02-27 07:47:48,211 [omNode-1-OMStateMachineApplyTransactionThread - 0] INFO  upgrade.OMCancelPrepareRequest (OMCancelPrepareRequest.java:validateAndUpdateCache(82)) - OM omNode-1 prepare state cancelled at log (t:1, i:1). Returning response 
2024-02-27 07:47:48,212 [b25ec414-9acd-4350-8ffe-2659fbf5f78f@group-B7AE656619AA-LeaderElection46] INFO  server.RaftServerConfigKeys (ConfUtils.java:logGet(46)) - raft.server.watch.element-limit = 65536 (default)
2024-02-27 07:47:48,212 [b25ec414-9acd-4350-8ffe-2659fbf5f78f@group-B7AE656619AA-LeaderElection46] INFO  server.RaftServerConfigKeys (ConfUtils.java:logGet(46)) - raft.server.read.leader.lease.enabled = false (default)
2024-02-27 07:47:48,212 [b25ec414-9acd-4350-8ffe-2659fbf5f78f@group-B7AE656619AA-LeaderElection46] INFO  server.RaftServerConfigKeys (ConfUtils.java:logGet(46)) - raft.server.read.leader.lease.timeout.ratio = 0.9 (default)
2024-02-27 07:47:48,212 [b25ec414-9acd-4350-8ffe-2659fbf5f78f@group-B7AE656619AA-LeaderElection46] INFO  server.RaftServerConfigKeys (ConfUtils.java:logGet(46)) - raft.server.rpc.timeout.min = 5s (custom)
2024-02-27 07:47:48,212 [b25ec414-9acd-4350-8ffe-2659fbf5f78f@group-B7AE656619AA-LeaderElection46] INFO  server.RaftServerConfigKeys (ConfUtils.java:logGet(46)) - raft.server.write.element-limit = 1024 (custom)
2024-02-27 07:47:48,212 [b25ec414-9acd-4350-8ffe-2659fbf5f78f@group-B7AE656619AA-LeaderElection46] INFO  server.RaftServerConfigKeys (ConfUtils.java:logGet(46)) - raft.server.write.follower.gap.ratio.max = -1.0 (default)
2024-02-27 07:47:48,212 [b25ec414-9acd-4350-8ffe-2659fbf5f78f@group-B7AE656619AA-LeaderElection46] INFO  impl.RoleInfo (RoleInfo.java:updateAndGet(139)) - b25ec414-9acd-4350-8ffe-2659fbf5f78f: start b25ec414-9acd-4350-8ffe-2659fbf5f78f@group-B7AE656619AA-LeaderStateImpl
2024-02-27 07:47:48,213 [b25ec414-9acd-4350-8ffe-2659fbf5f78f@group-B7AE656619AA-LeaderElection46] INFO  server.RaftServer$Division (RaftServerImpl.java:setFirstElection(574)) - b25ec414-9acd-4350-8ffe-2659fbf5f78f@group-B7AE656619AA: set firstElectionSinceStartup to false for becomeLeader
2024-02-27 07:47:48,213 [b25ec414-9acd-4350-8ffe-2659fbf5f78f@group-B7AE656619AA-LeaderElection46] INFO  ratis.XceiverServerRatis (XceiverServerRatis.java:handleLeaderChangedNotification(966)) - Leader change notification received for group: group-B7AE656619AA with new leaderId: b25ec414-9acd-4350-8ffe-2659fbf5f78f
2024-02-27 07:47:48,213 [b25ec414-9acd-4350-8ffe-2659fbf5f78f@group-B7AE656619AA-LeaderElection46] INFO  server.RaftServer$Division (ServerState.java:setLeader(269)) - b25ec414-9acd-4350-8ffe-2659fbf5f78f@group-B7AE656619AA: change Leader from null to b25ec414-9acd-4350-8ffe-2659fbf5f78f at term 1 for becomeLeader, leader elected after 5118ms
2024-02-27 07:47:48,213 [b25ec414-9acd-4350-8ffe-2659fbf5f78f@group-B7AE656619AA-LeaderElection46] INFO  segmented.SegmentedRaftLogWorker (SegmentedRaftLogWorker.java:startLogSegment(430)) - b25ec414-9acd-4350-8ffe-2659fbf5f78f@group-B7AE656619AA-SegmentedRaftLogWorker: Starting segment from index:0
2024-02-27 07:47:48,213 [omNode-3-OMStateMachineApplyTransactionThread - 0] INFO  upgrade.OMCancelPrepareRequest (OMCancelPrepareRequest.java:validateAndUpdateCache(54)) - OM omNode-3 Received cancel prepare request with log (t:1, i:1)
2024-02-27 07:47:48,213 [b25ec414-9acd-4350-8ffe-2659fbf5f78f@group-B7AE656619AA-SegmentedRaftLogWorker] INFO  segmented.BufferedWriteChannel (BufferedWriteChannel.java:open(62)) - open log_inprogress_0 at position 0
2024-02-27 07:47:48,219 [0b055c95-c6cb-4c32-92a9-22069dc0a51e@group-2C72975F21C0-LeaderElection45] INFO  impl.LeaderElection (LeaderElection.java:askForVotes(321)) - 0b055c95-c6cb-4c32-92a9-22069dc0a51e@group-2C72975F21C0-LeaderElection45 ELECTION round 0: submit vote requests at term 1 for -1: peers:[2b7fc6a0-bf04-48ac-bcd5-1387629fb818|10.1.0.19:15212, b25ec414-9acd-4350-8ffe-2659fbf5f78f|10.1.0.19:15203, 0b055c95-c6cb-4c32-92a9-22069dc0a51e|10.1.0.19:15194]|listeners:[], old=null
2024-02-27 07:47:48,219 [b25ec414-9acd-4350-8ffe-2659fbf5f78f@group-B7AE656619AA-LeaderElection46] INFO  server.RaftServer$Division (ServerState.java:setRaftConf(386)) - b25ec414-9acd-4350-8ffe-2659fbf5f78f@group-B7AE656619AA: set configuration 0: peers:[b25ec414-9acd-4350-8ffe-2659fbf5f78f|10.1.0.19:15203]|listeners:[], old=null
2024-02-27 07:47:48,220 [grpc-default-executor-2] INFO  server.RaftServer$Division (RaftServerImpl.java:requestVote(1389)) - 2b7fc6a0-bf04-48ac-bcd5-1387629fb818@group-2C72975F21C0: receive requestVote(ELECTION, 0b055c95-c6cb-4c32-92a9-22069dc0a51e, group-2C72975F21C0, 1, (t:0, i:0))
2024-02-27 07:47:48,220 [grpc-default-executor-2] INFO  impl.VoteContext (VoteContext.java:log(49)) - 2b7fc6a0-bf04-48ac-bcd5-1387629fb818@group-2C72975F21C0-FOLLOWER: accept ELECTION from 0b055c95-c6cb-4c32-92a9-22069dc0a51e: our priority 0 <= candidate's priority 1
2024-02-27 07:47:48,221 [grpc-default-executor-2] INFO  server.RaftServer$Division (RaftServerImpl.java:setRole(383)) - 2b7fc6a0-bf04-48ac-bcd5-1387629fb818@group-2C72975F21C0: changes role from  FOLLOWER to FOLLOWER at term 1 for candidate:0b055c95-c6cb-4c32-92a9-22069dc0a51e
2024-02-27 07:47:48,221 [grpc-default-executor-2] INFO  impl.RoleInfo (RoleInfo.java:shutdownFollowerState(110)) - 2b7fc6a0-bf04-48ac-bcd5-1387629fb818: shutdown 2b7fc6a0-bf04-48ac-bcd5-1387629fb818@group-2C72975F21C0-FollowerState
2024-02-27 07:47:48,221 [0b055c95-c6cb-4c32-92a9-22069dc0a51e@group-2C72975F21C0-LeaderElection45] INFO  server.RaftServerConfigKeys (ConfUtils.java:logFallback(53)) - raft.server.rpc.first-election.timeout.min = 5s (fallback to raft.server.rpc.timeout.min)
2024-02-27 07:47:48,221 [0b055c95-c6cb-4c32-92a9-22069dc0a51e@group-2C72975F21C0-LeaderElection45] INFO  server.RaftServerConfigKeys (ConfUtils.java:logFallback(53)) - raft.server.rpc.first-election.timeout.max = 5200ms (fallback to raft.server.rpc.timeout.max)
2024-02-27 07:47:48,222 [grpc-default-executor-0] INFO  server.RaftServer$Division (RaftServerImpl.java:requestVote(1389)) - b25ec414-9acd-4350-8ffe-2659fbf5f78f@group-2C72975F21C0: receive requestVote(ELECTION, 0b055c95-c6cb-4c32-92a9-22069dc0a51e, group-2C72975F21C0, 1, (t:0, i:0))
2024-02-27 07:47:48,222 [grpc-default-executor-0] INFO  impl.VoteContext (VoteContext.java:log(49)) - b25ec414-9acd-4350-8ffe-2659fbf5f78f@group-2C72975F21C0-FOLLOWER: accept ELECTION from 0b055c95-c6cb-4c32-92a9-22069dc0a51e: our priority 0 <= candidate's priority 1
2024-02-27 07:47:48,222 [grpc-default-executor-0] INFO  server.RaftServer$Division (RaftServerImpl.java:setRole(383)) - b25ec414-9acd-4350-8ffe-2659fbf5f78f@group-2C72975F21C0: changes role from  FOLLOWER to FOLLOWER at term 1 for candidate:0b055c95-c6cb-4c32-92a9-22069dc0a51e
2024-02-27 07:47:48,222 [grpc-default-executor-0] INFO  impl.RoleInfo (RoleInfo.java:shutdownFollowerState(110)) - b25ec414-9acd-4350-8ffe-2659fbf5f78f: shutdown b25ec414-9acd-4350-8ffe-2659fbf5f78f@group-2C72975F21C0-FollowerState
2024-02-27 07:47:48,222 [b25ec414-9acd-4350-8ffe-2659fbf5f78f@group-B7AE656619AA-SegmentedRaftLogWorker] INFO  segmented.SegmentedRaftLogWorker (SegmentedRaftLogWorker.java:execute(634)) - b25ec414-9acd-4350-8ffe-2659fbf5f78f@group-B7AE656619AA-SegmentedRaftLogWorker: created new log segment /home/runner/work/ozone/ozone/hadoop-ozone/integration-test/target/test-dir/MiniOzoneClusterImpl-faebf4ee-6c4b-485b-8d19-aa685ee0d5ee/ozone-meta/datanode-2/ratis/a3617b93-a7c9-4643-8129-b7ae656619aa/current/log_inprogress_0
2024-02-27 07:47:48,225 [grpc-default-executor-0] INFO  impl.RoleInfo (RoleInfo.java:updateAndGet(139)) - b25ec414-9acd-4350-8ffe-2659fbf5f78f: start b25ec414-9acd-4350-8ffe-2659fbf5f78f@group-2C72975F21C0-FollowerState
2024-02-27 07:47:48,225 [b25ec414-9acd-4350-8ffe-2659fbf5f78f@group-2C72975F21C0-FollowerState] INFO  impl.FollowerState (FollowerState.java:run(152)) - b25ec414-9acd-4350-8ffe-2659fbf5f78f@group-2C72975F21C0-FollowerState was interrupted
2024-02-27 07:47:48,226 [grpc-default-executor-0] INFO  server.RaftServer$Division (RaftServerImpl.java:setFirstElection(574)) - b25ec414-9acd-4350-8ffe-2659fbf5f78f@group-2C72975F21C0: set firstElectionSinceStartup to false for candidate:0b055c95-c6cb-4c32-92a9-22069dc0a51e
2024-02-27 07:47:48,226 [omNode-3-OMStateMachineApplyTransactionThread - 0] INFO  upgrade.OMCancelPrepareRequest (OMCancelPrepareRequest.java:validateAndUpdateCache(82)) - OM omNode-3 prepare state cancelled at log (t:1, i:1). Returning response 
2024-02-27 07:47:48,226 [grpc-default-executor-2] INFO  impl.RoleInfo (RoleInfo.java:updateAndGet(139)) - 2b7fc6a0-bf04-48ac-bcd5-1387629fb818: start 2b7fc6a0-bf04-48ac-bcd5-1387629fb818@group-2C72975F21C0-FollowerState
2024-02-27 07:47:48,226 [2b7fc6a0-bf04-48ac-bcd5-1387629fb818@group-2C72975F21C0-FollowerState] INFO  impl.FollowerState (FollowerState.java:run(152)) - 2b7fc6a0-bf04-48ac-bcd5-1387629fb818@group-2C72975F21C0-FollowerState was interrupted
2024-02-27 07:47:48,227 [main] INFO  rpc.RpcClient (RpcClient.java:createVolume(465)) - Creating Volume: vol, with runner as owner and space quota set to -1 bytes, counts quota set to -1
2024-02-27 07:47:48,227 [omNode-2-OMStateMachineApplyTransactionThread - 0] INFO  upgrade.OMCancelPrepareRequest (OMCancelPrepareRequest.java:validateAndUpdateCache(54)) - OM omNode-2 Received cancel prepare request with log (t:1, i:1)
2024-02-27 07:47:48,227 [grpc-default-executor-0] INFO  server.RaftServer$Division (RaftServerImpl.java:requestVote(1422)) - b25ec414-9acd-4350-8ffe-2659fbf5f78f@group-2C72975F21C0 replies to ELECTION vote request: 0b055c95-c6cb-4c32-92a9-22069dc0a51e<-b25ec414-9acd-4350-8ffe-2659fbf5f78f#0:OK-t1. Peer's state: b25ec414-9acd-4350-8ffe-2659fbf5f78f@group-2C72975F21C0:t1, leader=null, voted=0b055c95-c6cb-4c32-92a9-22069dc0a51e, raftlog=Memoized:b25ec414-9acd-4350-8ffe-2659fbf5f78f@group-2C72975F21C0-SegmentedRaftLog:OPENED:c-1, conf=-1: peers:[2b7fc6a0-bf04-48ac-bcd5-1387629fb818|10.1.0.19:15212, b25ec414-9acd-4350-8ffe-2659fbf5f78f|10.1.0.19:15203, 0b055c95-c6cb-4c32-92a9-22069dc0a51e|10.1.0.19:15194]|listeners:[], old=null
2024-02-27 07:47:48,230 [omNode-2-OMStateMachineApplyTransactionThread - 0] INFO  upgrade.OMCancelPrepareRequest (OMCancelPrepareRequest.java:validateAndUpdateCache(82)) - OM omNode-2 prepare state cancelled at log (t:1, i:1). Returning response 
2024-02-27 07:47:48,230 [grpc-default-executor-2] INFO  server.RaftServer$Division (RaftServerImpl.java:requestVote(1422)) - 2b7fc6a0-bf04-48ac-bcd5-1387629fb818@group-2C72975F21C0 replies to ELECTION vote request: 0b055c95-c6cb-4c32-92a9-22069dc0a51e<-2b7fc6a0-bf04-48ac-bcd5-1387629fb818#0:OK-t1. Peer's state: 2b7fc6a0-bf04-48ac-bcd5-1387629fb818@group-2C72975F21C0:t1, leader=null, voted=0b055c95-c6cb-4c32-92a9-22069dc0a51e, raftlog=Memoized:2b7fc6a0-bf04-48ac-bcd5-1387629fb818@group-2C72975F21C0-SegmentedRaftLog:OPENED:c-1, conf=-1: peers:[2b7fc6a0-bf04-48ac-bcd5-1387629fb818|10.1.0.19:15212, b25ec414-9acd-4350-8ffe-2659fbf5f78f|10.1.0.19:15203, 0b055c95-c6cb-4c32-92a9-22069dc0a51e|10.1.0.19:15194]|listeners:[], old=null
2024-02-27 07:47:48,233 [0b055c95-c6cb-4c32-92a9-22069dc0a51e@group-2C72975F21C0-LeaderElection45] INFO  impl.LeaderElection (LeaderElection.java:logAndReturn(89)) - 0b055c95-c6cb-4c32-92a9-22069dc0a51e@group-2C72975F21C0-LeaderElection45: ELECTION PASSED received 1 response(s) and 0 exception(s):
2024-02-27 07:47:48,233 [0b055c95-c6cb-4c32-92a9-22069dc0a51e@group-2C72975F21C0-LeaderElection45] INFO  impl.LeaderElection (LeaderElection.java:logAndReturn(93)) -   Response 0: 0b055c95-c6cb-4c32-92a9-22069dc0a51e<-2b7fc6a0-bf04-48ac-bcd5-1387629fb818#0:OK-t1
2024-02-27 07:47:48,233 [0b055c95-c6cb-4c32-92a9-22069dc0a51e@group-2C72975F21C0-LeaderElection45] INFO  impl.LeaderElection (LeaderElection.java:askForVotes(323)) - 0b055c95-c6cb-4c32-92a9-22069dc0a51e@group-2C72975F21C0-LeaderElection45 ELECTION round 0: result PASSED
2024-02-27 07:47:48,233 [0b055c95-c6cb-4c32-92a9-22069dc0a51e@group-2C72975F21C0-LeaderElection45] INFO  impl.RoleInfo (RoleInfo.java:shutdownLeaderElection(130)) - 0b055c95-c6cb-4c32-92a9-22069dc0a51e: shutdown 0b055c95-c6cb-4c32-92a9-22069dc0a51e@group-2C72975F21C0-LeaderElection45
2024-02-27 07:47:48,233 [0b055c95-c6cb-4c32-92a9-22069dc0a51e@group-2C72975F21C0-LeaderElection45] INFO  server.RaftServer$Division (RaftServerImpl.java:setRole(383)) - 0b055c95-c6cb-4c32-92a9-22069dc0a51e@group-2C72975F21C0: changes role from CANDIDATE to LEADER at term 1 for changeToLeader
2024-02-27 07:47:48,233 [0b055c95-c6cb-4c32-92a9-22069dc0a51e@group-2C72975F21C0-LeaderElection45] INFO  server.RaftServerConfigKeys (ConfUtils.java:logGet(46)) - raft.server.staging.catchup.gap = 1000 (default)
2024-02-27 07:47:48,233 [0b055c95-c6cb-4c32-92a9-22069dc0a51e@group-2C72975F21C0-LeaderElection45] INFO  server.RaftServerConfigKeys (ConfUtils.java:logGet(46)) - raft.server.write.element-limit = 1024 (custom)
2024-02-27 07:47:48,233 [0b055c95-c6cb-4c32-92a9-22069dc0a51e@group-2C72975F21C0-LeaderElection45] INFO  server.RaftServerConfigKeys (ConfUtils.java:logGet(46)) - raft.server.write.byte-limit = 1024 M (=1073741824) (custom)
2024-02-27 07:47:48,234 [0b055c95-c6cb-4c32-92a9-22069dc0a51e@group-2C72975F21C0-LeaderElection45] INFO  server.RaftServerConfigKeys (ConfUtils.java:logGet(46)) - raft.server.watch.timeout = 180s (custom)
2024-02-27 07:47:48,234 [0b055c95-c6cb-4c32-92a9-22069dc0a51e@group-2C72975F21C0-LeaderElection45] INFO  server.RaftServerConfigKeys (ConfUtils.java:logGet(46)) - raft.server.watch.timeout.denomination = 1s (default)
2024-02-27 07:47:48,234 [0b055c95-c6cb-4c32-92a9-22069dc0a51e@group-2C72975F21C0-LeaderElection45] INFO  server.RaftServerConfigKeys (ConfUtils.java:logGet(46)) - raft.server.watch.element-limit = 65536 (default)
2024-02-27 07:47:48,234 [0b055c95-c6cb-4c32-92a9-22069dc0a51e@group-2C72975F21C0-LeaderElection45] INFO  server.RaftServerConfigKeys (ConfUtils.java:logGet(46)) - raft.server.read.leader.lease.enabled = false (default)
2024-02-27 07:47:48,234 [0b055c95-c6cb-4c32-92a9-22069dc0a51e@group-2C72975F21C0-LeaderElection45] INFO  server.RaftServerConfigKeys (ConfUtils.java:logGet(46)) - raft.server.read.leader.lease.timeout.ratio = 0.9 (default)
2024-02-27 07:47:48,234 [0b055c95-c6cb-4c32-92a9-22069dc0a51e@group-2C72975F21C0-LeaderElection45] INFO  server.RaftServerConfigKeys (ConfUtils.java:logGet(46)) - raft.server.rpc.timeout.min = 5s (custom)
2024-02-27 07:47:48,234 [0b055c95-c6cb-4c32-92a9-22069dc0a51e@group-2C72975F21C0-LeaderElection45] INFO  server.RaftServerConfigKeys (ConfUtils.java:logGet(46)) - raft.server.write.element-limit = 1024 (custom)
2024-02-27 07:47:48,234 [0b055c95-c6cb-4c32-92a9-22069dc0a51e@group-2C72975F21C0-LeaderElection45] INFO  server.RaftServerConfigKeys (ConfUtils.java:logGet(46)) - raft.server.write.follower.gap.ratio.max = -1.0 (default)
2024-02-27 07:47:48,234 [0b055c95-c6cb-4c32-92a9-22069dc0a51e@group-2C72975F21C0-LeaderElection45] INFO  server.RaftServerConfigKeys (ConfUtils.java:logGet(46)) - raft.server.log.appender.snapshot.chunk.size.max = 16MB (=16777216) (default)
2024-02-27 07:47:48,235 [0b055c95-c6cb-4c32-92a9-22069dc0a51e@group-2C72975F21C0-LeaderElection45] INFO  server.RaftServerConfigKeys (ConfUtils.java:logGet(46)) - raft.server.log.appender.buffer.byte-limit = 8388608 (custom)
2024-02-27 07:47:48,235 [0b055c95-c6cb-4c32-92a9-22069dc0a51e@group-2C72975F21C0-LeaderElection45] INFO  server.RaftServerConfigKeys (ConfUtils.java:logGet(46)) - raft.server.log.appender.buffer.element-limit = 1 (custom)
2024-02-27 07:47:48,235 [0b055c95-c6cb-4c32-92a9-22069dc0a51e@group-2C72975F21C0-LeaderElection45] INFO  server.RaftServerConfigKeys (ConfUtils.java:logGet(46)) - raft.server.log.appender.wait-time.min = 0μs (custom)
2024-02-27 07:47:48,235 [0b055c95-c6cb-4c32-92a9-22069dc0a51e@group-2C72975F21C0-LeaderElection45] INFO  grpc.GrpcConfigKeys (ConfUtils.java:logGet(46)) - raft.grpc.server.leader.outstanding.appends.max = 8 (default)
2024-02-27 07:47:48,235 [0b055c95-c6cb-4c32-92a9-22069dc0a51e@group-2C72975F21C0-LeaderElection45] INFO  server.RaftServerConfigKeys (ConfUtils.java:logGet(46)) - raft.server.rpc.request.timeout = 60s (custom)
2024-02-27 07:47:48,235 [0b055c95-c6cb-4c32-92a9-22069dc0a51e@group-2C72975F21C0-LeaderElection45] INFO  grpc.GrpcConfigKeys (ConfUtils.java:logGet(46)) - raft.grpc.server.install_snapshot.request.element-limit = 8 (default)
2024-02-27 07:47:48,235 [0b055c95-c6cb-4c32-92a9-22069dc0a51e@group-2C72975F21C0-LeaderElection45] INFO  grpc.GrpcConfigKeys (ConfUtils.java:logGet(46)) - raft.grpc.server.install_snapshot.request.timeout = 3000ms (default)
2024-02-27 07:47:48,235 [0b055c95-c6cb-4c32-92a9-22069dc0a51e@group-2C72975F21C0-LeaderElection45] INFO  grpc.GrpcConfigKeys (ConfUtils.java:logGet(46)) - raft.grpc.server.log-message.batch.duration = 5s (default)
2024-02-27 07:47:48,235 [0b055c95-c6cb-4c32-92a9-22069dc0a51e@group-2C72975F21C0-LeaderElection45] INFO  server.RaftServerConfigKeys (ConfUtils.java:logGet(46)) - raft.server.log.appender.install.snapshot.enabled = false (custom)
2024-02-27 07:47:48,235 [0b055c95-c6cb-4c32-92a9-22069dc0a51e@group-2C72975F21C0-LeaderElection45] INFO  grpc.GrpcConfigKeys (ConfUtils.java:logGet(46)) - raft.grpc.server.heartbeat.channel = true (default)
2024-02-27 07:47:48,236 [0b055c95-c6cb-4c32-92a9-22069dc0a51e@group-2C72975F21C0-LeaderElection45] INFO  server.RaftServerConfigKeys (ConfUtils.java:logGet(46)) - raft.server.log.appender.snapshot.chunk.size.max = 16MB (=16777216) (default)
2024-02-27 07:47:48,236 [0b055c95-c6cb-4c32-92a9-22069dc0a51e@group-2C72975F21C0-LeaderElection45] INFO  server.RaftServerConfigKeys (ConfUtils.java:logGet(46)) - raft.server.log.appender.buffer.byte-limit = 8388608 (custom)
2024-02-27 07:47:48,236 [0b055c95-c6cb-4c32-92a9-22069dc0a51e@group-2C72975F21C0-LeaderElection45] INFO  server.RaftServerConfigKeys (ConfUtils.java:logGet(46)) - raft.server.log.appender.buffer.element-limit = 1 (custom)
2024-02-27 07:47:48,236 [0b055c95-c6cb-4c32-92a9-22069dc0a51e@group-2C72975F21C0-LeaderElection45] INFO  server.RaftServerConfigKeys (ConfUtils.java:logGet(46)) - raft.server.log.appender.wait-time.min = 0μs (custom)
2024-02-27 07:47:48,236 [0b055c95-c6cb-4c32-92a9-22069dc0a51e@group-2C72975F21C0-LeaderElection45] INFO  grpc.GrpcConfigKeys (ConfUtils.java:logGet(46)) - raft.grpc.server.leader.outstanding.appends.max = 8 (default)
2024-02-27 07:47:48,236 [0b055c95-c6cb-4c32-92a9-22069dc0a51e@group-2C72975F21C0-LeaderElection45] INFO  server.RaftServerConfigKeys (ConfUtils.java:logGet(46)) - raft.server.rpc.request.timeout = 60s (custom)
2024-02-27 07:47:48,236 [0b055c95-c6cb-4c32-92a9-22069dc0a51e@group-2C72975F21C0-LeaderElection45] INFO  grpc.GrpcConfigKeys (ConfUtils.java:logGet(46)) - raft.grpc.server.install_snapshot.request.element-limit = 8 (default)
2024-02-27 07:47:48,236 [0b055c95-c6cb-4c32-92a9-22069dc0a51e@group-2C72975F21C0-LeaderElection45] INFO  grpc.GrpcConfigKeys (ConfUtils.java:logGet(46)) - raft.grpc.server.install_snapshot.request.timeout = 3000ms (default)
2024-02-27 07:47:48,236 [0b055c95-c6cb-4c32-92a9-22069dc0a51e@group-2C72975F21C0-LeaderElection45] INFO  grpc.GrpcConfigKeys (ConfUtils.java:logGet(46)) - raft.grpc.server.log-message.batch.duration = 5s (default)
2024-02-27 07:47:48,236 [0b055c95-c6cb-4c32-92a9-22069dc0a51e@group-2C72975F21C0-LeaderElection45] INFO  server.RaftServerConfigKeys (ConfUtils.java:logGet(46)) - raft.server.log.appender.install.snapshot.enabled = false (custom)
2024-02-27 07:47:48,236 [0b055c95-c6cb-4c32-92a9-22069dc0a51e@group-2C72975F21C0-LeaderElection45] INFO  grpc.GrpcConfigKeys (ConfUtils.java:logGet(46)) - raft.grpc.server.heartbeat.channel = true (default)
2024-02-27 07:47:48,237 [0b055c95-c6cb-4c32-92a9-22069dc0a51e@group-2C72975F21C0-LeaderElection45] INFO  impl.RoleInfo (RoleInfo.java:updateAndGet(139)) - 0b055c95-c6cb-4c32-92a9-22069dc0a51e: start 0b055c95-c6cb-4c32-92a9-22069dc0a51e@group-2C72975F21C0-LeaderStateImpl
2024-02-27 07:47:48,237 [0b055c95-c6cb-4c32-92a9-22069dc0a51e@group-2C72975F21C0-LeaderElection45] INFO  server.RaftServer$Division (RaftServerImpl.java:setFirstElection(574)) - 0b055c95-c6cb-4c32-92a9-22069dc0a51e@group-2C72975F21C0: set firstElectionSinceStartup to false for becomeLeader
2024-02-27 07:47:48,233 [b25ec414-9acd-4350-8ffe-2659fbf5f78f@group-B7AE656619AA-StateMachineUpdater] INFO  server.RaftServer$Division (LeaderStateImpl.java:isApplied(320)) - leader is ready since appliedIndex == 0 >= startIndex == 0
2024-02-27 07:47:48,241 [0b055c95-c6cb-4c32-92a9-22069dc0a51e@group-2C72975F21C0-LeaderElection45] INFO  ratis.XceiverServerRatis (XceiverServerRatis.java:handleLeaderChangedNotification(966)) - Leader change notification received for group: group-2C72975F21C0 with new leaderId: 0b055c95-c6cb-4c32-92a9-22069dc0a51e
2024-02-27 07:47:48,243 [0b055c95-c6cb-4c32-92a9-22069dc0a51e@group-2C72975F21C0-LeaderElection45] INFO  server.RaftServer$Division (ServerState.java:setLeader(269)) - 0b055c95-c6cb-4c32-92a9-22069dc0a51e@group-2C72975F21C0: change Leader from null to 0b055c95-c6cb-4c32-92a9-22069dc0a51e at term 1 for becomeLeader, leader elected after 5172ms
2024-02-27 07:47:48,243 [0b055c95-c6cb-4c32-92a9-22069dc0a51e@group-2C72975F21C0-LeaderElection45] INFO  segmented.SegmentedRaftLogWorker (SegmentedRaftLogWorker.java:startLogSegment(430)) - 0b055c95-c6cb-4c32-92a9-22069dc0a51e@group-2C72975F21C0-SegmentedRaftLogWorker: Starting segment from index:0
2024-02-27 07:47:48,243 [omNode-2-OMStateMachineApplyTransactionThread - 0] INFO  volume.OMVolumeCreateRequest (OMVolumeCreateRequest.java:validateAndUpdateCache(198)) - created volume:vol for user:runner
2024-02-27 07:47:48,244 [0b055c95-c6cb-4c32-92a9-22069dc0a51e@group-2C72975F21C0-SegmentedRaftLogWorker] INFO  segmented.BufferedWriteChannel (BufferedWriteChannel.java:open(62)) - open log_inprogress_0 at position 0
2024-02-27 07:47:48,246 [omNode-1-OMStateMachineApplyTransactionThread - 0] INFO  volume.OMVolumeCreateRequest (OMVolumeCreateRequest.java:validateAndUpdateCache(198)) - created volume:vol for user:runner
2024-02-27 07:47:48,246 [omNode-3-OMStateMachineApplyTransactionThread - 0] INFO  volume.OMVolumeCreateRequest (OMVolumeCreateRequest.java:validateAndUpdateCache(198)) - created volume:vol for user:runner
2024-02-27 07:47:48,247 [EventQueue-PipelineReportForPipelineReportHandler] INFO  pipeline.PipelineReportHandler (PipelineReportHandler.java:processPipelineReport(136)) - Opened pipeline PipelineID=90fc6135-a0c5-4acd-a8d6-2c72975f21c0
2024-02-27 07:47:48,251 [0b055c95-c6cb-4c32-92a9-22069dc0a51e@group-2C72975F21C0-LeaderElection45] INFO  server.RaftServer$Division (ServerState.java:setRaftConf(386)) - 0b055c95-c6cb-4c32-92a9-22069dc0a51e@group-2C72975F21C0: set configuration 0: peers:[2b7fc6a0-bf04-48ac-bcd5-1387629fb818|10.1.0.19:15212, b25ec414-9acd-4350-8ffe-2659fbf5f78f|10.1.0.19:15203, 0b055c95-c6cb-4c32-92a9-22069dc0a51e|10.1.0.19:15194]|listeners:[], old=null
2024-02-27 07:47:48,258 [2b7fc6a0-bf04-48ac-bcd5-1387629fb818@group-C24A9DB1B630-FollowerState] INFO  impl.FollowerState (FollowerState.java:run(143)) - 2b7fc6a0-bf04-48ac-bcd5-1387629fb818@group-C24A9DB1B630-FollowerState: change to CANDIDATE, lastRpcElapsedTime:5066103659ns, electionTimeout:5065ms
2024-02-27 07:47:48,258 [2b7fc6a0-bf04-48ac-bcd5-1387629fb818@group-C24A9DB1B630-FollowerState] INFO  impl.RoleInfo (RoleInfo.java:shutdownFollowerState(110)) - 2b7fc6a0-bf04-48ac-bcd5-1387629fb818: shutdown 2b7fc6a0-bf04-48ac-bcd5-1387629fb818@group-C24A9DB1B630-FollowerState
2024-02-27 07:47:48,258 [2b7fc6a0-bf04-48ac-bcd5-1387629fb818@group-C24A9DB1B630-FollowerState] INFO  server.RaftServer$Division (RaftServerImpl.java:setRole(383)) - 2b7fc6a0-bf04-48ac-bcd5-1387629fb818@group-C24A9DB1B630: changes role from  FOLLOWER to CANDIDATE at term 0 for changeToCandidate
2024-02-27 07:47:48,259 [main] INFO  rpc.RpcClient (RpcClient.java:createVolume(465)) - Creating Volume: volumeacbfdb8b-16a8-407a-93b5-e15048826d86, with runner as owner and space quota set to -1 bytes, counts quota set to -1
2024-02-27 07:47:48,260 [0b055c95-c6cb-4c32-92a9-22069dc0a51e@group-2C72975F21C0-SegmentedRaftLogWorker] INFO  segmented.SegmentedRaftLogWorker (SegmentedRaftLogWorker.java:execute(634)) - 0b055c95-c6cb-4c32-92a9-22069dc0a51e@group-2C72975F21C0-SegmentedRaftLogWorker: created new log segment /home/runner/work/ozone/ozone/hadoop-ozone/integration-test/target/test-dir/MiniOzoneClusterImpl-faebf4ee-6c4b-485b-8d19-aa685ee0d5ee/ozone-meta/datanode-1/ratis/90fc6135-a0c5-4acd-a8d6-2c72975f21c0/current/log_inprogress_0
2024-02-27 07:47:48,260 [2b7fc6a0-bf04-48ac-bcd5-1387629fb818@group-C24A9DB1B630-FollowerState] INFO  server.RaftServerConfigKeys (ConfUtils.java:logGet(46)) - raft.server.leaderelection.pre-vote = true (default)
2024-02-27 07:47:48,260 [2b7fc6a0-bf04-48ac-bcd5-1387629fb818@group-C24A9DB1B630-FollowerState] INFO  impl.RoleInfo (RoleInfo.java:updateAndGet(139)) - 2b7fc6a0-bf04-48ac-bcd5-1387629fb818: start 2b7fc6a0-bf04-48ac-bcd5-1387629fb818@group-C24A9DB1B630-LeaderElection47
2024-02-27 07:47:48,261 [omNode-1-OMStateMachineApplyTransactionThread - 0] INFO  volume.OMVolumeCreateRequest (OMVolumeCreateRequest.java:validateAndUpdateCache(198)) - created volume:volumeacbfdb8b-16a8-407a-93b5-e15048826d86 for user:runner
2024-02-27 07:47:48,263 [omNode-2-OMStateMachineApplyTransactionThread - 0] INFO  volume.OMVolumeCreateRequest (OMVolumeCreateRequest.java:validateAndUpdateCache(198)) - created volume:volumeacbfdb8b-16a8-407a-93b5-e15048826d86 for user:runner
2024-02-27 07:47:48,271 [omNode-3-OMStateMachineApplyTransactionThread - 0] INFO  volume.OMVolumeCreateRequest (OMVolumeCreateRequest.java:validateAndUpdateCache(198)) - created volume:volumeacbfdb8b-16a8-407a-93b5-e15048826d86 for user:runner
2024-02-27 07:47:48,272 [2b7fc6a0-bf04-48ac-bcd5-1387629fb818-server-thread1] INFO  ratis.XceiverServerRatis (XceiverServerRatis.java:handleLeaderChangedNotification(966)) - Leader change notification received for group: group-2C72975F21C0 with new leaderId: 0b055c95-c6cb-4c32-92a9-22069dc0a51e
2024-02-27 07:47:48,272 [2b7fc6a0-bf04-48ac-bcd5-1387629fb818-server-thread1] INFO  server.RaftServer$Division (ServerState.java:setLeader(269)) - 2b7fc6a0-bf04-48ac-bcd5-1387629fb818@group-2C72975F21C0: change Leader from null to 0b055c95-c6cb-4c32-92a9-22069dc0a51e at term 1 for appendEntries, leader elected after 5187ms
2024-02-27 07:47:48,278 [b25ec414-9acd-4350-8ffe-2659fbf5f78f-server-thread2] INFO  ratis.XceiverServerRatis (XceiverServerRatis.java:handleLeaderChangedNotification(966)) - Leader change notification received for group: group-2C72975F21C0 with new leaderId: 0b055c95-c6cb-4c32-92a9-22069dc0a51e
2024-02-27 07:47:48,279 [b25ec414-9acd-4350-8ffe-2659fbf5f78f-server-thread2] INFO  server.RaftServer$Division (ServerState.java:setLeader(269)) - b25ec414-9acd-4350-8ffe-2659fbf5f78f@group-2C72975F21C0: change Leader from null to 0b055c95-c6cb-4c32-92a9-22069dc0a51e at term 1 for appendEntries, leader elected after 5161ms
2024-02-27 07:47:48,279 [2b7fc6a0-bf04-48ac-bcd5-1387629fb818-server-thread1] INFO  server.RaftServer$Division (ServerState.java:setRaftConf(386)) - 2b7fc6a0-bf04-48ac-bcd5-1387629fb818@group-2C72975F21C0: set configuration 0: peers:[2b7fc6a0-bf04-48ac-bcd5-1387629fb818|10.1.0.19:15212, b25ec414-9acd-4350-8ffe-2659fbf5f78f|10.1.0.19:15203, 0b055c95-c6cb-4c32-92a9-22069dc0a51e|10.1.0.19:15194]|listeners:[], old=null
2024-02-27 07:47:48,283 [2b7fc6a0-bf04-48ac-bcd5-1387629fb818-server-thread1] INFO  segmented.SegmentedRaftLogWorker (SegmentedRaftLogWorker.java:startLogSegment(430)) - 2b7fc6a0-bf04-48ac-bcd5-1387629fb818@group-2C72975F21C0-SegmentedRaftLogWorker: Starting segment from index:0
2024-02-27 07:47:48,279 [2b7fc6a0-bf04-48ac-bcd5-1387629fb818@group-C24A9DB1B630-LeaderElection47] INFO  impl.LeaderElection (LeaderElection.java:askForVotes(321)) - 2b7fc6a0-bf04-48ac-bcd5-1387629fb818@group-C24A9DB1B630-LeaderElection47 PRE_VOTE round 0: submit vote requests at term 0 for -1: peers:[2b7fc6a0-bf04-48ac-bcd5-1387629fb818|10.1.0.19:15212]|listeners:[], old=null
2024-02-27 07:47:48,283 [b25ec414-9acd-4350-8ffe-2659fbf5f78f-server-thread1] INFO  server.RaftServer$Division (ServerState.java:setRaftConf(386)) - b25ec414-9acd-4350-8ffe-2659fbf5f78f@group-2C72975F21C0: set configuration 0: peers:[2b7fc6a0-bf04-48ac-bcd5-1387629fb818|10.1.0.19:15212, b25ec414-9acd-4350-8ffe-2659fbf5f78f|10.1.0.19:15203, 0b055c95-c6cb-4c32-92a9-22069dc0a51e|10.1.0.19:15194]|listeners:[], old=null
2024-02-27 07:47:48,284 [b25ec414-9acd-4350-8ffe-2659fbf5f78f-server-thread1] INFO  segmented.SegmentedRaftLogWorker (SegmentedRaftLogWorker.java:startLogSegment(430)) - b25ec414-9acd-4350-8ffe-2659fbf5f78f@group-2C72975F21C0-SegmentedRaftLogWorker: Starting segment from index:0
2024-02-27 07:47:48,284 [main] INFO  rpc.RpcClient (RpcClient.java:createBucket(691)) - Creating Bucket: volumeacbfdb8b-16a8-407a-93b5-e15048826d86/bucket, with server-side default bucket layout, runner as owner, Versioning false, Storage Type set to DISK and Encryption set to false, Replication Type set to server-side default replication type, Namespace Quota set to -1, Space Quota set to -1 
2024-02-27 07:47:48,284 [2b7fc6a0-bf04-48ac-bcd5-1387629fb818@group-C24A9DB1B630-LeaderElection47] INFO  impl.LeaderElection (LeaderElection.java:askForVotes(323)) - 2b7fc6a0-bf04-48ac-bcd5-1387629fb818@group-C24A9DB1B630-LeaderElection47 PRE_VOTE round 0: result PASSED (term=0)
2024-02-27 07:47:48,284 [b25ec414-9acd-4350-8ffe-2659fbf5f78f@group-2C72975F21C0-SegmentedRaftLogWorker] INFO  segmented.BufferedWriteChannel (BufferedWriteChannel.java:open(62)) - open log_inprogress_0 at position 0
2024-02-27 07:47:48,284 [2b7fc6a0-bf04-48ac-bcd5-1387629fb818@group-2C72975F21C0-SegmentedRaftLogWorker] INFO  segmented.BufferedWriteChannel (BufferedWriteChannel.java:open(62)) - open log_inprogress_0 at position 0
2024-02-27 07:47:48,292 [omNode-1-OMStateMachineApplyTransactionThread - 0] INFO  bucket.OMBucketCreateRequest (OMBucketCreateRequest.java:validateAndUpdateCache(292)) - created bucket: bucket of layout OBJECT_STORE in volume: volumeacbfdb8b-16a8-407a-93b5-e15048826d86
2024-02-27 07:47:48,294 [2b7fc6a0-bf04-48ac-bcd5-1387629fb818@group-C24A9DB1B630-LeaderElection47] INFO  impl.LeaderElection (LeaderElection.java:askForVotes(321)) - 2b7fc6a0-bf04-48ac-bcd5-1387629fb818@group-C24A9DB1B630-LeaderElection47 ELECTION round 0: submit vote requests at term 1 for -1: peers:[2b7fc6a0-bf04-48ac-bcd5-1387629fb818|10.1.0.19:15212]|listeners:[], old=null
2024-02-27 07:47:48,294 [2b7fc6a0-bf04-48ac-bcd5-1387629fb818@group-C24A9DB1B630-LeaderElection47] INFO  impl.LeaderElection (LeaderElection.java:askForVotes(323)) - 2b7fc6a0-bf04-48ac-bcd5-1387629fb818@group-C24A9DB1B630-LeaderElection47 ELECTION round 0: result PASSED (term=1)
2024-02-27 07:47:48,294 [2b7fc6a0-bf04-48ac-bcd5-1387629fb818@group-C24A9DB1B630-LeaderElection47] INFO  impl.RoleInfo (RoleInfo.java:shutdownLeaderElection(130)) - 2b7fc6a0-bf04-48ac-bcd5-1387629fb818: shutdown 2b7fc6a0-bf04-48ac-bcd5-1387629fb818@group-C24A9DB1B630-LeaderElection47
2024-02-27 07:47:48,294 [2b7fc6a0-bf04-48ac-bcd5-1387629fb818@group-C24A9DB1B630-LeaderElection47] INFO  server.RaftServer$Division (RaftServerImpl.java:setRole(383)) - 2b7fc6a0-bf04-48ac-bcd5-1387629fb818@group-C24A9DB1B630: changes role from CANDIDATE to LEADER at term 1 for changeToLeader
2024-02-27 07:47:48,294 [2b7fc6a0-bf04-48ac-bcd5-1387629fb818@group-C24A9DB1B630-LeaderElection47] INFO  server.RaftServerConfigKeys (ConfUtils.java:logGet(46)) - raft.server.staging.catchup.gap = 1000 (default)
2024-02-27 07:47:48,295 [omNode-2-OMStateMachineApplyTransactionThread - 0] INFO  bucket.OMBucketCreateRequest (OMBucketCreateRequest.java:validateAndUpdateCache(292)) - created bucket: bucket of layout OBJECT_STORE in volume: volumeacbfdb8b-16a8-407a-93b5-e15048826d86
2024-02-27 07:47:48,295 [2b7fc6a0-bf04-48ac-bcd5-1387629fb818@group-C24A9DB1B630-LeaderElection47] INFO  server.RaftServerConfigKeys (ConfUtils.java:logGet(46)) - raft.server.write.element-limit = 1024 (custom)
2024-02-27 07:47:48,295 [2b7fc6a0-bf04-48ac-bcd5-1387629fb818@group-C24A9DB1B630-LeaderElection47] INFO  server.RaftServerConfigKeys (ConfUtils.java:logGet(46)) - raft.server.write.byte-limit = 1024 M (=1073741824) (custom)
2024-02-27 07:47:48,296 [2b7fc6a0-bf04-48ac-bcd5-1387629fb818@group-C24A9DB1B630-LeaderElection47] INFO  server.RaftServerConfigKeys (ConfUtils.java:logGet(46)) - raft.server.watch.timeout = 180s (custom)
2024-02-27 07:47:48,296 [2b7fc6a0-bf04-48ac-bcd5-1387629fb818@group-C24A9DB1B630-LeaderElection47] INFO  server.RaftServerConfigKeys (ConfUtils.java:logGet(46)) - raft.server.watch.timeout.denomination = 1s (default)
2024-02-27 07:47:48,296 [2b7fc6a0-bf04-48ac-bcd5-1387629fb818@group-C24A9DB1B630-LeaderElection47] INFO  server.RaftServerConfigKeys (ConfUtils.java:logGet(46)) - raft.server.watch.element-limit = 65536 (default)
2024-02-27 07:47:48,296 [2b7fc6a0-bf04-48ac-bcd5-1387629fb818@group-C24A9DB1B630-LeaderElection47] INFO  server.RaftServerConfigKeys (ConfUtils.java:logGet(46)) - raft.server.read.leader.lease.enabled = false (default)
2024-02-27 07:47:48,296 [2b7fc6a0-bf04-48ac-bcd5-1387629fb818@group-C24A9DB1B630-LeaderElection47] INFO  server.RaftServerConfigKeys (ConfUtils.java:logGet(46)) - raft.server.read.leader.lease.timeout.ratio = 0.9 (default)
2024-02-27 07:47:48,298 [2b7fc6a0-bf04-48ac-bcd5-1387629fb818@group-C24A9DB1B630-LeaderElection47] INFO  server.RaftServerConfigKeys (ConfUtils.java:logGet(46)) - raft.server.rpc.timeout.min = 5s (custom)
2024-02-27 07:47:48,298 [2b7fc6a0-bf04-48ac-bcd5-1387629fb818@group-C24A9DB1B630-LeaderElection47] INFO  server.RaftServerConfigKeys (ConfUtils.java:logGet(46)) - raft.server.write.element-limit = 1024 (custom)
2024-02-27 07:47:48,298 [2b7fc6a0-bf04-48ac-bcd5-1387629fb818@group-C24A9DB1B630-LeaderElection47] INFO  server.RaftServerConfigKeys (ConfUtils.java:logGet(46)) - raft.server.write.follower.gap.ratio.max = -1.0 (default)
2024-02-27 07:47:48,298 [2b7fc6a0-bf04-48ac-bcd5-1387629fb818@group-C24A9DB1B630-LeaderElection47] INFO  impl.RoleInfo (RoleInfo.java:updateAndGet(139)) - 2b7fc6a0-bf04-48ac-bcd5-1387629fb818: start 2b7fc6a0-bf04-48ac-bcd5-1387629fb818@group-C24A9DB1B630-LeaderStateImpl
2024-02-27 07:47:48,298 [2b7fc6a0-bf04-48ac-bcd5-1387629fb818@group-C24A9DB1B630-LeaderElection47] INFO  server.RaftServer$Division (RaftServerImpl.java:setFirstElection(574)) - 2b7fc6a0-bf04-48ac-bcd5-1387629fb818@group-C24A9DB1B630: set firstElectionSinceStartup to false for becomeLeader
2024-02-27 07:47:48,298 [2b7fc6a0-bf04-48ac-bcd5-1387629fb818@group-C24A9DB1B630-LeaderElection47] INFO  ratis.XceiverServerRatis (XceiverServerRatis.java:handleLeaderChangedNotification(966)) - Leader change notification received for group: group-C24A9DB1B630 with new leaderId: 2b7fc6a0-bf04-48ac-bcd5-1387629fb818
2024-02-27 07:47:48,298 [2b7fc6a0-bf04-48ac-bcd5-1387629fb818@group-C24A9DB1B630-LeaderElection47] INFO  server.RaftServer$Division (ServerState.java:setLeader(269)) - 2b7fc6a0-bf04-48ac-bcd5-1387629fb818@group-C24A9DB1B630: change Leader from null to 2b7fc6a0-bf04-48ac-bcd5-1387629fb818 at term 1 for becomeLeader, leader elected after 5115ms
2024-02-27 07:47:48,298 [2b7fc6a0-bf04-48ac-bcd5-1387629fb818@group-C24A9DB1B630-LeaderElection47] INFO  segmented.SegmentedRaftLogWorker (SegmentedRaftLogWorker.java:startLogSegment(430)) - 2b7fc6a0-bf04-48ac-bcd5-1387629fb818@group-C24A9DB1B630-SegmentedRaftLogWorker: Starting segment from index:0
2024-02-27 07:47:48,300 [2b7fc6a0-bf04-48ac-bcd5-1387629fb818@group-C24A9DB1B630-LeaderElection47] INFO  server.RaftServer$Division (ServerState.java:setRaftConf(386)) - 2b7fc6a0-bf04-48ac-bcd5-1387629fb818@group-C24A9DB1B630: set configuration 0: peers:[2b7fc6a0-bf04-48ac-bcd5-1387629fb818|10.1.0.19:15212]|listeners:[], old=null
2024-02-27 07:47:48,302 [2b7fc6a0-bf04-48ac-bcd5-1387629fb818@group-C24A9DB1B630-SegmentedRaftLogWorker] INFO  segmented.BufferedWriteChannel (BufferedWriteChannel.java:open(62)) - open log_inprogress_0 at position 0
2024-02-27 07:47:48,302 [omNode-3-OMStateMachineApplyTransactionThread - 0] INFO  bucket.OMBucketCreateRequest (OMBucketCreateRequest.java:validateAndUpdateCache(292)) - created bucket: bucket of layout OBJECT_STORE in volume: volumeacbfdb8b-16a8-407a-93b5-e15048826d86
2024-02-27 07:47:48,303 [2b7fc6a0-bf04-48ac-bcd5-1387629fb818@group-2C72975F21C0-SegmentedRaftLogWorker] INFO  segmented.SegmentedRaftLogWorker (SegmentedRaftLogWorker.java:execute(634)) - 2b7fc6a0-bf04-48ac-bcd5-1387629fb818@group-2C72975F21C0-SegmentedRaftLogWorker: created new log segment /home/runner/work/ozone/ozone/hadoop-ozone/integration-test/target/test-dir/MiniOzoneClusterImpl-faebf4ee-6c4b-485b-8d19-aa685ee0d5ee/ozone-meta/datanode-3/ratis/90fc6135-a0c5-4acd-a8d6-2c72975f21c0/current/log_inprogress_0
2024-02-27 07:47:48,305 [b25ec414-9acd-4350-8ffe-2659fbf5f78f@group-2C72975F21C0-SegmentedRaftLogWorker] INFO  segmented.SegmentedRaftLogWorker (SegmentedRaftLogWorker.java:execute(634)) - b25ec414-9acd-4350-8ffe-2659fbf5f78f@group-2C72975F21C0-SegmentedRaftLogWorker: created new log segment /home/runner/work/ozone/ozone/hadoop-ozone/integration-test/target/test-dir/MiniOzoneClusterImpl-faebf4ee-6c4b-485b-8d19-aa685ee0d5ee/ozone-meta/datanode-2/ratis/90fc6135-a0c5-4acd-a8d6-2c72975f21c0/current/log_inprogress_0
2024-02-27 07:47:48,311 [IPC Server handler 4 on default port 15173] INFO  ha.SequenceIdGenerator (SequenceIdGenerator.java:getNextId(145)) - Allocate a batch for containerId, change lastId from 0 to 1000.
2024-02-27 07:47:48,312 [IPC Server handler 4 on default port 15173] WARN  ha.SequenceIdGenerator (SequenceIdGenerator.java:allocateBatch(258)) - Failed to allocate a batch for localId, expected lastId is 0, actual lastId is 113750153625600000.
2024-02-27 07:47:48,312 [IPC Server handler 4 on default port 15173] INFO  ha.SequenceIdGenerator (SequenceIdGenerator.java:getNextId(145)) - Allocate a batch for localId, change lastId from 113750153625600000 to 113750153625601000.
2024-02-27 07:47:48,314 [0b055c95-c6cb-4c32-92a9-22069dc0a51e@group-2C72975F21C0-StateMachineUpdater] INFO  server.RaftServer$Division (LeaderStateImpl.java:isApplied(320)) - leader is ready since appliedIndex == 0 >= startIndex == 0
2024-02-27 07:47:48,314 [2b7fc6a0-bf04-48ac-bcd5-1387629fb818@group-C24A9DB1B630-SegmentedRaftLogWorker] INFO  segmented.SegmentedRaftLogWorker (SegmentedRaftLogWorker.java:execute(634)) - 2b7fc6a0-bf04-48ac-bcd5-1387629fb818@group-C24A9DB1B630-SegmentedRaftLogWorker: created new log segment /home/runner/work/ozone/ozone/hadoop-ozone/integration-test/target/test-dir/MiniOzoneClusterImpl-faebf4ee-6c4b-485b-8d19-aa685ee0d5ee/ozone-meta/datanode-3/ratis/25e2f026-f44a-4376-a5e5-c24a9db1b630/current/log_inprogress_0
2024-02-27 07:47:48,317 [2b7fc6a0-bf04-48ac-bcd5-1387629fb818@group-C24A9DB1B630-StateMachineUpdater] INFO  server.RaftServer$Division (LeaderStateImpl.java:isApplied(320)) - leader is ready since appliedIndex == 0 >= startIndex == 0
2024-02-27 07:47:48,546 [omNode-3@group-523986131536-StateMachineUpdater] INFO  ratis.OzoneManagerStateMachine (OzoneManagerStateMachine.java:takeSnapshotImpl(469)) -  applied = (t:1, i:49)
2024-02-27 07:47:48,546 [omNode-3@group-523986131536-StateMachineUpdater] INFO  ratis.OzoneManagerStateMachine (OzoneManagerStateMachine.java:takeSnapshotImpl(470)) -  skipped = 49
2024-02-27 07:47:48,546 [omNode-3@group-523986131536-StateMachineUpdater] INFO  ratis.OzoneManagerStateMachine (OzoneManagerStateMachine.java:takeSnapshotImpl(471)) - notified = (t:1, i:50)
2024-02-27 07:47:48,546 [omNode-3@group-523986131536-StateMachineUpdater] INFO  ratis.OzoneManagerStateMachine (OzoneManagerStateMachine.java:takeSnapshotImpl(472)) - snapshot = (t:1, i:50)
2024-02-27 07:47:48,549 [omNode-2@group-523986131536-StateMachineUpdater] INFO  ratis.OzoneManagerStateMachine (OzoneManagerStateMachine.java:takeSnapshotImpl(469)) -  applied = (t:1, i:49)
2024-02-27 07:47:48,549 [omNode-2@group-523986131536-StateMachineUpdater] INFO  ratis.OzoneManagerStateMachine (OzoneManagerStateMachine.java:takeSnapshotImpl(470)) -  skipped = 49
2024-02-27 07:47:48,549 [omNode-2@group-523986131536-StateMachineUpdater] INFO  ratis.OzoneManagerStateMachine (OzoneManagerStateMachine.java:takeSnapshotImpl(471)) - notified = (t:1, i:50)
2024-02-27 07:47:48,549 [omNode-1-OMStateMachineApplyTransactionThread - 0] INFO  upgrade.OMPrepareRequest (OMPrepareRequest.java:validateAndUpdateCache(69)) - OM omNode-1 Received prepare request with log (t:1, i:51)
2024-02-27 07:47:48,549 [omNode-2@group-523986131536-StateMachineUpdater] INFO  ratis.OzoneManagerStateMachine (OzoneManagerStateMachine.java:takeSnapshotImpl(472)) - snapshot = (t:1, i:50)
2024-02-27 07:47:48,549 [omNode-1-OMStateMachineApplyTransactionThread - 0] INFO  upgrade.OMPrepareRequest (OMPrepareRequest.java:waitForLogIndex(184)) - omNode-1 waiting for index 51 to flush to OM DB and index 52 to flush to Ratis state machine.
2024-02-27 07:47:48,563 [omNode-3@group-523986131536-StateMachineUpdater] INFO  impl.StateMachineUpdater (StateMachineUpdater.java:takeSnapshot(295)) - omNode-3@group-523986131536-StateMachineUpdater: Took a snapshot at index 50
2024-02-27 07:47:48,563 [omNode-3@group-523986131536-StateMachineUpdater] INFO  impl.StateMachineUpdater (StateMachineUpdater.java:lambda$new$0(98)) - omNode-3@group-523986131536-StateMachineUpdater: snapshotIndex: updateIncreasingly -1 -> 50
2024-02-27 07:47:48,563 [omNode-3@group-523986131536-StateMachineUpdater] INFO  raftlog.RaftLog (RaftLogBase.java:purge(330)) - omNode-3@group-523986131536-SegmentedRaftLog: purge 50
2024-02-27 07:47:48,564 [omNode-3@group-523986131536-StateMachineUpdater] INFO  raftlog.RaftLog (RaftLogBase.java:lambda$new$0(54)) - omNode-3@group-523986131536-SegmentedRaftLog: snapshotIndex: updateIncreasingly -1 -> 50
2024-02-27 07:47:48,564 [omNode-3@group-523986131536-StateMachineUpdater] INFO  raftlog.RaftLog (RaftLogBase.java:lambda$new$0(54)) - omNode-3@group-523986131536-SegmentedRaftLog: purgeIndex: updateToMax old=-1, new=50, updated? true
2024-02-27 07:47:48,564 [omNode-3-OMStateMachineApplyTransactionThread - 0] INFO  upgrade.OMPrepareRequest (OMPrepareRequest.java:validateAndUpdateCache(69)) - OM omNode-3 Received prepare request with log (t:1, i:51)
2024-02-27 07:47:48,564 [omNode-3-OMStateMachineApplyTransactionThread - 0] INFO  upgrade.OMPrepareRequest (OMPrepareRequest.java:waitForLogIndex(184)) - omNode-3 waiting for index 51 to flush to OM DB and index 52 to flush to Ratis state machine.
2024-02-27 07:47:48,566 [omNode-2@group-523986131536-StateMachineUpdater] INFO  impl.StateMachineUpdater (StateMachineUpdater.java:takeSnapshot(295)) - omNode-2@group-523986131536-StateMachineUpdater: Took a snapshot at index 50
2024-02-27 07:47:48,566 [omNode-2@group-523986131536-StateMachineUpdater] INFO  impl.StateMachineUpdater (StateMachineUpdater.java:lambda$new$0(98)) - omNode-2@group-523986131536-StateMachineUpdater: snapshotIndex: updateIncreasingly -1 -> 50
2024-02-27 07:47:48,566 [omNode-2@group-523986131536-StateMachineUpdater] INFO  raftlog.RaftLog (RaftLogBase.java:purge(330)) - omNode-2@group-523986131536-SegmentedRaftLog: purge 50
2024-02-27 07:47:48,566 [omNode-2@group-523986131536-StateMachineUpdater] INFO  raftlog.RaftLog (RaftLogBase.java:lambda$new$0(54)) - omNode-2@group-523986131536-SegmentedRaftLog: snapshotIndex: updateIncreasingly -1 -> 50
2024-02-27 07:47:48,566 [omNode-2@group-523986131536-StateMachineUpdater] INFO  raftlog.RaftLog (RaftLogBase.java:lambda$new$0(54)) - omNode-2@group-523986131536-SegmentedRaftLog: purgeIndex: updateToMax old=-1, new=50, updated? true
2024-02-27 07:47:48,567 [omNode-2-OMStateMachineApplyTransactionThread - 0] INFO  upgrade.OMPrepareRequest (OMPrepareRequest.java:validateAndUpdateCache(69)) - OM omNode-2 Received prepare request with log (t:1, i:51)
2024-02-27 07:47:48,567 [omNode-2-OMStateMachineApplyTransactionThread - 0] INFO  upgrade.OMPrepareRequest (OMPrepareRequest.java:waitForLogIndex(184)) - omNode-2 waiting for index 51 to flush to OM DB and index 52 to flush to Ratis state machine.
2024-02-27 07:47:53,564 [omNode-3-OMStateMachineApplyTransactionThread - 0] INFO  ratis.OzoneManagerStateMachine (OzoneManagerStateMachine.java:takeSnapshotImpl(469)) -  applied = (t:1, i:51)
2024-02-27 07:47:53,564 [omNode-3-OMStateMachineApplyTransactionThread - 0] INFO  ratis.OzoneManagerStateMachine (OzoneManagerStateMachine.java:takeSnapshotImpl(470)) -  skipped = 51
2024-02-27 07:47:53,565 [omNode-3-OMStateMachineApplyTransactionThread - 0] INFO  ratis.OzoneManagerStateMachine (OzoneManagerStateMachine.java:takeSnapshotImpl(471)) - notified = (t:1, i:52)
2024-02-27 07:47:53,565 [omNode-3-OMStateMachineApplyTransactionThread - 0] INFO  ratis.OzoneManagerStateMachine (OzoneManagerStateMachine.java:takeSnapshotImpl(472)) - snapshot = (t:1, i:52)
2024-02-27 07:47:53,567 [omNode-2-OMStateMachineApplyTransactionThread - 0] INFO  ratis.OzoneManagerStateMachine (OzoneManagerStateMachine.java:takeSnapshotImpl(469)) -  applied = (t:1, i:51)
2024-02-27 07:47:53,567 [omNode-2-OMStateMachineApplyTransactionThread - 0] INFO  ratis.OzoneManagerStateMachine (OzoneManagerStateMachine.java:takeSnapshotImpl(470)) -  skipped = 51
2024-02-27 07:47:53,567 [omNode-2-OMStateMachineApplyTransactionThread - 0] INFO  ratis.OzoneManagerStateMachine (OzoneManagerStateMachine.java:takeSnapshotImpl(471)) - notified = (t:1, i:52)
2024-02-27 07:47:53,567 [omNode-2-OMStateMachineApplyTransactionThread - 0] INFO  ratis.OzoneManagerStateMachine (OzoneManagerStateMachine.java:takeSnapshotImpl(472)) - snapshot = (t:1, i:52)
2024-02-27 07:47:53,570 [omNode-3-OMStateMachineApplyTransactionThread - 0] INFO  upgrade.OMPrepareRequest (OMPrepareRequest.java:takeSnapshotAndPurgeLogs(238)) - takeSnapshot at 52 for prepareIndex 52
2024-02-27 07:47:53,570 [omNode-3-OMStateMachineApplyTransactionThread - 0] INFO  raftlog.RaftLog (RaftLogBase.java:lambda$new$0(54)) - omNode-3@group-523986131536-SegmentedRaftLog: snapshotIndex: updateIncreasingly 50 -> 52
2024-02-27 07:47:53,570 [omNode-3-OMStateMachineApplyTransactionThread - 0] INFO  segmented.SegmentedRaftLogWorker (SegmentedRaftLogWorker.java:lambda$new$0(134)) - omNode-3@group-523986131536-SegmentedRaftLogWorker: safeCacheEvictIndex: setUnconditionally -1 -> 52
2024-02-27 07:47:53,570 [omNode-3-OMStateMachineApplyTransactionThread - 0] INFO  segmented.SegmentedRaftLogWorker (SegmentedRaftLogWorker.java:closeLogSegment(451)) - omNode-3@group-523986131536-SegmentedRaftLogWorker: Closing segment log_inprogress_0 to index: 52
2024-02-27 07:47:53,571 [omNode-3@group-523986131536-SegmentedRaftLogWorker] INFO  segmented.SegmentedRaftLogWorker (SegmentedRaftLogWorker.java:execute(591)) - omNode-3@group-523986131536-SegmentedRaftLogWorker: Rolled log segment from /home/runner/work/ozone/ozone/hadoop-ozone/integration-test/target/test-dir/MiniOzoneClusterImpl-faebf4ee-6c4b-485b-8d19-aa685ee0d5ee/omNode-3/ratis/c9bc4cf4-3bc3-3c60-a66b-523986131536/current/log_inprogress_0 to /home/runner/work/ozone/ozone/hadoop-ozone/integration-test/target/test-dir/MiniOzoneClusterImpl-faebf4ee-6c4b-485b-8d19-aa685ee0d5ee/omNode-3/ratis/c9bc4cf4-3bc3-3c60-a66b-523986131536/current/log_0-52
2024-02-27 07:47:53,571 [omNode-3-OMStateMachineApplyTransactionThread - 0] INFO  om.OzoneManagerPrepareState (OzoneManagerPrepareState.java:writePrepareMarkerFile(262)) - Prepare marker file written with log index 51 to file /home/runner/work/ozone/ozone/hadoop-ozone/integration-test/target/test-dir/MiniOzoneClusterImpl-faebf4ee-6c4b-485b-8d19-aa685ee0d5ee/omNode-3/current/prepareMarker
2024-02-27 07:47:53,571 [omNode-3-OMStateMachineApplyTransactionThread - 0] INFO  upgrade.OMPrepareRequest (OMPrepareRequest.java:validateAndUpdateCache(122)) - OM omNode-3 prepared at log index 51. Returning response txnID: 51
 with log index 51
2024-02-27 07:47:53,572 [omNode-2-OMStateMachineApplyTransactionThread - 0] INFO  upgrade.OMPrepareRequest (OMPrepareRequest.java:takeSnapshotAndPurgeLogs(238)) - takeSnapshot at 52 for prepareIndex 52
2024-02-27 07:47:53,572 [omNode-2-OMStateMachineApplyTransactionThread - 0] INFO  raftlog.RaftLog (RaftLogBase.java:lambda$new$0(54)) - omNode-2@group-523986131536-SegmentedRaftLog: snapshotIndex: updateIncreasingly 50 -> 52
2024-02-27 07:47:53,572 [omNode-2-OMStateMachineApplyTransactionThread - 0] INFO  segmented.SegmentedRaftLogWorker (SegmentedRaftLogWorker.java:lambda$new$0(134)) - omNode-2@group-523986131536-SegmentedRaftLogWorker: safeCacheEvictIndex: setUnconditionally -1 -> 52
2024-02-27 07:47:53,572 [omNode-2-OMStateMachineApplyTransactionThread - 0] INFO  segmented.SegmentedRaftLogWorker (SegmentedRaftLogWorker.java:closeLogSegment(451)) - omNode-2@group-523986131536-SegmentedRaftLogWorker: Closing segment log_inprogress_0 to index: 52
2024-02-27 07:47:53,573 [omNode-2@group-523986131536-SegmentedRaftLogWorker] INFO  segmented.SegmentedRaftLogWorker (SegmentedRaftLogWorker.java:execute(591)) - omNode-2@group-523986131536-SegmentedRaftLogWorker: Rolled log segment from /home/runner/work/ozone/ozone/hadoop-ozone/integration-test/target/test-dir/MiniOzoneClusterImpl-faebf4ee-6c4b-485b-8d19-aa685ee0d5ee/omNode-2/ratis/c9bc4cf4-3bc3-3c60-a66b-523986131536/current/log_inprogress_0 to /home/runner/work/ozone/ozone/hadoop-ozone/integration-test/target/test-dir/MiniOzoneClusterImpl-faebf4ee-6c4b-485b-8d19-aa685ee0d5ee/omNode-2/ratis/c9bc4cf4-3bc3-3c60-a66b-523986131536/current/log_0-52
2024-02-27 07:47:53,573 [omNode-2-OMStateMachineApplyTransactionThread - 0] INFO  om.OzoneManagerPrepareState (OzoneManagerPrepareState.java:writePrepareMarkerFile(262)) - Prepare marker file written with log index 51 to file /home/runner/work/ozone/ozone/hadoop-ozone/integration-test/target/test-dir/MiniOzoneClusterImpl-faebf4ee-6c4b-485b-8d19-aa685ee0d5ee/omNode-2/current/prepareMarker
2024-02-27 07:47:53,573 [omNode-2-OMStateMachineApplyTransactionThread - 0] INFO  upgrade.OMPrepareRequest (OMPrepareRequest.java:validateAndUpdateCache(122)) - OM omNode-2 prepared at log index 51. Returning response txnID: 51
 with log index 51
2024-02-27 07:48:37,990 [0b055c95-c6cb-4c32-92a9-22069dc0a51e-BlockDeletingService#0] INFO  interfaces.ContainerDeletionChoosingPolicyTemplate (ContainerDeletionChoosingPolicyTemplate.java:chooseContainerForBlockDeletion(85)) - Chosen 0/5000 blocks from 0 candidate containers.
2024-02-27 07:48:38,125 [b25ec414-9acd-4350-8ffe-2659fbf5f78f-BlockDeletingService#0] INFO  interfaces.ContainerDeletionChoosingPolicyTemplate (ContainerDeletionChoosingPolicyTemplate.java:chooseContainerForBlockDeletion(85)) - Chosen 0/5000 blocks from 0 candidate containers.
2024-02-27 07:48:38,215 [2b7fc6a0-bf04-48ac-bcd5-1387629fb818-BlockDeletingService#0] INFO  interfaces.ContainerDeletionChoosingPolicyTemplate (ContainerDeletionChoosingPolicyTemplate.java:chooseContainerForBlockDeletion(85)) - Chosen 0/5000 blocks from 0 candidate containers.
2024-02-27 07:49:37,992 [0b055c95-c6cb-4c32-92a9-22069dc0a51e-BlockDeletingService#1] INFO  interfaces.ContainerDeletionChoosingPolicyTemplate (ContainerDeletionChoosingPolicyTemplate.java:chooseContainerForBlockDeletion(85)) - Chosen 0/5000 blocks from 0 candidate containers.
2024-02-27 07:49:38,125 [b25ec414-9acd-4350-8ffe-2659fbf5f78f-BlockDeletingService#1] INFO  interfaces.ContainerDeletionChoosingPolicyTemplate (ContainerDeletionChoosingPolicyTemplate.java:chooseContainerForBlockDeletion(85)) - Chosen 0/5000 blocks from 0 candidate containers.
2024-02-27 07:49:38,215 [2b7fc6a0-bf04-48ac-bcd5-1387629fb818-BlockDeletingService#1] INFO  interfaces.ContainerDeletionChoosingPolicyTemplate (ContainerDeletionChoosingPolicyTemplate.java:chooseContainerForBlockDeletion(85)) - Chosen 0/5000 blocks from 0 candidate containers.
2024-02-27 07:49:48,555 [omNode-1-OMStateMachineApplyTransactionThread - 0] ERROR upgrade.OMPrepareRequest (OMPrepareRequest.java:validateAndUpdateCache(133)) - Prepare Request Apply failed in omNode-1. 
java.io.IOException: After waiting for 120 seconds, Ratis state machine applied index 50 which is less than the minimum required index 52.
	at org.apache.hadoop.ozone.om.request.upgrade.OMPrepareRequest.waitForLogIndex(OMPrepareRequest.java:216)
	at org.apache.hadoop.ozone.om.request.upgrade.OMPrepareRequest.validateAndUpdateCache(OMPrepareRequest.java:112)
	at org.apache.hadoop.ozone.protocolPB.OzoneManagerRequestHandler.lambda$0(OzoneManagerRequestHandler.java:403)
	at org.apache.hadoop.util.MetricUtil.captureLatencyNs(MetricUtil.java:45)
	at org.apache.hadoop.ozone.protocolPB.OzoneManagerRequestHandler.handleWriteRequest(OzoneManagerRequestHandler.java:399)
	at org.apache.hadoop.ozone.om.ratis.OzoneManagerStateMachine.runCommand(OzoneManagerStateMachine.java:527)
	at org.apache.hadoop.ozone.om.ratis.OzoneManagerStateMachine.lambda$1(OzoneManagerStateMachine.java:345)
	at java.util.concurrent.CompletableFuture$AsyncSupply.run(CompletableFuture.java:1604)
	at java.util.concurrent.ThreadPoolExecutor.runWorker(ThreadPoolExecutor.java:1149)
	at java.util.concurrent.ThreadPoolExecutor$Worker.run(ThreadPoolExecutor.java:624)
	at java.lang.Thread.run(Thread.java:750)
2024-02-27 07:49:48,556 [omNode-1@group-523986131536-StateMachineUpdater] INFO  ratis.OzoneManagerStateMachine (OzoneManagerStateMachine.java:takeSnapshotImpl(469)) -  applied = (t:1, i:51)
2024-02-27 07:49:48,556 [omNode-1@group-523986131536-StateMachineUpdater] INFO  ratis.OzoneManagerStateMachine (OzoneManagerStateMachine.java:takeSnapshotImpl(470)) -  skipped = 49
2024-02-27 07:49:48,556 [omNode-1@group-523986131536-StateMachineUpdater] INFO  ratis.OzoneManagerStateMachine (OzoneManagerStateMachine.java:takeSnapshotImpl(471)) - notified = (t:1, i:50)
2024-02-27 07:49:48,556 [omNode-1@group-523986131536-StateMachineUpdater] INFO  ratis.OzoneManagerStateMachine (OzoneManagerStateMachine.java:takeSnapshotImpl(472)) - snapshot = (t:1, i:51)
2024-02-27 07:49:48,556 [main] INFO  om.OzoneManager (OzoneManager.java:stop(2203)) - omNode-3[localhost:15184]: Stopping Ozone Manager
2024-02-27 07:49:48,557 [main] INFO  ipc.Server (Server.java:stop(3523)) - Stopping server on 15184
2024-02-27 07:49:48,559 [IPC Server Responder] INFO  ipc.Server (Server.java:run(1567)) - Stopping IPC Server Responder
2024-02-27 07:49:48,559 [main] INFO  ratis.OzoneManagerRatisServer (OzoneManagerRatisServer.java:stop(594)) - Stopping org.apache.hadoop.ozone.om.ratis.OzoneManagerRatisServer@980a73d at port 15187
2024-02-27 07:49:48,560 [IPC Server listener on 15184] INFO  ipc.Server (Server.java:run(1434)) - Stopping IPC Server listener on 15184
2024-02-27 07:49:48,560 [main] INFO  server.RaftServer (RaftServerProxy.java:lambda$close$9(416)) - omNode-3: close
2024-02-27 07:49:48,561 [main] INFO  server.GrpcService (GrpcService.java:closeImpl(311)) - omNode-3: shutdown server GrpcServerProtocolService now
2024-02-27 07:49:48,561 [omNode-3-impl-thread2] INFO  server.RaftServer$Division (RaftServerImpl.java:lambda$close$3(526)) - omNode-3@group-523986131536: shutdown
2024-02-27 07:49:48,561 [omNode-3-impl-thread2] INFO  util.JmxRegister (JmxRegister.java:unregister(73)) - Successfully un-registered JMX Bean with object name Ratis:service=RaftServer,group=group-523986131536,id=omNode-3
2024-02-27 07:49:48,561 [omNode-3-impl-thread2] INFO  impl.RoleInfo (RoleInfo.java:shutdownFollowerState(110)) - omNode-3: shutdown omNode-3@group-523986131536-FollowerState
2024-02-27 07:49:48,561 [omNode-3@group-523986131536-StateMachineUpdater] INFO  ratis.OzoneManagerStateMachine (OzoneManagerStateMachine.java:takeSnapshotImpl(469)) -  applied = (t:1, i:51)
2024-02-27 07:49:48,561 [omNode-3@group-523986131536-StateMachineUpdater] INFO  ratis.OzoneManagerStateMachine (OzoneManagerStateMachine.java:takeSnapshotImpl(470)) -  skipped = 51
2024-02-27 07:49:48,561 [omNode-3@group-523986131536-StateMachineUpdater] INFO  ratis.OzoneManagerStateMachine (OzoneManagerStateMachine.java:takeSnapshotImpl(471)) - notified = (t:1, i:52)
2024-02-27 07:49:48,561 [omNode-3@group-523986131536-StateMachineUpdater] INFO  ratis.OzoneManagerStateMachine (OzoneManagerStateMachine.java:takeSnapshotImpl(472)) - snapshot = (t:1, i:52)
2024-02-27 07:49:48,561 [grpc-default-executor-5] WARN  server.GrpcServerProtocolService (LogUtils.java:warn(121)) - omNode-3: APPEND_ENTRIES onError, lastRequest: null: org.apache.ratis.thirdparty.io.grpc.StatusRuntimeException: CANCELLED: client cancelled
2024-02-27 07:49:48,562 [omNode-3-impl-thread2] INFO  impl.StateMachineUpdater (StateMachineUpdater.java:stopAndJoin(157)) - omNode-3@group-523986131536-StateMachineUpdater: set stopIndex = 52
2024-02-27 07:49:48,563 [omNode-3@group-523986131536-FollowerState] INFO  impl.FollowerState (FollowerState.java:run(152)) - omNode-3@group-523986131536-FollowerState was interrupted
2024-02-27 07:49:48,564 [grpc-default-executor-8] WARN  server.GrpcLogAppender (LogUtils.java:warn(121)) - omNode-1@group-523986131536->omNode-3-AppendLogResponseHandler: Failed appendEntries: org.apache.ratis.thirdparty.io.grpc.StatusRuntimeException: CANCELLED: RST_STREAM closed stream. HTTP/2 error code: CANCEL
2024-02-27 07:49:48,564 [grpc-default-executor-8] WARN  server.GrpcLogAppender (GrpcLogAppender.java:lambda$resetClient$1(217)) - omNode-1@group-523986131536->omNode-3-GrpcLogAppender: Follower failed (request=null, errorCount=1); keep nextIndex (53) unchanged and retry.
2024-02-27 07:49:48,564 [grpc-default-executor-9] WARN  server.GrpcServerProtocolService (LogUtils.java:warn(121)) - omNode-3: APPEND_ENTRIES onError, lastRequest: omNode-1->omNode-3#155-t1,previous=(t:1, i:51),leaderCommit=51,initializing? false,entries: size=1, first=(t:1, i:52), METADATAENTRY(c:51): org.apache.ratis.thirdparty.io.grpc.StatusRuntimeException: CANCELLED: client cancelled
2024-02-27 07:49:48,564 [main] INFO  server.GrpcService (GrpcService.java:closeImpl(320)) - omNode-3: shutdown server GrpcServerProtocolService successfully
2024-02-27 07:49:48,571 [omNode-3@group-523986131536-StateMachineUpdater] INFO  impl.StateMachineUpdater (StateMachineUpdater.java:takeSnapshot(295)) - omNode-3@group-523986131536-StateMachineUpdater: Took a snapshot at index 52
2024-02-27 07:49:48,572 [omNode-3@group-523986131536-StateMachineUpdater] INFO  impl.StateMachineUpdater (StateMachineUpdater.java:lambda$new$0(98)) - omNode-3@group-523986131536-StateMachineUpdater: snapshotIndex: updateIncreasingly 50 -> 52
2024-02-27 07:49:48,572 [omNode-3@group-523986131536-StateMachineUpdater] INFO  ratis.OzoneManagerStateMachine (OzoneManagerStateMachine.java:close(515)) - Stopping OzoneManagerStateMachine:omNode-3:group-523986131536.
2024-02-27 07:49:48,572 [omNode-3@group-523986131536-StateMachineUpdater] INFO  ratis.OzoneManagerDoubleBuffer (OzoneManagerDoubleBuffer.java:stopDaemon(514)) - Stopping OMDoubleBuffer flush thread
2024-02-27 07:49:48,572 [omNode-3-OMDoubleBufferFlushThread] INFO  ratis.OzoneManagerDoubleBuffer (OzoneManagerDoubleBuffer.java:canFlush(578)) - OMDoubleBuffer flush thread omNode-3-OMDoubleBufferFlushThread is interrupted and will exit.
2024-02-27 07:49:48,573 [omNode-3-impl-thread2] INFO  server.RaftServer$Division (ServerState.java:close(427)) - omNode-3@group-523986131536: applyIndex: 51
2024-02-27 07:49:48,573 [omNode-3@group-523986131536-cacheEviction-AwaitToRun] INFO  util.AwaitToRun (AwaitToRun.java:run(49)) - omNode-3@group-523986131536-cacheEviction-AwaitToRun-AwaitForSignal is interrupted
2024-02-27 07:49:48,578 [omNode-3-impl-thread2] INFO  segmented.SegmentedRaftLogWorker (SegmentedRaftLogWorker.java:close(245)) - omNode-3@group-523986131536-SegmentedRaftLogWorker close()
2024-02-27 07:49:48,579 [JvmPauseMonitor52] INFO  util.JvmPauseMonitor (JvmPauseMonitor.java:run(152)) - JvmPauseMonitor-omNode-3: Stopped
2024-02-27 07:49:48,580 [main] INFO  utils.BackgroundService (BackgroundService.java:shutdown(160)) - Shutting down service KeyDeletingService
2024-02-27 07:49:48,580 [main] INFO  utils.BackgroundService (BackgroundService.java:shutdown(160)) - Shutting down service DirectoryDeletingService
2024-02-27 07:49:48,580 [main] INFO  utils.BackgroundService (BackgroundService.java:shutdown(160)) - Shutting down service OpenKeyCleanupService
2024-02-27 07:49:48,580 [main] INFO  utils.BackgroundService (BackgroundService.java:shutdown(160)) - Shutting down service SstFilteringService
2024-02-27 07:49:48,580 [main] INFO  utils.BackgroundService (BackgroundService.java:shutdown(160)) - Shutting down service SnapshotDeletingService
2024-02-27 07:49:48,581 [main] INFO  utils.BackgroundService (BackgroundService.java:shutdown(160)) - Shutting down service MultipartUploadCleanupService
2024-02-27 07:49:48,581 [main] INFO  utils.BackgroundService (BackgroundService.java:shutdown(160)) - Shutting down service SnapshotDirectoryCleaningService
2024-02-27 07:49:48,582 [main] INFO  handler.ContextHandler (ContextHandler.java:doStop(1159)) - Stopped o.e.j.w.WebAppContext@1ce6136e{ozoneManager,/,null,STOPPED}{file:/home/runner/work/ozone/ozone/hadoop-ozone/integration-test/target/test-classes/webapps/ozoneManager}
2024-02-27 07:49:48,582 [main] INFO  server.AbstractConnector (AbstractConnector.java:doStop(383)) - Stopped ServerConnector@73aa0c12{HTTP/1.1, (http/1.1)}{0.0.0.0:15185}
2024-02-27 07:49:48,583 [main] INFO  server.session (HouseKeeper.java:stopScavenging(149)) - node0 Stopped scavenging
2024-02-27 07:49:48,583 [main] INFO  handler.ContextHandler (ContextHandler.java:doStop(1159)) - Stopped o.e.j.s.ServletContextHandler@79c704f5{static,/static,file:///home/runner/work/ozone/ozone/hadoop-ozone/integration-test/target/test-classes/webapps/static,STOPPED}
2024-02-27 07:49:48,583 [main] INFO  handler.ContextHandler (ContextHandler.java:doStop(1159)) - Stopped o.e.j.s.ServletContextHandler@bdcd43f{logs,/logs,file:///home/runner/work/ozone/ozone/hadoop-ozone/integration-test/target/log,STOPPED}
2024-02-27 07:49:48,584 [main] INFO  rocksdiff.RocksDBCheckpointDiffer (RocksDBCheckpointDiffer.java:close(310)) - Shutting down CompactionDagPruningService.
2024-02-27 07:49:48,584 [omNode-1@group-523986131536-StateMachineUpdater] INFO  impl.StateMachineUpdater (StateMachineUpdater.java:takeSnapshot(295)) - omNode-1@group-523986131536-StateMachineUpdater: Took a snapshot at index 51
2024-02-27 07:49:48,584 [omNode-1@group-523986131536-StateMachineUpdater] INFO  impl.StateMachineUpdater (StateMachineUpdater.java:lambda$new$0(98)) - omNode-1@group-523986131536-StateMachineUpdater: snapshotIndex: updateIncreasingly -1 -> 51
2024-02-27 07:49:48,584 [omNode-1@group-523986131536-StateMachineUpdater] INFO  raftlog.RaftLog (RaftLogBase.java:purge(330)) - omNode-1@group-523986131536-SegmentedRaftLog: purge 51
2024-02-27 07:49:48,584 [omNode-1@group-523986131536-StateMachineUpdater] INFO  raftlog.RaftLog (RaftLogBase.java:lambda$new$0(54)) - omNode-1@group-523986131536-SegmentedRaftLog: snapshotIndex: updateIncreasingly -1 -> 51
2024-02-27 07:49:48,584 [omNode-1@group-523986131536-StateMachineUpdater] INFO  raftlog.RaftLog (RaftLogBase.java:lambda$new$0(54)) - omNode-1@group-523986131536-SegmentedRaftLog: purgeIndex: updateToMax old=-1, new=51, updated? true
2024-02-27 07:49:48,585 [main] INFO  snapshot.SnapshotDiffManager (SnapshotDiffManager.java:closeExecutorService(1657)) - Shutting down executorService: 'SnapDiffExecutor'
2024-02-27 07:49:48,585 [main] INFO  utils.BackgroundService (BackgroundService.java:shutdown(160)) - Shutting down service SnapshotDiffCleanupService
2024-02-27 07:49:48,586 [main] INFO  om.OzoneManager (OzoneManager.java:stop(2203)) - omNode-1[localhost:15176]: Stopping Ozone Manager
2024-02-27 07:49:48,586 [main] INFO  ipc.Server (Server.java:stop(3523)) - Stopping server on 15176
2024-02-27 07:49:48,589 [IPC Server listener on 15176] INFO  ipc.Server (Server.java:run(1434)) - Stopping IPC Server listener on 15176
2024-02-27 07:49:48,589 [IPC Server Responder] INFO  ipc.Server (Server.java:run(1567)) - Stopping IPC Server Responder
2024-02-27 07:49:48,589 [main] INFO  ratis.OzoneManagerRatisServer (OzoneManagerRatisServer.java:stop(594)) - Stopping org.apache.hadoop.ozone.om.ratis.OzoneManagerRatisServer@435d2cfe at port 15179
2024-02-27 07:49:48,589 [main] INFO  server.RaftServer (RaftServerProxy.java:lambda$close$9(416)) - omNode-1: close
2024-02-27 07:49:48,589 [main] INFO  server.GrpcService (GrpcService.java:closeImpl(311)) - omNode-1: shutdown server GrpcServerProtocolService now
2024-02-27 07:49:48,589 [omNode-1-impl-thread2] INFO  server.RaftServer$Division (RaftServerImpl.java:lambda$close$3(526)) - omNode-1@group-523986131536: shutdown
2024-02-27 07:49:48,590 [omNode-1-impl-thread2] INFO  util.JmxRegister (JmxRegister.java:unregister(73)) - Successfully un-registered JMX Bean with object name Ratis:service=RaftServer,group=group-523986131536,id=omNode-1
2024-02-27 07:49:48,590 [omNode-1-impl-thread2] INFO  impl.RoleInfo (RoleInfo.java:shutdownLeaderState(94)) - omNode-1: shutdown omNode-1@group-523986131536-LeaderStateImpl
2024-02-27 07:49:48,595 [omNode-1@group-523986131536->omNode-2-GrpcLogAppender-LogAppenderDaemon] WARN  server.GrpcLogAppender (GrpcLogAppender.java:mayWait(289)) - omNode-1@group-523986131536->omNode-2-GrpcLogAppender: Wait interrupted by java.lang.InterruptedException
2024-02-27 07:49:48,595 [omNode-1-impl-thread2] INFO  impl.PendingRequests (PendingRequests.java:sendNotLeaderResponses(289)) - omNode-1@group-523986131536-PendingRequests: sendNotLeaderResponses
2024-02-27 07:49:48,595 [Thread-8758] INFO  server.GrpcServerProtocolClient (GrpcServerProtocolClient.java:close(103)) - omNode-3 Close channels
2024-02-27 07:49:48,595 [omNode-1@group-523986131536->omNode-3-GrpcLogAppender-LogAppenderDaemon] WARN  server.GrpcLogAppender (GrpcLogAppender.java:mayWait(289)) - omNode-1@group-523986131536->omNode-3-GrpcLogAppender: Wait interrupted by java.lang.InterruptedException
2024-02-27 07:49:48,595 [grpc-default-executor-9] INFO  server.GrpcServerProtocolService (GrpcServerProtocolService.java:onCompleted(157)) - omNode-2: Completed APPEND_ENTRIES, lastRequest: null
2024-02-27 07:49:48,599 [Thread-8760] INFO  server.GrpcServerProtocolClient (GrpcServerProtocolClient.java:close(103)) - omNode-2 Close channels
2024-02-27 07:49:48,598 [omNode-1@group-523986131536-StateMachineUpdater] INFO  ratis.OzoneManagerStateMachine (OzoneManagerStateMachine.java:takeSnapshotImpl(469)) -  applied = (t:1, i:51)
2024-02-27 07:49:48,599 [omNode-1@group-523986131536-StateMachineUpdater] INFO  ratis.OzoneManagerStateMachine (OzoneManagerStateMachine.java:takeSnapshotImpl(470)) -  skipped = 51
2024-02-27 07:49:48,599 [grpc-default-executor-9] INFO  server.GrpcServerProtocolService (GrpcServerProtocolService.java:lambda$onCompleted$5(159)) - omNode-2: Completed APPEND_ENTRIES, lastReply: serverReply {
  requestorId: "omNode-1"
  replyId: "omNode-2"
  raftGroupId {
    id: "\311\274L\364;\303<`\246kR9\206\023\0256"
  }
  callId: 384
  success: true
}
term: 1
nextIndex: 53
followerCommit: 52
matchIndex: 18446744073709551615
isHearbeat: true

2024-02-27 07:49:48,598 [omNode-1-impl-thread2] INFO  impl.StateMachineUpdater (StateMachineUpdater.java:stopAndJoin(157)) - omNode-1@group-523986131536-StateMachineUpdater: set stopIndex = 52
2024-02-27 07:49:48,595 [grpc-default-executor-4] INFO  server.GrpcServerProtocolService (GrpcServerProtocolService.java:onCompleted(157)) - omNode-2: Completed APPEND_ENTRIES, lastRequest: omNode-1->omNode-2#143-t1,previous=(t:1, i:51),leaderCommit=51,initializing? false,entries: size=1, first=(t:1, i:52), METADATAENTRY(c:51)
2024-02-27 07:49:48,599 [omNode-1@group-523986131536-StateMachineUpdater] INFO  ratis.OzoneManagerStateMachine (OzoneManagerStateMachine.java:takeSnapshotImpl(471)) - notified = (t:1, i:52)
2024-02-27 07:49:48,599 [omNode-1@group-523986131536-StateMachineUpdater] INFO  ratis.OzoneManagerStateMachine (OzoneManagerStateMachine.java:takeSnapshotImpl(472)) - snapshot = (t:1, i:52)
2024-02-27 07:49:48,599 [grpc-default-executor-4] INFO  server.GrpcServerProtocolService (GrpcServerProtocolService.java:lambda$onCompleted$5(159)) - omNode-2: Completed APPEND_ENTRIES, lastReply: null
2024-02-27 07:49:48,599 [grpc-default-executor-8] INFO  server.GrpcLogAppender (GrpcLogAppender.java:onCompleted(546)) - omNode-1@group-523986131536->omNode-2-AppendLogResponseHandler: follower responses appendEntries COMPLETED
2024-02-27 07:49:48,599 [grpc-default-executor-9] INFO  server.GrpcLogAppender (GrpcLogAppender.java:onCompleted(546)) - omNode-1@group-523986131536->omNode-2-AppendLogResponseHandler: follower responses appendEntries COMPLETED
2024-02-27 07:49:48,600 [grpc-default-executor-8] WARN  server.GrpcLogAppender (GrpcLogAppender.java:resetClient(226)) - omNode-1@group-523986131536->omNode-2-GrpcLogAppender: Failed to getClient for omNode-2
org.apache.ratis.protocol.exceptions.AlreadyClosedException: omNode-1 is already CLOSED
	at org.apache.ratis.util.PeerProxyMap$PeerAndProxy.getProxy(PeerProxyMap.java:65)
	at org.apache.ratis.util.PeerProxyMap.getProxy(PeerProxyMap.java:114)
	at org.apache.ratis.grpc.server.GrpcLogAppender.getClient(GrpcLogAppender.java:196)
	at org.apache.ratis.grpc.server.GrpcLogAppender.resetClient(GrpcLogAppender.java:201)
	at org.apache.ratis.grpc.server.GrpcLogAppender.access$800(GrpcLogAppender.java:62)
	at org.apache.ratis.grpc.server.GrpcLogAppender$AppendLogResponseHandler.onCompleted(GrpcLogAppender.java:547)
	at org.apache.ratis.thirdparty.io.grpc.stub.ClientCalls$StreamObserverToCallListenerAdapter.onClose(ClientCalls.java:479)
	at org.apache.ratis.thirdparty.io.grpc.internal.DelayedClientCall$DelayedListener$3.run(DelayedClientCall.java:489)
	at org.apache.ratis.thirdparty.io.grpc.internal.DelayedClientCall$DelayedListener.delayOrExecute(DelayedClientCall.java:453)
	at org.apache.ratis.thirdparty.io.grpc.internal.DelayedClientCall$DelayedListener.onClose(DelayedClientCall.java:486)
	at org.apache.ratis.thirdparty.io.grpc.internal.ClientCallImpl.closeObserver(ClientCallImpl.java:567)
	at org.apache.ratis.thirdparty.io.grpc.internal.ClientCallImpl.access$300(ClientCallImpl.java:71)
	at org.apache.ratis.thirdparty.io.grpc.internal.ClientCallImpl$ClientStreamListenerImpl$1StreamClosed.runInternal(ClientCallImpl.java:735)
	at org.apache.ratis.thirdparty.io.grpc.internal.ClientCallImpl$ClientStreamListenerImpl$1StreamClosed.runInContext(ClientCallImpl.java:716)
	at org.apache.ratis.thirdparty.io.grpc.internal.ContextRunnable.run(ContextRunnable.java:37)
	at org.apache.ratis.thirdparty.io.grpc.internal.SerializingExecutor.run(SerializingExecutor.java:133)
	at java.util.concurrent.ThreadPoolExecutor.runWorker(ThreadPoolExecutor.java:1149)
	at java.util.concurrent.ThreadPoolExecutor$Worker.run(ThreadPoolExecutor.java:624)
	at java.lang.Thread.run(Thread.java:750)
2024-02-27 07:49:48,601 [main] INFO  server.GrpcService (GrpcService.java:closeImpl(320)) - omNode-1: shutdown server GrpcServerProtocolService successfully
2024-02-27 07:49:48,603 [omNode-1@group-523986131536-StateMachineUpdater] INFO  impl.StateMachineUpdater (StateMachineUpdater.java:takeSnapshot(295)) - omNode-1@group-523986131536-StateMachineUpdater: Took a snapshot at index 52
2024-02-27 07:49:48,604 [omNode-1@group-523986131536-StateMachineUpdater] INFO  impl.StateMachineUpdater (StateMachineUpdater.java:lambda$new$0(98)) - omNode-1@group-523986131536-StateMachineUpdater: snapshotIndex: updateIncreasingly 51 -> 52
2024-02-27 07:49:48,604 [omNode-1@group-523986131536-StateMachineUpdater] INFO  ratis.OzoneManagerStateMachine (OzoneManagerStateMachine.java:close(515)) - Stopping OzoneManagerStateMachine:omNode-1:group-523986131536.
2024-02-27 07:49:48,604 [omNode-1@group-523986131536-StateMachineUpdater] INFO  ratis.OzoneManagerDoubleBuffer (OzoneManagerDoubleBuffer.java:stopDaemon(514)) - Stopping OMDoubleBuffer flush thread
2024-02-27 07:49:48,600 [grpc-default-executor-9] WARN  server.GrpcLogAppender (GrpcLogAppender.java:resetClient(226)) - omNode-1@group-523986131536->omNode-2-GrpcLogAppender: Failed to getClient for omNode-2
org.apache.ratis.protocol.exceptions.AlreadyClosedException: omNode-1 is already CLOSED
	at org.apache.ratis.util.PeerProxyMap$PeerAndProxy.getProxy(PeerProxyMap.java:65)
	at org.apache.ratis.util.PeerProxyMap.getProxy(PeerProxyMap.java:114)
	at org.apache.ratis.grpc.server.GrpcLogAppender.getClient(GrpcLogAppender.java:196)
	at org.apache.ratis.grpc.server.GrpcLogAppender.resetClient(GrpcLogAppender.java:201)
	at org.apache.ratis.grpc.server.GrpcLogAppender.access$800(GrpcLogAppender.java:62)
	at org.apache.ratis.grpc.server.GrpcLogAppender$AppendLogResponseHandler.onCompleted(GrpcLogAppender.java:547)
	at org.apache.ratis.thirdparty.io.grpc.stub.ClientCalls$StreamObserverToCallListenerAdapter.onClose(ClientCalls.java:479)
	at org.apache.ratis.thirdparty.io.grpc.internal.ClientCallImpl.closeObserver(ClientCallImpl.java:567)
	at org.apache.ratis.thirdparty.io.grpc.internal.ClientCallImpl.access$300(ClientCallImpl.java:71)
	at org.apache.ratis.thirdparty.io.grpc.internal.ClientCallImpl$ClientStreamListenerImpl$1StreamClosed.runInternal(ClientCallImpl.java:735)
	at org.apache.ratis.thirdparty.io.grpc.internal.ClientCallImpl$ClientStreamListenerImpl$1StreamClosed.runInContext(ClientCallImpl.java:716)
	at org.apache.ratis.thirdparty.io.grpc.internal.ContextRunnable.run(ContextRunnable.java:37)
	at org.apache.ratis.thirdparty.io.grpc.internal.SerializingExecutor.run(SerializingExecutor.java:133)
	at java.util.concurrent.ThreadPoolExecutor.runWorker(ThreadPoolExecutor.java:1149)
	at java.util.concurrent.ThreadPoolExecutor$Worker.run(ThreadPoolExecutor.java:624)
	at java.lang.Thread.run(Thread.java:750)
2024-02-27 07:49:48,605 [omNode-1-OMDoubleBufferFlushThread] INFO  ratis.OzoneManagerDoubleBuffer (OzoneManagerDoubleBuffer.java:canFlush(578)) - OMDoubleBuffer flush thread omNode-1-OMDoubleBufferFlushThread is interrupted and will exit.
2024-02-27 07:49:48,608 [omNode-1-impl-thread2] INFO  server.RaftServer$Division (ServerState.java:close(427)) - omNode-1@group-523986131536: applyIndex: 51
2024-02-27 07:49:48,608 [omNode-1@group-523986131536-cacheEviction-AwaitToRun] INFO  util.AwaitToRun (AwaitToRun.java:run(49)) - omNode-1@group-523986131536-cacheEviction-AwaitToRun-AwaitForSignal is interrupted
2024-02-27 07:49:49,557 [omNode-1-impl-thread2] INFO  segmented.SegmentedRaftLogWorker (SegmentedRaftLogWorker.java:close(245)) - omNode-1@group-523986131536-SegmentedRaftLogWorker close()
2024-02-27 07:49:49,558 [JvmPauseMonitor50] INFO  util.JvmPauseMonitor (JvmPauseMonitor.java:run(152)) - JvmPauseMonitor-omNode-1: Stopped
2024-02-27 07:49:49,558 [main] INFO  utils.BackgroundService (BackgroundService.java:shutdown(160)) - Shutting down service KeyDeletingService
2024-02-27 07:49:49,559 [main] INFO  utils.BackgroundService (BackgroundService.java:shutdown(160)) - Shutting down service DirectoryDeletingService
2024-02-27 07:49:49,559 [main] INFO  utils.BackgroundService (BackgroundService.java:shutdown(160)) - Shutting down service OpenKeyCleanupService
2024-02-27 07:49:49,559 [main] INFO  utils.BackgroundService (BackgroundService.java:shutdown(160)) - Shutting down service SstFilteringService
2024-02-27 07:49:49,559 [main] INFO  utils.BackgroundService (BackgroundService.java:shutdown(160)) - Shutting down service SnapshotDeletingService
2024-02-27 07:49:49,560 [main] INFO  utils.BackgroundService (BackgroundService.java:shutdown(160)) - Shutting down service MultipartUploadCleanupService
2024-02-27 07:49:49,560 [main] INFO  utils.BackgroundService (BackgroundService.java:shutdown(160)) - Shutting down service SnapshotDirectoryCleaningService
2024-02-27 07:49:49,560 [main] INFO  handler.ContextHandler (ContextHandler.java:doStop(1159)) - Stopped o.e.j.w.WebAppContext@7afa26ab{ozoneManager,/,null,STOPPED}{file:/home/runner/work/ozone/ozone/hadoop-ozone/integration-test/target/test-classes/webapps/ozoneManager}
2024-02-27 07:49:49,561 [main] INFO  server.AbstractConnector (AbstractConnector.java:doStop(383)) - Stopped ServerConnector@20a14fcf{HTTP/1.1, (http/1.1)}{0.0.0.0:15177}
2024-02-27 07:49:49,561 [main] INFO  server.session (HouseKeeper.java:stopScavenging(149)) - node0 Stopped scavenging
2024-02-27 07:49:49,561 [main] INFO  handler.ContextHandler (ContextHandler.java:doStop(1159)) - Stopped o.e.j.s.ServletContextHandler@6f700e33{static,/static,file:///home/runner/work/ozone/ozone/hadoop-ozone/integration-test/target/test-classes/webapps/static,STOPPED}
2024-02-27 07:49:49,561 [main] INFO  handler.ContextHandler (ContextHandler.java:doStop(1159)) - Stopped o.e.j.s.ServletContextHandler@369f6bb2{logs,/logs,file:///home/runner/work/ozone/ozone/hadoop-ozone/integration-test/target/log,STOPPED}
2024-02-27 07:49:49,562 [main] INFO  rocksdiff.RocksDBCheckpointDiffer (RocksDBCheckpointDiffer.java:close(310)) - Shutting down CompactionDagPruningService.
2024-02-27 07:49:49,563 [main] INFO  snapshot.SnapshotDiffManager (SnapshotDiffManager.java:closeExecutorService(1657)) - Shutting down executorService: 'SnapDiffExecutor'
2024-02-27 07:49:49,563 [main] INFO  utils.BackgroundService (BackgroundService.java:shutdown(160)) - Shutting down service SnapshotDiffCleanupService
2024-02-27 07:49:49,565 [main] INFO  om.OzoneManager (OzoneManager.java:stop(2203)) - omNode-2[localhost:15180]: Stopping Ozone Manager
2024-02-27 07:49:49,565 [main] INFO  ipc.Server (Server.java:stop(3523)) - Stopping server on 15180
2024-02-27 07:49:49,566 [IPC Server listener on 15180] INFO  ipc.Server (Server.java:run(1434)) - Stopping IPC Server listener on 15180
2024-02-27 07:49:49,567 [IPC Server Responder] INFO  ipc.Server (Server.java:run(1567)) - Stopping IPC Server Responder
2024-02-27 07:49:49,567 [main] INFO  ratis.OzoneManagerRatisServer (OzoneManagerRatisServer.java:stop(594)) - Stopping org.apache.hadoop.ozone.om.ratis.OzoneManagerRatisServer@5e7c6239 at port 15183
2024-02-27 07:49:49,568 [main] INFO  server.RaftServer (RaftServerProxy.java:lambda$close$9(416)) - omNode-2: close
2024-02-27 07:49:49,568 [main] INFO  server.GrpcService (GrpcService.java:closeImpl(311)) - omNode-2: shutdown server GrpcServerProtocolService now
2024-02-27 07:49:49,568 [omNode-2-impl-thread2] INFO  server.RaftServer$Division (RaftServerImpl.java:lambda$close$3(526)) - omNode-2@group-523986131536: shutdown
2024-02-27 07:49:49,568 [omNode-2-impl-thread2] INFO  util.JmxRegister (JmxRegister.java:unregister(73)) - Successfully un-registered JMX Bean with object name Ratis:service=RaftServer,group=group-523986131536,id=omNode-2
2024-02-27 07:49:49,568 [omNode-2-impl-thread2] INFO  impl.RoleInfo (RoleInfo.java:shutdownFollowerState(110)) - omNode-2: shutdown omNode-2@group-523986131536-FollowerState
2024-02-27 07:49:49,569 [main] INFO  server.GrpcService (GrpcService.java:closeImpl(320)) - omNode-2: shutdown server GrpcServerProtocolService successfully
2024-02-27 07:49:49,569 [omNode-2@group-523986131536-FollowerState] INFO  impl.FollowerState (FollowerState.java:run(152)) - omNode-2@group-523986131536-FollowerState was interrupted
2024-02-27 07:49:49,569 [omNode-2-impl-thread2] INFO  impl.StateMachineUpdater (StateMachineUpdater.java:stopAndJoin(157)) - omNode-2@group-523986131536-StateMachineUpdater: set stopIndex = 52
2024-02-27 07:49:49,570 [omNode-2@group-523986131536-StateMachineUpdater] INFO  ratis.OzoneManagerStateMachine (OzoneManagerStateMachine.java:takeSnapshotImpl(469)) -  applied = (t:1, i:51)
2024-02-27 07:49:49,570 [omNode-2@group-523986131536-StateMachineUpdater] INFO  ratis.OzoneManagerStateMachine (OzoneManagerStateMachine.java:takeSnapshotImpl(470)) -  skipped = 51
2024-02-27 07:49:49,570 [omNode-2@group-523986131536-StateMachineUpdater] INFO  ratis.OzoneManagerStateMachine (OzoneManagerStateMachine.java:takeSnapshotImpl(471)) - notified = (t:1, i:52)
2024-02-27 07:49:49,570 [omNode-2@group-523986131536-StateMachineUpdater] INFO  ratis.OzoneManagerStateMachine (OzoneManagerStateMachine.java:takeSnapshotImpl(472)) - snapshot = (t:1, i:52)
2024-02-27 07:49:49,576 [omNode-2@group-523986131536-StateMachineUpdater] INFO  impl.StateMachineUpdater (StateMachineUpdater.java:takeSnapshot(295)) - omNode-2@group-523986131536-StateMachineUpdater: Took a snapshot at index 52
2024-02-27 07:49:49,576 [omNode-2@group-523986131536-StateMachineUpdater] INFO  impl.StateMachineUpdater (StateMachineUpdater.java:lambda$new$0(98)) - omNode-2@group-523986131536-StateMachineUpdater: snapshotIndex: updateIncreasingly 50 -> 52
2024-02-27 07:49:49,576 [omNode-2@group-523986131536-StateMachineUpdater] INFO  ratis.OzoneManagerStateMachine (OzoneManagerStateMachine.java:close(515)) - Stopping OzoneManagerStateMachine:omNode-2:group-523986131536.
2024-02-27 07:49:49,576 [omNode-2@group-523986131536-StateMachineUpdater] INFO  ratis.OzoneManagerDoubleBuffer (OzoneManagerDoubleBuffer.java:stopDaemon(514)) - Stopping OMDoubleBuffer flush thread
2024-02-27 07:49:49,576 [omNode-2-OMDoubleBufferFlushThread] INFO  ratis.OzoneManagerDoubleBuffer (OzoneManagerDoubleBuffer.java:canFlush(578)) - OMDoubleBuffer flush thread omNode-2-OMDoubleBufferFlushThread is interrupted and will exit.
2024-02-27 07:49:49,576 [omNode-2-impl-thread2] INFO  server.RaftServer$Division (ServerState.java:close(427)) - omNode-2@group-523986131536: applyIndex: 51
2024-02-27 07:49:49,576 [omNode-2@group-523986131536-cacheEviction-AwaitToRun] INFO  util.AwaitToRun (AwaitToRun.java:run(49)) - omNode-2@group-523986131536-cacheEviction-AwaitToRun-AwaitForSignal is interrupted
2024-02-27 07:49:49,580 [omNode-2-impl-thread2] INFO  segmented.SegmentedRaftLogWorker (SegmentedRaftLogWorker.java:close(245)) - omNode-2@group-523986131536-SegmentedRaftLogWorker close()
2024-02-27 07:49:49,580 [JvmPauseMonitor51] INFO  util.JvmPauseMonitor (JvmPauseMonitor.java:run(152)) - JvmPauseMonitor-omNode-2: Stopped
2024-02-27 07:49:49,581 [main] INFO  utils.BackgroundService (BackgroundService.java:shutdown(160)) - Shutting down service KeyDeletingService
2024-02-27 07:49:49,581 [main] INFO  utils.BackgroundService (BackgroundService.java:shutdown(160)) - Shutting down service DirectoryDeletingService
2024-02-27 07:49:49,581 [main] INFO  utils.BackgroundService (BackgroundService.java:shutdown(160)) - Shutting down service OpenKeyCleanupService
2024-02-27 07:49:49,581 [main] INFO  utils.BackgroundService (BackgroundService.java:shutdown(160)) - Shutting down service SstFilteringService
2024-02-27 07:49:49,581 [main] INFO  utils.BackgroundService (BackgroundService.java:shutdown(160)) - Shutting down service SnapshotDeletingService
2024-02-27 07:49:49,581 [main] INFO  utils.BackgroundService (BackgroundService.java:shutdown(160)) - Shutting down service MultipartUploadCleanupService
2024-02-27 07:49:49,581 [main] INFO  utils.BackgroundService (BackgroundService.java:shutdown(160)) - Shutting down service SnapshotDirectoryCleaningService
2024-02-27 07:49:49,582 [main] INFO  handler.ContextHandler (ContextHandler.java:doStop(1159)) - Stopped o.e.j.w.WebAppContext@1a64d779{ozoneManager,/,null,STOPPED}{file:/home/runner/work/ozone/ozone/hadoop-ozone/integration-test/target/test-classes/webapps/ozoneManager}
2024-02-27 07:49:49,582 [main] INFO  server.AbstractConnector (AbstractConnector.java:doStop(383)) - Stopped ServerConnector@7570c0f0{HTTP/1.1, (http/1.1)}{0.0.0.0:15181}
2024-02-27 07:49:49,583 [main] INFO  server.session (HouseKeeper.java:stopScavenging(149)) - node0 Stopped scavenging
2024-02-27 07:49:49,583 [main] INFO  handler.ContextHandler (ContextHandler.java:doStop(1159)) - Stopped o.e.j.s.ServletContextHandler@5ad622fb{static,/static,file:///home/runner/work/ozone/ozone/hadoop-ozone/integration-test/target/test-classes/webapps/static,STOPPED}
2024-02-27 07:49:49,583 [main] INFO  handler.ContextHandler (ContextHandler.java:doStop(1159)) - Stopped o.e.j.s.ServletContextHandler@4039590f{logs,/logs,file:///home/runner/work/ozone/ozone/hadoop-ozone/integration-test/target/log,STOPPED}
2024-02-27 07:49:49,583 [main] INFO  rocksdiff.RocksDBCheckpointDiffer (RocksDBCheckpointDiffer.java:close(310)) - Shutting down CompactionDagPruningService.
2024-02-27 07:49:49,584 [main] INFO  snapshot.SnapshotDiffManager (SnapshotDiffManager.java:closeExecutorService(1657)) - Shutting down executorService: 'SnapDiffExecutor'
2024-02-27 07:49:49,584 [main] INFO  utils.BackgroundService (BackgroundService.java:shutdown(160)) - Shutting down service SnapshotDiffCleanupService
2024-02-27 07:49:49,586 [main] INFO  om.OzoneManager (OzoneManager.java:restart(1710)) - OzoneManager RPC server is listening at localhost/127.0.0.1:15184
2024-02-27 07:49:49,586 [main] INFO  impl.MetricsSystemImpl (MetricsSystemImpl.java:init(158)) - OzoneManager metrics system started (again)
2024-02-27 07:49:49,594 [main] WARN  server.ServerUtils (ServerUtils.java:getDBPath(299)) - ozone.om.db.dirs is not configured. We recommend adding this setting. Falling back to ozone.metadata.dirs instead.
2024-02-27 07:49:49,594 [main] INFO  helpers.OmKeyInfo (OmKeyInfo.java:getCodec(71)) - OmKeyInfo.getCodec ignorePipeline = true
2024-02-27 07:49:49,633 [main] INFO  om.OzoneManager (OzoneManager.java:instantiateServices(804)) - S3 Multi-Tenancy is disabled
2024-02-27 07:49:49,634 [main] INFO  om.OmSnapshotManager (OmSnapshotManager.java:<init>(177)) - Ozone filesystem snapshot feature is enabled.
2024-02-27 07:49:49,634 [main] WARN  server.ServerUtils (ServerUtils.java:getDBPath(299)) - ozone.om.snapshot.diff.db.dir is not configured. We recommend adding this setting. Falling back to ozone.metadata.dirs instead.
2024-02-27 07:49:49,644 [main] INFO  utils.NativeLibraryLoader (NativeLibraryLoader.java:loadLibrary(108)) - Loading Library: ozone_rocksdb_tools
2024-02-27 07:49:49,645 [main] ERROR snapshot.SnapshotDiffManager (SnapshotDiffManager.java:initNativeLibraryForEfficientDiff(287)) - Native Library for raw sst file reading loading failed.
org.apache.hadoop.hdds.utils.NativeLibraryNotLoadedException: Unable to load library ozone_rocksdb_tools from both java.library.path & resource file libozone_rocksdb_tools.so from jar.
	at org.apache.hadoop.hdds.utils.db.managed.ManagedRawSSTFileReader.loadLibrary(ManagedRawSSTFileReader.java:38)
	at org.apache.hadoop.ozone.om.snapshot.SnapshotDiffManager.initNativeLibraryForEfficientDiff(SnapshotDiffManager.java:285)
	at org.apache.hadoop.ozone.om.snapshot.SnapshotDiffManager.<init>(SnapshotDiffManager.java:259)
	at org.apache.hadoop.ozone.om.OmSnapshotManager.<init>(OmSnapshotManager.java:279)
	at org.apache.hadoop.ozone.om.OzoneManager.instantiateServices(OzoneManager.java:856)
	at org.apache.hadoop.ozone.om.OzoneManager.restart(OzoneManager.java:1715)
	at org.apache.hadoop.ozone.MiniOzoneHAClusterImpl.restartOzoneManager(MiniOzoneHAClusterImpl.java:211)
	at org.apache.hadoop.ozone.om.TestOzoneManagerPrepare.resetCluster(TestOzoneManagerPrepare.java:113)
	at sun.reflect.NativeMethodAccessorImpl.invoke0(Native Method)
	at sun.reflect.NativeMethodAccessorImpl.invoke(NativeMethodAccessorImpl.java:62)
	at sun.reflect.DelegatingMethodAccessorImpl.invoke(DelegatingMethodAccessorImpl.java:43)
	at java.lang.reflect.Method.invoke(Method.java:498)
	at org.junit.platform.commons.util.ReflectionUtils.invokeMethod(ReflectionUtils.java:728)
	at org.junit.jupiter.engine.execution.MethodInvocation.proceed(MethodInvocation.java:60)
	at org.junit.jupiter.engine.execution.InvocationInterceptorChain$ValidatingInvocation.proceed(InvocationInterceptorChain.java:131)
	at org.junit.jupiter.engine.extension.TimeoutExtension.intercept(TimeoutExtension.java:156)
	at org.junit.jupiter.engine.extension.TimeoutExtension.interceptLifecycleMethod(TimeoutExtension.java:128)
	at org.junit.jupiter.engine.extension.TimeoutExtension.interceptAfterEachMethod(TimeoutExtension.java:110)
	at org.junit.jupiter.engine.execution.InterceptingExecutableInvoker$ReflectiveInterceptorCall.lambda$ofVoidMethod$0(InterceptingExecutableInvoker.java:103)
	at org.junit.jupiter.engine.execution.InterceptingExecutableInvoker.lambda$invoke$0(InterceptingExecutableInvoker.java:93)
	at org.junit.jupiter.engine.execution.InvocationInterceptorChain$InterceptedInvocation.proceed(InvocationInterceptorChain.java:106)
	at org.junit.jupiter.engine.execution.InvocationInterceptorChain.proceed(InvocationInterceptorChain.java:64)
	at org.junit.jupiter.engine.execution.InvocationInterceptorChain.chainAndInvoke(InvocationInterceptorChain.java:45)
	at org.junit.jupiter.engine.execution.InvocationInterceptorChain.invoke(InvocationInterceptorChain.java:37)
	at org.junit.jupiter.engine.execution.InterceptingExecutableInvoker.invoke(InterceptingExecutableInvoker.java:92)
	at org.junit.jupiter.engine.execution.InterceptingExecutableInvoker.invoke(InterceptingExecutableInvoker.java:86)
	at org.junit.jupiter.engine.descriptor.ClassBasedTestDescriptor.invokeMethodInExtensionContext(ClassBasedTestDescriptor.java:521)
	at org.junit.jupiter.engine.descriptor.ClassBasedTestDescriptor.lambda$synthesizeAfterEachMethodAdapter$24(ClassBasedTestDescriptor.java:511)
	at org.junit.jupiter.engine.descriptor.TestMethodTestDescriptor.lambda$invokeAfterEachMethods$10(TestMethodTestDescriptor.java:244)
	at org.junit.jupiter.engine.descriptor.TestMethodTestDescriptor.lambda$invokeAllAfterMethodsOrCallbacks$13(TestMethodTestDescriptor.java:277)
	at org.junit.platform.engine.support.hierarchical.ThrowableCollector.execute(ThrowableCollector.java:73)
	at org.junit.jupiter.engine.descriptor.TestMethodTestDescriptor.lambda$invokeAllAfterMethodsOrCallbacks$14(TestMethodTestDescriptor.java:277)
	at org.junit.platform.commons.util.CollectionUtils.forEachInReverseOrder(CollectionUtils.java:217)
	at org.junit.jupiter.engine.descriptor.TestMethodTestDescriptor.invokeAllAfterMethodsOrCallbacks(TestMethodTestDescriptor.java:276)
	at org.junit.jupiter.engine.descriptor.TestMethodTestDescriptor.invokeAfterEachMethods(TestMethodTestDescriptor.java:242)
	at org.junit.jupiter.engine.descriptor.TestMethodTestDescriptor.execute(TestMethodTestDescriptor.java:143)
	at org.junit.jupiter.engine.descriptor.TestMethodTestDescriptor.execute(TestMethodTestDescriptor.java:69)
	at org.junit.platform.engine.support.hierarchical.NodeTestTask.lambda$executeRecursively$6(NodeTestTask.java:151)
	at org.junit.platform.engine.support.hierarchical.ThrowableCollector.execute(ThrowableCollector.java:73)
	at org.junit.platform.engine.support.hierarchical.NodeTestTask.lambda$executeRecursively$8(NodeTestTask.java:141)
	at org.junit.platform.engine.support.hierarchical.Node.around(Node.java:137)
	at org.junit.platform.engine.support.hierarchical.NodeTestTask.lambda$executeRecursively$9(NodeTestTask.java:139)
	at org.junit.platform.engine.support.hierarchical.ThrowableCollector.execute(ThrowableCollector.java:73)
	at org.junit.platform.engine.support.hierarchical.NodeTestTask.executeRecursively(NodeTestTask.java:138)
	at org.junit.platform.engine.support.hierarchical.NodeTestTask.execute(NodeTestTask.java:95)
	at java.util.ArrayList.forEach(ArrayList.java:1259)
	at org.junit.platform.engine.support.hierarchical.SameThreadHierarchicalTestExecutorService.invokeAll(SameThreadHierarchicalTestExecutorService.java:41)
	at org.junit.platform.engine.support.hierarchical.NodeTestTask.lambda$executeRecursively$6(NodeTestTask.java:155)
	at org.junit.platform.engine.support.hierarchical.ThrowableCollector.execute(ThrowableCollector.java:73)
	at org.junit.platform.engine.support.hierarchical.NodeTestTask.lambda$executeRecursively$8(NodeTestTask.java:141)
	at org.junit.platform.engine.support.hierarchical.Node.around(Node.java:137)
	at org.junit.platform.engine.support.hierarchical.NodeTestTask.lambda$executeRecursively$9(NodeTestTask.java:139)
	at org.junit.platform.engine.support.hierarchical.ThrowableCollector.execute(ThrowableCollector.java:73)
	at org.junit.platform.engine.support.hierarchical.NodeTestTask.executeRecursively(NodeTestTask.java:138)
	at org.junit.platform.engine.support.hierarchical.NodeTestTask.execute(NodeTestTask.java:95)
	at java.util.ArrayList.forEach(ArrayList.java:1259)
	at org.junit.platform.engine.support.hierarchical.SameThreadHierarchicalTestExecutorService.invokeAll(SameThreadHierarchicalTestExecutorService.java:41)
	at org.junit.platform.engine.support.hierarchical.NodeTestTask.lambda$executeRecursively$6(NodeTestTask.java:155)
	at org.junit.platform.engine.support.hierarchical.ThrowableCollector.execute(ThrowableCollector.java:73)
	at org.junit.platform.engine.support.hierarchical.NodeTestTask.lambda$executeRecursively$8(NodeTestTask.java:141)
	at org.junit.platform.engine.support.hierarchical.Node.around(Node.java:137)
	at org.junit.platform.engine.support.hierarchical.NodeTestTask.lambda$executeRecursively$9(NodeTestTask.java:139)
	at org.junit.platform.engine.support.hierarchical.ThrowableCollector.execute(ThrowableCollector.java:73)
	at org.junit.platform.engine.support.hierarchical.NodeTestTask.executeRecursively(NodeTestTask.java:138)
	at org.junit.platform.engine.support.hierarchical.NodeTestTask.execute(NodeTestTask.java:95)
	at org.junit.platform.engine.support.hierarchical.SameThreadHierarchicalTestExecutorService.submit(SameThreadHierarchicalTestExecutorService.java:35)
	at org.junit.platform.engine.support.hierarchical.HierarchicalTestExecutor.execute(HierarchicalTestExecutor.java:57)
	at org.junit.platform.engine.support.hierarchical.HierarchicalTestEngine.execute(HierarchicalTestEngine.java:54)
	at org.junit.platform.launcher.core.EngineExecutionOrchestrator.execute(EngineExecutionOrchestrator.java:198)
	at org.junit.platform.launcher.core.EngineExecutionOrchestrator.execute(EngineExecutionOrchestrator.java:169)
	at org.junit.platform.launcher.core.EngineExecutionOrchestrator.execute(EngineExecutionOrchestrator.java:93)
	at org.junit.platform.launcher.core.EngineExecutionOrchestrator.lambda$execute$0(EngineExecutionOrchestrator.java:58)
	at org.junit.platform.launcher.core.EngineExecutionOrchestrator.withInterceptedStreams(EngineExecutionOrchestrator.java:141)
	at org.junit.platform.launcher.core.EngineExecutionOrchestrator.execute(EngineExecutionOrchestrator.java:57)
	at org.junit.platform.launcher.core.DefaultLauncher.execute(DefaultLauncher.java:103)
	at org.junit.platform.launcher.core.DefaultLauncher.execute(DefaultLauncher.java:85)
	at org.junit.platform.launcher.core.DelegatingLauncher.execute(DelegatingLauncher.java:47)
	at org.junit.platform.launcher.core.SessionPerRequestLauncher.execute(SessionPerRequestLauncher.java:63)
	at org.apache.maven.surefire.junitplatform.JUnitPlatformProvider.invokeAllTests(JUnitPlatformProvider.java:165)
	at org.apache.maven.surefire.junitplatform.JUnitPlatformProvider.invoke(JUnitPlatformProvider.java:124)
	at org.apache.maven.surefire.booter.ForkedBooter.runSuitesInProcess(ForkedBooter.java:428)
	at org.apache.maven.surefire.booter.ForkedBooter.execute(ForkedBooter.java:162)
	at org.apache.maven.surefire.booter.ForkedBooter.run(ForkedBooter.java:562)
	at org.apache.maven.surefire.booter.ForkedBooter.main(ForkedBooter.java:548)
2024-02-27 07:49:49,646 [main] WARN  om.OzoneManager (OzoneManager.java:instantiatePrepareStateOnStartup(4510)) - Prepare marker file index 52 does not match DB prepare index 51. Writing DB index to prepare file and maintaining prepared state.
2024-02-27 07:49:49,646 [main] INFO  om.OzoneManagerPrepareState (OzoneManagerPrepareState.java:writePrepareMarkerFile(262)) - Prepare marker file written with log index 51 to file /home/runner/work/ozone/ozone/hadoop-ozone/integration-test/target/test-dir/MiniOzoneClusterImpl-faebf4ee-6c4b-485b-8d19-aa685ee0d5ee/omNode-3/current/prepareMarker
2024-02-27 07:49:49,649 [main] WARN  server.ServerUtils (ServerUtils.java:getDefaultRatisDirectory(311)) - Storage directory for Ratis is not configured. It is a good idea to map this to an SSD disk. Falling back to ozone.metadata.dirs
2024-02-27 07:49:49,649 [main] INFO  ratis.OzoneManagerRatisServer (OzoneManagerRatisServer.java:<init>(167)) - Instantiating OM Ratis server with groupID: om-service-test1 and peers: localhost:15187, localhost:15179, localhost:15183
2024-02-27 07:49:49,650 [main] INFO  ratis.OzoneManagerStateMachine (OzoneManagerStateMachine.java:loadSnapshotInfoFromDB(574)) - LastAppliedIndex is set from TransactionInfo from OM DB as (t:1, i:52)
2024-02-27 07:49:49,650 [main] INFO  server.RaftServer (ConfUtils.java:logGet(46)) - raft.rpc.type = GRPC (default)
2024-02-27 07:49:49,650 [main] INFO  grpc.GrpcConfigKeys (ConfUtils.java:logFallback(53)) - raft.grpc.admin.host = null (fallback to raft.grpc.server.host)
2024-02-27 07:49:49,650 [main] INFO  grpc.GrpcConfigKeys (ConfUtils.java:logFallback(53)) - raft.grpc.admin.port = 15187 (fallback to raft.grpc.server.port)
2024-02-27 07:49:49,651 [main] INFO  grpc.GrpcConfigKeys (ConfUtils.java:logFallback(53)) - raft.grpc.client.host = null (fallback to raft.grpc.server.host)
2024-02-27 07:49:49,651 [main] INFO  grpc.GrpcConfigKeys (ConfUtils.java:logFallback(53)) - raft.grpc.client.port = 15187 (fallback to raft.grpc.server.port)
2024-02-27 07:49:49,651 [main] INFO  grpc.GrpcConfigKeys (ConfUtils.java:logGet(46)) - raft.grpc.server.host = null (default)
2024-02-27 07:49:49,651 [main] INFO  grpc.GrpcConfigKeys (ConfUtils.java:logGet(46)) - raft.grpc.server.port = 15187 (custom)
2024-02-27 07:49:49,651 [main] INFO  server.GrpcService (ConfUtils.java:logGet(46)) - raft.grpc.message.size.max = 4194304 (custom)
2024-02-27 07:49:49,651 [main] INFO  server.RaftServerConfigKeys (ConfUtils.java:logGet(46)) - raft.server.log.appender.buffer.byte-limit = 4194304 (custom)
2024-02-27 07:49:49,651 [main] INFO  server.GrpcService (ConfUtils.java:logGet(46)) - raft.grpc.flow.control.window = 1MB (=1048576) (default)
2024-02-27 07:49:49,651 [main] INFO  server.RaftServerConfigKeys (ConfUtils.java:logGet(46)) - raft.server.rpc.request.timeout = 3000ms (default)
2024-02-27 07:49:49,652 [main] INFO  grpc.GrpcConfigKeys (ConfUtils.java:logGet(46)) - raft.grpc.server.heartbeat.channel = true (default)
2024-02-27 07:49:49,652 [main] INFO  grpc.GrpcConfigKeys (ConfUtils.java:logGet(46)) - raft.grpc.server.async.request.thread.pool.cached = true (default)
2024-02-27 07:49:49,652 [main] INFO  grpc.GrpcConfigKeys (ConfUtils.java:logGet(46)) - raft.grpc.server.async.request.thread.pool.size = 32 (default)
2024-02-27 07:49:49,653 [main] INFO  impl.DataStreamServerImpl (ConfUtils.java:logGet(46)) - raft.datastream.type = DISABLED (default)
2024-02-27 07:49:49,653 [main] INFO  server.RaftServerConfigKeys (ConfUtils.java:logGet(46)) - raft.server.sleep.deviation.threshold = 300ms (default)
2024-02-27 07:49:49,653 [main] INFO  server.RaftServerConfigKeys (ConfUtils.java:logGet(46)) - raft.server.close.threshold = 60s (default)
2024-02-27 07:49:49,653 [main] INFO  server.RaftServerConfigKeys (ConfUtils.java:logGet(46)) - raft.server.leaderelection.leader.step-down.wait-time = 10s (default)
2024-02-27 07:49:49,653 [main] INFO  server.RaftServerConfigKeys (ConfUtils.java:logGet(46)) - raft.server.storage.dir = [/home/runner/work/ozone/ozone/hadoop-ozone/integration-test/target/test-dir/MiniOzoneClusterImpl-faebf4ee-6c4b-485b-8d19-aa685ee0d5ee/omNode-3/ratis] (custom)
2024-02-27 07:49:49,653 [main] INFO  server.RaftServerConfigKeys (ConfUtils.java:logGet(46)) - raft.server.threadpool.proxy.cached = true (default)
2024-02-27 07:49:49,653 [main] INFO  server.RaftServerConfigKeys (ConfUtils.java:logGet(46)) - raft.server.threadpool.proxy.size = 0 (default)
2024-02-27 07:49:49,654 [omNode-3-impl-thread1] INFO  server.RaftServer (RaftServerProxy.java:initGroupDir(264)) - omNode-3: found a subdirectory /home/runner/work/ozone/ozone/hadoop-ozone/integration-test/target/test-dir/MiniOzoneClusterImpl-faebf4ee-6c4b-485b-8d19-aa685ee0d5ee/omNode-3/ratis/c9bc4cf4-3bc3-3c60-a66b-523986131536
2024-02-27 07:49:49,654 [main] INFO  server.RaftServer (RaftServerProxy.java:addNew(100)) - omNode-3: addNew group-523986131536:[omNode-3|localhost:15187, omNode-1|localhost:15179, omNode-2|localhost:15183] returns group-523986131536:java.util.concurrent.CompletableFuture@6344afcd[Not completed]
2024-02-27 07:49:49,654 [main] INFO  om.OzoneManager (OzoneManager.java:initializeRatisServer(2140)) - OzoneManager Ratis server initialized at port 15187
2024-02-27 07:49:49,654 [main] INFO  ratis.OzoneManagerRatisServer (OzoneManagerRatisServer.java:start(588)) - Starting OzoneManagerRatisServer omNode-3 at port 15187
2024-02-27 07:49:49,654 [omNode-3-groupManagement] INFO  server.RaftServer$Division (RaftServerImpl.java:<init>(256)) - omNode-3: new RaftServerImpl for group-523986131536:[omNode-3|localhost:15187, omNode-1|localhost:15179, omNode-2|localhost:15183] with OzoneManagerStateMachine:uninitialized
2024-02-27 07:49:49,654 [omNode-3-groupManagement] INFO  server.RaftServerConfigKeys (ConfUtils.java:logGet(46)) - raft.server.rpc.timeout.min = 1s (custom)
2024-02-27 07:49:49,654 [omNode-3-groupManagement] INFO  server.RaftServerConfigKeys (ConfUtils.java:logGet(46)) - raft.server.rpc.timeout.max = 1200ms (custom)
2024-02-27 07:49:49,654 [omNode-3-groupManagement] INFO  server.RaftServerConfigKeys (ConfUtils.java:logGet(46)) - raft.server.rpc.sleep.time = 25ms (default)
2024-02-27 07:49:49,655 [omNode-3-groupManagement] INFO  server.RaftServerConfigKeys (ConfUtils.java:logGet(46)) - raft.server.rpc.slowness.timeout = 2s (custom)
2024-02-27 07:49:49,655 [omNode-3-groupManagement] INFO  server.RaftServerConfigKeys (ConfUtils.java:logGet(46)) - raft.server.leaderelection.leader.step-down.wait-time = 10s (default)
2024-02-27 07:49:49,655 [omNode-3-groupManagement] INFO  server.RaftServerConfigKeys (ConfUtils.java:logGet(46)) - raft.server.leaderelection.member.majority-add = false (default)
2024-02-27 07:49:49,655 [omNode-3-groupManagement] INFO  server.RaftServerConfigKeys (ConfUtils.java:logGet(46)) - raft.server.sleep.deviation.threshold = 300ms (default)
2024-02-27 07:49:49,655 [omNode-3-groupManagement] INFO  server.RaftServer$Division (ServerState.java:<init>(113)) - omNode-3@group-523986131536: ConfigurationManager, init=-1: peers:[omNode-3|localhost:15187, omNode-1|localhost:15179, omNode-2|localhost:15183]|listeners:[], old=null, confs=<EMPTY_MAP>
2024-02-27 07:49:49,655 [omNode-3-groupManagement] INFO  server.RaftServerConfigKeys (ConfUtils.java:logGet(46)) - raft.server.notification.no-leader.timeout = 2s (custom)
2024-02-27 07:49:49,655 [omNode-3-groupManagement] INFO  server.RaftServerConfigKeys (ConfUtils.java:logGet(46)) - raft.server.read.timeout = 10s (default)
2024-02-27 07:49:49,655 [omNode-3-groupManagement] INFO  server.RaftServerConfigKeys (ConfUtils.java:logGet(46)) - raft.server.retrycache.expirytime = 30000ms (custom)
2024-02-27 07:49:49,655 [omNode-3-groupManagement] INFO  server.RaftServerConfigKeys (ConfUtils.java:logGet(46)) - raft.server.retrycache.statistics.expirytime = 100ms (default)
2024-02-27 07:49:49,655 [omNode-3-groupManagement] INFO  server.RaftServerConfigKeys (ConfUtils.java:logGet(46)) - raft.server.read.option = DEFAULT (default)
2024-02-27 07:49:49,655 [omNode-3-groupManagement] INFO  server.RaftServerConfigKeys (ConfUtils.java:logGet(46)) - raft.server.read.read-after-write-consistent.write-index-cache.expiry-time = 60s (default)
2024-02-27 07:49:49,656 [omNode-3-groupManagement] INFO  server.RaftServerConfigKeys (ConfUtils.java:logGet(46)) - raft.server.rpc.request.timeout = 3000ms (default)
2024-02-27 07:49:49,656 [omNode-3-groupManagement] INFO  server.RaftServerConfigKeys (ConfUtils.java:logGet(46)) - raft.server.log.appender.install.snapshot.enabled = false (custom)
2024-02-27 07:49:49,656 [omNode-3-groupManagement] INFO  server.RaftServerConfigKeys (ConfUtils.java:logGet(46)) - raft.server.threadpool.server.cached = true (default)
2024-02-27 07:49:49,656 [omNode-3-groupManagement] INFO  server.RaftServerConfigKeys (ConfUtils.java:logGet(46)) - raft.server.threadpool.server.size = 0 (default)
2024-02-27 07:49:49,656 [omNode-3-groupManagement] INFO  server.RaftServerConfigKeys (ConfUtils.java:logGet(46)) - raft.server.threadpool.client.cached = true (default)
2024-02-27 07:49:49,656 [omNode-3-groupManagement] INFO  server.RaftServerConfigKeys (ConfUtils.java:logGet(46)) - raft.server.threadpool.client.size = 0 (default)
2024-02-27 07:49:49,656 [omNode-3-impl-thread1] INFO  server.RaftServerConfigKeys (ConfUtils.java:logGet(46)) - raft.server.storage.free-space.min = 0MB (=0) (default)
2024-02-27 07:49:49,656 [omNode-3-impl-thread1] INFO  server.RaftServerConfigKeys (ConfUtils.java:logGet(46)) - raft.server.log.corruption.policy = EXCEPTION (default)
2024-02-27 07:49:49,656 [omNode-3-impl-thread1] INFO  server.RaftServerConfigKeys (ConfUtils.java:logGet(46)) - raft.server.storage.dir = [/home/runner/work/ozone/ozone/hadoop-ozone/integration-test/target/test-dir/MiniOzoneClusterImpl-faebf4ee-6c4b-485b-8d19-aa685ee0d5ee/omNode-3/ratis] (custom)
2024-02-27 07:49:49,657 [omNode-3-impl-thread1] INFO  storage.RaftStorageDirectory (RaftStorageDirectoryImpl.java:tryLock(228)) - Lock on /home/runner/work/ozone/ozone/hadoop-ozone/integration-test/target/test-dir/MiniOzoneClusterImpl-faebf4ee-6c4b-485b-8d19-aa685ee0d5ee/omNode-3/ratis/c9bc4cf4-3bc3-3c60-a66b-523986131536/in_use.lock acquired by nodename 40924@fv-az699-61
2024-02-27 07:49:49,657 [omNode-3-impl-thread1] INFO  storage.RaftStorage (RaftStorageImpl.java:analyzeAndRecoverStorage(119)) - Read RaftStorageMetadata{term=1, votedFor=omNode-1} from /home/runner/work/ozone/ozone/hadoop-ozone/integration-test/target/test-dir/MiniOzoneClusterImpl-faebf4ee-6c4b-485b-8d19-aa685ee0d5ee/omNode-3/ratis/c9bc4cf4-3bc3-3c60-a66b-523986131536/current/raft-meta
2024-02-27 07:49:49,659 [omNode-3-impl-thread1] INFO  server.RaftServer$Division (ServerState.java:setRaftConf(386)) - omNode-3@group-523986131536: set configuration 0: peers:[omNode-3|localhost:15187, omNode-1|localhost:15179, omNode-2|localhost:15183]|listeners:[], old=null
2024-02-27 07:49:49,659 [omNode-3-impl-thread1] INFO  server.RaftServerConfigKeys (ConfUtils.java:logGet(46)) - raft.server.log.use.memory = false (default)
2024-02-27 07:49:49,659 [omNode-3-impl-thread1] INFO  server.RaftServerConfigKeys (ConfUtils.java:logGet(46)) - raft.server.log.purge.gap = 50 (custom)
2024-02-27 07:49:49,659 [omNode-3-impl-thread1] INFO  server.RaftServerConfigKeys (ConfUtils.java:logGet(46)) - raft.server.log.appender.buffer.byte-limit = 4194304 (custom)
2024-02-27 07:49:49,659 [omNode-3-impl-thread1] INFO  server.RaftServerConfigKeys (ConfUtils.java:logGet(46)) - raft.server.log.statemachine.data.read.timeout = 1000ms (default)
2024-02-27 07:49:49,659 [omNode-3-impl-thread1] INFO  server.RaftServerConfigKeys (ConfUtils.java:logGet(46)) - raft.server.log.purge.preservation.log.num = 0 (default)
2024-02-27 07:49:49,659 [omNode-3-impl-thread1] INFO  server.RaftServerConfigKeys (ConfUtils.java:logGet(46)) - raft.server.log.segment.size.max = 4194304 (custom)
2024-02-27 07:49:49,660 [omNode-3-impl-thread1] INFO  server.RaftServerConfigKeys (ConfUtils.java:logGet(46)) - raft.server.log.segment.cache.num.max = 2 (custom)
2024-02-27 07:49:49,660 [omNode-3-impl-thread1] INFO  server.RaftServerConfigKeys (ConfUtils.java:logGet(46)) - raft.server.log.segment.cache.size.max = 200MB (=209715200) (default)
2024-02-27 07:49:49,660 [omNode-3-impl-thread1] INFO  server.RaftServerConfigKeys (ConfUtils.java:logGet(46)) - raft.server.log.appender.buffer.byte-limit = 4194304 (custom)
2024-02-27 07:49:49,660 [omNode-3-impl-thread1] INFO  util.AwaitToRun (AwaitToRun.java:start(81)) - Thread[omNode-3@group-523986131536-cacheEviction-AwaitToRun,5,main] started
2024-02-27 07:49:49,660 [omNode-3-impl-thread1] INFO  segmented.SegmentedRaftLogWorker (SegmentedRaftLogWorker.java:<init>(182)) - new omNode-3@group-523986131536-SegmentedRaftLogWorker for RaftStorageImpl:Storage Directory /home/runner/work/ozone/ozone/hadoop-ozone/integration-test/target/test-dir/MiniOzoneClusterImpl-faebf4ee-6c4b-485b-8d19-aa685ee0d5ee/omNode-3/ratis/c9bc4cf4-3bc3-3c60-a66b-523986131536
2024-02-27 07:49:49,660 [omNode-3-impl-thread1] INFO  server.RaftServerConfigKeys (ConfUtils.java:logGet(46)) - raft.server.log.queue.byte-limit = 64MB (=67108864) (default)
2024-02-27 07:49:49,660 [omNode-3-impl-thread1] INFO  server.RaftServerConfigKeys (ConfUtils.java:logGet(46)) - raft.server.log.queue.element-limit = 4096 (default)
2024-02-27 07:49:49,660 [omNode-3-impl-thread1] INFO  server.RaftServerConfigKeys (ConfUtils.java:logGet(46)) - raft.server.log.segment.size.max = 4194304 (custom)
2024-02-27 07:49:49,660 [omNode-3-impl-thread1] INFO  server.RaftServerConfigKeys (ConfUtils.java:logGet(46)) - raft.server.log.preallocated.size = 4194304 (custom)
2024-02-27 07:49:49,660 [omNode-3-impl-thread1] INFO  server.RaftServerConfigKeys (ConfUtils.java:logGet(46)) - raft.server.log.force.sync.num = 128 (default)
2024-02-27 07:49:49,660 [omNode-3-impl-thread1] INFO  server.RaftServerConfigKeys (ConfUtils.java:logGet(46)) - raft.server.log.statemachine.data.sync = true (default)
2024-02-27 07:49:49,660 [omNode-3-impl-thread1] INFO  server.RaftServerConfigKeys (ConfUtils.java:logGet(46)) - raft.server.log.statemachine.data.sync.timeout = 10s (default)
2024-02-27 07:49:49,660 [omNode-3-impl-thread1] INFO  server.RaftServerConfigKeys (ConfUtils.java:logGet(46)) - raft.server.log.statemachine.data.sync.timeout.retry = -1 (default)
2024-02-27 07:49:49,660 [omNode-3-impl-thread1] INFO  server.RaftServerConfigKeys (ConfUtils.java:logGet(46)) - raft.server.log.write.buffer.size = 4194312 (custom)
2024-02-27 07:49:49,661 [omNode-3-impl-thread1] INFO  server.RaftServerConfigKeys (ConfUtils.java:logGet(46)) - raft.server.log.appender.buffer.byte-limit = 4194304 (custom)
2024-02-27 07:49:49,661 [omNode-3-impl-thread1] INFO  server.RaftServerConfigKeys (ConfUtils.java:logGet(46)) - raft.server.log.unsafe-flush.enabled = false (default)
2024-02-27 07:49:49,661 [omNode-3-impl-thread1] INFO  server.RaftServerConfigKeys (ConfUtils.java:logGet(46)) - raft.server.log.async-flush.enabled = false (default)
2024-02-27 07:49:49,661 [omNode-3-impl-thread1] INFO  server.RaftServerConfigKeys (ConfUtils.java:logGet(46)) - raft.server.log.statemachine.data.caching.enabled = false (default)
2024-02-27 07:49:49,661 [omNode-3-impl-thread1] INFO  segmented.SegmentedRaftLogWorker (SegmentedRaftLogWorker.java:lambda$new$0(134)) - omNode-3@group-523986131536-SegmentedRaftLogWorker: flushIndex: setUnconditionally 0 -> 52
2024-02-27 07:49:49,661 [omNode-3-impl-thread1] INFO  segmented.SegmentedRaftLogWorker (SegmentedRaftLogWorker.java:lambda$new$0(134)) - omNode-3@group-523986131536-SegmentedRaftLogWorker: safeCacheEvictIndex: setUnconditionally 0 -> -1
2024-02-27 07:49:49,662 [omNode-3-impl-thread1] INFO  server.RaftServer$Division (RaftServerImpl.java:start(396)) - omNode-3@group-523986131536: start as a follower, conf=0: peers:[omNode-3|localhost:15187, omNode-1|localhost:15179, omNode-2|localhost:15183]|listeners:[], old=null
2024-02-27 07:49:49,662 [omNode-3-impl-thread1] INFO  server.RaftServer$Division (RaftServerImpl.java:setRole(383)) - omNode-3@group-523986131536: changes role from      null to FOLLOWER at term 1 for startAsFollower
2024-02-27 07:49:49,662 [omNode-3-impl-thread1] INFO  impl.RoleInfo (RoleInfo.java:updateAndGet(139)) - omNode-3: start omNode-3@group-523986131536-FollowerState
2024-02-27 07:49:49,662 [omNode-3@group-523986131536-FollowerState] INFO  server.RaftServerConfigKeys (ConfUtils.java:logFallback(53)) - raft.server.rpc.first-election.timeout.min = 1s (fallback to raft.server.rpc.timeout.min)
2024-02-27 07:49:49,662 [omNode-3-impl-thread1] INFO  util.JmxRegister (JmxRegister.java:tryRegister(44)) - Successfully registered JMX Bean with object name Ratis:service=RaftServer,group=group-523986131536,id=omNode-3
2024-02-27 07:49:49,662 [omNode-3@group-523986131536-FollowerState] INFO  server.RaftServerConfigKeys (ConfUtils.java:logFallback(53)) - raft.server.rpc.first-election.timeout.max = 1200ms (fallback to raft.server.rpc.timeout.max)
2024-02-27 07:49:49,662 [omNode-3-impl-thread1] INFO  server.RaftServerConfigKeys (ConfUtils.java:logGet(46)) - raft.server.snapshot.trigger-when-stop.enabled = true (default)
2024-02-27 07:49:49,662 [omNode-3-impl-thread1] INFO  server.RaftServerConfigKeys (ConfUtils.java:logGet(46)) - raft.server.snapshot.auto.trigger.enabled = true (custom)
2024-02-27 07:49:49,662 [omNode-3-impl-thread1] INFO  server.RaftServerConfigKeys (ConfUtils.java:logGet(46)) - raft.server.snapshot.auto.trigger.threshold = 50 (custom)
2024-02-27 07:49:49,662 [omNode-3-impl-thread1] INFO  server.RaftServerConfigKeys (ConfUtils.java:logGet(46)) - raft.server.snapshot.retention.file.num = -1 (default)
2024-02-27 07:49:49,662 [omNode-3-impl-thread1] INFO  server.RaftServerConfigKeys (ConfUtils.java:logGet(46)) - raft.server.log.purge.upto.snapshot.index = true (custom)
2024-02-27 07:49:49,662 [main] INFO  server.RaftServer (RaftServerProxy.java:startImpl(406)) - omNode-3: start RPC server
2024-02-27 07:49:49,664 [main] INFO  server.GrpcService (GrpcService.java:startImpl(302)) - omNode-3: GrpcService started, listening on 15187
2024-02-27 07:49:49,664 [main] INFO  om.OzoneManager (OzoneManager.java:getRpcServer(1206)) - Creating RPC Server
2024-02-27 07:49:49,664 [JvmPauseMonitor56] INFO  util.JvmPauseMonitor (JvmPauseMonitor.java:run(146)) - JvmPauseMonitor-omNode-3: Started
2024-02-27 07:49:49,837 [main] INFO  ipc.CallQueueManager (CallQueueManager.java:<init>(90)) - Using callQueue: class java.util.concurrent.LinkedBlockingQueue, queueCapacity: 2000, scheduler: class org.apache.hadoop.ipc.DefaultRpcScheduler, ipcBackoff: false.
2024-02-27 07:49:49,837 [main] INFO  ipc.Server (Server.java:<init>(1287)) - Listener at localhost:15184
2024-02-27 07:49:49,838 [Socket Reader #1 for port 15184] INFO  ipc.Server (Server.java:run(1323)) - Starting Socket Reader #1 for port 15184
2024-02-27 07:49:49,840 [main] INFO  http.BaseHttpServer (BaseHttpServer.java:newHttpServer2BuilderForOzone(223)) - Starting Web-server for ozoneManager at: http://0.0.0.0:15185
2024-02-27 07:49:49,840 [main] INFO  http.BaseHttpServer (BaseHttpServer.java:<init>(110)) - Hadoop Security Enabled: false Ozone Security Enabled: false Ozone HTTP Security Enabled: false 
2024-02-27 07:49:49,841 [main] WARN  server.AuthenticationFilter (AuthenticationFilter.java:constructSecretProvider(240)) - Unable to initialize FileSignerSecretProvider, falling back to use random secrets. Reason: Could not read signature secret file: /home/runner/hadoop-http-auth-signature-secret
2024-02-27 07:49:49,841 [main] INFO  http.HttpRequestLog (HttpRequestLog.java:getRequestLog(86)) - Http request log for http.requests.ozoneManager is not defined
2024-02-27 07:49:49,842 [main] INFO  http.HttpServer2 (HttpServer2.java:addGlobalFilter(1036)) - Added global filter 'safety' (class=org.apache.hadoop.hdds.server.http.HttpServer2$QuotingInputFilter)
2024-02-27 07:49:49,842 [main] INFO  http.HttpServer2 (HttpServer2.java:addFilter(1012)) - Added filter static_user_filter (class=org.apache.hadoop.http.lib.StaticUserWebFilter$StaticUserFilter) to context ozoneManager
2024-02-27 07:49:49,842 [main] INFO  http.HttpServer2 (HttpServer2.java:addFilter(1020)) - Added filter static_user_filter (class=org.apache.hadoop.http.lib.StaticUserWebFilter$StaticUserFilter) to context logs
2024-02-27 07:49:49,843 [main] INFO  http.HttpServer2 (HttpServer2.java:addFilter(1020)) - Added filter static_user_filter (class=org.apache.hadoop.http.lib.StaticUserWebFilter$StaticUserFilter) to context static
2024-02-27 07:49:49,843 [main] INFO  http.BaseHttpServer (BaseHttpServer.java:<init>(189)) - HTTP server of ozoneManager uses base directory /home/runner/work/ozone/ozone/hadoop-ozone/integration-test/target/test-dir/MiniOzoneClusterImpl-faebf4ee-6c4b-485b-8d19-aa685ee0d5ee/omNode-3/webserver
2024-02-27 07:49:49,843 [main] INFO  http.HttpServer2 (HttpServer2.java:bindListener(1236)) - Jetty bound to port 15185
2024-02-27 07:49:49,843 [main] INFO  server.Server (Server.java:doStart(375)) - jetty-9.4.53.v20231009; built: 2023-10-09T12:29:09.265Z; git: 27bde00a0b95a1d5bbee0eae7984f891d2d0f8c9; jvm 1.8.0_402-b06
2024-02-27 07:49:49,844 [main] INFO  server.session (DefaultSessionIdManager.java:doStart(334)) - DefaultSessionIdManager workerName=node0
2024-02-27 07:49:49,844 [main] INFO  server.session (DefaultSessionIdManager.java:doStart(339)) - No SessionScavenger set, using defaults
2024-02-27 07:49:49,845 [main] INFO  server.session (HouseKeeper.java:startScavenging(132)) - node0 Scavenging every 600000ms
2024-02-27 07:49:49,845 [main] INFO  handler.ContextHandler (ContextHandler.java:doStart(921)) - Started o.e.j.s.ServletContextHandler@78080c68{logs,/logs,file:///home/runner/work/ozone/ozone/hadoop-ozone/integration-test/target/log,AVAILABLE}
2024-02-27 07:49:49,846 [main] INFO  handler.ContextHandler (ContextHandler.java:doStart(921)) - Started o.e.j.s.ServletContextHandler@561d0f60{static,/static,file:///home/runner/work/ozone/ozone/hadoop-ozone/integration-test/target/test-classes/webapps/static,AVAILABLE}
2024-02-27 07:49:49,847 [main] INFO  handler.ContextHandler (ContextHandler.java:doStart(921)) - Started o.e.j.w.WebAppContext@15dc799d{ozoneManager,/,file:///home/runner/work/ozone/ozone/hadoop-ozone/integration-test/target/test-classes/webapps/ozoneManager/,AVAILABLE}{file:/home/runner/work/ozone/ozone/hadoop-ozone/integration-test/target/test-classes/webapps/ozoneManager}
2024-02-27 07:49:49,848 [main] INFO  server.AbstractConnector (AbstractConnector.java:doStart(333)) - Started ServerConnector@514617cc{HTTP/1.1, (http/1.1)}{0.0.0.0:15185}
2024-02-27 07:49:49,848 [main] INFO  server.Server (Server.java:doStart(415)) - Started @672556ms
2024-02-27 07:49:49,848 [main] WARN  impl.MetricsSystemImpl (MetricsSystemImpl.java:register(279)) - Sink prometheus already exists!
2024-02-27 07:49:49,848 [main] INFO  http.BaseHttpServer (BaseHttpServer.java:updateConnectorAddress(354)) - HTTP server of ozoneManager listening at http://0.0.0.0:15185
2024-02-27 07:49:49,849 [IPC Server Responder] INFO  ipc.Server (Server.java:run(1562)) - IPC Server Responder: starting
2024-02-27 07:49:49,849 [IPC Server listener on 15184] INFO  ipc.Server (Server.java:run(1402)) - IPC Server listener on 15184: starting
2024-02-27 07:49:49,851 [main] INFO  om.OzoneManager (OzoneManager.java:startTrashEmptier(2093)) - Trash Interval set to 0. Files deleted won't move to trash
2024-02-27 07:49:49,852 [main] INFO  om.OzoneManager (OzoneManager.java:restart(1710)) - OzoneManager RPC server is listening at localhost/127.0.0.1:15176
2024-02-27 07:49:49,852 [main] INFO  impl.MetricsSystemImpl (MetricsSystemImpl.java:init(158)) - OzoneManager metrics system started (again)
2024-02-27 07:49:49,861 [main] WARN  server.ServerUtils (ServerUtils.java:getDBPath(299)) - ozone.om.db.dirs is not configured. We recommend adding this setting. Falling back to ozone.metadata.dirs instead.
2024-02-27 07:49:49,861 [main] INFO  helpers.OmKeyInfo (OmKeyInfo.java:getCodec(71)) - OmKeyInfo.getCodec ignorePipeline = true
2024-02-27 07:49:49,902 [main] INFO  om.OzoneManager (OzoneManager.java:instantiateServices(804)) - S3 Multi-Tenancy is disabled
2024-02-27 07:49:49,903 [main] INFO  om.OmSnapshotManager (OmSnapshotManager.java:<init>(177)) - Ozone filesystem snapshot feature is enabled.
2024-02-27 07:49:49,903 [main] WARN  server.ServerUtils (ServerUtils.java:getDBPath(299)) - ozone.om.snapshot.diff.db.dir is not configured. We recommend adding this setting. Falling back to ozone.metadata.dirs instead.
2024-02-27 07:49:49,912 [main] INFO  utils.NativeLibraryLoader (NativeLibraryLoader.java:loadLibrary(108)) - Loading Library: ozone_rocksdb_tools
2024-02-27 07:49:49,912 [main] ERROR snapshot.SnapshotDiffManager (SnapshotDiffManager.java:initNativeLibraryForEfficientDiff(287)) - Native Library for raw sst file reading loading failed.
org.apache.hadoop.hdds.utils.NativeLibraryNotLoadedException: Unable to load library ozone_rocksdb_tools from both java.library.path & resource file libozone_rocksdb_tools.so from jar.
	at org.apache.hadoop.hdds.utils.db.managed.ManagedRawSSTFileReader.loadLibrary(ManagedRawSSTFileReader.java:38)
	at org.apache.hadoop.ozone.om.snapshot.SnapshotDiffManager.initNativeLibraryForEfficientDiff(SnapshotDiffManager.java:285)
	at org.apache.hadoop.ozone.om.snapshot.SnapshotDiffManager.<init>(SnapshotDiffManager.java:259)
	at org.apache.hadoop.ozone.om.OmSnapshotManager.<init>(OmSnapshotManager.java:279)
	at org.apache.hadoop.ozone.om.OzoneManager.instantiateServices(OzoneManager.java:856)
	at org.apache.hadoop.ozone.om.OzoneManager.restart(OzoneManager.java:1715)
	at org.apache.hadoop.ozone.MiniOzoneHAClusterImpl.restartOzoneManager(MiniOzoneHAClusterImpl.java:211)
	at org.apache.hadoop.ozone.om.TestOzoneManagerPrepare.resetCluster(TestOzoneManagerPrepare.java:113)
	at sun.reflect.NativeMethodAccessorImpl.invoke0(Native Method)
	at sun.reflect.NativeMethodAccessorImpl.invoke(NativeMethodAccessorImpl.java:62)
	at sun.reflect.DelegatingMethodAccessorImpl.invoke(DelegatingMethodAccessorImpl.java:43)
	at java.lang.reflect.Method.invoke(Method.java:498)
	at org.junit.platform.commons.util.ReflectionUtils.invokeMethod(ReflectionUtils.java:728)
	at org.junit.jupiter.engine.execution.MethodInvocation.proceed(MethodInvocation.java:60)
	at org.junit.jupiter.engine.execution.InvocationInterceptorChain$ValidatingInvocation.proceed(InvocationInterceptorChain.java:131)
	at org.junit.jupiter.engine.extension.TimeoutExtension.intercept(TimeoutExtension.java:156)
	at org.junit.jupiter.engine.extension.TimeoutExtension.interceptLifecycleMethod(TimeoutExtension.java:128)
	at org.junit.jupiter.engine.extension.TimeoutExtension.interceptAfterEachMethod(TimeoutExtension.java:110)
	at org.junit.jupiter.engine.execution.InterceptingExecutableInvoker$ReflectiveInterceptorCall.lambda$ofVoidMethod$0(InterceptingExecutableInvoker.java:103)
	at org.junit.jupiter.engine.execution.InterceptingExecutableInvoker.lambda$invoke$0(InterceptingExecutableInvoker.java:93)
	at org.junit.jupiter.engine.execution.InvocationInterceptorChain$InterceptedInvocation.proceed(InvocationInterceptorChain.java:106)
	at org.junit.jupiter.engine.execution.InvocationInterceptorChain.proceed(InvocationInterceptorChain.java:64)
	at org.junit.jupiter.engine.execution.InvocationInterceptorChain.chainAndInvoke(InvocationInterceptorChain.java:45)
	at org.junit.jupiter.engine.execution.InvocationInterceptorChain.invoke(InvocationInterceptorChain.java:37)
	at org.junit.jupiter.engine.execution.InterceptingExecutableInvoker.invoke(InterceptingExecutableInvoker.java:92)
	at org.junit.jupiter.engine.execution.InterceptingExecutableInvoker.invoke(InterceptingExecutableInvoker.java:86)
	at org.junit.jupiter.engine.descriptor.ClassBasedTestDescriptor.invokeMethodInExtensionContext(ClassBasedTestDescriptor.java:521)
	at org.junit.jupiter.engine.descriptor.ClassBasedTestDescriptor.lambda$synthesizeAfterEachMethodAdapter$24(ClassBasedTestDescriptor.java:511)
	at org.junit.jupiter.engine.descriptor.TestMethodTestDescriptor.lambda$invokeAfterEachMethods$10(TestMethodTestDescriptor.java:244)
	at org.junit.jupiter.engine.descriptor.TestMethodTestDescriptor.lambda$invokeAllAfterMethodsOrCallbacks$13(TestMethodTestDescriptor.java:277)
	at org.junit.platform.engine.support.hierarchical.ThrowableCollector.execute(ThrowableCollector.java:73)
	at org.junit.jupiter.engine.descriptor.TestMethodTestDescriptor.lambda$invokeAllAfterMethodsOrCallbacks$14(TestMethodTestDescriptor.java:277)
	at org.junit.platform.commons.util.CollectionUtils.forEachInReverseOrder(CollectionUtils.java:217)
	at org.junit.jupiter.engine.descriptor.TestMethodTestDescriptor.invokeAllAfterMethodsOrCallbacks(TestMethodTestDescriptor.java:276)
	at org.junit.jupiter.engine.descriptor.TestMethodTestDescriptor.invokeAfterEachMethods(TestMethodTestDescriptor.java:242)
	at org.junit.jupiter.engine.descriptor.TestMethodTestDescriptor.execute(TestMethodTestDescriptor.java:143)
	at org.junit.jupiter.engine.descriptor.TestMethodTestDescriptor.execute(TestMethodTestDescriptor.java:69)
	at org.junit.platform.engine.support.hierarchical.NodeTestTask.lambda$executeRecursively$6(NodeTestTask.java:151)
	at org.junit.platform.engine.support.hierarchical.ThrowableCollector.execute(ThrowableCollector.java:73)
	at org.junit.platform.engine.support.hierarchical.NodeTestTask.lambda$executeRecursively$8(NodeTestTask.java:141)
	at org.junit.platform.engine.support.hierarchical.Node.around(Node.java:137)
	at org.junit.platform.engine.support.hierarchical.NodeTestTask.lambda$executeRecursively$9(NodeTestTask.java:139)
	at org.junit.platform.engine.support.hierarchical.ThrowableCollector.execute(ThrowableCollector.java:73)
	at org.junit.platform.engine.support.hierarchical.NodeTestTask.executeRecursively(NodeTestTask.java:138)
	at org.junit.platform.engine.support.hierarchical.NodeTestTask.execute(NodeTestTask.java:95)
	at java.util.ArrayList.forEach(ArrayList.java:1259)
	at org.junit.platform.engine.support.hierarchical.SameThreadHierarchicalTestExecutorService.invokeAll(SameThreadHierarchicalTestExecutorService.java:41)
	at org.junit.platform.engine.support.hierarchical.NodeTestTask.lambda$executeRecursively$6(NodeTestTask.java:155)
	at org.junit.platform.engine.support.hierarchical.ThrowableCollector.execute(ThrowableCollector.java:73)
	at org.junit.platform.engine.support.hierarchical.NodeTestTask.lambda$executeRecursively$8(NodeTestTask.java:141)
	at org.junit.platform.engine.support.hierarchical.Node.around(Node.java:137)
	at org.junit.platform.engine.support.hierarchical.NodeTestTask.lambda$executeRecursively$9(NodeTestTask.java:139)
	at org.junit.platform.engine.support.hierarchical.ThrowableCollector.execute(ThrowableCollector.java:73)
	at org.junit.platform.engine.support.hierarchical.NodeTestTask.executeRecursively(NodeTestTask.java:138)
	at org.junit.platform.engine.support.hierarchical.NodeTestTask.execute(NodeTestTask.java:95)
	at java.util.ArrayList.forEach(ArrayList.java:1259)
	at org.junit.platform.engine.support.hierarchical.SameThreadHierarchicalTestExecutorService.invokeAll(SameThreadHierarchicalTestExecutorService.java:41)
	at org.junit.platform.engine.support.hierarchical.NodeTestTask.lambda$executeRecursively$6(NodeTestTask.java:155)
	at org.junit.platform.engine.support.hierarchical.ThrowableCollector.execute(ThrowableCollector.java:73)
	at org.junit.platform.engine.support.hierarchical.NodeTestTask.lambda$executeRecursively$8(NodeTestTask.java:141)
	at org.junit.platform.engine.support.hierarchical.Node.around(Node.java:137)
	at org.junit.platform.engine.support.hierarchical.NodeTestTask.lambda$executeRecursively$9(NodeTestTask.java:139)
	at org.junit.platform.engine.support.hierarchical.ThrowableCollector.execute(ThrowableCollector.java:73)
	at org.junit.platform.engine.support.hierarchical.NodeTestTask.executeRecursively(NodeTestTask.java:138)
	at org.junit.platform.engine.support.hierarchical.NodeTestTask.execute(NodeTestTask.java:95)
	at org.junit.platform.engine.support.hierarchical.SameThreadHierarchicalTestExecutorService.submit(SameThreadHierarchicalTestExecutorService.java:35)
	at org.junit.platform.engine.support.hierarchical.HierarchicalTestExecutor.execute(HierarchicalTestExecutor.java:57)
	at org.junit.platform.engine.support.hierarchical.HierarchicalTestEngine.execute(HierarchicalTestEngine.java:54)
	at org.junit.platform.launcher.core.EngineExecutionOrchestrator.execute(EngineExecutionOrchestrator.java:198)
	at org.junit.platform.launcher.core.EngineExecutionOrchestrator.execute(EngineExecutionOrchestrator.java:169)
	at org.junit.platform.launcher.core.EngineExecutionOrchestrator.execute(EngineExecutionOrchestrator.java:93)
	at org.junit.platform.launcher.core.EngineExecutionOrchestrator.lambda$execute$0(EngineExecutionOrchestrator.java:58)
	at org.junit.platform.launcher.core.EngineExecutionOrchestrator.withInterceptedStreams(EngineExecutionOrchestrator.java:141)
	at org.junit.platform.launcher.core.EngineExecutionOrchestrator.execute(EngineExecutionOrchestrator.java:57)
	at org.junit.platform.launcher.core.DefaultLauncher.execute(DefaultLauncher.java:103)
	at org.junit.platform.launcher.core.DefaultLauncher.execute(DefaultLauncher.java:85)
	at org.junit.platform.launcher.core.DelegatingLauncher.execute(DelegatingLauncher.java:47)
	at org.junit.platform.launcher.core.SessionPerRequestLauncher.execute(SessionPerRequestLauncher.java:63)
	at org.apache.maven.surefire.junitplatform.JUnitPlatformProvider.invokeAllTests(JUnitPlatformProvider.java:165)
	at org.apache.maven.surefire.junitplatform.JUnitPlatformProvider.invoke(JUnitPlatformProvider.java:124)
	at org.apache.maven.surefire.booter.ForkedBooter.runSuitesInProcess(ForkedBooter.java:428)
	at org.apache.maven.surefire.booter.ForkedBooter.execute(ForkedBooter.java:162)
	at org.apache.maven.surefire.booter.ForkedBooter.run(ForkedBooter.java:562)
	at org.apache.maven.surefire.booter.ForkedBooter.main(ForkedBooter.java:548)
2024-02-27 07:49:49,916 [main] WARN  dropwizard3.Dm3MetricRegistriesImpl (Dm3MetricRegistriesImpl.java:addReporterRegistration(113)) - New reporters are added after registries were created. Some metrics will be missing from the reporter. Please add reporter before adding any new registry.
2024-02-27 07:49:49,916 [main] WARN  dropwizard3.Dm3MetricRegistriesImpl (Dm3MetricRegistriesImpl.java:addReporterRegistration(113)) - New reporters are added after registries were created. Some metrics will be missing from the reporter. Please add reporter before adding any new registry.
2024-02-27 07:49:49,916 [main] WARN  server.ServerUtils (ServerUtils.java:getDefaultRatisDirectory(311)) - Storage directory for Ratis is not configured. It is a good idea to map this to an SSD disk. Falling back to ozone.metadata.dirs
2024-02-27 07:49:49,917 [main] INFO  ratis.OzoneManagerRatisServer (OzoneManagerRatisServer.java:<init>(167)) - Instantiating OM Ratis server with groupID: om-service-test1 and peers: localhost:15179, localhost:15187, localhost:15183
2024-02-27 07:49:49,917 [main] INFO  ratis.OzoneManagerStateMachine (OzoneManagerStateMachine.java:loadSnapshotInfoFromDB(574)) - LastAppliedIndex is set from TransactionInfo from OM DB as (t:1, i:52)
2024-02-27 07:49:49,917 [main] INFO  server.RaftServer (ConfUtils.java:logGet(46)) - raft.rpc.type = GRPC (default)
2024-02-27 07:49:49,918 [main] INFO  grpc.GrpcConfigKeys (ConfUtils.java:logFallback(53)) - raft.grpc.admin.host = null (fallback to raft.grpc.server.host)
2024-02-27 07:49:49,918 [main] INFO  grpc.GrpcConfigKeys (ConfUtils.java:logFallback(53)) - raft.grpc.admin.port = 15179 (fallback to raft.grpc.server.port)
2024-02-27 07:49:49,918 [main] INFO  grpc.GrpcConfigKeys (ConfUtils.java:logFallback(53)) - raft.grpc.client.host = null (fallback to raft.grpc.server.host)
2024-02-27 07:49:49,918 [main] INFO  grpc.GrpcConfigKeys (ConfUtils.java:logFallback(53)) - raft.grpc.client.port = 15179 (fallback to raft.grpc.server.port)
2024-02-27 07:49:49,918 [main] INFO  grpc.GrpcConfigKeys (ConfUtils.java:logGet(46)) - raft.grpc.server.host = null (default)
2024-02-27 07:49:49,919 [main] INFO  grpc.GrpcConfigKeys (ConfUtils.java:logGet(46)) - raft.grpc.server.port = 15179 (custom)
2024-02-27 07:49:49,919 [main] INFO  server.GrpcService (ConfUtils.java:logGet(46)) - raft.grpc.message.size.max = 4194304 (custom)
2024-02-27 07:49:49,919 [main] INFO  server.RaftServerConfigKeys (ConfUtils.java:logGet(46)) - raft.server.log.appender.buffer.byte-limit = 4194304 (custom)
2024-02-27 07:49:49,919 [main] INFO  server.GrpcService (ConfUtils.java:logGet(46)) - raft.grpc.flow.control.window = 1MB (=1048576) (default)
2024-02-27 07:49:49,919 [main] INFO  server.RaftServerConfigKeys (ConfUtils.java:logGet(46)) - raft.server.rpc.request.timeout = 3000ms (default)
2024-02-27 07:49:49,920 [main] INFO  grpc.GrpcConfigKeys (ConfUtils.java:logGet(46)) - raft.grpc.server.heartbeat.channel = true (default)
2024-02-27 07:49:49,920 [main] INFO  grpc.GrpcConfigKeys (ConfUtils.java:logGet(46)) - raft.grpc.server.async.request.thread.pool.cached = true (default)
2024-02-27 07:49:49,920 [main] INFO  grpc.GrpcConfigKeys (ConfUtils.java:logGet(46)) - raft.grpc.server.async.request.thread.pool.size = 32 (default)
2024-02-27 07:49:49,921 [main] INFO  impl.DataStreamServerImpl (ConfUtils.java:logGet(46)) - raft.datastream.type = DISABLED (default)
2024-02-27 07:49:49,921 [main] INFO  server.RaftServerConfigKeys (ConfUtils.java:logGet(46)) - raft.server.sleep.deviation.threshold = 300ms (default)
2024-02-27 07:49:49,921 [main] INFO  server.RaftServerConfigKeys (ConfUtils.java:logGet(46)) - raft.server.close.threshold = 60s (default)
2024-02-27 07:49:49,921 [main] INFO  server.RaftServerConfigKeys (ConfUtils.java:logGet(46)) - raft.server.leaderelection.leader.step-down.wait-time = 10s (default)
2024-02-27 07:49:49,922 [main] INFO  server.RaftServerConfigKeys (ConfUtils.java:logGet(46)) - raft.server.storage.dir = [/home/runner/work/ozone/ozone/hadoop-ozone/integration-test/target/test-dir/MiniOzoneClusterImpl-faebf4ee-6c4b-485b-8d19-aa685ee0d5ee/omNode-1/ratis] (custom)
2024-02-27 07:49:49,922 [main] INFO  server.RaftServerConfigKeys (ConfUtils.java:logGet(46)) - raft.server.threadpool.proxy.cached = true (default)
2024-02-27 07:49:49,922 [main] INFO  server.RaftServerConfigKeys (ConfUtils.java:logGet(46)) - raft.server.threadpool.proxy.size = 0 (default)
2024-02-27 07:49:49,922 [omNode-1-impl-thread1] INFO  server.RaftServer (RaftServerProxy.java:initGroupDir(264)) - omNode-1: found a subdirectory /home/runner/work/ozone/ozone/hadoop-ozone/integration-test/target/test-dir/MiniOzoneClusterImpl-faebf4ee-6c4b-485b-8d19-aa685ee0d5ee/omNode-1/ratis/c9bc4cf4-3bc3-3c60-a66b-523986131536
2024-02-27 07:49:49,923 [main] INFO  server.RaftServer (RaftServerProxy.java:addNew(100)) - omNode-1: addNew group-523986131536:[omNode-3|localhost:15187, omNode-1|localhost:15179, omNode-2|localhost:15183] returns group-523986131536:java.util.concurrent.CompletableFuture@60cb002f[Not completed]
2024-02-27 07:49:49,923 [main] INFO  om.OzoneManager (OzoneManager.java:initializeRatisServer(2140)) - OzoneManager Ratis server initialized at port 15179
2024-02-27 07:49:49,923 [omNode-1-groupManagement] INFO  server.RaftServer$Division (RaftServerImpl.java:<init>(256)) - omNode-1: new RaftServerImpl for group-523986131536:[omNode-3|localhost:15187, omNode-1|localhost:15179, omNode-2|localhost:15183] with OzoneManagerStateMachine:uninitialized
2024-02-27 07:49:49,923 [main] INFO  ratis.OzoneManagerRatisServer (OzoneManagerRatisServer.java:start(588)) - Starting OzoneManagerRatisServer omNode-1 at port 15179
2024-02-27 07:49:49,923 [omNode-1-groupManagement] INFO  server.RaftServerConfigKeys (ConfUtils.java:logGet(46)) - raft.server.rpc.timeout.min = 1s (custom)
2024-02-27 07:49:49,923 [omNode-1-groupManagement] INFO  server.RaftServerConfigKeys (ConfUtils.java:logGet(46)) - raft.server.rpc.timeout.max = 1200ms (custom)
2024-02-27 07:49:49,923 [omNode-1-groupManagement] INFO  server.RaftServerConfigKeys (ConfUtils.java:logGet(46)) - raft.server.rpc.sleep.time = 25ms (default)
2024-02-27 07:49:49,923 [omNode-1-groupManagement] INFO  server.RaftServerConfigKeys (ConfUtils.java:logGet(46)) - raft.server.rpc.slowness.timeout = 2s (custom)
2024-02-27 07:49:49,923 [omNode-1-groupManagement] INFO  server.RaftServerConfigKeys (ConfUtils.java:logGet(46)) - raft.server.leaderelection.leader.step-down.wait-time = 10s (default)
2024-02-27 07:49:49,923 [omNode-1-groupManagement] INFO  server.RaftServerConfigKeys (ConfUtils.java:logGet(46)) - raft.server.leaderelection.member.majority-add = false (default)
2024-02-27 07:49:49,923 [omNode-1-groupManagement] INFO  server.RaftServerConfigKeys (ConfUtils.java:logGet(46)) - raft.server.sleep.deviation.threshold = 300ms (default)
2024-02-27 07:49:49,923 [omNode-1-groupManagement] INFO  server.RaftServer$Division (ServerState.java:<init>(113)) - omNode-1@group-523986131536: ConfigurationManager, init=-1: peers:[omNode-3|localhost:15187, omNode-1|localhost:15179, omNode-2|localhost:15183]|listeners:[], old=null, confs=<EMPTY_MAP>
2024-02-27 07:49:49,923 [omNode-1-groupManagement] INFO  server.RaftServerConfigKeys (ConfUtils.java:logGet(46)) - raft.server.notification.no-leader.timeout = 2s (custom)
2024-02-27 07:49:49,923 [omNode-1-groupManagement] INFO  server.RaftServerConfigKeys (ConfUtils.java:logGet(46)) - raft.server.read.timeout = 10s (default)
2024-02-27 07:49:49,923 [omNode-1-groupManagement] INFO  server.RaftServerConfigKeys (ConfUtils.java:logGet(46)) - raft.server.retrycache.expirytime = 30000ms (custom)
2024-02-27 07:49:49,923 [omNode-1-groupManagement] INFO  server.RaftServerConfigKeys (ConfUtils.java:logGet(46)) - raft.server.retrycache.statistics.expirytime = 100ms (default)
2024-02-27 07:49:49,923 [omNode-1-groupManagement] INFO  server.RaftServerConfigKeys (ConfUtils.java:logGet(46)) - raft.server.read.option = DEFAULT (default)
2024-02-27 07:49:49,924 [omNode-1-groupManagement] INFO  server.RaftServerConfigKeys (ConfUtils.java:logGet(46)) - raft.server.read.read-after-write-consistent.write-index-cache.expiry-time = 60s (default)
2024-02-27 07:49:49,924 [omNode-1-groupManagement] INFO  server.RaftServerConfigKeys (ConfUtils.java:logGet(46)) - raft.server.rpc.request.timeout = 3000ms (default)
2024-02-27 07:49:49,924 [omNode-1-groupManagement] INFO  server.RaftServerConfigKeys (ConfUtils.java:logGet(46)) - raft.server.log.appender.install.snapshot.enabled = false (custom)
2024-02-27 07:49:49,924 [omNode-1-groupManagement] INFO  server.RaftServerConfigKeys (ConfUtils.java:logGet(46)) - raft.server.threadpool.server.cached = true (default)
2024-02-27 07:49:49,924 [omNode-1-groupManagement] INFO  server.RaftServerConfigKeys (ConfUtils.java:logGet(46)) - raft.server.threadpool.server.size = 0 (default)
2024-02-27 07:49:49,925 [omNode-1-groupManagement] INFO  server.RaftServerConfigKeys (ConfUtils.java:logGet(46)) - raft.server.threadpool.client.cached = true (default)
2024-02-27 07:49:49,925 [omNode-1-groupManagement] INFO  server.RaftServerConfigKeys (ConfUtils.java:logGet(46)) - raft.server.threadpool.client.size = 0 (default)
2024-02-27 07:49:49,925 [omNode-1-impl-thread1] INFO  server.RaftServerConfigKeys (ConfUtils.java:logGet(46)) - raft.server.storage.free-space.min = 0MB (=0) (default)
2024-02-27 07:49:49,925 [omNode-1-impl-thread1] INFO  server.RaftServerConfigKeys (ConfUtils.java:logGet(46)) - raft.server.log.corruption.policy = EXCEPTION (default)
2024-02-27 07:49:49,925 [omNode-1-impl-thread1] INFO  server.RaftServerConfigKeys (ConfUtils.java:logGet(46)) - raft.server.storage.dir = [/home/runner/work/ozone/ozone/hadoop-ozone/integration-test/target/test-dir/MiniOzoneClusterImpl-faebf4ee-6c4b-485b-8d19-aa685ee0d5ee/omNode-1/ratis] (custom)
2024-02-27 07:49:49,926 [omNode-1-impl-thread1] INFO  storage.RaftStorageDirectory (RaftStorageDirectoryImpl.java:tryLock(228)) - Lock on /home/runner/work/ozone/ozone/hadoop-ozone/integration-test/target/test-dir/MiniOzoneClusterImpl-faebf4ee-6c4b-485b-8d19-aa685ee0d5ee/omNode-1/ratis/c9bc4cf4-3bc3-3c60-a66b-523986131536/in_use.lock acquired by nodename 40924@fv-az699-61
2024-02-27 07:49:49,926 [omNode-1-impl-thread1] INFO  storage.RaftStorage (RaftStorageImpl.java:analyzeAndRecoverStorage(119)) - Read RaftStorageMetadata{term=1, votedFor=omNode-1} from /home/runner/work/ozone/ozone/hadoop-ozone/integration-test/target/test-dir/MiniOzoneClusterImpl-faebf4ee-6c4b-485b-8d19-aa685ee0d5ee/omNode-1/ratis/c9bc4cf4-3bc3-3c60-a66b-523986131536/current/raft-meta
2024-02-27 07:49:49,927 [omNode-1-impl-thread1] INFO  server.RaftServer$Division (ServerState.java:setRaftConf(386)) - omNode-1@group-523986131536: set configuration 0: peers:[omNode-3|localhost:15187, omNode-1|localhost:15179, omNode-2|localhost:15183]|listeners:[], old=null
2024-02-27 07:49:49,927 [omNode-1-impl-thread1] INFO  server.RaftServerConfigKeys (ConfUtils.java:logGet(46)) - raft.server.log.use.memory = false (default)
2024-02-27 07:49:49,927 [omNode-1-impl-thread1] INFO  server.RaftServerConfigKeys (ConfUtils.java:logGet(46)) - raft.server.log.purge.gap = 50 (custom)
2024-02-27 07:49:49,927 [omNode-1-impl-thread1] INFO  server.RaftServerConfigKeys (ConfUtils.java:logGet(46)) - raft.server.log.appender.buffer.byte-limit = 4194304 (custom)
2024-02-27 07:49:49,927 [omNode-1-impl-thread1] INFO  server.RaftServerConfigKeys (ConfUtils.java:logGet(46)) - raft.server.log.statemachine.data.read.timeout = 1000ms (default)
2024-02-27 07:49:49,927 [omNode-1-impl-thread1] INFO  server.RaftServerConfigKeys (ConfUtils.java:logGet(46)) - raft.server.log.purge.preservation.log.num = 0 (default)
2024-02-27 07:49:49,928 [omNode-1-impl-thread1] INFO  server.RaftServerConfigKeys (ConfUtils.java:logGet(46)) - raft.server.log.segment.size.max = 4194304 (custom)
2024-02-27 07:49:49,928 [omNode-1-impl-thread1] INFO  server.RaftServerConfigKeys (ConfUtils.java:logGet(46)) - raft.server.log.segment.cache.num.max = 2 (custom)
2024-02-27 07:49:49,928 [omNode-1-impl-thread1] INFO  server.RaftServerConfigKeys (ConfUtils.java:logGet(46)) - raft.server.log.segment.cache.size.max = 200MB (=209715200) (default)
2024-02-27 07:49:49,928 [omNode-1-impl-thread1] INFO  server.RaftServerConfigKeys (ConfUtils.java:logGet(46)) - raft.server.log.appender.buffer.byte-limit = 4194304 (custom)
2024-02-27 07:49:49,928 [omNode-1-impl-thread1] INFO  util.AwaitToRun (AwaitToRun.java:start(81)) - Thread[omNode-1@group-523986131536-cacheEviction-AwaitToRun,5,main] started
2024-02-27 07:49:49,928 [omNode-1-impl-thread1] INFO  segmented.SegmentedRaftLogWorker (SegmentedRaftLogWorker.java:<init>(182)) - new omNode-1@group-523986131536-SegmentedRaftLogWorker for RaftStorageImpl:Storage Directory /home/runner/work/ozone/ozone/hadoop-ozone/integration-test/target/test-dir/MiniOzoneClusterImpl-faebf4ee-6c4b-485b-8d19-aa685ee0d5ee/omNode-1/ratis/c9bc4cf4-3bc3-3c60-a66b-523986131536
2024-02-27 07:49:49,928 [omNode-1-impl-thread1] INFO  server.RaftServerConfigKeys (ConfUtils.java:logGet(46)) - raft.server.log.queue.byte-limit = 64MB (=67108864) (default)
2024-02-27 07:49:49,928 [omNode-1-impl-thread1] INFO  server.RaftServerConfigKeys (ConfUtils.java:logGet(46)) - raft.server.log.queue.element-limit = 4096 (default)
2024-02-27 07:49:49,928 [omNode-1-impl-thread1] INFO  server.RaftServerConfigKeys (ConfUtils.java:logGet(46)) - raft.server.log.segment.size.max = 4194304 (custom)
2024-02-27 07:49:49,928 [omNode-1-impl-thread1] INFO  server.RaftServerConfigKeys (ConfUtils.java:logGet(46)) - raft.server.log.preallocated.size = 4194304 (custom)
2024-02-27 07:49:49,928 [omNode-1-impl-thread1] INFO  server.RaftServerConfigKeys (ConfUtils.java:logGet(46)) - raft.server.log.force.sync.num = 128 (default)
2024-02-27 07:49:49,928 [omNode-1-impl-thread1] INFO  server.RaftServerConfigKeys (ConfUtils.java:logGet(46)) - raft.server.log.statemachine.data.sync = true (default)
2024-02-27 07:49:49,928 [omNode-1-impl-thread1] INFO  server.RaftServerConfigKeys (ConfUtils.java:logGet(46)) - raft.server.log.statemachine.data.sync.timeout = 10s (default)
2024-02-27 07:49:49,928 [omNode-1-impl-thread1] INFO  server.RaftServerConfigKeys (ConfUtils.java:logGet(46)) - raft.server.log.statemachine.data.sync.timeout.retry = -1 (default)
2024-02-27 07:49:49,929 [omNode-1-impl-thread1] INFO  server.RaftServerConfigKeys (ConfUtils.java:logGet(46)) - raft.server.log.write.buffer.size = 4194312 (custom)
2024-02-27 07:49:49,929 [omNode-1-impl-thread1] INFO  server.RaftServerConfigKeys (ConfUtils.java:logGet(46)) - raft.server.log.appender.buffer.byte-limit = 4194304 (custom)
2024-02-27 07:49:49,929 [omNode-1-impl-thread1] INFO  server.RaftServerConfigKeys (ConfUtils.java:logGet(46)) - raft.server.log.unsafe-flush.enabled = false (default)
2024-02-27 07:49:49,929 [omNode-1-impl-thread1] INFO  server.RaftServerConfigKeys (ConfUtils.java:logGet(46)) - raft.server.log.async-flush.enabled = false (default)
2024-02-27 07:49:49,929 [omNode-1-impl-thread1] INFO  server.RaftServerConfigKeys (ConfUtils.java:logGet(46)) - raft.server.log.statemachine.data.caching.enabled = false (default)
2024-02-27 07:49:49,929 [omNode-1-impl-thread1] INFO  server.RaftServer$Division (ServerState.java:setRaftConf(386)) - omNode-1@group-523986131536: set configuration 0: peers:[omNode-3|localhost:15187, omNode-1|localhost:15179, omNode-2|localhost:15183]|listeners:[], old=null
2024-02-27 07:49:49,930 [omNode-1-impl-thread1] INFO  segmented.LogSegment (LogSegment.java:loadSegment(170)) - Successfully read 53 entries from segment file /home/runner/work/ozone/ozone/hadoop-ozone/integration-test/target/test-dir/MiniOzoneClusterImpl-faebf4ee-6c4b-485b-8d19-aa685ee0d5ee/omNode-1/ratis/c9bc4cf4-3bc3-3c60-a66b-523986131536/current/log_inprogress_0
2024-02-27 07:49:49,930 [omNode-1-impl-thread1] INFO  segmented.SegmentedRaftLogWorker (SegmentedRaftLogWorker.java:lambda$new$0(134)) - omNode-1@group-523986131536-SegmentedRaftLogWorker: flushIndex: setUnconditionally 0 -> 52
2024-02-27 07:49:49,930 [omNode-1-impl-thread1] INFO  segmented.SegmentedRaftLogWorker (SegmentedRaftLogWorker.java:lambda$new$0(134)) - omNode-1@group-523986131536-SegmentedRaftLogWorker: safeCacheEvictIndex: setUnconditionally 0 -> -1
2024-02-27 07:49:49,930 [omNode-1-impl-thread1] INFO  segmented.BufferedWriteChannel (BufferedWriteChannel.java:open(62)) - open log_inprogress_0 (append) at position 16771
2024-02-27 07:49:49,930 [omNode-1-impl-thread1] INFO  server.RaftServer$Division (RaftServerImpl.java:start(396)) - omNode-1@group-523986131536: start as a follower, conf=0: peers:[omNode-3|localhost:15187, omNode-1|localhost:15179, omNode-2|localhost:15183]|listeners:[], old=null
2024-02-27 07:49:49,930 [omNode-1-impl-thread1] INFO  server.RaftServer$Division (RaftServerImpl.java:setRole(383)) - omNode-1@group-523986131536: changes role from      null to FOLLOWER at term 1 for startAsFollower
2024-02-27 07:49:49,930 [omNode-1-impl-thread1] INFO  impl.RoleInfo (RoleInfo.java:updateAndGet(139)) - omNode-1: start omNode-1@group-523986131536-FollowerState
2024-02-27 07:49:49,931 [omNode-1@group-523986131536-FollowerState] INFO  server.RaftServerConfigKeys (ConfUtils.java:logFallback(53)) - raft.server.rpc.first-election.timeout.min = 1s (fallback to raft.server.rpc.timeout.min)
2024-02-27 07:49:49,931 [omNode-1-impl-thread1] INFO  util.JmxRegister (JmxRegister.java:tryRegister(44)) - Successfully registered JMX Bean with object name Ratis:service=RaftServer,group=group-523986131536,id=omNode-1
2024-02-27 07:49:49,931 [omNode-1@group-523986131536-FollowerState] INFO  server.RaftServerConfigKeys (ConfUtils.java:logFallback(53)) - raft.server.rpc.first-election.timeout.max = 1200ms (fallback to raft.server.rpc.timeout.max)
2024-02-27 07:49:49,931 [omNode-1-impl-thread1] INFO  server.RaftServerConfigKeys (ConfUtils.java:logGet(46)) - raft.server.snapshot.trigger-when-stop.enabled = true (default)
2024-02-27 07:49:49,931 [omNode-1-impl-thread1] INFO  server.RaftServerConfigKeys (ConfUtils.java:logGet(46)) - raft.server.snapshot.auto.trigger.enabled = true (custom)
2024-02-27 07:49:49,931 [omNode-1-impl-thread1] INFO  server.RaftServerConfigKeys (ConfUtils.java:logGet(46)) - raft.server.snapshot.auto.trigger.threshold = 50 (custom)
2024-02-27 07:49:49,931 [omNode-1-impl-thread1] INFO  server.RaftServerConfigKeys (ConfUtils.java:logGet(46)) - raft.server.snapshot.retention.file.num = -1 (default)
2024-02-27 07:49:49,931 [omNode-1-impl-thread1] INFO  server.RaftServerConfigKeys (ConfUtils.java:logGet(46)) - raft.server.log.purge.upto.snapshot.index = true (custom)
2024-02-27 07:49:49,931 [main] INFO  server.RaftServer (RaftServerProxy.java:startImpl(406)) - omNode-1: start RPC server
2024-02-27 07:49:49,933 [main] INFO  server.GrpcService (GrpcService.java:startImpl(302)) - omNode-1: GrpcService started, listening on 15179
2024-02-27 07:49:49,933 [main] INFO  om.OzoneManager (OzoneManager.java:getRpcServer(1206)) - Creating RPC Server
2024-02-27 07:49:49,933 [JvmPauseMonitor57] INFO  util.JvmPauseMonitor (JvmPauseMonitor.java:run(146)) - JvmPauseMonitor-omNode-1: Started
2024-02-27 07:49:50,137 [main] INFO  ipc.CallQueueManager (CallQueueManager.java:<init>(90)) - Using callQueue: class java.util.concurrent.LinkedBlockingQueue, queueCapacity: 2000, scheduler: class org.apache.hadoop.ipc.DefaultRpcScheduler, ipcBackoff: false.
2024-02-27 07:49:50,137 [main] INFO  ipc.Server (Server.java:<init>(1287)) - Listener at localhost:15176
2024-02-27 07:49:50,138 [Socket Reader #1 for port 15176] INFO  ipc.Server (Server.java:run(1323)) - Starting Socket Reader #1 for port 15176
2024-02-27 07:49:50,140 [main] INFO  http.BaseHttpServer (BaseHttpServer.java:newHttpServer2BuilderForOzone(223)) - Starting Web-server for ozoneManager at: http://0.0.0.0:15177
2024-02-27 07:49:50,141 [main] INFO  http.BaseHttpServer (BaseHttpServer.java:<init>(110)) - Hadoop Security Enabled: false Ozone Security Enabled: false Ozone HTTP Security Enabled: false 
2024-02-27 07:49:50,141 [main] WARN  server.AuthenticationFilter (AuthenticationFilter.java:constructSecretProvider(240)) - Unable to initialize FileSignerSecretProvider, falling back to use random secrets. Reason: Could not read signature secret file: /home/runner/hadoop-http-auth-signature-secret
2024-02-27 07:49:50,142 [main] INFO  http.HttpRequestLog (HttpRequestLog.java:getRequestLog(86)) - Http request log for http.requests.ozoneManager is not defined
2024-02-27 07:49:50,142 [main] INFO  http.HttpServer2 (HttpServer2.java:addGlobalFilter(1036)) - Added global filter 'safety' (class=org.apache.hadoop.hdds.server.http.HttpServer2$QuotingInputFilter)
2024-02-27 07:49:50,143 [main] INFO  http.HttpServer2 (HttpServer2.java:addFilter(1012)) - Added filter static_user_filter (class=org.apache.hadoop.http.lib.StaticUserWebFilter$StaticUserFilter) to context ozoneManager
2024-02-27 07:49:50,143 [main] INFO  http.HttpServer2 (HttpServer2.java:addFilter(1020)) - Added filter static_user_filter (class=org.apache.hadoop.http.lib.StaticUserWebFilter$StaticUserFilter) to context logs
2024-02-27 07:49:50,143 [main] INFO  http.HttpServer2 (HttpServer2.java:addFilter(1020)) - Added filter static_user_filter (class=org.apache.hadoop.http.lib.StaticUserWebFilter$StaticUserFilter) to context static
2024-02-27 07:49:50,143 [main] INFO  http.BaseHttpServer (BaseHttpServer.java:<init>(189)) - HTTP server of ozoneManager uses base directory /home/runner/work/ozone/ozone/hadoop-ozone/integration-test/target/test-dir/MiniOzoneClusterImpl-faebf4ee-6c4b-485b-8d19-aa685ee0d5ee/omNode-1/webserver
2024-02-27 07:49:50,143 [main] INFO  http.HttpServer2 (HttpServer2.java:bindListener(1236)) - Jetty bound to port 15177
2024-02-27 07:49:50,143 [main] INFO  server.Server (Server.java:doStart(375)) - jetty-9.4.53.v20231009; built: 2023-10-09T12:29:09.265Z; git: 27bde00a0b95a1d5bbee0eae7984f891d2d0f8c9; jvm 1.8.0_402-b06
2024-02-27 07:49:50,144 [main] INFO  server.session (DefaultSessionIdManager.java:doStart(334)) - DefaultSessionIdManager workerName=node0
2024-02-27 07:49:50,144 [main] INFO  server.session (DefaultSessionIdManager.java:doStart(339)) - No SessionScavenger set, using defaults
2024-02-27 07:49:50,144 [main] INFO  server.session (HouseKeeper.java:startScavenging(132)) - node0 Scavenging every 660000ms
2024-02-27 07:49:50,145 [main] INFO  handler.ContextHandler (ContextHandler.java:doStart(921)) - Started o.e.j.s.ServletContextHandler@62e12ea0{logs,/logs,file:///home/runner/work/ozone/ozone/hadoop-ozone/integration-test/target/log,AVAILABLE}
2024-02-27 07:49:50,145 [main] INFO  handler.ContextHandler (ContextHandler.java:doStart(921)) - Started o.e.j.s.ServletContextHandler@668c2cfa{static,/static,file:///home/runner/work/ozone/ozone/hadoop-ozone/integration-test/target/test-classes/webapps/static,AVAILABLE}
2024-02-27 07:49:50,147 [main] INFO  handler.ContextHandler (ContextHandler.java:doStart(921)) - Started o.e.j.w.WebAppContext@7dd3e72d{ozoneManager,/,file:///home/runner/work/ozone/ozone/hadoop-ozone/integration-test/target/test-classes/webapps/ozoneManager/,AVAILABLE}{file:/home/runner/work/ozone/ozone/hadoop-ozone/integration-test/target/test-classes/webapps/ozoneManager}
2024-02-27 07:49:50,147 [main] INFO  server.AbstractConnector (AbstractConnector.java:doStart(333)) - Started ServerConnector@7c77557d{HTTP/1.1, (http/1.1)}{0.0.0.0:15177}
2024-02-27 07:49:50,147 [main] INFO  server.Server (Server.java:doStart(415)) - Started @672855ms
2024-02-27 07:49:50,147 [main] WARN  impl.MetricsSystemImpl (MetricsSystemImpl.java:register(279)) - Sink prometheus already exists!
2024-02-27 07:49:50,148 [main] INFO  http.BaseHttpServer (BaseHttpServer.java:updateConnectorAddress(354)) - HTTP server of ozoneManager listening at http://0.0.0.0:15177
2024-02-27 07:49:50,148 [IPC Server Responder] INFO  ipc.Server (Server.java:run(1562)) - IPC Server Responder: starting
2024-02-27 07:49:50,148 [IPC Server listener on 15176] INFO  ipc.Server (Server.java:run(1402)) - IPC Server listener on 15176: starting
2024-02-27 07:49:50,151 [main] INFO  om.OzoneManager (OzoneManager.java:startTrashEmptier(2093)) - Trash Interval set to 0. Files deleted won't move to trash
2024-02-27 07:49:50,152 [main] INFO  om.OzoneManager (OzoneManager.java:restart(1710)) - OzoneManager RPC server is listening at localhost/127.0.0.1:15180
2024-02-27 07:49:50,152 [main] INFO  impl.MetricsSystemImpl (MetricsSystemImpl.java:init(158)) - OzoneManager metrics system started (again)
2024-02-27 07:49:50,160 [main] WARN  server.ServerUtils (ServerUtils.java:getDBPath(299)) - ozone.om.db.dirs is not configured. We recommend adding this setting. Falling back to ozone.metadata.dirs instead.
2024-02-27 07:49:50,160 [main] INFO  helpers.OmKeyInfo (OmKeyInfo.java:getCodec(71)) - OmKeyInfo.getCodec ignorePipeline = true
2024-02-27 07:49:50,193 [main] INFO  om.OzoneManager (OzoneManager.java:instantiateServices(804)) - S3 Multi-Tenancy is disabled
2024-02-27 07:49:50,193 [main] INFO  om.OmSnapshotManager (OmSnapshotManager.java:<init>(177)) - Ozone filesystem snapshot feature is enabled.
2024-02-27 07:49:50,194 [main] WARN  server.ServerUtils (ServerUtils.java:getDBPath(299)) - ozone.om.snapshot.diff.db.dir is not configured. We recommend adding this setting. Falling back to ozone.metadata.dirs instead.
2024-02-27 07:49:50,201 [main] INFO  utils.NativeLibraryLoader (NativeLibraryLoader.java:loadLibrary(108)) - Loading Library: ozone_rocksdb_tools
2024-02-27 07:49:50,202 [main] ERROR snapshot.SnapshotDiffManager (SnapshotDiffManager.java:initNativeLibraryForEfficientDiff(287)) - Native Library for raw sst file reading loading failed.
org.apache.hadoop.hdds.utils.NativeLibraryNotLoadedException: Unable to load library ozone_rocksdb_tools from both java.library.path & resource file libozone_rocksdb_tools.so from jar.
	at org.apache.hadoop.hdds.utils.db.managed.ManagedRawSSTFileReader.loadLibrary(ManagedRawSSTFileReader.java:38)
	at org.apache.hadoop.ozone.om.snapshot.SnapshotDiffManager.initNativeLibraryForEfficientDiff(SnapshotDiffManager.java:285)
	at org.apache.hadoop.ozone.om.snapshot.SnapshotDiffManager.<init>(SnapshotDiffManager.java:259)
	at org.apache.hadoop.ozone.om.OmSnapshotManager.<init>(OmSnapshotManager.java:279)
	at org.apache.hadoop.ozone.om.OzoneManager.instantiateServices(OzoneManager.java:856)
	at org.apache.hadoop.ozone.om.OzoneManager.restart(OzoneManager.java:1715)
	at org.apache.hadoop.ozone.MiniOzoneHAClusterImpl.restartOzoneManager(MiniOzoneHAClusterImpl.java:211)
	at org.apache.hadoop.ozone.om.TestOzoneManagerPrepare.resetCluster(TestOzoneManagerPrepare.java:113)
	at sun.reflect.NativeMethodAccessorImpl.invoke0(Native Method)
	at sun.reflect.NativeMethodAccessorImpl.invoke(NativeMethodAccessorImpl.java:62)
	at sun.reflect.DelegatingMethodAccessorImpl.invoke(DelegatingMethodAccessorImpl.java:43)
	at java.lang.reflect.Method.invoke(Method.java:498)
	at org.junit.platform.commons.util.ReflectionUtils.invokeMethod(ReflectionUtils.java:728)
	at org.junit.jupiter.engine.execution.MethodInvocation.proceed(MethodInvocation.java:60)
	at org.junit.jupiter.engine.execution.InvocationInterceptorChain$ValidatingInvocation.proceed(InvocationInterceptorChain.java:131)
	at org.junit.jupiter.engine.extension.TimeoutExtension.intercept(TimeoutExtension.java:156)
	at org.junit.jupiter.engine.extension.TimeoutExtension.interceptLifecycleMethod(TimeoutExtension.java:128)
	at org.junit.jupiter.engine.extension.TimeoutExtension.interceptAfterEachMethod(TimeoutExtension.java:110)
	at org.junit.jupiter.engine.execution.InterceptingExecutableInvoker$ReflectiveInterceptorCall.lambda$ofVoidMethod$0(InterceptingExecutableInvoker.java:103)
	at org.junit.jupiter.engine.execution.InterceptingExecutableInvoker.lambda$invoke$0(InterceptingExecutableInvoker.java:93)
	at org.junit.jupiter.engine.execution.InvocationInterceptorChain$InterceptedInvocation.proceed(InvocationInterceptorChain.java:106)
	at org.junit.jupiter.engine.execution.InvocationInterceptorChain.proceed(InvocationInterceptorChain.java:64)
	at org.junit.jupiter.engine.execution.InvocationInterceptorChain.chainAndInvoke(InvocationInterceptorChain.java:45)
	at org.junit.jupiter.engine.execution.InvocationInterceptorChain.invoke(InvocationInterceptorChain.java:37)
	at org.junit.jupiter.engine.execution.InterceptingExecutableInvoker.invoke(InterceptingExecutableInvoker.java:92)
	at org.junit.jupiter.engine.execution.InterceptingExecutableInvoker.invoke(InterceptingExecutableInvoker.java:86)
	at org.junit.jupiter.engine.descriptor.ClassBasedTestDescriptor.invokeMethodInExtensionContext(ClassBasedTestDescriptor.java:521)
	at org.junit.jupiter.engine.descriptor.ClassBasedTestDescriptor.lambda$synthesizeAfterEachMethodAdapter$24(ClassBasedTestDescriptor.java:511)
	at org.junit.jupiter.engine.descriptor.TestMethodTestDescriptor.lambda$invokeAfterEachMethods$10(TestMethodTestDescriptor.java:244)
	at org.junit.jupiter.engine.descriptor.TestMethodTestDescriptor.lambda$invokeAllAfterMethodsOrCallbacks$13(TestMethodTestDescriptor.java:277)
	at org.junit.platform.engine.support.hierarchical.ThrowableCollector.execute(ThrowableCollector.java:73)
	at org.junit.jupiter.engine.descriptor.TestMethodTestDescriptor.lambda$invokeAllAfterMethodsOrCallbacks$14(TestMethodTestDescriptor.java:277)
	at org.junit.platform.commons.util.CollectionUtils.forEachInReverseOrder(CollectionUtils.java:217)
	at org.junit.jupiter.engine.descriptor.TestMethodTestDescriptor.invokeAllAfterMethodsOrCallbacks(TestMethodTestDescriptor.java:276)
	at org.junit.jupiter.engine.descriptor.TestMethodTestDescriptor.invokeAfterEachMethods(TestMethodTestDescriptor.java:242)
	at org.junit.jupiter.engine.descriptor.TestMethodTestDescriptor.execute(TestMethodTestDescriptor.java:143)
	at org.junit.jupiter.engine.descriptor.TestMethodTestDescriptor.execute(TestMethodTestDescriptor.java:69)
	at org.junit.platform.engine.support.hierarchical.NodeTestTask.lambda$executeRecursively$6(NodeTestTask.java:151)
	at org.junit.platform.engine.support.hierarchical.ThrowableCollector.execute(ThrowableCollector.java:73)
	at org.junit.platform.engine.support.hierarchical.NodeTestTask.lambda$executeRecursively$8(NodeTestTask.java:141)
	at org.junit.platform.engine.support.hierarchical.Node.around(Node.java:137)
	at org.junit.platform.engine.support.hierarchical.NodeTestTask.lambda$executeRecursively$9(NodeTestTask.java:139)
	at org.junit.platform.engine.support.hierarchical.ThrowableCollector.execute(ThrowableCollector.java:73)
	at org.junit.platform.engine.support.hierarchical.NodeTestTask.executeRecursively(NodeTestTask.java:138)
	at org.junit.platform.engine.support.hierarchical.NodeTestTask.execute(NodeTestTask.java:95)
	at java.util.ArrayList.forEach(ArrayList.java:1259)
	at org.junit.platform.engine.support.hierarchical.SameThreadHierarchicalTestExecutorService.invokeAll(SameThreadHierarchicalTestExecutorService.java:41)
	at org.junit.platform.engine.support.hierarchical.NodeTestTask.lambda$executeRecursively$6(NodeTestTask.java:155)
	at org.junit.platform.engine.support.hierarchical.ThrowableCollector.execute(ThrowableCollector.java:73)
	at org.junit.platform.engine.support.hierarchical.NodeTestTask.lambda$executeRecursively$8(NodeTestTask.java:141)
	at org.junit.platform.engine.support.hierarchical.Node.around(Node.java:137)
	at org.junit.platform.engine.support.hierarchical.NodeTestTask.lambda$executeRecursively$9(NodeTestTask.java:139)
	at org.junit.platform.engine.support.hierarchical.ThrowableCollector.execute(ThrowableCollector.java:73)
	at org.junit.platform.engine.support.hierarchical.NodeTestTask.executeRecursively(NodeTestTask.java:138)
	at org.junit.platform.engine.support.hierarchical.NodeTestTask.execute(NodeTestTask.java:95)
	at java.util.ArrayList.forEach(ArrayList.java:1259)
	at org.junit.platform.engine.support.hierarchical.SameThreadHierarchicalTestExecutorService.invokeAll(SameThreadHierarchicalTestExecutorService.java:41)
	at org.junit.platform.engine.support.hierarchical.NodeTestTask.lambda$executeRecursively$6(NodeTestTask.java:155)
	at org.junit.platform.engine.support.hierarchical.ThrowableCollector.execute(ThrowableCollector.java:73)
	at org.junit.platform.engine.support.hierarchical.NodeTestTask.lambda$executeRecursively$8(NodeTestTask.java:141)
	at org.junit.platform.engine.support.hierarchical.Node.around(Node.java:137)
	at org.junit.platform.engine.support.hierarchical.NodeTestTask.lambda$executeRecursively$9(NodeTestTask.java:139)
	at org.junit.platform.engine.support.hierarchical.ThrowableCollector.execute(ThrowableCollector.java:73)
	at org.junit.platform.engine.support.hierarchical.NodeTestTask.executeRecursively(NodeTestTask.java:138)
	at org.junit.platform.engine.support.hierarchical.NodeTestTask.execute(NodeTestTask.java:95)
	at org.junit.platform.engine.support.hierarchical.SameThreadHierarchicalTestExecutorService.submit(SameThreadHierarchicalTestExecutorService.java:35)
	at org.junit.platform.engine.support.hierarchical.HierarchicalTestExecutor.execute(HierarchicalTestExecutor.java:57)
	at org.junit.platform.engine.support.hierarchical.HierarchicalTestEngine.execute(HierarchicalTestEngine.java:54)
	at org.junit.platform.launcher.core.EngineExecutionOrchestrator.execute(EngineExecutionOrchestrator.java:198)
	at org.junit.platform.launcher.core.EngineExecutionOrchestrator.execute(EngineExecutionOrchestrator.java:169)
	at org.junit.platform.launcher.core.EngineExecutionOrchestrator.execute(EngineExecutionOrchestrator.java:93)
	at org.junit.platform.launcher.core.EngineExecutionOrchestrator.lambda$execute$0(EngineExecutionOrchestrator.java:58)
	at org.junit.platform.launcher.core.EngineExecutionOrchestrator.withInterceptedStreams(EngineExecutionOrchestrator.java:141)
	at org.junit.platform.launcher.core.EngineExecutionOrchestrator.execute(EngineExecutionOrchestrator.java:57)
	at org.junit.platform.launcher.core.DefaultLauncher.execute(DefaultLauncher.java:103)
	at org.junit.platform.launcher.core.DefaultLauncher.execute(DefaultLauncher.java:85)
	at org.junit.platform.launcher.core.DelegatingLauncher.execute(DelegatingLauncher.java:47)
	at org.junit.platform.launcher.core.SessionPerRequestLauncher.execute(SessionPerRequestLauncher.java:63)
	at org.apache.maven.surefire.junitplatform.JUnitPlatformProvider.invokeAllTests(JUnitPlatformProvider.java:165)
	at org.apache.maven.surefire.junitplatform.JUnitPlatformProvider.invoke(JUnitPlatformProvider.java:124)
	at org.apache.maven.surefire.booter.ForkedBooter.runSuitesInProcess(ForkedBooter.java:428)
	at org.apache.maven.surefire.booter.ForkedBooter.execute(ForkedBooter.java:162)
	at org.apache.maven.surefire.booter.ForkedBooter.run(ForkedBooter.java:562)
	at org.apache.maven.surefire.booter.ForkedBooter.main(ForkedBooter.java:548)
2024-02-27 07:49:50,204 [main] WARN  om.OzoneManager (OzoneManager.java:instantiatePrepareStateOnStartup(4510)) - Prepare marker file index 52 does not match DB prepare index 51. Writing DB index to prepare file and maintaining prepared state.
2024-02-27 07:49:50,204 [main] INFO  om.OzoneManagerPrepareState (OzoneManagerPrepareState.java:writePrepareMarkerFile(262)) - Prepare marker file written with log index 51 to file /home/runner/work/ozone/ozone/hadoop-ozone/integration-test/target/test-dir/MiniOzoneClusterImpl-faebf4ee-6c4b-485b-8d19-aa685ee0d5ee/omNode-2/current/prepareMarker
2024-02-27 07:49:50,206 [main] WARN  dropwizard3.Dm3MetricRegistriesImpl (Dm3MetricRegistriesImpl.java:addReporterRegistration(113)) - New reporters are added after registries were created. Some metrics will be missing from the reporter. Please add reporter before adding any new registry.
2024-02-27 07:49:50,207 [main] WARN  dropwizard3.Dm3MetricRegistriesImpl (Dm3MetricRegistriesImpl.java:addReporterRegistration(113)) - New reporters are added after registries were created. Some metrics will be missing from the reporter. Please add reporter before adding any new registry.
2024-02-27 07:49:50,207 [main] WARN  server.ServerUtils (ServerUtils.java:getDefaultRatisDirectory(311)) - Storage directory for Ratis is not configured. It is a good idea to map this to an SSD disk. Falling back to ozone.metadata.dirs
2024-02-27 07:49:50,207 [main] INFO  ratis.OzoneManagerRatisServer (OzoneManagerRatisServer.java:<init>(167)) - Instantiating OM Ratis server with groupID: om-service-test1 and peers: localhost:15183, localhost:15187, localhost:15179
2024-02-27 07:49:50,208 [main] INFO  ratis.OzoneManagerStateMachine (OzoneManagerStateMachine.java:loadSnapshotInfoFromDB(574)) - LastAppliedIndex is set from TransactionInfo from OM DB as (t:1, i:52)
2024-02-27 07:49:50,208 [main] INFO  server.RaftServer (ConfUtils.java:logGet(46)) - raft.rpc.type = GRPC (default)
2024-02-27 07:49:50,208 [main] INFO  grpc.GrpcConfigKeys (ConfUtils.java:logFallback(53)) - raft.grpc.admin.host = null (fallback to raft.grpc.server.host)
2024-02-27 07:49:50,208 [main] INFO  grpc.GrpcConfigKeys (ConfUtils.java:logFallback(53)) - raft.grpc.admin.port = 15183 (fallback to raft.grpc.server.port)
2024-02-27 07:49:50,208 [main] INFO  grpc.GrpcConfigKeys (ConfUtils.java:logFallback(53)) - raft.grpc.client.host = null (fallback to raft.grpc.server.host)
2024-02-27 07:49:50,209 [main] INFO  grpc.GrpcConfigKeys (ConfUtils.java:logFallback(53)) - raft.grpc.client.port = 15183 (fallback to raft.grpc.server.port)
2024-02-27 07:49:50,209 [main] INFO  grpc.GrpcConfigKeys (ConfUtils.java:logGet(46)) - raft.grpc.server.host = null (default)
2024-02-27 07:49:50,209 [main] INFO  grpc.GrpcConfigKeys (ConfUtils.java:logGet(46)) - raft.grpc.server.port = 15183 (custom)
2024-02-27 07:49:50,209 [main] INFO  server.GrpcService (ConfUtils.java:logGet(46)) - raft.grpc.message.size.max = 4194304 (custom)
2024-02-27 07:49:50,209 [main] INFO  server.RaftServerConfigKeys (ConfUtils.java:logGet(46)) - raft.server.log.appender.buffer.byte-limit = 4194304 (custom)
2024-02-27 07:49:50,209 [main] INFO  server.GrpcService (ConfUtils.java:logGet(46)) - raft.grpc.flow.control.window = 1MB (=1048576) (default)
2024-02-27 07:49:50,210 [main] INFO  server.RaftServerConfigKeys (ConfUtils.java:logGet(46)) - raft.server.rpc.request.timeout = 3000ms (default)
2024-02-27 07:49:50,210 [main] INFO  grpc.GrpcConfigKeys (ConfUtils.java:logGet(46)) - raft.grpc.server.heartbeat.channel = true (default)
2024-02-27 07:49:50,210 [main] INFO  grpc.GrpcConfigKeys (ConfUtils.java:logGet(46)) - raft.grpc.server.async.request.thread.pool.cached = true (default)
2024-02-27 07:49:50,210 [main] INFO  grpc.GrpcConfigKeys (ConfUtils.java:logGet(46)) - raft.grpc.server.async.request.thread.pool.size = 32 (default)
2024-02-27 07:49:50,211 [main] INFO  impl.DataStreamServerImpl (ConfUtils.java:logGet(46)) - raft.datastream.type = DISABLED (default)
2024-02-27 07:49:50,211 [main] INFO  server.RaftServerConfigKeys (ConfUtils.java:logGet(46)) - raft.server.sleep.deviation.threshold = 300ms (default)
2024-02-27 07:49:50,211 [main] INFO  server.RaftServerConfigKeys (ConfUtils.java:logGet(46)) - raft.server.close.threshold = 60s (default)
2024-02-27 07:49:50,212 [main] INFO  server.RaftServerConfigKeys (ConfUtils.java:logGet(46)) - raft.server.leaderelection.leader.step-down.wait-time = 10s (default)
2024-02-27 07:49:50,212 [main] INFO  server.RaftServerConfigKeys (ConfUtils.java:logGet(46)) - raft.server.storage.dir = [/home/runner/work/ozone/ozone/hadoop-ozone/integration-test/target/test-dir/MiniOzoneClusterImpl-faebf4ee-6c4b-485b-8d19-aa685ee0d5ee/omNode-2/ratis] (custom)
2024-02-27 07:49:50,212 [main] INFO  server.RaftServerConfigKeys (ConfUtils.java:logGet(46)) - raft.server.threadpool.proxy.cached = true (default)
2024-02-27 07:49:50,212 [main] INFO  server.RaftServerConfigKeys (ConfUtils.java:logGet(46)) - raft.server.threadpool.proxy.size = 0 (default)
2024-02-27 07:49:50,213 [omNode-2-impl-thread1] INFO  server.RaftServer (RaftServerProxy.java:initGroupDir(264)) - omNode-2: found a subdirectory /home/runner/work/ozone/ozone/hadoop-ozone/integration-test/target/test-dir/MiniOzoneClusterImpl-faebf4ee-6c4b-485b-8d19-aa685ee0d5ee/omNode-2/ratis/c9bc4cf4-3bc3-3c60-a66b-523986131536
2024-02-27 07:49:50,213 [main] INFO  server.RaftServer (RaftServerProxy.java:addNew(100)) - omNode-2: addNew group-523986131536:[omNode-3|localhost:15187, omNode-1|localhost:15179, omNode-2|localhost:15183] returns group-523986131536:java.util.concurrent.CompletableFuture@2a51e358[Not completed]
2024-02-27 07:49:50,213 [main] INFO  om.OzoneManager (OzoneManager.java:initializeRatisServer(2140)) - OzoneManager Ratis server initialized at port 15183
2024-02-27 07:49:50,213 [main] INFO  ratis.OzoneManagerRatisServer (OzoneManagerRatisServer.java:start(588)) - Starting OzoneManagerRatisServer omNode-2 at port 15183
2024-02-27 07:49:50,213 [omNode-2-groupManagement] INFO  server.RaftServer$Division (RaftServerImpl.java:<init>(256)) - omNode-2: new RaftServerImpl for group-523986131536:[omNode-3|localhost:15187, omNode-1|localhost:15179, omNode-2|localhost:15183] with OzoneManagerStateMachine:uninitialized
2024-02-27 07:49:50,213 [omNode-2-groupManagement] INFO  server.RaftServerConfigKeys (ConfUtils.java:logGet(46)) - raft.server.rpc.timeout.min = 1s (custom)
2024-02-27 07:49:50,213 [omNode-2-groupManagement] INFO  server.RaftServerConfigKeys (ConfUtils.java:logGet(46)) - raft.server.rpc.timeout.max = 1200ms (custom)
2024-02-27 07:49:50,213 [omNode-2-groupManagement] INFO  server.RaftServerConfigKeys (ConfUtils.java:logGet(46)) - raft.server.rpc.sleep.time = 25ms (default)
2024-02-27 07:49:50,214 [omNode-2-groupManagement] INFO  server.RaftServerConfigKeys (ConfUtils.java:logGet(46)) - raft.server.rpc.slowness.timeout = 2s (custom)
2024-02-27 07:49:50,214 [omNode-2-groupManagement] INFO  server.RaftServerConfigKeys (ConfUtils.java:logGet(46)) - raft.server.leaderelection.leader.step-down.wait-time = 10s (default)
2024-02-27 07:49:50,214 [omNode-2-groupManagement] INFO  server.RaftServerConfigKeys (ConfUtils.java:logGet(46)) - raft.server.leaderelection.member.majority-add = false (default)
2024-02-27 07:49:50,214 [omNode-2-groupManagement] INFO  server.RaftServerConfigKeys (ConfUtils.java:logGet(46)) - raft.server.sleep.deviation.threshold = 300ms (default)
2024-02-27 07:49:50,214 [omNode-2-groupManagement] INFO  server.RaftServer$Division (ServerState.java:<init>(113)) - omNode-2@group-523986131536: ConfigurationManager, init=-1: peers:[omNode-3|localhost:15187, omNode-1|localhost:15179, omNode-2|localhost:15183]|listeners:[], old=null, confs=<EMPTY_MAP>
2024-02-27 07:49:50,214 [omNode-2-groupManagement] INFO  server.RaftServerConfigKeys (ConfUtils.java:logGet(46)) - raft.server.notification.no-leader.timeout = 2s (custom)
2024-02-27 07:49:50,214 [omNode-2-groupManagement] INFO  server.RaftServerConfigKeys (ConfUtils.java:logGet(46)) - raft.server.read.timeout = 10s (default)
2024-02-27 07:49:50,214 [omNode-2-groupManagement] INFO  server.RaftServerConfigKeys (ConfUtils.java:logGet(46)) - raft.server.retrycache.expirytime = 30000ms (custom)
2024-02-27 07:49:50,214 [omNode-2-groupManagement] INFO  server.RaftServerConfigKeys (ConfUtils.java:logGet(46)) - raft.server.retrycache.statistics.expirytime = 100ms (default)
2024-02-27 07:49:50,214 [omNode-2-groupManagement] INFO  server.RaftServerConfigKeys (ConfUtils.java:logGet(46)) - raft.server.read.option = DEFAULT (default)
2024-02-27 07:49:50,214 [omNode-2-groupManagement] INFO  server.RaftServerConfigKeys (ConfUtils.java:logGet(46)) - raft.server.read.read-after-write-consistent.write-index-cache.expiry-time = 60s (default)
2024-02-27 07:49:50,215 [omNode-2-groupManagement] INFO  server.RaftServerConfigKeys (ConfUtils.java:logGet(46)) - raft.server.rpc.request.timeout = 3000ms (default)
2024-02-27 07:49:50,215 [omNode-2-groupManagement] INFO  server.RaftServerConfigKeys (ConfUtils.java:logGet(46)) - raft.server.log.appender.install.snapshot.enabled = false (custom)
2024-02-27 07:49:50,215 [omNode-2-groupManagement] INFO  server.RaftServerConfigKeys (ConfUtils.java:logGet(46)) - raft.server.threadpool.server.cached = true (default)
2024-02-27 07:49:50,215 [omNode-2-groupManagement] INFO  server.RaftServerConfigKeys (ConfUtils.java:logGet(46)) - raft.server.threadpool.server.size = 0 (default)
2024-02-27 07:49:50,215 [omNode-2-groupManagement] INFO  server.RaftServerConfigKeys (ConfUtils.java:logGet(46)) - raft.server.threadpool.client.cached = true (default)
2024-02-27 07:49:50,215 [omNode-2-groupManagement] INFO  server.RaftServerConfigKeys (ConfUtils.java:logGet(46)) - raft.server.threadpool.client.size = 0 (default)
2024-02-27 07:49:50,216 [omNode-2-impl-thread1] INFO  server.RaftServerConfigKeys (ConfUtils.java:logGet(46)) - raft.server.storage.free-space.min = 0MB (=0) (default)
2024-02-27 07:49:50,217 [omNode-2-impl-thread1] INFO  server.RaftServerConfigKeys (ConfUtils.java:logGet(46)) - raft.server.log.corruption.policy = EXCEPTION (default)
2024-02-27 07:49:50,217 [omNode-2-impl-thread1] INFO  server.RaftServerConfigKeys (ConfUtils.java:logGet(46)) - raft.server.storage.dir = [/home/runner/work/ozone/ozone/hadoop-ozone/integration-test/target/test-dir/MiniOzoneClusterImpl-faebf4ee-6c4b-485b-8d19-aa685ee0d5ee/omNode-2/ratis] (custom)
2024-02-27 07:49:50,218 [omNode-2-impl-thread1] INFO  storage.RaftStorageDirectory (RaftStorageDirectoryImpl.java:tryLock(228)) - Lock on /home/runner/work/ozone/ozone/hadoop-ozone/integration-test/target/test-dir/MiniOzoneClusterImpl-faebf4ee-6c4b-485b-8d19-aa685ee0d5ee/omNode-2/ratis/c9bc4cf4-3bc3-3c60-a66b-523986131536/in_use.lock acquired by nodename 40924@fv-az699-61
2024-02-27 07:49:50,218 [omNode-2-impl-thread1] INFO  storage.RaftStorage (RaftStorageImpl.java:analyzeAndRecoverStorage(119)) - Read RaftStorageMetadata{term=1, votedFor=omNode-1} from /home/runner/work/ozone/ozone/hadoop-ozone/integration-test/target/test-dir/MiniOzoneClusterImpl-faebf4ee-6c4b-485b-8d19-aa685ee0d5ee/omNode-2/ratis/c9bc4cf4-3bc3-3c60-a66b-523986131536/current/raft-meta
2024-02-27 07:49:50,219 [omNode-2-impl-thread1] INFO  server.RaftServer$Division (ServerState.java:setRaftConf(386)) - omNode-2@group-523986131536: set configuration 0: peers:[omNode-3|localhost:15187, omNode-1|localhost:15179, omNode-2|localhost:15183]|listeners:[], old=null
2024-02-27 07:49:50,219 [omNode-2-impl-thread1] INFO  server.RaftServerConfigKeys (ConfUtils.java:logGet(46)) - raft.server.log.use.memory = false (default)
2024-02-27 07:49:50,219 [omNode-2-impl-thread1] INFO  server.RaftServerConfigKeys (ConfUtils.java:logGet(46)) - raft.server.log.purge.gap = 50 (custom)
2024-02-27 07:49:50,219 [omNode-2-impl-thread1] INFO  server.RaftServerConfigKeys (ConfUtils.java:logGet(46)) - raft.server.log.appender.buffer.byte-limit = 4194304 (custom)
2024-02-27 07:49:50,219 [omNode-2-impl-thread1] INFO  server.RaftServerConfigKeys (ConfUtils.java:logGet(46)) - raft.server.log.statemachine.data.read.timeout = 1000ms (default)
2024-02-27 07:49:50,220 [omNode-2-impl-thread1] INFO  server.RaftServerConfigKeys (ConfUtils.java:logGet(46)) - raft.server.log.purge.preservation.log.num = 0 (default)
2024-02-27 07:49:50,220 [omNode-2-impl-thread1] INFO  server.RaftServerConfigKeys (ConfUtils.java:logGet(46)) - raft.server.log.segment.size.max = 4194304 (custom)
2024-02-27 07:49:50,220 [omNode-2-impl-thread1] INFO  server.RaftServerConfigKeys (ConfUtils.java:logGet(46)) - raft.server.log.segment.cache.num.max = 2 (custom)
2024-02-27 07:49:50,221 [omNode-2-impl-thread1] INFO  server.RaftServerConfigKeys (ConfUtils.java:logGet(46)) - raft.server.log.segment.cache.size.max = 200MB (=209715200) (default)
2024-02-27 07:49:50,221 [omNode-2-impl-thread1] INFO  server.RaftServerConfigKeys (ConfUtils.java:logGet(46)) - raft.server.log.appender.buffer.byte-limit = 4194304 (custom)
2024-02-27 07:49:50,221 [omNode-2-impl-thread1] INFO  util.AwaitToRun (AwaitToRun.java:start(81)) - Thread[omNode-2@group-523986131536-cacheEviction-AwaitToRun,5,main] started
2024-02-27 07:49:50,221 [omNode-2-impl-thread1] INFO  segmented.SegmentedRaftLogWorker (SegmentedRaftLogWorker.java:<init>(182)) - new omNode-2@group-523986131536-SegmentedRaftLogWorker for RaftStorageImpl:Storage Directory /home/runner/work/ozone/ozone/hadoop-ozone/integration-test/target/test-dir/MiniOzoneClusterImpl-faebf4ee-6c4b-485b-8d19-aa685ee0d5ee/omNode-2/ratis/c9bc4cf4-3bc3-3c60-a66b-523986131536
2024-02-27 07:49:50,221 [omNode-2-impl-thread1] INFO  server.RaftServerConfigKeys (ConfUtils.java:logGet(46)) - raft.server.log.queue.byte-limit = 64MB (=67108864) (default)
2024-02-27 07:49:50,221 [omNode-2-impl-thread1] INFO  server.RaftServerConfigKeys (ConfUtils.java:logGet(46)) - raft.server.log.queue.element-limit = 4096 (default)
2024-02-27 07:49:50,222 [omNode-2-impl-thread1] INFO  server.RaftServerConfigKeys (ConfUtils.java:logGet(46)) - raft.server.log.segment.size.max = 4194304 (custom)
2024-02-27 07:49:50,222 [omNode-2-impl-thread1] INFO  server.RaftServerConfigKeys (ConfUtils.java:logGet(46)) - raft.server.log.preallocated.size = 4194304 (custom)
2024-02-27 07:49:50,222 [omNode-2-impl-thread1] INFO  server.RaftServerConfigKeys (ConfUtils.java:logGet(46)) - raft.server.log.force.sync.num = 128 (default)
2024-02-27 07:49:50,222 [omNode-2-impl-thread1] INFO  server.RaftServerConfigKeys (ConfUtils.java:logGet(46)) - raft.server.log.statemachine.data.sync = true (default)
2024-02-27 07:49:50,222 [omNode-2-impl-thread1] INFO  server.RaftServerConfigKeys (ConfUtils.java:logGet(46)) - raft.server.log.statemachine.data.sync.timeout = 10s (default)
2024-02-27 07:49:50,222 [omNode-2-impl-thread1] INFO  server.RaftServerConfigKeys (ConfUtils.java:logGet(46)) - raft.server.log.statemachine.data.sync.timeout.retry = -1 (default)
2024-02-27 07:49:50,222 [omNode-2-impl-thread1] INFO  server.RaftServerConfigKeys (ConfUtils.java:logGet(46)) - raft.server.log.write.buffer.size = 4194312 (custom)
2024-02-27 07:49:50,223 [omNode-2-impl-thread1] INFO  server.RaftServerConfigKeys (ConfUtils.java:logGet(46)) - raft.server.log.appender.buffer.byte-limit = 4194304 (custom)
2024-02-27 07:49:50,223 [omNode-2-impl-thread1] INFO  server.RaftServerConfigKeys (ConfUtils.java:logGet(46)) - raft.server.log.unsafe-flush.enabled = false (default)
2024-02-27 07:49:50,223 [omNode-2-impl-thread1] INFO  server.RaftServerConfigKeys (ConfUtils.java:logGet(46)) - raft.server.log.async-flush.enabled = false (default)
2024-02-27 07:49:50,223 [omNode-2-impl-thread1] INFO  server.RaftServerConfigKeys (ConfUtils.java:logGet(46)) - raft.server.log.statemachine.data.caching.enabled = false (default)
2024-02-27 07:49:50,223 [omNode-2-impl-thread1] INFO  segmented.SegmentedRaftLogWorker (SegmentedRaftLogWorker.java:lambda$new$0(134)) - omNode-2@group-523986131536-SegmentedRaftLogWorker: flushIndex: setUnconditionally 0 -> 52
2024-02-27 07:49:50,223 [omNode-2-impl-thread1] INFO  segmented.SegmentedRaftLogWorker (SegmentedRaftLogWorker.java:lambda$new$0(134)) - omNode-2@group-523986131536-SegmentedRaftLogWorker: safeCacheEvictIndex: setUnconditionally 0 -> -1
2024-02-27 07:49:50,223 [omNode-2-impl-thread1] INFO  server.RaftServer$Division (RaftServerImpl.java:start(396)) - omNode-2@group-523986131536: start as a follower, conf=0: peers:[omNode-3|localhost:15187, omNode-1|localhost:15179, omNode-2|localhost:15183]|listeners:[], old=null
2024-02-27 07:49:50,223 [omNode-2-impl-thread1] INFO  server.RaftServer$Division (RaftServerImpl.java:setRole(383)) - omNode-2@group-523986131536: changes role from      null to FOLLOWER at term 1 for startAsFollower
2024-02-27 07:49:50,223 [omNode-2-impl-thread1] INFO  impl.RoleInfo (RoleInfo.java:updateAndGet(139)) - omNode-2: start omNode-2@group-523986131536-FollowerState
2024-02-27 07:49:50,224 [omNode-2@group-523986131536-FollowerState] INFO  server.RaftServerConfigKeys (ConfUtils.java:logFallback(53)) - raft.server.rpc.first-election.timeout.min = 1s (fallback to raft.server.rpc.timeout.min)
2024-02-27 07:49:50,224 [omNode-2-impl-thread1] INFO  util.JmxRegister (JmxRegister.java:tryRegister(44)) - Successfully registered JMX Bean with object name Ratis:service=RaftServer,group=group-523986131536,id=omNode-2
2024-02-27 07:49:50,224 [omNode-2-impl-thread1] INFO  server.RaftServerConfigKeys (ConfUtils.java:logGet(46)) - raft.server.snapshot.trigger-when-stop.enabled = true (default)
2024-02-27 07:49:50,224 [omNode-2-impl-thread1] INFO  server.RaftServerConfigKeys (ConfUtils.java:logGet(46)) - raft.server.snapshot.auto.trigger.enabled = true (custom)
2024-02-27 07:49:50,224 [omNode-2-impl-thread1] INFO  server.RaftServerConfigKeys (ConfUtils.java:logGet(46)) - raft.server.snapshot.auto.trigger.threshold = 50 (custom)
2024-02-27 07:49:50,224 [omNode-2-impl-thread1] INFO  server.RaftServerConfigKeys (ConfUtils.java:logGet(46)) - raft.server.snapshot.retention.file.num = -1 (default)
2024-02-27 07:49:50,224 [omNode-2-impl-thread1] INFO  server.RaftServerConfigKeys (ConfUtils.java:logGet(46)) - raft.server.log.purge.upto.snapshot.index = true (custom)
2024-02-27 07:49:50,224 [omNode-2@group-523986131536-FollowerState] INFO  server.RaftServerConfigKeys (ConfUtils.java:logFallback(53)) - raft.server.rpc.first-election.timeout.max = 1200ms (fallback to raft.server.rpc.timeout.max)
2024-02-27 07:49:50,225 [main] INFO  server.RaftServer (RaftServerProxy.java:startImpl(406)) - omNode-2: start RPC server
2024-02-27 07:49:50,226 [main] INFO  server.GrpcService (GrpcService.java:startImpl(302)) - omNode-2: GrpcService started, listening on 15183
2024-02-27 07:49:50,227 [main] INFO  om.OzoneManager (OzoneManager.java:getRpcServer(1206)) - Creating RPC Server
2024-02-27 07:49:50,227 [JvmPauseMonitor58] INFO  util.JvmPauseMonitor (JvmPauseMonitor.java:run(146)) - JvmPauseMonitor-omNode-2: Started
2024-02-27 07:49:50,397 [main] INFO  ipc.CallQueueManager (CallQueueManager.java:<init>(90)) - Using callQueue: class java.util.concurrent.LinkedBlockingQueue, queueCapacity: 2000, scheduler: class org.apache.hadoop.ipc.DefaultRpcScheduler, ipcBackoff: false.
2024-02-27 07:49:50,397 [main] INFO  ipc.Server (Server.java:<init>(1287)) - Listener at localhost:15180
2024-02-27 07:49:50,398 [Socket Reader #1 for port 15180] INFO  ipc.Server (Server.java:run(1323)) - Starting Socket Reader #1 for port 15180
2024-02-27 07:49:50,400 [main] INFO  http.BaseHttpServer (BaseHttpServer.java:newHttpServer2BuilderForOzone(223)) - Starting Web-server for ozoneManager at: http://0.0.0.0:15181
2024-02-27 07:49:50,400 [main] INFO  http.BaseHttpServer (BaseHttpServer.java:<init>(110)) - Hadoop Security Enabled: false Ozone Security Enabled: false Ozone HTTP Security Enabled: false 
2024-02-27 07:49:50,401 [main] WARN  server.AuthenticationFilter (AuthenticationFilter.java:constructSecretProvider(240)) - Unable to initialize FileSignerSecretProvider, falling back to use random secrets. Reason: Could not read signature secret file: /home/runner/hadoop-http-auth-signature-secret
2024-02-27 07:49:50,401 [main] INFO  http.HttpRequestLog (HttpRequestLog.java:getRequestLog(86)) - Http request log for http.requests.ozoneManager is not defined
2024-02-27 07:49:50,402 [main] INFO  http.HttpServer2 (HttpServer2.java:addGlobalFilter(1036)) - Added global filter 'safety' (class=org.apache.hadoop.hdds.server.http.HttpServer2$QuotingInputFilter)
2024-02-27 07:49:50,402 [main] INFO  http.HttpServer2 (HttpServer2.java:addFilter(1012)) - Added filter static_user_filter (class=org.apache.hadoop.http.lib.StaticUserWebFilter$StaticUserFilter) to context ozoneManager
2024-02-27 07:49:50,402 [main] INFO  http.HttpServer2 (HttpServer2.java:addFilter(1020)) - Added filter static_user_filter (class=org.apache.hadoop.http.lib.StaticUserWebFilter$StaticUserFilter) to context static
2024-02-27 07:49:50,403 [main] INFO  http.HttpServer2 (HttpServer2.java:addFilter(1020)) - Added filter static_user_filter (class=org.apache.hadoop.http.lib.StaticUserWebFilter$StaticUserFilter) to context logs
2024-02-27 07:49:50,403 [main] INFO  http.BaseHttpServer (BaseHttpServer.java:<init>(189)) - HTTP server of ozoneManager uses base directory /home/runner/work/ozone/ozone/hadoop-ozone/integration-test/target/test-dir/MiniOzoneClusterImpl-faebf4ee-6c4b-485b-8d19-aa685ee0d5ee/omNode-2/webserver
2024-02-27 07:49:50,403 [main] INFO  http.HttpServer2 (HttpServer2.java:bindListener(1236)) - Jetty bound to port 15181
2024-02-27 07:49:50,403 [main] INFO  server.Server (Server.java:doStart(375)) - jetty-9.4.53.v20231009; built: 2023-10-09T12:29:09.265Z; git: 27bde00a0b95a1d5bbee0eae7984f891d2d0f8c9; jvm 1.8.0_402-b06
2024-02-27 07:49:50,404 [main] INFO  server.session (DefaultSessionIdManager.java:doStart(334)) - DefaultSessionIdManager workerName=node0
2024-02-27 07:49:50,404 [main] INFO  server.session (DefaultSessionIdManager.java:doStart(339)) - No SessionScavenger set, using defaults
2024-02-27 07:49:50,404 [main] INFO  server.session (HouseKeeper.java:startScavenging(132)) - node0 Scavenging every 660000ms
2024-02-27 07:49:50,405 [main] INFO  handler.ContextHandler (ContextHandler.java:doStart(921)) - Started o.e.j.s.ServletContextHandler@6bd30f3e{logs,/logs,file:///home/runner/work/ozone/ozone/hadoop-ozone/integration-test/target/log,AVAILABLE}
2024-02-27 07:49:50,405 [main] INFO  handler.ContextHandler (ContextHandler.java:doStart(921)) - Started o.e.j.s.ServletContextHandler@7199f1c{static,/static,file:///home/runner/work/ozone/ozone/hadoop-ozone/integration-test/target/test-classes/webapps/static,AVAILABLE}
2024-02-27 07:49:50,407 [main] INFO  handler.ContextHandler (ContextHandler.java:doStart(921)) - Started o.e.j.w.WebAppContext@520ef3cf{ozoneManager,/,file:///home/runner/work/ozone/ozone/hadoop-ozone/integration-test/target/test-classes/webapps/ozoneManager/,AVAILABLE}{file:/home/runner/work/ozone/ozone/hadoop-ozone/integration-test/target/test-classes/webapps/ozoneManager}
2024-02-27 07:49:50,407 [main] INFO  server.AbstractConnector (AbstractConnector.java:doStart(333)) - Started ServerConnector@4d402f8f{HTTP/1.1, (http/1.1)}{0.0.0.0:15181}
2024-02-27 07:49:50,407 [main] INFO  server.Server (Server.java:doStart(415)) - Started @673115ms
2024-02-27 07:49:50,407 [main] WARN  impl.MetricsSystemImpl (MetricsSystemImpl.java:register(279)) - Sink prometheus already exists!
2024-02-27 07:49:50,408 [main] INFO  http.BaseHttpServer (BaseHttpServer.java:updateConnectorAddress(354)) - HTTP server of ozoneManager listening at http://0.0.0.0:15181
2024-02-27 07:49:50,408 [IPC Server Responder] INFO  ipc.Server (Server.java:run(1562)) - IPC Server Responder: starting
2024-02-27 07:49:50,408 [IPC Server listener on 15180] INFO  ipc.Server (Server.java:run(1402)) - IPC Server listener on 15180: starting
2024-02-27 07:49:50,412 [main] INFO  om.OzoneManager (OzoneManager.java:startTrashEmptier(2093)) - Trash Interval set to 0. Files deleted won't move to trash
]]></system-out>
    </rerunError>
    <rerunError type="PREPARE_FAILED org.apache.hadoop.ozone.om.exceptions.OMException">
      <stackTrace><![CDATA[PREPARE_FAILED org.apache.hadoop.ozone.om.exceptions.OMException: java.io.IOException: After waiting for 120 seconds, Ratis state machine applied index 50 which is less than the minimum required index 52.
	at org.apache.hadoop.ozone.om.protocolPB.OzoneManagerProtocolClientSideTranslatorPB.handleError(OzoneManagerProtocolClientSideTranslatorPB.java:753)
	at org.apache.hadoop.ozone.om.protocolPB.OzoneManagerProtocolClientSideTranslatorPB.prepareOzoneManager(OzoneManagerProtocolClientSideTranslatorPB.java:2461)
	at org.apache.hadoop.ozone.om.TestOzoneManagerPrepare.submitPrepareRequest(TestOzoneManagerPrepare.java:445)
	at org.apache.hadoop.ozone.om.TestOzoneManagerPrepare.testCancelPrepare(TestOzoneManagerPrepare.java:314)
	at java.lang.reflect.Method.invoke(Method.java:498)
	at java.util.ArrayList.forEach(ArrayList.java:1259)
	at java.util.ArrayList.forEach(ArrayList.java:1259)
]]></stackTrace>
      <system-out><![CDATA[2024-02-27 07:49:55,700 [main] WARN  server.ServerUtils (ServerUtils.java:getScmDbDir(143)) - ozone.scm.db.dirs is not configured. We recommend adding this setting. Falling back to ozone.metadata.dirs instead.
2024-02-27 07:49:55,704 [main] WARN  server.ServerUtils (ServerUtils.java:getScmDbDir(143)) - ozone.scm.db.dirs is not configured. We recommend adding this setting. Falling back to ozone.metadata.dirs instead.
2024-02-27 07:49:55,704 [main] INFO  ha.SCMHANodeDetails (SCMHANodeDetails.java:loadSCMHAConfig(207)) - ServiceID for StorageContainerManager is null
2024-02-27 07:49:55,704 [main] INFO  ha.SCMHANodeDetails (SCMHANodeDetails.java:loadSCMHAConfig(212)) - ozone.scm.default.service.id is not defined, falling back to ozone.scm.service.ids to find serviceID for StorageContainerManager if it is HA enabled cluster
2024-02-27 07:49:55,705 [main] WARN  utils.HAUtils (HAUtils.java:getMetaDir(339)) - ozone.scm.db.dirs is not configured. We recommend adding this setting. Falling back to ozone.metadata.dirs instead.
2024-02-27 07:49:55,705 [main] WARN  db.DBStoreBuilder (DBStoreBuilder.java:applyDBDefinition(171)) - ozone.scm.db.dirs is not configured. We recommend adding this setting. Falling back to ozone.metadata.dirs instead.
2024-02-27 07:49:55,796 [main] INFO  net.NodeSchemaLoader (NodeSchemaLoader.java:loadSchemaFromFile(129)) - Loading schema from [jar:file:/home/runner/.m2/repository/org/apache/ozone/hdds-common/1.5.0-SNAPSHOT/hdds-common-1.5.0-SNAPSHOT.jar!/network-topology-default.xml]
2024-02-27 07:49:55,796 [main] INFO  net.NodeSchemaLoader (NodeSchemaLoader.java:loadSchema(176)) - Loading network topology layer schema file
2024-02-27 07:49:55,798 [main] INFO  upgrade.AbstractLayoutVersionManager (AbstractLayoutVersionManager.java:init(83)) - Initializing Layout version manager with metadata layout = HADOOP_PRC_PORTS_IN_DATANODEDETAILS (version = 7), software layout = HADOOP_PRC_PORTS_IN_DATANODEDETAILS (version = 7)
2024-02-27 07:49:55,799 [main] INFO  ha.SequenceIdGenerator (SequenceIdGenerator.java:upgradeToSequenceId(370)) - upgrade localId to 113750153625600000
2024-02-27 07:49:55,800 [main] INFO  ha.SequenceIdGenerator (SequenceIdGenerator.java:upgradeToSequenceId(380)) - upgrade delTxnId to 0
2024-02-27 07:49:55,801 [main] INFO  ha.SequenceIdGenerator (SequenceIdGenerator.java:upgradeToSequenceId(397)) - upgrade containerId to 0
2024-02-27 07:49:55,802 [main] INFO  ha.SequenceIdGenerator (SequenceIdGenerator.java:upgradeToCertificateSequenceId(444)) - upgrade CertificateId to 2
2024-02-27 07:49:55,802 [main] INFO  ha.SequenceIdGenerator (SequenceIdGenerator.java:<init>(241)) - Init the HA SequenceIdGenerator.
2024-02-27 07:49:55,802 [main] WARN  server.ServerUtils (ServerUtils.java:sanitizeUserArgs(79)) - ozone.scm.stale.node.interval value = 300000 is larger than max = 100000 based on the key value of ozone.scm.heartbeat.thread.interval, reset to the max value 100000.
2024-02-27 07:49:55,802 [main] WARN  server.ServerUtils (ServerUtils.java:sanitizeUserArgs(79)) - ozone.scm.stale.node.interval value = 300000 is larger than max = 100000 based on the key value of ozone.scm.heartbeat.thread.interval, reset to the max value 100000.
2024-02-27 07:49:55,803 [main] INFO  node.SCMNodeManager (SCMNodeManager.java:<init>(177)) - Entering startup safe mode.
2024-02-27 07:49:55,803 [main] INFO  algorithms.ContainerPlacementPolicyFactory (ContainerPlacementPolicyFactory.java:getPolicyInternal(86)) - Create container placement policy of type org.apache.hadoop.hdds.scm.container.placement.algorithms.SCMContainerPlacementRackAware
2024-02-27 07:49:55,803 [main] INFO  algorithms.ContainerPlacementPolicyFactory (ContainerPlacementPolicyFactory.java:getPolicyInternal(86)) - Create container placement policy of type org.apache.hadoop.hdds.scm.container.placement.algorithms.SCMContainerPlacementRackScatter
2024-02-27 07:49:55,803 [main] INFO  pipeline.PipelineStateManagerImpl (PipelineStateManagerImpl.java:initialize(78)) - No pipeline exists in current db
2024-02-27 07:49:55,803 [main] INFO  algorithms.LeaderChoosePolicyFactory (LeaderChoosePolicyFactory.java:getPolicy(57)) - Create leader choose policy of type org.apache.hadoop.hdds.scm.pipeline.leader.choose.algorithms.MinLeaderCountChoosePolicy
2024-02-27 07:49:55,803 [main] INFO  algorithms.ContainerPlacementPolicyFactory (ContainerPlacementPolicyFactory.java:getPolicyInternal(86)) - Create container placement policy of type org.apache.hadoop.hdds.scm.container.placement.algorithms.SCMContainerPlacementRackScatter
2024-02-27 07:49:55,804 [main] INFO  ha.SCMServiceManager (SCMServiceManager.java:register(42)) - Registering service BackgroundPipelineCreator.
2024-02-27 07:49:55,804 [main] INFO  pipeline.BackgroundPipelineCreator (BackgroundPipelineCreator.java:start(127)) - Starting RatisPipelineUtilsThread.
2024-02-27 07:49:55,804 [main] INFO  BackgroundPipelineScrubber (BackgroundSCMService.java:start(65)) - Starting BackgroundPipelineScrubber Service.
2024-02-27 07:49:55,804 [main] INFO  ha.SCMServiceManager (SCMServiceManager.java:register(42)) - Registering service BackgroundPipelineScrubber.
2024-02-27 07:49:55,804 [main] INFO  ExpiredContainerReplicaOpScrubber (BackgroundSCMService.java:start(65)) - Starting ExpiredContainerReplicaOpScrubber Service.
2024-02-27 07:49:55,805 [main] INFO  ha.SCMServiceManager (SCMServiceManager.java:register(42)) - Registering service ExpiredContainerReplicaOpScrubber.
2024-02-27 07:49:55,805 [main] INFO  algorithms.PipelineChoosePolicyFactory (PipelineChoosePolicyFactory.java:createPipelineChoosePolicyFromClass(80)) - Create pipeline choose policy of type org.apache.hadoop.hdds.scm.pipeline.choose.algorithms.RandomPipelineChoosePolicy
2024-02-27 07:49:55,805 [main] INFO  algorithms.PipelineChoosePolicyFactory (PipelineChoosePolicyFactory.java:createPipelineChoosePolicyFromClass(80)) - Create pipeline choose policy of type org.apache.hadoop.hdds.scm.pipeline.choose.algorithms.RandomPipelineChoosePolicy
2024-02-27 07:49:55,806 [main] INFO  ha.SCMServiceManager (SCMServiceManager.java:register(42)) - Registering service SCMBlockDeletingService.
2024-02-27 07:49:55,807 [main] INFO  replication.ReplicationManager (ReplicationManager.java:start(295)) - Starting Replication Monitor Thread.
2024-02-27 07:49:55,807 [ReplicationMonitor] INFO  replication.ReplicationManager (ReplicationManager.java:processAll(370)) - Replication Manager is not ready to run until 3000ms after safemode exit
2024-02-27 07:49:55,807 [main] INFO  ha.SCMServiceManager (SCMServiceManager.java:register(42)) - Registering service ReplicationManager.
2024-02-27 07:49:55,808 [main] INFO  safemode.ContainerSafeModeRule (ContainerSafeModeRule.java:<init>(91)) - containers with one replica threshold count 0
2024-02-27 07:49:55,809 [main] INFO  safemode.HealthyPipelineSafeModeRule (HealthyPipelineSafeModeRule.java:initializeRule(176)) - Total pipeline count is 0, healthy pipeline threshold count is 1
2024-02-27 07:49:55,809 [main] INFO  safemode.OneReplicaPipelineSafeModeRule (OneReplicaPipelineSafeModeRule.java:initializeRule(193)) - Total pipeline count is 0, pipeline's with at least one datanode reported threshold count is 0
2024-02-27 07:49:55,809 [main] INFO  server.StorageContainerManager (StorageContainerManager.java:<init>(440)) - SCM start with adminUsers: [*, runner]
2024-02-27 07:49:55,809 [main] INFO  ipc.CallQueueManager (CallQueueManager.java:<init>(90)) - Using callQueue: class java.util.concurrent.LinkedBlockingQueue, queueCapacity: 10000, scheduler: class org.apache.hadoop.ipc.DefaultRpcScheduler, ipcBackoff: false.
2024-02-27 07:49:55,809 [main] INFO  ipc.Server (Server.java:<init>(1287)) - Listener at 0.0.0.0:15217
2024-02-27 07:49:55,810 [Socket Reader #1 for port 15217] INFO  ipc.Server (Server.java:run(1323)) - Starting Socket Reader #1 for port 15217
2024-02-27 07:49:55,811 [main] INFO  ipc.CallQueueManager (CallQueueManager.java:<init>(90)) - Using callQueue: class java.util.concurrent.LinkedBlockingQueue, queueCapacity: 10000, scheduler: class org.apache.hadoop.ipc.DefaultRpcScheduler, ipcBackoff: false.
2024-02-27 07:49:55,811 [main] INFO  ipc.Server (Server.java:<init>(1287)) - Listener at 0.0.0.0:15216
2024-02-27 07:49:55,811 [Socket Reader #1 for port 15216] INFO  ipc.Server (Server.java:run(1323)) - Starting Socket Reader #1 for port 15216
2024-02-27 07:49:55,812 [main] INFO  ipc.CallQueueManager (CallQueueManager.java:<init>(90)) - Using callQueue: class java.util.concurrent.LinkedBlockingQueue, queueCapacity: 10000, scheduler: class org.apache.hadoop.ipc.DefaultRpcScheduler, ipcBackoff: false.
2024-02-27 07:49:55,812 [main] INFO  ipc.Server (Server.java:<init>(1287)) - Listener at 0.0.0.0:15215
2024-02-27 07:49:55,812 [Socket Reader #1 for port 15215] INFO  ipc.Server (Server.java:run(1323)) - Starting Socket Reader #1 for port 15215
2024-02-27 07:49:55,814 [main] INFO  ha.SCMServiceManager (SCMServiceManager.java:register(42)) - Registering service ContainerBalancer.
2024-02-27 07:49:55,815 [main] INFO  ha.SCMContext (SCMContext.java:updateSafeModeStatus(225)) - Update SafeModeStatus from SafeModeStatus{safeModeStatus=true, preCheckPassed=false} to SafeModeStatus{safeModeStatus=true, preCheckPassed=false}.
2024-02-27 07:49:55,815 [main] INFO  server.StorageContainerManager (StorageContainerManager.java:start(1545)) - StorageContainerLocationProtocol RPC server is listening at /0.0.0.0:15215
2024-02-27 07:49:55,816 [main] WARN  impl.MetricsConfig (MetricsConfig.java:loadFirst(136)) - Cannot locate configuration: tried hadoop-metrics2-storagecontainermanager.properties,hadoop-metrics2.properties
2024-02-27 07:49:55,816 [main] INFO  impl.MetricsSystemImpl (MetricsSystemImpl.java:startTimer(378)) - Scheduled Metric snapshot period at 10 second(s).
2024-02-27 07:49:55,816 [main] INFO  impl.MetricsSystemImpl (MetricsSystemImpl.java:start(191)) - StorageContainerManager metrics system started
2024-02-27 07:49:55,825 [main] INFO  impl.MetricsSinkAdapter (MetricsSinkAdapter.java:start(204)) - Sink prometheus started
2024-02-27 07:49:55,825 [main] INFO  impl.MetricsSystemImpl (MetricsSystemImpl.java:registerSink(305)) - Registered sink prometheus
2024-02-27 07:49:55,852 [main] INFO  server.SCMClientProtocolServer (SCMClientProtocolServer.java:start(204)) - RPC server for Client  is listening at /0.0.0.0:15215
2024-02-27 07:49:55,852 [IPC Server Responder] INFO  ipc.Server (Server.java:run(1562)) - IPC Server Responder: starting
2024-02-27 07:49:55,853 [IPC Server listener on 15215] INFO  ipc.Server (Server.java:run(1402)) - IPC Server listener on 15215: starting
2024-02-27 07:49:55,863 [main] INFO  server.StorageContainerManager (StorageContainerManager.java:start(1558)) - ScmBlockLocationProtocol RPC server is listening at /0.0.0.0:15216
2024-02-27 07:49:55,864 [main] INFO  server.SCMBlockProtocolServer (SCMBlockProtocolServer.java:start(160)) - RPC server for Block Protocol is listening at /0.0.0.0:15216
2024-02-27 07:49:55,864 [IPC Server listener on 15216] INFO  ipc.Server (Server.java:run(1402)) - IPC Server listener on 15216: starting
2024-02-27 07:49:55,864 [IPC Server Responder] INFO  ipc.Server (Server.java:run(1562)) - IPC Server Responder: starting
2024-02-27 07:49:55,875 [main] INFO  server.SCMDatanodeProtocolServer (SCMDatanodeProtocolServer.java:start(194)) - ScmDatanodeProtocol RPC server for DataNodes is listening at /0.0.0.0:15217
2024-02-27 07:49:55,876 [IPC Server Responder] INFO  ipc.Server (Server.java:run(1562)) - IPC Server Responder: starting
2024-02-27 07:49:55,876 [IPC Server listener on 15217] INFO  ipc.Server (Server.java:run(1402)) - IPC Server listener on 15217: starting
2024-02-27 07:49:55,894 [JvmPauseMonitor59] INFO  util.JvmPauseMonitor (JvmPauseMonitor.java:run(146)) - JvmPauseMonitor-7a8755a0-7b21-4565-92da-39dbb5967e02: Started
2024-02-27 07:49:55,894 [main] INFO  http.BaseHttpServer (BaseHttpServer.java:newHttpServer2BuilderForOzone(223)) - Starting Web-server for scm at: http://0.0.0.0:15218
2024-02-27 07:49:55,894 [main] INFO  http.BaseHttpServer (BaseHttpServer.java:<init>(110)) - Hadoop Security Enabled: false Ozone Security Enabled: false Ozone HTTP Security Enabled: false 
2024-02-27 07:49:55,896 [main] WARN  server.AuthenticationFilter (AuthenticationFilter.java:constructSecretProvider(240)) - Unable to initialize FileSignerSecretProvider, falling back to use random secrets. Reason: Could not read signature secret file: /home/runner/hadoop-http-auth-signature-secret
2024-02-27 07:49:55,896 [main] INFO  http.HttpRequestLog (HttpRequestLog.java:getRequestLog(86)) - Http request log for http.requests.scm is not defined
2024-02-27 07:49:55,897 [main] INFO  http.HttpServer2 (HttpServer2.java:addGlobalFilter(1036)) - Added global filter 'safety' (class=org.apache.hadoop.hdds.server.http.HttpServer2$QuotingInputFilter)
2024-02-27 07:49:55,898 [main] INFO  http.HttpServer2 (HttpServer2.java:addFilter(1012)) - Added filter static_user_filter (class=org.apache.hadoop.http.lib.StaticUserWebFilter$StaticUserFilter) to context scm
2024-02-27 07:49:55,898 [main] INFO  http.HttpServer2 (HttpServer2.java:addFilter(1020)) - Added filter static_user_filter (class=org.apache.hadoop.http.lib.StaticUserWebFilter$StaticUserFilter) to context logs
2024-02-27 07:49:55,898 [main] INFO  http.HttpServer2 (HttpServer2.java:addFilter(1020)) - Added filter static_user_filter (class=org.apache.hadoop.http.lib.StaticUserWebFilter$StaticUserFilter) to context static
2024-02-27 07:49:55,898 [main] INFO  http.BaseHttpServer (BaseHttpServer.java:<init>(189)) - HTTP server of scm uses base directory /home/runner/work/ozone/ozone/hadoop-ozone/integration-test/target/test-dir/MiniOzoneClusterImpl-4c9fddb8-14cc-4d18-9561-dc95ff2af5f2/ozone-meta/webserver
2024-02-27 07:49:55,898 [main] INFO  http.HttpServer2 (HttpServer2.java:bindListener(1236)) - Jetty bound to port 15218
2024-02-27 07:49:55,899 [main] INFO  server.Server (Server.java:doStart(375)) - jetty-9.4.53.v20231009; built: 2023-10-09T12:29:09.265Z; git: 27bde00a0b95a1d5bbee0eae7984f891d2d0f8c9; jvm 1.8.0_402-b06
2024-02-27 07:49:55,901 [main] INFO  server.session (DefaultSessionIdManager.java:doStart(334)) - DefaultSessionIdManager workerName=node0
2024-02-27 07:49:55,902 [main] INFO  server.session (DefaultSessionIdManager.java:doStart(339)) - No SessionScavenger set, using defaults
2024-02-27 07:49:55,902 [main] INFO  server.session (HouseKeeper.java:startScavenging(132)) - node0 Scavenging every 660000ms
2024-02-27 07:49:55,902 [main] INFO  handler.ContextHandler (ContextHandler.java:doStart(921)) - Started o.e.j.s.ServletContextHandler@486826b9{logs,/logs,file:///home/runner/work/ozone/ozone/hadoop-ozone/integration-test/target/log,AVAILABLE}
2024-02-27 07:49:55,903 [main] INFO  handler.ContextHandler (ContextHandler.java:doStart(921)) - Started o.e.j.s.ServletContextHandler@66e6b175{static,/static,file:///home/runner/work/ozone/ozone/hadoop-ozone/integration-test/target/test-classes/webapps/static,AVAILABLE}
2024-02-27 07:49:55,905 [main] INFO  handler.ContextHandler (ContextHandler.java:doStart(921)) - Started o.e.j.w.WebAppContext@4d40dfe2{scm,/,file:///home/runner/work/ozone/ozone/hadoop-ozone/integration-test/target/test-classes/webapps/scm/,AVAILABLE}{file:/home/runner/work/ozone/ozone/hadoop-ozone/integration-test/target/test-classes/webapps/scm}
2024-02-27 07:49:55,905 [main] INFO  server.AbstractConnector (AbstractConnector.java:doStart(333)) - Started ServerConnector@f31944b{HTTP/1.1, (http/1.1)}{0.0.0.0:15218}
2024-02-27 07:49:55,905 [main] INFO  server.Server (Server.java:doStart(415)) - Started @678613ms
2024-02-27 07:49:55,905 [main] WARN  impl.MetricsSystemImpl (MetricsSystemImpl.java:register(279)) - Sink prometheus already exists!
2024-02-27 07:49:55,906 [main] INFO  http.BaseHttpServer (BaseHttpServer.java:updateConnectorAddress(354)) - HTTP server of scm listening at http://0.0.0.0:15218
2024-02-27 07:49:55,906 [main] INFO  ha.OMHANodeDetails (OMHANodeDetails.java:loadOMHAConfig(121)) - ServiceID for OzoneManager is om-service-test1
2024-02-27 07:49:55,907 [main] INFO  ha.OMHANodeDetails (OMHANodeDetails.java:loadOMHAConfig(201)) - Found matching OM address with OMServiceId: om-service-test1, OMNodeId: omNode-1, RPC Address: localhost:15219 and Ratis port: 15222
2024-02-27 07:49:55,907 [main] INFO  ha.OMHANodeDetails (ConfUtils.java:setNodeSpecificConfigs(97)) - Setting configuration key ozone.om.http-address with value of key ozone.om.http-address.om-service-test1.omNode-1: 127.0.0.1:15220
2024-02-27 07:49:55,907 [main] INFO  ha.OMHANodeDetails (ConfUtils.java:setNodeSpecificConfigs(97)) - Setting configuration key ozone.om.https-address with value of key ozone.om.https-address.om-service-test1.omNode-1: 127.0.0.1:15221
2024-02-27 07:49:55,907 [main] INFO  ha.OMHANodeDetails (ConfUtils.java:setNodeSpecificConfigs(97)) - Setting configuration key ozone.om.address with value of key ozone.om.address.om-service-test1.omNode-1: 127.0.0.1:15219
2024-02-27 07:49:55,907 [main] WARN  server.ServerUtils (ServerUtils.java:getDBPath(299)) - ozone.om.db.dirs is not configured. We recommend adding this setting. Falling back to ozone.metadata.dirs instead.
2024-02-27 07:49:55,907 [main] INFO  proxy.SCMBlockLocationFailoverProxyProvider (SCMBlockLocationFailoverProxyProvider.java:<init>(115)) - Created block location fail-over proxy with 1 nodes: [nodeId=scmNodeId,nodeAddress=/0.0.0.0:15216]
OM initialization succeeded.Current cluster id for sd=/home/runner/work/ozone/ozone/hadoop-ozone/integration-test/target/test-dir/MiniOzoneClusterImpl-4c9fddb8-14cc-4d18-9561-dc95ff2af5f2/omNode-1/om;cid=4c9fddb8-14cc-4d18-9561-dc95ff2af5f2;layoutVersion=6
2024-02-27 07:49:55,913 [main] INFO  ha.OMHANodeDetails (OMHANodeDetails.java:loadOMHAConfig(121)) - ServiceID for OzoneManager is om-service-test1
2024-02-27 07:49:55,913 [main] INFO  ha.OMHANodeDetails (OMHANodeDetails.java:loadOMHAConfig(201)) - Found matching OM address with OMServiceId: om-service-test1, OMNodeId: omNode-1, RPC Address: localhost:15219 and Ratis port: 15222
2024-02-27 07:49:55,913 [main] INFO  ha.OMHANodeDetails (ConfUtils.java:setNodeSpecificConfigs(97)) - Setting configuration key ozone.om.http-address with value of key ozone.om.http-address.om-service-test1.omNode-1: 127.0.0.1:15220
2024-02-27 07:49:55,913 [main] INFO  ha.OMHANodeDetails (ConfUtils.java:setNodeSpecificConfigs(97)) - Setting configuration key ozone.om.https-address with value of key ozone.om.https-address.om-service-test1.omNode-1: 127.0.0.1:15221
2024-02-27 07:49:55,914 [main] INFO  ha.OMHANodeDetails (ConfUtils.java:setNodeSpecificConfigs(97)) - Setting configuration key ozone.om.address with value of key ozone.om.address.om-service-test1.omNode-1: 127.0.0.1:15219
2024-02-27 07:49:55,914 [main] WARN  server.ServerUtils (ServerUtils.java:getDBPath(299)) - ozone.om.db.dirs is not configured. We recommend adding this setting. Falling back to ozone.metadata.dirs instead.
2024-02-27 07:49:55,914 [main] INFO  upgrade.AbstractLayoutVersionManager (AbstractLayoutVersionManager.java:init(83)) - Initializing Layout version manager with metadata layout = QUOTA (version = 6), software layout = QUOTA (version = 6)
2024-02-27 07:49:55,946 [main] INFO  upgrade.OMLayoutVersionManager (OMLayoutVersionManager.java:lambda$0(113)) - Skipping Upgrade Action QuotaRepairUpgradeAction since it has been finalized.
2024-02-27 07:49:55,946 [main] INFO  upgrade.OMLayoutVersionManager (OMLayoutVersionManager.java:lambda$0(113)) - Skipping Upgrade Action MockOmUpgradeAction since it has been finalized.
2024-02-27 07:49:55,946 [main] WARN  server.ServerUtils (ServerUtils.java:getDBPath(299)) - ozone.om.db.dirs is not configured. We recommend adding this setting. Falling back to ozone.metadata.dirs instead.
2024-02-27 07:49:55,947 [main] INFO  proxy.SCMBlockLocationFailoverProxyProvider (SCMBlockLocationFailoverProxyProvider.java:<init>(115)) - Created block location fail-over proxy with 1 nodes: [nodeId=scmNodeId,nodeAddress=/0.0.0.0:15216]
2024-02-27 07:49:55,948 [main] INFO  proxy.SCMBlockLocationFailoverProxyProvider (SCMBlockLocationFailoverProxyProvider.java:<init>(115)) - Created block location fail-over proxy with 1 nodes: [nodeId=scmNodeId,nodeAddress=/0.0.0.0:15216]
2024-02-27 07:49:55,953 [main] INFO  om.OzoneManager (OzoneManager.java:<init>(672)) - OM start with adminUsers: [*, runner]
2024-02-27 07:49:55,953 [main] WARN  server.ServerUtils (ServerUtils.java:getDBPath(299)) - ozone.om.db.dirs is not configured. We recommend adding this setting. Falling back to ozone.metadata.dirs instead.
2024-02-27 07:49:55,954 [main] INFO  helpers.OmKeyInfo (OmKeyInfo.java:getCodec(71)) - OmKeyInfo.getCodec ignorePipeline = true
2024-02-27 07:49:56,104 [main] INFO  om.OzoneManager (OzoneManager.java:instantiateServices(804)) - S3 Multi-Tenancy is disabled
2024-02-27 07:49:56,105 [main] INFO  om.OmSnapshotManager (OmSnapshotManager.java:<init>(177)) - Ozone filesystem snapshot feature is enabled.
2024-02-27 07:49:56,105 [main] WARN  server.ServerUtils (ServerUtils.java:getDBPath(299)) - ozone.om.snapshot.diff.db.dir is not configured. We recommend adding this setting. Falling back to ozone.metadata.dirs instead.
2024-02-27 07:49:56,122 [main] INFO  utils.NativeLibraryLoader (NativeLibraryLoader.java:loadLibrary(108)) - Loading Library: ozone_rocksdb_tools
2024-02-27 07:49:56,122 [main] ERROR snapshot.SnapshotDiffManager (SnapshotDiffManager.java:initNativeLibraryForEfficientDiff(287)) - Native Library for raw sst file reading loading failed.
org.apache.hadoop.hdds.utils.NativeLibraryNotLoadedException: Unable to load library ozone_rocksdb_tools from both java.library.path & resource file libozone_rocksdb_tools.so from jar.
	at org.apache.hadoop.hdds.utils.db.managed.ManagedRawSSTFileReader.loadLibrary(ManagedRawSSTFileReader.java:38)
	at org.apache.hadoop.ozone.om.snapshot.SnapshotDiffManager.initNativeLibraryForEfficientDiff(SnapshotDiffManager.java:285)
	at org.apache.hadoop.ozone.om.snapshot.SnapshotDiffManager.<init>(SnapshotDiffManager.java:259)
	at org.apache.hadoop.ozone.om.OmSnapshotManager.<init>(OmSnapshotManager.java:279)
	at org.apache.hadoop.ozone.om.OzoneManager.instantiateServices(OzoneManager.java:856)
	at org.apache.hadoop.ozone.om.OzoneManager.<init>(OzoneManager.java:682)
	at org.apache.hadoop.ozone.om.OzoneManager.createOm(OzoneManager.java:767)
	at org.apache.hadoop.ozone.MiniOzoneHAClusterImpl$Builder.createOMService(MiniOzoneHAClusterImpl.java:467)
	at org.apache.hadoop.ozone.MiniOzoneHAClusterImpl$Builder.build(MiniOzoneHAClusterImpl.java:387)
	at org.apache.hadoop.ozone.om.TestOzoneManagerHA.init(TestOzoneManagerHA.java:184)
	at sun.reflect.NativeMethodAccessorImpl.invoke0(Native Method)
	at sun.reflect.NativeMethodAccessorImpl.invoke(NativeMethodAccessorImpl.java:62)
	at sun.reflect.DelegatingMethodAccessorImpl.invoke(DelegatingMethodAccessorImpl.java:43)
	at java.lang.reflect.Method.invoke(Method.java:498)
	at org.junit.platform.commons.util.ReflectionUtils.invokeMethod(ReflectionUtils.java:728)
	at org.junit.jupiter.engine.execution.MethodInvocation.proceed(MethodInvocation.java:60)
	at org.junit.jupiter.engine.execution.InvocationInterceptorChain$ValidatingInvocation.proceed(InvocationInterceptorChain.java:131)
	at org.junit.jupiter.engine.extension.TimeoutExtension.intercept(TimeoutExtension.java:156)
	at org.junit.jupiter.engine.extension.TimeoutExtension.interceptLifecycleMethod(TimeoutExtension.java:128)
	at org.junit.jupiter.engine.extension.TimeoutExtension.interceptBeforeAllMethod(TimeoutExtension.java:70)
	at org.junit.jupiter.engine.execution.InterceptingExecutableInvoker$ReflectiveInterceptorCall.lambda$ofVoidMethod$0(InterceptingExecutableInvoker.java:103)
	at org.junit.jupiter.engine.execution.InterceptingExecutableInvoker.lambda$invoke$0(InterceptingExecutableInvoker.java:93)
	at org.junit.jupiter.engine.execution.InvocationInterceptorChain$InterceptedInvocation.proceed(InvocationInterceptorChain.java:106)
	at org.junit.jupiter.engine.execution.InvocationInterceptorChain.proceed(InvocationInterceptorChain.java:64)
	at org.junit.jupiter.engine.execution.InvocationInterceptorChain.chainAndInvoke(InvocationInterceptorChain.java:45)
	at org.junit.jupiter.engine.execution.InvocationInterceptorChain.invoke(InvocationInterceptorChain.java:37)
	at org.junit.jupiter.engine.execution.InterceptingExecutableInvoker.invoke(InterceptingExecutableInvoker.java:92)
	at org.junit.jupiter.engine.execution.InterceptingExecutableInvoker.invoke(InterceptingExecutableInvoker.java:86)
	at org.junit.jupiter.engine.descriptor.ClassBasedTestDescriptor.lambda$invokeBeforeAllMethods$13(ClassBasedTestDescriptor.java:412)
	at org.junit.platform.engine.support.hierarchical.ThrowableCollector.execute(ThrowableCollector.java:73)
	at org.junit.jupiter.engine.descriptor.ClassBasedTestDescriptor.invokeBeforeAllMethods(ClassBasedTestDescriptor.java:410)
	at org.junit.jupiter.engine.descriptor.ClassBasedTestDescriptor.before(ClassBasedTestDescriptor.java:216)
	at org.junit.jupiter.engine.descriptor.ClassBasedTestDescriptor.before(ClassBasedTestDescriptor.java:85)
	at org.junit.platform.engine.support.hierarchical.NodeTestTask.lambda$executeRecursively$6(NodeTestTask.java:148)
	at org.junit.platform.engine.support.hierarchical.ThrowableCollector.execute(ThrowableCollector.java:73)
	at org.junit.platform.engine.support.hierarchical.NodeTestTask.lambda$executeRecursively$8(NodeTestTask.java:141)
	at org.junit.platform.engine.support.hierarchical.Node.around(Node.java:137)
	at org.junit.platform.engine.support.hierarchical.NodeTestTask.lambda$executeRecursively$9(NodeTestTask.java:139)
	at org.junit.platform.engine.support.hierarchical.ThrowableCollector.execute(ThrowableCollector.java:73)
	at org.junit.platform.engine.support.hierarchical.NodeTestTask.executeRecursively(NodeTestTask.java:138)
	at org.junit.platform.engine.support.hierarchical.NodeTestTask.execute(NodeTestTask.java:95)
	at java.util.ArrayList.forEach(ArrayList.java:1259)
	at org.junit.platform.engine.support.hierarchical.SameThreadHierarchicalTestExecutorService.invokeAll(SameThreadHierarchicalTestExecutorService.java:41)
	at org.junit.platform.engine.support.hierarchical.NodeTestTask.lambda$executeRecursively$6(NodeTestTask.java:155)
	at org.junit.platform.engine.support.hierarchical.ThrowableCollector.execute(ThrowableCollector.java:73)
	at org.junit.platform.engine.support.hierarchical.NodeTestTask.lambda$executeRecursively$8(NodeTestTask.java:141)
	at org.junit.platform.engine.support.hierarchical.Node.around(Node.java:137)
	at org.junit.platform.engine.support.hierarchical.NodeTestTask.lambda$executeRecursively$9(NodeTestTask.java:139)
	at org.junit.platform.engine.support.hierarchical.ThrowableCollector.execute(ThrowableCollector.java:73)
	at org.junit.platform.engine.support.hierarchical.NodeTestTask.executeRecursively(NodeTestTask.java:138)
	at org.junit.platform.engine.support.hierarchical.NodeTestTask.execute(NodeTestTask.java:95)
	at org.junit.platform.engine.support.hierarchical.SameThreadHierarchicalTestExecutorService.submit(SameThreadHierarchicalTestExecutorService.java:35)
	at org.junit.platform.engine.support.hierarchical.HierarchicalTestExecutor.execute(HierarchicalTestExecutor.java:57)
	at org.junit.platform.engine.support.hierarchical.HierarchicalTestEngine.execute(HierarchicalTestEngine.java:54)
	at org.junit.platform.launcher.core.EngineExecutionOrchestrator.execute(EngineExecutionOrchestrator.java:198)
	at org.junit.platform.launcher.core.EngineExecutionOrchestrator.execute(EngineExecutionOrchestrator.java:169)
	at org.junit.platform.launcher.core.EngineExecutionOrchestrator.execute(EngineExecutionOrchestrator.java:93)
	at org.junit.platform.launcher.core.EngineExecutionOrchestrator.lambda$execute$0(EngineExecutionOrchestrator.java:58)
	at org.junit.platform.launcher.core.EngineExecutionOrchestrator.withInterceptedStreams(EngineExecutionOrchestrator.java:141)
	at org.junit.platform.launcher.core.EngineExecutionOrchestrator.execute(EngineExecutionOrchestrator.java:57)
	at org.junit.platform.launcher.core.DefaultLauncher.execute(DefaultLauncher.java:103)
	at org.junit.platform.launcher.core.DefaultLauncher.execute(DefaultLauncher.java:85)
	at org.junit.platform.launcher.core.DelegatingLauncher.execute(DelegatingLauncher.java:47)
	at org.junit.platform.launcher.core.SessionPerRequestLauncher.execute(SessionPerRequestLauncher.java:63)
	at org.apache.maven.surefire.junitplatform.JUnitPlatformProvider.invokeAllTests(JUnitPlatformProvider.java:165)
	at org.apache.maven.surefire.junitplatform.JUnitPlatformProvider.invoke(JUnitPlatformProvider.java:124)
	at org.apache.maven.surefire.booter.ForkedBooter.runSuitesInProcess(ForkedBooter.java:428)
	at org.apache.maven.surefire.booter.ForkedBooter.execute(ForkedBooter.java:162)
	at org.apache.maven.surefire.booter.ForkedBooter.run(ForkedBooter.java:562)
	at org.apache.maven.surefire.booter.ForkedBooter.main(ForkedBooter.java:548)
2024-02-27 07:49:56,124 [main] INFO  om.OzoneManager (OzoneManager.java:addS3GVolumeToDB(4425)) - Created Volume s3v With Owner runner required for S3Gateway operations.
2024-02-27 07:49:56,124 [main] WARN  server.ServerUtils (ServerUtils.java:getDefaultRatisDirectory(311)) - Storage directory for Ratis is not configured. It is a good idea to map this to an SSD disk. Falling back to ozone.metadata.dirs
2024-02-27 07:49:56,125 [main] WARN  utils.OzoneManagerRatisUtils (OzoneManagerRatisUtils.java:getOMRatisSnapshotDirectory(476)) - ozone.om.ratis.snapshot.dir is not configured. Falling back to ozone.metadata.dirs config
2024-02-27 07:49:56,125 [main] INFO  utils.RDBSnapshotProvider (RDBSnapshotProvider.java:init(87)) - Cleaning up the candidate dir: /home/runner/work/ozone/ozone/hadoop-ozone/integration-test/target/test-dir/MiniOzoneClusterImpl-4c9fddb8-14cc-4d18-9561-dc95ff2af5f2/omNode-1/snapshot/om.db.candidate
2024-02-27 07:49:56,125 [main] INFO  ratis_snapshot.OmRatisSnapshotProvider (OmRatisSnapshotProvider.java:<init>(99)) - Initializing OM Snapshot Provider
2024-02-27 07:49:56,127 [main] WARN  server.ServerUtils (ServerUtils.java:getDefaultRatisDirectory(311)) - Storage directory for Ratis is not configured. It is a good idea to map this to an SSD disk. Falling back to ozone.metadata.dirs
2024-02-27 07:49:56,127 [main] INFO  ratis.OzoneManagerRatisServer (OzoneManagerRatisServer.java:<init>(167)) - Instantiating OM Ratis server with groupID: om-service-test1 and peers: localhost:15222, localhost:15230, localhost:15226
2024-02-27 07:49:56,128 [main] INFO  ratis.OzoneManagerStateMachine (OzoneManagerStateMachine.java:loadSnapshotInfoFromDB(576)) - TransactionInfo not found in OM DB.
2024-02-27 07:49:56,128 [main] INFO  server.RaftServer (ConfUtils.java:logGet(46)) - raft.rpc.type = GRPC (default)
2024-02-27 07:49:56,128 [main] INFO  grpc.GrpcConfigKeys (ConfUtils.java:logFallback(53)) - raft.grpc.admin.host = null (fallback to raft.grpc.server.host)
2024-02-27 07:49:56,128 [main] INFO  grpc.GrpcConfigKeys (ConfUtils.java:logFallback(53)) - raft.grpc.admin.port = 15222 (fallback to raft.grpc.server.port)
2024-02-27 07:49:56,128 [main] INFO  grpc.GrpcConfigKeys (ConfUtils.java:logFallback(53)) - raft.grpc.client.host = null (fallback to raft.grpc.server.host)
2024-02-27 07:49:56,129 [main] INFO  grpc.GrpcConfigKeys (ConfUtils.java:logFallback(53)) - raft.grpc.client.port = 15222 (fallback to raft.grpc.server.port)
2024-02-27 07:49:56,129 [main] INFO  grpc.GrpcConfigKeys (ConfUtils.java:logGet(46)) - raft.grpc.server.host = null (default)
2024-02-27 07:49:56,129 [main] INFO  grpc.GrpcConfigKeys (ConfUtils.java:logGet(46)) - raft.grpc.server.port = 15222 (custom)
2024-02-27 07:49:56,129 [main] INFO  server.GrpcService (ConfUtils.java:logGet(46)) - raft.grpc.message.size.max = 4194304 (custom)
2024-02-27 07:49:56,129 [main] INFO  server.RaftServerConfigKeys (ConfUtils.java:logGet(46)) - raft.server.log.appender.buffer.byte-limit = 4194304 (custom)
2024-02-27 07:49:56,129 [main] INFO  server.GrpcService (ConfUtils.java:logGet(46)) - raft.grpc.flow.control.window = 1MB (=1048576) (default)
2024-02-27 07:49:56,129 [main] INFO  server.RaftServerConfigKeys (ConfUtils.java:logGet(46)) - raft.server.rpc.request.timeout = 3000ms (default)
2024-02-27 07:49:56,129 [main] INFO  grpc.GrpcConfigKeys (ConfUtils.java:logGet(46)) - raft.grpc.server.heartbeat.channel = true (default)
2024-02-27 07:49:56,129 [main] INFO  grpc.GrpcConfigKeys (ConfUtils.java:logGet(46)) - raft.grpc.server.async.request.thread.pool.cached = true (default)
2024-02-27 07:49:56,129 [main] INFO  grpc.GrpcConfigKeys (ConfUtils.java:logGet(46)) - raft.grpc.server.async.request.thread.pool.size = 32 (default)
2024-02-27 07:49:56,130 [main] INFO  impl.DataStreamServerImpl (ConfUtils.java:logGet(46)) - raft.datastream.type = DISABLED (default)
2024-02-27 07:49:56,131 [main] INFO  server.RaftServerConfigKeys (ConfUtils.java:logGet(46)) - raft.server.sleep.deviation.threshold = 300ms (default)
2024-02-27 07:49:56,131 [main] INFO  server.RaftServerConfigKeys (ConfUtils.java:logGet(46)) - raft.server.close.threshold = 60s (default)
2024-02-27 07:49:56,131 [main] INFO  server.RaftServerConfigKeys (ConfUtils.java:logGet(46)) - raft.server.leaderelection.leader.step-down.wait-time = 10s (default)
2024-02-27 07:49:56,131 [main] INFO  server.RaftServerConfigKeys (ConfUtils.java:logGet(46)) - raft.server.storage.dir = [/home/runner/work/ozone/ozone/hadoop-ozone/integration-test/target/test-dir/MiniOzoneClusterImpl-4c9fddb8-14cc-4d18-9561-dc95ff2af5f2/omNode-1/ratis] (custom)
2024-02-27 07:49:56,131 [main] INFO  server.RaftServerConfigKeys (ConfUtils.java:logGet(46)) - raft.server.threadpool.proxy.cached = true (default)
2024-02-27 07:49:56,131 [main] INFO  server.RaftServerConfigKeys (ConfUtils.java:logGet(46)) - raft.server.threadpool.proxy.size = 0 (default)
2024-02-27 07:49:56,132 [main] INFO  server.RaftServer (RaftServerProxy.java:addNew(100)) - omNode-1: addNew group-523986131536:[omNode-3|localhost:15230, omNode-1|localhost:15222, omNode-2|localhost:15226] returns group-523986131536:java.util.concurrent.CompletableFuture@6b304395[Not completed]
2024-02-27 07:49:56,132 [omNode-1-groupManagement] INFO  server.RaftServer$Division (RaftServerImpl.java:<init>(256)) - omNode-1: new RaftServerImpl for group-523986131536:[omNode-3|localhost:15230, omNode-1|localhost:15222, omNode-2|localhost:15226] with OzoneManagerStateMachine:uninitialized
2024-02-27 07:49:56,132 [main] INFO  om.OzoneManager (OzoneManager.java:initializeRatisServer(2140)) - OzoneManager Ratis server initialized at port 15222
2024-02-27 07:49:56,132 [omNode-1-groupManagement] INFO  server.RaftServerConfigKeys (ConfUtils.java:logGet(46)) - raft.server.rpc.timeout.min = 1s (custom)
2024-02-27 07:49:56,132 [main] INFO  om.OzoneManager (OzoneManager.java:getRpcServer(1206)) - Creating RPC Server
2024-02-27 07:49:56,132 [omNode-1-groupManagement] INFO  server.RaftServerConfigKeys (ConfUtils.java:logGet(46)) - raft.server.rpc.timeout.max = 1200ms (custom)
2024-02-27 07:49:56,132 [omNode-1-groupManagement] INFO  server.RaftServerConfigKeys (ConfUtils.java:logGet(46)) - raft.server.rpc.sleep.time = 25ms (default)
2024-02-27 07:49:56,132 [omNode-1-groupManagement] INFO  server.RaftServerConfigKeys (ConfUtils.java:logGet(46)) - raft.server.rpc.slowness.timeout = 2s (custom)
2024-02-27 07:49:56,132 [omNode-1-groupManagement] INFO  server.RaftServerConfigKeys (ConfUtils.java:logGet(46)) - raft.server.leaderelection.leader.step-down.wait-time = 10s (default)
2024-02-27 07:49:56,132 [omNode-1-groupManagement] INFO  server.RaftServerConfigKeys (ConfUtils.java:logGet(46)) - raft.server.leaderelection.member.majority-add = false (default)
2024-02-27 07:49:56,132 [omNode-1-groupManagement] INFO  server.RaftServerConfigKeys (ConfUtils.java:logGet(46)) - raft.server.sleep.deviation.threshold = 300ms (default)
2024-02-27 07:49:56,132 [omNode-1-groupManagement] INFO  server.RaftServer$Division (ServerState.java:<init>(113)) - omNode-1@group-523986131536: ConfigurationManager, init=-1: peers:[omNode-3|localhost:15230, omNode-1|localhost:15222, omNode-2|localhost:15226]|listeners:[], old=null, confs=<EMPTY_MAP>
2024-02-27 07:49:56,132 [omNode-1-groupManagement] INFO  server.RaftServerConfigKeys (ConfUtils.java:logGet(46)) - raft.server.notification.no-leader.timeout = 2s (custom)
2024-02-27 07:49:56,132 [omNode-1-groupManagement] INFO  server.RaftServerConfigKeys (ConfUtils.java:logGet(46)) - raft.server.read.timeout = 10s (default)
2024-02-27 07:49:56,132 [omNode-1-groupManagement] INFO  server.RaftServerConfigKeys (ConfUtils.java:logGet(46)) - raft.server.retrycache.expirytime = 30000ms (custom)
2024-02-27 07:49:56,132 [omNode-1-groupManagement] INFO  server.RaftServerConfigKeys (ConfUtils.java:logGet(46)) - raft.server.retrycache.statistics.expirytime = 100ms (default)
2024-02-27 07:49:56,132 [omNode-1-groupManagement] INFO  server.RaftServerConfigKeys (ConfUtils.java:logGet(46)) - raft.server.read.option = DEFAULT (default)
2024-02-27 07:49:56,133 [omNode-1-groupManagement] INFO  server.RaftServerConfigKeys (ConfUtils.java:logGet(46)) - raft.server.read.read-after-write-consistent.write-index-cache.expiry-time = 60s (default)
2024-02-27 07:49:56,133 [omNode-1-groupManagement] INFO  server.RaftServerConfigKeys (ConfUtils.java:logGet(46)) - raft.server.rpc.request.timeout = 3000ms (default)
2024-02-27 07:49:56,133 [omNode-1-groupManagement] INFO  server.RaftServerConfigKeys (ConfUtils.java:logGet(46)) - raft.server.log.appender.install.snapshot.enabled = false (custom)
2024-02-27 07:49:56,133 [omNode-1-groupManagement] INFO  server.RaftServerConfigKeys (ConfUtils.java:logGet(46)) - raft.server.threadpool.server.cached = true (default)
2024-02-27 07:49:56,133 [omNode-1-groupManagement] INFO  server.RaftServerConfigKeys (ConfUtils.java:logGet(46)) - raft.server.threadpool.server.size = 0 (default)
2024-02-27 07:49:56,133 [omNode-1-groupManagement] INFO  server.RaftServerConfigKeys (ConfUtils.java:logGet(46)) - raft.server.threadpool.client.cached = true (default)
2024-02-27 07:49:56,133 [omNode-1-groupManagement] INFO  server.RaftServerConfigKeys (ConfUtils.java:logGet(46)) - raft.server.threadpool.client.size = 0 (default)
2024-02-27 07:49:56,309 [main] INFO  ipc.CallQueueManager (CallQueueManager.java:<init>(90)) - Using callQueue: class java.util.concurrent.LinkedBlockingQueue, queueCapacity: 2000, scheduler: class org.apache.hadoop.ipc.DefaultRpcScheduler, ipcBackoff: false.
2024-02-27 07:49:56,309 [main] INFO  ipc.Server (Server.java:<init>(1287)) - Listener at 127.0.0.1:15219
2024-02-27 07:49:56,310 [Socket Reader #1 for port 15219] INFO  ipc.Server (Server.java:run(1323)) - Starting Socket Reader #1 for port 15219
2024-02-27 07:49:56,324 [main] INFO  impl.MetricsSystemImpl (MetricsSystemImpl.java:init(158)) - OzoneManager metrics system started (again)
2024-02-27 07:49:56,331 [main] INFO  om.OzoneManager (OzoneManager.java:start(1628)) - OzoneManager RPC server is listening at localhost/127.0.0.1:15219
2024-02-27 07:49:56,331 [main] INFO  ratis.OzoneManagerRatisServer (OzoneManagerRatisServer.java:start(588)) - Starting OzoneManagerRatisServer omNode-1 at port 15222
2024-02-27 07:49:56,331 [omNode-1-impl-thread1] INFO  server.RaftServerConfigKeys (ConfUtils.java:logGet(46)) - raft.server.storage.free-space.min = 0MB (=0) (default)
2024-02-27 07:49:56,331 [omNode-1-impl-thread1] INFO  server.RaftServerConfigKeys (ConfUtils.java:logGet(46)) - raft.server.log.corruption.policy = EXCEPTION (default)
2024-02-27 07:49:56,331 [omNode-1-impl-thread1] INFO  server.RaftServerConfigKeys (ConfUtils.java:logGet(46)) - raft.server.storage.dir = [/home/runner/work/ozone/ozone/hadoop-ozone/integration-test/target/test-dir/MiniOzoneClusterImpl-4c9fddb8-14cc-4d18-9561-dc95ff2af5f2/omNode-1/ratis] (custom)
2024-02-27 07:49:56,332 [omNode-1-impl-thread1] INFO  storage.RaftStorageDirectory (RaftStorageDirectoryImpl.java:analyzeStorage(138)) - The storage directory /home/runner/work/ozone/ozone/hadoop-ozone/integration-test/target/test-dir/MiniOzoneClusterImpl-4c9fddb8-14cc-4d18-9561-dc95ff2af5f2/omNode-1/ratis/c9bc4cf4-3bc3-3c60-a66b-523986131536 does not exist. Creating ...
2024-02-27 07:49:56,332 [omNode-1-impl-thread1] INFO  storage.RaftStorageDirectory (RaftStorageDirectoryImpl.java:tryLock(228)) - Lock on /home/runner/work/ozone/ozone/hadoop-ozone/integration-test/target/test-dir/MiniOzoneClusterImpl-4c9fddb8-14cc-4d18-9561-dc95ff2af5f2/omNode-1/ratis/c9bc4cf4-3bc3-3c60-a66b-523986131536/in_use.lock acquired by nodename 40924@fv-az699-61
2024-02-27 07:49:56,333 [omNode-1-impl-thread1] INFO  storage.RaftStorage (RaftStorageImpl.java:format(99)) - Storage directory /home/runner/work/ozone/ozone/hadoop-ozone/integration-test/target/test-dir/MiniOzoneClusterImpl-4c9fddb8-14cc-4d18-9561-dc95ff2af5f2/omNode-1/ratis/c9bc4cf4-3bc3-3c60-a66b-523986131536 has been successfully formatted.
2024-02-27 07:49:56,333 [omNode-1-impl-thread1] WARN  util.FileUtils (LogUtils.java:supplyAndLog(63)) - Failed to Files.newInputStream /home/runner/work/ozone/ozone/hadoop-ozone/integration-test/target/test-dir/MiniOzoneClusterImpl-4c9fddb8-14cc-4d18-9561-dc95ff2af5f2/omNode-1/ratis/c9bc4cf4-3bc3-3c60-a66b-523986131536/current/raft-meta.conf with options []: java.nio.file.NoSuchFileException: /home/runner/work/ozone/ozone/hadoop-ozone/integration-test/target/test-dir/MiniOzoneClusterImpl-4c9fddb8-14cc-4d18-9561-dc95ff2af5f2/omNode-1/ratis/c9bc4cf4-3bc3-3c60-a66b-523986131536/current/raft-meta.conf
2024-02-27 07:49:56,334 [omNode-1-impl-thread1] INFO  server.RaftServerConfigKeys (ConfUtils.java:logGet(46)) - raft.server.log.use.memory = false (default)
2024-02-27 07:49:56,334 [omNode-1-impl-thread1] INFO  server.RaftServerConfigKeys (ConfUtils.java:logGet(46)) - raft.server.log.purge.gap = 50 (custom)
2024-02-27 07:49:56,334 [omNode-1-impl-thread1] INFO  server.RaftServerConfigKeys (ConfUtils.java:logGet(46)) - raft.server.log.appender.buffer.byte-limit = 4194304 (custom)
2024-02-27 07:49:56,334 [omNode-1-impl-thread1] INFO  server.RaftServerConfigKeys (ConfUtils.java:logGet(46)) - raft.server.log.statemachine.data.read.timeout = 1000ms (default)
2024-02-27 07:49:56,334 [omNode-1-impl-thread1] INFO  server.RaftServerConfigKeys (ConfUtils.java:logGet(46)) - raft.server.log.purge.preservation.log.num = 0 (default)
2024-02-27 07:49:56,334 [omNode-1-impl-thread1] INFO  server.RaftServerConfigKeys (ConfUtils.java:logGet(46)) - raft.server.log.segment.size.max = 4194304 (custom)
2024-02-27 07:49:56,334 [omNode-1-impl-thread1] INFO  server.RaftServerConfigKeys (ConfUtils.java:logGet(46)) - raft.server.log.segment.cache.num.max = 2 (custom)
2024-02-27 07:49:56,334 [omNode-1-impl-thread1] INFO  server.RaftServerConfigKeys (ConfUtils.java:logGet(46)) - raft.server.log.segment.cache.size.max = 200MB (=209715200) (default)
2024-02-27 07:49:56,334 [omNode-1-impl-thread1] INFO  server.RaftServerConfigKeys (ConfUtils.java:logGet(46)) - raft.server.log.appender.buffer.byte-limit = 4194304 (custom)
2024-02-27 07:49:56,335 [omNode-1-impl-thread1] INFO  util.AwaitToRun (AwaitToRun.java:start(81)) - Thread[omNode-1@group-523986131536-cacheEviction-AwaitToRun,5,main] started
2024-02-27 07:49:56,335 [omNode-1-impl-thread1] INFO  segmented.SegmentedRaftLogWorker (SegmentedRaftLogWorker.java:<init>(182)) - new omNode-1@group-523986131536-SegmentedRaftLogWorker for RaftStorageImpl:Storage Directory /home/runner/work/ozone/ozone/hadoop-ozone/integration-test/target/test-dir/MiniOzoneClusterImpl-4c9fddb8-14cc-4d18-9561-dc95ff2af5f2/omNode-1/ratis/c9bc4cf4-3bc3-3c60-a66b-523986131536
2024-02-27 07:49:56,335 [omNode-1-impl-thread1] INFO  server.RaftServerConfigKeys (ConfUtils.java:logGet(46)) - raft.server.log.queue.byte-limit = 64MB (=67108864) (default)
2024-02-27 07:49:56,335 [omNode-1-impl-thread1] INFO  server.RaftServerConfigKeys (ConfUtils.java:logGet(46)) - raft.server.log.queue.element-limit = 4096 (default)
2024-02-27 07:49:56,335 [omNode-1-impl-thread1] INFO  server.RaftServerConfigKeys (ConfUtils.java:logGet(46)) - raft.server.log.segment.size.max = 4194304 (custom)
2024-02-27 07:49:56,335 [omNode-1-impl-thread1] INFO  server.RaftServerConfigKeys (ConfUtils.java:logGet(46)) - raft.server.log.preallocated.size = 4194304 (custom)
2024-02-27 07:49:56,335 [omNode-1-impl-thread1] INFO  server.RaftServerConfigKeys (ConfUtils.java:logGet(46)) - raft.server.log.force.sync.num = 128 (default)
2024-02-27 07:49:56,335 [omNode-1-impl-thread1] INFO  server.RaftServerConfigKeys (ConfUtils.java:logGet(46)) - raft.server.log.statemachine.data.sync = true (default)
2024-02-27 07:49:56,335 [omNode-1-impl-thread1] INFO  server.RaftServerConfigKeys (ConfUtils.java:logGet(46)) - raft.server.log.statemachine.data.sync.timeout = 10s (default)
2024-02-27 07:49:56,335 [omNode-1-impl-thread1] INFO  server.RaftServerConfigKeys (ConfUtils.java:logGet(46)) - raft.server.log.statemachine.data.sync.timeout.retry = -1 (default)
2024-02-27 07:49:56,335 [omNode-1-impl-thread1] INFO  server.RaftServerConfigKeys (ConfUtils.java:logGet(46)) - raft.server.log.write.buffer.size = 4194312 (custom)
2024-02-27 07:49:56,336 [omNode-1-impl-thread1] INFO  server.RaftServerConfigKeys (ConfUtils.java:logGet(46)) - raft.server.log.appender.buffer.byte-limit = 4194304 (custom)
2024-02-27 07:49:56,336 [omNode-1-impl-thread1] INFO  server.RaftServerConfigKeys (ConfUtils.java:logGet(46)) - raft.server.log.unsafe-flush.enabled = false (default)
2024-02-27 07:49:56,336 [omNode-1-impl-thread1] INFO  server.RaftServerConfigKeys (ConfUtils.java:logGet(46)) - raft.server.log.async-flush.enabled = false (default)
2024-02-27 07:49:56,337 [omNode-1-impl-thread1] INFO  server.RaftServerConfigKeys (ConfUtils.java:logGet(46)) - raft.server.log.statemachine.data.caching.enabled = false (default)
2024-02-27 07:49:56,337 [omNode-1-impl-thread1] INFO  segmented.SegmentedRaftLogWorker (SegmentedRaftLogWorker.java:lambda$new$0(134)) - omNode-1@group-523986131536-SegmentedRaftLogWorker: flushIndex: setUnconditionally 0 -> -1
2024-02-27 07:49:56,337 [omNode-1-impl-thread1] INFO  segmented.SegmentedRaftLogWorker (SegmentedRaftLogWorker.java:lambda$new$0(134)) - omNode-1@group-523986131536-SegmentedRaftLogWorker: safeCacheEvictIndex: setUnconditionally 0 -> -1
2024-02-27 07:49:56,337 [omNode-1-impl-thread1] INFO  server.RaftServer$Division (RaftServerImpl.java:start(396)) - omNode-1@group-523986131536: start as a follower, conf=-1: peers:[omNode-3|localhost:15230, omNode-1|localhost:15222, omNode-2|localhost:15226]|listeners:[], old=null
2024-02-27 07:49:56,337 [omNode-1-impl-thread1] INFO  server.RaftServer$Division (RaftServerImpl.java:setRole(383)) - omNode-1@group-523986131536: changes role from      null to FOLLOWER at term 0 for startAsFollower
2024-02-27 07:49:56,337 [omNode-1-impl-thread1] INFO  impl.RoleInfo (RoleInfo.java:updateAndGet(139)) - omNode-1: start omNode-1@group-523986131536-FollowerState
2024-02-27 07:49:56,337 [omNode-1@group-523986131536-FollowerState] INFO  server.RaftServerConfigKeys (ConfUtils.java:logFallback(53)) - raft.server.rpc.first-election.timeout.min = 1s (fallback to raft.server.rpc.timeout.min)
2024-02-27 07:49:56,337 [omNode-1-impl-thread1] INFO  util.JmxRegister (JmxRegister.java:tryRegister(44)) - Successfully registered JMX Bean with object name Ratis:service=RaftServer,group=group-523986131536,id=omNode-1
2024-02-27 07:49:56,337 [omNode-1@group-523986131536-FollowerState] INFO  server.RaftServerConfigKeys (ConfUtils.java:logFallback(53)) - raft.server.rpc.first-election.timeout.max = 1200ms (fallback to raft.server.rpc.timeout.max)
2024-02-27 07:49:56,337 [omNode-1-impl-thread1] INFO  server.RaftServerConfigKeys (ConfUtils.java:logGet(46)) - raft.server.snapshot.trigger-when-stop.enabled = true (default)
2024-02-27 07:49:56,337 [omNode-1-impl-thread1] INFO  server.RaftServerConfigKeys (ConfUtils.java:logGet(46)) - raft.server.snapshot.auto.trigger.enabled = true (custom)
2024-02-27 07:49:56,338 [omNode-1-impl-thread1] INFO  server.RaftServerConfigKeys (ConfUtils.java:logGet(46)) - raft.server.snapshot.auto.trigger.threshold = 50 (custom)
2024-02-27 07:49:56,338 [omNode-1-impl-thread1] INFO  server.RaftServerConfigKeys (ConfUtils.java:logGet(46)) - raft.server.snapshot.retention.file.num = -1 (default)
2024-02-27 07:49:56,338 [omNode-1-impl-thread1] INFO  server.RaftServerConfigKeys (ConfUtils.java:logGet(46)) - raft.server.log.purge.upto.snapshot.index = true (custom)
2024-02-27 07:49:56,338 [main] INFO  server.RaftServer (RaftServerProxy.java:startImpl(406)) - omNode-1: start RPC server
2024-02-27 07:49:56,341 [main] INFO  server.GrpcService (GrpcService.java:startImpl(302)) - omNode-1: GrpcService started, listening on 15222
2024-02-27 07:49:56,341 [JvmPauseMonitor60] INFO  util.JvmPauseMonitor (JvmPauseMonitor.java:run(146)) - JvmPauseMonitor-omNode-1: Started
2024-02-27 07:49:56,341 [main] INFO  om.OzoneManager (OzoneManager.java:start(1644)) - Version File has different layout version (6) than OM DB (null). That is expected if this OM has never been finalized to a newer layout version.
2024-02-27 07:49:56,343 [main] INFO  http.BaseHttpServer (BaseHttpServer.java:newHttpServer2BuilderForOzone(223)) - Starting Web-server for ozoneManager at: http://0.0.0.0:15220
2024-02-27 07:49:56,343 [main] INFO  http.BaseHttpServer (BaseHttpServer.java:<init>(110)) - Hadoop Security Enabled: false Ozone Security Enabled: false Ozone HTTP Security Enabled: false 
2024-02-27 07:49:56,344 [main] WARN  server.AuthenticationFilter (AuthenticationFilter.java:constructSecretProvider(240)) - Unable to initialize FileSignerSecretProvider, falling back to use random secrets. Reason: Could not read signature secret file: /home/runner/hadoop-http-auth-signature-secret
2024-02-27 07:49:56,344 [main] INFO  http.HttpRequestLog (HttpRequestLog.java:getRequestLog(86)) - Http request log for http.requests.ozoneManager is not defined
2024-02-27 07:49:56,345 [main] INFO  http.HttpServer2 (HttpServer2.java:addGlobalFilter(1036)) - Added global filter 'safety' (class=org.apache.hadoop.hdds.server.http.HttpServer2$QuotingInputFilter)
2024-02-27 07:49:56,345 [main] INFO  http.HttpServer2 (HttpServer2.java:addFilter(1012)) - Added filter static_user_filter (class=org.apache.hadoop.http.lib.StaticUserWebFilter$StaticUserFilter) to context ozoneManager
2024-02-27 07:49:56,345 [main] INFO  http.HttpServer2 (HttpServer2.java:addFilter(1020)) - Added filter static_user_filter (class=org.apache.hadoop.http.lib.StaticUserWebFilter$StaticUserFilter) to context static
2024-02-27 07:49:56,345 [main] INFO  http.HttpServer2 (HttpServer2.java:addFilter(1020)) - Added filter static_user_filter (class=org.apache.hadoop.http.lib.StaticUserWebFilter$StaticUserFilter) to context logs
2024-02-27 07:49:56,346 [main] INFO  http.BaseHttpServer (BaseHttpServer.java:<init>(189)) - HTTP server of ozoneManager uses base directory /home/runner/work/ozone/ozone/hadoop-ozone/integration-test/target/test-dir/MiniOzoneClusterImpl-4c9fddb8-14cc-4d18-9561-dc95ff2af5f2/omNode-1/webserver
2024-02-27 07:49:56,346 [main] INFO  http.HttpServer2 (HttpServer2.java:bindListener(1236)) - Jetty bound to port 15220
2024-02-27 07:49:56,346 [main] INFO  server.Server (Server.java:doStart(375)) - jetty-9.4.53.v20231009; built: 2023-10-09T12:29:09.265Z; git: 27bde00a0b95a1d5bbee0eae7984f891d2d0f8c9; jvm 1.8.0_402-b06
2024-02-27 07:49:56,347 [main] INFO  server.session (DefaultSessionIdManager.java:doStart(334)) - DefaultSessionIdManager workerName=node0
2024-02-27 07:49:56,347 [main] INFO  server.session (DefaultSessionIdManager.java:doStart(339)) - No SessionScavenger set, using defaults
2024-02-27 07:49:56,347 [main] INFO  server.session (HouseKeeper.java:startScavenging(132)) - node0 Scavenging every 600000ms
2024-02-27 07:49:56,348 [main] INFO  handler.ContextHandler (ContextHandler.java:doStart(921)) - Started o.e.j.s.ServletContextHandler@43124a7e{logs,/logs,file:///home/runner/work/ozone/ozone/hadoop-ozone/integration-test/target/log,AVAILABLE}
2024-02-27 07:49:56,348 [main] INFO  handler.ContextHandler (ContextHandler.java:doStart(921)) - Started o.e.j.s.ServletContextHandler@71298193{static,/static,file:///home/runner/work/ozone/ozone/hadoop-ozone/integration-test/target/test-classes/webapps/static,AVAILABLE}
2024-02-27 07:49:56,349 [main] INFO  handler.ContextHandler (ContextHandler.java:doStart(921)) - Started o.e.j.w.WebAppContext@aa0c604{ozoneManager,/,file:///home/runner/work/ozone/ozone/hadoop-ozone/integration-test/target/test-classes/webapps/ozoneManager/,AVAILABLE}{file:/home/runner/work/ozone/ozone/hadoop-ozone/integration-test/target/test-classes/webapps/ozoneManager}
2024-02-27 07:49:56,350 [main] INFO  server.AbstractConnector (AbstractConnector.java:doStart(333)) - Started ServerConnector@248651cd{HTTP/1.1, (http/1.1)}{0.0.0.0:15220}
2024-02-27 07:49:56,350 [main] INFO  server.Server (Server.java:doStart(415)) - Started @679058ms
2024-02-27 07:49:56,350 [main] WARN  impl.MetricsSystemImpl (MetricsSystemImpl.java:register(279)) - Sink prometheus already exists!
2024-02-27 07:49:56,350 [main] INFO  http.BaseHttpServer (BaseHttpServer.java:updateConnectorAddress(354)) - HTTP server of ozoneManager listening at http://0.0.0.0:15220
2024-02-27 07:49:56,351 [IPC Server Responder] INFO  ipc.Server (Server.java:run(1562)) - IPC Server Responder: starting
2024-02-27 07:49:56,351 [IPC Server listener on 15219] INFO  ipc.Server (Server.java:run(1402)) - IPC Server listener on 15219: starting
2024-02-27 07:49:56,353 [main] INFO  om.OzoneManager (OzoneManager.java:startTrashEmptier(2093)) - Trash Interval set to 0. Files deleted won't move to trash
2024-02-27 07:49:56,356 [main] INFO  ozone.MiniOzoneHAClusterImpl (MiniOzoneHAClusterImpl.java:createOMService(474)) - Started OzoneManager omNode-1 RPC server at localhost/127.0.0.1:15219
2024-02-27 07:49:56,356 [main] INFO  ha.OMHANodeDetails (OMHANodeDetails.java:loadOMHAConfig(121)) - ServiceID for OzoneManager is om-service-test1
2024-02-27 07:49:56,356 [main] INFO  ha.OMHANodeDetails (OMHANodeDetails.java:loadOMHAConfig(201)) - Found matching OM address with OMServiceId: om-service-test1, OMNodeId: omNode-2, RPC Address: localhost:15223 and Ratis port: 15226
2024-02-27 07:49:56,356 [main] INFO  ha.OMHANodeDetails (ConfUtils.java:setNodeSpecificConfigs(97)) - Setting configuration key ozone.om.http-address with value of key ozone.om.http-address.om-service-test1.omNode-2: 127.0.0.1:15224
2024-02-27 07:49:56,356 [main] INFO  ha.OMHANodeDetails (ConfUtils.java:setNodeSpecificConfigs(97)) - Setting configuration key ozone.om.https-address with value of key ozone.om.https-address.om-service-test1.omNode-2: 127.0.0.1:15225
2024-02-27 07:49:56,356 [main] INFO  ha.OMHANodeDetails (ConfUtils.java:setNodeSpecificConfigs(97)) - Setting configuration key ozone.om.address with value of key ozone.om.address.om-service-test1.omNode-2: 127.0.0.1:15223
2024-02-27 07:49:56,357 [main] WARN  server.ServerUtils (ServerUtils.java:getDBPath(299)) - ozone.om.db.dirs is not configured. We recommend adding this setting. Falling back to ozone.metadata.dirs instead.
2024-02-27 07:49:56,357 [main] INFO  proxy.SCMBlockLocationFailoverProxyProvider (SCMBlockLocationFailoverProxyProvider.java:<init>(115)) - Created block location fail-over proxy with 1 nodes: [nodeId=scmNodeId,nodeAddress=/0.0.0.0:15216]
OM initialization succeeded.Current cluster id for sd=/home/runner/work/ozone/ozone/hadoop-ozone/integration-test/target/test-dir/MiniOzoneClusterImpl-4c9fddb8-14cc-4d18-9561-dc95ff2af5f2/omNode-2/om;cid=4c9fddb8-14cc-4d18-9561-dc95ff2af5f2;layoutVersion=6
2024-02-27 07:49:56,364 [main] INFO  ha.OMHANodeDetails (OMHANodeDetails.java:loadOMHAConfig(121)) - ServiceID for OzoneManager is om-service-test1
2024-02-27 07:49:56,364 [main] INFO  ha.OMHANodeDetails (OMHANodeDetails.java:loadOMHAConfig(201)) - Found matching OM address with OMServiceId: om-service-test1, OMNodeId: omNode-2, RPC Address: localhost:15223 and Ratis port: 15226
2024-02-27 07:49:56,364 [main] INFO  ha.OMHANodeDetails (ConfUtils.java:setNodeSpecificConfigs(97)) - Setting configuration key ozone.om.http-address with value of key ozone.om.http-address.om-service-test1.omNode-2: 127.0.0.1:15224
2024-02-27 07:49:56,364 [main] INFO  ha.OMHANodeDetails (ConfUtils.java:setNodeSpecificConfigs(97)) - Setting configuration key ozone.om.https-address with value of key ozone.om.https-address.om-service-test1.omNode-2: 127.0.0.1:15225
2024-02-27 07:49:56,365 [main] INFO  ha.OMHANodeDetails (ConfUtils.java:setNodeSpecificConfigs(97)) - Setting configuration key ozone.om.address with value of key ozone.om.address.om-service-test1.omNode-2: 127.0.0.1:15223
2024-02-27 07:49:56,365 [main] WARN  server.ServerUtils (ServerUtils.java:getDBPath(299)) - ozone.om.db.dirs is not configured. We recommend adding this setting. Falling back to ozone.metadata.dirs instead.
2024-02-27 07:49:56,366 [main] INFO  upgrade.AbstractLayoutVersionManager (AbstractLayoutVersionManager.java:init(83)) - Initializing Layout version manager with metadata layout = QUOTA (version = 6), software layout = QUOTA (version = 6)
2024-02-27 07:49:56,397 [main] INFO  upgrade.OMLayoutVersionManager (OMLayoutVersionManager.java:lambda$0(113)) - Skipping Upgrade Action QuotaRepairUpgradeAction since it has been finalized.
2024-02-27 07:49:56,397 [main] INFO  upgrade.OMLayoutVersionManager (OMLayoutVersionManager.java:lambda$0(113)) - Skipping Upgrade Action MockOmUpgradeAction since it has been finalized.
2024-02-27 07:49:56,397 [main] WARN  server.ServerUtils (ServerUtils.java:getDBPath(299)) - ozone.om.db.dirs is not configured. We recommend adding this setting. Falling back to ozone.metadata.dirs instead.
2024-02-27 07:49:56,397 [main] INFO  proxy.SCMBlockLocationFailoverProxyProvider (SCMBlockLocationFailoverProxyProvider.java:<init>(115)) - Created block location fail-over proxy with 1 nodes: [nodeId=scmNodeId,nodeAddress=/0.0.0.0:15216]
2024-02-27 07:49:56,398 [main] INFO  proxy.SCMBlockLocationFailoverProxyProvider (SCMBlockLocationFailoverProxyProvider.java:<init>(115)) - Created block location fail-over proxy with 1 nodes: [nodeId=scmNodeId,nodeAddress=/0.0.0.0:15216]
2024-02-27 07:49:56,404 [main] INFO  om.OzoneManager (OzoneManager.java:<init>(672)) - OM start with adminUsers: [*, runner]
2024-02-27 07:49:56,405 [main] WARN  server.ServerUtils (ServerUtils.java:getDBPath(299)) - ozone.om.db.dirs is not configured. We recommend adding this setting. Falling back to ozone.metadata.dirs instead.
2024-02-27 07:49:56,405 [main] INFO  helpers.OmKeyInfo (OmKeyInfo.java:getCodec(71)) - OmKeyInfo.getCodec ignorePipeline = true
2024-02-27 07:49:56,552 [main] INFO  om.OzoneManager (OzoneManager.java:instantiateServices(804)) - S3 Multi-Tenancy is disabled
2024-02-27 07:49:56,552 [main] INFO  om.OmSnapshotManager (OmSnapshotManager.java:<init>(177)) - Ozone filesystem snapshot feature is enabled.
2024-02-27 07:49:56,553 [main] WARN  server.ServerUtils (ServerUtils.java:getDBPath(299)) - ozone.om.snapshot.diff.db.dir is not configured. We recommend adding this setting. Falling back to ozone.metadata.dirs instead.
2024-02-27 07:49:56,570 [main] INFO  utils.NativeLibraryLoader (NativeLibraryLoader.java:loadLibrary(108)) - Loading Library: ozone_rocksdb_tools
2024-02-27 07:49:56,571 [main] ERROR snapshot.SnapshotDiffManager (SnapshotDiffManager.java:initNativeLibraryForEfficientDiff(287)) - Native Library for raw sst file reading loading failed.
org.apache.hadoop.hdds.utils.NativeLibraryNotLoadedException: Unable to load library ozone_rocksdb_tools from both java.library.path & resource file libozone_rocksdb_tools.so from jar.
	at org.apache.hadoop.hdds.utils.db.managed.ManagedRawSSTFileReader.loadLibrary(ManagedRawSSTFileReader.java:38)
	at org.apache.hadoop.ozone.om.snapshot.SnapshotDiffManager.initNativeLibraryForEfficientDiff(SnapshotDiffManager.java:285)
	at org.apache.hadoop.ozone.om.snapshot.SnapshotDiffManager.<init>(SnapshotDiffManager.java:259)
	at org.apache.hadoop.ozone.om.OmSnapshotManager.<init>(OmSnapshotManager.java:279)
	at org.apache.hadoop.ozone.om.OzoneManager.instantiateServices(OzoneManager.java:856)
	at org.apache.hadoop.ozone.om.OzoneManager.<init>(OzoneManager.java:682)
	at org.apache.hadoop.ozone.om.OzoneManager.createOm(OzoneManager.java:767)
	at org.apache.hadoop.ozone.MiniOzoneHAClusterImpl$Builder.createOMService(MiniOzoneHAClusterImpl.java:467)
	at org.apache.hadoop.ozone.MiniOzoneHAClusterImpl$Builder.build(MiniOzoneHAClusterImpl.java:387)
	at org.apache.hadoop.ozone.om.TestOzoneManagerHA.init(TestOzoneManagerHA.java:184)
	at sun.reflect.NativeMethodAccessorImpl.invoke0(Native Method)
	at sun.reflect.NativeMethodAccessorImpl.invoke(NativeMethodAccessorImpl.java:62)
	at sun.reflect.DelegatingMethodAccessorImpl.invoke(DelegatingMethodAccessorImpl.java:43)
	at java.lang.reflect.Method.invoke(Method.java:498)
	at org.junit.platform.commons.util.ReflectionUtils.invokeMethod(ReflectionUtils.java:728)
	at org.junit.jupiter.engine.execution.MethodInvocation.proceed(MethodInvocation.java:60)
	at org.junit.jupiter.engine.execution.InvocationInterceptorChain$ValidatingInvocation.proceed(InvocationInterceptorChain.java:131)
	at org.junit.jupiter.engine.extension.TimeoutExtension.intercept(TimeoutExtension.java:156)
	at org.junit.jupiter.engine.extension.TimeoutExtension.interceptLifecycleMethod(TimeoutExtension.java:128)
	at org.junit.jupiter.engine.extension.TimeoutExtension.interceptBeforeAllMethod(TimeoutExtension.java:70)
	at org.junit.jupiter.engine.execution.InterceptingExecutableInvoker$ReflectiveInterceptorCall.lambda$ofVoidMethod$0(InterceptingExecutableInvoker.java:103)
	at org.junit.jupiter.engine.execution.InterceptingExecutableInvoker.lambda$invoke$0(InterceptingExecutableInvoker.java:93)
	at org.junit.jupiter.engine.execution.InvocationInterceptorChain$InterceptedInvocation.proceed(InvocationInterceptorChain.java:106)
	at org.junit.jupiter.engine.execution.InvocationInterceptorChain.proceed(InvocationInterceptorChain.java:64)
	at org.junit.jupiter.engine.execution.InvocationInterceptorChain.chainAndInvoke(InvocationInterceptorChain.java:45)
	at org.junit.jupiter.engine.execution.InvocationInterceptorChain.invoke(InvocationInterceptorChain.java:37)
	at org.junit.jupiter.engine.execution.InterceptingExecutableInvoker.invoke(InterceptingExecutableInvoker.java:92)
	at org.junit.jupiter.engine.execution.InterceptingExecutableInvoker.invoke(InterceptingExecutableInvoker.java:86)
	at org.junit.jupiter.engine.descriptor.ClassBasedTestDescriptor.lambda$invokeBeforeAllMethods$13(ClassBasedTestDescriptor.java:412)
	at org.junit.platform.engine.support.hierarchical.ThrowableCollector.execute(ThrowableCollector.java:73)
	at org.junit.jupiter.engine.descriptor.ClassBasedTestDescriptor.invokeBeforeAllMethods(ClassBasedTestDescriptor.java:410)
	at org.junit.jupiter.engine.descriptor.ClassBasedTestDescriptor.before(ClassBasedTestDescriptor.java:216)
	at org.junit.jupiter.engine.descriptor.ClassBasedTestDescriptor.before(ClassBasedTestDescriptor.java:85)
	at org.junit.platform.engine.support.hierarchical.NodeTestTask.lambda$executeRecursively$6(NodeTestTask.java:148)
	at org.junit.platform.engine.support.hierarchical.ThrowableCollector.execute(ThrowableCollector.java:73)
	at org.junit.platform.engine.support.hierarchical.NodeTestTask.lambda$executeRecursively$8(NodeTestTask.java:141)
	at org.junit.platform.engine.support.hierarchical.Node.around(Node.java:137)
	at org.junit.platform.engine.support.hierarchical.NodeTestTask.lambda$executeRecursively$9(NodeTestTask.java:139)
	at org.junit.platform.engine.support.hierarchical.ThrowableCollector.execute(ThrowableCollector.java:73)
	at org.junit.platform.engine.support.hierarchical.NodeTestTask.executeRecursively(NodeTestTask.java:138)
	at org.junit.platform.engine.support.hierarchical.NodeTestTask.execute(NodeTestTask.java:95)
	at java.util.ArrayList.forEach(ArrayList.java:1259)
	at org.junit.platform.engine.support.hierarchical.SameThreadHierarchicalTestExecutorService.invokeAll(SameThreadHierarchicalTestExecutorService.java:41)
	at org.junit.platform.engine.support.hierarchical.NodeTestTask.lambda$executeRecursively$6(NodeTestTask.java:155)
	at org.junit.platform.engine.support.hierarchical.ThrowableCollector.execute(ThrowableCollector.java:73)
	at org.junit.platform.engine.support.hierarchical.NodeTestTask.lambda$executeRecursively$8(NodeTestTask.java:141)
	at org.junit.platform.engine.support.hierarchical.Node.around(Node.java:137)
	at org.junit.platform.engine.support.hierarchical.NodeTestTask.lambda$executeRecursively$9(NodeTestTask.java:139)
	at org.junit.platform.engine.support.hierarchical.ThrowableCollector.execute(ThrowableCollector.java:73)
	at org.junit.platform.engine.support.hierarchical.NodeTestTask.executeRecursively(NodeTestTask.java:138)
	at org.junit.platform.engine.support.hierarchical.NodeTestTask.execute(NodeTestTask.java:95)
	at org.junit.platform.engine.support.hierarchical.SameThreadHierarchicalTestExecutorService.submit(SameThreadHierarchicalTestExecutorService.java:35)
	at org.junit.platform.engine.support.hierarchical.HierarchicalTestExecutor.execute(HierarchicalTestExecutor.java:57)
	at org.junit.platform.engine.support.hierarchical.HierarchicalTestEngine.execute(HierarchicalTestEngine.java:54)
	at org.junit.platform.launcher.core.EngineExecutionOrchestrator.execute(EngineExecutionOrchestrator.java:198)
	at org.junit.platform.launcher.core.EngineExecutionOrchestrator.execute(EngineExecutionOrchestrator.java:169)
	at org.junit.platform.launcher.core.EngineExecutionOrchestrator.execute(EngineExecutionOrchestrator.java:93)
	at org.junit.platform.launcher.core.EngineExecutionOrchestrator.lambda$execute$0(EngineExecutionOrchestrator.java:58)
	at org.junit.platform.launcher.core.EngineExecutionOrchestrator.withInterceptedStreams(EngineExecutionOrchestrator.java:141)
	at org.junit.platform.launcher.core.EngineExecutionOrchestrator.execute(EngineExecutionOrchestrator.java:57)
	at org.junit.platform.launcher.core.DefaultLauncher.execute(DefaultLauncher.java:103)
	at org.junit.platform.launcher.core.DefaultLauncher.execute(DefaultLauncher.java:85)
	at org.junit.platform.launcher.core.DelegatingLauncher.execute(DelegatingLauncher.java:47)
	at org.junit.platform.launcher.core.SessionPerRequestLauncher.execute(SessionPerRequestLauncher.java:63)
	at org.apache.maven.surefire.junitplatform.JUnitPlatformProvider.invokeAllTests(JUnitPlatformProvider.java:165)
	at org.apache.maven.surefire.junitplatform.JUnitPlatformProvider.invoke(JUnitPlatformProvider.java:124)
	at org.apache.maven.surefire.booter.ForkedBooter.runSuitesInProcess(ForkedBooter.java:428)
	at org.apache.maven.surefire.booter.ForkedBooter.execute(ForkedBooter.java:162)
	at org.apache.maven.surefire.booter.ForkedBooter.run(ForkedBooter.java:562)
	at org.apache.maven.surefire.booter.ForkedBooter.main(ForkedBooter.java:548)
2024-02-27 07:49:56,573 [main] INFO  om.OzoneManager (OzoneManager.java:addS3GVolumeToDB(4425)) - Created Volume s3v With Owner runner required for S3Gateway operations.
2024-02-27 07:49:56,573 [main] WARN  server.ServerUtils (ServerUtils.java:getDefaultRatisDirectory(311)) - Storage directory for Ratis is not configured. It is a good idea to map this to an SSD disk. Falling back to ozone.metadata.dirs
2024-02-27 07:49:56,573 [main] WARN  utils.OzoneManagerRatisUtils (OzoneManagerRatisUtils.java:getOMRatisSnapshotDirectory(476)) - ozone.om.ratis.snapshot.dir is not configured. Falling back to ozone.metadata.dirs config
2024-02-27 07:49:56,573 [main] INFO  utils.RDBSnapshotProvider (RDBSnapshotProvider.java:init(87)) - Cleaning up the candidate dir: /home/runner/work/ozone/ozone/hadoop-ozone/integration-test/target/test-dir/MiniOzoneClusterImpl-4c9fddb8-14cc-4d18-9561-dc95ff2af5f2/omNode-2/snapshot/om.db.candidate
2024-02-27 07:49:56,574 [main] INFO  ratis_snapshot.OmRatisSnapshotProvider (OmRatisSnapshotProvider.java:<init>(99)) - Initializing OM Snapshot Provider
2024-02-27 07:49:56,574 [main] WARN  dropwizard3.Dm3MetricRegistriesImpl (Dm3MetricRegistriesImpl.java:addReporterRegistration(113)) - New reporters are added after registries were created. Some metrics will be missing from the reporter. Please add reporter before adding any new registry.
2024-02-27 07:49:56,575 [main] WARN  dropwizard3.Dm3MetricRegistriesImpl (Dm3MetricRegistriesImpl.java:addReporterRegistration(113)) - New reporters are added after registries were created. Some metrics will be missing from the reporter. Please add reporter before adding any new registry.
2024-02-27 07:49:56,575 [main] WARN  server.ServerUtils (ServerUtils.java:getDefaultRatisDirectory(311)) - Storage directory for Ratis is not configured. It is a good idea to map this to an SSD disk. Falling back to ozone.metadata.dirs
2024-02-27 07:49:56,576 [main] INFO  ratis.OzoneManagerRatisServer (OzoneManagerRatisServer.java:<init>(167)) - Instantiating OM Ratis server with groupID: om-service-test1 and peers: localhost:15226, localhost:15230, localhost:15222
2024-02-27 07:49:56,576 [main] INFO  ratis.OzoneManagerStateMachine (OzoneManagerStateMachine.java:loadSnapshotInfoFromDB(576)) - TransactionInfo not found in OM DB.
2024-02-27 07:49:56,576 [main] INFO  server.RaftServer (ConfUtils.java:logGet(46)) - raft.rpc.type = GRPC (default)
2024-02-27 07:49:56,576 [main] INFO  grpc.GrpcConfigKeys (ConfUtils.java:logFallback(53)) - raft.grpc.admin.host = null (fallback to raft.grpc.server.host)
2024-02-27 07:49:56,577 [main] INFO  grpc.GrpcConfigKeys (ConfUtils.java:logFallback(53)) - raft.grpc.admin.port = 15226 (fallback to raft.grpc.server.port)
2024-02-27 07:49:56,577 [main] INFO  grpc.GrpcConfigKeys (ConfUtils.java:logFallback(53)) - raft.grpc.client.host = null (fallback to raft.grpc.server.host)
2024-02-27 07:49:56,577 [main] INFO  grpc.GrpcConfigKeys (ConfUtils.java:logFallback(53)) - raft.grpc.client.port = 15226 (fallback to raft.grpc.server.port)
2024-02-27 07:49:56,577 [main] INFO  grpc.GrpcConfigKeys (ConfUtils.java:logGet(46)) - raft.grpc.server.host = null (default)
2024-02-27 07:49:56,577 [main] INFO  grpc.GrpcConfigKeys (ConfUtils.java:logGet(46)) - raft.grpc.server.port = 15226 (custom)
2024-02-27 07:49:56,577 [main] INFO  server.GrpcService (ConfUtils.java:logGet(46)) - raft.grpc.message.size.max = 4194304 (custom)
2024-02-27 07:49:56,577 [main] INFO  server.RaftServerConfigKeys (ConfUtils.java:logGet(46)) - raft.server.log.appender.buffer.byte-limit = 4194304 (custom)
2024-02-27 07:49:56,577 [main] INFO  server.GrpcService (ConfUtils.java:logGet(46)) - raft.grpc.flow.control.window = 1MB (=1048576) (default)
2024-02-27 07:49:56,578 [main] INFO  server.RaftServerConfigKeys (ConfUtils.java:logGet(46)) - raft.server.rpc.request.timeout = 3000ms (default)
2024-02-27 07:49:56,578 [main] INFO  grpc.GrpcConfigKeys (ConfUtils.java:logGet(46)) - raft.grpc.server.heartbeat.channel = true (default)
2024-02-27 07:49:56,578 [main] INFO  grpc.GrpcConfigKeys (ConfUtils.java:logGet(46)) - raft.grpc.server.async.request.thread.pool.cached = true (default)
2024-02-27 07:49:56,578 [main] INFO  grpc.GrpcConfigKeys (ConfUtils.java:logGet(46)) - raft.grpc.server.async.request.thread.pool.size = 32 (default)
2024-02-27 07:49:56,579 [main] INFO  impl.DataStreamServerImpl (ConfUtils.java:logGet(46)) - raft.datastream.type = DISABLED (default)
2024-02-27 07:49:56,579 [main] INFO  server.RaftServerConfigKeys (ConfUtils.java:logGet(46)) - raft.server.sleep.deviation.threshold = 300ms (default)
2024-02-27 07:49:56,579 [main] INFO  server.RaftServerConfigKeys (ConfUtils.java:logGet(46)) - raft.server.close.threshold = 60s (default)
2024-02-27 07:49:56,579 [main] INFO  server.RaftServerConfigKeys (ConfUtils.java:logGet(46)) - raft.server.leaderelection.leader.step-down.wait-time = 10s (default)
2024-02-27 07:49:56,579 [main] INFO  server.RaftServerConfigKeys (ConfUtils.java:logGet(46)) - raft.server.storage.dir = [/home/runner/work/ozone/ozone/hadoop-ozone/integration-test/target/test-dir/MiniOzoneClusterImpl-4c9fddb8-14cc-4d18-9561-dc95ff2af5f2/omNode-2/ratis] (custom)
2024-02-27 07:49:56,579 [main] INFO  server.RaftServerConfigKeys (ConfUtils.java:logGet(46)) - raft.server.threadpool.proxy.cached = true (default)
2024-02-27 07:49:56,579 [main] INFO  server.RaftServerConfigKeys (ConfUtils.java:logGet(46)) - raft.server.threadpool.proxy.size = 0 (default)
2024-02-27 07:49:56,580 [main] INFO  server.RaftServer (RaftServerProxy.java:addNew(100)) - omNode-2: addNew group-523986131536:[omNode-3|localhost:15230, omNode-1|localhost:15222, omNode-2|localhost:15226] returns group-523986131536:java.util.concurrent.CompletableFuture@3010c128[Not completed]
2024-02-27 07:49:56,580 [omNode-2-groupManagement] INFO  server.RaftServer$Division (RaftServerImpl.java:<init>(256)) - omNode-2: new RaftServerImpl for group-523986131536:[omNode-3|localhost:15230, omNode-1|localhost:15222, omNode-2|localhost:15226] with OzoneManagerStateMachine:uninitialized
2024-02-27 07:49:56,580 [main] INFO  om.OzoneManager (OzoneManager.java:initializeRatisServer(2140)) - OzoneManager Ratis server initialized at port 15226
2024-02-27 07:49:56,580 [omNode-2-groupManagement] INFO  server.RaftServerConfigKeys (ConfUtils.java:logGet(46)) - raft.server.rpc.timeout.min = 1s (custom)
2024-02-27 07:49:56,580 [main] INFO  om.OzoneManager (OzoneManager.java:getRpcServer(1206)) - Creating RPC Server
2024-02-27 07:49:56,580 [omNode-2-groupManagement] INFO  server.RaftServerConfigKeys (ConfUtils.java:logGet(46)) - raft.server.rpc.timeout.max = 1200ms (custom)
2024-02-27 07:49:56,580 [omNode-2-groupManagement] INFO  server.RaftServerConfigKeys (ConfUtils.java:logGet(46)) - raft.server.rpc.sleep.time = 25ms (default)
2024-02-27 07:49:56,580 [omNode-2-groupManagement] INFO  server.RaftServerConfigKeys (ConfUtils.java:logGet(46)) - raft.server.rpc.slowness.timeout = 2s (custom)
2024-02-27 07:49:56,580 [omNode-2-groupManagement] INFO  server.RaftServerConfigKeys (ConfUtils.java:logGet(46)) - raft.server.leaderelection.leader.step-down.wait-time = 10s (default)
2024-02-27 07:49:56,580 [omNode-2-groupManagement] INFO  server.RaftServerConfigKeys (ConfUtils.java:logGet(46)) - raft.server.leaderelection.member.majority-add = false (default)
2024-02-27 07:49:56,580 [omNode-2-groupManagement] INFO  server.RaftServerConfigKeys (ConfUtils.java:logGet(46)) - raft.server.sleep.deviation.threshold = 300ms (default)
2024-02-27 07:49:56,580 [omNode-2-groupManagement] INFO  server.RaftServer$Division (ServerState.java:<init>(113)) - omNode-2@group-523986131536: ConfigurationManager, init=-1: peers:[omNode-3|localhost:15230, omNode-1|localhost:15222, omNode-2|localhost:15226]|listeners:[], old=null, confs=<EMPTY_MAP>
2024-02-27 07:49:56,580 [omNode-2-groupManagement] INFO  server.RaftServerConfigKeys (ConfUtils.java:logGet(46)) - raft.server.notification.no-leader.timeout = 2s (custom)
2024-02-27 07:49:56,580 [omNode-2-groupManagement] INFO  server.RaftServerConfigKeys (ConfUtils.java:logGet(46)) - raft.server.read.timeout = 10s (default)
2024-02-27 07:49:56,580 [omNode-2-groupManagement] INFO  server.RaftServerConfigKeys (ConfUtils.java:logGet(46)) - raft.server.retrycache.expirytime = 30000ms (custom)
2024-02-27 07:49:56,580 [omNode-2-groupManagement] INFO  server.RaftServerConfigKeys (ConfUtils.java:logGet(46)) - raft.server.retrycache.statistics.expirytime = 100ms (default)
2024-02-27 07:49:56,580 [omNode-2-groupManagement] INFO  server.RaftServerConfigKeys (ConfUtils.java:logGet(46)) - raft.server.read.option = DEFAULT (default)
2024-02-27 07:49:56,580 [omNode-2-groupManagement] INFO  server.RaftServerConfigKeys (ConfUtils.java:logGet(46)) - raft.server.read.read-after-write-consistent.write-index-cache.expiry-time = 60s (default)
2024-02-27 07:49:56,581 [omNode-2-groupManagement] INFO  server.RaftServerConfigKeys (ConfUtils.java:logGet(46)) - raft.server.rpc.request.timeout = 3000ms (default)
2024-02-27 07:49:56,581 [omNode-2-groupManagement] INFO  server.RaftServerConfigKeys (ConfUtils.java:logGet(46)) - raft.server.log.appender.install.snapshot.enabled = false (custom)
2024-02-27 07:49:56,581 [omNode-2-groupManagement] INFO  server.RaftServerConfigKeys (ConfUtils.java:logGet(46)) - raft.server.threadpool.server.cached = true (default)
2024-02-27 07:49:56,582 [omNode-2-groupManagement] INFO  server.RaftServerConfigKeys (ConfUtils.java:logGet(46)) - raft.server.threadpool.server.size = 0 (default)
2024-02-27 07:49:56,582 [omNode-2-groupManagement] INFO  server.RaftServerConfigKeys (ConfUtils.java:logGet(46)) - raft.server.threadpool.client.cached = true (default)
2024-02-27 07:49:56,582 [omNode-2-groupManagement] INFO  server.RaftServerConfigKeys (ConfUtils.java:logGet(46)) - raft.server.threadpool.client.size = 0 (default)
2024-02-27 07:49:56,759 [main] INFO  ipc.CallQueueManager (CallQueueManager.java:<init>(90)) - Using callQueue: class java.util.concurrent.LinkedBlockingQueue, queueCapacity: 2000, scheduler: class org.apache.hadoop.ipc.DefaultRpcScheduler, ipcBackoff: false.
2024-02-27 07:49:56,759 [main] INFO  ipc.Server (Server.java:<init>(1287)) - Listener at 127.0.0.1:15223
2024-02-27 07:49:56,760 [Socket Reader #1 for port 15223] INFO  ipc.Server (Server.java:run(1323)) - Starting Socket Reader #1 for port 15223
2024-02-27 07:49:56,773 [main] INFO  impl.MetricsSystemImpl (MetricsSystemImpl.java:init(158)) - OzoneManager metrics system started (again)
2024-02-27 07:49:56,780 [main] INFO  om.OzoneManager (OzoneManager.java:start(1628)) - OzoneManager RPC server is listening at localhost/127.0.0.1:15223
2024-02-27 07:49:56,780 [main] INFO  ratis.OzoneManagerRatisServer (OzoneManagerRatisServer.java:start(588)) - Starting OzoneManagerRatisServer omNode-2 at port 15226
2024-02-27 07:49:56,780 [omNode-2-impl-thread1] INFO  server.RaftServerConfigKeys (ConfUtils.java:logGet(46)) - raft.server.storage.free-space.min = 0MB (=0) (default)
2024-02-27 07:49:56,780 [omNode-2-impl-thread1] INFO  server.RaftServerConfigKeys (ConfUtils.java:logGet(46)) - raft.server.log.corruption.policy = EXCEPTION (default)
2024-02-27 07:49:56,780 [omNode-2-impl-thread1] INFO  server.RaftServerConfigKeys (ConfUtils.java:logGet(46)) - raft.server.storage.dir = [/home/runner/work/ozone/ozone/hadoop-ozone/integration-test/target/test-dir/MiniOzoneClusterImpl-4c9fddb8-14cc-4d18-9561-dc95ff2af5f2/omNode-2/ratis] (custom)
2024-02-27 07:49:56,781 [omNode-2-impl-thread1] INFO  storage.RaftStorageDirectory (RaftStorageDirectoryImpl.java:analyzeStorage(138)) - The storage directory /home/runner/work/ozone/ozone/hadoop-ozone/integration-test/target/test-dir/MiniOzoneClusterImpl-4c9fddb8-14cc-4d18-9561-dc95ff2af5f2/omNode-2/ratis/c9bc4cf4-3bc3-3c60-a66b-523986131536 does not exist. Creating ...
2024-02-27 07:49:56,782 [omNode-2-impl-thread1] INFO  storage.RaftStorageDirectory (RaftStorageDirectoryImpl.java:tryLock(228)) - Lock on /home/runner/work/ozone/ozone/hadoop-ozone/integration-test/target/test-dir/MiniOzoneClusterImpl-4c9fddb8-14cc-4d18-9561-dc95ff2af5f2/omNode-2/ratis/c9bc4cf4-3bc3-3c60-a66b-523986131536/in_use.lock acquired by nodename 40924@fv-az699-61
2024-02-27 07:49:56,783 [omNode-2-impl-thread1] INFO  storage.RaftStorage (RaftStorageImpl.java:format(99)) - Storage directory /home/runner/work/ozone/ozone/hadoop-ozone/integration-test/target/test-dir/MiniOzoneClusterImpl-4c9fddb8-14cc-4d18-9561-dc95ff2af5f2/omNode-2/ratis/c9bc4cf4-3bc3-3c60-a66b-523986131536 has been successfully formatted.
2024-02-27 07:49:56,783 [omNode-2-impl-thread1] WARN  util.FileUtils (LogUtils.java:supplyAndLog(63)) - Failed to Files.newInputStream /home/runner/work/ozone/ozone/hadoop-ozone/integration-test/target/test-dir/MiniOzoneClusterImpl-4c9fddb8-14cc-4d18-9561-dc95ff2af5f2/omNode-2/ratis/c9bc4cf4-3bc3-3c60-a66b-523986131536/current/raft-meta.conf with options []: java.nio.file.NoSuchFileException: /home/runner/work/ozone/ozone/hadoop-ozone/integration-test/target/test-dir/MiniOzoneClusterImpl-4c9fddb8-14cc-4d18-9561-dc95ff2af5f2/omNode-2/ratis/c9bc4cf4-3bc3-3c60-a66b-523986131536/current/raft-meta.conf
2024-02-27 07:49:56,784 [omNode-2-impl-thread1] INFO  server.RaftServerConfigKeys (ConfUtils.java:logGet(46)) - raft.server.log.use.memory = false (default)
2024-02-27 07:49:56,784 [omNode-2-impl-thread1] INFO  server.RaftServerConfigKeys (ConfUtils.java:logGet(46)) - raft.server.log.purge.gap = 50 (custom)
2024-02-27 07:49:56,784 [omNode-2-impl-thread1] INFO  server.RaftServerConfigKeys (ConfUtils.java:logGet(46)) - raft.server.log.appender.buffer.byte-limit = 4194304 (custom)
2024-02-27 07:49:56,784 [omNode-2-impl-thread1] INFO  server.RaftServerConfigKeys (ConfUtils.java:logGet(46)) - raft.server.log.statemachine.data.read.timeout = 1000ms (default)
2024-02-27 07:49:56,784 [omNode-2-impl-thread1] INFO  server.RaftServerConfigKeys (ConfUtils.java:logGet(46)) - raft.server.log.purge.preservation.log.num = 0 (default)
2024-02-27 07:49:56,784 [omNode-2-impl-thread1] INFO  server.RaftServerConfigKeys (ConfUtils.java:logGet(46)) - raft.server.log.segment.size.max = 4194304 (custom)
2024-02-27 07:49:56,785 [omNode-2-impl-thread1] INFO  server.RaftServerConfigKeys (ConfUtils.java:logGet(46)) - raft.server.log.segment.cache.num.max = 2 (custom)
2024-02-27 07:49:56,785 [omNode-2-impl-thread1] INFO  server.RaftServerConfigKeys (ConfUtils.java:logGet(46)) - raft.server.log.segment.cache.size.max = 200MB (=209715200) (default)
2024-02-27 07:49:56,785 [omNode-2-impl-thread1] INFO  server.RaftServerConfigKeys (ConfUtils.java:logGet(46)) - raft.server.log.appender.buffer.byte-limit = 4194304 (custom)
2024-02-27 07:49:56,785 [omNode-2-impl-thread1] INFO  util.AwaitToRun (AwaitToRun.java:start(81)) - Thread[omNode-2@group-523986131536-cacheEviction-AwaitToRun,5,main] started
2024-02-27 07:49:56,785 [omNode-2-impl-thread1] INFO  segmented.SegmentedRaftLogWorker (SegmentedRaftLogWorker.java:<init>(182)) - new omNode-2@group-523986131536-SegmentedRaftLogWorker for RaftStorageImpl:Storage Directory /home/runner/work/ozone/ozone/hadoop-ozone/integration-test/target/test-dir/MiniOzoneClusterImpl-4c9fddb8-14cc-4d18-9561-dc95ff2af5f2/omNode-2/ratis/c9bc4cf4-3bc3-3c60-a66b-523986131536
2024-02-27 07:49:56,785 [omNode-2-impl-thread1] INFO  server.RaftServerConfigKeys (ConfUtils.java:logGet(46)) - raft.server.log.queue.byte-limit = 64MB (=67108864) (default)
2024-02-27 07:49:56,785 [omNode-2-impl-thread1] INFO  server.RaftServerConfigKeys (ConfUtils.java:logGet(46)) - raft.server.log.queue.element-limit = 4096 (default)
2024-02-27 07:49:56,785 [omNode-2-impl-thread1] INFO  server.RaftServerConfigKeys (ConfUtils.java:logGet(46)) - raft.server.log.segment.size.max = 4194304 (custom)
2024-02-27 07:49:56,785 [omNode-2-impl-thread1] INFO  server.RaftServerConfigKeys (ConfUtils.java:logGet(46)) - raft.server.log.preallocated.size = 4194304 (custom)
2024-02-27 07:49:56,785 [omNode-2-impl-thread1] INFO  server.RaftServerConfigKeys (ConfUtils.java:logGet(46)) - raft.server.log.force.sync.num = 128 (default)
2024-02-27 07:49:56,785 [omNode-2-impl-thread1] INFO  server.RaftServerConfigKeys (ConfUtils.java:logGet(46)) - raft.server.log.statemachine.data.sync = true (default)
2024-02-27 07:49:56,785 [omNode-2-impl-thread1] INFO  server.RaftServerConfigKeys (ConfUtils.java:logGet(46)) - raft.server.log.statemachine.data.sync.timeout = 10s (default)
2024-02-27 07:49:56,785 [omNode-2-impl-thread1] INFO  server.RaftServerConfigKeys (ConfUtils.java:logGet(46)) - raft.server.log.statemachine.data.sync.timeout.retry = -1 (default)
2024-02-27 07:49:56,786 [omNode-2-impl-thread1] INFO  server.RaftServerConfigKeys (ConfUtils.java:logGet(46)) - raft.server.log.write.buffer.size = 4194312 (custom)
2024-02-27 07:49:56,787 [omNode-2-impl-thread1] INFO  server.RaftServerConfigKeys (ConfUtils.java:logGet(46)) - raft.server.log.appender.buffer.byte-limit = 4194304 (custom)
2024-02-27 07:49:56,787 [omNode-2-impl-thread1] INFO  server.RaftServerConfigKeys (ConfUtils.java:logGet(46)) - raft.server.log.unsafe-flush.enabled = false (default)
2024-02-27 07:49:56,787 [omNode-2-impl-thread1] INFO  server.RaftServerConfigKeys (ConfUtils.java:logGet(46)) - raft.server.log.async-flush.enabled = false (default)
2024-02-27 07:49:56,787 [omNode-2-impl-thread1] INFO  server.RaftServerConfigKeys (ConfUtils.java:logGet(46)) - raft.server.log.statemachine.data.caching.enabled = false (default)
2024-02-27 07:49:56,787 [omNode-2-impl-thread1] INFO  segmented.SegmentedRaftLogWorker (SegmentedRaftLogWorker.java:lambda$new$0(134)) - omNode-2@group-523986131536-SegmentedRaftLogWorker: flushIndex: setUnconditionally 0 -> -1
2024-02-27 07:49:56,787 [omNode-2-impl-thread1] INFO  segmented.SegmentedRaftLogWorker (SegmentedRaftLogWorker.java:lambda$new$0(134)) - omNode-2@group-523986131536-SegmentedRaftLogWorker: safeCacheEvictIndex: setUnconditionally 0 -> -1
2024-02-27 07:49:56,787 [omNode-2-impl-thread1] INFO  server.RaftServer$Division (RaftServerImpl.java:start(396)) - omNode-2@group-523986131536: start as a follower, conf=-1: peers:[omNode-3|localhost:15230, omNode-1|localhost:15222, omNode-2|localhost:15226]|listeners:[], old=null
2024-02-27 07:49:56,787 [omNode-2-impl-thread1] INFO  server.RaftServer$Division (RaftServerImpl.java:setRole(383)) - omNode-2@group-523986131536: changes role from      null to FOLLOWER at term 0 for startAsFollower
2024-02-27 07:49:56,787 [omNode-2-impl-thread1] INFO  impl.RoleInfo (RoleInfo.java:updateAndGet(139)) - omNode-2: start omNode-2@group-523986131536-FollowerState
2024-02-27 07:49:56,788 [omNode-2@group-523986131536-FollowerState] INFO  server.RaftServerConfigKeys (ConfUtils.java:logFallback(53)) - raft.server.rpc.first-election.timeout.min = 1s (fallback to raft.server.rpc.timeout.min)
2024-02-27 07:49:56,790 [omNode-2-impl-thread1] INFO  util.JmxRegister (JmxRegister.java:tryRegister(44)) - Successfully registered JMX Bean with object name Ratis:service=RaftServer,group=group-523986131536,id=omNode-2
2024-02-27 07:49:56,790 [omNode-2@group-523986131536-FollowerState] INFO  server.RaftServerConfigKeys (ConfUtils.java:logFallback(53)) - raft.server.rpc.first-election.timeout.max = 1200ms (fallback to raft.server.rpc.timeout.max)
2024-02-27 07:49:56,790 [omNode-2-impl-thread1] INFO  server.RaftServerConfigKeys (ConfUtils.java:logGet(46)) - raft.server.snapshot.trigger-when-stop.enabled = true (default)
2024-02-27 07:49:56,790 [omNode-2-impl-thread1] INFO  server.RaftServerConfigKeys (ConfUtils.java:logGet(46)) - raft.server.snapshot.auto.trigger.enabled = true (custom)
2024-02-27 07:49:56,790 [omNode-2-impl-thread1] INFO  server.RaftServerConfigKeys (ConfUtils.java:logGet(46)) - raft.server.snapshot.auto.trigger.threshold = 50 (custom)
2024-02-27 07:49:56,790 [omNode-2-impl-thread1] INFO  server.RaftServerConfigKeys (ConfUtils.java:logGet(46)) - raft.server.snapshot.retention.file.num = -1 (default)
2024-02-27 07:49:56,790 [omNode-2-impl-thread1] INFO  server.RaftServerConfigKeys (ConfUtils.java:logGet(46)) - raft.server.log.purge.upto.snapshot.index = true (custom)
2024-02-27 07:49:56,790 [main] INFO  server.RaftServer (RaftServerProxy.java:startImpl(406)) - omNode-2: start RPC server
2024-02-27 07:49:56,791 [main] INFO  server.GrpcService (GrpcService.java:startImpl(302)) - omNode-2: GrpcService started, listening on 15226
2024-02-27 07:49:56,792 [JvmPauseMonitor61] INFO  util.JvmPauseMonitor (JvmPauseMonitor.java:run(146)) - JvmPauseMonitor-omNode-2: Started
2024-02-27 07:49:56,792 [main] INFO  om.OzoneManager (OzoneManager.java:start(1644)) - Version File has different layout version (6) than OM DB (null). That is expected if this OM has never been finalized to a newer layout version.
2024-02-27 07:49:56,794 [main] INFO  http.BaseHttpServer (BaseHttpServer.java:newHttpServer2BuilderForOzone(223)) - Starting Web-server for ozoneManager at: http://0.0.0.0:15224
2024-02-27 07:49:56,794 [main] INFO  http.BaseHttpServer (BaseHttpServer.java:<init>(110)) - Hadoop Security Enabled: false Ozone Security Enabled: false Ozone HTTP Security Enabled: false 
2024-02-27 07:49:56,795 [main] WARN  server.AuthenticationFilter (AuthenticationFilter.java:constructSecretProvider(240)) - Unable to initialize FileSignerSecretProvider, falling back to use random secrets. Reason: Could not read signature secret file: /home/runner/hadoop-http-auth-signature-secret
2024-02-27 07:49:56,795 [main] INFO  http.HttpRequestLog (HttpRequestLog.java:getRequestLog(86)) - Http request log for http.requests.ozoneManager is not defined
2024-02-27 07:49:56,796 [main] INFO  http.HttpServer2 (HttpServer2.java:addGlobalFilter(1036)) - Added global filter 'safety' (class=org.apache.hadoop.hdds.server.http.HttpServer2$QuotingInputFilter)
2024-02-27 07:49:56,796 [main] INFO  http.HttpServer2 (HttpServer2.java:addFilter(1012)) - Added filter static_user_filter (class=org.apache.hadoop.http.lib.StaticUserWebFilter$StaticUserFilter) to context ozoneManager
2024-02-27 07:49:56,796 [main] INFO  http.HttpServer2 (HttpServer2.java:addFilter(1020)) - Added filter static_user_filter (class=org.apache.hadoop.http.lib.StaticUserWebFilter$StaticUserFilter) to context logs
2024-02-27 07:49:56,796 [main] INFO  http.HttpServer2 (HttpServer2.java:addFilter(1020)) - Added filter static_user_filter (class=org.apache.hadoop.http.lib.StaticUserWebFilter$StaticUserFilter) to context static
2024-02-27 07:49:56,797 [main] INFO  http.BaseHttpServer (BaseHttpServer.java:<init>(189)) - HTTP server of ozoneManager uses base directory /home/runner/work/ozone/ozone/hadoop-ozone/integration-test/target/test-dir/MiniOzoneClusterImpl-4c9fddb8-14cc-4d18-9561-dc95ff2af5f2/omNode-2/webserver
2024-02-27 07:49:56,797 [main] INFO  http.HttpServer2 (HttpServer2.java:bindListener(1236)) - Jetty bound to port 15224
2024-02-27 07:49:56,797 [main] INFO  server.Server (Server.java:doStart(375)) - jetty-9.4.53.v20231009; built: 2023-10-09T12:29:09.265Z; git: 27bde00a0b95a1d5bbee0eae7984f891d2d0f8c9; jvm 1.8.0_402-b06
2024-02-27 07:49:56,798 [main] INFO  server.session (DefaultSessionIdManager.java:doStart(334)) - DefaultSessionIdManager workerName=node0
2024-02-27 07:49:56,798 [main] INFO  server.session (DefaultSessionIdManager.java:doStart(339)) - No SessionScavenger set, using defaults
2024-02-27 07:49:56,798 [main] INFO  server.session (HouseKeeper.java:startScavenging(132)) - node0 Scavenging every 660000ms
2024-02-27 07:49:56,799 [main] INFO  handler.ContextHandler (ContextHandler.java:doStart(921)) - Started o.e.j.s.ServletContextHandler@3bdb01fe{logs,/logs,file:///home/runner/work/ozone/ozone/hadoop-ozone/integration-test/target/log,AVAILABLE}
2024-02-27 07:49:56,799 [main] INFO  handler.ContextHandler (ContextHandler.java:doStart(921)) - Started o.e.j.s.ServletContextHandler@628f6523{static,/static,file:///home/runner/work/ozone/ozone/hadoop-ozone/integration-test/target/test-classes/webapps/static,AVAILABLE}
2024-02-27 07:49:56,800 [main] INFO  handler.ContextHandler (ContextHandler.java:doStart(921)) - Started o.e.j.w.WebAppContext@768d31bf{ozoneManager,/,file:///home/runner/work/ozone/ozone/hadoop-ozone/integration-test/target/test-classes/webapps/ozoneManager/,AVAILABLE}{file:/home/runner/work/ozone/ozone/hadoop-ozone/integration-test/target/test-classes/webapps/ozoneManager}
2024-02-27 07:49:56,801 [main] INFO  server.AbstractConnector (AbstractConnector.java:doStart(333)) - Started ServerConnector@750acd73{HTTP/1.1, (http/1.1)}{0.0.0.0:15224}
2024-02-27 07:49:56,801 [main] INFO  server.Server (Server.java:doStart(415)) - Started @679509ms
2024-02-27 07:49:56,801 [main] WARN  impl.MetricsSystemImpl (MetricsSystemImpl.java:register(279)) - Sink prometheus already exists!
2024-02-27 07:49:56,802 [main] INFO  http.BaseHttpServer (BaseHttpServer.java:updateConnectorAddress(354)) - HTTP server of ozoneManager listening at http://0.0.0.0:15224
2024-02-27 07:49:56,802 [IPC Server Responder] INFO  ipc.Server (Server.java:run(1562)) - IPC Server Responder: starting
2024-02-27 07:49:56,802 [IPC Server listener on 15223] INFO  ipc.Server (Server.java:run(1402)) - IPC Server listener on 15223: starting
2024-02-27 07:49:56,806 [main] INFO  om.OzoneManager (OzoneManager.java:startTrashEmptier(2093)) - Trash Interval set to 0. Files deleted won't move to trash
2024-02-27 07:49:56,806 [main] INFO  ozone.MiniOzoneHAClusterImpl (MiniOzoneHAClusterImpl.java:createOMService(474)) - Started OzoneManager omNode-2 RPC server at localhost/127.0.0.1:15223
2024-02-27 07:49:56,807 [main] INFO  ha.OMHANodeDetails (OMHANodeDetails.java:loadOMHAConfig(121)) - ServiceID for OzoneManager is om-service-test1
2024-02-27 07:49:56,807 [main] INFO  ha.OMHANodeDetails (OMHANodeDetails.java:loadOMHAConfig(201)) - Found matching OM address with OMServiceId: om-service-test1, OMNodeId: omNode-3, RPC Address: localhost:15227 and Ratis port: 15230
2024-02-27 07:49:56,807 [main] INFO  ha.OMHANodeDetails (ConfUtils.java:setNodeSpecificConfigs(97)) - Setting configuration key ozone.om.http-address with value of key ozone.om.http-address.om-service-test1.omNode-3: 127.0.0.1:15228
2024-02-27 07:49:56,807 [main] INFO  ha.OMHANodeDetails (ConfUtils.java:setNodeSpecificConfigs(97)) - Setting configuration key ozone.om.https-address with value of key ozone.om.https-address.om-service-test1.omNode-3: 127.0.0.1:15229
2024-02-27 07:49:56,807 [main] INFO  ha.OMHANodeDetails (ConfUtils.java:setNodeSpecificConfigs(97)) - Setting configuration key ozone.om.address with value of key ozone.om.address.om-service-test1.omNode-3: 127.0.0.1:15227
2024-02-27 07:49:56,807 [main] WARN  server.ServerUtils (ServerUtils.java:getDBPath(299)) - ozone.om.db.dirs is not configured. We recommend adding this setting. Falling back to ozone.metadata.dirs instead.
2024-02-27 07:49:56,808 [main] INFO  proxy.SCMBlockLocationFailoverProxyProvider (SCMBlockLocationFailoverProxyProvider.java:<init>(115)) - Created block location fail-over proxy with 1 nodes: [nodeId=scmNodeId,nodeAddress=/0.0.0.0:15216]
OM initialization succeeded.Current cluster id for sd=/home/runner/work/ozone/ozone/hadoop-ozone/integration-test/target/test-dir/MiniOzoneClusterImpl-4c9fddb8-14cc-4d18-9561-dc95ff2af5f2/omNode-3/om;cid=4c9fddb8-14cc-4d18-9561-dc95ff2af5f2;layoutVersion=6
2024-02-27 07:49:56,816 [main] INFO  ha.OMHANodeDetails (OMHANodeDetails.java:loadOMHAConfig(121)) - ServiceID for OzoneManager is om-service-test1
2024-02-27 07:49:56,816 [main] INFO  ha.OMHANodeDetails (OMHANodeDetails.java:loadOMHAConfig(201)) - Found matching OM address with OMServiceId: om-service-test1, OMNodeId: omNode-3, RPC Address: localhost:15227 and Ratis port: 15230
2024-02-27 07:49:56,817 [main] INFO  ha.OMHANodeDetails (ConfUtils.java:setNodeSpecificConfigs(97)) - Setting configuration key ozone.om.http-address with value of key ozone.om.http-address.om-service-test1.omNode-3: 127.0.0.1:15228
2024-02-27 07:49:56,817 [main] INFO  ha.OMHANodeDetails (ConfUtils.java:setNodeSpecificConfigs(97)) - Setting configuration key ozone.om.https-address with value of key ozone.om.https-address.om-service-test1.omNode-3: 127.0.0.1:15229
2024-02-27 07:49:56,817 [main] INFO  ha.OMHANodeDetails (ConfUtils.java:setNodeSpecificConfigs(97)) - Setting configuration key ozone.om.address with value of key ozone.om.address.om-service-test1.omNode-3: 127.0.0.1:15227
2024-02-27 07:49:56,817 [main] WARN  server.ServerUtils (ServerUtils.java:getDBPath(299)) - ozone.om.db.dirs is not configured. We recommend adding this setting. Falling back to ozone.metadata.dirs instead.
2024-02-27 07:49:56,818 [main] INFO  upgrade.AbstractLayoutVersionManager (AbstractLayoutVersionManager.java:init(83)) - Initializing Layout version manager with metadata layout = QUOTA (version = 6), software layout = QUOTA (version = 6)
2024-02-27 07:49:56,854 [main] INFO  upgrade.OMLayoutVersionManager (OMLayoutVersionManager.java:lambda$0(113)) - Skipping Upgrade Action QuotaRepairUpgradeAction since it has been finalized.
2024-02-27 07:49:56,854 [main] INFO  upgrade.OMLayoutVersionManager (OMLayoutVersionManager.java:lambda$0(113)) - Skipping Upgrade Action MockOmUpgradeAction since it has been finalized.
2024-02-27 07:49:56,854 [main] WARN  server.ServerUtils (ServerUtils.java:getDBPath(299)) - ozone.om.db.dirs is not configured. We recommend adding this setting. Falling back to ozone.metadata.dirs instead.
2024-02-27 07:49:56,855 [main] INFO  proxy.SCMBlockLocationFailoverProxyProvider (SCMBlockLocationFailoverProxyProvider.java:<init>(115)) - Created block location fail-over proxy with 1 nodes: [nodeId=scmNodeId,nodeAddress=/0.0.0.0:15216]
2024-02-27 07:49:56,856 [main] INFO  proxy.SCMBlockLocationFailoverProxyProvider (SCMBlockLocationFailoverProxyProvider.java:<init>(115)) - Created block location fail-over proxy with 1 nodes: [nodeId=scmNodeId,nodeAddress=/0.0.0.0:15216]
2024-02-27 07:49:56,860 [main] INFO  om.OzoneManager (OzoneManager.java:<init>(672)) - OM start with adminUsers: [*, runner]
2024-02-27 07:49:56,861 [main] WARN  server.ServerUtils (ServerUtils.java:getDBPath(299)) - ozone.om.db.dirs is not configured. We recommend adding this setting. Falling back to ozone.metadata.dirs instead.
2024-02-27 07:49:56,861 [main] INFO  helpers.OmKeyInfo (OmKeyInfo.java:getCodec(71)) - OmKeyInfo.getCodec ignorePipeline = true
2024-02-27 07:49:57,008 [main] INFO  om.OzoneManager (OzoneManager.java:instantiateServices(804)) - S3 Multi-Tenancy is disabled
2024-02-27 07:49:57,009 [main] INFO  om.OmSnapshotManager (OmSnapshotManager.java:<init>(177)) - Ozone filesystem snapshot feature is enabled.
2024-02-27 07:49:57,009 [main] WARN  server.ServerUtils (ServerUtils.java:getDBPath(299)) - ozone.om.snapshot.diff.db.dir is not configured. We recommend adding this setting. Falling back to ozone.metadata.dirs instead.
2024-02-27 07:49:57,025 [main] INFO  utils.NativeLibraryLoader (NativeLibraryLoader.java:loadLibrary(108)) - Loading Library: ozone_rocksdb_tools
2024-02-27 07:49:57,025 [main] ERROR snapshot.SnapshotDiffManager (SnapshotDiffManager.java:initNativeLibraryForEfficientDiff(287)) - Native Library for raw sst file reading loading failed.
org.apache.hadoop.hdds.utils.NativeLibraryNotLoadedException: Unable to load library ozone_rocksdb_tools from both java.library.path & resource file libozone_rocksdb_tools.so from jar.
	at org.apache.hadoop.hdds.utils.db.managed.ManagedRawSSTFileReader.loadLibrary(ManagedRawSSTFileReader.java:38)
	at org.apache.hadoop.ozone.om.snapshot.SnapshotDiffManager.initNativeLibraryForEfficientDiff(SnapshotDiffManager.java:285)
	at org.apache.hadoop.ozone.om.snapshot.SnapshotDiffManager.<init>(SnapshotDiffManager.java:259)
	at org.apache.hadoop.ozone.om.OmSnapshotManager.<init>(OmSnapshotManager.java:279)
	at org.apache.hadoop.ozone.om.OzoneManager.instantiateServices(OzoneManager.java:856)
	at org.apache.hadoop.ozone.om.OzoneManager.<init>(OzoneManager.java:682)
	at org.apache.hadoop.ozone.om.OzoneManager.createOm(OzoneManager.java:767)
	at org.apache.hadoop.ozone.MiniOzoneHAClusterImpl$Builder.createOMService(MiniOzoneHAClusterImpl.java:467)
	at org.apache.hadoop.ozone.MiniOzoneHAClusterImpl$Builder.build(MiniOzoneHAClusterImpl.java:387)
	at org.apache.hadoop.ozone.om.TestOzoneManagerHA.init(TestOzoneManagerHA.java:184)
	at sun.reflect.NativeMethodAccessorImpl.invoke0(Native Method)
	at sun.reflect.NativeMethodAccessorImpl.invoke(NativeMethodAccessorImpl.java:62)
	at sun.reflect.DelegatingMethodAccessorImpl.invoke(DelegatingMethodAccessorImpl.java:43)
	at java.lang.reflect.Method.invoke(Method.java:498)
	at org.junit.platform.commons.util.ReflectionUtils.invokeMethod(ReflectionUtils.java:728)
	at org.junit.jupiter.engine.execution.MethodInvocation.proceed(MethodInvocation.java:60)
	at org.junit.jupiter.engine.execution.InvocationInterceptorChain$ValidatingInvocation.proceed(InvocationInterceptorChain.java:131)
	at org.junit.jupiter.engine.extension.TimeoutExtension.intercept(TimeoutExtension.java:156)
	at org.junit.jupiter.engine.extension.TimeoutExtension.interceptLifecycleMethod(TimeoutExtension.java:128)
	at org.junit.jupiter.engine.extension.TimeoutExtension.interceptBeforeAllMethod(TimeoutExtension.java:70)
	at org.junit.jupiter.engine.execution.InterceptingExecutableInvoker$ReflectiveInterceptorCall.lambda$ofVoidMethod$0(InterceptingExecutableInvoker.java:103)
	at org.junit.jupiter.engine.execution.InterceptingExecutableInvoker.lambda$invoke$0(InterceptingExecutableInvoker.java:93)
	at org.junit.jupiter.engine.execution.InvocationInterceptorChain$InterceptedInvocation.proceed(InvocationInterceptorChain.java:106)
	at org.junit.jupiter.engine.execution.InvocationInterceptorChain.proceed(InvocationInterceptorChain.java:64)
	at org.junit.jupiter.engine.execution.InvocationInterceptorChain.chainAndInvoke(InvocationInterceptorChain.java:45)
	at org.junit.jupiter.engine.execution.InvocationInterceptorChain.invoke(InvocationInterceptorChain.java:37)
	at org.junit.jupiter.engine.execution.InterceptingExecutableInvoker.invoke(InterceptingExecutableInvoker.java:92)
	at org.junit.jupiter.engine.execution.InterceptingExecutableInvoker.invoke(InterceptingExecutableInvoker.java:86)
	at org.junit.jupiter.engine.descriptor.ClassBasedTestDescriptor.lambda$invokeBeforeAllMethods$13(ClassBasedTestDescriptor.java:412)
	at org.junit.platform.engine.support.hierarchical.ThrowableCollector.execute(ThrowableCollector.java:73)
	at org.junit.jupiter.engine.descriptor.ClassBasedTestDescriptor.invokeBeforeAllMethods(ClassBasedTestDescriptor.java:410)
	at org.junit.jupiter.engine.descriptor.ClassBasedTestDescriptor.before(ClassBasedTestDescriptor.java:216)
	at org.junit.jupiter.engine.descriptor.ClassBasedTestDescriptor.before(ClassBasedTestDescriptor.java:85)
	at org.junit.platform.engine.support.hierarchical.NodeTestTask.lambda$executeRecursively$6(NodeTestTask.java:148)
	at org.junit.platform.engine.support.hierarchical.ThrowableCollector.execute(ThrowableCollector.java:73)
	at org.junit.platform.engine.support.hierarchical.NodeTestTask.lambda$executeRecursively$8(NodeTestTask.java:141)
	at org.junit.platform.engine.support.hierarchical.Node.around(Node.java:137)
	at org.junit.platform.engine.support.hierarchical.NodeTestTask.lambda$executeRecursively$9(NodeTestTask.java:139)
	at org.junit.platform.engine.support.hierarchical.ThrowableCollector.execute(ThrowableCollector.java:73)
	at org.junit.platform.engine.support.hierarchical.NodeTestTask.executeRecursively(NodeTestTask.java:138)
	at org.junit.platform.engine.support.hierarchical.NodeTestTask.execute(NodeTestTask.java:95)
	at java.util.ArrayList.forEach(ArrayList.java:1259)
	at org.junit.platform.engine.support.hierarchical.SameThreadHierarchicalTestExecutorService.invokeAll(SameThreadHierarchicalTestExecutorService.java:41)
	at org.junit.platform.engine.support.hierarchical.NodeTestTask.lambda$executeRecursively$6(NodeTestTask.java:155)
	at org.junit.platform.engine.support.hierarchical.ThrowableCollector.execute(ThrowableCollector.java:73)
	at org.junit.platform.engine.support.hierarchical.NodeTestTask.lambda$executeRecursively$8(NodeTestTask.java:141)
	at org.junit.platform.engine.support.hierarchical.Node.around(Node.java:137)
	at org.junit.platform.engine.support.hierarchical.NodeTestTask.lambda$executeRecursively$9(NodeTestTask.java:139)
	at org.junit.platform.engine.support.hierarchical.ThrowableCollector.execute(ThrowableCollector.java:73)
	at org.junit.platform.engine.support.hierarchical.NodeTestTask.executeRecursively(NodeTestTask.java:138)
	at org.junit.platform.engine.support.hierarchical.NodeTestTask.execute(NodeTestTask.java:95)
	at org.junit.platform.engine.support.hierarchical.SameThreadHierarchicalTestExecutorService.submit(SameThreadHierarchicalTestExecutorService.java:35)
	at org.junit.platform.engine.support.hierarchical.HierarchicalTestExecutor.execute(HierarchicalTestExecutor.java:57)
	at org.junit.platform.engine.support.hierarchical.HierarchicalTestEngine.execute(HierarchicalTestEngine.java:54)
	at org.junit.platform.launcher.core.EngineExecutionOrchestrator.execute(EngineExecutionOrchestrator.java:198)
	at org.junit.platform.launcher.core.EngineExecutionOrchestrator.execute(EngineExecutionOrchestrator.java:169)
	at org.junit.platform.launcher.core.EngineExecutionOrchestrator.execute(EngineExecutionOrchestrator.java:93)
	at org.junit.platform.launcher.core.EngineExecutionOrchestrator.lambda$execute$0(EngineExecutionOrchestrator.java:58)
	at org.junit.platform.launcher.core.EngineExecutionOrchestrator.withInterceptedStreams(EngineExecutionOrchestrator.java:141)
	at org.junit.platform.launcher.core.EngineExecutionOrchestrator.execute(EngineExecutionOrchestrator.java:57)
	at org.junit.platform.launcher.core.DefaultLauncher.execute(DefaultLauncher.java:103)
	at org.junit.platform.launcher.core.DefaultLauncher.execute(DefaultLauncher.java:85)
	at org.junit.platform.launcher.core.DelegatingLauncher.execute(DelegatingLauncher.java:47)
	at org.junit.platform.launcher.core.SessionPerRequestLauncher.execute(SessionPerRequestLauncher.java:63)
	at org.apache.maven.surefire.junitplatform.JUnitPlatformProvider.invokeAllTests(JUnitPlatformProvider.java:165)
	at org.apache.maven.surefire.junitplatform.JUnitPlatformProvider.invoke(JUnitPlatformProvider.java:124)
	at org.apache.maven.surefire.booter.ForkedBooter.runSuitesInProcess(ForkedBooter.java:428)
	at org.apache.maven.surefire.booter.ForkedBooter.execute(ForkedBooter.java:162)
	at org.apache.maven.surefire.booter.ForkedBooter.run(ForkedBooter.java:562)
	at org.apache.maven.surefire.booter.ForkedBooter.main(ForkedBooter.java:548)
2024-02-27 07:49:57,027 [main] INFO  om.OzoneManager (OzoneManager.java:addS3GVolumeToDB(4425)) - Created Volume s3v With Owner runner required for S3Gateway operations.
2024-02-27 07:49:57,027 [main] WARN  server.ServerUtils (ServerUtils.java:getDefaultRatisDirectory(311)) - Storage directory for Ratis is not configured. It is a good idea to map this to an SSD disk. Falling back to ozone.metadata.dirs
2024-02-27 07:49:57,027 [main] WARN  utils.OzoneManagerRatisUtils (OzoneManagerRatisUtils.java:getOMRatisSnapshotDirectory(476)) - ozone.om.ratis.snapshot.dir is not configured. Falling back to ozone.metadata.dirs config
2024-02-27 07:49:57,028 [main] INFO  utils.RDBSnapshotProvider (RDBSnapshotProvider.java:init(87)) - Cleaning up the candidate dir: /home/runner/work/ozone/ozone/hadoop-ozone/integration-test/target/test-dir/MiniOzoneClusterImpl-4c9fddb8-14cc-4d18-9561-dc95ff2af5f2/omNode-3/snapshot/om.db.candidate
2024-02-27 07:49:57,028 [main] INFO  ratis_snapshot.OmRatisSnapshotProvider (OmRatisSnapshotProvider.java:<init>(99)) - Initializing OM Snapshot Provider
2024-02-27 07:49:57,029 [main] WARN  dropwizard3.Dm3MetricRegistriesImpl (Dm3MetricRegistriesImpl.java:addReporterRegistration(113)) - New reporters are added after registries were created. Some metrics will be missing from the reporter. Please add reporter before adding any new registry.
2024-02-27 07:49:57,029 [main] WARN  dropwizard3.Dm3MetricRegistriesImpl (Dm3MetricRegistriesImpl.java:addReporterRegistration(113)) - New reporters are added after registries were created. Some metrics will be missing from the reporter. Please add reporter before adding any new registry.
2024-02-27 07:49:57,029 [main] WARN  server.ServerUtils (ServerUtils.java:getDefaultRatisDirectory(311)) - Storage directory for Ratis is not configured. It is a good idea to map this to an SSD disk. Falling back to ozone.metadata.dirs
2024-02-27 07:49:57,030 [main] INFO  ratis.OzoneManagerRatisServer (OzoneManagerRatisServer.java:<init>(167)) - Instantiating OM Ratis server with groupID: om-service-test1 and peers: localhost:15230, localhost:15222, localhost:15226
2024-02-27 07:49:57,030 [main] INFO  ratis.OzoneManagerStateMachine (OzoneManagerStateMachine.java:loadSnapshotInfoFromDB(576)) - TransactionInfo not found in OM DB.
2024-02-27 07:49:57,030 [main] INFO  server.RaftServer (ConfUtils.java:logGet(46)) - raft.rpc.type = GRPC (default)
2024-02-27 07:49:57,030 [main] INFO  grpc.GrpcConfigKeys (ConfUtils.java:logFallback(53)) - raft.grpc.admin.host = null (fallback to raft.grpc.server.host)
2024-02-27 07:49:57,031 [main] INFO  grpc.GrpcConfigKeys (ConfUtils.java:logFallback(53)) - raft.grpc.admin.port = 15230 (fallback to raft.grpc.server.port)
2024-02-27 07:49:57,031 [main] INFO  grpc.GrpcConfigKeys (ConfUtils.java:logFallback(53)) - raft.grpc.client.host = null (fallback to raft.grpc.server.host)
2024-02-27 07:49:57,031 [main] INFO  grpc.GrpcConfigKeys (ConfUtils.java:logFallback(53)) - raft.grpc.client.port = 15230 (fallback to raft.grpc.server.port)
2024-02-27 07:49:57,031 [main] INFO  grpc.GrpcConfigKeys (ConfUtils.java:logGet(46)) - raft.grpc.server.host = null (default)
2024-02-27 07:49:57,031 [main] INFO  grpc.GrpcConfigKeys (ConfUtils.java:logGet(46)) - raft.grpc.server.port = 15230 (custom)
2024-02-27 07:49:57,031 [main] INFO  server.GrpcService (ConfUtils.java:logGet(46)) - raft.grpc.message.size.max = 4194304 (custom)
2024-02-27 07:49:57,031 [main] INFO  server.RaftServerConfigKeys (ConfUtils.java:logGet(46)) - raft.server.log.appender.buffer.byte-limit = 4194304 (custom)
2024-02-27 07:49:57,032 [main] INFO  server.GrpcService (ConfUtils.java:logGet(46)) - raft.grpc.flow.control.window = 1MB (=1048576) (default)
2024-02-27 07:49:57,032 [main] INFO  server.RaftServerConfigKeys (ConfUtils.java:logGet(46)) - raft.server.rpc.request.timeout = 3000ms (default)
2024-02-27 07:49:57,032 [main] INFO  grpc.GrpcConfigKeys (ConfUtils.java:logGet(46)) - raft.grpc.server.heartbeat.channel = true (default)
2024-02-27 07:49:57,032 [main] INFO  grpc.GrpcConfigKeys (ConfUtils.java:logGet(46)) - raft.grpc.server.async.request.thread.pool.cached = true (default)
2024-02-27 07:49:57,032 [main] INFO  grpc.GrpcConfigKeys (ConfUtils.java:logGet(46)) - raft.grpc.server.async.request.thread.pool.size = 32 (default)
2024-02-27 07:49:57,033 [main] INFO  impl.DataStreamServerImpl (ConfUtils.java:logGet(46)) - raft.datastream.type = DISABLED (default)
2024-02-27 07:49:57,033 [main] INFO  server.RaftServerConfigKeys (ConfUtils.java:logGet(46)) - raft.server.sleep.deviation.threshold = 300ms (default)
2024-02-27 07:49:57,034 [main] INFO  server.RaftServerConfigKeys (ConfUtils.java:logGet(46)) - raft.server.close.threshold = 60s (default)
2024-02-27 07:49:57,034 [main] INFO  server.RaftServerConfigKeys (ConfUtils.java:logGet(46)) - raft.server.leaderelection.leader.step-down.wait-time = 10s (default)
2024-02-27 07:49:57,034 [main] INFO  server.RaftServerConfigKeys (ConfUtils.java:logGet(46)) - raft.server.storage.dir = [/home/runner/work/ozone/ozone/hadoop-ozone/integration-test/target/test-dir/MiniOzoneClusterImpl-4c9fddb8-14cc-4d18-9561-dc95ff2af5f2/omNode-3/ratis] (custom)
2024-02-27 07:49:57,034 [main] INFO  server.RaftServerConfigKeys (ConfUtils.java:logGet(46)) - raft.server.threadpool.proxy.cached = true (default)
2024-02-27 07:49:57,034 [main] INFO  server.RaftServerConfigKeys (ConfUtils.java:logGet(46)) - raft.server.threadpool.proxy.size = 0 (default)
2024-02-27 07:49:57,035 [main] INFO  server.RaftServer (RaftServerProxy.java:addNew(100)) - omNode-3: addNew group-523986131536:[omNode-3|localhost:15230, omNode-1|localhost:15222, omNode-2|localhost:15226] returns group-523986131536:java.util.concurrent.CompletableFuture@70a6c56b[Not completed]
2024-02-27 07:49:57,035 [main] INFO  om.OzoneManager (OzoneManager.java:initializeRatisServer(2140)) - OzoneManager Ratis server initialized at port 15230
2024-02-27 07:49:57,035 [omNode-3-groupManagement] INFO  server.RaftServer$Division (RaftServerImpl.java:<init>(256)) - omNode-3: new RaftServerImpl for group-523986131536:[omNode-3|localhost:15230, omNode-1|localhost:15222, omNode-2|localhost:15226] with OzoneManagerStateMachine:uninitialized
2024-02-27 07:49:57,035 [main] INFO  om.OzoneManager (OzoneManager.java:getRpcServer(1206)) - Creating RPC Server
2024-02-27 07:49:57,035 [omNode-3-groupManagement] INFO  server.RaftServerConfigKeys (ConfUtils.java:logGet(46)) - raft.server.rpc.timeout.min = 1s (custom)
2024-02-27 07:49:57,035 [omNode-3-groupManagement] INFO  server.RaftServerConfigKeys (ConfUtils.java:logGet(46)) - raft.server.rpc.timeout.max = 1200ms (custom)
2024-02-27 07:49:57,035 [omNode-3-groupManagement] INFO  server.RaftServerConfigKeys (ConfUtils.java:logGet(46)) - raft.server.rpc.sleep.time = 25ms (default)
2024-02-27 07:49:57,035 [omNode-3-groupManagement] INFO  server.RaftServerConfigKeys (ConfUtils.java:logGet(46)) - raft.server.rpc.slowness.timeout = 2s (custom)
2024-02-27 07:49:57,035 [omNode-3-groupManagement] INFO  server.RaftServerConfigKeys (ConfUtils.java:logGet(46)) - raft.server.leaderelection.leader.step-down.wait-time = 10s (default)
2024-02-27 07:49:57,035 [omNode-3-groupManagement] INFO  server.RaftServerConfigKeys (ConfUtils.java:logGet(46)) - raft.server.leaderelection.member.majority-add = false (default)
2024-02-27 07:49:57,035 [omNode-3-groupManagement] INFO  server.RaftServerConfigKeys (ConfUtils.java:logGet(46)) - raft.server.sleep.deviation.threshold = 300ms (default)
2024-02-27 07:49:57,036 [omNode-3-groupManagement] INFO  server.RaftServer$Division (ServerState.java:<init>(113)) - omNode-3@group-523986131536: ConfigurationManager, init=-1: peers:[omNode-3|localhost:15230, omNode-1|localhost:15222, omNode-2|localhost:15226]|listeners:[], old=null, confs=<EMPTY_MAP>
2024-02-27 07:49:57,036 [omNode-3-groupManagement] INFO  server.RaftServerConfigKeys (ConfUtils.java:logGet(46)) - raft.server.notification.no-leader.timeout = 2s (custom)
2024-02-27 07:49:57,036 [omNode-3-groupManagement] INFO  server.RaftServerConfigKeys (ConfUtils.java:logGet(46)) - raft.server.read.timeout = 10s (default)
2024-02-27 07:49:57,036 [omNode-3-groupManagement] INFO  server.RaftServerConfigKeys (ConfUtils.java:logGet(46)) - raft.server.retrycache.expirytime = 30000ms (custom)
2024-02-27 07:49:57,036 [omNode-3-groupManagement] INFO  server.RaftServerConfigKeys (ConfUtils.java:logGet(46)) - raft.server.retrycache.statistics.expirytime = 100ms (default)
2024-02-27 07:49:57,036 [omNode-3-groupManagement] INFO  server.RaftServerConfigKeys (ConfUtils.java:logGet(46)) - raft.server.read.option = DEFAULT (default)
2024-02-27 07:49:57,036 [omNode-3-groupManagement] INFO  server.RaftServerConfigKeys (ConfUtils.java:logGet(46)) - raft.server.read.read-after-write-consistent.write-index-cache.expiry-time = 60s (default)
2024-02-27 07:49:57,037 [omNode-3-groupManagement] INFO  server.RaftServerConfigKeys (ConfUtils.java:logGet(46)) - raft.server.rpc.request.timeout = 3000ms (default)
2024-02-27 07:49:57,037 [omNode-3-groupManagement] INFO  server.RaftServerConfigKeys (ConfUtils.java:logGet(46)) - raft.server.log.appender.install.snapshot.enabled = false (custom)
2024-02-27 07:49:57,037 [omNode-3-groupManagement] INFO  server.RaftServerConfigKeys (ConfUtils.java:logGet(46)) - raft.server.threadpool.server.cached = true (default)
2024-02-27 07:49:57,037 [omNode-3-groupManagement] INFO  server.RaftServerConfigKeys (ConfUtils.java:logGet(46)) - raft.server.threadpool.server.size = 0 (default)
2024-02-27 07:49:57,037 [omNode-3-groupManagement] INFO  server.RaftServerConfigKeys (ConfUtils.java:logGet(46)) - raft.server.threadpool.client.cached = true (default)
2024-02-27 07:49:57,037 [omNode-3-groupManagement] INFO  server.RaftServerConfigKeys (ConfUtils.java:logGet(46)) - raft.server.threadpool.client.size = 0 (default)
2024-02-27 07:49:57,251 [main] INFO  ipc.CallQueueManager (CallQueueManager.java:<init>(90)) - Using callQueue: class java.util.concurrent.LinkedBlockingQueue, queueCapacity: 2000, scheduler: class org.apache.hadoop.ipc.DefaultRpcScheduler, ipcBackoff: false.
2024-02-27 07:49:57,252 [main] INFO  ipc.Server (Server.java:<init>(1287)) - Listener at 127.0.0.1:15227
2024-02-27 07:49:57,252 [Socket Reader #1 for port 15227] INFO  ipc.Server (Server.java:run(1323)) - Starting Socket Reader #1 for port 15227
2024-02-27 07:49:57,265 [main] INFO  impl.MetricsSystemImpl (MetricsSystemImpl.java:init(158)) - OzoneManager metrics system started (again)
2024-02-27 07:49:57,271 [main] INFO  om.OzoneManager (OzoneManager.java:start(1628)) - OzoneManager RPC server is listening at localhost/127.0.0.1:15227
2024-02-27 07:49:57,272 [main] INFO  ratis.OzoneManagerRatisServer (OzoneManagerRatisServer.java:start(588)) - Starting OzoneManagerRatisServer omNode-3 at port 15230
2024-02-27 07:49:57,272 [omNode-3-impl-thread1] INFO  server.RaftServerConfigKeys (ConfUtils.java:logGet(46)) - raft.server.storage.free-space.min = 0MB (=0) (default)
2024-02-27 07:49:57,272 [omNode-3-impl-thread1] INFO  server.RaftServerConfigKeys (ConfUtils.java:logGet(46)) - raft.server.log.corruption.policy = EXCEPTION (default)
2024-02-27 07:49:57,272 [omNode-3-impl-thread1] INFO  server.RaftServerConfigKeys (ConfUtils.java:logGet(46)) - raft.server.storage.dir = [/home/runner/work/ozone/ozone/hadoop-ozone/integration-test/target/test-dir/MiniOzoneClusterImpl-4c9fddb8-14cc-4d18-9561-dc95ff2af5f2/omNode-3/ratis] (custom)
2024-02-27 07:49:57,272 [omNode-3-impl-thread1] INFO  storage.RaftStorageDirectory (RaftStorageDirectoryImpl.java:analyzeStorage(138)) - The storage directory /home/runner/work/ozone/ozone/hadoop-ozone/integration-test/target/test-dir/MiniOzoneClusterImpl-4c9fddb8-14cc-4d18-9561-dc95ff2af5f2/omNode-3/ratis/c9bc4cf4-3bc3-3c60-a66b-523986131536 does not exist. Creating ...
2024-02-27 07:49:57,273 [omNode-3-impl-thread1] INFO  storage.RaftStorageDirectory (RaftStorageDirectoryImpl.java:tryLock(228)) - Lock on /home/runner/work/ozone/ozone/hadoop-ozone/integration-test/target/test-dir/MiniOzoneClusterImpl-4c9fddb8-14cc-4d18-9561-dc95ff2af5f2/omNode-3/ratis/c9bc4cf4-3bc3-3c60-a66b-523986131536/in_use.lock acquired by nodename 40924@fv-az699-61
2024-02-27 07:49:57,274 [omNode-3-impl-thread1] INFO  storage.RaftStorage (RaftStorageImpl.java:format(99)) - Storage directory /home/runner/work/ozone/ozone/hadoop-ozone/integration-test/target/test-dir/MiniOzoneClusterImpl-4c9fddb8-14cc-4d18-9561-dc95ff2af5f2/omNode-3/ratis/c9bc4cf4-3bc3-3c60-a66b-523986131536 has been successfully formatted.
2024-02-27 07:49:57,274 [omNode-3-impl-thread1] WARN  util.FileUtils (LogUtils.java:supplyAndLog(63)) - Failed to Files.newInputStream /home/runner/work/ozone/ozone/hadoop-ozone/integration-test/target/test-dir/MiniOzoneClusterImpl-4c9fddb8-14cc-4d18-9561-dc95ff2af5f2/omNode-3/ratis/c9bc4cf4-3bc3-3c60-a66b-523986131536/current/raft-meta.conf with options []: java.nio.file.NoSuchFileException: /home/runner/work/ozone/ozone/hadoop-ozone/integration-test/target/test-dir/MiniOzoneClusterImpl-4c9fddb8-14cc-4d18-9561-dc95ff2af5f2/omNode-3/ratis/c9bc4cf4-3bc3-3c60-a66b-523986131536/current/raft-meta.conf
2024-02-27 07:49:57,274 [omNode-3-impl-thread1] INFO  server.RaftServerConfigKeys (ConfUtils.java:logGet(46)) - raft.server.log.use.memory = false (default)
2024-02-27 07:49:57,274 [omNode-3-impl-thread1] INFO  server.RaftServerConfigKeys (ConfUtils.java:logGet(46)) - raft.server.log.purge.gap = 50 (custom)
2024-02-27 07:49:57,275 [omNode-3-impl-thread1] INFO  server.RaftServerConfigKeys (ConfUtils.java:logGet(46)) - raft.server.log.appender.buffer.byte-limit = 4194304 (custom)
2024-02-27 07:49:57,275 [omNode-3-impl-thread1] INFO  server.RaftServerConfigKeys (ConfUtils.java:logGet(46)) - raft.server.log.statemachine.data.read.timeout = 1000ms (default)
2024-02-27 07:49:57,275 [omNode-3-impl-thread1] INFO  server.RaftServerConfigKeys (ConfUtils.java:logGet(46)) - raft.server.log.purge.preservation.log.num = 0 (default)
2024-02-27 07:49:57,275 [omNode-3-impl-thread1] INFO  server.RaftServerConfigKeys (ConfUtils.java:logGet(46)) - raft.server.log.segment.size.max = 4194304 (custom)
2024-02-27 07:49:57,275 [omNode-3-impl-thread1] INFO  server.RaftServerConfigKeys (ConfUtils.java:logGet(46)) - raft.server.log.segment.cache.num.max = 2 (custom)
2024-02-27 07:49:57,275 [omNode-3-impl-thread1] INFO  server.RaftServerConfigKeys (ConfUtils.java:logGet(46)) - raft.server.log.segment.cache.size.max = 200MB (=209715200) (default)
2024-02-27 07:49:57,275 [omNode-3-impl-thread1] INFO  server.RaftServerConfigKeys (ConfUtils.java:logGet(46)) - raft.server.log.appender.buffer.byte-limit = 4194304 (custom)
2024-02-27 07:49:57,275 [omNode-3-impl-thread1] INFO  util.AwaitToRun (AwaitToRun.java:start(81)) - Thread[omNode-3@group-523986131536-cacheEviction-AwaitToRun,5,main] started
2024-02-27 07:49:57,275 [omNode-3-impl-thread1] INFO  segmented.SegmentedRaftLogWorker (SegmentedRaftLogWorker.java:<init>(182)) - new omNode-3@group-523986131536-SegmentedRaftLogWorker for RaftStorageImpl:Storage Directory /home/runner/work/ozone/ozone/hadoop-ozone/integration-test/target/test-dir/MiniOzoneClusterImpl-4c9fddb8-14cc-4d18-9561-dc95ff2af5f2/omNode-3/ratis/c9bc4cf4-3bc3-3c60-a66b-523986131536
2024-02-27 07:49:57,275 [omNode-3-impl-thread1] INFO  server.RaftServerConfigKeys (ConfUtils.java:logGet(46)) - raft.server.log.queue.byte-limit = 64MB (=67108864) (default)
2024-02-27 07:49:57,275 [omNode-3-impl-thread1] INFO  server.RaftServerConfigKeys (ConfUtils.java:logGet(46)) - raft.server.log.queue.element-limit = 4096 (default)
2024-02-27 07:49:57,276 [omNode-3-impl-thread1] INFO  server.RaftServerConfigKeys (ConfUtils.java:logGet(46)) - raft.server.log.segment.size.max = 4194304 (custom)
2024-02-27 07:49:57,276 [omNode-3-impl-thread1] INFO  server.RaftServerConfigKeys (ConfUtils.java:logGet(46)) - raft.server.log.preallocated.size = 4194304 (custom)
2024-02-27 07:49:57,276 [omNode-3-impl-thread1] INFO  server.RaftServerConfigKeys (ConfUtils.java:logGet(46)) - raft.server.log.force.sync.num = 128 (default)
2024-02-27 07:49:57,276 [omNode-3-impl-thread1] INFO  server.RaftServerConfigKeys (ConfUtils.java:logGet(46)) - raft.server.log.statemachine.data.sync = true (default)
2024-02-27 07:49:57,276 [omNode-3-impl-thread1] INFO  server.RaftServerConfigKeys (ConfUtils.java:logGet(46)) - raft.server.log.statemachine.data.sync.timeout = 10s (default)
2024-02-27 07:49:57,276 [omNode-3-impl-thread1] INFO  server.RaftServerConfigKeys (ConfUtils.java:logGet(46)) - raft.server.log.statemachine.data.sync.timeout.retry = -1 (default)
2024-02-27 07:49:57,276 [omNode-3-impl-thread1] INFO  server.RaftServerConfigKeys (ConfUtils.java:logGet(46)) - raft.server.log.write.buffer.size = 4194312 (custom)
2024-02-27 07:49:57,276 [omNode-3-impl-thread1] INFO  server.RaftServerConfigKeys (ConfUtils.java:logGet(46)) - raft.server.log.appender.buffer.byte-limit = 4194304 (custom)
2024-02-27 07:49:57,276 [omNode-3-impl-thread1] INFO  server.RaftServerConfigKeys (ConfUtils.java:logGet(46)) - raft.server.log.unsafe-flush.enabled = false (default)
2024-02-27 07:49:57,276 [omNode-3-impl-thread1] INFO  server.RaftServerConfigKeys (ConfUtils.java:logGet(46)) - raft.server.log.async-flush.enabled = false (default)
2024-02-27 07:49:57,276 [omNode-3-impl-thread1] INFO  server.RaftServerConfigKeys (ConfUtils.java:logGet(46)) - raft.server.log.statemachine.data.caching.enabled = false (default)
2024-02-27 07:49:57,277 [omNode-3-impl-thread1] INFO  segmented.SegmentedRaftLogWorker (SegmentedRaftLogWorker.java:lambda$new$0(134)) - omNode-3@group-523986131536-SegmentedRaftLogWorker: flushIndex: setUnconditionally 0 -> -1
2024-02-27 07:49:57,277 [omNode-3-impl-thread1] INFO  segmented.SegmentedRaftLogWorker (SegmentedRaftLogWorker.java:lambda$new$0(134)) - omNode-3@group-523986131536-SegmentedRaftLogWorker: safeCacheEvictIndex: setUnconditionally 0 -> -1
2024-02-27 07:49:57,277 [omNode-3-impl-thread1] INFO  server.RaftServer$Division (RaftServerImpl.java:start(396)) - omNode-3@group-523986131536: start as a follower, conf=-1: peers:[omNode-3|localhost:15230, omNode-1|localhost:15222, omNode-2|localhost:15226]|listeners:[], old=null
2024-02-27 07:49:57,277 [omNode-3-impl-thread1] INFO  server.RaftServer$Division (RaftServerImpl.java:setRole(383)) - omNode-3@group-523986131536: changes role from      null to FOLLOWER at term 0 for startAsFollower
2024-02-27 07:49:57,277 [omNode-3-impl-thread1] INFO  impl.RoleInfo (RoleInfo.java:updateAndGet(139)) - omNode-3: start omNode-3@group-523986131536-FollowerState
2024-02-27 07:49:57,277 [omNode-3@group-523986131536-FollowerState] INFO  server.RaftServerConfigKeys (ConfUtils.java:logFallback(53)) - raft.server.rpc.first-election.timeout.min = 1s (fallback to raft.server.rpc.timeout.min)
2024-02-27 07:49:57,277 [omNode-3@group-523986131536-FollowerState] INFO  server.RaftServerConfigKeys (ConfUtils.java:logFallback(53)) - raft.server.rpc.first-election.timeout.max = 1200ms (fallback to raft.server.rpc.timeout.max)
2024-02-27 07:49:57,277 [omNode-3-impl-thread1] INFO  util.JmxRegister (JmxRegister.java:tryRegister(44)) - Successfully registered JMX Bean with object name Ratis:service=RaftServer,group=group-523986131536,id=omNode-3
2024-02-27 07:49:57,277 [omNode-3-impl-thread1] INFO  server.RaftServerConfigKeys (ConfUtils.java:logGet(46)) - raft.server.snapshot.trigger-when-stop.enabled = true (default)
2024-02-27 07:49:57,277 [omNode-3-impl-thread1] INFO  server.RaftServerConfigKeys (ConfUtils.java:logGet(46)) - raft.server.snapshot.auto.trigger.enabled = true (custom)
2024-02-27 07:49:57,277 [omNode-3-impl-thread1] INFO  server.RaftServerConfigKeys (ConfUtils.java:logGet(46)) - raft.server.snapshot.auto.trigger.threshold = 50 (custom)
2024-02-27 07:49:57,278 [omNode-3-impl-thread1] INFO  server.RaftServerConfigKeys (ConfUtils.java:logGet(46)) - raft.server.snapshot.retention.file.num = -1 (default)
2024-02-27 07:49:57,278 [omNode-3-impl-thread1] INFO  server.RaftServerConfigKeys (ConfUtils.java:logGet(46)) - raft.server.log.purge.upto.snapshot.index = true (custom)
2024-02-27 07:49:57,278 [main] INFO  server.RaftServer (RaftServerProxy.java:startImpl(406)) - omNode-3: start RPC server
2024-02-27 07:49:57,281 [main] INFO  server.GrpcService (GrpcService.java:startImpl(302)) - omNode-3: GrpcService started, listening on 15230
2024-02-27 07:49:57,282 [JvmPauseMonitor62] INFO  util.JvmPauseMonitor (JvmPauseMonitor.java:run(146)) - JvmPauseMonitor-omNode-3: Started
2024-02-27 07:49:57,282 [main] INFO  om.OzoneManager (OzoneManager.java:start(1644)) - Version File has different layout version (6) than OM DB (null). That is expected if this OM has never been finalized to a newer layout version.
2024-02-27 07:49:57,284 [main] INFO  http.BaseHttpServer (BaseHttpServer.java:newHttpServer2BuilderForOzone(223)) - Starting Web-server for ozoneManager at: http://0.0.0.0:15228
2024-02-27 07:49:57,284 [main] INFO  http.BaseHttpServer (BaseHttpServer.java:<init>(110)) - Hadoop Security Enabled: false Ozone Security Enabled: false Ozone HTTP Security Enabled: false 
2024-02-27 07:49:57,284 [main] WARN  server.AuthenticationFilter (AuthenticationFilter.java:constructSecretProvider(240)) - Unable to initialize FileSignerSecretProvider, falling back to use random secrets. Reason: Could not read signature secret file: /home/runner/hadoop-http-auth-signature-secret
2024-02-27 07:49:57,285 [main] INFO  http.HttpRequestLog (HttpRequestLog.java:getRequestLog(86)) - Http request log for http.requests.ozoneManager is not defined
2024-02-27 07:49:57,285 [main] INFO  http.HttpServer2 (HttpServer2.java:addGlobalFilter(1036)) - Added global filter 'safety' (class=org.apache.hadoop.hdds.server.http.HttpServer2$QuotingInputFilter)
2024-02-27 07:49:57,286 [main] INFO  http.HttpServer2 (HttpServer2.java:addFilter(1012)) - Added filter static_user_filter (class=org.apache.hadoop.http.lib.StaticUserWebFilter$StaticUserFilter) to context ozoneManager
2024-02-27 07:49:57,286 [main] INFO  http.HttpServer2 (HttpServer2.java:addFilter(1020)) - Added filter static_user_filter (class=org.apache.hadoop.http.lib.StaticUserWebFilter$StaticUserFilter) to context logs
2024-02-27 07:49:57,286 [main] INFO  http.HttpServer2 (HttpServer2.java:addFilter(1020)) - Added filter static_user_filter (class=org.apache.hadoop.http.lib.StaticUserWebFilter$StaticUserFilter) to context static
2024-02-27 07:49:57,286 [main] INFO  http.BaseHttpServer (BaseHttpServer.java:<init>(189)) - HTTP server of ozoneManager uses base directory /home/runner/work/ozone/ozone/hadoop-ozone/integration-test/target/test-dir/MiniOzoneClusterImpl-4c9fddb8-14cc-4d18-9561-dc95ff2af5f2/omNode-3/webserver
2024-02-27 07:49:57,286 [main] INFO  http.HttpServer2 (HttpServer2.java:bindListener(1236)) - Jetty bound to port 15228
2024-02-27 07:49:57,286 [main] INFO  server.Server (Server.java:doStart(375)) - jetty-9.4.53.v20231009; built: 2023-10-09T12:29:09.265Z; git: 27bde00a0b95a1d5bbee0eae7984f891d2d0f8c9; jvm 1.8.0_402-b06
2024-02-27 07:49:57,287 [main] INFO  server.session (DefaultSessionIdManager.java:doStart(334)) - DefaultSessionIdManager workerName=node0
2024-02-27 07:49:57,287 [main] INFO  server.session (DefaultSessionIdManager.java:doStart(339)) - No SessionScavenger set, using defaults
2024-02-27 07:49:57,288 [main] INFO  server.session (HouseKeeper.java:startScavenging(132)) - node0 Scavenging every 600000ms
2024-02-27 07:49:57,288 [main] INFO  handler.ContextHandler (ContextHandler.java:doStart(921)) - Started o.e.j.s.ServletContextHandler@33ec5c0b{logs,/logs,file:///home/runner/work/ozone/ozone/hadoop-ozone/integration-test/target/log,AVAILABLE}
2024-02-27 07:49:57,288 [main] INFO  handler.ContextHandler (ContextHandler.java:doStart(921)) - Started o.e.j.s.ServletContextHandler@242c71c1{static,/static,file:///home/runner/work/ozone/ozone/hadoop-ozone/integration-test/target/test-classes/webapps/static,AVAILABLE}
2024-02-27 07:49:57,290 [main] INFO  handler.ContextHandler (ContextHandler.java:doStart(921)) - Started o.e.j.w.WebAppContext@2ad70fe3{ozoneManager,/,file:///home/runner/work/ozone/ozone/hadoop-ozone/integration-test/target/test-classes/webapps/ozoneManager/,AVAILABLE}{file:/home/runner/work/ozone/ozone/hadoop-ozone/integration-test/target/test-classes/webapps/ozoneManager}
2024-02-27 07:49:57,290 [main] INFO  server.AbstractConnector (AbstractConnector.java:doStart(333)) - Started ServerConnector@6fc56dcb{HTTP/1.1, (http/1.1)}{0.0.0.0:15228}
2024-02-27 07:49:57,290 [main] INFO  server.Server (Server.java:doStart(415)) - Started @679998ms
2024-02-27 07:49:57,290 [main] WARN  impl.MetricsSystemImpl (MetricsSystemImpl.java:register(279)) - Sink prometheus already exists!
2024-02-27 07:49:57,291 [main] INFO  http.BaseHttpServer (BaseHttpServer.java:updateConnectorAddress(354)) - HTTP server of ozoneManager listening at http://0.0.0.0:15228
2024-02-27 07:49:57,291 [IPC Server Responder] INFO  ipc.Server (Server.java:run(1562)) - IPC Server Responder: starting
2024-02-27 07:49:57,292 [IPC Server listener on 15227] INFO  ipc.Server (Server.java:run(1402)) - IPC Server listener on 15227: starting
2024-02-27 07:49:57,294 [main] INFO  om.OzoneManager (OzoneManager.java:startTrashEmptier(2093)) - Trash Interval set to 0. Files deleted won't move to trash
2024-02-27 07:49:57,294 [main] INFO  ozone.MiniOzoneHAClusterImpl (MiniOzoneHAClusterImpl.java:createOMService(474)) - Started OzoneManager omNode-3 RPC server at localhost/127.0.0.1:15227
2024-02-27 07:49:57,299 [main] WARN  dropwizard3.Dm3MetricRegistriesImpl (Dm3MetricRegistriesImpl.java:addReporterRegistration(113)) - New reporters are added after registries were created. Some metrics will be missing from the reporter. Please add reporter before adding any new registry.
2024-02-27 07:49:57,299 [main] WARN  dropwizard3.Dm3MetricRegistriesImpl (Dm3MetricRegistriesImpl.java:addReporterRegistration(113)) - New reporters are added after registries were created. Some metrics will be missing from the reporter. Please add reporter before adding any new registry.
2024-02-27 07:49:57,299 [main] INFO  impl.MetricsSystemImpl (MetricsSystemImpl.java:init(158)) - HddsDatanode metrics system started (again)
2024-02-27 07:49:57,306 [main] INFO  ozone.HddsDatanodeService (HddsDatanodeService.java:start(240)) - HddsDatanodeService host:fv-az699-61.gws2011vpwuupmkks00dozwttg.bx.internal.cloudapp.net ip:10.1.0.19
2024-02-27 07:49:57,323 [main] INFO  upgrade.AbstractLayoutVersionManager (AbstractLayoutVersionManager.java:init(83)) - Initializing Layout version manager with metadata layout = HADOOP_PRC_PORTS_IN_DATANODEDETAILS (version = 7), software layout = HADOOP_PRC_PORTS_IN_DATANODEDETAILS (version = 7)
2024-02-27 07:49:57,324 [main] INFO  statemachine.DatanodeStateMachine (DatanodeStateMachine.java:getEndPointTaskThreadPoolSize(299)) - Datanode State Machine Task Thread Pool size 2
2024-02-27 07:49:57,325 [main] INFO  volume.HddsVolume (HddsVolume.java:<init>(125)) - Creating HddsVolume: /home/runner/work/ozone/ozone/hadoop-ozone/integration-test/target/test-dir/MiniOzoneClusterImpl-4c9fddb8-14cc-4d18-9561-dc95ff2af5f2/ozone-meta/datanode-1/data-0/hdds of storage type : DISK capacity : 9223372036854775807
2024-02-27 07:49:57,325 [main] INFO  volume.MutableVolumeSet (MutableVolumeSet.java:initializeVolumeSet(173)) - Added Volume : /home/runner/work/ozone/ozone/hadoop-ozone/integration-test/target/test-dir/MiniOzoneClusterImpl-4c9fddb8-14cc-4d18-9561-dc95ff2af5f2/ozone-meta/datanode-1/data-0/hdds to VolumeSet
2024-02-27 07:49:57,325 [main] INFO  volume.MutableVolumeSet (MutableVolumeSet.java:initializeVolumeSet(173)) - Added Volume : /home/runner/work/ozone/ozone/hadoop-ozone/integration-test/target/test-dir/MiniOzoneClusterImpl-4c9fddb8-14cc-4d18-9561-dc95ff2af5f2/ozone-meta/datanode-1/ratis to VolumeSet
2024-02-27 07:49:57,326 [main] INFO  ozoneimpl.OzoneContainer (HddsVolumeUtil.java:loadAllHddsVolumeDbStore(103)) - Load 1 volumes DbStore cost: 0ms
2024-02-27 07:49:57,327 [main] INFO  server.RaftServer (ConfUtils.java:logGet(46)) - raft.rpc.type = GRPC (default)
2024-02-27 07:49:57,327 [main] INFO  grpc.GrpcConfigKeys (ConfUtils.java:logFallback(53)) - raft.grpc.admin.host = null (fallback to raft.grpc.server.host)
2024-02-27 07:49:57,328 [main] INFO  grpc.GrpcConfigKeys (ConfUtils.java:logGet(46)) - raft.grpc.admin.port = 15236 (custom)
2024-02-27 07:49:57,328 [main] INFO  grpc.GrpcConfigKeys (ConfUtils.java:logFallback(53)) - raft.grpc.client.host = null (fallback to raft.grpc.server.host)
2024-02-27 07:49:57,328 [main] INFO  grpc.GrpcConfigKeys (ConfUtils.java:logGet(46)) - raft.grpc.client.port = 15235 (custom)
2024-02-27 07:49:57,328 [main] INFO  grpc.GrpcConfigKeys (ConfUtils.java:logGet(46)) - raft.grpc.server.host = null (default)
2024-02-27 07:49:57,328 [main] INFO  grpc.GrpcConfigKeys (ConfUtils.java:logGet(46)) - raft.grpc.server.port = 15237 (custom)
2024-02-27 07:49:57,328 [main] INFO  server.GrpcService (ConfUtils.java:logGet(46)) - raft.grpc.message.size.max = 32MB (=33554432) (custom)
2024-02-27 07:49:57,328 [main] INFO  server.RaftServerConfigKeys (ConfUtils.java:logGet(46)) - raft.server.log.appender.buffer.byte-limit = 8388608 (custom)
2024-02-27 07:49:57,328 [main] INFO  server.GrpcService (ConfUtils.java:logGet(46)) - raft.grpc.flow.control.window = 5MB (=5242880) (custom)
2024-02-27 07:49:57,328 [main] INFO  server.RaftServerConfigKeys (ConfUtils.java:logGet(46)) - raft.server.rpc.request.timeout = 60s (custom)
2024-02-27 07:49:57,328 [main] INFO  grpc.GrpcConfigKeys (ConfUtils.java:logGet(46)) - raft.grpc.server.heartbeat.channel = true (default)
2024-02-27 07:49:57,329 [main] INFO  grpc.GrpcConfigKeys (ConfUtils.java:logGet(46)) - raft.grpc.server.async.request.thread.pool.cached = true (default)
2024-02-27 07:49:57,329 [main] INFO  grpc.GrpcConfigKeys (ConfUtils.java:logGet(46)) - raft.grpc.server.async.request.thread.pool.size = 32 (default)
2024-02-27 07:49:57,330 [main] INFO  impl.DataStreamServerImpl (ConfUtils.java:logGet(46)) - raft.datastream.type = NETTY (custom)
2024-02-27 07:49:57,331 [main] INFO  server.RaftServerConfigKeys (ConfUtils.java:logGet(46)) - raft.server.data-stream.async.request.thread.pool.cached = false (default)
2024-02-27 07:49:57,331 [main] INFO  server.RaftServerConfigKeys (ConfUtils.java:logGet(46)) - raft.server.data-stream.async.request.thread.pool.size = 20 (custom)
2024-02-27 07:49:57,331 [main] INFO  server.RaftServerConfigKeys (ConfUtils.java:logGet(46)) - raft.server.data-stream.async.write.thread.pool.size = 16 (default)
2024-02-27 07:49:57,331 [main] INFO  netty.NettyConfigKeys$DataStream (ConfUtils.java:logGet(46)) - raft.netty.dataStream.server.channel.inactive.grace-period = 10min (default)
2024-02-27 07:49:57,331 [main] INFO  server.RaftServerConfigKeys (ConfUtils.java:logGet(46)) - raft.server.data-stream.client.pool.size = 10 (default)
2024-02-27 07:49:57,331 [main] INFO  netty.NettyConfigKeys$DataStream (ConfUtils.java:logGet(46)) - raft.netty.dataStream.server.use-epoll = true (default)
2024-02-27 07:49:57,331 [main] INFO  netty.NettyConfigKeys$DataStream (ConfUtils.java:logGet(46)) - raft.netty.dataStream.server.boss-group.size = 0 (default)
2024-02-27 07:49:57,331 [main] INFO  netty.NettyUtils (NettyUtils.java:newEventLoopGroup(69)) - Create EpollEventLoopGroup for 7e131a2a-66d5-444e-90e8-7bf3dd0ed196-NettyServerStreamRpc-bossGroup; Thread size is 0.
2024-02-27 07:49:57,332 [main] INFO  netty.NettyConfigKeys$DataStream (ConfUtils.java:logGet(46)) - raft.netty.dataStream.server.worker-group.size = 0 (default)
2024-02-27 07:49:57,332 [main] INFO  netty.NettyUtils (NettyUtils.java:newEventLoopGroup(69)) - Create EpollEventLoopGroup for 7e131a2a-66d5-444e-90e8-7bf3dd0ed196-NettyServerStreamRpc-workerGroup; Thread size is 0.
2024-02-27 07:49:57,332 [main] INFO  netty.NettyConfigKeys$DataStream (ConfUtils.java:logGet(46)) - raft.netty.dataStream.server.tls.conf = null (default)
2024-02-27 07:49:57,332 [main] INFO  netty.NettyConfigKeys$DataStream (ConfUtils.java:logGet(46)) - raft.netty.dataStream.host = null (default)
2024-02-27 07:49:57,332 [main] INFO  netty.NettyConfigKeys$DataStream (ConfUtils.java:logGet(46)) - raft.netty.dataStream.port = 15238 (custom)
2024-02-27 07:49:57,333 [main] INFO  server.RaftServerConfigKeys (ConfUtils.java:logGet(46)) - raft.server.sleep.deviation.threshold = 300ms (default)
2024-02-27 07:49:57,333 [main] INFO  server.RaftServerConfigKeys (ConfUtils.java:logGet(46)) - raft.server.close.threshold = 60s (default)
2024-02-27 07:49:57,333 [main] INFO  server.RaftServerConfigKeys (ConfUtils.java:logGet(46)) - raft.server.leaderelection.leader.step-down.wait-time = 10s (default)
2024-02-27 07:49:57,333 [7e131a2a-66d5-444e-90e8-7bf3dd0ed196-NettyServerStreamRpc-bossGroup--thread1] INFO  logging.LoggingHandler (AbstractInternalLogger.java:log(148)) - [id: 0xde0c81df] REGISTERED
2024-02-27 07:49:57,333 [main] INFO  server.RaftServerConfigKeys (ConfUtils.java:logGet(46)) - raft.server.storage.dir = [/home/runner/work/ozone/ozone/hadoop-ozone/integration-test/target/test-dir/MiniOzoneClusterImpl-4c9fddb8-14cc-4d18-9561-dc95ff2af5f2/ozone-meta/datanode-1/ratis] (custom)
2024-02-27 07:49:57,333 [7e131a2a-66d5-444e-90e8-7bf3dd0ed196-NettyServerStreamRpc-bossGroup--thread1] INFO  logging.LoggingHandler (AbstractInternalLogger.java:log(148)) - [id: 0xde0c81df] BIND: 0.0.0.0/0.0.0.0:15238
2024-02-27 07:49:57,333 [main] INFO  server.RaftServerConfigKeys (ConfUtils.java:logGet(46)) - raft.server.threadpool.proxy.cached = true (default)
2024-02-27 07:49:57,333 [7e131a2a-66d5-444e-90e8-7bf3dd0ed196-NettyServerStreamRpc-bossGroup--thread1] INFO  logging.LoggingHandler (AbstractInternalLogger.java:log(148)) - [id: 0xde0c81df, L:/0.0.0.0:15238] ACTIVE
2024-02-27 07:49:57,333 [main] INFO  server.RaftServerConfigKeys (ConfUtils.java:logGet(46)) - raft.server.threadpool.proxy.size = 0 (default)
2024-02-27 07:49:57,334 [7e131a2a-66d5-444e-90e8-7bf3dd0ed196-impl-thread1] INFO  server.RaftServer (RaftServerProxy.java:initGroupDir(264)) - 7e131a2a-66d5-444e-90e8-7bf3dd0ed196: found a subdirectory /home/runner/work/ozone/ozone/hadoop-ozone/integration-test/target/test-dir/MiniOzoneClusterImpl-4c9fddb8-14cc-4d18-9561-dc95ff2af5f2/ozone-meta/datanode-1/ratis/tmp
2024-02-27 07:49:57,334 [7e131a2a-66d5-444e-90e8-7bf3dd0ed196-impl-thread1] INFO  server.RaftServer (RaftServerProxy.java:initGroupDir(269)) - 7e131a2a-66d5-444e-90e8-7bf3dd0ed196: The directory /home/runner/work/ozone/ozone/hadoop-ozone/integration-test/target/test-dir/MiniOzoneClusterImpl-4c9fddb8-14cc-4d18-9561-dc95ff2af5f2/ozone-meta/datanode-1/ratis/tmp is not a group directory; ignoring it. 
2024-02-27 07:49:57,334 [main] INFO  replication.ReplicationServer (ReplicationServer.java:<init>(86)) - Initializing replication server with thread count = 10 queue length = 4096
2024-02-27 07:49:57,335 [main] INFO  server.XceiverServerGrpc (XceiverServerGrpc.java:<init>(141)) - GrpcServer channel type EpollServerSocketChannel
2024-02-27 07:49:57,336 [main] INFO  replication.ReplicationSupervisor (ReplicationSupervisor.java:build(163)) - Initializing replication supervisor with thread count = 10
2024-02-27 07:49:57,336 [main] INFO  replication.ReplicationSupervisor (ReplicationSupervisor.java:nodeStateUpdated(317)) - Node state updated to IN_SERVICE, scaling executor pool size to 10
2024-02-27 07:49:57,338 [main] INFO  http.BaseHttpServer (BaseHttpServer.java:newHttpServer2BuilderForOzone(223)) - Starting Web-server for hddsDatanode at: http://0.0.0.0:15232
2024-02-27 07:49:57,338 [main] INFO  http.BaseHttpServer (BaseHttpServer.java:<init>(110)) - Hadoop Security Enabled: false Ozone Security Enabled: false Ozone HTTP Security Enabled: false 
2024-02-27 07:49:57,339 [main] WARN  server.AuthenticationFilter (AuthenticationFilter.java:constructSecretProvider(240)) - Unable to initialize FileSignerSecretProvider, falling back to use random secrets. Reason: Could not read signature secret file: /home/runner/hadoop-http-auth-signature-secret
2024-02-27 07:49:57,339 [main] INFO  http.HttpRequestLog (HttpRequestLog.java:getRequestLog(86)) - Http request log for http.requests.hddsDatanode is not defined
2024-02-27 07:49:57,340 [main] INFO  http.HttpServer2 (HttpServer2.java:addGlobalFilter(1036)) - Added global filter 'safety' (class=org.apache.hadoop.hdds.server.http.HttpServer2$QuotingInputFilter)
2024-02-27 07:49:57,340 [main] INFO  http.HttpServer2 (HttpServer2.java:addFilter(1012)) - Added filter static_user_filter (class=org.apache.hadoop.http.lib.StaticUserWebFilter$StaticUserFilter) to context hddsDatanode
2024-02-27 07:49:57,341 [main] INFO  http.HttpServer2 (HttpServer2.java:addFilter(1020)) - Added filter static_user_filter (class=org.apache.hadoop.http.lib.StaticUserWebFilter$StaticUserFilter) to context logs
2024-02-27 07:49:57,341 [main] INFO  http.HttpServer2 (HttpServer2.java:addFilter(1020)) - Added filter static_user_filter (class=org.apache.hadoop.http.lib.StaticUserWebFilter$StaticUserFilter) to context static
2024-02-27 07:49:57,341 [main] INFO  http.BaseHttpServer (BaseHttpServer.java:<init>(189)) - HTTP server of hddsDatanode uses base directory /home/runner/work/ozone/ozone/hadoop-ozone/integration-test/target/test-dir/MiniOzoneClusterImpl-4c9fddb8-14cc-4d18-9561-dc95ff2af5f2/ozone-meta/datanode-1/meta/webserver
2024-02-27 07:49:57,341 [main] INFO  http.HttpServer2 (HttpServer2.java:bindListener(1236)) - Jetty bound to port 15232
2024-02-27 07:49:57,342 [main] INFO  server.Server (Server.java:doStart(375)) - jetty-9.4.53.v20231009; built: 2023-10-09T12:29:09.265Z; git: 27bde00a0b95a1d5bbee0eae7984f891d2d0f8c9; jvm 1.8.0_402-b06
2024-02-27 07:49:57,342 [main] INFO  server.session (DefaultSessionIdManager.java:doStart(334)) - DefaultSessionIdManager workerName=node0
2024-02-27 07:49:57,343 [main] INFO  server.session (DefaultSessionIdManager.java:doStart(339)) - No SessionScavenger set, using defaults
2024-02-27 07:49:57,343 [main] INFO  server.session (HouseKeeper.java:startScavenging(132)) - node0 Scavenging every 600000ms
2024-02-27 07:49:57,343 [main] INFO  handler.ContextHandler (ContextHandler.java:doStart(921)) - Started o.e.j.s.ServletContextHandler@2bfca2c{logs,/logs,file:///home/runner/work/ozone/ozone/hadoop-ozone/integration-test/target/log,AVAILABLE}
2024-02-27 07:49:57,343 [main] INFO  handler.ContextHandler (ContextHandler.java:doStart(921)) - Started o.e.j.s.ServletContextHandler@4e91e7cb{static,/static,jar:file:/home/runner/.m2/repository/org/apache/ozone/hdds-container-service/1.5.0-SNAPSHOT/hdds-container-service-1.5.0-SNAPSHOT.jar!/webapps/static,AVAILABLE}
2024-02-27 07:49:57,375 [main] INFO  handler.ContextHandler (ContextHandler.java:doStart(921)) - Started o.e.j.w.WebAppContext@431817d8{hddsDatanode,/,file:///home/runner/work/ozone/ozone/hadoop-ozone/integration-test/target/test-dir/MiniOzoneClusterImpl-4c9fddb8-14cc-4d18-9561-dc95ff2af5f2/ozone-meta/datanode-1/meta/webserver/jetty-0_0_0_0-15232-hdds-container-service-1_5_0-SNAPSHOT_jar-_-any-8772863853710025310/webapp/,AVAILABLE}{jar:file:/home/runner/.m2/repository/org/apache/ozone/hdds-container-service/1.5.0-SNAPSHOT/hdds-container-service-1.5.0-SNAPSHOT.jar!/webapps/hddsDatanode}
2024-02-27 07:49:57,376 [main] INFO  server.AbstractConnector (AbstractConnector.java:doStart(333)) - Started ServerConnector@646eaedb{HTTP/1.1, (http/1.1)}{0.0.0.0:15232}
2024-02-27 07:49:57,376 [main] INFO  server.Server (Server.java:doStart(415)) - Started @680084ms
2024-02-27 07:49:57,376 [main] WARN  impl.MetricsSystemImpl (MetricsSystemImpl.java:register(279)) - Sink prometheus already exists!
2024-02-27 07:49:57,377 [main] INFO  http.BaseHttpServer (BaseHttpServer.java:updateConnectorAddress(354)) - HTTP server of hddsDatanode listening at http://0.0.0.0:15232
2024-02-27 07:49:57,377 [main] INFO  ipc.CallQueueManager (CallQueueManager.java:<init>(90)) - Using callQueue: class java.util.concurrent.LinkedBlockingQueue, queueCapacity: 100, scheduler: class org.apache.hadoop.ipc.DefaultRpcScheduler, ipcBackoff: false.
2024-02-27 07:49:57,377 [main] INFO  ipc.Server (Server.java:<init>(1287)) - Listener at 0.0.0.0:15233
2024-02-27 07:49:57,377 [Socket Reader #1 for port 15233] INFO  ipc.Server (Server.java:run(1323)) - Starting Socket Reader #1 for port 15233
2024-02-27 07:49:57,381 [main] INFO  ozone.HddsDatanodeService (HddsDatanodeService.java:start(327)) - Datanode start with admins: [*, runner]
2024-02-27 07:49:57,381 [main] INFO  ozone.HddsDatanodeClientProtocolServer (HddsDatanodeClientProtocolServer.java:start(77)) - RPC server for Client /0.0.0.0:15233
2024-02-27 07:49:57,381 [IPC Server Responder] INFO  ipc.Server (Server.java:run(1562)) - IPC Server Responder: starting
2024-02-27 07:49:57,381 [IPC Server listener on 15233] INFO  ipc.Server (Server.java:run(1402)) - IPC Server listener on 15233: starting
2024-02-27 07:49:57,382 [7e131a2a-66d5-444e-90e8-7bf3dd0ed196-DatanodeStateMachineDaemonThread] INFO  statemachine.DatanodeStateMachine (DatanodeStateMachine.java:lambda$startDaemon$1(555)) - Ozone container server started.
2024-02-27 07:49:57,382 [main] WARN  dropwizard3.Dm3MetricRegistriesImpl (Dm3MetricRegistriesImpl.java:addReporterRegistration(113)) - New reporters are added after registries were created. Some metrics will be missing from the reporter. Please add reporter before adding any new registry.
2024-02-27 07:49:57,384 [main] WARN  dropwizard3.Dm3MetricRegistriesImpl (Dm3MetricRegistriesImpl.java:addReporterRegistration(113)) - New reporters are added after registries were created. Some metrics will be missing from the reporter. Please add reporter before adding any new registry.
2024-02-27 07:49:57,384 [main] INFO  impl.MetricsSystemImpl (MetricsSystemImpl.java:init(158)) - HddsDatanode metrics system started (again)
2024-02-27 07:49:57,387 [7e131a2a-66d5-444e-90e8-7bf3dd0ed196-DatanodeStateMachineTaskThread-0] INFO  datanode.InitDatanodeState (InitDatanodeState.java:persistContainerDatanodeDetails(139)) - DatanodeDetails is persisted to /home/runner/work/ozone/ozone/hadoop-ozone/integration-test/target/test-dir/MiniOzoneClusterImpl-4c9fddb8-14cc-4d18-9561-dc95ff2af5f2/ozone-meta/datanode-1/meta/datanode.id
2024-02-27 07:49:57,395 [main] INFO  ozone.HddsDatanodeService (HddsDatanodeService.java:start(240)) - HddsDatanodeService host:fv-az699-61.gws2011vpwuupmkks00dozwttg.bx.internal.cloudapp.net ip:10.1.0.19
2024-02-27 07:49:57,411 [main] INFO  upgrade.AbstractLayoutVersionManager (AbstractLayoutVersionManager.java:init(83)) - Initializing Layout version manager with metadata layout = HADOOP_PRC_PORTS_IN_DATANODEDETAILS (version = 7), software layout = HADOOP_PRC_PORTS_IN_DATANODEDETAILS (version = 7)
2024-02-27 07:49:57,412 [main] INFO  statemachine.DatanodeStateMachine (DatanodeStateMachine.java:getEndPointTaskThreadPoolSize(299)) - Datanode State Machine Task Thread Pool size 2
2024-02-27 07:49:57,412 [main] INFO  volume.HddsVolume (HddsVolume.java:<init>(125)) - Creating HddsVolume: /home/runner/work/ozone/ozone/hadoop-ozone/integration-test/target/test-dir/MiniOzoneClusterImpl-4c9fddb8-14cc-4d18-9561-dc95ff2af5f2/ozone-meta/datanode-2/data-0/hdds of storage type : DISK capacity : 9223372036854775807
2024-02-27 07:49:57,413 [main] INFO  volume.MutableVolumeSet (MutableVolumeSet.java:initializeVolumeSet(173)) - Added Volume : /home/runner/work/ozone/ozone/hadoop-ozone/integration-test/target/test-dir/MiniOzoneClusterImpl-4c9fddb8-14cc-4d18-9561-dc95ff2af5f2/ozone-meta/datanode-2/data-0/hdds to VolumeSet
2024-02-27 07:49:57,413 [main] INFO  volume.MutableVolumeSet (MutableVolumeSet.java:initializeVolumeSet(173)) - Added Volume : /home/runner/work/ozone/ozone/hadoop-ozone/integration-test/target/test-dir/MiniOzoneClusterImpl-4c9fddb8-14cc-4d18-9561-dc95ff2af5f2/ozone-meta/datanode-2/ratis to VolumeSet
2024-02-27 07:49:57,413 [main] INFO  ozoneimpl.OzoneContainer (HddsVolumeUtil.java:loadAllHddsVolumeDbStore(103)) - Load 1 volumes DbStore cost: 0ms
2024-02-27 07:49:57,414 [main] INFO  server.RaftServer (ConfUtils.java:logGet(46)) - raft.rpc.type = GRPC (default)
2024-02-27 07:49:57,415 [main] INFO  grpc.GrpcConfigKeys (ConfUtils.java:logFallback(53)) - raft.grpc.admin.host = null (fallback to raft.grpc.server.host)
2024-02-27 07:49:57,415 [main] INFO  grpc.GrpcConfigKeys (ConfUtils.java:logGet(46)) - raft.grpc.admin.port = 15245 (custom)
2024-02-27 07:49:57,415 [main] INFO  grpc.GrpcConfigKeys (ConfUtils.java:logFallback(53)) - raft.grpc.client.host = null (fallback to raft.grpc.server.host)
2024-02-27 07:49:57,415 [main] INFO  grpc.GrpcConfigKeys (ConfUtils.java:logGet(46)) - raft.grpc.client.port = 15244 (custom)
2024-02-27 07:49:57,415 [main] INFO  grpc.GrpcConfigKeys (ConfUtils.java:logGet(46)) - raft.grpc.server.host = null (default)
2024-02-27 07:49:57,415 [main] INFO  grpc.GrpcConfigKeys (ConfUtils.java:logGet(46)) - raft.grpc.server.port = 15246 (custom)
2024-02-27 07:49:57,415 [main] INFO  server.GrpcService (ConfUtils.java:logGet(46)) - raft.grpc.message.size.max = 32MB (=33554432) (custom)
2024-02-27 07:49:57,415 [main] INFO  server.RaftServerConfigKeys (ConfUtils.java:logGet(46)) - raft.server.log.appender.buffer.byte-limit = 8388608 (custom)
2024-02-27 07:49:57,415 [main] INFO  server.GrpcService (ConfUtils.java:logGet(46)) - raft.grpc.flow.control.window = 5MB (=5242880) (custom)
2024-02-27 07:49:57,415 [omNode-1@group-523986131536-FollowerState] INFO  impl.FollowerState (FollowerState.java:run(143)) - omNode-1@group-523986131536-FollowerState: change to CANDIDATE, lastRpcElapsedTime:1078455074ns, electionTimeout:1078ms
2024-02-27 07:49:57,416 [omNode-1@group-523986131536-FollowerState] INFO  impl.RoleInfo (RoleInfo.java:shutdownFollowerState(110)) - omNode-1: shutdown omNode-1@group-523986131536-FollowerState
2024-02-27 07:49:57,416 [omNode-1@group-523986131536-FollowerState] INFO  server.RaftServer$Division (RaftServerImpl.java:setRole(383)) - omNode-1@group-523986131536: changes role from  FOLLOWER to CANDIDATE at term 0 for changeToCandidate
2024-02-27 07:49:57,416 [omNode-1@group-523986131536-FollowerState] INFO  server.RaftServerConfigKeys (ConfUtils.java:logGet(46)) - raft.server.leaderelection.pre-vote = true (default)
2024-02-27 07:49:57,416 [omNode-1@group-523986131536-FollowerState] INFO  impl.RoleInfo (RoleInfo.java:updateAndGet(139)) - omNode-1: start omNode-1@group-523986131536-LeaderElection49
2024-02-27 07:49:57,415 [main] INFO  server.RaftServerConfigKeys (ConfUtils.java:logGet(46)) - raft.server.rpc.request.timeout = 60s (custom)
2024-02-27 07:49:57,417 [omNode-1@group-523986131536-LeaderElection49] INFO  impl.LeaderElection (LeaderElection.java:askForVotes(321)) - omNode-1@group-523986131536-LeaderElection49 PRE_VOTE round 0: submit vote requests at term 0 for -1: peers:[omNode-3|localhost:15230, omNode-1|localhost:15222, omNode-2|localhost:15226]|listeners:[], old=null
2024-02-27 07:49:57,417 [main] INFO  grpc.GrpcConfigKeys (ConfUtils.java:logGet(46)) - raft.grpc.server.heartbeat.channel = true (default)
2024-02-27 07:49:57,417 [main] INFO  grpc.GrpcConfigKeys (ConfUtils.java:logGet(46)) - raft.grpc.server.async.request.thread.pool.cached = true (default)
2024-02-27 07:49:57,417 [omNode-1@group-523986131536-LeaderElection49-2] INFO  server.GrpcServerProtocolClient (GrpcServerProtocolClient.java:<init>(65)) - Build channel for omNode-2|localhost:15226
2024-02-27 07:49:57,417 [omNode-1@group-523986131536-LeaderElection49] INFO  server.RaftServerConfigKeys (ConfUtils.java:logFallback(53)) - raft.server.rpc.first-election.timeout.min = 1s (fallback to raft.server.rpc.timeout.min)
2024-02-27 07:49:57,418 [omNode-1@group-523986131536-LeaderElection49] INFO  server.RaftServerConfigKeys (ConfUtils.java:logFallback(53)) - raft.server.rpc.first-election.timeout.max = 1200ms (fallback to raft.server.rpc.timeout.max)
2024-02-27 07:49:57,417 [omNode-1@group-523986131536-LeaderElection49-1] INFO  server.GrpcServerProtocolClient (GrpcServerProtocolClient.java:<init>(65)) - Build channel for omNode-3|localhost:15230
2024-02-27 07:49:57,418 [main] INFO  grpc.GrpcConfigKeys (ConfUtils.java:logGet(46)) - raft.grpc.server.async.request.thread.pool.size = 32 (default)
2024-02-27 07:49:57,427 [main] INFO  impl.DataStreamServerImpl (ConfUtils.java:logGet(46)) - raft.datastream.type = NETTY (custom)
2024-02-27 07:49:57,427 [grpc-default-executor-1] INFO  server.RaftServer$Division (RaftServerImpl.java:requestVote(1389)) - omNode-2@group-523986131536: receive requestVote(PRE_VOTE, omNode-1, group-523986131536, 0, (t:0, i:~))
2024-02-27 07:49:57,429 [grpc-default-executor-1] INFO  impl.VoteContext (VoteContext.java:log(49)) - omNode-2@group-523986131536-FOLLOWER: accept PRE_VOTE from omNode-1: our priority 0 <= candidate's priority 0
2024-02-27 07:49:57,430 [grpc-default-executor-1] INFO  server.RaftServer$Division (RaftServerImpl.java:requestVote(1422)) - omNode-2@group-523986131536 replies to PRE_VOTE vote request: omNode-1<-omNode-2#0:OK-t0. Peer's state: omNode-2@group-523986131536:t0, leader=null, voted=, raftlog=Memoized:omNode-2@group-523986131536-SegmentedRaftLog:OPENED:c-1, conf=-1: peers:[omNode-3|localhost:15230, omNode-1|localhost:15222, omNode-2|localhost:15226]|listeners:[], old=null
2024-02-27 07:49:57,430 [omNode-1@group-523986131536-LeaderElection49] INFO  impl.LeaderElection (LeaderElection.java:logAndReturn(89)) - omNode-1@group-523986131536-LeaderElection49: PRE_VOTE PASSED received 1 response(s) and 0 exception(s):
2024-02-27 07:49:57,430 [grpc-default-executor-0] INFO  server.RaftServer$Division (RaftServerImpl.java:requestVote(1389)) - omNode-3@group-523986131536: receive requestVote(PRE_VOTE, omNode-1, group-523986131536, 0, (t:0, i:~))
2024-02-27 07:49:57,430 [grpc-default-executor-0] INFO  impl.VoteContext (VoteContext.java:log(49)) - omNode-3@group-523986131536-FOLLOWER: accept PRE_VOTE from omNode-1: our priority 0 <= candidate's priority 0
2024-02-27 07:49:57,430 [grpc-default-executor-0] INFO  server.RaftServer$Division (RaftServerImpl.java:requestVote(1422)) - omNode-3@group-523986131536 replies to PRE_VOTE vote request: omNode-1<-omNode-3#0:OK-t0. Peer's state: omNode-3@group-523986131536:t0, leader=null, voted=, raftlog=Memoized:omNode-3@group-523986131536-SegmentedRaftLog:OPENED:c-1, conf=-1: peers:[omNode-3|localhost:15230, omNode-1|localhost:15222, omNode-2|localhost:15226]|listeners:[], old=null
2024-02-27 07:49:57,430 [omNode-1@group-523986131536-LeaderElection49] INFO  impl.LeaderElection (LeaderElection.java:logAndReturn(93)) -   Response 0: omNode-1<-omNode-2#0:OK-t0
2024-02-27 07:49:57,431 [omNode-1@group-523986131536-LeaderElection49] INFO  impl.LeaderElection (LeaderElection.java:askForVotes(323)) - omNode-1@group-523986131536-LeaderElection49 PRE_VOTE round 0: result PASSED
2024-02-27 07:49:57,432 [omNode-1@group-523986131536-LeaderElection49] INFO  impl.LeaderElection (LeaderElection.java:askForVotes(321)) - omNode-1@group-523986131536-LeaderElection49 ELECTION round 0: submit vote requests at term 1 for -1: peers:[omNode-3|localhost:15230, omNode-1|localhost:15222, omNode-2|localhost:15226]|listeners:[], old=null
2024-02-27 07:49:57,432 [omNode-1@group-523986131536-LeaderElection49] INFO  server.RaftServerConfigKeys (ConfUtils.java:logFallback(53)) - raft.server.rpc.first-election.timeout.min = 1s (fallback to raft.server.rpc.timeout.min)
2024-02-27 07:49:57,433 [omNode-1@group-523986131536-LeaderElection49] INFO  server.RaftServerConfigKeys (ConfUtils.java:logFallback(53)) - raft.server.rpc.first-election.timeout.max = 1200ms (fallback to raft.server.rpc.timeout.max)
2024-02-27 07:49:57,433 [grpc-default-executor-0] INFO  server.RaftServer$Division (RaftServerImpl.java:requestVote(1389)) - omNode-2@group-523986131536: receive requestVote(ELECTION, omNode-1, group-523986131536, 1, (t:0, i:~))
2024-02-27 07:49:57,429 [main] INFO  server.RaftServerConfigKeys (ConfUtils.java:logGet(46)) - raft.server.data-stream.async.request.thread.pool.cached = false (default)
2024-02-27 07:49:57,437 [grpc-default-executor-1] INFO  server.RaftServer$Division (RaftServerImpl.java:requestVote(1389)) - omNode-3@group-523986131536: receive requestVote(ELECTION, omNode-1, group-523986131536, 1, (t:0, i:~))
2024-02-27 07:49:57,437 [main] INFO  server.RaftServerConfigKeys (ConfUtils.java:logGet(46)) - raft.server.data-stream.async.request.thread.pool.size = 20 (custom)
2024-02-27 07:49:57,437 [grpc-default-executor-0] INFO  impl.VoteContext (VoteContext.java:log(49)) - omNode-2@group-523986131536-FOLLOWER: accept ELECTION from omNode-1: our priority 0 <= candidate's priority 0
2024-02-27 07:49:57,438 [main] INFO  server.RaftServerConfigKeys (ConfUtils.java:logGet(46)) - raft.server.data-stream.async.write.thread.pool.size = 16 (default)
2024-02-27 07:49:57,438 [grpc-default-executor-0] INFO  server.RaftServer$Division (RaftServerImpl.java:setRole(383)) - omNode-2@group-523986131536: changes role from  FOLLOWER to FOLLOWER at term 1 for candidate:omNode-1
2024-02-27 07:49:57,438 [main] INFO  netty.NettyConfigKeys$DataStream (ConfUtils.java:logGet(46)) - raft.netty.dataStream.server.channel.inactive.grace-period = 10min (default)
2024-02-27 07:49:57,438 [grpc-default-executor-1] INFO  impl.VoteContext (VoteContext.java:log(49)) - omNode-3@group-523986131536-FOLLOWER: accept ELECTION from omNode-1: our priority 0 <= candidate's priority 0
2024-02-27 07:49:57,439 [main] INFO  server.RaftServerConfigKeys (ConfUtils.java:logGet(46)) - raft.server.data-stream.client.pool.size = 10 (default)
2024-02-27 07:49:57,439 [grpc-default-executor-1] INFO  server.RaftServer$Division (RaftServerImpl.java:setRole(383)) - omNode-3@group-523986131536: changes role from  FOLLOWER to FOLLOWER at term 1 for candidate:omNode-1
2024-02-27 07:49:57,439 [main] INFO  netty.NettyConfigKeys$DataStream (ConfUtils.java:logGet(46)) - raft.netty.dataStream.server.use-epoll = true (default)
2024-02-27 07:49:57,438 [grpc-default-executor-0] INFO  impl.RoleInfo (RoleInfo.java:shutdownFollowerState(110)) - omNode-2: shutdown omNode-2@group-523986131536-FollowerState
2024-02-27 07:49:57,439 [main] INFO  netty.NettyConfigKeys$DataStream (ConfUtils.java:logGet(46)) - raft.netty.dataStream.server.boss-group.size = 0 (default)
2024-02-27 07:49:57,439 [grpc-default-executor-1] INFO  impl.RoleInfo (RoleInfo.java:shutdownFollowerState(110)) - omNode-3: shutdown omNode-3@group-523986131536-FollowerState
2024-02-27 07:49:57,439 [main] INFO  netty.NettyUtils (NettyUtils.java:newEventLoopGroup(69)) - Create EpollEventLoopGroup for fa5d0107-e57d-410d-980d-33f92c3a8e71-NettyServerStreamRpc-bossGroup; Thread size is 0.
2024-02-27 07:49:57,439 [omNode-2@group-523986131536-FollowerState] INFO  impl.FollowerState (FollowerState.java:run(152)) - omNode-2@group-523986131536-FollowerState was interrupted
2024-02-27 07:49:57,439 [grpc-default-executor-0] INFO  impl.RoleInfo (RoleInfo.java:updateAndGet(139)) - omNode-2: start omNode-2@group-523986131536-FollowerState
2024-02-27 07:49:57,439 [omNode-3@group-523986131536-FollowerState] INFO  impl.FollowerState (FollowerState.java:run(152)) - omNode-3@group-523986131536-FollowerState was interrupted
2024-02-27 07:49:57,439 [grpc-default-executor-1] INFO  impl.RoleInfo (RoleInfo.java:updateAndGet(139)) - omNode-3: start omNode-3@group-523986131536-FollowerState
2024-02-27 07:49:57,441 [grpc-default-executor-0] INFO  server.RaftServer$Division (RaftServerImpl.java:setFirstElection(574)) - omNode-2@group-523986131536: set firstElectionSinceStartup to false for candidate:omNode-1
2024-02-27 07:49:57,441 [grpc-default-executor-1] INFO  server.RaftServer$Division (RaftServerImpl.java:setFirstElection(574)) - omNode-3@group-523986131536: set firstElectionSinceStartup to false for candidate:omNode-1
2024-02-27 07:49:57,445 [grpc-default-executor-1] INFO  server.RaftServer$Division (RaftServerImpl.java:requestVote(1422)) - omNode-3@group-523986131536 replies to ELECTION vote request: omNode-1<-omNode-3#0:OK-t1. Peer's state: omNode-3@group-523986131536:t1, leader=null, voted=omNode-1, raftlog=Memoized:omNode-3@group-523986131536-SegmentedRaftLog:OPENED:c-1, conf=-1: peers:[omNode-3|localhost:15230, omNode-1|localhost:15222, omNode-2|localhost:15226]|listeners:[], old=null
2024-02-27 07:49:57,445 [grpc-default-executor-0] INFO  server.RaftServer$Division (RaftServerImpl.java:requestVote(1422)) - omNode-2@group-523986131536 replies to ELECTION vote request: omNode-1<-omNode-2#0:OK-t1. Peer's state: omNode-2@group-523986131536:t1, leader=null, voted=omNode-1, raftlog=Memoized:omNode-2@group-523986131536-SegmentedRaftLog:OPENED:c-1, conf=-1: peers:[omNode-3|localhost:15230, omNode-1|localhost:15222, omNode-2|localhost:15226]|listeners:[], old=null
2024-02-27 07:49:57,445 [omNode-1@group-523986131536-LeaderElection49] INFO  impl.LeaderElection (LeaderElection.java:logAndReturn(89)) - omNode-1@group-523986131536-LeaderElection49: ELECTION PASSED received 1 response(s) and 0 exception(s):
2024-02-27 07:49:57,445 [omNode-1@group-523986131536-LeaderElection49] INFO  impl.LeaderElection (LeaderElection.java:logAndReturn(93)) -   Response 0: omNode-1<-omNode-3#0:OK-t1
2024-02-27 07:49:57,445 [omNode-1@group-523986131536-LeaderElection49] INFO  impl.LeaderElection (LeaderElection.java:askForVotes(323)) - omNode-1@group-523986131536-LeaderElection49 ELECTION round 0: result PASSED
2024-02-27 07:49:57,445 [omNode-1@group-523986131536-LeaderElection49] INFO  impl.RoleInfo (RoleInfo.java:shutdownLeaderElection(130)) - omNode-1: shutdown omNode-1@group-523986131536-LeaderElection49
2024-02-27 07:49:57,445 [omNode-1@group-523986131536-LeaderElection49] INFO  server.RaftServer$Division (RaftServerImpl.java:setRole(383)) - omNode-1@group-523986131536: changes role from CANDIDATE to LEADER at term 1 for changeToLeader
2024-02-27 07:49:57,445 [omNode-1@group-523986131536-LeaderElection49] INFO  server.RaftServerConfigKeys (ConfUtils.java:logGet(46)) - raft.server.staging.catchup.gap = 1000 (default)
2024-02-27 07:49:57,445 [omNode-1@group-523986131536-LeaderElection49] INFO  server.RaftServerConfigKeys (ConfUtils.java:logGet(46)) - raft.server.write.element-limit = 4096 (default)
2024-02-27 07:49:57,445 [omNode-1@group-523986131536-LeaderElection49] INFO  server.RaftServerConfigKeys (ConfUtils.java:logGet(46)) - raft.server.write.byte-limit = 64MB (=67108864) (default)
2024-02-27 07:49:57,445 [omNode-1@group-523986131536-LeaderElection49] INFO  server.RaftServerConfigKeys (ConfUtils.java:logGet(46)) - raft.server.watch.timeout = 10s (default)
2024-02-27 07:49:57,445 [omNode-1@group-523986131536-LeaderElection49] INFO  server.RaftServerConfigKeys (ConfUtils.java:logGet(46)) - raft.server.watch.timeout.denomination = 1s (default)
2024-02-27 07:49:57,445 [omNode-1@group-523986131536-LeaderElection49] INFO  server.RaftServerConfigKeys (ConfUtils.java:logGet(46)) - raft.server.watch.element-limit = 65536 (default)
2024-02-27 07:49:57,446 [omNode-1@group-523986131536-LeaderElection49] INFO  server.RaftServerConfigKeys (ConfUtils.java:logGet(46)) - raft.server.read.leader.lease.enabled = false (default)
2024-02-27 07:49:57,446 [omNode-1@group-523986131536-LeaderElection49] INFO  server.RaftServerConfigKeys (ConfUtils.java:logGet(46)) - raft.server.read.leader.lease.timeout.ratio = 0.9 (default)
2024-02-27 07:49:57,446 [omNode-1@group-523986131536-LeaderElection49] INFO  server.RaftServerConfigKeys (ConfUtils.java:logGet(46)) - raft.server.rpc.timeout.min = 1s (custom)
2024-02-27 07:49:57,446 [omNode-1@group-523986131536-LeaderElection49] INFO  server.RaftServerConfigKeys (ConfUtils.java:logGet(46)) - raft.server.write.element-limit = 4096 (default)
2024-02-27 07:49:57,446 [omNode-1@group-523986131536-LeaderElection49] INFO  server.RaftServerConfigKeys (ConfUtils.java:logGet(46)) - raft.server.write.follower.gap.ratio.max = -1.0 (default)
2024-02-27 07:49:57,446 [omNode-1@group-523986131536-LeaderElection49] INFO  server.RaftServerConfigKeys (ConfUtils.java:logGet(46)) - raft.server.log.appender.snapshot.chunk.size.max = 16MB (=16777216) (default)
2024-02-27 07:49:57,446 [omNode-1@group-523986131536-LeaderElection49] INFO  server.RaftServerConfigKeys (ConfUtils.java:logGet(46)) - raft.server.log.appender.buffer.byte-limit = 4194304 (custom)
2024-02-27 07:49:57,446 [omNode-1@group-523986131536-LeaderElection49] INFO  server.RaftServerConfigKeys (ConfUtils.java:logGet(46)) - raft.server.log.appender.buffer.element-limit = 1024 (custom)
2024-02-27 07:49:57,446 [omNode-1@group-523986131536-LeaderElection49] INFO  server.RaftServerConfigKeys (ConfUtils.java:logGet(46)) - raft.server.log.appender.wait-time.min = 0ms (custom)
2024-02-27 07:49:57,446 [omNode-1@group-523986131536-LeaderElection49] INFO  grpc.GrpcConfigKeys (ConfUtils.java:logGet(46)) - raft.grpc.server.leader.outstanding.appends.max = 8 (default)
2024-02-27 07:49:57,446 [omNode-1@group-523986131536-LeaderElection49] INFO  server.RaftServerConfigKeys (ConfUtils.java:logGet(46)) - raft.server.rpc.request.timeout = 3000ms (default)
2024-02-27 07:49:57,446 [omNode-1@group-523986131536-LeaderElection49] INFO  grpc.GrpcConfigKeys (ConfUtils.java:logGet(46)) - raft.grpc.server.install_snapshot.request.element-limit = 8 (default)
2024-02-27 07:49:57,446 [omNode-1@group-523986131536-LeaderElection49] INFO  grpc.GrpcConfigKeys (ConfUtils.java:logGet(46)) - raft.grpc.server.install_snapshot.request.timeout = 3000ms (default)
2024-02-27 07:49:57,447 [omNode-1@group-523986131536-LeaderElection49] INFO  grpc.GrpcConfigKeys (ConfUtils.java:logGet(46)) - raft.grpc.server.log-message.batch.duration = 5s (default)
2024-02-27 07:49:57,447 [omNode-1@group-523986131536-LeaderElection49] INFO  server.RaftServerConfigKeys (ConfUtils.java:logGet(46)) - raft.server.log.appender.install.snapshot.enabled = false (custom)
2024-02-27 07:49:57,447 [omNode-1@group-523986131536-LeaderElection49] INFO  grpc.GrpcConfigKeys (ConfUtils.java:logGet(46)) - raft.grpc.server.heartbeat.channel = true (default)
2024-02-27 07:49:57,447 [main] INFO  netty.NettyConfigKeys$DataStream (ConfUtils.java:logGet(46)) - raft.netty.dataStream.server.worker-group.size = 0 (default)
2024-02-27 07:49:57,448 [main] INFO  netty.NettyUtils (NettyUtils.java:newEventLoopGroup(69)) - Create EpollEventLoopGroup for fa5d0107-e57d-410d-980d-33f92c3a8e71-NettyServerStreamRpc-workerGroup; Thread size is 0.
2024-02-27 07:49:57,447 [omNode-1@group-523986131536-LeaderElection49] INFO  server.RaftServerConfigKeys (ConfUtils.java:logGet(46)) - raft.server.log.appender.snapshot.chunk.size.max = 16MB (=16777216) (default)
2024-02-27 07:49:57,448 [omNode-1@group-523986131536-LeaderElection49] INFO  server.RaftServerConfigKeys (ConfUtils.java:logGet(46)) - raft.server.log.appender.buffer.byte-limit = 4194304 (custom)
2024-02-27 07:49:57,448 [omNode-1@group-523986131536-LeaderElection49] INFO  server.RaftServerConfigKeys (ConfUtils.java:logGet(46)) - raft.server.log.appender.buffer.element-limit = 1024 (custom)
2024-02-27 07:49:57,448 [omNode-1@group-523986131536-LeaderElection49] INFO  server.RaftServerConfigKeys (ConfUtils.java:logGet(46)) - raft.server.log.appender.wait-time.min = 0ms (custom)
2024-02-27 07:49:57,448 [omNode-1@group-523986131536-LeaderElection49] INFO  grpc.GrpcConfigKeys (ConfUtils.java:logGet(46)) - raft.grpc.server.leader.outstanding.appends.max = 8 (default)
2024-02-27 07:49:57,448 [omNode-1@group-523986131536-LeaderElection49] INFO  server.RaftServerConfigKeys (ConfUtils.java:logGet(46)) - raft.server.rpc.request.timeout = 3000ms (default)
2024-02-27 07:49:57,449 [omNode-1@group-523986131536-LeaderElection49] INFO  grpc.GrpcConfigKeys (ConfUtils.java:logGet(46)) - raft.grpc.server.install_snapshot.request.element-limit = 8 (default)
2024-02-27 07:49:57,449 [omNode-1@group-523986131536-LeaderElection49] INFO  grpc.GrpcConfigKeys (ConfUtils.java:logGet(46)) - raft.grpc.server.install_snapshot.request.timeout = 3000ms (default)
2024-02-27 07:49:57,449 [omNode-1@group-523986131536-LeaderElection49] INFO  grpc.GrpcConfigKeys (ConfUtils.java:logGet(46)) - raft.grpc.server.log-message.batch.duration = 5s (default)
2024-02-27 07:49:57,449 [omNode-1@group-523986131536-LeaderElection49] INFO  server.RaftServerConfigKeys (ConfUtils.java:logGet(46)) - raft.server.log.appender.install.snapshot.enabled = false (custom)
2024-02-27 07:49:57,449 [omNode-1@group-523986131536-LeaderElection49] INFO  grpc.GrpcConfigKeys (ConfUtils.java:logGet(46)) - raft.grpc.server.heartbeat.channel = true (default)
2024-02-27 07:49:57,449 [main] INFO  netty.NettyConfigKeys$DataStream (ConfUtils.java:logGet(46)) - raft.netty.dataStream.server.tls.conf = null (default)
2024-02-27 07:49:57,449 [omNode-1@group-523986131536-LeaderElection49] INFO  impl.RoleInfo (RoleInfo.java:updateAndGet(139)) - omNode-1: start omNode-1@group-523986131536-LeaderStateImpl
2024-02-27 07:49:57,449 [omNode-1@group-523986131536-LeaderElection49] INFO  server.RaftServer$Division (RaftServerImpl.java:setFirstElection(574)) - omNode-1@group-523986131536: set firstElectionSinceStartup to false for becomeLeader
2024-02-27 07:49:57,449 [main] INFO  netty.NettyConfigKeys$DataStream (ConfUtils.java:logGet(46)) - raft.netty.dataStream.host = null (default)
2024-02-27 07:49:57,449 [omNode-1@group-523986131536-LeaderElection49] INFO  server.RaftServer$Division (ServerState.java:setLeader(269)) - omNode-1@group-523986131536: change Leader from null to omNode-1 at term 1 for becomeLeader, leader elected after 1316ms
2024-02-27 07:49:57,449 [main] INFO  netty.NettyConfigKeys$DataStream (ConfUtils.java:logGet(46)) - raft.netty.dataStream.port = 15247 (custom)
2024-02-27 07:49:57,449 [omNode-1@group-523986131536-LeaderElection49] INFO  segmented.SegmentedRaftLogWorker (SegmentedRaftLogWorker.java:startLogSegment(430)) - omNode-1@group-523986131536-SegmentedRaftLogWorker: Starting segment from index:0
2024-02-27 07:49:57,450 [omNode-1@group-523986131536-SegmentedRaftLogWorker] INFO  segmented.BufferedWriteChannel (BufferedWriteChannel.java:open(62)) - open log_inprogress_0 at position 0
2024-02-27 07:49:57,450 [main] INFO  server.RaftServerConfigKeys (ConfUtils.java:logGet(46)) - raft.server.sleep.deviation.threshold = 300ms (default)
2024-02-27 07:49:57,454 [omNode-1@group-523986131536-LeaderElection49] INFO  server.RaftServer$Division (ServerState.java:setRaftConf(386)) - omNode-1@group-523986131536: set configuration 0: peers:[omNode-3|localhost:15230, omNode-1|localhost:15222, omNode-2|localhost:15226]|listeners:[], old=null
2024-02-27 07:49:57,451 [fa5d0107-e57d-410d-980d-33f92c3a8e71-NettyServerStreamRpc-bossGroup--thread1] INFO  logging.LoggingHandler (AbstractInternalLogger.java:log(148)) - [id: 0x79bdb522] REGISTERED
2024-02-27 07:49:57,456 [main] INFO  server.RaftServerConfigKeys (ConfUtils.java:logGet(46)) - raft.server.close.threshold = 60s (default)
2024-02-27 07:49:57,456 [fa5d0107-e57d-410d-980d-33f92c3a8e71-NettyServerStreamRpc-bossGroup--thread1] INFO  logging.LoggingHandler (AbstractInternalLogger.java:log(148)) - [id: 0x79bdb522] BIND: 0.0.0.0/0.0.0.0:15247
2024-02-27 07:49:57,457 [fa5d0107-e57d-410d-980d-33f92c3a8e71-NettyServerStreamRpc-bossGroup--thread1] INFO  logging.LoggingHandler (AbstractInternalLogger.java:log(148)) - [id: 0x79bdb522, L:/0.0.0.0:15247] ACTIVE
2024-02-27 07:49:57,457 [main] INFO  server.RaftServerConfigKeys (ConfUtils.java:logGet(46)) - raft.server.leaderelection.leader.step-down.wait-time = 10s (default)
2024-02-27 07:49:57,457 [main] INFO  server.RaftServerConfigKeys (ConfUtils.java:logGet(46)) - raft.server.storage.dir = [/home/runner/work/ozone/ozone/hadoop-ozone/integration-test/target/test-dir/MiniOzoneClusterImpl-4c9fddb8-14cc-4d18-9561-dc95ff2af5f2/ozone-meta/datanode-2/ratis] (custom)
2024-02-27 07:49:57,458 [main] INFO  server.RaftServerConfigKeys (ConfUtils.java:logGet(46)) - raft.server.threadpool.proxy.cached = true (default)
2024-02-27 07:49:57,459 [omNode-1@group-523986131536-SegmentedRaftLogWorker] INFO  segmented.SegmentedRaftLogWorker (SegmentedRaftLogWorker.java:execute(634)) - omNode-1@group-523986131536-SegmentedRaftLogWorker: created new log segment /home/runner/work/ozone/ozone/hadoop-ozone/integration-test/target/test-dir/MiniOzoneClusterImpl-4c9fddb8-14cc-4d18-9561-dc95ff2af5f2/omNode-1/ratis/c9bc4cf4-3bc3-3c60-a66b-523986131536/current/log_inprogress_0
2024-02-27 07:49:57,460 [main] INFO  server.RaftServerConfigKeys (ConfUtils.java:logGet(46)) - raft.server.threadpool.proxy.size = 0 (default)
2024-02-27 07:49:57,460 [fa5d0107-e57d-410d-980d-33f92c3a8e71-impl-thread1] INFO  server.RaftServer (RaftServerProxy.java:initGroupDir(264)) - fa5d0107-e57d-410d-980d-33f92c3a8e71: found a subdirectory /home/runner/work/ozone/ozone/hadoop-ozone/integration-test/target/test-dir/MiniOzoneClusterImpl-4c9fddb8-14cc-4d18-9561-dc95ff2af5f2/ozone-meta/datanode-2/ratis/tmp
2024-02-27 07:49:57,460 [fa5d0107-e57d-410d-980d-33f92c3a8e71-impl-thread1] INFO  server.RaftServer (RaftServerProxy.java:initGroupDir(269)) - fa5d0107-e57d-410d-980d-33f92c3a8e71: The directory /home/runner/work/ozone/ozone/hadoop-ozone/integration-test/target/test-dir/MiniOzoneClusterImpl-4c9fddb8-14cc-4d18-9561-dc95ff2af5f2/ozone-meta/datanode-2/ratis/tmp is not a group directory; ignoring it. 
2024-02-27 07:49:57,461 [main] INFO  replication.ReplicationServer (ReplicationServer.java:<init>(86)) - Initializing replication server with thread count = 10 queue length = 4096
2024-02-27 07:49:57,462 [main] INFO  server.XceiverServerGrpc (XceiverServerGrpc.java:<init>(141)) - GrpcServer channel type EpollServerSocketChannel
2024-02-27 07:49:57,465 [omNode-2-server-thread1] INFO  server.RaftServer$Division (ServerState.java:setLeader(269)) - omNode-2@group-523986131536: change Leader from null to omNode-1 at term 1 for appendEntries, leader elected after 880ms
2024-02-27 07:49:57,465 [main] INFO  replication.ReplicationSupervisor (ReplicationSupervisor.java:build(163)) - Initializing replication supervisor with thread count = 10
2024-02-27 07:49:57,465 [main] INFO  replication.ReplicationSupervisor (ReplicationSupervisor.java:nodeStateUpdated(317)) - Node state updated to IN_SERVICE, scaling executor pool size to 10
2024-02-27 07:49:57,468 [omNode-2-server-thread2] INFO  server.RaftServer$Division (ServerState.java:setRaftConf(386)) - omNode-2@group-523986131536: set configuration 0: peers:[omNode-3|localhost:15230, omNode-1|localhost:15222, omNode-2|localhost:15226]|listeners:[], old=null
2024-02-27 07:49:57,468 [omNode-2-server-thread2] INFO  segmented.SegmentedRaftLogWorker (SegmentedRaftLogWorker.java:startLogSegment(430)) - omNode-2@group-523986131536-SegmentedRaftLogWorker: Starting segment from index:0
2024-02-27 07:49:57,468 [omNode-2@group-523986131536-SegmentedRaftLogWorker] INFO  segmented.BufferedWriteChannel (BufferedWriteChannel.java:open(62)) - open log_inprogress_0 at position 0
2024-02-27 07:49:57,473 [omNode-3-server-thread2] INFO  server.RaftServer$Division (ServerState.java:setLeader(269)) - omNode-3@group-523986131536: change Leader from null to omNode-1 at term 1 for appendEntries, leader elected after 429ms
2024-02-27 07:49:57,474 [omNode-3-server-thread2] INFO  server.RaftServer$Division (ServerState.java:setRaftConf(386)) - omNode-3@group-523986131536: set configuration 0: peers:[omNode-3|localhost:15230, omNode-1|localhost:15222, omNode-2|localhost:15226]|listeners:[], old=null
2024-02-27 07:49:57,474 [omNode-3-server-thread2] INFO  segmented.SegmentedRaftLogWorker (SegmentedRaftLogWorker.java:startLogSegment(430)) - omNode-3@group-523986131536-SegmentedRaftLogWorker: Starting segment from index:0
2024-02-27 07:49:57,474 [omNode-3@group-523986131536-SegmentedRaftLogWorker] INFO  segmented.BufferedWriteChannel (BufferedWriteChannel.java:open(62)) - open log_inprogress_0 at position 0
2024-02-27 07:49:57,476 [main] INFO  http.BaseHttpServer (BaseHttpServer.java:newHttpServer2BuilderForOzone(223)) - Starting Web-server for hddsDatanode at: http://0.0.0.0:15241
2024-02-27 07:49:57,476 [main] INFO  http.BaseHttpServer (BaseHttpServer.java:<init>(110)) - Hadoop Security Enabled: false Ozone Security Enabled: false Ozone HTTP Security Enabled: false 
2024-02-27 07:49:57,477 [main] WARN  server.AuthenticationFilter (AuthenticationFilter.java:constructSecretProvider(240)) - Unable to initialize FileSignerSecretProvider, falling back to use random secrets. Reason: Could not read signature secret file: /home/runner/hadoop-http-auth-signature-secret
2024-02-27 07:49:57,477 [main] INFO  http.HttpRequestLog (HttpRequestLog.java:getRequestLog(86)) - Http request log for http.requests.hddsDatanode is not defined
2024-02-27 07:49:57,477 [omNode-2@group-523986131536-SegmentedRaftLogWorker] INFO  segmented.SegmentedRaftLogWorker (SegmentedRaftLogWorker.java:execute(634)) - omNode-2@group-523986131536-SegmentedRaftLogWorker: created new log segment /home/runner/work/ozone/ozone/hadoop-ozone/integration-test/target/test-dir/MiniOzoneClusterImpl-4c9fddb8-14cc-4d18-9561-dc95ff2af5f2/omNode-2/ratis/c9bc4cf4-3bc3-3c60-a66b-523986131536/current/log_inprogress_0
2024-02-27 07:49:57,478 [main] INFO  http.HttpServer2 (HttpServer2.java:addGlobalFilter(1036)) - Added global filter 'safety' (class=org.apache.hadoop.hdds.server.http.HttpServer2$QuotingInputFilter)
2024-02-27 07:49:57,478 [main] INFO  http.HttpServer2 (HttpServer2.java:addFilter(1012)) - Added filter static_user_filter (class=org.apache.hadoop.http.lib.StaticUserWebFilter$StaticUserFilter) to context hddsDatanode
2024-02-27 07:49:57,478 [main] INFO  http.HttpServer2 (HttpServer2.java:addFilter(1020)) - Added filter static_user_filter (class=org.apache.hadoop.http.lib.StaticUserWebFilter$StaticUserFilter) to context logs
2024-02-27 07:49:57,478 [main] INFO  http.HttpServer2 (HttpServer2.java:addFilter(1020)) - Added filter static_user_filter (class=org.apache.hadoop.http.lib.StaticUserWebFilter$StaticUserFilter) to context static
2024-02-27 07:49:57,479 [main] INFO  http.BaseHttpServer (BaseHttpServer.java:<init>(189)) - HTTP server of hddsDatanode uses base directory /home/runner/work/ozone/ozone/hadoop-ozone/integration-test/target/test-dir/MiniOzoneClusterImpl-4c9fddb8-14cc-4d18-9561-dc95ff2af5f2/ozone-meta/datanode-2/meta/webserver
2024-02-27 07:49:57,479 [main] INFO  http.HttpServer2 (HttpServer2.java:bindListener(1236)) - Jetty bound to port 15241
2024-02-27 07:49:57,479 [main] INFO  server.Server (Server.java:doStart(375)) - jetty-9.4.53.v20231009; built: 2023-10-09T12:29:09.265Z; git: 27bde00a0b95a1d5bbee0eae7984f891d2d0f8c9; jvm 1.8.0_402-b06
2024-02-27 07:49:57,480 [main] INFO  server.session (DefaultSessionIdManager.java:doStart(334)) - DefaultSessionIdManager workerName=node0
2024-02-27 07:49:57,480 [main] INFO  server.session (DefaultSessionIdManager.java:doStart(339)) - No SessionScavenger set, using defaults
2024-02-27 07:49:57,480 [main] INFO  server.session (HouseKeeper.java:startScavenging(132)) - node0 Scavenging every 660000ms
2024-02-27 07:49:57,481 [main] INFO  handler.ContextHandler (ContextHandler.java:doStart(921)) - Started o.e.j.s.ServletContextHandler@752c33cc{logs,/logs,file:///home/runner/work/ozone/ozone/hadoop-ozone/integration-test/target/log,AVAILABLE}
2024-02-27 07:49:57,481 [main] INFO  handler.ContextHandler (ContextHandler.java:doStart(921)) - Started o.e.j.s.ServletContextHandler@394de552{static,/static,jar:file:/home/runner/.m2/repository/org/apache/ozone/hdds-container-service/1.5.0-SNAPSHOT/hdds-container-service-1.5.0-SNAPSHOT.jar!/webapps/static,AVAILABLE}
2024-02-27 07:49:57,482 [omNode-3@group-523986131536-SegmentedRaftLogWorker] INFO  segmented.SegmentedRaftLogWorker (SegmentedRaftLogWorker.java:execute(634)) - omNode-3@group-523986131536-SegmentedRaftLogWorker: created new log segment /home/runner/work/ozone/ozone/hadoop-ozone/integration-test/target/test-dir/MiniOzoneClusterImpl-4c9fddb8-14cc-4d18-9561-dc95ff2af5f2/omNode-3/ratis/c9bc4cf4-3bc3-3c60-a66b-523986131536/current/log_inprogress_0
2024-02-27 07:49:57,483 [omNode-1@group-523986131536-StateMachineUpdater] INFO  ratis.OzoneManagerStateMachine (OzoneManagerStateMachine.java:notifyConfigurationChanged(200)) - Received Configuration change notification from Ratis. New Peer list:
[id: "omNode-3"
address: "localhost:15230"
startupRole: FOLLOWER
, id: "omNode-1"
address: "localhost:15222"
startupRole: FOLLOWER
, id: "omNode-2"
address: "localhost:15226"
startupRole: FOLLOWER
]
2024-02-27 07:49:57,483 [omNode-1@group-523986131536-StateMachineUpdater] INFO  server.RaftServer$Division (LeaderStateImpl.java:isApplied(320)) - leader is ready since appliedIndex == 0 >= startIndex == 0
2024-02-27 07:49:57,514 [main] INFO  handler.ContextHandler (ContextHandler.java:doStart(921)) - Started o.e.j.w.WebAppContext@34745f24{hddsDatanode,/,file:///home/runner/work/ozone/ozone/hadoop-ozone/integration-test/target/test-dir/MiniOzoneClusterImpl-4c9fddb8-14cc-4d18-9561-dc95ff2af5f2/ozone-meta/datanode-2/meta/webserver/jetty-0_0_0_0-15241-hdds-container-service-1_5_0-SNAPSHOT_jar-_-any-7374933950181647761/webapp/,AVAILABLE}{jar:file:/home/runner/.m2/repository/org/apache/ozone/hdds-container-service/1.5.0-SNAPSHOT/hdds-container-service-1.5.0-SNAPSHOT.jar!/webapps/hddsDatanode}
2024-02-27 07:49:57,515 [main] INFO  server.AbstractConnector (AbstractConnector.java:doStart(333)) - Started ServerConnector@6c4108b6{HTTP/1.1, (http/1.1)}{0.0.0.0:15241}
2024-02-27 07:49:57,515 [main] INFO  server.Server (Server.java:doStart(415)) - Started @680223ms
2024-02-27 07:49:57,515 [main] WARN  impl.MetricsSystemImpl (MetricsSystemImpl.java:register(279)) - Sink prometheus already exists!
2024-02-27 07:49:57,516 [main] INFO  http.BaseHttpServer (BaseHttpServer.java:updateConnectorAddress(354)) - HTTP server of hddsDatanode listening at http://0.0.0.0:15241
2024-02-27 07:49:57,516 [main] INFO  ipc.CallQueueManager (CallQueueManager.java:<init>(90)) - Using callQueue: class java.util.concurrent.LinkedBlockingQueue, queueCapacity: 100, scheduler: class org.apache.hadoop.ipc.DefaultRpcScheduler, ipcBackoff: false.
2024-02-27 07:49:57,516 [main] INFO  ipc.Server (Server.java:<init>(1287)) - Listener at 0.0.0.0:15242
2024-02-27 07:49:57,517 [Socket Reader #1 for port 15242] INFO  ipc.Server (Server.java:run(1323)) - Starting Socket Reader #1 for port 15242
2024-02-27 07:49:57,522 [main] INFO  ozone.HddsDatanodeService (HddsDatanodeService.java:start(327)) - Datanode start with admins: [*, runner]
2024-02-27 07:49:57,522 [main] INFO  ozone.HddsDatanodeClientProtocolServer (HddsDatanodeClientProtocolServer.java:start(77)) - RPC server for Client /0.0.0.0:15242
2024-02-27 07:49:57,522 [IPC Server Responder] INFO  ipc.Server (Server.java:run(1562)) - IPC Server Responder: starting
2024-02-27 07:49:57,522 [IPC Server listener on 15242] INFO  ipc.Server (Server.java:run(1402)) - IPC Server listener on 15242: starting
2024-02-27 07:49:57,525 [fa5d0107-e57d-410d-980d-33f92c3a8e71-DatanodeStateMachineDaemonThread] INFO  statemachine.DatanodeStateMachine (DatanodeStateMachine.java:lambda$startDaemon$1(555)) - Ozone container server started.
2024-02-27 07:49:57,525 [main] WARN  dropwizard3.Dm3MetricRegistriesImpl (Dm3MetricRegistriesImpl.java:addReporterRegistration(113)) - New reporters are added after registries were created. Some metrics will be missing from the reporter. Please add reporter before adding any new registry.
2024-02-27 07:49:57,526 [main] WARN  dropwizard3.Dm3MetricRegistriesImpl (Dm3MetricRegistriesImpl.java:addReporterRegistration(113)) - New reporters are added after registries were created. Some metrics will be missing from the reporter. Please add reporter before adding any new registry.
2024-02-27 07:49:57,527 [main] INFO  impl.MetricsSystemImpl (MetricsSystemImpl.java:init(158)) - HddsDatanode metrics system started (again)
2024-02-27 07:49:57,529 [fa5d0107-e57d-410d-980d-33f92c3a8e71-DatanodeStateMachineTaskThread-0] INFO  datanode.InitDatanodeState (InitDatanodeState.java:persistContainerDatanodeDetails(139)) - DatanodeDetails is persisted to /home/runner/work/ozone/ozone/hadoop-ozone/integration-test/target/test-dir/MiniOzoneClusterImpl-4c9fddb8-14cc-4d18-9561-dc95ff2af5f2/ozone-meta/datanode-2/meta/datanode.id
2024-02-27 07:49:57,535 [main] INFO  ozone.HddsDatanodeService (HddsDatanodeService.java:start(240)) - HddsDatanodeService host:fv-az699-61.gws2011vpwuupmkks00dozwttg.bx.internal.cloudapp.net ip:10.1.0.19
2024-02-27 07:49:57,553 [main] INFO  upgrade.AbstractLayoutVersionManager (AbstractLayoutVersionManager.java:init(83)) - Initializing Layout version manager with metadata layout = HADOOP_PRC_PORTS_IN_DATANODEDETAILS (version = 7), software layout = HADOOP_PRC_PORTS_IN_DATANODEDETAILS (version = 7)
2024-02-27 07:49:57,553 [main] INFO  statemachine.DatanodeStateMachine (DatanodeStateMachine.java:getEndPointTaskThreadPoolSize(299)) - Datanode State Machine Task Thread Pool size 2
2024-02-27 07:49:57,554 [main] INFO  volume.HddsVolume (HddsVolume.java:<init>(125)) - Creating HddsVolume: /home/runner/work/ozone/ozone/hadoop-ozone/integration-test/target/test-dir/MiniOzoneClusterImpl-4c9fddb8-14cc-4d18-9561-dc95ff2af5f2/ozone-meta/datanode-3/data-0/hdds of storage type : DISK capacity : 9223372036854775807
2024-02-27 07:49:57,554 [main] INFO  volume.MutableVolumeSet (MutableVolumeSet.java:initializeVolumeSet(173)) - Added Volume : /home/runner/work/ozone/ozone/hadoop-ozone/integration-test/target/test-dir/MiniOzoneClusterImpl-4c9fddb8-14cc-4d18-9561-dc95ff2af5f2/ozone-meta/datanode-3/data-0/hdds to VolumeSet
2024-02-27 07:49:57,555 [main] INFO  volume.MutableVolumeSet (MutableVolumeSet.java:initializeVolumeSet(173)) - Added Volume : /home/runner/work/ozone/ozone/hadoop-ozone/integration-test/target/test-dir/MiniOzoneClusterImpl-4c9fddb8-14cc-4d18-9561-dc95ff2af5f2/ozone-meta/datanode-3/ratis to VolumeSet
2024-02-27 07:49:57,555 [main] INFO  ozoneimpl.OzoneContainer (HddsVolumeUtil.java:loadAllHddsVolumeDbStore(103)) - Load 1 volumes DbStore cost: 0ms
2024-02-27 07:49:57,556 [main] INFO  server.RaftServer (ConfUtils.java:logGet(46)) - raft.rpc.type = GRPC (default)
2024-02-27 07:49:57,557 [main] INFO  grpc.GrpcConfigKeys (ConfUtils.java:logFallback(53)) - raft.grpc.admin.host = null (fallback to raft.grpc.server.host)
2024-02-27 07:49:57,557 [main] INFO  grpc.GrpcConfigKeys (ConfUtils.java:logGet(46)) - raft.grpc.admin.port = 15254 (custom)
2024-02-27 07:49:57,557 [main] INFO  grpc.GrpcConfigKeys (ConfUtils.java:logFallback(53)) - raft.grpc.client.host = null (fallback to raft.grpc.server.host)
2024-02-27 07:49:57,557 [main] INFO  grpc.GrpcConfigKeys (ConfUtils.java:logGet(46)) - raft.grpc.client.port = 15253 (custom)
2024-02-27 07:49:57,557 [main] INFO  grpc.GrpcConfigKeys (ConfUtils.java:logGet(46)) - raft.grpc.server.host = null (default)
2024-02-27 07:49:57,557 [main] INFO  grpc.GrpcConfigKeys (ConfUtils.java:logGet(46)) - raft.grpc.server.port = 15255 (custom)
2024-02-27 07:49:57,557 [main] INFO  server.GrpcService (ConfUtils.java:logGet(46)) - raft.grpc.message.size.max = 32MB (=33554432) (custom)
2024-02-27 07:49:57,557 [main] INFO  server.RaftServerConfigKeys (ConfUtils.java:logGet(46)) - raft.server.log.appender.buffer.byte-limit = 8388608 (custom)
2024-02-27 07:49:57,558 [main] INFO  server.GrpcService (ConfUtils.java:logGet(46)) - raft.grpc.flow.control.window = 5MB (=5242880) (custom)
2024-02-27 07:49:57,558 [main] INFO  server.RaftServerConfigKeys (ConfUtils.java:logGet(46)) - raft.server.rpc.request.timeout = 60s (custom)
2024-02-27 07:49:57,558 [main] INFO  grpc.GrpcConfigKeys (ConfUtils.java:logGet(46)) - raft.grpc.server.heartbeat.channel = true (default)
2024-02-27 07:49:57,558 [main] INFO  grpc.GrpcConfigKeys (ConfUtils.java:logGet(46)) - raft.grpc.server.async.request.thread.pool.cached = true (default)
2024-02-27 07:49:57,558 [main] INFO  grpc.GrpcConfigKeys (ConfUtils.java:logGet(46)) - raft.grpc.server.async.request.thread.pool.size = 32 (default)
2024-02-27 07:49:57,560 [main] INFO  impl.DataStreamServerImpl (ConfUtils.java:logGet(46)) - raft.datastream.type = NETTY (custom)
2024-02-27 07:49:57,560 [main] INFO  server.RaftServerConfigKeys (ConfUtils.java:logGet(46)) - raft.server.data-stream.async.request.thread.pool.cached = false (default)
2024-02-27 07:49:57,560 [main] INFO  server.RaftServerConfigKeys (ConfUtils.java:logGet(46)) - raft.server.data-stream.async.request.thread.pool.size = 20 (custom)
2024-02-27 07:49:57,560 [main] INFO  server.RaftServerConfigKeys (ConfUtils.java:logGet(46)) - raft.server.data-stream.async.write.thread.pool.size = 16 (default)
2024-02-27 07:49:57,560 [main] INFO  netty.NettyConfigKeys$DataStream (ConfUtils.java:logGet(46)) - raft.netty.dataStream.server.channel.inactive.grace-period = 10min (default)
2024-02-27 07:49:57,560 [main] INFO  server.RaftServerConfigKeys (ConfUtils.java:logGet(46)) - raft.server.data-stream.client.pool.size = 10 (default)
2024-02-27 07:49:57,560 [main] INFO  netty.NettyConfigKeys$DataStream (ConfUtils.java:logGet(46)) - raft.netty.dataStream.server.use-epoll = true (default)
2024-02-27 07:49:57,561 [main] INFO  netty.NettyConfigKeys$DataStream (ConfUtils.java:logGet(46)) - raft.netty.dataStream.server.boss-group.size = 0 (default)
2024-02-27 07:49:57,561 [main] INFO  netty.NettyUtils (NettyUtils.java:newEventLoopGroup(69)) - Create EpollEventLoopGroup for 1c7f6d53-d2e7-4bdb-b96b-e0068b2c4e41-NettyServerStreamRpc-bossGroup; Thread size is 0.
2024-02-27 07:49:57,561 [main] INFO  netty.NettyConfigKeys$DataStream (ConfUtils.java:logGet(46)) - raft.netty.dataStream.server.worker-group.size = 0 (default)
2024-02-27 07:49:57,561 [main] INFO  netty.NettyUtils (NettyUtils.java:newEventLoopGroup(69)) - Create EpollEventLoopGroup for 1c7f6d53-d2e7-4bdb-b96b-e0068b2c4e41-NettyServerStreamRpc-workerGroup; Thread size is 0.
2024-02-27 07:49:57,561 [main] INFO  netty.NettyConfigKeys$DataStream (ConfUtils.java:logGet(46)) - raft.netty.dataStream.server.tls.conf = null (default)
2024-02-27 07:49:57,561 [main] INFO  netty.NettyConfigKeys$DataStream (ConfUtils.java:logGet(46)) - raft.netty.dataStream.host = null (default)
2024-02-27 07:49:57,561 [main] INFO  netty.NettyConfigKeys$DataStream (ConfUtils.java:logGet(46)) - raft.netty.dataStream.port = 15256 (custom)
2024-02-27 07:49:57,562 [main] INFO  server.RaftServerConfigKeys (ConfUtils.java:logGet(46)) - raft.server.sleep.deviation.threshold = 300ms (default)
2024-02-27 07:49:57,562 [main] INFO  server.RaftServerConfigKeys (ConfUtils.java:logGet(46)) - raft.server.close.threshold = 60s (default)
2024-02-27 07:49:57,562 [main] INFO  server.RaftServerConfigKeys (ConfUtils.java:logGet(46)) - raft.server.leaderelection.leader.step-down.wait-time = 10s (default)
2024-02-27 07:49:57,562 [main] INFO  server.RaftServerConfigKeys (ConfUtils.java:logGet(46)) - raft.server.storage.dir = [/home/runner/work/ozone/ozone/hadoop-ozone/integration-test/target/test-dir/MiniOzoneClusterImpl-4c9fddb8-14cc-4d18-9561-dc95ff2af5f2/ozone-meta/datanode-3/ratis] (custom)
2024-02-27 07:49:57,562 [main] INFO  server.RaftServerConfigKeys (ConfUtils.java:logGet(46)) - raft.server.threadpool.proxy.cached = true (default)
2024-02-27 07:49:57,563 [main] INFO  server.RaftServerConfigKeys (ConfUtils.java:logGet(46)) - raft.server.threadpool.proxy.size = 0 (default)
2024-02-27 07:49:57,562 [1c7f6d53-d2e7-4bdb-b96b-e0068b2c4e41-NettyServerStreamRpc-bossGroup--thread1] INFO  logging.LoggingHandler (AbstractInternalLogger.java:log(148)) - [id: 0x484a202a] REGISTERED
2024-02-27 07:49:57,563 [1c7f6d53-d2e7-4bdb-b96b-e0068b2c4e41-impl-thread1] INFO  server.RaftServer (RaftServerProxy.java:initGroupDir(264)) - 1c7f6d53-d2e7-4bdb-b96b-e0068b2c4e41: found a subdirectory /home/runner/work/ozone/ozone/hadoop-ozone/integration-test/target/test-dir/MiniOzoneClusterImpl-4c9fddb8-14cc-4d18-9561-dc95ff2af5f2/ozone-meta/datanode-3/ratis/tmp
2024-02-27 07:49:57,563 [1c7f6d53-d2e7-4bdb-b96b-e0068b2c4e41-NettyServerStreamRpc-bossGroup--thread1] INFO  logging.LoggingHandler (AbstractInternalLogger.java:log(148)) - [id: 0x484a202a] BIND: 0.0.0.0/0.0.0.0:15256
2024-02-27 07:49:57,563 [1c7f6d53-d2e7-4bdb-b96b-e0068b2c4e41-impl-thread1] INFO  server.RaftServer (RaftServerProxy.java:initGroupDir(269)) - 1c7f6d53-d2e7-4bdb-b96b-e0068b2c4e41: The directory /home/runner/work/ozone/ozone/hadoop-ozone/integration-test/target/test-dir/MiniOzoneClusterImpl-4c9fddb8-14cc-4d18-9561-dc95ff2af5f2/ozone-meta/datanode-3/ratis/tmp is not a group directory; ignoring it. 
2024-02-27 07:49:57,563 [1c7f6d53-d2e7-4bdb-b96b-e0068b2c4e41-NettyServerStreamRpc-bossGroup--thread1] INFO  logging.LoggingHandler (AbstractInternalLogger.java:log(148)) - [id: 0x484a202a, L:/0.0.0.0:15256] ACTIVE
2024-02-27 07:49:57,563 [main] INFO  replication.ReplicationServer (ReplicationServer.java:<init>(86)) - Initializing replication server with thread count = 10 queue length = 4096
2024-02-27 07:49:57,564 [main] INFO  server.XceiverServerGrpc (XceiverServerGrpc.java:<init>(141)) - GrpcServer channel type EpollServerSocketChannel
2024-02-27 07:49:57,565 [main] INFO  replication.ReplicationSupervisor (ReplicationSupervisor.java:build(163)) - Initializing replication supervisor with thread count = 10
2024-02-27 07:49:57,565 [main] INFO  replication.ReplicationSupervisor (ReplicationSupervisor.java:nodeStateUpdated(317)) - Node state updated to IN_SERVICE, scaling executor pool size to 10
2024-02-27 07:49:57,566 [main] INFO  http.BaseHttpServer (BaseHttpServer.java:newHttpServer2BuilderForOzone(223)) - Starting Web-server for hddsDatanode at: http://0.0.0.0:15250
2024-02-27 07:49:57,566 [main] INFO  http.BaseHttpServer (BaseHttpServer.java:<init>(110)) - Hadoop Security Enabled: false Ozone Security Enabled: false Ozone HTTP Security Enabled: false 
2024-02-27 07:49:57,569 [main] WARN  server.AuthenticationFilter (AuthenticationFilter.java:constructSecretProvider(240)) - Unable to initialize FileSignerSecretProvider, falling back to use random secrets. Reason: Could not read signature secret file: /home/runner/hadoop-http-auth-signature-secret
2024-02-27 07:49:57,570 [main] INFO  http.HttpRequestLog (HttpRequestLog.java:getRequestLog(86)) - Http request log for http.requests.hddsDatanode is not defined
2024-02-27 07:49:57,570 [main] INFO  http.HttpServer2 (HttpServer2.java:addGlobalFilter(1036)) - Added global filter 'safety' (class=org.apache.hadoop.hdds.server.http.HttpServer2$QuotingInputFilter)
2024-02-27 07:49:57,571 [main] INFO  http.HttpServer2 (HttpServer2.java:addFilter(1012)) - Added filter static_user_filter (class=org.apache.hadoop.http.lib.StaticUserWebFilter$StaticUserFilter) to context hddsDatanode
2024-02-27 07:49:57,571 [main] INFO  http.HttpServer2 (HttpServer2.java:addFilter(1020)) - Added filter static_user_filter (class=org.apache.hadoop.http.lib.StaticUserWebFilter$StaticUserFilter) to context static
2024-02-27 07:49:57,571 [main] INFO  http.HttpServer2 (HttpServer2.java:addFilter(1020)) - Added filter static_user_filter (class=org.apache.hadoop.http.lib.StaticUserWebFilter$StaticUserFilter) to context logs
2024-02-27 07:49:57,571 [main] INFO  http.BaseHttpServer (BaseHttpServer.java:<init>(189)) - HTTP server of hddsDatanode uses base directory /home/runner/work/ozone/ozone/hadoop-ozone/integration-test/target/test-dir/MiniOzoneClusterImpl-4c9fddb8-14cc-4d18-9561-dc95ff2af5f2/ozone-meta/datanode-3/meta/webserver
2024-02-27 07:49:57,571 [main] INFO  http.HttpServer2 (HttpServer2.java:bindListener(1236)) - Jetty bound to port 15250
2024-02-27 07:49:57,571 [main] INFO  server.Server (Server.java:doStart(375)) - jetty-9.4.53.v20231009; built: 2023-10-09T12:29:09.265Z; git: 27bde00a0b95a1d5bbee0eae7984f891d2d0f8c9; jvm 1.8.0_402-b06
2024-02-27 07:49:57,572 [main] INFO  server.session (DefaultSessionIdManager.java:doStart(334)) - DefaultSessionIdManager workerName=node0
2024-02-27 07:49:57,572 [main] INFO  server.session (DefaultSessionIdManager.java:doStart(339)) - No SessionScavenger set, using defaults
2024-02-27 07:49:57,575 [main] INFO  server.session (HouseKeeper.java:startScavenging(132)) - node0 Scavenging every 660000ms
2024-02-27 07:49:57,575 [main] INFO  handler.ContextHandler (ContextHandler.java:doStart(921)) - Started o.e.j.s.ServletContextHandler@60c17e68{logs,/logs,file:///home/runner/work/ozone/ozone/hadoop-ozone/integration-test/target/log,AVAILABLE}
2024-02-27 07:49:57,575 [main] INFO  handler.ContextHandler (ContextHandler.java:doStart(921)) - Started o.e.j.s.ServletContextHandler@55d67282{static,/static,jar:file:/home/runner/.m2/repository/org/apache/ozone/hdds-container-service/1.5.0-SNAPSHOT/hdds-container-service-1.5.0-SNAPSHOT.jar!/webapps/static,AVAILABLE}
2024-02-27 07:49:57,606 [main] INFO  handler.ContextHandler (ContextHandler.java:doStart(921)) - Started o.e.j.w.WebAppContext@2fd4527e{hddsDatanode,/,file:///home/runner/work/ozone/ozone/hadoop-ozone/integration-test/target/test-dir/MiniOzoneClusterImpl-4c9fddb8-14cc-4d18-9561-dc95ff2af5f2/ozone-meta/datanode-3/meta/webserver/jetty-0_0_0_0-15250-hdds-container-service-1_5_0-SNAPSHOT_jar-_-any-8154617672773026403/webapp/,AVAILABLE}{jar:file:/home/runner/.m2/repository/org/apache/ozone/hdds-container-service/1.5.0-SNAPSHOT/hdds-container-service-1.5.0-SNAPSHOT.jar!/webapps/hddsDatanode}
2024-02-27 07:49:57,607 [main] INFO  server.AbstractConnector (AbstractConnector.java:doStart(333)) - Started ServerConnector@f1a4889{HTTP/1.1, (http/1.1)}{0.0.0.0:15250}
2024-02-27 07:49:57,607 [main] INFO  server.Server (Server.java:doStart(415)) - Started @680315ms
2024-02-27 07:49:57,607 [main] WARN  impl.MetricsSystemImpl (MetricsSystemImpl.java:register(279)) - Sink prometheus already exists!
2024-02-27 07:49:57,607 [main] INFO  http.BaseHttpServer (BaseHttpServer.java:updateConnectorAddress(354)) - HTTP server of hddsDatanode listening at http://0.0.0.0:15250
2024-02-27 07:49:57,608 [main] INFO  ipc.CallQueueManager (CallQueueManager.java:<init>(90)) - Using callQueue: class java.util.concurrent.LinkedBlockingQueue, queueCapacity: 100, scheduler: class org.apache.hadoop.ipc.DefaultRpcScheduler, ipcBackoff: false.
2024-02-27 07:49:57,608 [main] INFO  ipc.Server (Server.java:<init>(1287)) - Listener at 0.0.0.0:15251
2024-02-27 07:49:57,608 [Socket Reader #1 for port 15251] INFO  ipc.Server (Server.java:run(1323)) - Starting Socket Reader #1 for port 15251
2024-02-27 07:49:57,609 [main] INFO  ozone.HddsDatanodeService (HddsDatanodeService.java:start(327)) - Datanode start with admins: [*, runner]
2024-02-27 07:49:57,609 [main] INFO  ozone.HddsDatanodeClientProtocolServer (HddsDatanodeClientProtocolServer.java:start(77)) - RPC server for Client /0.0.0.0:15251
2024-02-27 07:49:57,610 [IPC Server Responder] INFO  ipc.Server (Server.java:run(1562)) - IPC Server Responder: starting
2024-02-27 07:49:57,610 [IPC Server listener on 15251] INFO  ipc.Server (Server.java:run(1402)) - IPC Server listener on 15251: starting
2024-02-27 07:49:57,611 [1c7f6d53-d2e7-4bdb-b96b-e0068b2c4e41-DatanodeStateMachineDaemonThread] INFO  statemachine.DatanodeStateMachine (DatanodeStateMachine.java:lambda$startDaemon$1(555)) - Ozone container server started.
2024-02-27 07:49:57,611 [main] INFO  ozone.MiniOzoneClusterImpl (MiniOzoneClusterImpl.java:lambda$waitForClusterToBeReady$0(195)) - Waiting for nodes to be ready. Got 0 of 3 DN Heartbeats.
2024-02-27 07:49:57,613 [main] INFO  ozone.MiniOzoneClusterImpl (MiniOzoneClusterImpl.java:lambda$waitForClusterToBeReady$0(198)) - Waiting for cluster to exit safe mode
2024-02-27 07:49:57,613 [main] INFO  ozone.MiniOzoneClusterImpl (MiniOzoneClusterImpl.java:lambda$waitForClusterToBeReady$0(200)) - SCM became leader
2024-02-27 07:49:57,614 [1c7f6d53-d2e7-4bdb-b96b-e0068b2c4e41-DatanodeStateMachineTaskThread-0] INFO  datanode.InitDatanodeState (InitDatanodeState.java:persistContainerDatanodeDetails(139)) - DatanodeDetails is persisted to /home/runner/work/ozone/ozone/hadoop-ozone/integration-test/target/test-dir/MiniOzoneClusterImpl-4c9fddb8-14cc-4d18-9561-dc95ff2af5f2/ozone-meta/datanode-3/meta/datanode.id
2024-02-27 07:49:57,985 [omNode-2@group-523986131536-StateMachineUpdater] INFO  ratis.OzoneManagerStateMachine (OzoneManagerStateMachine.java:notifyConfigurationChanged(200)) - Received Configuration change notification from Ratis. New Peer list:
[id: "omNode-3"
address: "localhost:15230"
startupRole: FOLLOWER
, id: "omNode-1"
address: "localhost:15222"
startupRole: FOLLOWER
, id: "omNode-2"
address: "localhost:15226"
startupRole: FOLLOWER
]
2024-02-27 07:49:57,989 [omNode-3@group-523986131536-StateMachineUpdater] INFO  ratis.OzoneManagerStateMachine (OzoneManagerStateMachine.java:notifyConfigurationChanged(200)) - Received Configuration change notification from Ratis. New Peer list:
[id: "omNode-3"
address: "localhost:15230"
startupRole: FOLLOWER
, id: "omNode-1"
address: "localhost:15222"
startupRole: FOLLOWER
, id: "omNode-2"
address: "localhost:15226"
startupRole: FOLLOWER
]
2024-02-27 07:49:58,613 [main] INFO  ozone.MiniOzoneClusterImpl (MiniOzoneClusterImpl.java:lambda$waitForClusterToBeReady$0(195)) - Waiting for nodes to be ready. Got 0 of 3 DN Heartbeats.
2024-02-27 07:49:58,613 [main] INFO  ozone.MiniOzoneClusterImpl (MiniOzoneClusterImpl.java:lambda$waitForClusterToBeReady$0(198)) - Waiting for cluster to exit safe mode
2024-02-27 07:49:58,613 [main] INFO  ozone.MiniOzoneClusterImpl (MiniOzoneClusterImpl.java:lambda$waitForClusterToBeReady$0(200)) - SCM became leader
2024-02-27 07:49:59,409 [7e131a2a-66d5-444e-90e8-7bf3dd0ed196-EndpointStateMachineTaskThread-/0.0.0.0:15217-0 ] INFO  utils.DatanodeStoreCache (DatanodeStoreCache.java:addDB(72)) - Added db /home/runner/work/ozone/ozone/hadoop-ozone/integration-test/target/test-dir/MiniOzoneClusterImpl-4c9fddb8-14cc-4d18-9561-dc95ff2af5f2/ozone-meta/datanode-1/data-0/hdds/4c9fddb8-14cc-4d18-9561-dc95ff2af5f2/DS-653fe4bf-0c1c-4204-94fa-17a2e6a1c1bb/container.db to cache
2024-02-27 07:49:59,409 [7e131a2a-66d5-444e-90e8-7bf3dd0ed196-EndpointStateMachineTaskThread-/0.0.0.0:15217-0 ] INFO  volume.HddsVolume (HddsVolume.java:createDbStore(420)) - SchemaV3 db is created and loaded at /home/runner/work/ozone/ozone/hadoop-ozone/integration-test/target/test-dir/MiniOzoneClusterImpl-4c9fddb8-14cc-4d18-9561-dc95ff2af5f2/ozone-meta/datanode-1/data-0/hdds/4c9fddb8-14cc-4d18-9561-dc95ff2af5f2/DS-653fe4bf-0c1c-4204-94fa-17a2e6a1c1bb/container.db for volume DS-653fe4bf-0c1c-4204-94fa-17a2e6a1c1bb
2024-02-27 07:49:59,410 [7e131a2a-66d5-444e-90e8-7bf3dd0ed196-ContainerReader-0] INFO  ozoneimpl.ContainerReader (ContainerReader.java:readVolume(148)) - Start to verify containers on volume /home/runner/work/ozone/ozone/hadoop-ozone/integration-test/target/test-dir/MiniOzoneClusterImpl-4c9fddb8-14cc-4d18-9561-dc95ff2af5f2/ozone-meta/datanode-1/data-0/hdds
2024-02-27 07:49:59,411 [7e131a2a-66d5-444e-90e8-7bf3dd0ed196-ContainerReader-0] INFO  ozoneimpl.ContainerReader (ContainerReader.java:readVolume(178)) - Finish verifying containers on volume /home/runner/work/ozone/ozone/hadoop-ozone/integration-test/target/test-dir/MiniOzoneClusterImpl-4c9fddb8-14cc-4d18-9561-dc95ff2af5f2/ozone-meta/datanode-1/data-0/hdds
2024-02-27 07:49:59,411 [7e131a2a-66d5-444e-90e8-7bf3dd0ed196-EndpointStateMachineTaskThread-/0.0.0.0:15217-0 ] INFO  ozoneimpl.OzoneContainer (OzoneContainer.java:buildContainerSet(328)) - Build ContainerSet costs 0s
2024-02-27 07:49:59,411 [7e131a2a-66d5-444e-90e8-7bf3dd0ed196-EndpointStateMachineTaskThread-/0.0.0.0:15217-0 ] INFO  volume.ThrottledAsyncChecker (ThrottledAsyncChecker.java:schedule(141)) - Scheduling a check for /home/runner/work/ozone/ozone/hadoop-ozone/integration-test/target/test-dir/MiniOzoneClusterImpl-4c9fddb8-14cc-4d18-9561-dc95ff2af5f2/ozone-meta/datanode-1/data-0/hdds
2024-02-27 07:49:59,411 [7e131a2a-66d5-444e-90e8-7bf3dd0ed196-EndpointStateMachineTaskThread-/0.0.0.0:15217-0 ] INFO  volume.StorageVolumeChecker (StorageVolumeChecker.java:checkAllVolumes(218)) - Scheduled health check for volume /home/runner/work/ozone/ozone/hadoop-ozone/integration-test/target/test-dir/MiniOzoneClusterImpl-4c9fddb8-14cc-4d18-9561-dc95ff2af5f2/ozone-meta/datanode-1/data-0/hdds
2024-02-27 07:49:59,413 [7e131a2a-66d5-444e-90e8-7bf3dd0ed196-EndpointStateMachineTaskThread-/0.0.0.0:15217-0 ] INFO  volume.ThrottledAsyncChecker (ThrottledAsyncChecker.java:schedule(141)) - Scheduling a check for /home/runner/work/ozone/ozone/hadoop-ozone/integration-test/target/test-dir/MiniOzoneClusterImpl-4c9fddb8-14cc-4d18-9561-dc95ff2af5f2/ozone-meta/datanode-1/ratis
2024-02-27 07:49:59,413 [7e131a2a-66d5-444e-90e8-7bf3dd0ed196-EndpointStateMachineTaskThread-/0.0.0.0:15217-0 ] INFO  volume.StorageVolumeChecker (StorageVolumeChecker.java:checkAllVolumes(218)) - Scheduled health check for volume /home/runner/work/ozone/ozone/hadoop-ozone/integration-test/target/test-dir/MiniOzoneClusterImpl-4c9fddb8-14cc-4d18-9561-dc95ff2af5f2/ozone-meta/datanode-1/ratis
2024-02-27 07:49:59,413 [7e131a2a-66d5-444e-90e8-7bf3dd0ed196-EndpointStateMachineTaskThread-/0.0.0.0:15217-0 ] INFO  ozoneimpl.OzoneContainer (OzoneContainer.java:start(459)) - Attempting to start container services.
2024-02-27 07:49:59,414 [7e131a2a-66d5-444e-90e8-7bf3dd0ed196-EndpointStateMachineTaskThread-/0.0.0.0:15217-0 ] INFO  ozoneimpl.OzoneContainer (OzoneContainer.java:startContainerScrub(339)) - Scheduled background container scanners and the on-demand container scanner have been disabled.
2024-02-27 07:49:59,415 [7e131a2a-66d5-444e-90e8-7bf3dd0ed196-EndpointStateMachineTaskThread-/0.0.0.0:15217-0 ] INFO  replication.ReplicationServer (ReplicationServer.java:start(140)) - ReplicationServer is started using port 15239
2024-02-27 07:49:59,415 [7e131a2a-66d5-444e-90e8-7bf3dd0ed196-EndpointStateMachineTaskThread-/0.0.0.0:15217-0 ] INFO  ratis.XceiverServerRatis (XceiverServerRatis.java:start(566)) - Starting XceiverServerRatis 7e131a2a-66d5-444e-90e8-7bf3dd0ed196
2024-02-27 07:49:59,416 [7e131a2a-66d5-444e-90e8-7bf3dd0ed196-EndpointStateMachineTaskThread-/0.0.0.0:15217-0 ] INFO  server.RaftServer (RaftServerProxy.java:startImpl(406)) - 7e131a2a-66d5-444e-90e8-7bf3dd0ed196: start RPC server
2024-02-27 07:49:59,417 [7e131a2a-66d5-444e-90e8-7bf3dd0ed196-EndpointStateMachineTaskThread-/0.0.0.0:15217-0 ] INFO  server.GrpcService (GrpcService.java:startImpl(302)) - 7e131a2a-66d5-444e-90e8-7bf3dd0ed196: GrpcService started, listening on 15235
2024-02-27 07:49:59,418 [7e131a2a-66d5-444e-90e8-7bf3dd0ed196-EndpointStateMachineTaskThread-/0.0.0.0:15217-0 ] INFO  server.GrpcService (GrpcService.java:startImpl(302)) - 7e131a2a-66d5-444e-90e8-7bf3dd0ed196: GrpcService started, listening on 15237
2024-02-27 07:49:59,418 [7e131a2a-66d5-444e-90e8-7bf3dd0ed196-EndpointStateMachineTaskThread-/0.0.0.0:15217-0 ] INFO  server.GrpcService (GrpcService.java:startImpl(302)) - 7e131a2a-66d5-444e-90e8-7bf3dd0ed196: GrpcService started, listening on 15236
2024-02-27 07:49:59,419 [7e131a2a-66d5-444e-90e8-7bf3dd0ed196-EndpointStateMachineTaskThread-/0.0.0.0:15217-0 ] INFO  ratis.XceiverServerRatis (XceiverServerRatis.java:getRealPort(592)) - XceiverServerRatis 7e131a2a-66d5-444e-90e8-7bf3dd0ed196 is started using port 15235 for RATIS
2024-02-27 07:49:59,419 [7e131a2a-66d5-444e-90e8-7bf3dd0ed196-EndpointStateMachineTaskThread-/0.0.0.0:15217-0 ] INFO  ratis.XceiverServerRatis (XceiverServerRatis.java:getRealPort(592)) - XceiverServerRatis 7e131a2a-66d5-444e-90e8-7bf3dd0ed196 is started using port 15236 for RATIS_ADMIN
2024-02-27 07:49:59,419 [7e131a2a-66d5-444e-90e8-7bf3dd0ed196-EndpointStateMachineTaskThread-/0.0.0.0:15217-0 ] INFO  ratis.XceiverServerRatis (XceiverServerRatis.java:getRealPort(592)) - XceiverServerRatis 7e131a2a-66d5-444e-90e8-7bf3dd0ed196 is started using port 15237 for RATIS_SERVER
2024-02-27 07:49:59,419 [7e131a2a-66d5-444e-90e8-7bf3dd0ed196-EndpointStateMachineTaskThread-/0.0.0.0:15217-0 ] INFO  ratis.XceiverServerRatis (XceiverServerRatis.java:getRealPort(592)) - XceiverServerRatis 7e131a2a-66d5-444e-90e8-7bf3dd0ed196 is started using port 15238 for RATIS_DATASTREAM
2024-02-27 07:49:59,419 [JvmPauseMonitor63] INFO  util.JvmPauseMonitor (JvmPauseMonitor.java:run(146)) - JvmPauseMonitor-7e131a2a-66d5-444e-90e8-7bf3dd0ed196: Started
2024-02-27 07:49:59,420 [7e131a2a-66d5-444e-90e8-7bf3dd0ed196-BlockDeletingService#0] INFO  interfaces.ContainerDeletionChoosingPolicyTemplate (ContainerDeletionChoosingPolicyTemplate.java:chooseContainerForBlockDeletion(85)) - Chosen 0/5000 blocks from 0 candidate containers.
2024-02-27 07:49:59,553 [fa5d0107-e57d-410d-980d-33f92c3a8e71-EndpointStateMachineTaskThread-/0.0.0.0:15217-0 ] INFO  utils.DatanodeStoreCache (DatanodeStoreCache.java:addDB(72)) - Added db /home/runner/work/ozone/ozone/hadoop-ozone/integration-test/target/test-dir/MiniOzoneClusterImpl-4c9fddb8-14cc-4d18-9561-dc95ff2af5f2/ozone-meta/datanode-2/data-0/hdds/4c9fddb8-14cc-4d18-9561-dc95ff2af5f2/DS-02eb401c-0974-44cb-b1fa-aac8f0e1f1e4/container.db to cache
2024-02-27 07:49:59,553 [fa5d0107-e57d-410d-980d-33f92c3a8e71-EndpointStateMachineTaskThread-/0.0.0.0:15217-0 ] INFO  volume.HddsVolume (HddsVolume.java:createDbStore(420)) - SchemaV3 db is created and loaded at /home/runner/work/ozone/ozone/hadoop-ozone/integration-test/target/test-dir/MiniOzoneClusterImpl-4c9fddb8-14cc-4d18-9561-dc95ff2af5f2/ozone-meta/datanode-2/data-0/hdds/4c9fddb8-14cc-4d18-9561-dc95ff2af5f2/DS-02eb401c-0974-44cb-b1fa-aac8f0e1f1e4/container.db for volume DS-02eb401c-0974-44cb-b1fa-aac8f0e1f1e4
2024-02-27 07:49:59,556 [fa5d0107-e57d-410d-980d-33f92c3a8e71-ContainerReader-0] INFO  ozoneimpl.ContainerReader (ContainerReader.java:readVolume(148)) - Start to verify containers on volume /home/runner/work/ozone/ozone/hadoop-ozone/integration-test/target/test-dir/MiniOzoneClusterImpl-4c9fddb8-14cc-4d18-9561-dc95ff2af5f2/ozone-meta/datanode-2/data-0/hdds
2024-02-27 07:49:59,556 [fa5d0107-e57d-410d-980d-33f92c3a8e71-ContainerReader-0] INFO  ozoneimpl.ContainerReader (ContainerReader.java:readVolume(178)) - Finish verifying containers on volume /home/runner/work/ozone/ozone/hadoop-ozone/integration-test/target/test-dir/MiniOzoneClusterImpl-4c9fddb8-14cc-4d18-9561-dc95ff2af5f2/ozone-meta/datanode-2/data-0/hdds
2024-02-27 07:49:59,556 [fa5d0107-e57d-410d-980d-33f92c3a8e71-EndpointStateMachineTaskThread-/0.0.0.0:15217-0 ] INFO  ozoneimpl.OzoneContainer (OzoneContainer.java:buildContainerSet(328)) - Build ContainerSet costs 0s
2024-02-27 07:49:59,556 [fa5d0107-e57d-410d-980d-33f92c3a8e71-EndpointStateMachineTaskThread-/0.0.0.0:15217-0 ] INFO  volume.ThrottledAsyncChecker (ThrottledAsyncChecker.java:schedule(141)) - Scheduling a check for /home/runner/work/ozone/ozone/hadoop-ozone/integration-test/target/test-dir/MiniOzoneClusterImpl-4c9fddb8-14cc-4d18-9561-dc95ff2af5f2/ozone-meta/datanode-2/data-0/hdds
2024-02-27 07:49:59,556 [fa5d0107-e57d-410d-980d-33f92c3a8e71-EndpointStateMachineTaskThread-/0.0.0.0:15217-0 ] INFO  volume.StorageVolumeChecker (StorageVolumeChecker.java:checkAllVolumes(218)) - Scheduled health check for volume /home/runner/work/ozone/ozone/hadoop-ozone/integration-test/target/test-dir/MiniOzoneClusterImpl-4c9fddb8-14cc-4d18-9561-dc95ff2af5f2/ozone-meta/datanode-2/data-0/hdds
2024-02-27 07:49:59,558 [fa5d0107-e57d-410d-980d-33f92c3a8e71-EndpointStateMachineTaskThread-/0.0.0.0:15217-0 ] INFO  volume.ThrottledAsyncChecker (ThrottledAsyncChecker.java:schedule(141)) - Scheduling a check for /home/runner/work/ozone/ozone/hadoop-ozone/integration-test/target/test-dir/MiniOzoneClusterImpl-4c9fddb8-14cc-4d18-9561-dc95ff2af5f2/ozone-meta/datanode-2/ratis
2024-02-27 07:49:59,558 [fa5d0107-e57d-410d-980d-33f92c3a8e71-EndpointStateMachineTaskThread-/0.0.0.0:15217-0 ] INFO  volume.StorageVolumeChecker (StorageVolumeChecker.java:checkAllVolumes(218)) - Scheduled health check for volume /home/runner/work/ozone/ozone/hadoop-ozone/integration-test/target/test-dir/MiniOzoneClusterImpl-4c9fddb8-14cc-4d18-9561-dc95ff2af5f2/ozone-meta/datanode-2/ratis
2024-02-27 07:49:59,559 [fa5d0107-e57d-410d-980d-33f92c3a8e71-EndpointStateMachineTaskThread-/0.0.0.0:15217-0 ] INFO  ozoneimpl.OzoneContainer (OzoneContainer.java:start(459)) - Attempting to start container services.
2024-02-27 07:49:59,559 [fa5d0107-e57d-410d-980d-33f92c3a8e71-EndpointStateMachineTaskThread-/0.0.0.0:15217-0 ] INFO  ozoneimpl.OzoneContainer (OzoneContainer.java:startContainerScrub(339)) - Scheduled background container scanners and the on-demand container scanner have been disabled.
2024-02-27 07:49:59,560 [fa5d0107-e57d-410d-980d-33f92c3a8e71-EndpointStateMachineTaskThread-/0.0.0.0:15217-0 ] INFO  replication.ReplicationServer (ReplicationServer.java:start(140)) - ReplicationServer is started using port 15248
2024-02-27 07:49:59,560 [fa5d0107-e57d-410d-980d-33f92c3a8e71-EndpointStateMachineTaskThread-/0.0.0.0:15217-0 ] INFO  ratis.XceiverServerRatis (XceiverServerRatis.java:start(566)) - Starting XceiverServerRatis fa5d0107-e57d-410d-980d-33f92c3a8e71
2024-02-27 07:49:59,561 [fa5d0107-e57d-410d-980d-33f92c3a8e71-EndpointStateMachineTaskThread-/0.0.0.0:15217-0 ] INFO  server.RaftServer (RaftServerProxy.java:startImpl(406)) - fa5d0107-e57d-410d-980d-33f92c3a8e71: start RPC server
2024-02-27 07:49:59,562 [fa5d0107-e57d-410d-980d-33f92c3a8e71-EndpointStateMachineTaskThread-/0.0.0.0:15217-0 ] INFO  server.GrpcService (GrpcService.java:startImpl(302)) - fa5d0107-e57d-410d-980d-33f92c3a8e71: GrpcService started, listening on 15244
2024-02-27 07:49:59,563 [fa5d0107-e57d-410d-980d-33f92c3a8e71-EndpointStateMachineTaskThread-/0.0.0.0:15217-0 ] INFO  server.GrpcService (GrpcService.java:startImpl(302)) - fa5d0107-e57d-410d-980d-33f92c3a8e71: GrpcService started, listening on 15246
2024-02-27 07:49:59,564 [fa5d0107-e57d-410d-980d-33f92c3a8e71-EndpointStateMachineTaskThread-/0.0.0.0:15217-0 ] INFO  server.GrpcService (GrpcService.java:startImpl(302)) - fa5d0107-e57d-410d-980d-33f92c3a8e71: GrpcService started, listening on 15245
2024-02-27 07:49:59,564 [fa5d0107-e57d-410d-980d-33f92c3a8e71-EndpointStateMachineTaskThread-/0.0.0.0:15217-0 ] INFO  ratis.XceiverServerRatis (XceiverServerRatis.java:getRealPort(592)) - XceiverServerRatis fa5d0107-e57d-410d-980d-33f92c3a8e71 is started using port 15244 for RATIS
2024-02-27 07:49:59,564 [fa5d0107-e57d-410d-980d-33f92c3a8e71-EndpointStateMachineTaskThread-/0.0.0.0:15217-0 ] INFO  ratis.XceiverServerRatis (XceiverServerRatis.java:getRealPort(592)) - XceiverServerRatis fa5d0107-e57d-410d-980d-33f92c3a8e71 is started using port 15245 for RATIS_ADMIN
2024-02-27 07:49:59,564 [fa5d0107-e57d-410d-980d-33f92c3a8e71-EndpointStateMachineTaskThread-/0.0.0.0:15217-0 ] INFO  ratis.XceiverServerRatis (XceiverServerRatis.java:getRealPort(592)) - XceiverServerRatis fa5d0107-e57d-410d-980d-33f92c3a8e71 is started using port 15246 for RATIS_SERVER
2024-02-27 07:49:59,564 [fa5d0107-e57d-410d-980d-33f92c3a8e71-EndpointStateMachineTaskThread-/0.0.0.0:15217-0 ] INFO  ratis.XceiverServerRatis (XceiverServerRatis.java:getRealPort(592)) - XceiverServerRatis fa5d0107-e57d-410d-980d-33f92c3a8e71 is started using port 15247 for RATIS_DATASTREAM
2024-02-27 07:49:59,564 [JvmPauseMonitor64] INFO  util.JvmPauseMonitor (JvmPauseMonitor.java:run(146)) - JvmPauseMonitor-fa5d0107-e57d-410d-980d-33f92c3a8e71: Started
2024-02-27 07:49:59,566 [fa5d0107-e57d-410d-980d-33f92c3a8e71-BlockDeletingService#0] INFO  interfaces.ContainerDeletionChoosingPolicyTemplate (ContainerDeletionChoosingPolicyTemplate.java:chooseContainerForBlockDeletion(85)) - Chosen 0/5000 blocks from 0 candidate containers.
2024-02-27 07:49:59,613 [main] INFO  ozone.MiniOzoneClusterImpl (MiniOzoneClusterImpl.java:lambda$waitForClusterToBeReady$0(195)) - Waiting for nodes to be ready. Got 0 of 3 DN Heartbeats.
2024-02-27 07:49:59,614 [main] INFO  ozone.MiniOzoneClusterImpl (MiniOzoneClusterImpl.java:lambda$waitForClusterToBeReady$0(198)) - Waiting for cluster to exit safe mode
2024-02-27 07:49:59,614 [main] INFO  ozone.MiniOzoneClusterImpl (MiniOzoneClusterImpl.java:lambda$waitForClusterToBeReady$0(200)) - SCM became leader
2024-02-27 07:49:59,636 [1c7f6d53-d2e7-4bdb-b96b-e0068b2c4e41-EndpointStateMachineTaskThread-/0.0.0.0:15217-0 ] INFO  utils.DatanodeStoreCache (DatanodeStoreCache.java:addDB(72)) - Added db /home/runner/work/ozone/ozone/hadoop-ozone/integration-test/target/test-dir/MiniOzoneClusterImpl-4c9fddb8-14cc-4d18-9561-dc95ff2af5f2/ozone-meta/datanode-3/data-0/hdds/4c9fddb8-14cc-4d18-9561-dc95ff2af5f2/DS-75398c05-5ec5-45d4-9d5f-cab6783cd7cf/container.db to cache
2024-02-27 07:49:59,636 [1c7f6d53-d2e7-4bdb-b96b-e0068b2c4e41-EndpointStateMachineTaskThread-/0.0.0.0:15217-0 ] INFO  volume.HddsVolume (HddsVolume.java:createDbStore(420)) - SchemaV3 db is created and loaded at /home/runner/work/ozone/ozone/hadoop-ozone/integration-test/target/test-dir/MiniOzoneClusterImpl-4c9fddb8-14cc-4d18-9561-dc95ff2af5f2/ozone-meta/datanode-3/data-0/hdds/4c9fddb8-14cc-4d18-9561-dc95ff2af5f2/DS-75398c05-5ec5-45d4-9d5f-cab6783cd7cf/container.db for volume DS-75398c05-5ec5-45d4-9d5f-cab6783cd7cf
2024-02-27 07:49:59,638 [1c7f6d53-d2e7-4bdb-b96b-e0068b2c4e41-ContainerReader-0] INFO  ozoneimpl.ContainerReader (ContainerReader.java:readVolume(148)) - Start to verify containers on volume /home/runner/work/ozone/ozone/hadoop-ozone/integration-test/target/test-dir/MiniOzoneClusterImpl-4c9fddb8-14cc-4d18-9561-dc95ff2af5f2/ozone-meta/datanode-3/data-0/hdds
2024-02-27 07:49:59,638 [1c7f6d53-d2e7-4bdb-b96b-e0068b2c4e41-ContainerReader-0] INFO  ozoneimpl.ContainerReader (ContainerReader.java:readVolume(178)) - Finish verifying containers on volume /home/runner/work/ozone/ozone/hadoop-ozone/integration-test/target/test-dir/MiniOzoneClusterImpl-4c9fddb8-14cc-4d18-9561-dc95ff2af5f2/ozone-meta/datanode-3/data-0/hdds
2024-02-27 07:49:59,638 [1c7f6d53-d2e7-4bdb-b96b-e0068b2c4e41-EndpointStateMachineTaskThread-/0.0.0.0:15217-0 ] INFO  ozoneimpl.OzoneContainer (OzoneContainer.java:buildContainerSet(328)) - Build ContainerSet costs 0s
2024-02-27 07:49:59,638 [1c7f6d53-d2e7-4bdb-b96b-e0068b2c4e41-EndpointStateMachineTaskThread-/0.0.0.0:15217-0 ] INFO  volume.ThrottledAsyncChecker (ThrottledAsyncChecker.java:schedule(141)) - Scheduling a check for /home/runner/work/ozone/ozone/hadoop-ozone/integration-test/target/test-dir/MiniOzoneClusterImpl-4c9fddb8-14cc-4d18-9561-dc95ff2af5f2/ozone-meta/datanode-3/data-0/hdds
2024-02-27 07:49:59,638 [1c7f6d53-d2e7-4bdb-b96b-e0068b2c4e41-EndpointStateMachineTaskThread-/0.0.0.0:15217-0 ] INFO  volume.StorageVolumeChecker (StorageVolumeChecker.java:checkAllVolumes(218)) - Scheduled health check for volume /home/runner/work/ozone/ozone/hadoop-ozone/integration-test/target/test-dir/MiniOzoneClusterImpl-4c9fddb8-14cc-4d18-9561-dc95ff2af5f2/ozone-meta/datanode-3/data-0/hdds
2024-02-27 07:49:59,640 [1c7f6d53-d2e7-4bdb-b96b-e0068b2c4e41-EndpointStateMachineTaskThread-/0.0.0.0:15217-0 ] INFO  volume.ThrottledAsyncChecker (ThrottledAsyncChecker.java:schedule(141)) - Scheduling a check for /home/runner/work/ozone/ozone/hadoop-ozone/integration-test/target/test-dir/MiniOzoneClusterImpl-4c9fddb8-14cc-4d18-9561-dc95ff2af5f2/ozone-meta/datanode-3/ratis
2024-02-27 07:49:59,640 [1c7f6d53-d2e7-4bdb-b96b-e0068b2c4e41-EndpointStateMachineTaskThread-/0.0.0.0:15217-0 ] INFO  volume.StorageVolumeChecker (StorageVolumeChecker.java:checkAllVolumes(218)) - Scheduled health check for volume /home/runner/work/ozone/ozone/hadoop-ozone/integration-test/target/test-dir/MiniOzoneClusterImpl-4c9fddb8-14cc-4d18-9561-dc95ff2af5f2/ozone-meta/datanode-3/ratis
2024-02-27 07:49:59,641 [1c7f6d53-d2e7-4bdb-b96b-e0068b2c4e41-EndpointStateMachineTaskThread-/0.0.0.0:15217-0 ] INFO  ozoneimpl.OzoneContainer (OzoneContainer.java:start(459)) - Attempting to start container services.
2024-02-27 07:49:59,641 [1c7f6d53-d2e7-4bdb-b96b-e0068b2c4e41-EndpointStateMachineTaskThread-/0.0.0.0:15217-0 ] INFO  ozoneimpl.OzoneContainer (OzoneContainer.java:startContainerScrub(339)) - Scheduled background container scanners and the on-demand container scanner have been disabled.
2024-02-27 07:49:59,642 [1c7f6d53-d2e7-4bdb-b96b-e0068b2c4e41-EndpointStateMachineTaskThread-/0.0.0.0:15217-0 ] INFO  replication.ReplicationServer (ReplicationServer.java:start(140)) - ReplicationServer is started using port 15257
2024-02-27 07:49:59,642 [1c7f6d53-d2e7-4bdb-b96b-e0068b2c4e41-EndpointStateMachineTaskThread-/0.0.0.0:15217-0 ] INFO  ratis.XceiverServerRatis (XceiverServerRatis.java:start(566)) - Starting XceiverServerRatis 1c7f6d53-d2e7-4bdb-b96b-e0068b2c4e41
2024-02-27 07:49:59,642 [1c7f6d53-d2e7-4bdb-b96b-e0068b2c4e41-EndpointStateMachineTaskThread-/0.0.0.0:15217-0 ] INFO  server.RaftServer (RaftServerProxy.java:startImpl(406)) - 1c7f6d53-d2e7-4bdb-b96b-e0068b2c4e41: start RPC server
2024-02-27 07:49:59,643 [1c7f6d53-d2e7-4bdb-b96b-e0068b2c4e41-EndpointStateMachineTaskThread-/0.0.0.0:15217-0 ] INFO  server.GrpcService (GrpcService.java:startImpl(302)) - 1c7f6d53-d2e7-4bdb-b96b-e0068b2c4e41: GrpcService started, listening on 15253
2024-02-27 07:49:59,645 [1c7f6d53-d2e7-4bdb-b96b-e0068b2c4e41-EndpointStateMachineTaskThread-/0.0.0.0:15217-0 ] INFO  server.GrpcService (GrpcService.java:startImpl(302)) - 1c7f6d53-d2e7-4bdb-b96b-e0068b2c4e41: GrpcService started, listening on 15255
2024-02-27 07:49:59,646 [1c7f6d53-d2e7-4bdb-b96b-e0068b2c4e41-EndpointStateMachineTaskThread-/0.0.0.0:15217-0 ] INFO  server.GrpcService (GrpcService.java:startImpl(302)) - 1c7f6d53-d2e7-4bdb-b96b-e0068b2c4e41: GrpcService started, listening on 15254
2024-02-27 07:49:59,646 [1c7f6d53-d2e7-4bdb-b96b-e0068b2c4e41-EndpointStateMachineTaskThread-/0.0.0.0:15217-0 ] INFO  ratis.XceiverServerRatis (XceiverServerRatis.java:getRealPort(592)) - XceiverServerRatis 1c7f6d53-d2e7-4bdb-b96b-e0068b2c4e41 is started using port 15253 for RATIS
2024-02-27 07:49:59,646 [JvmPauseMonitor65] INFO  util.JvmPauseMonitor (JvmPauseMonitor.java:run(146)) - JvmPauseMonitor-1c7f6d53-d2e7-4bdb-b96b-e0068b2c4e41: Started
2024-02-27 07:49:59,646 [1c7f6d53-d2e7-4bdb-b96b-e0068b2c4e41-EndpointStateMachineTaskThread-/0.0.0.0:15217-0 ] INFO  ratis.XceiverServerRatis (XceiverServerRatis.java:getRealPort(592)) - XceiverServerRatis 1c7f6d53-d2e7-4bdb-b96b-e0068b2c4e41 is started using port 15254 for RATIS_ADMIN
2024-02-27 07:49:59,646 [1c7f6d53-d2e7-4bdb-b96b-e0068b2c4e41-EndpointStateMachineTaskThread-/0.0.0.0:15217-0 ] INFO  ratis.XceiverServerRatis (XceiverServerRatis.java:getRealPort(592)) - XceiverServerRatis 1c7f6d53-d2e7-4bdb-b96b-e0068b2c4e41 is started using port 15255 for RATIS_SERVER
2024-02-27 07:49:59,646 [1c7f6d53-d2e7-4bdb-b96b-e0068b2c4e41-EndpointStateMachineTaskThread-/0.0.0.0:15217-0 ] INFO  ratis.XceiverServerRatis (XceiverServerRatis.java:getRealPort(592)) - XceiverServerRatis 1c7f6d53-d2e7-4bdb-b96b-e0068b2c4e41 is started using port 15256 for RATIS_DATASTREAM
2024-02-27 07:49:59,648 [1c7f6d53-d2e7-4bdb-b96b-e0068b2c4e41-BlockDeletingService#0] INFO  interfaces.ContainerDeletionChoosingPolicyTemplate (ContainerDeletionChoosingPolicyTemplate.java:chooseContainerForBlockDeletion(85)) - Chosen 0/5000 blocks from 0 candidate containers.
2024-02-27 07:50:00,614 [main] INFO  ozone.MiniOzoneClusterImpl (MiniOzoneClusterImpl.java:lambda$waitForClusterToBeReady$0(195)) - Waiting for nodes to be ready. Got 0 of 3 DN Heartbeats.
2024-02-27 07:50:00,614 [main] INFO  ozone.MiniOzoneClusterImpl (MiniOzoneClusterImpl.java:lambda$waitForClusterToBeReady$0(198)) - Waiting for cluster to exit safe mode
2024-02-27 07:50:00,614 [main] INFO  ozone.MiniOzoneClusterImpl (MiniOzoneClusterImpl.java:lambda$waitForClusterToBeReady$0(200)) - SCM became leader
2024-02-27 07:50:01,385 [IPC Server handler 0 on default port 15217] INFO  net.NetworkTopologyImpl (NetworkTopologyImpl.java:add(124)) - Added a new node: /default-rack/7e131a2a-66d5-444e-90e8-7bf3dd0ed196
2024-02-27 07:50:01,385 [IPC Server handler 0 on default port 15217] INFO  node.SCMNodeManager (SCMNodeManager.java:register(421)) - Registered datanode: 7e131a2a-66d5-444e-90e8-7bf3dd0ed196{ip: 10.1.0.19, host: fv-az699-61.gws2011vpwuupmkks00dozwttg.bx.internal.cloudapp.net, ports: [HTTP=15232, CLIENT_RPC=15233, REPLICATION=15239, RATIS=15235, RATIS_ADMIN=15236, RATIS_SERVER=15237, RATIS_DATASTREAM=15238, STANDALONE=15234], networkLocation: /default-rack, certSerialId: null, persistedOpState: null, persistedOpStateExpiryEpochSec: 0}
2024-02-27 07:50:01,387 [EventQueue-NodeRegistrationContainerReportForDataNodeSafeModeRule] INFO  safemode.SCMSafeModeManager (DataNodeSafeModeRule.java:process(71)) - SCM in safe mode. 1 DataNodes registered, 3 required.
2024-02-27 07:50:01,387 [EventQueue-NodeRegistrationContainerReportForContainerSafeModeRule] INFO  safemode.SCMSafeModeManager (SCMSafeModeManager.java:validateSafeModeExitRules(200)) - ContainerSafeModeRule rule is successfully validated
2024-02-27 07:50:01,388 [EventQueue-NewNodeForNewNodeHandler] INFO  pipeline.BackgroundPipelineCreator (BackgroundPipelineCreator.java:notifyEventTriggered(280)) - trigger a one-shot run on RatisPipelineUtilsThread.
2024-02-27 07:50:01,389 [EventQueue-PipelineReportForOneReplicaPipelineSafeModeRule] INFO  safemode.SCMSafeModeManager (SCMSafeModeManager.java:validateSafeModeExitRules(200)) - AtleastOneDatanodeReportedRule rule is successfully validated
2024-02-27 07:50:01,389 [RatisPipelineUtilsThread-0] INFO  pipeline.RatisPipelineProvider (RatisPipelineProvider.java:lambda$create$0(205)) - Sending CreatePipelineCommand for pipeline:PipelineID=fceb69c2-20b4-41b3-a40e-124323d34285 to datanode:7e131a2a-66d5-444e-90e8-7bf3dd0ed196
2024-02-27 07:50:01,390 [RatisPipelineUtilsThread-0] INFO  pipeline.BackgroundPipelineCreator (BackgroundPipelineCreator.java:createPipelines(236)) - Created new pipeline Pipeline[ Id: fceb69c2-20b4-41b3-a40e-124323d34285, Nodes: 7e131a2a-66d5-444e-90e8-7bf3dd0ed196(fv-az699-61.gws2011vpwuupmkks00dozwttg.bx.internal.cloudapp.net/10.1.0.19), ReplicationConfig: RATIS/ONE, State:ALLOCATED, leaderId:, CreationTimestamp2024-02-27T07:50:01.389Z[Etc/UTC]]
2024-02-27 07:50:01,528 [IPC Server handler 2 on default port 15217] INFO  net.NetworkTopologyImpl (NetworkTopologyImpl.java:add(124)) - Added a new node: /default-rack/fa5d0107-e57d-410d-980d-33f92c3a8e71
2024-02-27 07:50:01,529 [IPC Server handler 2 on default port 15217] INFO  node.SCMNodeManager (SCMNodeManager.java:register(421)) - Registered datanode: fa5d0107-e57d-410d-980d-33f92c3a8e71{ip: 10.1.0.19, host: fv-az699-61.gws2011vpwuupmkks00dozwttg.bx.internal.cloudapp.net, ports: [HTTP=15241, CLIENT_RPC=15242, REPLICATION=15248, RATIS=15244, RATIS_ADMIN=15245, RATIS_SERVER=15246, RATIS_DATASTREAM=15247, STANDALONE=15243], networkLocation: /default-rack, certSerialId: null, persistedOpState: null, persistedOpStateExpiryEpochSec: 0}
2024-02-27 07:50:01,530 [EventQueue-NodeRegistrationContainerReportForDataNodeSafeModeRule] INFO  safemode.SCMSafeModeManager (DataNodeSafeModeRule.java:process(71)) - SCM in safe mode. 2 DataNodes registered, 3 required.
2024-02-27 07:50:01,530 [EventQueue-NewNodeForNewNodeHandler] INFO  pipeline.BackgroundPipelineCreator (BackgroundPipelineCreator.java:notifyEventTriggered(280)) - trigger a one-shot run on RatisPipelineUtilsThread.
2024-02-27 07:50:01,530 [RatisPipelineUtilsThread-0] INFO  pipeline.RatisPipelineProvider (RatisPipelineProvider.java:lambda$create$0(205)) - Sending CreatePipelineCommand for pipeline:PipelineID=de999869-c360-44b9-8936-e5a1bb1cc926 to datanode:fa5d0107-e57d-410d-980d-33f92c3a8e71
2024-02-27 07:50:01,531 [RatisPipelineUtilsThread-0] INFO  pipeline.BackgroundPipelineCreator (BackgroundPipelineCreator.java:createPipelines(236)) - Created new pipeline Pipeline[ Id: de999869-c360-44b9-8936-e5a1bb1cc926, Nodes: fa5d0107-e57d-410d-980d-33f92c3a8e71(fv-az699-61.gws2011vpwuupmkks00dozwttg.bx.internal.cloudapp.net/10.1.0.19), ReplicationConfig: RATIS/ONE, State:ALLOCATED, leaderId:, CreationTimestamp2024-02-27T07:50:01.530Z[Etc/UTC]]
2024-02-27 07:50:01,614 [main] INFO  ozone.MiniOzoneClusterImpl (MiniOzoneClusterImpl.java:lambda$waitForClusterToBeReady$0(195)) - Waiting for nodes to be ready. Got 2 of 3 DN Heartbeats.
2024-02-27 07:50:01,615 [main] INFO  ozone.MiniOzoneClusterImpl (MiniOzoneClusterImpl.java:lambda$waitForClusterToBeReady$0(198)) - Waiting for cluster to exit safe mode
2024-02-27 07:50:01,615 [main] INFO  ozone.MiniOzoneClusterImpl (MiniOzoneClusterImpl.java:lambda$waitForClusterToBeReady$0(200)) - SCM became leader
2024-02-27 07:50:01,614 [IPC Server handler 3 on default port 15217] INFO  net.NetworkTopologyImpl (NetworkTopologyImpl.java:add(124)) - Added a new node: /default-rack/1c7f6d53-d2e7-4bdb-b96b-e0068b2c4e41
2024-02-27 07:50:01,615 [IPC Server handler 3 on default port 15217] INFO  node.SCMNodeManager (SCMNodeManager.java:register(421)) - Registered datanode: 1c7f6d53-d2e7-4bdb-b96b-e0068b2c4e41{ip: 10.1.0.19, host: fv-az699-61.gws2011vpwuupmkks00dozwttg.bx.internal.cloudapp.net, ports: [HTTP=15250, CLIENT_RPC=15251, REPLICATION=15257, RATIS=15253, RATIS_ADMIN=15254, RATIS_SERVER=15255, RATIS_DATASTREAM=15256, STANDALONE=15252], networkLocation: /default-rack, certSerialId: null, persistedOpState: null, persistedOpStateExpiryEpochSec: 0}
2024-02-27 07:50:01,616 [EventQueue-NodeRegistrationContainerReportForDataNodeSafeModeRule] INFO  safemode.SCMSafeModeManager (DataNodeSafeModeRule.java:process(71)) - SCM in safe mode. 3 DataNodes registered, 3 required.
2024-02-27 07:50:01,616 [EventQueue-NodeRegistrationContainerReportForDataNodeSafeModeRule] INFO  safemode.SCMSafeModeManager (SCMSafeModeManager.java:validateSafeModeExitRules(200)) - DataNodeSafeModeRule rule is successfully validated
2024-02-27 07:50:01,616 [EventQueue-NodeRegistrationContainerReportForDataNodeSafeModeRule] INFO  safemode.SCMSafeModeManager (SCMSafeModeManager.java:completePreCheck(229)) - All SCM safe mode pre check rules have passed
2024-02-27 07:50:01,616 [EventQueue-NodeRegistrationContainerReportForDataNodeSafeModeRule] INFO  ha.SCMContext (SCMContext.java:updateSafeModeStatus(225)) - Update SafeModeStatus from SafeModeStatus{safeModeStatus=true, preCheckPassed=false} to SafeModeStatus{safeModeStatus=true, preCheckPassed=true}.
2024-02-27 07:50:01,616 [EventQueue-NewNodeForNewNodeHandler] INFO  pipeline.BackgroundPipelineCreator (BackgroundPipelineCreator.java:notifyEventTriggered(280)) - trigger a one-shot run on RatisPipelineUtilsThread.
2024-02-27 07:50:01,617 [RatisPipelineUtilsThread-0] INFO  pipeline.RatisPipelineProvider (RatisPipelineProvider.java:lambda$create$0(205)) - Sending CreatePipelineCommand for pipeline:PipelineID=3e0d1136-a396-453f-ba1e-6cd0a6aa8046 to datanode:1c7f6d53-d2e7-4bdb-b96b-e0068b2c4e41
2024-02-27 07:50:01,617 [RatisPipelineUtilsThread-0] INFO  pipeline.BackgroundPipelineCreator (BackgroundPipelineCreator.java:createPipelines(236)) - Created new pipeline Pipeline[ Id: 3e0d1136-a396-453f-ba1e-6cd0a6aa8046, Nodes: 1c7f6d53-d2e7-4bdb-b96b-e0068b2c4e41(fv-az699-61.gws2011vpwuupmkks00dozwttg.bx.internal.cloudapp.net/10.1.0.19), ReplicationConfig: RATIS/ONE, State:ALLOCATED, leaderId:, CreationTimestamp2024-02-27T07:50:01.617Z[Etc/UTC]]
2024-02-27 07:50:01,617 [RatisPipelineUtilsThread-0] INFO  pipeline.RatisPipelineProvider (RatisPipelineProvider.java:lambda$create$0(205)) - Sending CreatePipelineCommand for pipeline:PipelineID=5ee12f51-4510-4a90-8451-71e5127a0926 to datanode:7e131a2a-66d5-444e-90e8-7bf3dd0ed196
2024-02-27 07:50:01,618 [RatisPipelineUtilsThread-0] INFO  pipeline.RatisPipelineProvider (RatisPipelineProvider.java:lambda$create$0(205)) - Sending CreatePipelineCommand for pipeline:PipelineID=5ee12f51-4510-4a90-8451-71e5127a0926 to datanode:fa5d0107-e57d-410d-980d-33f92c3a8e71
2024-02-27 07:50:01,618 [RatisPipelineUtilsThread-0] INFO  pipeline.RatisPipelineProvider (RatisPipelineProvider.java:lambda$create$0(205)) - Sending CreatePipelineCommand for pipeline:PipelineID=5ee12f51-4510-4a90-8451-71e5127a0926 to datanode:1c7f6d53-d2e7-4bdb-b96b-e0068b2c4e41
2024-02-27 07:50:01,618 [RatisPipelineUtilsThread-0] INFO  pipeline.BackgroundPipelineCreator (BackgroundPipelineCreator.java:createPipelines(236)) - Created new pipeline Pipeline[ Id: 5ee12f51-4510-4a90-8451-71e5127a0926, Nodes: 7e131a2a-66d5-444e-90e8-7bf3dd0ed196(fv-az699-61.gws2011vpwuupmkks00dozwttg.bx.internal.cloudapp.net/10.1.0.19)fa5d0107-e57d-410d-980d-33f92c3a8e71(fv-az699-61.gws2011vpwuupmkks00dozwttg.bx.internal.cloudapp.net/10.1.0.19)1c7f6d53-d2e7-4bdb-b96b-e0068b2c4e41(fv-az699-61.gws2011vpwuupmkks00dozwttg.bx.internal.cloudapp.net/10.1.0.19), ReplicationConfig: RATIS/THREE, State:ALLOCATED, leaderId:, CreationTimestamp2024-02-27T07:50:01.617Z[Etc/UTC]]
2024-02-27 07:50:01,618 [RatisPipelineUtilsThread-0] INFO  pipeline.RatisPipelineProvider (RatisPipelineProvider.java:lambda$create$0(205)) - Sending CreatePipelineCommand for pipeline:PipelineID=502095e8-c67f-44d9-af9d-0bfb88997392 to datanode:7e131a2a-66d5-444e-90e8-7bf3dd0ed196
2024-02-27 07:50:01,618 [RatisPipelineUtilsThread-0] INFO  pipeline.RatisPipelineProvider (RatisPipelineProvider.java:lambda$create$0(205)) - Sending CreatePipelineCommand for pipeline:PipelineID=502095e8-c67f-44d9-af9d-0bfb88997392 to datanode:1c7f6d53-d2e7-4bdb-b96b-e0068b2c4e41
2024-02-27 07:50:01,619 [RatisPipelineUtilsThread-0] INFO  pipeline.RatisPipelineProvider (RatisPipelineProvider.java:lambda$create$0(205)) - Sending CreatePipelineCommand for pipeline:PipelineID=502095e8-c67f-44d9-af9d-0bfb88997392 to datanode:fa5d0107-e57d-410d-980d-33f92c3a8e71
2024-02-27 07:50:01,619 [RatisPipelineUtilsThread-0] INFO  pipeline.PipelineManagerImpl (PipelineManagerImpl.java:recordMetricsForPipeline(916)) - Pipeline: PipelineID=502095e8-c67f-44d9-af9d-0bfb88997392 contains same datanodes as previous pipelines: PipelineID=5ee12f51-4510-4a90-8451-71e5127a0926 nodeIds: 7e131a2a-66d5-444e-90e8-7bf3dd0ed196, 1c7f6d53-d2e7-4bdb-b96b-e0068b2c4e41, fa5d0107-e57d-410d-980d-33f92c3a8e71
2024-02-27 07:50:01,619 [RatisPipelineUtilsThread-0] INFO  pipeline.BackgroundPipelineCreator (BackgroundPipelineCreator.java:createPipelines(236)) - Created new pipeline Pipeline[ Id: 502095e8-c67f-44d9-af9d-0bfb88997392, Nodes: 7e131a2a-66d5-444e-90e8-7bf3dd0ed196(fv-az699-61.gws2011vpwuupmkks00dozwttg.bx.internal.cloudapp.net/10.1.0.19)1c7f6d53-d2e7-4bdb-b96b-e0068b2c4e41(fv-az699-61.gws2011vpwuupmkks00dozwttg.bx.internal.cloudapp.net/10.1.0.19)fa5d0107-e57d-410d-980d-33f92c3a8e71(fv-az699-61.gws2011vpwuupmkks00dozwttg.bx.internal.cloudapp.net/10.1.0.19), ReplicationConfig: RATIS/THREE, State:ALLOCATED, leaderId:, CreationTimestamp2024-02-27T07:50:01.618Z[Etc/UTC]]
2024-02-27 07:50:01,619 [EventQueue-NodeRegistrationContainerReportForDataNodeSafeModeRule] INFO  pipeline.BackgroundPipelineCreator (BackgroundPipelineCreator.java:notifyEventTriggered(280)) - trigger a one-shot run on RatisPipelineUtilsThread.
2024-02-27 07:50:02,615 [main] INFO  ozone.MiniOzoneClusterImpl (MiniOzoneClusterImpl.java:lambda$waitForClusterToBeReady$0(195)) - Nodes are ready. Got 3 of 3 DN Heartbeats.
2024-02-27 07:50:02,615 [main] INFO  ozone.MiniOzoneClusterImpl (MiniOzoneClusterImpl.java:lambda$waitForClusterToBeReady$0(198)) - Waiting for cluster to exit safe mode
2024-02-27 07:50:02,615 [main] INFO  ozone.MiniOzoneClusterImpl (MiniOzoneClusterImpl.java:lambda$waitForClusterToBeReady$0(200)) - SCM became leader
2024-02-27 07:50:03,615 [main] INFO  ozone.MiniOzoneClusterImpl (MiniOzoneClusterImpl.java:lambda$waitForClusterToBeReady$0(195)) - Nodes are ready. Got 3 of 3 DN Heartbeats.
2024-02-27 07:50:03,616 [main] INFO  ozone.MiniOzoneClusterImpl (MiniOzoneClusterImpl.java:lambda$waitForClusterToBeReady$0(198)) - Waiting for cluster to exit safe mode
2024-02-27 07:50:03,616 [main] INFO  ozone.MiniOzoneClusterImpl (MiniOzoneClusterImpl.java:lambda$waitForClusterToBeReady$0(200)) - SCM became leader
2024-02-27 07:50:04,386 [7e131a2a-66d5-444e-90e8-7bf3dd0ed196-PipelineCommandHandlerThread-0] INFO  server.RaftServer (RaftServerProxy.java:addNew(100)) - 7e131a2a-66d5-444e-90e8-7bf3dd0ed196: addNew group-124323D34285:[7e131a2a-66d5-444e-90e8-7bf3dd0ed196|10.1.0.19:15237] returns group-124323D34285:java.util.concurrent.CompletableFuture@6ddfbee4[Not completed]
2024-02-27 07:50:04,386 [7e131a2a-66d5-444e-90e8-7bf3dd0ed196-groupManagement] INFO  server.RaftServer$Division (RaftServerImpl.java:<init>(256)) - 7e131a2a-66d5-444e-90e8-7bf3dd0ed196: new RaftServerImpl for group-124323D34285:[7e131a2a-66d5-444e-90e8-7bf3dd0ed196|10.1.0.19:15237] with ContainerStateMachine:uninitialized
2024-02-27 07:50:04,386 [7e131a2a-66d5-444e-90e8-7bf3dd0ed196-groupManagement] INFO  server.RaftServerConfigKeys (ConfUtils.java:logGet(46)) - raft.server.rpc.timeout.min = 5s (custom)
2024-02-27 07:50:04,386 [7e131a2a-66d5-444e-90e8-7bf3dd0ed196-groupManagement] INFO  server.RaftServerConfigKeys (ConfUtils.java:logGet(46)) - raft.server.rpc.timeout.max = 5200ms (custom)
2024-02-27 07:50:04,387 [7e131a2a-66d5-444e-90e8-7bf3dd0ed196-groupManagement] INFO  server.RaftServerConfigKeys (ConfUtils.java:logGet(46)) - raft.server.rpc.sleep.time = 25ms (default)
2024-02-27 07:50:04,387 [7e131a2a-66d5-444e-90e8-7bf3dd0ed196-groupManagement] INFO  server.RaftServerConfigKeys (ConfUtils.java:logGet(46)) - raft.server.rpc.slowness.timeout = 300s (custom)
2024-02-27 07:50:04,387 [7e131a2a-66d5-444e-90e8-7bf3dd0ed196-groupManagement] INFO  server.RaftServerConfigKeys (ConfUtils.java:logGet(46)) - raft.server.leaderelection.leader.step-down.wait-time = 10s (default)
2024-02-27 07:50:04,387 [7e131a2a-66d5-444e-90e8-7bf3dd0ed196-groupManagement] INFO  server.RaftServerConfigKeys (ConfUtils.java:logGet(46)) - raft.server.leaderelection.member.majority-add = false (default)
2024-02-27 07:50:04,387 [7e131a2a-66d5-444e-90e8-7bf3dd0ed196-groupManagement] INFO  server.RaftServerConfigKeys (ConfUtils.java:logGet(46)) - raft.server.sleep.deviation.threshold = 300ms (default)
2024-02-27 07:50:04,387 [7e131a2a-66d5-444e-90e8-7bf3dd0ed196-groupManagement] INFO  server.RaftServer$Division (ServerState.java:<init>(113)) - 7e131a2a-66d5-444e-90e8-7bf3dd0ed196@group-124323D34285: ConfigurationManager, init=-1: peers:[7e131a2a-66d5-444e-90e8-7bf3dd0ed196|10.1.0.19:15237]|listeners:[], old=null, confs=<EMPTY_MAP>
2024-02-27 07:50:04,387 [7e131a2a-66d5-444e-90e8-7bf3dd0ed196-groupManagement] INFO  server.RaftServerConfigKeys (ConfUtils.java:logGet(46)) - raft.server.notification.no-leader.timeout = 300s (custom)
2024-02-27 07:50:04,387 [7e131a2a-66d5-444e-90e8-7bf3dd0ed196-groupManagement] INFO  server.RaftServerConfigKeys (ConfUtils.java:logGet(46)) - raft.server.read.timeout = 10s (default)
2024-02-27 07:50:04,387 [7e131a2a-66d5-444e-90e8-7bf3dd0ed196-groupManagement] INFO  server.RaftServerConfigKeys (ConfUtils.java:logGet(46)) - raft.server.retrycache.expirytime = 600000ms (custom)
2024-02-27 07:50:04,387 [7e131a2a-66d5-444e-90e8-7bf3dd0ed196-groupManagement] INFO  server.RaftServerConfigKeys (ConfUtils.java:logGet(46)) - raft.server.retrycache.statistics.expirytime = 100ms (default)
2024-02-27 07:50:04,387 [7e131a2a-66d5-444e-90e8-7bf3dd0ed196-groupManagement] INFO  server.RaftServerConfigKeys (ConfUtils.java:logGet(46)) - raft.server.read.option = DEFAULT (default)
2024-02-27 07:50:04,387 [7e131a2a-66d5-444e-90e8-7bf3dd0ed196-groupManagement] INFO  server.RaftServerConfigKeys (ConfUtils.java:logGet(46)) - raft.server.read.read-after-write-consistent.write-index-cache.expiry-time = 60s (default)
2024-02-27 07:50:04,388 [7e131a2a-66d5-444e-90e8-7bf3dd0ed196-groupManagement] INFO  server.RaftServerConfigKeys (ConfUtils.java:logGet(46)) - raft.server.rpc.request.timeout = 60s (custom)
2024-02-27 07:50:04,388 [7e131a2a-66d5-444e-90e8-7bf3dd0ed196-groupManagement] INFO  server.RaftServerConfigKeys (ConfUtils.java:logGet(46)) - raft.server.log.appender.install.snapshot.enabled = false (custom)
2024-02-27 07:50:04,388 [7e131a2a-66d5-444e-90e8-7bf3dd0ed196-groupManagement] INFO  server.RaftServerConfigKeys (ConfUtils.java:logGet(46)) - raft.server.threadpool.server.cached = true (default)
2024-02-27 07:50:04,388 [7e131a2a-66d5-444e-90e8-7bf3dd0ed196-groupManagement] INFO  server.RaftServerConfigKeys (ConfUtils.java:logGet(46)) - raft.server.threadpool.server.size = 0 (default)
2024-02-27 07:50:04,388 [7e131a2a-66d5-444e-90e8-7bf3dd0ed196-groupManagement] INFO  server.RaftServerConfigKeys (ConfUtils.java:logGet(46)) - raft.server.threadpool.client.cached = true (default)
2024-02-27 07:50:04,388 [7e131a2a-66d5-444e-90e8-7bf3dd0ed196-groupManagement] INFO  server.RaftServerConfigKeys (ConfUtils.java:logGet(46)) - raft.server.threadpool.client.size = 0 (default)
2024-02-27 07:50:04,388 [7e131a2a-66d5-444e-90e8-7bf3dd0ed196-groupManagement] INFO  server.RaftServerConfigKeys (ConfUtils.java:logGet(46)) - raft.server.storage.free-space.min = 0MB (=0) (default)
2024-02-27 07:50:04,388 [7e131a2a-66d5-444e-90e8-7bf3dd0ed196-groupManagement] INFO  server.RaftServerConfigKeys (ConfUtils.java:logGet(46)) - raft.server.log.corruption.policy = EXCEPTION (default)
2024-02-27 07:50:04,388 [7e131a2a-66d5-444e-90e8-7bf3dd0ed196-groupManagement] INFO  server.RaftServerConfigKeys (ConfUtils.java:logGet(46)) - raft.server.storage.dir = [/home/runner/work/ozone/ozone/hadoop-ozone/integration-test/target/test-dir/MiniOzoneClusterImpl-4c9fddb8-14cc-4d18-9561-dc95ff2af5f2/ozone-meta/datanode-1/ratis] (custom)
2024-02-27 07:50:04,388 [7e131a2a-66d5-444e-90e8-7bf3dd0ed196-groupManagement] INFO  storage.RaftStorageDirectory (RaftStorageDirectoryImpl.java:analyzeStorage(138)) - The storage directory /home/runner/work/ozone/ozone/hadoop-ozone/integration-test/target/test-dir/MiniOzoneClusterImpl-4c9fddb8-14cc-4d18-9561-dc95ff2af5f2/ozone-meta/datanode-1/ratis/fceb69c2-20b4-41b3-a40e-124323d34285 does not exist. Creating ...
2024-02-27 07:50:04,390 [7e131a2a-66d5-444e-90e8-7bf3dd0ed196-groupManagement] INFO  storage.RaftStorageDirectory (RaftStorageDirectoryImpl.java:tryLock(228)) - Lock on /home/runner/work/ozone/ozone/hadoop-ozone/integration-test/target/test-dir/MiniOzoneClusterImpl-4c9fddb8-14cc-4d18-9561-dc95ff2af5f2/ozone-meta/datanode-1/ratis/fceb69c2-20b4-41b3-a40e-124323d34285/in_use.lock acquired by nodename 40924@fv-az699-61
2024-02-27 07:50:04,390 [7e131a2a-66d5-444e-90e8-7bf3dd0ed196-groupManagement] INFO  storage.RaftStorage (RaftStorageImpl.java:format(99)) - Storage directory /home/runner/work/ozone/ozone/hadoop-ozone/integration-test/target/test-dir/MiniOzoneClusterImpl-4c9fddb8-14cc-4d18-9561-dc95ff2af5f2/ozone-meta/datanode-1/ratis/fceb69c2-20b4-41b3-a40e-124323d34285 has been successfully formatted.
2024-02-27 07:50:04,391 [7e131a2a-66d5-444e-90e8-7bf3dd0ed196-groupManagement] WARN  util.FileUtils (LogUtils.java:supplyAndLog(63)) - Failed to Files.newInputStream /home/runner/work/ozone/ozone/hadoop-ozone/integration-test/target/test-dir/MiniOzoneClusterImpl-4c9fddb8-14cc-4d18-9561-dc95ff2af5f2/ozone-meta/datanode-1/ratis/fceb69c2-20b4-41b3-a40e-124323d34285/current/raft-meta.conf with options []: java.nio.file.NoSuchFileException: /home/runner/work/ozone/ozone/hadoop-ozone/integration-test/target/test-dir/MiniOzoneClusterImpl-4c9fddb8-14cc-4d18-9561-dc95ff2af5f2/ozone-meta/datanode-1/ratis/fceb69c2-20b4-41b3-a40e-124323d34285/current/raft-meta.conf
2024-02-27 07:50:04,392 [7e131a2a-66d5-444e-90e8-7bf3dd0ed196-groupManagement] INFO  ratis.ContainerStateMachine (ContainerStateMachine.java:loadSnapshot(287)) - group-124323D34285: The snapshot info is null. Setting the last applied index to:(t:0, i:~)
2024-02-27 07:50:04,392 [7e131a2a-66d5-444e-90e8-7bf3dd0ed196-groupManagement] INFO  server.RaftServerConfigKeys (ConfUtils.java:logGet(46)) - raft.server.log.use.memory = false (default)
2024-02-27 07:50:04,392 [7e131a2a-66d5-444e-90e8-7bf3dd0ed196-groupManagement] INFO  server.RaftServerConfigKeys (ConfUtils.java:logGet(46)) - raft.server.log.purge.gap = 1000000 (custom)
2024-02-27 07:50:04,392 [7e131a2a-66d5-444e-90e8-7bf3dd0ed196-groupManagement] INFO  server.RaftServerConfigKeys (ConfUtils.java:logGet(46)) - raft.server.log.appender.buffer.byte-limit = 8388608 (custom)
2024-02-27 07:50:04,392 [7e131a2a-66d5-444e-90e8-7bf3dd0ed196-groupManagement] INFO  server.RaftServerConfigKeys (ConfUtils.java:logGet(46)) - raft.server.log.statemachine.data.read.timeout = 1000ms (default)
2024-02-27 07:50:04,392 [7e131a2a-66d5-444e-90e8-7bf3dd0ed196-groupManagement] INFO  server.RaftServerConfigKeys (ConfUtils.java:logGet(46)) - raft.server.log.purge.preservation.log.num = 0 (default)
2024-02-27 07:50:04,393 [EventQueue-PipelineReportForPipelineReportHandler] INFO  pipeline.PipelineReportHandler (PipelineReportHandler.java:processPipelineReport(136)) - Opened pipeline PipelineID=fceb69c2-20b4-41b3-a40e-124323d34285
2024-02-27 07:50:04,393 [7e131a2a-66d5-444e-90e8-7bf3dd0ed196-groupManagement] INFO  server.RaftServerConfigKeys (ConfUtils.java:logGet(46)) - raft.server.log.segment.size.max = 67108864 (custom)
2024-02-27 07:50:04,394 [7e131a2a-66d5-444e-90e8-7bf3dd0ed196-groupManagement] INFO  server.RaftServerConfigKeys (ConfUtils.java:logGet(46)) - raft.server.log.segment.cache.num.max = 2 (custom)
2024-02-27 07:50:04,394 [EventQueue-OpenPipelineForHealthyPipelineSafeModeRule] INFO  safemode.SCMSafeModeManager (HealthyPipelineSafeModeRule.java:process(140)) - SCM in safe mode. Healthy pipelines reported count is 0, required healthy pipeline reported count is 1
2024-02-27 07:50:04,394 [7e131a2a-66d5-444e-90e8-7bf3dd0ed196-groupManagement] INFO  server.RaftServerConfigKeys (ConfUtils.java:logGet(46)) - raft.server.log.segment.cache.size.max = 200MB (=209715200) (default)
2024-02-27 07:50:04,394 [7e131a2a-66d5-444e-90e8-7bf3dd0ed196-groupManagement] INFO  server.RaftServerConfigKeys (ConfUtils.java:logGet(46)) - raft.server.log.appender.buffer.byte-limit = 8388608 (custom)
2024-02-27 07:50:04,395 [7e131a2a-66d5-444e-90e8-7bf3dd0ed196-groupManagement] INFO  util.AwaitToRun (AwaitToRun.java:start(81)) - Thread[7e131a2a-66d5-444e-90e8-7bf3dd0ed196@group-124323D34285-cacheEviction-AwaitToRun,5,main] started
2024-02-27 07:50:04,395 [7e131a2a-66d5-444e-90e8-7bf3dd0ed196-groupManagement] INFO  segmented.SegmentedRaftLogWorker (SegmentedRaftLogWorker.java:<init>(182)) - new 7e131a2a-66d5-444e-90e8-7bf3dd0ed196@group-124323D34285-SegmentedRaftLogWorker for RaftStorageImpl:Storage Directory /home/runner/work/ozone/ozone/hadoop-ozone/integration-test/target/test-dir/MiniOzoneClusterImpl-4c9fddb8-14cc-4d18-9561-dc95ff2af5f2/ozone-meta/datanode-1/ratis/fceb69c2-20b4-41b3-a40e-124323d34285
2024-02-27 07:50:04,395 [7e131a2a-66d5-444e-90e8-7bf3dd0ed196-groupManagement] INFO  server.RaftServerConfigKeys (ConfUtils.java:logGet(46)) - raft.server.log.queue.byte-limit = 4294967296 (custom)
2024-02-27 07:50:04,395 [7e131a2a-66d5-444e-90e8-7bf3dd0ed196-groupManagement] INFO  server.RaftServerConfigKeys (ConfUtils.java:logGet(46)) - raft.server.log.queue.element-limit = 1024 (custom)
2024-02-27 07:50:04,395 [7e131a2a-66d5-444e-90e8-7bf3dd0ed196-groupManagement] INFO  server.RaftServerConfigKeys (ConfUtils.java:logGet(46)) - raft.server.log.segment.size.max = 67108864 (custom)
2024-02-27 07:50:04,395 [7e131a2a-66d5-444e-90e8-7bf3dd0ed196-groupManagement] INFO  server.RaftServerConfigKeys (ConfUtils.java:logGet(46)) - raft.server.log.preallocated.size = 4194304 (custom)
2024-02-27 07:50:04,395 [7e131a2a-66d5-444e-90e8-7bf3dd0ed196-groupManagement] INFO  server.RaftServerConfigKeys (ConfUtils.java:logGet(46)) - raft.server.log.force.sync.num = 128 (default)
2024-02-27 07:50:04,395 [7e131a2a-66d5-444e-90e8-7bf3dd0ed196-groupManagement] INFO  server.RaftServerConfigKeys (ConfUtils.java:logGet(46)) - raft.server.log.statemachine.data.sync = true (default)
2024-02-27 07:50:04,395 [7e131a2a-66d5-444e-90e8-7bf3dd0ed196-groupManagement] INFO  server.RaftServerConfigKeys (ConfUtils.java:logGet(46)) - raft.server.log.statemachine.data.sync.timeout = 10s (default)
2024-02-27 07:50:04,395 [7e131a2a-66d5-444e-90e8-7bf3dd0ed196-groupManagement] INFO  server.RaftServerConfigKeys (ConfUtils.java:logGet(46)) - raft.server.log.statemachine.data.sync.timeout.retry = 0 (custom)
2024-02-27 07:50:04,395 [7e131a2a-66d5-444e-90e8-7bf3dd0ed196-groupManagement] INFO  server.RaftServerConfigKeys (ConfUtils.java:logGet(46)) - raft.server.log.write.buffer.size = 8388616 (custom)
2024-02-27 07:50:04,397 [7e131a2a-66d5-444e-90e8-7bf3dd0ed196-groupManagement] INFO  server.RaftServerConfigKeys (ConfUtils.java:logGet(46)) - raft.server.log.appender.buffer.byte-limit = 8388608 (custom)
2024-02-27 07:50:04,397 [7e131a2a-66d5-444e-90e8-7bf3dd0ed196-groupManagement] INFO  server.RaftServerConfigKeys (ConfUtils.java:logGet(46)) - raft.server.log.unsafe-flush.enabled = false (default)
2024-02-27 07:50:04,397 [7e131a2a-66d5-444e-90e8-7bf3dd0ed196-groupManagement] INFO  server.RaftServerConfigKeys (ConfUtils.java:logGet(46)) - raft.server.log.async-flush.enabled = false (default)
2024-02-27 07:50:04,397 [7e131a2a-66d5-444e-90e8-7bf3dd0ed196-groupManagement] INFO  server.RaftServerConfigKeys (ConfUtils.java:logGet(46)) - raft.server.log.statemachine.data.caching.enabled = true (custom)
2024-02-27 07:50:04,397 [7e131a2a-66d5-444e-90e8-7bf3dd0ed196-groupManagement] INFO  segmented.SegmentedRaftLogWorker (SegmentedRaftLogWorker.java:lambda$new$0(134)) - 7e131a2a-66d5-444e-90e8-7bf3dd0ed196@group-124323D34285-SegmentedRaftLogWorker: flushIndex: setUnconditionally 0 -> -1
2024-02-27 07:50:04,397 [7e131a2a-66d5-444e-90e8-7bf3dd0ed196-groupManagement] INFO  segmented.SegmentedRaftLogWorker (SegmentedRaftLogWorker.java:lambda$new$0(134)) - 7e131a2a-66d5-444e-90e8-7bf3dd0ed196@group-124323D34285-SegmentedRaftLogWorker: safeCacheEvictIndex: setUnconditionally 0 -> -1
2024-02-27 07:50:04,397 [7e131a2a-66d5-444e-90e8-7bf3dd0ed196-groupManagement] INFO  server.RaftServer$Division (RaftServerImpl.java:start(396)) - 7e131a2a-66d5-444e-90e8-7bf3dd0ed196@group-124323D34285: start as a follower, conf=-1: peers:[7e131a2a-66d5-444e-90e8-7bf3dd0ed196|10.1.0.19:15237]|listeners:[], old=null
2024-02-27 07:50:04,397 [7e131a2a-66d5-444e-90e8-7bf3dd0ed196-groupManagement] INFO  server.RaftServer$Division (RaftServerImpl.java:setRole(383)) - 7e131a2a-66d5-444e-90e8-7bf3dd0ed196@group-124323D34285: changes role from      null to FOLLOWER at term 0 for startAsFollower
2024-02-27 07:50:04,397 [7e131a2a-66d5-444e-90e8-7bf3dd0ed196-groupManagement] INFO  impl.RoleInfo (RoleInfo.java:updateAndGet(139)) - 7e131a2a-66d5-444e-90e8-7bf3dd0ed196: start 7e131a2a-66d5-444e-90e8-7bf3dd0ed196@group-124323D34285-FollowerState
2024-02-27 07:50:04,397 [7e131a2a-66d5-444e-90e8-7bf3dd0ed196@group-124323D34285-FollowerState] INFO  server.RaftServerConfigKeys (ConfUtils.java:logFallback(53)) - raft.server.rpc.first-election.timeout.min = 5s (fallback to raft.server.rpc.timeout.min)
2024-02-27 07:50:04,398 [7e131a2a-66d5-444e-90e8-7bf3dd0ed196-groupManagement] INFO  util.JmxRegister (JmxRegister.java:tryRegister(44)) - Successfully registered JMX Bean with object name Ratis:service=RaftServer,group=group-124323D34285,id=7e131a2a-66d5-444e-90e8-7bf3dd0ed196
2024-02-27 07:50:04,398 [7e131a2a-66d5-444e-90e8-7bf3dd0ed196@group-124323D34285-FollowerState] INFO  server.RaftServerConfigKeys (ConfUtils.java:logFallback(53)) - raft.server.rpc.first-election.timeout.max = 5200ms (fallback to raft.server.rpc.timeout.max)
2024-02-27 07:50:04,398 [7e131a2a-66d5-444e-90e8-7bf3dd0ed196-groupManagement] INFO  server.RaftServerConfigKeys (ConfUtils.java:logGet(46)) - raft.server.snapshot.trigger-when-stop.enabled = true (default)
2024-02-27 07:50:04,398 [7e131a2a-66d5-444e-90e8-7bf3dd0ed196-groupManagement] INFO  server.RaftServerConfigKeys (ConfUtils.java:logGet(46)) - raft.server.snapshot.auto.trigger.enabled = true (custom)
2024-02-27 07:50:04,398 [7e131a2a-66d5-444e-90e8-7bf3dd0ed196-groupManagement] INFO  server.RaftServerConfigKeys (ConfUtils.java:logGet(46)) - raft.server.snapshot.auto.trigger.threshold = 10000 (custom)
2024-02-27 07:50:04,398 [7e131a2a-66d5-444e-90e8-7bf3dd0ed196-groupManagement] INFO  server.RaftServerConfigKeys (ConfUtils.java:logGet(46)) - raft.server.snapshot.retention.file.num = 5 (custom)
2024-02-27 07:50:04,398 [7e131a2a-66d5-444e-90e8-7bf3dd0ed196-groupManagement] INFO  server.RaftServerConfigKeys (ConfUtils.java:logGet(46)) - raft.server.log.purge.upto.snapshot.index = false (default)
2024-02-27 07:50:04,398 [7e131a2a-66d5-444e-90e8-7bf3dd0ed196-PipelineCommandHandlerThread-0] INFO  ratis.XceiverServerRatis (XceiverServerRatis.java:addGroup(864)) - Created group PipelineID=fceb69c2-20b4-41b3-a40e-124323d34285
2024-02-27 07:50:04,398 [7e131a2a-66d5-444e-90e8-7bf3dd0ed196-PipelineCommandHandlerThread-0] INFO  commandhandler.CreatePipelineCommandHandler (CreatePipelineCommandHandler.java:lambda$handle$2(124)) - Created Pipeline RATIS ONE PipelineID=fceb69c2-20b4-41b3-a40e-124323d34285.
2024-02-27 07:50:04,399 [7e131a2a-66d5-444e-90e8-7bf3dd0ed196-PipelineCommandHandlerThread-0] INFO  server.RaftServer (RaftServerProxy.java:addNew(100)) - 7e131a2a-66d5-444e-90e8-7bf3dd0ed196: addNew group-71E5127A0926:[1c7f6d53-d2e7-4bdb-b96b-e0068b2c4e41|10.1.0.19:15255, 7e131a2a-66d5-444e-90e8-7bf3dd0ed196|10.1.0.19:15237, fa5d0107-e57d-410d-980d-33f92c3a8e71|10.1.0.19:15246] returns group-71E5127A0926:java.util.concurrent.CompletableFuture@69e03787[Not completed]
2024-02-27 07:50:04,399 [7e131a2a-66d5-444e-90e8-7bf3dd0ed196-groupManagement] INFO  server.RaftServer$Division (RaftServerImpl.java:<init>(256)) - 7e131a2a-66d5-444e-90e8-7bf3dd0ed196: new RaftServerImpl for group-71E5127A0926:[1c7f6d53-d2e7-4bdb-b96b-e0068b2c4e41|10.1.0.19:15255, 7e131a2a-66d5-444e-90e8-7bf3dd0ed196|10.1.0.19:15237, fa5d0107-e57d-410d-980d-33f92c3a8e71|10.1.0.19:15246] with ContainerStateMachine:uninitialized
2024-02-27 07:50:04,399 [7e131a2a-66d5-444e-90e8-7bf3dd0ed196-groupManagement] INFO  server.RaftServerConfigKeys (ConfUtils.java:logGet(46)) - raft.server.rpc.timeout.min = 5s (custom)
2024-02-27 07:50:04,399 [7e131a2a-66d5-444e-90e8-7bf3dd0ed196-groupManagement] INFO  server.RaftServerConfigKeys (ConfUtils.java:logGet(46)) - raft.server.rpc.timeout.max = 5200ms (custom)
2024-02-27 07:50:04,399 [7e131a2a-66d5-444e-90e8-7bf3dd0ed196-groupManagement] INFO  server.RaftServerConfigKeys (ConfUtils.java:logGet(46)) - raft.server.rpc.sleep.time = 25ms (default)
2024-02-27 07:50:04,399 [7e131a2a-66d5-444e-90e8-7bf3dd0ed196-groupManagement] INFO  server.RaftServerConfigKeys (ConfUtils.java:logGet(46)) - raft.server.rpc.slowness.timeout = 300s (custom)
2024-02-27 07:50:04,399 [7e131a2a-66d5-444e-90e8-7bf3dd0ed196-groupManagement] INFO  server.RaftServerConfigKeys (ConfUtils.java:logGet(46)) - raft.server.leaderelection.leader.step-down.wait-time = 10s (default)
2024-02-27 07:50:04,399 [7e131a2a-66d5-444e-90e8-7bf3dd0ed196-groupManagement] INFO  server.RaftServerConfigKeys (ConfUtils.java:logGet(46)) - raft.server.leaderelection.member.majority-add = false (default)
2024-02-27 07:50:04,399 [7e131a2a-66d5-444e-90e8-7bf3dd0ed196-groupManagement] INFO  server.RaftServerConfigKeys (ConfUtils.java:logGet(46)) - raft.server.sleep.deviation.threshold = 300ms (default)
2024-02-27 07:50:04,400 [7e131a2a-66d5-444e-90e8-7bf3dd0ed196-groupManagement] INFO  server.RaftServer$Division (ServerState.java:<init>(113)) - 7e131a2a-66d5-444e-90e8-7bf3dd0ed196@group-71E5127A0926: ConfigurationManager, init=-1: peers:[1c7f6d53-d2e7-4bdb-b96b-e0068b2c4e41|10.1.0.19:15255, 7e131a2a-66d5-444e-90e8-7bf3dd0ed196|10.1.0.19:15237, fa5d0107-e57d-410d-980d-33f92c3a8e71|10.1.0.19:15246]|listeners:[], old=null, confs=<EMPTY_MAP>
2024-02-27 07:50:04,400 [7e131a2a-66d5-444e-90e8-7bf3dd0ed196-groupManagement] INFO  server.RaftServerConfigKeys (ConfUtils.java:logGet(46)) - raft.server.notification.no-leader.timeout = 300s (custom)
2024-02-27 07:50:04,400 [7e131a2a-66d5-444e-90e8-7bf3dd0ed196-groupManagement] INFO  server.RaftServerConfigKeys (ConfUtils.java:logGet(46)) - raft.server.read.timeout = 10s (default)
2024-02-27 07:50:04,400 [7e131a2a-66d5-444e-90e8-7bf3dd0ed196-groupManagement] INFO  server.RaftServerConfigKeys (ConfUtils.java:logGet(46)) - raft.server.retrycache.expirytime = 600000ms (custom)
2024-02-27 07:50:04,400 [7e131a2a-66d5-444e-90e8-7bf3dd0ed196-groupManagement] INFO  server.RaftServerConfigKeys (ConfUtils.java:logGet(46)) - raft.server.retrycache.statistics.expirytime = 100ms (default)
2024-02-27 07:50:04,400 [7e131a2a-66d5-444e-90e8-7bf3dd0ed196-groupManagement] INFO  server.RaftServerConfigKeys (ConfUtils.java:logGet(46)) - raft.server.read.option = DEFAULT (default)
2024-02-27 07:50:04,400 [7e131a2a-66d5-444e-90e8-7bf3dd0ed196-groupManagement] INFO  server.RaftServerConfigKeys (ConfUtils.java:logGet(46)) - raft.server.read.read-after-write-consistent.write-index-cache.expiry-time = 60s (default)
2024-02-27 07:50:04,401 [7e131a2a-66d5-444e-90e8-7bf3dd0ed196-groupManagement] INFO  server.RaftServerConfigKeys (ConfUtils.java:logGet(46)) - raft.server.rpc.request.timeout = 60s (custom)
2024-02-27 07:50:04,401 [7e131a2a-66d5-444e-90e8-7bf3dd0ed196-groupManagement] INFO  server.RaftServerConfigKeys (ConfUtils.java:logGet(46)) - raft.server.log.appender.install.snapshot.enabled = false (custom)
2024-02-27 07:50:04,401 [7e131a2a-66d5-444e-90e8-7bf3dd0ed196-groupManagement] INFO  server.RaftServerConfigKeys (ConfUtils.java:logGet(46)) - raft.server.threadpool.server.cached = true (default)
2024-02-27 07:50:04,401 [7e131a2a-66d5-444e-90e8-7bf3dd0ed196-groupManagement] INFO  server.RaftServerConfigKeys (ConfUtils.java:logGet(46)) - raft.server.threadpool.server.size = 0 (default)
2024-02-27 07:50:04,401 [7e131a2a-66d5-444e-90e8-7bf3dd0ed196-groupManagement] INFO  server.RaftServerConfigKeys (ConfUtils.java:logGet(46)) - raft.server.threadpool.client.cached = true (default)
2024-02-27 07:50:04,401 [7e131a2a-66d5-444e-90e8-7bf3dd0ed196-groupManagement] INFO  server.RaftServerConfigKeys (ConfUtils.java:logGet(46)) - raft.server.threadpool.client.size = 0 (default)
2024-02-27 07:50:04,401 [7e131a2a-66d5-444e-90e8-7bf3dd0ed196-groupManagement] INFO  server.RaftServerConfigKeys (ConfUtils.java:logGet(46)) - raft.server.storage.free-space.min = 0MB (=0) (default)
2024-02-27 07:50:04,401 [7e131a2a-66d5-444e-90e8-7bf3dd0ed196-groupManagement] INFO  server.RaftServerConfigKeys (ConfUtils.java:logGet(46)) - raft.server.log.corruption.policy = EXCEPTION (default)
2024-02-27 07:50:04,401 [7e131a2a-66d5-444e-90e8-7bf3dd0ed196-groupManagement] INFO  server.RaftServerConfigKeys (ConfUtils.java:logGet(46)) - raft.server.storage.dir = [/home/runner/work/ozone/ozone/hadoop-ozone/integration-test/target/test-dir/MiniOzoneClusterImpl-4c9fddb8-14cc-4d18-9561-dc95ff2af5f2/ozone-meta/datanode-1/ratis] (custom)
2024-02-27 07:50:04,402 [7e131a2a-66d5-444e-90e8-7bf3dd0ed196-groupManagement] INFO  storage.RaftStorageDirectory (RaftStorageDirectoryImpl.java:analyzeStorage(138)) - The storage directory /home/runner/work/ozone/ozone/hadoop-ozone/integration-test/target/test-dir/MiniOzoneClusterImpl-4c9fddb8-14cc-4d18-9561-dc95ff2af5f2/ozone-meta/datanode-1/ratis/5ee12f51-4510-4a90-8451-71e5127a0926 does not exist. Creating ...
2024-02-27 07:50:04,402 [7e131a2a-66d5-444e-90e8-7bf3dd0ed196-groupManagement] INFO  storage.RaftStorageDirectory (RaftStorageDirectoryImpl.java:tryLock(228)) - Lock on /home/runner/work/ozone/ozone/hadoop-ozone/integration-test/target/test-dir/MiniOzoneClusterImpl-4c9fddb8-14cc-4d18-9561-dc95ff2af5f2/ozone-meta/datanode-1/ratis/5ee12f51-4510-4a90-8451-71e5127a0926/in_use.lock acquired by nodename 40924@fv-az699-61
2024-02-27 07:50:04,404 [7e131a2a-66d5-444e-90e8-7bf3dd0ed196-groupManagement] INFO  storage.RaftStorage (RaftStorageImpl.java:format(99)) - Storage directory /home/runner/work/ozone/ozone/hadoop-ozone/integration-test/target/test-dir/MiniOzoneClusterImpl-4c9fddb8-14cc-4d18-9561-dc95ff2af5f2/ozone-meta/datanode-1/ratis/5ee12f51-4510-4a90-8451-71e5127a0926 has been successfully formatted.
2024-02-27 07:50:04,404 [7e131a2a-66d5-444e-90e8-7bf3dd0ed196-groupManagement] WARN  util.FileUtils (LogUtils.java:supplyAndLog(63)) - Failed to Files.newInputStream /home/runner/work/ozone/ozone/hadoop-ozone/integration-test/target/test-dir/MiniOzoneClusterImpl-4c9fddb8-14cc-4d18-9561-dc95ff2af5f2/ozone-meta/datanode-1/ratis/5ee12f51-4510-4a90-8451-71e5127a0926/current/raft-meta.conf with options []: java.nio.file.NoSuchFileException: /home/runner/work/ozone/ozone/hadoop-ozone/integration-test/target/test-dir/MiniOzoneClusterImpl-4c9fddb8-14cc-4d18-9561-dc95ff2af5f2/ozone-meta/datanode-1/ratis/5ee12f51-4510-4a90-8451-71e5127a0926/current/raft-meta.conf
2024-02-27 07:50:04,404 [7e131a2a-66d5-444e-90e8-7bf3dd0ed196-groupManagement] INFO  ratis.ContainerStateMachine (ContainerStateMachine.java:loadSnapshot(287)) - group-71E5127A0926: The snapshot info is null. Setting the last applied index to:(t:0, i:~)
2024-02-27 07:50:04,404 [7e131a2a-66d5-444e-90e8-7bf3dd0ed196-groupManagement] INFO  server.RaftServerConfigKeys (ConfUtils.java:logGet(46)) - raft.server.log.use.memory = false (default)
2024-02-27 07:50:04,404 [7e131a2a-66d5-444e-90e8-7bf3dd0ed196-groupManagement] INFO  server.RaftServerConfigKeys (ConfUtils.java:logGet(46)) - raft.server.log.purge.gap = 1000000 (custom)
2024-02-27 07:50:04,404 [7e131a2a-66d5-444e-90e8-7bf3dd0ed196-groupManagement] INFO  server.RaftServerConfigKeys (ConfUtils.java:logGet(46)) - raft.server.log.appender.buffer.byte-limit = 8388608 (custom)
2024-02-27 07:50:04,404 [7e131a2a-66d5-444e-90e8-7bf3dd0ed196-groupManagement] INFO  server.RaftServerConfigKeys (ConfUtils.java:logGet(46)) - raft.server.log.statemachine.data.read.timeout = 1000ms (default)
2024-02-27 07:50:04,404 [7e131a2a-66d5-444e-90e8-7bf3dd0ed196-groupManagement] INFO  server.RaftServerConfigKeys (ConfUtils.java:logGet(46)) - raft.server.log.purge.preservation.log.num = 0 (default)
2024-02-27 07:50:04,405 [EventQueue-OpenPipelineForHealthyPipelineSafeModeRule] INFO  safemode.SCMSafeModeManager (HealthyPipelineSafeModeRule.java:process(140)) - SCM in safe mode. Healthy pipelines reported count is 0, required healthy pipeline reported count is 1
2024-02-27 07:50:04,405 [7e131a2a-66d5-444e-90e8-7bf3dd0ed196-groupManagement] INFO  server.RaftServerConfigKeys (ConfUtils.java:logGet(46)) - raft.server.log.segment.size.max = 67108864 (custom)
2024-02-27 07:50:04,405 [7e131a2a-66d5-444e-90e8-7bf3dd0ed196-groupManagement] INFO  server.RaftServerConfigKeys (ConfUtils.java:logGet(46)) - raft.server.log.segment.cache.num.max = 2 (custom)
2024-02-27 07:50:04,406 [7e131a2a-66d5-444e-90e8-7bf3dd0ed196-groupManagement] INFO  server.RaftServerConfigKeys (ConfUtils.java:logGet(46)) - raft.server.log.segment.cache.size.max = 200MB (=209715200) (default)
2024-02-27 07:50:04,406 [7e131a2a-66d5-444e-90e8-7bf3dd0ed196-groupManagement] INFO  server.RaftServerConfigKeys (ConfUtils.java:logGet(46)) - raft.server.log.appender.buffer.byte-limit = 8388608 (custom)
2024-02-27 07:50:04,406 [7e131a2a-66d5-444e-90e8-7bf3dd0ed196-groupManagement] INFO  util.AwaitToRun (AwaitToRun.java:start(81)) - Thread[7e131a2a-66d5-444e-90e8-7bf3dd0ed196@group-71E5127A0926-cacheEviction-AwaitToRun,5,main] started
2024-02-27 07:50:04,406 [7e131a2a-66d5-444e-90e8-7bf3dd0ed196-groupManagement] INFO  segmented.SegmentedRaftLogWorker (SegmentedRaftLogWorker.java:<init>(182)) - new 7e131a2a-66d5-444e-90e8-7bf3dd0ed196@group-71E5127A0926-SegmentedRaftLogWorker for RaftStorageImpl:Storage Directory /home/runner/work/ozone/ozone/hadoop-ozone/integration-test/target/test-dir/MiniOzoneClusterImpl-4c9fddb8-14cc-4d18-9561-dc95ff2af5f2/ozone-meta/datanode-1/ratis/5ee12f51-4510-4a90-8451-71e5127a0926
2024-02-27 07:50:04,406 [7e131a2a-66d5-444e-90e8-7bf3dd0ed196-groupManagement] INFO  server.RaftServerConfigKeys (ConfUtils.java:logGet(46)) - raft.server.log.queue.byte-limit = 4294967296 (custom)
2024-02-27 07:50:04,406 [7e131a2a-66d5-444e-90e8-7bf3dd0ed196-groupManagement] INFO  server.RaftServerConfigKeys (ConfUtils.java:logGet(46)) - raft.server.log.queue.element-limit = 1024 (custom)
2024-02-27 07:50:04,406 [7e131a2a-66d5-444e-90e8-7bf3dd0ed196-groupManagement] INFO  server.RaftServerConfigKeys (ConfUtils.java:logGet(46)) - raft.server.log.segment.size.max = 67108864 (custom)
2024-02-27 07:50:04,406 [7e131a2a-66d5-444e-90e8-7bf3dd0ed196-groupManagement] INFO  server.RaftServerConfigKeys (ConfUtils.java:logGet(46)) - raft.server.log.preallocated.size = 4194304 (custom)
2024-02-27 07:50:04,406 [7e131a2a-66d5-444e-90e8-7bf3dd0ed196-groupManagement] INFO  server.RaftServerConfigKeys (ConfUtils.java:logGet(46)) - raft.server.log.force.sync.num = 128 (default)
2024-02-27 07:50:04,406 [7e131a2a-66d5-444e-90e8-7bf3dd0ed196-groupManagement] INFO  server.RaftServerConfigKeys (ConfUtils.java:logGet(46)) - raft.server.log.statemachine.data.sync = true (default)
2024-02-27 07:50:04,406 [7e131a2a-66d5-444e-90e8-7bf3dd0ed196-groupManagement] INFO  server.RaftServerConfigKeys (ConfUtils.java:logGet(46)) - raft.server.log.statemachine.data.sync.timeout = 10s (default)
2024-02-27 07:50:04,406 [7e131a2a-66d5-444e-90e8-7bf3dd0ed196-groupManagement] INFO  server.RaftServerConfigKeys (ConfUtils.java:logGet(46)) - raft.server.log.statemachine.data.sync.timeout.retry = 0 (custom)
2024-02-27 07:50:04,407 [7e131a2a-66d5-444e-90e8-7bf3dd0ed196-groupManagement] INFO  server.RaftServerConfigKeys (ConfUtils.java:logGet(46)) - raft.server.log.write.buffer.size = 8388616 (custom)
2024-02-27 07:50:04,408 [7e131a2a-66d5-444e-90e8-7bf3dd0ed196-groupManagement] INFO  server.RaftServerConfigKeys (ConfUtils.java:logGet(46)) - raft.server.log.appender.buffer.byte-limit = 8388608 (custom)
2024-02-27 07:50:04,408 [7e131a2a-66d5-444e-90e8-7bf3dd0ed196-groupManagement] INFO  server.RaftServerConfigKeys (ConfUtils.java:logGet(46)) - raft.server.log.unsafe-flush.enabled = false (default)
2024-02-27 07:50:04,408 [7e131a2a-66d5-444e-90e8-7bf3dd0ed196-groupManagement] INFO  server.RaftServerConfigKeys (ConfUtils.java:logGet(46)) - raft.server.log.async-flush.enabled = false (default)
2024-02-27 07:50:04,408 [7e131a2a-66d5-444e-90e8-7bf3dd0ed196-groupManagement] INFO  server.RaftServerConfigKeys (ConfUtils.java:logGet(46)) - raft.server.log.statemachine.data.caching.enabled = true (custom)
2024-02-27 07:50:04,408 [7e131a2a-66d5-444e-90e8-7bf3dd0ed196-groupManagement] INFO  segmented.SegmentedRaftLogWorker (SegmentedRaftLogWorker.java:lambda$new$0(134)) - 7e131a2a-66d5-444e-90e8-7bf3dd0ed196@group-71E5127A0926-SegmentedRaftLogWorker: flushIndex: setUnconditionally 0 -> -1
2024-02-27 07:50:04,408 [7e131a2a-66d5-444e-90e8-7bf3dd0ed196-groupManagement] INFO  segmented.SegmentedRaftLogWorker (SegmentedRaftLogWorker.java:lambda$new$0(134)) - 7e131a2a-66d5-444e-90e8-7bf3dd0ed196@group-71E5127A0926-SegmentedRaftLogWorker: safeCacheEvictIndex: setUnconditionally 0 -> -1
2024-02-27 07:50:04,409 [7e131a2a-66d5-444e-90e8-7bf3dd0ed196-groupManagement] INFO  server.RaftServer$Division (RaftServerImpl.java:start(396)) - 7e131a2a-66d5-444e-90e8-7bf3dd0ed196@group-71E5127A0926: start as a follower, conf=-1: peers:[1c7f6d53-d2e7-4bdb-b96b-e0068b2c4e41|10.1.0.19:15255, 7e131a2a-66d5-444e-90e8-7bf3dd0ed196|10.1.0.19:15237, fa5d0107-e57d-410d-980d-33f92c3a8e71|10.1.0.19:15246]|listeners:[], old=null
2024-02-27 07:50:04,409 [7e131a2a-66d5-444e-90e8-7bf3dd0ed196-groupManagement] INFO  server.RaftServer$Division (RaftServerImpl.java:setRole(383)) - 7e131a2a-66d5-444e-90e8-7bf3dd0ed196@group-71E5127A0926: changes role from      null to FOLLOWER at term 0 for startAsFollower
2024-02-27 07:50:04,409 [7e131a2a-66d5-444e-90e8-7bf3dd0ed196-groupManagement] INFO  impl.RoleInfo (RoleInfo.java:updateAndGet(139)) - 7e131a2a-66d5-444e-90e8-7bf3dd0ed196: start 7e131a2a-66d5-444e-90e8-7bf3dd0ed196@group-71E5127A0926-FollowerState
2024-02-27 07:50:04,409 [7e131a2a-66d5-444e-90e8-7bf3dd0ed196@group-71E5127A0926-FollowerState] INFO  server.RaftServerConfigKeys (ConfUtils.java:logFallback(53)) - raft.server.rpc.first-election.timeout.min = 5s (fallback to raft.server.rpc.timeout.min)
2024-02-27 07:50:04,409 [7e131a2a-66d5-444e-90e8-7bf3dd0ed196-groupManagement] INFO  util.JmxRegister (JmxRegister.java:tryRegister(44)) - Successfully registered JMX Bean with object name Ratis:service=RaftServer,group=group-71E5127A0926,id=7e131a2a-66d5-444e-90e8-7bf3dd0ed196
2024-02-27 07:50:04,409 [7e131a2a-66d5-444e-90e8-7bf3dd0ed196-groupManagement] INFO  server.RaftServerConfigKeys (ConfUtils.java:logGet(46)) - raft.server.snapshot.trigger-when-stop.enabled = true (default)
2024-02-27 07:50:04,409 [7e131a2a-66d5-444e-90e8-7bf3dd0ed196-groupManagement] INFO  server.RaftServerConfigKeys (ConfUtils.java:logGet(46)) - raft.server.snapshot.auto.trigger.enabled = true (custom)
2024-02-27 07:50:04,409 [7e131a2a-66d5-444e-90e8-7bf3dd0ed196-groupManagement] INFO  server.RaftServerConfigKeys (ConfUtils.java:logGet(46)) - raft.server.snapshot.auto.trigger.threshold = 10000 (custom)
2024-02-27 07:50:04,409 [7e131a2a-66d5-444e-90e8-7bf3dd0ed196-groupManagement] INFO  server.RaftServerConfigKeys (ConfUtils.java:logGet(46)) - raft.server.snapshot.retention.file.num = 5 (custom)
2024-02-27 07:50:04,409 [7e131a2a-66d5-444e-90e8-7bf3dd0ed196-groupManagement] INFO  server.RaftServerConfigKeys (ConfUtils.java:logGet(46)) - raft.server.log.purge.upto.snapshot.index = false (default)
2024-02-27 07:50:04,409 [7e131a2a-66d5-444e-90e8-7bf3dd0ed196@group-71E5127A0926-FollowerState] INFO  server.RaftServerConfigKeys (ConfUtils.java:logFallback(53)) - raft.server.rpc.first-election.timeout.max = 5200ms (fallback to raft.server.rpc.timeout.max)
2024-02-27 07:50:04,410 [7e131a2a-66d5-444e-90e8-7bf3dd0ed196-PipelineCommandHandlerThread-0] INFO  ratis.XceiverServerRatis (XceiverServerRatis.java:addGroup(864)) - Created group PipelineID=5ee12f51-4510-4a90-8451-71e5127a0926
2024-02-27 07:50:04,416 [grpc-default-executor-3] INFO  server.RaftServer (RaftServerProxy.java:addNew(100)) - fa5d0107-e57d-410d-980d-33f92c3a8e71: addNew group-71E5127A0926:[1c7f6d53-d2e7-4bdb-b96b-e0068b2c4e41|10.1.0.19:15255, 7e131a2a-66d5-444e-90e8-7bf3dd0ed196|10.1.0.19:15237, fa5d0107-e57d-410d-980d-33f92c3a8e71|10.1.0.19:15246] returns group-71E5127A0926:java.util.concurrent.CompletableFuture@3ec3d361[Not completed]
2024-02-27 07:50:04,416 [fa5d0107-e57d-410d-980d-33f92c3a8e71-groupManagement] INFO  server.RaftServer$Division (RaftServerImpl.java:<init>(256)) - fa5d0107-e57d-410d-980d-33f92c3a8e71: new RaftServerImpl for group-71E5127A0926:[1c7f6d53-d2e7-4bdb-b96b-e0068b2c4e41|10.1.0.19:15255, 7e131a2a-66d5-444e-90e8-7bf3dd0ed196|10.1.0.19:15237, fa5d0107-e57d-410d-980d-33f92c3a8e71|10.1.0.19:15246] with ContainerStateMachine:uninitialized
2024-02-27 07:50:04,417 [fa5d0107-e57d-410d-980d-33f92c3a8e71-groupManagement] INFO  server.RaftServerConfigKeys (ConfUtils.java:logGet(46)) - raft.server.rpc.timeout.min = 5s (custom)
2024-02-27 07:50:04,417 [fa5d0107-e57d-410d-980d-33f92c3a8e71-groupManagement] INFO  server.RaftServerConfigKeys (ConfUtils.java:logGet(46)) - raft.server.rpc.timeout.max = 5200ms (custom)
2024-02-27 07:50:04,417 [fa5d0107-e57d-410d-980d-33f92c3a8e71-groupManagement] INFO  server.RaftServerConfigKeys (ConfUtils.java:logGet(46)) - raft.server.rpc.sleep.time = 25ms (default)
2024-02-27 07:50:04,417 [fa5d0107-e57d-410d-980d-33f92c3a8e71-groupManagement] INFO  server.RaftServerConfigKeys (ConfUtils.java:logGet(46)) - raft.server.rpc.slowness.timeout = 300s (custom)
2024-02-27 07:50:04,417 [fa5d0107-e57d-410d-980d-33f92c3a8e71-groupManagement] INFO  server.RaftServerConfigKeys (ConfUtils.java:logGet(46)) - raft.server.leaderelection.leader.step-down.wait-time = 10s (default)
2024-02-27 07:50:04,417 [fa5d0107-e57d-410d-980d-33f92c3a8e71-groupManagement] INFO  server.RaftServerConfigKeys (ConfUtils.java:logGet(46)) - raft.server.leaderelection.member.majority-add = false (default)
2024-02-27 07:50:04,417 [fa5d0107-e57d-410d-980d-33f92c3a8e71-groupManagement] INFO  server.RaftServerConfigKeys (ConfUtils.java:logGet(46)) - raft.server.sleep.deviation.threshold = 300ms (default)
2024-02-27 07:50:04,417 [fa5d0107-e57d-410d-980d-33f92c3a8e71-groupManagement] INFO  server.RaftServer$Division (ServerState.java:<init>(113)) - fa5d0107-e57d-410d-980d-33f92c3a8e71@group-71E5127A0926: ConfigurationManager, init=-1: peers:[1c7f6d53-d2e7-4bdb-b96b-e0068b2c4e41|10.1.0.19:15255, 7e131a2a-66d5-444e-90e8-7bf3dd0ed196|10.1.0.19:15237, fa5d0107-e57d-410d-980d-33f92c3a8e71|10.1.0.19:15246]|listeners:[], old=null, confs=<EMPTY_MAP>
2024-02-27 07:50:04,417 [fa5d0107-e57d-410d-980d-33f92c3a8e71-groupManagement] INFO  server.RaftServerConfigKeys (ConfUtils.java:logGet(46)) - raft.server.notification.no-leader.timeout = 300s (custom)
2024-02-27 07:50:04,417 [fa5d0107-e57d-410d-980d-33f92c3a8e71-groupManagement] INFO  server.RaftServerConfigKeys (ConfUtils.java:logGet(46)) - raft.server.read.timeout = 10s (default)
2024-02-27 07:50:04,417 [fa5d0107-e57d-410d-980d-33f92c3a8e71-groupManagement] INFO  server.RaftServerConfigKeys (ConfUtils.java:logGet(46)) - raft.server.retrycache.expirytime = 600000ms (custom)
2024-02-27 07:50:04,417 [fa5d0107-e57d-410d-980d-33f92c3a8e71-groupManagement] INFO  server.RaftServerConfigKeys (ConfUtils.java:logGet(46)) - raft.server.retrycache.statistics.expirytime = 100ms (default)
2024-02-27 07:50:04,417 [fa5d0107-e57d-410d-980d-33f92c3a8e71-groupManagement] INFO  server.RaftServerConfigKeys (ConfUtils.java:logGet(46)) - raft.server.read.option = DEFAULT (default)
2024-02-27 07:50:04,417 [fa5d0107-e57d-410d-980d-33f92c3a8e71-groupManagement] INFO  server.RaftServerConfigKeys (ConfUtils.java:logGet(46)) - raft.server.read.read-after-write-consistent.write-index-cache.expiry-time = 60s (default)
2024-02-27 07:50:04,419 [fa5d0107-e57d-410d-980d-33f92c3a8e71-groupManagement] INFO  server.RaftServerConfigKeys (ConfUtils.java:logGet(46)) - raft.server.rpc.request.timeout = 60s (custom)
2024-02-27 07:50:04,419 [fa5d0107-e57d-410d-980d-33f92c3a8e71-groupManagement] INFO  server.RaftServerConfigKeys (ConfUtils.java:logGet(46)) - raft.server.log.appender.install.snapshot.enabled = false (custom)
2024-02-27 07:50:04,419 [fa5d0107-e57d-410d-980d-33f92c3a8e71-groupManagement] INFO  server.RaftServerConfigKeys (ConfUtils.java:logGet(46)) - raft.server.threadpool.server.cached = true (default)
2024-02-27 07:50:04,419 [fa5d0107-e57d-410d-980d-33f92c3a8e71-groupManagement] INFO  server.RaftServerConfigKeys (ConfUtils.java:logGet(46)) - raft.server.threadpool.server.size = 0 (default)
2024-02-27 07:50:04,419 [fa5d0107-e57d-410d-980d-33f92c3a8e71-groupManagement] INFO  server.RaftServerConfigKeys (ConfUtils.java:logGet(46)) - raft.server.threadpool.client.cached = true (default)
2024-02-27 07:50:04,419 [fa5d0107-e57d-410d-980d-33f92c3a8e71-groupManagement] INFO  server.RaftServerConfigKeys (ConfUtils.java:logGet(46)) - raft.server.threadpool.client.size = 0 (default)
2024-02-27 07:50:04,419 [fa5d0107-e57d-410d-980d-33f92c3a8e71-groupManagement] INFO  server.RaftServerConfigKeys (ConfUtils.java:logGet(46)) - raft.server.storage.free-space.min = 0MB (=0) (default)
2024-02-27 07:50:04,419 [fa5d0107-e57d-410d-980d-33f92c3a8e71-groupManagement] INFO  server.RaftServerConfigKeys (ConfUtils.java:logGet(46)) - raft.server.log.corruption.policy = EXCEPTION (default)
2024-02-27 07:50:04,419 [fa5d0107-e57d-410d-980d-33f92c3a8e71-groupManagement] INFO  server.RaftServerConfigKeys (ConfUtils.java:logGet(46)) - raft.server.storage.dir = [/home/runner/work/ozone/ozone/hadoop-ozone/integration-test/target/test-dir/MiniOzoneClusterImpl-4c9fddb8-14cc-4d18-9561-dc95ff2af5f2/ozone-meta/datanode-2/ratis] (custom)
2024-02-27 07:50:04,420 [fa5d0107-e57d-410d-980d-33f92c3a8e71-groupManagement] INFO  storage.RaftStorageDirectory (RaftStorageDirectoryImpl.java:analyzeStorage(138)) - The storage directory /home/runner/work/ozone/ozone/hadoop-ozone/integration-test/target/test-dir/MiniOzoneClusterImpl-4c9fddb8-14cc-4d18-9561-dc95ff2af5f2/ozone-meta/datanode-2/ratis/5ee12f51-4510-4a90-8451-71e5127a0926 does not exist. Creating ...
2024-02-27 07:50:04,421 [fa5d0107-e57d-410d-980d-33f92c3a8e71-groupManagement] INFO  storage.RaftStorageDirectory (RaftStorageDirectoryImpl.java:tryLock(228)) - Lock on /home/runner/work/ozone/ozone/hadoop-ozone/integration-test/target/test-dir/MiniOzoneClusterImpl-4c9fddb8-14cc-4d18-9561-dc95ff2af5f2/ozone-meta/datanode-2/ratis/5ee12f51-4510-4a90-8451-71e5127a0926/in_use.lock acquired by nodename 40924@fv-az699-61
2024-02-27 07:50:04,421 [fa5d0107-e57d-410d-980d-33f92c3a8e71-groupManagement] INFO  storage.RaftStorage (RaftStorageImpl.java:format(99)) - Storage directory /home/runner/work/ozone/ozone/hadoop-ozone/integration-test/target/test-dir/MiniOzoneClusterImpl-4c9fddb8-14cc-4d18-9561-dc95ff2af5f2/ozone-meta/datanode-2/ratis/5ee12f51-4510-4a90-8451-71e5127a0926 has been successfully formatted.
2024-02-27 07:50:04,422 [fa5d0107-e57d-410d-980d-33f92c3a8e71-groupManagement] WARN  util.FileUtils (LogUtils.java:supplyAndLog(63)) - Failed to Files.newInputStream /home/runner/work/ozone/ozone/hadoop-ozone/integration-test/target/test-dir/MiniOzoneClusterImpl-4c9fddb8-14cc-4d18-9561-dc95ff2af5f2/ozone-meta/datanode-2/ratis/5ee12f51-4510-4a90-8451-71e5127a0926/current/raft-meta.conf with options []: java.nio.file.NoSuchFileException: /home/runner/work/ozone/ozone/hadoop-ozone/integration-test/target/test-dir/MiniOzoneClusterImpl-4c9fddb8-14cc-4d18-9561-dc95ff2af5f2/ozone-meta/datanode-2/ratis/5ee12f51-4510-4a90-8451-71e5127a0926/current/raft-meta.conf
2024-02-27 07:50:04,423 [fa5d0107-e57d-410d-980d-33f92c3a8e71-groupManagement] INFO  ratis.ContainerStateMachine (ContainerStateMachine.java:loadSnapshot(287)) - group-71E5127A0926: The snapshot info is null. Setting the last applied index to:(t:0, i:~)
2024-02-27 07:50:04,423 [fa5d0107-e57d-410d-980d-33f92c3a8e71-groupManagement] INFO  server.RaftServerConfigKeys (ConfUtils.java:logGet(46)) - raft.server.log.use.memory = false (default)
2024-02-27 07:50:04,423 [fa5d0107-e57d-410d-980d-33f92c3a8e71-groupManagement] INFO  server.RaftServerConfigKeys (ConfUtils.java:logGet(46)) - raft.server.log.purge.gap = 1000000 (custom)
2024-02-27 07:50:04,423 [fa5d0107-e57d-410d-980d-33f92c3a8e71-groupManagement] INFO  server.RaftServerConfigKeys (ConfUtils.java:logGet(46)) - raft.server.log.appender.buffer.byte-limit = 8388608 (custom)
2024-02-27 07:50:04,423 [fa5d0107-e57d-410d-980d-33f92c3a8e71-groupManagement] INFO  server.RaftServerConfigKeys (ConfUtils.java:logGet(46)) - raft.server.log.statemachine.data.read.timeout = 1000ms (default)
2024-02-27 07:50:04,423 [fa5d0107-e57d-410d-980d-33f92c3a8e71-groupManagement] INFO  server.RaftServerConfigKeys (ConfUtils.java:logGet(46)) - raft.server.log.purge.preservation.log.num = 0 (default)
2024-02-27 07:50:04,424 [fa5d0107-e57d-410d-980d-33f92c3a8e71-groupManagement] INFO  server.RaftServerConfigKeys (ConfUtils.java:logGet(46)) - raft.server.log.segment.size.max = 67108864 (custom)
2024-02-27 07:50:04,424 [fa5d0107-e57d-410d-980d-33f92c3a8e71-groupManagement] INFO  server.RaftServerConfigKeys (ConfUtils.java:logGet(46)) - raft.server.log.segment.cache.num.max = 2 (custom)
2024-02-27 07:50:04,424 [fa5d0107-e57d-410d-980d-33f92c3a8e71-groupManagement] INFO  server.RaftServerConfigKeys (ConfUtils.java:logGet(46)) - raft.server.log.segment.cache.size.max = 200MB (=209715200) (default)
2024-02-27 07:50:04,424 [fa5d0107-e57d-410d-980d-33f92c3a8e71-groupManagement] INFO  server.RaftServerConfigKeys (ConfUtils.java:logGet(46)) - raft.server.log.appender.buffer.byte-limit = 8388608 (custom)
2024-02-27 07:50:04,424 [fa5d0107-e57d-410d-980d-33f92c3a8e71-groupManagement] INFO  util.AwaitToRun (AwaitToRun.java:start(81)) - Thread[fa5d0107-e57d-410d-980d-33f92c3a8e71@group-71E5127A0926-cacheEviction-AwaitToRun,5,main] started
2024-02-27 07:50:04,424 [fa5d0107-e57d-410d-980d-33f92c3a8e71-groupManagement] INFO  segmented.SegmentedRaftLogWorker (SegmentedRaftLogWorker.java:<init>(182)) - new fa5d0107-e57d-410d-980d-33f92c3a8e71@group-71E5127A0926-SegmentedRaftLogWorker for RaftStorageImpl:Storage Directory /home/runner/work/ozone/ozone/hadoop-ozone/integration-test/target/test-dir/MiniOzoneClusterImpl-4c9fddb8-14cc-4d18-9561-dc95ff2af5f2/ozone-meta/datanode-2/ratis/5ee12f51-4510-4a90-8451-71e5127a0926
2024-02-27 07:50:04,424 [fa5d0107-e57d-410d-980d-33f92c3a8e71-groupManagement] INFO  server.RaftServerConfigKeys (ConfUtils.java:logGet(46)) - raft.server.log.queue.byte-limit = 4294967296 (custom)
2024-02-27 07:50:04,424 [fa5d0107-e57d-410d-980d-33f92c3a8e71-groupManagement] INFO  server.RaftServerConfigKeys (ConfUtils.java:logGet(46)) - raft.server.log.queue.element-limit = 1024 (custom)
2024-02-27 07:50:04,425 [fa5d0107-e57d-410d-980d-33f92c3a8e71-groupManagement] INFO  server.RaftServerConfigKeys (ConfUtils.java:logGet(46)) - raft.server.log.segment.size.max = 67108864 (custom)
2024-02-27 07:50:04,425 [fa5d0107-e57d-410d-980d-33f92c3a8e71-groupManagement] INFO  server.RaftServerConfigKeys (ConfUtils.java:logGet(46)) - raft.server.log.preallocated.size = 4194304 (custom)
2024-02-27 07:50:04,425 [fa5d0107-e57d-410d-980d-33f92c3a8e71-groupManagement] INFO  server.RaftServerConfigKeys (ConfUtils.java:logGet(46)) - raft.server.log.force.sync.num = 128 (default)
2024-02-27 07:50:04,425 [fa5d0107-e57d-410d-980d-33f92c3a8e71-groupManagement] INFO  server.RaftServerConfigKeys (ConfUtils.java:logGet(46)) - raft.server.log.statemachine.data.sync = true (default)
2024-02-27 07:50:04,425 [fa5d0107-e57d-410d-980d-33f92c3a8e71-groupManagement] INFO  server.RaftServerConfigKeys (ConfUtils.java:logGet(46)) - raft.server.log.statemachine.data.sync.timeout = 10s (default)
2024-02-27 07:50:04,425 [fa5d0107-e57d-410d-980d-33f92c3a8e71-groupManagement] INFO  server.RaftServerConfigKeys (ConfUtils.java:logGet(46)) - raft.server.log.statemachine.data.sync.timeout.retry = 0 (custom)
2024-02-27 07:50:04,425 [fa5d0107-e57d-410d-980d-33f92c3a8e71-groupManagement] INFO  server.RaftServerConfigKeys (ConfUtils.java:logGet(46)) - raft.server.log.write.buffer.size = 8388616 (custom)
2024-02-27 07:50:04,426 [fa5d0107-e57d-410d-980d-33f92c3a8e71-groupManagement] INFO  server.RaftServerConfigKeys (ConfUtils.java:logGet(46)) - raft.server.log.appender.buffer.byte-limit = 8388608 (custom)
2024-02-27 07:50:04,426 [fa5d0107-e57d-410d-980d-33f92c3a8e71-groupManagement] INFO  server.RaftServerConfigKeys (ConfUtils.java:logGet(46)) - raft.server.log.unsafe-flush.enabled = false (default)
2024-02-27 07:50:04,426 [fa5d0107-e57d-410d-980d-33f92c3a8e71-groupManagement] INFO  server.RaftServerConfigKeys (ConfUtils.java:logGet(46)) - raft.server.log.async-flush.enabled = false (default)
2024-02-27 07:50:04,426 [fa5d0107-e57d-410d-980d-33f92c3a8e71-groupManagement] INFO  server.RaftServerConfigKeys (ConfUtils.java:logGet(46)) - raft.server.log.statemachine.data.caching.enabled = true (custom)
2024-02-27 07:50:04,426 [fa5d0107-e57d-410d-980d-33f92c3a8e71-groupManagement] INFO  segmented.SegmentedRaftLogWorker (SegmentedRaftLogWorker.java:lambda$new$0(134)) - fa5d0107-e57d-410d-980d-33f92c3a8e71@group-71E5127A0926-SegmentedRaftLogWorker: flushIndex: setUnconditionally 0 -> -1
2024-02-27 07:50:04,426 [fa5d0107-e57d-410d-980d-33f92c3a8e71-groupManagement] INFO  segmented.SegmentedRaftLogWorker (SegmentedRaftLogWorker.java:lambda$new$0(134)) - fa5d0107-e57d-410d-980d-33f92c3a8e71@group-71E5127A0926-SegmentedRaftLogWorker: safeCacheEvictIndex: setUnconditionally 0 -> -1
2024-02-27 07:50:04,426 [fa5d0107-e57d-410d-980d-33f92c3a8e71-groupManagement] INFO  server.RaftServer$Division (RaftServerImpl.java:start(396)) - fa5d0107-e57d-410d-980d-33f92c3a8e71@group-71E5127A0926: start as a follower, conf=-1: peers:[1c7f6d53-d2e7-4bdb-b96b-e0068b2c4e41|10.1.0.19:15255, 7e131a2a-66d5-444e-90e8-7bf3dd0ed196|10.1.0.19:15237, fa5d0107-e57d-410d-980d-33f92c3a8e71|10.1.0.19:15246]|listeners:[], old=null
2024-02-27 07:50:04,426 [fa5d0107-e57d-410d-980d-33f92c3a8e71-groupManagement] INFO  server.RaftServer$Division (RaftServerImpl.java:setRole(383)) - fa5d0107-e57d-410d-980d-33f92c3a8e71@group-71E5127A0926: changes role from      null to FOLLOWER at term 0 for startAsFollower
2024-02-27 07:50:04,426 [fa5d0107-e57d-410d-980d-33f92c3a8e71-groupManagement] INFO  impl.RoleInfo (RoleInfo.java:updateAndGet(139)) - fa5d0107-e57d-410d-980d-33f92c3a8e71: start fa5d0107-e57d-410d-980d-33f92c3a8e71@group-71E5127A0926-FollowerState
2024-02-27 07:50:04,427 [fa5d0107-e57d-410d-980d-33f92c3a8e71@group-71E5127A0926-FollowerState] INFO  server.RaftServerConfigKeys (ConfUtils.java:logFallback(53)) - raft.server.rpc.first-election.timeout.min = 5s (fallback to raft.server.rpc.timeout.min)
2024-02-27 07:50:04,427 [fa5d0107-e57d-410d-980d-33f92c3a8e71-groupManagement] INFO  util.JmxRegister (JmxRegister.java:tryRegister(44)) - Successfully registered JMX Bean with object name Ratis:service=RaftServer,group=group-71E5127A0926,id=fa5d0107-e57d-410d-980d-33f92c3a8e71
2024-02-27 07:50:04,427 [fa5d0107-e57d-410d-980d-33f92c3a8e71@group-71E5127A0926-FollowerState] INFO  server.RaftServerConfigKeys (ConfUtils.java:logFallback(53)) - raft.server.rpc.first-election.timeout.max = 5200ms (fallback to raft.server.rpc.timeout.max)
2024-02-27 07:50:04,427 [fa5d0107-e57d-410d-980d-33f92c3a8e71-groupManagement] INFO  server.RaftServerConfigKeys (ConfUtils.java:logGet(46)) - raft.server.snapshot.trigger-when-stop.enabled = true (default)
2024-02-27 07:50:04,427 [fa5d0107-e57d-410d-980d-33f92c3a8e71-groupManagement] INFO  server.RaftServerConfigKeys (ConfUtils.java:logGet(46)) - raft.server.snapshot.auto.trigger.enabled = true (custom)
2024-02-27 07:50:04,427 [fa5d0107-e57d-410d-980d-33f92c3a8e71-groupManagement] INFO  server.RaftServerConfigKeys (ConfUtils.java:logGet(46)) - raft.server.snapshot.auto.trigger.threshold = 10000 (custom)
2024-02-27 07:50:04,427 [fa5d0107-e57d-410d-980d-33f92c3a8e71-groupManagement] INFO  server.RaftServerConfigKeys (ConfUtils.java:logGet(46)) - raft.server.snapshot.retention.file.num = 5 (custom)
2024-02-27 07:50:04,427 [fa5d0107-e57d-410d-980d-33f92c3a8e71-groupManagement] INFO  server.RaftServerConfigKeys (ConfUtils.java:logGet(46)) - raft.server.log.purge.upto.snapshot.index = false (default)
2024-02-27 07:50:04,435 [grpc-default-executor-3] INFO  server.RaftServer (RaftServerProxy.java:addNew(100)) - 1c7f6d53-d2e7-4bdb-b96b-e0068b2c4e41: addNew group-71E5127A0926:[1c7f6d53-d2e7-4bdb-b96b-e0068b2c4e41|10.1.0.19:15255, 7e131a2a-66d5-444e-90e8-7bf3dd0ed196|10.1.0.19:15237, fa5d0107-e57d-410d-980d-33f92c3a8e71|10.1.0.19:15246] returns group-71E5127A0926:java.util.concurrent.CompletableFuture@2ce14c3a[Not completed]
2024-02-27 07:50:04,436 [1c7f6d53-d2e7-4bdb-b96b-e0068b2c4e41-groupManagement] INFO  server.RaftServer$Division (RaftServerImpl.java:<init>(256)) - 1c7f6d53-d2e7-4bdb-b96b-e0068b2c4e41: new RaftServerImpl for group-71E5127A0926:[1c7f6d53-d2e7-4bdb-b96b-e0068b2c4e41|10.1.0.19:15255, 7e131a2a-66d5-444e-90e8-7bf3dd0ed196|10.1.0.19:15237, fa5d0107-e57d-410d-980d-33f92c3a8e71|10.1.0.19:15246] with ContainerStateMachine:uninitialized
2024-02-27 07:50:04,436 [1c7f6d53-d2e7-4bdb-b96b-e0068b2c4e41-groupManagement] INFO  server.RaftServerConfigKeys (ConfUtils.java:logGet(46)) - raft.server.rpc.timeout.min = 5s (custom)
2024-02-27 07:50:04,436 [1c7f6d53-d2e7-4bdb-b96b-e0068b2c4e41-groupManagement] INFO  server.RaftServerConfigKeys (ConfUtils.java:logGet(46)) - raft.server.rpc.timeout.max = 5200ms (custom)
2024-02-27 07:50:04,436 [1c7f6d53-d2e7-4bdb-b96b-e0068b2c4e41-groupManagement] INFO  server.RaftServerConfigKeys (ConfUtils.java:logGet(46)) - raft.server.rpc.sleep.time = 25ms (default)
2024-02-27 07:50:04,437 [1c7f6d53-d2e7-4bdb-b96b-e0068b2c4e41-groupManagement] INFO  server.RaftServerConfigKeys (ConfUtils.java:logGet(46)) - raft.server.rpc.slowness.timeout = 300s (custom)
2024-02-27 07:50:04,437 [1c7f6d53-d2e7-4bdb-b96b-e0068b2c4e41-groupManagement] INFO  server.RaftServerConfigKeys (ConfUtils.java:logGet(46)) - raft.server.leaderelection.leader.step-down.wait-time = 10s (default)
2024-02-27 07:50:04,437 [1c7f6d53-d2e7-4bdb-b96b-e0068b2c4e41-groupManagement] INFO  server.RaftServerConfigKeys (ConfUtils.java:logGet(46)) - raft.server.leaderelection.member.majority-add = false (default)
2024-02-27 07:50:04,437 [1c7f6d53-d2e7-4bdb-b96b-e0068b2c4e41-groupManagement] INFO  server.RaftServerConfigKeys (ConfUtils.java:logGet(46)) - raft.server.sleep.deviation.threshold = 300ms (default)
2024-02-27 07:50:04,437 [1c7f6d53-d2e7-4bdb-b96b-e0068b2c4e41-groupManagement] INFO  server.RaftServer$Division (ServerState.java:<init>(113)) - 1c7f6d53-d2e7-4bdb-b96b-e0068b2c4e41@group-71E5127A0926: ConfigurationManager, init=-1: peers:[1c7f6d53-d2e7-4bdb-b96b-e0068b2c4e41|10.1.0.19:15255, 7e131a2a-66d5-444e-90e8-7bf3dd0ed196|10.1.0.19:15237, fa5d0107-e57d-410d-980d-33f92c3a8e71|10.1.0.19:15246]|listeners:[], old=null, confs=<EMPTY_MAP>
2024-02-27 07:50:04,437 [1c7f6d53-d2e7-4bdb-b96b-e0068b2c4e41-groupManagement] INFO  server.RaftServerConfigKeys (ConfUtils.java:logGet(46)) - raft.server.notification.no-leader.timeout = 300s (custom)
2024-02-27 07:50:04,437 [1c7f6d53-d2e7-4bdb-b96b-e0068b2c4e41-groupManagement] INFO  server.RaftServerConfigKeys (ConfUtils.java:logGet(46)) - raft.server.read.timeout = 10s (default)
2024-02-27 07:50:04,437 [1c7f6d53-d2e7-4bdb-b96b-e0068b2c4e41-groupManagement] INFO  server.RaftServerConfigKeys (ConfUtils.java:logGet(46)) - raft.server.retrycache.expirytime = 600000ms (custom)
2024-02-27 07:50:04,438 [1c7f6d53-d2e7-4bdb-b96b-e0068b2c4e41-groupManagement] INFO  server.RaftServerConfigKeys (ConfUtils.java:logGet(46)) - raft.server.retrycache.statistics.expirytime = 100ms (default)
2024-02-27 07:50:04,438 [1c7f6d53-d2e7-4bdb-b96b-e0068b2c4e41-groupManagement] INFO  server.RaftServerConfigKeys (ConfUtils.java:logGet(46)) - raft.server.read.option = DEFAULT (default)
2024-02-27 07:50:04,438 [1c7f6d53-d2e7-4bdb-b96b-e0068b2c4e41-groupManagement] INFO  server.RaftServerConfigKeys (ConfUtils.java:logGet(46)) - raft.server.read.read-after-write-consistent.write-index-cache.expiry-time = 60s (default)
2024-02-27 07:50:04,439 [1c7f6d53-d2e7-4bdb-b96b-e0068b2c4e41-groupManagement] INFO  server.RaftServerConfigKeys (ConfUtils.java:logGet(46)) - raft.server.rpc.request.timeout = 60s (custom)
2024-02-27 07:50:04,439 [1c7f6d53-d2e7-4bdb-b96b-e0068b2c4e41-groupManagement] INFO  server.RaftServerConfigKeys (ConfUtils.java:logGet(46)) - raft.server.log.appender.install.snapshot.enabled = false (custom)
2024-02-27 07:50:04,439 [1c7f6d53-d2e7-4bdb-b96b-e0068b2c4e41-groupManagement] INFO  server.RaftServerConfigKeys (ConfUtils.java:logGet(46)) - raft.server.threadpool.server.cached = true (default)
2024-02-27 07:50:04,439 [1c7f6d53-d2e7-4bdb-b96b-e0068b2c4e41-groupManagement] INFO  server.RaftServerConfigKeys (ConfUtils.java:logGet(46)) - raft.server.threadpool.server.size = 0 (default)
2024-02-27 07:50:04,439 [1c7f6d53-d2e7-4bdb-b96b-e0068b2c4e41-groupManagement] INFO  server.RaftServerConfigKeys (ConfUtils.java:logGet(46)) - raft.server.threadpool.client.cached = true (default)
2024-02-27 07:50:04,440 [1c7f6d53-d2e7-4bdb-b96b-e0068b2c4e41-groupManagement] INFO  server.RaftServerConfigKeys (ConfUtils.java:logGet(46)) - raft.server.threadpool.client.size = 0 (default)
2024-02-27 07:50:04,440 [1c7f6d53-d2e7-4bdb-b96b-e0068b2c4e41-groupManagement] INFO  server.RaftServerConfigKeys (ConfUtils.java:logGet(46)) - raft.server.storage.free-space.min = 0MB (=0) (default)
2024-02-27 07:50:04,440 [1c7f6d53-d2e7-4bdb-b96b-e0068b2c4e41-groupManagement] INFO  server.RaftServerConfigKeys (ConfUtils.java:logGet(46)) - raft.server.log.corruption.policy = EXCEPTION (default)
2024-02-27 07:50:04,440 [1c7f6d53-d2e7-4bdb-b96b-e0068b2c4e41-groupManagement] INFO  server.RaftServerConfigKeys (ConfUtils.java:logGet(46)) - raft.server.storage.dir = [/home/runner/work/ozone/ozone/hadoop-ozone/integration-test/target/test-dir/MiniOzoneClusterImpl-4c9fddb8-14cc-4d18-9561-dc95ff2af5f2/ozone-meta/datanode-3/ratis] (custom)
2024-02-27 07:50:04,440 [1c7f6d53-d2e7-4bdb-b96b-e0068b2c4e41-groupManagement] INFO  storage.RaftStorageDirectory (RaftStorageDirectoryImpl.java:analyzeStorage(138)) - The storage directory /home/runner/work/ozone/ozone/hadoop-ozone/integration-test/target/test-dir/MiniOzoneClusterImpl-4c9fddb8-14cc-4d18-9561-dc95ff2af5f2/ozone-meta/datanode-3/ratis/5ee12f51-4510-4a90-8451-71e5127a0926 does not exist. Creating ...
2024-02-27 07:50:04,441 [1c7f6d53-d2e7-4bdb-b96b-e0068b2c4e41-groupManagement] INFO  storage.RaftStorageDirectory (RaftStorageDirectoryImpl.java:tryLock(228)) - Lock on /home/runner/work/ozone/ozone/hadoop-ozone/integration-test/target/test-dir/MiniOzoneClusterImpl-4c9fddb8-14cc-4d18-9561-dc95ff2af5f2/ozone-meta/datanode-3/ratis/5ee12f51-4510-4a90-8451-71e5127a0926/in_use.lock acquired by nodename 40924@fv-az699-61
2024-02-27 07:50:04,442 [1c7f6d53-d2e7-4bdb-b96b-e0068b2c4e41-groupManagement] INFO  storage.RaftStorage (RaftStorageImpl.java:format(99)) - Storage directory /home/runner/work/ozone/ozone/hadoop-ozone/integration-test/target/test-dir/MiniOzoneClusterImpl-4c9fddb8-14cc-4d18-9561-dc95ff2af5f2/ozone-meta/datanode-3/ratis/5ee12f51-4510-4a90-8451-71e5127a0926 has been successfully formatted.
2024-02-27 07:50:04,443 [1c7f6d53-d2e7-4bdb-b96b-e0068b2c4e41-groupManagement] WARN  util.FileUtils (LogUtils.java:supplyAndLog(63)) - Failed to Files.newInputStream /home/runner/work/ozone/ozone/hadoop-ozone/integration-test/target/test-dir/MiniOzoneClusterImpl-4c9fddb8-14cc-4d18-9561-dc95ff2af5f2/ozone-meta/datanode-3/ratis/5ee12f51-4510-4a90-8451-71e5127a0926/current/raft-meta.conf with options []: java.nio.file.NoSuchFileException: /home/runner/work/ozone/ozone/hadoop-ozone/integration-test/target/test-dir/MiniOzoneClusterImpl-4c9fddb8-14cc-4d18-9561-dc95ff2af5f2/ozone-meta/datanode-3/ratis/5ee12f51-4510-4a90-8451-71e5127a0926/current/raft-meta.conf
2024-02-27 07:50:04,443 [1c7f6d53-d2e7-4bdb-b96b-e0068b2c4e41-groupManagement] INFO  ratis.ContainerStateMachine (ContainerStateMachine.java:loadSnapshot(287)) - group-71E5127A0926: The snapshot info is null. Setting the last applied index to:(t:0, i:~)
2024-02-27 07:50:04,444 [1c7f6d53-d2e7-4bdb-b96b-e0068b2c4e41-groupManagement] INFO  server.RaftServerConfigKeys (ConfUtils.java:logGet(46)) - raft.server.log.use.memory = false (default)
2024-02-27 07:50:04,444 [1c7f6d53-d2e7-4bdb-b96b-e0068b2c4e41-groupManagement] INFO  server.RaftServerConfigKeys (ConfUtils.java:logGet(46)) - raft.server.log.purge.gap = 1000000 (custom)
2024-02-27 07:50:04,444 [1c7f6d53-d2e7-4bdb-b96b-e0068b2c4e41-groupManagement] INFO  server.RaftServerConfigKeys (ConfUtils.java:logGet(46)) - raft.server.log.appender.buffer.byte-limit = 8388608 (custom)
2024-02-27 07:50:04,444 [1c7f6d53-d2e7-4bdb-b96b-e0068b2c4e41-groupManagement] INFO  server.RaftServerConfigKeys (ConfUtils.java:logGet(46)) - raft.server.log.statemachine.data.read.timeout = 1000ms (default)
2024-02-27 07:50:04,444 [1c7f6d53-d2e7-4bdb-b96b-e0068b2c4e41-groupManagement] INFO  server.RaftServerConfigKeys (ConfUtils.java:logGet(46)) - raft.server.log.purge.preservation.log.num = 0 (default)
2024-02-27 07:50:04,445 [1c7f6d53-d2e7-4bdb-b96b-e0068b2c4e41-groupManagement] INFO  server.RaftServerConfigKeys (ConfUtils.java:logGet(46)) - raft.server.log.segment.size.max = 67108864 (custom)
2024-02-27 07:50:04,445 [1c7f6d53-d2e7-4bdb-b96b-e0068b2c4e41-groupManagement] INFO  server.RaftServerConfigKeys (ConfUtils.java:logGet(46)) - raft.server.log.segment.cache.num.max = 2 (custom)
2024-02-27 07:50:04,445 [1c7f6d53-d2e7-4bdb-b96b-e0068b2c4e41-groupManagement] INFO  server.RaftServerConfigKeys (ConfUtils.java:logGet(46)) - raft.server.log.segment.cache.size.max = 200MB (=209715200) (default)
2024-02-27 07:50:04,445 [1c7f6d53-d2e7-4bdb-b96b-e0068b2c4e41-groupManagement] INFO  server.RaftServerConfigKeys (ConfUtils.java:logGet(46)) - raft.server.log.appender.buffer.byte-limit = 8388608 (custom)
2024-02-27 07:50:04,445 [1c7f6d53-d2e7-4bdb-b96b-e0068b2c4e41-groupManagement] INFO  util.AwaitToRun (AwaitToRun.java:start(81)) - Thread[1c7f6d53-d2e7-4bdb-b96b-e0068b2c4e41@group-71E5127A0926-cacheEviction-AwaitToRun,5,main] started
2024-02-27 07:50:04,445 [1c7f6d53-d2e7-4bdb-b96b-e0068b2c4e41-groupManagement] INFO  segmented.SegmentedRaftLogWorker (SegmentedRaftLogWorker.java:<init>(182)) - new 1c7f6d53-d2e7-4bdb-b96b-e0068b2c4e41@group-71E5127A0926-SegmentedRaftLogWorker for RaftStorageImpl:Storage Directory /home/runner/work/ozone/ozone/hadoop-ozone/integration-test/target/test-dir/MiniOzoneClusterImpl-4c9fddb8-14cc-4d18-9561-dc95ff2af5f2/ozone-meta/datanode-3/ratis/5ee12f51-4510-4a90-8451-71e5127a0926
2024-02-27 07:50:04,445 [1c7f6d53-d2e7-4bdb-b96b-e0068b2c4e41-groupManagement] INFO  server.RaftServerConfigKeys (ConfUtils.java:logGet(46)) - raft.server.log.queue.byte-limit = 4294967296 (custom)
2024-02-27 07:50:04,445 [1c7f6d53-d2e7-4bdb-b96b-e0068b2c4e41-groupManagement] INFO  server.RaftServerConfigKeys (ConfUtils.java:logGet(46)) - raft.server.log.queue.element-limit = 1024 (custom)
2024-02-27 07:50:04,445 [1c7f6d53-d2e7-4bdb-b96b-e0068b2c4e41-groupManagement] INFO  server.RaftServerConfigKeys (ConfUtils.java:logGet(46)) - raft.server.log.segment.size.max = 67108864 (custom)
2024-02-27 07:50:04,445 [1c7f6d53-d2e7-4bdb-b96b-e0068b2c4e41-groupManagement] INFO  server.RaftServerConfigKeys (ConfUtils.java:logGet(46)) - raft.server.log.preallocated.size = 4194304 (custom)
2024-02-27 07:50:04,445 [1c7f6d53-d2e7-4bdb-b96b-e0068b2c4e41-groupManagement] INFO  server.RaftServerConfigKeys (ConfUtils.java:logGet(46)) - raft.server.log.force.sync.num = 128 (default)
2024-02-27 07:50:04,445 [1c7f6d53-d2e7-4bdb-b96b-e0068b2c4e41-groupManagement] INFO  server.RaftServerConfigKeys (ConfUtils.java:logGet(46)) - raft.server.log.statemachine.data.sync = true (default)
2024-02-27 07:50:04,445 [1c7f6d53-d2e7-4bdb-b96b-e0068b2c4e41-groupManagement] INFO  server.RaftServerConfigKeys (ConfUtils.java:logGet(46)) - raft.server.log.statemachine.data.sync.timeout = 10s (default)
2024-02-27 07:50:04,446 [1c7f6d53-d2e7-4bdb-b96b-e0068b2c4e41-groupManagement] INFO  server.RaftServerConfigKeys (ConfUtils.java:logGet(46)) - raft.server.log.statemachine.data.sync.timeout.retry = 0 (custom)
2024-02-27 07:50:04,446 [1c7f6d53-d2e7-4bdb-b96b-e0068b2c4e41-groupManagement] INFO  server.RaftServerConfigKeys (ConfUtils.java:logGet(46)) - raft.server.log.write.buffer.size = 8388616 (custom)
2024-02-27 07:50:04,447 [1c7f6d53-d2e7-4bdb-b96b-e0068b2c4e41-groupManagement] INFO  server.RaftServerConfigKeys (ConfUtils.java:logGet(46)) - raft.server.log.appender.buffer.byte-limit = 8388608 (custom)
2024-02-27 07:50:04,447 [1c7f6d53-d2e7-4bdb-b96b-e0068b2c4e41-groupManagement] INFO  server.RaftServerConfigKeys (ConfUtils.java:logGet(46)) - raft.server.log.unsafe-flush.enabled = false (default)
2024-02-27 07:50:04,447 [1c7f6d53-d2e7-4bdb-b96b-e0068b2c4e41-groupManagement] INFO  server.RaftServerConfigKeys (ConfUtils.java:logGet(46)) - raft.server.log.async-flush.enabled = false (default)
2024-02-27 07:50:04,447 [1c7f6d53-d2e7-4bdb-b96b-e0068b2c4e41-groupManagement] INFO  server.RaftServerConfigKeys (ConfUtils.java:logGet(46)) - raft.server.log.statemachine.data.caching.enabled = true (custom)
2024-02-27 07:50:04,447 [1c7f6d53-d2e7-4bdb-b96b-e0068b2c4e41-groupManagement] INFO  segmented.SegmentedRaftLogWorker (SegmentedRaftLogWorker.java:lambda$new$0(134)) - 1c7f6d53-d2e7-4bdb-b96b-e0068b2c4e41@group-71E5127A0926-SegmentedRaftLogWorker: flushIndex: setUnconditionally 0 -> -1
2024-02-27 07:50:04,447 [1c7f6d53-d2e7-4bdb-b96b-e0068b2c4e41-groupManagement] INFO  segmented.SegmentedRaftLogWorker (SegmentedRaftLogWorker.java:lambda$new$0(134)) - 1c7f6d53-d2e7-4bdb-b96b-e0068b2c4e41@group-71E5127A0926-SegmentedRaftLogWorker: safeCacheEvictIndex: setUnconditionally 0 -> -1
2024-02-27 07:50:04,447 [1c7f6d53-d2e7-4bdb-b96b-e0068b2c4e41-groupManagement] INFO  server.RaftServer$Division (RaftServerImpl.java:start(396)) - 1c7f6d53-d2e7-4bdb-b96b-e0068b2c4e41@group-71E5127A0926: start as a follower, conf=-1: peers:[1c7f6d53-d2e7-4bdb-b96b-e0068b2c4e41|10.1.0.19:15255, 7e131a2a-66d5-444e-90e8-7bf3dd0ed196|10.1.0.19:15237, fa5d0107-e57d-410d-980d-33f92c3a8e71|10.1.0.19:15246]|listeners:[], old=null
2024-02-27 07:50:04,447 [1c7f6d53-d2e7-4bdb-b96b-e0068b2c4e41-groupManagement] INFO  server.RaftServer$Division (RaftServerImpl.java:setRole(383)) - 1c7f6d53-d2e7-4bdb-b96b-e0068b2c4e41@group-71E5127A0926: changes role from      null to FOLLOWER at term 0 for startAsFollower
2024-02-27 07:50:04,447 [1c7f6d53-d2e7-4bdb-b96b-e0068b2c4e41-groupManagement] INFO  impl.RoleInfo (RoleInfo.java:updateAndGet(139)) - 1c7f6d53-d2e7-4bdb-b96b-e0068b2c4e41: start 1c7f6d53-d2e7-4bdb-b96b-e0068b2c4e41@group-71E5127A0926-FollowerState
2024-02-27 07:50:04,448 [1c7f6d53-d2e7-4bdb-b96b-e0068b2c4e41@group-71E5127A0926-FollowerState] INFO  server.RaftServerConfigKeys (ConfUtils.java:logFallback(53)) - raft.server.rpc.first-election.timeout.min = 5s (fallback to raft.server.rpc.timeout.min)
2024-02-27 07:50:04,448 [1c7f6d53-d2e7-4bdb-b96b-e0068b2c4e41-groupManagement] INFO  util.JmxRegister (JmxRegister.java:tryRegister(44)) - Successfully registered JMX Bean with object name Ratis:service=RaftServer,group=group-71E5127A0926,id=1c7f6d53-d2e7-4bdb-b96b-e0068b2c4e41
2024-02-27 07:50:04,448 [1c7f6d53-d2e7-4bdb-b96b-e0068b2c4e41@group-71E5127A0926-FollowerState] INFO  server.RaftServerConfigKeys (ConfUtils.java:logFallback(53)) - raft.server.rpc.first-election.timeout.max = 5200ms (fallback to raft.server.rpc.timeout.max)
2024-02-27 07:50:04,448 [1c7f6d53-d2e7-4bdb-b96b-e0068b2c4e41-groupManagement] INFO  server.RaftServerConfigKeys (ConfUtils.java:logGet(46)) - raft.server.snapshot.trigger-when-stop.enabled = true (default)
2024-02-27 07:50:04,448 [1c7f6d53-d2e7-4bdb-b96b-e0068b2c4e41-groupManagement] INFO  server.RaftServerConfigKeys (ConfUtils.java:logGet(46)) - raft.server.snapshot.auto.trigger.enabled = true (custom)
2024-02-27 07:50:04,448 [1c7f6d53-d2e7-4bdb-b96b-e0068b2c4e41-groupManagement] INFO  server.RaftServerConfigKeys (ConfUtils.java:logGet(46)) - raft.server.snapshot.auto.trigger.threshold = 10000 (custom)
2024-02-27 07:50:04,448 [1c7f6d53-d2e7-4bdb-b96b-e0068b2c4e41-groupManagement] INFO  server.RaftServerConfigKeys (ConfUtils.java:logGet(46)) - raft.server.snapshot.retention.file.num = 5 (custom)
2024-02-27 07:50:04,448 [1c7f6d53-d2e7-4bdb-b96b-e0068b2c4e41-groupManagement] INFO  server.RaftServerConfigKeys (ConfUtils.java:logGet(46)) - raft.server.log.purge.upto.snapshot.index = false (default)
2024-02-27 07:50:04,453 [7e131a2a-66d5-444e-90e8-7bf3dd0ed196-PipelineCommandHandlerThread-0] INFO  commandhandler.CreatePipelineCommandHandler (CreatePipelineCommandHandler.java:lambda$handle$2(124)) - Created Pipeline RATIS THREE PipelineID=5ee12f51-4510-4a90-8451-71e5127a0926.
2024-02-27 07:50:04,453 [7e131a2a-66d5-444e-90e8-7bf3dd0ed196-PipelineCommandHandlerThread-0] INFO  server.RaftServer (RaftServerProxy.java:addNew(100)) - 7e131a2a-66d5-444e-90e8-7bf3dd0ed196: addNew group-0BFB88997392:[1c7f6d53-d2e7-4bdb-b96b-e0068b2c4e41|10.1.0.19:15255, 7e131a2a-66d5-444e-90e8-7bf3dd0ed196|10.1.0.19:15237, fa5d0107-e57d-410d-980d-33f92c3a8e71|10.1.0.19:15246] returns group-0BFB88997392:java.util.concurrent.CompletableFuture@41d19daa[Not completed]
2024-02-27 07:50:04,454 [7e131a2a-66d5-444e-90e8-7bf3dd0ed196-groupManagement] INFO  server.RaftServer$Division (RaftServerImpl.java:<init>(256)) - 7e131a2a-66d5-444e-90e8-7bf3dd0ed196: new RaftServerImpl for group-0BFB88997392:[1c7f6d53-d2e7-4bdb-b96b-e0068b2c4e41|10.1.0.19:15255, 7e131a2a-66d5-444e-90e8-7bf3dd0ed196|10.1.0.19:15237, fa5d0107-e57d-410d-980d-33f92c3a8e71|10.1.0.19:15246] with ContainerStateMachine:uninitialized
2024-02-27 07:50:04,454 [7e131a2a-66d5-444e-90e8-7bf3dd0ed196-groupManagement] INFO  server.RaftServerConfigKeys (ConfUtils.java:logGet(46)) - raft.server.rpc.timeout.min = 5s (custom)
2024-02-27 07:50:04,454 [7e131a2a-66d5-444e-90e8-7bf3dd0ed196-groupManagement] INFO  server.RaftServerConfigKeys (ConfUtils.java:logGet(46)) - raft.server.rpc.timeout.max = 5200ms (custom)
2024-02-27 07:50:04,454 [7e131a2a-66d5-444e-90e8-7bf3dd0ed196-groupManagement] INFO  server.RaftServerConfigKeys (ConfUtils.java:logGet(46)) - raft.server.rpc.sleep.time = 25ms (default)
2024-02-27 07:50:04,454 [7e131a2a-66d5-444e-90e8-7bf3dd0ed196-groupManagement] INFO  server.RaftServerConfigKeys (ConfUtils.java:logGet(46)) - raft.server.rpc.slowness.timeout = 300s (custom)
2024-02-27 07:50:04,454 [7e131a2a-66d5-444e-90e8-7bf3dd0ed196-groupManagement] INFO  server.RaftServerConfigKeys (ConfUtils.java:logGet(46)) - raft.server.leaderelection.leader.step-down.wait-time = 10s (default)
2024-02-27 07:50:04,454 [7e131a2a-66d5-444e-90e8-7bf3dd0ed196-groupManagement] INFO  server.RaftServerConfigKeys (ConfUtils.java:logGet(46)) - raft.server.leaderelection.member.majority-add = false (default)
2024-02-27 07:50:04,454 [7e131a2a-66d5-444e-90e8-7bf3dd0ed196-groupManagement] INFO  server.RaftServerConfigKeys (ConfUtils.java:logGet(46)) - raft.server.sleep.deviation.threshold = 300ms (default)
2024-02-27 07:50:04,454 [7e131a2a-66d5-444e-90e8-7bf3dd0ed196-groupManagement] INFO  server.RaftServer$Division (ServerState.java:<init>(113)) - 7e131a2a-66d5-444e-90e8-7bf3dd0ed196@group-0BFB88997392: ConfigurationManager, init=-1: peers:[1c7f6d53-d2e7-4bdb-b96b-e0068b2c4e41|10.1.0.19:15255, 7e131a2a-66d5-444e-90e8-7bf3dd0ed196|10.1.0.19:15237, fa5d0107-e57d-410d-980d-33f92c3a8e71|10.1.0.19:15246]|listeners:[], old=null, confs=<EMPTY_MAP>
2024-02-27 07:50:04,455 [7e131a2a-66d5-444e-90e8-7bf3dd0ed196-groupManagement] INFO  server.RaftServerConfigKeys (ConfUtils.java:logGet(46)) - raft.server.notification.no-leader.timeout = 300s (custom)
2024-02-27 07:50:04,455 [7e131a2a-66d5-444e-90e8-7bf3dd0ed196-groupManagement] INFO  server.RaftServerConfigKeys (ConfUtils.java:logGet(46)) - raft.server.read.timeout = 10s (default)
2024-02-27 07:50:04,455 [7e131a2a-66d5-444e-90e8-7bf3dd0ed196-groupManagement] INFO  server.RaftServerConfigKeys (ConfUtils.java:logGet(46)) - raft.server.retrycache.expirytime = 600000ms (custom)
2024-02-27 07:50:04,455 [7e131a2a-66d5-444e-90e8-7bf3dd0ed196-groupManagement] INFO  server.RaftServerConfigKeys (ConfUtils.java:logGet(46)) - raft.server.retrycache.statistics.expirytime = 100ms (default)
2024-02-27 07:50:04,455 [7e131a2a-66d5-444e-90e8-7bf3dd0ed196-groupManagement] INFO  server.RaftServerConfigKeys (ConfUtils.java:logGet(46)) - raft.server.read.option = DEFAULT (default)
2024-02-27 07:50:04,455 [7e131a2a-66d5-444e-90e8-7bf3dd0ed196-groupManagement] INFO  server.RaftServerConfigKeys (ConfUtils.java:logGet(46)) - raft.server.read.read-after-write-consistent.write-index-cache.expiry-time = 60s (default)
2024-02-27 07:50:04,456 [7e131a2a-66d5-444e-90e8-7bf3dd0ed196-groupManagement] INFO  server.RaftServerConfigKeys (ConfUtils.java:logGet(46)) - raft.server.rpc.request.timeout = 60s (custom)
2024-02-27 07:50:04,456 [7e131a2a-66d5-444e-90e8-7bf3dd0ed196-groupManagement] INFO  server.RaftServerConfigKeys (ConfUtils.java:logGet(46)) - raft.server.log.appender.install.snapshot.enabled = false (custom)
2024-02-27 07:50:04,456 [7e131a2a-66d5-444e-90e8-7bf3dd0ed196-groupManagement] INFO  server.RaftServerConfigKeys (ConfUtils.java:logGet(46)) - raft.server.threadpool.server.cached = true (default)
2024-02-27 07:50:04,456 [7e131a2a-66d5-444e-90e8-7bf3dd0ed196-groupManagement] INFO  server.RaftServerConfigKeys (ConfUtils.java:logGet(46)) - raft.server.threadpool.server.size = 0 (default)
2024-02-27 07:50:04,456 [7e131a2a-66d5-444e-90e8-7bf3dd0ed196-groupManagement] INFO  server.RaftServerConfigKeys (ConfUtils.java:logGet(46)) - raft.server.threadpool.client.cached = true (default)
2024-02-27 07:50:04,456 [7e131a2a-66d5-444e-90e8-7bf3dd0ed196-groupManagement] INFO  server.RaftServerConfigKeys (ConfUtils.java:logGet(46)) - raft.server.threadpool.client.size = 0 (default)
2024-02-27 07:50:04,456 [7e131a2a-66d5-444e-90e8-7bf3dd0ed196-groupManagement] INFO  server.RaftServerConfigKeys (ConfUtils.java:logGet(46)) - raft.server.storage.free-space.min = 0MB (=0) (default)
2024-02-27 07:50:04,456 [7e131a2a-66d5-444e-90e8-7bf3dd0ed196-groupManagement] INFO  server.RaftServerConfigKeys (ConfUtils.java:logGet(46)) - raft.server.log.corruption.policy = EXCEPTION (default)
2024-02-27 07:50:04,456 [7e131a2a-66d5-444e-90e8-7bf3dd0ed196-groupManagement] INFO  server.RaftServerConfigKeys (ConfUtils.java:logGet(46)) - raft.server.storage.dir = [/home/runner/work/ozone/ozone/hadoop-ozone/integration-test/target/test-dir/MiniOzoneClusterImpl-4c9fddb8-14cc-4d18-9561-dc95ff2af5f2/ozone-meta/datanode-1/ratis] (custom)
2024-02-27 07:50:04,456 [7e131a2a-66d5-444e-90e8-7bf3dd0ed196-groupManagement] INFO  storage.RaftStorageDirectory (RaftStorageDirectoryImpl.java:analyzeStorage(138)) - The storage directory /home/runner/work/ozone/ozone/hadoop-ozone/integration-test/target/test-dir/MiniOzoneClusterImpl-4c9fddb8-14cc-4d18-9561-dc95ff2af5f2/ozone-meta/datanode-1/ratis/502095e8-c67f-44d9-af9d-0bfb88997392 does not exist. Creating ...
2024-02-27 07:50:04,457 [7e131a2a-66d5-444e-90e8-7bf3dd0ed196-groupManagement] INFO  storage.RaftStorageDirectory (RaftStorageDirectoryImpl.java:tryLock(228)) - Lock on /home/runner/work/ozone/ozone/hadoop-ozone/integration-test/target/test-dir/MiniOzoneClusterImpl-4c9fddb8-14cc-4d18-9561-dc95ff2af5f2/ozone-meta/datanode-1/ratis/502095e8-c67f-44d9-af9d-0bfb88997392/in_use.lock acquired by nodename 40924@fv-az699-61
2024-02-27 07:50:04,458 [7e131a2a-66d5-444e-90e8-7bf3dd0ed196-groupManagement] INFO  storage.RaftStorage (RaftStorageImpl.java:format(99)) - Storage directory /home/runner/work/ozone/ozone/hadoop-ozone/integration-test/target/test-dir/MiniOzoneClusterImpl-4c9fddb8-14cc-4d18-9561-dc95ff2af5f2/ozone-meta/datanode-1/ratis/502095e8-c67f-44d9-af9d-0bfb88997392 has been successfully formatted.
2024-02-27 07:50:04,458 [7e131a2a-66d5-444e-90e8-7bf3dd0ed196-groupManagement] WARN  util.FileUtils (LogUtils.java:supplyAndLog(63)) - Failed to Files.newInputStream /home/runner/work/ozone/ozone/hadoop-ozone/integration-test/target/test-dir/MiniOzoneClusterImpl-4c9fddb8-14cc-4d18-9561-dc95ff2af5f2/ozone-meta/datanode-1/ratis/502095e8-c67f-44d9-af9d-0bfb88997392/current/raft-meta.conf with options []: java.nio.file.NoSuchFileException: /home/runner/work/ozone/ozone/hadoop-ozone/integration-test/target/test-dir/MiniOzoneClusterImpl-4c9fddb8-14cc-4d18-9561-dc95ff2af5f2/ozone-meta/datanode-1/ratis/502095e8-c67f-44d9-af9d-0bfb88997392/current/raft-meta.conf
2024-02-27 07:50:04,459 [7e131a2a-66d5-444e-90e8-7bf3dd0ed196-groupManagement] INFO  ratis.ContainerStateMachine (ContainerStateMachine.java:loadSnapshot(287)) - group-0BFB88997392: The snapshot info is null. Setting the last applied index to:(t:0, i:~)
2024-02-27 07:50:04,459 [7e131a2a-66d5-444e-90e8-7bf3dd0ed196-groupManagement] INFO  server.RaftServerConfigKeys (ConfUtils.java:logGet(46)) - raft.server.log.use.memory = false (default)
2024-02-27 07:50:04,459 [7e131a2a-66d5-444e-90e8-7bf3dd0ed196-groupManagement] INFO  server.RaftServerConfigKeys (ConfUtils.java:logGet(46)) - raft.server.log.purge.gap = 1000000 (custom)
2024-02-27 07:50:04,459 [7e131a2a-66d5-444e-90e8-7bf3dd0ed196-groupManagement] INFO  server.RaftServerConfigKeys (ConfUtils.java:logGet(46)) - raft.server.log.appender.buffer.byte-limit = 8388608 (custom)
2024-02-27 07:50:04,459 [7e131a2a-66d5-444e-90e8-7bf3dd0ed196-groupManagement] INFO  server.RaftServerConfigKeys (ConfUtils.java:logGet(46)) - raft.server.log.statemachine.data.read.timeout = 1000ms (default)
2024-02-27 07:50:04,459 [7e131a2a-66d5-444e-90e8-7bf3dd0ed196-groupManagement] INFO  server.RaftServerConfigKeys (ConfUtils.java:logGet(46)) - raft.server.log.purge.preservation.log.num = 0 (default)
2024-02-27 07:50:04,459 [EventQueue-OpenPipelineForHealthyPipelineSafeModeRule] INFO  safemode.SCMSafeModeManager (HealthyPipelineSafeModeRule.java:process(140)) - SCM in safe mode. Healthy pipelines reported count is 0, required healthy pipeline reported count is 1
2024-02-27 07:50:04,460 [7e131a2a-66d5-444e-90e8-7bf3dd0ed196-groupManagement] INFO  server.RaftServerConfigKeys (ConfUtils.java:logGet(46)) - raft.server.log.segment.size.max = 67108864 (custom)
2024-02-27 07:50:04,460 [7e131a2a-66d5-444e-90e8-7bf3dd0ed196-groupManagement] INFO  server.RaftServerConfigKeys (ConfUtils.java:logGet(46)) - raft.server.log.segment.cache.num.max = 2 (custom)
2024-02-27 07:50:04,460 [7e131a2a-66d5-444e-90e8-7bf3dd0ed196-groupManagement] INFO  server.RaftServerConfigKeys (ConfUtils.java:logGet(46)) - raft.server.log.segment.cache.size.max = 200MB (=209715200) (default)
2024-02-27 07:50:04,460 [7e131a2a-66d5-444e-90e8-7bf3dd0ed196-groupManagement] INFO  server.RaftServerConfigKeys (ConfUtils.java:logGet(46)) - raft.server.log.appender.buffer.byte-limit = 8388608 (custom)
2024-02-27 07:50:04,460 [7e131a2a-66d5-444e-90e8-7bf3dd0ed196-groupManagement] INFO  util.AwaitToRun (AwaitToRun.java:start(81)) - Thread[7e131a2a-66d5-444e-90e8-7bf3dd0ed196@group-0BFB88997392-cacheEviction-AwaitToRun,5,main] started
2024-02-27 07:50:04,461 [7e131a2a-66d5-444e-90e8-7bf3dd0ed196-groupManagement] INFO  segmented.SegmentedRaftLogWorker (SegmentedRaftLogWorker.java:<init>(182)) - new 7e131a2a-66d5-444e-90e8-7bf3dd0ed196@group-0BFB88997392-SegmentedRaftLogWorker for RaftStorageImpl:Storage Directory /home/runner/work/ozone/ozone/hadoop-ozone/integration-test/target/test-dir/MiniOzoneClusterImpl-4c9fddb8-14cc-4d18-9561-dc95ff2af5f2/ozone-meta/datanode-1/ratis/502095e8-c67f-44d9-af9d-0bfb88997392
2024-02-27 07:50:04,461 [7e131a2a-66d5-444e-90e8-7bf3dd0ed196-groupManagement] INFO  server.RaftServerConfigKeys (ConfUtils.java:logGet(46)) - raft.server.log.queue.byte-limit = 4294967296 (custom)
2024-02-27 07:50:04,461 [7e131a2a-66d5-444e-90e8-7bf3dd0ed196-groupManagement] INFO  server.RaftServerConfigKeys (ConfUtils.java:logGet(46)) - raft.server.log.queue.element-limit = 1024 (custom)
2024-02-27 07:50:04,461 [7e131a2a-66d5-444e-90e8-7bf3dd0ed196-groupManagement] INFO  server.RaftServerConfigKeys (ConfUtils.java:logGet(46)) - raft.server.log.segment.size.max = 67108864 (custom)
2024-02-27 07:50:04,461 [7e131a2a-66d5-444e-90e8-7bf3dd0ed196-groupManagement] INFO  server.RaftServerConfigKeys (ConfUtils.java:logGet(46)) - raft.server.log.preallocated.size = 4194304 (custom)
2024-02-27 07:50:04,461 [7e131a2a-66d5-444e-90e8-7bf3dd0ed196-groupManagement] INFO  server.RaftServerConfigKeys (ConfUtils.java:logGet(46)) - raft.server.log.force.sync.num = 128 (default)
2024-02-27 07:50:04,461 [7e131a2a-66d5-444e-90e8-7bf3dd0ed196-groupManagement] INFO  server.RaftServerConfigKeys (ConfUtils.java:logGet(46)) - raft.server.log.statemachine.data.sync = true (default)
2024-02-27 07:50:04,461 [7e131a2a-66d5-444e-90e8-7bf3dd0ed196-groupManagement] INFO  server.RaftServerConfigKeys (ConfUtils.java:logGet(46)) - raft.server.log.statemachine.data.sync.timeout = 10s (default)
2024-02-27 07:50:04,461 [7e131a2a-66d5-444e-90e8-7bf3dd0ed196-groupManagement] INFO  server.RaftServerConfigKeys (ConfUtils.java:logGet(46)) - raft.server.log.statemachine.data.sync.timeout.retry = 0 (custom)
2024-02-27 07:50:04,461 [7e131a2a-66d5-444e-90e8-7bf3dd0ed196-groupManagement] INFO  server.RaftServerConfigKeys (ConfUtils.java:logGet(46)) - raft.server.log.write.buffer.size = 8388616 (custom)
2024-02-27 07:50:04,463 [7e131a2a-66d5-444e-90e8-7bf3dd0ed196-groupManagement] INFO  server.RaftServerConfigKeys (ConfUtils.java:logGet(46)) - raft.server.log.appender.buffer.byte-limit = 8388608 (custom)
2024-02-27 07:50:04,463 [7e131a2a-66d5-444e-90e8-7bf3dd0ed196-groupManagement] INFO  server.RaftServerConfigKeys (ConfUtils.java:logGet(46)) - raft.server.log.unsafe-flush.enabled = false (default)
2024-02-27 07:50:04,463 [7e131a2a-66d5-444e-90e8-7bf3dd0ed196-groupManagement] INFO  server.RaftServerConfigKeys (ConfUtils.java:logGet(46)) - raft.server.log.async-flush.enabled = false (default)
2024-02-27 07:50:04,463 [7e131a2a-66d5-444e-90e8-7bf3dd0ed196-groupManagement] INFO  server.RaftServerConfigKeys (ConfUtils.java:logGet(46)) - raft.server.log.statemachine.data.caching.enabled = true (custom)
2024-02-27 07:50:04,463 [7e131a2a-66d5-444e-90e8-7bf3dd0ed196-groupManagement] INFO  segmented.SegmentedRaftLogWorker (SegmentedRaftLogWorker.java:lambda$new$0(134)) - 7e131a2a-66d5-444e-90e8-7bf3dd0ed196@group-0BFB88997392-SegmentedRaftLogWorker: flushIndex: setUnconditionally 0 -> -1
2024-02-27 07:50:04,463 [7e131a2a-66d5-444e-90e8-7bf3dd0ed196-groupManagement] INFO  segmented.SegmentedRaftLogWorker (SegmentedRaftLogWorker.java:lambda$new$0(134)) - 7e131a2a-66d5-444e-90e8-7bf3dd0ed196@group-0BFB88997392-SegmentedRaftLogWorker: safeCacheEvictIndex: setUnconditionally 0 -> -1
2024-02-27 07:50:04,464 [7e131a2a-66d5-444e-90e8-7bf3dd0ed196-groupManagement] INFO  server.RaftServer$Division (RaftServerImpl.java:start(396)) - 7e131a2a-66d5-444e-90e8-7bf3dd0ed196@group-0BFB88997392: start as a follower, conf=-1: peers:[1c7f6d53-d2e7-4bdb-b96b-e0068b2c4e41|10.1.0.19:15255, 7e131a2a-66d5-444e-90e8-7bf3dd0ed196|10.1.0.19:15237, fa5d0107-e57d-410d-980d-33f92c3a8e71|10.1.0.19:15246]|listeners:[], old=null
2024-02-27 07:50:04,464 [7e131a2a-66d5-444e-90e8-7bf3dd0ed196-groupManagement] INFO  server.RaftServer$Division (RaftServerImpl.java:setRole(383)) - 7e131a2a-66d5-444e-90e8-7bf3dd0ed196@group-0BFB88997392: changes role from      null to FOLLOWER at term 0 for startAsFollower
2024-02-27 07:50:04,464 [7e131a2a-66d5-444e-90e8-7bf3dd0ed196-groupManagement] INFO  impl.RoleInfo (RoleInfo.java:updateAndGet(139)) - 7e131a2a-66d5-444e-90e8-7bf3dd0ed196: start 7e131a2a-66d5-444e-90e8-7bf3dd0ed196@group-0BFB88997392-FollowerState
2024-02-27 07:50:04,464 [7e131a2a-66d5-444e-90e8-7bf3dd0ed196@group-0BFB88997392-FollowerState] INFO  server.RaftServerConfigKeys (ConfUtils.java:logFallback(53)) - raft.server.rpc.first-election.timeout.min = 5s (fallback to raft.server.rpc.timeout.min)
2024-02-27 07:50:04,464 [7e131a2a-66d5-444e-90e8-7bf3dd0ed196-groupManagement] INFO  util.JmxRegister (JmxRegister.java:tryRegister(44)) - Successfully registered JMX Bean with object name Ratis:service=RaftServer,group=group-0BFB88997392,id=7e131a2a-66d5-444e-90e8-7bf3dd0ed196
2024-02-27 07:50:04,464 [7e131a2a-66d5-444e-90e8-7bf3dd0ed196@group-0BFB88997392-FollowerState] INFO  server.RaftServerConfigKeys (ConfUtils.java:logFallback(53)) - raft.server.rpc.first-election.timeout.max = 5200ms (fallback to raft.server.rpc.timeout.max)
2024-02-27 07:50:04,464 [7e131a2a-66d5-444e-90e8-7bf3dd0ed196-groupManagement] INFO  server.RaftServerConfigKeys (ConfUtils.java:logGet(46)) - raft.server.snapshot.trigger-when-stop.enabled = true (default)
2024-02-27 07:50:04,464 [7e131a2a-66d5-444e-90e8-7bf3dd0ed196-groupManagement] INFO  server.RaftServerConfigKeys (ConfUtils.java:logGet(46)) - raft.server.snapshot.auto.trigger.enabled = true (custom)
2024-02-27 07:50:04,464 [7e131a2a-66d5-444e-90e8-7bf3dd0ed196-groupManagement] INFO  server.RaftServerConfigKeys (ConfUtils.java:logGet(46)) - raft.server.snapshot.auto.trigger.threshold = 10000 (custom)
2024-02-27 07:50:04,464 [7e131a2a-66d5-444e-90e8-7bf3dd0ed196-groupManagement] INFO  server.RaftServerConfigKeys (ConfUtils.java:logGet(46)) - raft.server.snapshot.retention.file.num = 5 (custom)
2024-02-27 07:50:04,464 [7e131a2a-66d5-444e-90e8-7bf3dd0ed196-groupManagement] INFO  server.RaftServerConfigKeys (ConfUtils.java:logGet(46)) - raft.server.log.purge.upto.snapshot.index = false (default)
2024-02-27 07:50:04,465 [7e131a2a-66d5-444e-90e8-7bf3dd0ed196-PipelineCommandHandlerThread-0] INFO  ratis.XceiverServerRatis (XceiverServerRatis.java:addGroup(864)) - Created group PipelineID=502095e8-c67f-44d9-af9d-0bfb88997392
2024-02-27 07:50:04,470 [grpc-default-executor-3] INFO  server.RaftServer (RaftServerProxy.java:addNew(100)) - 1c7f6d53-d2e7-4bdb-b96b-e0068b2c4e41: addNew group-0BFB88997392:[1c7f6d53-d2e7-4bdb-b96b-e0068b2c4e41|10.1.0.19:15255, 7e131a2a-66d5-444e-90e8-7bf3dd0ed196|10.1.0.19:15237, fa5d0107-e57d-410d-980d-33f92c3a8e71|10.1.0.19:15246] returns group-0BFB88997392:java.util.concurrent.CompletableFuture@918c5d6[Not completed]
2024-02-27 07:50:04,471 [1c7f6d53-d2e7-4bdb-b96b-e0068b2c4e41-groupManagement] INFO  server.RaftServer$Division (RaftServerImpl.java:<init>(256)) - 1c7f6d53-d2e7-4bdb-b96b-e0068b2c4e41: new RaftServerImpl for group-0BFB88997392:[1c7f6d53-d2e7-4bdb-b96b-e0068b2c4e41|10.1.0.19:15255, 7e131a2a-66d5-444e-90e8-7bf3dd0ed196|10.1.0.19:15237, fa5d0107-e57d-410d-980d-33f92c3a8e71|10.1.0.19:15246] with ContainerStateMachine:uninitialized
2024-02-27 07:50:04,471 [1c7f6d53-d2e7-4bdb-b96b-e0068b2c4e41-groupManagement] INFO  server.RaftServerConfigKeys (ConfUtils.java:logGet(46)) - raft.server.rpc.timeout.min = 5s (custom)
2024-02-27 07:50:04,471 [1c7f6d53-d2e7-4bdb-b96b-e0068b2c4e41-groupManagement] INFO  server.RaftServerConfigKeys (ConfUtils.java:logGet(46)) - raft.server.rpc.timeout.max = 5200ms (custom)
2024-02-27 07:50:04,471 [1c7f6d53-d2e7-4bdb-b96b-e0068b2c4e41-groupManagement] INFO  server.RaftServerConfigKeys (ConfUtils.java:logGet(46)) - raft.server.rpc.sleep.time = 25ms (default)
2024-02-27 07:50:04,471 [1c7f6d53-d2e7-4bdb-b96b-e0068b2c4e41-groupManagement] INFO  server.RaftServerConfigKeys (ConfUtils.java:logGet(46)) - raft.server.rpc.slowness.timeout = 300s (custom)
2024-02-27 07:50:04,471 [1c7f6d53-d2e7-4bdb-b96b-e0068b2c4e41-groupManagement] INFO  server.RaftServerConfigKeys (ConfUtils.java:logGet(46)) - raft.server.leaderelection.leader.step-down.wait-time = 10s (default)
2024-02-27 07:50:04,471 [1c7f6d53-d2e7-4bdb-b96b-e0068b2c4e41-groupManagement] INFO  server.RaftServerConfigKeys (ConfUtils.java:logGet(46)) - raft.server.leaderelection.member.majority-add = false (default)
2024-02-27 07:50:04,471 [1c7f6d53-d2e7-4bdb-b96b-e0068b2c4e41-groupManagement] INFO  server.RaftServerConfigKeys (ConfUtils.java:logGet(46)) - raft.server.sleep.deviation.threshold = 300ms (default)
2024-02-27 07:50:04,471 [1c7f6d53-d2e7-4bdb-b96b-e0068b2c4e41-groupManagement] INFO  server.RaftServer$Division (ServerState.java:<init>(113)) - 1c7f6d53-d2e7-4bdb-b96b-e0068b2c4e41@group-0BFB88997392: ConfigurationManager, init=-1: peers:[1c7f6d53-d2e7-4bdb-b96b-e0068b2c4e41|10.1.0.19:15255, 7e131a2a-66d5-444e-90e8-7bf3dd0ed196|10.1.0.19:15237, fa5d0107-e57d-410d-980d-33f92c3a8e71|10.1.0.19:15246]|listeners:[], old=null, confs=<EMPTY_MAP>
2024-02-27 07:50:04,471 [1c7f6d53-d2e7-4bdb-b96b-e0068b2c4e41-groupManagement] INFO  server.RaftServerConfigKeys (ConfUtils.java:logGet(46)) - raft.server.notification.no-leader.timeout = 300s (custom)
2024-02-27 07:50:04,471 [1c7f6d53-d2e7-4bdb-b96b-e0068b2c4e41-groupManagement] INFO  server.RaftServerConfigKeys (ConfUtils.java:logGet(46)) - raft.server.read.timeout = 10s (default)
2024-02-27 07:50:04,471 [1c7f6d53-d2e7-4bdb-b96b-e0068b2c4e41-groupManagement] INFO  server.RaftServerConfigKeys (ConfUtils.java:logGet(46)) - raft.server.retrycache.expirytime = 600000ms (custom)
2024-02-27 07:50:04,471 [1c7f6d53-d2e7-4bdb-b96b-e0068b2c4e41-groupManagement] INFO  server.RaftServerConfigKeys (ConfUtils.java:logGet(46)) - raft.server.retrycache.statistics.expirytime = 100ms (default)
2024-02-27 07:50:04,472 [1c7f6d53-d2e7-4bdb-b96b-e0068b2c4e41-groupManagement] INFO  server.RaftServerConfigKeys (ConfUtils.java:logGet(46)) - raft.server.read.option = DEFAULT (default)
2024-02-27 07:50:04,472 [1c7f6d53-d2e7-4bdb-b96b-e0068b2c4e41-groupManagement] INFO  server.RaftServerConfigKeys (ConfUtils.java:logGet(46)) - raft.server.read.read-after-write-consistent.write-index-cache.expiry-time = 60s (default)
2024-02-27 07:50:04,473 [1c7f6d53-d2e7-4bdb-b96b-e0068b2c4e41-groupManagement] INFO  server.RaftServerConfigKeys (ConfUtils.java:logGet(46)) - raft.server.rpc.request.timeout = 60s (custom)
2024-02-27 07:50:04,473 [1c7f6d53-d2e7-4bdb-b96b-e0068b2c4e41-groupManagement] INFO  server.RaftServerConfigKeys (ConfUtils.java:logGet(46)) - raft.server.log.appender.install.snapshot.enabled = false (custom)
2024-02-27 07:50:04,473 [1c7f6d53-d2e7-4bdb-b96b-e0068b2c4e41-groupManagement] INFO  server.RaftServerConfigKeys (ConfUtils.java:logGet(46)) - raft.server.threadpool.server.cached = true (default)
2024-02-27 07:50:04,473 [1c7f6d53-d2e7-4bdb-b96b-e0068b2c4e41-groupManagement] INFO  server.RaftServerConfigKeys (ConfUtils.java:logGet(46)) - raft.server.threadpool.server.size = 0 (default)
2024-02-27 07:50:04,473 [1c7f6d53-d2e7-4bdb-b96b-e0068b2c4e41-groupManagement] INFO  server.RaftServerConfigKeys (ConfUtils.java:logGet(46)) - raft.server.threadpool.client.cached = true (default)
2024-02-27 07:50:04,473 [1c7f6d53-d2e7-4bdb-b96b-e0068b2c4e41-groupManagement] INFO  server.RaftServerConfigKeys (ConfUtils.java:logGet(46)) - raft.server.threadpool.client.size = 0 (default)
2024-02-27 07:50:04,473 [1c7f6d53-d2e7-4bdb-b96b-e0068b2c4e41-groupManagement] INFO  server.RaftServerConfigKeys (ConfUtils.java:logGet(46)) - raft.server.storage.free-space.min = 0MB (=0) (default)
2024-02-27 07:50:04,473 [1c7f6d53-d2e7-4bdb-b96b-e0068b2c4e41-groupManagement] INFO  server.RaftServerConfigKeys (ConfUtils.java:logGet(46)) - raft.server.log.corruption.policy = EXCEPTION (default)
2024-02-27 07:50:04,473 [1c7f6d53-d2e7-4bdb-b96b-e0068b2c4e41-groupManagement] INFO  server.RaftServerConfigKeys (ConfUtils.java:logGet(46)) - raft.server.storage.dir = [/home/runner/work/ozone/ozone/hadoop-ozone/integration-test/target/test-dir/MiniOzoneClusterImpl-4c9fddb8-14cc-4d18-9561-dc95ff2af5f2/ozone-meta/datanode-3/ratis] (custom)
2024-02-27 07:50:04,473 [1c7f6d53-d2e7-4bdb-b96b-e0068b2c4e41-groupManagement] INFO  storage.RaftStorageDirectory (RaftStorageDirectoryImpl.java:analyzeStorage(138)) - The storage directory /home/runner/work/ozone/ozone/hadoop-ozone/integration-test/target/test-dir/MiniOzoneClusterImpl-4c9fddb8-14cc-4d18-9561-dc95ff2af5f2/ozone-meta/datanode-3/ratis/502095e8-c67f-44d9-af9d-0bfb88997392 does not exist. Creating ...
2024-02-27 07:50:04,475 [1c7f6d53-d2e7-4bdb-b96b-e0068b2c4e41-groupManagement] INFO  storage.RaftStorageDirectory (RaftStorageDirectoryImpl.java:tryLock(228)) - Lock on /home/runner/work/ozone/ozone/hadoop-ozone/integration-test/target/test-dir/MiniOzoneClusterImpl-4c9fddb8-14cc-4d18-9561-dc95ff2af5f2/ozone-meta/datanode-3/ratis/502095e8-c67f-44d9-af9d-0bfb88997392/in_use.lock acquired by nodename 40924@fv-az699-61
2024-02-27 07:50:04,476 [1c7f6d53-d2e7-4bdb-b96b-e0068b2c4e41-groupManagement] INFO  storage.RaftStorage (RaftStorageImpl.java:format(99)) - Storage directory /home/runner/work/ozone/ozone/hadoop-ozone/integration-test/target/test-dir/MiniOzoneClusterImpl-4c9fddb8-14cc-4d18-9561-dc95ff2af5f2/ozone-meta/datanode-3/ratis/502095e8-c67f-44d9-af9d-0bfb88997392 has been successfully formatted.
2024-02-27 07:50:04,476 [1c7f6d53-d2e7-4bdb-b96b-e0068b2c4e41-groupManagement] WARN  util.FileUtils (LogUtils.java:supplyAndLog(63)) - Failed to Files.newInputStream /home/runner/work/ozone/ozone/hadoop-ozone/integration-test/target/test-dir/MiniOzoneClusterImpl-4c9fddb8-14cc-4d18-9561-dc95ff2af5f2/ozone-meta/datanode-3/ratis/502095e8-c67f-44d9-af9d-0bfb88997392/current/raft-meta.conf with options []: java.nio.file.NoSuchFileException: /home/runner/work/ozone/ozone/hadoop-ozone/integration-test/target/test-dir/MiniOzoneClusterImpl-4c9fddb8-14cc-4d18-9561-dc95ff2af5f2/ozone-meta/datanode-3/ratis/502095e8-c67f-44d9-af9d-0bfb88997392/current/raft-meta.conf
2024-02-27 07:50:04,476 [1c7f6d53-d2e7-4bdb-b96b-e0068b2c4e41-groupManagement] INFO  ratis.ContainerStateMachine (ContainerStateMachine.java:loadSnapshot(287)) - group-0BFB88997392: The snapshot info is null. Setting the last applied index to:(t:0, i:~)
2024-02-27 07:50:04,476 [1c7f6d53-d2e7-4bdb-b96b-e0068b2c4e41-groupManagement] INFO  server.RaftServerConfigKeys (ConfUtils.java:logGet(46)) - raft.server.log.use.memory = false (default)
2024-02-27 07:50:04,477 [1c7f6d53-d2e7-4bdb-b96b-e0068b2c4e41-groupManagement] INFO  server.RaftServerConfigKeys (ConfUtils.java:logGet(46)) - raft.server.log.purge.gap = 1000000 (custom)
2024-02-27 07:50:04,477 [1c7f6d53-d2e7-4bdb-b96b-e0068b2c4e41-groupManagement] INFO  server.RaftServerConfigKeys (ConfUtils.java:logGet(46)) - raft.server.log.appender.buffer.byte-limit = 8388608 (custom)
2024-02-27 07:50:04,477 [1c7f6d53-d2e7-4bdb-b96b-e0068b2c4e41-groupManagement] INFO  server.RaftServerConfigKeys (ConfUtils.java:logGet(46)) - raft.server.log.statemachine.data.read.timeout = 1000ms (default)
2024-02-27 07:50:04,477 [1c7f6d53-d2e7-4bdb-b96b-e0068b2c4e41-groupManagement] INFO  server.RaftServerConfigKeys (ConfUtils.java:logGet(46)) - raft.server.log.purge.preservation.log.num = 0 (default)
2024-02-27 07:50:04,478 [1c7f6d53-d2e7-4bdb-b96b-e0068b2c4e41-groupManagement] INFO  server.RaftServerConfigKeys (ConfUtils.java:logGet(46)) - raft.server.log.segment.size.max = 67108864 (custom)
2024-02-27 07:50:04,478 [1c7f6d53-d2e7-4bdb-b96b-e0068b2c4e41-groupManagement] INFO  server.RaftServerConfigKeys (ConfUtils.java:logGet(46)) - raft.server.log.segment.cache.num.max = 2 (custom)
2024-02-27 07:50:04,478 [1c7f6d53-d2e7-4bdb-b96b-e0068b2c4e41-groupManagement] INFO  server.RaftServerConfigKeys (ConfUtils.java:logGet(46)) - raft.server.log.segment.cache.size.max = 200MB (=209715200) (default)
2024-02-27 07:50:04,478 [1c7f6d53-d2e7-4bdb-b96b-e0068b2c4e41-groupManagement] INFO  server.RaftServerConfigKeys (ConfUtils.java:logGet(46)) - raft.server.log.appender.buffer.byte-limit = 8388608 (custom)
2024-02-27 07:50:04,478 [1c7f6d53-d2e7-4bdb-b96b-e0068b2c4e41-groupManagement] INFO  util.AwaitToRun (AwaitToRun.java:start(81)) - Thread[1c7f6d53-d2e7-4bdb-b96b-e0068b2c4e41@group-0BFB88997392-cacheEviction-AwaitToRun,5,main] started
2024-02-27 07:50:04,478 [1c7f6d53-d2e7-4bdb-b96b-e0068b2c4e41-groupManagement] INFO  segmented.SegmentedRaftLogWorker (SegmentedRaftLogWorker.java:<init>(182)) - new 1c7f6d53-d2e7-4bdb-b96b-e0068b2c4e41@group-0BFB88997392-SegmentedRaftLogWorker for RaftStorageImpl:Storage Directory /home/runner/work/ozone/ozone/hadoop-ozone/integration-test/target/test-dir/MiniOzoneClusterImpl-4c9fddb8-14cc-4d18-9561-dc95ff2af5f2/ozone-meta/datanode-3/ratis/502095e8-c67f-44d9-af9d-0bfb88997392
2024-02-27 07:50:04,478 [1c7f6d53-d2e7-4bdb-b96b-e0068b2c4e41-groupManagement] INFO  server.RaftServerConfigKeys (ConfUtils.java:logGet(46)) - raft.server.log.queue.byte-limit = 4294967296 (custom)
2024-02-27 07:50:04,478 [1c7f6d53-d2e7-4bdb-b96b-e0068b2c4e41-groupManagement] INFO  server.RaftServerConfigKeys (ConfUtils.java:logGet(46)) - raft.server.log.queue.element-limit = 1024 (custom)
2024-02-27 07:50:04,478 [1c7f6d53-d2e7-4bdb-b96b-e0068b2c4e41-groupManagement] INFO  server.RaftServerConfigKeys (ConfUtils.java:logGet(46)) - raft.server.log.segment.size.max = 67108864 (custom)
2024-02-27 07:50:04,478 [1c7f6d53-d2e7-4bdb-b96b-e0068b2c4e41-groupManagement] INFO  server.RaftServerConfigKeys (ConfUtils.java:logGet(46)) - raft.server.log.preallocated.size = 4194304 (custom)
2024-02-27 07:50:04,478 [1c7f6d53-d2e7-4bdb-b96b-e0068b2c4e41-groupManagement] INFO  server.RaftServerConfigKeys (ConfUtils.java:logGet(46)) - raft.server.log.force.sync.num = 128 (default)
2024-02-27 07:50:04,478 [1c7f6d53-d2e7-4bdb-b96b-e0068b2c4e41-groupManagement] INFO  server.RaftServerConfigKeys (ConfUtils.java:logGet(46)) - raft.server.log.statemachine.data.sync = true (default)
2024-02-27 07:50:04,479 [1c7f6d53-d2e7-4bdb-b96b-e0068b2c4e41-groupManagement] INFO  server.RaftServerConfigKeys (ConfUtils.java:logGet(46)) - raft.server.log.statemachine.data.sync.timeout = 10s (default)
2024-02-27 07:50:04,479 [1c7f6d53-d2e7-4bdb-b96b-e0068b2c4e41-groupManagement] INFO  server.RaftServerConfigKeys (ConfUtils.java:logGet(46)) - raft.server.log.statemachine.data.sync.timeout.retry = 0 (custom)
2024-02-27 07:50:04,479 [1c7f6d53-d2e7-4bdb-b96b-e0068b2c4e41-groupManagement] INFO  server.RaftServerConfigKeys (ConfUtils.java:logGet(46)) - raft.server.log.write.buffer.size = 8388616 (custom)
2024-02-27 07:50:04,480 [1c7f6d53-d2e7-4bdb-b96b-e0068b2c4e41-groupManagement] INFO  server.RaftServerConfigKeys (ConfUtils.java:logGet(46)) - raft.server.log.appender.buffer.byte-limit = 8388608 (custom)
2024-02-27 07:50:04,480 [1c7f6d53-d2e7-4bdb-b96b-e0068b2c4e41-groupManagement] INFO  server.RaftServerConfigKeys (ConfUtils.java:logGet(46)) - raft.server.log.unsafe-flush.enabled = false (default)
2024-02-27 07:50:04,480 [1c7f6d53-d2e7-4bdb-b96b-e0068b2c4e41-groupManagement] INFO  server.RaftServerConfigKeys (ConfUtils.java:logGet(46)) - raft.server.log.async-flush.enabled = false (default)
2024-02-27 07:50:04,480 [1c7f6d53-d2e7-4bdb-b96b-e0068b2c4e41-groupManagement] INFO  server.RaftServerConfigKeys (ConfUtils.java:logGet(46)) - raft.server.log.statemachine.data.caching.enabled = true (custom)
2024-02-27 07:50:04,480 [1c7f6d53-d2e7-4bdb-b96b-e0068b2c4e41-groupManagement] INFO  segmented.SegmentedRaftLogWorker (SegmentedRaftLogWorker.java:lambda$new$0(134)) - 1c7f6d53-d2e7-4bdb-b96b-e0068b2c4e41@group-0BFB88997392-SegmentedRaftLogWorker: flushIndex: setUnconditionally 0 -> -1
2024-02-27 07:50:04,480 [1c7f6d53-d2e7-4bdb-b96b-e0068b2c4e41-groupManagement] INFO  segmented.SegmentedRaftLogWorker (SegmentedRaftLogWorker.java:lambda$new$0(134)) - 1c7f6d53-d2e7-4bdb-b96b-e0068b2c4e41@group-0BFB88997392-SegmentedRaftLogWorker: safeCacheEvictIndex: setUnconditionally 0 -> -1
2024-02-27 07:50:04,481 [1c7f6d53-d2e7-4bdb-b96b-e0068b2c4e41-groupManagement] INFO  server.RaftServer$Division (RaftServerImpl.java:start(396)) - 1c7f6d53-d2e7-4bdb-b96b-e0068b2c4e41@group-0BFB88997392: start as a follower, conf=-1: peers:[1c7f6d53-d2e7-4bdb-b96b-e0068b2c4e41|10.1.0.19:15255, 7e131a2a-66d5-444e-90e8-7bf3dd0ed196|10.1.0.19:15237, fa5d0107-e57d-410d-980d-33f92c3a8e71|10.1.0.19:15246]|listeners:[], old=null
2024-02-27 07:50:04,481 [1c7f6d53-d2e7-4bdb-b96b-e0068b2c4e41-groupManagement] INFO  server.RaftServer$Division (RaftServerImpl.java:setRole(383)) - 1c7f6d53-d2e7-4bdb-b96b-e0068b2c4e41@group-0BFB88997392: changes role from      null to FOLLOWER at term 0 for startAsFollower
2024-02-27 07:50:04,481 [1c7f6d53-d2e7-4bdb-b96b-e0068b2c4e41-groupManagement] INFO  impl.RoleInfo (RoleInfo.java:updateAndGet(139)) - 1c7f6d53-d2e7-4bdb-b96b-e0068b2c4e41: start 1c7f6d53-d2e7-4bdb-b96b-e0068b2c4e41@group-0BFB88997392-FollowerState
2024-02-27 07:50:04,481 [1c7f6d53-d2e7-4bdb-b96b-e0068b2c4e41-groupManagement] INFO  util.JmxRegister (JmxRegister.java:tryRegister(44)) - Successfully registered JMX Bean with object name Ratis:service=RaftServer,group=group-0BFB88997392,id=1c7f6d53-d2e7-4bdb-b96b-e0068b2c4e41
2024-02-27 07:50:04,481 [1c7f6d53-d2e7-4bdb-b96b-e0068b2c4e41@group-0BFB88997392-FollowerState] INFO  server.RaftServerConfigKeys (ConfUtils.java:logFallback(53)) - raft.server.rpc.first-election.timeout.min = 5s (fallback to raft.server.rpc.timeout.min)
2024-02-27 07:50:04,481 [1c7f6d53-d2e7-4bdb-b96b-e0068b2c4e41-groupManagement] INFO  server.RaftServerConfigKeys (ConfUtils.java:logGet(46)) - raft.server.snapshot.trigger-when-stop.enabled = true (default)
2024-02-27 07:50:04,481 [1c7f6d53-d2e7-4bdb-b96b-e0068b2c4e41@group-0BFB88997392-FollowerState] INFO  server.RaftServerConfigKeys (ConfUtils.java:logFallback(53)) - raft.server.rpc.first-election.timeout.max = 5200ms (fallback to raft.server.rpc.timeout.max)
2024-02-27 07:50:04,481 [1c7f6d53-d2e7-4bdb-b96b-e0068b2c4e41-groupManagement] INFO  server.RaftServerConfigKeys (ConfUtils.java:logGet(46)) - raft.server.snapshot.auto.trigger.enabled = true (custom)
2024-02-27 07:50:04,481 [1c7f6d53-d2e7-4bdb-b96b-e0068b2c4e41-groupManagement] INFO  server.RaftServerConfigKeys (ConfUtils.java:logGet(46)) - raft.server.snapshot.auto.trigger.threshold = 10000 (custom)
2024-02-27 07:50:04,481 [1c7f6d53-d2e7-4bdb-b96b-e0068b2c4e41-groupManagement] INFO  server.RaftServerConfigKeys (ConfUtils.java:logGet(46)) - raft.server.snapshot.retention.file.num = 5 (custom)
2024-02-27 07:50:04,481 [1c7f6d53-d2e7-4bdb-b96b-e0068b2c4e41-groupManagement] INFO  server.RaftServerConfigKeys (ConfUtils.java:logGet(46)) - raft.server.log.purge.upto.snapshot.index = false (default)
2024-02-27 07:50:04,491 [grpc-default-executor-3] INFO  server.RaftServer (RaftServerProxy.java:addNew(100)) - fa5d0107-e57d-410d-980d-33f92c3a8e71: addNew group-0BFB88997392:[1c7f6d53-d2e7-4bdb-b96b-e0068b2c4e41|10.1.0.19:15255, 7e131a2a-66d5-444e-90e8-7bf3dd0ed196|10.1.0.19:15237, fa5d0107-e57d-410d-980d-33f92c3a8e71|10.1.0.19:15246] returns group-0BFB88997392:java.util.concurrent.CompletableFuture@2247729a[Not completed]
2024-02-27 07:50:04,492 [fa5d0107-e57d-410d-980d-33f92c3a8e71-groupManagement] INFO  server.RaftServer$Division (RaftServerImpl.java:<init>(256)) - fa5d0107-e57d-410d-980d-33f92c3a8e71: new RaftServerImpl for group-0BFB88997392:[1c7f6d53-d2e7-4bdb-b96b-e0068b2c4e41|10.1.0.19:15255, 7e131a2a-66d5-444e-90e8-7bf3dd0ed196|10.1.0.19:15237, fa5d0107-e57d-410d-980d-33f92c3a8e71|10.1.0.19:15246] with ContainerStateMachine:uninitialized
2024-02-27 07:50:04,492 [fa5d0107-e57d-410d-980d-33f92c3a8e71-groupManagement] INFO  server.RaftServerConfigKeys (ConfUtils.java:logGet(46)) - raft.server.rpc.timeout.min = 5s (custom)
2024-02-27 07:50:04,492 [fa5d0107-e57d-410d-980d-33f92c3a8e71-groupManagement] INFO  server.RaftServerConfigKeys (ConfUtils.java:logGet(46)) - raft.server.rpc.timeout.max = 5200ms (custom)
2024-02-27 07:50:04,492 [fa5d0107-e57d-410d-980d-33f92c3a8e71-groupManagement] INFO  server.RaftServerConfigKeys (ConfUtils.java:logGet(46)) - raft.server.rpc.sleep.time = 25ms (default)
2024-02-27 07:50:04,492 [fa5d0107-e57d-410d-980d-33f92c3a8e71-groupManagement] INFO  server.RaftServerConfigKeys (ConfUtils.java:logGet(46)) - raft.server.rpc.slowness.timeout = 300s (custom)
2024-02-27 07:50:04,492 [fa5d0107-e57d-410d-980d-33f92c3a8e71-groupManagement] INFO  server.RaftServerConfigKeys (ConfUtils.java:logGet(46)) - raft.server.leaderelection.leader.step-down.wait-time = 10s (default)
2024-02-27 07:50:04,492 [fa5d0107-e57d-410d-980d-33f92c3a8e71-groupManagement] INFO  server.RaftServerConfigKeys (ConfUtils.java:logGet(46)) - raft.server.leaderelection.member.majority-add = false (default)
2024-02-27 07:50:04,492 [fa5d0107-e57d-410d-980d-33f92c3a8e71-groupManagement] INFO  server.RaftServerConfigKeys (ConfUtils.java:logGet(46)) - raft.server.sleep.deviation.threshold = 300ms (default)
2024-02-27 07:50:04,492 [fa5d0107-e57d-410d-980d-33f92c3a8e71-groupManagement] INFO  server.RaftServer$Division (ServerState.java:<init>(113)) - fa5d0107-e57d-410d-980d-33f92c3a8e71@group-0BFB88997392: ConfigurationManager, init=-1: peers:[1c7f6d53-d2e7-4bdb-b96b-e0068b2c4e41|10.1.0.19:15255, 7e131a2a-66d5-444e-90e8-7bf3dd0ed196|10.1.0.19:15237, fa5d0107-e57d-410d-980d-33f92c3a8e71|10.1.0.19:15246]|listeners:[], old=null, confs=<EMPTY_MAP>
2024-02-27 07:50:04,492 [fa5d0107-e57d-410d-980d-33f92c3a8e71-groupManagement] INFO  server.RaftServerConfigKeys (ConfUtils.java:logGet(46)) - raft.server.notification.no-leader.timeout = 300s (custom)
2024-02-27 07:50:04,492 [fa5d0107-e57d-410d-980d-33f92c3a8e71-groupManagement] INFO  server.RaftServerConfigKeys (ConfUtils.java:logGet(46)) - raft.server.read.timeout = 10s (default)
2024-02-27 07:50:04,492 [fa5d0107-e57d-410d-980d-33f92c3a8e71-groupManagement] INFO  server.RaftServerConfigKeys (ConfUtils.java:logGet(46)) - raft.server.retrycache.expirytime = 600000ms (custom)
2024-02-27 07:50:04,492 [fa5d0107-e57d-410d-980d-33f92c3a8e71-groupManagement] INFO  server.RaftServerConfigKeys (ConfUtils.java:logGet(46)) - raft.server.retrycache.statistics.expirytime = 100ms (default)
2024-02-27 07:50:04,492 [fa5d0107-e57d-410d-980d-33f92c3a8e71-groupManagement] INFO  server.RaftServerConfigKeys (ConfUtils.java:logGet(46)) - raft.server.read.option = DEFAULT (default)
2024-02-27 07:50:04,492 [fa5d0107-e57d-410d-980d-33f92c3a8e71-groupManagement] INFO  server.RaftServerConfigKeys (ConfUtils.java:logGet(46)) - raft.server.read.read-after-write-consistent.write-index-cache.expiry-time = 60s (default)
2024-02-27 07:50:04,493 [fa5d0107-e57d-410d-980d-33f92c3a8e71-groupManagement] INFO  server.RaftServerConfigKeys (ConfUtils.java:logGet(46)) - raft.server.rpc.request.timeout = 60s (custom)
2024-02-27 07:50:04,493 [fa5d0107-e57d-410d-980d-33f92c3a8e71-groupManagement] INFO  server.RaftServerConfigKeys (ConfUtils.java:logGet(46)) - raft.server.log.appender.install.snapshot.enabled = false (custom)
2024-02-27 07:50:04,493 [fa5d0107-e57d-410d-980d-33f92c3a8e71-groupManagement] INFO  server.RaftServerConfigKeys (ConfUtils.java:logGet(46)) - raft.server.threadpool.server.cached = true (default)
2024-02-27 07:50:04,493 [fa5d0107-e57d-410d-980d-33f92c3a8e71-groupManagement] INFO  server.RaftServerConfigKeys (ConfUtils.java:logGet(46)) - raft.server.threadpool.server.size = 0 (default)
2024-02-27 07:50:04,494 [fa5d0107-e57d-410d-980d-33f92c3a8e71-groupManagement] INFO  server.RaftServerConfigKeys (ConfUtils.java:logGet(46)) - raft.server.threadpool.client.cached = true (default)
2024-02-27 07:50:04,494 [fa5d0107-e57d-410d-980d-33f92c3a8e71-groupManagement] INFO  server.RaftServerConfigKeys (ConfUtils.java:logGet(46)) - raft.server.threadpool.client.size = 0 (default)
2024-02-27 07:50:04,494 [fa5d0107-e57d-410d-980d-33f92c3a8e71-groupManagement] INFO  server.RaftServerConfigKeys (ConfUtils.java:logGet(46)) - raft.server.storage.free-space.min = 0MB (=0) (default)
2024-02-27 07:50:04,494 [fa5d0107-e57d-410d-980d-33f92c3a8e71-groupManagement] INFO  server.RaftServerConfigKeys (ConfUtils.java:logGet(46)) - raft.server.log.corruption.policy = EXCEPTION (default)
2024-02-27 07:50:04,494 [fa5d0107-e57d-410d-980d-33f92c3a8e71-groupManagement] INFO  server.RaftServerConfigKeys (ConfUtils.java:logGet(46)) - raft.server.storage.dir = [/home/runner/work/ozone/ozone/hadoop-ozone/integration-test/target/test-dir/MiniOzoneClusterImpl-4c9fddb8-14cc-4d18-9561-dc95ff2af5f2/ozone-meta/datanode-2/ratis] (custom)
2024-02-27 07:50:04,494 [fa5d0107-e57d-410d-980d-33f92c3a8e71-groupManagement] INFO  storage.RaftStorageDirectory (RaftStorageDirectoryImpl.java:analyzeStorage(138)) - The storage directory /home/runner/work/ozone/ozone/hadoop-ozone/integration-test/target/test-dir/MiniOzoneClusterImpl-4c9fddb8-14cc-4d18-9561-dc95ff2af5f2/ozone-meta/datanode-2/ratis/502095e8-c67f-44d9-af9d-0bfb88997392 does not exist. Creating ...
2024-02-27 07:50:04,495 [fa5d0107-e57d-410d-980d-33f92c3a8e71-groupManagement] INFO  storage.RaftStorageDirectory (RaftStorageDirectoryImpl.java:tryLock(228)) - Lock on /home/runner/work/ozone/ozone/hadoop-ozone/integration-test/target/test-dir/MiniOzoneClusterImpl-4c9fddb8-14cc-4d18-9561-dc95ff2af5f2/ozone-meta/datanode-2/ratis/502095e8-c67f-44d9-af9d-0bfb88997392/in_use.lock acquired by nodename 40924@fv-az699-61
2024-02-27 07:50:04,496 [fa5d0107-e57d-410d-980d-33f92c3a8e71-groupManagement] INFO  storage.RaftStorage (RaftStorageImpl.java:format(99)) - Storage directory /home/runner/work/ozone/ozone/hadoop-ozone/integration-test/target/test-dir/MiniOzoneClusterImpl-4c9fddb8-14cc-4d18-9561-dc95ff2af5f2/ozone-meta/datanode-2/ratis/502095e8-c67f-44d9-af9d-0bfb88997392 has been successfully formatted.
2024-02-27 07:50:04,496 [fa5d0107-e57d-410d-980d-33f92c3a8e71-groupManagement] WARN  util.FileUtils (LogUtils.java:supplyAndLog(63)) - Failed to Files.newInputStream /home/runner/work/ozone/ozone/hadoop-ozone/integration-test/target/test-dir/MiniOzoneClusterImpl-4c9fddb8-14cc-4d18-9561-dc95ff2af5f2/ozone-meta/datanode-2/ratis/502095e8-c67f-44d9-af9d-0bfb88997392/current/raft-meta.conf with options []: java.nio.file.NoSuchFileException: /home/runner/work/ozone/ozone/hadoop-ozone/integration-test/target/test-dir/MiniOzoneClusterImpl-4c9fddb8-14cc-4d18-9561-dc95ff2af5f2/ozone-meta/datanode-2/ratis/502095e8-c67f-44d9-af9d-0bfb88997392/current/raft-meta.conf
2024-02-27 07:50:04,496 [fa5d0107-e57d-410d-980d-33f92c3a8e71-groupManagement] INFO  ratis.ContainerStateMachine (ContainerStateMachine.java:loadSnapshot(287)) - group-0BFB88997392: The snapshot info is null. Setting the last applied index to:(t:0, i:~)
2024-02-27 07:50:04,496 [fa5d0107-e57d-410d-980d-33f92c3a8e71-groupManagement] INFO  server.RaftServerConfigKeys (ConfUtils.java:logGet(46)) - raft.server.log.use.memory = false (default)
2024-02-27 07:50:04,497 [fa5d0107-e57d-410d-980d-33f92c3a8e71-groupManagement] INFO  server.RaftServerConfigKeys (ConfUtils.java:logGet(46)) - raft.server.log.purge.gap = 1000000 (custom)
2024-02-27 07:50:04,497 [fa5d0107-e57d-410d-980d-33f92c3a8e71-groupManagement] INFO  server.RaftServerConfigKeys (ConfUtils.java:logGet(46)) - raft.server.log.appender.buffer.byte-limit = 8388608 (custom)
2024-02-27 07:50:04,497 [fa5d0107-e57d-410d-980d-33f92c3a8e71-groupManagement] INFO  server.RaftServerConfigKeys (ConfUtils.java:logGet(46)) - raft.server.log.statemachine.data.read.timeout = 1000ms (default)
2024-02-27 07:50:04,497 [fa5d0107-e57d-410d-980d-33f92c3a8e71-groupManagement] INFO  server.RaftServerConfigKeys (ConfUtils.java:logGet(46)) - raft.server.log.purge.preservation.log.num = 0 (default)
2024-02-27 07:50:04,498 [fa5d0107-e57d-410d-980d-33f92c3a8e71-groupManagement] INFO  server.RaftServerConfigKeys (ConfUtils.java:logGet(46)) - raft.server.log.segment.size.max = 67108864 (custom)
2024-02-27 07:50:04,498 [fa5d0107-e57d-410d-980d-33f92c3a8e71-groupManagement] INFO  server.RaftServerConfigKeys (ConfUtils.java:logGet(46)) - raft.server.log.segment.cache.num.max = 2 (custom)
2024-02-27 07:50:04,498 [fa5d0107-e57d-410d-980d-33f92c3a8e71-groupManagement] INFO  server.RaftServerConfigKeys (ConfUtils.java:logGet(46)) - raft.server.log.segment.cache.size.max = 200MB (=209715200) (default)
2024-02-27 07:50:04,498 [fa5d0107-e57d-410d-980d-33f92c3a8e71-groupManagement] INFO  server.RaftServerConfigKeys (ConfUtils.java:logGet(46)) - raft.server.log.appender.buffer.byte-limit = 8388608 (custom)
2024-02-27 07:50:04,498 [fa5d0107-e57d-410d-980d-33f92c3a8e71-groupManagement] INFO  util.AwaitToRun (AwaitToRun.java:start(81)) - Thread[fa5d0107-e57d-410d-980d-33f92c3a8e71@group-0BFB88997392-cacheEviction-AwaitToRun,5,main] started
2024-02-27 07:50:04,498 [fa5d0107-e57d-410d-980d-33f92c3a8e71-groupManagement] INFO  segmented.SegmentedRaftLogWorker (SegmentedRaftLogWorker.java:<init>(182)) - new fa5d0107-e57d-410d-980d-33f92c3a8e71@group-0BFB88997392-SegmentedRaftLogWorker for RaftStorageImpl:Storage Directory /home/runner/work/ozone/ozone/hadoop-ozone/integration-test/target/test-dir/MiniOzoneClusterImpl-4c9fddb8-14cc-4d18-9561-dc95ff2af5f2/ozone-meta/datanode-2/ratis/502095e8-c67f-44d9-af9d-0bfb88997392
2024-02-27 07:50:04,498 [fa5d0107-e57d-410d-980d-33f92c3a8e71-groupManagement] INFO  server.RaftServerConfigKeys (ConfUtils.java:logGet(46)) - raft.server.log.queue.byte-limit = 4294967296 (custom)
2024-02-27 07:50:04,498 [fa5d0107-e57d-410d-980d-33f92c3a8e71-groupManagement] INFO  server.RaftServerConfigKeys (ConfUtils.java:logGet(46)) - raft.server.log.queue.element-limit = 1024 (custom)
2024-02-27 07:50:04,498 [fa5d0107-e57d-410d-980d-33f92c3a8e71-groupManagement] INFO  server.RaftServerConfigKeys (ConfUtils.java:logGet(46)) - raft.server.log.segment.size.max = 67108864 (custom)
2024-02-27 07:50:04,498 [fa5d0107-e57d-410d-980d-33f92c3a8e71-groupManagement] INFO  server.RaftServerConfigKeys (ConfUtils.java:logGet(46)) - raft.server.log.preallocated.size = 4194304 (custom)
2024-02-27 07:50:04,498 [fa5d0107-e57d-410d-980d-33f92c3a8e71-groupManagement] INFO  server.RaftServerConfigKeys (ConfUtils.java:logGet(46)) - raft.server.log.force.sync.num = 128 (default)
2024-02-27 07:50:04,498 [fa5d0107-e57d-410d-980d-33f92c3a8e71-groupManagement] INFO  server.RaftServerConfigKeys (ConfUtils.java:logGet(46)) - raft.server.log.statemachine.data.sync = true (default)
2024-02-27 07:50:04,499 [fa5d0107-e57d-410d-980d-33f92c3a8e71-groupManagement] INFO  server.RaftServerConfigKeys (ConfUtils.java:logGet(46)) - raft.server.log.statemachine.data.sync.timeout = 10s (default)
2024-02-27 07:50:04,499 [fa5d0107-e57d-410d-980d-33f92c3a8e71-groupManagement] INFO  server.RaftServerConfigKeys (ConfUtils.java:logGet(46)) - raft.server.log.statemachine.data.sync.timeout.retry = 0 (custom)
2024-02-27 07:50:04,499 [fa5d0107-e57d-410d-980d-33f92c3a8e71-groupManagement] INFO  server.RaftServerConfigKeys (ConfUtils.java:logGet(46)) - raft.server.log.write.buffer.size = 8388616 (custom)
2024-02-27 07:50:04,500 [fa5d0107-e57d-410d-980d-33f92c3a8e71-groupManagement] INFO  server.RaftServerConfigKeys (ConfUtils.java:logGet(46)) - raft.server.log.appender.buffer.byte-limit = 8388608 (custom)
2024-02-27 07:50:04,500 [fa5d0107-e57d-410d-980d-33f92c3a8e71-groupManagement] INFO  server.RaftServerConfigKeys (ConfUtils.java:logGet(46)) - raft.server.log.unsafe-flush.enabled = false (default)
2024-02-27 07:50:04,500 [fa5d0107-e57d-410d-980d-33f92c3a8e71-groupManagement] INFO  server.RaftServerConfigKeys (ConfUtils.java:logGet(46)) - raft.server.log.async-flush.enabled = false (default)
2024-02-27 07:50:04,500 [fa5d0107-e57d-410d-980d-33f92c3a8e71-groupManagement] INFO  server.RaftServerConfigKeys (ConfUtils.java:logGet(46)) - raft.server.log.statemachine.data.caching.enabled = true (custom)
2024-02-27 07:50:04,500 [fa5d0107-e57d-410d-980d-33f92c3a8e71-groupManagement] INFO  segmented.SegmentedRaftLogWorker (SegmentedRaftLogWorker.java:lambda$new$0(134)) - fa5d0107-e57d-410d-980d-33f92c3a8e71@group-0BFB88997392-SegmentedRaftLogWorker: flushIndex: setUnconditionally 0 -> -1
2024-02-27 07:50:04,501 [fa5d0107-e57d-410d-980d-33f92c3a8e71-groupManagement] INFO  segmented.SegmentedRaftLogWorker (SegmentedRaftLogWorker.java:lambda$new$0(134)) - fa5d0107-e57d-410d-980d-33f92c3a8e71@group-0BFB88997392-SegmentedRaftLogWorker: safeCacheEvictIndex: setUnconditionally 0 -> -1
2024-02-27 07:50:04,501 [fa5d0107-e57d-410d-980d-33f92c3a8e71-groupManagement] INFO  server.RaftServer$Division (RaftServerImpl.java:start(396)) - fa5d0107-e57d-410d-980d-33f92c3a8e71@group-0BFB88997392: start as a follower, conf=-1: peers:[1c7f6d53-d2e7-4bdb-b96b-e0068b2c4e41|10.1.0.19:15255, 7e131a2a-66d5-444e-90e8-7bf3dd0ed196|10.1.0.19:15237, fa5d0107-e57d-410d-980d-33f92c3a8e71|10.1.0.19:15246]|listeners:[], old=null
2024-02-27 07:50:04,501 [fa5d0107-e57d-410d-980d-33f92c3a8e71-groupManagement] INFO  server.RaftServer$Division (RaftServerImpl.java:setRole(383)) - fa5d0107-e57d-410d-980d-33f92c3a8e71@group-0BFB88997392: changes role from      null to FOLLOWER at term 0 for startAsFollower
2024-02-27 07:50:04,501 [fa5d0107-e57d-410d-980d-33f92c3a8e71-groupManagement] INFO  impl.RoleInfo (RoleInfo.java:updateAndGet(139)) - fa5d0107-e57d-410d-980d-33f92c3a8e71: start fa5d0107-e57d-410d-980d-33f92c3a8e71@group-0BFB88997392-FollowerState
2024-02-27 07:50:04,501 [fa5d0107-e57d-410d-980d-33f92c3a8e71@group-0BFB88997392-FollowerState] INFO  server.RaftServerConfigKeys (ConfUtils.java:logFallback(53)) - raft.server.rpc.first-election.timeout.min = 5s (fallback to raft.server.rpc.timeout.min)
2024-02-27 07:50:04,501 [fa5d0107-e57d-410d-980d-33f92c3a8e71@group-0BFB88997392-FollowerState] INFO  server.RaftServerConfigKeys (ConfUtils.java:logFallback(53)) - raft.server.rpc.first-election.timeout.max = 5200ms (fallback to raft.server.rpc.timeout.max)
2024-02-27 07:50:04,501 [fa5d0107-e57d-410d-980d-33f92c3a8e71-groupManagement] INFO  util.JmxRegister (JmxRegister.java:tryRegister(44)) - Successfully registered JMX Bean with object name Ratis:service=RaftServer,group=group-0BFB88997392,id=fa5d0107-e57d-410d-980d-33f92c3a8e71
2024-02-27 07:50:04,501 [fa5d0107-e57d-410d-980d-33f92c3a8e71-groupManagement] INFO  server.RaftServerConfigKeys (ConfUtils.java:logGet(46)) - raft.server.snapshot.trigger-when-stop.enabled = true (default)
2024-02-27 07:50:04,501 [fa5d0107-e57d-410d-980d-33f92c3a8e71-groupManagement] INFO  server.RaftServerConfigKeys (ConfUtils.java:logGet(46)) - raft.server.snapshot.auto.trigger.enabled = true (custom)
2024-02-27 07:50:04,501 [fa5d0107-e57d-410d-980d-33f92c3a8e71-groupManagement] INFO  server.RaftServerConfigKeys (ConfUtils.java:logGet(46)) - raft.server.snapshot.auto.trigger.threshold = 10000 (custom)
2024-02-27 07:50:04,501 [fa5d0107-e57d-410d-980d-33f92c3a8e71-groupManagement] INFO  server.RaftServerConfigKeys (ConfUtils.java:logGet(46)) - raft.server.snapshot.retention.file.num = 5 (custom)
2024-02-27 07:50:04,502 [fa5d0107-e57d-410d-980d-33f92c3a8e71-groupManagement] INFO  server.RaftServerConfigKeys (ConfUtils.java:logGet(46)) - raft.server.log.purge.upto.snapshot.index = false (default)
2024-02-27 07:50:04,512 [7e131a2a-66d5-444e-90e8-7bf3dd0ed196-PipelineCommandHandlerThread-0] INFO  commandhandler.CreatePipelineCommandHandler (CreatePipelineCommandHandler.java:lambda$handle$2(124)) - Created Pipeline RATIS THREE PipelineID=502095e8-c67f-44d9-af9d-0bfb88997392.
2024-02-27 07:50:04,529 [fa5d0107-e57d-410d-980d-33f92c3a8e71-PipelineCommandHandlerThread-0] INFO  server.RaftServer (RaftServerProxy.java:addNew(100)) - fa5d0107-e57d-410d-980d-33f92c3a8e71: addNew group-E5A1BB1CC926:[fa5d0107-e57d-410d-980d-33f92c3a8e71|10.1.0.19:15246] returns group-E5A1BB1CC926:java.util.concurrent.CompletableFuture@26ea8762[Not completed]
2024-02-27 07:50:04,529 [fa5d0107-e57d-410d-980d-33f92c3a8e71-groupManagement] INFO  server.RaftServer$Division (RaftServerImpl.java:<init>(256)) - fa5d0107-e57d-410d-980d-33f92c3a8e71: new RaftServerImpl for group-E5A1BB1CC926:[fa5d0107-e57d-410d-980d-33f92c3a8e71|10.1.0.19:15246] with ContainerStateMachine:uninitialized
2024-02-27 07:50:04,529 [fa5d0107-e57d-410d-980d-33f92c3a8e71-groupManagement] INFO  server.RaftServerConfigKeys (ConfUtils.java:logGet(46)) - raft.server.rpc.timeout.min = 5s (custom)
2024-02-27 07:50:04,529 [fa5d0107-e57d-410d-980d-33f92c3a8e71-groupManagement] INFO  server.RaftServerConfigKeys (ConfUtils.java:logGet(46)) - raft.server.rpc.timeout.max = 5200ms (custom)
2024-02-27 07:50:04,529 [fa5d0107-e57d-410d-980d-33f92c3a8e71-groupManagement] INFO  server.RaftServerConfigKeys (ConfUtils.java:logGet(46)) - raft.server.rpc.sleep.time = 25ms (default)
2024-02-27 07:50:04,530 [fa5d0107-e57d-410d-980d-33f92c3a8e71-groupManagement] INFO  server.RaftServerConfigKeys (ConfUtils.java:logGet(46)) - raft.server.rpc.slowness.timeout = 300s (custom)
2024-02-27 07:50:04,530 [fa5d0107-e57d-410d-980d-33f92c3a8e71-groupManagement] INFO  server.RaftServerConfigKeys (ConfUtils.java:logGet(46)) - raft.server.leaderelection.leader.step-down.wait-time = 10s (default)
2024-02-27 07:50:04,530 [fa5d0107-e57d-410d-980d-33f92c3a8e71-groupManagement] INFO  server.RaftServerConfigKeys (ConfUtils.java:logGet(46)) - raft.server.leaderelection.member.majority-add = false (default)
2024-02-27 07:50:04,530 [fa5d0107-e57d-410d-980d-33f92c3a8e71-groupManagement] INFO  server.RaftServerConfigKeys (ConfUtils.java:logGet(46)) - raft.server.sleep.deviation.threshold = 300ms (default)
2024-02-27 07:50:04,530 [fa5d0107-e57d-410d-980d-33f92c3a8e71-groupManagement] INFO  server.RaftServer$Division (ServerState.java:<init>(113)) - fa5d0107-e57d-410d-980d-33f92c3a8e71@group-E5A1BB1CC926: ConfigurationManager, init=-1: peers:[fa5d0107-e57d-410d-980d-33f92c3a8e71|10.1.0.19:15246]|listeners:[], old=null, confs=<EMPTY_MAP>
2024-02-27 07:50:04,530 [fa5d0107-e57d-410d-980d-33f92c3a8e71-groupManagement] INFO  server.RaftServerConfigKeys (ConfUtils.java:logGet(46)) - raft.server.notification.no-leader.timeout = 300s (custom)
2024-02-27 07:50:04,530 [fa5d0107-e57d-410d-980d-33f92c3a8e71-groupManagement] INFO  server.RaftServerConfigKeys (ConfUtils.java:logGet(46)) - raft.server.read.timeout = 10s (default)
2024-02-27 07:50:04,530 [fa5d0107-e57d-410d-980d-33f92c3a8e71-groupManagement] INFO  server.RaftServerConfigKeys (ConfUtils.java:logGet(46)) - raft.server.retrycache.expirytime = 600000ms (custom)
2024-02-27 07:50:04,530 [fa5d0107-e57d-410d-980d-33f92c3a8e71-groupManagement] INFO  server.RaftServerConfigKeys (ConfUtils.java:logGet(46)) - raft.server.retrycache.statistics.expirytime = 100ms (default)
2024-02-27 07:50:04,530 [fa5d0107-e57d-410d-980d-33f92c3a8e71-groupManagement] INFO  server.RaftServerConfigKeys (ConfUtils.java:logGet(46)) - raft.server.read.option = DEFAULT (default)
2024-02-27 07:50:04,530 [fa5d0107-e57d-410d-980d-33f92c3a8e71-groupManagement] INFO  server.RaftServerConfigKeys (ConfUtils.java:logGet(46)) - raft.server.read.read-after-write-consistent.write-index-cache.expiry-time = 60s (default)
2024-02-27 07:50:04,531 [fa5d0107-e57d-410d-980d-33f92c3a8e71-groupManagement] INFO  server.RaftServerConfigKeys (ConfUtils.java:logGet(46)) - raft.server.rpc.request.timeout = 60s (custom)
2024-02-27 07:50:04,532 [fa5d0107-e57d-410d-980d-33f92c3a8e71-groupManagement] INFO  server.RaftServerConfigKeys (ConfUtils.java:logGet(46)) - raft.server.log.appender.install.snapshot.enabled = false (custom)
2024-02-27 07:50:04,532 [fa5d0107-e57d-410d-980d-33f92c3a8e71-groupManagement] INFO  server.RaftServerConfigKeys (ConfUtils.java:logGet(46)) - raft.server.threadpool.server.cached = true (default)
2024-02-27 07:50:04,532 [fa5d0107-e57d-410d-980d-33f92c3a8e71-groupManagement] INFO  server.RaftServerConfigKeys (ConfUtils.java:logGet(46)) - raft.server.threadpool.server.size = 0 (default)
2024-02-27 07:50:04,532 [fa5d0107-e57d-410d-980d-33f92c3a8e71-groupManagement] INFO  server.RaftServerConfigKeys (ConfUtils.java:logGet(46)) - raft.server.threadpool.client.cached = true (default)
2024-02-27 07:50:04,532 [fa5d0107-e57d-410d-980d-33f92c3a8e71-groupManagement] INFO  server.RaftServerConfigKeys (ConfUtils.java:logGet(46)) - raft.server.threadpool.client.size = 0 (default)
2024-02-27 07:50:04,532 [fa5d0107-e57d-410d-980d-33f92c3a8e71-groupManagement] INFO  server.RaftServerConfigKeys (ConfUtils.java:logGet(46)) - raft.server.storage.free-space.min = 0MB (=0) (default)
2024-02-27 07:50:04,532 [fa5d0107-e57d-410d-980d-33f92c3a8e71-groupManagement] INFO  server.RaftServerConfigKeys (ConfUtils.java:logGet(46)) - raft.server.log.corruption.policy = EXCEPTION (default)
2024-02-27 07:50:04,532 [fa5d0107-e57d-410d-980d-33f92c3a8e71-groupManagement] INFO  server.RaftServerConfigKeys (ConfUtils.java:logGet(46)) - raft.server.storage.dir = [/home/runner/work/ozone/ozone/hadoop-ozone/integration-test/target/test-dir/MiniOzoneClusterImpl-4c9fddb8-14cc-4d18-9561-dc95ff2af5f2/ozone-meta/datanode-2/ratis] (custom)
2024-02-27 07:50:04,532 [fa5d0107-e57d-410d-980d-33f92c3a8e71-groupManagement] INFO  storage.RaftStorageDirectory (RaftStorageDirectoryImpl.java:analyzeStorage(138)) - The storage directory /home/runner/work/ozone/ozone/hadoop-ozone/integration-test/target/test-dir/MiniOzoneClusterImpl-4c9fddb8-14cc-4d18-9561-dc95ff2af5f2/ozone-meta/datanode-2/ratis/de999869-c360-44b9-8936-e5a1bb1cc926 does not exist. Creating ...
2024-02-27 07:50:04,533 [fa5d0107-e57d-410d-980d-33f92c3a8e71-groupManagement] INFO  storage.RaftStorageDirectory (RaftStorageDirectoryImpl.java:tryLock(228)) - Lock on /home/runner/work/ozone/ozone/hadoop-ozone/integration-test/target/test-dir/MiniOzoneClusterImpl-4c9fddb8-14cc-4d18-9561-dc95ff2af5f2/ozone-meta/datanode-2/ratis/de999869-c360-44b9-8936-e5a1bb1cc926/in_use.lock acquired by nodename 40924@fv-az699-61
2024-02-27 07:50:04,534 [fa5d0107-e57d-410d-980d-33f92c3a8e71-groupManagement] INFO  storage.RaftStorage (RaftStorageImpl.java:format(99)) - Storage directory /home/runner/work/ozone/ozone/hadoop-ozone/integration-test/target/test-dir/MiniOzoneClusterImpl-4c9fddb8-14cc-4d18-9561-dc95ff2af5f2/ozone-meta/datanode-2/ratis/de999869-c360-44b9-8936-e5a1bb1cc926 has been successfully formatted.
2024-02-27 07:50:04,535 [fa5d0107-e57d-410d-980d-33f92c3a8e71-groupManagement] WARN  util.FileUtils (LogUtils.java:supplyAndLog(63)) - Failed to Files.newInputStream /home/runner/work/ozone/ozone/hadoop-ozone/integration-test/target/test-dir/MiniOzoneClusterImpl-4c9fddb8-14cc-4d18-9561-dc95ff2af5f2/ozone-meta/datanode-2/ratis/de999869-c360-44b9-8936-e5a1bb1cc926/current/raft-meta.conf with options []: java.nio.file.NoSuchFileException: /home/runner/work/ozone/ozone/hadoop-ozone/integration-test/target/test-dir/MiniOzoneClusterImpl-4c9fddb8-14cc-4d18-9561-dc95ff2af5f2/ozone-meta/datanode-2/ratis/de999869-c360-44b9-8936-e5a1bb1cc926/current/raft-meta.conf
2024-02-27 07:50:04,535 [fa5d0107-e57d-410d-980d-33f92c3a8e71-groupManagement] INFO  ratis.ContainerStateMachine (ContainerStateMachine.java:loadSnapshot(287)) - group-E5A1BB1CC926: The snapshot info is null. Setting the last applied index to:(t:0, i:~)
2024-02-27 07:50:04,535 [fa5d0107-e57d-410d-980d-33f92c3a8e71-groupManagement] INFO  server.RaftServerConfigKeys (ConfUtils.java:logGet(46)) - raft.server.log.use.memory = false (default)
2024-02-27 07:50:04,535 [fa5d0107-e57d-410d-980d-33f92c3a8e71-groupManagement] INFO  server.RaftServerConfigKeys (ConfUtils.java:logGet(46)) - raft.server.log.purge.gap = 1000000 (custom)
2024-02-27 07:50:04,535 [fa5d0107-e57d-410d-980d-33f92c3a8e71-groupManagement] INFO  server.RaftServerConfigKeys (ConfUtils.java:logGet(46)) - raft.server.log.appender.buffer.byte-limit = 8388608 (custom)
2024-02-27 07:50:04,535 [fa5d0107-e57d-410d-980d-33f92c3a8e71-groupManagement] INFO  server.RaftServerConfigKeys (ConfUtils.java:logGet(46)) - raft.server.log.statemachine.data.read.timeout = 1000ms (default)
2024-02-27 07:50:04,535 [fa5d0107-e57d-410d-980d-33f92c3a8e71-groupManagement] INFO  server.RaftServerConfigKeys (ConfUtils.java:logGet(46)) - raft.server.log.purge.preservation.log.num = 0 (default)
2024-02-27 07:50:04,536 [EventQueue-PipelineReportForPipelineReportHandler] INFO  pipeline.PipelineReportHandler (PipelineReportHandler.java:processPipelineReport(136)) - Opened pipeline PipelineID=de999869-c360-44b9-8936-e5a1bb1cc926
2024-02-27 07:50:04,536 [EventQueue-OpenPipelineForHealthyPipelineSafeModeRule] INFO  safemode.SCMSafeModeManager (HealthyPipelineSafeModeRule.java:process(140)) - SCM in safe mode. Healthy pipelines reported count is 0, required healthy pipeline reported count is 1
2024-02-27 07:50:04,536 [fa5d0107-e57d-410d-980d-33f92c3a8e71-groupManagement] INFO  server.RaftServerConfigKeys (ConfUtils.java:logGet(46)) - raft.server.log.segment.size.max = 67108864 (custom)
2024-02-27 07:50:04,536 [fa5d0107-e57d-410d-980d-33f92c3a8e71-groupManagement] INFO  server.RaftServerConfigKeys (ConfUtils.java:logGet(46)) - raft.server.log.segment.cache.num.max = 2 (custom)
2024-02-27 07:50:04,537 [fa5d0107-e57d-410d-980d-33f92c3a8e71-groupManagement] INFO  server.RaftServerConfigKeys (ConfUtils.java:logGet(46)) - raft.server.log.segment.cache.size.max = 200MB (=209715200) (default)
2024-02-27 07:50:04,537 [fa5d0107-e57d-410d-980d-33f92c3a8e71-groupManagement] INFO  server.RaftServerConfigKeys (ConfUtils.java:logGet(46)) - raft.server.log.appender.buffer.byte-limit = 8388608 (custom)
2024-02-27 07:50:04,537 [fa5d0107-e57d-410d-980d-33f92c3a8e71-groupManagement] INFO  util.AwaitToRun (AwaitToRun.java:start(81)) - Thread[fa5d0107-e57d-410d-980d-33f92c3a8e71@group-E5A1BB1CC926-cacheEviction-AwaitToRun,5,main] started
2024-02-27 07:50:04,537 [fa5d0107-e57d-410d-980d-33f92c3a8e71-groupManagement] INFO  segmented.SegmentedRaftLogWorker (SegmentedRaftLogWorker.java:<init>(182)) - new fa5d0107-e57d-410d-980d-33f92c3a8e71@group-E5A1BB1CC926-SegmentedRaftLogWorker for RaftStorageImpl:Storage Directory /home/runner/work/ozone/ozone/hadoop-ozone/integration-test/target/test-dir/MiniOzoneClusterImpl-4c9fddb8-14cc-4d18-9561-dc95ff2af5f2/ozone-meta/datanode-2/ratis/de999869-c360-44b9-8936-e5a1bb1cc926
2024-02-27 07:50:04,537 [fa5d0107-e57d-410d-980d-33f92c3a8e71-groupManagement] INFO  server.RaftServerConfigKeys (ConfUtils.java:logGet(46)) - raft.server.log.queue.byte-limit = 4294967296 (custom)
2024-02-27 07:50:04,537 [fa5d0107-e57d-410d-980d-33f92c3a8e71-groupManagement] INFO  server.RaftServerConfigKeys (ConfUtils.java:logGet(46)) - raft.server.log.queue.element-limit = 1024 (custom)
2024-02-27 07:50:04,537 [fa5d0107-e57d-410d-980d-33f92c3a8e71-groupManagement] INFO  server.RaftServerConfigKeys (ConfUtils.java:logGet(46)) - raft.server.log.segment.size.max = 67108864 (custom)
2024-02-27 07:50:04,537 [fa5d0107-e57d-410d-980d-33f92c3a8e71-groupManagement] INFO  server.RaftServerConfigKeys (ConfUtils.java:logGet(46)) - raft.server.log.preallocated.size = 4194304 (custom)
2024-02-27 07:50:04,537 [fa5d0107-e57d-410d-980d-33f92c3a8e71-groupManagement] INFO  server.RaftServerConfigKeys (ConfUtils.java:logGet(46)) - raft.server.log.force.sync.num = 128 (default)
2024-02-27 07:50:04,537 [fa5d0107-e57d-410d-980d-33f92c3a8e71-groupManagement] INFO  server.RaftServerConfigKeys (ConfUtils.java:logGet(46)) - raft.server.log.statemachine.data.sync = true (default)
2024-02-27 07:50:04,537 [fa5d0107-e57d-410d-980d-33f92c3a8e71-groupManagement] INFO  server.RaftServerConfigKeys (ConfUtils.java:logGet(46)) - raft.server.log.statemachine.data.sync.timeout = 10s (default)
2024-02-27 07:50:04,537 [fa5d0107-e57d-410d-980d-33f92c3a8e71-groupManagement] INFO  server.RaftServerConfigKeys (ConfUtils.java:logGet(46)) - raft.server.log.statemachine.data.sync.timeout.retry = 0 (custom)
2024-02-27 07:50:04,538 [fa5d0107-e57d-410d-980d-33f92c3a8e71-groupManagement] INFO  server.RaftServerConfigKeys (ConfUtils.java:logGet(46)) - raft.server.log.write.buffer.size = 8388616 (custom)
2024-02-27 07:50:04,539 [fa5d0107-e57d-410d-980d-33f92c3a8e71-groupManagement] INFO  server.RaftServerConfigKeys (ConfUtils.java:logGet(46)) - raft.server.log.appender.buffer.byte-limit = 8388608 (custom)
2024-02-27 07:50:04,539 [fa5d0107-e57d-410d-980d-33f92c3a8e71-groupManagement] INFO  server.RaftServerConfigKeys (ConfUtils.java:logGet(46)) - raft.server.log.unsafe-flush.enabled = false (default)
2024-02-27 07:50:04,539 [fa5d0107-e57d-410d-980d-33f92c3a8e71-groupManagement] INFO  server.RaftServerConfigKeys (ConfUtils.java:logGet(46)) - raft.server.log.async-flush.enabled = false (default)
2024-02-27 07:50:04,539 [fa5d0107-e57d-410d-980d-33f92c3a8e71-groupManagement] INFO  server.RaftServerConfigKeys (ConfUtils.java:logGet(46)) - raft.server.log.statemachine.data.caching.enabled = true (custom)
2024-02-27 07:50:04,540 [fa5d0107-e57d-410d-980d-33f92c3a8e71-groupManagement] INFO  segmented.SegmentedRaftLogWorker (SegmentedRaftLogWorker.java:lambda$new$0(134)) - fa5d0107-e57d-410d-980d-33f92c3a8e71@group-E5A1BB1CC926-SegmentedRaftLogWorker: flushIndex: setUnconditionally 0 -> -1
2024-02-27 07:50:04,540 [fa5d0107-e57d-410d-980d-33f92c3a8e71-groupManagement] INFO  segmented.SegmentedRaftLogWorker (SegmentedRaftLogWorker.java:lambda$new$0(134)) - fa5d0107-e57d-410d-980d-33f92c3a8e71@group-E5A1BB1CC926-SegmentedRaftLogWorker: safeCacheEvictIndex: setUnconditionally 0 -> -1
2024-02-27 07:50:04,540 [fa5d0107-e57d-410d-980d-33f92c3a8e71-groupManagement] INFO  server.RaftServer$Division (RaftServerImpl.java:start(396)) - fa5d0107-e57d-410d-980d-33f92c3a8e71@group-E5A1BB1CC926: start as a follower, conf=-1: peers:[fa5d0107-e57d-410d-980d-33f92c3a8e71|10.1.0.19:15246]|listeners:[], old=null
2024-02-27 07:50:04,540 [fa5d0107-e57d-410d-980d-33f92c3a8e71-groupManagement] INFO  server.RaftServer$Division (RaftServerImpl.java:setRole(383)) - fa5d0107-e57d-410d-980d-33f92c3a8e71@group-E5A1BB1CC926: changes role from      null to FOLLOWER at term 0 for startAsFollower
2024-02-27 07:50:04,540 [fa5d0107-e57d-410d-980d-33f92c3a8e71-groupManagement] INFO  impl.RoleInfo (RoleInfo.java:updateAndGet(139)) - fa5d0107-e57d-410d-980d-33f92c3a8e71: start fa5d0107-e57d-410d-980d-33f92c3a8e71@group-E5A1BB1CC926-FollowerState
2024-02-27 07:50:04,540 [fa5d0107-e57d-410d-980d-33f92c3a8e71@group-E5A1BB1CC926-FollowerState] INFO  server.RaftServerConfigKeys (ConfUtils.java:logFallback(53)) - raft.server.rpc.first-election.timeout.min = 5s (fallback to raft.server.rpc.timeout.min)
2024-02-27 07:50:04,540 [fa5d0107-e57d-410d-980d-33f92c3a8e71-groupManagement] INFO  util.JmxRegister (JmxRegister.java:tryRegister(44)) - Successfully registered JMX Bean with object name Ratis:service=RaftServer,group=group-E5A1BB1CC926,id=fa5d0107-e57d-410d-980d-33f92c3a8e71
2024-02-27 07:50:04,540 [fa5d0107-e57d-410d-980d-33f92c3a8e71@group-E5A1BB1CC926-FollowerState] INFO  server.RaftServerConfigKeys (ConfUtils.java:logFallback(53)) - raft.server.rpc.first-election.timeout.max = 5200ms (fallback to raft.server.rpc.timeout.max)
2024-02-27 07:50:04,540 [fa5d0107-e57d-410d-980d-33f92c3a8e71-groupManagement] INFO  server.RaftServerConfigKeys (ConfUtils.java:logGet(46)) - raft.server.snapshot.trigger-when-stop.enabled = true (default)
2024-02-27 07:50:04,540 [fa5d0107-e57d-410d-980d-33f92c3a8e71-groupManagement] INFO  server.RaftServerConfigKeys (ConfUtils.java:logGet(46)) - raft.server.snapshot.auto.trigger.enabled = true (custom)
2024-02-27 07:50:04,540 [fa5d0107-e57d-410d-980d-33f92c3a8e71-groupManagement] INFO  server.RaftServerConfigKeys (ConfUtils.java:logGet(46)) - raft.server.snapshot.auto.trigger.threshold = 10000 (custom)
2024-02-27 07:50:04,541 [fa5d0107-e57d-410d-980d-33f92c3a8e71-groupManagement] INFO  server.RaftServerConfigKeys (ConfUtils.java:logGet(46)) - raft.server.snapshot.retention.file.num = 5 (custom)
2024-02-27 07:50:04,541 [fa5d0107-e57d-410d-980d-33f92c3a8e71-groupManagement] INFO  server.RaftServerConfigKeys (ConfUtils.java:logGet(46)) - raft.server.log.purge.upto.snapshot.index = false (default)
2024-02-27 07:50:04,541 [fa5d0107-e57d-410d-980d-33f92c3a8e71-PipelineCommandHandlerThread-0] INFO  ratis.XceiverServerRatis (XceiverServerRatis.java:addGroup(864)) - Created group PipelineID=de999869-c360-44b9-8936-e5a1bb1cc926
2024-02-27 07:50:04,541 [fa5d0107-e57d-410d-980d-33f92c3a8e71-PipelineCommandHandlerThread-0] INFO  commandhandler.CreatePipelineCommandHandler (CreatePipelineCommandHandler.java:lambda$handle$2(124)) - Created Pipeline RATIS ONE PipelineID=de999869-c360-44b9-8936-e5a1bb1cc926.
2024-02-27 07:50:04,614 [1c7f6d53-d2e7-4bdb-b96b-e0068b2c4e41-PipelineCommandHandlerThread-0] INFO  server.RaftServer (RaftServerProxy.java:addNew(100)) - 1c7f6d53-d2e7-4bdb-b96b-e0068b2c4e41: addNew group-6CD0A6AA8046:[1c7f6d53-d2e7-4bdb-b96b-e0068b2c4e41|10.1.0.19:15255] returns group-6CD0A6AA8046:java.util.concurrent.CompletableFuture@63625d31[Not completed]
2024-02-27 07:50:04,614 [1c7f6d53-d2e7-4bdb-b96b-e0068b2c4e41-groupManagement] INFO  server.RaftServer$Division (RaftServerImpl.java:<init>(256)) - 1c7f6d53-d2e7-4bdb-b96b-e0068b2c4e41: new RaftServerImpl for group-6CD0A6AA8046:[1c7f6d53-d2e7-4bdb-b96b-e0068b2c4e41|10.1.0.19:15255] with ContainerStateMachine:uninitialized
2024-02-27 07:50:04,614 [1c7f6d53-d2e7-4bdb-b96b-e0068b2c4e41-groupManagement] INFO  server.RaftServerConfigKeys (ConfUtils.java:logGet(46)) - raft.server.rpc.timeout.min = 5s (custom)
2024-02-27 07:50:04,614 [1c7f6d53-d2e7-4bdb-b96b-e0068b2c4e41-groupManagement] INFO  server.RaftServerConfigKeys (ConfUtils.java:logGet(46)) - raft.server.rpc.timeout.max = 5200ms (custom)
2024-02-27 07:50:04,615 [1c7f6d53-d2e7-4bdb-b96b-e0068b2c4e41-groupManagement] INFO  server.RaftServerConfigKeys (ConfUtils.java:logGet(46)) - raft.server.rpc.sleep.time = 25ms (default)
2024-02-27 07:50:04,615 [1c7f6d53-d2e7-4bdb-b96b-e0068b2c4e41-groupManagement] INFO  server.RaftServerConfigKeys (ConfUtils.java:logGet(46)) - raft.server.rpc.slowness.timeout = 300s (custom)
2024-02-27 07:50:04,615 [1c7f6d53-d2e7-4bdb-b96b-e0068b2c4e41-groupManagement] INFO  server.RaftServerConfigKeys (ConfUtils.java:logGet(46)) - raft.server.leaderelection.leader.step-down.wait-time = 10s (default)
2024-02-27 07:50:04,615 [1c7f6d53-d2e7-4bdb-b96b-e0068b2c4e41-groupManagement] INFO  server.RaftServerConfigKeys (ConfUtils.java:logGet(46)) - raft.server.leaderelection.member.majority-add = false (default)
2024-02-27 07:50:04,615 [1c7f6d53-d2e7-4bdb-b96b-e0068b2c4e41-groupManagement] INFO  server.RaftServerConfigKeys (ConfUtils.java:logGet(46)) - raft.server.sleep.deviation.threshold = 300ms (default)
2024-02-27 07:50:04,615 [1c7f6d53-d2e7-4bdb-b96b-e0068b2c4e41-groupManagement] INFO  server.RaftServer$Division (ServerState.java:<init>(113)) - 1c7f6d53-d2e7-4bdb-b96b-e0068b2c4e41@group-6CD0A6AA8046: ConfigurationManager, init=-1: peers:[1c7f6d53-d2e7-4bdb-b96b-e0068b2c4e41|10.1.0.19:15255]|listeners:[], old=null, confs=<EMPTY_MAP>
2024-02-27 07:50:04,615 [1c7f6d53-d2e7-4bdb-b96b-e0068b2c4e41-groupManagement] INFO  server.RaftServerConfigKeys (ConfUtils.java:logGet(46)) - raft.server.notification.no-leader.timeout = 300s (custom)
2024-02-27 07:50:04,615 [1c7f6d53-d2e7-4bdb-b96b-e0068b2c4e41-groupManagement] INFO  server.RaftServerConfigKeys (ConfUtils.java:logGet(46)) - raft.server.read.timeout = 10s (default)
2024-02-27 07:50:04,615 [1c7f6d53-d2e7-4bdb-b96b-e0068b2c4e41-groupManagement] INFO  server.RaftServerConfigKeys (ConfUtils.java:logGet(46)) - raft.server.retrycache.expirytime = 600000ms (custom)
2024-02-27 07:50:04,615 [1c7f6d53-d2e7-4bdb-b96b-e0068b2c4e41-groupManagement] INFO  server.RaftServerConfigKeys (ConfUtils.java:logGet(46)) - raft.server.retrycache.statistics.expirytime = 100ms (default)
2024-02-27 07:50:04,615 [1c7f6d53-d2e7-4bdb-b96b-e0068b2c4e41-groupManagement] INFO  server.RaftServerConfigKeys (ConfUtils.java:logGet(46)) - raft.server.read.option = DEFAULT (default)
2024-02-27 07:50:04,615 [1c7f6d53-d2e7-4bdb-b96b-e0068b2c4e41-groupManagement] INFO  server.RaftServerConfigKeys (ConfUtils.java:logGet(46)) - raft.server.read.read-after-write-consistent.write-index-cache.expiry-time = 60s (default)
2024-02-27 07:50:04,616 [main] INFO  ozone.MiniOzoneClusterImpl (MiniOzoneClusterImpl.java:lambda$waitForClusterToBeReady$0(195)) - Nodes are ready. Got 3 of 3 DN Heartbeats.
2024-02-27 07:50:04,616 [main] INFO  ozone.MiniOzoneClusterImpl (MiniOzoneClusterImpl.java:lambda$waitForClusterToBeReady$0(198)) - Waiting for cluster to exit safe mode
2024-02-27 07:50:04,616 [main] INFO  ozone.MiniOzoneClusterImpl (MiniOzoneClusterImpl.java:lambda$waitForClusterToBeReady$0(200)) - SCM became leader
2024-02-27 07:50:04,616 [1c7f6d53-d2e7-4bdb-b96b-e0068b2c4e41-groupManagement] INFO  server.RaftServerConfigKeys (ConfUtils.java:logGet(46)) - raft.server.rpc.request.timeout = 60s (custom)
2024-02-27 07:50:04,616 [1c7f6d53-d2e7-4bdb-b96b-e0068b2c4e41-groupManagement] INFO  server.RaftServerConfigKeys (ConfUtils.java:logGet(46)) - raft.server.log.appender.install.snapshot.enabled = false (custom)
2024-02-27 07:50:04,616 [1c7f6d53-d2e7-4bdb-b96b-e0068b2c4e41-groupManagement] INFO  server.RaftServerConfigKeys (ConfUtils.java:logGet(46)) - raft.server.threadpool.server.cached = true (default)
2024-02-27 07:50:04,616 [1c7f6d53-d2e7-4bdb-b96b-e0068b2c4e41-groupManagement] INFO  server.RaftServerConfigKeys (ConfUtils.java:logGet(46)) - raft.server.threadpool.server.size = 0 (default)
2024-02-27 07:50:04,616 [1c7f6d53-d2e7-4bdb-b96b-e0068b2c4e41-groupManagement] INFO  server.RaftServerConfigKeys (ConfUtils.java:logGet(46)) - raft.server.threadpool.client.cached = true (default)
2024-02-27 07:50:04,617 [1c7f6d53-d2e7-4bdb-b96b-e0068b2c4e41-groupManagement] INFO  server.RaftServerConfigKeys (ConfUtils.java:logGet(46)) - raft.server.threadpool.client.size = 0 (default)
2024-02-27 07:50:04,617 [1c7f6d53-d2e7-4bdb-b96b-e0068b2c4e41-groupManagement] INFO  server.RaftServerConfigKeys (ConfUtils.java:logGet(46)) - raft.server.storage.free-space.min = 0MB (=0) (default)
2024-02-27 07:50:04,617 [1c7f6d53-d2e7-4bdb-b96b-e0068b2c4e41-groupManagement] INFO  server.RaftServerConfigKeys (ConfUtils.java:logGet(46)) - raft.server.log.corruption.policy = EXCEPTION (default)
2024-02-27 07:50:04,617 [1c7f6d53-d2e7-4bdb-b96b-e0068b2c4e41-groupManagement] INFO  server.RaftServerConfigKeys (ConfUtils.java:logGet(46)) - raft.server.storage.dir = [/home/runner/work/ozone/ozone/hadoop-ozone/integration-test/target/test-dir/MiniOzoneClusterImpl-4c9fddb8-14cc-4d18-9561-dc95ff2af5f2/ozone-meta/datanode-3/ratis] (custom)
2024-02-27 07:50:04,617 [1c7f6d53-d2e7-4bdb-b96b-e0068b2c4e41-groupManagement] INFO  storage.RaftStorageDirectory (RaftStorageDirectoryImpl.java:analyzeStorage(138)) - The storage directory /home/runner/work/ozone/ozone/hadoop-ozone/integration-test/target/test-dir/MiniOzoneClusterImpl-4c9fddb8-14cc-4d18-9561-dc95ff2af5f2/ozone-meta/datanode-3/ratis/3e0d1136-a396-453f-ba1e-6cd0a6aa8046 does not exist. Creating ...
2024-02-27 07:50:04,618 [1c7f6d53-d2e7-4bdb-b96b-e0068b2c4e41-groupManagement] INFO  storage.RaftStorageDirectory (RaftStorageDirectoryImpl.java:tryLock(228)) - Lock on /home/runner/work/ozone/ozone/hadoop-ozone/integration-test/target/test-dir/MiniOzoneClusterImpl-4c9fddb8-14cc-4d18-9561-dc95ff2af5f2/ozone-meta/datanode-3/ratis/3e0d1136-a396-453f-ba1e-6cd0a6aa8046/in_use.lock acquired by nodename 40924@fv-az699-61
2024-02-27 07:50:04,619 [1c7f6d53-d2e7-4bdb-b96b-e0068b2c4e41-groupManagement] INFO  storage.RaftStorage (RaftStorageImpl.java:format(99)) - Storage directory /home/runner/work/ozone/ozone/hadoop-ozone/integration-test/target/test-dir/MiniOzoneClusterImpl-4c9fddb8-14cc-4d18-9561-dc95ff2af5f2/ozone-meta/datanode-3/ratis/3e0d1136-a396-453f-ba1e-6cd0a6aa8046 has been successfully formatted.
2024-02-27 07:50:04,619 [1c7f6d53-d2e7-4bdb-b96b-e0068b2c4e41-groupManagement] WARN  util.FileUtils (LogUtils.java:supplyAndLog(63)) - Failed to Files.newInputStream /home/runner/work/ozone/ozone/hadoop-ozone/integration-test/target/test-dir/MiniOzoneClusterImpl-4c9fddb8-14cc-4d18-9561-dc95ff2af5f2/ozone-meta/datanode-3/ratis/3e0d1136-a396-453f-ba1e-6cd0a6aa8046/current/raft-meta.conf with options []: java.nio.file.NoSuchFileException: /home/runner/work/ozone/ozone/hadoop-ozone/integration-test/target/test-dir/MiniOzoneClusterImpl-4c9fddb8-14cc-4d18-9561-dc95ff2af5f2/ozone-meta/datanode-3/ratis/3e0d1136-a396-453f-ba1e-6cd0a6aa8046/current/raft-meta.conf
2024-02-27 07:50:04,619 [1c7f6d53-d2e7-4bdb-b96b-e0068b2c4e41-groupManagement] INFO  ratis.ContainerStateMachine (ContainerStateMachine.java:loadSnapshot(287)) - group-6CD0A6AA8046: The snapshot info is null. Setting the last applied index to:(t:0, i:~)
2024-02-27 07:50:04,620 [1c7f6d53-d2e7-4bdb-b96b-e0068b2c4e41-groupManagement] INFO  server.RaftServerConfigKeys (ConfUtils.java:logGet(46)) - raft.server.log.use.memory = false (default)
2024-02-27 07:50:04,620 [1c7f6d53-d2e7-4bdb-b96b-e0068b2c4e41-groupManagement] INFO  server.RaftServerConfigKeys (ConfUtils.java:logGet(46)) - raft.server.log.purge.gap = 1000000 (custom)
2024-02-27 07:50:04,620 [1c7f6d53-d2e7-4bdb-b96b-e0068b2c4e41-groupManagement] INFO  server.RaftServerConfigKeys (ConfUtils.java:logGet(46)) - raft.server.log.appender.buffer.byte-limit = 8388608 (custom)
2024-02-27 07:50:04,620 [1c7f6d53-d2e7-4bdb-b96b-e0068b2c4e41-groupManagement] INFO  server.RaftServerConfigKeys (ConfUtils.java:logGet(46)) - raft.server.log.statemachine.data.read.timeout = 1000ms (default)
2024-02-27 07:50:04,620 [1c7f6d53-d2e7-4bdb-b96b-e0068b2c4e41-groupManagement] INFO  server.RaftServerConfigKeys (ConfUtils.java:logGet(46)) - raft.server.log.purge.preservation.log.num = 0 (default)
2024-02-27 07:50:04,620 [EventQueue-PipelineReportForPipelineReportHandler] INFO  pipeline.PipelineReportHandler (PipelineReportHandler.java:processPipelineReport(136)) - Opened pipeline PipelineID=3e0d1136-a396-453f-ba1e-6cd0a6aa8046
2024-02-27 07:50:04,621 [EventQueue-OpenPipelineForHealthyPipelineSafeModeRule] INFO  safemode.SCMSafeModeManager (HealthyPipelineSafeModeRule.java:process(140)) - SCM in safe mode. Healthy pipelines reported count is 0, required healthy pipeline reported count is 1
2024-02-27 07:50:04,621 [1c7f6d53-d2e7-4bdb-b96b-e0068b2c4e41-groupManagement] INFO  server.RaftServerConfigKeys (ConfUtils.java:logGet(46)) - raft.server.log.segment.size.max = 67108864 (custom)
2024-02-27 07:50:04,621 [1c7f6d53-d2e7-4bdb-b96b-e0068b2c4e41-groupManagement] INFO  server.RaftServerConfigKeys (ConfUtils.java:logGet(46)) - raft.server.log.segment.cache.num.max = 2 (custom)
2024-02-27 07:50:04,621 [1c7f6d53-d2e7-4bdb-b96b-e0068b2c4e41-groupManagement] INFO  server.RaftServerConfigKeys (ConfUtils.java:logGet(46)) - raft.server.log.segment.cache.size.max = 200MB (=209715200) (default)
2024-02-27 07:50:04,621 [1c7f6d53-d2e7-4bdb-b96b-e0068b2c4e41-groupManagement] INFO  server.RaftServerConfigKeys (ConfUtils.java:logGet(46)) - raft.server.log.appender.buffer.byte-limit = 8388608 (custom)
2024-02-27 07:50:04,621 [1c7f6d53-d2e7-4bdb-b96b-e0068b2c4e41-groupManagement] INFO  util.AwaitToRun (AwaitToRun.java:start(81)) - Thread[1c7f6d53-d2e7-4bdb-b96b-e0068b2c4e41@group-6CD0A6AA8046-cacheEviction-AwaitToRun,5,main] started
2024-02-27 07:50:04,621 [1c7f6d53-d2e7-4bdb-b96b-e0068b2c4e41-groupManagement] INFO  segmented.SegmentedRaftLogWorker (SegmentedRaftLogWorker.java:<init>(182)) - new 1c7f6d53-d2e7-4bdb-b96b-e0068b2c4e41@group-6CD0A6AA8046-SegmentedRaftLogWorker for RaftStorageImpl:Storage Directory /home/runner/work/ozone/ozone/hadoop-ozone/integration-test/target/test-dir/MiniOzoneClusterImpl-4c9fddb8-14cc-4d18-9561-dc95ff2af5f2/ozone-meta/datanode-3/ratis/3e0d1136-a396-453f-ba1e-6cd0a6aa8046
2024-02-27 07:50:04,621 [1c7f6d53-d2e7-4bdb-b96b-e0068b2c4e41-groupManagement] INFO  server.RaftServerConfigKeys (ConfUtils.java:logGet(46)) - raft.server.log.queue.byte-limit = 4294967296 (custom)
2024-02-27 07:50:04,621 [1c7f6d53-d2e7-4bdb-b96b-e0068b2c4e41-groupManagement] INFO  server.RaftServerConfigKeys (ConfUtils.java:logGet(46)) - raft.server.log.queue.element-limit = 1024 (custom)
2024-02-27 07:50:04,621 [1c7f6d53-d2e7-4bdb-b96b-e0068b2c4e41-groupManagement] INFO  server.RaftServerConfigKeys (ConfUtils.java:logGet(46)) - raft.server.log.segment.size.max = 67108864 (custom)
2024-02-27 07:50:04,621 [1c7f6d53-d2e7-4bdb-b96b-e0068b2c4e41-groupManagement] INFO  server.RaftServerConfigKeys (ConfUtils.java:logGet(46)) - raft.server.log.preallocated.size = 4194304 (custom)
2024-02-27 07:50:04,621 [1c7f6d53-d2e7-4bdb-b96b-e0068b2c4e41-groupManagement] INFO  server.RaftServerConfigKeys (ConfUtils.java:logGet(46)) - raft.server.log.force.sync.num = 128 (default)
2024-02-27 07:50:04,621 [1c7f6d53-d2e7-4bdb-b96b-e0068b2c4e41-groupManagement] INFO  server.RaftServerConfigKeys (ConfUtils.java:logGet(46)) - raft.server.log.statemachine.data.sync = true (default)
2024-02-27 07:50:04,622 [1c7f6d53-d2e7-4bdb-b96b-e0068b2c4e41-groupManagement] INFO  server.RaftServerConfigKeys (ConfUtils.java:logGet(46)) - raft.server.log.statemachine.data.sync.timeout = 10s (default)
2024-02-27 07:50:04,622 [1c7f6d53-d2e7-4bdb-b96b-e0068b2c4e41-groupManagement] INFO  server.RaftServerConfigKeys (ConfUtils.java:logGet(46)) - raft.server.log.statemachine.data.sync.timeout.retry = 0 (custom)
2024-02-27 07:50:04,622 [1c7f6d53-d2e7-4bdb-b96b-e0068b2c4e41-groupManagement] INFO  server.RaftServerConfigKeys (ConfUtils.java:logGet(46)) - raft.server.log.write.buffer.size = 8388616 (custom)
2024-02-27 07:50:04,623 [1c7f6d53-d2e7-4bdb-b96b-e0068b2c4e41-groupManagement] INFO  server.RaftServerConfigKeys (ConfUtils.java:logGet(46)) - raft.server.log.appender.buffer.byte-limit = 8388608 (custom)
2024-02-27 07:50:04,623 [1c7f6d53-d2e7-4bdb-b96b-e0068b2c4e41-groupManagement] INFO  server.RaftServerConfigKeys (ConfUtils.java:logGet(46)) - raft.server.log.unsafe-flush.enabled = false (default)
2024-02-27 07:50:04,623 [1c7f6d53-d2e7-4bdb-b96b-e0068b2c4e41-groupManagement] INFO  server.RaftServerConfigKeys (ConfUtils.java:logGet(46)) - raft.server.log.async-flush.enabled = false (default)
2024-02-27 07:50:04,623 [1c7f6d53-d2e7-4bdb-b96b-e0068b2c4e41-groupManagement] INFO  server.RaftServerConfigKeys (ConfUtils.java:logGet(46)) - raft.server.log.statemachine.data.caching.enabled = true (custom)
2024-02-27 07:50:04,623 [1c7f6d53-d2e7-4bdb-b96b-e0068b2c4e41-groupManagement] INFO  segmented.SegmentedRaftLogWorker (SegmentedRaftLogWorker.java:lambda$new$0(134)) - 1c7f6d53-d2e7-4bdb-b96b-e0068b2c4e41@group-6CD0A6AA8046-SegmentedRaftLogWorker: flushIndex: setUnconditionally 0 -> -1
2024-02-27 07:50:04,623 [1c7f6d53-d2e7-4bdb-b96b-e0068b2c4e41-groupManagement] INFO  segmented.SegmentedRaftLogWorker (SegmentedRaftLogWorker.java:lambda$new$0(134)) - 1c7f6d53-d2e7-4bdb-b96b-e0068b2c4e41@group-6CD0A6AA8046-SegmentedRaftLogWorker: safeCacheEvictIndex: setUnconditionally 0 -> -1
2024-02-27 07:50:04,623 [1c7f6d53-d2e7-4bdb-b96b-e0068b2c4e41-groupManagement] INFO  server.RaftServer$Division (RaftServerImpl.java:start(396)) - 1c7f6d53-d2e7-4bdb-b96b-e0068b2c4e41@group-6CD0A6AA8046: start as a follower, conf=-1: peers:[1c7f6d53-d2e7-4bdb-b96b-e0068b2c4e41|10.1.0.19:15255]|listeners:[], old=null
2024-02-27 07:50:04,623 [1c7f6d53-d2e7-4bdb-b96b-e0068b2c4e41-groupManagement] INFO  server.RaftServer$Division (RaftServerImpl.java:setRole(383)) - 1c7f6d53-d2e7-4bdb-b96b-e0068b2c4e41@group-6CD0A6AA8046: changes role from      null to FOLLOWER at term 0 for startAsFollower
2024-02-27 07:50:04,624 [1c7f6d53-d2e7-4bdb-b96b-e0068b2c4e41-groupManagement] INFO  impl.RoleInfo (RoleInfo.java:updateAndGet(139)) - 1c7f6d53-d2e7-4bdb-b96b-e0068b2c4e41: start 1c7f6d53-d2e7-4bdb-b96b-e0068b2c4e41@group-6CD0A6AA8046-FollowerState
2024-02-27 07:50:04,624 [1c7f6d53-d2e7-4bdb-b96b-e0068b2c4e41@group-6CD0A6AA8046-FollowerState] INFO  server.RaftServerConfigKeys (ConfUtils.java:logFallback(53)) - raft.server.rpc.first-election.timeout.min = 5s (fallback to raft.server.rpc.timeout.min)
2024-02-27 07:50:04,624 [1c7f6d53-d2e7-4bdb-b96b-e0068b2c4e41-groupManagement] INFO  util.JmxRegister (JmxRegister.java:tryRegister(44)) - Successfully registered JMX Bean with object name Ratis:service=RaftServer,group=group-6CD0A6AA8046,id=1c7f6d53-d2e7-4bdb-b96b-e0068b2c4e41
2024-02-27 07:50:04,624 [1c7f6d53-d2e7-4bdb-b96b-e0068b2c4e41@group-6CD0A6AA8046-FollowerState] INFO  server.RaftServerConfigKeys (ConfUtils.java:logFallback(53)) - raft.server.rpc.first-election.timeout.max = 5200ms (fallback to raft.server.rpc.timeout.max)
2024-02-27 07:50:04,624 [1c7f6d53-d2e7-4bdb-b96b-e0068b2c4e41-groupManagement] INFO  server.RaftServerConfigKeys (ConfUtils.java:logGet(46)) - raft.server.snapshot.trigger-when-stop.enabled = true (default)
2024-02-27 07:50:04,624 [1c7f6d53-d2e7-4bdb-b96b-e0068b2c4e41-groupManagement] INFO  server.RaftServerConfigKeys (ConfUtils.java:logGet(46)) - raft.server.snapshot.auto.trigger.enabled = true (custom)
2024-02-27 07:50:04,624 [1c7f6d53-d2e7-4bdb-b96b-e0068b2c4e41-groupManagement] INFO  server.RaftServerConfigKeys (ConfUtils.java:logGet(46)) - raft.server.snapshot.auto.trigger.threshold = 10000 (custom)
2024-02-27 07:50:04,624 [1c7f6d53-d2e7-4bdb-b96b-e0068b2c4e41-groupManagement] INFO  server.RaftServerConfigKeys (ConfUtils.java:logGet(46)) - raft.server.snapshot.retention.file.num = 5 (custom)
2024-02-27 07:50:04,624 [1c7f6d53-d2e7-4bdb-b96b-e0068b2c4e41-groupManagement] INFO  server.RaftServerConfigKeys (ConfUtils.java:logGet(46)) - raft.server.log.purge.upto.snapshot.index = false (default)
2024-02-27 07:50:04,624 [1c7f6d53-d2e7-4bdb-b96b-e0068b2c4e41-PipelineCommandHandlerThread-0] INFO  ratis.XceiverServerRatis (XceiverServerRatis.java:addGroup(864)) - Created group PipelineID=3e0d1136-a396-453f-ba1e-6cd0a6aa8046
2024-02-27 07:50:04,624 [1c7f6d53-d2e7-4bdb-b96b-e0068b2c4e41-PipelineCommandHandlerThread-0] INFO  commandhandler.CreatePipelineCommandHandler (CreatePipelineCommandHandler.java:lambda$handle$2(124)) - Created Pipeline RATIS ONE PipelineID=3e0d1136-a396-453f-ba1e-6cd0a6aa8046.
2024-02-27 07:50:05,616 [main] INFO  ozone.MiniOzoneClusterImpl (MiniOzoneClusterImpl.java:lambda$waitForClusterToBeReady$0(195)) - Nodes are ready. Got 3 of 3 DN Heartbeats.
2024-02-27 07:50:05,617 [main] INFO  ozone.MiniOzoneClusterImpl (MiniOzoneClusterImpl.java:lambda$waitForClusterToBeReady$0(198)) - Waiting for cluster to exit safe mode
2024-02-27 07:50:05,617 [main] INFO  ozone.MiniOzoneClusterImpl (MiniOzoneClusterImpl.java:lambda$waitForClusterToBeReady$0(200)) - SCM became leader
2024-02-27 07:50:06,617 [main] INFO  ozone.MiniOzoneClusterImpl (MiniOzoneClusterImpl.java:lambda$waitForClusterToBeReady$0(195)) - Nodes are ready. Got 3 of 3 DN Heartbeats.
2024-02-27 07:50:06,617 [main] INFO  ozone.MiniOzoneClusterImpl (MiniOzoneClusterImpl.java:lambda$waitForClusterToBeReady$0(198)) - Waiting for cluster to exit safe mode
2024-02-27 07:50:06,617 [main] INFO  ozone.MiniOzoneClusterImpl (MiniOzoneClusterImpl.java:lambda$waitForClusterToBeReady$0(200)) - SCM became leader
2024-02-27 07:50:07,617 [main] INFO  ozone.MiniOzoneClusterImpl (MiniOzoneClusterImpl.java:lambda$waitForClusterToBeReady$0(195)) - Nodes are ready. Got 3 of 3 DN Heartbeats.
2024-02-27 07:50:07,618 [main] INFO  ozone.MiniOzoneClusterImpl (MiniOzoneClusterImpl.java:lambda$waitForClusterToBeReady$0(198)) - Waiting for cluster to exit safe mode
2024-02-27 07:50:07,618 [main] INFO  ozone.MiniOzoneClusterImpl (MiniOzoneClusterImpl.java:lambda$waitForClusterToBeReady$0(200)) - SCM became leader
2024-02-27 07:50:08,618 [main] INFO  ozone.MiniOzoneClusterImpl (MiniOzoneClusterImpl.java:lambda$waitForClusterToBeReady$0(195)) - Nodes are ready. Got 3 of 3 DN Heartbeats.
2024-02-27 07:50:08,618 [main] INFO  ozone.MiniOzoneClusterImpl (MiniOzoneClusterImpl.java:lambda$waitForClusterToBeReady$0(198)) - Waiting for cluster to exit safe mode
2024-02-27 07:50:08,618 [main] INFO  ozone.MiniOzoneClusterImpl (MiniOzoneClusterImpl.java:lambda$waitForClusterToBeReady$0(200)) - SCM became leader
2024-02-27 07:50:09,430 [7e131a2a-66d5-444e-90e8-7bf3dd0ed196@group-124323D34285-FollowerState] INFO  impl.FollowerState (FollowerState.java:run(143)) - 7e131a2a-66d5-444e-90e8-7bf3dd0ed196@group-124323D34285-FollowerState: change to CANDIDATE, lastRpcElapsedTime:5032477541ns, electionTimeout:5032ms
2024-02-27 07:50:09,430 [7e131a2a-66d5-444e-90e8-7bf3dd0ed196@group-124323D34285-FollowerState] INFO  impl.RoleInfo (RoleInfo.java:shutdownFollowerState(110)) - 7e131a2a-66d5-444e-90e8-7bf3dd0ed196: shutdown 7e131a2a-66d5-444e-90e8-7bf3dd0ed196@group-124323D34285-FollowerState
2024-02-27 07:50:09,430 [7e131a2a-66d5-444e-90e8-7bf3dd0ed196@group-124323D34285-FollowerState] INFO  server.RaftServer$Division (RaftServerImpl.java:setRole(383)) - 7e131a2a-66d5-444e-90e8-7bf3dd0ed196@group-124323D34285: changes role from  FOLLOWER to CANDIDATE at term 0 for changeToCandidate
2024-02-27 07:50:09,430 [7e131a2a-66d5-444e-90e8-7bf3dd0ed196@group-124323D34285-FollowerState] INFO  server.RaftServerConfigKeys (ConfUtils.java:logGet(46)) - raft.server.leaderelection.pre-vote = true (default)
2024-02-27 07:50:09,430 [7e131a2a-66d5-444e-90e8-7bf3dd0ed196@group-124323D34285-FollowerState] INFO  impl.RoleInfo (RoleInfo.java:updateAndGet(139)) - 7e131a2a-66d5-444e-90e8-7bf3dd0ed196: start 7e131a2a-66d5-444e-90e8-7bf3dd0ed196@group-124323D34285-LeaderElection50
2024-02-27 07:50:09,432 [7e131a2a-66d5-444e-90e8-7bf3dd0ed196@group-124323D34285-LeaderElection50] INFO  impl.LeaderElection (LeaderElection.java:askForVotes(321)) - 7e131a2a-66d5-444e-90e8-7bf3dd0ed196@group-124323D34285-LeaderElection50 PRE_VOTE round 0: submit vote requests at term 0 for -1: peers:[7e131a2a-66d5-444e-90e8-7bf3dd0ed196|10.1.0.19:15237]|listeners:[], old=null
2024-02-27 07:50:09,432 [7e131a2a-66d5-444e-90e8-7bf3dd0ed196@group-124323D34285-LeaderElection50] INFO  impl.LeaderElection (LeaderElection.java:askForVotes(323)) - 7e131a2a-66d5-444e-90e8-7bf3dd0ed196@group-124323D34285-LeaderElection50 PRE_VOTE round 0: result PASSED (term=0)
2024-02-27 07:50:09,433 [7e131a2a-66d5-444e-90e8-7bf3dd0ed196@group-124323D34285-LeaderElection50] INFO  impl.LeaderElection (LeaderElection.java:askForVotes(321)) - 7e131a2a-66d5-444e-90e8-7bf3dd0ed196@group-124323D34285-LeaderElection50 ELECTION round 0: submit vote requests at term 1 for -1: peers:[7e131a2a-66d5-444e-90e8-7bf3dd0ed196|10.1.0.19:15237]|listeners:[], old=null
2024-02-27 07:50:09,433 [7e131a2a-66d5-444e-90e8-7bf3dd0ed196@group-124323D34285-LeaderElection50] INFO  impl.LeaderElection (LeaderElection.java:askForVotes(323)) - 7e131a2a-66d5-444e-90e8-7bf3dd0ed196@group-124323D34285-LeaderElection50 ELECTION round 0: result PASSED (term=1)
2024-02-27 07:50:09,433 [7e131a2a-66d5-444e-90e8-7bf3dd0ed196@group-124323D34285-LeaderElection50] INFO  impl.RoleInfo (RoleInfo.java:shutdownLeaderElection(130)) - 7e131a2a-66d5-444e-90e8-7bf3dd0ed196: shutdown 7e131a2a-66d5-444e-90e8-7bf3dd0ed196@group-124323D34285-LeaderElection50
2024-02-27 07:50:09,433 [7e131a2a-66d5-444e-90e8-7bf3dd0ed196@group-124323D34285-LeaderElection50] INFO  server.RaftServer$Division (RaftServerImpl.java:setRole(383)) - 7e131a2a-66d5-444e-90e8-7bf3dd0ed196@group-124323D34285: changes role from CANDIDATE to LEADER at term 1 for changeToLeader
2024-02-27 07:50:09,433 [7e131a2a-66d5-444e-90e8-7bf3dd0ed196@group-124323D34285-LeaderElection50] INFO  server.RaftServerConfigKeys (ConfUtils.java:logGet(46)) - raft.server.staging.catchup.gap = 1000 (default)
2024-02-27 07:50:09,433 [7e131a2a-66d5-444e-90e8-7bf3dd0ed196@group-124323D34285-LeaderElection50] INFO  server.RaftServerConfigKeys (ConfUtils.java:logGet(46)) - raft.server.write.element-limit = 1024 (custom)
2024-02-27 07:50:09,433 [7e131a2a-66d5-444e-90e8-7bf3dd0ed196@group-124323D34285-LeaderElection50] INFO  server.RaftServerConfigKeys (ConfUtils.java:logGet(46)) - raft.server.write.byte-limit = 1024 M (=1073741824) (custom)
2024-02-27 07:50:09,434 [7e131a2a-66d5-444e-90e8-7bf3dd0ed196@group-124323D34285-LeaderElection50] INFO  server.RaftServerConfigKeys (ConfUtils.java:logGet(46)) - raft.server.watch.timeout = 180s (custom)
2024-02-27 07:50:09,434 [7e131a2a-66d5-444e-90e8-7bf3dd0ed196@group-124323D34285-LeaderElection50] INFO  server.RaftServerConfigKeys (ConfUtils.java:logGet(46)) - raft.server.watch.timeout.denomination = 1s (default)
2024-02-27 07:50:09,434 [7e131a2a-66d5-444e-90e8-7bf3dd0ed196@group-124323D34285-LeaderElection50] INFO  server.RaftServerConfigKeys (ConfUtils.java:logGet(46)) - raft.server.watch.element-limit = 65536 (default)
2024-02-27 07:50:09,434 [7e131a2a-66d5-444e-90e8-7bf3dd0ed196@group-124323D34285-LeaderElection50] INFO  server.RaftServerConfigKeys (ConfUtils.java:logGet(46)) - raft.server.read.leader.lease.enabled = false (default)
2024-02-27 07:50:09,434 [7e131a2a-66d5-444e-90e8-7bf3dd0ed196@group-124323D34285-LeaderElection50] INFO  server.RaftServerConfigKeys (ConfUtils.java:logGet(46)) - raft.server.read.leader.lease.timeout.ratio = 0.9 (default)
2024-02-27 07:50:09,434 [7e131a2a-66d5-444e-90e8-7bf3dd0ed196@group-124323D34285-LeaderElection50] INFO  server.RaftServerConfigKeys (ConfUtils.java:logGet(46)) - raft.server.rpc.timeout.min = 5s (custom)
2024-02-27 07:50:09,434 [7e131a2a-66d5-444e-90e8-7bf3dd0ed196@group-124323D34285-LeaderElection50] INFO  server.RaftServerConfigKeys (ConfUtils.java:logGet(46)) - raft.server.write.element-limit = 1024 (custom)
2024-02-27 07:50:09,434 [7e131a2a-66d5-444e-90e8-7bf3dd0ed196@group-124323D34285-LeaderElection50] INFO  server.RaftServerConfigKeys (ConfUtils.java:logGet(46)) - raft.server.write.follower.gap.ratio.max = -1.0 (default)
2024-02-27 07:50:09,434 [7e131a2a-66d5-444e-90e8-7bf3dd0ed196@group-124323D34285-LeaderElection50] INFO  impl.RoleInfo (RoleInfo.java:updateAndGet(139)) - 7e131a2a-66d5-444e-90e8-7bf3dd0ed196: start 7e131a2a-66d5-444e-90e8-7bf3dd0ed196@group-124323D34285-LeaderStateImpl
2024-02-27 07:50:09,434 [7e131a2a-66d5-444e-90e8-7bf3dd0ed196@group-124323D34285-LeaderElection50] INFO  server.RaftServer$Division (RaftServerImpl.java:setFirstElection(574)) - 7e131a2a-66d5-444e-90e8-7bf3dd0ed196@group-124323D34285: set firstElectionSinceStartup to false for becomeLeader
2024-02-27 07:50:09,434 [7e131a2a-66d5-444e-90e8-7bf3dd0ed196@group-124323D34285-LeaderElection50] INFO  ratis.XceiverServerRatis (XceiverServerRatis.java:handleLeaderChangedNotification(966)) - Leader change notification received for group: group-124323D34285 with new leaderId: 7e131a2a-66d5-444e-90e8-7bf3dd0ed196
2024-02-27 07:50:09,434 [7e131a2a-66d5-444e-90e8-7bf3dd0ed196@group-124323D34285-LeaderElection50] INFO  server.RaftServer$Division (ServerState.java:setLeader(269)) - 7e131a2a-66d5-444e-90e8-7bf3dd0ed196@group-124323D34285: change Leader from null to 7e131a2a-66d5-444e-90e8-7bf3dd0ed196 at term 1 for becomeLeader, leader elected after 5047ms
2024-02-27 07:50:09,434 [7e131a2a-66d5-444e-90e8-7bf3dd0ed196@group-124323D34285-LeaderElection50] INFO  segmented.SegmentedRaftLogWorker (SegmentedRaftLogWorker.java:startLogSegment(430)) - 7e131a2a-66d5-444e-90e8-7bf3dd0ed196@group-124323D34285-SegmentedRaftLogWorker: Starting segment from index:0
2024-02-27 07:50:09,435 [7e131a2a-66d5-444e-90e8-7bf3dd0ed196@group-124323D34285-SegmentedRaftLogWorker] INFO  segmented.BufferedWriteChannel (BufferedWriteChannel.java:open(62)) - open log_inprogress_0 at position 0
2024-02-27 07:50:09,435 [EventQueue-OpenPipelineForHealthyPipelineSafeModeRule] INFO  safemode.SCMSafeModeManager (HealthyPipelineSafeModeRule.java:process(140)) - SCM in safe mode. Healthy pipelines reported count is 0, required healthy pipeline reported count is 1
2024-02-27 07:50:09,437 [7e131a2a-66d5-444e-90e8-7bf3dd0ed196@group-124323D34285-LeaderElection50] INFO  server.RaftServer$Division (ServerState.java:setRaftConf(386)) - 7e131a2a-66d5-444e-90e8-7bf3dd0ed196@group-124323D34285: set configuration 0: peers:[7e131a2a-66d5-444e-90e8-7bf3dd0ed196|10.1.0.19:15237]|listeners:[], old=null
2024-02-27 07:50:09,442 [7e131a2a-66d5-444e-90e8-7bf3dd0ed196@group-124323D34285-SegmentedRaftLogWorker] INFO  segmented.SegmentedRaftLogWorker (SegmentedRaftLogWorker.java:execute(634)) - 7e131a2a-66d5-444e-90e8-7bf3dd0ed196@group-124323D34285-SegmentedRaftLogWorker: created new log segment /home/runner/work/ozone/ozone/hadoop-ozone/integration-test/target/test-dir/MiniOzoneClusterImpl-4c9fddb8-14cc-4d18-9561-dc95ff2af5f2/ozone-meta/datanode-1/ratis/fceb69c2-20b4-41b3-a40e-124323d34285/current/log_inprogress_0
2024-02-27 07:50:09,444 [7e131a2a-66d5-444e-90e8-7bf3dd0ed196@group-124323D34285-StateMachineUpdater] INFO  server.RaftServer$Division (LeaderStateImpl.java:isApplied(320)) - leader is ready since appliedIndex == 0 >= startIndex == 0
2024-02-27 07:50:09,462 [7e131a2a-66d5-444e-90e8-7bf3dd0ed196@group-71E5127A0926-FollowerState] INFO  impl.FollowerState (FollowerState.java:run(143)) - 7e131a2a-66d5-444e-90e8-7bf3dd0ed196@group-71E5127A0926-FollowerState: change to CANDIDATE, lastRpcElapsedTime:5053081854ns, electionTimeout:5052ms
2024-02-27 07:50:09,462 [7e131a2a-66d5-444e-90e8-7bf3dd0ed196@group-71E5127A0926-FollowerState] INFO  impl.RoleInfo (RoleInfo.java:shutdownFollowerState(110)) - 7e131a2a-66d5-444e-90e8-7bf3dd0ed196: shutdown 7e131a2a-66d5-444e-90e8-7bf3dd0ed196@group-71E5127A0926-FollowerState
2024-02-27 07:50:09,462 [7e131a2a-66d5-444e-90e8-7bf3dd0ed196@group-71E5127A0926-FollowerState] INFO  server.RaftServer$Division (RaftServerImpl.java:setRole(383)) - 7e131a2a-66d5-444e-90e8-7bf3dd0ed196@group-71E5127A0926: changes role from  FOLLOWER to CANDIDATE at term 0 for changeToCandidate
2024-02-27 07:50:09,462 [fa5d0107-e57d-410d-980d-33f92c3a8e71@group-71E5127A0926-FollowerState] INFO  impl.FollowerState (FollowerState.java:run(143)) - fa5d0107-e57d-410d-980d-33f92c3a8e71@group-71E5127A0926-FollowerState: change to CANDIDATE, lastRpcElapsedTime:5035552534ns, electionTimeout:5035ms
2024-02-27 07:50:09,462 [7e131a2a-66d5-444e-90e8-7bf3dd0ed196@group-71E5127A0926-FollowerState] INFO  server.RaftServerConfigKeys (ConfUtils.java:logGet(46)) - raft.server.leaderelection.pre-vote = true (default)
2024-02-27 07:50:09,462 [7e131a2a-66d5-444e-90e8-7bf3dd0ed196@group-71E5127A0926-FollowerState] INFO  impl.RoleInfo (RoleInfo.java:updateAndGet(139)) - 7e131a2a-66d5-444e-90e8-7bf3dd0ed196: start 7e131a2a-66d5-444e-90e8-7bf3dd0ed196@group-71E5127A0926-LeaderElection51
2024-02-27 07:50:09,462 [fa5d0107-e57d-410d-980d-33f92c3a8e71@group-71E5127A0926-FollowerState] INFO  impl.RoleInfo (RoleInfo.java:shutdownFollowerState(110)) - fa5d0107-e57d-410d-980d-33f92c3a8e71: shutdown fa5d0107-e57d-410d-980d-33f92c3a8e71@group-71E5127A0926-FollowerState
2024-02-27 07:50:09,462 [fa5d0107-e57d-410d-980d-33f92c3a8e71@group-71E5127A0926-FollowerState] INFO  server.RaftServer$Division (RaftServerImpl.java:setRole(383)) - fa5d0107-e57d-410d-980d-33f92c3a8e71@group-71E5127A0926: changes role from  FOLLOWER to CANDIDATE at term 0 for changeToCandidate
2024-02-27 07:50:09,462 [fa5d0107-e57d-410d-980d-33f92c3a8e71@group-71E5127A0926-FollowerState] INFO  server.RaftServerConfigKeys (ConfUtils.java:logGet(46)) - raft.server.leaderelection.pre-vote = true (default)
2024-02-27 07:50:09,462 [fa5d0107-e57d-410d-980d-33f92c3a8e71@group-71E5127A0926-FollowerState] INFO  impl.RoleInfo (RoleInfo.java:updateAndGet(139)) - fa5d0107-e57d-410d-980d-33f92c3a8e71: start fa5d0107-e57d-410d-980d-33f92c3a8e71@group-71E5127A0926-LeaderElection52
2024-02-27 07:50:09,463 [7e131a2a-66d5-444e-90e8-7bf3dd0ed196@group-71E5127A0926-LeaderElection51] INFO  impl.LeaderElection (LeaderElection.java:askForVotes(321)) - 7e131a2a-66d5-444e-90e8-7bf3dd0ed196@group-71E5127A0926-LeaderElection51 PRE_VOTE round 0: submit vote requests at term 0 for -1: peers:[1c7f6d53-d2e7-4bdb-b96b-e0068b2c4e41|10.1.0.19:15255, 7e131a2a-66d5-444e-90e8-7bf3dd0ed196|10.1.0.19:15237, fa5d0107-e57d-410d-980d-33f92c3a8e71|10.1.0.19:15246]|listeners:[], old=null
2024-02-27 07:50:09,464 [1c7f6d53-d2e7-4bdb-b96b-e0068b2c4e41@group-71E5127A0926-FollowerState] INFO  impl.FollowerState (FollowerState.java:run(143)) - 1c7f6d53-d2e7-4bdb-b96b-e0068b2c4e41@group-71E5127A0926-FollowerState: change to CANDIDATE, lastRpcElapsedTime:5016855603ns, electionTimeout:5016ms
2024-02-27 07:50:09,464 [1c7f6d53-d2e7-4bdb-b96b-e0068b2c4e41@group-71E5127A0926-FollowerState] INFO  impl.RoleInfo (RoleInfo.java:shutdownFollowerState(110)) - 1c7f6d53-d2e7-4bdb-b96b-e0068b2c4e41: shutdown 1c7f6d53-d2e7-4bdb-b96b-e0068b2c4e41@group-71E5127A0926-FollowerState
2024-02-27 07:50:09,464 [1c7f6d53-d2e7-4bdb-b96b-e0068b2c4e41@group-71E5127A0926-FollowerState] INFO  server.RaftServer$Division (RaftServerImpl.java:setRole(383)) - 1c7f6d53-d2e7-4bdb-b96b-e0068b2c4e41@group-71E5127A0926: changes role from  FOLLOWER to CANDIDATE at term 0 for changeToCandidate
2024-02-27 07:50:09,464 [fa5d0107-e57d-410d-980d-33f92c3a8e71@group-71E5127A0926-LeaderElection52] INFO  impl.LeaderElection (LeaderElection.java:askForVotes(321)) - fa5d0107-e57d-410d-980d-33f92c3a8e71@group-71E5127A0926-LeaderElection52 PRE_VOTE round 0: submit vote requests at term 0 for -1: peers:[1c7f6d53-d2e7-4bdb-b96b-e0068b2c4e41|10.1.0.19:15255, 7e131a2a-66d5-444e-90e8-7bf3dd0ed196|10.1.0.19:15237, fa5d0107-e57d-410d-980d-33f92c3a8e71|10.1.0.19:15246]|listeners:[], old=null
2024-02-27 07:50:09,465 [7e131a2a-66d5-444e-90e8-7bf3dd0ed196@group-71E5127A0926-LeaderElection51] INFO  server.RaftServerConfigKeys (ConfUtils.java:logFallback(53)) - raft.server.rpc.first-election.timeout.min = 5s (fallback to raft.server.rpc.timeout.min)
2024-02-27 07:50:09,465 [1c7f6d53-d2e7-4bdb-b96b-e0068b2c4e41@group-71E5127A0926-FollowerState] INFO  server.RaftServerConfigKeys (ConfUtils.java:logGet(46)) - raft.server.leaderelection.pre-vote = true (default)
2024-02-27 07:50:09,465 [1c7f6d53-d2e7-4bdb-b96b-e0068b2c4e41@group-71E5127A0926-FollowerState] INFO  impl.RoleInfo (RoleInfo.java:updateAndGet(139)) - 1c7f6d53-d2e7-4bdb-b96b-e0068b2c4e41: start 1c7f6d53-d2e7-4bdb-b96b-e0068b2c4e41@group-71E5127A0926-LeaderElection53
2024-02-27 07:50:09,465 [7e131a2a-66d5-444e-90e8-7bf3dd0ed196@group-71E5127A0926-LeaderElection51-2] INFO  server.GrpcServerProtocolClient (GrpcServerProtocolClient.java:<init>(65)) - Build channel for fa5d0107-e57d-410d-980d-33f92c3a8e71|10.1.0.19:15246
2024-02-27 07:50:09,465 [7e131a2a-66d5-444e-90e8-7bf3dd0ed196@group-71E5127A0926-LeaderElection51] INFO  server.RaftServerConfigKeys (ConfUtils.java:logFallback(53)) - raft.server.rpc.first-election.timeout.max = 5200ms (fallback to raft.server.rpc.timeout.max)
2024-02-27 07:50:09,465 [7e131a2a-66d5-444e-90e8-7bf3dd0ed196@group-71E5127A0926-LeaderElection51-1] INFO  server.GrpcServerProtocolClient (GrpcServerProtocolClient.java:<init>(65)) - Build channel for 1c7f6d53-d2e7-4bdb-b96b-e0068b2c4e41|10.1.0.19:15255
2024-02-27 07:50:09,465 [fa5d0107-e57d-410d-980d-33f92c3a8e71@group-71E5127A0926-LeaderElection52-1] INFO  server.GrpcServerProtocolClient (GrpcServerProtocolClient.java:<init>(65)) - Build channel for 1c7f6d53-d2e7-4bdb-b96b-e0068b2c4e41|10.1.0.19:15255
2024-02-27 07:50:09,469 [1c7f6d53-d2e7-4bdb-b96b-e0068b2c4e41@group-71E5127A0926-LeaderElection53] INFO  impl.LeaderElection (LeaderElection.java:askForVotes(321)) - 1c7f6d53-d2e7-4bdb-b96b-e0068b2c4e41@group-71E5127A0926-LeaderElection53 PRE_VOTE round 0: submit vote requests at term 0 for -1: peers:[1c7f6d53-d2e7-4bdb-b96b-e0068b2c4e41|10.1.0.19:15255, 7e131a2a-66d5-444e-90e8-7bf3dd0ed196|10.1.0.19:15237, fa5d0107-e57d-410d-980d-33f92c3a8e71|10.1.0.19:15246]|listeners:[], old=null
2024-02-27 07:50:09,469 [fa5d0107-e57d-410d-980d-33f92c3a8e71@group-71E5127A0926-LeaderElection52] INFO  server.RaftServerConfigKeys (ConfUtils.java:logFallback(53)) - raft.server.rpc.first-election.timeout.min = 5s (fallback to raft.server.rpc.timeout.min)
2024-02-27 07:50:09,470 [fa5d0107-e57d-410d-980d-33f92c3a8e71@group-71E5127A0926-LeaderElection52] INFO  server.RaftServerConfigKeys (ConfUtils.java:logFallback(53)) - raft.server.rpc.first-election.timeout.max = 5200ms (fallback to raft.server.rpc.timeout.max)
2024-02-27 07:50:09,470 [fa5d0107-e57d-410d-980d-33f92c3a8e71@group-71E5127A0926-LeaderElection52-2] INFO  server.GrpcServerProtocolClient (GrpcServerProtocolClient.java:<init>(65)) - Build channel for 7e131a2a-66d5-444e-90e8-7bf3dd0ed196|10.1.0.19:15237
2024-02-27 07:50:09,470 [1c7f6d53-d2e7-4bdb-b96b-e0068b2c4e41@group-71E5127A0926-LeaderElection53] INFO  server.RaftServerConfigKeys (ConfUtils.java:logFallback(53)) - raft.server.rpc.first-election.timeout.min = 5s (fallback to raft.server.rpc.timeout.min)
2024-02-27 07:50:09,470 [1c7f6d53-d2e7-4bdb-b96b-e0068b2c4e41@group-71E5127A0926-LeaderElection53-2] INFO  server.GrpcServerProtocolClient (GrpcServerProtocolClient.java:<init>(65)) - Build channel for fa5d0107-e57d-410d-980d-33f92c3a8e71|10.1.0.19:15246
2024-02-27 07:50:09,470 [1c7f6d53-d2e7-4bdb-b96b-e0068b2c4e41@group-71E5127A0926-LeaderElection53] INFO  server.RaftServerConfigKeys (ConfUtils.java:logFallback(53)) - raft.server.rpc.first-election.timeout.max = 5200ms (fallback to raft.server.rpc.timeout.max)
2024-02-27 07:50:09,471 [1c7f6d53-d2e7-4bdb-b96b-e0068b2c4e41@group-71E5127A0926-LeaderElection53-1] INFO  server.GrpcServerProtocolClient (GrpcServerProtocolClient.java:<init>(65)) - Build channel for 7e131a2a-66d5-444e-90e8-7bf3dd0ed196|10.1.0.19:15237
2024-02-27 07:50:09,475 [grpc-default-executor-5] INFO  server.RaftServer$Division (RaftServerImpl.java:requestVote(1389)) - 7e131a2a-66d5-444e-90e8-7bf3dd0ed196@group-71E5127A0926: receive requestVote(PRE_VOTE, 1c7f6d53-d2e7-4bdb-b96b-e0068b2c4e41, group-71E5127A0926, 0, (t:0, i:0))
2024-02-27 07:50:09,475 [grpc-default-executor-5] INFO  impl.VoteContext (VoteContext.java:log(49)) - 7e131a2a-66d5-444e-90e8-7bf3dd0ed196@group-71E5127A0926-CANDIDATE: accept PRE_VOTE from 1c7f6d53-d2e7-4bdb-b96b-e0068b2c4e41: our priority 0 <= candidate's priority 1
2024-02-27 07:50:09,475 [grpc-default-executor-5] INFO  server.RaftServer$Division (RaftServerImpl.java:requestVote(1422)) - 7e131a2a-66d5-444e-90e8-7bf3dd0ed196@group-71E5127A0926 replies to PRE_VOTE vote request: 1c7f6d53-d2e7-4bdb-b96b-e0068b2c4e41<-7e131a2a-66d5-444e-90e8-7bf3dd0ed196#0:OK-t0. Peer's state: 7e131a2a-66d5-444e-90e8-7bf3dd0ed196@group-71E5127A0926:t0, leader=null, voted=, raftlog=Memoized:7e131a2a-66d5-444e-90e8-7bf3dd0ed196@group-71E5127A0926-SegmentedRaftLog:OPENED:c-1, conf=-1: peers:[1c7f6d53-d2e7-4bdb-b96b-e0068b2c4e41|10.1.0.19:15255, 7e131a2a-66d5-444e-90e8-7bf3dd0ed196|10.1.0.19:15237, fa5d0107-e57d-410d-980d-33f92c3a8e71|10.1.0.19:15246]|listeners:[], old=null
2024-02-27 07:50:09,475 [7e131a2a-66d5-444e-90e8-7bf3dd0ed196@group-0BFB88997392-FollowerState] INFO  impl.FollowerState (FollowerState.java:run(143)) - 7e131a2a-66d5-444e-90e8-7bf3dd0ed196@group-0BFB88997392-FollowerState: change to CANDIDATE, lastRpcElapsedTime:5011488772ns, electionTimeout:5011ms
2024-02-27 07:50:09,475 [7e131a2a-66d5-444e-90e8-7bf3dd0ed196@group-0BFB88997392-FollowerState] INFO  impl.RoleInfo (RoleInfo.java:shutdownFollowerState(110)) - 7e131a2a-66d5-444e-90e8-7bf3dd0ed196: shutdown 7e131a2a-66d5-444e-90e8-7bf3dd0ed196@group-0BFB88997392-FollowerState
2024-02-27 07:50:09,475 [7e131a2a-66d5-444e-90e8-7bf3dd0ed196@group-0BFB88997392-FollowerState] INFO  server.RaftServer$Division (RaftServerImpl.java:setRole(383)) - 7e131a2a-66d5-444e-90e8-7bf3dd0ed196@group-0BFB88997392: changes role from  FOLLOWER to CANDIDATE at term 0 for changeToCandidate
2024-02-27 07:50:09,475 [7e131a2a-66d5-444e-90e8-7bf3dd0ed196@group-0BFB88997392-FollowerState] INFO  server.RaftServerConfigKeys (ConfUtils.java:logGet(46)) - raft.server.leaderelection.pre-vote = true (default)
2024-02-27 07:50:09,475 [7e131a2a-66d5-444e-90e8-7bf3dd0ed196@group-0BFB88997392-FollowerState] INFO  impl.RoleInfo (RoleInfo.java:updateAndGet(139)) - 7e131a2a-66d5-444e-90e8-7bf3dd0ed196: start 7e131a2a-66d5-444e-90e8-7bf3dd0ed196@group-0BFB88997392-LeaderElection54
2024-02-27 07:50:09,480 [1c7f6d53-d2e7-4bdb-b96b-e0068b2c4e41@group-71E5127A0926-LeaderElection53] INFO  impl.LeaderElection (LeaderElection.java:logAndReturn(89)) - 1c7f6d53-d2e7-4bdb-b96b-e0068b2c4e41@group-71E5127A0926-LeaderElection53: PRE_VOTE PASSED received 1 response(s) and 0 exception(s):
2024-02-27 07:50:09,480 [7e131a2a-66d5-444e-90e8-7bf3dd0ed196@group-0BFB88997392-LeaderElection54] INFO  impl.LeaderElection (LeaderElection.java:askForVotes(321)) - 7e131a2a-66d5-444e-90e8-7bf3dd0ed196@group-0BFB88997392-LeaderElection54 PRE_VOTE round 0: submit vote requests at term 0 for -1: peers:[1c7f6d53-d2e7-4bdb-b96b-e0068b2c4e41|10.1.0.19:15255, 7e131a2a-66d5-444e-90e8-7bf3dd0ed196|10.1.0.19:15237, fa5d0107-e57d-410d-980d-33f92c3a8e71|10.1.0.19:15246]|listeners:[], old=null
2024-02-27 07:50:09,480 [1c7f6d53-d2e7-4bdb-b96b-e0068b2c4e41@group-71E5127A0926-LeaderElection53] INFO  impl.LeaderElection (LeaderElection.java:logAndReturn(93)) -   Response 0: 1c7f6d53-d2e7-4bdb-b96b-e0068b2c4e41<-7e131a2a-66d5-444e-90e8-7bf3dd0ed196#0:OK-t0
2024-02-27 07:50:09,484 [grpc-default-executor-3] INFO  server.RaftServer$Division (RaftServerImpl.java:requestVote(1389)) - fa5d0107-e57d-410d-980d-33f92c3a8e71@group-71E5127A0926: receive requestVote(PRE_VOTE, 1c7f6d53-d2e7-4bdb-b96b-e0068b2c4e41, group-71E5127A0926, 0, (t:0, i:0))
2024-02-27 07:50:09,484 [grpc-default-executor-5] INFO  server.RaftServer$Division (RaftServerImpl.java:requestVote(1389)) - fa5d0107-e57d-410d-980d-33f92c3a8e71@group-71E5127A0926: receive requestVote(PRE_VOTE, 7e131a2a-66d5-444e-90e8-7bf3dd0ed196, group-71E5127A0926, 0, (t:0, i:0))
2024-02-27 07:50:09,484 [grpc-default-executor-3] INFO  impl.VoteContext (VoteContext.java:log(49)) - fa5d0107-e57d-410d-980d-33f92c3a8e71@group-71E5127A0926-CANDIDATE: accept PRE_VOTE from 1c7f6d53-d2e7-4bdb-b96b-e0068b2c4e41: our priority 0 <= candidate's priority 1
2024-02-27 07:50:09,484 [grpc-default-executor-3] INFO  server.RaftServer$Division (RaftServerImpl.java:requestVote(1422)) - fa5d0107-e57d-410d-980d-33f92c3a8e71@group-71E5127A0926 replies to PRE_VOTE vote request: 1c7f6d53-d2e7-4bdb-b96b-e0068b2c4e41<-fa5d0107-e57d-410d-980d-33f92c3a8e71#0:OK-t0. Peer's state: fa5d0107-e57d-410d-980d-33f92c3a8e71@group-71E5127A0926:t0, leader=null, voted=, raftlog=Memoized:fa5d0107-e57d-410d-980d-33f92c3a8e71@group-71E5127A0926-SegmentedRaftLog:OPENED:c-1, conf=-1: peers:[1c7f6d53-d2e7-4bdb-b96b-e0068b2c4e41|10.1.0.19:15255, 7e131a2a-66d5-444e-90e8-7bf3dd0ed196|10.1.0.19:15237, fa5d0107-e57d-410d-980d-33f92c3a8e71|10.1.0.19:15246]|listeners:[], old=null
2024-02-27 07:50:09,484 [grpc-default-executor-5] INFO  impl.VoteContext (VoteContext.java:log(49)) - fa5d0107-e57d-410d-980d-33f92c3a8e71@group-71E5127A0926-CANDIDATE: accept PRE_VOTE from 7e131a2a-66d5-444e-90e8-7bf3dd0ed196: our priority 0 <= candidate's priority 0
2024-02-27 07:50:09,484 [grpc-default-executor-5] INFO  server.RaftServer$Division (RaftServerImpl.java:requestVote(1422)) - fa5d0107-e57d-410d-980d-33f92c3a8e71@group-71E5127A0926 replies to PRE_VOTE vote request: 7e131a2a-66d5-444e-90e8-7bf3dd0ed196<-fa5d0107-e57d-410d-980d-33f92c3a8e71#0:OK-t0. Peer's state: fa5d0107-e57d-410d-980d-33f92c3a8e71@group-71E5127A0926:t0, leader=null, voted=, raftlog=Memoized:fa5d0107-e57d-410d-980d-33f92c3a8e71@group-71E5127A0926-SegmentedRaftLog:OPENED:c-1, conf=-1: peers:[1c7f6d53-d2e7-4bdb-b96b-e0068b2c4e41|10.1.0.19:15255, 7e131a2a-66d5-444e-90e8-7bf3dd0ed196|10.1.0.19:15237, fa5d0107-e57d-410d-980d-33f92c3a8e71|10.1.0.19:15246]|listeners:[], old=null
2024-02-27 07:50:09,485 [7e131a2a-66d5-444e-90e8-7bf3dd0ed196@group-0BFB88997392-LeaderElection54] INFO  server.RaftServerConfigKeys (ConfUtils.java:logFallback(53)) - raft.server.rpc.first-election.timeout.min = 5s (fallback to raft.server.rpc.timeout.min)
2024-02-27 07:50:09,485 [7e131a2a-66d5-444e-90e8-7bf3dd0ed196@group-0BFB88997392-LeaderElection54] INFO  server.RaftServerConfigKeys (ConfUtils.java:logFallback(53)) - raft.server.rpc.first-election.timeout.max = 5200ms (fallback to raft.server.rpc.timeout.max)
2024-02-27 07:50:09,485 [1c7f6d53-d2e7-4bdb-b96b-e0068b2c4e41@group-71E5127A0926-LeaderElection53] INFO  impl.LeaderElection (LeaderElection.java:askForVotes(323)) - 1c7f6d53-d2e7-4bdb-b96b-e0068b2c4e41@group-71E5127A0926-LeaderElection53 PRE_VOTE round 0: result PASSED
2024-02-27 07:50:09,486 [grpc-default-executor-3] INFO  server.RaftServer$Division (RaftServerImpl.java:requestVote(1389)) - 7e131a2a-66d5-444e-90e8-7bf3dd0ed196@group-71E5127A0926: receive requestVote(PRE_VOTE, fa5d0107-e57d-410d-980d-33f92c3a8e71, group-71E5127A0926, 0, (t:0, i:0))
2024-02-27 07:50:09,486 [grpc-default-executor-1] INFO  server.RaftServer$Division (RaftServerImpl.java:requestVote(1389)) - 1c7f6d53-d2e7-4bdb-b96b-e0068b2c4e41@group-0BFB88997392: receive requestVote(PRE_VOTE, 7e131a2a-66d5-444e-90e8-7bf3dd0ed196, group-0BFB88997392, 0, (t:0, i:0))
2024-02-27 07:50:09,487 [grpc-default-executor-4] INFO  server.RaftServer$Division (RaftServerImpl.java:requestVote(1389)) - 1c7f6d53-d2e7-4bdb-b96b-e0068b2c4e41@group-71E5127A0926: receive requestVote(PRE_VOTE, 7e131a2a-66d5-444e-90e8-7bf3dd0ed196, group-71E5127A0926, 0, (t:0, i:0))
2024-02-27 07:50:09,487 [grpc-default-executor-1] INFO  impl.VoteContext (VoteContext.java:log(49)) - 1c7f6d53-d2e7-4bdb-b96b-e0068b2c4e41@group-0BFB88997392-FOLLOWER: accept PRE_VOTE from 7e131a2a-66d5-444e-90e8-7bf3dd0ed196: our priority 0 <= candidate's priority 1
2024-02-27 07:50:09,487 [grpc-default-executor-1] INFO  server.RaftServer$Division (RaftServerImpl.java:requestVote(1422)) - 1c7f6d53-d2e7-4bdb-b96b-e0068b2c4e41@group-0BFB88997392 replies to PRE_VOTE vote request: 7e131a2a-66d5-444e-90e8-7bf3dd0ed196<-1c7f6d53-d2e7-4bdb-b96b-e0068b2c4e41#0:OK-t0. Peer's state: 1c7f6d53-d2e7-4bdb-b96b-e0068b2c4e41@group-0BFB88997392:t0, leader=null, voted=, raftlog=Memoized:1c7f6d53-d2e7-4bdb-b96b-e0068b2c4e41@group-0BFB88997392-SegmentedRaftLog:OPENED:c-1, conf=-1: peers:[1c7f6d53-d2e7-4bdb-b96b-e0068b2c4e41|10.1.0.19:15255, 7e131a2a-66d5-444e-90e8-7bf3dd0ed196|10.1.0.19:15237, fa5d0107-e57d-410d-980d-33f92c3a8e71|10.1.0.19:15246]|listeners:[], old=null
2024-02-27 07:50:09,487 [grpc-default-executor-3] INFO  impl.VoteContext (VoteContext.java:log(49)) - 7e131a2a-66d5-444e-90e8-7bf3dd0ed196@group-71E5127A0926-CANDIDATE: accept PRE_VOTE from fa5d0107-e57d-410d-980d-33f92c3a8e71: our priority 0 <= candidate's priority 0
2024-02-27 07:50:09,487 [grpc-default-executor-3] INFO  server.RaftServer$Division (RaftServerImpl.java:requestVote(1422)) - 7e131a2a-66d5-444e-90e8-7bf3dd0ed196@group-71E5127A0926 replies to PRE_VOTE vote request: fa5d0107-e57d-410d-980d-33f92c3a8e71<-7e131a2a-66d5-444e-90e8-7bf3dd0ed196#0:OK-t0. Peer's state: 7e131a2a-66d5-444e-90e8-7bf3dd0ed196@group-71E5127A0926:t0, leader=null, voted=, raftlog=Memoized:7e131a2a-66d5-444e-90e8-7bf3dd0ed196@group-71E5127A0926-SegmentedRaftLog:OPENED:c-1, conf=-1: peers:[1c7f6d53-d2e7-4bdb-b96b-e0068b2c4e41|10.1.0.19:15255, 7e131a2a-66d5-444e-90e8-7bf3dd0ed196|10.1.0.19:15237, fa5d0107-e57d-410d-980d-33f92c3a8e71|10.1.0.19:15246]|listeners:[], old=null
2024-02-27 07:50:09,487 [grpc-default-executor-1] INFO  server.RaftServer$Division (RaftServerImpl.java:requestVote(1389)) - 1c7f6d53-d2e7-4bdb-b96b-e0068b2c4e41@group-71E5127A0926: receive requestVote(PRE_VOTE, fa5d0107-e57d-410d-980d-33f92c3a8e71, group-71E5127A0926, 0, (t:0, i:0))
2024-02-27 07:50:09,487 [1c7f6d53-d2e7-4bdb-b96b-e0068b2c4e41@group-71E5127A0926-LeaderElection53] INFO  impl.LeaderElection (LeaderElection.java:askForVotes(321)) - 1c7f6d53-d2e7-4bdb-b96b-e0068b2c4e41@group-71E5127A0926-LeaderElection53 ELECTION round 0: submit vote requests at term 1 for -1: peers:[1c7f6d53-d2e7-4bdb-b96b-e0068b2c4e41|10.1.0.19:15255, 7e131a2a-66d5-444e-90e8-7bf3dd0ed196|10.1.0.19:15237, fa5d0107-e57d-410d-980d-33f92c3a8e71|10.1.0.19:15246]|listeners:[], old=null
2024-02-27 07:50:09,487 [grpc-default-executor-1] INFO  impl.VoteContext (VoteContext.java:log(49)) - 1c7f6d53-d2e7-4bdb-b96b-e0068b2c4e41@group-71E5127A0926-CANDIDATE: reject PRE_VOTE from fa5d0107-e57d-410d-980d-33f92c3a8e71: our priority 1 > candidate's priority 0
2024-02-27 07:50:09,488 [grpc-default-executor-1] INFO  server.RaftServer$Division (RaftServerImpl.java:requestVote(1422)) - 1c7f6d53-d2e7-4bdb-b96b-e0068b2c4e41@group-71E5127A0926 replies to PRE_VOTE vote request: fa5d0107-e57d-410d-980d-33f92c3a8e71<-1c7f6d53-d2e7-4bdb-b96b-e0068b2c4e41#0:FAIL-t1. Peer's state: 1c7f6d53-d2e7-4bdb-b96b-e0068b2c4e41@group-71E5127A0926:t1, leader=null, voted=1c7f6d53-d2e7-4bdb-b96b-e0068b2c4e41, raftlog=Memoized:1c7f6d53-d2e7-4bdb-b96b-e0068b2c4e41@group-71E5127A0926-SegmentedRaftLog:OPENED:c-1, conf=-1: peers:[1c7f6d53-d2e7-4bdb-b96b-e0068b2c4e41|10.1.0.19:15255, 7e131a2a-66d5-444e-90e8-7bf3dd0ed196|10.1.0.19:15237, fa5d0107-e57d-410d-980d-33f92c3a8e71|10.1.0.19:15246]|listeners:[], old=null
2024-02-27 07:50:09,488 [grpc-default-executor-4] INFO  impl.VoteContext (VoteContext.java:log(49)) - 1c7f6d53-d2e7-4bdb-b96b-e0068b2c4e41@group-71E5127A0926-CANDIDATE: reject PRE_VOTE from 7e131a2a-66d5-444e-90e8-7bf3dd0ed196: our priority 1 > candidate's priority 0
2024-02-27 07:50:09,488 [grpc-default-executor-4] INFO  server.RaftServer$Division (RaftServerImpl.java:requestVote(1422)) - 1c7f6d53-d2e7-4bdb-b96b-e0068b2c4e41@group-71E5127A0926 replies to PRE_VOTE vote request: 7e131a2a-66d5-444e-90e8-7bf3dd0ed196<-1c7f6d53-d2e7-4bdb-b96b-e0068b2c4e41#0:FAIL-t1. Peer's state: 1c7f6d53-d2e7-4bdb-b96b-e0068b2c4e41@group-71E5127A0926:t1, leader=null, voted=1c7f6d53-d2e7-4bdb-b96b-e0068b2c4e41, raftlog=Memoized:1c7f6d53-d2e7-4bdb-b96b-e0068b2c4e41@group-71E5127A0926-SegmentedRaftLog:OPENED:c-1, conf=-1: peers:[1c7f6d53-d2e7-4bdb-b96b-e0068b2c4e41|10.1.0.19:15255, 7e131a2a-66d5-444e-90e8-7bf3dd0ed196|10.1.0.19:15237, fa5d0107-e57d-410d-980d-33f92c3a8e71|10.1.0.19:15246]|listeners:[], old=null
2024-02-27 07:50:09,488 [7e131a2a-66d5-444e-90e8-7bf3dd0ed196@group-71E5127A0926-LeaderElection51] INFO  impl.LeaderElection (LeaderElection.java:logAndReturn(89)) - 7e131a2a-66d5-444e-90e8-7bf3dd0ed196@group-71E5127A0926-LeaderElection51: PRE_VOTE DISCOVERED_A_NEW_TERM (term=1) received 2 response(s) and 0 exception(s):
2024-02-27 07:50:09,488 [7e131a2a-66d5-444e-90e8-7bf3dd0ed196@group-71E5127A0926-LeaderElection51] INFO  impl.LeaderElection (LeaderElection.java:logAndReturn(93)) -   Response 0: 7e131a2a-66d5-444e-90e8-7bf3dd0ed196<-1c7f6d53-d2e7-4bdb-b96b-e0068b2c4e41#0:FAIL-t1
2024-02-27 07:50:09,488 [7e131a2a-66d5-444e-90e8-7bf3dd0ed196@group-71E5127A0926-LeaderElection51] INFO  impl.LeaderElection (LeaderElection.java:logAndReturn(93)) -   Response 1: 7e131a2a-66d5-444e-90e8-7bf3dd0ed196<-fa5d0107-e57d-410d-980d-33f92c3a8e71#0:OK-t0
2024-02-27 07:50:09,488 [grpc-default-executor-1] INFO  server.RaftServer$Division (RaftServerImpl.java:requestVote(1389)) - fa5d0107-e57d-410d-980d-33f92c3a8e71@group-0BFB88997392: receive requestVote(PRE_VOTE, 7e131a2a-66d5-444e-90e8-7bf3dd0ed196, group-0BFB88997392, 0, (t:0, i:0))
2024-02-27 07:50:09,488 [grpc-default-executor-1] INFO  impl.VoteContext (VoteContext.java:log(49)) - fa5d0107-e57d-410d-980d-33f92c3a8e71@group-0BFB88997392-FOLLOWER: accept PRE_VOTE from 7e131a2a-66d5-444e-90e8-7bf3dd0ed196: our priority 0 <= candidate's priority 1
2024-02-27 07:50:09,489 [grpc-default-executor-1] INFO  server.RaftServer$Division (RaftServerImpl.java:requestVote(1422)) - fa5d0107-e57d-410d-980d-33f92c3a8e71@group-0BFB88997392 replies to PRE_VOTE vote request: 7e131a2a-66d5-444e-90e8-7bf3dd0ed196<-fa5d0107-e57d-410d-980d-33f92c3a8e71#0:OK-t0. Peer's state: fa5d0107-e57d-410d-980d-33f92c3a8e71@group-0BFB88997392:t0, leader=null, voted=, raftlog=Memoized:fa5d0107-e57d-410d-980d-33f92c3a8e71@group-0BFB88997392-SegmentedRaftLog:OPENED:c-1, conf=-1: peers:[1c7f6d53-d2e7-4bdb-b96b-e0068b2c4e41|10.1.0.19:15255, 7e131a2a-66d5-444e-90e8-7bf3dd0ed196|10.1.0.19:15237, fa5d0107-e57d-410d-980d-33f92c3a8e71|10.1.0.19:15246]|listeners:[], old=null
2024-02-27 07:50:09,489 [grpc-default-executor-1] INFO  server.RaftServer$Division (RaftServerImpl.java:requestVote(1389)) - 7e131a2a-66d5-444e-90e8-7bf3dd0ed196@group-71E5127A0926: receive requestVote(ELECTION, 1c7f6d53-d2e7-4bdb-b96b-e0068b2c4e41, group-71E5127A0926, 1, (t:0, i:0))
2024-02-27 07:50:09,489 [grpc-default-executor-1] INFO  impl.VoteContext (VoteContext.java:log(49)) - 7e131a2a-66d5-444e-90e8-7bf3dd0ed196@group-71E5127A0926-CANDIDATE: accept ELECTION from 1c7f6d53-d2e7-4bdb-b96b-e0068b2c4e41: our priority 0 <= candidate's priority 1
2024-02-27 07:50:09,489 [grpc-default-executor-1] INFO  server.RaftServer$Division (RaftServerImpl.java:setRole(383)) - 7e131a2a-66d5-444e-90e8-7bf3dd0ed196@group-71E5127A0926: changes role from CANDIDATE to FOLLOWER at term 1 for candidate:1c7f6d53-d2e7-4bdb-b96b-e0068b2c4e41
2024-02-27 07:50:09,489 [grpc-default-executor-1] INFO  impl.RoleInfo (RoleInfo.java:shutdownLeaderElection(130)) - 7e131a2a-66d5-444e-90e8-7bf3dd0ed196: shutdown 7e131a2a-66d5-444e-90e8-7bf3dd0ed196@group-71E5127A0926-LeaderElection51
2024-02-27 07:50:09,493 [7e131a2a-66d5-444e-90e8-7bf3dd0ed196@group-0BFB88997392-LeaderElection54] INFO  impl.LeaderElection (LeaderElection.java:logAndReturn(89)) - 7e131a2a-66d5-444e-90e8-7bf3dd0ed196@group-0BFB88997392-LeaderElection54: PRE_VOTE PASSED received 1 response(s) and 0 exception(s):
2024-02-27 07:50:09,493 [7e131a2a-66d5-444e-90e8-7bf3dd0ed196@group-0BFB88997392-LeaderElection54] INFO  impl.LeaderElection (LeaderElection.java:logAndReturn(93)) -   Response 0: 7e131a2a-66d5-444e-90e8-7bf3dd0ed196<-1c7f6d53-d2e7-4bdb-b96b-e0068b2c4e41#0:OK-t0
2024-02-27 07:50:09,497 [7e131a2a-66d5-444e-90e8-7bf3dd0ed196@group-0BFB88997392-LeaderElection54] INFO  impl.LeaderElection (LeaderElection.java:askForVotes(323)) - 7e131a2a-66d5-444e-90e8-7bf3dd0ed196@group-0BFB88997392-LeaderElection54 PRE_VOTE round 0: result PASSED
2024-02-27 07:50:09,497 [grpc-default-executor-1] INFO  impl.RoleInfo (RoleInfo.java:updateAndGet(139)) - 7e131a2a-66d5-444e-90e8-7bf3dd0ed196: start 7e131a2a-66d5-444e-90e8-7bf3dd0ed196@group-71E5127A0926-FollowerState
2024-02-27 07:50:09,497 [1c7f6d53-d2e7-4bdb-b96b-e0068b2c4e41@group-71E5127A0926-LeaderElection53] INFO  server.RaftServerConfigKeys (ConfUtils.java:logFallback(53)) - raft.server.rpc.first-election.timeout.min = 5s (fallback to raft.server.rpc.timeout.min)
2024-02-27 07:50:09,497 [1c7f6d53-d2e7-4bdb-b96b-e0068b2c4e41@group-71E5127A0926-LeaderElection53] INFO  server.RaftServerConfigKeys (ConfUtils.java:logFallback(53)) - raft.server.rpc.first-election.timeout.max = 5200ms (fallback to raft.server.rpc.timeout.max)
2024-02-27 07:50:09,497 [7e131a2a-66d5-444e-90e8-7bf3dd0ed196@group-71E5127A0926-LeaderElection51] INFO  impl.LeaderElection (LeaderElection.java:askForVotes(323)) - 7e131a2a-66d5-444e-90e8-7bf3dd0ed196@group-71E5127A0926-LeaderElection51 PRE_VOTE round 0: result DISCOVERED_A_NEW_TERM (term=1)
2024-02-27 07:50:09,498 [grpc-default-executor-1] INFO  server.RaftServer$Division (RaftServerImpl.java:setFirstElection(574)) - 7e131a2a-66d5-444e-90e8-7bf3dd0ed196@group-71E5127A0926: set firstElectionSinceStartup to false for candidate:1c7f6d53-d2e7-4bdb-b96b-e0068b2c4e41
2024-02-27 07:50:09,498 [7e131a2a-66d5-444e-90e8-7bf3dd0ed196@group-0BFB88997392-LeaderElection54] INFO  impl.LeaderElection (LeaderElection.java:askForVotes(321)) - 7e131a2a-66d5-444e-90e8-7bf3dd0ed196@group-0BFB88997392-LeaderElection54 ELECTION round 0: submit vote requests at term 1 for -1: peers:[1c7f6d53-d2e7-4bdb-b96b-e0068b2c4e41|10.1.0.19:15255, 7e131a2a-66d5-444e-90e8-7bf3dd0ed196|10.1.0.19:15237, fa5d0107-e57d-410d-980d-33f92c3a8e71|10.1.0.19:15246]|listeners:[], old=null
2024-02-27 07:50:09,498 [fa5d0107-e57d-410d-980d-33f92c3a8e71@group-71E5127A0926-LeaderElection52] INFO  impl.LeaderElection (LeaderElection.java:logAndReturn(89)) - fa5d0107-e57d-410d-980d-33f92c3a8e71@group-71E5127A0926-LeaderElection52: PRE_VOTE DISCOVERED_A_NEW_TERM (term=1) received 2 response(s) and 0 exception(s):
2024-02-27 07:50:09,498 [fa5d0107-e57d-410d-980d-33f92c3a8e71@group-71E5127A0926-LeaderElection52] INFO  impl.LeaderElection (LeaderElection.java:logAndReturn(93)) -   Response 0: fa5d0107-e57d-410d-980d-33f92c3a8e71<-1c7f6d53-d2e7-4bdb-b96b-e0068b2c4e41#0:FAIL-t1
2024-02-27 07:50:09,499 [fa5d0107-e57d-410d-980d-33f92c3a8e71@group-71E5127A0926-LeaderElection52] INFO  impl.LeaderElection (LeaderElection.java:logAndReturn(93)) -   Response 1: fa5d0107-e57d-410d-980d-33f92c3a8e71<-7e131a2a-66d5-444e-90e8-7bf3dd0ed196#0:OK-t0
2024-02-27 07:50:09,499 [grpc-default-executor-3] INFO  server.RaftServer$Division (RaftServerImpl.java:requestVote(1389)) - 1c7f6d53-d2e7-4bdb-b96b-e0068b2c4e41@group-0BFB88997392: receive requestVote(ELECTION, 7e131a2a-66d5-444e-90e8-7bf3dd0ed196, group-0BFB88997392, 1, (t:0, i:0))
2024-02-27 07:50:09,499 [grpc-default-executor-1] INFO  server.RaftServer$Division (RaftServerImpl.java:requestVote(1422)) - 7e131a2a-66d5-444e-90e8-7bf3dd0ed196@group-71E5127A0926 replies to ELECTION vote request: 1c7f6d53-d2e7-4bdb-b96b-e0068b2c4e41<-7e131a2a-66d5-444e-90e8-7bf3dd0ed196#0:OK-t1. Peer's state: 7e131a2a-66d5-444e-90e8-7bf3dd0ed196@group-71E5127A0926:t1, leader=null, voted=1c7f6d53-d2e7-4bdb-b96b-e0068b2c4e41, raftlog=Memoized:7e131a2a-66d5-444e-90e8-7bf3dd0ed196@group-71E5127A0926-SegmentedRaftLog:OPENED:c-1, conf=-1: peers:[1c7f6d53-d2e7-4bdb-b96b-e0068b2c4e41|10.1.0.19:15255, 7e131a2a-66d5-444e-90e8-7bf3dd0ed196|10.1.0.19:15237, fa5d0107-e57d-410d-980d-33f92c3a8e71|10.1.0.19:15246]|listeners:[], old=null
2024-02-27 07:50:09,499 [7e131a2a-66d5-444e-90e8-7bf3dd0ed196@group-0BFB88997392-LeaderElection54] INFO  server.RaftServerConfigKeys (ConfUtils.java:logFallback(53)) - raft.server.rpc.first-election.timeout.min = 5s (fallback to raft.server.rpc.timeout.min)
2024-02-27 07:50:09,499 [grpc-default-executor-4] INFO  server.RaftServer$Division (RaftServerImpl.java:requestVote(1389)) - fa5d0107-e57d-410d-980d-33f92c3a8e71@group-71E5127A0926: receive requestVote(ELECTION, 1c7f6d53-d2e7-4bdb-b96b-e0068b2c4e41, group-71E5127A0926, 1, (t:0, i:0))
2024-02-27 07:50:09,500 [grpc-default-executor-3] INFO  impl.VoteContext (VoteContext.java:log(49)) - 1c7f6d53-d2e7-4bdb-b96b-e0068b2c4e41@group-0BFB88997392-FOLLOWER: accept ELECTION from 7e131a2a-66d5-444e-90e8-7bf3dd0ed196: our priority 0 <= candidate's priority 1
2024-02-27 07:50:09,501 [grpc-default-executor-3] INFO  server.RaftServer$Division (RaftServerImpl.java:setRole(383)) - 1c7f6d53-d2e7-4bdb-b96b-e0068b2c4e41@group-0BFB88997392: changes role from  FOLLOWER to FOLLOWER at term 1 for candidate:7e131a2a-66d5-444e-90e8-7bf3dd0ed196
2024-02-27 07:50:09,501 [grpc-default-executor-3] INFO  impl.RoleInfo (RoleInfo.java:shutdownFollowerState(110)) - 1c7f6d53-d2e7-4bdb-b96b-e0068b2c4e41: shutdown 1c7f6d53-d2e7-4bdb-b96b-e0068b2c4e41@group-0BFB88997392-FollowerState
2024-02-27 07:50:09,500 [fa5d0107-e57d-410d-980d-33f92c3a8e71@group-71E5127A0926-LeaderElection52] INFO  impl.LeaderElection (LeaderElection.java:askForVotes(323)) - fa5d0107-e57d-410d-980d-33f92c3a8e71@group-71E5127A0926-LeaderElection52 PRE_VOTE round 0: result DISCOVERED_A_NEW_TERM (term=1)
2024-02-27 07:50:09,501 [grpc-default-executor-3] INFO  impl.RoleInfo (RoleInfo.java:updateAndGet(139)) - 1c7f6d53-d2e7-4bdb-b96b-e0068b2c4e41: start 1c7f6d53-d2e7-4bdb-b96b-e0068b2c4e41@group-0BFB88997392-FollowerState
2024-02-27 07:50:09,501 [1c7f6d53-d2e7-4bdb-b96b-e0068b2c4e41@group-71E5127A0926-LeaderElection53] INFO  impl.LeaderElection (LeaderElection.java:logAndReturn(89)) - 1c7f6d53-d2e7-4bdb-b96b-e0068b2c4e41@group-71E5127A0926-LeaderElection53: ELECTION PASSED received 1 response(s) and 0 exception(s):
2024-02-27 07:50:09,501 [7e131a2a-66d5-444e-90e8-7bf3dd0ed196@group-0BFB88997392-LeaderElection54] INFO  server.RaftServerConfigKeys (ConfUtils.java:logFallback(53)) - raft.server.rpc.first-election.timeout.max = 5200ms (fallback to raft.server.rpc.timeout.max)
2024-02-27 07:50:09,501 [grpc-default-executor-4] INFO  impl.VoteContext (VoteContext.java:log(49)) - fa5d0107-e57d-410d-980d-33f92c3a8e71@group-71E5127A0926-CANDIDATE: accept ELECTION from 1c7f6d53-d2e7-4bdb-b96b-e0068b2c4e41: our priority 0 <= candidate's priority 1
2024-02-27 07:50:09,501 [grpc-default-executor-4] INFO  server.RaftServer$Division (RaftServerImpl.java:setRole(383)) - fa5d0107-e57d-410d-980d-33f92c3a8e71@group-71E5127A0926: changes role from CANDIDATE to FOLLOWER at term 1 for candidate:1c7f6d53-d2e7-4bdb-b96b-e0068b2c4e41
2024-02-27 07:50:09,501 [grpc-default-executor-4] INFO  impl.RoleInfo (RoleInfo.java:shutdownLeaderElection(130)) - fa5d0107-e57d-410d-980d-33f92c3a8e71: shutdown fa5d0107-e57d-410d-980d-33f92c3a8e71@group-71E5127A0926-LeaderElection52
2024-02-27 07:50:09,501 [grpc-default-executor-4] INFO  impl.RoleInfo (RoleInfo.java:updateAndGet(139)) - fa5d0107-e57d-410d-980d-33f92c3a8e71: start fa5d0107-e57d-410d-980d-33f92c3a8e71@group-71E5127A0926-FollowerState
2024-02-27 07:50:09,501 [grpc-default-executor-3] INFO  server.RaftServer$Division (RaftServerImpl.java:setFirstElection(574)) - 1c7f6d53-d2e7-4bdb-b96b-e0068b2c4e41@group-0BFB88997392: set firstElectionSinceStartup to false for candidate:7e131a2a-66d5-444e-90e8-7bf3dd0ed196
2024-02-27 07:50:09,501 [1c7f6d53-d2e7-4bdb-b96b-e0068b2c4e41@group-71E5127A0926-LeaderElection53] INFO  impl.LeaderElection (LeaderElection.java:logAndReturn(93)) -   Response 0: 1c7f6d53-d2e7-4bdb-b96b-e0068b2c4e41<-7e131a2a-66d5-444e-90e8-7bf3dd0ed196#0:OK-t1
2024-02-27 07:50:09,501 [grpc-default-executor-5] INFO  server.RaftServer$Division (RaftServerImpl.java:requestVote(1389)) - fa5d0107-e57d-410d-980d-33f92c3a8e71@group-0BFB88997392: receive requestVote(ELECTION, 7e131a2a-66d5-444e-90e8-7bf3dd0ed196, group-0BFB88997392, 1, (t:0, i:0))
2024-02-27 07:50:09,502 [1c7f6d53-d2e7-4bdb-b96b-e0068b2c4e41@group-71E5127A0926-LeaderElection53] INFO  impl.LeaderElection (LeaderElection.java:askForVotes(323)) - 1c7f6d53-d2e7-4bdb-b96b-e0068b2c4e41@group-71E5127A0926-LeaderElection53 ELECTION round 0: result PASSED
2024-02-27 07:50:09,502 [1c7f6d53-d2e7-4bdb-b96b-e0068b2c4e41@group-71E5127A0926-LeaderElection53] INFO  impl.RoleInfo (RoleInfo.java:shutdownLeaderElection(130)) - 1c7f6d53-d2e7-4bdb-b96b-e0068b2c4e41: shutdown 1c7f6d53-d2e7-4bdb-b96b-e0068b2c4e41@group-71E5127A0926-LeaderElection53
2024-02-27 07:50:09,503 [1c7f6d53-d2e7-4bdb-b96b-e0068b2c4e41@group-71E5127A0926-LeaderElection53] INFO  server.RaftServer$Division (RaftServerImpl.java:setRole(383)) - 1c7f6d53-d2e7-4bdb-b96b-e0068b2c4e41@group-71E5127A0926: changes role from CANDIDATE to LEADER at term 1 for changeToLeader
2024-02-27 07:50:09,503 [1c7f6d53-d2e7-4bdb-b96b-e0068b2c4e41@group-71E5127A0926-LeaderElection53] INFO  server.RaftServerConfigKeys (ConfUtils.java:logGet(46)) - raft.server.staging.catchup.gap = 1000 (default)
2024-02-27 07:50:09,502 [grpc-default-executor-4] INFO  server.RaftServer$Division (RaftServerImpl.java:setFirstElection(574)) - fa5d0107-e57d-410d-980d-33f92c3a8e71@group-71E5127A0926: set firstElectionSinceStartup to false for candidate:1c7f6d53-d2e7-4bdb-b96b-e0068b2c4e41
2024-02-27 07:50:09,503 [1c7f6d53-d2e7-4bdb-b96b-e0068b2c4e41@group-71E5127A0926-LeaderElection53] INFO  server.RaftServerConfigKeys (ConfUtils.java:logGet(46)) - raft.server.write.element-limit = 1024 (custom)
2024-02-27 07:50:09,503 [1c7f6d53-d2e7-4bdb-b96b-e0068b2c4e41@group-71E5127A0926-LeaderElection53] INFO  server.RaftServerConfigKeys (ConfUtils.java:logGet(46)) - raft.server.write.byte-limit = 1024 M (=1073741824) (custom)
2024-02-27 07:50:09,503 [1c7f6d53-d2e7-4bdb-b96b-e0068b2c4e41@group-71E5127A0926-LeaderElection53] INFO  server.RaftServerConfigKeys (ConfUtils.java:logGet(46)) - raft.server.watch.timeout = 180s (custom)
2024-02-27 07:50:09,503 [1c7f6d53-d2e7-4bdb-b96b-e0068b2c4e41@group-71E5127A0926-LeaderElection53] INFO  server.RaftServerConfigKeys (ConfUtils.java:logGet(46)) - raft.server.watch.timeout.denomination = 1s (default)
2024-02-27 07:50:09,503 [1c7f6d53-d2e7-4bdb-b96b-e0068b2c4e41@group-71E5127A0926-LeaderElection53] INFO  server.RaftServerConfigKeys (ConfUtils.java:logGet(46)) - raft.server.watch.element-limit = 65536 (default)
2024-02-27 07:50:09,503 [1c7f6d53-d2e7-4bdb-b96b-e0068b2c4e41@group-71E5127A0926-LeaderElection53] INFO  server.RaftServerConfigKeys (ConfUtils.java:logGet(46)) - raft.server.read.leader.lease.enabled = false (default)
2024-02-27 07:50:09,503 [1c7f6d53-d2e7-4bdb-b96b-e0068b2c4e41@group-71E5127A0926-LeaderElection53] INFO  server.RaftServerConfigKeys (ConfUtils.java:logGet(46)) - raft.server.read.leader.lease.timeout.ratio = 0.9 (default)
2024-02-27 07:50:09,503 [1c7f6d53-d2e7-4bdb-b96b-e0068b2c4e41@group-71E5127A0926-LeaderElection53] INFO  server.RaftServerConfigKeys (ConfUtils.java:logGet(46)) - raft.server.rpc.timeout.min = 5s (custom)
2024-02-27 07:50:09,503 [grpc-default-executor-3] INFO  server.RaftServer$Division (RaftServerImpl.java:requestVote(1422)) - 1c7f6d53-d2e7-4bdb-b96b-e0068b2c4e41@group-0BFB88997392 replies to ELECTION vote request: 7e131a2a-66d5-444e-90e8-7bf3dd0ed196<-1c7f6d53-d2e7-4bdb-b96b-e0068b2c4e41#0:OK-t1. Peer's state: 1c7f6d53-d2e7-4bdb-b96b-e0068b2c4e41@group-0BFB88997392:t1, leader=null, voted=7e131a2a-66d5-444e-90e8-7bf3dd0ed196, raftlog=Memoized:1c7f6d53-d2e7-4bdb-b96b-e0068b2c4e41@group-0BFB88997392-SegmentedRaftLog:OPENED:c-1, conf=-1: peers:[1c7f6d53-d2e7-4bdb-b96b-e0068b2c4e41|10.1.0.19:15255, 7e131a2a-66d5-444e-90e8-7bf3dd0ed196|10.1.0.19:15237, fa5d0107-e57d-410d-980d-33f92c3a8e71|10.1.0.19:15246]|listeners:[], old=null
2024-02-27 07:50:09,501 [1c7f6d53-d2e7-4bdb-b96b-e0068b2c4e41@group-0BFB88997392-FollowerState] INFO  impl.FollowerState (FollowerState.java:run(152)) - 1c7f6d53-d2e7-4bdb-b96b-e0068b2c4e41@group-0BFB88997392-FollowerState was interrupted
2024-02-27 07:50:09,503 [1c7f6d53-d2e7-4bdb-b96b-e0068b2c4e41@group-71E5127A0926-LeaderElection53] INFO  server.RaftServerConfigKeys (ConfUtils.java:logGet(46)) - raft.server.write.element-limit = 1024 (custom)
2024-02-27 07:50:09,504 [grpc-default-executor-4] INFO  server.RaftServer$Division (RaftServerImpl.java:requestVote(1422)) - fa5d0107-e57d-410d-980d-33f92c3a8e71@group-71E5127A0926 replies to ELECTION vote request: 1c7f6d53-d2e7-4bdb-b96b-e0068b2c4e41<-fa5d0107-e57d-410d-980d-33f92c3a8e71#0:OK-t1. Peer's state: fa5d0107-e57d-410d-980d-33f92c3a8e71@group-71E5127A0926:t1, leader=null, voted=1c7f6d53-d2e7-4bdb-b96b-e0068b2c4e41, raftlog=Memoized:fa5d0107-e57d-410d-980d-33f92c3a8e71@group-71E5127A0926-SegmentedRaftLog:OPENED:c-1, conf=-1: peers:[1c7f6d53-d2e7-4bdb-b96b-e0068b2c4e41|10.1.0.19:15255, 7e131a2a-66d5-444e-90e8-7bf3dd0ed196|10.1.0.19:15237, fa5d0107-e57d-410d-980d-33f92c3a8e71|10.1.0.19:15246]|listeners:[], old=null
2024-02-27 07:50:09,502 [grpc-default-executor-5] INFO  impl.VoteContext (VoteContext.java:log(49)) - fa5d0107-e57d-410d-980d-33f92c3a8e71@group-0BFB88997392-FOLLOWER: accept ELECTION from 7e131a2a-66d5-444e-90e8-7bf3dd0ed196: our priority 0 <= candidate's priority 1
2024-02-27 07:50:09,504 [grpc-default-executor-5] INFO  server.RaftServer$Division (RaftServerImpl.java:setRole(383)) - fa5d0107-e57d-410d-980d-33f92c3a8e71@group-0BFB88997392: changes role from  FOLLOWER to FOLLOWER at term 1 for candidate:7e131a2a-66d5-444e-90e8-7bf3dd0ed196
2024-02-27 07:50:09,504 [grpc-default-executor-5] INFO  impl.RoleInfo (RoleInfo.java:shutdownFollowerState(110)) - fa5d0107-e57d-410d-980d-33f92c3a8e71: shutdown fa5d0107-e57d-410d-980d-33f92c3a8e71@group-0BFB88997392-FollowerState
2024-02-27 07:50:09,505 [grpc-default-executor-5] INFO  impl.RoleInfo (RoleInfo.java:updateAndGet(139)) - fa5d0107-e57d-410d-980d-33f92c3a8e71: start fa5d0107-e57d-410d-980d-33f92c3a8e71@group-0BFB88997392-FollowerState
2024-02-27 07:50:09,504 [1c7f6d53-d2e7-4bdb-b96b-e0068b2c4e41@group-71E5127A0926-LeaderElection53] INFO  server.RaftServerConfigKeys (ConfUtils.java:logGet(46)) - raft.server.write.follower.gap.ratio.max = -1.0 (default)
2024-02-27 07:50:09,505 [7e131a2a-66d5-444e-90e8-7bf3dd0ed196@group-0BFB88997392-LeaderElection54] INFO  impl.LeaderElection (LeaderElection.java:logAndReturn(89)) - 7e131a2a-66d5-444e-90e8-7bf3dd0ed196@group-0BFB88997392-LeaderElection54: ELECTION PASSED received 1 response(s) and 0 exception(s):
2024-02-27 07:50:09,505 [7e131a2a-66d5-444e-90e8-7bf3dd0ed196@group-0BFB88997392-LeaderElection54] INFO  impl.LeaderElection (LeaderElection.java:logAndReturn(93)) -   Response 0: 7e131a2a-66d5-444e-90e8-7bf3dd0ed196<-1c7f6d53-d2e7-4bdb-b96b-e0068b2c4e41#0:OK-t1
2024-02-27 07:50:09,505 [7e131a2a-66d5-444e-90e8-7bf3dd0ed196@group-0BFB88997392-LeaderElection54] INFO  impl.LeaderElection (LeaderElection.java:askForVotes(323)) - 7e131a2a-66d5-444e-90e8-7bf3dd0ed196@group-0BFB88997392-LeaderElection54 ELECTION round 0: result PASSED
2024-02-27 07:50:09,505 [7e131a2a-66d5-444e-90e8-7bf3dd0ed196@group-0BFB88997392-LeaderElection54] INFO  impl.RoleInfo (RoleInfo.java:shutdownLeaderElection(130)) - 7e131a2a-66d5-444e-90e8-7bf3dd0ed196: shutdown 7e131a2a-66d5-444e-90e8-7bf3dd0ed196@group-0BFB88997392-LeaderElection54
2024-02-27 07:50:09,505 [7e131a2a-66d5-444e-90e8-7bf3dd0ed196@group-0BFB88997392-LeaderElection54] INFO  server.RaftServer$Division (RaftServerImpl.java:setRole(383)) - 7e131a2a-66d5-444e-90e8-7bf3dd0ed196@group-0BFB88997392: changes role from CANDIDATE to LEADER at term 1 for changeToLeader
2024-02-27 07:50:09,505 [7e131a2a-66d5-444e-90e8-7bf3dd0ed196@group-0BFB88997392-LeaderElection54] INFO  server.RaftServerConfigKeys (ConfUtils.java:logGet(46)) - raft.server.staging.catchup.gap = 1000 (default)
2024-02-27 07:50:09,505 [1c7f6d53-d2e7-4bdb-b96b-e0068b2c4e41@group-71E5127A0926-LeaderElection53] INFO  server.RaftServerConfigKeys (ConfUtils.java:logGet(46)) - raft.server.log.appender.snapshot.chunk.size.max = 16MB (=16777216) (default)
2024-02-27 07:50:09,505 [1c7f6d53-d2e7-4bdb-b96b-e0068b2c4e41@group-71E5127A0926-LeaderElection53] INFO  server.RaftServerConfigKeys (ConfUtils.java:logGet(46)) - raft.server.log.appender.buffer.byte-limit = 8388608 (custom)
2024-02-27 07:50:09,505 [1c7f6d53-d2e7-4bdb-b96b-e0068b2c4e41@group-71E5127A0926-LeaderElection53] INFO  server.RaftServerConfigKeys (ConfUtils.java:logGet(46)) - raft.server.log.appender.buffer.element-limit = 1 (custom)
2024-02-27 07:50:09,505 [1c7f6d53-d2e7-4bdb-b96b-e0068b2c4e41@group-71E5127A0926-LeaderElection53] INFO  server.RaftServerConfigKeys (ConfUtils.java:logGet(46)) - raft.server.log.appender.wait-time.min = 0μs (custom)
2024-02-27 07:50:09,505 [1c7f6d53-d2e7-4bdb-b96b-e0068b2c4e41@group-71E5127A0926-LeaderElection53] INFO  grpc.GrpcConfigKeys (ConfUtils.java:logGet(46)) - raft.grpc.server.leader.outstanding.appends.max = 8 (default)
2024-02-27 07:50:09,505 [1c7f6d53-d2e7-4bdb-b96b-e0068b2c4e41@group-71E5127A0926-LeaderElection53] INFO  server.RaftServerConfigKeys (ConfUtils.java:logGet(46)) - raft.server.rpc.request.timeout = 60s (custom)
2024-02-27 07:50:09,505 [1c7f6d53-d2e7-4bdb-b96b-e0068b2c4e41@group-71E5127A0926-LeaderElection53] INFO  grpc.GrpcConfigKeys (ConfUtils.java:logGet(46)) - raft.grpc.server.install_snapshot.request.element-limit = 8 (default)
2024-02-27 07:50:09,506 [1c7f6d53-d2e7-4bdb-b96b-e0068b2c4e41@group-71E5127A0926-LeaderElection53] INFO  grpc.GrpcConfigKeys (ConfUtils.java:logGet(46)) - raft.grpc.server.install_snapshot.request.timeout = 3000ms (default)
2024-02-27 07:50:09,506 [1c7f6d53-d2e7-4bdb-b96b-e0068b2c4e41@group-71E5127A0926-LeaderElection53] INFO  grpc.GrpcConfigKeys (ConfUtils.java:logGet(46)) - raft.grpc.server.log-message.batch.duration = 5s (default)
2024-02-27 07:50:09,506 [1c7f6d53-d2e7-4bdb-b96b-e0068b2c4e41@group-71E5127A0926-LeaderElection53] INFO  server.RaftServerConfigKeys (ConfUtils.java:logGet(46)) - raft.server.log.appender.install.snapshot.enabled = false (custom)
2024-02-27 07:50:09,506 [1c7f6d53-d2e7-4bdb-b96b-e0068b2c4e41@group-71E5127A0926-LeaderElection53] INFO  grpc.GrpcConfigKeys (ConfUtils.java:logGet(46)) - raft.grpc.server.heartbeat.channel = true (default)
2024-02-27 07:50:09,505 [fa5d0107-e57d-410d-980d-33f92c3a8e71@group-0BFB88997392-FollowerState] INFO  impl.FollowerState (FollowerState.java:run(152)) - fa5d0107-e57d-410d-980d-33f92c3a8e71@group-0BFB88997392-FollowerState was interrupted
2024-02-27 07:50:09,505 [grpc-default-executor-5] INFO  server.RaftServer$Division (RaftServerImpl.java:setFirstElection(574)) - fa5d0107-e57d-410d-980d-33f92c3a8e71@group-0BFB88997392: set firstElectionSinceStartup to false for candidate:7e131a2a-66d5-444e-90e8-7bf3dd0ed196
2024-02-27 07:50:09,505 [7e131a2a-66d5-444e-90e8-7bf3dd0ed196@group-0BFB88997392-LeaderElection54] INFO  server.RaftServerConfigKeys (ConfUtils.java:logGet(46)) - raft.server.write.element-limit = 1024 (custom)
2024-02-27 07:50:09,509 [7e131a2a-66d5-444e-90e8-7bf3dd0ed196@group-0BFB88997392-LeaderElection54] INFO  server.RaftServerConfigKeys (ConfUtils.java:logGet(46)) - raft.server.write.byte-limit = 1024 M (=1073741824) (custom)
2024-02-27 07:50:09,510 [7e131a2a-66d5-444e-90e8-7bf3dd0ed196@group-0BFB88997392-LeaderElection54] INFO  server.RaftServerConfigKeys (ConfUtils.java:logGet(46)) - raft.server.watch.timeout = 180s (custom)
2024-02-27 07:50:09,510 [7e131a2a-66d5-444e-90e8-7bf3dd0ed196@group-0BFB88997392-LeaderElection54] INFO  server.RaftServerConfigKeys (ConfUtils.java:logGet(46)) - raft.server.watch.timeout.denomination = 1s (default)
2024-02-27 07:50:09,510 [7e131a2a-66d5-444e-90e8-7bf3dd0ed196@group-0BFB88997392-LeaderElection54] INFO  server.RaftServerConfigKeys (ConfUtils.java:logGet(46)) - raft.server.watch.element-limit = 65536 (default)
2024-02-27 07:50:09,510 [7e131a2a-66d5-444e-90e8-7bf3dd0ed196@group-0BFB88997392-LeaderElection54] INFO  server.RaftServerConfigKeys (ConfUtils.java:logGet(46)) - raft.server.read.leader.lease.enabled = false (default)
2024-02-27 07:50:09,510 [7e131a2a-66d5-444e-90e8-7bf3dd0ed196@group-0BFB88997392-LeaderElection54] INFO  server.RaftServerConfigKeys (ConfUtils.java:logGet(46)) - raft.server.read.leader.lease.timeout.ratio = 0.9 (default)
2024-02-27 07:50:09,510 [7e131a2a-66d5-444e-90e8-7bf3dd0ed196@group-0BFB88997392-LeaderElection54] INFO  server.RaftServerConfigKeys (ConfUtils.java:logGet(46)) - raft.server.rpc.timeout.min = 5s (custom)
2024-02-27 07:50:09,510 [7e131a2a-66d5-444e-90e8-7bf3dd0ed196@group-0BFB88997392-LeaderElection54] INFO  server.RaftServerConfigKeys (ConfUtils.java:logGet(46)) - raft.server.write.element-limit = 1024 (custom)
2024-02-27 07:50:09,510 [7e131a2a-66d5-444e-90e8-7bf3dd0ed196@group-0BFB88997392-LeaderElection54] INFO  server.RaftServerConfigKeys (ConfUtils.java:logGet(46)) - raft.server.write.follower.gap.ratio.max = -1.0 (default)
2024-02-27 07:50:09,511 [grpc-default-executor-5] INFO  server.RaftServer$Division (RaftServerImpl.java:requestVote(1422)) - fa5d0107-e57d-410d-980d-33f92c3a8e71@group-0BFB88997392 replies to ELECTION vote request: 7e131a2a-66d5-444e-90e8-7bf3dd0ed196<-fa5d0107-e57d-410d-980d-33f92c3a8e71#0:OK-t1. Peer's state: fa5d0107-e57d-410d-980d-33f92c3a8e71@group-0BFB88997392:t1, leader=null, voted=7e131a2a-66d5-444e-90e8-7bf3dd0ed196, raftlog=Memoized:fa5d0107-e57d-410d-980d-33f92c3a8e71@group-0BFB88997392-SegmentedRaftLog:OPENED:c-1, conf=-1: peers:[1c7f6d53-d2e7-4bdb-b96b-e0068b2c4e41|10.1.0.19:15255, 7e131a2a-66d5-444e-90e8-7bf3dd0ed196|10.1.0.19:15237, fa5d0107-e57d-410d-980d-33f92c3a8e71|10.1.0.19:15246]|listeners:[], old=null
2024-02-27 07:50:09,511 [1c7f6d53-d2e7-4bdb-b96b-e0068b2c4e41@group-71E5127A0926-LeaderElection53] INFO  server.RaftServerConfigKeys (ConfUtils.java:logGet(46)) - raft.server.log.appender.snapshot.chunk.size.max = 16MB (=16777216) (default)
2024-02-27 07:50:09,511 [1c7f6d53-d2e7-4bdb-b96b-e0068b2c4e41@group-71E5127A0926-LeaderElection53] INFO  server.RaftServerConfigKeys (ConfUtils.java:logGet(46)) - raft.server.log.appender.buffer.byte-limit = 8388608 (custom)
2024-02-27 07:50:09,511 [1c7f6d53-d2e7-4bdb-b96b-e0068b2c4e41@group-71E5127A0926-LeaderElection53] INFO  server.RaftServerConfigKeys (ConfUtils.java:logGet(46)) - raft.server.log.appender.buffer.element-limit = 1 (custom)
2024-02-27 07:50:09,511 [7e131a2a-66d5-444e-90e8-7bf3dd0ed196@group-0BFB88997392-LeaderElection54] INFO  server.RaftServerConfigKeys (ConfUtils.java:logGet(46)) - raft.server.log.appender.snapshot.chunk.size.max = 16MB (=16777216) (default)
2024-02-27 07:50:09,511 [7e131a2a-66d5-444e-90e8-7bf3dd0ed196@group-0BFB88997392-LeaderElection54] INFO  server.RaftServerConfigKeys (ConfUtils.java:logGet(46)) - raft.server.log.appender.buffer.byte-limit = 8388608 (custom)
2024-02-27 07:50:09,511 [1c7f6d53-d2e7-4bdb-b96b-e0068b2c4e41@group-71E5127A0926-LeaderElection53] INFO  server.RaftServerConfigKeys (ConfUtils.java:logGet(46)) - raft.server.log.appender.wait-time.min = 0μs (custom)
2024-02-27 07:50:09,511 [7e131a2a-66d5-444e-90e8-7bf3dd0ed196@group-0BFB88997392-LeaderElection54] INFO  server.RaftServerConfigKeys (ConfUtils.java:logGet(46)) - raft.server.log.appender.buffer.element-limit = 1 (custom)
2024-02-27 07:50:09,511 [1c7f6d53-d2e7-4bdb-b96b-e0068b2c4e41@group-71E5127A0926-LeaderElection53] INFO  grpc.GrpcConfigKeys (ConfUtils.java:logGet(46)) - raft.grpc.server.leader.outstanding.appends.max = 8 (default)
2024-02-27 07:50:09,511 [7e131a2a-66d5-444e-90e8-7bf3dd0ed196@group-0BFB88997392-LeaderElection54] INFO  server.RaftServerConfigKeys (ConfUtils.java:logGet(46)) - raft.server.log.appender.wait-time.min = 0μs (custom)
2024-02-27 07:50:09,511 [1c7f6d53-d2e7-4bdb-b96b-e0068b2c4e41@group-71E5127A0926-LeaderElection53] INFO  server.RaftServerConfigKeys (ConfUtils.java:logGet(46)) - raft.server.rpc.request.timeout = 60s (custom)
2024-02-27 07:50:09,511 [7e131a2a-66d5-444e-90e8-7bf3dd0ed196@group-0BFB88997392-LeaderElection54] INFO  grpc.GrpcConfigKeys (ConfUtils.java:logGet(46)) - raft.grpc.server.leader.outstanding.appends.max = 8 (default)
2024-02-27 07:50:09,511 [1c7f6d53-d2e7-4bdb-b96b-e0068b2c4e41@group-71E5127A0926-LeaderElection53] INFO  grpc.GrpcConfigKeys (ConfUtils.java:logGet(46)) - raft.grpc.server.install_snapshot.request.element-limit = 8 (default)
2024-02-27 07:50:09,511 [7e131a2a-66d5-444e-90e8-7bf3dd0ed196@group-0BFB88997392-LeaderElection54] INFO  server.RaftServerConfigKeys (ConfUtils.java:logGet(46)) - raft.server.rpc.request.timeout = 60s (custom)
2024-02-27 07:50:09,512 [1c7f6d53-d2e7-4bdb-b96b-e0068b2c4e41@group-71E5127A0926-LeaderElection53] INFO  grpc.GrpcConfigKeys (ConfUtils.java:logGet(46)) - raft.grpc.server.install_snapshot.request.timeout = 3000ms (default)
2024-02-27 07:50:09,512 [7e131a2a-66d5-444e-90e8-7bf3dd0ed196@group-0BFB88997392-LeaderElection54] INFO  grpc.GrpcConfigKeys (ConfUtils.java:logGet(46)) - raft.grpc.server.install_snapshot.request.element-limit = 8 (default)
2024-02-27 07:50:09,512 [1c7f6d53-d2e7-4bdb-b96b-e0068b2c4e41@group-71E5127A0926-LeaderElection53] INFO  grpc.GrpcConfigKeys (ConfUtils.java:logGet(46)) - raft.grpc.server.log-message.batch.duration = 5s (default)
2024-02-27 07:50:09,512 [7e131a2a-66d5-444e-90e8-7bf3dd0ed196@group-0BFB88997392-LeaderElection54] INFO  grpc.GrpcConfigKeys (ConfUtils.java:logGet(46)) - raft.grpc.server.install_snapshot.request.timeout = 3000ms (default)
2024-02-27 07:50:09,512 [1c7f6d53-d2e7-4bdb-b96b-e0068b2c4e41@group-71E5127A0926-LeaderElection53] INFO  server.RaftServerConfigKeys (ConfUtils.java:logGet(46)) - raft.server.log.appender.install.snapshot.enabled = false (custom)
2024-02-27 07:50:09,512 [7e131a2a-66d5-444e-90e8-7bf3dd0ed196@group-0BFB88997392-LeaderElection54] INFO  grpc.GrpcConfigKeys (ConfUtils.java:logGet(46)) - raft.grpc.server.log-message.batch.duration = 5s (default)
2024-02-27 07:50:09,512 [1c7f6d53-d2e7-4bdb-b96b-e0068b2c4e41@group-71E5127A0926-LeaderElection53] INFO  grpc.GrpcConfigKeys (ConfUtils.java:logGet(46)) - raft.grpc.server.heartbeat.channel = true (default)
2024-02-27 07:50:09,512 [7e131a2a-66d5-444e-90e8-7bf3dd0ed196@group-0BFB88997392-LeaderElection54] INFO  server.RaftServerConfigKeys (ConfUtils.java:logGet(46)) - raft.server.log.appender.install.snapshot.enabled = false (custom)
2024-02-27 07:50:09,512 [7e131a2a-66d5-444e-90e8-7bf3dd0ed196@group-0BFB88997392-LeaderElection54] INFO  grpc.GrpcConfigKeys (ConfUtils.java:logGet(46)) - raft.grpc.server.heartbeat.channel = true (default)
2024-02-27 07:50:09,512 [1c7f6d53-d2e7-4bdb-b96b-e0068b2c4e41@group-71E5127A0926-LeaderElection53] INFO  impl.RoleInfo (RoleInfo.java:updateAndGet(139)) - 1c7f6d53-d2e7-4bdb-b96b-e0068b2c4e41: start 1c7f6d53-d2e7-4bdb-b96b-e0068b2c4e41@group-71E5127A0926-LeaderStateImpl
2024-02-27 07:50:09,512 [1c7f6d53-d2e7-4bdb-b96b-e0068b2c4e41@group-71E5127A0926-LeaderElection53] INFO  server.RaftServer$Division (RaftServerImpl.java:setFirstElection(574)) - 1c7f6d53-d2e7-4bdb-b96b-e0068b2c4e41@group-71E5127A0926: set firstElectionSinceStartup to false for becomeLeader
2024-02-27 07:50:09,512 [1c7f6d53-d2e7-4bdb-b96b-e0068b2c4e41@group-71E5127A0926-LeaderElection53] INFO  ratis.XceiverServerRatis (XceiverServerRatis.java:handleLeaderChangedNotification(966)) - Leader change notification received for group: group-71E5127A0926 with new leaderId: 1c7f6d53-d2e7-4bdb-b96b-e0068b2c4e41
2024-02-27 07:50:09,512 [1c7f6d53-d2e7-4bdb-b96b-e0068b2c4e41@group-71E5127A0926-LeaderElection53] INFO  server.RaftServer$Division (ServerState.java:setLeader(269)) - 1c7f6d53-d2e7-4bdb-b96b-e0068b2c4e41@group-71E5127A0926: change Leader from null to 1c7f6d53-d2e7-4bdb-b96b-e0068b2c4e41 at term 1 for becomeLeader, leader elected after 5074ms
2024-02-27 07:50:09,513 [1c7f6d53-d2e7-4bdb-b96b-e0068b2c4e41@group-71E5127A0926-LeaderElection53] INFO  segmented.SegmentedRaftLogWorker (SegmentedRaftLogWorker.java:startLogSegment(430)) - 1c7f6d53-d2e7-4bdb-b96b-e0068b2c4e41@group-71E5127A0926-SegmentedRaftLogWorker: Starting segment from index:0
2024-02-27 07:50:09,513 [7e131a2a-66d5-444e-90e8-7bf3dd0ed196@group-0BFB88997392-LeaderElection54] INFO  server.RaftServerConfigKeys (ConfUtils.java:logGet(46)) - raft.server.log.appender.snapshot.chunk.size.max = 16MB (=16777216) (default)
2024-02-27 07:50:09,513 [7e131a2a-66d5-444e-90e8-7bf3dd0ed196@group-0BFB88997392-LeaderElection54] INFO  server.RaftServerConfigKeys (ConfUtils.java:logGet(46)) - raft.server.log.appender.buffer.byte-limit = 8388608 (custom)
2024-02-27 07:50:09,513 [7e131a2a-66d5-444e-90e8-7bf3dd0ed196@group-0BFB88997392-LeaderElection54] INFO  server.RaftServerConfigKeys (ConfUtils.java:logGet(46)) - raft.server.log.appender.buffer.element-limit = 1 (custom)
2024-02-27 07:50:09,513 [7e131a2a-66d5-444e-90e8-7bf3dd0ed196@group-0BFB88997392-LeaderElection54] INFO  server.RaftServerConfigKeys (ConfUtils.java:logGet(46)) - raft.server.log.appender.wait-time.min = 0μs (custom)
2024-02-27 07:50:09,513 [1c7f6d53-d2e7-4bdb-b96b-e0068b2c4e41@group-71E5127A0926-SegmentedRaftLogWorker] INFO  segmented.BufferedWriteChannel (BufferedWriteChannel.java:open(62)) - open log_inprogress_0 at position 0
2024-02-27 07:50:09,513 [7e131a2a-66d5-444e-90e8-7bf3dd0ed196@group-0BFB88997392-LeaderElection54] INFO  grpc.GrpcConfigKeys (ConfUtils.java:logGet(46)) - raft.grpc.server.leader.outstanding.appends.max = 8 (default)
2024-02-27 07:50:09,513 [7e131a2a-66d5-444e-90e8-7bf3dd0ed196@group-0BFB88997392-LeaderElection54] INFO  server.RaftServerConfigKeys (ConfUtils.java:logGet(46)) - raft.server.rpc.request.timeout = 60s (custom)
2024-02-27 07:50:09,513 [7e131a2a-66d5-444e-90e8-7bf3dd0ed196@group-0BFB88997392-LeaderElection54] INFO  grpc.GrpcConfigKeys (ConfUtils.java:logGet(46)) - raft.grpc.server.install_snapshot.request.element-limit = 8 (default)
2024-02-27 07:50:09,513 [7e131a2a-66d5-444e-90e8-7bf3dd0ed196@group-0BFB88997392-LeaderElection54] INFO  grpc.GrpcConfigKeys (ConfUtils.java:logGet(46)) - raft.grpc.server.install_snapshot.request.timeout = 3000ms (default)
2024-02-27 07:50:09,513 [7e131a2a-66d5-444e-90e8-7bf3dd0ed196@group-0BFB88997392-LeaderElection54] INFO  grpc.GrpcConfigKeys (ConfUtils.java:logGet(46)) - raft.grpc.server.log-message.batch.duration = 5s (default)
2024-02-27 07:50:09,514 [7e131a2a-66d5-444e-90e8-7bf3dd0ed196@group-0BFB88997392-LeaderElection54] INFO  server.RaftServerConfigKeys (ConfUtils.java:logGet(46)) - raft.server.log.appender.install.snapshot.enabled = false (custom)
2024-02-27 07:50:09,514 [7e131a2a-66d5-444e-90e8-7bf3dd0ed196@group-0BFB88997392-LeaderElection54] INFO  grpc.GrpcConfigKeys (ConfUtils.java:logGet(46)) - raft.grpc.server.heartbeat.channel = true (default)
2024-02-27 07:50:09,514 [7e131a2a-66d5-444e-90e8-7bf3dd0ed196@group-0BFB88997392-LeaderElection54] INFO  impl.RoleInfo (RoleInfo.java:updateAndGet(139)) - 7e131a2a-66d5-444e-90e8-7bf3dd0ed196: start 7e131a2a-66d5-444e-90e8-7bf3dd0ed196@group-0BFB88997392-LeaderStateImpl
2024-02-27 07:50:09,514 [7e131a2a-66d5-444e-90e8-7bf3dd0ed196@group-0BFB88997392-LeaderElection54] INFO  server.RaftServer$Division (RaftServerImpl.java:setFirstElection(574)) - 7e131a2a-66d5-444e-90e8-7bf3dd0ed196@group-0BFB88997392: set firstElectionSinceStartup to false for becomeLeader
2024-02-27 07:50:09,514 [7e131a2a-66d5-444e-90e8-7bf3dd0ed196@group-0BFB88997392-LeaderElection54] INFO  ratis.XceiverServerRatis (XceiverServerRatis.java:handleLeaderChangedNotification(966)) - Leader change notification received for group: group-0BFB88997392 with new leaderId: 7e131a2a-66d5-444e-90e8-7bf3dd0ed196
2024-02-27 07:50:09,514 [7e131a2a-66d5-444e-90e8-7bf3dd0ed196@group-0BFB88997392-LeaderElection54] INFO  server.RaftServer$Division (ServerState.java:setLeader(269)) - 7e131a2a-66d5-444e-90e8-7bf3dd0ed196@group-0BFB88997392: change Leader from null to 7e131a2a-66d5-444e-90e8-7bf3dd0ed196 at term 1 for becomeLeader, leader elected after 5059ms
2024-02-27 07:50:09,514 [7e131a2a-66d5-444e-90e8-7bf3dd0ed196@group-0BFB88997392-LeaderElection54] INFO  segmented.SegmentedRaftLogWorker (SegmentedRaftLogWorker.java:startLogSegment(430)) - 7e131a2a-66d5-444e-90e8-7bf3dd0ed196@group-0BFB88997392-SegmentedRaftLogWorker: Starting segment from index:0
2024-02-27 07:50:09,514 [7e131a2a-66d5-444e-90e8-7bf3dd0ed196@group-0BFB88997392-SegmentedRaftLogWorker] INFO  segmented.BufferedWriteChannel (BufferedWriteChannel.java:open(62)) - open log_inprogress_0 at position 0
2024-02-27 07:50:09,517 [EventQueue-PipelineReportForPipelineReportHandler] INFO  pipeline.PipelineReportHandler (PipelineReportHandler.java:processPipelineReport(136)) - Opened pipeline PipelineID=5ee12f51-4510-4a90-8451-71e5127a0926
2024-02-27 07:50:09,517 [EventQueue-OpenPipelineForHealthyPipelineSafeModeRule] INFO  safemode.SCMSafeModeManager (HealthyPipelineSafeModeRule.java:process(140)) - SCM in safe mode. Healthy pipelines reported count is 0, required healthy pipeline reported count is 1
2024-02-27 07:50:09,517 [EventQueue-OpenPipelineForHealthyPipelineSafeModeRule] INFO  safemode.SCMSafeModeManager (HealthyPipelineSafeModeRule.java:process(140)) - SCM in safe mode. Healthy pipelines reported count is 1, required healthy pipeline reported count is 1
2024-02-27 07:50:09,517 [EventQueue-OpenPipelineForHealthyPipelineSafeModeRule] INFO  safemode.SCMSafeModeManager (SCMSafeModeManager.java:validateSafeModeExitRules(200)) - HealthyPipelineSafeModeRule rule is successfully validated
2024-02-27 07:50:09,517 [EventQueue-OpenPipelineForHealthyPipelineSafeModeRule] INFO  safemode.SCMSafeModeManager (SCMSafeModeManager.java:validateSafeModeExitRules(215)) - ScmSafeModeManager, all rules are successfully validated
2024-02-27 07:50:09,517 [EventQueue-OpenPipelineForHealthyPipelineSafeModeRule] INFO  safemode.SCMSafeModeManager (SCMSafeModeManager.java:exitSafeMode(244)) - SCM exiting safe mode.
2024-02-27 07:50:09,517 [EventQueue-OpenPipelineForHealthyPipelineSafeModeRule] INFO  ha.SCMContext (SCMContext.java:updateSafeModeStatus(225)) - Update SafeModeStatus from SafeModeStatus{safeModeStatus=true, preCheckPassed=true} to SafeModeStatus{safeModeStatus=false, preCheckPassed=true}.
2024-02-27 07:50:09,517 [EventQueue-OpenPipelineForHealthyPipelineSafeModeRule] INFO  pipeline.BackgroundPipelineCreator (BackgroundPipelineCreator.java:notifyStatusChanged(258)) - Service BackgroundPipelineCreator transitions to RUNNING.
2024-02-27 07:50:09,517 [EventQueue-OpenPipelineForHealthyPipelineSafeModeRule] INFO  BackgroundPipelineScrubber (BackgroundSCMService.java:notifyStatusChanged(79)) - Service BackgroundPipelineScrubber transitions to RUNNING.
2024-02-27 07:50:09,517 [EventQueue-OpenPipelineForHealthyPipelineSafeModeRule] INFO  ExpiredContainerReplicaOpScrubber (BackgroundSCMService.java:notifyStatusChanged(79)) - Service ExpiredContainerReplicaOpScrubber transitions to RUNNING.
2024-02-27 07:50:09,517 [EventQueue-OpenPipelineForHealthyPipelineSafeModeRule] INFO  block.SCMBlockDeletingService (SCMBlockDeletingService.java:notifyStatusChanged(247)) - notifyStatusChanged:RUNNING
2024-02-27 07:50:09,517 [EventQueue-OpenPipelineForHealthyPipelineSafeModeRule] INFO  replication.ReplicationManager (ReplicationManager.java:notifyStatusChanged(1402)) - Service ReplicationManager transitions to RUNNING.
2024-02-27 07:50:09,517 [EventQueue-OpenPipelineForHealthyPipelineSafeModeRule] WARN  balancer.ContainerBalancer (ContainerBalancer.java:shouldRun(134)) - Could not find persisted configuration for ContainerBalancer when checking if ContainerBalancer should run. ContainerBalancer should not run now.
2024-02-27 07:50:09,518 [EventQueue-PipelineReportForPipelineReportHandler] INFO  pipeline.PipelineReportHandler (PipelineReportHandler.java:processPipelineReport(136)) - Opened pipeline PipelineID=502095e8-c67f-44d9-af9d-0bfb88997392
2024-02-27 07:50:09,519 [7e131a2a-66d5-444e-90e8-7bf3dd0ed196@group-0BFB88997392-LeaderElection54] INFO  server.RaftServer$Division (ServerState.java:setRaftConf(386)) - 7e131a2a-66d5-444e-90e8-7bf3dd0ed196@group-0BFB88997392: set configuration 0: peers:[1c7f6d53-d2e7-4bdb-b96b-e0068b2c4e41|10.1.0.19:15255, 7e131a2a-66d5-444e-90e8-7bf3dd0ed196|10.1.0.19:15237, fa5d0107-e57d-410d-980d-33f92c3a8e71|10.1.0.19:15246]|listeners:[], old=null
2024-02-27 07:50:09,519 [1c7f6d53-d2e7-4bdb-b96b-e0068b2c4e41@group-71E5127A0926-LeaderElection53] INFO  server.RaftServer$Division (ServerState.java:setRaftConf(386)) - 1c7f6d53-d2e7-4bdb-b96b-e0068b2c4e41@group-71E5127A0926: set configuration 0: peers:[1c7f6d53-d2e7-4bdb-b96b-e0068b2c4e41|10.1.0.19:15255, 7e131a2a-66d5-444e-90e8-7bf3dd0ed196|10.1.0.19:15237, fa5d0107-e57d-410d-980d-33f92c3a8e71|10.1.0.19:15246]|listeners:[], old=null
2024-02-27 07:50:09,525 [7e131a2a-66d5-444e-90e8-7bf3dd0ed196@group-0BFB88997392-SegmentedRaftLogWorker] INFO  segmented.SegmentedRaftLogWorker (SegmentedRaftLogWorker.java:execute(634)) - 7e131a2a-66d5-444e-90e8-7bf3dd0ed196@group-0BFB88997392-SegmentedRaftLogWorker: created new log segment /home/runner/work/ozone/ozone/hadoop-ozone/integration-test/target/test-dir/MiniOzoneClusterImpl-4c9fddb8-14cc-4d18-9561-dc95ff2af5f2/ozone-meta/datanode-1/ratis/502095e8-c67f-44d9-af9d-0bfb88997392/current/log_inprogress_0
2024-02-27 07:50:09,525 [1c7f6d53-d2e7-4bdb-b96b-e0068b2c4e41@group-71E5127A0926-SegmentedRaftLogWorker] INFO  segmented.SegmentedRaftLogWorker (SegmentedRaftLogWorker.java:execute(634)) - 1c7f6d53-d2e7-4bdb-b96b-e0068b2c4e41@group-71E5127A0926-SegmentedRaftLogWorker: created new log segment /home/runner/work/ozone/ozone/hadoop-ozone/integration-test/target/test-dir/MiniOzoneClusterImpl-4c9fddb8-14cc-4d18-9561-dc95ff2af5f2/ozone-meta/datanode-3/ratis/5ee12f51-4510-4a90-8451-71e5127a0926/current/log_inprogress_0
2024-02-27 07:50:09,529 [1c7f6d53-d2e7-4bdb-b96b-e0068b2c4e41-server-thread2] INFO  ratis.XceiverServerRatis (XceiverServerRatis.java:handleLeaderChangedNotification(966)) - Leader change notification received for group: group-0BFB88997392 with new leaderId: 7e131a2a-66d5-444e-90e8-7bf3dd0ed196
2024-02-27 07:50:09,529 [1c7f6d53-d2e7-4bdb-b96b-e0068b2c4e41-server-thread2] INFO  server.RaftServer$Division (ServerState.java:setLeader(269)) - 1c7f6d53-d2e7-4bdb-b96b-e0068b2c4e41@group-0BFB88997392: change Leader from null to 7e131a2a-66d5-444e-90e8-7bf3dd0ed196 at term 1 for appendEntries, leader elected after 5057ms
2024-02-27 07:50:09,531 [7e131a2a-66d5-444e-90e8-7bf3dd0ed196-server-thread2] INFO  ratis.XceiverServerRatis (XceiverServerRatis.java:handleLeaderChangedNotification(966)) - Leader change notification received for group: group-71E5127A0926 with new leaderId: 1c7f6d53-d2e7-4bdb-b96b-e0068b2c4e41
2024-02-27 07:50:09,531 [7e131a2a-66d5-444e-90e8-7bf3dd0ed196-server-thread2] INFO  server.RaftServer$Division (ServerState.java:setLeader(269)) - 7e131a2a-66d5-444e-90e8-7bf3dd0ed196@group-71E5127A0926: change Leader from null to 1c7f6d53-d2e7-4bdb-b96b-e0068b2c4e41 at term 1 for appendEntries, leader elected after 5131ms
2024-02-27 07:50:09,533 [7e131a2a-66d5-444e-90e8-7bf3dd0ed196-server-thread1] INFO  server.RaftServer$Division (ServerState.java:setRaftConf(386)) - 7e131a2a-66d5-444e-90e8-7bf3dd0ed196@group-71E5127A0926: set configuration 0: peers:[1c7f6d53-d2e7-4bdb-b96b-e0068b2c4e41|10.1.0.19:15255, 7e131a2a-66d5-444e-90e8-7bf3dd0ed196|10.1.0.19:15237, fa5d0107-e57d-410d-980d-33f92c3a8e71|10.1.0.19:15246]|listeners:[], old=null
2024-02-27 07:50:09,534 [7e131a2a-66d5-444e-90e8-7bf3dd0ed196-server-thread1] INFO  segmented.SegmentedRaftLogWorker (SegmentedRaftLogWorker.java:startLogSegment(430)) - 7e131a2a-66d5-444e-90e8-7bf3dd0ed196@group-71E5127A0926-SegmentedRaftLogWorker: Starting segment from index:0
2024-02-27 07:50:09,534 [7e131a2a-66d5-444e-90e8-7bf3dd0ed196@group-71E5127A0926-SegmentedRaftLogWorker] INFO  segmented.BufferedWriteChannel (BufferedWriteChannel.java:open(62)) - open log_inprogress_0 at position 0
2024-02-27 07:50:09,536 [fa5d0107-e57d-410d-980d-33f92c3a8e71-server-thread1] INFO  ratis.XceiverServerRatis (XceiverServerRatis.java:handleLeaderChangedNotification(966)) - Leader change notification received for group: group-71E5127A0926 with new leaderId: 1c7f6d53-d2e7-4bdb-b96b-e0068b2c4e41
2024-02-27 07:50:09,538 [fa5d0107-e57d-410d-980d-33f92c3a8e71-server-thread1] INFO  server.RaftServer$Division (ServerState.java:setLeader(269)) - fa5d0107-e57d-410d-980d-33f92c3a8e71@group-71E5127A0926: change Leader from null to 1c7f6d53-d2e7-4bdb-b96b-e0068b2c4e41 at term 1 for appendEntries, leader elected after 5118ms
2024-02-27 07:50:09,538 [fa5d0107-e57d-410d-980d-33f92c3a8e71-server-thread1] INFO  ratis.XceiverServerRatis (XceiverServerRatis.java:handleLeaderChangedNotification(966)) - Leader change notification received for group: group-0BFB88997392 with new leaderId: 7e131a2a-66d5-444e-90e8-7bf3dd0ed196
2024-02-27 07:50:09,537 [1c7f6d53-d2e7-4bdb-b96b-e0068b2c4e41-server-thread1] INFO  server.RaftServer$Division (ServerState.java:setRaftConf(386)) - 1c7f6d53-d2e7-4bdb-b96b-e0068b2c4e41@group-0BFB88997392: set configuration 0: peers:[1c7f6d53-d2e7-4bdb-b96b-e0068b2c4e41|10.1.0.19:15255, 7e131a2a-66d5-444e-90e8-7bf3dd0ed196|10.1.0.19:15237, fa5d0107-e57d-410d-980d-33f92c3a8e71|10.1.0.19:15246]|listeners:[], old=null
2024-02-27 07:50:09,541 [1c7f6d53-d2e7-4bdb-b96b-e0068b2c4e41-server-thread1] INFO  segmented.SegmentedRaftLogWorker (SegmentedRaftLogWorker.java:startLogSegment(430)) - 1c7f6d53-d2e7-4bdb-b96b-e0068b2c4e41@group-0BFB88997392-SegmentedRaftLogWorker: Starting segment from index:0
2024-02-27 07:50:09,541 [fa5d0107-e57d-410d-980d-33f92c3a8e71-server-thread1] INFO  server.RaftServer$Division (ServerState.java:setLeader(269)) - fa5d0107-e57d-410d-980d-33f92c3a8e71@group-0BFB88997392: change Leader from null to 7e131a2a-66d5-444e-90e8-7bf3dd0ed196 at term 1 for appendEntries, leader elected after 5045ms
2024-02-27 07:50:09,543 [fa5d0107-e57d-410d-980d-33f92c3a8e71-server-thread2] INFO  server.RaftServer$Division (ServerState.java:setRaftConf(386)) - fa5d0107-e57d-410d-980d-33f92c3a8e71@group-71E5127A0926: set configuration 0: peers:[1c7f6d53-d2e7-4bdb-b96b-e0068b2c4e41|10.1.0.19:15255, 7e131a2a-66d5-444e-90e8-7bf3dd0ed196|10.1.0.19:15237, fa5d0107-e57d-410d-980d-33f92c3a8e71|10.1.0.19:15246]|listeners:[], old=null
2024-02-27 07:50:09,543 [fa5d0107-e57d-410d-980d-33f92c3a8e71-server-thread2] INFO  segmented.SegmentedRaftLogWorker (SegmentedRaftLogWorker.java:startLogSegment(430)) - fa5d0107-e57d-410d-980d-33f92c3a8e71@group-71E5127A0926-SegmentedRaftLogWorker: Starting segment from index:0
2024-02-27 07:50:09,542 [7e131a2a-66d5-444e-90e8-7bf3dd0ed196@group-71E5127A0926-SegmentedRaftLogWorker] INFO  segmented.SegmentedRaftLogWorker (SegmentedRaftLogWorker.java:execute(634)) - 7e131a2a-66d5-444e-90e8-7bf3dd0ed196@group-71E5127A0926-SegmentedRaftLogWorker: created new log segment /home/runner/work/ozone/ozone/hadoop-ozone/integration-test/target/test-dir/MiniOzoneClusterImpl-4c9fddb8-14cc-4d18-9561-dc95ff2af5f2/ozone-meta/datanode-1/ratis/5ee12f51-4510-4a90-8451-71e5127a0926/current/log_inprogress_0
2024-02-27 07:50:09,543 [1c7f6d53-d2e7-4bdb-b96b-e0068b2c4e41@group-0BFB88997392-SegmentedRaftLogWorker] INFO  segmented.BufferedWriteChannel (BufferedWriteChannel.java:open(62)) - open log_inprogress_0 at position 0
2024-02-27 07:50:09,544 [fa5d0107-e57d-410d-980d-33f92c3a8e71@group-71E5127A0926-SegmentedRaftLogWorker] INFO  segmented.BufferedWriteChannel (BufferedWriteChannel.java:open(62)) - open log_inprogress_0 at position 0
2024-02-27 07:50:09,543 [fa5d0107-e57d-410d-980d-33f92c3a8e71-server-thread2] INFO  server.RaftServer$Division (ServerState.java:setRaftConf(386)) - fa5d0107-e57d-410d-980d-33f92c3a8e71@group-0BFB88997392: set configuration 0: peers:[1c7f6d53-d2e7-4bdb-b96b-e0068b2c4e41|10.1.0.19:15255, 7e131a2a-66d5-444e-90e8-7bf3dd0ed196|10.1.0.19:15237, fa5d0107-e57d-410d-980d-33f92c3a8e71|10.1.0.19:15246]|listeners:[], old=null
2024-02-27 07:50:09,546 [fa5d0107-e57d-410d-980d-33f92c3a8e71-server-thread2] INFO  segmented.SegmentedRaftLogWorker (SegmentedRaftLogWorker.java:startLogSegment(430)) - fa5d0107-e57d-410d-980d-33f92c3a8e71@group-0BFB88997392-SegmentedRaftLogWorker: Starting segment from index:0
2024-02-27 07:50:09,548 [fa5d0107-e57d-410d-980d-33f92c3a8e71@group-0BFB88997392-SegmentedRaftLogWorker] INFO  segmented.BufferedWriteChannel (BufferedWriteChannel.java:open(62)) - open log_inprogress_0 at position 0
2024-02-27 07:50:09,556 [1c7f6d53-d2e7-4bdb-b96b-e0068b2c4e41@group-71E5127A0926-StateMachineUpdater] INFO  server.RaftServer$Division (LeaderStateImpl.java:isApplied(320)) - leader is ready since appliedIndex == 0 >= startIndex == 0
2024-02-27 07:50:09,556 [1c7f6d53-d2e7-4bdb-b96b-e0068b2c4e41@group-0BFB88997392-SegmentedRaftLogWorker] INFO  segmented.SegmentedRaftLogWorker (SegmentedRaftLogWorker.java:execute(634)) - 1c7f6d53-d2e7-4bdb-b96b-e0068b2c4e41@group-0BFB88997392-SegmentedRaftLogWorker: created new log segment /home/runner/work/ozone/ozone/hadoop-ozone/integration-test/target/test-dir/MiniOzoneClusterImpl-4c9fddb8-14cc-4d18-9561-dc95ff2af5f2/ozone-meta/datanode-3/ratis/502095e8-c67f-44d9-af9d-0bfb88997392/current/log_inprogress_0
2024-02-27 07:50:09,557 [fa5d0107-e57d-410d-980d-33f92c3a8e71@group-71E5127A0926-SegmentedRaftLogWorker] INFO  segmented.SegmentedRaftLogWorker (SegmentedRaftLogWorker.java:execute(634)) - fa5d0107-e57d-410d-980d-33f92c3a8e71@group-71E5127A0926-SegmentedRaftLogWorker: created new log segment /home/runner/work/ozone/ozone/hadoop-ozone/integration-test/target/test-dir/MiniOzoneClusterImpl-4c9fddb8-14cc-4d18-9561-dc95ff2af5f2/ozone-meta/datanode-2/ratis/5ee12f51-4510-4a90-8451-71e5127a0926/current/log_inprogress_0
2024-02-27 07:50:09,562 [7e131a2a-66d5-444e-90e8-7bf3dd0ed196@group-0BFB88997392-StateMachineUpdater] INFO  server.RaftServer$Division (LeaderStateImpl.java:isApplied(320)) - leader is ready since appliedIndex == 0 >= startIndex == 0
2024-02-27 07:50:09,563 [fa5d0107-e57d-410d-980d-33f92c3a8e71@group-0BFB88997392-SegmentedRaftLogWorker] INFO  segmented.SegmentedRaftLogWorker (SegmentedRaftLogWorker.java:execute(634)) - fa5d0107-e57d-410d-980d-33f92c3a8e71@group-0BFB88997392-SegmentedRaftLogWorker: created new log segment /home/runner/work/ozone/ozone/hadoop-ozone/integration-test/target/test-dir/MiniOzoneClusterImpl-4c9fddb8-14cc-4d18-9561-dc95ff2af5f2/ozone-meta/datanode-2/ratis/502095e8-c67f-44d9-af9d-0bfb88997392/current/log_inprogress_0
2024-02-27 07:50:09,618 [main] INFO  ozone.MiniOzoneClusterImpl (MiniOzoneClusterImpl.java:lambda$waitForClusterToBeReady$0(195)) - Nodes are ready. Got 3 of 3 DN Heartbeats.
2024-02-27 07:50:09,619 [main] INFO  ozone.MiniOzoneClusterImpl (MiniOzoneClusterImpl.java:lambda$waitForClusterToBeReady$0(198)) - Cluster exits safe mode
2024-02-27 07:50:09,619 [main] INFO  ozone.MiniOzoneClusterImpl (MiniOzoneClusterImpl.java:lambda$waitForClusterToBeReady$0(200)) - SCM became leader
2024-02-27 07:50:09,620 [main] INFO  protocolPB.OmTransportFactory (OmTransportFactory.java:createFactory(62)) - Loading OM transport implementation org.apache.hadoop.ozone.om.protocolPB.Hadoop3OmTransportFactory as specified by configuration.
2024-02-27 07:50:09,628 [main] INFO  om.TestOzoneManagerPrepare (TestOzoneManagerPrepare.java:setup(101)) - Waiting for OM leader election
2024-02-27 07:50:09,632 [omNode-1-OMStateMachineApplyTransactionThread - 0] INFO  upgrade.OMCancelPrepareRequest (OMCancelPrepareRequest.java:validateAndUpdateCache(54)) - OM omNode-1 Received cancel prepare request with log (t:1, i:1)
2024-02-27 07:50:09,632 [omNode-1-OMStateMachineApplyTransactionThread - 0] INFO  upgrade.OMCancelPrepareRequest (OMCancelPrepareRequest.java:validateAndUpdateCache(82)) - OM omNode-1 prepare state cancelled at log (t:1, i:1). Returning response 
2024-02-27 07:50:09,633 [omNode-3-OMStateMachineApplyTransactionThread - 0] INFO  upgrade.OMCancelPrepareRequest (OMCancelPrepareRequest.java:validateAndUpdateCache(54)) - OM omNode-3 Received cancel prepare request with log (t:1, i:1)
2024-02-27 07:50:09,633 [omNode-2-OMStateMachineApplyTransactionThread - 0] INFO  upgrade.OMCancelPrepareRequest (OMCancelPrepareRequest.java:validateAndUpdateCache(54)) - OM omNode-2 Received cancel prepare request with log (t:1, i:1)
2024-02-27 07:50:09,635 [omNode-2-OMStateMachineApplyTransactionThread - 0] INFO  upgrade.OMCancelPrepareRequest (OMCancelPrepareRequest.java:validateAndUpdateCache(82)) - OM omNode-2 prepare state cancelled at log (t:1, i:1). Returning response 
2024-02-27 07:50:09,635 [omNode-3-OMStateMachineApplyTransactionThread - 0] INFO  upgrade.OMCancelPrepareRequest (OMCancelPrepareRequest.java:validateAndUpdateCache(82)) - OM omNode-3 prepare state cancelled at log (t:1, i:1). Returning response 
2024-02-27 07:50:09,645 [main] INFO  rpc.RpcClient (RpcClient.java:createVolume(465)) - Creating Volume: vol, with runner as owner and space quota set to -1 bytes, counts quota set to -1
2024-02-27 07:50:09,649 [omNode-1-OMStateMachineApplyTransactionThread - 0] INFO  volume.OMVolumeCreateRequest (OMVolumeCreateRequest.java:validateAndUpdateCache(198)) - created volume:vol for user:runner
2024-02-27 07:50:09,651 [omNode-3-OMStateMachineApplyTransactionThread - 0] INFO  volume.OMVolumeCreateRequest (OMVolumeCreateRequest.java:validateAndUpdateCache(198)) - created volume:vol for user:runner
2024-02-27 07:50:09,652 [omNode-2-OMStateMachineApplyTransactionThread - 0] INFO  volume.OMVolumeCreateRequest (OMVolumeCreateRequest.java:validateAndUpdateCache(198)) - created volume:vol for user:runner
2024-02-27 07:50:09,657 [main] INFO  rpc.RpcClient (RpcClient.java:createVolume(465)) - Creating Volume: volumeacea09a9-d19b-4918-bc2d-0ab7b05d02c6, with runner as owner and space quota set to -1 bytes, counts quota set to -1
2024-02-27 07:50:09,660 [omNode-1-OMStateMachineApplyTransactionThread - 0] INFO  volume.OMVolumeCreateRequest (OMVolumeCreateRequest.java:validateAndUpdateCache(198)) - created volume:volumeacea09a9-d19b-4918-bc2d-0ab7b05d02c6 for user:runner
2024-02-27 07:50:09,660 [omNode-3-OMStateMachineApplyTransactionThread - 0] INFO  volume.OMVolumeCreateRequest (OMVolumeCreateRequest.java:validateAndUpdateCache(198)) - created volume:volumeacea09a9-d19b-4918-bc2d-0ab7b05d02c6 for user:runner
2024-02-27 07:50:09,661 [omNode-2-OMStateMachineApplyTransactionThread - 0] INFO  volume.OMVolumeCreateRequest (OMVolumeCreateRequest.java:validateAndUpdateCache(198)) - created volume:volumeacea09a9-d19b-4918-bc2d-0ab7b05d02c6 for user:runner
2024-02-27 07:50:09,661 [main] INFO  rpc.RpcClient (RpcClient.java:createBucket(691)) - Creating Bucket: volumeacea09a9-d19b-4918-bc2d-0ab7b05d02c6/bucket, with server-side default bucket layout, runner as owner, Versioning false, Storage Type set to DISK and Encryption set to false, Replication Type set to server-side default replication type, Namespace Quota set to -1, Space Quota set to -1 
2024-02-27 07:50:09,663 [omNode-1-OMStateMachineApplyTransactionThread - 0] INFO  bucket.OMBucketCreateRequest (OMBucketCreateRequest.java:validateAndUpdateCache(292)) - created bucket: bucket of layout OBJECT_STORE in volume: volumeacea09a9-d19b-4918-bc2d-0ab7b05d02c6
2024-02-27 07:50:09,665 [omNode-2-OMStateMachineApplyTransactionThread - 0] INFO  bucket.OMBucketCreateRequest (OMBucketCreateRequest.java:validateAndUpdateCache(292)) - created bucket: bucket of layout OBJECT_STORE in volume: volumeacea09a9-d19b-4918-bc2d-0ab7b05d02c6
2024-02-27 07:50:09,666 [omNode-3-OMStateMachineApplyTransactionThread - 0] INFO  bucket.OMBucketCreateRequest (OMBucketCreateRequest.java:validateAndUpdateCache(292)) - created bucket: bucket of layout OBJECT_STORE in volume: volumeacea09a9-d19b-4918-bc2d-0ab7b05d02c6
2024-02-27 07:50:09,673 [IPC Server handler 4 on default port 15216] INFO  ha.SequenceIdGenerator (SequenceIdGenerator.java:getNextId(145)) - Allocate a batch for containerId, change lastId from 0 to 1000.
2024-02-27 07:50:09,673 [IPC Server handler 4 on default port 15216] WARN  ha.SequenceIdGenerator (SequenceIdGenerator.java:allocateBatch(258)) - Failed to allocate a batch for localId, expected lastId is 0, actual lastId is 113750153625600000.
2024-02-27 07:50:09,673 [IPC Server handler 4 on default port 15216] INFO  ha.SequenceIdGenerator (SequenceIdGenerator.java:getNextId(145)) - Allocate a batch for localId, change lastId from 113750153625600000 to 113750153625601000.
2024-02-27 07:50:09,681 [fa5d0107-e57d-410d-980d-33f92c3a8e71@group-E5A1BB1CC926-FollowerState] INFO  impl.FollowerState (FollowerState.java:run(143)) - fa5d0107-e57d-410d-980d-33f92c3a8e71@group-E5A1BB1CC926-FollowerState: change to CANDIDATE, lastRpcElapsedTime:5141482012ns, electionTimeout:5141ms
2024-02-27 07:50:09,681 [fa5d0107-e57d-410d-980d-33f92c3a8e71@group-E5A1BB1CC926-FollowerState] INFO  impl.RoleInfo (RoleInfo.java:shutdownFollowerState(110)) - fa5d0107-e57d-410d-980d-33f92c3a8e71: shutdown fa5d0107-e57d-410d-980d-33f92c3a8e71@group-E5A1BB1CC926-FollowerState
2024-02-27 07:50:09,682 [fa5d0107-e57d-410d-980d-33f92c3a8e71@group-E5A1BB1CC926-FollowerState] INFO  server.RaftServer$Division (RaftServerImpl.java:setRole(383)) - fa5d0107-e57d-410d-980d-33f92c3a8e71@group-E5A1BB1CC926: changes role from  FOLLOWER to CANDIDATE at term 0 for changeToCandidate
2024-02-27 07:50:09,682 [fa5d0107-e57d-410d-980d-33f92c3a8e71@group-E5A1BB1CC926-FollowerState] INFO  server.RaftServerConfigKeys (ConfUtils.java:logGet(46)) - raft.server.leaderelection.pre-vote = true (default)
2024-02-27 07:50:09,682 [fa5d0107-e57d-410d-980d-33f92c3a8e71@group-E5A1BB1CC926-FollowerState] INFO  impl.RoleInfo (RoleInfo.java:updateAndGet(139)) - fa5d0107-e57d-410d-980d-33f92c3a8e71: start fa5d0107-e57d-410d-980d-33f92c3a8e71@group-E5A1BB1CC926-LeaderElection55
2024-02-27 07:50:09,686 [fa5d0107-e57d-410d-980d-33f92c3a8e71@group-E5A1BB1CC926-LeaderElection55] INFO  impl.LeaderElection (LeaderElection.java:askForVotes(321)) - fa5d0107-e57d-410d-980d-33f92c3a8e71@group-E5A1BB1CC926-LeaderElection55 PRE_VOTE round 0: submit vote requests at term 0 for -1: peers:[fa5d0107-e57d-410d-980d-33f92c3a8e71|10.1.0.19:15246]|listeners:[], old=null
2024-02-27 07:50:09,686 [fa5d0107-e57d-410d-980d-33f92c3a8e71@group-E5A1BB1CC926-LeaderElection55] INFO  impl.LeaderElection (LeaderElection.java:askForVotes(323)) - fa5d0107-e57d-410d-980d-33f92c3a8e71@group-E5A1BB1CC926-LeaderElection55 PRE_VOTE round 0: result PASSED (term=0)
2024-02-27 07:50:09,688 [fa5d0107-e57d-410d-980d-33f92c3a8e71@group-E5A1BB1CC926-LeaderElection55] INFO  impl.LeaderElection (LeaderElection.java:askForVotes(321)) - fa5d0107-e57d-410d-980d-33f92c3a8e71@group-E5A1BB1CC926-LeaderElection55 ELECTION round 0: submit vote requests at term 1 for -1: peers:[fa5d0107-e57d-410d-980d-33f92c3a8e71|10.1.0.19:15246]|listeners:[], old=null
2024-02-27 07:50:09,688 [fa5d0107-e57d-410d-980d-33f92c3a8e71@group-E5A1BB1CC926-LeaderElection55] INFO  impl.LeaderElection (LeaderElection.java:askForVotes(323)) - fa5d0107-e57d-410d-980d-33f92c3a8e71@group-E5A1BB1CC926-LeaderElection55 ELECTION round 0: result PASSED (term=1)
2024-02-27 07:50:09,688 [fa5d0107-e57d-410d-980d-33f92c3a8e71@group-E5A1BB1CC926-LeaderElection55] INFO  impl.RoleInfo (RoleInfo.java:shutdownLeaderElection(130)) - fa5d0107-e57d-410d-980d-33f92c3a8e71: shutdown fa5d0107-e57d-410d-980d-33f92c3a8e71@group-E5A1BB1CC926-LeaderElection55
2024-02-27 07:50:09,688 [fa5d0107-e57d-410d-980d-33f92c3a8e71@group-E5A1BB1CC926-LeaderElection55] INFO  server.RaftServer$Division (RaftServerImpl.java:setRole(383)) - fa5d0107-e57d-410d-980d-33f92c3a8e71@group-E5A1BB1CC926: changes role from CANDIDATE to LEADER at term 1 for changeToLeader
2024-02-27 07:50:09,689 [fa5d0107-e57d-410d-980d-33f92c3a8e71@group-E5A1BB1CC926-LeaderElection55] INFO  server.RaftServerConfigKeys (ConfUtils.java:logGet(46)) - raft.server.staging.catchup.gap = 1000 (default)
2024-02-27 07:50:09,689 [grpc-default-executor-3] ERROR impl.OrderedAsync (OrderedAsync.java:lambda$sendRequest$9(247)) - client-6E824CF7FB64: Failed* RaftClientRequest:client-6E824CF7FB64->1c7f6d53-d2e7-4bdb-b96b-e0068b2c4e41@group-6CD0A6AA8046, cid=244, seq=1*, Watch(0), null
java.util.concurrent.CompletionException: org.apache.ratis.protocol.exceptions.NotLeaderException: Server 1c7f6d53-d2e7-4bdb-b96b-e0068b2c4e41@group-6CD0A6AA8046 is not the leader
	at java.util.concurrent.CompletableFuture.encodeThrowable(CompletableFuture.java:292)
	at java.util.concurrent.CompletableFuture.completeThrowable(CompletableFuture.java:308)
	at java.util.concurrent.CompletableFuture.uniApply(CompletableFuture.java:607)
	at java.util.concurrent.CompletableFuture$UniApply.tryFire(CompletableFuture.java:591)
	at java.util.concurrent.CompletableFuture.postComplete(CompletableFuture.java:488)
	at java.util.concurrent.CompletableFuture.completeExceptionally(CompletableFuture.java:1990)
	at org.apache.ratis.grpc.client.GrpcClientProtocolClient$AsyncStreamObservers.completeReplyExceptionally(GrpcClientProtocolClient.java:394)
	at org.apache.ratis.grpc.client.GrpcClientProtocolClient$AsyncStreamObservers.access$000(GrpcClientProtocolClient.java:300)
	at org.apache.ratis.grpc.client.GrpcClientProtocolClient$AsyncStreamObservers$1.onNext(GrpcClientProtocolClient.java:314)
	at org.apache.ratis.grpc.client.GrpcClientProtocolClient$AsyncStreamObservers$1.onNext(GrpcClientProtocolClient.java:305)
	at org.apache.ratis.thirdparty.io.grpc.stub.ClientCalls$StreamObserverToCallListenerAdapter.onMessage(ClientCalls.java:468)
	at org.apache.ratis.thirdparty.io.grpc.ForwardingClientCallListener.onMessage(ForwardingClientCallListener.java:33)
	at org.apache.ratis.thirdparty.io.grpc.internal.DelayedClientCall$DelayedListener.onMessage(DelayedClientCall.java:473)
	at org.apache.ratis.thirdparty.io.grpc.internal.ClientCallImpl$ClientStreamListenerImpl$1MessagesAvailable.runInternal(ClientCallImpl.java:660)
	at org.apache.ratis.thirdparty.io.grpc.internal.ClientCallImpl$ClientStreamListenerImpl$1MessagesAvailable.runInContext(ClientCallImpl.java:647)
	at org.apache.ratis.thirdparty.io.grpc.internal.ContextRunnable.run(ContextRunnable.java:37)
	at org.apache.ratis.thirdparty.io.grpc.internal.SerializingExecutor.run(SerializingExecutor.java:133)
	at java.util.concurrent.ThreadPoolExecutor.runWorker(ThreadPoolExecutor.java:1149)
	at java.util.concurrent.ThreadPoolExecutor$Worker.run(ThreadPoolExecutor.java:624)
	at java.lang.Thread.run(Thread.java:750)
Caused by: org.apache.ratis.protocol.exceptions.NotLeaderException: Server 1c7f6d53-d2e7-4bdb-b96b-e0068b2c4e41@group-6CD0A6AA8046 is not the leader
	at org.apache.ratis.client.impl.ClientProtoUtils.toRaftClientReply(ClientProtoUtils.java:397)
	at org.apache.ratis.grpc.client.GrpcClientProtocolClient$AsyncStreamObservers$1.onNext(GrpcClientProtocolClient.java:310)
	... 11 more
2024-02-27 07:50:09,690 [fa5d0107-e57d-410d-980d-33f92c3a8e71@group-E5A1BB1CC926-LeaderElection55] INFO  server.RaftServerConfigKeys (ConfUtils.java:logGet(46)) - raft.server.write.element-limit = 1024 (custom)
2024-02-27 07:50:09,693 [fa5d0107-e57d-410d-980d-33f92c3a8e71@group-E5A1BB1CC926-LeaderElection55] INFO  server.RaftServerConfigKeys (ConfUtils.java:logGet(46)) - raft.server.write.byte-limit = 1024 M (=1073741824) (custom)
2024-02-27 07:50:09,693 [fa5d0107-e57d-410d-980d-33f92c3a8e71@group-E5A1BB1CC926-LeaderElection55] INFO  server.RaftServerConfigKeys (ConfUtils.java:logGet(46)) - raft.server.watch.timeout = 180s (custom)
2024-02-27 07:50:09,693 [fa5d0107-e57d-410d-980d-33f92c3a8e71@group-E5A1BB1CC926-LeaderElection55] INFO  server.RaftServerConfigKeys (ConfUtils.java:logGet(46)) - raft.server.watch.timeout.denomination = 1s (default)
2024-02-27 07:50:09,693 [fa5d0107-e57d-410d-980d-33f92c3a8e71@group-E5A1BB1CC926-LeaderElection55] INFO  server.RaftServerConfigKeys (ConfUtils.java:logGet(46)) - raft.server.watch.element-limit = 65536 (default)
2024-02-27 07:50:09,693 [fa5d0107-e57d-410d-980d-33f92c3a8e71@group-E5A1BB1CC926-LeaderElection55] INFO  server.RaftServerConfigKeys (ConfUtils.java:logGet(46)) - raft.server.read.leader.lease.enabled = false (default)
2024-02-27 07:50:09,693 [fa5d0107-e57d-410d-980d-33f92c3a8e71@group-E5A1BB1CC926-LeaderElection55] INFO  server.RaftServerConfigKeys (ConfUtils.java:logGet(46)) - raft.server.read.leader.lease.timeout.ratio = 0.9 (default)
2024-02-27 07:50:09,693 [fa5d0107-e57d-410d-980d-33f92c3a8e71@group-E5A1BB1CC926-LeaderElection55] INFO  server.RaftServerConfigKeys (ConfUtils.java:logGet(46)) - raft.server.rpc.timeout.min = 5s (custom)
2024-02-27 07:50:09,694 [fa5d0107-e57d-410d-980d-33f92c3a8e71@group-E5A1BB1CC926-LeaderElection55] INFO  server.RaftServerConfigKeys (ConfUtils.java:logGet(46)) - raft.server.write.element-limit = 1024 (custom)
2024-02-27 07:50:09,694 [fa5d0107-e57d-410d-980d-33f92c3a8e71@group-E5A1BB1CC926-LeaderElection55] INFO  server.RaftServerConfigKeys (ConfUtils.java:logGet(46)) - raft.server.write.follower.gap.ratio.max = -1.0 (default)
2024-02-27 07:50:09,694 [fa5d0107-e57d-410d-980d-33f92c3a8e71@group-E5A1BB1CC926-LeaderElection55] INFO  impl.RoleInfo (RoleInfo.java:updateAndGet(139)) - fa5d0107-e57d-410d-980d-33f92c3a8e71: start fa5d0107-e57d-410d-980d-33f92c3a8e71@group-E5A1BB1CC926-LeaderStateImpl
2024-02-27 07:50:09,694 [fa5d0107-e57d-410d-980d-33f92c3a8e71@group-E5A1BB1CC926-LeaderElection55] INFO  server.RaftServer$Division (RaftServerImpl.java:setFirstElection(574)) - fa5d0107-e57d-410d-980d-33f92c3a8e71@group-E5A1BB1CC926: set firstElectionSinceStartup to false for becomeLeader
2024-02-27 07:50:09,694 [fa5d0107-e57d-410d-980d-33f92c3a8e71@group-E5A1BB1CC926-LeaderElection55] INFO  ratis.XceiverServerRatis (XceiverServerRatis.java:handleLeaderChangedNotification(966)) - Leader change notification received for group: group-E5A1BB1CC926 with new leaderId: fa5d0107-e57d-410d-980d-33f92c3a8e71
2024-02-27 07:50:09,694 [fa5d0107-e57d-410d-980d-33f92c3a8e71@group-E5A1BB1CC926-LeaderElection55] INFO  server.RaftServer$Division (ServerState.java:setLeader(269)) - fa5d0107-e57d-410d-980d-33f92c3a8e71@group-E5A1BB1CC926: change Leader from null to fa5d0107-e57d-410d-980d-33f92c3a8e71 at term 1 for becomeLeader, leader elected after 5163ms
2024-02-27 07:50:09,694 [fa5d0107-e57d-410d-980d-33f92c3a8e71@group-E5A1BB1CC926-LeaderElection55] INFO  segmented.SegmentedRaftLogWorker (SegmentedRaftLogWorker.java:startLogSegment(430)) - fa5d0107-e57d-410d-980d-33f92c3a8e71@group-E5A1BB1CC926-SegmentedRaftLogWorker: Starting segment from index:0
2024-02-27 07:50:09,694 [fa5d0107-e57d-410d-980d-33f92c3a8e71@group-E5A1BB1CC926-SegmentedRaftLogWorker] INFO  segmented.BufferedWriteChannel (BufferedWriteChannel.java:open(62)) - open log_inprogress_0 at position 0
2024-02-27 07:50:09,697 [fa5d0107-e57d-410d-980d-33f92c3a8e71@group-E5A1BB1CC926-LeaderElection55] INFO  server.RaftServer$Division (ServerState.java:setRaftConf(386)) - fa5d0107-e57d-410d-980d-33f92c3a8e71@group-E5A1BB1CC926: set configuration 0: peers:[fa5d0107-e57d-410d-980d-33f92c3a8e71|10.1.0.19:15246]|listeners:[], old=null
2024-02-27 07:50:09,701 [fa5d0107-e57d-410d-980d-33f92c3a8e71@group-E5A1BB1CC926-SegmentedRaftLogWorker] INFO  segmented.SegmentedRaftLogWorker (SegmentedRaftLogWorker.java:execute(634)) - fa5d0107-e57d-410d-980d-33f92c3a8e71@group-E5A1BB1CC926-SegmentedRaftLogWorker: created new log segment /home/runner/work/ozone/ozone/hadoop-ozone/integration-test/target/test-dir/MiniOzoneClusterImpl-4c9fddb8-14cc-4d18-9561-dc95ff2af5f2/ozone-meta/datanode-2/ratis/de999869-c360-44b9-8936-e5a1bb1cc926/current/log_inprogress_0
2024-02-27 07:50:09,702 [fa5d0107-e57d-410d-980d-33f92c3a8e71@group-E5A1BB1CC926-StateMachineUpdater] INFO  server.RaftServer$Division (LeaderStateImpl.java:isApplied(320)) - leader is ready since appliedIndex == 0 >= startIndex == 0
2024-02-27 07:50:09,743 [1c7f6d53-d2e7-4bdb-b96b-e0068b2c4e41@group-6CD0A6AA8046-FollowerState] INFO  impl.FollowerState (FollowerState.java:run(143)) - 1c7f6d53-d2e7-4bdb-b96b-e0068b2c4e41@group-6CD0A6AA8046-FollowerState: change to CANDIDATE, lastRpcElapsedTime:5119438423ns, electionTimeout:5119ms
2024-02-27 07:50:09,743 [1c7f6d53-d2e7-4bdb-b96b-e0068b2c4e41@group-6CD0A6AA8046-FollowerState] INFO  impl.RoleInfo (RoleInfo.java:shutdownFollowerState(110)) - 1c7f6d53-d2e7-4bdb-b96b-e0068b2c4e41: shutdown 1c7f6d53-d2e7-4bdb-b96b-e0068b2c4e41@group-6CD0A6AA8046-FollowerState
2024-02-27 07:50:09,743 [1c7f6d53-d2e7-4bdb-b96b-e0068b2c4e41@group-6CD0A6AA8046-FollowerState] INFO  server.RaftServer$Division (RaftServerImpl.java:setRole(383)) - 1c7f6d53-d2e7-4bdb-b96b-e0068b2c4e41@group-6CD0A6AA8046: changes role from  FOLLOWER to CANDIDATE at term 0 for changeToCandidate
2024-02-27 07:50:09,743 [1c7f6d53-d2e7-4bdb-b96b-e0068b2c4e41@group-6CD0A6AA8046-FollowerState] INFO  server.RaftServerConfigKeys (ConfUtils.java:logGet(46)) - raft.server.leaderelection.pre-vote = true (default)
2024-02-27 07:50:09,743 [1c7f6d53-d2e7-4bdb-b96b-e0068b2c4e41@group-6CD0A6AA8046-FollowerState] INFO  impl.RoleInfo (RoleInfo.java:updateAndGet(139)) - 1c7f6d53-d2e7-4bdb-b96b-e0068b2c4e41: start 1c7f6d53-d2e7-4bdb-b96b-e0068b2c4e41@group-6CD0A6AA8046-LeaderElection56
2024-02-27 07:50:09,745 [1c7f6d53-d2e7-4bdb-b96b-e0068b2c4e41@group-6CD0A6AA8046-LeaderElection56] INFO  impl.LeaderElection (LeaderElection.java:askForVotes(321)) - 1c7f6d53-d2e7-4bdb-b96b-e0068b2c4e41@group-6CD0A6AA8046-LeaderElection56 PRE_VOTE round 0: submit vote requests at term 0 for -1: peers:[1c7f6d53-d2e7-4bdb-b96b-e0068b2c4e41|10.1.0.19:15255]|listeners:[], old=null
2024-02-27 07:50:09,745 [1c7f6d53-d2e7-4bdb-b96b-e0068b2c4e41@group-6CD0A6AA8046-LeaderElection56] INFO  impl.LeaderElection (LeaderElection.java:askForVotes(323)) - 1c7f6d53-d2e7-4bdb-b96b-e0068b2c4e41@group-6CD0A6AA8046-LeaderElection56 PRE_VOTE round 0: result PASSED (term=0)
2024-02-27 07:50:09,746 [1c7f6d53-d2e7-4bdb-b96b-e0068b2c4e41@group-6CD0A6AA8046-LeaderElection56] INFO  impl.LeaderElection (LeaderElection.java:askForVotes(321)) - 1c7f6d53-d2e7-4bdb-b96b-e0068b2c4e41@group-6CD0A6AA8046-LeaderElection56 ELECTION round 0: submit vote requests at term 1 for -1: peers:[1c7f6d53-d2e7-4bdb-b96b-e0068b2c4e41|10.1.0.19:15255]|listeners:[], old=null
2024-02-27 07:50:09,746 [1c7f6d53-d2e7-4bdb-b96b-e0068b2c4e41@group-6CD0A6AA8046-LeaderElection56] INFO  impl.LeaderElection (LeaderElection.java:askForVotes(323)) - 1c7f6d53-d2e7-4bdb-b96b-e0068b2c4e41@group-6CD0A6AA8046-LeaderElection56 ELECTION round 0: result PASSED (term=1)
2024-02-27 07:50:09,746 [1c7f6d53-d2e7-4bdb-b96b-e0068b2c4e41@group-6CD0A6AA8046-LeaderElection56] INFO  impl.RoleInfo (RoleInfo.java:shutdownLeaderElection(130)) - 1c7f6d53-d2e7-4bdb-b96b-e0068b2c4e41: shutdown 1c7f6d53-d2e7-4bdb-b96b-e0068b2c4e41@group-6CD0A6AA8046-LeaderElection56
2024-02-27 07:50:09,746 [1c7f6d53-d2e7-4bdb-b96b-e0068b2c4e41@group-6CD0A6AA8046-LeaderElection56] INFO  server.RaftServer$Division (RaftServerImpl.java:setRole(383)) - 1c7f6d53-d2e7-4bdb-b96b-e0068b2c4e41@group-6CD0A6AA8046: changes role from CANDIDATE to LEADER at term 1 for changeToLeader
2024-02-27 07:50:09,747 [1c7f6d53-d2e7-4bdb-b96b-e0068b2c4e41@group-6CD0A6AA8046-LeaderElection56] INFO  server.RaftServerConfigKeys (ConfUtils.java:logGet(46)) - raft.server.staging.catchup.gap = 1000 (default)
2024-02-27 07:50:09,747 [1c7f6d53-d2e7-4bdb-b96b-e0068b2c4e41@group-6CD0A6AA8046-LeaderElection56] INFO  server.RaftServerConfigKeys (ConfUtils.java:logGet(46)) - raft.server.write.element-limit = 1024 (custom)
2024-02-27 07:50:09,747 [1c7f6d53-d2e7-4bdb-b96b-e0068b2c4e41@group-6CD0A6AA8046-LeaderElection56] INFO  server.RaftServerConfigKeys (ConfUtils.java:logGet(46)) - raft.server.write.byte-limit = 1024 M (=1073741824) (custom)
2024-02-27 07:50:09,747 [1c7f6d53-d2e7-4bdb-b96b-e0068b2c4e41@group-6CD0A6AA8046-LeaderElection56] INFO  server.RaftServerConfigKeys (ConfUtils.java:logGet(46)) - raft.server.watch.timeout = 180s (custom)
2024-02-27 07:50:09,747 [1c7f6d53-d2e7-4bdb-b96b-e0068b2c4e41@group-6CD0A6AA8046-LeaderElection56] INFO  server.RaftServerConfigKeys (ConfUtils.java:logGet(46)) - raft.server.watch.timeout.denomination = 1s (default)
2024-02-27 07:50:09,747 [1c7f6d53-d2e7-4bdb-b96b-e0068b2c4e41@group-6CD0A6AA8046-LeaderElection56] INFO  server.RaftServerConfigKeys (ConfUtils.java:logGet(46)) - raft.server.watch.element-limit = 65536 (default)
2024-02-27 07:50:09,747 [1c7f6d53-d2e7-4bdb-b96b-e0068b2c4e41@group-6CD0A6AA8046-LeaderElection56] INFO  server.RaftServerConfigKeys (ConfUtils.java:logGet(46)) - raft.server.read.leader.lease.enabled = false (default)
2024-02-27 07:50:09,747 [1c7f6d53-d2e7-4bdb-b96b-e0068b2c4e41@group-6CD0A6AA8046-LeaderElection56] INFO  server.RaftServerConfigKeys (ConfUtils.java:logGet(46)) - raft.server.read.leader.lease.timeout.ratio = 0.9 (default)
2024-02-27 07:50:09,747 [1c7f6d53-d2e7-4bdb-b96b-e0068b2c4e41@group-6CD0A6AA8046-LeaderElection56] INFO  server.RaftServerConfigKeys (ConfUtils.java:logGet(46)) - raft.server.rpc.timeout.min = 5s (custom)
2024-02-27 07:50:09,747 [1c7f6d53-d2e7-4bdb-b96b-e0068b2c4e41@group-6CD0A6AA8046-LeaderElection56] INFO  server.RaftServerConfigKeys (ConfUtils.java:logGet(46)) - raft.server.write.element-limit = 1024 (custom)
2024-02-27 07:50:09,747 [1c7f6d53-d2e7-4bdb-b96b-e0068b2c4e41@group-6CD0A6AA8046-LeaderElection56] INFO  server.RaftServerConfigKeys (ConfUtils.java:logGet(46)) - raft.server.write.follower.gap.ratio.max = -1.0 (default)
2024-02-27 07:50:09,747 [1c7f6d53-d2e7-4bdb-b96b-e0068b2c4e41@group-6CD0A6AA8046-LeaderElection56] INFO  impl.RoleInfo (RoleInfo.java:updateAndGet(139)) - 1c7f6d53-d2e7-4bdb-b96b-e0068b2c4e41: start 1c7f6d53-d2e7-4bdb-b96b-e0068b2c4e41@group-6CD0A6AA8046-LeaderStateImpl
2024-02-27 07:50:09,747 [1c7f6d53-d2e7-4bdb-b96b-e0068b2c4e41@group-6CD0A6AA8046-LeaderElection56] INFO  server.RaftServer$Division (RaftServerImpl.java:setFirstElection(574)) - 1c7f6d53-d2e7-4bdb-b96b-e0068b2c4e41@group-6CD0A6AA8046: set firstElectionSinceStartup to false for becomeLeader
2024-02-27 07:50:09,748 [1c7f6d53-d2e7-4bdb-b96b-e0068b2c4e41@group-6CD0A6AA8046-LeaderElection56] INFO  ratis.XceiverServerRatis (XceiverServerRatis.java:handleLeaderChangedNotification(966)) - Leader change notification received for group: group-6CD0A6AA8046 with new leaderId: 1c7f6d53-d2e7-4bdb-b96b-e0068b2c4e41
2024-02-27 07:50:09,748 [1c7f6d53-d2e7-4bdb-b96b-e0068b2c4e41@group-6CD0A6AA8046-LeaderElection56] INFO  server.RaftServer$Division (ServerState.java:setLeader(269)) - 1c7f6d53-d2e7-4bdb-b96b-e0068b2c4e41@group-6CD0A6AA8046: change Leader from null to 1c7f6d53-d2e7-4bdb-b96b-e0068b2c4e41 at term 1 for becomeLeader, leader elected after 5132ms
2024-02-27 07:50:09,748 [1c7f6d53-d2e7-4bdb-b96b-e0068b2c4e41@group-6CD0A6AA8046-LeaderElection56] INFO  segmented.SegmentedRaftLogWorker (SegmentedRaftLogWorker.java:startLogSegment(430)) - 1c7f6d53-d2e7-4bdb-b96b-e0068b2c4e41@group-6CD0A6AA8046-SegmentedRaftLogWorker: Starting segment from index:0
2024-02-27 07:50:09,748 [1c7f6d53-d2e7-4bdb-b96b-e0068b2c4e41@group-6CD0A6AA8046-SegmentedRaftLogWorker] INFO  segmented.BufferedWriteChannel (BufferedWriteChannel.java:open(62)) - open log_inprogress_0 at position 0
2024-02-27 07:50:09,752 [1c7f6d53-d2e7-4bdb-b96b-e0068b2c4e41@group-6CD0A6AA8046-LeaderElection56] INFO  server.RaftServer$Division (ServerState.java:setRaftConf(386)) - 1c7f6d53-d2e7-4bdb-b96b-e0068b2c4e41@group-6CD0A6AA8046: set configuration 0: peers:[1c7f6d53-d2e7-4bdb-b96b-e0068b2c4e41|10.1.0.19:15255]|listeners:[], old=null
2024-02-27 07:50:09,756 [1c7f6d53-d2e7-4bdb-b96b-e0068b2c4e41@group-6CD0A6AA8046-SegmentedRaftLogWorker] INFO  segmented.SegmentedRaftLogWorker (SegmentedRaftLogWorker.java:execute(634)) - 1c7f6d53-d2e7-4bdb-b96b-e0068b2c4e41@group-6CD0A6AA8046-SegmentedRaftLogWorker: created new log segment /home/runner/work/ozone/ozone/hadoop-ozone/integration-test/target/test-dir/MiniOzoneClusterImpl-4c9fddb8-14cc-4d18-9561-dc95ff2af5f2/ozone-meta/datanode-3/ratis/3e0d1136-a396-453f-ba1e-6cd0a6aa8046/current/log_inprogress_0
2024-02-27 07:50:09,757 [1c7f6d53-d2e7-4bdb-b96b-e0068b2c4e41@group-6CD0A6AA8046-StateMachineUpdater] INFO  server.RaftServer$Division (LeaderStateImpl.java:isApplied(320)) - leader is ready since appliedIndex == 0 >= startIndex == 0
2024-02-27 07:50:16,854 [timer5] ERROR impl.OrderedAsync (OrderedAsync.java:lambda$sendRequest$9(247)) - client-6E824CF7FB64: Failed* RaftClientRequest:client-6E824CF7FB64->1c7f6d53-d2e7-4bdb-b96b-e0068b2c4e41@group-6CD0A6AA8046, cid=244, seq=1*, Watch(0), null
java.util.concurrent.CompletionException: org.apache.ratis.protocol.exceptions.AlreadyClosedException: client-6E824CF7FB64->1c7f6d53-d2e7-4bdb-b96b-e0068b2c4e41 is closed.
	at java.util.concurrent.CompletableFuture.encodeThrowable(CompletableFuture.java:292)
	at java.util.concurrent.CompletableFuture.completeThrowable(CompletableFuture.java:308)
	at java.util.concurrent.CompletableFuture.uniApply(CompletableFuture.java:607)
	at java.util.concurrent.CompletableFuture.uniApplyStage(CompletableFuture.java:628)
	at java.util.concurrent.CompletableFuture.thenApply(CompletableFuture.java:1996)
	at org.apache.ratis.client.impl.OrderedAsync.sendRequest(OrderedAsync.java:239)
	at org.apache.ratis.client.impl.OrderedAsync.sendRequestWithRetry(OrderedAsync.java:203)
	at org.apache.ratis.util.SlidingWindow$Client.sendOrDelayRequest(SlidingWindow.java:312)
	at org.apache.ratis.util.SlidingWindow$Client.retry(SlidingWindow.java:328)
	at org.apache.ratis.client.impl.OrderedAsync.lambda$scheduleWithTimeout$6(OrderedAsync.java:227)
	at org.apache.ratis.util.TimeoutTimer.lambda$onTimeout$2(TimeoutTimer.java:101)
	at org.apache.ratis.util.LogUtils.runAndLog(LogUtils.java:38)
	at org.apache.ratis.util.LogUtils$1.run(LogUtils.java:78)
	at org.apache.ratis.util.TimeoutTimer$Task.run(TimeoutTimer.java:55)
	at java.util.TimerThread.mainLoop(Timer.java:555)
	at java.util.TimerThread.run(Timer.java:505)
Caused by: org.apache.ratis.protocol.exceptions.AlreadyClosedException: client-6E824CF7FB64->1c7f6d53-d2e7-4bdb-b96b-e0068b2c4e41 is closed.
	at org.apache.ratis.grpc.client.GrpcClientProtocolClient$AsyncStreamObservers.onNext(GrpcClientProtocolClient.java:349)
	at org.apache.ratis.grpc.client.GrpcClientRpc.sendRequestAsync(GrpcClientRpc.java:71)
	... 11 more
2024-02-27 07:50:20,683 [omNode-3@group-523986131536-StateMachineUpdater] INFO  ratis.OzoneManagerStateMachine (OzoneManagerStateMachine.java:takeSnapshotImpl(469)) -  applied = (t:1, i:49)
2024-02-27 07:50:20,684 [omNode-3@group-523986131536-StateMachineUpdater] INFO  ratis.OzoneManagerStateMachine (OzoneManagerStateMachine.java:takeSnapshotImpl(470)) -  skipped = 49
2024-02-27 07:50:20,684 [omNode-3@group-523986131536-StateMachineUpdater] INFO  ratis.OzoneManagerStateMachine (OzoneManagerStateMachine.java:takeSnapshotImpl(471)) - notified = (t:1, i:50)
2024-02-27 07:50:20,684 [omNode-3@group-523986131536-StateMachineUpdater] INFO  ratis.OzoneManagerStateMachine (OzoneManagerStateMachine.java:takeSnapshotImpl(472)) - snapshot = (t:1, i:50)
2024-02-27 07:50:20,685 [omNode-2@group-523986131536-StateMachineUpdater] INFO  ratis.OzoneManagerStateMachine (OzoneManagerStateMachine.java:takeSnapshotImpl(469)) -  applied = (t:1, i:49)
2024-02-27 07:50:20,685 [omNode-2@group-523986131536-StateMachineUpdater] INFO  ratis.OzoneManagerStateMachine (OzoneManagerStateMachine.java:takeSnapshotImpl(470)) -  skipped = 49
2024-02-27 07:50:20,685 [omNode-2@group-523986131536-StateMachineUpdater] INFO  ratis.OzoneManagerStateMachine (OzoneManagerStateMachine.java:takeSnapshotImpl(471)) - notified = (t:1, i:50)
2024-02-27 07:50:20,685 [omNode-2@group-523986131536-StateMachineUpdater] INFO  ratis.OzoneManagerStateMachine (OzoneManagerStateMachine.java:takeSnapshotImpl(472)) - snapshot = (t:1, i:50)
2024-02-27 07:50:20,687 [omNode-1-OMStateMachineApplyTransactionThread - 0] INFO  upgrade.OMPrepareRequest (OMPrepareRequest.java:validateAndUpdateCache(69)) - OM omNode-1 Received prepare request with log (t:1, i:51)
2024-02-27 07:50:20,687 [omNode-1-OMStateMachineApplyTransactionThread - 0] INFO  upgrade.OMPrepareRequest (OMPrepareRequest.java:waitForLogIndex(184)) - omNode-1 waiting for index 51 to flush to OM DB and index 52 to flush to Ratis state machine.
2024-02-27 07:50:20,701 [omNode-3@group-523986131536-StateMachineUpdater] INFO  impl.StateMachineUpdater (StateMachineUpdater.java:takeSnapshot(295)) - omNode-3@group-523986131536-StateMachineUpdater: Took a snapshot at index 50
2024-02-27 07:50:20,702 [omNode-3@group-523986131536-StateMachineUpdater] INFO  impl.StateMachineUpdater (StateMachineUpdater.java:lambda$new$0(98)) - omNode-3@group-523986131536-StateMachineUpdater: snapshotIndex: updateIncreasingly -1 -> 50
2024-02-27 07:50:20,702 [omNode-3@group-523986131536-StateMachineUpdater] INFO  raftlog.RaftLog (RaftLogBase.java:purge(330)) - omNode-3@group-523986131536-SegmentedRaftLog: purge 50
2024-02-27 07:50:20,702 [omNode-3@group-523986131536-StateMachineUpdater] INFO  raftlog.RaftLog (RaftLogBase.java:lambda$new$0(54)) - omNode-3@group-523986131536-SegmentedRaftLog: snapshotIndex: updateIncreasingly -1 -> 50
2024-02-27 07:50:20,702 [omNode-3@group-523986131536-StateMachineUpdater] INFO  raftlog.RaftLog (RaftLogBase.java:lambda$new$0(54)) - omNode-3@group-523986131536-SegmentedRaftLog: purgeIndex: updateToMax old=-1, new=50, updated? true
2024-02-27 07:50:20,702 [omNode-3-OMStateMachineApplyTransactionThread - 0] INFO  upgrade.OMPrepareRequest (OMPrepareRequest.java:validateAndUpdateCache(69)) - OM omNode-3 Received prepare request with log (t:1, i:51)
2024-02-27 07:50:20,702 [omNode-3-OMStateMachineApplyTransactionThread - 0] INFO  upgrade.OMPrepareRequest (OMPrepareRequest.java:waitForLogIndex(184)) - omNode-3 waiting for index 51 to flush to OM DB and index 52 to flush to Ratis state machine.
2024-02-27 07:50:20,704 [omNode-2@group-523986131536-StateMachineUpdater] INFO  impl.StateMachineUpdater (StateMachineUpdater.java:takeSnapshot(295)) - omNode-2@group-523986131536-StateMachineUpdater: Took a snapshot at index 50
2024-02-27 07:50:20,704 [omNode-2@group-523986131536-StateMachineUpdater] INFO  impl.StateMachineUpdater (StateMachineUpdater.java:lambda$new$0(98)) - omNode-2@group-523986131536-StateMachineUpdater: snapshotIndex: updateIncreasingly -1 -> 50
2024-02-27 07:50:20,704 [omNode-2@group-523986131536-StateMachineUpdater] INFO  raftlog.RaftLog (RaftLogBase.java:purge(330)) - omNode-2@group-523986131536-SegmentedRaftLog: purge 50
2024-02-27 07:50:20,704 [omNode-2@group-523986131536-StateMachineUpdater] INFO  raftlog.RaftLog (RaftLogBase.java:lambda$new$0(54)) - omNode-2@group-523986131536-SegmentedRaftLog: snapshotIndex: updateIncreasingly -1 -> 50
2024-02-27 07:50:20,704 [omNode-2@group-523986131536-StateMachineUpdater] INFO  raftlog.RaftLog (RaftLogBase.java:lambda$new$0(54)) - omNode-2@group-523986131536-SegmentedRaftLog: purgeIndex: updateToMax old=-1, new=50, updated? true
2024-02-27 07:50:20,704 [omNode-2-OMStateMachineApplyTransactionThread - 0] INFO  upgrade.OMPrepareRequest (OMPrepareRequest.java:validateAndUpdateCache(69)) - OM omNode-2 Received prepare request with log (t:1, i:51)
2024-02-27 07:50:20,704 [omNode-2-OMStateMachineApplyTransactionThread - 0] INFO  upgrade.OMPrepareRequest (OMPrepareRequest.java:waitForLogIndex(184)) - omNode-2 waiting for index 51 to flush to OM DB and index 52 to flush to Ratis state machine.
2024-02-27 07:50:25,702 [omNode-3-OMStateMachineApplyTransactionThread - 0] INFO  ratis.OzoneManagerStateMachine (OzoneManagerStateMachine.java:takeSnapshotImpl(469)) -  applied = (t:1, i:51)
2024-02-27 07:50:25,703 [omNode-3-OMStateMachineApplyTransactionThread - 0] INFO  ratis.OzoneManagerStateMachine (OzoneManagerStateMachine.java:takeSnapshotImpl(470)) -  skipped = 51
2024-02-27 07:50:25,703 [omNode-3-OMStateMachineApplyTransactionThread - 0] INFO  ratis.OzoneManagerStateMachine (OzoneManagerStateMachine.java:takeSnapshotImpl(471)) - notified = (t:1, i:52)
2024-02-27 07:50:25,703 [omNode-3-OMStateMachineApplyTransactionThread - 0] INFO  ratis.OzoneManagerStateMachine (OzoneManagerStateMachine.java:takeSnapshotImpl(472)) - snapshot = (t:1, i:52)
2024-02-27 07:50:25,704 [omNode-2-OMStateMachineApplyTransactionThread - 0] INFO  ratis.OzoneManagerStateMachine (OzoneManagerStateMachine.java:takeSnapshotImpl(469)) -  applied = (t:1, i:51)
2024-02-27 07:50:25,705 [omNode-2-OMStateMachineApplyTransactionThread - 0] INFO  ratis.OzoneManagerStateMachine (OzoneManagerStateMachine.java:takeSnapshotImpl(470)) -  skipped = 51
2024-02-27 07:50:25,705 [omNode-2-OMStateMachineApplyTransactionThread - 0] INFO  ratis.OzoneManagerStateMachine (OzoneManagerStateMachine.java:takeSnapshotImpl(471)) - notified = (t:1, i:52)
2024-02-27 07:50:25,705 [omNode-2-OMStateMachineApplyTransactionThread - 0] INFO  ratis.OzoneManagerStateMachine (OzoneManagerStateMachine.java:takeSnapshotImpl(472)) - snapshot = (t:1, i:52)
2024-02-27 07:50:25,708 [omNode-3-OMStateMachineApplyTransactionThread - 0] INFO  upgrade.OMPrepareRequest (OMPrepareRequest.java:takeSnapshotAndPurgeLogs(238)) - takeSnapshot at 52 for prepareIndex 52
2024-02-27 07:50:25,708 [omNode-3-OMStateMachineApplyTransactionThread - 0] INFO  raftlog.RaftLog (RaftLogBase.java:lambda$new$0(54)) - omNode-3@group-523986131536-SegmentedRaftLog: snapshotIndex: updateIncreasingly 50 -> 52
2024-02-27 07:50:25,708 [omNode-3-OMStateMachineApplyTransactionThread - 0] INFO  segmented.SegmentedRaftLogWorker (SegmentedRaftLogWorker.java:lambda$new$0(134)) - omNode-3@group-523986131536-SegmentedRaftLogWorker: safeCacheEvictIndex: setUnconditionally -1 -> 52
2024-02-27 07:50:25,708 [omNode-3-OMStateMachineApplyTransactionThread - 0] INFO  segmented.SegmentedRaftLogWorker (SegmentedRaftLogWorker.java:closeLogSegment(451)) - omNode-3@group-523986131536-SegmentedRaftLogWorker: Closing segment log_inprogress_0 to index: 52
2024-02-27 07:50:25,709 [omNode-3@group-523986131536-SegmentedRaftLogWorker] INFO  segmented.SegmentedRaftLogWorker (SegmentedRaftLogWorker.java:execute(591)) - omNode-3@group-523986131536-SegmentedRaftLogWorker: Rolled log segment from /home/runner/work/ozone/ozone/hadoop-ozone/integration-test/target/test-dir/MiniOzoneClusterImpl-4c9fddb8-14cc-4d18-9561-dc95ff2af5f2/omNode-3/ratis/c9bc4cf4-3bc3-3c60-a66b-523986131536/current/log_inprogress_0 to /home/runner/work/ozone/ozone/hadoop-ozone/integration-test/target/test-dir/MiniOzoneClusterImpl-4c9fddb8-14cc-4d18-9561-dc95ff2af5f2/omNode-3/ratis/c9bc4cf4-3bc3-3c60-a66b-523986131536/current/log_0-52
2024-02-27 07:50:25,709 [omNode-3-OMStateMachineApplyTransactionThread - 0] INFO  om.OzoneManagerPrepareState (OzoneManagerPrepareState.java:writePrepareMarkerFile(262)) - Prepare marker file written with log index 51 to file /home/runner/work/ozone/ozone/hadoop-ozone/integration-test/target/test-dir/MiniOzoneClusterImpl-4c9fddb8-14cc-4d18-9561-dc95ff2af5f2/omNode-3/current/prepareMarker
2024-02-27 07:50:25,709 [omNode-3-OMStateMachineApplyTransactionThread - 0] INFO  upgrade.OMPrepareRequest (OMPrepareRequest.java:validateAndUpdateCache(122)) - OM omNode-3 prepared at log index 51. Returning response txnID: 51
 with log index 51
2024-02-27 07:50:25,709 [omNode-2-OMStateMachineApplyTransactionThread - 0] INFO  upgrade.OMPrepareRequest (OMPrepareRequest.java:takeSnapshotAndPurgeLogs(238)) - takeSnapshot at 52 for prepareIndex 52
2024-02-27 07:50:25,710 [omNode-2-OMStateMachineApplyTransactionThread - 0] INFO  raftlog.RaftLog (RaftLogBase.java:lambda$new$0(54)) - omNode-2@group-523986131536-SegmentedRaftLog: snapshotIndex: updateIncreasingly 50 -> 52
2024-02-27 07:50:25,710 [omNode-2-OMStateMachineApplyTransactionThread - 0] INFO  segmented.SegmentedRaftLogWorker (SegmentedRaftLogWorker.java:lambda$new$0(134)) - omNode-2@group-523986131536-SegmentedRaftLogWorker: safeCacheEvictIndex: setUnconditionally -1 -> 52
2024-02-27 07:50:25,710 [omNode-2-OMStateMachineApplyTransactionThread - 0] INFO  segmented.SegmentedRaftLogWorker (SegmentedRaftLogWorker.java:closeLogSegment(451)) - omNode-2@group-523986131536-SegmentedRaftLogWorker: Closing segment log_inprogress_0 to index: 52
2024-02-27 07:50:25,710 [omNode-2@group-523986131536-SegmentedRaftLogWorker] INFO  segmented.SegmentedRaftLogWorker (SegmentedRaftLogWorker.java:execute(591)) - omNode-2@group-523986131536-SegmentedRaftLogWorker: Rolled log segment from /home/runner/work/ozone/ozone/hadoop-ozone/integration-test/target/test-dir/MiniOzoneClusterImpl-4c9fddb8-14cc-4d18-9561-dc95ff2af5f2/omNode-2/ratis/c9bc4cf4-3bc3-3c60-a66b-523986131536/current/log_inprogress_0 to /home/runner/work/ozone/ozone/hadoop-ozone/integration-test/target/test-dir/MiniOzoneClusterImpl-4c9fddb8-14cc-4d18-9561-dc95ff2af5f2/omNode-2/ratis/c9bc4cf4-3bc3-3c60-a66b-523986131536/current/log_0-52
2024-02-27 07:50:25,711 [omNode-2-OMStateMachineApplyTransactionThread - 0] INFO  om.OzoneManagerPrepareState (OzoneManagerPrepareState.java:writePrepareMarkerFile(262)) - Prepare marker file written with log index 51 to file /home/runner/work/ozone/ozone/hadoop-ozone/integration-test/target/test-dir/MiniOzoneClusterImpl-4c9fddb8-14cc-4d18-9561-dc95ff2af5f2/omNode-2/current/prepareMarker
2024-02-27 07:50:25,711 [omNode-2-OMStateMachineApplyTransactionThread - 0] INFO  upgrade.OMPrepareRequest (OMPrepareRequest.java:validateAndUpdateCache(122)) - OM omNode-2 prepared at log index 51. Returning response txnID: 51
 with log index 51
2024-02-27 07:50:59,420 [7e131a2a-66d5-444e-90e8-7bf3dd0ed196-BlockDeletingService#0] INFO  interfaces.ContainerDeletionChoosingPolicyTemplate (ContainerDeletionChoosingPolicyTemplate.java:chooseContainerForBlockDeletion(85)) - Chosen 0/5000 blocks from 0 candidate containers.
2024-02-27 07:50:59,566 [fa5d0107-e57d-410d-980d-33f92c3a8e71-BlockDeletingService#0] INFO  interfaces.ContainerDeletionChoosingPolicyTemplate (ContainerDeletionChoosingPolicyTemplate.java:chooseContainerForBlockDeletion(85)) - Chosen 0/5000 blocks from 0 candidate containers.
2024-02-27 07:50:59,648 [1c7f6d53-d2e7-4bdb-b96b-e0068b2c4e41-BlockDeletingService#0] INFO  interfaces.ContainerDeletionChoosingPolicyTemplate (ContainerDeletionChoosingPolicyTemplate.java:chooseContainerForBlockDeletion(85)) - Chosen 0/5000 blocks from 0 candidate containers.
2024-02-27 07:51:59,422 [7e131a2a-66d5-444e-90e8-7bf3dd0ed196-BlockDeletingService#1] INFO  interfaces.ContainerDeletionChoosingPolicyTemplate (ContainerDeletionChoosingPolicyTemplate.java:chooseContainerForBlockDeletion(85)) - Chosen 0/5000 blocks from 0 candidate containers.
2024-02-27 07:51:59,567 [fa5d0107-e57d-410d-980d-33f92c3a8e71-BlockDeletingService#1] INFO  interfaces.ContainerDeletionChoosingPolicyTemplate (ContainerDeletionChoosingPolicyTemplate.java:chooseContainerForBlockDeletion(85)) - Chosen 0/5000 blocks from 0 candidate containers.
2024-02-27 07:51:59,649 [1c7f6d53-d2e7-4bdb-b96b-e0068b2c4e41-BlockDeletingService#1] INFO  interfaces.ContainerDeletionChoosingPolicyTemplate (ContainerDeletionChoosingPolicyTemplate.java:chooseContainerForBlockDeletion(85)) - Chosen 0/5000 blocks from 0 candidate containers.
2024-02-27 07:52:20,694 [omNode-1-OMStateMachineApplyTransactionThread - 0] ERROR upgrade.OMPrepareRequest (OMPrepareRequest.java:validateAndUpdateCache(133)) - Prepare Request Apply failed in omNode-1. 
java.io.IOException: After waiting for 120 seconds, Ratis state machine applied index 50 which is less than the minimum required index 52.
	at org.apache.hadoop.ozone.om.request.upgrade.OMPrepareRequest.waitForLogIndex(OMPrepareRequest.java:216)
	at org.apache.hadoop.ozone.om.request.upgrade.OMPrepareRequest.validateAndUpdateCache(OMPrepareRequest.java:112)
	at org.apache.hadoop.ozone.protocolPB.OzoneManagerRequestHandler.lambda$0(OzoneManagerRequestHandler.java:403)
	at org.apache.hadoop.util.MetricUtil.captureLatencyNs(MetricUtil.java:45)
	at org.apache.hadoop.ozone.protocolPB.OzoneManagerRequestHandler.handleWriteRequest(OzoneManagerRequestHandler.java:399)
	at org.apache.hadoop.ozone.om.ratis.OzoneManagerStateMachine.runCommand(OzoneManagerStateMachine.java:527)
	at org.apache.hadoop.ozone.om.ratis.OzoneManagerStateMachine.lambda$1(OzoneManagerStateMachine.java:345)
	at java.util.concurrent.CompletableFuture$AsyncSupply.run(CompletableFuture.java:1604)
	at java.util.concurrent.ThreadPoolExecutor.runWorker(ThreadPoolExecutor.java:1149)
	at java.util.concurrent.ThreadPoolExecutor$Worker.run(ThreadPoolExecutor.java:624)
	at java.lang.Thread.run(Thread.java:750)
2024-02-27 07:52:20,694 [omNode-1@group-523986131536-StateMachineUpdater] INFO  ratis.OzoneManagerStateMachine (OzoneManagerStateMachine.java:takeSnapshotImpl(469)) -  applied = (t:1, i:51)
2024-02-27 07:52:20,694 [omNode-1@group-523986131536-StateMachineUpdater] INFO  ratis.OzoneManagerStateMachine (OzoneManagerStateMachine.java:takeSnapshotImpl(470)) -  skipped = 49
2024-02-27 07:52:20,694 [omNode-1@group-523986131536-StateMachineUpdater] INFO  ratis.OzoneManagerStateMachine (OzoneManagerStateMachine.java:takeSnapshotImpl(471)) - notified = (t:1, i:50)
2024-02-27 07:52:20,694 [omNode-1@group-523986131536-StateMachineUpdater] INFO  ratis.OzoneManagerStateMachine (OzoneManagerStateMachine.java:takeSnapshotImpl(472)) - snapshot = (t:1, i:51)
2024-02-27 07:52:20,695 [main] INFO  om.OzoneManager (OzoneManager.java:stop(2203)) - omNode-3[localhost:15227]: Stopping Ozone Manager
2024-02-27 07:52:20,695 [main] INFO  ipc.Server (Server.java:stop(3523)) - Stopping server on 15227
2024-02-27 07:52:20,698 [IPC Server listener on 15227] INFO  ipc.Server (Server.java:run(1434)) - Stopping IPC Server listener on 15227
2024-02-27 07:52:20,699 [IPC Server Responder] INFO  ipc.Server (Server.java:run(1567)) - Stopping IPC Server Responder
2024-02-27 07:52:20,699 [main] INFO  ratis.OzoneManagerRatisServer (OzoneManagerRatisServer.java:stop(594)) - Stopping org.apache.hadoop.ozone.om.ratis.OzoneManagerRatisServer@3b551a37 at port 15230
2024-02-27 07:52:20,699 [main] INFO  server.RaftServer (RaftServerProxy.java:lambda$close$9(416)) - omNode-3: close
2024-02-27 07:52:20,699 [main] INFO  server.GrpcService (GrpcService.java:closeImpl(311)) - omNode-3: shutdown server GrpcServerProtocolService now
2024-02-27 07:52:20,700 [omNode-3-impl-thread2] INFO  server.RaftServer$Division (RaftServerImpl.java:lambda$close$3(526)) - omNode-3@group-523986131536: shutdown
2024-02-27 07:52:20,700 [omNode-3-impl-thread2] INFO  util.JmxRegister (JmxRegister.java:unregister(73)) - Successfully un-registered JMX Bean with object name Ratis:service=RaftServer,group=group-523986131536,id=omNode-3
2024-02-27 07:52:20,700 [omNode-3-impl-thread2] INFO  impl.RoleInfo (RoleInfo.java:shutdownFollowerState(110)) - omNode-3: shutdown omNode-3@group-523986131536-FollowerState
2024-02-27 07:52:20,701 [omNode-3-impl-thread2] INFO  impl.StateMachineUpdater (StateMachineUpdater.java:stopAndJoin(157)) - omNode-3@group-523986131536-StateMachineUpdater: set stopIndex = 52
2024-02-27 07:52:20,701 [omNode-3@group-523986131536-FollowerState] INFO  impl.FollowerState (FollowerState.java:run(152)) - omNode-3@group-523986131536-FollowerState was interrupted
2024-02-27 07:52:20,701 [omNode-3@group-523986131536-StateMachineUpdater] INFO  ratis.OzoneManagerStateMachine (OzoneManagerStateMachine.java:takeSnapshotImpl(469)) -  applied = (t:1, i:51)
2024-02-27 07:52:20,704 [omNode-3@group-523986131536-StateMachineUpdater] INFO  ratis.OzoneManagerStateMachine (OzoneManagerStateMachine.java:takeSnapshotImpl(470)) -  skipped = 51
2024-02-27 07:52:20,704 [omNode-3@group-523986131536-StateMachineUpdater] INFO  ratis.OzoneManagerStateMachine (OzoneManagerStateMachine.java:takeSnapshotImpl(471)) - notified = (t:1, i:52)
2024-02-27 07:52:20,704 [omNode-3@group-523986131536-StateMachineUpdater] INFO  ratis.OzoneManagerStateMachine (OzoneManagerStateMachine.java:takeSnapshotImpl(472)) - snapshot = (t:1, i:52)
2024-02-27 07:52:20,704 [grpc-default-executor-8] WARN  server.GrpcLogAppender (LogUtils.java:warn(121)) - omNode-1@group-523986131536->omNode-3-AppendLogResponseHandler: Failed appendEntries: org.apache.ratis.thirdparty.io.grpc.StatusRuntimeException: CANCELLED: RST_STREAM closed stream. HTTP/2 error code: CANCEL
2024-02-27 07:52:20,704 [grpc-default-executor-7] WARN  server.GrpcServerProtocolService (LogUtils.java:warn(121)) - omNode-3: APPEND_ENTRIES onError, lastRequest: omNode-1->omNode-3#167-t1,previous=(t:1, i:51),leaderCommit=51,initializing? false,entries: size=1, first=(t:1, i:52), METADATAENTRY(c:51): org.apache.ratis.thirdparty.io.grpc.StatusRuntimeException: CANCELLED: client cancelled
2024-02-27 07:52:20,705 [grpc-default-executor-8] WARN  server.GrpcLogAppender (GrpcLogAppender.java:lambda$resetClient$1(217)) - omNode-1@group-523986131536->omNode-3-GrpcLogAppender: Follower failed (request=null, errorCount=1); keep nextIndex (53) unchanged and retry.
2024-02-27 07:52:20,705 [main] INFO  server.GrpcService (GrpcService.java:closeImpl(320)) - omNode-3: shutdown server GrpcServerProtocolService successfully
2024-02-27 07:52:20,707 [grpc-default-executor-9] WARN  server.GrpcServerProtocolService (LogUtils.java:warn(121)) - omNode-3: APPEND_ENTRIES onError, lastRequest: null: org.apache.ratis.thirdparty.io.grpc.StatusRuntimeException: CANCELLED: client cancelled
2024-02-27 07:52:20,710 [omNode-3@group-523986131536-StateMachineUpdater] INFO  impl.StateMachineUpdater (StateMachineUpdater.java:takeSnapshot(295)) - omNode-3@group-523986131536-StateMachineUpdater: Took a snapshot at index 52
2024-02-27 07:52:20,710 [omNode-3@group-523986131536-StateMachineUpdater] INFO  impl.StateMachineUpdater (StateMachineUpdater.java:lambda$new$0(98)) - omNode-3@group-523986131536-StateMachineUpdater: snapshotIndex: updateIncreasingly 50 -> 52
2024-02-27 07:52:20,711 [omNode-3@group-523986131536-StateMachineUpdater] INFO  ratis.OzoneManagerStateMachine (OzoneManagerStateMachine.java:close(515)) - Stopping OzoneManagerStateMachine:omNode-3:group-523986131536.
2024-02-27 07:52:20,711 [omNode-3@group-523986131536-StateMachineUpdater] INFO  ratis.OzoneManagerDoubleBuffer (OzoneManagerDoubleBuffer.java:stopDaemon(514)) - Stopping OMDoubleBuffer flush thread
2024-02-27 07:52:20,711 [omNode-3-OMDoubleBufferFlushThread] INFO  ratis.OzoneManagerDoubleBuffer (OzoneManagerDoubleBuffer.java:canFlush(578)) - OMDoubleBuffer flush thread omNode-3-OMDoubleBufferFlushThread is interrupted and will exit.
2024-02-27 07:52:20,712 [omNode-3-impl-thread2] INFO  server.RaftServer$Division (ServerState.java:close(427)) - omNode-3@group-523986131536: applyIndex: 51
2024-02-27 07:52:20,712 [omNode-3@group-523986131536-cacheEviction-AwaitToRun] INFO  util.AwaitToRun (AwaitToRun.java:run(49)) - omNode-3@group-523986131536-cacheEviction-AwaitToRun-AwaitForSignal is interrupted
2024-02-27 07:52:20,716 [omNode-3-impl-thread2] INFO  segmented.SegmentedRaftLogWorker (SegmentedRaftLogWorker.java:close(245)) - omNode-3@group-523986131536-SegmentedRaftLogWorker close()
2024-02-27 07:52:20,717 [JvmPauseMonitor62] INFO  util.JvmPauseMonitor (JvmPauseMonitor.java:run(152)) - JvmPauseMonitor-omNode-3: Stopped
2024-02-27 07:52:20,718 [main] INFO  utils.BackgroundService (BackgroundService.java:shutdown(160)) - Shutting down service KeyDeletingService
2024-02-27 07:52:20,718 [main] INFO  utils.BackgroundService (BackgroundService.java:shutdown(160)) - Shutting down service DirectoryDeletingService
2024-02-27 07:52:20,718 [main] INFO  utils.BackgroundService (BackgroundService.java:shutdown(160)) - Shutting down service OpenKeyCleanupService
2024-02-27 07:52:20,719 [main] INFO  utils.BackgroundService (BackgroundService.java:shutdown(160)) - Shutting down service SstFilteringService
2024-02-27 07:52:20,719 [main] INFO  utils.BackgroundService (BackgroundService.java:shutdown(160)) - Shutting down service SnapshotDeletingService
2024-02-27 07:52:20,719 [main] INFO  utils.BackgroundService (BackgroundService.java:shutdown(160)) - Shutting down service MultipartUploadCleanupService
2024-02-27 07:52:20,719 [main] INFO  utils.BackgroundService (BackgroundService.java:shutdown(160)) - Shutting down service SnapshotDirectoryCleaningService
2024-02-27 07:52:20,720 [main] INFO  handler.ContextHandler (ContextHandler.java:doStop(1159)) - Stopped o.e.j.w.WebAppContext@2ad70fe3{ozoneManager,/,null,STOPPED}{file:/home/runner/work/ozone/ozone/hadoop-ozone/integration-test/target/test-classes/webapps/ozoneManager}
2024-02-27 07:52:20,720 [main] INFO  server.AbstractConnector (AbstractConnector.java:doStop(383)) - Stopped ServerConnector@6fc56dcb{HTTP/1.1, (http/1.1)}{0.0.0.0:15228}
2024-02-27 07:52:20,720 [main] INFO  server.session (HouseKeeper.java:stopScavenging(149)) - node0 Stopped scavenging
2024-02-27 07:52:20,721 [main] INFO  handler.ContextHandler (ContextHandler.java:doStop(1159)) - Stopped o.e.j.s.ServletContextHandler@242c71c1{static,/static,file:///home/runner/work/ozone/ozone/hadoop-ozone/integration-test/target/test-classes/webapps/static,STOPPED}
2024-02-27 07:52:20,721 [main] INFO  handler.ContextHandler (ContextHandler.java:doStop(1159)) - Stopped o.e.j.s.ServletContextHandler@33ec5c0b{logs,/logs,file:///home/runner/work/ozone/ozone/hadoop-ozone/integration-test/target/log,STOPPED}
2024-02-27 07:52:20,722 [main] INFO  rocksdiff.RocksDBCheckpointDiffer (RocksDBCheckpointDiffer.java:close(310)) - Shutting down CompactionDagPruningService.
2024-02-27 07:52:20,723 [main] INFO  snapshot.SnapshotDiffManager (SnapshotDiffManager.java:closeExecutorService(1657)) - Shutting down executorService: 'SnapDiffExecutor'
2024-02-27 07:52:20,723 [main] INFO  utils.BackgroundService (BackgroundService.java:shutdown(160)) - Shutting down service SnapshotDiffCleanupService
2024-02-27 07:52:20,723 [omNode-1@group-523986131536-StateMachineUpdater] INFO  impl.StateMachineUpdater (StateMachineUpdater.java:takeSnapshot(295)) - omNode-1@group-523986131536-StateMachineUpdater: Took a snapshot at index 51
2024-02-27 07:52:20,724 [omNode-1@group-523986131536-StateMachineUpdater] INFO  impl.StateMachineUpdater (StateMachineUpdater.java:lambda$new$0(98)) - omNode-1@group-523986131536-StateMachineUpdater: snapshotIndex: updateIncreasingly -1 -> 51
2024-02-27 07:52:20,724 [omNode-1@group-523986131536-StateMachineUpdater] INFO  raftlog.RaftLog (RaftLogBase.java:purge(330)) - omNode-1@group-523986131536-SegmentedRaftLog: purge 51
2024-02-27 07:52:20,724 [omNode-1@group-523986131536-StateMachineUpdater] INFO  raftlog.RaftLog (RaftLogBase.java:lambda$new$0(54)) - omNode-1@group-523986131536-SegmentedRaftLog: snapshotIndex: updateIncreasingly -1 -> 51
2024-02-27 07:52:20,724 [omNode-1@group-523986131536-StateMachineUpdater] INFO  raftlog.RaftLog (RaftLogBase.java:lambda$new$0(54)) - omNode-1@group-523986131536-SegmentedRaftLog: purgeIndex: updateToMax old=-1, new=51, updated? true
2024-02-27 07:52:20,725 [main] INFO  om.OzoneManager (OzoneManager.java:stop(2203)) - omNode-1[localhost:15219]: Stopping Ozone Manager
2024-02-27 07:52:20,725 [main] INFO  ipc.Server (Server.java:stop(3523)) - Stopping server on 15219
2024-02-27 07:52:20,727 [IPC Server listener on 15219] INFO  ipc.Server (Server.java:run(1434)) - Stopping IPC Server listener on 15219
2024-02-27 07:52:20,727 [IPC Server Responder] INFO  ipc.Server (Server.java:run(1567)) - Stopping IPC Server Responder
2024-02-27 07:52:20,728 [main] INFO  ratis.OzoneManagerRatisServer (OzoneManagerRatisServer.java:stop(594)) - Stopping org.apache.hadoop.ozone.om.ratis.OzoneManagerRatisServer@2e8fb155 at port 15222
2024-02-27 07:52:20,728 [main] INFO  server.RaftServer (RaftServerProxy.java:lambda$close$9(416)) - omNode-1: close
2024-02-27 07:52:20,728 [main] INFO  server.GrpcService (GrpcService.java:closeImpl(311)) - omNode-1: shutdown server GrpcServerProtocolService now
2024-02-27 07:52:20,728 [omNode-1-impl-thread2] INFO  server.RaftServer$Division (RaftServerImpl.java:lambda$close$3(526)) - omNode-1@group-523986131536: shutdown
2024-02-27 07:52:20,728 [omNode-1-impl-thread2] INFO  util.JmxRegister (JmxRegister.java:unregister(73)) - Successfully un-registered JMX Bean with object name Ratis:service=RaftServer,group=group-523986131536,id=omNode-1
2024-02-27 07:52:20,728 [omNode-1-impl-thread2] INFO  impl.RoleInfo (RoleInfo.java:shutdownLeaderState(94)) - omNode-1: shutdown omNode-1@group-523986131536-LeaderStateImpl
2024-02-27 07:52:20,729 [omNode-1-impl-thread2] INFO  impl.PendingRequests (PendingRequests.java:sendNotLeaderResponses(289)) - omNode-1@group-523986131536-PendingRequests: sendNotLeaderResponses
2024-02-27 07:52:20,729 [omNode-1@group-523986131536->omNode-2-GrpcLogAppender-LogAppenderDaemon] WARN  server.GrpcLogAppender (GrpcLogAppender.java:mayWait(289)) - omNode-1@group-523986131536->omNode-2-GrpcLogAppender: Wait interrupted by java.lang.InterruptedException
2024-02-27 07:52:20,730 [omNode-1@group-523986131536->omNode-3-GrpcLogAppender-LogAppenderDaemon] WARN  server.GrpcLogAppender (GrpcLogAppender.java:mayWait(289)) - omNode-1@group-523986131536->omNode-3-GrpcLogAppender: Wait interrupted by java.lang.InterruptedException
2024-02-27 07:52:20,731 [grpc-default-executor-3] INFO  server.GrpcServerProtocolService (GrpcServerProtocolService.java:onCompleted(157)) - omNode-2: Completed APPEND_ENTRIES, lastRequest: null
2024-02-27 07:52:20,731 [grpc-default-executor-9] INFO  server.GrpcServerProtocolService (GrpcServerProtocolService.java:onCompleted(157)) - omNode-2: Completed APPEND_ENTRIES, lastRequest: omNode-1->omNode-2#158-t1,previous=(t:1, i:51),leaderCommit=51,initializing? false,entries: size=1, first=(t:1, i:52), METADATAENTRY(c:51)
2024-02-27 07:52:20,731 [grpc-default-executor-9] INFO  server.GrpcServerProtocolService (GrpcServerProtocolService.java:lambda$onCompleted$5(159)) - omNode-2: Completed APPEND_ENTRIES, lastReply: null
2024-02-27 07:52:20,731 [grpc-default-executor-3] INFO  server.GrpcServerProtocolService (GrpcServerProtocolService.java:lambda$onCompleted$5(159)) - omNode-2: Completed APPEND_ENTRIES, lastReply: serverReply {
  requestorId: "omNode-1"
  replyId: "omNode-2"
  raftGroupId {
    id: "\311\274L\364;\303<`\246kR9\206\023\0256"
  }
  callId: 400
  success: true
}
term: 1
nextIndex: 53
followerCommit: 52
matchIndex: 18446744073709551615
isHearbeat: true

2024-02-27 07:52:20,732 [Thread-10098] INFO  server.GrpcServerProtocolClient (GrpcServerProtocolClient.java:close(103)) - omNode-3 Close channels
2024-02-27 07:52:20,733 [omNode-1-impl-thread2] INFO  impl.StateMachineUpdater (StateMachineUpdater.java:stopAndJoin(157)) - omNode-1@group-523986131536-StateMachineUpdater: set stopIndex = 52
2024-02-27 07:52:20,733 [omNode-1@group-523986131536-StateMachineUpdater] INFO  ratis.OzoneManagerStateMachine (OzoneManagerStateMachine.java:takeSnapshotImpl(469)) -  applied = (t:1, i:51)
2024-02-27 07:52:20,733 [omNode-1@group-523986131536-StateMachineUpdater] INFO  ratis.OzoneManagerStateMachine (OzoneManagerStateMachine.java:takeSnapshotImpl(470)) -  skipped = 51
2024-02-27 07:52:20,733 [grpc-default-executor-9] INFO  server.GrpcLogAppender (GrpcLogAppender.java:onCompleted(546)) - omNode-1@group-523986131536->omNode-2-AppendLogResponseHandler: follower responses appendEntries COMPLETED
2024-02-27 07:52:20,734 [grpc-default-executor-3] INFO  server.GrpcLogAppender (GrpcLogAppender.java:onCompleted(546)) - omNode-1@group-523986131536->omNode-2-AppendLogResponseHandler: follower responses appendEntries COMPLETED
2024-02-27 07:52:20,734 [omNode-1@group-523986131536-StateMachineUpdater] INFO  ratis.OzoneManagerStateMachine (OzoneManagerStateMachine.java:takeSnapshotImpl(471)) - notified = (t:1, i:52)
2024-02-27 07:52:20,735 [grpc-default-executor-3] WARN  server.GrpcLogAppender (GrpcLogAppender.java:resetClient(226)) - omNode-1@group-523986131536->omNode-2-GrpcLogAppender: Failed to getClient for omNode-2
org.apache.ratis.protocol.exceptions.AlreadyClosedException: omNode-1 is already CLOSED
	at org.apache.ratis.util.PeerProxyMap$PeerAndProxy.getProxy(PeerProxyMap.java:65)
	at org.apache.ratis.util.PeerProxyMap.getProxy(PeerProxyMap.java:114)
	at org.apache.ratis.grpc.server.GrpcLogAppender.getClient(GrpcLogAppender.java:196)
	at org.apache.ratis.grpc.server.GrpcLogAppender.resetClient(GrpcLogAppender.java:201)
	at org.apache.ratis.grpc.server.GrpcLogAppender.access$800(GrpcLogAppender.java:62)
	at org.apache.ratis.grpc.server.GrpcLogAppender$AppendLogResponseHandler.onCompleted(GrpcLogAppender.java:547)
	at org.apache.ratis.thirdparty.io.grpc.stub.ClientCalls$StreamObserverToCallListenerAdapter.onClose(ClientCalls.java:479)
	at org.apache.ratis.thirdparty.io.grpc.internal.DelayedClientCall$DelayedListener$3.run(DelayedClientCall.java:489)
	at org.apache.ratis.thirdparty.io.grpc.internal.DelayedClientCall$DelayedListener.delayOrExecute(DelayedClientCall.java:453)
	at org.apache.ratis.thirdparty.io.grpc.internal.DelayedClientCall$DelayedListener.onClose(DelayedClientCall.java:486)
	at org.apache.ratis.thirdparty.io.grpc.internal.ClientCallImpl.closeObserver(ClientCallImpl.java:567)
	at org.apache.ratis.thirdparty.io.grpc.internal.ClientCallImpl.access$300(ClientCallImpl.java:71)
	at org.apache.ratis.thirdparty.io.grpc.internal.ClientCallImpl$ClientStreamListenerImpl$1StreamClosed.runInternal(ClientCallImpl.java:735)
	at org.apache.ratis.thirdparty.io.grpc.internal.ClientCallImpl$ClientStreamListenerImpl$1StreamClosed.runInContext(ClientCallImpl.java:716)
	at org.apache.ratis.thirdparty.io.grpc.internal.ContextRunnable.run(ContextRunnable.java:37)
	at org.apache.ratis.thirdparty.io.grpc.internal.SerializingExecutor.run(SerializingExecutor.java:133)
	at java.util.concurrent.ThreadPoolExecutor.runWorker(ThreadPoolExecutor.java:1149)
	at java.util.concurrent.ThreadPoolExecutor$Worker.run(ThreadPoolExecutor.java:624)
	at java.lang.Thread.run(Thread.java:750)
2024-02-27 07:52:20,735 [omNode-1@group-523986131536-StateMachineUpdater] INFO  ratis.OzoneManagerStateMachine (OzoneManagerStateMachine.java:takeSnapshotImpl(472)) - snapshot = (t:1, i:52)
2024-02-27 07:52:20,734 [Thread-10100] INFO  server.GrpcServerProtocolClient (GrpcServerProtocolClient.java:close(103)) - omNode-2 Close channels
2024-02-27 07:52:20,737 [main] INFO  server.GrpcService (GrpcService.java:closeImpl(320)) - omNode-1: shutdown server GrpcServerProtocolService successfully
2024-02-27 07:52:20,739 [omNode-1@group-523986131536-StateMachineUpdater] INFO  impl.StateMachineUpdater (StateMachineUpdater.java:takeSnapshot(295)) - omNode-1@group-523986131536-StateMachineUpdater: Took a snapshot at index 52
2024-02-27 07:52:20,739 [omNode-1@group-523986131536-StateMachineUpdater] INFO  impl.StateMachineUpdater (StateMachineUpdater.java:lambda$new$0(98)) - omNode-1@group-523986131536-StateMachineUpdater: snapshotIndex: updateIncreasingly 51 -> 52
2024-02-27 07:52:20,739 [omNode-1@group-523986131536-StateMachineUpdater] INFO  ratis.OzoneManagerStateMachine (OzoneManagerStateMachine.java:close(515)) - Stopping OzoneManagerStateMachine:omNode-1:group-523986131536.
2024-02-27 07:52:20,739 [omNode-1@group-523986131536-StateMachineUpdater] INFO  ratis.OzoneManagerDoubleBuffer (OzoneManagerDoubleBuffer.java:stopDaemon(514)) - Stopping OMDoubleBuffer flush thread
2024-02-27 07:52:20,740 [omNode-1-OMDoubleBufferFlushThread] INFO  ratis.OzoneManagerDoubleBuffer (OzoneManagerDoubleBuffer.java:canFlush(578)) - OMDoubleBuffer flush thread omNode-1-OMDoubleBufferFlushThread is interrupted and will exit.
2024-02-27 07:52:20,740 [omNode-1-impl-thread2] INFO  server.RaftServer$Division (ServerState.java:close(427)) - omNode-1@group-523986131536: applyIndex: 51
2024-02-27 07:52:20,740 [omNode-1@group-523986131536-cacheEviction-AwaitToRun] INFO  util.AwaitToRun (AwaitToRun.java:run(49)) - omNode-1@group-523986131536-cacheEviction-AwaitToRun-AwaitForSignal is interrupted
2024-02-27 07:52:21,694 [omNode-1-impl-thread2] INFO  segmented.SegmentedRaftLogWorker (SegmentedRaftLogWorker.java:close(245)) - omNode-1@group-523986131536-SegmentedRaftLogWorker close()
2024-02-27 07:52:21,695 [JvmPauseMonitor60] INFO  util.JvmPauseMonitor (JvmPauseMonitor.java:run(152)) - JvmPauseMonitor-omNode-1: Stopped
2024-02-27 07:52:21,695 [main] INFO  utils.BackgroundService (BackgroundService.java:shutdown(160)) - Shutting down service KeyDeletingService
2024-02-27 07:52:21,696 [main] INFO  utils.BackgroundService (BackgroundService.java:shutdown(160)) - Shutting down service DirectoryDeletingService
2024-02-27 07:52:21,696 [main] INFO  utils.BackgroundService (BackgroundService.java:shutdown(160)) - Shutting down service OpenKeyCleanupService
2024-02-27 07:52:21,696 [main] INFO  utils.BackgroundService (BackgroundService.java:shutdown(160)) - Shutting down service SstFilteringService
2024-02-27 07:52:21,696 [main] INFO  utils.BackgroundService (BackgroundService.java:shutdown(160)) - Shutting down service SnapshotDeletingService
2024-02-27 07:52:21,696 [main] INFO  utils.BackgroundService (BackgroundService.java:shutdown(160)) - Shutting down service MultipartUploadCleanupService
2024-02-27 07:52:21,697 [main] INFO  utils.BackgroundService (BackgroundService.java:shutdown(160)) - Shutting down service SnapshotDirectoryCleaningService
2024-02-27 07:52:21,697 [main] INFO  handler.ContextHandler (ContextHandler.java:doStop(1159)) - Stopped o.e.j.w.WebAppContext@aa0c604{ozoneManager,/,null,STOPPED}{file:/home/runner/work/ozone/ozone/hadoop-ozone/integration-test/target/test-classes/webapps/ozoneManager}
2024-02-27 07:52:21,698 [main] INFO  server.AbstractConnector (AbstractConnector.java:doStop(383)) - Stopped ServerConnector@248651cd{HTTP/1.1, (http/1.1)}{0.0.0.0:15220}
2024-02-27 07:52:21,698 [main] INFO  server.session (HouseKeeper.java:stopScavenging(149)) - node0 Stopped scavenging
2024-02-27 07:52:21,698 [main] INFO  handler.ContextHandler (ContextHandler.java:doStop(1159)) - Stopped o.e.j.s.ServletContextHandler@71298193{static,/static,file:///home/runner/work/ozone/ozone/hadoop-ozone/integration-test/target/test-classes/webapps/static,STOPPED}
2024-02-27 07:52:21,698 [main] INFO  handler.ContextHandler (ContextHandler.java:doStop(1159)) - Stopped o.e.j.s.ServletContextHandler@43124a7e{logs,/logs,file:///home/runner/work/ozone/ozone/hadoop-ozone/integration-test/target/log,STOPPED}
2024-02-27 07:52:21,698 [main] INFO  rocksdiff.RocksDBCheckpointDiffer (RocksDBCheckpointDiffer.java:close(310)) - Shutting down CompactionDagPruningService.
2024-02-27 07:52:21,700 [main] INFO  snapshot.SnapshotDiffManager (SnapshotDiffManager.java:closeExecutorService(1657)) - Shutting down executorService: 'SnapDiffExecutor'
2024-02-27 07:52:21,700 [main] INFO  utils.BackgroundService (BackgroundService.java:shutdown(160)) - Shutting down service SnapshotDiffCleanupService
2024-02-27 07:52:21,701 [main] INFO  om.OzoneManager (OzoneManager.java:stop(2203)) - omNode-2[localhost:15223]: Stopping Ozone Manager
2024-02-27 07:52:21,701 [main] INFO  ipc.Server (Server.java:stop(3523)) - Stopping server on 15223
2024-02-27 07:52:21,703 [IPC Server listener on 15223] INFO  ipc.Server (Server.java:run(1434)) - Stopping IPC Server listener on 15223
2024-02-27 07:52:21,703 [IPC Server Responder] INFO  ipc.Server (Server.java:run(1567)) - Stopping IPC Server Responder
2024-02-27 07:52:21,703 [main] INFO  ratis.OzoneManagerRatisServer (OzoneManagerRatisServer.java:stop(594)) - Stopping org.apache.hadoop.ozone.om.ratis.OzoneManagerRatisServer@1055adc6 at port 15226
2024-02-27 07:52:21,704 [main] INFO  server.RaftServer (RaftServerProxy.java:lambda$close$9(416)) - omNode-2: close
2024-02-27 07:52:21,704 [main] INFO  server.GrpcService (GrpcService.java:closeImpl(311)) - omNode-2: shutdown server GrpcServerProtocolService now
2024-02-27 07:52:21,704 [omNode-2-impl-thread2] INFO  server.RaftServer$Division (RaftServerImpl.java:lambda$close$3(526)) - omNode-2@group-523986131536: shutdown
2024-02-27 07:52:21,705 [omNode-2-impl-thread2] INFO  util.JmxRegister (JmxRegister.java:unregister(73)) - Successfully un-registered JMX Bean with object name Ratis:service=RaftServer,group=group-523986131536,id=omNode-2
2024-02-27 07:52:21,705 [omNode-2-impl-thread2] INFO  impl.RoleInfo (RoleInfo.java:shutdownFollowerState(110)) - omNode-2: shutdown omNode-2@group-523986131536-FollowerState
2024-02-27 07:52:21,705 [omNode-2-impl-thread2] INFO  impl.StateMachineUpdater (StateMachineUpdater.java:stopAndJoin(157)) - omNode-2@group-523986131536-StateMachineUpdater: set stopIndex = 52
2024-02-27 07:52:21,705 [omNode-2@group-523986131536-StateMachineUpdater] INFO  ratis.OzoneManagerStateMachine (OzoneManagerStateMachine.java:takeSnapshotImpl(469)) -  applied = (t:1, i:51)
2024-02-27 07:52:21,705 [omNode-2@group-523986131536-StateMachineUpdater] INFO  ratis.OzoneManagerStateMachine (OzoneManagerStateMachine.java:takeSnapshotImpl(470)) -  skipped = 51
2024-02-27 07:52:21,705 [omNode-2@group-523986131536-StateMachineUpdater] INFO  ratis.OzoneManagerStateMachine (OzoneManagerStateMachine.java:takeSnapshotImpl(471)) - notified = (t:1, i:52)
2024-02-27 07:52:21,705 [omNode-2@group-523986131536-StateMachineUpdater] INFO  ratis.OzoneManagerStateMachine (OzoneManagerStateMachine.java:takeSnapshotImpl(472)) - snapshot = (t:1, i:52)
2024-02-27 07:52:21,705 [omNode-2@group-523986131536-FollowerState] INFO  impl.FollowerState (FollowerState.java:run(152)) - omNode-2@group-523986131536-FollowerState was interrupted
2024-02-27 07:52:21,706 [main] INFO  server.GrpcService (GrpcService.java:closeImpl(320)) - omNode-2: shutdown server GrpcServerProtocolService successfully
2024-02-27 07:52:21,709 [omNode-2@group-523986131536-StateMachineUpdater] INFO  impl.StateMachineUpdater (StateMachineUpdater.java:takeSnapshot(295)) - omNode-2@group-523986131536-StateMachineUpdater: Took a snapshot at index 52
2024-02-27 07:52:21,709 [omNode-2@group-523986131536-StateMachineUpdater] INFO  impl.StateMachineUpdater (StateMachineUpdater.java:lambda$new$0(98)) - omNode-2@group-523986131536-StateMachineUpdater: snapshotIndex: updateIncreasingly 50 -> 52
2024-02-27 07:52:21,709 [omNode-2@group-523986131536-StateMachineUpdater] INFO  ratis.OzoneManagerStateMachine (OzoneManagerStateMachine.java:close(515)) - Stopping OzoneManagerStateMachine:omNode-2:group-523986131536.
2024-02-27 07:52:21,709 [omNode-2@group-523986131536-StateMachineUpdater] INFO  ratis.OzoneManagerDoubleBuffer (OzoneManagerDoubleBuffer.java:stopDaemon(514)) - Stopping OMDoubleBuffer flush thread
2024-02-27 07:52:21,709 [omNode-2-OMDoubleBufferFlushThread] INFO  ratis.OzoneManagerDoubleBuffer (OzoneManagerDoubleBuffer.java:canFlush(578)) - OMDoubleBuffer flush thread omNode-2-OMDoubleBufferFlushThread is interrupted and will exit.
2024-02-27 07:52:21,710 [omNode-2-impl-thread2] INFO  server.RaftServer$Division (ServerState.java:close(427)) - omNode-2@group-523986131536: applyIndex: 51
2024-02-27 07:52:21,710 [omNode-2@group-523986131536-cacheEviction-AwaitToRun] INFO  util.AwaitToRun (AwaitToRun.java:run(49)) - omNode-2@group-523986131536-cacheEviction-AwaitToRun-AwaitForSignal is interrupted
2024-02-27 07:52:21,718 [omNode-2-impl-thread2] INFO  segmented.SegmentedRaftLogWorker (SegmentedRaftLogWorker.java:close(245)) - omNode-2@group-523986131536-SegmentedRaftLogWorker close()
2024-02-27 07:52:21,719 [JvmPauseMonitor61] INFO  util.JvmPauseMonitor (JvmPauseMonitor.java:run(152)) - JvmPauseMonitor-omNode-2: Stopped
2024-02-27 07:52:21,719 [main] INFO  utils.BackgroundService (BackgroundService.java:shutdown(160)) - Shutting down service KeyDeletingService
2024-02-27 07:52:21,719 [main] INFO  utils.BackgroundService (BackgroundService.java:shutdown(160)) - Shutting down service DirectoryDeletingService
2024-02-27 07:52:21,719 [main] INFO  utils.BackgroundService (BackgroundService.java:shutdown(160)) - Shutting down service OpenKeyCleanupService
2024-02-27 07:52:21,719 [main] INFO  utils.BackgroundService (BackgroundService.java:shutdown(160)) - Shutting down service SstFilteringService
2024-02-27 07:52:21,720 [main] INFO  utils.BackgroundService (BackgroundService.java:shutdown(160)) - Shutting down service SnapshotDeletingService
2024-02-27 07:52:21,720 [main] INFO  utils.BackgroundService (BackgroundService.java:shutdown(160)) - Shutting down service MultipartUploadCleanupService
2024-02-27 07:52:21,720 [main] INFO  utils.BackgroundService (BackgroundService.java:shutdown(160)) - Shutting down service SnapshotDirectoryCleaningService
2024-02-27 07:52:21,720 [main] INFO  handler.ContextHandler (ContextHandler.java:doStop(1159)) - Stopped o.e.j.w.WebAppContext@768d31bf{ozoneManager,/,null,STOPPED}{file:/home/runner/work/ozone/ozone/hadoop-ozone/integration-test/target/test-classes/webapps/ozoneManager}
2024-02-27 07:52:21,721 [main] INFO  server.AbstractConnector (AbstractConnector.java:doStop(383)) - Stopped ServerConnector@750acd73{HTTP/1.1, (http/1.1)}{0.0.0.0:15224}
2024-02-27 07:52:21,721 [main] INFO  server.session (HouseKeeper.java:stopScavenging(149)) - node0 Stopped scavenging
2024-02-27 07:52:21,721 [main] INFO  handler.ContextHandler (ContextHandler.java:doStop(1159)) - Stopped o.e.j.s.ServletContextHandler@628f6523{static,/static,file:///home/runner/work/ozone/ozone/hadoop-ozone/integration-test/target/test-classes/webapps/static,STOPPED}
2024-02-27 07:52:21,721 [main] INFO  handler.ContextHandler (ContextHandler.java:doStop(1159)) - Stopped o.e.j.s.ServletContextHandler@3bdb01fe{logs,/logs,file:///home/runner/work/ozone/ozone/hadoop-ozone/integration-test/target/log,STOPPED}
2024-02-27 07:52:21,722 [main] INFO  rocksdiff.RocksDBCheckpointDiffer (RocksDBCheckpointDiffer.java:close(310)) - Shutting down CompactionDagPruningService.
2024-02-27 07:52:21,723 [main] INFO  snapshot.SnapshotDiffManager (SnapshotDiffManager.java:closeExecutorService(1657)) - Shutting down executorService: 'SnapDiffExecutor'
2024-02-27 07:52:21,723 [main] INFO  utils.BackgroundService (BackgroundService.java:shutdown(160)) - Shutting down service SnapshotDiffCleanupService
2024-02-27 07:52:21,724 [main] INFO  om.OzoneManager (OzoneManager.java:restart(1710)) - OzoneManager RPC server is listening at localhost/127.0.0.1:15227
2024-02-27 07:52:21,724 [main] INFO  impl.MetricsSystemImpl (MetricsSystemImpl.java:init(158)) - OzoneManager metrics system started (again)
2024-02-27 07:52:21,731 [main] WARN  server.ServerUtils (ServerUtils.java:getDBPath(299)) - ozone.om.db.dirs is not configured. We recommend adding this setting. Falling back to ozone.metadata.dirs instead.
2024-02-27 07:52:21,732 [main] INFO  helpers.OmKeyInfo (OmKeyInfo.java:getCodec(71)) - OmKeyInfo.getCodec ignorePipeline = true
2024-02-27 07:52:21,769 [main] INFO  om.OzoneManager (OzoneManager.java:instantiateServices(804)) - S3 Multi-Tenancy is disabled
2024-02-27 07:52:21,769 [main] INFO  om.OmSnapshotManager (OmSnapshotManager.java:<init>(177)) - Ozone filesystem snapshot feature is enabled.
2024-02-27 07:52:21,770 [main] WARN  server.ServerUtils (ServerUtils.java:getDBPath(299)) - ozone.om.snapshot.diff.db.dir is not configured. We recommend adding this setting. Falling back to ozone.metadata.dirs instead.
2024-02-27 07:52:21,779 [main] INFO  utils.NativeLibraryLoader (NativeLibraryLoader.java:loadLibrary(108)) - Loading Library: ozone_rocksdb_tools
2024-02-27 07:52:21,780 [main] ERROR snapshot.SnapshotDiffManager (SnapshotDiffManager.java:initNativeLibraryForEfficientDiff(287)) - Native Library for raw sst file reading loading failed.
org.apache.hadoop.hdds.utils.NativeLibraryNotLoadedException: Unable to load library ozone_rocksdb_tools from both java.library.path & resource file libozone_rocksdb_tools.so from jar.
	at org.apache.hadoop.hdds.utils.db.managed.ManagedRawSSTFileReader.loadLibrary(ManagedRawSSTFileReader.java:38)
	at org.apache.hadoop.ozone.om.snapshot.SnapshotDiffManager.initNativeLibraryForEfficientDiff(SnapshotDiffManager.java:285)
	at org.apache.hadoop.ozone.om.snapshot.SnapshotDiffManager.<init>(SnapshotDiffManager.java:259)
	at org.apache.hadoop.ozone.om.OmSnapshotManager.<init>(OmSnapshotManager.java:279)
	at org.apache.hadoop.ozone.om.OzoneManager.instantiateServices(OzoneManager.java:856)
	at org.apache.hadoop.ozone.om.OzoneManager.restart(OzoneManager.java:1715)
	at org.apache.hadoop.ozone.MiniOzoneHAClusterImpl.restartOzoneManager(MiniOzoneHAClusterImpl.java:211)
	at org.apache.hadoop.ozone.om.TestOzoneManagerPrepare.resetCluster(TestOzoneManagerPrepare.java:113)
	at sun.reflect.NativeMethodAccessorImpl.invoke0(Native Method)
	at sun.reflect.NativeMethodAccessorImpl.invoke(NativeMethodAccessorImpl.java:62)
	at sun.reflect.DelegatingMethodAccessorImpl.invoke(DelegatingMethodAccessorImpl.java:43)
	at java.lang.reflect.Method.invoke(Method.java:498)
	at org.junit.platform.commons.util.ReflectionUtils.invokeMethod(ReflectionUtils.java:728)
	at org.junit.jupiter.engine.execution.MethodInvocation.proceed(MethodInvocation.java:60)
	at org.junit.jupiter.engine.execution.InvocationInterceptorChain$ValidatingInvocation.proceed(InvocationInterceptorChain.java:131)
	at org.junit.jupiter.engine.extension.TimeoutExtension.intercept(TimeoutExtension.java:156)
	at org.junit.jupiter.engine.extension.TimeoutExtension.interceptLifecycleMethod(TimeoutExtension.java:128)
	at org.junit.jupiter.engine.extension.TimeoutExtension.interceptAfterEachMethod(TimeoutExtension.java:110)
	at org.junit.jupiter.engine.execution.InterceptingExecutableInvoker$ReflectiveInterceptorCall.lambda$ofVoidMethod$0(InterceptingExecutableInvoker.java:103)
	at org.junit.jupiter.engine.execution.InterceptingExecutableInvoker.lambda$invoke$0(InterceptingExecutableInvoker.java:93)
	at org.junit.jupiter.engine.execution.InvocationInterceptorChain$InterceptedInvocation.proceed(InvocationInterceptorChain.java:106)
	at org.junit.jupiter.engine.execution.InvocationInterceptorChain.proceed(InvocationInterceptorChain.java:64)
	at org.junit.jupiter.engine.execution.InvocationInterceptorChain.chainAndInvoke(InvocationInterceptorChain.java:45)
	at org.junit.jupiter.engine.execution.InvocationInterceptorChain.invoke(InvocationInterceptorChain.java:37)
	at org.junit.jupiter.engine.execution.InterceptingExecutableInvoker.invoke(InterceptingExecutableInvoker.java:92)
	at org.junit.jupiter.engine.execution.InterceptingExecutableInvoker.invoke(InterceptingExecutableInvoker.java:86)
	at org.junit.jupiter.engine.descriptor.ClassBasedTestDescriptor.invokeMethodInExtensionContext(ClassBasedTestDescriptor.java:521)
	at org.junit.jupiter.engine.descriptor.ClassBasedTestDescriptor.lambda$synthesizeAfterEachMethodAdapter$24(ClassBasedTestDescriptor.java:511)
	at org.junit.jupiter.engine.descriptor.TestMethodTestDescriptor.lambda$invokeAfterEachMethods$10(TestMethodTestDescriptor.java:244)
	at org.junit.jupiter.engine.descriptor.TestMethodTestDescriptor.lambda$invokeAllAfterMethodsOrCallbacks$13(TestMethodTestDescriptor.java:277)
	at org.junit.platform.engine.support.hierarchical.ThrowableCollector.execute(ThrowableCollector.java:73)
	at org.junit.jupiter.engine.descriptor.TestMethodTestDescriptor.lambda$invokeAllAfterMethodsOrCallbacks$14(TestMethodTestDescriptor.java:277)
	at org.junit.platform.commons.util.CollectionUtils.forEachInReverseOrder(CollectionUtils.java:217)
	at org.junit.jupiter.engine.descriptor.TestMethodTestDescriptor.invokeAllAfterMethodsOrCallbacks(TestMethodTestDescriptor.java:276)
	at org.junit.jupiter.engine.descriptor.TestMethodTestDescriptor.invokeAfterEachMethods(TestMethodTestDescriptor.java:242)
	at org.junit.jupiter.engine.descriptor.TestMethodTestDescriptor.execute(TestMethodTestDescriptor.java:143)
	at org.junit.jupiter.engine.descriptor.TestMethodTestDescriptor.execute(TestMethodTestDescriptor.java:69)
	at org.junit.platform.engine.support.hierarchical.NodeTestTask.lambda$executeRecursively$6(NodeTestTask.java:151)
	at org.junit.platform.engine.support.hierarchical.ThrowableCollector.execute(ThrowableCollector.java:73)
	at org.junit.platform.engine.support.hierarchical.NodeTestTask.lambda$executeRecursively$8(NodeTestTask.java:141)
	at org.junit.platform.engine.support.hierarchical.Node.around(Node.java:137)
	at org.junit.platform.engine.support.hierarchical.NodeTestTask.lambda$executeRecursively$9(NodeTestTask.java:139)
	at org.junit.platform.engine.support.hierarchical.ThrowableCollector.execute(ThrowableCollector.java:73)
	at org.junit.platform.engine.support.hierarchical.NodeTestTask.executeRecursively(NodeTestTask.java:138)
	at org.junit.platform.engine.support.hierarchical.NodeTestTask.execute(NodeTestTask.java:95)
	at java.util.ArrayList.forEach(ArrayList.java:1259)
	at org.junit.platform.engine.support.hierarchical.SameThreadHierarchicalTestExecutorService.invokeAll(SameThreadHierarchicalTestExecutorService.java:41)
	at org.junit.platform.engine.support.hierarchical.NodeTestTask.lambda$executeRecursively$6(NodeTestTask.java:155)
	at org.junit.platform.engine.support.hierarchical.ThrowableCollector.execute(ThrowableCollector.java:73)
	at org.junit.platform.engine.support.hierarchical.NodeTestTask.lambda$executeRecursively$8(NodeTestTask.java:141)
	at org.junit.platform.engine.support.hierarchical.Node.around(Node.java:137)
	at org.junit.platform.engine.support.hierarchical.NodeTestTask.lambda$executeRecursively$9(NodeTestTask.java:139)
	at org.junit.platform.engine.support.hierarchical.ThrowableCollector.execute(ThrowableCollector.java:73)
	at org.junit.platform.engine.support.hierarchical.NodeTestTask.executeRecursively(NodeTestTask.java:138)
	at org.junit.platform.engine.support.hierarchical.NodeTestTask.execute(NodeTestTask.java:95)
	at java.util.ArrayList.forEach(ArrayList.java:1259)
	at org.junit.platform.engine.support.hierarchical.SameThreadHierarchicalTestExecutorService.invokeAll(SameThreadHierarchicalTestExecutorService.java:41)
	at org.junit.platform.engine.support.hierarchical.NodeTestTask.lambda$executeRecursively$6(NodeTestTask.java:155)
	at org.junit.platform.engine.support.hierarchical.ThrowableCollector.execute(ThrowableCollector.java:73)
	at org.junit.platform.engine.support.hierarchical.NodeTestTask.lambda$executeRecursively$8(NodeTestTask.java:141)
	at org.junit.platform.engine.support.hierarchical.Node.around(Node.java:137)
	at org.junit.platform.engine.support.hierarchical.NodeTestTask.lambda$executeRecursively$9(NodeTestTask.java:139)
	at org.junit.platform.engine.support.hierarchical.ThrowableCollector.execute(ThrowableCollector.java:73)
	at org.junit.platform.engine.support.hierarchical.NodeTestTask.executeRecursively(NodeTestTask.java:138)
	at org.junit.platform.engine.support.hierarchical.NodeTestTask.execute(NodeTestTask.java:95)
	at org.junit.platform.engine.support.hierarchical.SameThreadHierarchicalTestExecutorService.submit(SameThreadHierarchicalTestExecutorService.java:35)
	at org.junit.platform.engine.support.hierarchical.HierarchicalTestExecutor.execute(HierarchicalTestExecutor.java:57)
	at org.junit.platform.engine.support.hierarchical.HierarchicalTestEngine.execute(HierarchicalTestEngine.java:54)
	at org.junit.platform.launcher.core.EngineExecutionOrchestrator.execute(EngineExecutionOrchestrator.java:198)
	at org.junit.platform.launcher.core.EngineExecutionOrchestrator.execute(EngineExecutionOrchestrator.java:169)
	at org.junit.platform.launcher.core.EngineExecutionOrchestrator.execute(EngineExecutionOrchestrator.java:93)
	at org.junit.platform.launcher.core.EngineExecutionOrchestrator.lambda$execute$0(EngineExecutionOrchestrator.java:58)
	at org.junit.platform.launcher.core.EngineExecutionOrchestrator.withInterceptedStreams(EngineExecutionOrchestrator.java:141)
	at org.junit.platform.launcher.core.EngineExecutionOrchestrator.execute(EngineExecutionOrchestrator.java:57)
	at org.junit.platform.launcher.core.DefaultLauncher.execute(DefaultLauncher.java:103)
	at org.junit.platform.launcher.core.DefaultLauncher.execute(DefaultLauncher.java:85)
	at org.junit.platform.launcher.core.DelegatingLauncher.execute(DelegatingLauncher.java:47)
	at org.junit.platform.launcher.core.SessionPerRequestLauncher.execute(SessionPerRequestLauncher.java:63)
	at org.apache.maven.surefire.junitplatform.JUnitPlatformProvider.invokeAllTests(JUnitPlatformProvider.java:165)
	at org.apache.maven.surefire.junitplatform.JUnitPlatformProvider.invoke(JUnitPlatformProvider.java:124)
	at org.apache.maven.surefire.booter.ForkedBooter.runSuitesInProcess(ForkedBooter.java:428)
	at org.apache.maven.surefire.booter.ForkedBooter.execute(ForkedBooter.java:162)
	at org.apache.maven.surefire.booter.ForkedBooter.run(ForkedBooter.java:562)
	at org.apache.maven.surefire.booter.ForkedBooter.main(ForkedBooter.java:548)
2024-02-27 07:52:21,782 [main] WARN  om.OzoneManager (OzoneManager.java:instantiatePrepareStateOnStartup(4510)) - Prepare marker file index 52 does not match DB prepare index 51. Writing DB index to prepare file and maintaining prepared state.
2024-02-27 07:52:21,782 [main] INFO  om.OzoneManagerPrepareState (OzoneManagerPrepareState.java:writePrepareMarkerFile(262)) - Prepare marker file written with log index 51 to file /home/runner/work/ozone/ozone/hadoop-ozone/integration-test/target/test-dir/MiniOzoneClusterImpl-4c9fddb8-14cc-4d18-9561-dc95ff2af5f2/omNode-3/current/prepareMarker
2024-02-27 07:52:21,784 [main] WARN  server.ServerUtils (ServerUtils.java:getDefaultRatisDirectory(311)) - Storage directory for Ratis is not configured. It is a good idea to map this to an SSD disk. Falling back to ozone.metadata.dirs
2024-02-27 07:52:21,785 [main] INFO  ratis.OzoneManagerRatisServer (OzoneManagerRatisServer.java:<init>(167)) - Instantiating OM Ratis server with groupID: om-service-test1 and peers: localhost:15230, localhost:15222, localhost:15226
2024-02-27 07:52:21,786 [main] INFO  ratis.OzoneManagerStateMachine (OzoneManagerStateMachine.java:loadSnapshotInfoFromDB(574)) - LastAppliedIndex is set from TransactionInfo from OM DB as (t:1, i:52)
2024-02-27 07:52:21,786 [main] INFO  server.RaftServer (ConfUtils.java:logGet(46)) - raft.rpc.type = GRPC (default)
2024-02-27 07:52:21,786 [main] INFO  grpc.GrpcConfigKeys (ConfUtils.java:logFallback(53)) - raft.grpc.admin.host = null (fallback to raft.grpc.server.host)
2024-02-27 07:52:21,786 [main] INFO  grpc.GrpcConfigKeys (ConfUtils.java:logFallback(53)) - raft.grpc.admin.port = 15230 (fallback to raft.grpc.server.port)
2024-02-27 07:52:21,786 [main] INFO  grpc.GrpcConfigKeys (ConfUtils.java:logFallback(53)) - raft.grpc.client.host = null (fallback to raft.grpc.server.host)
2024-02-27 07:52:21,786 [main] INFO  grpc.GrpcConfigKeys (ConfUtils.java:logFallback(53)) - raft.grpc.client.port = 15230 (fallback to raft.grpc.server.port)
2024-02-27 07:52:21,786 [main] INFO  grpc.GrpcConfigKeys (ConfUtils.java:logGet(46)) - raft.grpc.server.host = null (default)
2024-02-27 07:52:21,787 [main] INFO  grpc.GrpcConfigKeys (ConfUtils.java:logGet(46)) - raft.grpc.server.port = 15230 (custom)
2024-02-27 07:52:21,787 [main] INFO  server.GrpcService (ConfUtils.java:logGet(46)) - raft.grpc.message.size.max = 4194304 (custom)
2024-02-27 07:52:21,787 [main] INFO  server.RaftServerConfigKeys (ConfUtils.java:logGet(46)) - raft.server.log.appender.buffer.byte-limit = 4194304 (custom)
2024-02-27 07:52:21,787 [main] INFO  server.GrpcService (ConfUtils.java:logGet(46)) - raft.grpc.flow.control.window = 1MB (=1048576) (default)
2024-02-27 07:52:21,787 [main] INFO  server.RaftServerConfigKeys (ConfUtils.java:logGet(46)) - raft.server.rpc.request.timeout = 3000ms (default)
2024-02-27 07:52:21,787 [main] INFO  grpc.GrpcConfigKeys (ConfUtils.java:logGet(46)) - raft.grpc.server.heartbeat.channel = true (default)
2024-02-27 07:52:21,787 [main] INFO  grpc.GrpcConfigKeys (ConfUtils.java:logGet(46)) - raft.grpc.server.async.request.thread.pool.cached = true (default)
2024-02-27 07:52:21,787 [main] INFO  grpc.GrpcConfigKeys (ConfUtils.java:logGet(46)) - raft.grpc.server.async.request.thread.pool.size = 32 (default)
2024-02-27 07:52:21,788 [main] INFO  impl.DataStreamServerImpl (ConfUtils.java:logGet(46)) - raft.datastream.type = DISABLED (default)
2024-02-27 07:52:21,788 [main] INFO  server.RaftServerConfigKeys (ConfUtils.java:logGet(46)) - raft.server.sleep.deviation.threshold = 300ms (default)
2024-02-27 07:52:21,789 [main] INFO  server.RaftServerConfigKeys (ConfUtils.java:logGet(46)) - raft.server.close.threshold = 60s (default)
2024-02-27 07:52:21,789 [main] INFO  server.RaftServerConfigKeys (ConfUtils.java:logGet(46)) - raft.server.leaderelection.leader.step-down.wait-time = 10s (default)
2024-02-27 07:52:21,789 [main] INFO  server.RaftServerConfigKeys (ConfUtils.java:logGet(46)) - raft.server.storage.dir = [/home/runner/work/ozone/ozone/hadoop-ozone/integration-test/target/test-dir/MiniOzoneClusterImpl-4c9fddb8-14cc-4d18-9561-dc95ff2af5f2/omNode-3/ratis] (custom)
2024-02-27 07:52:21,789 [main] INFO  server.RaftServerConfigKeys (ConfUtils.java:logGet(46)) - raft.server.threadpool.proxy.cached = true (default)
2024-02-27 07:52:21,789 [main] INFO  server.RaftServerConfigKeys (ConfUtils.java:logGet(46)) - raft.server.threadpool.proxy.size = 0 (default)
2024-02-27 07:52:21,790 [omNode-3-impl-thread1] INFO  server.RaftServer (RaftServerProxy.java:initGroupDir(264)) - omNode-3: found a subdirectory /home/runner/work/ozone/ozone/hadoop-ozone/integration-test/target/test-dir/MiniOzoneClusterImpl-4c9fddb8-14cc-4d18-9561-dc95ff2af5f2/omNode-3/ratis/c9bc4cf4-3bc3-3c60-a66b-523986131536
2024-02-27 07:52:21,790 [main] INFO  server.RaftServer (RaftServerProxy.java:addNew(100)) - omNode-3: addNew group-523986131536:[omNode-3|localhost:15230, omNode-1|localhost:15222, omNode-2|localhost:15226] returns group-523986131536:java.util.concurrent.CompletableFuture@76bab92b[Not completed]
2024-02-27 07:52:21,790 [main] INFO  om.OzoneManager (OzoneManager.java:initializeRatisServer(2140)) - OzoneManager Ratis server initialized at port 15230
2024-02-27 07:52:21,790 [main] INFO  ratis.OzoneManagerRatisServer (OzoneManagerRatisServer.java:start(588)) - Starting OzoneManagerRatisServer omNode-3 at port 15230
2024-02-27 07:52:21,790 [omNode-3-groupManagement] INFO  server.RaftServer$Division (RaftServerImpl.java:<init>(256)) - omNode-3: new RaftServerImpl for group-523986131536:[omNode-3|localhost:15230, omNode-1|localhost:15222, omNode-2|localhost:15226] with OzoneManagerStateMachine:uninitialized
2024-02-27 07:52:21,790 [omNode-3-groupManagement] INFO  server.RaftServerConfigKeys (ConfUtils.java:logGet(46)) - raft.server.rpc.timeout.min = 1s (custom)
2024-02-27 07:52:21,790 [omNode-3-groupManagement] INFO  server.RaftServerConfigKeys (ConfUtils.java:logGet(46)) - raft.server.rpc.timeout.max = 1200ms (custom)
2024-02-27 07:52:21,790 [omNode-3-groupManagement] INFO  server.RaftServerConfigKeys (ConfUtils.java:logGet(46)) - raft.server.rpc.sleep.time = 25ms (default)
2024-02-27 07:52:21,790 [omNode-3-groupManagement] INFO  server.RaftServerConfigKeys (ConfUtils.java:logGet(46)) - raft.server.rpc.slowness.timeout = 2s (custom)
2024-02-27 07:52:21,790 [omNode-3-groupManagement] INFO  server.RaftServerConfigKeys (ConfUtils.java:logGet(46)) - raft.server.leaderelection.leader.step-down.wait-time = 10s (default)
2024-02-27 07:52:21,790 [omNode-3-groupManagement] INFO  server.RaftServerConfigKeys (ConfUtils.java:logGet(46)) - raft.server.leaderelection.member.majority-add = false (default)
2024-02-27 07:52:21,790 [omNode-3-groupManagement] INFO  server.RaftServerConfigKeys (ConfUtils.java:logGet(46)) - raft.server.sleep.deviation.threshold = 300ms (default)
2024-02-27 07:52:21,791 [omNode-3-groupManagement] INFO  server.RaftServer$Division (ServerState.java:<init>(113)) - omNode-3@group-523986131536: ConfigurationManager, init=-1: peers:[omNode-3|localhost:15230, omNode-1|localhost:15222, omNode-2|localhost:15226]|listeners:[], old=null, confs=<EMPTY_MAP>
2024-02-27 07:52:21,791 [omNode-3-groupManagement] INFO  server.RaftServerConfigKeys (ConfUtils.java:logGet(46)) - raft.server.notification.no-leader.timeout = 2s (custom)
2024-02-27 07:52:21,791 [omNode-3-groupManagement] INFO  server.RaftServerConfigKeys (ConfUtils.java:logGet(46)) - raft.server.read.timeout = 10s (default)
2024-02-27 07:52:21,791 [omNode-3-groupManagement] INFO  server.RaftServerConfigKeys (ConfUtils.java:logGet(46)) - raft.server.retrycache.expirytime = 30000ms (custom)
2024-02-27 07:52:21,791 [omNode-3-groupManagement] INFO  server.RaftServerConfigKeys (ConfUtils.java:logGet(46)) - raft.server.retrycache.statistics.expirytime = 100ms (default)
2024-02-27 07:52:21,791 [omNode-3-groupManagement] INFO  server.RaftServerConfigKeys (ConfUtils.java:logGet(46)) - raft.server.read.option = DEFAULT (default)
2024-02-27 07:52:21,791 [omNode-3-groupManagement] INFO  server.RaftServerConfigKeys (ConfUtils.java:logGet(46)) - raft.server.read.read-after-write-consistent.write-index-cache.expiry-time = 60s (default)
2024-02-27 07:52:21,792 [omNode-3-groupManagement] INFO  server.RaftServerConfigKeys (ConfUtils.java:logGet(46)) - raft.server.rpc.request.timeout = 3000ms (default)
2024-02-27 07:52:21,792 [omNode-3-groupManagement] INFO  server.RaftServerConfigKeys (ConfUtils.java:logGet(46)) - raft.server.log.appender.install.snapshot.enabled = false (custom)
2024-02-27 07:52:21,792 [omNode-3-groupManagement] INFO  server.RaftServerConfigKeys (ConfUtils.java:logGet(46)) - raft.server.threadpool.server.cached = true (default)
2024-02-27 07:52:21,792 [omNode-3-groupManagement] INFO  server.RaftServerConfigKeys (ConfUtils.java:logGet(46)) - raft.server.threadpool.server.size = 0 (default)
2024-02-27 07:52:21,792 [omNode-3-groupManagement] INFO  server.RaftServerConfigKeys (ConfUtils.java:logGet(46)) - raft.server.threadpool.client.cached = true (default)
2024-02-27 07:52:21,792 [omNode-3-groupManagement] INFO  server.RaftServerConfigKeys (ConfUtils.java:logGet(46)) - raft.server.threadpool.client.size = 0 (default)
2024-02-27 07:52:21,792 [omNode-3-impl-thread1] INFO  server.RaftServerConfigKeys (ConfUtils.java:logGet(46)) - raft.server.storage.free-space.min = 0MB (=0) (default)
2024-02-27 07:52:21,792 [omNode-3-impl-thread1] INFO  server.RaftServerConfigKeys (ConfUtils.java:logGet(46)) - raft.server.log.corruption.policy = EXCEPTION (default)
2024-02-27 07:52:21,792 [omNode-3-impl-thread1] INFO  server.RaftServerConfigKeys (ConfUtils.java:logGet(46)) - raft.server.storage.dir = [/home/runner/work/ozone/ozone/hadoop-ozone/integration-test/target/test-dir/MiniOzoneClusterImpl-4c9fddb8-14cc-4d18-9561-dc95ff2af5f2/omNode-3/ratis] (custom)
2024-02-27 07:52:21,794 [omNode-3-impl-thread1] INFO  storage.RaftStorageDirectory (RaftStorageDirectoryImpl.java:tryLock(228)) - Lock on /home/runner/work/ozone/ozone/hadoop-ozone/integration-test/target/test-dir/MiniOzoneClusterImpl-4c9fddb8-14cc-4d18-9561-dc95ff2af5f2/omNode-3/ratis/c9bc4cf4-3bc3-3c60-a66b-523986131536/in_use.lock acquired by nodename 40924@fv-az699-61
2024-02-27 07:52:21,794 [omNode-3-impl-thread1] INFO  storage.RaftStorage (RaftStorageImpl.java:analyzeAndRecoverStorage(119)) - Read RaftStorageMetadata{term=1, votedFor=omNode-1} from /home/runner/work/ozone/ozone/hadoop-ozone/integration-test/target/test-dir/MiniOzoneClusterImpl-4c9fddb8-14cc-4d18-9561-dc95ff2af5f2/omNode-3/ratis/c9bc4cf4-3bc3-3c60-a66b-523986131536/current/raft-meta
2024-02-27 07:52:21,795 [omNode-3-impl-thread1] INFO  server.RaftServer$Division (ServerState.java:setRaftConf(386)) - omNode-3@group-523986131536: set configuration 0: peers:[omNode-3|localhost:15230, omNode-1|localhost:15222, omNode-2|localhost:15226]|listeners:[], old=null
2024-02-27 07:52:21,795 [omNode-3-impl-thread1] INFO  server.RaftServerConfigKeys (ConfUtils.java:logGet(46)) - raft.server.log.use.memory = false (default)
2024-02-27 07:52:21,795 [omNode-3-impl-thread1] INFO  server.RaftServerConfigKeys (ConfUtils.java:logGet(46)) - raft.server.log.purge.gap = 50 (custom)
2024-02-27 07:52:21,795 [omNode-3-impl-thread1] INFO  server.RaftServerConfigKeys (ConfUtils.java:logGet(46)) - raft.server.log.appender.buffer.byte-limit = 4194304 (custom)
2024-02-27 07:52:21,795 [omNode-3-impl-thread1] INFO  server.RaftServerConfigKeys (ConfUtils.java:logGet(46)) - raft.server.log.statemachine.data.read.timeout = 1000ms (default)
2024-02-27 07:52:21,795 [omNode-3-impl-thread1] INFO  server.RaftServerConfigKeys (ConfUtils.java:logGet(46)) - raft.server.log.purge.preservation.log.num = 0 (default)
2024-02-27 07:52:21,796 [omNode-3-impl-thread1] INFO  server.RaftServerConfigKeys (ConfUtils.java:logGet(46)) - raft.server.log.segment.size.max = 4194304 (custom)
2024-02-27 07:52:21,796 [omNode-3-impl-thread1] INFO  server.RaftServerConfigKeys (ConfUtils.java:logGet(46)) - raft.server.log.segment.cache.num.max = 2 (custom)
2024-02-27 07:52:21,796 [omNode-3-impl-thread1] INFO  server.RaftServerConfigKeys (ConfUtils.java:logGet(46)) - raft.server.log.segment.cache.size.max = 200MB (=209715200) (default)
2024-02-27 07:52:21,796 [omNode-3-impl-thread1] INFO  server.RaftServerConfigKeys (ConfUtils.java:logGet(46)) - raft.server.log.appender.buffer.byte-limit = 4194304 (custom)
2024-02-27 07:52:21,797 [omNode-3-impl-thread1] INFO  util.AwaitToRun (AwaitToRun.java:start(81)) - Thread[omNode-3@group-523986131536-cacheEviction-AwaitToRun,5,main] started
2024-02-27 07:52:21,797 [omNode-3-impl-thread1] INFO  segmented.SegmentedRaftLogWorker (SegmentedRaftLogWorker.java:<init>(182)) - new omNode-3@group-523986131536-SegmentedRaftLogWorker for RaftStorageImpl:Storage Directory /home/runner/work/ozone/ozone/hadoop-ozone/integration-test/target/test-dir/MiniOzoneClusterImpl-4c9fddb8-14cc-4d18-9561-dc95ff2af5f2/omNode-3/ratis/c9bc4cf4-3bc3-3c60-a66b-523986131536
2024-02-27 07:52:21,797 [omNode-3-impl-thread1] INFO  server.RaftServerConfigKeys (ConfUtils.java:logGet(46)) - raft.server.log.queue.byte-limit = 64MB (=67108864) (default)
2024-02-27 07:52:21,797 [omNode-3-impl-thread1] INFO  server.RaftServerConfigKeys (ConfUtils.java:logGet(46)) - raft.server.log.queue.element-limit = 4096 (default)
2024-02-27 07:52:21,797 [omNode-3-impl-thread1] INFO  server.RaftServerConfigKeys (ConfUtils.java:logGet(46)) - raft.server.log.segment.size.max = 4194304 (custom)
2024-02-27 07:52:21,797 [omNode-3-impl-thread1] INFO  server.RaftServerConfigKeys (ConfUtils.java:logGet(46)) - raft.server.log.preallocated.size = 4194304 (custom)
2024-02-27 07:52:21,797 [omNode-3-impl-thread1] INFO  server.RaftServerConfigKeys (ConfUtils.java:logGet(46)) - raft.server.log.force.sync.num = 128 (default)
2024-02-27 07:52:21,797 [omNode-3-impl-thread1] INFO  server.RaftServerConfigKeys (ConfUtils.java:logGet(46)) - raft.server.log.statemachine.data.sync = true (default)
2024-02-27 07:52:21,797 [omNode-3-impl-thread1] INFO  server.RaftServerConfigKeys (ConfUtils.java:logGet(46)) - raft.server.log.statemachine.data.sync.timeout = 10s (default)
2024-02-27 07:52:21,797 [omNode-3-impl-thread1] INFO  server.RaftServerConfigKeys (ConfUtils.java:logGet(46)) - raft.server.log.statemachine.data.sync.timeout.retry = -1 (default)
2024-02-27 07:52:21,797 [omNode-3-impl-thread1] INFO  server.RaftServerConfigKeys (ConfUtils.java:logGet(46)) - raft.server.log.write.buffer.size = 4194312 (custom)
2024-02-27 07:52:21,799 [omNode-3-impl-thread1] INFO  server.RaftServerConfigKeys (ConfUtils.java:logGet(46)) - raft.server.log.appender.buffer.byte-limit = 4194304 (custom)
2024-02-27 07:52:21,799 [omNode-3-impl-thread1] INFO  server.RaftServerConfigKeys (ConfUtils.java:logGet(46)) - raft.server.log.unsafe-flush.enabled = false (default)
2024-02-27 07:52:21,799 [omNode-3-impl-thread1] INFO  server.RaftServerConfigKeys (ConfUtils.java:logGet(46)) - raft.server.log.async-flush.enabled = false (default)
2024-02-27 07:52:21,799 [omNode-3-impl-thread1] INFO  server.RaftServerConfigKeys (ConfUtils.java:logGet(46)) - raft.server.log.statemachine.data.caching.enabled = false (default)
2024-02-27 07:52:21,799 [omNode-3-impl-thread1] INFO  segmented.SegmentedRaftLogWorker (SegmentedRaftLogWorker.java:lambda$new$0(134)) - omNode-3@group-523986131536-SegmentedRaftLogWorker: flushIndex: setUnconditionally 0 -> 52
2024-02-27 07:52:21,799 [omNode-3-impl-thread1] INFO  segmented.SegmentedRaftLogWorker (SegmentedRaftLogWorker.java:lambda$new$0(134)) - omNode-3@group-523986131536-SegmentedRaftLogWorker: safeCacheEvictIndex: setUnconditionally 0 -> -1
2024-02-27 07:52:21,799 [omNode-3-impl-thread1] INFO  server.RaftServer$Division (RaftServerImpl.java:start(396)) - omNode-3@group-523986131536: start as a follower, conf=0: peers:[omNode-3|localhost:15230, omNode-1|localhost:15222, omNode-2|localhost:15226]|listeners:[], old=null
2024-02-27 07:52:21,799 [omNode-3-impl-thread1] INFO  server.RaftServer$Division (RaftServerImpl.java:setRole(383)) - omNode-3@group-523986131536: changes role from      null to FOLLOWER at term 1 for startAsFollower
2024-02-27 07:52:21,799 [omNode-3-impl-thread1] INFO  impl.RoleInfo (RoleInfo.java:updateAndGet(139)) - omNode-3: start omNode-3@group-523986131536-FollowerState
2024-02-27 07:52:21,799 [omNode-3@group-523986131536-FollowerState] INFO  server.RaftServerConfigKeys (ConfUtils.java:logFallback(53)) - raft.server.rpc.first-election.timeout.min = 1s (fallback to raft.server.rpc.timeout.min)
2024-02-27 07:52:21,799 [omNode-3-impl-thread1] INFO  util.JmxRegister (JmxRegister.java:tryRegister(44)) - Successfully registered JMX Bean with object name Ratis:service=RaftServer,group=group-523986131536,id=omNode-3
2024-02-27 07:52:21,799 [omNode-3@group-523986131536-FollowerState] INFO  server.RaftServerConfigKeys (ConfUtils.java:logFallback(53)) - raft.server.rpc.first-election.timeout.max = 1200ms (fallback to raft.server.rpc.timeout.max)
2024-02-27 07:52:21,800 [omNode-3-impl-thread1] INFO  server.RaftServerConfigKeys (ConfUtils.java:logGet(46)) - raft.server.snapshot.trigger-when-stop.enabled = true (default)
2024-02-27 07:52:21,800 [omNode-3-impl-thread1] INFO  server.RaftServerConfigKeys (ConfUtils.java:logGet(46)) - raft.server.snapshot.auto.trigger.enabled = true (custom)
2024-02-27 07:52:21,800 [omNode-3-impl-thread1] INFO  server.RaftServerConfigKeys (ConfUtils.java:logGet(46)) - raft.server.snapshot.auto.trigger.threshold = 50 (custom)
2024-02-27 07:52:21,800 [omNode-3-impl-thread1] INFO  server.RaftServerConfigKeys (ConfUtils.java:logGet(46)) - raft.server.snapshot.retention.file.num = -1 (default)
2024-02-27 07:52:21,800 [omNode-3-impl-thread1] INFO  server.RaftServerConfigKeys (ConfUtils.java:logGet(46)) - raft.server.log.purge.upto.snapshot.index = true (custom)
2024-02-27 07:52:21,800 [main] INFO  server.RaftServer (RaftServerProxy.java:startImpl(406)) - omNode-3: start RPC server
2024-02-27 07:52:21,801 [main] INFO  server.GrpcService (GrpcService.java:startImpl(302)) - omNode-3: GrpcService started, listening on 15230
2024-02-27 07:52:21,802 [main] INFO  om.OzoneManager (OzoneManager.java:getRpcServer(1206)) - Creating RPC Server
2024-02-27 07:52:21,802 [JvmPauseMonitor66] INFO  util.JvmPauseMonitor (JvmPauseMonitor.java:run(146)) - JvmPauseMonitor-omNode-3: Started
2024-02-27 07:52:21,994 [main] INFO  ipc.CallQueueManager (CallQueueManager.java:<init>(90)) - Using callQueue: class java.util.concurrent.LinkedBlockingQueue, queueCapacity: 2000, scheduler: class org.apache.hadoop.ipc.DefaultRpcScheduler, ipcBackoff: false.
2024-02-27 07:52:21,995 [main] INFO  ipc.Server (Server.java:<init>(1287)) - Listener at localhost:15227
2024-02-27 07:52:21,995 [Socket Reader #1 for port 15227] INFO  ipc.Server (Server.java:run(1323)) - Starting Socket Reader #1 for port 15227
2024-02-27 07:52:21,997 [main] INFO  http.BaseHttpServer (BaseHttpServer.java:newHttpServer2BuilderForOzone(223)) - Starting Web-server for ozoneManager at: http://0.0.0.0:15228
2024-02-27 07:52:21,997 [main] INFO  http.BaseHttpServer (BaseHttpServer.java:<init>(110)) - Hadoop Security Enabled: false Ozone Security Enabled: false Ozone HTTP Security Enabled: false 
2024-02-27 07:52:21,998 [main] WARN  server.AuthenticationFilter (AuthenticationFilter.java:constructSecretProvider(240)) - Unable to initialize FileSignerSecretProvider, falling back to use random secrets. Reason: Could not read signature secret file: /home/runner/hadoop-http-auth-signature-secret
2024-02-27 07:52:21,998 [main] INFO  http.HttpRequestLog (HttpRequestLog.java:getRequestLog(86)) - Http request log for http.requests.ozoneManager is not defined
2024-02-27 07:52:21,999 [main] INFO  http.HttpServer2 (HttpServer2.java:addGlobalFilter(1036)) - Added global filter 'safety' (class=org.apache.hadoop.hdds.server.http.HttpServer2$QuotingInputFilter)
2024-02-27 07:52:21,999 [main] INFO  http.HttpServer2 (HttpServer2.java:addFilter(1012)) - Added filter static_user_filter (class=org.apache.hadoop.http.lib.StaticUserWebFilter$StaticUserFilter) to context ozoneManager
2024-02-27 07:52:21,999 [main] INFO  http.HttpServer2 (HttpServer2.java:addFilter(1020)) - Added filter static_user_filter (class=org.apache.hadoop.http.lib.StaticUserWebFilter$StaticUserFilter) to context static
2024-02-27 07:52:22,000 [main] INFO  http.HttpServer2 (HttpServer2.java:addFilter(1020)) - Added filter static_user_filter (class=org.apache.hadoop.http.lib.StaticUserWebFilter$StaticUserFilter) to context logs
2024-02-27 07:52:22,000 [main] INFO  http.BaseHttpServer (BaseHttpServer.java:<init>(189)) - HTTP server of ozoneManager uses base directory /home/runner/work/ozone/ozone/hadoop-ozone/integration-test/target/test-dir/MiniOzoneClusterImpl-4c9fddb8-14cc-4d18-9561-dc95ff2af5f2/omNode-3/webserver
2024-02-27 07:52:22,000 [main] INFO  http.HttpServer2 (HttpServer2.java:bindListener(1236)) - Jetty bound to port 15228
2024-02-27 07:52:22,000 [main] INFO  server.Server (Server.java:doStart(375)) - jetty-9.4.53.v20231009; built: 2023-10-09T12:29:09.265Z; git: 27bde00a0b95a1d5bbee0eae7984f891d2d0f8c9; jvm 1.8.0_402-b06
2024-02-27 07:52:22,001 [main] INFO  server.session (DefaultSessionIdManager.java:doStart(334)) - DefaultSessionIdManager workerName=node0
2024-02-27 07:52:22,001 [main] INFO  server.session (DefaultSessionIdManager.java:doStart(339)) - No SessionScavenger set, using defaults
2024-02-27 07:52:22,002 [main] INFO  server.session (HouseKeeper.java:startScavenging(132)) - node0 Scavenging every 600000ms
2024-02-27 07:52:22,002 [main] INFO  handler.ContextHandler (ContextHandler.java:doStart(921)) - Started o.e.j.s.ServletContextHandler@57297a27{logs,/logs,file:///home/runner/work/ozone/ozone/hadoop-ozone/integration-test/target/log,AVAILABLE}
2024-02-27 07:52:22,002 [main] INFO  handler.ContextHandler (ContextHandler.java:doStart(921)) - Started o.e.j.s.ServletContextHandler@48108dd2{static,/static,file:///home/runner/work/ozone/ozone/hadoop-ozone/integration-test/target/test-classes/webapps/static,AVAILABLE}
2024-02-27 07:52:22,004 [main] INFO  handler.ContextHandler (ContextHandler.java:doStart(921)) - Started o.e.j.w.WebAppContext@2daf0236{ozoneManager,/,file:///home/runner/work/ozone/ozone/hadoop-ozone/integration-test/target/test-classes/webapps/ozoneManager/,AVAILABLE}{file:/home/runner/work/ozone/ozone/hadoop-ozone/integration-test/target/test-classes/webapps/ozoneManager}
2024-02-27 07:52:22,004 [main] INFO  server.AbstractConnector (AbstractConnector.java:doStart(333)) - Started ServerConnector@267247e1{HTTP/1.1, (http/1.1)}{0.0.0.0:15228}
2024-02-27 07:52:22,005 [main] INFO  server.Server (Server.java:doStart(415)) - Started @824713ms
2024-02-27 07:52:22,005 [main] WARN  impl.MetricsSystemImpl (MetricsSystemImpl.java:register(279)) - Sink prometheus already exists!
2024-02-27 07:52:22,005 [main] INFO  http.BaseHttpServer (BaseHttpServer.java:updateConnectorAddress(354)) - HTTP server of ozoneManager listening at http://0.0.0.0:15228
2024-02-27 07:52:22,005 [IPC Server listener on 15227] INFO  ipc.Server (Server.java:run(1402)) - IPC Server listener on 15227: starting
2024-02-27 07:52:22,005 [IPC Server Responder] INFO  ipc.Server (Server.java:run(1562)) - IPC Server Responder: starting
2024-02-27 07:52:22,011 [main] INFO  om.OzoneManager (OzoneManager.java:startTrashEmptier(2093)) - Trash Interval set to 0. Files deleted won't move to trash
2024-02-27 07:52:22,011 [main] INFO  om.OzoneManager (OzoneManager.java:restart(1710)) - OzoneManager RPC server is listening at localhost/127.0.0.1:15219
2024-02-27 07:52:22,012 [main] INFO  impl.MetricsSystemImpl (MetricsSystemImpl.java:init(158)) - OzoneManager metrics system started (again)
2024-02-27 07:52:22,019 [main] WARN  server.ServerUtils (ServerUtils.java:getDBPath(299)) - ozone.om.db.dirs is not configured. We recommend adding this setting. Falling back to ozone.metadata.dirs instead.
2024-02-27 07:52:22,020 [main] INFO  helpers.OmKeyInfo (OmKeyInfo.java:getCodec(71)) - OmKeyInfo.getCodec ignorePipeline = true
2024-02-27 07:52:22,052 [main] INFO  om.OzoneManager (OzoneManager.java:instantiateServices(804)) - S3 Multi-Tenancy is disabled
2024-02-27 07:52:22,053 [main] INFO  om.OmSnapshotManager (OmSnapshotManager.java:<init>(177)) - Ozone filesystem snapshot feature is enabled.
2024-02-27 07:52:22,053 [main] WARN  server.ServerUtils (ServerUtils.java:getDBPath(299)) - ozone.om.snapshot.diff.db.dir is not configured. We recommend adding this setting. Falling back to ozone.metadata.dirs instead.
2024-02-27 07:52:22,061 [main] INFO  utils.NativeLibraryLoader (NativeLibraryLoader.java:loadLibrary(108)) - Loading Library: ozone_rocksdb_tools
2024-02-27 07:52:22,062 [main] ERROR snapshot.SnapshotDiffManager (SnapshotDiffManager.java:initNativeLibraryForEfficientDiff(287)) - Native Library for raw sst file reading loading failed.
org.apache.hadoop.hdds.utils.NativeLibraryNotLoadedException: Unable to load library ozone_rocksdb_tools from both java.library.path & resource file libozone_rocksdb_tools.so from jar.
	at org.apache.hadoop.hdds.utils.db.managed.ManagedRawSSTFileReader.loadLibrary(ManagedRawSSTFileReader.java:38)
	at org.apache.hadoop.ozone.om.snapshot.SnapshotDiffManager.initNativeLibraryForEfficientDiff(SnapshotDiffManager.java:285)
	at org.apache.hadoop.ozone.om.snapshot.SnapshotDiffManager.<init>(SnapshotDiffManager.java:259)
	at org.apache.hadoop.ozone.om.OmSnapshotManager.<init>(OmSnapshotManager.java:279)
	at org.apache.hadoop.ozone.om.OzoneManager.instantiateServices(OzoneManager.java:856)
	at org.apache.hadoop.ozone.om.OzoneManager.restart(OzoneManager.java:1715)
	at org.apache.hadoop.ozone.MiniOzoneHAClusterImpl.restartOzoneManager(MiniOzoneHAClusterImpl.java:211)
	at org.apache.hadoop.ozone.om.TestOzoneManagerPrepare.resetCluster(TestOzoneManagerPrepare.java:113)
	at sun.reflect.NativeMethodAccessorImpl.invoke0(Native Method)
	at sun.reflect.NativeMethodAccessorImpl.invoke(NativeMethodAccessorImpl.java:62)
	at sun.reflect.DelegatingMethodAccessorImpl.invoke(DelegatingMethodAccessorImpl.java:43)
	at java.lang.reflect.Method.invoke(Method.java:498)
	at org.junit.platform.commons.util.ReflectionUtils.invokeMethod(ReflectionUtils.java:728)
	at org.junit.jupiter.engine.execution.MethodInvocation.proceed(MethodInvocation.java:60)
	at org.junit.jupiter.engine.execution.InvocationInterceptorChain$ValidatingInvocation.proceed(InvocationInterceptorChain.java:131)
	at org.junit.jupiter.engine.extension.TimeoutExtension.intercept(TimeoutExtension.java:156)
	at org.junit.jupiter.engine.extension.TimeoutExtension.interceptLifecycleMethod(TimeoutExtension.java:128)
	at org.junit.jupiter.engine.extension.TimeoutExtension.interceptAfterEachMethod(TimeoutExtension.java:110)
	at org.junit.jupiter.engine.execution.InterceptingExecutableInvoker$ReflectiveInterceptorCall.lambda$ofVoidMethod$0(InterceptingExecutableInvoker.java:103)
	at org.junit.jupiter.engine.execution.InterceptingExecutableInvoker.lambda$invoke$0(InterceptingExecutableInvoker.java:93)
	at org.junit.jupiter.engine.execution.InvocationInterceptorChain$InterceptedInvocation.proceed(InvocationInterceptorChain.java:106)
	at org.junit.jupiter.engine.execution.InvocationInterceptorChain.proceed(InvocationInterceptorChain.java:64)
	at org.junit.jupiter.engine.execution.InvocationInterceptorChain.chainAndInvoke(InvocationInterceptorChain.java:45)
	at org.junit.jupiter.engine.execution.InvocationInterceptorChain.invoke(InvocationInterceptorChain.java:37)
	at org.junit.jupiter.engine.execution.InterceptingExecutableInvoker.invoke(InterceptingExecutableInvoker.java:92)
	at org.junit.jupiter.engine.execution.InterceptingExecutableInvoker.invoke(InterceptingExecutableInvoker.java:86)
	at org.junit.jupiter.engine.descriptor.ClassBasedTestDescriptor.invokeMethodInExtensionContext(ClassBasedTestDescriptor.java:521)
	at org.junit.jupiter.engine.descriptor.ClassBasedTestDescriptor.lambda$synthesizeAfterEachMethodAdapter$24(ClassBasedTestDescriptor.java:511)
	at org.junit.jupiter.engine.descriptor.TestMethodTestDescriptor.lambda$invokeAfterEachMethods$10(TestMethodTestDescriptor.java:244)
	at org.junit.jupiter.engine.descriptor.TestMethodTestDescriptor.lambda$invokeAllAfterMethodsOrCallbacks$13(TestMethodTestDescriptor.java:277)
	at org.junit.platform.engine.support.hierarchical.ThrowableCollector.execute(ThrowableCollector.java:73)
	at org.junit.jupiter.engine.descriptor.TestMethodTestDescriptor.lambda$invokeAllAfterMethodsOrCallbacks$14(TestMethodTestDescriptor.java:277)
	at org.junit.platform.commons.util.CollectionUtils.forEachInReverseOrder(CollectionUtils.java:217)
	at org.junit.jupiter.engine.descriptor.TestMethodTestDescriptor.invokeAllAfterMethodsOrCallbacks(TestMethodTestDescriptor.java:276)
	at org.junit.jupiter.engine.descriptor.TestMethodTestDescriptor.invokeAfterEachMethods(TestMethodTestDescriptor.java:242)
	at org.junit.jupiter.engine.descriptor.TestMethodTestDescriptor.execute(TestMethodTestDescriptor.java:143)
	at org.junit.jupiter.engine.descriptor.TestMethodTestDescriptor.execute(TestMethodTestDescriptor.java:69)
	at org.junit.platform.engine.support.hierarchical.NodeTestTask.lambda$executeRecursively$6(NodeTestTask.java:151)
	at org.junit.platform.engine.support.hierarchical.ThrowableCollector.execute(ThrowableCollector.java:73)
	at org.junit.platform.engine.support.hierarchical.NodeTestTask.lambda$executeRecursively$8(NodeTestTask.java:141)
	at org.junit.platform.engine.support.hierarchical.Node.around(Node.java:137)
	at org.junit.platform.engine.support.hierarchical.NodeTestTask.lambda$executeRecursively$9(NodeTestTask.java:139)
	at org.junit.platform.engine.support.hierarchical.ThrowableCollector.execute(ThrowableCollector.java:73)
	at org.junit.platform.engine.support.hierarchical.NodeTestTask.executeRecursively(NodeTestTask.java:138)
	at org.junit.platform.engine.support.hierarchical.NodeTestTask.execute(NodeTestTask.java:95)
	at java.util.ArrayList.forEach(ArrayList.java:1259)
	at org.junit.platform.engine.support.hierarchical.SameThreadHierarchicalTestExecutorService.invokeAll(SameThreadHierarchicalTestExecutorService.java:41)
	at org.junit.platform.engine.support.hierarchical.NodeTestTask.lambda$executeRecursively$6(NodeTestTask.java:155)
	at org.junit.platform.engine.support.hierarchical.ThrowableCollector.execute(ThrowableCollector.java:73)
	at org.junit.platform.engine.support.hierarchical.NodeTestTask.lambda$executeRecursively$8(NodeTestTask.java:141)
	at org.junit.platform.engine.support.hierarchical.Node.around(Node.java:137)
	at org.junit.platform.engine.support.hierarchical.NodeTestTask.lambda$executeRecursively$9(NodeTestTask.java:139)
	at org.junit.platform.engine.support.hierarchical.ThrowableCollector.execute(ThrowableCollector.java:73)
	at org.junit.platform.engine.support.hierarchical.NodeTestTask.executeRecursively(NodeTestTask.java:138)
	at org.junit.platform.engine.support.hierarchical.NodeTestTask.execute(NodeTestTask.java:95)
	at java.util.ArrayList.forEach(ArrayList.java:1259)
	at org.junit.platform.engine.support.hierarchical.SameThreadHierarchicalTestExecutorService.invokeAll(SameThreadHierarchicalTestExecutorService.java:41)
	at org.junit.platform.engine.support.hierarchical.NodeTestTask.lambda$executeRecursively$6(NodeTestTask.java:155)
	at org.junit.platform.engine.support.hierarchical.ThrowableCollector.execute(ThrowableCollector.java:73)
	at org.junit.platform.engine.support.hierarchical.NodeTestTask.lambda$executeRecursively$8(NodeTestTask.java:141)
	at org.junit.platform.engine.support.hierarchical.Node.around(Node.java:137)
	at org.junit.platform.engine.support.hierarchical.NodeTestTask.lambda$executeRecursively$9(NodeTestTask.java:139)
	at org.junit.platform.engine.support.hierarchical.ThrowableCollector.execute(ThrowableCollector.java:73)
	at org.junit.platform.engine.support.hierarchical.NodeTestTask.executeRecursively(NodeTestTask.java:138)
	at org.junit.platform.engine.support.hierarchical.NodeTestTask.execute(NodeTestTask.java:95)
	at org.junit.platform.engine.support.hierarchical.SameThreadHierarchicalTestExecutorService.submit(SameThreadHierarchicalTestExecutorService.java:35)
	at org.junit.platform.engine.support.hierarchical.HierarchicalTestExecutor.execute(HierarchicalTestExecutor.java:57)
	at org.junit.platform.engine.support.hierarchical.HierarchicalTestEngine.execute(HierarchicalTestEngine.java:54)
	at org.junit.platform.launcher.core.EngineExecutionOrchestrator.execute(EngineExecutionOrchestrator.java:198)
	at org.junit.platform.launcher.core.EngineExecutionOrchestrator.execute(EngineExecutionOrchestrator.java:169)
	at org.junit.platform.launcher.core.EngineExecutionOrchestrator.execute(EngineExecutionOrchestrator.java:93)
	at org.junit.platform.launcher.core.EngineExecutionOrchestrator.lambda$execute$0(EngineExecutionOrchestrator.java:58)
	at org.junit.platform.launcher.core.EngineExecutionOrchestrator.withInterceptedStreams(EngineExecutionOrchestrator.java:141)
	at org.junit.platform.launcher.core.EngineExecutionOrchestrator.execute(EngineExecutionOrchestrator.java:57)
	at org.junit.platform.launcher.core.DefaultLauncher.execute(DefaultLauncher.java:103)
	at org.junit.platform.launcher.core.DefaultLauncher.execute(DefaultLauncher.java:85)
	at org.junit.platform.launcher.core.DelegatingLauncher.execute(DelegatingLauncher.java:47)
	at org.junit.platform.launcher.core.SessionPerRequestLauncher.execute(SessionPerRequestLauncher.java:63)
	at org.apache.maven.surefire.junitplatform.JUnitPlatformProvider.invokeAllTests(JUnitPlatformProvider.java:165)
	at org.apache.maven.surefire.junitplatform.JUnitPlatformProvider.invoke(JUnitPlatformProvider.java:124)
	at org.apache.maven.surefire.booter.ForkedBooter.runSuitesInProcess(ForkedBooter.java:428)
	at org.apache.maven.surefire.booter.ForkedBooter.execute(ForkedBooter.java:162)
	at org.apache.maven.surefire.booter.ForkedBooter.run(ForkedBooter.java:562)
	at org.apache.maven.surefire.booter.ForkedBooter.main(ForkedBooter.java:548)
2024-02-27 07:52:22,068 [main] WARN  dropwizard3.Dm3MetricRegistriesImpl (Dm3MetricRegistriesImpl.java:addReporterRegistration(113)) - New reporters are added after registries were created. Some metrics will be missing from the reporter. Please add reporter before adding any new registry.
2024-02-27 07:52:22,068 [main] WARN  dropwizard3.Dm3MetricRegistriesImpl (Dm3MetricRegistriesImpl.java:addReporterRegistration(113)) - New reporters are added after registries were created. Some metrics will be missing from the reporter. Please add reporter before adding any new registry.
2024-02-27 07:52:22,069 [main] WARN  server.ServerUtils (ServerUtils.java:getDefaultRatisDirectory(311)) - Storage directory for Ratis is not configured. It is a good idea to map this to an SSD disk. Falling back to ozone.metadata.dirs
2024-02-27 07:52:22,069 [main] INFO  ratis.OzoneManagerRatisServer (OzoneManagerRatisServer.java:<init>(167)) - Instantiating OM Ratis server with groupID: om-service-test1 and peers: localhost:15222, localhost:15230, localhost:15226
2024-02-27 07:52:22,070 [main] INFO  ratis.OzoneManagerStateMachine (OzoneManagerStateMachine.java:loadSnapshotInfoFromDB(574)) - LastAppliedIndex is set from TransactionInfo from OM DB as (t:1, i:52)
2024-02-27 07:52:22,072 [main] INFO  server.RaftServer (ConfUtils.java:logGet(46)) - raft.rpc.type = GRPC (default)
2024-02-27 07:52:22,073 [main] INFO  grpc.GrpcConfigKeys (ConfUtils.java:logFallback(53)) - raft.grpc.admin.host = null (fallback to raft.grpc.server.host)
2024-02-27 07:52:22,073 [main] INFO  grpc.GrpcConfigKeys (ConfUtils.java:logFallback(53)) - raft.grpc.admin.port = 15222 (fallback to raft.grpc.server.port)
2024-02-27 07:52:22,073 [main] INFO  grpc.GrpcConfigKeys (ConfUtils.java:logFallback(53)) - raft.grpc.client.host = null (fallback to raft.grpc.server.host)
2024-02-27 07:52:22,073 [main] INFO  grpc.GrpcConfigKeys (ConfUtils.java:logFallback(53)) - raft.grpc.client.port = 15222 (fallback to raft.grpc.server.port)
2024-02-27 07:52:22,073 [main] INFO  grpc.GrpcConfigKeys (ConfUtils.java:logGet(46)) - raft.grpc.server.host = null (default)
2024-02-27 07:52:22,074 [main] INFO  grpc.GrpcConfigKeys (ConfUtils.java:logGet(46)) - raft.grpc.server.port = 15222 (custom)
2024-02-27 07:52:22,074 [main] INFO  server.GrpcService (ConfUtils.java:logGet(46)) - raft.grpc.message.size.max = 4194304 (custom)
2024-02-27 07:52:22,074 [main] INFO  server.RaftServerConfigKeys (ConfUtils.java:logGet(46)) - raft.server.log.appender.buffer.byte-limit = 4194304 (custom)
2024-02-27 07:52:22,074 [main] INFO  server.GrpcService (ConfUtils.java:logGet(46)) - raft.grpc.flow.control.window = 1MB (=1048576) (default)
2024-02-27 07:52:22,074 [main] INFO  server.RaftServerConfigKeys (ConfUtils.java:logGet(46)) - raft.server.rpc.request.timeout = 3000ms (default)
2024-02-27 07:52:22,074 [main] INFO  grpc.GrpcConfigKeys (ConfUtils.java:logGet(46)) - raft.grpc.server.heartbeat.channel = true (default)
2024-02-27 07:52:22,074 [main] INFO  grpc.GrpcConfigKeys (ConfUtils.java:logGet(46)) - raft.grpc.server.async.request.thread.pool.cached = true (default)
2024-02-27 07:52:22,074 [main] INFO  grpc.GrpcConfigKeys (ConfUtils.java:logGet(46)) - raft.grpc.server.async.request.thread.pool.size = 32 (default)
2024-02-27 07:52:22,075 [main] INFO  impl.DataStreamServerImpl (ConfUtils.java:logGet(46)) - raft.datastream.type = DISABLED (default)
2024-02-27 07:52:22,076 [main] INFO  server.RaftServerConfigKeys (ConfUtils.java:logGet(46)) - raft.server.sleep.deviation.threshold = 300ms (default)
2024-02-27 07:52:22,076 [main] INFO  server.RaftServerConfigKeys (ConfUtils.java:logGet(46)) - raft.server.close.threshold = 60s (default)
2024-02-27 07:52:22,076 [main] INFO  server.RaftServerConfigKeys (ConfUtils.java:logGet(46)) - raft.server.leaderelection.leader.step-down.wait-time = 10s (default)
2024-02-27 07:52:22,076 [main] INFO  server.RaftServerConfigKeys (ConfUtils.java:logGet(46)) - raft.server.storage.dir = [/home/runner/work/ozone/ozone/hadoop-ozone/integration-test/target/test-dir/MiniOzoneClusterImpl-4c9fddb8-14cc-4d18-9561-dc95ff2af5f2/omNode-1/ratis] (custom)
2024-02-27 07:52:22,076 [main] INFO  server.RaftServerConfigKeys (ConfUtils.java:logGet(46)) - raft.server.threadpool.proxy.cached = true (default)
2024-02-27 07:52:22,076 [main] INFO  server.RaftServerConfigKeys (ConfUtils.java:logGet(46)) - raft.server.threadpool.proxy.size = 0 (default)
2024-02-27 07:52:22,076 [omNode-1-impl-thread1] INFO  server.RaftServer (RaftServerProxy.java:initGroupDir(264)) - omNode-1: found a subdirectory /home/runner/work/ozone/ozone/hadoop-ozone/integration-test/target/test-dir/MiniOzoneClusterImpl-4c9fddb8-14cc-4d18-9561-dc95ff2af5f2/omNode-1/ratis/c9bc4cf4-3bc3-3c60-a66b-523986131536
2024-02-27 07:52:22,077 [main] INFO  server.RaftServer (RaftServerProxy.java:addNew(100)) - omNode-1: addNew group-523986131536:[omNode-3|localhost:15230, omNode-1|localhost:15222, omNode-2|localhost:15226] returns group-523986131536:java.util.concurrent.CompletableFuture@26afae0[Not completed]
2024-02-27 07:52:22,077 [main] INFO  om.OzoneManager (OzoneManager.java:initializeRatisServer(2140)) - OzoneManager Ratis server initialized at port 15222
2024-02-27 07:52:22,077 [main] INFO  ratis.OzoneManagerRatisServer (OzoneManagerRatisServer.java:start(588)) - Starting OzoneManagerRatisServer omNode-1 at port 15222
2024-02-27 07:52:22,077 [omNode-1-groupManagement] INFO  server.RaftServer$Division (RaftServerImpl.java:<init>(256)) - omNode-1: new RaftServerImpl for group-523986131536:[omNode-3|localhost:15230, omNode-1|localhost:15222, omNode-2|localhost:15226] with OzoneManagerStateMachine:uninitialized
2024-02-27 07:52:22,077 [omNode-1-groupManagement] INFO  server.RaftServerConfigKeys (ConfUtils.java:logGet(46)) - raft.server.rpc.timeout.min = 1s (custom)
2024-02-27 07:52:22,077 [omNode-1-groupManagement] INFO  server.RaftServerConfigKeys (ConfUtils.java:logGet(46)) - raft.server.rpc.timeout.max = 1200ms (custom)
2024-02-27 07:52:22,077 [omNode-1-groupManagement] INFO  server.RaftServerConfigKeys (ConfUtils.java:logGet(46)) - raft.server.rpc.sleep.time = 25ms (default)
2024-02-27 07:52:22,077 [omNode-1-groupManagement] INFO  server.RaftServerConfigKeys (ConfUtils.java:logGet(46)) - raft.server.rpc.slowness.timeout = 2s (custom)
2024-02-27 07:52:22,077 [omNode-1-groupManagement] INFO  server.RaftServerConfigKeys (ConfUtils.java:logGet(46)) - raft.server.leaderelection.leader.step-down.wait-time = 10s (default)
2024-02-27 07:52:22,077 [omNode-1-groupManagement] INFO  server.RaftServerConfigKeys (ConfUtils.java:logGet(46)) - raft.server.leaderelection.member.majority-add = false (default)
2024-02-27 07:52:22,078 [omNode-1-groupManagement] INFO  server.RaftServerConfigKeys (ConfUtils.java:logGet(46)) - raft.server.sleep.deviation.threshold = 300ms (default)
2024-02-27 07:52:22,078 [omNode-1-groupManagement] INFO  server.RaftServer$Division (ServerState.java:<init>(113)) - omNode-1@group-523986131536: ConfigurationManager, init=-1: peers:[omNode-3|localhost:15230, omNode-1|localhost:15222, omNode-2|localhost:15226]|listeners:[], old=null, confs=<EMPTY_MAP>
2024-02-27 07:52:22,078 [omNode-1-groupManagement] INFO  server.RaftServerConfigKeys (ConfUtils.java:logGet(46)) - raft.server.notification.no-leader.timeout = 2s (custom)
2024-02-27 07:52:22,078 [omNode-1-groupManagement] INFO  server.RaftServerConfigKeys (ConfUtils.java:logGet(46)) - raft.server.read.timeout = 10s (default)
2024-02-27 07:52:22,078 [omNode-1-groupManagement] INFO  server.RaftServerConfigKeys (ConfUtils.java:logGet(46)) - raft.server.retrycache.expirytime = 30000ms (custom)
2024-02-27 07:52:22,078 [omNode-1-groupManagement] INFO  server.RaftServerConfigKeys (ConfUtils.java:logGet(46)) - raft.server.retrycache.statistics.expirytime = 100ms (default)
2024-02-27 07:52:22,078 [omNode-1-groupManagement] INFO  server.RaftServerConfigKeys (ConfUtils.java:logGet(46)) - raft.server.read.option = DEFAULT (default)
2024-02-27 07:52:22,078 [omNode-1-groupManagement] INFO  server.RaftServerConfigKeys (ConfUtils.java:logGet(46)) - raft.server.read.read-after-write-consistent.write-index-cache.expiry-time = 60s (default)
2024-02-27 07:52:22,079 [omNode-1-groupManagement] INFO  server.RaftServerConfigKeys (ConfUtils.java:logGet(46)) - raft.server.rpc.request.timeout = 3000ms (default)
2024-02-27 07:52:22,079 [omNode-1-groupManagement] INFO  server.RaftServerConfigKeys (ConfUtils.java:logGet(46)) - raft.server.log.appender.install.snapshot.enabled = false (custom)
2024-02-27 07:52:22,079 [omNode-1-groupManagement] INFO  server.RaftServerConfigKeys (ConfUtils.java:logGet(46)) - raft.server.threadpool.server.cached = true (default)
2024-02-27 07:52:22,079 [omNode-1-groupManagement] INFO  server.RaftServerConfigKeys (ConfUtils.java:logGet(46)) - raft.server.threadpool.server.size = 0 (default)
2024-02-27 07:52:22,079 [omNode-1-groupManagement] INFO  server.RaftServerConfigKeys (ConfUtils.java:logGet(46)) - raft.server.threadpool.client.cached = true (default)
2024-02-27 07:52:22,079 [omNode-1-groupManagement] INFO  server.RaftServerConfigKeys (ConfUtils.java:logGet(46)) - raft.server.threadpool.client.size = 0 (default)
2024-02-27 07:52:22,079 [omNode-1-impl-thread1] INFO  server.RaftServerConfigKeys (ConfUtils.java:logGet(46)) - raft.server.storage.free-space.min = 0MB (=0) (default)
2024-02-27 07:52:22,079 [omNode-1-impl-thread1] INFO  server.RaftServerConfigKeys (ConfUtils.java:logGet(46)) - raft.server.log.corruption.policy = EXCEPTION (default)
2024-02-27 07:52:22,079 [omNode-1-impl-thread1] INFO  server.RaftServerConfigKeys (ConfUtils.java:logGet(46)) - raft.server.storage.dir = [/home/runner/work/ozone/ozone/hadoop-ozone/integration-test/target/test-dir/MiniOzoneClusterImpl-4c9fddb8-14cc-4d18-9561-dc95ff2af5f2/omNode-1/ratis] (custom)
2024-02-27 07:52:22,081 [omNode-1-impl-thread1] INFO  storage.RaftStorageDirectory (RaftStorageDirectoryImpl.java:tryLock(228)) - Lock on /home/runner/work/ozone/ozone/hadoop-ozone/integration-test/target/test-dir/MiniOzoneClusterImpl-4c9fddb8-14cc-4d18-9561-dc95ff2af5f2/omNode-1/ratis/c9bc4cf4-3bc3-3c60-a66b-523986131536/in_use.lock acquired by nodename 40924@fv-az699-61
2024-02-27 07:52:22,081 [omNode-1-impl-thread1] INFO  storage.RaftStorage (RaftStorageImpl.java:analyzeAndRecoverStorage(119)) - Read RaftStorageMetadata{term=1, votedFor=omNode-1} from /home/runner/work/ozone/ozone/hadoop-ozone/integration-test/target/test-dir/MiniOzoneClusterImpl-4c9fddb8-14cc-4d18-9561-dc95ff2af5f2/omNode-1/ratis/c9bc4cf4-3bc3-3c60-a66b-523986131536/current/raft-meta
2024-02-27 07:52:22,082 [omNode-1-impl-thread1] INFO  server.RaftServer$Division (ServerState.java:setRaftConf(386)) - omNode-1@group-523986131536: set configuration 0: peers:[omNode-3|localhost:15230, omNode-1|localhost:15222, omNode-2|localhost:15226]|listeners:[], old=null
2024-02-27 07:52:22,082 [omNode-1-impl-thread1] INFO  server.RaftServerConfigKeys (ConfUtils.java:logGet(46)) - raft.server.log.use.memory = false (default)
2024-02-27 07:52:22,082 [omNode-1-impl-thread1] INFO  server.RaftServerConfigKeys (ConfUtils.java:logGet(46)) - raft.server.log.purge.gap = 50 (custom)
2024-02-27 07:52:22,082 [omNode-1-impl-thread1] INFO  server.RaftServerConfigKeys (ConfUtils.java:logGet(46)) - raft.server.log.appender.buffer.byte-limit = 4194304 (custom)
2024-02-27 07:52:22,082 [omNode-1-impl-thread1] INFO  server.RaftServerConfigKeys (ConfUtils.java:logGet(46)) - raft.server.log.statemachine.data.read.timeout = 1000ms (default)
2024-02-27 07:52:22,082 [omNode-1-impl-thread1] INFO  server.RaftServerConfigKeys (ConfUtils.java:logGet(46)) - raft.server.log.purge.preservation.log.num = 0 (default)
2024-02-27 07:52:22,083 [omNode-1-impl-thread1] INFO  server.RaftServerConfigKeys (ConfUtils.java:logGet(46)) - raft.server.log.segment.size.max = 4194304 (custom)
2024-02-27 07:52:22,083 [omNode-1-impl-thread1] INFO  server.RaftServerConfigKeys (ConfUtils.java:logGet(46)) - raft.server.log.segment.cache.num.max = 2 (custom)
2024-02-27 07:52:22,083 [omNode-1-impl-thread1] INFO  server.RaftServerConfigKeys (ConfUtils.java:logGet(46)) - raft.server.log.segment.cache.size.max = 200MB (=209715200) (default)
2024-02-27 07:52:22,083 [omNode-1-impl-thread1] INFO  server.RaftServerConfigKeys (ConfUtils.java:logGet(46)) - raft.server.log.appender.buffer.byte-limit = 4194304 (custom)
2024-02-27 07:52:22,084 [omNode-1-impl-thread1] INFO  util.AwaitToRun (AwaitToRun.java:start(81)) - Thread[omNode-1@group-523986131536-cacheEviction-AwaitToRun,5,main] started
2024-02-27 07:52:22,084 [omNode-1-impl-thread1] INFO  segmented.SegmentedRaftLogWorker (SegmentedRaftLogWorker.java:<init>(182)) - new omNode-1@group-523986131536-SegmentedRaftLogWorker for RaftStorageImpl:Storage Directory /home/runner/work/ozone/ozone/hadoop-ozone/integration-test/target/test-dir/MiniOzoneClusterImpl-4c9fddb8-14cc-4d18-9561-dc95ff2af5f2/omNode-1/ratis/c9bc4cf4-3bc3-3c60-a66b-523986131536
2024-02-27 07:52:22,084 [omNode-1-impl-thread1] INFO  server.RaftServerConfigKeys (ConfUtils.java:logGet(46)) - raft.server.log.queue.byte-limit = 64MB (=67108864) (default)
2024-02-27 07:52:22,084 [omNode-1-impl-thread1] INFO  server.RaftServerConfigKeys (ConfUtils.java:logGet(46)) - raft.server.log.queue.element-limit = 4096 (default)
2024-02-27 07:52:22,084 [omNode-1-impl-thread1] INFO  server.RaftServerConfigKeys (ConfUtils.java:logGet(46)) - raft.server.log.segment.size.max = 4194304 (custom)
2024-02-27 07:52:22,084 [omNode-1-impl-thread1] INFO  server.RaftServerConfigKeys (ConfUtils.java:logGet(46)) - raft.server.log.preallocated.size = 4194304 (custom)
2024-02-27 07:52:22,085 [omNode-1-impl-thread1] INFO  server.RaftServerConfigKeys (ConfUtils.java:logGet(46)) - raft.server.log.force.sync.num = 128 (default)
2024-02-27 07:52:22,085 [omNode-1-impl-thread1] INFO  server.RaftServerConfigKeys (ConfUtils.java:logGet(46)) - raft.server.log.statemachine.data.sync = true (default)
2024-02-27 07:52:22,085 [omNode-1-impl-thread1] INFO  server.RaftServerConfigKeys (ConfUtils.java:logGet(46)) - raft.server.log.statemachine.data.sync.timeout = 10s (default)
2024-02-27 07:52:22,085 [omNode-1-impl-thread1] INFO  server.RaftServerConfigKeys (ConfUtils.java:logGet(46)) - raft.server.log.statemachine.data.sync.timeout.retry = -1 (default)
2024-02-27 07:52:22,085 [omNode-1-impl-thread1] INFO  server.RaftServerConfigKeys (ConfUtils.java:logGet(46)) - raft.server.log.write.buffer.size = 4194312 (custom)
2024-02-27 07:52:22,086 [omNode-1-impl-thread1] INFO  server.RaftServerConfigKeys (ConfUtils.java:logGet(46)) - raft.server.log.appender.buffer.byte-limit = 4194304 (custom)
2024-02-27 07:52:22,086 [omNode-1-impl-thread1] INFO  server.RaftServerConfigKeys (ConfUtils.java:logGet(46)) - raft.server.log.unsafe-flush.enabled = false (default)
2024-02-27 07:52:22,086 [omNode-1-impl-thread1] INFO  server.RaftServerConfigKeys (ConfUtils.java:logGet(46)) - raft.server.log.async-flush.enabled = false (default)
2024-02-27 07:52:22,086 [omNode-1-impl-thread1] INFO  server.RaftServerConfigKeys (ConfUtils.java:logGet(46)) - raft.server.log.statemachine.data.caching.enabled = false (default)
2024-02-27 07:52:22,086 [omNode-1-impl-thread1] INFO  server.RaftServer$Division (ServerState.java:setRaftConf(386)) - omNode-1@group-523986131536: set configuration 0: peers:[omNode-3|localhost:15230, omNode-1|localhost:15222, omNode-2|localhost:15226]|listeners:[], old=null
2024-02-27 07:52:22,087 [omNode-1-impl-thread1] INFO  segmented.LogSegment (LogSegment.java:loadSegment(170)) - Successfully read 53 entries from segment file /home/runner/work/ozone/ozone/hadoop-ozone/integration-test/target/test-dir/MiniOzoneClusterImpl-4c9fddb8-14cc-4d18-9561-dc95ff2af5f2/omNode-1/ratis/c9bc4cf4-3bc3-3c60-a66b-523986131536/current/log_inprogress_0
2024-02-27 07:52:22,087 [omNode-1-impl-thread1] INFO  segmented.SegmentedRaftLogWorker (SegmentedRaftLogWorker.java:lambda$new$0(134)) - omNode-1@group-523986131536-SegmentedRaftLogWorker: flushIndex: setUnconditionally 0 -> 52
2024-02-27 07:52:22,087 [omNode-1-impl-thread1] INFO  segmented.SegmentedRaftLogWorker (SegmentedRaftLogWorker.java:lambda$new$0(134)) - omNode-1@group-523986131536-SegmentedRaftLogWorker: safeCacheEvictIndex: setUnconditionally 0 -> -1
2024-02-27 07:52:22,087 [omNode-1-impl-thread1] INFO  segmented.BufferedWriteChannel (BufferedWriteChannel.java:open(62)) - open log_inprogress_0 (append) at position 16791
2024-02-27 07:52:22,087 [omNode-1-impl-thread1] INFO  server.RaftServer$Division (RaftServerImpl.java:start(396)) - omNode-1@group-523986131536: start as a follower, conf=0: peers:[omNode-3|localhost:15230, omNode-1|localhost:15222, omNode-2|localhost:15226]|listeners:[], old=null
2024-02-27 07:52:22,087 [omNode-1-impl-thread1] INFO  server.RaftServer$Division (RaftServerImpl.java:setRole(383)) - omNode-1@group-523986131536: changes role from      null to FOLLOWER at term 1 for startAsFollower
2024-02-27 07:52:22,087 [omNode-1-impl-thread1] INFO  impl.RoleInfo (RoleInfo.java:updateAndGet(139)) - omNode-1: start omNode-1@group-523986131536-FollowerState
2024-02-27 07:52:22,088 [omNode-1-impl-thread1] INFO  util.JmxRegister (JmxRegister.java:tryRegister(44)) - Successfully registered JMX Bean with object name Ratis:service=RaftServer,group=group-523986131536,id=omNode-1
2024-02-27 07:52:22,088 [omNode-1@group-523986131536-FollowerState] INFO  server.RaftServerConfigKeys (ConfUtils.java:logFallback(53)) - raft.server.rpc.first-election.timeout.min = 1s (fallback to raft.server.rpc.timeout.min)
2024-02-27 07:52:22,088 [omNode-1-impl-thread1] INFO  server.RaftServerConfigKeys (ConfUtils.java:logGet(46)) - raft.server.snapshot.trigger-when-stop.enabled = true (default)
2024-02-27 07:52:22,088 [omNode-1@group-523986131536-FollowerState] INFO  server.RaftServerConfigKeys (ConfUtils.java:logFallback(53)) - raft.server.rpc.first-election.timeout.max = 1200ms (fallback to raft.server.rpc.timeout.max)
2024-02-27 07:52:22,088 [omNode-1-impl-thread1] INFO  server.RaftServerConfigKeys (ConfUtils.java:logGet(46)) - raft.server.snapshot.auto.trigger.enabled = true (custom)
2024-02-27 07:52:22,088 [omNode-1-impl-thread1] INFO  server.RaftServerConfigKeys (ConfUtils.java:logGet(46)) - raft.server.snapshot.auto.trigger.threshold = 50 (custom)
2024-02-27 07:52:22,088 [omNode-1-impl-thread1] INFO  server.RaftServerConfigKeys (ConfUtils.java:logGet(46)) - raft.server.snapshot.retention.file.num = -1 (default)
2024-02-27 07:52:22,088 [omNode-1-impl-thread1] INFO  server.RaftServerConfigKeys (ConfUtils.java:logGet(46)) - raft.server.log.purge.upto.snapshot.index = true (custom)
2024-02-27 07:52:22,088 [main] INFO  server.RaftServer (RaftServerProxy.java:startImpl(406)) - omNode-1: start RPC server
2024-02-27 07:52:22,089 [main] INFO  server.GrpcService (GrpcService.java:startImpl(302)) - omNode-1: GrpcService started, listening on 15222
2024-02-27 07:52:22,090 [main] INFO  om.OzoneManager (OzoneManager.java:getRpcServer(1206)) - Creating RPC Server
2024-02-27 07:52:22,090 [JvmPauseMonitor67] INFO  util.JvmPauseMonitor (JvmPauseMonitor.java:run(146)) - JvmPauseMonitor-omNode-1: Started
2024-02-27 07:52:22,263 [main] INFO  ipc.CallQueueManager (CallQueueManager.java:<init>(90)) - Using callQueue: class java.util.concurrent.LinkedBlockingQueue, queueCapacity: 2000, scheduler: class org.apache.hadoop.ipc.DefaultRpcScheduler, ipcBackoff: false.
2024-02-27 07:52:22,264 [main] INFO  ipc.Server (Server.java:<init>(1287)) - Listener at localhost:15219
2024-02-27 07:52:22,264 [Socket Reader #1 for port 15219] INFO  ipc.Server (Server.java:run(1323)) - Starting Socket Reader #1 for port 15219
2024-02-27 07:52:22,266 [main] INFO  http.BaseHttpServer (BaseHttpServer.java:newHttpServer2BuilderForOzone(223)) - Starting Web-server for ozoneManager at: http://0.0.0.0:15220
2024-02-27 07:52:22,267 [main] INFO  http.BaseHttpServer (BaseHttpServer.java:<init>(110)) - Hadoop Security Enabled: false Ozone Security Enabled: false Ozone HTTP Security Enabled: false 
2024-02-27 07:52:22,267 [main] WARN  server.AuthenticationFilter (AuthenticationFilter.java:constructSecretProvider(240)) - Unable to initialize FileSignerSecretProvider, falling back to use random secrets. Reason: Could not read signature secret file: /home/runner/hadoop-http-auth-signature-secret
2024-02-27 07:52:22,268 [main] INFO  http.HttpRequestLog (HttpRequestLog.java:getRequestLog(86)) - Http request log for http.requests.ozoneManager is not defined
2024-02-27 07:52:22,268 [main] INFO  http.HttpServer2 (HttpServer2.java:addGlobalFilter(1036)) - Added global filter 'safety' (class=org.apache.hadoop.hdds.server.http.HttpServer2$QuotingInputFilter)
2024-02-27 07:52:22,269 [main] INFO  http.HttpServer2 (HttpServer2.java:addFilter(1012)) - Added filter static_user_filter (class=org.apache.hadoop.http.lib.StaticUserWebFilter$StaticUserFilter) to context ozoneManager
2024-02-27 07:52:22,269 [main] INFO  http.HttpServer2 (HttpServer2.java:addFilter(1020)) - Added filter static_user_filter (class=org.apache.hadoop.http.lib.StaticUserWebFilter$StaticUserFilter) to context static
2024-02-27 07:52:22,269 [main] INFO  http.HttpServer2 (HttpServer2.java:addFilter(1020)) - Added filter static_user_filter (class=org.apache.hadoop.http.lib.StaticUserWebFilter$StaticUserFilter) to context logs
2024-02-27 07:52:22,269 [main] INFO  http.BaseHttpServer (BaseHttpServer.java:<init>(189)) - HTTP server of ozoneManager uses base directory /home/runner/work/ozone/ozone/hadoop-ozone/integration-test/target/test-dir/MiniOzoneClusterImpl-4c9fddb8-14cc-4d18-9561-dc95ff2af5f2/omNode-1/webserver
2024-02-27 07:52:22,270 [main] INFO  http.HttpServer2 (HttpServer2.java:bindListener(1236)) - Jetty bound to port 15220
2024-02-27 07:52:22,270 [main] INFO  server.Server (Server.java:doStart(375)) - jetty-9.4.53.v20231009; built: 2023-10-09T12:29:09.265Z; git: 27bde00a0b95a1d5bbee0eae7984f891d2d0f8c9; jvm 1.8.0_402-b06
2024-02-27 07:52:22,270 [main] INFO  server.session (DefaultSessionIdManager.java:doStart(334)) - DefaultSessionIdManager workerName=node0
2024-02-27 07:52:22,271 [main] INFO  server.session (DefaultSessionIdManager.java:doStart(339)) - No SessionScavenger set, using defaults
2024-02-27 07:52:22,271 [main] INFO  server.session (HouseKeeper.java:startScavenging(132)) - node0 Scavenging every 600000ms
2024-02-27 07:52:22,271 [main] INFO  handler.ContextHandler (ContextHandler.java:doStart(921)) - Started o.e.j.s.ServletContextHandler@23cf9693{logs,/logs,file:///home/runner/work/ozone/ozone/hadoop-ozone/integration-test/target/log,AVAILABLE}
2024-02-27 07:52:22,272 [main] INFO  handler.ContextHandler (ContextHandler.java:doStart(921)) - Started o.e.j.s.ServletContextHandler@18e2812b{static,/static,file:///home/runner/work/ozone/ozone/hadoop-ozone/integration-test/target/test-classes/webapps/static,AVAILABLE}
2024-02-27 07:52:22,273 [main] INFO  handler.ContextHandler (ContextHandler.java:doStart(921)) - Started o.e.j.w.WebAppContext@3f1b7e41{ozoneManager,/,file:///home/runner/work/ozone/ozone/hadoop-ozone/integration-test/target/test-classes/webapps/ozoneManager/,AVAILABLE}{file:/home/runner/work/ozone/ozone/hadoop-ozone/integration-test/target/test-classes/webapps/ozoneManager}
2024-02-27 07:52:22,274 [main] INFO  server.AbstractConnector (AbstractConnector.java:doStart(333)) - Started ServerConnector@233f26ac{HTTP/1.1, (http/1.1)}{0.0.0.0:15220}
2024-02-27 07:52:22,274 [main] INFO  server.Server (Server.java:doStart(415)) - Started @824982ms
2024-02-27 07:52:22,274 [main] WARN  impl.MetricsSystemImpl (MetricsSystemImpl.java:register(279)) - Sink prometheus already exists!
2024-02-27 07:52:22,274 [main] INFO  http.BaseHttpServer (BaseHttpServer.java:updateConnectorAddress(354)) - HTTP server of ozoneManager listening at http://0.0.0.0:15220
2024-02-27 07:52:22,275 [IPC Server listener on 15219] INFO  ipc.Server (Server.java:run(1402)) - IPC Server listener on 15219: starting
2024-02-27 07:52:22,275 [IPC Server Responder] INFO  ipc.Server (Server.java:run(1562)) - IPC Server Responder: starting
2024-02-27 07:52:22,286 [main] INFO  om.OzoneManager (OzoneManager.java:startTrashEmptier(2093)) - Trash Interval set to 0. Files deleted won't move to trash
2024-02-27 07:52:22,286 [main] INFO  om.OzoneManager (OzoneManager.java:restart(1710)) - OzoneManager RPC server is listening at localhost/127.0.0.1:15223
2024-02-27 07:52:22,286 [main] INFO  impl.MetricsSystemImpl (MetricsSystemImpl.java:init(158)) - OzoneManager metrics system started (again)
2024-02-27 07:52:22,294 [main] WARN  server.ServerUtils (ServerUtils.java:getDBPath(299)) - ozone.om.db.dirs is not configured. We recommend adding this setting. Falling back to ozone.metadata.dirs instead.
2024-02-27 07:52:22,295 [main] INFO  helpers.OmKeyInfo (OmKeyInfo.java:getCodec(71)) - OmKeyInfo.getCodec ignorePipeline = true
2024-02-27 07:52:22,328 [main] INFO  om.OzoneManager (OzoneManager.java:instantiateServices(804)) - S3 Multi-Tenancy is disabled
2024-02-27 07:52:22,328 [main] INFO  om.OmSnapshotManager (OmSnapshotManager.java:<init>(177)) - Ozone filesystem snapshot feature is enabled.
2024-02-27 07:52:22,328 [main] WARN  server.ServerUtils (ServerUtils.java:getDBPath(299)) - ozone.om.snapshot.diff.db.dir is not configured. We recommend adding this setting. Falling back to ozone.metadata.dirs instead.
2024-02-27 07:52:22,339 [main] INFO  utils.NativeLibraryLoader (NativeLibraryLoader.java:loadLibrary(108)) - Loading Library: ozone_rocksdb_tools
2024-02-27 07:52:22,339 [main] ERROR snapshot.SnapshotDiffManager (SnapshotDiffManager.java:initNativeLibraryForEfficientDiff(287)) - Native Library for raw sst file reading loading failed.
org.apache.hadoop.hdds.utils.NativeLibraryNotLoadedException: Unable to load library ozone_rocksdb_tools from both java.library.path & resource file libozone_rocksdb_tools.so from jar.
	at org.apache.hadoop.hdds.utils.db.managed.ManagedRawSSTFileReader.loadLibrary(ManagedRawSSTFileReader.java:38)
	at org.apache.hadoop.ozone.om.snapshot.SnapshotDiffManager.initNativeLibraryForEfficientDiff(SnapshotDiffManager.java:285)
	at org.apache.hadoop.ozone.om.snapshot.SnapshotDiffManager.<init>(SnapshotDiffManager.java:259)
	at org.apache.hadoop.ozone.om.OmSnapshotManager.<init>(OmSnapshotManager.java:279)
	at org.apache.hadoop.ozone.om.OzoneManager.instantiateServices(OzoneManager.java:856)
	at org.apache.hadoop.ozone.om.OzoneManager.restart(OzoneManager.java:1715)
	at org.apache.hadoop.ozone.MiniOzoneHAClusterImpl.restartOzoneManager(MiniOzoneHAClusterImpl.java:211)
	at org.apache.hadoop.ozone.om.TestOzoneManagerPrepare.resetCluster(TestOzoneManagerPrepare.java:113)
	at sun.reflect.NativeMethodAccessorImpl.invoke0(Native Method)
	at sun.reflect.NativeMethodAccessorImpl.invoke(NativeMethodAccessorImpl.java:62)
	at sun.reflect.DelegatingMethodAccessorImpl.invoke(DelegatingMethodAccessorImpl.java:43)
	at java.lang.reflect.Method.invoke(Method.java:498)
	at org.junit.platform.commons.util.ReflectionUtils.invokeMethod(ReflectionUtils.java:728)
	at org.junit.jupiter.engine.execution.MethodInvocation.proceed(MethodInvocation.java:60)
	at org.junit.jupiter.engine.execution.InvocationInterceptorChain$ValidatingInvocation.proceed(InvocationInterceptorChain.java:131)
	at org.junit.jupiter.engine.extension.TimeoutExtension.intercept(TimeoutExtension.java:156)
	at org.junit.jupiter.engine.extension.TimeoutExtension.interceptLifecycleMethod(TimeoutExtension.java:128)
	at org.junit.jupiter.engine.extension.TimeoutExtension.interceptAfterEachMethod(TimeoutExtension.java:110)
	at org.junit.jupiter.engine.execution.InterceptingExecutableInvoker$ReflectiveInterceptorCall.lambda$ofVoidMethod$0(InterceptingExecutableInvoker.java:103)
	at org.junit.jupiter.engine.execution.InterceptingExecutableInvoker.lambda$invoke$0(InterceptingExecutableInvoker.java:93)
	at org.junit.jupiter.engine.execution.InvocationInterceptorChain$InterceptedInvocation.proceed(InvocationInterceptorChain.java:106)
	at org.junit.jupiter.engine.execution.InvocationInterceptorChain.proceed(InvocationInterceptorChain.java:64)
	at org.junit.jupiter.engine.execution.InvocationInterceptorChain.chainAndInvoke(InvocationInterceptorChain.java:45)
	at org.junit.jupiter.engine.execution.InvocationInterceptorChain.invoke(InvocationInterceptorChain.java:37)
	at org.junit.jupiter.engine.execution.InterceptingExecutableInvoker.invoke(InterceptingExecutableInvoker.java:92)
	at org.junit.jupiter.engine.execution.InterceptingExecutableInvoker.invoke(InterceptingExecutableInvoker.java:86)
	at org.junit.jupiter.engine.descriptor.ClassBasedTestDescriptor.invokeMethodInExtensionContext(ClassBasedTestDescriptor.java:521)
	at org.junit.jupiter.engine.descriptor.ClassBasedTestDescriptor.lambda$synthesizeAfterEachMethodAdapter$24(ClassBasedTestDescriptor.java:511)
	at org.junit.jupiter.engine.descriptor.TestMethodTestDescriptor.lambda$invokeAfterEachMethods$10(TestMethodTestDescriptor.java:244)
	at org.junit.jupiter.engine.descriptor.TestMethodTestDescriptor.lambda$invokeAllAfterMethodsOrCallbacks$13(TestMethodTestDescriptor.java:277)
	at org.junit.platform.engine.support.hierarchical.ThrowableCollector.execute(ThrowableCollector.java:73)
	at org.junit.jupiter.engine.descriptor.TestMethodTestDescriptor.lambda$invokeAllAfterMethodsOrCallbacks$14(TestMethodTestDescriptor.java:277)
	at org.junit.platform.commons.util.CollectionUtils.forEachInReverseOrder(CollectionUtils.java:217)
	at org.junit.jupiter.engine.descriptor.TestMethodTestDescriptor.invokeAllAfterMethodsOrCallbacks(TestMethodTestDescriptor.java:276)
	at org.junit.jupiter.engine.descriptor.TestMethodTestDescriptor.invokeAfterEachMethods(TestMethodTestDescriptor.java:242)
	at org.junit.jupiter.engine.descriptor.TestMethodTestDescriptor.execute(TestMethodTestDescriptor.java:143)
	at org.junit.jupiter.engine.descriptor.TestMethodTestDescriptor.execute(TestMethodTestDescriptor.java:69)
	at org.junit.platform.engine.support.hierarchical.NodeTestTask.lambda$executeRecursively$6(NodeTestTask.java:151)
	at org.junit.platform.engine.support.hierarchical.ThrowableCollector.execute(ThrowableCollector.java:73)
	at org.junit.platform.engine.support.hierarchical.NodeTestTask.lambda$executeRecursively$8(NodeTestTask.java:141)
	at org.junit.platform.engine.support.hierarchical.Node.around(Node.java:137)
	at org.junit.platform.engine.support.hierarchical.NodeTestTask.lambda$executeRecursively$9(NodeTestTask.java:139)
	at org.junit.platform.engine.support.hierarchical.ThrowableCollector.execute(ThrowableCollector.java:73)
	at org.junit.platform.engine.support.hierarchical.NodeTestTask.executeRecursively(NodeTestTask.java:138)
	at org.junit.platform.engine.support.hierarchical.NodeTestTask.execute(NodeTestTask.java:95)
	at java.util.ArrayList.forEach(ArrayList.java:1259)
	at org.junit.platform.engine.support.hierarchical.SameThreadHierarchicalTestExecutorService.invokeAll(SameThreadHierarchicalTestExecutorService.java:41)
	at org.junit.platform.engine.support.hierarchical.NodeTestTask.lambda$executeRecursively$6(NodeTestTask.java:155)
	at org.junit.platform.engine.support.hierarchical.ThrowableCollector.execute(ThrowableCollector.java:73)
	at org.junit.platform.engine.support.hierarchical.NodeTestTask.lambda$executeRecursively$8(NodeTestTask.java:141)
	at org.junit.platform.engine.support.hierarchical.Node.around(Node.java:137)
	at org.junit.platform.engine.support.hierarchical.NodeTestTask.lambda$executeRecursively$9(NodeTestTask.java:139)
	at org.junit.platform.engine.support.hierarchical.ThrowableCollector.execute(ThrowableCollector.java:73)
	at org.junit.platform.engine.support.hierarchical.NodeTestTask.executeRecursively(NodeTestTask.java:138)
	at org.junit.platform.engine.support.hierarchical.NodeTestTask.execute(NodeTestTask.java:95)
	at java.util.ArrayList.forEach(ArrayList.java:1259)
	at org.junit.platform.engine.support.hierarchical.SameThreadHierarchicalTestExecutorService.invokeAll(SameThreadHierarchicalTestExecutorService.java:41)
	at org.junit.platform.engine.support.hierarchical.NodeTestTask.lambda$executeRecursively$6(NodeTestTask.java:155)
	at org.junit.platform.engine.support.hierarchical.ThrowableCollector.execute(ThrowableCollector.java:73)
	at org.junit.platform.engine.support.hierarchical.NodeTestTask.lambda$executeRecursively$8(NodeTestTask.java:141)
	at org.junit.platform.engine.support.hierarchical.Node.around(Node.java:137)
	at org.junit.platform.engine.support.hierarchical.NodeTestTask.lambda$executeRecursively$9(NodeTestTask.java:139)
	at org.junit.platform.engine.support.hierarchical.ThrowableCollector.execute(ThrowableCollector.java:73)
	at org.junit.platform.engine.support.hierarchical.NodeTestTask.executeRecursively(NodeTestTask.java:138)
	at org.junit.platform.engine.support.hierarchical.NodeTestTask.execute(NodeTestTask.java:95)
	at org.junit.platform.engine.support.hierarchical.SameThreadHierarchicalTestExecutorService.submit(SameThreadHierarchicalTestExecutorService.java:35)
	at org.junit.platform.engine.support.hierarchical.HierarchicalTestExecutor.execute(HierarchicalTestExecutor.java:57)
	at org.junit.platform.engine.support.hierarchical.HierarchicalTestEngine.execute(HierarchicalTestEngine.java:54)
	at org.junit.platform.launcher.core.EngineExecutionOrchestrator.execute(EngineExecutionOrchestrator.java:198)
	at org.junit.platform.launcher.core.EngineExecutionOrchestrator.execute(EngineExecutionOrchestrator.java:169)
	at org.junit.platform.launcher.core.EngineExecutionOrchestrator.execute(EngineExecutionOrchestrator.java:93)
	at org.junit.platform.launcher.core.EngineExecutionOrchestrator.lambda$execute$0(EngineExecutionOrchestrator.java:58)
	at org.junit.platform.launcher.core.EngineExecutionOrchestrator.withInterceptedStreams(EngineExecutionOrchestrator.java:141)
	at org.junit.platform.launcher.core.EngineExecutionOrchestrator.execute(EngineExecutionOrchestrator.java:57)
	at org.junit.platform.launcher.core.DefaultLauncher.execute(DefaultLauncher.java:103)
	at org.junit.platform.launcher.core.DefaultLauncher.execute(DefaultLauncher.java:85)
	at org.junit.platform.launcher.core.DelegatingLauncher.execute(DelegatingLauncher.java:47)
	at org.junit.platform.launcher.core.SessionPerRequestLauncher.execute(SessionPerRequestLauncher.java:63)
	at org.apache.maven.surefire.junitplatform.JUnitPlatformProvider.invokeAllTests(JUnitPlatformProvider.java:165)
	at org.apache.maven.surefire.junitplatform.JUnitPlatformProvider.invoke(JUnitPlatformProvider.java:124)
	at org.apache.maven.surefire.booter.ForkedBooter.runSuitesInProcess(ForkedBooter.java:428)
	at org.apache.maven.surefire.booter.ForkedBooter.execute(ForkedBooter.java:162)
	at org.apache.maven.surefire.booter.ForkedBooter.run(ForkedBooter.java:562)
	at org.apache.maven.surefire.booter.ForkedBooter.main(ForkedBooter.java:548)
2024-02-27 07:52:22,341 [main] WARN  om.OzoneManager (OzoneManager.java:instantiatePrepareStateOnStartup(4510)) - Prepare marker file index 52 does not match DB prepare index 51. Writing DB index to prepare file and maintaining prepared state.
2024-02-27 07:52:22,341 [main] INFO  om.OzoneManagerPrepareState (OzoneManagerPrepareState.java:writePrepareMarkerFile(262)) - Prepare marker file written with log index 51 to file /home/runner/work/ozone/ozone/hadoop-ozone/integration-test/target/test-dir/MiniOzoneClusterImpl-4c9fddb8-14cc-4d18-9561-dc95ff2af5f2/omNode-2/current/prepareMarker
2024-02-27 07:52:22,343 [main] WARN  dropwizard3.Dm3MetricRegistriesImpl (Dm3MetricRegistriesImpl.java:addReporterRegistration(113)) - New reporters are added after registries were created. Some metrics will be missing from the reporter. Please add reporter before adding any new registry.
2024-02-27 07:52:22,343 [main] WARN  dropwizard3.Dm3MetricRegistriesImpl (Dm3MetricRegistriesImpl.java:addReporterRegistration(113)) - New reporters are added after registries were created. Some metrics will be missing from the reporter. Please add reporter before adding any new registry.
2024-02-27 07:52:22,343 [main] WARN  server.ServerUtils (ServerUtils.java:getDefaultRatisDirectory(311)) - Storage directory for Ratis is not configured. It is a good idea to map this to an SSD disk. Falling back to ozone.metadata.dirs
2024-02-27 07:52:22,344 [main] INFO  ratis.OzoneManagerRatisServer (OzoneManagerRatisServer.java:<init>(167)) - Instantiating OM Ratis server with groupID: om-service-test1 and peers: localhost:15226, localhost:15230, localhost:15222
2024-02-27 07:52:22,345 [main] INFO  ratis.OzoneManagerStateMachine (OzoneManagerStateMachine.java:loadSnapshotInfoFromDB(574)) - LastAppliedIndex is set from TransactionInfo from OM DB as (t:1, i:52)
2024-02-27 07:52:22,345 [main] INFO  server.RaftServer (ConfUtils.java:logGet(46)) - raft.rpc.type = GRPC (default)
2024-02-27 07:52:22,345 [main] INFO  grpc.GrpcConfigKeys (ConfUtils.java:logFallback(53)) - raft.grpc.admin.host = null (fallback to raft.grpc.server.host)
2024-02-27 07:52:22,345 [main] INFO  grpc.GrpcConfigKeys (ConfUtils.java:logFallback(53)) - raft.grpc.admin.port = 15226 (fallback to raft.grpc.server.port)
2024-02-27 07:52:22,345 [main] INFO  grpc.GrpcConfigKeys (ConfUtils.java:logFallback(53)) - raft.grpc.client.host = null (fallback to raft.grpc.server.host)
2024-02-27 07:52:22,346 [main] INFO  grpc.GrpcConfigKeys (ConfUtils.java:logFallback(53)) - raft.grpc.client.port = 15226 (fallback to raft.grpc.server.port)
2024-02-27 07:52:22,346 [main] INFO  grpc.GrpcConfigKeys (ConfUtils.java:logGet(46)) - raft.grpc.server.host = null (default)
2024-02-27 07:52:22,346 [main] INFO  grpc.GrpcConfigKeys (ConfUtils.java:logGet(46)) - raft.grpc.server.port = 15226 (custom)
2024-02-27 07:52:22,346 [main] INFO  server.GrpcService (ConfUtils.java:logGet(46)) - raft.grpc.message.size.max = 4194304 (custom)
2024-02-27 07:52:22,346 [main] INFO  server.RaftServerConfigKeys (ConfUtils.java:logGet(46)) - raft.server.log.appender.buffer.byte-limit = 4194304 (custom)
2024-02-27 07:52:22,346 [main] INFO  server.GrpcService (ConfUtils.java:logGet(46)) - raft.grpc.flow.control.window = 1MB (=1048576) (default)
2024-02-27 07:52:22,347 [main] INFO  server.RaftServerConfigKeys (ConfUtils.java:logGet(46)) - raft.server.rpc.request.timeout = 3000ms (default)
2024-02-27 07:52:22,347 [main] INFO  grpc.GrpcConfigKeys (ConfUtils.java:logGet(46)) - raft.grpc.server.heartbeat.channel = true (default)
2024-02-27 07:52:22,347 [main] INFO  grpc.GrpcConfigKeys (ConfUtils.java:logGet(46)) - raft.grpc.server.async.request.thread.pool.cached = true (default)
2024-02-27 07:52:22,347 [main] INFO  grpc.GrpcConfigKeys (ConfUtils.java:logGet(46)) - raft.grpc.server.async.request.thread.pool.size = 32 (default)
2024-02-27 07:52:22,348 [main] INFO  impl.DataStreamServerImpl (ConfUtils.java:logGet(46)) - raft.datastream.type = DISABLED (default)
2024-02-27 07:52:22,348 [main] INFO  server.RaftServerConfigKeys (ConfUtils.java:logGet(46)) - raft.server.sleep.deviation.threshold = 300ms (default)
2024-02-27 07:52:22,348 [main] INFO  server.RaftServerConfigKeys (ConfUtils.java:logGet(46)) - raft.server.close.threshold = 60s (default)
2024-02-27 07:52:22,349 [main] INFO  server.RaftServerConfigKeys (ConfUtils.java:logGet(46)) - raft.server.leaderelection.leader.step-down.wait-time = 10s (default)
2024-02-27 07:52:22,349 [main] INFO  server.RaftServerConfigKeys (ConfUtils.java:logGet(46)) - raft.server.storage.dir = [/home/runner/work/ozone/ozone/hadoop-ozone/integration-test/target/test-dir/MiniOzoneClusterImpl-4c9fddb8-14cc-4d18-9561-dc95ff2af5f2/omNode-2/ratis] (custom)
2024-02-27 07:52:22,349 [main] INFO  server.RaftServerConfigKeys (ConfUtils.java:logGet(46)) - raft.server.threadpool.proxy.cached = true (default)
2024-02-27 07:52:22,349 [main] INFO  server.RaftServerConfigKeys (ConfUtils.java:logGet(46)) - raft.server.threadpool.proxy.size = 0 (default)
2024-02-27 07:52:22,349 [omNode-2-impl-thread1] INFO  server.RaftServer (RaftServerProxy.java:initGroupDir(264)) - omNode-2: found a subdirectory /home/runner/work/ozone/ozone/hadoop-ozone/integration-test/target/test-dir/MiniOzoneClusterImpl-4c9fddb8-14cc-4d18-9561-dc95ff2af5f2/omNode-2/ratis/c9bc4cf4-3bc3-3c60-a66b-523986131536
2024-02-27 07:52:22,350 [main] INFO  server.RaftServer (RaftServerProxy.java:addNew(100)) - omNode-2: addNew group-523986131536:[omNode-3|localhost:15230, omNode-1|localhost:15222, omNode-2|localhost:15226] returns group-523986131536:java.util.concurrent.CompletableFuture@3ea1c553[Not completed]
2024-02-27 07:52:22,350 [main] INFO  om.OzoneManager (OzoneManager.java:initializeRatisServer(2140)) - OzoneManager Ratis server initialized at port 15226
2024-02-27 07:52:22,350 [main] INFO  ratis.OzoneManagerRatisServer (OzoneManagerRatisServer.java:start(588)) - Starting OzoneManagerRatisServer omNode-2 at port 15226
2024-02-27 07:52:22,350 [omNode-2-groupManagement] INFO  server.RaftServer$Division (RaftServerImpl.java:<init>(256)) - omNode-2: new RaftServerImpl for group-523986131536:[omNode-3|localhost:15230, omNode-1|localhost:15222, omNode-2|localhost:15226] with OzoneManagerStateMachine:uninitialized
2024-02-27 07:52:22,350 [omNode-2-groupManagement] INFO  server.RaftServerConfigKeys (ConfUtils.java:logGet(46)) - raft.server.rpc.timeout.min = 1s (custom)
2024-02-27 07:52:22,350 [omNode-2-groupManagement] INFO  server.RaftServerConfigKeys (ConfUtils.java:logGet(46)) - raft.server.rpc.timeout.max = 1200ms (custom)
2024-02-27 07:52:22,350 [omNode-2-groupManagement] INFO  server.RaftServerConfigKeys (ConfUtils.java:logGet(46)) - raft.server.rpc.sleep.time = 25ms (default)
2024-02-27 07:52:22,350 [omNode-2-groupManagement] INFO  server.RaftServerConfigKeys (ConfUtils.java:logGet(46)) - raft.server.rpc.slowness.timeout = 2s (custom)
2024-02-27 07:52:22,350 [omNode-2-groupManagement] INFO  server.RaftServerConfigKeys (ConfUtils.java:logGet(46)) - raft.server.leaderelection.leader.step-down.wait-time = 10s (default)
2024-02-27 07:52:22,350 [omNode-2-groupManagement] INFO  server.RaftServerConfigKeys (ConfUtils.java:logGet(46)) - raft.server.leaderelection.member.majority-add = false (default)
2024-02-27 07:52:22,351 [omNode-2-groupManagement] INFO  server.RaftServerConfigKeys (ConfUtils.java:logGet(46)) - raft.server.sleep.deviation.threshold = 300ms (default)
2024-02-27 07:52:22,351 [omNode-2-groupManagement] INFO  server.RaftServer$Division (ServerState.java:<init>(113)) - omNode-2@group-523986131536: ConfigurationManager, init=-1: peers:[omNode-3|localhost:15230, omNode-1|localhost:15222, omNode-2|localhost:15226]|listeners:[], old=null, confs=<EMPTY_MAP>
2024-02-27 07:52:22,351 [omNode-2-groupManagement] INFO  server.RaftServerConfigKeys (ConfUtils.java:logGet(46)) - raft.server.notification.no-leader.timeout = 2s (custom)
2024-02-27 07:52:22,351 [omNode-2-groupManagement] INFO  server.RaftServerConfigKeys (ConfUtils.java:logGet(46)) - raft.server.read.timeout = 10s (default)
2024-02-27 07:52:22,351 [omNode-2-groupManagement] INFO  server.RaftServerConfigKeys (ConfUtils.java:logGet(46)) - raft.server.retrycache.expirytime = 30000ms (custom)
2024-02-27 07:52:22,351 [omNode-2-groupManagement] INFO  server.RaftServerConfigKeys (ConfUtils.java:logGet(46)) - raft.server.retrycache.statistics.expirytime = 100ms (default)
2024-02-27 07:52:22,351 [omNode-2-groupManagement] INFO  server.RaftServerConfigKeys (ConfUtils.java:logGet(46)) - raft.server.read.option = DEFAULT (default)
2024-02-27 07:52:22,351 [omNode-2-groupManagement] INFO  server.RaftServerConfigKeys (ConfUtils.java:logGet(46)) - raft.server.read.read-after-write-consistent.write-index-cache.expiry-time = 60s (default)
2024-02-27 07:52:22,352 [omNode-2-groupManagement] INFO  server.RaftServerConfigKeys (ConfUtils.java:logGet(46)) - raft.server.rpc.request.timeout = 3000ms (default)
2024-02-27 07:52:22,352 [omNode-2-groupManagement] INFO  server.RaftServerConfigKeys (ConfUtils.java:logGet(46)) - raft.server.log.appender.install.snapshot.enabled = false (custom)
2024-02-27 07:52:22,353 [omNode-2-groupManagement] INFO  server.RaftServerConfigKeys (ConfUtils.java:logGet(46)) - raft.server.threadpool.server.cached = true (default)
2024-02-27 07:52:22,353 [omNode-2-groupManagement] INFO  server.RaftServerConfigKeys (ConfUtils.java:logGet(46)) - raft.server.threadpool.server.size = 0 (default)
2024-02-27 07:52:22,353 [omNode-2-groupManagement] INFO  server.RaftServerConfigKeys (ConfUtils.java:logGet(46)) - raft.server.threadpool.client.cached = true (default)
2024-02-27 07:52:22,353 [omNode-2-groupManagement] INFO  server.RaftServerConfigKeys (ConfUtils.java:logGet(46)) - raft.server.threadpool.client.size = 0 (default)
2024-02-27 07:52:22,353 [omNode-2-impl-thread1] INFO  server.RaftServerConfigKeys (ConfUtils.java:logGet(46)) - raft.server.storage.free-space.min = 0MB (=0) (default)
2024-02-27 07:52:22,353 [omNode-2-impl-thread1] INFO  server.RaftServerConfigKeys (ConfUtils.java:logGet(46)) - raft.server.log.corruption.policy = EXCEPTION (default)
2024-02-27 07:52:22,353 [omNode-2-impl-thread1] INFO  server.RaftServerConfigKeys (ConfUtils.java:logGet(46)) - raft.server.storage.dir = [/home/runner/work/ozone/ozone/hadoop-ozone/integration-test/target/test-dir/MiniOzoneClusterImpl-4c9fddb8-14cc-4d18-9561-dc95ff2af5f2/omNode-2/ratis] (custom)
2024-02-27 07:52:22,354 [omNode-2-impl-thread1] INFO  storage.RaftStorageDirectory (RaftStorageDirectoryImpl.java:tryLock(228)) - Lock on /home/runner/work/ozone/ozone/hadoop-ozone/integration-test/target/test-dir/MiniOzoneClusterImpl-4c9fddb8-14cc-4d18-9561-dc95ff2af5f2/omNode-2/ratis/c9bc4cf4-3bc3-3c60-a66b-523986131536/in_use.lock acquired by nodename 40924@fv-az699-61
2024-02-27 07:52:22,354 [omNode-2-impl-thread1] INFO  storage.RaftStorage (RaftStorageImpl.java:analyzeAndRecoverStorage(119)) - Read RaftStorageMetadata{term=1, votedFor=omNode-1} from /home/runner/work/ozone/ozone/hadoop-ozone/integration-test/target/test-dir/MiniOzoneClusterImpl-4c9fddb8-14cc-4d18-9561-dc95ff2af5f2/omNode-2/ratis/c9bc4cf4-3bc3-3c60-a66b-523986131536/current/raft-meta
2024-02-27 07:52:22,355 [omNode-2-impl-thread1] INFO  server.RaftServer$Division (ServerState.java:setRaftConf(386)) - omNode-2@group-523986131536: set configuration 0: peers:[omNode-3|localhost:15230, omNode-1|localhost:15222, omNode-2|localhost:15226]|listeners:[], old=null
2024-02-27 07:52:22,355 [omNode-2-impl-thread1] INFO  server.RaftServerConfigKeys (ConfUtils.java:logGet(46)) - raft.server.log.use.memory = false (default)
2024-02-27 07:52:22,355 [omNode-2-impl-thread1] INFO  server.RaftServerConfigKeys (ConfUtils.java:logGet(46)) - raft.server.log.purge.gap = 50 (custom)
2024-02-27 07:52:22,356 [omNode-2-impl-thread1] INFO  server.RaftServerConfigKeys (ConfUtils.java:logGet(46)) - raft.server.log.appender.buffer.byte-limit = 4194304 (custom)
2024-02-27 07:52:22,356 [omNode-2-impl-thread1] INFO  server.RaftServerConfigKeys (ConfUtils.java:logGet(46)) - raft.server.log.statemachine.data.read.timeout = 1000ms (default)
2024-02-27 07:52:22,356 [omNode-2-impl-thread1] INFO  server.RaftServerConfigKeys (ConfUtils.java:logGet(46)) - raft.server.log.purge.preservation.log.num = 0 (default)
2024-02-27 07:52:22,356 [omNode-2-impl-thread1] INFO  server.RaftServerConfigKeys (ConfUtils.java:logGet(46)) - raft.server.log.segment.size.max = 4194304 (custom)
2024-02-27 07:52:22,356 [omNode-2-impl-thread1] INFO  server.RaftServerConfigKeys (ConfUtils.java:logGet(46)) - raft.server.log.segment.cache.num.max = 2 (custom)
2024-02-27 07:52:22,356 [omNode-2-impl-thread1] INFO  server.RaftServerConfigKeys (ConfUtils.java:logGet(46)) - raft.server.log.segment.cache.size.max = 200MB (=209715200) (default)
2024-02-27 07:52:22,356 [omNode-2-impl-thread1] INFO  server.RaftServerConfigKeys (ConfUtils.java:logGet(46)) - raft.server.log.appender.buffer.byte-limit = 4194304 (custom)
2024-02-27 07:52:22,357 [omNode-2-impl-thread1] INFO  util.AwaitToRun (AwaitToRun.java:start(81)) - Thread[omNode-2@group-523986131536-cacheEviction-AwaitToRun,5,main] started
2024-02-27 07:52:22,357 [omNode-2-impl-thread1] INFO  segmented.SegmentedRaftLogWorker (SegmentedRaftLogWorker.java:<init>(182)) - new omNode-2@group-523986131536-SegmentedRaftLogWorker for RaftStorageImpl:Storage Directory /home/runner/work/ozone/ozone/hadoop-ozone/integration-test/target/test-dir/MiniOzoneClusterImpl-4c9fddb8-14cc-4d18-9561-dc95ff2af5f2/omNode-2/ratis/c9bc4cf4-3bc3-3c60-a66b-523986131536
2024-02-27 07:52:22,357 [omNode-2-impl-thread1] INFO  server.RaftServerConfigKeys (ConfUtils.java:logGet(46)) - raft.server.log.queue.byte-limit = 64MB (=67108864) (default)
2024-02-27 07:52:22,357 [omNode-2-impl-thread1] INFO  server.RaftServerConfigKeys (ConfUtils.java:logGet(46)) - raft.server.log.queue.element-limit = 4096 (default)
2024-02-27 07:52:22,357 [omNode-2-impl-thread1] INFO  server.RaftServerConfigKeys (ConfUtils.java:logGet(46)) - raft.server.log.segment.size.max = 4194304 (custom)
2024-02-27 07:52:22,357 [omNode-2-impl-thread1] INFO  server.RaftServerConfigKeys (ConfUtils.java:logGet(46)) - raft.server.log.preallocated.size = 4194304 (custom)
2024-02-27 07:52:22,357 [omNode-2-impl-thread1] INFO  server.RaftServerConfigKeys (ConfUtils.java:logGet(46)) - raft.server.log.force.sync.num = 128 (default)
2024-02-27 07:52:22,357 [omNode-2-impl-thread1] INFO  server.RaftServerConfigKeys (ConfUtils.java:logGet(46)) - raft.server.log.statemachine.data.sync = true (default)
2024-02-27 07:52:22,357 [omNode-2-impl-thread1] INFO  server.RaftServerConfigKeys (ConfUtils.java:logGet(46)) - raft.server.log.statemachine.data.sync.timeout = 10s (default)
2024-02-27 07:52:22,357 [omNode-2-impl-thread1] INFO  server.RaftServerConfigKeys (ConfUtils.java:logGet(46)) - raft.server.log.statemachine.data.sync.timeout.retry = -1 (default)
2024-02-27 07:52:22,357 [omNode-2-impl-thread1] INFO  server.RaftServerConfigKeys (ConfUtils.java:logGet(46)) - raft.server.log.write.buffer.size = 4194312 (custom)
2024-02-27 07:52:22,358 [omNode-2-impl-thread1] INFO  server.RaftServerConfigKeys (ConfUtils.java:logGet(46)) - raft.server.log.appender.buffer.byte-limit = 4194304 (custom)
2024-02-27 07:52:22,358 [omNode-2-impl-thread1] INFO  server.RaftServerConfigKeys (ConfUtils.java:logGet(46)) - raft.server.log.unsafe-flush.enabled = false (default)
2024-02-27 07:52:22,358 [omNode-2-impl-thread1] INFO  server.RaftServerConfigKeys (ConfUtils.java:logGet(46)) - raft.server.log.async-flush.enabled = false (default)
2024-02-27 07:52:22,358 [omNode-2-impl-thread1] INFO  server.RaftServerConfigKeys (ConfUtils.java:logGet(46)) - raft.server.log.statemachine.data.caching.enabled = false (default)
2024-02-27 07:52:22,358 [omNode-2-impl-thread1] INFO  segmented.SegmentedRaftLogWorker (SegmentedRaftLogWorker.java:lambda$new$0(134)) - omNode-2@group-523986131536-SegmentedRaftLogWorker: flushIndex: setUnconditionally 0 -> 52
2024-02-27 07:52:22,359 [omNode-2-impl-thread1] INFO  segmented.SegmentedRaftLogWorker (SegmentedRaftLogWorker.java:lambda$new$0(134)) - omNode-2@group-523986131536-SegmentedRaftLogWorker: safeCacheEvictIndex: setUnconditionally 0 -> -1
2024-02-27 07:52:22,359 [omNode-2-impl-thread1] INFO  server.RaftServer$Division (RaftServerImpl.java:start(396)) - omNode-2@group-523986131536: start as a follower, conf=0: peers:[omNode-3|localhost:15230, omNode-1|localhost:15222, omNode-2|localhost:15226]|listeners:[], old=null
2024-02-27 07:52:22,359 [omNode-2-impl-thread1] INFO  server.RaftServer$Division (RaftServerImpl.java:setRole(383)) - omNode-2@group-523986131536: changes role from      null to FOLLOWER at term 1 for startAsFollower
2024-02-27 07:52:22,359 [omNode-2-impl-thread1] INFO  impl.RoleInfo (RoleInfo.java:updateAndGet(139)) - omNode-2: start omNode-2@group-523986131536-FollowerState
2024-02-27 07:52:22,359 [omNode-2-impl-thread1] INFO  util.JmxRegister (JmxRegister.java:tryRegister(44)) - Successfully registered JMX Bean with object name Ratis:service=RaftServer,group=group-523986131536,id=omNode-2
2024-02-27 07:52:22,359 [omNode-2@group-523986131536-FollowerState] INFO  server.RaftServerConfigKeys (ConfUtils.java:logFallback(53)) - raft.server.rpc.first-election.timeout.min = 1s (fallback to raft.server.rpc.timeout.min)
2024-02-27 07:52:22,359 [omNode-2@group-523986131536-FollowerState] INFO  server.RaftServerConfigKeys (ConfUtils.java:logFallback(53)) - raft.server.rpc.first-election.timeout.max = 1200ms (fallback to raft.server.rpc.timeout.max)
2024-02-27 07:52:22,359 [omNode-2-impl-thread1] INFO  server.RaftServerConfigKeys (ConfUtils.java:logGet(46)) - raft.server.snapshot.trigger-when-stop.enabled = true (default)
2024-02-27 07:52:22,360 [omNode-2-impl-thread1] INFO  server.RaftServerConfigKeys (ConfUtils.java:logGet(46)) - raft.server.snapshot.auto.trigger.enabled = true (custom)
2024-02-27 07:52:22,360 [omNode-2-impl-thread1] INFO  server.RaftServerConfigKeys (ConfUtils.java:logGet(46)) - raft.server.snapshot.auto.trigger.threshold = 50 (custom)
2024-02-27 07:52:22,360 [omNode-2-impl-thread1] INFO  server.RaftServerConfigKeys (ConfUtils.java:logGet(46)) - raft.server.snapshot.retention.file.num = -1 (default)
2024-02-27 07:52:22,360 [omNode-2-impl-thread1] INFO  server.RaftServerConfigKeys (ConfUtils.java:logGet(46)) - raft.server.log.purge.upto.snapshot.index = true (custom)
2024-02-27 07:52:22,360 [main] INFO  server.RaftServer (RaftServerProxy.java:startImpl(406)) - omNode-2: start RPC server
2024-02-27 07:52:22,362 [main] INFO  server.GrpcService (GrpcService.java:startImpl(302)) - omNode-2: GrpcService started, listening on 15226
2024-02-27 07:52:22,362 [main] INFO  om.OzoneManager (OzoneManager.java:getRpcServer(1206)) - Creating RPC Server
2024-02-27 07:52:22,362 [JvmPauseMonitor68] INFO  util.JvmPauseMonitor (JvmPauseMonitor.java:run(146)) - JvmPauseMonitor-omNode-2: Started
2024-02-27 07:52:22,535 [main] INFO  ipc.CallQueueManager (CallQueueManager.java:<init>(90)) - Using callQueue: class java.util.concurrent.LinkedBlockingQueue, queueCapacity: 2000, scheduler: class org.apache.hadoop.ipc.DefaultRpcScheduler, ipcBackoff: false.
2024-02-27 07:52:22,535 [main] INFO  ipc.Server (Server.java:<init>(1287)) - Listener at localhost:15223
2024-02-27 07:52:22,536 [Socket Reader #1 for port 15223] INFO  ipc.Server (Server.java:run(1323)) - Starting Socket Reader #1 for port 15223
2024-02-27 07:52:22,538 [main] INFO  http.BaseHttpServer (BaseHttpServer.java:newHttpServer2BuilderForOzone(223)) - Starting Web-server for ozoneManager at: http://0.0.0.0:15224
2024-02-27 07:52:22,538 [main] INFO  http.BaseHttpServer (BaseHttpServer.java:<init>(110)) - Hadoop Security Enabled: false Ozone Security Enabled: false Ozone HTTP Security Enabled: false 
2024-02-27 07:52:22,539 [main] WARN  server.AuthenticationFilter (AuthenticationFilter.java:constructSecretProvider(240)) - Unable to initialize FileSignerSecretProvider, falling back to use random secrets. Reason: Could not read signature secret file: /home/runner/hadoop-http-auth-signature-secret
2024-02-27 07:52:22,540 [main] INFO  http.HttpRequestLog (HttpRequestLog.java:getRequestLog(86)) - Http request log for http.requests.ozoneManager is not defined
2024-02-27 07:52:22,540 [main] INFO  http.HttpServer2 (HttpServer2.java:addGlobalFilter(1036)) - Added global filter 'safety' (class=org.apache.hadoop.hdds.server.http.HttpServer2$QuotingInputFilter)
2024-02-27 07:52:22,541 [main] INFO  http.HttpServer2 (HttpServer2.java:addFilter(1012)) - Added filter static_user_filter (class=org.apache.hadoop.http.lib.StaticUserWebFilter$StaticUserFilter) to context ozoneManager
2024-02-27 07:52:22,541 [main] INFO  http.HttpServer2 (HttpServer2.java:addFilter(1020)) - Added filter static_user_filter (class=org.apache.hadoop.http.lib.StaticUserWebFilter$StaticUserFilter) to context static
2024-02-27 07:52:22,541 [main] INFO  http.HttpServer2 (HttpServer2.java:addFilter(1020)) - Added filter static_user_filter (class=org.apache.hadoop.http.lib.StaticUserWebFilter$StaticUserFilter) to context logs
2024-02-27 07:52:22,541 [main] INFO  http.BaseHttpServer (BaseHttpServer.java:<init>(189)) - HTTP server of ozoneManager uses base directory /home/runner/work/ozone/ozone/hadoop-ozone/integration-test/target/test-dir/MiniOzoneClusterImpl-4c9fddb8-14cc-4d18-9561-dc95ff2af5f2/omNode-2/webserver
2024-02-27 07:52:22,542 [main] INFO  http.HttpServer2 (HttpServer2.java:bindListener(1236)) - Jetty bound to port 15224
2024-02-27 07:52:22,542 [main] INFO  server.Server (Server.java:doStart(375)) - jetty-9.4.53.v20231009; built: 2023-10-09T12:29:09.265Z; git: 27bde00a0b95a1d5bbee0eae7984f891d2d0f8c9; jvm 1.8.0_402-b06
2024-02-27 07:52:22,542 [main] INFO  server.session (DefaultSessionIdManager.java:doStart(334)) - DefaultSessionIdManager workerName=node0
2024-02-27 07:52:22,543 [main] INFO  server.session (DefaultSessionIdManager.java:doStart(339)) - No SessionScavenger set, using defaults
2024-02-27 07:52:22,543 [main] INFO  server.session (HouseKeeper.java:startScavenging(132)) - node0 Scavenging every 600000ms
2024-02-27 07:52:22,543 [main] INFO  handler.ContextHandler (ContextHandler.java:doStart(921)) - Started o.e.j.s.ServletContextHandler@69bcbbf2{logs,/logs,file:///home/runner/work/ozone/ozone/hadoop-ozone/integration-test/target/log,AVAILABLE}
2024-02-27 07:52:22,543 [main] INFO  handler.ContextHandler (ContextHandler.java:doStart(921)) - Started o.e.j.s.ServletContextHandler@1be39048{static,/static,file:///home/runner/work/ozone/ozone/hadoop-ozone/integration-test/target/test-classes/webapps/static,AVAILABLE}
2024-02-27 07:52:22,545 [main] INFO  handler.ContextHandler (ContextHandler.java:doStart(921)) - Started o.e.j.w.WebAppContext@24c1e78f{ozoneManager,/,file:///home/runner/work/ozone/ozone/hadoop-ozone/integration-test/target/test-classes/webapps/ozoneManager/,AVAILABLE}{file:/home/runner/work/ozone/ozone/hadoop-ozone/integration-test/target/test-classes/webapps/ozoneManager}
2024-02-27 07:52:22,545 [main] INFO  server.AbstractConnector (AbstractConnector.java:doStart(333)) - Started ServerConnector@71d797b7{HTTP/1.1, (http/1.1)}{0.0.0.0:15224}
2024-02-27 07:52:22,546 [main] INFO  server.Server (Server.java:doStart(415)) - Started @825254ms
2024-02-27 07:52:22,546 [main] WARN  impl.MetricsSystemImpl (MetricsSystemImpl.java:register(279)) - Sink prometheus already exists!
2024-02-27 07:52:22,546 [main] INFO  http.BaseHttpServer (BaseHttpServer.java:updateConnectorAddress(354)) - HTTP server of ozoneManager listening at http://0.0.0.0:15224
2024-02-27 07:52:22,546 [IPC Server Responder] INFO  ipc.Server (Server.java:run(1562)) - IPC Server Responder: starting
2024-02-27 07:52:22,546 [IPC Server listener on 15223] INFO  ipc.Server (Server.java:run(1402)) - IPC Server listener on 15223: starting
2024-02-27 07:52:22,551 [main] INFO  om.OzoneManager (OzoneManager.java:startTrashEmptier(2093)) - Trash Interval set to 0. Files deleted won't move to trash
]]></system-out>
    </rerunError>
    <rerunError type="PREPARE_FAILED org.apache.hadoop.ozone.om.exceptions.OMException">
      <stackTrace><![CDATA[PREPARE_FAILED org.apache.hadoop.ozone.om.exceptions.OMException: java.io.IOException: After waiting for 120 seconds, Ratis state machine applied index 50 which is less than the minimum required index 52.
	at org.apache.hadoop.ozone.om.protocolPB.OzoneManagerProtocolClientSideTranslatorPB.handleError(OzoneManagerProtocolClientSideTranslatorPB.java:753)
	at org.apache.hadoop.ozone.om.protocolPB.OzoneManagerProtocolClientSideTranslatorPB.prepareOzoneManager(OzoneManagerProtocolClientSideTranslatorPB.java:2461)
	at org.apache.hadoop.ozone.om.TestOzoneManagerPrepare.submitPrepareRequest(TestOzoneManagerPrepare.java:445)
	at org.apache.hadoop.ozone.om.TestOzoneManagerPrepare.testCancelPrepare(TestOzoneManagerPrepare.java:314)
	at java.lang.reflect.Method.invoke(Method.java:498)
	at java.util.ArrayList.forEach(ArrayList.java:1259)
	at java.util.ArrayList.forEach(ArrayList.java:1259)
]]></stackTrace>
      <system-out><![CDATA[2024-02-27 07:52:32,932 [main] WARN  server.ServerUtils (ServerUtils.java:getScmDbDir(143)) - ozone.scm.db.dirs is not configured. We recommend adding this setting. Falling back to ozone.metadata.dirs instead.
2024-02-27 07:52:32,934 [main] WARN  server.ServerUtils (ServerUtils.java:getScmDbDir(143)) - ozone.scm.db.dirs is not configured. We recommend adding this setting. Falling back to ozone.metadata.dirs instead.
2024-02-27 07:52:32,934 [main] INFO  ha.SCMHANodeDetails (SCMHANodeDetails.java:loadSCMHAConfig(207)) - ServiceID for StorageContainerManager is null
2024-02-27 07:52:32,934 [main] INFO  ha.SCMHANodeDetails (SCMHANodeDetails.java:loadSCMHAConfig(212)) - ozone.scm.default.service.id is not defined, falling back to ozone.scm.service.ids to find serviceID for StorageContainerManager if it is HA enabled cluster
2024-02-27 07:52:32,935 [main] WARN  utils.HAUtils (HAUtils.java:getMetaDir(339)) - ozone.scm.db.dirs is not configured. We recommend adding this setting. Falling back to ozone.metadata.dirs instead.
2024-02-27 07:52:32,935 [main] WARN  db.DBStoreBuilder (DBStoreBuilder.java:applyDBDefinition(171)) - ozone.scm.db.dirs is not configured. We recommend adding this setting. Falling back to ozone.metadata.dirs instead.
2024-02-27 07:52:33,034 [main] INFO  net.NodeSchemaLoader (NodeSchemaLoader.java:loadSchemaFromFile(129)) - Loading schema from [jar:file:/home/runner/.m2/repository/org/apache/ozone/hdds-common/1.5.0-SNAPSHOT/hdds-common-1.5.0-SNAPSHOT.jar!/network-topology-default.xml]
2024-02-27 07:52:33,034 [main] INFO  net.NodeSchemaLoader (NodeSchemaLoader.java:loadSchema(176)) - Loading network topology layer schema file
2024-02-27 07:52:33,036 [main] INFO  upgrade.AbstractLayoutVersionManager (AbstractLayoutVersionManager.java:init(83)) - Initializing Layout version manager with metadata layout = HADOOP_PRC_PORTS_IN_DATANODEDETAILS (version = 7), software layout = HADOOP_PRC_PORTS_IN_DATANODEDETAILS (version = 7)
2024-02-27 07:52:33,038 [main] INFO  ha.SequenceIdGenerator (SequenceIdGenerator.java:upgradeToSequenceId(370)) - upgrade localId to 113750153625600000
2024-02-27 07:52:33,038 [main] INFO  ha.SequenceIdGenerator (SequenceIdGenerator.java:upgradeToSequenceId(380)) - upgrade delTxnId to 0
2024-02-27 07:52:33,039 [main] INFO  ha.SequenceIdGenerator (SequenceIdGenerator.java:upgradeToSequenceId(397)) - upgrade containerId to 0
2024-02-27 07:52:33,040 [main] INFO  ha.SequenceIdGenerator (SequenceIdGenerator.java:upgradeToCertificateSequenceId(444)) - upgrade CertificateId to 2
2024-02-27 07:52:33,040 [main] INFO  ha.SequenceIdGenerator (SequenceIdGenerator.java:<init>(241)) - Init the HA SequenceIdGenerator.
2024-02-27 07:52:33,040 [main] WARN  server.ServerUtils (ServerUtils.java:sanitizeUserArgs(79)) - ozone.scm.stale.node.interval value = 300000 is larger than max = 100000 based on the key value of ozone.scm.heartbeat.thread.interval, reset to the max value 100000.
2024-02-27 07:52:33,040 [main] WARN  server.ServerUtils (ServerUtils.java:sanitizeUserArgs(79)) - ozone.scm.stale.node.interval value = 300000 is larger than max = 100000 based on the key value of ozone.scm.heartbeat.thread.interval, reset to the max value 100000.
2024-02-27 07:52:33,040 [main] INFO  node.SCMNodeManager (SCMNodeManager.java:<init>(177)) - Entering startup safe mode.
2024-02-27 07:52:33,041 [main] INFO  algorithms.ContainerPlacementPolicyFactory (ContainerPlacementPolicyFactory.java:getPolicyInternal(86)) - Create container placement policy of type org.apache.hadoop.hdds.scm.container.placement.algorithms.SCMContainerPlacementRackAware
2024-02-27 07:52:33,041 [main] INFO  algorithms.ContainerPlacementPolicyFactory (ContainerPlacementPolicyFactory.java:getPolicyInternal(86)) - Create container placement policy of type org.apache.hadoop.hdds.scm.container.placement.algorithms.SCMContainerPlacementRackScatter
2024-02-27 07:52:33,041 [main] INFO  pipeline.PipelineStateManagerImpl (PipelineStateManagerImpl.java:initialize(78)) - No pipeline exists in current db
2024-02-27 07:52:33,041 [main] INFO  algorithms.LeaderChoosePolicyFactory (LeaderChoosePolicyFactory.java:getPolicy(57)) - Create leader choose policy of type org.apache.hadoop.hdds.scm.pipeline.leader.choose.algorithms.MinLeaderCountChoosePolicy
2024-02-27 07:52:33,041 [main] INFO  algorithms.ContainerPlacementPolicyFactory (ContainerPlacementPolicyFactory.java:getPolicyInternal(86)) - Create container placement policy of type org.apache.hadoop.hdds.scm.container.placement.algorithms.SCMContainerPlacementRackScatter
2024-02-27 07:52:33,041 [main] INFO  ha.SCMServiceManager (SCMServiceManager.java:register(42)) - Registering service BackgroundPipelineCreator.
2024-02-27 07:52:33,041 [main] INFO  pipeline.BackgroundPipelineCreator (BackgroundPipelineCreator.java:start(127)) - Starting RatisPipelineUtilsThread.
2024-02-27 07:52:33,042 [main] INFO  BackgroundPipelineScrubber (BackgroundSCMService.java:start(65)) - Starting BackgroundPipelineScrubber Service.
2024-02-27 07:52:33,042 [main] INFO  ha.SCMServiceManager (SCMServiceManager.java:register(42)) - Registering service BackgroundPipelineScrubber.
2024-02-27 07:52:33,042 [main] INFO  ExpiredContainerReplicaOpScrubber (BackgroundSCMService.java:start(65)) - Starting ExpiredContainerReplicaOpScrubber Service.
2024-02-27 07:52:33,042 [main] INFO  ha.SCMServiceManager (SCMServiceManager.java:register(42)) - Registering service ExpiredContainerReplicaOpScrubber.
2024-02-27 07:52:33,043 [main] INFO  algorithms.PipelineChoosePolicyFactory (PipelineChoosePolicyFactory.java:createPipelineChoosePolicyFromClass(80)) - Create pipeline choose policy of type org.apache.hadoop.hdds.scm.pipeline.choose.algorithms.RandomPipelineChoosePolicy
2024-02-27 07:52:33,043 [main] INFO  algorithms.PipelineChoosePolicyFactory (PipelineChoosePolicyFactory.java:createPipelineChoosePolicyFromClass(80)) - Create pipeline choose policy of type org.apache.hadoop.hdds.scm.pipeline.choose.algorithms.RandomPipelineChoosePolicy
2024-02-27 07:52:33,043 [main] INFO  ha.SCMServiceManager (SCMServiceManager.java:register(42)) - Registering service SCMBlockDeletingService.
2024-02-27 07:52:33,044 [main] INFO  replication.ReplicationManager (ReplicationManager.java:start(295)) - Starting Replication Monitor Thread.
2024-02-27 07:52:33,044 [ReplicationMonitor] INFO  replication.ReplicationManager (ReplicationManager.java:processAll(370)) - Replication Manager is not ready to run until 3000ms after safemode exit
2024-02-27 07:52:33,044 [main] INFO  ha.SCMServiceManager (SCMServiceManager.java:register(42)) - Registering service ReplicationManager.
2024-02-27 07:52:33,045 [main] INFO  safemode.ContainerSafeModeRule (ContainerSafeModeRule.java:<init>(91)) - containers with one replica threshold count 0
2024-02-27 07:52:33,045 [main] INFO  safemode.HealthyPipelineSafeModeRule (HealthyPipelineSafeModeRule.java:initializeRule(176)) - Total pipeline count is 0, healthy pipeline threshold count is 1
2024-02-27 07:52:33,045 [main] INFO  safemode.OneReplicaPipelineSafeModeRule (OneReplicaPipelineSafeModeRule.java:initializeRule(193)) - Total pipeline count is 0, pipeline's with at least one datanode reported threshold count is 0
2024-02-27 07:52:33,046 [main] INFO  server.StorageContainerManager (StorageContainerManager.java:<init>(440)) - SCM start with adminUsers: [*, runner]
2024-02-27 07:52:33,046 [main] INFO  ipc.CallQueueManager (CallQueueManager.java:<init>(90)) - Using callQueue: class java.util.concurrent.LinkedBlockingQueue, queueCapacity: 10000, scheduler: class org.apache.hadoop.ipc.DefaultRpcScheduler, ipcBackoff: false.
2024-02-27 07:52:33,046 [main] INFO  ipc.Server (Server.java:<init>(1287)) - Listener at 0.0.0.0:15260
2024-02-27 07:52:33,046 [Socket Reader #1 for port 15260] INFO  ipc.Server (Server.java:run(1323)) - Starting Socket Reader #1 for port 15260
2024-02-27 07:52:33,047 [main] INFO  ipc.CallQueueManager (CallQueueManager.java:<init>(90)) - Using callQueue: class java.util.concurrent.LinkedBlockingQueue, queueCapacity: 10000, scheduler: class org.apache.hadoop.ipc.DefaultRpcScheduler, ipcBackoff: false.
2024-02-27 07:52:33,047 [main] INFO  ipc.Server (Server.java:<init>(1287)) - Listener at 0.0.0.0:15259
2024-02-27 07:52:33,048 [Socket Reader #1 for port 15259] INFO  ipc.Server (Server.java:run(1323)) - Starting Socket Reader #1 for port 15259
2024-02-27 07:52:33,048 [main] INFO  ipc.CallQueueManager (CallQueueManager.java:<init>(90)) - Using callQueue: class java.util.concurrent.LinkedBlockingQueue, queueCapacity: 10000, scheduler: class org.apache.hadoop.ipc.DefaultRpcScheduler, ipcBackoff: false.
2024-02-27 07:52:33,049 [main] INFO  ipc.Server (Server.java:<init>(1287)) - Listener at 0.0.0.0:15258
2024-02-27 07:52:33,049 [Socket Reader #1 for port 15258] INFO  ipc.Server (Server.java:run(1323)) - Starting Socket Reader #1 for port 15258
2024-02-27 07:52:33,051 [main] INFO  ha.SCMServiceManager (SCMServiceManager.java:register(42)) - Registering service ContainerBalancer.
2024-02-27 07:52:33,051 [main] INFO  ha.SCMContext (SCMContext.java:updateSafeModeStatus(225)) - Update SafeModeStatus from SafeModeStatus{safeModeStatus=true, preCheckPassed=false} to SafeModeStatus{safeModeStatus=true, preCheckPassed=false}.
2024-02-27 07:52:33,051 [main] INFO  server.StorageContainerManager (StorageContainerManager.java:start(1545)) - StorageContainerLocationProtocol RPC server is listening at /0.0.0.0:15258
2024-02-27 07:52:33,052 [main] WARN  impl.MetricsConfig (MetricsConfig.java:loadFirst(136)) - Cannot locate configuration: tried hadoop-metrics2-storagecontainermanager.properties,hadoop-metrics2.properties
2024-02-27 07:52:33,053 [main] INFO  impl.MetricsSystemImpl (MetricsSystemImpl.java:startTimer(378)) - Scheduled Metric snapshot period at 10 second(s).
2024-02-27 07:52:33,053 [main] INFO  impl.MetricsSystemImpl (MetricsSystemImpl.java:start(191)) - StorageContainerManager metrics system started
2024-02-27 07:52:33,058 [main] INFO  impl.MetricsSinkAdapter (MetricsSinkAdapter.java:start(204)) - Sink prometheus started
2024-02-27 07:52:33,058 [main] INFO  impl.MetricsSystemImpl (MetricsSystemImpl.java:registerSink(305)) - Registered sink prometheus
2024-02-27 07:52:33,077 [main] INFO  server.SCMClientProtocolServer (SCMClientProtocolServer.java:start(204)) - RPC server for Client  is listening at /0.0.0.0:15258
2024-02-27 07:52:33,077 [IPC Server Responder] INFO  ipc.Server (Server.java:run(1562)) - IPC Server Responder: starting
2024-02-27 07:52:33,077 [IPC Server listener on 15258] INFO  ipc.Server (Server.java:run(1402)) - IPC Server listener on 15258: starting
2024-02-27 07:52:33,093 [main] INFO  server.StorageContainerManager (StorageContainerManager.java:start(1558)) - ScmBlockLocationProtocol RPC server is listening at /0.0.0.0:15259
2024-02-27 07:52:33,093 [main] INFO  server.SCMBlockProtocolServer (SCMBlockProtocolServer.java:start(160)) - RPC server for Block Protocol is listening at /0.0.0.0:15259
2024-02-27 07:52:33,094 [IPC Server Responder] INFO  ipc.Server (Server.java:run(1562)) - IPC Server Responder: starting
2024-02-27 07:52:33,095 [IPC Server listener on 15259] INFO  ipc.Server (Server.java:run(1402)) - IPC Server listener on 15259: starting
2024-02-27 07:52:33,130 [main] INFO  server.SCMDatanodeProtocolServer (SCMDatanodeProtocolServer.java:start(194)) - ScmDatanodeProtocol RPC server for DataNodes is listening at /0.0.0.0:15260
2024-02-27 07:52:33,131 [IPC Server Responder] INFO  ipc.Server (Server.java:run(1562)) - IPC Server Responder: starting
2024-02-27 07:52:33,131 [IPC Server listener on 15260] INFO  ipc.Server (Server.java:run(1402)) - IPC Server listener on 15260: starting
2024-02-27 07:52:33,140 [JvmPauseMonitor69] INFO  util.JvmPauseMonitor (JvmPauseMonitor.java:run(146)) - JvmPauseMonitor-ed09a66f-0f25-47c5-983f-2ebe7541df1e: Started
2024-02-27 07:52:33,142 [main] INFO  http.BaseHttpServer (BaseHttpServer.java:newHttpServer2BuilderForOzone(223)) - Starting Web-server for scm at: http://0.0.0.0:15261
2024-02-27 07:52:33,142 [main] INFO  http.BaseHttpServer (BaseHttpServer.java:<init>(110)) - Hadoop Security Enabled: false Ozone Security Enabled: false Ozone HTTP Security Enabled: false 
2024-02-27 07:52:33,144 [main] WARN  server.AuthenticationFilter (AuthenticationFilter.java:constructSecretProvider(240)) - Unable to initialize FileSignerSecretProvider, falling back to use random secrets. Reason: Could not read signature secret file: /home/runner/hadoop-http-auth-signature-secret
2024-02-27 07:52:33,144 [main] INFO  http.HttpRequestLog (HttpRequestLog.java:getRequestLog(86)) - Http request log for http.requests.scm is not defined
2024-02-27 07:52:33,145 [main] INFO  http.HttpServer2 (HttpServer2.java:addGlobalFilter(1036)) - Added global filter 'safety' (class=org.apache.hadoop.hdds.server.http.HttpServer2$QuotingInputFilter)
2024-02-27 07:52:33,145 [main] INFO  http.HttpServer2 (HttpServer2.java:addFilter(1012)) - Added filter static_user_filter (class=org.apache.hadoop.http.lib.StaticUserWebFilter$StaticUserFilter) to context scm
2024-02-27 07:52:33,146 [main] INFO  http.HttpServer2 (HttpServer2.java:addFilter(1020)) - Added filter static_user_filter (class=org.apache.hadoop.http.lib.StaticUserWebFilter$StaticUserFilter) to context logs
2024-02-27 07:52:33,146 [main] INFO  http.HttpServer2 (HttpServer2.java:addFilter(1020)) - Added filter static_user_filter (class=org.apache.hadoop.http.lib.StaticUserWebFilter$StaticUserFilter) to context static
2024-02-27 07:52:33,147 [main] INFO  http.BaseHttpServer (BaseHttpServer.java:<init>(189)) - HTTP server of scm uses base directory /home/runner/work/ozone/ozone/hadoop-ozone/integration-test/target/test-dir/MiniOzoneClusterImpl-bc2c81e0-d964-4a8e-97ca-887e98ec88c8/ozone-meta/webserver
2024-02-27 07:52:33,147 [main] INFO  http.HttpServer2 (HttpServer2.java:bindListener(1236)) - Jetty bound to port 15261
2024-02-27 07:52:33,147 [main] INFO  server.Server (Server.java:doStart(375)) - jetty-9.4.53.v20231009; built: 2023-10-09T12:29:09.265Z; git: 27bde00a0b95a1d5bbee0eae7984f891d2d0f8c9; jvm 1.8.0_402-b06
2024-02-27 07:52:33,148 [main] INFO  server.session (DefaultSessionIdManager.java:doStart(334)) - DefaultSessionIdManager workerName=node0
2024-02-27 07:52:33,148 [main] INFO  server.session (DefaultSessionIdManager.java:doStart(339)) - No SessionScavenger set, using defaults
2024-02-27 07:52:33,148 [main] INFO  server.session (HouseKeeper.java:startScavenging(132)) - node0 Scavenging every 660000ms
2024-02-27 07:52:33,149 [main] INFO  handler.ContextHandler (ContextHandler.java:doStart(921)) - Started o.e.j.s.ServletContextHandler@49071c6{logs,/logs,file:///home/runner/work/ozone/ozone/hadoop-ozone/integration-test/target/log,AVAILABLE}
2024-02-27 07:52:33,149 [main] INFO  handler.ContextHandler (ContextHandler.java:doStart(921)) - Started o.e.j.s.ServletContextHandler@5345b15b{static,/static,file:///home/runner/work/ozone/ozone/hadoop-ozone/integration-test/target/test-classes/webapps/static,AVAILABLE}
2024-02-27 07:52:33,151 [main] INFO  handler.ContextHandler (ContextHandler.java:doStart(921)) - Started o.e.j.w.WebAppContext@32d3fc0{scm,/,file:///home/runner/work/ozone/ozone/hadoop-ozone/integration-test/target/test-classes/webapps/scm/,AVAILABLE}{file:/home/runner/work/ozone/ozone/hadoop-ozone/integration-test/target/test-classes/webapps/scm}
2024-02-27 07:52:33,152 [main] INFO  server.AbstractConnector (AbstractConnector.java:doStart(333)) - Started ServerConnector@26cefe4c{HTTP/1.1, (http/1.1)}{0.0.0.0:15261}
2024-02-27 07:52:33,152 [main] INFO  server.Server (Server.java:doStart(415)) - Started @835860ms
2024-02-27 07:52:33,152 [main] WARN  impl.MetricsSystemImpl (MetricsSystemImpl.java:register(279)) - Sink prometheus already exists!
2024-02-27 07:52:33,153 [main] INFO  http.BaseHttpServer (BaseHttpServer.java:updateConnectorAddress(354)) - HTTP server of scm listening at http://0.0.0.0:15261
2024-02-27 07:52:33,153 [main] INFO  ha.OMHANodeDetails (OMHANodeDetails.java:loadOMHAConfig(121)) - ServiceID for OzoneManager is om-service-test1
2024-02-27 07:52:33,154 [main] INFO  ha.OMHANodeDetails (OMHANodeDetails.java:loadOMHAConfig(201)) - Found matching OM address with OMServiceId: om-service-test1, OMNodeId: omNode-1, RPC Address: localhost:15262 and Ratis port: 15265
2024-02-27 07:52:33,154 [main] INFO  ha.OMHANodeDetails (ConfUtils.java:setNodeSpecificConfigs(97)) - Setting configuration key ozone.om.http-address with value of key ozone.om.http-address.om-service-test1.omNode-1: 127.0.0.1:15263
2024-02-27 07:52:33,154 [main] INFO  ha.OMHANodeDetails (ConfUtils.java:setNodeSpecificConfigs(97)) - Setting configuration key ozone.om.https-address with value of key ozone.om.https-address.om-service-test1.omNode-1: 127.0.0.1:15264
2024-02-27 07:52:33,154 [main] INFO  ha.OMHANodeDetails (ConfUtils.java:setNodeSpecificConfigs(97)) - Setting configuration key ozone.om.address with value of key ozone.om.address.om-service-test1.omNode-1: 127.0.0.1:15262
2024-02-27 07:52:33,154 [main] WARN  server.ServerUtils (ServerUtils.java:getDBPath(299)) - ozone.om.db.dirs is not configured. We recommend adding this setting. Falling back to ozone.metadata.dirs instead.
2024-02-27 07:52:33,155 [main] INFO  proxy.SCMBlockLocationFailoverProxyProvider (SCMBlockLocationFailoverProxyProvider.java:<init>(115)) - Created block location fail-over proxy with 1 nodes: [nodeId=scmNodeId,nodeAddress=/0.0.0.0:15259]
OM initialization succeeded.Current cluster id for sd=/home/runner/work/ozone/ozone/hadoop-ozone/integration-test/target/test-dir/MiniOzoneClusterImpl-bc2c81e0-d964-4a8e-97ca-887e98ec88c8/omNode-1/om;cid=bc2c81e0-d964-4a8e-97ca-887e98ec88c8;layoutVersion=6
2024-02-27 07:52:33,163 [main] INFO  ha.OMHANodeDetails (OMHANodeDetails.java:loadOMHAConfig(121)) - ServiceID for OzoneManager is om-service-test1
2024-02-27 07:52:33,164 [main] INFO  ha.OMHANodeDetails (OMHANodeDetails.java:loadOMHAConfig(201)) - Found matching OM address with OMServiceId: om-service-test1, OMNodeId: omNode-1, RPC Address: localhost:15262 and Ratis port: 15265
2024-02-27 07:52:33,164 [main] INFO  ha.OMHANodeDetails (ConfUtils.java:setNodeSpecificConfigs(97)) - Setting configuration key ozone.om.http-address with value of key ozone.om.http-address.om-service-test1.omNode-1: 127.0.0.1:15263
2024-02-27 07:52:33,164 [main] INFO  ha.OMHANodeDetails (ConfUtils.java:setNodeSpecificConfigs(97)) - Setting configuration key ozone.om.https-address with value of key ozone.om.https-address.om-service-test1.omNode-1: 127.0.0.1:15264
2024-02-27 07:52:33,164 [main] INFO  ha.OMHANodeDetails (ConfUtils.java:setNodeSpecificConfigs(97)) - Setting configuration key ozone.om.address with value of key ozone.om.address.om-service-test1.omNode-1: 127.0.0.1:15262
2024-02-27 07:52:33,164 [main] WARN  server.ServerUtils (ServerUtils.java:getDBPath(299)) - ozone.om.db.dirs is not configured. We recommend adding this setting. Falling back to ozone.metadata.dirs instead.
2024-02-27 07:52:33,165 [main] INFO  upgrade.AbstractLayoutVersionManager (AbstractLayoutVersionManager.java:init(83)) - Initializing Layout version manager with metadata layout = QUOTA (version = 6), software layout = QUOTA (version = 6)
2024-02-27 07:52:33,205 [main] INFO  upgrade.OMLayoutVersionManager (OMLayoutVersionManager.java:lambda$0(113)) - Skipping Upgrade Action QuotaRepairUpgradeAction since it has been finalized.
2024-02-27 07:52:33,205 [main] INFO  upgrade.OMLayoutVersionManager (OMLayoutVersionManager.java:lambda$0(113)) - Skipping Upgrade Action MockOmUpgradeAction since it has been finalized.
2024-02-27 07:52:33,205 [main] WARN  server.ServerUtils (ServerUtils.java:getDBPath(299)) - ozone.om.db.dirs is not configured. We recommend adding this setting. Falling back to ozone.metadata.dirs instead.
2024-02-27 07:52:33,206 [main] INFO  proxy.SCMBlockLocationFailoverProxyProvider (SCMBlockLocationFailoverProxyProvider.java:<init>(115)) - Created block location fail-over proxy with 1 nodes: [nodeId=scmNodeId,nodeAddress=/0.0.0.0:15259]
2024-02-27 07:52:33,206 [main] INFO  proxy.SCMBlockLocationFailoverProxyProvider (SCMBlockLocationFailoverProxyProvider.java:<init>(115)) - Created block location fail-over proxy with 1 nodes: [nodeId=scmNodeId,nodeAddress=/0.0.0.0:15259]
2024-02-27 07:52:33,210 [main] INFO  om.OzoneManager (OzoneManager.java:<init>(672)) - OM start with adminUsers: [*, runner]
2024-02-27 07:52:33,210 [main] WARN  server.ServerUtils (ServerUtils.java:getDBPath(299)) - ozone.om.db.dirs is not configured. We recommend adding this setting. Falling back to ozone.metadata.dirs instead.
2024-02-27 07:52:33,210 [main] INFO  helpers.OmKeyInfo (OmKeyInfo.java:getCodec(71)) - OmKeyInfo.getCodec ignorePipeline = true
2024-02-27 07:52:33,352 [main] INFO  om.OzoneManager (OzoneManager.java:instantiateServices(804)) - S3 Multi-Tenancy is disabled
2024-02-27 07:52:33,352 [main] INFO  om.OmSnapshotManager (OmSnapshotManager.java:<init>(177)) - Ozone filesystem snapshot feature is enabled.
2024-02-27 07:52:33,353 [main] WARN  server.ServerUtils (ServerUtils.java:getDBPath(299)) - ozone.om.snapshot.diff.db.dir is not configured. We recommend adding this setting. Falling back to ozone.metadata.dirs instead.
2024-02-27 07:52:33,371 [main] INFO  utils.NativeLibraryLoader (NativeLibraryLoader.java:loadLibrary(108)) - Loading Library: ozone_rocksdb_tools
2024-02-27 07:52:33,371 [main] ERROR snapshot.SnapshotDiffManager (SnapshotDiffManager.java:initNativeLibraryForEfficientDiff(287)) - Native Library for raw sst file reading loading failed.
org.apache.hadoop.hdds.utils.NativeLibraryNotLoadedException: Unable to load library ozone_rocksdb_tools from both java.library.path & resource file libozone_rocksdb_tools.so from jar.
	at org.apache.hadoop.hdds.utils.db.managed.ManagedRawSSTFileReader.loadLibrary(ManagedRawSSTFileReader.java:38)
	at org.apache.hadoop.ozone.om.snapshot.SnapshotDiffManager.initNativeLibraryForEfficientDiff(SnapshotDiffManager.java:285)
	at org.apache.hadoop.ozone.om.snapshot.SnapshotDiffManager.<init>(SnapshotDiffManager.java:259)
	at org.apache.hadoop.ozone.om.OmSnapshotManager.<init>(OmSnapshotManager.java:279)
	at org.apache.hadoop.ozone.om.OzoneManager.instantiateServices(OzoneManager.java:856)
	at org.apache.hadoop.ozone.om.OzoneManager.<init>(OzoneManager.java:682)
	at org.apache.hadoop.ozone.om.OzoneManager.createOm(OzoneManager.java:767)
	at org.apache.hadoop.ozone.MiniOzoneHAClusterImpl$Builder.createOMService(MiniOzoneHAClusterImpl.java:467)
	at org.apache.hadoop.ozone.MiniOzoneHAClusterImpl$Builder.build(MiniOzoneHAClusterImpl.java:387)
	at org.apache.hadoop.ozone.om.TestOzoneManagerHA.init(TestOzoneManagerHA.java:184)
	at sun.reflect.NativeMethodAccessorImpl.invoke0(Native Method)
	at sun.reflect.NativeMethodAccessorImpl.invoke(NativeMethodAccessorImpl.java:62)
	at sun.reflect.DelegatingMethodAccessorImpl.invoke(DelegatingMethodAccessorImpl.java:43)
	at java.lang.reflect.Method.invoke(Method.java:498)
	at org.junit.platform.commons.util.ReflectionUtils.invokeMethod(ReflectionUtils.java:728)
	at org.junit.jupiter.engine.execution.MethodInvocation.proceed(MethodInvocation.java:60)
	at org.junit.jupiter.engine.execution.InvocationInterceptorChain$ValidatingInvocation.proceed(InvocationInterceptorChain.java:131)
	at org.junit.jupiter.engine.extension.TimeoutExtension.intercept(TimeoutExtension.java:156)
	at org.junit.jupiter.engine.extension.TimeoutExtension.interceptLifecycleMethod(TimeoutExtension.java:128)
	at org.junit.jupiter.engine.extension.TimeoutExtension.interceptBeforeAllMethod(TimeoutExtension.java:70)
	at org.junit.jupiter.engine.execution.InterceptingExecutableInvoker$ReflectiveInterceptorCall.lambda$ofVoidMethod$0(InterceptingExecutableInvoker.java:103)
	at org.junit.jupiter.engine.execution.InterceptingExecutableInvoker.lambda$invoke$0(InterceptingExecutableInvoker.java:93)
	at org.junit.jupiter.engine.execution.InvocationInterceptorChain$InterceptedInvocation.proceed(InvocationInterceptorChain.java:106)
	at org.junit.jupiter.engine.execution.InvocationInterceptorChain.proceed(InvocationInterceptorChain.java:64)
	at org.junit.jupiter.engine.execution.InvocationInterceptorChain.chainAndInvoke(InvocationInterceptorChain.java:45)
	at org.junit.jupiter.engine.execution.InvocationInterceptorChain.invoke(InvocationInterceptorChain.java:37)
	at org.junit.jupiter.engine.execution.InterceptingExecutableInvoker.invoke(InterceptingExecutableInvoker.java:92)
	at org.junit.jupiter.engine.execution.InterceptingExecutableInvoker.invoke(InterceptingExecutableInvoker.java:86)
	at org.junit.jupiter.engine.descriptor.ClassBasedTestDescriptor.lambda$invokeBeforeAllMethods$13(ClassBasedTestDescriptor.java:412)
	at org.junit.platform.engine.support.hierarchical.ThrowableCollector.execute(ThrowableCollector.java:73)
	at org.junit.jupiter.engine.descriptor.ClassBasedTestDescriptor.invokeBeforeAllMethods(ClassBasedTestDescriptor.java:410)
	at org.junit.jupiter.engine.descriptor.ClassBasedTestDescriptor.before(ClassBasedTestDescriptor.java:216)
	at org.junit.jupiter.engine.descriptor.ClassBasedTestDescriptor.before(ClassBasedTestDescriptor.java:85)
	at org.junit.platform.engine.support.hierarchical.NodeTestTask.lambda$executeRecursively$6(NodeTestTask.java:148)
	at org.junit.platform.engine.support.hierarchical.ThrowableCollector.execute(ThrowableCollector.java:73)
	at org.junit.platform.engine.support.hierarchical.NodeTestTask.lambda$executeRecursively$8(NodeTestTask.java:141)
	at org.junit.platform.engine.support.hierarchical.Node.around(Node.java:137)
	at org.junit.platform.engine.support.hierarchical.NodeTestTask.lambda$executeRecursively$9(NodeTestTask.java:139)
	at org.junit.platform.engine.support.hierarchical.ThrowableCollector.execute(ThrowableCollector.java:73)
	at org.junit.platform.engine.support.hierarchical.NodeTestTask.executeRecursively(NodeTestTask.java:138)
	at org.junit.platform.engine.support.hierarchical.NodeTestTask.execute(NodeTestTask.java:95)
	at java.util.ArrayList.forEach(ArrayList.java:1259)
	at org.junit.platform.engine.support.hierarchical.SameThreadHierarchicalTestExecutorService.invokeAll(SameThreadHierarchicalTestExecutorService.java:41)
	at org.junit.platform.engine.support.hierarchical.NodeTestTask.lambda$executeRecursively$6(NodeTestTask.java:155)
	at org.junit.platform.engine.support.hierarchical.ThrowableCollector.execute(ThrowableCollector.java:73)
	at org.junit.platform.engine.support.hierarchical.NodeTestTask.lambda$executeRecursively$8(NodeTestTask.java:141)
	at org.junit.platform.engine.support.hierarchical.Node.around(Node.java:137)
	at org.junit.platform.engine.support.hierarchical.NodeTestTask.lambda$executeRecursively$9(NodeTestTask.java:139)
	at org.junit.platform.engine.support.hierarchical.ThrowableCollector.execute(ThrowableCollector.java:73)
	at org.junit.platform.engine.support.hierarchical.NodeTestTask.executeRecursively(NodeTestTask.java:138)
	at org.junit.platform.engine.support.hierarchical.NodeTestTask.execute(NodeTestTask.java:95)
	at org.junit.platform.engine.support.hierarchical.SameThreadHierarchicalTestExecutorService.submit(SameThreadHierarchicalTestExecutorService.java:35)
	at org.junit.platform.engine.support.hierarchical.HierarchicalTestExecutor.execute(HierarchicalTestExecutor.java:57)
	at org.junit.platform.engine.support.hierarchical.HierarchicalTestEngine.execute(HierarchicalTestEngine.java:54)
	at org.junit.platform.launcher.core.EngineExecutionOrchestrator.execute(EngineExecutionOrchestrator.java:198)
	at org.junit.platform.launcher.core.EngineExecutionOrchestrator.execute(EngineExecutionOrchestrator.java:169)
	at org.junit.platform.launcher.core.EngineExecutionOrchestrator.execute(EngineExecutionOrchestrator.java:93)
	at org.junit.platform.launcher.core.EngineExecutionOrchestrator.lambda$execute$0(EngineExecutionOrchestrator.java:58)
	at org.junit.platform.launcher.core.EngineExecutionOrchestrator.withInterceptedStreams(EngineExecutionOrchestrator.java:141)
	at org.junit.platform.launcher.core.EngineExecutionOrchestrator.execute(EngineExecutionOrchestrator.java:57)
	at org.junit.platform.launcher.core.DefaultLauncher.execute(DefaultLauncher.java:103)
	at org.junit.platform.launcher.core.DefaultLauncher.execute(DefaultLauncher.java:85)
	at org.junit.platform.launcher.core.DelegatingLauncher.execute(DelegatingLauncher.java:47)
	at org.junit.platform.launcher.core.SessionPerRequestLauncher.execute(SessionPerRequestLauncher.java:63)
	at org.apache.maven.surefire.junitplatform.JUnitPlatformProvider.invokeAllTests(JUnitPlatformProvider.java:165)
	at org.apache.maven.surefire.junitplatform.JUnitPlatformProvider.invoke(JUnitPlatformProvider.java:124)
	at org.apache.maven.surefire.booter.ForkedBooter.runSuitesInProcess(ForkedBooter.java:428)
	at org.apache.maven.surefire.booter.ForkedBooter.execute(ForkedBooter.java:162)
	at org.apache.maven.surefire.booter.ForkedBooter.run(ForkedBooter.java:562)
	at org.apache.maven.surefire.booter.ForkedBooter.main(ForkedBooter.java:548)
2024-02-27 07:52:33,373 [main] INFO  om.OzoneManager (OzoneManager.java:addS3GVolumeToDB(4425)) - Created Volume s3v With Owner runner required for S3Gateway operations.
2024-02-27 07:52:33,373 [main] WARN  server.ServerUtils (ServerUtils.java:getDefaultRatisDirectory(311)) - Storage directory for Ratis is not configured. It is a good idea to map this to an SSD disk. Falling back to ozone.metadata.dirs
2024-02-27 07:52:33,373 [main] WARN  utils.OzoneManagerRatisUtils (OzoneManagerRatisUtils.java:getOMRatisSnapshotDirectory(476)) - ozone.om.ratis.snapshot.dir is not configured. Falling back to ozone.metadata.dirs config
2024-02-27 07:52:33,374 [main] INFO  utils.RDBSnapshotProvider (RDBSnapshotProvider.java:init(87)) - Cleaning up the candidate dir: /home/runner/work/ozone/ozone/hadoop-ozone/integration-test/target/test-dir/MiniOzoneClusterImpl-bc2c81e0-d964-4a8e-97ca-887e98ec88c8/omNode-1/snapshot/om.db.candidate
2024-02-27 07:52:33,374 [main] INFO  ratis_snapshot.OmRatisSnapshotProvider (OmRatisSnapshotProvider.java:<init>(99)) - Initializing OM Snapshot Provider
2024-02-27 07:52:33,375 [main] WARN  server.ServerUtils (ServerUtils.java:getDefaultRatisDirectory(311)) - Storage directory for Ratis is not configured. It is a good idea to map this to an SSD disk. Falling back to ozone.metadata.dirs
2024-02-27 07:52:33,375 [main] INFO  ratis.OzoneManagerRatisServer (OzoneManagerRatisServer.java:<init>(167)) - Instantiating OM Ratis server with groupID: om-service-test1 and peers: localhost:15265, localhost:15273, localhost:15269
2024-02-27 07:52:33,376 [main] INFO  ratis.OzoneManagerStateMachine (OzoneManagerStateMachine.java:loadSnapshotInfoFromDB(576)) - TransactionInfo not found in OM DB.
2024-02-27 07:52:33,376 [main] INFO  server.RaftServer (ConfUtils.java:logGet(46)) - raft.rpc.type = GRPC (default)
2024-02-27 07:52:33,376 [main] INFO  grpc.GrpcConfigKeys (ConfUtils.java:logFallback(53)) - raft.grpc.admin.host = null (fallback to raft.grpc.server.host)
2024-02-27 07:52:33,376 [main] INFO  grpc.GrpcConfigKeys (ConfUtils.java:logFallback(53)) - raft.grpc.admin.port = 15265 (fallback to raft.grpc.server.port)
2024-02-27 07:52:33,376 [main] INFO  grpc.GrpcConfigKeys (ConfUtils.java:logFallback(53)) - raft.grpc.client.host = null (fallback to raft.grpc.server.host)
2024-02-27 07:52:33,377 [main] INFO  grpc.GrpcConfigKeys (ConfUtils.java:logFallback(53)) - raft.grpc.client.port = 15265 (fallback to raft.grpc.server.port)
2024-02-27 07:52:33,377 [main] INFO  grpc.GrpcConfigKeys (ConfUtils.java:logGet(46)) - raft.grpc.server.host = null (default)
2024-02-27 07:52:33,377 [main] INFO  grpc.GrpcConfigKeys (ConfUtils.java:logGet(46)) - raft.grpc.server.port = 15265 (custom)
2024-02-27 07:52:33,377 [main] INFO  server.GrpcService (ConfUtils.java:logGet(46)) - raft.grpc.message.size.max = 4194304 (custom)
2024-02-27 07:52:33,377 [main] INFO  server.RaftServerConfigKeys (ConfUtils.java:logGet(46)) - raft.server.log.appender.buffer.byte-limit = 4194304 (custom)
2024-02-27 07:52:33,378 [main] INFO  server.GrpcService (ConfUtils.java:logGet(46)) - raft.grpc.flow.control.window = 1MB (=1048576) (default)
2024-02-27 07:52:33,378 [main] INFO  server.RaftServerConfigKeys (ConfUtils.java:logGet(46)) - raft.server.rpc.request.timeout = 3000ms (default)
2024-02-27 07:52:33,378 [main] INFO  grpc.GrpcConfigKeys (ConfUtils.java:logGet(46)) - raft.grpc.server.heartbeat.channel = true (default)
2024-02-27 07:52:33,378 [main] INFO  grpc.GrpcConfigKeys (ConfUtils.java:logGet(46)) - raft.grpc.server.async.request.thread.pool.cached = true (default)
2024-02-27 07:52:33,378 [main] INFO  grpc.GrpcConfigKeys (ConfUtils.java:logGet(46)) - raft.grpc.server.async.request.thread.pool.size = 32 (default)
2024-02-27 07:52:33,379 [main] INFO  impl.DataStreamServerImpl (ConfUtils.java:logGet(46)) - raft.datastream.type = DISABLED (default)
2024-02-27 07:52:33,379 [main] INFO  server.RaftServerConfigKeys (ConfUtils.java:logGet(46)) - raft.server.sleep.deviation.threshold = 300ms (default)
2024-02-27 07:52:33,380 [main] INFO  server.RaftServerConfigKeys (ConfUtils.java:logGet(46)) - raft.server.close.threshold = 60s (default)
2024-02-27 07:52:33,380 [main] INFO  server.RaftServerConfigKeys (ConfUtils.java:logGet(46)) - raft.server.leaderelection.leader.step-down.wait-time = 10s (default)
2024-02-27 07:52:33,380 [main] INFO  server.RaftServerConfigKeys (ConfUtils.java:logGet(46)) - raft.server.storage.dir = [/home/runner/work/ozone/ozone/hadoop-ozone/integration-test/target/test-dir/MiniOzoneClusterImpl-bc2c81e0-d964-4a8e-97ca-887e98ec88c8/omNode-1/ratis] (custom)
2024-02-27 07:52:33,380 [main] INFO  server.RaftServerConfigKeys (ConfUtils.java:logGet(46)) - raft.server.threadpool.proxy.cached = true (default)
2024-02-27 07:52:33,380 [main] INFO  server.RaftServerConfigKeys (ConfUtils.java:logGet(46)) - raft.server.threadpool.proxy.size = 0 (default)
2024-02-27 07:52:33,381 [main] INFO  server.RaftServer (RaftServerProxy.java:addNew(100)) - omNode-1: addNew group-523986131536:[omNode-3|localhost:15273, omNode-1|localhost:15265, omNode-2|localhost:15269] returns group-523986131536:java.util.concurrent.CompletableFuture@bc258a0[Not completed]
2024-02-27 07:52:33,381 [omNode-1-groupManagement] INFO  server.RaftServer$Division (RaftServerImpl.java:<init>(256)) - omNode-1: new RaftServerImpl for group-523986131536:[omNode-3|localhost:15273, omNode-1|localhost:15265, omNode-2|localhost:15269] with OzoneManagerStateMachine:uninitialized
2024-02-27 07:52:33,381 [main] INFO  om.OzoneManager (OzoneManager.java:initializeRatisServer(2140)) - OzoneManager Ratis server initialized at port 15265
2024-02-27 07:52:33,381 [omNode-1-groupManagement] INFO  server.RaftServerConfigKeys (ConfUtils.java:logGet(46)) - raft.server.rpc.timeout.min = 1s (custom)
2024-02-27 07:52:33,381 [main] INFO  om.OzoneManager (OzoneManager.java:getRpcServer(1206)) - Creating RPC Server
2024-02-27 07:52:33,381 [omNode-1-groupManagement] INFO  server.RaftServerConfigKeys (ConfUtils.java:logGet(46)) - raft.server.rpc.timeout.max = 1200ms (custom)
2024-02-27 07:52:33,381 [omNode-1-groupManagement] INFO  server.RaftServerConfigKeys (ConfUtils.java:logGet(46)) - raft.server.rpc.sleep.time = 25ms (default)
2024-02-27 07:52:33,381 [omNode-1-groupManagement] INFO  server.RaftServerConfigKeys (ConfUtils.java:logGet(46)) - raft.server.rpc.slowness.timeout = 2s (custom)
2024-02-27 07:52:33,381 [omNode-1-groupManagement] INFO  server.RaftServerConfigKeys (ConfUtils.java:logGet(46)) - raft.server.leaderelection.leader.step-down.wait-time = 10s (default)
2024-02-27 07:52:33,381 [omNode-1-groupManagement] INFO  server.RaftServerConfigKeys (ConfUtils.java:logGet(46)) - raft.server.leaderelection.member.majority-add = false (default)
2024-02-27 07:52:33,381 [omNode-1-groupManagement] INFO  server.RaftServerConfigKeys (ConfUtils.java:logGet(46)) - raft.server.sleep.deviation.threshold = 300ms (default)
2024-02-27 07:52:33,382 [omNode-1-groupManagement] INFO  server.RaftServer$Division (ServerState.java:<init>(113)) - omNode-1@group-523986131536: ConfigurationManager, init=-1: peers:[omNode-3|localhost:15273, omNode-1|localhost:15265, omNode-2|localhost:15269]|listeners:[], old=null, confs=<EMPTY_MAP>
2024-02-27 07:52:33,382 [omNode-1-groupManagement] INFO  server.RaftServerConfigKeys (ConfUtils.java:logGet(46)) - raft.server.notification.no-leader.timeout = 2s (custom)
2024-02-27 07:52:33,382 [omNode-1-groupManagement] INFO  server.RaftServerConfigKeys (ConfUtils.java:logGet(46)) - raft.server.read.timeout = 10s (default)
2024-02-27 07:52:33,382 [omNode-1-groupManagement] INFO  server.RaftServerConfigKeys (ConfUtils.java:logGet(46)) - raft.server.retrycache.expirytime = 30000ms (custom)
2024-02-27 07:52:33,382 [omNode-1-groupManagement] INFO  server.RaftServerConfigKeys (ConfUtils.java:logGet(46)) - raft.server.retrycache.statistics.expirytime = 100ms (default)
2024-02-27 07:52:33,382 [omNode-1-groupManagement] INFO  server.RaftServerConfigKeys (ConfUtils.java:logGet(46)) - raft.server.read.option = DEFAULT (default)
2024-02-27 07:52:33,382 [omNode-1-groupManagement] INFO  server.RaftServerConfigKeys (ConfUtils.java:logGet(46)) - raft.server.read.read-after-write-consistent.write-index-cache.expiry-time = 60s (default)
2024-02-27 07:52:33,383 [omNode-1-groupManagement] INFO  server.RaftServerConfigKeys (ConfUtils.java:logGet(46)) - raft.server.rpc.request.timeout = 3000ms (default)
2024-02-27 07:52:33,383 [omNode-1-groupManagement] INFO  server.RaftServerConfigKeys (ConfUtils.java:logGet(46)) - raft.server.log.appender.install.snapshot.enabled = false (custom)
2024-02-27 07:52:33,383 [omNode-1-groupManagement] INFO  server.RaftServerConfigKeys (ConfUtils.java:logGet(46)) - raft.server.threadpool.server.cached = true (default)
2024-02-27 07:52:33,383 [omNode-1-groupManagement] INFO  server.RaftServerConfigKeys (ConfUtils.java:logGet(46)) - raft.server.threadpool.server.size = 0 (default)
2024-02-27 07:52:33,383 [omNode-1-groupManagement] INFO  server.RaftServerConfigKeys (ConfUtils.java:logGet(46)) - raft.server.threadpool.client.cached = true (default)
2024-02-27 07:52:33,383 [omNode-1-groupManagement] INFO  server.RaftServerConfigKeys (ConfUtils.java:logGet(46)) - raft.server.threadpool.client.size = 0 (default)
2024-02-27 07:52:33,568 [main] INFO  ipc.CallQueueManager (CallQueueManager.java:<init>(90)) - Using callQueue: class java.util.concurrent.LinkedBlockingQueue, queueCapacity: 2000, scheduler: class org.apache.hadoop.ipc.DefaultRpcScheduler, ipcBackoff: false.
2024-02-27 07:52:33,568 [main] INFO  ipc.Server (Server.java:<init>(1287)) - Listener at 127.0.0.1:15262
2024-02-27 07:52:33,568 [Socket Reader #1 for port 15262] INFO  ipc.Server (Server.java:run(1323)) - Starting Socket Reader #1 for port 15262
2024-02-27 07:52:33,581 [main] INFO  impl.MetricsSystemImpl (MetricsSystemImpl.java:init(158)) - OzoneManager metrics system started (again)
2024-02-27 07:52:33,588 [main] INFO  om.OzoneManager (OzoneManager.java:start(1628)) - OzoneManager RPC server is listening at localhost/127.0.0.1:15262
2024-02-27 07:52:33,588 [main] INFO  ratis.OzoneManagerRatisServer (OzoneManagerRatisServer.java:start(588)) - Starting OzoneManagerRatisServer omNode-1 at port 15265
2024-02-27 07:52:33,588 [omNode-1-impl-thread1] INFO  server.RaftServerConfigKeys (ConfUtils.java:logGet(46)) - raft.server.storage.free-space.min = 0MB (=0) (default)
2024-02-27 07:52:33,588 [omNode-1-impl-thread1] INFO  server.RaftServerConfigKeys (ConfUtils.java:logGet(46)) - raft.server.log.corruption.policy = EXCEPTION (default)
2024-02-27 07:52:33,588 [omNode-1-impl-thread1] INFO  server.RaftServerConfigKeys (ConfUtils.java:logGet(46)) - raft.server.storage.dir = [/home/runner/work/ozone/ozone/hadoop-ozone/integration-test/target/test-dir/MiniOzoneClusterImpl-bc2c81e0-d964-4a8e-97ca-887e98ec88c8/omNode-1/ratis] (custom)
2024-02-27 07:52:33,589 [omNode-1-impl-thread1] INFO  storage.RaftStorageDirectory (RaftStorageDirectoryImpl.java:analyzeStorage(138)) - The storage directory /home/runner/work/ozone/ozone/hadoop-ozone/integration-test/target/test-dir/MiniOzoneClusterImpl-bc2c81e0-d964-4a8e-97ca-887e98ec88c8/omNode-1/ratis/c9bc4cf4-3bc3-3c60-a66b-523986131536 does not exist. Creating ...
2024-02-27 07:52:33,590 [omNode-1-impl-thread1] INFO  storage.RaftStorageDirectory (RaftStorageDirectoryImpl.java:tryLock(228)) - Lock on /home/runner/work/ozone/ozone/hadoop-ozone/integration-test/target/test-dir/MiniOzoneClusterImpl-bc2c81e0-d964-4a8e-97ca-887e98ec88c8/omNode-1/ratis/c9bc4cf4-3bc3-3c60-a66b-523986131536/in_use.lock acquired by nodename 40924@fv-az699-61
2024-02-27 07:52:33,591 [omNode-1-impl-thread1] INFO  storage.RaftStorage (RaftStorageImpl.java:format(99)) - Storage directory /home/runner/work/ozone/ozone/hadoop-ozone/integration-test/target/test-dir/MiniOzoneClusterImpl-bc2c81e0-d964-4a8e-97ca-887e98ec88c8/omNode-1/ratis/c9bc4cf4-3bc3-3c60-a66b-523986131536 has been successfully formatted.
2024-02-27 07:52:33,591 [omNode-1-impl-thread1] WARN  util.FileUtils (LogUtils.java:supplyAndLog(63)) - Failed to Files.newInputStream /home/runner/work/ozone/ozone/hadoop-ozone/integration-test/target/test-dir/MiniOzoneClusterImpl-bc2c81e0-d964-4a8e-97ca-887e98ec88c8/omNode-1/ratis/c9bc4cf4-3bc3-3c60-a66b-523986131536/current/raft-meta.conf with options []: java.nio.file.NoSuchFileException: /home/runner/work/ozone/ozone/hadoop-ozone/integration-test/target/test-dir/MiniOzoneClusterImpl-bc2c81e0-d964-4a8e-97ca-887e98ec88c8/omNode-1/ratis/c9bc4cf4-3bc3-3c60-a66b-523986131536/current/raft-meta.conf
2024-02-27 07:52:33,591 [omNode-1-impl-thread1] INFO  server.RaftServerConfigKeys (ConfUtils.java:logGet(46)) - raft.server.log.use.memory = false (default)
2024-02-27 07:52:33,591 [omNode-1-impl-thread1] INFO  server.RaftServerConfigKeys (ConfUtils.java:logGet(46)) - raft.server.log.purge.gap = 50 (custom)
2024-02-27 07:52:33,591 [omNode-1-impl-thread1] INFO  server.RaftServerConfigKeys (ConfUtils.java:logGet(46)) - raft.server.log.appender.buffer.byte-limit = 4194304 (custom)
2024-02-27 07:52:33,591 [omNode-1-impl-thread1] INFO  server.RaftServerConfigKeys (ConfUtils.java:logGet(46)) - raft.server.log.statemachine.data.read.timeout = 1000ms (default)
2024-02-27 07:52:33,591 [omNode-1-impl-thread1] INFO  server.RaftServerConfigKeys (ConfUtils.java:logGet(46)) - raft.server.log.purge.preservation.log.num = 0 (default)
2024-02-27 07:52:33,592 [omNode-1-impl-thread1] INFO  server.RaftServerConfigKeys (ConfUtils.java:logGet(46)) - raft.server.log.segment.size.max = 4194304 (custom)
2024-02-27 07:52:33,592 [omNode-1-impl-thread1] INFO  server.RaftServerConfigKeys (ConfUtils.java:logGet(46)) - raft.server.log.segment.cache.num.max = 2 (custom)
2024-02-27 07:52:33,592 [omNode-1-impl-thread1] INFO  server.RaftServerConfigKeys (ConfUtils.java:logGet(46)) - raft.server.log.segment.cache.size.max = 200MB (=209715200) (default)
2024-02-27 07:52:33,592 [omNode-1-impl-thread1] INFO  server.RaftServerConfigKeys (ConfUtils.java:logGet(46)) - raft.server.log.appender.buffer.byte-limit = 4194304 (custom)
2024-02-27 07:52:33,592 [omNode-1-impl-thread1] INFO  util.AwaitToRun (AwaitToRun.java:start(81)) - Thread[omNode-1@group-523986131536-cacheEviction-AwaitToRun,5,main] started
2024-02-27 07:52:33,592 [omNode-1-impl-thread1] INFO  segmented.SegmentedRaftLogWorker (SegmentedRaftLogWorker.java:<init>(182)) - new omNode-1@group-523986131536-SegmentedRaftLogWorker for RaftStorageImpl:Storage Directory /home/runner/work/ozone/ozone/hadoop-ozone/integration-test/target/test-dir/MiniOzoneClusterImpl-bc2c81e0-d964-4a8e-97ca-887e98ec88c8/omNode-1/ratis/c9bc4cf4-3bc3-3c60-a66b-523986131536
2024-02-27 07:52:33,592 [omNode-1-impl-thread1] INFO  server.RaftServerConfigKeys (ConfUtils.java:logGet(46)) - raft.server.log.queue.byte-limit = 64MB (=67108864) (default)
2024-02-27 07:52:33,592 [omNode-1-impl-thread1] INFO  server.RaftServerConfigKeys (ConfUtils.java:logGet(46)) - raft.server.log.queue.element-limit = 4096 (default)
2024-02-27 07:52:33,592 [omNode-1-impl-thread1] INFO  server.RaftServerConfigKeys (ConfUtils.java:logGet(46)) - raft.server.log.segment.size.max = 4194304 (custom)
2024-02-27 07:52:33,592 [omNode-1-impl-thread1] INFO  server.RaftServerConfigKeys (ConfUtils.java:logGet(46)) - raft.server.log.preallocated.size = 4194304 (custom)
2024-02-27 07:52:33,592 [omNode-1-impl-thread1] INFO  server.RaftServerConfigKeys (ConfUtils.java:logGet(46)) - raft.server.log.force.sync.num = 128 (default)
2024-02-27 07:52:33,592 [omNode-1-impl-thread1] INFO  server.RaftServerConfigKeys (ConfUtils.java:logGet(46)) - raft.server.log.statemachine.data.sync = true (default)
2024-02-27 07:52:33,593 [omNode-1-impl-thread1] INFO  server.RaftServerConfigKeys (ConfUtils.java:logGet(46)) - raft.server.log.statemachine.data.sync.timeout = 10s (default)
2024-02-27 07:52:33,593 [omNode-1-impl-thread1] INFO  server.RaftServerConfigKeys (ConfUtils.java:logGet(46)) - raft.server.log.statemachine.data.sync.timeout.retry = -1 (default)
2024-02-27 07:52:33,593 [omNode-1-impl-thread1] INFO  server.RaftServerConfigKeys (ConfUtils.java:logGet(46)) - raft.server.log.write.buffer.size = 4194312 (custom)
2024-02-27 07:52:33,593 [omNode-1-impl-thread1] INFO  server.RaftServerConfigKeys (ConfUtils.java:logGet(46)) - raft.server.log.appender.buffer.byte-limit = 4194304 (custom)
2024-02-27 07:52:33,593 [omNode-1-impl-thread1] INFO  server.RaftServerConfigKeys (ConfUtils.java:logGet(46)) - raft.server.log.unsafe-flush.enabled = false (default)
2024-02-27 07:52:33,593 [omNode-1-impl-thread1] INFO  server.RaftServerConfigKeys (ConfUtils.java:logGet(46)) - raft.server.log.async-flush.enabled = false (default)
2024-02-27 07:52:33,593 [omNode-1-impl-thread1] INFO  server.RaftServerConfigKeys (ConfUtils.java:logGet(46)) - raft.server.log.statemachine.data.caching.enabled = false (default)
2024-02-27 07:52:33,593 [omNode-1-impl-thread1] INFO  segmented.SegmentedRaftLogWorker (SegmentedRaftLogWorker.java:lambda$new$0(134)) - omNode-1@group-523986131536-SegmentedRaftLogWorker: flushIndex: setUnconditionally 0 -> -1
2024-02-27 07:52:33,593 [omNode-1-impl-thread1] INFO  segmented.SegmentedRaftLogWorker (SegmentedRaftLogWorker.java:lambda$new$0(134)) - omNode-1@group-523986131536-SegmentedRaftLogWorker: safeCacheEvictIndex: setUnconditionally 0 -> -1
2024-02-27 07:52:33,593 [omNode-1-impl-thread1] INFO  server.RaftServer$Division (RaftServerImpl.java:start(396)) - omNode-1@group-523986131536: start as a follower, conf=-1: peers:[omNode-3|localhost:15273, omNode-1|localhost:15265, omNode-2|localhost:15269]|listeners:[], old=null
2024-02-27 07:52:33,593 [omNode-1-impl-thread1] INFO  server.RaftServer$Division (RaftServerImpl.java:setRole(383)) - omNode-1@group-523986131536: changes role from      null to FOLLOWER at term 0 for startAsFollower
2024-02-27 07:52:33,593 [omNode-1-impl-thread1] INFO  impl.RoleInfo (RoleInfo.java:updateAndGet(139)) - omNode-1: start omNode-1@group-523986131536-FollowerState
2024-02-27 07:52:33,594 [omNode-1@group-523986131536-FollowerState] INFO  server.RaftServerConfigKeys (ConfUtils.java:logFallback(53)) - raft.server.rpc.first-election.timeout.min = 1s (fallback to raft.server.rpc.timeout.min)
2024-02-27 07:52:33,594 [omNode-1-impl-thread1] INFO  util.JmxRegister (JmxRegister.java:tryRegister(44)) - Successfully registered JMX Bean with object name Ratis:service=RaftServer,group=group-523986131536,id=omNode-1
2024-02-27 07:52:33,594 [omNode-1@group-523986131536-FollowerState] INFO  server.RaftServerConfigKeys (ConfUtils.java:logFallback(53)) - raft.server.rpc.first-election.timeout.max = 1200ms (fallback to raft.server.rpc.timeout.max)
2024-02-27 07:52:33,594 [omNode-1-impl-thread1] INFO  server.RaftServerConfigKeys (ConfUtils.java:logGet(46)) - raft.server.snapshot.trigger-when-stop.enabled = true (default)
2024-02-27 07:52:33,594 [omNode-1-impl-thread1] INFO  server.RaftServerConfigKeys (ConfUtils.java:logGet(46)) - raft.server.snapshot.auto.trigger.enabled = true (custom)
2024-02-27 07:52:33,594 [omNode-1-impl-thread1] INFO  server.RaftServerConfigKeys (ConfUtils.java:logGet(46)) - raft.server.snapshot.auto.trigger.threshold = 50 (custom)
2024-02-27 07:52:33,594 [omNode-1-impl-thread1] INFO  server.RaftServerConfigKeys (ConfUtils.java:logGet(46)) - raft.server.snapshot.retention.file.num = -1 (default)
2024-02-27 07:52:33,594 [omNode-1-impl-thread1] INFO  server.RaftServerConfigKeys (ConfUtils.java:logGet(46)) - raft.server.log.purge.upto.snapshot.index = true (custom)
2024-02-27 07:52:33,594 [main] INFO  server.RaftServer (RaftServerProxy.java:startImpl(406)) - omNode-1: start RPC server
2024-02-27 07:52:33,596 [main] INFO  server.GrpcService (GrpcService.java:startImpl(302)) - omNode-1: GrpcService started, listening on 15265
2024-02-27 07:52:33,596 [JvmPauseMonitor70] INFO  util.JvmPauseMonitor (JvmPauseMonitor.java:run(146)) - JvmPauseMonitor-omNode-1: Started
2024-02-27 07:52:33,596 [main] INFO  om.OzoneManager (OzoneManager.java:start(1644)) - Version File has different layout version (6) than OM DB (null). That is expected if this OM has never been finalized to a newer layout version.
2024-02-27 07:52:33,598 [main] INFO  http.BaseHttpServer (BaseHttpServer.java:newHttpServer2BuilderForOzone(223)) - Starting Web-server for ozoneManager at: http://0.0.0.0:15263
2024-02-27 07:52:33,598 [main] INFO  http.BaseHttpServer (BaseHttpServer.java:<init>(110)) - Hadoop Security Enabled: false Ozone Security Enabled: false Ozone HTTP Security Enabled: false 
2024-02-27 07:52:33,599 [main] WARN  server.AuthenticationFilter (AuthenticationFilter.java:constructSecretProvider(240)) - Unable to initialize FileSignerSecretProvider, falling back to use random secrets. Reason: Could not read signature secret file: /home/runner/hadoop-http-auth-signature-secret
2024-02-27 07:52:33,599 [main] INFO  http.HttpRequestLog (HttpRequestLog.java:getRequestLog(86)) - Http request log for http.requests.ozoneManager is not defined
2024-02-27 07:52:33,600 [main] INFO  http.HttpServer2 (HttpServer2.java:addGlobalFilter(1036)) - Added global filter 'safety' (class=org.apache.hadoop.hdds.server.http.HttpServer2$QuotingInputFilter)
2024-02-27 07:52:33,600 [main] INFO  http.HttpServer2 (HttpServer2.java:addFilter(1012)) - Added filter static_user_filter (class=org.apache.hadoop.http.lib.StaticUserWebFilter$StaticUserFilter) to context ozoneManager
2024-02-27 07:52:33,600 [main] INFO  http.HttpServer2 (HttpServer2.java:addFilter(1020)) - Added filter static_user_filter (class=org.apache.hadoop.http.lib.StaticUserWebFilter$StaticUserFilter) to context logs
2024-02-27 07:52:33,601 [main] INFO  http.HttpServer2 (HttpServer2.java:addFilter(1020)) - Added filter static_user_filter (class=org.apache.hadoop.http.lib.StaticUserWebFilter$StaticUserFilter) to context static
2024-02-27 07:52:33,601 [main] INFO  http.BaseHttpServer (BaseHttpServer.java:<init>(189)) - HTTP server of ozoneManager uses base directory /home/runner/work/ozone/ozone/hadoop-ozone/integration-test/target/test-dir/MiniOzoneClusterImpl-bc2c81e0-d964-4a8e-97ca-887e98ec88c8/omNode-1/webserver
2024-02-27 07:52:33,601 [main] INFO  http.HttpServer2 (HttpServer2.java:bindListener(1236)) - Jetty bound to port 15263
2024-02-27 07:52:33,601 [main] INFO  server.Server (Server.java:doStart(375)) - jetty-9.4.53.v20231009; built: 2023-10-09T12:29:09.265Z; git: 27bde00a0b95a1d5bbee0eae7984f891d2d0f8c9; jvm 1.8.0_402-b06
2024-02-27 07:52:33,602 [main] INFO  server.session (DefaultSessionIdManager.java:doStart(334)) - DefaultSessionIdManager workerName=node0
2024-02-27 07:52:33,602 [main] INFO  server.session (DefaultSessionIdManager.java:doStart(339)) - No SessionScavenger set, using defaults
2024-02-27 07:52:33,602 [main] INFO  server.session (HouseKeeper.java:startScavenging(132)) - node0 Scavenging every 660000ms
2024-02-27 07:52:33,603 [main] INFO  handler.ContextHandler (ContextHandler.java:doStart(921)) - Started o.e.j.s.ServletContextHandler@3c9570e4{logs,/logs,file:///home/runner/work/ozone/ozone/hadoop-ozone/integration-test/target/log,AVAILABLE}
2024-02-27 07:52:33,603 [main] INFO  handler.ContextHandler (ContextHandler.java:doStart(921)) - Started o.e.j.s.ServletContextHandler@5efc8552{static,/static,file:///home/runner/work/ozone/ozone/hadoop-ozone/integration-test/target/test-classes/webapps/static,AVAILABLE}
2024-02-27 07:52:33,604 [main] INFO  handler.ContextHandler (ContextHandler.java:doStart(921)) - Started o.e.j.w.WebAppContext@542eddc3{ozoneManager,/,file:///home/runner/work/ozone/ozone/hadoop-ozone/integration-test/target/test-classes/webapps/ozoneManager/,AVAILABLE}{file:/home/runner/work/ozone/ozone/hadoop-ozone/integration-test/target/test-classes/webapps/ozoneManager}
2024-02-27 07:52:33,605 [main] INFO  server.AbstractConnector (AbstractConnector.java:doStart(333)) - Started ServerConnector@12bd2841{HTTP/1.1, (http/1.1)}{0.0.0.0:15263}
2024-02-27 07:52:33,605 [main] INFO  server.Server (Server.java:doStart(415)) - Started @836313ms
2024-02-27 07:52:33,605 [main] WARN  impl.MetricsSystemImpl (MetricsSystemImpl.java:register(279)) - Sink prometheus already exists!
2024-02-27 07:52:33,605 [main] INFO  http.BaseHttpServer (BaseHttpServer.java:updateConnectorAddress(354)) - HTTP server of ozoneManager listening at http://0.0.0.0:15263
2024-02-27 07:52:33,606 [IPC Server Responder] INFO  ipc.Server (Server.java:run(1562)) - IPC Server Responder: starting
2024-02-27 07:52:33,606 [IPC Server listener on 15262] INFO  ipc.Server (Server.java:run(1402)) - IPC Server listener on 15262: starting
2024-02-27 07:52:33,608 [main] INFO  om.OzoneManager (OzoneManager.java:startTrashEmptier(2093)) - Trash Interval set to 0. Files deleted won't move to trash
2024-02-27 07:52:33,608 [main] INFO  ozone.MiniOzoneHAClusterImpl (MiniOzoneHAClusterImpl.java:createOMService(474)) - Started OzoneManager omNode-1 RPC server at localhost/127.0.0.1:15262
2024-02-27 07:52:33,609 [main] INFO  ha.OMHANodeDetails (OMHANodeDetails.java:loadOMHAConfig(121)) - ServiceID for OzoneManager is om-service-test1
2024-02-27 07:52:33,609 [main] INFO  ha.OMHANodeDetails (OMHANodeDetails.java:loadOMHAConfig(201)) - Found matching OM address with OMServiceId: om-service-test1, OMNodeId: omNode-2, RPC Address: localhost:15266 and Ratis port: 15269
2024-02-27 07:52:33,609 [main] INFO  ha.OMHANodeDetails (ConfUtils.java:setNodeSpecificConfigs(97)) - Setting configuration key ozone.om.http-address with value of key ozone.om.http-address.om-service-test1.omNode-2: 127.0.0.1:15267
2024-02-27 07:52:33,609 [main] INFO  ha.OMHANodeDetails (ConfUtils.java:setNodeSpecificConfigs(97)) - Setting configuration key ozone.om.https-address with value of key ozone.om.https-address.om-service-test1.omNode-2: 127.0.0.1:15268
2024-02-27 07:52:33,609 [main] INFO  ha.OMHANodeDetails (ConfUtils.java:setNodeSpecificConfigs(97)) - Setting configuration key ozone.om.address with value of key ozone.om.address.om-service-test1.omNode-2: 127.0.0.1:15266
2024-02-27 07:52:33,610 [main] WARN  server.ServerUtils (ServerUtils.java:getDBPath(299)) - ozone.om.db.dirs is not configured. We recommend adding this setting. Falling back to ozone.metadata.dirs instead.
2024-02-27 07:52:33,610 [main] INFO  proxy.SCMBlockLocationFailoverProxyProvider (SCMBlockLocationFailoverProxyProvider.java:<init>(115)) - Created block location fail-over proxy with 1 nodes: [nodeId=scmNodeId,nodeAddress=/0.0.0.0:15259]
OM initialization succeeded.Current cluster id for sd=/home/runner/work/ozone/ozone/hadoop-ozone/integration-test/target/test-dir/MiniOzoneClusterImpl-bc2c81e0-d964-4a8e-97ca-887e98ec88c8/omNode-2/om;cid=bc2c81e0-d964-4a8e-97ca-887e98ec88c8;layoutVersion=6
2024-02-27 07:52:33,616 [main] INFO  ha.OMHANodeDetails (OMHANodeDetails.java:loadOMHAConfig(121)) - ServiceID for OzoneManager is om-service-test1
2024-02-27 07:52:33,618 [main] INFO  ha.OMHANodeDetails (OMHANodeDetails.java:loadOMHAConfig(201)) - Found matching OM address with OMServiceId: om-service-test1, OMNodeId: omNode-2, RPC Address: localhost:15266 and Ratis port: 15269
2024-02-27 07:52:33,618 [main] INFO  ha.OMHANodeDetails (ConfUtils.java:setNodeSpecificConfigs(97)) - Setting configuration key ozone.om.http-address with value of key ozone.om.http-address.om-service-test1.omNode-2: 127.0.0.1:15267
2024-02-27 07:52:33,618 [main] INFO  ha.OMHANodeDetails (ConfUtils.java:setNodeSpecificConfigs(97)) - Setting configuration key ozone.om.https-address with value of key ozone.om.https-address.om-service-test1.omNode-2: 127.0.0.1:15268
2024-02-27 07:52:33,618 [main] INFO  ha.OMHANodeDetails (ConfUtils.java:setNodeSpecificConfigs(97)) - Setting configuration key ozone.om.address with value of key ozone.om.address.om-service-test1.omNode-2: 127.0.0.1:15266
2024-02-27 07:52:33,618 [main] WARN  server.ServerUtils (ServerUtils.java:getDBPath(299)) - ozone.om.db.dirs is not configured. We recommend adding this setting. Falling back to ozone.metadata.dirs instead.
2024-02-27 07:52:33,619 [main] INFO  upgrade.AbstractLayoutVersionManager (AbstractLayoutVersionManager.java:init(83)) - Initializing Layout version manager with metadata layout = QUOTA (version = 6), software layout = QUOTA (version = 6)
2024-02-27 07:52:33,651 [main] INFO  upgrade.OMLayoutVersionManager (OMLayoutVersionManager.java:lambda$0(113)) - Skipping Upgrade Action QuotaRepairUpgradeAction since it has been finalized.
2024-02-27 07:52:33,651 [main] INFO  upgrade.OMLayoutVersionManager (OMLayoutVersionManager.java:lambda$0(113)) - Skipping Upgrade Action MockOmUpgradeAction since it has been finalized.
2024-02-27 07:52:33,651 [main] WARN  server.ServerUtils (ServerUtils.java:getDBPath(299)) - ozone.om.db.dirs is not configured. We recommend adding this setting. Falling back to ozone.metadata.dirs instead.
2024-02-27 07:52:33,652 [main] INFO  proxy.SCMBlockLocationFailoverProxyProvider (SCMBlockLocationFailoverProxyProvider.java:<init>(115)) - Created block location fail-over proxy with 1 nodes: [nodeId=scmNodeId,nodeAddress=/0.0.0.0:15259]
2024-02-27 07:52:33,652 [main] INFO  proxy.SCMBlockLocationFailoverProxyProvider (SCMBlockLocationFailoverProxyProvider.java:<init>(115)) - Created block location fail-over proxy with 1 nodes: [nodeId=scmNodeId,nodeAddress=/0.0.0.0:15259]
2024-02-27 07:52:33,656 [main] INFO  om.OzoneManager (OzoneManager.java:<init>(672)) - OM start with adminUsers: [*, runner]
2024-02-27 07:52:33,656 [main] WARN  server.ServerUtils (ServerUtils.java:getDBPath(299)) - ozone.om.db.dirs is not configured. We recommend adding this setting. Falling back to ozone.metadata.dirs instead.
2024-02-27 07:52:33,657 [main] INFO  helpers.OmKeyInfo (OmKeyInfo.java:getCodec(71)) - OmKeyInfo.getCodec ignorePipeline = true
2024-02-27 07:52:33,806 [main] INFO  om.OzoneManager (OzoneManager.java:instantiateServices(804)) - S3 Multi-Tenancy is disabled
2024-02-27 07:52:33,807 [main] INFO  om.OmSnapshotManager (OmSnapshotManager.java:<init>(177)) - Ozone filesystem snapshot feature is enabled.
2024-02-27 07:52:33,807 [main] WARN  server.ServerUtils (ServerUtils.java:getDBPath(299)) - ozone.om.snapshot.diff.db.dir is not configured. We recommend adding this setting. Falling back to ozone.metadata.dirs instead.
2024-02-27 07:52:33,825 [main] INFO  utils.NativeLibraryLoader (NativeLibraryLoader.java:loadLibrary(108)) - Loading Library: ozone_rocksdb_tools
2024-02-27 07:52:33,826 [main] ERROR snapshot.SnapshotDiffManager (SnapshotDiffManager.java:initNativeLibraryForEfficientDiff(287)) - Native Library for raw sst file reading loading failed.
org.apache.hadoop.hdds.utils.NativeLibraryNotLoadedException: Unable to load library ozone_rocksdb_tools from both java.library.path & resource file libozone_rocksdb_tools.so from jar.
	at org.apache.hadoop.hdds.utils.db.managed.ManagedRawSSTFileReader.loadLibrary(ManagedRawSSTFileReader.java:38)
	at org.apache.hadoop.ozone.om.snapshot.SnapshotDiffManager.initNativeLibraryForEfficientDiff(SnapshotDiffManager.java:285)
	at org.apache.hadoop.ozone.om.snapshot.SnapshotDiffManager.<init>(SnapshotDiffManager.java:259)
	at org.apache.hadoop.ozone.om.OmSnapshotManager.<init>(OmSnapshotManager.java:279)
	at org.apache.hadoop.ozone.om.OzoneManager.instantiateServices(OzoneManager.java:856)
	at org.apache.hadoop.ozone.om.OzoneManager.<init>(OzoneManager.java:682)
	at org.apache.hadoop.ozone.om.OzoneManager.createOm(OzoneManager.java:767)
	at org.apache.hadoop.ozone.MiniOzoneHAClusterImpl$Builder.createOMService(MiniOzoneHAClusterImpl.java:467)
	at org.apache.hadoop.ozone.MiniOzoneHAClusterImpl$Builder.build(MiniOzoneHAClusterImpl.java:387)
	at org.apache.hadoop.ozone.om.TestOzoneManagerHA.init(TestOzoneManagerHA.java:184)
	at sun.reflect.NativeMethodAccessorImpl.invoke0(Native Method)
	at sun.reflect.NativeMethodAccessorImpl.invoke(NativeMethodAccessorImpl.java:62)
	at sun.reflect.DelegatingMethodAccessorImpl.invoke(DelegatingMethodAccessorImpl.java:43)
	at java.lang.reflect.Method.invoke(Method.java:498)
	at org.junit.platform.commons.util.ReflectionUtils.invokeMethod(ReflectionUtils.java:728)
	at org.junit.jupiter.engine.execution.MethodInvocation.proceed(MethodInvocation.java:60)
	at org.junit.jupiter.engine.execution.InvocationInterceptorChain$ValidatingInvocation.proceed(InvocationInterceptorChain.java:131)
	at org.junit.jupiter.engine.extension.TimeoutExtension.intercept(TimeoutExtension.java:156)
	at org.junit.jupiter.engine.extension.TimeoutExtension.interceptLifecycleMethod(TimeoutExtension.java:128)
	at org.junit.jupiter.engine.extension.TimeoutExtension.interceptBeforeAllMethod(TimeoutExtension.java:70)
	at org.junit.jupiter.engine.execution.InterceptingExecutableInvoker$ReflectiveInterceptorCall.lambda$ofVoidMethod$0(InterceptingExecutableInvoker.java:103)
	at org.junit.jupiter.engine.execution.InterceptingExecutableInvoker.lambda$invoke$0(InterceptingExecutableInvoker.java:93)
	at org.junit.jupiter.engine.execution.InvocationInterceptorChain$InterceptedInvocation.proceed(InvocationInterceptorChain.java:106)
	at org.junit.jupiter.engine.execution.InvocationInterceptorChain.proceed(InvocationInterceptorChain.java:64)
	at org.junit.jupiter.engine.execution.InvocationInterceptorChain.chainAndInvoke(InvocationInterceptorChain.java:45)
	at org.junit.jupiter.engine.execution.InvocationInterceptorChain.invoke(InvocationInterceptorChain.java:37)
	at org.junit.jupiter.engine.execution.InterceptingExecutableInvoker.invoke(InterceptingExecutableInvoker.java:92)
	at org.junit.jupiter.engine.execution.InterceptingExecutableInvoker.invoke(InterceptingExecutableInvoker.java:86)
	at org.junit.jupiter.engine.descriptor.ClassBasedTestDescriptor.lambda$invokeBeforeAllMethods$13(ClassBasedTestDescriptor.java:412)
	at org.junit.platform.engine.support.hierarchical.ThrowableCollector.execute(ThrowableCollector.java:73)
	at org.junit.jupiter.engine.descriptor.ClassBasedTestDescriptor.invokeBeforeAllMethods(ClassBasedTestDescriptor.java:410)
	at org.junit.jupiter.engine.descriptor.ClassBasedTestDescriptor.before(ClassBasedTestDescriptor.java:216)
	at org.junit.jupiter.engine.descriptor.ClassBasedTestDescriptor.before(ClassBasedTestDescriptor.java:85)
	at org.junit.platform.engine.support.hierarchical.NodeTestTask.lambda$executeRecursively$6(NodeTestTask.java:148)
	at org.junit.platform.engine.support.hierarchical.ThrowableCollector.execute(ThrowableCollector.java:73)
	at org.junit.platform.engine.support.hierarchical.NodeTestTask.lambda$executeRecursively$8(NodeTestTask.java:141)
	at org.junit.platform.engine.support.hierarchical.Node.around(Node.java:137)
	at org.junit.platform.engine.support.hierarchical.NodeTestTask.lambda$executeRecursively$9(NodeTestTask.java:139)
	at org.junit.platform.engine.support.hierarchical.ThrowableCollector.execute(ThrowableCollector.java:73)
	at org.junit.platform.engine.support.hierarchical.NodeTestTask.executeRecursively(NodeTestTask.java:138)
	at org.junit.platform.engine.support.hierarchical.NodeTestTask.execute(NodeTestTask.java:95)
	at java.util.ArrayList.forEach(ArrayList.java:1259)
	at org.junit.platform.engine.support.hierarchical.SameThreadHierarchicalTestExecutorService.invokeAll(SameThreadHierarchicalTestExecutorService.java:41)
	at org.junit.platform.engine.support.hierarchical.NodeTestTask.lambda$executeRecursively$6(NodeTestTask.java:155)
	at org.junit.platform.engine.support.hierarchical.ThrowableCollector.execute(ThrowableCollector.java:73)
	at org.junit.platform.engine.support.hierarchical.NodeTestTask.lambda$executeRecursively$8(NodeTestTask.java:141)
	at org.junit.platform.engine.support.hierarchical.Node.around(Node.java:137)
	at org.junit.platform.engine.support.hierarchical.NodeTestTask.lambda$executeRecursively$9(NodeTestTask.java:139)
	at org.junit.platform.engine.support.hierarchical.ThrowableCollector.execute(ThrowableCollector.java:73)
	at org.junit.platform.engine.support.hierarchical.NodeTestTask.executeRecursively(NodeTestTask.java:138)
	at org.junit.platform.engine.support.hierarchical.NodeTestTask.execute(NodeTestTask.java:95)
	at org.junit.platform.engine.support.hierarchical.SameThreadHierarchicalTestExecutorService.submit(SameThreadHierarchicalTestExecutorService.java:35)
	at org.junit.platform.engine.support.hierarchical.HierarchicalTestExecutor.execute(HierarchicalTestExecutor.java:57)
	at org.junit.platform.engine.support.hierarchical.HierarchicalTestEngine.execute(HierarchicalTestEngine.java:54)
	at org.junit.platform.launcher.core.EngineExecutionOrchestrator.execute(EngineExecutionOrchestrator.java:198)
	at org.junit.platform.launcher.core.EngineExecutionOrchestrator.execute(EngineExecutionOrchestrator.java:169)
	at org.junit.platform.launcher.core.EngineExecutionOrchestrator.execute(EngineExecutionOrchestrator.java:93)
	at org.junit.platform.launcher.core.EngineExecutionOrchestrator.lambda$execute$0(EngineExecutionOrchestrator.java:58)
	at org.junit.platform.launcher.core.EngineExecutionOrchestrator.withInterceptedStreams(EngineExecutionOrchestrator.java:141)
	at org.junit.platform.launcher.core.EngineExecutionOrchestrator.execute(EngineExecutionOrchestrator.java:57)
	at org.junit.platform.launcher.core.DefaultLauncher.execute(DefaultLauncher.java:103)
	at org.junit.platform.launcher.core.DefaultLauncher.execute(DefaultLauncher.java:85)
	at org.junit.platform.launcher.core.DelegatingLauncher.execute(DelegatingLauncher.java:47)
	at org.junit.platform.launcher.core.SessionPerRequestLauncher.execute(SessionPerRequestLauncher.java:63)
	at org.apache.maven.surefire.junitplatform.JUnitPlatformProvider.invokeAllTests(JUnitPlatformProvider.java:165)
	at org.apache.maven.surefire.junitplatform.JUnitPlatformProvider.invoke(JUnitPlatformProvider.java:124)
	at org.apache.maven.surefire.booter.ForkedBooter.runSuitesInProcess(ForkedBooter.java:428)
	at org.apache.maven.surefire.booter.ForkedBooter.execute(ForkedBooter.java:162)
	at org.apache.maven.surefire.booter.ForkedBooter.run(ForkedBooter.java:562)
	at org.apache.maven.surefire.booter.ForkedBooter.main(ForkedBooter.java:548)
2024-02-27 07:52:33,827 [main] INFO  om.OzoneManager (OzoneManager.java:addS3GVolumeToDB(4425)) - Created Volume s3v With Owner runner required for S3Gateway operations.
2024-02-27 07:52:33,827 [main] WARN  server.ServerUtils (ServerUtils.java:getDefaultRatisDirectory(311)) - Storage directory for Ratis is not configured. It is a good idea to map this to an SSD disk. Falling back to ozone.metadata.dirs
2024-02-27 07:52:33,827 [main] WARN  utils.OzoneManagerRatisUtils (OzoneManagerRatisUtils.java:getOMRatisSnapshotDirectory(476)) - ozone.om.ratis.snapshot.dir is not configured. Falling back to ozone.metadata.dirs config
2024-02-27 07:52:33,828 [main] INFO  utils.RDBSnapshotProvider (RDBSnapshotProvider.java:init(87)) - Cleaning up the candidate dir: /home/runner/work/ozone/ozone/hadoop-ozone/integration-test/target/test-dir/MiniOzoneClusterImpl-bc2c81e0-d964-4a8e-97ca-887e98ec88c8/omNode-2/snapshot/om.db.candidate
2024-02-27 07:52:33,828 [main] INFO  ratis_snapshot.OmRatisSnapshotProvider (OmRatisSnapshotProvider.java:<init>(99)) - Initializing OM Snapshot Provider
2024-02-27 07:52:33,829 [main] WARN  dropwizard3.Dm3MetricRegistriesImpl (Dm3MetricRegistriesImpl.java:addReporterRegistration(113)) - New reporters are added after registries were created. Some metrics will be missing from the reporter. Please add reporter before adding any new registry.
2024-02-27 07:52:33,829 [main] WARN  dropwizard3.Dm3MetricRegistriesImpl (Dm3MetricRegistriesImpl.java:addReporterRegistration(113)) - New reporters are added after registries were created. Some metrics will be missing from the reporter. Please add reporter before adding any new registry.
2024-02-27 07:52:33,829 [main] WARN  server.ServerUtils (ServerUtils.java:getDefaultRatisDirectory(311)) - Storage directory for Ratis is not configured. It is a good idea to map this to an SSD disk. Falling back to ozone.metadata.dirs
2024-02-27 07:52:33,830 [main] INFO  ratis.OzoneManagerRatisServer (OzoneManagerRatisServer.java:<init>(167)) - Instantiating OM Ratis server with groupID: om-service-test1 and peers: localhost:15269, localhost:15273, localhost:15265
2024-02-27 07:52:33,830 [main] INFO  ratis.OzoneManagerStateMachine (OzoneManagerStateMachine.java:loadSnapshotInfoFromDB(576)) - TransactionInfo not found in OM DB.
2024-02-27 07:52:33,830 [main] INFO  server.RaftServer (ConfUtils.java:logGet(46)) - raft.rpc.type = GRPC (default)
2024-02-27 07:52:33,831 [main] INFO  grpc.GrpcConfigKeys (ConfUtils.java:logFallback(53)) - raft.grpc.admin.host = null (fallback to raft.grpc.server.host)
2024-02-27 07:52:33,831 [main] INFO  grpc.GrpcConfigKeys (ConfUtils.java:logFallback(53)) - raft.grpc.admin.port = 15269 (fallback to raft.grpc.server.port)
2024-02-27 07:52:33,831 [main] INFO  grpc.GrpcConfigKeys (ConfUtils.java:logFallback(53)) - raft.grpc.client.host = null (fallback to raft.grpc.server.host)
2024-02-27 07:52:33,831 [main] INFO  grpc.GrpcConfigKeys (ConfUtils.java:logFallback(53)) - raft.grpc.client.port = 15269 (fallback to raft.grpc.server.port)
2024-02-27 07:52:33,831 [main] INFO  grpc.GrpcConfigKeys (ConfUtils.java:logGet(46)) - raft.grpc.server.host = null (default)
2024-02-27 07:52:33,831 [main] INFO  grpc.GrpcConfigKeys (ConfUtils.java:logGet(46)) - raft.grpc.server.port = 15269 (custom)
2024-02-27 07:52:33,831 [main] INFO  server.GrpcService (ConfUtils.java:logGet(46)) - raft.grpc.message.size.max = 4194304 (custom)
2024-02-27 07:52:33,831 [main] INFO  server.RaftServerConfigKeys (ConfUtils.java:logGet(46)) - raft.server.log.appender.buffer.byte-limit = 4194304 (custom)
2024-02-27 07:52:33,831 [main] INFO  server.GrpcService (ConfUtils.java:logGet(46)) - raft.grpc.flow.control.window = 1MB (=1048576) (default)
2024-02-27 07:52:33,831 [main] INFO  server.RaftServerConfigKeys (ConfUtils.java:logGet(46)) - raft.server.rpc.request.timeout = 3000ms (default)
2024-02-27 07:52:33,832 [main] INFO  grpc.GrpcConfigKeys (ConfUtils.java:logGet(46)) - raft.grpc.server.heartbeat.channel = true (default)
2024-02-27 07:52:33,832 [main] INFO  grpc.GrpcConfigKeys (ConfUtils.java:logGet(46)) - raft.grpc.server.async.request.thread.pool.cached = true (default)
2024-02-27 07:52:33,832 [main] INFO  grpc.GrpcConfigKeys (ConfUtils.java:logGet(46)) - raft.grpc.server.async.request.thread.pool.size = 32 (default)
2024-02-27 07:52:33,833 [main] INFO  impl.DataStreamServerImpl (ConfUtils.java:logGet(46)) - raft.datastream.type = DISABLED (default)
2024-02-27 07:52:33,833 [main] INFO  server.RaftServerConfigKeys (ConfUtils.java:logGet(46)) - raft.server.sleep.deviation.threshold = 300ms (default)
2024-02-27 07:52:33,833 [main] INFO  server.RaftServerConfigKeys (ConfUtils.java:logGet(46)) - raft.server.close.threshold = 60s (default)
2024-02-27 07:52:33,833 [main] INFO  server.RaftServerConfigKeys (ConfUtils.java:logGet(46)) - raft.server.leaderelection.leader.step-down.wait-time = 10s (default)
2024-02-27 07:52:33,833 [main] INFO  server.RaftServerConfigKeys (ConfUtils.java:logGet(46)) - raft.server.storage.dir = [/home/runner/work/ozone/ozone/hadoop-ozone/integration-test/target/test-dir/MiniOzoneClusterImpl-bc2c81e0-d964-4a8e-97ca-887e98ec88c8/omNode-2/ratis] (custom)
2024-02-27 07:52:33,833 [main] INFO  server.RaftServerConfigKeys (ConfUtils.java:logGet(46)) - raft.server.threadpool.proxy.cached = true (default)
2024-02-27 07:52:33,833 [main] INFO  server.RaftServerConfigKeys (ConfUtils.java:logGet(46)) - raft.server.threadpool.proxy.size = 0 (default)
2024-02-27 07:52:33,834 [main] INFO  server.RaftServer (RaftServerProxy.java:addNew(100)) - omNode-2: addNew group-523986131536:[omNode-3|localhost:15273, omNode-1|localhost:15265, omNode-2|localhost:15269] returns group-523986131536:java.util.concurrent.CompletableFuture@4ecdafd5[Not completed]
2024-02-27 07:52:33,834 [main] INFO  om.OzoneManager (OzoneManager.java:initializeRatisServer(2140)) - OzoneManager Ratis server initialized at port 15269
2024-02-27 07:52:33,834 [omNode-2-groupManagement] INFO  server.RaftServer$Division (RaftServerImpl.java:<init>(256)) - omNode-2: new RaftServerImpl for group-523986131536:[omNode-3|localhost:15273, omNode-1|localhost:15265, omNode-2|localhost:15269] with OzoneManagerStateMachine:uninitialized
2024-02-27 07:52:33,834 [main] INFO  om.OzoneManager (OzoneManager.java:getRpcServer(1206)) - Creating RPC Server
2024-02-27 07:52:33,834 [omNode-2-groupManagement] INFO  server.RaftServerConfigKeys (ConfUtils.java:logGet(46)) - raft.server.rpc.timeout.min = 1s (custom)
2024-02-27 07:52:33,834 [omNode-2-groupManagement] INFO  server.RaftServerConfigKeys (ConfUtils.java:logGet(46)) - raft.server.rpc.timeout.max = 1200ms (custom)
2024-02-27 07:52:33,834 [omNode-2-groupManagement] INFO  server.RaftServerConfigKeys (ConfUtils.java:logGet(46)) - raft.server.rpc.sleep.time = 25ms (default)
2024-02-27 07:52:33,834 [omNode-2-groupManagement] INFO  server.RaftServerConfigKeys (ConfUtils.java:logGet(46)) - raft.server.rpc.slowness.timeout = 2s (custom)
2024-02-27 07:52:33,834 [omNode-2-groupManagement] INFO  server.RaftServerConfigKeys (ConfUtils.java:logGet(46)) - raft.server.leaderelection.leader.step-down.wait-time = 10s (default)
2024-02-27 07:52:33,834 [omNode-2-groupManagement] INFO  server.RaftServerConfigKeys (ConfUtils.java:logGet(46)) - raft.server.leaderelection.member.majority-add = false (default)
2024-02-27 07:52:33,834 [omNode-2-groupManagement] INFO  server.RaftServerConfigKeys (ConfUtils.java:logGet(46)) - raft.server.sleep.deviation.threshold = 300ms (default)
2024-02-27 07:52:33,834 [omNode-2-groupManagement] INFO  server.RaftServer$Division (ServerState.java:<init>(113)) - omNode-2@group-523986131536: ConfigurationManager, init=-1: peers:[omNode-3|localhost:15273, omNode-1|localhost:15265, omNode-2|localhost:15269]|listeners:[], old=null, confs=<EMPTY_MAP>
2024-02-27 07:52:33,834 [omNode-2-groupManagement] INFO  server.RaftServerConfigKeys (ConfUtils.java:logGet(46)) - raft.server.notification.no-leader.timeout = 2s (custom)
2024-02-27 07:52:33,835 [omNode-2-groupManagement] INFO  server.RaftServerConfigKeys (ConfUtils.java:logGet(46)) - raft.server.read.timeout = 10s (default)
2024-02-27 07:52:33,835 [omNode-2-groupManagement] INFO  server.RaftServerConfigKeys (ConfUtils.java:logGet(46)) - raft.server.retrycache.expirytime = 30000ms (custom)
2024-02-27 07:52:33,835 [omNode-2-groupManagement] INFO  server.RaftServerConfigKeys (ConfUtils.java:logGet(46)) - raft.server.retrycache.statistics.expirytime = 100ms (default)
2024-02-27 07:52:33,835 [omNode-2-groupManagement] INFO  server.RaftServerConfigKeys (ConfUtils.java:logGet(46)) - raft.server.read.option = DEFAULT (default)
2024-02-27 07:52:33,835 [omNode-2-groupManagement] INFO  server.RaftServerConfigKeys (ConfUtils.java:logGet(46)) - raft.server.read.read-after-write-consistent.write-index-cache.expiry-time = 60s (default)
2024-02-27 07:52:33,835 [omNode-2-groupManagement] INFO  server.RaftServerConfigKeys (ConfUtils.java:logGet(46)) - raft.server.rpc.request.timeout = 3000ms (default)
2024-02-27 07:52:33,835 [omNode-2-groupManagement] INFO  server.RaftServerConfigKeys (ConfUtils.java:logGet(46)) - raft.server.log.appender.install.snapshot.enabled = false (custom)
2024-02-27 07:52:33,835 [omNode-2-groupManagement] INFO  server.RaftServerConfigKeys (ConfUtils.java:logGet(46)) - raft.server.threadpool.server.cached = true (default)
2024-02-27 07:52:33,836 [omNode-2-groupManagement] INFO  server.RaftServerConfigKeys (ConfUtils.java:logGet(46)) - raft.server.threadpool.server.size = 0 (default)
2024-02-27 07:52:33,836 [omNode-2-groupManagement] INFO  server.RaftServerConfigKeys (ConfUtils.java:logGet(46)) - raft.server.threadpool.client.cached = true (default)
2024-02-27 07:52:33,836 [omNode-2-groupManagement] INFO  server.RaftServerConfigKeys (ConfUtils.java:logGet(46)) - raft.server.threadpool.client.size = 0 (default)
2024-02-27 07:52:34,016 [timer2] WARN  server.GrpcLogAppender (LogUtils.java:warn(121)) - omNode-2@group-523986131536->omNode-1-AppendLogResponseHandler: Failed appendEntries (Repeated 10 times in the last 5.000s): org.apache.ratis.thirdparty.io.grpc.StatusRuntimeException: UNAVAILABLE: io exception
2024-02-27 07:52:34,016 [timer3] WARN  server.GrpcLogAppender (GrpcLogAppender.java:lambda$resetClient$1(217)) - omNode-2@group-523986131536->omNode-1-GrpcLogAppender: Follower failed (request=null, errorCount=10); keep nextIndex (55) unchanged and retry. (Repeated 10 times in the last 5.000s)
2024-02-27 07:52:34,054 [main] INFO  ipc.CallQueueManager (CallQueueManager.java:<init>(90)) - Using callQueue: class java.util.concurrent.LinkedBlockingQueue, queueCapacity: 2000, scheduler: class org.apache.hadoop.ipc.DefaultRpcScheduler, ipcBackoff: false.
2024-02-27 07:52:34,054 [main] INFO  ipc.Server (Server.java:<init>(1287)) - Listener at 127.0.0.1:15266
2024-02-27 07:52:34,054 [Socket Reader #1 for port 15266] INFO  ipc.Server (Server.java:run(1323)) - Starting Socket Reader #1 for port 15266
2024-02-27 07:52:34,067 [main] INFO  impl.MetricsSystemImpl (MetricsSystemImpl.java:init(158)) - OzoneManager metrics system started (again)
2024-02-27 07:52:34,074 [main] INFO  om.OzoneManager (OzoneManager.java:start(1628)) - OzoneManager RPC server is listening at localhost/127.0.0.1:15266
2024-02-27 07:52:34,074 [main] INFO  ratis.OzoneManagerRatisServer (OzoneManagerRatisServer.java:start(588)) - Starting OzoneManagerRatisServer omNode-2 at port 15269
2024-02-27 07:52:34,074 [omNode-2-impl-thread1] INFO  server.RaftServerConfigKeys (ConfUtils.java:logGet(46)) - raft.server.storage.free-space.min = 0MB (=0) (default)
2024-02-27 07:52:34,074 [omNode-2-impl-thread1] INFO  server.RaftServerConfigKeys (ConfUtils.java:logGet(46)) - raft.server.log.corruption.policy = EXCEPTION (default)
2024-02-27 07:52:34,075 [omNode-2-impl-thread1] INFO  server.RaftServerConfigKeys (ConfUtils.java:logGet(46)) - raft.server.storage.dir = [/home/runner/work/ozone/ozone/hadoop-ozone/integration-test/target/test-dir/MiniOzoneClusterImpl-bc2c81e0-d964-4a8e-97ca-887e98ec88c8/omNode-2/ratis] (custom)
2024-02-27 07:52:34,075 [omNode-2-impl-thread1] INFO  storage.RaftStorageDirectory (RaftStorageDirectoryImpl.java:analyzeStorage(138)) - The storage directory /home/runner/work/ozone/ozone/hadoop-ozone/integration-test/target/test-dir/MiniOzoneClusterImpl-bc2c81e0-d964-4a8e-97ca-887e98ec88c8/omNode-2/ratis/c9bc4cf4-3bc3-3c60-a66b-523986131536 does not exist. Creating ...
2024-02-27 07:52:34,076 [omNode-2-impl-thread1] INFO  storage.RaftStorageDirectory (RaftStorageDirectoryImpl.java:tryLock(228)) - Lock on /home/runner/work/ozone/ozone/hadoop-ozone/integration-test/target/test-dir/MiniOzoneClusterImpl-bc2c81e0-d964-4a8e-97ca-887e98ec88c8/omNode-2/ratis/c9bc4cf4-3bc3-3c60-a66b-523986131536/in_use.lock acquired by nodename 40924@fv-az699-61
2024-02-27 07:52:34,077 [omNode-2-impl-thread1] INFO  storage.RaftStorage (RaftStorageImpl.java:format(99)) - Storage directory /home/runner/work/ozone/ozone/hadoop-ozone/integration-test/target/test-dir/MiniOzoneClusterImpl-bc2c81e0-d964-4a8e-97ca-887e98ec88c8/omNode-2/ratis/c9bc4cf4-3bc3-3c60-a66b-523986131536 has been successfully formatted.
2024-02-27 07:52:34,077 [omNode-2-impl-thread1] WARN  util.FileUtils (LogUtils.java:supplyAndLog(63)) - Failed to Files.newInputStream /home/runner/work/ozone/ozone/hadoop-ozone/integration-test/target/test-dir/MiniOzoneClusterImpl-bc2c81e0-d964-4a8e-97ca-887e98ec88c8/omNode-2/ratis/c9bc4cf4-3bc3-3c60-a66b-523986131536/current/raft-meta.conf with options []: java.nio.file.NoSuchFileException: /home/runner/work/ozone/ozone/hadoop-ozone/integration-test/target/test-dir/MiniOzoneClusterImpl-bc2c81e0-d964-4a8e-97ca-887e98ec88c8/omNode-2/ratis/c9bc4cf4-3bc3-3c60-a66b-523986131536/current/raft-meta.conf
2024-02-27 07:52:34,078 [omNode-2-impl-thread1] INFO  server.RaftServerConfigKeys (ConfUtils.java:logGet(46)) - raft.server.log.use.memory = false (default)
2024-02-27 07:52:34,078 [omNode-2-impl-thread1] INFO  server.RaftServerConfigKeys (ConfUtils.java:logGet(46)) - raft.server.log.purge.gap = 50 (custom)
2024-02-27 07:52:34,078 [omNode-2-impl-thread1] INFO  server.RaftServerConfigKeys (ConfUtils.java:logGet(46)) - raft.server.log.appender.buffer.byte-limit = 4194304 (custom)
2024-02-27 07:52:34,078 [omNode-2-impl-thread1] INFO  server.RaftServerConfigKeys (ConfUtils.java:logGet(46)) - raft.server.log.statemachine.data.read.timeout = 1000ms (default)
2024-02-27 07:52:34,078 [omNode-2-impl-thread1] INFO  server.RaftServerConfigKeys (ConfUtils.java:logGet(46)) - raft.server.log.purge.preservation.log.num = 0 (default)
2024-02-27 07:52:34,078 [omNode-2-impl-thread1] INFO  server.RaftServerConfigKeys (ConfUtils.java:logGet(46)) - raft.server.log.segment.size.max = 4194304 (custom)
2024-02-27 07:52:34,078 [omNode-2-impl-thread1] INFO  server.RaftServerConfigKeys (ConfUtils.java:logGet(46)) - raft.server.log.segment.cache.num.max = 2 (custom)
2024-02-27 07:52:34,078 [omNode-2-impl-thread1] INFO  server.RaftServerConfigKeys (ConfUtils.java:logGet(46)) - raft.server.log.segment.cache.size.max = 200MB (=209715200) (default)
2024-02-27 07:52:34,078 [omNode-2-impl-thread1] INFO  server.RaftServerConfigKeys (ConfUtils.java:logGet(46)) - raft.server.log.appender.buffer.byte-limit = 4194304 (custom)
2024-02-27 07:52:34,078 [omNode-2-impl-thread1] INFO  util.AwaitToRun (AwaitToRun.java:start(81)) - Thread[omNode-2@group-523986131536-cacheEviction-AwaitToRun,5,main] started
2024-02-27 07:52:34,078 [omNode-2-impl-thread1] INFO  segmented.SegmentedRaftLogWorker (SegmentedRaftLogWorker.java:<init>(182)) - new omNode-2@group-523986131536-SegmentedRaftLogWorker for RaftStorageImpl:Storage Directory /home/runner/work/ozone/ozone/hadoop-ozone/integration-test/target/test-dir/MiniOzoneClusterImpl-bc2c81e0-d964-4a8e-97ca-887e98ec88c8/omNode-2/ratis/c9bc4cf4-3bc3-3c60-a66b-523986131536
2024-02-27 07:52:34,079 [omNode-2-impl-thread1] INFO  server.RaftServerConfigKeys (ConfUtils.java:logGet(46)) - raft.server.log.queue.byte-limit = 64MB (=67108864) (default)
2024-02-27 07:52:34,079 [omNode-2-impl-thread1] INFO  server.RaftServerConfigKeys (ConfUtils.java:logGet(46)) - raft.server.log.queue.element-limit = 4096 (default)
2024-02-27 07:52:34,079 [omNode-2-impl-thread1] INFO  server.RaftServerConfigKeys (ConfUtils.java:logGet(46)) - raft.server.log.segment.size.max = 4194304 (custom)
2024-02-27 07:52:34,079 [omNode-2-impl-thread1] INFO  server.RaftServerConfigKeys (ConfUtils.java:logGet(46)) - raft.server.log.preallocated.size = 4194304 (custom)
2024-02-27 07:52:34,079 [omNode-2-impl-thread1] INFO  server.RaftServerConfigKeys (ConfUtils.java:logGet(46)) - raft.server.log.force.sync.num = 128 (default)
2024-02-27 07:52:34,079 [omNode-2-impl-thread1] INFO  server.RaftServerConfigKeys (ConfUtils.java:logGet(46)) - raft.server.log.statemachine.data.sync = true (default)
2024-02-27 07:52:34,079 [omNode-2-impl-thread1] INFO  server.RaftServerConfigKeys (ConfUtils.java:logGet(46)) - raft.server.log.statemachine.data.sync.timeout = 10s (default)
2024-02-27 07:52:34,079 [omNode-2-impl-thread1] INFO  server.RaftServerConfigKeys (ConfUtils.java:logGet(46)) - raft.server.log.statemachine.data.sync.timeout.retry = -1 (default)
2024-02-27 07:52:34,079 [omNode-2-impl-thread1] INFO  server.RaftServerConfigKeys (ConfUtils.java:logGet(46)) - raft.server.log.write.buffer.size = 4194312 (custom)
2024-02-27 07:52:34,079 [omNode-2-impl-thread1] INFO  server.RaftServerConfigKeys (ConfUtils.java:logGet(46)) - raft.server.log.appender.buffer.byte-limit = 4194304 (custom)
2024-02-27 07:52:34,079 [omNode-2-impl-thread1] INFO  server.RaftServerConfigKeys (ConfUtils.java:logGet(46)) - raft.server.log.unsafe-flush.enabled = false (default)
2024-02-27 07:52:34,079 [omNode-2-impl-thread1] INFO  server.RaftServerConfigKeys (ConfUtils.java:logGet(46)) - raft.server.log.async-flush.enabled = false (default)
2024-02-27 07:52:34,079 [omNode-2-impl-thread1] INFO  server.RaftServerConfigKeys (ConfUtils.java:logGet(46)) - raft.server.log.statemachine.data.caching.enabled = false (default)
2024-02-27 07:52:34,079 [omNode-2-impl-thread1] INFO  segmented.SegmentedRaftLogWorker (SegmentedRaftLogWorker.java:lambda$new$0(134)) - omNode-2@group-523986131536-SegmentedRaftLogWorker: flushIndex: setUnconditionally 0 -> -1
2024-02-27 07:52:34,080 [omNode-2-impl-thread1] INFO  segmented.SegmentedRaftLogWorker (SegmentedRaftLogWorker.java:lambda$new$0(134)) - omNode-2@group-523986131536-SegmentedRaftLogWorker: safeCacheEvictIndex: setUnconditionally 0 -> -1
2024-02-27 07:52:34,080 [omNode-2-impl-thread1] INFO  server.RaftServer$Division (RaftServerImpl.java:start(396)) - omNode-2@group-523986131536: start as a follower, conf=-1: peers:[omNode-3|localhost:15273, omNode-1|localhost:15265, omNode-2|localhost:15269]|listeners:[], old=null
2024-02-27 07:52:34,080 [omNode-2-impl-thread1] INFO  server.RaftServer$Division (RaftServerImpl.java:setRole(383)) - omNode-2@group-523986131536: changes role from      null to FOLLOWER at term 0 for startAsFollower
2024-02-27 07:52:34,080 [omNode-2-impl-thread1] INFO  impl.RoleInfo (RoleInfo.java:updateAndGet(139)) - omNode-2: start omNode-2@group-523986131536-FollowerState
2024-02-27 07:52:34,080 [omNode-2@group-523986131536-FollowerState] INFO  server.RaftServerConfigKeys (ConfUtils.java:logFallback(53)) - raft.server.rpc.first-election.timeout.min = 1s (fallback to raft.server.rpc.timeout.min)
2024-02-27 07:52:34,080 [omNode-2-impl-thread1] INFO  util.JmxRegister (JmxRegister.java:tryRegister(44)) - Successfully registered JMX Bean with object name Ratis:service=RaftServer,group=group-523986131536,id=omNode-2
2024-02-27 07:52:34,080 [omNode-2@group-523986131536-FollowerState] INFO  server.RaftServerConfigKeys (ConfUtils.java:logFallback(53)) - raft.server.rpc.first-election.timeout.max = 1200ms (fallback to raft.server.rpc.timeout.max)
2024-02-27 07:52:34,080 [omNode-2-impl-thread1] INFO  server.RaftServerConfigKeys (ConfUtils.java:logGet(46)) - raft.server.snapshot.trigger-when-stop.enabled = true (default)
2024-02-27 07:52:34,080 [omNode-2-impl-thread1] INFO  server.RaftServerConfigKeys (ConfUtils.java:logGet(46)) - raft.server.snapshot.auto.trigger.enabled = true (custom)
2024-02-27 07:52:34,080 [omNode-2-impl-thread1] INFO  server.RaftServerConfigKeys (ConfUtils.java:logGet(46)) - raft.server.snapshot.auto.trigger.threshold = 50 (custom)
2024-02-27 07:52:34,080 [omNode-2-impl-thread1] INFO  server.RaftServerConfigKeys (ConfUtils.java:logGet(46)) - raft.server.snapshot.retention.file.num = -1 (default)
2024-02-27 07:52:34,080 [omNode-2-impl-thread1] INFO  server.RaftServerConfigKeys (ConfUtils.java:logGet(46)) - raft.server.log.purge.upto.snapshot.index = true (custom)
2024-02-27 07:52:34,081 [main] INFO  server.RaftServer (RaftServerProxy.java:startImpl(406)) - omNode-2: start RPC server
2024-02-27 07:52:34,082 [main] INFO  server.GrpcService (GrpcService.java:startImpl(302)) - omNode-2: GrpcService started, listening on 15269
2024-02-27 07:52:34,082 [JvmPauseMonitor71] INFO  util.JvmPauseMonitor (JvmPauseMonitor.java:run(146)) - JvmPauseMonitor-omNode-2: Started
2024-02-27 07:52:34,082 [main] INFO  om.OzoneManager (OzoneManager.java:start(1644)) - Version File has different layout version (6) than OM DB (null). That is expected if this OM has never been finalized to a newer layout version.
2024-02-27 07:52:34,084 [main] INFO  http.BaseHttpServer (BaseHttpServer.java:newHttpServer2BuilderForOzone(223)) - Starting Web-server for ozoneManager at: http://0.0.0.0:15267
2024-02-27 07:52:34,084 [main] INFO  http.BaseHttpServer (BaseHttpServer.java:<init>(110)) - Hadoop Security Enabled: false Ozone Security Enabled: false Ozone HTTP Security Enabled: false 
2024-02-27 07:52:34,085 [main] WARN  server.AuthenticationFilter (AuthenticationFilter.java:constructSecretProvider(240)) - Unable to initialize FileSignerSecretProvider, falling back to use random secrets. Reason: Could not read signature secret file: /home/runner/hadoop-http-auth-signature-secret
2024-02-27 07:52:34,085 [main] INFO  http.HttpRequestLog (HttpRequestLog.java:getRequestLog(86)) - Http request log for http.requests.ozoneManager is not defined
2024-02-27 07:52:34,086 [main] INFO  http.HttpServer2 (HttpServer2.java:addGlobalFilter(1036)) - Added global filter 'safety' (class=org.apache.hadoop.hdds.server.http.HttpServer2$QuotingInputFilter)
2024-02-27 07:52:34,086 [main] INFO  http.HttpServer2 (HttpServer2.java:addFilter(1012)) - Added filter static_user_filter (class=org.apache.hadoop.http.lib.StaticUserWebFilter$StaticUserFilter) to context ozoneManager
2024-02-27 07:52:34,086 [main] INFO  http.HttpServer2 (HttpServer2.java:addFilter(1020)) - Added filter static_user_filter (class=org.apache.hadoop.http.lib.StaticUserWebFilter$StaticUserFilter) to context logs
2024-02-27 07:52:34,087 [main] INFO  http.HttpServer2 (HttpServer2.java:addFilter(1020)) - Added filter static_user_filter (class=org.apache.hadoop.http.lib.StaticUserWebFilter$StaticUserFilter) to context static
2024-02-27 07:52:34,087 [main] INFO  http.BaseHttpServer (BaseHttpServer.java:<init>(189)) - HTTP server of ozoneManager uses base directory /home/runner/work/ozone/ozone/hadoop-ozone/integration-test/target/test-dir/MiniOzoneClusterImpl-bc2c81e0-d964-4a8e-97ca-887e98ec88c8/omNode-2/webserver
2024-02-27 07:52:34,087 [main] INFO  http.HttpServer2 (HttpServer2.java:bindListener(1236)) - Jetty bound to port 15267
2024-02-27 07:52:34,087 [main] INFO  server.Server (Server.java:doStart(375)) - jetty-9.4.53.v20231009; built: 2023-10-09T12:29:09.265Z; git: 27bde00a0b95a1d5bbee0eae7984f891d2d0f8c9; jvm 1.8.0_402-b06
2024-02-27 07:52:34,088 [main] INFO  server.session (DefaultSessionIdManager.java:doStart(334)) - DefaultSessionIdManager workerName=node0
2024-02-27 07:52:34,088 [main] INFO  server.session (DefaultSessionIdManager.java:doStart(339)) - No SessionScavenger set, using defaults
2024-02-27 07:52:34,088 [main] INFO  server.session (HouseKeeper.java:startScavenging(132)) - node0 Scavenging every 660000ms
2024-02-27 07:52:34,089 [main] INFO  handler.ContextHandler (ContextHandler.java:doStart(921)) - Started o.e.j.s.ServletContextHandler@3bde931c{logs,/logs,file:///home/runner/work/ozone/ozone/hadoop-ozone/integration-test/target/log,AVAILABLE}
2024-02-27 07:52:34,089 [main] INFO  handler.ContextHandler (ContextHandler.java:doStart(921)) - Started o.e.j.s.ServletContextHandler@687b889f{static,/static,file:///home/runner/work/ozone/ozone/hadoop-ozone/integration-test/target/test-classes/webapps/static,AVAILABLE}
2024-02-27 07:52:34,091 [main] INFO  handler.ContextHandler (ContextHandler.java:doStart(921)) - Started o.e.j.w.WebAppContext@6a6fa8e7{ozoneManager,/,file:///home/runner/work/ozone/ozone/hadoop-ozone/integration-test/target/test-classes/webapps/ozoneManager/,AVAILABLE}{file:/home/runner/work/ozone/ozone/hadoop-ozone/integration-test/target/test-classes/webapps/ozoneManager}
2024-02-27 07:52:34,091 [main] INFO  server.AbstractConnector (AbstractConnector.java:doStart(333)) - Started ServerConnector@2572728b{HTTP/1.1, (http/1.1)}{0.0.0.0:15267}
2024-02-27 07:52:34,091 [main] INFO  server.Server (Server.java:doStart(415)) - Started @836799ms
2024-02-27 07:52:34,091 [main] WARN  impl.MetricsSystemImpl (MetricsSystemImpl.java:register(279)) - Sink prometheus already exists!
2024-02-27 07:52:34,092 [main] INFO  http.BaseHttpServer (BaseHttpServer.java:updateConnectorAddress(354)) - HTTP server of ozoneManager listening at http://0.0.0.0:15267
2024-02-27 07:52:34,092 [IPC Server Responder] INFO  ipc.Server (Server.java:run(1562)) - IPC Server Responder: starting
2024-02-27 07:52:34,093 [IPC Server listener on 15266] INFO  ipc.Server (Server.java:run(1402)) - IPC Server listener on 15266: starting
2024-02-27 07:52:34,098 [main] INFO  om.OzoneManager (OzoneManager.java:startTrashEmptier(2093)) - Trash Interval set to 0. Files deleted won't move to trash
2024-02-27 07:52:34,099 [main] INFO  ozone.MiniOzoneHAClusterImpl (MiniOzoneHAClusterImpl.java:createOMService(474)) - Started OzoneManager omNode-2 RPC server at localhost/127.0.0.1:15266
2024-02-27 07:52:34,099 [main] INFO  ha.OMHANodeDetails (OMHANodeDetails.java:loadOMHAConfig(121)) - ServiceID for OzoneManager is om-service-test1
2024-02-27 07:52:34,099 [main] INFO  ha.OMHANodeDetails (OMHANodeDetails.java:loadOMHAConfig(201)) - Found matching OM address with OMServiceId: om-service-test1, OMNodeId: omNode-3, RPC Address: localhost:15270 and Ratis port: 15273
2024-02-27 07:52:34,099 [main] INFO  ha.OMHANodeDetails (ConfUtils.java:setNodeSpecificConfigs(97)) - Setting configuration key ozone.om.http-address with value of key ozone.om.http-address.om-service-test1.omNode-3: 127.0.0.1:15271
2024-02-27 07:52:34,100 [main] INFO  ha.OMHANodeDetails (ConfUtils.java:setNodeSpecificConfigs(97)) - Setting configuration key ozone.om.https-address with value of key ozone.om.https-address.om-service-test1.omNode-3: 127.0.0.1:15272
2024-02-27 07:52:34,100 [main] INFO  ha.OMHANodeDetails (ConfUtils.java:setNodeSpecificConfigs(97)) - Setting configuration key ozone.om.address with value of key ozone.om.address.om-service-test1.omNode-3: 127.0.0.1:15270
2024-02-27 07:52:34,100 [main] WARN  server.ServerUtils (ServerUtils.java:getDBPath(299)) - ozone.om.db.dirs is not configured. We recommend adding this setting. Falling back to ozone.metadata.dirs instead.
2024-02-27 07:52:34,100 [main] INFO  proxy.SCMBlockLocationFailoverProxyProvider (SCMBlockLocationFailoverProxyProvider.java:<init>(115)) - Created block location fail-over proxy with 1 nodes: [nodeId=scmNodeId,nodeAddress=/0.0.0.0:15259]
OM initialization succeeded.Current cluster id for sd=/home/runner/work/ozone/ozone/hadoop-ozone/integration-test/target/test-dir/MiniOzoneClusterImpl-bc2c81e0-d964-4a8e-97ca-887e98ec88c8/omNode-3/om;cid=bc2c81e0-d964-4a8e-97ca-887e98ec88c8;layoutVersion=6
2024-02-27 07:52:34,107 [main] INFO  ha.OMHANodeDetails (OMHANodeDetails.java:loadOMHAConfig(121)) - ServiceID for OzoneManager is om-service-test1
2024-02-27 07:52:34,108 [main] INFO  ha.OMHANodeDetails (OMHANodeDetails.java:loadOMHAConfig(201)) - Found matching OM address with OMServiceId: om-service-test1, OMNodeId: omNode-3, RPC Address: localhost:15270 and Ratis port: 15273
2024-02-27 07:52:34,108 [main] INFO  ha.OMHANodeDetails (ConfUtils.java:setNodeSpecificConfigs(97)) - Setting configuration key ozone.om.http-address with value of key ozone.om.http-address.om-service-test1.omNode-3: 127.0.0.1:15271
2024-02-27 07:52:34,108 [main] INFO  ha.OMHANodeDetails (ConfUtils.java:setNodeSpecificConfigs(97)) - Setting configuration key ozone.om.https-address with value of key ozone.om.https-address.om-service-test1.omNode-3: 127.0.0.1:15272
2024-02-27 07:52:34,108 [main] INFO  ha.OMHANodeDetails (ConfUtils.java:setNodeSpecificConfigs(97)) - Setting configuration key ozone.om.address with value of key ozone.om.address.om-service-test1.omNode-3: 127.0.0.1:15270
2024-02-27 07:52:34,108 [main] WARN  server.ServerUtils (ServerUtils.java:getDBPath(299)) - ozone.om.db.dirs is not configured. We recommend adding this setting. Falling back to ozone.metadata.dirs instead.
2024-02-27 07:52:34,109 [main] INFO  upgrade.AbstractLayoutVersionManager (AbstractLayoutVersionManager.java:init(83)) - Initializing Layout version manager with metadata layout = QUOTA (version = 6), software layout = QUOTA (version = 6)
2024-02-27 07:52:34,147 [main] INFO  upgrade.OMLayoutVersionManager (OMLayoutVersionManager.java:lambda$0(113)) - Skipping Upgrade Action QuotaRepairUpgradeAction since it has been finalized.
2024-02-27 07:52:34,147 [main] INFO  upgrade.OMLayoutVersionManager (OMLayoutVersionManager.java:lambda$0(113)) - Skipping Upgrade Action MockOmUpgradeAction since it has been finalized.
2024-02-27 07:52:34,147 [main] WARN  server.ServerUtils (ServerUtils.java:getDBPath(299)) - ozone.om.db.dirs is not configured. We recommend adding this setting. Falling back to ozone.metadata.dirs instead.
2024-02-27 07:52:34,147 [main] INFO  proxy.SCMBlockLocationFailoverProxyProvider (SCMBlockLocationFailoverProxyProvider.java:<init>(115)) - Created block location fail-over proxy with 1 nodes: [nodeId=scmNodeId,nodeAddress=/0.0.0.0:15259]
2024-02-27 07:52:34,148 [main] INFO  proxy.SCMBlockLocationFailoverProxyProvider (SCMBlockLocationFailoverProxyProvider.java:<init>(115)) - Created block location fail-over proxy with 1 nodes: [nodeId=scmNodeId,nodeAddress=/0.0.0.0:15259]
2024-02-27 07:52:34,153 [main] INFO  om.OzoneManager (OzoneManager.java:<init>(672)) - OM start with adminUsers: [*, runner]
2024-02-27 07:52:34,153 [main] WARN  server.ServerUtils (ServerUtils.java:getDBPath(299)) - ozone.om.db.dirs is not configured. We recommend adding this setting. Falling back to ozone.metadata.dirs instead.
2024-02-27 07:52:34,153 [main] INFO  helpers.OmKeyInfo (OmKeyInfo.java:getCodec(71)) - OmKeyInfo.getCodec ignorePipeline = true
2024-02-27 07:52:34,292 [main] INFO  om.OzoneManager (OzoneManager.java:instantiateServices(804)) - S3 Multi-Tenancy is disabled
2024-02-27 07:52:34,293 [main] INFO  om.OmSnapshotManager (OmSnapshotManager.java:<init>(177)) - Ozone filesystem snapshot feature is enabled.
2024-02-27 07:52:34,293 [main] WARN  server.ServerUtils (ServerUtils.java:getDBPath(299)) - ozone.om.snapshot.diff.db.dir is not configured. We recommend adding this setting. Falling back to ozone.metadata.dirs instead.
2024-02-27 07:52:34,309 [main] INFO  utils.NativeLibraryLoader (NativeLibraryLoader.java:loadLibrary(108)) - Loading Library: ozone_rocksdb_tools
2024-02-27 07:52:34,309 [main] ERROR snapshot.SnapshotDiffManager (SnapshotDiffManager.java:initNativeLibraryForEfficientDiff(287)) - Native Library for raw sst file reading loading failed.
org.apache.hadoop.hdds.utils.NativeLibraryNotLoadedException: Unable to load library ozone_rocksdb_tools from both java.library.path & resource file libozone_rocksdb_tools.so from jar.
	at org.apache.hadoop.hdds.utils.db.managed.ManagedRawSSTFileReader.loadLibrary(ManagedRawSSTFileReader.java:38)
	at org.apache.hadoop.ozone.om.snapshot.SnapshotDiffManager.initNativeLibraryForEfficientDiff(SnapshotDiffManager.java:285)
	at org.apache.hadoop.ozone.om.snapshot.SnapshotDiffManager.<init>(SnapshotDiffManager.java:259)
	at org.apache.hadoop.ozone.om.OmSnapshotManager.<init>(OmSnapshotManager.java:279)
	at org.apache.hadoop.ozone.om.OzoneManager.instantiateServices(OzoneManager.java:856)
	at org.apache.hadoop.ozone.om.OzoneManager.<init>(OzoneManager.java:682)
	at org.apache.hadoop.ozone.om.OzoneManager.createOm(OzoneManager.java:767)
	at org.apache.hadoop.ozone.MiniOzoneHAClusterImpl$Builder.createOMService(MiniOzoneHAClusterImpl.java:467)
	at org.apache.hadoop.ozone.MiniOzoneHAClusterImpl$Builder.build(MiniOzoneHAClusterImpl.java:387)
	at org.apache.hadoop.ozone.om.TestOzoneManagerHA.init(TestOzoneManagerHA.java:184)
	at sun.reflect.NativeMethodAccessorImpl.invoke0(Native Method)
	at sun.reflect.NativeMethodAccessorImpl.invoke(NativeMethodAccessorImpl.java:62)
	at sun.reflect.DelegatingMethodAccessorImpl.invoke(DelegatingMethodAccessorImpl.java:43)
	at java.lang.reflect.Method.invoke(Method.java:498)
	at org.junit.platform.commons.util.ReflectionUtils.invokeMethod(ReflectionUtils.java:728)
	at org.junit.jupiter.engine.execution.MethodInvocation.proceed(MethodInvocation.java:60)
	at org.junit.jupiter.engine.execution.InvocationInterceptorChain$ValidatingInvocation.proceed(InvocationInterceptorChain.java:131)
	at org.junit.jupiter.engine.extension.TimeoutExtension.intercept(TimeoutExtension.java:156)
	at org.junit.jupiter.engine.extension.TimeoutExtension.interceptLifecycleMethod(TimeoutExtension.java:128)
	at org.junit.jupiter.engine.extension.TimeoutExtension.interceptBeforeAllMethod(TimeoutExtension.java:70)
	at org.junit.jupiter.engine.execution.InterceptingExecutableInvoker$ReflectiveInterceptorCall.lambda$ofVoidMethod$0(InterceptingExecutableInvoker.java:103)
	at org.junit.jupiter.engine.execution.InterceptingExecutableInvoker.lambda$invoke$0(InterceptingExecutableInvoker.java:93)
	at org.junit.jupiter.engine.execution.InvocationInterceptorChain$InterceptedInvocation.proceed(InvocationInterceptorChain.java:106)
	at org.junit.jupiter.engine.execution.InvocationInterceptorChain.proceed(InvocationInterceptorChain.java:64)
	at org.junit.jupiter.engine.execution.InvocationInterceptorChain.chainAndInvoke(InvocationInterceptorChain.java:45)
	at org.junit.jupiter.engine.execution.InvocationInterceptorChain.invoke(InvocationInterceptorChain.java:37)
	at org.junit.jupiter.engine.execution.InterceptingExecutableInvoker.invoke(InterceptingExecutableInvoker.java:92)
	at org.junit.jupiter.engine.execution.InterceptingExecutableInvoker.invoke(InterceptingExecutableInvoker.java:86)
	at org.junit.jupiter.engine.descriptor.ClassBasedTestDescriptor.lambda$invokeBeforeAllMethods$13(ClassBasedTestDescriptor.java:412)
	at org.junit.platform.engine.support.hierarchical.ThrowableCollector.execute(ThrowableCollector.java:73)
	at org.junit.jupiter.engine.descriptor.ClassBasedTestDescriptor.invokeBeforeAllMethods(ClassBasedTestDescriptor.java:410)
	at org.junit.jupiter.engine.descriptor.ClassBasedTestDescriptor.before(ClassBasedTestDescriptor.java:216)
	at org.junit.jupiter.engine.descriptor.ClassBasedTestDescriptor.before(ClassBasedTestDescriptor.java:85)
	at org.junit.platform.engine.support.hierarchical.NodeTestTask.lambda$executeRecursively$6(NodeTestTask.java:148)
	at org.junit.platform.engine.support.hierarchical.ThrowableCollector.execute(ThrowableCollector.java:73)
	at org.junit.platform.engine.support.hierarchical.NodeTestTask.lambda$executeRecursively$8(NodeTestTask.java:141)
	at org.junit.platform.engine.support.hierarchical.Node.around(Node.java:137)
	at org.junit.platform.engine.support.hierarchical.NodeTestTask.lambda$executeRecursively$9(NodeTestTask.java:139)
	at org.junit.platform.engine.support.hierarchical.ThrowableCollector.execute(ThrowableCollector.java:73)
	at org.junit.platform.engine.support.hierarchical.NodeTestTask.executeRecursively(NodeTestTask.java:138)
	at org.junit.platform.engine.support.hierarchical.NodeTestTask.execute(NodeTestTask.java:95)
	at java.util.ArrayList.forEach(ArrayList.java:1259)
	at org.junit.platform.engine.support.hierarchical.SameThreadHierarchicalTestExecutorService.invokeAll(SameThreadHierarchicalTestExecutorService.java:41)
	at org.junit.platform.engine.support.hierarchical.NodeTestTask.lambda$executeRecursively$6(NodeTestTask.java:155)
	at org.junit.platform.engine.support.hierarchical.ThrowableCollector.execute(ThrowableCollector.java:73)
	at org.junit.platform.engine.support.hierarchical.NodeTestTask.lambda$executeRecursively$8(NodeTestTask.java:141)
	at org.junit.platform.engine.support.hierarchical.Node.around(Node.java:137)
	at org.junit.platform.engine.support.hierarchical.NodeTestTask.lambda$executeRecursively$9(NodeTestTask.java:139)
	at org.junit.platform.engine.support.hierarchical.ThrowableCollector.execute(ThrowableCollector.java:73)
	at org.junit.platform.engine.support.hierarchical.NodeTestTask.executeRecursively(NodeTestTask.java:138)
	at org.junit.platform.engine.support.hierarchical.NodeTestTask.execute(NodeTestTask.java:95)
	at org.junit.platform.engine.support.hierarchical.SameThreadHierarchicalTestExecutorService.submit(SameThreadHierarchicalTestExecutorService.java:35)
	at org.junit.platform.engine.support.hierarchical.HierarchicalTestExecutor.execute(HierarchicalTestExecutor.java:57)
	at org.junit.platform.engine.support.hierarchical.HierarchicalTestEngine.execute(HierarchicalTestEngine.java:54)
	at org.junit.platform.launcher.core.EngineExecutionOrchestrator.execute(EngineExecutionOrchestrator.java:198)
	at org.junit.platform.launcher.core.EngineExecutionOrchestrator.execute(EngineExecutionOrchestrator.java:169)
	at org.junit.platform.launcher.core.EngineExecutionOrchestrator.execute(EngineExecutionOrchestrator.java:93)
	at org.junit.platform.launcher.core.EngineExecutionOrchestrator.lambda$execute$0(EngineExecutionOrchestrator.java:58)
	at org.junit.platform.launcher.core.EngineExecutionOrchestrator.withInterceptedStreams(EngineExecutionOrchestrator.java:141)
	at org.junit.platform.launcher.core.EngineExecutionOrchestrator.execute(EngineExecutionOrchestrator.java:57)
	at org.junit.platform.launcher.core.DefaultLauncher.execute(DefaultLauncher.java:103)
	at org.junit.platform.launcher.core.DefaultLauncher.execute(DefaultLauncher.java:85)
	at org.junit.platform.launcher.core.DelegatingLauncher.execute(DelegatingLauncher.java:47)
	at org.junit.platform.launcher.core.SessionPerRequestLauncher.execute(SessionPerRequestLauncher.java:63)
	at org.apache.maven.surefire.junitplatform.JUnitPlatformProvider.invokeAllTests(JUnitPlatformProvider.java:165)
	at org.apache.maven.surefire.junitplatform.JUnitPlatformProvider.invoke(JUnitPlatformProvider.java:124)
	at org.apache.maven.surefire.booter.ForkedBooter.runSuitesInProcess(ForkedBooter.java:428)
	at org.apache.maven.surefire.booter.ForkedBooter.execute(ForkedBooter.java:162)
	at org.apache.maven.surefire.booter.ForkedBooter.run(ForkedBooter.java:562)
	at org.apache.maven.surefire.booter.ForkedBooter.main(ForkedBooter.java:548)
2024-02-27 07:52:34,311 [main] INFO  om.OzoneManager (OzoneManager.java:addS3GVolumeToDB(4425)) - Created Volume s3v With Owner runner required for S3Gateway operations.
2024-02-27 07:52:34,311 [main] WARN  server.ServerUtils (ServerUtils.java:getDefaultRatisDirectory(311)) - Storage directory for Ratis is not configured. It is a good idea to map this to an SSD disk. Falling back to ozone.metadata.dirs
2024-02-27 07:52:34,311 [main] WARN  utils.OzoneManagerRatisUtils (OzoneManagerRatisUtils.java:getOMRatisSnapshotDirectory(476)) - ozone.om.ratis.snapshot.dir is not configured. Falling back to ozone.metadata.dirs config
2024-02-27 07:52:34,311 [main] INFO  utils.RDBSnapshotProvider (RDBSnapshotProvider.java:init(87)) - Cleaning up the candidate dir: /home/runner/work/ozone/ozone/hadoop-ozone/integration-test/target/test-dir/MiniOzoneClusterImpl-bc2c81e0-d964-4a8e-97ca-887e98ec88c8/omNode-3/snapshot/om.db.candidate
2024-02-27 07:52:34,311 [main] INFO  ratis_snapshot.OmRatisSnapshotProvider (OmRatisSnapshotProvider.java:<init>(99)) - Initializing OM Snapshot Provider
2024-02-27 07:52:34,312 [main] WARN  dropwizard3.Dm3MetricRegistriesImpl (Dm3MetricRegistriesImpl.java:addReporterRegistration(113)) - New reporters are added after registries were created. Some metrics will be missing from the reporter. Please add reporter before adding any new registry.
2024-02-27 07:52:34,312 [main] WARN  dropwizard3.Dm3MetricRegistriesImpl (Dm3MetricRegistriesImpl.java:addReporterRegistration(113)) - New reporters are added after registries were created. Some metrics will be missing from the reporter. Please add reporter before adding any new registry.
2024-02-27 07:52:34,312 [main] WARN  server.ServerUtils (ServerUtils.java:getDefaultRatisDirectory(311)) - Storage directory for Ratis is not configured. It is a good idea to map this to an SSD disk. Falling back to ozone.metadata.dirs
2024-02-27 07:52:34,313 [main] INFO  ratis.OzoneManagerRatisServer (OzoneManagerRatisServer.java:<init>(167)) - Instantiating OM Ratis server with groupID: om-service-test1 and peers: localhost:15273, localhost:15265, localhost:15269
2024-02-27 07:52:34,313 [main] INFO  ratis.OzoneManagerStateMachine (OzoneManagerStateMachine.java:loadSnapshotInfoFromDB(576)) - TransactionInfo not found in OM DB.
2024-02-27 07:52:34,313 [main] INFO  server.RaftServer (ConfUtils.java:logGet(46)) - raft.rpc.type = GRPC (default)
2024-02-27 07:52:34,314 [main] INFO  grpc.GrpcConfigKeys (ConfUtils.java:logFallback(53)) - raft.grpc.admin.host = null (fallback to raft.grpc.server.host)
2024-02-27 07:52:34,314 [main] INFO  grpc.GrpcConfigKeys (ConfUtils.java:logFallback(53)) - raft.grpc.admin.port = 15273 (fallback to raft.grpc.server.port)
2024-02-27 07:52:34,314 [main] INFO  grpc.GrpcConfigKeys (ConfUtils.java:logFallback(53)) - raft.grpc.client.host = null (fallback to raft.grpc.server.host)
2024-02-27 07:52:34,314 [main] INFO  grpc.GrpcConfigKeys (ConfUtils.java:logFallback(53)) - raft.grpc.client.port = 15273 (fallback to raft.grpc.server.port)
2024-02-27 07:52:34,314 [main] INFO  grpc.GrpcConfigKeys (ConfUtils.java:logGet(46)) - raft.grpc.server.host = null (default)
2024-02-27 07:52:34,314 [main] INFO  grpc.GrpcConfigKeys (ConfUtils.java:logGet(46)) - raft.grpc.server.port = 15273 (custom)
2024-02-27 07:52:34,314 [main] INFO  server.GrpcService (ConfUtils.java:logGet(46)) - raft.grpc.message.size.max = 4194304 (custom)
2024-02-27 07:52:34,314 [main] INFO  server.RaftServerConfigKeys (ConfUtils.java:logGet(46)) - raft.server.log.appender.buffer.byte-limit = 4194304 (custom)
2024-02-27 07:52:34,314 [main] INFO  server.GrpcService (ConfUtils.java:logGet(46)) - raft.grpc.flow.control.window = 1MB (=1048576) (default)
2024-02-27 07:52:34,314 [main] INFO  server.RaftServerConfigKeys (ConfUtils.java:logGet(46)) - raft.server.rpc.request.timeout = 3000ms (default)
2024-02-27 07:52:34,314 [main] INFO  grpc.GrpcConfigKeys (ConfUtils.java:logGet(46)) - raft.grpc.server.heartbeat.channel = true (default)
2024-02-27 07:52:34,315 [main] INFO  grpc.GrpcConfigKeys (ConfUtils.java:logGet(46)) - raft.grpc.server.async.request.thread.pool.cached = true (default)
2024-02-27 07:52:34,315 [main] INFO  grpc.GrpcConfigKeys (ConfUtils.java:logGet(46)) - raft.grpc.server.async.request.thread.pool.size = 32 (default)
2024-02-27 07:52:34,316 [main] INFO  impl.DataStreamServerImpl (ConfUtils.java:logGet(46)) - raft.datastream.type = DISABLED (default)
2024-02-27 07:52:34,316 [main] INFO  server.RaftServerConfigKeys (ConfUtils.java:logGet(46)) - raft.server.sleep.deviation.threshold = 300ms (default)
2024-02-27 07:52:34,316 [main] INFO  server.RaftServerConfigKeys (ConfUtils.java:logGet(46)) - raft.server.close.threshold = 60s (default)
2024-02-27 07:52:34,316 [main] INFO  server.RaftServerConfigKeys (ConfUtils.java:logGet(46)) - raft.server.leaderelection.leader.step-down.wait-time = 10s (default)
2024-02-27 07:52:34,316 [main] INFO  server.RaftServerConfigKeys (ConfUtils.java:logGet(46)) - raft.server.storage.dir = [/home/runner/work/ozone/ozone/hadoop-ozone/integration-test/target/test-dir/MiniOzoneClusterImpl-bc2c81e0-d964-4a8e-97ca-887e98ec88c8/omNode-3/ratis] (custom)
2024-02-27 07:52:34,316 [main] INFO  server.RaftServerConfigKeys (ConfUtils.java:logGet(46)) - raft.server.threadpool.proxy.cached = true (default)
2024-02-27 07:52:34,316 [main] INFO  server.RaftServerConfigKeys (ConfUtils.java:logGet(46)) - raft.server.threadpool.proxy.size = 0 (default)
2024-02-27 07:52:34,316 [main] INFO  server.RaftServer (RaftServerProxy.java:addNew(100)) - omNode-3: addNew group-523986131536:[omNode-3|localhost:15273, omNode-1|localhost:15265, omNode-2|localhost:15269] returns group-523986131536:java.util.concurrent.CompletableFuture@56a3ef7[Not completed]
2024-02-27 07:52:34,317 [main] INFO  om.OzoneManager (OzoneManager.java:initializeRatisServer(2140)) - OzoneManager Ratis server initialized at port 15273
2024-02-27 07:52:34,317 [omNode-3-groupManagement] INFO  server.RaftServer$Division (RaftServerImpl.java:<init>(256)) - omNode-3: new RaftServerImpl for group-523986131536:[omNode-3|localhost:15273, omNode-1|localhost:15265, omNode-2|localhost:15269] with OzoneManagerStateMachine:uninitialized
2024-02-27 07:52:34,317 [main] INFO  om.OzoneManager (OzoneManager.java:getRpcServer(1206)) - Creating RPC Server
2024-02-27 07:52:34,317 [omNode-3-groupManagement] INFO  server.RaftServerConfigKeys (ConfUtils.java:logGet(46)) - raft.server.rpc.timeout.min = 1s (custom)
2024-02-27 07:52:34,317 [omNode-3-groupManagement] INFO  server.RaftServerConfigKeys (ConfUtils.java:logGet(46)) - raft.server.rpc.timeout.max = 1200ms (custom)
2024-02-27 07:52:34,317 [omNode-3-groupManagement] INFO  server.RaftServerConfigKeys (ConfUtils.java:logGet(46)) - raft.server.rpc.sleep.time = 25ms (default)
2024-02-27 07:52:34,317 [omNode-3-groupManagement] INFO  server.RaftServerConfigKeys (ConfUtils.java:logGet(46)) - raft.server.rpc.slowness.timeout = 2s (custom)
2024-02-27 07:52:34,317 [omNode-3-groupManagement] INFO  server.RaftServerConfigKeys (ConfUtils.java:logGet(46)) - raft.server.leaderelection.leader.step-down.wait-time = 10s (default)
2024-02-27 07:52:34,317 [omNode-3-groupManagement] INFO  server.RaftServerConfigKeys (ConfUtils.java:logGet(46)) - raft.server.leaderelection.member.majority-add = false (default)
2024-02-27 07:52:34,317 [omNode-3-groupManagement] INFO  server.RaftServerConfigKeys (ConfUtils.java:logGet(46)) - raft.server.sleep.deviation.threshold = 300ms (default)
2024-02-27 07:52:34,317 [omNode-3-groupManagement] INFO  server.RaftServer$Division (ServerState.java:<init>(113)) - omNode-3@group-523986131536: ConfigurationManager, init=-1: peers:[omNode-3|localhost:15273, omNode-1|localhost:15265, omNode-2|localhost:15269]|listeners:[], old=null, confs=<EMPTY_MAP>
2024-02-27 07:52:34,317 [omNode-3-groupManagement] INFO  server.RaftServerConfigKeys (ConfUtils.java:logGet(46)) - raft.server.notification.no-leader.timeout = 2s (custom)
2024-02-27 07:52:34,317 [omNode-3-groupManagement] INFO  server.RaftServerConfigKeys (ConfUtils.java:logGet(46)) - raft.server.read.timeout = 10s (default)
2024-02-27 07:52:34,317 [omNode-3-groupManagement] INFO  server.RaftServerConfigKeys (ConfUtils.java:logGet(46)) - raft.server.retrycache.expirytime = 30000ms (custom)
2024-02-27 07:52:34,318 [omNode-3-groupManagement] INFO  server.RaftServerConfigKeys (ConfUtils.java:logGet(46)) - raft.server.retrycache.statistics.expirytime = 100ms (default)
2024-02-27 07:52:34,318 [omNode-3-groupManagement] INFO  server.RaftServerConfigKeys (ConfUtils.java:logGet(46)) - raft.server.read.option = DEFAULT (default)
2024-02-27 07:52:34,318 [omNode-3-groupManagement] INFO  server.RaftServerConfigKeys (ConfUtils.java:logGet(46)) - raft.server.read.read-after-write-consistent.write-index-cache.expiry-time = 60s (default)
2024-02-27 07:52:34,320 [omNode-3-groupManagement] INFO  server.RaftServerConfigKeys (ConfUtils.java:logGet(46)) - raft.server.rpc.request.timeout = 3000ms (default)
2024-02-27 07:52:34,320 [omNode-3-groupManagement] INFO  server.RaftServerConfigKeys (ConfUtils.java:logGet(46)) - raft.server.log.appender.install.snapshot.enabled = false (custom)
2024-02-27 07:52:34,320 [omNode-3-groupManagement] INFO  server.RaftServerConfigKeys (ConfUtils.java:logGet(46)) - raft.server.threadpool.server.cached = true (default)
2024-02-27 07:52:34,320 [omNode-3-groupManagement] INFO  server.RaftServerConfigKeys (ConfUtils.java:logGet(46)) - raft.server.threadpool.server.size = 0 (default)
2024-02-27 07:52:34,320 [omNode-3-groupManagement] INFO  server.RaftServerConfigKeys (ConfUtils.java:logGet(46)) - raft.server.threadpool.client.cached = true (default)
2024-02-27 07:52:34,320 [omNode-3-groupManagement] INFO  server.RaftServerConfigKeys (ConfUtils.java:logGet(46)) - raft.server.threadpool.client.size = 0 (default)
2024-02-27 07:52:34,492 [main] INFO  ipc.CallQueueManager (CallQueueManager.java:<init>(90)) - Using callQueue: class java.util.concurrent.LinkedBlockingQueue, queueCapacity: 2000, scheduler: class org.apache.hadoop.ipc.DefaultRpcScheduler, ipcBackoff: false.
2024-02-27 07:52:34,492 [main] INFO  ipc.Server (Server.java:<init>(1287)) - Listener at 127.0.0.1:15270
2024-02-27 07:52:34,493 [Socket Reader #1 for port 15270] INFO  ipc.Server (Server.java:run(1323)) - Starting Socket Reader #1 for port 15270
2024-02-27 07:52:34,505 [main] INFO  impl.MetricsSystemImpl (MetricsSystemImpl.java:init(158)) - OzoneManager metrics system started (again)
2024-02-27 07:52:34,512 [main] INFO  om.OzoneManager (OzoneManager.java:start(1628)) - OzoneManager RPC server is listening at localhost/127.0.0.1:15270
2024-02-27 07:52:34,512 [main] INFO  ratis.OzoneManagerRatisServer (OzoneManagerRatisServer.java:start(588)) - Starting OzoneManagerRatisServer omNode-3 at port 15273
2024-02-27 07:52:34,512 [omNode-3-impl-thread1] INFO  server.RaftServerConfigKeys (ConfUtils.java:logGet(46)) - raft.server.storage.free-space.min = 0MB (=0) (default)
2024-02-27 07:52:34,513 [omNode-3-impl-thread1] INFO  server.RaftServerConfigKeys (ConfUtils.java:logGet(46)) - raft.server.log.corruption.policy = EXCEPTION (default)
2024-02-27 07:52:34,513 [omNode-3-impl-thread1] INFO  server.RaftServerConfigKeys (ConfUtils.java:logGet(46)) - raft.server.storage.dir = [/home/runner/work/ozone/ozone/hadoop-ozone/integration-test/target/test-dir/MiniOzoneClusterImpl-bc2c81e0-d964-4a8e-97ca-887e98ec88c8/omNode-3/ratis] (custom)
2024-02-27 07:52:34,513 [omNode-3-impl-thread1] INFO  storage.RaftStorageDirectory (RaftStorageDirectoryImpl.java:analyzeStorage(138)) - The storage directory /home/runner/work/ozone/ozone/hadoop-ozone/integration-test/target/test-dir/MiniOzoneClusterImpl-bc2c81e0-d964-4a8e-97ca-887e98ec88c8/omNode-3/ratis/c9bc4cf4-3bc3-3c60-a66b-523986131536 does not exist. Creating ...
2024-02-27 07:52:34,514 [omNode-3-impl-thread1] INFO  storage.RaftStorageDirectory (RaftStorageDirectoryImpl.java:tryLock(228)) - Lock on /home/runner/work/ozone/ozone/hadoop-ozone/integration-test/target/test-dir/MiniOzoneClusterImpl-bc2c81e0-d964-4a8e-97ca-887e98ec88c8/omNode-3/ratis/c9bc4cf4-3bc3-3c60-a66b-523986131536/in_use.lock acquired by nodename 40924@fv-az699-61
2024-02-27 07:52:34,516 [omNode-3-impl-thread1] INFO  storage.RaftStorage (RaftStorageImpl.java:format(99)) - Storage directory /home/runner/work/ozone/ozone/hadoop-ozone/integration-test/target/test-dir/MiniOzoneClusterImpl-bc2c81e0-d964-4a8e-97ca-887e98ec88c8/omNode-3/ratis/c9bc4cf4-3bc3-3c60-a66b-523986131536 has been successfully formatted.
2024-02-27 07:52:34,516 [omNode-3-impl-thread1] WARN  util.FileUtils (LogUtils.java:supplyAndLog(63)) - Failed to Files.newInputStream /home/runner/work/ozone/ozone/hadoop-ozone/integration-test/target/test-dir/MiniOzoneClusterImpl-bc2c81e0-d964-4a8e-97ca-887e98ec88c8/omNode-3/ratis/c9bc4cf4-3bc3-3c60-a66b-523986131536/current/raft-meta.conf with options []: java.nio.file.NoSuchFileException: /home/runner/work/ozone/ozone/hadoop-ozone/integration-test/target/test-dir/MiniOzoneClusterImpl-bc2c81e0-d964-4a8e-97ca-887e98ec88c8/omNode-3/ratis/c9bc4cf4-3bc3-3c60-a66b-523986131536/current/raft-meta.conf
2024-02-27 07:52:34,516 [omNode-3-impl-thread1] INFO  server.RaftServerConfigKeys (ConfUtils.java:logGet(46)) - raft.server.log.use.memory = false (default)
2024-02-27 07:52:34,516 [omNode-3-impl-thread1] INFO  server.RaftServerConfigKeys (ConfUtils.java:logGet(46)) - raft.server.log.purge.gap = 50 (custom)
2024-02-27 07:52:34,516 [omNode-3-impl-thread1] INFO  server.RaftServerConfigKeys (ConfUtils.java:logGet(46)) - raft.server.log.appender.buffer.byte-limit = 4194304 (custom)
2024-02-27 07:52:34,516 [omNode-3-impl-thread1] INFO  server.RaftServerConfigKeys (ConfUtils.java:logGet(46)) - raft.server.log.statemachine.data.read.timeout = 1000ms (default)
2024-02-27 07:52:34,516 [omNode-3-impl-thread1] INFO  server.RaftServerConfigKeys (ConfUtils.java:logGet(46)) - raft.server.log.purge.preservation.log.num = 0 (default)
2024-02-27 07:52:34,517 [omNode-3-impl-thread1] INFO  server.RaftServerConfigKeys (ConfUtils.java:logGet(46)) - raft.server.log.segment.size.max = 4194304 (custom)
2024-02-27 07:52:34,517 [omNode-3-impl-thread1] INFO  server.RaftServerConfigKeys (ConfUtils.java:logGet(46)) - raft.server.log.segment.cache.num.max = 2 (custom)
2024-02-27 07:52:34,517 [omNode-3-impl-thread1] INFO  server.RaftServerConfigKeys (ConfUtils.java:logGet(46)) - raft.server.log.segment.cache.size.max = 200MB (=209715200) (default)
2024-02-27 07:52:34,517 [omNode-3-impl-thread1] INFO  server.RaftServerConfigKeys (ConfUtils.java:logGet(46)) - raft.server.log.appender.buffer.byte-limit = 4194304 (custom)
2024-02-27 07:52:34,517 [omNode-3-impl-thread1] INFO  util.AwaitToRun (AwaitToRun.java:start(81)) - Thread[omNode-3@group-523986131536-cacheEviction-AwaitToRun,5,main] started
2024-02-27 07:52:34,517 [omNode-3-impl-thread1] INFO  segmented.SegmentedRaftLogWorker (SegmentedRaftLogWorker.java:<init>(182)) - new omNode-3@group-523986131536-SegmentedRaftLogWorker for RaftStorageImpl:Storage Directory /home/runner/work/ozone/ozone/hadoop-ozone/integration-test/target/test-dir/MiniOzoneClusterImpl-bc2c81e0-d964-4a8e-97ca-887e98ec88c8/omNode-3/ratis/c9bc4cf4-3bc3-3c60-a66b-523986131536
2024-02-27 07:52:34,517 [omNode-3-impl-thread1] INFO  server.RaftServerConfigKeys (ConfUtils.java:logGet(46)) - raft.server.log.queue.byte-limit = 64MB (=67108864) (default)
2024-02-27 07:52:34,517 [omNode-3-impl-thread1] INFO  server.RaftServerConfigKeys (ConfUtils.java:logGet(46)) - raft.server.log.queue.element-limit = 4096 (default)
2024-02-27 07:52:34,518 [omNode-3-impl-thread1] INFO  server.RaftServerConfigKeys (ConfUtils.java:logGet(46)) - raft.server.log.segment.size.max = 4194304 (custom)
2024-02-27 07:52:34,518 [omNode-3-impl-thread1] INFO  server.RaftServerConfigKeys (ConfUtils.java:logGet(46)) - raft.server.log.preallocated.size = 4194304 (custom)
2024-02-27 07:52:34,518 [omNode-3-impl-thread1] INFO  server.RaftServerConfigKeys (ConfUtils.java:logGet(46)) - raft.server.log.force.sync.num = 128 (default)
2024-02-27 07:52:34,518 [omNode-3-impl-thread1] INFO  server.RaftServerConfigKeys (ConfUtils.java:logGet(46)) - raft.server.log.statemachine.data.sync = true (default)
2024-02-27 07:52:34,518 [omNode-3-impl-thread1] INFO  server.RaftServerConfigKeys (ConfUtils.java:logGet(46)) - raft.server.log.statemachine.data.sync.timeout = 10s (default)
2024-02-27 07:52:34,518 [omNode-3-impl-thread1] INFO  server.RaftServerConfigKeys (ConfUtils.java:logGet(46)) - raft.server.log.statemachine.data.sync.timeout.retry = -1 (default)
2024-02-27 07:52:34,518 [omNode-3-impl-thread1] INFO  server.RaftServerConfigKeys (ConfUtils.java:logGet(46)) - raft.server.log.write.buffer.size = 4194312 (custom)
2024-02-27 07:52:34,519 [omNode-3-impl-thread1] INFO  server.RaftServerConfigKeys (ConfUtils.java:logGet(46)) - raft.server.log.appender.buffer.byte-limit = 4194304 (custom)
2024-02-27 07:52:34,519 [omNode-3-impl-thread1] INFO  server.RaftServerConfigKeys (ConfUtils.java:logGet(46)) - raft.server.log.unsafe-flush.enabled = false (default)
2024-02-27 07:52:34,519 [omNode-3-impl-thread1] INFO  server.RaftServerConfigKeys (ConfUtils.java:logGet(46)) - raft.server.log.async-flush.enabled = false (default)
2024-02-27 07:52:34,519 [omNode-3-impl-thread1] INFO  server.RaftServerConfigKeys (ConfUtils.java:logGet(46)) - raft.server.log.statemachine.data.caching.enabled = false (default)
2024-02-27 07:52:34,519 [omNode-3-impl-thread1] INFO  segmented.SegmentedRaftLogWorker (SegmentedRaftLogWorker.java:lambda$new$0(134)) - omNode-3@group-523986131536-SegmentedRaftLogWorker: flushIndex: setUnconditionally 0 -> -1
2024-02-27 07:52:34,519 [omNode-3-impl-thread1] INFO  segmented.SegmentedRaftLogWorker (SegmentedRaftLogWorker.java:lambda$new$0(134)) - omNode-3@group-523986131536-SegmentedRaftLogWorker: safeCacheEvictIndex: setUnconditionally 0 -> -1
2024-02-27 07:52:34,520 [omNode-3-impl-thread1] INFO  server.RaftServer$Division (RaftServerImpl.java:start(396)) - omNode-3@group-523986131536: start as a follower, conf=-1: peers:[omNode-3|localhost:15273, omNode-1|localhost:15265, omNode-2|localhost:15269]|listeners:[], old=null
2024-02-27 07:52:34,520 [omNode-3-impl-thread1] INFO  server.RaftServer$Division (RaftServerImpl.java:setRole(383)) - omNode-3@group-523986131536: changes role from      null to FOLLOWER at term 0 for startAsFollower
2024-02-27 07:52:34,520 [omNode-3-impl-thread1] INFO  impl.RoleInfo (RoleInfo.java:updateAndGet(139)) - omNode-3: start omNode-3@group-523986131536-FollowerState
2024-02-27 07:52:34,520 [omNode-3@group-523986131536-FollowerState] INFO  server.RaftServerConfigKeys (ConfUtils.java:logFallback(53)) - raft.server.rpc.first-election.timeout.min = 1s (fallback to raft.server.rpc.timeout.min)
2024-02-27 07:52:34,520 [omNode-3@group-523986131536-FollowerState] INFO  server.RaftServerConfigKeys (ConfUtils.java:logFallback(53)) - raft.server.rpc.first-election.timeout.max = 1200ms (fallback to raft.server.rpc.timeout.max)
2024-02-27 07:52:34,520 [omNode-3-impl-thread1] INFO  util.JmxRegister (JmxRegister.java:tryRegister(44)) - Successfully registered JMX Bean with object name Ratis:service=RaftServer,group=group-523986131536,id=omNode-3
2024-02-27 07:52:34,520 [omNode-3-impl-thread1] INFO  server.RaftServerConfigKeys (ConfUtils.java:logGet(46)) - raft.server.snapshot.trigger-when-stop.enabled = true (default)
2024-02-27 07:52:34,520 [omNode-3-impl-thread1] INFO  server.RaftServerConfigKeys (ConfUtils.java:logGet(46)) - raft.server.snapshot.auto.trigger.enabled = true (custom)
2024-02-27 07:52:34,520 [omNode-3-impl-thread1] INFO  server.RaftServerConfigKeys (ConfUtils.java:logGet(46)) - raft.server.snapshot.auto.trigger.threshold = 50 (custom)
2024-02-27 07:52:34,520 [omNode-3-impl-thread1] INFO  server.RaftServerConfigKeys (ConfUtils.java:logGet(46)) - raft.server.snapshot.retention.file.num = -1 (default)
2024-02-27 07:52:34,520 [omNode-3-impl-thread1] INFO  server.RaftServerConfigKeys (ConfUtils.java:logGet(46)) - raft.server.log.purge.upto.snapshot.index = true (custom)
2024-02-27 07:52:34,521 [main] INFO  server.RaftServer (RaftServerProxy.java:startImpl(406)) - omNode-3: start RPC server
2024-02-27 07:52:34,522 [main] INFO  server.GrpcService (GrpcService.java:startImpl(302)) - omNode-3: GrpcService started, listening on 15273
2024-02-27 07:52:34,522 [JvmPauseMonitor72] INFO  util.JvmPauseMonitor (JvmPauseMonitor.java:run(146)) - JvmPauseMonitor-omNode-3: Started
2024-02-27 07:52:34,522 [main] INFO  om.OzoneManager (OzoneManager.java:start(1644)) - Version File has different layout version (6) than OM DB (null). That is expected if this OM has never been finalized to a newer layout version.
2024-02-27 07:52:34,524 [main] INFO  http.BaseHttpServer (BaseHttpServer.java:newHttpServer2BuilderForOzone(223)) - Starting Web-server for ozoneManager at: http://0.0.0.0:15271
2024-02-27 07:52:34,525 [main] INFO  http.BaseHttpServer (BaseHttpServer.java:<init>(110)) - Hadoop Security Enabled: false Ozone Security Enabled: false Ozone HTTP Security Enabled: false 
2024-02-27 07:52:34,525 [main] WARN  server.AuthenticationFilter (AuthenticationFilter.java:constructSecretProvider(240)) - Unable to initialize FileSignerSecretProvider, falling back to use random secrets. Reason: Could not read signature secret file: /home/runner/hadoop-http-auth-signature-secret
2024-02-27 07:52:34,526 [main] INFO  http.HttpRequestLog (HttpRequestLog.java:getRequestLog(86)) - Http request log for http.requests.ozoneManager is not defined
2024-02-27 07:52:34,526 [main] INFO  http.HttpServer2 (HttpServer2.java:addGlobalFilter(1036)) - Added global filter 'safety' (class=org.apache.hadoop.hdds.server.http.HttpServer2$QuotingInputFilter)
2024-02-27 07:52:34,527 [main] INFO  http.HttpServer2 (HttpServer2.java:addFilter(1012)) - Added filter static_user_filter (class=org.apache.hadoop.http.lib.StaticUserWebFilter$StaticUserFilter) to context ozoneManager
2024-02-27 07:52:34,527 [main] INFO  http.HttpServer2 (HttpServer2.java:addFilter(1020)) - Added filter static_user_filter (class=org.apache.hadoop.http.lib.StaticUserWebFilter$StaticUserFilter) to context logs
2024-02-27 07:52:34,527 [main] INFO  http.HttpServer2 (HttpServer2.java:addFilter(1020)) - Added filter static_user_filter (class=org.apache.hadoop.http.lib.StaticUserWebFilter$StaticUserFilter) to context static
2024-02-27 07:52:34,527 [main] INFO  http.BaseHttpServer (BaseHttpServer.java:<init>(189)) - HTTP server of ozoneManager uses base directory /home/runner/work/ozone/ozone/hadoop-ozone/integration-test/target/test-dir/MiniOzoneClusterImpl-bc2c81e0-d964-4a8e-97ca-887e98ec88c8/omNode-3/webserver
2024-02-27 07:52:34,527 [main] INFO  http.HttpServer2 (HttpServer2.java:bindListener(1236)) - Jetty bound to port 15271
2024-02-27 07:52:34,528 [main] INFO  server.Server (Server.java:doStart(375)) - jetty-9.4.53.v20231009; built: 2023-10-09T12:29:09.265Z; git: 27bde00a0b95a1d5bbee0eae7984f891d2d0f8c9; jvm 1.8.0_402-b06
2024-02-27 07:52:34,528 [main] INFO  server.session (DefaultSessionIdManager.java:doStart(334)) - DefaultSessionIdManager workerName=node0
2024-02-27 07:52:34,528 [main] INFO  server.session (DefaultSessionIdManager.java:doStart(339)) - No SessionScavenger set, using defaults
2024-02-27 07:52:34,529 [main] INFO  server.session (HouseKeeper.java:startScavenging(132)) - node0 Scavenging every 600000ms
2024-02-27 07:52:34,529 [main] INFO  handler.ContextHandler (ContextHandler.java:doStart(921)) - Started o.e.j.s.ServletContextHandler@b86f1e0{logs,/logs,file:///home/runner/work/ozone/ozone/hadoop-ozone/integration-test/target/log,AVAILABLE}
2024-02-27 07:52:34,529 [main] INFO  handler.ContextHandler (ContextHandler.java:doStart(921)) - Started o.e.j.s.ServletContextHandler@75672a59{static,/static,file:///home/runner/work/ozone/ozone/hadoop-ozone/integration-test/target/test-classes/webapps/static,AVAILABLE}
2024-02-27 07:52:34,531 [main] INFO  handler.ContextHandler (ContextHandler.java:doStart(921)) - Started o.e.j.w.WebAppContext@2fb9853f{ozoneManager,/,file:///home/runner/work/ozone/ozone/hadoop-ozone/integration-test/target/test-classes/webapps/ozoneManager/,AVAILABLE}{file:/home/runner/work/ozone/ozone/hadoop-ozone/integration-test/target/test-classes/webapps/ozoneManager}
2024-02-27 07:52:34,531 [main] INFO  server.AbstractConnector (AbstractConnector.java:doStart(333)) - Started ServerConnector@37d4914e{HTTP/1.1, (http/1.1)}{0.0.0.0:15271}
2024-02-27 07:52:34,531 [main] INFO  server.Server (Server.java:doStart(415)) - Started @837239ms
2024-02-27 07:52:34,532 [main] WARN  impl.MetricsSystemImpl (MetricsSystemImpl.java:register(279)) - Sink prometheus already exists!
2024-02-27 07:52:34,532 [main] INFO  http.BaseHttpServer (BaseHttpServer.java:updateConnectorAddress(354)) - HTTP server of ozoneManager listening at http://0.0.0.0:15271
2024-02-27 07:52:34,532 [IPC Server Responder] INFO  ipc.Server (Server.java:run(1562)) - IPC Server Responder: starting
2024-02-27 07:52:34,533 [IPC Server listener on 15270] INFO  ipc.Server (Server.java:run(1402)) - IPC Server listener on 15270: starting
2024-02-27 07:52:34,534 [main] INFO  om.OzoneManager (OzoneManager.java:startTrashEmptier(2093)) - Trash Interval set to 0. Files deleted won't move to trash
2024-02-27 07:52:34,535 [main] INFO  ozone.MiniOzoneHAClusterImpl (MiniOzoneHAClusterImpl.java:createOMService(474)) - Started OzoneManager omNode-3 RPC server at localhost/127.0.0.1:15270
2024-02-27 07:52:34,540 [main] WARN  dropwizard3.Dm3MetricRegistriesImpl (Dm3MetricRegistriesImpl.java:addReporterRegistration(113)) - New reporters are added after registries were created. Some metrics will be missing from the reporter. Please add reporter before adding any new registry.
2024-02-27 07:52:34,540 [main] WARN  dropwizard3.Dm3MetricRegistriesImpl (Dm3MetricRegistriesImpl.java:addReporterRegistration(113)) - New reporters are added after registries were created. Some metrics will be missing from the reporter. Please add reporter before adding any new registry.
2024-02-27 07:52:34,541 [main] INFO  impl.MetricsSystemImpl (MetricsSystemImpl.java:init(158)) - HddsDatanode metrics system started (again)
2024-02-27 07:52:34,548 [main] INFO  ozone.HddsDatanodeService (HddsDatanodeService.java:start(240)) - HddsDatanodeService host:fv-az699-61.gws2011vpwuupmkks00dozwttg.bx.internal.cloudapp.net ip:10.1.0.19
2024-02-27 07:52:34,565 [main] INFO  upgrade.AbstractLayoutVersionManager (AbstractLayoutVersionManager.java:init(83)) - Initializing Layout version manager with metadata layout = HADOOP_PRC_PORTS_IN_DATANODEDETAILS (version = 7), software layout = HADOOP_PRC_PORTS_IN_DATANODEDETAILS (version = 7)
2024-02-27 07:52:34,565 [main] INFO  statemachine.DatanodeStateMachine (DatanodeStateMachine.java:getEndPointTaskThreadPoolSize(299)) - Datanode State Machine Task Thread Pool size 2
2024-02-27 07:52:34,566 [main] INFO  volume.HddsVolume (HddsVolume.java:<init>(125)) - Creating HddsVolume: /home/runner/work/ozone/ozone/hadoop-ozone/integration-test/target/test-dir/MiniOzoneClusterImpl-bc2c81e0-d964-4a8e-97ca-887e98ec88c8/ozone-meta/datanode-1/data-0/hdds of storage type : DISK capacity : 9223372036854775807
2024-02-27 07:52:34,566 [main] INFO  volume.MutableVolumeSet (MutableVolumeSet.java:initializeVolumeSet(173)) - Added Volume : /home/runner/work/ozone/ozone/hadoop-ozone/integration-test/target/test-dir/MiniOzoneClusterImpl-bc2c81e0-d964-4a8e-97ca-887e98ec88c8/ozone-meta/datanode-1/data-0/hdds to VolumeSet
2024-02-27 07:52:34,567 [main] INFO  volume.MutableVolumeSet (MutableVolumeSet.java:initializeVolumeSet(173)) - Added Volume : /home/runner/work/ozone/ozone/hadoop-ozone/integration-test/target/test-dir/MiniOzoneClusterImpl-bc2c81e0-d964-4a8e-97ca-887e98ec88c8/ozone-meta/datanode-1/ratis to VolumeSet
2024-02-27 07:52:34,567 [main] INFO  ozoneimpl.OzoneContainer (HddsVolumeUtil.java:loadAllHddsVolumeDbStore(103)) - Load 1 volumes DbStore cost: 0ms
2024-02-27 07:52:34,568 [main] INFO  server.RaftServer (ConfUtils.java:logGet(46)) - raft.rpc.type = GRPC (default)
2024-02-27 07:52:34,569 [main] INFO  grpc.GrpcConfigKeys (ConfUtils.java:logFallback(53)) - raft.grpc.admin.host = null (fallback to raft.grpc.server.host)
2024-02-27 07:52:34,569 [main] INFO  grpc.GrpcConfigKeys (ConfUtils.java:logGet(46)) - raft.grpc.admin.port = 15279 (custom)
2024-02-27 07:52:34,569 [main] INFO  grpc.GrpcConfigKeys (ConfUtils.java:logFallback(53)) - raft.grpc.client.host = null (fallback to raft.grpc.server.host)
2024-02-27 07:52:34,569 [main] INFO  grpc.GrpcConfigKeys (ConfUtils.java:logGet(46)) - raft.grpc.client.port = 15278 (custom)
2024-02-27 07:52:34,569 [main] INFO  grpc.GrpcConfigKeys (ConfUtils.java:logGet(46)) - raft.grpc.server.host = null (default)
2024-02-27 07:52:34,570 [main] INFO  grpc.GrpcConfigKeys (ConfUtils.java:logGet(46)) - raft.grpc.server.port = 15280 (custom)
2024-02-27 07:52:34,570 [main] INFO  server.GrpcService (ConfUtils.java:logGet(46)) - raft.grpc.message.size.max = 32MB (=33554432) (custom)
2024-02-27 07:52:34,570 [main] INFO  server.RaftServerConfigKeys (ConfUtils.java:logGet(46)) - raft.server.log.appender.buffer.byte-limit = 8388608 (custom)
2024-02-27 07:52:34,570 [main] INFO  server.GrpcService (ConfUtils.java:logGet(46)) - raft.grpc.flow.control.window = 5MB (=5242880) (custom)
2024-02-27 07:52:34,570 [main] INFO  server.RaftServerConfigKeys (ConfUtils.java:logGet(46)) - raft.server.rpc.request.timeout = 60s (custom)
2024-02-27 07:52:34,570 [main] INFO  grpc.GrpcConfigKeys (ConfUtils.java:logGet(46)) - raft.grpc.server.heartbeat.channel = true (default)
2024-02-27 07:52:34,571 [main] INFO  grpc.GrpcConfigKeys (ConfUtils.java:logGet(46)) - raft.grpc.server.async.request.thread.pool.cached = true (default)
2024-02-27 07:52:34,571 [main] INFO  grpc.GrpcConfigKeys (ConfUtils.java:logGet(46)) - raft.grpc.server.async.request.thread.pool.size = 32 (default)
2024-02-27 07:52:34,573 [main] INFO  impl.DataStreamServerImpl (ConfUtils.java:logGet(46)) - raft.datastream.type = NETTY (custom)
2024-02-27 07:52:34,573 [main] INFO  server.RaftServerConfigKeys (ConfUtils.java:logGet(46)) - raft.server.data-stream.async.request.thread.pool.cached = false (default)
2024-02-27 07:52:34,573 [main] INFO  server.RaftServerConfigKeys (ConfUtils.java:logGet(46)) - raft.server.data-stream.async.request.thread.pool.size = 20 (custom)
2024-02-27 07:52:34,573 [main] INFO  server.RaftServerConfigKeys (ConfUtils.java:logGet(46)) - raft.server.data-stream.async.write.thread.pool.size = 16 (default)
2024-02-27 07:52:34,573 [main] INFO  netty.NettyConfigKeys$DataStream (ConfUtils.java:logGet(46)) - raft.netty.dataStream.server.channel.inactive.grace-period = 10min (default)
2024-02-27 07:52:34,573 [main] INFO  server.RaftServerConfigKeys (ConfUtils.java:logGet(46)) - raft.server.data-stream.client.pool.size = 10 (default)
2024-02-27 07:52:34,574 [main] INFO  netty.NettyConfigKeys$DataStream (ConfUtils.java:logGet(46)) - raft.netty.dataStream.server.use-epoll = true (default)
2024-02-27 07:52:34,574 [main] INFO  netty.NettyConfigKeys$DataStream (ConfUtils.java:logGet(46)) - raft.netty.dataStream.server.boss-group.size = 0 (default)
2024-02-27 07:52:34,574 [main] INFO  netty.NettyUtils (NettyUtils.java:newEventLoopGroup(69)) - Create EpollEventLoopGroup for 8e331bed-8646-4d1b-92f8-14089c74cd0e-NettyServerStreamRpc-bossGroup; Thread size is 0.
2024-02-27 07:52:34,574 [main] INFO  netty.NettyConfigKeys$DataStream (ConfUtils.java:logGet(46)) - raft.netty.dataStream.server.worker-group.size = 0 (default)
2024-02-27 07:52:34,575 [main] INFO  netty.NettyUtils (NettyUtils.java:newEventLoopGroup(69)) - Create EpollEventLoopGroup for 8e331bed-8646-4d1b-92f8-14089c74cd0e-NettyServerStreamRpc-workerGroup; Thread size is 0.
2024-02-27 07:52:34,575 [main] INFO  netty.NettyConfigKeys$DataStream (ConfUtils.java:logGet(46)) - raft.netty.dataStream.server.tls.conf = null (default)
2024-02-27 07:52:34,575 [main] INFO  netty.NettyConfigKeys$DataStream (ConfUtils.java:logGet(46)) - raft.netty.dataStream.host = null (default)
2024-02-27 07:52:34,575 [main] INFO  netty.NettyConfigKeys$DataStream (ConfUtils.java:logGet(46)) - raft.netty.dataStream.port = 15281 (custom)
2024-02-27 07:52:34,576 [main] INFO  server.RaftServerConfigKeys (ConfUtils.java:logGet(46)) - raft.server.sleep.deviation.threshold = 300ms (default)
2024-02-27 07:52:34,576 [main] INFO  server.RaftServerConfigKeys (ConfUtils.java:logGet(46)) - raft.server.close.threshold = 60s (default)
2024-02-27 07:52:34,576 [main] INFO  server.RaftServerConfigKeys (ConfUtils.java:logGet(46)) - raft.server.leaderelection.leader.step-down.wait-time = 10s (default)
2024-02-27 07:52:34,576 [main] INFO  server.RaftServerConfigKeys (ConfUtils.java:logGet(46)) - raft.server.storage.dir = [/home/runner/work/ozone/ozone/hadoop-ozone/integration-test/target/test-dir/MiniOzoneClusterImpl-bc2c81e0-d964-4a8e-97ca-887e98ec88c8/ozone-meta/datanode-1/ratis] (custom)
2024-02-27 07:52:34,576 [main] INFO  server.RaftServerConfigKeys (ConfUtils.java:logGet(46)) - raft.server.threadpool.proxy.cached = true (default)
2024-02-27 07:52:34,576 [main] INFO  server.RaftServerConfigKeys (ConfUtils.java:logGet(46)) - raft.server.threadpool.proxy.size = 0 (default)
2024-02-27 07:52:34,576 [8e331bed-8646-4d1b-92f8-14089c74cd0e-NettyServerStreamRpc-bossGroup--thread1] INFO  logging.LoggingHandler (AbstractInternalLogger.java:log(148)) - [id: 0x5960c2f6] REGISTERED
2024-02-27 07:52:34,577 [8e331bed-8646-4d1b-92f8-14089c74cd0e-NettyServerStreamRpc-bossGroup--thread1] INFO  logging.LoggingHandler (AbstractInternalLogger.java:log(148)) - [id: 0x5960c2f6] BIND: 0.0.0.0/0.0.0.0:15281
2024-02-27 07:52:34,577 [8e331bed-8646-4d1b-92f8-14089c74cd0e-NettyServerStreamRpc-bossGroup--thread1] INFO  logging.LoggingHandler (AbstractInternalLogger.java:log(148)) - [id: 0x5960c2f6, L:/0.0.0.0:15281] ACTIVE
2024-02-27 07:52:34,577 [8e331bed-8646-4d1b-92f8-14089c74cd0e-impl-thread1] INFO  server.RaftServer (RaftServerProxy.java:initGroupDir(264)) - 8e331bed-8646-4d1b-92f8-14089c74cd0e: found a subdirectory /home/runner/work/ozone/ozone/hadoop-ozone/integration-test/target/test-dir/MiniOzoneClusterImpl-bc2c81e0-d964-4a8e-97ca-887e98ec88c8/ozone-meta/datanode-1/ratis/tmp
2024-02-27 07:52:34,577 [8e331bed-8646-4d1b-92f8-14089c74cd0e-impl-thread1] INFO  server.RaftServer (RaftServerProxy.java:initGroupDir(269)) - 8e331bed-8646-4d1b-92f8-14089c74cd0e: The directory /home/runner/work/ozone/ozone/hadoop-ozone/integration-test/target/test-dir/MiniOzoneClusterImpl-bc2c81e0-d964-4a8e-97ca-887e98ec88c8/ozone-meta/datanode-1/ratis/tmp is not a group directory; ignoring it. 
2024-02-27 07:52:34,577 [main] INFO  replication.ReplicationServer (ReplicationServer.java:<init>(86)) - Initializing replication server with thread count = 10 queue length = 4096
2024-02-27 07:52:34,578 [main] INFO  server.XceiverServerGrpc (XceiverServerGrpc.java:<init>(141)) - GrpcServer channel type EpollServerSocketChannel
2024-02-27 07:52:34,579 [main] INFO  replication.ReplicationSupervisor (ReplicationSupervisor.java:build(163)) - Initializing replication supervisor with thread count = 10
2024-02-27 07:52:34,579 [main] INFO  replication.ReplicationSupervisor (ReplicationSupervisor.java:nodeStateUpdated(317)) - Node state updated to IN_SERVICE, scaling executor pool size to 10
2024-02-27 07:52:34,580 [main] INFO  http.BaseHttpServer (BaseHttpServer.java:newHttpServer2BuilderForOzone(223)) - Starting Web-server for hddsDatanode at: http://0.0.0.0:15275
2024-02-27 07:52:34,580 [main] INFO  http.BaseHttpServer (BaseHttpServer.java:<init>(110)) - Hadoop Security Enabled: false Ozone Security Enabled: false Ozone HTTP Security Enabled: false 
2024-02-27 07:52:34,581 [main] WARN  server.AuthenticationFilter (AuthenticationFilter.java:constructSecretProvider(240)) - Unable to initialize FileSignerSecretProvider, falling back to use random secrets. Reason: Could not read signature secret file: /home/runner/hadoop-http-auth-signature-secret
2024-02-27 07:52:34,581 [main] INFO  http.HttpRequestLog (HttpRequestLog.java:getRequestLog(86)) - Http request log for http.requests.hddsDatanode is not defined
2024-02-27 07:52:34,581 [main] INFO  http.HttpServer2 (HttpServer2.java:addGlobalFilter(1036)) - Added global filter 'safety' (class=org.apache.hadoop.hdds.server.http.HttpServer2$QuotingInputFilter)
2024-02-27 07:52:34,582 [main] INFO  http.HttpServer2 (HttpServer2.java:addFilter(1012)) - Added filter static_user_filter (class=org.apache.hadoop.http.lib.StaticUserWebFilter$StaticUserFilter) to context hddsDatanode
2024-02-27 07:52:34,582 [main] INFO  http.HttpServer2 (HttpServer2.java:addFilter(1020)) - Added filter static_user_filter (class=org.apache.hadoop.http.lib.StaticUserWebFilter$StaticUserFilter) to context static
2024-02-27 07:52:34,582 [main] INFO  http.HttpServer2 (HttpServer2.java:addFilter(1020)) - Added filter static_user_filter (class=org.apache.hadoop.http.lib.StaticUserWebFilter$StaticUserFilter) to context logs
2024-02-27 07:52:34,582 [main] INFO  http.BaseHttpServer (BaseHttpServer.java:<init>(189)) - HTTP server of hddsDatanode uses base directory /home/runner/work/ozone/ozone/hadoop-ozone/integration-test/target/test-dir/MiniOzoneClusterImpl-bc2c81e0-d964-4a8e-97ca-887e98ec88c8/ozone-meta/datanode-1/meta/webserver
2024-02-27 07:52:34,582 [main] INFO  http.HttpServer2 (HttpServer2.java:bindListener(1236)) - Jetty bound to port 15275
2024-02-27 07:52:34,583 [main] INFO  server.Server (Server.java:doStart(375)) - jetty-9.4.53.v20231009; built: 2023-10-09T12:29:09.265Z; git: 27bde00a0b95a1d5bbee0eae7984f891d2d0f8c9; jvm 1.8.0_402-b06
2024-02-27 07:52:34,583 [main] INFO  server.session (DefaultSessionIdManager.java:doStart(334)) - DefaultSessionIdManager workerName=node0
2024-02-27 07:52:34,583 [main] INFO  server.session (DefaultSessionIdManager.java:doStart(339)) - No SessionScavenger set, using defaults
2024-02-27 07:52:34,584 [main] INFO  server.session (HouseKeeper.java:startScavenging(132)) - node0 Scavenging every 660000ms
2024-02-27 07:52:34,584 [main] INFO  handler.ContextHandler (ContextHandler.java:doStart(921)) - Started o.e.j.s.ServletContextHandler@7f410f1c{logs,/logs,file:///home/runner/work/ozone/ozone/hadoop-ozone/integration-test/target/log,AVAILABLE}
2024-02-27 07:52:34,584 [main] INFO  handler.ContextHandler (ContextHandler.java:doStart(921)) - Started o.e.j.s.ServletContextHandler@210424e8{static,/static,jar:file:/home/runner/.m2/repository/org/apache/ozone/hdds-container-service/1.5.0-SNAPSHOT/hdds-container-service-1.5.0-SNAPSHOT.jar!/webapps/static,AVAILABLE}
2024-02-27 07:52:34,615 [main] INFO  handler.ContextHandler (ContextHandler.java:doStart(921)) - Started o.e.j.w.WebAppContext@70ca62d9{hddsDatanode,/,file:///home/runner/work/ozone/ozone/hadoop-ozone/integration-test/target/test-dir/MiniOzoneClusterImpl-bc2c81e0-d964-4a8e-97ca-887e98ec88c8/ozone-meta/datanode-1/meta/webserver/jetty-0_0_0_0-15275-hdds-container-service-1_5_0-SNAPSHOT_jar-_-any-6530154258829075078/webapp/,AVAILABLE}{jar:file:/home/runner/.m2/repository/org/apache/ozone/hdds-container-service/1.5.0-SNAPSHOT/hdds-container-service-1.5.0-SNAPSHOT.jar!/webapps/hddsDatanode}
2024-02-27 07:52:34,617 [main] INFO  server.AbstractConnector (AbstractConnector.java:doStart(333)) - Started ServerConnector@123eb7b3{HTTP/1.1, (http/1.1)}{0.0.0.0:15275}
2024-02-27 07:52:34,617 [main] INFO  server.Server (Server.java:doStart(415)) - Started @837325ms
2024-02-27 07:52:34,617 [main] WARN  impl.MetricsSystemImpl (MetricsSystemImpl.java:register(279)) - Sink prometheus already exists!
2024-02-27 07:52:34,618 [main] INFO  http.BaseHttpServer (BaseHttpServer.java:updateConnectorAddress(354)) - HTTP server of hddsDatanode listening at http://0.0.0.0:15275
2024-02-27 07:52:34,618 [main] INFO  ipc.CallQueueManager (CallQueueManager.java:<init>(90)) - Using callQueue: class java.util.concurrent.LinkedBlockingQueue, queueCapacity: 100, scheduler: class org.apache.hadoop.ipc.DefaultRpcScheduler, ipcBackoff: false.
2024-02-27 07:52:34,618 [main] INFO  ipc.Server (Server.java:<init>(1287)) - Listener at 0.0.0.0:15276
2024-02-27 07:52:34,619 [Socket Reader #1 for port 15276] INFO  ipc.Server (Server.java:run(1323)) - Starting Socket Reader #1 for port 15276
2024-02-27 07:52:34,623 [omNode-1@group-523986131536-FollowerState] INFO  impl.FollowerState (FollowerState.java:run(143)) - omNode-1@group-523986131536-FollowerState: change to CANDIDATE, lastRpcElapsedTime:1029564171ns, electionTimeout:1029ms
2024-02-27 07:52:34,623 [omNode-1@group-523986131536-FollowerState] INFO  impl.RoleInfo (RoleInfo.java:shutdownFollowerState(110)) - omNode-1: shutdown omNode-1@group-523986131536-FollowerState
2024-02-27 07:52:34,623 [omNode-1@group-523986131536-FollowerState] INFO  server.RaftServer$Division (RaftServerImpl.java:setRole(383)) - omNode-1@group-523986131536: changes role from  FOLLOWER to CANDIDATE at term 0 for changeToCandidate
2024-02-27 07:52:34,623 [omNode-1@group-523986131536-FollowerState] INFO  server.RaftServerConfigKeys (ConfUtils.java:logGet(46)) - raft.server.leaderelection.pre-vote = true (default)
2024-02-27 07:52:34,623 [omNode-1@group-523986131536-FollowerState] INFO  impl.RoleInfo (RoleInfo.java:updateAndGet(139)) - omNode-1: start omNode-1@group-523986131536-LeaderElection59
2024-02-27 07:52:34,625 [omNode-1@group-523986131536-LeaderElection59] INFO  impl.LeaderElection (LeaderElection.java:askForVotes(321)) - omNode-1@group-523986131536-LeaderElection59 PRE_VOTE round 0: submit vote requests at term 0 for -1: peers:[omNode-3|localhost:15273, omNode-1|localhost:15265, omNode-2|localhost:15269]|listeners:[], old=null
2024-02-27 07:52:34,625 [omNode-1@group-523986131536-LeaderElection59-1] INFO  server.GrpcServerProtocolClient (GrpcServerProtocolClient.java:<init>(65)) - Build channel for omNode-3|localhost:15273
2024-02-27 07:52:34,627 [omNode-1@group-523986131536-LeaderElection59] INFO  server.RaftServerConfigKeys (ConfUtils.java:logFallback(53)) - raft.server.rpc.first-election.timeout.min = 1s (fallback to raft.server.rpc.timeout.min)
2024-02-27 07:52:34,627 [omNode-1@group-523986131536-LeaderElection59] INFO  server.RaftServerConfigKeys (ConfUtils.java:logFallback(53)) - raft.server.rpc.first-election.timeout.max = 1200ms (fallback to raft.server.rpc.timeout.max)
2024-02-27 07:52:34,627 [omNode-1@group-523986131536-LeaderElection59-2] INFO  server.GrpcServerProtocolClient (GrpcServerProtocolClient.java:<init>(65)) - Build channel for omNode-2|localhost:15269
2024-02-27 07:52:34,628 [main] INFO  ozone.HddsDatanodeService (HddsDatanodeService.java:start(327)) - Datanode start with admins: [*, runner]
2024-02-27 07:52:34,628 [main] INFO  ozone.HddsDatanodeClientProtocolServer (HddsDatanodeClientProtocolServer.java:start(77)) - RPC server for Client /0.0.0.0:15276
2024-02-27 07:52:34,629 [IPC Server Responder] INFO  ipc.Server (Server.java:run(1562)) - IPC Server Responder: starting
2024-02-27 07:52:34,629 [IPC Server listener on 15276] INFO  ipc.Server (Server.java:run(1402)) - IPC Server listener on 15276: starting
2024-02-27 07:52:34,634 [8e331bed-8646-4d1b-92f8-14089c74cd0e-DatanodeStateMachineDaemonThread] INFO  statemachine.DatanodeStateMachine (DatanodeStateMachine.java:lambda$startDaemon$1(555)) - Ozone container server started.
2024-02-27 07:52:34,633 [main] WARN  dropwizard3.Dm3MetricRegistriesImpl (Dm3MetricRegistriesImpl.java:addReporterRegistration(113)) - New reporters are added after registries were created. Some metrics will be missing from the reporter. Please add reporter before adding any new registry.
2024-02-27 07:52:34,635 [main] WARN  dropwizard3.Dm3MetricRegistriesImpl (Dm3MetricRegistriesImpl.java:addReporterRegistration(113)) - New reporters are added after registries were created. Some metrics will be missing from the reporter. Please add reporter before adding any new registry.
2024-02-27 07:52:34,636 [main] INFO  impl.MetricsSystemImpl (MetricsSystemImpl.java:init(158)) - HddsDatanode metrics system started (again)
2024-02-27 07:52:34,646 [grpc-default-executor-0] INFO  server.RaftServer$Division (RaftServerImpl.java:requestVote(1389)) - omNode-2@group-523986131536: receive requestVote(PRE_VOTE, omNode-1, group-523986131536, 0, (t:0, i:~))
2024-02-27 07:52:34,646 [grpc-default-executor-0] INFO  impl.VoteContext (VoteContext.java:log(49)) - omNode-2@group-523986131536-FOLLOWER: accept PRE_VOTE from omNode-1: our priority 0 <= candidate's priority 0
2024-02-27 07:52:34,646 [grpc-default-executor-0] INFO  server.RaftServer$Division (RaftServerImpl.java:requestVote(1422)) - omNode-2@group-523986131536 replies to PRE_VOTE vote request: omNode-1<-omNode-2#0:OK-t0. Peer's state: omNode-2@group-523986131536:t0, leader=null, voted=, raftlog=Memoized:omNode-2@group-523986131536-SegmentedRaftLog:OPENED:c-1, conf=-1: peers:[omNode-3|localhost:15273, omNode-1|localhost:15265, omNode-2|localhost:15269]|listeners:[], old=null
2024-02-27 07:52:34,646 [grpc-default-executor-1] INFO  server.RaftServer$Division (RaftServerImpl.java:requestVote(1389)) - omNode-3@group-523986131536: receive requestVote(PRE_VOTE, omNode-1, group-523986131536, 0, (t:0, i:~))
2024-02-27 07:52:34,646 [grpc-default-executor-1] INFO  impl.VoteContext (VoteContext.java:log(49)) - omNode-3@group-523986131536-FOLLOWER: accept PRE_VOTE from omNode-1: our priority 0 <= candidate's priority 0
2024-02-27 07:52:34,647 [grpc-default-executor-1] INFO  server.RaftServer$Division (RaftServerImpl.java:requestVote(1422)) - omNode-3@group-523986131536 replies to PRE_VOTE vote request: omNode-1<-omNode-3#0:OK-t0. Peer's state: omNode-3@group-523986131536:t0, leader=null, voted=, raftlog=Memoized:omNode-3@group-523986131536-SegmentedRaftLog:OPENED:c-1, conf=-1: peers:[omNode-3|localhost:15273, omNode-1|localhost:15265, omNode-2|localhost:15269]|listeners:[], old=null
2024-02-27 07:52:34,647 [omNode-1@group-523986131536-LeaderElection59] INFO  impl.LeaderElection (LeaderElection.java:logAndReturn(89)) - omNode-1@group-523986131536-LeaderElection59: PRE_VOTE PASSED received 1 response(s) and 0 exception(s):
2024-02-27 07:52:34,647 [omNode-1@group-523986131536-LeaderElection59] INFO  impl.LeaderElection (LeaderElection.java:logAndReturn(93)) -   Response 0: omNode-1<-omNode-3#0:OK-t0
2024-02-27 07:52:34,647 [omNode-1@group-523986131536-LeaderElection59] INFO  impl.LeaderElection (LeaderElection.java:askForVotes(323)) - omNode-1@group-523986131536-LeaderElection59 PRE_VOTE round 0: result PASSED
2024-02-27 07:52:34,649 [omNode-1@group-523986131536-LeaderElection59] INFO  impl.LeaderElection (LeaderElection.java:askForVotes(321)) - omNode-1@group-523986131536-LeaderElection59 ELECTION round 0: submit vote requests at term 1 for -1: peers:[omNode-3|localhost:15273, omNode-1|localhost:15265, omNode-2|localhost:15269]|listeners:[], old=null
2024-02-27 07:52:34,650 [omNode-1@group-523986131536-LeaderElection59] INFO  server.RaftServerConfigKeys (ConfUtils.java:logFallback(53)) - raft.server.rpc.first-election.timeout.min = 1s (fallback to raft.server.rpc.timeout.min)
2024-02-27 07:52:34,650 [omNode-1@group-523986131536-LeaderElection59] INFO  server.RaftServerConfigKeys (ConfUtils.java:logFallback(53)) - raft.server.rpc.first-election.timeout.max = 1200ms (fallback to raft.server.rpc.timeout.max)
2024-02-27 07:52:34,650 [grpc-default-executor-1] INFO  server.RaftServer$Division (RaftServerImpl.java:requestVote(1389)) - omNode-3@group-523986131536: receive requestVote(ELECTION, omNode-1, group-523986131536, 1, (t:0, i:~))
2024-02-27 07:52:34,651 [grpc-default-executor-1] INFO  impl.VoteContext (VoteContext.java:log(49)) - omNode-3@group-523986131536-FOLLOWER: accept ELECTION from omNode-1: our priority 0 <= candidate's priority 0
2024-02-27 07:52:34,651 [grpc-default-executor-1] INFO  server.RaftServer$Division (RaftServerImpl.java:setRole(383)) - omNode-3@group-523986131536: changes role from  FOLLOWER to FOLLOWER at term 1 for candidate:omNode-1
2024-02-27 07:52:34,651 [grpc-default-executor-1] INFO  impl.RoleInfo (RoleInfo.java:shutdownFollowerState(110)) - omNode-3: shutdown omNode-3@group-523986131536-FollowerState
2024-02-27 07:52:34,651 [grpc-default-executor-1] INFO  impl.RoleInfo (RoleInfo.java:updateAndGet(139)) - omNode-3: start omNode-3@group-523986131536-FollowerState
2024-02-27 07:52:34,651 [omNode-3@group-523986131536-FollowerState] INFO  impl.FollowerState (FollowerState.java:run(152)) - omNode-3@group-523986131536-FollowerState was interrupted
2024-02-27 07:52:34,651 [grpc-default-executor-0] INFO  server.RaftServer$Division (RaftServerImpl.java:requestVote(1389)) - omNode-2@group-523986131536: receive requestVote(ELECTION, omNode-1, group-523986131536, 1, (t:0, i:~))
2024-02-27 07:52:34,651 [grpc-default-executor-0] INFO  impl.VoteContext (VoteContext.java:log(49)) - omNode-2@group-523986131536-FOLLOWER: accept ELECTION from omNode-1: our priority 0 <= candidate's priority 0
2024-02-27 07:52:34,651 [grpc-default-executor-0] INFO  server.RaftServer$Division (RaftServerImpl.java:setRole(383)) - omNode-2@group-523986131536: changes role from  FOLLOWER to FOLLOWER at term 1 for candidate:omNode-1
2024-02-27 07:52:34,652 [grpc-default-executor-0] INFO  impl.RoleInfo (RoleInfo.java:shutdownFollowerState(110)) - omNode-2: shutdown omNode-2@group-523986131536-FollowerState
2024-02-27 07:52:34,653 [main] INFO  ozone.HddsDatanodeService (HddsDatanodeService.java:start(240)) - HddsDatanodeService host:fv-az699-61.gws2011vpwuupmkks00dozwttg.bx.internal.cloudapp.net ip:10.1.0.19
2024-02-27 07:52:34,653 [grpc-default-executor-0] INFO  impl.RoleInfo (RoleInfo.java:updateAndGet(139)) - omNode-2: start omNode-2@group-523986131536-FollowerState
2024-02-27 07:52:34,653 [grpc-default-executor-1] INFO  server.RaftServer$Division (RaftServerImpl.java:setFirstElection(574)) - omNode-3@group-523986131536: set firstElectionSinceStartup to false for candidate:omNode-1
2024-02-27 07:52:34,653 [omNode-2@group-523986131536-FollowerState] INFO  impl.FollowerState (FollowerState.java:run(152)) - omNode-2@group-523986131536-FollowerState was interrupted
2024-02-27 07:52:34,653 [grpc-default-executor-0] INFO  server.RaftServer$Division (RaftServerImpl.java:setFirstElection(574)) - omNode-2@group-523986131536: set firstElectionSinceStartup to false for candidate:omNode-1
2024-02-27 07:52:34,658 [8e331bed-8646-4d1b-92f8-14089c74cd0e-DatanodeStateMachineTaskThread-0] INFO  datanode.InitDatanodeState (InitDatanodeState.java:persistContainerDatanodeDetails(139)) - DatanodeDetails is persisted to /home/runner/work/ozone/ozone/hadoop-ozone/integration-test/target/test-dir/MiniOzoneClusterImpl-bc2c81e0-d964-4a8e-97ca-887e98ec88c8/ozone-meta/datanode-1/meta/datanode.id
2024-02-27 07:52:34,657 [grpc-default-executor-1] INFO  server.RaftServer$Division (RaftServerImpl.java:requestVote(1422)) - omNode-3@group-523986131536 replies to ELECTION vote request: omNode-1<-omNode-3#0:OK-t1. Peer's state: omNode-3@group-523986131536:t1, leader=null, voted=omNode-1, raftlog=Memoized:omNode-3@group-523986131536-SegmentedRaftLog:OPENED:c-1, conf=-1: peers:[omNode-3|localhost:15273, omNode-1|localhost:15265, omNode-2|localhost:15269]|listeners:[], old=null
2024-02-27 07:52:34,660 [omNode-1@group-523986131536-LeaderElection59] INFO  impl.LeaderElection (LeaderElection.java:logAndReturn(89)) - omNode-1@group-523986131536-LeaderElection59: ELECTION PASSED received 1 response(s) and 0 exception(s):
2024-02-27 07:52:34,660 [omNode-1@group-523986131536-LeaderElection59] INFO  impl.LeaderElection (LeaderElection.java:logAndReturn(93)) -   Response 0: omNode-1<-omNode-3#0:OK-t1
2024-02-27 07:52:34,660 [omNode-1@group-523986131536-LeaderElection59] INFO  impl.LeaderElection (LeaderElection.java:askForVotes(323)) - omNode-1@group-523986131536-LeaderElection59 ELECTION round 0: result PASSED
2024-02-27 07:52:34,660 [omNode-1@group-523986131536-LeaderElection59] INFO  impl.RoleInfo (RoleInfo.java:shutdownLeaderElection(130)) - omNode-1: shutdown omNode-1@group-523986131536-LeaderElection59
2024-02-27 07:52:34,660 [omNode-1@group-523986131536-LeaderElection59] INFO  server.RaftServer$Division (RaftServerImpl.java:setRole(383)) - omNode-1@group-523986131536: changes role from CANDIDATE to LEADER at term 1 for changeToLeader
2024-02-27 07:52:34,660 [omNode-1@group-523986131536-LeaderElection59] INFO  server.RaftServerConfigKeys (ConfUtils.java:logGet(46)) - raft.server.staging.catchup.gap = 1000 (default)
2024-02-27 07:52:34,660 [grpc-default-executor-0] INFO  server.RaftServer$Division (RaftServerImpl.java:requestVote(1422)) - omNode-2@group-523986131536 replies to ELECTION vote request: omNode-1<-omNode-2#0:OK-t1. Peer's state: omNode-2@group-523986131536:t1, leader=null, voted=omNode-1, raftlog=Memoized:omNode-2@group-523986131536-SegmentedRaftLog:OPENED:c-1, conf=-1: peers:[omNode-3|localhost:15273, omNode-1|localhost:15265, omNode-2|localhost:15269]|listeners:[], old=null
2024-02-27 07:52:34,660 [omNode-1@group-523986131536-LeaderElection59] INFO  server.RaftServerConfigKeys (ConfUtils.java:logGet(46)) - raft.server.write.element-limit = 4096 (default)
2024-02-27 07:52:34,660 [omNode-1@group-523986131536-LeaderElection59] INFO  server.RaftServerConfigKeys (ConfUtils.java:logGet(46)) - raft.server.write.byte-limit = 64MB (=67108864) (default)
2024-02-27 07:52:34,660 [omNode-1@group-523986131536-LeaderElection59] INFO  server.RaftServerConfigKeys (ConfUtils.java:logGet(46)) - raft.server.watch.timeout = 10s (default)
2024-02-27 07:52:34,660 [omNode-1@group-523986131536-LeaderElection59] INFO  server.RaftServerConfigKeys (ConfUtils.java:logGet(46)) - raft.server.watch.timeout.denomination = 1s (default)
2024-02-27 07:52:34,660 [omNode-1@group-523986131536-LeaderElection59] INFO  server.RaftServerConfigKeys (ConfUtils.java:logGet(46)) - raft.server.watch.element-limit = 65536 (default)
2024-02-27 07:52:34,660 [omNode-1@group-523986131536-LeaderElection59] INFO  server.RaftServerConfigKeys (ConfUtils.java:logGet(46)) - raft.server.read.leader.lease.enabled = false (default)
2024-02-27 07:52:34,660 [omNode-1@group-523986131536-LeaderElection59] INFO  server.RaftServerConfigKeys (ConfUtils.java:logGet(46)) - raft.server.read.leader.lease.timeout.ratio = 0.9 (default)
2024-02-27 07:52:34,660 [omNode-1@group-523986131536-LeaderElection59] INFO  server.RaftServerConfigKeys (ConfUtils.java:logGet(46)) - raft.server.rpc.timeout.min = 1s (custom)
2024-02-27 07:52:34,660 [omNode-1@group-523986131536-LeaderElection59] INFO  server.RaftServerConfigKeys (ConfUtils.java:logGet(46)) - raft.server.write.element-limit = 4096 (default)
2024-02-27 07:52:34,660 [omNode-1@group-523986131536-LeaderElection59] INFO  server.RaftServerConfigKeys (ConfUtils.java:logGet(46)) - raft.server.write.follower.gap.ratio.max = -1.0 (default)
2024-02-27 07:52:34,661 [omNode-1@group-523986131536-LeaderElection59] INFO  server.RaftServerConfigKeys (ConfUtils.java:logGet(46)) - raft.server.log.appender.snapshot.chunk.size.max = 16MB (=16777216) (default)
2024-02-27 07:52:34,661 [omNode-1@group-523986131536-LeaderElection59] INFO  server.RaftServerConfigKeys (ConfUtils.java:logGet(46)) - raft.server.log.appender.buffer.byte-limit = 4194304 (custom)
2024-02-27 07:52:34,661 [omNode-1@group-523986131536-LeaderElection59] INFO  server.RaftServerConfigKeys (ConfUtils.java:logGet(46)) - raft.server.log.appender.buffer.element-limit = 1024 (custom)
2024-02-27 07:52:34,661 [omNode-1@group-523986131536-LeaderElection59] INFO  server.RaftServerConfigKeys (ConfUtils.java:logGet(46)) - raft.server.log.appender.wait-time.min = 0ms (custom)
2024-02-27 07:52:34,661 [omNode-1@group-523986131536-LeaderElection59] INFO  grpc.GrpcConfigKeys (ConfUtils.java:logGet(46)) - raft.grpc.server.leader.outstanding.appends.max = 8 (default)
2024-02-27 07:52:34,661 [omNode-1@group-523986131536-LeaderElection59] INFO  server.RaftServerConfigKeys (ConfUtils.java:logGet(46)) - raft.server.rpc.request.timeout = 3000ms (default)
2024-02-27 07:52:34,661 [omNode-1@group-523986131536-LeaderElection59] INFO  grpc.GrpcConfigKeys (ConfUtils.java:logGet(46)) - raft.grpc.server.install_snapshot.request.element-limit = 8 (default)
2024-02-27 07:52:34,661 [omNode-1@group-523986131536-LeaderElection59] INFO  grpc.GrpcConfigKeys (ConfUtils.java:logGet(46)) - raft.grpc.server.install_snapshot.request.timeout = 3000ms (default)
2024-02-27 07:52:34,661 [omNode-1@group-523986131536-LeaderElection59] INFO  grpc.GrpcConfigKeys (ConfUtils.java:logGet(46)) - raft.grpc.server.log-message.batch.duration = 5s (default)
2024-02-27 07:52:34,661 [omNode-1@group-523986131536-LeaderElection59] INFO  server.RaftServerConfigKeys (ConfUtils.java:logGet(46)) - raft.server.log.appender.install.snapshot.enabled = false (custom)
2024-02-27 07:52:34,661 [omNode-1@group-523986131536-LeaderElection59] INFO  grpc.GrpcConfigKeys (ConfUtils.java:logGet(46)) - raft.grpc.server.heartbeat.channel = true (default)
2024-02-27 07:52:34,662 [omNode-1@group-523986131536-LeaderElection59] INFO  server.RaftServerConfigKeys (ConfUtils.java:logGet(46)) - raft.server.log.appender.snapshot.chunk.size.max = 16MB (=16777216) (default)
2024-02-27 07:52:34,662 [omNode-1@group-523986131536-LeaderElection59] INFO  server.RaftServerConfigKeys (ConfUtils.java:logGet(46)) - raft.server.log.appender.buffer.byte-limit = 4194304 (custom)
2024-02-27 07:52:34,662 [omNode-1@group-523986131536-LeaderElection59] INFO  server.RaftServerConfigKeys (ConfUtils.java:logGet(46)) - raft.server.log.appender.buffer.element-limit = 1024 (custom)
2024-02-27 07:52:34,662 [omNode-1@group-523986131536-LeaderElection59] INFO  server.RaftServerConfigKeys (ConfUtils.java:logGet(46)) - raft.server.log.appender.wait-time.min = 0ms (custom)
2024-02-27 07:52:34,662 [omNode-1@group-523986131536-LeaderElection59] INFO  grpc.GrpcConfigKeys (ConfUtils.java:logGet(46)) - raft.grpc.server.leader.outstanding.appends.max = 8 (default)
2024-02-27 07:52:34,662 [omNode-1@group-523986131536-LeaderElection59] INFO  server.RaftServerConfigKeys (ConfUtils.java:logGet(46)) - raft.server.rpc.request.timeout = 3000ms (default)
2024-02-27 07:52:34,662 [omNode-1@group-523986131536-LeaderElection59] INFO  grpc.GrpcConfigKeys (ConfUtils.java:logGet(46)) - raft.grpc.server.install_snapshot.request.element-limit = 8 (default)
2024-02-27 07:52:34,662 [omNode-1@group-523986131536-LeaderElection59] INFO  grpc.GrpcConfigKeys (ConfUtils.java:logGet(46)) - raft.grpc.server.install_snapshot.request.timeout = 3000ms (default)
2024-02-27 07:52:34,662 [omNode-1@group-523986131536-LeaderElection59] INFO  grpc.GrpcConfigKeys (ConfUtils.java:logGet(46)) - raft.grpc.server.log-message.batch.duration = 5s (default)
2024-02-27 07:52:34,662 [omNode-1@group-523986131536-LeaderElection59] INFO  server.RaftServerConfigKeys (ConfUtils.java:logGet(46)) - raft.server.log.appender.install.snapshot.enabled = false (custom)
2024-02-27 07:52:34,662 [omNode-1@group-523986131536-LeaderElection59] INFO  grpc.GrpcConfigKeys (ConfUtils.java:logGet(46)) - raft.grpc.server.heartbeat.channel = true (default)
2024-02-27 07:52:34,662 [omNode-1@group-523986131536-LeaderElection59] INFO  impl.RoleInfo (RoleInfo.java:updateAndGet(139)) - omNode-1: start omNode-1@group-523986131536-LeaderStateImpl
2024-02-27 07:52:34,663 [omNode-1@group-523986131536-LeaderElection59] INFO  server.RaftServer$Division (RaftServerImpl.java:setFirstElection(574)) - omNode-1@group-523986131536: set firstElectionSinceStartup to false for becomeLeader
2024-02-27 07:52:34,663 [omNode-1@group-523986131536-LeaderElection59] INFO  server.RaftServer$Division (ServerState.java:setLeader(269)) - omNode-1@group-523986131536: change Leader from null to omNode-1 at term 1 for becomeLeader, leader elected after 1280ms
2024-02-27 07:52:34,663 [omNode-1@group-523986131536-LeaderElection59] INFO  segmented.SegmentedRaftLogWorker (SegmentedRaftLogWorker.java:startLogSegment(430)) - omNode-1@group-523986131536-SegmentedRaftLogWorker: Starting segment from index:0
2024-02-27 07:52:34,664 [omNode-1@group-523986131536-LeaderElection59] INFO  server.RaftServer$Division (ServerState.java:setRaftConf(386)) - omNode-1@group-523986131536: set configuration 0: peers:[omNode-3|localhost:15273, omNode-1|localhost:15265, omNode-2|localhost:15269]|listeners:[], old=null
2024-02-27 07:52:34,664 [omNode-1@group-523986131536-SegmentedRaftLogWorker] INFO  segmented.BufferedWriteChannel (BufferedWriteChannel.java:open(62)) - open log_inprogress_0 at position 0
2024-02-27 07:52:34,677 [omNode-1@group-523986131536-SegmentedRaftLogWorker] INFO  segmented.SegmentedRaftLogWorker (SegmentedRaftLogWorker.java:execute(634)) - omNode-1@group-523986131536-SegmentedRaftLogWorker: created new log segment /home/runner/work/ozone/ozone/hadoop-ozone/integration-test/target/test-dir/MiniOzoneClusterImpl-bc2c81e0-d964-4a8e-97ca-887e98ec88c8/omNode-1/ratis/c9bc4cf4-3bc3-3c60-a66b-523986131536/current/log_inprogress_0
2024-02-27 07:52:34,678 [omNode-3-server-thread1] INFO  server.RaftServer$Division (ServerState.java:setLeader(269)) - omNode-3@group-523986131536: change Leader from null to omNode-1 at term 1 for appendEntries, leader elected after 359ms
2024-02-27 07:52:34,679 [omNode-3-server-thread1] INFO  server.RaftServer$Division (ServerState.java:setRaftConf(386)) - omNode-3@group-523986131536: set configuration 0: peers:[omNode-3|localhost:15273, omNode-1|localhost:15265, omNode-2|localhost:15269]|listeners:[], old=null
2024-02-27 07:52:34,679 [omNode-2-server-thread1] INFO  server.RaftServer$Division (ServerState.java:setLeader(269)) - omNode-2@group-523986131536: change Leader from null to omNode-1 at term 1 for appendEntries, leader elected after 843ms
2024-02-27 07:52:34,680 [omNode-3-server-thread1] INFO  segmented.SegmentedRaftLogWorker (SegmentedRaftLogWorker.java:startLogSegment(430)) - omNode-3@group-523986131536-SegmentedRaftLogWorker: Starting segment from index:0
2024-02-27 07:52:34,681 [omNode-3@group-523986131536-SegmentedRaftLogWorker] INFO  segmented.BufferedWriteChannel (BufferedWriteChannel.java:open(62)) - open log_inprogress_0 at position 0
2024-02-27 07:52:34,682 [omNode-2-server-thread2] INFO  server.RaftServer$Division (ServerState.java:setRaftConf(386)) - omNode-2@group-523986131536: set configuration 0: peers:[omNode-3|localhost:15273, omNode-1|localhost:15265, omNode-2|localhost:15269]|listeners:[], old=null
2024-02-27 07:52:34,683 [omNode-2-server-thread2] INFO  segmented.SegmentedRaftLogWorker (SegmentedRaftLogWorker.java:startLogSegment(430)) - omNode-2@group-523986131536-SegmentedRaftLogWorker: Starting segment from index:0
2024-02-27 07:52:34,683 [omNode-2@group-523986131536-SegmentedRaftLogWorker] INFO  segmented.BufferedWriteChannel (BufferedWriteChannel.java:open(62)) - open log_inprogress_0 at position 0
2024-02-27 07:52:34,694 [omNode-2@group-523986131536-SegmentedRaftLogWorker] INFO  segmented.SegmentedRaftLogWorker (SegmentedRaftLogWorker.java:execute(634)) - omNode-2@group-523986131536-SegmentedRaftLogWorker: created new log segment /home/runner/work/ozone/ozone/hadoop-ozone/integration-test/target/test-dir/MiniOzoneClusterImpl-bc2c81e0-d964-4a8e-97ca-887e98ec88c8/omNode-2/ratis/c9bc4cf4-3bc3-3c60-a66b-523986131536/current/log_inprogress_0
2024-02-27 07:52:34,694 [omNode-3@group-523986131536-SegmentedRaftLogWorker] INFO  segmented.SegmentedRaftLogWorker (SegmentedRaftLogWorker.java:execute(634)) - omNode-3@group-523986131536-SegmentedRaftLogWorker: created new log segment /home/runner/work/ozone/ozone/hadoop-ozone/integration-test/target/test-dir/MiniOzoneClusterImpl-bc2c81e0-d964-4a8e-97ca-887e98ec88c8/omNode-3/ratis/c9bc4cf4-3bc3-3c60-a66b-523986131536/current/log_inprogress_0
2024-02-27 07:52:34,695 [main] INFO  upgrade.AbstractLayoutVersionManager (AbstractLayoutVersionManager.java:init(83)) - Initializing Layout version manager with metadata layout = HADOOP_PRC_PORTS_IN_DATANODEDETAILS (version = 7), software layout = HADOOP_PRC_PORTS_IN_DATANODEDETAILS (version = 7)
2024-02-27 07:52:34,695 [main] INFO  statemachine.DatanodeStateMachine (DatanodeStateMachine.java:getEndPointTaskThreadPoolSize(299)) - Datanode State Machine Task Thread Pool size 2
2024-02-27 07:52:34,696 [main] INFO  volume.HddsVolume (HddsVolume.java:<init>(125)) - Creating HddsVolume: /home/runner/work/ozone/ozone/hadoop-ozone/integration-test/target/test-dir/MiniOzoneClusterImpl-bc2c81e0-d964-4a8e-97ca-887e98ec88c8/ozone-meta/datanode-2/data-0/hdds of storage type : DISK capacity : 9223372036854775807
2024-02-27 07:52:34,696 [omNode-1@group-523986131536-StateMachineUpdater] INFO  ratis.OzoneManagerStateMachine (OzoneManagerStateMachine.java:notifyConfigurationChanged(200)) - Received Configuration change notification from Ratis. New Peer list:
[id: "omNode-3"
address: "localhost:15273"
startupRole: FOLLOWER
, id: "omNode-1"
address: "localhost:15265"
startupRole: FOLLOWER
, id: "omNode-2"
address: "localhost:15269"
startupRole: FOLLOWER
]
2024-02-27 07:52:34,696 [main] INFO  volume.MutableVolumeSet (MutableVolumeSet.java:initializeVolumeSet(173)) - Added Volume : /home/runner/work/ozone/ozone/hadoop-ozone/integration-test/target/test-dir/MiniOzoneClusterImpl-bc2c81e0-d964-4a8e-97ca-887e98ec88c8/ozone-meta/datanode-2/data-0/hdds to VolumeSet
2024-02-27 07:52:34,696 [omNode-1@group-523986131536-StateMachineUpdater] INFO  server.RaftServer$Division (LeaderStateImpl.java:isApplied(320)) - leader is ready since appliedIndex == 0 >= startIndex == 0
2024-02-27 07:52:34,697 [main] INFO  volume.MutableVolumeSet (MutableVolumeSet.java:initializeVolumeSet(173)) - Added Volume : /home/runner/work/ozone/ozone/hadoop-ozone/integration-test/target/test-dir/MiniOzoneClusterImpl-bc2c81e0-d964-4a8e-97ca-887e98ec88c8/ozone-meta/datanode-2/ratis to VolumeSet
2024-02-27 07:52:34,697 [main] INFO  ozoneimpl.OzoneContainer (HddsVolumeUtil.java:loadAllHddsVolumeDbStore(103)) - Load 1 volumes DbStore cost: 0ms
2024-02-27 07:52:34,698 [main] INFO  server.RaftServer (ConfUtils.java:logGet(46)) - raft.rpc.type = GRPC (default)
2024-02-27 07:52:34,699 [main] INFO  grpc.GrpcConfigKeys (ConfUtils.java:logFallback(53)) - raft.grpc.admin.host = null (fallback to raft.grpc.server.host)
2024-02-27 07:52:34,699 [main] INFO  grpc.GrpcConfigKeys (ConfUtils.java:logGet(46)) - raft.grpc.admin.port = 15288 (custom)
2024-02-27 07:52:34,699 [main] INFO  grpc.GrpcConfigKeys (ConfUtils.java:logFallback(53)) - raft.grpc.client.host = null (fallback to raft.grpc.server.host)
2024-02-27 07:52:34,699 [main] INFO  grpc.GrpcConfigKeys (ConfUtils.java:logGet(46)) - raft.grpc.client.port = 15287 (custom)
2024-02-27 07:52:34,699 [main] INFO  grpc.GrpcConfigKeys (ConfUtils.java:logGet(46)) - raft.grpc.server.host = null (default)
2024-02-27 07:52:34,699 [main] INFO  grpc.GrpcConfigKeys (ConfUtils.java:logGet(46)) - raft.grpc.server.port = 15289 (custom)
2024-02-27 07:52:34,699 [main] INFO  server.GrpcService (ConfUtils.java:logGet(46)) - raft.grpc.message.size.max = 32MB (=33554432) (custom)
2024-02-27 07:52:34,699 [main] INFO  server.RaftServerConfigKeys (ConfUtils.java:logGet(46)) - raft.server.log.appender.buffer.byte-limit = 8388608 (custom)
2024-02-27 07:52:34,699 [main] INFO  server.GrpcService (ConfUtils.java:logGet(46)) - raft.grpc.flow.control.window = 5MB (=5242880) (custom)
2024-02-27 07:52:34,699 [main] INFO  server.RaftServerConfigKeys (ConfUtils.java:logGet(46)) - raft.server.rpc.request.timeout = 60s (custom)
2024-02-27 07:52:34,700 [main] INFO  grpc.GrpcConfigKeys (ConfUtils.java:logGet(46)) - raft.grpc.server.heartbeat.channel = true (default)
2024-02-27 07:52:34,700 [main] INFO  grpc.GrpcConfigKeys (ConfUtils.java:logGet(46)) - raft.grpc.server.async.request.thread.pool.cached = true (default)
2024-02-27 07:52:34,700 [main] INFO  grpc.GrpcConfigKeys (ConfUtils.java:logGet(46)) - raft.grpc.server.async.request.thread.pool.size = 32 (default)
2024-02-27 07:52:34,701 [main] INFO  impl.DataStreamServerImpl (ConfUtils.java:logGet(46)) - raft.datastream.type = NETTY (custom)
2024-02-27 07:52:34,702 [main] INFO  server.RaftServerConfigKeys (ConfUtils.java:logGet(46)) - raft.server.data-stream.async.request.thread.pool.cached = false (default)
2024-02-27 07:52:34,702 [main] INFO  server.RaftServerConfigKeys (ConfUtils.java:logGet(46)) - raft.server.data-stream.async.request.thread.pool.size = 20 (custom)
2024-02-27 07:52:34,702 [main] INFO  server.RaftServerConfigKeys (ConfUtils.java:logGet(46)) - raft.server.data-stream.async.write.thread.pool.size = 16 (default)
2024-02-27 07:52:34,702 [main] INFO  netty.NettyConfigKeys$DataStream (ConfUtils.java:logGet(46)) - raft.netty.dataStream.server.channel.inactive.grace-period = 10min (default)
2024-02-27 07:52:34,702 [main] INFO  server.RaftServerConfigKeys (ConfUtils.java:logGet(46)) - raft.server.data-stream.client.pool.size = 10 (default)
2024-02-27 07:52:34,702 [main] INFO  netty.NettyConfigKeys$DataStream (ConfUtils.java:logGet(46)) - raft.netty.dataStream.server.use-epoll = true (default)
2024-02-27 07:52:34,702 [main] INFO  netty.NettyConfigKeys$DataStream (ConfUtils.java:logGet(46)) - raft.netty.dataStream.server.boss-group.size = 0 (default)
2024-02-27 07:52:34,702 [main] INFO  netty.NettyUtils (NettyUtils.java:newEventLoopGroup(69)) - Create EpollEventLoopGroup for 02eae07c-ff18-478f-b1e9-376b0db68b83-NettyServerStreamRpc-bossGroup; Thread size is 0.
2024-02-27 07:52:34,703 [main] INFO  netty.NettyConfigKeys$DataStream (ConfUtils.java:logGet(46)) - raft.netty.dataStream.server.worker-group.size = 0 (default)
2024-02-27 07:52:34,703 [main] INFO  netty.NettyUtils (NettyUtils.java:newEventLoopGroup(69)) - Create EpollEventLoopGroup for 02eae07c-ff18-478f-b1e9-376b0db68b83-NettyServerStreamRpc-workerGroup; Thread size is 0.
2024-02-27 07:52:34,703 [main] INFO  netty.NettyConfigKeys$DataStream (ConfUtils.java:logGet(46)) - raft.netty.dataStream.server.tls.conf = null (default)
2024-02-27 07:52:34,703 [main] INFO  netty.NettyConfigKeys$DataStream (ConfUtils.java:logGet(46)) - raft.netty.dataStream.host = null (default)
2024-02-27 07:52:34,703 [main] INFO  netty.NettyConfigKeys$DataStream (ConfUtils.java:logGet(46)) - raft.netty.dataStream.port = 15290 (custom)
2024-02-27 07:52:34,703 [main] INFO  server.RaftServerConfigKeys (ConfUtils.java:logGet(46)) - raft.server.sleep.deviation.threshold = 300ms (default)
2024-02-27 07:52:34,704 [02eae07c-ff18-478f-b1e9-376b0db68b83-NettyServerStreamRpc-bossGroup--thread1] INFO  logging.LoggingHandler (AbstractInternalLogger.java:log(148)) - [id: 0x3ebfcaa6] REGISTERED
2024-02-27 07:52:34,704 [main] INFO  server.RaftServerConfigKeys (ConfUtils.java:logGet(46)) - raft.server.close.threshold = 60s (default)
2024-02-27 07:52:34,704 [02eae07c-ff18-478f-b1e9-376b0db68b83-NettyServerStreamRpc-bossGroup--thread1] INFO  logging.LoggingHandler (AbstractInternalLogger.java:log(148)) - [id: 0x3ebfcaa6] BIND: 0.0.0.0/0.0.0.0:15290
2024-02-27 07:52:34,704 [main] INFO  server.RaftServerConfigKeys (ConfUtils.java:logGet(46)) - raft.server.leaderelection.leader.step-down.wait-time = 10s (default)
2024-02-27 07:52:34,704 [02eae07c-ff18-478f-b1e9-376b0db68b83-NettyServerStreamRpc-bossGroup--thread1] INFO  logging.LoggingHandler (AbstractInternalLogger.java:log(148)) - [id: 0x3ebfcaa6, L:/0.0.0.0:15290] ACTIVE
2024-02-27 07:52:34,704 [main] INFO  server.RaftServerConfigKeys (ConfUtils.java:logGet(46)) - raft.server.storage.dir = [/home/runner/work/ozone/ozone/hadoop-ozone/integration-test/target/test-dir/MiniOzoneClusterImpl-bc2c81e0-d964-4a8e-97ca-887e98ec88c8/ozone-meta/datanode-2/ratis] (custom)
2024-02-27 07:52:34,704 [main] INFO  server.RaftServerConfigKeys (ConfUtils.java:logGet(46)) - raft.server.threadpool.proxy.cached = true (default)
2024-02-27 07:52:34,704 [main] INFO  server.RaftServerConfigKeys (ConfUtils.java:logGet(46)) - raft.server.threadpool.proxy.size = 0 (default)
2024-02-27 07:52:34,705 [02eae07c-ff18-478f-b1e9-376b0db68b83-impl-thread1] INFO  server.RaftServer (RaftServerProxy.java:initGroupDir(264)) - 02eae07c-ff18-478f-b1e9-376b0db68b83: found a subdirectory /home/runner/work/ozone/ozone/hadoop-ozone/integration-test/target/test-dir/MiniOzoneClusterImpl-bc2c81e0-d964-4a8e-97ca-887e98ec88c8/ozone-meta/datanode-2/ratis/tmp
2024-02-27 07:52:34,705 [02eae07c-ff18-478f-b1e9-376b0db68b83-impl-thread1] INFO  server.RaftServer (RaftServerProxy.java:initGroupDir(269)) - 02eae07c-ff18-478f-b1e9-376b0db68b83: The directory /home/runner/work/ozone/ozone/hadoop-ozone/integration-test/target/test-dir/MiniOzoneClusterImpl-bc2c81e0-d964-4a8e-97ca-887e98ec88c8/ozone-meta/datanode-2/ratis/tmp is not a group directory; ignoring it. 
2024-02-27 07:52:34,705 [main] INFO  replication.ReplicationServer (ReplicationServer.java:<init>(86)) - Initializing replication server with thread count = 10 queue length = 4096
2024-02-27 07:52:34,705 [main] INFO  server.XceiverServerGrpc (XceiverServerGrpc.java:<init>(141)) - GrpcServer channel type EpollServerSocketChannel
2024-02-27 07:52:34,706 [main] INFO  replication.ReplicationSupervisor (ReplicationSupervisor.java:build(163)) - Initializing replication supervisor with thread count = 10
2024-02-27 07:52:34,706 [main] INFO  replication.ReplicationSupervisor (ReplicationSupervisor.java:nodeStateUpdated(317)) - Node state updated to IN_SERVICE, scaling executor pool size to 10
2024-02-27 07:52:34,707 [main] INFO  http.BaseHttpServer (BaseHttpServer.java:newHttpServer2BuilderForOzone(223)) - Starting Web-server for hddsDatanode at: http://0.0.0.0:15284
2024-02-27 07:52:34,708 [main] INFO  http.BaseHttpServer (BaseHttpServer.java:<init>(110)) - Hadoop Security Enabled: false Ozone Security Enabled: false Ozone HTTP Security Enabled: false 
2024-02-27 07:52:34,708 [main] WARN  server.AuthenticationFilter (AuthenticationFilter.java:constructSecretProvider(240)) - Unable to initialize FileSignerSecretProvider, falling back to use random secrets. Reason: Could not read signature secret file: /home/runner/hadoop-http-auth-signature-secret
2024-02-27 07:52:34,708 [main] INFO  http.HttpRequestLog (HttpRequestLog.java:getRequestLog(86)) - Http request log for http.requests.hddsDatanode is not defined
2024-02-27 07:52:34,709 [main] INFO  http.HttpServer2 (HttpServer2.java:addGlobalFilter(1036)) - Added global filter 'safety' (class=org.apache.hadoop.hdds.server.http.HttpServer2$QuotingInputFilter)
2024-02-27 07:52:34,709 [main] INFO  http.HttpServer2 (HttpServer2.java:addFilter(1012)) - Added filter static_user_filter (class=org.apache.hadoop.http.lib.StaticUserWebFilter$StaticUserFilter) to context hddsDatanode
2024-02-27 07:52:34,709 [main] INFO  http.HttpServer2 (HttpServer2.java:addFilter(1020)) - Added filter static_user_filter (class=org.apache.hadoop.http.lib.StaticUserWebFilter$StaticUserFilter) to context logs
2024-02-27 07:52:34,709 [main] INFO  http.HttpServer2 (HttpServer2.java:addFilter(1020)) - Added filter static_user_filter (class=org.apache.hadoop.http.lib.StaticUserWebFilter$StaticUserFilter) to context static
2024-02-27 07:52:34,710 [main] INFO  http.BaseHttpServer (BaseHttpServer.java:<init>(189)) - HTTP server of hddsDatanode uses base directory /home/runner/work/ozone/ozone/hadoop-ozone/integration-test/target/test-dir/MiniOzoneClusterImpl-bc2c81e0-d964-4a8e-97ca-887e98ec88c8/ozone-meta/datanode-2/meta/webserver
2024-02-27 07:52:34,710 [main] INFO  http.HttpServer2 (HttpServer2.java:bindListener(1236)) - Jetty bound to port 15284
2024-02-27 07:52:34,710 [main] INFO  server.Server (Server.java:doStart(375)) - jetty-9.4.53.v20231009; built: 2023-10-09T12:29:09.265Z; git: 27bde00a0b95a1d5bbee0eae7984f891d2d0f8c9; jvm 1.8.0_402-b06
2024-02-27 07:52:34,711 [main] INFO  server.session (DefaultSessionIdManager.java:doStart(334)) - DefaultSessionIdManager workerName=node0
2024-02-27 07:52:34,711 [main] INFO  server.session (DefaultSessionIdManager.java:doStart(339)) - No SessionScavenger set, using defaults
2024-02-27 07:52:34,711 [main] INFO  server.session (HouseKeeper.java:startScavenging(132)) - node0 Scavenging every 600000ms
2024-02-27 07:52:34,711 [main] INFO  handler.ContextHandler (ContextHandler.java:doStart(921)) - Started o.e.j.s.ServletContextHandler@1cd0b6c1{logs,/logs,file:///home/runner/work/ozone/ozone/hadoop-ozone/integration-test/target/log,AVAILABLE}
2024-02-27 07:52:34,712 [main] INFO  handler.ContextHandler (ContextHandler.java:doStart(921)) - Started o.e.j.s.ServletContextHandler@3f837310{static,/static,jar:file:/home/runner/.m2/repository/org/apache/ozone/hdds-container-service/1.5.0-SNAPSHOT/hdds-container-service-1.5.0-SNAPSHOT.jar!/webapps/static,AVAILABLE}
2024-02-27 07:52:34,743 [main] INFO  handler.ContextHandler (ContextHandler.java:doStart(921)) - Started o.e.j.w.WebAppContext@7bedd5f3{hddsDatanode,/,file:///home/runner/work/ozone/ozone/hadoop-ozone/integration-test/target/test-dir/MiniOzoneClusterImpl-bc2c81e0-d964-4a8e-97ca-887e98ec88c8/ozone-meta/datanode-2/meta/webserver/jetty-0_0_0_0-15284-hdds-container-service-1_5_0-SNAPSHOT_jar-_-any-6385634464430458244/webapp/,AVAILABLE}{jar:file:/home/runner/.m2/repository/org/apache/ozone/hdds-container-service/1.5.0-SNAPSHOT/hdds-container-service-1.5.0-SNAPSHOT.jar!/webapps/hddsDatanode}
2024-02-27 07:52:34,743 [main] INFO  server.AbstractConnector (AbstractConnector.java:doStart(333)) - Started ServerConnector@401c055d{HTTP/1.1, (http/1.1)}{0.0.0.0:15284}
2024-02-27 07:52:34,743 [main] INFO  server.Server (Server.java:doStart(415)) - Started @837451ms
2024-02-27 07:52:34,744 [main] WARN  impl.MetricsSystemImpl (MetricsSystemImpl.java:register(279)) - Sink prometheus already exists!
2024-02-27 07:52:34,744 [main] INFO  http.BaseHttpServer (BaseHttpServer.java:updateConnectorAddress(354)) - HTTP server of hddsDatanode listening at http://0.0.0.0:15284
2024-02-27 07:52:34,744 [main] INFO  ipc.CallQueueManager (CallQueueManager.java:<init>(90)) - Using callQueue: class java.util.concurrent.LinkedBlockingQueue, queueCapacity: 100, scheduler: class org.apache.hadoop.ipc.DefaultRpcScheduler, ipcBackoff: false.
2024-02-27 07:52:34,744 [main] INFO  ipc.Server (Server.java:<init>(1287)) - Listener at 0.0.0.0:15285
2024-02-27 07:52:34,745 [Socket Reader #1 for port 15285] INFO  ipc.Server (Server.java:run(1323)) - Starting Socket Reader #1 for port 15285
2024-02-27 07:52:34,749 [main] INFO  ozone.HddsDatanodeService (HddsDatanodeService.java:start(327)) - Datanode start with admins: [*, runner]
2024-02-27 07:52:34,749 [main] INFO  ozone.HddsDatanodeClientProtocolServer (HddsDatanodeClientProtocolServer.java:start(77)) - RPC server for Client /0.0.0.0:15285
2024-02-27 07:52:34,749 [IPC Server Responder] INFO  ipc.Server (Server.java:run(1562)) - IPC Server Responder: starting
2024-02-27 07:52:34,750 [IPC Server listener on 15285] INFO  ipc.Server (Server.java:run(1402)) - IPC Server listener on 15285: starting
2024-02-27 07:52:34,751 [02eae07c-ff18-478f-b1e9-376b0db68b83-DatanodeStateMachineDaemonThread] INFO  statemachine.DatanodeStateMachine (DatanodeStateMachine.java:lambda$startDaemon$1(555)) - Ozone container server started.
2024-02-27 07:52:34,751 [main] WARN  dropwizard3.Dm3MetricRegistriesImpl (Dm3MetricRegistriesImpl.java:addReporterRegistration(113)) - New reporters are added after registries were created. Some metrics will be missing from the reporter. Please add reporter before adding any new registry.
2024-02-27 07:52:34,753 [main] WARN  dropwizard3.Dm3MetricRegistriesImpl (Dm3MetricRegistriesImpl.java:addReporterRegistration(113)) - New reporters are added after registries were created. Some metrics will be missing from the reporter. Please add reporter before adding any new registry.
2024-02-27 07:52:34,753 [main] INFO  impl.MetricsSystemImpl (MetricsSystemImpl.java:init(158)) - HddsDatanode metrics system started (again)
2024-02-27 07:52:34,756 [02eae07c-ff18-478f-b1e9-376b0db68b83-DatanodeStateMachineTaskThread-0] INFO  datanode.InitDatanodeState (InitDatanodeState.java:persistContainerDatanodeDetails(139)) - DatanodeDetails is persisted to /home/runner/work/ozone/ozone/hadoop-ozone/integration-test/target/test-dir/MiniOzoneClusterImpl-bc2c81e0-d964-4a8e-97ca-887e98ec88c8/ozone-meta/datanode-2/meta/datanode.id
2024-02-27 07:52:34,763 [main] INFO  ozone.HddsDatanodeService (HddsDatanodeService.java:start(240)) - HddsDatanodeService host:fv-az699-61.gws2011vpwuupmkks00dozwttg.bx.internal.cloudapp.net ip:10.1.0.19
2024-02-27 07:52:34,781 [main] INFO  upgrade.AbstractLayoutVersionManager (AbstractLayoutVersionManager.java:init(83)) - Initializing Layout version manager with metadata layout = HADOOP_PRC_PORTS_IN_DATANODEDETAILS (version = 7), software layout = HADOOP_PRC_PORTS_IN_DATANODEDETAILS (version = 7)
2024-02-27 07:52:34,782 [main] INFO  statemachine.DatanodeStateMachine (DatanodeStateMachine.java:getEndPointTaskThreadPoolSize(299)) - Datanode State Machine Task Thread Pool size 2
2024-02-27 07:52:34,783 [main] INFO  volume.HddsVolume (HddsVolume.java:<init>(125)) - Creating HddsVolume: /home/runner/work/ozone/ozone/hadoop-ozone/integration-test/target/test-dir/MiniOzoneClusterImpl-bc2c81e0-d964-4a8e-97ca-887e98ec88c8/ozone-meta/datanode-3/data-0/hdds of storage type : DISK capacity : 9223372036854775807
2024-02-27 07:52:34,783 [main] INFO  volume.MutableVolumeSet (MutableVolumeSet.java:initializeVolumeSet(173)) - Added Volume : /home/runner/work/ozone/ozone/hadoop-ozone/integration-test/target/test-dir/MiniOzoneClusterImpl-bc2c81e0-d964-4a8e-97ca-887e98ec88c8/ozone-meta/datanode-3/data-0/hdds to VolumeSet
2024-02-27 07:52:34,783 [main] INFO  volume.MutableVolumeSet (MutableVolumeSet.java:initializeVolumeSet(173)) - Added Volume : /home/runner/work/ozone/ozone/hadoop-ozone/integration-test/target/test-dir/MiniOzoneClusterImpl-bc2c81e0-d964-4a8e-97ca-887e98ec88c8/ozone-meta/datanode-3/ratis to VolumeSet
2024-02-27 07:52:34,784 [main] INFO  ozoneimpl.OzoneContainer (HddsVolumeUtil.java:loadAllHddsVolumeDbStore(103)) - Load 1 volumes DbStore cost: 1ms
2024-02-27 07:52:34,785 [main] INFO  server.RaftServer (ConfUtils.java:logGet(46)) - raft.rpc.type = GRPC (default)
2024-02-27 07:52:34,785 [main] INFO  grpc.GrpcConfigKeys (ConfUtils.java:logFallback(53)) - raft.grpc.admin.host = null (fallback to raft.grpc.server.host)
2024-02-27 07:52:34,785 [main] INFO  grpc.GrpcConfigKeys (ConfUtils.java:logGet(46)) - raft.grpc.admin.port = 15297 (custom)
2024-02-27 07:52:34,785 [main] INFO  grpc.GrpcConfigKeys (ConfUtils.java:logFallback(53)) - raft.grpc.client.host = null (fallback to raft.grpc.server.host)
2024-02-27 07:52:34,785 [main] INFO  grpc.GrpcConfigKeys (ConfUtils.java:logGet(46)) - raft.grpc.client.port = 15296 (custom)
2024-02-27 07:52:34,785 [main] INFO  grpc.GrpcConfigKeys (ConfUtils.java:logGet(46)) - raft.grpc.server.host = null (default)
2024-02-27 07:52:34,786 [main] INFO  grpc.GrpcConfigKeys (ConfUtils.java:logGet(46)) - raft.grpc.server.port = 15298 (custom)
2024-02-27 07:52:34,786 [main] INFO  server.GrpcService (ConfUtils.java:logGet(46)) - raft.grpc.message.size.max = 32MB (=33554432) (custom)
2024-02-27 07:52:34,786 [main] INFO  server.RaftServerConfigKeys (ConfUtils.java:logGet(46)) - raft.server.log.appender.buffer.byte-limit = 8388608 (custom)
2024-02-27 07:52:34,786 [main] INFO  server.GrpcService (ConfUtils.java:logGet(46)) - raft.grpc.flow.control.window = 5MB (=5242880) (custom)
2024-02-27 07:52:34,786 [main] INFO  server.RaftServerConfigKeys (ConfUtils.java:logGet(46)) - raft.server.rpc.request.timeout = 60s (custom)
2024-02-27 07:52:34,786 [main] INFO  grpc.GrpcConfigKeys (ConfUtils.java:logGet(46)) - raft.grpc.server.heartbeat.channel = true (default)
2024-02-27 07:52:34,786 [main] INFO  grpc.GrpcConfigKeys (ConfUtils.java:logGet(46)) - raft.grpc.server.async.request.thread.pool.cached = true (default)
2024-02-27 07:52:34,787 [main] INFO  grpc.GrpcConfigKeys (ConfUtils.java:logGet(46)) - raft.grpc.server.async.request.thread.pool.size = 32 (default)
2024-02-27 07:52:34,788 [main] INFO  impl.DataStreamServerImpl (ConfUtils.java:logGet(46)) - raft.datastream.type = NETTY (custom)
2024-02-27 07:52:34,789 [main] INFO  server.RaftServerConfigKeys (ConfUtils.java:logGet(46)) - raft.server.data-stream.async.request.thread.pool.cached = false (default)
2024-02-27 07:52:34,789 [main] INFO  server.RaftServerConfigKeys (ConfUtils.java:logGet(46)) - raft.server.data-stream.async.request.thread.pool.size = 20 (custom)
2024-02-27 07:52:34,789 [main] INFO  server.RaftServerConfigKeys (ConfUtils.java:logGet(46)) - raft.server.data-stream.async.write.thread.pool.size = 16 (default)
2024-02-27 07:52:34,789 [main] INFO  netty.NettyConfigKeys$DataStream (ConfUtils.java:logGet(46)) - raft.netty.dataStream.server.channel.inactive.grace-period = 10min (default)
2024-02-27 07:52:34,789 [main] INFO  server.RaftServerConfigKeys (ConfUtils.java:logGet(46)) - raft.server.data-stream.client.pool.size = 10 (default)
2024-02-27 07:52:34,789 [main] INFO  netty.NettyConfigKeys$DataStream (ConfUtils.java:logGet(46)) - raft.netty.dataStream.server.use-epoll = true (default)
2024-02-27 07:52:34,789 [main] INFO  netty.NettyConfigKeys$DataStream (ConfUtils.java:logGet(46)) - raft.netty.dataStream.server.boss-group.size = 0 (default)
2024-02-27 07:52:34,790 [main] INFO  netty.NettyUtils (NettyUtils.java:newEventLoopGroup(69)) - Create EpollEventLoopGroup for f12618e3-137b-46a0-90dc-e366378777c0-NettyServerStreamRpc-bossGroup; Thread size is 0.
2024-02-27 07:52:34,790 [main] INFO  netty.NettyConfigKeys$DataStream (ConfUtils.java:logGet(46)) - raft.netty.dataStream.server.worker-group.size = 0 (default)
2024-02-27 07:52:34,790 [main] INFO  netty.NettyUtils (NettyUtils.java:newEventLoopGroup(69)) - Create EpollEventLoopGroup for f12618e3-137b-46a0-90dc-e366378777c0-NettyServerStreamRpc-workerGroup; Thread size is 0.
2024-02-27 07:52:34,790 [main] INFO  netty.NettyConfigKeys$DataStream (ConfUtils.java:logGet(46)) - raft.netty.dataStream.server.tls.conf = null (default)
2024-02-27 07:52:34,791 [main] INFO  netty.NettyConfigKeys$DataStream (ConfUtils.java:logGet(46)) - raft.netty.dataStream.host = null (default)
2024-02-27 07:52:34,791 [main] INFO  netty.NettyConfigKeys$DataStream (ConfUtils.java:logGet(46)) - raft.netty.dataStream.port = 15299 (custom)
2024-02-27 07:52:34,791 [main] INFO  server.RaftServerConfigKeys (ConfUtils.java:logGet(46)) - raft.server.sleep.deviation.threshold = 300ms (default)
2024-02-27 07:52:34,791 [main] INFO  server.RaftServerConfigKeys (ConfUtils.java:logGet(46)) - raft.server.close.threshold = 60s (default)
2024-02-27 07:52:34,791 [f12618e3-137b-46a0-90dc-e366378777c0-NettyServerStreamRpc-bossGroup--thread1] INFO  logging.LoggingHandler (AbstractInternalLogger.java:log(148)) - [id: 0x9f9ff7a8] REGISTERED
2024-02-27 07:52:34,791 [main] INFO  server.RaftServerConfigKeys (ConfUtils.java:logGet(46)) - raft.server.leaderelection.leader.step-down.wait-time = 10s (default)
2024-02-27 07:52:34,791 [f12618e3-137b-46a0-90dc-e366378777c0-NettyServerStreamRpc-bossGroup--thread1] INFO  logging.LoggingHandler (AbstractInternalLogger.java:log(148)) - [id: 0x9f9ff7a8] BIND: 0.0.0.0/0.0.0.0:15299
2024-02-27 07:52:34,792 [main] INFO  server.RaftServerConfigKeys (ConfUtils.java:logGet(46)) - raft.server.storage.dir = [/home/runner/work/ozone/ozone/hadoop-ozone/integration-test/target/test-dir/MiniOzoneClusterImpl-bc2c81e0-d964-4a8e-97ca-887e98ec88c8/ozone-meta/datanode-3/ratis] (custom)
2024-02-27 07:52:34,792 [f12618e3-137b-46a0-90dc-e366378777c0-NettyServerStreamRpc-bossGroup--thread1] INFO  logging.LoggingHandler (AbstractInternalLogger.java:log(148)) - [id: 0x9f9ff7a8, L:/0.0.0.0:15299] ACTIVE
2024-02-27 07:52:34,792 [main] INFO  server.RaftServerConfigKeys (ConfUtils.java:logGet(46)) - raft.server.threadpool.proxy.cached = true (default)
2024-02-27 07:52:34,792 [main] INFO  server.RaftServerConfigKeys (ConfUtils.java:logGet(46)) - raft.server.threadpool.proxy.size = 0 (default)
2024-02-27 07:52:34,792 [f12618e3-137b-46a0-90dc-e366378777c0-impl-thread1] INFO  server.RaftServer (RaftServerProxy.java:initGroupDir(264)) - f12618e3-137b-46a0-90dc-e366378777c0: found a subdirectory /home/runner/work/ozone/ozone/hadoop-ozone/integration-test/target/test-dir/MiniOzoneClusterImpl-bc2c81e0-d964-4a8e-97ca-887e98ec88c8/ozone-meta/datanode-3/ratis/tmp
2024-02-27 07:52:34,792 [f12618e3-137b-46a0-90dc-e366378777c0-impl-thread1] INFO  server.RaftServer (RaftServerProxy.java:initGroupDir(269)) - f12618e3-137b-46a0-90dc-e366378777c0: The directory /home/runner/work/ozone/ozone/hadoop-ozone/integration-test/target/test-dir/MiniOzoneClusterImpl-bc2c81e0-d964-4a8e-97ca-887e98ec88c8/ozone-meta/datanode-3/ratis/tmp is not a group directory; ignoring it. 
2024-02-27 07:52:34,793 [main] INFO  replication.ReplicationServer (ReplicationServer.java:<init>(86)) - Initializing replication server with thread count = 10 queue length = 4096
2024-02-27 07:52:34,794 [main] INFO  server.XceiverServerGrpc (XceiverServerGrpc.java:<init>(141)) - GrpcServer channel type EpollServerSocketChannel
2024-02-27 07:52:34,795 [main] INFO  replication.ReplicationSupervisor (ReplicationSupervisor.java:build(163)) - Initializing replication supervisor with thread count = 10
2024-02-27 07:52:34,795 [main] INFO  replication.ReplicationSupervisor (ReplicationSupervisor.java:nodeStateUpdated(317)) - Node state updated to IN_SERVICE, scaling executor pool size to 10
2024-02-27 07:52:34,796 [main] INFO  http.BaseHttpServer (BaseHttpServer.java:newHttpServer2BuilderForOzone(223)) - Starting Web-server for hddsDatanode at: http://0.0.0.0:15293
2024-02-27 07:52:34,796 [main] INFO  http.BaseHttpServer (BaseHttpServer.java:<init>(110)) - Hadoop Security Enabled: false Ozone Security Enabled: false Ozone HTTP Security Enabled: false 
2024-02-27 07:52:34,797 [main] WARN  server.AuthenticationFilter (AuthenticationFilter.java:constructSecretProvider(240)) - Unable to initialize FileSignerSecretProvider, falling back to use random secrets. Reason: Could not read signature secret file: /home/runner/hadoop-http-auth-signature-secret
2024-02-27 07:52:34,797 [main] INFO  http.HttpRequestLog (HttpRequestLog.java:getRequestLog(86)) - Http request log for http.requests.hddsDatanode is not defined
2024-02-27 07:52:34,798 [main] INFO  http.HttpServer2 (HttpServer2.java:addGlobalFilter(1036)) - Added global filter 'safety' (class=org.apache.hadoop.hdds.server.http.HttpServer2$QuotingInputFilter)
2024-02-27 07:52:34,798 [main] INFO  http.HttpServer2 (HttpServer2.java:addFilter(1012)) - Added filter static_user_filter (class=org.apache.hadoop.http.lib.StaticUserWebFilter$StaticUserFilter) to context hddsDatanode
2024-02-27 07:52:34,799 [main] INFO  http.HttpServer2 (HttpServer2.java:addFilter(1020)) - Added filter static_user_filter (class=org.apache.hadoop.http.lib.StaticUserWebFilter$StaticUserFilter) to context static
2024-02-27 07:52:34,799 [main] INFO  http.HttpServer2 (HttpServer2.java:addFilter(1020)) - Added filter static_user_filter (class=org.apache.hadoop.http.lib.StaticUserWebFilter$StaticUserFilter) to context logs
2024-02-27 07:52:34,799 [main] INFO  http.BaseHttpServer (BaseHttpServer.java:<init>(189)) - HTTP server of hddsDatanode uses base directory /home/runner/work/ozone/ozone/hadoop-ozone/integration-test/target/test-dir/MiniOzoneClusterImpl-bc2c81e0-d964-4a8e-97ca-887e98ec88c8/ozone-meta/datanode-3/meta/webserver
2024-02-27 07:52:34,799 [main] INFO  http.HttpServer2 (HttpServer2.java:bindListener(1236)) - Jetty bound to port 15293
2024-02-27 07:52:34,799 [main] INFO  server.Server (Server.java:doStart(375)) - jetty-9.4.53.v20231009; built: 2023-10-09T12:29:09.265Z; git: 27bde00a0b95a1d5bbee0eae7984f891d2d0f8c9; jvm 1.8.0_402-b06
2024-02-27 07:52:34,800 [main] INFO  server.session (DefaultSessionIdManager.java:doStart(334)) - DefaultSessionIdManager workerName=node0
2024-02-27 07:52:34,801 [main] INFO  server.session (DefaultSessionIdManager.java:doStart(339)) - No SessionScavenger set, using defaults
2024-02-27 07:52:34,801 [main] INFO  server.session (HouseKeeper.java:startScavenging(132)) - node0 Scavenging every 600000ms
2024-02-27 07:52:34,801 [main] INFO  handler.ContextHandler (ContextHandler.java:doStart(921)) - Started o.e.j.s.ServletContextHandler@552870a2{logs,/logs,file:///home/runner/work/ozone/ozone/hadoop-ozone/integration-test/target/log,AVAILABLE}
2024-02-27 07:52:34,802 [main] INFO  handler.ContextHandler (ContextHandler.java:doStart(921)) - Started o.e.j.s.ServletContextHandler@62dabdb3{static,/static,jar:file:/home/runner/.m2/repository/org/apache/ozone/hdds-container-service/1.5.0-SNAPSHOT/hdds-container-service-1.5.0-SNAPSHOT.jar!/webapps/static,AVAILABLE}
2024-02-27 07:52:34,832 [main] INFO  handler.ContextHandler (ContextHandler.java:doStart(921)) - Started o.e.j.w.WebAppContext@616e1183{hddsDatanode,/,file:///home/runner/work/ozone/ozone/hadoop-ozone/integration-test/target/test-dir/MiniOzoneClusterImpl-bc2c81e0-d964-4a8e-97ca-887e98ec88c8/ozone-meta/datanode-3/meta/webserver/jetty-0_0_0_0-15293-hdds-container-service-1_5_0-SNAPSHOT_jar-_-any-2396882155070192486/webapp/,AVAILABLE}{jar:file:/home/runner/.m2/repository/org/apache/ozone/hdds-container-service/1.5.0-SNAPSHOT/hdds-container-service-1.5.0-SNAPSHOT.jar!/webapps/hddsDatanode}
2024-02-27 07:52:34,833 [main] INFO  server.AbstractConnector (AbstractConnector.java:doStart(333)) - Started ServerConnector@64d296b6{HTTP/1.1, (http/1.1)}{0.0.0.0:15293}
2024-02-27 07:52:34,833 [main] INFO  server.Server (Server.java:doStart(415)) - Started @837541ms
2024-02-27 07:52:34,833 [main] WARN  impl.MetricsSystemImpl (MetricsSystemImpl.java:register(279)) - Sink prometheus already exists!
2024-02-27 07:52:34,834 [main] INFO  http.BaseHttpServer (BaseHttpServer.java:updateConnectorAddress(354)) - HTTP server of hddsDatanode listening at http://0.0.0.0:15293
2024-02-27 07:52:34,834 [main] INFO  ipc.CallQueueManager (CallQueueManager.java:<init>(90)) - Using callQueue: class java.util.concurrent.LinkedBlockingQueue, queueCapacity: 100, scheduler: class org.apache.hadoop.ipc.DefaultRpcScheduler, ipcBackoff: false.
2024-02-27 07:52:34,834 [main] INFO  ipc.Server (Server.java:<init>(1287)) - Listener at 0.0.0.0:15294
2024-02-27 07:52:34,835 [Socket Reader #1 for port 15294] INFO  ipc.Server (Server.java:run(1323)) - Starting Socket Reader #1 for port 15294
2024-02-27 07:52:34,838 [main] INFO  ozone.HddsDatanodeService (HddsDatanodeService.java:start(327)) - Datanode start with admins: [*, runner]
2024-02-27 07:52:34,838 [main] INFO  ozone.HddsDatanodeClientProtocolServer (HddsDatanodeClientProtocolServer.java:start(77)) - RPC server for Client /0.0.0.0:15294
2024-02-27 07:52:34,838 [IPC Server Responder] INFO  ipc.Server (Server.java:run(1562)) - IPC Server Responder: starting
2024-02-27 07:52:34,839 [f12618e3-137b-46a0-90dc-e366378777c0-DatanodeStateMachineDaemonThread] INFO  statemachine.DatanodeStateMachine (DatanodeStateMachine.java:lambda$startDaemon$1(555)) - Ozone container server started.
2024-02-27 07:52:34,839 [main] INFO  ozone.MiniOzoneClusterImpl (MiniOzoneClusterImpl.java:lambda$waitForClusterToBeReady$0(195)) - Waiting for nodes to be ready. Got 0 of 3 DN Heartbeats.
2024-02-27 07:52:34,841 [main] INFO  ozone.MiniOzoneClusterImpl (MiniOzoneClusterImpl.java:lambda$waitForClusterToBeReady$0(198)) - Waiting for cluster to exit safe mode
2024-02-27 07:52:34,841 [main] INFO  ozone.MiniOzoneClusterImpl (MiniOzoneClusterImpl.java:lambda$waitForClusterToBeReady$0(200)) - SCM became leader
2024-02-27 07:52:34,841 [IPC Server listener on 15294] INFO  ipc.Server (Server.java:run(1402)) - IPC Server listener on 15294: starting
2024-02-27 07:52:34,844 [f12618e3-137b-46a0-90dc-e366378777c0-DatanodeStateMachineTaskThread-0] INFO  datanode.InitDatanodeState (InitDatanodeState.java:persistContainerDatanodeDetails(139)) - DatanodeDetails is persisted to /home/runner/work/ozone/ozone/hadoop-ozone/integration-test/target/test-dir/MiniOzoneClusterImpl-bc2c81e0-d964-4a8e-97ca-887e98ec88c8/ozone-meta/datanode-3/meta/datanode.id
2024-02-27 07:52:35,198 [omNode-2@group-523986131536-StateMachineUpdater] INFO  ratis.OzoneManagerStateMachine (OzoneManagerStateMachine.java:notifyConfigurationChanged(200)) - Received Configuration change notification from Ratis. New Peer list:
[id: "omNode-3"
address: "localhost:15273"
startupRole: FOLLOWER
, id: "omNode-1"
address: "localhost:15265"
startupRole: FOLLOWER
, id: "omNode-2"
address: "localhost:15269"
startupRole: FOLLOWER
]
2024-02-27 07:52:35,201 [omNode-3@group-523986131536-StateMachineUpdater] INFO  ratis.OzoneManagerStateMachine (OzoneManagerStateMachine.java:notifyConfigurationChanged(200)) - Received Configuration change notification from Ratis. New Peer list:
[id: "omNode-3"
address: "localhost:15273"
startupRole: FOLLOWER
, id: "omNode-1"
address: "localhost:15265"
startupRole: FOLLOWER
, id: "omNode-2"
address: "localhost:15269"
startupRole: FOLLOWER
]
2024-02-27 07:52:35,842 [main] INFO  ozone.MiniOzoneClusterImpl (MiniOzoneClusterImpl.java:lambda$waitForClusterToBeReady$0(195)) - Waiting for nodes to be ready. Got 0 of 3 DN Heartbeats.
2024-02-27 07:52:35,842 [main] INFO  ozone.MiniOzoneClusterImpl (MiniOzoneClusterImpl.java:lambda$waitForClusterToBeReady$0(198)) - Waiting for cluster to exit safe mode
2024-02-27 07:52:35,842 [main] INFO  ozone.MiniOzoneClusterImpl (MiniOzoneClusterImpl.java:lambda$waitForClusterToBeReady$0(200)) - SCM became leader
2024-02-27 07:52:36,675 [8e331bed-8646-4d1b-92f8-14089c74cd0e-EndpointStateMachineTaskThread-/0.0.0.0:15260-0 ] INFO  utils.DatanodeStoreCache (DatanodeStoreCache.java:addDB(72)) - Added db /home/runner/work/ozone/ozone/hadoop-ozone/integration-test/target/test-dir/MiniOzoneClusterImpl-bc2c81e0-d964-4a8e-97ca-887e98ec88c8/ozone-meta/datanode-1/data-0/hdds/bc2c81e0-d964-4a8e-97ca-887e98ec88c8/DS-68caba40-4fa6-448f-8b3f-a2209d8c8be7/container.db to cache
2024-02-27 07:52:36,675 [8e331bed-8646-4d1b-92f8-14089c74cd0e-EndpointStateMachineTaskThread-/0.0.0.0:15260-0 ] INFO  volume.HddsVolume (HddsVolume.java:createDbStore(420)) - SchemaV3 db is created and loaded at /home/runner/work/ozone/ozone/hadoop-ozone/integration-test/target/test-dir/MiniOzoneClusterImpl-bc2c81e0-d964-4a8e-97ca-887e98ec88c8/ozone-meta/datanode-1/data-0/hdds/bc2c81e0-d964-4a8e-97ca-887e98ec88c8/DS-68caba40-4fa6-448f-8b3f-a2209d8c8be7/container.db for volume DS-68caba40-4fa6-448f-8b3f-a2209d8c8be7
2024-02-27 07:52:36,676 [8e331bed-8646-4d1b-92f8-14089c74cd0e-ContainerReader-0] INFO  ozoneimpl.ContainerReader (ContainerReader.java:readVolume(148)) - Start to verify containers on volume /home/runner/work/ozone/ozone/hadoop-ozone/integration-test/target/test-dir/MiniOzoneClusterImpl-bc2c81e0-d964-4a8e-97ca-887e98ec88c8/ozone-meta/datanode-1/data-0/hdds
2024-02-27 07:52:36,676 [8e331bed-8646-4d1b-92f8-14089c74cd0e-ContainerReader-0] INFO  ozoneimpl.ContainerReader (ContainerReader.java:readVolume(178)) - Finish verifying containers on volume /home/runner/work/ozone/ozone/hadoop-ozone/integration-test/target/test-dir/MiniOzoneClusterImpl-bc2c81e0-d964-4a8e-97ca-887e98ec88c8/ozone-meta/datanode-1/data-0/hdds
2024-02-27 07:52:36,676 [8e331bed-8646-4d1b-92f8-14089c74cd0e-EndpointStateMachineTaskThread-/0.0.0.0:15260-0 ] INFO  ozoneimpl.OzoneContainer (OzoneContainer.java:buildContainerSet(328)) - Build ContainerSet costs 0s
2024-02-27 07:52:36,676 [8e331bed-8646-4d1b-92f8-14089c74cd0e-EndpointStateMachineTaskThread-/0.0.0.0:15260-0 ] INFO  volume.ThrottledAsyncChecker (ThrottledAsyncChecker.java:schedule(141)) - Scheduling a check for /home/runner/work/ozone/ozone/hadoop-ozone/integration-test/target/test-dir/MiniOzoneClusterImpl-bc2c81e0-d964-4a8e-97ca-887e98ec88c8/ozone-meta/datanode-1/data-0/hdds
2024-02-27 07:52:36,676 [8e331bed-8646-4d1b-92f8-14089c74cd0e-EndpointStateMachineTaskThread-/0.0.0.0:15260-0 ] INFO  volume.StorageVolumeChecker (StorageVolumeChecker.java:checkAllVolumes(218)) - Scheduled health check for volume /home/runner/work/ozone/ozone/hadoop-ozone/integration-test/target/test-dir/MiniOzoneClusterImpl-bc2c81e0-d964-4a8e-97ca-887e98ec88c8/ozone-meta/datanode-1/data-0/hdds
2024-02-27 07:52:36,678 [8e331bed-8646-4d1b-92f8-14089c74cd0e-EndpointStateMachineTaskThread-/0.0.0.0:15260-0 ] INFO  volume.ThrottledAsyncChecker (ThrottledAsyncChecker.java:schedule(141)) - Scheduling a check for /home/runner/work/ozone/ozone/hadoop-ozone/integration-test/target/test-dir/MiniOzoneClusterImpl-bc2c81e0-d964-4a8e-97ca-887e98ec88c8/ozone-meta/datanode-1/ratis
2024-02-27 07:52:36,678 [8e331bed-8646-4d1b-92f8-14089c74cd0e-EndpointStateMachineTaskThread-/0.0.0.0:15260-0 ] INFO  volume.StorageVolumeChecker (StorageVolumeChecker.java:checkAllVolumes(218)) - Scheduled health check for volume /home/runner/work/ozone/ozone/hadoop-ozone/integration-test/target/test-dir/MiniOzoneClusterImpl-bc2c81e0-d964-4a8e-97ca-887e98ec88c8/ozone-meta/datanode-1/ratis
2024-02-27 07:52:36,679 [8e331bed-8646-4d1b-92f8-14089c74cd0e-EndpointStateMachineTaskThread-/0.0.0.0:15260-0 ] INFO  ozoneimpl.OzoneContainer (OzoneContainer.java:start(459)) - Attempting to start container services.
2024-02-27 07:52:36,679 [8e331bed-8646-4d1b-92f8-14089c74cd0e-EndpointStateMachineTaskThread-/0.0.0.0:15260-0 ] INFO  ozoneimpl.OzoneContainer (OzoneContainer.java:startContainerScrub(339)) - Scheduled background container scanners and the on-demand container scanner have been disabled.
2024-02-27 07:52:36,680 [8e331bed-8646-4d1b-92f8-14089c74cd0e-EndpointStateMachineTaskThread-/0.0.0.0:15260-0 ] INFO  replication.ReplicationServer (ReplicationServer.java:start(140)) - ReplicationServer is started using port 15282
2024-02-27 07:52:36,680 [8e331bed-8646-4d1b-92f8-14089c74cd0e-EndpointStateMachineTaskThread-/0.0.0.0:15260-0 ] INFO  ratis.XceiverServerRatis (XceiverServerRatis.java:start(566)) - Starting XceiverServerRatis 8e331bed-8646-4d1b-92f8-14089c74cd0e
2024-02-27 07:52:36,680 [8e331bed-8646-4d1b-92f8-14089c74cd0e-EndpointStateMachineTaskThread-/0.0.0.0:15260-0 ] INFO  server.RaftServer (RaftServerProxy.java:startImpl(406)) - 8e331bed-8646-4d1b-92f8-14089c74cd0e: start RPC server
2024-02-27 07:52:36,681 [8e331bed-8646-4d1b-92f8-14089c74cd0e-EndpointStateMachineTaskThread-/0.0.0.0:15260-0 ] INFO  server.GrpcService (GrpcService.java:startImpl(302)) - 8e331bed-8646-4d1b-92f8-14089c74cd0e: GrpcService started, listening on 15278
2024-02-27 07:52:36,682 [8e331bed-8646-4d1b-92f8-14089c74cd0e-EndpointStateMachineTaskThread-/0.0.0.0:15260-0 ] INFO  server.GrpcService (GrpcService.java:startImpl(302)) - 8e331bed-8646-4d1b-92f8-14089c74cd0e: GrpcService started, listening on 15280
2024-02-27 07:52:36,683 [8e331bed-8646-4d1b-92f8-14089c74cd0e-EndpointStateMachineTaskThread-/0.0.0.0:15260-0 ] INFO  server.GrpcService (GrpcService.java:startImpl(302)) - 8e331bed-8646-4d1b-92f8-14089c74cd0e: GrpcService started, listening on 15279
2024-02-27 07:52:36,683 [8e331bed-8646-4d1b-92f8-14089c74cd0e-EndpointStateMachineTaskThread-/0.0.0.0:15260-0 ] INFO  ratis.XceiverServerRatis (XceiverServerRatis.java:getRealPort(592)) - XceiverServerRatis 8e331bed-8646-4d1b-92f8-14089c74cd0e is started using port 15278 for RATIS
2024-02-27 07:52:36,683 [JvmPauseMonitor73] INFO  util.JvmPauseMonitor (JvmPauseMonitor.java:run(146)) - JvmPauseMonitor-8e331bed-8646-4d1b-92f8-14089c74cd0e: Started
2024-02-27 07:52:36,683 [8e331bed-8646-4d1b-92f8-14089c74cd0e-EndpointStateMachineTaskThread-/0.0.0.0:15260-0 ] INFO  ratis.XceiverServerRatis (XceiverServerRatis.java:getRealPort(592)) - XceiverServerRatis 8e331bed-8646-4d1b-92f8-14089c74cd0e is started using port 15279 for RATIS_ADMIN
2024-02-27 07:52:36,683 [8e331bed-8646-4d1b-92f8-14089c74cd0e-EndpointStateMachineTaskThread-/0.0.0.0:15260-0 ] INFO  ratis.XceiverServerRatis (XceiverServerRatis.java:getRealPort(592)) - XceiverServerRatis 8e331bed-8646-4d1b-92f8-14089c74cd0e is started using port 15280 for RATIS_SERVER
2024-02-27 07:52:36,683 [8e331bed-8646-4d1b-92f8-14089c74cd0e-EndpointStateMachineTaskThread-/0.0.0.0:15260-0 ] INFO  ratis.XceiverServerRatis (XceiverServerRatis.java:getRealPort(592)) - XceiverServerRatis 8e331bed-8646-4d1b-92f8-14089c74cd0e is started using port 15281 for RATIS_DATASTREAM
2024-02-27 07:52:36,684 [8e331bed-8646-4d1b-92f8-14089c74cd0e-BlockDeletingService#0] INFO  interfaces.ContainerDeletionChoosingPolicyTemplate (ContainerDeletionChoosingPolicyTemplate.java:chooseContainerForBlockDeletion(85)) - Chosen 0/5000 blocks from 0 candidate containers.
2024-02-27 07:52:36,780 [02eae07c-ff18-478f-b1e9-376b0db68b83-EndpointStateMachineTaskThread-/0.0.0.0:15260-0 ] INFO  utils.DatanodeStoreCache (DatanodeStoreCache.java:addDB(72)) - Added db /home/runner/work/ozone/ozone/hadoop-ozone/integration-test/target/test-dir/MiniOzoneClusterImpl-bc2c81e0-d964-4a8e-97ca-887e98ec88c8/ozone-meta/datanode-2/data-0/hdds/bc2c81e0-d964-4a8e-97ca-887e98ec88c8/DS-e4d0f5e0-2ecf-4583-9442-97a87427be0f/container.db to cache
2024-02-27 07:52:36,780 [02eae07c-ff18-478f-b1e9-376b0db68b83-EndpointStateMachineTaskThread-/0.0.0.0:15260-0 ] INFO  volume.HddsVolume (HddsVolume.java:createDbStore(420)) - SchemaV3 db is created and loaded at /home/runner/work/ozone/ozone/hadoop-ozone/integration-test/target/test-dir/MiniOzoneClusterImpl-bc2c81e0-d964-4a8e-97ca-887e98ec88c8/ozone-meta/datanode-2/data-0/hdds/bc2c81e0-d964-4a8e-97ca-887e98ec88c8/DS-e4d0f5e0-2ecf-4583-9442-97a87427be0f/container.db for volume DS-e4d0f5e0-2ecf-4583-9442-97a87427be0f
2024-02-27 07:52:36,782 [02eae07c-ff18-478f-b1e9-376b0db68b83-ContainerReader-0] INFO  ozoneimpl.ContainerReader (ContainerReader.java:readVolume(148)) - Start to verify containers on volume /home/runner/work/ozone/ozone/hadoop-ozone/integration-test/target/test-dir/MiniOzoneClusterImpl-bc2c81e0-d964-4a8e-97ca-887e98ec88c8/ozone-meta/datanode-2/data-0/hdds
2024-02-27 07:52:36,782 [02eae07c-ff18-478f-b1e9-376b0db68b83-ContainerReader-0] INFO  ozoneimpl.ContainerReader (ContainerReader.java:readVolume(178)) - Finish verifying containers on volume /home/runner/work/ozone/ozone/hadoop-ozone/integration-test/target/test-dir/MiniOzoneClusterImpl-bc2c81e0-d964-4a8e-97ca-887e98ec88c8/ozone-meta/datanode-2/data-0/hdds
2024-02-27 07:52:36,782 [02eae07c-ff18-478f-b1e9-376b0db68b83-EndpointStateMachineTaskThread-/0.0.0.0:15260-0 ] INFO  ozoneimpl.OzoneContainer (OzoneContainer.java:buildContainerSet(328)) - Build ContainerSet costs 0s
2024-02-27 07:52:36,782 [02eae07c-ff18-478f-b1e9-376b0db68b83-EndpointStateMachineTaskThread-/0.0.0.0:15260-0 ] INFO  volume.ThrottledAsyncChecker (ThrottledAsyncChecker.java:schedule(141)) - Scheduling a check for /home/runner/work/ozone/ozone/hadoop-ozone/integration-test/target/test-dir/MiniOzoneClusterImpl-bc2c81e0-d964-4a8e-97ca-887e98ec88c8/ozone-meta/datanode-2/data-0/hdds
2024-02-27 07:52:36,782 [02eae07c-ff18-478f-b1e9-376b0db68b83-EndpointStateMachineTaskThread-/0.0.0.0:15260-0 ] INFO  volume.StorageVolumeChecker (StorageVolumeChecker.java:checkAllVolumes(218)) - Scheduled health check for volume /home/runner/work/ozone/ozone/hadoop-ozone/integration-test/target/test-dir/MiniOzoneClusterImpl-bc2c81e0-d964-4a8e-97ca-887e98ec88c8/ozone-meta/datanode-2/data-0/hdds
2024-02-27 07:52:36,786 [02eae07c-ff18-478f-b1e9-376b0db68b83-EndpointStateMachineTaskThread-/0.0.0.0:15260-0 ] INFO  volume.ThrottledAsyncChecker (ThrottledAsyncChecker.java:schedule(141)) - Scheduling a check for /home/runner/work/ozone/ozone/hadoop-ozone/integration-test/target/test-dir/MiniOzoneClusterImpl-bc2c81e0-d964-4a8e-97ca-887e98ec88c8/ozone-meta/datanode-2/ratis
2024-02-27 07:52:36,786 [02eae07c-ff18-478f-b1e9-376b0db68b83-EndpointStateMachineTaskThread-/0.0.0.0:15260-0 ] INFO  volume.StorageVolumeChecker (StorageVolumeChecker.java:checkAllVolumes(218)) - Scheduled health check for volume /home/runner/work/ozone/ozone/hadoop-ozone/integration-test/target/test-dir/MiniOzoneClusterImpl-bc2c81e0-d964-4a8e-97ca-887e98ec88c8/ozone-meta/datanode-2/ratis
2024-02-27 07:52:36,788 [02eae07c-ff18-478f-b1e9-376b0db68b83-EndpointStateMachineTaskThread-/0.0.0.0:15260-0 ] INFO  ozoneimpl.OzoneContainer (OzoneContainer.java:start(459)) - Attempting to start container services.
2024-02-27 07:52:36,788 [02eae07c-ff18-478f-b1e9-376b0db68b83-EndpointStateMachineTaskThread-/0.0.0.0:15260-0 ] INFO  ozoneimpl.OzoneContainer (OzoneContainer.java:startContainerScrub(339)) - Scheduled background container scanners and the on-demand container scanner have been disabled.
2024-02-27 07:52:36,789 [02eae07c-ff18-478f-b1e9-376b0db68b83-EndpointStateMachineTaskThread-/0.0.0.0:15260-0 ] INFO  replication.ReplicationServer (ReplicationServer.java:start(140)) - ReplicationServer is started using port 15291
2024-02-27 07:52:36,789 [02eae07c-ff18-478f-b1e9-376b0db68b83-EndpointStateMachineTaskThread-/0.0.0.0:15260-0 ] INFO  ratis.XceiverServerRatis (XceiverServerRatis.java:start(566)) - Starting XceiverServerRatis 02eae07c-ff18-478f-b1e9-376b0db68b83
2024-02-27 07:52:36,790 [02eae07c-ff18-478f-b1e9-376b0db68b83-EndpointStateMachineTaskThread-/0.0.0.0:15260-0 ] INFO  server.RaftServer (RaftServerProxy.java:startImpl(406)) - 02eae07c-ff18-478f-b1e9-376b0db68b83: start RPC server
2024-02-27 07:52:36,790 [02eae07c-ff18-478f-b1e9-376b0db68b83-EndpointStateMachineTaskThread-/0.0.0.0:15260-0 ] INFO  server.GrpcService (GrpcService.java:startImpl(302)) - 02eae07c-ff18-478f-b1e9-376b0db68b83: GrpcService started, listening on 15287
2024-02-27 07:52:36,791 [02eae07c-ff18-478f-b1e9-376b0db68b83-EndpointStateMachineTaskThread-/0.0.0.0:15260-0 ] INFO  server.GrpcService (GrpcService.java:startImpl(302)) - 02eae07c-ff18-478f-b1e9-376b0db68b83: GrpcService started, listening on 15289
2024-02-27 07:52:36,792 [02eae07c-ff18-478f-b1e9-376b0db68b83-EndpointStateMachineTaskThread-/0.0.0.0:15260-0 ] INFO  server.GrpcService (GrpcService.java:startImpl(302)) - 02eae07c-ff18-478f-b1e9-376b0db68b83: GrpcService started, listening on 15288
2024-02-27 07:52:36,792 [02eae07c-ff18-478f-b1e9-376b0db68b83-EndpointStateMachineTaskThread-/0.0.0.0:15260-0 ] INFO  ratis.XceiverServerRatis (XceiverServerRatis.java:getRealPort(592)) - XceiverServerRatis 02eae07c-ff18-478f-b1e9-376b0db68b83 is started using port 15287 for RATIS
2024-02-27 07:52:36,792 [JvmPauseMonitor74] INFO  util.JvmPauseMonitor (JvmPauseMonitor.java:run(146)) - JvmPauseMonitor-02eae07c-ff18-478f-b1e9-376b0db68b83: Started
2024-02-27 07:52:36,792 [02eae07c-ff18-478f-b1e9-376b0db68b83-EndpointStateMachineTaskThread-/0.0.0.0:15260-0 ] INFO  ratis.XceiverServerRatis (XceiverServerRatis.java:getRealPort(592)) - XceiverServerRatis 02eae07c-ff18-478f-b1e9-376b0db68b83 is started using port 15288 for RATIS_ADMIN
2024-02-27 07:52:36,792 [02eae07c-ff18-478f-b1e9-376b0db68b83-EndpointStateMachineTaskThread-/0.0.0.0:15260-0 ] INFO  ratis.XceiverServerRatis (XceiverServerRatis.java:getRealPort(592)) - XceiverServerRatis 02eae07c-ff18-478f-b1e9-376b0db68b83 is started using port 15289 for RATIS_SERVER
2024-02-27 07:52:36,792 [02eae07c-ff18-478f-b1e9-376b0db68b83-EndpointStateMachineTaskThread-/0.0.0.0:15260-0 ] INFO  ratis.XceiverServerRatis (XceiverServerRatis.java:getRealPort(592)) - XceiverServerRatis 02eae07c-ff18-478f-b1e9-376b0db68b83 is started using port 15290 for RATIS_DATASTREAM
2024-02-27 07:52:36,793 [02eae07c-ff18-478f-b1e9-376b0db68b83-BlockDeletingService#0] INFO  interfaces.ContainerDeletionChoosingPolicyTemplate (ContainerDeletionChoosingPolicyTemplate.java:chooseContainerForBlockDeletion(85)) - Chosen 0/5000 blocks from 0 candidate containers.
2024-02-27 07:52:36,842 [main] INFO  ozone.MiniOzoneClusterImpl (MiniOzoneClusterImpl.java:lambda$waitForClusterToBeReady$0(195)) - Waiting for nodes to be ready. Got 0 of 3 DN Heartbeats.
2024-02-27 07:52:36,842 [main] INFO  ozone.MiniOzoneClusterImpl (MiniOzoneClusterImpl.java:lambda$waitForClusterToBeReady$0(198)) - Waiting for cluster to exit safe mode
2024-02-27 07:52:36,842 [main] INFO  ozone.MiniOzoneClusterImpl (MiniOzoneClusterImpl.java:lambda$waitForClusterToBeReady$0(200)) - SCM became leader
2024-02-27 07:52:36,865 [f12618e3-137b-46a0-90dc-e366378777c0-EndpointStateMachineTaskThread-/0.0.0.0:15260-0 ] INFO  utils.DatanodeStoreCache (DatanodeStoreCache.java:addDB(72)) - Added db /home/runner/work/ozone/ozone/hadoop-ozone/integration-test/target/test-dir/MiniOzoneClusterImpl-bc2c81e0-d964-4a8e-97ca-887e98ec88c8/ozone-meta/datanode-3/data-0/hdds/bc2c81e0-d964-4a8e-97ca-887e98ec88c8/DS-39420867-793c-4335-8fb4-433a0db6dadd/container.db to cache
2024-02-27 07:52:36,865 [f12618e3-137b-46a0-90dc-e366378777c0-EndpointStateMachineTaskThread-/0.0.0.0:15260-0 ] INFO  volume.HddsVolume (HddsVolume.java:createDbStore(420)) - SchemaV3 db is created and loaded at /home/runner/work/ozone/ozone/hadoop-ozone/integration-test/target/test-dir/MiniOzoneClusterImpl-bc2c81e0-d964-4a8e-97ca-887e98ec88c8/ozone-meta/datanode-3/data-0/hdds/bc2c81e0-d964-4a8e-97ca-887e98ec88c8/DS-39420867-793c-4335-8fb4-433a0db6dadd/container.db for volume DS-39420867-793c-4335-8fb4-433a0db6dadd
2024-02-27 07:52:36,868 [f12618e3-137b-46a0-90dc-e366378777c0-ContainerReader-0] INFO  ozoneimpl.ContainerReader (ContainerReader.java:readVolume(148)) - Start to verify containers on volume /home/runner/work/ozone/ozone/hadoop-ozone/integration-test/target/test-dir/MiniOzoneClusterImpl-bc2c81e0-d964-4a8e-97ca-887e98ec88c8/ozone-meta/datanode-3/data-0/hdds
2024-02-27 07:52:36,868 [f12618e3-137b-46a0-90dc-e366378777c0-ContainerReader-0] INFO  ozoneimpl.ContainerReader (ContainerReader.java:readVolume(178)) - Finish verifying containers on volume /home/runner/work/ozone/ozone/hadoop-ozone/integration-test/target/test-dir/MiniOzoneClusterImpl-bc2c81e0-d964-4a8e-97ca-887e98ec88c8/ozone-meta/datanode-3/data-0/hdds
2024-02-27 07:52:36,868 [f12618e3-137b-46a0-90dc-e366378777c0-EndpointStateMachineTaskThread-/0.0.0.0:15260-0 ] INFO  ozoneimpl.OzoneContainer (OzoneContainer.java:buildContainerSet(328)) - Build ContainerSet costs 0s
2024-02-27 07:52:36,868 [f12618e3-137b-46a0-90dc-e366378777c0-EndpointStateMachineTaskThread-/0.0.0.0:15260-0 ] INFO  volume.ThrottledAsyncChecker (ThrottledAsyncChecker.java:schedule(141)) - Scheduling a check for /home/runner/work/ozone/ozone/hadoop-ozone/integration-test/target/test-dir/MiniOzoneClusterImpl-bc2c81e0-d964-4a8e-97ca-887e98ec88c8/ozone-meta/datanode-3/data-0/hdds
2024-02-27 07:52:36,868 [f12618e3-137b-46a0-90dc-e366378777c0-EndpointStateMachineTaskThread-/0.0.0.0:15260-0 ] INFO  volume.StorageVolumeChecker (StorageVolumeChecker.java:checkAllVolumes(218)) - Scheduled health check for volume /home/runner/work/ozone/ozone/hadoop-ozone/integration-test/target/test-dir/MiniOzoneClusterImpl-bc2c81e0-d964-4a8e-97ca-887e98ec88c8/ozone-meta/datanode-3/data-0/hdds
2024-02-27 07:52:36,869 [f12618e3-137b-46a0-90dc-e366378777c0-EndpointStateMachineTaskThread-/0.0.0.0:15260-0 ] INFO  volume.ThrottledAsyncChecker (ThrottledAsyncChecker.java:schedule(141)) - Scheduling a check for /home/runner/work/ozone/ozone/hadoop-ozone/integration-test/target/test-dir/MiniOzoneClusterImpl-bc2c81e0-d964-4a8e-97ca-887e98ec88c8/ozone-meta/datanode-3/ratis
2024-02-27 07:52:36,869 [f12618e3-137b-46a0-90dc-e366378777c0-EndpointStateMachineTaskThread-/0.0.0.0:15260-0 ] INFO  volume.StorageVolumeChecker (StorageVolumeChecker.java:checkAllVolumes(218)) - Scheduled health check for volume /home/runner/work/ozone/ozone/hadoop-ozone/integration-test/target/test-dir/MiniOzoneClusterImpl-bc2c81e0-d964-4a8e-97ca-887e98ec88c8/ozone-meta/datanode-3/ratis
2024-02-27 07:52:36,870 [f12618e3-137b-46a0-90dc-e366378777c0-EndpointStateMachineTaskThread-/0.0.0.0:15260-0 ] INFO  ozoneimpl.OzoneContainer (OzoneContainer.java:start(459)) - Attempting to start container services.
2024-02-27 07:52:36,870 [f12618e3-137b-46a0-90dc-e366378777c0-EndpointStateMachineTaskThread-/0.0.0.0:15260-0 ] INFO  ozoneimpl.OzoneContainer (OzoneContainer.java:startContainerScrub(339)) - Scheduled background container scanners and the on-demand container scanner have been disabled.
2024-02-27 07:52:36,871 [f12618e3-137b-46a0-90dc-e366378777c0-EndpointStateMachineTaskThread-/0.0.0.0:15260-0 ] INFO  replication.ReplicationServer (ReplicationServer.java:start(140)) - ReplicationServer is started using port 15300
2024-02-27 07:52:36,871 [f12618e3-137b-46a0-90dc-e366378777c0-EndpointStateMachineTaskThread-/0.0.0.0:15260-0 ] INFO  ratis.XceiverServerRatis (XceiverServerRatis.java:start(566)) - Starting XceiverServerRatis f12618e3-137b-46a0-90dc-e366378777c0
2024-02-27 07:52:36,872 [f12618e3-137b-46a0-90dc-e366378777c0-EndpointStateMachineTaskThread-/0.0.0.0:15260-0 ] INFO  server.RaftServer (RaftServerProxy.java:startImpl(406)) - f12618e3-137b-46a0-90dc-e366378777c0: start RPC server
2024-02-27 07:52:36,873 [f12618e3-137b-46a0-90dc-e366378777c0-EndpointStateMachineTaskThread-/0.0.0.0:15260-0 ] INFO  server.GrpcService (GrpcService.java:startImpl(302)) - f12618e3-137b-46a0-90dc-e366378777c0: GrpcService started, listening on 15296
2024-02-27 07:52:36,875 [f12618e3-137b-46a0-90dc-e366378777c0-EndpointStateMachineTaskThread-/0.0.0.0:15260-0 ] INFO  server.GrpcService (GrpcService.java:startImpl(302)) - f12618e3-137b-46a0-90dc-e366378777c0: GrpcService started, listening on 15298
2024-02-27 07:52:36,876 [f12618e3-137b-46a0-90dc-e366378777c0-EndpointStateMachineTaskThread-/0.0.0.0:15260-0 ] INFO  server.GrpcService (GrpcService.java:startImpl(302)) - f12618e3-137b-46a0-90dc-e366378777c0: GrpcService started, listening on 15297
2024-02-27 07:52:36,876 [f12618e3-137b-46a0-90dc-e366378777c0-EndpointStateMachineTaskThread-/0.0.0.0:15260-0 ] INFO  ratis.XceiverServerRatis (XceiverServerRatis.java:getRealPort(592)) - XceiverServerRatis f12618e3-137b-46a0-90dc-e366378777c0 is started using port 15296 for RATIS
2024-02-27 07:52:36,876 [JvmPauseMonitor75] INFO  util.JvmPauseMonitor (JvmPauseMonitor.java:run(146)) - JvmPauseMonitor-f12618e3-137b-46a0-90dc-e366378777c0: Started
2024-02-27 07:52:36,876 [f12618e3-137b-46a0-90dc-e366378777c0-EndpointStateMachineTaskThread-/0.0.0.0:15260-0 ] INFO  ratis.XceiverServerRatis (XceiverServerRatis.java:getRealPort(592)) - XceiverServerRatis f12618e3-137b-46a0-90dc-e366378777c0 is started using port 15297 for RATIS_ADMIN
2024-02-27 07:52:36,876 [f12618e3-137b-46a0-90dc-e366378777c0-EndpointStateMachineTaskThread-/0.0.0.0:15260-0 ] INFO  ratis.XceiverServerRatis (XceiverServerRatis.java:getRealPort(592)) - XceiverServerRatis f12618e3-137b-46a0-90dc-e366378777c0 is started using port 15298 for RATIS_SERVER
2024-02-27 07:52:36,876 [f12618e3-137b-46a0-90dc-e366378777c0-EndpointStateMachineTaskThread-/0.0.0.0:15260-0 ] INFO  ratis.XceiverServerRatis (XceiverServerRatis.java:getRealPort(592)) - XceiverServerRatis f12618e3-137b-46a0-90dc-e366378777c0 is started using port 15299 for RATIS_DATASTREAM
2024-02-27 07:52:36,877 [f12618e3-137b-46a0-90dc-e366378777c0-BlockDeletingService#0] INFO  interfaces.ContainerDeletionChoosingPolicyTemplate (ContainerDeletionChoosingPolicyTemplate.java:chooseContainerForBlockDeletion(85)) - Chosen 0/5000 blocks from 0 candidate containers.
2024-02-27 07:52:37,842 [main] INFO  ozone.MiniOzoneClusterImpl (MiniOzoneClusterImpl.java:lambda$waitForClusterToBeReady$0(195)) - Waiting for nodes to be ready. Got 0 of 3 DN Heartbeats.
2024-02-27 07:52:37,843 [main] INFO  ozone.MiniOzoneClusterImpl (MiniOzoneClusterImpl.java:lambda$waitForClusterToBeReady$0(198)) - Waiting for cluster to exit safe mode
2024-02-27 07:52:37,843 [main] INFO  ozone.MiniOzoneClusterImpl (MiniOzoneClusterImpl.java:lambda$waitForClusterToBeReady$0(200)) - SCM became leader
2024-02-27 07:52:38,651 [IPC Server handler 1 on default port 15260] INFO  net.NetworkTopologyImpl (NetworkTopologyImpl.java:add(124)) - Added a new node: /default-rack/8e331bed-8646-4d1b-92f8-14089c74cd0e
2024-02-27 07:52:38,651 [IPC Server handler 1 on default port 15260] INFO  node.SCMNodeManager (SCMNodeManager.java:register(421)) - Registered datanode: 8e331bed-8646-4d1b-92f8-14089c74cd0e{ip: 10.1.0.19, host: fv-az699-61.gws2011vpwuupmkks00dozwttg.bx.internal.cloudapp.net, ports: [HTTP=15275, CLIENT_RPC=15276, REPLICATION=15282, RATIS=15278, RATIS_ADMIN=15279, RATIS_SERVER=15280, RATIS_DATASTREAM=15281, STANDALONE=15277], networkLocation: /default-rack, certSerialId: null, persistedOpState: null, persistedOpStateExpiryEpochSec: 0}
2024-02-27 07:52:38,653 [EventQueue-NodeRegistrationContainerReportForDataNodeSafeModeRule] INFO  safemode.SCMSafeModeManager (DataNodeSafeModeRule.java:process(71)) - SCM in safe mode. 1 DataNodes registered, 3 required.
2024-02-27 07:52:38,657 [EventQueue-NodeRegistrationContainerReportForContainerSafeModeRule] INFO  safemode.SCMSafeModeManager (SCMSafeModeManager.java:validateSafeModeExitRules(200)) - ContainerSafeModeRule rule is successfully validated
2024-02-27 07:52:38,657 [EventQueue-NewNodeForNewNodeHandler] INFO  pipeline.BackgroundPipelineCreator (BackgroundPipelineCreator.java:notifyEventTriggered(280)) - trigger a one-shot run on RatisPipelineUtilsThread.
2024-02-27 07:52:38,658 [RatisPipelineUtilsThread-0] INFO  pipeline.RatisPipelineProvider (RatisPipelineProvider.java:lambda$create$0(205)) - Sending CreatePipelineCommand for pipeline:PipelineID=6b0ca9a2-77f7-4acf-b3fd-616e728a8481 to datanode:8e331bed-8646-4d1b-92f8-14089c74cd0e
2024-02-27 07:52:38,659 [EventQueue-PipelineReportForOneReplicaPipelineSafeModeRule] INFO  safemode.SCMSafeModeManager (SCMSafeModeManager.java:validateSafeModeExitRules(200)) - AtleastOneDatanodeReportedRule rule is successfully validated
2024-02-27 07:52:38,659 [RatisPipelineUtilsThread-0] INFO  pipeline.BackgroundPipelineCreator (BackgroundPipelineCreator.java:createPipelines(236)) - Created new pipeline Pipeline[ Id: 6b0ca9a2-77f7-4acf-b3fd-616e728a8481, Nodes: 8e331bed-8646-4d1b-92f8-14089c74cd0e(fv-az699-61.gws2011vpwuupmkks00dozwttg.bx.internal.cloudapp.net/10.1.0.19), ReplicationConfig: RATIS/ONE, State:ALLOCATED, leaderId:, CreationTimestamp2024-02-27T07:52:38.658Z[Etc/UTC]]
2024-02-27 07:52:38,754 [IPC Server handler 2 on default port 15260] INFO  net.NetworkTopologyImpl (NetworkTopologyImpl.java:add(124)) - Added a new node: /default-rack/02eae07c-ff18-478f-b1e9-376b0db68b83
2024-02-27 07:52:38,754 [IPC Server handler 2 on default port 15260] INFO  node.SCMNodeManager (SCMNodeManager.java:register(421)) - Registered datanode: 02eae07c-ff18-478f-b1e9-376b0db68b83{ip: 10.1.0.19, host: fv-az699-61.gws2011vpwuupmkks00dozwttg.bx.internal.cloudapp.net, ports: [HTTP=15284, CLIENT_RPC=15285, REPLICATION=15291, RATIS=15287, RATIS_ADMIN=15288, RATIS_SERVER=15289, RATIS_DATASTREAM=15290, STANDALONE=15286], networkLocation: /default-rack, certSerialId: null, persistedOpState: null, persistedOpStateExpiryEpochSec: 0}
2024-02-27 07:52:38,755 [EventQueue-NodeRegistrationContainerReportForDataNodeSafeModeRule] INFO  safemode.SCMSafeModeManager (DataNodeSafeModeRule.java:process(71)) - SCM in safe mode. 2 DataNodes registered, 3 required.
2024-02-27 07:52:38,756 [EventQueue-NewNodeForNewNodeHandler] INFO  pipeline.BackgroundPipelineCreator (BackgroundPipelineCreator.java:notifyEventTriggered(280)) - trigger a one-shot run on RatisPipelineUtilsThread.
2024-02-27 07:52:38,756 [RatisPipelineUtilsThread-0] INFO  pipeline.RatisPipelineProvider (RatisPipelineProvider.java:lambda$create$0(205)) - Sending CreatePipelineCommand for pipeline:PipelineID=aaa5b436-0321-440a-a764-976164448411 to datanode:02eae07c-ff18-478f-b1e9-376b0db68b83
2024-02-27 07:52:38,757 [RatisPipelineUtilsThread-0] INFO  pipeline.BackgroundPipelineCreator (BackgroundPipelineCreator.java:createPipelines(236)) - Created new pipeline Pipeline[ Id: aaa5b436-0321-440a-a764-976164448411, Nodes: 02eae07c-ff18-478f-b1e9-376b0db68b83(fv-az699-61.gws2011vpwuupmkks00dozwttg.bx.internal.cloudapp.net/10.1.0.19), ReplicationConfig: RATIS/ONE, State:ALLOCATED, leaderId:, CreationTimestamp2024-02-27T07:52:38.756Z[Etc/UTC]]
2024-02-27 07:52:38,843 [main] INFO  ozone.MiniOzoneClusterImpl (MiniOzoneClusterImpl.java:lambda$waitForClusterToBeReady$0(195)) - Waiting for nodes to be ready. Got 2 of 3 DN Heartbeats.
2024-02-27 07:52:38,843 [main] INFO  ozone.MiniOzoneClusterImpl (MiniOzoneClusterImpl.java:lambda$waitForClusterToBeReady$0(198)) - Waiting for cluster to exit safe mode
2024-02-27 07:52:38,843 [main] INFO  ozone.MiniOzoneClusterImpl (MiniOzoneClusterImpl.java:lambda$waitForClusterToBeReady$0(200)) - SCM became leader
2024-02-27 07:52:38,844 [IPC Server handler 3 on default port 15260] INFO  net.NetworkTopologyImpl (NetworkTopologyImpl.java:add(124)) - Added a new node: /default-rack/f12618e3-137b-46a0-90dc-e366378777c0
2024-02-27 07:52:38,844 [IPC Server handler 3 on default port 15260] INFO  node.SCMNodeManager (SCMNodeManager.java:register(421)) - Registered datanode: f12618e3-137b-46a0-90dc-e366378777c0{ip: 10.1.0.19, host: fv-az699-61.gws2011vpwuupmkks00dozwttg.bx.internal.cloudapp.net, ports: [HTTP=15293, CLIENT_RPC=15294, REPLICATION=15300, RATIS=15296, RATIS_ADMIN=15297, RATIS_SERVER=15298, RATIS_DATASTREAM=15299, STANDALONE=15295], networkLocation: /default-rack, certSerialId: null, persistedOpState: null, persistedOpStateExpiryEpochSec: 0}
2024-02-27 07:52:38,846 [EventQueue-NodeRegistrationContainerReportForDataNodeSafeModeRule] INFO  safemode.SCMSafeModeManager (DataNodeSafeModeRule.java:process(71)) - SCM in safe mode. 3 DataNodes registered, 3 required.
2024-02-27 07:52:38,846 [EventQueue-NewNodeForNewNodeHandler] INFO  pipeline.BackgroundPipelineCreator (BackgroundPipelineCreator.java:notifyEventTriggered(280)) - trigger a one-shot run on RatisPipelineUtilsThread.
2024-02-27 07:52:38,846 [EventQueue-NodeRegistrationContainerReportForDataNodeSafeModeRule] INFO  safemode.SCMSafeModeManager (SCMSafeModeManager.java:validateSafeModeExitRules(200)) - DataNodeSafeModeRule rule is successfully validated
2024-02-27 07:52:38,846 [EventQueue-NodeRegistrationContainerReportForDataNodeSafeModeRule] INFO  safemode.SCMSafeModeManager (SCMSafeModeManager.java:completePreCheck(229)) - All SCM safe mode pre check rules have passed
2024-02-27 07:52:38,846 [EventQueue-NodeRegistrationContainerReportForDataNodeSafeModeRule] INFO  ha.SCMContext (SCMContext.java:updateSafeModeStatus(225)) - Update SafeModeStatus from SafeModeStatus{safeModeStatus=true, preCheckPassed=false} to SafeModeStatus{safeModeStatus=true, preCheckPassed=true}.
2024-02-27 07:52:38,846 [EventQueue-NodeRegistrationContainerReportForDataNodeSafeModeRule] INFO  pipeline.BackgroundPipelineCreator (BackgroundPipelineCreator.java:notifyEventTriggered(280)) - trigger a one-shot run on RatisPipelineUtilsThread.
2024-02-27 07:52:38,846 [RatisPipelineUtilsThread-0] INFO  pipeline.RatisPipelineProvider (RatisPipelineProvider.java:lambda$create$0(205)) - Sending CreatePipelineCommand for pipeline:PipelineID=96bc44d1-5a33-4d7f-83a8-aa3c285de8e0 to datanode:f12618e3-137b-46a0-90dc-e366378777c0
2024-02-27 07:52:38,847 [RatisPipelineUtilsThread-0] INFO  pipeline.BackgroundPipelineCreator (BackgroundPipelineCreator.java:createPipelines(236)) - Created new pipeline Pipeline[ Id: 96bc44d1-5a33-4d7f-83a8-aa3c285de8e0, Nodes: f12618e3-137b-46a0-90dc-e366378777c0(fv-az699-61.gws2011vpwuupmkks00dozwttg.bx.internal.cloudapp.net/10.1.0.19), ReplicationConfig: RATIS/ONE, State:ALLOCATED, leaderId:, CreationTimestamp2024-02-27T07:52:38.846Z[Etc/UTC]]
2024-02-27 07:52:38,847 [RatisPipelineUtilsThread-0] INFO  pipeline.RatisPipelineProvider (RatisPipelineProvider.java:lambda$create$0(205)) - Sending CreatePipelineCommand for pipeline:PipelineID=3c043721-e1ca-410a-a19c-3d2b47ba0e35 to datanode:8e331bed-8646-4d1b-92f8-14089c74cd0e
2024-02-27 07:52:38,847 [RatisPipelineUtilsThread-0] INFO  pipeline.RatisPipelineProvider (RatisPipelineProvider.java:lambda$create$0(205)) - Sending CreatePipelineCommand for pipeline:PipelineID=3c043721-e1ca-410a-a19c-3d2b47ba0e35 to datanode:02eae07c-ff18-478f-b1e9-376b0db68b83
2024-02-27 07:52:38,847 [RatisPipelineUtilsThread-0] INFO  pipeline.RatisPipelineProvider (RatisPipelineProvider.java:lambda$create$0(205)) - Sending CreatePipelineCommand for pipeline:PipelineID=3c043721-e1ca-410a-a19c-3d2b47ba0e35 to datanode:f12618e3-137b-46a0-90dc-e366378777c0
2024-02-27 07:52:38,848 [RatisPipelineUtilsThread-0] INFO  pipeline.BackgroundPipelineCreator (BackgroundPipelineCreator.java:createPipelines(236)) - Created new pipeline Pipeline[ Id: 3c043721-e1ca-410a-a19c-3d2b47ba0e35, Nodes: 8e331bed-8646-4d1b-92f8-14089c74cd0e(fv-az699-61.gws2011vpwuupmkks00dozwttg.bx.internal.cloudapp.net/10.1.0.19)02eae07c-ff18-478f-b1e9-376b0db68b83(fv-az699-61.gws2011vpwuupmkks00dozwttg.bx.internal.cloudapp.net/10.1.0.19)f12618e3-137b-46a0-90dc-e366378777c0(fv-az699-61.gws2011vpwuupmkks00dozwttg.bx.internal.cloudapp.net/10.1.0.19), ReplicationConfig: RATIS/THREE, State:ALLOCATED, leaderId:, CreationTimestamp2024-02-27T07:52:38.847Z[Etc/UTC]]
2024-02-27 07:52:38,848 [RatisPipelineUtilsThread-0] INFO  pipeline.RatisPipelineProvider (RatisPipelineProvider.java:lambda$create$0(205)) - Sending CreatePipelineCommand for pipeline:PipelineID=0d6a656d-438f-42c5-8514-310941231d46 to datanode:8e331bed-8646-4d1b-92f8-14089c74cd0e
2024-02-27 07:52:38,848 [RatisPipelineUtilsThread-0] INFO  pipeline.RatisPipelineProvider (RatisPipelineProvider.java:lambda$create$0(205)) - Sending CreatePipelineCommand for pipeline:PipelineID=0d6a656d-438f-42c5-8514-310941231d46 to datanode:f12618e3-137b-46a0-90dc-e366378777c0
2024-02-27 07:52:38,848 [RatisPipelineUtilsThread-0] INFO  pipeline.RatisPipelineProvider (RatisPipelineProvider.java:lambda$create$0(205)) - Sending CreatePipelineCommand for pipeline:PipelineID=0d6a656d-438f-42c5-8514-310941231d46 to datanode:02eae07c-ff18-478f-b1e9-376b0db68b83
2024-02-27 07:52:38,848 [RatisPipelineUtilsThread-0] INFO  pipeline.PipelineManagerImpl (PipelineManagerImpl.java:recordMetricsForPipeline(916)) - Pipeline: PipelineID=0d6a656d-438f-42c5-8514-310941231d46 contains same datanodes as previous pipelines: PipelineID=3c043721-e1ca-410a-a19c-3d2b47ba0e35 nodeIds: 8e331bed-8646-4d1b-92f8-14089c74cd0e, f12618e3-137b-46a0-90dc-e366378777c0, 02eae07c-ff18-478f-b1e9-376b0db68b83
2024-02-27 07:52:38,849 [RatisPipelineUtilsThread-0] INFO  pipeline.BackgroundPipelineCreator (BackgroundPipelineCreator.java:createPipelines(236)) - Created new pipeline Pipeline[ Id: 0d6a656d-438f-42c5-8514-310941231d46, Nodes: 8e331bed-8646-4d1b-92f8-14089c74cd0e(fv-az699-61.gws2011vpwuupmkks00dozwttg.bx.internal.cloudapp.net/10.1.0.19)f12618e3-137b-46a0-90dc-e366378777c0(fv-az699-61.gws2011vpwuupmkks00dozwttg.bx.internal.cloudapp.net/10.1.0.19)02eae07c-ff18-478f-b1e9-376b0db68b83(fv-az699-61.gws2011vpwuupmkks00dozwttg.bx.internal.cloudapp.net/10.1.0.19), ReplicationConfig: RATIS/THREE, State:ALLOCATED, leaderId:, CreationTimestamp2024-02-27T07:52:38.848Z[Etc/UTC]]
2024-02-27 07:52:39,843 [main] INFO  ozone.MiniOzoneClusterImpl (MiniOzoneClusterImpl.java:lambda$waitForClusterToBeReady$0(195)) - Nodes are ready. Got 3 of 3 DN Heartbeats.
2024-02-27 07:52:39,844 [main] INFO  ozone.MiniOzoneClusterImpl (MiniOzoneClusterImpl.java:lambda$waitForClusterToBeReady$0(198)) - Waiting for cluster to exit safe mode
2024-02-27 07:52:39,844 [main] INFO  ozone.MiniOzoneClusterImpl (MiniOzoneClusterImpl.java:lambda$waitForClusterToBeReady$0(200)) - SCM became leader
2024-02-27 07:52:40,844 [main] INFO  ozone.MiniOzoneClusterImpl (MiniOzoneClusterImpl.java:lambda$waitForClusterToBeReady$0(195)) - Nodes are ready. Got 3 of 3 DN Heartbeats.
2024-02-27 07:52:40,844 [main] INFO  ozone.MiniOzoneClusterImpl (MiniOzoneClusterImpl.java:lambda$waitForClusterToBeReady$0(198)) - Waiting for cluster to exit safe mode
2024-02-27 07:52:40,844 [main] INFO  ozone.MiniOzoneClusterImpl (MiniOzoneClusterImpl.java:lambda$waitForClusterToBeReady$0(200)) - SCM became leader
2024-02-27 07:52:41,652 [8e331bed-8646-4d1b-92f8-14089c74cd0e-PipelineCommandHandlerThread-0] INFO  server.RaftServer (RaftServerProxy.java:addNew(100)) - 8e331bed-8646-4d1b-92f8-14089c74cd0e: addNew group-616E728A8481:[8e331bed-8646-4d1b-92f8-14089c74cd0e|10.1.0.19:15280] returns group-616E728A8481:java.util.concurrent.CompletableFuture@38efb81f[Not completed]
2024-02-27 07:52:41,652 [8e331bed-8646-4d1b-92f8-14089c74cd0e-groupManagement] INFO  server.RaftServer$Division (RaftServerImpl.java:<init>(256)) - 8e331bed-8646-4d1b-92f8-14089c74cd0e: new RaftServerImpl for group-616E728A8481:[8e331bed-8646-4d1b-92f8-14089c74cd0e|10.1.0.19:15280] with ContainerStateMachine:uninitialized
2024-02-27 07:52:41,652 [8e331bed-8646-4d1b-92f8-14089c74cd0e-groupManagement] INFO  server.RaftServerConfigKeys (ConfUtils.java:logGet(46)) - raft.server.rpc.timeout.min = 5s (custom)
2024-02-27 07:52:41,653 [8e331bed-8646-4d1b-92f8-14089c74cd0e-groupManagement] INFO  server.RaftServerConfigKeys (ConfUtils.java:logGet(46)) - raft.server.rpc.timeout.max = 5200ms (custom)
2024-02-27 07:52:41,653 [8e331bed-8646-4d1b-92f8-14089c74cd0e-groupManagement] INFO  server.RaftServerConfigKeys (ConfUtils.java:logGet(46)) - raft.server.rpc.sleep.time = 25ms (default)
2024-02-27 07:52:41,653 [8e331bed-8646-4d1b-92f8-14089c74cd0e-groupManagement] INFO  server.RaftServerConfigKeys (ConfUtils.java:logGet(46)) - raft.server.rpc.slowness.timeout = 300s (custom)
2024-02-27 07:52:41,653 [8e331bed-8646-4d1b-92f8-14089c74cd0e-groupManagement] INFO  server.RaftServerConfigKeys (ConfUtils.java:logGet(46)) - raft.server.leaderelection.leader.step-down.wait-time = 10s (default)
2024-02-27 07:52:41,653 [8e331bed-8646-4d1b-92f8-14089c74cd0e-groupManagement] INFO  server.RaftServerConfigKeys (ConfUtils.java:logGet(46)) - raft.server.leaderelection.member.majority-add = false (default)
2024-02-27 07:52:41,653 [8e331bed-8646-4d1b-92f8-14089c74cd0e-groupManagement] INFO  server.RaftServerConfigKeys (ConfUtils.java:logGet(46)) - raft.server.sleep.deviation.threshold = 300ms (default)
2024-02-27 07:52:41,653 [8e331bed-8646-4d1b-92f8-14089c74cd0e-groupManagement] INFO  server.RaftServer$Division (ServerState.java:<init>(113)) - 8e331bed-8646-4d1b-92f8-14089c74cd0e@group-616E728A8481: ConfigurationManager, init=-1: peers:[8e331bed-8646-4d1b-92f8-14089c74cd0e|10.1.0.19:15280]|listeners:[], old=null, confs=<EMPTY_MAP>
2024-02-27 07:52:41,653 [8e331bed-8646-4d1b-92f8-14089c74cd0e-groupManagement] INFO  server.RaftServerConfigKeys (ConfUtils.java:logGet(46)) - raft.server.notification.no-leader.timeout = 300s (custom)
2024-02-27 07:52:41,653 [8e331bed-8646-4d1b-92f8-14089c74cd0e-groupManagement] INFO  server.RaftServerConfigKeys (ConfUtils.java:logGet(46)) - raft.server.read.timeout = 10s (default)
2024-02-27 07:52:41,653 [8e331bed-8646-4d1b-92f8-14089c74cd0e-groupManagement] INFO  server.RaftServerConfigKeys (ConfUtils.java:logGet(46)) - raft.server.retrycache.expirytime = 600000ms (custom)
2024-02-27 07:52:41,653 [8e331bed-8646-4d1b-92f8-14089c74cd0e-groupManagement] INFO  server.RaftServerConfigKeys (ConfUtils.java:logGet(46)) - raft.server.retrycache.statistics.expirytime = 100ms (default)
2024-02-27 07:52:41,653 [8e331bed-8646-4d1b-92f8-14089c74cd0e-groupManagement] INFO  server.RaftServerConfigKeys (ConfUtils.java:logGet(46)) - raft.server.read.option = DEFAULT (default)
2024-02-27 07:52:41,653 [8e331bed-8646-4d1b-92f8-14089c74cd0e-groupManagement] INFO  server.RaftServerConfigKeys (ConfUtils.java:logGet(46)) - raft.server.read.read-after-write-consistent.write-index-cache.expiry-time = 60s (default)
2024-02-27 07:52:41,655 [8e331bed-8646-4d1b-92f8-14089c74cd0e-groupManagement] INFO  server.RaftServerConfigKeys (ConfUtils.java:logGet(46)) - raft.server.rpc.request.timeout = 60s (custom)
2024-02-27 07:52:41,655 [8e331bed-8646-4d1b-92f8-14089c74cd0e-groupManagement] INFO  server.RaftServerConfigKeys (ConfUtils.java:logGet(46)) - raft.server.log.appender.install.snapshot.enabled = false (custom)
2024-02-27 07:52:41,655 [8e331bed-8646-4d1b-92f8-14089c74cd0e-groupManagement] INFO  server.RaftServerConfigKeys (ConfUtils.java:logGet(46)) - raft.server.threadpool.server.cached = true (default)
2024-02-27 07:52:41,655 [8e331bed-8646-4d1b-92f8-14089c74cd0e-groupManagement] INFO  server.RaftServerConfigKeys (ConfUtils.java:logGet(46)) - raft.server.threadpool.server.size = 0 (default)
2024-02-27 07:52:41,655 [8e331bed-8646-4d1b-92f8-14089c74cd0e-groupManagement] INFO  server.RaftServerConfigKeys (ConfUtils.java:logGet(46)) - raft.server.threadpool.client.cached = true (default)
2024-02-27 07:52:41,655 [8e331bed-8646-4d1b-92f8-14089c74cd0e-groupManagement] INFO  server.RaftServerConfigKeys (ConfUtils.java:logGet(46)) - raft.server.threadpool.client.size = 0 (default)
2024-02-27 07:52:41,655 [8e331bed-8646-4d1b-92f8-14089c74cd0e-groupManagement] INFO  server.RaftServerConfigKeys (ConfUtils.java:logGet(46)) - raft.server.storage.free-space.min = 0MB (=0) (default)
2024-02-27 07:52:41,655 [8e331bed-8646-4d1b-92f8-14089c74cd0e-groupManagement] INFO  server.RaftServerConfigKeys (ConfUtils.java:logGet(46)) - raft.server.log.corruption.policy = EXCEPTION (default)
2024-02-27 07:52:41,655 [8e331bed-8646-4d1b-92f8-14089c74cd0e-groupManagement] INFO  server.RaftServerConfigKeys (ConfUtils.java:logGet(46)) - raft.server.storage.dir = [/home/runner/work/ozone/ozone/hadoop-ozone/integration-test/target/test-dir/MiniOzoneClusterImpl-bc2c81e0-d964-4a8e-97ca-887e98ec88c8/ozone-meta/datanode-1/ratis] (custom)
2024-02-27 07:52:41,656 [8e331bed-8646-4d1b-92f8-14089c74cd0e-groupManagement] INFO  storage.RaftStorageDirectory (RaftStorageDirectoryImpl.java:analyzeStorage(138)) - The storage directory /home/runner/work/ozone/ozone/hadoop-ozone/integration-test/target/test-dir/MiniOzoneClusterImpl-bc2c81e0-d964-4a8e-97ca-887e98ec88c8/ozone-meta/datanode-1/ratis/6b0ca9a2-77f7-4acf-b3fd-616e728a8481 does not exist. Creating ...
2024-02-27 07:52:41,657 [8e331bed-8646-4d1b-92f8-14089c74cd0e-groupManagement] INFO  storage.RaftStorageDirectory (RaftStorageDirectoryImpl.java:tryLock(228)) - Lock on /home/runner/work/ozone/ozone/hadoop-ozone/integration-test/target/test-dir/MiniOzoneClusterImpl-bc2c81e0-d964-4a8e-97ca-887e98ec88c8/ozone-meta/datanode-1/ratis/6b0ca9a2-77f7-4acf-b3fd-616e728a8481/in_use.lock acquired by nodename 40924@fv-az699-61
2024-02-27 07:52:41,658 [8e331bed-8646-4d1b-92f8-14089c74cd0e-groupManagement] INFO  storage.RaftStorage (RaftStorageImpl.java:format(99)) - Storage directory /home/runner/work/ozone/ozone/hadoop-ozone/integration-test/target/test-dir/MiniOzoneClusterImpl-bc2c81e0-d964-4a8e-97ca-887e98ec88c8/ozone-meta/datanode-1/ratis/6b0ca9a2-77f7-4acf-b3fd-616e728a8481 has been successfully formatted.
2024-02-27 07:52:41,658 [8e331bed-8646-4d1b-92f8-14089c74cd0e-groupManagement] WARN  util.FileUtils (LogUtils.java:supplyAndLog(63)) - Failed to Files.newInputStream /home/runner/work/ozone/ozone/hadoop-ozone/integration-test/target/test-dir/MiniOzoneClusterImpl-bc2c81e0-d964-4a8e-97ca-887e98ec88c8/ozone-meta/datanode-1/ratis/6b0ca9a2-77f7-4acf-b3fd-616e728a8481/current/raft-meta.conf with options []: java.nio.file.NoSuchFileException: /home/runner/work/ozone/ozone/hadoop-ozone/integration-test/target/test-dir/MiniOzoneClusterImpl-bc2c81e0-d964-4a8e-97ca-887e98ec88c8/ozone-meta/datanode-1/ratis/6b0ca9a2-77f7-4acf-b3fd-616e728a8481/current/raft-meta.conf
2024-02-27 07:52:41,659 [8e331bed-8646-4d1b-92f8-14089c74cd0e-groupManagement] INFO  ratis.ContainerStateMachine (ContainerStateMachine.java:loadSnapshot(287)) - group-616E728A8481: The snapshot info is null. Setting the last applied index to:(t:0, i:~)
2024-02-27 07:52:41,659 [8e331bed-8646-4d1b-92f8-14089c74cd0e-groupManagement] INFO  server.RaftServerConfigKeys (ConfUtils.java:logGet(46)) - raft.server.log.use.memory = false (default)
2024-02-27 07:52:41,659 [8e331bed-8646-4d1b-92f8-14089c74cd0e-groupManagement] INFO  server.RaftServerConfigKeys (ConfUtils.java:logGet(46)) - raft.server.log.purge.gap = 1000000 (custom)
2024-02-27 07:52:41,659 [8e331bed-8646-4d1b-92f8-14089c74cd0e-groupManagement] INFO  server.RaftServerConfigKeys (ConfUtils.java:logGet(46)) - raft.server.log.appender.buffer.byte-limit = 8388608 (custom)
2024-02-27 07:52:41,659 [8e331bed-8646-4d1b-92f8-14089c74cd0e-groupManagement] INFO  server.RaftServerConfigKeys (ConfUtils.java:logGet(46)) - raft.server.log.statemachine.data.read.timeout = 1000ms (default)
2024-02-27 07:52:41,659 [8e331bed-8646-4d1b-92f8-14089c74cd0e-groupManagement] INFO  server.RaftServerConfigKeys (ConfUtils.java:logGet(46)) - raft.server.log.purge.preservation.log.num = 0 (default)
2024-02-27 07:52:41,660 [EventQueue-PipelineReportForPipelineReportHandler] INFO  pipeline.PipelineReportHandler (PipelineReportHandler.java:processPipelineReport(136)) - Opened pipeline PipelineID=6b0ca9a2-77f7-4acf-b3fd-616e728a8481
2024-02-27 07:52:41,661 [EventQueue-OpenPipelineForHealthyPipelineSafeModeRule] INFO  safemode.SCMSafeModeManager (HealthyPipelineSafeModeRule.java:process(140)) - SCM in safe mode. Healthy pipelines reported count is 0, required healthy pipeline reported count is 1
2024-02-27 07:52:41,661 [8e331bed-8646-4d1b-92f8-14089c74cd0e-groupManagement] INFO  server.RaftServerConfigKeys (ConfUtils.java:logGet(46)) - raft.server.log.segment.size.max = 67108864 (custom)
2024-02-27 07:52:41,661 [8e331bed-8646-4d1b-92f8-14089c74cd0e-groupManagement] INFO  server.RaftServerConfigKeys (ConfUtils.java:logGet(46)) - raft.server.log.segment.cache.num.max = 2 (custom)
2024-02-27 07:52:41,661 [8e331bed-8646-4d1b-92f8-14089c74cd0e-groupManagement] INFO  server.RaftServerConfigKeys (ConfUtils.java:logGet(46)) - raft.server.log.segment.cache.size.max = 200MB (=209715200) (default)
2024-02-27 07:52:41,661 [8e331bed-8646-4d1b-92f8-14089c74cd0e-groupManagement] INFO  server.RaftServerConfigKeys (ConfUtils.java:logGet(46)) - raft.server.log.appender.buffer.byte-limit = 8388608 (custom)
2024-02-27 07:52:41,662 [8e331bed-8646-4d1b-92f8-14089c74cd0e-groupManagement] INFO  util.AwaitToRun (AwaitToRun.java:start(81)) - Thread[8e331bed-8646-4d1b-92f8-14089c74cd0e@group-616E728A8481-cacheEviction-AwaitToRun,5,main] started
2024-02-27 07:52:41,662 [8e331bed-8646-4d1b-92f8-14089c74cd0e-groupManagement] INFO  segmented.SegmentedRaftLogWorker (SegmentedRaftLogWorker.java:<init>(182)) - new 8e331bed-8646-4d1b-92f8-14089c74cd0e@group-616E728A8481-SegmentedRaftLogWorker for RaftStorageImpl:Storage Directory /home/runner/work/ozone/ozone/hadoop-ozone/integration-test/target/test-dir/MiniOzoneClusterImpl-bc2c81e0-d964-4a8e-97ca-887e98ec88c8/ozone-meta/datanode-1/ratis/6b0ca9a2-77f7-4acf-b3fd-616e728a8481
2024-02-27 07:52:41,662 [8e331bed-8646-4d1b-92f8-14089c74cd0e-groupManagement] INFO  server.RaftServerConfigKeys (ConfUtils.java:logGet(46)) - raft.server.log.queue.byte-limit = 4294967296 (custom)
2024-02-27 07:52:41,662 [8e331bed-8646-4d1b-92f8-14089c74cd0e-groupManagement] INFO  server.RaftServerConfigKeys (ConfUtils.java:logGet(46)) - raft.server.log.queue.element-limit = 1024 (custom)
2024-02-27 07:52:41,662 [8e331bed-8646-4d1b-92f8-14089c74cd0e-groupManagement] INFO  server.RaftServerConfigKeys (ConfUtils.java:logGet(46)) - raft.server.log.segment.size.max = 67108864 (custom)
2024-02-27 07:52:41,662 [8e331bed-8646-4d1b-92f8-14089c74cd0e-groupManagement] INFO  server.RaftServerConfigKeys (ConfUtils.java:logGet(46)) - raft.server.log.preallocated.size = 4194304 (custom)
2024-02-27 07:52:41,662 [8e331bed-8646-4d1b-92f8-14089c74cd0e-groupManagement] INFO  server.RaftServerConfigKeys (ConfUtils.java:logGet(46)) - raft.server.log.force.sync.num = 128 (default)
2024-02-27 07:52:41,662 [8e331bed-8646-4d1b-92f8-14089c74cd0e-groupManagement] INFO  server.RaftServerConfigKeys (ConfUtils.java:logGet(46)) - raft.server.log.statemachine.data.sync = true (default)
2024-02-27 07:52:41,662 [8e331bed-8646-4d1b-92f8-14089c74cd0e-groupManagement] INFO  server.RaftServerConfigKeys (ConfUtils.java:logGet(46)) - raft.server.log.statemachine.data.sync.timeout = 10s (default)
2024-02-27 07:52:41,662 [8e331bed-8646-4d1b-92f8-14089c74cd0e-groupManagement] INFO  server.RaftServerConfigKeys (ConfUtils.java:logGet(46)) - raft.server.log.statemachine.data.sync.timeout.retry = 0 (custom)
2024-02-27 07:52:41,662 [8e331bed-8646-4d1b-92f8-14089c74cd0e-groupManagement] INFO  server.RaftServerConfigKeys (ConfUtils.java:logGet(46)) - raft.server.log.write.buffer.size = 8388616 (custom)
2024-02-27 07:52:41,664 [8e331bed-8646-4d1b-92f8-14089c74cd0e-groupManagement] INFO  server.RaftServerConfigKeys (ConfUtils.java:logGet(46)) - raft.server.log.appender.buffer.byte-limit = 8388608 (custom)
2024-02-27 07:52:41,664 [8e331bed-8646-4d1b-92f8-14089c74cd0e-groupManagement] INFO  server.RaftServerConfigKeys (ConfUtils.java:logGet(46)) - raft.server.log.unsafe-flush.enabled = false (default)
2024-02-27 07:52:41,664 [8e331bed-8646-4d1b-92f8-14089c74cd0e-groupManagement] INFO  server.RaftServerConfigKeys (ConfUtils.java:logGet(46)) - raft.server.log.async-flush.enabled = false (default)
2024-02-27 07:52:41,664 [8e331bed-8646-4d1b-92f8-14089c74cd0e-groupManagement] INFO  server.RaftServerConfigKeys (ConfUtils.java:logGet(46)) - raft.server.log.statemachine.data.caching.enabled = true (custom)
2024-02-27 07:52:41,664 [8e331bed-8646-4d1b-92f8-14089c74cd0e-groupManagement] INFO  segmented.SegmentedRaftLogWorker (SegmentedRaftLogWorker.java:lambda$new$0(134)) - 8e331bed-8646-4d1b-92f8-14089c74cd0e@group-616E728A8481-SegmentedRaftLogWorker: flushIndex: setUnconditionally 0 -> -1
2024-02-27 07:52:41,664 [8e331bed-8646-4d1b-92f8-14089c74cd0e-groupManagement] INFO  segmented.SegmentedRaftLogWorker (SegmentedRaftLogWorker.java:lambda$new$0(134)) - 8e331bed-8646-4d1b-92f8-14089c74cd0e@group-616E728A8481-SegmentedRaftLogWorker: safeCacheEvictIndex: setUnconditionally 0 -> -1
2024-02-27 07:52:41,664 [8e331bed-8646-4d1b-92f8-14089c74cd0e-groupManagement] INFO  server.RaftServer$Division (RaftServerImpl.java:start(396)) - 8e331bed-8646-4d1b-92f8-14089c74cd0e@group-616E728A8481: start as a follower, conf=-1: peers:[8e331bed-8646-4d1b-92f8-14089c74cd0e|10.1.0.19:15280]|listeners:[], old=null
2024-02-27 07:52:41,664 [8e331bed-8646-4d1b-92f8-14089c74cd0e-groupManagement] INFO  server.RaftServer$Division (RaftServerImpl.java:setRole(383)) - 8e331bed-8646-4d1b-92f8-14089c74cd0e@group-616E728A8481: changes role from      null to FOLLOWER at term 0 for startAsFollower
2024-02-27 07:52:41,664 [8e331bed-8646-4d1b-92f8-14089c74cd0e-groupManagement] INFO  impl.RoleInfo (RoleInfo.java:updateAndGet(139)) - 8e331bed-8646-4d1b-92f8-14089c74cd0e: start 8e331bed-8646-4d1b-92f8-14089c74cd0e@group-616E728A8481-FollowerState
2024-02-27 07:52:41,664 [8e331bed-8646-4d1b-92f8-14089c74cd0e@group-616E728A8481-FollowerState] INFO  server.RaftServerConfigKeys (ConfUtils.java:logFallback(53)) - raft.server.rpc.first-election.timeout.min = 5s (fallback to raft.server.rpc.timeout.min)
2024-02-27 07:52:41,664 [8e331bed-8646-4d1b-92f8-14089c74cd0e-groupManagement] INFO  util.JmxRegister (JmxRegister.java:tryRegister(44)) - Successfully registered JMX Bean with object name Ratis:service=RaftServer,group=group-616E728A8481,id=8e331bed-8646-4d1b-92f8-14089c74cd0e
2024-02-27 07:52:41,665 [8e331bed-8646-4d1b-92f8-14089c74cd0e@group-616E728A8481-FollowerState] INFO  server.RaftServerConfigKeys (ConfUtils.java:logFallback(53)) - raft.server.rpc.first-election.timeout.max = 5200ms (fallback to raft.server.rpc.timeout.max)
2024-02-27 07:52:41,665 [8e331bed-8646-4d1b-92f8-14089c74cd0e-groupManagement] INFO  server.RaftServerConfigKeys (ConfUtils.java:logGet(46)) - raft.server.snapshot.trigger-when-stop.enabled = true (default)
2024-02-27 07:52:41,665 [8e331bed-8646-4d1b-92f8-14089c74cd0e-groupManagement] INFO  server.RaftServerConfigKeys (ConfUtils.java:logGet(46)) - raft.server.snapshot.auto.trigger.enabled = true (custom)
2024-02-27 07:52:41,665 [8e331bed-8646-4d1b-92f8-14089c74cd0e-groupManagement] INFO  server.RaftServerConfigKeys (ConfUtils.java:logGet(46)) - raft.server.snapshot.auto.trigger.threshold = 10000 (custom)
2024-02-27 07:52:41,665 [8e331bed-8646-4d1b-92f8-14089c74cd0e-groupManagement] INFO  server.RaftServerConfigKeys (ConfUtils.java:logGet(46)) - raft.server.snapshot.retention.file.num = 5 (custom)
2024-02-27 07:52:41,665 [8e331bed-8646-4d1b-92f8-14089c74cd0e-groupManagement] INFO  server.RaftServerConfigKeys (ConfUtils.java:logGet(46)) - raft.server.log.purge.upto.snapshot.index = false (default)
2024-02-27 07:52:41,665 [8e331bed-8646-4d1b-92f8-14089c74cd0e-PipelineCommandHandlerThread-0] INFO  ratis.XceiverServerRatis (XceiverServerRatis.java:addGroup(864)) - Created group PipelineID=6b0ca9a2-77f7-4acf-b3fd-616e728a8481
2024-02-27 07:52:41,665 [8e331bed-8646-4d1b-92f8-14089c74cd0e-PipelineCommandHandlerThread-0] INFO  commandhandler.CreatePipelineCommandHandler (CreatePipelineCommandHandler.java:lambda$handle$2(124)) - Created Pipeline RATIS ONE PipelineID=6b0ca9a2-77f7-4acf-b3fd-616e728a8481.
2024-02-27 07:52:41,666 [8e331bed-8646-4d1b-92f8-14089c74cd0e-PipelineCommandHandlerThread-0] INFO  server.RaftServer (RaftServerProxy.java:addNew(100)) - 8e331bed-8646-4d1b-92f8-14089c74cd0e: addNew group-3D2B47BA0E35:[f12618e3-137b-46a0-90dc-e366378777c0|10.1.0.19:15298, 02eae07c-ff18-478f-b1e9-376b0db68b83|10.1.0.19:15289, 8e331bed-8646-4d1b-92f8-14089c74cd0e|10.1.0.19:15280] returns group-3D2B47BA0E35:java.util.concurrent.CompletableFuture@3cd03bda[Not completed]
2024-02-27 07:52:41,666 [8e331bed-8646-4d1b-92f8-14089c74cd0e-groupManagement] INFO  server.RaftServer$Division (RaftServerImpl.java:<init>(256)) - 8e331bed-8646-4d1b-92f8-14089c74cd0e: new RaftServerImpl for group-3D2B47BA0E35:[f12618e3-137b-46a0-90dc-e366378777c0|10.1.0.19:15298, 02eae07c-ff18-478f-b1e9-376b0db68b83|10.1.0.19:15289, 8e331bed-8646-4d1b-92f8-14089c74cd0e|10.1.0.19:15280] with ContainerStateMachine:uninitialized
2024-02-27 07:52:41,666 [8e331bed-8646-4d1b-92f8-14089c74cd0e-groupManagement] INFO  server.RaftServerConfigKeys (ConfUtils.java:logGet(46)) - raft.server.rpc.timeout.min = 5s (custom)
2024-02-27 07:52:41,666 [8e331bed-8646-4d1b-92f8-14089c74cd0e-groupManagement] INFO  server.RaftServerConfigKeys (ConfUtils.java:logGet(46)) - raft.server.rpc.timeout.max = 5200ms (custom)
2024-02-27 07:52:41,666 [8e331bed-8646-4d1b-92f8-14089c74cd0e-groupManagement] INFO  server.RaftServerConfigKeys (ConfUtils.java:logGet(46)) - raft.server.rpc.sleep.time = 25ms (default)
2024-02-27 07:52:41,666 [8e331bed-8646-4d1b-92f8-14089c74cd0e-groupManagement] INFO  server.RaftServerConfigKeys (ConfUtils.java:logGet(46)) - raft.server.rpc.slowness.timeout = 300s (custom)
2024-02-27 07:52:41,667 [8e331bed-8646-4d1b-92f8-14089c74cd0e-groupManagement] INFO  server.RaftServerConfigKeys (ConfUtils.java:logGet(46)) - raft.server.leaderelection.leader.step-down.wait-time = 10s (default)
2024-02-27 07:52:41,667 [8e331bed-8646-4d1b-92f8-14089c74cd0e-groupManagement] INFO  server.RaftServerConfigKeys (ConfUtils.java:logGet(46)) - raft.server.leaderelection.member.majority-add = false (default)
2024-02-27 07:52:41,667 [8e331bed-8646-4d1b-92f8-14089c74cd0e-groupManagement] INFO  server.RaftServerConfigKeys (ConfUtils.java:logGet(46)) - raft.server.sleep.deviation.threshold = 300ms (default)
2024-02-27 07:52:41,667 [8e331bed-8646-4d1b-92f8-14089c74cd0e-groupManagement] INFO  server.RaftServer$Division (ServerState.java:<init>(113)) - 8e331bed-8646-4d1b-92f8-14089c74cd0e@group-3D2B47BA0E35: ConfigurationManager, init=-1: peers:[f12618e3-137b-46a0-90dc-e366378777c0|10.1.0.19:15298, 02eae07c-ff18-478f-b1e9-376b0db68b83|10.1.0.19:15289, 8e331bed-8646-4d1b-92f8-14089c74cd0e|10.1.0.19:15280]|listeners:[], old=null, confs=<EMPTY_MAP>
2024-02-27 07:52:41,667 [8e331bed-8646-4d1b-92f8-14089c74cd0e-groupManagement] INFO  server.RaftServerConfigKeys (ConfUtils.java:logGet(46)) - raft.server.notification.no-leader.timeout = 300s (custom)
2024-02-27 07:52:41,667 [8e331bed-8646-4d1b-92f8-14089c74cd0e-groupManagement] INFO  server.RaftServerConfigKeys (ConfUtils.java:logGet(46)) - raft.server.read.timeout = 10s (default)
2024-02-27 07:52:41,667 [8e331bed-8646-4d1b-92f8-14089c74cd0e-groupManagement] INFO  server.RaftServerConfigKeys (ConfUtils.java:logGet(46)) - raft.server.retrycache.expirytime = 600000ms (custom)
2024-02-27 07:52:41,667 [8e331bed-8646-4d1b-92f8-14089c74cd0e-groupManagement] INFO  server.RaftServerConfigKeys (ConfUtils.java:logGet(46)) - raft.server.retrycache.statistics.expirytime = 100ms (default)
2024-02-27 07:52:41,667 [8e331bed-8646-4d1b-92f8-14089c74cd0e-groupManagement] INFO  server.RaftServerConfigKeys (ConfUtils.java:logGet(46)) - raft.server.read.option = DEFAULT (default)
2024-02-27 07:52:41,667 [8e331bed-8646-4d1b-92f8-14089c74cd0e-groupManagement] INFO  server.RaftServerConfigKeys (ConfUtils.java:logGet(46)) - raft.server.read.read-after-write-consistent.write-index-cache.expiry-time = 60s (default)
2024-02-27 07:52:41,669 [8e331bed-8646-4d1b-92f8-14089c74cd0e-groupManagement] INFO  server.RaftServerConfigKeys (ConfUtils.java:logGet(46)) - raft.server.rpc.request.timeout = 60s (custom)
2024-02-27 07:52:41,669 [8e331bed-8646-4d1b-92f8-14089c74cd0e-groupManagement] INFO  server.RaftServerConfigKeys (ConfUtils.java:logGet(46)) - raft.server.log.appender.install.snapshot.enabled = false (custom)
2024-02-27 07:52:41,669 [8e331bed-8646-4d1b-92f8-14089c74cd0e-groupManagement] INFO  server.RaftServerConfigKeys (ConfUtils.java:logGet(46)) - raft.server.threadpool.server.cached = true (default)
2024-02-27 07:52:41,669 [8e331bed-8646-4d1b-92f8-14089c74cd0e-groupManagement] INFO  server.RaftServerConfigKeys (ConfUtils.java:logGet(46)) - raft.server.threadpool.server.size = 0 (default)
2024-02-27 07:52:41,669 [8e331bed-8646-4d1b-92f8-14089c74cd0e-groupManagement] INFO  server.RaftServerConfigKeys (ConfUtils.java:logGet(46)) - raft.server.threadpool.client.cached = true (default)
2024-02-27 07:52:41,669 [8e331bed-8646-4d1b-92f8-14089c74cd0e-groupManagement] INFO  server.RaftServerConfigKeys (ConfUtils.java:logGet(46)) - raft.server.threadpool.client.size = 0 (default)
2024-02-27 07:52:41,669 [8e331bed-8646-4d1b-92f8-14089c74cd0e-groupManagement] INFO  server.RaftServerConfigKeys (ConfUtils.java:logGet(46)) - raft.server.storage.free-space.min = 0MB (=0) (default)
2024-02-27 07:52:41,669 [8e331bed-8646-4d1b-92f8-14089c74cd0e-groupManagement] INFO  server.RaftServerConfigKeys (ConfUtils.java:logGet(46)) - raft.server.log.corruption.policy = EXCEPTION (default)
2024-02-27 07:52:41,669 [8e331bed-8646-4d1b-92f8-14089c74cd0e-groupManagement] INFO  server.RaftServerConfigKeys (ConfUtils.java:logGet(46)) - raft.server.storage.dir = [/home/runner/work/ozone/ozone/hadoop-ozone/integration-test/target/test-dir/MiniOzoneClusterImpl-bc2c81e0-d964-4a8e-97ca-887e98ec88c8/ozone-meta/datanode-1/ratis] (custom)
2024-02-27 07:52:41,669 [8e331bed-8646-4d1b-92f8-14089c74cd0e-groupManagement] INFO  storage.RaftStorageDirectory (RaftStorageDirectoryImpl.java:analyzeStorage(138)) - The storage directory /home/runner/work/ozone/ozone/hadoop-ozone/integration-test/target/test-dir/MiniOzoneClusterImpl-bc2c81e0-d964-4a8e-97ca-887e98ec88c8/ozone-meta/datanode-1/ratis/3c043721-e1ca-410a-a19c-3d2b47ba0e35 does not exist. Creating ...
2024-02-27 07:52:41,670 [8e331bed-8646-4d1b-92f8-14089c74cd0e-groupManagement] INFO  storage.RaftStorageDirectory (RaftStorageDirectoryImpl.java:tryLock(228)) - Lock on /home/runner/work/ozone/ozone/hadoop-ozone/integration-test/target/test-dir/MiniOzoneClusterImpl-bc2c81e0-d964-4a8e-97ca-887e98ec88c8/ozone-meta/datanode-1/ratis/3c043721-e1ca-410a-a19c-3d2b47ba0e35/in_use.lock acquired by nodename 40924@fv-az699-61
2024-02-27 07:52:41,671 [8e331bed-8646-4d1b-92f8-14089c74cd0e-groupManagement] INFO  storage.RaftStorage (RaftStorageImpl.java:format(99)) - Storage directory /home/runner/work/ozone/ozone/hadoop-ozone/integration-test/target/test-dir/MiniOzoneClusterImpl-bc2c81e0-d964-4a8e-97ca-887e98ec88c8/ozone-meta/datanode-1/ratis/3c043721-e1ca-410a-a19c-3d2b47ba0e35 has been successfully formatted.
2024-02-27 07:52:41,671 [8e331bed-8646-4d1b-92f8-14089c74cd0e-groupManagement] WARN  util.FileUtils (LogUtils.java:supplyAndLog(63)) - Failed to Files.newInputStream /home/runner/work/ozone/ozone/hadoop-ozone/integration-test/target/test-dir/MiniOzoneClusterImpl-bc2c81e0-d964-4a8e-97ca-887e98ec88c8/ozone-meta/datanode-1/ratis/3c043721-e1ca-410a-a19c-3d2b47ba0e35/current/raft-meta.conf with options []: java.nio.file.NoSuchFileException: /home/runner/work/ozone/ozone/hadoop-ozone/integration-test/target/test-dir/MiniOzoneClusterImpl-bc2c81e0-d964-4a8e-97ca-887e98ec88c8/ozone-meta/datanode-1/ratis/3c043721-e1ca-410a-a19c-3d2b47ba0e35/current/raft-meta.conf
2024-02-27 07:52:41,671 [8e331bed-8646-4d1b-92f8-14089c74cd0e-groupManagement] INFO  ratis.ContainerStateMachine (ContainerStateMachine.java:loadSnapshot(287)) - group-3D2B47BA0E35: The snapshot info is null. Setting the last applied index to:(t:0, i:~)
2024-02-27 07:52:41,671 [8e331bed-8646-4d1b-92f8-14089c74cd0e-groupManagement] INFO  server.RaftServerConfigKeys (ConfUtils.java:logGet(46)) - raft.server.log.use.memory = false (default)
2024-02-27 07:52:41,672 [8e331bed-8646-4d1b-92f8-14089c74cd0e-groupManagement] INFO  server.RaftServerConfigKeys (ConfUtils.java:logGet(46)) - raft.server.log.purge.gap = 1000000 (custom)
2024-02-27 07:52:41,672 [8e331bed-8646-4d1b-92f8-14089c74cd0e-groupManagement] INFO  server.RaftServerConfigKeys (ConfUtils.java:logGet(46)) - raft.server.log.appender.buffer.byte-limit = 8388608 (custom)
2024-02-27 07:52:41,672 [8e331bed-8646-4d1b-92f8-14089c74cd0e-groupManagement] INFO  server.RaftServerConfigKeys (ConfUtils.java:logGet(46)) - raft.server.log.statemachine.data.read.timeout = 1000ms (default)
2024-02-27 07:52:41,672 [8e331bed-8646-4d1b-92f8-14089c74cd0e-groupManagement] INFO  server.RaftServerConfigKeys (ConfUtils.java:logGet(46)) - raft.server.log.purge.preservation.log.num = 0 (default)
2024-02-27 07:52:41,672 [EventQueue-OpenPipelineForHealthyPipelineSafeModeRule] INFO  safemode.SCMSafeModeManager (HealthyPipelineSafeModeRule.java:process(140)) - SCM in safe mode. Healthy pipelines reported count is 0, required healthy pipeline reported count is 1
2024-02-27 07:52:41,673 [8e331bed-8646-4d1b-92f8-14089c74cd0e-groupManagement] INFO  server.RaftServerConfigKeys (ConfUtils.java:logGet(46)) - raft.server.log.segment.size.max = 67108864 (custom)
2024-02-27 07:52:41,673 [8e331bed-8646-4d1b-92f8-14089c74cd0e-groupManagement] INFO  server.RaftServerConfigKeys (ConfUtils.java:logGet(46)) - raft.server.log.segment.cache.num.max = 2 (custom)
2024-02-27 07:52:41,673 [8e331bed-8646-4d1b-92f8-14089c74cd0e-groupManagement] INFO  server.RaftServerConfigKeys (ConfUtils.java:logGet(46)) - raft.server.log.segment.cache.size.max = 200MB (=209715200) (default)
2024-02-27 07:52:41,673 [8e331bed-8646-4d1b-92f8-14089c74cd0e-groupManagement] INFO  server.RaftServerConfigKeys (ConfUtils.java:logGet(46)) - raft.server.log.appender.buffer.byte-limit = 8388608 (custom)
2024-02-27 07:52:41,673 [8e331bed-8646-4d1b-92f8-14089c74cd0e-groupManagement] INFO  util.AwaitToRun (AwaitToRun.java:start(81)) - Thread[8e331bed-8646-4d1b-92f8-14089c74cd0e@group-3D2B47BA0E35-cacheEviction-AwaitToRun,5,main] started
2024-02-27 07:52:41,673 [8e331bed-8646-4d1b-92f8-14089c74cd0e-groupManagement] INFO  segmented.SegmentedRaftLogWorker (SegmentedRaftLogWorker.java:<init>(182)) - new 8e331bed-8646-4d1b-92f8-14089c74cd0e@group-3D2B47BA0E35-SegmentedRaftLogWorker for RaftStorageImpl:Storage Directory /home/runner/work/ozone/ozone/hadoop-ozone/integration-test/target/test-dir/MiniOzoneClusterImpl-bc2c81e0-d964-4a8e-97ca-887e98ec88c8/ozone-meta/datanode-1/ratis/3c043721-e1ca-410a-a19c-3d2b47ba0e35
2024-02-27 07:52:41,673 [8e331bed-8646-4d1b-92f8-14089c74cd0e-groupManagement] INFO  server.RaftServerConfigKeys (ConfUtils.java:logGet(46)) - raft.server.log.queue.byte-limit = 4294967296 (custom)
2024-02-27 07:52:41,673 [8e331bed-8646-4d1b-92f8-14089c74cd0e-groupManagement] INFO  server.RaftServerConfigKeys (ConfUtils.java:logGet(46)) - raft.server.log.queue.element-limit = 1024 (custom)
2024-02-27 07:52:41,673 [8e331bed-8646-4d1b-92f8-14089c74cd0e-groupManagement] INFO  server.RaftServerConfigKeys (ConfUtils.java:logGet(46)) - raft.server.log.segment.size.max = 67108864 (custom)
2024-02-27 07:52:41,674 [8e331bed-8646-4d1b-92f8-14089c74cd0e-groupManagement] INFO  server.RaftServerConfigKeys (ConfUtils.java:logGet(46)) - raft.server.log.preallocated.size = 4194304 (custom)
2024-02-27 07:52:41,674 [8e331bed-8646-4d1b-92f8-14089c74cd0e-groupManagement] INFO  server.RaftServerConfigKeys (ConfUtils.java:logGet(46)) - raft.server.log.force.sync.num = 128 (default)
2024-02-27 07:52:41,674 [8e331bed-8646-4d1b-92f8-14089c74cd0e-groupManagement] INFO  server.RaftServerConfigKeys (ConfUtils.java:logGet(46)) - raft.server.log.statemachine.data.sync = true (default)
2024-02-27 07:52:41,674 [8e331bed-8646-4d1b-92f8-14089c74cd0e-groupManagement] INFO  server.RaftServerConfigKeys (ConfUtils.java:logGet(46)) - raft.server.log.statemachine.data.sync.timeout = 10s (default)
2024-02-27 07:52:41,674 [8e331bed-8646-4d1b-92f8-14089c74cd0e-groupManagement] INFO  server.RaftServerConfigKeys (ConfUtils.java:logGet(46)) - raft.server.log.statemachine.data.sync.timeout.retry = 0 (custom)
2024-02-27 07:52:41,674 [8e331bed-8646-4d1b-92f8-14089c74cd0e-groupManagement] INFO  server.RaftServerConfigKeys (ConfUtils.java:logGet(46)) - raft.server.log.write.buffer.size = 8388616 (custom)
2024-02-27 07:52:41,675 [8e331bed-8646-4d1b-92f8-14089c74cd0e-groupManagement] INFO  server.RaftServerConfigKeys (ConfUtils.java:logGet(46)) - raft.server.log.appender.buffer.byte-limit = 8388608 (custom)
2024-02-27 07:52:41,676 [8e331bed-8646-4d1b-92f8-14089c74cd0e-groupManagement] INFO  server.RaftServerConfigKeys (ConfUtils.java:logGet(46)) - raft.server.log.unsafe-flush.enabled = false (default)
2024-02-27 07:52:41,676 [8e331bed-8646-4d1b-92f8-14089c74cd0e-groupManagement] INFO  server.RaftServerConfigKeys (ConfUtils.java:logGet(46)) - raft.server.log.async-flush.enabled = false (default)
2024-02-27 07:52:41,676 [8e331bed-8646-4d1b-92f8-14089c74cd0e-groupManagement] INFO  server.RaftServerConfigKeys (ConfUtils.java:logGet(46)) - raft.server.log.statemachine.data.caching.enabled = true (custom)
2024-02-27 07:52:41,676 [8e331bed-8646-4d1b-92f8-14089c74cd0e-groupManagement] INFO  segmented.SegmentedRaftLogWorker (SegmentedRaftLogWorker.java:lambda$new$0(134)) - 8e331bed-8646-4d1b-92f8-14089c74cd0e@group-3D2B47BA0E35-SegmentedRaftLogWorker: flushIndex: setUnconditionally 0 -> -1
2024-02-27 07:52:41,676 [8e331bed-8646-4d1b-92f8-14089c74cd0e-groupManagement] INFO  segmented.SegmentedRaftLogWorker (SegmentedRaftLogWorker.java:lambda$new$0(134)) - 8e331bed-8646-4d1b-92f8-14089c74cd0e@group-3D2B47BA0E35-SegmentedRaftLogWorker: safeCacheEvictIndex: setUnconditionally 0 -> -1
2024-02-27 07:52:41,676 [8e331bed-8646-4d1b-92f8-14089c74cd0e-groupManagement] INFO  server.RaftServer$Division (RaftServerImpl.java:start(396)) - 8e331bed-8646-4d1b-92f8-14089c74cd0e@group-3D2B47BA0E35: start as a follower, conf=-1: peers:[f12618e3-137b-46a0-90dc-e366378777c0|10.1.0.19:15298, 02eae07c-ff18-478f-b1e9-376b0db68b83|10.1.0.19:15289, 8e331bed-8646-4d1b-92f8-14089c74cd0e|10.1.0.19:15280]|listeners:[], old=null
2024-02-27 07:52:41,676 [8e331bed-8646-4d1b-92f8-14089c74cd0e-groupManagement] INFO  server.RaftServer$Division (RaftServerImpl.java:setRole(383)) - 8e331bed-8646-4d1b-92f8-14089c74cd0e@group-3D2B47BA0E35: changes role from      null to FOLLOWER at term 0 for startAsFollower
2024-02-27 07:52:41,676 [8e331bed-8646-4d1b-92f8-14089c74cd0e-groupManagement] INFO  impl.RoleInfo (RoleInfo.java:updateAndGet(139)) - 8e331bed-8646-4d1b-92f8-14089c74cd0e: start 8e331bed-8646-4d1b-92f8-14089c74cd0e@group-3D2B47BA0E35-FollowerState
2024-02-27 07:52:41,676 [8e331bed-8646-4d1b-92f8-14089c74cd0e-groupManagement] INFO  util.JmxRegister (JmxRegister.java:tryRegister(44)) - Successfully registered JMX Bean with object name Ratis:service=RaftServer,group=group-3D2B47BA0E35,id=8e331bed-8646-4d1b-92f8-14089c74cd0e
2024-02-27 07:52:41,677 [8e331bed-8646-4d1b-92f8-14089c74cd0e-groupManagement] INFO  server.RaftServerConfigKeys (ConfUtils.java:logGet(46)) - raft.server.snapshot.trigger-when-stop.enabled = true (default)
2024-02-27 07:52:41,677 [8e331bed-8646-4d1b-92f8-14089c74cd0e-groupManagement] INFO  server.RaftServerConfigKeys (ConfUtils.java:logGet(46)) - raft.server.snapshot.auto.trigger.enabled = true (custom)
2024-02-27 07:52:41,677 [8e331bed-8646-4d1b-92f8-14089c74cd0e-groupManagement] INFO  server.RaftServerConfigKeys (ConfUtils.java:logGet(46)) - raft.server.snapshot.auto.trigger.threshold = 10000 (custom)
2024-02-27 07:52:41,677 [8e331bed-8646-4d1b-92f8-14089c74cd0e-groupManagement] INFO  server.RaftServerConfigKeys (ConfUtils.java:logGet(46)) - raft.server.snapshot.retention.file.num = 5 (custom)
2024-02-27 07:52:41,677 [8e331bed-8646-4d1b-92f8-14089c74cd0e-groupManagement] INFO  server.RaftServerConfigKeys (ConfUtils.java:logGet(46)) - raft.server.log.purge.upto.snapshot.index = false (default)
2024-02-27 07:52:41,677 [8e331bed-8646-4d1b-92f8-14089c74cd0e-PipelineCommandHandlerThread-0] INFO  ratis.XceiverServerRatis (XceiverServerRatis.java:addGroup(864)) - Created group PipelineID=3c043721-e1ca-410a-a19c-3d2b47ba0e35
2024-02-27 07:52:41,677 [8e331bed-8646-4d1b-92f8-14089c74cd0e@group-3D2B47BA0E35-FollowerState] INFO  server.RaftServerConfigKeys (ConfUtils.java:logFallback(53)) - raft.server.rpc.first-election.timeout.min = 5s (fallback to raft.server.rpc.timeout.min)
2024-02-27 07:52:41,677 [8e331bed-8646-4d1b-92f8-14089c74cd0e@group-3D2B47BA0E35-FollowerState] INFO  server.RaftServerConfigKeys (ConfUtils.java:logFallback(53)) - raft.server.rpc.first-election.timeout.max = 5200ms (fallback to raft.server.rpc.timeout.max)
2024-02-27 07:52:41,685 [grpc-default-executor-3] INFO  server.RaftServer (RaftServerProxy.java:addNew(100)) - 02eae07c-ff18-478f-b1e9-376b0db68b83: addNew group-3D2B47BA0E35:[f12618e3-137b-46a0-90dc-e366378777c0|10.1.0.19:15298, 02eae07c-ff18-478f-b1e9-376b0db68b83|10.1.0.19:15289, 8e331bed-8646-4d1b-92f8-14089c74cd0e|10.1.0.19:15280] returns group-3D2B47BA0E35:java.util.concurrent.CompletableFuture@77062934[Not completed]
2024-02-27 07:52:41,686 [02eae07c-ff18-478f-b1e9-376b0db68b83-groupManagement] INFO  server.RaftServer$Division (RaftServerImpl.java:<init>(256)) - 02eae07c-ff18-478f-b1e9-376b0db68b83: new RaftServerImpl for group-3D2B47BA0E35:[f12618e3-137b-46a0-90dc-e366378777c0|10.1.0.19:15298, 02eae07c-ff18-478f-b1e9-376b0db68b83|10.1.0.19:15289, 8e331bed-8646-4d1b-92f8-14089c74cd0e|10.1.0.19:15280] with ContainerStateMachine:uninitialized
2024-02-27 07:52:41,686 [02eae07c-ff18-478f-b1e9-376b0db68b83-groupManagement] INFO  server.RaftServerConfigKeys (ConfUtils.java:logGet(46)) - raft.server.rpc.timeout.min = 5s (custom)
2024-02-27 07:52:41,686 [02eae07c-ff18-478f-b1e9-376b0db68b83-groupManagement] INFO  server.RaftServerConfigKeys (ConfUtils.java:logGet(46)) - raft.server.rpc.timeout.max = 5200ms (custom)
2024-02-27 07:52:41,686 [02eae07c-ff18-478f-b1e9-376b0db68b83-groupManagement] INFO  server.RaftServerConfigKeys (ConfUtils.java:logGet(46)) - raft.server.rpc.sleep.time = 25ms (default)
2024-02-27 07:52:41,687 [02eae07c-ff18-478f-b1e9-376b0db68b83-groupManagement] INFO  server.RaftServerConfigKeys (ConfUtils.java:logGet(46)) - raft.server.rpc.slowness.timeout = 300s (custom)
2024-02-27 07:52:41,687 [02eae07c-ff18-478f-b1e9-376b0db68b83-groupManagement] INFO  server.RaftServerConfigKeys (ConfUtils.java:logGet(46)) - raft.server.leaderelection.leader.step-down.wait-time = 10s (default)
2024-02-27 07:52:41,687 [02eae07c-ff18-478f-b1e9-376b0db68b83-groupManagement] INFO  server.RaftServerConfigKeys (ConfUtils.java:logGet(46)) - raft.server.leaderelection.member.majority-add = false (default)
2024-02-27 07:52:41,687 [02eae07c-ff18-478f-b1e9-376b0db68b83-groupManagement] INFO  server.RaftServerConfigKeys (ConfUtils.java:logGet(46)) - raft.server.sleep.deviation.threshold = 300ms (default)
2024-02-27 07:52:41,687 [02eae07c-ff18-478f-b1e9-376b0db68b83-groupManagement] INFO  server.RaftServer$Division (ServerState.java:<init>(113)) - 02eae07c-ff18-478f-b1e9-376b0db68b83@group-3D2B47BA0E35: ConfigurationManager, init=-1: peers:[f12618e3-137b-46a0-90dc-e366378777c0|10.1.0.19:15298, 02eae07c-ff18-478f-b1e9-376b0db68b83|10.1.0.19:15289, 8e331bed-8646-4d1b-92f8-14089c74cd0e|10.1.0.19:15280]|listeners:[], old=null, confs=<EMPTY_MAP>
2024-02-27 07:52:41,687 [02eae07c-ff18-478f-b1e9-376b0db68b83-groupManagement] INFO  server.RaftServerConfigKeys (ConfUtils.java:logGet(46)) - raft.server.notification.no-leader.timeout = 300s (custom)
2024-02-27 07:52:41,687 [02eae07c-ff18-478f-b1e9-376b0db68b83-groupManagement] INFO  server.RaftServerConfigKeys (ConfUtils.java:logGet(46)) - raft.server.read.timeout = 10s (default)
2024-02-27 07:52:41,687 [02eae07c-ff18-478f-b1e9-376b0db68b83-groupManagement] INFO  server.RaftServerConfigKeys (ConfUtils.java:logGet(46)) - raft.server.retrycache.expirytime = 600000ms (custom)
2024-02-27 07:52:41,687 [02eae07c-ff18-478f-b1e9-376b0db68b83-groupManagement] INFO  server.RaftServerConfigKeys (ConfUtils.java:logGet(46)) - raft.server.retrycache.statistics.expirytime = 100ms (default)
2024-02-27 07:52:41,687 [02eae07c-ff18-478f-b1e9-376b0db68b83-groupManagement] INFO  server.RaftServerConfigKeys (ConfUtils.java:logGet(46)) - raft.server.read.option = DEFAULT (default)
2024-02-27 07:52:41,688 [02eae07c-ff18-478f-b1e9-376b0db68b83-groupManagement] INFO  server.RaftServerConfigKeys (ConfUtils.java:logGet(46)) - raft.server.read.read-after-write-consistent.write-index-cache.expiry-time = 60s (default)
2024-02-27 07:52:41,689 [02eae07c-ff18-478f-b1e9-376b0db68b83-groupManagement] INFO  server.RaftServerConfigKeys (ConfUtils.java:logGet(46)) - raft.server.rpc.request.timeout = 60s (custom)
2024-02-27 07:52:41,689 [02eae07c-ff18-478f-b1e9-376b0db68b83-groupManagement] INFO  server.RaftServerConfigKeys (ConfUtils.java:logGet(46)) - raft.server.log.appender.install.snapshot.enabled = false (custom)
2024-02-27 07:52:41,689 [02eae07c-ff18-478f-b1e9-376b0db68b83-groupManagement] INFO  server.RaftServerConfigKeys (ConfUtils.java:logGet(46)) - raft.server.threadpool.server.cached = true (default)
2024-02-27 07:52:41,689 [02eae07c-ff18-478f-b1e9-376b0db68b83-groupManagement] INFO  server.RaftServerConfigKeys (ConfUtils.java:logGet(46)) - raft.server.threadpool.server.size = 0 (default)
2024-02-27 07:52:41,689 [02eae07c-ff18-478f-b1e9-376b0db68b83-groupManagement] INFO  server.RaftServerConfigKeys (ConfUtils.java:logGet(46)) - raft.server.threadpool.client.cached = true (default)
2024-02-27 07:52:41,689 [02eae07c-ff18-478f-b1e9-376b0db68b83-groupManagement] INFO  server.RaftServerConfigKeys (ConfUtils.java:logGet(46)) - raft.server.threadpool.client.size = 0 (default)
2024-02-27 07:52:41,689 [02eae07c-ff18-478f-b1e9-376b0db68b83-groupManagement] INFO  server.RaftServerConfigKeys (ConfUtils.java:logGet(46)) - raft.server.storage.free-space.min = 0MB (=0) (default)
2024-02-27 07:52:41,689 [02eae07c-ff18-478f-b1e9-376b0db68b83-groupManagement] INFO  server.RaftServerConfigKeys (ConfUtils.java:logGet(46)) - raft.server.log.corruption.policy = EXCEPTION (default)
2024-02-27 07:52:41,689 [02eae07c-ff18-478f-b1e9-376b0db68b83-groupManagement] INFO  server.RaftServerConfigKeys (ConfUtils.java:logGet(46)) - raft.server.storage.dir = [/home/runner/work/ozone/ozone/hadoop-ozone/integration-test/target/test-dir/MiniOzoneClusterImpl-bc2c81e0-d964-4a8e-97ca-887e98ec88c8/ozone-meta/datanode-2/ratis] (custom)
2024-02-27 07:52:41,690 [02eae07c-ff18-478f-b1e9-376b0db68b83-groupManagement] INFO  storage.RaftStorageDirectory (RaftStorageDirectoryImpl.java:analyzeStorage(138)) - The storage directory /home/runner/work/ozone/ozone/hadoop-ozone/integration-test/target/test-dir/MiniOzoneClusterImpl-bc2c81e0-d964-4a8e-97ca-887e98ec88c8/ozone-meta/datanode-2/ratis/3c043721-e1ca-410a-a19c-3d2b47ba0e35 does not exist. Creating ...
2024-02-27 07:52:41,692 [02eae07c-ff18-478f-b1e9-376b0db68b83-groupManagement] INFO  storage.RaftStorageDirectory (RaftStorageDirectoryImpl.java:tryLock(228)) - Lock on /home/runner/work/ozone/ozone/hadoop-ozone/integration-test/target/test-dir/MiniOzoneClusterImpl-bc2c81e0-d964-4a8e-97ca-887e98ec88c8/ozone-meta/datanode-2/ratis/3c043721-e1ca-410a-a19c-3d2b47ba0e35/in_use.lock acquired by nodename 40924@fv-az699-61
2024-02-27 07:52:41,693 [02eae07c-ff18-478f-b1e9-376b0db68b83-groupManagement] INFO  storage.RaftStorage (RaftStorageImpl.java:format(99)) - Storage directory /home/runner/work/ozone/ozone/hadoop-ozone/integration-test/target/test-dir/MiniOzoneClusterImpl-bc2c81e0-d964-4a8e-97ca-887e98ec88c8/ozone-meta/datanode-2/ratis/3c043721-e1ca-410a-a19c-3d2b47ba0e35 has been successfully formatted.
2024-02-27 07:52:41,694 [02eae07c-ff18-478f-b1e9-376b0db68b83-groupManagement] WARN  util.FileUtils (LogUtils.java:supplyAndLog(63)) - Failed to Files.newInputStream /home/runner/work/ozone/ozone/hadoop-ozone/integration-test/target/test-dir/MiniOzoneClusterImpl-bc2c81e0-d964-4a8e-97ca-887e98ec88c8/ozone-meta/datanode-2/ratis/3c043721-e1ca-410a-a19c-3d2b47ba0e35/current/raft-meta.conf with options []: java.nio.file.NoSuchFileException: /home/runner/work/ozone/ozone/hadoop-ozone/integration-test/target/test-dir/MiniOzoneClusterImpl-bc2c81e0-d964-4a8e-97ca-887e98ec88c8/ozone-meta/datanode-2/ratis/3c043721-e1ca-410a-a19c-3d2b47ba0e35/current/raft-meta.conf
2024-02-27 07:52:41,697 [02eae07c-ff18-478f-b1e9-376b0db68b83-groupManagement] INFO  ratis.ContainerStateMachine (ContainerStateMachine.java:loadSnapshot(287)) - group-3D2B47BA0E35: The snapshot info is null. Setting the last applied index to:(t:0, i:~)
2024-02-27 07:52:41,697 [02eae07c-ff18-478f-b1e9-376b0db68b83-groupManagement] INFO  server.RaftServerConfigKeys (ConfUtils.java:logGet(46)) - raft.server.log.use.memory = false (default)
2024-02-27 07:52:41,697 [02eae07c-ff18-478f-b1e9-376b0db68b83-groupManagement] INFO  server.RaftServerConfigKeys (ConfUtils.java:logGet(46)) - raft.server.log.purge.gap = 1000000 (custom)
2024-02-27 07:52:41,698 [02eae07c-ff18-478f-b1e9-376b0db68b83-groupManagement] INFO  server.RaftServerConfigKeys (ConfUtils.java:logGet(46)) - raft.server.log.appender.buffer.byte-limit = 8388608 (custom)
2024-02-27 07:52:41,698 [02eae07c-ff18-478f-b1e9-376b0db68b83-groupManagement] INFO  server.RaftServerConfigKeys (ConfUtils.java:logGet(46)) - raft.server.log.statemachine.data.read.timeout = 1000ms (default)
2024-02-27 07:52:41,698 [02eae07c-ff18-478f-b1e9-376b0db68b83-groupManagement] INFO  server.RaftServerConfigKeys (ConfUtils.java:logGet(46)) - raft.server.log.purge.preservation.log.num = 0 (default)
2024-02-27 07:52:41,698 [02eae07c-ff18-478f-b1e9-376b0db68b83-groupManagement] INFO  server.RaftServerConfigKeys (ConfUtils.java:logGet(46)) - raft.server.log.segment.size.max = 67108864 (custom)
2024-02-27 07:52:41,699 [02eae07c-ff18-478f-b1e9-376b0db68b83-groupManagement] INFO  server.RaftServerConfigKeys (ConfUtils.java:logGet(46)) - raft.server.log.segment.cache.num.max = 2 (custom)
2024-02-27 07:52:41,699 [02eae07c-ff18-478f-b1e9-376b0db68b83-groupManagement] INFO  server.RaftServerConfigKeys (ConfUtils.java:logGet(46)) - raft.server.log.segment.cache.size.max = 200MB (=209715200) (default)
2024-02-27 07:52:41,699 [02eae07c-ff18-478f-b1e9-376b0db68b83-groupManagement] INFO  server.RaftServerConfigKeys (ConfUtils.java:logGet(46)) - raft.server.log.appender.buffer.byte-limit = 8388608 (custom)
2024-02-27 07:52:41,699 [02eae07c-ff18-478f-b1e9-376b0db68b83-groupManagement] INFO  util.AwaitToRun (AwaitToRun.java:start(81)) - Thread[02eae07c-ff18-478f-b1e9-376b0db68b83@group-3D2B47BA0E35-cacheEviction-AwaitToRun,5,main] started
2024-02-27 07:52:41,699 [02eae07c-ff18-478f-b1e9-376b0db68b83-groupManagement] INFO  segmented.SegmentedRaftLogWorker (SegmentedRaftLogWorker.java:<init>(182)) - new 02eae07c-ff18-478f-b1e9-376b0db68b83@group-3D2B47BA0E35-SegmentedRaftLogWorker for RaftStorageImpl:Storage Directory /home/runner/work/ozone/ozone/hadoop-ozone/integration-test/target/test-dir/MiniOzoneClusterImpl-bc2c81e0-d964-4a8e-97ca-887e98ec88c8/ozone-meta/datanode-2/ratis/3c043721-e1ca-410a-a19c-3d2b47ba0e35
2024-02-27 07:52:41,699 [02eae07c-ff18-478f-b1e9-376b0db68b83-groupManagement] INFO  server.RaftServerConfigKeys (ConfUtils.java:logGet(46)) - raft.server.log.queue.byte-limit = 4294967296 (custom)
2024-02-27 07:52:41,699 [02eae07c-ff18-478f-b1e9-376b0db68b83-groupManagement] INFO  server.RaftServerConfigKeys (ConfUtils.java:logGet(46)) - raft.server.log.queue.element-limit = 1024 (custom)
2024-02-27 07:52:41,699 [02eae07c-ff18-478f-b1e9-376b0db68b83-groupManagement] INFO  server.RaftServerConfigKeys (ConfUtils.java:logGet(46)) - raft.server.log.segment.size.max = 67108864 (custom)
2024-02-27 07:52:41,699 [02eae07c-ff18-478f-b1e9-376b0db68b83-groupManagement] INFO  server.RaftServerConfigKeys (ConfUtils.java:logGet(46)) - raft.server.log.preallocated.size = 4194304 (custom)
2024-02-27 07:52:41,699 [02eae07c-ff18-478f-b1e9-376b0db68b83-groupManagement] INFO  server.RaftServerConfigKeys (ConfUtils.java:logGet(46)) - raft.server.log.force.sync.num = 128 (default)
2024-02-27 07:52:41,699 [02eae07c-ff18-478f-b1e9-376b0db68b83-groupManagement] INFO  server.RaftServerConfigKeys (ConfUtils.java:logGet(46)) - raft.server.log.statemachine.data.sync = true (default)
2024-02-27 07:52:41,700 [02eae07c-ff18-478f-b1e9-376b0db68b83-groupManagement] INFO  server.RaftServerConfigKeys (ConfUtils.java:logGet(46)) - raft.server.log.statemachine.data.sync.timeout = 10s (default)
2024-02-27 07:52:41,700 [02eae07c-ff18-478f-b1e9-376b0db68b83-groupManagement] INFO  server.RaftServerConfigKeys (ConfUtils.java:logGet(46)) - raft.server.log.statemachine.data.sync.timeout.retry = 0 (custom)
2024-02-27 07:52:41,700 [02eae07c-ff18-478f-b1e9-376b0db68b83-groupManagement] INFO  server.RaftServerConfigKeys (ConfUtils.java:logGet(46)) - raft.server.log.write.buffer.size = 8388616 (custom)
2024-02-27 07:52:41,701 [02eae07c-ff18-478f-b1e9-376b0db68b83-groupManagement] INFO  server.RaftServerConfigKeys (ConfUtils.java:logGet(46)) - raft.server.log.appender.buffer.byte-limit = 8388608 (custom)
2024-02-27 07:52:41,701 [02eae07c-ff18-478f-b1e9-376b0db68b83-groupManagement] INFO  server.RaftServerConfigKeys (ConfUtils.java:logGet(46)) - raft.server.log.unsafe-flush.enabled = false (default)
2024-02-27 07:52:41,701 [02eae07c-ff18-478f-b1e9-376b0db68b83-groupManagement] INFO  server.RaftServerConfigKeys (ConfUtils.java:logGet(46)) - raft.server.log.async-flush.enabled = false (default)
2024-02-27 07:52:41,701 [02eae07c-ff18-478f-b1e9-376b0db68b83-groupManagement] INFO  server.RaftServerConfigKeys (ConfUtils.java:logGet(46)) - raft.server.log.statemachine.data.caching.enabled = true (custom)
2024-02-27 07:52:41,702 [02eae07c-ff18-478f-b1e9-376b0db68b83-groupManagement] INFO  segmented.SegmentedRaftLogWorker (SegmentedRaftLogWorker.java:lambda$new$0(134)) - 02eae07c-ff18-478f-b1e9-376b0db68b83@group-3D2B47BA0E35-SegmentedRaftLogWorker: flushIndex: setUnconditionally 0 -> -1
2024-02-27 07:52:41,702 [02eae07c-ff18-478f-b1e9-376b0db68b83-groupManagement] INFO  segmented.SegmentedRaftLogWorker (SegmentedRaftLogWorker.java:lambda$new$0(134)) - 02eae07c-ff18-478f-b1e9-376b0db68b83@group-3D2B47BA0E35-SegmentedRaftLogWorker: safeCacheEvictIndex: setUnconditionally 0 -> -1
2024-02-27 07:52:41,702 [02eae07c-ff18-478f-b1e9-376b0db68b83-groupManagement] INFO  server.RaftServer$Division (RaftServerImpl.java:start(396)) - 02eae07c-ff18-478f-b1e9-376b0db68b83@group-3D2B47BA0E35: start as a follower, conf=-1: peers:[f12618e3-137b-46a0-90dc-e366378777c0|10.1.0.19:15298, 02eae07c-ff18-478f-b1e9-376b0db68b83|10.1.0.19:15289, 8e331bed-8646-4d1b-92f8-14089c74cd0e|10.1.0.19:15280]|listeners:[], old=null
2024-02-27 07:52:41,702 [02eae07c-ff18-478f-b1e9-376b0db68b83-groupManagement] INFO  server.RaftServer$Division (RaftServerImpl.java:setRole(383)) - 02eae07c-ff18-478f-b1e9-376b0db68b83@group-3D2B47BA0E35: changes role from      null to FOLLOWER at term 0 for startAsFollower
2024-02-27 07:52:41,702 [02eae07c-ff18-478f-b1e9-376b0db68b83-groupManagement] INFO  impl.RoleInfo (RoleInfo.java:updateAndGet(139)) - 02eae07c-ff18-478f-b1e9-376b0db68b83: start 02eae07c-ff18-478f-b1e9-376b0db68b83@group-3D2B47BA0E35-FollowerState
2024-02-27 07:52:41,702 [02eae07c-ff18-478f-b1e9-376b0db68b83@group-3D2B47BA0E35-FollowerState] INFO  server.RaftServerConfigKeys (ConfUtils.java:logFallback(53)) - raft.server.rpc.first-election.timeout.min = 5s (fallback to raft.server.rpc.timeout.min)
2024-02-27 07:52:41,702 [02eae07c-ff18-478f-b1e9-376b0db68b83-groupManagement] INFO  util.JmxRegister (JmxRegister.java:tryRegister(44)) - Successfully registered JMX Bean with object name Ratis:service=RaftServer,group=group-3D2B47BA0E35,id=02eae07c-ff18-478f-b1e9-376b0db68b83
2024-02-27 07:52:41,702 [02eae07c-ff18-478f-b1e9-376b0db68b83@group-3D2B47BA0E35-FollowerState] INFO  server.RaftServerConfigKeys (ConfUtils.java:logFallback(53)) - raft.server.rpc.first-election.timeout.max = 5200ms (fallback to raft.server.rpc.timeout.max)
2024-02-27 07:52:41,702 [02eae07c-ff18-478f-b1e9-376b0db68b83-groupManagement] INFO  server.RaftServerConfigKeys (ConfUtils.java:logGet(46)) - raft.server.snapshot.trigger-when-stop.enabled = true (default)
2024-02-27 07:52:41,702 [02eae07c-ff18-478f-b1e9-376b0db68b83-groupManagement] INFO  server.RaftServerConfigKeys (ConfUtils.java:logGet(46)) - raft.server.snapshot.auto.trigger.enabled = true (custom)
2024-02-27 07:52:41,703 [02eae07c-ff18-478f-b1e9-376b0db68b83-groupManagement] INFO  server.RaftServerConfigKeys (ConfUtils.java:logGet(46)) - raft.server.snapshot.auto.trigger.threshold = 10000 (custom)
2024-02-27 07:52:41,703 [02eae07c-ff18-478f-b1e9-376b0db68b83-groupManagement] INFO  server.RaftServerConfigKeys (ConfUtils.java:logGet(46)) - raft.server.snapshot.retention.file.num = 5 (custom)
2024-02-27 07:52:41,703 [02eae07c-ff18-478f-b1e9-376b0db68b83-groupManagement] INFO  server.RaftServerConfigKeys (ConfUtils.java:logGet(46)) - raft.server.log.purge.upto.snapshot.index = false (default)
2024-02-27 07:52:41,710 [grpc-default-executor-3] INFO  server.RaftServer (RaftServerProxy.java:addNew(100)) - f12618e3-137b-46a0-90dc-e366378777c0: addNew group-3D2B47BA0E35:[f12618e3-137b-46a0-90dc-e366378777c0|10.1.0.19:15298, 02eae07c-ff18-478f-b1e9-376b0db68b83|10.1.0.19:15289, 8e331bed-8646-4d1b-92f8-14089c74cd0e|10.1.0.19:15280] returns group-3D2B47BA0E35:java.util.concurrent.CompletableFuture@661ca8dc[Not completed]
2024-02-27 07:52:41,711 [f12618e3-137b-46a0-90dc-e366378777c0-groupManagement] INFO  server.RaftServer$Division (RaftServerImpl.java:<init>(256)) - f12618e3-137b-46a0-90dc-e366378777c0: new RaftServerImpl for group-3D2B47BA0E35:[f12618e3-137b-46a0-90dc-e366378777c0|10.1.0.19:15298, 02eae07c-ff18-478f-b1e9-376b0db68b83|10.1.0.19:15289, 8e331bed-8646-4d1b-92f8-14089c74cd0e|10.1.0.19:15280] with ContainerStateMachine:uninitialized
2024-02-27 07:52:41,711 [f12618e3-137b-46a0-90dc-e366378777c0-groupManagement] INFO  server.RaftServerConfigKeys (ConfUtils.java:logGet(46)) - raft.server.rpc.timeout.min = 5s (custom)
2024-02-27 07:52:41,711 [f12618e3-137b-46a0-90dc-e366378777c0-groupManagement] INFO  server.RaftServerConfigKeys (ConfUtils.java:logGet(46)) - raft.server.rpc.timeout.max = 5200ms (custom)
2024-02-27 07:52:41,711 [f12618e3-137b-46a0-90dc-e366378777c0-groupManagement] INFO  server.RaftServerConfigKeys (ConfUtils.java:logGet(46)) - raft.server.rpc.sleep.time = 25ms (default)
2024-02-27 07:52:41,711 [f12618e3-137b-46a0-90dc-e366378777c0-groupManagement] INFO  server.RaftServerConfigKeys (ConfUtils.java:logGet(46)) - raft.server.rpc.slowness.timeout = 300s (custom)
2024-02-27 07:52:41,711 [f12618e3-137b-46a0-90dc-e366378777c0-groupManagement] INFO  server.RaftServerConfigKeys (ConfUtils.java:logGet(46)) - raft.server.leaderelection.leader.step-down.wait-time = 10s (default)
2024-02-27 07:52:41,712 [f12618e3-137b-46a0-90dc-e366378777c0-groupManagement] INFO  server.RaftServerConfigKeys (ConfUtils.java:logGet(46)) - raft.server.leaderelection.member.majority-add = false (default)
2024-02-27 07:52:41,712 [f12618e3-137b-46a0-90dc-e366378777c0-groupManagement] INFO  server.RaftServerConfigKeys (ConfUtils.java:logGet(46)) - raft.server.sleep.deviation.threshold = 300ms (default)
2024-02-27 07:52:41,712 [f12618e3-137b-46a0-90dc-e366378777c0-groupManagement] INFO  server.RaftServer$Division (ServerState.java:<init>(113)) - f12618e3-137b-46a0-90dc-e366378777c0@group-3D2B47BA0E35: ConfigurationManager, init=-1: peers:[f12618e3-137b-46a0-90dc-e366378777c0|10.1.0.19:15298, 02eae07c-ff18-478f-b1e9-376b0db68b83|10.1.0.19:15289, 8e331bed-8646-4d1b-92f8-14089c74cd0e|10.1.0.19:15280]|listeners:[], old=null, confs=<EMPTY_MAP>
2024-02-27 07:52:41,712 [f12618e3-137b-46a0-90dc-e366378777c0-groupManagement] INFO  server.RaftServerConfigKeys (ConfUtils.java:logGet(46)) - raft.server.notification.no-leader.timeout = 300s (custom)
2024-02-27 07:52:41,712 [f12618e3-137b-46a0-90dc-e366378777c0-groupManagement] INFO  server.RaftServerConfigKeys (ConfUtils.java:logGet(46)) - raft.server.read.timeout = 10s (default)
2024-02-27 07:52:41,712 [f12618e3-137b-46a0-90dc-e366378777c0-groupManagement] INFO  server.RaftServerConfigKeys (ConfUtils.java:logGet(46)) - raft.server.retrycache.expirytime = 600000ms (custom)
2024-02-27 07:52:41,712 [f12618e3-137b-46a0-90dc-e366378777c0-groupManagement] INFO  server.RaftServerConfigKeys (ConfUtils.java:logGet(46)) - raft.server.retrycache.statistics.expirytime = 100ms (default)
2024-02-27 07:52:41,712 [f12618e3-137b-46a0-90dc-e366378777c0-groupManagement] INFO  server.RaftServerConfigKeys (ConfUtils.java:logGet(46)) - raft.server.read.option = DEFAULT (default)
2024-02-27 07:52:41,712 [f12618e3-137b-46a0-90dc-e366378777c0-groupManagement] INFO  server.RaftServerConfigKeys (ConfUtils.java:logGet(46)) - raft.server.read.read-after-write-consistent.write-index-cache.expiry-time = 60s (default)
2024-02-27 07:52:41,713 [f12618e3-137b-46a0-90dc-e366378777c0-groupManagement] INFO  server.RaftServerConfigKeys (ConfUtils.java:logGet(46)) - raft.server.rpc.request.timeout = 60s (custom)
2024-02-27 07:52:41,714 [f12618e3-137b-46a0-90dc-e366378777c0-groupManagement] INFO  server.RaftServerConfigKeys (ConfUtils.java:logGet(46)) - raft.server.log.appender.install.snapshot.enabled = false (custom)
2024-02-27 07:52:41,714 [f12618e3-137b-46a0-90dc-e366378777c0-groupManagement] INFO  server.RaftServerConfigKeys (ConfUtils.java:logGet(46)) - raft.server.threadpool.server.cached = true (default)
2024-02-27 07:52:41,714 [f12618e3-137b-46a0-90dc-e366378777c0-groupManagement] INFO  server.RaftServerConfigKeys (ConfUtils.java:logGet(46)) - raft.server.threadpool.server.size = 0 (default)
2024-02-27 07:52:41,714 [f12618e3-137b-46a0-90dc-e366378777c0-groupManagement] INFO  server.RaftServerConfigKeys (ConfUtils.java:logGet(46)) - raft.server.threadpool.client.cached = true (default)
2024-02-27 07:52:41,714 [f12618e3-137b-46a0-90dc-e366378777c0-groupManagement] INFO  server.RaftServerConfigKeys (ConfUtils.java:logGet(46)) - raft.server.threadpool.client.size = 0 (default)
2024-02-27 07:52:41,714 [f12618e3-137b-46a0-90dc-e366378777c0-groupManagement] INFO  server.RaftServerConfigKeys (ConfUtils.java:logGet(46)) - raft.server.storage.free-space.min = 0MB (=0) (default)
2024-02-27 07:52:41,714 [f12618e3-137b-46a0-90dc-e366378777c0-groupManagement] INFO  server.RaftServerConfigKeys (ConfUtils.java:logGet(46)) - raft.server.log.corruption.policy = EXCEPTION (default)
2024-02-27 07:52:41,714 [f12618e3-137b-46a0-90dc-e366378777c0-groupManagement] INFO  server.RaftServerConfigKeys (ConfUtils.java:logGet(46)) - raft.server.storage.dir = [/home/runner/work/ozone/ozone/hadoop-ozone/integration-test/target/test-dir/MiniOzoneClusterImpl-bc2c81e0-d964-4a8e-97ca-887e98ec88c8/ozone-meta/datanode-3/ratis] (custom)
2024-02-27 07:52:41,714 [f12618e3-137b-46a0-90dc-e366378777c0-groupManagement] INFO  storage.RaftStorageDirectory (RaftStorageDirectoryImpl.java:analyzeStorage(138)) - The storage directory /home/runner/work/ozone/ozone/hadoop-ozone/integration-test/target/test-dir/MiniOzoneClusterImpl-bc2c81e0-d964-4a8e-97ca-887e98ec88c8/ozone-meta/datanode-3/ratis/3c043721-e1ca-410a-a19c-3d2b47ba0e35 does not exist. Creating ...
2024-02-27 07:52:41,715 [f12618e3-137b-46a0-90dc-e366378777c0-groupManagement] INFO  storage.RaftStorageDirectory (RaftStorageDirectoryImpl.java:tryLock(228)) - Lock on /home/runner/work/ozone/ozone/hadoop-ozone/integration-test/target/test-dir/MiniOzoneClusterImpl-bc2c81e0-d964-4a8e-97ca-887e98ec88c8/ozone-meta/datanode-3/ratis/3c043721-e1ca-410a-a19c-3d2b47ba0e35/in_use.lock acquired by nodename 40924@fv-az699-61
2024-02-27 07:52:41,716 [f12618e3-137b-46a0-90dc-e366378777c0-groupManagement] INFO  storage.RaftStorage (RaftStorageImpl.java:format(99)) - Storage directory /home/runner/work/ozone/ozone/hadoop-ozone/integration-test/target/test-dir/MiniOzoneClusterImpl-bc2c81e0-d964-4a8e-97ca-887e98ec88c8/ozone-meta/datanode-3/ratis/3c043721-e1ca-410a-a19c-3d2b47ba0e35 has been successfully formatted.
2024-02-27 07:52:41,716 [f12618e3-137b-46a0-90dc-e366378777c0-groupManagement] WARN  util.FileUtils (LogUtils.java:supplyAndLog(63)) - Failed to Files.newInputStream /home/runner/work/ozone/ozone/hadoop-ozone/integration-test/target/test-dir/MiniOzoneClusterImpl-bc2c81e0-d964-4a8e-97ca-887e98ec88c8/ozone-meta/datanode-3/ratis/3c043721-e1ca-410a-a19c-3d2b47ba0e35/current/raft-meta.conf with options []: java.nio.file.NoSuchFileException: /home/runner/work/ozone/ozone/hadoop-ozone/integration-test/target/test-dir/MiniOzoneClusterImpl-bc2c81e0-d964-4a8e-97ca-887e98ec88c8/ozone-meta/datanode-3/ratis/3c043721-e1ca-410a-a19c-3d2b47ba0e35/current/raft-meta.conf
2024-02-27 07:52:41,717 [f12618e3-137b-46a0-90dc-e366378777c0-groupManagement] INFO  ratis.ContainerStateMachine (ContainerStateMachine.java:loadSnapshot(287)) - group-3D2B47BA0E35: The snapshot info is null. Setting the last applied index to:(t:0, i:~)
2024-02-27 07:52:41,718 [f12618e3-137b-46a0-90dc-e366378777c0-groupManagement] INFO  server.RaftServerConfigKeys (ConfUtils.java:logGet(46)) - raft.server.log.use.memory = false (default)
2024-02-27 07:52:41,718 [f12618e3-137b-46a0-90dc-e366378777c0-groupManagement] INFO  server.RaftServerConfigKeys (ConfUtils.java:logGet(46)) - raft.server.log.purge.gap = 1000000 (custom)
2024-02-27 07:52:41,718 [f12618e3-137b-46a0-90dc-e366378777c0-groupManagement] INFO  server.RaftServerConfigKeys (ConfUtils.java:logGet(46)) - raft.server.log.appender.buffer.byte-limit = 8388608 (custom)
2024-02-27 07:52:41,718 [f12618e3-137b-46a0-90dc-e366378777c0-groupManagement] INFO  server.RaftServerConfigKeys (ConfUtils.java:logGet(46)) - raft.server.log.statemachine.data.read.timeout = 1000ms (default)
2024-02-27 07:52:41,718 [f12618e3-137b-46a0-90dc-e366378777c0-groupManagement] INFO  server.RaftServerConfigKeys (ConfUtils.java:logGet(46)) - raft.server.log.purge.preservation.log.num = 0 (default)
2024-02-27 07:52:41,719 [f12618e3-137b-46a0-90dc-e366378777c0-groupManagement] INFO  server.RaftServerConfigKeys (ConfUtils.java:logGet(46)) - raft.server.log.segment.size.max = 67108864 (custom)
2024-02-27 07:52:41,719 [f12618e3-137b-46a0-90dc-e366378777c0-groupManagement] INFO  server.RaftServerConfigKeys (ConfUtils.java:logGet(46)) - raft.server.log.segment.cache.num.max = 2 (custom)
2024-02-27 07:52:41,719 [f12618e3-137b-46a0-90dc-e366378777c0-groupManagement] INFO  server.RaftServerConfigKeys (ConfUtils.java:logGet(46)) - raft.server.log.segment.cache.size.max = 200MB (=209715200) (default)
2024-02-27 07:52:41,719 [f12618e3-137b-46a0-90dc-e366378777c0-groupManagement] INFO  server.RaftServerConfigKeys (ConfUtils.java:logGet(46)) - raft.server.log.appender.buffer.byte-limit = 8388608 (custom)
2024-02-27 07:52:41,719 [f12618e3-137b-46a0-90dc-e366378777c0-groupManagement] INFO  util.AwaitToRun (AwaitToRun.java:start(81)) - Thread[f12618e3-137b-46a0-90dc-e366378777c0@group-3D2B47BA0E35-cacheEviction-AwaitToRun,5,main] started
2024-02-27 07:52:41,720 [f12618e3-137b-46a0-90dc-e366378777c0-groupManagement] INFO  segmented.SegmentedRaftLogWorker (SegmentedRaftLogWorker.java:<init>(182)) - new f12618e3-137b-46a0-90dc-e366378777c0@group-3D2B47BA0E35-SegmentedRaftLogWorker for RaftStorageImpl:Storage Directory /home/runner/work/ozone/ozone/hadoop-ozone/integration-test/target/test-dir/MiniOzoneClusterImpl-bc2c81e0-d964-4a8e-97ca-887e98ec88c8/ozone-meta/datanode-3/ratis/3c043721-e1ca-410a-a19c-3d2b47ba0e35
2024-02-27 07:52:41,720 [f12618e3-137b-46a0-90dc-e366378777c0-groupManagement] INFO  server.RaftServerConfigKeys (ConfUtils.java:logGet(46)) - raft.server.log.queue.byte-limit = 4294967296 (custom)
2024-02-27 07:52:41,720 [f12618e3-137b-46a0-90dc-e366378777c0-groupManagement] INFO  server.RaftServerConfigKeys (ConfUtils.java:logGet(46)) - raft.server.log.queue.element-limit = 1024 (custom)
2024-02-27 07:52:41,720 [f12618e3-137b-46a0-90dc-e366378777c0-groupManagement] INFO  server.RaftServerConfigKeys (ConfUtils.java:logGet(46)) - raft.server.log.segment.size.max = 67108864 (custom)
2024-02-27 07:52:41,720 [f12618e3-137b-46a0-90dc-e366378777c0-groupManagement] INFO  server.RaftServerConfigKeys (ConfUtils.java:logGet(46)) - raft.server.log.preallocated.size = 4194304 (custom)
2024-02-27 07:52:41,720 [f12618e3-137b-46a0-90dc-e366378777c0-groupManagement] INFO  server.RaftServerConfigKeys (ConfUtils.java:logGet(46)) - raft.server.log.force.sync.num = 128 (default)
2024-02-27 07:52:41,720 [f12618e3-137b-46a0-90dc-e366378777c0-groupManagement] INFO  server.RaftServerConfigKeys (ConfUtils.java:logGet(46)) - raft.server.log.statemachine.data.sync = true (default)
2024-02-27 07:52:41,720 [f12618e3-137b-46a0-90dc-e366378777c0-groupManagement] INFO  server.RaftServerConfigKeys (ConfUtils.java:logGet(46)) - raft.server.log.statemachine.data.sync.timeout = 10s (default)
2024-02-27 07:52:41,720 [f12618e3-137b-46a0-90dc-e366378777c0-groupManagement] INFO  server.RaftServerConfigKeys (ConfUtils.java:logGet(46)) - raft.server.log.statemachine.data.sync.timeout.retry = 0 (custom)
2024-02-27 07:52:41,720 [f12618e3-137b-46a0-90dc-e366378777c0-groupManagement] INFO  server.RaftServerConfigKeys (ConfUtils.java:logGet(46)) - raft.server.log.write.buffer.size = 8388616 (custom)
2024-02-27 07:52:41,721 [f12618e3-137b-46a0-90dc-e366378777c0-groupManagement] INFO  server.RaftServerConfigKeys (ConfUtils.java:logGet(46)) - raft.server.log.appender.buffer.byte-limit = 8388608 (custom)
2024-02-27 07:52:41,722 [f12618e3-137b-46a0-90dc-e366378777c0-groupManagement] INFO  server.RaftServerConfigKeys (ConfUtils.java:logGet(46)) - raft.server.log.unsafe-flush.enabled = false (default)
2024-02-27 07:52:41,722 [f12618e3-137b-46a0-90dc-e366378777c0-groupManagement] INFO  server.RaftServerConfigKeys (ConfUtils.java:logGet(46)) - raft.server.log.async-flush.enabled = false (default)
2024-02-27 07:52:41,722 [f12618e3-137b-46a0-90dc-e366378777c0-groupManagement] INFO  server.RaftServerConfigKeys (ConfUtils.java:logGet(46)) - raft.server.log.statemachine.data.caching.enabled = true (custom)
2024-02-27 07:52:41,722 [f12618e3-137b-46a0-90dc-e366378777c0-groupManagement] INFO  segmented.SegmentedRaftLogWorker (SegmentedRaftLogWorker.java:lambda$new$0(134)) - f12618e3-137b-46a0-90dc-e366378777c0@group-3D2B47BA0E35-SegmentedRaftLogWorker: flushIndex: setUnconditionally 0 -> -1
2024-02-27 07:52:41,722 [f12618e3-137b-46a0-90dc-e366378777c0-groupManagement] INFO  segmented.SegmentedRaftLogWorker (SegmentedRaftLogWorker.java:lambda$new$0(134)) - f12618e3-137b-46a0-90dc-e366378777c0@group-3D2B47BA0E35-SegmentedRaftLogWorker: safeCacheEvictIndex: setUnconditionally 0 -> -1
2024-02-27 07:52:41,722 [f12618e3-137b-46a0-90dc-e366378777c0-groupManagement] INFO  server.RaftServer$Division (RaftServerImpl.java:start(396)) - f12618e3-137b-46a0-90dc-e366378777c0@group-3D2B47BA0E35: start as a follower, conf=-1: peers:[f12618e3-137b-46a0-90dc-e366378777c0|10.1.0.19:15298, 02eae07c-ff18-478f-b1e9-376b0db68b83|10.1.0.19:15289, 8e331bed-8646-4d1b-92f8-14089c74cd0e|10.1.0.19:15280]|listeners:[], old=null
2024-02-27 07:52:41,722 [f12618e3-137b-46a0-90dc-e366378777c0-groupManagement] INFO  server.RaftServer$Division (RaftServerImpl.java:setRole(383)) - f12618e3-137b-46a0-90dc-e366378777c0@group-3D2B47BA0E35: changes role from      null to FOLLOWER at term 0 for startAsFollower
2024-02-27 07:52:41,722 [f12618e3-137b-46a0-90dc-e366378777c0-groupManagement] INFO  impl.RoleInfo (RoleInfo.java:updateAndGet(139)) - f12618e3-137b-46a0-90dc-e366378777c0: start f12618e3-137b-46a0-90dc-e366378777c0@group-3D2B47BA0E35-FollowerState
2024-02-27 07:52:41,722 [f12618e3-137b-46a0-90dc-e366378777c0@group-3D2B47BA0E35-FollowerState] INFO  server.RaftServerConfigKeys (ConfUtils.java:logFallback(53)) - raft.server.rpc.first-election.timeout.min = 5s (fallback to raft.server.rpc.timeout.min)
2024-02-27 07:52:41,722 [f12618e3-137b-46a0-90dc-e366378777c0-groupManagement] INFO  util.JmxRegister (JmxRegister.java:tryRegister(44)) - Successfully registered JMX Bean with object name Ratis:service=RaftServer,group=group-3D2B47BA0E35,id=f12618e3-137b-46a0-90dc-e366378777c0
2024-02-27 07:52:41,723 [f12618e3-137b-46a0-90dc-e366378777c0@group-3D2B47BA0E35-FollowerState] INFO  server.RaftServerConfigKeys (ConfUtils.java:logFallback(53)) - raft.server.rpc.first-election.timeout.max = 5200ms (fallback to raft.server.rpc.timeout.max)
2024-02-27 07:52:41,723 [f12618e3-137b-46a0-90dc-e366378777c0-groupManagement] INFO  server.RaftServerConfigKeys (ConfUtils.java:logGet(46)) - raft.server.snapshot.trigger-when-stop.enabled = true (default)
2024-02-27 07:52:41,723 [f12618e3-137b-46a0-90dc-e366378777c0-groupManagement] INFO  server.RaftServerConfigKeys (ConfUtils.java:logGet(46)) - raft.server.snapshot.auto.trigger.enabled = true (custom)
2024-02-27 07:52:41,723 [f12618e3-137b-46a0-90dc-e366378777c0-groupManagement] INFO  server.RaftServerConfigKeys (ConfUtils.java:logGet(46)) - raft.server.snapshot.auto.trigger.threshold = 10000 (custom)
2024-02-27 07:52:41,723 [f12618e3-137b-46a0-90dc-e366378777c0-groupManagement] INFO  server.RaftServerConfigKeys (ConfUtils.java:logGet(46)) - raft.server.snapshot.retention.file.num = 5 (custom)
2024-02-27 07:52:41,723 [f12618e3-137b-46a0-90dc-e366378777c0-groupManagement] INFO  server.RaftServerConfigKeys (ConfUtils.java:logGet(46)) - raft.server.log.purge.upto.snapshot.index = false (default)
2024-02-27 07:52:41,725 [8e331bed-8646-4d1b-92f8-14089c74cd0e-PipelineCommandHandlerThread-0] INFO  commandhandler.CreatePipelineCommandHandler (CreatePipelineCommandHandler.java:lambda$handle$2(124)) - Created Pipeline RATIS THREE PipelineID=3c043721-e1ca-410a-a19c-3d2b47ba0e35.
2024-02-27 07:52:41,726 [8e331bed-8646-4d1b-92f8-14089c74cd0e-PipelineCommandHandlerThread-0] INFO  server.RaftServer (RaftServerProxy.java:addNew(100)) - 8e331bed-8646-4d1b-92f8-14089c74cd0e: addNew group-310941231D46:[f12618e3-137b-46a0-90dc-e366378777c0|10.1.0.19:15298, 02eae07c-ff18-478f-b1e9-376b0db68b83|10.1.0.19:15289, 8e331bed-8646-4d1b-92f8-14089c74cd0e|10.1.0.19:15280] returns group-310941231D46:java.util.concurrent.CompletableFuture@7e8b8e6[Not completed]
2024-02-27 07:52:41,726 [8e331bed-8646-4d1b-92f8-14089c74cd0e-groupManagement] INFO  server.RaftServer$Division (RaftServerImpl.java:<init>(256)) - 8e331bed-8646-4d1b-92f8-14089c74cd0e: new RaftServerImpl for group-310941231D46:[f12618e3-137b-46a0-90dc-e366378777c0|10.1.0.19:15298, 02eae07c-ff18-478f-b1e9-376b0db68b83|10.1.0.19:15289, 8e331bed-8646-4d1b-92f8-14089c74cd0e|10.1.0.19:15280] with ContainerStateMachine:uninitialized
2024-02-27 07:52:41,726 [8e331bed-8646-4d1b-92f8-14089c74cd0e-groupManagement] INFO  server.RaftServerConfigKeys (ConfUtils.java:logGet(46)) - raft.server.rpc.timeout.min = 5s (custom)
2024-02-27 07:52:41,726 [8e331bed-8646-4d1b-92f8-14089c74cd0e-groupManagement] INFO  server.RaftServerConfigKeys (ConfUtils.java:logGet(46)) - raft.server.rpc.timeout.max = 5200ms (custom)
2024-02-27 07:52:41,726 [8e331bed-8646-4d1b-92f8-14089c74cd0e-groupManagement] INFO  server.RaftServerConfigKeys (ConfUtils.java:logGet(46)) - raft.server.rpc.sleep.time = 25ms (default)
2024-02-27 07:52:41,726 [8e331bed-8646-4d1b-92f8-14089c74cd0e-groupManagement] INFO  server.RaftServerConfigKeys (ConfUtils.java:logGet(46)) - raft.server.rpc.slowness.timeout = 300s (custom)
2024-02-27 07:52:41,726 [8e331bed-8646-4d1b-92f8-14089c74cd0e-groupManagement] INFO  server.RaftServerConfigKeys (ConfUtils.java:logGet(46)) - raft.server.leaderelection.leader.step-down.wait-time = 10s (default)
2024-02-27 07:52:41,726 [8e331bed-8646-4d1b-92f8-14089c74cd0e-groupManagement] INFO  server.RaftServerConfigKeys (ConfUtils.java:logGet(46)) - raft.server.leaderelection.member.majority-add = false (default)
2024-02-27 07:52:41,726 [8e331bed-8646-4d1b-92f8-14089c74cd0e-groupManagement] INFO  server.RaftServerConfigKeys (ConfUtils.java:logGet(46)) - raft.server.sleep.deviation.threshold = 300ms (default)
2024-02-27 07:52:41,726 [8e331bed-8646-4d1b-92f8-14089c74cd0e-groupManagement] INFO  server.RaftServer$Division (ServerState.java:<init>(113)) - 8e331bed-8646-4d1b-92f8-14089c74cd0e@group-310941231D46: ConfigurationManager, init=-1: peers:[f12618e3-137b-46a0-90dc-e366378777c0|10.1.0.19:15298, 02eae07c-ff18-478f-b1e9-376b0db68b83|10.1.0.19:15289, 8e331bed-8646-4d1b-92f8-14089c74cd0e|10.1.0.19:15280]|listeners:[], old=null, confs=<EMPTY_MAP>
2024-02-27 07:52:41,726 [8e331bed-8646-4d1b-92f8-14089c74cd0e-groupManagement] INFO  server.RaftServerConfigKeys (ConfUtils.java:logGet(46)) - raft.server.notification.no-leader.timeout = 300s (custom)
2024-02-27 07:52:41,726 [8e331bed-8646-4d1b-92f8-14089c74cd0e-groupManagement] INFO  server.RaftServerConfigKeys (ConfUtils.java:logGet(46)) - raft.server.read.timeout = 10s (default)
2024-02-27 07:52:41,726 [8e331bed-8646-4d1b-92f8-14089c74cd0e-groupManagement] INFO  server.RaftServerConfigKeys (ConfUtils.java:logGet(46)) - raft.server.retrycache.expirytime = 600000ms (custom)
2024-02-27 07:52:41,727 [8e331bed-8646-4d1b-92f8-14089c74cd0e-groupManagement] INFO  server.RaftServerConfigKeys (ConfUtils.java:logGet(46)) - raft.server.retrycache.statistics.expirytime = 100ms (default)
2024-02-27 07:52:41,727 [8e331bed-8646-4d1b-92f8-14089c74cd0e-groupManagement] INFO  server.RaftServerConfigKeys (ConfUtils.java:logGet(46)) - raft.server.read.option = DEFAULT (default)
2024-02-27 07:52:41,727 [8e331bed-8646-4d1b-92f8-14089c74cd0e-groupManagement] INFO  server.RaftServerConfigKeys (ConfUtils.java:logGet(46)) - raft.server.read.read-after-write-consistent.write-index-cache.expiry-time = 60s (default)
2024-02-27 07:52:41,727 [8e331bed-8646-4d1b-92f8-14089c74cd0e-groupManagement] INFO  server.RaftServerConfigKeys (ConfUtils.java:logGet(46)) - raft.server.rpc.request.timeout = 60s (custom)
2024-02-27 07:52:41,728 [8e331bed-8646-4d1b-92f8-14089c74cd0e-groupManagement] INFO  server.RaftServerConfigKeys (ConfUtils.java:logGet(46)) - raft.server.log.appender.install.snapshot.enabled = false (custom)
2024-02-27 07:52:41,728 [8e331bed-8646-4d1b-92f8-14089c74cd0e-groupManagement] INFO  server.RaftServerConfigKeys (ConfUtils.java:logGet(46)) - raft.server.threadpool.server.cached = true (default)
2024-02-27 07:52:41,728 [8e331bed-8646-4d1b-92f8-14089c74cd0e-groupManagement] INFO  server.RaftServerConfigKeys (ConfUtils.java:logGet(46)) - raft.server.threadpool.server.size = 0 (default)
2024-02-27 07:52:41,728 [8e331bed-8646-4d1b-92f8-14089c74cd0e-groupManagement] INFO  server.RaftServerConfigKeys (ConfUtils.java:logGet(46)) - raft.server.threadpool.client.cached = true (default)
2024-02-27 07:52:41,728 [8e331bed-8646-4d1b-92f8-14089c74cd0e-groupManagement] INFO  server.RaftServerConfigKeys (ConfUtils.java:logGet(46)) - raft.server.threadpool.client.size = 0 (default)
2024-02-27 07:52:41,728 [8e331bed-8646-4d1b-92f8-14089c74cd0e-groupManagement] INFO  server.RaftServerConfigKeys (ConfUtils.java:logGet(46)) - raft.server.storage.free-space.min = 0MB (=0) (default)
2024-02-27 07:52:41,728 [8e331bed-8646-4d1b-92f8-14089c74cd0e-groupManagement] INFO  server.RaftServerConfigKeys (ConfUtils.java:logGet(46)) - raft.server.log.corruption.policy = EXCEPTION (default)
2024-02-27 07:52:41,728 [8e331bed-8646-4d1b-92f8-14089c74cd0e-groupManagement] INFO  server.RaftServerConfigKeys (ConfUtils.java:logGet(46)) - raft.server.storage.dir = [/home/runner/work/ozone/ozone/hadoop-ozone/integration-test/target/test-dir/MiniOzoneClusterImpl-bc2c81e0-d964-4a8e-97ca-887e98ec88c8/ozone-meta/datanode-1/ratis] (custom)
2024-02-27 07:52:41,728 [8e331bed-8646-4d1b-92f8-14089c74cd0e-groupManagement] INFO  storage.RaftStorageDirectory (RaftStorageDirectoryImpl.java:analyzeStorage(138)) - The storage directory /home/runner/work/ozone/ozone/hadoop-ozone/integration-test/target/test-dir/MiniOzoneClusterImpl-bc2c81e0-d964-4a8e-97ca-887e98ec88c8/ozone-meta/datanode-1/ratis/0d6a656d-438f-42c5-8514-310941231d46 does not exist. Creating ...
2024-02-27 07:52:41,729 [8e331bed-8646-4d1b-92f8-14089c74cd0e-groupManagement] INFO  storage.RaftStorageDirectory (RaftStorageDirectoryImpl.java:tryLock(228)) - Lock on /home/runner/work/ozone/ozone/hadoop-ozone/integration-test/target/test-dir/MiniOzoneClusterImpl-bc2c81e0-d964-4a8e-97ca-887e98ec88c8/ozone-meta/datanode-1/ratis/0d6a656d-438f-42c5-8514-310941231d46/in_use.lock acquired by nodename 40924@fv-az699-61
2024-02-27 07:52:41,730 [8e331bed-8646-4d1b-92f8-14089c74cd0e-groupManagement] INFO  storage.RaftStorage (RaftStorageImpl.java:format(99)) - Storage directory /home/runner/work/ozone/ozone/hadoop-ozone/integration-test/target/test-dir/MiniOzoneClusterImpl-bc2c81e0-d964-4a8e-97ca-887e98ec88c8/ozone-meta/datanode-1/ratis/0d6a656d-438f-42c5-8514-310941231d46 has been successfully formatted.
2024-02-27 07:52:41,730 [8e331bed-8646-4d1b-92f8-14089c74cd0e-groupManagement] WARN  util.FileUtils (LogUtils.java:supplyAndLog(63)) - Failed to Files.newInputStream /home/runner/work/ozone/ozone/hadoop-ozone/integration-test/target/test-dir/MiniOzoneClusterImpl-bc2c81e0-d964-4a8e-97ca-887e98ec88c8/ozone-meta/datanode-1/ratis/0d6a656d-438f-42c5-8514-310941231d46/current/raft-meta.conf with options []: java.nio.file.NoSuchFileException: /home/runner/work/ozone/ozone/hadoop-ozone/integration-test/target/test-dir/MiniOzoneClusterImpl-bc2c81e0-d964-4a8e-97ca-887e98ec88c8/ozone-meta/datanode-1/ratis/0d6a656d-438f-42c5-8514-310941231d46/current/raft-meta.conf
2024-02-27 07:52:41,730 [8e331bed-8646-4d1b-92f8-14089c74cd0e-groupManagement] INFO  ratis.ContainerStateMachine (ContainerStateMachine.java:loadSnapshot(287)) - group-310941231D46: The snapshot info is null. Setting the last applied index to:(t:0, i:~)
2024-02-27 07:52:41,730 [8e331bed-8646-4d1b-92f8-14089c74cd0e-groupManagement] INFO  server.RaftServerConfigKeys (ConfUtils.java:logGet(46)) - raft.server.log.use.memory = false (default)
2024-02-27 07:52:41,730 [8e331bed-8646-4d1b-92f8-14089c74cd0e-groupManagement] INFO  server.RaftServerConfigKeys (ConfUtils.java:logGet(46)) - raft.server.log.purge.gap = 1000000 (custom)
2024-02-27 07:52:41,730 [8e331bed-8646-4d1b-92f8-14089c74cd0e-groupManagement] INFO  server.RaftServerConfigKeys (ConfUtils.java:logGet(46)) - raft.server.log.appender.buffer.byte-limit = 8388608 (custom)
2024-02-27 07:52:41,730 [8e331bed-8646-4d1b-92f8-14089c74cd0e-groupManagement] INFO  server.RaftServerConfigKeys (ConfUtils.java:logGet(46)) - raft.server.log.statemachine.data.read.timeout = 1000ms (default)
2024-02-27 07:52:41,730 [8e331bed-8646-4d1b-92f8-14089c74cd0e-groupManagement] INFO  server.RaftServerConfigKeys (ConfUtils.java:logGet(46)) - raft.server.log.purge.preservation.log.num = 0 (default)
2024-02-27 07:52:41,731 [8e331bed-8646-4d1b-92f8-14089c74cd0e-groupManagement] INFO  server.RaftServerConfigKeys (ConfUtils.java:logGet(46)) - raft.server.log.segment.size.max = 67108864 (custom)
2024-02-27 07:52:41,731 [EventQueue-OpenPipelineForHealthyPipelineSafeModeRule] INFO  safemode.SCMSafeModeManager (HealthyPipelineSafeModeRule.java:process(140)) - SCM in safe mode. Healthy pipelines reported count is 0, required healthy pipeline reported count is 1
2024-02-27 07:52:41,731 [8e331bed-8646-4d1b-92f8-14089c74cd0e-groupManagement] INFO  server.RaftServerConfigKeys (ConfUtils.java:logGet(46)) - raft.server.log.segment.cache.num.max = 2 (custom)
2024-02-27 07:52:41,731 [8e331bed-8646-4d1b-92f8-14089c74cd0e-groupManagement] INFO  server.RaftServerConfigKeys (ConfUtils.java:logGet(46)) - raft.server.log.segment.cache.size.max = 200MB (=209715200) (default)
2024-02-27 07:52:41,731 [8e331bed-8646-4d1b-92f8-14089c74cd0e-groupManagement] INFO  server.RaftServerConfigKeys (ConfUtils.java:logGet(46)) - raft.server.log.appender.buffer.byte-limit = 8388608 (custom)
2024-02-27 07:52:41,732 [8e331bed-8646-4d1b-92f8-14089c74cd0e-groupManagement] INFO  util.AwaitToRun (AwaitToRun.java:start(81)) - Thread[8e331bed-8646-4d1b-92f8-14089c74cd0e@group-310941231D46-cacheEviction-AwaitToRun,5,main] started
2024-02-27 07:52:41,732 [8e331bed-8646-4d1b-92f8-14089c74cd0e-groupManagement] INFO  segmented.SegmentedRaftLogWorker (SegmentedRaftLogWorker.java:<init>(182)) - new 8e331bed-8646-4d1b-92f8-14089c74cd0e@group-310941231D46-SegmentedRaftLogWorker for RaftStorageImpl:Storage Directory /home/runner/work/ozone/ozone/hadoop-ozone/integration-test/target/test-dir/MiniOzoneClusterImpl-bc2c81e0-d964-4a8e-97ca-887e98ec88c8/ozone-meta/datanode-1/ratis/0d6a656d-438f-42c5-8514-310941231d46
2024-02-27 07:52:41,732 [8e331bed-8646-4d1b-92f8-14089c74cd0e-groupManagement] INFO  server.RaftServerConfigKeys (ConfUtils.java:logGet(46)) - raft.server.log.queue.byte-limit = 4294967296 (custom)
2024-02-27 07:52:41,732 [8e331bed-8646-4d1b-92f8-14089c74cd0e-groupManagement] INFO  server.RaftServerConfigKeys (ConfUtils.java:logGet(46)) - raft.server.log.queue.element-limit = 1024 (custom)
2024-02-27 07:52:41,732 [8e331bed-8646-4d1b-92f8-14089c74cd0e-groupManagement] INFO  server.RaftServerConfigKeys (ConfUtils.java:logGet(46)) - raft.server.log.segment.size.max = 67108864 (custom)
2024-02-27 07:52:41,732 [8e331bed-8646-4d1b-92f8-14089c74cd0e-groupManagement] INFO  server.RaftServerConfigKeys (ConfUtils.java:logGet(46)) - raft.server.log.preallocated.size = 4194304 (custom)
2024-02-27 07:52:41,732 [8e331bed-8646-4d1b-92f8-14089c74cd0e-groupManagement] INFO  server.RaftServerConfigKeys (ConfUtils.java:logGet(46)) - raft.server.log.force.sync.num = 128 (default)
2024-02-27 07:52:41,732 [8e331bed-8646-4d1b-92f8-14089c74cd0e-groupManagement] INFO  server.RaftServerConfigKeys (ConfUtils.java:logGet(46)) - raft.server.log.statemachine.data.sync = true (default)
2024-02-27 07:52:41,732 [8e331bed-8646-4d1b-92f8-14089c74cd0e-groupManagement] INFO  server.RaftServerConfigKeys (ConfUtils.java:logGet(46)) - raft.server.log.statemachine.data.sync.timeout = 10s (default)
2024-02-27 07:52:41,732 [8e331bed-8646-4d1b-92f8-14089c74cd0e-groupManagement] INFO  server.RaftServerConfigKeys (ConfUtils.java:logGet(46)) - raft.server.log.statemachine.data.sync.timeout.retry = 0 (custom)
2024-02-27 07:52:41,732 [8e331bed-8646-4d1b-92f8-14089c74cd0e-groupManagement] INFO  server.RaftServerConfigKeys (ConfUtils.java:logGet(46)) - raft.server.log.write.buffer.size = 8388616 (custom)
2024-02-27 07:52:41,734 [8e331bed-8646-4d1b-92f8-14089c74cd0e-groupManagement] INFO  server.RaftServerConfigKeys (ConfUtils.java:logGet(46)) - raft.server.log.appender.buffer.byte-limit = 8388608 (custom)
2024-02-27 07:52:41,734 [8e331bed-8646-4d1b-92f8-14089c74cd0e-groupManagement] INFO  server.RaftServerConfigKeys (ConfUtils.java:logGet(46)) - raft.server.log.unsafe-flush.enabled = false (default)
2024-02-27 07:52:41,734 [8e331bed-8646-4d1b-92f8-14089c74cd0e-groupManagement] INFO  server.RaftServerConfigKeys (ConfUtils.java:logGet(46)) - raft.server.log.async-flush.enabled = false (default)
2024-02-27 07:52:41,734 [8e331bed-8646-4d1b-92f8-14089c74cd0e-groupManagement] INFO  server.RaftServerConfigKeys (ConfUtils.java:logGet(46)) - raft.server.log.statemachine.data.caching.enabled = true (custom)
2024-02-27 07:52:41,734 [8e331bed-8646-4d1b-92f8-14089c74cd0e-groupManagement] INFO  segmented.SegmentedRaftLogWorker (SegmentedRaftLogWorker.java:lambda$new$0(134)) - 8e331bed-8646-4d1b-92f8-14089c74cd0e@group-310941231D46-SegmentedRaftLogWorker: flushIndex: setUnconditionally 0 -> -1
2024-02-27 07:52:41,734 [8e331bed-8646-4d1b-92f8-14089c74cd0e-groupManagement] INFO  segmented.SegmentedRaftLogWorker (SegmentedRaftLogWorker.java:lambda$new$0(134)) - 8e331bed-8646-4d1b-92f8-14089c74cd0e@group-310941231D46-SegmentedRaftLogWorker: safeCacheEvictIndex: setUnconditionally 0 -> -1
2024-02-27 07:52:41,735 [8e331bed-8646-4d1b-92f8-14089c74cd0e-groupManagement] INFO  server.RaftServer$Division (RaftServerImpl.java:start(396)) - 8e331bed-8646-4d1b-92f8-14089c74cd0e@group-310941231D46: start as a follower, conf=-1: peers:[f12618e3-137b-46a0-90dc-e366378777c0|10.1.0.19:15298, 02eae07c-ff18-478f-b1e9-376b0db68b83|10.1.0.19:15289, 8e331bed-8646-4d1b-92f8-14089c74cd0e|10.1.0.19:15280]|listeners:[], old=null
2024-02-27 07:52:41,735 [8e331bed-8646-4d1b-92f8-14089c74cd0e-groupManagement] INFO  server.RaftServer$Division (RaftServerImpl.java:setRole(383)) - 8e331bed-8646-4d1b-92f8-14089c74cd0e@group-310941231D46: changes role from      null to FOLLOWER at term 0 for startAsFollower
2024-02-27 07:52:41,735 [8e331bed-8646-4d1b-92f8-14089c74cd0e-groupManagement] INFO  impl.RoleInfo (RoleInfo.java:updateAndGet(139)) - 8e331bed-8646-4d1b-92f8-14089c74cd0e: start 8e331bed-8646-4d1b-92f8-14089c74cd0e@group-310941231D46-FollowerState
2024-02-27 07:52:41,735 [8e331bed-8646-4d1b-92f8-14089c74cd0e@group-310941231D46-FollowerState] INFO  server.RaftServerConfigKeys (ConfUtils.java:logFallback(53)) - raft.server.rpc.first-election.timeout.min = 5s (fallback to raft.server.rpc.timeout.min)
2024-02-27 07:52:41,735 [8e331bed-8646-4d1b-92f8-14089c74cd0e-groupManagement] INFO  util.JmxRegister (JmxRegister.java:tryRegister(44)) - Successfully registered JMX Bean with object name Ratis:service=RaftServer,group=group-310941231D46,id=8e331bed-8646-4d1b-92f8-14089c74cd0e
2024-02-27 07:52:41,736 [8e331bed-8646-4d1b-92f8-14089c74cd0e@group-310941231D46-FollowerState] INFO  server.RaftServerConfigKeys (ConfUtils.java:logFallback(53)) - raft.server.rpc.first-election.timeout.max = 5200ms (fallback to raft.server.rpc.timeout.max)
2024-02-27 07:52:41,736 [8e331bed-8646-4d1b-92f8-14089c74cd0e-groupManagement] INFO  server.RaftServerConfigKeys (ConfUtils.java:logGet(46)) - raft.server.snapshot.trigger-when-stop.enabled = true (default)
2024-02-27 07:52:41,736 [8e331bed-8646-4d1b-92f8-14089c74cd0e-groupManagement] INFO  server.RaftServerConfigKeys (ConfUtils.java:logGet(46)) - raft.server.snapshot.auto.trigger.enabled = true (custom)
2024-02-27 07:52:41,736 [8e331bed-8646-4d1b-92f8-14089c74cd0e-groupManagement] INFO  server.RaftServerConfigKeys (ConfUtils.java:logGet(46)) - raft.server.snapshot.auto.trigger.threshold = 10000 (custom)
2024-02-27 07:52:41,736 [8e331bed-8646-4d1b-92f8-14089c74cd0e-groupManagement] INFO  server.RaftServerConfigKeys (ConfUtils.java:logGet(46)) - raft.server.snapshot.retention.file.num = 5 (custom)
2024-02-27 07:52:41,736 [8e331bed-8646-4d1b-92f8-14089c74cd0e-groupManagement] INFO  server.RaftServerConfigKeys (ConfUtils.java:logGet(46)) - raft.server.log.purge.upto.snapshot.index = false (default)
2024-02-27 07:52:41,737 [8e331bed-8646-4d1b-92f8-14089c74cd0e-PipelineCommandHandlerThread-0] INFO  ratis.XceiverServerRatis (XceiverServerRatis.java:addGroup(864)) - Created group PipelineID=0d6a656d-438f-42c5-8514-310941231d46
2024-02-27 07:52:41,742 [grpc-default-executor-3] INFO  server.RaftServer (RaftServerProxy.java:addNew(100)) - f12618e3-137b-46a0-90dc-e366378777c0: addNew group-310941231D46:[f12618e3-137b-46a0-90dc-e366378777c0|10.1.0.19:15298, 02eae07c-ff18-478f-b1e9-376b0db68b83|10.1.0.19:15289, 8e331bed-8646-4d1b-92f8-14089c74cd0e|10.1.0.19:15280] returns group-310941231D46:java.util.concurrent.CompletableFuture@40b86bd2[Not completed]
2024-02-27 07:52:41,742 [f12618e3-137b-46a0-90dc-e366378777c0-groupManagement] INFO  server.RaftServer$Division (RaftServerImpl.java:<init>(256)) - f12618e3-137b-46a0-90dc-e366378777c0: new RaftServerImpl for group-310941231D46:[f12618e3-137b-46a0-90dc-e366378777c0|10.1.0.19:15298, 02eae07c-ff18-478f-b1e9-376b0db68b83|10.1.0.19:15289, 8e331bed-8646-4d1b-92f8-14089c74cd0e|10.1.0.19:15280] with ContainerStateMachine:uninitialized
2024-02-27 07:52:41,742 [f12618e3-137b-46a0-90dc-e366378777c0-groupManagement] INFO  server.RaftServerConfigKeys (ConfUtils.java:logGet(46)) - raft.server.rpc.timeout.min = 5s (custom)
2024-02-27 07:52:41,743 [f12618e3-137b-46a0-90dc-e366378777c0-groupManagement] INFO  server.RaftServerConfigKeys (ConfUtils.java:logGet(46)) - raft.server.rpc.timeout.max = 5200ms (custom)
2024-02-27 07:52:41,743 [f12618e3-137b-46a0-90dc-e366378777c0-groupManagement] INFO  server.RaftServerConfigKeys (ConfUtils.java:logGet(46)) - raft.server.rpc.sleep.time = 25ms (default)
2024-02-27 07:52:41,743 [f12618e3-137b-46a0-90dc-e366378777c0-groupManagement] INFO  server.RaftServerConfigKeys (ConfUtils.java:logGet(46)) - raft.server.rpc.slowness.timeout = 300s (custom)
2024-02-27 07:52:41,743 [f12618e3-137b-46a0-90dc-e366378777c0-groupManagement] INFO  server.RaftServerConfigKeys (ConfUtils.java:logGet(46)) - raft.server.leaderelection.leader.step-down.wait-time = 10s (default)
2024-02-27 07:52:41,743 [f12618e3-137b-46a0-90dc-e366378777c0-groupManagement] INFO  server.RaftServerConfigKeys (ConfUtils.java:logGet(46)) - raft.server.leaderelection.member.majority-add = false (default)
2024-02-27 07:52:41,743 [f12618e3-137b-46a0-90dc-e366378777c0-groupManagement] INFO  server.RaftServerConfigKeys (ConfUtils.java:logGet(46)) - raft.server.sleep.deviation.threshold = 300ms (default)
2024-02-27 07:52:41,743 [f12618e3-137b-46a0-90dc-e366378777c0-groupManagement] INFO  server.RaftServer$Division (ServerState.java:<init>(113)) - f12618e3-137b-46a0-90dc-e366378777c0@group-310941231D46: ConfigurationManager, init=-1: peers:[f12618e3-137b-46a0-90dc-e366378777c0|10.1.0.19:15298, 02eae07c-ff18-478f-b1e9-376b0db68b83|10.1.0.19:15289, 8e331bed-8646-4d1b-92f8-14089c74cd0e|10.1.0.19:15280]|listeners:[], old=null, confs=<EMPTY_MAP>
2024-02-27 07:52:41,743 [f12618e3-137b-46a0-90dc-e366378777c0-groupManagement] INFO  server.RaftServerConfigKeys (ConfUtils.java:logGet(46)) - raft.server.notification.no-leader.timeout = 300s (custom)
2024-02-27 07:52:41,743 [f12618e3-137b-46a0-90dc-e366378777c0-groupManagement] INFO  server.RaftServerConfigKeys (ConfUtils.java:logGet(46)) - raft.server.read.timeout = 10s (default)
2024-02-27 07:52:41,743 [f12618e3-137b-46a0-90dc-e366378777c0-groupManagement] INFO  server.RaftServerConfigKeys (ConfUtils.java:logGet(46)) - raft.server.retrycache.expirytime = 600000ms (custom)
2024-02-27 07:52:41,743 [f12618e3-137b-46a0-90dc-e366378777c0-groupManagement] INFO  server.RaftServerConfigKeys (ConfUtils.java:logGet(46)) - raft.server.retrycache.statistics.expirytime = 100ms (default)
2024-02-27 07:52:41,743 [f12618e3-137b-46a0-90dc-e366378777c0-groupManagement] INFO  server.RaftServerConfigKeys (ConfUtils.java:logGet(46)) - raft.server.read.option = DEFAULT (default)
2024-02-27 07:52:41,743 [f12618e3-137b-46a0-90dc-e366378777c0-groupManagement] INFO  server.RaftServerConfigKeys (ConfUtils.java:logGet(46)) - raft.server.read.read-after-write-consistent.write-index-cache.expiry-time = 60s (default)
2024-02-27 07:52:41,744 [f12618e3-137b-46a0-90dc-e366378777c0-groupManagement] INFO  server.RaftServerConfigKeys (ConfUtils.java:logGet(46)) - raft.server.rpc.request.timeout = 60s (custom)
2024-02-27 07:52:41,744 [f12618e3-137b-46a0-90dc-e366378777c0-groupManagement] INFO  server.RaftServerConfigKeys (ConfUtils.java:logGet(46)) - raft.server.log.appender.install.snapshot.enabled = false (custom)
2024-02-27 07:52:41,744 [f12618e3-137b-46a0-90dc-e366378777c0-groupManagement] INFO  server.RaftServerConfigKeys (ConfUtils.java:logGet(46)) - raft.server.threadpool.server.cached = true (default)
2024-02-27 07:52:41,744 [f12618e3-137b-46a0-90dc-e366378777c0-groupManagement] INFO  server.RaftServerConfigKeys (ConfUtils.java:logGet(46)) - raft.server.threadpool.server.size = 0 (default)
2024-02-27 07:52:41,744 [f12618e3-137b-46a0-90dc-e366378777c0-groupManagement] INFO  server.RaftServerConfigKeys (ConfUtils.java:logGet(46)) - raft.server.threadpool.client.cached = true (default)
2024-02-27 07:52:41,744 [f12618e3-137b-46a0-90dc-e366378777c0-groupManagement] INFO  server.RaftServerConfigKeys (ConfUtils.java:logGet(46)) - raft.server.threadpool.client.size = 0 (default)
2024-02-27 07:52:41,744 [f12618e3-137b-46a0-90dc-e366378777c0-groupManagement] INFO  server.RaftServerConfigKeys (ConfUtils.java:logGet(46)) - raft.server.storage.free-space.min = 0MB (=0) (default)
2024-02-27 07:52:41,744 [f12618e3-137b-46a0-90dc-e366378777c0-groupManagement] INFO  server.RaftServerConfigKeys (ConfUtils.java:logGet(46)) - raft.server.log.corruption.policy = EXCEPTION (default)
2024-02-27 07:52:41,744 [f12618e3-137b-46a0-90dc-e366378777c0-groupManagement] INFO  server.RaftServerConfigKeys (ConfUtils.java:logGet(46)) - raft.server.storage.dir = [/home/runner/work/ozone/ozone/hadoop-ozone/integration-test/target/test-dir/MiniOzoneClusterImpl-bc2c81e0-d964-4a8e-97ca-887e98ec88c8/ozone-meta/datanode-3/ratis] (custom)
2024-02-27 07:52:41,744 [f12618e3-137b-46a0-90dc-e366378777c0-groupManagement] INFO  storage.RaftStorageDirectory (RaftStorageDirectoryImpl.java:analyzeStorage(138)) - The storage directory /home/runner/work/ozone/ozone/hadoop-ozone/integration-test/target/test-dir/MiniOzoneClusterImpl-bc2c81e0-d964-4a8e-97ca-887e98ec88c8/ozone-meta/datanode-3/ratis/0d6a656d-438f-42c5-8514-310941231d46 does not exist. Creating ...
2024-02-27 07:52:41,745 [f12618e3-137b-46a0-90dc-e366378777c0-groupManagement] INFO  storage.RaftStorageDirectory (RaftStorageDirectoryImpl.java:tryLock(228)) - Lock on /home/runner/work/ozone/ozone/hadoop-ozone/integration-test/target/test-dir/MiniOzoneClusterImpl-bc2c81e0-d964-4a8e-97ca-887e98ec88c8/ozone-meta/datanode-3/ratis/0d6a656d-438f-42c5-8514-310941231d46/in_use.lock acquired by nodename 40924@fv-az699-61
2024-02-27 07:52:41,746 [f12618e3-137b-46a0-90dc-e366378777c0-groupManagement] INFO  storage.RaftStorage (RaftStorageImpl.java:format(99)) - Storage directory /home/runner/work/ozone/ozone/hadoop-ozone/integration-test/target/test-dir/MiniOzoneClusterImpl-bc2c81e0-d964-4a8e-97ca-887e98ec88c8/ozone-meta/datanode-3/ratis/0d6a656d-438f-42c5-8514-310941231d46 has been successfully formatted.
2024-02-27 07:52:41,746 [f12618e3-137b-46a0-90dc-e366378777c0-groupManagement] WARN  util.FileUtils (LogUtils.java:supplyAndLog(63)) - Failed to Files.newInputStream /home/runner/work/ozone/ozone/hadoop-ozone/integration-test/target/test-dir/MiniOzoneClusterImpl-bc2c81e0-d964-4a8e-97ca-887e98ec88c8/ozone-meta/datanode-3/ratis/0d6a656d-438f-42c5-8514-310941231d46/current/raft-meta.conf with options []: java.nio.file.NoSuchFileException: /home/runner/work/ozone/ozone/hadoop-ozone/integration-test/target/test-dir/MiniOzoneClusterImpl-bc2c81e0-d964-4a8e-97ca-887e98ec88c8/ozone-meta/datanode-3/ratis/0d6a656d-438f-42c5-8514-310941231d46/current/raft-meta.conf
2024-02-27 07:52:41,746 [f12618e3-137b-46a0-90dc-e366378777c0-groupManagement] INFO  ratis.ContainerStateMachine (ContainerStateMachine.java:loadSnapshot(287)) - group-310941231D46: The snapshot info is null. Setting the last applied index to:(t:0, i:~)
2024-02-27 07:52:41,746 [f12618e3-137b-46a0-90dc-e366378777c0-groupManagement] INFO  server.RaftServerConfigKeys (ConfUtils.java:logGet(46)) - raft.server.log.use.memory = false (default)
2024-02-27 07:52:41,747 [f12618e3-137b-46a0-90dc-e366378777c0-groupManagement] INFO  server.RaftServerConfigKeys (ConfUtils.java:logGet(46)) - raft.server.log.purge.gap = 1000000 (custom)
2024-02-27 07:52:41,747 [f12618e3-137b-46a0-90dc-e366378777c0-groupManagement] INFO  server.RaftServerConfigKeys (ConfUtils.java:logGet(46)) - raft.server.log.appender.buffer.byte-limit = 8388608 (custom)
2024-02-27 07:52:41,747 [f12618e3-137b-46a0-90dc-e366378777c0-groupManagement] INFO  server.RaftServerConfigKeys (ConfUtils.java:logGet(46)) - raft.server.log.statemachine.data.read.timeout = 1000ms (default)
2024-02-27 07:52:41,747 [f12618e3-137b-46a0-90dc-e366378777c0-groupManagement] INFO  server.RaftServerConfigKeys (ConfUtils.java:logGet(46)) - raft.server.log.purge.preservation.log.num = 0 (default)
2024-02-27 07:52:41,747 [f12618e3-137b-46a0-90dc-e366378777c0-groupManagement] INFO  server.RaftServerConfigKeys (ConfUtils.java:logGet(46)) - raft.server.log.segment.size.max = 67108864 (custom)
2024-02-27 07:52:41,749 [f12618e3-137b-46a0-90dc-e366378777c0-groupManagement] INFO  server.RaftServerConfigKeys (ConfUtils.java:logGet(46)) - raft.server.log.segment.cache.num.max = 2 (custom)
2024-02-27 07:52:41,749 [f12618e3-137b-46a0-90dc-e366378777c0-groupManagement] INFO  server.RaftServerConfigKeys (ConfUtils.java:logGet(46)) - raft.server.log.segment.cache.size.max = 200MB (=209715200) (default)
2024-02-27 07:52:41,749 [f12618e3-137b-46a0-90dc-e366378777c0-groupManagement] INFO  server.RaftServerConfigKeys (ConfUtils.java:logGet(46)) - raft.server.log.appender.buffer.byte-limit = 8388608 (custom)
2024-02-27 07:52:41,749 [f12618e3-137b-46a0-90dc-e366378777c0-groupManagement] INFO  util.AwaitToRun (AwaitToRun.java:start(81)) - Thread[f12618e3-137b-46a0-90dc-e366378777c0@group-310941231D46-cacheEviction-AwaitToRun,5,main] started
2024-02-27 07:52:41,749 [f12618e3-137b-46a0-90dc-e366378777c0-groupManagement] INFO  segmented.SegmentedRaftLogWorker (SegmentedRaftLogWorker.java:<init>(182)) - new f12618e3-137b-46a0-90dc-e366378777c0@group-310941231D46-SegmentedRaftLogWorker for RaftStorageImpl:Storage Directory /home/runner/work/ozone/ozone/hadoop-ozone/integration-test/target/test-dir/MiniOzoneClusterImpl-bc2c81e0-d964-4a8e-97ca-887e98ec88c8/ozone-meta/datanode-3/ratis/0d6a656d-438f-42c5-8514-310941231d46
2024-02-27 07:52:41,749 [f12618e3-137b-46a0-90dc-e366378777c0-groupManagement] INFO  server.RaftServerConfigKeys (ConfUtils.java:logGet(46)) - raft.server.log.queue.byte-limit = 4294967296 (custom)
2024-02-27 07:52:41,749 [f12618e3-137b-46a0-90dc-e366378777c0-groupManagement] INFO  server.RaftServerConfigKeys (ConfUtils.java:logGet(46)) - raft.server.log.queue.element-limit = 1024 (custom)
2024-02-27 07:52:41,749 [f12618e3-137b-46a0-90dc-e366378777c0-groupManagement] INFO  server.RaftServerConfigKeys (ConfUtils.java:logGet(46)) - raft.server.log.segment.size.max = 67108864 (custom)
2024-02-27 07:52:41,749 [f12618e3-137b-46a0-90dc-e366378777c0-groupManagement] INFO  server.RaftServerConfigKeys (ConfUtils.java:logGet(46)) - raft.server.log.preallocated.size = 4194304 (custom)
2024-02-27 07:52:41,749 [f12618e3-137b-46a0-90dc-e366378777c0-groupManagement] INFO  server.RaftServerConfigKeys (ConfUtils.java:logGet(46)) - raft.server.log.force.sync.num = 128 (default)
2024-02-27 07:52:41,749 [f12618e3-137b-46a0-90dc-e366378777c0-groupManagement] INFO  server.RaftServerConfigKeys (ConfUtils.java:logGet(46)) - raft.server.log.statemachine.data.sync = true (default)
2024-02-27 07:52:41,750 [f12618e3-137b-46a0-90dc-e366378777c0-groupManagement] INFO  server.RaftServerConfigKeys (ConfUtils.java:logGet(46)) - raft.server.log.statemachine.data.sync.timeout = 10s (default)
2024-02-27 07:52:41,750 [f12618e3-137b-46a0-90dc-e366378777c0-groupManagement] INFO  server.RaftServerConfigKeys (ConfUtils.java:logGet(46)) - raft.server.log.statemachine.data.sync.timeout.retry = 0 (custom)
2024-02-27 07:52:41,750 [f12618e3-137b-46a0-90dc-e366378777c0-groupManagement] INFO  server.RaftServerConfigKeys (ConfUtils.java:logGet(46)) - raft.server.log.write.buffer.size = 8388616 (custom)
2024-02-27 07:52:41,751 [f12618e3-137b-46a0-90dc-e366378777c0-groupManagement] INFO  server.RaftServerConfigKeys (ConfUtils.java:logGet(46)) - raft.server.log.appender.buffer.byte-limit = 8388608 (custom)
2024-02-27 07:52:41,751 [f12618e3-137b-46a0-90dc-e366378777c0-groupManagement] INFO  server.RaftServerConfigKeys (ConfUtils.java:logGet(46)) - raft.server.log.unsafe-flush.enabled = false (default)
2024-02-27 07:52:41,751 [f12618e3-137b-46a0-90dc-e366378777c0-groupManagement] INFO  server.RaftServerConfigKeys (ConfUtils.java:logGet(46)) - raft.server.log.async-flush.enabled = false (default)
2024-02-27 07:52:41,751 [f12618e3-137b-46a0-90dc-e366378777c0-groupManagement] INFO  server.RaftServerConfigKeys (ConfUtils.java:logGet(46)) - raft.server.log.statemachine.data.caching.enabled = true (custom)
2024-02-27 07:52:41,751 [f12618e3-137b-46a0-90dc-e366378777c0-groupManagement] INFO  segmented.SegmentedRaftLogWorker (SegmentedRaftLogWorker.java:lambda$new$0(134)) - f12618e3-137b-46a0-90dc-e366378777c0@group-310941231D46-SegmentedRaftLogWorker: flushIndex: setUnconditionally 0 -> -1
2024-02-27 07:52:41,751 [f12618e3-137b-46a0-90dc-e366378777c0-groupManagement] INFO  segmented.SegmentedRaftLogWorker (SegmentedRaftLogWorker.java:lambda$new$0(134)) - f12618e3-137b-46a0-90dc-e366378777c0@group-310941231D46-SegmentedRaftLogWorker: safeCacheEvictIndex: setUnconditionally 0 -> -1
2024-02-27 07:52:41,751 [f12618e3-137b-46a0-90dc-e366378777c0-groupManagement] INFO  server.RaftServer$Division (RaftServerImpl.java:start(396)) - f12618e3-137b-46a0-90dc-e366378777c0@group-310941231D46: start as a follower, conf=-1: peers:[f12618e3-137b-46a0-90dc-e366378777c0|10.1.0.19:15298, 02eae07c-ff18-478f-b1e9-376b0db68b83|10.1.0.19:15289, 8e331bed-8646-4d1b-92f8-14089c74cd0e|10.1.0.19:15280]|listeners:[], old=null
2024-02-27 07:52:41,751 [f12618e3-137b-46a0-90dc-e366378777c0-groupManagement] INFO  server.RaftServer$Division (RaftServerImpl.java:setRole(383)) - f12618e3-137b-46a0-90dc-e366378777c0@group-310941231D46: changes role from      null to FOLLOWER at term 0 for startAsFollower
2024-02-27 07:52:41,751 [f12618e3-137b-46a0-90dc-e366378777c0-groupManagement] INFO  impl.RoleInfo (RoleInfo.java:updateAndGet(139)) - f12618e3-137b-46a0-90dc-e366378777c0: start f12618e3-137b-46a0-90dc-e366378777c0@group-310941231D46-FollowerState
2024-02-27 07:52:41,752 [f12618e3-137b-46a0-90dc-e366378777c0-groupManagement] INFO  util.JmxRegister (JmxRegister.java:tryRegister(44)) - Successfully registered JMX Bean with object name Ratis:service=RaftServer,group=group-310941231D46,id=f12618e3-137b-46a0-90dc-e366378777c0
2024-02-27 07:52:41,752 [f12618e3-137b-46a0-90dc-e366378777c0@group-310941231D46-FollowerState] INFO  server.RaftServerConfigKeys (ConfUtils.java:logFallback(53)) - raft.server.rpc.first-election.timeout.min = 5s (fallback to raft.server.rpc.timeout.min)
2024-02-27 07:52:41,752 [f12618e3-137b-46a0-90dc-e366378777c0@group-310941231D46-FollowerState] INFO  server.RaftServerConfigKeys (ConfUtils.java:logFallback(53)) - raft.server.rpc.first-election.timeout.max = 5200ms (fallback to raft.server.rpc.timeout.max)
2024-02-27 07:52:41,752 [f12618e3-137b-46a0-90dc-e366378777c0-groupManagement] INFO  server.RaftServerConfigKeys (ConfUtils.java:logGet(46)) - raft.server.snapshot.trigger-when-stop.enabled = true (default)
2024-02-27 07:52:41,752 [f12618e3-137b-46a0-90dc-e366378777c0-groupManagement] INFO  server.RaftServerConfigKeys (ConfUtils.java:logGet(46)) - raft.server.snapshot.auto.trigger.enabled = true (custom)
2024-02-27 07:52:41,752 [f12618e3-137b-46a0-90dc-e366378777c0-groupManagement] INFO  server.RaftServerConfigKeys (ConfUtils.java:logGet(46)) - raft.server.snapshot.auto.trigger.threshold = 10000 (custom)
2024-02-27 07:52:41,752 [f12618e3-137b-46a0-90dc-e366378777c0-groupManagement] INFO  server.RaftServerConfigKeys (ConfUtils.java:logGet(46)) - raft.server.snapshot.retention.file.num = 5 (custom)
2024-02-27 07:52:41,752 [f12618e3-137b-46a0-90dc-e366378777c0-groupManagement] INFO  server.RaftServerConfigKeys (ConfUtils.java:logGet(46)) - raft.server.log.purge.upto.snapshot.index = false (default)
2024-02-27 07:52:41,757 [02eae07c-ff18-478f-b1e9-376b0db68b83-PipelineCommandHandlerThread-0] INFO  server.RaftServer (RaftServerProxy.java:addNew(100)) - 02eae07c-ff18-478f-b1e9-376b0db68b83: addNew group-976164448411:[02eae07c-ff18-478f-b1e9-376b0db68b83|10.1.0.19:15289] returns group-976164448411:java.util.concurrent.CompletableFuture@55179c95[Not completed]
2024-02-27 07:52:41,758 [02eae07c-ff18-478f-b1e9-376b0db68b83-groupManagement] INFO  server.RaftServer$Division (RaftServerImpl.java:<init>(256)) - 02eae07c-ff18-478f-b1e9-376b0db68b83: new RaftServerImpl for group-976164448411:[02eae07c-ff18-478f-b1e9-376b0db68b83|10.1.0.19:15289] with ContainerStateMachine:uninitialized
2024-02-27 07:52:41,758 [02eae07c-ff18-478f-b1e9-376b0db68b83-groupManagement] INFO  server.RaftServerConfigKeys (ConfUtils.java:logGet(46)) - raft.server.rpc.timeout.min = 5s (custom)
2024-02-27 07:52:41,758 [02eae07c-ff18-478f-b1e9-376b0db68b83-groupManagement] INFO  server.RaftServerConfigKeys (ConfUtils.java:logGet(46)) - raft.server.rpc.timeout.max = 5200ms (custom)
2024-02-27 07:52:41,758 [02eae07c-ff18-478f-b1e9-376b0db68b83-groupManagement] INFO  server.RaftServerConfigKeys (ConfUtils.java:logGet(46)) - raft.server.rpc.sleep.time = 25ms (default)
2024-02-27 07:52:41,758 [02eae07c-ff18-478f-b1e9-376b0db68b83-groupManagement] INFO  server.RaftServerConfigKeys (ConfUtils.java:logGet(46)) - raft.server.rpc.slowness.timeout = 300s (custom)
2024-02-27 07:52:41,758 [02eae07c-ff18-478f-b1e9-376b0db68b83-groupManagement] INFO  server.RaftServerConfigKeys (ConfUtils.java:logGet(46)) - raft.server.leaderelection.leader.step-down.wait-time = 10s (default)
2024-02-27 07:52:41,758 [02eae07c-ff18-478f-b1e9-376b0db68b83-groupManagement] INFO  server.RaftServerConfigKeys (ConfUtils.java:logGet(46)) - raft.server.leaderelection.member.majority-add = false (default)
2024-02-27 07:52:41,758 [02eae07c-ff18-478f-b1e9-376b0db68b83-groupManagement] INFO  server.RaftServerConfigKeys (ConfUtils.java:logGet(46)) - raft.server.sleep.deviation.threshold = 300ms (default)
2024-02-27 07:52:41,758 [02eae07c-ff18-478f-b1e9-376b0db68b83-groupManagement] INFO  server.RaftServer$Division (ServerState.java:<init>(113)) - 02eae07c-ff18-478f-b1e9-376b0db68b83@group-976164448411: ConfigurationManager, init=-1: peers:[02eae07c-ff18-478f-b1e9-376b0db68b83|10.1.0.19:15289]|listeners:[], old=null, confs=<EMPTY_MAP>
2024-02-27 07:52:41,758 [02eae07c-ff18-478f-b1e9-376b0db68b83-groupManagement] INFO  server.RaftServerConfigKeys (ConfUtils.java:logGet(46)) - raft.server.notification.no-leader.timeout = 300s (custom)
2024-02-27 07:52:41,758 [02eae07c-ff18-478f-b1e9-376b0db68b83-groupManagement] INFO  server.RaftServerConfigKeys (ConfUtils.java:logGet(46)) - raft.server.read.timeout = 10s (default)
2024-02-27 07:52:41,759 [02eae07c-ff18-478f-b1e9-376b0db68b83-groupManagement] INFO  server.RaftServerConfigKeys (ConfUtils.java:logGet(46)) - raft.server.retrycache.expirytime = 600000ms (custom)
2024-02-27 07:52:41,759 [02eae07c-ff18-478f-b1e9-376b0db68b83-groupManagement] INFO  server.RaftServerConfigKeys (ConfUtils.java:logGet(46)) - raft.server.retrycache.statistics.expirytime = 100ms (default)
2024-02-27 07:52:41,759 [02eae07c-ff18-478f-b1e9-376b0db68b83-groupManagement] INFO  server.RaftServerConfigKeys (ConfUtils.java:logGet(46)) - raft.server.read.option = DEFAULT (default)
2024-02-27 07:52:41,759 [02eae07c-ff18-478f-b1e9-376b0db68b83-groupManagement] INFO  server.RaftServerConfigKeys (ConfUtils.java:logGet(46)) - raft.server.read.read-after-write-consistent.write-index-cache.expiry-time = 60s (default)
2024-02-27 07:52:41,761 [02eae07c-ff18-478f-b1e9-376b0db68b83-groupManagement] INFO  server.RaftServerConfigKeys (ConfUtils.java:logGet(46)) - raft.server.rpc.request.timeout = 60s (custom)
2024-02-27 07:52:41,761 [02eae07c-ff18-478f-b1e9-376b0db68b83-groupManagement] INFO  server.RaftServerConfigKeys (ConfUtils.java:logGet(46)) - raft.server.log.appender.install.snapshot.enabled = false (custom)
2024-02-27 07:52:41,761 [02eae07c-ff18-478f-b1e9-376b0db68b83-groupManagement] INFO  server.RaftServerConfigKeys (ConfUtils.java:logGet(46)) - raft.server.threadpool.server.cached = true (default)
2024-02-27 07:52:41,761 [02eae07c-ff18-478f-b1e9-376b0db68b83-groupManagement] INFO  server.RaftServerConfigKeys (ConfUtils.java:logGet(46)) - raft.server.threadpool.server.size = 0 (default)
2024-02-27 07:52:41,762 [02eae07c-ff18-478f-b1e9-376b0db68b83-groupManagement] INFO  server.RaftServerConfigKeys (ConfUtils.java:logGet(46)) - raft.server.threadpool.client.cached = true (default)
2024-02-27 07:52:41,762 [02eae07c-ff18-478f-b1e9-376b0db68b83-groupManagement] INFO  server.RaftServerConfigKeys (ConfUtils.java:logGet(46)) - raft.server.threadpool.client.size = 0 (default)
2024-02-27 07:52:41,762 [02eae07c-ff18-478f-b1e9-376b0db68b83-groupManagement] INFO  server.RaftServerConfigKeys (ConfUtils.java:logGet(46)) - raft.server.storage.free-space.min = 0MB (=0) (default)
2024-02-27 07:52:41,762 [02eae07c-ff18-478f-b1e9-376b0db68b83-groupManagement] INFO  server.RaftServerConfigKeys (ConfUtils.java:logGet(46)) - raft.server.log.corruption.policy = EXCEPTION (default)
2024-02-27 07:52:41,762 [02eae07c-ff18-478f-b1e9-376b0db68b83-groupManagement] INFO  server.RaftServerConfigKeys (ConfUtils.java:logGet(46)) - raft.server.storage.dir = [/home/runner/work/ozone/ozone/hadoop-ozone/integration-test/target/test-dir/MiniOzoneClusterImpl-bc2c81e0-d964-4a8e-97ca-887e98ec88c8/ozone-meta/datanode-2/ratis] (custom)
2024-02-27 07:52:41,762 [02eae07c-ff18-478f-b1e9-376b0db68b83-groupManagement] INFO  storage.RaftStorageDirectory (RaftStorageDirectoryImpl.java:analyzeStorage(138)) - The storage directory /home/runner/work/ozone/ozone/hadoop-ozone/integration-test/target/test-dir/MiniOzoneClusterImpl-bc2c81e0-d964-4a8e-97ca-887e98ec88c8/ozone-meta/datanode-2/ratis/aaa5b436-0321-440a-a764-976164448411 does not exist. Creating ...
2024-02-27 07:52:41,763 [02eae07c-ff18-478f-b1e9-376b0db68b83-groupManagement] INFO  storage.RaftStorageDirectory (RaftStorageDirectoryImpl.java:tryLock(228)) - Lock on /home/runner/work/ozone/ozone/hadoop-ozone/integration-test/target/test-dir/MiniOzoneClusterImpl-bc2c81e0-d964-4a8e-97ca-887e98ec88c8/ozone-meta/datanode-2/ratis/aaa5b436-0321-440a-a764-976164448411/in_use.lock acquired by nodename 40924@fv-az699-61
2024-02-27 07:52:41,763 [grpc-default-executor-3] INFO  server.RaftServer (RaftServerProxy.java:addNew(100)) - 02eae07c-ff18-478f-b1e9-376b0db68b83: addNew group-310941231D46:[f12618e3-137b-46a0-90dc-e366378777c0|10.1.0.19:15298, 02eae07c-ff18-478f-b1e9-376b0db68b83|10.1.0.19:15289, 8e331bed-8646-4d1b-92f8-14089c74cd0e|10.1.0.19:15280] returns group-310941231D46:java.util.concurrent.CompletableFuture@505c6f7f[Not completed]
2024-02-27 07:52:41,764 [02eae07c-ff18-478f-b1e9-376b0db68b83-groupManagement] INFO  storage.RaftStorage (RaftStorageImpl.java:format(99)) - Storage directory /home/runner/work/ozone/ozone/hadoop-ozone/integration-test/target/test-dir/MiniOzoneClusterImpl-bc2c81e0-d964-4a8e-97ca-887e98ec88c8/ozone-meta/datanode-2/ratis/aaa5b436-0321-440a-a764-976164448411 has been successfully formatted.
2024-02-27 07:52:41,764 [02eae07c-ff18-478f-b1e9-376b0db68b83-groupManagement] WARN  util.FileUtils (LogUtils.java:supplyAndLog(63)) - Failed to Files.newInputStream /home/runner/work/ozone/ozone/hadoop-ozone/integration-test/target/test-dir/MiniOzoneClusterImpl-bc2c81e0-d964-4a8e-97ca-887e98ec88c8/ozone-meta/datanode-2/ratis/aaa5b436-0321-440a-a764-976164448411/current/raft-meta.conf with options []: java.nio.file.NoSuchFileException: /home/runner/work/ozone/ozone/hadoop-ozone/integration-test/target/test-dir/MiniOzoneClusterImpl-bc2c81e0-d964-4a8e-97ca-887e98ec88c8/ozone-meta/datanode-2/ratis/aaa5b436-0321-440a-a764-976164448411/current/raft-meta.conf
2024-02-27 07:52:41,764 [02eae07c-ff18-478f-b1e9-376b0db68b83-groupManagement] INFO  ratis.ContainerStateMachine (ContainerStateMachine.java:loadSnapshot(287)) - group-976164448411: The snapshot info is null. Setting the last applied index to:(t:0, i:~)
2024-02-27 07:52:41,765 [02eae07c-ff18-478f-b1e9-376b0db68b83-groupManagement] INFO  server.RaftServerConfigKeys (ConfUtils.java:logGet(46)) - raft.server.log.use.memory = false (default)
2024-02-27 07:52:41,765 [02eae07c-ff18-478f-b1e9-376b0db68b83-groupManagement] INFO  server.RaftServerConfigKeys (ConfUtils.java:logGet(46)) - raft.server.log.purge.gap = 1000000 (custom)
2024-02-27 07:52:41,765 [02eae07c-ff18-478f-b1e9-376b0db68b83-groupManagement] INFO  server.RaftServerConfigKeys (ConfUtils.java:logGet(46)) - raft.server.log.appender.buffer.byte-limit = 8388608 (custom)
2024-02-27 07:52:41,765 [EventQueue-PipelineReportForPipelineReportHandler] INFO  pipeline.PipelineReportHandler (PipelineReportHandler.java:processPipelineReport(136)) - Opened pipeline PipelineID=aaa5b436-0321-440a-a764-976164448411
2024-02-27 07:52:41,766 [EventQueue-OpenPipelineForHealthyPipelineSafeModeRule] INFO  safemode.SCMSafeModeManager (HealthyPipelineSafeModeRule.java:process(140)) - SCM in safe mode. Healthy pipelines reported count is 0, required healthy pipeline reported count is 1
2024-02-27 07:52:41,766 [02eae07c-ff18-478f-b1e9-376b0db68b83-groupManagement] INFO  server.RaftServerConfigKeys (ConfUtils.java:logGet(46)) - raft.server.log.statemachine.data.read.timeout = 1000ms (default)
2024-02-27 07:52:41,766 [02eae07c-ff18-478f-b1e9-376b0db68b83-groupManagement] INFO  server.RaftServerConfigKeys (ConfUtils.java:logGet(46)) - raft.server.log.purge.preservation.log.num = 0 (default)
2024-02-27 07:52:41,766 [02eae07c-ff18-478f-b1e9-376b0db68b83-groupManagement] INFO  server.RaftServerConfigKeys (ConfUtils.java:logGet(46)) - raft.server.log.segment.size.max = 67108864 (custom)
2024-02-27 07:52:41,766 [02eae07c-ff18-478f-b1e9-376b0db68b83-groupManagement] INFO  server.RaftServerConfigKeys (ConfUtils.java:logGet(46)) - raft.server.log.segment.cache.num.max = 2 (custom)
2024-02-27 07:52:41,766 [02eae07c-ff18-478f-b1e9-376b0db68b83-groupManagement] INFO  server.RaftServerConfigKeys (ConfUtils.java:logGet(46)) - raft.server.log.segment.cache.size.max = 200MB (=209715200) (default)
2024-02-27 07:52:41,767 [02eae07c-ff18-478f-b1e9-376b0db68b83-groupManagement] INFO  server.RaftServerConfigKeys (ConfUtils.java:logGet(46)) - raft.server.log.appender.buffer.byte-limit = 8388608 (custom)
2024-02-27 07:52:41,767 [02eae07c-ff18-478f-b1e9-376b0db68b83-groupManagement] INFO  util.AwaitToRun (AwaitToRun.java:start(81)) - Thread[02eae07c-ff18-478f-b1e9-376b0db68b83@group-976164448411-cacheEviction-AwaitToRun,5,main] started
2024-02-27 07:52:41,767 [02eae07c-ff18-478f-b1e9-376b0db68b83-groupManagement] INFO  segmented.SegmentedRaftLogWorker (SegmentedRaftLogWorker.java:<init>(182)) - new 02eae07c-ff18-478f-b1e9-376b0db68b83@group-976164448411-SegmentedRaftLogWorker for RaftStorageImpl:Storage Directory /home/runner/work/ozone/ozone/hadoop-ozone/integration-test/target/test-dir/MiniOzoneClusterImpl-bc2c81e0-d964-4a8e-97ca-887e98ec88c8/ozone-meta/datanode-2/ratis/aaa5b436-0321-440a-a764-976164448411
2024-02-27 07:52:41,767 [02eae07c-ff18-478f-b1e9-376b0db68b83-groupManagement] INFO  server.RaftServerConfigKeys (ConfUtils.java:logGet(46)) - raft.server.log.queue.byte-limit = 4294967296 (custom)
2024-02-27 07:52:41,767 [02eae07c-ff18-478f-b1e9-376b0db68b83-groupManagement] INFO  server.RaftServerConfigKeys (ConfUtils.java:logGet(46)) - raft.server.log.queue.element-limit = 1024 (custom)
2024-02-27 07:52:41,767 [02eae07c-ff18-478f-b1e9-376b0db68b83-groupManagement] INFO  server.RaftServerConfigKeys (ConfUtils.java:logGet(46)) - raft.server.log.segment.size.max = 67108864 (custom)
2024-02-27 07:52:41,767 [02eae07c-ff18-478f-b1e9-376b0db68b83-groupManagement] INFO  server.RaftServerConfigKeys (ConfUtils.java:logGet(46)) - raft.server.log.preallocated.size = 4194304 (custom)
2024-02-27 07:52:41,767 [02eae07c-ff18-478f-b1e9-376b0db68b83-groupManagement] INFO  server.RaftServerConfigKeys (ConfUtils.java:logGet(46)) - raft.server.log.force.sync.num = 128 (default)
2024-02-27 07:52:41,767 [02eae07c-ff18-478f-b1e9-376b0db68b83-groupManagement] INFO  server.RaftServerConfigKeys (ConfUtils.java:logGet(46)) - raft.server.log.statemachine.data.sync = true (default)
2024-02-27 07:52:41,767 [02eae07c-ff18-478f-b1e9-376b0db68b83-groupManagement] INFO  server.RaftServerConfigKeys (ConfUtils.java:logGet(46)) - raft.server.log.statemachine.data.sync.timeout = 10s (default)
2024-02-27 07:52:41,767 [02eae07c-ff18-478f-b1e9-376b0db68b83-groupManagement] INFO  server.RaftServerConfigKeys (ConfUtils.java:logGet(46)) - raft.server.log.statemachine.data.sync.timeout.retry = 0 (custom)
2024-02-27 07:52:41,768 [02eae07c-ff18-478f-b1e9-376b0db68b83-groupManagement] INFO  server.RaftServerConfigKeys (ConfUtils.java:logGet(46)) - raft.server.log.write.buffer.size = 8388616 (custom)
2024-02-27 07:52:41,769 [02eae07c-ff18-478f-b1e9-376b0db68b83-groupManagement] INFO  server.RaftServerConfigKeys (ConfUtils.java:logGet(46)) - raft.server.log.appender.buffer.byte-limit = 8388608 (custom)
2024-02-27 07:52:41,769 [02eae07c-ff18-478f-b1e9-376b0db68b83-groupManagement] INFO  server.RaftServerConfigKeys (ConfUtils.java:logGet(46)) - raft.server.log.unsafe-flush.enabled = false (default)
2024-02-27 07:52:41,769 [02eae07c-ff18-478f-b1e9-376b0db68b83-groupManagement] INFO  server.RaftServerConfigKeys (ConfUtils.java:logGet(46)) - raft.server.log.async-flush.enabled = false (default)
2024-02-27 07:52:41,769 [02eae07c-ff18-478f-b1e9-376b0db68b83-groupManagement] INFO  server.RaftServerConfigKeys (ConfUtils.java:logGet(46)) - raft.server.log.statemachine.data.caching.enabled = true (custom)
2024-02-27 07:52:41,769 [02eae07c-ff18-478f-b1e9-376b0db68b83-groupManagement] INFO  segmented.SegmentedRaftLogWorker (SegmentedRaftLogWorker.java:lambda$new$0(134)) - 02eae07c-ff18-478f-b1e9-376b0db68b83@group-976164448411-SegmentedRaftLogWorker: flushIndex: setUnconditionally 0 -> -1
2024-02-27 07:52:41,769 [02eae07c-ff18-478f-b1e9-376b0db68b83-groupManagement] INFO  segmented.SegmentedRaftLogWorker (SegmentedRaftLogWorker.java:lambda$new$0(134)) - 02eae07c-ff18-478f-b1e9-376b0db68b83@group-976164448411-SegmentedRaftLogWorker: safeCacheEvictIndex: setUnconditionally 0 -> -1
2024-02-27 07:52:41,769 [02eae07c-ff18-478f-b1e9-376b0db68b83-groupManagement] INFO  server.RaftServer$Division (RaftServerImpl.java:start(396)) - 02eae07c-ff18-478f-b1e9-376b0db68b83@group-976164448411: start as a follower, conf=-1: peers:[02eae07c-ff18-478f-b1e9-376b0db68b83|10.1.0.19:15289]|listeners:[], old=null
2024-02-27 07:52:41,769 [02eae07c-ff18-478f-b1e9-376b0db68b83-groupManagement] INFO  server.RaftServer$Division (RaftServerImpl.java:setRole(383)) - 02eae07c-ff18-478f-b1e9-376b0db68b83@group-976164448411: changes role from      null to FOLLOWER at term 0 for startAsFollower
2024-02-27 07:52:41,769 [02eae07c-ff18-478f-b1e9-376b0db68b83-groupManagement] INFO  impl.RoleInfo (RoleInfo.java:updateAndGet(139)) - 02eae07c-ff18-478f-b1e9-376b0db68b83: start 02eae07c-ff18-478f-b1e9-376b0db68b83@group-976164448411-FollowerState
2024-02-27 07:52:41,770 [02eae07c-ff18-478f-b1e9-376b0db68b83-groupManagement] INFO  util.JmxRegister (JmxRegister.java:tryRegister(44)) - Successfully registered JMX Bean with object name Ratis:service=RaftServer,group=group-976164448411,id=02eae07c-ff18-478f-b1e9-376b0db68b83
2024-02-27 07:52:41,770 [02eae07c-ff18-478f-b1e9-376b0db68b83@group-976164448411-FollowerState] INFO  server.RaftServerConfigKeys (ConfUtils.java:logFallback(53)) - raft.server.rpc.first-election.timeout.min = 5s (fallback to raft.server.rpc.timeout.min)
2024-02-27 07:52:41,770 [02eae07c-ff18-478f-b1e9-376b0db68b83-groupManagement] INFO  server.RaftServerConfigKeys (ConfUtils.java:logGet(46)) - raft.server.snapshot.trigger-when-stop.enabled = true (default)
2024-02-27 07:52:41,770 [02eae07c-ff18-478f-b1e9-376b0db68b83-groupManagement] INFO  server.RaftServerConfigKeys (ConfUtils.java:logGet(46)) - raft.server.snapshot.auto.trigger.enabled = true (custom)
2024-02-27 07:52:41,770 [02eae07c-ff18-478f-b1e9-376b0db68b83@group-976164448411-FollowerState] INFO  server.RaftServerConfigKeys (ConfUtils.java:logFallback(53)) - raft.server.rpc.first-election.timeout.max = 5200ms (fallback to raft.server.rpc.timeout.max)
2024-02-27 07:52:41,770 [02eae07c-ff18-478f-b1e9-376b0db68b83-groupManagement] INFO  server.RaftServerConfigKeys (ConfUtils.java:logGet(46)) - raft.server.snapshot.auto.trigger.threshold = 10000 (custom)
2024-02-27 07:52:41,770 [02eae07c-ff18-478f-b1e9-376b0db68b83-groupManagement] INFO  server.RaftServerConfigKeys (ConfUtils.java:logGet(46)) - raft.server.snapshot.retention.file.num = 5 (custom)
2024-02-27 07:52:41,770 [02eae07c-ff18-478f-b1e9-376b0db68b83-groupManagement] INFO  server.RaftServerConfigKeys (ConfUtils.java:logGet(46)) - raft.server.log.purge.upto.snapshot.index = false (default)
2024-02-27 07:52:41,770 [02eae07c-ff18-478f-b1e9-376b0db68b83-PipelineCommandHandlerThread-0] INFO  ratis.XceiverServerRatis (XceiverServerRatis.java:addGroup(864)) - Created group PipelineID=aaa5b436-0321-440a-a764-976164448411
2024-02-27 07:52:41,770 [02eae07c-ff18-478f-b1e9-376b0db68b83-PipelineCommandHandlerThread-0] INFO  commandhandler.CreatePipelineCommandHandler (CreatePipelineCommandHandler.java:lambda$handle$2(124)) - Created Pipeline RATIS ONE PipelineID=aaa5b436-0321-440a-a764-976164448411.
2024-02-27 07:52:41,771 [02eae07c-ff18-478f-b1e9-376b0db68b83-groupManagement] INFO  server.RaftServer$Division (RaftServerImpl.java:<init>(256)) - 02eae07c-ff18-478f-b1e9-376b0db68b83: new RaftServerImpl for group-310941231D46:[f12618e3-137b-46a0-90dc-e366378777c0|10.1.0.19:15298, 02eae07c-ff18-478f-b1e9-376b0db68b83|10.1.0.19:15289, 8e331bed-8646-4d1b-92f8-14089c74cd0e|10.1.0.19:15280] with ContainerStateMachine:uninitialized
2024-02-27 07:52:41,771 [02eae07c-ff18-478f-b1e9-376b0db68b83-groupManagement] INFO  server.RaftServerConfigKeys (ConfUtils.java:logGet(46)) - raft.server.rpc.timeout.min = 5s (custom)
2024-02-27 07:52:41,771 [02eae07c-ff18-478f-b1e9-376b0db68b83-groupManagement] INFO  server.RaftServerConfigKeys (ConfUtils.java:logGet(46)) - raft.server.rpc.timeout.max = 5200ms (custom)
2024-02-27 07:52:41,771 [02eae07c-ff18-478f-b1e9-376b0db68b83-groupManagement] INFO  server.RaftServerConfigKeys (ConfUtils.java:logGet(46)) - raft.server.rpc.sleep.time = 25ms (default)
2024-02-27 07:52:41,771 [02eae07c-ff18-478f-b1e9-376b0db68b83-groupManagement] INFO  server.RaftServerConfigKeys (ConfUtils.java:logGet(46)) - raft.server.rpc.slowness.timeout = 300s (custom)
2024-02-27 07:52:41,771 [02eae07c-ff18-478f-b1e9-376b0db68b83-groupManagement] INFO  server.RaftServerConfigKeys (ConfUtils.java:logGet(46)) - raft.server.leaderelection.leader.step-down.wait-time = 10s (default)
2024-02-27 07:52:41,771 [02eae07c-ff18-478f-b1e9-376b0db68b83-groupManagement] INFO  server.RaftServerConfigKeys (ConfUtils.java:logGet(46)) - raft.server.leaderelection.member.majority-add = false (default)
2024-02-27 07:52:41,771 [02eae07c-ff18-478f-b1e9-376b0db68b83-groupManagement] INFO  server.RaftServerConfigKeys (ConfUtils.java:logGet(46)) - raft.server.sleep.deviation.threshold = 300ms (default)
2024-02-27 07:52:41,771 [02eae07c-ff18-478f-b1e9-376b0db68b83-groupManagement] INFO  server.RaftServer$Division (ServerState.java:<init>(113)) - 02eae07c-ff18-478f-b1e9-376b0db68b83@group-310941231D46: ConfigurationManager, init=-1: peers:[f12618e3-137b-46a0-90dc-e366378777c0|10.1.0.19:15298, 02eae07c-ff18-478f-b1e9-376b0db68b83|10.1.0.19:15289, 8e331bed-8646-4d1b-92f8-14089c74cd0e|10.1.0.19:15280]|listeners:[], old=null, confs=<EMPTY_MAP>
2024-02-27 07:52:41,771 [02eae07c-ff18-478f-b1e9-376b0db68b83-groupManagement] INFO  server.RaftServerConfigKeys (ConfUtils.java:logGet(46)) - raft.server.notification.no-leader.timeout = 300s (custom)
2024-02-27 07:52:41,772 [02eae07c-ff18-478f-b1e9-376b0db68b83-groupManagement] INFO  server.RaftServerConfigKeys (ConfUtils.java:logGet(46)) - raft.server.read.timeout = 10s (default)
2024-02-27 07:52:41,772 [02eae07c-ff18-478f-b1e9-376b0db68b83-groupManagement] INFO  server.RaftServerConfigKeys (ConfUtils.java:logGet(46)) - raft.server.retrycache.expirytime = 600000ms (custom)
2024-02-27 07:52:41,772 [02eae07c-ff18-478f-b1e9-376b0db68b83-groupManagement] INFO  server.RaftServerConfigKeys (ConfUtils.java:logGet(46)) - raft.server.retrycache.statistics.expirytime = 100ms (default)
2024-02-27 07:52:41,772 [02eae07c-ff18-478f-b1e9-376b0db68b83-groupManagement] INFO  server.RaftServerConfigKeys (ConfUtils.java:logGet(46)) - raft.server.read.option = DEFAULT (default)
2024-02-27 07:52:41,772 [02eae07c-ff18-478f-b1e9-376b0db68b83-groupManagement] INFO  server.RaftServerConfigKeys (ConfUtils.java:logGet(46)) - raft.server.read.read-after-write-consistent.write-index-cache.expiry-time = 60s (default)
2024-02-27 07:52:41,773 [02eae07c-ff18-478f-b1e9-376b0db68b83-groupManagement] INFO  server.RaftServerConfigKeys (ConfUtils.java:logGet(46)) - raft.server.rpc.request.timeout = 60s (custom)
2024-02-27 07:52:41,773 [02eae07c-ff18-478f-b1e9-376b0db68b83-groupManagement] INFO  server.RaftServerConfigKeys (ConfUtils.java:logGet(46)) - raft.server.log.appender.install.snapshot.enabled = false (custom)
2024-02-27 07:52:41,773 [02eae07c-ff18-478f-b1e9-376b0db68b83-groupManagement] INFO  server.RaftServerConfigKeys (ConfUtils.java:logGet(46)) - raft.server.threadpool.server.cached = true (default)
2024-02-27 07:52:41,773 [02eae07c-ff18-478f-b1e9-376b0db68b83-groupManagement] INFO  server.RaftServerConfigKeys (ConfUtils.java:logGet(46)) - raft.server.threadpool.server.size = 0 (default)
2024-02-27 07:52:41,773 [02eae07c-ff18-478f-b1e9-376b0db68b83-groupManagement] INFO  server.RaftServerConfigKeys (ConfUtils.java:logGet(46)) - raft.server.threadpool.client.cached = true (default)
2024-02-27 07:52:41,773 [02eae07c-ff18-478f-b1e9-376b0db68b83-groupManagement] INFO  server.RaftServerConfigKeys (ConfUtils.java:logGet(46)) - raft.server.threadpool.client.size = 0 (default)
2024-02-27 07:52:41,773 [02eae07c-ff18-478f-b1e9-376b0db68b83-groupManagement] INFO  server.RaftServerConfigKeys (ConfUtils.java:logGet(46)) - raft.server.storage.free-space.min = 0MB (=0) (default)
2024-02-27 07:52:41,773 [02eae07c-ff18-478f-b1e9-376b0db68b83-groupManagement] INFO  server.RaftServerConfigKeys (ConfUtils.java:logGet(46)) - raft.server.log.corruption.policy = EXCEPTION (default)
2024-02-27 07:52:41,773 [02eae07c-ff18-478f-b1e9-376b0db68b83-groupManagement] INFO  server.RaftServerConfigKeys (ConfUtils.java:logGet(46)) - raft.server.storage.dir = [/home/runner/work/ozone/ozone/hadoop-ozone/integration-test/target/test-dir/MiniOzoneClusterImpl-bc2c81e0-d964-4a8e-97ca-887e98ec88c8/ozone-meta/datanode-2/ratis] (custom)
2024-02-27 07:52:41,773 [02eae07c-ff18-478f-b1e9-376b0db68b83-groupManagement] INFO  storage.RaftStorageDirectory (RaftStorageDirectoryImpl.java:analyzeStorage(138)) - The storage directory /home/runner/work/ozone/ozone/hadoop-ozone/integration-test/target/test-dir/MiniOzoneClusterImpl-bc2c81e0-d964-4a8e-97ca-887e98ec88c8/ozone-meta/datanode-2/ratis/0d6a656d-438f-42c5-8514-310941231d46 does not exist. Creating ...
2024-02-27 07:52:41,774 [02eae07c-ff18-478f-b1e9-376b0db68b83-groupManagement] INFO  storage.RaftStorageDirectory (RaftStorageDirectoryImpl.java:tryLock(228)) - Lock on /home/runner/work/ozone/ozone/hadoop-ozone/integration-test/target/test-dir/MiniOzoneClusterImpl-bc2c81e0-d964-4a8e-97ca-887e98ec88c8/ozone-meta/datanode-2/ratis/0d6a656d-438f-42c5-8514-310941231d46/in_use.lock acquired by nodename 40924@fv-az699-61
2024-02-27 07:52:41,775 [02eae07c-ff18-478f-b1e9-376b0db68b83-groupManagement] INFO  storage.RaftStorage (RaftStorageImpl.java:format(99)) - Storage directory /home/runner/work/ozone/ozone/hadoop-ozone/integration-test/target/test-dir/MiniOzoneClusterImpl-bc2c81e0-d964-4a8e-97ca-887e98ec88c8/ozone-meta/datanode-2/ratis/0d6a656d-438f-42c5-8514-310941231d46 has been successfully formatted.
2024-02-27 07:52:41,775 [02eae07c-ff18-478f-b1e9-376b0db68b83-groupManagement] WARN  util.FileUtils (LogUtils.java:supplyAndLog(63)) - Failed to Files.newInputStream /home/runner/work/ozone/ozone/hadoop-ozone/integration-test/target/test-dir/MiniOzoneClusterImpl-bc2c81e0-d964-4a8e-97ca-887e98ec88c8/ozone-meta/datanode-2/ratis/0d6a656d-438f-42c5-8514-310941231d46/current/raft-meta.conf with options []: java.nio.file.NoSuchFileException: /home/runner/work/ozone/ozone/hadoop-ozone/integration-test/target/test-dir/MiniOzoneClusterImpl-bc2c81e0-d964-4a8e-97ca-887e98ec88c8/ozone-meta/datanode-2/ratis/0d6a656d-438f-42c5-8514-310941231d46/current/raft-meta.conf
2024-02-27 07:52:41,775 [02eae07c-ff18-478f-b1e9-376b0db68b83-groupManagement] INFO  ratis.ContainerStateMachine (ContainerStateMachine.java:loadSnapshot(287)) - group-310941231D46: The snapshot info is null. Setting the last applied index to:(t:0, i:~)
2024-02-27 07:52:41,776 [02eae07c-ff18-478f-b1e9-376b0db68b83-groupManagement] INFO  server.RaftServerConfigKeys (ConfUtils.java:logGet(46)) - raft.server.log.use.memory = false (default)
2024-02-27 07:52:41,776 [02eae07c-ff18-478f-b1e9-376b0db68b83-groupManagement] INFO  server.RaftServerConfigKeys (ConfUtils.java:logGet(46)) - raft.server.log.purge.gap = 1000000 (custom)
2024-02-27 07:52:41,776 [02eae07c-ff18-478f-b1e9-376b0db68b83-groupManagement] INFO  server.RaftServerConfigKeys (ConfUtils.java:logGet(46)) - raft.server.log.appender.buffer.byte-limit = 8388608 (custom)
2024-02-27 07:52:41,776 [02eae07c-ff18-478f-b1e9-376b0db68b83-groupManagement] INFO  server.RaftServerConfigKeys (ConfUtils.java:logGet(46)) - raft.server.log.statemachine.data.read.timeout = 1000ms (default)
2024-02-27 07:52:41,776 [02eae07c-ff18-478f-b1e9-376b0db68b83-groupManagement] INFO  server.RaftServerConfigKeys (ConfUtils.java:logGet(46)) - raft.server.log.purge.preservation.log.num = 0 (default)
2024-02-27 07:52:41,776 [EventQueue-OpenPipelineForHealthyPipelineSafeModeRule] INFO  safemode.SCMSafeModeManager (HealthyPipelineSafeModeRule.java:process(140)) - SCM in safe mode. Healthy pipelines reported count is 0, required healthy pipeline reported count is 1
2024-02-27 07:52:41,777 [02eae07c-ff18-478f-b1e9-376b0db68b83-groupManagement] INFO  server.RaftServerConfigKeys (ConfUtils.java:logGet(46)) - raft.server.log.segment.size.max = 67108864 (custom)
2024-02-27 07:52:41,777 [02eae07c-ff18-478f-b1e9-376b0db68b83-groupManagement] INFO  server.RaftServerConfigKeys (ConfUtils.java:logGet(46)) - raft.server.log.segment.cache.num.max = 2 (custom)
2024-02-27 07:52:41,777 [02eae07c-ff18-478f-b1e9-376b0db68b83-groupManagement] INFO  server.RaftServerConfigKeys (ConfUtils.java:logGet(46)) - raft.server.log.segment.cache.size.max = 200MB (=209715200) (default)
2024-02-27 07:52:41,777 [02eae07c-ff18-478f-b1e9-376b0db68b83-groupManagement] INFO  server.RaftServerConfigKeys (ConfUtils.java:logGet(46)) - raft.server.log.appender.buffer.byte-limit = 8388608 (custom)
2024-02-27 07:52:41,777 [02eae07c-ff18-478f-b1e9-376b0db68b83-groupManagement] INFO  util.AwaitToRun (AwaitToRun.java:start(81)) - Thread[02eae07c-ff18-478f-b1e9-376b0db68b83@group-310941231D46-cacheEviction-AwaitToRun,5,main] started
2024-02-27 07:52:41,777 [02eae07c-ff18-478f-b1e9-376b0db68b83-groupManagement] INFO  segmented.SegmentedRaftLogWorker (SegmentedRaftLogWorker.java:<init>(182)) - new 02eae07c-ff18-478f-b1e9-376b0db68b83@group-310941231D46-SegmentedRaftLogWorker for RaftStorageImpl:Storage Directory /home/runner/work/ozone/ozone/hadoop-ozone/integration-test/target/test-dir/MiniOzoneClusterImpl-bc2c81e0-d964-4a8e-97ca-887e98ec88c8/ozone-meta/datanode-2/ratis/0d6a656d-438f-42c5-8514-310941231d46
2024-02-27 07:52:41,777 [02eae07c-ff18-478f-b1e9-376b0db68b83-groupManagement] INFO  server.RaftServerConfigKeys (ConfUtils.java:logGet(46)) - raft.server.log.queue.byte-limit = 4294967296 (custom)
2024-02-27 07:52:41,777 [02eae07c-ff18-478f-b1e9-376b0db68b83-groupManagement] INFO  server.RaftServerConfigKeys (ConfUtils.java:logGet(46)) - raft.server.log.queue.element-limit = 1024 (custom)
2024-02-27 07:52:41,777 [02eae07c-ff18-478f-b1e9-376b0db68b83-groupManagement] INFO  server.RaftServerConfigKeys (ConfUtils.java:logGet(46)) - raft.server.log.segment.size.max = 67108864 (custom)
2024-02-27 07:52:41,777 [02eae07c-ff18-478f-b1e9-376b0db68b83-groupManagement] INFO  server.RaftServerConfigKeys (ConfUtils.java:logGet(46)) - raft.server.log.preallocated.size = 4194304 (custom)
2024-02-27 07:52:41,777 [02eae07c-ff18-478f-b1e9-376b0db68b83-groupManagement] INFO  server.RaftServerConfigKeys (ConfUtils.java:logGet(46)) - raft.server.log.force.sync.num = 128 (default)
2024-02-27 07:52:41,778 [02eae07c-ff18-478f-b1e9-376b0db68b83-groupManagement] INFO  server.RaftServerConfigKeys (ConfUtils.java:logGet(46)) - raft.server.log.statemachine.data.sync = true (default)
2024-02-27 07:52:41,778 [02eae07c-ff18-478f-b1e9-376b0db68b83-groupManagement] INFO  server.RaftServerConfigKeys (ConfUtils.java:logGet(46)) - raft.server.log.statemachine.data.sync.timeout = 10s (default)
2024-02-27 07:52:41,778 [02eae07c-ff18-478f-b1e9-376b0db68b83-groupManagement] INFO  server.RaftServerConfigKeys (ConfUtils.java:logGet(46)) - raft.server.log.statemachine.data.sync.timeout.retry = 0 (custom)
2024-02-27 07:52:41,778 [02eae07c-ff18-478f-b1e9-376b0db68b83-groupManagement] INFO  server.RaftServerConfigKeys (ConfUtils.java:logGet(46)) - raft.server.log.write.buffer.size = 8388616 (custom)
2024-02-27 07:52:41,779 [02eae07c-ff18-478f-b1e9-376b0db68b83-groupManagement] INFO  server.RaftServerConfigKeys (ConfUtils.java:logGet(46)) - raft.server.log.appender.buffer.byte-limit = 8388608 (custom)
2024-02-27 07:52:41,779 [02eae07c-ff18-478f-b1e9-376b0db68b83-groupManagement] INFO  server.RaftServerConfigKeys (ConfUtils.java:logGet(46)) - raft.server.log.unsafe-flush.enabled = false (default)
2024-02-27 07:52:41,779 [02eae07c-ff18-478f-b1e9-376b0db68b83-groupManagement] INFO  server.RaftServerConfigKeys (ConfUtils.java:logGet(46)) - raft.server.log.async-flush.enabled = false (default)
2024-02-27 07:52:41,779 [02eae07c-ff18-478f-b1e9-376b0db68b83-groupManagement] INFO  server.RaftServerConfigKeys (ConfUtils.java:logGet(46)) - raft.server.log.statemachine.data.caching.enabled = true (custom)
2024-02-27 07:52:41,779 [02eae07c-ff18-478f-b1e9-376b0db68b83-groupManagement] INFO  segmented.SegmentedRaftLogWorker (SegmentedRaftLogWorker.java:lambda$new$0(134)) - 02eae07c-ff18-478f-b1e9-376b0db68b83@group-310941231D46-SegmentedRaftLogWorker: flushIndex: setUnconditionally 0 -> -1
2024-02-27 07:52:41,779 [02eae07c-ff18-478f-b1e9-376b0db68b83-groupManagement] INFO  segmented.SegmentedRaftLogWorker (SegmentedRaftLogWorker.java:lambda$new$0(134)) - 02eae07c-ff18-478f-b1e9-376b0db68b83@group-310941231D46-SegmentedRaftLogWorker: safeCacheEvictIndex: setUnconditionally 0 -> -1
2024-02-27 07:52:41,779 [02eae07c-ff18-478f-b1e9-376b0db68b83-groupManagement] INFO  server.RaftServer$Division (RaftServerImpl.java:start(396)) - 02eae07c-ff18-478f-b1e9-376b0db68b83@group-310941231D46: start as a follower, conf=-1: peers:[f12618e3-137b-46a0-90dc-e366378777c0|10.1.0.19:15298, 02eae07c-ff18-478f-b1e9-376b0db68b83|10.1.0.19:15289, 8e331bed-8646-4d1b-92f8-14089c74cd0e|10.1.0.19:15280]|listeners:[], old=null
2024-02-27 07:52:41,780 [02eae07c-ff18-478f-b1e9-376b0db68b83-groupManagement] INFO  server.RaftServer$Division (RaftServerImpl.java:setRole(383)) - 02eae07c-ff18-478f-b1e9-376b0db68b83@group-310941231D46: changes role from      null to FOLLOWER at term 0 for startAsFollower
2024-02-27 07:52:41,780 [02eae07c-ff18-478f-b1e9-376b0db68b83-groupManagement] INFO  impl.RoleInfo (RoleInfo.java:updateAndGet(139)) - 02eae07c-ff18-478f-b1e9-376b0db68b83: start 02eae07c-ff18-478f-b1e9-376b0db68b83@group-310941231D46-FollowerState
2024-02-27 07:52:41,780 [02eae07c-ff18-478f-b1e9-376b0db68b83@group-310941231D46-FollowerState] INFO  server.RaftServerConfigKeys (ConfUtils.java:logFallback(53)) - raft.server.rpc.first-election.timeout.min = 5s (fallback to raft.server.rpc.timeout.min)
2024-02-27 07:52:41,780 [02eae07c-ff18-478f-b1e9-376b0db68b83@group-310941231D46-FollowerState] INFO  server.RaftServerConfigKeys (ConfUtils.java:logFallback(53)) - raft.server.rpc.first-election.timeout.max = 5200ms (fallback to raft.server.rpc.timeout.max)
2024-02-27 07:52:41,780 [02eae07c-ff18-478f-b1e9-376b0db68b83-groupManagement] INFO  util.JmxRegister (JmxRegister.java:tryRegister(44)) - Successfully registered JMX Bean with object name Ratis:service=RaftServer,group=group-310941231D46,id=02eae07c-ff18-478f-b1e9-376b0db68b83
2024-02-27 07:52:41,780 [02eae07c-ff18-478f-b1e9-376b0db68b83-groupManagement] INFO  server.RaftServerConfigKeys (ConfUtils.java:logGet(46)) - raft.server.snapshot.trigger-when-stop.enabled = true (default)
2024-02-27 07:52:41,780 [02eae07c-ff18-478f-b1e9-376b0db68b83-groupManagement] INFO  server.RaftServerConfigKeys (ConfUtils.java:logGet(46)) - raft.server.snapshot.auto.trigger.enabled = true (custom)
2024-02-27 07:52:41,780 [02eae07c-ff18-478f-b1e9-376b0db68b83-groupManagement] INFO  server.RaftServerConfigKeys (ConfUtils.java:logGet(46)) - raft.server.snapshot.auto.trigger.threshold = 10000 (custom)
2024-02-27 07:52:41,780 [02eae07c-ff18-478f-b1e9-376b0db68b83-groupManagement] INFO  server.RaftServerConfigKeys (ConfUtils.java:logGet(46)) - raft.server.snapshot.retention.file.num = 5 (custom)
2024-02-27 07:52:41,780 [02eae07c-ff18-478f-b1e9-376b0db68b83-groupManagement] INFO  server.RaftServerConfigKeys (ConfUtils.java:logGet(46)) - raft.server.log.purge.upto.snapshot.index = false (default)
2024-02-27 07:52:41,783 [8e331bed-8646-4d1b-92f8-14089c74cd0e-PipelineCommandHandlerThread-0] INFO  commandhandler.CreatePipelineCommandHandler (CreatePipelineCommandHandler.java:lambda$handle$2(124)) - Created Pipeline RATIS THREE PipelineID=0d6a656d-438f-42c5-8514-310941231d46.
2024-02-27 07:52:41,844 [f12618e3-137b-46a0-90dc-e366378777c0-PipelineCommandHandlerThread-0] INFO  server.RaftServer (RaftServerProxy.java:addNew(100)) - f12618e3-137b-46a0-90dc-e366378777c0: addNew group-AA3C285DE8E0:[f12618e3-137b-46a0-90dc-e366378777c0|10.1.0.19:15298] returns group-AA3C285DE8E0:java.util.concurrent.CompletableFuture@18613b9a[Not completed]
2024-02-27 07:52:41,844 [f12618e3-137b-46a0-90dc-e366378777c0-groupManagement] INFO  server.RaftServer$Division (RaftServerImpl.java:<init>(256)) - f12618e3-137b-46a0-90dc-e366378777c0: new RaftServerImpl for group-AA3C285DE8E0:[f12618e3-137b-46a0-90dc-e366378777c0|10.1.0.19:15298] with ContainerStateMachine:uninitialized
2024-02-27 07:52:41,844 [f12618e3-137b-46a0-90dc-e366378777c0-groupManagement] INFO  server.RaftServerConfigKeys (ConfUtils.java:logGet(46)) - raft.server.rpc.timeout.min = 5s (custom)
2024-02-27 07:52:41,844 [f12618e3-137b-46a0-90dc-e366378777c0-groupManagement] INFO  server.RaftServerConfigKeys (ConfUtils.java:logGet(46)) - raft.server.rpc.timeout.max = 5200ms (custom)
2024-02-27 07:52:41,844 [f12618e3-137b-46a0-90dc-e366378777c0-groupManagement] INFO  server.RaftServerConfigKeys (ConfUtils.java:logGet(46)) - raft.server.rpc.sleep.time = 25ms (default)
2024-02-27 07:52:41,844 [f12618e3-137b-46a0-90dc-e366378777c0-groupManagement] INFO  server.RaftServerConfigKeys (ConfUtils.java:logGet(46)) - raft.server.rpc.slowness.timeout = 300s (custom)
2024-02-27 07:52:41,845 [f12618e3-137b-46a0-90dc-e366378777c0-groupManagement] INFO  server.RaftServerConfigKeys (ConfUtils.java:logGet(46)) - raft.server.leaderelection.leader.step-down.wait-time = 10s (default)
2024-02-27 07:52:41,845 [main] INFO  ozone.MiniOzoneClusterImpl (MiniOzoneClusterImpl.java:lambda$waitForClusterToBeReady$0(195)) - Nodes are ready. Got 3 of 3 DN Heartbeats.
2024-02-27 07:52:41,845 [main] INFO  ozone.MiniOzoneClusterImpl (MiniOzoneClusterImpl.java:lambda$waitForClusterToBeReady$0(198)) - Waiting for cluster to exit safe mode
2024-02-27 07:52:41,845 [main] INFO  ozone.MiniOzoneClusterImpl (MiniOzoneClusterImpl.java:lambda$waitForClusterToBeReady$0(200)) - SCM became leader
2024-02-27 07:52:41,845 [f12618e3-137b-46a0-90dc-e366378777c0-groupManagement] INFO  server.RaftServerConfigKeys (ConfUtils.java:logGet(46)) - raft.server.leaderelection.member.majority-add = false (default)
2024-02-27 07:52:41,845 [f12618e3-137b-46a0-90dc-e366378777c0-groupManagement] INFO  server.RaftServerConfigKeys (ConfUtils.java:logGet(46)) - raft.server.sleep.deviation.threshold = 300ms (default)
2024-02-27 07:52:41,845 [f12618e3-137b-46a0-90dc-e366378777c0-groupManagement] INFO  server.RaftServer$Division (ServerState.java:<init>(113)) - f12618e3-137b-46a0-90dc-e366378777c0@group-AA3C285DE8E0: ConfigurationManager, init=-1: peers:[f12618e3-137b-46a0-90dc-e366378777c0|10.1.0.19:15298]|listeners:[], old=null, confs=<EMPTY_MAP>
2024-02-27 07:52:41,845 [f12618e3-137b-46a0-90dc-e366378777c0-groupManagement] INFO  server.RaftServerConfigKeys (ConfUtils.java:logGet(46)) - raft.server.notification.no-leader.timeout = 300s (custom)
2024-02-27 07:52:41,845 [f12618e3-137b-46a0-90dc-e366378777c0-groupManagement] INFO  server.RaftServerConfigKeys (ConfUtils.java:logGet(46)) - raft.server.read.timeout = 10s (default)
2024-02-27 07:52:41,845 [f12618e3-137b-46a0-90dc-e366378777c0-groupManagement] INFO  server.RaftServerConfigKeys (ConfUtils.java:logGet(46)) - raft.server.retrycache.expirytime = 600000ms (custom)
2024-02-27 07:52:41,845 [f12618e3-137b-46a0-90dc-e366378777c0-groupManagement] INFO  server.RaftServerConfigKeys (ConfUtils.java:logGet(46)) - raft.server.retrycache.statistics.expirytime = 100ms (default)
2024-02-27 07:52:41,846 [f12618e3-137b-46a0-90dc-e366378777c0-groupManagement] INFO  server.RaftServerConfigKeys (ConfUtils.java:logGet(46)) - raft.server.read.option = DEFAULT (default)
2024-02-27 07:52:41,846 [f12618e3-137b-46a0-90dc-e366378777c0-groupManagement] INFO  server.RaftServerConfigKeys (ConfUtils.java:logGet(46)) - raft.server.read.read-after-write-consistent.write-index-cache.expiry-time = 60s (default)
2024-02-27 07:52:41,847 [f12618e3-137b-46a0-90dc-e366378777c0-groupManagement] INFO  server.RaftServerConfigKeys (ConfUtils.java:logGet(46)) - raft.server.rpc.request.timeout = 60s (custom)
2024-02-27 07:52:41,847 [f12618e3-137b-46a0-90dc-e366378777c0-groupManagement] INFO  server.RaftServerConfigKeys (ConfUtils.java:logGet(46)) - raft.server.log.appender.install.snapshot.enabled = false (custom)
2024-02-27 07:52:41,847 [f12618e3-137b-46a0-90dc-e366378777c0-groupManagement] INFO  server.RaftServerConfigKeys (ConfUtils.java:logGet(46)) - raft.server.threadpool.server.cached = true (default)
2024-02-27 07:52:41,847 [f12618e3-137b-46a0-90dc-e366378777c0-groupManagement] INFO  server.RaftServerConfigKeys (ConfUtils.java:logGet(46)) - raft.server.threadpool.server.size = 0 (default)
2024-02-27 07:52:41,847 [f12618e3-137b-46a0-90dc-e366378777c0-groupManagement] INFO  server.RaftServerConfigKeys (ConfUtils.java:logGet(46)) - raft.server.threadpool.client.cached = true (default)
2024-02-27 07:52:41,847 [f12618e3-137b-46a0-90dc-e366378777c0-groupManagement] INFO  server.RaftServerConfigKeys (ConfUtils.java:logGet(46)) - raft.server.threadpool.client.size = 0 (default)
2024-02-27 07:52:41,847 [f12618e3-137b-46a0-90dc-e366378777c0-groupManagement] INFO  server.RaftServerConfigKeys (ConfUtils.java:logGet(46)) - raft.server.storage.free-space.min = 0MB (=0) (default)
2024-02-27 07:52:41,847 [f12618e3-137b-46a0-90dc-e366378777c0-groupManagement] INFO  server.RaftServerConfigKeys (ConfUtils.java:logGet(46)) - raft.server.log.corruption.policy = EXCEPTION (default)
2024-02-27 07:52:41,848 [f12618e3-137b-46a0-90dc-e366378777c0-groupManagement] INFO  server.RaftServerConfigKeys (ConfUtils.java:logGet(46)) - raft.server.storage.dir = [/home/runner/work/ozone/ozone/hadoop-ozone/integration-test/target/test-dir/MiniOzoneClusterImpl-bc2c81e0-d964-4a8e-97ca-887e98ec88c8/ozone-meta/datanode-3/ratis] (custom)
2024-02-27 07:52:41,848 [f12618e3-137b-46a0-90dc-e366378777c0-groupManagement] INFO  storage.RaftStorageDirectory (RaftStorageDirectoryImpl.java:analyzeStorage(138)) - The storage directory /home/runner/work/ozone/ozone/hadoop-ozone/integration-test/target/test-dir/MiniOzoneClusterImpl-bc2c81e0-d964-4a8e-97ca-887e98ec88c8/ozone-meta/datanode-3/ratis/96bc44d1-5a33-4d7f-83a8-aa3c285de8e0 does not exist. Creating ...
2024-02-27 07:52:41,849 [f12618e3-137b-46a0-90dc-e366378777c0-groupManagement] INFO  storage.RaftStorageDirectory (RaftStorageDirectoryImpl.java:tryLock(228)) - Lock on /home/runner/work/ozone/ozone/hadoop-ozone/integration-test/target/test-dir/MiniOzoneClusterImpl-bc2c81e0-d964-4a8e-97ca-887e98ec88c8/ozone-meta/datanode-3/ratis/96bc44d1-5a33-4d7f-83a8-aa3c285de8e0/in_use.lock acquired by nodename 40924@fv-az699-61
2024-02-27 07:52:41,849 [f12618e3-137b-46a0-90dc-e366378777c0-groupManagement] INFO  storage.RaftStorage (RaftStorageImpl.java:format(99)) - Storage directory /home/runner/work/ozone/ozone/hadoop-ozone/integration-test/target/test-dir/MiniOzoneClusterImpl-bc2c81e0-d964-4a8e-97ca-887e98ec88c8/ozone-meta/datanode-3/ratis/96bc44d1-5a33-4d7f-83a8-aa3c285de8e0 has been successfully formatted.
2024-02-27 07:52:41,850 [f12618e3-137b-46a0-90dc-e366378777c0-groupManagement] WARN  util.FileUtils (LogUtils.java:supplyAndLog(63)) - Failed to Files.newInputStream /home/runner/work/ozone/ozone/hadoop-ozone/integration-test/target/test-dir/MiniOzoneClusterImpl-bc2c81e0-d964-4a8e-97ca-887e98ec88c8/ozone-meta/datanode-3/ratis/96bc44d1-5a33-4d7f-83a8-aa3c285de8e0/current/raft-meta.conf with options []: java.nio.file.NoSuchFileException: /home/runner/work/ozone/ozone/hadoop-ozone/integration-test/target/test-dir/MiniOzoneClusterImpl-bc2c81e0-d964-4a8e-97ca-887e98ec88c8/ozone-meta/datanode-3/ratis/96bc44d1-5a33-4d7f-83a8-aa3c285de8e0/current/raft-meta.conf
2024-02-27 07:52:41,850 [f12618e3-137b-46a0-90dc-e366378777c0-groupManagement] INFO  ratis.ContainerStateMachine (ContainerStateMachine.java:loadSnapshot(287)) - group-AA3C285DE8E0: The snapshot info is null. Setting the last applied index to:(t:0, i:~)
2024-02-27 07:52:41,850 [f12618e3-137b-46a0-90dc-e366378777c0-groupManagement] INFO  server.RaftServerConfigKeys (ConfUtils.java:logGet(46)) - raft.server.log.use.memory = false (default)
2024-02-27 07:52:41,850 [f12618e3-137b-46a0-90dc-e366378777c0-groupManagement] INFO  server.RaftServerConfigKeys (ConfUtils.java:logGet(46)) - raft.server.log.purge.gap = 1000000 (custom)
2024-02-27 07:52:41,850 [f12618e3-137b-46a0-90dc-e366378777c0-groupManagement] INFO  server.RaftServerConfigKeys (ConfUtils.java:logGet(46)) - raft.server.log.appender.buffer.byte-limit = 8388608 (custom)
2024-02-27 07:52:41,850 [f12618e3-137b-46a0-90dc-e366378777c0-groupManagement] INFO  server.RaftServerConfigKeys (ConfUtils.java:logGet(46)) - raft.server.log.statemachine.data.read.timeout = 1000ms (default)
2024-02-27 07:52:41,850 [f12618e3-137b-46a0-90dc-e366378777c0-groupManagement] INFO  server.RaftServerConfigKeys (ConfUtils.java:logGet(46)) - raft.server.log.purge.preservation.log.num = 0 (default)
2024-02-27 07:52:41,851 [EventQueue-PipelineReportForPipelineReportHandler] INFO  pipeline.PipelineReportHandler (PipelineReportHandler.java:processPipelineReport(136)) - Opened pipeline PipelineID=96bc44d1-5a33-4d7f-83a8-aa3c285de8e0
2024-02-27 07:52:41,851 [f12618e3-137b-46a0-90dc-e366378777c0-groupManagement] INFO  server.RaftServerConfigKeys (ConfUtils.java:logGet(46)) - raft.server.log.segment.size.max = 67108864 (custom)
2024-02-27 07:52:41,851 [EventQueue-OpenPipelineForHealthyPipelineSafeModeRule] INFO  safemode.SCMSafeModeManager (HealthyPipelineSafeModeRule.java:process(140)) - SCM in safe mode. Healthy pipelines reported count is 0, required healthy pipeline reported count is 1
2024-02-27 07:52:41,851 [f12618e3-137b-46a0-90dc-e366378777c0-groupManagement] INFO  server.RaftServerConfigKeys (ConfUtils.java:logGet(46)) - raft.server.log.segment.cache.num.max = 2 (custom)
2024-02-27 07:52:41,851 [f12618e3-137b-46a0-90dc-e366378777c0-groupManagement] INFO  server.RaftServerConfigKeys (ConfUtils.java:logGet(46)) - raft.server.log.segment.cache.size.max = 200MB (=209715200) (default)
2024-02-27 07:52:41,851 [f12618e3-137b-46a0-90dc-e366378777c0-groupManagement] INFO  server.RaftServerConfigKeys (ConfUtils.java:logGet(46)) - raft.server.log.appender.buffer.byte-limit = 8388608 (custom)
2024-02-27 07:52:41,852 [f12618e3-137b-46a0-90dc-e366378777c0-groupManagement] INFO  util.AwaitToRun (AwaitToRun.java:start(81)) - Thread[f12618e3-137b-46a0-90dc-e366378777c0@group-AA3C285DE8E0-cacheEviction-AwaitToRun,5,main] started
2024-02-27 07:52:41,852 [f12618e3-137b-46a0-90dc-e366378777c0-groupManagement] INFO  segmented.SegmentedRaftLogWorker (SegmentedRaftLogWorker.java:<init>(182)) - new f12618e3-137b-46a0-90dc-e366378777c0@group-AA3C285DE8E0-SegmentedRaftLogWorker for RaftStorageImpl:Storage Directory /home/runner/work/ozone/ozone/hadoop-ozone/integration-test/target/test-dir/MiniOzoneClusterImpl-bc2c81e0-d964-4a8e-97ca-887e98ec88c8/ozone-meta/datanode-3/ratis/96bc44d1-5a33-4d7f-83a8-aa3c285de8e0
2024-02-27 07:52:41,852 [f12618e3-137b-46a0-90dc-e366378777c0-groupManagement] INFO  server.RaftServerConfigKeys (ConfUtils.java:logGet(46)) - raft.server.log.queue.byte-limit = 4294967296 (custom)
2024-02-27 07:52:41,852 [f12618e3-137b-46a0-90dc-e366378777c0-groupManagement] INFO  server.RaftServerConfigKeys (ConfUtils.java:logGet(46)) - raft.server.log.queue.element-limit = 1024 (custom)
2024-02-27 07:52:41,852 [f12618e3-137b-46a0-90dc-e366378777c0-groupManagement] INFO  server.RaftServerConfigKeys (ConfUtils.java:logGet(46)) - raft.server.log.segment.size.max = 67108864 (custom)
2024-02-27 07:52:41,852 [f12618e3-137b-46a0-90dc-e366378777c0-groupManagement] INFO  server.RaftServerConfigKeys (ConfUtils.java:logGet(46)) - raft.server.log.preallocated.size = 4194304 (custom)
2024-02-27 07:52:41,852 [f12618e3-137b-46a0-90dc-e366378777c0-groupManagement] INFO  server.RaftServerConfigKeys (ConfUtils.java:logGet(46)) - raft.server.log.force.sync.num = 128 (default)
2024-02-27 07:52:41,852 [f12618e3-137b-46a0-90dc-e366378777c0-groupManagement] INFO  server.RaftServerConfigKeys (ConfUtils.java:logGet(46)) - raft.server.log.statemachine.data.sync = true (default)
2024-02-27 07:52:41,852 [f12618e3-137b-46a0-90dc-e366378777c0-groupManagement] INFO  server.RaftServerConfigKeys (ConfUtils.java:logGet(46)) - raft.server.log.statemachine.data.sync.timeout = 10s (default)
2024-02-27 07:52:41,852 [f12618e3-137b-46a0-90dc-e366378777c0-groupManagement] INFO  server.RaftServerConfigKeys (ConfUtils.java:logGet(46)) - raft.server.log.statemachine.data.sync.timeout.retry = 0 (custom)
2024-02-27 07:52:41,852 [f12618e3-137b-46a0-90dc-e366378777c0-groupManagement] INFO  server.RaftServerConfigKeys (ConfUtils.java:logGet(46)) - raft.server.log.write.buffer.size = 8388616 (custom)
2024-02-27 07:52:41,853 [f12618e3-137b-46a0-90dc-e366378777c0-groupManagement] INFO  server.RaftServerConfigKeys (ConfUtils.java:logGet(46)) - raft.server.log.appender.buffer.byte-limit = 8388608 (custom)
2024-02-27 07:52:41,853 [f12618e3-137b-46a0-90dc-e366378777c0-groupManagement] INFO  server.RaftServerConfigKeys (ConfUtils.java:logGet(46)) - raft.server.log.unsafe-flush.enabled = false (default)
2024-02-27 07:52:41,854 [f12618e3-137b-46a0-90dc-e366378777c0-groupManagement] INFO  server.RaftServerConfigKeys (ConfUtils.java:logGet(46)) - raft.server.log.async-flush.enabled = false (default)
2024-02-27 07:52:41,854 [f12618e3-137b-46a0-90dc-e366378777c0-groupManagement] INFO  server.RaftServerConfigKeys (ConfUtils.java:logGet(46)) - raft.server.log.statemachine.data.caching.enabled = true (custom)
2024-02-27 07:52:41,854 [f12618e3-137b-46a0-90dc-e366378777c0-groupManagement] INFO  segmented.SegmentedRaftLogWorker (SegmentedRaftLogWorker.java:lambda$new$0(134)) - f12618e3-137b-46a0-90dc-e366378777c0@group-AA3C285DE8E0-SegmentedRaftLogWorker: flushIndex: setUnconditionally 0 -> -1
2024-02-27 07:52:41,854 [f12618e3-137b-46a0-90dc-e366378777c0-groupManagement] INFO  segmented.SegmentedRaftLogWorker (SegmentedRaftLogWorker.java:lambda$new$0(134)) - f12618e3-137b-46a0-90dc-e366378777c0@group-AA3C285DE8E0-SegmentedRaftLogWorker: safeCacheEvictIndex: setUnconditionally 0 -> -1
2024-02-27 07:52:41,854 [f12618e3-137b-46a0-90dc-e366378777c0-groupManagement] INFO  server.RaftServer$Division (RaftServerImpl.java:start(396)) - f12618e3-137b-46a0-90dc-e366378777c0@group-AA3C285DE8E0: start as a follower, conf=-1: peers:[f12618e3-137b-46a0-90dc-e366378777c0|10.1.0.19:15298]|listeners:[], old=null
2024-02-27 07:52:41,854 [f12618e3-137b-46a0-90dc-e366378777c0-groupManagement] INFO  server.RaftServer$Division (RaftServerImpl.java:setRole(383)) - f12618e3-137b-46a0-90dc-e366378777c0@group-AA3C285DE8E0: changes role from      null to FOLLOWER at term 0 for startAsFollower
2024-02-27 07:52:41,854 [f12618e3-137b-46a0-90dc-e366378777c0-groupManagement] INFO  impl.RoleInfo (RoleInfo.java:updateAndGet(139)) - f12618e3-137b-46a0-90dc-e366378777c0: start f12618e3-137b-46a0-90dc-e366378777c0@group-AA3C285DE8E0-FollowerState
2024-02-27 07:52:41,854 [f12618e3-137b-46a0-90dc-e366378777c0-groupManagement] INFO  util.JmxRegister (JmxRegister.java:tryRegister(44)) - Successfully registered JMX Bean with object name Ratis:service=RaftServer,group=group-AA3C285DE8E0,id=f12618e3-137b-46a0-90dc-e366378777c0
2024-02-27 07:52:41,854 [f12618e3-137b-46a0-90dc-e366378777c0@group-AA3C285DE8E0-FollowerState] INFO  server.RaftServerConfigKeys (ConfUtils.java:logFallback(53)) - raft.server.rpc.first-election.timeout.min = 5s (fallback to raft.server.rpc.timeout.min)
2024-02-27 07:52:41,854 [f12618e3-137b-46a0-90dc-e366378777c0-groupManagement] INFO  server.RaftServerConfigKeys (ConfUtils.java:logGet(46)) - raft.server.snapshot.trigger-when-stop.enabled = true (default)
2024-02-27 07:52:41,854 [f12618e3-137b-46a0-90dc-e366378777c0@group-AA3C285DE8E0-FollowerState] INFO  server.RaftServerConfigKeys (ConfUtils.java:logFallback(53)) - raft.server.rpc.first-election.timeout.max = 5200ms (fallback to raft.server.rpc.timeout.max)
2024-02-27 07:52:41,855 [f12618e3-137b-46a0-90dc-e366378777c0-groupManagement] INFO  server.RaftServerConfigKeys (ConfUtils.java:logGet(46)) - raft.server.snapshot.auto.trigger.enabled = true (custom)
2024-02-27 07:52:41,855 [f12618e3-137b-46a0-90dc-e366378777c0-groupManagement] INFO  server.RaftServerConfigKeys (ConfUtils.java:logGet(46)) - raft.server.snapshot.auto.trigger.threshold = 10000 (custom)
2024-02-27 07:52:41,855 [f12618e3-137b-46a0-90dc-e366378777c0-groupManagement] INFO  server.RaftServerConfigKeys (ConfUtils.java:logGet(46)) - raft.server.snapshot.retention.file.num = 5 (custom)
2024-02-27 07:52:41,855 [f12618e3-137b-46a0-90dc-e366378777c0-groupManagement] INFO  server.RaftServerConfigKeys (ConfUtils.java:logGet(46)) - raft.server.log.purge.upto.snapshot.index = false (default)
2024-02-27 07:52:41,855 [f12618e3-137b-46a0-90dc-e366378777c0-PipelineCommandHandlerThread-0] INFO  ratis.XceiverServerRatis (XceiverServerRatis.java:addGroup(864)) - Created group PipelineID=96bc44d1-5a33-4d7f-83a8-aa3c285de8e0
2024-02-27 07:52:41,855 [f12618e3-137b-46a0-90dc-e366378777c0-PipelineCommandHandlerThread-0] INFO  commandhandler.CreatePipelineCommandHandler (CreatePipelineCommandHandler.java:lambda$handle$2(124)) - Created Pipeline RATIS ONE PipelineID=96bc44d1-5a33-4d7f-83a8-aa3c285de8e0.
2024-02-27 07:52:42,845 [main] INFO  ozone.MiniOzoneClusterImpl (MiniOzoneClusterImpl.java:lambda$waitForClusterToBeReady$0(195)) - Nodes are ready. Got 3 of 3 DN Heartbeats.
2024-02-27 07:52:42,845 [main] INFO  ozone.MiniOzoneClusterImpl (MiniOzoneClusterImpl.java:lambda$waitForClusterToBeReady$0(198)) - Waiting for cluster to exit safe mode
2024-02-27 07:52:42,845 [main] INFO  ozone.MiniOzoneClusterImpl (MiniOzoneClusterImpl.java:lambda$waitForClusterToBeReady$0(200)) - SCM became leader
2024-02-27 07:52:43,846 [main] INFO  ozone.MiniOzoneClusterImpl (MiniOzoneClusterImpl.java:lambda$waitForClusterToBeReady$0(195)) - Nodes are ready. Got 3 of 3 DN Heartbeats.
2024-02-27 07:52:43,846 [main] INFO  ozone.MiniOzoneClusterImpl (MiniOzoneClusterImpl.java:lambda$waitForClusterToBeReady$0(198)) - Waiting for cluster to exit safe mode
2024-02-27 07:52:43,846 [main] INFO  ozone.MiniOzoneClusterImpl (MiniOzoneClusterImpl.java:lambda$waitForClusterToBeReady$0(200)) - SCM became leader
2024-02-27 07:52:44,846 [main] INFO  ozone.MiniOzoneClusterImpl (MiniOzoneClusterImpl.java:lambda$waitForClusterToBeReady$0(195)) - Nodes are ready. Got 3 of 3 DN Heartbeats.
2024-02-27 07:52:44,846 [main] INFO  ozone.MiniOzoneClusterImpl (MiniOzoneClusterImpl.java:lambda$waitForClusterToBeReady$0(198)) - Waiting for cluster to exit safe mode
2024-02-27 07:52:44,847 [main] INFO  ozone.MiniOzoneClusterImpl (MiniOzoneClusterImpl.java:lambda$waitForClusterToBeReady$0(200)) - SCM became leader
2024-02-27 07:52:45,847 [main] INFO  ozone.MiniOzoneClusterImpl (MiniOzoneClusterImpl.java:lambda$waitForClusterToBeReady$0(195)) - Nodes are ready. Got 3 of 3 DN Heartbeats.
2024-02-27 07:52:45,847 [main] INFO  ozone.MiniOzoneClusterImpl (MiniOzoneClusterImpl.java:lambda$waitForClusterToBeReady$0(198)) - Waiting for cluster to exit safe mode
2024-02-27 07:52:45,847 [main] INFO  ozone.MiniOzoneClusterImpl (MiniOzoneClusterImpl.java:lambda$waitForClusterToBeReady$0(200)) - SCM became leader
2024-02-27 07:52:46,702 [8e331bed-8646-4d1b-92f8-14089c74cd0e@group-616E728A8481-FollowerState] INFO  impl.FollowerState (FollowerState.java:run(143)) - 8e331bed-8646-4d1b-92f8-14089c74cd0e@group-616E728A8481-FollowerState: change to CANDIDATE, lastRpcElapsedTime:5037412943ns, electionTimeout:5037ms
2024-02-27 07:52:46,702 [8e331bed-8646-4d1b-92f8-14089c74cd0e@group-616E728A8481-FollowerState] INFO  impl.RoleInfo (RoleInfo.java:shutdownFollowerState(110)) - 8e331bed-8646-4d1b-92f8-14089c74cd0e: shutdown 8e331bed-8646-4d1b-92f8-14089c74cd0e@group-616E728A8481-FollowerState
2024-02-27 07:52:46,702 [8e331bed-8646-4d1b-92f8-14089c74cd0e@group-616E728A8481-FollowerState] INFO  server.RaftServer$Division (RaftServerImpl.java:setRole(383)) - 8e331bed-8646-4d1b-92f8-14089c74cd0e@group-616E728A8481: changes role from  FOLLOWER to CANDIDATE at term 0 for changeToCandidate
2024-02-27 07:52:46,702 [8e331bed-8646-4d1b-92f8-14089c74cd0e@group-616E728A8481-FollowerState] INFO  server.RaftServerConfigKeys (ConfUtils.java:logGet(46)) - raft.server.leaderelection.pre-vote = true (default)
2024-02-27 07:52:46,702 [8e331bed-8646-4d1b-92f8-14089c74cd0e@group-616E728A8481-FollowerState] INFO  impl.RoleInfo (RoleInfo.java:updateAndGet(139)) - 8e331bed-8646-4d1b-92f8-14089c74cd0e: start 8e331bed-8646-4d1b-92f8-14089c74cd0e@group-616E728A8481-LeaderElection60
2024-02-27 07:52:46,704 [8e331bed-8646-4d1b-92f8-14089c74cd0e@group-616E728A8481-LeaderElection60] INFO  impl.LeaderElection (LeaderElection.java:askForVotes(321)) - 8e331bed-8646-4d1b-92f8-14089c74cd0e@group-616E728A8481-LeaderElection60 PRE_VOTE round 0: submit vote requests at term 0 for -1: peers:[8e331bed-8646-4d1b-92f8-14089c74cd0e|10.1.0.19:15280]|listeners:[], old=null
2024-02-27 07:52:46,704 [8e331bed-8646-4d1b-92f8-14089c74cd0e@group-616E728A8481-LeaderElection60] INFO  impl.LeaderElection (LeaderElection.java:askForVotes(323)) - 8e331bed-8646-4d1b-92f8-14089c74cd0e@group-616E728A8481-LeaderElection60 PRE_VOTE round 0: result PASSED (term=0)
2024-02-27 07:52:46,706 [8e331bed-8646-4d1b-92f8-14089c74cd0e@group-616E728A8481-LeaderElection60] INFO  impl.LeaderElection (LeaderElection.java:askForVotes(321)) - 8e331bed-8646-4d1b-92f8-14089c74cd0e@group-616E728A8481-LeaderElection60 ELECTION round 0: submit vote requests at term 1 for -1: peers:[8e331bed-8646-4d1b-92f8-14089c74cd0e|10.1.0.19:15280]|listeners:[], old=null
2024-02-27 07:52:46,706 [8e331bed-8646-4d1b-92f8-14089c74cd0e@group-616E728A8481-LeaderElection60] INFO  impl.LeaderElection (LeaderElection.java:askForVotes(323)) - 8e331bed-8646-4d1b-92f8-14089c74cd0e@group-616E728A8481-LeaderElection60 ELECTION round 0: result PASSED (term=1)
2024-02-27 07:52:46,706 [8e331bed-8646-4d1b-92f8-14089c74cd0e@group-616E728A8481-LeaderElection60] INFO  impl.RoleInfo (RoleInfo.java:shutdownLeaderElection(130)) - 8e331bed-8646-4d1b-92f8-14089c74cd0e: shutdown 8e331bed-8646-4d1b-92f8-14089c74cd0e@group-616E728A8481-LeaderElection60
2024-02-27 07:52:46,706 [8e331bed-8646-4d1b-92f8-14089c74cd0e@group-616E728A8481-LeaderElection60] INFO  server.RaftServer$Division (RaftServerImpl.java:setRole(383)) - 8e331bed-8646-4d1b-92f8-14089c74cd0e@group-616E728A8481: changes role from CANDIDATE to LEADER at term 1 for changeToLeader
2024-02-27 07:52:46,706 [8e331bed-8646-4d1b-92f8-14089c74cd0e@group-616E728A8481-LeaderElection60] INFO  server.RaftServerConfigKeys (ConfUtils.java:logGet(46)) - raft.server.staging.catchup.gap = 1000 (default)
2024-02-27 07:52:46,706 [8e331bed-8646-4d1b-92f8-14089c74cd0e@group-616E728A8481-LeaderElection60] INFO  server.RaftServerConfigKeys (ConfUtils.java:logGet(46)) - raft.server.write.element-limit = 1024 (custom)
2024-02-27 07:52:46,706 [8e331bed-8646-4d1b-92f8-14089c74cd0e@group-616E728A8481-LeaderElection60] INFO  server.RaftServerConfigKeys (ConfUtils.java:logGet(46)) - raft.server.write.byte-limit = 1024 M (=1073741824) (custom)
2024-02-27 07:52:46,706 [8e331bed-8646-4d1b-92f8-14089c74cd0e@group-616E728A8481-LeaderElection60] INFO  server.RaftServerConfigKeys (ConfUtils.java:logGet(46)) - raft.server.watch.timeout = 180s (custom)
2024-02-27 07:52:46,706 [8e331bed-8646-4d1b-92f8-14089c74cd0e@group-616E728A8481-LeaderElection60] INFO  server.RaftServerConfigKeys (ConfUtils.java:logGet(46)) - raft.server.watch.timeout.denomination = 1s (default)
2024-02-27 07:52:46,706 [8e331bed-8646-4d1b-92f8-14089c74cd0e@group-616E728A8481-LeaderElection60] INFO  server.RaftServerConfigKeys (ConfUtils.java:logGet(46)) - raft.server.watch.element-limit = 65536 (default)
2024-02-27 07:52:46,706 [8e331bed-8646-4d1b-92f8-14089c74cd0e@group-616E728A8481-LeaderElection60] INFO  server.RaftServerConfigKeys (ConfUtils.java:logGet(46)) - raft.server.read.leader.lease.enabled = false (default)
2024-02-27 07:52:46,706 [8e331bed-8646-4d1b-92f8-14089c74cd0e@group-616E728A8481-LeaderElection60] INFO  server.RaftServerConfigKeys (ConfUtils.java:logGet(46)) - raft.server.read.leader.lease.timeout.ratio = 0.9 (default)
2024-02-27 07:52:46,706 [8e331bed-8646-4d1b-92f8-14089c74cd0e@group-616E728A8481-LeaderElection60] INFO  server.RaftServerConfigKeys (ConfUtils.java:logGet(46)) - raft.server.rpc.timeout.min = 5s (custom)
2024-02-27 07:52:46,707 [8e331bed-8646-4d1b-92f8-14089c74cd0e@group-616E728A8481-LeaderElection60] INFO  server.RaftServerConfigKeys (ConfUtils.java:logGet(46)) - raft.server.write.element-limit = 1024 (custom)
2024-02-27 07:52:46,707 [8e331bed-8646-4d1b-92f8-14089c74cd0e@group-616E728A8481-LeaderElection60] INFO  server.RaftServerConfigKeys (ConfUtils.java:logGet(46)) - raft.server.write.follower.gap.ratio.max = -1.0 (default)
2024-02-27 07:52:46,707 [8e331bed-8646-4d1b-92f8-14089c74cd0e@group-616E728A8481-LeaderElection60] INFO  impl.RoleInfo (RoleInfo.java:updateAndGet(139)) - 8e331bed-8646-4d1b-92f8-14089c74cd0e: start 8e331bed-8646-4d1b-92f8-14089c74cd0e@group-616E728A8481-LeaderStateImpl
2024-02-27 07:52:46,707 [8e331bed-8646-4d1b-92f8-14089c74cd0e@group-616E728A8481-LeaderElection60] INFO  server.RaftServer$Division (RaftServerImpl.java:setFirstElection(574)) - 8e331bed-8646-4d1b-92f8-14089c74cd0e@group-616E728A8481: set firstElectionSinceStartup to false for becomeLeader
2024-02-27 07:52:46,707 [8e331bed-8646-4d1b-92f8-14089c74cd0e@group-616E728A8481-LeaderElection60] INFO  ratis.XceiverServerRatis (XceiverServerRatis.java:handleLeaderChangedNotification(966)) - Leader change notification received for group: group-616E728A8481 with new leaderId: 8e331bed-8646-4d1b-92f8-14089c74cd0e
2024-02-27 07:52:46,707 [8e331bed-8646-4d1b-92f8-14089c74cd0e@group-616E728A8481-LeaderElection60] INFO  server.RaftServer$Division (ServerState.java:setLeader(269)) - 8e331bed-8646-4d1b-92f8-14089c74cd0e@group-616E728A8481: change Leader from null to 8e331bed-8646-4d1b-92f8-14089c74cd0e at term 1 for becomeLeader, leader elected after 5053ms
2024-02-27 07:52:46,707 [8e331bed-8646-4d1b-92f8-14089c74cd0e@group-616E728A8481-LeaderElection60] INFO  segmented.SegmentedRaftLogWorker (SegmentedRaftLogWorker.java:startLogSegment(430)) - 8e331bed-8646-4d1b-92f8-14089c74cd0e@group-616E728A8481-SegmentedRaftLogWorker: Starting segment from index:0
2024-02-27 07:52:46,707 [8e331bed-8646-4d1b-92f8-14089c74cd0e@group-616E728A8481-SegmentedRaftLogWorker] INFO  segmented.BufferedWriteChannel (BufferedWriteChannel.java:open(62)) - open log_inprogress_0 at position 0
2024-02-27 07:52:46,708 [EventQueue-OpenPipelineForHealthyPipelineSafeModeRule] INFO  safemode.SCMSafeModeManager (HealthyPipelineSafeModeRule.java:process(140)) - SCM in safe mode. Healthy pipelines reported count is 0, required healthy pipeline reported count is 1
2024-02-27 07:52:46,708 [8e331bed-8646-4d1b-92f8-14089c74cd0e@group-3D2B47BA0E35-FollowerState] INFO  impl.FollowerState (FollowerState.java:run(143)) - 8e331bed-8646-4d1b-92f8-14089c74cd0e@group-3D2B47BA0E35-FollowerState: change to CANDIDATE, lastRpcElapsedTime:5031760730ns, electionTimeout:5030ms
2024-02-27 07:52:46,708 [8e331bed-8646-4d1b-92f8-14089c74cd0e@group-3D2B47BA0E35-FollowerState] INFO  impl.RoleInfo (RoleInfo.java:shutdownFollowerState(110)) - 8e331bed-8646-4d1b-92f8-14089c74cd0e: shutdown 8e331bed-8646-4d1b-92f8-14089c74cd0e@group-3D2B47BA0E35-FollowerState
2024-02-27 07:52:46,708 [8e331bed-8646-4d1b-92f8-14089c74cd0e@group-3D2B47BA0E35-FollowerState] INFO  server.RaftServer$Division (RaftServerImpl.java:setRole(383)) - 8e331bed-8646-4d1b-92f8-14089c74cd0e@group-3D2B47BA0E35: changes role from  FOLLOWER to CANDIDATE at term 0 for changeToCandidate
2024-02-27 07:52:46,708 [8e331bed-8646-4d1b-92f8-14089c74cd0e@group-3D2B47BA0E35-FollowerState] INFO  server.RaftServerConfigKeys (ConfUtils.java:logGet(46)) - raft.server.leaderelection.pre-vote = true (default)
2024-02-27 07:52:46,708 [8e331bed-8646-4d1b-92f8-14089c74cd0e@group-3D2B47BA0E35-FollowerState] INFO  impl.RoleInfo (RoleInfo.java:updateAndGet(139)) - 8e331bed-8646-4d1b-92f8-14089c74cd0e: start 8e331bed-8646-4d1b-92f8-14089c74cd0e@group-3D2B47BA0E35-LeaderElection61
2024-02-27 07:52:46,709 [8e331bed-8646-4d1b-92f8-14089c74cd0e@group-616E728A8481-LeaderElection60] INFO  server.RaftServer$Division (ServerState.java:setRaftConf(386)) - 8e331bed-8646-4d1b-92f8-14089c74cd0e@group-616E728A8481: set configuration 0: peers:[8e331bed-8646-4d1b-92f8-14089c74cd0e|10.1.0.19:15280]|listeners:[], old=null
2024-02-27 07:52:46,709 [8e331bed-8646-4d1b-92f8-14089c74cd0e@group-3D2B47BA0E35-LeaderElection61] INFO  impl.LeaderElection (LeaderElection.java:askForVotes(321)) - 8e331bed-8646-4d1b-92f8-14089c74cd0e@group-3D2B47BA0E35-LeaderElection61 PRE_VOTE round 0: submit vote requests at term 0 for -1: peers:[f12618e3-137b-46a0-90dc-e366378777c0|10.1.0.19:15298, 02eae07c-ff18-478f-b1e9-376b0db68b83|10.1.0.19:15289, 8e331bed-8646-4d1b-92f8-14089c74cd0e|10.1.0.19:15280]|listeners:[], old=null
2024-02-27 07:52:46,711 [8e331bed-8646-4d1b-92f8-14089c74cd0e@group-3D2B47BA0E35-LeaderElection61-1] INFO  server.GrpcServerProtocolClient (GrpcServerProtocolClient.java:<init>(65)) - Build channel for f12618e3-137b-46a0-90dc-e366378777c0|10.1.0.19:15298
2024-02-27 07:52:46,711 [8e331bed-8646-4d1b-92f8-14089c74cd0e@group-3D2B47BA0E35-LeaderElection61-2] INFO  server.GrpcServerProtocolClient (GrpcServerProtocolClient.java:<init>(65)) - Build channel for 02eae07c-ff18-478f-b1e9-376b0db68b83|10.1.0.19:15289
2024-02-27 07:52:46,711 [8e331bed-8646-4d1b-92f8-14089c74cd0e@group-3D2B47BA0E35-LeaderElection61] INFO  server.RaftServerConfigKeys (ConfUtils.java:logFallback(53)) - raft.server.rpc.first-election.timeout.min = 5s (fallback to raft.server.rpc.timeout.min)
2024-02-27 07:52:46,712 [8e331bed-8646-4d1b-92f8-14089c74cd0e@group-3D2B47BA0E35-LeaderElection61] INFO  server.RaftServerConfigKeys (ConfUtils.java:logFallback(53)) - raft.server.rpc.first-election.timeout.max = 5200ms (fallback to raft.server.rpc.timeout.max)
2024-02-27 07:52:46,715 [grpc-default-executor-0] INFO  server.RaftServer$Division (RaftServerImpl.java:requestVote(1389)) - f12618e3-137b-46a0-90dc-e366378777c0@group-3D2B47BA0E35: receive requestVote(PRE_VOTE, 8e331bed-8646-4d1b-92f8-14089c74cd0e, group-3D2B47BA0E35, 0, (t:0, i:0))
2024-02-27 07:52:46,715 [grpc-default-executor-0] INFO  impl.VoteContext (VoteContext.java:log(49)) - f12618e3-137b-46a0-90dc-e366378777c0@group-3D2B47BA0E35-FOLLOWER: reject PRE_VOTE from 8e331bed-8646-4d1b-92f8-14089c74cd0e: our priority 1 > candidate's priority 0
2024-02-27 07:52:46,715 [grpc-default-executor-0] INFO  server.RaftServer$Division (RaftServerImpl.java:requestVote(1422)) - f12618e3-137b-46a0-90dc-e366378777c0@group-3D2B47BA0E35 replies to PRE_VOTE vote request: 8e331bed-8646-4d1b-92f8-14089c74cd0e<-f12618e3-137b-46a0-90dc-e366378777c0#0:FAIL-t0. Peer's state: f12618e3-137b-46a0-90dc-e366378777c0@group-3D2B47BA0E35:t0, leader=null, voted=, raftlog=Memoized:f12618e3-137b-46a0-90dc-e366378777c0@group-3D2B47BA0E35-SegmentedRaftLog:OPENED:c-1, conf=-1: peers:[f12618e3-137b-46a0-90dc-e366378777c0|10.1.0.19:15298, 02eae07c-ff18-478f-b1e9-376b0db68b83|10.1.0.19:15289, 8e331bed-8646-4d1b-92f8-14089c74cd0e|10.1.0.19:15280]|listeners:[], old=null
2024-02-27 07:52:46,715 [8e331bed-8646-4d1b-92f8-14089c74cd0e@group-3D2B47BA0E35-LeaderElection61] INFO  impl.LeaderElection (LeaderElection.java:logAndReturn(89)) - 8e331bed-8646-4d1b-92f8-14089c74cd0e@group-3D2B47BA0E35-LeaderElection61: PRE_VOTE REJECTED received 1 response(s) and 0 exception(s):
2024-02-27 07:52:46,715 [8e331bed-8646-4d1b-92f8-14089c74cd0e@group-3D2B47BA0E35-LeaderElection61] INFO  impl.LeaderElection (LeaderElection.java:logAndReturn(93)) -   Response 0: 8e331bed-8646-4d1b-92f8-14089c74cd0e<-f12618e3-137b-46a0-90dc-e366378777c0#0:FAIL-t0
2024-02-27 07:52:46,715 [8e331bed-8646-4d1b-92f8-14089c74cd0e@group-3D2B47BA0E35-LeaderElection61] INFO  impl.LeaderElection (LeaderElection.java:askForVotes(323)) - 8e331bed-8646-4d1b-92f8-14089c74cd0e@group-3D2B47BA0E35-LeaderElection61 PRE_VOTE round 0: result REJECTED
2024-02-27 07:52:46,715 [8e331bed-8646-4d1b-92f8-14089c74cd0e@group-3D2B47BA0E35-LeaderElection61] INFO  server.RaftServer$Division (RaftServerImpl.java:setRole(383)) - 8e331bed-8646-4d1b-92f8-14089c74cd0e@group-3D2B47BA0E35: changes role from CANDIDATE to FOLLOWER at term 0 for REJECTED
2024-02-27 07:52:46,715 [8e331bed-8646-4d1b-92f8-14089c74cd0e@group-3D2B47BA0E35-LeaderElection61] INFO  impl.RoleInfo (RoleInfo.java:shutdownLeaderElection(130)) - 8e331bed-8646-4d1b-92f8-14089c74cd0e: shutdown 8e331bed-8646-4d1b-92f8-14089c74cd0e@group-3D2B47BA0E35-LeaderElection61
2024-02-27 07:52:46,715 [8e331bed-8646-4d1b-92f8-14089c74cd0e@group-3D2B47BA0E35-LeaderElection61] INFO  impl.RoleInfo (RoleInfo.java:updateAndGet(139)) - 8e331bed-8646-4d1b-92f8-14089c74cd0e: start 8e331bed-8646-4d1b-92f8-14089c74cd0e@group-3D2B47BA0E35-FollowerState
2024-02-27 07:52:46,716 [8e331bed-8646-4d1b-92f8-14089c74cd0e@group-3D2B47BA0E35-LeaderElection61] INFO  server.RaftServer$Division (RaftServerImpl.java:setFirstElection(574)) - 8e331bed-8646-4d1b-92f8-14089c74cd0e@group-3D2B47BA0E35: set firstElectionSinceStartup to false for REJECTED
2024-02-27 07:52:46,716 [8e331bed-8646-4d1b-92f8-14089c74cd0e@group-616E728A8481-SegmentedRaftLogWorker] INFO  segmented.SegmentedRaftLogWorker (SegmentedRaftLogWorker.java:execute(634)) - 8e331bed-8646-4d1b-92f8-14089c74cd0e@group-616E728A8481-SegmentedRaftLogWorker: created new log segment /home/runner/work/ozone/ozone/hadoop-ozone/integration-test/target/test-dir/MiniOzoneClusterImpl-bc2c81e0-d964-4a8e-97ca-887e98ec88c8/ozone-meta/datanode-1/ratis/6b0ca9a2-77f7-4acf-b3fd-616e728a8481/current/log_inprogress_0
2024-02-27 07:52:46,717 [8e331bed-8646-4d1b-92f8-14089c74cd0e@group-616E728A8481-StateMachineUpdater] INFO  server.RaftServer$Division (LeaderStateImpl.java:isApplied(320)) - leader is ready since appliedIndex == 0 >= startIndex == 0
2024-02-27 07:52:46,718 [grpc-default-executor-3] INFO  server.RaftServer$Division (RaftServerImpl.java:requestVote(1389)) - 02eae07c-ff18-478f-b1e9-376b0db68b83@group-3D2B47BA0E35: receive requestVote(PRE_VOTE, 8e331bed-8646-4d1b-92f8-14089c74cd0e, group-3D2B47BA0E35, 0, (t:0, i:0))
2024-02-27 07:52:46,718 [grpc-default-executor-3] INFO  impl.VoteContext (VoteContext.java:log(49)) - 02eae07c-ff18-478f-b1e9-376b0db68b83@group-3D2B47BA0E35-FOLLOWER: accept PRE_VOTE from 8e331bed-8646-4d1b-92f8-14089c74cd0e: our priority 0 <= candidate's priority 0
2024-02-27 07:52:46,718 [grpc-default-executor-3] INFO  server.RaftServer$Division (RaftServerImpl.java:requestVote(1422)) - 02eae07c-ff18-478f-b1e9-376b0db68b83@group-3D2B47BA0E35 replies to PRE_VOTE vote request: 8e331bed-8646-4d1b-92f8-14089c74cd0e<-02eae07c-ff18-478f-b1e9-376b0db68b83#0:OK-t0. Peer's state: 02eae07c-ff18-478f-b1e9-376b0db68b83@group-3D2B47BA0E35:t0, leader=null, voted=, raftlog=Memoized:02eae07c-ff18-478f-b1e9-376b0db68b83@group-3D2B47BA0E35-SegmentedRaftLog:OPENED:c-1, conf=-1: peers:[f12618e3-137b-46a0-90dc-e366378777c0|10.1.0.19:15298, 02eae07c-ff18-478f-b1e9-376b0db68b83|10.1.0.19:15289, 8e331bed-8646-4d1b-92f8-14089c74cd0e|10.1.0.19:15280]|listeners:[], old=null
2024-02-27 07:52:46,730 [f12618e3-137b-46a0-90dc-e366378777c0@group-3D2B47BA0E35-FollowerState] INFO  impl.FollowerState (FollowerState.java:run(143)) - f12618e3-137b-46a0-90dc-e366378777c0@group-3D2B47BA0E35-FollowerState: change to CANDIDATE, lastRpcElapsedTime:5008088396ns, electionTimeout:5007ms
2024-02-27 07:52:46,730 [f12618e3-137b-46a0-90dc-e366378777c0@group-3D2B47BA0E35-FollowerState] INFO  impl.RoleInfo (RoleInfo.java:shutdownFollowerState(110)) - f12618e3-137b-46a0-90dc-e366378777c0: shutdown f12618e3-137b-46a0-90dc-e366378777c0@group-3D2B47BA0E35-FollowerState
2024-02-27 07:52:46,730 [f12618e3-137b-46a0-90dc-e366378777c0@group-3D2B47BA0E35-FollowerState] INFO  server.RaftServer$Division (RaftServerImpl.java:setRole(383)) - f12618e3-137b-46a0-90dc-e366378777c0@group-3D2B47BA0E35: changes role from  FOLLOWER to CANDIDATE at term 0 for changeToCandidate
2024-02-27 07:52:46,731 [f12618e3-137b-46a0-90dc-e366378777c0@group-3D2B47BA0E35-FollowerState] INFO  server.RaftServerConfigKeys (ConfUtils.java:logGet(46)) - raft.server.leaderelection.pre-vote = true (default)
2024-02-27 07:52:46,731 [f12618e3-137b-46a0-90dc-e366378777c0@group-3D2B47BA0E35-FollowerState] INFO  impl.RoleInfo (RoleInfo.java:updateAndGet(139)) - f12618e3-137b-46a0-90dc-e366378777c0: start f12618e3-137b-46a0-90dc-e366378777c0@group-3D2B47BA0E35-LeaderElection62
2024-02-27 07:52:46,731 [f12618e3-137b-46a0-90dc-e366378777c0@group-3D2B47BA0E35-LeaderElection62] INFO  impl.LeaderElection (LeaderElection.java:askForVotes(321)) - f12618e3-137b-46a0-90dc-e366378777c0@group-3D2B47BA0E35-LeaderElection62 PRE_VOTE round 0: submit vote requests at term 0 for -1: peers:[f12618e3-137b-46a0-90dc-e366378777c0|10.1.0.19:15298, 02eae07c-ff18-478f-b1e9-376b0db68b83|10.1.0.19:15289, 8e331bed-8646-4d1b-92f8-14089c74cd0e|10.1.0.19:15280]|listeners:[], old=null
2024-02-27 07:52:46,732 [f12618e3-137b-46a0-90dc-e366378777c0@group-3D2B47BA0E35-LeaderElection62] INFO  server.RaftServerConfigKeys (ConfUtils.java:logFallback(53)) - raft.server.rpc.first-election.timeout.min = 5s (fallback to raft.server.rpc.timeout.min)
2024-02-27 07:52:46,732 [f12618e3-137b-46a0-90dc-e366378777c0@group-3D2B47BA0E35-LeaderElection62-2] INFO  server.GrpcServerProtocolClient (GrpcServerProtocolClient.java:<init>(65)) - Build channel for 8e331bed-8646-4d1b-92f8-14089c74cd0e|10.1.0.19:15280
2024-02-27 07:52:46,732 [f12618e3-137b-46a0-90dc-e366378777c0@group-3D2B47BA0E35-LeaderElection62] INFO  server.RaftServerConfigKeys (ConfUtils.java:logFallback(53)) - raft.server.rpc.first-election.timeout.max = 5200ms (fallback to raft.server.rpc.timeout.max)
2024-02-27 07:52:46,732 [f12618e3-137b-46a0-90dc-e366378777c0@group-3D2B47BA0E35-LeaderElection62-1] INFO  server.GrpcServerProtocolClient (GrpcServerProtocolClient.java:<init>(65)) - Build channel for 02eae07c-ff18-478f-b1e9-376b0db68b83|10.1.0.19:15289
2024-02-27 07:52:46,735 [grpc-default-executor-3] INFO  server.RaftServer$Division (RaftServerImpl.java:requestVote(1389)) - 8e331bed-8646-4d1b-92f8-14089c74cd0e@group-3D2B47BA0E35: receive requestVote(PRE_VOTE, f12618e3-137b-46a0-90dc-e366378777c0, group-3D2B47BA0E35, 0, (t:0, i:0))
2024-02-27 07:52:46,735 [grpc-default-executor-3] INFO  impl.VoteContext (VoteContext.java:log(49)) - 8e331bed-8646-4d1b-92f8-14089c74cd0e@group-3D2B47BA0E35-FOLLOWER: accept PRE_VOTE from f12618e3-137b-46a0-90dc-e366378777c0: our priority 0 <= candidate's priority 1
2024-02-27 07:52:46,735 [grpc-default-executor-3] INFO  server.RaftServer$Division (RaftServerImpl.java:requestVote(1422)) - 8e331bed-8646-4d1b-92f8-14089c74cd0e@group-3D2B47BA0E35 replies to PRE_VOTE vote request: f12618e3-137b-46a0-90dc-e366378777c0<-8e331bed-8646-4d1b-92f8-14089c74cd0e#0:OK-t0. Peer's state: 8e331bed-8646-4d1b-92f8-14089c74cd0e@group-3D2B47BA0E35:t0, leader=null, voted=, raftlog=Memoized:8e331bed-8646-4d1b-92f8-14089c74cd0e@group-3D2B47BA0E35-SegmentedRaftLog:OPENED:c-1, conf=-1: peers:[f12618e3-137b-46a0-90dc-e366378777c0|10.1.0.19:15298, 02eae07c-ff18-478f-b1e9-376b0db68b83|10.1.0.19:15289, 8e331bed-8646-4d1b-92f8-14089c74cd0e|10.1.0.19:15280]|listeners:[], old=null
2024-02-27 07:52:46,738 [f12618e3-137b-46a0-90dc-e366378777c0@group-3D2B47BA0E35-LeaderElection62] INFO  impl.LeaderElection (LeaderElection.java:logAndReturn(89)) - f12618e3-137b-46a0-90dc-e366378777c0@group-3D2B47BA0E35-LeaderElection62: PRE_VOTE PASSED received 1 response(s) and 0 exception(s):
2024-02-27 07:52:46,738 [f12618e3-137b-46a0-90dc-e366378777c0@group-3D2B47BA0E35-LeaderElection62] INFO  impl.LeaderElection (LeaderElection.java:logAndReturn(93)) -   Response 0: f12618e3-137b-46a0-90dc-e366378777c0<-8e331bed-8646-4d1b-92f8-14089c74cd0e#0:OK-t0
2024-02-27 07:52:46,738 [f12618e3-137b-46a0-90dc-e366378777c0@group-3D2B47BA0E35-LeaderElection62] INFO  impl.LeaderElection (LeaderElection.java:askForVotes(323)) - f12618e3-137b-46a0-90dc-e366378777c0@group-3D2B47BA0E35-LeaderElection62 PRE_VOTE round 0: result PASSED
2024-02-27 07:52:46,739 [grpc-default-executor-0] INFO  server.RaftServer$Division (RaftServerImpl.java:requestVote(1389)) - 02eae07c-ff18-478f-b1e9-376b0db68b83@group-3D2B47BA0E35: receive requestVote(PRE_VOTE, f12618e3-137b-46a0-90dc-e366378777c0, group-3D2B47BA0E35, 0, (t:0, i:0))
2024-02-27 07:52:46,739 [grpc-default-executor-0] INFO  impl.VoteContext (VoteContext.java:log(49)) - 02eae07c-ff18-478f-b1e9-376b0db68b83@group-3D2B47BA0E35-FOLLOWER: accept PRE_VOTE from f12618e3-137b-46a0-90dc-e366378777c0: our priority 0 <= candidate's priority 1
2024-02-27 07:52:46,740 [f12618e3-137b-46a0-90dc-e366378777c0@group-3D2B47BA0E35-LeaderElection62] INFO  impl.LeaderElection (LeaderElection.java:askForVotes(321)) - f12618e3-137b-46a0-90dc-e366378777c0@group-3D2B47BA0E35-LeaderElection62 ELECTION round 0: submit vote requests at term 1 for -1: peers:[f12618e3-137b-46a0-90dc-e366378777c0|10.1.0.19:15298, 02eae07c-ff18-478f-b1e9-376b0db68b83|10.1.0.19:15289, 8e331bed-8646-4d1b-92f8-14089c74cd0e|10.1.0.19:15280]|listeners:[], old=null
2024-02-27 07:52:46,740 [grpc-default-executor-0] INFO  server.RaftServer$Division (RaftServerImpl.java:requestVote(1422)) - 02eae07c-ff18-478f-b1e9-376b0db68b83@group-3D2B47BA0E35 replies to PRE_VOTE vote request: f12618e3-137b-46a0-90dc-e366378777c0<-02eae07c-ff18-478f-b1e9-376b0db68b83#0:OK-t0. Peer's state: 02eae07c-ff18-478f-b1e9-376b0db68b83@group-3D2B47BA0E35:t0, leader=null, voted=, raftlog=Memoized:02eae07c-ff18-478f-b1e9-376b0db68b83@group-3D2B47BA0E35-SegmentedRaftLog:OPENED:c-1, conf=-1: peers:[f12618e3-137b-46a0-90dc-e366378777c0|10.1.0.19:15298, 02eae07c-ff18-478f-b1e9-376b0db68b83|10.1.0.19:15289, 8e331bed-8646-4d1b-92f8-14089c74cd0e|10.1.0.19:15280]|listeners:[], old=null
2024-02-27 07:52:46,741 [f12618e3-137b-46a0-90dc-e366378777c0@group-3D2B47BA0E35-LeaderElection62] INFO  server.RaftServerConfigKeys (ConfUtils.java:logFallback(53)) - raft.server.rpc.first-election.timeout.min = 5s (fallback to raft.server.rpc.timeout.min)
2024-02-27 07:52:46,741 [f12618e3-137b-46a0-90dc-e366378777c0@group-3D2B47BA0E35-LeaderElection62] INFO  server.RaftServerConfigKeys (ConfUtils.java:logFallback(53)) - raft.server.rpc.first-election.timeout.max = 5200ms (fallback to raft.server.rpc.timeout.max)
2024-02-27 07:52:46,741 [grpc-default-executor-0] INFO  server.RaftServer$Division (RaftServerImpl.java:requestVote(1389)) - 8e331bed-8646-4d1b-92f8-14089c74cd0e@group-3D2B47BA0E35: receive requestVote(ELECTION, f12618e3-137b-46a0-90dc-e366378777c0, group-3D2B47BA0E35, 1, (t:0, i:0))
2024-02-27 07:52:46,741 [grpc-default-executor-0] INFO  impl.VoteContext (VoteContext.java:log(49)) - 8e331bed-8646-4d1b-92f8-14089c74cd0e@group-3D2B47BA0E35-FOLLOWER: accept ELECTION from f12618e3-137b-46a0-90dc-e366378777c0: our priority 0 <= candidate's priority 1
2024-02-27 07:52:46,741 [grpc-default-executor-0] INFO  server.RaftServer$Division (RaftServerImpl.java:setRole(383)) - 8e331bed-8646-4d1b-92f8-14089c74cd0e@group-3D2B47BA0E35: changes role from  FOLLOWER to FOLLOWER at term 1 for candidate:f12618e3-137b-46a0-90dc-e366378777c0
2024-02-27 07:52:46,742 [grpc-default-executor-3] INFO  server.RaftServer$Division (RaftServerImpl.java:requestVote(1389)) - 02eae07c-ff18-478f-b1e9-376b0db68b83@group-3D2B47BA0E35: receive requestVote(ELECTION, f12618e3-137b-46a0-90dc-e366378777c0, group-3D2B47BA0E35, 1, (t:0, i:0))
2024-02-27 07:52:46,742 [grpc-default-executor-3] INFO  impl.VoteContext (VoteContext.java:log(49)) - 02eae07c-ff18-478f-b1e9-376b0db68b83@group-3D2B47BA0E35-FOLLOWER: accept ELECTION from f12618e3-137b-46a0-90dc-e366378777c0: our priority 0 <= candidate's priority 1
2024-02-27 07:52:46,742 [grpc-default-executor-3] INFO  server.RaftServer$Division (RaftServerImpl.java:setRole(383)) - 02eae07c-ff18-478f-b1e9-376b0db68b83@group-3D2B47BA0E35: changes role from  FOLLOWER to FOLLOWER at term 1 for candidate:f12618e3-137b-46a0-90dc-e366378777c0
2024-02-27 07:52:46,742 [grpc-default-executor-3] INFO  impl.RoleInfo (RoleInfo.java:shutdownFollowerState(110)) - 02eae07c-ff18-478f-b1e9-376b0db68b83: shutdown 02eae07c-ff18-478f-b1e9-376b0db68b83@group-3D2B47BA0E35-FollowerState
2024-02-27 07:52:46,742 [grpc-default-executor-3] INFO  impl.RoleInfo (RoleInfo.java:updateAndGet(139)) - 02eae07c-ff18-478f-b1e9-376b0db68b83: start 02eae07c-ff18-478f-b1e9-376b0db68b83@group-3D2B47BA0E35-FollowerState
2024-02-27 07:52:46,742 [grpc-default-executor-0] INFO  impl.RoleInfo (RoleInfo.java:shutdownFollowerState(110)) - 8e331bed-8646-4d1b-92f8-14089c74cd0e: shutdown 8e331bed-8646-4d1b-92f8-14089c74cd0e@group-3D2B47BA0E35-FollowerState
2024-02-27 07:52:46,742 [grpc-default-executor-3] INFO  server.RaftServer$Division (RaftServerImpl.java:setFirstElection(574)) - 02eae07c-ff18-478f-b1e9-376b0db68b83@group-3D2B47BA0E35: set firstElectionSinceStartup to false for candidate:f12618e3-137b-46a0-90dc-e366378777c0
2024-02-27 07:52:46,742 [02eae07c-ff18-478f-b1e9-376b0db68b83@group-3D2B47BA0E35-FollowerState] INFO  impl.FollowerState (FollowerState.java:run(152)) - 02eae07c-ff18-478f-b1e9-376b0db68b83@group-3D2B47BA0E35-FollowerState was interrupted
2024-02-27 07:52:46,743 [grpc-default-executor-0] INFO  impl.RoleInfo (RoleInfo.java:updateAndGet(139)) - 8e331bed-8646-4d1b-92f8-14089c74cd0e: start 8e331bed-8646-4d1b-92f8-14089c74cd0e@group-3D2B47BA0E35-FollowerState
2024-02-27 07:52:46,743 [8e331bed-8646-4d1b-92f8-14089c74cd0e@group-3D2B47BA0E35-FollowerState] INFO  impl.FollowerState (FollowerState.java:run(152)) - 8e331bed-8646-4d1b-92f8-14089c74cd0e@group-3D2B47BA0E35-FollowerState was interrupted
2024-02-27 07:52:46,744 [grpc-default-executor-0] INFO  server.RaftServer$Division (RaftServerImpl.java:requestVote(1422)) - 8e331bed-8646-4d1b-92f8-14089c74cd0e@group-3D2B47BA0E35 replies to ELECTION vote request: f12618e3-137b-46a0-90dc-e366378777c0<-8e331bed-8646-4d1b-92f8-14089c74cd0e#0:OK-t1. Peer's state: 8e331bed-8646-4d1b-92f8-14089c74cd0e@group-3D2B47BA0E35:t1, leader=null, voted=f12618e3-137b-46a0-90dc-e366378777c0, raftlog=Memoized:8e331bed-8646-4d1b-92f8-14089c74cd0e@group-3D2B47BA0E35-SegmentedRaftLog:OPENED:c-1, conf=-1: peers:[f12618e3-137b-46a0-90dc-e366378777c0|10.1.0.19:15298, 02eae07c-ff18-478f-b1e9-376b0db68b83|10.1.0.19:15289, 8e331bed-8646-4d1b-92f8-14089c74cd0e|10.1.0.19:15280]|listeners:[], old=null
2024-02-27 07:52:46,744 [f12618e3-137b-46a0-90dc-e366378777c0@group-3D2B47BA0E35-LeaderElection62] INFO  impl.LeaderElection (LeaderElection.java:logAndReturn(89)) - f12618e3-137b-46a0-90dc-e366378777c0@group-3D2B47BA0E35-LeaderElection62: ELECTION PASSED received 1 response(s) and 0 exception(s):
2024-02-27 07:52:46,744 [f12618e3-137b-46a0-90dc-e366378777c0@group-3D2B47BA0E35-LeaderElection62] INFO  impl.LeaderElection (LeaderElection.java:logAndReturn(93)) -   Response 0: f12618e3-137b-46a0-90dc-e366378777c0<-8e331bed-8646-4d1b-92f8-14089c74cd0e#0:OK-t1
2024-02-27 07:52:46,744 [f12618e3-137b-46a0-90dc-e366378777c0@group-3D2B47BA0E35-LeaderElection62] INFO  impl.LeaderElection (LeaderElection.java:askForVotes(323)) - f12618e3-137b-46a0-90dc-e366378777c0@group-3D2B47BA0E35-LeaderElection62 ELECTION round 0: result PASSED
2024-02-27 07:52:46,744 [f12618e3-137b-46a0-90dc-e366378777c0@group-3D2B47BA0E35-LeaderElection62] INFO  impl.RoleInfo (RoleInfo.java:shutdownLeaderElection(130)) - f12618e3-137b-46a0-90dc-e366378777c0: shutdown f12618e3-137b-46a0-90dc-e366378777c0@group-3D2B47BA0E35-LeaderElection62
2024-02-27 07:52:46,744 [f12618e3-137b-46a0-90dc-e366378777c0@group-3D2B47BA0E35-LeaderElection62] INFO  server.RaftServer$Division (RaftServerImpl.java:setRole(383)) - f12618e3-137b-46a0-90dc-e366378777c0@group-3D2B47BA0E35: changes role from CANDIDATE to LEADER at term 1 for changeToLeader
2024-02-27 07:52:46,745 [f12618e3-137b-46a0-90dc-e366378777c0@group-3D2B47BA0E35-LeaderElection62] INFO  server.RaftServerConfigKeys (ConfUtils.java:logGet(46)) - raft.server.staging.catchup.gap = 1000 (default)
2024-02-27 07:52:46,745 [grpc-default-executor-3] INFO  server.RaftServer$Division (RaftServerImpl.java:requestVote(1422)) - 02eae07c-ff18-478f-b1e9-376b0db68b83@group-3D2B47BA0E35 replies to ELECTION vote request: f12618e3-137b-46a0-90dc-e366378777c0<-02eae07c-ff18-478f-b1e9-376b0db68b83#0:OK-t1. Peer's state: 02eae07c-ff18-478f-b1e9-376b0db68b83@group-3D2B47BA0E35:t1, leader=null, voted=f12618e3-137b-46a0-90dc-e366378777c0, raftlog=Memoized:02eae07c-ff18-478f-b1e9-376b0db68b83@group-3D2B47BA0E35-SegmentedRaftLog:OPENED:c-1, conf=-1: peers:[f12618e3-137b-46a0-90dc-e366378777c0|10.1.0.19:15298, 02eae07c-ff18-478f-b1e9-376b0db68b83|10.1.0.19:15289, 8e331bed-8646-4d1b-92f8-14089c74cd0e|10.1.0.19:15280]|listeners:[], old=null
2024-02-27 07:52:46,745 [f12618e3-137b-46a0-90dc-e366378777c0@group-3D2B47BA0E35-LeaderElection62] INFO  server.RaftServerConfigKeys (ConfUtils.java:logGet(46)) - raft.server.write.element-limit = 1024 (custom)
2024-02-27 07:52:46,745 [f12618e3-137b-46a0-90dc-e366378777c0@group-3D2B47BA0E35-LeaderElection62] INFO  server.RaftServerConfigKeys (ConfUtils.java:logGet(46)) - raft.server.write.byte-limit = 1024 M (=1073741824) (custom)
2024-02-27 07:52:46,745 [f12618e3-137b-46a0-90dc-e366378777c0@group-3D2B47BA0E35-LeaderElection62] INFO  server.RaftServerConfigKeys (ConfUtils.java:logGet(46)) - raft.server.watch.timeout = 180s (custom)
2024-02-27 07:52:46,745 [f12618e3-137b-46a0-90dc-e366378777c0@group-3D2B47BA0E35-LeaderElection62] INFO  server.RaftServerConfigKeys (ConfUtils.java:logGet(46)) - raft.server.watch.timeout.denomination = 1s (default)
2024-02-27 07:52:46,745 [f12618e3-137b-46a0-90dc-e366378777c0@group-3D2B47BA0E35-LeaderElection62] INFO  server.RaftServerConfigKeys (ConfUtils.java:logGet(46)) - raft.server.watch.element-limit = 65536 (default)
2024-02-27 07:52:46,745 [f12618e3-137b-46a0-90dc-e366378777c0@group-3D2B47BA0E35-LeaderElection62] INFO  server.RaftServerConfigKeys (ConfUtils.java:logGet(46)) - raft.server.read.leader.lease.enabled = false (default)
2024-02-27 07:52:46,745 [f12618e3-137b-46a0-90dc-e366378777c0@group-3D2B47BA0E35-LeaderElection62] INFO  server.RaftServerConfigKeys (ConfUtils.java:logGet(46)) - raft.server.read.leader.lease.timeout.ratio = 0.9 (default)
2024-02-27 07:52:46,745 [f12618e3-137b-46a0-90dc-e366378777c0@group-3D2B47BA0E35-LeaderElection62] INFO  server.RaftServerConfigKeys (ConfUtils.java:logGet(46)) - raft.server.rpc.timeout.min = 5s (custom)
2024-02-27 07:52:46,745 [f12618e3-137b-46a0-90dc-e366378777c0@group-3D2B47BA0E35-LeaderElection62] INFO  server.RaftServerConfigKeys (ConfUtils.java:logGet(46)) - raft.server.write.element-limit = 1024 (custom)
2024-02-27 07:52:46,745 [f12618e3-137b-46a0-90dc-e366378777c0@group-3D2B47BA0E35-LeaderElection62] INFO  server.RaftServerConfigKeys (ConfUtils.java:logGet(46)) - raft.server.write.follower.gap.ratio.max = -1.0 (default)
2024-02-27 07:52:46,746 [f12618e3-137b-46a0-90dc-e366378777c0@group-3D2B47BA0E35-LeaderElection62] INFO  server.RaftServerConfigKeys (ConfUtils.java:logGet(46)) - raft.server.log.appender.snapshot.chunk.size.max = 16MB (=16777216) (default)
2024-02-27 07:52:46,746 [f12618e3-137b-46a0-90dc-e366378777c0@group-3D2B47BA0E35-LeaderElection62] INFO  server.RaftServerConfigKeys (ConfUtils.java:logGet(46)) - raft.server.log.appender.buffer.byte-limit = 8388608 (custom)
2024-02-27 07:52:46,746 [f12618e3-137b-46a0-90dc-e366378777c0@group-3D2B47BA0E35-LeaderElection62] INFO  server.RaftServerConfigKeys (ConfUtils.java:logGet(46)) - raft.server.log.appender.buffer.element-limit = 1 (custom)
2024-02-27 07:52:46,746 [f12618e3-137b-46a0-90dc-e366378777c0@group-3D2B47BA0E35-LeaderElection62] INFO  server.RaftServerConfigKeys (ConfUtils.java:logGet(46)) - raft.server.log.appender.wait-time.min = 0μs (custom)
2024-02-27 07:52:46,746 [f12618e3-137b-46a0-90dc-e366378777c0@group-3D2B47BA0E35-LeaderElection62] INFO  grpc.GrpcConfigKeys (ConfUtils.java:logGet(46)) - raft.grpc.server.leader.outstanding.appends.max = 8 (default)
2024-02-27 07:52:46,746 [f12618e3-137b-46a0-90dc-e366378777c0@group-3D2B47BA0E35-LeaderElection62] INFO  server.RaftServerConfigKeys (ConfUtils.java:logGet(46)) - raft.server.rpc.request.timeout = 60s (custom)
2024-02-27 07:52:46,746 [f12618e3-137b-46a0-90dc-e366378777c0@group-3D2B47BA0E35-LeaderElection62] INFO  grpc.GrpcConfigKeys (ConfUtils.java:logGet(46)) - raft.grpc.server.install_snapshot.request.element-limit = 8 (default)
2024-02-27 07:52:46,746 [f12618e3-137b-46a0-90dc-e366378777c0@group-3D2B47BA0E35-LeaderElection62] INFO  grpc.GrpcConfigKeys (ConfUtils.java:logGet(46)) - raft.grpc.server.install_snapshot.request.timeout = 3000ms (default)
2024-02-27 07:52:46,746 [f12618e3-137b-46a0-90dc-e366378777c0@group-3D2B47BA0E35-LeaderElection62] INFO  grpc.GrpcConfigKeys (ConfUtils.java:logGet(46)) - raft.grpc.server.log-message.batch.duration = 5s (default)
2024-02-27 07:52:46,746 [f12618e3-137b-46a0-90dc-e366378777c0@group-3D2B47BA0E35-LeaderElection62] INFO  server.RaftServerConfigKeys (ConfUtils.java:logGet(46)) - raft.server.log.appender.install.snapshot.enabled = false (custom)
2024-02-27 07:52:46,746 [f12618e3-137b-46a0-90dc-e366378777c0@group-3D2B47BA0E35-LeaderElection62] INFO  grpc.GrpcConfigKeys (ConfUtils.java:logGet(46)) - raft.grpc.server.heartbeat.channel = true (default)
2024-02-27 07:52:46,747 [f12618e3-137b-46a0-90dc-e366378777c0@group-3D2B47BA0E35-LeaderElection62] INFO  server.RaftServerConfigKeys (ConfUtils.java:logGet(46)) - raft.server.log.appender.snapshot.chunk.size.max = 16MB (=16777216) (default)
2024-02-27 07:52:46,747 [f12618e3-137b-46a0-90dc-e366378777c0@group-3D2B47BA0E35-LeaderElection62] INFO  server.RaftServerConfigKeys (ConfUtils.java:logGet(46)) - raft.server.log.appender.buffer.byte-limit = 8388608 (custom)
2024-02-27 07:52:46,747 [f12618e3-137b-46a0-90dc-e366378777c0@group-3D2B47BA0E35-LeaderElection62] INFO  server.RaftServerConfigKeys (ConfUtils.java:logGet(46)) - raft.server.log.appender.buffer.element-limit = 1 (custom)
2024-02-27 07:52:46,747 [f12618e3-137b-46a0-90dc-e366378777c0@group-3D2B47BA0E35-LeaderElection62] INFO  server.RaftServerConfigKeys (ConfUtils.java:logGet(46)) - raft.server.log.appender.wait-time.min = 0μs (custom)
2024-02-27 07:52:46,747 [f12618e3-137b-46a0-90dc-e366378777c0@group-3D2B47BA0E35-LeaderElection62] INFO  grpc.GrpcConfigKeys (ConfUtils.java:logGet(46)) - raft.grpc.server.leader.outstanding.appends.max = 8 (default)
2024-02-27 07:52:46,747 [f12618e3-137b-46a0-90dc-e366378777c0@group-3D2B47BA0E35-LeaderElection62] INFO  server.RaftServerConfigKeys (ConfUtils.java:logGet(46)) - raft.server.rpc.request.timeout = 60s (custom)
2024-02-27 07:52:46,747 [f12618e3-137b-46a0-90dc-e366378777c0@group-3D2B47BA0E35-LeaderElection62] INFO  grpc.GrpcConfigKeys (ConfUtils.java:logGet(46)) - raft.grpc.server.install_snapshot.request.element-limit = 8 (default)
2024-02-27 07:52:46,747 [f12618e3-137b-46a0-90dc-e366378777c0@group-3D2B47BA0E35-LeaderElection62] INFO  grpc.GrpcConfigKeys (ConfUtils.java:logGet(46)) - raft.grpc.server.install_snapshot.request.timeout = 3000ms (default)
2024-02-27 07:52:46,747 [f12618e3-137b-46a0-90dc-e366378777c0@group-3D2B47BA0E35-LeaderElection62] INFO  grpc.GrpcConfigKeys (ConfUtils.java:logGet(46)) - raft.grpc.server.log-message.batch.duration = 5s (default)
2024-02-27 07:52:46,747 [f12618e3-137b-46a0-90dc-e366378777c0@group-3D2B47BA0E35-LeaderElection62] INFO  server.RaftServerConfigKeys (ConfUtils.java:logGet(46)) - raft.server.log.appender.install.snapshot.enabled = false (custom)
2024-02-27 07:52:46,747 [f12618e3-137b-46a0-90dc-e366378777c0@group-3D2B47BA0E35-LeaderElection62] INFO  grpc.GrpcConfigKeys (ConfUtils.java:logGet(46)) - raft.grpc.server.heartbeat.channel = true (default)
2024-02-27 07:52:46,747 [f12618e3-137b-46a0-90dc-e366378777c0@group-3D2B47BA0E35-LeaderElection62] INFO  impl.RoleInfo (RoleInfo.java:updateAndGet(139)) - f12618e3-137b-46a0-90dc-e366378777c0: start f12618e3-137b-46a0-90dc-e366378777c0@group-3D2B47BA0E35-LeaderStateImpl
2024-02-27 07:52:46,747 [f12618e3-137b-46a0-90dc-e366378777c0@group-3D2B47BA0E35-LeaderElection62] INFO  server.RaftServer$Division (RaftServerImpl.java:setFirstElection(574)) - f12618e3-137b-46a0-90dc-e366378777c0@group-3D2B47BA0E35: set firstElectionSinceStartup to false for becomeLeader
2024-02-27 07:52:46,748 [f12618e3-137b-46a0-90dc-e366378777c0@group-3D2B47BA0E35-LeaderElection62] INFO  ratis.XceiverServerRatis (XceiverServerRatis.java:handleLeaderChangedNotification(966)) - Leader change notification received for group: group-3D2B47BA0E35 with new leaderId: f12618e3-137b-46a0-90dc-e366378777c0
2024-02-27 07:52:46,748 [f12618e3-137b-46a0-90dc-e366378777c0@group-3D2B47BA0E35-LeaderElection62] INFO  server.RaftServer$Division (ServerState.java:setLeader(269)) - f12618e3-137b-46a0-90dc-e366378777c0@group-3D2B47BA0E35: change Leader from null to f12618e3-137b-46a0-90dc-e366378777c0 at term 1 for becomeLeader, leader elected after 5035ms
2024-02-27 07:52:46,748 [f12618e3-137b-46a0-90dc-e366378777c0@group-3D2B47BA0E35-LeaderElection62] INFO  segmented.SegmentedRaftLogWorker (SegmentedRaftLogWorker.java:startLogSegment(430)) - f12618e3-137b-46a0-90dc-e366378777c0@group-3D2B47BA0E35-SegmentedRaftLogWorker: Starting segment from index:0
2024-02-27 07:52:46,749 [f12618e3-137b-46a0-90dc-e366378777c0@group-3D2B47BA0E35-LeaderElection62] INFO  server.RaftServer$Division (ServerState.java:setRaftConf(386)) - f12618e3-137b-46a0-90dc-e366378777c0@group-3D2B47BA0E35: set configuration 0: peers:[f12618e3-137b-46a0-90dc-e366378777c0|10.1.0.19:15298, 02eae07c-ff18-478f-b1e9-376b0db68b83|10.1.0.19:15289, 8e331bed-8646-4d1b-92f8-14089c74cd0e|10.1.0.19:15280]|listeners:[], old=null
2024-02-27 07:52:46,749 [f12618e3-137b-46a0-90dc-e366378777c0@group-3D2B47BA0E35-SegmentedRaftLogWorker] INFO  segmented.BufferedWriteChannel (BufferedWriteChannel.java:open(62)) - open log_inprogress_0 at position 0
2024-02-27 07:52:46,749 [EventQueue-OpenPipelineForHealthyPipelineSafeModeRule] INFO  safemode.SCMSafeModeManager (HealthyPipelineSafeModeRule.java:process(140)) - SCM in safe mode. Healthy pipelines reported count is 0, required healthy pipeline reported count is 1
2024-02-27 07:52:46,749 [EventQueue-PipelineReportForPipelineReportHandler] INFO  pipeline.PipelineReportHandler (PipelineReportHandler.java:processPipelineReport(136)) - Opened pipeline PipelineID=3c043721-e1ca-410a-a19c-3d2b47ba0e35
2024-02-27 07:52:46,750 [EventQueue-OpenPipelineForHealthyPipelineSafeModeRule] INFO  safemode.SCMSafeModeManager (HealthyPipelineSafeModeRule.java:process(140)) - SCM in safe mode. Healthy pipelines reported count is 1, required healthy pipeline reported count is 1
2024-02-27 07:52:46,750 [EventQueue-OpenPipelineForHealthyPipelineSafeModeRule] INFO  safemode.SCMSafeModeManager (SCMSafeModeManager.java:validateSafeModeExitRules(200)) - HealthyPipelineSafeModeRule rule is successfully validated
2024-02-27 07:52:46,750 [EventQueue-OpenPipelineForHealthyPipelineSafeModeRule] INFO  safemode.SCMSafeModeManager (SCMSafeModeManager.java:validateSafeModeExitRules(215)) - ScmSafeModeManager, all rules are successfully validated
2024-02-27 07:52:46,750 [EventQueue-OpenPipelineForHealthyPipelineSafeModeRule] INFO  safemode.SCMSafeModeManager (SCMSafeModeManager.java:exitSafeMode(244)) - SCM exiting safe mode.
2024-02-27 07:52:46,750 [EventQueue-OpenPipelineForHealthyPipelineSafeModeRule] INFO  ha.SCMContext (SCMContext.java:updateSafeModeStatus(225)) - Update SafeModeStatus from SafeModeStatus{safeModeStatus=true, preCheckPassed=true} to SafeModeStatus{safeModeStatus=false, preCheckPassed=true}.
2024-02-27 07:52:46,750 [EventQueue-OpenPipelineForHealthyPipelineSafeModeRule] INFO  pipeline.BackgroundPipelineCreator (BackgroundPipelineCreator.java:notifyStatusChanged(258)) - Service BackgroundPipelineCreator transitions to RUNNING.
2024-02-27 07:52:46,750 [EventQueue-OpenPipelineForHealthyPipelineSafeModeRule] INFO  BackgroundPipelineScrubber (BackgroundSCMService.java:notifyStatusChanged(79)) - Service BackgroundPipelineScrubber transitions to RUNNING.
2024-02-27 07:52:46,750 [EventQueue-OpenPipelineForHealthyPipelineSafeModeRule] INFO  ExpiredContainerReplicaOpScrubber (BackgroundSCMService.java:notifyStatusChanged(79)) - Service ExpiredContainerReplicaOpScrubber transitions to RUNNING.
2024-02-27 07:52:46,750 [EventQueue-OpenPipelineForHealthyPipelineSafeModeRule] INFO  block.SCMBlockDeletingService (SCMBlockDeletingService.java:notifyStatusChanged(247)) - notifyStatusChanged:RUNNING
2024-02-27 07:52:46,750 [EventQueue-OpenPipelineForHealthyPipelineSafeModeRule] INFO  replication.ReplicationManager (ReplicationManager.java:notifyStatusChanged(1402)) - Service ReplicationManager transitions to RUNNING.
2024-02-27 07:52:46,750 [EventQueue-OpenPipelineForHealthyPipelineSafeModeRule] WARN  balancer.ContainerBalancer (ContainerBalancer.java:shouldRun(134)) - Could not find persisted configuration for ContainerBalancer when checking if ContainerBalancer should run. ContainerBalancer should not run now.
2024-02-27 07:52:46,754 [8e331bed-8646-4d1b-92f8-14089c74cd0e-server-thread1] INFO  ratis.XceiverServerRatis (XceiverServerRatis.java:handleLeaderChangedNotification(966)) - Leader change notification received for group: group-3D2B47BA0E35 with new leaderId: f12618e3-137b-46a0-90dc-e366378777c0
2024-02-27 07:52:46,754 [8e331bed-8646-4d1b-92f8-14089c74cd0e-server-thread1] INFO  server.RaftServer$Division (ServerState.java:setLeader(269)) - 8e331bed-8646-4d1b-92f8-14089c74cd0e@group-3D2B47BA0E35: change Leader from null to f12618e3-137b-46a0-90dc-e366378777c0 at term 1 for appendEntries, leader elected after 5087ms
2024-02-27 07:52:46,756 [f12618e3-137b-46a0-90dc-e366378777c0@group-3D2B47BA0E35-SegmentedRaftLogWorker] INFO  segmented.SegmentedRaftLogWorker (SegmentedRaftLogWorker.java:execute(634)) - f12618e3-137b-46a0-90dc-e366378777c0@group-3D2B47BA0E35-SegmentedRaftLogWorker: created new log segment /home/runner/work/ozone/ozone/hadoop-ozone/integration-test/target/test-dir/MiniOzoneClusterImpl-bc2c81e0-d964-4a8e-97ca-887e98ec88c8/ozone-meta/datanode-3/ratis/3c043721-e1ca-410a-a19c-3d2b47ba0e35/current/log_inprogress_0
2024-02-27 07:52:46,758 [8e331bed-8646-4d1b-92f8-14089c74cd0e-server-thread2] INFO  server.RaftServer$Division (ServerState.java:setRaftConf(386)) - 8e331bed-8646-4d1b-92f8-14089c74cd0e@group-3D2B47BA0E35: set configuration 0: peers:[f12618e3-137b-46a0-90dc-e366378777c0|10.1.0.19:15298, 02eae07c-ff18-478f-b1e9-376b0db68b83|10.1.0.19:15289, 8e331bed-8646-4d1b-92f8-14089c74cd0e|10.1.0.19:15280]|listeners:[], old=null
2024-02-27 07:52:46,758 [8e331bed-8646-4d1b-92f8-14089c74cd0e-server-thread2] INFO  segmented.SegmentedRaftLogWorker (SegmentedRaftLogWorker.java:startLogSegment(430)) - 8e331bed-8646-4d1b-92f8-14089c74cd0e@group-3D2B47BA0E35-SegmentedRaftLogWorker: Starting segment from index:0
2024-02-27 07:52:46,758 [8e331bed-8646-4d1b-92f8-14089c74cd0e@group-3D2B47BA0E35-SegmentedRaftLogWorker] INFO  segmented.BufferedWriteChannel (BufferedWriteChannel.java:open(62)) - open log_inprogress_0 at position 0
2024-02-27 07:52:46,758 [02eae07c-ff18-478f-b1e9-376b0db68b83-server-thread1] INFO  ratis.XceiverServerRatis (XceiverServerRatis.java:handleLeaderChangedNotification(966)) - Leader change notification received for group: group-3D2B47BA0E35 with new leaderId: f12618e3-137b-46a0-90dc-e366378777c0
2024-02-27 07:52:46,762 [02eae07c-ff18-478f-b1e9-376b0db68b83-server-thread1] INFO  server.RaftServer$Division (ServerState.java:setLeader(269)) - 02eae07c-ff18-478f-b1e9-376b0db68b83@group-3D2B47BA0E35: change Leader from null to f12618e3-137b-46a0-90dc-e366378777c0 at term 1 for appendEntries, leader elected after 5070ms
2024-02-27 07:52:46,762 [02eae07c-ff18-478f-b1e9-376b0db68b83-server-thread2] INFO  server.RaftServer$Division (ServerState.java:setRaftConf(386)) - 02eae07c-ff18-478f-b1e9-376b0db68b83@group-3D2B47BA0E35: set configuration 0: peers:[f12618e3-137b-46a0-90dc-e366378777c0|10.1.0.19:15298, 02eae07c-ff18-478f-b1e9-376b0db68b83|10.1.0.19:15289, 8e331bed-8646-4d1b-92f8-14089c74cd0e|10.1.0.19:15280]|listeners:[], old=null
2024-02-27 07:52:46,762 [02eae07c-ff18-478f-b1e9-376b0db68b83-server-thread2] INFO  segmented.SegmentedRaftLogWorker (SegmentedRaftLogWorker.java:startLogSegment(430)) - 02eae07c-ff18-478f-b1e9-376b0db68b83@group-3D2B47BA0E35-SegmentedRaftLogWorker: Starting segment from index:0
2024-02-27 07:52:46,763 [02eae07c-ff18-478f-b1e9-376b0db68b83@group-3D2B47BA0E35-SegmentedRaftLogWorker] INFO  segmented.BufferedWriteChannel (BufferedWriteChannel.java:open(62)) - open log_inprogress_0 at position 0
2024-02-27 07:52:46,765 [8e331bed-8646-4d1b-92f8-14089c74cd0e@group-3D2B47BA0E35-SegmentedRaftLogWorker] INFO  segmented.SegmentedRaftLogWorker (SegmentedRaftLogWorker.java:execute(634)) - 8e331bed-8646-4d1b-92f8-14089c74cd0e@group-3D2B47BA0E35-SegmentedRaftLogWorker: created new log segment /home/runner/work/ozone/ozone/hadoop-ozone/integration-test/target/test-dir/MiniOzoneClusterImpl-bc2c81e0-d964-4a8e-97ca-887e98ec88c8/ozone-meta/datanode-1/ratis/3c043721-e1ca-410a-a19c-3d2b47ba0e35/current/log_inprogress_0
2024-02-27 07:52:46,770 [f12618e3-137b-46a0-90dc-e366378777c0@group-3D2B47BA0E35-StateMachineUpdater] INFO  server.RaftServer$Division (LeaderStateImpl.java:isApplied(320)) - leader is ready since appliedIndex == 0 >= startIndex == 0
2024-02-27 07:52:46,770 [02eae07c-ff18-478f-b1e9-376b0db68b83@group-3D2B47BA0E35-SegmentedRaftLogWorker] INFO  segmented.SegmentedRaftLogWorker (SegmentedRaftLogWorker.java:execute(634)) - 02eae07c-ff18-478f-b1e9-376b0db68b83@group-3D2B47BA0E35-SegmentedRaftLogWorker: created new log segment /home/runner/work/ozone/ozone/hadoop-ozone/integration-test/target/test-dir/MiniOzoneClusterImpl-bc2c81e0-d964-4a8e-97ca-887e98ec88c8/ozone-meta/datanode-2/ratis/3c043721-e1ca-410a-a19c-3d2b47ba0e35/current/log_inprogress_0
2024-02-27 07:52:46,774 [8e331bed-8646-4d1b-92f8-14089c74cd0e@group-310941231D46-FollowerState] INFO  impl.FollowerState (FollowerState.java:run(143)) - 8e331bed-8646-4d1b-92f8-14089c74cd0e@group-310941231D46-FollowerState: change to CANDIDATE, lastRpcElapsedTime:5038994131ns, electionTimeout:5038ms
2024-02-27 07:52:46,774 [8e331bed-8646-4d1b-92f8-14089c74cd0e@group-310941231D46-FollowerState] INFO  impl.RoleInfo (RoleInfo.java:shutdownFollowerState(110)) - 8e331bed-8646-4d1b-92f8-14089c74cd0e: shutdown 8e331bed-8646-4d1b-92f8-14089c74cd0e@group-310941231D46-FollowerState
2024-02-27 07:52:46,774 [8e331bed-8646-4d1b-92f8-14089c74cd0e@group-310941231D46-FollowerState] INFO  server.RaftServer$Division (RaftServerImpl.java:setRole(383)) - 8e331bed-8646-4d1b-92f8-14089c74cd0e@group-310941231D46: changes role from  FOLLOWER to CANDIDATE at term 0 for changeToCandidate
2024-02-27 07:52:46,774 [8e331bed-8646-4d1b-92f8-14089c74cd0e@group-310941231D46-FollowerState] INFO  server.RaftServerConfigKeys (ConfUtils.java:logGet(46)) - raft.server.leaderelection.pre-vote = true (default)
2024-02-27 07:52:46,774 [8e331bed-8646-4d1b-92f8-14089c74cd0e@group-310941231D46-FollowerState] INFO  impl.RoleInfo (RoleInfo.java:updateAndGet(139)) - 8e331bed-8646-4d1b-92f8-14089c74cd0e: start 8e331bed-8646-4d1b-92f8-14089c74cd0e@group-310941231D46-LeaderElection63
2024-02-27 07:52:46,778 [8e331bed-8646-4d1b-92f8-14089c74cd0e@group-310941231D46-LeaderElection63] INFO  impl.LeaderElection (LeaderElection.java:askForVotes(321)) - 8e331bed-8646-4d1b-92f8-14089c74cd0e@group-310941231D46-LeaderElection63 PRE_VOTE round 0: submit vote requests at term 0 for -1: peers:[f12618e3-137b-46a0-90dc-e366378777c0|10.1.0.19:15298, 02eae07c-ff18-478f-b1e9-376b0db68b83|10.1.0.19:15289, 8e331bed-8646-4d1b-92f8-14089c74cd0e|10.1.0.19:15280]|listeners:[], old=null
2024-02-27 07:52:46,778 [8e331bed-8646-4d1b-92f8-14089c74cd0e@group-310941231D46-LeaderElection63] INFO  server.RaftServerConfigKeys (ConfUtils.java:logFallback(53)) - raft.server.rpc.first-election.timeout.min = 5s (fallback to raft.server.rpc.timeout.min)
2024-02-27 07:52:46,778 [8e331bed-8646-4d1b-92f8-14089c74cd0e@group-310941231D46-LeaderElection63] INFO  server.RaftServerConfigKeys (ConfUtils.java:logFallback(53)) - raft.server.rpc.first-election.timeout.max = 5200ms (fallback to raft.server.rpc.timeout.max)
2024-02-27 07:52:46,779 [grpc-default-executor-3] INFO  server.RaftServer$Division (RaftServerImpl.java:requestVote(1389)) - f12618e3-137b-46a0-90dc-e366378777c0@group-310941231D46: receive requestVote(PRE_VOTE, 8e331bed-8646-4d1b-92f8-14089c74cd0e, group-310941231D46, 0, (t:0, i:0))
2024-02-27 07:52:46,779 [grpc-default-executor-3] INFO  impl.VoteContext (VoteContext.java:log(49)) - f12618e3-137b-46a0-90dc-e366378777c0@group-310941231D46-FOLLOWER: accept PRE_VOTE from 8e331bed-8646-4d1b-92f8-14089c74cd0e: our priority 0 <= candidate's priority 0
2024-02-27 07:52:46,779 [grpc-default-executor-4] INFO  server.RaftServer$Division (RaftServerImpl.java:requestVote(1389)) - 02eae07c-ff18-478f-b1e9-376b0db68b83@group-310941231D46: receive requestVote(PRE_VOTE, 8e331bed-8646-4d1b-92f8-14089c74cd0e, group-310941231D46, 0, (t:0, i:0))
2024-02-27 07:52:46,779 [grpc-default-executor-3] INFO  server.RaftServer$Division (RaftServerImpl.java:requestVote(1422)) - f12618e3-137b-46a0-90dc-e366378777c0@group-310941231D46 replies to PRE_VOTE vote request: 8e331bed-8646-4d1b-92f8-14089c74cd0e<-f12618e3-137b-46a0-90dc-e366378777c0#0:OK-t0. Peer's state: f12618e3-137b-46a0-90dc-e366378777c0@group-310941231D46:t0, leader=null, voted=, raftlog=Memoized:f12618e3-137b-46a0-90dc-e366378777c0@group-310941231D46-SegmentedRaftLog:OPENED:c-1, conf=-1: peers:[f12618e3-137b-46a0-90dc-e366378777c0|10.1.0.19:15298, 02eae07c-ff18-478f-b1e9-376b0db68b83|10.1.0.19:15289, 8e331bed-8646-4d1b-92f8-14089c74cd0e|10.1.0.19:15280]|listeners:[], old=null
2024-02-27 07:52:46,779 [grpc-default-executor-4] INFO  impl.VoteContext (VoteContext.java:log(49)) - 02eae07c-ff18-478f-b1e9-376b0db68b83@group-310941231D46-FOLLOWER: reject PRE_VOTE from 8e331bed-8646-4d1b-92f8-14089c74cd0e: our priority 1 > candidate's priority 0
2024-02-27 07:52:46,779 [grpc-default-executor-4] INFO  server.RaftServer$Division (RaftServerImpl.java:requestVote(1422)) - 02eae07c-ff18-478f-b1e9-376b0db68b83@group-310941231D46 replies to PRE_VOTE vote request: 8e331bed-8646-4d1b-92f8-14089c74cd0e<-02eae07c-ff18-478f-b1e9-376b0db68b83#0:FAIL-t0. Peer's state: 02eae07c-ff18-478f-b1e9-376b0db68b83@group-310941231D46:t0, leader=null, voted=, raftlog=Memoized:02eae07c-ff18-478f-b1e9-376b0db68b83@group-310941231D46-SegmentedRaftLog:OPENED:c-1, conf=-1: peers:[f12618e3-137b-46a0-90dc-e366378777c0|10.1.0.19:15298, 02eae07c-ff18-478f-b1e9-376b0db68b83|10.1.0.19:15289, 8e331bed-8646-4d1b-92f8-14089c74cd0e|10.1.0.19:15280]|listeners:[], old=null
2024-02-27 07:52:46,780 [8e331bed-8646-4d1b-92f8-14089c74cd0e@group-310941231D46-LeaderElection63] INFO  impl.LeaderElection (LeaderElection.java:logAndReturn(89)) - 8e331bed-8646-4d1b-92f8-14089c74cd0e@group-310941231D46-LeaderElection63: PRE_VOTE REJECTED received 1 response(s) and 0 exception(s):
2024-02-27 07:52:46,780 [8e331bed-8646-4d1b-92f8-14089c74cd0e@group-310941231D46-LeaderElection63] INFO  impl.LeaderElection (LeaderElection.java:logAndReturn(93)) -   Response 0: 8e331bed-8646-4d1b-92f8-14089c74cd0e<-02eae07c-ff18-478f-b1e9-376b0db68b83#0:FAIL-t0
2024-02-27 07:52:46,780 [8e331bed-8646-4d1b-92f8-14089c74cd0e@group-310941231D46-LeaderElection63] INFO  impl.LeaderElection (LeaderElection.java:askForVotes(323)) - 8e331bed-8646-4d1b-92f8-14089c74cd0e@group-310941231D46-LeaderElection63 PRE_VOTE round 0: result REJECTED
2024-02-27 07:52:46,780 [8e331bed-8646-4d1b-92f8-14089c74cd0e@group-310941231D46-LeaderElection63] INFO  server.RaftServer$Division (RaftServerImpl.java:setRole(383)) - 8e331bed-8646-4d1b-92f8-14089c74cd0e@group-310941231D46: changes role from CANDIDATE to FOLLOWER at term 0 for REJECTED
2024-02-27 07:52:46,780 [8e331bed-8646-4d1b-92f8-14089c74cd0e@group-310941231D46-LeaderElection63] INFO  impl.RoleInfo (RoleInfo.java:shutdownLeaderElection(130)) - 8e331bed-8646-4d1b-92f8-14089c74cd0e: shutdown 8e331bed-8646-4d1b-92f8-14089c74cd0e@group-310941231D46-LeaderElection63
2024-02-27 07:52:46,780 [8e331bed-8646-4d1b-92f8-14089c74cd0e@group-310941231D46-LeaderElection63] INFO  impl.RoleInfo (RoleInfo.java:updateAndGet(139)) - 8e331bed-8646-4d1b-92f8-14089c74cd0e: start 8e331bed-8646-4d1b-92f8-14089c74cd0e@group-310941231D46-FollowerState
2024-02-27 07:52:46,780 [8e331bed-8646-4d1b-92f8-14089c74cd0e@group-310941231D46-LeaderElection63] INFO  server.RaftServer$Division (RaftServerImpl.java:setFirstElection(574)) - 8e331bed-8646-4d1b-92f8-14089c74cd0e@group-310941231D46: set firstElectionSinceStartup to false for REJECTED
2024-02-27 07:52:46,847 [main] INFO  ozone.MiniOzoneClusterImpl (MiniOzoneClusterImpl.java:lambda$waitForClusterToBeReady$0(195)) - Nodes are ready. Got 3 of 3 DN Heartbeats.
2024-02-27 07:52:46,847 [main] INFO  ozone.MiniOzoneClusterImpl (MiniOzoneClusterImpl.java:lambda$waitForClusterToBeReady$0(198)) - Cluster exits safe mode
2024-02-27 07:52:46,848 [main] INFO  ozone.MiniOzoneClusterImpl (MiniOzoneClusterImpl.java:lambda$waitForClusterToBeReady$0(200)) - SCM became leader
2024-02-27 07:52:46,848 [main] INFO  protocolPB.OmTransportFactory (OmTransportFactory.java:createFactory(62)) - Loading OM transport implementation org.apache.hadoop.ozone.om.protocolPB.Hadoop3OmTransportFactory as specified by configuration.
2024-02-27 07:52:46,855 [main] INFO  om.TestOzoneManagerPrepare (TestOzoneManagerPrepare.java:setup(101)) - Waiting for OM leader election
2024-02-27 07:52:46,859 [omNode-1-OMStateMachineApplyTransactionThread - 0] INFO  upgrade.OMCancelPrepareRequest (OMCancelPrepareRequest.java:validateAndUpdateCache(54)) - OM omNode-1 Received cancel prepare request with log (t:1, i:1)
2024-02-27 07:52:46,859 [omNode-1-OMStateMachineApplyTransactionThread - 0] INFO  upgrade.OMCancelPrepareRequest (OMCancelPrepareRequest.java:validateAndUpdateCache(82)) - OM omNode-1 prepare state cancelled at log (t:1, i:1). Returning response 
2024-02-27 07:52:46,860 [omNode-3-OMStateMachineApplyTransactionThread - 0] INFO  upgrade.OMCancelPrepareRequest (OMCancelPrepareRequest.java:validateAndUpdateCache(54)) - OM omNode-3 Received cancel prepare request with log (t:1, i:1)
2024-02-27 07:52:46,861 [omNode-2-OMStateMachineApplyTransactionThread - 0] INFO  upgrade.OMCancelPrepareRequest (OMCancelPrepareRequest.java:validateAndUpdateCache(54)) - OM omNode-2 Received cancel prepare request with log (t:1, i:1)
2024-02-27 07:52:46,861 [main] INFO  rpc.RpcClient (RpcClient.java:createVolume(465)) - Creating Volume: vol, with runner as owner and space quota set to -1 bytes, counts quota set to -1
2024-02-27 07:52:46,872 [f12618e3-137b-46a0-90dc-e366378777c0@group-310941231D46-FollowerState] INFO  server.RaftServerConfigKeys (ConfUtils.java:logFallback(53)) - raft.server.rpc.first-election.timeout.min = 5s (fallback to raft.server.rpc.timeout.min)
2024-02-27 07:52:46,872 [omNode-3-OMStateMachineApplyTransactionThread - 0] INFO  upgrade.OMCancelPrepareRequest (OMCancelPrepareRequest.java:validateAndUpdateCache(82)) - OM omNode-3 prepare state cancelled at log (t:1, i:1). Returning response 
2024-02-27 07:52:46,872 [omNode-2-OMStateMachineApplyTransactionThread - 0] INFO  upgrade.OMCancelPrepareRequest (OMCancelPrepareRequest.java:validateAndUpdateCache(82)) - OM omNode-2 prepare state cancelled at log (t:1, i:1). Returning response 
2024-02-27 07:52:46,872 [f12618e3-137b-46a0-90dc-e366378777c0@group-310941231D46-FollowerState] INFO  server.RaftServerConfigKeys (ConfUtils.java:logFallback(53)) - raft.server.rpc.first-election.timeout.max = 5200ms (fallback to raft.server.rpc.timeout.max)
2024-02-27 07:52:46,880 [omNode-1-OMStateMachineApplyTransactionThread - 0] INFO  volume.OMVolumeCreateRequest (OMVolumeCreateRequest.java:validateAndUpdateCache(198)) - created volume:vol for user:runner
2024-02-27 07:52:46,882 [02eae07c-ff18-478f-b1e9-376b0db68b83@group-976164448411-FollowerState] INFO  impl.FollowerState (FollowerState.java:run(143)) - 02eae07c-ff18-478f-b1e9-376b0db68b83@group-976164448411-FollowerState: change to CANDIDATE, lastRpcElapsedTime:5113096713ns, electionTimeout:5112ms
2024-02-27 07:52:46,882 [02eae07c-ff18-478f-b1e9-376b0db68b83@group-976164448411-FollowerState] INFO  impl.RoleInfo (RoleInfo.java:shutdownFollowerState(110)) - 02eae07c-ff18-478f-b1e9-376b0db68b83: shutdown 02eae07c-ff18-478f-b1e9-376b0db68b83@group-976164448411-FollowerState
2024-02-27 07:52:46,883 [02eae07c-ff18-478f-b1e9-376b0db68b83@group-976164448411-FollowerState] INFO  server.RaftServer$Division (RaftServerImpl.java:setRole(383)) - 02eae07c-ff18-478f-b1e9-376b0db68b83@group-976164448411: changes role from  FOLLOWER to CANDIDATE at term 0 for changeToCandidate
2024-02-27 07:52:46,883 [02eae07c-ff18-478f-b1e9-376b0db68b83@group-976164448411-FollowerState] INFO  server.RaftServerConfigKeys (ConfUtils.java:logGet(46)) - raft.server.leaderelection.pre-vote = true (default)
2024-02-27 07:52:46,883 [omNode-2-OMStateMachineApplyTransactionThread - 0] INFO  volume.OMVolumeCreateRequest (OMVolumeCreateRequest.java:validateAndUpdateCache(198)) - created volume:vol for user:runner
2024-02-27 07:52:46,883 [02eae07c-ff18-478f-b1e9-376b0db68b83@group-976164448411-FollowerState] INFO  impl.RoleInfo (RoleInfo.java:updateAndGet(139)) - 02eae07c-ff18-478f-b1e9-376b0db68b83: start 02eae07c-ff18-478f-b1e9-376b0db68b83@group-976164448411-LeaderElection64
2024-02-27 07:52:46,890 [omNode-3-OMStateMachineApplyTransactionThread - 0] INFO  volume.OMVolumeCreateRequest (OMVolumeCreateRequest.java:validateAndUpdateCache(198)) - created volume:vol for user:runner
2024-02-27 07:52:46,893 [main] INFO  rpc.RpcClient (RpcClient.java:createVolume(465)) - Creating Volume: volumebfa23f4d-2136-4127-8cda-5baa15d37694, with runner as owner and space quota set to -1 bytes, counts quota set to -1
2024-02-27 07:52:46,893 [02eae07c-ff18-478f-b1e9-376b0db68b83@group-976164448411-LeaderElection64] INFO  impl.LeaderElection (LeaderElection.java:askForVotes(321)) - 02eae07c-ff18-478f-b1e9-376b0db68b83@group-976164448411-LeaderElection64 PRE_VOTE round 0: submit vote requests at term 0 for -1: peers:[02eae07c-ff18-478f-b1e9-376b0db68b83|10.1.0.19:15289]|listeners:[], old=null
2024-02-27 07:52:46,893 [02eae07c-ff18-478f-b1e9-376b0db68b83@group-976164448411-LeaderElection64] INFO  impl.LeaderElection (LeaderElection.java:askForVotes(323)) - 02eae07c-ff18-478f-b1e9-376b0db68b83@group-976164448411-LeaderElection64 PRE_VOTE round 0: result PASSED (term=0)
2024-02-27 07:52:46,899 [02eae07c-ff18-478f-b1e9-376b0db68b83@group-976164448411-LeaderElection64] INFO  impl.LeaderElection (LeaderElection.java:askForVotes(321)) - 02eae07c-ff18-478f-b1e9-376b0db68b83@group-976164448411-LeaderElection64 ELECTION round 0: submit vote requests at term 1 for -1: peers:[02eae07c-ff18-478f-b1e9-376b0db68b83|10.1.0.19:15289]|listeners:[], old=null
2024-02-27 07:52:46,899 [02eae07c-ff18-478f-b1e9-376b0db68b83@group-976164448411-LeaderElection64] INFO  impl.LeaderElection (LeaderElection.java:askForVotes(323)) - 02eae07c-ff18-478f-b1e9-376b0db68b83@group-976164448411-LeaderElection64 ELECTION round 0: result PASSED (term=1)
2024-02-27 07:52:46,899 [02eae07c-ff18-478f-b1e9-376b0db68b83@group-976164448411-LeaderElection64] INFO  impl.RoleInfo (RoleInfo.java:shutdownLeaderElection(130)) - 02eae07c-ff18-478f-b1e9-376b0db68b83: shutdown 02eae07c-ff18-478f-b1e9-376b0db68b83@group-976164448411-LeaderElection64
2024-02-27 07:52:46,899 [02eae07c-ff18-478f-b1e9-376b0db68b83@group-976164448411-LeaderElection64] INFO  server.RaftServer$Division (RaftServerImpl.java:setRole(383)) - 02eae07c-ff18-478f-b1e9-376b0db68b83@group-976164448411: changes role from CANDIDATE to LEADER at term 1 for changeToLeader
2024-02-27 07:52:46,899 [02eae07c-ff18-478f-b1e9-376b0db68b83@group-976164448411-LeaderElection64] INFO  server.RaftServerConfigKeys (ConfUtils.java:logGet(46)) - raft.server.staging.catchup.gap = 1000 (default)
2024-02-27 07:52:46,899 [02eae07c-ff18-478f-b1e9-376b0db68b83@group-976164448411-LeaderElection64] INFO  server.RaftServerConfigKeys (ConfUtils.java:logGet(46)) - raft.server.write.element-limit = 1024 (custom)
2024-02-27 07:52:46,900 [02eae07c-ff18-478f-b1e9-376b0db68b83@group-976164448411-LeaderElection64] INFO  server.RaftServerConfigKeys (ConfUtils.java:logGet(46)) - raft.server.write.byte-limit = 1024 M (=1073741824) (custom)
2024-02-27 07:52:46,900 [02eae07c-ff18-478f-b1e9-376b0db68b83@group-976164448411-LeaderElection64] INFO  server.RaftServerConfigKeys (ConfUtils.java:logGet(46)) - raft.server.watch.timeout = 180s (custom)
2024-02-27 07:52:46,900 [02eae07c-ff18-478f-b1e9-376b0db68b83@group-976164448411-LeaderElection64] INFO  server.RaftServerConfigKeys (ConfUtils.java:logGet(46)) - raft.server.watch.timeout.denomination = 1s (default)
2024-02-27 07:52:46,900 [02eae07c-ff18-478f-b1e9-376b0db68b83@group-976164448411-LeaderElection64] INFO  server.RaftServerConfigKeys (ConfUtils.java:logGet(46)) - raft.server.watch.element-limit = 65536 (default)
2024-02-27 07:52:46,900 [02eae07c-ff18-478f-b1e9-376b0db68b83@group-976164448411-LeaderElection64] INFO  server.RaftServerConfigKeys (ConfUtils.java:logGet(46)) - raft.server.read.leader.lease.enabled = false (default)
2024-02-27 07:52:46,900 [02eae07c-ff18-478f-b1e9-376b0db68b83@group-976164448411-LeaderElection64] INFO  server.RaftServerConfigKeys (ConfUtils.java:logGet(46)) - raft.server.read.leader.lease.timeout.ratio = 0.9 (default)
2024-02-27 07:52:46,900 [02eae07c-ff18-478f-b1e9-376b0db68b83@group-976164448411-LeaderElection64] INFO  server.RaftServerConfigKeys (ConfUtils.java:logGet(46)) - raft.server.rpc.timeout.min = 5s (custom)
2024-02-27 07:52:46,900 [02eae07c-ff18-478f-b1e9-376b0db68b83@group-976164448411-LeaderElection64] INFO  server.RaftServerConfigKeys (ConfUtils.java:logGet(46)) - raft.server.write.element-limit = 1024 (custom)
2024-02-27 07:52:46,900 [02eae07c-ff18-478f-b1e9-376b0db68b83@group-976164448411-LeaderElection64] INFO  server.RaftServerConfigKeys (ConfUtils.java:logGet(46)) - raft.server.write.follower.gap.ratio.max = -1.0 (default)
2024-02-27 07:52:46,900 [02eae07c-ff18-478f-b1e9-376b0db68b83@group-976164448411-LeaderElection64] INFO  impl.RoleInfo (RoleInfo.java:updateAndGet(139)) - 02eae07c-ff18-478f-b1e9-376b0db68b83: start 02eae07c-ff18-478f-b1e9-376b0db68b83@group-976164448411-LeaderStateImpl
2024-02-27 07:52:46,900 [02eae07c-ff18-478f-b1e9-376b0db68b83@group-976164448411-LeaderElection64] INFO  server.RaftServer$Division (RaftServerImpl.java:setFirstElection(574)) - 02eae07c-ff18-478f-b1e9-376b0db68b83@group-976164448411: set firstElectionSinceStartup to false for becomeLeader
2024-02-27 07:52:46,900 [02eae07c-ff18-478f-b1e9-376b0db68b83@group-976164448411-LeaderElection64] INFO  ratis.XceiverServerRatis (XceiverServerRatis.java:handleLeaderChangedNotification(966)) - Leader change notification received for group: group-976164448411 with new leaderId: 02eae07c-ff18-478f-b1e9-376b0db68b83
2024-02-27 07:52:46,900 [02eae07c-ff18-478f-b1e9-376b0db68b83@group-976164448411-LeaderElection64] INFO  server.RaftServer$Division (ServerState.java:setLeader(269)) - 02eae07c-ff18-478f-b1e9-376b0db68b83@group-976164448411: change Leader from null to 02eae07c-ff18-478f-b1e9-376b0db68b83 at term 1 for becomeLeader, leader elected after 5141ms
2024-02-27 07:52:46,901 [02eae07c-ff18-478f-b1e9-376b0db68b83@group-976164448411-LeaderElection64] INFO  segmented.SegmentedRaftLogWorker (SegmentedRaftLogWorker.java:startLogSegment(430)) - 02eae07c-ff18-478f-b1e9-376b0db68b83@group-976164448411-SegmentedRaftLogWorker: Starting segment from index:0
2024-02-27 07:52:46,902 [02eae07c-ff18-478f-b1e9-376b0db68b83@group-976164448411-LeaderElection64] INFO  server.RaftServer$Division (ServerState.java:setRaftConf(386)) - 02eae07c-ff18-478f-b1e9-376b0db68b83@group-976164448411: set configuration 0: peers:[02eae07c-ff18-478f-b1e9-376b0db68b83|10.1.0.19:15289]|listeners:[], old=null
2024-02-27 07:52:46,904 [omNode-1-OMStateMachineApplyTransactionThread - 0] INFO  volume.OMVolumeCreateRequest (OMVolumeCreateRequest.java:validateAndUpdateCache(198)) - created volume:volumebfa23f4d-2136-4127-8cda-5baa15d37694 for user:runner
2024-02-27 07:52:46,905 [02eae07c-ff18-478f-b1e9-376b0db68b83@group-976164448411-SegmentedRaftLogWorker] INFO  segmented.BufferedWriteChannel (BufferedWriteChannel.java:open(62)) - open log_inprogress_0 at position 0
2024-02-27 07:52:46,905 [omNode-3-OMStateMachineApplyTransactionThread - 0] INFO  volume.OMVolumeCreateRequest (OMVolumeCreateRequest.java:validateAndUpdateCache(198)) - created volume:volumebfa23f4d-2136-4127-8cda-5baa15d37694 for user:runner
2024-02-27 07:52:46,906 [omNode-2-OMStateMachineApplyTransactionThread - 0] INFO  volume.OMVolumeCreateRequest (OMVolumeCreateRequest.java:validateAndUpdateCache(198)) - created volume:volumebfa23f4d-2136-4127-8cda-5baa15d37694 for user:runner
2024-02-27 07:52:46,906 [main] INFO  rpc.RpcClient (RpcClient.java:createBucket(691)) - Creating Bucket: volumebfa23f4d-2136-4127-8cda-5baa15d37694/bucket, with server-side default bucket layout, runner as owner, Versioning false, Storage Type set to DISK and Encryption set to false, Replication Type set to server-side default replication type, Namespace Quota set to -1, Space Quota set to -1 
2024-02-27 07:52:46,912 [02eae07c-ff18-478f-b1e9-376b0db68b83@group-976164448411-SegmentedRaftLogWorker] INFO  segmented.SegmentedRaftLogWorker (SegmentedRaftLogWorker.java:execute(634)) - 02eae07c-ff18-478f-b1e9-376b0db68b83@group-976164448411-SegmentedRaftLogWorker: created new log segment /home/runner/work/ozone/ozone/hadoop-ozone/integration-test/target/test-dir/MiniOzoneClusterImpl-bc2c81e0-d964-4a8e-97ca-887e98ec88c8/ozone-meta/datanode-2/ratis/aaa5b436-0321-440a-a764-976164448411/current/log_inprogress_0
2024-02-27 07:52:46,914 [02eae07c-ff18-478f-b1e9-376b0db68b83@group-976164448411-StateMachineUpdater] INFO  server.RaftServer$Division (LeaderStateImpl.java:isApplied(320)) - leader is ready since appliedIndex == 0 >= startIndex == 0
2024-02-27 07:52:46,915 [omNode-1-OMStateMachineApplyTransactionThread - 0] INFO  bucket.OMBucketCreateRequest (OMBucketCreateRequest.java:validateAndUpdateCache(292)) - created bucket: bucket of layout OBJECT_STORE in volume: volumebfa23f4d-2136-4127-8cda-5baa15d37694
2024-02-27 07:52:46,916 [omNode-2-OMStateMachineApplyTransactionThread - 0] INFO  bucket.OMBucketCreateRequest (OMBucketCreateRequest.java:validateAndUpdateCache(292)) - created bucket: bucket of layout OBJECT_STORE in volume: volumebfa23f4d-2136-4127-8cda-5baa15d37694
2024-02-27 07:52:46,916 [omNode-3-OMStateMachineApplyTransactionThread - 0] INFO  bucket.OMBucketCreateRequest (OMBucketCreateRequest.java:validateAndUpdateCache(292)) - created bucket: bucket of layout OBJECT_STORE in volume: volumebfa23f4d-2136-4127-8cda-5baa15d37694
2024-02-27 07:52:46,927 [IPC Server handler 7 on default port 15259] INFO  ha.SequenceIdGenerator (SequenceIdGenerator.java:getNextId(145)) - Allocate a batch for containerId, change lastId from 0 to 1000.
2024-02-27 07:52:46,928 [IPC Server handler 7 on default port 15259] WARN  ha.SequenceIdGenerator (SequenceIdGenerator.java:allocateBatch(258)) - Failed to allocate a batch for localId, expected lastId is 0, actual lastId is 113750153625600000.
2024-02-27 07:52:46,928 [IPC Server handler 7 on default port 15259] INFO  ha.SequenceIdGenerator (SequenceIdGenerator.java:getNextId(145)) - Allocate a batch for localId, change lastId from 113750153625600000 to 113750153625601000.
2024-02-27 07:52:46,939 [f12618e3-137b-46a0-90dc-e366378777c0@group-AA3C285DE8E0-FollowerState] INFO  impl.FollowerState (FollowerState.java:run(143)) - f12618e3-137b-46a0-90dc-e366378777c0@group-AA3C285DE8E0-FollowerState: change to CANDIDATE, lastRpcElapsedTime:5084560864ns, electionTimeout:5084ms
2024-02-27 07:52:46,939 [f12618e3-137b-46a0-90dc-e366378777c0@group-AA3C285DE8E0-FollowerState] INFO  impl.RoleInfo (RoleInfo.java:shutdownFollowerState(110)) - f12618e3-137b-46a0-90dc-e366378777c0: shutdown f12618e3-137b-46a0-90dc-e366378777c0@group-AA3C285DE8E0-FollowerState
2024-02-27 07:52:46,939 [f12618e3-137b-46a0-90dc-e366378777c0@group-AA3C285DE8E0-FollowerState] INFO  server.RaftServer$Division (RaftServerImpl.java:setRole(383)) - f12618e3-137b-46a0-90dc-e366378777c0@group-AA3C285DE8E0: changes role from  FOLLOWER to CANDIDATE at term 0 for changeToCandidate
2024-02-27 07:52:46,939 [f12618e3-137b-46a0-90dc-e366378777c0@group-AA3C285DE8E0-FollowerState] INFO  server.RaftServerConfigKeys (ConfUtils.java:logGet(46)) - raft.server.leaderelection.pre-vote = true (default)
2024-02-27 07:52:46,939 [f12618e3-137b-46a0-90dc-e366378777c0@group-AA3C285DE8E0-FollowerState] INFO  impl.RoleInfo (RoleInfo.java:updateAndGet(139)) - f12618e3-137b-46a0-90dc-e366378777c0: start f12618e3-137b-46a0-90dc-e366378777c0@group-AA3C285DE8E0-LeaderElection65
2024-02-27 07:52:46,940 [f12618e3-137b-46a0-90dc-e366378777c0@group-AA3C285DE8E0-LeaderElection65] INFO  impl.LeaderElection (LeaderElection.java:askForVotes(321)) - f12618e3-137b-46a0-90dc-e366378777c0@group-AA3C285DE8E0-LeaderElection65 PRE_VOTE round 0: submit vote requests at term 0 for -1: peers:[f12618e3-137b-46a0-90dc-e366378777c0|10.1.0.19:15298]|listeners:[], old=null
2024-02-27 07:52:46,941 [f12618e3-137b-46a0-90dc-e366378777c0@group-AA3C285DE8E0-LeaderElection65] INFO  impl.LeaderElection (LeaderElection.java:askForVotes(323)) - f12618e3-137b-46a0-90dc-e366378777c0@group-AA3C285DE8E0-LeaderElection65 PRE_VOTE round 0: result PASSED (term=0)
2024-02-27 07:52:46,944 [f12618e3-137b-46a0-90dc-e366378777c0@group-AA3C285DE8E0-LeaderElection65] INFO  impl.LeaderElection (LeaderElection.java:askForVotes(321)) - f12618e3-137b-46a0-90dc-e366378777c0@group-AA3C285DE8E0-LeaderElection65 ELECTION round 0: submit vote requests at term 1 for -1: peers:[f12618e3-137b-46a0-90dc-e366378777c0|10.1.0.19:15298]|listeners:[], old=null
2024-02-27 07:52:46,949 [02eae07c-ff18-478f-b1e9-376b0db68b83@group-310941231D46-FollowerState] INFO  impl.FollowerState (FollowerState.java:run(143)) - 02eae07c-ff18-478f-b1e9-376b0db68b83@group-310941231D46-FollowerState: change to CANDIDATE, lastRpcElapsedTime:5169309280ns, electionTimeout:5165ms
2024-02-27 07:52:46,949 [f12618e3-137b-46a0-90dc-e366378777c0@group-AA3C285DE8E0-LeaderElection65] INFO  impl.LeaderElection (LeaderElection.java:askForVotes(323)) - f12618e3-137b-46a0-90dc-e366378777c0@group-AA3C285DE8E0-LeaderElection65 ELECTION round 0: result PASSED (term=1)
2024-02-27 07:52:46,949 [f12618e3-137b-46a0-90dc-e366378777c0@group-AA3C285DE8E0-LeaderElection65] INFO  impl.RoleInfo (RoleInfo.java:shutdownLeaderElection(130)) - f12618e3-137b-46a0-90dc-e366378777c0: shutdown f12618e3-137b-46a0-90dc-e366378777c0@group-AA3C285DE8E0-LeaderElection65
2024-02-27 07:52:46,949 [02eae07c-ff18-478f-b1e9-376b0db68b83@group-310941231D46-FollowerState] INFO  impl.RoleInfo (RoleInfo.java:shutdownFollowerState(110)) - 02eae07c-ff18-478f-b1e9-376b0db68b83: shutdown 02eae07c-ff18-478f-b1e9-376b0db68b83@group-310941231D46-FollowerState
2024-02-27 07:52:46,949 [02eae07c-ff18-478f-b1e9-376b0db68b83@group-310941231D46-FollowerState] INFO  server.RaftServer$Division (RaftServerImpl.java:setRole(383)) - 02eae07c-ff18-478f-b1e9-376b0db68b83@group-310941231D46: changes role from  FOLLOWER to CANDIDATE at term 0 for changeToCandidate
2024-02-27 07:52:46,949 [02eae07c-ff18-478f-b1e9-376b0db68b83@group-310941231D46-FollowerState] INFO  server.RaftServerConfigKeys (ConfUtils.java:logGet(46)) - raft.server.leaderelection.pre-vote = true (default)
2024-02-27 07:52:46,949 [02eae07c-ff18-478f-b1e9-376b0db68b83@group-310941231D46-FollowerState] INFO  impl.RoleInfo (RoleInfo.java:updateAndGet(139)) - 02eae07c-ff18-478f-b1e9-376b0db68b83: start 02eae07c-ff18-478f-b1e9-376b0db68b83@group-310941231D46-LeaderElection66
2024-02-27 07:52:46,949 [f12618e3-137b-46a0-90dc-e366378777c0@group-AA3C285DE8E0-LeaderElection65] INFO  server.RaftServer$Division (RaftServerImpl.java:setRole(383)) - f12618e3-137b-46a0-90dc-e366378777c0@group-AA3C285DE8E0: changes role from CANDIDATE to LEADER at term 1 for changeToLeader
2024-02-27 07:52:46,950 [f12618e3-137b-46a0-90dc-e366378777c0@group-AA3C285DE8E0-LeaderElection65] INFO  server.RaftServerConfigKeys (ConfUtils.java:logGet(46)) - raft.server.staging.catchup.gap = 1000 (default)
2024-02-27 07:52:46,952 [f12618e3-137b-46a0-90dc-e366378777c0@group-AA3C285DE8E0-LeaderElection65] INFO  server.RaftServerConfigKeys (ConfUtils.java:logGet(46)) - raft.server.write.element-limit = 1024 (custom)
2024-02-27 07:52:46,952 [f12618e3-137b-46a0-90dc-e366378777c0@group-AA3C285DE8E0-LeaderElection65] INFO  server.RaftServerConfigKeys (ConfUtils.java:logGet(46)) - raft.server.write.byte-limit = 1024 M (=1073741824) (custom)
2024-02-27 07:52:46,952 [f12618e3-137b-46a0-90dc-e366378777c0@group-AA3C285DE8E0-LeaderElection65] INFO  server.RaftServerConfigKeys (ConfUtils.java:logGet(46)) - raft.server.watch.timeout = 180s (custom)
2024-02-27 07:52:46,952 [f12618e3-137b-46a0-90dc-e366378777c0@group-AA3C285DE8E0-LeaderElection65] INFO  server.RaftServerConfigKeys (ConfUtils.java:logGet(46)) - raft.server.watch.timeout.denomination = 1s (default)
2024-02-27 07:52:46,952 [f12618e3-137b-46a0-90dc-e366378777c0@group-AA3C285DE8E0-LeaderElection65] INFO  server.RaftServerConfigKeys (ConfUtils.java:logGet(46)) - raft.server.watch.element-limit = 65536 (default)
2024-02-27 07:52:46,953 [f12618e3-137b-46a0-90dc-e366378777c0@group-AA3C285DE8E0-LeaderElection65] INFO  server.RaftServerConfigKeys (ConfUtils.java:logGet(46)) - raft.server.read.leader.lease.enabled = false (default)
2024-02-27 07:52:46,953 [f12618e3-137b-46a0-90dc-e366378777c0@group-AA3C285DE8E0-LeaderElection65] INFO  server.RaftServerConfigKeys (ConfUtils.java:logGet(46)) - raft.server.read.leader.lease.timeout.ratio = 0.9 (default)
2024-02-27 07:52:46,954 [f12618e3-137b-46a0-90dc-e366378777c0@group-AA3C285DE8E0-LeaderElection65] INFO  server.RaftServerConfigKeys (ConfUtils.java:logGet(46)) - raft.server.rpc.timeout.min = 5s (custom)
2024-02-27 07:52:46,954 [f12618e3-137b-46a0-90dc-e366378777c0@group-AA3C285DE8E0-LeaderElection65] INFO  server.RaftServerConfigKeys (ConfUtils.java:logGet(46)) - raft.server.write.element-limit = 1024 (custom)
2024-02-27 07:52:46,954 [f12618e3-137b-46a0-90dc-e366378777c0@group-AA3C285DE8E0-LeaderElection65] INFO  server.RaftServerConfigKeys (ConfUtils.java:logGet(46)) - raft.server.write.follower.gap.ratio.max = -1.0 (default)
2024-02-27 07:52:46,956 [f12618e3-137b-46a0-90dc-e366378777c0@group-AA3C285DE8E0-LeaderElection65] INFO  impl.RoleInfo (RoleInfo.java:updateAndGet(139)) - f12618e3-137b-46a0-90dc-e366378777c0: start f12618e3-137b-46a0-90dc-e366378777c0@group-AA3C285DE8E0-LeaderStateImpl
2024-02-27 07:52:46,956 [f12618e3-137b-46a0-90dc-e366378777c0@group-AA3C285DE8E0-LeaderElection65] INFO  server.RaftServer$Division (RaftServerImpl.java:setFirstElection(574)) - f12618e3-137b-46a0-90dc-e366378777c0@group-AA3C285DE8E0: set firstElectionSinceStartup to false for becomeLeader
2024-02-27 07:52:46,956 [f12618e3-137b-46a0-90dc-e366378777c0@group-AA3C285DE8E0-LeaderElection65] INFO  ratis.XceiverServerRatis (XceiverServerRatis.java:handleLeaderChangedNotification(966)) - Leader change notification received for group: group-AA3C285DE8E0 with new leaderId: f12618e3-137b-46a0-90dc-e366378777c0
2024-02-27 07:52:46,957 [f12618e3-137b-46a0-90dc-e366378777c0@group-AA3C285DE8E0-LeaderElection65] INFO  server.RaftServer$Division (ServerState.java:setLeader(269)) - f12618e3-137b-46a0-90dc-e366378777c0@group-AA3C285DE8E0: change Leader from null to f12618e3-137b-46a0-90dc-e366378777c0 at term 1 for becomeLeader, leader elected after 5111ms
2024-02-27 07:52:46,957 [f12618e3-137b-46a0-90dc-e366378777c0@group-AA3C285DE8E0-LeaderElection65] INFO  segmented.SegmentedRaftLogWorker (SegmentedRaftLogWorker.java:startLogSegment(430)) - f12618e3-137b-46a0-90dc-e366378777c0@group-AA3C285DE8E0-SegmentedRaftLogWorker: Starting segment from index:0
2024-02-27 07:52:46,957 [f12618e3-137b-46a0-90dc-e366378777c0@group-AA3C285DE8E0-SegmentedRaftLogWorker] INFO  segmented.BufferedWriteChannel (BufferedWriteChannel.java:open(62)) - open log_inprogress_0 at position 0
2024-02-27 07:52:46,956 [02eae07c-ff18-478f-b1e9-376b0db68b83@group-310941231D46-LeaderElection66] INFO  impl.LeaderElection (LeaderElection.java:askForVotes(321)) - 02eae07c-ff18-478f-b1e9-376b0db68b83@group-310941231D46-LeaderElection66 PRE_VOTE round 0: submit vote requests at term 0 for -1: peers:[f12618e3-137b-46a0-90dc-e366378777c0|10.1.0.19:15298, 02eae07c-ff18-478f-b1e9-376b0db68b83|10.1.0.19:15289, 8e331bed-8646-4d1b-92f8-14089c74cd0e|10.1.0.19:15280]|listeners:[], old=null
2024-02-27 07:52:46,961 [f12618e3-137b-46a0-90dc-e366378777c0@group-AA3C285DE8E0-LeaderElection65] INFO  server.RaftServer$Division (ServerState.java:setRaftConf(386)) - f12618e3-137b-46a0-90dc-e366378777c0@group-AA3C285DE8E0: set configuration 0: peers:[f12618e3-137b-46a0-90dc-e366378777c0|10.1.0.19:15298]|listeners:[], old=null
2024-02-27 07:52:46,962 [02eae07c-ff18-478f-b1e9-376b0db68b83@group-310941231D46-LeaderElection66-1] INFO  server.GrpcServerProtocolClient (GrpcServerProtocolClient.java:<init>(65)) - Build channel for f12618e3-137b-46a0-90dc-e366378777c0|10.1.0.19:15298
2024-02-27 07:52:46,962 [02eae07c-ff18-478f-b1e9-376b0db68b83@group-310941231D46-LeaderElection66] INFO  server.RaftServerConfigKeys (ConfUtils.java:logFallback(53)) - raft.server.rpc.first-election.timeout.min = 5s (fallback to raft.server.rpc.timeout.min)
2024-02-27 07:52:46,962 [02eae07c-ff18-478f-b1e9-376b0db68b83@group-310941231D46-LeaderElection66] INFO  server.RaftServerConfigKeys (ConfUtils.java:logFallback(53)) - raft.server.rpc.first-election.timeout.max = 5200ms (fallback to raft.server.rpc.timeout.max)
2024-02-27 07:52:46,963 [02eae07c-ff18-478f-b1e9-376b0db68b83@group-310941231D46-LeaderElection66-2] INFO  server.GrpcServerProtocolClient (GrpcServerProtocolClient.java:<init>(65)) - Build channel for 8e331bed-8646-4d1b-92f8-14089c74cd0e|10.1.0.19:15280
2024-02-27 07:52:46,965 [f12618e3-137b-46a0-90dc-e366378777c0@group-AA3C285DE8E0-SegmentedRaftLogWorker] INFO  segmented.SegmentedRaftLogWorker (SegmentedRaftLogWorker.java:execute(634)) - f12618e3-137b-46a0-90dc-e366378777c0@group-AA3C285DE8E0-SegmentedRaftLogWorker: created new log segment /home/runner/work/ozone/ozone/hadoop-ozone/integration-test/target/test-dir/MiniOzoneClusterImpl-bc2c81e0-d964-4a8e-97ca-887e98ec88c8/ozone-meta/datanode-3/ratis/96bc44d1-5a33-4d7f-83a8-aa3c285de8e0/current/log_inprogress_0
2024-02-27 07:52:46,975 [grpc-default-executor-4] INFO  server.RaftServer$Division (RaftServerImpl.java:requestVote(1389)) - f12618e3-137b-46a0-90dc-e366378777c0@group-310941231D46: receive requestVote(PRE_VOTE, 02eae07c-ff18-478f-b1e9-376b0db68b83, group-310941231D46, 0, (t:0, i:0))
2024-02-27 07:52:46,975 [grpc-default-executor-4] INFO  impl.VoteContext (VoteContext.java:log(49)) - f12618e3-137b-46a0-90dc-e366378777c0@group-310941231D46-FOLLOWER: accept PRE_VOTE from 02eae07c-ff18-478f-b1e9-376b0db68b83: our priority 0 <= candidate's priority 1
2024-02-27 07:52:46,975 [grpc-default-executor-4] INFO  server.RaftServer$Division (RaftServerImpl.java:requestVote(1422)) - f12618e3-137b-46a0-90dc-e366378777c0@group-310941231D46 replies to PRE_VOTE vote request: 02eae07c-ff18-478f-b1e9-376b0db68b83<-f12618e3-137b-46a0-90dc-e366378777c0#0:OK-t0. Peer's state: f12618e3-137b-46a0-90dc-e366378777c0@group-310941231D46:t0, leader=null, voted=, raftlog=Memoized:f12618e3-137b-46a0-90dc-e366378777c0@group-310941231D46-SegmentedRaftLog:OPENED:c-1, conf=-1: peers:[f12618e3-137b-46a0-90dc-e366378777c0|10.1.0.19:15298, 02eae07c-ff18-478f-b1e9-376b0db68b83|10.1.0.19:15289, 8e331bed-8646-4d1b-92f8-14089c74cd0e|10.1.0.19:15280]|listeners:[], old=null
2024-02-27 07:52:46,975 [02eae07c-ff18-478f-b1e9-376b0db68b83@group-310941231D46-LeaderElection66] INFO  impl.LeaderElection (LeaderElection.java:logAndReturn(89)) - 02eae07c-ff18-478f-b1e9-376b0db68b83@group-310941231D46-LeaderElection66: PRE_VOTE PASSED received 1 response(s) and 0 exception(s):
2024-02-27 07:52:46,976 [02eae07c-ff18-478f-b1e9-376b0db68b83@group-310941231D46-LeaderElection66] INFO  impl.LeaderElection (LeaderElection.java:logAndReturn(93)) -   Response 0: 02eae07c-ff18-478f-b1e9-376b0db68b83<-f12618e3-137b-46a0-90dc-e366378777c0#0:OK-t0
2024-02-27 07:52:46,976 [02eae07c-ff18-478f-b1e9-376b0db68b83@group-310941231D46-LeaderElection66] INFO  impl.LeaderElection (LeaderElection.java:askForVotes(323)) - 02eae07c-ff18-478f-b1e9-376b0db68b83@group-310941231D46-LeaderElection66 PRE_VOTE round 0: result PASSED
2024-02-27 07:52:46,978 [f12618e3-137b-46a0-90dc-e366378777c0@group-AA3C285DE8E0-StateMachineUpdater] INFO  server.RaftServer$Division (LeaderStateImpl.java:isApplied(320)) - leader is ready since appliedIndex == 0 >= startIndex == 0
2024-02-27 07:52:46,978 [02eae07c-ff18-478f-b1e9-376b0db68b83@group-310941231D46-LeaderElection66] INFO  impl.LeaderElection (LeaderElection.java:askForVotes(321)) - 02eae07c-ff18-478f-b1e9-376b0db68b83@group-310941231D46-LeaderElection66 ELECTION round 0: submit vote requests at term 1 for -1: peers:[f12618e3-137b-46a0-90dc-e366378777c0|10.1.0.19:15298, 02eae07c-ff18-478f-b1e9-376b0db68b83|10.1.0.19:15289, 8e331bed-8646-4d1b-92f8-14089c74cd0e|10.1.0.19:15280]|listeners:[], old=null
2024-02-27 07:52:46,979 [grpc-default-executor-4] INFO  server.RaftServer$Division (RaftServerImpl.java:requestVote(1389)) - 8e331bed-8646-4d1b-92f8-14089c74cd0e@group-310941231D46: receive requestVote(PRE_VOTE, 02eae07c-ff18-478f-b1e9-376b0db68b83, group-310941231D46, 0, (t:0, i:0))
2024-02-27 07:52:46,979 [grpc-default-executor-4] INFO  impl.VoteContext (VoteContext.java:log(49)) - 8e331bed-8646-4d1b-92f8-14089c74cd0e@group-310941231D46-FOLLOWER: accept PRE_VOTE from 02eae07c-ff18-478f-b1e9-376b0db68b83: our priority 0 <= candidate's priority 1
2024-02-27 07:52:46,979 [grpc-default-executor-4] INFO  server.RaftServer$Division (RaftServerImpl.java:requestVote(1422)) - 8e331bed-8646-4d1b-92f8-14089c74cd0e@group-310941231D46 replies to PRE_VOTE vote request: 02eae07c-ff18-478f-b1e9-376b0db68b83<-8e331bed-8646-4d1b-92f8-14089c74cd0e#0:OK-t0. Peer's state: 8e331bed-8646-4d1b-92f8-14089c74cd0e@group-310941231D46:t0, leader=null, voted=, raftlog=Memoized:8e331bed-8646-4d1b-92f8-14089c74cd0e@group-310941231D46-SegmentedRaftLog:OPENED:c-1, conf=-1: peers:[f12618e3-137b-46a0-90dc-e366378777c0|10.1.0.19:15298, 02eae07c-ff18-478f-b1e9-376b0db68b83|10.1.0.19:15289, 8e331bed-8646-4d1b-92f8-14089c74cd0e|10.1.0.19:15280]|listeners:[], old=null
2024-02-27 07:52:46,979 [02eae07c-ff18-478f-b1e9-376b0db68b83@group-310941231D46-LeaderElection66] INFO  server.RaftServerConfigKeys (ConfUtils.java:logFallback(53)) - raft.server.rpc.first-election.timeout.min = 5s (fallback to raft.server.rpc.timeout.min)
2024-02-27 07:52:46,979 [02eae07c-ff18-478f-b1e9-376b0db68b83@group-310941231D46-LeaderElection66] INFO  server.RaftServerConfigKeys (ConfUtils.java:logFallback(53)) - raft.server.rpc.first-election.timeout.max = 5200ms (fallback to raft.server.rpc.timeout.max)
2024-02-27 07:52:46,979 [grpc-default-executor-4] INFO  server.RaftServer$Division (RaftServerImpl.java:requestVote(1389)) - f12618e3-137b-46a0-90dc-e366378777c0@group-310941231D46: receive requestVote(ELECTION, 02eae07c-ff18-478f-b1e9-376b0db68b83, group-310941231D46, 1, (t:0, i:0))
2024-02-27 07:52:46,979 [grpc-default-executor-4] INFO  impl.VoteContext (VoteContext.java:log(49)) - f12618e3-137b-46a0-90dc-e366378777c0@group-310941231D46-FOLLOWER: accept ELECTION from 02eae07c-ff18-478f-b1e9-376b0db68b83: our priority 0 <= candidate's priority 1
2024-02-27 07:52:46,979 [grpc-default-executor-4] INFO  server.RaftServer$Division (RaftServerImpl.java:setRole(383)) - f12618e3-137b-46a0-90dc-e366378777c0@group-310941231D46: changes role from  FOLLOWER to FOLLOWER at term 1 for candidate:02eae07c-ff18-478f-b1e9-376b0db68b83
2024-02-27 07:52:46,979 [grpc-default-executor-4] INFO  impl.RoleInfo (RoleInfo.java:shutdownFollowerState(110)) - f12618e3-137b-46a0-90dc-e366378777c0: shutdown f12618e3-137b-46a0-90dc-e366378777c0@group-310941231D46-FollowerState
2024-02-27 07:52:46,979 [grpc-default-executor-4] INFO  impl.RoleInfo (RoleInfo.java:updateAndGet(139)) - f12618e3-137b-46a0-90dc-e366378777c0: start f12618e3-137b-46a0-90dc-e366378777c0@group-310941231D46-FollowerState
2024-02-27 07:52:46,980 [f12618e3-137b-46a0-90dc-e366378777c0@group-310941231D46-FollowerState] INFO  impl.FollowerState (FollowerState.java:run(152)) - f12618e3-137b-46a0-90dc-e366378777c0@group-310941231D46-FollowerState was interrupted
2024-02-27 07:52:46,980 [grpc-default-executor-4] INFO  server.RaftServer$Division (RaftServerImpl.java:setFirstElection(574)) - f12618e3-137b-46a0-90dc-e366378777c0@group-310941231D46: set firstElectionSinceStartup to false for candidate:02eae07c-ff18-478f-b1e9-376b0db68b83
2024-02-27 07:52:46,986 [grpc-default-executor-5] INFO  server.RaftServer$Division (RaftServerImpl.java:requestVote(1389)) - 8e331bed-8646-4d1b-92f8-14089c74cd0e@group-310941231D46: receive requestVote(ELECTION, 02eae07c-ff18-478f-b1e9-376b0db68b83, group-310941231D46, 1, (t:0, i:0))
2024-02-27 07:52:46,986 [grpc-default-executor-5] INFO  impl.VoteContext (VoteContext.java:log(49)) - 8e331bed-8646-4d1b-92f8-14089c74cd0e@group-310941231D46-FOLLOWER: accept ELECTION from 02eae07c-ff18-478f-b1e9-376b0db68b83: our priority 0 <= candidate's priority 1
2024-02-27 07:52:46,986 [grpc-default-executor-5] INFO  server.RaftServer$Division (RaftServerImpl.java:setRole(383)) - 8e331bed-8646-4d1b-92f8-14089c74cd0e@group-310941231D46: changes role from  FOLLOWER to FOLLOWER at term 1 for candidate:02eae07c-ff18-478f-b1e9-376b0db68b83
2024-02-27 07:52:46,986 [grpc-default-executor-5] INFO  impl.RoleInfo (RoleInfo.java:shutdownFollowerState(110)) - 8e331bed-8646-4d1b-92f8-14089c74cd0e: shutdown 8e331bed-8646-4d1b-92f8-14089c74cd0e@group-310941231D46-FollowerState
2024-02-27 07:52:46,986 [grpc-default-executor-5] INFO  impl.RoleInfo (RoleInfo.java:updateAndGet(139)) - 8e331bed-8646-4d1b-92f8-14089c74cd0e: start 8e331bed-8646-4d1b-92f8-14089c74cd0e@group-310941231D46-FollowerState
2024-02-27 07:52:46,986 [8e331bed-8646-4d1b-92f8-14089c74cd0e@group-310941231D46-FollowerState] INFO  impl.FollowerState (FollowerState.java:run(152)) - 8e331bed-8646-4d1b-92f8-14089c74cd0e@group-310941231D46-FollowerState was interrupted
2024-02-27 07:52:46,990 [grpc-default-executor-5] INFO  server.RaftServer$Division (RaftServerImpl.java:requestVote(1422)) - 8e331bed-8646-4d1b-92f8-14089c74cd0e@group-310941231D46 replies to ELECTION vote request: 02eae07c-ff18-478f-b1e9-376b0db68b83<-8e331bed-8646-4d1b-92f8-14089c74cd0e#0:OK-t1. Peer's state: 8e331bed-8646-4d1b-92f8-14089c74cd0e@group-310941231D46:t1, leader=null, voted=02eae07c-ff18-478f-b1e9-376b0db68b83, raftlog=Memoized:8e331bed-8646-4d1b-92f8-14089c74cd0e@group-310941231D46-SegmentedRaftLog:OPENED:c-1, conf=-1: peers:[f12618e3-137b-46a0-90dc-e366378777c0|10.1.0.19:15298, 02eae07c-ff18-478f-b1e9-376b0db68b83|10.1.0.19:15289, 8e331bed-8646-4d1b-92f8-14089c74cd0e|10.1.0.19:15280]|listeners:[], old=null
2024-02-27 07:52:46,990 [grpc-default-executor-4] INFO  server.RaftServer$Division (RaftServerImpl.java:requestVote(1422)) - f12618e3-137b-46a0-90dc-e366378777c0@group-310941231D46 replies to ELECTION vote request: 02eae07c-ff18-478f-b1e9-376b0db68b83<-f12618e3-137b-46a0-90dc-e366378777c0#0:OK-t1. Peer's state: f12618e3-137b-46a0-90dc-e366378777c0@group-310941231D46:t1, leader=null, voted=02eae07c-ff18-478f-b1e9-376b0db68b83, raftlog=Memoized:f12618e3-137b-46a0-90dc-e366378777c0@group-310941231D46-SegmentedRaftLog:OPENED:c-1, conf=-1: peers:[f12618e3-137b-46a0-90dc-e366378777c0|10.1.0.19:15298, 02eae07c-ff18-478f-b1e9-376b0db68b83|10.1.0.19:15289, 8e331bed-8646-4d1b-92f8-14089c74cd0e|10.1.0.19:15280]|listeners:[], old=null
2024-02-27 07:52:46,991 [02eae07c-ff18-478f-b1e9-376b0db68b83@group-310941231D46-LeaderElection66] INFO  impl.LeaderElection (LeaderElection.java:logAndReturn(89)) - 02eae07c-ff18-478f-b1e9-376b0db68b83@group-310941231D46-LeaderElection66: ELECTION PASSED received 1 response(s) and 0 exception(s):
2024-02-27 07:52:46,992 [02eae07c-ff18-478f-b1e9-376b0db68b83@group-310941231D46-LeaderElection66] INFO  impl.LeaderElection (LeaderElection.java:logAndReturn(93)) -   Response 0: 02eae07c-ff18-478f-b1e9-376b0db68b83<-f12618e3-137b-46a0-90dc-e366378777c0#0:OK-t1
2024-02-27 07:52:46,992 [02eae07c-ff18-478f-b1e9-376b0db68b83@group-310941231D46-LeaderElection66] INFO  impl.LeaderElection (LeaderElection.java:askForVotes(323)) - 02eae07c-ff18-478f-b1e9-376b0db68b83@group-310941231D46-LeaderElection66 ELECTION round 0: result PASSED
2024-02-27 07:52:46,993 [02eae07c-ff18-478f-b1e9-376b0db68b83@group-310941231D46-LeaderElection66] INFO  impl.RoleInfo (RoleInfo.java:shutdownLeaderElection(130)) - 02eae07c-ff18-478f-b1e9-376b0db68b83: shutdown 02eae07c-ff18-478f-b1e9-376b0db68b83@group-310941231D46-LeaderElection66
2024-02-27 07:52:46,993 [02eae07c-ff18-478f-b1e9-376b0db68b83@group-310941231D46-LeaderElection66] INFO  server.RaftServer$Division (RaftServerImpl.java:setRole(383)) - 02eae07c-ff18-478f-b1e9-376b0db68b83@group-310941231D46: changes role from CANDIDATE to LEADER at term 1 for changeToLeader
2024-02-27 07:52:46,993 [02eae07c-ff18-478f-b1e9-376b0db68b83@group-310941231D46-LeaderElection66] INFO  server.RaftServerConfigKeys (ConfUtils.java:logGet(46)) - raft.server.staging.catchup.gap = 1000 (default)
2024-02-27 07:52:46,994 [02eae07c-ff18-478f-b1e9-376b0db68b83@group-310941231D46-LeaderElection66] INFO  server.RaftServerConfigKeys (ConfUtils.java:logGet(46)) - raft.server.write.element-limit = 1024 (custom)
2024-02-27 07:52:46,994 [02eae07c-ff18-478f-b1e9-376b0db68b83@group-310941231D46-LeaderElection66] INFO  server.RaftServerConfigKeys (ConfUtils.java:logGet(46)) - raft.server.write.byte-limit = 1024 M (=1073741824) (custom)
2024-02-27 07:52:46,994 [02eae07c-ff18-478f-b1e9-376b0db68b83@group-310941231D46-LeaderElection66] INFO  server.RaftServerConfigKeys (ConfUtils.java:logGet(46)) - raft.server.watch.timeout = 180s (custom)
2024-02-27 07:52:46,995 [02eae07c-ff18-478f-b1e9-376b0db68b83@group-310941231D46-LeaderElection66] INFO  server.RaftServerConfigKeys (ConfUtils.java:logGet(46)) - raft.server.watch.timeout.denomination = 1s (default)
2024-02-27 07:52:46,997 [02eae07c-ff18-478f-b1e9-376b0db68b83@group-310941231D46-LeaderElection66] INFO  server.RaftServerConfigKeys (ConfUtils.java:logGet(46)) - raft.server.watch.element-limit = 65536 (default)
2024-02-27 07:52:46,997 [02eae07c-ff18-478f-b1e9-376b0db68b83@group-310941231D46-LeaderElection66] INFO  server.RaftServerConfigKeys (ConfUtils.java:logGet(46)) - raft.server.read.leader.lease.enabled = false (default)
2024-02-27 07:52:46,997 [02eae07c-ff18-478f-b1e9-376b0db68b83@group-310941231D46-LeaderElection66] INFO  server.RaftServerConfigKeys (ConfUtils.java:logGet(46)) - raft.server.read.leader.lease.timeout.ratio = 0.9 (default)
2024-02-27 07:52:46,998 [02eae07c-ff18-478f-b1e9-376b0db68b83@group-310941231D46-LeaderElection66] INFO  server.RaftServerConfigKeys (ConfUtils.java:logGet(46)) - raft.server.rpc.timeout.min = 5s (custom)
2024-02-27 07:52:46,998 [02eae07c-ff18-478f-b1e9-376b0db68b83@group-310941231D46-LeaderElection66] INFO  server.RaftServerConfigKeys (ConfUtils.java:logGet(46)) - raft.server.write.element-limit = 1024 (custom)
2024-02-27 07:52:46,998 [02eae07c-ff18-478f-b1e9-376b0db68b83@group-310941231D46-LeaderElection66] INFO  server.RaftServerConfigKeys (ConfUtils.java:logGet(46)) - raft.server.write.follower.gap.ratio.max = -1.0 (default)
2024-02-27 07:52:46,999 [02eae07c-ff18-478f-b1e9-376b0db68b83@group-310941231D46-LeaderElection66] INFO  server.RaftServerConfigKeys (ConfUtils.java:logGet(46)) - raft.server.log.appender.snapshot.chunk.size.max = 16MB (=16777216) (default)
2024-02-27 07:52:46,999 [02eae07c-ff18-478f-b1e9-376b0db68b83@group-310941231D46-LeaderElection66] INFO  server.RaftServerConfigKeys (ConfUtils.java:logGet(46)) - raft.server.log.appender.buffer.byte-limit = 8388608 (custom)
2024-02-27 07:52:47,000 [02eae07c-ff18-478f-b1e9-376b0db68b83@group-310941231D46-LeaderElection66] INFO  server.RaftServerConfigKeys (ConfUtils.java:logGet(46)) - raft.server.log.appender.buffer.element-limit = 1 (custom)
2024-02-27 07:52:47,000 [02eae07c-ff18-478f-b1e9-376b0db68b83@group-310941231D46-LeaderElection66] INFO  server.RaftServerConfigKeys (ConfUtils.java:logGet(46)) - raft.server.log.appender.wait-time.min = 0μs (custom)
2024-02-27 07:52:47,000 [02eae07c-ff18-478f-b1e9-376b0db68b83@group-310941231D46-LeaderElection66] INFO  grpc.GrpcConfigKeys (ConfUtils.java:logGet(46)) - raft.grpc.server.leader.outstanding.appends.max = 8 (default)
2024-02-27 07:52:47,001 [02eae07c-ff18-478f-b1e9-376b0db68b83@group-310941231D46-LeaderElection66] INFO  server.RaftServerConfigKeys (ConfUtils.java:logGet(46)) - raft.server.rpc.request.timeout = 60s (custom)
2024-02-27 07:52:47,001 [02eae07c-ff18-478f-b1e9-376b0db68b83@group-310941231D46-LeaderElection66] INFO  grpc.GrpcConfigKeys (ConfUtils.java:logGet(46)) - raft.grpc.server.install_snapshot.request.element-limit = 8 (default)
2024-02-27 07:52:47,001 [02eae07c-ff18-478f-b1e9-376b0db68b83@group-310941231D46-LeaderElection66] INFO  grpc.GrpcConfigKeys (ConfUtils.java:logGet(46)) - raft.grpc.server.install_snapshot.request.timeout = 3000ms (default)
2024-02-27 07:52:47,001 [02eae07c-ff18-478f-b1e9-376b0db68b83@group-310941231D46-LeaderElection66] INFO  grpc.GrpcConfigKeys (ConfUtils.java:logGet(46)) - raft.grpc.server.log-message.batch.duration = 5s (default)
2024-02-27 07:52:47,002 [02eae07c-ff18-478f-b1e9-376b0db68b83@group-310941231D46-LeaderElection66] INFO  server.RaftServerConfigKeys (ConfUtils.java:logGet(46)) - raft.server.log.appender.install.snapshot.enabled = false (custom)
2024-02-27 07:52:47,003 [02eae07c-ff18-478f-b1e9-376b0db68b83@group-310941231D46-LeaderElection66] INFO  grpc.GrpcConfigKeys (ConfUtils.java:logGet(46)) - raft.grpc.server.heartbeat.channel = true (default)
2024-02-27 07:52:47,003 [02eae07c-ff18-478f-b1e9-376b0db68b83@group-310941231D46-LeaderElection66] INFO  server.RaftServerConfigKeys (ConfUtils.java:logGet(46)) - raft.server.log.appender.snapshot.chunk.size.max = 16MB (=16777216) (default)
2024-02-27 07:52:47,004 [02eae07c-ff18-478f-b1e9-376b0db68b83@group-310941231D46-LeaderElection66] INFO  server.RaftServerConfigKeys (ConfUtils.java:logGet(46)) - raft.server.log.appender.buffer.byte-limit = 8388608 (custom)
2024-02-27 07:52:47,004 [02eae07c-ff18-478f-b1e9-376b0db68b83@group-310941231D46-LeaderElection66] INFO  server.RaftServerConfigKeys (ConfUtils.java:logGet(46)) - raft.server.log.appender.buffer.element-limit = 1 (custom)
2024-02-27 07:52:47,004 [02eae07c-ff18-478f-b1e9-376b0db68b83@group-310941231D46-LeaderElection66] INFO  server.RaftServerConfigKeys (ConfUtils.java:logGet(46)) - raft.server.log.appender.wait-time.min = 0μs (custom)
2024-02-27 07:52:47,004 [02eae07c-ff18-478f-b1e9-376b0db68b83@group-310941231D46-LeaderElection66] INFO  grpc.GrpcConfigKeys (ConfUtils.java:logGet(46)) - raft.grpc.server.leader.outstanding.appends.max = 8 (default)
2024-02-27 07:52:47,005 [02eae07c-ff18-478f-b1e9-376b0db68b83@group-310941231D46-LeaderElection66] INFO  server.RaftServerConfigKeys (ConfUtils.java:logGet(46)) - raft.server.rpc.request.timeout = 60s (custom)
2024-02-27 07:52:47,005 [02eae07c-ff18-478f-b1e9-376b0db68b83@group-310941231D46-LeaderElection66] INFO  grpc.GrpcConfigKeys (ConfUtils.java:logGet(46)) - raft.grpc.server.install_snapshot.request.element-limit = 8 (default)
2024-02-27 07:52:47,006 [02eae07c-ff18-478f-b1e9-376b0db68b83@group-310941231D46-LeaderElection66] INFO  grpc.GrpcConfigKeys (ConfUtils.java:logGet(46)) - raft.grpc.server.install_snapshot.request.timeout = 3000ms (default)
2024-02-27 07:52:47,006 [02eae07c-ff18-478f-b1e9-376b0db68b83@group-310941231D46-LeaderElection66] INFO  grpc.GrpcConfigKeys (ConfUtils.java:logGet(46)) - raft.grpc.server.log-message.batch.duration = 5s (default)
2024-02-27 07:52:47,007 [02eae07c-ff18-478f-b1e9-376b0db68b83@group-310941231D46-LeaderElection66] INFO  server.RaftServerConfigKeys (ConfUtils.java:logGet(46)) - raft.server.log.appender.install.snapshot.enabled = false (custom)
2024-02-27 07:52:47,007 [02eae07c-ff18-478f-b1e9-376b0db68b83@group-310941231D46-LeaderElection66] INFO  grpc.GrpcConfigKeys (ConfUtils.java:logGet(46)) - raft.grpc.server.heartbeat.channel = true (default)
2024-02-27 07:52:47,008 [02eae07c-ff18-478f-b1e9-376b0db68b83@group-310941231D46-LeaderElection66] INFO  impl.RoleInfo (RoleInfo.java:updateAndGet(139)) - 02eae07c-ff18-478f-b1e9-376b0db68b83: start 02eae07c-ff18-478f-b1e9-376b0db68b83@group-310941231D46-LeaderStateImpl
2024-02-27 07:52:47,008 [02eae07c-ff18-478f-b1e9-376b0db68b83@group-310941231D46-LeaderElection66] INFO  server.RaftServer$Division (RaftServerImpl.java:setFirstElection(574)) - 02eae07c-ff18-478f-b1e9-376b0db68b83@group-310941231D46: set firstElectionSinceStartup to false for becomeLeader
2024-02-27 07:52:47,008 [02eae07c-ff18-478f-b1e9-376b0db68b83@group-310941231D46-LeaderElection66] INFO  ratis.XceiverServerRatis (XceiverServerRatis.java:handleLeaderChangedNotification(966)) - Leader change notification received for group: group-310941231D46 with new leaderId: 02eae07c-ff18-478f-b1e9-376b0db68b83
2024-02-27 07:52:47,009 [02eae07c-ff18-478f-b1e9-376b0db68b83@group-310941231D46-LeaderElection66] INFO  server.RaftServer$Division (ServerState.java:setLeader(269)) - 02eae07c-ff18-478f-b1e9-376b0db68b83@group-310941231D46: change Leader from null to 02eae07c-ff18-478f-b1e9-376b0db68b83 at term 1 for becomeLeader, leader elected after 5236ms
2024-02-27 07:52:47,009 [02eae07c-ff18-478f-b1e9-376b0db68b83@group-310941231D46-LeaderElection66] INFO  segmented.SegmentedRaftLogWorker (SegmentedRaftLogWorker.java:startLogSegment(430)) - 02eae07c-ff18-478f-b1e9-376b0db68b83@group-310941231D46-SegmentedRaftLogWorker: Starting segment from index:0
2024-02-27 07:52:47,009 [02eae07c-ff18-478f-b1e9-376b0db68b83@group-310941231D46-SegmentedRaftLogWorker] INFO  segmented.BufferedWriteChannel (BufferedWriteChannel.java:open(62)) - open log_inprogress_0 at position 0
2024-02-27 07:52:47,010 [EventQueue-PipelineReportForPipelineReportHandler] INFO  pipeline.PipelineReportHandler (PipelineReportHandler.java:processPipelineReport(136)) - Opened pipeline PipelineID=0d6a656d-438f-42c5-8514-310941231d46
2024-02-27 07:52:47,014 [02eae07c-ff18-478f-b1e9-376b0db68b83@group-310941231D46-LeaderElection66] INFO  server.RaftServer$Division (ServerState.java:setRaftConf(386)) - 02eae07c-ff18-478f-b1e9-376b0db68b83@group-310941231D46: set configuration 0: peers:[f12618e3-137b-46a0-90dc-e366378777c0|10.1.0.19:15298, 02eae07c-ff18-478f-b1e9-376b0db68b83|10.1.0.19:15289, 8e331bed-8646-4d1b-92f8-14089c74cd0e|10.1.0.19:15280]|listeners:[], old=null
2024-02-27 07:52:47,017 [02eae07c-ff18-478f-b1e9-376b0db68b83@group-310941231D46-SegmentedRaftLogWorker] INFO  segmented.SegmentedRaftLogWorker (SegmentedRaftLogWorker.java:execute(634)) - 02eae07c-ff18-478f-b1e9-376b0db68b83@group-310941231D46-SegmentedRaftLogWorker: created new log segment /home/runner/work/ozone/ozone/hadoop-ozone/integration-test/target/test-dir/MiniOzoneClusterImpl-bc2c81e0-d964-4a8e-97ca-887e98ec88c8/ozone-meta/datanode-2/ratis/0d6a656d-438f-42c5-8514-310941231d46/current/log_inprogress_0
2024-02-27 07:52:47,018 [f12618e3-137b-46a0-90dc-e366378777c0-server-thread1] INFO  ratis.XceiverServerRatis (XceiverServerRatis.java:handleLeaderChangedNotification(966)) - Leader change notification received for group: group-310941231D46 with new leaderId: 02eae07c-ff18-478f-b1e9-376b0db68b83
2024-02-27 07:52:47,018 [f12618e3-137b-46a0-90dc-e366378777c0-server-thread1] INFO  server.RaftServer$Division (ServerState.java:setLeader(269)) - f12618e3-137b-46a0-90dc-e366378777c0@group-310941231D46: change Leader from null to 02eae07c-ff18-478f-b1e9-376b0db68b83 at term 1 for appendEntries, leader elected after 5274ms
2024-02-27 07:52:47,025 [8e331bed-8646-4d1b-92f8-14089c74cd0e-server-thread1] INFO  ratis.XceiverServerRatis (XceiverServerRatis.java:handleLeaderChangedNotification(966)) - Leader change notification received for group: group-310941231D46 with new leaderId: 02eae07c-ff18-478f-b1e9-376b0db68b83
2024-02-27 07:52:47,027 [8e331bed-8646-4d1b-92f8-14089c74cd0e-server-thread1] INFO  server.RaftServer$Division (ServerState.java:setLeader(269)) - 8e331bed-8646-4d1b-92f8-14089c74cd0e@group-310941231D46: change Leader from null to 02eae07c-ff18-478f-b1e9-376b0db68b83 at term 1 for appendEntries, leader elected after 5298ms
2024-02-27 07:52:47,026 [f12618e3-137b-46a0-90dc-e366378777c0-server-thread2] INFO  server.RaftServer$Division (ServerState.java:setRaftConf(386)) - f12618e3-137b-46a0-90dc-e366378777c0@group-310941231D46: set configuration 0: peers:[f12618e3-137b-46a0-90dc-e366378777c0|10.1.0.19:15298, 02eae07c-ff18-478f-b1e9-376b0db68b83|10.1.0.19:15289, 8e331bed-8646-4d1b-92f8-14089c74cd0e|10.1.0.19:15280]|listeners:[], old=null
2024-02-27 07:52:47,028 [8e331bed-8646-4d1b-92f8-14089c74cd0e-server-thread2] INFO  server.RaftServer$Division (ServerState.java:setRaftConf(386)) - 8e331bed-8646-4d1b-92f8-14089c74cd0e@group-310941231D46: set configuration 0: peers:[f12618e3-137b-46a0-90dc-e366378777c0|10.1.0.19:15298, 02eae07c-ff18-478f-b1e9-376b0db68b83|10.1.0.19:15289, 8e331bed-8646-4d1b-92f8-14089c74cd0e|10.1.0.19:15280]|listeners:[], old=null
2024-02-27 07:52:47,028 [8e331bed-8646-4d1b-92f8-14089c74cd0e-server-thread2] INFO  segmented.SegmentedRaftLogWorker (SegmentedRaftLogWorker.java:startLogSegment(430)) - 8e331bed-8646-4d1b-92f8-14089c74cd0e@group-310941231D46-SegmentedRaftLogWorker: Starting segment from index:0
2024-02-27 07:52:47,028 [8e331bed-8646-4d1b-92f8-14089c74cd0e@group-310941231D46-SegmentedRaftLogWorker] INFO  segmented.BufferedWriteChannel (BufferedWriteChannel.java:open(62)) - open log_inprogress_0 at position 0
2024-02-27 07:52:47,028 [f12618e3-137b-46a0-90dc-e366378777c0-server-thread2] INFO  segmented.SegmentedRaftLogWorker (SegmentedRaftLogWorker.java:startLogSegment(430)) - f12618e3-137b-46a0-90dc-e366378777c0@group-310941231D46-SegmentedRaftLogWorker: Starting segment from index:0
2024-02-27 07:52:47,029 [f12618e3-137b-46a0-90dc-e366378777c0@group-310941231D46-SegmentedRaftLogWorker] INFO  segmented.BufferedWriteChannel (BufferedWriteChannel.java:open(62)) - open log_inprogress_0 at position 0
2024-02-27 07:52:47,043 [8e331bed-8646-4d1b-92f8-14089c74cd0e@group-310941231D46-SegmentedRaftLogWorker] INFO  segmented.SegmentedRaftLogWorker (SegmentedRaftLogWorker.java:execute(634)) - 8e331bed-8646-4d1b-92f8-14089c74cd0e@group-310941231D46-SegmentedRaftLogWorker: created new log segment /home/runner/work/ozone/ozone/hadoop-ozone/integration-test/target/test-dir/MiniOzoneClusterImpl-bc2c81e0-d964-4a8e-97ca-887e98ec88c8/ozone-meta/datanode-1/ratis/0d6a656d-438f-42c5-8514-310941231d46/current/log_inprogress_0
2024-02-27 07:52:47,051 [f12618e3-137b-46a0-90dc-e366378777c0@group-310941231D46-SegmentedRaftLogWorker] INFO  segmented.SegmentedRaftLogWorker (SegmentedRaftLogWorker.java:execute(634)) - f12618e3-137b-46a0-90dc-e366378777c0@group-310941231D46-SegmentedRaftLogWorker: created new log segment /home/runner/work/ozone/ozone/hadoop-ozone/integration-test/target/test-dir/MiniOzoneClusterImpl-bc2c81e0-d964-4a8e-97ca-887e98ec88c8/ozone-meta/datanode-3/ratis/0d6a656d-438f-42c5-8514-310941231d46/current/log_inprogress_0
2024-02-27 07:52:47,051 [02eae07c-ff18-478f-b1e9-376b0db68b83@group-310941231D46-StateMachineUpdater] INFO  server.RaftServer$Division (LeaderStateImpl.java:isApplied(320)) - leader is ready since appliedIndex == 0 >= startIndex == 0
2024-02-27 07:52:47,170 [omNode-2@group-523986131536-StateMachineUpdater] INFO  ratis.OzoneManagerStateMachine (OzoneManagerStateMachine.java:takeSnapshotImpl(469)) -  applied = (t:1, i:49)
2024-02-27 07:52:47,170 [omNode-2@group-523986131536-StateMachineUpdater] INFO  ratis.OzoneManagerStateMachine (OzoneManagerStateMachine.java:takeSnapshotImpl(470)) -  skipped = 49
2024-02-27 07:52:47,170 [omNode-2@group-523986131536-StateMachineUpdater] INFO  ratis.OzoneManagerStateMachine (OzoneManagerStateMachine.java:takeSnapshotImpl(471)) - notified = (t:1, i:50)
2024-02-27 07:52:47,170 [omNode-3@group-523986131536-StateMachineUpdater] INFO  ratis.OzoneManagerStateMachine (OzoneManagerStateMachine.java:takeSnapshotImpl(469)) -  applied = (t:1, i:49)
2024-02-27 07:52:47,170 [omNode-3@group-523986131536-StateMachineUpdater] INFO  ratis.OzoneManagerStateMachine (OzoneManagerStateMachine.java:takeSnapshotImpl(470)) -  skipped = 49
2024-02-27 07:52:47,170 [omNode-3@group-523986131536-StateMachineUpdater] INFO  ratis.OzoneManagerStateMachine (OzoneManagerStateMachine.java:takeSnapshotImpl(471)) - notified = (t:1, i:50)
2024-02-27 07:52:47,170 [omNode-3@group-523986131536-StateMachineUpdater] INFO  ratis.OzoneManagerStateMachine (OzoneManagerStateMachine.java:takeSnapshotImpl(472)) - snapshot = (t:1, i:50)
2024-02-27 07:52:47,170 [omNode-2@group-523986131536-StateMachineUpdater] INFO  ratis.OzoneManagerStateMachine (OzoneManagerStateMachine.java:takeSnapshotImpl(472)) - snapshot = (t:1, i:50)
2024-02-27 07:52:47,170 [omNode-1-OMStateMachineApplyTransactionThread - 0] INFO  upgrade.OMPrepareRequest (OMPrepareRequest.java:validateAndUpdateCache(69)) - OM omNode-1 Received prepare request with log (t:1, i:51)
2024-02-27 07:52:47,171 [omNode-1-OMStateMachineApplyTransactionThread - 0] INFO  upgrade.OMPrepareRequest (OMPrepareRequest.java:waitForLogIndex(184)) - omNode-1 waiting for index 51 to flush to OM DB and index 52 to flush to Ratis state machine.
2024-02-27 07:52:47,187 [omNode-3@group-523986131536-StateMachineUpdater] INFO  impl.StateMachineUpdater (StateMachineUpdater.java:takeSnapshot(295)) - omNode-3@group-523986131536-StateMachineUpdater: Took a snapshot at index 50
2024-02-27 07:52:47,187 [omNode-3@group-523986131536-StateMachineUpdater] INFO  impl.StateMachineUpdater (StateMachineUpdater.java:lambda$new$0(98)) - omNode-3@group-523986131536-StateMachineUpdater: snapshotIndex: updateIncreasingly -1 -> 50
2024-02-27 07:52:47,187 [omNode-3@group-523986131536-StateMachineUpdater] INFO  raftlog.RaftLog (RaftLogBase.java:purge(330)) - omNode-3@group-523986131536-SegmentedRaftLog: purge 50
2024-02-27 07:52:47,187 [omNode-3@group-523986131536-StateMachineUpdater] INFO  raftlog.RaftLog (RaftLogBase.java:lambda$new$0(54)) - omNode-3@group-523986131536-SegmentedRaftLog: snapshotIndex: updateIncreasingly -1 -> 50
2024-02-27 07:52:47,187 [omNode-3@group-523986131536-StateMachineUpdater] INFO  raftlog.RaftLog (RaftLogBase.java:lambda$new$0(54)) - omNode-3@group-523986131536-SegmentedRaftLog: purgeIndex: updateToMax old=-1, new=50, updated? true
2024-02-27 07:52:47,187 [omNode-3-OMStateMachineApplyTransactionThread - 0] INFO  upgrade.OMPrepareRequest (OMPrepareRequest.java:validateAndUpdateCache(69)) - OM omNode-3 Received prepare request with log (t:1, i:51)
2024-02-27 07:52:47,187 [omNode-3-OMStateMachineApplyTransactionThread - 0] INFO  upgrade.OMPrepareRequest (OMPrepareRequest.java:waitForLogIndex(184)) - omNode-3 waiting for index 51 to flush to OM DB and index 52 to flush to Ratis state machine.
2024-02-27 07:52:47,187 [omNode-2@group-523986131536-StateMachineUpdater] INFO  impl.StateMachineUpdater (StateMachineUpdater.java:takeSnapshot(295)) - omNode-2@group-523986131536-StateMachineUpdater: Took a snapshot at index 50
2024-02-27 07:52:47,187 [omNode-2@group-523986131536-StateMachineUpdater] INFO  impl.StateMachineUpdater (StateMachineUpdater.java:lambda$new$0(98)) - omNode-2@group-523986131536-StateMachineUpdater: snapshotIndex: updateIncreasingly -1 -> 50
2024-02-27 07:52:47,187 [omNode-2@group-523986131536-StateMachineUpdater] INFO  raftlog.RaftLog (RaftLogBase.java:purge(330)) - omNode-2@group-523986131536-SegmentedRaftLog: purge 50
2024-02-27 07:52:47,187 [omNode-2@group-523986131536-StateMachineUpdater] INFO  raftlog.RaftLog (RaftLogBase.java:lambda$new$0(54)) - omNode-2@group-523986131536-SegmentedRaftLog: snapshotIndex: updateIncreasingly -1 -> 50
2024-02-27 07:52:47,188 [omNode-2@group-523986131536-StateMachineUpdater] INFO  raftlog.RaftLog (RaftLogBase.java:lambda$new$0(54)) - omNode-2@group-523986131536-SegmentedRaftLog: purgeIndex: updateToMax old=-1, new=50, updated? true
2024-02-27 07:52:47,188 [omNode-2-OMStateMachineApplyTransactionThread - 0] INFO  upgrade.OMPrepareRequest (OMPrepareRequest.java:validateAndUpdateCache(69)) - OM omNode-2 Received prepare request with log (t:1, i:51)
2024-02-27 07:52:47,188 [omNode-2-OMStateMachineApplyTransactionThread - 0] INFO  upgrade.OMPrepareRequest (OMPrepareRequest.java:waitForLogIndex(184)) - omNode-2 waiting for index 51 to flush to OM DB and index 52 to flush to Ratis state machine.
2024-02-27 07:52:52,188 [omNode-3-OMStateMachineApplyTransactionThread - 0] INFO  ratis.OzoneManagerStateMachine (OzoneManagerStateMachine.java:takeSnapshotImpl(469)) -  applied = (t:1, i:51)
2024-02-27 07:52:52,188 [omNode-3-OMStateMachineApplyTransactionThread - 0] INFO  ratis.OzoneManagerStateMachine (OzoneManagerStateMachine.java:takeSnapshotImpl(470)) -  skipped = 51
2024-02-27 07:52:52,188 [omNode-3-OMStateMachineApplyTransactionThread - 0] INFO  ratis.OzoneManagerStateMachine (OzoneManagerStateMachine.java:takeSnapshotImpl(471)) - notified = (t:1, i:52)
2024-02-27 07:52:52,188 [omNode-3-OMStateMachineApplyTransactionThread - 0] INFO  ratis.OzoneManagerStateMachine (OzoneManagerStateMachine.java:takeSnapshotImpl(472)) - snapshot = (t:1, i:52)
2024-02-27 07:52:52,188 [omNode-2-OMStateMachineApplyTransactionThread - 0] INFO  ratis.OzoneManagerStateMachine (OzoneManagerStateMachine.java:takeSnapshotImpl(469)) -  applied = (t:1, i:51)
2024-02-27 07:52:52,188 [omNode-2-OMStateMachineApplyTransactionThread - 0] INFO  ratis.OzoneManagerStateMachine (OzoneManagerStateMachine.java:takeSnapshotImpl(470)) -  skipped = 51
2024-02-27 07:52:52,188 [omNode-2-OMStateMachineApplyTransactionThread - 0] INFO  ratis.OzoneManagerStateMachine (OzoneManagerStateMachine.java:takeSnapshotImpl(471)) - notified = (t:1, i:52)
2024-02-27 07:52:52,188 [omNode-2-OMStateMachineApplyTransactionThread - 0] INFO  ratis.OzoneManagerStateMachine (OzoneManagerStateMachine.java:takeSnapshotImpl(472)) - snapshot = (t:1, i:52)
2024-02-27 07:52:52,192 [omNode-3-OMStateMachineApplyTransactionThread - 0] INFO  upgrade.OMPrepareRequest (OMPrepareRequest.java:takeSnapshotAndPurgeLogs(238)) - takeSnapshot at 52 for prepareIndex 52
2024-02-27 07:52:52,192 [omNode-3-OMStateMachineApplyTransactionThread - 0] INFO  raftlog.RaftLog (RaftLogBase.java:lambda$new$0(54)) - omNode-3@group-523986131536-SegmentedRaftLog: snapshotIndex: updateIncreasingly 50 -> 52
2024-02-27 07:52:52,192 [omNode-3-OMStateMachineApplyTransactionThread - 0] INFO  segmented.SegmentedRaftLogWorker (SegmentedRaftLogWorker.java:lambda$new$0(134)) - omNode-3@group-523986131536-SegmentedRaftLogWorker: safeCacheEvictIndex: setUnconditionally -1 -> 52
2024-02-27 07:52:52,193 [omNode-3-OMStateMachineApplyTransactionThread - 0] INFO  segmented.SegmentedRaftLogWorker (SegmentedRaftLogWorker.java:closeLogSegment(451)) - omNode-3@group-523986131536-SegmentedRaftLogWorker: Closing segment log_inprogress_0 to index: 52
2024-02-27 07:52:52,193 [omNode-2-OMStateMachineApplyTransactionThread - 0] INFO  upgrade.OMPrepareRequest (OMPrepareRequest.java:takeSnapshotAndPurgeLogs(238)) - takeSnapshot at 52 for prepareIndex 52
2024-02-27 07:52:52,193 [omNode-2-OMStateMachineApplyTransactionThread - 0] INFO  raftlog.RaftLog (RaftLogBase.java:lambda$new$0(54)) - omNode-2@group-523986131536-SegmentedRaftLog: snapshotIndex: updateIncreasingly 50 -> 52
2024-02-27 07:52:52,193 [omNode-2-OMStateMachineApplyTransactionThread - 0] INFO  segmented.SegmentedRaftLogWorker (SegmentedRaftLogWorker.java:lambda$new$0(134)) - omNode-2@group-523986131536-SegmentedRaftLogWorker: safeCacheEvictIndex: setUnconditionally -1 -> 52
2024-02-27 07:52:52,193 [omNode-2-OMStateMachineApplyTransactionThread - 0] INFO  segmented.SegmentedRaftLogWorker (SegmentedRaftLogWorker.java:closeLogSegment(451)) - omNode-2@group-523986131536-SegmentedRaftLogWorker: Closing segment log_inprogress_0 to index: 52
2024-02-27 07:52:52,193 [omNode-3@group-523986131536-SegmentedRaftLogWorker] INFO  segmented.SegmentedRaftLogWorker (SegmentedRaftLogWorker.java:execute(591)) - omNode-3@group-523986131536-SegmentedRaftLogWorker: Rolled log segment from /home/runner/work/ozone/ozone/hadoop-ozone/integration-test/target/test-dir/MiniOzoneClusterImpl-bc2c81e0-d964-4a8e-97ca-887e98ec88c8/omNode-3/ratis/c9bc4cf4-3bc3-3c60-a66b-523986131536/current/log_inprogress_0 to /home/runner/work/ozone/ozone/hadoop-ozone/integration-test/target/test-dir/MiniOzoneClusterImpl-bc2c81e0-d964-4a8e-97ca-887e98ec88c8/omNode-3/ratis/c9bc4cf4-3bc3-3c60-a66b-523986131536/current/log_0-52
2024-02-27 07:52:52,194 [omNode-3-OMStateMachineApplyTransactionThread - 0] INFO  om.OzoneManagerPrepareState (OzoneManagerPrepareState.java:writePrepareMarkerFile(262)) - Prepare marker file written with log index 51 to file /home/runner/work/ozone/ozone/hadoop-ozone/integration-test/target/test-dir/MiniOzoneClusterImpl-bc2c81e0-d964-4a8e-97ca-887e98ec88c8/omNode-3/current/prepareMarker
2024-02-27 07:52:52,194 [omNode-3-OMStateMachineApplyTransactionThread - 0] INFO  upgrade.OMPrepareRequest (OMPrepareRequest.java:validateAndUpdateCache(122)) - OM omNode-3 prepared at log index 51. Returning response txnID: 51
 with log index 51
2024-02-27 07:52:52,194 [omNode-2@group-523986131536-SegmentedRaftLogWorker] INFO  segmented.SegmentedRaftLogWorker (SegmentedRaftLogWorker.java:execute(591)) - omNode-2@group-523986131536-SegmentedRaftLogWorker: Rolled log segment from /home/runner/work/ozone/ozone/hadoop-ozone/integration-test/target/test-dir/MiniOzoneClusterImpl-bc2c81e0-d964-4a8e-97ca-887e98ec88c8/omNode-2/ratis/c9bc4cf4-3bc3-3c60-a66b-523986131536/current/log_inprogress_0 to /home/runner/work/ozone/ozone/hadoop-ozone/integration-test/target/test-dir/MiniOzoneClusterImpl-bc2c81e0-d964-4a8e-97ca-887e98ec88c8/omNode-2/ratis/c9bc4cf4-3bc3-3c60-a66b-523986131536/current/log_0-52
2024-02-27 07:52:52,194 [omNode-2-OMStateMachineApplyTransactionThread - 0] INFO  om.OzoneManagerPrepareState (OzoneManagerPrepareState.java:writePrepareMarkerFile(262)) - Prepare marker file written with log index 51 to file /home/runner/work/ozone/ozone/hadoop-ozone/integration-test/target/test-dir/MiniOzoneClusterImpl-bc2c81e0-d964-4a8e-97ca-887e98ec88c8/omNode-2/current/prepareMarker
2024-02-27 07:52:52,194 [omNode-2-OMStateMachineApplyTransactionThread - 0] INFO  upgrade.OMPrepareRequest (OMPrepareRequest.java:validateAndUpdateCache(122)) - OM omNode-2 prepared at log index 51. Returning response txnID: 51
 with log index 51
2024-02-27 07:53:36,684 [8e331bed-8646-4d1b-92f8-14089c74cd0e-BlockDeletingService#0] INFO  interfaces.ContainerDeletionChoosingPolicyTemplate (ContainerDeletionChoosingPolicyTemplate.java:chooseContainerForBlockDeletion(85)) - Chosen 0/5000 blocks from 0 candidate containers.
2024-02-27 07:53:36,794 [02eae07c-ff18-478f-b1e9-376b0db68b83-BlockDeletingService#0] INFO  interfaces.ContainerDeletionChoosingPolicyTemplate (ContainerDeletionChoosingPolicyTemplate.java:chooseContainerForBlockDeletion(85)) - Chosen 0/5000 blocks from 0 candidate containers.
2024-02-27 07:53:36,877 [f12618e3-137b-46a0-90dc-e366378777c0-BlockDeletingService#0] INFO  interfaces.ContainerDeletionChoosingPolicyTemplate (ContainerDeletionChoosingPolicyTemplate.java:chooseContainerForBlockDeletion(85)) - Chosen 0/5000 blocks from 0 candidate containers.
2024-02-27 07:54:36,686 [8e331bed-8646-4d1b-92f8-14089c74cd0e-BlockDeletingService#1] INFO  interfaces.ContainerDeletionChoosingPolicyTemplate (ContainerDeletionChoosingPolicyTemplate.java:chooseContainerForBlockDeletion(85)) - Chosen 0/5000 blocks from 0 candidate containers.
2024-02-27 07:54:36,795 [02eae07c-ff18-478f-b1e9-376b0db68b83-BlockDeletingService#1] INFO  interfaces.ContainerDeletionChoosingPolicyTemplate (ContainerDeletionChoosingPolicyTemplate.java:chooseContainerForBlockDeletion(85)) - Chosen 0/5000 blocks from 0 candidate containers.
2024-02-27 07:54:36,879 [f12618e3-137b-46a0-90dc-e366378777c0-BlockDeletingService#1] INFO  interfaces.ContainerDeletionChoosingPolicyTemplate (ContainerDeletionChoosingPolicyTemplate.java:chooseContainerForBlockDeletion(85)) - Chosen 0/5000 blocks from 0 candidate containers.
2024-02-27 07:54:47,177 [omNode-1-OMStateMachineApplyTransactionThread - 0] ERROR upgrade.OMPrepareRequest (OMPrepareRequest.java:validateAndUpdateCache(133)) - Prepare Request Apply failed in omNode-1. 
java.io.IOException: After waiting for 120 seconds, Ratis state machine applied index 50 which is less than the minimum required index 52.
	at org.apache.hadoop.ozone.om.request.upgrade.OMPrepareRequest.waitForLogIndex(OMPrepareRequest.java:216)
	at org.apache.hadoop.ozone.om.request.upgrade.OMPrepareRequest.validateAndUpdateCache(OMPrepareRequest.java:112)
	at org.apache.hadoop.ozone.protocolPB.OzoneManagerRequestHandler.lambda$0(OzoneManagerRequestHandler.java:403)
	at org.apache.hadoop.util.MetricUtil.captureLatencyNs(MetricUtil.java:45)
	at org.apache.hadoop.ozone.protocolPB.OzoneManagerRequestHandler.handleWriteRequest(OzoneManagerRequestHandler.java:399)
	at org.apache.hadoop.ozone.om.ratis.OzoneManagerStateMachine.runCommand(OzoneManagerStateMachine.java:527)
	at org.apache.hadoop.ozone.om.ratis.OzoneManagerStateMachine.lambda$1(OzoneManagerStateMachine.java:345)
	at java.util.concurrent.CompletableFuture$AsyncSupply.run(CompletableFuture.java:1604)
	at java.util.concurrent.ThreadPoolExecutor.runWorker(ThreadPoolExecutor.java:1149)
	at java.util.concurrent.ThreadPoolExecutor$Worker.run(ThreadPoolExecutor.java:624)
	at java.lang.Thread.run(Thread.java:750)
2024-02-27 07:54:47,177 [omNode-1@group-523986131536-StateMachineUpdater] INFO  ratis.OzoneManagerStateMachine (OzoneManagerStateMachine.java:takeSnapshotImpl(469)) -  applied = (t:1, i:51)
2024-02-27 07:54:47,177 [omNode-1@group-523986131536-StateMachineUpdater] INFO  ratis.OzoneManagerStateMachine (OzoneManagerStateMachine.java:takeSnapshotImpl(470)) -  skipped = 49
2024-02-27 07:54:47,177 [omNode-1@group-523986131536-StateMachineUpdater] INFO  ratis.OzoneManagerStateMachine (OzoneManagerStateMachine.java:takeSnapshotImpl(471)) - notified = (t:1, i:50)
2024-02-27 07:54:47,178 [omNode-1@group-523986131536-StateMachineUpdater] INFO  ratis.OzoneManagerStateMachine (OzoneManagerStateMachine.java:takeSnapshotImpl(472)) - snapshot = (t:1, i:51)
2024-02-27 07:54:47,178 [main] INFO  om.OzoneManager (OzoneManager.java:stop(2203)) - omNode-3[localhost:15270]: Stopping Ozone Manager
2024-02-27 07:54:47,178 [main] INFO  ipc.Server (Server.java:stop(3523)) - Stopping server on 15270
2024-02-27 07:54:47,199 [IPC Server listener on 15270] INFO  ipc.Server (Server.java:run(1434)) - Stopping IPC Server listener on 15270
2024-02-27 07:54:47,200 [IPC Server Responder] INFO  ipc.Server (Server.java:run(1567)) - Stopping IPC Server Responder
2024-02-27 07:54:47,200 [main] INFO  ratis.OzoneManagerRatisServer (OzoneManagerRatisServer.java:stop(594)) - Stopping org.apache.hadoop.ozone.om.ratis.OzoneManagerRatisServer@20869506 at port 15273
2024-02-27 07:54:47,200 [main] INFO  server.RaftServer (RaftServerProxy.java:lambda$close$9(416)) - omNode-3: close
2024-02-27 07:54:47,201 [main] INFO  server.GrpcService (GrpcService.java:closeImpl(311)) - omNode-3: shutdown server GrpcServerProtocolService now
2024-02-27 07:54:47,201 [omNode-3-impl-thread2] INFO  server.RaftServer$Division (RaftServerImpl.java:lambda$close$3(526)) - omNode-3@group-523986131536: shutdown
2024-02-27 07:54:47,202 [omNode-3-impl-thread2] INFO  util.JmxRegister (JmxRegister.java:unregister(73)) - Successfully un-registered JMX Bean with object name Ratis:service=RaftServer,group=group-523986131536,id=omNode-3
2024-02-27 07:54:47,202 [omNode-3-impl-thread2] INFO  impl.RoleInfo (RoleInfo.java:shutdownFollowerState(110)) - omNode-3: shutdown omNode-3@group-523986131536-FollowerState
2024-02-27 07:54:47,203 [omNode-3-impl-thread2] INFO  impl.StateMachineUpdater (StateMachineUpdater.java:stopAndJoin(157)) - omNode-3@group-523986131536-StateMachineUpdater: set stopIndex = 52
2024-02-27 07:54:47,203 [omNode-3@group-523986131536-FollowerState] INFO  impl.FollowerState (FollowerState.java:run(152)) - omNode-3@group-523986131536-FollowerState was interrupted
2024-02-27 07:54:47,203 [omNode-3@group-523986131536-StateMachineUpdater] INFO  ratis.OzoneManagerStateMachine (OzoneManagerStateMachine.java:takeSnapshotImpl(469)) -  applied = (t:1, i:51)
2024-02-27 07:54:47,203 [omNode-3@group-523986131536-StateMachineUpdater] INFO  ratis.OzoneManagerStateMachine (OzoneManagerStateMachine.java:takeSnapshotImpl(470)) -  skipped = 51
2024-02-27 07:54:47,203 [omNode-3@group-523986131536-StateMachineUpdater] INFO  ratis.OzoneManagerStateMachine (OzoneManagerStateMachine.java:takeSnapshotImpl(471)) - notified = (t:1, i:52)
2024-02-27 07:54:47,203 [omNode-3@group-523986131536-StateMachineUpdater] INFO  ratis.OzoneManagerStateMachine (OzoneManagerStateMachine.java:takeSnapshotImpl(472)) - snapshot = (t:1, i:52)
2024-02-27 07:54:47,203 [grpc-default-executor-7] WARN  server.GrpcServerProtocolService (LogUtils.java:warn(121)) - omNode-3: APPEND_ENTRIES onError, lastRequest: omNode-1->omNode-3#149-t1,previous=(t:1, i:51),leaderCommit=51,initializing? false,entries: size=1, first=(t:1, i:52), METADATAENTRY(c:51): org.apache.ratis.thirdparty.io.grpc.StatusRuntimeException: CANCELLED: client cancelled
2024-02-27 07:54:47,203 [grpc-default-executor-4] WARN  server.GrpcLogAppender (LogUtils.java:warn(121)) - omNode-1@group-523986131536->omNode-3-AppendLogResponseHandler: Failed appendEntries: org.apache.ratis.thirdparty.io.grpc.StatusRuntimeException: CANCELLED: RST_STREAM closed stream. HTTP/2 error code: CANCEL
2024-02-27 07:54:47,204 [grpc-default-executor-4] WARN  server.GrpcLogAppender (GrpcLogAppender.java:lambda$resetClient$1(217)) - omNode-1@group-523986131536->omNode-3-GrpcLogAppender: Follower failed (request=null, errorCount=1); keep nextIndex (53) unchanged and retry.
2024-02-27 07:54:47,204 [grpc-default-executor-6] WARN  server.GrpcServerProtocolService (LogUtils.java:warn(121)) - omNode-3: APPEND_ENTRIES onError, lastRequest: null: org.apache.ratis.thirdparty.io.grpc.StatusRuntimeException: CANCELLED: client cancelled
2024-02-27 07:54:47,206 [main] INFO  server.GrpcService (GrpcService.java:closeImpl(320)) - omNode-3: shutdown server GrpcServerProtocolService successfully
2024-02-27 07:54:47,208 [omNode-3@group-523986131536-StateMachineUpdater] INFO  impl.StateMachineUpdater (StateMachineUpdater.java:takeSnapshot(295)) - omNode-3@group-523986131536-StateMachineUpdater: Took a snapshot at index 52
2024-02-27 07:54:47,208 [omNode-3@group-523986131536-StateMachineUpdater] INFO  impl.StateMachineUpdater (StateMachineUpdater.java:lambda$new$0(98)) - omNode-3@group-523986131536-StateMachineUpdater: snapshotIndex: updateIncreasingly 50 -> 52
2024-02-27 07:54:47,208 [omNode-3@group-523986131536-StateMachineUpdater] INFO  ratis.OzoneManagerStateMachine (OzoneManagerStateMachine.java:close(515)) - Stopping OzoneManagerStateMachine:omNode-3:group-523986131536.
2024-02-27 07:54:47,208 [omNode-3@group-523986131536-StateMachineUpdater] INFO  ratis.OzoneManagerDoubleBuffer (OzoneManagerDoubleBuffer.java:stopDaemon(514)) - Stopping OMDoubleBuffer flush thread
2024-02-27 07:54:47,208 [omNode-3-OMDoubleBufferFlushThread] INFO  ratis.OzoneManagerDoubleBuffer (OzoneManagerDoubleBuffer.java:canFlush(578)) - OMDoubleBuffer flush thread omNode-3-OMDoubleBufferFlushThread is interrupted and will exit.
2024-02-27 07:54:47,209 [omNode-3-impl-thread2] INFO  server.RaftServer$Division (ServerState.java:close(427)) - omNode-3@group-523986131536: applyIndex: 51
2024-02-27 07:54:47,210 [omNode-3@group-523986131536-cacheEviction-AwaitToRun] INFO  util.AwaitToRun (AwaitToRun.java:run(49)) - omNode-3@group-523986131536-cacheEviction-AwaitToRun-AwaitForSignal is interrupted
2024-02-27 07:54:47,218 [omNode-1@group-523986131536-StateMachineUpdater] INFO  impl.StateMachineUpdater (StateMachineUpdater.java:takeSnapshot(295)) - omNode-1@group-523986131536-StateMachineUpdater: Took a snapshot at index 51
2024-02-27 07:54:47,218 [omNode-1@group-523986131536-StateMachineUpdater] INFO  impl.StateMachineUpdater (StateMachineUpdater.java:lambda$new$0(98)) - omNode-1@group-523986131536-StateMachineUpdater: snapshotIndex: updateIncreasingly -1 -> 51
2024-02-27 07:54:47,218 [omNode-1@group-523986131536-StateMachineUpdater] INFO  raftlog.RaftLog (RaftLogBase.java:purge(330)) - omNode-1@group-523986131536-SegmentedRaftLog: purge 51
2024-02-27 07:54:47,218 [omNode-1@group-523986131536-StateMachineUpdater] INFO  raftlog.RaftLog (RaftLogBase.java:lambda$new$0(54)) - omNode-1@group-523986131536-SegmentedRaftLog: snapshotIndex: updateIncreasingly -1 -> 51
2024-02-27 07:54:47,218 [omNode-1@group-523986131536-StateMachineUpdater] INFO  raftlog.RaftLog (RaftLogBase.java:lambda$new$0(54)) - omNode-1@group-523986131536-SegmentedRaftLog: purgeIndex: updateToMax old=-1, new=51, updated? true
2024-02-27 07:54:48,201 [omNode-3-impl-thread2] INFO  segmented.SegmentedRaftLogWorker (SegmentedRaftLogWorker.java:close(245)) - omNode-3@group-523986131536-SegmentedRaftLogWorker close()
2024-02-27 07:54:48,202 [JvmPauseMonitor72] INFO  util.JvmPauseMonitor (JvmPauseMonitor.java:run(152)) - JvmPauseMonitor-omNode-3: Stopped
2024-02-27 07:54:48,203 [main] INFO  utils.BackgroundService (BackgroundService.java:shutdown(160)) - Shutting down service KeyDeletingService
2024-02-27 07:54:48,203 [main] INFO  utils.BackgroundService (BackgroundService.java:shutdown(160)) - Shutting down service DirectoryDeletingService
2024-02-27 07:54:48,203 [main] INFO  utils.BackgroundService (BackgroundService.java:shutdown(160)) - Shutting down service OpenKeyCleanupService
2024-02-27 07:54:48,203 [main] INFO  utils.BackgroundService (BackgroundService.java:shutdown(160)) - Shutting down service SstFilteringService
2024-02-27 07:54:48,204 [main] INFO  utils.BackgroundService (BackgroundService.java:shutdown(160)) - Shutting down service SnapshotDeletingService
2024-02-27 07:54:48,204 [main] INFO  utils.BackgroundService (BackgroundService.java:shutdown(160)) - Shutting down service MultipartUploadCleanupService
2024-02-27 07:54:48,204 [main] INFO  utils.BackgroundService (BackgroundService.java:shutdown(160)) - Shutting down service SnapshotDirectoryCleaningService
2024-02-27 07:54:48,205 [main] INFO  handler.ContextHandler (ContextHandler.java:doStop(1159)) - Stopped o.e.j.w.WebAppContext@2fb9853f{ozoneManager,/,null,STOPPED}{file:/home/runner/work/ozone/ozone/hadoop-ozone/integration-test/target/test-classes/webapps/ozoneManager}
2024-02-27 07:54:48,205 [main] INFO  server.AbstractConnector (AbstractConnector.java:doStop(383)) - Stopped ServerConnector@37d4914e{HTTP/1.1, (http/1.1)}{0.0.0.0:15271}
2024-02-27 07:54:48,205 [main] INFO  server.session (HouseKeeper.java:stopScavenging(149)) - node0 Stopped scavenging
2024-02-27 07:54:48,205 [main] INFO  handler.ContextHandler (ContextHandler.java:doStop(1159)) - Stopped o.e.j.s.ServletContextHandler@75672a59{static,/static,file:///home/runner/work/ozone/ozone/hadoop-ozone/integration-test/target/test-classes/webapps/static,STOPPED}
2024-02-27 07:54:48,206 [main] INFO  handler.ContextHandler (ContextHandler.java:doStop(1159)) - Stopped o.e.j.s.ServletContextHandler@b86f1e0{logs,/logs,file:///home/runner/work/ozone/ozone/hadoop-ozone/integration-test/target/log,STOPPED}
2024-02-27 07:54:48,206 [main] INFO  rocksdiff.RocksDBCheckpointDiffer (RocksDBCheckpointDiffer.java:close(310)) - Shutting down CompactionDagPruningService.
2024-02-27 07:54:48,207 [main] INFO  snapshot.SnapshotDiffManager (SnapshotDiffManager.java:closeExecutorService(1657)) - Shutting down executorService: 'SnapDiffExecutor'
2024-02-27 07:54:48,208 [main] INFO  utils.BackgroundService (BackgroundService.java:shutdown(160)) - Shutting down service SnapshotDiffCleanupService
2024-02-27 07:54:48,209 [main] INFO  om.OzoneManager (OzoneManager.java:stop(2203)) - omNode-1[localhost:15262]: Stopping Ozone Manager
2024-02-27 07:54:48,209 [main] INFO  ipc.Server (Server.java:stop(3523)) - Stopping server on 15262
2024-02-27 07:54:48,210 [IPC Server listener on 15262] INFO  ipc.Server (Server.java:run(1434)) - Stopping IPC Server listener on 15262
2024-02-27 07:54:48,211 [IPC Server Responder] INFO  ipc.Server (Server.java:run(1567)) - Stopping IPC Server Responder
2024-02-27 07:54:48,211 [main] INFO  ratis.OzoneManagerRatisServer (OzoneManagerRatisServer.java:stop(594)) - Stopping org.apache.hadoop.ozone.om.ratis.OzoneManagerRatisServer@1c4e4735 at port 15265
2024-02-27 07:54:48,212 [main] INFO  server.RaftServer (RaftServerProxy.java:lambda$close$9(416)) - omNode-1: close
2024-02-27 07:54:48,212 [main] INFO  server.GrpcService (GrpcService.java:closeImpl(311)) - omNode-1: shutdown server GrpcServerProtocolService now
2024-02-27 07:54:48,212 [omNode-1-impl-thread2] INFO  server.RaftServer$Division (RaftServerImpl.java:lambda$close$3(526)) - omNode-1@group-523986131536: shutdown
2024-02-27 07:54:48,212 [omNode-1-impl-thread2] INFO  util.JmxRegister (JmxRegister.java:unregister(73)) - Successfully un-registered JMX Bean with object name Ratis:service=RaftServer,group=group-523986131536,id=omNode-1
2024-02-27 07:54:48,212 [omNode-1-impl-thread2] INFO  impl.RoleInfo (RoleInfo.java:shutdownLeaderState(94)) - omNode-1: shutdown omNode-1@group-523986131536-LeaderStateImpl
2024-02-27 07:54:48,212 [omNode-1-impl-thread2] INFO  impl.PendingRequests (PendingRequests.java:sendNotLeaderResponses(289)) - omNode-1@group-523986131536-PendingRequests: sendNotLeaderResponses
2024-02-27 07:54:48,212 [omNode-1@group-523986131536->omNode-3-GrpcLogAppender-LogAppenderDaemon] WARN  server.GrpcLogAppender (GrpcLogAppender.java:mayWait(289)) - omNode-1@group-523986131536->omNode-3-GrpcLogAppender: Wait interrupted by java.lang.InterruptedException
2024-02-27 07:54:48,212 [omNode-1@group-523986131536->omNode-2-GrpcLogAppender-LogAppenderDaemon] WARN  server.GrpcLogAppender (GrpcLogAppender.java:mayWait(289)) - omNode-1@group-523986131536->omNode-2-GrpcLogAppender: Wait interrupted by java.lang.InterruptedException
2024-02-27 07:54:48,213 [grpc-default-executor-7] INFO  server.GrpcServerProtocolService (GrpcServerProtocolService.java:onCompleted(157)) - omNode-2: Completed APPEND_ENTRIES, lastRequest: null
2024-02-27 07:54:48,213 [grpc-default-executor-4] INFO  server.GrpcServerProtocolService (GrpcServerProtocolService.java:onCompleted(157)) - omNode-2: Completed APPEND_ENTRIES, lastRequest: omNode-1->omNode-2#137-t1,previous=(t:1, i:51),leaderCommit=51,initializing? false,entries: size=1, first=(t:1, i:52), METADATAENTRY(c:51)
2024-02-27 07:54:48,213 [grpc-default-executor-4] INFO  server.GrpcServerProtocolService (GrpcServerProtocolService.java:lambda$onCompleted$5(159)) - omNode-2: Completed APPEND_ENTRIES, lastReply: null
2024-02-27 07:54:48,213 [grpc-default-executor-7] INFO  server.GrpcServerProtocolService (GrpcServerProtocolService.java:lambda$onCompleted$5(159)) - omNode-2: Completed APPEND_ENTRIES, lastReply: serverReply {
  requestorId: "omNode-1"
  replyId: "omNode-2"
  raftGroupId {
    id: "\311\274L\364;\303<`\246kR9\206\023\0256"
  }
  callId: 380
  success: true
}
term: 1
nextIndex: 53
followerCommit: 52
matchIndex: 18446744073709551615
isHearbeat: true

2024-02-27 07:54:48,213 [grpc-default-executor-4] INFO  server.GrpcLogAppender (GrpcLogAppender.java:onCompleted(546)) - omNode-1@group-523986131536->omNode-2-AppendLogResponseHandler: follower responses appendEntries COMPLETED
2024-02-27 07:54:48,214 [grpc-default-executor-6] INFO  server.GrpcLogAppender (GrpcLogAppender.java:onCompleted(546)) - omNode-1@group-523986131536->omNode-2-AppendLogResponseHandler: follower responses appendEntries COMPLETED
2024-02-27 07:54:48,215 [omNode-1-impl-thread2] INFO  impl.StateMachineUpdater (StateMachineUpdater.java:stopAndJoin(157)) - omNode-1@group-523986131536-StateMachineUpdater: set stopIndex = 52
2024-02-27 07:54:48,215 [omNode-1@group-523986131536-StateMachineUpdater] INFO  ratis.OzoneManagerStateMachine (OzoneManagerStateMachine.java:takeSnapshotImpl(469)) -  applied = (t:1, i:51)
2024-02-27 07:54:48,215 [omNode-1@group-523986131536-StateMachineUpdater] INFO  ratis.OzoneManagerStateMachine (OzoneManagerStateMachine.java:takeSnapshotImpl(470)) -  skipped = 51
2024-02-27 07:54:48,215 [omNode-1@group-523986131536-StateMachineUpdater] INFO  ratis.OzoneManagerStateMachine (OzoneManagerStateMachine.java:takeSnapshotImpl(471)) - notified = (t:1, i:52)
2024-02-27 07:54:48,215 [omNode-1@group-523986131536-StateMachineUpdater] INFO  ratis.OzoneManagerStateMachine (OzoneManagerStateMachine.java:takeSnapshotImpl(472)) - snapshot = (t:1, i:52)
2024-02-27 07:54:48,216 [Thread-11485] INFO  server.GrpcServerProtocolClient (GrpcServerProtocolClient.java:close(103)) - omNode-3 Close channels
2024-02-27 07:54:48,216 [Thread-11487] INFO  server.GrpcServerProtocolClient (GrpcServerProtocolClient.java:close(103)) - omNode-2 Close channels
2024-02-27 07:54:48,218 [main] INFO  server.GrpcService (GrpcService.java:closeImpl(320)) - omNode-1: shutdown server GrpcServerProtocolService successfully
2024-02-27 07:54:48,220 [omNode-1@group-523986131536-StateMachineUpdater] INFO  impl.StateMachineUpdater (StateMachineUpdater.java:takeSnapshot(295)) - omNode-1@group-523986131536-StateMachineUpdater: Took a snapshot at index 52
2024-02-27 07:54:48,220 [omNode-1@group-523986131536-StateMachineUpdater] INFO  impl.StateMachineUpdater (StateMachineUpdater.java:lambda$new$0(98)) - omNode-1@group-523986131536-StateMachineUpdater: snapshotIndex: updateIncreasingly 51 -> 52
2024-02-27 07:54:48,220 [omNode-1@group-523986131536-StateMachineUpdater] INFO  ratis.OzoneManagerStateMachine (OzoneManagerStateMachine.java:close(515)) - Stopping OzoneManagerStateMachine:omNode-1:group-523986131536.
2024-02-27 07:54:48,220 [omNode-1@group-523986131536-StateMachineUpdater] INFO  ratis.OzoneManagerDoubleBuffer (OzoneManagerDoubleBuffer.java:stopDaemon(514)) - Stopping OMDoubleBuffer flush thread
2024-02-27 07:54:48,220 [omNode-1-OMDoubleBufferFlushThread] INFO  ratis.OzoneManagerDoubleBuffer (OzoneManagerDoubleBuffer.java:canFlush(578)) - OMDoubleBuffer flush thread omNode-1-OMDoubleBufferFlushThread is interrupted and will exit.
2024-02-27 07:54:48,221 [omNode-1-impl-thread2] INFO  server.RaftServer$Division (ServerState.java:close(427)) - omNode-1@group-523986131536: applyIndex: 51
2024-02-27 07:54:48,221 [omNode-1@group-523986131536-cacheEviction-AwaitToRun] INFO  util.AwaitToRun (AwaitToRun.java:run(49)) - omNode-1@group-523986131536-cacheEviction-AwaitToRun-AwaitForSignal is interrupted
2024-02-27 07:54:49,192 [omNode-2@group-523986131536-FollowerState] INFO  impl.FollowerState (FollowerState.java:run(143)) - omNode-2@group-523986131536-FollowerState: change to CANDIDATE, lastRpcElapsedTime:1303617142ns, electionTimeout:1101ms
2024-02-27 07:54:49,192 [omNode-2@group-523986131536-FollowerState] INFO  impl.RoleInfo (RoleInfo.java:shutdownFollowerState(110)) - omNode-2: shutdown omNode-2@group-523986131536-FollowerState
2024-02-27 07:54:49,192 [omNode-2@group-523986131536-FollowerState] INFO  server.RaftServer$Division (RaftServerImpl.java:setRole(383)) - omNode-2@group-523986131536: changes role from  FOLLOWER to CANDIDATE at term 1 for changeToCandidate
2024-02-27 07:54:49,192 [omNode-2@group-523986131536-FollowerState] INFO  server.RaftServerConfigKeys (ConfUtils.java:logGet(46)) - raft.server.leaderelection.pre-vote = true (default)
2024-02-27 07:54:49,192 [omNode-2@group-523986131536-FollowerState] INFO  impl.RoleInfo (RoleInfo.java:updateAndGet(139)) - omNode-2: start omNode-2@group-523986131536-LeaderElection67
2024-02-27 07:54:49,194 [omNode-2@group-523986131536-LeaderElection67] INFO  server.RaftServer$Division (ServerState.java:setLeader(269)) - omNode-2@group-523986131536: change Leader from omNode-1 to null at term 1 for PRE_VOTE
2024-02-27 07:54:49,194 [omNode-2@group-523986131536-LeaderElection67] INFO  impl.LeaderElection (LeaderElection.java:askForVotes(321)) - omNode-2@group-523986131536-LeaderElection67 PRE_VOTE round 0: submit vote requests at term 1 for 0: peers:[omNode-3|localhost:15273, omNode-1|localhost:15265, omNode-2|localhost:15269]|listeners:[], old=null
2024-02-27 07:54:49,194 [omNode-2@group-523986131536-LeaderElection67-1] INFO  server.GrpcServerProtocolClient (GrpcServerProtocolClient.java:<init>(65)) - Build channel for omNode-3|localhost:15273
2024-02-27 07:54:49,194 [omNode-2@group-523986131536-LeaderElection67-2] INFO  server.GrpcServerProtocolClient (GrpcServerProtocolClient.java:<init>(65)) - Build channel for omNode-1|localhost:15265
2024-02-27 07:54:49,197 [omNode-1-impl-thread2] INFO  segmented.SegmentedRaftLogWorker (SegmentedRaftLogWorker.java:close(245)) - omNode-1@group-523986131536-SegmentedRaftLogWorker close()
2024-02-27 07:54:49,198 [JvmPauseMonitor70] INFO  util.JvmPauseMonitor (JvmPauseMonitor.java:run(152)) - JvmPauseMonitor-omNode-1: Stopped
2024-02-27 07:54:49,199 [main] INFO  utils.BackgroundService (BackgroundService.java:shutdown(160)) - Shutting down service KeyDeletingService
2024-02-27 07:54:49,199 [omNode-2@group-523986131536-LeaderElection67] INFO  impl.LeaderElection (LogUtils.java:infoOrTrace(136)) - omNode-2@group-523986131536-LeaderElection67 got exception when requesting votes: java.util.concurrent.ExecutionException: org.apache.ratis.thirdparty.io.grpc.StatusRuntimeException: UNAVAILABLE: io exception
2024-02-27 07:54:49,199 [omNode-2@group-523986131536-LeaderElection67] INFO  impl.LeaderElection (LogUtils.java:infoOrTrace(136)) - omNode-2@group-523986131536-LeaderElection67 got exception when requesting votes: java.util.concurrent.ExecutionException: org.apache.ratis.thirdparty.io.grpc.StatusRuntimeException: UNAVAILABLE: io exception
2024-02-27 07:54:49,199 [omNode-2@group-523986131536-LeaderElection67] INFO  impl.LeaderElection (LeaderElection.java:logAndReturn(89)) - omNode-2@group-523986131536-LeaderElection67: PRE_VOTE REJECTED received 0 response(s) and 2 exception(s):
2024-02-27 07:54:49,199 [main] INFO  utils.BackgroundService (BackgroundService.java:shutdown(160)) - Shutting down service DirectoryDeletingService
2024-02-27 07:54:49,199 [omNode-2@group-523986131536-LeaderElection67] INFO  impl.LeaderElection (LogUtils.java:infoOrTrace(136)) -   Exception 0: java.util.concurrent.ExecutionException: org.apache.ratis.thirdparty.io.grpc.StatusRuntimeException: UNAVAILABLE: io exception
2024-02-27 07:54:49,200 [omNode-2@group-523986131536-LeaderElection67] INFO  impl.LeaderElection (LogUtils.java:infoOrTrace(136)) -   Exception 1: java.util.concurrent.ExecutionException: org.apache.ratis.thirdparty.io.grpc.StatusRuntimeException: UNAVAILABLE: io exception
2024-02-27 07:54:49,200 [main] INFO  utils.BackgroundService (BackgroundService.java:shutdown(160)) - Shutting down service OpenKeyCleanupService
2024-02-27 07:54:49,200 [omNode-2@group-523986131536-LeaderElection67] INFO  impl.LeaderElection (LeaderElection.java:askForVotes(323)) - omNode-2@group-523986131536-LeaderElection67 PRE_VOTE round 0: result REJECTED
2024-02-27 07:54:49,200 [main] INFO  utils.BackgroundService (BackgroundService.java:shutdown(160)) - Shutting down service SstFilteringService
2024-02-27 07:54:49,200 [omNode-2@group-523986131536-LeaderElection67] INFO  server.RaftServer$Division (RaftServerImpl.java:setRole(383)) - omNode-2@group-523986131536: changes role from CANDIDATE to FOLLOWER at term 1 for REJECTED
2024-02-27 07:54:49,200 [omNode-2@group-523986131536-LeaderElection67] INFO  impl.RoleInfo (RoleInfo.java:shutdownLeaderElection(130)) - omNode-2: shutdown omNode-2@group-523986131536-LeaderElection67
2024-02-27 07:54:49,200 [main] INFO  utils.BackgroundService (BackgroundService.java:shutdown(160)) - Shutting down service SnapshotDeletingService
2024-02-27 07:54:49,201 [main] INFO  utils.BackgroundService (BackgroundService.java:shutdown(160)) - Shutting down service MultipartUploadCleanupService
2024-02-27 07:54:49,201 [main] INFO  utils.BackgroundService (BackgroundService.java:shutdown(160)) - Shutting down service SnapshotDirectoryCleaningService
2024-02-27 07:54:49,201 [main] INFO  handler.ContextHandler (ContextHandler.java:doStop(1159)) - Stopped o.e.j.w.WebAppContext@542eddc3{ozoneManager,/,null,STOPPED}{file:/home/runner/work/ozone/ozone/hadoop-ozone/integration-test/target/test-classes/webapps/ozoneManager}
2024-02-27 07:54:49,202 [main] INFO  server.AbstractConnector (AbstractConnector.java:doStop(383)) - Stopped ServerConnector@12bd2841{HTTP/1.1, (http/1.1)}{0.0.0.0:15263}
2024-02-27 07:54:49,202 [main] INFO  server.session (HouseKeeper.java:stopScavenging(149)) - node0 Stopped scavenging
2024-02-27 07:54:49,202 [main] INFO  handler.ContextHandler (ContextHandler.java:doStop(1159)) - Stopped o.e.j.s.ServletContextHandler@5efc8552{static,/static,file:///home/runner/work/ozone/ozone/hadoop-ozone/integration-test/target/test-classes/webapps/static,STOPPED}
2024-02-27 07:54:49,202 [main] INFO  handler.ContextHandler (ContextHandler.java:doStop(1159)) - Stopped o.e.j.s.ServletContextHandler@3c9570e4{logs,/logs,file:///home/runner/work/ozone/ozone/hadoop-ozone/integration-test/target/log,STOPPED}
2024-02-27 07:54:49,200 [omNode-2@group-523986131536-LeaderElection67] INFO  impl.RoleInfo (RoleInfo.java:updateAndGet(139)) - omNode-2: start omNode-2@group-523986131536-FollowerState
2024-02-27 07:54:49,206 [main] INFO  rocksdiff.RocksDBCheckpointDiffer (RocksDBCheckpointDiffer.java:close(310)) - Shutting down CompactionDagPruningService.
2024-02-27 07:54:49,208 [main] INFO  snapshot.SnapshotDiffManager (SnapshotDiffManager.java:closeExecutorService(1657)) - Shutting down executorService: 'SnapDiffExecutor'
2024-02-27 07:54:49,208 [main] INFO  utils.BackgroundService (BackgroundService.java:shutdown(160)) - Shutting down service SnapshotDiffCleanupService
2024-02-27 07:54:49,209 [main] INFO  om.OzoneManager (OzoneManager.java:stop(2203)) - omNode-2[localhost:15266]: Stopping Ozone Manager
2024-02-27 07:54:49,212 [main] INFO  ipc.Server (Server.java:stop(3523)) - Stopping server on 15266
2024-02-27 07:54:49,215 [IPC Server Responder] INFO  ipc.Server (Server.java:run(1567)) - Stopping IPC Server Responder
2024-02-27 07:54:49,215 [IPC Server listener on 15266] INFO  ipc.Server (Server.java:run(1434)) - Stopping IPC Server listener on 15266
2024-02-27 07:54:49,215 [main] INFO  ratis.OzoneManagerRatisServer (OzoneManagerRatisServer.java:stop(594)) - Stopping org.apache.hadoop.ozone.om.ratis.OzoneManagerRatisServer@42940e44 at port 15269
2024-02-27 07:54:49,216 [main] INFO  server.RaftServer (RaftServerProxy.java:lambda$close$9(416)) - omNode-2: close
2024-02-27 07:54:49,217 [main] INFO  server.GrpcService (GrpcService.java:closeImpl(311)) - omNode-2: shutdown server GrpcServerProtocolService now
2024-02-27 07:54:49,217 [omNode-2-impl-thread2] INFO  server.RaftServer$Division (RaftServerImpl.java:lambda$close$3(526)) - omNode-2@group-523986131536: shutdown
2024-02-27 07:54:49,217 [omNode-2-impl-thread2] INFO  util.JmxRegister (JmxRegister.java:unregister(73)) - Successfully un-registered JMX Bean with object name Ratis:service=RaftServer,group=group-523986131536,id=omNode-2
2024-02-27 07:54:49,218 [omNode-2-impl-thread2] INFO  impl.RoleInfo (RoleInfo.java:shutdownFollowerState(110)) - omNode-2: shutdown omNode-2@group-523986131536-FollowerState
2024-02-27 07:54:49,218 [omNode-2-impl-thread2] INFO  impl.StateMachineUpdater (StateMachineUpdater.java:stopAndJoin(157)) - omNode-2@group-523986131536-StateMachineUpdater: set stopIndex = 52
2024-02-27 07:54:49,218 [omNode-2@group-523986131536-StateMachineUpdater] INFO  ratis.OzoneManagerStateMachine (OzoneManagerStateMachine.java:takeSnapshotImpl(469)) -  applied = (t:1, i:51)
2024-02-27 07:54:49,218 [omNode-2@group-523986131536-StateMachineUpdater] INFO  ratis.OzoneManagerStateMachine (OzoneManagerStateMachine.java:takeSnapshotImpl(470)) -  skipped = 51
2024-02-27 07:54:49,218 [omNode-2@group-523986131536-StateMachineUpdater] INFO  ratis.OzoneManagerStateMachine (OzoneManagerStateMachine.java:takeSnapshotImpl(471)) - notified = (t:1, i:52)
2024-02-27 07:54:49,218 [omNode-2@group-523986131536-StateMachineUpdater] INFO  ratis.OzoneManagerStateMachine (OzoneManagerStateMachine.java:takeSnapshotImpl(472)) - snapshot = (t:1, i:52)
2024-02-27 07:54:49,218 [omNode-2@group-523986131536-FollowerState] INFO  impl.FollowerState (FollowerState.java:run(152)) - omNode-2@group-523986131536-FollowerState was interrupted
2024-02-27 07:54:49,219 [Thread-11506] INFO  server.GrpcServerProtocolClient (GrpcServerProtocolClient.java:close(103)) - omNode-1 Close channels
2024-02-27 07:54:49,219 [Thread-11505] INFO  server.GrpcServerProtocolClient (GrpcServerProtocolClient.java:close(103)) - omNode-3 Close channels
2024-02-27 07:54:49,220 [main] INFO  server.GrpcService (GrpcService.java:closeImpl(320)) - omNode-2: shutdown server GrpcServerProtocolService successfully
2024-02-27 07:54:49,223 [omNode-2@group-523986131536-StateMachineUpdater] INFO  impl.StateMachineUpdater (StateMachineUpdater.java:takeSnapshot(295)) - omNode-2@group-523986131536-StateMachineUpdater: Took a snapshot at index 52
2024-02-27 07:54:49,223 [omNode-2@group-523986131536-StateMachineUpdater] INFO  impl.StateMachineUpdater (StateMachineUpdater.java:lambda$new$0(98)) - omNode-2@group-523986131536-StateMachineUpdater: snapshotIndex: updateIncreasingly 50 -> 52
2024-02-27 07:54:49,223 [omNode-2@group-523986131536-StateMachineUpdater] INFO  ratis.OzoneManagerStateMachine (OzoneManagerStateMachine.java:close(515)) - Stopping OzoneManagerStateMachine:omNode-2:group-523986131536.
2024-02-27 07:54:49,223 [omNode-2@group-523986131536-StateMachineUpdater] INFO  ratis.OzoneManagerDoubleBuffer (OzoneManagerDoubleBuffer.java:stopDaemon(514)) - Stopping OMDoubleBuffer flush thread
2024-02-27 07:54:49,223 [omNode-2-OMDoubleBufferFlushThread] INFO  ratis.OzoneManagerDoubleBuffer (OzoneManagerDoubleBuffer.java:canFlush(578)) - OMDoubleBuffer flush thread omNode-2-OMDoubleBufferFlushThread is interrupted and will exit.
2024-02-27 07:54:49,227 [omNode-2-impl-thread2] INFO  server.RaftServer$Division (ServerState.java:close(427)) - omNode-2@group-523986131536: applyIndex: 51
2024-02-27 07:54:49,227 [omNode-2@group-523986131536-cacheEviction-AwaitToRun] INFO  util.AwaitToRun (AwaitToRun.java:run(49)) - omNode-2@group-523986131536-cacheEviction-AwaitToRun-AwaitForSignal is interrupted
2024-02-27 07:54:50,202 [omNode-2-impl-thread2] INFO  segmented.SegmentedRaftLogWorker (SegmentedRaftLogWorker.java:close(245)) - omNode-2@group-523986131536-SegmentedRaftLogWorker close()
2024-02-27 07:54:50,203 [JvmPauseMonitor71] INFO  util.JvmPauseMonitor (JvmPauseMonitor.java:run(152)) - JvmPauseMonitor-omNode-2: Stopped
2024-02-27 07:54:50,203 [main] INFO  utils.BackgroundService (BackgroundService.java:shutdown(160)) - Shutting down service KeyDeletingService
2024-02-27 07:54:50,204 [main] INFO  utils.BackgroundService (BackgroundService.java:shutdown(160)) - Shutting down service DirectoryDeletingService
2024-02-27 07:54:50,204 [main] INFO  utils.BackgroundService (BackgroundService.java:shutdown(160)) - Shutting down service OpenKeyCleanupService
2024-02-27 07:54:50,204 [main] INFO  utils.BackgroundService (BackgroundService.java:shutdown(160)) - Shutting down service SstFilteringService
2024-02-27 07:54:50,204 [main] INFO  utils.BackgroundService (BackgroundService.java:shutdown(160)) - Shutting down service SnapshotDeletingService
2024-02-27 07:54:50,204 [main] INFO  utils.BackgroundService (BackgroundService.java:shutdown(160)) - Shutting down service MultipartUploadCleanupService
2024-02-27 07:54:50,205 [main] INFO  utils.BackgroundService (BackgroundService.java:shutdown(160)) - Shutting down service SnapshotDirectoryCleaningService
2024-02-27 07:54:50,205 [main] INFO  handler.ContextHandler (ContextHandler.java:doStop(1159)) - Stopped o.e.j.w.WebAppContext@6a6fa8e7{ozoneManager,/,null,STOPPED}{file:/home/runner/work/ozone/ozone/hadoop-ozone/integration-test/target/test-classes/webapps/ozoneManager}
2024-02-27 07:54:50,206 [main] INFO  server.AbstractConnector (AbstractConnector.java:doStop(383)) - Stopped ServerConnector@2572728b{HTTP/1.1, (http/1.1)}{0.0.0.0:15267}
2024-02-27 07:54:50,206 [main] INFO  server.session (HouseKeeper.java:stopScavenging(149)) - node0 Stopped scavenging
2024-02-27 07:54:50,206 [main] INFO  handler.ContextHandler (ContextHandler.java:doStop(1159)) - Stopped o.e.j.s.ServletContextHandler@687b889f{static,/static,file:///home/runner/work/ozone/ozone/hadoop-ozone/integration-test/target/test-classes/webapps/static,STOPPED}
2024-02-27 07:54:50,206 [main] INFO  handler.ContextHandler (ContextHandler.java:doStop(1159)) - Stopped o.e.j.s.ServletContextHandler@3bde931c{logs,/logs,file:///home/runner/work/ozone/ozone/hadoop-ozone/integration-test/target/log,STOPPED}
2024-02-27 07:54:50,213 [main] INFO  rocksdiff.RocksDBCheckpointDiffer (RocksDBCheckpointDiffer.java:close(310)) - Shutting down CompactionDagPruningService.
2024-02-27 07:54:50,214 [main] INFO  snapshot.SnapshotDiffManager (SnapshotDiffManager.java:closeExecutorService(1657)) - Shutting down executorService: 'SnapDiffExecutor'
2024-02-27 07:54:50,214 [main] INFO  utils.BackgroundService (BackgroundService.java:shutdown(160)) - Shutting down service SnapshotDiffCleanupService
2024-02-27 07:54:50,215 [main] INFO  om.OzoneManager (OzoneManager.java:restart(1710)) - OzoneManager RPC server is listening at localhost/127.0.0.1:15270
2024-02-27 07:54:50,215 [main] INFO  impl.MetricsSystemImpl (MetricsSystemImpl.java:init(158)) - OzoneManager metrics system started (again)
2024-02-27 07:54:50,224 [main] WARN  server.ServerUtils (ServerUtils.java:getDBPath(299)) - ozone.om.db.dirs is not configured. We recommend adding this setting. Falling back to ozone.metadata.dirs instead.
2024-02-27 07:54:50,224 [main] INFO  helpers.OmKeyInfo (OmKeyInfo.java:getCodec(71)) - OmKeyInfo.getCodec ignorePipeline = true
2024-02-27 07:54:50,263 [main] INFO  om.OzoneManager (OzoneManager.java:instantiateServices(804)) - S3 Multi-Tenancy is disabled
2024-02-27 07:54:50,264 [main] INFO  om.OmSnapshotManager (OmSnapshotManager.java:<init>(177)) - Ozone filesystem snapshot feature is enabled.
2024-02-27 07:54:50,264 [main] WARN  server.ServerUtils (ServerUtils.java:getDBPath(299)) - ozone.om.snapshot.diff.db.dir is not configured. We recommend adding this setting. Falling back to ozone.metadata.dirs instead.
2024-02-27 07:54:50,273 [main] INFO  utils.NativeLibraryLoader (NativeLibraryLoader.java:loadLibrary(108)) - Loading Library: ozone_rocksdb_tools
2024-02-27 07:54:50,273 [main] ERROR snapshot.SnapshotDiffManager (SnapshotDiffManager.java:initNativeLibraryForEfficientDiff(287)) - Native Library for raw sst file reading loading failed.
org.apache.hadoop.hdds.utils.NativeLibraryNotLoadedException: Unable to load library ozone_rocksdb_tools from both java.library.path & resource file libozone_rocksdb_tools.so from jar.
	at org.apache.hadoop.hdds.utils.db.managed.ManagedRawSSTFileReader.loadLibrary(ManagedRawSSTFileReader.java:38)
	at org.apache.hadoop.ozone.om.snapshot.SnapshotDiffManager.initNativeLibraryForEfficientDiff(SnapshotDiffManager.java:285)
	at org.apache.hadoop.ozone.om.snapshot.SnapshotDiffManager.<init>(SnapshotDiffManager.java:259)
	at org.apache.hadoop.ozone.om.OmSnapshotManager.<init>(OmSnapshotManager.java:279)
	at org.apache.hadoop.ozone.om.OzoneManager.instantiateServices(OzoneManager.java:856)
	at org.apache.hadoop.ozone.om.OzoneManager.restart(OzoneManager.java:1715)
	at org.apache.hadoop.ozone.MiniOzoneHAClusterImpl.restartOzoneManager(MiniOzoneHAClusterImpl.java:211)
	at org.apache.hadoop.ozone.om.TestOzoneManagerPrepare.resetCluster(TestOzoneManagerPrepare.java:113)
	at sun.reflect.NativeMethodAccessorImpl.invoke0(Native Method)
	at sun.reflect.NativeMethodAccessorImpl.invoke(NativeMethodAccessorImpl.java:62)
	at sun.reflect.DelegatingMethodAccessorImpl.invoke(DelegatingMethodAccessorImpl.java:43)
	at java.lang.reflect.Method.invoke(Method.java:498)
	at org.junit.platform.commons.util.ReflectionUtils.invokeMethod(ReflectionUtils.java:728)
	at org.junit.jupiter.engine.execution.MethodInvocation.proceed(MethodInvocation.java:60)
	at org.junit.jupiter.engine.execution.InvocationInterceptorChain$ValidatingInvocation.proceed(InvocationInterceptorChain.java:131)
	at org.junit.jupiter.engine.extension.TimeoutExtension.intercept(TimeoutExtension.java:156)
	at org.junit.jupiter.engine.extension.TimeoutExtension.interceptLifecycleMethod(TimeoutExtension.java:128)
	at org.junit.jupiter.engine.extension.TimeoutExtension.interceptAfterEachMethod(TimeoutExtension.java:110)
	at org.junit.jupiter.engine.execution.InterceptingExecutableInvoker$ReflectiveInterceptorCall.lambda$ofVoidMethod$0(InterceptingExecutableInvoker.java:103)
	at org.junit.jupiter.engine.execution.InterceptingExecutableInvoker.lambda$invoke$0(InterceptingExecutableInvoker.java:93)
	at org.junit.jupiter.engine.execution.InvocationInterceptorChain$InterceptedInvocation.proceed(InvocationInterceptorChain.java:106)
	at org.junit.jupiter.engine.execution.InvocationInterceptorChain.proceed(InvocationInterceptorChain.java:64)
	at org.junit.jupiter.engine.execution.InvocationInterceptorChain.chainAndInvoke(InvocationInterceptorChain.java:45)
	at org.junit.jupiter.engine.execution.InvocationInterceptorChain.invoke(InvocationInterceptorChain.java:37)
	at org.junit.jupiter.engine.execution.InterceptingExecutableInvoker.invoke(InterceptingExecutableInvoker.java:92)
	at org.junit.jupiter.engine.execution.InterceptingExecutableInvoker.invoke(InterceptingExecutableInvoker.java:86)
	at org.junit.jupiter.engine.descriptor.ClassBasedTestDescriptor.invokeMethodInExtensionContext(ClassBasedTestDescriptor.java:521)
	at org.junit.jupiter.engine.descriptor.ClassBasedTestDescriptor.lambda$synthesizeAfterEachMethodAdapter$24(ClassBasedTestDescriptor.java:511)
	at org.junit.jupiter.engine.descriptor.TestMethodTestDescriptor.lambda$invokeAfterEachMethods$10(TestMethodTestDescriptor.java:244)
	at org.junit.jupiter.engine.descriptor.TestMethodTestDescriptor.lambda$invokeAllAfterMethodsOrCallbacks$13(TestMethodTestDescriptor.java:277)
	at org.junit.platform.engine.support.hierarchical.ThrowableCollector.execute(ThrowableCollector.java:73)
	at org.junit.jupiter.engine.descriptor.TestMethodTestDescriptor.lambda$invokeAllAfterMethodsOrCallbacks$14(TestMethodTestDescriptor.java:277)
	at org.junit.platform.commons.util.CollectionUtils.forEachInReverseOrder(CollectionUtils.java:217)
	at org.junit.jupiter.engine.descriptor.TestMethodTestDescriptor.invokeAllAfterMethodsOrCallbacks(TestMethodTestDescriptor.java:276)
	at org.junit.jupiter.engine.descriptor.TestMethodTestDescriptor.invokeAfterEachMethods(TestMethodTestDescriptor.java:242)
	at org.junit.jupiter.engine.descriptor.TestMethodTestDescriptor.execute(TestMethodTestDescriptor.java:143)
	at org.junit.jupiter.engine.descriptor.TestMethodTestDescriptor.execute(TestMethodTestDescriptor.java:69)
	at org.junit.platform.engine.support.hierarchical.NodeTestTask.lambda$executeRecursively$6(NodeTestTask.java:151)
	at org.junit.platform.engine.support.hierarchical.ThrowableCollector.execute(ThrowableCollector.java:73)
	at org.junit.platform.engine.support.hierarchical.NodeTestTask.lambda$executeRecursively$8(NodeTestTask.java:141)
	at org.junit.platform.engine.support.hierarchical.Node.around(Node.java:137)
	at org.junit.platform.engine.support.hierarchical.NodeTestTask.lambda$executeRecursively$9(NodeTestTask.java:139)
	at org.junit.platform.engine.support.hierarchical.ThrowableCollector.execute(ThrowableCollector.java:73)
	at org.junit.platform.engine.support.hierarchical.NodeTestTask.executeRecursively(NodeTestTask.java:138)
	at org.junit.platform.engine.support.hierarchical.NodeTestTask.execute(NodeTestTask.java:95)
	at java.util.ArrayList.forEach(ArrayList.java:1259)
	at org.junit.platform.engine.support.hierarchical.SameThreadHierarchicalTestExecutorService.invokeAll(SameThreadHierarchicalTestExecutorService.java:41)
	at org.junit.platform.engine.support.hierarchical.NodeTestTask.lambda$executeRecursively$6(NodeTestTask.java:155)
	at org.junit.platform.engine.support.hierarchical.ThrowableCollector.execute(ThrowableCollector.java:73)
	at org.junit.platform.engine.support.hierarchical.NodeTestTask.lambda$executeRecursively$8(NodeTestTask.java:141)
	at org.junit.platform.engine.support.hierarchical.Node.around(Node.java:137)
	at org.junit.platform.engine.support.hierarchical.NodeTestTask.lambda$executeRecursively$9(NodeTestTask.java:139)
	at org.junit.platform.engine.support.hierarchical.ThrowableCollector.execute(ThrowableCollector.java:73)
	at org.junit.platform.engine.support.hierarchical.NodeTestTask.executeRecursively(NodeTestTask.java:138)
	at org.junit.platform.engine.support.hierarchical.NodeTestTask.execute(NodeTestTask.java:95)
	at java.util.ArrayList.forEach(ArrayList.java:1259)
	at org.junit.platform.engine.support.hierarchical.SameThreadHierarchicalTestExecutorService.invokeAll(SameThreadHierarchicalTestExecutorService.java:41)
	at org.junit.platform.engine.support.hierarchical.NodeTestTask.lambda$executeRecursively$6(NodeTestTask.java:155)
	at org.junit.platform.engine.support.hierarchical.ThrowableCollector.execute(ThrowableCollector.java:73)
	at org.junit.platform.engine.support.hierarchical.NodeTestTask.lambda$executeRecursively$8(NodeTestTask.java:141)
	at org.junit.platform.engine.support.hierarchical.Node.around(Node.java:137)
	at org.junit.platform.engine.support.hierarchical.NodeTestTask.lambda$executeRecursively$9(NodeTestTask.java:139)
	at org.junit.platform.engine.support.hierarchical.ThrowableCollector.execute(ThrowableCollector.java:73)
	at org.junit.platform.engine.support.hierarchical.NodeTestTask.executeRecursively(NodeTestTask.java:138)
	at org.junit.platform.engine.support.hierarchical.NodeTestTask.execute(NodeTestTask.java:95)
	at org.junit.platform.engine.support.hierarchical.SameThreadHierarchicalTestExecutorService.submit(SameThreadHierarchicalTestExecutorService.java:35)
	at org.junit.platform.engine.support.hierarchical.HierarchicalTestExecutor.execute(HierarchicalTestExecutor.java:57)
	at org.junit.platform.engine.support.hierarchical.HierarchicalTestEngine.execute(HierarchicalTestEngine.java:54)
	at org.junit.platform.launcher.core.EngineExecutionOrchestrator.execute(EngineExecutionOrchestrator.java:198)
	at org.junit.platform.launcher.core.EngineExecutionOrchestrator.execute(EngineExecutionOrchestrator.java:169)
	at org.junit.platform.launcher.core.EngineExecutionOrchestrator.execute(EngineExecutionOrchestrator.java:93)
	at org.junit.platform.launcher.core.EngineExecutionOrchestrator.lambda$execute$0(EngineExecutionOrchestrator.java:58)
	at org.junit.platform.launcher.core.EngineExecutionOrchestrator.withInterceptedStreams(EngineExecutionOrchestrator.java:141)
	at org.junit.platform.launcher.core.EngineExecutionOrchestrator.execute(EngineExecutionOrchestrator.java:57)
	at org.junit.platform.launcher.core.DefaultLauncher.execute(DefaultLauncher.java:103)
	at org.junit.platform.launcher.core.DefaultLauncher.execute(DefaultLauncher.java:85)
	at org.junit.platform.launcher.core.DelegatingLauncher.execute(DelegatingLauncher.java:47)
	at org.junit.platform.launcher.core.SessionPerRequestLauncher.execute(SessionPerRequestLauncher.java:63)
	at org.apache.maven.surefire.junitplatform.JUnitPlatformProvider.invokeAllTests(JUnitPlatformProvider.java:165)
	at org.apache.maven.surefire.junitplatform.JUnitPlatformProvider.invoke(JUnitPlatformProvider.java:124)
	at org.apache.maven.surefire.booter.ForkedBooter.runSuitesInProcess(ForkedBooter.java:428)
	at org.apache.maven.surefire.booter.ForkedBooter.execute(ForkedBooter.java:162)
	at org.apache.maven.surefire.booter.ForkedBooter.run(ForkedBooter.java:562)
	at org.apache.maven.surefire.booter.ForkedBooter.main(ForkedBooter.java:548)
2024-02-27 07:54:50,275 [main] WARN  om.OzoneManager (OzoneManager.java:instantiatePrepareStateOnStartup(4510)) - Prepare marker file index 52 does not match DB prepare index 51. Writing DB index to prepare file and maintaining prepared state.
2024-02-27 07:54:50,275 [main] INFO  om.OzoneManagerPrepareState (OzoneManagerPrepareState.java:writePrepareMarkerFile(262)) - Prepare marker file written with log index 51 to file /home/runner/work/ozone/ozone/hadoop-ozone/integration-test/target/test-dir/MiniOzoneClusterImpl-bc2c81e0-d964-4a8e-97ca-887e98ec88c8/omNode-3/current/prepareMarker
2024-02-27 07:54:50,277 [main] WARN  server.ServerUtils (ServerUtils.java:getDefaultRatisDirectory(311)) - Storage directory for Ratis is not configured. It is a good idea to map this to an SSD disk. Falling back to ozone.metadata.dirs
2024-02-27 07:54:50,278 [main] INFO  ratis.OzoneManagerRatisServer (OzoneManagerRatisServer.java:<init>(167)) - Instantiating OM Ratis server with groupID: om-service-test1 and peers: localhost:15273, localhost:15265, localhost:15269
2024-02-27 07:54:50,279 [main] INFO  ratis.OzoneManagerStateMachine (OzoneManagerStateMachine.java:loadSnapshotInfoFromDB(574)) - LastAppliedIndex is set from TransactionInfo from OM DB as (t:1, i:52)
2024-02-27 07:54:50,279 [main] INFO  server.RaftServer (ConfUtils.java:logGet(46)) - raft.rpc.type = GRPC (default)
2024-02-27 07:54:50,279 [main] INFO  grpc.GrpcConfigKeys (ConfUtils.java:logFallback(53)) - raft.grpc.admin.host = null (fallback to raft.grpc.server.host)
2024-02-27 07:54:50,279 [main] INFO  grpc.GrpcConfigKeys (ConfUtils.java:logFallback(53)) - raft.grpc.admin.port = 15273 (fallback to raft.grpc.server.port)
2024-02-27 07:54:50,279 [main] INFO  grpc.GrpcConfigKeys (ConfUtils.java:logFallback(53)) - raft.grpc.client.host = null (fallback to raft.grpc.server.host)
2024-02-27 07:54:50,279 [main] INFO  grpc.GrpcConfigKeys (ConfUtils.java:logFallback(53)) - raft.grpc.client.port = 15273 (fallback to raft.grpc.server.port)
2024-02-27 07:54:50,280 [main] INFO  grpc.GrpcConfigKeys (ConfUtils.java:logGet(46)) - raft.grpc.server.host = null (default)
2024-02-27 07:54:50,280 [main] INFO  grpc.GrpcConfigKeys (ConfUtils.java:logGet(46)) - raft.grpc.server.port = 15273 (custom)
2024-02-27 07:54:50,280 [main] INFO  server.GrpcService (ConfUtils.java:logGet(46)) - raft.grpc.message.size.max = 4194304 (custom)
2024-02-27 07:54:50,280 [main] INFO  server.RaftServerConfigKeys (ConfUtils.java:logGet(46)) - raft.server.log.appender.buffer.byte-limit = 4194304 (custom)
2024-02-27 07:54:50,280 [main] INFO  server.GrpcService (ConfUtils.java:logGet(46)) - raft.grpc.flow.control.window = 1MB (=1048576) (default)
2024-02-27 07:54:50,280 [main] INFO  server.RaftServerConfigKeys (ConfUtils.java:logGet(46)) - raft.server.rpc.request.timeout = 3000ms (default)
2024-02-27 07:54:50,280 [main] INFO  grpc.GrpcConfigKeys (ConfUtils.java:logGet(46)) - raft.grpc.server.heartbeat.channel = true (default)
2024-02-27 07:54:50,280 [main] INFO  grpc.GrpcConfigKeys (ConfUtils.java:logGet(46)) - raft.grpc.server.async.request.thread.pool.cached = true (default)
2024-02-27 07:54:50,281 [main] INFO  grpc.GrpcConfigKeys (ConfUtils.java:logGet(46)) - raft.grpc.server.async.request.thread.pool.size = 32 (default)
2024-02-27 07:54:50,282 [main] INFO  impl.DataStreamServerImpl (ConfUtils.java:logGet(46)) - raft.datastream.type = DISABLED (default)
2024-02-27 07:54:50,282 [main] INFO  server.RaftServerConfigKeys (ConfUtils.java:logGet(46)) - raft.server.sleep.deviation.threshold = 300ms (default)
2024-02-27 07:54:50,282 [main] INFO  server.RaftServerConfigKeys (ConfUtils.java:logGet(46)) - raft.server.close.threshold = 60s (default)
2024-02-27 07:54:50,282 [main] INFO  server.RaftServerConfigKeys (ConfUtils.java:logGet(46)) - raft.server.leaderelection.leader.step-down.wait-time = 10s (default)
2024-02-27 07:54:50,282 [main] INFO  server.RaftServerConfigKeys (ConfUtils.java:logGet(46)) - raft.server.storage.dir = [/home/runner/work/ozone/ozone/hadoop-ozone/integration-test/target/test-dir/MiniOzoneClusterImpl-bc2c81e0-d964-4a8e-97ca-887e98ec88c8/omNode-3/ratis] (custom)
2024-02-27 07:54:50,282 [main] INFO  server.RaftServerConfigKeys (ConfUtils.java:logGet(46)) - raft.server.threadpool.proxy.cached = true (default)
2024-02-27 07:54:50,282 [main] INFO  server.RaftServerConfigKeys (ConfUtils.java:logGet(46)) - raft.server.threadpool.proxy.size = 0 (default)
2024-02-27 07:54:50,283 [omNode-3-impl-thread1] INFO  server.RaftServer (RaftServerProxy.java:initGroupDir(264)) - omNode-3: found a subdirectory /home/runner/work/ozone/ozone/hadoop-ozone/integration-test/target/test-dir/MiniOzoneClusterImpl-bc2c81e0-d964-4a8e-97ca-887e98ec88c8/omNode-3/ratis/c9bc4cf4-3bc3-3c60-a66b-523986131536
2024-02-27 07:54:50,283 [main] INFO  server.RaftServer (RaftServerProxy.java:addNew(100)) - omNode-3: addNew group-523986131536:[omNode-3|localhost:15273, omNode-1|localhost:15265, omNode-2|localhost:15269] returns group-523986131536:java.util.concurrent.CompletableFuture@47300c3e[Not completed]
2024-02-27 07:54:50,283 [omNode-3-groupManagement] INFO  server.RaftServer$Division (RaftServerImpl.java:<init>(256)) - omNode-3: new RaftServerImpl for group-523986131536:[omNode-3|localhost:15273, omNode-1|localhost:15265, omNode-2|localhost:15269] with OzoneManagerStateMachine:uninitialized
2024-02-27 07:54:50,283 [main] INFO  om.OzoneManager (OzoneManager.java:initializeRatisServer(2140)) - OzoneManager Ratis server initialized at port 15273
2024-02-27 07:54:50,283 [main] INFO  ratis.OzoneManagerRatisServer (OzoneManagerRatisServer.java:start(588)) - Starting OzoneManagerRatisServer omNode-3 at port 15273
2024-02-27 07:54:50,283 [omNode-3-groupManagement] INFO  server.RaftServerConfigKeys (ConfUtils.java:logGet(46)) - raft.server.rpc.timeout.min = 1s (custom)
2024-02-27 07:54:50,283 [omNode-3-groupManagement] INFO  server.RaftServerConfigKeys (ConfUtils.java:logGet(46)) - raft.server.rpc.timeout.max = 1200ms (custom)
2024-02-27 07:54:50,283 [omNode-3-groupManagement] INFO  server.RaftServerConfigKeys (ConfUtils.java:logGet(46)) - raft.server.rpc.sleep.time = 25ms (default)
2024-02-27 07:54:50,284 [omNode-3-groupManagement] INFO  server.RaftServerConfigKeys (ConfUtils.java:logGet(46)) - raft.server.rpc.slowness.timeout = 2s (custom)
2024-02-27 07:54:50,284 [omNode-3-groupManagement] INFO  server.RaftServerConfigKeys (ConfUtils.java:logGet(46)) - raft.server.leaderelection.leader.step-down.wait-time = 10s (default)
2024-02-27 07:54:50,284 [omNode-3-groupManagement] INFO  server.RaftServerConfigKeys (ConfUtils.java:logGet(46)) - raft.server.leaderelection.member.majority-add = false (default)
2024-02-27 07:54:50,284 [omNode-3-groupManagement] INFO  server.RaftServerConfigKeys (ConfUtils.java:logGet(46)) - raft.server.sleep.deviation.threshold = 300ms (default)
2024-02-27 07:54:50,284 [omNode-3-groupManagement] INFO  server.RaftServer$Division (ServerState.java:<init>(113)) - omNode-3@group-523986131536: ConfigurationManager, init=-1: peers:[omNode-3|localhost:15273, omNode-1|localhost:15265, omNode-2|localhost:15269]|listeners:[], old=null, confs=<EMPTY_MAP>
2024-02-27 07:54:50,284 [omNode-3-groupManagement] INFO  server.RaftServerConfigKeys (ConfUtils.java:logGet(46)) - raft.server.notification.no-leader.timeout = 2s (custom)
2024-02-27 07:54:50,284 [omNode-3-groupManagement] INFO  server.RaftServerConfigKeys (ConfUtils.java:logGet(46)) - raft.server.read.timeout = 10s (default)
2024-02-27 07:54:50,284 [omNode-3-groupManagement] INFO  server.RaftServerConfigKeys (ConfUtils.java:logGet(46)) - raft.server.retrycache.expirytime = 30000ms (custom)
2024-02-27 07:54:50,284 [omNode-3-groupManagement] INFO  server.RaftServerConfigKeys (ConfUtils.java:logGet(46)) - raft.server.retrycache.statistics.expirytime = 100ms (default)
2024-02-27 07:54:50,284 [omNode-3-groupManagement] INFO  server.RaftServerConfigKeys (ConfUtils.java:logGet(46)) - raft.server.read.option = DEFAULT (default)
2024-02-27 07:54:50,284 [omNode-3-groupManagement] INFO  server.RaftServerConfigKeys (ConfUtils.java:logGet(46)) - raft.server.read.read-after-write-consistent.write-index-cache.expiry-time = 60s (default)
2024-02-27 07:54:50,285 [omNode-3-groupManagement] INFO  server.RaftServerConfigKeys (ConfUtils.java:logGet(46)) - raft.server.rpc.request.timeout = 3000ms (default)
2024-02-27 07:54:50,285 [omNode-3-groupManagement] INFO  server.RaftServerConfigKeys (ConfUtils.java:logGet(46)) - raft.server.log.appender.install.snapshot.enabled = false (custom)
2024-02-27 07:54:50,285 [omNode-3-groupManagement] INFO  server.RaftServerConfigKeys (ConfUtils.java:logGet(46)) - raft.server.threadpool.server.cached = true (default)
2024-02-27 07:54:50,285 [omNode-3-groupManagement] INFO  server.RaftServerConfigKeys (ConfUtils.java:logGet(46)) - raft.server.threadpool.server.size = 0 (default)
2024-02-27 07:54:50,285 [omNode-3-groupManagement] INFO  server.RaftServerConfigKeys (ConfUtils.java:logGet(46)) - raft.server.threadpool.client.cached = true (default)
2024-02-27 07:54:50,285 [omNode-3-groupManagement] INFO  server.RaftServerConfigKeys (ConfUtils.java:logGet(46)) - raft.server.threadpool.client.size = 0 (default)
2024-02-27 07:54:50,287 [omNode-3-impl-thread1] INFO  server.RaftServerConfigKeys (ConfUtils.java:logGet(46)) - raft.server.storage.free-space.min = 0MB (=0) (default)
2024-02-27 07:54:50,288 [omNode-3-impl-thread1] INFO  server.RaftServerConfigKeys (ConfUtils.java:logGet(46)) - raft.server.log.corruption.policy = EXCEPTION (default)
2024-02-27 07:54:50,288 [omNode-3-impl-thread1] INFO  server.RaftServerConfigKeys (ConfUtils.java:logGet(46)) - raft.server.storage.dir = [/home/runner/work/ozone/ozone/hadoop-ozone/integration-test/target/test-dir/MiniOzoneClusterImpl-bc2c81e0-d964-4a8e-97ca-887e98ec88c8/omNode-3/ratis] (custom)
2024-02-27 07:54:50,288 [omNode-3-impl-thread1] INFO  storage.RaftStorageDirectory (RaftStorageDirectoryImpl.java:tryLock(228)) - Lock on /home/runner/work/ozone/ozone/hadoop-ozone/integration-test/target/test-dir/MiniOzoneClusterImpl-bc2c81e0-d964-4a8e-97ca-887e98ec88c8/omNode-3/ratis/c9bc4cf4-3bc3-3c60-a66b-523986131536/in_use.lock acquired by nodename 40924@fv-az699-61
2024-02-27 07:54:50,288 [omNode-3-impl-thread1] INFO  storage.RaftStorage (RaftStorageImpl.java:analyzeAndRecoverStorage(119)) - Read RaftStorageMetadata{term=1, votedFor=omNode-1} from /home/runner/work/ozone/ozone/hadoop-ozone/integration-test/target/test-dir/MiniOzoneClusterImpl-bc2c81e0-d964-4a8e-97ca-887e98ec88c8/omNode-3/ratis/c9bc4cf4-3bc3-3c60-a66b-523986131536/current/raft-meta
2024-02-27 07:54:50,289 [omNode-3-impl-thread1] INFO  server.RaftServer$Division (ServerState.java:setRaftConf(386)) - omNode-3@group-523986131536: set configuration 0: peers:[omNode-3|localhost:15273, omNode-1|localhost:15265, omNode-2|localhost:15269]|listeners:[], old=null
2024-02-27 07:54:50,290 [omNode-3-impl-thread1] INFO  server.RaftServerConfigKeys (ConfUtils.java:logGet(46)) - raft.server.log.use.memory = false (default)
2024-02-27 07:54:50,290 [omNode-3-impl-thread1] INFO  server.RaftServerConfigKeys (ConfUtils.java:logGet(46)) - raft.server.log.purge.gap = 50 (custom)
2024-02-27 07:54:50,290 [omNode-3-impl-thread1] INFO  server.RaftServerConfigKeys (ConfUtils.java:logGet(46)) - raft.server.log.appender.buffer.byte-limit = 4194304 (custom)
2024-02-27 07:54:50,290 [omNode-3-impl-thread1] INFO  server.RaftServerConfigKeys (ConfUtils.java:logGet(46)) - raft.server.log.statemachine.data.read.timeout = 1000ms (default)
2024-02-27 07:54:50,290 [omNode-3-impl-thread1] INFO  server.RaftServerConfigKeys (ConfUtils.java:logGet(46)) - raft.server.log.purge.preservation.log.num = 0 (default)
2024-02-27 07:54:50,290 [omNode-3-impl-thread1] INFO  server.RaftServerConfigKeys (ConfUtils.java:logGet(46)) - raft.server.log.segment.size.max = 4194304 (custom)
2024-02-27 07:54:50,290 [omNode-3-impl-thread1] INFO  server.RaftServerConfigKeys (ConfUtils.java:logGet(46)) - raft.server.log.segment.cache.num.max = 2 (custom)
2024-02-27 07:54:50,290 [omNode-3-impl-thread1] INFO  server.RaftServerConfigKeys (ConfUtils.java:logGet(46)) - raft.server.log.segment.cache.size.max = 200MB (=209715200) (default)
2024-02-27 07:54:50,291 [omNode-3-impl-thread1] INFO  server.RaftServerConfigKeys (ConfUtils.java:logGet(46)) - raft.server.log.appender.buffer.byte-limit = 4194304 (custom)
2024-02-27 07:54:50,291 [omNode-3-impl-thread1] INFO  util.AwaitToRun (AwaitToRun.java:start(81)) - Thread[omNode-3@group-523986131536-cacheEviction-AwaitToRun,5,main] started
2024-02-27 07:54:50,291 [omNode-3-impl-thread1] INFO  segmented.SegmentedRaftLogWorker (SegmentedRaftLogWorker.java:<init>(182)) - new omNode-3@group-523986131536-SegmentedRaftLogWorker for RaftStorageImpl:Storage Directory /home/runner/work/ozone/ozone/hadoop-ozone/integration-test/target/test-dir/MiniOzoneClusterImpl-bc2c81e0-d964-4a8e-97ca-887e98ec88c8/omNode-3/ratis/c9bc4cf4-3bc3-3c60-a66b-523986131536
2024-02-27 07:54:50,291 [omNode-3-impl-thread1] INFO  server.RaftServerConfigKeys (ConfUtils.java:logGet(46)) - raft.server.log.queue.byte-limit = 64MB (=67108864) (default)
2024-02-27 07:54:50,291 [omNode-3-impl-thread1] INFO  server.RaftServerConfigKeys (ConfUtils.java:logGet(46)) - raft.server.log.queue.element-limit = 4096 (default)
2024-02-27 07:54:50,291 [omNode-3-impl-thread1] INFO  server.RaftServerConfigKeys (ConfUtils.java:logGet(46)) - raft.server.log.segment.size.max = 4194304 (custom)
2024-02-27 07:54:50,291 [omNode-3-impl-thread1] INFO  server.RaftServerConfigKeys (ConfUtils.java:logGet(46)) - raft.server.log.preallocated.size = 4194304 (custom)
2024-02-27 07:54:50,291 [omNode-3-impl-thread1] INFO  server.RaftServerConfigKeys (ConfUtils.java:logGet(46)) - raft.server.log.force.sync.num = 128 (default)
2024-02-27 07:54:50,291 [omNode-3-impl-thread1] INFO  server.RaftServerConfigKeys (ConfUtils.java:logGet(46)) - raft.server.log.statemachine.data.sync = true (default)
2024-02-27 07:54:50,291 [omNode-3-impl-thread1] INFO  server.RaftServerConfigKeys (ConfUtils.java:logGet(46)) - raft.server.log.statemachine.data.sync.timeout = 10s (default)
2024-02-27 07:54:50,291 [omNode-3-impl-thread1] INFO  server.RaftServerConfigKeys (ConfUtils.java:logGet(46)) - raft.server.log.statemachine.data.sync.timeout.retry = -1 (default)
2024-02-27 07:54:50,291 [omNode-3-impl-thread1] INFO  server.RaftServerConfigKeys (ConfUtils.java:logGet(46)) - raft.server.log.write.buffer.size = 4194312 (custom)
2024-02-27 07:54:50,292 [omNode-3-impl-thread1] INFO  server.RaftServerConfigKeys (ConfUtils.java:logGet(46)) - raft.server.log.appender.buffer.byte-limit = 4194304 (custom)
2024-02-27 07:54:50,292 [omNode-3-impl-thread1] INFO  server.RaftServerConfigKeys (ConfUtils.java:logGet(46)) - raft.server.log.unsafe-flush.enabled = false (default)
2024-02-27 07:54:50,292 [omNode-3-impl-thread1] INFO  server.RaftServerConfigKeys (ConfUtils.java:logGet(46)) - raft.server.log.async-flush.enabled = false (default)
2024-02-27 07:54:50,292 [omNode-3-impl-thread1] INFO  server.RaftServerConfigKeys (ConfUtils.java:logGet(46)) - raft.server.log.statemachine.data.caching.enabled = false (default)
2024-02-27 07:54:50,292 [omNode-3-impl-thread1] INFO  segmented.SegmentedRaftLogWorker (SegmentedRaftLogWorker.java:lambda$new$0(134)) - omNode-3@group-523986131536-SegmentedRaftLogWorker: flushIndex: setUnconditionally 0 -> 52
2024-02-27 07:54:50,292 [omNode-3-impl-thread1] INFO  segmented.SegmentedRaftLogWorker (SegmentedRaftLogWorker.java:lambda$new$0(134)) - omNode-3@group-523986131536-SegmentedRaftLogWorker: safeCacheEvictIndex: setUnconditionally 0 -> -1
2024-02-27 07:54:50,293 [omNode-3-impl-thread1] INFO  server.RaftServer$Division (RaftServerImpl.java:start(396)) - omNode-3@group-523986131536: start as a follower, conf=0: peers:[omNode-3|localhost:15273, omNode-1|localhost:15265, omNode-2|localhost:15269]|listeners:[], old=null
2024-02-27 07:54:50,293 [omNode-3-impl-thread1] INFO  server.RaftServer$Division (RaftServerImpl.java:setRole(383)) - omNode-3@group-523986131536: changes role from      null to FOLLOWER at term 1 for startAsFollower
2024-02-27 07:54:50,293 [omNode-3-impl-thread1] INFO  impl.RoleInfo (RoleInfo.java:updateAndGet(139)) - omNode-3: start omNode-3@group-523986131536-FollowerState
2024-02-27 07:54:50,293 [omNode-3-impl-thread1] INFO  util.JmxRegister (JmxRegister.java:tryRegister(44)) - Successfully registered JMX Bean with object name Ratis:service=RaftServer,group=group-523986131536,id=omNode-3
2024-02-27 07:54:50,293 [omNode-3@group-523986131536-FollowerState] INFO  server.RaftServerConfigKeys (ConfUtils.java:logFallback(53)) - raft.server.rpc.first-election.timeout.min = 1s (fallback to raft.server.rpc.timeout.min)
2024-02-27 07:54:50,293 [omNode-3-impl-thread1] INFO  server.RaftServerConfigKeys (ConfUtils.java:logGet(46)) - raft.server.snapshot.trigger-when-stop.enabled = true (default)
2024-02-27 07:54:50,293 [omNode-3@group-523986131536-FollowerState] INFO  server.RaftServerConfigKeys (ConfUtils.java:logFallback(53)) - raft.server.rpc.first-election.timeout.max = 1200ms (fallback to raft.server.rpc.timeout.max)
2024-02-27 07:54:50,293 [omNode-3-impl-thread1] INFO  server.RaftServerConfigKeys (ConfUtils.java:logGet(46)) - raft.server.snapshot.auto.trigger.enabled = true (custom)
2024-02-27 07:54:50,293 [omNode-3-impl-thread1] INFO  server.RaftServerConfigKeys (ConfUtils.java:logGet(46)) - raft.server.snapshot.auto.trigger.threshold = 50 (custom)
2024-02-27 07:54:50,293 [omNode-3-impl-thread1] INFO  server.RaftServerConfigKeys (ConfUtils.java:logGet(46)) - raft.server.snapshot.retention.file.num = -1 (default)
2024-02-27 07:54:50,293 [omNode-3-impl-thread1] INFO  server.RaftServerConfigKeys (ConfUtils.java:logGet(46)) - raft.server.log.purge.upto.snapshot.index = true (custom)
2024-02-27 07:54:50,293 [main] INFO  server.RaftServer (RaftServerProxy.java:startImpl(406)) - omNode-3: start RPC server
2024-02-27 07:54:50,294 [main] INFO  server.GrpcService (GrpcService.java:startImpl(302)) - omNode-3: GrpcService started, listening on 15273
2024-02-27 07:54:50,295 [main] INFO  om.OzoneManager (OzoneManager.java:getRpcServer(1206)) - Creating RPC Server
2024-02-27 07:54:50,295 [JvmPauseMonitor76] INFO  util.JvmPauseMonitor (JvmPauseMonitor.java:run(146)) - JvmPauseMonitor-omNode-3: Started
2024-02-27 07:54:50,468 [main] INFO  ipc.CallQueueManager (CallQueueManager.java:<init>(90)) - Using callQueue: class java.util.concurrent.LinkedBlockingQueue, queueCapacity: 2000, scheduler: class org.apache.hadoop.ipc.DefaultRpcScheduler, ipcBackoff: false.
2024-02-27 07:54:50,469 [main] INFO  ipc.Server (Server.java:<init>(1287)) - Listener at localhost:15270
2024-02-27 07:54:50,469 [Socket Reader #1 for port 15270] INFO  ipc.Server (Server.java:run(1323)) - Starting Socket Reader #1 for port 15270
2024-02-27 07:54:50,471 [main] INFO  http.BaseHttpServer (BaseHttpServer.java:newHttpServer2BuilderForOzone(223)) - Starting Web-server for ozoneManager at: http://0.0.0.0:15271
2024-02-27 07:54:50,471 [main] INFO  http.BaseHttpServer (BaseHttpServer.java:<init>(110)) - Hadoop Security Enabled: false Ozone Security Enabled: false Ozone HTTP Security Enabled: false 
2024-02-27 07:54:50,472 [main] WARN  server.AuthenticationFilter (AuthenticationFilter.java:constructSecretProvider(240)) - Unable to initialize FileSignerSecretProvider, falling back to use random secrets. Reason: Could not read signature secret file: /home/runner/hadoop-http-auth-signature-secret
2024-02-27 07:54:50,473 [main] INFO  http.HttpRequestLog (HttpRequestLog.java:getRequestLog(86)) - Http request log for http.requests.ozoneManager is not defined
2024-02-27 07:54:50,474 [main] INFO  http.HttpServer2 (HttpServer2.java:addGlobalFilter(1036)) - Added global filter 'safety' (class=org.apache.hadoop.hdds.server.http.HttpServer2$QuotingInputFilter)
2024-02-27 07:54:50,475 [main] INFO  http.HttpServer2 (HttpServer2.java:addFilter(1012)) - Added filter static_user_filter (class=org.apache.hadoop.http.lib.StaticUserWebFilter$StaticUserFilter) to context ozoneManager
2024-02-27 07:54:50,475 [main] INFO  http.HttpServer2 (HttpServer2.java:addFilter(1020)) - Added filter static_user_filter (class=org.apache.hadoop.http.lib.StaticUserWebFilter$StaticUserFilter) to context logs
2024-02-27 07:54:50,475 [main] INFO  http.HttpServer2 (HttpServer2.java:addFilter(1020)) - Added filter static_user_filter (class=org.apache.hadoop.http.lib.StaticUserWebFilter$StaticUserFilter) to context static
2024-02-27 07:54:50,475 [main] INFO  http.BaseHttpServer (BaseHttpServer.java:<init>(189)) - HTTP server of ozoneManager uses base directory /home/runner/work/ozone/ozone/hadoop-ozone/integration-test/target/test-dir/MiniOzoneClusterImpl-bc2c81e0-d964-4a8e-97ca-887e98ec88c8/omNode-3/webserver
2024-02-27 07:54:50,476 [main] INFO  http.HttpServer2 (HttpServer2.java:bindListener(1236)) - Jetty bound to port 15271
2024-02-27 07:54:50,476 [main] INFO  server.Server (Server.java:doStart(375)) - jetty-9.4.53.v20231009; built: 2023-10-09T12:29:09.265Z; git: 27bde00a0b95a1d5bbee0eae7984f891d2d0f8c9; jvm 1.8.0_402-b06
2024-02-27 07:54:50,477 [main] INFO  server.session (DefaultSessionIdManager.java:doStart(334)) - DefaultSessionIdManager workerName=node0
2024-02-27 07:54:50,477 [main] INFO  server.session (DefaultSessionIdManager.java:doStart(339)) - No SessionScavenger set, using defaults
2024-02-27 07:54:50,477 [main] INFO  server.session (HouseKeeper.java:startScavenging(132)) - node0 Scavenging every 600000ms
2024-02-27 07:54:50,478 [main] INFO  handler.ContextHandler (ContextHandler.java:doStart(921)) - Started o.e.j.s.ServletContextHandler@36ba0ef3{logs,/logs,file:///home/runner/work/ozone/ozone/hadoop-ozone/integration-test/target/log,AVAILABLE}
2024-02-27 07:54:50,478 [main] INFO  handler.ContextHandler (ContextHandler.java:doStart(921)) - Started o.e.j.s.ServletContextHandler@4c071aee{static,/static,file:///home/runner/work/ozone/ozone/hadoop-ozone/integration-test/target/test-classes/webapps/static,AVAILABLE}
2024-02-27 07:54:50,480 [main] INFO  handler.ContextHandler (ContextHandler.java:doStart(921)) - Started o.e.j.w.WebAppContext@5f953de9{ozoneManager,/,file:///home/runner/work/ozone/ozone/hadoop-ozone/integration-test/target/test-classes/webapps/ozoneManager/,AVAILABLE}{file:/home/runner/work/ozone/ozone/hadoop-ozone/integration-test/target/test-classes/webapps/ozoneManager}
2024-02-27 07:54:50,480 [main] INFO  server.AbstractConnector (AbstractConnector.java:doStart(333)) - Started ServerConnector@e953912{HTTP/1.1, (http/1.1)}{0.0.0.0:15271}
2024-02-27 07:54:50,480 [main] INFO  server.Server (Server.java:doStart(415)) - Started @973188ms
2024-02-27 07:54:50,480 [main] WARN  impl.MetricsSystemImpl (MetricsSystemImpl.java:register(279)) - Sink prometheus already exists!
2024-02-27 07:54:50,481 [main] INFO  http.BaseHttpServer (BaseHttpServer.java:updateConnectorAddress(354)) - HTTP server of ozoneManager listening at http://0.0.0.0:15271
2024-02-27 07:54:50,481 [IPC Server Responder] INFO  ipc.Server (Server.java:run(1562)) - IPC Server Responder: starting
2024-02-27 07:54:50,481 [IPC Server listener on 15270] INFO  ipc.Server (Server.java:run(1402)) - IPC Server listener on 15270: starting
2024-02-27 07:54:50,486 [main] INFO  om.OzoneManager (OzoneManager.java:startTrashEmptier(2093)) - Trash Interval set to 0. Files deleted won't move to trash
2024-02-27 07:54:50,487 [main] INFO  om.OzoneManager (OzoneManager.java:restart(1710)) - OzoneManager RPC server is listening at localhost/127.0.0.1:15262
2024-02-27 07:54:50,487 [main] INFO  impl.MetricsSystemImpl (MetricsSystemImpl.java:init(158)) - OzoneManager metrics system started (again)
2024-02-27 07:54:50,498 [main] WARN  server.ServerUtils (ServerUtils.java:getDBPath(299)) - ozone.om.db.dirs is not configured. We recommend adding this setting. Falling back to ozone.metadata.dirs instead.
2024-02-27 07:54:50,498 [main] INFO  helpers.OmKeyInfo (OmKeyInfo.java:getCodec(71)) - OmKeyInfo.getCodec ignorePipeline = true
2024-02-27 07:54:50,534 [main] INFO  om.OzoneManager (OzoneManager.java:instantiateServices(804)) - S3 Multi-Tenancy is disabled
2024-02-27 07:54:50,535 [main] INFO  om.OmSnapshotManager (OmSnapshotManager.java:<init>(177)) - Ozone filesystem snapshot feature is enabled.
2024-02-27 07:54:50,535 [main] WARN  server.ServerUtils (ServerUtils.java:getDBPath(299)) - ozone.om.snapshot.diff.db.dir is not configured. We recommend adding this setting. Falling back to ozone.metadata.dirs instead.
2024-02-27 07:54:50,543 [main] INFO  utils.NativeLibraryLoader (NativeLibraryLoader.java:loadLibrary(108)) - Loading Library: ozone_rocksdb_tools
2024-02-27 07:54:50,543 [main] ERROR snapshot.SnapshotDiffManager (SnapshotDiffManager.java:initNativeLibraryForEfficientDiff(287)) - Native Library for raw sst file reading loading failed.
org.apache.hadoop.hdds.utils.NativeLibraryNotLoadedException: Unable to load library ozone_rocksdb_tools from both java.library.path & resource file libozone_rocksdb_tools.so from jar.
	at org.apache.hadoop.hdds.utils.db.managed.ManagedRawSSTFileReader.loadLibrary(ManagedRawSSTFileReader.java:38)
	at org.apache.hadoop.ozone.om.snapshot.SnapshotDiffManager.initNativeLibraryForEfficientDiff(SnapshotDiffManager.java:285)
	at org.apache.hadoop.ozone.om.snapshot.SnapshotDiffManager.<init>(SnapshotDiffManager.java:259)
	at org.apache.hadoop.ozone.om.OmSnapshotManager.<init>(OmSnapshotManager.java:279)
	at org.apache.hadoop.ozone.om.OzoneManager.instantiateServices(OzoneManager.java:856)
	at org.apache.hadoop.ozone.om.OzoneManager.restart(OzoneManager.java:1715)
	at org.apache.hadoop.ozone.MiniOzoneHAClusterImpl.restartOzoneManager(MiniOzoneHAClusterImpl.java:211)
	at org.apache.hadoop.ozone.om.TestOzoneManagerPrepare.resetCluster(TestOzoneManagerPrepare.java:113)
	at sun.reflect.NativeMethodAccessorImpl.invoke0(Native Method)
	at sun.reflect.NativeMethodAccessorImpl.invoke(NativeMethodAccessorImpl.java:62)
	at sun.reflect.DelegatingMethodAccessorImpl.invoke(DelegatingMethodAccessorImpl.java:43)
	at java.lang.reflect.Method.invoke(Method.java:498)
	at org.junit.platform.commons.util.ReflectionUtils.invokeMethod(ReflectionUtils.java:728)
	at org.junit.jupiter.engine.execution.MethodInvocation.proceed(MethodInvocation.java:60)
	at org.junit.jupiter.engine.execution.InvocationInterceptorChain$ValidatingInvocation.proceed(InvocationInterceptorChain.java:131)
	at org.junit.jupiter.engine.extension.TimeoutExtension.intercept(TimeoutExtension.java:156)
	at org.junit.jupiter.engine.extension.TimeoutExtension.interceptLifecycleMethod(TimeoutExtension.java:128)
	at org.junit.jupiter.engine.extension.TimeoutExtension.interceptAfterEachMethod(TimeoutExtension.java:110)
	at org.junit.jupiter.engine.execution.InterceptingExecutableInvoker$ReflectiveInterceptorCall.lambda$ofVoidMethod$0(InterceptingExecutableInvoker.java:103)
	at org.junit.jupiter.engine.execution.InterceptingExecutableInvoker.lambda$invoke$0(InterceptingExecutableInvoker.java:93)
	at org.junit.jupiter.engine.execution.InvocationInterceptorChain$InterceptedInvocation.proceed(InvocationInterceptorChain.java:106)
	at org.junit.jupiter.engine.execution.InvocationInterceptorChain.proceed(InvocationInterceptorChain.java:64)
	at org.junit.jupiter.engine.execution.InvocationInterceptorChain.chainAndInvoke(InvocationInterceptorChain.java:45)
	at org.junit.jupiter.engine.execution.InvocationInterceptorChain.invoke(InvocationInterceptorChain.java:37)
	at org.junit.jupiter.engine.execution.InterceptingExecutableInvoker.invoke(InterceptingExecutableInvoker.java:92)
	at org.junit.jupiter.engine.execution.InterceptingExecutableInvoker.invoke(InterceptingExecutableInvoker.java:86)
	at org.junit.jupiter.engine.descriptor.ClassBasedTestDescriptor.invokeMethodInExtensionContext(ClassBasedTestDescriptor.java:521)
	at org.junit.jupiter.engine.descriptor.ClassBasedTestDescriptor.lambda$synthesizeAfterEachMethodAdapter$24(ClassBasedTestDescriptor.java:511)
	at org.junit.jupiter.engine.descriptor.TestMethodTestDescriptor.lambda$invokeAfterEachMethods$10(TestMethodTestDescriptor.java:244)
	at org.junit.jupiter.engine.descriptor.TestMethodTestDescriptor.lambda$invokeAllAfterMethodsOrCallbacks$13(TestMethodTestDescriptor.java:277)
	at org.junit.platform.engine.support.hierarchical.ThrowableCollector.execute(ThrowableCollector.java:73)
	at org.junit.jupiter.engine.descriptor.TestMethodTestDescriptor.lambda$invokeAllAfterMethodsOrCallbacks$14(TestMethodTestDescriptor.java:277)
	at org.junit.platform.commons.util.CollectionUtils.forEachInReverseOrder(CollectionUtils.java:217)
	at org.junit.jupiter.engine.descriptor.TestMethodTestDescriptor.invokeAllAfterMethodsOrCallbacks(TestMethodTestDescriptor.java:276)
	at org.junit.jupiter.engine.descriptor.TestMethodTestDescriptor.invokeAfterEachMethods(TestMethodTestDescriptor.java:242)
	at org.junit.jupiter.engine.descriptor.TestMethodTestDescriptor.execute(TestMethodTestDescriptor.java:143)
	at org.junit.jupiter.engine.descriptor.TestMethodTestDescriptor.execute(TestMethodTestDescriptor.java:69)
	at org.junit.platform.engine.support.hierarchical.NodeTestTask.lambda$executeRecursively$6(NodeTestTask.java:151)
	at org.junit.platform.engine.support.hierarchical.ThrowableCollector.execute(ThrowableCollector.java:73)
	at org.junit.platform.engine.support.hierarchical.NodeTestTask.lambda$executeRecursively$8(NodeTestTask.java:141)
	at org.junit.platform.engine.support.hierarchical.Node.around(Node.java:137)
	at org.junit.platform.engine.support.hierarchical.NodeTestTask.lambda$executeRecursively$9(NodeTestTask.java:139)
	at org.junit.platform.engine.support.hierarchical.ThrowableCollector.execute(ThrowableCollector.java:73)
	at org.junit.platform.engine.support.hierarchical.NodeTestTask.executeRecursively(NodeTestTask.java:138)
	at org.junit.platform.engine.support.hierarchical.NodeTestTask.execute(NodeTestTask.java:95)
	at java.util.ArrayList.forEach(ArrayList.java:1259)
	at org.junit.platform.engine.support.hierarchical.SameThreadHierarchicalTestExecutorService.invokeAll(SameThreadHierarchicalTestExecutorService.java:41)
	at org.junit.platform.engine.support.hierarchical.NodeTestTask.lambda$executeRecursively$6(NodeTestTask.java:155)
	at org.junit.platform.engine.support.hierarchical.ThrowableCollector.execute(ThrowableCollector.java:73)
	at org.junit.platform.engine.support.hierarchical.NodeTestTask.lambda$executeRecursively$8(NodeTestTask.java:141)
	at org.junit.platform.engine.support.hierarchical.Node.around(Node.java:137)
	at org.junit.platform.engine.support.hierarchical.NodeTestTask.lambda$executeRecursively$9(NodeTestTask.java:139)
	at org.junit.platform.engine.support.hierarchical.ThrowableCollector.execute(ThrowableCollector.java:73)
	at org.junit.platform.engine.support.hierarchical.NodeTestTask.executeRecursively(NodeTestTask.java:138)
	at org.junit.platform.engine.support.hierarchical.NodeTestTask.execute(NodeTestTask.java:95)
	at java.util.ArrayList.forEach(ArrayList.java:1259)
	at org.junit.platform.engine.support.hierarchical.SameThreadHierarchicalTestExecutorService.invokeAll(SameThreadHierarchicalTestExecutorService.java:41)
	at org.junit.platform.engine.support.hierarchical.NodeTestTask.lambda$executeRecursively$6(NodeTestTask.java:155)
	at org.junit.platform.engine.support.hierarchical.ThrowableCollector.execute(ThrowableCollector.java:73)
	at org.junit.platform.engine.support.hierarchical.NodeTestTask.lambda$executeRecursively$8(NodeTestTask.java:141)
	at org.junit.platform.engine.support.hierarchical.Node.around(Node.java:137)
	at org.junit.platform.engine.support.hierarchical.NodeTestTask.lambda$executeRecursively$9(NodeTestTask.java:139)
	at org.junit.platform.engine.support.hierarchical.ThrowableCollector.execute(ThrowableCollector.java:73)
	at org.junit.platform.engine.support.hierarchical.NodeTestTask.executeRecursively(NodeTestTask.java:138)
	at org.junit.platform.engine.support.hierarchical.NodeTestTask.execute(NodeTestTask.java:95)
	at org.junit.platform.engine.support.hierarchical.SameThreadHierarchicalTestExecutorService.submit(SameThreadHierarchicalTestExecutorService.java:35)
	at org.junit.platform.engine.support.hierarchical.HierarchicalTestExecutor.execute(HierarchicalTestExecutor.java:57)
	at org.junit.platform.engine.support.hierarchical.HierarchicalTestEngine.execute(HierarchicalTestEngine.java:54)
	at org.junit.platform.launcher.core.EngineExecutionOrchestrator.execute(EngineExecutionOrchestrator.java:198)
	at org.junit.platform.launcher.core.EngineExecutionOrchestrator.execute(EngineExecutionOrchestrator.java:169)
	at org.junit.platform.launcher.core.EngineExecutionOrchestrator.execute(EngineExecutionOrchestrator.java:93)
	at org.junit.platform.launcher.core.EngineExecutionOrchestrator.lambda$execute$0(EngineExecutionOrchestrator.java:58)
	at org.junit.platform.launcher.core.EngineExecutionOrchestrator.withInterceptedStreams(EngineExecutionOrchestrator.java:141)
	at org.junit.platform.launcher.core.EngineExecutionOrchestrator.execute(EngineExecutionOrchestrator.java:57)
	at org.junit.platform.launcher.core.DefaultLauncher.execute(DefaultLauncher.java:103)
	at org.junit.platform.launcher.core.DefaultLauncher.execute(DefaultLauncher.java:85)
	at org.junit.platform.launcher.core.DelegatingLauncher.execute(DelegatingLauncher.java:47)
	at org.junit.platform.launcher.core.SessionPerRequestLauncher.execute(SessionPerRequestLauncher.java:63)
	at org.apache.maven.surefire.junitplatform.JUnitPlatformProvider.invokeAllTests(JUnitPlatformProvider.java:165)
	at org.apache.maven.surefire.junitplatform.JUnitPlatformProvider.invoke(JUnitPlatformProvider.java:124)
	at org.apache.maven.surefire.booter.ForkedBooter.runSuitesInProcess(ForkedBooter.java:428)
	at org.apache.maven.surefire.booter.ForkedBooter.execute(ForkedBooter.java:162)
	at org.apache.maven.surefire.booter.ForkedBooter.run(ForkedBooter.java:562)
	at org.apache.maven.surefire.booter.ForkedBooter.main(ForkedBooter.java:548)
2024-02-27 07:54:50,547 [main] WARN  dropwizard3.Dm3MetricRegistriesImpl (Dm3MetricRegistriesImpl.java:addReporterRegistration(113)) - New reporters are added after registries were created. Some metrics will be missing from the reporter. Please add reporter before adding any new registry.
2024-02-27 07:54:50,547 [main] WARN  dropwizard3.Dm3MetricRegistriesImpl (Dm3MetricRegistriesImpl.java:addReporterRegistration(113)) - New reporters are added after registries were created. Some metrics will be missing from the reporter. Please add reporter before adding any new registry.
2024-02-27 07:54:50,547 [main] WARN  server.ServerUtils (ServerUtils.java:getDefaultRatisDirectory(311)) - Storage directory for Ratis is not configured. It is a good idea to map this to an SSD disk. Falling back to ozone.metadata.dirs
2024-02-27 07:54:50,548 [main] INFO  ratis.OzoneManagerRatisServer (OzoneManagerRatisServer.java:<init>(167)) - Instantiating OM Ratis server with groupID: om-service-test1 and peers: localhost:15265, localhost:15273, localhost:15269
2024-02-27 07:54:50,549 [main] INFO  ratis.OzoneManagerStateMachine (OzoneManagerStateMachine.java:loadSnapshotInfoFromDB(574)) - LastAppliedIndex is set from TransactionInfo from OM DB as (t:1, i:52)
2024-02-27 07:54:50,549 [main] INFO  server.RaftServer (ConfUtils.java:logGet(46)) - raft.rpc.type = GRPC (default)
2024-02-27 07:54:50,549 [main] INFO  grpc.GrpcConfigKeys (ConfUtils.java:logFallback(53)) - raft.grpc.admin.host = null (fallback to raft.grpc.server.host)
2024-02-27 07:54:50,549 [main] INFO  grpc.GrpcConfigKeys (ConfUtils.java:logFallback(53)) - raft.grpc.admin.port = 15265 (fallback to raft.grpc.server.port)
2024-02-27 07:54:50,549 [main] INFO  grpc.GrpcConfigKeys (ConfUtils.java:logFallback(53)) - raft.grpc.client.host = null (fallback to raft.grpc.server.host)
2024-02-27 07:54:50,550 [main] INFO  grpc.GrpcConfigKeys (ConfUtils.java:logFallback(53)) - raft.grpc.client.port = 15265 (fallback to raft.grpc.server.port)
2024-02-27 07:54:50,550 [main] INFO  grpc.GrpcConfigKeys (ConfUtils.java:logGet(46)) - raft.grpc.server.host = null (default)
2024-02-27 07:54:50,550 [main] INFO  grpc.GrpcConfigKeys (ConfUtils.java:logGet(46)) - raft.grpc.server.port = 15265 (custom)
2024-02-27 07:54:50,550 [main] INFO  server.GrpcService (ConfUtils.java:logGet(46)) - raft.grpc.message.size.max = 4194304 (custom)
2024-02-27 07:54:50,550 [main] INFO  server.RaftServerConfigKeys (ConfUtils.java:logGet(46)) - raft.server.log.appender.buffer.byte-limit = 4194304 (custom)
2024-02-27 07:54:50,550 [main] INFO  server.GrpcService (ConfUtils.java:logGet(46)) - raft.grpc.flow.control.window = 1MB (=1048576) (default)
2024-02-27 07:54:50,550 [main] INFO  server.RaftServerConfigKeys (ConfUtils.java:logGet(46)) - raft.server.rpc.request.timeout = 3000ms (default)
2024-02-27 07:54:50,551 [main] INFO  grpc.GrpcConfigKeys (ConfUtils.java:logGet(46)) - raft.grpc.server.heartbeat.channel = true (default)
2024-02-27 07:54:50,551 [main] INFO  grpc.GrpcConfigKeys (ConfUtils.java:logGet(46)) - raft.grpc.server.async.request.thread.pool.cached = true (default)
2024-02-27 07:54:50,551 [main] INFO  grpc.GrpcConfigKeys (ConfUtils.java:logGet(46)) - raft.grpc.server.async.request.thread.pool.size = 32 (default)
2024-02-27 07:54:50,552 [main] INFO  impl.DataStreamServerImpl (ConfUtils.java:logGet(46)) - raft.datastream.type = DISABLED (default)
2024-02-27 07:54:50,552 [main] INFO  server.RaftServerConfigKeys (ConfUtils.java:logGet(46)) - raft.server.sleep.deviation.threshold = 300ms (default)
2024-02-27 07:54:50,552 [main] INFO  server.RaftServerConfigKeys (ConfUtils.java:logGet(46)) - raft.server.close.threshold = 60s (default)
2024-02-27 07:54:50,552 [main] INFO  server.RaftServerConfigKeys (ConfUtils.java:logGet(46)) - raft.server.leaderelection.leader.step-down.wait-time = 10s (default)
2024-02-27 07:54:50,552 [main] INFO  server.RaftServerConfigKeys (ConfUtils.java:logGet(46)) - raft.server.storage.dir = [/home/runner/work/ozone/ozone/hadoop-ozone/integration-test/target/test-dir/MiniOzoneClusterImpl-bc2c81e0-d964-4a8e-97ca-887e98ec88c8/omNode-1/ratis] (custom)
2024-02-27 07:54:50,552 [main] INFO  server.RaftServerConfigKeys (ConfUtils.java:logGet(46)) - raft.server.threadpool.proxy.cached = true (default)
2024-02-27 07:54:50,552 [main] INFO  server.RaftServerConfigKeys (ConfUtils.java:logGet(46)) - raft.server.threadpool.proxy.size = 0 (default)
2024-02-27 07:54:50,553 [omNode-1-impl-thread1] INFO  server.RaftServer (RaftServerProxy.java:initGroupDir(264)) - omNode-1: found a subdirectory /home/runner/work/ozone/ozone/hadoop-ozone/integration-test/target/test-dir/MiniOzoneClusterImpl-bc2c81e0-d964-4a8e-97ca-887e98ec88c8/omNode-1/ratis/c9bc4cf4-3bc3-3c60-a66b-523986131536
2024-02-27 07:54:50,553 [main] INFO  server.RaftServer (RaftServerProxy.java:addNew(100)) - omNode-1: addNew group-523986131536:[omNode-3|localhost:15273, omNode-1|localhost:15265, omNode-2|localhost:15269] returns group-523986131536:java.util.concurrent.CompletableFuture@142dc2d1[Not completed]
2024-02-27 07:54:50,553 [main] INFO  om.OzoneManager (OzoneManager.java:initializeRatisServer(2140)) - OzoneManager Ratis server initialized at port 15265
2024-02-27 07:54:50,553 [omNode-1-groupManagement] INFO  server.RaftServer$Division (RaftServerImpl.java:<init>(256)) - omNode-1: new RaftServerImpl for group-523986131536:[omNode-3|localhost:15273, omNode-1|localhost:15265, omNode-2|localhost:15269] with OzoneManagerStateMachine:uninitialized
2024-02-27 07:54:50,553 [main] INFO  ratis.OzoneManagerRatisServer (OzoneManagerRatisServer.java:start(588)) - Starting OzoneManagerRatisServer omNode-1 at port 15265
2024-02-27 07:54:50,553 [omNode-1-groupManagement] INFO  server.RaftServerConfigKeys (ConfUtils.java:logGet(46)) - raft.server.rpc.timeout.min = 1s (custom)
2024-02-27 07:54:50,554 [omNode-1-groupManagement] INFO  server.RaftServerConfigKeys (ConfUtils.java:logGet(46)) - raft.server.rpc.timeout.max = 1200ms (custom)
2024-02-27 07:54:50,554 [omNode-1-groupManagement] INFO  server.RaftServerConfigKeys (ConfUtils.java:logGet(46)) - raft.server.rpc.sleep.time = 25ms (default)
2024-02-27 07:54:50,554 [omNode-1-groupManagement] INFO  server.RaftServerConfigKeys (ConfUtils.java:logGet(46)) - raft.server.rpc.slowness.timeout = 2s (custom)
2024-02-27 07:54:50,554 [omNode-1-groupManagement] INFO  server.RaftServerConfigKeys (ConfUtils.java:logGet(46)) - raft.server.leaderelection.leader.step-down.wait-time = 10s (default)
2024-02-27 07:54:50,554 [omNode-1-groupManagement] INFO  server.RaftServerConfigKeys (ConfUtils.java:logGet(46)) - raft.server.leaderelection.member.majority-add = false (default)
2024-02-27 07:54:50,554 [omNode-1-groupManagement] INFO  server.RaftServerConfigKeys (ConfUtils.java:logGet(46)) - raft.server.sleep.deviation.threshold = 300ms (default)
2024-02-27 07:54:50,554 [omNode-1-groupManagement] INFO  server.RaftServer$Division (ServerState.java:<init>(113)) - omNode-1@group-523986131536: ConfigurationManager, init=-1: peers:[omNode-3|localhost:15273, omNode-1|localhost:15265, omNode-2|localhost:15269]|listeners:[], old=null, confs=<EMPTY_MAP>
2024-02-27 07:54:50,554 [omNode-1-groupManagement] INFO  server.RaftServerConfigKeys (ConfUtils.java:logGet(46)) - raft.server.notification.no-leader.timeout = 2s (custom)
2024-02-27 07:54:50,554 [omNode-1-groupManagement] INFO  server.RaftServerConfigKeys (ConfUtils.java:logGet(46)) - raft.server.read.timeout = 10s (default)
2024-02-27 07:54:50,554 [omNode-1-groupManagement] INFO  server.RaftServerConfigKeys (ConfUtils.java:logGet(46)) - raft.server.retrycache.expirytime = 30000ms (custom)
2024-02-27 07:54:50,554 [omNode-1-groupManagement] INFO  server.RaftServerConfigKeys (ConfUtils.java:logGet(46)) - raft.server.retrycache.statistics.expirytime = 100ms (default)
2024-02-27 07:54:50,554 [omNode-1-groupManagement] INFO  server.RaftServerConfigKeys (ConfUtils.java:logGet(46)) - raft.server.read.option = DEFAULT (default)
2024-02-27 07:54:50,554 [omNode-1-groupManagement] INFO  server.RaftServerConfigKeys (ConfUtils.java:logGet(46)) - raft.server.read.read-after-write-consistent.write-index-cache.expiry-time = 60s (default)
2024-02-27 07:54:50,555 [omNode-1-groupManagement] INFO  server.RaftServerConfigKeys (ConfUtils.java:logGet(46)) - raft.server.rpc.request.timeout = 3000ms (default)
2024-02-27 07:54:50,555 [omNode-1-groupManagement] INFO  server.RaftServerConfigKeys (ConfUtils.java:logGet(46)) - raft.server.log.appender.install.snapshot.enabled = false (custom)
2024-02-27 07:54:50,555 [omNode-1-groupManagement] INFO  server.RaftServerConfigKeys (ConfUtils.java:logGet(46)) - raft.server.threadpool.server.cached = true (default)
2024-02-27 07:54:50,555 [omNode-1-groupManagement] INFO  server.RaftServerConfigKeys (ConfUtils.java:logGet(46)) - raft.server.threadpool.server.size = 0 (default)
2024-02-27 07:54:50,555 [omNode-1-groupManagement] INFO  server.RaftServerConfigKeys (ConfUtils.java:logGet(46)) - raft.server.threadpool.client.cached = true (default)
2024-02-27 07:54:50,555 [omNode-1-groupManagement] INFO  server.RaftServerConfigKeys (ConfUtils.java:logGet(46)) - raft.server.threadpool.client.size = 0 (default)
2024-02-27 07:54:50,555 [omNode-1-impl-thread1] INFO  server.RaftServerConfigKeys (ConfUtils.java:logGet(46)) - raft.server.storage.free-space.min = 0MB (=0) (default)
2024-02-27 07:54:50,555 [omNode-1-impl-thread1] INFO  server.RaftServerConfigKeys (ConfUtils.java:logGet(46)) - raft.server.log.corruption.policy = EXCEPTION (default)
2024-02-27 07:54:50,555 [omNode-1-impl-thread1] INFO  server.RaftServerConfigKeys (ConfUtils.java:logGet(46)) - raft.server.storage.dir = [/home/runner/work/ozone/ozone/hadoop-ozone/integration-test/target/test-dir/MiniOzoneClusterImpl-bc2c81e0-d964-4a8e-97ca-887e98ec88c8/omNode-1/ratis] (custom)
2024-02-27 07:54:50,556 [omNode-1-impl-thread1] INFO  storage.RaftStorageDirectory (RaftStorageDirectoryImpl.java:tryLock(228)) - Lock on /home/runner/work/ozone/ozone/hadoop-ozone/integration-test/target/test-dir/MiniOzoneClusterImpl-bc2c81e0-d964-4a8e-97ca-887e98ec88c8/omNode-1/ratis/c9bc4cf4-3bc3-3c60-a66b-523986131536/in_use.lock acquired by nodename 40924@fv-az699-61
2024-02-27 07:54:50,556 [omNode-1-impl-thread1] INFO  storage.RaftStorage (RaftStorageImpl.java:analyzeAndRecoverStorage(119)) - Read RaftStorageMetadata{term=1, votedFor=omNode-1} from /home/runner/work/ozone/ozone/hadoop-ozone/integration-test/target/test-dir/MiniOzoneClusterImpl-bc2c81e0-d964-4a8e-97ca-887e98ec88c8/omNode-1/ratis/c9bc4cf4-3bc3-3c60-a66b-523986131536/current/raft-meta
2024-02-27 07:54:50,557 [omNode-1-impl-thread1] INFO  server.RaftServer$Division (ServerState.java:setRaftConf(386)) - omNode-1@group-523986131536: set configuration 0: peers:[omNode-3|localhost:15273, omNode-1|localhost:15265, omNode-2|localhost:15269]|listeners:[], old=null
2024-02-27 07:54:50,557 [omNode-1-impl-thread1] INFO  server.RaftServerConfigKeys (ConfUtils.java:logGet(46)) - raft.server.log.use.memory = false (default)
2024-02-27 07:54:50,558 [omNode-1-impl-thread1] INFO  server.RaftServerConfigKeys (ConfUtils.java:logGet(46)) - raft.server.log.purge.gap = 50 (custom)
2024-02-27 07:54:50,558 [omNode-1-impl-thread1] INFO  server.RaftServerConfigKeys (ConfUtils.java:logGet(46)) - raft.server.log.appender.buffer.byte-limit = 4194304 (custom)
2024-02-27 07:54:50,558 [omNode-1-impl-thread1] INFO  server.RaftServerConfigKeys (ConfUtils.java:logGet(46)) - raft.server.log.statemachine.data.read.timeout = 1000ms (default)
2024-02-27 07:54:50,558 [omNode-1-impl-thread1] INFO  server.RaftServerConfigKeys (ConfUtils.java:logGet(46)) - raft.server.log.purge.preservation.log.num = 0 (default)
2024-02-27 07:54:50,558 [omNode-1-impl-thread1] INFO  server.RaftServerConfigKeys (ConfUtils.java:logGet(46)) - raft.server.log.segment.size.max = 4194304 (custom)
2024-02-27 07:54:50,558 [omNode-1-impl-thread1] INFO  server.RaftServerConfigKeys (ConfUtils.java:logGet(46)) - raft.server.log.segment.cache.num.max = 2 (custom)
2024-02-27 07:54:50,558 [omNode-1-impl-thread1] INFO  server.RaftServerConfigKeys (ConfUtils.java:logGet(46)) - raft.server.log.segment.cache.size.max = 200MB (=209715200) (default)
2024-02-27 07:54:50,558 [omNode-1-impl-thread1] INFO  server.RaftServerConfigKeys (ConfUtils.java:logGet(46)) - raft.server.log.appender.buffer.byte-limit = 4194304 (custom)
2024-02-27 07:54:50,558 [omNode-1-impl-thread1] INFO  util.AwaitToRun (AwaitToRun.java:start(81)) - Thread[omNode-1@group-523986131536-cacheEviction-AwaitToRun,5,main] started
2024-02-27 07:54:50,559 [omNode-1-impl-thread1] INFO  segmented.SegmentedRaftLogWorker (SegmentedRaftLogWorker.java:<init>(182)) - new omNode-1@group-523986131536-SegmentedRaftLogWorker for RaftStorageImpl:Storage Directory /home/runner/work/ozone/ozone/hadoop-ozone/integration-test/target/test-dir/MiniOzoneClusterImpl-bc2c81e0-d964-4a8e-97ca-887e98ec88c8/omNode-1/ratis/c9bc4cf4-3bc3-3c60-a66b-523986131536
2024-02-27 07:54:50,559 [omNode-1-impl-thread1] INFO  server.RaftServerConfigKeys (ConfUtils.java:logGet(46)) - raft.server.log.queue.byte-limit = 64MB (=67108864) (default)
2024-02-27 07:54:50,559 [omNode-1-impl-thread1] INFO  server.RaftServerConfigKeys (ConfUtils.java:logGet(46)) - raft.server.log.queue.element-limit = 4096 (default)
2024-02-27 07:54:50,559 [omNode-1-impl-thread1] INFO  server.RaftServerConfigKeys (ConfUtils.java:logGet(46)) - raft.server.log.segment.size.max = 4194304 (custom)
2024-02-27 07:54:50,559 [omNode-1-impl-thread1] INFO  server.RaftServerConfigKeys (ConfUtils.java:logGet(46)) - raft.server.log.preallocated.size = 4194304 (custom)
2024-02-27 07:54:50,559 [omNode-1-impl-thread1] INFO  server.RaftServerConfigKeys (ConfUtils.java:logGet(46)) - raft.server.log.force.sync.num = 128 (default)
2024-02-27 07:54:50,559 [omNode-1-impl-thread1] INFO  server.RaftServerConfigKeys (ConfUtils.java:logGet(46)) - raft.server.log.statemachine.data.sync = true (default)
2024-02-27 07:54:50,559 [omNode-1-impl-thread1] INFO  server.RaftServerConfigKeys (ConfUtils.java:logGet(46)) - raft.server.log.statemachine.data.sync.timeout = 10s (default)
2024-02-27 07:54:50,559 [omNode-1-impl-thread1] INFO  server.RaftServerConfigKeys (ConfUtils.java:logGet(46)) - raft.server.log.statemachine.data.sync.timeout.retry = -1 (default)
2024-02-27 07:54:50,559 [omNode-1-impl-thread1] INFO  server.RaftServerConfigKeys (ConfUtils.java:logGet(46)) - raft.server.log.write.buffer.size = 4194312 (custom)
2024-02-27 07:54:50,559 [omNode-1-impl-thread1] INFO  server.RaftServerConfigKeys (ConfUtils.java:logGet(46)) - raft.server.log.appender.buffer.byte-limit = 4194304 (custom)
2024-02-27 07:54:50,559 [omNode-1-impl-thread1] INFO  server.RaftServerConfigKeys (ConfUtils.java:logGet(46)) - raft.server.log.unsafe-flush.enabled = false (default)
2024-02-27 07:54:50,560 [omNode-1-impl-thread1] INFO  server.RaftServerConfigKeys (ConfUtils.java:logGet(46)) - raft.server.log.async-flush.enabled = false (default)
2024-02-27 07:54:50,560 [omNode-1-impl-thread1] INFO  server.RaftServerConfigKeys (ConfUtils.java:logGet(46)) - raft.server.log.statemachine.data.caching.enabled = false (default)
2024-02-27 07:54:50,560 [omNode-1-impl-thread1] INFO  server.RaftServer$Division (ServerState.java:setRaftConf(386)) - omNode-1@group-523986131536: set configuration 0: peers:[omNode-3|localhost:15273, omNode-1|localhost:15265, omNode-2|localhost:15269]|listeners:[], old=null
2024-02-27 07:54:50,560 [omNode-1-impl-thread1] INFO  segmented.LogSegment (LogSegment.java:loadSegment(170)) - Successfully read 53 entries from segment file /home/runner/work/ozone/ozone/hadoop-ozone/integration-test/target/test-dir/MiniOzoneClusterImpl-bc2c81e0-d964-4a8e-97ca-887e98ec88c8/omNode-1/ratis/c9bc4cf4-3bc3-3c60-a66b-523986131536/current/log_inprogress_0
2024-02-27 07:54:50,560 [omNode-1-impl-thread1] INFO  segmented.SegmentedRaftLogWorker (SegmentedRaftLogWorker.java:lambda$new$0(134)) - omNode-1@group-523986131536-SegmentedRaftLogWorker: flushIndex: setUnconditionally 0 -> 52
2024-02-27 07:54:50,560 [omNode-1-impl-thread1] INFO  segmented.SegmentedRaftLogWorker (SegmentedRaftLogWorker.java:lambda$new$0(134)) - omNode-1@group-523986131536-SegmentedRaftLogWorker: safeCacheEvictIndex: setUnconditionally 0 -> -1
2024-02-27 07:54:50,561 [omNode-1-impl-thread1] INFO  segmented.BufferedWriteChannel (BufferedWriteChannel.java:open(62)) - open log_inprogress_0 (append) at position 16787
2024-02-27 07:54:50,561 [omNode-1-impl-thread1] INFO  server.RaftServer$Division (RaftServerImpl.java:start(396)) - omNode-1@group-523986131536: start as a follower, conf=0: peers:[omNode-3|localhost:15273, omNode-1|localhost:15265, omNode-2|localhost:15269]|listeners:[], old=null
2024-02-27 07:54:50,561 [omNode-1-impl-thread1] INFO  server.RaftServer$Division (RaftServerImpl.java:setRole(383)) - omNode-1@group-523986131536: changes role from      null to FOLLOWER at term 1 for startAsFollower
2024-02-27 07:54:50,561 [omNode-1-impl-thread1] INFO  impl.RoleInfo (RoleInfo.java:updateAndGet(139)) - omNode-1: start omNode-1@group-523986131536-FollowerState
2024-02-27 07:54:50,561 [omNode-1@group-523986131536-FollowerState] INFO  server.RaftServerConfigKeys (ConfUtils.java:logFallback(53)) - raft.server.rpc.first-election.timeout.min = 1s (fallback to raft.server.rpc.timeout.min)
2024-02-27 07:54:50,561 [omNode-1-impl-thread1] INFO  util.JmxRegister (JmxRegister.java:tryRegister(44)) - Successfully registered JMX Bean with object name Ratis:service=RaftServer,group=group-523986131536,id=omNode-1
2024-02-27 07:54:50,561 [omNode-1-impl-thread1] INFO  server.RaftServerConfigKeys (ConfUtils.java:logGet(46)) - raft.server.snapshot.trigger-when-stop.enabled = true (default)
2024-02-27 07:54:50,561 [omNode-1-impl-thread1] INFO  server.RaftServerConfigKeys (ConfUtils.java:logGet(46)) - raft.server.snapshot.auto.trigger.enabled = true (custom)
2024-02-27 07:54:50,561 [omNode-1-impl-thread1] INFO  server.RaftServerConfigKeys (ConfUtils.java:logGet(46)) - raft.server.snapshot.auto.trigger.threshold = 50 (custom)
2024-02-27 07:54:50,561 [omNode-1-impl-thread1] INFO  server.RaftServerConfigKeys (ConfUtils.java:logGet(46)) - raft.server.snapshot.retention.file.num = -1 (default)
2024-02-27 07:54:50,562 [omNode-1-impl-thread1] INFO  server.RaftServerConfigKeys (ConfUtils.java:logGet(46)) - raft.server.log.purge.upto.snapshot.index = true (custom)
2024-02-27 07:54:50,561 [omNode-1@group-523986131536-FollowerState] INFO  server.RaftServerConfigKeys (ConfUtils.java:logFallback(53)) - raft.server.rpc.first-election.timeout.max = 1200ms (fallback to raft.server.rpc.timeout.max)
2024-02-27 07:54:50,562 [main] INFO  server.RaftServer (RaftServerProxy.java:startImpl(406)) - omNode-1: start RPC server
2024-02-27 07:54:50,567 [main] INFO  server.GrpcService (GrpcService.java:startImpl(302)) - omNode-1: GrpcService started, listening on 15265
2024-02-27 07:54:50,567 [main] INFO  om.OzoneManager (OzoneManager.java:getRpcServer(1206)) - Creating RPC Server
2024-02-27 07:54:50,567 [JvmPauseMonitor77] INFO  util.JvmPauseMonitor (JvmPauseMonitor.java:run(146)) - JvmPauseMonitor-omNode-1: Started
2024-02-27 07:54:50,746 [main] INFO  ipc.CallQueueManager (CallQueueManager.java:<init>(90)) - Using callQueue: class java.util.concurrent.LinkedBlockingQueue, queueCapacity: 2000, scheduler: class org.apache.hadoop.ipc.DefaultRpcScheduler, ipcBackoff: false.
2024-02-27 07:54:50,746 [main] INFO  ipc.Server (Server.java:<init>(1287)) - Listener at localhost:15262
2024-02-27 07:54:50,746 [Socket Reader #1 for port 15262] INFO  ipc.Server (Server.java:run(1323)) - Starting Socket Reader #1 for port 15262
2024-02-27 07:54:50,748 [main] INFO  http.BaseHttpServer (BaseHttpServer.java:newHttpServer2BuilderForOzone(223)) - Starting Web-server for ozoneManager at: http://0.0.0.0:15263
2024-02-27 07:54:50,748 [main] INFO  http.BaseHttpServer (BaseHttpServer.java:<init>(110)) - Hadoop Security Enabled: false Ozone Security Enabled: false Ozone HTTP Security Enabled: false 
2024-02-27 07:54:50,749 [main] WARN  server.AuthenticationFilter (AuthenticationFilter.java:constructSecretProvider(240)) - Unable to initialize FileSignerSecretProvider, falling back to use random secrets. Reason: Could not read signature secret file: /home/runner/hadoop-http-auth-signature-secret
2024-02-27 07:54:50,749 [main] INFO  http.HttpRequestLog (HttpRequestLog.java:getRequestLog(86)) - Http request log for http.requests.ozoneManager is not defined
2024-02-27 07:54:50,750 [main] INFO  http.HttpServer2 (HttpServer2.java:addGlobalFilter(1036)) - Added global filter 'safety' (class=org.apache.hadoop.hdds.server.http.HttpServer2$QuotingInputFilter)
2024-02-27 07:54:50,750 [main] INFO  http.HttpServer2 (HttpServer2.java:addFilter(1012)) - Added filter static_user_filter (class=org.apache.hadoop.http.lib.StaticUserWebFilter$StaticUserFilter) to context ozoneManager
2024-02-27 07:54:50,751 [main] INFO  http.HttpServer2 (HttpServer2.java:addFilter(1020)) - Added filter static_user_filter (class=org.apache.hadoop.http.lib.StaticUserWebFilter$StaticUserFilter) to context logs
2024-02-27 07:54:50,751 [main] INFO  http.HttpServer2 (HttpServer2.java:addFilter(1020)) - Added filter static_user_filter (class=org.apache.hadoop.http.lib.StaticUserWebFilter$StaticUserFilter) to context static
2024-02-27 07:54:50,751 [main] INFO  http.BaseHttpServer (BaseHttpServer.java:<init>(189)) - HTTP server of ozoneManager uses base directory /home/runner/work/ozone/ozone/hadoop-ozone/integration-test/target/test-dir/MiniOzoneClusterImpl-bc2c81e0-d964-4a8e-97ca-887e98ec88c8/omNode-1/webserver
2024-02-27 07:54:50,751 [main] INFO  http.HttpServer2 (HttpServer2.java:bindListener(1236)) - Jetty bound to port 15263
2024-02-27 07:54:50,751 [main] INFO  server.Server (Server.java:doStart(375)) - jetty-9.4.53.v20231009; built: 2023-10-09T12:29:09.265Z; git: 27bde00a0b95a1d5bbee0eae7984f891d2d0f8c9; jvm 1.8.0_402-b06
2024-02-27 07:54:50,752 [main] INFO  server.session (DefaultSessionIdManager.java:doStart(334)) - DefaultSessionIdManager workerName=node0
2024-02-27 07:54:50,752 [main] INFO  server.session (DefaultSessionIdManager.java:doStart(339)) - No SessionScavenger set, using defaults
2024-02-27 07:54:50,752 [main] INFO  server.session (HouseKeeper.java:startScavenging(132)) - node0 Scavenging every 660000ms
2024-02-27 07:54:50,753 [main] INFO  handler.ContextHandler (ContextHandler.java:doStart(921)) - Started o.e.j.s.ServletContextHandler@591ebb5c{logs,/logs,file:///home/runner/work/ozone/ozone/hadoop-ozone/integration-test/target/log,AVAILABLE}
2024-02-27 07:54:50,753 [main] INFO  handler.ContextHandler (ContextHandler.java:doStart(921)) - Started o.e.j.s.ServletContextHandler@3e411e92{static,/static,file:///home/runner/work/ozone/ozone/hadoop-ozone/integration-test/target/test-classes/webapps/static,AVAILABLE}
2024-02-27 07:54:50,755 [main] INFO  handler.ContextHandler (ContextHandler.java:doStart(921)) - Started o.e.j.w.WebAppContext@a1a0af6{ozoneManager,/,file:///home/runner/work/ozone/ozone/hadoop-ozone/integration-test/target/test-classes/webapps/ozoneManager/,AVAILABLE}{file:/home/runner/work/ozone/ozone/hadoop-ozone/integration-test/target/test-classes/webapps/ozoneManager}
2024-02-27 07:54:50,755 [main] INFO  server.AbstractConnector (AbstractConnector.java:doStart(333)) - Started ServerConnector@67bb22d6{HTTP/1.1, (http/1.1)}{0.0.0.0:15263}
2024-02-27 07:54:50,755 [main] INFO  server.Server (Server.java:doStart(415)) - Started @973463ms
2024-02-27 07:54:50,755 [main] WARN  impl.MetricsSystemImpl (MetricsSystemImpl.java:register(279)) - Sink prometheus already exists!
2024-02-27 07:54:50,756 [main] INFO  http.BaseHttpServer (BaseHttpServer.java:updateConnectorAddress(354)) - HTTP server of ozoneManager listening at http://0.0.0.0:15263
2024-02-27 07:54:50,756 [IPC Server Responder] INFO  ipc.Server (Server.java:run(1562)) - IPC Server Responder: starting
2024-02-27 07:54:50,756 [IPC Server listener on 15262] INFO  ipc.Server (Server.java:run(1402)) - IPC Server listener on 15262: starting
2024-02-27 07:54:50,758 [main] INFO  om.OzoneManager (OzoneManager.java:startTrashEmptier(2093)) - Trash Interval set to 0. Files deleted won't move to trash
2024-02-27 07:54:50,758 [main] INFO  om.OzoneManager (OzoneManager.java:restart(1710)) - OzoneManager RPC server is listening at localhost/127.0.0.1:15266
2024-02-27 07:54:50,758 [main] INFO  impl.MetricsSystemImpl (MetricsSystemImpl.java:init(158)) - OzoneManager metrics system started (again)
2024-02-27 07:54:50,767 [main] WARN  server.ServerUtils (ServerUtils.java:getDBPath(299)) - ozone.om.db.dirs is not configured. We recommend adding this setting. Falling back to ozone.metadata.dirs instead.
2024-02-27 07:54:50,767 [main] INFO  helpers.OmKeyInfo (OmKeyInfo.java:getCodec(71)) - OmKeyInfo.getCodec ignorePipeline = true
2024-02-27 07:54:50,805 [main] INFO  om.OzoneManager (OzoneManager.java:instantiateServices(804)) - S3 Multi-Tenancy is disabled
2024-02-27 07:54:50,805 [main] INFO  om.OmSnapshotManager (OmSnapshotManager.java:<init>(177)) - Ozone filesystem snapshot feature is enabled.
2024-02-27 07:54:50,805 [main] WARN  server.ServerUtils (ServerUtils.java:getDBPath(299)) - ozone.om.snapshot.diff.db.dir is not configured. We recommend adding this setting. Falling back to ozone.metadata.dirs instead.
2024-02-27 07:54:50,815 [main] INFO  utils.NativeLibraryLoader (NativeLibraryLoader.java:loadLibrary(108)) - Loading Library: ozone_rocksdb_tools
2024-02-27 07:54:50,816 [main] ERROR snapshot.SnapshotDiffManager (SnapshotDiffManager.java:initNativeLibraryForEfficientDiff(287)) - Native Library for raw sst file reading loading failed.
org.apache.hadoop.hdds.utils.NativeLibraryNotLoadedException: Unable to load library ozone_rocksdb_tools from both java.library.path & resource file libozone_rocksdb_tools.so from jar.
	at org.apache.hadoop.hdds.utils.db.managed.ManagedRawSSTFileReader.loadLibrary(ManagedRawSSTFileReader.java:38)
	at org.apache.hadoop.ozone.om.snapshot.SnapshotDiffManager.initNativeLibraryForEfficientDiff(SnapshotDiffManager.java:285)
	at org.apache.hadoop.ozone.om.snapshot.SnapshotDiffManager.<init>(SnapshotDiffManager.java:259)
	at org.apache.hadoop.ozone.om.OmSnapshotManager.<init>(OmSnapshotManager.java:279)
	at org.apache.hadoop.ozone.om.OzoneManager.instantiateServices(OzoneManager.java:856)
	at org.apache.hadoop.ozone.om.OzoneManager.restart(OzoneManager.java:1715)
	at org.apache.hadoop.ozone.MiniOzoneHAClusterImpl.restartOzoneManager(MiniOzoneHAClusterImpl.java:211)
	at org.apache.hadoop.ozone.om.TestOzoneManagerPrepare.resetCluster(TestOzoneManagerPrepare.java:113)
	at sun.reflect.NativeMethodAccessorImpl.invoke0(Native Method)
	at sun.reflect.NativeMethodAccessorImpl.invoke(NativeMethodAccessorImpl.java:62)
	at sun.reflect.DelegatingMethodAccessorImpl.invoke(DelegatingMethodAccessorImpl.java:43)
	at java.lang.reflect.Method.invoke(Method.java:498)
	at org.junit.platform.commons.util.ReflectionUtils.invokeMethod(ReflectionUtils.java:728)
	at org.junit.jupiter.engine.execution.MethodInvocation.proceed(MethodInvocation.java:60)
	at org.junit.jupiter.engine.execution.InvocationInterceptorChain$ValidatingInvocation.proceed(InvocationInterceptorChain.java:131)
	at org.junit.jupiter.engine.extension.TimeoutExtension.intercept(TimeoutExtension.java:156)
	at org.junit.jupiter.engine.extension.TimeoutExtension.interceptLifecycleMethod(TimeoutExtension.java:128)
	at org.junit.jupiter.engine.extension.TimeoutExtension.interceptAfterEachMethod(TimeoutExtension.java:110)
	at org.junit.jupiter.engine.execution.InterceptingExecutableInvoker$ReflectiveInterceptorCall.lambda$ofVoidMethod$0(InterceptingExecutableInvoker.java:103)
	at org.junit.jupiter.engine.execution.InterceptingExecutableInvoker.lambda$invoke$0(InterceptingExecutableInvoker.java:93)
	at org.junit.jupiter.engine.execution.InvocationInterceptorChain$InterceptedInvocation.proceed(InvocationInterceptorChain.java:106)
	at org.junit.jupiter.engine.execution.InvocationInterceptorChain.proceed(InvocationInterceptorChain.java:64)
	at org.junit.jupiter.engine.execution.InvocationInterceptorChain.chainAndInvoke(InvocationInterceptorChain.java:45)
	at org.junit.jupiter.engine.execution.InvocationInterceptorChain.invoke(InvocationInterceptorChain.java:37)
	at org.junit.jupiter.engine.execution.InterceptingExecutableInvoker.invoke(InterceptingExecutableInvoker.java:92)
	at org.junit.jupiter.engine.execution.InterceptingExecutableInvoker.invoke(InterceptingExecutableInvoker.java:86)
	at org.junit.jupiter.engine.descriptor.ClassBasedTestDescriptor.invokeMethodInExtensionContext(ClassBasedTestDescriptor.java:521)
	at org.junit.jupiter.engine.descriptor.ClassBasedTestDescriptor.lambda$synthesizeAfterEachMethodAdapter$24(ClassBasedTestDescriptor.java:511)
	at org.junit.jupiter.engine.descriptor.TestMethodTestDescriptor.lambda$invokeAfterEachMethods$10(TestMethodTestDescriptor.java:244)
	at org.junit.jupiter.engine.descriptor.TestMethodTestDescriptor.lambda$invokeAllAfterMethodsOrCallbacks$13(TestMethodTestDescriptor.java:277)
	at org.junit.platform.engine.support.hierarchical.ThrowableCollector.execute(ThrowableCollector.java:73)
	at org.junit.jupiter.engine.descriptor.TestMethodTestDescriptor.lambda$invokeAllAfterMethodsOrCallbacks$14(TestMethodTestDescriptor.java:277)
	at org.junit.platform.commons.util.CollectionUtils.forEachInReverseOrder(CollectionUtils.java:217)
	at org.junit.jupiter.engine.descriptor.TestMethodTestDescriptor.invokeAllAfterMethodsOrCallbacks(TestMethodTestDescriptor.java:276)
	at org.junit.jupiter.engine.descriptor.TestMethodTestDescriptor.invokeAfterEachMethods(TestMethodTestDescriptor.java:242)
	at org.junit.jupiter.engine.descriptor.TestMethodTestDescriptor.execute(TestMethodTestDescriptor.java:143)
	at org.junit.jupiter.engine.descriptor.TestMethodTestDescriptor.execute(TestMethodTestDescriptor.java:69)
	at org.junit.platform.engine.support.hierarchical.NodeTestTask.lambda$executeRecursively$6(NodeTestTask.java:151)
	at org.junit.platform.engine.support.hierarchical.ThrowableCollector.execute(ThrowableCollector.java:73)
	at org.junit.platform.engine.support.hierarchical.NodeTestTask.lambda$executeRecursively$8(NodeTestTask.java:141)
	at org.junit.platform.engine.support.hierarchical.Node.around(Node.java:137)
	at org.junit.platform.engine.support.hierarchical.NodeTestTask.lambda$executeRecursively$9(NodeTestTask.java:139)
	at org.junit.platform.engine.support.hierarchical.ThrowableCollector.execute(ThrowableCollector.java:73)
	at org.junit.platform.engine.support.hierarchical.NodeTestTask.executeRecursively(NodeTestTask.java:138)
	at org.junit.platform.engine.support.hierarchical.NodeTestTask.execute(NodeTestTask.java:95)
	at java.util.ArrayList.forEach(ArrayList.java:1259)
	at org.junit.platform.engine.support.hierarchical.SameThreadHierarchicalTestExecutorService.invokeAll(SameThreadHierarchicalTestExecutorService.java:41)
	at org.junit.platform.engine.support.hierarchical.NodeTestTask.lambda$executeRecursively$6(NodeTestTask.java:155)
	at org.junit.platform.engine.support.hierarchical.ThrowableCollector.execute(ThrowableCollector.java:73)
	at org.junit.platform.engine.support.hierarchical.NodeTestTask.lambda$executeRecursively$8(NodeTestTask.java:141)
	at org.junit.platform.engine.support.hierarchical.Node.around(Node.java:137)
	at org.junit.platform.engine.support.hierarchical.NodeTestTask.lambda$executeRecursively$9(NodeTestTask.java:139)
	at org.junit.platform.engine.support.hierarchical.ThrowableCollector.execute(ThrowableCollector.java:73)
	at org.junit.platform.engine.support.hierarchical.NodeTestTask.executeRecursively(NodeTestTask.java:138)
	at org.junit.platform.engine.support.hierarchical.NodeTestTask.execute(NodeTestTask.java:95)
	at java.util.ArrayList.forEach(ArrayList.java:1259)
	at org.junit.platform.engine.support.hierarchical.SameThreadHierarchicalTestExecutorService.invokeAll(SameThreadHierarchicalTestExecutorService.java:41)
	at org.junit.platform.engine.support.hierarchical.NodeTestTask.lambda$executeRecursively$6(NodeTestTask.java:155)
	at org.junit.platform.engine.support.hierarchical.ThrowableCollector.execute(ThrowableCollector.java:73)
	at org.junit.platform.engine.support.hierarchical.NodeTestTask.lambda$executeRecursively$8(NodeTestTask.java:141)
	at org.junit.platform.engine.support.hierarchical.Node.around(Node.java:137)
	at org.junit.platform.engine.support.hierarchical.NodeTestTask.lambda$executeRecursively$9(NodeTestTask.java:139)
	at org.junit.platform.engine.support.hierarchical.ThrowableCollector.execute(ThrowableCollector.java:73)
	at org.junit.platform.engine.support.hierarchical.NodeTestTask.executeRecursively(NodeTestTask.java:138)
	at org.junit.platform.engine.support.hierarchical.NodeTestTask.execute(NodeTestTask.java:95)
	at org.junit.platform.engine.support.hierarchical.SameThreadHierarchicalTestExecutorService.submit(SameThreadHierarchicalTestExecutorService.java:35)
	at org.junit.platform.engine.support.hierarchical.HierarchicalTestExecutor.execute(HierarchicalTestExecutor.java:57)
	at org.junit.platform.engine.support.hierarchical.HierarchicalTestEngine.execute(HierarchicalTestEngine.java:54)
	at org.junit.platform.launcher.core.EngineExecutionOrchestrator.execute(EngineExecutionOrchestrator.java:198)
	at org.junit.platform.launcher.core.EngineExecutionOrchestrator.execute(EngineExecutionOrchestrator.java:169)
	at org.junit.platform.launcher.core.EngineExecutionOrchestrator.execute(EngineExecutionOrchestrator.java:93)
	at org.junit.platform.launcher.core.EngineExecutionOrchestrator.lambda$execute$0(EngineExecutionOrchestrator.java:58)
	at org.junit.platform.launcher.core.EngineExecutionOrchestrator.withInterceptedStreams(EngineExecutionOrchestrator.java:141)
	at org.junit.platform.launcher.core.EngineExecutionOrchestrator.execute(EngineExecutionOrchestrator.java:57)
	at org.junit.platform.launcher.core.DefaultLauncher.execute(DefaultLauncher.java:103)
	at org.junit.platform.launcher.core.DefaultLauncher.execute(DefaultLauncher.java:85)
	at org.junit.platform.launcher.core.DelegatingLauncher.execute(DelegatingLauncher.java:47)
	at org.junit.platform.launcher.core.SessionPerRequestLauncher.execute(SessionPerRequestLauncher.java:63)
	at org.apache.maven.surefire.junitplatform.JUnitPlatformProvider.invokeAllTests(JUnitPlatformProvider.java:165)
	at org.apache.maven.surefire.junitplatform.JUnitPlatformProvider.invoke(JUnitPlatformProvider.java:124)
	at org.apache.maven.surefire.booter.ForkedBooter.runSuitesInProcess(ForkedBooter.java:428)
	at org.apache.maven.surefire.booter.ForkedBooter.execute(ForkedBooter.java:162)
	at org.apache.maven.surefire.booter.ForkedBooter.run(ForkedBooter.java:562)
	at org.apache.maven.surefire.booter.ForkedBooter.main(ForkedBooter.java:548)
2024-02-27 07:54:50,817 [main] WARN  om.OzoneManager (OzoneManager.java:instantiatePrepareStateOnStartup(4510)) - Prepare marker file index 52 does not match DB prepare index 51. Writing DB index to prepare file and maintaining prepared state.
2024-02-27 07:54:50,817 [main] INFO  om.OzoneManagerPrepareState (OzoneManagerPrepareState.java:writePrepareMarkerFile(262)) - Prepare marker file written with log index 51 to file /home/runner/work/ozone/ozone/hadoop-ozone/integration-test/target/test-dir/MiniOzoneClusterImpl-bc2c81e0-d964-4a8e-97ca-887e98ec88c8/omNode-2/current/prepareMarker
2024-02-27 07:54:50,820 [main] WARN  dropwizard3.Dm3MetricRegistriesImpl (Dm3MetricRegistriesImpl.java:addReporterRegistration(113)) - New reporters are added after registries were created. Some metrics will be missing from the reporter. Please add reporter before adding any new registry.
2024-02-27 07:54:50,820 [main] WARN  dropwizard3.Dm3MetricRegistriesImpl (Dm3MetricRegistriesImpl.java:addReporterRegistration(113)) - New reporters are added after registries were created. Some metrics will be missing from the reporter. Please add reporter before adding any new registry.
2024-02-27 07:54:50,820 [main] WARN  server.ServerUtils (ServerUtils.java:getDefaultRatisDirectory(311)) - Storage directory for Ratis is not configured. It is a good idea to map this to an SSD disk. Falling back to ozone.metadata.dirs
2024-02-27 07:54:50,821 [main] INFO  ratis.OzoneManagerRatisServer (OzoneManagerRatisServer.java:<init>(167)) - Instantiating OM Ratis server with groupID: om-service-test1 and peers: localhost:15269, localhost:15273, localhost:15265
2024-02-27 07:54:50,821 [main] INFO  ratis.OzoneManagerStateMachine (OzoneManagerStateMachine.java:loadSnapshotInfoFromDB(574)) - LastAppliedIndex is set from TransactionInfo from OM DB as (t:1, i:52)
2024-02-27 07:54:50,821 [main] INFO  server.RaftServer (ConfUtils.java:logGet(46)) - raft.rpc.type = GRPC (default)
2024-02-27 07:54:50,821 [main] INFO  grpc.GrpcConfigKeys (ConfUtils.java:logFallback(53)) - raft.grpc.admin.host = null (fallback to raft.grpc.server.host)
2024-02-27 07:54:50,822 [main] INFO  grpc.GrpcConfigKeys (ConfUtils.java:logFallback(53)) - raft.grpc.admin.port = 15269 (fallback to raft.grpc.server.port)
2024-02-27 07:54:50,822 [main] INFO  grpc.GrpcConfigKeys (ConfUtils.java:logFallback(53)) - raft.grpc.client.host = null (fallback to raft.grpc.server.host)
2024-02-27 07:54:50,822 [main] INFO  grpc.GrpcConfigKeys (ConfUtils.java:logFallback(53)) - raft.grpc.client.port = 15269 (fallback to raft.grpc.server.port)
2024-02-27 07:54:50,822 [main] INFO  grpc.GrpcConfigKeys (ConfUtils.java:logGet(46)) - raft.grpc.server.host = null (default)
2024-02-27 07:54:50,822 [main] INFO  grpc.GrpcConfigKeys (ConfUtils.java:logGet(46)) - raft.grpc.server.port = 15269 (custom)
2024-02-27 07:54:50,822 [main] INFO  server.GrpcService (ConfUtils.java:logGet(46)) - raft.grpc.message.size.max = 4194304 (custom)
2024-02-27 07:54:50,822 [main] INFO  server.RaftServerConfigKeys (ConfUtils.java:logGet(46)) - raft.server.log.appender.buffer.byte-limit = 4194304 (custom)
2024-02-27 07:54:50,823 [main] INFO  server.GrpcService (ConfUtils.java:logGet(46)) - raft.grpc.flow.control.window = 1MB (=1048576) (default)
2024-02-27 07:54:50,823 [main] INFO  server.RaftServerConfigKeys (ConfUtils.java:logGet(46)) - raft.server.rpc.request.timeout = 3000ms (default)
2024-02-27 07:54:50,823 [main] INFO  grpc.GrpcConfigKeys (ConfUtils.java:logGet(46)) - raft.grpc.server.heartbeat.channel = true (default)
2024-02-27 07:54:50,823 [main] INFO  grpc.GrpcConfigKeys (ConfUtils.java:logGet(46)) - raft.grpc.server.async.request.thread.pool.cached = true (default)
2024-02-27 07:54:50,823 [main] INFO  grpc.GrpcConfigKeys (ConfUtils.java:logGet(46)) - raft.grpc.server.async.request.thread.pool.size = 32 (default)
2024-02-27 07:54:50,824 [main] INFO  impl.DataStreamServerImpl (ConfUtils.java:logGet(46)) - raft.datastream.type = DISABLED (default)
2024-02-27 07:54:50,824 [main] INFO  server.RaftServerConfigKeys (ConfUtils.java:logGet(46)) - raft.server.sleep.deviation.threshold = 300ms (default)
2024-02-27 07:54:50,824 [main] INFO  server.RaftServerConfigKeys (ConfUtils.java:logGet(46)) - raft.server.close.threshold = 60s (default)
2024-02-27 07:54:50,825 [main] INFO  server.RaftServerConfigKeys (ConfUtils.java:logGet(46)) - raft.server.leaderelection.leader.step-down.wait-time = 10s (default)
2024-02-27 07:54:50,825 [main] INFO  server.RaftServerConfigKeys (ConfUtils.java:logGet(46)) - raft.server.storage.dir = [/home/runner/work/ozone/ozone/hadoop-ozone/integration-test/target/test-dir/MiniOzoneClusterImpl-bc2c81e0-d964-4a8e-97ca-887e98ec88c8/omNode-2/ratis] (custom)
2024-02-27 07:54:50,825 [main] INFO  server.RaftServerConfigKeys (ConfUtils.java:logGet(46)) - raft.server.threadpool.proxy.cached = true (default)
2024-02-27 07:54:50,825 [main] INFO  server.RaftServerConfigKeys (ConfUtils.java:logGet(46)) - raft.server.threadpool.proxy.size = 0 (default)
2024-02-27 07:54:50,825 [omNode-2-impl-thread1] INFO  server.RaftServer (RaftServerProxy.java:initGroupDir(264)) - omNode-2: found a subdirectory /home/runner/work/ozone/ozone/hadoop-ozone/integration-test/target/test-dir/MiniOzoneClusterImpl-bc2c81e0-d964-4a8e-97ca-887e98ec88c8/omNode-2/ratis/c9bc4cf4-3bc3-3c60-a66b-523986131536
2024-02-27 07:54:50,826 [main] INFO  server.RaftServer (RaftServerProxy.java:addNew(100)) - omNode-2: addNew group-523986131536:[omNode-3|localhost:15273, omNode-1|localhost:15265, omNode-2|localhost:15269] returns group-523986131536:java.util.concurrent.CompletableFuture@11508adc[Not completed]
2024-02-27 07:54:50,826 [omNode-2-groupManagement] INFO  server.RaftServer$Division (RaftServerImpl.java:<init>(256)) - omNode-2: new RaftServerImpl for group-523986131536:[omNode-3|localhost:15273, omNode-1|localhost:15265, omNode-2|localhost:15269] with OzoneManagerStateMachine:uninitialized
2024-02-27 07:54:50,826 [main] INFO  om.OzoneManager (OzoneManager.java:initializeRatisServer(2140)) - OzoneManager Ratis server initialized at port 15269
2024-02-27 07:54:50,826 [omNode-2-groupManagement] INFO  server.RaftServerConfigKeys (ConfUtils.java:logGet(46)) - raft.server.rpc.timeout.min = 1s (custom)
2024-02-27 07:54:50,826 [main] INFO  ratis.OzoneManagerRatisServer (OzoneManagerRatisServer.java:start(588)) - Starting OzoneManagerRatisServer omNode-2 at port 15269
2024-02-27 07:54:50,826 [omNode-2-groupManagement] INFO  server.RaftServerConfigKeys (ConfUtils.java:logGet(46)) - raft.server.rpc.timeout.max = 1200ms (custom)
2024-02-27 07:54:50,826 [omNode-2-groupManagement] INFO  server.RaftServerConfigKeys (ConfUtils.java:logGet(46)) - raft.server.rpc.sleep.time = 25ms (default)
2024-02-27 07:54:50,826 [omNode-2-groupManagement] INFO  server.RaftServerConfigKeys (ConfUtils.java:logGet(46)) - raft.server.rpc.slowness.timeout = 2s (custom)
2024-02-27 07:54:50,826 [omNode-2-groupManagement] INFO  server.RaftServerConfigKeys (ConfUtils.java:logGet(46)) - raft.server.leaderelection.leader.step-down.wait-time = 10s (default)
2024-02-27 07:54:50,826 [omNode-2-groupManagement] INFO  server.RaftServerConfigKeys (ConfUtils.java:logGet(46)) - raft.server.leaderelection.member.majority-add = false (default)
2024-02-27 07:54:50,826 [omNode-2-groupManagement] INFO  server.RaftServerConfigKeys (ConfUtils.java:logGet(46)) - raft.server.sleep.deviation.threshold = 300ms (default)
2024-02-27 07:54:50,826 [omNode-2-groupManagement] INFO  server.RaftServer$Division (ServerState.java:<init>(113)) - omNode-2@group-523986131536: ConfigurationManager, init=-1: peers:[omNode-3|localhost:15273, omNode-1|localhost:15265, omNode-2|localhost:15269]|listeners:[], old=null, confs=<EMPTY_MAP>
2024-02-27 07:54:50,826 [omNode-2-groupManagement] INFO  server.RaftServerConfigKeys (ConfUtils.java:logGet(46)) - raft.server.notification.no-leader.timeout = 2s (custom)
2024-02-27 07:54:50,826 [omNode-2-groupManagement] INFO  server.RaftServerConfigKeys (ConfUtils.java:logGet(46)) - raft.server.read.timeout = 10s (default)
2024-02-27 07:54:50,827 [omNode-2-groupManagement] INFO  server.RaftServerConfigKeys (ConfUtils.java:logGet(46)) - raft.server.retrycache.expirytime = 30000ms (custom)
2024-02-27 07:54:50,827 [omNode-2-groupManagement] INFO  server.RaftServerConfigKeys (ConfUtils.java:logGet(46)) - raft.server.retrycache.statistics.expirytime = 100ms (default)
2024-02-27 07:54:50,827 [omNode-2-groupManagement] INFO  server.RaftServerConfigKeys (ConfUtils.java:logGet(46)) - raft.server.read.option = DEFAULT (default)
2024-02-27 07:54:50,827 [omNode-2-groupManagement] INFO  server.RaftServerConfigKeys (ConfUtils.java:logGet(46)) - raft.server.read.read-after-write-consistent.write-index-cache.expiry-time = 60s (default)
2024-02-27 07:54:50,828 [omNode-2-groupManagement] INFO  server.RaftServerConfigKeys (ConfUtils.java:logGet(46)) - raft.server.rpc.request.timeout = 3000ms (default)
2024-02-27 07:54:50,828 [omNode-2-groupManagement] INFO  server.RaftServerConfigKeys (ConfUtils.java:logGet(46)) - raft.server.log.appender.install.snapshot.enabled = false (custom)
2024-02-27 07:54:50,828 [omNode-2-groupManagement] INFO  server.RaftServerConfigKeys (ConfUtils.java:logGet(46)) - raft.server.threadpool.server.cached = true (default)
2024-02-27 07:54:50,828 [omNode-2-groupManagement] INFO  server.RaftServerConfigKeys (ConfUtils.java:logGet(46)) - raft.server.threadpool.server.size = 0 (default)
2024-02-27 07:54:50,828 [omNode-2-groupManagement] INFO  server.RaftServerConfigKeys (ConfUtils.java:logGet(46)) - raft.server.threadpool.client.cached = true (default)
2024-02-27 07:54:50,828 [omNode-2-groupManagement] INFO  server.RaftServerConfigKeys (ConfUtils.java:logGet(46)) - raft.server.threadpool.client.size = 0 (default)
2024-02-27 07:54:50,828 [omNode-2-impl-thread1] INFO  server.RaftServerConfigKeys (ConfUtils.java:logGet(46)) - raft.server.storage.free-space.min = 0MB (=0) (default)
2024-02-27 07:54:50,829 [omNode-2-impl-thread1] INFO  server.RaftServerConfigKeys (ConfUtils.java:logGet(46)) - raft.server.log.corruption.policy = EXCEPTION (default)
2024-02-27 07:54:50,829 [omNode-2-impl-thread1] INFO  server.RaftServerConfigKeys (ConfUtils.java:logGet(46)) - raft.server.storage.dir = [/home/runner/work/ozone/ozone/hadoop-ozone/integration-test/target/test-dir/MiniOzoneClusterImpl-bc2c81e0-d964-4a8e-97ca-887e98ec88c8/omNode-2/ratis] (custom)
2024-02-27 07:54:50,830 [omNode-2-impl-thread1] INFO  storage.RaftStorageDirectory (RaftStorageDirectoryImpl.java:tryLock(228)) - Lock on /home/runner/work/ozone/ozone/hadoop-ozone/integration-test/target/test-dir/MiniOzoneClusterImpl-bc2c81e0-d964-4a8e-97ca-887e98ec88c8/omNode-2/ratis/c9bc4cf4-3bc3-3c60-a66b-523986131536/in_use.lock acquired by nodename 40924@fv-az699-61
2024-02-27 07:54:50,830 [omNode-2-impl-thread1] INFO  storage.RaftStorage (RaftStorageImpl.java:analyzeAndRecoverStorage(119)) - Read RaftStorageMetadata{term=1, votedFor=omNode-1} from /home/runner/work/ozone/ozone/hadoop-ozone/integration-test/target/test-dir/MiniOzoneClusterImpl-bc2c81e0-d964-4a8e-97ca-887e98ec88c8/omNode-2/ratis/c9bc4cf4-3bc3-3c60-a66b-523986131536/current/raft-meta
2024-02-27 07:54:50,831 [omNode-2-impl-thread1] INFO  server.RaftServer$Division (ServerState.java:setRaftConf(386)) - omNode-2@group-523986131536: set configuration 0: peers:[omNode-3|localhost:15273, omNode-1|localhost:15265, omNode-2|localhost:15269]|listeners:[], old=null
2024-02-27 07:54:50,831 [omNode-2-impl-thread1] INFO  server.RaftServerConfigKeys (ConfUtils.java:logGet(46)) - raft.server.log.use.memory = false (default)
2024-02-27 07:54:50,831 [omNode-2-impl-thread1] INFO  server.RaftServerConfigKeys (ConfUtils.java:logGet(46)) - raft.server.log.purge.gap = 50 (custom)
2024-02-27 07:54:50,831 [omNode-2-impl-thread1] INFO  server.RaftServerConfigKeys (ConfUtils.java:logGet(46)) - raft.server.log.appender.buffer.byte-limit = 4194304 (custom)
2024-02-27 07:54:50,832 [omNode-2-impl-thread1] INFO  server.RaftServerConfigKeys (ConfUtils.java:logGet(46)) - raft.server.log.statemachine.data.read.timeout = 1000ms (default)
2024-02-27 07:54:50,832 [omNode-2-impl-thread1] INFO  server.RaftServerConfigKeys (ConfUtils.java:logGet(46)) - raft.server.log.purge.preservation.log.num = 0 (default)
2024-02-27 07:54:50,832 [omNode-2-impl-thread1] INFO  server.RaftServerConfigKeys (ConfUtils.java:logGet(46)) - raft.server.log.segment.size.max = 4194304 (custom)
2024-02-27 07:54:50,832 [omNode-2-impl-thread1] INFO  server.RaftServerConfigKeys (ConfUtils.java:logGet(46)) - raft.server.log.segment.cache.num.max = 2 (custom)
2024-02-27 07:54:50,833 [omNode-2-impl-thread1] INFO  server.RaftServerConfigKeys (ConfUtils.java:logGet(46)) - raft.server.log.segment.cache.size.max = 200MB (=209715200) (default)
2024-02-27 07:54:50,833 [omNode-2-impl-thread1] INFO  server.RaftServerConfigKeys (ConfUtils.java:logGet(46)) - raft.server.log.appender.buffer.byte-limit = 4194304 (custom)
2024-02-27 07:54:50,833 [omNode-2-impl-thread1] INFO  util.AwaitToRun (AwaitToRun.java:start(81)) - Thread[omNode-2@group-523986131536-cacheEviction-AwaitToRun,5,main] started
2024-02-27 07:54:50,833 [omNode-2-impl-thread1] INFO  segmented.SegmentedRaftLogWorker (SegmentedRaftLogWorker.java:<init>(182)) - new omNode-2@group-523986131536-SegmentedRaftLogWorker for RaftStorageImpl:Storage Directory /home/runner/work/ozone/ozone/hadoop-ozone/integration-test/target/test-dir/MiniOzoneClusterImpl-bc2c81e0-d964-4a8e-97ca-887e98ec88c8/omNode-2/ratis/c9bc4cf4-3bc3-3c60-a66b-523986131536
2024-02-27 07:54:50,833 [omNode-2-impl-thread1] INFO  server.RaftServerConfigKeys (ConfUtils.java:logGet(46)) - raft.server.log.queue.byte-limit = 64MB (=67108864) (default)
2024-02-27 07:54:50,833 [omNode-2-impl-thread1] INFO  server.RaftServerConfigKeys (ConfUtils.java:logGet(46)) - raft.server.log.queue.element-limit = 4096 (default)
2024-02-27 07:54:50,833 [omNode-2-impl-thread1] INFO  server.RaftServerConfigKeys (ConfUtils.java:logGet(46)) - raft.server.log.segment.size.max = 4194304 (custom)
2024-02-27 07:54:50,833 [omNode-2-impl-thread1] INFO  server.RaftServerConfigKeys (ConfUtils.java:logGet(46)) - raft.server.log.preallocated.size = 4194304 (custom)
2024-02-27 07:54:50,833 [omNode-2-impl-thread1] INFO  server.RaftServerConfigKeys (ConfUtils.java:logGet(46)) - raft.server.log.force.sync.num = 128 (default)
2024-02-27 07:54:50,833 [omNode-2-impl-thread1] INFO  server.RaftServerConfigKeys (ConfUtils.java:logGet(46)) - raft.server.log.statemachine.data.sync = true (default)
2024-02-27 07:54:50,833 [omNode-2-impl-thread1] INFO  server.RaftServerConfigKeys (ConfUtils.java:logGet(46)) - raft.server.log.statemachine.data.sync.timeout = 10s (default)
2024-02-27 07:54:50,833 [omNode-2-impl-thread1] INFO  server.RaftServerConfigKeys (ConfUtils.java:logGet(46)) - raft.server.log.statemachine.data.sync.timeout.retry = -1 (default)
2024-02-27 07:54:50,834 [omNode-2-impl-thread1] INFO  server.RaftServerConfigKeys (ConfUtils.java:logGet(46)) - raft.server.log.write.buffer.size = 4194312 (custom)
2024-02-27 07:54:50,834 [omNode-2-impl-thread1] INFO  server.RaftServerConfigKeys (ConfUtils.java:logGet(46)) - raft.server.log.appender.buffer.byte-limit = 4194304 (custom)
2024-02-27 07:54:50,834 [omNode-2-impl-thread1] INFO  server.RaftServerConfigKeys (ConfUtils.java:logGet(46)) - raft.server.log.unsafe-flush.enabled = false (default)
2024-02-27 07:54:50,834 [omNode-2-impl-thread1] INFO  server.RaftServerConfigKeys (ConfUtils.java:logGet(46)) - raft.server.log.async-flush.enabled = false (default)
2024-02-27 07:54:50,835 [omNode-2-impl-thread1] INFO  server.RaftServerConfigKeys (ConfUtils.java:logGet(46)) - raft.server.log.statemachine.data.caching.enabled = false (default)
2024-02-27 07:54:50,835 [omNode-2-impl-thread1] INFO  segmented.SegmentedRaftLogWorker (SegmentedRaftLogWorker.java:lambda$new$0(134)) - omNode-2@group-523986131536-SegmentedRaftLogWorker: flushIndex: setUnconditionally 0 -> 52
2024-02-27 07:54:50,835 [omNode-2-impl-thread1] INFO  segmented.SegmentedRaftLogWorker (SegmentedRaftLogWorker.java:lambda$new$0(134)) - omNode-2@group-523986131536-SegmentedRaftLogWorker: safeCacheEvictIndex: setUnconditionally 0 -> -1
2024-02-27 07:54:50,835 [omNode-2-impl-thread1] INFO  server.RaftServer$Division (RaftServerImpl.java:start(396)) - omNode-2@group-523986131536: start as a follower, conf=0: peers:[omNode-3|localhost:15273, omNode-1|localhost:15265, omNode-2|localhost:15269]|listeners:[], old=null
2024-02-27 07:54:50,835 [omNode-2-impl-thread1] INFO  server.RaftServer$Division (RaftServerImpl.java:setRole(383)) - omNode-2@group-523986131536: changes role from      null to FOLLOWER at term 1 for startAsFollower
2024-02-27 07:54:50,835 [omNode-2-impl-thread1] INFO  impl.RoleInfo (RoleInfo.java:updateAndGet(139)) - omNode-2: start omNode-2@group-523986131536-FollowerState
2024-02-27 07:54:50,835 [omNode-2@group-523986131536-FollowerState] INFO  server.RaftServerConfigKeys (ConfUtils.java:logFallback(53)) - raft.server.rpc.first-election.timeout.min = 1s (fallback to raft.server.rpc.timeout.min)
2024-02-27 07:54:50,835 [omNode-2-impl-thread1] INFO  util.JmxRegister (JmxRegister.java:tryRegister(44)) - Successfully registered JMX Bean with object name Ratis:service=RaftServer,group=group-523986131536,id=omNode-2
2024-02-27 07:54:50,835 [omNode-2@group-523986131536-FollowerState] INFO  server.RaftServerConfigKeys (ConfUtils.java:logFallback(53)) - raft.server.rpc.first-election.timeout.max = 1200ms (fallback to raft.server.rpc.timeout.max)
2024-02-27 07:54:50,835 [omNode-2-impl-thread1] INFO  server.RaftServerConfigKeys (ConfUtils.java:logGet(46)) - raft.server.snapshot.trigger-when-stop.enabled = true (default)
2024-02-27 07:54:50,835 [omNode-2-impl-thread1] INFO  server.RaftServerConfigKeys (ConfUtils.java:logGet(46)) - raft.server.snapshot.auto.trigger.enabled = true (custom)
2024-02-27 07:54:50,835 [omNode-2-impl-thread1] INFO  server.RaftServerConfigKeys (ConfUtils.java:logGet(46)) - raft.server.snapshot.auto.trigger.threshold = 50 (custom)
2024-02-27 07:54:50,836 [omNode-2-impl-thread1] INFO  server.RaftServerConfigKeys (ConfUtils.java:logGet(46)) - raft.server.snapshot.retention.file.num = -1 (default)
2024-02-27 07:54:50,836 [omNode-2-impl-thread1] INFO  server.RaftServerConfigKeys (ConfUtils.java:logGet(46)) - raft.server.log.purge.upto.snapshot.index = true (custom)
2024-02-27 07:54:50,836 [main] INFO  server.RaftServer (RaftServerProxy.java:startImpl(406)) - omNode-2: start RPC server
2024-02-27 07:54:50,837 [main] INFO  server.GrpcService (GrpcService.java:startImpl(302)) - omNode-2: GrpcService started, listening on 15269
2024-02-27 07:54:50,838 [main] INFO  om.OzoneManager (OzoneManager.java:getRpcServer(1206)) - Creating RPC Server
2024-02-27 07:54:50,838 [JvmPauseMonitor78] INFO  util.JvmPauseMonitor (JvmPauseMonitor.java:run(146)) - JvmPauseMonitor-omNode-2: Started
2024-02-27 07:54:51,050 [main] INFO  ipc.CallQueueManager (CallQueueManager.java:<init>(90)) - Using callQueue: class java.util.concurrent.LinkedBlockingQueue, queueCapacity: 2000, scheduler: class org.apache.hadoop.ipc.DefaultRpcScheduler, ipcBackoff: false.
2024-02-27 07:54:51,050 [main] INFO  ipc.Server (Server.java:<init>(1287)) - Listener at localhost:15266
2024-02-27 07:54:51,051 [Socket Reader #1 for port 15266] INFO  ipc.Server (Server.java:run(1323)) - Starting Socket Reader #1 for port 15266
2024-02-27 07:54:51,053 [main] INFO  http.BaseHttpServer (BaseHttpServer.java:newHttpServer2BuilderForOzone(223)) - Starting Web-server for ozoneManager at: http://0.0.0.0:15267
2024-02-27 07:54:51,054 [main] INFO  http.BaseHttpServer (BaseHttpServer.java:<init>(110)) - Hadoop Security Enabled: false Ozone Security Enabled: false Ozone HTTP Security Enabled: false 
2024-02-27 07:54:51,054 [main] WARN  server.AuthenticationFilter (AuthenticationFilter.java:constructSecretProvider(240)) - Unable to initialize FileSignerSecretProvider, falling back to use random secrets. Reason: Could not read signature secret file: /home/runner/hadoop-http-auth-signature-secret
2024-02-27 07:54:51,055 [main] INFO  http.HttpRequestLog (HttpRequestLog.java:getRequestLog(86)) - Http request log for http.requests.ozoneManager is not defined
2024-02-27 07:54:51,055 [main] INFO  http.HttpServer2 (HttpServer2.java:addGlobalFilter(1036)) - Added global filter 'safety' (class=org.apache.hadoop.hdds.server.http.HttpServer2$QuotingInputFilter)
2024-02-27 07:54:51,056 [main] INFO  http.HttpServer2 (HttpServer2.java:addFilter(1012)) - Added filter static_user_filter (class=org.apache.hadoop.http.lib.StaticUserWebFilter$StaticUserFilter) to context ozoneManager
2024-02-27 07:54:51,056 [main] INFO  http.HttpServer2 (HttpServer2.java:addFilter(1020)) - Added filter static_user_filter (class=org.apache.hadoop.http.lib.StaticUserWebFilter$StaticUserFilter) to context static
2024-02-27 07:54:51,056 [main] INFO  http.HttpServer2 (HttpServer2.java:addFilter(1020)) - Added filter static_user_filter (class=org.apache.hadoop.http.lib.StaticUserWebFilter$StaticUserFilter) to context logs
2024-02-27 07:54:51,056 [main] INFO  http.BaseHttpServer (BaseHttpServer.java:<init>(189)) - HTTP server of ozoneManager uses base directory /home/runner/work/ozone/ozone/hadoop-ozone/integration-test/target/test-dir/MiniOzoneClusterImpl-bc2c81e0-d964-4a8e-97ca-887e98ec88c8/omNode-2/webserver
2024-02-27 07:54:51,056 [main] INFO  http.HttpServer2 (HttpServer2.java:bindListener(1236)) - Jetty bound to port 15267
2024-02-27 07:54:51,057 [main] INFO  server.Server (Server.java:doStart(375)) - jetty-9.4.53.v20231009; built: 2023-10-09T12:29:09.265Z; git: 27bde00a0b95a1d5bbee0eae7984f891d2d0f8c9; jvm 1.8.0_402-b06
2024-02-27 07:54:51,057 [main] INFO  server.session (DefaultSessionIdManager.java:doStart(334)) - DefaultSessionIdManager workerName=node0
2024-02-27 07:54:51,058 [main] INFO  server.session (DefaultSessionIdManager.java:doStart(339)) - No SessionScavenger set, using defaults
2024-02-27 07:54:51,058 [main] INFO  server.session (HouseKeeper.java:startScavenging(132)) - node0 Scavenging every 660000ms
2024-02-27 07:54:51,058 [main] INFO  handler.ContextHandler (ContextHandler.java:doStart(921)) - Started o.e.j.s.ServletContextHandler@7e79b0fe{logs,/logs,file:///home/runner/work/ozone/ozone/hadoop-ozone/integration-test/target/log,AVAILABLE}
2024-02-27 07:54:51,058 [main] INFO  handler.ContextHandler (ContextHandler.java:doStart(921)) - Started o.e.j.s.ServletContextHandler@4c7fc00b{static,/static,file:///home/runner/work/ozone/ozone/hadoop-ozone/integration-test/target/test-classes/webapps/static,AVAILABLE}
2024-02-27 07:54:51,060 [main] INFO  handler.ContextHandler (ContextHandler.java:doStart(921)) - Started o.e.j.w.WebAppContext@3bf29b1d{ozoneManager,/,file:///home/runner/work/ozone/ozone/hadoop-ozone/integration-test/target/test-classes/webapps/ozoneManager/,AVAILABLE}{file:/home/runner/work/ozone/ozone/hadoop-ozone/integration-test/target/test-classes/webapps/ozoneManager}
2024-02-27 07:54:51,060 [main] INFO  server.AbstractConnector (AbstractConnector.java:doStart(333)) - Started ServerConnector@49431ad3{HTTP/1.1, (http/1.1)}{0.0.0.0:15267}
2024-02-27 07:54:51,061 [main] INFO  server.Server (Server.java:doStart(415)) - Started @973769ms
2024-02-27 07:54:51,061 [main] WARN  impl.MetricsSystemImpl (MetricsSystemImpl.java:register(279)) - Sink prometheus already exists!
2024-02-27 07:54:51,061 [main] INFO  http.BaseHttpServer (BaseHttpServer.java:updateConnectorAddress(354)) - HTTP server of ozoneManager listening at http://0.0.0.0:15267
2024-02-27 07:54:51,061 [IPC Server Responder] INFO  ipc.Server (Server.java:run(1562)) - IPC Server Responder: starting
2024-02-27 07:54:51,061 [IPC Server listener on 15266] INFO  ipc.Server (Server.java:run(1402)) - IPC Server listener on 15266: starting
2024-02-27 07:54:51,073 [main] INFO  om.OzoneManager (OzoneManager.java:startTrashEmptier(2093)) - Trash Interval set to 0. Files deleted won't move to trash
]]></system-out>
    </rerunError>
  </testcase>
  <testcase name="testPrepareWithTransactions" classname="org.apache.hadoop.ozone.om.TestOzoneManagerPrepare" time="24.79"/>
  <testcase name="testPrepareWithRestart" classname="org.apache.hadoop.ozone.om.TestOzoneManagerPrepare" time="38.645"/>
</testsuite>