<?xml version="1.0" encoding="UTF-8"?>
<testsuite xmlns:xsi="http://www.w3.org/2001/XMLSchema-instance" xsi:noNamespaceSchemaLocation="https://maven.apache.org/surefire/maven-surefire-plugin/xsd/surefire-test-report-3.0.xsd" version="3.0" name="org.apache.hadoop.hdds.scm.container.replication.TestReplicationManager" time="2.689" tests="16" errors="0" skipped="0" failures="1">
  <properties>
    <property name="awt.toolkit" value="sun.awt.X11.XToolkit"/>
    <property name="file.encoding.pkg" value="sun.io"/>
    <property name="java.specification.version" value="1.8"/>
    <property name="sun.cpu.isalist" value=""/>
    <property name="sun.jnu.encoding" value="UTF-8"/>
    <property name="java.class.path" value="/home/runner/work/ozone/ozone/hadoop-hdds/server-scm/target/test-classes:/home/runner/work/ozone/ozone/hadoop-hdds/server-scm/target/classes:/home/runner/work/ozone/ozone/hadoop-hdds/test-utils/target/classes:/home/runner/.m2/repository/com/google/guava/guava/31.1-jre/guava-31.1-jre.jar:/home/runner/.m2/repository/com/google/guava/failureaccess/1.0.1/failureaccess-1.0.1.jar:/home/runner/.m2/repository/com/google/guava/listenablefuture/9999.0-empty-to-avoid-conflict-with-guava/listenablefuture-9999.0-empty-to-avoid-conflict-with-guava.jar:/home/runner/.m2/repository/org/checkerframework/checker-qual/3.12.0/checker-qual-3.12.0.jar:/home/runner/.m2/repository/com/google/errorprone/error_prone_annotations/2.2.0/error_prone_annotations-2.2.0.jar:/home/runner/.m2/repository/com/google/j2objc/j2objc-annotations/1.3/j2objc-annotations-1.3.jar:/home/runner/.m2/repository/commons-io/commons-io/2.11.0/commons-io-2.11.0.jar:/home/runner/.m2/repository/commons-logging/commons-logging/1.2/commons-logging-1.2.jar:/home/runner/.m2/repository/ch/qos/reload4j/reload4j/1.2.22/reload4j-1.2.22.jar:/home/runner/.m2/repository/org/apache/commons/commons-lang3/3.7/commons-lang3-3.7.jar:/home/runner/.m2/repository/org/slf4j/slf4j-api/1.7.36/slf4j-api-1.7.36.jar:/home/runner/work/ozone/ozone/hadoop-hdds/common/target/classes:/home/runner/work/ozone/ozone/hadoop-hdds/hadoop-dependency-client/target/classes:/home/runner/.m2/repository/info/picocli/picocli/4.6.1/picocli-4.6.1.jar:/home/runner/.m2/repository/com/fasterxml/jackson/core/jackson-annotations/2.13.4/jackson-annotations-2.13.4.jar:/home/runner/.m2/repository/com/fasterxml/jackson/datatype/jackson-datatype-jsr310/2.13.4/jackson-datatype-jsr310-2.13.4.jar:/home/runner/.m2/repository/com/fasterxml/jackson/core/jackson-core/2.13.4/jackson-core-2.13.4.jar:/home/runner/work/ozone/ozone/hadoop-hdds/annotations/target/classes:/home/runner/work/ozone/ozone/hadoop-hdds/config/target/classes:/home/runner/.m2/repository/javax/annotation/javax.annotation-api/1.2/javax.annotation-api-1.2.jar:/home/runner/.m2/repository/org/apache/ratis/ratis-server/2.4.2-8b8bdda-SNAPSHOT/ratis-server-2.4.2-8b8bdda-SNAPSHOT.jar:/home/runner/.m2/repository/org/apache/ratis/ratis-thirdparty-misc/1.0.3/ratis-thirdparty-misc-1.0.3.jar:/home/runner/.m2/repository/org/apache/ratis/ratis-proto/2.4.2-8b8bdda-SNAPSHOT/ratis-proto-2.4.2-8b8bdda-SNAPSHOT.jar:/home/runner/.m2/repository/org/apache/ratis/ratis-common/2.4.2-8b8bdda-SNAPSHOT/ratis-common-2.4.2-8b8bdda-SNAPSHOT.jar:/home/runner/.m2/repository/org/apache/ratis/ratis-client/2.4.2-8b8bdda-SNAPSHOT/ratis-client-2.4.2-8b8bdda-SNAPSHOT.jar:/home/runner/.m2/repository/org/apache/ratis/ratis-server-api/2.4.2-8b8bdda-SNAPSHOT/ratis-server-api-2.4.2-8b8bdda-SNAPSHOT.jar:/home/runner/.m2/repository/org/apache/ratis/ratis-metrics/2.4.2-8b8bdda-SNAPSHOT/ratis-metrics-2.4.2-8b8bdda-SNAPSHOT.jar:/home/runner/.m2/repository/org/apache/ratis/ratis-netty/2.4.2-8b8bdda-SNAPSHOT/ratis-netty-2.4.2-8b8bdda-SNAPSHOT.jar:/home/runner/.m2/repository/org/apache/ratis/ratis-grpc/2.4.2-8b8bdda-SNAPSHOT/ratis-grpc-2.4.2-8b8bdda-SNAPSHOT.jar:/home/runner/.m2/repository/org/apache/logging/log4j/log4j-api/2.17.1/log4j-api-2.17.1.jar:/home/runner/.m2/repository/org/apache/commons/commons-pool2/2.6.0/commons-pool2-2.6.0.jar:/home/runner/.m2/repository/org/bouncycastle/bcpkix-jdk15on/1.67/bcpkix-jdk15on-1.67.jar:/home/runner/.m2/repository/commons-validator/commons-validator/1.6/commons-validator-1.6.jar:/home/runner/.m2/repository/commons-beanutils/commons-beanutils/1.9.4/commons-beanutils-1.9.4.jar:/home/runner/.m2/repository/commons-digester/commons-digester/1.8.1/commons-digester-1.8.1.jar:/home/runner/.m2/repository/commons-collections/commons-collections/3.2.2/commons-collections-3.2.2.jar:/home/runner/.m2/repository/io/jaegertracing/jaeger-client/1.6.0/jaeger-client-1.6.0.jar:/home/runner/.m2/repository/io/jaegertracing/jaeger-thrift/1.6.0/jaeger-thrift-1.6.0.jar:/home/runner/.m2/repository/org/apache/thrift/libthrift/0.14.1/libthrift-0.14.1.jar:/home/runner/.m2/repository/io/jaegertracing/jaeger-core/1.6.0/jaeger-core-1.6.0.jar:/home/runner/.m2/repository/io/jaegertracing/jaeger-tracerresolver/1.6.0/jaeger-tracerresolver-1.6.0.jar:/home/runner/.m2/repository/io/opentracing/contrib/opentracing-tracerresolver/0.1.8/opentracing-tracerresolver-0.1.8.jar:/home/runner/.m2/repository/org/jetbrains/kotlin/kotlin-stdlib/1.6.21/kotlin-stdlib-1.6.21.jar:/home/runner/.m2/repository/org/jetbrains/annotations/13.0/annotations-13.0.jar:/home/runner/.m2/repository/io/opentracing/opentracing-util/0.33.0/opentracing-util-0.33.0.jar:/home/runner/.m2/repository/io/opentracing/opentracing-api/0.33.0/opentracing-api-0.33.0.jar:/home/runner/.m2/repository/io/opentracing/opentracing-noop/0.33.0/opentracing-noop-0.33.0.jar:/home/runner/.m2/repository/org/yaml/snakeyaml/1.33/snakeyaml-1.33.jar:/home/runner/.m2/repository/org/reflections/reflections/0.9.11/reflections-0.9.11.jar:/home/runner/.m2/repository/org/javassist/javassist/3.21.0-GA/javassist-3.21.0-GA.jar:/home/runner/work/ozone/ozone/hadoop-hdds/interface-client/target/classes:/home/runner/.m2/repository/org/apache/hadoop/thirdparty/hadoop-shaded-protobuf_3_7/1.1.1/hadoop-shaded-protobuf_3_7-1.1.1.jar:/home/runner/work/ozone/ozone/hadoop-hdds/interface-admin/target/classes:/home/runner/work/ozone/ozone/hadoop-hdds/container-service/target/classes:/home/runner/.m2/repository/org/apache/commons/commons-compress/1.21/commons-compress-1.21.jar:/home/runner/.m2/repository/com/github/luben/zstd-jni/1.5.2-5/zstd-jni-1.5.2-5.jar:/home/runner/.m2/repository/commons-codec/commons-codec/1.15/commons-codec-1.15.jar:/home/runner/.m2/repository/javax/xml/bind/jaxb-api/2.3.0/jaxb-api-2.3.0.jar:/home/runner/.m2/repository/org/glassfish/jaxb/jaxb-runtime/2.3.0.1/jaxb-runtime-2.3.0.1.jar:/home/runner/.m2/repository/org/glassfish/jaxb/jaxb-core/2.3.0.1/jaxb-core-2.3.0.1.jar:/home/runner/.m2/repository/org/glassfish/jaxb/txw2/2.3.0.1/txw2-2.3.0.1.jar:/home/runner/.m2/repository/com/sun/istack/istack-commons-runtime/3.0.5/istack-commons-runtime-3.0.5.jar:/home/runner/.m2/repository/org/jvnet/staxex/stax-ex/1.7.8/stax-ex-1.7.8.jar:/home/runner/.m2/repository/com/sun/xml/fastinfoset/FastInfoset/1.2.13/FastInfoset-1.2.13.jar:/home/runner/.m2/repository/io/netty/netty-transport/4.1.86.Final/netty-transport-4.1.86.Final.jar:/home/runner/.m2/repository/io/netty/netty-common/4.1.86.Final/netty-common-4.1.86.Final.jar:/home/runner/.m2/repository/io/netty/netty-buffer/4.1.86.Final/netty-buffer-4.1.86.Final.jar:/home/runner/.m2/repository/io/netty/netty-resolver/4.1.86.Final/netty-resolver-4.1.86.Final.jar:/home/runner/.m2/repository/io/netty/netty-codec/4.1.86.Final/netty-codec-4.1.86.Final.jar:/home/runner/.m2/repository/io/netty/netty-handler/4.1.86.Final/netty-handler-4.1.86.Final.jar:/home/runner/.m2/repository/io/netty/netty-transport-native-unix-common/4.1.86.Final/netty-transport-native-unix-common-4.1.86.Final.jar:/home/runner/work/ozone/ozone/hadoop-hdds/client/target/classes:/home/runner/work/ozone/ozone/hadoop-hdds/erasurecode/target/classes:/home/runner/work/ozone/ozone/hadoop-hdds/hadoop-dependency-server/target/classes:/home/runner/.m2/repository/org/apache/hadoop/hadoop-annotations/3.3.4/hadoop-annotations-3.3.4.jar:/usr/lib/jvm/temurin-8-jdk-amd64/jre/../lib/tools.jar:/home/runner/.m2/repository/org/apache/hadoop/hadoop-common/3.3.4/hadoop-common-3.3.4.jar:/home/runner/.m2/repository/org/apache/hadoop/thirdparty/hadoop-shaded-guava/1.1.1/hadoop-shaded-guava-1.1.1.jar:/home/runner/.m2/repository/org/apache/httpcomponents/httpclient/4.5.13/httpclient-4.5.13.jar:/home/runner/.m2/repository/org/apache/httpcomponents/httpcore/4.4.13/httpcore-4.4.13.jar:/home/runner/.m2/repository/commons-net/commons-net/3.9.0/commons-net-3.9.0.jar:/home/runner/.m2/repository/javax/servlet/javax.servlet-api/3.1.0/javax.servlet-api-3.1.0.jar:/home/runner/.m2/repository/jakarta/activation/jakarta.activation-api/1.2.1/jakarta.activation-api-1.2.1.jar:/home/runner/.m2/repository/javax/servlet/jsp/jsp-api/2.1/jsp-api-2.1.jar:/home/runner/.m2/repository/com/sun/jersey/jersey-core/1.19/jersey-core-1.19.jar:/home/runner/.m2/repository/javax/ws/rs/jsr311-api/1.1.1/jsr311-api-1.1.1.jar:/home/runner/.m2/repository/com/sun/jersey/jersey-servlet/1.19/jersey-servlet-1.19.jar:/home/runner/.m2/repository/com/sun/jersey/jersey-server/1.19/jersey-server-1.19.jar:/home/runner/.m2/repository/com/google/re2j/re2j/1.1/re2j-1.1.jar:/home/runner/.m2/repository/com/google/code/gson/gson/2.9.0/gson-2.9.0.jar:/home/runner/.m2/repository/org/apache/hadoop/hadoop-auth/3.3.4/hadoop-auth-3.3.4.jar:/home/runner/.m2/repository/com/nimbusds/nimbus-jose-jwt/9.8.1/nimbus-jose-jwt-9.8.1.jar:/home/runner/.m2/repository/com/github/stephenc/jcip/jcip-annotations/1.0-1/jcip-annotations-1.0-1.jar:/home/runner/.m2/repository/net/minidev/json-smart/2.4.7/json-smart-2.4.7.jar:/home/runner/.m2/repository/net/minidev/accessors-smart/2.4.7/accessors-smart-2.4.7.jar:/home/runner/.m2/repository/org/ow2/asm/asm/5.0.4/asm-5.0.4.jar:/home/runner/.m2/repository/org/apache/kerby/kerb-simplekdc/1.0.1/kerb-simplekdc-1.0.1.jar:/home/runner/.m2/repository/org/apache/kerby/kerb-client/1.0.1/kerb-client-1.0.1.jar:/home/runner/.m2/repository/org/apache/kerby/kerby-config/1.0.1/kerby-config-1.0.1.jar:/home/runner/.m2/repository/org/apache/kerby/kerb-common/1.0.1/kerb-common-1.0.1.jar:/home/runner/.m2/repository/org/apache/kerby/kerb-crypto/1.0.1/kerb-crypto-1.0.1.jar:/home/runner/.m2/repository/org/apache/kerby/kerb-util/1.0.1/kerb-util-1.0.1.jar:/home/runner/.m2/repository/org/apache/kerby/token-provider/1.0.1/token-provider-1.0.1.jar:/home/runner/.m2/repository/org/apache/kerby/kerb-admin/1.0.1/kerb-admin-1.0.1.jar:/home/runner/.m2/repository/org/apache/kerby/kerb-server/1.0.1/kerb-server-1.0.1.jar:/home/runner/.m2/repository/org/apache/kerby/kerb-identity/1.0.1/kerb-identity-1.0.1.jar:/home/runner/.m2/repository/org/apache/kerby/kerby-xdr/1.0.1/kerby-xdr-1.0.1.jar:/home/runner/.m2/repository/com/jcraft/jsch/0.1.54/jsch-0.1.54.jar:/home/runner/.m2/repository/org/apache/kerby/kerb-core/1.0.1/kerb-core-1.0.1.jar:/home/runner/.m2/repository/org/apache/kerby/kerby-pkix/1.0.1/kerby-pkix-1.0.1.jar:/home/runner/.m2/repository/org/apache/kerby/kerby-asn1/1.0.1/kerby-asn1-1.0.1.jar:/home/runner/.m2/repository/org/apache/kerby/kerby-util/1.0.1/kerby-util-1.0.1.jar:/home/runner/.m2/repository/org/codehaus/woodstox/stax2-api/4.2.1/stax2-api-4.2.1.jar:/home/runner/.m2/repository/com/fasterxml/woodstox/woodstox-core/5.4.0/woodstox-core-5.4.0.jar:/home/runner/.m2/repository/dnsjava/dnsjava/2.1.7/dnsjava-2.1.7.jar:/home/runner/.m2/repository/org/xerial/snappy/snappy-java/1.1.8.2/snappy-java-1.1.8.2.jar:/home/runner/.m2/repository/commons-cli/commons-cli/1.2/commons-cli-1.2.jar:/home/runner/.m2/repository/org/apache/hadoop/hadoop-hdfs/3.3.4/hadoop-hdfs-3.3.4.jar:/home/runner/.m2/repository/org/eclipse/jetty/jetty-util-ajax/9.4.49.v20220914/jetty-util-ajax-9.4.49.v20220914.jar:/home/runner/.m2/repository/commons-daemon/commons-daemon/1.0.13/commons-daemon-1.0.13.jar:/home/runner/work/ozone/ozone/hadoop-hdds/framework/target/classes:/home/runner/work/ozone/ozone/hadoop-hdds/interface-server/target/classes:/home/runner/.m2/repository/org/slf4j/slf4j-reload4j/1.7.36/slf4j-reload4j-1.7.36.jar:/home/runner/.m2/repository/org/apache/commons/commons-configuration2/2.1.1/commons-configuration2-2.1.1.jar:/home/runner/.m2/repository/org/apache/logging/log4j/log4j-core/2.17.1/log4j-core-2.17.1.jar:/home/runner/.m2/repository/com/lmax/disruptor/3.4.2/disruptor-3.4.2.jar:/home/runner/.m2/repository/org/eclipse/jetty/jetty-util/9.4.49.v20220914/jetty-util-9.4.49.v20220914.jar:/home/runner/.m2/repository/org/eclipse/jetty/jetty-server/9.4.49.v20220914/jetty-server-9.4.49.v20220914.jar:/home/runner/.m2/repository/org/eclipse/jetty/jetty-http/9.4.49.v20220914/jetty-http-9.4.49.v20220914.jar:/home/runner/.m2/repository/org/eclipse/jetty/jetty-io/9.4.49.v20220914/jetty-io-9.4.49.v20220914.jar:/home/runner/.m2/repository/org/eclipse/jetty/jetty-servlet/9.4.49.v20220914/jetty-servlet-9.4.49.v20220914.jar:/home/runner/.m2/repository/org/eclipse/jetty/jetty-security/9.4.49.v20220914/jetty-security-9.4.49.v20220914.jar:/home/runner/.m2/repository/org/eclipse/jetty/jetty-webapp/9.4.49.v20220914/jetty-webapp-9.4.49.v20220914.jar:/home/runner/.m2/repository/org/eclipse/jetty/jetty-xml/9.4.49.v20220914/jetty-xml-9.4.49.v20220914.jar:/home/runner/.m2/repository/org/rocksdb/rocksdbjni/7.7.3/rocksdbjni-7.7.3.jar:/home/runner/.m2/repository/io/prometheus/simpleclient_dropwizard/0.7.0/simpleclient_dropwizard-0.7.0.jar:/home/runner/.m2/repository/io/prometheus/simpleclient/0.7.0/simpleclient-0.7.0.jar:/home/runner/.m2/repository/io/prometheus/simpleclient_common/0.7.0/simpleclient_common-0.7.0.jar:/home/runner/work/ozone/ozone/hadoop-hdds/docs/target/classes:/home/runner/.m2/repository/io/dropwizard/metrics/metrics-core/3.2.4/metrics-core-3.2.4.jar:/home/runner/.m2/repository/com/github/spotbugs/spotbugs-annotations/3.1.12/spotbugs-annotations-3.1.12.jar:/home/runner/.m2/repository/com/google/code/findbugs/jsr305/3.0.0/jsr305-3.0.0.jar:/home/runner/.m2/repository/org/apache/commons/commons-math3/3.1.1/commons-math3-3.1.1.jar:/home/runner/.m2/repository/org/apache/commons/commons-text/1.4/commons-text-1.4.jar:/home/runner/.m2/repository/org/apache/hadoop/hadoop-hdfs-client/3.3.4/hadoop-hdfs-client-3.3.4.jar:/home/runner/.m2/repository/com/squareup/okhttp3/okhttp/4.9.3/okhttp-4.9.3.jar:/home/runner/.m2/repository/com/squareup/okio/okio/2.8.0/okio-2.8.0.jar:/home/runner/.m2/repository/org/jetbrains/kotlin/kotlin-stdlib-common/1.4.10/kotlin-stdlib-common-1.4.10.jar:/home/runner/.m2/repository/com/fasterxml/jackson/core/jackson-databind/2.13.4.2/jackson-databind-2.13.4.2.jar:/home/runner/work/ozone/ozone/hadoop-hdds/container-service/target/test-classes:/home/runner/work/ozone/ozone/hadoop-hdds/common/target/test-classes:/home/runner/.m2/repository/org/hamcrest/hamcrest-core/1.3/hamcrest-core-1.3.jar:/home/runner/.m2/repository/org/assertj/assertj-core/3.12.2/assertj-core-3.12.2.jar:/home/runner/.m2/repository/org/mockito/mockito-core/2.28.2/mockito-core-2.28.2.jar:/home/runner/.m2/repository/net/bytebuddy/byte-buddy/1.9.10/byte-buddy-1.9.10.jar:/home/runner/.m2/repository/net/bytebuddy/byte-buddy-agent/1.9.10/byte-buddy-agent-1.9.10.jar:/home/runner/.m2/repository/org/objenesis/objenesis/1.0/objenesis-1.0.jar:/home/runner/.m2/repository/org/hamcrest/hamcrest-all/1.3/hamcrest-all-1.3.jar:/home/runner/.m2/repository/org/bouncycastle/bcprov-jdk15on/1.67/bcprov-jdk15on-1.67.jar:/home/runner/work/ozone/ozone/hadoop-hdds/hadoop-dependency-test/target/classes:/home/runner/.m2/repository/org/apache/hadoop/hadoop-common/3.3.4/hadoop-common-3.3.4-tests.jar:/home/runner/.m2/repository/org/apache/hadoop/hadoop-hdfs/3.3.4/hadoop-hdfs-3.3.4-tests.jar:/home/runner/.m2/repository/com/google/protobuf/protobuf-java/2.5.0/protobuf-java-2.5.0.jar:/home/runner/.m2/repository/org/junit/jupiter/junit-jupiter-api/5.8.2/junit-jupiter-api-5.8.2.jar:/home/runner/.m2/repository/org/opentest4j/opentest4j/1.2.0/opentest4j-1.2.0.jar:/home/runner/.m2/repository/org/junit/platform/junit-platform-commons/1.8.2/junit-platform-commons-1.8.2.jar:/home/runner/.m2/repository/org/apiguardian/apiguardian-api/1.1.2/apiguardian-api-1.1.2.jar:/home/runner/.m2/repository/org/junit/jupiter/junit-jupiter-engine/5.8.2/junit-jupiter-engine-5.8.2.jar:/home/runner/.m2/repository/org/junit/platform/junit-platform-engine/1.8.2/junit-platform-engine-1.8.2.jar:/home/runner/.m2/repository/org/junit/vintage/junit-vintage-engine/5.8.2/junit-vintage-engine-5.8.2.jar:/home/runner/.m2/repository/org/junit/platform/junit-platform-launcher/1.8.2/junit-platform-launcher-1.8.2.jar:/home/runner/.m2/repository/org/junit/jupiter/junit-jupiter-params/5.8.2/junit-jupiter-params-5.8.2.jar:/home/runner/.m2/repository/junit/junit/4.13.1/junit-4.13.1.jar:"/>
    <property name="java.vm.vendor" value="Temurin"/>
    <property name="sun.arch.data.model" value="64"/>
    <property name="test.build.dir" value="/home/runner/work/ozone/ozone/hadoop-hdds/server-scm/target/test-dir"/>
    <property name="test.cache.data" value=""/>
    <property name="java.vendor.url" value="https://adoptium.net/"/>
    <property name="user.timezone" value="Etc/UTC"/>
    <property name="java.vm.specification.version" value="1.8"/>
    <property name="os.name" value="Linux"/>
    <property name="test.build.data" value="/home/runner/work/ozone/ozone/hadoop-hdds/server-scm/target/test-dir"/>
    <property name="sun.java.launcher" value="SUN_STANDARD"/>
    <property name="sun.boot.library.path" value="/usr/lib/jvm/temurin-8-jdk-amd64/jre/lib/amd64"/>
    <property name="sun.java.command" value="/home/runner/work/ozone/ozone/hadoop-hdds/server-scm/target/surefire/surefirebooter6082195986229847478.jar /home/runner/work/ozone/ozone/hadoop-hdds/server-scm/target/surefire 2023-01-24T21-36-53_010-jvmRun1 surefire8647443697733388368tmp surefire_2724072874694233350203tmp"/>
    <property name="surefire.test.class.path" value="/home/runner/work/ozone/ozone/hadoop-hdds/server-scm/target/test-classes:/home/runner/work/ozone/ozone/hadoop-hdds/server-scm/target/classes:/home/runner/work/ozone/ozone/hadoop-hdds/test-utils/target/classes:/home/runner/.m2/repository/com/google/guava/guava/31.1-jre/guava-31.1-jre.jar:/home/runner/.m2/repository/com/google/guava/failureaccess/1.0.1/failureaccess-1.0.1.jar:/home/runner/.m2/repository/com/google/guava/listenablefuture/9999.0-empty-to-avoid-conflict-with-guava/listenablefuture-9999.0-empty-to-avoid-conflict-with-guava.jar:/home/runner/.m2/repository/org/checkerframework/checker-qual/3.12.0/checker-qual-3.12.0.jar:/home/runner/.m2/repository/com/google/errorprone/error_prone_annotations/2.2.0/error_prone_annotations-2.2.0.jar:/home/runner/.m2/repository/com/google/j2objc/j2objc-annotations/1.3/j2objc-annotations-1.3.jar:/home/runner/.m2/repository/commons-io/commons-io/2.11.0/commons-io-2.11.0.jar:/home/runner/.m2/repository/commons-logging/commons-logging/1.2/commons-logging-1.2.jar:/home/runner/.m2/repository/ch/qos/reload4j/reload4j/1.2.22/reload4j-1.2.22.jar:/home/runner/.m2/repository/org/apache/commons/commons-lang3/3.7/commons-lang3-3.7.jar:/home/runner/.m2/repository/org/slf4j/slf4j-api/1.7.36/slf4j-api-1.7.36.jar:/home/runner/work/ozone/ozone/hadoop-hdds/common/target/classes:/home/runner/work/ozone/ozone/hadoop-hdds/hadoop-dependency-client/target/classes:/home/runner/.m2/repository/info/picocli/picocli/4.6.1/picocli-4.6.1.jar:/home/runner/.m2/repository/com/fasterxml/jackson/core/jackson-annotations/2.13.4/jackson-annotations-2.13.4.jar:/home/runner/.m2/repository/com/fasterxml/jackson/datatype/jackson-datatype-jsr310/2.13.4/jackson-datatype-jsr310-2.13.4.jar:/home/runner/.m2/repository/com/fasterxml/jackson/core/jackson-core/2.13.4/jackson-core-2.13.4.jar:/home/runner/work/ozone/ozone/hadoop-hdds/annotations/target/classes:/home/runner/work/ozone/ozone/hadoop-hdds/config/target/classes:/home/runner/.m2/repository/javax/annotation/javax.annotation-api/1.2/javax.annotation-api-1.2.jar:/home/runner/.m2/repository/org/apache/ratis/ratis-server/2.4.2-8b8bdda-SNAPSHOT/ratis-server-2.4.2-8b8bdda-SNAPSHOT.jar:/home/runner/.m2/repository/org/apache/ratis/ratis-thirdparty-misc/1.0.3/ratis-thirdparty-misc-1.0.3.jar:/home/runner/.m2/repository/org/apache/ratis/ratis-proto/2.4.2-8b8bdda-SNAPSHOT/ratis-proto-2.4.2-8b8bdda-SNAPSHOT.jar:/home/runner/.m2/repository/org/apache/ratis/ratis-common/2.4.2-8b8bdda-SNAPSHOT/ratis-common-2.4.2-8b8bdda-SNAPSHOT.jar:/home/runner/.m2/repository/org/apache/ratis/ratis-client/2.4.2-8b8bdda-SNAPSHOT/ratis-client-2.4.2-8b8bdda-SNAPSHOT.jar:/home/runner/.m2/repository/org/apache/ratis/ratis-server-api/2.4.2-8b8bdda-SNAPSHOT/ratis-server-api-2.4.2-8b8bdda-SNAPSHOT.jar:/home/runner/.m2/repository/org/apache/ratis/ratis-metrics/2.4.2-8b8bdda-SNAPSHOT/ratis-metrics-2.4.2-8b8bdda-SNAPSHOT.jar:/home/runner/.m2/repository/org/apache/ratis/ratis-netty/2.4.2-8b8bdda-SNAPSHOT/ratis-netty-2.4.2-8b8bdda-SNAPSHOT.jar:/home/runner/.m2/repository/org/apache/ratis/ratis-grpc/2.4.2-8b8bdda-SNAPSHOT/ratis-grpc-2.4.2-8b8bdda-SNAPSHOT.jar:/home/runner/.m2/repository/org/apache/logging/log4j/log4j-api/2.17.1/log4j-api-2.17.1.jar:/home/runner/.m2/repository/org/apache/commons/commons-pool2/2.6.0/commons-pool2-2.6.0.jar:/home/runner/.m2/repository/org/bouncycastle/bcpkix-jdk15on/1.67/bcpkix-jdk15on-1.67.jar:/home/runner/.m2/repository/commons-validator/commons-validator/1.6/commons-validator-1.6.jar:/home/runner/.m2/repository/commons-beanutils/commons-beanutils/1.9.4/commons-beanutils-1.9.4.jar:/home/runner/.m2/repository/commons-digester/commons-digester/1.8.1/commons-digester-1.8.1.jar:/home/runner/.m2/repository/commons-collections/commons-collections/3.2.2/commons-collections-3.2.2.jar:/home/runner/.m2/repository/io/jaegertracing/jaeger-client/1.6.0/jaeger-client-1.6.0.jar:/home/runner/.m2/repository/io/jaegertracing/jaeger-thrift/1.6.0/jaeger-thrift-1.6.0.jar:/home/runner/.m2/repository/org/apache/thrift/libthrift/0.14.1/libthrift-0.14.1.jar:/home/runner/.m2/repository/io/jaegertracing/jaeger-core/1.6.0/jaeger-core-1.6.0.jar:/home/runner/.m2/repository/io/jaegertracing/jaeger-tracerresolver/1.6.0/jaeger-tracerresolver-1.6.0.jar:/home/runner/.m2/repository/io/opentracing/contrib/opentracing-tracerresolver/0.1.8/opentracing-tracerresolver-0.1.8.jar:/home/runner/.m2/repository/org/jetbrains/kotlin/kotlin-stdlib/1.6.21/kotlin-stdlib-1.6.21.jar:/home/runner/.m2/repository/org/jetbrains/annotations/13.0/annotations-13.0.jar:/home/runner/.m2/repository/io/opentracing/opentracing-util/0.33.0/opentracing-util-0.33.0.jar:/home/runner/.m2/repository/io/opentracing/opentracing-api/0.33.0/opentracing-api-0.33.0.jar:/home/runner/.m2/repository/io/opentracing/opentracing-noop/0.33.0/opentracing-noop-0.33.0.jar:/home/runner/.m2/repository/org/yaml/snakeyaml/1.33/snakeyaml-1.33.jar:/home/runner/.m2/repository/org/reflections/reflections/0.9.11/reflections-0.9.11.jar:/home/runner/.m2/repository/org/javassist/javassist/3.21.0-GA/javassist-3.21.0-GA.jar:/home/runner/work/ozone/ozone/hadoop-hdds/interface-client/target/classes:/home/runner/.m2/repository/org/apache/hadoop/thirdparty/hadoop-shaded-protobuf_3_7/1.1.1/hadoop-shaded-protobuf_3_7-1.1.1.jar:/home/runner/work/ozone/ozone/hadoop-hdds/interface-admin/target/classes:/home/runner/work/ozone/ozone/hadoop-hdds/container-service/target/classes:/home/runner/.m2/repository/org/apache/commons/commons-compress/1.21/commons-compress-1.21.jar:/home/runner/.m2/repository/com/github/luben/zstd-jni/1.5.2-5/zstd-jni-1.5.2-5.jar:/home/runner/.m2/repository/commons-codec/commons-codec/1.15/commons-codec-1.15.jar:/home/runner/.m2/repository/javax/xml/bind/jaxb-api/2.3.0/jaxb-api-2.3.0.jar:/home/runner/.m2/repository/org/glassfish/jaxb/jaxb-runtime/2.3.0.1/jaxb-runtime-2.3.0.1.jar:/home/runner/.m2/repository/org/glassfish/jaxb/jaxb-core/2.3.0.1/jaxb-core-2.3.0.1.jar:/home/runner/.m2/repository/org/glassfish/jaxb/txw2/2.3.0.1/txw2-2.3.0.1.jar:/home/runner/.m2/repository/com/sun/istack/istack-commons-runtime/3.0.5/istack-commons-runtime-3.0.5.jar:/home/runner/.m2/repository/org/jvnet/staxex/stax-ex/1.7.8/stax-ex-1.7.8.jar:/home/runner/.m2/repository/com/sun/xml/fastinfoset/FastInfoset/1.2.13/FastInfoset-1.2.13.jar:/home/runner/.m2/repository/io/netty/netty-transport/4.1.86.Final/netty-transport-4.1.86.Final.jar:/home/runner/.m2/repository/io/netty/netty-common/4.1.86.Final/netty-common-4.1.86.Final.jar:/home/runner/.m2/repository/io/netty/netty-buffer/4.1.86.Final/netty-buffer-4.1.86.Final.jar:/home/runner/.m2/repository/io/netty/netty-resolver/4.1.86.Final/netty-resolver-4.1.86.Final.jar:/home/runner/.m2/repository/io/netty/netty-codec/4.1.86.Final/netty-codec-4.1.86.Final.jar:/home/runner/.m2/repository/io/netty/netty-handler/4.1.86.Final/netty-handler-4.1.86.Final.jar:/home/runner/.m2/repository/io/netty/netty-transport-native-unix-common/4.1.86.Final/netty-transport-native-unix-common-4.1.86.Final.jar:/home/runner/work/ozone/ozone/hadoop-hdds/client/target/classes:/home/runner/work/ozone/ozone/hadoop-hdds/erasurecode/target/classes:/home/runner/work/ozone/ozone/hadoop-hdds/hadoop-dependency-server/target/classes:/home/runner/.m2/repository/org/apache/hadoop/hadoop-annotations/3.3.4/hadoop-annotations-3.3.4.jar:/usr/lib/jvm/temurin-8-jdk-amd64/jre/../lib/tools.jar:/home/runner/.m2/repository/org/apache/hadoop/hadoop-common/3.3.4/hadoop-common-3.3.4.jar:/home/runner/.m2/repository/org/apache/hadoop/thirdparty/hadoop-shaded-guava/1.1.1/hadoop-shaded-guava-1.1.1.jar:/home/runner/.m2/repository/org/apache/httpcomponents/httpclient/4.5.13/httpclient-4.5.13.jar:/home/runner/.m2/repository/org/apache/httpcomponents/httpcore/4.4.13/httpcore-4.4.13.jar:/home/runner/.m2/repository/commons-net/commons-net/3.9.0/commons-net-3.9.0.jar:/home/runner/.m2/repository/javax/servlet/javax.servlet-api/3.1.0/javax.servlet-api-3.1.0.jar:/home/runner/.m2/repository/jakarta/activation/jakarta.activation-api/1.2.1/jakarta.activation-api-1.2.1.jar:/home/runner/.m2/repository/javax/servlet/jsp/jsp-api/2.1/jsp-api-2.1.jar:/home/runner/.m2/repository/com/sun/jersey/jersey-core/1.19/jersey-core-1.19.jar:/home/runner/.m2/repository/javax/ws/rs/jsr311-api/1.1.1/jsr311-api-1.1.1.jar:/home/runner/.m2/repository/com/sun/jersey/jersey-servlet/1.19/jersey-servlet-1.19.jar:/home/runner/.m2/repository/com/sun/jersey/jersey-server/1.19/jersey-server-1.19.jar:/home/runner/.m2/repository/com/google/re2j/re2j/1.1/re2j-1.1.jar:/home/runner/.m2/repository/com/google/code/gson/gson/2.9.0/gson-2.9.0.jar:/home/runner/.m2/repository/org/apache/hadoop/hadoop-auth/3.3.4/hadoop-auth-3.3.4.jar:/home/runner/.m2/repository/com/nimbusds/nimbus-jose-jwt/9.8.1/nimbus-jose-jwt-9.8.1.jar:/home/runner/.m2/repository/com/github/stephenc/jcip/jcip-annotations/1.0-1/jcip-annotations-1.0-1.jar:/home/runner/.m2/repository/net/minidev/json-smart/2.4.7/json-smart-2.4.7.jar:/home/runner/.m2/repository/net/minidev/accessors-smart/2.4.7/accessors-smart-2.4.7.jar:/home/runner/.m2/repository/org/ow2/asm/asm/5.0.4/asm-5.0.4.jar:/home/runner/.m2/repository/org/apache/kerby/kerb-simplekdc/1.0.1/kerb-simplekdc-1.0.1.jar:/home/runner/.m2/repository/org/apache/kerby/kerb-client/1.0.1/kerb-client-1.0.1.jar:/home/runner/.m2/repository/org/apache/kerby/kerby-config/1.0.1/kerby-config-1.0.1.jar:/home/runner/.m2/repository/org/apache/kerby/kerb-common/1.0.1/kerb-common-1.0.1.jar:/home/runner/.m2/repository/org/apache/kerby/kerb-crypto/1.0.1/kerb-crypto-1.0.1.jar:/home/runner/.m2/repository/org/apache/kerby/kerb-util/1.0.1/kerb-util-1.0.1.jar:/home/runner/.m2/repository/org/apache/kerby/token-provider/1.0.1/token-provider-1.0.1.jar:/home/runner/.m2/repository/org/apache/kerby/kerb-admin/1.0.1/kerb-admin-1.0.1.jar:/home/runner/.m2/repository/org/apache/kerby/kerb-server/1.0.1/kerb-server-1.0.1.jar:/home/runner/.m2/repository/org/apache/kerby/kerb-identity/1.0.1/kerb-identity-1.0.1.jar:/home/runner/.m2/repository/org/apache/kerby/kerby-xdr/1.0.1/kerby-xdr-1.0.1.jar:/home/runner/.m2/repository/com/jcraft/jsch/0.1.54/jsch-0.1.54.jar:/home/runner/.m2/repository/org/apache/kerby/kerb-core/1.0.1/kerb-core-1.0.1.jar:/home/runner/.m2/repository/org/apache/kerby/kerby-pkix/1.0.1/kerby-pkix-1.0.1.jar:/home/runner/.m2/repository/org/apache/kerby/kerby-asn1/1.0.1/kerby-asn1-1.0.1.jar:/home/runner/.m2/repository/org/apache/kerby/kerby-util/1.0.1/kerby-util-1.0.1.jar:/home/runner/.m2/repository/org/codehaus/woodstox/stax2-api/4.2.1/stax2-api-4.2.1.jar:/home/runner/.m2/repository/com/fasterxml/woodstox/woodstox-core/5.4.0/woodstox-core-5.4.0.jar:/home/runner/.m2/repository/dnsjava/dnsjava/2.1.7/dnsjava-2.1.7.jar:/home/runner/.m2/repository/org/xerial/snappy/snappy-java/1.1.8.2/snappy-java-1.1.8.2.jar:/home/runner/.m2/repository/commons-cli/commons-cli/1.2/commons-cli-1.2.jar:/home/runner/.m2/repository/org/apache/hadoop/hadoop-hdfs/3.3.4/hadoop-hdfs-3.3.4.jar:/home/runner/.m2/repository/org/eclipse/jetty/jetty-util-ajax/9.4.49.v20220914/jetty-util-ajax-9.4.49.v20220914.jar:/home/runner/.m2/repository/commons-daemon/commons-daemon/1.0.13/commons-daemon-1.0.13.jar:/home/runner/work/ozone/ozone/hadoop-hdds/framework/target/classes:/home/runner/work/ozone/ozone/hadoop-hdds/interface-server/target/classes:/home/runner/.m2/repository/org/slf4j/slf4j-reload4j/1.7.36/slf4j-reload4j-1.7.36.jar:/home/runner/.m2/repository/org/apache/commons/commons-configuration2/2.1.1/commons-configuration2-2.1.1.jar:/home/runner/.m2/repository/org/apache/logging/log4j/log4j-core/2.17.1/log4j-core-2.17.1.jar:/home/runner/.m2/repository/com/lmax/disruptor/3.4.2/disruptor-3.4.2.jar:/home/runner/.m2/repository/org/eclipse/jetty/jetty-util/9.4.49.v20220914/jetty-util-9.4.49.v20220914.jar:/home/runner/.m2/repository/org/eclipse/jetty/jetty-server/9.4.49.v20220914/jetty-server-9.4.49.v20220914.jar:/home/runner/.m2/repository/org/eclipse/jetty/jetty-http/9.4.49.v20220914/jetty-http-9.4.49.v20220914.jar:/home/runner/.m2/repository/org/eclipse/jetty/jetty-io/9.4.49.v20220914/jetty-io-9.4.49.v20220914.jar:/home/runner/.m2/repository/org/eclipse/jetty/jetty-servlet/9.4.49.v20220914/jetty-servlet-9.4.49.v20220914.jar:/home/runner/.m2/repository/org/eclipse/jetty/jetty-security/9.4.49.v20220914/jetty-security-9.4.49.v20220914.jar:/home/runner/.m2/repository/org/eclipse/jetty/jetty-webapp/9.4.49.v20220914/jetty-webapp-9.4.49.v20220914.jar:/home/runner/.m2/repository/org/eclipse/jetty/jetty-xml/9.4.49.v20220914/jetty-xml-9.4.49.v20220914.jar:/home/runner/.m2/repository/org/rocksdb/rocksdbjni/7.7.3/rocksdbjni-7.7.3.jar:/home/runner/.m2/repository/io/prometheus/simpleclient_dropwizard/0.7.0/simpleclient_dropwizard-0.7.0.jar:/home/runner/.m2/repository/io/prometheus/simpleclient/0.7.0/simpleclient-0.7.0.jar:/home/runner/.m2/repository/io/prometheus/simpleclient_common/0.7.0/simpleclient_common-0.7.0.jar:/home/runner/work/ozone/ozone/hadoop-hdds/docs/target/classes:/home/runner/.m2/repository/io/dropwizard/metrics/metrics-core/3.2.4/metrics-core-3.2.4.jar:/home/runner/.m2/repository/com/github/spotbugs/spotbugs-annotations/3.1.12/spotbugs-annotations-3.1.12.jar:/home/runner/.m2/repository/com/google/code/findbugs/jsr305/3.0.0/jsr305-3.0.0.jar:/home/runner/.m2/repository/org/apache/commons/commons-math3/3.1.1/commons-math3-3.1.1.jar:/home/runner/.m2/repository/org/apache/commons/commons-text/1.4/commons-text-1.4.jar:/home/runner/.m2/repository/org/apache/hadoop/hadoop-hdfs-client/3.3.4/hadoop-hdfs-client-3.3.4.jar:/home/runner/.m2/repository/com/squareup/okhttp3/okhttp/4.9.3/okhttp-4.9.3.jar:/home/runner/.m2/repository/com/squareup/okio/okio/2.8.0/okio-2.8.0.jar:/home/runner/.m2/repository/org/jetbrains/kotlin/kotlin-stdlib-common/1.4.10/kotlin-stdlib-common-1.4.10.jar:/home/runner/.m2/repository/com/fasterxml/jackson/core/jackson-databind/2.13.4.2/jackson-databind-2.13.4.2.jar:/home/runner/work/ozone/ozone/hadoop-hdds/container-service/target/test-classes:/home/runner/work/ozone/ozone/hadoop-hdds/common/target/test-classes:/home/runner/.m2/repository/org/hamcrest/hamcrest-core/1.3/hamcrest-core-1.3.jar:/home/runner/.m2/repository/org/assertj/assertj-core/3.12.2/assertj-core-3.12.2.jar:/home/runner/.m2/repository/org/mockito/mockito-core/2.28.2/mockito-core-2.28.2.jar:/home/runner/.m2/repository/net/bytebuddy/byte-buddy/1.9.10/byte-buddy-1.9.10.jar:/home/runner/.m2/repository/net/bytebuddy/byte-buddy-agent/1.9.10/byte-buddy-agent-1.9.10.jar:/home/runner/.m2/repository/org/objenesis/objenesis/1.0/objenesis-1.0.jar:/home/runner/.m2/repository/org/hamcrest/hamcrest-all/1.3/hamcrest-all-1.3.jar:/home/runner/.m2/repository/org/bouncycastle/bcprov-jdk15on/1.67/bcprov-jdk15on-1.67.jar:/home/runner/work/ozone/ozone/hadoop-hdds/hadoop-dependency-test/target/classes:/home/runner/.m2/repository/org/apache/hadoop/hadoop-common/3.3.4/hadoop-common-3.3.4-tests.jar:/home/runner/.m2/repository/org/apache/hadoop/hadoop-hdfs/3.3.4/hadoop-hdfs-3.3.4-tests.jar:/home/runner/.m2/repository/com/google/protobuf/protobuf-java/2.5.0/protobuf-java-2.5.0.jar:/home/runner/.m2/repository/org/junit/jupiter/junit-jupiter-api/5.8.2/junit-jupiter-api-5.8.2.jar:/home/runner/.m2/repository/org/opentest4j/opentest4j/1.2.0/opentest4j-1.2.0.jar:/home/runner/.m2/repository/org/junit/platform/junit-platform-commons/1.8.2/junit-platform-commons-1.8.2.jar:/home/runner/.m2/repository/org/apiguardian/apiguardian-api/1.1.2/apiguardian-api-1.1.2.jar:/home/runner/.m2/repository/org/junit/jupiter/junit-jupiter-engine/5.8.2/junit-jupiter-engine-5.8.2.jar:/home/runner/.m2/repository/org/junit/platform/junit-platform-engine/1.8.2/junit-platform-engine-1.8.2.jar:/home/runner/.m2/repository/org/junit/vintage/junit-vintage-engine/5.8.2/junit-vintage-engine-5.8.2.jar:/home/runner/.m2/repository/org/junit/platform/junit-platform-launcher/1.8.2/junit-platform-launcher-1.8.2.jar:/home/runner/.m2/repository/org/junit/jupiter/junit-jupiter-params/5.8.2/junit-jupiter-params-5.8.2.jar:/home/runner/.m2/repository/junit/junit/4.13.1/junit-4.13.1.jar:"/>
    <property name="sun.cpu.endian" value="little"/>
    <property name="user.home" value="/home/runner"/>
    <property name="user.language" value="en"/>
    <property name="java.specification.vendor" value="Oracle Corporation"/>
    <property name="java.home" value="/usr/lib/jvm/temurin-8-jdk-amd64/jre"/>
    <property name="java.security.krb5.conf" value="/home/runner/work/ozone/ozone/hadoop-hdds/server-scm/target/test-classes/krb5.conf"/>
    <property name="basedir" value="/home/runner/work/ozone/ozone/hadoop-hdds/server-scm"/>
    <property name="file.separator" value="/"/>
    <property name="line.separator" value="&#10;"/>
    <property name="java.vm.specification.vendor" value="Oracle Corporation"/>
    <property name="java.specification.name" value="Java Platform API Specification"/>
    <property name="java.awt.graphicsenv" value="sun.awt.X11GraphicsEnvironment"/>
    <property name="skip.installnpx" value="true"/>
    <property name="surefire.real.class.path" value="/home/runner/work/ozone/ozone/hadoop-hdds/server-scm/target/surefire/surefirebooter6082195986229847478.jar:/home/runner/.m2/repository/org/jacoco/org.jacoco.agent/0.8.5/org.jacoco.agent-0.8.5-runtime.jar"/>
    <property name="hadoop.log.dir" value="/home/runner/work/ozone/ozone/hadoop-hdds/server-scm/target/log"/>
    <property name="sun.boot.class.path" value="/usr/lib/jvm/temurin-8-jdk-amd64/jre/lib/resources.jar:/usr/lib/jvm/temurin-8-jdk-amd64/jre/lib/rt.jar:/usr/lib/jvm/temurin-8-jdk-amd64/jre/lib/sunrsasign.jar:/usr/lib/jvm/temurin-8-jdk-amd64/jre/lib/jsse.jar:/usr/lib/jvm/temurin-8-jdk-amd64/jre/lib/jce.jar:/usr/lib/jvm/temurin-8-jdk-amd64/jre/lib/charsets.jar:/usr/lib/jvm/temurin-8-jdk-amd64/jre/lib/jfr.jar:/usr/lib/jvm/temurin-8-jdk-amd64/jre/classes"/>
    <property name="sun.management.compiler" value="HotSpot 64-Bit Tiered Compilers"/>
    <property name="skip.npx" value="true"/>
    <property name="java.runtime.version" value="1.8.0_352-b08"/>
    <property name="java.net.preferIPv4Stack" value="true"/>
    <property name="user.name" value="runner"/>
    <property name="path.separator" value=":"/>
    <property name="java.security.egd" value="file:///dev/urandom"/>
    <property name="os.version" value="5.15.0-1031-azure"/>
    <property name="java.endorsed.dirs" value="/usr/lib/jvm/temurin-8-jdk-amd64/jre/lib/endorsed"/>
    <property name="java.runtime.name" value="OpenJDK Runtime Environment"/>
    <property name="file.encoding" value="UTF-8"/>
    <property name="java.vm.name" value="OpenJDK 64-Bit Server VM"/>
    <property name="test.build.webapps" value=""/>
    <property name="localRepository" value="/home/runner/.m2/repository"/>
    <property name="java.vendor.url.bug" value="https://github.com/adoptium/adoptium-support/issues"/>
    <property name="java.io.tmpdir" value="/tmp"/>
    <property name="require.test.libhadoop" value=""/>
    <property name="java.version" value="1.8.0_352"/>
    <property name="user.dir" value="/home/runner/work/ozone/ozone/hadoop-hdds/server-scm"/>
    <property name="os.arch" value="amd64"/>
    <property name="java.vm.specification.name" value="Java Virtual Machine Specification"/>
    <property name="test.build.classes" value="/home/runner/work/ozone/ozone/hadoop-hdds/server-scm/target/test-classes"/>
    <property name="java.awt.printerjob" value="sun.print.PSPrinterJob"/>
    <property name="sun.os.patch.level" value="unknown"/>
    <property name="hadoop.tmp.dir" value="/home/runner/work/ozone/ozone/hadoop-hdds/server-scm/target/tmp"/>
    <property name="java.library.path" value="/usr/java/packages/lib/amd64:/usr/lib64:/lib64:/lib:/usr/lib"/>
    <property name="java.vm.info" value="mixed mode"/>
    <property name="java.vendor" value="Temurin"/>
    <property name="java.vm.version" value="25.352-b08"/>
    <property name="java.specification.maintenance.version" value="4"/>
    <property name="java.ext.dirs" value="/usr/lib/jvm/temurin-8-jdk-amd64/jre/lib/ext:/usr/java/packages/lib/ext"/>
    <property name="sun.io.unicode.encoding" value="UnicodeLittle"/>
    <property name="java.class.version" value="52.0"/>
  </properties>
  <testcase name="testUnderReplicatedClosedContainerWithUnHealthyAndClosingReplicas" classname="org.apache.hadoop.hdds.scm.container.replication.TestReplicationManager" time="2.26">
    <system-out><![CDATA[2023-01-24 21:58:35,625 [main] INFO  replication.ReplicationManager (ReplicationManager.java:start(262)) - Starting Replication Monitor Thread.
2023-01-24 21:58:35,641 [ReplicationMonitor] INFO  replication.ReplicationManager (ReplicationManager.java:processAll(331)) - Replication Manager is not ready to run until 0ms after safemode exit
2023-01-24 21:58:35,678 [main] INFO  replication.ReplicationManager (ReplicationManager.java:sendDatanodeCommand(428)) - Sending command [closeContainerCommand: containerID: 1, pipelineID: PipelineID=664241b6-46f4-438c-9d88-d4ebbc160fab, force: true] for container ContainerInfo{id=#1, state=CLOSED, pipelineID=PipelineID=664241b6-46f4-438c-9d88-d4ebbc160fab, stateEnterTime=1970-01-01T00:00:00Z, owner=Ozone} to 03fff675-00f8-4c43-aa62-a4baacdbeb66(localhost-76.125.218.160/76.125.218.160)
]]></system-out>
  </testcase>
  <testcase name="testUnderAndOverReplicated" classname="org.apache.hadoop.hdds.scm.container.replication.TestReplicationManager" time="0.053">
    <system-out><![CDATA[2023-01-24 21:58:35,737 [main] INFO  replication.ReplicationManager (ReplicationManager.java:start(262)) - Starting Replication Monitor Thread.
]]></system-out>
  </testcase>
  <testcase name="testSendDatanodeReconstructCommand" classname="org.apache.hadoop.hdds.scm.container.replication.TestReplicationManager" time="0.054">
    <system-out><![CDATA[2023-01-24 21:58:35,745 [ReplicationMonitor] INFO  replication.ReplicationManager (ReplicationManager.java:processAll(331)) - Replication Manager is not ready to run until 0ms after safemode exit
2023-01-24 21:58:35,772 [main] INFO  replication.ReplicationManager (ReplicationManager.java:start(262)) - Starting Replication Monitor Thread.
2023-01-24 21:58:35,784 [main] INFO  replication.ReplicationManager (ReplicationManager.java:sendDatanodeCommand(428)) - Sending command [reconstructECContainersCommand: containerID: 1, replicationConfig: EC/ECReplicationConfig{data=3, parity=2, ecChunkSize=1048576, codec=rs}, sources: [e3689048-6a84-41a2-a1aa-a16832404bcf(localhost-166.113.233.47/166.113.233.47) replicaIndex: 1, 0c1b8110-85e7-4991-822d-5b8a6fa628c4(localhost-71.117.158.70/71.117.158.70) replicaIndex: 2, 9e9ba6fc-a11b-40fe-bb52-740473456fa1(localhost-146.129.234.29/146.129.234.29) replicaIndex: 3], targets: [ab25ae46-532a-4f10-a877-6e70a9f2897f(localhost-129.134.126.197/129.134.126.197), df024746-2222-4a6b-a311-a17759e3bb58(localhost-75.219.247.25/75.219.247.25)], missingIndexes: [4, 5]] for container ContainerInfo{id=#1, state=CLOSED, pipelineID=PipelineID=b4340ea2-0373-4787-9932-1dcbf948a987, stateEnterTime=1970-01-01T00:00:00Z, owner=Ozone} to ab25ae46-532a-4f10-a877-6e70a9f2897f(localhost-129.134.126.197/129.134.126.197)
2023-01-24 21:58:35,785 [ReplicationMonitor] INFO  replication.ReplicationManager (ReplicationManager.java:processAll(331)) - Replication Manager is not ready to run until 0ms after safemode exit
]]></system-out>
  </testcase>
  <testcase name="testUnhealthyOpenContainerClosed" classname="org.apache.hadoop.hdds.scm.container.replication.TestReplicationManager" time="0.019">
    <system-out><![CDATA[2023-01-24 21:58:35,813 [main] INFO  replication.ReplicationManager (ReplicationManager.java:start(262)) - Starting Replication Monitor Thread.
]]></system-out>
  </testcase>
  <testcase name="testSendDatanodeDeleteCommand" classname="org.apache.hadoop.hdds.scm.container.replication.TestReplicationManager" time="0.029">
    <system-out><![CDATA[2023-01-24 21:58:35,817 [ReplicationMonitor] INFO  replication.ReplicationManager (ReplicationManager.java:processAll(331)) - Replication Manager is not ready to run until 0ms after safemode exit
2023-01-24 21:58:35,839 [main] INFO  replication.ReplicationManager (ReplicationManager.java:start(262)) - Starting Replication Monitor Thread.
2023-01-24 21:58:35,843 [main] INFO  replication.ReplicationManager (ReplicationManager.java:sendDatanodeCommand(428)) - Sending command [deleteContainerCommand: containerID: 1, replicaIndex: 1, force: false] for container ContainerInfo{id=#1, state=CLOSED, pipelineID=PipelineID=c664637d-c79a-4e04-9269-e33817c4196e, stateEnterTime=1970-01-01T00:00:00Z, owner=Ozone} to 2939e94f-3bcb-447e-a7b4-ccde21109ca9(localhost-118.10.48.107/118.10.48.107)
2023-01-24 21:58:35,845 [main] INFO  replication.ReplicationManager (ReplicationManager.java:sendDatanodeCommand(428)) - Sending command [deleteContainerCommand: containerID: 2, replicaIndex: 0, force: false] for container ContainerInfo{id=#2, state=CLOSED, pipelineID=PipelineID=e5f5f1df-7dbb-466e-a4eb-d57505e5546d, stateEnterTime=1970-01-01T00:00:00Z, owner=Ozone} to 2939e94f-3bcb-447e-a7b4-ccde21109ca9(localhost-118.10.48.107/118.10.48.107)
]]></system-out>
  </testcase>
  <testcase name="testHealthyContainer" classname="org.apache.hadoop.hdds.scm.container.replication.TestReplicationManager" time="0.036">
    <system-out><![CDATA[2023-01-24 21:58:35,849 [ReplicationMonitor] INFO  replication.ReplicationManager (ReplicationManager.java:processAll(331)) - Replication Manager is not ready to run until 0ms after safemode exit
2023-01-24 21:58:35,867 [main] INFO  replication.ReplicationManager (ReplicationManager.java:start(262)) - Starting Replication Monitor Thread.
2023-01-24 21:58:35,882 [ReplicationMonitor] INFO  replication.ReplicationManager (ReplicationManager.java:processAll(331)) - Replication Manager is not ready to run until 0ms after safemode exit
]]></system-out>
  </testcase>
  <testcase name="testUnderReplicatedContainerFixedByPending" classname="org.apache.hadoop.hdds.scm.container.replication.TestReplicationManager" time="0.018">
    <system-out><![CDATA[2023-01-24 21:58:35,898 [main] INFO  replication.ReplicationManager (ReplicationManager.java:start(262)) - Starting Replication Monitor Thread.
2023-01-24 21:58:35,900 [ReplicationMonitor] INFO  replication.ReplicationManager (ReplicationManager.java:processAll(331)) - Replication Manager is not ready to run until 0ms after safemode exit
]]></system-out>
  </testcase>
  <testcase name="testUnderReplicationQueuePopulated" classname="org.apache.hadoop.hdds.scm.container.replication.TestReplicationManager" time="0.035">
    <failure type="java.lang.AssertionError"><![CDATA[java.lang.AssertionError: expected:<ContainerInfo{id=#2, state=CLOSED, pipelineID=PipelineID=55b147d3-bad4-4b51-8dbd-43dda08e7b3a, stateEnterTime=1970-01-01T00:00:00Z, owner=Ozone}> but was:<ContainerInfo{id=#3, state=CLOSED, pipelineID=PipelineID=98abb0e0-4256-4a58-86c8-8d8cd1d82b9b, stateEnterTime=1970-01-01T00:00:00Z, owner=Ozone}>
	at org.junit.Assert.fail(Assert.java:89)
	at org.junit.Assert.failNotEquals(Assert.java:835)
	at org.junit.Assert.assertEquals(Assert.java:120)
	at org.junit.Assert.assertEquals(Assert.java:146)
	at org.apache.hadoop.hdds.scm.container.replication.TestReplicationManager.testUnderReplicationQueuePopulated(TestReplicationManager.java:434)
	at sun.reflect.NativeMethodAccessorImpl.invoke0(Native Method)
	at sun.reflect.NativeMethodAccessorImpl.invoke(NativeMethodAccessorImpl.java:62)
	at sun.reflect.DelegatingMethodAccessorImpl.invoke(DelegatingMethodAccessorImpl.java:43)
	at java.lang.reflect.Method.invoke(Method.java:498)
	at org.junit.runners.model.FrameworkMethod$1.runReflectiveCall(FrameworkMethod.java:59)
	at org.junit.internal.runners.model.ReflectiveCallable.run(ReflectiveCallable.java:12)
	at org.junit.runners.model.FrameworkMethod.invokeExplosively(FrameworkMethod.java:56)
	at org.junit.internal.runners.statements.InvokeMethod.evaluate(InvokeMethod.java:17)
	at org.junit.internal.runners.statements.RunBefores.evaluate(RunBefores.java:26)
	at org.junit.runners.ParentRunner$3.evaluate(ParentRunner.java:306)
	at org.junit.runners.BlockJUnit4ClassRunner$1.evaluate(BlockJUnit4ClassRunner.java:100)
	at org.junit.runners.ParentRunner.runLeaf(ParentRunner.java:366)
	at org.junit.runners.BlockJUnit4ClassRunner.runChild(BlockJUnit4ClassRunner.java:103)
	at org.junit.runners.BlockJUnit4ClassRunner.runChild(BlockJUnit4ClassRunner.java:63)
	at org.junit.runners.ParentRunner$4.run(ParentRunner.java:331)
	at org.junit.runners.ParentRunner$1.schedule(ParentRunner.java:79)
	at org.junit.runners.ParentRunner.runChildren(ParentRunner.java:329)
	at org.junit.runners.ParentRunner.access$100(ParentRunner.java:66)
	at org.junit.runners.ParentRunner$2.evaluate(ParentRunner.java:293)
	at org.junit.runners.ParentRunner$3.evaluate(ParentRunner.java:306)
	at org.junit.runners.ParentRunner.run(ParentRunner.java:413)
	at org.junit.runner.JUnitCore.run(JUnitCore.java:137)
	at org.junit.runner.JUnitCore.run(JUnitCore.java:115)
	at org.junit.vintage.engine.execution.RunnerExecutor.execute(RunnerExecutor.java:42)
	at org.junit.vintage.engine.VintageTestEngine.executeAllChildren(VintageTestEngine.java:80)
	at org.junit.vintage.engine.VintageTestEngine.execute(VintageTestEngine.java:72)
	at org.junit.platform.launcher.core.EngineExecutionOrchestrator.execute(EngineExecutionOrchestrator.java:107)
	at org.junit.platform.launcher.core.EngineExecutionOrchestrator.execute(EngineExecutionOrchestrator.java:88)
	at org.junit.platform.launcher.core.EngineExecutionOrchestrator.lambda$execute$0(EngineExecutionOrchestrator.java:54)
	at org.junit.platform.launcher.core.EngineExecutionOrchestrator.withInterceptedStreams(EngineExecutionOrchestrator.java:67)
	at org.junit.platform.launcher.core.EngineExecutionOrchestrator.execute(EngineExecutionOrchestrator.java:52)
	at org.junit.platform.launcher.core.DefaultLauncher.execute(DefaultLauncher.java:114)
	at org.junit.platform.launcher.core.DefaultLauncher.execute(DefaultLauncher.java:86)
	at org.junit.platform.launcher.core.DefaultLauncherSession$DelegatingLauncher.execute(DefaultLauncherSession.java:86)
	at org.junit.platform.launcher.core.SessionPerRequestLauncher.execute(SessionPerRequestLauncher.java:53)
	at org.apache.maven.surefire.junitplatform.JUnitPlatformProvider.execute(JUnitPlatformProvider.java:188)
	at org.apache.maven.surefire.junitplatform.JUnitPlatformProvider.invokeAllTests(JUnitPlatformProvider.java:154)
	at org.apache.maven.surefire.junitplatform.JUnitPlatformProvider.invoke(JUnitPlatformProvider.java:124)
	at org.apache.maven.surefire.booter.ForkedBooter.runSuitesInProcess(ForkedBooter.java:428)
	at org.apache.maven.surefire.booter.ForkedBooter.execute(ForkedBooter.java:162)
	at org.apache.maven.surefire.booter.ForkedBooter.run(ForkedBooter.java:562)
	at org.apache.maven.surefire.booter.ForkedBooter.main(ForkedBooter.java:548)
]]></failure>
    <system-out><![CDATA[2023-01-24 21:58:35,919 [main] INFO  replication.ReplicationManager (ReplicationManager.java:start(262)) - Starting Replication Monitor Thread.
2023-01-24 21:58:35,924 [main] INFO  ha.SCMServiceManager (SCMServiceManager.java:register(42)) - Registering service ReplicationManager.
2023-01-24 21:58:35,925 [main] INFO  replication.ReplicationManager (ReplicationManager.java:notifyStatusChanged(934)) - Service ReplicationManager transitions to RUNNING.
2023-01-24 21:58:35,926 [main] INFO  replication.ReplicationManager (ReplicationManager.java:processAll(364)) - Replication Monitor Thread took 0 milliseconds for processing 4 containers.
2023-01-24 21:58:35,928 [ReplicationMonitor] INFO  replication.ReplicationManager (ReplicationManager.java:processAll(364)) - Replication Monitor Thread took 0 milliseconds for processing 4 containers.
2023-01-24 21:58:35,933 [Over Replicated Processor] INFO  replication.UnhealthyReplicationProcessor (UnhealthyReplicationProcessor.java:processAll(103)) - Processed 0 containers with health state counts {},failed processing 0
]]></system-out>
  </testcase>
  <testcase name="testUnderReplicatedAndUnrecoverable" classname="org.apache.hadoop.hdds.scm.container.replication.TestReplicationManager" time="0.018">
    <system-out><![CDATA[2023-01-24 21:58:35,960 [main] INFO  replication.ReplicationManager (ReplicationManager.java:start(262)) - Starting Replication Monitor Thread.
]]></system-out>
  </testcase>
  <testcase name="testOpenContainerSkipped" classname="org.apache.hadoop.hdds.scm.container.replication.TestReplicationManager" time="0.02">
    <system-out><![CDATA[2023-01-24 21:58:35,965 [ReplicationMonitor] INFO  replication.ReplicationManager (ReplicationManager.java:processAll(331)) - Replication Manager is not ready to run until 0ms after safemode exit
2023-01-24 21:58:35,981 [main] INFO  replication.ReplicationManager (ReplicationManager.java:start(262)) - Starting Replication Monitor Thread.
]]></system-out>
  </testcase>
  <testcase name="testUnrecoverableClosedContainerWithUnhealthyReplicas" classname="org.apache.hadoop.hdds.scm.container.replication.TestReplicationManager" time="0.017">
    <system-out><![CDATA[2023-01-24 21:58:35,985 [ReplicationMonitor] INFO  replication.ReplicationManager (ReplicationManager.java:processAll(331)) - Replication Manager is not ready to run until 0ms after safemode exit
2023-01-24 21:58:35,998 [main] INFO  replication.ReplicationManager (ReplicationManager.java:start(262)) - Starting Replication Monitor Thread.
]]></system-out>
  </testcase>
  <testcase name="testUnderReplicatedClosedContainerWithUnhealthyReplicas" classname="org.apache.hadoop.hdds.scm.container.replication.TestReplicationManager" time="0.021">
    <system-out><![CDATA[2023-01-24 21:58:36,005 [ReplicationMonitor] INFO  replication.ReplicationManager (ReplicationManager.java:processAll(331)) - Replication Manager is not ready to run until 0ms after safemode exit
2023-01-24 21:58:36,014 [main] INFO  replication.ReplicationManager (ReplicationManager.java:start(262)) - Starting Replication Monitor Thread.
]]></system-out>
  </testcase>
  <testcase name="testOverReplicated" classname="org.apache.hadoop.hdds.scm.container.replication.TestReplicationManager" time="0.022">
    <system-out><![CDATA[2023-01-24 21:58:36,021 [ReplicationMonitor] INFO  replication.ReplicationManager (ReplicationManager.java:processAll(331)) - Replication Manager is not ready to run until 0ms after safemode exit
2023-01-24 21:58:36,040 [main] INFO  replication.ReplicationManager (ReplicationManager.java:start(262)) - Starting Replication Monitor Thread.
]]></system-out>
  </testcase>
  <testcase name="testUnderReplicatedContainer" classname="org.apache.hadoop.hdds.scm.container.replication.TestReplicationManager" time="0.023">
    <system-out><![CDATA[2023-01-24 21:58:36,045 [ReplicationMonitor] INFO  replication.ReplicationManager (ReplicationManager.java:processAll(331)) - Replication Manager is not ready to run until 0ms after safemode exit
2023-01-24 21:58:36,061 [main] INFO  replication.ReplicationManager (ReplicationManager.java:start(262)) - Starting Replication Monitor Thread.
2023-01-24 21:58:36,065 [ReplicationMonitor] INFO  replication.ReplicationManager (ReplicationManager.java:processAll(331)) - Replication Manager is not ready to run until 0ms after safemode exit
]]></system-out>
  </testcase>
  <testcase name="testOverReplicatedFixByPending" classname="org.apache.hadoop.hdds.scm.container.replication.TestReplicationManager" time="0.02">
    <system-out><![CDATA[2023-01-24 21:58:36,083 [main] INFO  replication.ReplicationManager (ReplicationManager.java:start(262)) - Starting Replication Monitor Thread.
2023-01-24 21:58:36,084 [ReplicationMonitor] INFO  replication.ReplicationManager (ReplicationManager.java:processAll(331)) - Replication Manager is not ready to run until 0ms after safemode exit
]]></system-out>
  </testcase>
  <testcase name="testSendDatanodeReplicateCommand" classname="org.apache.hadoop.hdds.scm.container.replication.TestReplicationManager" time="0.021">
    <system-out><![CDATA[2023-01-24 21:58:36,100 [main] INFO  replication.ReplicationManager (ReplicationManager.java:start(262)) - Starting Replication Monitor Thread.
2023-01-24 21:58:36,104 [ReplicationMonitor] INFO  replication.ReplicationManager (ReplicationManager.java:processAll(331)) - Replication Manager is not ready to run until 0ms after safemode exit
2023-01-24 21:58:36,106 [main] INFO  replication.ReplicationManager (ReplicationManager.java:sendDatanodeCommand(428)) - Sending command [replicateContainerCommand: containerId: 1, replicaIndex: 1, sourceNodes: [a383ee7d-1ce8-4f7c-bbdc-6d84c6cca19c(localhost-57.52.203.206/57.52.203.206), 1b31fc29-37d3-4ca4-8e8a-80a33e61c36b(localhost-48.152.112.184/48.152.112.184)]] for container ContainerInfo{id=#1, state=CLOSED, pipelineID=PipelineID=c6b153d7-b208-43c4-be98-3d394d597d93, stateEnterTime=1970-01-01T00:00:00Z, owner=Ozone} to 71fad425-38b8-4077-adf4-84fc026ff97d(localhost-231.203.0.58/231.203.0.58)
2023-01-24 21:58:36,106 [main] INFO  replication.ReplicationManager (ReplicationManager.java:sendDatanodeCommand(428)) - Sending command [replicateContainerCommand: containerId: 2, replicaIndex: 0, sourceNodes: [a383ee7d-1ce8-4f7c-bbdc-6d84c6cca19c(localhost-57.52.203.206/57.52.203.206), 1b31fc29-37d3-4ca4-8e8a-80a33e61c36b(localhost-48.152.112.184/48.152.112.184)]] for container ContainerInfo{id=#2, state=CLOSED, pipelineID=PipelineID=0148e54a-ea25-4f02-9682-3f1931769f76, stateEnterTime=1970-01-01T00:00:00Z, owner=Ozone} to 71fad425-38b8-4077-adf4-84fc026ff97d(localhost-231.203.0.58/231.203.0.58)
]]></system-out>
  </testcase>
</testsuite>