<?xml version="1.0" encoding="UTF-8"?>
<testsuite xmlns:xsi="http://www.w3.org/2001/XMLSchema-instance" xsi:noNamespaceSchemaLocation="https://maven.apache.org/surefire/maven-surefire-plugin/xsd/surefire-test-report-3.0.xsd" version="3.0" name="org.apache.hadoop.hdds.scm.pipeline.TestRatisPipelineCreateAndDestroy" time="244.336" tests="3" errors="1" skipped="0" failures="0">
  <properties>
    <property name="java.specification.version" value="17"/>
    <property name="sun.jnu.encoding" value="UTF-8"/>
    <property name="gradle.enterprise.listener.surefire.forkId" value="1"/>
    <property name="java.class.path" value="/home/runner/work/ozone/ozone/hadoop-ozone/integration-test/target/test-classes:/home/runner/work/ozone/ozone/hadoop-ozone/integration-test/target/classes:/home/runner/work/ozone/ozone/hadoop-ozone/common/target/classes:/home/runner/.m2/repository/io/grpc/grpc-netty/1.58.0/grpc-netty-1.58.0.jar:/home/runner/.m2/repository/io/grpc/grpc-core/1.58.0/grpc-core-1.58.0.jar:/home/runner/.m2/repository/com/google/android/annotations/4.1.1.4/annotations-4.1.1.4.jar:/home/runner/.m2/repository/org/codehaus/mojo/animal-sniffer-annotations/1.23/animal-sniffer-annotations-1.23.jar:/home/runner/.m2/repository/io/grpc/grpc-context/1.58.0/grpc-context-1.58.0.jar:/home/runner/.m2/repository/io/grpc/grpc-util/1.58.0/grpc-util-1.58.0.jar:/home/runner/.m2/repository/com/google/errorprone/error_prone_annotations/2.2.0/error_prone_annotations-2.2.0.jar:/home/runner/.m2/repository/io/perfmark/perfmark-api/0.26.0/perfmark-api-0.26.0.jar:/home/runner/.m2/repository/io/netty/netty-codec-http2/4.1.109.Final/netty-codec-http2-4.1.109.Final.jar:/home/runner/.m2/repository/io/netty/netty-common/4.1.109.Final/netty-common-4.1.109.Final.jar:/home/runner/.m2/repository/io/netty/netty-buffer/4.1.109.Final/netty-buffer-4.1.109.Final.jar:/home/runner/.m2/repository/io/netty/netty-codec-http/4.1.109.Final/netty-codec-http-4.1.109.Final.jar:/home/runner/.m2/repository/io/netty/netty-handler-proxy/4.1.109.Final/netty-handler-proxy-4.1.109.Final.jar:/home/runner/.m2/repository/io/netty/netty-codec-socks/4.1.109.Final/netty-codec-socks-4.1.109.Final.jar:/home/runner/.m2/repository/io/netty/netty-tcnative-boringssl-static/2.0.65.Final/netty-tcnative-boringssl-static-2.0.65.Final.jar:/home/runner/.m2/repository/io/netty/netty-tcnative-classes/2.0.65.Final/netty-tcnative-classes-2.0.65.Final.jar:/home/runner/.m2/repository/io/netty/netty-tcnative-boringssl-static/2.0.65.Final/netty-tcnative-boringssl-static-2.0.65.Final-linux-x86_64.jar:/home/runner/.m2/repository/io/netty/netty-tcnative-boringssl-static/2.0.65.Final/netty-tcnative-boringssl-static-2.0.65.Final-linux-aarch_64.jar:/home/runner/.m2/repository/io/netty/netty-tcnative-boringssl-static/2.0.65.Final/netty-tcnative-boringssl-static-2.0.65.Final-osx-x86_64.jar:/home/runner/.m2/repository/io/netty/netty-tcnative-boringssl-static/2.0.65.Final/netty-tcnative-boringssl-static-2.0.65.Final-osx-aarch_64.jar:/home/runner/.m2/repository/io/netty/netty-tcnative-boringssl-static/2.0.65.Final/netty-tcnative-boringssl-static-2.0.65.Final-windows-x86_64.jar:/home/runner/.m2/repository/org/apache/commons/commons-compress/1.26.0/commons-compress-1.26.0.jar:/home/runner/work/ozone/ozone/hadoop-hdds/common/target/classes:/home/runner/work/ozone/ozone/hadoop-hdds/client/target/classes:/home/runner/work/ozone/ozone/hadoop-ozone/interface-client/target/classes:/home/runner/.m2/repository/org/apache/hadoop/hadoop-hdfs-client/3.3.6/hadoop-hdfs-client-3.3.6.jar:/home/runner/.m2/repository/com/squareup/okhttp3/okhttp/4.12.0/okhttp-4.12.0.jar:/home/runner/.m2/repository/com/squareup/okio/okio/3.6.0/okio-3.6.0.jar:/home/runner/.m2/repository/com/squareup/okio/okio-jvm/3.6.0/okio-jvm-3.6.0.jar:/home/runner/.m2/repository/org/jetbrains/kotlin/kotlin-stdlib-jdk8/1.9.24/kotlin-stdlib-jdk8-1.9.24.jar:/home/runner/.m2/repository/org/jetbrains/kotlin/kotlin-stdlib-jdk7/1.9.24/kotlin-stdlib-jdk7-1.9.24.jar:/home/runner/.m2/repository/org/jetbrains/kotlin/kotlin-stdlib-common/1.9.24/kotlin-stdlib-common-1.9.24.jar:/home/runner/work/ozone/ozone/hadoop-hdds/test-utils/target/classes:/home/runner/.m2/repository/org/assertj/assertj-core/3.12.2/assertj-core-3.12.2.jar:/home/runner/.m2/repository/com/google/guava/guava/32.1.3-jre/guava-32.1.3-jre.jar:/home/runner/.m2/repository/com/google/guava/failureaccess/1.0.1/failureaccess-1.0.1.jar:/home/runner/.m2/repository/com/google/guava/listenablefuture/9999.0-empty-to-avoid-conflict-with-guava/listenablefuture-9999.0-empty-to-avoid-conflict-with-guava.jar:/home/runner/.m2/repository/org/checkerframework/checker-qual/3.37.0/checker-qual-3.37.0.jar:/home/runner/.m2/repository/com/google/j2objc/j2objc-annotations/2.8/j2objc-annotations-2.8.jar:/home/runner/.m2/repository/commons-io/commons-io/2.16.1/commons-io-2.16.1.jar:/home/runner/.m2/repository/commons-logging/commons-logging/1.2/commons-logging-1.2.jar:/home/runner/.m2/repository/org/junit/jupiter/junit-jupiter-api/5.10.2/junit-jupiter-api-5.10.2.jar:/home/runner/.m2/repository/org/opentest4j/opentest4j/1.3.0/opentest4j-1.3.0.jar:/home/runner/.m2/repository/org/junit/platform/junit-platform-commons/1.10.2/junit-platform-commons-1.10.2.jar:/home/runner/.m2/repository/ch/qos/reload4j/reload4j/1.2.25/reload4j-1.2.25.jar:/home/runner/.m2/repository/jakarta/annotation/jakarta.annotation-api/2.1.1/jakarta.annotation-api-2.1.1.jar:/home/runner/.m2/repository/org/slf4j/slf4j-api/2.0.13/slf4j-api-2.0.13.jar:/home/runner/.m2/repository/org/apache/logging/log4j/log4j-api/2.17.1/log4j-api-2.17.1.jar:/home/runner/work/ozone/ozone/hadoop-hdds/server-scm/target/classes:/home/runner/.m2/repository/com/google/protobuf/protobuf-java/2.5.0/protobuf-java-2.5.0.jar:/home/runner/work/ozone/ozone/hadoop-hdds/container-service/target/classes:/home/runner/work/ozone/ozone/hadoop-hdds/hadoop-dependency-server/target/classes:/home/runner/.m2/repository/com/nimbusds/nimbus-jose-jwt/9.37.2/nimbus-jose-jwt-9.37.2.jar:/home/runner/.m2/repository/com/github/stephenc/jcip/jcip-annotations/1.0-1/jcip-annotations-1.0-1.jar:/home/runner/.m2/repository/org/apache/hadoop/hadoop-hdfs/3.3.6/hadoop-hdfs-3.3.6.jar:/home/runner/.m2/repository/commons-daemon/commons-daemon/1.3.4/commons-daemon-1.3.4.jar:/home/runner/.m2/repository/org/apache/kerby/kerb-core/1.0.1/kerb-core-1.0.1.jar:/home/runner/.m2/repository/org/apache/kerby/kerby-pkix/1.0.1/kerby-pkix-1.0.1.jar:/home/runner/.m2/repository/org/apache/kerby/kerby-asn1/1.0.1/kerby-asn1-1.0.1.jar:/home/runner/.m2/repository/org/apache/kerby/kerby-util/1.0.1/kerby-util-1.0.1.jar:/home/runner/.m2/repository/org/apache/kerby/kerb-util/1.0.1/kerb-util-1.0.1.jar:/home/runner/.m2/repository/org/apache/kerby/kerby-config/1.0.1/kerby-config-1.0.1.jar:/home/runner/.m2/repository/org/apache/kerby/kerb-crypto/1.0.1/kerb-crypto-1.0.1.jar:/home/runner/.m2/repository/org/xerial/snappy/snappy-java/1.1.10.5/snappy-java-1.1.10.5.jar:/home/runner/work/ozone/ozone/hadoop-hdds/framework/target/classes:/home/runner/.m2/repository/org/bouncycastle/bcprov-jdk18on/1.78.1/bcprov-jdk18on-1.78.1.jar:/home/runner/.m2/repository/io/dropwizard/metrics/metrics-core/3.2.6/metrics-core-3.2.6.jar:/home/runner/.m2/repository/org/apache/commons/commons-text/1.11.0/commons-text-1.11.0.jar:/home/runner/work/ozone/ozone/hadoop-hdds/framework/target/test-classes:/home/runner/work/ozone/ozone/hadoop-hdds/interface-server/target/classes:/home/runner/work/ozone/ozone/hadoop-hdds/interface-admin/target/classes:/home/runner/work/ozone/ozone/hadoop-hdds/managed-rocksdb/target/classes:/home/runner/.m2/repository/org/rocksdb/rocksdbjni/7.7.3/rocksdbjni-7.7.3.jar:/home/runner/.m2/repository/org/slf4j/slf4j-reload4j/2.0.13/slf4j-reload4j-2.0.13.jar:/home/runner/.m2/repository/org/apache/commons/commons-configuration2/2.10.1/commons-configuration2-2.10.1.jar:/home/runner/.m2/repository/commons-fileupload/commons-fileupload/1.5/commons-fileupload-1.5.jar:/home/runner/.m2/repository/org/apache/logging/log4j/log4j-core/2.17.1/log4j-core-2.17.1.jar:/home/runner/.m2/repository/com/lmax/disruptor/3.4.4/disruptor-3.4.4.jar:/home/runner/.m2/repository/org/eclipse/jetty/jetty-util/9.4.54.v20240208/jetty-util-9.4.54.v20240208.jar:/home/runner/.m2/repository/org/eclipse/jetty/jetty-server/9.4.54.v20240208/jetty-server-9.4.54.v20240208.jar:/home/runner/.m2/repository/org/eclipse/jetty/jetty-http/9.4.54.v20240208/jetty-http-9.4.54.v20240208.jar:/home/runner/.m2/repository/org/eclipse/jetty/jetty-io/9.4.54.v20240208/jetty-io-9.4.54.v20240208.jar:/home/runner/.m2/repository/org/eclipse/jetty/jetty-servlet/9.4.54.v20240208/jetty-servlet-9.4.54.v20240208.jar:/home/runner/.m2/repository/org/eclipse/jetty/jetty-security/9.4.54.v20240208/jetty-security-9.4.54.v20240208.jar:/home/runner/.m2/repository/org/eclipse/jetty/jetty-util-ajax/9.4.54.v20240208/jetty-util-ajax-9.4.54.v20240208.jar:/home/runner/.m2/repository/org/eclipse/jetty/jetty-webapp/9.4.54.v20240208/jetty-webapp-9.4.54.v20240208.jar:/home/runner/.m2/repository/org/eclipse/jetty/jetty-xml/9.4.54.v20240208/jetty-xml-9.4.54.v20240208.jar:/home/runner/.m2/repository/org/apache/ratis/ratis-server/3.0.1/ratis-server-3.0.1.jar:/home/runner/.m2/repository/org/apache/ratis/ratis-thirdparty-misc/1.0.5/ratis-thirdparty-misc-1.0.5.jar:/home/runner/.m2/repository/org/apache/ratis/ratis-proto/3.0.1/ratis-proto-3.0.1.jar:/home/runner/.m2/repository/org/apache/ratis/ratis-common/3.0.1/ratis-common-3.0.1.jar:/home/runner/.m2/repository/org/apache/ratis/ratis-client/3.0.1/ratis-client-3.0.1.jar:/home/runner/.m2/repository/org/apache/ratis/ratis-server-api/3.0.1/ratis-server-api-3.0.1.jar:/home/runner/.m2/repository/org/apache/ratis/ratis-metrics-api/3.0.1/ratis-metrics-api-3.0.1.jar:/home/runner/.m2/repository/org/apache/ratis/ratis-metrics-dropwizard3/3.0.1/ratis-metrics-dropwizard3-3.0.1.jar:/home/runner/.m2/repository/io/prometheus/simpleclient_dropwizard/0.16.0/simpleclient_dropwizard-0.16.0.jar:/home/runner/.m2/repository/io/prometheus/simpleclient/0.16.0/simpleclient-0.16.0.jar:/home/runner/.m2/repository/io/prometheus/simpleclient_common/0.16.0/simpleclient_common-0.16.0.jar:/home/runner/.m2/repository/com/fasterxml/jackson/datatype/jackson-datatype-jsr310/2.16.2/jackson-datatype-jsr310-2.16.2.jar:/home/runner/.m2/repository/com/fasterxml/jackson/core/jackson-core/2.16.2/jackson-core-2.16.2.jar:/home/runner/work/ozone/ozone/hadoop-hdds/rocksdb-checkpoint-differ/target/classes:/home/runner/.m2/repository/org/jgrapht/jgrapht-core/1.4.0/jgrapht-core-1.4.0.jar:/home/runner/.m2/repository/org/jheaps/jheaps/0.11/jheaps-0.11.jar:/home/runner/.m2/repository/org/jgrapht/jgrapht-ext/1.4.0/jgrapht-ext-1.4.0.jar:/home/runner/.m2/repository/com/github/vlsi/mxgraph/jgraphx/3.9.8.1/jgraphx-3.9.8.1.jar:/home/runner/work/ozone/ozone/hadoop-ozone/ozone-manager/target/classes:/home/runner/.m2/repository/org/aspectj/aspectjrt/1.9.7/aspectjrt-1.9.7.jar:/home/runner/.m2/repository/org/aspectj/aspectjweaver/1.9.7/aspectjweaver-1.9.7.jar:/home/runner/work/ozone/ozone/hadoop-hdds/interface-client/target/classes:/home/runner/.m2/repository/org/apache/hadoop/thirdparty/hadoop-shaded-protobuf_3_7/1.1.1/hadoop-shaded-protobuf_3_7-1.1.1.jar:/home/runner/work/ozone/ozone/hadoop-ozone/interface-storage/target/classes:/home/runner/.m2/repository/org/reflections/reflections/0.10.2/reflections-0.10.2.jar:/home/runner/.m2/repository/com/sun/jersey/jersey-client/1.19.4/jersey-client-1.19.4.jar:/home/runner/.m2/repository/org/codehaus/jackson/jackson-core-asl/1.9.13/jackson-core-asl-1.9.13.jar:/home/runner/.m2/repository/org/codehaus/jackson/jackson-mapper-asl/1.9.13/jackson-mapper-asl-1.9.13.jar:/home/runner/.m2/repository/org/codehaus/jackson/jackson-jaxrs/1.9.13/jackson-jaxrs-1.9.13.jar:/home/runner/.m2/repository/org/apache/ranger/ranger-intg/2.3.0/ranger-intg-2.3.0.jar:/home/runner/.m2/repository/org/apache/ranger/ranger-plugins-common/2.3.0/ranger-plugins-common-2.3.0.jar:/home/runner/.m2/repository/commons-lang/commons-lang/2.6/commons-lang-2.6.jar:/home/runner/.m2/repository/org/apache/ranger/ranger-plugins-cred/2.3.0/ranger-plugins-cred-2.3.0.jar:/home/runner/.m2/repository/org/apache/ranger/ranger-plugins-audit/2.3.0/ranger-plugins-audit-2.3.0.jar:/home/runner/.m2/repository/org/eclipse/jetty/jetty-client/9.4.54.v20240208/jetty-client-9.4.54.v20240208.jar:/home/runner/.m2/repository/org/apache/httpcomponents/httpmime/4.5.6/httpmime-4.5.6.jar:/home/runner/.m2/repository/org/apache/httpcomponents/httpcore-nio/4.4.16/httpcore-nio-4.4.16.jar:/home/runner/.m2/repository/org/apache/httpcomponents/httpasyncclient/4.1.3/httpasyncclient-4.1.3.jar:/home/runner/.m2/repository/com/carrotsearch/hppc/0.8.0/hppc-0.8.0.jar:/home/runner/.m2/repository/org/apache/orc/orc-core/1.5.8/orc-core-1.5.8.jar:/home/runner/.m2/repository/net/java/dev/jna/jna/5.2.0/jna-5.2.0.jar:/home/runner/.m2/repository/net/java/dev/jna/jna-platform/5.2.0/jna-platform-5.2.0.jar:/home/runner/.m2/repository/com/kstruct/gethostname4j/0.0.2/gethostname4j-0.0.2.jar:/home/runner/.m2/repository/org/apache/ranger/ranger-plugin-classloader/2.3.0/ranger-plugin-classloader-2.3.0.jar:/home/runner/work/ozone/ozone/hadoop-hdds/rocks-native/target/classes:/home/runner/.m2/repository/org/apache/hadoop/hadoop-minikdc/3.3.6/hadoop-minikdc-3.3.6.jar:/home/runner/.m2/repository/org/apache/kerby/kerb-simplekdc/1.0.1/kerb-simplekdc-1.0.1.jar:/home/runner/.m2/repository/org/apache/kerby/kerb-client/1.0.1/kerb-client-1.0.1.jar:/home/runner/.m2/repository/org/apache/kerby/kerb-common/1.0.1/kerb-common-1.0.1.jar:/home/runner/.m2/repository/org/apache/kerby/token-provider/1.0.1/token-provider-1.0.1.jar:/home/runner/.m2/repository/org/apache/kerby/kerb-admin/1.0.1/kerb-admin-1.0.1.jar:/home/runner/.m2/repository/org/apache/kerby/kerb-server/1.0.1/kerb-server-1.0.1.jar:/home/runner/.m2/repository/org/apache/kerby/kerb-identity/1.0.1/kerb-identity-1.0.1.jar:/home/runner/.m2/repository/org/apache/kerby/kerby-xdr/1.0.1/kerby-xdr-1.0.1.jar:/home/runner/.m2/repository/junit/junit/4.13.2/junit-4.13.2.jar:/home/runner/.m2/repository/org/hamcrest/hamcrest-core/1.3/hamcrest-core-1.3.jar:/home/runner/work/ozone/ozone/hadoop-ozone/s3gateway/target/classes:/home/runner/.m2/repository/org/javassist/javassist/3.30.2-GA/javassist-3.30.2-GA.jar:/home/runner/.m2/repository/org/jboss/weld/servlet/weld-servlet-shaded/3.1.9.Final/weld-servlet-shaded-3.1.9.Final.jar:/home/runner/.m2/repository/org/glassfish/jersey/containers/jersey-container-servlet-core/2.42/jersey-container-servlet-core-2.42.jar:/home/runner/.m2/repository/org/glassfish/hk2/external/jakarta.inject/2.6.1/jakarta.inject-2.6.1.jar:/home/runner/.m2/repository/org/glassfish/jersey/core/jersey-common/2.42/jersey-common-2.42.jar:/home/runner/.m2/repository/jakarta/ws/rs/jakarta.ws.rs-api/2.1.6/jakarta.ws.rs-api-2.1.6.jar:/home/runner/.m2/repository/org/glassfish/jersey/ext/cdi/jersey-cdi1x/2.42/jersey-cdi1x-2.42.jar:/home/runner/.m2/repository/org/glassfish/jersey/inject/jersey-hk2/2.42/jersey-hk2-2.42.jar:/home/runner/.m2/repository/org/glassfish/hk2/hk2-locator/2.6.1/hk2-locator-2.6.1.jar:/home/runner/.m2/repository/org/glassfish/jersey/media/jersey-media-jaxb/2.42/jersey-media-jaxb-2.42.jar:/home/runner/.m2/repository/org/glassfish/hk2/osgi-resource-locator/1.0.3/osgi-resource-locator-1.0.3.jar:/home/runner/.m2/repository/org/glassfish/hk2/hk2-api/2.6.1/hk2-api-2.6.1.jar:/home/runner/.m2/repository/org/glassfish/hk2/hk2-utils/2.6.1/hk2-utils-2.6.1.jar:/home/runner/.m2/repository/org/glassfish/hk2/external/aopalliance-repackaged/2.6.1/aopalliance-repackaged-2.6.1.jar:/home/runner/.m2/repository/com/fasterxml/jackson/dataformat/jackson-dataformat-xml/2.16.2/jackson-dataformat-xml-2.16.2.jar:/home/runner/.m2/repository/org/codehaus/woodstox/stax2-api/4.2.2/stax2-api-4.2.2.jar:/home/runner/.m2/repository/com/fasterxml/woodstox/woodstox-core/5.4.0/woodstox-core-5.4.0.jar:/home/runner/.m2/repository/com/fasterxml/jackson/module/jackson-module-jaxb-annotations/2.16.2/jackson-module-jaxb-annotations-2.16.2.jar:/home/runner/.m2/repository/javax/enterprise/cdi-api/2.0/cdi-api-2.0.jar:/home/runner/.m2/repository/javax/el/javax.el-api/3.0.0/javax.el-api-3.0.0.jar:/home/runner/.m2/repository/javax/interceptor/javax.interceptor-api/1.2/javax.interceptor-api-1.2.jar:/home/runner/.m2/repository/javax/inject/javax.inject/1/javax.inject-1.jar:/home/runner/.m2/repository/jakarta/xml/bind/jakarta.xml.bind-api/2.3.3/jakarta.xml.bind-api-2.3.3.jar:/home/runner/.m2/repository/org/glassfish/jaxb/jaxb-runtime/2.3.9/jaxb-runtime-2.3.9.jar:/home/runner/.m2/repository/org/glassfish/jaxb/txw2/2.3.9/txw2-2.3.9.jar:/home/runner/.m2/repository/com/sun/istack/istack-commons-runtime/3.0.12/istack-commons-runtime-3.0.12.jar:/home/runner/.m2/repository/com/sun/activation/jakarta.activation/1.2.2/jakarta.activation-1.2.2.jar:/home/runner/.m2/repository/jakarta/activation/jakarta.activation-api/1.2.2/jakarta.activation-api-1.2.2.jar:/home/runner/.m2/repository/io/grpc/grpc-protobuf/1.58.0/grpc-protobuf-1.58.0.jar:/home/runner/.m2/repository/com/google/api/grpc/proto-google-common-protos/2.22.0/proto-google-common-protos-2.22.0.jar:/home/runner/.m2/repository/io/grpc/grpc-protobuf-lite/1.58.0/grpc-protobuf-lite-1.58.0.jar:/home/runner/.m2/repository/io/grpc/grpc-stub/1.58.0/grpc-stub-1.58.0.jar:/home/runner/.m2/repository/io/netty/netty-transport/4.1.109.Final/netty-transport-4.1.109.Final.jar:/home/runner/.m2/repository/io/netty/netty-resolver/4.1.109.Final/netty-resolver-4.1.109.Final.jar:/home/runner/work/ozone/ozone/hadoop-ozone/csi/target/classes:/home/runner/.m2/repository/com/google/protobuf/protobuf-java-util/3.19.6/protobuf-java-util-3.19.6.jar:/home/runner/.m2/repository/com/google/code/gson/gson/2.10.1/gson-2.10.1.jar:/home/runner/work/ozone/ozone/hadoop-hdds/config/target/classes:/home/runner/.m2/repository/io/netty/netty-transport-native-epoll/4.1.109.Final/netty-transport-native-epoll-4.1.109.Final-linux-x86_64.jar:/home/runner/.m2/repository/io/netty/netty-transport-classes-epoll/4.1.109.Final/netty-transport-classes-epoll-4.1.109.Final.jar:/home/runner/.m2/repository/io/netty/netty-transport-native-unix-common/4.1.109.Final/netty-transport-native-unix-common-4.1.109.Final.jar:/home/runner/work/ozone/ozone/hadoop-ozone/recon/target/classes:/home/runner/work/ozone/ozone/hadoop-ozone/recon-codegen/target/classes:/home/runner/.m2/repository/com/google/inject/guice/6.0.0/guice-6.0.0.jar:/home/runner/.m2/repository/jakarta/inject/jakarta.inject-api/2.0.1/jakarta.inject-api-2.0.1.jar:/home/runner/.m2/repository/aopalliance/aopalliance/1.0/aopalliance-1.0.jar:/home/runner/.m2/repository/com/google/inject/extensions/guice-assistedinject/6.0.0/guice-assistedinject-6.0.0.jar:/home/runner/.m2/repository/com/google/inject/extensions/guice-servlet/6.0.0/guice-servlet-6.0.0.jar:/home/runner/.m2/repository/org/glassfish/jersey/containers/jersey-container-servlet/2.42/jersey-container-servlet-2.42.jar:/home/runner/.m2/repository/org/glassfish/hk2/guice-bridge/2.6.1/guice-bridge-2.6.1.jar:/home/runner/.m2/repository/org/glassfish/jersey/core/jersey-server/2.42/jersey-server-2.42.jar:/home/runner/.m2/repository/org/glassfish/jersey/core/jersey-client/2.42/jersey-client-2.42.jar:/home/runner/.m2/repository/jakarta/validation/jakarta.validation-api/2.0.2/jakarta.validation-api-2.0.2.jar:/home/runner/.m2/repository/org/glassfish/jersey/media/jersey-media-json-jackson/2.42/jersey-media-json-jackson-2.42.jar:/home/runner/.m2/repository/org/glassfish/jersey/ext/jersey-entity-filtering/2.42/jersey-entity-filtering-2.42.jar:/home/runner/.m2/repository/org/jooq/jooq/3.11.10/jooq-3.11.10.jar:/home/runner/.m2/repository/org/jooq/jooq-meta/3.11.10/jooq-meta-3.11.10.jar:/home/runner/.m2/repository/org/jooq/jooq-codegen/3.11.10/jooq-codegen-3.11.10.jar:/home/runner/.m2/repository/com/jolbox/bonecp/0.8.0.RELEASE/bonecp-0.8.0.RELEASE.jar:/home/runner/.m2/repository/org/apache/derby/derby/10.14.2.0/derby-10.14.2.0.jar:/home/runner/.m2/repository/org/xerial/sqlite-jdbc/3.44.1.0/sqlite-jdbc-3.44.1.0.jar:/home/runner/.m2/repository/org/springframework/spring-jdbc/5.3.34/spring-jdbc-5.3.34.jar:/home/runner/.m2/repository/org/springframework/spring-beans/5.3.34/spring-beans-5.3.34.jar:/home/runner/.m2/repository/org/springframework/spring-core/5.3.34/spring-core-5.3.34.jar:/home/runner/.m2/repository/org/springframework/spring-tx/5.3.34/spring-tx-5.3.34.jar:/home/runner/work/ozone/ozone/hadoop-ozone/client/target/classes:/home/runner/work/ozone/ozone/hadoop-hdds/erasurecode/target/classes:/home/runner/work/ozone/ozone/hadoop-ozone/ozonefs/target/classes:/home/runner/work/ozone/ozone/hadoop-ozone/ozonefs-common/target/classes:/home/runner/work/ozone/ozone/hadoop-ozone/tools/target/classes:/home/runner/.m2/repository/com/amazonaws/aws-java-sdk-core/1.12.661/aws-java-sdk-core-1.12.661.jar:/home/runner/.m2/repository/org/apache/httpcomponents/httpclient/4.5.14/httpclient-4.5.14.jar:/home/runner/.m2/repository/org/apache/httpcomponents/httpcore/4.4.16/httpcore-4.4.16.jar:/home/runner/.m2/repository/com/fasterxml/jackson/dataformat/jackson-dataformat-cbor/2.16.2/jackson-dataformat-cbor-2.16.2.jar:/home/runner/.m2/repository/joda-time/joda-time/2.12.7/joda-time-2.12.7.jar:/home/runner/.m2/repository/com/amazonaws/aws-java-sdk-s3/1.12.661/aws-java-sdk-s3-1.12.661.jar:/home/runner/.m2/repository/com/amazonaws/aws-java-sdk-kms/1.12.661/aws-java-sdk-kms-1.12.661.jar:/home/runner/.m2/repository/com/amazonaws/jmespath-java/1.12.661/jmespath-java-1.12.661.jar:/home/runner/.m2/repository/org/kohsuke/metainf-services/metainf-services/1.11/metainf-services-1.11.jar:/home/runner/work/ozone/ozone/hadoop-hdds/tools/target/classes:/home/runner/.m2/repository/org/apache/ratis/ratis-tools/3.0.1/ratis-tools-3.0.1.jar:/home/runner/.m2/repository/commons-cli/commons-cli/1.6.0/commons-cli-1.6.0.jar:/home/runner/.m2/repository/org/apache/commons/commons-lang3/3.14.0/commons-lang3-3.14.0.jar:/home/runner/work/ozone/ozone/hadoop-ozone/ozone-manager/target/test-classes:/home/runner/work/ozone/ozone/hadoop-hdds/common/target/test-classes:/home/runner/work/ozone/ozone/hadoop-hdds/hadoop-dependency-client/target/classes:/home/runner/.m2/repository/info/picocli/picocli/4.7.5/picocli-4.7.5.jar:/home/runner/.m2/repository/com/fasterxml/jackson/core/jackson-annotations/2.16.2/jackson-annotations-2.16.2.jar:/home/runner/work/ozone/ozone/hadoop-hdds/annotations/target/classes:/home/runner/.m2/repository/javax/annotation/javax.annotation-api/1.3.2/javax.annotation-api-1.3.2.jar:/home/runner/.m2/repository/org/apache/ratis/ratis-netty/3.0.1/ratis-netty-3.0.1.jar:/home/runner/.m2/repository/org/apache/ratis/ratis-grpc/3.0.1/ratis-grpc-3.0.1.jar:/home/runner/.m2/repository/org/bouncycastle/bcpkix-jdk18on/1.78.1/bcpkix-jdk18on-1.78.1.jar:/home/runner/.m2/repository/org/bouncycastle/bcutil-jdk18on/1.78.1/bcutil-jdk18on-1.78.1.jar:/home/runner/.m2/repository/commons-validator/commons-validator/1.6/commons-validator-1.6.jar:/home/runner/.m2/repository/commons-beanutils/commons-beanutils/1.9.4/commons-beanutils-1.9.4.jar:/home/runner/.m2/repository/commons-digester/commons-digester/1.8.1/commons-digester-1.8.1.jar:/home/runner/.m2/repository/commons-collections/commons-collections/3.2.2/commons-collections-3.2.2.jar:/home/runner/.m2/repository/io/jaegertracing/jaeger-client/1.8.1/jaeger-client-1.8.1.jar:/home/runner/.m2/repository/io/jaegertracing/jaeger-thrift/1.8.1/jaeger-thrift-1.8.1.jar:/home/runner/.m2/repository/org/apache/thrift/libthrift/0.15.0/libthrift-0.15.0.jar:/home/runner/.m2/repository/io/jaegertracing/jaeger-core/1.8.1/jaeger-core-1.8.1.jar:/home/runner/.m2/repository/io/jaegertracing/jaeger-tracerresolver/1.8.1/jaeger-tracerresolver-1.8.1.jar:/home/runner/.m2/repository/io/opentracing/contrib/opentracing-tracerresolver/0.1.8/opentracing-tracerresolver-0.1.8.jar:/home/runner/.m2/repository/org/jetbrains/kotlin/kotlin-stdlib/1.9.24/kotlin-stdlib-1.9.24.jar:/home/runner/.m2/repository/org/jetbrains/annotations/13.0/annotations-13.0.jar:/home/runner/.m2/repository/io/opentracing/opentracing-util/0.33.0/opentracing-util-0.33.0.jar:/home/runner/.m2/repository/io/opentracing/opentracing-api/0.33.0/opentracing-api-0.33.0.jar:/home/runner/.m2/repository/io/opentracing/opentracing-noop/0.33.0/opentracing-noop-0.33.0.jar:/home/runner/.m2/repository/org/yaml/snakeyaml/2.0/snakeyaml-2.0.jar:/home/runner/.m2/repository/io/grpc/grpc-api/1.58.0/grpc-api-1.58.0.jar:/home/runner/.m2/repository/org/junit/platform/junit-platform-launcher/1.10.2/junit-platform-launcher-1.10.2.jar:/home/runner/.m2/repository/org/junit/platform/junit-platform-engine/1.10.2/junit-platform-engine-1.10.2.jar:/home/runner/.m2/repository/org/apiguardian/apiguardian-api/1.1.2/apiguardian-api-1.1.2.jar:/home/runner/.m2/repository/org/apache/hadoop/hadoop-kms/3.3.6/hadoop-kms-3.3.6.jar:/home/runner/.m2/repository/org/apache/hadoop/hadoop-auth/3.3.6/hadoop-auth-3.3.6.jar:/home/runner/.m2/repository/org/apache/zookeeper/zookeeper/3.8.4/zookeeper-3.8.4.jar:/home/runner/.m2/repository/org/apache/zookeeper/zookeeper-jute/3.8.4/zookeeper-jute-3.8.4.jar:/home/runner/.m2/repository/org/apache/yetus/audience-annotations/0.12.0/audience-annotations-0.12.0.jar:/home/runner/.m2/repository/org/apache/curator/curator-framework/4.2.0/curator-framework-4.2.0.jar:/home/runner/.m2/repository/org/apache/hadoop/thirdparty/hadoop-shaded-guava/1.2.0/hadoop-shaded-guava-1.2.0.jar:/home/runner/.m2/repository/com/sun/jersey/jersey-core/1.19.4/jersey-core-1.19.4.jar:/home/runner/.m2/repository/javax/ws/rs/jsr311-api/1.1.1/jsr311-api-1.1.1.jar:/home/runner/.m2/repository/com/sun/jersey/jersey-server/1.19.4/jersey-server-1.19.4.jar:/home/runner/.m2/repository/javax/servlet/javax.servlet-api/3.1.0/javax.servlet-api-3.1.0.jar:/home/runner/.m2/repository/org/apache/hadoop/hadoop-common/3.3.6/hadoop-common-3.3.6.jar:/home/runner/.m2/repository/org/apache/commons/commons-math3/3.6.1/commons-math3-3.6.1.jar:/home/runner/.m2/repository/commons-net/commons-net/3.10.0/commons-net-3.10.0.jar:/home/runner/.m2/repository/com/sun/jersey/jersey-servlet/1.19.4/jersey-servlet-1.19.4.jar:/home/runner/.m2/repository/com/github/pjfanning/jersey-json/1.20/jersey-json-1.20.jar:/home/runner/.m2/repository/org/codehaus/jettison/jettison/1.1/jettison-1.1.jar:/home/runner/.m2/repository/com/sun/xml/bind/jaxb-impl/2.2.3-1/jaxb-impl-2.2.3-1.jar:/home/runner/.m2/repository/com/google/re2j/re2j/1.7/re2j-1.7.jar:/home/runner/.m2/repository/com/jcraft/jsch/0.1.55/jsch-0.1.55.jar:/home/runner/.m2/repository/org/apache/curator/curator-client/4.2.0/curator-client-4.2.0.jar:/home/runner/.m2/repository/org/apache/curator/curator-recipes/5.2.0/curator-recipes-5.2.0.jar:/home/runner/.m2/repository/com/google/code/findbugs/jsr305/3.0.2/jsr305-3.0.2.jar:/home/runner/.m2/repository/dnsjava/dnsjava/2.1.9/dnsjava-2.1.9.jar:/home/runner/.m2/repository/com/fasterxml/jackson/core/jackson-databind/2.16.2/jackson-databind-2.16.2.jar:/home/runner/.m2/repository/org/apache/hadoop/hadoop-kms/3.3.6/hadoop-kms-3.3.6-tests.jar:/home/runner/work/ozone/ozone/hadoop-hdds/server-scm/target/test-classes:/home/runner/work/ozone/ozone/hadoop-hdds/container-service/target/test-classes:/home/runner/.m2/repository/com/github/luben/zstd-jni/1.5.6-3/zstd-jni-1.5.6-3.jar:/home/runner/.m2/repository/commons-codec/commons-codec/1.17.0/commons-codec-1.17.0.jar:/home/runner/.m2/repository/io/netty/netty-codec/4.1.109.Final/netty-codec-4.1.109.Final.jar:/home/runner/.m2/repository/io/netty/netty-handler/4.1.109.Final/netty-handler-4.1.109.Final.jar:/home/runner/work/ozone/ozone/hadoop-hdds/hadoop-dependency-test/target/classes:/home/runner/.m2/repository/org/apache/hadoop/hadoop-common/3.3.6/hadoop-common-3.3.6-tests.jar:/home/runner/.m2/repository/org/apache/hadoop/hadoop-hdfs/3.3.6/hadoop-hdfs-3.3.6-tests.jar:/home/runner/.m2/repository/org/junit/jupiter/junit-jupiter-engine/5.10.2/junit-jupiter-engine-5.10.2.jar:/home/runner/.m2/repository/org/junit/jupiter/junit-jupiter-params/5.10.2/junit-jupiter-params-5.10.2.jar:/home/runner/.m2/repository/org/mockito/mockito-core/4.11.0/mockito-core-4.11.0.jar:/home/runner/.m2/repository/net/bytebuddy/byte-buddy/1.12.19/byte-buddy-1.12.19.jar:/home/runner/.m2/repository/net/bytebuddy/byte-buddy-agent/1.12.19/byte-buddy-agent-1.12.19.jar:/home/runner/.m2/repository/org/objenesis/objenesis/3.3/objenesis-3.3.jar:/home/runner/.m2/repository/org/mockito/mockito-inline/4.11.0/mockito-inline-4.11.0.jar:/home/runner/.m2/repository/org/mockito/mockito-junit-jupiter/4.11.0/mockito-junit-jupiter-4.11.0.jar:/home/runner/.m2/repository/org/apache/hadoop/hadoop-distcp/3.3.6/hadoop-distcp-3.3.6.jar:/home/runner/.m2/repository/org/apache/hadoop/hadoop-mapreduce-client-jobclient/3.3.6/hadoop-mapreduce-client-jobclient-3.3.6.jar:/home/runner/.m2/repository/org/apache/hadoop/hadoop-mapreduce-client-common/3.3.6/hadoop-mapreduce-client-common-3.3.6.jar:/home/runner/.m2/repository/org/apache/hadoop/hadoop-yarn-common/3.3.6/hadoop-yarn-common-3.3.6.jar:/home/runner/.m2/repository/org/apache/hadoop/hadoop-yarn-api/3.3.6/hadoop-yarn-api-3.3.6.jar:/home/runner/.m2/repository/javax/xml/bind/jaxb-api/2.2.11/jaxb-api-2.2.11.jar:/home/runner/.m2/repository/com/sun/jersey/contribs/jersey-guice/1.19.4/jersey-guice-1.19.4.jar:/home/runner/.m2/repository/com/fasterxml/jackson/jaxrs/jackson-jaxrs-json-provider/2.16.2/jackson-jaxrs-json-provider-2.16.2.jar:/home/runner/.m2/repository/com/fasterxml/jackson/jaxrs/jackson-jaxrs-base/2.16.2/jackson-jaxrs-base-2.16.2.jar:/home/runner/.m2/repository/org/apache/hadoop/hadoop-yarn-client/3.3.6/hadoop-yarn-client-3.3.6.jar:/home/runner/.m2/repository/org/eclipse/jetty/websocket/websocket-client/9.4.51.v20230217/websocket-client-9.4.51.v20230217.jar:/home/runner/.m2/repository/org/eclipse/jetty/websocket/websocket-common/9.4.51.v20230217/websocket-common-9.4.51.v20230217.jar:/home/runner/.m2/repository/org/eclipse/jetty/websocket/websocket-api/9.4.51.v20230217/websocket-api-9.4.51.v20230217.jar:/home/runner/.m2/repository/org/jline/jline/3.9.0/jline-3.9.0.jar:/home/runner/.m2/repository/org/apache/hadoop/hadoop-mapreduce-client-core/3.3.6/hadoop-mapreduce-client-core-3.3.6.jar:/home/runner/.m2/repository/org/apache/avro/avro/1.7.7/avro-1.7.7.jar:/home/runner/.m2/repository/com/thoughtworks/paranamer/paranamer/2.3/paranamer-2.3.jar:/home/runner/.m2/repository/org/apache/hadoop/hadoop-annotations/3.3.6/hadoop-annotations-3.3.6.jar:/home/runner/.m2/repository/io/netty/netty/3.10.6.Final/netty-3.10.6.Final.jar:/home/runner/.m2/repository/org/apache/hadoop/hadoop-distcp/3.3.6/hadoop-distcp-3.3.6-tests.jar:/home/runner/.m2/repository/org/hamcrest/hamcrest/2.2/hamcrest-2.2.jar:/home/runner/.m2/repository/org/slf4j/jul-to-slf4j/2.0.13/jul-to-slf4j-2.0.13.jar:/home/runner/work/ozone/ozone/hadoop-ozone/integration-test/target/gradle-enterprise/test-listeners.jar:"/>
    <property name="java.vm.vendor" value="Eclipse Adoptium"/>
    <property name="sun.arch.data.model" value="64"/>
    <property name="test.build.dir" value="/home/runner/work/ozone/ozone/hadoop-ozone/integration-test/target/test-dir"/>
    <property name="test.cache.data" value=""/>
    <property name="java.vendor.url" value="https://adoptium.net/"/>
    <property name="user.timezone" value="Etc/UTC"/>
    <property name="maven-surefire-plugin.argLineAccessArgs" value=" --add-opens java.management/com.sun.jmx.mbeanserver=ALL-UNNAMED --add-exports java.management/com.sun.jmx.mbeanserver=ALL-UNNAMED --add-opens java.base/java.nio=ALL-UNNAMED --add-opens java.base/java.lang=ALL-UNNAMED --add-opens java.base/java.lang.reflect=ALL-UNNAMED"/>
    <property name="os.name" value="Linux"/>
    <property name="java.vm.specification.version" value="17"/>
    <property name="test.build.data" value="/home/runner/work/ozone/ozone/hadoop-ozone/integration-test/target/test-dir"/>
    <property name="sun.java.launcher" value="SUN_STANDARD"/>
    <property name="sun.boot.library.path" value="/usr/lib/jvm/temurin-17-jdk-amd64/lib"/>
    <property name="sun.java.command" value="/home/runner/work/ozone/ozone/hadoop-ozone/integration-test/target/surefire/surefirebooter12230467874225202424.jar /home/runner/work/ozone/ozone/hadoop-ozone/integration-test/target/surefire 2024-05-22T11-03-12_339-jvmRun1 surefire5185203546920170967tmp surefire_2613782332834600286170tmp"/>
    <property name="jdk.debug" value="release"/>
    <property name="native.lib.tmp.dir" value="/tmp"/>
    <property name="surefire.test.class.path" value="/home/runner/work/ozone/ozone/hadoop-ozone/integration-test/target/test-classes:/home/runner/work/ozone/ozone/hadoop-ozone/integration-test/target/classes:/home/runner/work/ozone/ozone/hadoop-ozone/common/target/classes:/home/runner/.m2/repository/io/grpc/grpc-netty/1.58.0/grpc-netty-1.58.0.jar:/home/runner/.m2/repository/io/grpc/grpc-core/1.58.0/grpc-core-1.58.0.jar:/home/runner/.m2/repository/com/google/android/annotations/4.1.1.4/annotations-4.1.1.4.jar:/home/runner/.m2/repository/org/codehaus/mojo/animal-sniffer-annotations/1.23/animal-sniffer-annotations-1.23.jar:/home/runner/.m2/repository/io/grpc/grpc-context/1.58.0/grpc-context-1.58.0.jar:/home/runner/.m2/repository/io/grpc/grpc-util/1.58.0/grpc-util-1.58.0.jar:/home/runner/.m2/repository/com/google/errorprone/error_prone_annotations/2.2.0/error_prone_annotations-2.2.0.jar:/home/runner/.m2/repository/io/perfmark/perfmark-api/0.26.0/perfmark-api-0.26.0.jar:/home/runner/.m2/repository/io/netty/netty-codec-http2/4.1.109.Final/netty-codec-http2-4.1.109.Final.jar:/home/runner/.m2/repository/io/netty/netty-common/4.1.109.Final/netty-common-4.1.109.Final.jar:/home/runner/.m2/repository/io/netty/netty-buffer/4.1.109.Final/netty-buffer-4.1.109.Final.jar:/home/runner/.m2/repository/io/netty/netty-codec-http/4.1.109.Final/netty-codec-http-4.1.109.Final.jar:/home/runner/.m2/repository/io/netty/netty-handler-proxy/4.1.109.Final/netty-handler-proxy-4.1.109.Final.jar:/home/runner/.m2/repository/io/netty/netty-codec-socks/4.1.109.Final/netty-codec-socks-4.1.109.Final.jar:/home/runner/.m2/repository/io/netty/netty-tcnative-boringssl-static/2.0.65.Final/netty-tcnative-boringssl-static-2.0.65.Final.jar:/home/runner/.m2/repository/io/netty/netty-tcnative-classes/2.0.65.Final/netty-tcnative-classes-2.0.65.Final.jar:/home/runner/.m2/repository/io/netty/netty-tcnative-boringssl-static/2.0.65.Final/netty-tcnative-boringssl-static-2.0.65.Final-linux-x86_64.jar:/home/runner/.m2/repository/io/netty/netty-tcnative-boringssl-static/2.0.65.Final/netty-tcnative-boringssl-static-2.0.65.Final-linux-aarch_64.jar:/home/runner/.m2/repository/io/netty/netty-tcnative-boringssl-static/2.0.65.Final/netty-tcnative-boringssl-static-2.0.65.Final-osx-x86_64.jar:/home/runner/.m2/repository/io/netty/netty-tcnative-boringssl-static/2.0.65.Final/netty-tcnative-boringssl-static-2.0.65.Final-osx-aarch_64.jar:/home/runner/.m2/repository/io/netty/netty-tcnative-boringssl-static/2.0.65.Final/netty-tcnative-boringssl-static-2.0.65.Final-windows-x86_64.jar:/home/runner/.m2/repository/org/apache/commons/commons-compress/1.26.0/commons-compress-1.26.0.jar:/home/runner/work/ozone/ozone/hadoop-hdds/common/target/classes:/home/runner/work/ozone/ozone/hadoop-hdds/client/target/classes:/home/runner/work/ozone/ozone/hadoop-ozone/interface-client/target/classes:/home/runner/.m2/repository/org/apache/hadoop/hadoop-hdfs-client/3.3.6/hadoop-hdfs-client-3.3.6.jar:/home/runner/.m2/repository/com/squareup/okhttp3/okhttp/4.12.0/okhttp-4.12.0.jar:/home/runner/.m2/repository/com/squareup/okio/okio/3.6.0/okio-3.6.0.jar:/home/runner/.m2/repository/com/squareup/okio/okio-jvm/3.6.0/okio-jvm-3.6.0.jar:/home/runner/.m2/repository/org/jetbrains/kotlin/kotlin-stdlib-jdk8/1.9.24/kotlin-stdlib-jdk8-1.9.24.jar:/home/runner/.m2/repository/org/jetbrains/kotlin/kotlin-stdlib-jdk7/1.9.24/kotlin-stdlib-jdk7-1.9.24.jar:/home/runner/.m2/repository/org/jetbrains/kotlin/kotlin-stdlib-common/1.9.24/kotlin-stdlib-common-1.9.24.jar:/home/runner/work/ozone/ozone/hadoop-hdds/test-utils/target/classes:/home/runner/.m2/repository/org/assertj/assertj-core/3.12.2/assertj-core-3.12.2.jar:/home/runner/.m2/repository/com/google/guava/guava/32.1.3-jre/guava-32.1.3-jre.jar:/home/runner/.m2/repository/com/google/guava/failureaccess/1.0.1/failureaccess-1.0.1.jar:/home/runner/.m2/repository/com/google/guava/listenablefuture/9999.0-empty-to-avoid-conflict-with-guava/listenablefuture-9999.0-empty-to-avoid-conflict-with-guava.jar:/home/runner/.m2/repository/org/checkerframework/checker-qual/3.37.0/checker-qual-3.37.0.jar:/home/runner/.m2/repository/com/google/j2objc/j2objc-annotations/2.8/j2objc-annotations-2.8.jar:/home/runner/.m2/repository/commons-io/commons-io/2.16.1/commons-io-2.16.1.jar:/home/runner/.m2/repository/commons-logging/commons-logging/1.2/commons-logging-1.2.jar:/home/runner/.m2/repository/org/junit/jupiter/junit-jupiter-api/5.10.2/junit-jupiter-api-5.10.2.jar:/home/runner/.m2/repository/org/opentest4j/opentest4j/1.3.0/opentest4j-1.3.0.jar:/home/runner/.m2/repository/org/junit/platform/junit-platform-commons/1.10.2/junit-platform-commons-1.10.2.jar:/home/runner/.m2/repository/ch/qos/reload4j/reload4j/1.2.25/reload4j-1.2.25.jar:/home/runner/.m2/repository/jakarta/annotation/jakarta.annotation-api/2.1.1/jakarta.annotation-api-2.1.1.jar:/home/runner/.m2/repository/org/slf4j/slf4j-api/2.0.13/slf4j-api-2.0.13.jar:/home/runner/.m2/repository/org/apache/logging/log4j/log4j-api/2.17.1/log4j-api-2.17.1.jar:/home/runner/work/ozone/ozone/hadoop-hdds/server-scm/target/classes:/home/runner/.m2/repository/com/google/protobuf/protobuf-java/2.5.0/protobuf-java-2.5.0.jar:/home/runner/work/ozone/ozone/hadoop-hdds/container-service/target/classes:/home/runner/work/ozone/ozone/hadoop-hdds/hadoop-dependency-server/target/classes:/home/runner/.m2/repository/com/nimbusds/nimbus-jose-jwt/9.37.2/nimbus-jose-jwt-9.37.2.jar:/home/runner/.m2/repository/com/github/stephenc/jcip/jcip-annotations/1.0-1/jcip-annotations-1.0-1.jar:/home/runner/.m2/repository/org/apache/hadoop/hadoop-hdfs/3.3.6/hadoop-hdfs-3.3.6.jar:/home/runner/.m2/repository/commons-daemon/commons-daemon/1.3.4/commons-daemon-1.3.4.jar:/home/runner/.m2/repository/org/apache/kerby/kerb-core/1.0.1/kerb-core-1.0.1.jar:/home/runner/.m2/repository/org/apache/kerby/kerby-pkix/1.0.1/kerby-pkix-1.0.1.jar:/home/runner/.m2/repository/org/apache/kerby/kerby-asn1/1.0.1/kerby-asn1-1.0.1.jar:/home/runner/.m2/repository/org/apache/kerby/kerby-util/1.0.1/kerby-util-1.0.1.jar:/home/runner/.m2/repository/org/apache/kerby/kerb-util/1.0.1/kerb-util-1.0.1.jar:/home/runner/.m2/repository/org/apache/kerby/kerby-config/1.0.1/kerby-config-1.0.1.jar:/home/runner/.m2/repository/org/apache/kerby/kerb-crypto/1.0.1/kerb-crypto-1.0.1.jar:/home/runner/.m2/repository/org/xerial/snappy/snappy-java/1.1.10.5/snappy-java-1.1.10.5.jar:/home/runner/work/ozone/ozone/hadoop-hdds/framework/target/classes:/home/runner/.m2/repository/org/bouncycastle/bcprov-jdk18on/1.78.1/bcprov-jdk18on-1.78.1.jar:/home/runner/.m2/repository/io/dropwizard/metrics/metrics-core/3.2.6/metrics-core-3.2.6.jar:/home/runner/.m2/repository/org/apache/commons/commons-text/1.11.0/commons-text-1.11.0.jar:/home/runner/work/ozone/ozone/hadoop-hdds/framework/target/test-classes:/home/runner/work/ozone/ozone/hadoop-hdds/interface-server/target/classes:/home/runner/work/ozone/ozone/hadoop-hdds/interface-admin/target/classes:/home/runner/work/ozone/ozone/hadoop-hdds/managed-rocksdb/target/classes:/home/runner/.m2/repository/org/rocksdb/rocksdbjni/7.7.3/rocksdbjni-7.7.3.jar:/home/runner/.m2/repository/org/slf4j/slf4j-reload4j/2.0.13/slf4j-reload4j-2.0.13.jar:/home/runner/.m2/repository/org/apache/commons/commons-configuration2/2.10.1/commons-configuration2-2.10.1.jar:/home/runner/.m2/repository/commons-fileupload/commons-fileupload/1.5/commons-fileupload-1.5.jar:/home/runner/.m2/repository/org/apache/logging/log4j/log4j-core/2.17.1/log4j-core-2.17.1.jar:/home/runner/.m2/repository/com/lmax/disruptor/3.4.4/disruptor-3.4.4.jar:/home/runner/.m2/repository/org/eclipse/jetty/jetty-util/9.4.54.v20240208/jetty-util-9.4.54.v20240208.jar:/home/runner/.m2/repository/org/eclipse/jetty/jetty-server/9.4.54.v20240208/jetty-server-9.4.54.v20240208.jar:/home/runner/.m2/repository/org/eclipse/jetty/jetty-http/9.4.54.v20240208/jetty-http-9.4.54.v20240208.jar:/home/runner/.m2/repository/org/eclipse/jetty/jetty-io/9.4.54.v20240208/jetty-io-9.4.54.v20240208.jar:/home/runner/.m2/repository/org/eclipse/jetty/jetty-servlet/9.4.54.v20240208/jetty-servlet-9.4.54.v20240208.jar:/home/runner/.m2/repository/org/eclipse/jetty/jetty-security/9.4.54.v20240208/jetty-security-9.4.54.v20240208.jar:/home/runner/.m2/repository/org/eclipse/jetty/jetty-util-ajax/9.4.54.v20240208/jetty-util-ajax-9.4.54.v20240208.jar:/home/runner/.m2/repository/org/eclipse/jetty/jetty-webapp/9.4.54.v20240208/jetty-webapp-9.4.54.v20240208.jar:/home/runner/.m2/repository/org/eclipse/jetty/jetty-xml/9.4.54.v20240208/jetty-xml-9.4.54.v20240208.jar:/home/runner/.m2/repository/org/apache/ratis/ratis-server/3.0.1/ratis-server-3.0.1.jar:/home/runner/.m2/repository/org/apache/ratis/ratis-thirdparty-misc/1.0.5/ratis-thirdparty-misc-1.0.5.jar:/home/runner/.m2/repository/org/apache/ratis/ratis-proto/3.0.1/ratis-proto-3.0.1.jar:/home/runner/.m2/repository/org/apache/ratis/ratis-common/3.0.1/ratis-common-3.0.1.jar:/home/runner/.m2/repository/org/apache/ratis/ratis-client/3.0.1/ratis-client-3.0.1.jar:/home/runner/.m2/repository/org/apache/ratis/ratis-server-api/3.0.1/ratis-server-api-3.0.1.jar:/home/runner/.m2/repository/org/apache/ratis/ratis-metrics-api/3.0.1/ratis-metrics-api-3.0.1.jar:/home/runner/.m2/repository/org/apache/ratis/ratis-metrics-dropwizard3/3.0.1/ratis-metrics-dropwizard3-3.0.1.jar:/home/runner/.m2/repository/io/prometheus/simpleclient_dropwizard/0.16.0/simpleclient_dropwizard-0.16.0.jar:/home/runner/.m2/repository/io/prometheus/simpleclient/0.16.0/simpleclient-0.16.0.jar:/home/runner/.m2/repository/io/prometheus/simpleclient_common/0.16.0/simpleclient_common-0.16.0.jar:/home/runner/.m2/repository/com/fasterxml/jackson/datatype/jackson-datatype-jsr310/2.16.2/jackson-datatype-jsr310-2.16.2.jar:/home/runner/.m2/repository/com/fasterxml/jackson/core/jackson-core/2.16.2/jackson-core-2.16.2.jar:/home/runner/work/ozone/ozone/hadoop-hdds/rocksdb-checkpoint-differ/target/classes:/home/runner/.m2/repository/org/jgrapht/jgrapht-core/1.4.0/jgrapht-core-1.4.0.jar:/home/runner/.m2/repository/org/jheaps/jheaps/0.11/jheaps-0.11.jar:/home/runner/.m2/repository/org/jgrapht/jgrapht-ext/1.4.0/jgrapht-ext-1.4.0.jar:/home/runner/.m2/repository/com/github/vlsi/mxgraph/jgraphx/3.9.8.1/jgraphx-3.9.8.1.jar:/home/runner/work/ozone/ozone/hadoop-ozone/ozone-manager/target/classes:/home/runner/.m2/repository/org/aspectj/aspectjrt/1.9.7/aspectjrt-1.9.7.jar:/home/runner/.m2/repository/org/aspectj/aspectjweaver/1.9.7/aspectjweaver-1.9.7.jar:/home/runner/work/ozone/ozone/hadoop-hdds/interface-client/target/classes:/home/runner/.m2/repository/org/apache/hadoop/thirdparty/hadoop-shaded-protobuf_3_7/1.1.1/hadoop-shaded-protobuf_3_7-1.1.1.jar:/home/runner/work/ozone/ozone/hadoop-ozone/interface-storage/target/classes:/home/runner/.m2/repository/org/reflections/reflections/0.10.2/reflections-0.10.2.jar:/home/runner/.m2/repository/com/sun/jersey/jersey-client/1.19.4/jersey-client-1.19.4.jar:/home/runner/.m2/repository/org/codehaus/jackson/jackson-core-asl/1.9.13/jackson-core-asl-1.9.13.jar:/home/runner/.m2/repository/org/codehaus/jackson/jackson-mapper-asl/1.9.13/jackson-mapper-asl-1.9.13.jar:/home/runner/.m2/repository/org/codehaus/jackson/jackson-jaxrs/1.9.13/jackson-jaxrs-1.9.13.jar:/home/runner/.m2/repository/org/apache/ranger/ranger-intg/2.3.0/ranger-intg-2.3.0.jar:/home/runner/.m2/repository/org/apache/ranger/ranger-plugins-common/2.3.0/ranger-plugins-common-2.3.0.jar:/home/runner/.m2/repository/commons-lang/commons-lang/2.6/commons-lang-2.6.jar:/home/runner/.m2/repository/org/apache/ranger/ranger-plugins-cred/2.3.0/ranger-plugins-cred-2.3.0.jar:/home/runner/.m2/repository/org/apache/ranger/ranger-plugins-audit/2.3.0/ranger-plugins-audit-2.3.0.jar:/home/runner/.m2/repository/org/eclipse/jetty/jetty-client/9.4.54.v20240208/jetty-client-9.4.54.v20240208.jar:/home/runner/.m2/repository/org/apache/httpcomponents/httpmime/4.5.6/httpmime-4.5.6.jar:/home/runner/.m2/repository/org/apache/httpcomponents/httpcore-nio/4.4.16/httpcore-nio-4.4.16.jar:/home/runner/.m2/repository/org/apache/httpcomponents/httpasyncclient/4.1.3/httpasyncclient-4.1.3.jar:/home/runner/.m2/repository/com/carrotsearch/hppc/0.8.0/hppc-0.8.0.jar:/home/runner/.m2/repository/org/apache/orc/orc-core/1.5.8/orc-core-1.5.8.jar:/home/runner/.m2/repository/net/java/dev/jna/jna/5.2.0/jna-5.2.0.jar:/home/runner/.m2/repository/net/java/dev/jna/jna-platform/5.2.0/jna-platform-5.2.0.jar:/home/runner/.m2/repository/com/kstruct/gethostname4j/0.0.2/gethostname4j-0.0.2.jar:/home/runner/.m2/repository/org/apache/ranger/ranger-plugin-classloader/2.3.0/ranger-plugin-classloader-2.3.0.jar:/home/runner/work/ozone/ozone/hadoop-hdds/rocks-native/target/classes:/home/runner/.m2/repository/org/apache/hadoop/hadoop-minikdc/3.3.6/hadoop-minikdc-3.3.6.jar:/home/runner/.m2/repository/org/apache/kerby/kerb-simplekdc/1.0.1/kerb-simplekdc-1.0.1.jar:/home/runner/.m2/repository/org/apache/kerby/kerb-client/1.0.1/kerb-client-1.0.1.jar:/home/runner/.m2/repository/org/apache/kerby/kerb-common/1.0.1/kerb-common-1.0.1.jar:/home/runner/.m2/repository/org/apache/kerby/token-provider/1.0.1/token-provider-1.0.1.jar:/home/runner/.m2/repository/org/apache/kerby/kerb-admin/1.0.1/kerb-admin-1.0.1.jar:/home/runner/.m2/repository/org/apache/kerby/kerb-server/1.0.1/kerb-server-1.0.1.jar:/home/runner/.m2/repository/org/apache/kerby/kerb-identity/1.0.1/kerb-identity-1.0.1.jar:/home/runner/.m2/repository/org/apache/kerby/kerby-xdr/1.0.1/kerby-xdr-1.0.1.jar:/home/runner/.m2/repository/junit/junit/4.13.2/junit-4.13.2.jar:/home/runner/.m2/repository/org/hamcrest/hamcrest-core/1.3/hamcrest-core-1.3.jar:/home/runner/work/ozone/ozone/hadoop-ozone/s3gateway/target/classes:/home/runner/.m2/repository/org/javassist/javassist/3.30.2-GA/javassist-3.30.2-GA.jar:/home/runner/.m2/repository/org/jboss/weld/servlet/weld-servlet-shaded/3.1.9.Final/weld-servlet-shaded-3.1.9.Final.jar:/home/runner/.m2/repository/org/glassfish/jersey/containers/jersey-container-servlet-core/2.42/jersey-container-servlet-core-2.42.jar:/home/runner/.m2/repository/org/glassfish/hk2/external/jakarta.inject/2.6.1/jakarta.inject-2.6.1.jar:/home/runner/.m2/repository/org/glassfish/jersey/core/jersey-common/2.42/jersey-common-2.42.jar:/home/runner/.m2/repository/jakarta/ws/rs/jakarta.ws.rs-api/2.1.6/jakarta.ws.rs-api-2.1.6.jar:/home/runner/.m2/repository/org/glassfish/jersey/ext/cdi/jersey-cdi1x/2.42/jersey-cdi1x-2.42.jar:/home/runner/.m2/repository/org/glassfish/jersey/inject/jersey-hk2/2.42/jersey-hk2-2.42.jar:/home/runner/.m2/repository/org/glassfish/hk2/hk2-locator/2.6.1/hk2-locator-2.6.1.jar:/home/runner/.m2/repository/org/glassfish/jersey/media/jersey-media-jaxb/2.42/jersey-media-jaxb-2.42.jar:/home/runner/.m2/repository/org/glassfish/hk2/osgi-resource-locator/1.0.3/osgi-resource-locator-1.0.3.jar:/home/runner/.m2/repository/org/glassfish/hk2/hk2-api/2.6.1/hk2-api-2.6.1.jar:/home/runner/.m2/repository/org/glassfish/hk2/hk2-utils/2.6.1/hk2-utils-2.6.1.jar:/home/runner/.m2/repository/org/glassfish/hk2/external/aopalliance-repackaged/2.6.1/aopalliance-repackaged-2.6.1.jar:/home/runner/.m2/repository/com/fasterxml/jackson/dataformat/jackson-dataformat-xml/2.16.2/jackson-dataformat-xml-2.16.2.jar:/home/runner/.m2/repository/org/codehaus/woodstox/stax2-api/4.2.2/stax2-api-4.2.2.jar:/home/runner/.m2/repository/com/fasterxml/woodstox/woodstox-core/5.4.0/woodstox-core-5.4.0.jar:/home/runner/.m2/repository/com/fasterxml/jackson/module/jackson-module-jaxb-annotations/2.16.2/jackson-module-jaxb-annotations-2.16.2.jar:/home/runner/.m2/repository/javax/enterprise/cdi-api/2.0/cdi-api-2.0.jar:/home/runner/.m2/repository/javax/el/javax.el-api/3.0.0/javax.el-api-3.0.0.jar:/home/runner/.m2/repository/javax/interceptor/javax.interceptor-api/1.2/javax.interceptor-api-1.2.jar:/home/runner/.m2/repository/javax/inject/javax.inject/1/javax.inject-1.jar:/home/runner/.m2/repository/jakarta/xml/bind/jakarta.xml.bind-api/2.3.3/jakarta.xml.bind-api-2.3.3.jar:/home/runner/.m2/repository/org/glassfish/jaxb/jaxb-runtime/2.3.9/jaxb-runtime-2.3.9.jar:/home/runner/.m2/repository/org/glassfish/jaxb/txw2/2.3.9/txw2-2.3.9.jar:/home/runner/.m2/repository/com/sun/istack/istack-commons-runtime/3.0.12/istack-commons-runtime-3.0.12.jar:/home/runner/.m2/repository/com/sun/activation/jakarta.activation/1.2.2/jakarta.activation-1.2.2.jar:/home/runner/.m2/repository/jakarta/activation/jakarta.activation-api/1.2.2/jakarta.activation-api-1.2.2.jar:/home/runner/.m2/repository/io/grpc/grpc-protobuf/1.58.0/grpc-protobuf-1.58.0.jar:/home/runner/.m2/repository/com/google/api/grpc/proto-google-common-protos/2.22.0/proto-google-common-protos-2.22.0.jar:/home/runner/.m2/repository/io/grpc/grpc-protobuf-lite/1.58.0/grpc-protobuf-lite-1.58.0.jar:/home/runner/.m2/repository/io/grpc/grpc-stub/1.58.0/grpc-stub-1.58.0.jar:/home/runner/.m2/repository/io/netty/netty-transport/4.1.109.Final/netty-transport-4.1.109.Final.jar:/home/runner/.m2/repository/io/netty/netty-resolver/4.1.109.Final/netty-resolver-4.1.109.Final.jar:/home/runner/work/ozone/ozone/hadoop-ozone/csi/target/classes:/home/runner/.m2/repository/com/google/protobuf/protobuf-java-util/3.19.6/protobuf-java-util-3.19.6.jar:/home/runner/.m2/repository/com/google/code/gson/gson/2.10.1/gson-2.10.1.jar:/home/runner/work/ozone/ozone/hadoop-hdds/config/target/classes:/home/runner/.m2/repository/io/netty/netty-transport-native-epoll/4.1.109.Final/netty-transport-native-epoll-4.1.109.Final-linux-x86_64.jar:/home/runner/.m2/repository/io/netty/netty-transport-classes-epoll/4.1.109.Final/netty-transport-classes-epoll-4.1.109.Final.jar:/home/runner/.m2/repository/io/netty/netty-transport-native-unix-common/4.1.109.Final/netty-transport-native-unix-common-4.1.109.Final.jar:/home/runner/work/ozone/ozone/hadoop-ozone/recon/target/classes:/home/runner/work/ozone/ozone/hadoop-ozone/recon-codegen/target/classes:/home/runner/.m2/repository/com/google/inject/guice/6.0.0/guice-6.0.0.jar:/home/runner/.m2/repository/jakarta/inject/jakarta.inject-api/2.0.1/jakarta.inject-api-2.0.1.jar:/home/runner/.m2/repository/aopalliance/aopalliance/1.0/aopalliance-1.0.jar:/home/runner/.m2/repository/com/google/inject/extensions/guice-assistedinject/6.0.0/guice-assistedinject-6.0.0.jar:/home/runner/.m2/repository/com/google/inject/extensions/guice-servlet/6.0.0/guice-servlet-6.0.0.jar:/home/runner/.m2/repository/org/glassfish/jersey/containers/jersey-container-servlet/2.42/jersey-container-servlet-2.42.jar:/home/runner/.m2/repository/org/glassfish/hk2/guice-bridge/2.6.1/guice-bridge-2.6.1.jar:/home/runner/.m2/repository/org/glassfish/jersey/core/jersey-server/2.42/jersey-server-2.42.jar:/home/runner/.m2/repository/org/glassfish/jersey/core/jersey-client/2.42/jersey-client-2.42.jar:/home/runner/.m2/repository/jakarta/validation/jakarta.validation-api/2.0.2/jakarta.validation-api-2.0.2.jar:/home/runner/.m2/repository/org/glassfish/jersey/media/jersey-media-json-jackson/2.42/jersey-media-json-jackson-2.42.jar:/home/runner/.m2/repository/org/glassfish/jersey/ext/jersey-entity-filtering/2.42/jersey-entity-filtering-2.42.jar:/home/runner/.m2/repository/org/jooq/jooq/3.11.10/jooq-3.11.10.jar:/home/runner/.m2/repository/org/jooq/jooq-meta/3.11.10/jooq-meta-3.11.10.jar:/home/runner/.m2/repository/org/jooq/jooq-codegen/3.11.10/jooq-codegen-3.11.10.jar:/home/runner/.m2/repository/com/jolbox/bonecp/0.8.0.RELEASE/bonecp-0.8.0.RELEASE.jar:/home/runner/.m2/repository/org/apache/derby/derby/10.14.2.0/derby-10.14.2.0.jar:/home/runner/.m2/repository/org/xerial/sqlite-jdbc/3.44.1.0/sqlite-jdbc-3.44.1.0.jar:/home/runner/.m2/repository/org/springframework/spring-jdbc/5.3.34/spring-jdbc-5.3.34.jar:/home/runner/.m2/repository/org/springframework/spring-beans/5.3.34/spring-beans-5.3.34.jar:/home/runner/.m2/repository/org/springframework/spring-core/5.3.34/spring-core-5.3.34.jar:/home/runner/.m2/repository/org/springframework/spring-tx/5.3.34/spring-tx-5.3.34.jar:/home/runner/work/ozone/ozone/hadoop-ozone/client/target/classes:/home/runner/work/ozone/ozone/hadoop-hdds/erasurecode/target/classes:/home/runner/work/ozone/ozone/hadoop-ozone/ozonefs/target/classes:/home/runner/work/ozone/ozone/hadoop-ozone/ozonefs-common/target/classes:/home/runner/work/ozone/ozone/hadoop-ozone/tools/target/classes:/home/runner/.m2/repository/com/amazonaws/aws-java-sdk-core/1.12.661/aws-java-sdk-core-1.12.661.jar:/home/runner/.m2/repository/org/apache/httpcomponents/httpclient/4.5.14/httpclient-4.5.14.jar:/home/runner/.m2/repository/org/apache/httpcomponents/httpcore/4.4.16/httpcore-4.4.16.jar:/home/runner/.m2/repository/com/fasterxml/jackson/dataformat/jackson-dataformat-cbor/2.16.2/jackson-dataformat-cbor-2.16.2.jar:/home/runner/.m2/repository/joda-time/joda-time/2.12.7/joda-time-2.12.7.jar:/home/runner/.m2/repository/com/amazonaws/aws-java-sdk-s3/1.12.661/aws-java-sdk-s3-1.12.661.jar:/home/runner/.m2/repository/com/amazonaws/aws-java-sdk-kms/1.12.661/aws-java-sdk-kms-1.12.661.jar:/home/runner/.m2/repository/com/amazonaws/jmespath-java/1.12.661/jmespath-java-1.12.661.jar:/home/runner/.m2/repository/org/kohsuke/metainf-services/metainf-services/1.11/metainf-services-1.11.jar:/home/runner/work/ozone/ozone/hadoop-hdds/tools/target/classes:/home/runner/.m2/repository/org/apache/ratis/ratis-tools/3.0.1/ratis-tools-3.0.1.jar:/home/runner/.m2/repository/commons-cli/commons-cli/1.6.0/commons-cli-1.6.0.jar:/home/runner/.m2/repository/org/apache/commons/commons-lang3/3.14.0/commons-lang3-3.14.0.jar:/home/runner/work/ozone/ozone/hadoop-ozone/ozone-manager/target/test-classes:/home/runner/work/ozone/ozone/hadoop-hdds/common/target/test-classes:/home/runner/work/ozone/ozone/hadoop-hdds/hadoop-dependency-client/target/classes:/home/runner/.m2/repository/info/picocli/picocli/4.7.5/picocli-4.7.5.jar:/home/runner/.m2/repository/com/fasterxml/jackson/core/jackson-annotations/2.16.2/jackson-annotations-2.16.2.jar:/home/runner/work/ozone/ozone/hadoop-hdds/annotations/target/classes:/home/runner/.m2/repository/javax/annotation/javax.annotation-api/1.3.2/javax.annotation-api-1.3.2.jar:/home/runner/.m2/repository/org/apache/ratis/ratis-netty/3.0.1/ratis-netty-3.0.1.jar:/home/runner/.m2/repository/org/apache/ratis/ratis-grpc/3.0.1/ratis-grpc-3.0.1.jar:/home/runner/.m2/repository/org/bouncycastle/bcpkix-jdk18on/1.78.1/bcpkix-jdk18on-1.78.1.jar:/home/runner/.m2/repository/org/bouncycastle/bcutil-jdk18on/1.78.1/bcutil-jdk18on-1.78.1.jar:/home/runner/.m2/repository/commons-validator/commons-validator/1.6/commons-validator-1.6.jar:/home/runner/.m2/repository/commons-beanutils/commons-beanutils/1.9.4/commons-beanutils-1.9.4.jar:/home/runner/.m2/repository/commons-digester/commons-digester/1.8.1/commons-digester-1.8.1.jar:/home/runner/.m2/repository/commons-collections/commons-collections/3.2.2/commons-collections-3.2.2.jar:/home/runner/.m2/repository/io/jaegertracing/jaeger-client/1.8.1/jaeger-client-1.8.1.jar:/home/runner/.m2/repository/io/jaegertracing/jaeger-thrift/1.8.1/jaeger-thrift-1.8.1.jar:/home/runner/.m2/repository/org/apache/thrift/libthrift/0.15.0/libthrift-0.15.0.jar:/home/runner/.m2/repository/io/jaegertracing/jaeger-core/1.8.1/jaeger-core-1.8.1.jar:/home/runner/.m2/repository/io/jaegertracing/jaeger-tracerresolver/1.8.1/jaeger-tracerresolver-1.8.1.jar:/home/runner/.m2/repository/io/opentracing/contrib/opentracing-tracerresolver/0.1.8/opentracing-tracerresolver-0.1.8.jar:/home/runner/.m2/repository/org/jetbrains/kotlin/kotlin-stdlib/1.9.24/kotlin-stdlib-1.9.24.jar:/home/runner/.m2/repository/org/jetbrains/annotations/13.0/annotations-13.0.jar:/home/runner/.m2/repository/io/opentracing/opentracing-util/0.33.0/opentracing-util-0.33.0.jar:/home/runner/.m2/repository/io/opentracing/opentracing-api/0.33.0/opentracing-api-0.33.0.jar:/home/runner/.m2/repository/io/opentracing/opentracing-noop/0.33.0/opentracing-noop-0.33.0.jar:/home/runner/.m2/repository/org/yaml/snakeyaml/2.0/snakeyaml-2.0.jar:/home/runner/.m2/repository/io/grpc/grpc-api/1.58.0/grpc-api-1.58.0.jar:/home/runner/.m2/repository/org/junit/platform/junit-platform-launcher/1.10.2/junit-platform-launcher-1.10.2.jar:/home/runner/.m2/repository/org/junit/platform/junit-platform-engine/1.10.2/junit-platform-engine-1.10.2.jar:/home/runner/.m2/repository/org/apiguardian/apiguardian-api/1.1.2/apiguardian-api-1.1.2.jar:/home/runner/.m2/repository/org/apache/hadoop/hadoop-kms/3.3.6/hadoop-kms-3.3.6.jar:/home/runner/.m2/repository/org/apache/hadoop/hadoop-auth/3.3.6/hadoop-auth-3.3.6.jar:/home/runner/.m2/repository/org/apache/zookeeper/zookeeper/3.8.4/zookeeper-3.8.4.jar:/home/runner/.m2/repository/org/apache/zookeeper/zookeeper-jute/3.8.4/zookeeper-jute-3.8.4.jar:/home/runner/.m2/repository/org/apache/yetus/audience-annotations/0.12.0/audience-annotations-0.12.0.jar:/home/runner/.m2/repository/org/apache/curator/curator-framework/4.2.0/curator-framework-4.2.0.jar:/home/runner/.m2/repository/org/apache/hadoop/thirdparty/hadoop-shaded-guava/1.2.0/hadoop-shaded-guava-1.2.0.jar:/home/runner/.m2/repository/com/sun/jersey/jersey-core/1.19.4/jersey-core-1.19.4.jar:/home/runner/.m2/repository/javax/ws/rs/jsr311-api/1.1.1/jsr311-api-1.1.1.jar:/home/runner/.m2/repository/com/sun/jersey/jersey-server/1.19.4/jersey-server-1.19.4.jar:/home/runner/.m2/repository/javax/servlet/javax.servlet-api/3.1.0/javax.servlet-api-3.1.0.jar:/home/runner/.m2/repository/org/apache/hadoop/hadoop-common/3.3.6/hadoop-common-3.3.6.jar:/home/runner/.m2/repository/org/apache/commons/commons-math3/3.6.1/commons-math3-3.6.1.jar:/home/runner/.m2/repository/commons-net/commons-net/3.10.0/commons-net-3.10.0.jar:/home/runner/.m2/repository/com/sun/jersey/jersey-servlet/1.19.4/jersey-servlet-1.19.4.jar:/home/runner/.m2/repository/com/github/pjfanning/jersey-json/1.20/jersey-json-1.20.jar:/home/runner/.m2/repository/org/codehaus/jettison/jettison/1.1/jettison-1.1.jar:/home/runner/.m2/repository/com/sun/xml/bind/jaxb-impl/2.2.3-1/jaxb-impl-2.2.3-1.jar:/home/runner/.m2/repository/com/google/re2j/re2j/1.7/re2j-1.7.jar:/home/runner/.m2/repository/com/jcraft/jsch/0.1.55/jsch-0.1.55.jar:/home/runner/.m2/repository/org/apache/curator/curator-client/4.2.0/curator-client-4.2.0.jar:/home/runner/.m2/repository/org/apache/curator/curator-recipes/5.2.0/curator-recipes-5.2.0.jar:/home/runner/.m2/repository/com/google/code/findbugs/jsr305/3.0.2/jsr305-3.0.2.jar:/home/runner/.m2/repository/dnsjava/dnsjava/2.1.9/dnsjava-2.1.9.jar:/home/runner/.m2/repository/com/fasterxml/jackson/core/jackson-databind/2.16.2/jackson-databind-2.16.2.jar:/home/runner/.m2/repository/org/apache/hadoop/hadoop-kms/3.3.6/hadoop-kms-3.3.6-tests.jar:/home/runner/work/ozone/ozone/hadoop-hdds/server-scm/target/test-classes:/home/runner/work/ozone/ozone/hadoop-hdds/container-service/target/test-classes:/home/runner/.m2/repository/com/github/luben/zstd-jni/1.5.6-3/zstd-jni-1.5.6-3.jar:/home/runner/.m2/repository/commons-codec/commons-codec/1.17.0/commons-codec-1.17.0.jar:/home/runner/.m2/repository/io/netty/netty-codec/4.1.109.Final/netty-codec-4.1.109.Final.jar:/home/runner/.m2/repository/io/netty/netty-handler/4.1.109.Final/netty-handler-4.1.109.Final.jar:/home/runner/work/ozone/ozone/hadoop-hdds/hadoop-dependency-test/target/classes:/home/runner/.m2/repository/org/apache/hadoop/hadoop-common/3.3.6/hadoop-common-3.3.6-tests.jar:/home/runner/.m2/repository/org/apache/hadoop/hadoop-hdfs/3.3.6/hadoop-hdfs-3.3.6-tests.jar:/home/runner/.m2/repository/org/junit/jupiter/junit-jupiter-engine/5.10.2/junit-jupiter-engine-5.10.2.jar:/home/runner/.m2/repository/org/junit/jupiter/junit-jupiter-params/5.10.2/junit-jupiter-params-5.10.2.jar:/home/runner/.m2/repository/org/mockito/mockito-core/4.11.0/mockito-core-4.11.0.jar:/home/runner/.m2/repository/net/bytebuddy/byte-buddy/1.12.19/byte-buddy-1.12.19.jar:/home/runner/.m2/repository/net/bytebuddy/byte-buddy-agent/1.12.19/byte-buddy-agent-1.12.19.jar:/home/runner/.m2/repository/org/objenesis/objenesis/3.3/objenesis-3.3.jar:/home/runner/.m2/repository/org/mockito/mockito-inline/4.11.0/mockito-inline-4.11.0.jar:/home/runner/.m2/repository/org/mockito/mockito-junit-jupiter/4.11.0/mockito-junit-jupiter-4.11.0.jar:/home/runner/.m2/repository/org/apache/hadoop/hadoop-distcp/3.3.6/hadoop-distcp-3.3.6.jar:/home/runner/.m2/repository/org/apache/hadoop/hadoop-mapreduce-client-jobclient/3.3.6/hadoop-mapreduce-client-jobclient-3.3.6.jar:/home/runner/.m2/repository/org/apache/hadoop/hadoop-mapreduce-client-common/3.3.6/hadoop-mapreduce-client-common-3.3.6.jar:/home/runner/.m2/repository/org/apache/hadoop/hadoop-yarn-common/3.3.6/hadoop-yarn-common-3.3.6.jar:/home/runner/.m2/repository/org/apache/hadoop/hadoop-yarn-api/3.3.6/hadoop-yarn-api-3.3.6.jar:/home/runner/.m2/repository/javax/xml/bind/jaxb-api/2.2.11/jaxb-api-2.2.11.jar:/home/runner/.m2/repository/com/sun/jersey/contribs/jersey-guice/1.19.4/jersey-guice-1.19.4.jar:/home/runner/.m2/repository/com/fasterxml/jackson/jaxrs/jackson-jaxrs-json-provider/2.16.2/jackson-jaxrs-json-provider-2.16.2.jar:/home/runner/.m2/repository/com/fasterxml/jackson/jaxrs/jackson-jaxrs-base/2.16.2/jackson-jaxrs-base-2.16.2.jar:/home/runner/.m2/repository/org/apache/hadoop/hadoop-yarn-client/3.3.6/hadoop-yarn-client-3.3.6.jar:/home/runner/.m2/repository/org/eclipse/jetty/websocket/websocket-client/9.4.51.v20230217/websocket-client-9.4.51.v20230217.jar:/home/runner/.m2/repository/org/eclipse/jetty/websocket/websocket-common/9.4.51.v20230217/websocket-common-9.4.51.v20230217.jar:/home/runner/.m2/repository/org/eclipse/jetty/websocket/websocket-api/9.4.51.v20230217/websocket-api-9.4.51.v20230217.jar:/home/runner/.m2/repository/org/jline/jline/3.9.0/jline-3.9.0.jar:/home/runner/.m2/repository/org/apache/hadoop/hadoop-mapreduce-client-core/3.3.6/hadoop-mapreduce-client-core-3.3.6.jar:/home/runner/.m2/repository/org/apache/avro/avro/1.7.7/avro-1.7.7.jar:/home/runner/.m2/repository/com/thoughtworks/paranamer/paranamer/2.3/paranamer-2.3.jar:/home/runner/.m2/repository/org/apache/hadoop/hadoop-annotations/3.3.6/hadoop-annotations-3.3.6.jar:/home/runner/.m2/repository/io/netty/netty/3.10.6.Final/netty-3.10.6.Final.jar:/home/runner/.m2/repository/org/apache/hadoop/hadoop-distcp/3.3.6/hadoop-distcp-3.3.6-tests.jar:/home/runner/.m2/repository/org/hamcrest/hamcrest/2.2/hamcrest-2.2.jar:/home/runner/.m2/repository/org/slf4j/jul-to-slf4j/2.0.13/jul-to-slf4j-2.0.13.jar:/home/runner/work/ozone/ozone/hadoop-ozone/integration-test/target/gradle-enterprise/test-listeners.jar:"/>
    <property name="sun.cpu.endian" value="little"/>
    <property name="user.home" value="/home/runner"/>
    <property name="user.language" value="en"/>
    <property name="java.specification.vendor" value="Oracle Corporation"/>
    <property name="java.version.date" value="2024-04-16"/>
    <property name="java.home" value="/usr/lib/jvm/temurin-17-jdk-amd64"/>
    <property name="java.security.krb5.conf" value="/home/runner/work/ozone/ozone/hadoop-ozone/integration-test/target/test-classes/krb5.conf"/>
    <property name="file.separator" value="/"/>
    <property name="basedir" value="/home/runner/work/ozone/ozone/hadoop-ozone/integration-test"/>
    <property name="java.vm.compressedOopsMode" value="Zero based"/>
    <property name="line.separator" value="&#10;"/>
    <property name="java.vm.specification.vendor" value="Oracle Corporation"/>
    <property name="java.specification.name" value="Java Platform API Specification"/>
    <property name="skip.installnpx" value="true"/>
    <property name="surefire.real.class.path" value="/home/runner/work/ozone/ozone/hadoop-ozone/integration-test/target/surefire/surefirebooter12230467874225202424.jar"/>
    <property name="hadoop.log.dir" value="/home/runner/work/ozone/ozone/hadoop-ozone/integration-test/target/log"/>
    <property name="sun.management.compiler" value="HotSpot 64-Bit Tiered Compilers"/>
    <property name="java.runtime.version" value="17.0.11+9"/>
    <property name="skip.npx" value="true"/>
    <property name="user.name" value="runner"/>
    <property name="java.net.preferIPv4Stack" value="true"/>
    <property name="path.separator" value=":"/>
    <property name="java.security.egd" value="file:///dev/urandom"/>
    <property name="os.version" value="5.15.0-1064-azure"/>
    <property name="java.runtime.name" value="OpenJDK Runtime Environment"/>
    <property name="com.gradle.maven.scan.extension.test.listener.junitplatform.NestedExecutionSafeDelegatingTestExecutionListener" value="2de23121"/>
    <property name="file.encoding" value="UTF-8"/>
    <property name="java.vm.name" value="OpenJDK 64-Bit Server VM"/>
    <property name="java.vendor.version" value="Temurin-17.0.11+9"/>
    <property name="test.build.webapps" value=""/>
    <property name="gradle.enterprise.listener.port" value="35567"/>
    <property name="localRepository" value="/home/runner/.m2/repository"/>
    <property name="java.vendor.url.bug" value="https://github.com/adoptium/adoptium-support/issues"/>
    <property name="jetty.git.hash" value="cef3fbd6d736a21e7d541a5db490381d95a2047d"/>
    <property name="java.io.tmpdir" value="/tmp"/>
    <property name="require.test.libhadoop" value=""/>
    <property name="java.version" value="17.0.11"/>
    <property name="user.dir" value="/home/runner/work/ozone/ozone/hadoop-ozone/integration-test"/>
    <property name="os.arch" value="amd64"/>
    <property name="java.vm.specification.name" value="Java Virtual Machine Specification"/>
    <property name="test.build.classes" value="/home/runner/work/ozone/ozone/hadoop-ozone/integration-test/target/test-classes"/>
    <property name="org.apache.ratis.thirdparty.io.netty.allocator.useCacheForAllThreads" value="false"/>
    <property name="native.encoding" value="UTF-8"/>
    <property name="hadoop.tmp.dir" value="/home/runner/work/ozone/ozone/hadoop-ozone/integration-test/target/tmp"/>
    <property name="java.library.path" value="/usr/java/packages/lib:/usr/lib64:/lib64:/lib:/usr/lib"/>
    <property name="java.vm.info" value="mixed mode, sharing"/>
    <property name="java.vendor" value="Eclipse Adoptium"/>
    <property name="java.vm.version" value="17.0.11+9"/>
    <property name="sun.io.unicode.encoding" value="UnicodeLittle"/>
    <property name="java.class.version" value="61.0"/>
  </properties>
  <testcase name="testAutomaticPipelineCreationOnPipelineDestroy" classname="org.apache.hadoop.hdds.scm.pipeline.TestRatisPipelineCreateAndDestroy" time="30.809"/>
  <testcase name="testPipelineCreationOnNodeRestart" classname="org.apache.hadoop.hdds.scm.pipeline.TestRatisPipelineCreateAndDestroy" time="189.202">
    <error type="java.util.concurrent.TimeoutException"><![CDATA[java.util.concurrent.TimeoutException: testPipelineCreationOnNodeRestart() timed out after 180000 milliseconds
	at java.base/java.util.ArrayList.forEach(ArrayList.java:1511)
	at java.base/java.util.ArrayList.forEach(ArrayList.java:1511)
]]></error>
    <system-out><![CDATA[2024-05-22 11:32:08,720 [main] WARN  server.ServerUtils (ServerUtils.java:getScmDbDir(143)) - ozone.scm.db.dirs is not configured. We recommend adding this setting. Falling back to ozone.metadata.dirs instead.
2024-05-22 11:32:08,723 [main] WARN  server.ServerUtils (ServerUtils.java:getScmDbDir(143)) - ozone.scm.db.dirs is not configured. We recommend adding this setting. Falling back to ozone.metadata.dirs instead.
2024-05-22 11:32:08,724 [main] INFO  ha.SCMHANodeDetails (SCMHANodeDetails.java:loadSCMHAConfig(207)) - ServiceID for StorageContainerManager is null
2024-05-22 11:32:08,725 [main] INFO  ha.SCMHANodeDetails (SCMHANodeDetails.java:loadSCMHAConfig(212)) - ozone.scm.default.service.id is not defined, falling back to ozone.scm.service.ids to find serviceID for StorageContainerManager if it is HA enabled cluster
2024-05-22 11:32:08,729 [main] WARN  utils.HAUtils (HAUtils.java:getMetaDir(339)) - ozone.scm.db.dirs is not configured. We recommend adding this setting. Falling back to ozone.metadata.dirs instead.
2024-05-22 11:32:08,729 [main] WARN  db.DBStoreBuilder (DBStoreBuilder.java:applyDBDefinition(171)) - ozone.scm.db.dirs is not configured. We recommend adding this setting. Falling back to ozone.metadata.dirs instead.
2024-05-22 11:32:08,828 [main] INFO  net.NodeSchemaLoader (NodeSchemaLoader.java:loadSchemaFromFile(129)) - Loading schema from [file:/home/runner/work/ozone/ozone/hadoop-hdds/common/target/classes/network-topology-default.xml]
2024-05-22 11:32:08,828 [main] INFO  net.NodeSchemaLoader (NodeSchemaLoader.java:loadSchema(176)) - Loading network topology layer schema file
2024-05-22 11:32:08,832 [main] INFO  upgrade.AbstractLayoutVersionManager (AbstractLayoutVersionManager.java:init(83)) - Initializing Layout version manager with metadata layout = HADOOP_PRC_PORTS_IN_DATANODEDETAILS (version = 7), software layout = HADOOP_PRC_PORTS_IN_DATANODEDETAILS (version = 7)
2024-05-22 11:32:08,833 [main] INFO  ha.SequenceIdGenerator (SequenceIdGenerator.java:upgradeToSequenceId(370)) - upgrade localId to 113750153625600000
2024-05-22 11:32:08,834 [main] INFO  ha.SequenceIdGenerator (SequenceIdGenerator.java:upgradeToSequenceId(380)) - upgrade delTxnId to 0
2024-05-22 11:32:08,834 [main] INFO  ha.SequenceIdGenerator (SequenceIdGenerator.java:upgradeToSequenceId(397)) - upgrade containerId to 0
2024-05-22 11:32:08,835 [main] INFO  ha.SequenceIdGenerator (SequenceIdGenerator.java:upgradeToCertificateSequenceId(444)) - upgrade CertificateId to 2
2024-05-22 11:32:08,835 [main] INFO  ha.SequenceIdGenerator (SequenceIdGenerator.java:<init>(241)) - Init the HA SequenceIdGenerator.
2024-05-22 11:32:08,836 [main] WARN  server.ServerUtils (ServerUtils.java:sanitizeUserArgs(73)) - ozone.scm.stale.node.interval value = 5000 is smaller than min = 6000 based on the key value of hdds.heartbeat.interval, reset to the min value 6000.
2024-05-22 11:32:08,836 [main] WARN  server.ServerUtils (ServerUtils.java:sanitizeUserArgs(73)) - ozone.scm.stale.node.interval value = 5000 is smaller than min = 6000 based on the key value of hdds.heartbeat.interval, reset to the min value 6000.
2024-05-22 11:32:08,836 [main] INFO  node.SCMNodeManager (SCMNodeManager.java:<init>(177)) - Entering startup safe mode.
2024-05-22 11:32:08,837 [main] INFO  algorithms.ContainerPlacementPolicyFactory (ContainerPlacementPolicyFactory.java:getPolicyInternal(86)) - Create container placement policy of type org.apache.hadoop.hdds.scm.container.placement.algorithms.SCMContainerPlacementRackAware
2024-05-22 11:32:08,837 [main] INFO  algorithms.ContainerPlacementPolicyFactory (ContainerPlacementPolicyFactory.java:getPolicyInternal(86)) - Create container placement policy of type org.apache.hadoop.hdds.scm.container.placement.algorithms.SCMContainerPlacementRackScatter
2024-05-22 11:32:08,837 [main] INFO  pipeline.PipelineStateManagerImpl (PipelineStateManagerImpl.java:initialize(78)) - No pipeline exists in current db
2024-05-22 11:32:08,837 [main] INFO  algorithms.LeaderChoosePolicyFactory (LeaderChoosePolicyFactory.java:getPolicy(57)) - Create leader choose policy of type org.apache.hadoop.hdds.scm.pipeline.leader.choose.algorithms.MinLeaderCountChoosePolicy
2024-05-22 11:32:08,837 [main] INFO  algorithms.ContainerPlacementPolicyFactory (ContainerPlacementPolicyFactory.java:getPolicyInternal(86)) - Create container placement policy of type org.apache.hadoop.hdds.scm.container.placement.algorithms.SCMContainerPlacementRackScatter
2024-05-22 11:32:08,837 [main] INFO  ha.SCMServiceManager (SCMServiceManager.java:register(42)) - Registering service BackgroundPipelineCreator.
2024-05-22 11:32:08,837 [main] INFO  pipeline.BackgroundPipelineCreator (BackgroundPipelineCreator.java:start(127)) - Starting RatisPipelineUtilsThread.
2024-05-22 11:32:08,838 [main] INFO  BackgroundPipelineScrubber (BackgroundSCMService.java:start(65)) - Starting BackgroundPipelineScrubber Service.
2024-05-22 11:32:08,840 [main] INFO  ha.SCMServiceManager (SCMServiceManager.java:register(42)) - Registering service BackgroundPipelineScrubber.
2024-05-22 11:32:08,840 [main] INFO  ExpiredContainerReplicaOpScrubber (BackgroundSCMService.java:start(65)) - Starting ExpiredContainerReplicaOpScrubber Service.
2024-05-22 11:32:08,841 [main] INFO  ha.SCMServiceManager (SCMServiceManager.java:register(42)) - Registering service ExpiredContainerReplicaOpScrubber.
2024-05-22 11:32:08,842 [main] INFO  algorithms.PipelineChoosePolicyFactory (PipelineChoosePolicyFactory.java:createPipelineChoosePolicyFromClass(80)) - Create pipeline choose policy of type org.apache.hadoop.hdds.scm.pipeline.choose.algorithms.RandomPipelineChoosePolicy
2024-05-22 11:32:08,842 [main] INFO  algorithms.PipelineChoosePolicyFactory (PipelineChoosePolicyFactory.java:createPipelineChoosePolicyFromClass(80)) - Create pipeline choose policy of type org.apache.hadoop.hdds.scm.pipeline.choose.algorithms.RandomPipelineChoosePolicy
2024-05-22 11:32:08,842 [main] INFO  ha.SCMServiceManager (SCMServiceManager.java:register(42)) - Registering service SCMBlockDeletingService.
2024-05-22 11:32:08,843 [main] INFO  replication.ReplicationManager (ReplicationManager.java:start(296)) - Starting Replication Monitor Thread.
2024-05-22 11:32:08,845 [ReplicationMonitor] INFO  replication.ReplicationManager (ReplicationManager.java:processAll(373)) - Replication Manager is not ready to run until 3000ms after safemode exit
2024-05-22 11:32:08,845 [main] INFO  ha.SCMServiceManager (SCMServiceManager.java:register(42)) - Registering service ReplicationManager.
2024-05-22 11:32:08,846 [main] INFO  safemode.ContainerSafeModeRule (ContainerSafeModeRule.java:<init>(91)) - containers with one replica threshold count 0
2024-05-22 11:32:08,846 [main] INFO  safemode.HealthyPipelineSafeModeRule (HealthyPipelineSafeModeRule.java:initializeRule(176)) - Total pipeline count is 0, healthy pipeline threshold count is 1
2024-05-22 11:32:08,846 [main] INFO  safemode.OneReplicaPipelineSafeModeRule (OneReplicaPipelineSafeModeRule.java:initializeRule(193)) - Total pipeline count is 0, pipeline's with at least one datanode reported threshold count is 0
2024-05-22 11:32:08,847 [main] INFO  server.StorageContainerManager (StorageContainerManager.java:<init>(440)) - SCM start with adminUsers: [runner]
2024-05-22 11:32:08,847 [main] INFO  ipc.CallQueueManager (CallQueueManager.java:<init>(90)) - Using callQueue: class java.util.concurrent.LinkedBlockingQueue, queueCapacity: 10000, scheduler: class org.apache.hadoop.ipc.DefaultRpcScheduler, ipcBackoff: false.
2024-05-22 11:32:08,848 [main] INFO  ipc.Server (Server.java:<init>(1287)) - Listener at 0.0.0.0:15064
2024-05-22 11:32:08,848 [Socket Reader #1 for port 15064] INFO  ipc.Server (Server.java:run(1323)) - Starting Socket Reader #1 for port 15064
2024-05-22 11:32:08,849 [main] INFO  ipc.CallQueueManager (CallQueueManager.java:<init>(90)) - Using callQueue: class java.util.concurrent.LinkedBlockingQueue, queueCapacity: 10000, scheduler: class org.apache.hadoop.ipc.DefaultRpcScheduler, ipcBackoff: false.
2024-05-22 11:32:08,850 [main] INFO  ipc.Server (Server.java:<init>(1287)) - Listener at 0.0.0.0:15063
2024-05-22 11:32:08,853 [Socket Reader #1 for port 15063] INFO  ipc.Server (Server.java:run(1323)) - Starting Socket Reader #1 for port 15063
2024-05-22 11:32:08,854 [main] INFO  ipc.CallQueueManager (CallQueueManager.java:<init>(90)) - Using callQueue: class java.util.concurrent.LinkedBlockingQueue, queueCapacity: 10000, scheduler: class org.apache.hadoop.ipc.DefaultRpcScheduler, ipcBackoff: false.
2024-05-22 11:32:08,854 [main] INFO  ipc.Server (Server.java:<init>(1287)) - Listener at 0.0.0.0:15062
2024-05-22 11:32:08,857 [Socket Reader #1 for port 15062] INFO  ipc.Server (Server.java:run(1323)) - Starting Socket Reader #1 for port 15062
2024-05-22 11:32:08,866 [main] INFO  ha.SCMServiceManager (SCMServiceManager.java:register(42)) - Registering service ContainerBalancer.
2024-05-22 11:32:08,867 [main] INFO  ha.SCMContext (SCMContext.java:updateSafeModeStatus(225)) - Update SafeModeStatus from SafeModeStatus{safeModeStatus=true, preCheckPassed=false} to SafeModeStatus{safeModeStatus=true, preCheckPassed=false}.
2024-05-22 11:32:08,867 [main] INFO  server.StorageContainerManager (StorageContainerManager.java:start(1545)) - StorageContainerLocationProtocol RPC server is listening at /0.0.0.0:15062
2024-05-22 11:32:08,868 [main] WARN  impl.MetricsConfig (MetricsConfig.java:loadFirst(136)) - Cannot locate configuration: tried hadoop-metrics2-storagecontainermanager.properties,hadoop-metrics2.properties
2024-05-22 11:32:08,873 [main] INFO  impl.MetricsSystemImpl (MetricsSystemImpl.java:startTimer(378)) - Scheduled Metric snapshot period at 10 second(s).
2024-05-22 11:32:08,873 [main] INFO  impl.MetricsSystemImpl (MetricsSystemImpl.java:start(191)) - StorageContainerManager metrics system started
2024-05-22 11:32:08,880 [main] INFO  impl.MetricsSinkAdapter (MetricsSinkAdapter.java:start(204)) - Sink prometheus started
2024-05-22 11:32:08,880 [main] INFO  impl.MetricsSystemImpl (MetricsSystemImpl.java:registerSink(305)) - Registered sink prometheus
2024-05-22 11:32:08,908 [main] INFO  server.SCMClientProtocolServer (SCMClientProtocolServer.java:start(204)) - RPC server for Client  is listening at /0.0.0.0:15062
2024-05-22 11:32:08,908 [IPC Server Responder] INFO  ipc.Server (Server.java:run(1562)) - IPC Server Responder: starting
2024-05-22 11:32:08,908 [IPC Server listener on 15062] INFO  ipc.Server (Server.java:run(1402)) - IPC Server listener on 15062: starting
2024-05-22 11:32:08,931 [main] INFO  server.StorageContainerManager (StorageContainerManager.java:start(1558)) - ScmBlockLocationProtocol RPC server is listening at /0.0.0.0:15063
2024-05-22 11:32:08,932 [main] INFO  server.SCMBlockProtocolServer (SCMBlockProtocolServer.java:start(162)) - RPC server for Block Protocol is listening at /0.0.0.0:15063
2024-05-22 11:32:08,932 [IPC Server Responder] INFO  ipc.Server (Server.java:run(1562)) - IPC Server Responder: starting
2024-05-22 11:32:08,933 [IPC Server listener on 15063] INFO  ipc.Server (Server.java:run(1402)) - IPC Server listener on 15063: starting
2024-05-22 11:32:08,946 [main] INFO  server.SCMDatanodeProtocolServer (SCMDatanodeProtocolServer.java:start(194)) - ScmDatanodeProtocol RPC server for DataNodes is listening at /0.0.0.0:15064
2024-05-22 11:32:08,946 [IPC Server Responder] INFO  ipc.Server (Server.java:run(1562)) - IPC Server Responder: starting
2024-05-22 11:32:08,946 [IPC Server listener on 15064] INFO  ipc.Server (Server.java:run(1402)) - IPC Server listener on 15064: starting
2024-05-22 11:32:08,953 [JvmPauseMonitor8] INFO  util.JvmPauseMonitor (JvmPauseMonitor.java:run(146)) - JvmPauseMonitor-c3876f42-2310-4e9f-9561-31994fd6f1c8: Started
2024-05-22 11:32:08,953 [main] INFO  http.BaseHttpServer (BaseHttpServer.java:newHttpServer2BuilderForOzone(223)) - Starting Web-server for scm at: http://0.0.0.0:15065
2024-05-22 11:32:08,953 [main] INFO  http.BaseHttpServer (BaseHttpServer.java:<init>(110)) - Hadoop Security Enabled: false Ozone Security Enabled: false Ozone HTTP Security Enabled: false 
2024-05-22 11:32:08,955 [main] WARN  server.AuthenticationFilter (AuthenticationFilter.java:constructSecretProvider(240)) - Unable to initialize FileSignerSecretProvider, falling back to use random secrets. Reason: Could not read signature secret file: /home/runner/hadoop-http-auth-signature-secret
2024-05-22 11:32:08,956 [main] INFO  http.HttpRequestLog (HttpRequestLog.java:getRequestLog(86)) - Http request log for http.requests.scm is not defined
2024-05-22 11:32:08,957 [main] INFO  http.HttpServer2 (HttpServer2.java:addGlobalFilter(1036)) - Added global filter 'safety' (class=org.apache.hadoop.hdds.server.http.HttpServer2$QuotingInputFilter)
2024-05-22 11:32:08,958 [main] INFO  http.HttpServer2 (HttpServer2.java:addFilter(1012)) - Added filter static_user_filter (class=org.apache.hadoop.http.lib.StaticUserWebFilter$StaticUserFilter) to context scm
2024-05-22 11:32:08,958 [main] INFO  http.HttpServer2 (HttpServer2.java:addFilter(1020)) - Added filter static_user_filter (class=org.apache.hadoop.http.lib.StaticUserWebFilter$StaticUserFilter) to context static
2024-05-22 11:32:08,958 [main] INFO  http.HttpServer2 (HttpServer2.java:addFilter(1020)) - Added filter static_user_filter (class=org.apache.hadoop.http.lib.StaticUserWebFilter$StaticUserFilter) to context logs
2024-05-22 11:32:08,961 [main] INFO  http.BaseHttpServer (BaseHttpServer.java:<init>(189)) - HTTP server of scm uses base directory /home/runner/work/ozone/ozone/hadoop-ozone/integration-test/target/test-dir/MiniOzoneClusterImpl-20f17314-7331-4214-8d7b-3220b0ea8e97/ozone-meta/webserver
2024-05-22 11:32:08,962 [main] INFO  http.HttpServer2 (HttpServer2.java:bindListener(1236)) - Jetty bound to port 15065
2024-05-22 11:32:08,962 [main] INFO  server.Server (Server.java:doStart(375)) - jetty-9.4.54.v20240208; built: 2024-02-08T19:42:39.027Z; git: cef3fbd6d736a21e7d541a5db490381d95a2047d; jvm 17.0.11+9
2024-05-22 11:32:08,963 [main] INFO  server.session (DefaultSessionIdManager.java:doStart(334)) - DefaultSessionIdManager workerName=node0
2024-05-22 11:32:08,963 [main] INFO  server.session (DefaultSessionIdManager.java:doStart(339)) - No SessionScavenger set, using defaults
2024-05-22 11:32:08,964 [main] INFO  server.session (HouseKeeper.java:startScavenging(132)) - node0 Scavenging every 660000ms
2024-05-22 11:32:08,964 [main] INFO  handler.ContextHandler (ContextHandler.java:doStart(921)) - Started o.e.j.s.ServletContextHandler@1c5fc{logs,/logs,file:///home/runner/work/ozone/ozone/hadoop-ozone/integration-test/target/log,AVAILABLE}
2024-05-22 11:32:08,965 [main] INFO  handler.ContextHandler (ContextHandler.java:doStart(921)) - Started o.e.j.s.ServletContextHandler@6642ea55{static,/static,file:///home/runner/work/ozone/ozone/hadoop-ozone/integration-test/target/test-classes/webapps/static,AVAILABLE}
2024-05-22 11:32:08,969 [main] INFO  handler.ContextHandler (ContextHandler.java:doStart(921)) - Started o.e.j.w.WebAppContext@347d6885{scm,/,file:///home/runner/work/ozone/ozone/hadoop-ozone/integration-test/target/test-classes/webapps/scm/,AVAILABLE}{file:/home/runner/work/ozone/ozone/hadoop-ozone/integration-test/target/test-classes/webapps/scm}
2024-05-22 11:32:08,970 [main] INFO  server.AbstractConnector (AbstractConnector.java:doStart(333)) - Started ServerConnector@2e0d0819{HTTP/1.1, (http/1.1)}{0.0.0.0:15065}
2024-05-22 11:32:08,970 [main] INFO  server.Server (Server.java:doStart(415)) - Started @32039ms
2024-05-22 11:32:08,970 [main] WARN  impl.MetricsSystemImpl (MetricsSystemImpl.java:register(279)) - Sink prometheus already exists!
2024-05-22 11:32:08,970 [main] INFO  http.BaseHttpServer (BaseHttpServer.java:updateConnectorAddress(354)) - HTTP server of scm listening at http://0.0.0.0:15065
2024-05-22 11:32:08,971 [main] WARN  server.ServerUtils (ServerUtils.java:getDBPath(299)) - ozone.om.db.dirs is not configured. We recommend adding this setting. Falling back to ozone.metadata.dirs instead.
2024-05-22 11:32:08,973 [main] INFO  ha.OMHANodeDetails (OMHANodeDetails.java:loadOMHAConfig(115)) - ozone.om.internal.service.id is not defined, falling back to ozone.om.service.ids to find serviceID for OzoneManager if it is HA enabled cluster
2024-05-22 11:32:08,973 [main] INFO  ha.OMHANodeDetails (OMHANodeDetails.java:loadOMHAConfig(226)) - Configuration does not have ozone.om.address set. Falling back to the default OM address /127.0.0.1:15066
2024-05-22 11:32:08,973 [main] INFO  ha.OMHANodeDetails (OMHANodeDetails.java:getOMNodeDetailsForNonHA(254)) - OM Service ID is not set. Setting it to the default ID: omServiceIdDefault
2024-05-22 11:32:08,973 [main] INFO  ha.OMHANodeDetails (OMHANodeDetails.java:getOMNodeDetailsForNonHA(261)) - OM Node ID is not set. Setting it to the default ID: om1
2024-05-22 11:32:08,973 [main] WARN  server.ServerUtils (ServerUtils.java:getDBPath(299)) - ozone.om.db.dirs is not configured. We recommend adding this setting. Falling back to ozone.metadata.dirs instead.
2024-05-22 11:32:08,974 [main] INFO  upgrade.AbstractLayoutVersionManager (AbstractLayoutVersionManager.java:init(83)) - Initializing Layout version manager with metadata layout = QUOTA (version = 6), software layout = QUOTA (version = 6)
2024-05-22 11:32:09,012 [main] INFO  reflections.Reflections (Reflections.java:scan(219)) - Reflections took 37 ms to scan 2 urls, producing 188 keys and 545 values
2024-05-22 11:32:09,013 [main] INFO  upgrade.OMLayoutVersionManager (OMLayoutVersionManager.java:lambda$0(113)) - Skipping Upgrade Action QuotaRepairUpgradeAction since it has been finalized.
2024-05-22 11:32:09,013 [main] INFO  upgrade.OMLayoutVersionManager (OMLayoutVersionManager.java:lambda$0(113)) - Skipping Upgrade Action MockOmUpgradeAction since it has been finalized.
2024-05-22 11:32:09,013 [main] WARN  server.ServerUtils (ServerUtils.java:getDBPath(299)) - ozone.om.db.dirs is not configured. We recommend adding this setting. Falling back to ozone.metadata.dirs instead.
2024-05-22 11:32:09,014 [main] INFO  proxy.SCMBlockLocationFailoverProxyProvider (SCMBlockLocationFailoverProxyProvider.java:<init>(115)) - Created block location fail-over proxy with 1 nodes: [nodeId=scmNodeId,nodeAddress=/0.0.0.0:15063]
2024-05-22 11:32:09,016 [main] INFO  proxy.SCMBlockLocationFailoverProxyProvider (SCMBlockLocationFailoverProxyProvider.java:<init>(115)) - Created block location fail-over proxy with 1 nodes: [nodeId=scmNodeId,nodeAddress=/0.0.0.0:15063]
2024-05-22 11:32:09,021 [main] INFO  om.OzoneManager (OzoneManager.java:<init>(677)) - OM start with adminUsers: [runner]
2024-05-22 11:32:09,022 [main] WARN  server.ServerUtils (ServerUtils.java:getDBPath(299)) - ozone.om.db.dirs is not configured. We recommend adding this setting. Falling back to ozone.metadata.dirs instead.
2024-05-22 11:32:09,023 [main] INFO  helpers.OmKeyInfo (OmKeyInfo.java:getCodec(72)) - OmKeyInfo.getCodec ignorePipeline = true
2024-05-22 11:32:09,182 [main] INFO  om.OzoneManager (OzoneManager.java:instantiateServices(811)) - S3 Multi-Tenancy is disabled
2024-05-22 11:32:09,182 [main] INFO  om.OmSnapshotManager (OmSnapshotManager.java:<init>(179)) - Ozone filesystem snapshot feature is enabled.
2024-05-22 11:32:09,182 [main] WARN  server.ServerUtils (ServerUtils.java:getDBPath(299)) - ozone.om.snapshot.diff.db.dir is not configured. We recommend adding this setting. Falling back to ozone.metadata.dirs instead.
2024-05-22 11:32:09,199 [main] INFO  utils.NativeLibraryLoader (NativeLibraryLoader.java:loadLibrary(111)) - Loading Library: ozone_rocksdb_tools
2024-05-22 11:32:09,199 [main] ERROR snapshot.SnapshotDiffManager (SnapshotDiffManager.java:initNativeLibraryForEfficientDiff(287)) - Native Library for raw sst file reading loading failed.
org.apache.hadoop.hdds.utils.NativeLibraryNotLoadedException: Unable to load library ozone_rocksdb_tools from both java.library.path & resource file libozone_rocksdb_tools.so from jar.
	at org.apache.hadoop.hdds.utils.db.managed.ManagedRawSSTFileReader.loadLibrary(ManagedRawSSTFileReader.java:40)
	at org.apache.hadoop.ozone.om.snapshot.SnapshotDiffManager.initNativeLibraryForEfficientDiff(SnapshotDiffManager.java:285)
	at org.apache.hadoop.ozone.om.snapshot.SnapshotDiffManager.<init>(SnapshotDiffManager.java:259)
	at org.apache.hadoop.ozone.om.OmSnapshotManager.<init>(OmSnapshotManager.java:286)
	at org.apache.hadoop.ozone.om.OzoneManager.instantiateServices(OzoneManager.java:863)
	at org.apache.hadoop.ozone.om.OzoneManager.<init>(OzoneManager.java:687)
	at org.apache.hadoop.ozone.om.OzoneManager.createOm(OzoneManager.java:774)
	at org.apache.hadoop.ozone.MiniOzoneClusterImpl$Builder.createOM(MiniOzoneClusterImpl.java:689)
	at org.apache.hadoop.ozone.MiniOzoneClusterImpl$Builder.createAndStartSingleOM(MiniOzoneClusterImpl.java:673)
	at org.apache.hadoop.ozone.MiniOzoneClusterImpl$Builder.build(MiniOzoneClusterImpl.java:535)
	at org.apache.hadoop.hdds.scm.pipeline.TestRatisPipelineCreateAndDestroy.init(TestRatisPipelineCreateAndDestroy.java:68)
	at org.apache.hadoop.hdds.scm.pipeline.TestRatisPipelineCreateAndDestroy.testPipelineCreationOnNodeRestart(TestRatisPipelineCreateAndDestroy.java:127)
	at java.base/jdk.internal.reflect.NativeMethodAccessorImpl.invoke0(Native Method)
	at java.base/jdk.internal.reflect.NativeMethodAccessorImpl.invoke(NativeMethodAccessorImpl.java:77)
	at java.base/jdk.internal.reflect.DelegatingMethodAccessorImpl.invoke(DelegatingMethodAccessorImpl.java:43)
	at java.base/java.lang.reflect.Method.invoke(Method.java:568)
	at org.junit.platform.commons.util.ReflectionUtils.invokeMethod(ReflectionUtils.java:728)
	at org.junit.jupiter.engine.execution.MethodInvocation.proceed(MethodInvocation.java:60)
	at org.junit.jupiter.engine.execution.InvocationInterceptorChain$ValidatingInvocation.proceed(InvocationInterceptorChain.java:131)
	at org.junit.jupiter.engine.extension.SameThreadTimeoutInvocation.proceed(SameThreadTimeoutInvocation.java:45)
	at org.junit.jupiter.engine.extension.TimeoutExtension.intercept(TimeoutExtension.java:156)
	at org.junit.jupiter.engine.extension.TimeoutExtension.interceptTestableMethod(TimeoutExtension.java:147)
	at org.junit.jupiter.engine.extension.TimeoutExtension.interceptTestMethod(TimeoutExtension.java:86)
	at org.junit.jupiter.engine.execution.InterceptingExecutableInvoker$ReflectiveInterceptorCall.lambda$ofVoidMethod$0(InterceptingExecutableInvoker.java:103)
	at org.junit.jupiter.engine.execution.InterceptingExecutableInvoker.lambda$invoke$0(InterceptingExecutableInvoker.java:93)
	at org.junit.jupiter.engine.execution.InvocationInterceptorChain$InterceptedInvocation.proceed(InvocationInterceptorChain.java:106)
	at org.junit.jupiter.engine.execution.InvocationInterceptorChain.proceed(InvocationInterceptorChain.java:64)
	at org.junit.jupiter.engine.execution.InvocationInterceptorChain.chainAndInvoke(InvocationInterceptorChain.java:45)
	at org.junit.jupiter.engine.execution.InvocationInterceptorChain.invoke(InvocationInterceptorChain.java:37)
	at org.junit.jupiter.engine.execution.InterceptingExecutableInvoker.invoke(InterceptingExecutableInvoker.java:92)
	at org.junit.jupiter.engine.execution.InterceptingExecutableInvoker.invoke(InterceptingExecutableInvoker.java:86)
	at org.junit.jupiter.engine.descriptor.TestMethodTestDescriptor.lambda$invokeTestMethod$7(TestMethodTestDescriptor.java:218)
	at org.junit.platform.engine.support.hierarchical.ThrowableCollector.execute(ThrowableCollector.java:73)
	at org.junit.jupiter.engine.descriptor.TestMethodTestDescriptor.invokeTestMethod(TestMethodTestDescriptor.java:214)
	at org.junit.jupiter.engine.descriptor.TestMethodTestDescriptor.execute(TestMethodTestDescriptor.java:139)
	at org.junit.jupiter.engine.descriptor.TestMethodTestDescriptor.execute(TestMethodTestDescriptor.java:69)
	at org.junit.platform.engine.support.hierarchical.NodeTestTask.lambda$executeRecursively$6(NodeTestTask.java:151)
	at org.junit.platform.engine.support.hierarchical.ThrowableCollector.execute(ThrowableCollector.java:73)
	at org.junit.platform.engine.support.hierarchical.NodeTestTask.lambda$executeRecursively$8(NodeTestTask.java:141)
	at org.junit.platform.engine.support.hierarchical.Node.around(Node.java:137)
	at org.junit.platform.engine.support.hierarchical.NodeTestTask.lambda$executeRecursively$9(NodeTestTask.java:139)
	at org.junit.platform.engine.support.hierarchical.ThrowableCollector.execute(ThrowableCollector.java:73)
	at org.junit.platform.engine.support.hierarchical.NodeTestTask.executeRecursively(NodeTestTask.java:138)
	at org.junit.platform.engine.support.hierarchical.NodeTestTask.execute(NodeTestTask.java:95)
	at java.base/java.util.ArrayList.forEach(ArrayList.java:1511)
	at org.junit.platform.engine.support.hierarchical.SameThreadHierarchicalTestExecutorService.invokeAll(SameThreadHierarchicalTestExecutorService.java:41)
	at org.junit.platform.engine.support.hierarchical.NodeTestTask.lambda$executeRecursively$6(NodeTestTask.java:155)
	at org.junit.platform.engine.support.hierarchical.ThrowableCollector.execute(ThrowableCollector.java:73)
	at org.junit.platform.engine.support.hierarchical.NodeTestTask.lambda$executeRecursively$8(NodeTestTask.java:141)
	at org.junit.platform.engine.support.hierarchical.Node.around(Node.java:137)
	at org.junit.platform.engine.support.hierarchical.NodeTestTask.lambda$executeRecursively$9(NodeTestTask.java:139)
	at org.junit.platform.engine.support.hierarchical.ThrowableCollector.execute(ThrowableCollector.java:73)
	at org.junit.platform.engine.support.hierarchical.NodeTestTask.executeRecursively(NodeTestTask.java:138)
	at org.junit.platform.engine.support.hierarchical.NodeTestTask.execute(NodeTestTask.java:95)
	at java.base/java.util.ArrayList.forEach(ArrayList.java:1511)
	at org.junit.platform.engine.support.hierarchical.SameThreadHierarchicalTestExecutorService.invokeAll(SameThreadHierarchicalTestExecutorService.java:41)
	at org.junit.platform.engine.support.hierarchical.NodeTestTask.lambda$executeRecursively$6(NodeTestTask.java:155)
	at org.junit.platform.engine.support.hierarchical.ThrowableCollector.execute(ThrowableCollector.java:73)
	at org.junit.platform.engine.support.hierarchical.NodeTestTask.lambda$executeRecursively$8(NodeTestTask.java:141)
	at org.junit.platform.engine.support.hierarchical.Node.around(Node.java:137)
	at org.junit.platform.engine.support.hierarchical.NodeTestTask.lambda$executeRecursively$9(NodeTestTask.java:139)
	at org.junit.platform.engine.support.hierarchical.ThrowableCollector.execute(ThrowableCollector.java:73)
	at org.junit.platform.engine.support.hierarchical.NodeTestTask.executeRecursively(NodeTestTask.java:138)
	at org.junit.platform.engine.support.hierarchical.NodeTestTask.execute(NodeTestTask.java:95)
	at org.junit.platform.engine.support.hierarchical.SameThreadHierarchicalTestExecutorService.submit(SameThreadHierarchicalTestExecutorService.java:35)
	at org.junit.platform.engine.support.hierarchical.HierarchicalTestExecutor.execute(HierarchicalTestExecutor.java:57)
	at org.junit.platform.engine.support.hierarchical.HierarchicalTestEngine.execute(HierarchicalTestEngine.java:54)
	at org.junit.platform.launcher.core.EngineExecutionOrchestrator.execute(EngineExecutionOrchestrator.java:198)
	at org.junit.platform.launcher.core.EngineExecutionOrchestrator.execute(EngineExecutionOrchestrator.java:169)
	at org.junit.platform.launcher.core.EngineExecutionOrchestrator.execute(EngineExecutionOrchestrator.java:93)
	at org.junit.platform.launcher.core.EngineExecutionOrchestrator.lambda$execute$0(EngineExecutionOrchestrator.java:58)
	at org.junit.platform.launcher.core.EngineExecutionOrchestrator.withInterceptedStreams(EngineExecutionOrchestrator.java:141)
	at org.junit.platform.launcher.core.EngineExecutionOrchestrator.execute(EngineExecutionOrchestrator.java:57)
	at org.junit.platform.launcher.core.DefaultLauncher.execute(DefaultLauncher.java:103)
	at org.junit.platform.launcher.core.DefaultLauncher.execute(DefaultLauncher.java:85)
	at org.junit.platform.launcher.core.DelegatingLauncher.execute(DelegatingLauncher.java:47)
	at org.junit.platform.launcher.core.SessionPerRequestLauncher.execute(SessionPerRequestLauncher.java:63)
	at org.apache.maven.surefire.junitplatform.JUnitPlatformProvider.invokeAllTests(JUnitPlatformProvider.java:154)
	at org.apache.maven.surefire.junitplatform.JUnitPlatformProvider.invoke(JUnitPlatformProvider.java:123)
	at org.apache.maven.surefire.booter.ForkedBooter.runSuitesInProcess(ForkedBooter.java:377)
	at org.apache.maven.surefire.booter.ForkedBooter.execute(ForkedBooter.java:138)
	at org.apache.maven.surefire.booter.ForkedBooter.run(ForkedBooter.java:465)
	at org.apache.maven.surefire.booter.ForkedBooter.main(ForkedBooter.java:451)
2024-05-22 11:32:09,202 [main] INFO  om.OzoneManager (OzoneManager.java:addS3GVolumeToDB(4463)) - Created Volume s3v With Owner runner required for S3Gateway operations.
2024-05-22 11:32:09,202 [main] WARN  server.ServerUtils (ServerUtils.java:getDefaultRatisDirectory(311)) - Storage directory for Ratis is not configured. It is a good idea to map this to an SSD disk. Falling back to ozone.metadata.dirs
2024-05-22 11:32:09,203 [main] WARN  utils.OzoneManagerRatisUtils (OzoneManagerRatisUtils.java:getOMRatisSnapshotDirectory(476)) - ozone.om.ratis.snapshot.dir is not configured. Falling back to ozone.metadata.dirs config
2024-05-22 11:32:09,203 [main] WARN  server.ServerUtils (ServerUtils.java:getDefaultRatisDirectory(311)) - Storage directory for Ratis is not configured. It is a good idea to map this to an SSD disk. Falling back to ozone.metadata.dirs
2024-05-22 11:32:09,204 [main] INFO  ratis.OzoneManagerRatisServer (OzoneManagerRatisServer.java:<init>(167)) - Instantiating OM Ratis server with groupID: omServiceIdDefault and peers: localhost:15069
2024-05-22 11:32:09,205 [main] INFO  ratis.OzoneManagerStateMachine (OzoneManagerStateMachine.java:loadSnapshotInfoFromDB(589)) - TransactionInfo not found in OM DB.
2024-05-22 11:32:09,205 [main] INFO  server.RaftServer (ConfUtils.java:logGet(46)) - raft.rpc.type = GRPC (default)
2024-05-22 11:32:09,205 [main] INFO  grpc.GrpcConfigKeys (ConfUtils.java:logFallback(53)) - raft.grpc.admin.host = null (fallback to raft.grpc.server.host)
2024-05-22 11:32:09,205 [main] INFO  grpc.GrpcConfigKeys (ConfUtils.java:logFallback(53)) - raft.grpc.admin.port = 15069 (fallback to raft.grpc.server.port)
2024-05-22 11:32:09,206 [main] INFO  grpc.GrpcConfigKeys (ConfUtils.java:logFallback(53)) - raft.grpc.client.host = null (fallback to raft.grpc.server.host)
2024-05-22 11:32:09,206 [main] INFO  grpc.GrpcConfigKeys (ConfUtils.java:logFallback(53)) - raft.grpc.client.port = 15069 (fallback to raft.grpc.server.port)
2024-05-22 11:32:09,206 [main] INFO  grpc.GrpcConfigKeys (ConfUtils.java:logGet(46)) - raft.grpc.server.host = null (default)
2024-05-22 11:32:09,206 [main] INFO  grpc.GrpcConfigKeys (ConfUtils.java:logGet(46)) - raft.grpc.server.port = 15069 (custom)
2024-05-22 11:32:09,206 [main] INFO  server.GrpcService (ConfUtils.java:logGet(46)) - raft.grpc.message.size.max = 4194304 (custom)
2024-05-22 11:32:09,206 [main] INFO  server.RaftServerConfigKeys (ConfUtils.java:logGet(46)) - raft.server.log.appender.buffer.byte-limit = 4194304 (custom)
2024-05-22 11:32:09,206 [main] INFO  server.GrpcService (ConfUtils.java:logGet(46)) - raft.grpc.flow.control.window = 1MB (=1048576) (default)
2024-05-22 11:32:09,206 [main] INFO  server.RaftServerConfigKeys (ConfUtils.java:logGet(46)) - raft.server.rpc.request.timeout = 3000ms (default)
2024-05-22 11:32:09,206 [main] INFO  grpc.GrpcConfigKeys (ConfUtils.java:logGet(46)) - raft.grpc.server.heartbeat.channel = true (default)
2024-05-22 11:32:09,207 [main] INFO  grpc.GrpcConfigKeys (ConfUtils.java:logGet(46)) - raft.grpc.server.async.request.thread.pool.cached = true (default)
2024-05-22 11:32:09,207 [main] INFO  grpc.GrpcConfigKeys (ConfUtils.java:logGet(46)) - raft.grpc.server.async.request.thread.pool.size = 32 (default)
2024-05-22 11:32:09,208 [main] INFO  impl.DataStreamServerImpl (ConfUtils.java:logGet(46)) - raft.datastream.type = DISABLED (default)
2024-05-22 11:32:09,208 [main] INFO  server.RaftServerConfigKeys (ConfUtils.java:logGet(46)) - raft.server.sleep.deviation.threshold = 300ms (default)
2024-05-22 11:32:09,208 [main] INFO  server.RaftServerConfigKeys (ConfUtils.java:logGet(46)) - raft.server.close.threshold = 60s (default)
2024-05-22 11:32:09,208 [main] INFO  server.RaftServerConfigKeys (ConfUtils.java:logGet(46)) - raft.server.leaderelection.leader.step-down.wait-time = 10s (default)
2024-05-22 11:32:09,209 [main] INFO  server.RaftServerConfigKeys (ConfUtils.java:logGet(46)) - raft.server.storage.dir = [/home/runner/work/ozone/ozone/hadoop-ozone/integration-test/target/test-dir/MiniOzoneClusterImpl-20f17314-7331-4214-8d7b-3220b0ea8e97/ozone-meta/ratis] (custom)
2024-05-22 11:32:09,209 [main] INFO  server.RaftServerConfigKeys (ConfUtils.java:logGet(46)) - raft.server.threadpool.proxy.cached = true (default)
2024-05-22 11:32:09,209 [main] INFO  server.RaftServerConfigKeys (ConfUtils.java:logGet(46)) - raft.server.threadpool.proxy.size = 0 (default)
2024-05-22 11:32:09,213 [main] INFO  server.RaftServer (RaftServerProxy.java:addNew(100)) - om1: addNew group-C5BA1605619E:[om1|localhost:15069] returns group-C5BA1605619E:java.util.concurrent.CompletableFuture@75b45343[Not completed]
2024-05-22 11:32:09,214 [main] INFO  om.OzoneManager (OzoneManager.java:initializeRatisServer(2168)) - OzoneManager Ratis server initialized at port 15069
2024-05-22 11:32:09,214 [main] INFO  om.OzoneManager (OzoneManager.java:getRpcServer(1227)) - Creating RPC Server
2024-05-22 11:32:09,213 [om1-groupManagement] INFO  server.RaftServer$Division (RaftServerImpl.java:<init>(256)) - om1: new RaftServerImpl for group-C5BA1605619E:[om1|localhost:15069] with OzoneManagerStateMachine:uninitialized
2024-05-22 11:32:09,214 [om1-groupManagement] INFO  server.RaftServerConfigKeys (ConfUtils.java:logGet(46)) - raft.server.rpc.timeout.min = 1s (custom)
2024-05-22 11:32:09,215 [om1-groupManagement] INFO  server.RaftServerConfigKeys (ConfUtils.java:logGet(46)) - raft.server.rpc.timeout.max = 1200ms (custom)
2024-05-22 11:32:09,215 [om1-groupManagement] INFO  server.RaftServerConfigKeys (ConfUtils.java:logGet(46)) - raft.server.rpc.sleep.time = 25ms (default)
2024-05-22 11:32:09,215 [om1-groupManagement] INFO  server.RaftServerConfigKeys (ConfUtils.java:logGet(46)) - raft.server.rpc.slowness.timeout = 120s (custom)
2024-05-22 11:32:09,216 [om1-groupManagement] INFO  server.RaftServerConfigKeys (ConfUtils.java:logGet(46)) - raft.server.leaderelection.leader.step-down.wait-time = 10s (default)
2024-05-22 11:32:09,216 [om1-groupManagement] INFO  server.RaftServerConfigKeys (ConfUtils.java:logGet(46)) - raft.server.leaderelection.member.majority-add = false (default)
2024-05-22 11:32:09,216 [om1-groupManagement] INFO  server.RaftServerConfigKeys (ConfUtils.java:logGet(46)) - raft.server.sleep.deviation.threshold = 300ms (default)
2024-05-22 11:32:09,216 [om1-groupManagement] INFO  server.RaftServer$Division (ServerState.java:<init>(113)) - om1@group-C5BA1605619E: ConfigurationManager, init=-1: peers:[om1|localhost:15069]|listeners:[], old=null, confs=<EMPTY_MAP>
2024-05-22 11:32:09,216 [om1-groupManagement] INFO  server.RaftServerConfigKeys (ConfUtils.java:logGet(46)) - raft.server.notification.no-leader.timeout = 120s (custom)
2024-05-22 11:32:09,216 [om1-groupManagement] INFO  server.RaftServerConfigKeys (ConfUtils.java:logGet(46)) - raft.server.read.timeout = 10s (default)
2024-05-22 11:32:09,216 [om1-groupManagement] INFO  server.RaftServerConfigKeys (ConfUtils.java:logGet(46)) - raft.server.retrycache.expirytime = 300s (custom)
2024-05-22 11:32:09,216 [om1-groupManagement] INFO  server.RaftServerConfigKeys (ConfUtils.java:logGet(46)) - raft.server.retrycache.statistics.expirytime = 100ms (default)
2024-05-22 11:32:09,217 [om1-groupManagement] INFO  server.RaftServerConfigKeys (ConfUtils.java:logGet(46)) - raft.server.read.option = DEFAULT (default)
2024-05-22 11:32:09,217 [om1-groupManagement] INFO  server.RaftServerConfigKeys (ConfUtils.java:logGet(46)) - raft.server.read.read-after-write-consistent.write-index-cache.expiry-time = 60s (default)
2024-05-22 11:32:09,218 [om1-groupManagement] INFO  server.RaftServerConfigKeys (ConfUtils.java:logGet(46)) - raft.server.rpc.request.timeout = 3000ms (default)
2024-05-22 11:32:09,218 [om1-groupManagement] INFO  server.RaftServerConfigKeys (ConfUtils.java:logGet(46)) - raft.server.log.appender.install.snapshot.enabled = false (custom)
2024-05-22 11:32:09,218 [om1-groupManagement] INFO  server.RaftServerConfigKeys (ConfUtils.java:logGet(46)) - raft.server.threadpool.server.cached = true (default)
2024-05-22 11:32:09,218 [om1-groupManagement] INFO  server.RaftServerConfigKeys (ConfUtils.java:logGet(46)) - raft.server.threadpool.server.size = 0 (default)
2024-05-22 11:32:09,218 [om1-groupManagement] INFO  server.RaftServerConfigKeys (ConfUtils.java:logGet(46)) - raft.server.threadpool.client.cached = true (default)
2024-05-22 11:32:09,218 [om1-groupManagement] INFO  server.RaftServerConfigKeys (ConfUtils.java:logGet(46)) - raft.server.threadpool.client.size = 0 (default)
2024-05-22 11:32:09,586 [main] INFO  reflections.Reflections (Reflections.java:scan(219)) - Reflections took 371 ms to scan 20 urls, producing 58 keys and 6609 values
2024-05-22 11:32:09,588 [main] INFO  ipc.CallQueueManager (CallQueueManager.java:<init>(90)) - Using callQueue: class java.util.concurrent.LinkedBlockingQueue, queueCapacity: 2000, scheduler: class org.apache.hadoop.ipc.DefaultRpcScheduler, ipcBackoff: false.
2024-05-22 11:32:09,588 [main] INFO  ipc.Server (Server.java:<init>(1287)) - Listener at 127.0.0.1:15066
2024-05-22 11:32:09,589 [Socket Reader #1 for port 15066] INFO  ipc.Server (Server.java:run(1323)) - Starting Socket Reader #1 for port 15066
2024-05-22 11:32:09,616 [main] INFO  impl.MetricsSystemImpl (MetricsSystemImpl.java:init(158)) - OzoneManager metrics system started (again)
2024-05-22 11:32:09,625 [main] INFO  om.OzoneManager (OzoneManager.java:start(1649)) - OzoneManager RPC server is listening at localhost/127.0.0.1:15066
2024-05-22 11:32:09,625 [main] INFO  ratis.OzoneManagerRatisServer (OzoneManagerRatisServer.java:start(588)) - Starting OzoneManagerRatisServer om1 at port 15069
2024-05-22 11:32:09,625 [om1-impl-thread1] INFO  server.RaftServerConfigKeys (ConfUtils.java:logGet(46)) - raft.server.storage.free-space.min = 0MB (=0) (default)
2024-05-22 11:32:09,626 [om1-impl-thread1] INFO  server.RaftServerConfigKeys (ConfUtils.java:logGet(46)) - raft.server.log.corruption.policy = EXCEPTION (default)
2024-05-22 11:32:09,626 [om1-impl-thread1] INFO  server.RaftServerConfigKeys (ConfUtils.java:logGet(46)) - raft.server.storage.dir = [/home/runner/work/ozone/ozone/hadoop-ozone/integration-test/target/test-dir/MiniOzoneClusterImpl-20f17314-7331-4214-8d7b-3220b0ea8e97/ozone-meta/ratis] (custom)
2024-05-22 11:32:09,626 [om1-impl-thread1] INFO  storage.RaftStorageDirectory (RaftStorageDirectoryImpl.java:analyzeStorage(138)) - The storage directory /home/runner/work/ozone/ozone/hadoop-ozone/integration-test/target/test-dir/MiniOzoneClusterImpl-20f17314-7331-4214-8d7b-3220b0ea8e97/ozone-meta/ratis/bf265839-605b-3f16-9796-c5ba1605619e does not exist. Creating ...
2024-05-22 11:32:09,627 [om1-impl-thread1] INFO  storage.RaftStorageDirectory (RaftStorageDirectoryImpl.java:tryLock(228)) - Lock on /home/runner/work/ozone/ozone/hadoop-ozone/integration-test/target/test-dir/MiniOzoneClusterImpl-20f17314-7331-4214-8d7b-3220b0ea8e97/ozone-meta/ratis/bf265839-605b-3f16-9796-c5ba1605619e/in_use.lock acquired by nodename 93779@fv-az572-394
2024-05-22 11:32:09,628 [om1-impl-thread1] INFO  storage.RaftStorage (RaftStorageImpl.java:format(99)) - Storage directory /home/runner/work/ozone/ozone/hadoop-ozone/integration-test/target/test-dir/MiniOzoneClusterImpl-20f17314-7331-4214-8d7b-3220b0ea8e97/ozone-meta/ratis/bf265839-605b-3f16-9796-c5ba1605619e has been successfully formatted.
2024-05-22 11:32:09,628 [om1-impl-thread1] WARN  util.FileUtils (LogUtils.java:supplyAndLog(63)) - Failed to Files.newInputStream /home/runner/work/ozone/ozone/hadoop-ozone/integration-test/target/test-dir/MiniOzoneClusterImpl-20f17314-7331-4214-8d7b-3220b0ea8e97/ozone-meta/ratis/bf265839-605b-3f16-9796-c5ba1605619e/current/raft-meta.conf with options []: java.nio.file.NoSuchFileException: /home/runner/work/ozone/ozone/hadoop-ozone/integration-test/target/test-dir/MiniOzoneClusterImpl-20f17314-7331-4214-8d7b-3220b0ea8e97/ozone-meta/ratis/bf265839-605b-3f16-9796-c5ba1605619e/current/raft-meta.conf
2024-05-22 11:32:09,629 [om1-impl-thread1] INFO  server.RaftServerConfigKeys (ConfUtils.java:logGet(46)) - raft.server.log.use.memory = false (default)
2024-05-22 11:32:09,629 [om1-impl-thread1] INFO  server.RaftServerConfigKeys (ConfUtils.java:logGet(46)) - raft.server.log.purge.gap = 1000000 (custom)
2024-05-22 11:32:09,629 [om1-impl-thread1] INFO  server.RaftServerConfigKeys (ConfUtils.java:logGet(46)) - raft.server.log.appender.buffer.byte-limit = 4194304 (custom)
2024-05-22 11:32:09,629 [om1-impl-thread1] INFO  server.RaftServerConfigKeys (ConfUtils.java:logGet(46)) - raft.server.log.statemachine.data.read.timeout = 1000ms (default)
2024-05-22 11:32:09,629 [om1-impl-thread1] INFO  server.RaftServerConfigKeys (ConfUtils.java:logGet(46)) - raft.server.log.purge.preservation.log.num = 0 (default)
2024-05-22 11:32:09,630 [om1-impl-thread1] INFO  server.RaftServerConfigKeys (ConfUtils.java:logGet(46)) - raft.server.log.segment.size.max = 4194304 (custom)
2024-05-22 11:32:09,630 [om1-impl-thread1] INFO  server.RaftServerConfigKeys (ConfUtils.java:logGet(46)) - raft.server.log.segment.cache.num.max = 2 (custom)
2024-05-22 11:32:09,630 [om1-impl-thread1] INFO  server.RaftServerConfigKeys (ConfUtils.java:logGet(46)) - raft.server.log.segment.cache.size.max = 200MB (=209715200) (default)
2024-05-22 11:32:09,630 [om1-impl-thread1] INFO  server.RaftServerConfigKeys (ConfUtils.java:logGet(46)) - raft.server.log.appender.buffer.byte-limit = 4194304 (custom)
2024-05-22 11:32:09,630 [om1-impl-thread1] INFO  util.AwaitToRun (AwaitToRun.java:start(81)) - Thread[om1@group-C5BA1605619E-cacheEviction-AwaitToRun,5,main] started
2024-05-22 11:32:09,630 [om1-impl-thread1] INFO  segmented.SegmentedRaftLogWorker (SegmentedRaftLogWorker.java:<init>(182)) - new om1@group-C5BA1605619E-SegmentedRaftLogWorker for RaftStorageImpl:Storage Directory /home/runner/work/ozone/ozone/hadoop-ozone/integration-test/target/test-dir/MiniOzoneClusterImpl-20f17314-7331-4214-8d7b-3220b0ea8e97/ozone-meta/ratis/bf265839-605b-3f16-9796-c5ba1605619e
2024-05-22 11:32:09,630 [om1-impl-thread1] INFO  server.RaftServerConfigKeys (ConfUtils.java:logGet(46)) - raft.server.log.queue.byte-limit = 64MB (=67108864) (default)
2024-05-22 11:32:09,630 [om1-impl-thread1] INFO  server.RaftServerConfigKeys (ConfUtils.java:logGet(46)) - raft.server.log.queue.element-limit = 4096 (default)
2024-05-22 11:32:09,630 [om1-impl-thread1] INFO  server.RaftServerConfigKeys (ConfUtils.java:logGet(46)) - raft.server.log.segment.size.max = 4194304 (custom)
2024-05-22 11:32:09,631 [om1-impl-thread1] INFO  server.RaftServerConfigKeys (ConfUtils.java:logGet(46)) - raft.server.log.preallocated.size = 4194304 (custom)
2024-05-22 11:32:09,631 [om1-impl-thread1] INFO  server.RaftServerConfigKeys (ConfUtils.java:logGet(46)) - raft.server.log.force.sync.num = 128 (default)
2024-05-22 11:32:09,631 [om1-impl-thread1] INFO  server.RaftServerConfigKeys (ConfUtils.java:logGet(46)) - raft.server.log.statemachine.data.sync = true (default)
2024-05-22 11:32:09,631 [om1-impl-thread1] INFO  server.RaftServerConfigKeys (ConfUtils.java:logGet(46)) - raft.server.log.statemachine.data.sync.timeout = 10s (default)
2024-05-22 11:32:09,631 [om1-impl-thread1] INFO  server.RaftServerConfigKeys (ConfUtils.java:logGet(46)) - raft.server.log.statemachine.data.sync.timeout.retry = -1 (default)
2024-05-22 11:32:09,631 [om1-impl-thread1] INFO  server.RaftServerConfigKeys (ConfUtils.java:logGet(46)) - raft.server.log.write.buffer.size = 4194312 (custom)
2024-05-22 11:32:09,632 [om1-impl-thread1] INFO  server.RaftServerConfigKeys (ConfUtils.java:logGet(46)) - raft.server.log.appender.buffer.byte-limit = 4194304 (custom)
2024-05-22 11:32:09,633 [om1-impl-thread1] INFO  server.RaftServerConfigKeys (ConfUtils.java:logGet(46)) - raft.server.log.unsafe-flush.enabled = false (default)
2024-05-22 11:32:09,633 [om1-impl-thread1] INFO  server.RaftServerConfigKeys (ConfUtils.java:logGet(46)) - raft.server.log.async-flush.enabled = false (default)
2024-05-22 11:32:09,633 [om1-impl-thread1] INFO  server.RaftServerConfigKeys (ConfUtils.java:logGet(46)) - raft.server.log.statemachine.data.caching.enabled = false (default)
2024-05-22 11:32:09,633 [om1-impl-thread1] INFO  segmented.SegmentedRaftLogWorker (SegmentedRaftLogWorker.java:lambda$new$0(134)) - om1@group-C5BA1605619E-SegmentedRaftLogWorker: flushIndex: setUnconditionally 0 -> -1
2024-05-22 11:32:09,633 [om1-impl-thread1] INFO  segmented.SegmentedRaftLogWorker (SegmentedRaftLogWorker.java:lambda$new$0(134)) - om1@group-C5BA1605619E-SegmentedRaftLogWorker: safeCacheEvictIndex: setUnconditionally 0 -> -1
2024-05-22 11:32:09,633 [om1-impl-thread1] INFO  server.RaftServer$Division (RaftServerImpl.java:start(396)) - om1@group-C5BA1605619E: start as a follower, conf=-1: peers:[om1|localhost:15069]|listeners:[], old=null
2024-05-22 11:32:09,633 [om1-impl-thread1] INFO  server.RaftServer$Division (RaftServerImpl.java:setRole(383)) - om1@group-C5BA1605619E: changes role from      null to FOLLOWER at term 0 for startAsFollower
2024-05-22 11:32:09,633 [om1-impl-thread1] INFO  impl.RoleInfo (RoleInfo.java:updateAndGet(139)) - om1: start om1@group-C5BA1605619E-FollowerState
2024-05-22 11:32:09,634 [om1-impl-thread1] INFO  util.JmxRegister (JmxRegister.java:tryRegister(44)) - Successfully registered JMX Bean with object name Ratis:service=RaftServer,group=group-C5BA1605619E,id=om1
2024-05-22 11:32:09,634 [om1-impl-thread1] INFO  server.RaftServerConfigKeys (ConfUtils.java:logGet(46)) - raft.server.snapshot.trigger-when-stop.enabled = true (default)
2024-05-22 11:32:09,634 [om1-impl-thread1] INFO  server.RaftServerConfigKeys (ConfUtils.java:logGet(46)) - raft.server.snapshot.auto.trigger.enabled = true (custom)
2024-05-22 11:32:09,634 [om1-impl-thread1] INFO  server.RaftServerConfigKeys (ConfUtils.java:logGet(46)) - raft.server.snapshot.auto.trigger.threshold = 400000 (default)
2024-05-22 11:32:09,634 [om1-impl-thread1] INFO  server.RaftServerConfigKeys (ConfUtils.java:logGet(46)) - raft.server.snapshot.retention.file.num = -1 (default)
2024-05-22 11:32:09,634 [om1-impl-thread1] INFO  server.RaftServerConfigKeys (ConfUtils.java:logGet(46)) - raft.server.log.purge.upto.snapshot.index = true (custom)
2024-05-22 11:32:09,635 [om1@group-C5BA1605619E-FollowerState] INFO  server.RaftServerConfigKeys (ConfUtils.java:logFallback(53)) - raft.server.rpc.first-election.timeout.min = 1s (fallback to raft.server.rpc.timeout.min)
2024-05-22 11:32:09,635 [om1@group-C5BA1605619E-FollowerState] INFO  server.RaftServerConfigKeys (ConfUtils.java:logFallback(53)) - raft.server.rpc.first-election.timeout.max = 1200ms (fallback to raft.server.rpc.timeout.max)
2024-05-22 11:32:09,635 [main] INFO  server.RaftServer (RaftServerProxy.java:startImpl(406)) - om1: start RPC server
2024-05-22 11:32:09,636 [main] INFO  server.GrpcService (GrpcService.java:startImpl(302)) - om1: GrpcService started, listening on 15069
2024-05-22 11:32:09,636 [JvmPauseMonitor9] INFO  util.JvmPauseMonitor (JvmPauseMonitor.java:run(146)) - JvmPauseMonitor-om1: Started
2024-05-22 11:32:09,637 [main] INFO  om.OzoneManager (OzoneManager.java:start(1665)) - Version File has different layout version (6) than OM DB (null). That is expected if this OM has never been finalized to a newer layout version.
2024-05-22 11:32:09,642 [main] INFO  client.ScmTopologyClient (ScmTopologyClient.java:start(72)) - Initial network topology fetched from SCM: /.
2024-05-22 11:32:09,643 [main] INFO  net.NodeSchemaLoader (NodeSchemaLoader.java:loadSchemaFromFile(129)) - Loading schema from [file:/home/runner/work/ozone/ozone/hadoop-hdds/common/target/classes/network-topology-default.xml]
2024-05-22 11:32:09,643 [main] INFO  net.NodeSchemaLoader (NodeSchemaLoader.java:loadSchema(176)) - Loading network topology layer schema file
2024-05-22 11:32:09,649 [main] INFO  http.BaseHttpServer (BaseHttpServer.java:newHttpServer2BuilderForOzone(223)) - Starting Web-server for ozoneManager at: http://0.0.0.0:15067
2024-05-22 11:32:09,650 [main] INFO  http.BaseHttpServer (BaseHttpServer.java:<init>(110)) - Hadoop Security Enabled: false Ozone Security Enabled: false Ozone HTTP Security Enabled: false 
2024-05-22 11:32:09,651 [main] WARN  server.AuthenticationFilter (AuthenticationFilter.java:constructSecretProvider(240)) - Unable to initialize FileSignerSecretProvider, falling back to use random secrets. Reason: Could not read signature secret file: /home/runner/hadoop-http-auth-signature-secret
2024-05-22 11:32:09,653 [main] INFO  http.HttpRequestLog (HttpRequestLog.java:getRequestLog(86)) - Http request log for http.requests.ozoneManager is not defined
2024-05-22 11:32:09,655 [main] INFO  http.HttpServer2 (HttpServer2.java:addGlobalFilter(1036)) - Added global filter 'safety' (class=org.apache.hadoop.hdds.server.http.HttpServer2$QuotingInputFilter)
2024-05-22 11:32:09,656 [main] INFO  http.HttpServer2 (HttpServer2.java:addFilter(1012)) - Added filter static_user_filter (class=org.apache.hadoop.http.lib.StaticUserWebFilter$StaticUserFilter) to context ozoneManager
2024-05-22 11:32:09,656 [main] INFO  http.HttpServer2 (HttpServer2.java:addFilter(1020)) - Added filter static_user_filter (class=org.apache.hadoop.http.lib.StaticUserWebFilter$StaticUserFilter) to context static
2024-05-22 11:32:09,656 [main] INFO  http.HttpServer2 (HttpServer2.java:addFilter(1020)) - Added filter static_user_filter (class=org.apache.hadoop.http.lib.StaticUserWebFilter$StaticUserFilter) to context logs
2024-05-22 11:32:09,656 [main] INFO  http.BaseHttpServer (BaseHttpServer.java:<init>(189)) - HTTP server of ozoneManager uses base directory /home/runner/work/ozone/ozone/hadoop-ozone/integration-test/target/test-dir/MiniOzoneClusterImpl-20f17314-7331-4214-8d7b-3220b0ea8e97/ozone-meta/webserver
2024-05-22 11:32:09,657 [main] INFO  http.HttpServer2 (HttpServer2.java:bindListener(1236)) - Jetty bound to port 15067
2024-05-22 11:32:09,657 [main] INFO  server.Server (Server.java:doStart(375)) - jetty-9.4.54.v20240208; built: 2024-02-08T19:42:39.027Z; git: cef3fbd6d736a21e7d541a5db490381d95a2047d; jvm 17.0.11+9
2024-05-22 11:32:09,658 [main] INFO  server.session (DefaultSessionIdManager.java:doStart(334)) - DefaultSessionIdManager workerName=node0
2024-05-22 11:32:09,659 [main] INFO  server.session (DefaultSessionIdManager.java:doStart(339)) - No SessionScavenger set, using defaults
2024-05-22 11:32:09,659 [main] INFO  server.session (HouseKeeper.java:startScavenging(132)) - node0 Scavenging every 600000ms
2024-05-22 11:32:09,659 [main] INFO  handler.ContextHandler (ContextHandler.java:doStart(921)) - Started o.e.j.s.ServletContextHandler@11138809{logs,/logs,file:///home/runner/work/ozone/ozone/hadoop-ozone/integration-test/target/log,AVAILABLE}
2024-05-22 11:32:09,660 [main] INFO  handler.ContextHandler (ContextHandler.java:doStart(921)) - Started o.e.j.s.ServletContextHandler@62b8904c{static,/static,file:///home/runner/work/ozone/ozone/hadoop-ozone/integration-test/target/test-classes/webapps/static,AVAILABLE}
2024-05-22 11:32:09,664 [main] INFO  handler.ContextHandler (ContextHandler.java:doStart(921)) - Started o.e.j.w.WebAppContext@30a816b8{ozoneManager,/,file:///home/runner/work/ozone/ozone/hadoop-ozone/integration-test/target/test-classes/webapps/ozoneManager/,AVAILABLE}{file:/home/runner/work/ozone/ozone/hadoop-ozone/integration-test/target/test-classes/webapps/ozoneManager}
2024-05-22 11:32:09,665 [main] INFO  server.AbstractConnector (AbstractConnector.java:doStart(333)) - Started ServerConnector@646e17b9{HTTP/1.1, (http/1.1)}{0.0.0.0:15067}
2024-05-22 11:32:09,665 [main] INFO  server.Server (Server.java:doStart(415)) - Started @32735ms
2024-05-22 11:32:09,665 [main] WARN  impl.MetricsSystemImpl (MetricsSystemImpl.java:register(279)) - Sink prometheus already exists!
2024-05-22 11:32:09,666 [main] INFO  http.BaseHttpServer (BaseHttpServer.java:updateConnectorAddress(354)) - HTTP server of ozoneManager listening at http://0.0.0.0:15067
2024-05-22 11:32:09,669 [IPC Server listener on 15066] INFO  ipc.Server (Server.java:run(1402)) - IPC Server listener on 15066: starting
2024-05-22 11:32:09,669 [IPC Server Responder] INFO  ipc.Server (Server.java:run(1562)) - IPC Server Responder: starting
2024-05-22 11:32:09,674 [main] INFO  om.OzoneManager (OzoneManager.java:startTrashEmptier(2121)) - Trash Interval set to 0. Files deleted won't move to trash
2024-05-22 11:32:09,684 [main] WARN  dropwizard3.Dm3MetricRegistriesImpl (Dm3MetricRegistriesImpl.java:addReporterRegistration(113)) - New reporters are added after registries were created. Some metrics will be missing from the reporter. Please add reporter before adding any new registry.
2024-05-22 11:32:09,684 [main] WARN  dropwizard3.Dm3MetricRegistriesImpl (Dm3MetricRegistriesImpl.java:addReporterRegistration(113)) - New reporters are added after registries were created. Some metrics will be missing from the reporter. Please add reporter before adding any new registry.
2024-05-22 11:32:09,684 [main] INFO  impl.MetricsSystemImpl (MetricsSystemImpl.java:init(158)) - HddsDatanode metrics system started (again)
2024-05-22 11:32:09,694 [main] INFO  ozone.HddsDatanodeService (HddsDatanodeService.java:start(240)) - HddsDatanodeService host:fv-az572-394.ywsgqi4ed1ju5mtqvm2htfptlh.bx.internal.cloudapp.net ip:10.1.0.12
2024-05-22 11:32:09,710 [main] INFO  upgrade.AbstractLayoutVersionManager (AbstractLayoutVersionManager.java:init(83)) - Initializing Layout version manager with metadata layout = HADOOP_PRC_PORTS_IN_DATANODEDETAILS (version = 7), software layout = HADOOP_PRC_PORTS_IN_DATANODEDETAILS (version = 7)
2024-05-22 11:32:09,711 [main] INFO  statemachine.DatanodeStateMachine (DatanodeStateMachine.java:getEndPointTaskThreadPoolSize(299)) - Datanode State Machine Task Thread Pool size 2
2024-05-22 11:32:09,712 [main] INFO  volume.HddsVolume (HddsVolume.java:<init>(126)) - Creating HddsVolume: /home/runner/work/ozone/ozone/hadoop-ozone/integration-test/target/test-dir/MiniOzoneClusterImpl-20f17314-7331-4214-8d7b-3220b0ea8e97/ozone-meta/datanode-1/data-0/hdds of storage type : DISK capacity : 9222449699674390527
2024-05-22 11:32:09,712 [main] INFO  volume.MutableVolumeSet (MutableVolumeSet.java:initializeVolumeSet(173)) - Added Volume : /home/runner/work/ozone/ozone/hadoop-ozone/integration-test/target/test-dir/MiniOzoneClusterImpl-20f17314-7331-4214-8d7b-3220b0ea8e97/ozone-meta/datanode-1/data-0/hdds to VolumeSet
2024-05-22 11:32:09,713 [main] INFO  volume.MutableVolumeSet (MutableVolumeSet.java:initializeVolumeSet(173)) - Added Volume : /home/runner/work/ozone/ozone/hadoop-ozone/integration-test/target/test-dir/MiniOzoneClusterImpl-20f17314-7331-4214-8d7b-3220b0ea8e97/ozone-meta/datanode-1/ratis to VolumeSet
2024-05-22 11:32:09,713 [main] INFO  ozoneimpl.OzoneContainer (HddsVolumeUtil.java:loadAllHddsVolumeDbStore(103)) - Load 1 volumes DbStore cost: 0ms
2024-05-22 11:32:09,716 [main] INFO  server.RaftServer (ConfUtils.java:logGet(46)) - raft.rpc.type = GRPC (default)
2024-05-22 11:32:09,716 [main] INFO  grpc.GrpcConfigKeys (ConfUtils.java:logFallback(53)) - raft.grpc.admin.host = null (fallback to raft.grpc.server.host)
2024-05-22 11:32:09,716 [main] INFO  grpc.GrpcConfigKeys (ConfUtils.java:logGet(46)) - raft.grpc.admin.port = 15075 (custom)
2024-05-22 11:32:09,716 [main] INFO  grpc.GrpcConfigKeys (ConfUtils.java:logFallback(53)) - raft.grpc.client.host = null (fallback to raft.grpc.server.host)
2024-05-22 11:32:09,716 [main] INFO  grpc.GrpcConfigKeys (ConfUtils.java:logGet(46)) - raft.grpc.client.port = 15074 (custom)
2024-05-22 11:32:09,716 [main] INFO  grpc.GrpcConfigKeys (ConfUtils.java:logGet(46)) - raft.grpc.server.host = null (default)
2024-05-22 11:32:09,716 [main] INFO  grpc.GrpcConfigKeys (ConfUtils.java:logGet(46)) - raft.grpc.server.port = 15076 (custom)
2024-05-22 11:32:09,717 [main] INFO  server.GrpcService (ConfUtils.java:logGet(46)) - raft.grpc.message.size.max = 32MB (=33554432) (custom)
2024-05-22 11:32:09,717 [main] INFO  server.RaftServerConfigKeys (ConfUtils.java:logGet(46)) - raft.server.log.appender.buffer.byte-limit = 8388608 (custom)
2024-05-22 11:32:09,717 [main] INFO  server.GrpcService (ConfUtils.java:logGet(46)) - raft.grpc.flow.control.window = 5MB (=5242880) (custom)
2024-05-22 11:32:09,717 [main] INFO  server.RaftServerConfigKeys (ConfUtils.java:logGet(46)) - raft.server.rpc.request.timeout = 60s (custom)
2024-05-22 11:32:09,717 [main] INFO  grpc.GrpcConfigKeys (ConfUtils.java:logGet(46)) - raft.grpc.server.heartbeat.channel = true (default)
2024-05-22 11:32:09,717 [main] INFO  grpc.GrpcConfigKeys (ConfUtils.java:logGet(46)) - raft.grpc.server.async.request.thread.pool.cached = true (default)
2024-05-22 11:32:09,717 [main] INFO  grpc.GrpcConfigKeys (ConfUtils.java:logGet(46)) - raft.grpc.server.async.request.thread.pool.size = 32 (default)
2024-05-22 11:32:09,720 [main] INFO  impl.DataStreamServerImpl (ConfUtils.java:logGet(46)) - raft.datastream.type = NETTY (custom)
2024-05-22 11:32:09,720 [main] INFO  server.RaftServerConfigKeys (ConfUtils.java:logGet(46)) - raft.server.data-stream.async.request.thread.pool.cached = false (default)
2024-05-22 11:32:09,720 [main] INFO  server.RaftServerConfigKeys (ConfUtils.java:logGet(46)) - raft.server.data-stream.async.request.thread.pool.size = 20 (custom)
2024-05-22 11:32:09,720 [main] INFO  server.RaftServerConfigKeys (ConfUtils.java:logGet(46)) - raft.server.data-stream.async.write.thread.pool.size = 16 (default)
2024-05-22 11:32:09,720 [main] INFO  netty.NettyConfigKeys$DataStream (ConfUtils.java:logGet(46)) - raft.netty.dataStream.server.channel.inactive.grace-period = 10min (default)
2024-05-22 11:32:09,721 [main] INFO  server.RaftServerConfigKeys (ConfUtils.java:logGet(46)) - raft.server.data-stream.client.pool.size = 10 (default)
2024-05-22 11:32:09,721 [main] INFO  netty.NettyConfigKeys$DataStream (ConfUtils.java:logGet(46)) - raft.netty.dataStream.server.use-epoll = true (default)
2024-05-22 11:32:09,721 [main] INFO  netty.NettyConfigKeys$DataStream (ConfUtils.java:logGet(46)) - raft.netty.dataStream.server.boss-group.size = 0 (default)
2024-05-22 11:32:09,721 [main] INFO  netty.NettyUtils (NettyUtils.java:newEventLoopGroup(69)) - Create EpollEventLoopGroup for 538779f6-f80f-4bc7-8424-1a47a535146d-NettyServerStreamRpc-bossGroup; Thread size is 0.
2024-05-22 11:32:09,721 [main] INFO  netty.NettyConfigKeys$DataStream (ConfUtils.java:logGet(46)) - raft.netty.dataStream.server.worker-group.size = 0 (default)
2024-05-22 11:32:09,721 [main] INFO  netty.NettyUtils (NettyUtils.java:newEventLoopGroup(69)) - Create EpollEventLoopGroup for 538779f6-f80f-4bc7-8424-1a47a535146d-NettyServerStreamRpc-workerGroup; Thread size is 0.
2024-05-22 11:32:09,722 [main] INFO  netty.NettyConfigKeys$DataStream (ConfUtils.java:logGet(46)) - raft.netty.dataStream.server.tls.conf = null (default)
2024-05-22 11:32:09,722 [main] INFO  netty.NettyConfigKeys$DataStream (ConfUtils.java:logGet(46)) - raft.netty.dataStream.host = null (default)
2024-05-22 11:32:09,722 [main] INFO  netty.NettyConfigKeys$DataStream (ConfUtils.java:logGet(46)) - raft.netty.dataStream.port = 15077 (custom)
2024-05-22 11:32:09,722 [main] INFO  server.RaftServerConfigKeys (ConfUtils.java:logGet(46)) - raft.server.sleep.deviation.threshold = 300ms (default)
2024-05-22 11:32:09,722 [main] INFO  server.RaftServerConfigKeys (ConfUtils.java:logGet(46)) - raft.server.close.threshold = 60s (default)
2024-05-22 11:32:09,723 [main] INFO  server.RaftServerConfigKeys (ConfUtils.java:logGet(46)) - raft.server.leaderelection.leader.step-down.wait-time = 10s (default)
2024-05-22 11:32:09,723 [main] INFO  server.RaftServerConfigKeys (ConfUtils.java:logGet(46)) - raft.server.storage.dir = [/home/runner/work/ozone/ozone/hadoop-ozone/integration-test/target/test-dir/MiniOzoneClusterImpl-20f17314-7331-4214-8d7b-3220b0ea8e97/ozone-meta/datanode-1/ratis] (custom)
2024-05-22 11:32:09,723 [main] INFO  server.RaftServerConfigKeys (ConfUtils.java:logGet(46)) - raft.server.threadpool.proxy.cached = true (default)
2024-05-22 11:32:09,723 [main] INFO  server.RaftServerConfigKeys (ConfUtils.java:logGet(46)) - raft.server.threadpool.proxy.size = 0 (default)
2024-05-22 11:32:09,724 [538779f6-f80f-4bc7-8424-1a47a535146d-NettyServerStreamRpc-bossGroup--thread1] INFO  logging.LoggingHandler (AbstractInternalLogger.java:log(148)) - [id: 0xebcb8ec0] REGISTERED
2024-05-22 11:32:09,724 [538779f6-f80f-4bc7-8424-1a47a535146d-NettyServerStreamRpc-bossGroup--thread1] INFO  logging.LoggingHandler (AbstractInternalLogger.java:log(148)) - [id: 0xebcb8ec0] BIND: 0.0.0.0/0.0.0.0:15077
2024-05-22 11:32:09,724 [538779f6-f80f-4bc7-8424-1a47a535146d-NettyServerStreamRpc-bossGroup--thread1] INFO  logging.LoggingHandler (AbstractInternalLogger.java:log(148)) - [id: 0xebcb8ec0, L:/0.0.0.0:15077] ACTIVE
2024-05-22 11:32:09,725 [538779f6-f80f-4bc7-8424-1a47a535146d-impl-thread1] INFO  server.RaftServer (RaftServerProxy.java:initGroupDir(264)) - 538779f6-f80f-4bc7-8424-1a47a535146d: found a subdirectory /home/runner/work/ozone/ozone/hadoop-ozone/integration-test/target/test-dir/MiniOzoneClusterImpl-20f17314-7331-4214-8d7b-3220b0ea8e97/ozone-meta/datanode-1/ratis/tmp
2024-05-22 11:32:09,725 [538779f6-f80f-4bc7-8424-1a47a535146d-impl-thread1] INFO  server.RaftServer (RaftServerProxy.java:initGroupDir(269)) - 538779f6-f80f-4bc7-8424-1a47a535146d: The directory /home/runner/work/ozone/ozone/hadoop-ozone/integration-test/target/test-dir/MiniOzoneClusterImpl-20f17314-7331-4214-8d7b-3220b0ea8e97/ozone-meta/datanode-1/ratis/tmp is not a group directory; ignoring it. 
2024-05-22 11:32:09,726 [main] INFO  replication.ReplicationServer (ReplicationServer.java:<init>(86)) - Initializing replication server with thread count = 10 queue length = 4096
2024-05-22 11:32:09,727 [main] INFO  server.XceiverServerGrpc (XceiverServerGrpc.java:<init>(141)) - GrpcServer channel type EpollServerSocketChannel
2024-05-22 11:32:09,729 [main] INFO  replication.ReplicationSupervisor (ReplicationSupervisor.java:build(157)) - Initializing replication supervisor with thread count = 10
2024-05-22 11:32:09,729 [main] INFO  replication.ReplicationSupervisor (ReplicationSupervisor.java:nodeStateUpdated(312)) - Node state updated to IN_SERVICE, scaling executor pool size to 10
2024-05-22 11:32:09,731 [main] INFO  http.BaseHttpServer (BaseHttpServer.java:newHttpServer2BuilderForOzone(223)) - Starting Web-server for hddsDatanode at: http://0.0.0.0:15071
2024-05-22 11:32:09,731 [main] INFO  http.BaseHttpServer (BaseHttpServer.java:<init>(110)) - Hadoop Security Enabled: false Ozone Security Enabled: false Ozone HTTP Security Enabled: false 
2024-05-22 11:32:09,733 [main] WARN  server.AuthenticationFilter (AuthenticationFilter.java:constructSecretProvider(240)) - Unable to initialize FileSignerSecretProvider, falling back to use random secrets. Reason: Could not read signature secret file: /home/runner/hadoop-http-auth-signature-secret
2024-05-22 11:32:09,734 [main] INFO  http.HttpRequestLog (HttpRequestLog.java:getRequestLog(86)) - Http request log for http.requests.hddsDatanode is not defined
2024-05-22 11:32:09,736 [main] INFO  http.HttpServer2 (HttpServer2.java:addGlobalFilter(1036)) - Added global filter 'safety' (class=org.apache.hadoop.hdds.server.http.HttpServer2$QuotingInputFilter)
2024-05-22 11:32:09,736 [main] INFO  http.HttpServer2 (HttpServer2.java:addFilter(1012)) - Added filter static_user_filter (class=org.apache.hadoop.http.lib.StaticUserWebFilter$StaticUserFilter) to context hddsDatanode
2024-05-22 11:32:09,737 [main] INFO  http.HttpServer2 (HttpServer2.java:addFilter(1020)) - Added filter static_user_filter (class=org.apache.hadoop.http.lib.StaticUserWebFilter$StaticUserFilter) to context static
2024-05-22 11:32:09,737 [main] INFO  http.HttpServer2 (HttpServer2.java:addFilter(1020)) - Added filter static_user_filter (class=org.apache.hadoop.http.lib.StaticUserWebFilter$StaticUserFilter) to context logs
2024-05-22 11:32:09,737 [main] INFO  http.BaseHttpServer (BaseHttpServer.java:<init>(189)) - HTTP server of hddsDatanode uses base directory /home/runner/work/ozone/ozone/hadoop-ozone/integration-test/target/test-dir/MiniOzoneClusterImpl-20f17314-7331-4214-8d7b-3220b0ea8e97/ozone-meta/datanode-1/meta/webserver
2024-05-22 11:32:09,738 [main] INFO  http.HttpServer2 (HttpServer2.java:bindListener(1236)) - Jetty bound to port 15071
2024-05-22 11:32:09,738 [main] INFO  server.Server (Server.java:doStart(375)) - jetty-9.4.54.v20240208; built: 2024-02-08T19:42:39.027Z; git: cef3fbd6d736a21e7d541a5db490381d95a2047d; jvm 17.0.11+9
2024-05-22 11:32:09,742 [main] INFO  server.session (DefaultSessionIdManager.java:doStart(334)) - DefaultSessionIdManager workerName=node0
2024-05-22 11:32:09,742 [main] INFO  server.session (DefaultSessionIdManager.java:doStart(339)) - No SessionScavenger set, using defaults
2024-05-22 11:32:09,742 [main] INFO  server.session (HouseKeeper.java:startScavenging(132)) - node0 Scavenging every 660000ms
2024-05-22 11:32:09,743 [main] INFO  handler.ContextHandler (ContextHandler.java:doStart(921)) - Started o.e.j.s.ServletContextHandler@6b092322{logs,/logs,file:///home/runner/work/ozone/ozone/hadoop-ozone/integration-test/target/log,AVAILABLE}
2024-05-22 11:32:09,743 [main] INFO  handler.ContextHandler (ContextHandler.java:doStart(921)) - Started o.e.j.s.ServletContextHandler@593ed55b{static,/static,file:///home/runner/work/ozone/ozone/hadoop-hdds/container-service/target/classes/webapps/static,AVAILABLE}
2024-05-22 11:32:09,746 [main] INFO  handler.ContextHandler (ContextHandler.java:doStart(921)) - Started o.e.j.w.WebAppContext@3c36c9f4{hddsDatanode,/,file:///home/runner/work/ozone/ozone/hadoop-hdds/container-service/target/classes/webapps/hddsDatanode/,AVAILABLE}{file:/home/runner/work/ozone/ozone/hadoop-hdds/container-service/target/classes/webapps/hddsDatanode}
2024-05-22 11:32:09,747 [main] INFO  server.AbstractConnector (AbstractConnector.java:doStart(333)) - Started ServerConnector@4acdc330{HTTP/1.1, (http/1.1)}{0.0.0.0:15071}
2024-05-22 11:32:09,747 [main] INFO  server.Server (Server.java:doStart(415)) - Started @32816ms
2024-05-22 11:32:09,747 [main] WARN  impl.MetricsSystemImpl (MetricsSystemImpl.java:register(279)) - Sink prometheus already exists!
2024-05-22 11:32:09,748 [main] INFO  http.BaseHttpServer (BaseHttpServer.java:updateConnectorAddress(354)) - HTTP server of hddsDatanode listening at http://0.0.0.0:15071
2024-05-22 11:32:09,748 [main] INFO  ipc.CallQueueManager (CallQueueManager.java:<init>(90)) - Using callQueue: class java.util.concurrent.LinkedBlockingQueue, queueCapacity: 100, scheduler: class org.apache.hadoop.ipc.DefaultRpcScheduler, ipcBackoff: false.
2024-05-22 11:32:09,748 [main] INFO  ipc.Server (Server.java:<init>(1287)) - Listener at 0.0.0.0:15072
2024-05-22 11:32:09,748 [Socket Reader #1 for port 15072] INFO  ipc.Server (Server.java:run(1323)) - Starting Socket Reader #1 for port 15072
2024-05-22 11:32:09,750 [main] INFO  ozone.HddsDatanodeService (HddsDatanodeService.java:start(327)) - Datanode start with admins: [runner]
2024-05-22 11:32:09,750 [main] INFO  ozone.HddsDatanodeClientProtocolServer (HddsDatanodeClientProtocolServer.java:start(77)) - RPC server for Client /0.0.0.0:15072
2024-05-22 11:32:09,750 [IPC Server Responder] INFO  ipc.Server (Server.java:run(1562)) - IPC Server Responder: starting
2024-05-22 11:32:09,750 [IPC Server listener on 15072] INFO  ipc.Server (Server.java:run(1402)) - IPC Server listener on 15072: starting
2024-05-22 11:32:09,751 [538779f6-f80f-4bc7-8424-1a47a535146d-DatanodeStateMachineDaemonThread] INFO  statemachine.DatanodeStateMachine (DatanodeStateMachine.java:lambda$startDaemon$1(555)) - Ozone container server started.
2024-05-22 11:32:09,751 [main] WARN  dropwizard3.Dm3MetricRegistriesImpl (Dm3MetricRegistriesImpl.java:addReporterRegistration(113)) - New reporters are added after registries were created. Some metrics will be missing from the reporter. Please add reporter before adding any new registry.
2024-05-22 11:32:09,751 [main] WARN  dropwizard3.Dm3MetricRegistriesImpl (Dm3MetricRegistriesImpl.java:addReporterRegistration(113)) - New reporters are added after registries were created. Some metrics will be missing from the reporter. Please add reporter before adding any new registry.
2024-05-22 11:32:09,751 [main] INFO  impl.MetricsSystemImpl (MetricsSystemImpl.java:init(158)) - HddsDatanode metrics system started (again)
2024-05-22 11:32:09,755 [538779f6-f80f-4bc7-8424-1a47a535146d-DatanodeStateMachineTaskThread-0] INFO  datanode.InitDatanodeState (InitDatanodeState.java:persistContainerDatanodeDetails(139)) - DatanodeDetails is persisted to /home/runner/work/ozone/ozone/hadoop-ozone/integration-test/target/test-dir/MiniOzoneClusterImpl-20f17314-7331-4214-8d7b-3220b0ea8e97/ozone-meta/datanode-1/meta/datanode.id
2024-05-22 11:32:09,764 [main] INFO  ozone.HddsDatanodeService (HddsDatanodeService.java:start(240)) - HddsDatanodeService host:fv-az572-394.ywsgqi4ed1ju5mtqvm2htfptlh.bx.internal.cloudapp.net ip:10.1.0.12
2024-05-22 11:32:09,780 [main] INFO  upgrade.AbstractLayoutVersionManager (AbstractLayoutVersionManager.java:init(83)) - Initializing Layout version manager with metadata layout = HADOOP_PRC_PORTS_IN_DATANODEDETAILS (version = 7), software layout = HADOOP_PRC_PORTS_IN_DATANODEDETAILS (version = 7)
2024-05-22 11:32:09,781 [main] INFO  statemachine.DatanodeStateMachine (DatanodeStateMachine.java:getEndPointTaskThreadPoolSize(299)) - Datanode State Machine Task Thread Pool size 2
2024-05-22 11:32:09,784 [main] INFO  volume.HddsVolume (HddsVolume.java:<init>(126)) - Creating HddsVolume: /home/runner/work/ozone/ozone/hadoop-ozone/integration-test/target/test-dir/MiniOzoneClusterImpl-20f17314-7331-4214-8d7b-3220b0ea8e97/ozone-meta/datanode-2/data-0/hdds of storage type : DISK capacity : 9222449699674390527
2024-05-22 11:32:09,784 [main] INFO  volume.MutableVolumeSet (MutableVolumeSet.java:initializeVolumeSet(173)) - Added Volume : /home/runner/work/ozone/ozone/hadoop-ozone/integration-test/target/test-dir/MiniOzoneClusterImpl-20f17314-7331-4214-8d7b-3220b0ea8e97/ozone-meta/datanode-2/data-0/hdds to VolumeSet
2024-05-22 11:32:09,785 [main] INFO  volume.MutableVolumeSet (MutableVolumeSet.java:initializeVolumeSet(173)) - Added Volume : /home/runner/work/ozone/ozone/hadoop-ozone/integration-test/target/test-dir/MiniOzoneClusterImpl-20f17314-7331-4214-8d7b-3220b0ea8e97/ozone-meta/datanode-2/ratis to VolumeSet
2024-05-22 11:32:09,785 [main] INFO  ozoneimpl.OzoneContainer (HddsVolumeUtil.java:loadAllHddsVolumeDbStore(103)) - Load 1 volumes DbStore cost: 0ms
2024-05-22 11:32:09,790 [main] INFO  server.RaftServer (ConfUtils.java:logGet(46)) - raft.rpc.type = GRPC (default)
2024-05-22 11:32:09,791 [main] INFO  grpc.GrpcConfigKeys (ConfUtils.java:logFallback(53)) - raft.grpc.admin.host = null (fallback to raft.grpc.server.host)
2024-05-22 11:32:09,791 [main] INFO  grpc.GrpcConfigKeys (ConfUtils.java:logGet(46)) - raft.grpc.admin.port = 15084 (custom)
2024-05-22 11:32:09,791 [main] INFO  grpc.GrpcConfigKeys (ConfUtils.java:logFallback(53)) - raft.grpc.client.host = null (fallback to raft.grpc.server.host)
2024-05-22 11:32:09,791 [main] INFO  grpc.GrpcConfigKeys (ConfUtils.java:logGet(46)) - raft.grpc.client.port = 15083 (custom)
2024-05-22 11:32:09,791 [main] INFO  grpc.GrpcConfigKeys (ConfUtils.java:logGet(46)) - raft.grpc.server.host = null (default)
2024-05-22 11:32:09,791 [main] INFO  grpc.GrpcConfigKeys (ConfUtils.java:logGet(46)) - raft.grpc.server.port = 15085 (custom)
2024-05-22 11:32:09,791 [main] INFO  server.GrpcService (ConfUtils.java:logGet(46)) - raft.grpc.message.size.max = 32MB (=33554432) (custom)
2024-05-22 11:32:09,792 [main] INFO  server.RaftServerConfigKeys (ConfUtils.java:logGet(46)) - raft.server.log.appender.buffer.byte-limit = 8388608 (custom)
2024-05-22 11:32:09,792 [main] INFO  server.GrpcService (ConfUtils.java:logGet(46)) - raft.grpc.flow.control.window = 5MB (=5242880) (custom)
2024-05-22 11:32:09,792 [main] INFO  server.RaftServerConfigKeys (ConfUtils.java:logGet(46)) - raft.server.rpc.request.timeout = 60s (custom)
2024-05-22 11:32:09,792 [main] INFO  grpc.GrpcConfigKeys (ConfUtils.java:logGet(46)) - raft.grpc.server.heartbeat.channel = true (default)
2024-05-22 11:32:09,792 [main] INFO  grpc.GrpcConfigKeys (ConfUtils.java:logGet(46)) - raft.grpc.server.async.request.thread.pool.cached = true (default)
2024-05-22 11:32:09,792 [main] INFO  grpc.GrpcConfigKeys (ConfUtils.java:logGet(46)) - raft.grpc.server.async.request.thread.pool.size = 32 (default)
2024-05-22 11:32:09,794 [main] INFO  impl.DataStreamServerImpl (ConfUtils.java:logGet(46)) - raft.datastream.type = NETTY (custom)
2024-05-22 11:32:09,795 [main] INFO  server.RaftServerConfigKeys (ConfUtils.java:logGet(46)) - raft.server.data-stream.async.request.thread.pool.cached = false (default)
2024-05-22 11:32:09,795 [main] INFO  server.RaftServerConfigKeys (ConfUtils.java:logGet(46)) - raft.server.data-stream.async.request.thread.pool.size = 20 (custom)
2024-05-22 11:32:09,795 [main] INFO  server.RaftServerConfigKeys (ConfUtils.java:logGet(46)) - raft.server.data-stream.async.write.thread.pool.size = 16 (default)
2024-05-22 11:32:09,795 [main] INFO  netty.NettyConfigKeys$DataStream (ConfUtils.java:logGet(46)) - raft.netty.dataStream.server.channel.inactive.grace-period = 10min (default)
2024-05-22 11:32:09,795 [main] INFO  server.RaftServerConfigKeys (ConfUtils.java:logGet(46)) - raft.server.data-stream.client.pool.size = 10 (default)
2024-05-22 11:32:09,795 [main] INFO  netty.NettyConfigKeys$DataStream (ConfUtils.java:logGet(46)) - raft.netty.dataStream.server.use-epoll = true (default)
2024-05-22 11:32:09,795 [main] INFO  netty.NettyConfigKeys$DataStream (ConfUtils.java:logGet(46)) - raft.netty.dataStream.server.boss-group.size = 0 (default)
2024-05-22 11:32:09,796 [main] INFO  netty.NettyUtils (NettyUtils.java:newEventLoopGroup(69)) - Create EpollEventLoopGroup for 02a0afdf-1bea-47f6-ae97-5b8161c986a7-NettyServerStreamRpc-bossGroup; Thread size is 0.
2024-05-22 11:32:09,796 [main] INFO  netty.NettyConfigKeys$DataStream (ConfUtils.java:logGet(46)) - raft.netty.dataStream.server.worker-group.size = 0 (default)
2024-05-22 11:32:09,796 [main] INFO  netty.NettyUtils (NettyUtils.java:newEventLoopGroup(69)) - Create EpollEventLoopGroup for 02a0afdf-1bea-47f6-ae97-5b8161c986a7-NettyServerStreamRpc-workerGroup; Thread size is 0.
2024-05-22 11:32:09,796 [main] INFO  netty.NettyConfigKeys$DataStream (ConfUtils.java:logGet(46)) - raft.netty.dataStream.server.tls.conf = null (default)
2024-05-22 11:32:09,797 [main] INFO  netty.NettyConfigKeys$DataStream (ConfUtils.java:logGet(46)) - raft.netty.dataStream.host = null (default)
2024-05-22 11:32:09,797 [main] INFO  netty.NettyConfigKeys$DataStream (ConfUtils.java:logGet(46)) - raft.netty.dataStream.port = 15086 (custom)
2024-05-22 11:32:09,798 [main] INFO  server.RaftServerConfigKeys (ConfUtils.java:logGet(46)) - raft.server.sleep.deviation.threshold = 300ms (default)
2024-05-22 11:32:09,798 [main] INFO  server.RaftServerConfigKeys (ConfUtils.java:logGet(46)) - raft.server.close.threshold = 60s (default)
2024-05-22 11:32:09,798 [main] INFO  server.RaftServerConfigKeys (ConfUtils.java:logGet(46)) - raft.server.leaderelection.leader.step-down.wait-time = 10s (default)
2024-05-22 11:32:09,799 [main] INFO  server.RaftServerConfigKeys (ConfUtils.java:logGet(46)) - raft.server.storage.dir = [/home/runner/work/ozone/ozone/hadoop-ozone/integration-test/target/test-dir/MiniOzoneClusterImpl-20f17314-7331-4214-8d7b-3220b0ea8e97/ozone-meta/datanode-2/ratis] (custom)
2024-05-22 11:32:09,799 [main] INFO  server.RaftServerConfigKeys (ConfUtils.java:logGet(46)) - raft.server.threadpool.proxy.cached = true (default)
2024-05-22 11:32:09,799 [main] INFO  server.RaftServerConfigKeys (ConfUtils.java:logGet(46)) - raft.server.threadpool.proxy.size = 0 (default)
2024-05-22 11:32:09,799 [02a0afdf-1bea-47f6-ae97-5b8161c986a7-NettyServerStreamRpc-bossGroup--thread1] INFO  logging.LoggingHandler (AbstractInternalLogger.java:log(148)) - [id: 0x049b0dd8] REGISTERED
2024-05-22 11:32:09,799 [02a0afdf-1bea-47f6-ae97-5b8161c986a7-NettyServerStreamRpc-bossGroup--thread1] INFO  logging.LoggingHandler (AbstractInternalLogger.java:log(148)) - [id: 0x049b0dd8] BIND: 0.0.0.0/0.0.0.0:15086
2024-05-22 11:32:09,799 [02a0afdf-1bea-47f6-ae97-5b8161c986a7-NettyServerStreamRpc-bossGroup--thread1] INFO  logging.LoggingHandler (AbstractInternalLogger.java:log(148)) - [id: 0x049b0dd8, L:/0.0.0.0:15086] ACTIVE
2024-05-22 11:32:09,800 [02a0afdf-1bea-47f6-ae97-5b8161c986a7-impl-thread1] INFO  server.RaftServer (RaftServerProxy.java:initGroupDir(264)) - 02a0afdf-1bea-47f6-ae97-5b8161c986a7: found a subdirectory /home/runner/work/ozone/ozone/hadoop-ozone/integration-test/target/test-dir/MiniOzoneClusterImpl-20f17314-7331-4214-8d7b-3220b0ea8e97/ozone-meta/datanode-2/ratis/tmp
2024-05-22 11:32:09,800 [02a0afdf-1bea-47f6-ae97-5b8161c986a7-impl-thread1] INFO  server.RaftServer (RaftServerProxy.java:initGroupDir(269)) - 02a0afdf-1bea-47f6-ae97-5b8161c986a7: The directory /home/runner/work/ozone/ozone/hadoop-ozone/integration-test/target/test-dir/MiniOzoneClusterImpl-20f17314-7331-4214-8d7b-3220b0ea8e97/ozone-meta/datanode-2/ratis/tmp is not a group directory; ignoring it. 
2024-05-22 11:32:09,800 [main] INFO  replication.ReplicationServer (ReplicationServer.java:<init>(86)) - Initializing replication server with thread count = 10 queue length = 4096
2024-05-22 11:32:09,801 [main] INFO  server.XceiverServerGrpc (XceiverServerGrpc.java:<init>(141)) - GrpcServer channel type EpollServerSocketChannel
2024-05-22 11:32:09,802 [main] INFO  replication.ReplicationSupervisor (ReplicationSupervisor.java:build(157)) - Initializing replication supervisor with thread count = 10
2024-05-22 11:32:09,803 [main] INFO  replication.ReplicationSupervisor (ReplicationSupervisor.java:nodeStateUpdated(312)) - Node state updated to IN_SERVICE, scaling executor pool size to 10
2024-05-22 11:32:09,810 [main] INFO  http.BaseHttpServer (BaseHttpServer.java:newHttpServer2BuilderForOzone(223)) - Starting Web-server for hddsDatanode at: http://0.0.0.0:15080
2024-05-22 11:32:09,810 [main] INFO  http.BaseHttpServer (BaseHttpServer.java:<init>(110)) - Hadoop Security Enabled: false Ozone Security Enabled: false Ozone HTTP Security Enabled: false 
2024-05-22 11:32:09,811 [main] WARN  server.AuthenticationFilter (AuthenticationFilter.java:constructSecretProvider(240)) - Unable to initialize FileSignerSecretProvider, falling back to use random secrets. Reason: Could not read signature secret file: /home/runner/hadoop-http-auth-signature-secret
2024-05-22 11:32:09,812 [main] INFO  http.HttpRequestLog (HttpRequestLog.java:getRequestLog(86)) - Http request log for http.requests.hddsDatanode is not defined
2024-05-22 11:32:09,813 [main] INFO  http.HttpServer2 (HttpServer2.java:addGlobalFilter(1036)) - Added global filter 'safety' (class=org.apache.hadoop.hdds.server.http.HttpServer2$QuotingInputFilter)
2024-05-22 11:32:09,813 [main] INFO  http.HttpServer2 (HttpServer2.java:addFilter(1012)) - Added filter static_user_filter (class=org.apache.hadoop.http.lib.StaticUserWebFilter$StaticUserFilter) to context hddsDatanode
2024-05-22 11:32:09,814 [main] INFO  http.HttpServer2 (HttpServer2.java:addFilter(1020)) - Added filter static_user_filter (class=org.apache.hadoop.http.lib.StaticUserWebFilter$StaticUserFilter) to context static
2024-05-22 11:32:09,814 [main] INFO  http.HttpServer2 (HttpServer2.java:addFilter(1020)) - Added filter static_user_filter (class=org.apache.hadoop.http.lib.StaticUserWebFilter$StaticUserFilter) to context logs
2024-05-22 11:32:09,814 [main] INFO  http.BaseHttpServer (BaseHttpServer.java:<init>(189)) - HTTP server of hddsDatanode uses base directory /home/runner/work/ozone/ozone/hadoop-ozone/integration-test/target/test-dir/MiniOzoneClusterImpl-20f17314-7331-4214-8d7b-3220b0ea8e97/ozone-meta/datanode-2/meta/webserver
2024-05-22 11:32:09,815 [main] INFO  http.HttpServer2 (HttpServer2.java:bindListener(1236)) - Jetty bound to port 15080
2024-05-22 11:32:09,815 [main] INFO  server.Server (Server.java:doStart(375)) - jetty-9.4.54.v20240208; built: 2024-02-08T19:42:39.027Z; git: cef3fbd6d736a21e7d541a5db490381d95a2047d; jvm 17.0.11+9
2024-05-22 11:32:09,816 [main] INFO  server.session (DefaultSessionIdManager.java:doStart(334)) - DefaultSessionIdManager workerName=node0
2024-05-22 11:32:09,816 [main] INFO  server.session (DefaultSessionIdManager.java:doStart(339)) - No SessionScavenger set, using defaults
2024-05-22 11:32:09,816 [main] INFO  server.session (HouseKeeper.java:startScavenging(132)) - node0 Scavenging every 660000ms
2024-05-22 11:32:09,817 [main] INFO  handler.ContextHandler (ContextHandler.java:doStart(921)) - Started o.e.j.s.ServletContextHandler@138bd003{logs,/logs,file:///home/runner/work/ozone/ozone/hadoop-ozone/integration-test/target/log,AVAILABLE}
2024-05-22 11:32:09,818 [main] INFO  handler.ContextHandler (ContextHandler.java:doStart(921)) - Started o.e.j.s.ServletContextHandler@394642e5{static,/static,file:///home/runner/work/ozone/ozone/hadoop-hdds/container-service/target/classes/webapps/static,AVAILABLE}
2024-05-22 11:32:09,823 [main] INFO  handler.ContextHandler (ContextHandler.java:doStart(921)) - Started o.e.j.w.WebAppContext@262ac4cc{hddsDatanode,/,file:///home/runner/work/ozone/ozone/hadoop-hdds/container-service/target/classes/webapps/hddsDatanode/,AVAILABLE}{file:/home/runner/work/ozone/ozone/hadoop-hdds/container-service/target/classes/webapps/hddsDatanode}
2024-05-22 11:32:09,823 [main] INFO  server.AbstractConnector (AbstractConnector.java:doStart(333)) - Started ServerConnector@47fa54d{HTTP/1.1, (http/1.1)}{0.0.0.0:15080}
2024-05-22 11:32:09,823 [main] INFO  server.Server (Server.java:doStart(415)) - Started @32893ms
2024-05-22 11:32:09,824 [main] WARN  impl.MetricsSystemImpl (MetricsSystemImpl.java:register(279)) - Sink prometheus already exists!
2024-05-22 11:32:09,824 [main] INFO  http.BaseHttpServer (BaseHttpServer.java:updateConnectorAddress(354)) - HTTP server of hddsDatanode listening at http://0.0.0.0:15080
2024-05-22 11:32:09,825 [main] INFO  ipc.CallQueueManager (CallQueueManager.java:<init>(90)) - Using callQueue: class java.util.concurrent.LinkedBlockingQueue, queueCapacity: 100, scheduler: class org.apache.hadoop.ipc.DefaultRpcScheduler, ipcBackoff: false.
2024-05-22 11:32:09,825 [main] INFO  ipc.Server (Server.java:<init>(1287)) - Listener at 0.0.0.0:15081
2024-05-22 11:32:09,826 [Socket Reader #1 for port 15081] INFO  ipc.Server (Server.java:run(1323)) - Starting Socket Reader #1 for port 15081
2024-05-22 11:32:09,830 [main] INFO  ozone.HddsDatanodeService (HddsDatanodeService.java:start(327)) - Datanode start with admins: [runner]
2024-05-22 11:32:09,830 [main] INFO  ozone.HddsDatanodeClientProtocolServer (HddsDatanodeClientProtocolServer.java:start(77)) - RPC server for Client /0.0.0.0:15081
2024-05-22 11:32:09,830 [IPC Server Responder] INFO  ipc.Server (Server.java:run(1562)) - IPC Server Responder: starting
2024-05-22 11:32:09,830 [IPC Server listener on 15081] INFO  ipc.Server (Server.java:run(1402)) - IPC Server listener on 15081: starting
2024-05-22 11:32:09,838 [02a0afdf-1bea-47f6-ae97-5b8161c986a7-DatanodeStateMachineDaemonThread] INFO  statemachine.DatanodeStateMachine (DatanodeStateMachine.java:lambda$startDaemon$1(555)) - Ozone container server started.
2024-05-22 11:32:09,838 [main] WARN  dropwizard3.Dm3MetricRegistriesImpl (Dm3MetricRegistriesImpl.java:addReporterRegistration(113)) - New reporters are added after registries were created. Some metrics will be missing from the reporter. Please add reporter before adding any new registry.
2024-05-22 11:32:09,838 [main] WARN  dropwizard3.Dm3MetricRegistriesImpl (Dm3MetricRegistriesImpl.java:addReporterRegistration(113)) - New reporters are added after registries were created. Some metrics will be missing from the reporter. Please add reporter before adding any new registry.
2024-05-22 11:32:09,839 [main] INFO  impl.MetricsSystemImpl (MetricsSystemImpl.java:init(158)) - HddsDatanode metrics system started (again)
2024-05-22 11:32:09,843 [02a0afdf-1bea-47f6-ae97-5b8161c986a7-DatanodeStateMachineTaskThread-0] INFO  datanode.InitDatanodeState (InitDatanodeState.java:persistContainerDatanodeDetails(139)) - DatanodeDetails is persisted to /home/runner/work/ozone/ozone/hadoop-ozone/integration-test/target/test-dir/MiniOzoneClusterImpl-20f17314-7331-4214-8d7b-3220b0ea8e97/ozone-meta/datanode-2/meta/datanode.id
2024-05-22 11:32:09,848 [main] INFO  ozone.HddsDatanodeService (HddsDatanodeService.java:start(240)) - HddsDatanodeService host:fv-az572-394.ywsgqi4ed1ju5mtqvm2htfptlh.bx.internal.cloudapp.net ip:10.1.0.12
2024-05-22 11:32:09,864 [main] INFO  upgrade.AbstractLayoutVersionManager (AbstractLayoutVersionManager.java:init(83)) - Initializing Layout version manager with metadata layout = HADOOP_PRC_PORTS_IN_DATANODEDETAILS (version = 7), software layout = HADOOP_PRC_PORTS_IN_DATANODEDETAILS (version = 7)
2024-05-22 11:32:09,864 [main] INFO  statemachine.DatanodeStateMachine (DatanodeStateMachine.java:getEndPointTaskThreadPoolSize(299)) - Datanode State Machine Task Thread Pool size 2
2024-05-22 11:32:09,866 [main] INFO  volume.HddsVolume (HddsVolume.java:<init>(126)) - Creating HddsVolume: /home/runner/work/ozone/ozone/hadoop-ozone/integration-test/target/test-dir/MiniOzoneClusterImpl-20f17314-7331-4214-8d7b-3220b0ea8e97/ozone-meta/datanode-3/data-0/hdds of storage type : DISK capacity : 9222449699674390527
2024-05-22 11:32:09,866 [main] INFO  volume.MutableVolumeSet (MutableVolumeSet.java:initializeVolumeSet(173)) - Added Volume : /home/runner/work/ozone/ozone/hadoop-ozone/integration-test/target/test-dir/MiniOzoneClusterImpl-20f17314-7331-4214-8d7b-3220b0ea8e97/ozone-meta/datanode-3/data-0/hdds to VolumeSet
2024-05-22 11:32:09,867 [main] INFO  volume.MutableVolumeSet (MutableVolumeSet.java:initializeVolumeSet(173)) - Added Volume : /home/runner/work/ozone/ozone/hadoop-ozone/integration-test/target/test-dir/MiniOzoneClusterImpl-20f17314-7331-4214-8d7b-3220b0ea8e97/ozone-meta/datanode-3/ratis to VolumeSet
2024-05-22 11:32:09,867 [main] INFO  ozoneimpl.OzoneContainer (HddsVolumeUtil.java:loadAllHddsVolumeDbStore(103)) - Load 1 volumes DbStore cost: 0ms
2024-05-22 11:32:09,870 [main] INFO  server.RaftServer (ConfUtils.java:logGet(46)) - raft.rpc.type = GRPC (default)
2024-05-22 11:32:09,870 [main] INFO  grpc.GrpcConfigKeys (ConfUtils.java:logFallback(53)) - raft.grpc.admin.host = null (fallback to raft.grpc.server.host)
2024-05-22 11:32:09,870 [main] INFO  grpc.GrpcConfigKeys (ConfUtils.java:logGet(46)) - raft.grpc.admin.port = 15093 (custom)
2024-05-22 11:32:09,870 [main] INFO  grpc.GrpcConfigKeys (ConfUtils.java:logFallback(53)) - raft.grpc.client.host = null (fallback to raft.grpc.server.host)
2024-05-22 11:32:09,870 [main] INFO  grpc.GrpcConfigKeys (ConfUtils.java:logGet(46)) - raft.grpc.client.port = 15092 (custom)
2024-05-22 11:32:09,870 [main] INFO  grpc.GrpcConfigKeys (ConfUtils.java:logGet(46)) - raft.grpc.server.host = null (default)
2024-05-22 11:32:09,870 [main] INFO  grpc.GrpcConfigKeys (ConfUtils.java:logGet(46)) - raft.grpc.server.port = 15094 (custom)
2024-05-22 11:32:09,870 [main] INFO  server.GrpcService (ConfUtils.java:logGet(46)) - raft.grpc.message.size.max = 32MB (=33554432) (custom)
2024-05-22 11:32:09,870 [main] INFO  server.RaftServerConfigKeys (ConfUtils.java:logGet(46)) - raft.server.log.appender.buffer.byte-limit = 8388608 (custom)
2024-05-22 11:32:09,870 [main] INFO  server.GrpcService (ConfUtils.java:logGet(46)) - raft.grpc.flow.control.window = 5MB (=5242880) (custom)
2024-05-22 11:32:09,870 [main] INFO  server.RaftServerConfigKeys (ConfUtils.java:logGet(46)) - raft.server.rpc.request.timeout = 60s (custom)
2024-05-22 11:32:09,870 [main] INFO  grpc.GrpcConfigKeys (ConfUtils.java:logGet(46)) - raft.grpc.server.heartbeat.channel = true (default)
2024-05-22 11:32:09,870 [main] INFO  grpc.GrpcConfigKeys (ConfUtils.java:logGet(46)) - raft.grpc.server.async.request.thread.pool.cached = true (default)
2024-05-22 11:32:09,870 [main] INFO  grpc.GrpcConfigKeys (ConfUtils.java:logGet(46)) - raft.grpc.server.async.request.thread.pool.size = 32 (default)
2024-05-22 11:32:09,872 [main] INFO  impl.DataStreamServerImpl (ConfUtils.java:logGet(46)) - raft.datastream.type = NETTY (custom)
2024-05-22 11:32:09,872 [main] INFO  server.RaftServerConfigKeys (ConfUtils.java:logGet(46)) - raft.server.data-stream.async.request.thread.pool.cached = false (default)
2024-05-22 11:32:09,872 [main] INFO  server.RaftServerConfigKeys (ConfUtils.java:logGet(46)) - raft.server.data-stream.async.request.thread.pool.size = 20 (custom)
2024-05-22 11:32:09,872 [main] INFO  server.RaftServerConfigKeys (ConfUtils.java:logGet(46)) - raft.server.data-stream.async.write.thread.pool.size = 16 (default)
2024-05-22 11:32:09,872 [main] INFO  netty.NettyConfigKeys$DataStream (ConfUtils.java:logGet(46)) - raft.netty.dataStream.server.channel.inactive.grace-period = 10min (default)
2024-05-22 11:32:09,873 [main] INFO  server.RaftServerConfigKeys (ConfUtils.java:logGet(46)) - raft.server.data-stream.client.pool.size = 10 (default)
2024-05-22 11:32:09,873 [main] INFO  netty.NettyConfigKeys$DataStream (ConfUtils.java:logGet(46)) - raft.netty.dataStream.server.use-epoll = true (default)
2024-05-22 11:32:09,873 [main] INFO  netty.NettyConfigKeys$DataStream (ConfUtils.java:logGet(46)) - raft.netty.dataStream.server.boss-group.size = 0 (default)
2024-05-22 11:32:09,873 [main] INFO  netty.NettyUtils (NettyUtils.java:newEventLoopGroup(69)) - Create EpollEventLoopGroup for ae2fb675-4ad2-4742-b745-16c1dba3b70f-NettyServerStreamRpc-bossGroup; Thread size is 0.
2024-05-22 11:32:09,873 [main] INFO  netty.NettyConfigKeys$DataStream (ConfUtils.java:logGet(46)) - raft.netty.dataStream.server.worker-group.size = 0 (default)
2024-05-22 11:32:09,873 [main] INFO  netty.NettyUtils (NettyUtils.java:newEventLoopGroup(69)) - Create EpollEventLoopGroup for ae2fb675-4ad2-4742-b745-16c1dba3b70f-NettyServerStreamRpc-workerGroup; Thread size is 0.
2024-05-22 11:32:09,873 [main] INFO  netty.NettyConfigKeys$DataStream (ConfUtils.java:logGet(46)) - raft.netty.dataStream.server.tls.conf = null (default)
2024-05-22 11:32:09,873 [main] INFO  netty.NettyConfigKeys$DataStream (ConfUtils.java:logGet(46)) - raft.netty.dataStream.host = null (default)
2024-05-22 11:32:09,873 [main] INFO  netty.NettyConfigKeys$DataStream (ConfUtils.java:logGet(46)) - raft.netty.dataStream.port = 15095 (custom)
2024-05-22 11:32:09,874 [main] INFO  server.RaftServerConfigKeys (ConfUtils.java:logGet(46)) - raft.server.sleep.deviation.threshold = 300ms (default)
2024-05-22 11:32:09,874 [main] INFO  server.RaftServerConfigKeys (ConfUtils.java:logGet(46)) - raft.server.close.threshold = 60s (default)
2024-05-22 11:32:09,874 [main] INFO  server.RaftServerConfigKeys (ConfUtils.java:logGet(46)) - raft.server.leaderelection.leader.step-down.wait-time = 10s (default)
2024-05-22 11:32:09,874 [ae2fb675-4ad2-4742-b745-16c1dba3b70f-NettyServerStreamRpc-bossGroup--thread1] INFO  logging.LoggingHandler (AbstractInternalLogger.java:log(148)) - [id: 0x650afe16] REGISTERED
2024-05-22 11:32:09,874 [main] INFO  server.RaftServerConfigKeys (ConfUtils.java:logGet(46)) - raft.server.storage.dir = [/home/runner/work/ozone/ozone/hadoop-ozone/integration-test/target/test-dir/MiniOzoneClusterImpl-20f17314-7331-4214-8d7b-3220b0ea8e97/ozone-meta/datanode-3/ratis] (custom)
2024-05-22 11:32:09,874 [ae2fb675-4ad2-4742-b745-16c1dba3b70f-NettyServerStreamRpc-bossGroup--thread1] INFO  logging.LoggingHandler (AbstractInternalLogger.java:log(148)) - [id: 0x650afe16] BIND: 0.0.0.0/0.0.0.0:15095
2024-05-22 11:32:09,874 [main] INFO  server.RaftServerConfigKeys (ConfUtils.java:logGet(46)) - raft.server.threadpool.proxy.cached = true (default)
2024-05-22 11:32:09,874 [ae2fb675-4ad2-4742-b745-16c1dba3b70f-NettyServerStreamRpc-bossGroup--thread1] INFO  logging.LoggingHandler (AbstractInternalLogger.java:log(148)) - [id: 0x650afe16, L:/0.0.0.0:15095] ACTIVE
2024-05-22 11:32:09,874 [main] INFO  server.RaftServerConfigKeys (ConfUtils.java:logGet(46)) - raft.server.threadpool.proxy.size = 0 (default)
2024-05-22 11:32:09,875 [ae2fb675-4ad2-4742-b745-16c1dba3b70f-impl-thread1] INFO  server.RaftServer (RaftServerProxy.java:initGroupDir(264)) - ae2fb675-4ad2-4742-b745-16c1dba3b70f: found a subdirectory /home/runner/work/ozone/ozone/hadoop-ozone/integration-test/target/test-dir/MiniOzoneClusterImpl-20f17314-7331-4214-8d7b-3220b0ea8e97/ozone-meta/datanode-3/ratis/tmp
2024-05-22 11:32:09,875 [ae2fb675-4ad2-4742-b745-16c1dba3b70f-impl-thread1] INFO  server.RaftServer (RaftServerProxy.java:initGroupDir(269)) - ae2fb675-4ad2-4742-b745-16c1dba3b70f: The directory /home/runner/work/ozone/ozone/hadoop-ozone/integration-test/target/test-dir/MiniOzoneClusterImpl-20f17314-7331-4214-8d7b-3220b0ea8e97/ozone-meta/datanode-3/ratis/tmp is not a group directory; ignoring it. 
2024-05-22 11:32:09,875 [main] INFO  replication.ReplicationServer (ReplicationServer.java:<init>(86)) - Initializing replication server with thread count = 10 queue length = 4096
2024-05-22 11:32:09,876 [main] INFO  server.XceiverServerGrpc (XceiverServerGrpc.java:<init>(141)) - GrpcServer channel type EpollServerSocketChannel
2024-05-22 11:32:09,880 [main] INFO  replication.ReplicationSupervisor (ReplicationSupervisor.java:build(157)) - Initializing replication supervisor with thread count = 10
2024-05-22 11:32:09,880 [main] INFO  replication.ReplicationSupervisor (ReplicationSupervisor.java:nodeStateUpdated(312)) - Node state updated to IN_SERVICE, scaling executor pool size to 10
2024-05-22 11:32:09,882 [main] INFO  http.BaseHttpServer (BaseHttpServer.java:newHttpServer2BuilderForOzone(223)) - Starting Web-server for hddsDatanode at: http://0.0.0.0:15089
2024-05-22 11:32:09,882 [main] INFO  http.BaseHttpServer (BaseHttpServer.java:<init>(110)) - Hadoop Security Enabled: false Ozone Security Enabled: false Ozone HTTP Security Enabled: false 
2024-05-22 11:32:09,883 [main] WARN  server.AuthenticationFilter (AuthenticationFilter.java:constructSecretProvider(240)) - Unable to initialize FileSignerSecretProvider, falling back to use random secrets. Reason: Could not read signature secret file: /home/runner/hadoop-http-auth-signature-secret
2024-05-22 11:32:09,884 [main] INFO  http.HttpRequestLog (HttpRequestLog.java:getRequestLog(86)) - Http request log for http.requests.hddsDatanode is not defined
2024-05-22 11:32:09,885 [main] INFO  http.HttpServer2 (HttpServer2.java:addGlobalFilter(1036)) - Added global filter 'safety' (class=org.apache.hadoop.hdds.server.http.HttpServer2$QuotingInputFilter)
2024-05-22 11:32:09,886 [main] INFO  http.HttpServer2 (HttpServer2.java:addFilter(1012)) - Added filter static_user_filter (class=org.apache.hadoop.http.lib.StaticUserWebFilter$StaticUserFilter) to context hddsDatanode
2024-05-22 11:32:09,886 [main] INFO  http.HttpServer2 (HttpServer2.java:addFilter(1020)) - Added filter static_user_filter (class=org.apache.hadoop.http.lib.StaticUserWebFilter$StaticUserFilter) to context logs
2024-05-22 11:32:09,886 [main] INFO  http.HttpServer2 (HttpServer2.java:addFilter(1020)) - Added filter static_user_filter (class=org.apache.hadoop.http.lib.StaticUserWebFilter$StaticUserFilter) to context static
2024-05-22 11:32:09,887 [main] INFO  http.BaseHttpServer (BaseHttpServer.java:<init>(189)) - HTTP server of hddsDatanode uses base directory /home/runner/work/ozone/ozone/hadoop-ozone/integration-test/target/test-dir/MiniOzoneClusterImpl-20f17314-7331-4214-8d7b-3220b0ea8e97/ozone-meta/datanode-3/meta/webserver
2024-05-22 11:32:09,887 [main] INFO  http.HttpServer2 (HttpServer2.java:bindListener(1236)) - Jetty bound to port 15089
2024-05-22 11:32:09,887 [main] INFO  server.Server (Server.java:doStart(375)) - jetty-9.4.54.v20240208; built: 2024-02-08T19:42:39.027Z; git: cef3fbd6d736a21e7d541a5db490381d95a2047d; jvm 17.0.11+9
2024-05-22 11:32:09,889 [main] INFO  server.session (DefaultSessionIdManager.java:doStart(334)) - DefaultSessionIdManager workerName=node0
2024-05-22 11:32:09,890 [main] INFO  server.session (DefaultSessionIdManager.java:doStart(339)) - No SessionScavenger set, using defaults
2024-05-22 11:32:09,890 [main] INFO  server.session (HouseKeeper.java:startScavenging(132)) - node0 Scavenging every 660000ms
2024-05-22 11:32:09,891 [main] INFO  handler.ContextHandler (ContextHandler.java:doStart(921)) - Started o.e.j.s.ServletContextHandler@6ddb5117{logs,/logs,file:///home/runner/work/ozone/ozone/hadoop-ozone/integration-test/target/log,AVAILABLE}
2024-05-22 11:32:09,891 [main] INFO  handler.ContextHandler (ContextHandler.java:doStart(921)) - Started o.e.j.s.ServletContextHandler@237b93f5{static,/static,file:///home/runner/work/ozone/ozone/hadoop-hdds/container-service/target/classes/webapps/static,AVAILABLE}
2024-05-22 11:32:09,895 [main] INFO  handler.ContextHandler (ContextHandler.java:doStart(921)) - Started o.e.j.w.WebAppContext@5ffdea7c{hddsDatanode,/,file:///home/runner/work/ozone/ozone/hadoop-hdds/container-service/target/classes/webapps/hddsDatanode/,AVAILABLE}{file:/home/runner/work/ozone/ozone/hadoop-hdds/container-service/target/classes/webapps/hddsDatanode}
2024-05-22 11:32:09,897 [main] INFO  server.AbstractConnector (AbstractConnector.java:doStart(333)) - Started ServerConnector@2a202f00{HTTP/1.1, (http/1.1)}{0.0.0.0:15089}
2024-05-22 11:32:09,897 [main] INFO  server.Server (Server.java:doStart(415)) - Started @32967ms
2024-05-22 11:32:09,897 [main] WARN  impl.MetricsSystemImpl (MetricsSystemImpl.java:register(279)) - Sink prometheus already exists!
2024-05-22 11:32:09,898 [main] INFO  http.BaseHttpServer (BaseHttpServer.java:updateConnectorAddress(354)) - HTTP server of hddsDatanode listening at http://0.0.0.0:15089
2024-05-22 11:32:09,898 [main] INFO  ipc.CallQueueManager (CallQueueManager.java:<init>(90)) - Using callQueue: class java.util.concurrent.LinkedBlockingQueue, queueCapacity: 100, scheduler: class org.apache.hadoop.ipc.DefaultRpcScheduler, ipcBackoff: false.
2024-05-22 11:32:09,899 [main] INFO  ipc.Server (Server.java:<init>(1287)) - Listener at 0.0.0.0:15090
2024-05-22 11:32:09,899 [Socket Reader #1 for port 15090] INFO  ipc.Server (Server.java:run(1323)) - Starting Socket Reader #1 for port 15090
2024-05-22 11:32:09,901 [main] INFO  ozone.HddsDatanodeService (HddsDatanodeService.java:start(327)) - Datanode start with admins: [runner]
2024-05-22 11:32:09,901 [main] INFO  ozone.HddsDatanodeClientProtocolServer (HddsDatanodeClientProtocolServer.java:start(77)) - RPC server for Client /0.0.0.0:15090
2024-05-22 11:32:09,901 [IPC Server Responder] INFO  ipc.Server (Server.java:run(1562)) - IPC Server Responder: starting
2024-05-22 11:32:09,901 [IPC Server listener on 15090] INFO  ipc.Server (Server.java:run(1402)) - IPC Server listener on 15090: starting
2024-05-22 11:32:09,901 [ae2fb675-4ad2-4742-b745-16c1dba3b70f-DatanodeStateMachineDaemonThread] INFO  statemachine.DatanodeStateMachine (DatanodeStateMachine.java:lambda$startDaemon$1(555)) - Ozone container server started.
2024-05-22 11:32:09,902 [main] INFO  ozone.MiniOzoneClusterImpl (MiniOzoneClusterImpl.java:lambda$waitForClusterToBeReady$0(194)) - Waiting for nodes to be ready. Got 0 of 3 DN Heartbeats.
2024-05-22 11:32:09,902 [main] INFO  ozone.MiniOzoneClusterImpl (MiniOzoneClusterImpl.java:lambda$waitForClusterToBeReady$0(197)) - Waiting for cluster to exit safe mode
2024-05-22 11:32:09,902 [main] INFO  ozone.MiniOzoneClusterImpl (MiniOzoneClusterImpl.java:lambda$waitForClusterToBeReady$0(199)) - SCM became leader
2024-05-22 11:32:09,905 [ae2fb675-4ad2-4742-b745-16c1dba3b70f-DatanodeStateMachineTaskThread-0] INFO  datanode.InitDatanodeState (InitDatanodeState.java:persistContainerDatanodeDetails(139)) - DatanodeDetails is persisted to /home/runner/work/ozone/ozone/hadoop-ozone/integration-test/target/test-dir/MiniOzoneClusterImpl-20f17314-7331-4214-8d7b-3220b0ea8e97/ozone-meta/datanode-3/meta/datanode.id
2024-05-22 11:32:10,691 [om1@group-C5BA1605619E-FollowerState] INFO  impl.FollowerState (FollowerState.java:run(143)) - om1@group-C5BA1605619E-FollowerState: change to CANDIDATE, lastRpcElapsedTime:1057504789ns, electionTimeout:1056ms
2024-05-22 11:32:10,691 [om1@group-C5BA1605619E-FollowerState] INFO  impl.RoleInfo (RoleInfo.java:shutdownFollowerState(110)) - om1: shutdown om1@group-C5BA1605619E-FollowerState
2024-05-22 11:32:10,691 [om1@group-C5BA1605619E-FollowerState] INFO  server.RaftServer$Division (RaftServerImpl.java:setRole(383)) - om1@group-C5BA1605619E: changes role from  FOLLOWER to CANDIDATE at term 0 for changeToCandidate
2024-05-22 11:32:10,691 [om1@group-C5BA1605619E-FollowerState] INFO  server.RaftServerConfigKeys (ConfUtils.java:logGet(46)) - raft.server.leaderelection.pre-vote = true (default)
2024-05-22 11:32:10,691 [om1@group-C5BA1605619E-FollowerState] INFO  impl.RoleInfo (RoleInfo.java:updateAndGet(139)) - om1: start om1@group-C5BA1605619E-LeaderElection18
2024-05-22 11:32:10,692 [om1@group-C5BA1605619E-LeaderElection18] INFO  impl.LeaderElection (LeaderElection.java:askForVotes(321)) - om1@group-C5BA1605619E-LeaderElection18 PRE_VOTE round 0: submit vote requests at term 0 for -1: peers:[om1|localhost:15069]|listeners:[], old=null
2024-05-22 11:32:10,692 [om1@group-C5BA1605619E-LeaderElection18] INFO  impl.LeaderElection (LeaderElection.java:askForVotes(323)) - om1@group-C5BA1605619E-LeaderElection18 PRE_VOTE round 0: result PASSED (term=0)
2024-05-22 11:32:10,693 [om1@group-C5BA1605619E-LeaderElection18] INFO  impl.LeaderElection (LeaderElection.java:askForVotes(321)) - om1@group-C5BA1605619E-LeaderElection18 ELECTION round 0: submit vote requests at term 1 for -1: peers:[om1|localhost:15069]|listeners:[], old=null
2024-05-22 11:32:10,693 [om1@group-C5BA1605619E-LeaderElection18] INFO  impl.LeaderElection (LeaderElection.java:askForVotes(323)) - om1@group-C5BA1605619E-LeaderElection18 ELECTION round 0: result PASSED (term=1)
2024-05-22 11:32:10,693 [om1@group-C5BA1605619E-LeaderElection18] INFO  impl.RoleInfo (RoleInfo.java:shutdownLeaderElection(130)) - om1: shutdown om1@group-C5BA1605619E-LeaderElection18
2024-05-22 11:32:10,693 [om1@group-C5BA1605619E-LeaderElection18] INFO  server.RaftServer$Division (RaftServerImpl.java:setRole(383)) - om1@group-C5BA1605619E: changes role from CANDIDATE to LEADER at term 1 for changeToLeader
2024-05-22 11:32:10,693 [om1@group-C5BA1605619E-LeaderElection18] INFO  server.RaftServerConfigKeys (ConfUtils.java:logGet(46)) - raft.server.staging.catchup.gap = 1000 (default)
2024-05-22 11:32:10,694 [om1@group-C5BA1605619E-LeaderElection18] INFO  server.RaftServerConfigKeys (ConfUtils.java:logGet(46)) - raft.server.write.element-limit = 4096 (default)
2024-05-22 11:32:10,694 [om1@group-C5BA1605619E-LeaderElection18] INFO  server.RaftServerConfigKeys (ConfUtils.java:logGet(46)) - raft.server.write.byte-limit = 64MB (=67108864) (default)
2024-05-22 11:32:10,694 [om1@group-C5BA1605619E-LeaderElection18] INFO  server.RaftServerConfigKeys (ConfUtils.java:logGet(46)) - raft.server.watch.timeout = 10s (default)
2024-05-22 11:32:10,694 [om1@group-C5BA1605619E-LeaderElection18] INFO  server.RaftServerConfigKeys (ConfUtils.java:logGet(46)) - raft.server.watch.timeout.denomination = 1s (default)
2024-05-22 11:32:10,694 [om1@group-C5BA1605619E-LeaderElection18] INFO  server.RaftServerConfigKeys (ConfUtils.java:logGet(46)) - raft.server.watch.element-limit = 65536 (default)
2024-05-22 11:32:10,695 [om1@group-C5BA1605619E-LeaderElection18] INFO  server.RaftServerConfigKeys (ConfUtils.java:logGet(46)) - raft.server.read.leader.lease.enabled = false (default)
2024-05-22 11:32:10,695 [om1@group-C5BA1605619E-LeaderElection18] INFO  server.RaftServerConfigKeys (ConfUtils.java:logGet(46)) - raft.server.read.leader.lease.timeout.ratio = 0.9 (default)
2024-05-22 11:32:10,695 [om1@group-C5BA1605619E-LeaderElection18] INFO  server.RaftServerConfigKeys (ConfUtils.java:logGet(46)) - raft.server.rpc.timeout.min = 1s (custom)
2024-05-22 11:32:10,695 [om1@group-C5BA1605619E-LeaderElection18] INFO  server.RaftServerConfigKeys (ConfUtils.java:logGet(46)) - raft.server.write.element-limit = 4096 (default)
2024-05-22 11:32:10,695 [om1@group-C5BA1605619E-LeaderElection18] INFO  server.RaftServerConfigKeys (ConfUtils.java:logGet(46)) - raft.server.write.follower.gap.ratio.max = -1.0 (default)
2024-05-22 11:32:10,695 [om1@group-C5BA1605619E-LeaderElection18] INFO  impl.RoleInfo (RoleInfo.java:updateAndGet(139)) - om1: start om1@group-C5BA1605619E-LeaderStateImpl
2024-05-22 11:32:10,695 [om1@group-C5BA1605619E-LeaderElection18] INFO  server.RaftServer$Division (RaftServerImpl.java:setFirstElection(574)) - om1@group-C5BA1605619E: set firstElectionSinceStartup to false for becomeLeader
2024-05-22 11:32:10,695 [om1@group-C5BA1605619E-LeaderElection18] INFO  server.RaftServer$Division (ServerState.java:setLeader(269)) - om1@group-C5BA1605619E: change Leader from null to om1 at term 1 for becomeLeader, leader elected after 1479ms
2024-05-22 11:32:10,696 [om1@group-C5BA1605619E-LeaderElection18] INFO  segmented.SegmentedRaftLogWorker (SegmentedRaftLogWorker.java:startLogSegment(430)) - om1@group-C5BA1605619E-SegmentedRaftLogWorker: Starting segment from index:0
2024-05-22 11:32:10,696 [om1@group-C5BA1605619E-LeaderElection18] INFO  server.RaftServer$Division (ServerState.java:setRaftConf(386)) - om1@group-C5BA1605619E: set configuration 0: peers:[om1|localhost:15069]|listeners:[], old=null
2024-05-22 11:32:10,696 [om1@group-C5BA1605619E-SegmentedRaftLogWorker] INFO  segmented.BufferedWriteChannel (BufferedWriteChannel.java:open(62)) - open log_inprogress_0 at position 0
2024-05-22 11:32:10,703 [om1@group-C5BA1605619E-SegmentedRaftLogWorker] INFO  segmented.SegmentedRaftLogWorker (SegmentedRaftLogWorker.java:execute(634)) - om1@group-C5BA1605619E-SegmentedRaftLogWorker: created new log segment /home/runner/work/ozone/ozone/hadoop-ozone/integration-test/target/test-dir/MiniOzoneClusterImpl-20f17314-7331-4214-8d7b-3220b0ea8e97/ozone-meta/ratis/bf265839-605b-3f16-9796-c5ba1605619e/current/log_inprogress_0
2024-05-22 11:32:10,705 [om1@group-C5BA1605619E-StateMachineUpdater] INFO  ratis.OzoneManagerStateMachine (OzoneManagerStateMachine.java:notifyConfigurationChanged(212)) - Received Configuration change notification from Ratis. New Peer list:
[id: "om1"
address: "localhost:15069"
startupRole: FOLLOWER
]
2024-05-22 11:32:10,705 [om1@group-C5BA1605619E-StateMachineUpdater] INFO  server.RaftServer$Division (LeaderStateImpl.java:isApplied(320)) - leader is ready since appliedIndex == 0 >= startIndex == 0
2024-05-22 11:32:10,902 [main] INFO  ozone.MiniOzoneClusterImpl (MiniOzoneClusterImpl.java:lambda$waitForClusterToBeReady$0(194)) - Waiting for nodes to be ready. Got 0 of 3 DN Heartbeats.
2024-05-22 11:32:10,903 [main] INFO  ozone.MiniOzoneClusterImpl (MiniOzoneClusterImpl.java:lambda$waitForClusterToBeReady$0(197)) - Waiting for cluster to exit safe mode
2024-05-22 11:32:10,903 [main] INFO  ozone.MiniOzoneClusterImpl (MiniOzoneClusterImpl.java:lambda$waitForClusterToBeReady$0(199)) - SCM became leader
2024-05-22 11:32:11,772 [538779f6-f80f-4bc7-8424-1a47a535146d-EndpointStateMachineTaskThread-/0.0.0.0:15064-0 ] INFO  utils.DatanodeStoreCache (DatanodeStoreCache.java:addDB(72)) - Added db /home/runner/work/ozone/ozone/hadoop-ozone/integration-test/target/test-dir/MiniOzoneClusterImpl-20f17314-7331-4214-8d7b-3220b0ea8e97/ozone-meta/datanode-1/data-0/hdds/20f17314-7331-4214-8d7b-3220b0ea8e97/DS-2a2c73ea-7ef1-4cc4-92ab-12b394ff0e81/container.db to cache
2024-05-22 11:32:11,772 [538779f6-f80f-4bc7-8424-1a47a535146d-EndpointStateMachineTaskThread-/0.0.0.0:15064-0 ] INFO  volume.HddsVolume (HddsVolume.java:createDbStore(437)) - SchemaV3 db is created and loaded at /home/runner/work/ozone/ozone/hadoop-ozone/integration-test/target/test-dir/MiniOzoneClusterImpl-20f17314-7331-4214-8d7b-3220b0ea8e97/ozone-meta/datanode-1/data-0/hdds/20f17314-7331-4214-8d7b-3220b0ea8e97/DS-2a2c73ea-7ef1-4cc4-92ab-12b394ff0e81/container.db for volume DS-2a2c73ea-7ef1-4cc4-92ab-12b394ff0e81
2024-05-22 11:32:11,774 [538779f6-f80f-4bc7-8424-1a47a535146d-ContainerReader-0] INFO  ozoneimpl.ContainerReader (ContainerReader.java:readVolume(148)) - Start to verify containers on volume /home/runner/work/ozone/ozone/hadoop-ozone/integration-test/target/test-dir/MiniOzoneClusterImpl-20f17314-7331-4214-8d7b-3220b0ea8e97/ozone-meta/datanode-1/data-0/hdds
2024-05-22 11:32:11,774 [538779f6-f80f-4bc7-8424-1a47a535146d-ContainerReader-0] INFO  ozoneimpl.ContainerReader (ContainerReader.java:readVolume(178)) - Finish verifying containers on volume /home/runner/work/ozone/ozone/hadoop-ozone/integration-test/target/test-dir/MiniOzoneClusterImpl-20f17314-7331-4214-8d7b-3220b0ea8e97/ozone-meta/datanode-1/data-0/hdds
2024-05-22 11:32:11,775 [538779f6-f80f-4bc7-8424-1a47a535146d-EndpointStateMachineTaskThread-/0.0.0.0:15064-0 ] INFO  ozoneimpl.OzoneContainer (OzoneContainer.java:buildContainerSet(328)) - Build ContainerSet costs 0s
2024-05-22 11:32:11,777 [538779f6-f80f-4bc7-8424-1a47a535146d-EndpointStateMachineTaskThread-/0.0.0.0:15064-0 ] INFO  volume.ThrottledAsyncChecker (ThrottledAsyncChecker.java:schedule(141)) - Scheduling a check for /home/runner/work/ozone/ozone/hadoop-ozone/integration-test/target/test-dir/MiniOzoneClusterImpl-20f17314-7331-4214-8d7b-3220b0ea8e97/ozone-meta/datanode-1/data-0/hdds
2024-05-22 11:32:11,777 [538779f6-f80f-4bc7-8424-1a47a535146d-EndpointStateMachineTaskThread-/0.0.0.0:15064-0 ] INFO  volume.StorageVolumeChecker (StorageVolumeChecker.java:checkAllVolumes(218)) - Scheduled health check for volume /home/runner/work/ozone/ozone/hadoop-ozone/integration-test/target/test-dir/MiniOzoneClusterImpl-20f17314-7331-4214-8d7b-3220b0ea8e97/ozone-meta/datanode-1/data-0/hdds
2024-05-22 11:32:11,779 [538779f6-f80f-4bc7-8424-1a47a535146d-EndpointStateMachineTaskThread-/0.0.0.0:15064-0 ] INFO  volume.ThrottledAsyncChecker (ThrottledAsyncChecker.java:schedule(141)) - Scheduling a check for /home/runner/work/ozone/ozone/hadoop-ozone/integration-test/target/test-dir/MiniOzoneClusterImpl-20f17314-7331-4214-8d7b-3220b0ea8e97/ozone-meta/datanode-1/ratis
2024-05-22 11:32:11,780 [538779f6-f80f-4bc7-8424-1a47a535146d-EndpointStateMachineTaskThread-/0.0.0.0:15064-0 ] INFO  volume.StorageVolumeChecker (StorageVolumeChecker.java:checkAllVolumes(218)) - Scheduled health check for volume /home/runner/work/ozone/ozone/hadoop-ozone/integration-test/target/test-dir/MiniOzoneClusterImpl-20f17314-7331-4214-8d7b-3220b0ea8e97/ozone-meta/datanode-1/ratis
2024-05-22 11:32:11,781 [538779f6-f80f-4bc7-8424-1a47a535146d-EndpointStateMachineTaskThread-/0.0.0.0:15064-0 ] INFO  ozoneimpl.OzoneContainer (OzoneContainer.java:start(459)) - Attempting to start container services.
2024-05-22 11:32:11,781 [ContainerMetadataScanner] INFO  ozoneimpl.AbstractBackgroundContainerScanner (AbstractBackgroundContainerScanner.java:runIteration(87)) - Completed an iteration in 0 minutes. Number of iterations (since the data-node restart) : 1, Number of containers scanned in this iteration : 0, Number of unhealthy containers found in this iteration : 0
2024-05-22 11:32:11,782 [ContainerDataScanner(/home/runner/work/ozone/ozone/hadoop-ozone/integration-test/target/test-dir/MiniOzoneClusterImpl-20f17314-7331-4214-8d7b-3220b0ea8e97/ozone-meta/datanode-1/data-0/hdds)] INFO  ozoneimpl.AbstractBackgroundContainerScanner (AbstractBackgroundContainerScanner.java:runIteration(87)) - Completed an iteration in 0 minutes. Number of iterations (since the data-node restart) : 1, Number of containers scanned in this iteration : 0, Number of unhealthy containers found in this iteration : 0
2024-05-22 11:32:11,782 [538779f6-f80f-4bc7-8424-1a47a535146d-EndpointStateMachineTaskThread-/0.0.0.0:15064-0 ] INFO  replication.ReplicationServer (ReplicationServer.java:start(142)) - ReplicationServer is started using port 15078
2024-05-22 11:32:11,782 [538779f6-f80f-4bc7-8424-1a47a535146d-EndpointStateMachineTaskThread-/0.0.0.0:15064-0 ] INFO  ratis.XceiverServerRatis (XceiverServerRatis.java:start(566)) - Starting XceiverServerRatis 538779f6-f80f-4bc7-8424-1a47a535146d
2024-05-22 11:32:11,788 [538779f6-f80f-4bc7-8424-1a47a535146d-EndpointStateMachineTaskThread-/0.0.0.0:15064-0 ] INFO  server.RaftServer (RaftServerProxy.java:startImpl(406)) - 538779f6-f80f-4bc7-8424-1a47a535146d: start RPC server
2024-05-22 11:32:11,789 [538779f6-f80f-4bc7-8424-1a47a535146d-EndpointStateMachineTaskThread-/0.0.0.0:15064-0 ] INFO  server.GrpcService (GrpcService.java:startImpl(302)) - 538779f6-f80f-4bc7-8424-1a47a535146d: GrpcService started, listening on 15074
2024-05-22 11:32:11,789 [538779f6-f80f-4bc7-8424-1a47a535146d-EndpointStateMachineTaskThread-/0.0.0.0:15064-0 ] INFO  server.GrpcService (GrpcService.java:startImpl(302)) - 538779f6-f80f-4bc7-8424-1a47a535146d: GrpcService started, listening on 15076
2024-05-22 11:32:11,789 [538779f6-f80f-4bc7-8424-1a47a535146d-EndpointStateMachineTaskThread-/0.0.0.0:15064-0 ] INFO  server.GrpcService (GrpcService.java:startImpl(302)) - 538779f6-f80f-4bc7-8424-1a47a535146d: GrpcService started, listening on 15075
2024-05-22 11:32:11,789 [538779f6-f80f-4bc7-8424-1a47a535146d-EndpointStateMachineTaskThread-/0.0.0.0:15064-0 ] INFO  ratis.XceiverServerRatis (XceiverServerRatis.java:getRealPort(592)) - XceiverServerRatis 538779f6-f80f-4bc7-8424-1a47a535146d is started using port 15074 for RATIS
2024-05-22 11:32:11,789 [538779f6-f80f-4bc7-8424-1a47a535146d-EndpointStateMachineTaskThread-/0.0.0.0:15064-0 ] INFO  ratis.XceiverServerRatis (XceiverServerRatis.java:getRealPort(592)) - XceiverServerRatis 538779f6-f80f-4bc7-8424-1a47a535146d is started using port 15075 for RATIS_ADMIN
2024-05-22 11:32:11,789 [538779f6-f80f-4bc7-8424-1a47a535146d-EndpointStateMachineTaskThread-/0.0.0.0:15064-0 ] INFO  ratis.XceiverServerRatis (XceiverServerRatis.java:getRealPort(592)) - XceiverServerRatis 538779f6-f80f-4bc7-8424-1a47a535146d is started using port 15076 for RATIS_SERVER
2024-05-22 11:32:11,790 [538779f6-f80f-4bc7-8424-1a47a535146d-EndpointStateMachineTaskThread-/0.0.0.0:15064-0 ] INFO  ratis.XceiverServerRatis (XceiverServerRatis.java:getRealPort(592)) - XceiverServerRatis 538779f6-f80f-4bc7-8424-1a47a535146d is started using port 15077 for RATIS_DATASTREAM
2024-05-22 11:32:11,789 [JvmPauseMonitor10] INFO  util.JvmPauseMonitor (JvmPauseMonitor.java:run(146)) - JvmPauseMonitor-538779f6-f80f-4bc7-8424-1a47a535146d: Started
2024-05-22 11:32:11,791 [538779f6-f80f-4bc7-8424-1a47a535146d-BlockDeletingService#0] INFO  interfaces.ContainerDeletionChoosingPolicyTemplate (ContainerDeletionChoosingPolicyTemplate.java:chooseContainerForBlockDeletion(85)) - Chosen 0/5000 blocks from 0 candidate containers.
2024-05-22 11:32:11,862 [02a0afdf-1bea-47f6-ae97-5b8161c986a7-EndpointStateMachineTaskThread-/0.0.0.0:15064-0 ] INFO  utils.DatanodeStoreCache (DatanodeStoreCache.java:addDB(72)) - Added db /home/runner/work/ozone/ozone/hadoop-ozone/integration-test/target/test-dir/MiniOzoneClusterImpl-20f17314-7331-4214-8d7b-3220b0ea8e97/ozone-meta/datanode-2/data-0/hdds/20f17314-7331-4214-8d7b-3220b0ea8e97/DS-7e179817-5a63-4a45-a16a-817786771e75/container.db to cache
2024-05-22 11:32:11,862 [02a0afdf-1bea-47f6-ae97-5b8161c986a7-EndpointStateMachineTaskThread-/0.0.0.0:15064-0 ] INFO  volume.HddsVolume (HddsVolume.java:createDbStore(437)) - SchemaV3 db is created and loaded at /home/runner/work/ozone/ozone/hadoop-ozone/integration-test/target/test-dir/MiniOzoneClusterImpl-20f17314-7331-4214-8d7b-3220b0ea8e97/ozone-meta/datanode-2/data-0/hdds/20f17314-7331-4214-8d7b-3220b0ea8e97/DS-7e179817-5a63-4a45-a16a-817786771e75/container.db for volume DS-7e179817-5a63-4a45-a16a-817786771e75
2024-05-22 11:32:11,864 [02a0afdf-1bea-47f6-ae97-5b8161c986a7-ContainerReader-0] INFO  ozoneimpl.ContainerReader (ContainerReader.java:readVolume(148)) - Start to verify containers on volume /home/runner/work/ozone/ozone/hadoop-ozone/integration-test/target/test-dir/MiniOzoneClusterImpl-20f17314-7331-4214-8d7b-3220b0ea8e97/ozone-meta/datanode-2/data-0/hdds
2024-05-22 11:32:11,864 [02a0afdf-1bea-47f6-ae97-5b8161c986a7-ContainerReader-0] INFO  ozoneimpl.ContainerReader (ContainerReader.java:readVolume(178)) - Finish verifying containers on volume /home/runner/work/ozone/ozone/hadoop-ozone/integration-test/target/test-dir/MiniOzoneClusterImpl-20f17314-7331-4214-8d7b-3220b0ea8e97/ozone-meta/datanode-2/data-0/hdds
2024-05-22 11:32:11,864 [02a0afdf-1bea-47f6-ae97-5b8161c986a7-EndpointStateMachineTaskThread-/0.0.0.0:15064-0 ] INFO  ozoneimpl.OzoneContainer (OzoneContainer.java:buildContainerSet(328)) - Build ContainerSet costs 0s
2024-05-22 11:32:11,864 [02a0afdf-1bea-47f6-ae97-5b8161c986a7-EndpointStateMachineTaskThread-/0.0.0.0:15064-0 ] INFO  volume.ThrottledAsyncChecker (ThrottledAsyncChecker.java:schedule(141)) - Scheduling a check for /home/runner/work/ozone/ozone/hadoop-ozone/integration-test/target/test-dir/MiniOzoneClusterImpl-20f17314-7331-4214-8d7b-3220b0ea8e97/ozone-meta/datanode-2/data-0/hdds
2024-05-22 11:32:11,865 [02a0afdf-1bea-47f6-ae97-5b8161c986a7-EndpointStateMachineTaskThread-/0.0.0.0:15064-0 ] INFO  volume.StorageVolumeChecker (StorageVolumeChecker.java:checkAllVolumes(218)) - Scheduled health check for volume /home/runner/work/ozone/ozone/hadoop-ozone/integration-test/target/test-dir/MiniOzoneClusterImpl-20f17314-7331-4214-8d7b-3220b0ea8e97/ozone-meta/datanode-2/data-0/hdds
2024-05-22 11:32:11,866 [02a0afdf-1bea-47f6-ae97-5b8161c986a7-EndpointStateMachineTaskThread-/0.0.0.0:15064-0 ] INFO  volume.ThrottledAsyncChecker (ThrottledAsyncChecker.java:schedule(141)) - Scheduling a check for /home/runner/work/ozone/ozone/hadoop-ozone/integration-test/target/test-dir/MiniOzoneClusterImpl-20f17314-7331-4214-8d7b-3220b0ea8e97/ozone-meta/datanode-2/ratis
2024-05-22 11:32:11,866 [02a0afdf-1bea-47f6-ae97-5b8161c986a7-EndpointStateMachineTaskThread-/0.0.0.0:15064-0 ] INFO  volume.StorageVolumeChecker (StorageVolumeChecker.java:checkAllVolumes(218)) - Scheduled health check for volume /home/runner/work/ozone/ozone/hadoop-ozone/integration-test/target/test-dir/MiniOzoneClusterImpl-20f17314-7331-4214-8d7b-3220b0ea8e97/ozone-meta/datanode-2/ratis
2024-05-22 11:32:11,866 [02a0afdf-1bea-47f6-ae97-5b8161c986a7-EndpointStateMachineTaskThread-/0.0.0.0:15064-0 ] INFO  ozoneimpl.OzoneContainer (OzoneContainer.java:start(459)) - Attempting to start container services.
2024-05-22 11:32:11,866 [02a0afdf-1bea-47f6-ae97-5b8161c986a7-EndpointStateMachineTaskThread-/0.0.0.0:15064-0 ] WARN  ozoneimpl.OnDemandContainerDataScanner (OnDemandContainerDataScanner.java:init(75)) - Trying to initialize on demand scanner a second time on a datanode.
2024-05-22 11:32:11,867 [ContainerMetadataScanner] INFO  ozoneimpl.AbstractBackgroundContainerScanner (AbstractBackgroundContainerScanner.java:runIteration(87)) - Completed an iteration in 0 minutes. Number of iterations (since the data-node restart) : 1, Number of containers scanned in this iteration : 0, Number of unhealthy containers found in this iteration : 0
2024-05-22 11:32:11,867 [ContainerDataScanner(/home/runner/work/ozone/ozone/hadoop-ozone/integration-test/target/test-dir/MiniOzoneClusterImpl-20f17314-7331-4214-8d7b-3220b0ea8e97/ozone-meta/datanode-2/data-0/hdds)] INFO  ozoneimpl.AbstractBackgroundContainerScanner (AbstractBackgroundContainerScanner.java:runIteration(87)) - Completed an iteration in 0 minutes. Number of iterations (since the data-node restart) : 1, Number of containers scanned in this iteration : 0, Number of unhealthy containers found in this iteration : 0
2024-05-22 11:32:11,867 [02a0afdf-1bea-47f6-ae97-5b8161c986a7-EndpointStateMachineTaskThread-/0.0.0.0:15064-0 ] INFO  replication.ReplicationServer (ReplicationServer.java:start(142)) - ReplicationServer is started using port 15087
2024-05-22 11:32:11,867 [02a0afdf-1bea-47f6-ae97-5b8161c986a7-EndpointStateMachineTaskThread-/0.0.0.0:15064-0 ] INFO  ratis.XceiverServerRatis (XceiverServerRatis.java:start(566)) - Starting XceiverServerRatis 02a0afdf-1bea-47f6-ae97-5b8161c986a7
2024-05-22 11:32:11,868 [02a0afdf-1bea-47f6-ae97-5b8161c986a7-EndpointStateMachineTaskThread-/0.0.0.0:15064-0 ] INFO  server.RaftServer (RaftServerProxy.java:startImpl(406)) - 02a0afdf-1bea-47f6-ae97-5b8161c986a7: start RPC server
2024-05-22 11:32:11,877 [02a0afdf-1bea-47f6-ae97-5b8161c986a7-EndpointStateMachineTaskThread-/0.0.0.0:15064-0 ] INFO  server.GrpcService (GrpcService.java:startImpl(302)) - 02a0afdf-1bea-47f6-ae97-5b8161c986a7: GrpcService started, listening on 15083
2024-05-22 11:32:11,878 [02a0afdf-1bea-47f6-ae97-5b8161c986a7-EndpointStateMachineTaskThread-/0.0.0.0:15064-0 ] INFO  server.GrpcService (GrpcService.java:startImpl(302)) - 02a0afdf-1bea-47f6-ae97-5b8161c986a7: GrpcService started, listening on 15085
2024-05-22 11:32:11,878 [02a0afdf-1bea-47f6-ae97-5b8161c986a7-EndpointStateMachineTaskThread-/0.0.0.0:15064-0 ] INFO  server.GrpcService (GrpcService.java:startImpl(302)) - 02a0afdf-1bea-47f6-ae97-5b8161c986a7: GrpcService started, listening on 15084
2024-05-22 11:32:11,878 [02a0afdf-1bea-47f6-ae97-5b8161c986a7-EndpointStateMachineTaskThread-/0.0.0.0:15064-0 ] INFO  ratis.XceiverServerRatis (XceiverServerRatis.java:getRealPort(592)) - XceiverServerRatis 02a0afdf-1bea-47f6-ae97-5b8161c986a7 is started using port 15083 for RATIS
2024-05-22 11:32:11,878 [02a0afdf-1bea-47f6-ae97-5b8161c986a7-EndpointStateMachineTaskThread-/0.0.0.0:15064-0 ] INFO  ratis.XceiverServerRatis (XceiverServerRatis.java:getRealPort(592)) - XceiverServerRatis 02a0afdf-1bea-47f6-ae97-5b8161c986a7 is started using port 15084 for RATIS_ADMIN
2024-05-22 11:32:11,878 [02a0afdf-1bea-47f6-ae97-5b8161c986a7-EndpointStateMachineTaskThread-/0.0.0.0:15064-0 ] INFO  ratis.XceiverServerRatis (XceiverServerRatis.java:getRealPort(592)) - XceiverServerRatis 02a0afdf-1bea-47f6-ae97-5b8161c986a7 is started using port 15085 for RATIS_SERVER
2024-05-22 11:32:11,878 [02a0afdf-1bea-47f6-ae97-5b8161c986a7-EndpointStateMachineTaskThread-/0.0.0.0:15064-0 ] INFO  ratis.XceiverServerRatis (XceiverServerRatis.java:getRealPort(592)) - XceiverServerRatis 02a0afdf-1bea-47f6-ae97-5b8161c986a7 is started using port 15086 for RATIS_DATASTREAM
2024-05-22 11:32:11,879 [JvmPauseMonitor11] INFO  util.JvmPauseMonitor (JvmPauseMonitor.java:run(146)) - JvmPauseMonitor-02a0afdf-1bea-47f6-ae97-5b8161c986a7: Started
2024-05-22 11:32:11,879 [02a0afdf-1bea-47f6-ae97-5b8161c986a7-BlockDeletingService#0] INFO  interfaces.ContainerDeletionChoosingPolicyTemplate (ContainerDeletionChoosingPolicyTemplate.java:chooseContainerForBlockDeletion(85)) - Chosen 0/5000 blocks from 0 candidate containers.
2024-05-22 11:32:11,903 [main] INFO  ozone.MiniOzoneClusterImpl (MiniOzoneClusterImpl.java:lambda$waitForClusterToBeReady$0(194)) - Waiting for nodes to be ready. Got 0 of 3 DN Heartbeats.
2024-05-22 11:32:11,903 [main] INFO  ozone.MiniOzoneClusterImpl (MiniOzoneClusterImpl.java:lambda$waitForClusterToBeReady$0(197)) - Waiting for cluster to exit safe mode
2024-05-22 11:32:11,903 [main] INFO  ozone.MiniOzoneClusterImpl (MiniOzoneClusterImpl.java:lambda$waitForClusterToBeReady$0(199)) - SCM became leader
2024-05-22 11:32:11,926 [ae2fb675-4ad2-4742-b745-16c1dba3b70f-EndpointStateMachineTaskThread-/0.0.0.0:15064-0 ] INFO  utils.DatanodeStoreCache (DatanodeStoreCache.java:addDB(72)) - Added db /home/runner/work/ozone/ozone/hadoop-ozone/integration-test/target/test-dir/MiniOzoneClusterImpl-20f17314-7331-4214-8d7b-3220b0ea8e97/ozone-meta/datanode-3/data-0/hdds/20f17314-7331-4214-8d7b-3220b0ea8e97/DS-72ce6fd3-28c4-4843-89ff-c8216d002d63/container.db to cache
2024-05-22 11:32:11,927 [ae2fb675-4ad2-4742-b745-16c1dba3b70f-EndpointStateMachineTaskThread-/0.0.0.0:15064-0 ] INFO  volume.HddsVolume (HddsVolume.java:createDbStore(437)) - SchemaV3 db is created and loaded at /home/runner/work/ozone/ozone/hadoop-ozone/integration-test/target/test-dir/MiniOzoneClusterImpl-20f17314-7331-4214-8d7b-3220b0ea8e97/ozone-meta/datanode-3/data-0/hdds/20f17314-7331-4214-8d7b-3220b0ea8e97/DS-72ce6fd3-28c4-4843-89ff-c8216d002d63/container.db for volume DS-72ce6fd3-28c4-4843-89ff-c8216d002d63
2024-05-22 11:32:11,929 [ae2fb675-4ad2-4742-b745-16c1dba3b70f-ContainerReader-0] INFO  ozoneimpl.ContainerReader (ContainerReader.java:readVolume(148)) - Start to verify containers on volume /home/runner/work/ozone/ozone/hadoop-ozone/integration-test/target/test-dir/MiniOzoneClusterImpl-20f17314-7331-4214-8d7b-3220b0ea8e97/ozone-meta/datanode-3/data-0/hdds
2024-05-22 11:32:11,929 [ae2fb675-4ad2-4742-b745-16c1dba3b70f-ContainerReader-0] INFO  ozoneimpl.ContainerReader (ContainerReader.java:readVolume(178)) - Finish verifying containers on volume /home/runner/work/ozone/ozone/hadoop-ozone/integration-test/target/test-dir/MiniOzoneClusterImpl-20f17314-7331-4214-8d7b-3220b0ea8e97/ozone-meta/datanode-3/data-0/hdds
2024-05-22 11:32:11,929 [ae2fb675-4ad2-4742-b745-16c1dba3b70f-EndpointStateMachineTaskThread-/0.0.0.0:15064-0 ] INFO  ozoneimpl.OzoneContainer (OzoneContainer.java:buildContainerSet(328)) - Build ContainerSet costs 0s
2024-05-22 11:32:11,929 [ae2fb675-4ad2-4742-b745-16c1dba3b70f-EndpointStateMachineTaskThread-/0.0.0.0:15064-0 ] INFO  volume.ThrottledAsyncChecker (ThrottledAsyncChecker.java:schedule(141)) - Scheduling a check for /home/runner/work/ozone/ozone/hadoop-ozone/integration-test/target/test-dir/MiniOzoneClusterImpl-20f17314-7331-4214-8d7b-3220b0ea8e97/ozone-meta/datanode-3/data-0/hdds
2024-05-22 11:32:11,930 [ae2fb675-4ad2-4742-b745-16c1dba3b70f-EndpointStateMachineTaskThread-/0.0.0.0:15064-0 ] INFO  volume.StorageVolumeChecker (StorageVolumeChecker.java:checkAllVolumes(218)) - Scheduled health check for volume /home/runner/work/ozone/ozone/hadoop-ozone/integration-test/target/test-dir/MiniOzoneClusterImpl-20f17314-7331-4214-8d7b-3220b0ea8e97/ozone-meta/datanode-3/data-0/hdds
2024-05-22 11:32:11,931 [ae2fb675-4ad2-4742-b745-16c1dba3b70f-EndpointStateMachineTaskThread-/0.0.0.0:15064-0 ] INFO  volume.ThrottledAsyncChecker (ThrottledAsyncChecker.java:schedule(141)) - Scheduling a check for /home/runner/work/ozone/ozone/hadoop-ozone/integration-test/target/test-dir/MiniOzoneClusterImpl-20f17314-7331-4214-8d7b-3220b0ea8e97/ozone-meta/datanode-3/ratis
2024-05-22 11:32:11,931 [ae2fb675-4ad2-4742-b745-16c1dba3b70f-EndpointStateMachineTaskThread-/0.0.0.0:15064-0 ] INFO  volume.StorageVolumeChecker (StorageVolumeChecker.java:checkAllVolumes(218)) - Scheduled health check for volume /home/runner/work/ozone/ozone/hadoop-ozone/integration-test/target/test-dir/MiniOzoneClusterImpl-20f17314-7331-4214-8d7b-3220b0ea8e97/ozone-meta/datanode-3/ratis
2024-05-22 11:32:11,932 [ae2fb675-4ad2-4742-b745-16c1dba3b70f-EndpointStateMachineTaskThread-/0.0.0.0:15064-0 ] INFO  ozoneimpl.OzoneContainer (OzoneContainer.java:start(459)) - Attempting to start container services.
2024-05-22 11:32:11,932 [ae2fb675-4ad2-4742-b745-16c1dba3b70f-EndpointStateMachineTaskThread-/0.0.0.0:15064-0 ] WARN  ozoneimpl.OnDemandContainerDataScanner (OnDemandContainerDataScanner.java:init(75)) - Trying to initialize on demand scanner a second time on a datanode.
2024-05-22 11:32:11,933 [ContainerMetadataScanner] INFO  ozoneimpl.AbstractBackgroundContainerScanner (AbstractBackgroundContainerScanner.java:runIteration(87)) - Completed an iteration in 0 minutes. Number of iterations (since the data-node restart) : 1, Number of containers scanned in this iteration : 0, Number of unhealthy containers found in this iteration : 0
2024-05-22 11:32:11,933 [ContainerDataScanner(/home/runner/work/ozone/ozone/hadoop-ozone/integration-test/target/test-dir/MiniOzoneClusterImpl-20f17314-7331-4214-8d7b-3220b0ea8e97/ozone-meta/datanode-3/data-0/hdds)] INFO  ozoneimpl.AbstractBackgroundContainerScanner (AbstractBackgroundContainerScanner.java:runIteration(87)) - Completed an iteration in 0 minutes. Number of iterations (since the data-node restart) : 1, Number of containers scanned in this iteration : 0, Number of unhealthy containers found in this iteration : 0
2024-05-22 11:32:11,933 [ae2fb675-4ad2-4742-b745-16c1dba3b70f-EndpointStateMachineTaskThread-/0.0.0.0:15064-0 ] INFO  replication.ReplicationServer (ReplicationServer.java:start(142)) - ReplicationServer is started using port 15096
2024-05-22 11:32:11,933 [ae2fb675-4ad2-4742-b745-16c1dba3b70f-EndpointStateMachineTaskThread-/0.0.0.0:15064-0 ] INFO  ratis.XceiverServerRatis (XceiverServerRatis.java:start(566)) - Starting XceiverServerRatis ae2fb675-4ad2-4742-b745-16c1dba3b70f
2024-05-22 11:32:11,934 [ae2fb675-4ad2-4742-b745-16c1dba3b70f-EndpointStateMachineTaskThread-/0.0.0.0:15064-0 ] INFO  server.RaftServer (RaftServerProxy.java:startImpl(406)) - ae2fb675-4ad2-4742-b745-16c1dba3b70f: start RPC server
2024-05-22 11:32:11,934 [ae2fb675-4ad2-4742-b745-16c1dba3b70f-EndpointStateMachineTaskThread-/0.0.0.0:15064-0 ] INFO  server.GrpcService (GrpcService.java:startImpl(302)) - ae2fb675-4ad2-4742-b745-16c1dba3b70f: GrpcService started, listening on 15092
2024-05-22 11:32:11,935 [ae2fb675-4ad2-4742-b745-16c1dba3b70f-EndpointStateMachineTaskThread-/0.0.0.0:15064-0 ] INFO  server.GrpcService (GrpcService.java:startImpl(302)) - ae2fb675-4ad2-4742-b745-16c1dba3b70f: GrpcService started, listening on 15094
2024-05-22 11:32:11,935 [ae2fb675-4ad2-4742-b745-16c1dba3b70f-EndpointStateMachineTaskThread-/0.0.0.0:15064-0 ] INFO  server.GrpcService (GrpcService.java:startImpl(302)) - ae2fb675-4ad2-4742-b745-16c1dba3b70f: GrpcService started, listening on 15093
2024-05-22 11:32:11,941 [ae2fb675-4ad2-4742-b745-16c1dba3b70f-EndpointStateMachineTaskThread-/0.0.0.0:15064-0 ] INFO  ratis.XceiverServerRatis (XceiverServerRatis.java:getRealPort(592)) - XceiverServerRatis ae2fb675-4ad2-4742-b745-16c1dba3b70f is started using port 15092 for RATIS
2024-05-22 11:32:11,941 [ae2fb675-4ad2-4742-b745-16c1dba3b70f-EndpointStateMachineTaskThread-/0.0.0.0:15064-0 ] INFO  ratis.XceiverServerRatis (XceiverServerRatis.java:getRealPort(592)) - XceiverServerRatis ae2fb675-4ad2-4742-b745-16c1dba3b70f is started using port 15093 for RATIS_ADMIN
2024-05-22 11:32:11,941 [ae2fb675-4ad2-4742-b745-16c1dba3b70f-EndpointStateMachineTaskThread-/0.0.0.0:15064-0 ] INFO  ratis.XceiverServerRatis (XceiverServerRatis.java:getRealPort(592)) - XceiverServerRatis ae2fb675-4ad2-4742-b745-16c1dba3b70f is started using port 15094 for RATIS_SERVER
2024-05-22 11:32:11,941 [ae2fb675-4ad2-4742-b745-16c1dba3b70f-EndpointStateMachineTaskThread-/0.0.0.0:15064-0 ] INFO  ratis.XceiverServerRatis (XceiverServerRatis.java:getRealPort(592)) - XceiverServerRatis ae2fb675-4ad2-4742-b745-16c1dba3b70f is started using port 15095 for RATIS_DATASTREAM
2024-05-22 11:32:11,942 [JvmPauseMonitor12] INFO  util.JvmPauseMonitor (JvmPauseMonitor.java:run(146)) - JvmPauseMonitor-ae2fb675-4ad2-4742-b745-16c1dba3b70f: Started
2024-05-22 11:32:11,943 [ae2fb675-4ad2-4742-b745-16c1dba3b70f-BlockDeletingService#0] INFO  interfaces.ContainerDeletionChoosingPolicyTemplate (ContainerDeletionChoosingPolicyTemplate.java:chooseContainerForBlockDeletion(85)) - Chosen 0/5000 blocks from 0 candidate containers.
2024-05-22 11:32:12,903 [main] INFO  ozone.MiniOzoneClusterImpl (MiniOzoneClusterImpl.java:lambda$waitForClusterToBeReady$0(194)) - Waiting for nodes to be ready. Got 0 of 3 DN Heartbeats.
2024-05-22 11:32:12,904 [main] INFO  ozone.MiniOzoneClusterImpl (MiniOzoneClusterImpl.java:lambda$waitForClusterToBeReady$0(197)) - Waiting for cluster to exit safe mode
2024-05-22 11:32:12,904 [main] INFO  ozone.MiniOzoneClusterImpl (MiniOzoneClusterImpl.java:lambda$waitForClusterToBeReady$0(199)) - SCM became leader
2024-05-22 11:32:13,754 [IPC Server handler 0 on default port 15064] INFO  net.NetworkTopologyImpl (NetworkTopologyImpl.java:add(134)) - Added a new node: /default-rack/538779f6-f80f-4bc7-8424-1a47a535146d
2024-05-22 11:32:13,754 [IPC Server handler 0 on default port 15064] INFO  node.SCMNodeManager (SCMNodeManager.java:register(421)) - Registered datanode: 538779f6-f80f-4bc7-8424-1a47a535146d{ip: 127.0.0.1, host: localhost, ports: [HTTP=15071, CLIENT_RPC=15072, REPLICATION=15078, RATIS=15074, RATIS_ADMIN=15075, RATIS_SERVER=15076, RATIS_DATASTREAM=15077, STANDALONE=15073], networkLocation: /default-rack, certSerialId: null, persistedOpState: null, persistedOpStateExpiryEpochSec: 0}
2024-05-22 11:32:13,754 [EventQueue-NewNodeForNewNodeHandler] INFO  pipeline.BackgroundPipelineCreator (BackgroundPipelineCreator.java:notifyEventTriggered(280)) - trigger a one-shot run on RatisPipelineUtilsThread.
2024-05-22 11:32:13,755 [EventQueue-NodeRegistrationContainerReportForContainerSafeModeRule] INFO  safemode.SCMSafeModeManager (SCMSafeModeManager.java:validateSafeModeExitRules(203)) - ContainerSafeModeRule rule is successfully validated
2024-05-22 11:32:13,755 [RatisPipelineUtilsThread-0] INFO  pipeline.RatisPipelineProvider (RatisPipelineProvider.java:lambda$create$0(205)) - Sending CreatePipelineCommand for pipeline:PipelineID=2b7b4842-8920-402c-93ba-e7adb79780db to datanode:538779f6-f80f-4bc7-8424-1a47a535146d
2024-05-22 11:32:13,755 [EventQueue-NodeRegistrationContainerReportForDataNodeSafeModeRule] INFO  safemode.SCMSafeModeManager (DataNodeSafeModeRule.java:process(71)) - SCM in safe mode. 1 DataNodes registered, 3 required.
2024-05-22 11:32:13,755 [EventQueue-PipelineReportForOneReplicaPipelineSafeModeRule] INFO  safemode.SCMSafeModeManager (SCMSafeModeManager.java:validateSafeModeExitRules(203)) - AtleastOneDatanodeReportedRule rule is successfully validated
2024-05-22 11:32:13,757 [RatisPipelineUtilsThread-0] INFO  pipeline.BackgroundPipelineCreator (BackgroundPipelineCreator.java:createPipelines(236)) - Created new pipeline Pipeline[ Id: 2b7b4842-8920-402c-93ba-e7adb79780db, Nodes: 538779f6-f80f-4bc7-8424-1a47a535146d(localhost/127.0.0.1), ReplicationConfig: RATIS/ONE, State:ALLOCATED, leaderId:, CreationTimestamp2024-05-22T11:32:13.755490541Z[Etc/UTC]]
2024-05-22 11:32:13,842 [IPC Server handler 1 on default port 15064] INFO  net.NetworkTopologyImpl (NetworkTopologyImpl.java:add(134)) - Added a new node: /default-rack/02a0afdf-1bea-47f6-ae97-5b8161c986a7
2024-05-22 11:32:13,842 [IPC Server handler 1 on default port 15064] INFO  node.SCMNodeManager (SCMNodeManager.java:register(421)) - Registered datanode: 02a0afdf-1bea-47f6-ae97-5b8161c986a7{ip: 127.0.0.1, host: localhost, ports: [HTTP=15080, CLIENT_RPC=15081, REPLICATION=15087, RATIS=15083, RATIS_ADMIN=15084, RATIS_SERVER=15085, RATIS_DATASTREAM=15086, STANDALONE=15082], networkLocation: /default-rack, certSerialId: null, persistedOpState: null, persistedOpStateExpiryEpochSec: 0}
2024-05-22 11:32:13,842 [EventQueue-NodeRegistrationContainerReportForDataNodeSafeModeRule] INFO  safemode.SCMSafeModeManager (DataNodeSafeModeRule.java:process(71)) - SCM in safe mode. 2 DataNodes registered, 3 required.
2024-05-22 11:32:13,842 [EventQueue-NewNodeForNewNodeHandler] INFO  pipeline.BackgroundPipelineCreator (BackgroundPipelineCreator.java:notifyEventTriggered(280)) - trigger a one-shot run on RatisPipelineUtilsThread.
2024-05-22 11:32:13,843 [RatisPipelineUtilsThread-0] INFO  pipeline.RatisPipelineProvider (RatisPipelineProvider.java:lambda$create$0(205)) - Sending CreatePipelineCommand for pipeline:PipelineID=a02160c5-13de-4f1f-9837-4540a0f0f71c to datanode:02a0afdf-1bea-47f6-ae97-5b8161c986a7
2024-05-22 11:32:13,843 [RatisPipelineUtilsThread-0] INFO  pipeline.BackgroundPipelineCreator (BackgroundPipelineCreator.java:createPipelines(236)) - Created new pipeline Pipeline[ Id: a02160c5-13de-4f1f-9837-4540a0f0f71c, Nodes: 02a0afdf-1bea-47f6-ae97-5b8161c986a7(localhost/127.0.0.1), ReplicationConfig: RATIS/ONE, State:ALLOCATED, leaderId:, CreationTimestamp2024-05-22T11:32:13.843081214Z[Etc/UTC]]
2024-05-22 11:32:13,904 [IPC Server handler 2 on default port 15064] INFO  net.NetworkTopologyImpl (NetworkTopologyImpl.java:add(134)) - Added a new node: /default-rack/ae2fb675-4ad2-4742-b745-16c1dba3b70f
2024-05-22 11:32:13,904 [IPC Server handler 2 on default port 15064] INFO  node.SCMNodeManager (SCMNodeManager.java:register(421)) - Registered datanode: ae2fb675-4ad2-4742-b745-16c1dba3b70f{ip: 127.0.0.1, host: localhost, ports: [HTTP=15089, CLIENT_RPC=15090, REPLICATION=15096, RATIS=15092, RATIS_ADMIN=15093, RATIS_SERVER=15094, RATIS_DATASTREAM=15095, STANDALONE=15091], networkLocation: /default-rack, certSerialId: null, persistedOpState: null, persistedOpStateExpiryEpochSec: 0}
2024-05-22 11:32:13,904 [EventQueue-NodeRegistrationContainerReportForDataNodeSafeModeRule] INFO  safemode.SCMSafeModeManager (DataNodeSafeModeRule.java:process(71)) - SCM in safe mode. 3 DataNodes registered, 3 required.
2024-05-22 11:32:13,904 [EventQueue-NodeRegistrationContainerReportForDataNodeSafeModeRule] INFO  safemode.SCMSafeModeManager (SCMSafeModeManager.java:validateSafeModeExitRules(203)) - DataNodeSafeModeRule rule is successfully validated
2024-05-22 11:32:13,905 [EventQueue-NodeRegistrationContainerReportForDataNodeSafeModeRule] INFO  safemode.SCMSafeModeManager (SCMSafeModeManager.java:completePreCheck(232)) - All SCM safe mode pre check rules have passed
2024-05-22 11:32:13,905 [EventQueue-NodeRegistrationContainerReportForDataNodeSafeModeRule] INFO  ha.SCMContext (SCMContext.java:updateSafeModeStatus(225)) - Update SafeModeStatus from SafeModeStatus{safeModeStatus=true, preCheckPassed=false} to SafeModeStatus{safeModeStatus=true, preCheckPassed=true}.
2024-05-22 11:32:13,904 [main] INFO  ozone.MiniOzoneClusterImpl (MiniOzoneClusterImpl.java:lambda$waitForClusterToBeReady$0(194)) - Nodes are ready. Got 3 of 3 DN Heartbeats.
2024-05-22 11:32:13,905 [main] INFO  ozone.MiniOzoneClusterImpl (MiniOzoneClusterImpl.java:lambda$waitForClusterToBeReady$0(197)) - Waiting for cluster to exit safe mode
2024-05-22 11:32:13,905 [main] INFO  ozone.MiniOzoneClusterImpl (MiniOzoneClusterImpl.java:lambda$waitForClusterToBeReady$0(199)) - SCM became leader
2024-05-22 11:32:13,905 [EventQueue-NewNodeForNewNodeHandler] INFO  pipeline.BackgroundPipelineCreator (BackgroundPipelineCreator.java:notifyEventTriggered(280)) - trigger a one-shot run on RatisPipelineUtilsThread.
2024-05-22 11:32:13,905 [EventQueue-NodeRegistrationContainerReportForDataNodeSafeModeRule] INFO  pipeline.BackgroundPipelineCreator (BackgroundPipelineCreator.java:notifyEventTriggered(280)) - trigger a one-shot run on RatisPipelineUtilsThread.
2024-05-22 11:32:13,906 [RatisPipelineUtilsThread-0] INFO  pipeline.RatisPipelineProvider (RatisPipelineProvider.java:lambda$create$0(205)) - Sending CreatePipelineCommand for pipeline:PipelineID=c5d189d2-33a6-478c-8a46-58827d620a90 to datanode:ae2fb675-4ad2-4742-b745-16c1dba3b70f
2024-05-22 11:32:13,906 [RatisPipelineUtilsThread-0] INFO  pipeline.BackgroundPipelineCreator (BackgroundPipelineCreator.java:createPipelines(236)) - Created new pipeline Pipeline[ Id: c5d189d2-33a6-478c-8a46-58827d620a90, Nodes: ae2fb675-4ad2-4742-b745-16c1dba3b70f(localhost/127.0.0.1), ReplicationConfig: RATIS/ONE, State:ALLOCATED, leaderId:, CreationTimestamp2024-05-22T11:32:13.906175705Z[Etc/UTC]]
2024-05-22 11:32:13,907 [RatisPipelineUtilsThread-0] INFO  pipeline.RatisPipelineProvider (RatisPipelineProvider.java:lambda$create$0(205)) - Sending CreatePipelineCommand for pipeline:PipelineID=96889823-d642-4618-bd52-f0b03fd0ad5d to datanode:ae2fb675-4ad2-4742-b745-16c1dba3b70f
2024-05-22 11:32:13,907 [RatisPipelineUtilsThread-0] INFO  pipeline.RatisPipelineProvider (RatisPipelineProvider.java:lambda$create$0(205)) - Sending CreatePipelineCommand for pipeline:PipelineID=96889823-d642-4618-bd52-f0b03fd0ad5d to datanode:538779f6-f80f-4bc7-8424-1a47a535146d
2024-05-22 11:32:13,907 [RatisPipelineUtilsThread-0] INFO  pipeline.RatisPipelineProvider (RatisPipelineProvider.java:lambda$create$0(205)) - Sending CreatePipelineCommand for pipeline:PipelineID=96889823-d642-4618-bd52-f0b03fd0ad5d to datanode:02a0afdf-1bea-47f6-ae97-5b8161c986a7
2024-05-22 11:32:13,908 [RatisPipelineUtilsThread-0] INFO  pipeline.BackgroundPipelineCreator (BackgroundPipelineCreator.java:createPipelines(236)) - Created new pipeline Pipeline[ Id: 96889823-d642-4618-bd52-f0b03fd0ad5d, Nodes: ae2fb675-4ad2-4742-b745-16c1dba3b70f(localhost/127.0.0.1)538779f6-f80f-4bc7-8424-1a47a535146d(localhost/127.0.0.1)02a0afdf-1bea-47f6-ae97-5b8161c986a7(localhost/127.0.0.1), ReplicationConfig: RATIS/THREE, State:ALLOCATED, leaderId:, CreationTimestamp2024-05-22T11:32:13.907296403Z[Etc/UTC]]
2024-05-22 11:32:13,909 [RatisPipelineUtilsThread-0] INFO  pipeline.RatisPipelineProvider (RatisPipelineProvider.java:lambda$create$0(205)) - Sending CreatePipelineCommand for pipeline:PipelineID=5c335dc4-ee6b-41c8-9f32-5008f0a1828c to datanode:02a0afdf-1bea-47f6-ae97-5b8161c986a7
2024-05-22 11:32:13,909 [RatisPipelineUtilsThread-0] INFO  pipeline.RatisPipelineProvider (RatisPipelineProvider.java:lambda$create$0(205)) - Sending CreatePipelineCommand for pipeline:PipelineID=5c335dc4-ee6b-41c8-9f32-5008f0a1828c to datanode:ae2fb675-4ad2-4742-b745-16c1dba3b70f
2024-05-22 11:32:13,909 [RatisPipelineUtilsThread-0] INFO  pipeline.RatisPipelineProvider (RatisPipelineProvider.java:lambda$create$0(205)) - Sending CreatePipelineCommand for pipeline:PipelineID=5c335dc4-ee6b-41c8-9f32-5008f0a1828c to datanode:538779f6-f80f-4bc7-8424-1a47a535146d
2024-05-22 11:32:13,910 [RatisPipelineUtilsThread-0] INFO  pipeline.PipelineManagerImpl (PipelineManagerImpl.java:recordMetricsForPipeline(916)) - Pipeline: PipelineID=5c335dc4-ee6b-41c8-9f32-5008f0a1828c contains same datanodes as previous pipelines: PipelineID=96889823-d642-4618-bd52-f0b03fd0ad5d nodeIds: 02a0afdf-1bea-47f6-ae97-5b8161c986a7, ae2fb675-4ad2-4742-b745-16c1dba3b70f, 538779f6-f80f-4bc7-8424-1a47a535146d
2024-05-22 11:32:13,910 [RatisPipelineUtilsThread-0] INFO  pipeline.BackgroundPipelineCreator (BackgroundPipelineCreator.java:createPipelines(236)) - Created new pipeline Pipeline[ Id: 5c335dc4-ee6b-41c8-9f32-5008f0a1828c, Nodes: 02a0afdf-1bea-47f6-ae97-5b8161c986a7(localhost/127.0.0.1)ae2fb675-4ad2-4742-b745-16c1dba3b70f(localhost/127.0.0.1)538779f6-f80f-4bc7-8424-1a47a535146d(localhost/127.0.0.1), ReplicationConfig: RATIS/THREE, State:ALLOCATED, leaderId:, CreationTimestamp2024-05-22T11:32:13.909068273Z[Etc/UTC]]
2024-05-22 11:32:14,905 [main] INFO  ozone.MiniOzoneClusterImpl (MiniOzoneClusterImpl.java:lambda$waitForClusterToBeReady$0(194)) - Nodes are ready. Got 3 of 3 DN Heartbeats.
2024-05-22 11:32:14,905 [main] INFO  ozone.MiniOzoneClusterImpl (MiniOzoneClusterImpl.java:lambda$waitForClusterToBeReady$0(197)) - Waiting for cluster to exit safe mode
2024-05-22 11:32:14,906 [main] INFO  ozone.MiniOzoneClusterImpl (MiniOzoneClusterImpl.java:lambda$waitForClusterToBeReady$0(199)) - SCM became leader
2024-05-22 11:32:15,906 [main] INFO  ozone.MiniOzoneClusterImpl (MiniOzoneClusterImpl.java:lambda$waitForClusterToBeReady$0(194)) - Nodes are ready. Got 3 of 3 DN Heartbeats.
2024-05-22 11:32:15,906 [main] INFO  ozone.MiniOzoneClusterImpl (MiniOzoneClusterImpl.java:lambda$waitForClusterToBeReady$0(197)) - Waiting for cluster to exit safe mode
2024-05-22 11:32:15,906 [main] INFO  ozone.MiniOzoneClusterImpl (MiniOzoneClusterImpl.java:lambda$waitForClusterToBeReady$0(199)) - SCM became leader
2024-05-22 11:32:16,753 [538779f6-f80f-4bc7-8424-1a47a535146d-PipelineCommandHandlerThread-0] INFO  server.RaftServer (RaftServerProxy.java:addNew(100)) - 538779f6-f80f-4bc7-8424-1a47a535146d: addNew group-E7ADB79780DB:[538779f6-f80f-4bc7-8424-1a47a535146d|127.0.0.1:15076] returns group-E7ADB79780DB:java.util.concurrent.CompletableFuture@57866458[Not completed]
2024-05-22 11:32:16,754 [538779f6-f80f-4bc7-8424-1a47a535146d-groupManagement] INFO  server.RaftServer$Division (RaftServerImpl.java:<init>(256)) - 538779f6-f80f-4bc7-8424-1a47a535146d: new RaftServerImpl for group-E7ADB79780DB:[538779f6-f80f-4bc7-8424-1a47a535146d|127.0.0.1:15076] with ContainerStateMachine:uninitialized
2024-05-22 11:32:16,754 [538779f6-f80f-4bc7-8424-1a47a535146d-groupManagement] INFO  server.RaftServerConfigKeys (ConfUtils.java:logGet(46)) - raft.server.rpc.timeout.min = 5s (custom)
2024-05-22 11:32:16,754 [538779f6-f80f-4bc7-8424-1a47a535146d-groupManagement] INFO  server.RaftServerConfigKeys (ConfUtils.java:logGet(46)) - raft.server.rpc.timeout.max = 5200ms (custom)
2024-05-22 11:32:16,754 [538779f6-f80f-4bc7-8424-1a47a535146d-groupManagement] INFO  server.RaftServerConfigKeys (ConfUtils.java:logGet(46)) - raft.server.rpc.sleep.time = 25ms (default)
2024-05-22 11:32:16,754 [538779f6-f80f-4bc7-8424-1a47a535146d-groupManagement] INFO  server.RaftServerConfigKeys (ConfUtils.java:logGet(46)) - raft.server.rpc.slowness.timeout = 300s (custom)
2024-05-22 11:32:16,754 [538779f6-f80f-4bc7-8424-1a47a535146d-groupManagement] INFO  server.RaftServerConfigKeys (ConfUtils.java:logGet(46)) - raft.server.leaderelection.leader.step-down.wait-time = 10s (default)
2024-05-22 11:32:16,755 [538779f6-f80f-4bc7-8424-1a47a535146d-groupManagement] INFO  server.RaftServerConfigKeys (ConfUtils.java:logGet(46)) - raft.server.leaderelection.member.majority-add = false (default)
2024-05-22 11:32:16,755 [538779f6-f80f-4bc7-8424-1a47a535146d-groupManagement] INFO  server.RaftServerConfigKeys (ConfUtils.java:logGet(46)) - raft.server.sleep.deviation.threshold = 300ms (default)
2024-05-22 11:32:16,755 [538779f6-f80f-4bc7-8424-1a47a535146d-groupManagement] INFO  server.RaftServer$Division (ServerState.java:<init>(113)) - 538779f6-f80f-4bc7-8424-1a47a535146d@group-E7ADB79780DB: ConfigurationManager, init=-1: peers:[538779f6-f80f-4bc7-8424-1a47a535146d|127.0.0.1:15076]|listeners:[], old=null, confs=<EMPTY_MAP>
2024-05-22 11:32:16,755 [538779f6-f80f-4bc7-8424-1a47a535146d-groupManagement] INFO  server.RaftServerConfigKeys (ConfUtils.java:logGet(46)) - raft.server.notification.no-leader.timeout = 300s (custom)
2024-05-22 11:32:16,755 [538779f6-f80f-4bc7-8424-1a47a535146d-groupManagement] INFO  server.RaftServerConfigKeys (ConfUtils.java:logGet(46)) - raft.server.read.timeout = 10s (default)
2024-05-22 11:32:16,755 [538779f6-f80f-4bc7-8424-1a47a535146d-groupManagement] INFO  server.RaftServerConfigKeys (ConfUtils.java:logGet(46)) - raft.server.retrycache.expirytime = 600000ms (custom)
2024-05-22 11:32:16,755 [538779f6-f80f-4bc7-8424-1a47a535146d-groupManagement] INFO  server.RaftServerConfigKeys (ConfUtils.java:logGet(46)) - raft.server.retrycache.statistics.expirytime = 100ms (default)
2024-05-22 11:32:16,755 [538779f6-f80f-4bc7-8424-1a47a535146d-groupManagement] INFO  server.RaftServerConfigKeys (ConfUtils.java:logGet(46)) - raft.server.read.option = DEFAULT (default)
2024-05-22 11:32:16,755 [538779f6-f80f-4bc7-8424-1a47a535146d-groupManagement] INFO  server.RaftServerConfigKeys (ConfUtils.java:logGet(46)) - raft.server.read.read-after-write-consistent.write-index-cache.expiry-time = 60s (default)
2024-05-22 11:32:16,756 [538779f6-f80f-4bc7-8424-1a47a535146d-groupManagement] INFO  server.RaftServerConfigKeys (ConfUtils.java:logGet(46)) - raft.server.rpc.request.timeout = 60s (custom)
2024-05-22 11:32:16,756 [538779f6-f80f-4bc7-8424-1a47a535146d-groupManagement] INFO  server.RaftServerConfigKeys (ConfUtils.java:logGet(46)) - raft.server.log.appender.install.snapshot.enabled = false (custom)
2024-05-22 11:32:16,756 [538779f6-f80f-4bc7-8424-1a47a535146d-groupManagement] INFO  server.RaftServerConfigKeys (ConfUtils.java:logGet(46)) - raft.server.threadpool.server.cached = true (default)
2024-05-22 11:32:16,757 [538779f6-f80f-4bc7-8424-1a47a535146d-groupManagement] INFO  server.RaftServerConfigKeys (ConfUtils.java:logGet(46)) - raft.server.threadpool.server.size = 0 (default)
2024-05-22 11:32:16,757 [538779f6-f80f-4bc7-8424-1a47a535146d-groupManagement] INFO  server.RaftServerConfigKeys (ConfUtils.java:logGet(46)) - raft.server.threadpool.client.cached = true (default)
2024-05-22 11:32:16,757 [538779f6-f80f-4bc7-8424-1a47a535146d-groupManagement] INFO  server.RaftServerConfigKeys (ConfUtils.java:logGet(46)) - raft.server.threadpool.client.size = 0 (default)
2024-05-22 11:32:16,757 [538779f6-f80f-4bc7-8424-1a47a535146d-groupManagement] INFO  server.RaftServerConfigKeys (ConfUtils.java:logGet(46)) - raft.server.storage.free-space.min = 0MB (=0) (default)
2024-05-22 11:32:16,757 [538779f6-f80f-4bc7-8424-1a47a535146d-groupManagement] INFO  server.RaftServerConfigKeys (ConfUtils.java:logGet(46)) - raft.server.log.corruption.policy = EXCEPTION (default)
2024-05-22 11:32:16,757 [538779f6-f80f-4bc7-8424-1a47a535146d-groupManagement] INFO  server.RaftServerConfigKeys (ConfUtils.java:logGet(46)) - raft.server.storage.dir = [/home/runner/work/ozone/ozone/hadoop-ozone/integration-test/target/test-dir/MiniOzoneClusterImpl-20f17314-7331-4214-8d7b-3220b0ea8e97/ozone-meta/datanode-1/ratis] (custom)
2024-05-22 11:32:16,757 [538779f6-f80f-4bc7-8424-1a47a535146d-groupManagement] INFO  storage.RaftStorageDirectory (RaftStorageDirectoryImpl.java:analyzeStorage(138)) - The storage directory /home/runner/work/ozone/ozone/hadoop-ozone/integration-test/target/test-dir/MiniOzoneClusterImpl-20f17314-7331-4214-8d7b-3220b0ea8e97/ozone-meta/datanode-1/ratis/2b7b4842-8920-402c-93ba-e7adb79780db does not exist. Creating ...
2024-05-22 11:32:16,758 [538779f6-f80f-4bc7-8424-1a47a535146d-groupManagement] INFO  storage.RaftStorageDirectory (RaftStorageDirectoryImpl.java:tryLock(228)) - Lock on /home/runner/work/ozone/ozone/hadoop-ozone/integration-test/target/test-dir/MiniOzoneClusterImpl-20f17314-7331-4214-8d7b-3220b0ea8e97/ozone-meta/datanode-1/ratis/2b7b4842-8920-402c-93ba-e7adb79780db/in_use.lock acquired by nodename 93779@fv-az572-394
2024-05-22 11:32:16,759 [538779f6-f80f-4bc7-8424-1a47a535146d-groupManagement] INFO  storage.RaftStorage (RaftStorageImpl.java:format(99)) - Storage directory /home/runner/work/ozone/ozone/hadoop-ozone/integration-test/target/test-dir/MiniOzoneClusterImpl-20f17314-7331-4214-8d7b-3220b0ea8e97/ozone-meta/datanode-1/ratis/2b7b4842-8920-402c-93ba-e7adb79780db has been successfully formatted.
2024-05-22 11:32:16,759 [538779f6-f80f-4bc7-8424-1a47a535146d-groupManagement] WARN  util.FileUtils (LogUtils.java:supplyAndLog(63)) - Failed to Files.newInputStream /home/runner/work/ozone/ozone/hadoop-ozone/integration-test/target/test-dir/MiniOzoneClusterImpl-20f17314-7331-4214-8d7b-3220b0ea8e97/ozone-meta/datanode-1/ratis/2b7b4842-8920-402c-93ba-e7adb79780db/current/raft-meta.conf with options []: java.nio.file.NoSuchFileException: /home/runner/work/ozone/ozone/hadoop-ozone/integration-test/target/test-dir/MiniOzoneClusterImpl-20f17314-7331-4214-8d7b-3220b0ea8e97/ozone-meta/datanode-1/ratis/2b7b4842-8920-402c-93ba-e7adb79780db/current/raft-meta.conf
2024-05-22 11:32:16,760 [538779f6-f80f-4bc7-8424-1a47a535146d-groupManagement] INFO  ratis.ContainerStateMachine (ContainerStateMachine.java:loadSnapshot(287)) - group-E7ADB79780DB: The snapshot info is null. Setting the last applied index to:(t:0, i:~)
2024-05-22 11:32:16,760 [538779f6-f80f-4bc7-8424-1a47a535146d-groupManagement] INFO  server.RaftServerConfigKeys (ConfUtils.java:logGet(46)) - raft.server.log.use.memory = false (default)
2024-05-22 11:32:16,760 [538779f6-f80f-4bc7-8424-1a47a535146d-groupManagement] INFO  server.RaftServerConfigKeys (ConfUtils.java:logGet(46)) - raft.server.log.purge.gap = 1000000 (custom)
2024-05-22 11:32:16,760 [538779f6-f80f-4bc7-8424-1a47a535146d-groupManagement] INFO  server.RaftServerConfigKeys (ConfUtils.java:logGet(46)) - raft.server.log.appender.buffer.byte-limit = 8388608 (custom)
2024-05-22 11:32:16,760 [538779f6-f80f-4bc7-8424-1a47a535146d-groupManagement] INFO  server.RaftServerConfigKeys (ConfUtils.java:logGet(46)) - raft.server.log.statemachine.data.read.timeout = 1000ms (default)
2024-05-22 11:32:16,760 [538779f6-f80f-4bc7-8424-1a47a535146d-groupManagement] INFO  server.RaftServerConfigKeys (ConfUtils.java:logGet(46)) - raft.server.log.purge.preservation.log.num = 0 (default)
2024-05-22 11:32:16,761 [538779f6-f80f-4bc7-8424-1a47a535146d-groupManagement] INFO  server.RaftServerConfigKeys (ConfUtils.java:logGet(46)) - raft.server.log.segment.size.max = 67108864 (custom)
2024-05-22 11:32:16,761 [538779f6-f80f-4bc7-8424-1a47a535146d-groupManagement] INFO  server.RaftServerConfigKeys (ConfUtils.java:logGet(46)) - raft.server.log.segment.cache.num.max = 2 (custom)
2024-05-22 11:32:16,761 [538779f6-f80f-4bc7-8424-1a47a535146d-groupManagement] INFO  server.RaftServerConfigKeys (ConfUtils.java:logGet(46)) - raft.server.log.segment.cache.size.max = 200MB (=209715200) (default)
2024-05-22 11:32:16,761 [538779f6-f80f-4bc7-8424-1a47a535146d-groupManagement] INFO  server.RaftServerConfigKeys (ConfUtils.java:logGet(46)) - raft.server.log.appender.buffer.byte-limit = 8388608 (custom)
2024-05-22 11:32:16,762 [538779f6-f80f-4bc7-8424-1a47a535146d-groupManagement] INFO  util.AwaitToRun (AwaitToRun.java:start(81)) - Thread[538779f6-f80f-4bc7-8424-1a47a535146d@group-E7ADB79780DB-cacheEviction-AwaitToRun,5,main] started
2024-05-22 11:32:16,762 [538779f6-f80f-4bc7-8424-1a47a535146d-groupManagement] INFO  segmented.SegmentedRaftLogWorker (SegmentedRaftLogWorker.java:<init>(182)) - new 538779f6-f80f-4bc7-8424-1a47a535146d@group-E7ADB79780DB-SegmentedRaftLogWorker for RaftStorageImpl:Storage Directory /home/runner/work/ozone/ozone/hadoop-ozone/integration-test/target/test-dir/MiniOzoneClusterImpl-20f17314-7331-4214-8d7b-3220b0ea8e97/ozone-meta/datanode-1/ratis/2b7b4842-8920-402c-93ba-e7adb79780db
2024-05-22 11:32:16,762 [538779f6-f80f-4bc7-8424-1a47a535146d-groupManagement] INFO  server.RaftServerConfigKeys (ConfUtils.java:logGet(46)) - raft.server.log.queue.byte-limit = 4294967296 (custom)
2024-05-22 11:32:16,762 [538779f6-f80f-4bc7-8424-1a47a535146d-groupManagement] INFO  server.RaftServerConfigKeys (ConfUtils.java:logGet(46)) - raft.server.log.queue.element-limit = 1024 (custom)
2024-05-22 11:32:16,762 [538779f6-f80f-4bc7-8424-1a47a535146d-groupManagement] INFO  server.RaftServerConfigKeys (ConfUtils.java:logGet(46)) - raft.server.log.segment.size.max = 67108864 (custom)
2024-05-22 11:32:16,762 [538779f6-f80f-4bc7-8424-1a47a535146d-groupManagement] INFO  server.RaftServerConfigKeys (ConfUtils.java:logGet(46)) - raft.server.log.preallocated.size = 4194304 (custom)
2024-05-22 11:32:16,762 [538779f6-f80f-4bc7-8424-1a47a535146d-groupManagement] INFO  server.RaftServerConfigKeys (ConfUtils.java:logGet(46)) - raft.server.log.force.sync.num = 128 (default)
2024-05-22 11:32:16,762 [538779f6-f80f-4bc7-8424-1a47a535146d-groupManagement] INFO  server.RaftServerConfigKeys (ConfUtils.java:logGet(46)) - raft.server.log.statemachine.data.sync = true (default)
2024-05-22 11:32:16,762 [538779f6-f80f-4bc7-8424-1a47a535146d-groupManagement] INFO  server.RaftServerConfigKeys (ConfUtils.java:logGet(46)) - raft.server.log.statemachine.data.sync.timeout = 10s (default)
2024-05-22 11:32:16,762 [538779f6-f80f-4bc7-8424-1a47a535146d-groupManagement] INFO  server.RaftServerConfigKeys (ConfUtils.java:logGet(46)) - raft.server.log.statemachine.data.sync.timeout.retry = 30 (custom)
2024-05-22 11:32:16,762 [538779f6-f80f-4bc7-8424-1a47a535146d-groupManagement] INFO  server.RaftServerConfigKeys (ConfUtils.java:logGet(46)) - raft.server.log.write.buffer.size = 8388616 (custom)
2024-05-22 11:32:16,763 [EventQueue-PipelineReportForPipelineReportHandler] INFO  pipeline.PipelineReportHandler (PipelineReportHandler.java:processPipelineReport(136)) - Opened pipeline PipelineID=2b7b4842-8920-402c-93ba-e7adb79780db
2024-05-22 11:32:16,764 [EventQueue-OpenPipelineForHealthyPipelineSafeModeRule] INFO  safemode.SCMSafeModeManager (HealthyPipelineSafeModeRule.java:process(140)) - SCM in safe mode. Healthy pipelines reported count is 0, required healthy pipeline reported count is 1
2024-05-22 11:32:16,764 [538779f6-f80f-4bc7-8424-1a47a535146d-groupManagement] INFO  server.RaftServerConfigKeys (ConfUtils.java:logGet(46)) - raft.server.log.appender.buffer.byte-limit = 8388608 (custom)
2024-05-22 11:32:16,764 [538779f6-f80f-4bc7-8424-1a47a535146d-groupManagement] INFO  server.RaftServerConfigKeys (ConfUtils.java:logGet(46)) - raft.server.log.unsafe-flush.enabled = false (default)
2024-05-22 11:32:16,764 [538779f6-f80f-4bc7-8424-1a47a535146d-groupManagement] INFO  server.RaftServerConfigKeys (ConfUtils.java:logGet(46)) - raft.server.log.async-flush.enabled = false (default)
2024-05-22 11:32:16,764 [538779f6-f80f-4bc7-8424-1a47a535146d-groupManagement] INFO  server.RaftServerConfigKeys (ConfUtils.java:logGet(46)) - raft.server.log.statemachine.data.caching.enabled = true (custom)
2024-05-22 11:32:16,764 [538779f6-f80f-4bc7-8424-1a47a535146d-groupManagement] INFO  segmented.SegmentedRaftLogWorker (SegmentedRaftLogWorker.java:lambda$new$0(134)) - 538779f6-f80f-4bc7-8424-1a47a535146d@group-E7ADB79780DB-SegmentedRaftLogWorker: flushIndex: setUnconditionally 0 -> -1
2024-05-22 11:32:16,764 [538779f6-f80f-4bc7-8424-1a47a535146d-groupManagement] INFO  segmented.SegmentedRaftLogWorker (SegmentedRaftLogWorker.java:lambda$new$0(134)) - 538779f6-f80f-4bc7-8424-1a47a535146d@group-E7ADB79780DB-SegmentedRaftLogWorker: safeCacheEvictIndex: setUnconditionally 0 -> -1
2024-05-22 11:32:16,765 [538779f6-f80f-4bc7-8424-1a47a535146d-groupManagement] INFO  server.RaftServer$Division (RaftServerImpl.java:start(396)) - 538779f6-f80f-4bc7-8424-1a47a535146d@group-E7ADB79780DB: start as a follower, conf=-1: peers:[538779f6-f80f-4bc7-8424-1a47a535146d|127.0.0.1:15076]|listeners:[], old=null
2024-05-22 11:32:16,765 [538779f6-f80f-4bc7-8424-1a47a535146d-groupManagement] INFO  server.RaftServer$Division (RaftServerImpl.java:setRole(383)) - 538779f6-f80f-4bc7-8424-1a47a535146d@group-E7ADB79780DB: changes role from      null to FOLLOWER at term 0 for startAsFollower
2024-05-22 11:32:16,765 [538779f6-f80f-4bc7-8424-1a47a535146d-groupManagement] INFO  impl.RoleInfo (RoleInfo.java:updateAndGet(139)) - 538779f6-f80f-4bc7-8424-1a47a535146d: start 538779f6-f80f-4bc7-8424-1a47a535146d@group-E7ADB79780DB-FollowerState
2024-05-22 11:32:16,766 [538779f6-f80f-4bc7-8424-1a47a535146d-groupManagement] INFO  util.JmxRegister (JmxRegister.java:tryRegister(44)) - Successfully registered JMX Bean with object name Ratis:service=RaftServer,group=group-E7ADB79780DB,id=538779f6-f80f-4bc7-8424-1a47a535146d
2024-05-22 11:32:16,766 [538779f6-f80f-4bc7-8424-1a47a535146d@group-E7ADB79780DB-FollowerState] INFO  server.RaftServerConfigKeys (ConfUtils.java:logFallback(53)) - raft.server.rpc.first-election.timeout.min = 5s (fallback to raft.server.rpc.timeout.min)
2024-05-22 11:32:16,766 [538779f6-f80f-4bc7-8424-1a47a535146d@group-E7ADB79780DB-FollowerState] INFO  server.RaftServerConfigKeys (ConfUtils.java:logFallback(53)) - raft.server.rpc.first-election.timeout.max = 5200ms (fallback to raft.server.rpc.timeout.max)
2024-05-22 11:32:16,766 [538779f6-f80f-4bc7-8424-1a47a535146d-groupManagement] INFO  server.RaftServerConfigKeys (ConfUtils.java:logGet(46)) - raft.server.snapshot.trigger-when-stop.enabled = true (default)
2024-05-22 11:32:16,766 [538779f6-f80f-4bc7-8424-1a47a535146d-groupManagement] INFO  server.RaftServerConfigKeys (ConfUtils.java:logGet(46)) - raft.server.snapshot.auto.trigger.enabled = true (custom)
2024-05-22 11:32:16,766 [538779f6-f80f-4bc7-8424-1a47a535146d-groupManagement] INFO  server.RaftServerConfigKeys (ConfUtils.java:logGet(46)) - raft.server.snapshot.auto.trigger.threshold = 10000 (custom)
2024-05-22 11:32:16,766 [538779f6-f80f-4bc7-8424-1a47a535146d-groupManagement] INFO  server.RaftServerConfigKeys (ConfUtils.java:logGet(46)) - raft.server.snapshot.retention.file.num = 5 (custom)
2024-05-22 11:32:16,766 [538779f6-f80f-4bc7-8424-1a47a535146d-groupManagement] INFO  server.RaftServerConfigKeys (ConfUtils.java:logGet(46)) - raft.server.log.purge.upto.snapshot.index = false (default)
2024-05-22 11:32:16,767 [538779f6-f80f-4bc7-8424-1a47a535146d-PipelineCommandHandlerThread-0] INFO  ratis.XceiverServerRatis (XceiverServerRatis.java:addGroup(864)) - Created group PipelineID=2b7b4842-8920-402c-93ba-e7adb79780db
2024-05-22 11:32:16,767 [538779f6-f80f-4bc7-8424-1a47a535146d-PipelineCommandHandlerThread-0] INFO  commandhandler.CreatePipelineCommandHandler (CreatePipelineCommandHandler.java:lambda$handle$2(124)) - Created Pipeline RATIS ONE PipelineID=2b7b4842-8920-402c-93ba-e7adb79780db.
2024-05-22 11:32:16,767 [538779f6-f80f-4bc7-8424-1a47a535146d-PipelineCommandHandlerThread-0] INFO  server.RaftServer (RaftServerProxy.java:addNew(100)) - 538779f6-f80f-4bc7-8424-1a47a535146d: addNew group-F0B03FD0AD5D:[02a0afdf-1bea-47f6-ae97-5b8161c986a7|127.0.0.1:15085, 538779f6-f80f-4bc7-8424-1a47a535146d|127.0.0.1:15076, ae2fb675-4ad2-4742-b745-16c1dba3b70f|127.0.0.1:15094] returns group-F0B03FD0AD5D:java.util.concurrent.CompletableFuture@53b9fa70[Not completed]
2024-05-22 11:32:16,768 [538779f6-f80f-4bc7-8424-1a47a535146d-groupManagement] INFO  server.RaftServer$Division (RaftServerImpl.java:<init>(256)) - 538779f6-f80f-4bc7-8424-1a47a535146d: new RaftServerImpl for group-F0B03FD0AD5D:[02a0afdf-1bea-47f6-ae97-5b8161c986a7|127.0.0.1:15085, 538779f6-f80f-4bc7-8424-1a47a535146d|127.0.0.1:15076, ae2fb675-4ad2-4742-b745-16c1dba3b70f|127.0.0.1:15094] with ContainerStateMachine:uninitialized
2024-05-22 11:32:16,768 [538779f6-f80f-4bc7-8424-1a47a535146d-groupManagement] INFO  server.RaftServerConfigKeys (ConfUtils.java:logGet(46)) - raft.server.rpc.timeout.min = 5s (custom)
2024-05-22 11:32:16,768 [538779f6-f80f-4bc7-8424-1a47a535146d-groupManagement] INFO  server.RaftServerConfigKeys (ConfUtils.java:logGet(46)) - raft.server.rpc.timeout.max = 5200ms (custom)
2024-05-22 11:32:16,768 [538779f6-f80f-4bc7-8424-1a47a535146d-groupManagement] INFO  server.RaftServerConfigKeys (ConfUtils.java:logGet(46)) - raft.server.rpc.sleep.time = 25ms (default)
2024-05-22 11:32:16,768 [538779f6-f80f-4bc7-8424-1a47a535146d-groupManagement] INFO  server.RaftServerConfigKeys (ConfUtils.java:logGet(46)) - raft.server.rpc.slowness.timeout = 300s (custom)
2024-05-22 11:32:16,768 [538779f6-f80f-4bc7-8424-1a47a535146d-groupManagement] INFO  server.RaftServerConfigKeys (ConfUtils.java:logGet(46)) - raft.server.leaderelection.leader.step-down.wait-time = 10s (default)
2024-05-22 11:32:16,768 [538779f6-f80f-4bc7-8424-1a47a535146d-groupManagement] INFO  server.RaftServerConfigKeys (ConfUtils.java:logGet(46)) - raft.server.leaderelection.member.majority-add = false (default)
2024-05-22 11:32:16,768 [538779f6-f80f-4bc7-8424-1a47a535146d-groupManagement] INFO  server.RaftServerConfigKeys (ConfUtils.java:logGet(46)) - raft.server.sleep.deviation.threshold = 300ms (default)
2024-05-22 11:32:16,769 [538779f6-f80f-4bc7-8424-1a47a535146d-groupManagement] INFO  server.RaftServer$Division (ServerState.java:<init>(113)) - 538779f6-f80f-4bc7-8424-1a47a535146d@group-F0B03FD0AD5D: ConfigurationManager, init=-1: peers:[02a0afdf-1bea-47f6-ae97-5b8161c986a7|127.0.0.1:15085, 538779f6-f80f-4bc7-8424-1a47a535146d|127.0.0.1:15076, ae2fb675-4ad2-4742-b745-16c1dba3b70f|127.0.0.1:15094]|listeners:[], old=null, confs=<EMPTY_MAP>
2024-05-22 11:32:16,769 [538779f6-f80f-4bc7-8424-1a47a535146d-groupManagement] INFO  server.RaftServerConfigKeys (ConfUtils.java:logGet(46)) - raft.server.notification.no-leader.timeout = 300s (custom)
2024-05-22 11:32:16,769 [538779f6-f80f-4bc7-8424-1a47a535146d-groupManagement] INFO  server.RaftServerConfigKeys (ConfUtils.java:logGet(46)) - raft.server.read.timeout = 10s (default)
2024-05-22 11:32:16,769 [538779f6-f80f-4bc7-8424-1a47a535146d-groupManagement] INFO  server.RaftServerConfigKeys (ConfUtils.java:logGet(46)) - raft.server.retrycache.expirytime = 600000ms (custom)
2024-05-22 11:32:16,769 [538779f6-f80f-4bc7-8424-1a47a535146d-groupManagement] INFO  server.RaftServerConfigKeys (ConfUtils.java:logGet(46)) - raft.server.retrycache.statistics.expirytime = 100ms (default)
2024-05-22 11:32:16,769 [538779f6-f80f-4bc7-8424-1a47a535146d-groupManagement] INFO  server.RaftServerConfigKeys (ConfUtils.java:logGet(46)) - raft.server.read.option = DEFAULT (default)
2024-05-22 11:32:16,769 [538779f6-f80f-4bc7-8424-1a47a535146d-groupManagement] INFO  server.RaftServerConfigKeys (ConfUtils.java:logGet(46)) - raft.server.read.read-after-write-consistent.write-index-cache.expiry-time = 60s (default)
2024-05-22 11:32:16,770 [538779f6-f80f-4bc7-8424-1a47a535146d-groupManagement] INFO  server.RaftServerConfigKeys (ConfUtils.java:logGet(46)) - raft.server.rpc.request.timeout = 60s (custom)
2024-05-22 11:32:16,770 [538779f6-f80f-4bc7-8424-1a47a535146d-groupManagement] INFO  server.RaftServerConfigKeys (ConfUtils.java:logGet(46)) - raft.server.log.appender.install.snapshot.enabled = false (custom)
2024-05-22 11:32:16,770 [538779f6-f80f-4bc7-8424-1a47a535146d-groupManagement] INFO  server.RaftServerConfigKeys (ConfUtils.java:logGet(46)) - raft.server.threadpool.server.cached = true (default)
2024-05-22 11:32:16,771 [538779f6-f80f-4bc7-8424-1a47a535146d-groupManagement] INFO  server.RaftServerConfigKeys (ConfUtils.java:logGet(46)) - raft.server.threadpool.server.size = 0 (default)
2024-05-22 11:32:16,771 [538779f6-f80f-4bc7-8424-1a47a535146d-groupManagement] INFO  server.RaftServerConfigKeys (ConfUtils.java:logGet(46)) - raft.server.threadpool.client.cached = true (default)
2024-05-22 11:32:16,771 [538779f6-f80f-4bc7-8424-1a47a535146d-groupManagement] INFO  server.RaftServerConfigKeys (ConfUtils.java:logGet(46)) - raft.server.threadpool.client.size = 0 (default)
2024-05-22 11:32:16,771 [538779f6-f80f-4bc7-8424-1a47a535146d-groupManagement] INFO  server.RaftServerConfigKeys (ConfUtils.java:logGet(46)) - raft.server.storage.free-space.min = 0MB (=0) (default)
2024-05-22 11:32:16,771 [538779f6-f80f-4bc7-8424-1a47a535146d-groupManagement] INFO  server.RaftServerConfigKeys (ConfUtils.java:logGet(46)) - raft.server.log.corruption.policy = EXCEPTION (default)
2024-05-22 11:32:16,771 [538779f6-f80f-4bc7-8424-1a47a535146d-groupManagement] INFO  server.RaftServerConfigKeys (ConfUtils.java:logGet(46)) - raft.server.storage.dir = [/home/runner/work/ozone/ozone/hadoop-ozone/integration-test/target/test-dir/MiniOzoneClusterImpl-20f17314-7331-4214-8d7b-3220b0ea8e97/ozone-meta/datanode-1/ratis] (custom)
2024-05-22 11:32:16,771 [538779f6-f80f-4bc7-8424-1a47a535146d-groupManagement] INFO  storage.RaftStorageDirectory (RaftStorageDirectoryImpl.java:analyzeStorage(138)) - The storage directory /home/runner/work/ozone/ozone/hadoop-ozone/integration-test/target/test-dir/MiniOzoneClusterImpl-20f17314-7331-4214-8d7b-3220b0ea8e97/ozone-meta/datanode-1/ratis/96889823-d642-4618-bd52-f0b03fd0ad5d does not exist. Creating ...
2024-05-22 11:32:16,772 [538779f6-f80f-4bc7-8424-1a47a535146d-groupManagement] INFO  storage.RaftStorageDirectory (RaftStorageDirectoryImpl.java:tryLock(228)) - Lock on /home/runner/work/ozone/ozone/hadoop-ozone/integration-test/target/test-dir/MiniOzoneClusterImpl-20f17314-7331-4214-8d7b-3220b0ea8e97/ozone-meta/datanode-1/ratis/96889823-d642-4618-bd52-f0b03fd0ad5d/in_use.lock acquired by nodename 93779@fv-az572-394
2024-05-22 11:32:16,773 [538779f6-f80f-4bc7-8424-1a47a535146d-groupManagement] INFO  storage.RaftStorage (RaftStorageImpl.java:format(99)) - Storage directory /home/runner/work/ozone/ozone/hadoop-ozone/integration-test/target/test-dir/MiniOzoneClusterImpl-20f17314-7331-4214-8d7b-3220b0ea8e97/ozone-meta/datanode-1/ratis/96889823-d642-4618-bd52-f0b03fd0ad5d has been successfully formatted.
2024-05-22 11:32:16,773 [538779f6-f80f-4bc7-8424-1a47a535146d-groupManagement] WARN  util.FileUtils (LogUtils.java:supplyAndLog(63)) - Failed to Files.newInputStream /home/runner/work/ozone/ozone/hadoop-ozone/integration-test/target/test-dir/MiniOzoneClusterImpl-20f17314-7331-4214-8d7b-3220b0ea8e97/ozone-meta/datanode-1/ratis/96889823-d642-4618-bd52-f0b03fd0ad5d/current/raft-meta.conf with options []: java.nio.file.NoSuchFileException: /home/runner/work/ozone/ozone/hadoop-ozone/integration-test/target/test-dir/MiniOzoneClusterImpl-20f17314-7331-4214-8d7b-3220b0ea8e97/ozone-meta/datanode-1/ratis/96889823-d642-4618-bd52-f0b03fd0ad5d/current/raft-meta.conf
2024-05-22 11:32:16,774 [538779f6-f80f-4bc7-8424-1a47a535146d-groupManagement] INFO  ratis.ContainerStateMachine (ContainerStateMachine.java:loadSnapshot(287)) - group-F0B03FD0AD5D: The snapshot info is null. Setting the last applied index to:(t:0, i:~)
2024-05-22 11:32:16,774 [538779f6-f80f-4bc7-8424-1a47a535146d-groupManagement] INFO  server.RaftServerConfigKeys (ConfUtils.java:logGet(46)) - raft.server.log.use.memory = false (default)
2024-05-22 11:32:16,774 [538779f6-f80f-4bc7-8424-1a47a535146d-groupManagement] INFO  server.RaftServerConfigKeys (ConfUtils.java:logGet(46)) - raft.server.log.purge.gap = 1000000 (custom)
2024-05-22 11:32:16,774 [538779f6-f80f-4bc7-8424-1a47a535146d-groupManagement] INFO  server.RaftServerConfigKeys (ConfUtils.java:logGet(46)) - raft.server.log.appender.buffer.byte-limit = 8388608 (custom)
2024-05-22 11:32:16,774 [538779f6-f80f-4bc7-8424-1a47a535146d-groupManagement] INFO  server.RaftServerConfigKeys (ConfUtils.java:logGet(46)) - raft.server.log.statemachine.data.read.timeout = 1000ms (default)
2024-05-22 11:32:16,774 [538779f6-f80f-4bc7-8424-1a47a535146d-groupManagement] INFO  server.RaftServerConfigKeys (ConfUtils.java:logGet(46)) - raft.server.log.purge.preservation.log.num = 0 (default)
2024-05-22 11:32:16,775 [538779f6-f80f-4bc7-8424-1a47a535146d-groupManagement] INFO  server.RaftServerConfigKeys (ConfUtils.java:logGet(46)) - raft.server.log.segment.size.max = 67108864 (custom)
2024-05-22 11:32:16,775 [538779f6-f80f-4bc7-8424-1a47a535146d-groupManagement] INFO  server.RaftServerConfigKeys (ConfUtils.java:logGet(46)) - raft.server.log.segment.cache.num.max = 2 (custom)
2024-05-22 11:32:16,775 [538779f6-f80f-4bc7-8424-1a47a535146d-groupManagement] INFO  server.RaftServerConfigKeys (ConfUtils.java:logGet(46)) - raft.server.log.segment.cache.size.max = 200MB (=209715200) (default)
2024-05-22 11:32:16,775 [EventQueue-OpenPipelineForHealthyPipelineSafeModeRule] INFO  safemode.SCMSafeModeManager (HealthyPipelineSafeModeRule.java:process(140)) - SCM in safe mode. Healthy pipelines reported count is 0, required healthy pipeline reported count is 1
2024-05-22 11:32:16,775 [538779f6-f80f-4bc7-8424-1a47a535146d-groupManagement] INFO  server.RaftServerConfigKeys (ConfUtils.java:logGet(46)) - raft.server.log.appender.buffer.byte-limit = 8388608 (custom)
2024-05-22 11:32:16,777 [538779f6-f80f-4bc7-8424-1a47a535146d-groupManagement] INFO  util.AwaitToRun (AwaitToRun.java:start(81)) - Thread[538779f6-f80f-4bc7-8424-1a47a535146d@group-F0B03FD0AD5D-cacheEviction-AwaitToRun,5,main] started
2024-05-22 11:32:16,777 [538779f6-f80f-4bc7-8424-1a47a535146d-groupManagement] INFO  segmented.SegmentedRaftLogWorker (SegmentedRaftLogWorker.java:<init>(182)) - new 538779f6-f80f-4bc7-8424-1a47a535146d@group-F0B03FD0AD5D-SegmentedRaftLogWorker for RaftStorageImpl:Storage Directory /home/runner/work/ozone/ozone/hadoop-ozone/integration-test/target/test-dir/MiniOzoneClusterImpl-20f17314-7331-4214-8d7b-3220b0ea8e97/ozone-meta/datanode-1/ratis/96889823-d642-4618-bd52-f0b03fd0ad5d
2024-05-22 11:32:16,777 [538779f6-f80f-4bc7-8424-1a47a535146d-groupManagement] INFO  server.RaftServerConfigKeys (ConfUtils.java:logGet(46)) - raft.server.log.queue.byte-limit = 4294967296 (custom)
2024-05-22 11:32:16,777 [538779f6-f80f-4bc7-8424-1a47a535146d-groupManagement] INFO  server.RaftServerConfigKeys (ConfUtils.java:logGet(46)) - raft.server.log.queue.element-limit = 1024 (custom)
2024-05-22 11:32:16,777 [538779f6-f80f-4bc7-8424-1a47a535146d-groupManagement] INFO  server.RaftServerConfigKeys (ConfUtils.java:logGet(46)) - raft.server.log.segment.size.max = 67108864 (custom)
2024-05-22 11:32:16,777 [538779f6-f80f-4bc7-8424-1a47a535146d-groupManagement] INFO  server.RaftServerConfigKeys (ConfUtils.java:logGet(46)) - raft.server.log.preallocated.size = 4194304 (custom)
2024-05-22 11:32:16,777 [538779f6-f80f-4bc7-8424-1a47a535146d-groupManagement] INFO  server.RaftServerConfigKeys (ConfUtils.java:logGet(46)) - raft.server.log.force.sync.num = 128 (default)
2024-05-22 11:32:16,777 [538779f6-f80f-4bc7-8424-1a47a535146d-groupManagement] INFO  server.RaftServerConfigKeys (ConfUtils.java:logGet(46)) - raft.server.log.statemachine.data.sync = true (default)
2024-05-22 11:32:16,777 [538779f6-f80f-4bc7-8424-1a47a535146d-groupManagement] INFO  server.RaftServerConfigKeys (ConfUtils.java:logGet(46)) - raft.server.log.statemachine.data.sync.timeout = 10s (default)
2024-05-22 11:32:16,777 [538779f6-f80f-4bc7-8424-1a47a535146d-groupManagement] INFO  server.RaftServerConfigKeys (ConfUtils.java:logGet(46)) - raft.server.log.statemachine.data.sync.timeout.retry = 30 (custom)
2024-05-22 11:32:16,777 [538779f6-f80f-4bc7-8424-1a47a535146d-groupManagement] INFO  server.RaftServerConfigKeys (ConfUtils.java:logGet(46)) - raft.server.log.write.buffer.size = 8388616 (custom)
2024-05-22 11:32:16,779 [538779f6-f80f-4bc7-8424-1a47a535146d-groupManagement] INFO  server.RaftServerConfigKeys (ConfUtils.java:logGet(46)) - raft.server.log.appender.buffer.byte-limit = 8388608 (custom)
2024-05-22 11:32:16,779 [538779f6-f80f-4bc7-8424-1a47a535146d-groupManagement] INFO  server.RaftServerConfigKeys (ConfUtils.java:logGet(46)) - raft.server.log.unsafe-flush.enabled = false (default)
2024-05-22 11:32:16,779 [538779f6-f80f-4bc7-8424-1a47a535146d-groupManagement] INFO  server.RaftServerConfigKeys (ConfUtils.java:logGet(46)) - raft.server.log.async-flush.enabled = false (default)
2024-05-22 11:32:16,779 [538779f6-f80f-4bc7-8424-1a47a535146d-groupManagement] INFO  server.RaftServerConfigKeys (ConfUtils.java:logGet(46)) - raft.server.log.statemachine.data.caching.enabled = true (custom)
2024-05-22 11:32:16,779 [538779f6-f80f-4bc7-8424-1a47a535146d-groupManagement] INFO  segmented.SegmentedRaftLogWorker (SegmentedRaftLogWorker.java:lambda$new$0(134)) - 538779f6-f80f-4bc7-8424-1a47a535146d@group-F0B03FD0AD5D-SegmentedRaftLogWorker: flushIndex: setUnconditionally 0 -> -1
2024-05-22 11:32:16,779 [538779f6-f80f-4bc7-8424-1a47a535146d-groupManagement] INFO  segmented.SegmentedRaftLogWorker (SegmentedRaftLogWorker.java:lambda$new$0(134)) - 538779f6-f80f-4bc7-8424-1a47a535146d@group-F0B03FD0AD5D-SegmentedRaftLogWorker: safeCacheEvictIndex: setUnconditionally 0 -> -1
2024-05-22 11:32:16,779 [538779f6-f80f-4bc7-8424-1a47a535146d-groupManagement] INFO  server.RaftServer$Division (RaftServerImpl.java:start(396)) - 538779f6-f80f-4bc7-8424-1a47a535146d@group-F0B03FD0AD5D: start as a follower, conf=-1: peers:[02a0afdf-1bea-47f6-ae97-5b8161c986a7|127.0.0.1:15085, 538779f6-f80f-4bc7-8424-1a47a535146d|127.0.0.1:15076, ae2fb675-4ad2-4742-b745-16c1dba3b70f|127.0.0.1:15094]|listeners:[], old=null
2024-05-22 11:32:16,779 [538779f6-f80f-4bc7-8424-1a47a535146d-groupManagement] INFO  server.RaftServer$Division (RaftServerImpl.java:setRole(383)) - 538779f6-f80f-4bc7-8424-1a47a535146d@group-F0B03FD0AD5D: changes role from      null to FOLLOWER at term 0 for startAsFollower
2024-05-22 11:32:16,779 [538779f6-f80f-4bc7-8424-1a47a535146d-groupManagement] INFO  impl.RoleInfo (RoleInfo.java:updateAndGet(139)) - 538779f6-f80f-4bc7-8424-1a47a535146d: start 538779f6-f80f-4bc7-8424-1a47a535146d@group-F0B03FD0AD5D-FollowerState
2024-05-22 11:32:16,779 [538779f6-f80f-4bc7-8424-1a47a535146d@group-F0B03FD0AD5D-FollowerState] INFO  server.RaftServerConfigKeys (ConfUtils.java:logFallback(53)) - raft.server.rpc.first-election.timeout.min = 5s (fallback to raft.server.rpc.timeout.min)
2024-05-22 11:32:16,779 [538779f6-f80f-4bc7-8424-1a47a535146d@group-F0B03FD0AD5D-FollowerState] INFO  server.RaftServerConfigKeys (ConfUtils.java:logFallback(53)) - raft.server.rpc.first-election.timeout.max = 5200ms (fallback to raft.server.rpc.timeout.max)
2024-05-22 11:32:16,779 [538779f6-f80f-4bc7-8424-1a47a535146d-groupManagement] INFO  util.JmxRegister (JmxRegister.java:tryRegister(44)) - Successfully registered JMX Bean with object name Ratis:service=RaftServer,group=group-F0B03FD0AD5D,id=538779f6-f80f-4bc7-8424-1a47a535146d
2024-05-22 11:32:16,780 [538779f6-f80f-4bc7-8424-1a47a535146d-groupManagement] INFO  server.RaftServerConfigKeys (ConfUtils.java:logGet(46)) - raft.server.snapshot.trigger-when-stop.enabled = true (default)
2024-05-22 11:32:16,780 [538779f6-f80f-4bc7-8424-1a47a535146d-groupManagement] INFO  server.RaftServerConfigKeys (ConfUtils.java:logGet(46)) - raft.server.snapshot.auto.trigger.enabled = true (custom)
2024-05-22 11:32:16,780 [538779f6-f80f-4bc7-8424-1a47a535146d-groupManagement] INFO  server.RaftServerConfigKeys (ConfUtils.java:logGet(46)) - raft.server.snapshot.auto.trigger.threshold = 10000 (custom)
2024-05-22 11:32:16,780 [538779f6-f80f-4bc7-8424-1a47a535146d-groupManagement] INFO  server.RaftServerConfigKeys (ConfUtils.java:logGet(46)) - raft.server.snapshot.retention.file.num = 5 (custom)
2024-05-22 11:32:16,780 [538779f6-f80f-4bc7-8424-1a47a535146d-groupManagement] INFO  server.RaftServerConfigKeys (ConfUtils.java:logGet(46)) - raft.server.log.purge.upto.snapshot.index = false (default)
2024-05-22 11:32:16,781 [538779f6-f80f-4bc7-8424-1a47a535146d-PipelineCommandHandlerThread-0] INFO  ratis.XceiverServerRatis (XceiverServerRatis.java:addGroup(864)) - Created group PipelineID=96889823-d642-4618-bd52-f0b03fd0ad5d
2024-05-22 11:32:16,787 [grpc-default-executor-0] INFO  server.RaftServer (RaftServerProxy.java:addNew(100)) - ae2fb675-4ad2-4742-b745-16c1dba3b70f: addNew group-F0B03FD0AD5D:[02a0afdf-1bea-47f6-ae97-5b8161c986a7|127.0.0.1:15085, 538779f6-f80f-4bc7-8424-1a47a535146d|127.0.0.1:15076, ae2fb675-4ad2-4742-b745-16c1dba3b70f|127.0.0.1:15094] returns group-F0B03FD0AD5D:java.util.concurrent.CompletableFuture@984b768[Not completed]
2024-05-22 11:32:16,788 [ae2fb675-4ad2-4742-b745-16c1dba3b70f-groupManagement] INFO  server.RaftServer$Division (RaftServerImpl.java:<init>(256)) - ae2fb675-4ad2-4742-b745-16c1dba3b70f: new RaftServerImpl for group-F0B03FD0AD5D:[02a0afdf-1bea-47f6-ae97-5b8161c986a7|127.0.0.1:15085, 538779f6-f80f-4bc7-8424-1a47a535146d|127.0.0.1:15076, ae2fb675-4ad2-4742-b745-16c1dba3b70f|127.0.0.1:15094] with ContainerStateMachine:uninitialized
2024-05-22 11:32:16,788 [ae2fb675-4ad2-4742-b745-16c1dba3b70f-groupManagement] INFO  server.RaftServerConfigKeys (ConfUtils.java:logGet(46)) - raft.server.rpc.timeout.min = 5s (custom)
2024-05-22 11:32:16,788 [ae2fb675-4ad2-4742-b745-16c1dba3b70f-groupManagement] INFO  server.RaftServerConfigKeys (ConfUtils.java:logGet(46)) - raft.server.rpc.timeout.max = 5200ms (custom)
2024-05-22 11:32:16,788 [ae2fb675-4ad2-4742-b745-16c1dba3b70f-groupManagement] INFO  server.RaftServerConfigKeys (ConfUtils.java:logGet(46)) - raft.server.rpc.sleep.time = 25ms (default)
2024-05-22 11:32:16,788 [ae2fb675-4ad2-4742-b745-16c1dba3b70f-groupManagement] INFO  server.RaftServerConfigKeys (ConfUtils.java:logGet(46)) - raft.server.rpc.slowness.timeout = 300s (custom)
2024-05-22 11:32:16,788 [ae2fb675-4ad2-4742-b745-16c1dba3b70f-groupManagement] INFO  server.RaftServerConfigKeys (ConfUtils.java:logGet(46)) - raft.server.leaderelection.leader.step-down.wait-time = 10s (default)
2024-05-22 11:32:16,788 [ae2fb675-4ad2-4742-b745-16c1dba3b70f-groupManagement] INFO  server.RaftServerConfigKeys (ConfUtils.java:logGet(46)) - raft.server.leaderelection.member.majority-add = false (default)
2024-05-22 11:32:16,788 [ae2fb675-4ad2-4742-b745-16c1dba3b70f-groupManagement] INFO  server.RaftServerConfigKeys (ConfUtils.java:logGet(46)) - raft.server.sleep.deviation.threshold = 300ms (default)
2024-05-22 11:32:16,789 [ae2fb675-4ad2-4742-b745-16c1dba3b70f-groupManagement] INFO  server.RaftServer$Division (ServerState.java:<init>(113)) - ae2fb675-4ad2-4742-b745-16c1dba3b70f@group-F0B03FD0AD5D: ConfigurationManager, init=-1: peers:[02a0afdf-1bea-47f6-ae97-5b8161c986a7|127.0.0.1:15085, 538779f6-f80f-4bc7-8424-1a47a535146d|127.0.0.1:15076, ae2fb675-4ad2-4742-b745-16c1dba3b70f|127.0.0.1:15094]|listeners:[], old=null, confs=<EMPTY_MAP>
2024-05-22 11:32:16,789 [ae2fb675-4ad2-4742-b745-16c1dba3b70f-groupManagement] INFO  server.RaftServerConfigKeys (ConfUtils.java:logGet(46)) - raft.server.notification.no-leader.timeout = 300s (custom)
2024-05-22 11:32:16,789 [ae2fb675-4ad2-4742-b745-16c1dba3b70f-groupManagement] INFO  server.RaftServerConfigKeys (ConfUtils.java:logGet(46)) - raft.server.read.timeout = 10s (default)
2024-05-22 11:32:16,789 [ae2fb675-4ad2-4742-b745-16c1dba3b70f-groupManagement] INFO  server.RaftServerConfigKeys (ConfUtils.java:logGet(46)) - raft.server.retrycache.expirytime = 600000ms (custom)
2024-05-22 11:32:16,789 [ae2fb675-4ad2-4742-b745-16c1dba3b70f-groupManagement] INFO  server.RaftServerConfigKeys (ConfUtils.java:logGet(46)) - raft.server.retrycache.statistics.expirytime = 100ms (default)
2024-05-22 11:32:16,789 [ae2fb675-4ad2-4742-b745-16c1dba3b70f-groupManagement] INFO  server.RaftServerConfigKeys (ConfUtils.java:logGet(46)) - raft.server.read.option = DEFAULT (default)
2024-05-22 11:32:16,789 [ae2fb675-4ad2-4742-b745-16c1dba3b70f-groupManagement] INFO  server.RaftServerConfigKeys (ConfUtils.java:logGet(46)) - raft.server.read.read-after-write-consistent.write-index-cache.expiry-time = 60s (default)
2024-05-22 11:32:16,791 [ae2fb675-4ad2-4742-b745-16c1dba3b70f-groupManagement] INFO  server.RaftServerConfigKeys (ConfUtils.java:logGet(46)) - raft.server.rpc.request.timeout = 60s (custom)
2024-05-22 11:32:16,791 [ae2fb675-4ad2-4742-b745-16c1dba3b70f-groupManagement] INFO  server.RaftServerConfigKeys (ConfUtils.java:logGet(46)) - raft.server.log.appender.install.snapshot.enabled = false (custom)
2024-05-22 11:32:16,791 [ae2fb675-4ad2-4742-b745-16c1dba3b70f-groupManagement] INFO  server.RaftServerConfigKeys (ConfUtils.java:logGet(46)) - raft.server.threadpool.server.cached = true (default)
2024-05-22 11:32:16,791 [ae2fb675-4ad2-4742-b745-16c1dba3b70f-groupManagement] INFO  server.RaftServerConfigKeys (ConfUtils.java:logGet(46)) - raft.server.threadpool.server.size = 0 (default)
2024-05-22 11:32:16,791 [ae2fb675-4ad2-4742-b745-16c1dba3b70f-groupManagement] INFO  server.RaftServerConfigKeys (ConfUtils.java:logGet(46)) - raft.server.threadpool.client.cached = true (default)
2024-05-22 11:32:16,791 [ae2fb675-4ad2-4742-b745-16c1dba3b70f-groupManagement] INFO  server.RaftServerConfigKeys (ConfUtils.java:logGet(46)) - raft.server.threadpool.client.size = 0 (default)
2024-05-22 11:32:16,791 [ae2fb675-4ad2-4742-b745-16c1dba3b70f-groupManagement] INFO  server.RaftServerConfigKeys (ConfUtils.java:logGet(46)) - raft.server.storage.free-space.min = 0MB (=0) (default)
2024-05-22 11:32:16,791 [ae2fb675-4ad2-4742-b745-16c1dba3b70f-groupManagement] INFO  server.RaftServerConfigKeys (ConfUtils.java:logGet(46)) - raft.server.log.corruption.policy = EXCEPTION (default)
2024-05-22 11:32:16,791 [ae2fb675-4ad2-4742-b745-16c1dba3b70f-groupManagement] INFO  server.RaftServerConfigKeys (ConfUtils.java:logGet(46)) - raft.server.storage.dir = [/home/runner/work/ozone/ozone/hadoop-ozone/integration-test/target/test-dir/MiniOzoneClusterImpl-20f17314-7331-4214-8d7b-3220b0ea8e97/ozone-meta/datanode-3/ratis] (custom)
2024-05-22 11:32:16,792 [ae2fb675-4ad2-4742-b745-16c1dba3b70f-groupManagement] INFO  storage.RaftStorageDirectory (RaftStorageDirectoryImpl.java:analyzeStorage(138)) - The storage directory /home/runner/work/ozone/ozone/hadoop-ozone/integration-test/target/test-dir/MiniOzoneClusterImpl-20f17314-7331-4214-8d7b-3220b0ea8e97/ozone-meta/datanode-3/ratis/96889823-d642-4618-bd52-f0b03fd0ad5d does not exist. Creating ...
2024-05-22 11:32:16,792 [ae2fb675-4ad2-4742-b745-16c1dba3b70f-groupManagement] INFO  storage.RaftStorageDirectory (RaftStorageDirectoryImpl.java:tryLock(228)) - Lock on /home/runner/work/ozone/ozone/hadoop-ozone/integration-test/target/test-dir/MiniOzoneClusterImpl-20f17314-7331-4214-8d7b-3220b0ea8e97/ozone-meta/datanode-3/ratis/96889823-d642-4618-bd52-f0b03fd0ad5d/in_use.lock acquired by nodename 93779@fv-az572-394
2024-05-22 11:32:16,793 [ae2fb675-4ad2-4742-b745-16c1dba3b70f-groupManagement] INFO  storage.RaftStorage (RaftStorageImpl.java:format(99)) - Storage directory /home/runner/work/ozone/ozone/hadoop-ozone/integration-test/target/test-dir/MiniOzoneClusterImpl-20f17314-7331-4214-8d7b-3220b0ea8e97/ozone-meta/datanode-3/ratis/96889823-d642-4618-bd52-f0b03fd0ad5d has been successfully formatted.
2024-05-22 11:32:16,793 [ae2fb675-4ad2-4742-b745-16c1dba3b70f-groupManagement] WARN  util.FileUtils (LogUtils.java:supplyAndLog(63)) - Failed to Files.newInputStream /home/runner/work/ozone/ozone/hadoop-ozone/integration-test/target/test-dir/MiniOzoneClusterImpl-20f17314-7331-4214-8d7b-3220b0ea8e97/ozone-meta/datanode-3/ratis/96889823-d642-4618-bd52-f0b03fd0ad5d/current/raft-meta.conf with options []: java.nio.file.NoSuchFileException: /home/runner/work/ozone/ozone/hadoop-ozone/integration-test/target/test-dir/MiniOzoneClusterImpl-20f17314-7331-4214-8d7b-3220b0ea8e97/ozone-meta/datanode-3/ratis/96889823-d642-4618-bd52-f0b03fd0ad5d/current/raft-meta.conf
2024-05-22 11:32:16,794 [ae2fb675-4ad2-4742-b745-16c1dba3b70f-groupManagement] INFO  ratis.ContainerStateMachine (ContainerStateMachine.java:loadSnapshot(287)) - group-F0B03FD0AD5D: The snapshot info is null. Setting the last applied index to:(t:0, i:~)
2024-05-22 11:32:16,794 [ae2fb675-4ad2-4742-b745-16c1dba3b70f-groupManagement] INFO  server.RaftServerConfigKeys (ConfUtils.java:logGet(46)) - raft.server.log.use.memory = false (default)
2024-05-22 11:32:16,794 [ae2fb675-4ad2-4742-b745-16c1dba3b70f-groupManagement] INFO  server.RaftServerConfigKeys (ConfUtils.java:logGet(46)) - raft.server.log.purge.gap = 1000000 (custom)
2024-05-22 11:32:16,794 [ae2fb675-4ad2-4742-b745-16c1dba3b70f-groupManagement] INFO  server.RaftServerConfigKeys (ConfUtils.java:logGet(46)) - raft.server.log.appender.buffer.byte-limit = 8388608 (custom)
2024-05-22 11:32:16,794 [ae2fb675-4ad2-4742-b745-16c1dba3b70f-groupManagement] INFO  server.RaftServerConfigKeys (ConfUtils.java:logGet(46)) - raft.server.log.statemachine.data.read.timeout = 1000ms (default)
2024-05-22 11:32:16,794 [ae2fb675-4ad2-4742-b745-16c1dba3b70f-groupManagement] INFO  server.RaftServerConfigKeys (ConfUtils.java:logGet(46)) - raft.server.log.purge.preservation.log.num = 0 (default)
2024-05-22 11:32:16,795 [ae2fb675-4ad2-4742-b745-16c1dba3b70f-groupManagement] INFO  server.RaftServerConfigKeys (ConfUtils.java:logGet(46)) - raft.server.log.segment.size.max = 67108864 (custom)
2024-05-22 11:32:16,795 [ae2fb675-4ad2-4742-b745-16c1dba3b70f-groupManagement] INFO  server.RaftServerConfigKeys (ConfUtils.java:logGet(46)) - raft.server.log.segment.cache.num.max = 2 (custom)
2024-05-22 11:32:16,795 [ae2fb675-4ad2-4742-b745-16c1dba3b70f-groupManagement] INFO  server.RaftServerConfigKeys (ConfUtils.java:logGet(46)) - raft.server.log.segment.cache.size.max = 200MB (=209715200) (default)
2024-05-22 11:32:16,795 [ae2fb675-4ad2-4742-b745-16c1dba3b70f-groupManagement] INFO  server.RaftServerConfigKeys (ConfUtils.java:logGet(46)) - raft.server.log.appender.buffer.byte-limit = 8388608 (custom)
2024-05-22 11:32:16,797 [ae2fb675-4ad2-4742-b745-16c1dba3b70f-groupManagement] INFO  util.AwaitToRun (AwaitToRun.java:start(81)) - Thread[ae2fb675-4ad2-4742-b745-16c1dba3b70f@group-F0B03FD0AD5D-cacheEviction-AwaitToRun,5,main] started
2024-05-22 11:32:16,797 [ae2fb675-4ad2-4742-b745-16c1dba3b70f-groupManagement] INFO  segmented.SegmentedRaftLogWorker (SegmentedRaftLogWorker.java:<init>(182)) - new ae2fb675-4ad2-4742-b745-16c1dba3b70f@group-F0B03FD0AD5D-SegmentedRaftLogWorker for RaftStorageImpl:Storage Directory /home/runner/work/ozone/ozone/hadoop-ozone/integration-test/target/test-dir/MiniOzoneClusterImpl-20f17314-7331-4214-8d7b-3220b0ea8e97/ozone-meta/datanode-3/ratis/96889823-d642-4618-bd52-f0b03fd0ad5d
2024-05-22 11:32:16,797 [ae2fb675-4ad2-4742-b745-16c1dba3b70f-groupManagement] INFO  server.RaftServerConfigKeys (ConfUtils.java:logGet(46)) - raft.server.log.queue.byte-limit = 4294967296 (custom)
2024-05-22 11:32:16,797 [ae2fb675-4ad2-4742-b745-16c1dba3b70f-groupManagement] INFO  server.RaftServerConfigKeys (ConfUtils.java:logGet(46)) - raft.server.log.queue.element-limit = 1024 (custom)
2024-05-22 11:32:16,797 [ae2fb675-4ad2-4742-b745-16c1dba3b70f-groupManagement] INFO  server.RaftServerConfigKeys (ConfUtils.java:logGet(46)) - raft.server.log.segment.size.max = 67108864 (custom)
2024-05-22 11:32:16,797 [ae2fb675-4ad2-4742-b745-16c1dba3b70f-groupManagement] INFO  server.RaftServerConfigKeys (ConfUtils.java:logGet(46)) - raft.server.log.preallocated.size = 4194304 (custom)
2024-05-22 11:32:16,797 [ae2fb675-4ad2-4742-b745-16c1dba3b70f-groupManagement] INFO  server.RaftServerConfigKeys (ConfUtils.java:logGet(46)) - raft.server.log.force.sync.num = 128 (default)
2024-05-22 11:32:16,797 [ae2fb675-4ad2-4742-b745-16c1dba3b70f-groupManagement] INFO  server.RaftServerConfigKeys (ConfUtils.java:logGet(46)) - raft.server.log.statemachine.data.sync = true (default)
2024-05-22 11:32:16,798 [ae2fb675-4ad2-4742-b745-16c1dba3b70f-groupManagement] INFO  server.RaftServerConfigKeys (ConfUtils.java:logGet(46)) - raft.server.log.statemachine.data.sync.timeout = 10s (default)
2024-05-22 11:32:16,798 [ae2fb675-4ad2-4742-b745-16c1dba3b70f-groupManagement] INFO  server.RaftServerConfigKeys (ConfUtils.java:logGet(46)) - raft.server.log.statemachine.data.sync.timeout.retry = 30 (custom)
2024-05-22 11:32:16,798 [ae2fb675-4ad2-4742-b745-16c1dba3b70f-groupManagement] INFO  server.RaftServerConfigKeys (ConfUtils.java:logGet(46)) - raft.server.log.write.buffer.size = 8388616 (custom)
2024-05-22 11:32:16,799 [ae2fb675-4ad2-4742-b745-16c1dba3b70f-groupManagement] INFO  server.RaftServerConfigKeys (ConfUtils.java:logGet(46)) - raft.server.log.appender.buffer.byte-limit = 8388608 (custom)
2024-05-22 11:32:16,799 [ae2fb675-4ad2-4742-b745-16c1dba3b70f-groupManagement] INFO  server.RaftServerConfigKeys (ConfUtils.java:logGet(46)) - raft.server.log.unsafe-flush.enabled = false (default)
2024-05-22 11:32:16,799 [ae2fb675-4ad2-4742-b745-16c1dba3b70f-groupManagement] INFO  server.RaftServerConfigKeys (ConfUtils.java:logGet(46)) - raft.server.log.async-flush.enabled = false (default)
2024-05-22 11:32:16,799 [ae2fb675-4ad2-4742-b745-16c1dba3b70f-groupManagement] INFO  server.RaftServerConfigKeys (ConfUtils.java:logGet(46)) - raft.server.log.statemachine.data.caching.enabled = true (custom)
2024-05-22 11:32:16,799 [ae2fb675-4ad2-4742-b745-16c1dba3b70f-groupManagement] INFO  segmented.SegmentedRaftLogWorker (SegmentedRaftLogWorker.java:lambda$new$0(134)) - ae2fb675-4ad2-4742-b745-16c1dba3b70f@group-F0B03FD0AD5D-SegmentedRaftLogWorker: flushIndex: setUnconditionally 0 -> -1
2024-05-22 11:32:16,799 [ae2fb675-4ad2-4742-b745-16c1dba3b70f-groupManagement] INFO  segmented.SegmentedRaftLogWorker (SegmentedRaftLogWorker.java:lambda$new$0(134)) - ae2fb675-4ad2-4742-b745-16c1dba3b70f@group-F0B03FD0AD5D-SegmentedRaftLogWorker: safeCacheEvictIndex: setUnconditionally 0 -> -1
2024-05-22 11:32:16,799 [ae2fb675-4ad2-4742-b745-16c1dba3b70f-groupManagement] INFO  server.RaftServer$Division (RaftServerImpl.java:start(396)) - ae2fb675-4ad2-4742-b745-16c1dba3b70f@group-F0B03FD0AD5D: start as a follower, conf=-1: peers:[02a0afdf-1bea-47f6-ae97-5b8161c986a7|127.0.0.1:15085, 538779f6-f80f-4bc7-8424-1a47a535146d|127.0.0.1:15076, ae2fb675-4ad2-4742-b745-16c1dba3b70f|127.0.0.1:15094]|listeners:[], old=null
2024-05-22 11:32:16,800 [ae2fb675-4ad2-4742-b745-16c1dba3b70f-groupManagement] INFO  server.RaftServer$Division (RaftServerImpl.java:setRole(383)) - ae2fb675-4ad2-4742-b745-16c1dba3b70f@group-F0B03FD0AD5D: changes role from      null to FOLLOWER at term 0 for startAsFollower
2024-05-22 11:32:16,800 [ae2fb675-4ad2-4742-b745-16c1dba3b70f-groupManagement] INFO  impl.RoleInfo (RoleInfo.java:updateAndGet(139)) - ae2fb675-4ad2-4742-b745-16c1dba3b70f: start ae2fb675-4ad2-4742-b745-16c1dba3b70f@group-F0B03FD0AD5D-FollowerState
2024-05-22 11:32:16,800 [ae2fb675-4ad2-4742-b745-16c1dba3b70f-groupManagement] INFO  util.JmxRegister (JmxRegister.java:tryRegister(44)) - Successfully registered JMX Bean with object name Ratis:service=RaftServer,group=group-F0B03FD0AD5D,id=ae2fb675-4ad2-4742-b745-16c1dba3b70f
2024-05-22 11:32:16,800 [ae2fb675-4ad2-4742-b745-16c1dba3b70f-groupManagement] INFO  server.RaftServerConfigKeys (ConfUtils.java:logGet(46)) - raft.server.snapshot.trigger-when-stop.enabled = true (default)
2024-05-22 11:32:16,800 [ae2fb675-4ad2-4742-b745-16c1dba3b70f-groupManagement] INFO  server.RaftServerConfigKeys (ConfUtils.java:logGet(46)) - raft.server.snapshot.auto.trigger.enabled = true (custom)
2024-05-22 11:32:16,800 [ae2fb675-4ad2-4742-b745-16c1dba3b70f-groupManagement] INFO  server.RaftServerConfigKeys (ConfUtils.java:logGet(46)) - raft.server.snapshot.auto.trigger.threshold = 10000 (custom)
2024-05-22 11:32:16,800 [ae2fb675-4ad2-4742-b745-16c1dba3b70f-groupManagement] INFO  server.RaftServerConfigKeys (ConfUtils.java:logGet(46)) - raft.server.snapshot.retention.file.num = 5 (custom)
2024-05-22 11:32:16,800 [ae2fb675-4ad2-4742-b745-16c1dba3b70f-groupManagement] INFO  server.RaftServerConfigKeys (ConfUtils.java:logGet(46)) - raft.server.log.purge.upto.snapshot.index = false (default)
2024-05-22 11:32:16,800 [ae2fb675-4ad2-4742-b745-16c1dba3b70f@group-F0B03FD0AD5D-FollowerState] INFO  server.RaftServerConfigKeys (ConfUtils.java:logFallback(53)) - raft.server.rpc.first-election.timeout.min = 5s (fallback to raft.server.rpc.timeout.min)
2024-05-22 11:32:16,800 [ae2fb675-4ad2-4742-b745-16c1dba3b70f@group-F0B03FD0AD5D-FollowerState] INFO  server.RaftServerConfigKeys (ConfUtils.java:logFallback(53)) - raft.server.rpc.first-election.timeout.max = 5200ms (fallback to raft.server.rpc.timeout.max)
2024-05-22 11:32:16,809 [grpc-default-executor-0] INFO  server.RaftServer (RaftServerProxy.java:addNew(100)) - 02a0afdf-1bea-47f6-ae97-5b8161c986a7: addNew group-F0B03FD0AD5D:[02a0afdf-1bea-47f6-ae97-5b8161c986a7|127.0.0.1:15085, 538779f6-f80f-4bc7-8424-1a47a535146d|127.0.0.1:15076, ae2fb675-4ad2-4742-b745-16c1dba3b70f|127.0.0.1:15094] returns group-F0B03FD0AD5D:java.util.concurrent.CompletableFuture@bfccc09[Not completed]
2024-05-22 11:32:16,810 [02a0afdf-1bea-47f6-ae97-5b8161c986a7-groupManagement] INFO  server.RaftServer$Division (RaftServerImpl.java:<init>(256)) - 02a0afdf-1bea-47f6-ae97-5b8161c986a7: new RaftServerImpl for group-F0B03FD0AD5D:[02a0afdf-1bea-47f6-ae97-5b8161c986a7|127.0.0.1:15085, 538779f6-f80f-4bc7-8424-1a47a535146d|127.0.0.1:15076, ae2fb675-4ad2-4742-b745-16c1dba3b70f|127.0.0.1:15094] with ContainerStateMachine:uninitialized
2024-05-22 11:32:16,810 [02a0afdf-1bea-47f6-ae97-5b8161c986a7-groupManagement] INFO  server.RaftServerConfigKeys (ConfUtils.java:logGet(46)) - raft.server.rpc.timeout.min = 5s (custom)
2024-05-22 11:32:16,810 [02a0afdf-1bea-47f6-ae97-5b8161c986a7-groupManagement] INFO  server.RaftServerConfigKeys (ConfUtils.java:logGet(46)) - raft.server.rpc.timeout.max = 5200ms (custom)
2024-05-22 11:32:16,810 [02a0afdf-1bea-47f6-ae97-5b8161c986a7-groupManagement] INFO  server.RaftServerConfigKeys (ConfUtils.java:logGet(46)) - raft.server.rpc.sleep.time = 25ms (default)
2024-05-22 11:32:16,810 [02a0afdf-1bea-47f6-ae97-5b8161c986a7-groupManagement] INFO  server.RaftServerConfigKeys (ConfUtils.java:logGet(46)) - raft.server.rpc.slowness.timeout = 300s (custom)
2024-05-22 11:32:16,810 [02a0afdf-1bea-47f6-ae97-5b8161c986a7-groupManagement] INFO  server.RaftServerConfigKeys (ConfUtils.java:logGet(46)) - raft.server.leaderelection.leader.step-down.wait-time = 10s (default)
2024-05-22 11:32:16,810 [02a0afdf-1bea-47f6-ae97-5b8161c986a7-groupManagement] INFO  server.RaftServerConfigKeys (ConfUtils.java:logGet(46)) - raft.server.leaderelection.member.majority-add = false (default)
2024-05-22 11:32:16,810 [02a0afdf-1bea-47f6-ae97-5b8161c986a7-groupManagement] INFO  server.RaftServerConfigKeys (ConfUtils.java:logGet(46)) - raft.server.sleep.deviation.threshold = 300ms (default)
2024-05-22 11:32:16,810 [02a0afdf-1bea-47f6-ae97-5b8161c986a7-groupManagement] INFO  server.RaftServer$Division (ServerState.java:<init>(113)) - 02a0afdf-1bea-47f6-ae97-5b8161c986a7@group-F0B03FD0AD5D: ConfigurationManager, init=-1: peers:[02a0afdf-1bea-47f6-ae97-5b8161c986a7|127.0.0.1:15085, 538779f6-f80f-4bc7-8424-1a47a535146d|127.0.0.1:15076, ae2fb675-4ad2-4742-b745-16c1dba3b70f|127.0.0.1:15094]|listeners:[], old=null, confs=<EMPTY_MAP>
2024-05-22 11:32:16,810 [02a0afdf-1bea-47f6-ae97-5b8161c986a7-groupManagement] INFO  server.RaftServerConfigKeys (ConfUtils.java:logGet(46)) - raft.server.notification.no-leader.timeout = 300s (custom)
2024-05-22 11:32:16,810 [02a0afdf-1bea-47f6-ae97-5b8161c986a7-groupManagement] INFO  server.RaftServerConfigKeys (ConfUtils.java:logGet(46)) - raft.server.read.timeout = 10s (default)
2024-05-22 11:32:16,810 [02a0afdf-1bea-47f6-ae97-5b8161c986a7-groupManagement] INFO  server.RaftServerConfigKeys (ConfUtils.java:logGet(46)) - raft.server.retrycache.expirytime = 600000ms (custom)
2024-05-22 11:32:16,810 [02a0afdf-1bea-47f6-ae97-5b8161c986a7-groupManagement] INFO  server.RaftServerConfigKeys (ConfUtils.java:logGet(46)) - raft.server.retrycache.statistics.expirytime = 100ms (default)
2024-05-22 11:32:16,811 [02a0afdf-1bea-47f6-ae97-5b8161c986a7-groupManagement] INFO  server.RaftServerConfigKeys (ConfUtils.java:logGet(46)) - raft.server.read.option = DEFAULT (default)
2024-05-22 11:32:16,811 [02a0afdf-1bea-47f6-ae97-5b8161c986a7-groupManagement] INFO  server.RaftServerConfigKeys (ConfUtils.java:logGet(46)) - raft.server.read.read-after-write-consistent.write-index-cache.expiry-time = 60s (default)
2024-05-22 11:32:16,811 [02a0afdf-1bea-47f6-ae97-5b8161c986a7-groupManagement] INFO  server.RaftServerConfigKeys (ConfUtils.java:logGet(46)) - raft.server.rpc.request.timeout = 60s (custom)
2024-05-22 11:32:16,811 [02a0afdf-1bea-47f6-ae97-5b8161c986a7-groupManagement] INFO  server.RaftServerConfigKeys (ConfUtils.java:logGet(46)) - raft.server.log.appender.install.snapshot.enabled = false (custom)
2024-05-22 11:32:16,811 [02a0afdf-1bea-47f6-ae97-5b8161c986a7-groupManagement] INFO  server.RaftServerConfigKeys (ConfUtils.java:logGet(46)) - raft.server.threadpool.server.cached = true (default)
2024-05-22 11:32:16,812 [02a0afdf-1bea-47f6-ae97-5b8161c986a7-groupManagement] INFO  server.RaftServerConfigKeys (ConfUtils.java:logGet(46)) - raft.server.threadpool.server.size = 0 (default)
2024-05-22 11:32:16,812 [02a0afdf-1bea-47f6-ae97-5b8161c986a7-groupManagement] INFO  server.RaftServerConfigKeys (ConfUtils.java:logGet(46)) - raft.server.threadpool.client.cached = true (default)
2024-05-22 11:32:16,812 [02a0afdf-1bea-47f6-ae97-5b8161c986a7-groupManagement] INFO  server.RaftServerConfigKeys (ConfUtils.java:logGet(46)) - raft.server.threadpool.client.size = 0 (default)
2024-05-22 11:32:16,812 [02a0afdf-1bea-47f6-ae97-5b8161c986a7-groupManagement] INFO  server.RaftServerConfigKeys (ConfUtils.java:logGet(46)) - raft.server.storage.free-space.min = 0MB (=0) (default)
2024-05-22 11:32:16,812 [02a0afdf-1bea-47f6-ae97-5b8161c986a7-groupManagement] INFO  server.RaftServerConfigKeys (ConfUtils.java:logGet(46)) - raft.server.log.corruption.policy = EXCEPTION (default)
2024-05-22 11:32:16,812 [02a0afdf-1bea-47f6-ae97-5b8161c986a7-groupManagement] INFO  server.RaftServerConfigKeys (ConfUtils.java:logGet(46)) - raft.server.storage.dir = [/home/runner/work/ozone/ozone/hadoop-ozone/integration-test/target/test-dir/MiniOzoneClusterImpl-20f17314-7331-4214-8d7b-3220b0ea8e97/ozone-meta/datanode-2/ratis] (custom)
2024-05-22 11:32:16,812 [02a0afdf-1bea-47f6-ae97-5b8161c986a7-groupManagement] INFO  storage.RaftStorageDirectory (RaftStorageDirectoryImpl.java:analyzeStorage(138)) - The storage directory /home/runner/work/ozone/ozone/hadoop-ozone/integration-test/target/test-dir/MiniOzoneClusterImpl-20f17314-7331-4214-8d7b-3220b0ea8e97/ozone-meta/datanode-2/ratis/96889823-d642-4618-bd52-f0b03fd0ad5d does not exist. Creating ...
2024-05-22 11:32:16,813 [02a0afdf-1bea-47f6-ae97-5b8161c986a7-groupManagement] INFO  storage.RaftStorageDirectory (RaftStorageDirectoryImpl.java:tryLock(228)) - Lock on /home/runner/work/ozone/ozone/hadoop-ozone/integration-test/target/test-dir/MiniOzoneClusterImpl-20f17314-7331-4214-8d7b-3220b0ea8e97/ozone-meta/datanode-2/ratis/96889823-d642-4618-bd52-f0b03fd0ad5d/in_use.lock acquired by nodename 93779@fv-az572-394
2024-05-22 11:32:16,813 [02a0afdf-1bea-47f6-ae97-5b8161c986a7-groupManagement] INFO  storage.RaftStorage (RaftStorageImpl.java:format(99)) - Storage directory /home/runner/work/ozone/ozone/hadoop-ozone/integration-test/target/test-dir/MiniOzoneClusterImpl-20f17314-7331-4214-8d7b-3220b0ea8e97/ozone-meta/datanode-2/ratis/96889823-d642-4618-bd52-f0b03fd0ad5d has been successfully formatted.
2024-05-22 11:32:16,814 [02a0afdf-1bea-47f6-ae97-5b8161c986a7-groupManagement] WARN  util.FileUtils (LogUtils.java:supplyAndLog(63)) - Failed to Files.newInputStream /home/runner/work/ozone/ozone/hadoop-ozone/integration-test/target/test-dir/MiniOzoneClusterImpl-20f17314-7331-4214-8d7b-3220b0ea8e97/ozone-meta/datanode-2/ratis/96889823-d642-4618-bd52-f0b03fd0ad5d/current/raft-meta.conf with options []: java.nio.file.NoSuchFileException: /home/runner/work/ozone/ozone/hadoop-ozone/integration-test/target/test-dir/MiniOzoneClusterImpl-20f17314-7331-4214-8d7b-3220b0ea8e97/ozone-meta/datanode-2/ratis/96889823-d642-4618-bd52-f0b03fd0ad5d/current/raft-meta.conf
2024-05-22 11:32:16,814 [02a0afdf-1bea-47f6-ae97-5b8161c986a7-groupManagement] INFO  ratis.ContainerStateMachine (ContainerStateMachine.java:loadSnapshot(287)) - group-F0B03FD0AD5D: The snapshot info is null. Setting the last applied index to:(t:0, i:~)
2024-05-22 11:32:16,814 [02a0afdf-1bea-47f6-ae97-5b8161c986a7-groupManagement] INFO  server.RaftServerConfigKeys (ConfUtils.java:logGet(46)) - raft.server.log.use.memory = false (default)
2024-05-22 11:32:16,814 [02a0afdf-1bea-47f6-ae97-5b8161c986a7-groupManagement] INFO  server.RaftServerConfigKeys (ConfUtils.java:logGet(46)) - raft.server.log.purge.gap = 1000000 (custom)
2024-05-22 11:32:16,814 [02a0afdf-1bea-47f6-ae97-5b8161c986a7-groupManagement] INFO  server.RaftServerConfigKeys (ConfUtils.java:logGet(46)) - raft.server.log.appender.buffer.byte-limit = 8388608 (custom)
2024-05-22 11:32:16,814 [02a0afdf-1bea-47f6-ae97-5b8161c986a7-groupManagement] INFO  server.RaftServerConfigKeys (ConfUtils.java:logGet(46)) - raft.server.log.statemachine.data.read.timeout = 1000ms (default)
2024-05-22 11:32:16,814 [02a0afdf-1bea-47f6-ae97-5b8161c986a7-groupManagement] INFO  server.RaftServerConfigKeys (ConfUtils.java:logGet(46)) - raft.server.log.purge.preservation.log.num = 0 (default)
2024-05-22 11:32:16,815 [02a0afdf-1bea-47f6-ae97-5b8161c986a7-groupManagement] INFO  server.RaftServerConfigKeys (ConfUtils.java:logGet(46)) - raft.server.log.segment.size.max = 67108864 (custom)
2024-05-22 11:32:16,815 [02a0afdf-1bea-47f6-ae97-5b8161c986a7-groupManagement] INFO  server.RaftServerConfigKeys (ConfUtils.java:logGet(46)) - raft.server.log.segment.cache.num.max = 2 (custom)
2024-05-22 11:32:16,815 [02a0afdf-1bea-47f6-ae97-5b8161c986a7-groupManagement] INFO  server.RaftServerConfigKeys (ConfUtils.java:logGet(46)) - raft.server.log.segment.cache.size.max = 200MB (=209715200) (default)
2024-05-22 11:32:16,816 [02a0afdf-1bea-47f6-ae97-5b8161c986a7-groupManagement] INFO  server.RaftServerConfigKeys (ConfUtils.java:logGet(46)) - raft.server.log.appender.buffer.byte-limit = 8388608 (custom)
2024-05-22 11:32:16,816 [02a0afdf-1bea-47f6-ae97-5b8161c986a7-groupManagement] INFO  util.AwaitToRun (AwaitToRun.java:start(81)) - Thread[02a0afdf-1bea-47f6-ae97-5b8161c986a7@group-F0B03FD0AD5D-cacheEviction-AwaitToRun,5,main] started
2024-05-22 11:32:16,816 [02a0afdf-1bea-47f6-ae97-5b8161c986a7-groupManagement] INFO  segmented.SegmentedRaftLogWorker (SegmentedRaftLogWorker.java:<init>(182)) - new 02a0afdf-1bea-47f6-ae97-5b8161c986a7@group-F0B03FD0AD5D-SegmentedRaftLogWorker for RaftStorageImpl:Storage Directory /home/runner/work/ozone/ozone/hadoop-ozone/integration-test/target/test-dir/MiniOzoneClusterImpl-20f17314-7331-4214-8d7b-3220b0ea8e97/ozone-meta/datanode-2/ratis/96889823-d642-4618-bd52-f0b03fd0ad5d
2024-05-22 11:32:16,816 [02a0afdf-1bea-47f6-ae97-5b8161c986a7-groupManagement] INFO  server.RaftServerConfigKeys (ConfUtils.java:logGet(46)) - raft.server.log.queue.byte-limit = 4294967296 (custom)
2024-05-22 11:32:16,816 [02a0afdf-1bea-47f6-ae97-5b8161c986a7-groupManagement] INFO  server.RaftServerConfigKeys (ConfUtils.java:logGet(46)) - raft.server.log.queue.element-limit = 1024 (custom)
2024-05-22 11:32:16,816 [02a0afdf-1bea-47f6-ae97-5b8161c986a7-groupManagement] INFO  server.RaftServerConfigKeys (ConfUtils.java:logGet(46)) - raft.server.log.segment.size.max = 67108864 (custom)
2024-05-22 11:32:16,816 [02a0afdf-1bea-47f6-ae97-5b8161c986a7-groupManagement] INFO  server.RaftServerConfigKeys (ConfUtils.java:logGet(46)) - raft.server.log.preallocated.size = 4194304 (custom)
2024-05-22 11:32:16,816 [02a0afdf-1bea-47f6-ae97-5b8161c986a7-groupManagement] INFO  server.RaftServerConfigKeys (ConfUtils.java:logGet(46)) - raft.server.log.force.sync.num = 128 (default)
2024-05-22 11:32:16,816 [02a0afdf-1bea-47f6-ae97-5b8161c986a7-groupManagement] INFO  server.RaftServerConfigKeys (ConfUtils.java:logGet(46)) - raft.server.log.statemachine.data.sync = true (default)
2024-05-22 11:32:16,816 [02a0afdf-1bea-47f6-ae97-5b8161c986a7-groupManagement] INFO  server.RaftServerConfigKeys (ConfUtils.java:logGet(46)) - raft.server.log.statemachine.data.sync.timeout = 10s (default)
2024-05-22 11:32:16,816 [02a0afdf-1bea-47f6-ae97-5b8161c986a7-groupManagement] INFO  server.RaftServerConfigKeys (ConfUtils.java:logGet(46)) - raft.server.log.statemachine.data.sync.timeout.retry = 30 (custom)
2024-05-22 11:32:16,816 [02a0afdf-1bea-47f6-ae97-5b8161c986a7-groupManagement] INFO  server.RaftServerConfigKeys (ConfUtils.java:logGet(46)) - raft.server.log.write.buffer.size = 8388616 (custom)
2024-05-22 11:32:16,818 [02a0afdf-1bea-47f6-ae97-5b8161c986a7-groupManagement] INFO  server.RaftServerConfigKeys (ConfUtils.java:logGet(46)) - raft.server.log.appender.buffer.byte-limit = 8388608 (custom)
2024-05-22 11:32:16,818 [02a0afdf-1bea-47f6-ae97-5b8161c986a7-groupManagement] INFO  server.RaftServerConfigKeys (ConfUtils.java:logGet(46)) - raft.server.log.unsafe-flush.enabled = false (default)
2024-05-22 11:32:16,818 [02a0afdf-1bea-47f6-ae97-5b8161c986a7-groupManagement] INFO  server.RaftServerConfigKeys (ConfUtils.java:logGet(46)) - raft.server.log.async-flush.enabled = false (default)
2024-05-22 11:32:16,818 [02a0afdf-1bea-47f6-ae97-5b8161c986a7-groupManagement] INFO  server.RaftServerConfigKeys (ConfUtils.java:logGet(46)) - raft.server.log.statemachine.data.caching.enabled = true (custom)
2024-05-22 11:32:16,818 [02a0afdf-1bea-47f6-ae97-5b8161c986a7-groupManagement] INFO  segmented.SegmentedRaftLogWorker (SegmentedRaftLogWorker.java:lambda$new$0(134)) - 02a0afdf-1bea-47f6-ae97-5b8161c986a7@group-F0B03FD0AD5D-SegmentedRaftLogWorker: flushIndex: setUnconditionally 0 -> -1
2024-05-22 11:32:16,818 [02a0afdf-1bea-47f6-ae97-5b8161c986a7-groupManagement] INFO  segmented.SegmentedRaftLogWorker (SegmentedRaftLogWorker.java:lambda$new$0(134)) - 02a0afdf-1bea-47f6-ae97-5b8161c986a7@group-F0B03FD0AD5D-SegmentedRaftLogWorker: safeCacheEvictIndex: setUnconditionally 0 -> -1
2024-05-22 11:32:16,819 [02a0afdf-1bea-47f6-ae97-5b8161c986a7-groupManagement] INFO  server.RaftServer$Division (RaftServerImpl.java:start(396)) - 02a0afdf-1bea-47f6-ae97-5b8161c986a7@group-F0B03FD0AD5D: start as a follower, conf=-1: peers:[02a0afdf-1bea-47f6-ae97-5b8161c986a7|127.0.0.1:15085, 538779f6-f80f-4bc7-8424-1a47a535146d|127.0.0.1:15076, ae2fb675-4ad2-4742-b745-16c1dba3b70f|127.0.0.1:15094]|listeners:[], old=null
2024-05-22 11:32:16,819 [02a0afdf-1bea-47f6-ae97-5b8161c986a7-groupManagement] INFO  server.RaftServer$Division (RaftServerImpl.java:setRole(383)) - 02a0afdf-1bea-47f6-ae97-5b8161c986a7@group-F0B03FD0AD5D: changes role from      null to FOLLOWER at term 0 for startAsFollower
2024-05-22 11:32:16,819 [02a0afdf-1bea-47f6-ae97-5b8161c986a7-groupManagement] INFO  impl.RoleInfo (RoleInfo.java:updateAndGet(139)) - 02a0afdf-1bea-47f6-ae97-5b8161c986a7: start 02a0afdf-1bea-47f6-ae97-5b8161c986a7@group-F0B03FD0AD5D-FollowerState
2024-05-22 11:32:16,819 [02a0afdf-1bea-47f6-ae97-5b8161c986a7@group-F0B03FD0AD5D-FollowerState] INFO  server.RaftServerConfigKeys (ConfUtils.java:logFallback(53)) - raft.server.rpc.first-election.timeout.min = 5s (fallback to raft.server.rpc.timeout.min)
2024-05-22 11:32:16,819 [02a0afdf-1bea-47f6-ae97-5b8161c986a7-groupManagement] INFO  util.JmxRegister (JmxRegister.java:tryRegister(44)) - Successfully registered JMX Bean with object name Ratis:service=RaftServer,group=group-F0B03FD0AD5D,id=02a0afdf-1bea-47f6-ae97-5b8161c986a7
2024-05-22 11:32:16,819 [02a0afdf-1bea-47f6-ae97-5b8161c986a7@group-F0B03FD0AD5D-FollowerState] INFO  server.RaftServerConfigKeys (ConfUtils.java:logFallback(53)) - raft.server.rpc.first-election.timeout.max = 5200ms (fallback to raft.server.rpc.timeout.max)
2024-05-22 11:32:16,819 [02a0afdf-1bea-47f6-ae97-5b8161c986a7-groupManagement] INFO  server.RaftServerConfigKeys (ConfUtils.java:logGet(46)) - raft.server.snapshot.trigger-when-stop.enabled = true (default)
2024-05-22 11:32:16,819 [02a0afdf-1bea-47f6-ae97-5b8161c986a7-groupManagement] INFO  server.RaftServerConfigKeys (ConfUtils.java:logGet(46)) - raft.server.snapshot.auto.trigger.enabled = true (custom)
2024-05-22 11:32:16,819 [02a0afdf-1bea-47f6-ae97-5b8161c986a7-groupManagement] INFO  server.RaftServerConfigKeys (ConfUtils.java:logGet(46)) - raft.server.snapshot.auto.trigger.threshold = 10000 (custom)
2024-05-22 11:32:16,819 [02a0afdf-1bea-47f6-ae97-5b8161c986a7-groupManagement] INFO  server.RaftServerConfigKeys (ConfUtils.java:logGet(46)) - raft.server.snapshot.retention.file.num = 5 (custom)
2024-05-22 11:32:16,819 [02a0afdf-1bea-47f6-ae97-5b8161c986a7-groupManagement] INFO  server.RaftServerConfigKeys (ConfUtils.java:logGet(46)) - raft.server.log.purge.upto.snapshot.index = false (default)
2024-05-22 11:32:16,822 [538779f6-f80f-4bc7-8424-1a47a535146d-PipelineCommandHandlerThread-0] INFO  commandhandler.CreatePipelineCommandHandler (CreatePipelineCommandHandler.java:lambda$handle$2(124)) - Created Pipeline RATIS THREE PipelineID=96889823-d642-4618-bd52-f0b03fd0ad5d.
2024-05-22 11:32:16,822 [538779f6-f80f-4bc7-8424-1a47a535146d-PipelineCommandHandlerThread-0] INFO  server.RaftServer (RaftServerProxy.java:addNew(100)) - 538779f6-f80f-4bc7-8424-1a47a535146d: addNew group-5008F0A1828C:[02a0afdf-1bea-47f6-ae97-5b8161c986a7|127.0.0.1:15085, 538779f6-f80f-4bc7-8424-1a47a535146d|127.0.0.1:15076, ae2fb675-4ad2-4742-b745-16c1dba3b70f|127.0.0.1:15094] returns group-5008F0A1828C:java.util.concurrent.CompletableFuture@4228aef4[Not completed]
2024-05-22 11:32:16,823 [538779f6-f80f-4bc7-8424-1a47a535146d-groupManagement] INFO  server.RaftServer$Division (RaftServerImpl.java:<init>(256)) - 538779f6-f80f-4bc7-8424-1a47a535146d: new RaftServerImpl for group-5008F0A1828C:[02a0afdf-1bea-47f6-ae97-5b8161c986a7|127.0.0.1:15085, 538779f6-f80f-4bc7-8424-1a47a535146d|127.0.0.1:15076, ae2fb675-4ad2-4742-b745-16c1dba3b70f|127.0.0.1:15094] with ContainerStateMachine:uninitialized
2024-05-22 11:32:16,823 [538779f6-f80f-4bc7-8424-1a47a535146d-groupManagement] INFO  server.RaftServerConfigKeys (ConfUtils.java:logGet(46)) - raft.server.rpc.timeout.min = 5s (custom)
2024-05-22 11:32:16,823 [538779f6-f80f-4bc7-8424-1a47a535146d-groupManagement] INFO  server.RaftServerConfigKeys (ConfUtils.java:logGet(46)) - raft.server.rpc.timeout.max = 5200ms (custom)
2024-05-22 11:32:16,823 [538779f6-f80f-4bc7-8424-1a47a535146d-groupManagement] INFO  server.RaftServerConfigKeys (ConfUtils.java:logGet(46)) - raft.server.rpc.sleep.time = 25ms (default)
2024-05-22 11:32:16,824 [538779f6-f80f-4bc7-8424-1a47a535146d-groupManagement] INFO  server.RaftServerConfigKeys (ConfUtils.java:logGet(46)) - raft.server.rpc.slowness.timeout = 300s (custom)
2024-05-22 11:32:16,824 [538779f6-f80f-4bc7-8424-1a47a535146d-groupManagement] INFO  server.RaftServerConfigKeys (ConfUtils.java:logGet(46)) - raft.server.leaderelection.leader.step-down.wait-time = 10s (default)
2024-05-22 11:32:16,824 [538779f6-f80f-4bc7-8424-1a47a535146d-groupManagement] INFO  server.RaftServerConfigKeys (ConfUtils.java:logGet(46)) - raft.server.leaderelection.member.majority-add = false (default)
2024-05-22 11:32:16,824 [538779f6-f80f-4bc7-8424-1a47a535146d-groupManagement] INFO  server.RaftServerConfigKeys (ConfUtils.java:logGet(46)) - raft.server.sleep.deviation.threshold = 300ms (default)
2024-05-22 11:32:16,824 [538779f6-f80f-4bc7-8424-1a47a535146d-groupManagement] INFO  server.RaftServer$Division (ServerState.java:<init>(113)) - 538779f6-f80f-4bc7-8424-1a47a535146d@group-5008F0A1828C: ConfigurationManager, init=-1: peers:[02a0afdf-1bea-47f6-ae97-5b8161c986a7|127.0.0.1:15085, 538779f6-f80f-4bc7-8424-1a47a535146d|127.0.0.1:15076, ae2fb675-4ad2-4742-b745-16c1dba3b70f|127.0.0.1:15094]|listeners:[], old=null, confs=<EMPTY_MAP>
2024-05-22 11:32:16,824 [538779f6-f80f-4bc7-8424-1a47a535146d-groupManagement] INFO  server.RaftServerConfigKeys (ConfUtils.java:logGet(46)) - raft.server.notification.no-leader.timeout = 300s (custom)
2024-05-22 11:32:16,824 [538779f6-f80f-4bc7-8424-1a47a535146d-groupManagement] INFO  server.RaftServerConfigKeys (ConfUtils.java:logGet(46)) - raft.server.read.timeout = 10s (default)
2024-05-22 11:32:16,824 [538779f6-f80f-4bc7-8424-1a47a535146d-groupManagement] INFO  server.RaftServerConfigKeys (ConfUtils.java:logGet(46)) - raft.server.retrycache.expirytime = 600000ms (custom)
2024-05-22 11:32:16,824 [538779f6-f80f-4bc7-8424-1a47a535146d-groupManagement] INFO  server.RaftServerConfigKeys (ConfUtils.java:logGet(46)) - raft.server.retrycache.statistics.expirytime = 100ms (default)
2024-05-22 11:32:16,824 [538779f6-f80f-4bc7-8424-1a47a535146d-groupManagement] INFO  server.RaftServerConfigKeys (ConfUtils.java:logGet(46)) - raft.server.read.option = DEFAULT (default)
2024-05-22 11:32:16,824 [538779f6-f80f-4bc7-8424-1a47a535146d-groupManagement] INFO  server.RaftServerConfigKeys (ConfUtils.java:logGet(46)) - raft.server.read.read-after-write-consistent.write-index-cache.expiry-time = 60s (default)
2024-05-22 11:32:16,825 [538779f6-f80f-4bc7-8424-1a47a535146d-groupManagement] INFO  server.RaftServerConfigKeys (ConfUtils.java:logGet(46)) - raft.server.rpc.request.timeout = 60s (custom)
2024-05-22 11:32:16,826 [538779f6-f80f-4bc7-8424-1a47a535146d-groupManagement] INFO  server.RaftServerConfigKeys (ConfUtils.java:logGet(46)) - raft.server.log.appender.install.snapshot.enabled = false (custom)
2024-05-22 11:32:16,826 [538779f6-f80f-4bc7-8424-1a47a535146d-groupManagement] INFO  server.RaftServerConfigKeys (ConfUtils.java:logGet(46)) - raft.server.threadpool.server.cached = true (default)
2024-05-22 11:32:16,826 [538779f6-f80f-4bc7-8424-1a47a535146d-groupManagement] INFO  server.RaftServerConfigKeys (ConfUtils.java:logGet(46)) - raft.server.threadpool.server.size = 0 (default)
2024-05-22 11:32:16,826 [538779f6-f80f-4bc7-8424-1a47a535146d-groupManagement] INFO  server.RaftServerConfigKeys (ConfUtils.java:logGet(46)) - raft.server.threadpool.client.cached = true (default)
2024-05-22 11:32:16,826 [538779f6-f80f-4bc7-8424-1a47a535146d-groupManagement] INFO  server.RaftServerConfigKeys (ConfUtils.java:logGet(46)) - raft.server.threadpool.client.size = 0 (default)
2024-05-22 11:32:16,826 [538779f6-f80f-4bc7-8424-1a47a535146d-groupManagement] INFO  server.RaftServerConfigKeys (ConfUtils.java:logGet(46)) - raft.server.storage.free-space.min = 0MB (=0) (default)
2024-05-22 11:32:16,826 [538779f6-f80f-4bc7-8424-1a47a535146d-groupManagement] INFO  server.RaftServerConfigKeys (ConfUtils.java:logGet(46)) - raft.server.log.corruption.policy = EXCEPTION (default)
2024-05-22 11:32:16,826 [538779f6-f80f-4bc7-8424-1a47a535146d-groupManagement] INFO  server.RaftServerConfigKeys (ConfUtils.java:logGet(46)) - raft.server.storage.dir = [/home/runner/work/ozone/ozone/hadoop-ozone/integration-test/target/test-dir/MiniOzoneClusterImpl-20f17314-7331-4214-8d7b-3220b0ea8e97/ozone-meta/datanode-1/ratis] (custom)
2024-05-22 11:32:16,826 [538779f6-f80f-4bc7-8424-1a47a535146d-groupManagement] INFO  storage.RaftStorageDirectory (RaftStorageDirectoryImpl.java:analyzeStorage(138)) - The storage directory /home/runner/work/ozone/ozone/hadoop-ozone/integration-test/target/test-dir/MiniOzoneClusterImpl-20f17314-7331-4214-8d7b-3220b0ea8e97/ozone-meta/datanode-1/ratis/5c335dc4-ee6b-41c8-9f32-5008f0a1828c does not exist. Creating ...
2024-05-22 11:32:16,827 [538779f6-f80f-4bc7-8424-1a47a535146d-groupManagement] INFO  storage.RaftStorageDirectory (RaftStorageDirectoryImpl.java:tryLock(228)) - Lock on /home/runner/work/ozone/ozone/hadoop-ozone/integration-test/target/test-dir/MiniOzoneClusterImpl-20f17314-7331-4214-8d7b-3220b0ea8e97/ozone-meta/datanode-1/ratis/5c335dc4-ee6b-41c8-9f32-5008f0a1828c/in_use.lock acquired by nodename 93779@fv-az572-394
2024-05-22 11:32:16,828 [538779f6-f80f-4bc7-8424-1a47a535146d-groupManagement] INFO  storage.RaftStorage (RaftStorageImpl.java:format(99)) - Storage directory /home/runner/work/ozone/ozone/hadoop-ozone/integration-test/target/test-dir/MiniOzoneClusterImpl-20f17314-7331-4214-8d7b-3220b0ea8e97/ozone-meta/datanode-1/ratis/5c335dc4-ee6b-41c8-9f32-5008f0a1828c has been successfully formatted.
2024-05-22 11:32:16,828 [538779f6-f80f-4bc7-8424-1a47a535146d-groupManagement] WARN  util.FileUtils (LogUtils.java:supplyAndLog(63)) - Failed to Files.newInputStream /home/runner/work/ozone/ozone/hadoop-ozone/integration-test/target/test-dir/MiniOzoneClusterImpl-20f17314-7331-4214-8d7b-3220b0ea8e97/ozone-meta/datanode-1/ratis/5c335dc4-ee6b-41c8-9f32-5008f0a1828c/current/raft-meta.conf with options []: java.nio.file.NoSuchFileException: /home/runner/work/ozone/ozone/hadoop-ozone/integration-test/target/test-dir/MiniOzoneClusterImpl-20f17314-7331-4214-8d7b-3220b0ea8e97/ozone-meta/datanode-1/ratis/5c335dc4-ee6b-41c8-9f32-5008f0a1828c/current/raft-meta.conf
2024-05-22 11:32:16,828 [538779f6-f80f-4bc7-8424-1a47a535146d-groupManagement] INFO  ratis.ContainerStateMachine (ContainerStateMachine.java:loadSnapshot(287)) - group-5008F0A1828C: The snapshot info is null. Setting the last applied index to:(t:0, i:~)
2024-05-22 11:32:16,828 [538779f6-f80f-4bc7-8424-1a47a535146d-groupManagement] INFO  server.RaftServerConfigKeys (ConfUtils.java:logGet(46)) - raft.server.log.use.memory = false (default)
2024-05-22 11:32:16,829 [538779f6-f80f-4bc7-8424-1a47a535146d-groupManagement] INFO  server.RaftServerConfigKeys (ConfUtils.java:logGet(46)) - raft.server.log.purge.gap = 1000000 (custom)
2024-05-22 11:32:16,829 [538779f6-f80f-4bc7-8424-1a47a535146d-groupManagement] INFO  server.RaftServerConfigKeys (ConfUtils.java:logGet(46)) - raft.server.log.appender.buffer.byte-limit = 8388608 (custom)
2024-05-22 11:32:16,829 [538779f6-f80f-4bc7-8424-1a47a535146d-groupManagement] INFO  server.RaftServerConfigKeys (ConfUtils.java:logGet(46)) - raft.server.log.statemachine.data.read.timeout = 1000ms (default)
2024-05-22 11:32:16,829 [538779f6-f80f-4bc7-8424-1a47a535146d-groupManagement] INFO  server.RaftServerConfigKeys (ConfUtils.java:logGet(46)) - raft.server.log.purge.preservation.log.num = 0 (default)
2024-05-22 11:32:16,829 [538779f6-f80f-4bc7-8424-1a47a535146d-groupManagement] INFO  server.RaftServerConfigKeys (ConfUtils.java:logGet(46)) - raft.server.log.segment.size.max = 67108864 (custom)
2024-05-22 11:32:16,830 [538779f6-f80f-4bc7-8424-1a47a535146d-groupManagement] INFO  server.RaftServerConfigKeys (ConfUtils.java:logGet(46)) - raft.server.log.segment.cache.num.max = 2 (custom)
2024-05-22 11:32:16,830 [538779f6-f80f-4bc7-8424-1a47a535146d-groupManagement] INFO  server.RaftServerConfigKeys (ConfUtils.java:logGet(46)) - raft.server.log.segment.cache.size.max = 200MB (=209715200) (default)
2024-05-22 11:32:16,830 [538779f6-f80f-4bc7-8424-1a47a535146d-groupManagement] INFO  server.RaftServerConfigKeys (ConfUtils.java:logGet(46)) - raft.server.log.appender.buffer.byte-limit = 8388608 (custom)
2024-05-22 11:32:16,830 [538779f6-f80f-4bc7-8424-1a47a535146d-groupManagement] INFO  util.AwaitToRun (AwaitToRun.java:start(81)) - Thread[538779f6-f80f-4bc7-8424-1a47a535146d@group-5008F0A1828C-cacheEviction-AwaitToRun,5,main] started
2024-05-22 11:32:16,830 [538779f6-f80f-4bc7-8424-1a47a535146d-groupManagement] INFO  segmented.SegmentedRaftLogWorker (SegmentedRaftLogWorker.java:<init>(182)) - new 538779f6-f80f-4bc7-8424-1a47a535146d@group-5008F0A1828C-SegmentedRaftLogWorker for RaftStorageImpl:Storage Directory /home/runner/work/ozone/ozone/hadoop-ozone/integration-test/target/test-dir/MiniOzoneClusterImpl-20f17314-7331-4214-8d7b-3220b0ea8e97/ozone-meta/datanode-1/ratis/5c335dc4-ee6b-41c8-9f32-5008f0a1828c
2024-05-22 11:32:16,830 [538779f6-f80f-4bc7-8424-1a47a535146d-groupManagement] INFO  server.RaftServerConfigKeys (ConfUtils.java:logGet(46)) - raft.server.log.queue.byte-limit = 4294967296 (custom)
2024-05-22 11:32:16,830 [538779f6-f80f-4bc7-8424-1a47a535146d-groupManagement] INFO  server.RaftServerConfigKeys (ConfUtils.java:logGet(46)) - raft.server.log.queue.element-limit = 1024 (custom)
2024-05-22 11:32:16,830 [538779f6-f80f-4bc7-8424-1a47a535146d-groupManagement] INFO  server.RaftServerConfigKeys (ConfUtils.java:logGet(46)) - raft.server.log.segment.size.max = 67108864 (custom)
2024-05-22 11:32:16,830 [538779f6-f80f-4bc7-8424-1a47a535146d-groupManagement] INFO  server.RaftServerConfigKeys (ConfUtils.java:logGet(46)) - raft.server.log.preallocated.size = 4194304 (custom)
2024-05-22 11:32:16,830 [538779f6-f80f-4bc7-8424-1a47a535146d-groupManagement] INFO  server.RaftServerConfigKeys (ConfUtils.java:logGet(46)) - raft.server.log.force.sync.num = 128 (default)
2024-05-22 11:32:16,830 [538779f6-f80f-4bc7-8424-1a47a535146d-groupManagement] INFO  server.RaftServerConfigKeys (ConfUtils.java:logGet(46)) - raft.server.log.statemachine.data.sync = true (default)
2024-05-22 11:32:16,830 [538779f6-f80f-4bc7-8424-1a47a535146d-groupManagement] INFO  server.RaftServerConfigKeys (ConfUtils.java:logGet(46)) - raft.server.log.statemachine.data.sync.timeout = 10s (default)
2024-05-22 11:32:16,830 [538779f6-f80f-4bc7-8424-1a47a535146d-groupManagement] INFO  server.RaftServerConfigKeys (ConfUtils.java:logGet(46)) - raft.server.log.statemachine.data.sync.timeout.retry = 30 (custom)
2024-05-22 11:32:16,831 [538779f6-f80f-4bc7-8424-1a47a535146d-groupManagement] INFO  server.RaftServerConfigKeys (ConfUtils.java:logGet(46)) - raft.server.log.write.buffer.size = 8388616 (custom)
2024-05-22 11:32:16,831 [EventQueue-OpenPipelineForHealthyPipelineSafeModeRule] INFO  safemode.SCMSafeModeManager (HealthyPipelineSafeModeRule.java:process(140)) - SCM in safe mode. Healthy pipelines reported count is 0, required healthy pipeline reported count is 1
2024-05-22 11:32:16,833 [538779f6-f80f-4bc7-8424-1a47a535146d-groupManagement] INFO  server.RaftServerConfigKeys (ConfUtils.java:logGet(46)) - raft.server.log.appender.buffer.byte-limit = 8388608 (custom)
2024-05-22 11:32:16,833 [538779f6-f80f-4bc7-8424-1a47a535146d-groupManagement] INFO  server.RaftServerConfigKeys (ConfUtils.java:logGet(46)) - raft.server.log.unsafe-flush.enabled = false (default)
2024-05-22 11:32:16,833 [538779f6-f80f-4bc7-8424-1a47a535146d-groupManagement] INFO  server.RaftServerConfigKeys (ConfUtils.java:logGet(46)) - raft.server.log.async-flush.enabled = false (default)
2024-05-22 11:32:16,833 [538779f6-f80f-4bc7-8424-1a47a535146d-groupManagement] INFO  server.RaftServerConfigKeys (ConfUtils.java:logGet(46)) - raft.server.log.statemachine.data.caching.enabled = true (custom)
2024-05-22 11:32:16,833 [538779f6-f80f-4bc7-8424-1a47a535146d-groupManagement] INFO  segmented.SegmentedRaftLogWorker (SegmentedRaftLogWorker.java:lambda$new$0(134)) - 538779f6-f80f-4bc7-8424-1a47a535146d@group-5008F0A1828C-SegmentedRaftLogWorker: flushIndex: setUnconditionally 0 -> -1
2024-05-22 11:32:16,833 [538779f6-f80f-4bc7-8424-1a47a535146d-groupManagement] INFO  segmented.SegmentedRaftLogWorker (SegmentedRaftLogWorker.java:lambda$new$0(134)) - 538779f6-f80f-4bc7-8424-1a47a535146d@group-5008F0A1828C-SegmentedRaftLogWorker: safeCacheEvictIndex: setUnconditionally 0 -> -1
2024-05-22 11:32:16,837 [538779f6-f80f-4bc7-8424-1a47a535146d-groupManagement] INFO  server.RaftServer$Division (RaftServerImpl.java:start(396)) - 538779f6-f80f-4bc7-8424-1a47a535146d@group-5008F0A1828C: start as a follower, conf=-1: peers:[02a0afdf-1bea-47f6-ae97-5b8161c986a7|127.0.0.1:15085, 538779f6-f80f-4bc7-8424-1a47a535146d|127.0.0.1:15076, ae2fb675-4ad2-4742-b745-16c1dba3b70f|127.0.0.1:15094]|listeners:[], old=null
2024-05-22 11:32:16,837 [538779f6-f80f-4bc7-8424-1a47a535146d-groupManagement] INFO  server.RaftServer$Division (RaftServerImpl.java:setRole(383)) - 538779f6-f80f-4bc7-8424-1a47a535146d@group-5008F0A1828C: changes role from      null to FOLLOWER at term 0 for startAsFollower
2024-05-22 11:32:16,837 [538779f6-f80f-4bc7-8424-1a47a535146d-groupManagement] INFO  impl.RoleInfo (RoleInfo.java:updateAndGet(139)) - 538779f6-f80f-4bc7-8424-1a47a535146d: start 538779f6-f80f-4bc7-8424-1a47a535146d@group-5008F0A1828C-FollowerState
2024-05-22 11:32:16,837 [538779f6-f80f-4bc7-8424-1a47a535146d-groupManagement] INFO  util.JmxRegister (JmxRegister.java:tryRegister(44)) - Successfully registered JMX Bean with object name Ratis:service=RaftServer,group=group-5008F0A1828C,id=538779f6-f80f-4bc7-8424-1a47a535146d
2024-05-22 11:32:16,837 [538779f6-f80f-4bc7-8424-1a47a535146d@group-5008F0A1828C-FollowerState] INFO  server.RaftServerConfigKeys (ConfUtils.java:logFallback(53)) - raft.server.rpc.first-election.timeout.min = 5s (fallback to raft.server.rpc.timeout.min)
2024-05-22 11:32:16,838 [538779f6-f80f-4bc7-8424-1a47a535146d-groupManagement] INFO  server.RaftServerConfigKeys (ConfUtils.java:logGet(46)) - raft.server.snapshot.trigger-when-stop.enabled = true (default)
2024-05-22 11:32:16,838 [538779f6-f80f-4bc7-8424-1a47a535146d-groupManagement] INFO  server.RaftServerConfigKeys (ConfUtils.java:logGet(46)) - raft.server.snapshot.auto.trigger.enabled = true (custom)
2024-05-22 11:32:16,838 [538779f6-f80f-4bc7-8424-1a47a535146d-groupManagement] INFO  server.RaftServerConfigKeys (ConfUtils.java:logGet(46)) - raft.server.snapshot.auto.trigger.threshold = 10000 (custom)
2024-05-22 11:32:16,838 [538779f6-f80f-4bc7-8424-1a47a535146d-groupManagement] INFO  server.RaftServerConfigKeys (ConfUtils.java:logGet(46)) - raft.server.snapshot.retention.file.num = 5 (custom)
2024-05-22 11:32:16,838 [538779f6-f80f-4bc7-8424-1a47a535146d-groupManagement] INFO  server.RaftServerConfigKeys (ConfUtils.java:logGet(46)) - raft.server.log.purge.upto.snapshot.index = false (default)
2024-05-22 11:32:16,838 [538779f6-f80f-4bc7-8424-1a47a535146d@group-5008F0A1828C-FollowerState] INFO  server.RaftServerConfigKeys (ConfUtils.java:logFallback(53)) - raft.server.rpc.first-election.timeout.max = 5200ms (fallback to raft.server.rpc.timeout.max)
2024-05-22 11:32:16,838 [538779f6-f80f-4bc7-8424-1a47a535146d-PipelineCommandHandlerThread-0] INFO  ratis.XceiverServerRatis (XceiverServerRatis.java:addGroup(864)) - Created group PipelineID=5c335dc4-ee6b-41c8-9f32-5008f0a1828c
2024-05-22 11:32:16,842 [02a0afdf-1bea-47f6-ae97-5b8161c986a7-groupManagement] INFO  server.RaftServer$Division (RaftServerImpl.java:<init>(256)) - 02a0afdf-1bea-47f6-ae97-5b8161c986a7: new RaftServerImpl for group-4540A0F0F71C:[02a0afdf-1bea-47f6-ae97-5b8161c986a7|127.0.0.1:15085] with ContainerStateMachine:uninitialized
2024-05-22 11:32:16,842 [02a0afdf-1bea-47f6-ae97-5b8161c986a7-groupManagement] INFO  server.RaftServerConfigKeys (ConfUtils.java:logGet(46)) - raft.server.rpc.timeout.min = 5s (custom)
2024-05-22 11:32:16,842 [02a0afdf-1bea-47f6-ae97-5b8161c986a7-groupManagement] INFO  server.RaftServerConfigKeys (ConfUtils.java:logGet(46)) - raft.server.rpc.timeout.max = 5200ms (custom)
2024-05-22 11:32:16,842 [02a0afdf-1bea-47f6-ae97-5b8161c986a7-groupManagement] INFO  server.RaftServerConfigKeys (ConfUtils.java:logGet(46)) - raft.server.rpc.sleep.time = 25ms (default)
2024-05-22 11:32:16,842 [02a0afdf-1bea-47f6-ae97-5b8161c986a7-groupManagement] INFO  server.RaftServerConfigKeys (ConfUtils.java:logGet(46)) - raft.server.rpc.slowness.timeout = 300s (custom)
2024-05-22 11:32:16,842 [02a0afdf-1bea-47f6-ae97-5b8161c986a7-groupManagement] INFO  server.RaftServerConfigKeys (ConfUtils.java:logGet(46)) - raft.server.leaderelection.leader.step-down.wait-time = 10s (default)
2024-05-22 11:32:16,842 [02a0afdf-1bea-47f6-ae97-5b8161c986a7-groupManagement] INFO  server.RaftServerConfigKeys (ConfUtils.java:logGet(46)) - raft.server.leaderelection.member.majority-add = false (default)
2024-05-22 11:32:16,842 [02a0afdf-1bea-47f6-ae97-5b8161c986a7-groupManagement] INFO  server.RaftServerConfigKeys (ConfUtils.java:logGet(46)) - raft.server.sleep.deviation.threshold = 300ms (default)
2024-05-22 11:32:16,842 [02a0afdf-1bea-47f6-ae97-5b8161c986a7-groupManagement] INFO  server.RaftServer$Division (ServerState.java:<init>(113)) - 02a0afdf-1bea-47f6-ae97-5b8161c986a7@group-4540A0F0F71C: ConfigurationManager, init=-1: peers:[02a0afdf-1bea-47f6-ae97-5b8161c986a7|127.0.0.1:15085]|listeners:[], old=null, confs=<EMPTY_MAP>
2024-05-22 11:32:16,842 [02a0afdf-1bea-47f6-ae97-5b8161c986a7-groupManagement] INFO  server.RaftServerConfigKeys (ConfUtils.java:logGet(46)) - raft.server.notification.no-leader.timeout = 300s (custom)
2024-05-22 11:32:16,842 [02a0afdf-1bea-47f6-ae97-5b8161c986a7-groupManagement] INFO  server.RaftServerConfigKeys (ConfUtils.java:logGet(46)) - raft.server.read.timeout = 10s (default)
2024-05-22 11:32:16,842 [02a0afdf-1bea-47f6-ae97-5b8161c986a7-groupManagement] INFO  server.RaftServerConfigKeys (ConfUtils.java:logGet(46)) - raft.server.retrycache.expirytime = 600000ms (custom)
2024-05-22 11:32:16,842 [02a0afdf-1bea-47f6-ae97-5b8161c986a7-groupManagement] INFO  server.RaftServerConfigKeys (ConfUtils.java:logGet(46)) - raft.server.retrycache.statistics.expirytime = 100ms (default)
2024-05-22 11:32:16,842 [02a0afdf-1bea-47f6-ae97-5b8161c986a7-groupManagement] INFO  server.RaftServerConfigKeys (ConfUtils.java:logGet(46)) - raft.server.read.option = DEFAULT (default)
2024-05-22 11:32:16,842 [02a0afdf-1bea-47f6-ae97-5b8161c986a7-groupManagement] INFO  server.RaftServerConfigKeys (ConfUtils.java:logGet(46)) - raft.server.read.read-after-write-consistent.write-index-cache.expiry-time = 60s (default)
2024-05-22 11:32:16,844 [02a0afdf-1bea-47f6-ae97-5b8161c986a7-groupManagement] INFO  server.RaftServerConfigKeys (ConfUtils.java:logGet(46)) - raft.server.rpc.request.timeout = 60s (custom)
2024-05-22 11:32:16,844 [02a0afdf-1bea-47f6-ae97-5b8161c986a7-groupManagement] INFO  server.RaftServerConfigKeys (ConfUtils.java:logGet(46)) - raft.server.log.appender.install.snapshot.enabled = false (custom)
2024-05-22 11:32:16,844 [02a0afdf-1bea-47f6-ae97-5b8161c986a7-groupManagement] INFO  server.RaftServerConfigKeys (ConfUtils.java:logGet(46)) - raft.server.threadpool.server.cached = true (default)
2024-05-22 11:32:16,844 [02a0afdf-1bea-47f6-ae97-5b8161c986a7-groupManagement] INFO  server.RaftServerConfigKeys (ConfUtils.java:logGet(46)) - raft.server.threadpool.server.size = 0 (default)
2024-05-22 11:32:16,844 [02a0afdf-1bea-47f6-ae97-5b8161c986a7-groupManagement] INFO  server.RaftServerConfigKeys (ConfUtils.java:logGet(46)) - raft.server.threadpool.client.cached = true (default)
2024-05-22 11:32:16,844 [02a0afdf-1bea-47f6-ae97-5b8161c986a7-groupManagement] INFO  server.RaftServerConfigKeys (ConfUtils.java:logGet(46)) - raft.server.threadpool.client.size = 0 (default)
2024-05-22 11:32:16,847 [02a0afdf-1bea-47f6-ae97-5b8161c986a7-PipelineCommandHandlerThread-0] INFO  server.RaftServer (RaftServerProxy.java:addNew(100)) - 02a0afdf-1bea-47f6-ae97-5b8161c986a7: addNew group-4540A0F0F71C:[02a0afdf-1bea-47f6-ae97-5b8161c986a7|127.0.0.1:15085] returns      null 02a0afdf-1bea-47f6-ae97-5b8161c986a7@group-4540A0F0F71C:t0, leader=null, voted=null, raftlog=UNINITIALIZED, conf=-1: peers:[02a0afdf-1bea-47f6-ae97-5b8161c986a7|127.0.0.1:15085]|listeners:[], old=null NEW
2024-05-22 11:32:16,848 [grpc-default-executor-0] INFO  server.RaftServer (RaftServerProxy.java:addNew(100)) - 02a0afdf-1bea-47f6-ae97-5b8161c986a7: addNew group-5008F0A1828C:[02a0afdf-1bea-47f6-ae97-5b8161c986a7|127.0.0.1:15085, 538779f6-f80f-4bc7-8424-1a47a535146d|127.0.0.1:15076, ae2fb675-4ad2-4742-b745-16c1dba3b70f|127.0.0.1:15094] returns group-5008F0A1828C:java.util.concurrent.CompletableFuture@625597dc[Not completed]
2024-05-22 11:32:16,848 [02a0afdf-1bea-47f6-ae97-5b8161c986a7-groupManagement] INFO  server.RaftServerConfigKeys (ConfUtils.java:logGet(46)) - raft.server.storage.free-space.min = 0MB (=0) (default)
2024-05-22 11:32:16,848 [02a0afdf-1bea-47f6-ae97-5b8161c986a7-groupManagement] INFO  server.RaftServerConfigKeys (ConfUtils.java:logGet(46)) - raft.server.log.corruption.policy = EXCEPTION (default)
2024-05-22 11:32:16,848 [02a0afdf-1bea-47f6-ae97-5b8161c986a7-groupManagement] INFO  server.RaftServerConfigKeys (ConfUtils.java:logGet(46)) - raft.server.storage.dir = [/home/runner/work/ozone/ozone/hadoop-ozone/integration-test/target/test-dir/MiniOzoneClusterImpl-20f17314-7331-4214-8d7b-3220b0ea8e97/ozone-meta/datanode-2/ratis] (custom)
2024-05-22 11:32:16,848 [02a0afdf-1bea-47f6-ae97-5b8161c986a7-groupManagement] INFO  storage.RaftStorageDirectory (RaftStorageDirectoryImpl.java:analyzeStorage(138)) - The storage directory /home/runner/work/ozone/ozone/hadoop-ozone/integration-test/target/test-dir/MiniOzoneClusterImpl-20f17314-7331-4214-8d7b-3220b0ea8e97/ozone-meta/datanode-2/ratis/a02160c5-13de-4f1f-9837-4540a0f0f71c does not exist. Creating ...
2024-05-22 11:32:16,849 [02a0afdf-1bea-47f6-ae97-5b8161c986a7-groupManagement] INFO  storage.RaftStorageDirectory (RaftStorageDirectoryImpl.java:tryLock(228)) - Lock on /home/runner/work/ozone/ozone/hadoop-ozone/integration-test/target/test-dir/MiniOzoneClusterImpl-20f17314-7331-4214-8d7b-3220b0ea8e97/ozone-meta/datanode-2/ratis/a02160c5-13de-4f1f-9837-4540a0f0f71c/in_use.lock acquired by nodename 93779@fv-az572-394
2024-05-22 11:32:16,850 [02a0afdf-1bea-47f6-ae97-5b8161c986a7-groupManagement] INFO  storage.RaftStorage (RaftStorageImpl.java:format(99)) - Storage directory /home/runner/work/ozone/ozone/hadoop-ozone/integration-test/target/test-dir/MiniOzoneClusterImpl-20f17314-7331-4214-8d7b-3220b0ea8e97/ozone-meta/datanode-2/ratis/a02160c5-13de-4f1f-9837-4540a0f0f71c has been successfully formatted.
2024-05-22 11:32:16,850 [02a0afdf-1bea-47f6-ae97-5b8161c986a7-groupManagement] WARN  util.FileUtils (LogUtils.java:supplyAndLog(63)) - Failed to Files.newInputStream /home/runner/work/ozone/ozone/hadoop-ozone/integration-test/target/test-dir/MiniOzoneClusterImpl-20f17314-7331-4214-8d7b-3220b0ea8e97/ozone-meta/datanode-2/ratis/a02160c5-13de-4f1f-9837-4540a0f0f71c/current/raft-meta.conf with options []: java.nio.file.NoSuchFileException: /home/runner/work/ozone/ozone/hadoop-ozone/integration-test/target/test-dir/MiniOzoneClusterImpl-20f17314-7331-4214-8d7b-3220b0ea8e97/ozone-meta/datanode-2/ratis/a02160c5-13de-4f1f-9837-4540a0f0f71c/current/raft-meta.conf
2024-05-22 11:32:16,850 [02a0afdf-1bea-47f6-ae97-5b8161c986a7-groupManagement] INFO  ratis.ContainerStateMachine (ContainerStateMachine.java:loadSnapshot(287)) - group-4540A0F0F71C: The snapshot info is null. Setting the last applied index to:(t:0, i:~)
2024-05-22 11:32:16,853 [EventQueue-PipelineReportForPipelineReportHandler] INFO  pipeline.PipelineReportHandler (PipelineReportHandler.java:processPipelineReport(136)) - Opened pipeline PipelineID=a02160c5-13de-4f1f-9837-4540a0f0f71c
2024-05-22 11:32:16,853 [02a0afdf-1bea-47f6-ae97-5b8161c986a7-groupManagement] INFO  server.RaftServerConfigKeys (ConfUtils.java:logGet(46)) - raft.server.log.use.memory = false (default)
2024-05-22 11:32:16,853 [EventQueue-OpenPipelineForHealthyPipelineSafeModeRule] INFO  safemode.SCMSafeModeManager (HealthyPipelineSafeModeRule.java:process(140)) - SCM in safe mode. Healthy pipelines reported count is 0, required healthy pipeline reported count is 1
2024-05-22 11:32:16,853 [02a0afdf-1bea-47f6-ae97-5b8161c986a7-groupManagement] INFO  server.RaftServerConfigKeys (ConfUtils.java:logGet(46)) - raft.server.log.purge.gap = 1000000 (custom)
2024-05-22 11:32:16,853 [02a0afdf-1bea-47f6-ae97-5b8161c986a7-groupManagement] INFO  server.RaftServerConfigKeys (ConfUtils.java:logGet(46)) - raft.server.log.appender.buffer.byte-limit = 8388608 (custom)
2024-05-22 11:32:16,853 [02a0afdf-1bea-47f6-ae97-5b8161c986a7-groupManagement] INFO  server.RaftServerConfigKeys (ConfUtils.java:logGet(46)) - raft.server.log.statemachine.data.read.timeout = 1000ms (default)
2024-05-22 11:32:16,853 [02a0afdf-1bea-47f6-ae97-5b8161c986a7-groupManagement] INFO  server.RaftServerConfigKeys (ConfUtils.java:logGet(46)) - raft.server.log.purge.preservation.log.num = 0 (default)
2024-05-22 11:32:16,854 [02a0afdf-1bea-47f6-ae97-5b8161c986a7-groupManagement] INFO  server.RaftServerConfigKeys (ConfUtils.java:logGet(46)) - raft.server.log.segment.size.max = 67108864 (custom)
2024-05-22 11:32:16,854 [02a0afdf-1bea-47f6-ae97-5b8161c986a7-groupManagement] INFO  server.RaftServerConfigKeys (ConfUtils.java:logGet(46)) - raft.server.log.segment.cache.num.max = 2 (custom)
2024-05-22 11:32:16,854 [02a0afdf-1bea-47f6-ae97-5b8161c986a7-groupManagement] INFO  server.RaftServerConfigKeys (ConfUtils.java:logGet(46)) - raft.server.log.segment.cache.size.max = 200MB (=209715200) (default)
2024-05-22 11:32:16,854 [02a0afdf-1bea-47f6-ae97-5b8161c986a7-groupManagement] INFO  server.RaftServerConfigKeys (ConfUtils.java:logGet(46)) - raft.server.log.appender.buffer.byte-limit = 8388608 (custom)
2024-05-22 11:32:16,855 [02a0afdf-1bea-47f6-ae97-5b8161c986a7-groupManagement] INFO  util.AwaitToRun (AwaitToRun.java:start(81)) - Thread[02a0afdf-1bea-47f6-ae97-5b8161c986a7@group-4540A0F0F71C-cacheEviction-AwaitToRun,5,main] started
2024-05-22 11:32:16,855 [02a0afdf-1bea-47f6-ae97-5b8161c986a7-groupManagement] INFO  segmented.SegmentedRaftLogWorker (SegmentedRaftLogWorker.java:<init>(182)) - new 02a0afdf-1bea-47f6-ae97-5b8161c986a7@group-4540A0F0F71C-SegmentedRaftLogWorker for RaftStorageImpl:Storage Directory /home/runner/work/ozone/ozone/hadoop-ozone/integration-test/target/test-dir/MiniOzoneClusterImpl-20f17314-7331-4214-8d7b-3220b0ea8e97/ozone-meta/datanode-2/ratis/a02160c5-13de-4f1f-9837-4540a0f0f71c
2024-05-22 11:32:16,855 [02a0afdf-1bea-47f6-ae97-5b8161c986a7-groupManagement] INFO  server.RaftServerConfigKeys (ConfUtils.java:logGet(46)) - raft.server.log.queue.byte-limit = 4294967296 (custom)
2024-05-22 11:32:16,855 [02a0afdf-1bea-47f6-ae97-5b8161c986a7-groupManagement] INFO  server.RaftServerConfigKeys (ConfUtils.java:logGet(46)) - raft.server.log.queue.element-limit = 1024 (custom)
2024-05-22 11:32:16,855 [02a0afdf-1bea-47f6-ae97-5b8161c986a7-groupManagement] INFO  server.RaftServerConfigKeys (ConfUtils.java:logGet(46)) - raft.server.log.segment.size.max = 67108864 (custom)
2024-05-22 11:32:16,855 [02a0afdf-1bea-47f6-ae97-5b8161c986a7-groupManagement] INFO  server.RaftServerConfigKeys (ConfUtils.java:logGet(46)) - raft.server.log.preallocated.size = 4194304 (custom)
2024-05-22 11:32:16,855 [02a0afdf-1bea-47f6-ae97-5b8161c986a7-groupManagement] INFO  server.RaftServerConfigKeys (ConfUtils.java:logGet(46)) - raft.server.log.force.sync.num = 128 (default)
2024-05-22 11:32:16,855 [02a0afdf-1bea-47f6-ae97-5b8161c986a7-groupManagement] INFO  server.RaftServerConfigKeys (ConfUtils.java:logGet(46)) - raft.server.log.statemachine.data.sync = true (default)
2024-05-22 11:32:16,855 [02a0afdf-1bea-47f6-ae97-5b8161c986a7-groupManagement] INFO  server.RaftServerConfigKeys (ConfUtils.java:logGet(46)) - raft.server.log.statemachine.data.sync.timeout = 10s (default)
2024-05-22 11:32:16,856 [02a0afdf-1bea-47f6-ae97-5b8161c986a7-groupManagement] INFO  server.RaftServerConfigKeys (ConfUtils.java:logGet(46)) - raft.server.log.statemachine.data.sync.timeout.retry = 30 (custom)
2024-05-22 11:32:16,856 [02a0afdf-1bea-47f6-ae97-5b8161c986a7-groupManagement] INFO  server.RaftServerConfigKeys (ConfUtils.java:logGet(46)) - raft.server.log.write.buffer.size = 8388616 (custom)
2024-05-22 11:32:16,858 [02a0afdf-1bea-47f6-ae97-5b8161c986a7-groupManagement] INFO  server.RaftServerConfigKeys (ConfUtils.java:logGet(46)) - raft.server.log.appender.buffer.byte-limit = 8388608 (custom)
2024-05-22 11:32:16,858 [02a0afdf-1bea-47f6-ae97-5b8161c986a7-groupManagement] INFO  server.RaftServerConfigKeys (ConfUtils.java:logGet(46)) - raft.server.log.unsafe-flush.enabled = false (default)
2024-05-22 11:32:16,858 [02a0afdf-1bea-47f6-ae97-5b8161c986a7-groupManagement] INFO  server.RaftServerConfigKeys (ConfUtils.java:logGet(46)) - raft.server.log.async-flush.enabled = false (default)
2024-05-22 11:32:16,858 [02a0afdf-1bea-47f6-ae97-5b8161c986a7-groupManagement] INFO  server.RaftServerConfigKeys (ConfUtils.java:logGet(46)) - raft.server.log.statemachine.data.caching.enabled = true (custom)
2024-05-22 11:32:16,858 [02a0afdf-1bea-47f6-ae97-5b8161c986a7-groupManagement] INFO  segmented.SegmentedRaftLogWorker (SegmentedRaftLogWorker.java:lambda$new$0(134)) - 02a0afdf-1bea-47f6-ae97-5b8161c986a7@group-4540A0F0F71C-SegmentedRaftLogWorker: flushIndex: setUnconditionally 0 -> -1
2024-05-22 11:32:16,858 [02a0afdf-1bea-47f6-ae97-5b8161c986a7-groupManagement] INFO  segmented.SegmentedRaftLogWorker (SegmentedRaftLogWorker.java:lambda$new$0(134)) - 02a0afdf-1bea-47f6-ae97-5b8161c986a7@group-4540A0F0F71C-SegmentedRaftLogWorker: safeCacheEvictIndex: setUnconditionally 0 -> -1
2024-05-22 11:32:16,858 [02a0afdf-1bea-47f6-ae97-5b8161c986a7-groupManagement] INFO  server.RaftServer$Division (RaftServerImpl.java:start(396)) - 02a0afdf-1bea-47f6-ae97-5b8161c986a7@group-4540A0F0F71C: start as a follower, conf=-1: peers:[02a0afdf-1bea-47f6-ae97-5b8161c986a7|127.0.0.1:15085]|listeners:[], old=null
2024-05-22 11:32:16,858 [02a0afdf-1bea-47f6-ae97-5b8161c986a7-groupManagement] INFO  server.RaftServer$Division (RaftServerImpl.java:setRole(383)) - 02a0afdf-1bea-47f6-ae97-5b8161c986a7@group-4540A0F0F71C: changes role from      null to FOLLOWER at term 0 for startAsFollower
2024-05-22 11:32:16,858 [02a0afdf-1bea-47f6-ae97-5b8161c986a7-groupManagement] INFO  impl.RoleInfo (RoleInfo.java:updateAndGet(139)) - 02a0afdf-1bea-47f6-ae97-5b8161c986a7: start 02a0afdf-1bea-47f6-ae97-5b8161c986a7@group-4540A0F0F71C-FollowerState
2024-05-22 11:32:16,859 [02a0afdf-1bea-47f6-ae97-5b8161c986a7-groupManagement] INFO  util.JmxRegister (JmxRegister.java:tryRegister(44)) - Successfully registered JMX Bean with object name Ratis:service=RaftServer,group=group-4540A0F0F71C,id=02a0afdf-1bea-47f6-ae97-5b8161c986a7
2024-05-22 11:32:16,859 [02a0afdf-1bea-47f6-ae97-5b8161c986a7-groupManagement] INFO  server.RaftServerConfigKeys (ConfUtils.java:logGet(46)) - raft.server.snapshot.trigger-when-stop.enabled = true (default)
2024-05-22 11:32:16,859 [02a0afdf-1bea-47f6-ae97-5b8161c986a7-groupManagement] INFO  server.RaftServerConfigKeys (ConfUtils.java:logGet(46)) - raft.server.snapshot.auto.trigger.enabled = true (custom)
2024-05-22 11:32:16,859 [02a0afdf-1bea-47f6-ae97-5b8161c986a7-groupManagement] INFO  server.RaftServerConfigKeys (ConfUtils.java:logGet(46)) - raft.server.snapshot.auto.trigger.threshold = 10000 (custom)
2024-05-22 11:32:16,859 [02a0afdf-1bea-47f6-ae97-5b8161c986a7-groupManagement] INFO  server.RaftServerConfigKeys (ConfUtils.java:logGet(46)) - raft.server.snapshot.retention.file.num = 5 (custom)
2024-05-22 11:32:16,859 [02a0afdf-1bea-47f6-ae97-5b8161c986a7-groupManagement] INFO  server.RaftServerConfigKeys (ConfUtils.java:logGet(46)) - raft.server.log.purge.upto.snapshot.index = false (default)
2024-05-22 11:32:16,859 [02a0afdf-1bea-47f6-ae97-5b8161c986a7-PipelineCommandHandlerThread-0] INFO  ratis.XceiverServerRatis (XceiverServerRatis.java:addGroup(864)) - Created group PipelineID=a02160c5-13de-4f1f-9837-4540a0f0f71c
2024-05-22 11:32:16,859 [02a0afdf-1bea-47f6-ae97-5b8161c986a7-PipelineCommandHandlerThread-0] INFO  commandhandler.CreatePipelineCommandHandler (CreatePipelineCommandHandler.java:lambda$handle$2(124)) - Created Pipeline RATIS ONE PipelineID=a02160c5-13de-4f1f-9837-4540a0f0f71c.
2024-05-22 11:32:16,860 [02a0afdf-1bea-47f6-ae97-5b8161c986a7-groupManagement] INFO  server.RaftServer$Division (RaftServerImpl.java:<init>(256)) - 02a0afdf-1bea-47f6-ae97-5b8161c986a7: new RaftServerImpl for group-5008F0A1828C:[02a0afdf-1bea-47f6-ae97-5b8161c986a7|127.0.0.1:15085, 538779f6-f80f-4bc7-8424-1a47a535146d|127.0.0.1:15076, ae2fb675-4ad2-4742-b745-16c1dba3b70f|127.0.0.1:15094] with ContainerStateMachine:uninitialized
2024-05-22 11:32:16,860 [02a0afdf-1bea-47f6-ae97-5b8161c986a7-groupManagement] INFO  server.RaftServerConfigKeys (ConfUtils.java:logGet(46)) - raft.server.rpc.timeout.min = 5s (custom)
2024-05-22 11:32:16,860 [02a0afdf-1bea-47f6-ae97-5b8161c986a7-groupManagement] INFO  server.RaftServerConfigKeys (ConfUtils.java:logGet(46)) - raft.server.rpc.timeout.max = 5200ms (custom)
2024-05-22 11:32:16,860 [02a0afdf-1bea-47f6-ae97-5b8161c986a7-groupManagement] INFO  server.RaftServerConfigKeys (ConfUtils.java:logGet(46)) - raft.server.rpc.sleep.time = 25ms (default)
2024-05-22 11:32:16,860 [02a0afdf-1bea-47f6-ae97-5b8161c986a7-groupManagement] INFO  server.RaftServerConfigKeys (ConfUtils.java:logGet(46)) - raft.server.rpc.slowness.timeout = 300s (custom)
2024-05-22 11:32:16,860 [02a0afdf-1bea-47f6-ae97-5b8161c986a7-groupManagement] INFO  server.RaftServerConfigKeys (ConfUtils.java:logGet(46)) - raft.server.leaderelection.leader.step-down.wait-time = 10s (default)
2024-05-22 11:32:16,861 [02a0afdf-1bea-47f6-ae97-5b8161c986a7-groupManagement] INFO  server.RaftServerConfigKeys (ConfUtils.java:logGet(46)) - raft.server.leaderelection.member.majority-add = false (default)
2024-05-22 11:32:16,861 [02a0afdf-1bea-47f6-ae97-5b8161c986a7-groupManagement] INFO  server.RaftServerConfigKeys (ConfUtils.java:logGet(46)) - raft.server.sleep.deviation.threshold = 300ms (default)
2024-05-22 11:32:16,861 [02a0afdf-1bea-47f6-ae97-5b8161c986a7-groupManagement] INFO  server.RaftServer$Division (ServerState.java:<init>(113)) - 02a0afdf-1bea-47f6-ae97-5b8161c986a7@group-5008F0A1828C: ConfigurationManager, init=-1: peers:[02a0afdf-1bea-47f6-ae97-5b8161c986a7|127.0.0.1:15085, 538779f6-f80f-4bc7-8424-1a47a535146d|127.0.0.1:15076, ae2fb675-4ad2-4742-b745-16c1dba3b70f|127.0.0.1:15094]|listeners:[], old=null, confs=<EMPTY_MAP>
2024-05-22 11:32:16,861 [02a0afdf-1bea-47f6-ae97-5b8161c986a7-groupManagement] INFO  server.RaftServerConfigKeys (ConfUtils.java:logGet(46)) - raft.server.notification.no-leader.timeout = 300s (custom)
2024-05-22 11:32:16,861 [02a0afdf-1bea-47f6-ae97-5b8161c986a7-groupManagement] INFO  server.RaftServerConfigKeys (ConfUtils.java:logGet(46)) - raft.server.read.timeout = 10s (default)
2024-05-22 11:32:16,861 [02a0afdf-1bea-47f6-ae97-5b8161c986a7-groupManagement] INFO  server.RaftServerConfigKeys (ConfUtils.java:logGet(46)) - raft.server.retrycache.expirytime = 600000ms (custom)
2024-05-22 11:32:16,861 [02a0afdf-1bea-47f6-ae97-5b8161c986a7-groupManagement] INFO  server.RaftServerConfigKeys (ConfUtils.java:logGet(46)) - raft.server.retrycache.statistics.expirytime = 100ms (default)
2024-05-22 11:32:16,861 [02a0afdf-1bea-47f6-ae97-5b8161c986a7-groupManagement] INFO  server.RaftServerConfigKeys (ConfUtils.java:logGet(46)) - raft.server.read.option = DEFAULT (default)
2024-05-22 11:32:16,861 [02a0afdf-1bea-47f6-ae97-5b8161c986a7-groupManagement] INFO  server.RaftServerConfigKeys (ConfUtils.java:logGet(46)) - raft.server.read.read-after-write-consistent.write-index-cache.expiry-time = 60s (default)
2024-05-22 11:32:16,862 [02a0afdf-1bea-47f6-ae97-5b8161c986a7-groupManagement] INFO  server.RaftServerConfigKeys (ConfUtils.java:logGet(46)) - raft.server.rpc.request.timeout = 60s (custom)
2024-05-22 11:32:16,862 [02a0afdf-1bea-47f6-ae97-5b8161c986a7-groupManagement] INFO  server.RaftServerConfigKeys (ConfUtils.java:logGet(46)) - raft.server.log.appender.install.snapshot.enabled = false (custom)
2024-05-22 11:32:16,862 [02a0afdf-1bea-47f6-ae97-5b8161c986a7-groupManagement] INFO  server.RaftServerConfigKeys (ConfUtils.java:logGet(46)) - raft.server.threadpool.server.cached = true (default)
2024-05-22 11:32:16,862 [02a0afdf-1bea-47f6-ae97-5b8161c986a7-groupManagement] INFO  server.RaftServerConfigKeys (ConfUtils.java:logGet(46)) - raft.server.threadpool.server.size = 0 (default)
2024-05-22 11:32:16,862 [02a0afdf-1bea-47f6-ae97-5b8161c986a7-groupManagement] INFO  server.RaftServerConfigKeys (ConfUtils.java:logGet(46)) - raft.server.threadpool.client.cached = true (default)
2024-05-22 11:32:16,862 [02a0afdf-1bea-47f6-ae97-5b8161c986a7-groupManagement] INFO  server.RaftServerConfigKeys (ConfUtils.java:logGet(46)) - raft.server.threadpool.client.size = 0 (default)
2024-05-22 11:32:16,862 [02a0afdf-1bea-47f6-ae97-5b8161c986a7-groupManagement] INFO  server.RaftServerConfigKeys (ConfUtils.java:logGet(46)) - raft.server.storage.free-space.min = 0MB (=0) (default)
2024-05-22 11:32:16,863 [02a0afdf-1bea-47f6-ae97-5b8161c986a7-groupManagement] INFO  server.RaftServerConfigKeys (ConfUtils.java:logGet(46)) - raft.server.log.corruption.policy = EXCEPTION (default)
2024-05-22 11:32:16,863 [02a0afdf-1bea-47f6-ae97-5b8161c986a7-groupManagement] INFO  server.RaftServerConfigKeys (ConfUtils.java:logGet(46)) - raft.server.storage.dir = [/home/runner/work/ozone/ozone/hadoop-ozone/integration-test/target/test-dir/MiniOzoneClusterImpl-20f17314-7331-4214-8d7b-3220b0ea8e97/ozone-meta/datanode-2/ratis] (custom)
2024-05-22 11:32:16,863 [02a0afdf-1bea-47f6-ae97-5b8161c986a7-groupManagement] INFO  storage.RaftStorageDirectory (RaftStorageDirectoryImpl.java:analyzeStorage(138)) - The storage directory /home/runner/work/ozone/ozone/hadoop-ozone/integration-test/target/test-dir/MiniOzoneClusterImpl-20f17314-7331-4214-8d7b-3220b0ea8e97/ozone-meta/datanode-2/ratis/5c335dc4-ee6b-41c8-9f32-5008f0a1828c does not exist. Creating ...
2024-05-22 11:32:16,863 [02a0afdf-1bea-47f6-ae97-5b8161c986a7@group-4540A0F0F71C-FollowerState] INFO  server.RaftServerConfigKeys (ConfUtils.java:logFallback(53)) - raft.server.rpc.first-election.timeout.min = 5s (fallback to raft.server.rpc.timeout.min)
2024-05-22 11:32:16,863 [02a0afdf-1bea-47f6-ae97-5b8161c986a7@group-4540A0F0F71C-FollowerState] INFO  server.RaftServerConfigKeys (ConfUtils.java:logFallback(53)) - raft.server.rpc.first-election.timeout.max = 5200ms (fallback to raft.server.rpc.timeout.max)
2024-05-22 11:32:16,864 [02a0afdf-1bea-47f6-ae97-5b8161c986a7-groupManagement] INFO  storage.RaftStorageDirectory (RaftStorageDirectoryImpl.java:tryLock(228)) - Lock on /home/runner/work/ozone/ozone/hadoop-ozone/integration-test/target/test-dir/MiniOzoneClusterImpl-20f17314-7331-4214-8d7b-3220b0ea8e97/ozone-meta/datanode-2/ratis/5c335dc4-ee6b-41c8-9f32-5008f0a1828c/in_use.lock acquired by nodename 93779@fv-az572-394
2024-05-22 11:32:16,865 [02a0afdf-1bea-47f6-ae97-5b8161c986a7-groupManagement] INFO  storage.RaftStorage (RaftStorageImpl.java:format(99)) - Storage directory /home/runner/work/ozone/ozone/hadoop-ozone/integration-test/target/test-dir/MiniOzoneClusterImpl-20f17314-7331-4214-8d7b-3220b0ea8e97/ozone-meta/datanode-2/ratis/5c335dc4-ee6b-41c8-9f32-5008f0a1828c has been successfully formatted.
2024-05-22 11:32:16,865 [02a0afdf-1bea-47f6-ae97-5b8161c986a7-groupManagement] WARN  util.FileUtils (LogUtils.java:supplyAndLog(63)) - Failed to Files.newInputStream /home/runner/work/ozone/ozone/hadoop-ozone/integration-test/target/test-dir/MiniOzoneClusterImpl-20f17314-7331-4214-8d7b-3220b0ea8e97/ozone-meta/datanode-2/ratis/5c335dc4-ee6b-41c8-9f32-5008f0a1828c/current/raft-meta.conf with options []: java.nio.file.NoSuchFileException: /home/runner/work/ozone/ozone/hadoop-ozone/integration-test/target/test-dir/MiniOzoneClusterImpl-20f17314-7331-4214-8d7b-3220b0ea8e97/ozone-meta/datanode-2/ratis/5c335dc4-ee6b-41c8-9f32-5008f0a1828c/current/raft-meta.conf
2024-05-22 11:32:16,865 [02a0afdf-1bea-47f6-ae97-5b8161c986a7-groupManagement] INFO  ratis.ContainerStateMachine (ContainerStateMachine.java:loadSnapshot(287)) - group-5008F0A1828C: The snapshot info is null. Setting the last applied index to:(t:0, i:~)
2024-05-22 11:32:16,865 [02a0afdf-1bea-47f6-ae97-5b8161c986a7-groupManagement] INFO  server.RaftServerConfigKeys (ConfUtils.java:logGet(46)) - raft.server.log.use.memory = false (default)
2024-05-22 11:32:16,865 [02a0afdf-1bea-47f6-ae97-5b8161c986a7-groupManagement] INFO  server.RaftServerConfigKeys (ConfUtils.java:logGet(46)) - raft.server.log.purge.gap = 1000000 (custom)
2024-05-22 11:32:16,865 [02a0afdf-1bea-47f6-ae97-5b8161c986a7-groupManagement] INFO  server.RaftServerConfigKeys (ConfUtils.java:logGet(46)) - raft.server.log.appender.buffer.byte-limit = 8388608 (custom)
2024-05-22 11:32:16,866 [02a0afdf-1bea-47f6-ae97-5b8161c986a7-groupManagement] INFO  server.RaftServerConfigKeys (ConfUtils.java:logGet(46)) - raft.server.log.statemachine.data.read.timeout = 1000ms (default)
2024-05-22 11:32:16,866 [02a0afdf-1bea-47f6-ae97-5b8161c986a7-groupManagement] INFO  server.RaftServerConfigKeys (ConfUtils.java:logGet(46)) - raft.server.log.purge.preservation.log.num = 0 (default)
2024-05-22 11:32:16,867 [EventQueue-OpenPipelineForHealthyPipelineSafeModeRule] INFO  safemode.SCMSafeModeManager (HealthyPipelineSafeModeRule.java:process(140)) - SCM in safe mode. Healthy pipelines reported count is 0, required healthy pipeline reported count is 1
2024-05-22 11:32:16,867 [02a0afdf-1bea-47f6-ae97-5b8161c986a7-groupManagement] INFO  server.RaftServerConfigKeys (ConfUtils.java:logGet(46)) - raft.server.log.segment.size.max = 67108864 (custom)
2024-05-22 11:32:16,867 [02a0afdf-1bea-47f6-ae97-5b8161c986a7-groupManagement] INFO  server.RaftServerConfigKeys (ConfUtils.java:logGet(46)) - raft.server.log.segment.cache.num.max = 2 (custom)
2024-05-22 11:32:16,867 [02a0afdf-1bea-47f6-ae97-5b8161c986a7-groupManagement] INFO  server.RaftServerConfigKeys (ConfUtils.java:logGet(46)) - raft.server.log.segment.cache.size.max = 200MB (=209715200) (default)
2024-05-22 11:32:16,867 [02a0afdf-1bea-47f6-ae97-5b8161c986a7-groupManagement] INFO  server.RaftServerConfigKeys (ConfUtils.java:logGet(46)) - raft.server.log.appender.buffer.byte-limit = 8388608 (custom)
2024-05-22 11:32:16,867 [02a0afdf-1bea-47f6-ae97-5b8161c986a7-groupManagement] INFO  util.AwaitToRun (AwaitToRun.java:start(81)) - Thread[02a0afdf-1bea-47f6-ae97-5b8161c986a7@group-5008F0A1828C-cacheEviction-AwaitToRun,5,main] started
2024-05-22 11:32:16,868 [02a0afdf-1bea-47f6-ae97-5b8161c986a7-groupManagement] INFO  segmented.SegmentedRaftLogWorker (SegmentedRaftLogWorker.java:<init>(182)) - new 02a0afdf-1bea-47f6-ae97-5b8161c986a7@group-5008F0A1828C-SegmentedRaftLogWorker for RaftStorageImpl:Storage Directory /home/runner/work/ozone/ozone/hadoop-ozone/integration-test/target/test-dir/MiniOzoneClusterImpl-20f17314-7331-4214-8d7b-3220b0ea8e97/ozone-meta/datanode-2/ratis/5c335dc4-ee6b-41c8-9f32-5008f0a1828c
2024-05-22 11:32:16,868 [02a0afdf-1bea-47f6-ae97-5b8161c986a7-groupManagement] INFO  server.RaftServerConfigKeys (ConfUtils.java:logGet(46)) - raft.server.log.queue.byte-limit = 4294967296 (custom)
2024-05-22 11:32:16,868 [02a0afdf-1bea-47f6-ae97-5b8161c986a7-groupManagement] INFO  server.RaftServerConfigKeys (ConfUtils.java:logGet(46)) - raft.server.log.queue.element-limit = 1024 (custom)
2024-05-22 11:32:16,868 [02a0afdf-1bea-47f6-ae97-5b8161c986a7-groupManagement] INFO  server.RaftServerConfigKeys (ConfUtils.java:logGet(46)) - raft.server.log.segment.size.max = 67108864 (custom)
2024-05-22 11:32:16,868 [02a0afdf-1bea-47f6-ae97-5b8161c986a7-groupManagement] INFO  server.RaftServerConfigKeys (ConfUtils.java:logGet(46)) - raft.server.log.preallocated.size = 4194304 (custom)
2024-05-22 11:32:16,868 [02a0afdf-1bea-47f6-ae97-5b8161c986a7-groupManagement] INFO  server.RaftServerConfigKeys (ConfUtils.java:logGet(46)) - raft.server.log.force.sync.num = 128 (default)
2024-05-22 11:32:16,868 [02a0afdf-1bea-47f6-ae97-5b8161c986a7-groupManagement] INFO  server.RaftServerConfigKeys (ConfUtils.java:logGet(46)) - raft.server.log.statemachine.data.sync = true (default)
2024-05-22 11:32:16,868 [02a0afdf-1bea-47f6-ae97-5b8161c986a7-groupManagement] INFO  server.RaftServerConfigKeys (ConfUtils.java:logGet(46)) - raft.server.log.statemachine.data.sync.timeout = 10s (default)
2024-05-22 11:32:16,868 [02a0afdf-1bea-47f6-ae97-5b8161c986a7-groupManagement] INFO  server.RaftServerConfigKeys (ConfUtils.java:logGet(46)) - raft.server.log.statemachine.data.sync.timeout.retry = 30 (custom)
2024-05-22 11:32:16,868 [02a0afdf-1bea-47f6-ae97-5b8161c986a7-groupManagement] INFO  server.RaftServerConfigKeys (ConfUtils.java:logGet(46)) - raft.server.log.write.buffer.size = 8388616 (custom)
2024-05-22 11:32:16,870 [02a0afdf-1bea-47f6-ae97-5b8161c986a7-groupManagement] INFO  server.RaftServerConfigKeys (ConfUtils.java:logGet(46)) - raft.server.log.appender.buffer.byte-limit = 8388608 (custom)
2024-05-22 11:32:16,870 [02a0afdf-1bea-47f6-ae97-5b8161c986a7-groupManagement] INFO  server.RaftServerConfigKeys (ConfUtils.java:logGet(46)) - raft.server.log.unsafe-flush.enabled = false (default)
2024-05-22 11:32:16,870 [02a0afdf-1bea-47f6-ae97-5b8161c986a7-groupManagement] INFO  server.RaftServerConfigKeys (ConfUtils.java:logGet(46)) - raft.server.log.async-flush.enabled = false (default)
2024-05-22 11:32:16,870 [02a0afdf-1bea-47f6-ae97-5b8161c986a7-groupManagement] INFO  server.RaftServerConfigKeys (ConfUtils.java:logGet(46)) - raft.server.log.statemachine.data.caching.enabled = true (custom)
2024-05-22 11:32:16,871 [02a0afdf-1bea-47f6-ae97-5b8161c986a7-groupManagement] INFO  segmented.SegmentedRaftLogWorker (SegmentedRaftLogWorker.java:lambda$new$0(134)) - 02a0afdf-1bea-47f6-ae97-5b8161c986a7@group-5008F0A1828C-SegmentedRaftLogWorker: flushIndex: setUnconditionally 0 -> -1
2024-05-22 11:32:16,871 [02a0afdf-1bea-47f6-ae97-5b8161c986a7-groupManagement] INFO  segmented.SegmentedRaftLogWorker (SegmentedRaftLogWorker.java:lambda$new$0(134)) - 02a0afdf-1bea-47f6-ae97-5b8161c986a7@group-5008F0A1828C-SegmentedRaftLogWorker: safeCacheEvictIndex: setUnconditionally 0 -> -1
2024-05-22 11:32:16,871 [02a0afdf-1bea-47f6-ae97-5b8161c986a7-groupManagement] INFO  server.RaftServer$Division (RaftServerImpl.java:start(396)) - 02a0afdf-1bea-47f6-ae97-5b8161c986a7@group-5008F0A1828C: start as a follower, conf=-1: peers:[02a0afdf-1bea-47f6-ae97-5b8161c986a7|127.0.0.1:15085, 538779f6-f80f-4bc7-8424-1a47a535146d|127.0.0.1:15076, ae2fb675-4ad2-4742-b745-16c1dba3b70f|127.0.0.1:15094]|listeners:[], old=null
2024-05-22 11:32:16,871 [02a0afdf-1bea-47f6-ae97-5b8161c986a7-groupManagement] INFO  server.RaftServer$Division (RaftServerImpl.java:setRole(383)) - 02a0afdf-1bea-47f6-ae97-5b8161c986a7@group-5008F0A1828C: changes role from      null to FOLLOWER at term 0 for startAsFollower
2024-05-22 11:32:16,871 [02a0afdf-1bea-47f6-ae97-5b8161c986a7-groupManagement] INFO  impl.RoleInfo (RoleInfo.java:updateAndGet(139)) - 02a0afdf-1bea-47f6-ae97-5b8161c986a7: start 02a0afdf-1bea-47f6-ae97-5b8161c986a7@group-5008F0A1828C-FollowerState
2024-05-22 11:32:16,871 [02a0afdf-1bea-47f6-ae97-5b8161c986a7-groupManagement] INFO  util.JmxRegister (JmxRegister.java:tryRegister(44)) - Successfully registered JMX Bean with object name Ratis:service=RaftServer,group=group-5008F0A1828C,id=02a0afdf-1bea-47f6-ae97-5b8161c986a7
2024-05-22 11:32:16,871 [02a0afdf-1bea-47f6-ae97-5b8161c986a7@group-5008F0A1828C-FollowerState] INFO  server.RaftServerConfigKeys (ConfUtils.java:logFallback(53)) - raft.server.rpc.first-election.timeout.min = 5s (fallback to raft.server.rpc.timeout.min)
2024-05-22 11:32:16,871 [02a0afdf-1bea-47f6-ae97-5b8161c986a7-groupManagement] INFO  server.RaftServerConfigKeys (ConfUtils.java:logGet(46)) - raft.server.snapshot.trigger-when-stop.enabled = true (default)
2024-05-22 11:32:16,871 [02a0afdf-1bea-47f6-ae97-5b8161c986a7-groupManagement] INFO  server.RaftServerConfigKeys (ConfUtils.java:logGet(46)) - raft.server.snapshot.auto.trigger.enabled = true (custom)
2024-05-22 11:32:16,872 [02a0afdf-1bea-47f6-ae97-5b8161c986a7-groupManagement] INFO  server.RaftServerConfigKeys (ConfUtils.java:logGet(46)) - raft.server.snapshot.auto.trigger.threshold = 10000 (custom)
2024-05-22 11:32:16,872 [02a0afdf-1bea-47f6-ae97-5b8161c986a7-groupManagement] INFO  server.RaftServerConfigKeys (ConfUtils.java:logGet(46)) - raft.server.snapshot.retention.file.num = 5 (custom)
2024-05-22 11:32:16,872 [02a0afdf-1bea-47f6-ae97-5b8161c986a7-groupManagement] INFO  server.RaftServerConfigKeys (ConfUtils.java:logGet(46)) - raft.server.log.purge.upto.snapshot.index = false (default)
2024-05-22 11:32:16,871 [02a0afdf-1bea-47f6-ae97-5b8161c986a7@group-5008F0A1828C-FollowerState] INFO  server.RaftServerConfigKeys (ConfUtils.java:logFallback(53)) - raft.server.rpc.first-election.timeout.max = 5200ms (fallback to raft.server.rpc.timeout.max)
2024-05-22 11:32:16,883 [grpc-default-executor-0] INFO  server.RaftServer (RaftServerProxy.java:addNew(100)) - ae2fb675-4ad2-4742-b745-16c1dba3b70f: addNew group-5008F0A1828C:[02a0afdf-1bea-47f6-ae97-5b8161c986a7|127.0.0.1:15085, 538779f6-f80f-4bc7-8424-1a47a535146d|127.0.0.1:15076, ae2fb675-4ad2-4742-b745-16c1dba3b70f|127.0.0.1:15094] returns group-5008F0A1828C:java.util.concurrent.CompletableFuture@6752f574[Not completed]
2024-05-22 11:32:16,884 [ae2fb675-4ad2-4742-b745-16c1dba3b70f-groupManagement] INFO  server.RaftServer$Division (RaftServerImpl.java:<init>(256)) - ae2fb675-4ad2-4742-b745-16c1dba3b70f: new RaftServerImpl for group-5008F0A1828C:[02a0afdf-1bea-47f6-ae97-5b8161c986a7|127.0.0.1:15085, 538779f6-f80f-4bc7-8424-1a47a535146d|127.0.0.1:15076, ae2fb675-4ad2-4742-b745-16c1dba3b70f|127.0.0.1:15094] with ContainerStateMachine:uninitialized
2024-05-22 11:32:16,884 [ae2fb675-4ad2-4742-b745-16c1dba3b70f-groupManagement] INFO  server.RaftServerConfigKeys (ConfUtils.java:logGet(46)) - raft.server.rpc.timeout.min = 5s (custom)
2024-05-22 11:32:16,884 [ae2fb675-4ad2-4742-b745-16c1dba3b70f-groupManagement] INFO  server.RaftServerConfigKeys (ConfUtils.java:logGet(46)) - raft.server.rpc.timeout.max = 5200ms (custom)
2024-05-22 11:32:16,884 [ae2fb675-4ad2-4742-b745-16c1dba3b70f-groupManagement] INFO  server.RaftServerConfigKeys (ConfUtils.java:logGet(46)) - raft.server.rpc.sleep.time = 25ms (default)
2024-05-22 11:32:16,884 [ae2fb675-4ad2-4742-b745-16c1dba3b70f-groupManagement] INFO  server.RaftServerConfigKeys (ConfUtils.java:logGet(46)) - raft.server.rpc.slowness.timeout = 300s (custom)
2024-05-22 11:32:16,884 [ae2fb675-4ad2-4742-b745-16c1dba3b70f-groupManagement] INFO  server.RaftServerConfigKeys (ConfUtils.java:logGet(46)) - raft.server.leaderelection.leader.step-down.wait-time = 10s (default)
2024-05-22 11:32:16,884 [ae2fb675-4ad2-4742-b745-16c1dba3b70f-groupManagement] INFO  server.RaftServerConfigKeys (ConfUtils.java:logGet(46)) - raft.server.leaderelection.member.majority-add = false (default)
2024-05-22 11:32:16,884 [ae2fb675-4ad2-4742-b745-16c1dba3b70f-groupManagement] INFO  server.RaftServerConfigKeys (ConfUtils.java:logGet(46)) - raft.server.sleep.deviation.threshold = 300ms (default)
2024-05-22 11:32:16,884 [ae2fb675-4ad2-4742-b745-16c1dba3b70f-groupManagement] INFO  server.RaftServer$Division (ServerState.java:<init>(113)) - ae2fb675-4ad2-4742-b745-16c1dba3b70f@group-5008F0A1828C: ConfigurationManager, init=-1: peers:[02a0afdf-1bea-47f6-ae97-5b8161c986a7|127.0.0.1:15085, 538779f6-f80f-4bc7-8424-1a47a535146d|127.0.0.1:15076, ae2fb675-4ad2-4742-b745-16c1dba3b70f|127.0.0.1:15094]|listeners:[], old=null, confs=<EMPTY_MAP>
2024-05-22 11:32:16,884 [ae2fb675-4ad2-4742-b745-16c1dba3b70f-groupManagement] INFO  server.RaftServerConfigKeys (ConfUtils.java:logGet(46)) - raft.server.notification.no-leader.timeout = 300s (custom)
2024-05-22 11:32:16,884 [ae2fb675-4ad2-4742-b745-16c1dba3b70f-groupManagement] INFO  server.RaftServerConfigKeys (ConfUtils.java:logGet(46)) - raft.server.read.timeout = 10s (default)
2024-05-22 11:32:16,885 [ae2fb675-4ad2-4742-b745-16c1dba3b70f-groupManagement] INFO  server.RaftServerConfigKeys (ConfUtils.java:logGet(46)) - raft.server.retrycache.expirytime = 600000ms (custom)
2024-05-22 11:32:16,885 [ae2fb675-4ad2-4742-b745-16c1dba3b70f-groupManagement] INFO  server.RaftServerConfigKeys (ConfUtils.java:logGet(46)) - raft.server.retrycache.statistics.expirytime = 100ms (default)
2024-05-22 11:32:16,885 [ae2fb675-4ad2-4742-b745-16c1dba3b70f-groupManagement] INFO  server.RaftServerConfigKeys (ConfUtils.java:logGet(46)) - raft.server.read.option = DEFAULT (default)
2024-05-22 11:32:16,885 [ae2fb675-4ad2-4742-b745-16c1dba3b70f-groupManagement] INFO  server.RaftServerConfigKeys (ConfUtils.java:logGet(46)) - raft.server.read.read-after-write-consistent.write-index-cache.expiry-time = 60s (default)
2024-05-22 11:32:16,886 [ae2fb675-4ad2-4742-b745-16c1dba3b70f-groupManagement] INFO  server.RaftServerConfigKeys (ConfUtils.java:logGet(46)) - raft.server.rpc.request.timeout = 60s (custom)
2024-05-22 11:32:16,886 [ae2fb675-4ad2-4742-b745-16c1dba3b70f-groupManagement] INFO  server.RaftServerConfigKeys (ConfUtils.java:logGet(46)) - raft.server.log.appender.install.snapshot.enabled = false (custom)
2024-05-22 11:32:16,886 [ae2fb675-4ad2-4742-b745-16c1dba3b70f-groupManagement] INFO  server.RaftServerConfigKeys (ConfUtils.java:logGet(46)) - raft.server.threadpool.server.cached = true (default)
2024-05-22 11:32:16,886 [ae2fb675-4ad2-4742-b745-16c1dba3b70f-groupManagement] INFO  server.RaftServerConfigKeys (ConfUtils.java:logGet(46)) - raft.server.threadpool.server.size = 0 (default)
2024-05-22 11:32:16,886 [ae2fb675-4ad2-4742-b745-16c1dba3b70f-groupManagement] INFO  server.RaftServerConfigKeys (ConfUtils.java:logGet(46)) - raft.server.threadpool.client.cached = true (default)
2024-05-22 11:32:16,886 [ae2fb675-4ad2-4742-b745-16c1dba3b70f-groupManagement] INFO  server.RaftServerConfigKeys (ConfUtils.java:logGet(46)) - raft.server.threadpool.client.size = 0 (default)
2024-05-22 11:32:16,887 [ae2fb675-4ad2-4742-b745-16c1dba3b70f-groupManagement] INFO  server.RaftServerConfigKeys (ConfUtils.java:logGet(46)) - raft.server.storage.free-space.min = 0MB (=0) (default)
2024-05-22 11:32:16,887 [ae2fb675-4ad2-4742-b745-16c1dba3b70f-groupManagement] INFO  server.RaftServerConfigKeys (ConfUtils.java:logGet(46)) - raft.server.log.corruption.policy = EXCEPTION (default)
2024-05-22 11:32:16,887 [ae2fb675-4ad2-4742-b745-16c1dba3b70f-groupManagement] INFO  server.RaftServerConfigKeys (ConfUtils.java:logGet(46)) - raft.server.storage.dir = [/home/runner/work/ozone/ozone/hadoop-ozone/integration-test/target/test-dir/MiniOzoneClusterImpl-20f17314-7331-4214-8d7b-3220b0ea8e97/ozone-meta/datanode-3/ratis] (custom)
2024-05-22 11:32:16,887 [ae2fb675-4ad2-4742-b745-16c1dba3b70f-groupManagement] INFO  storage.RaftStorageDirectory (RaftStorageDirectoryImpl.java:analyzeStorage(138)) - The storage directory /home/runner/work/ozone/ozone/hadoop-ozone/integration-test/target/test-dir/MiniOzoneClusterImpl-20f17314-7331-4214-8d7b-3220b0ea8e97/ozone-meta/datanode-3/ratis/5c335dc4-ee6b-41c8-9f32-5008f0a1828c does not exist. Creating ...
2024-05-22 11:32:16,888 [ae2fb675-4ad2-4742-b745-16c1dba3b70f-groupManagement] INFO  storage.RaftStorageDirectory (RaftStorageDirectoryImpl.java:tryLock(228)) - Lock on /home/runner/work/ozone/ozone/hadoop-ozone/integration-test/target/test-dir/MiniOzoneClusterImpl-20f17314-7331-4214-8d7b-3220b0ea8e97/ozone-meta/datanode-3/ratis/5c335dc4-ee6b-41c8-9f32-5008f0a1828c/in_use.lock acquired by nodename 93779@fv-az572-394
2024-05-22 11:32:16,889 [ae2fb675-4ad2-4742-b745-16c1dba3b70f-groupManagement] INFO  storage.RaftStorage (RaftStorageImpl.java:format(99)) - Storage directory /home/runner/work/ozone/ozone/hadoop-ozone/integration-test/target/test-dir/MiniOzoneClusterImpl-20f17314-7331-4214-8d7b-3220b0ea8e97/ozone-meta/datanode-3/ratis/5c335dc4-ee6b-41c8-9f32-5008f0a1828c has been successfully formatted.
2024-05-22 11:32:16,889 [ae2fb675-4ad2-4742-b745-16c1dba3b70f-groupManagement] WARN  util.FileUtils (LogUtils.java:supplyAndLog(63)) - Failed to Files.newInputStream /home/runner/work/ozone/ozone/hadoop-ozone/integration-test/target/test-dir/MiniOzoneClusterImpl-20f17314-7331-4214-8d7b-3220b0ea8e97/ozone-meta/datanode-3/ratis/5c335dc4-ee6b-41c8-9f32-5008f0a1828c/current/raft-meta.conf with options []: java.nio.file.NoSuchFileException: /home/runner/work/ozone/ozone/hadoop-ozone/integration-test/target/test-dir/MiniOzoneClusterImpl-20f17314-7331-4214-8d7b-3220b0ea8e97/ozone-meta/datanode-3/ratis/5c335dc4-ee6b-41c8-9f32-5008f0a1828c/current/raft-meta.conf
2024-05-22 11:32:16,889 [ae2fb675-4ad2-4742-b745-16c1dba3b70f-groupManagement] INFO  ratis.ContainerStateMachine (ContainerStateMachine.java:loadSnapshot(287)) - group-5008F0A1828C: The snapshot info is null. Setting the last applied index to:(t:0, i:~)
2024-05-22 11:32:16,890 [ae2fb675-4ad2-4742-b745-16c1dba3b70f-groupManagement] INFO  server.RaftServerConfigKeys (ConfUtils.java:logGet(46)) - raft.server.log.use.memory = false (default)
2024-05-22 11:32:16,890 [ae2fb675-4ad2-4742-b745-16c1dba3b70f-groupManagement] INFO  server.RaftServerConfigKeys (ConfUtils.java:logGet(46)) - raft.server.log.purge.gap = 1000000 (custom)
2024-05-22 11:32:16,890 [ae2fb675-4ad2-4742-b745-16c1dba3b70f-groupManagement] INFO  server.RaftServerConfigKeys (ConfUtils.java:logGet(46)) - raft.server.log.appender.buffer.byte-limit = 8388608 (custom)
2024-05-22 11:32:16,890 [ae2fb675-4ad2-4742-b745-16c1dba3b70f-groupManagement] INFO  server.RaftServerConfigKeys (ConfUtils.java:logGet(46)) - raft.server.log.statemachine.data.read.timeout = 1000ms (default)
2024-05-22 11:32:16,890 [ae2fb675-4ad2-4742-b745-16c1dba3b70f-groupManagement] INFO  server.RaftServerConfigKeys (ConfUtils.java:logGet(46)) - raft.server.log.purge.preservation.log.num = 0 (default)
2024-05-22 11:32:16,891 [ae2fb675-4ad2-4742-b745-16c1dba3b70f-groupManagement] INFO  server.RaftServerConfigKeys (ConfUtils.java:logGet(46)) - raft.server.log.segment.size.max = 67108864 (custom)
2024-05-22 11:32:16,891 [ae2fb675-4ad2-4742-b745-16c1dba3b70f-groupManagement] INFO  server.RaftServerConfigKeys (ConfUtils.java:logGet(46)) - raft.server.log.segment.cache.num.max = 2 (custom)
2024-05-22 11:32:16,891 [ae2fb675-4ad2-4742-b745-16c1dba3b70f-groupManagement] INFO  server.RaftServerConfigKeys (ConfUtils.java:logGet(46)) - raft.server.log.segment.cache.size.max = 200MB (=209715200) (default)
2024-05-22 11:32:16,891 [ae2fb675-4ad2-4742-b745-16c1dba3b70f-groupManagement] INFO  server.RaftServerConfigKeys (ConfUtils.java:logGet(46)) - raft.server.log.appender.buffer.byte-limit = 8388608 (custom)
2024-05-22 11:32:16,891 [ae2fb675-4ad2-4742-b745-16c1dba3b70f-groupManagement] INFO  util.AwaitToRun (AwaitToRun.java:start(81)) - Thread[ae2fb675-4ad2-4742-b745-16c1dba3b70f@group-5008F0A1828C-cacheEviction-AwaitToRun,5,main] started
2024-05-22 11:32:16,891 [ae2fb675-4ad2-4742-b745-16c1dba3b70f-groupManagement] INFO  segmented.SegmentedRaftLogWorker (SegmentedRaftLogWorker.java:<init>(182)) - new ae2fb675-4ad2-4742-b745-16c1dba3b70f@group-5008F0A1828C-SegmentedRaftLogWorker for RaftStorageImpl:Storage Directory /home/runner/work/ozone/ozone/hadoop-ozone/integration-test/target/test-dir/MiniOzoneClusterImpl-20f17314-7331-4214-8d7b-3220b0ea8e97/ozone-meta/datanode-3/ratis/5c335dc4-ee6b-41c8-9f32-5008f0a1828c
2024-05-22 11:32:16,891 [ae2fb675-4ad2-4742-b745-16c1dba3b70f-groupManagement] INFO  server.RaftServerConfigKeys (ConfUtils.java:logGet(46)) - raft.server.log.queue.byte-limit = 4294967296 (custom)
2024-05-22 11:32:16,891 [ae2fb675-4ad2-4742-b745-16c1dba3b70f-groupManagement] INFO  server.RaftServerConfigKeys (ConfUtils.java:logGet(46)) - raft.server.log.queue.element-limit = 1024 (custom)
2024-05-22 11:32:16,892 [ae2fb675-4ad2-4742-b745-16c1dba3b70f-groupManagement] INFO  server.RaftServerConfigKeys (ConfUtils.java:logGet(46)) - raft.server.log.segment.size.max = 67108864 (custom)
2024-05-22 11:32:16,892 [ae2fb675-4ad2-4742-b745-16c1dba3b70f-groupManagement] INFO  server.RaftServerConfigKeys (ConfUtils.java:logGet(46)) - raft.server.log.preallocated.size = 4194304 (custom)
2024-05-22 11:32:16,892 [ae2fb675-4ad2-4742-b745-16c1dba3b70f-groupManagement] INFO  server.RaftServerConfigKeys (ConfUtils.java:logGet(46)) - raft.server.log.force.sync.num = 128 (default)
2024-05-22 11:32:16,892 [ae2fb675-4ad2-4742-b745-16c1dba3b70f-groupManagement] INFO  server.RaftServerConfigKeys (ConfUtils.java:logGet(46)) - raft.server.log.statemachine.data.sync = true (default)
2024-05-22 11:32:16,892 [ae2fb675-4ad2-4742-b745-16c1dba3b70f-groupManagement] INFO  server.RaftServerConfigKeys (ConfUtils.java:logGet(46)) - raft.server.log.statemachine.data.sync.timeout = 10s (default)
2024-05-22 11:32:16,892 [ae2fb675-4ad2-4742-b745-16c1dba3b70f-groupManagement] INFO  server.RaftServerConfigKeys (ConfUtils.java:logGet(46)) - raft.server.log.statemachine.data.sync.timeout.retry = 30 (custom)
2024-05-22 11:32:16,892 [ae2fb675-4ad2-4742-b745-16c1dba3b70f-groupManagement] INFO  server.RaftServerConfigKeys (ConfUtils.java:logGet(46)) - raft.server.log.write.buffer.size = 8388616 (custom)
2024-05-22 11:32:16,894 [ae2fb675-4ad2-4742-b745-16c1dba3b70f-groupManagement] INFO  server.RaftServerConfigKeys (ConfUtils.java:logGet(46)) - raft.server.log.appender.buffer.byte-limit = 8388608 (custom)
2024-05-22 11:32:16,894 [ae2fb675-4ad2-4742-b745-16c1dba3b70f-groupManagement] INFO  server.RaftServerConfigKeys (ConfUtils.java:logGet(46)) - raft.server.log.unsafe-flush.enabled = false (default)
2024-05-22 11:32:16,894 [ae2fb675-4ad2-4742-b745-16c1dba3b70f-groupManagement] INFO  server.RaftServerConfigKeys (ConfUtils.java:logGet(46)) - raft.server.log.async-flush.enabled = false (default)
2024-05-22 11:32:16,894 [ae2fb675-4ad2-4742-b745-16c1dba3b70f-groupManagement] INFO  server.RaftServerConfigKeys (ConfUtils.java:logGet(46)) - raft.server.log.statemachine.data.caching.enabled = true (custom)
2024-05-22 11:32:16,894 [ae2fb675-4ad2-4742-b745-16c1dba3b70f-groupManagement] INFO  segmented.SegmentedRaftLogWorker (SegmentedRaftLogWorker.java:lambda$new$0(134)) - ae2fb675-4ad2-4742-b745-16c1dba3b70f@group-5008F0A1828C-SegmentedRaftLogWorker: flushIndex: setUnconditionally 0 -> -1
2024-05-22 11:32:16,894 [ae2fb675-4ad2-4742-b745-16c1dba3b70f-groupManagement] INFO  segmented.SegmentedRaftLogWorker (SegmentedRaftLogWorker.java:lambda$new$0(134)) - ae2fb675-4ad2-4742-b745-16c1dba3b70f@group-5008F0A1828C-SegmentedRaftLogWorker: safeCacheEvictIndex: setUnconditionally 0 -> -1
2024-05-22 11:32:16,895 [ae2fb675-4ad2-4742-b745-16c1dba3b70f-groupManagement] INFO  server.RaftServer$Division (RaftServerImpl.java:start(396)) - ae2fb675-4ad2-4742-b745-16c1dba3b70f@group-5008F0A1828C: start as a follower, conf=-1: peers:[02a0afdf-1bea-47f6-ae97-5b8161c986a7|127.0.0.1:15085, 538779f6-f80f-4bc7-8424-1a47a535146d|127.0.0.1:15076, ae2fb675-4ad2-4742-b745-16c1dba3b70f|127.0.0.1:15094]|listeners:[], old=null
2024-05-22 11:32:16,895 [ae2fb675-4ad2-4742-b745-16c1dba3b70f-groupManagement] INFO  server.RaftServer$Division (RaftServerImpl.java:setRole(383)) - ae2fb675-4ad2-4742-b745-16c1dba3b70f@group-5008F0A1828C: changes role from      null to FOLLOWER at term 0 for startAsFollower
2024-05-22 11:32:16,895 [ae2fb675-4ad2-4742-b745-16c1dba3b70f-groupManagement] INFO  impl.RoleInfo (RoleInfo.java:updateAndGet(139)) - ae2fb675-4ad2-4742-b745-16c1dba3b70f: start ae2fb675-4ad2-4742-b745-16c1dba3b70f@group-5008F0A1828C-FollowerState
2024-05-22 11:32:16,895 [ae2fb675-4ad2-4742-b745-16c1dba3b70f-groupManagement] INFO  util.JmxRegister (JmxRegister.java:tryRegister(44)) - Successfully registered JMX Bean with object name Ratis:service=RaftServer,group=group-5008F0A1828C,id=ae2fb675-4ad2-4742-b745-16c1dba3b70f
2024-05-22 11:32:16,895 [ae2fb675-4ad2-4742-b745-16c1dba3b70f-groupManagement] INFO  server.RaftServerConfigKeys (ConfUtils.java:logGet(46)) - raft.server.snapshot.trigger-when-stop.enabled = true (default)
2024-05-22 11:32:16,895 [ae2fb675-4ad2-4742-b745-16c1dba3b70f-groupManagement] INFO  server.RaftServerConfigKeys (ConfUtils.java:logGet(46)) - raft.server.snapshot.auto.trigger.enabled = true (custom)
2024-05-22 11:32:16,895 [ae2fb675-4ad2-4742-b745-16c1dba3b70f-groupManagement] INFO  server.RaftServerConfigKeys (ConfUtils.java:logGet(46)) - raft.server.snapshot.auto.trigger.threshold = 10000 (custom)
2024-05-22 11:32:16,895 [ae2fb675-4ad2-4742-b745-16c1dba3b70f-groupManagement] INFO  server.RaftServerConfigKeys (ConfUtils.java:logGet(46)) - raft.server.snapshot.retention.file.num = 5 (custom)
2024-05-22 11:32:16,895 [ae2fb675-4ad2-4742-b745-16c1dba3b70f-groupManagement] INFO  server.RaftServerConfigKeys (ConfUtils.java:logGet(46)) - raft.server.log.purge.upto.snapshot.index = false (default)
2024-05-22 11:32:16,896 [ae2fb675-4ad2-4742-b745-16c1dba3b70f@group-5008F0A1828C-FollowerState] INFO  server.RaftServerConfigKeys (ConfUtils.java:logFallback(53)) - raft.server.rpc.first-election.timeout.min = 5s (fallback to raft.server.rpc.timeout.min)
2024-05-22 11:32:16,896 [ae2fb675-4ad2-4742-b745-16c1dba3b70f@group-5008F0A1828C-FollowerState] INFO  server.RaftServerConfigKeys (ConfUtils.java:logFallback(53)) - raft.server.rpc.first-election.timeout.max = 5200ms (fallback to raft.server.rpc.timeout.max)
2024-05-22 11:32:16,906 [main] INFO  ozone.MiniOzoneClusterImpl (MiniOzoneClusterImpl.java:lambda$waitForClusterToBeReady$0(194)) - Nodes are ready. Got 3 of 3 DN Heartbeats.
2024-05-22 11:32:16,906 [main] INFO  ozone.MiniOzoneClusterImpl (MiniOzoneClusterImpl.java:lambda$waitForClusterToBeReady$0(197)) - Waiting for cluster to exit safe mode
2024-05-22 11:32:16,907 [main] INFO  ozone.MiniOzoneClusterImpl (MiniOzoneClusterImpl.java:lambda$waitForClusterToBeReady$0(199)) - SCM became leader
2024-05-22 11:32:16,907 [ae2fb675-4ad2-4742-b745-16c1dba3b70f-groupManagement] INFO  server.RaftServer$Division (RaftServerImpl.java:<init>(256)) - ae2fb675-4ad2-4742-b745-16c1dba3b70f: new RaftServerImpl for group-58827D620A90:[ae2fb675-4ad2-4742-b745-16c1dba3b70f|127.0.0.1:15094] with ContainerStateMachine:uninitialized
2024-05-22 11:32:16,907 [ae2fb675-4ad2-4742-b745-16c1dba3b70f-groupManagement] INFO  server.RaftServerConfigKeys (ConfUtils.java:logGet(46)) - raft.server.rpc.timeout.min = 5s (custom)
2024-05-22 11:32:16,907 [ae2fb675-4ad2-4742-b745-16c1dba3b70f-groupManagement] INFO  server.RaftServerConfigKeys (ConfUtils.java:logGet(46)) - raft.server.rpc.timeout.max = 5200ms (custom)
2024-05-22 11:32:16,907 [ae2fb675-4ad2-4742-b745-16c1dba3b70f-groupManagement] INFO  server.RaftServerConfigKeys (ConfUtils.java:logGet(46)) - raft.server.rpc.sleep.time = 25ms (default)
2024-05-22 11:32:16,907 [ae2fb675-4ad2-4742-b745-16c1dba3b70f-groupManagement] INFO  server.RaftServerConfigKeys (ConfUtils.java:logGet(46)) - raft.server.rpc.slowness.timeout = 300s (custom)
2024-05-22 11:32:16,907 [ae2fb675-4ad2-4742-b745-16c1dba3b70f-groupManagement] INFO  server.RaftServerConfigKeys (ConfUtils.java:logGet(46)) - raft.server.leaderelection.leader.step-down.wait-time = 10s (default)
2024-05-22 11:32:16,907 [ae2fb675-4ad2-4742-b745-16c1dba3b70f-groupManagement] INFO  server.RaftServerConfigKeys (ConfUtils.java:logGet(46)) - raft.server.leaderelection.member.majority-add = false (default)
2024-05-22 11:32:16,907 [ae2fb675-4ad2-4742-b745-16c1dba3b70f-groupManagement] INFO  server.RaftServerConfigKeys (ConfUtils.java:logGet(46)) - raft.server.sleep.deviation.threshold = 300ms (default)
2024-05-22 11:32:16,907 [ae2fb675-4ad2-4742-b745-16c1dba3b70f-groupManagement] INFO  server.RaftServer$Division (ServerState.java:<init>(113)) - ae2fb675-4ad2-4742-b745-16c1dba3b70f@group-58827D620A90: ConfigurationManager, init=-1: peers:[ae2fb675-4ad2-4742-b745-16c1dba3b70f|127.0.0.1:15094]|listeners:[], old=null, confs=<EMPTY_MAP>
2024-05-22 11:32:16,907 [ae2fb675-4ad2-4742-b745-16c1dba3b70f-groupManagement] INFO  server.RaftServerConfigKeys (ConfUtils.java:logGet(46)) - raft.server.notification.no-leader.timeout = 300s (custom)
2024-05-22 11:32:16,907 [ae2fb675-4ad2-4742-b745-16c1dba3b70f-groupManagement] INFO  server.RaftServerConfigKeys (ConfUtils.java:logGet(46)) - raft.server.read.timeout = 10s (default)
2024-05-22 11:32:16,907 [ae2fb675-4ad2-4742-b745-16c1dba3b70f-groupManagement] INFO  server.RaftServerConfigKeys (ConfUtils.java:logGet(46)) - raft.server.retrycache.expirytime = 600000ms (custom)
2024-05-22 11:32:16,907 [ae2fb675-4ad2-4742-b745-16c1dba3b70f-groupManagement] INFO  server.RaftServerConfigKeys (ConfUtils.java:logGet(46)) - raft.server.retrycache.statistics.expirytime = 100ms (default)
2024-05-22 11:32:16,908 [ae2fb675-4ad2-4742-b745-16c1dba3b70f-groupManagement] INFO  server.RaftServerConfigKeys (ConfUtils.java:logGet(46)) - raft.server.read.option = DEFAULT (default)
2024-05-22 11:32:16,908 [ae2fb675-4ad2-4742-b745-16c1dba3b70f-groupManagement] INFO  server.RaftServerConfigKeys (ConfUtils.java:logGet(46)) - raft.server.read.read-after-write-consistent.write-index-cache.expiry-time = 60s (default)
2024-05-22 11:32:16,909 [ae2fb675-4ad2-4742-b745-16c1dba3b70f-groupManagement] INFO  server.RaftServerConfigKeys (ConfUtils.java:logGet(46)) - raft.server.rpc.request.timeout = 60s (custom)
2024-05-22 11:32:16,909 [ae2fb675-4ad2-4742-b745-16c1dba3b70f-groupManagement] INFO  server.RaftServerConfigKeys (ConfUtils.java:logGet(46)) - raft.server.log.appender.install.snapshot.enabled = false (custom)
2024-05-22 11:32:16,909 [ae2fb675-4ad2-4742-b745-16c1dba3b70f-groupManagement] INFO  server.RaftServerConfigKeys (ConfUtils.java:logGet(46)) - raft.server.threadpool.server.cached = true (default)
2024-05-22 11:32:16,909 [ae2fb675-4ad2-4742-b745-16c1dba3b70f-groupManagement] INFO  server.RaftServerConfigKeys (ConfUtils.java:logGet(46)) - raft.server.threadpool.server.size = 0 (default)
2024-05-22 11:32:16,909 [ae2fb675-4ad2-4742-b745-16c1dba3b70f-groupManagement] INFO  server.RaftServerConfigKeys (ConfUtils.java:logGet(46)) - raft.server.threadpool.client.cached = true (default)
2024-05-22 11:32:16,909 [ae2fb675-4ad2-4742-b745-16c1dba3b70f-groupManagement] INFO  server.RaftServerConfigKeys (ConfUtils.java:logGet(46)) - raft.server.threadpool.client.size = 0 (default)
2024-05-22 11:32:16,909 [ae2fb675-4ad2-4742-b745-16c1dba3b70f-PipelineCommandHandlerThread-0] INFO  server.RaftServer (RaftServerProxy.java:addNew(100)) - ae2fb675-4ad2-4742-b745-16c1dba3b70f: addNew group-58827D620A90:[ae2fb675-4ad2-4742-b745-16c1dba3b70f|127.0.0.1:15094] returns      null ae2fb675-4ad2-4742-b745-16c1dba3b70f@group-58827D620A90:t0, leader=null, voted=null, raftlog=UNINITIALIZED, conf=-1: peers:[ae2fb675-4ad2-4742-b745-16c1dba3b70f|127.0.0.1:15094]|listeners:[], old=null NEW
2024-05-22 11:32:16,910 [ae2fb675-4ad2-4742-b745-16c1dba3b70f-groupManagement] INFO  server.RaftServerConfigKeys (ConfUtils.java:logGet(46)) - raft.server.storage.free-space.min = 0MB (=0) (default)
2024-05-22 11:32:16,910 [ae2fb675-4ad2-4742-b745-16c1dba3b70f-groupManagement] INFO  server.RaftServerConfigKeys (ConfUtils.java:logGet(46)) - raft.server.log.corruption.policy = EXCEPTION (default)
2024-05-22 11:32:16,910 [ae2fb675-4ad2-4742-b745-16c1dba3b70f-groupManagement] INFO  server.RaftServerConfigKeys (ConfUtils.java:logGet(46)) - raft.server.storage.dir = [/home/runner/work/ozone/ozone/hadoop-ozone/integration-test/target/test-dir/MiniOzoneClusterImpl-20f17314-7331-4214-8d7b-3220b0ea8e97/ozone-meta/datanode-3/ratis] (custom)
2024-05-22 11:32:16,910 [ae2fb675-4ad2-4742-b745-16c1dba3b70f-groupManagement] INFO  storage.RaftStorageDirectory (RaftStorageDirectoryImpl.java:analyzeStorage(138)) - The storage directory /home/runner/work/ozone/ozone/hadoop-ozone/integration-test/target/test-dir/MiniOzoneClusterImpl-20f17314-7331-4214-8d7b-3220b0ea8e97/ozone-meta/datanode-3/ratis/c5d189d2-33a6-478c-8a46-58827d620a90 does not exist. Creating ...
2024-05-22 11:32:16,911 [538779f6-f80f-4bc7-8424-1a47a535146d-PipelineCommandHandlerThread-0] INFO  commandhandler.CreatePipelineCommandHandler (CreatePipelineCommandHandler.java:lambda$handle$2(124)) - Created Pipeline RATIS THREE PipelineID=5c335dc4-ee6b-41c8-9f32-5008f0a1828c.
2024-05-22 11:32:16,911 [ae2fb675-4ad2-4742-b745-16c1dba3b70f-groupManagement] INFO  storage.RaftStorageDirectory (RaftStorageDirectoryImpl.java:tryLock(228)) - Lock on /home/runner/work/ozone/ozone/hadoop-ozone/integration-test/target/test-dir/MiniOzoneClusterImpl-20f17314-7331-4214-8d7b-3220b0ea8e97/ozone-meta/datanode-3/ratis/c5d189d2-33a6-478c-8a46-58827d620a90/in_use.lock acquired by nodename 93779@fv-az572-394
2024-05-22 11:32:16,913 [ae2fb675-4ad2-4742-b745-16c1dba3b70f-groupManagement] INFO  storage.RaftStorage (RaftStorageImpl.java:format(99)) - Storage directory /home/runner/work/ozone/ozone/hadoop-ozone/integration-test/target/test-dir/MiniOzoneClusterImpl-20f17314-7331-4214-8d7b-3220b0ea8e97/ozone-meta/datanode-3/ratis/c5d189d2-33a6-478c-8a46-58827d620a90 has been successfully formatted.
2024-05-22 11:32:16,913 [ae2fb675-4ad2-4742-b745-16c1dba3b70f-groupManagement] WARN  util.FileUtils (LogUtils.java:supplyAndLog(63)) - Failed to Files.newInputStream /home/runner/work/ozone/ozone/hadoop-ozone/integration-test/target/test-dir/MiniOzoneClusterImpl-20f17314-7331-4214-8d7b-3220b0ea8e97/ozone-meta/datanode-3/ratis/c5d189d2-33a6-478c-8a46-58827d620a90/current/raft-meta.conf with options []: java.nio.file.NoSuchFileException: /home/runner/work/ozone/ozone/hadoop-ozone/integration-test/target/test-dir/MiniOzoneClusterImpl-20f17314-7331-4214-8d7b-3220b0ea8e97/ozone-meta/datanode-3/ratis/c5d189d2-33a6-478c-8a46-58827d620a90/current/raft-meta.conf
2024-05-22 11:32:16,915 [ae2fb675-4ad2-4742-b745-16c1dba3b70f-groupManagement] INFO  ratis.ContainerStateMachine (ContainerStateMachine.java:loadSnapshot(287)) - group-58827D620A90: The snapshot info is null. Setting the last applied index to:(t:0, i:~)
2024-05-22 11:32:16,915 [ae2fb675-4ad2-4742-b745-16c1dba3b70f-groupManagement] INFO  server.RaftServerConfigKeys (ConfUtils.java:logGet(46)) - raft.server.log.use.memory = false (default)
2024-05-22 11:32:16,915 [ae2fb675-4ad2-4742-b745-16c1dba3b70f-groupManagement] INFO  server.RaftServerConfigKeys (ConfUtils.java:logGet(46)) - raft.server.log.purge.gap = 1000000 (custom)
2024-05-22 11:32:16,916 [ae2fb675-4ad2-4742-b745-16c1dba3b70f-groupManagement] INFO  server.RaftServerConfigKeys (ConfUtils.java:logGet(46)) - raft.server.log.appender.buffer.byte-limit = 8388608 (custom)
2024-05-22 11:32:16,916 [EventQueue-PipelineReportForPipelineReportHandler] INFO  pipeline.PipelineReportHandler (PipelineReportHandler.java:processPipelineReport(136)) - Opened pipeline PipelineID=c5d189d2-33a6-478c-8a46-58827d620a90
2024-05-22 11:32:16,916 [EventQueue-OpenPipelineForHealthyPipelineSafeModeRule] INFO  safemode.SCMSafeModeManager (HealthyPipelineSafeModeRule.java:process(140)) - SCM in safe mode. Healthy pipelines reported count is 0, required healthy pipeline reported count is 1
2024-05-22 11:32:16,916 [ae2fb675-4ad2-4742-b745-16c1dba3b70f-groupManagement] INFO  server.RaftServerConfigKeys (ConfUtils.java:logGet(46)) - raft.server.log.statemachine.data.read.timeout = 1000ms (default)
2024-05-22 11:32:16,917 [ae2fb675-4ad2-4742-b745-16c1dba3b70f-groupManagement] INFO  server.RaftServerConfigKeys (ConfUtils.java:logGet(46)) - raft.server.log.purge.preservation.log.num = 0 (default)
2024-05-22 11:32:16,917 [ae2fb675-4ad2-4742-b745-16c1dba3b70f-groupManagement] INFO  server.RaftServerConfigKeys (ConfUtils.java:logGet(46)) - raft.server.log.segment.size.max = 67108864 (custom)
2024-05-22 11:32:16,918 [ae2fb675-4ad2-4742-b745-16c1dba3b70f-groupManagement] INFO  server.RaftServerConfigKeys (ConfUtils.java:logGet(46)) - raft.server.log.segment.cache.num.max = 2 (custom)
2024-05-22 11:32:16,918 [ae2fb675-4ad2-4742-b745-16c1dba3b70f-groupManagement] INFO  server.RaftServerConfigKeys (ConfUtils.java:logGet(46)) - raft.server.log.segment.cache.size.max = 200MB (=209715200) (default)
2024-05-22 11:32:16,918 [ae2fb675-4ad2-4742-b745-16c1dba3b70f-groupManagement] INFO  server.RaftServerConfigKeys (ConfUtils.java:logGet(46)) - raft.server.log.appender.buffer.byte-limit = 8388608 (custom)
2024-05-22 11:32:16,918 [ae2fb675-4ad2-4742-b745-16c1dba3b70f-groupManagement] INFO  util.AwaitToRun (AwaitToRun.java:start(81)) - Thread[ae2fb675-4ad2-4742-b745-16c1dba3b70f@group-58827D620A90-cacheEviction-AwaitToRun,5,main] started
2024-05-22 11:32:16,919 [ae2fb675-4ad2-4742-b745-16c1dba3b70f-groupManagement] INFO  segmented.SegmentedRaftLogWorker (SegmentedRaftLogWorker.java:<init>(182)) - new ae2fb675-4ad2-4742-b745-16c1dba3b70f@group-58827D620A90-SegmentedRaftLogWorker for RaftStorageImpl:Storage Directory /home/runner/work/ozone/ozone/hadoop-ozone/integration-test/target/test-dir/MiniOzoneClusterImpl-20f17314-7331-4214-8d7b-3220b0ea8e97/ozone-meta/datanode-3/ratis/c5d189d2-33a6-478c-8a46-58827d620a90
2024-05-22 11:32:16,919 [ae2fb675-4ad2-4742-b745-16c1dba3b70f-groupManagement] INFO  server.RaftServerConfigKeys (ConfUtils.java:logGet(46)) - raft.server.log.queue.byte-limit = 4294967296 (custom)
2024-05-22 11:32:16,919 [ae2fb675-4ad2-4742-b745-16c1dba3b70f-groupManagement] INFO  server.RaftServerConfigKeys (ConfUtils.java:logGet(46)) - raft.server.log.queue.element-limit = 1024 (custom)
2024-05-22 11:32:16,919 [ae2fb675-4ad2-4742-b745-16c1dba3b70f-groupManagement] INFO  server.RaftServerConfigKeys (ConfUtils.java:logGet(46)) - raft.server.log.segment.size.max = 67108864 (custom)
2024-05-22 11:32:16,919 [ae2fb675-4ad2-4742-b745-16c1dba3b70f-groupManagement] INFO  server.RaftServerConfigKeys (ConfUtils.java:logGet(46)) - raft.server.log.preallocated.size = 4194304 (custom)
2024-05-22 11:32:16,920 [ae2fb675-4ad2-4742-b745-16c1dba3b70f-groupManagement] INFO  server.RaftServerConfigKeys (ConfUtils.java:logGet(46)) - raft.server.log.force.sync.num = 128 (default)
2024-05-22 11:32:16,920 [ae2fb675-4ad2-4742-b745-16c1dba3b70f-groupManagement] INFO  server.RaftServerConfigKeys (ConfUtils.java:logGet(46)) - raft.server.log.statemachine.data.sync = true (default)
2024-05-22 11:32:16,920 [ae2fb675-4ad2-4742-b745-16c1dba3b70f-groupManagement] INFO  server.RaftServerConfigKeys (ConfUtils.java:logGet(46)) - raft.server.log.statemachine.data.sync.timeout = 10s (default)
2024-05-22 11:32:16,920 [ae2fb675-4ad2-4742-b745-16c1dba3b70f-groupManagement] INFO  server.RaftServerConfigKeys (ConfUtils.java:logGet(46)) - raft.server.log.statemachine.data.sync.timeout.retry = 30 (custom)
2024-05-22 11:32:16,921 [ae2fb675-4ad2-4742-b745-16c1dba3b70f-groupManagement] INFO  server.RaftServerConfigKeys (ConfUtils.java:logGet(46)) - raft.server.log.write.buffer.size = 8388616 (custom)
2024-05-22 11:32:16,922 [ae2fb675-4ad2-4742-b745-16c1dba3b70f-groupManagement] INFO  server.RaftServerConfigKeys (ConfUtils.java:logGet(46)) - raft.server.log.appender.buffer.byte-limit = 8388608 (custom)
2024-05-22 11:32:16,922 [ae2fb675-4ad2-4742-b745-16c1dba3b70f-groupManagement] INFO  server.RaftServerConfigKeys (ConfUtils.java:logGet(46)) - raft.server.log.unsafe-flush.enabled = false (default)
2024-05-22 11:32:16,922 [ae2fb675-4ad2-4742-b745-16c1dba3b70f-groupManagement] INFO  server.RaftServerConfigKeys (ConfUtils.java:logGet(46)) - raft.server.log.async-flush.enabled = false (default)
2024-05-22 11:32:16,923 [ae2fb675-4ad2-4742-b745-16c1dba3b70f-groupManagement] INFO  server.RaftServerConfigKeys (ConfUtils.java:logGet(46)) - raft.server.log.statemachine.data.caching.enabled = true (custom)
2024-05-22 11:32:16,923 [ae2fb675-4ad2-4742-b745-16c1dba3b70f-groupManagement] INFO  segmented.SegmentedRaftLogWorker (SegmentedRaftLogWorker.java:lambda$new$0(134)) - ae2fb675-4ad2-4742-b745-16c1dba3b70f@group-58827D620A90-SegmentedRaftLogWorker: flushIndex: setUnconditionally 0 -> -1
2024-05-22 11:32:16,923 [ae2fb675-4ad2-4742-b745-16c1dba3b70f-groupManagement] INFO  segmented.SegmentedRaftLogWorker (SegmentedRaftLogWorker.java:lambda$new$0(134)) - ae2fb675-4ad2-4742-b745-16c1dba3b70f@group-58827D620A90-SegmentedRaftLogWorker: safeCacheEvictIndex: setUnconditionally 0 -> -1
2024-05-22 11:32:16,924 [ae2fb675-4ad2-4742-b745-16c1dba3b70f-groupManagement] INFO  server.RaftServer$Division (RaftServerImpl.java:start(396)) - ae2fb675-4ad2-4742-b745-16c1dba3b70f@group-58827D620A90: start as a follower, conf=-1: peers:[ae2fb675-4ad2-4742-b745-16c1dba3b70f|127.0.0.1:15094]|listeners:[], old=null
2024-05-22 11:32:16,924 [ae2fb675-4ad2-4742-b745-16c1dba3b70f-groupManagement] INFO  server.RaftServer$Division (RaftServerImpl.java:setRole(383)) - ae2fb675-4ad2-4742-b745-16c1dba3b70f@group-58827D620A90: changes role from      null to FOLLOWER at term 0 for startAsFollower
2024-05-22 11:32:16,924 [ae2fb675-4ad2-4742-b745-16c1dba3b70f-groupManagement] INFO  impl.RoleInfo (RoleInfo.java:updateAndGet(139)) - ae2fb675-4ad2-4742-b745-16c1dba3b70f: start ae2fb675-4ad2-4742-b745-16c1dba3b70f@group-58827D620A90-FollowerState
2024-05-22 11:32:16,924 [ae2fb675-4ad2-4742-b745-16c1dba3b70f@group-58827D620A90-FollowerState] INFO  server.RaftServerConfigKeys (ConfUtils.java:logFallback(53)) - raft.server.rpc.first-election.timeout.min = 5s (fallback to raft.server.rpc.timeout.min)
2024-05-22 11:32:16,924 [ae2fb675-4ad2-4742-b745-16c1dba3b70f@group-58827D620A90-FollowerState] INFO  server.RaftServerConfigKeys (ConfUtils.java:logFallback(53)) - raft.server.rpc.first-election.timeout.max = 5200ms (fallback to raft.server.rpc.timeout.max)
2024-05-22 11:32:16,924 [ae2fb675-4ad2-4742-b745-16c1dba3b70f-groupManagement] INFO  util.JmxRegister (JmxRegister.java:tryRegister(44)) - Successfully registered JMX Bean with object name Ratis:service=RaftServer,group=group-58827D620A90,id=ae2fb675-4ad2-4742-b745-16c1dba3b70f
2024-05-22 11:32:16,925 [ae2fb675-4ad2-4742-b745-16c1dba3b70f-groupManagement] INFO  server.RaftServerConfigKeys (ConfUtils.java:logGet(46)) - raft.server.snapshot.trigger-when-stop.enabled = true (default)
2024-05-22 11:32:16,925 [ae2fb675-4ad2-4742-b745-16c1dba3b70f-groupManagement] INFO  server.RaftServerConfigKeys (ConfUtils.java:logGet(46)) - raft.server.snapshot.auto.trigger.enabled = true (custom)
2024-05-22 11:32:16,925 [ae2fb675-4ad2-4742-b745-16c1dba3b70f-groupManagement] INFO  server.RaftServerConfigKeys (ConfUtils.java:logGet(46)) - raft.server.snapshot.auto.trigger.threshold = 10000 (custom)
2024-05-22 11:32:16,925 [ae2fb675-4ad2-4742-b745-16c1dba3b70f-groupManagement] INFO  server.RaftServerConfigKeys (ConfUtils.java:logGet(46)) - raft.server.snapshot.retention.file.num = 5 (custom)
2024-05-22 11:32:16,925 [ae2fb675-4ad2-4742-b745-16c1dba3b70f-groupManagement] INFO  server.RaftServerConfigKeys (ConfUtils.java:logGet(46)) - raft.server.log.purge.upto.snapshot.index = false (default)
2024-05-22 11:32:16,926 [ae2fb675-4ad2-4742-b745-16c1dba3b70f-PipelineCommandHandlerThread-0] INFO  ratis.XceiverServerRatis (XceiverServerRatis.java:addGroup(864)) - Created group PipelineID=c5d189d2-33a6-478c-8a46-58827d620a90
2024-05-22 11:32:16,926 [ae2fb675-4ad2-4742-b745-16c1dba3b70f-PipelineCommandHandlerThread-0] INFO  commandhandler.CreatePipelineCommandHandler (CreatePipelineCommandHandler.java:lambda$handle$2(124)) - Created Pipeline RATIS ONE PipelineID=c5d189d2-33a6-478c-8a46-58827d620a90.
2024-05-22 11:32:17,907 [main] INFO  ozone.MiniOzoneClusterImpl (MiniOzoneClusterImpl.java:lambda$waitForClusterToBeReady$0(194)) - Nodes are ready. Got 3 of 3 DN Heartbeats.
2024-05-22 11:32:17,907 [main] INFO  ozone.MiniOzoneClusterImpl (MiniOzoneClusterImpl.java:lambda$waitForClusterToBeReady$0(197)) - Waiting for cluster to exit safe mode
2024-05-22 11:32:17,907 [main] INFO  ozone.MiniOzoneClusterImpl (MiniOzoneClusterImpl.java:lambda$waitForClusterToBeReady$0(199)) - SCM became leader
2024-05-22 11:32:18,907 [main] INFO  ozone.MiniOzoneClusterImpl (MiniOzoneClusterImpl.java:lambda$waitForClusterToBeReady$0(194)) - Nodes are ready. Got 3 of 3 DN Heartbeats.
2024-05-22 11:32:18,907 [main] INFO  ozone.MiniOzoneClusterImpl (MiniOzoneClusterImpl.java:lambda$waitForClusterToBeReady$0(197)) - Waiting for cluster to exit safe mode
2024-05-22 11:32:18,908 [main] INFO  ozone.MiniOzoneClusterImpl (MiniOzoneClusterImpl.java:lambda$waitForClusterToBeReady$0(199)) - SCM became leader
2024-05-22 11:32:19,908 [main] INFO  ozone.MiniOzoneClusterImpl (MiniOzoneClusterImpl.java:lambda$waitForClusterToBeReady$0(194)) - Nodes are ready. Got 3 of 3 DN Heartbeats.
2024-05-22 11:32:19,908 [main] INFO  ozone.MiniOzoneClusterImpl (MiniOzoneClusterImpl.java:lambda$waitForClusterToBeReady$0(197)) - Waiting for cluster to exit safe mode
2024-05-22 11:32:19,908 [main] INFO  ozone.MiniOzoneClusterImpl (MiniOzoneClusterImpl.java:lambda$waitForClusterToBeReady$0(199)) - SCM became leader
2024-05-22 11:32:20,908 [main] INFO  ozone.MiniOzoneClusterImpl (MiniOzoneClusterImpl.java:lambda$waitForClusterToBeReady$0(194)) - Nodes are ready. Got 3 of 3 DN Heartbeats.
2024-05-22 11:32:20,908 [main] INFO  ozone.MiniOzoneClusterImpl (MiniOzoneClusterImpl.java:lambda$waitForClusterToBeReady$0(197)) - Waiting for cluster to exit safe mode
2024-05-22 11:32:20,909 [main] INFO  ozone.MiniOzoneClusterImpl (MiniOzoneClusterImpl.java:lambda$waitForClusterToBeReady$0(199)) - SCM became leader
2024-05-22 11:32:21,815 [ae2fb675-4ad2-4742-b745-16c1dba3b70f@group-F0B03FD0AD5D-FollowerState] INFO  impl.FollowerState (FollowerState.java:run(143)) - ae2fb675-4ad2-4742-b745-16c1dba3b70f@group-F0B03FD0AD5D-FollowerState: change to CANDIDATE, lastRpcElapsedTime:5015857826ns, electionTimeout:5015ms
2024-05-22 11:32:21,816 [ae2fb675-4ad2-4742-b745-16c1dba3b70f@group-F0B03FD0AD5D-FollowerState] INFO  impl.RoleInfo (RoleInfo.java:shutdownFollowerState(110)) - ae2fb675-4ad2-4742-b745-16c1dba3b70f: shutdown ae2fb675-4ad2-4742-b745-16c1dba3b70f@group-F0B03FD0AD5D-FollowerState
2024-05-22 11:32:21,816 [ae2fb675-4ad2-4742-b745-16c1dba3b70f@group-F0B03FD0AD5D-FollowerState] INFO  server.RaftServer$Division (RaftServerImpl.java:setRole(383)) - ae2fb675-4ad2-4742-b745-16c1dba3b70f@group-F0B03FD0AD5D: changes role from  FOLLOWER to CANDIDATE at term 0 for changeToCandidate
2024-05-22 11:32:21,816 [ae2fb675-4ad2-4742-b745-16c1dba3b70f@group-F0B03FD0AD5D-FollowerState] INFO  server.RaftServerConfigKeys (ConfUtils.java:logGet(46)) - raft.server.leaderelection.pre-vote = true (default)
2024-05-22 11:32:21,816 [ae2fb675-4ad2-4742-b745-16c1dba3b70f@group-F0B03FD0AD5D-FollowerState] INFO  impl.RoleInfo (RoleInfo.java:updateAndGet(139)) - ae2fb675-4ad2-4742-b745-16c1dba3b70f: start ae2fb675-4ad2-4742-b745-16c1dba3b70f@group-F0B03FD0AD5D-LeaderElection19
2024-05-22 11:32:21,816 [ae2fb675-4ad2-4742-b745-16c1dba3b70f@group-F0B03FD0AD5D-LeaderElection19] INFO  impl.LeaderElection (LeaderElection.java:askForVotes(321)) - ae2fb675-4ad2-4742-b745-16c1dba3b70f@group-F0B03FD0AD5D-LeaderElection19 PRE_VOTE round 0: submit vote requests at term 0 for -1: peers:[02a0afdf-1bea-47f6-ae97-5b8161c986a7|127.0.0.1:15085, 538779f6-f80f-4bc7-8424-1a47a535146d|127.0.0.1:15076, ae2fb675-4ad2-4742-b745-16c1dba3b70f|127.0.0.1:15094]|listeners:[], old=null
2024-05-22 11:32:21,817 [ae2fb675-4ad2-4742-b745-16c1dba3b70f@group-F0B03FD0AD5D-LeaderElection19-1] INFO  server.GrpcServerProtocolClient (GrpcServerProtocolClient.java:<init>(65)) - Build channel for 02a0afdf-1bea-47f6-ae97-5b8161c986a7|127.0.0.1:15085
2024-05-22 11:32:21,817 [ae2fb675-4ad2-4742-b745-16c1dba3b70f@group-F0B03FD0AD5D-LeaderElection19-2] INFO  server.GrpcServerProtocolClient (GrpcServerProtocolClient.java:<init>(65)) - Build channel for 538779f6-f80f-4bc7-8424-1a47a535146d|127.0.0.1:15076
2024-05-22 11:32:21,817 [ae2fb675-4ad2-4742-b745-16c1dba3b70f@group-F0B03FD0AD5D-LeaderElection19] INFO  server.RaftServerConfigKeys (ConfUtils.java:logFallback(53)) - raft.server.rpc.first-election.timeout.min = 5s (fallback to raft.server.rpc.timeout.min)
2024-05-22 11:32:21,817 [ae2fb675-4ad2-4742-b745-16c1dba3b70f@group-F0B03FD0AD5D-LeaderElection19] INFO  server.RaftServerConfigKeys (ConfUtils.java:logFallback(53)) - raft.server.rpc.first-election.timeout.max = 5200ms (fallback to raft.server.rpc.timeout.max)
2024-05-22 11:32:21,822 [grpc-default-executor-1] INFO  server.RaftServer$Division (RaftServerImpl.java:requestVote(1389)) - 02a0afdf-1bea-47f6-ae97-5b8161c986a7@group-F0B03FD0AD5D: receive requestVote(PRE_VOTE, ae2fb675-4ad2-4742-b745-16c1dba3b70f, group-F0B03FD0AD5D, 0, (t:0, i:0))
2024-05-22 11:32:21,822 [grpc-default-executor-1] INFO  impl.VoteContext (VoteContext.java:log(49)) - 02a0afdf-1bea-47f6-ae97-5b8161c986a7@group-F0B03FD0AD5D-FOLLOWER: accept PRE_VOTE from ae2fb675-4ad2-4742-b745-16c1dba3b70f: our priority 0 <= candidate's priority 1
2024-05-22 11:32:21,822 [grpc-default-executor-1] INFO  server.RaftServer$Division (RaftServerImpl.java:requestVote(1422)) - 02a0afdf-1bea-47f6-ae97-5b8161c986a7@group-F0B03FD0AD5D replies to PRE_VOTE vote request: ae2fb675-4ad2-4742-b745-16c1dba3b70f<-02a0afdf-1bea-47f6-ae97-5b8161c986a7#0:OK-t0. Peer's state: 02a0afdf-1bea-47f6-ae97-5b8161c986a7@group-F0B03FD0AD5D:t0, leader=null, voted=, raftlog=Memoized:02a0afdf-1bea-47f6-ae97-5b8161c986a7@group-F0B03FD0AD5D-SegmentedRaftLog:OPENED:c-1, conf=-1: peers:[02a0afdf-1bea-47f6-ae97-5b8161c986a7|127.0.0.1:15085, 538779f6-f80f-4bc7-8424-1a47a535146d|127.0.0.1:15076, ae2fb675-4ad2-4742-b745-16c1dba3b70f|127.0.0.1:15094]|listeners:[], old=null
2024-05-22 11:32:21,824 [ae2fb675-4ad2-4742-b745-16c1dba3b70f@group-F0B03FD0AD5D-LeaderElection19] INFO  impl.LeaderElection (LeaderElection.java:logAndReturn(89)) - ae2fb675-4ad2-4742-b745-16c1dba3b70f@group-F0B03FD0AD5D-LeaderElection19: PRE_VOTE PASSED received 1 response(s) and 0 exception(s):
2024-05-22 11:32:21,824 [ae2fb675-4ad2-4742-b745-16c1dba3b70f@group-F0B03FD0AD5D-LeaderElection19] INFO  impl.LeaderElection (LeaderElection.java:logAndReturn(93)) -   Response 0: ae2fb675-4ad2-4742-b745-16c1dba3b70f<-02a0afdf-1bea-47f6-ae97-5b8161c986a7#0:OK-t0
2024-05-22 11:32:21,824 [ae2fb675-4ad2-4742-b745-16c1dba3b70f@group-F0B03FD0AD5D-LeaderElection19] INFO  impl.LeaderElection (LeaderElection.java:askForVotes(323)) - ae2fb675-4ad2-4742-b745-16c1dba3b70f@group-F0B03FD0AD5D-LeaderElection19 PRE_VOTE round 0: result PASSED
2024-05-22 11:32:21,826 [ae2fb675-4ad2-4742-b745-16c1dba3b70f@group-F0B03FD0AD5D-LeaderElection19] INFO  impl.LeaderElection (LeaderElection.java:askForVotes(321)) - ae2fb675-4ad2-4742-b745-16c1dba3b70f@group-F0B03FD0AD5D-LeaderElection19 ELECTION round 0: submit vote requests at term 1 for -1: peers:[02a0afdf-1bea-47f6-ae97-5b8161c986a7|127.0.0.1:15085, 538779f6-f80f-4bc7-8424-1a47a535146d|127.0.0.1:15076, ae2fb675-4ad2-4742-b745-16c1dba3b70f|127.0.0.1:15094]|listeners:[], old=null
2024-05-22 11:32:21,826 [grpc-default-executor-1] INFO  server.RaftServer$Division (RaftServerImpl.java:requestVote(1389)) - 538779f6-f80f-4bc7-8424-1a47a535146d@group-F0B03FD0AD5D: receive requestVote(PRE_VOTE, ae2fb675-4ad2-4742-b745-16c1dba3b70f, group-F0B03FD0AD5D, 0, (t:0, i:0))
2024-05-22 11:32:21,827 [ae2fb675-4ad2-4742-b745-16c1dba3b70f@group-F0B03FD0AD5D-LeaderElection19] INFO  server.RaftServerConfigKeys (ConfUtils.java:logFallback(53)) - raft.server.rpc.first-election.timeout.min = 5s (fallback to raft.server.rpc.timeout.min)
2024-05-22 11:32:21,827 [ae2fb675-4ad2-4742-b745-16c1dba3b70f@group-F0B03FD0AD5D-LeaderElection19] INFO  server.RaftServerConfigKeys (ConfUtils.java:logFallback(53)) - raft.server.rpc.first-election.timeout.max = 5200ms (fallback to raft.server.rpc.timeout.max)
2024-05-22 11:32:21,827 [grpc-default-executor-0] INFO  server.RaftServer$Division (RaftServerImpl.java:requestVote(1389)) - 02a0afdf-1bea-47f6-ae97-5b8161c986a7@group-F0B03FD0AD5D: receive requestVote(ELECTION, ae2fb675-4ad2-4742-b745-16c1dba3b70f, group-F0B03FD0AD5D, 1, (t:0, i:0))
2024-05-22 11:32:21,827 [grpc-default-executor-0] INFO  impl.VoteContext (VoteContext.java:log(49)) - 02a0afdf-1bea-47f6-ae97-5b8161c986a7@group-F0B03FD0AD5D-FOLLOWER: accept ELECTION from ae2fb675-4ad2-4742-b745-16c1dba3b70f: our priority 0 <= candidate's priority 1
2024-05-22 11:32:21,828 [grpc-default-executor-0] INFO  server.RaftServer$Division (RaftServerImpl.java:setRole(383)) - 02a0afdf-1bea-47f6-ae97-5b8161c986a7@group-F0B03FD0AD5D: changes role from  FOLLOWER to FOLLOWER at term 1 for candidate:ae2fb675-4ad2-4742-b745-16c1dba3b70f
2024-05-22 11:32:21,828 [grpc-default-executor-0] INFO  impl.RoleInfo (RoleInfo.java:shutdownFollowerState(110)) - 02a0afdf-1bea-47f6-ae97-5b8161c986a7: shutdown 02a0afdf-1bea-47f6-ae97-5b8161c986a7@group-F0B03FD0AD5D-FollowerState
2024-05-22 11:32:21,828 [grpc-default-executor-0] INFO  impl.RoleInfo (RoleInfo.java:updateAndGet(139)) - 02a0afdf-1bea-47f6-ae97-5b8161c986a7: start 02a0afdf-1bea-47f6-ae97-5b8161c986a7@group-F0B03FD0AD5D-FollowerState
2024-05-22 11:32:21,828 [02a0afdf-1bea-47f6-ae97-5b8161c986a7@group-F0B03FD0AD5D-FollowerState] INFO  impl.FollowerState (FollowerState.java:run(152)) - 02a0afdf-1bea-47f6-ae97-5b8161c986a7@group-F0B03FD0AD5D-FollowerState was interrupted
2024-05-22 11:32:21,828 [grpc-default-executor-1] INFO  impl.VoteContext (VoteContext.java:log(49)) - 538779f6-f80f-4bc7-8424-1a47a535146d@group-F0B03FD0AD5D-FOLLOWER: accept PRE_VOTE from ae2fb675-4ad2-4742-b745-16c1dba3b70f: our priority 0 <= candidate's priority 1
2024-05-22 11:32:21,829 [grpc-default-executor-1] INFO  server.RaftServer$Division (RaftServerImpl.java:requestVote(1422)) - 538779f6-f80f-4bc7-8424-1a47a535146d@group-F0B03FD0AD5D replies to PRE_VOTE vote request: ae2fb675-4ad2-4742-b745-16c1dba3b70f<-538779f6-f80f-4bc7-8424-1a47a535146d#0:OK-t0. Peer's state: 538779f6-f80f-4bc7-8424-1a47a535146d@group-F0B03FD0AD5D:t0, leader=null, voted=, raftlog=Memoized:538779f6-f80f-4bc7-8424-1a47a535146d@group-F0B03FD0AD5D-SegmentedRaftLog:OPENED:c-1, conf=-1: peers:[02a0afdf-1bea-47f6-ae97-5b8161c986a7|127.0.0.1:15085, 538779f6-f80f-4bc7-8424-1a47a535146d|127.0.0.1:15076, ae2fb675-4ad2-4742-b745-16c1dba3b70f|127.0.0.1:15094]|listeners:[], old=null
2024-05-22 11:32:21,828 [grpc-default-executor-2] INFO  server.RaftServer$Division (RaftServerImpl.java:requestVote(1389)) - 538779f6-f80f-4bc7-8424-1a47a535146d@group-F0B03FD0AD5D: receive requestVote(ELECTION, ae2fb675-4ad2-4742-b745-16c1dba3b70f, group-F0B03FD0AD5D, 1, (t:0, i:0))
2024-05-22 11:32:21,829 [grpc-default-executor-2] INFO  impl.VoteContext (VoteContext.java:log(49)) - 538779f6-f80f-4bc7-8424-1a47a535146d@group-F0B03FD0AD5D-FOLLOWER: accept ELECTION from ae2fb675-4ad2-4742-b745-16c1dba3b70f: our priority 0 <= candidate's priority 1
2024-05-22 11:32:21,829 [grpc-default-executor-2] INFO  server.RaftServer$Division (RaftServerImpl.java:setRole(383)) - 538779f6-f80f-4bc7-8424-1a47a535146d@group-F0B03FD0AD5D: changes role from  FOLLOWER to FOLLOWER at term 1 for candidate:ae2fb675-4ad2-4742-b745-16c1dba3b70f
2024-05-22 11:32:21,829 [grpc-default-executor-2] INFO  impl.RoleInfo (RoleInfo.java:shutdownFollowerState(110)) - 538779f6-f80f-4bc7-8424-1a47a535146d: shutdown 538779f6-f80f-4bc7-8424-1a47a535146d@group-F0B03FD0AD5D-FollowerState
2024-05-22 11:32:21,830 [538779f6-f80f-4bc7-8424-1a47a535146d@group-F0B03FD0AD5D-FollowerState] INFO  impl.FollowerState (FollowerState.java:run(152)) - 538779f6-f80f-4bc7-8424-1a47a535146d@group-F0B03FD0AD5D-FollowerState was interrupted
2024-05-22 11:32:21,830 [grpc-default-executor-2] INFO  impl.RoleInfo (RoleInfo.java:updateAndGet(139)) - 538779f6-f80f-4bc7-8424-1a47a535146d: start 538779f6-f80f-4bc7-8424-1a47a535146d@group-F0B03FD0AD5D-FollowerState
2024-05-22 11:32:21,830 [grpc-default-executor-0] INFO  server.RaftServer$Division (RaftServerImpl.java:setFirstElection(574)) - 02a0afdf-1bea-47f6-ae97-5b8161c986a7@group-F0B03FD0AD5D: set firstElectionSinceStartup to false for candidate:ae2fb675-4ad2-4742-b745-16c1dba3b70f
2024-05-22 11:32:21,830 [grpc-default-executor-2] INFO  server.RaftServer$Division (RaftServerImpl.java:setFirstElection(574)) - 538779f6-f80f-4bc7-8424-1a47a535146d@group-F0B03FD0AD5D: set firstElectionSinceStartup to false for candidate:ae2fb675-4ad2-4742-b745-16c1dba3b70f
2024-05-22 11:32:21,833 [grpc-default-executor-0] INFO  server.RaftServer$Division (RaftServerImpl.java:requestVote(1422)) - 02a0afdf-1bea-47f6-ae97-5b8161c986a7@group-F0B03FD0AD5D replies to ELECTION vote request: ae2fb675-4ad2-4742-b745-16c1dba3b70f<-02a0afdf-1bea-47f6-ae97-5b8161c986a7#0:OK-t1. Peer's state: 02a0afdf-1bea-47f6-ae97-5b8161c986a7@group-F0B03FD0AD5D:t1, leader=null, voted=ae2fb675-4ad2-4742-b745-16c1dba3b70f, raftlog=Memoized:02a0afdf-1bea-47f6-ae97-5b8161c986a7@group-F0B03FD0AD5D-SegmentedRaftLog:OPENED:c-1, conf=-1: peers:[02a0afdf-1bea-47f6-ae97-5b8161c986a7|127.0.0.1:15085, 538779f6-f80f-4bc7-8424-1a47a535146d|127.0.0.1:15076, ae2fb675-4ad2-4742-b745-16c1dba3b70f|127.0.0.1:15094]|listeners:[], old=null
2024-05-22 11:32:21,833 [grpc-default-executor-2] INFO  server.RaftServer$Division (RaftServerImpl.java:requestVote(1422)) - 538779f6-f80f-4bc7-8424-1a47a535146d@group-F0B03FD0AD5D replies to ELECTION vote request: ae2fb675-4ad2-4742-b745-16c1dba3b70f<-538779f6-f80f-4bc7-8424-1a47a535146d#0:OK-t1. Peer's state: 538779f6-f80f-4bc7-8424-1a47a535146d@group-F0B03FD0AD5D:t1, leader=null, voted=ae2fb675-4ad2-4742-b745-16c1dba3b70f, raftlog=Memoized:538779f6-f80f-4bc7-8424-1a47a535146d@group-F0B03FD0AD5D-SegmentedRaftLog:OPENED:c-1, conf=-1: peers:[02a0afdf-1bea-47f6-ae97-5b8161c986a7|127.0.0.1:15085, 538779f6-f80f-4bc7-8424-1a47a535146d|127.0.0.1:15076, ae2fb675-4ad2-4742-b745-16c1dba3b70f|127.0.0.1:15094]|listeners:[], old=null
2024-05-22 11:32:21,834 [ae2fb675-4ad2-4742-b745-16c1dba3b70f@group-F0B03FD0AD5D-LeaderElection19] INFO  impl.LeaderElection (LeaderElection.java:logAndReturn(89)) - ae2fb675-4ad2-4742-b745-16c1dba3b70f@group-F0B03FD0AD5D-LeaderElection19: ELECTION PASSED received 1 response(s) and 0 exception(s):
2024-05-22 11:32:21,834 [ae2fb675-4ad2-4742-b745-16c1dba3b70f@group-F0B03FD0AD5D-LeaderElection19] INFO  impl.LeaderElection (LeaderElection.java:logAndReturn(93)) -   Response 0: ae2fb675-4ad2-4742-b745-16c1dba3b70f<-02a0afdf-1bea-47f6-ae97-5b8161c986a7#0:OK-t1
2024-05-22 11:32:21,834 [ae2fb675-4ad2-4742-b745-16c1dba3b70f@group-F0B03FD0AD5D-LeaderElection19] INFO  impl.LeaderElection (LeaderElection.java:askForVotes(323)) - ae2fb675-4ad2-4742-b745-16c1dba3b70f@group-F0B03FD0AD5D-LeaderElection19 ELECTION round 0: result PASSED
2024-05-22 11:32:21,834 [ae2fb675-4ad2-4742-b745-16c1dba3b70f@group-F0B03FD0AD5D-LeaderElection19] INFO  impl.RoleInfo (RoleInfo.java:shutdownLeaderElection(130)) - ae2fb675-4ad2-4742-b745-16c1dba3b70f: shutdown ae2fb675-4ad2-4742-b745-16c1dba3b70f@group-F0B03FD0AD5D-LeaderElection19
2024-05-22 11:32:21,834 [ae2fb675-4ad2-4742-b745-16c1dba3b70f@group-F0B03FD0AD5D-LeaderElection19] INFO  server.RaftServer$Division (RaftServerImpl.java:setRole(383)) - ae2fb675-4ad2-4742-b745-16c1dba3b70f@group-F0B03FD0AD5D: changes role from CANDIDATE to LEADER at term 1 for changeToLeader
2024-05-22 11:32:21,834 [ae2fb675-4ad2-4742-b745-16c1dba3b70f@group-F0B03FD0AD5D-LeaderElection19] INFO  server.RaftServerConfigKeys (ConfUtils.java:logGet(46)) - raft.server.staging.catchup.gap = 1000 (default)
2024-05-22 11:32:21,834 [ae2fb675-4ad2-4742-b745-16c1dba3b70f@group-F0B03FD0AD5D-LeaderElection19] INFO  server.RaftServerConfigKeys (ConfUtils.java:logGet(46)) - raft.server.write.element-limit = 1024 (custom)
2024-05-22 11:32:21,834 [ae2fb675-4ad2-4742-b745-16c1dba3b70f@group-F0B03FD0AD5D-LeaderElection19] INFO  server.RaftServerConfigKeys (ConfUtils.java:logGet(46)) - raft.server.write.byte-limit = 1024 M (=1073741824) (custom)
2024-05-22 11:32:21,834 [ae2fb675-4ad2-4742-b745-16c1dba3b70f@group-F0B03FD0AD5D-LeaderElection19] INFO  server.RaftServerConfigKeys (ConfUtils.java:logGet(46)) - raft.server.watch.timeout = 180s (custom)
2024-05-22 11:32:21,834 [ae2fb675-4ad2-4742-b745-16c1dba3b70f@group-F0B03FD0AD5D-LeaderElection19] INFO  server.RaftServerConfigKeys (ConfUtils.java:logGet(46)) - raft.server.watch.timeout.denomination = 1s (default)
2024-05-22 11:32:21,834 [ae2fb675-4ad2-4742-b745-16c1dba3b70f@group-F0B03FD0AD5D-LeaderElection19] INFO  server.RaftServerConfigKeys (ConfUtils.java:logGet(46)) - raft.server.watch.element-limit = 65536 (default)
2024-05-22 11:32:21,834 [ae2fb675-4ad2-4742-b745-16c1dba3b70f@group-F0B03FD0AD5D-LeaderElection19] INFO  server.RaftServerConfigKeys (ConfUtils.java:logGet(46)) - raft.server.read.leader.lease.enabled = false (default)
2024-05-22 11:32:21,835 [ae2fb675-4ad2-4742-b745-16c1dba3b70f@group-F0B03FD0AD5D-LeaderElection19] INFO  server.RaftServerConfigKeys (ConfUtils.java:logGet(46)) - raft.server.read.leader.lease.timeout.ratio = 0.9 (default)
2024-05-22 11:32:21,835 [ae2fb675-4ad2-4742-b745-16c1dba3b70f@group-F0B03FD0AD5D-LeaderElection19] INFO  server.RaftServerConfigKeys (ConfUtils.java:logGet(46)) - raft.server.rpc.timeout.min = 5s (custom)
2024-05-22 11:32:21,835 [ae2fb675-4ad2-4742-b745-16c1dba3b70f@group-F0B03FD0AD5D-LeaderElection19] INFO  server.RaftServerConfigKeys (ConfUtils.java:logGet(46)) - raft.server.write.element-limit = 1024 (custom)
2024-05-22 11:32:21,835 [ae2fb675-4ad2-4742-b745-16c1dba3b70f@group-F0B03FD0AD5D-LeaderElection19] INFO  server.RaftServerConfigKeys (ConfUtils.java:logGet(46)) - raft.server.write.follower.gap.ratio.max = -1.0 (default)
2024-05-22 11:32:21,835 [ae2fb675-4ad2-4742-b745-16c1dba3b70f@group-F0B03FD0AD5D-LeaderElection19] INFO  server.RaftServerConfigKeys (ConfUtils.java:logGet(46)) - raft.server.log.appender.snapshot.chunk.size.max = 16MB (=16777216) (default)
2024-05-22 11:32:21,835 [ae2fb675-4ad2-4742-b745-16c1dba3b70f@group-F0B03FD0AD5D-LeaderElection19] INFO  server.RaftServerConfigKeys (ConfUtils.java:logGet(46)) - raft.server.log.appender.buffer.byte-limit = 8388608 (custom)
2024-05-22 11:32:21,835 [ae2fb675-4ad2-4742-b745-16c1dba3b70f@group-F0B03FD0AD5D-LeaderElection19] INFO  server.RaftServerConfigKeys (ConfUtils.java:logGet(46)) - raft.server.log.appender.buffer.element-limit = 1024 (custom)
2024-05-22 11:32:21,835 [ae2fb675-4ad2-4742-b745-16c1dba3b70f@group-F0B03FD0AD5D-LeaderElection19] INFO  server.RaftServerConfigKeys (ConfUtils.java:logGet(46)) - raft.server.log.appender.wait-time.min = 0μs (custom)
2024-05-22 11:32:21,835 [ae2fb675-4ad2-4742-b745-16c1dba3b70f@group-F0B03FD0AD5D-LeaderElection19] INFO  grpc.GrpcConfigKeys (ConfUtils.java:logGet(46)) - raft.grpc.server.leader.outstanding.appends.max = 8 (default)
2024-05-22 11:32:21,835 [ae2fb675-4ad2-4742-b745-16c1dba3b70f@group-F0B03FD0AD5D-LeaderElection19] INFO  server.RaftServerConfigKeys (ConfUtils.java:logGet(46)) - raft.server.rpc.request.timeout = 60s (custom)
2024-05-22 11:32:21,835 [ae2fb675-4ad2-4742-b745-16c1dba3b70f@group-F0B03FD0AD5D-LeaderElection19] INFO  grpc.GrpcConfigKeys (ConfUtils.java:logGet(46)) - raft.grpc.server.install_snapshot.request.element-limit = 8 (default)
2024-05-22 11:32:21,835 [ae2fb675-4ad2-4742-b745-16c1dba3b70f@group-F0B03FD0AD5D-LeaderElection19] INFO  grpc.GrpcConfigKeys (ConfUtils.java:logGet(46)) - raft.grpc.server.install_snapshot.request.timeout = 3000ms (default)
2024-05-22 11:32:21,836 [ae2fb675-4ad2-4742-b745-16c1dba3b70f@group-F0B03FD0AD5D-LeaderElection19] INFO  grpc.GrpcConfigKeys (ConfUtils.java:logGet(46)) - raft.grpc.server.log-message.batch.duration = 5s (default)
2024-05-22 11:32:21,836 [ae2fb675-4ad2-4742-b745-16c1dba3b70f@group-F0B03FD0AD5D-LeaderElection19] INFO  server.RaftServerConfigKeys (ConfUtils.java:logGet(46)) - raft.server.log.appender.install.snapshot.enabled = false (custom)
2024-05-22 11:32:21,836 [ae2fb675-4ad2-4742-b745-16c1dba3b70f@group-F0B03FD0AD5D-LeaderElection19] INFO  grpc.GrpcConfigKeys (ConfUtils.java:logGet(46)) - raft.grpc.server.heartbeat.channel = true (default)
2024-05-22 11:32:21,836 [ae2fb675-4ad2-4742-b745-16c1dba3b70f@group-F0B03FD0AD5D-LeaderElection19] INFO  server.RaftServerConfigKeys (ConfUtils.java:logGet(46)) - raft.server.log.appender.snapshot.chunk.size.max = 16MB (=16777216) (default)
2024-05-22 11:32:21,836 [ae2fb675-4ad2-4742-b745-16c1dba3b70f@group-F0B03FD0AD5D-LeaderElection19] INFO  server.RaftServerConfigKeys (ConfUtils.java:logGet(46)) - raft.server.log.appender.buffer.byte-limit = 8388608 (custom)
2024-05-22 11:32:21,836 [ae2fb675-4ad2-4742-b745-16c1dba3b70f@group-F0B03FD0AD5D-LeaderElection19] INFO  server.RaftServerConfigKeys (ConfUtils.java:logGet(46)) - raft.server.log.appender.buffer.element-limit = 1024 (custom)
2024-05-22 11:32:21,836 [ae2fb675-4ad2-4742-b745-16c1dba3b70f@group-F0B03FD0AD5D-LeaderElection19] INFO  server.RaftServerConfigKeys (ConfUtils.java:logGet(46)) - raft.server.log.appender.wait-time.min = 0μs (custom)
2024-05-22 11:32:21,836 [ae2fb675-4ad2-4742-b745-16c1dba3b70f@group-F0B03FD0AD5D-LeaderElection19] INFO  grpc.GrpcConfigKeys (ConfUtils.java:logGet(46)) - raft.grpc.server.leader.outstanding.appends.max = 8 (default)
2024-05-22 11:32:21,836 [ae2fb675-4ad2-4742-b745-16c1dba3b70f@group-F0B03FD0AD5D-LeaderElection19] INFO  server.RaftServerConfigKeys (ConfUtils.java:logGet(46)) - raft.server.rpc.request.timeout = 60s (custom)
2024-05-22 11:32:21,836 [ae2fb675-4ad2-4742-b745-16c1dba3b70f@group-F0B03FD0AD5D-LeaderElection19] INFO  grpc.GrpcConfigKeys (ConfUtils.java:logGet(46)) - raft.grpc.server.install_snapshot.request.element-limit = 8 (default)
2024-05-22 11:32:21,836 [ae2fb675-4ad2-4742-b745-16c1dba3b70f@group-F0B03FD0AD5D-LeaderElection19] INFO  grpc.GrpcConfigKeys (ConfUtils.java:logGet(46)) - raft.grpc.server.install_snapshot.request.timeout = 3000ms (default)
2024-05-22 11:32:21,837 [ae2fb675-4ad2-4742-b745-16c1dba3b70f@group-F0B03FD0AD5D-LeaderElection19] INFO  grpc.GrpcConfigKeys (ConfUtils.java:logGet(46)) - raft.grpc.server.log-message.batch.duration = 5s (default)
2024-05-22 11:32:21,837 [ae2fb675-4ad2-4742-b745-16c1dba3b70f@group-F0B03FD0AD5D-LeaderElection19] INFO  server.RaftServerConfigKeys (ConfUtils.java:logGet(46)) - raft.server.log.appender.install.snapshot.enabled = false (custom)
2024-05-22 11:32:21,837 [ae2fb675-4ad2-4742-b745-16c1dba3b70f@group-F0B03FD0AD5D-LeaderElection19] INFO  grpc.GrpcConfigKeys (ConfUtils.java:logGet(46)) - raft.grpc.server.heartbeat.channel = true (default)
2024-05-22 11:32:21,837 [ae2fb675-4ad2-4742-b745-16c1dba3b70f@group-F0B03FD0AD5D-LeaderElection19] INFO  impl.RoleInfo (RoleInfo.java:updateAndGet(139)) - ae2fb675-4ad2-4742-b745-16c1dba3b70f: start ae2fb675-4ad2-4742-b745-16c1dba3b70f@group-F0B03FD0AD5D-LeaderStateImpl
2024-05-22 11:32:21,837 [ae2fb675-4ad2-4742-b745-16c1dba3b70f@group-F0B03FD0AD5D-LeaderElection19] INFO  server.RaftServer$Division (RaftServerImpl.java:setFirstElection(574)) - ae2fb675-4ad2-4742-b745-16c1dba3b70f@group-F0B03FD0AD5D: set firstElectionSinceStartup to false for becomeLeader
2024-05-22 11:32:21,837 [ae2fb675-4ad2-4742-b745-16c1dba3b70f@group-F0B03FD0AD5D-LeaderElection19] INFO  ratis.XceiverServerRatis (XceiverServerRatis.java:handleLeaderChangedNotification(966)) - Leader change notification received for group: group-F0B03FD0AD5D with new leaderId: ae2fb675-4ad2-4742-b745-16c1dba3b70f
2024-05-22 11:32:21,837 [ae2fb675-4ad2-4742-b745-16c1dba3b70f@group-F0B03FD0AD5D-LeaderElection19] INFO  server.RaftServer$Division (ServerState.java:setLeader(269)) - ae2fb675-4ad2-4742-b745-16c1dba3b70f@group-F0B03FD0AD5D: change Leader from null to ae2fb675-4ad2-4742-b745-16c1dba3b70f at term 1 for becomeLeader, leader elected after 5047ms
2024-05-22 11:32:21,837 [ae2fb675-4ad2-4742-b745-16c1dba3b70f@group-F0B03FD0AD5D-LeaderElection19] INFO  segmented.SegmentedRaftLogWorker (SegmentedRaftLogWorker.java:startLogSegment(430)) - ae2fb675-4ad2-4742-b745-16c1dba3b70f@group-F0B03FD0AD5D-SegmentedRaftLogWorker: Starting segment from index:0
2024-05-22 11:32:21,838 [ae2fb675-4ad2-4742-b745-16c1dba3b70f@group-F0B03FD0AD5D-LeaderElection19] INFO  server.RaftServer$Division (ServerState.java:setRaftConf(386)) - ae2fb675-4ad2-4742-b745-16c1dba3b70f@group-F0B03FD0AD5D: set configuration 0: peers:[02a0afdf-1bea-47f6-ae97-5b8161c986a7|127.0.0.1:15085, 538779f6-f80f-4bc7-8424-1a47a535146d|127.0.0.1:15076, ae2fb675-4ad2-4742-b745-16c1dba3b70f|127.0.0.1:15094]|listeners:[], old=null
2024-05-22 11:32:21,838 [ae2fb675-4ad2-4742-b745-16c1dba3b70f@group-F0B03FD0AD5D-SegmentedRaftLogWorker] INFO  segmented.BufferedWriteChannel (BufferedWriteChannel.java:open(62)) - open log_inprogress_0 at position 0
2024-05-22 11:32:21,839 [EventQueue-PipelineReportForPipelineReportHandler] INFO  pipeline.PipelineReportHandler (PipelineReportHandler.java:processPipelineReport(136)) - Opened pipeline PipelineID=96889823-d642-4618-bd52-f0b03fd0ad5d
2024-05-22 11:32:21,840 [EventQueue-OpenPipelineForHealthyPipelineSafeModeRule] INFO  safemode.SCMSafeModeManager (HealthyPipelineSafeModeRule.java:process(140)) - SCM in safe mode. Healthy pipelines reported count is 1, required healthy pipeline reported count is 1
2024-05-22 11:32:21,840 [EventQueue-OpenPipelineForHealthyPipelineSafeModeRule] INFO  safemode.SCMSafeModeManager (SCMSafeModeManager.java:validateSafeModeExitRules(203)) - HealthyPipelineSafeModeRule rule is successfully validated
2024-05-22 11:32:21,840 [EventQueue-OpenPipelineForHealthyPipelineSafeModeRule] INFO  safemode.SCMSafeModeManager (SCMSafeModeManager.java:validateSafeModeExitRules(218)) - ScmSafeModeManager, all rules are successfully validated
2024-05-22 11:32:21,840 [EventQueue-OpenPipelineForHealthyPipelineSafeModeRule] INFO  safemode.SCMSafeModeManager (SCMSafeModeManager.java:exitSafeMode(248)) - SCM exiting safe mode.
2024-05-22 11:32:21,840 [EventQueue-OpenPipelineForHealthyPipelineSafeModeRule] INFO  ha.SCMContext (SCMContext.java:updateSafeModeStatus(225)) - Update SafeModeStatus from SafeModeStatus{safeModeStatus=true, preCheckPassed=true} to SafeModeStatus{safeModeStatus=false, preCheckPassed=true}.
2024-05-22 11:32:21,840 [EventQueue-OpenPipelineForHealthyPipelineSafeModeRule] INFO  pipeline.BackgroundPipelineCreator (BackgroundPipelineCreator.java:notifyStatusChanged(258)) - Service BackgroundPipelineCreator transitions to RUNNING.
2024-05-22 11:32:21,840 [EventQueue-OpenPipelineForHealthyPipelineSafeModeRule] INFO  BackgroundPipelineScrubber (BackgroundSCMService.java:notifyStatusChanged(79)) - Service BackgroundPipelineScrubber transitions to RUNNING.
2024-05-22 11:32:21,840 [EventQueue-OpenPipelineForHealthyPipelineSafeModeRule] INFO  ExpiredContainerReplicaOpScrubber (BackgroundSCMService.java:notifyStatusChanged(79)) - Service ExpiredContainerReplicaOpScrubber transitions to RUNNING.
2024-05-22 11:32:21,840 [EventQueue-OpenPipelineForHealthyPipelineSafeModeRule] INFO  block.SCMBlockDeletingService (SCMBlockDeletingService.java:notifyStatusChanged(247)) - notifyStatusChanged:RUNNING
2024-05-22 11:32:21,840 [EventQueue-OpenPipelineForHealthyPipelineSafeModeRule] INFO  replication.ReplicationManager (ReplicationManager.java:notifyStatusChanged(1406)) - Service ReplicationManager transitions to RUNNING.
2024-05-22 11:32:21,842 [EventQueue-OpenPipelineForHealthyPipelineSafeModeRule] WARN  balancer.ContainerBalancer (ContainerBalancer.java:shouldRun(134)) - Could not find persisted configuration for ContainerBalancer when checking if ContainerBalancer should run. ContainerBalancer should not run now.
2024-05-22 11:32:21,846 [ae2fb675-4ad2-4742-b745-16c1dba3b70f@group-F0B03FD0AD5D-SegmentedRaftLogWorker] INFO  segmented.SegmentedRaftLogWorker (SegmentedRaftLogWorker.java:execute(634)) - ae2fb675-4ad2-4742-b745-16c1dba3b70f@group-F0B03FD0AD5D-SegmentedRaftLogWorker: created new log segment /home/runner/work/ozone/ozone/hadoop-ozone/integration-test/target/test-dir/MiniOzoneClusterImpl-20f17314-7331-4214-8d7b-3220b0ea8e97/ozone-meta/datanode-3/ratis/96889823-d642-4618-bd52-f0b03fd0ad5d/current/log_inprogress_0
2024-05-22 11:32:21,848 [02a0afdf-1bea-47f6-ae97-5b8161c986a7-server-thread1] INFO  ratis.XceiverServerRatis (XceiverServerRatis.java:handleLeaderChangedNotification(966)) - Leader change notification received for group: group-F0B03FD0AD5D with new leaderId: ae2fb675-4ad2-4742-b745-16c1dba3b70f
2024-05-22 11:32:21,848 [02a0afdf-1bea-47f6-ae97-5b8161c986a7-server-thread1] INFO  server.RaftServer$Division (ServerState.java:setLeader(269)) - 02a0afdf-1bea-47f6-ae97-5b8161c986a7@group-F0B03FD0AD5D: change Leader from null to ae2fb675-4ad2-4742-b745-16c1dba3b70f at term 1 for appendEntries, leader elected after 5037ms
2024-05-22 11:32:21,848 [538779f6-f80f-4bc7-8424-1a47a535146d-server-thread1] INFO  ratis.XceiverServerRatis (XceiverServerRatis.java:handleLeaderChangedNotification(966)) - Leader change notification received for group: group-F0B03FD0AD5D with new leaderId: ae2fb675-4ad2-4742-b745-16c1dba3b70f
2024-05-22 11:32:21,848 [538779f6-f80f-4bc7-8424-1a47a535146d-server-thread1] INFO  server.RaftServer$Division (ServerState.java:setLeader(269)) - 538779f6-f80f-4bc7-8424-1a47a535146d@group-F0B03FD0AD5D: change Leader from null to ae2fb675-4ad2-4742-b745-16c1dba3b70f at term 1 for appendEntries, leader elected after 5079ms
2024-05-22 11:32:21,851 [02a0afdf-1bea-47f6-ae97-5b8161c986a7-server-thread3] INFO  server.RaftServer$Division (ServerState.java:setRaftConf(386)) - 02a0afdf-1bea-47f6-ae97-5b8161c986a7@group-F0B03FD0AD5D: set configuration 0: peers:[02a0afdf-1bea-47f6-ae97-5b8161c986a7|127.0.0.1:15085, 538779f6-f80f-4bc7-8424-1a47a535146d|127.0.0.1:15076, ae2fb675-4ad2-4742-b745-16c1dba3b70f|127.0.0.1:15094]|listeners:[], old=null
2024-05-22 11:32:21,852 [02a0afdf-1bea-47f6-ae97-5b8161c986a7-server-thread3] INFO  segmented.SegmentedRaftLogWorker (SegmentedRaftLogWorker.java:startLogSegment(430)) - 02a0afdf-1bea-47f6-ae97-5b8161c986a7@group-F0B03FD0AD5D-SegmentedRaftLogWorker: Starting segment from index:0
2024-05-22 11:32:21,852 [538779f6-f80f-4bc7-8424-1a47a535146d-server-thread3] INFO  server.RaftServer$Division (ServerState.java:setRaftConf(386)) - 538779f6-f80f-4bc7-8424-1a47a535146d@group-F0B03FD0AD5D: set configuration 0: peers:[02a0afdf-1bea-47f6-ae97-5b8161c986a7|127.0.0.1:15085, 538779f6-f80f-4bc7-8424-1a47a535146d|127.0.0.1:15076, ae2fb675-4ad2-4742-b745-16c1dba3b70f|127.0.0.1:15094]|listeners:[], old=null
2024-05-22 11:32:21,852 [538779f6-f80f-4bc7-8424-1a47a535146d-server-thread3] INFO  segmented.SegmentedRaftLogWorker (SegmentedRaftLogWorker.java:startLogSegment(430)) - 538779f6-f80f-4bc7-8424-1a47a535146d@group-F0B03FD0AD5D-SegmentedRaftLogWorker: Starting segment from index:0
2024-05-22 11:32:21,852 [02a0afdf-1bea-47f6-ae97-5b8161c986a7@group-F0B03FD0AD5D-SegmentedRaftLogWorker] INFO  segmented.BufferedWriteChannel (BufferedWriteChannel.java:open(62)) - open log_inprogress_0 at position 0
2024-05-22 11:32:21,853 [538779f6-f80f-4bc7-8424-1a47a535146d@group-F0B03FD0AD5D-SegmentedRaftLogWorker] INFO  segmented.BufferedWriteChannel (BufferedWriteChannel.java:open(62)) - open log_inprogress_0 at position 0
2024-05-22 11:32:21,866 [02a0afdf-1bea-47f6-ae97-5b8161c986a7@group-F0B03FD0AD5D-SegmentedRaftLogWorker] INFO  segmented.SegmentedRaftLogWorker (SegmentedRaftLogWorker.java:execute(634)) - 02a0afdf-1bea-47f6-ae97-5b8161c986a7@group-F0B03FD0AD5D-SegmentedRaftLogWorker: created new log segment /home/runner/work/ozone/ozone/hadoop-ozone/integration-test/target/test-dir/MiniOzoneClusterImpl-20f17314-7331-4214-8d7b-3220b0ea8e97/ozone-meta/datanode-2/ratis/96889823-d642-4618-bd52-f0b03fd0ad5d/current/log_inprogress_0
2024-05-22 11:32:21,867 [538779f6-f80f-4bc7-8424-1a47a535146d@group-F0B03FD0AD5D-SegmentedRaftLogWorker] INFO  segmented.SegmentedRaftLogWorker (SegmentedRaftLogWorker.java:execute(634)) - 538779f6-f80f-4bc7-8424-1a47a535146d@group-F0B03FD0AD5D-SegmentedRaftLogWorker: created new log segment /home/runner/work/ozone/ozone/hadoop-ozone/integration-test/target/test-dir/MiniOzoneClusterImpl-20f17314-7331-4214-8d7b-3220b0ea8e97/ozone-meta/datanode-1/ratis/96889823-d642-4618-bd52-f0b03fd0ad5d/current/log_inprogress_0
2024-05-22 11:32:21,870 [ae2fb675-4ad2-4742-b745-16c1dba3b70f@group-F0B03FD0AD5D-StateMachineUpdater] INFO  server.RaftServer$Division (LeaderStateImpl.java:isApplied(320)) - leader is ready since appliedIndex == 0 >= startIndex == 0
2024-05-22 11:32:21,883 [538779f6-f80f-4bc7-8424-1a47a535146d@group-5008F0A1828C-FollowerState] INFO  impl.FollowerState (FollowerState.java:run(143)) - 538779f6-f80f-4bc7-8424-1a47a535146d@group-5008F0A1828C-FollowerState: change to CANDIDATE, lastRpcElapsedTime:5045765272ns, electionTimeout:5045ms
2024-05-22 11:32:21,883 [538779f6-f80f-4bc7-8424-1a47a535146d@group-5008F0A1828C-FollowerState] INFO  impl.RoleInfo (RoleInfo.java:shutdownFollowerState(110)) - 538779f6-f80f-4bc7-8424-1a47a535146d: shutdown 538779f6-f80f-4bc7-8424-1a47a535146d@group-5008F0A1828C-FollowerState
2024-05-22 11:32:21,883 [538779f6-f80f-4bc7-8424-1a47a535146d@group-5008F0A1828C-FollowerState] INFO  server.RaftServer$Division (RaftServerImpl.java:setRole(383)) - 538779f6-f80f-4bc7-8424-1a47a535146d@group-5008F0A1828C: changes role from  FOLLOWER to CANDIDATE at term 0 for changeToCandidate
2024-05-22 11:32:21,883 [538779f6-f80f-4bc7-8424-1a47a535146d@group-5008F0A1828C-FollowerState] INFO  server.RaftServerConfigKeys (ConfUtils.java:logGet(46)) - raft.server.leaderelection.pre-vote = true (default)
2024-05-22 11:32:21,883 [538779f6-f80f-4bc7-8424-1a47a535146d@group-5008F0A1828C-FollowerState] INFO  impl.RoleInfo (RoleInfo.java:updateAndGet(139)) - 538779f6-f80f-4bc7-8424-1a47a535146d: start 538779f6-f80f-4bc7-8424-1a47a535146d@group-5008F0A1828C-LeaderElection20
2024-05-22 11:32:21,884 [538779f6-f80f-4bc7-8424-1a47a535146d@group-5008F0A1828C-LeaderElection20] INFO  impl.LeaderElection (LeaderElection.java:askForVotes(321)) - 538779f6-f80f-4bc7-8424-1a47a535146d@group-5008F0A1828C-LeaderElection20 PRE_VOTE round 0: submit vote requests at term 0 for -1: peers:[02a0afdf-1bea-47f6-ae97-5b8161c986a7|127.0.0.1:15085, 538779f6-f80f-4bc7-8424-1a47a535146d|127.0.0.1:15076, ae2fb675-4ad2-4742-b745-16c1dba3b70f|127.0.0.1:15094]|listeners:[], old=null
2024-05-22 11:32:21,884 [538779f6-f80f-4bc7-8424-1a47a535146d@group-5008F0A1828C-LeaderElection20-1] INFO  server.GrpcServerProtocolClient (GrpcServerProtocolClient.java:<init>(65)) - Build channel for 02a0afdf-1bea-47f6-ae97-5b8161c986a7|127.0.0.1:15085
2024-05-22 11:32:21,884 [538779f6-f80f-4bc7-8424-1a47a535146d@group-5008F0A1828C-LeaderElection20-2] INFO  server.GrpcServerProtocolClient (GrpcServerProtocolClient.java:<init>(65)) - Build channel for ae2fb675-4ad2-4742-b745-16c1dba3b70f|127.0.0.1:15094
2024-05-22 11:32:21,884 [538779f6-f80f-4bc7-8424-1a47a535146d@group-5008F0A1828C-LeaderElection20] INFO  server.RaftServerConfigKeys (ConfUtils.java:logFallback(53)) - raft.server.rpc.first-election.timeout.min = 5s (fallback to raft.server.rpc.timeout.min)
2024-05-22 11:32:21,884 [538779f6-f80f-4bc7-8424-1a47a535146d@group-5008F0A1828C-LeaderElection20] INFO  server.RaftServerConfigKeys (ConfUtils.java:logFallback(53)) - raft.server.rpc.first-election.timeout.max = 5200ms (fallback to raft.server.rpc.timeout.max)
2024-05-22 11:32:21,890 [grpc-default-executor-2] INFO  server.RaftServer$Division (RaftServerImpl.java:requestVote(1389)) - ae2fb675-4ad2-4742-b745-16c1dba3b70f@group-5008F0A1828C: receive requestVote(PRE_VOTE, 538779f6-f80f-4bc7-8424-1a47a535146d, group-5008F0A1828C, 0, (t:0, i:0))
2024-05-22 11:32:21,890 [grpc-default-executor-2] INFO  impl.VoteContext (VoteContext.java:log(49)) - ae2fb675-4ad2-4742-b745-16c1dba3b70f@group-5008F0A1828C-FOLLOWER: accept PRE_VOTE from 538779f6-f80f-4bc7-8424-1a47a535146d: our priority 0 <= candidate's priority 1
2024-05-22 11:32:21,890 [grpc-default-executor-2] INFO  server.RaftServer$Division (RaftServerImpl.java:requestVote(1422)) - ae2fb675-4ad2-4742-b745-16c1dba3b70f@group-5008F0A1828C replies to PRE_VOTE vote request: 538779f6-f80f-4bc7-8424-1a47a535146d<-ae2fb675-4ad2-4742-b745-16c1dba3b70f#0:OK-t0. Peer's state: ae2fb675-4ad2-4742-b745-16c1dba3b70f@group-5008F0A1828C:t0, leader=null, voted=, raftlog=Memoized:ae2fb675-4ad2-4742-b745-16c1dba3b70f@group-5008F0A1828C-SegmentedRaftLog:OPENED:c-1, conf=-1: peers:[02a0afdf-1bea-47f6-ae97-5b8161c986a7|127.0.0.1:15085, 538779f6-f80f-4bc7-8424-1a47a535146d|127.0.0.1:15076, ae2fb675-4ad2-4742-b745-16c1dba3b70f|127.0.0.1:15094]|listeners:[], old=null
2024-05-22 11:32:21,891 [grpc-default-executor-5] INFO  server.RaftServer$Division (RaftServerImpl.java:requestVote(1389)) - 02a0afdf-1bea-47f6-ae97-5b8161c986a7@group-5008F0A1828C: receive requestVote(PRE_VOTE, 538779f6-f80f-4bc7-8424-1a47a535146d, group-5008F0A1828C, 0, (t:0, i:0))
2024-05-22 11:32:21,891 [grpc-default-executor-5] INFO  impl.VoteContext (VoteContext.java:log(49)) - 02a0afdf-1bea-47f6-ae97-5b8161c986a7@group-5008F0A1828C-FOLLOWER: accept PRE_VOTE from 538779f6-f80f-4bc7-8424-1a47a535146d: our priority 0 <= candidate's priority 1
2024-05-22 11:32:21,892 [grpc-default-executor-5] INFO  server.RaftServer$Division (RaftServerImpl.java:requestVote(1422)) - 02a0afdf-1bea-47f6-ae97-5b8161c986a7@group-5008F0A1828C replies to PRE_VOTE vote request: 538779f6-f80f-4bc7-8424-1a47a535146d<-02a0afdf-1bea-47f6-ae97-5b8161c986a7#0:OK-t0. Peer's state: 02a0afdf-1bea-47f6-ae97-5b8161c986a7@group-5008F0A1828C:t0, leader=null, voted=, raftlog=Memoized:02a0afdf-1bea-47f6-ae97-5b8161c986a7@group-5008F0A1828C-SegmentedRaftLog:OPENED:c-1, conf=-1: peers:[02a0afdf-1bea-47f6-ae97-5b8161c986a7|127.0.0.1:15085, 538779f6-f80f-4bc7-8424-1a47a535146d|127.0.0.1:15076, ae2fb675-4ad2-4742-b745-16c1dba3b70f|127.0.0.1:15094]|listeners:[], old=null
2024-05-22 11:32:21,897 [538779f6-f80f-4bc7-8424-1a47a535146d@group-5008F0A1828C-LeaderElection20] INFO  impl.LeaderElection (LeaderElection.java:logAndReturn(89)) - 538779f6-f80f-4bc7-8424-1a47a535146d@group-5008F0A1828C-LeaderElection20: PRE_VOTE PASSED received 1 response(s) and 0 exception(s):
2024-05-22 11:32:21,897 [538779f6-f80f-4bc7-8424-1a47a535146d@group-5008F0A1828C-LeaderElection20] INFO  impl.LeaderElection (LeaderElection.java:logAndReturn(93)) -   Response 0: 538779f6-f80f-4bc7-8424-1a47a535146d<-ae2fb675-4ad2-4742-b745-16c1dba3b70f#0:OK-t0
2024-05-22 11:32:21,897 [538779f6-f80f-4bc7-8424-1a47a535146d@group-5008F0A1828C-LeaderElection20] INFO  impl.LeaderElection (LeaderElection.java:askForVotes(323)) - 538779f6-f80f-4bc7-8424-1a47a535146d@group-5008F0A1828C-LeaderElection20 PRE_VOTE round 0: result PASSED
2024-05-22 11:32:21,898 [02a0afdf-1bea-47f6-ae97-5b8161c986a7@group-4540A0F0F71C-FollowerState] INFO  impl.FollowerState (FollowerState.java:run(143)) - 02a0afdf-1bea-47f6-ae97-5b8161c986a7@group-4540A0F0F71C-FollowerState: change to CANDIDATE, lastRpcElapsedTime:5039148877ns, electionTimeout:5034ms
2024-05-22 11:32:21,898 [02a0afdf-1bea-47f6-ae97-5b8161c986a7@group-4540A0F0F71C-FollowerState] INFO  impl.RoleInfo (RoleInfo.java:shutdownFollowerState(110)) - 02a0afdf-1bea-47f6-ae97-5b8161c986a7: shutdown 02a0afdf-1bea-47f6-ae97-5b8161c986a7@group-4540A0F0F71C-FollowerState
2024-05-22 11:32:21,898 [02a0afdf-1bea-47f6-ae97-5b8161c986a7@group-4540A0F0F71C-FollowerState] INFO  server.RaftServer$Division (RaftServerImpl.java:setRole(383)) - 02a0afdf-1bea-47f6-ae97-5b8161c986a7@group-4540A0F0F71C: changes role from  FOLLOWER to CANDIDATE at term 0 for changeToCandidate
2024-05-22 11:32:21,898 [02a0afdf-1bea-47f6-ae97-5b8161c986a7@group-4540A0F0F71C-FollowerState] INFO  server.RaftServerConfigKeys (ConfUtils.java:logGet(46)) - raft.server.leaderelection.pre-vote = true (default)
2024-05-22 11:32:21,898 [02a0afdf-1bea-47f6-ae97-5b8161c986a7@group-4540A0F0F71C-FollowerState] INFO  impl.RoleInfo (RoleInfo.java:updateAndGet(139)) - 02a0afdf-1bea-47f6-ae97-5b8161c986a7: start 02a0afdf-1bea-47f6-ae97-5b8161c986a7@group-4540A0F0F71C-LeaderElection21
2024-05-22 11:32:21,898 [02a0afdf-1bea-47f6-ae97-5b8161c986a7@group-4540A0F0F71C-LeaderElection21] INFO  impl.LeaderElection (LeaderElection.java:askForVotes(321)) - 02a0afdf-1bea-47f6-ae97-5b8161c986a7@group-4540A0F0F71C-LeaderElection21 PRE_VOTE round 0: submit vote requests at term 0 for -1: peers:[02a0afdf-1bea-47f6-ae97-5b8161c986a7|127.0.0.1:15085]|listeners:[], old=null
2024-05-22 11:32:21,898 [538779f6-f80f-4bc7-8424-1a47a535146d@group-5008F0A1828C-LeaderElection20] INFO  impl.LeaderElection (LeaderElection.java:askForVotes(321)) - 538779f6-f80f-4bc7-8424-1a47a535146d@group-5008F0A1828C-LeaderElection20 ELECTION round 0: submit vote requests at term 1 for -1: peers:[02a0afdf-1bea-47f6-ae97-5b8161c986a7|127.0.0.1:15085, 538779f6-f80f-4bc7-8424-1a47a535146d|127.0.0.1:15076, ae2fb675-4ad2-4742-b745-16c1dba3b70f|127.0.0.1:15094]|listeners:[], old=null
2024-05-22 11:32:21,899 [02a0afdf-1bea-47f6-ae97-5b8161c986a7@group-4540A0F0F71C-LeaderElection21] INFO  impl.LeaderElection (LeaderElection.java:askForVotes(323)) - 02a0afdf-1bea-47f6-ae97-5b8161c986a7@group-4540A0F0F71C-LeaderElection21 PRE_VOTE round 0: result PASSED (term=0)
2024-05-22 11:32:21,900 [538779f6-f80f-4bc7-8424-1a47a535146d@group-5008F0A1828C-LeaderElection20] INFO  server.RaftServerConfigKeys (ConfUtils.java:logFallback(53)) - raft.server.rpc.first-election.timeout.min = 5s (fallback to raft.server.rpc.timeout.min)
2024-05-22 11:32:21,900 [538779f6-f80f-4bc7-8424-1a47a535146d@group-5008F0A1828C-LeaderElection20] INFO  server.RaftServerConfigKeys (ConfUtils.java:logFallback(53)) - raft.server.rpc.first-election.timeout.max = 5200ms (fallback to raft.server.rpc.timeout.max)
2024-05-22 11:32:21,900 [02a0afdf-1bea-47f6-ae97-5b8161c986a7@group-4540A0F0F71C-LeaderElection21] INFO  impl.LeaderElection (LeaderElection.java:askForVotes(321)) - 02a0afdf-1bea-47f6-ae97-5b8161c986a7@group-4540A0F0F71C-LeaderElection21 ELECTION round 0: submit vote requests at term 1 for -1: peers:[02a0afdf-1bea-47f6-ae97-5b8161c986a7|127.0.0.1:15085]|listeners:[], old=null
2024-05-22 11:32:21,900 [grpc-default-executor-5] INFO  server.RaftServer$Division (RaftServerImpl.java:requestVote(1389)) - 02a0afdf-1bea-47f6-ae97-5b8161c986a7@group-5008F0A1828C: receive requestVote(ELECTION, 538779f6-f80f-4bc7-8424-1a47a535146d, group-5008F0A1828C, 1, (t:0, i:0))
2024-05-22 11:32:21,900 [grpc-default-executor-5] INFO  impl.VoteContext (VoteContext.java:log(49)) - 02a0afdf-1bea-47f6-ae97-5b8161c986a7@group-5008F0A1828C-FOLLOWER: accept ELECTION from 538779f6-f80f-4bc7-8424-1a47a535146d: our priority 0 <= candidate's priority 1
2024-05-22 11:32:21,900 [grpc-default-executor-5] INFO  server.RaftServer$Division (RaftServerImpl.java:setRole(383)) - 02a0afdf-1bea-47f6-ae97-5b8161c986a7@group-5008F0A1828C: changes role from  FOLLOWER to FOLLOWER at term 1 for candidate:538779f6-f80f-4bc7-8424-1a47a535146d
2024-05-22 11:32:21,900 [grpc-default-executor-5] INFO  impl.RoleInfo (RoleInfo.java:shutdownFollowerState(110)) - 02a0afdf-1bea-47f6-ae97-5b8161c986a7: shutdown 02a0afdf-1bea-47f6-ae97-5b8161c986a7@group-5008F0A1828C-FollowerState
2024-05-22 11:32:21,900 [grpc-default-executor-5] INFO  impl.RoleInfo (RoleInfo.java:updateAndGet(139)) - 02a0afdf-1bea-47f6-ae97-5b8161c986a7: start 02a0afdf-1bea-47f6-ae97-5b8161c986a7@group-5008F0A1828C-FollowerState
2024-05-22 11:32:21,901 [02a0afdf-1bea-47f6-ae97-5b8161c986a7@group-5008F0A1828C-FollowerState] INFO  impl.FollowerState (FollowerState.java:run(152)) - 02a0afdf-1bea-47f6-ae97-5b8161c986a7@group-5008F0A1828C-FollowerState was interrupted
2024-05-22 11:32:21,901 [grpc-default-executor-5] INFO  server.RaftServer$Division (RaftServerImpl.java:setFirstElection(574)) - 02a0afdf-1bea-47f6-ae97-5b8161c986a7@group-5008F0A1828C: set firstElectionSinceStartup to false for candidate:538779f6-f80f-4bc7-8424-1a47a535146d
2024-05-22 11:32:21,901 [02a0afdf-1bea-47f6-ae97-5b8161c986a7@group-4540A0F0F71C-LeaderElection21] INFO  impl.LeaderElection (LeaderElection.java:askForVotes(323)) - 02a0afdf-1bea-47f6-ae97-5b8161c986a7@group-4540A0F0F71C-LeaderElection21 ELECTION round 0: result PASSED (term=1)
2024-05-22 11:32:21,901 [02a0afdf-1bea-47f6-ae97-5b8161c986a7@group-4540A0F0F71C-LeaderElection21] INFO  impl.RoleInfo (RoleInfo.java:shutdownLeaderElection(130)) - 02a0afdf-1bea-47f6-ae97-5b8161c986a7: shutdown 02a0afdf-1bea-47f6-ae97-5b8161c986a7@group-4540A0F0F71C-LeaderElection21
2024-05-22 11:32:21,901 [02a0afdf-1bea-47f6-ae97-5b8161c986a7@group-4540A0F0F71C-LeaderElection21] INFO  server.RaftServer$Division (RaftServerImpl.java:setRole(383)) - 02a0afdf-1bea-47f6-ae97-5b8161c986a7@group-4540A0F0F71C: changes role from CANDIDATE to LEADER at term 1 for changeToLeader
2024-05-22 11:32:21,902 [grpc-default-executor-5] INFO  server.RaftServer$Division (RaftServerImpl.java:requestVote(1422)) - 02a0afdf-1bea-47f6-ae97-5b8161c986a7@group-5008F0A1828C replies to ELECTION vote request: 538779f6-f80f-4bc7-8424-1a47a535146d<-02a0afdf-1bea-47f6-ae97-5b8161c986a7#0:OK-t1. Peer's state: 02a0afdf-1bea-47f6-ae97-5b8161c986a7@group-5008F0A1828C:t1, leader=null, voted=538779f6-f80f-4bc7-8424-1a47a535146d, raftlog=Memoized:02a0afdf-1bea-47f6-ae97-5b8161c986a7@group-5008F0A1828C-SegmentedRaftLog:OPENED:c-1, conf=-1: peers:[02a0afdf-1bea-47f6-ae97-5b8161c986a7|127.0.0.1:15085, 538779f6-f80f-4bc7-8424-1a47a535146d|127.0.0.1:15076, ae2fb675-4ad2-4742-b745-16c1dba3b70f|127.0.0.1:15094]|listeners:[], old=null
2024-05-22 11:32:21,902 [grpc-default-executor-2] INFO  server.RaftServer$Division (RaftServerImpl.java:requestVote(1389)) - ae2fb675-4ad2-4742-b745-16c1dba3b70f@group-5008F0A1828C: receive requestVote(ELECTION, 538779f6-f80f-4bc7-8424-1a47a535146d, group-5008F0A1828C, 1, (t:0, i:0))
2024-05-22 11:32:21,902 [grpc-default-executor-2] INFO  impl.VoteContext (VoteContext.java:log(49)) - ae2fb675-4ad2-4742-b745-16c1dba3b70f@group-5008F0A1828C-FOLLOWER: accept ELECTION from 538779f6-f80f-4bc7-8424-1a47a535146d: our priority 0 <= candidate's priority 1
2024-05-22 11:32:21,902 [grpc-default-executor-2] INFO  server.RaftServer$Division (RaftServerImpl.java:setRole(383)) - ae2fb675-4ad2-4742-b745-16c1dba3b70f@group-5008F0A1828C: changes role from  FOLLOWER to FOLLOWER at term 1 for candidate:538779f6-f80f-4bc7-8424-1a47a535146d
2024-05-22 11:32:21,903 [grpc-default-executor-2] INFO  impl.RoleInfo (RoleInfo.java:shutdownFollowerState(110)) - ae2fb675-4ad2-4742-b745-16c1dba3b70f: shutdown ae2fb675-4ad2-4742-b745-16c1dba3b70f@group-5008F0A1828C-FollowerState
2024-05-22 11:32:21,903 [grpc-default-executor-2] INFO  impl.RoleInfo (RoleInfo.java:updateAndGet(139)) - ae2fb675-4ad2-4742-b745-16c1dba3b70f: start ae2fb675-4ad2-4742-b745-16c1dba3b70f@group-5008F0A1828C-FollowerState
2024-05-22 11:32:21,903 [ae2fb675-4ad2-4742-b745-16c1dba3b70f@group-5008F0A1828C-FollowerState] INFO  impl.FollowerState (FollowerState.java:run(152)) - ae2fb675-4ad2-4742-b745-16c1dba3b70f@group-5008F0A1828C-FollowerState was interrupted
2024-05-22 11:32:21,903 [538779f6-f80f-4bc7-8424-1a47a535146d@group-5008F0A1828C-LeaderElection20] INFO  impl.LeaderElection (LeaderElection.java:logAndReturn(89)) - 538779f6-f80f-4bc7-8424-1a47a535146d@group-5008F0A1828C-LeaderElection20: ELECTION PASSED received 1 response(s) and 0 exception(s):
2024-05-22 11:32:21,903 [538779f6-f80f-4bc7-8424-1a47a535146d@group-5008F0A1828C-LeaderElection20] INFO  impl.LeaderElection (LeaderElection.java:logAndReturn(93)) -   Response 0: 538779f6-f80f-4bc7-8424-1a47a535146d<-02a0afdf-1bea-47f6-ae97-5b8161c986a7#0:OK-t1
2024-05-22 11:32:21,903 [538779f6-f80f-4bc7-8424-1a47a535146d@group-5008F0A1828C-LeaderElection20] INFO  impl.LeaderElection (LeaderElection.java:askForVotes(323)) - 538779f6-f80f-4bc7-8424-1a47a535146d@group-5008F0A1828C-LeaderElection20 ELECTION round 0: result PASSED
2024-05-22 11:32:21,903 [538779f6-f80f-4bc7-8424-1a47a535146d@group-5008F0A1828C-LeaderElection20] INFO  impl.RoleInfo (RoleInfo.java:shutdownLeaderElection(130)) - 538779f6-f80f-4bc7-8424-1a47a535146d: shutdown 538779f6-f80f-4bc7-8424-1a47a535146d@group-5008F0A1828C-LeaderElection20
2024-05-22 11:32:21,903 [538779f6-f80f-4bc7-8424-1a47a535146d@group-5008F0A1828C-LeaderElection20] INFO  server.RaftServer$Division (RaftServerImpl.java:setRole(383)) - 538779f6-f80f-4bc7-8424-1a47a535146d@group-5008F0A1828C: changes role from CANDIDATE to LEADER at term 1 for changeToLeader
2024-05-22 11:32:21,903 [538779f6-f80f-4bc7-8424-1a47a535146d@group-5008F0A1828C-LeaderElection20] INFO  server.RaftServerConfigKeys (ConfUtils.java:logGet(46)) - raft.server.staging.catchup.gap = 1000 (default)
2024-05-22 11:32:21,903 [538779f6-f80f-4bc7-8424-1a47a535146d@group-5008F0A1828C-LeaderElection20] INFO  server.RaftServerConfigKeys (ConfUtils.java:logGet(46)) - raft.server.write.element-limit = 1024 (custom)
2024-05-22 11:32:21,903 [538779f6-f80f-4bc7-8424-1a47a535146d@group-5008F0A1828C-LeaderElection20] INFO  server.RaftServerConfigKeys (ConfUtils.java:logGet(46)) - raft.server.write.byte-limit = 1024 M (=1073741824) (custom)
2024-05-22 11:32:21,903 [538779f6-f80f-4bc7-8424-1a47a535146d@group-5008F0A1828C-LeaderElection20] INFO  server.RaftServerConfigKeys (ConfUtils.java:logGet(46)) - raft.server.watch.timeout = 180s (custom)
2024-05-22 11:32:21,903 [538779f6-f80f-4bc7-8424-1a47a535146d@group-5008F0A1828C-LeaderElection20] INFO  server.RaftServerConfigKeys (ConfUtils.java:logGet(46)) - raft.server.watch.timeout.denomination = 1s (default)
2024-05-22 11:32:21,904 [538779f6-f80f-4bc7-8424-1a47a535146d@group-5008F0A1828C-LeaderElection20] INFO  server.RaftServerConfigKeys (ConfUtils.java:logGet(46)) - raft.server.watch.element-limit = 65536 (default)
2024-05-22 11:32:21,904 [538779f6-f80f-4bc7-8424-1a47a535146d@group-5008F0A1828C-LeaderElection20] INFO  server.RaftServerConfigKeys (ConfUtils.java:logGet(46)) - raft.server.read.leader.lease.enabled = false (default)
2024-05-22 11:32:21,904 [538779f6-f80f-4bc7-8424-1a47a535146d@group-5008F0A1828C-LeaderElection20] INFO  server.RaftServerConfigKeys (ConfUtils.java:logGet(46)) - raft.server.read.leader.lease.timeout.ratio = 0.9 (default)
2024-05-22 11:32:21,904 [538779f6-f80f-4bc7-8424-1a47a535146d@group-5008F0A1828C-LeaderElection20] INFO  server.RaftServerConfigKeys (ConfUtils.java:logGet(46)) - raft.server.rpc.timeout.min = 5s (custom)
2024-05-22 11:32:21,904 [538779f6-f80f-4bc7-8424-1a47a535146d@group-5008F0A1828C-LeaderElection20] INFO  server.RaftServerConfigKeys (ConfUtils.java:logGet(46)) - raft.server.write.element-limit = 1024 (custom)
2024-05-22 11:32:21,904 [538779f6-f80f-4bc7-8424-1a47a535146d@group-5008F0A1828C-LeaderElection20] INFO  server.RaftServerConfigKeys (ConfUtils.java:logGet(46)) - raft.server.write.follower.gap.ratio.max = -1.0 (default)
2024-05-22 11:32:21,904 [538779f6-f80f-4bc7-8424-1a47a535146d@group-5008F0A1828C-LeaderElection20] INFO  server.RaftServerConfigKeys (ConfUtils.java:logGet(46)) - raft.server.log.appender.snapshot.chunk.size.max = 16MB (=16777216) (default)
2024-05-22 11:32:21,904 [538779f6-f80f-4bc7-8424-1a47a535146d@group-5008F0A1828C-LeaderElection20] INFO  server.RaftServerConfigKeys (ConfUtils.java:logGet(46)) - raft.server.log.appender.buffer.byte-limit = 8388608 (custom)
2024-05-22 11:32:21,904 [538779f6-f80f-4bc7-8424-1a47a535146d@group-5008F0A1828C-LeaderElection20] INFO  server.RaftServerConfigKeys (ConfUtils.java:logGet(46)) - raft.server.log.appender.buffer.element-limit = 1024 (custom)
2024-05-22 11:32:21,904 [538779f6-f80f-4bc7-8424-1a47a535146d@group-5008F0A1828C-LeaderElection20] INFO  server.RaftServerConfigKeys (ConfUtils.java:logGet(46)) - raft.server.log.appender.wait-time.min = 0μs (custom)
2024-05-22 11:32:21,904 [538779f6-f80f-4bc7-8424-1a47a535146d@group-5008F0A1828C-LeaderElection20] INFO  grpc.GrpcConfigKeys (ConfUtils.java:logGet(46)) - raft.grpc.server.leader.outstanding.appends.max = 8 (default)
2024-05-22 11:32:21,904 [538779f6-f80f-4bc7-8424-1a47a535146d@group-5008F0A1828C-LeaderElection20] INFO  server.RaftServerConfigKeys (ConfUtils.java:logGet(46)) - raft.server.rpc.request.timeout = 60s (custom)
2024-05-22 11:32:21,904 [538779f6-f80f-4bc7-8424-1a47a535146d@group-5008F0A1828C-LeaderElection20] INFO  grpc.GrpcConfigKeys (ConfUtils.java:logGet(46)) - raft.grpc.server.install_snapshot.request.element-limit = 8 (default)
2024-05-22 11:32:21,905 [538779f6-f80f-4bc7-8424-1a47a535146d@group-5008F0A1828C-LeaderElection20] INFO  grpc.GrpcConfigKeys (ConfUtils.java:logGet(46)) - raft.grpc.server.install_snapshot.request.timeout = 3000ms (default)
2024-05-22 11:32:21,905 [538779f6-f80f-4bc7-8424-1a47a535146d@group-5008F0A1828C-LeaderElection20] INFO  grpc.GrpcConfigKeys (ConfUtils.java:logGet(46)) - raft.grpc.server.log-message.batch.duration = 5s (default)
2024-05-22 11:32:21,905 [538779f6-f80f-4bc7-8424-1a47a535146d@group-5008F0A1828C-LeaderElection20] INFO  server.RaftServerConfigKeys (ConfUtils.java:logGet(46)) - raft.server.log.appender.install.snapshot.enabled = false (custom)
2024-05-22 11:32:21,905 [538779f6-f80f-4bc7-8424-1a47a535146d@group-5008F0A1828C-LeaderElection20] INFO  grpc.GrpcConfigKeys (ConfUtils.java:logGet(46)) - raft.grpc.server.heartbeat.channel = true (default)
2024-05-22 11:32:21,905 [538779f6-f80f-4bc7-8424-1a47a535146d@group-5008F0A1828C-LeaderElection20] INFO  server.RaftServerConfigKeys (ConfUtils.java:logGet(46)) - raft.server.log.appender.snapshot.chunk.size.max = 16MB (=16777216) (default)
2024-05-22 11:32:21,905 [538779f6-f80f-4bc7-8424-1a47a535146d@group-5008F0A1828C-LeaderElection20] INFO  server.RaftServerConfigKeys (ConfUtils.java:logGet(46)) - raft.server.log.appender.buffer.byte-limit = 8388608 (custom)
2024-05-22 11:32:21,905 [538779f6-f80f-4bc7-8424-1a47a535146d@group-5008F0A1828C-LeaderElection20] INFO  server.RaftServerConfigKeys (ConfUtils.java:logGet(46)) - raft.server.log.appender.buffer.element-limit = 1024 (custom)
2024-05-22 11:32:21,905 [538779f6-f80f-4bc7-8424-1a47a535146d@group-5008F0A1828C-LeaderElection20] INFO  server.RaftServerConfigKeys (ConfUtils.java:logGet(46)) - raft.server.log.appender.wait-time.min = 0μs (custom)
2024-05-22 11:32:21,905 [538779f6-f80f-4bc7-8424-1a47a535146d@group-5008F0A1828C-LeaderElection20] INFO  grpc.GrpcConfigKeys (ConfUtils.java:logGet(46)) - raft.grpc.server.leader.outstanding.appends.max = 8 (default)
2024-05-22 11:32:21,905 [538779f6-f80f-4bc7-8424-1a47a535146d@group-5008F0A1828C-LeaderElection20] INFO  server.RaftServerConfigKeys (ConfUtils.java:logGet(46)) - raft.server.rpc.request.timeout = 60s (custom)
2024-05-22 11:32:21,905 [538779f6-f80f-4bc7-8424-1a47a535146d@group-5008F0A1828C-LeaderElection20] INFO  grpc.GrpcConfigKeys (ConfUtils.java:logGet(46)) - raft.grpc.server.install_snapshot.request.element-limit = 8 (default)
2024-05-22 11:32:21,906 [538779f6-f80f-4bc7-8424-1a47a535146d@group-5008F0A1828C-LeaderElection20] INFO  grpc.GrpcConfigKeys (ConfUtils.java:logGet(46)) - raft.grpc.server.install_snapshot.request.timeout = 3000ms (default)
2024-05-22 11:32:21,906 [538779f6-f80f-4bc7-8424-1a47a535146d@group-5008F0A1828C-LeaderElection20] INFO  grpc.GrpcConfigKeys (ConfUtils.java:logGet(46)) - raft.grpc.server.log-message.batch.duration = 5s (default)
2024-05-22 11:32:21,906 [538779f6-f80f-4bc7-8424-1a47a535146d@group-5008F0A1828C-LeaderElection20] INFO  server.RaftServerConfigKeys (ConfUtils.java:logGet(46)) - raft.server.log.appender.install.snapshot.enabled = false (custom)
2024-05-22 11:32:21,906 [538779f6-f80f-4bc7-8424-1a47a535146d@group-5008F0A1828C-LeaderElection20] INFO  grpc.GrpcConfigKeys (ConfUtils.java:logGet(46)) - raft.grpc.server.heartbeat.channel = true (default)
2024-05-22 11:32:21,906 [538779f6-f80f-4bc7-8424-1a47a535146d@group-5008F0A1828C-LeaderElection20] INFO  impl.RoleInfo (RoleInfo.java:updateAndGet(139)) - 538779f6-f80f-4bc7-8424-1a47a535146d: start 538779f6-f80f-4bc7-8424-1a47a535146d@group-5008F0A1828C-LeaderStateImpl
2024-05-22 11:32:21,906 [538779f6-f80f-4bc7-8424-1a47a535146d@group-5008F0A1828C-LeaderElection20] INFO  server.RaftServer$Division (RaftServerImpl.java:setFirstElection(574)) - 538779f6-f80f-4bc7-8424-1a47a535146d@group-5008F0A1828C: set firstElectionSinceStartup to false for becomeLeader
2024-05-22 11:32:21,906 [538779f6-f80f-4bc7-8424-1a47a535146d@group-5008F0A1828C-LeaderElection20] INFO  ratis.XceiverServerRatis (XceiverServerRatis.java:handleLeaderChangedNotification(966)) - Leader change notification received for group: group-5008F0A1828C with new leaderId: 538779f6-f80f-4bc7-8424-1a47a535146d
2024-05-22 11:32:21,906 [538779f6-f80f-4bc7-8424-1a47a535146d@group-5008F0A1828C-LeaderElection20] INFO  server.RaftServer$Division (ServerState.java:setLeader(269)) - 538779f6-f80f-4bc7-8424-1a47a535146d@group-5008F0A1828C: change Leader from null to 538779f6-f80f-4bc7-8424-1a47a535146d at term 1 for becomeLeader, leader elected after 5082ms
2024-05-22 11:32:21,906 [538779f6-f80f-4bc7-8424-1a47a535146d@group-5008F0A1828C-LeaderElection20] INFO  segmented.SegmentedRaftLogWorker (SegmentedRaftLogWorker.java:startLogSegment(430)) - 538779f6-f80f-4bc7-8424-1a47a535146d@group-5008F0A1828C-SegmentedRaftLogWorker: Starting segment from index:0
2024-05-22 11:32:21,907 [538779f6-f80f-4bc7-8424-1a47a535146d@group-5008F0A1828C-LeaderElection20] INFO  server.RaftServer$Division (ServerState.java:setRaftConf(386)) - 538779f6-f80f-4bc7-8424-1a47a535146d@group-5008F0A1828C: set configuration 0: peers:[02a0afdf-1bea-47f6-ae97-5b8161c986a7|127.0.0.1:15085, 538779f6-f80f-4bc7-8424-1a47a535146d|127.0.0.1:15076, ae2fb675-4ad2-4742-b745-16c1dba3b70f|127.0.0.1:15094]|listeners:[], old=null
2024-05-22 11:32:21,907 [538779f6-f80f-4bc7-8424-1a47a535146d@group-5008F0A1828C-SegmentedRaftLogWorker] INFO  segmented.BufferedWriteChannel (BufferedWriteChannel.java:open(62)) - open log_inprogress_0 at position 0
2024-05-22 11:32:21,907 [02a0afdf-1bea-47f6-ae97-5b8161c986a7@group-4540A0F0F71C-LeaderElection21] INFO  server.RaftServerConfigKeys (ConfUtils.java:logGet(46)) - raft.server.staging.catchup.gap = 1000 (default)
2024-05-22 11:32:21,907 [02a0afdf-1bea-47f6-ae97-5b8161c986a7@group-4540A0F0F71C-LeaderElection21] INFO  server.RaftServerConfigKeys (ConfUtils.java:logGet(46)) - raft.server.write.element-limit = 1024 (custom)
2024-05-22 11:32:21,907 [02a0afdf-1bea-47f6-ae97-5b8161c986a7@group-4540A0F0F71C-LeaderElection21] INFO  server.RaftServerConfigKeys (ConfUtils.java:logGet(46)) - raft.server.write.byte-limit = 1024 M (=1073741824) (custom)
2024-05-22 11:32:21,907 [02a0afdf-1bea-47f6-ae97-5b8161c986a7@group-4540A0F0F71C-LeaderElection21] INFO  server.RaftServerConfigKeys (ConfUtils.java:logGet(46)) - raft.server.watch.timeout = 180s (custom)
2024-05-22 11:32:21,907 [02a0afdf-1bea-47f6-ae97-5b8161c986a7@group-4540A0F0F71C-LeaderElection21] INFO  server.RaftServerConfigKeys (ConfUtils.java:logGet(46)) - raft.server.watch.timeout.denomination = 1s (default)
2024-05-22 11:32:21,907 [02a0afdf-1bea-47f6-ae97-5b8161c986a7@group-4540A0F0F71C-LeaderElection21] INFO  server.RaftServerConfigKeys (ConfUtils.java:logGet(46)) - raft.server.watch.element-limit = 65536 (default)
2024-05-22 11:32:21,907 [02a0afdf-1bea-47f6-ae97-5b8161c986a7@group-4540A0F0F71C-LeaderElection21] INFO  server.RaftServerConfigKeys (ConfUtils.java:logGet(46)) - raft.server.read.leader.lease.enabled = false (default)
2024-05-22 11:32:21,907 [02a0afdf-1bea-47f6-ae97-5b8161c986a7@group-4540A0F0F71C-LeaderElection21] INFO  server.RaftServerConfigKeys (ConfUtils.java:logGet(46)) - raft.server.read.leader.lease.timeout.ratio = 0.9 (default)
2024-05-22 11:32:21,907 [02a0afdf-1bea-47f6-ae97-5b8161c986a7@group-4540A0F0F71C-LeaderElection21] INFO  server.RaftServerConfigKeys (ConfUtils.java:logGet(46)) - raft.server.rpc.timeout.min = 5s (custom)
2024-05-22 11:32:21,907 [02a0afdf-1bea-47f6-ae97-5b8161c986a7@group-4540A0F0F71C-LeaderElection21] INFO  server.RaftServerConfigKeys (ConfUtils.java:logGet(46)) - raft.server.write.element-limit = 1024 (custom)
2024-05-22 11:32:21,907 [02a0afdf-1bea-47f6-ae97-5b8161c986a7@group-4540A0F0F71C-LeaderElection21] INFO  server.RaftServerConfigKeys (ConfUtils.java:logGet(46)) - raft.server.write.follower.gap.ratio.max = -1.0 (default)
2024-05-22 11:32:21,907 [02a0afdf-1bea-47f6-ae97-5b8161c986a7@group-4540A0F0F71C-LeaderElection21] INFO  impl.RoleInfo (RoleInfo.java:updateAndGet(139)) - 02a0afdf-1bea-47f6-ae97-5b8161c986a7: start 02a0afdf-1bea-47f6-ae97-5b8161c986a7@group-4540A0F0F71C-LeaderStateImpl
2024-05-22 11:32:21,907 [02a0afdf-1bea-47f6-ae97-5b8161c986a7@group-4540A0F0F71C-LeaderElection21] INFO  server.RaftServer$Division (RaftServerImpl.java:setFirstElection(574)) - 02a0afdf-1bea-47f6-ae97-5b8161c986a7@group-4540A0F0F71C: set firstElectionSinceStartup to false for becomeLeader
2024-05-22 11:32:21,907 [02a0afdf-1bea-47f6-ae97-5b8161c986a7@group-4540A0F0F71C-LeaderElection21] INFO  ratis.XceiverServerRatis (XceiverServerRatis.java:handleLeaderChangedNotification(966)) - Leader change notification received for group: group-4540A0F0F71C with new leaderId: 02a0afdf-1bea-47f6-ae97-5b8161c986a7
2024-05-22 11:32:21,908 [02a0afdf-1bea-47f6-ae97-5b8161c986a7@group-4540A0F0F71C-LeaderElection21] INFO  server.RaftServer$Division (ServerState.java:setLeader(269)) - 02a0afdf-1bea-47f6-ae97-5b8161c986a7@group-4540A0F0F71C: change Leader from null to 02a0afdf-1bea-47f6-ae97-5b8161c986a7 at term 1 for becomeLeader, leader elected after 5065ms
2024-05-22 11:32:21,908 [02a0afdf-1bea-47f6-ae97-5b8161c986a7@group-4540A0F0F71C-LeaderElection21] INFO  segmented.SegmentedRaftLogWorker (SegmentedRaftLogWorker.java:startLogSegment(430)) - 02a0afdf-1bea-47f6-ae97-5b8161c986a7@group-4540A0F0F71C-SegmentedRaftLogWorker: Starting segment from index:0
2024-05-22 11:32:21,908 [02a0afdf-1bea-47f6-ae97-5b8161c986a7@group-4540A0F0F71C-SegmentedRaftLogWorker] INFO  segmented.BufferedWriteChannel (BufferedWriteChannel.java:open(62)) - open log_inprogress_0 at position 0
2024-05-22 11:32:21,909 [main] INFO  ozone.MiniOzoneClusterImpl (MiniOzoneClusterImpl.java:lambda$waitForClusterToBeReady$0(194)) - Nodes are ready. Got 3 of 3 DN Heartbeats.
2024-05-22 11:32:21,909 [main] INFO  ozone.MiniOzoneClusterImpl (MiniOzoneClusterImpl.java:lambda$waitForClusterToBeReady$0(197)) - Cluster exits safe mode
2024-05-22 11:32:21,909 [main] INFO  ozone.MiniOzoneClusterImpl (MiniOzoneClusterImpl.java:lambda$waitForClusterToBeReady$0(199)) - SCM became leader
2024-05-22 11:32:21,911 [EventQueue-PipelineReportForPipelineReportHandler] INFO  pipeline.PipelineReportHandler (PipelineReportHandler.java:processPipelineReport(136)) - Opened pipeline PipelineID=5c335dc4-ee6b-41c8-9f32-5008f0a1828c
2024-05-22 11:32:21,912 [02a0afdf-1bea-47f6-ae97-5b8161c986a7@group-4540A0F0F71C-LeaderElection21] INFO  server.RaftServer$Division (ServerState.java:setRaftConf(386)) - 02a0afdf-1bea-47f6-ae97-5b8161c986a7@group-4540A0F0F71C: set configuration 0: peers:[02a0afdf-1bea-47f6-ae97-5b8161c986a7|127.0.0.1:15085]|listeners:[], old=null
2024-05-22 11:32:21,912 [main] INFO  ozoneimpl.OzoneContainer (OzoneContainer.java:stop(481)) - Attempting to stop container services.
2024-05-22 11:32:21,912 [ContainerMetadataScanner] WARN  ozoneimpl.AbstractBackgroundContainerScanner (AbstractBackgroundContainerScanner.java:handleRemainingSleep(134)) - Background container scan was interrupted.
2024-05-22 11:32:21,912 [ContainerMetadataScanner] INFO  ozoneimpl.AbstractBackgroundContainerScanner (AbstractBackgroundContainerScanner.java:run(61)) - Thread[ContainerMetadataScanner,5,main] exiting.
2024-05-22 11:32:21,912 [main] INFO  ozoneimpl.BackgroundContainerDataScanner (BackgroundContainerDataScanner.java:shutdown(141)) - ContainerDataScanner(/home/runner/work/ozone/ozone/hadoop-ozone/integration-test/target/test-dir/MiniOzoneClusterImpl-20f17314-7331-4214-8d7b-3220b0ea8e97/ozone-meta/datanode-1/data-0/hdds) is shutting down. 
2024-05-22 11:32:21,912 [ContainerDataScanner(/home/runner/work/ozone/ozone/hadoop-ozone/integration-test/target/test-dir/MiniOzoneClusterImpl-20f17314-7331-4214-8d7b-3220b0ea8e97/ozone-meta/datanode-1/data-0/hdds)] WARN  ozoneimpl.AbstractBackgroundContainerScanner (AbstractBackgroundContainerScanner.java:handleRemainingSleep(134)) - Background container scan was interrupted.
2024-05-22 11:32:21,913 [ContainerDataScanner(/home/runner/work/ozone/ozone/hadoop-ozone/integration-test/target/test-dir/MiniOzoneClusterImpl-20f17314-7331-4214-8d7b-3220b0ea8e97/ozone-meta/datanode-1/data-0/hdds)] INFO  ozoneimpl.AbstractBackgroundContainerScanner (AbstractBackgroundContainerScanner.java:run(61)) - ContainerDataScanner(/home/runner/work/ozone/ozone/hadoop-ozone/integration-test/target/test-dir/MiniOzoneClusterImpl-20f17314-7331-4214-8d7b-3220b0ea8e97/ozone-meta/datanode-1/data-0/hdds, DS-2a2c73ea-7ef1-4cc4-92ab-12b394ff0e81) exiting.
2024-05-22 11:32:21,913 [main] INFO  ozoneimpl.OnDemandContainerDataScanner (OnDemandContainerDataScanner.java:shutdownScanner(206)) - On-demand container scanner is shutting down.
2024-05-22 11:32:21,913 [main] INFO  server.RaftServer (RaftServerProxy.java:lambda$close$9(416)) - 538779f6-f80f-4bc7-8424-1a47a535146d: close
2024-05-22 11:32:21,913 [538779f6-f80f-4bc7-8424-1a47a535146d-impl-thread1] INFO  server.RaftServer$Division (RaftServerImpl.java:lambda$close$3(526)) - 538779f6-f80f-4bc7-8424-1a47a535146d@group-5008F0A1828C: shutdown
2024-05-22 11:32:21,913 [538779f6-f80f-4bc7-8424-1a47a535146d-impl-thread1] INFO  util.JmxRegister (JmxRegister.java:unregister(73)) - Successfully un-registered JMX Bean with object name Ratis:service=RaftServer,group=group-5008F0A1828C,id=538779f6-f80f-4bc7-8424-1a47a535146d
2024-05-22 11:32:21,913 [538779f6-f80f-4bc7-8424-1a47a535146d-impl-thread1] INFO  impl.RoleInfo (RoleInfo.java:shutdownLeaderState(94)) - 538779f6-f80f-4bc7-8424-1a47a535146d: shutdown 538779f6-f80f-4bc7-8424-1a47a535146d@group-5008F0A1828C-LeaderStateImpl
2024-05-22 11:32:21,914 [538779f6-f80f-4bc7-8424-1a47a535146d-impl-thread1] INFO  impl.PendingRequests (PendingRequests.java:sendNotLeaderResponses(289)) - 538779f6-f80f-4bc7-8424-1a47a535146d@group-5008F0A1828C-PendingRequests: sendNotLeaderResponses
2024-05-22 11:32:21,917 [grpc-default-executor-2] INFO  server.RaftServer$Division (RaftServerImpl.java:setFirstElection(574)) - ae2fb675-4ad2-4742-b745-16c1dba3b70f@group-5008F0A1828C: set firstElectionSinceStartup to false for candidate:538779f6-f80f-4bc7-8424-1a47a535146d
2024-05-22 11:32:21,918 [main] INFO  server.GrpcService (GrpcService.java:closeImpl(311)) - 538779f6-f80f-4bc7-8424-1a47a535146d: shutdown server org.apache.ratis.grpc.server.GrpcClientProtocolService now
2024-05-22 11:32:21,918 [02a0afdf-1bea-47f6-ae97-5b8161c986a7@group-4540A0F0F71C-SegmentedRaftLogWorker] INFO  segmented.SegmentedRaftLogWorker (SegmentedRaftLogWorker.java:execute(634)) - 02a0afdf-1bea-47f6-ae97-5b8161c986a7@group-4540A0F0F71C-SegmentedRaftLogWorker: created new log segment /home/runner/work/ozone/ozone/hadoop-ozone/integration-test/target/test-dir/MiniOzoneClusterImpl-20f17314-7331-4214-8d7b-3220b0ea8e97/ozone-meta/datanode-2/ratis/a02160c5-13de-4f1f-9837-4540a0f0f71c/current/log_inprogress_0
2024-05-22 11:32:21,919 [538779f6-f80f-4bc7-8424-1a47a535146d-impl-thread2] INFO  server.RaftServer$Division (RaftServerImpl.java:lambda$close$3(526)) - 538779f6-f80f-4bc7-8424-1a47a535146d@group-E7ADB79780DB: shutdown
2024-05-22 11:32:21,919 [538779f6-f80f-4bc7-8424-1a47a535146d-impl-thread2] INFO  util.JmxRegister (JmxRegister.java:unregister(73)) - Successfully un-registered JMX Bean with object name Ratis:service=RaftServer,group=group-E7ADB79780DB,id=538779f6-f80f-4bc7-8424-1a47a535146d
2024-05-22 11:32:21,920 [538779f6-f80f-4bc7-8424-1a47a535146d-impl-thread2] INFO  impl.RoleInfo (RoleInfo.java:shutdownFollowerState(110)) - 538779f6-f80f-4bc7-8424-1a47a535146d: shutdown 538779f6-f80f-4bc7-8424-1a47a535146d@group-E7ADB79780DB-FollowerState
2024-05-22 11:32:21,920 [538779f6-f80f-4bc7-8424-1a47a535146d-impl-thread2] INFO  impl.StateMachineUpdater (StateMachineUpdater.java:stopAndJoin(157)) - 538779f6-f80f-4bc7-8424-1a47a535146d@group-E7ADB79780DB-StateMachineUpdater: set stopIndex = -1
2024-05-22 11:32:21,920 [538779f6-f80f-4bc7-8424-1a47a535146d-impl-thread2] INFO  server.RaftServer$Division (ServerState.java:close(427)) - 538779f6-f80f-4bc7-8424-1a47a535146d@group-E7ADB79780DB: applyIndex: -1
2024-05-22 11:32:21,920 [538779f6-f80f-4bc7-8424-1a47a535146d@group-E7ADB79780DB-cacheEviction-AwaitToRun] INFO  util.AwaitToRun (AwaitToRun.java:run(49)) - 538779f6-f80f-4bc7-8424-1a47a535146d@group-E7ADB79780DB-cacheEviction-AwaitToRun-AwaitForSignal is interrupted
2024-05-22 11:32:21,919 [538779f6-f80f-4bc7-8424-1a47a535146d-impl-thread3] INFO  server.RaftServer$Division (RaftServerImpl.java:lambda$close$3(526)) - 538779f6-f80f-4bc7-8424-1a47a535146d@group-F0B03FD0AD5D: shutdown
2024-05-22 11:32:21,920 [538779f6-f80f-4bc7-8424-1a47a535146d-impl-thread3] INFO  util.JmxRegister (JmxRegister.java:unregister(73)) - Successfully un-registered JMX Bean with object name Ratis:service=RaftServer,group=group-F0B03FD0AD5D,id=538779f6-f80f-4bc7-8424-1a47a535146d
2024-05-22 11:32:21,921 [538779f6-f80f-4bc7-8424-1a47a535146d-impl-thread3] INFO  impl.RoleInfo (RoleInfo.java:shutdownFollowerState(110)) - 538779f6-f80f-4bc7-8424-1a47a535146d: shutdown 538779f6-f80f-4bc7-8424-1a47a535146d@group-F0B03FD0AD5D-FollowerState
2024-05-22 11:32:21,921 [538779f6-f80f-4bc7-8424-1a47a535146d@group-F0B03FD0AD5D-FollowerState] INFO  impl.FollowerState (FollowerState.java:run(152)) - 538779f6-f80f-4bc7-8424-1a47a535146d@group-F0B03FD0AD5D-FollowerState was interrupted
2024-05-22 11:32:21,921 [538779f6-f80f-4bc7-8424-1a47a535146d-impl-thread3] INFO  impl.StateMachineUpdater (StateMachineUpdater.java:stopAndJoin(157)) - 538779f6-f80f-4bc7-8424-1a47a535146d@group-F0B03FD0AD5D-StateMachineUpdater: set stopIndex = -1
2024-05-22 11:32:21,921 [538779f6-f80f-4bc7-8424-1a47a535146d-impl-thread3] INFO  server.RaftServer$Division (ServerState.java:close(427)) - 538779f6-f80f-4bc7-8424-1a47a535146d@group-F0B03FD0AD5D: applyIndex: -1
2024-05-22 11:32:21,921 [02a0afdf-1bea-47f6-ae97-5b8161c986a7@group-4540A0F0F71C-StateMachineUpdater] INFO  server.RaftServer$Division (LeaderStateImpl.java:isApplied(320)) - leader is ready since appliedIndex == 0 >= startIndex == 0
2024-05-22 11:32:21,919 [538779f6-f80f-4bc7-8424-1a47a535146d@group-5008F0A1828C-SegmentedRaftLogWorker] INFO  segmented.SegmentedRaftLogWorker (SegmentedRaftLogWorker.java:execute(634)) - 538779f6-f80f-4bc7-8424-1a47a535146d@group-5008F0A1828C-SegmentedRaftLogWorker: created new log segment /home/runner/work/ozone/ozone/hadoop-ozone/integration-test/target/test-dir/MiniOzoneClusterImpl-20f17314-7331-4214-8d7b-3220b0ea8e97/ozone-meta/datanode-1/ratis/5c335dc4-ee6b-41c8-9f32-5008f0a1828c/current/log_inprogress_0
2024-05-22 11:32:21,921 [538779f6-f80f-4bc7-8424-1a47a535146d@group-F0B03FD0AD5D-cacheEviction-AwaitToRun] INFO  util.AwaitToRun (AwaitToRun.java:run(49)) - 538779f6-f80f-4bc7-8424-1a47a535146d@group-F0B03FD0AD5D-cacheEviction-AwaitToRun-AwaitForSignal is interrupted
2024-05-22 11:32:21,921 [grpc-default-executor-2] INFO  server.RaftServer$Division (RaftServerImpl.java:requestVote(1422)) - ae2fb675-4ad2-4742-b745-16c1dba3b70f@group-5008F0A1828C replies to ELECTION vote request: 538779f6-f80f-4bc7-8424-1a47a535146d<-ae2fb675-4ad2-4742-b745-16c1dba3b70f#0:OK-t1. Peer's state: ae2fb675-4ad2-4742-b745-16c1dba3b70f@group-5008F0A1828C:t1, leader=null, voted=538779f6-f80f-4bc7-8424-1a47a535146d, raftlog=Memoized:ae2fb675-4ad2-4742-b745-16c1dba3b70f@group-5008F0A1828C-SegmentedRaftLog:OPENED:c-1, conf=-1: peers:[02a0afdf-1bea-47f6-ae97-5b8161c986a7|127.0.0.1:15085, 538779f6-f80f-4bc7-8424-1a47a535146d|127.0.0.1:15076, ae2fb675-4ad2-4742-b745-16c1dba3b70f|127.0.0.1:15094]|listeners:[], old=null
2024-05-22 11:32:21,924 [Thread-1694] INFO  server.GrpcServerProtocolClient (GrpcServerProtocolClient.java:close(103)) - 02a0afdf-1bea-47f6-ae97-5b8161c986a7 Close channels
2024-05-22 11:32:21,920 [538779f6-f80f-4bc7-8424-1a47a535146d@group-E7ADB79780DB-FollowerState] INFO  impl.FollowerState (FollowerState.java:run(152)) - 538779f6-f80f-4bc7-8424-1a47a535146d@group-E7ADB79780DB-FollowerState was interrupted
2024-05-22 11:32:21,925 [Thread-1696] INFO  server.GrpcServerProtocolClient (GrpcServerProtocolClient.java:close(103)) - ae2fb675-4ad2-4742-b745-16c1dba3b70f Close channels
2024-05-22 11:32:21,926 [main] INFO  server.GrpcService (GrpcService.java:closeImpl(320)) - 538779f6-f80f-4bc7-8424-1a47a535146d: shutdown server org.apache.ratis.grpc.server.GrpcClientProtocolService successfully
2024-05-22 11:32:21,926 [main] INFO  server.GrpcService (GrpcService.java:closeImpl(311)) - 538779f6-f80f-4bc7-8424-1a47a535146d: shutdown server GrpcServerProtocolService now
2024-05-22 11:32:21,927 [grpc-default-executor-4] WARN  server.GrpcLogAppender (LogUtils.java:warn(121)) - ae2fb675-4ad2-4742-b745-16c1dba3b70f@group-F0B03FD0AD5D->538779f6-f80f-4bc7-8424-1a47a535146d-AppendLogResponseHandler: Failed appendEntries: org.apache.ratis.thirdparty.io.grpc.StatusRuntimeException: CANCELLED: RST_STREAM closed stream. HTTP/2 error code: CANCEL
2024-05-22 11:32:21,927 [grpc-default-executor-4] WARN  server.GrpcLogAppender (GrpcLogAppender.java:lambda$resetClient$1(217)) - ae2fb675-4ad2-4742-b745-16c1dba3b70f@group-F0B03FD0AD5D->538779f6-f80f-4bc7-8424-1a47a535146d-GrpcLogAppender: Follower failed (request=null, errorCount=1); keep nextIndex (1) unchanged and retry.
2024-05-22 11:32:21,928 [grpc-default-executor-5] WARN  server.GrpcServerProtocolService (LogUtils.java:warn(121)) - 538779f6-f80f-4bc7-8424-1a47a535146d: APPEND_ENTRIES onError, lastRequest: ae2fb675-4ad2-4742-b745-16c1dba3b70f->538779f6-f80f-4bc7-8424-1a47a535146d#1-t1,previous=(t:0, i:0),leaderCommit=-1,initializing? false,entries: size=1, first=(t:1, i:0), CONFIGURATIONENTRY(current:id: "02a0afdf-1bea-47f6-ae97-5b8161c986a7"
address: "127.0.0.1:15085"
dataStreamAddress: "127.0.0.1:15086"
clientAddress: "127.0.0.1:15083"
adminAddress: "127.0.0.1:15084"
startupRole: FOLLOWER
,id: "538779f6-f80f-4bc7-8424-1a47a535146d"
address: "127.0.0.1:15076"
dataStreamAddress: "127.0.0.1:15077"
clientAddress: "127.0.0.1:15074"
adminAddress: "127.0.0.1:15075"
startupRole: FOLLOWER
,id: "ae2fb675-4ad2-4742-b745-16c1dba3b70f"
address: "127.0.0.1:15094"
priority: 1
dataStreamAddress: "127.0.0.1:15095"
clientAddress: "127.0.0.1:15092"
adminAddress: "127.0.0.1:15093"
startupRole: FOLLOWER
, old:): org.apache.ratis.thirdparty.io.grpc.StatusRuntimeException: CANCELLED: client cancelled
2024-05-22 11:32:21,928 [grpc-default-executor-0] WARN  server.GrpcServerProtocolService (LogUtils.java:warn(121)) - 538779f6-f80f-4bc7-8424-1a47a535146d: APPEND_ENTRIES onError, lastRequest: null: org.apache.ratis.thirdparty.io.grpc.StatusRuntimeException: CANCELLED: client cancelled
2024-05-22 11:32:21,928 [main] INFO  server.GrpcService (GrpcService.java:closeImpl(320)) - 538779f6-f80f-4bc7-8424-1a47a535146d: shutdown server GrpcServerProtocolService successfully
2024-05-22 11:32:21,928 [main] INFO  server.GrpcService (GrpcService.java:closeImpl(311)) - 538779f6-f80f-4bc7-8424-1a47a535146d: shutdown server org.apache.ratis.grpc.server.GrpcAdminProtocolService now
2024-05-22 11:32:21,929 [main] INFO  server.GrpcService (GrpcService.java:closeImpl(320)) - 538779f6-f80f-4bc7-8424-1a47a535146d: shutdown server org.apache.ratis.grpc.server.GrpcAdminProtocolService successfully
2024-05-22 11:32:21,933 [538779f6-f80f-4bc7-8424-1a47a535146d-NettyServerStreamRpc-bossGroup--thread1] INFO  logging.LoggingHandler (AbstractInternalLogger.java:log(148)) - [id: 0xebcb8ec0, L:/0.0.0.0:15077] CLOSE
2024-05-22 11:32:21,933 [538779f6-f80f-4bc7-8424-1a47a535146d-NettyServerStreamRpc-bossGroup--thread1] INFO  logging.LoggingHandler (AbstractInternalLogger.java:log(148)) - [id: 0xebcb8ec0, L:/0.0.0.0:15077] INACTIVE
2024-05-22 11:32:21,933 [538779f6-f80f-4bc7-8424-1a47a535146d-NettyServerStreamRpc-bossGroup--thread1] INFO  logging.LoggingHandler (AbstractInternalLogger.java:log(148)) - [id: 0xebcb8ec0, L:/0.0.0.0:15077] UNREGISTERED
2024-05-22 11:32:21,938 [ae2fb675-4ad2-4742-b745-16c1dba3b70f@group-58827D620A90-FollowerState] INFO  impl.FollowerState (FollowerState.java:run(143)) - ae2fb675-4ad2-4742-b745-16c1dba3b70f@group-58827D620A90-FollowerState: change to CANDIDATE, lastRpcElapsedTime:5013578341ns, electionTimeout:5013ms
2024-05-22 11:32:21,938 [ae2fb675-4ad2-4742-b745-16c1dba3b70f@group-58827D620A90-FollowerState] INFO  impl.RoleInfo (RoleInfo.java:shutdownFollowerState(110)) - ae2fb675-4ad2-4742-b745-16c1dba3b70f: shutdown ae2fb675-4ad2-4742-b745-16c1dba3b70f@group-58827D620A90-FollowerState
2024-05-22 11:32:21,938 [ae2fb675-4ad2-4742-b745-16c1dba3b70f@group-58827D620A90-FollowerState] INFO  server.RaftServer$Division (RaftServerImpl.java:setRole(383)) - ae2fb675-4ad2-4742-b745-16c1dba3b70f@group-58827D620A90: changes role from  FOLLOWER to CANDIDATE at term 0 for changeToCandidate
2024-05-22 11:32:21,938 [ae2fb675-4ad2-4742-b745-16c1dba3b70f@group-58827D620A90-FollowerState] INFO  server.RaftServerConfigKeys (ConfUtils.java:logGet(46)) - raft.server.leaderelection.pre-vote = true (default)
2024-05-22 11:32:21,938 [ae2fb675-4ad2-4742-b745-16c1dba3b70f@group-58827D620A90-FollowerState] INFO  impl.RoleInfo (RoleInfo.java:updateAndGet(139)) - ae2fb675-4ad2-4742-b745-16c1dba3b70f: start ae2fb675-4ad2-4742-b745-16c1dba3b70f@group-58827D620A90-LeaderElection22
2024-05-22 11:32:21,938 [ae2fb675-4ad2-4742-b745-16c1dba3b70f@group-58827D620A90-LeaderElection22] INFO  impl.LeaderElection (LeaderElection.java:askForVotes(321)) - ae2fb675-4ad2-4742-b745-16c1dba3b70f@group-58827D620A90-LeaderElection22 PRE_VOTE round 0: submit vote requests at term 0 for -1: peers:[ae2fb675-4ad2-4742-b745-16c1dba3b70f|127.0.0.1:15094]|listeners:[], old=null
2024-05-22 11:32:21,938 [ae2fb675-4ad2-4742-b745-16c1dba3b70f@group-58827D620A90-LeaderElection22] INFO  impl.LeaderElection (LeaderElection.java:askForVotes(323)) - ae2fb675-4ad2-4742-b745-16c1dba3b70f@group-58827D620A90-LeaderElection22 PRE_VOTE round 0: result PASSED (term=0)
2024-05-22 11:32:21,942 [ae2fb675-4ad2-4742-b745-16c1dba3b70f@group-58827D620A90-LeaderElection22] INFO  impl.LeaderElection (LeaderElection.java:askForVotes(321)) - ae2fb675-4ad2-4742-b745-16c1dba3b70f@group-58827D620A90-LeaderElection22 ELECTION round 0: submit vote requests at term 1 for -1: peers:[ae2fb675-4ad2-4742-b745-16c1dba3b70f|127.0.0.1:15094]|listeners:[], old=null
2024-05-22 11:32:21,942 [ae2fb675-4ad2-4742-b745-16c1dba3b70f@group-58827D620A90-LeaderElection22] INFO  impl.LeaderElection (LeaderElection.java:askForVotes(323)) - ae2fb675-4ad2-4742-b745-16c1dba3b70f@group-58827D620A90-LeaderElection22 ELECTION round 0: result PASSED (term=1)
2024-05-22 11:32:21,942 [ae2fb675-4ad2-4742-b745-16c1dba3b70f@group-58827D620A90-LeaderElection22] INFO  impl.RoleInfo (RoleInfo.java:shutdownLeaderElection(130)) - ae2fb675-4ad2-4742-b745-16c1dba3b70f: shutdown ae2fb675-4ad2-4742-b745-16c1dba3b70f@group-58827D620A90-LeaderElection22
2024-05-22 11:32:21,942 [ae2fb675-4ad2-4742-b745-16c1dba3b70f@group-58827D620A90-LeaderElection22] INFO  server.RaftServer$Division (RaftServerImpl.java:setRole(383)) - ae2fb675-4ad2-4742-b745-16c1dba3b70f@group-58827D620A90: changes role from CANDIDATE to LEADER at term 1 for changeToLeader
2024-05-22 11:32:21,943 [ae2fb675-4ad2-4742-b745-16c1dba3b70f@group-58827D620A90-LeaderElection22] INFO  server.RaftServerConfigKeys (ConfUtils.java:logGet(46)) - raft.server.staging.catchup.gap = 1000 (default)
2024-05-22 11:32:21,943 [ae2fb675-4ad2-4742-b745-16c1dba3b70f@group-58827D620A90-LeaderElection22] INFO  server.RaftServerConfigKeys (ConfUtils.java:logGet(46)) - raft.server.write.element-limit = 1024 (custom)
2024-05-22 11:32:21,943 [ae2fb675-4ad2-4742-b745-16c1dba3b70f@group-58827D620A90-LeaderElection22] INFO  server.RaftServerConfigKeys (ConfUtils.java:logGet(46)) - raft.server.write.byte-limit = 1024 M (=1073741824) (custom)
2024-05-22 11:32:21,943 [ae2fb675-4ad2-4742-b745-16c1dba3b70f@group-58827D620A90-LeaderElection22] INFO  server.RaftServerConfigKeys (ConfUtils.java:logGet(46)) - raft.server.watch.timeout = 180s (custom)
2024-05-22 11:32:21,943 [ae2fb675-4ad2-4742-b745-16c1dba3b70f@group-58827D620A90-LeaderElection22] INFO  server.RaftServerConfigKeys (ConfUtils.java:logGet(46)) - raft.server.watch.timeout.denomination = 1s (default)
2024-05-22 11:32:21,944 [ae2fb675-4ad2-4742-b745-16c1dba3b70f@group-58827D620A90-LeaderElection22] INFO  server.RaftServerConfigKeys (ConfUtils.java:logGet(46)) - raft.server.watch.element-limit = 65536 (default)
2024-05-22 11:32:21,944 [ae2fb675-4ad2-4742-b745-16c1dba3b70f@group-58827D620A90-LeaderElection22] INFO  server.RaftServerConfigKeys (ConfUtils.java:logGet(46)) - raft.server.read.leader.lease.enabled = false (default)
2024-05-22 11:32:21,944 [ae2fb675-4ad2-4742-b745-16c1dba3b70f@group-58827D620A90-LeaderElection22] INFO  server.RaftServerConfigKeys (ConfUtils.java:logGet(46)) - raft.server.read.leader.lease.timeout.ratio = 0.9 (default)
2024-05-22 11:32:21,944 [ae2fb675-4ad2-4742-b745-16c1dba3b70f@group-58827D620A90-LeaderElection22] INFO  server.RaftServerConfigKeys (ConfUtils.java:logGet(46)) - raft.server.rpc.timeout.min = 5s (custom)
2024-05-22 11:32:21,944 [ae2fb675-4ad2-4742-b745-16c1dba3b70f@group-58827D620A90-LeaderElection22] INFO  server.RaftServerConfigKeys (ConfUtils.java:logGet(46)) - raft.server.write.element-limit = 1024 (custom)
2024-05-22 11:32:21,944 [ae2fb675-4ad2-4742-b745-16c1dba3b70f@group-58827D620A90-LeaderElection22] INFO  server.RaftServerConfigKeys (ConfUtils.java:logGet(46)) - raft.server.write.follower.gap.ratio.max = -1.0 (default)
2024-05-22 11:32:21,944 [ae2fb675-4ad2-4742-b745-16c1dba3b70f@group-58827D620A90-LeaderElection22] INFO  impl.RoleInfo (RoleInfo.java:updateAndGet(139)) - ae2fb675-4ad2-4742-b745-16c1dba3b70f: start ae2fb675-4ad2-4742-b745-16c1dba3b70f@group-58827D620A90-LeaderStateImpl
2024-05-22 11:32:21,944 [ae2fb675-4ad2-4742-b745-16c1dba3b70f@group-58827D620A90-LeaderElection22] INFO  server.RaftServer$Division (RaftServerImpl.java:setFirstElection(574)) - ae2fb675-4ad2-4742-b745-16c1dba3b70f@group-58827D620A90: set firstElectionSinceStartup to false for becomeLeader
2024-05-22 11:32:21,945 [ae2fb675-4ad2-4742-b745-16c1dba3b70f@group-58827D620A90-LeaderElection22] INFO  ratis.XceiverServerRatis (XceiverServerRatis.java:handleLeaderChangedNotification(966)) - Leader change notification received for group: group-58827D620A90 with new leaderId: ae2fb675-4ad2-4742-b745-16c1dba3b70f
2024-05-22 11:32:21,945 [ae2fb675-4ad2-4742-b745-16c1dba3b70f@group-58827D620A90-LeaderElection22] INFO  server.RaftServer$Division (ServerState.java:setLeader(269)) - ae2fb675-4ad2-4742-b745-16c1dba3b70f@group-58827D620A90: change Leader from null to ae2fb675-4ad2-4742-b745-16c1dba3b70f at term 1 for becomeLeader, leader elected after 5037ms
2024-05-22 11:32:21,945 [ae2fb675-4ad2-4742-b745-16c1dba3b70f@group-58827D620A90-LeaderElection22] INFO  segmented.SegmentedRaftLogWorker (SegmentedRaftLogWorker.java:startLogSegment(430)) - ae2fb675-4ad2-4742-b745-16c1dba3b70f@group-58827D620A90-SegmentedRaftLogWorker: Starting segment from index:0
2024-05-22 11:32:21,945 [ae2fb675-4ad2-4742-b745-16c1dba3b70f@group-58827D620A90-LeaderElection22] INFO  server.RaftServer$Division (ServerState.java:setRaftConf(386)) - ae2fb675-4ad2-4742-b745-16c1dba3b70f@group-58827D620A90: set configuration 0: peers:[ae2fb675-4ad2-4742-b745-16c1dba3b70f|127.0.0.1:15094]|listeners:[], old=null
2024-05-22 11:32:21,946 [ae2fb675-4ad2-4742-b745-16c1dba3b70f@group-58827D620A90-SegmentedRaftLogWorker] INFO  segmented.BufferedWriteChannel (BufferedWriteChannel.java:open(62)) - open log_inprogress_0 at position 0
2024-05-22 11:32:21,953 [ae2fb675-4ad2-4742-b745-16c1dba3b70f@group-58827D620A90-SegmentedRaftLogWorker] INFO  segmented.SegmentedRaftLogWorker (SegmentedRaftLogWorker.java:execute(634)) - ae2fb675-4ad2-4742-b745-16c1dba3b70f@group-58827D620A90-SegmentedRaftLogWorker: created new log segment /home/runner/work/ozone/ozone/hadoop-ozone/integration-test/target/test-dir/MiniOzoneClusterImpl-20f17314-7331-4214-8d7b-3220b0ea8e97/ozone-meta/datanode-3/ratis/c5d189d2-33a6-478c-8a46-58827d620a90/current/log_inprogress_0
2024-05-22 11:32:21,955 [ae2fb675-4ad2-4742-b745-16c1dba3b70f@group-58827D620A90-StateMachineUpdater] INFO  server.RaftServer$Division (LeaderStateImpl.java:isApplied(320)) - leader is ready since appliedIndex == 0 >= startIndex == 0
2024-05-22 11:32:22,766 [538779f6-f80f-4bc7-8424-1a47a535146d-impl-thread2] INFO  segmented.SegmentedRaftLogWorker (SegmentedRaftLogWorker.java:close(245)) - 538779f6-f80f-4bc7-8424-1a47a535146d@group-E7ADB79780DB-SegmentedRaftLogWorker close()
2024-05-22 11:32:22,868 [538779f6-f80f-4bc7-8424-1a47a535146d-impl-thread3] INFO  segmented.SegmentedRaftLogWorker (SegmentedRaftLogWorker.java:close(245)) - 538779f6-f80f-4bc7-8424-1a47a535146d@group-F0B03FD0AD5D-SegmentedRaftLogWorker close()
2024-05-22 11:32:26,928 [timer7] WARN  server.GrpcLogAppender (GrpcLogAppender.java:lambda$resetClient$1(217)) - ae2fb675-4ad2-4742-b745-16c1dba3b70f@group-F0B03FD0AD5D->538779f6-f80f-4bc7-8424-1a47a535146d-GrpcLogAppender: Follower failed (request=null, errorCount=8); keep nextIndex (1) unchanged and retry. (Repeated 8 times in the last 5.000s)
2024-05-22 11:32:26,928 [timer6] WARN  server.GrpcLogAppender (LogUtils.java:warn(121)) - ae2fb675-4ad2-4742-b745-16c1dba3b70f@group-F0B03FD0AD5D->538779f6-f80f-4bc7-8424-1a47a535146d-AppendLogResponseHandler: Failed appendEntries (Repeated 8 times in the last 5.000s): org.apache.ratis.thirdparty.io.grpc.StatusRuntimeException: UNAVAILABLE: io exception
2024-05-22 11:32:28,127 [grpc-default-executor-0] WARN  server.GrpcLogAppender (LogUtils.java:warn(121)) - ae2fb675-4ad2-4742-b745-16c1dba3b70f@group-F0B03FD0AD5D->538779f6-f80f-4bc7-8424-1a47a535146d-AppendLogResponseHandler: Failed appendEntries: org.apache.ratis.thirdparty.io.grpc.StatusRuntimeException: UNAVAILABLE: io exception
2024-05-22 11:32:28,127 [grpc-default-executor-5] WARN  server.GrpcLogAppender (GrpcLogAppender.java:lambda$resetClient$1(217)) - ae2fb675-4ad2-4742-b745-16c1dba3b70f@group-F0B03FD0AD5D->538779f6-f80f-4bc7-8424-1a47a535146d-GrpcLogAppender: Follower failed (request=null, errorCount=9); keep nextIndex (1) unchanged and retry.
2024-05-22 11:32:28,839 [EventQueue-StaleNodeForStaleNodeHandler] INFO  node.StaleNodeHandler (StaleNodeHandler.java:onMessage(57)) - Datanode 538779f6-f80f-4bc7-8424-1a47a535146d(localhost/127.0.0.1) moved to stale state. Finalizing its pipelines [PipelineID=5c335dc4-ee6b-41c8-9f32-5008f0a1828c, PipelineID=2b7b4842-8920-402c-93ba-e7adb79780db, PipelineID=96889823-d642-4618-bd52-f0b03fd0ad5d]
2024-05-22 11:32:28,840 [EventQueue-StaleNodeForStaleNodeHandler] INFO  pipeline.PipelineManagerImpl (PipelineManagerImpl.java:closePipeline(518)) - Pipeline PipelineID=5c335dc4-ee6b-41c8-9f32-5008f0a1828c moved to CLOSED state
2024-05-22 11:32:28,840 [EventQueue-StaleNodeForStaleNodeHandler] INFO  pipeline.PipelineManagerImpl (PipelineManagerImpl.java:closePipeline(518)) - Pipeline PipelineID=2b7b4842-8920-402c-93ba-e7adb79780db moved to CLOSED state
2024-05-22 11:32:28,841 [EventQueue-StaleNodeForStaleNodeHandler] INFO  pipeline.PipelineManagerImpl (PipelineManagerImpl.java:closePipeline(518)) - Pipeline PipelineID=96889823-d642-4618-bd52-f0b03fd0ad5d moved to CLOSED state
2024-05-22 11:32:28,919 [RatisPipelineUtilsThread-0] WARN  scm.SCMCommonPlacementPolicy (SCMCommonPlacementPolicy.java:filterNodesWithSpace(287)) - Unable to find enough nodes that meet the space requirement of 1073741824 bytes for metadata and 5368709120 bytes for data in healthy node set. Required 3. Found 2.
2024-05-22 11:32:29,420 [RatisPipelineUtilsThread-0] WARN  scm.SCMCommonPlacementPolicy (SCMCommonPlacementPolicy.java:filterNodesWithSpace(287)) - Unable to find enough nodes that meet the space requirement of 1073741824 bytes for metadata and 5368709120 bytes for data in healthy node set. Required 3. Found 2.
2024-05-22 11:32:29,920 [RatisPipelineUtilsThread-0] WARN  scm.SCMCommonPlacementPolicy (SCMCommonPlacementPolicy.java:filterNodesWithSpace(287)) - Unable to find enough nodes that meet the space requirement of 1073741824 bytes for metadata and 5368709120 bytes for data in healthy node set. Required 3. Found 2.
2024-05-22 11:32:30,421 [RatisPipelineUtilsThread-0] WARN  scm.SCMCommonPlacementPolicy (SCMCommonPlacementPolicy.java:filterNodesWithSpace(287)) - Unable to find enough nodes that meet the space requirement of 1073741824 bytes for metadata and 5368709120 bytes for data in healthy node set. Required 3. Found 2.
2024-05-22 11:32:30,922 [RatisPipelineUtilsThread-0] WARN  scm.SCMCommonPlacementPolicy (SCMCommonPlacementPolicy.java:filterNodesWithSpace(287)) - Unable to find enough nodes that meet the space requirement of 1073741824 bytes for metadata and 5368709120 bytes for data in healthy node set. Required 3. Found 2.
2024-05-22 11:32:31,422 [RatisPipelineUtilsThread-0] WARN  scm.SCMCommonPlacementPolicy (SCMCommonPlacementPolicy.java:filterNodesWithSpace(287)) - Unable to find enough nodes that meet the space requirement of 1073741824 bytes for metadata and 5368709120 bytes for data in healthy node set. Required 3. Found 2.
2024-05-22 11:32:31,923 [RatisPipelineUtilsThread-0] WARN  scm.SCMCommonPlacementPolicy (SCMCommonPlacementPolicy.java:filterNodesWithSpace(287)) - Unable to find enough nodes that meet the space requirement of 1073741824 bytes for metadata and 5368709120 bytes for data in healthy node set. Required 3. Found 2.
2024-05-22 11:32:32,140 [ae2fb675-4ad2-4742-b745-16c1dba3b70f@group-5008F0A1828C-FollowerState] INFO  impl.FollowerState (FollowerState.java:run(143)) - ae2fb675-4ad2-4742-b745-16c1dba3b70f@group-5008F0A1828C-FollowerState: change to CANDIDATE, lastRpcElapsedTime:10219839237ns, electionTimeout:5157ms
2024-05-22 11:32:32,141 [ae2fb675-4ad2-4742-b745-16c1dba3b70f@group-5008F0A1828C-FollowerState] INFO  impl.RoleInfo (RoleInfo.java:shutdownFollowerState(110)) - ae2fb675-4ad2-4742-b745-16c1dba3b70f: shutdown ae2fb675-4ad2-4742-b745-16c1dba3b70f@group-5008F0A1828C-FollowerState
2024-05-22 11:32:32,141 [ae2fb675-4ad2-4742-b745-16c1dba3b70f@group-5008F0A1828C-FollowerState] INFO  server.RaftServer$Division (RaftServerImpl.java:setRole(383)) - ae2fb675-4ad2-4742-b745-16c1dba3b70f@group-5008F0A1828C: changes role from  FOLLOWER to CANDIDATE at term 1 for changeToCandidate
2024-05-22 11:32:32,141 [ae2fb675-4ad2-4742-b745-16c1dba3b70f@group-5008F0A1828C-FollowerState] INFO  server.RaftServerConfigKeys (ConfUtils.java:logGet(46)) - raft.server.leaderelection.pre-vote = true (default)
2024-05-22 11:32:32,141 [ae2fb675-4ad2-4742-b745-16c1dba3b70f@group-5008F0A1828C-FollowerState] INFO  impl.RoleInfo (RoleInfo.java:updateAndGet(139)) - ae2fb675-4ad2-4742-b745-16c1dba3b70f: start ae2fb675-4ad2-4742-b745-16c1dba3b70f@group-5008F0A1828C-LeaderElection23
2024-05-22 11:32:32,141 [ae2fb675-4ad2-4742-b745-16c1dba3b70f@group-5008F0A1828C-LeaderElection23] INFO  impl.LeaderElection (LeaderElection.java:askForVotes(321)) - ae2fb675-4ad2-4742-b745-16c1dba3b70f@group-5008F0A1828C-LeaderElection23 PRE_VOTE round 0: submit vote requests at term 1 for -1: peers:[02a0afdf-1bea-47f6-ae97-5b8161c986a7|127.0.0.1:15085, 538779f6-f80f-4bc7-8424-1a47a535146d|127.0.0.1:15076, ae2fb675-4ad2-4742-b745-16c1dba3b70f|127.0.0.1:15094]|listeners:[], old=null
2024-05-22 11:32:32,143 [grpc-default-executor-0] INFO  server.RaftServer$Division (RaftServerImpl.java:requestVote(1389)) - 02a0afdf-1bea-47f6-ae97-5b8161c986a7@group-5008F0A1828C: receive requestVote(PRE_VOTE, ae2fb675-4ad2-4742-b745-16c1dba3b70f, group-5008F0A1828C, 1, (t:0, i:0))
2024-05-22 11:32:32,143 [grpc-default-executor-0] INFO  impl.VoteContext (VoteContext.java:log(49)) - 02a0afdf-1bea-47f6-ae97-5b8161c986a7@group-5008F0A1828C-FOLLOWER: accept PRE_VOTE from ae2fb675-4ad2-4742-b745-16c1dba3b70f: our priority 0 <= candidate's priority 0
2024-05-22 11:32:32,143 [grpc-default-executor-0] INFO  server.RaftServer$Division (RaftServerImpl.java:requestVote(1422)) - 02a0afdf-1bea-47f6-ae97-5b8161c986a7@group-5008F0A1828C replies to PRE_VOTE vote request: ae2fb675-4ad2-4742-b745-16c1dba3b70f<-02a0afdf-1bea-47f6-ae97-5b8161c986a7#0:OK-t1. Peer's state: 02a0afdf-1bea-47f6-ae97-5b8161c986a7@group-5008F0A1828C:t1, leader=null, voted=538779f6-f80f-4bc7-8424-1a47a535146d, raftlog=Memoized:02a0afdf-1bea-47f6-ae97-5b8161c986a7@group-5008F0A1828C-SegmentedRaftLog:OPENED:c-1, conf=-1: peers:[02a0afdf-1bea-47f6-ae97-5b8161c986a7|127.0.0.1:15085, 538779f6-f80f-4bc7-8424-1a47a535146d|127.0.0.1:15076, ae2fb675-4ad2-4742-b745-16c1dba3b70f|127.0.0.1:15094]|listeners:[], old=null
2024-05-22 11:32:32,144 [ae2fb675-4ad2-4742-b745-16c1dba3b70f@group-5008F0A1828C-LeaderElection23] INFO  impl.LeaderElection (LogUtils.java:infoOrTrace(136)) - ae2fb675-4ad2-4742-b745-16c1dba3b70f@group-5008F0A1828C-LeaderElection23 got exception when requesting votes: java.util.concurrent.ExecutionException: org.apache.ratis.thirdparty.io.grpc.StatusRuntimeException: UNAVAILABLE: io exception
2024-05-22 11:32:32,144 [ae2fb675-4ad2-4742-b745-16c1dba3b70f@group-5008F0A1828C-LeaderElection23] INFO  impl.LeaderElection (LeaderElection.java:logAndReturn(89)) - ae2fb675-4ad2-4742-b745-16c1dba3b70f@group-5008F0A1828C-LeaderElection23: PRE_VOTE PASSED received 1 response(s) and 1 exception(s):
2024-05-22 11:32:32,144 [ae2fb675-4ad2-4742-b745-16c1dba3b70f@group-5008F0A1828C-LeaderElection23] INFO  impl.LeaderElection (LeaderElection.java:logAndReturn(93)) -   Response 0: ae2fb675-4ad2-4742-b745-16c1dba3b70f<-02a0afdf-1bea-47f6-ae97-5b8161c986a7#0:OK-t1
2024-05-22 11:32:32,144 [ae2fb675-4ad2-4742-b745-16c1dba3b70f@group-5008F0A1828C-LeaderElection23] INFO  impl.LeaderElection (LogUtils.java:infoOrTrace(136)) -   Exception 1: java.util.concurrent.ExecutionException: org.apache.ratis.thirdparty.io.grpc.StatusRuntimeException: UNAVAILABLE: io exception
2024-05-22 11:32:32,145 [ae2fb675-4ad2-4742-b745-16c1dba3b70f@group-5008F0A1828C-LeaderElection23] INFO  impl.LeaderElection (LeaderElection.java:askForVotes(323)) - ae2fb675-4ad2-4742-b745-16c1dba3b70f@group-5008F0A1828C-LeaderElection23 PRE_VOTE round 0: result PASSED
2024-05-22 11:32:32,146 [ae2fb675-4ad2-4742-b745-16c1dba3b70f@group-5008F0A1828C-LeaderElection23] INFO  impl.LeaderElection (LeaderElection.java:askForVotes(321)) - ae2fb675-4ad2-4742-b745-16c1dba3b70f@group-5008F0A1828C-LeaderElection23 ELECTION round 0: submit vote requests at term 2 for -1: peers:[02a0afdf-1bea-47f6-ae97-5b8161c986a7|127.0.0.1:15085, 538779f6-f80f-4bc7-8424-1a47a535146d|127.0.0.1:15076, ae2fb675-4ad2-4742-b745-16c1dba3b70f|127.0.0.1:15094]|listeners:[], old=null
2024-05-22 11:32:32,147 [ae2fb675-4ad2-4742-b745-16c1dba3b70f@group-5008F0A1828C-LeaderElection23] INFO  impl.LeaderElection (LogUtils.java:infoOrTrace(136)) - ae2fb675-4ad2-4742-b745-16c1dba3b70f@group-5008F0A1828C-LeaderElection23 got exception when requesting votes: java.util.concurrent.ExecutionException: org.apache.ratis.thirdparty.io.grpc.StatusRuntimeException: UNAVAILABLE: io exception
2024-05-22 11:32:32,149 [grpc-default-executor-0] INFO  server.RaftServer$Division (RaftServerImpl.java:requestVote(1389)) - 02a0afdf-1bea-47f6-ae97-5b8161c986a7@group-5008F0A1828C: receive requestVote(ELECTION, ae2fb675-4ad2-4742-b745-16c1dba3b70f, group-5008F0A1828C, 2, (t:0, i:0))
2024-05-22 11:32:32,149 [grpc-default-executor-0] INFO  impl.VoteContext (VoteContext.java:log(49)) - 02a0afdf-1bea-47f6-ae97-5b8161c986a7@group-5008F0A1828C-FOLLOWER: accept ELECTION from ae2fb675-4ad2-4742-b745-16c1dba3b70f: our priority 0 <= candidate's priority 0
2024-05-22 11:32:32,150 [grpc-default-executor-0] INFO  server.RaftServer$Division (RaftServerImpl.java:setRole(383)) - 02a0afdf-1bea-47f6-ae97-5b8161c986a7@group-5008F0A1828C: changes role from  FOLLOWER to FOLLOWER at term 2 for candidate:ae2fb675-4ad2-4742-b745-16c1dba3b70f
2024-05-22 11:32:32,150 [grpc-default-executor-0] INFO  impl.RoleInfo (RoleInfo.java:shutdownFollowerState(110)) - 02a0afdf-1bea-47f6-ae97-5b8161c986a7: shutdown 02a0afdf-1bea-47f6-ae97-5b8161c986a7@group-5008F0A1828C-FollowerState
2024-05-22 11:32:32,150 [grpc-default-executor-0] INFO  impl.RoleInfo (RoleInfo.java:updateAndGet(139)) - 02a0afdf-1bea-47f6-ae97-5b8161c986a7: start 02a0afdf-1bea-47f6-ae97-5b8161c986a7@group-5008F0A1828C-FollowerState
2024-05-22 11:32:32,150 [02a0afdf-1bea-47f6-ae97-5b8161c986a7@group-5008F0A1828C-FollowerState] INFO  impl.FollowerState (FollowerState.java:run(152)) - 02a0afdf-1bea-47f6-ae97-5b8161c986a7@group-5008F0A1828C-FollowerState was interrupted
2024-05-22 11:32:32,151 [grpc-default-executor-0] INFO  server.RaftServer$Division (RaftServerImpl.java:requestVote(1422)) - 02a0afdf-1bea-47f6-ae97-5b8161c986a7@group-5008F0A1828C replies to ELECTION vote request: ae2fb675-4ad2-4742-b745-16c1dba3b70f<-02a0afdf-1bea-47f6-ae97-5b8161c986a7#0:OK-t2. Peer's state: 02a0afdf-1bea-47f6-ae97-5b8161c986a7@group-5008F0A1828C:t2, leader=null, voted=ae2fb675-4ad2-4742-b745-16c1dba3b70f, raftlog=Memoized:02a0afdf-1bea-47f6-ae97-5b8161c986a7@group-5008F0A1828C-SegmentedRaftLog:OPENED:c-1, conf=-1: peers:[02a0afdf-1bea-47f6-ae97-5b8161c986a7|127.0.0.1:15085, 538779f6-f80f-4bc7-8424-1a47a535146d|127.0.0.1:15076, ae2fb675-4ad2-4742-b745-16c1dba3b70f|127.0.0.1:15094]|listeners:[], old=null
2024-05-22 11:32:32,151 [ae2fb675-4ad2-4742-b745-16c1dba3b70f@group-5008F0A1828C-LeaderElection23] INFO  impl.LeaderElection (LeaderElection.java:logAndReturn(89)) - ae2fb675-4ad2-4742-b745-16c1dba3b70f@group-5008F0A1828C-LeaderElection23: ELECTION PASSED received 1 response(s) and 1 exception(s):
2024-05-22 11:32:32,151 [ae2fb675-4ad2-4742-b745-16c1dba3b70f@group-5008F0A1828C-LeaderElection23] INFO  impl.LeaderElection (LeaderElection.java:logAndReturn(93)) -   Response 0: ae2fb675-4ad2-4742-b745-16c1dba3b70f<-02a0afdf-1bea-47f6-ae97-5b8161c986a7#0:OK-t2
2024-05-22 11:32:32,152 [ae2fb675-4ad2-4742-b745-16c1dba3b70f@group-5008F0A1828C-LeaderElection23] INFO  impl.LeaderElection (LogUtils.java:infoOrTrace(136)) -   Exception 1: java.util.concurrent.ExecutionException: org.apache.ratis.thirdparty.io.grpc.StatusRuntimeException: UNAVAILABLE: io exception
2024-05-22 11:32:32,152 [ae2fb675-4ad2-4742-b745-16c1dba3b70f@group-5008F0A1828C-LeaderElection23] INFO  impl.LeaderElection (LeaderElection.java:askForVotes(323)) - ae2fb675-4ad2-4742-b745-16c1dba3b70f@group-5008F0A1828C-LeaderElection23 ELECTION round 0: result PASSED
2024-05-22 11:32:32,152 [ae2fb675-4ad2-4742-b745-16c1dba3b70f@group-5008F0A1828C-LeaderElection23] INFO  impl.RoleInfo (RoleInfo.java:shutdownLeaderElection(130)) - ae2fb675-4ad2-4742-b745-16c1dba3b70f: shutdown ae2fb675-4ad2-4742-b745-16c1dba3b70f@group-5008F0A1828C-LeaderElection23
2024-05-22 11:32:32,152 [ae2fb675-4ad2-4742-b745-16c1dba3b70f@group-5008F0A1828C-LeaderElection23] INFO  server.RaftServer$Division (RaftServerImpl.java:setRole(383)) - ae2fb675-4ad2-4742-b745-16c1dba3b70f@group-5008F0A1828C: changes role from CANDIDATE to LEADER at term 2 for changeToLeader
2024-05-22 11:32:32,152 [ae2fb675-4ad2-4742-b745-16c1dba3b70f@group-5008F0A1828C-LeaderElection23] INFO  server.RaftServerConfigKeys (ConfUtils.java:logGet(46)) - raft.server.staging.catchup.gap = 1000 (default)
2024-05-22 11:32:32,152 [ae2fb675-4ad2-4742-b745-16c1dba3b70f@group-5008F0A1828C-LeaderElection23] INFO  server.RaftServerConfigKeys (ConfUtils.java:logGet(46)) - raft.server.write.element-limit = 1024 (custom)
2024-05-22 11:32:32,152 [ae2fb675-4ad2-4742-b745-16c1dba3b70f@group-5008F0A1828C-LeaderElection23] INFO  server.RaftServerConfigKeys (ConfUtils.java:logGet(46)) - raft.server.write.byte-limit = 1024 M (=1073741824) (custom)
2024-05-22 11:32:32,152 [ae2fb675-4ad2-4742-b745-16c1dba3b70f@group-5008F0A1828C-LeaderElection23] INFO  server.RaftServerConfigKeys (ConfUtils.java:logGet(46)) - raft.server.watch.timeout = 180s (custom)
2024-05-22 11:32:32,152 [ae2fb675-4ad2-4742-b745-16c1dba3b70f@group-5008F0A1828C-LeaderElection23] INFO  server.RaftServerConfigKeys (ConfUtils.java:logGet(46)) - raft.server.watch.timeout.denomination = 1s (default)
2024-05-22 11:32:32,152 [ae2fb675-4ad2-4742-b745-16c1dba3b70f@group-5008F0A1828C-LeaderElection23] INFO  server.RaftServerConfigKeys (ConfUtils.java:logGet(46)) - raft.server.watch.element-limit = 65536 (default)
2024-05-22 11:32:32,152 [ae2fb675-4ad2-4742-b745-16c1dba3b70f@group-5008F0A1828C-LeaderElection23] INFO  server.RaftServerConfigKeys (ConfUtils.java:logGet(46)) - raft.server.read.leader.lease.enabled = false (default)
2024-05-22 11:32:32,153 [ae2fb675-4ad2-4742-b745-16c1dba3b70f@group-5008F0A1828C-LeaderElection23] INFO  server.RaftServerConfigKeys (ConfUtils.java:logGet(46)) - raft.server.read.leader.lease.timeout.ratio = 0.9 (default)
2024-05-22 11:32:32,153 [ae2fb675-4ad2-4742-b745-16c1dba3b70f@group-5008F0A1828C-LeaderElection23] INFO  server.RaftServerConfigKeys (ConfUtils.java:logGet(46)) - raft.server.rpc.timeout.min = 5s (custom)
2024-05-22 11:32:32,153 [ae2fb675-4ad2-4742-b745-16c1dba3b70f@group-5008F0A1828C-LeaderElection23] INFO  server.RaftServerConfigKeys (ConfUtils.java:logGet(46)) - raft.server.write.element-limit = 1024 (custom)
2024-05-22 11:32:32,153 [ae2fb675-4ad2-4742-b745-16c1dba3b70f@group-5008F0A1828C-LeaderElection23] INFO  server.RaftServerConfigKeys (ConfUtils.java:logGet(46)) - raft.server.write.follower.gap.ratio.max = -1.0 (default)
2024-05-22 11:32:32,153 [ae2fb675-4ad2-4742-b745-16c1dba3b70f@group-5008F0A1828C-LeaderElection23] INFO  server.RaftServerConfigKeys (ConfUtils.java:logGet(46)) - raft.server.log.appender.snapshot.chunk.size.max = 16MB (=16777216) (default)
2024-05-22 11:32:32,153 [ae2fb675-4ad2-4742-b745-16c1dba3b70f@group-5008F0A1828C-LeaderElection23] INFO  server.RaftServerConfigKeys (ConfUtils.java:logGet(46)) - raft.server.log.appender.buffer.byte-limit = 8388608 (custom)
2024-05-22 11:32:32,153 [ae2fb675-4ad2-4742-b745-16c1dba3b70f@group-5008F0A1828C-LeaderElection23] INFO  server.RaftServerConfigKeys (ConfUtils.java:logGet(46)) - raft.server.log.appender.buffer.element-limit = 1024 (custom)
2024-05-22 11:32:32,153 [ae2fb675-4ad2-4742-b745-16c1dba3b70f@group-5008F0A1828C-LeaderElection23] INFO  server.RaftServerConfigKeys (ConfUtils.java:logGet(46)) - raft.server.log.appender.wait-time.min = 0μs (custom)
2024-05-22 11:32:32,153 [ae2fb675-4ad2-4742-b745-16c1dba3b70f@group-5008F0A1828C-LeaderElection23] INFO  grpc.GrpcConfigKeys (ConfUtils.java:logGet(46)) - raft.grpc.server.leader.outstanding.appends.max = 8 (default)
2024-05-22 11:32:32,153 [ae2fb675-4ad2-4742-b745-16c1dba3b70f@group-5008F0A1828C-LeaderElection23] INFO  server.RaftServerConfigKeys (ConfUtils.java:logGet(46)) - raft.server.rpc.request.timeout = 60s (custom)
2024-05-22 11:32:32,153 [ae2fb675-4ad2-4742-b745-16c1dba3b70f@group-5008F0A1828C-LeaderElection23] INFO  grpc.GrpcConfigKeys (ConfUtils.java:logGet(46)) - raft.grpc.server.install_snapshot.request.element-limit = 8 (default)
2024-05-22 11:32:32,153 [ae2fb675-4ad2-4742-b745-16c1dba3b70f@group-5008F0A1828C-LeaderElection23] INFO  grpc.GrpcConfigKeys (ConfUtils.java:logGet(46)) - raft.grpc.server.install_snapshot.request.timeout = 3000ms (default)
2024-05-22 11:32:32,154 [ae2fb675-4ad2-4742-b745-16c1dba3b70f@group-5008F0A1828C-LeaderElection23] INFO  grpc.GrpcConfigKeys (ConfUtils.java:logGet(46)) - raft.grpc.server.log-message.batch.duration = 5s (default)
2024-05-22 11:32:32,154 [ae2fb675-4ad2-4742-b745-16c1dba3b70f@group-5008F0A1828C-LeaderElection23] INFO  server.RaftServerConfigKeys (ConfUtils.java:logGet(46)) - raft.server.log.appender.install.snapshot.enabled = false (custom)
2024-05-22 11:32:32,154 [ae2fb675-4ad2-4742-b745-16c1dba3b70f@group-5008F0A1828C-LeaderElection23] INFO  grpc.GrpcConfigKeys (ConfUtils.java:logGet(46)) - raft.grpc.server.heartbeat.channel = true (default)
2024-05-22 11:32:32,154 [ae2fb675-4ad2-4742-b745-16c1dba3b70f@group-5008F0A1828C-LeaderElection23] INFO  server.RaftServerConfigKeys (ConfUtils.java:logGet(46)) - raft.server.log.appender.snapshot.chunk.size.max = 16MB (=16777216) (default)
2024-05-22 11:32:32,154 [ae2fb675-4ad2-4742-b745-16c1dba3b70f@group-5008F0A1828C-LeaderElection23] INFO  server.RaftServerConfigKeys (ConfUtils.java:logGet(46)) - raft.server.log.appender.buffer.byte-limit = 8388608 (custom)
2024-05-22 11:32:32,154 [ae2fb675-4ad2-4742-b745-16c1dba3b70f@group-5008F0A1828C-LeaderElection23] INFO  server.RaftServerConfigKeys (ConfUtils.java:logGet(46)) - raft.server.log.appender.buffer.element-limit = 1024 (custom)
2024-05-22 11:32:32,154 [ae2fb675-4ad2-4742-b745-16c1dba3b70f@group-5008F0A1828C-LeaderElection23] INFO  server.RaftServerConfigKeys (ConfUtils.java:logGet(46)) - raft.server.log.appender.wait-time.min = 0μs (custom)
2024-05-22 11:32:32,155 [ae2fb675-4ad2-4742-b745-16c1dba3b70f@group-5008F0A1828C-LeaderElection23] INFO  grpc.GrpcConfigKeys (ConfUtils.java:logGet(46)) - raft.grpc.server.leader.outstanding.appends.max = 8 (default)
2024-05-22 11:32:32,155 [ae2fb675-4ad2-4742-b745-16c1dba3b70f@group-5008F0A1828C-LeaderElection23] INFO  server.RaftServerConfigKeys (ConfUtils.java:logGet(46)) - raft.server.rpc.request.timeout = 60s (custom)
2024-05-22 11:32:32,155 [ae2fb675-4ad2-4742-b745-16c1dba3b70f@group-5008F0A1828C-LeaderElection23] INFO  grpc.GrpcConfigKeys (ConfUtils.java:logGet(46)) - raft.grpc.server.install_snapshot.request.element-limit = 8 (default)
2024-05-22 11:32:32,155 [ae2fb675-4ad2-4742-b745-16c1dba3b70f@group-5008F0A1828C-LeaderElection23] INFO  grpc.GrpcConfigKeys (ConfUtils.java:logGet(46)) - raft.grpc.server.install_snapshot.request.timeout = 3000ms (default)
2024-05-22 11:32:32,155 [ae2fb675-4ad2-4742-b745-16c1dba3b70f@group-5008F0A1828C-LeaderElection23] INFO  grpc.GrpcConfigKeys (ConfUtils.java:logGet(46)) - raft.grpc.server.log-message.batch.duration = 5s (default)
2024-05-22 11:32:32,155 [ae2fb675-4ad2-4742-b745-16c1dba3b70f@group-5008F0A1828C-LeaderElection23] INFO  server.RaftServerConfigKeys (ConfUtils.java:logGet(46)) - raft.server.log.appender.install.snapshot.enabled = false (custom)
2024-05-22 11:32:32,155 [ae2fb675-4ad2-4742-b745-16c1dba3b70f@group-5008F0A1828C-LeaderElection23] INFO  grpc.GrpcConfigKeys (ConfUtils.java:logGet(46)) - raft.grpc.server.heartbeat.channel = true (default)
2024-05-22 11:32:32,155 [ae2fb675-4ad2-4742-b745-16c1dba3b70f@group-5008F0A1828C-LeaderElection23] INFO  impl.RoleInfo (RoleInfo.java:updateAndGet(139)) - ae2fb675-4ad2-4742-b745-16c1dba3b70f: start ae2fb675-4ad2-4742-b745-16c1dba3b70f@group-5008F0A1828C-LeaderStateImpl
2024-05-22 11:32:32,155 [ae2fb675-4ad2-4742-b745-16c1dba3b70f@group-5008F0A1828C-LeaderElection23] INFO  ratis.XceiverServerRatis (XceiverServerRatis.java:handleLeaderChangedNotification(966)) - Leader change notification received for group: group-5008F0A1828C with new leaderId: ae2fb675-4ad2-4742-b745-16c1dba3b70f
2024-05-22 11:32:32,155 [ae2fb675-4ad2-4742-b745-16c1dba3b70f@group-5008F0A1828C-LeaderElection23] INFO  server.RaftServer$Division (ServerState.java:setLeader(269)) - ae2fb675-4ad2-4742-b745-16c1dba3b70f@group-5008F0A1828C: change Leader from null to ae2fb675-4ad2-4742-b745-16c1dba3b70f at term 2 for becomeLeader, leader elected after 15270ms
2024-05-22 11:32:32,155 [ae2fb675-4ad2-4742-b745-16c1dba3b70f@group-5008F0A1828C-LeaderElection23] INFO  segmented.SegmentedRaftLogWorker (SegmentedRaftLogWorker.java:startLogSegment(430)) - ae2fb675-4ad2-4742-b745-16c1dba3b70f@group-5008F0A1828C-SegmentedRaftLogWorker: Starting segment from index:0
2024-05-22 11:32:32,156 [ae2fb675-4ad2-4742-b745-16c1dba3b70f@group-5008F0A1828C-SegmentedRaftLogWorker] INFO  segmented.BufferedWriteChannel (BufferedWriteChannel.java:open(62)) - open log_inprogress_0 at position 0
2024-05-22 11:32:32,160 [ae2fb675-4ad2-4742-b745-16c1dba3b70f@group-5008F0A1828C-LeaderElection23] INFO  server.RaftServer$Division (ServerState.java:setRaftConf(386)) - ae2fb675-4ad2-4742-b745-16c1dba3b70f@group-5008F0A1828C: set configuration 0: peers:[02a0afdf-1bea-47f6-ae97-5b8161c986a7|127.0.0.1:15085, 538779f6-f80f-4bc7-8424-1a47a535146d|127.0.0.1:15076, ae2fb675-4ad2-4742-b745-16c1dba3b70f|127.0.0.1:15094]|listeners:[], old=null
2024-05-22 11:32:32,160 [grpc-default-executor-0] WARN  server.GrpcLogAppender (LogUtils.java:warn(121)) - ae2fb675-4ad2-4742-b745-16c1dba3b70f@group-5008F0A1828C->538779f6-f80f-4bc7-8424-1a47a535146d-AppendLogResponseHandler: Failed appendEntries: org.apache.ratis.thirdparty.io.grpc.StatusRuntimeException: UNAVAILABLE: io exception
2024-05-22 11:32:32,161 [grpc-default-executor-5] WARN  server.GrpcLogAppender (GrpcLogAppender.java:lambda$resetClient$1(217)) - ae2fb675-4ad2-4742-b745-16c1dba3b70f@group-5008F0A1828C->538779f6-f80f-4bc7-8424-1a47a535146d-GrpcLogAppender: Follower failed (request=null, errorCount=1); keep nextIndex (0) unchanged and retry.
2024-05-22 11:32:32,162 [02a0afdf-1bea-47f6-ae97-5b8161c986a7-server-thread1] INFO  ratis.XceiverServerRatis (XceiverServerRatis.java:handleLeaderChangedNotification(966)) - Leader change notification received for group: group-5008F0A1828C with new leaderId: ae2fb675-4ad2-4742-b745-16c1dba3b70f
2024-05-22 11:32:32,162 [02a0afdf-1bea-47f6-ae97-5b8161c986a7-server-thread1] INFO  server.RaftServer$Division (ServerState.java:setLeader(269)) - 02a0afdf-1bea-47f6-ae97-5b8161c986a7@group-5008F0A1828C: change Leader from null to ae2fb675-4ad2-4742-b745-16c1dba3b70f at term 2 for appendEntries, leader elected after 15301ms
2024-05-22 11:32:32,163 [02a0afdf-1bea-47f6-ae97-5b8161c986a7-server-thread2] INFO  server.RaftServer$Division (ServerState.java:setRaftConf(386)) - 02a0afdf-1bea-47f6-ae97-5b8161c986a7@group-5008F0A1828C: set configuration 0: peers:[02a0afdf-1bea-47f6-ae97-5b8161c986a7|127.0.0.1:15085, 538779f6-f80f-4bc7-8424-1a47a535146d|127.0.0.1:15076, ae2fb675-4ad2-4742-b745-16c1dba3b70f|127.0.0.1:15094]|listeners:[], old=null
2024-05-22 11:32:32,163 [02a0afdf-1bea-47f6-ae97-5b8161c986a7-server-thread2] INFO  segmented.SegmentedRaftLogWorker (SegmentedRaftLogWorker.java:startLogSegment(430)) - 02a0afdf-1bea-47f6-ae97-5b8161c986a7@group-5008F0A1828C-SegmentedRaftLogWorker: Starting segment from index:0
2024-05-22 11:32:32,164 [ae2fb675-4ad2-4742-b745-16c1dba3b70f@group-5008F0A1828C-SegmentedRaftLogWorker] INFO  segmented.SegmentedRaftLogWorker (SegmentedRaftLogWorker.java:execute(634)) - ae2fb675-4ad2-4742-b745-16c1dba3b70f@group-5008F0A1828C-SegmentedRaftLogWorker: created new log segment /home/runner/work/ozone/ozone/hadoop-ozone/integration-test/target/test-dir/MiniOzoneClusterImpl-20f17314-7331-4214-8d7b-3220b0ea8e97/ozone-meta/datanode-3/ratis/5c335dc4-ee6b-41c8-9f32-5008f0a1828c/current/log_inprogress_0
2024-05-22 11:32:32,164 [02a0afdf-1bea-47f6-ae97-5b8161c986a7@group-5008F0A1828C-SegmentedRaftLogWorker] INFO  segmented.BufferedWriteChannel (BufferedWriteChannel.java:open(62)) - open log_inprogress_0 at position 0
2024-05-22 11:32:32,171 [02a0afdf-1bea-47f6-ae97-5b8161c986a7@group-5008F0A1828C-SegmentedRaftLogWorker] INFO  segmented.SegmentedRaftLogWorker (SegmentedRaftLogWorker.java:execute(634)) - 02a0afdf-1bea-47f6-ae97-5b8161c986a7@group-5008F0A1828C-SegmentedRaftLogWorker: created new log segment /home/runner/work/ozone/ozone/hadoop-ozone/integration-test/target/test-dir/MiniOzoneClusterImpl-20f17314-7331-4214-8d7b-3220b0ea8e97/ozone-meta/datanode-2/ratis/5c335dc4-ee6b-41c8-9f32-5008f0a1828c/current/log_inprogress_0
2024-05-22 11:32:32,173 [ae2fb675-4ad2-4742-b745-16c1dba3b70f@group-5008F0A1828C-StateMachineUpdater] INFO  server.RaftServer$Division (LeaderStateImpl.java:isApplied(320)) - leader is ready since appliedIndex == 0 >= startIndex == 0
2024-05-22 11:32:32,424 [RatisPipelineUtilsThread-0] WARN  scm.SCMCommonPlacementPolicy (SCMCommonPlacementPolicy.java:filterNodesWithSpace(287)) - Unable to find enough nodes that meet the space requirement of 1073741824 bytes for metadata and 5368709120 bytes for data in healthy node set. Required 3. Found 2.
2024-05-22 11:32:32,924 [RatisPipelineUtilsThread-0] WARN  scm.SCMCommonPlacementPolicy (SCMCommonPlacementPolicy.java:filterNodesWithSpace(287)) - Unable to find enough nodes that meet the space requirement of 1073741824 bytes for metadata and 5368709120 bytes for data in healthy node set. Required 3. Found 2.
2024-05-22 11:32:33,127 [timer3] WARN  server.GrpcLogAppender (LogUtils.java:warn(121)) - ae2fb675-4ad2-4742-b745-16c1dba3b70f@group-F0B03FD0AD5D->538779f6-f80f-4bc7-8424-1a47a535146d-AppendLogResponseHandler: Failed appendEntries (Repeated 6 times in the last 5.000s): org.apache.ratis.thirdparty.io.grpc.StatusRuntimeException: UNAVAILABLE: io exception
2024-05-22 11:32:33,128 [timer4] WARN  server.GrpcLogAppender (GrpcLogAppender.java:lambda$resetClient$1(217)) - ae2fb675-4ad2-4742-b745-16c1dba3b70f@group-5008F0A1828C->538779f6-f80f-4bc7-8424-1a47a535146d-GrpcLogAppender: Follower failed (request=null, errorCount=6); keep nextIndex (1) unchanged and retry. (Repeated 8 times in the last 5.000s)
2024-05-22 11:32:33,415 [grpc-default-executor-2] WARN  server.GrpcLogAppender (GrpcLogAppender.java:lambda$resetClient$1(217)) - ae2fb675-4ad2-4742-b745-16c1dba3b70f@group-5008F0A1828C->538779f6-f80f-4bc7-8424-1a47a535146d-GrpcLogAppender: Follower failed (request=null, errorCount=7); keep nextIndex (1) unchanged and retry.
2024-05-22 11:32:33,425 [RatisPipelineUtilsThread-0] WARN  scm.SCMCommonPlacementPolicy (SCMCommonPlacementPolicy.java:filterNodesWithSpace(287)) - Unable to find enough nodes that meet the space requirement of 1073741824 bytes for metadata and 5368709120 bytes for data in healthy node set. Required 3. Found 2.
2024-05-22 11:32:33,555 [grpc-default-executor-0] WARN  server.GrpcLogAppender (LogUtils.java:warn(121)) - ae2fb675-4ad2-4742-b745-16c1dba3b70f@group-F0B03FD0AD5D->538779f6-f80f-4bc7-8424-1a47a535146d-AppendLogResponseHandler: Failed appendEntries: org.apache.ratis.thirdparty.io.grpc.StatusRuntimeException: UNAVAILABLE: io exception
2024-05-22 11:32:33,925 [RatisPipelineUtilsThread-0] WARN  scm.SCMCommonPlacementPolicy (SCMCommonPlacementPolicy.java:filterNodesWithSpace(287)) - Unable to find enough nodes that meet the space requirement of 1073741824 bytes for metadata and 5368709120 bytes for data in healthy node set. Required 3. Found 2.
2024-05-22 11:32:34,426 [RatisPipelineUtilsThread-0] WARN  scm.SCMCommonPlacementPolicy (SCMCommonPlacementPolicy.java:filterNodesWithSpace(287)) - Unable to find enough nodes that meet the space requirement of 1073741824 bytes for metadata and 5368709120 bytes for data in healthy node set. Required 3. Found 2.
2024-05-22 11:32:34,926 [RatisPipelineUtilsThread-0] WARN  scm.SCMCommonPlacementPolicy (SCMCommonPlacementPolicy.java:filterNodesWithSpace(287)) - Unable to find enough nodes that meet the space requirement of 1073741824 bytes for metadata and 5368709120 bytes for data in healthy node set. Required 3. Found 2.
2024-05-22 11:32:35,427 [RatisPipelineUtilsThread-0] WARN  scm.SCMCommonPlacementPolicy (SCMCommonPlacementPolicy.java:filterNodesWithSpace(287)) - Unable to find enough nodes that meet the space requirement of 1073741824 bytes for metadata and 5368709120 bytes for data in healthy node set. Required 3. Found 2.
2024-05-22 11:32:35,927 [RatisPipelineUtilsThread-0] WARN  scm.SCMCommonPlacementPolicy (SCMCommonPlacementPolicy.java:filterNodesWithSpace(287)) - Unable to find enough nodes that meet the space requirement of 1073741824 bytes for metadata and 5368709120 bytes for data in healthy node set. Required 3. Found 2.
2024-05-22 11:32:36,428 [RatisPipelineUtilsThread-0] WARN  scm.SCMCommonPlacementPolicy (SCMCommonPlacementPolicy.java:filterNodesWithSpace(287)) - Unable to find enough nodes that meet the space requirement of 1073741824 bytes for metadata and 5368709120 bytes for data in healthy node set. Required 3. Found 2.
2024-05-22 11:32:36,928 [RatisPipelineUtilsThread-0] WARN  scm.SCMCommonPlacementPolicy (SCMCommonPlacementPolicy.java:filterNodesWithSpace(287)) - Unable to find enough nodes that meet the space requirement of 1073741824 bytes for metadata and 5368709120 bytes for data in healthy node set. Required 3. Found 2.
2024-05-22 11:32:37,161 [timer2] WARN  server.GrpcLogAppender (LogUtils.java:warn(121)) - ae2fb675-4ad2-4742-b745-16c1dba3b70f@group-5008F0A1828C->538779f6-f80f-4bc7-8424-1a47a535146d-AppendLogResponseHandler: Failed appendEntries (Repeated 12 times in the last 5.000s): org.apache.ratis.thirdparty.io.grpc.StatusRuntimeException: UNAVAILABLE: io exception
2024-05-22 11:32:37,161 [timer3] WARN  server.GrpcLogAppender (GrpcLogAppender.java:lambda$resetClient$1(217)) - ae2fb675-4ad2-4742-b745-16c1dba3b70f@group-5008F0A1828C->538779f6-f80f-4bc7-8424-1a47a535146d-GrpcLogAppender: Follower failed (request=null, errorCount=4); keep nextIndex (0) unchanged and retry. (Repeated 4 times in the last 5.000s)
2024-05-22 11:32:37,241 [grpc-default-executor-2] WARN  server.GrpcLogAppender (LogUtils.java:warn(121)) - ae2fb675-4ad2-4742-b745-16c1dba3b70f@group-5008F0A1828C->538779f6-f80f-4bc7-8424-1a47a535146d-AppendLogResponseHandler: Failed appendEntries: org.apache.ratis.thirdparty.io.grpc.StatusRuntimeException: UNAVAILABLE: io exception
2024-05-22 11:32:37,429 [RatisPipelineUtilsThread-0] WARN  scm.SCMCommonPlacementPolicy (SCMCommonPlacementPolicy.java:filterNodesWithSpace(287)) - Unable to find enough nodes that meet the space requirement of 1073741824 bytes for metadata and 5368709120 bytes for data in healthy node set. Required 3. Found 2.
2024-05-22 11:32:37,929 [RatisPipelineUtilsThread-0] WARN  scm.SCMCommonPlacementPolicy (SCMCommonPlacementPolicy.java:filterNodesWithSpace(287)) - Unable to find enough nodes that meet the space requirement of 1073741824 bytes for metadata and 5368709120 bytes for data in healthy node set. Required 3. Found 2.
2024-05-22 11:32:38,416 [timer6] WARN  server.GrpcLogAppender (GrpcLogAppender.java:lambda$resetClient$1(217)) - ae2fb675-4ad2-4742-b745-16c1dba3b70f@group-F0B03FD0AD5D->538779f6-f80f-4bc7-8424-1a47a535146d-GrpcLogAppender: Follower failed (request=null, errorCount=20); keep nextIndex (1) unchanged and retry. (Repeated 14 times in the last 5.000s)
2024-05-22 11:32:38,430 [RatisPipelineUtilsThread-0] WARN  scm.SCMCommonPlacementPolicy (SCMCommonPlacementPolicy.java:filterNodesWithSpace(287)) - Unable to find enough nodes that meet the space requirement of 1073741824 bytes for metadata and 5368709120 bytes for data in healthy node set. Required 3. Found 2.
2024-05-22 11:32:38,555 [timer0] WARN  server.GrpcLogAppender (LogUtils.java:warn(121)) - ae2fb675-4ad2-4742-b745-16c1dba3b70f@group-F0B03FD0AD5D->538779f6-f80f-4bc7-8424-1a47a535146d-AppendLogResponseHandler: Failed appendEntries (Repeated 6 times in the last 5.000s): org.apache.ratis.thirdparty.io.grpc.StatusRuntimeException: UNAVAILABLE: io exception
2024-05-22 11:32:38,930 [RatisPipelineUtilsThread-0] WARN  scm.SCMCommonPlacementPolicy (SCMCommonPlacementPolicy.java:filterNodesWithSpace(287)) - Unable to find enough nodes that meet the space requirement of 1073741824 bytes for metadata and 5368709120 bytes for data in healthy node set. Required 3. Found 2.
2024-05-22 11:32:39,205 [grpc-default-executor-0] WARN  server.GrpcLogAppender (GrpcLogAppender.java:lambda$resetClient$1(217)) - ae2fb675-4ad2-4742-b745-16c1dba3b70f@group-5008F0A1828C->538779f6-f80f-4bc7-8424-1a47a535146d-GrpcLogAppender: Follower failed (request=null, errorCount=15); keep nextIndex (1) unchanged and retry.
2024-05-22 11:32:39,394 [grpc-default-executor-2] WARN  server.GrpcLogAppender (LogUtils.java:warn(121)) - ae2fb675-4ad2-4742-b745-16c1dba3b70f@group-F0B03FD0AD5D->538779f6-f80f-4bc7-8424-1a47a535146d-AppendLogResponseHandler: Failed appendEntries: org.apache.ratis.thirdparty.io.grpc.StatusRuntimeException: UNAVAILABLE: io exception
2024-05-22 11:32:39,431 [RatisPipelineUtilsThread-0] WARN  scm.SCMCommonPlacementPolicy (SCMCommonPlacementPolicy.java:filterNodesWithSpace(287)) - Unable to find enough nodes that meet the space requirement of 1073741824 bytes for metadata and 5368709120 bytes for data in healthy node set. Required 3. Found 2.
2024-05-22 11:32:39,931 [RatisPipelineUtilsThread-0] WARN  scm.SCMCommonPlacementPolicy (SCMCommonPlacementPolicy.java:filterNodesWithSpace(287)) - Unable to find enough nodes that meet the space requirement of 1073741824 bytes for metadata and 5368709120 bytes for data in healthy node set. Required 3. Found 2.
2024-05-22 11:32:40,432 [RatisPipelineUtilsThread-0] WARN  scm.SCMCommonPlacementPolicy (SCMCommonPlacementPolicy.java:filterNodesWithSpace(287)) - Unable to find enough nodes that meet the space requirement of 1073741824 bytes for metadata and 5368709120 bytes for data in healthy node set. Required 3. Found 2.
2024-05-22 11:32:40,932 [RatisPipelineUtilsThread-0] WARN  scm.SCMCommonPlacementPolicy (SCMCommonPlacementPolicy.java:filterNodesWithSpace(287)) - Unable to find enough nodes that meet the space requirement of 1073741824 bytes for metadata and 5368709120 bytes for data in healthy node set. Required 3. Found 2.
2024-05-22 11:32:41,433 [RatisPipelineUtilsThread-0] WARN  scm.SCMCommonPlacementPolicy (SCMCommonPlacementPolicy.java:filterNodesWithSpace(287)) - Unable to find enough nodes that meet the space requirement of 1073741824 bytes for metadata and 5368709120 bytes for data in healthy node set. Required 3. Found 2.
2024-05-22 11:32:41,934 [RatisPipelineUtilsThread-0] WARN  scm.SCMCommonPlacementPolicy (SCMCommonPlacementPolicy.java:filterNodesWithSpace(287)) - Unable to find enough nodes that meet the space requirement of 1073741824 bytes for metadata and 5368709120 bytes for data in healthy node set. Required 3. Found 2.
2024-05-22 11:32:42,241 [timer7] WARN  server.GrpcLogAppender (LogUtils.java:warn(121)) - ae2fb675-4ad2-4742-b745-16c1dba3b70f@group-5008F0A1828C->538779f6-f80f-4bc7-8424-1a47a535146d-AppendLogResponseHandler: Failed appendEntries (Repeated 6 times in the last 5.000s): org.apache.ratis.thirdparty.io.grpc.StatusRuntimeException: UNAVAILABLE: io exception
2024-05-22 11:32:42,342 [grpc-default-executor-2] WARN  server.GrpcLogAppender (LogUtils.java:warn(121)) - ae2fb675-4ad2-4742-b745-16c1dba3b70f@group-5008F0A1828C->538779f6-f80f-4bc7-8424-1a47a535146d-AppendLogResponseHandler: Failed appendEntries: org.apache.ratis.thirdparty.io.grpc.StatusRuntimeException: UNAVAILABLE: io exception
2024-05-22 11:32:42,434 [RatisPipelineUtilsThread-0] WARN  scm.SCMCommonPlacementPolicy (SCMCommonPlacementPolicy.java:filterNodesWithSpace(287)) - Unable to find enough nodes that meet the space requirement of 1073741824 bytes for metadata and 5368709120 bytes for data in healthy node set. Required 3. Found 2.
2024-05-22 11:32:42,935 [RatisPipelineUtilsThread-0] WARN  scm.SCMCommonPlacementPolicy (SCMCommonPlacementPolicy.java:filterNodesWithSpace(287)) - Unable to find enough nodes that meet the space requirement of 1073741824 bytes for metadata and 5368709120 bytes for data in healthy node set. Required 3. Found 2.
2024-05-22 11:32:43,435 [RatisPipelineUtilsThread-0] WARN  scm.SCMCommonPlacementPolicy (SCMCommonPlacementPolicy.java:filterNodesWithSpace(287)) - Unable to find enough nodes that meet the space requirement of 1073741824 bytes for metadata and 5368709120 bytes for data in healthy node set. Required 3. Found 2.
2024-05-22 11:32:43,936 [RatisPipelineUtilsThread-0] WARN  scm.SCMCommonPlacementPolicy (SCMCommonPlacementPolicy.java:filterNodesWithSpace(287)) - Unable to find enough nodes that meet the space requirement of 1073741824 bytes for metadata and 5368709120 bytes for data in healthy node set. Required 3. Found 2.
2024-05-22 11:32:44,205 [timer0] WARN  server.GrpcLogAppender (GrpcLogAppender.java:lambda$resetClient$1(217)) - ae2fb675-4ad2-4742-b745-16c1dba3b70f@group-F0B03FD0AD5D->538779f6-f80f-4bc7-8424-1a47a535146d-GrpcLogAppender: Follower failed (request=null, errorCount=28); keep nextIndex (1) unchanged and retry. (Repeated 14 times in the last 5.000s)
2024-05-22 11:32:44,394 [timer3] WARN  server.GrpcLogAppender (LogUtils.java:warn(121)) - ae2fb675-4ad2-4742-b745-16c1dba3b70f@group-F0B03FD0AD5D->538779f6-f80f-4bc7-8424-1a47a535146d-AppendLogResponseHandler: Failed appendEntries (Repeated 8 times in the last 5.000s): org.apache.ratis.thirdparty.io.grpc.StatusRuntimeException: UNAVAILABLE: io exception
2024-05-22 11:32:44,436 [RatisPipelineUtilsThread-0] WARN  scm.SCMCommonPlacementPolicy (SCMCommonPlacementPolicy.java:filterNodesWithSpace(287)) - Unable to find enough nodes that meet the space requirement of 1073741824 bytes for metadata and 5368709120 bytes for data in healthy node set. Required 3. Found 2.
2024-05-22 11:32:44,493 [grpc-default-executor-2] WARN  server.GrpcLogAppender (GrpcLogAppender.java:lambda$resetClient$1(217)) - ae2fb675-4ad2-4742-b745-16c1dba3b70f@group-5008F0A1828C->538779f6-f80f-4bc7-8424-1a47a535146d-GrpcLogAppender: Follower failed (request=null, errorCount=21); keep nextIndex (1) unchanged and retry.
2024-05-22 11:32:44,937 [RatisPipelineUtilsThread-0] WARN  scm.SCMCommonPlacementPolicy (SCMCommonPlacementPolicy.java:filterNodesWithSpace(287)) - Unable to find enough nodes that meet the space requirement of 1073741824 bytes for metadata and 5368709120 bytes for data in healthy node set. Required 3. Found 2.
2024-05-22 11:32:45,437 [RatisPipelineUtilsThread-0] WARN  scm.SCMCommonPlacementPolicy (SCMCommonPlacementPolicy.java:filterNodesWithSpace(287)) - Unable to find enough nodes that meet the space requirement of 1073741824 bytes for metadata and 5368709120 bytes for data in healthy node set. Required 3. Found 2.
2024-05-22 11:32:45,938 [RatisPipelineUtilsThread-0] WARN  scm.SCMCommonPlacementPolicy (SCMCommonPlacementPolicy.java:filterNodesWithSpace(287)) - Unable to find enough nodes that meet the space requirement of 1073741824 bytes for metadata and 5368709120 bytes for data in healthy node set. Required 3. Found 2.
2024-05-22 11:32:46,438 [RatisPipelineUtilsThread-0] WARN  scm.SCMCommonPlacementPolicy (SCMCommonPlacementPolicy.java:filterNodesWithSpace(287)) - Unable to find enough nodes that meet the space requirement of 1073741824 bytes for metadata and 5368709120 bytes for data in healthy node set. Required 3. Found 2.
2024-05-22 11:32:46,782 [grpc-default-executor-2] WARN  server.GrpcLogAppender (LogUtils.java:warn(121)) - ae2fb675-4ad2-4742-b745-16c1dba3b70f@group-F0B03FD0AD5D->538779f6-f80f-4bc7-8424-1a47a535146d-AppendLogResponseHandler: Failed appendEntries: org.apache.ratis.thirdparty.io.grpc.StatusRuntimeException: UNAVAILABLE: io exception
2024-05-22 11:32:46,939 [RatisPipelineUtilsThread-0] WARN  scm.SCMCommonPlacementPolicy (SCMCommonPlacementPolicy.java:filterNodesWithSpace(287)) - Unable to find enough nodes that meet the space requirement of 1073741824 bytes for metadata and 5368709120 bytes for data in healthy node set. Required 3. Found 2.
2024-05-22 11:32:47,343 [timer1] WARN  server.GrpcLogAppender (LogUtils.java:warn(121)) - ae2fb675-4ad2-4742-b745-16c1dba3b70f@group-5008F0A1828C->538779f6-f80f-4bc7-8424-1a47a535146d-AppendLogResponseHandler: Failed appendEntries (Repeated 6 times in the last 5.000s): org.apache.ratis.thirdparty.io.grpc.StatusRuntimeException: UNAVAILABLE: io exception
2024-05-22 11:32:47,440 [RatisPipelineUtilsThread-0] WARN  scm.SCMCommonPlacementPolicy (SCMCommonPlacementPolicy.java:filterNodesWithSpace(287)) - Unable to find enough nodes that meet the space requirement of 1073741824 bytes for metadata and 5368709120 bytes for data in healthy node set. Required 3. Found 2.
2024-05-22 11:32:47,940 [RatisPipelineUtilsThread-0] WARN  scm.SCMCommonPlacementPolicy (SCMCommonPlacementPolicy.java:filterNodesWithSpace(287)) - Unable to find enough nodes that meet the space requirement of 1073741824 bytes for metadata and 5368709120 bytes for data in healthy node set. Required 3. Found 2.
2024-05-22 11:32:48,441 [RatisPipelineUtilsThread-0] WARN  scm.SCMCommonPlacementPolicy (SCMCommonPlacementPolicy.java:filterNodesWithSpace(287)) - Unable to find enough nodes that meet the space requirement of 1073741824 bytes for metadata and 5368709120 bytes for data in healthy node set. Required 3. Found 2.
2024-05-22 11:32:48,657 [grpc-default-executor-2] WARN  server.GrpcLogAppender (LogUtils.java:warn(121)) - ae2fb675-4ad2-4742-b745-16c1dba3b70f@group-5008F0A1828C->538779f6-f80f-4bc7-8424-1a47a535146d-AppendLogResponseHandler: Failed appendEntries: org.apache.ratis.thirdparty.io.grpc.StatusRuntimeException: UNAVAILABLE: io exception
2024-05-22 11:32:48,941 [RatisPipelineUtilsThread-0] WARN  scm.SCMCommonPlacementPolicy (SCMCommonPlacementPolicy.java:filterNodesWithSpace(287)) - Unable to find enough nodes that meet the space requirement of 1073741824 bytes for metadata and 5368709120 bytes for data in healthy node set. Required 3. Found 2.
2024-05-22 11:32:49,442 [RatisPipelineUtilsThread-0] WARN  scm.SCMCommonPlacementPolicy (SCMCommonPlacementPolicy.java:filterNodesWithSpace(287)) - Unable to find enough nodes that meet the space requirement of 1073741824 bytes for metadata and 5368709120 bytes for data in healthy node set. Required 3. Found 2.
2024-05-22 11:32:49,494 [timer4] WARN  server.GrpcLogAppender (GrpcLogAppender.java:lambda$resetClient$1(217)) - ae2fb675-4ad2-4742-b745-16c1dba3b70f@group-F0B03FD0AD5D->538779f6-f80f-4bc7-8424-1a47a535146d-GrpcLogAppender: Follower failed (request=null, errorCount=32); keep nextIndex (1) unchanged and retry. (Repeated 10 times in the last 5.000s)
2024-05-22 11:32:49,942 [RatisPipelineUtilsThread-0] WARN  scm.SCMCommonPlacementPolicy (SCMCommonPlacementPolicy.java:filterNodesWithSpace(287)) - Unable to find enough nodes that meet the space requirement of 1073741824 bytes for metadata and 5368709120 bytes for data in healthy node set. Required 3. Found 2.
2024-05-22 11:32:50,300 [grpc-default-executor-0] WARN  server.GrpcLogAppender (GrpcLogAppender.java:lambda$resetClient$1(217)) - ae2fb675-4ad2-4742-b745-16c1dba3b70f@group-5008F0A1828C->538779f6-f80f-4bc7-8424-1a47a535146d-GrpcLogAppender: Follower failed (request=null, errorCount=27); keep nextIndex (1) unchanged and retry.
2024-05-22 11:32:50,443 [RatisPipelineUtilsThread-0] WARN  scm.SCMCommonPlacementPolicy (SCMCommonPlacementPolicy.java:filterNodesWithSpace(287)) - Unable to find enough nodes that meet the space requirement of 1073741824 bytes for metadata and 5368709120 bytes for data in healthy node set. Required 3. Found 2.
2024-05-22 11:32:50,943 [RatisPipelineUtilsThread-0] WARN  scm.SCMCommonPlacementPolicy (SCMCommonPlacementPolicy.java:filterNodesWithSpace(287)) - Unable to find enough nodes that meet the space requirement of 1073741824 bytes for metadata and 5368709120 bytes for data in healthy node set. Required 3. Found 2.
2024-05-22 11:32:51,444 [RatisPipelineUtilsThread-0] WARN  scm.SCMCommonPlacementPolicy (SCMCommonPlacementPolicy.java:filterNodesWithSpace(287)) - Unable to find enough nodes that meet the space requirement of 1073741824 bytes for metadata and 5368709120 bytes for data in healthy node set. Required 3. Found 2.
2024-05-22 11:32:51,783 [timer0] WARN  server.GrpcLogAppender (LogUtils.java:warn(121)) - ae2fb675-4ad2-4742-b745-16c1dba3b70f@group-F0B03FD0AD5D->538779f6-f80f-4bc7-8424-1a47a535146d-AppendLogResponseHandler: Failed appendEntries (Repeated 4 times in the last 5.000s): org.apache.ratis.thirdparty.io.grpc.StatusRuntimeException: UNAVAILABLE: io exception
2024-05-22 11:32:51,944 [RatisPipelineUtilsThread-0] WARN  scm.SCMCommonPlacementPolicy (SCMCommonPlacementPolicy.java:filterNodesWithSpace(287)) - Unable to find enough nodes that meet the space requirement of 1073741824 bytes for metadata and 5368709120 bytes for data in healthy node set. Required 3. Found 2.
2024-05-22 11:32:52,445 [RatisPipelineUtilsThread-0] WARN  scm.SCMCommonPlacementPolicy (SCMCommonPlacementPolicy.java:filterNodesWithSpace(287)) - Unable to find enough nodes that meet the space requirement of 1073741824 bytes for metadata and 5368709120 bytes for data in healthy node set. Required 3. Found 2.
2024-05-22 11:32:52,945 [RatisPipelineUtilsThread-0] WARN  scm.SCMCommonPlacementPolicy (SCMCommonPlacementPolicy.java:filterNodesWithSpace(287)) - Unable to find enough nodes that meet the space requirement of 1073741824 bytes for metadata and 5368709120 bytes for data in healthy node set. Required 3. Found 2.
2024-05-22 11:32:53,446 [RatisPipelineUtilsThread-0] WARN  scm.SCMCommonPlacementPolicy (SCMCommonPlacementPolicy.java:filterNodesWithSpace(287)) - Unable to find enough nodes that meet the space requirement of 1073741824 bytes for metadata and 5368709120 bytes for data in healthy node set. Required 3. Found 2.
2024-05-22 11:32:53,658 [timer3] WARN  server.GrpcLogAppender (LogUtils.java:warn(121)) - ae2fb675-4ad2-4742-b745-16c1dba3b70f@group-5008F0A1828C->538779f6-f80f-4bc7-8424-1a47a535146d-AppendLogResponseHandler: Failed appendEntries (Repeated 6 times in the last 5.000s): org.apache.ratis.thirdparty.io.grpc.StatusRuntimeException: UNAVAILABLE: io exception
2024-05-22 11:32:53,801 [grpc-default-executor-0] WARN  server.GrpcLogAppender (LogUtils.java:warn(121)) - ae2fb675-4ad2-4742-b745-16c1dba3b70f@group-F0B03FD0AD5D->538779f6-f80f-4bc7-8424-1a47a535146d-AppendLogResponseHandler: Failed appendEntries: org.apache.ratis.thirdparty.io.grpc.StatusRuntimeException: UNAVAILABLE: io exception
2024-05-22 11:32:53,947 [RatisPipelineUtilsThread-0] WARN  scm.SCMCommonPlacementPolicy (SCMCommonPlacementPolicy.java:filterNodesWithSpace(287)) - Unable to find enough nodes that meet the space requirement of 1073741824 bytes for metadata and 5368709120 bytes for data in healthy node set. Required 3. Found 2.
2024-05-22 11:32:53,989 [grpc-default-executor-0] WARN  server.GrpcLogAppender (LogUtils.java:warn(121)) - ae2fb675-4ad2-4742-b745-16c1dba3b70f@group-5008F0A1828C->538779f6-f80f-4bc7-8424-1a47a535146d-AppendLogResponseHandler: Failed appendEntries: org.apache.ratis.thirdparty.io.grpc.StatusRuntimeException: UNAVAILABLE: io exception
2024-05-22 11:32:54,447 [RatisPipelineUtilsThread-0] WARN  scm.SCMCommonPlacementPolicy (SCMCommonPlacementPolicy.java:filterNodesWithSpace(287)) - Unable to find enough nodes that meet the space requirement of 1073741824 bytes for metadata and 5368709120 bytes for data in healthy node set. Required 3. Found 2.
2024-05-22 11:32:54,947 [RatisPipelineUtilsThread-0] WARN  scm.SCMCommonPlacementPolicy (SCMCommonPlacementPolicy.java:filterNodesWithSpace(287)) - Unable to find enough nodes that meet the space requirement of 1073741824 bytes for metadata and 5368709120 bytes for data in healthy node set. Required 3. Found 2.
2024-05-22 11:32:55,300 [timer7] WARN  server.GrpcLogAppender (GrpcLogAppender.java:lambda$resetClient$1(217)) - ae2fb675-4ad2-4742-b745-16c1dba3b70f@group-5008F0A1828C->538779f6-f80f-4bc7-8424-1a47a535146d-GrpcLogAppender: Follower failed (request=null, errorCount=32); keep nextIndex (1) unchanged and retry. (Repeated 8 times in the last 5.000s)
2024-05-22 11:32:55,448 [RatisPipelineUtilsThread-0] WARN  scm.SCMCommonPlacementPolicy (SCMCommonPlacementPolicy.java:filterNodesWithSpace(287)) - Unable to find enough nodes that meet the space requirement of 1073741824 bytes for metadata and 5368709120 bytes for data in healthy node set. Required 3. Found 2.
2024-05-22 11:32:55,949 [RatisPipelineUtilsThread-0] WARN  scm.SCMCommonPlacementPolicy (SCMCommonPlacementPolicy.java:filterNodesWithSpace(287)) - Unable to find enough nodes that meet the space requirement of 1073741824 bytes for metadata and 5368709120 bytes for data in healthy node set. Required 3. Found 2.
2024-05-22 11:32:56,449 [RatisPipelineUtilsThread-0] WARN  scm.SCMCommonPlacementPolicy (SCMCommonPlacementPolicy.java:filterNodesWithSpace(287)) - Unable to find enough nodes that meet the space requirement of 1073741824 bytes for metadata and 5368709120 bytes for data in healthy node set. Required 3. Found 2.
2024-05-22 11:32:56,777 [grpc-default-executor-0] WARN  server.GrpcLogAppender (GrpcLogAppender.java:lambda$resetClient$1(217)) - ae2fb675-4ad2-4742-b745-16c1dba3b70f@group-F0B03FD0AD5D->538779f6-f80f-4bc7-8424-1a47a535146d-GrpcLogAppender: Follower failed (request=null, errorCount=35); keep nextIndex (1) unchanged and retry.
2024-05-22 11:32:56,950 [RatisPipelineUtilsThread-0] WARN  scm.SCMCommonPlacementPolicy (SCMCommonPlacementPolicy.java:filterNodesWithSpace(287)) - Unable to find enough nodes that meet the space requirement of 1073741824 bytes for metadata and 5368709120 bytes for data in healthy node set. Required 3. Found 2.
2024-05-22 11:32:57,450 [RatisPipelineUtilsThread-0] WARN  scm.SCMCommonPlacementPolicy (SCMCommonPlacementPolicy.java:filterNodesWithSpace(287)) - Unable to find enough nodes that meet the space requirement of 1073741824 bytes for metadata and 5368709120 bytes for data in healthy node set. Required 3. Found 2.
2024-05-22 11:32:57,951 [RatisPipelineUtilsThread-0] WARN  scm.SCMCommonPlacementPolicy (SCMCommonPlacementPolicy.java:filterNodesWithSpace(287)) - Unable to find enough nodes that meet the space requirement of 1073741824 bytes for metadata and 5368709120 bytes for data in healthy node set. Required 3. Found 2.
2024-05-22 11:32:58,451 [RatisPipelineUtilsThread-0] WARN  scm.SCMCommonPlacementPolicy (SCMCommonPlacementPolicy.java:filterNodesWithSpace(287)) - Unable to find enough nodes that meet the space requirement of 1073741824 bytes for metadata and 5368709120 bytes for data in healthy node set. Required 3. Found 2.
2024-05-22 11:32:58,801 [timer2] WARN  server.GrpcLogAppender (LogUtils.java:warn(121)) - ae2fb675-4ad2-4742-b745-16c1dba3b70f@group-F0B03FD0AD5D->538779f6-f80f-4bc7-8424-1a47a535146d-AppendLogResponseHandler: Failed appendEntries (Repeated 4 times in the last 5.000s): org.apache.ratis.thirdparty.io.grpc.StatusRuntimeException: UNAVAILABLE: io exception
2024-05-22 11:32:58,952 [RatisPipelineUtilsThread-0] WARN  scm.SCMCommonPlacementPolicy (SCMCommonPlacementPolicy.java:filterNodesWithSpace(287)) - Unable to find enough nodes that meet the space requirement of 1073741824 bytes for metadata and 5368709120 bytes for data in healthy node set. Required 3. Found 2.
2024-05-22 11:32:58,989 [timer4] WARN  server.GrpcLogAppender (LogUtils.java:warn(121)) - ae2fb675-4ad2-4742-b745-16c1dba3b70f@group-5008F0A1828C->538779f6-f80f-4bc7-8424-1a47a535146d-AppendLogResponseHandler: Failed appendEntries (Repeated 2 times in the last 5.000s): org.apache.ratis.thirdparty.io.grpc.StatusRuntimeException: UNAVAILABLE: io exception
2024-05-22 11:32:59,452 [RatisPipelineUtilsThread-0] WARN  scm.SCMCommonPlacementPolicy (SCMCommonPlacementPolicy.java:filterNodesWithSpace(287)) - Unable to find enough nodes that meet the space requirement of 1073741824 bytes for metadata and 5368709120 bytes for data in healthy node set. Required 3. Found 2.
2024-05-22 11:32:59,953 [RatisPipelineUtilsThread-0] WARN  scm.SCMCommonPlacementPolicy (SCMCommonPlacementPolicy.java:filterNodesWithSpace(287)) - Unable to find enough nodes that meet the space requirement of 1073741824 bytes for metadata and 5368709120 bytes for data in healthy node set. Required 3. Found 2.
2024-05-22 11:33:00,453 [RatisPipelineUtilsThread-0] WARN  scm.SCMCommonPlacementPolicy (SCMCommonPlacementPolicy.java:filterNodesWithSpace(287)) - Unable to find enough nodes that meet the space requirement of 1073741824 bytes for metadata and 5368709120 bytes for data in healthy node set. Required 3. Found 2.
2024-05-22 11:33:00,827 [grpc-default-executor-2] WARN  server.GrpcLogAppender (LogUtils.java:warn(121)) - ae2fb675-4ad2-4742-b745-16c1dba3b70f@group-F0B03FD0AD5D->538779f6-f80f-4bc7-8424-1a47a535146d-AppendLogResponseHandler: Failed appendEntries: org.apache.ratis.thirdparty.io.grpc.StatusRuntimeException: UNAVAILABLE: io exception
2024-05-22 11:33:00,954 [RatisPipelineUtilsThread-0] WARN  scm.SCMCommonPlacementPolicy (SCMCommonPlacementPolicy.java:filterNodesWithSpace(287)) - Unable to find enough nodes that meet the space requirement of 1073741824 bytes for metadata and 5368709120 bytes for data in healthy node set. Required 3. Found 2.
2024-05-22 11:33:01,183 [grpc-default-executor-2] WARN  server.GrpcLogAppender (LogUtils.java:warn(121)) - ae2fb675-4ad2-4742-b745-16c1dba3b70f@group-5008F0A1828C->538779f6-f80f-4bc7-8424-1a47a535146d-AppendLogResponseHandler: Failed appendEntries: org.apache.ratis.thirdparty.io.grpc.StatusRuntimeException: UNAVAILABLE: io exception
2024-05-22 11:33:01,455 [RatisPipelineUtilsThread-0] WARN  scm.SCMCommonPlacementPolicy (SCMCommonPlacementPolicy.java:filterNodesWithSpace(287)) - Unable to find enough nodes that meet the space requirement of 1073741824 bytes for metadata and 5368709120 bytes for data in healthy node set. Required 3. Found 2.
2024-05-22 11:33:01,777 [timer6] WARN  server.GrpcLogAppender (GrpcLogAppender.java:lambda$resetClient$1(217)) - ae2fb675-4ad2-4742-b745-16c1dba3b70f@group-5008F0A1828C->538779f6-f80f-4bc7-8424-1a47a535146d-GrpcLogAppender: Follower failed (request=null, errorCount=34); keep nextIndex (1) unchanged and retry. (Repeated 6 times in the last 5.000s)
2024-05-22 11:33:01,955 [RatisPipelineUtilsThread-0] WARN  scm.SCMCommonPlacementPolicy (SCMCommonPlacementPolicy.java:filterNodesWithSpace(287)) - Unable to find enough nodes that meet the space requirement of 1073741824 bytes for metadata and 5368709120 bytes for data in healthy node set. Required 3. Found 2.
2024-05-22 11:33:02,456 [RatisPipelineUtilsThread-0] WARN  scm.SCMCommonPlacementPolicy (SCMCommonPlacementPolicy.java:filterNodesWithSpace(287)) - Unable to find enough nodes that meet the space requirement of 1073741824 bytes for metadata and 5368709120 bytes for data in healthy node set. Required 3. Found 2.
2024-05-22 11:33:02,956 [RatisPipelineUtilsThread-0] WARN  scm.SCMCommonPlacementPolicy (SCMCommonPlacementPolicy.java:filterNodesWithSpace(287)) - Unable to find enough nodes that meet the space requirement of 1073741824 bytes for metadata and 5368709120 bytes for data in healthy node set. Required 3. Found 2.
2024-05-22 11:33:03,457 [RatisPipelineUtilsThread-0] WARN  scm.SCMCommonPlacementPolicy (SCMCommonPlacementPolicy.java:filterNodesWithSpace(287)) - Unable to find enough nodes that meet the space requirement of 1073741824 bytes for metadata and 5368709120 bytes for data in healthy node set. Required 3. Found 2.
2024-05-22 11:33:03,957 [RatisPipelineUtilsThread-0] WARN  scm.SCMCommonPlacementPolicy (SCMCommonPlacementPolicy.java:filterNodesWithSpace(287)) - Unable to find enough nodes that meet the space requirement of 1073741824 bytes for metadata and 5368709120 bytes for data in healthy node set. Required 3. Found 2.
2024-05-22 11:33:04,458 [RatisPipelineUtilsThread-0] WARN  scm.SCMCommonPlacementPolicy (SCMCommonPlacementPolicy.java:filterNodesWithSpace(287)) - Unable to find enough nodes that meet the space requirement of 1073741824 bytes for metadata and 5368709120 bytes for data in healthy node set. Required 3. Found 2.
2024-05-22 11:33:04,842 [grpc-default-executor-2] WARN  server.GrpcLogAppender (GrpcLogAppender.java:lambda$resetClient$1(217)) - ae2fb675-4ad2-4742-b745-16c1dba3b70f@group-5008F0A1828C->538779f6-f80f-4bc7-8424-1a47a535146d-GrpcLogAppender: Follower failed (request=null, errorCount=35); keep nextIndex (1) unchanged and retry.
2024-05-22 11:33:04,958 [RatisPipelineUtilsThread-0] WARN  scm.SCMCommonPlacementPolicy (SCMCommonPlacementPolicy.java:filterNodesWithSpace(287)) - Unable to find enough nodes that meet the space requirement of 1073741824 bytes for metadata and 5368709120 bytes for data in healthy node set. Required 3. Found 2.
2024-05-22 11:33:05,459 [RatisPipelineUtilsThread-0] WARN  scm.SCMCommonPlacementPolicy (SCMCommonPlacementPolicy.java:filterNodesWithSpace(287)) - Unable to find enough nodes that meet the space requirement of 1073741824 bytes for metadata and 5368709120 bytes for data in healthy node set. Required 3. Found 2.
2024-05-22 11:33:05,827 [timer7] WARN  server.GrpcLogAppender (LogUtils.java:warn(121)) - ae2fb675-4ad2-4742-b745-16c1dba3b70f@group-F0B03FD0AD5D->538779f6-f80f-4bc7-8424-1a47a535146d-AppendLogResponseHandler: Failed appendEntries (Repeated 2 times in the last 5.000s): org.apache.ratis.thirdparty.io.grpc.StatusRuntimeException: UNAVAILABLE: io exception
2024-05-22 11:33:05,959 [RatisPipelineUtilsThread-0] WARN  scm.SCMCommonPlacementPolicy (SCMCommonPlacementPolicy.java:filterNodesWithSpace(287)) - Unable to find enough nodes that meet the space requirement of 1073741824 bytes for metadata and 5368709120 bytes for data in healthy node set. Required 3. Found 2.
2024-05-22 11:33:06,174 [grpc-default-executor-0] WARN  server.GrpcLogAppender (LogUtils.java:warn(121)) - ae2fb675-4ad2-4742-b745-16c1dba3b70f@group-F0B03FD0AD5D->538779f6-f80f-4bc7-8424-1a47a535146d-AppendLogResponseHandler: Failed appendEntries: org.apache.ratis.thirdparty.io.grpc.StatusRuntimeException: UNAVAILABLE: io exception
2024-05-22 11:33:06,183 [timer1] WARN  server.GrpcLogAppender (LogUtils.java:warn(121)) - ae2fb675-4ad2-4742-b745-16c1dba3b70f@group-5008F0A1828C->538779f6-f80f-4bc7-8424-1a47a535146d-AppendLogResponseHandler: Failed appendEntries (Repeated 4 times in the last 5.000s): org.apache.ratis.thirdparty.io.grpc.StatusRuntimeException: UNAVAILABLE: io exception
2024-05-22 11:33:06,460 [RatisPipelineUtilsThread-0] WARN  scm.SCMCommonPlacementPolicy (SCMCommonPlacementPolicy.java:filterNodesWithSpace(287)) - Unable to find enough nodes that meet the space requirement of 1073741824 bytes for metadata and 5368709120 bytes for data in healthy node set. Required 3. Found 2.
2024-05-22 11:33:06,960 [RatisPipelineUtilsThread-0] WARN  scm.SCMCommonPlacementPolicy (SCMCommonPlacementPolicy.java:filterNodesWithSpace(287)) - Unable to find enough nodes that meet the space requirement of 1073741824 bytes for metadata and 5368709120 bytes for data in healthy node set. Required 3. Found 2.
2024-05-22 11:33:07,461 [RatisPipelineUtilsThread-0] WARN  scm.SCMCommonPlacementPolicy (SCMCommonPlacementPolicy.java:filterNodesWithSpace(287)) - Unable to find enough nodes that meet the space requirement of 1073741824 bytes for metadata and 5368709120 bytes for data in healthy node set. Required 3. Found 2.
2024-05-22 11:33:07,852 [grpc-default-executor-0] WARN  server.GrpcLogAppender (LogUtils.java:warn(121)) - ae2fb675-4ad2-4742-b745-16c1dba3b70f@group-5008F0A1828C->538779f6-f80f-4bc7-8424-1a47a535146d-AppendLogResponseHandler: Failed appendEntries: org.apache.ratis.thirdparty.io.grpc.StatusRuntimeException: UNAVAILABLE: io exception
2024-05-22 11:33:07,961 [RatisPipelineUtilsThread-0] WARN  scm.SCMCommonPlacementPolicy (SCMCommonPlacementPolicy.java:filterNodesWithSpace(287)) - Unable to find enough nodes that meet the space requirement of 1073741824 bytes for metadata and 5368709120 bytes for data in healthy node set. Required 3. Found 2.
2024-05-22 11:33:08,462 [RatisPipelineUtilsThread-0] WARN  scm.SCMCommonPlacementPolicy (SCMCommonPlacementPolicy.java:filterNodesWithSpace(287)) - Unable to find enough nodes that meet the space requirement of 1073741824 bytes for metadata and 5368709120 bytes for data in healthy node set. Required 3. Found 2.
2024-05-22 11:33:08,963 [RatisPipelineUtilsThread-0] WARN  scm.SCMCommonPlacementPolicy (SCMCommonPlacementPolicy.java:filterNodesWithSpace(287)) - Unable to find enough nodes that meet the space requirement of 1073741824 bytes for metadata and 5368709120 bytes for data in healthy node set. Required 3. Found 2.
2024-05-22 11:33:09,463 [RatisPipelineUtilsThread-0] WARN  scm.SCMCommonPlacementPolicy (SCMCommonPlacementPolicy.java:filterNodesWithSpace(287)) - Unable to find enough nodes that meet the space requirement of 1073741824 bytes for metadata and 5368709120 bytes for data in healthy node set. Required 3. Found 2.
2024-05-22 11:33:09,843 [timer1] WARN  server.GrpcLogAppender (GrpcLogAppender.java:lambda$resetClient$1(217)) - ae2fb675-4ad2-4742-b745-16c1dba3b70f@group-5008F0A1828C->538779f6-f80f-4bc7-8424-1a47a535146d-GrpcLogAppender: Follower failed (request=null, errorCount=38); keep nextIndex (1) unchanged and retry. (Repeated 6 times in the last 5.000s)
2024-05-22 11:33:09,964 [RatisPipelineUtilsThread-0] WARN  scm.SCMCommonPlacementPolicy (SCMCommonPlacementPolicy.java:filterNodesWithSpace(287)) - Unable to find enough nodes that meet the space requirement of 1073741824 bytes for metadata and 5368709120 bytes for data in healthy node set. Required 3. Found 2.
2024-05-22 11:33:10,049 [grpc-default-executor-0] WARN  server.GrpcLogAppender (GrpcLogAppender.java:lambda$resetClient$1(217)) - ae2fb675-4ad2-4742-b745-16c1dba3b70f@group-F0B03FD0AD5D->538779f6-f80f-4bc7-8424-1a47a535146d-GrpcLogAppender: Follower failed (request=null, errorCount=41); keep nextIndex (1) unchanged and retry.
2024-05-22 11:33:10,464 [RatisPipelineUtilsThread-0] WARN  scm.SCMCommonPlacementPolicy (SCMCommonPlacementPolicy.java:filterNodesWithSpace(287)) - Unable to find enough nodes that meet the space requirement of 1073741824 bytes for metadata and 5368709120 bytes for data in healthy node set. Required 3. Found 2.
2024-05-22 11:33:10,964 [RatisPipelineUtilsThread-0] WARN  scm.SCMCommonPlacementPolicy (SCMCommonPlacementPolicy.java:filterNodesWithSpace(287)) - Unable to find enough nodes that meet the space requirement of 1073741824 bytes for metadata and 5368709120 bytes for data in healthy node set. Required 3. Found 2.
2024-05-22 11:33:11,174 [timer2] WARN  server.GrpcLogAppender (LogUtils.java:warn(121)) - ae2fb675-4ad2-4742-b745-16c1dba3b70f@group-F0B03FD0AD5D->538779f6-f80f-4bc7-8424-1a47a535146d-AppendLogResponseHandler: Failed appendEntries (Repeated 4 times in the last 5.000s): org.apache.ratis.thirdparty.io.grpc.StatusRuntimeException: UNAVAILABLE: io exception
2024-05-22 11:33:11,465 [RatisPipelineUtilsThread-0] WARN  scm.SCMCommonPlacementPolicy (SCMCommonPlacementPolicy.java:filterNodesWithSpace(287)) - Unable to find enough nodes that meet the space requirement of 1073741824 bytes for metadata and 5368709120 bytes for data in healthy node set. Required 3. Found 2.
2024-05-22 11:33:11,791 [538779f6-f80f-4bc7-8424-1a47a535146d-BlockDeletingService#0] INFO  interfaces.ContainerDeletionChoosingPolicyTemplate (ContainerDeletionChoosingPolicyTemplate.java:chooseContainerForBlockDeletion(85)) - Chosen 0/5000 blocks from 0 candidate containers.
2024-05-22 11:33:11,880 [02a0afdf-1bea-47f6-ae97-5b8161c986a7-BlockDeletingService#0] INFO  interfaces.ContainerDeletionChoosingPolicyTemplate (ContainerDeletionChoosingPolicyTemplate.java:chooseContainerForBlockDeletion(85)) - Chosen 0/5000 blocks from 0 candidate containers.
2024-05-22 11:33:11,943 [ae2fb675-4ad2-4742-b745-16c1dba3b70f-BlockDeletingService#0] INFO  interfaces.ContainerDeletionChoosingPolicyTemplate (ContainerDeletionChoosingPolicyTemplate.java:chooseContainerForBlockDeletion(85)) - Chosen 0/5000 blocks from 0 candidate containers.
2024-05-22 11:33:11,965 [RatisPipelineUtilsThread-0] WARN  scm.SCMCommonPlacementPolicy (SCMCommonPlacementPolicy.java:filterNodesWithSpace(287)) - Unable to find enough nodes that meet the space requirement of 1073741824 bytes for metadata and 5368709120 bytes for data in healthy node set. Required 3. Found 2.
2024-05-22 11:33:12,466 [RatisPipelineUtilsThread-0] WARN  scm.SCMCommonPlacementPolicy (SCMCommonPlacementPolicy.java:filterNodesWithSpace(287)) - Unable to find enough nodes that meet the space requirement of 1073741824 bytes for metadata and 5368709120 bytes for data in healthy node set. Required 3. Found 2.
2024-05-22 11:33:12,852 [timer5] WARN  server.GrpcLogAppender (LogUtils.java:warn(121)) - ae2fb675-4ad2-4742-b745-16c1dba3b70f@group-5008F0A1828C->538779f6-f80f-4bc7-8424-1a47a535146d-AppendLogResponseHandler: Failed appendEntries (Repeated 2 times in the last 5.000s): org.apache.ratis.thirdparty.io.grpc.StatusRuntimeException: UNAVAILABLE: io exception
2024-05-22 11:33:12,966 [RatisPipelineUtilsThread-0] WARN  scm.SCMCommonPlacementPolicy (SCMCommonPlacementPolicy.java:filterNodesWithSpace(287)) - Unable to find enough nodes that meet the space requirement of 1073741824 bytes for metadata and 5368709120 bytes for data in healthy node set. Required 3. Found 2.
2024-05-22 11:33:13,467 [RatisPipelineUtilsThread-0] WARN  scm.SCMCommonPlacementPolicy (SCMCommonPlacementPolicy.java:filterNodesWithSpace(287)) - Unable to find enough nodes that meet the space requirement of 1073741824 bytes for metadata and 5368709120 bytes for data in healthy node set. Required 3. Found 2.
2024-05-22 11:33:13,902 [grpc-default-executor-2] WARN  server.GrpcLogAppender (LogUtils.java:warn(121)) - ae2fb675-4ad2-4742-b745-16c1dba3b70f@group-5008F0A1828C->538779f6-f80f-4bc7-8424-1a47a535146d-AppendLogResponseHandler: Failed appendEntries: org.apache.ratis.thirdparty.io.grpc.StatusRuntimeException: UNAVAILABLE: io exception
2024-05-22 11:33:13,967 [RatisPipelineUtilsThread-0] WARN  scm.SCMCommonPlacementPolicy (SCMCommonPlacementPolicy.java:filterNodesWithSpace(287)) - Unable to find enough nodes that meet the space requirement of 1073741824 bytes for metadata and 5368709120 bytes for data in healthy node set. Required 3. Found 2.
2024-05-22 11:33:14,468 [RatisPipelineUtilsThread-0] WARN  scm.SCMCommonPlacementPolicy (SCMCommonPlacementPolicy.java:filterNodesWithSpace(287)) - Unable to find enough nodes that meet the space requirement of 1073741824 bytes for metadata and 5368709120 bytes for data in healthy node set. Required 3. Found 2.
2024-05-22 11:33:14,968 [RatisPipelineUtilsThread-0] WARN  scm.SCMCommonPlacementPolicy (SCMCommonPlacementPolicy.java:filterNodesWithSpace(287)) - Unable to find enough nodes that meet the space requirement of 1073741824 bytes for metadata and 5368709120 bytes for data in healthy node set. Required 3. Found 2.
2024-05-22 11:33:15,049 [timer0] WARN  server.GrpcLogAppender (GrpcLogAppender.java:lambda$resetClient$1(217)) - ae2fb675-4ad2-4742-b745-16c1dba3b70f@group-5008F0A1828C->538779f6-f80f-4bc7-8424-1a47a535146d-GrpcLogAppender: Follower failed (request=null, errorCount=40); keep nextIndex (1) unchanged and retry. (Repeated 4 times in the last 5.001s)
2024-05-22 11:33:15,469 [RatisPipelineUtilsThread-0] WARN  scm.SCMCommonPlacementPolicy (SCMCommonPlacementPolicy.java:filterNodesWithSpace(287)) - Unable to find enough nodes that meet the space requirement of 1073741824 bytes for metadata and 5368709120 bytes for data in healthy node set. Required 3. Found 2.
2024-05-22 11:33:15,969 [RatisPipelineUtilsThread-0] WARN  scm.SCMCommonPlacementPolicy (SCMCommonPlacementPolicy.java:filterNodesWithSpace(287)) - Unable to find enough nodes that meet the space requirement of 1073741824 bytes for metadata and 5368709120 bytes for data in healthy node set. Required 3. Found 2.
2024-05-22 11:33:16,470 [RatisPipelineUtilsThread-0] WARN  scm.SCMCommonPlacementPolicy (SCMCommonPlacementPolicy.java:filterNodesWithSpace(287)) - Unable to find enough nodes that meet the space requirement of 1073741824 bytes for metadata and 5368709120 bytes for data in healthy node set. Required 3. Found 2.
2024-05-22 11:33:16,669 [grpc-default-executor-2] WARN  server.GrpcLogAppender (LogUtils.java:warn(121)) - ae2fb675-4ad2-4742-b745-16c1dba3b70f@group-F0B03FD0AD5D->538779f6-f80f-4bc7-8424-1a47a535146d-AppendLogResponseHandler: Failed appendEntries: org.apache.ratis.thirdparty.io.grpc.StatusRuntimeException: UNAVAILABLE: io exception
2024-05-22 11:33:16,669 [grpc-default-executor-0] WARN  server.GrpcLogAppender (GrpcLogAppender.java:lambda$resetClient$1(217)) - ae2fb675-4ad2-4742-b745-16c1dba3b70f@group-F0B03FD0AD5D->538779f6-f80f-4bc7-8424-1a47a535146d-GrpcLogAppender: Follower failed (request=null, errorCount=43); keep nextIndex (1) unchanged and retry.
2024-05-22 11:33:16,970 [RatisPipelineUtilsThread-0] WARN  scm.SCMCommonPlacementPolicy (SCMCommonPlacementPolicy.java:filterNodesWithSpace(287)) - Unable to find enough nodes that meet the space requirement of 1073741824 bytes for metadata and 5368709120 bytes for data in healthy node set. Required 3. Found 2.
2024-05-22 11:33:17,471 [RatisPipelineUtilsThread-0] WARN  scm.SCMCommonPlacementPolicy (SCMCommonPlacementPolicy.java:filterNodesWithSpace(287)) - Unable to find enough nodes that meet the space requirement of 1073741824 bytes for metadata and 5368709120 bytes for data in healthy node set. Required 3. Found 2.
2024-05-22 11:33:17,971 [RatisPipelineUtilsThread-0] WARN  scm.SCMCommonPlacementPolicy (SCMCommonPlacementPolicy.java:filterNodesWithSpace(287)) - Unable to find enough nodes that meet the space requirement of 1073741824 bytes for metadata and 5368709120 bytes for data in healthy node set. Required 3. Found 2.
2024-05-22 11:33:18,472 [RatisPipelineUtilsThread-0] WARN  scm.SCMCommonPlacementPolicy (SCMCommonPlacementPolicy.java:filterNodesWithSpace(287)) - Unable to find enough nodes that meet the space requirement of 1073741824 bytes for metadata and 5368709120 bytes for data in healthy node set. Required 3. Found 2.
2024-05-22 11:33:18,903 [timer2] WARN  server.GrpcLogAppender (LogUtils.java:warn(121)) - ae2fb675-4ad2-4742-b745-16c1dba3b70f@group-5008F0A1828C->538779f6-f80f-4bc7-8424-1a47a535146d-AppendLogResponseHandler: Failed appendEntries (Repeated 4 times in the last 5.000s): org.apache.ratis.thirdparty.io.grpc.StatusRuntimeException: UNAVAILABLE: io exception
2024-05-22 11:33:18,972 [RatisPipelineUtilsThread-0] WARN  scm.SCMCommonPlacementPolicy (SCMCommonPlacementPolicy.java:filterNodesWithSpace(287)) - Unable to find enough nodes that meet the space requirement of 1073741824 bytes for metadata and 5368709120 bytes for data in healthy node set. Required 3. Found 2.
2024-05-22 11:33:19,473 [RatisPipelineUtilsThread-0] WARN  scm.SCMCommonPlacementPolicy (SCMCommonPlacementPolicy.java:filterNodesWithSpace(287)) - Unable to find enough nodes that meet the space requirement of 1073741824 bytes for metadata and 5368709120 bytes for data in healthy node set. Required 3. Found 2.
2024-05-22 11:33:19,973 [RatisPipelineUtilsThread-0] WARN  scm.SCMCommonPlacementPolicy (SCMCommonPlacementPolicy.java:filterNodesWithSpace(287)) - Unable to find enough nodes that meet the space requirement of 1073741824 bytes for metadata and 5368709120 bytes for data in healthy node set. Required 3. Found 2.
2024-05-22 11:33:20,473 [RatisPipelineUtilsThread-0] WARN  scm.SCMCommonPlacementPolicy (SCMCommonPlacementPolicy.java:filterNodesWithSpace(287)) - Unable to find enough nodes that meet the space requirement of 1073741824 bytes for metadata and 5368709120 bytes for data in healthy node set. Required 3. Found 2.
2024-05-22 11:33:20,974 [RatisPipelineUtilsThread-0] WARN  scm.SCMCommonPlacementPolicy (SCMCommonPlacementPolicy.java:filterNodesWithSpace(287)) - Unable to find enough nodes that meet the space requirement of 1073741824 bytes for metadata and 5368709120 bytes for data in healthy node set. Required 3. Found 2.
2024-05-22 11:33:21,474 [RatisPipelineUtilsThread-0] WARN  scm.SCMCommonPlacementPolicy (SCMCommonPlacementPolicy.java:filterNodesWithSpace(287)) - Unable to find enough nodes that meet the space requirement of 1073741824 bytes for metadata and 5368709120 bytes for data in healthy node set. Required 3. Found 2.
2024-05-22 11:33:21,669 [timer5] WARN  server.GrpcLogAppender (LogUtils.java:warn(121)) - ae2fb675-4ad2-4742-b745-16c1dba3b70f@group-F0B03FD0AD5D->538779f6-f80f-4bc7-8424-1a47a535146d-AppendLogResponseHandler: Failed appendEntries (Repeated 4 times in the last 5.000s): org.apache.ratis.thirdparty.io.grpc.StatusRuntimeException: UNAVAILABLE: io exception
2024-05-22 11:33:21,669 [timer6] WARN  server.GrpcLogAppender (GrpcLogAppender.java:lambda$resetClient$1(217)) - ae2fb675-4ad2-4742-b745-16c1dba3b70f@group-F0B03FD0AD5D->538779f6-f80f-4bc7-8424-1a47a535146d-GrpcLogAppender: Follower failed (request=null, errorCount=46); keep nextIndex (1) unchanged and retry. (Repeated 6 times in the last 5.000s)
2024-05-22 11:33:21,975 [RatisPipelineUtilsThread-0] WARN  scm.SCMCommonPlacementPolicy (SCMCommonPlacementPolicy.java:filterNodesWithSpace(287)) - Unable to find enough nodes that meet the space requirement of 1073741824 bytes for metadata and 5368709120 bytes for data in healthy node set. Required 3. Found 2.
2024-05-22 11:33:22,475 [RatisPipelineUtilsThread-0] WARN  scm.SCMCommonPlacementPolicy (SCMCommonPlacementPolicy.java:filterNodesWithSpace(287)) - Unable to find enough nodes that meet the space requirement of 1073741824 bytes for metadata and 5368709120 bytes for data in healthy node set. Required 3. Found 2.
2024-05-22 11:33:22,976 [RatisPipelineUtilsThread-0] WARN  scm.SCMCommonPlacementPolicy (SCMCommonPlacementPolicy.java:filterNodesWithSpace(287)) - Unable to find enough nodes that meet the space requirement of 1073741824 bytes for metadata and 5368709120 bytes for data in healthy node set. Required 3. Found 2.
2024-05-22 11:33:23,476 [RatisPipelineUtilsThread-0] WARN  scm.SCMCommonPlacementPolicy (SCMCommonPlacementPolicy.java:filterNodesWithSpace(287)) - Unable to find enough nodes that meet the space requirement of 1073741824 bytes for metadata and 5368709120 bytes for data in healthy node set. Required 3. Found 2.
2024-05-22 11:33:23,977 [RatisPipelineUtilsThread-0] WARN  scm.SCMCommonPlacementPolicy (SCMCommonPlacementPolicy.java:filterNodesWithSpace(287)) - Unable to find enough nodes that meet the space requirement of 1073741824 bytes for metadata and 5368709120 bytes for data in healthy node set. Required 3. Found 2.
2024-05-22 11:33:24,477 [RatisPipelineUtilsThread-0] WARN  scm.SCMCommonPlacementPolicy (SCMCommonPlacementPolicy.java:filterNodesWithSpace(287)) - Unable to find enough nodes that meet the space requirement of 1073741824 bytes for metadata and 5368709120 bytes for data in healthy node set. Required 3. Found 2.
2024-05-22 11:33:24,978 [RatisPipelineUtilsThread-0] WARN  scm.SCMCommonPlacementPolicy (SCMCommonPlacementPolicy.java:filterNodesWithSpace(287)) - Unable to find enough nodes that meet the space requirement of 1073741824 bytes for metadata and 5368709120 bytes for data in healthy node set. Required 3. Found 2.
2024-05-22 11:33:25,377 [grpc-default-executor-2] WARN  server.GrpcLogAppender (LogUtils.java:warn(121)) - ae2fb675-4ad2-4742-b745-16c1dba3b70f@group-5008F0A1828C->538779f6-f80f-4bc7-8424-1a47a535146d-AppendLogResponseHandler: Failed appendEntries: org.apache.ratis.thirdparty.io.grpc.StatusRuntimeException: UNAVAILABLE: io exception
2024-05-22 11:33:25,378 [grpc-default-executor-0] WARN  server.GrpcLogAppender (GrpcLogAppender.java:lambda$resetClient$1(217)) - ae2fb675-4ad2-4742-b745-16c1dba3b70f@group-5008F0A1828C->538779f6-f80f-4bc7-8424-1a47a535146d-GrpcLogAppender: Follower failed (request=null, errorCount=43); keep nextIndex (1) unchanged and retry.
2024-05-22 11:33:25,478 [RatisPipelineUtilsThread-0] WARN  scm.SCMCommonPlacementPolicy (SCMCommonPlacementPolicy.java:filterNodesWithSpace(287)) - Unable to find enough nodes that meet the space requirement of 1073741824 bytes for metadata and 5368709120 bytes for data in healthy node set. Required 3. Found 2.
2024-05-22 11:33:25,979 [RatisPipelineUtilsThread-0] WARN  scm.SCMCommonPlacementPolicy (SCMCommonPlacementPolicy.java:filterNodesWithSpace(287)) - Unable to find enough nodes that meet the space requirement of 1073741824 bytes for metadata and 5368709120 bytes for data in healthy node set. Required 3. Found 2.
2024-05-22 11:33:26,112 [grpc-default-executor-2] WARN  server.GrpcLogAppender (LogUtils.java:warn(121)) - ae2fb675-4ad2-4742-b745-16c1dba3b70f@group-F0B03FD0AD5D->538779f6-f80f-4bc7-8424-1a47a535146d-AppendLogResponseHandler: Failed appendEntries: org.apache.ratis.thirdparty.io.grpc.StatusRuntimeException: UNAVAILABLE: io exception
2024-05-22 11:33:26,479 [RatisPipelineUtilsThread-0] WARN  scm.SCMCommonPlacementPolicy (SCMCommonPlacementPolicy.java:filterNodesWithSpace(287)) - Unable to find enough nodes that meet the space requirement of 1073741824 bytes for metadata and 5368709120 bytes for data in healthy node set. Required 3. Found 2.
2024-05-22 11:33:26,979 [RatisPipelineUtilsThread-0] WARN  scm.SCMCommonPlacementPolicy (SCMCommonPlacementPolicy.java:filterNodesWithSpace(287)) - Unable to find enough nodes that meet the space requirement of 1073741824 bytes for metadata and 5368709120 bytes for data in healthy node set. Required 3. Found 2.
2024-05-22 11:33:27,480 [RatisPipelineUtilsThread-0] WARN  scm.SCMCommonPlacementPolicy (SCMCommonPlacementPolicy.java:filterNodesWithSpace(287)) - Unable to find enough nodes that meet the space requirement of 1073741824 bytes for metadata and 5368709120 bytes for data in healthy node set. Required 3. Found 2.
2024-05-22 11:33:27,980 [RatisPipelineUtilsThread-0] WARN  scm.SCMCommonPlacementPolicy (SCMCommonPlacementPolicy.java:filterNodesWithSpace(287)) - Unable to find enough nodes that meet the space requirement of 1073741824 bytes for metadata and 5368709120 bytes for data in healthy node set. Required 3. Found 2.
2024-05-22 11:33:28,481 [RatisPipelineUtilsThread-0] WARN  scm.SCMCommonPlacementPolicy (SCMCommonPlacementPolicy.java:filterNodesWithSpace(287)) - Unable to find enough nodes that meet the space requirement of 1073741824 bytes for metadata and 5368709120 bytes for data in healthy node set. Required 3. Found 2.
2024-05-22 11:33:28,981 [RatisPipelineUtilsThread-0] WARN  scm.SCMCommonPlacementPolicy (SCMCommonPlacementPolicy.java:filterNodesWithSpace(287)) - Unable to find enough nodes that meet the space requirement of 1073741824 bytes for metadata and 5368709120 bytes for data in healthy node set. Required 3. Found 2.
2024-05-22 11:33:29,482 [RatisPipelineUtilsThread-0] WARN  scm.SCMCommonPlacementPolicy (SCMCommonPlacementPolicy.java:filterNodesWithSpace(287)) - Unable to find enough nodes that meet the space requirement of 1073741824 bytes for metadata and 5368709120 bytes for data in healthy node set. Required 3. Found 2.
2024-05-22 11:33:29,982 [RatisPipelineUtilsThread-0] WARN  scm.SCMCommonPlacementPolicy (SCMCommonPlacementPolicy.java:filterNodesWithSpace(287)) - Unable to find enough nodes that meet the space requirement of 1073741824 bytes for metadata and 5368709120 bytes for data in healthy node set. Required 3. Found 2.
2024-05-22 11:33:30,378 [timer1] WARN  server.GrpcLogAppender (LogUtils.java:warn(121)) - ae2fb675-4ad2-4742-b745-16c1dba3b70f@group-5008F0A1828C->538779f6-f80f-4bc7-8424-1a47a535146d-AppendLogResponseHandler: Failed appendEntries (Repeated 4 times in the last 5.000s): org.apache.ratis.thirdparty.io.grpc.StatusRuntimeException: UNAVAILABLE: io exception
2024-05-22 11:33:30,378 [timer2] WARN  server.GrpcLogAppender (GrpcLogAppender.java:lambda$resetClient$1(217)) - ae2fb675-4ad2-4742-b745-16c1dba3b70f@group-5008F0A1828C->538779f6-f80f-4bc7-8424-1a47a535146d-GrpcLogAppender: Follower failed (request=null, errorCount=46); keep nextIndex (1) unchanged and retry. (Repeated 6 times in the last 5.000s)
2024-05-22 11:33:30,483 [RatisPipelineUtilsThread-0] WARN  scm.SCMCommonPlacementPolicy (SCMCommonPlacementPolicy.java:filterNodesWithSpace(287)) - Unable to find enough nodes that meet the space requirement of 1073741824 bytes for metadata and 5368709120 bytes for data in healthy node set. Required 3. Found 2.
2024-05-22 11:33:30,983 [RatisPipelineUtilsThread-0] WARN  scm.SCMCommonPlacementPolicy (SCMCommonPlacementPolicy.java:filterNodesWithSpace(287)) - Unable to find enough nodes that meet the space requirement of 1073741824 bytes for metadata and 5368709120 bytes for data in healthy node set. Required 3. Found 2.
2024-05-22 11:33:31,112 [timer3] WARN  server.GrpcLogAppender (LogUtils.java:warn(121)) - ae2fb675-4ad2-4742-b745-16c1dba3b70f@group-F0B03FD0AD5D->538779f6-f80f-4bc7-8424-1a47a535146d-AppendLogResponseHandler: Failed appendEntries (Repeated 2 times in the last 5.001s): org.apache.ratis.thirdparty.io.grpc.StatusRuntimeException: UNAVAILABLE: io exception
2024-05-22 11:33:31,484 [RatisPipelineUtilsThread-0] WARN  scm.SCMCommonPlacementPolicy (SCMCommonPlacementPolicy.java:filterNodesWithSpace(287)) - Unable to find enough nodes that meet the space requirement of 1073741824 bytes for metadata and 5368709120 bytes for data in healthy node set. Required 3. Found 2.
2024-05-22 11:33:31,984 [RatisPipelineUtilsThread-0] WARN  scm.SCMCommonPlacementPolicy (SCMCommonPlacementPolicy.java:filterNodesWithSpace(287)) - Unable to find enough nodes that meet the space requirement of 1073741824 bytes for metadata and 5368709120 bytes for data in healthy node set. Required 3. Found 2.
2024-05-22 11:33:32,485 [RatisPipelineUtilsThread-0] WARN  scm.SCMCommonPlacementPolicy (SCMCommonPlacementPolicy.java:filterNodesWithSpace(287)) - Unable to find enough nodes that meet the space requirement of 1073741824 bytes for metadata and 5368709120 bytes for data in healthy node set. Required 3. Found 2.
2024-05-22 11:33:32,606 [grpc-default-executor-0] WARN  server.GrpcLogAppender (LogUtils.java:warn(121)) - ae2fb675-4ad2-4742-b745-16c1dba3b70f@group-5008F0A1828C->538779f6-f80f-4bc7-8424-1a47a535146d-AppendLogResponseHandler: Failed appendEntries: org.apache.ratis.thirdparty.io.grpc.StatusRuntimeException: UNAVAILABLE: io exception
2024-05-22 11:33:32,607 [grpc-default-executor-2] WARN  server.GrpcLogAppender (GrpcLogAppender.java:lambda$resetClient$1(217)) - ae2fb675-4ad2-4742-b745-16c1dba3b70f@group-5008F0A1828C->538779f6-f80f-4bc7-8424-1a47a535146d-GrpcLogAppender: Follower failed (request=null, errorCount=47); keep nextIndex (1) unchanged and retry.
2024-05-22 11:33:32,985 [RatisPipelineUtilsThread-0] WARN  scm.SCMCommonPlacementPolicy (SCMCommonPlacementPolicy.java:filterNodesWithSpace(287)) - Unable to find enough nodes that meet the space requirement of 1073741824 bytes for metadata and 5368709120 bytes for data in healthy node set. Required 3. Found 2.
2024-05-22 11:33:33,220 [grpc-default-executor-0] WARN  server.GrpcLogAppender (LogUtils.java:warn(121)) - ae2fb675-4ad2-4742-b745-16c1dba3b70f@group-F0B03FD0AD5D->538779f6-f80f-4bc7-8424-1a47a535146d-AppendLogResponseHandler: Failed appendEntries: org.apache.ratis.thirdparty.io.grpc.StatusRuntimeException: UNAVAILABLE: io exception
2024-05-22 11:33:33,486 [RatisPipelineUtilsThread-0] WARN  scm.SCMCommonPlacementPolicy (SCMCommonPlacementPolicy.java:filterNodesWithSpace(287)) - Unable to find enough nodes that meet the space requirement of 1073741824 bytes for metadata and 5368709120 bytes for data in healthy node set. Required 3. Found 2.
2024-05-22 11:33:33,986 [RatisPipelineUtilsThread-0] WARN  scm.SCMCommonPlacementPolicy (SCMCommonPlacementPolicy.java:filterNodesWithSpace(287)) - Unable to find enough nodes that meet the space requirement of 1073741824 bytes for metadata and 5368709120 bytes for data in healthy node set. Required 3. Found 2.
2024-05-22 11:33:34,487 [RatisPipelineUtilsThread-0] WARN  scm.SCMCommonPlacementPolicy (SCMCommonPlacementPolicy.java:filterNodesWithSpace(287)) - Unable to find enough nodes that meet the space requirement of 1073741824 bytes for metadata and 5368709120 bytes for data in healthy node set. Required 3. Found 2.
2024-05-22 11:33:34,987 [RatisPipelineUtilsThread-0] WARN  scm.SCMCommonPlacementPolicy (SCMCommonPlacementPolicy.java:filterNodesWithSpace(287)) - Unable to find enough nodes that meet the space requirement of 1073741824 bytes for metadata and 5368709120 bytes for data in healthy node set. Required 3. Found 2.
2024-05-22 11:33:35,488 [RatisPipelineUtilsThread-0] WARN  scm.SCMCommonPlacementPolicy (SCMCommonPlacementPolicy.java:filterNodesWithSpace(287)) - Unable to find enough nodes that meet the space requirement of 1073741824 bytes for metadata and 5368709120 bytes for data in healthy node set. Required 3. Found 2.
2024-05-22 11:33:35,988 [RatisPipelineUtilsThread-0] WARN  scm.SCMCommonPlacementPolicy (SCMCommonPlacementPolicy.java:filterNodesWithSpace(287)) - Unable to find enough nodes that meet the space requirement of 1073741824 bytes for metadata and 5368709120 bytes for data in healthy node set. Required 3. Found 2.
2024-05-22 11:33:36,489 [RatisPipelineUtilsThread-0] WARN  scm.SCMCommonPlacementPolicy (SCMCommonPlacementPolicy.java:filterNodesWithSpace(287)) - Unable to find enough nodes that meet the space requirement of 1073741824 bytes for metadata and 5368709120 bytes for data in healthy node set. Required 3. Found 2.
2024-05-22 11:33:36,989 [RatisPipelineUtilsThread-0] WARN  scm.SCMCommonPlacementPolicy (SCMCommonPlacementPolicy.java:filterNodesWithSpace(287)) - Unable to find enough nodes that meet the space requirement of 1073741824 bytes for metadata and 5368709120 bytes for data in healthy node set. Required 3. Found 2.
2024-05-22 11:33:37,490 [RatisPipelineUtilsThread-0] WARN  scm.SCMCommonPlacementPolicy (SCMCommonPlacementPolicy.java:filterNodesWithSpace(287)) - Unable to find enough nodes that meet the space requirement of 1073741824 bytes for metadata and 5368709120 bytes for data in healthy node set. Required 3. Found 2.
2024-05-22 11:33:37,606 [timer6] WARN  server.GrpcLogAppender (LogUtils.java:warn(121)) - ae2fb675-4ad2-4742-b745-16c1dba3b70f@group-5008F0A1828C->538779f6-f80f-4bc7-8424-1a47a535146d-AppendLogResponseHandler: Failed appendEntries (Repeated 4 times in the last 5.000s): org.apache.ratis.thirdparty.io.grpc.StatusRuntimeException: UNAVAILABLE: io exception
2024-05-22 11:33:37,607 [timer7] WARN  server.GrpcLogAppender (GrpcLogAppender.java:lambda$resetClient$1(217)) - ae2fb675-4ad2-4742-b745-16c1dba3b70f@group-5008F0A1828C->538779f6-f80f-4bc7-8424-1a47a535146d-GrpcLogAppender: Follower failed (request=null, errorCount=50); keep nextIndex (1) unchanged and retry. (Repeated 8 times in the last 5.000s)
2024-05-22 11:33:37,990 [RatisPipelineUtilsThread-0] WARN  scm.SCMCommonPlacementPolicy (SCMCommonPlacementPolicy.java:filterNodesWithSpace(287)) - Unable to find enough nodes that meet the space requirement of 1073741824 bytes for metadata and 5368709120 bytes for data in healthy node set. Required 3. Found 2.
2024-05-22 11:33:38,220 [timer1] WARN  server.GrpcLogAppender (LogUtils.java:warn(121)) - ae2fb675-4ad2-4742-b745-16c1dba3b70f@group-F0B03FD0AD5D->538779f6-f80f-4bc7-8424-1a47a535146d-AppendLogResponseHandler: Failed appendEntries (Repeated 4 times in the last 5.000s): org.apache.ratis.thirdparty.io.grpc.StatusRuntimeException: UNAVAILABLE: io exception
2024-05-22 11:33:38,491 [RatisPipelineUtilsThread-0] WARN  scm.SCMCommonPlacementPolicy (SCMCommonPlacementPolicy.java:filterNodesWithSpace(287)) - Unable to find enough nodes that meet the space requirement of 1073741824 bytes for metadata and 5368709120 bytes for data in healthy node set. Required 3. Found 2.
2024-05-22 11:33:38,991 [RatisPipelineUtilsThread-0] WARN  scm.SCMCommonPlacementPolicy (SCMCommonPlacementPolicy.java:filterNodesWithSpace(287)) - Unable to find enough nodes that meet the space requirement of 1073741824 bytes for metadata and 5368709120 bytes for data in healthy node set. Required 3. Found 2.
2024-05-22 11:33:39,491 [RatisPipelineUtilsThread-0] WARN  scm.SCMCommonPlacementPolicy (SCMCommonPlacementPolicy.java:filterNodesWithSpace(287)) - Unable to find enough nodes that meet the space requirement of 1073741824 bytes for metadata and 5368709120 bytes for data in healthy node set. Required 3. Found 2.
2024-05-22 11:33:39,992 [RatisPipelineUtilsThread-0] WARN  scm.SCMCommonPlacementPolicy (SCMCommonPlacementPolicy.java:filterNodesWithSpace(287)) - Unable to find enough nodes that meet the space requirement of 1073741824 bytes for metadata and 5368709120 bytes for data in healthy node set. Required 3. Found 2.
2024-05-22 11:33:40,492 [RatisPipelineUtilsThread-0] WARN  scm.SCMCommonPlacementPolicy (SCMCommonPlacementPolicy.java:filterNodesWithSpace(287)) - Unable to find enough nodes that meet the space requirement of 1073741824 bytes for metadata and 5368709120 bytes for data in healthy node set. Required 3. Found 2.
2024-05-22 11:33:40,702 [grpc-default-executor-0] WARN  server.GrpcLogAppender (LogUtils.java:warn(121)) - ae2fb675-4ad2-4742-b745-16c1dba3b70f@group-5008F0A1828C->538779f6-f80f-4bc7-8424-1a47a535146d-AppendLogResponseHandler: Failed appendEntries: org.apache.ratis.thirdparty.io.grpc.StatusRuntimeException: UNAVAILABLE: io exception
2024-05-22 11:33:40,702 [grpc-default-executor-2] WARN  server.GrpcLogAppender (GrpcLogAppender.java:lambda$resetClient$1(217)) - ae2fb675-4ad2-4742-b745-16c1dba3b70f@group-5008F0A1828C->538779f6-f80f-4bc7-8424-1a47a535146d-GrpcLogAppender: Follower failed (request=null, errorCount=51); keep nextIndex (1) unchanged and retry.
2024-05-22 11:33:40,899 [grpc-default-executor-0] WARN  server.GrpcLogAppender (LogUtils.java:warn(121)) - ae2fb675-4ad2-4742-b745-16c1dba3b70f@group-F0B03FD0AD5D->538779f6-f80f-4bc7-8424-1a47a535146d-AppendLogResponseHandler: Failed appendEntries: org.apache.ratis.thirdparty.io.grpc.StatusRuntimeException: UNAVAILABLE: io exception
2024-05-22 11:33:40,993 [RatisPipelineUtilsThread-0] WARN  scm.SCMCommonPlacementPolicy (SCMCommonPlacementPolicy.java:filterNodesWithSpace(287)) - Unable to find enough nodes that meet the space requirement of 1073741824 bytes for metadata and 5368709120 bytes for data in healthy node set. Required 3. Found 2.
2024-05-22 11:33:41,493 [RatisPipelineUtilsThread-0] WARN  scm.SCMCommonPlacementPolicy (SCMCommonPlacementPolicy.java:filterNodesWithSpace(287)) - Unable to find enough nodes that meet the space requirement of 1073741824 bytes for metadata and 5368709120 bytes for data in healthy node set. Required 3. Found 2.
2024-05-22 11:33:41,994 [RatisPipelineUtilsThread-0] WARN  scm.SCMCommonPlacementPolicy (SCMCommonPlacementPolicy.java:filterNodesWithSpace(287)) - Unable to find enough nodes that meet the space requirement of 1073741824 bytes for metadata and 5368709120 bytes for data in healthy node set. Required 3. Found 2.
2024-05-22 11:33:42,494 [RatisPipelineUtilsThread-0] WARN  scm.SCMCommonPlacementPolicy (SCMCommonPlacementPolicy.java:filterNodesWithSpace(287)) - Unable to find enough nodes that meet the space requirement of 1073741824 bytes for metadata and 5368709120 bytes for data in healthy node set. Required 3. Found 2.
2024-05-22 11:33:42,995 [RatisPipelineUtilsThread-0] WARN  scm.SCMCommonPlacementPolicy (SCMCommonPlacementPolicy.java:filterNodesWithSpace(287)) - Unable to find enough nodes that meet the space requirement of 1073741824 bytes for metadata and 5368709120 bytes for data in healthy node set. Required 3. Found 2.
2024-05-22 11:33:43,495 [RatisPipelineUtilsThread-0] WARN  scm.SCMCommonPlacementPolicy (SCMCommonPlacementPolicy.java:filterNodesWithSpace(287)) - Unable to find enough nodes that meet the space requirement of 1073741824 bytes for metadata and 5368709120 bytes for data in healthy node set. Required 3. Found 2.
2024-05-22 11:33:43,996 [RatisPipelineUtilsThread-0] WARN  scm.SCMCommonPlacementPolicy (SCMCommonPlacementPolicy.java:filterNodesWithSpace(287)) - Unable to find enough nodes that meet the space requirement of 1073741824 bytes for metadata and 5368709120 bytes for data in healthy node set. Required 3. Found 2.
2024-05-22 11:33:44,496 [RatisPipelineUtilsThread-0] WARN  scm.SCMCommonPlacementPolicy (SCMCommonPlacementPolicy.java:filterNodesWithSpace(287)) - Unable to find enough nodes that meet the space requirement of 1073741824 bytes for metadata and 5368709120 bytes for data in healthy node set. Required 3. Found 2.
2024-05-22 11:33:44,996 [RatisPipelineUtilsThread-0] WARN  scm.SCMCommonPlacementPolicy (SCMCommonPlacementPolicy.java:filterNodesWithSpace(287)) - Unable to find enough nodes that meet the space requirement of 1073741824 bytes for metadata and 5368709120 bytes for data in healthy node set. Required 3. Found 2.
2024-05-22 11:33:45,497 [RatisPipelineUtilsThread-0] WARN  scm.SCMCommonPlacementPolicy (SCMCommonPlacementPolicy.java:filterNodesWithSpace(287)) - Unable to find enough nodes that meet the space requirement of 1073741824 bytes for metadata and 5368709120 bytes for data in healthy node set. Required 3. Found 2.
2024-05-22 11:33:45,703 [timer2] WARN  server.GrpcLogAppender (GrpcLogAppender.java:lambda$resetClient$1(217)) - ae2fb675-4ad2-4742-b745-16c1dba3b70f@group-5008F0A1828C->538779f6-f80f-4bc7-8424-1a47a535146d-GrpcLogAppender: Follower failed (request=null, errorCount=54); keep nextIndex (1) unchanged and retry. (Repeated 6 times in the last 5.000s)
2024-05-22 11:33:45,703 [timer1] WARN  server.GrpcLogAppender (LogUtils.java:warn(121)) - ae2fb675-4ad2-4742-b745-16c1dba3b70f@group-5008F0A1828C->538779f6-f80f-4bc7-8424-1a47a535146d-AppendLogResponseHandler: Failed appendEntries (Repeated 4 times in the last 5.001s): org.apache.ratis.thirdparty.io.grpc.StatusRuntimeException: UNAVAILABLE: io exception
2024-05-22 11:33:45,900 [timer3] WARN  server.GrpcLogAppender (LogUtils.java:warn(121)) - ae2fb675-4ad2-4742-b745-16c1dba3b70f@group-F0B03FD0AD5D->538779f6-f80f-4bc7-8424-1a47a535146d-AppendLogResponseHandler: Failed appendEntries (Repeated 2 times in the last 5.001s): org.apache.ratis.thirdparty.io.grpc.StatusRuntimeException: UNAVAILABLE: io exception
2024-05-22 11:33:45,998 [RatisPipelineUtilsThread-0] WARN  scm.SCMCommonPlacementPolicy (SCMCommonPlacementPolicy.java:filterNodesWithSpace(287)) - Unable to find enough nodes that meet the space requirement of 1073741824 bytes for metadata and 5368709120 bytes for data in healthy node set. Required 3. Found 2.
2024-05-22 11:33:46,498 [RatisPipelineUtilsThread-0] WARN  scm.SCMCommonPlacementPolicy (SCMCommonPlacementPolicy.java:filterNodesWithSpace(287)) - Unable to find enough nodes that meet the space requirement of 1073741824 bytes for metadata and 5368709120 bytes for data in healthy node set. Required 3. Found 2.
2024-05-22 11:33:46,999 [RatisPipelineUtilsThread-0] WARN  scm.SCMCommonPlacementPolicy (SCMCommonPlacementPolicy.java:filterNodesWithSpace(287)) - Unable to find enough nodes that meet the space requirement of 1073741824 bytes for metadata and 5368709120 bytes for data in healthy node set. Required 3. Found 2.
2024-05-22 11:33:47,460 [grpc-default-executor-0] WARN  server.GrpcLogAppender (LogUtils.java:warn(121)) - ae2fb675-4ad2-4742-b745-16c1dba3b70f@group-F0B03FD0AD5D->538779f6-f80f-4bc7-8424-1a47a535146d-AppendLogResponseHandler: Failed appendEntries: org.apache.ratis.thirdparty.io.grpc.StatusRuntimeException: UNAVAILABLE: io exception
2024-05-22 11:33:47,461 [grpc-default-executor-2] WARN  server.GrpcLogAppender (GrpcLogAppender.java:lambda$resetClient$1(217)) - ae2fb675-4ad2-4742-b745-16c1dba3b70f@group-F0B03FD0AD5D->538779f6-f80f-4bc7-8424-1a47a535146d-GrpcLogAppender: Follower failed (request=null, errorCount=55); keep nextIndex (1) unchanged and retry.
2024-05-22 11:33:47,499 [RatisPipelineUtilsThread-0] WARN  scm.SCMCommonPlacementPolicy (SCMCommonPlacementPolicy.java:filterNodesWithSpace(287)) - Unable to find enough nodes that meet the space requirement of 1073741824 bytes for metadata and 5368709120 bytes for data in healthy node set. Required 3. Found 2.
2024-05-22 11:33:47,999 [RatisPipelineUtilsThread-0] WARN  scm.SCMCommonPlacementPolicy (SCMCommonPlacementPolicy.java:filterNodesWithSpace(287)) - Unable to find enough nodes that meet the space requirement of 1073741824 bytes for metadata and 5368709120 bytes for data in healthy node set. Required 3. Found 2.
2024-05-22 11:33:48,500 [RatisPipelineUtilsThread-0] WARN  scm.SCMCommonPlacementPolicy (SCMCommonPlacementPolicy.java:filterNodesWithSpace(287)) - Unable to find enough nodes that meet the space requirement of 1073741824 bytes for metadata and 5368709120 bytes for data in healthy node set. Required 3. Found 2.
2024-05-22 11:33:49,000 [RatisPipelineUtilsThread-0] WARN  scm.SCMCommonPlacementPolicy (SCMCommonPlacementPolicy.java:filterNodesWithSpace(287)) - Unable to find enough nodes that meet the space requirement of 1073741824 bytes for metadata and 5368709120 bytes for data in healthy node set. Required 3. Found 2.
2024-05-22 11:33:49,501 [RatisPipelineUtilsThread-0] WARN  scm.SCMCommonPlacementPolicy (SCMCommonPlacementPolicy.java:filterNodesWithSpace(287)) - Unable to find enough nodes that meet the space requirement of 1073741824 bytes for metadata and 5368709120 bytes for data in healthy node set. Required 3. Found 2.
2024-05-22 11:33:50,001 [RatisPipelineUtilsThread-0] WARN  scm.SCMCommonPlacementPolicy (SCMCommonPlacementPolicy.java:filterNodesWithSpace(287)) - Unable to find enough nodes that meet the space requirement of 1073741824 bytes for metadata and 5368709120 bytes for data in healthy node set. Required 3. Found 2.
2024-05-22 11:33:50,502 [RatisPipelineUtilsThread-0] WARN  scm.SCMCommonPlacementPolicy (SCMCommonPlacementPolicy.java:filterNodesWithSpace(287)) - Unable to find enough nodes that meet the space requirement of 1073741824 bytes for metadata and 5368709120 bytes for data in healthy node set. Required 3. Found 2.
2024-05-22 11:33:51,002 [RatisPipelineUtilsThread-0] WARN  scm.SCMCommonPlacementPolicy (SCMCommonPlacementPolicy.java:filterNodesWithSpace(287)) - Unable to find enough nodes that meet the space requirement of 1073741824 bytes for metadata and 5368709120 bytes for data in healthy node set. Required 3. Found 2.
2024-05-22 11:33:51,503 [RatisPipelineUtilsThread-0] WARN  scm.SCMCommonPlacementPolicy (SCMCommonPlacementPolicy.java:filterNodesWithSpace(287)) - Unable to find enough nodes that meet the space requirement of 1073741824 bytes for metadata and 5368709120 bytes for data in healthy node set. Required 3. Found 2.
2024-05-22 11:33:52,003 [RatisPipelineUtilsThread-0] WARN  scm.SCMCommonPlacementPolicy (SCMCommonPlacementPolicy.java:filterNodesWithSpace(287)) - Unable to find enough nodes that meet the space requirement of 1073741824 bytes for metadata and 5368709120 bytes for data in healthy node set. Required 3. Found 2.
2024-05-22 11:33:52,460 [timer4] WARN  server.GrpcLogAppender (LogUtils.java:warn(121)) - ae2fb675-4ad2-4742-b745-16c1dba3b70f@group-F0B03FD0AD5D->538779f6-f80f-4bc7-8424-1a47a535146d-AppendLogResponseHandler: Failed appendEntries (Repeated 2 times in the last 5.000s): org.apache.ratis.thirdparty.io.grpc.StatusRuntimeException: UNAVAILABLE: io exception
2024-05-22 11:33:52,461 [timer5] WARN  server.GrpcLogAppender (GrpcLogAppender.java:lambda$resetClient$1(217)) - ae2fb675-4ad2-4742-b745-16c1dba3b70f@group-F0B03FD0AD5D->538779f6-f80f-4bc7-8424-1a47a535146d-GrpcLogAppender: Follower failed (request=null, errorCount=56); keep nextIndex (1) unchanged and retry. (Repeated 2 times in the last 5.000s)
2024-05-22 11:33:52,504 [RatisPipelineUtilsThread-0] WARN  scm.SCMCommonPlacementPolicy (SCMCommonPlacementPolicy.java:filterNodesWithSpace(287)) - Unable to find enough nodes that meet the space requirement of 1073741824 bytes for metadata and 5368709120 bytes for data in healthy node set. Required 3. Found 2.
2024-05-22 11:33:53,004 [RatisPipelineUtilsThread-0] WARN  scm.SCMCommonPlacementPolicy (SCMCommonPlacementPolicy.java:filterNodesWithSpace(287)) - Unable to find enough nodes that meet the space requirement of 1073741824 bytes for metadata and 5368709120 bytes for data in healthy node set. Required 3. Found 2.
2024-05-22 11:33:53,039 [grpc-default-executor-0] WARN  server.GrpcLogAppender (LogUtils.java:warn(121)) - ae2fb675-4ad2-4742-b745-16c1dba3b70f@group-5008F0A1828C->538779f6-f80f-4bc7-8424-1a47a535146d-AppendLogResponseHandler: Failed appendEntries: org.apache.ratis.thirdparty.io.grpc.StatusRuntimeException: UNAVAILABLE: io exception
2024-05-22 11:33:53,039 [grpc-default-executor-2] WARN  server.GrpcLogAppender (GrpcLogAppender.java:lambda$resetClient$1(217)) - ae2fb675-4ad2-4742-b745-16c1dba3b70f@group-5008F0A1828C->538779f6-f80f-4bc7-8424-1a47a535146d-GrpcLogAppender: Follower failed (request=null, errorCount=55); keep nextIndex (1) unchanged and retry.
2024-05-22 11:33:53,236 [grpc-default-executor-0] WARN  server.GrpcLogAppender (LogUtils.java:warn(121)) - ae2fb675-4ad2-4742-b745-16c1dba3b70f@group-F0B03FD0AD5D->538779f6-f80f-4bc7-8424-1a47a535146d-AppendLogResponseHandler: Failed appendEntries: org.apache.ratis.thirdparty.io.grpc.StatusRuntimeException: UNAVAILABLE: io exception
2024-05-22 11:33:53,504 [RatisPipelineUtilsThread-0] WARN  scm.SCMCommonPlacementPolicy (SCMCommonPlacementPolicy.java:filterNodesWithSpace(287)) - Unable to find enough nodes that meet the space requirement of 1073741824 bytes for metadata and 5368709120 bytes for data in healthy node set. Required 3. Found 2.
2024-05-22 11:33:54,005 [RatisPipelineUtilsThread-0] WARN  scm.SCMCommonPlacementPolicy (SCMCommonPlacementPolicy.java:filterNodesWithSpace(287)) - Unable to find enough nodes that meet the space requirement of 1073741824 bytes for metadata and 5368709120 bytes for data in healthy node set. Required 3. Found 2.
2024-05-22 11:33:54,505 [RatisPipelineUtilsThread-0] WARN  scm.SCMCommonPlacementPolicy (SCMCommonPlacementPolicy.java:filterNodesWithSpace(287)) - Unable to find enough nodes that meet the space requirement of 1073741824 bytes for metadata and 5368709120 bytes for data in healthy node set. Required 3. Found 2.
2024-05-22 11:33:55,006 [RatisPipelineUtilsThread-0] WARN  scm.SCMCommonPlacementPolicy (SCMCommonPlacementPolicy.java:filterNodesWithSpace(287)) - Unable to find enough nodes that meet the space requirement of 1073741824 bytes for metadata and 5368709120 bytes for data in healthy node set. Required 3. Found 2.
2024-05-22 11:33:55,506 [RatisPipelineUtilsThread-0] WARN  scm.SCMCommonPlacementPolicy (SCMCommonPlacementPolicy.java:filterNodesWithSpace(287)) - Unable to find enough nodes that meet the space requirement of 1073741824 bytes for metadata and 5368709120 bytes for data in healthy node set. Required 3. Found 2.
2024-05-22 11:33:56,007 [RatisPipelineUtilsThread-0] WARN  scm.SCMCommonPlacementPolicy (SCMCommonPlacementPolicy.java:filterNodesWithSpace(287)) - Unable to find enough nodes that meet the space requirement of 1073741824 bytes for metadata and 5368709120 bytes for data in healthy node set. Required 3. Found 2.
2024-05-22 11:33:56,507 [RatisPipelineUtilsThread-0] WARN  scm.SCMCommonPlacementPolicy (SCMCommonPlacementPolicy.java:filterNodesWithSpace(287)) - Unable to find enough nodes that meet the space requirement of 1073741824 bytes for metadata and 5368709120 bytes for data in healthy node set. Required 3. Found 2.
2024-05-22 11:33:57,008 [RatisPipelineUtilsThread-0] WARN  scm.SCMCommonPlacementPolicy (SCMCommonPlacementPolicy.java:filterNodesWithSpace(287)) - Unable to find enough nodes that meet the space requirement of 1073741824 bytes for metadata and 5368709120 bytes for data in healthy node set. Required 3. Found 2.
2024-05-22 11:33:57,508 [RatisPipelineUtilsThread-0] WARN  scm.SCMCommonPlacementPolicy (SCMCommonPlacementPolicy.java:filterNodesWithSpace(287)) - Unable to find enough nodes that meet the space requirement of 1073741824 bytes for metadata and 5368709120 bytes for data in healthy node set. Required 3. Found 2.
2024-05-22 11:33:58,008 [RatisPipelineUtilsThread-0] WARN  scm.SCMCommonPlacementPolicy (SCMCommonPlacementPolicy.java:filterNodesWithSpace(287)) - Unable to find enough nodes that meet the space requirement of 1073741824 bytes for metadata and 5368709120 bytes for data in healthy node set. Required 3. Found 2.
2024-05-22 11:33:58,039 [timer1] WARN  server.GrpcLogAppender (LogUtils.java:warn(121)) - ae2fb675-4ad2-4742-b745-16c1dba3b70f@group-5008F0A1828C->538779f6-f80f-4bc7-8424-1a47a535146d-AppendLogResponseHandler: Failed appendEntries (Repeated 4 times in the last 5.000s): org.apache.ratis.thirdparty.io.grpc.StatusRuntimeException: UNAVAILABLE: io exception
2024-05-22 11:33:58,040 [timer2] WARN  server.GrpcLogAppender (GrpcLogAppender.java:lambda$resetClient$1(217)) - ae2fb675-4ad2-4742-b745-16c1dba3b70f@group-5008F0A1828C->538779f6-f80f-4bc7-8424-1a47a535146d-GrpcLogAppender: Follower failed (request=null, errorCount=58); keep nextIndex (1) unchanged and retry. (Repeated 8 times in the last 5.000s)
2024-05-22 11:33:58,236 [timer4] WARN  server.GrpcLogAppender (LogUtils.java:warn(121)) - ae2fb675-4ad2-4742-b745-16c1dba3b70f@group-F0B03FD0AD5D->538779f6-f80f-4bc7-8424-1a47a535146d-AppendLogResponseHandler: Failed appendEntries (Repeated 4 times in the last 5.000s): org.apache.ratis.thirdparty.io.grpc.StatusRuntimeException: UNAVAILABLE: io exception
2024-05-22 11:33:58,509 [RatisPipelineUtilsThread-0] WARN  scm.SCMCommonPlacementPolicy (SCMCommonPlacementPolicy.java:filterNodesWithSpace(287)) - Unable to find enough nodes that meet the space requirement of 1073741824 bytes for metadata and 5368709120 bytes for data in healthy node set. Required 3. Found 2.
2024-05-22 11:33:59,009 [RatisPipelineUtilsThread-0] WARN  scm.SCMCommonPlacementPolicy (SCMCommonPlacementPolicy.java:filterNodesWithSpace(287)) - Unable to find enough nodes that meet the space requirement of 1073741824 bytes for metadata and 5368709120 bytes for data in healthy node set. Required 3. Found 2.
2024-05-22 11:33:59,510 [RatisPipelineUtilsThread-0] WARN  scm.SCMCommonPlacementPolicy (SCMCommonPlacementPolicy.java:filterNodesWithSpace(287)) - Unable to find enough nodes that meet the space requirement of 1073741824 bytes for metadata and 5368709120 bytes for data in healthy node set. Required 3. Found 2.
2024-05-22 11:34:00,010 [RatisPipelineUtilsThread-0] WARN  scm.SCMCommonPlacementPolicy (SCMCommonPlacementPolicy.java:filterNodesWithSpace(287)) - Unable to find enough nodes that meet the space requirement of 1073741824 bytes for metadata and 5368709120 bytes for data in healthy node set. Required 3. Found 2.
2024-05-22 11:34:00,511 [RatisPipelineUtilsThread-0] WARN  scm.SCMCommonPlacementPolicy (SCMCommonPlacementPolicy.java:filterNodesWithSpace(287)) - Unable to find enough nodes that meet the space requirement of 1073741824 bytes for metadata and 5368709120 bytes for data in healthy node set. Required 3. Found 2.
2024-05-22 11:34:01,011 [RatisPipelineUtilsThread-0] WARN  scm.SCMCommonPlacementPolicy (SCMCommonPlacementPolicy.java:filterNodesWithSpace(287)) - Unable to find enough nodes that meet the space requirement of 1073741824 bytes for metadata and 5368709120 bytes for data in healthy node set. Required 3. Found 2.
2024-05-22 11:34:01,511 [RatisPipelineUtilsThread-0] WARN  scm.SCMCommonPlacementPolicy (SCMCommonPlacementPolicy.java:filterNodesWithSpace(287)) - Unable to find enough nodes that meet the space requirement of 1073741824 bytes for metadata and 5368709120 bytes for data in healthy node set. Required 3. Found 2.
2024-05-22 11:34:02,012 [RatisPipelineUtilsThread-0] WARN  scm.SCMCommonPlacementPolicy (SCMCommonPlacementPolicy.java:filterNodesWithSpace(287)) - Unable to find enough nodes that meet the space requirement of 1073741824 bytes for metadata and 5368709120 bytes for data in healthy node set. Required 3. Found 2.
2024-05-22 11:34:02,513 [RatisPipelineUtilsThread-0] WARN  scm.SCMCommonPlacementPolicy (SCMCommonPlacementPolicy.java:filterNodesWithSpace(287)) - Unable to find enough nodes that meet the space requirement of 1073741824 bytes for metadata and 5368709120 bytes for data in healthy node set. Required 3. Found 2.
2024-05-22 11:34:02,756 [grpc-default-executor-0] WARN  server.GrpcLogAppender (LogUtils.java:warn(121)) - ae2fb675-4ad2-4742-b745-16c1dba3b70f@group-F0B03FD0AD5D->538779f6-f80f-4bc7-8424-1a47a535146d-AppendLogResponseHandler: Failed appendEntries: org.apache.ratis.thirdparty.io.grpc.StatusRuntimeException: UNAVAILABLE: io exception
2024-05-22 11:34:02,756 [grpc-default-executor-2] WARN  server.GrpcLogAppender (GrpcLogAppender.java:lambda$resetClient$1(217)) - ae2fb675-4ad2-4742-b745-16c1dba3b70f@group-F0B03FD0AD5D->538779f6-f80f-4bc7-8424-1a47a535146d-GrpcLogAppender: Follower failed (request=null, errorCount=61); keep nextIndex (1) unchanged and retry.
2024-05-22 11:34:03,013 [RatisPipelineUtilsThread-0] WARN  scm.SCMCommonPlacementPolicy (SCMCommonPlacementPolicy.java:filterNodesWithSpace(287)) - Unable to find enough nodes that meet the space requirement of 1073741824 bytes for metadata and 5368709120 bytes for data in healthy node set. Required 3. Found 2.
2024-05-22 11:34:03,513 [RatisPipelineUtilsThread-0] WARN  scm.SCMCommonPlacementPolicy (SCMCommonPlacementPolicy.java:filterNodesWithSpace(287)) - Unable to find enough nodes that meet the space requirement of 1073741824 bytes for metadata and 5368709120 bytes for data in healthy node set. Required 3. Found 2.
2024-05-22 11:34:04,014 [RatisPipelineUtilsThread-0] WARN  scm.SCMCommonPlacementPolicy (SCMCommonPlacementPolicy.java:filterNodesWithSpace(287)) - Unable to find enough nodes that meet the space requirement of 1073741824 bytes for metadata and 5368709120 bytes for data in healthy node set. Required 3. Found 2.
2024-05-22 11:34:04,154 [grpc-default-executor-0] WARN  server.GrpcLogAppender (LogUtils.java:warn(121)) - ae2fb675-4ad2-4742-b745-16c1dba3b70f@group-5008F0A1828C->538779f6-f80f-4bc7-8424-1a47a535146d-AppendLogResponseHandler: Failed appendEntries: org.apache.ratis.thirdparty.io.grpc.StatusRuntimeException: UNAVAILABLE: io exception
2024-05-22 11:34:04,514 [RatisPipelineUtilsThread-0] WARN  scm.SCMCommonPlacementPolicy (SCMCommonPlacementPolicy.java:filterNodesWithSpace(287)) - Unable to find enough nodes that meet the space requirement of 1073741824 bytes for metadata and 5368709120 bytes for data in healthy node set. Required 3. Found 2.
2024-05-22 11:34:05,015 [RatisPipelineUtilsThread-0] WARN  scm.SCMCommonPlacementPolicy (SCMCommonPlacementPolicy.java:filterNodesWithSpace(287)) - Unable to find enough nodes that meet the space requirement of 1073741824 bytes for metadata and 5368709120 bytes for data in healthy node set. Required 3. Found 2.
2024-05-22 11:34:05,515 [RatisPipelineUtilsThread-0] WARN  scm.SCMCommonPlacementPolicy (SCMCommonPlacementPolicy.java:filterNodesWithSpace(287)) - Unable to find enough nodes that meet the space requirement of 1073741824 bytes for metadata and 5368709120 bytes for data in healthy node set. Required 3. Found 2.
2024-05-22 11:34:06,016 [RatisPipelineUtilsThread-0] WARN  scm.SCMCommonPlacementPolicy (SCMCommonPlacementPolicy.java:filterNodesWithSpace(287)) - Unable to find enough nodes that meet the space requirement of 1073741824 bytes for metadata and 5368709120 bytes for data in healthy node set. Required 3. Found 2.
2024-05-22 11:34:06,516 [RatisPipelineUtilsThread-0] WARN  scm.SCMCommonPlacementPolicy (SCMCommonPlacementPolicy.java:filterNodesWithSpace(287)) - Unable to find enough nodes that meet the space requirement of 1073741824 bytes for metadata and 5368709120 bytes for data in healthy node set. Required 3. Found 2.
2024-05-22 11:34:07,017 [RatisPipelineUtilsThread-0] WARN  scm.SCMCommonPlacementPolicy (SCMCommonPlacementPolicy.java:filterNodesWithSpace(287)) - Unable to find enough nodes that meet the space requirement of 1073741824 bytes for metadata and 5368709120 bytes for data in healthy node set. Required 3. Found 2.
2024-05-22 11:34:07,517 [RatisPipelineUtilsThread-0] WARN  scm.SCMCommonPlacementPolicy (SCMCommonPlacementPolicy.java:filterNodesWithSpace(287)) - Unable to find enough nodes that meet the space requirement of 1073741824 bytes for metadata and 5368709120 bytes for data in healthy node set. Required 3. Found 2.
2024-05-22 11:34:07,756 [timer1] WARN  server.GrpcLogAppender (GrpcLogAppender.java:lambda$resetClient$1(217)) - ae2fb675-4ad2-4742-b745-16c1dba3b70f@group-5008F0A1828C->538779f6-f80f-4bc7-8424-1a47a535146d-GrpcLogAppender: Follower failed (request=null, errorCount=62); keep nextIndex (1) unchanged and retry. (Repeated 6 times in the last 5.000s)
2024-05-22 11:34:07,757 [timer0] WARN  server.GrpcLogAppender (LogUtils.java:warn(121)) - ae2fb675-4ad2-4742-b745-16c1dba3b70f@group-F0B03FD0AD5D->538779f6-f80f-4bc7-8424-1a47a535146d-AppendLogResponseHandler: Failed appendEntries (Repeated 2 times in the last 5.001s): org.apache.ratis.thirdparty.io.grpc.StatusRuntimeException: UNAVAILABLE: io exception
2024-05-22 11:34:08,018 [RatisPipelineUtilsThread-0] WARN  scm.SCMCommonPlacementPolicy (SCMCommonPlacementPolicy.java:filterNodesWithSpace(287)) - Unable to find enough nodes that meet the space requirement of 1073741824 bytes for metadata and 5368709120 bytes for data in healthy node set. Required 3. Found 2.
2024-05-22 11:34:08,347 [grpc-default-executor-2] WARN  server.GrpcLogAppender (LogUtils.java:warn(121)) - ae2fb675-4ad2-4742-b745-16c1dba3b70f@group-F0B03FD0AD5D->538779f6-f80f-4bc7-8424-1a47a535146d-AppendLogResponseHandler: Failed appendEntries: org.apache.ratis.thirdparty.io.grpc.StatusRuntimeException: UNAVAILABLE: io exception
2024-05-22 11:34:08,347 [grpc-default-executor-0] WARN  server.GrpcLogAppender (GrpcLogAppender.java:lambda$resetClient$1(217)) - ae2fb675-4ad2-4742-b745-16c1dba3b70f@group-F0B03FD0AD5D->538779f6-f80f-4bc7-8424-1a47a535146d-GrpcLogAppender: Follower failed (request=null, errorCount=63); keep nextIndex (1) unchanged and retry.
2024-05-22 11:34:08,518 [RatisPipelineUtilsThread-0] WARN  scm.SCMCommonPlacementPolicy (SCMCommonPlacementPolicy.java:filterNodesWithSpace(287)) - Unable to find enough nodes that meet the space requirement of 1073741824 bytes for metadata and 5368709120 bytes for data in healthy node set. Required 3. Found 2.
2024-05-22 11:34:09,019 [RatisPipelineUtilsThread-0] WARN  scm.SCMCommonPlacementPolicy (SCMCommonPlacementPolicy.java:filterNodesWithSpace(287)) - Unable to find enough nodes that meet the space requirement of 1073741824 bytes for metadata and 5368709120 bytes for data in healthy node set. Required 3. Found 2.
2024-05-22 11:34:09,155 [timer3] WARN  server.GrpcLogAppender (LogUtils.java:warn(121)) - ae2fb675-4ad2-4742-b745-16c1dba3b70f@group-5008F0A1828C->538779f6-f80f-4bc7-8424-1a47a535146d-AppendLogResponseHandler: Failed appendEntries (Repeated 4 times in the last 5.001s): org.apache.ratis.thirdparty.io.grpc.StatusRuntimeException: UNAVAILABLE: io exception
2024-05-22 11:34:09,519 [RatisPipelineUtilsThread-0] WARN  scm.SCMCommonPlacementPolicy (SCMCommonPlacementPolicy.java:filterNodesWithSpace(287)) - Unable to find enough nodes that meet the space requirement of 1073741824 bytes for metadata and 5368709120 bytes for data in healthy node set. Required 3. Found 2.
2024-05-22 11:34:10,020 [RatisPipelineUtilsThread-0] WARN  scm.SCMCommonPlacementPolicy (SCMCommonPlacementPolicy.java:filterNodesWithSpace(287)) - Unable to find enough nodes that meet the space requirement of 1073741824 bytes for metadata and 5368709120 bytes for data in healthy node set. Required 3. Found 2.
2024-05-22 11:34:10,520 [RatisPipelineUtilsThread-0] WARN  scm.SCMCommonPlacementPolicy (SCMCommonPlacementPolicy.java:filterNodesWithSpace(287)) - Unable to find enough nodes that meet the space requirement of 1073741824 bytes for metadata and 5368709120 bytes for data in healthy node set. Required 3. Found 2.
2024-05-22 11:34:11,021 [RatisPipelineUtilsThread-0] WARN  scm.SCMCommonPlacementPolicy (SCMCommonPlacementPolicy.java:filterNodesWithSpace(287)) - Unable to find enough nodes that meet the space requirement of 1073741824 bytes for metadata and 5368709120 bytes for data in healthy node set. Required 3. Found 2.
2024-05-22 11:34:11,521 [RatisPipelineUtilsThread-0] WARN  scm.SCMCommonPlacementPolicy (SCMCommonPlacementPolicy.java:filterNodesWithSpace(287)) - Unable to find enough nodes that meet the space requirement of 1073741824 bytes for metadata and 5368709120 bytes for data in healthy node set. Required 3. Found 2.
2024-05-22 11:34:11,792 [538779f6-f80f-4bc7-8424-1a47a535146d-BlockDeletingService#1] INFO  interfaces.ContainerDeletionChoosingPolicyTemplate (ContainerDeletionChoosingPolicyTemplate.java:chooseContainerForBlockDeletion(85)) - Chosen 0/5000 blocks from 0 candidate containers.
2024-05-22 11:34:11,880 [02a0afdf-1bea-47f6-ae97-5b8161c986a7-BlockDeletingService#1] INFO  interfaces.ContainerDeletionChoosingPolicyTemplate (ContainerDeletionChoosingPolicyTemplate.java:chooseContainerForBlockDeletion(85)) - Chosen 0/5000 blocks from 0 candidate containers.
2024-05-22 11:34:11,943 [ae2fb675-4ad2-4742-b745-16c1dba3b70f-BlockDeletingService#1] INFO  interfaces.ContainerDeletionChoosingPolicyTemplate (ContainerDeletionChoosingPolicyTemplate.java:chooseContainerForBlockDeletion(85)) - Chosen 0/5000 blocks from 0 candidate containers.
2024-05-22 11:34:12,022 [RatisPipelineUtilsThread-0] WARN  scm.SCMCommonPlacementPolicy (SCMCommonPlacementPolicy.java:filterNodesWithSpace(287)) - Unable to find enough nodes that meet the space requirement of 1073741824 bytes for metadata and 5368709120 bytes for data in healthy node set. Required 3. Found 2.
2024-05-22 11:34:12,522 [RatisPipelineUtilsThread-0] WARN  scm.SCMCommonPlacementPolicy (SCMCommonPlacementPolicy.java:filterNodesWithSpace(287)) - Unable to find enough nodes that meet the space requirement of 1073741824 bytes for metadata and 5368709120 bytes for data in healthy node set. Required 3. Found 2.
2024-05-22 11:34:12,717 [grpc-default-executor-2] WARN  server.GrpcLogAppender (LogUtils.java:warn(121)) - ae2fb675-4ad2-4742-b745-16c1dba3b70f@group-5008F0A1828C->538779f6-f80f-4bc7-8424-1a47a535146d-AppendLogResponseHandler: Failed appendEntries: org.apache.ratis.thirdparty.io.grpc.StatusRuntimeException: UNAVAILABLE: io exception
2024-05-22 11:34:13,023 [RatisPipelineUtilsThread-0] WARN  scm.SCMCommonPlacementPolicy (SCMCommonPlacementPolicy.java:filterNodesWithSpace(287)) - Unable to find enough nodes that meet the space requirement of 1073741824 bytes for metadata and 5368709120 bytes for data in healthy node set. Required 3. Found 2.
2024-05-22 11:34:13,347 [timer2] WARN  server.GrpcLogAppender (GrpcLogAppender.java:lambda$resetClient$1(217)) - ae2fb675-4ad2-4742-b745-16c1dba3b70f@group-5008F0A1828C->538779f6-f80f-4bc7-8424-1a47a535146d-GrpcLogAppender: Follower failed (request=null, errorCount=64); keep nextIndex (1) unchanged and retry. (Repeated 4 times in the last 5.000s)
2024-05-22 11:34:13,347 [timer1] WARN  server.GrpcLogAppender (LogUtils.java:warn(121)) - ae2fb675-4ad2-4742-b745-16c1dba3b70f@group-F0B03FD0AD5D->538779f6-f80f-4bc7-8424-1a47a535146d-AppendLogResponseHandler: Failed appendEntries (Repeated 2 times in the last 5.000s): org.apache.ratis.thirdparty.io.grpc.StatusRuntimeException: UNAVAILABLE: io exception
2024-05-22 11:34:13,523 [RatisPipelineUtilsThread-0] WARN  scm.SCMCommonPlacementPolicy (SCMCommonPlacementPolicy.java:filterNodesWithSpace(287)) - Unable to find enough nodes that meet the space requirement of 1073741824 bytes for metadata and 5368709120 bytes for data in healthy node set. Required 3. Found 2.
2024-05-22 11:34:14,023 [RatisPipelineUtilsThread-0] WARN  scm.SCMCommonPlacementPolicy (SCMCommonPlacementPolicy.java:filterNodesWithSpace(287)) - Unable to find enough nodes that meet the space requirement of 1073741824 bytes for metadata and 5368709120 bytes for data in healthy node set. Required 3. Found 2.
2024-05-22 11:34:14,524 [RatisPipelineUtilsThread-0] WARN  scm.SCMCommonPlacementPolicy (SCMCommonPlacementPolicy.java:filterNodesWithSpace(287)) - Unable to find enough nodes that meet the space requirement of 1073741824 bytes for metadata and 5368709120 bytes for data in healthy node set. Required 3. Found 2.
2024-05-22 11:34:14,624 [grpc-default-executor-2] WARN  server.GrpcLogAppender (LogUtils.java:warn(121)) - ae2fb675-4ad2-4742-b745-16c1dba3b70f@group-F0B03FD0AD5D->538779f6-f80f-4bc7-8424-1a47a535146d-AppendLogResponseHandler: Failed appendEntries: org.apache.ratis.thirdparty.io.grpc.StatusRuntimeException: UNAVAILABLE: io exception
2024-05-22 11:34:14,625 [grpc-default-executor-0] WARN  server.GrpcLogAppender (GrpcLogAppender.java:lambda$resetClient$1(217)) - ae2fb675-4ad2-4742-b745-16c1dba3b70f@group-F0B03FD0AD5D->538779f6-f80f-4bc7-8424-1a47a535146d-GrpcLogAppender: Follower failed (request=null, errorCount=65); keep nextIndex (1) unchanged and retry.
2024-05-22 11:34:15,024 [RatisPipelineUtilsThread-0] WARN  scm.SCMCommonPlacementPolicy (SCMCommonPlacementPolicy.java:filterNodesWithSpace(287)) - Unable to find enough nodes that meet the space requirement of 1073741824 bytes for metadata and 5368709120 bytes for data in healthy node set. Required 3. Found 2.
2024-05-22 11:34:15,525 [RatisPipelineUtilsThread-0] WARN  scm.SCMCommonPlacementPolicy (SCMCommonPlacementPolicy.java:filterNodesWithSpace(287)) - Unable to find enough nodes that meet the space requirement of 1073741824 bytes for metadata and 5368709120 bytes for data in healthy node set. Required 3. Found 2.
2024-05-22 11:34:16,025 [RatisPipelineUtilsThread-0] WARN  scm.SCMCommonPlacementPolicy (SCMCommonPlacementPolicy.java:filterNodesWithSpace(287)) - Unable to find enough nodes that meet the space requirement of 1073741824 bytes for metadata and 5368709120 bytes for data in healthy node set. Required 3. Found 2.
2024-05-22 11:34:16,526 [RatisPipelineUtilsThread-0] WARN  scm.SCMCommonPlacementPolicy (SCMCommonPlacementPolicy.java:filterNodesWithSpace(287)) - Unable to find enough nodes that meet the space requirement of 1073741824 bytes for metadata and 5368709120 bytes for data in healthy node set. Required 3. Found 2.
2024-05-22 11:34:17,026 [RatisPipelineUtilsThread-0] WARN  scm.SCMCommonPlacementPolicy (SCMCommonPlacementPolicy.java:filterNodesWithSpace(287)) - Unable to find enough nodes that meet the space requirement of 1073741824 bytes for metadata and 5368709120 bytes for data in healthy node set. Required 3. Found 2.
2024-05-22 11:34:17,526 [RatisPipelineUtilsThread-0] WARN  scm.SCMCommonPlacementPolicy (SCMCommonPlacementPolicy.java:filterNodesWithSpace(287)) - Unable to find enough nodes that meet the space requirement of 1073741824 bytes for metadata and 5368709120 bytes for data in healthy node set. Required 3. Found 2.
2024-05-22 11:34:17,717 [timer2] WARN  server.GrpcLogAppender (LogUtils.java:warn(121)) - ae2fb675-4ad2-4742-b745-16c1dba3b70f@group-5008F0A1828C->538779f6-f80f-4bc7-8424-1a47a535146d-AppendLogResponseHandler: Failed appendEntries (Repeated 2 times in the last 5.000s): org.apache.ratis.thirdparty.io.grpc.StatusRuntimeException: UNAVAILABLE: io exception
2024-05-22 11:34:18,027 [RatisPipelineUtilsThread-0] WARN  scm.SCMCommonPlacementPolicy (SCMCommonPlacementPolicy.java:filterNodesWithSpace(287)) - Unable to find enough nodes that meet the space requirement of 1073741824 bytes for metadata and 5368709120 bytes for data in healthy node set. Required 3. Found 2.
2024-05-22 11:34:18,527 [RatisPipelineUtilsThread-0] WARN  scm.SCMCommonPlacementPolicy (SCMCommonPlacementPolicy.java:filterNodesWithSpace(287)) - Unable to find enough nodes that meet the space requirement of 1073741824 bytes for metadata and 5368709120 bytes for data in healthy node set. Required 3. Found 2.
2024-05-22 11:34:19,028 [RatisPipelineUtilsThread-0] WARN  scm.SCMCommonPlacementPolicy (SCMCommonPlacementPolicy.java:filterNodesWithSpace(287)) - Unable to find enough nodes that meet the space requirement of 1073741824 bytes for metadata and 5368709120 bytes for data in healthy node set. Required 3. Found 2.
2024-05-22 11:34:19,528 [RatisPipelineUtilsThread-0] WARN  scm.SCMCommonPlacementPolicy (SCMCommonPlacementPolicy.java:filterNodesWithSpace(287)) - Unable to find enough nodes that meet the space requirement of 1073741824 bytes for metadata and 5368709120 bytes for data in healthy node set. Required 3. Found 2.
2024-05-22 11:34:19,625 [timer2] WARN  server.GrpcLogAppender (GrpcLogAppender.java:lambda$resetClient$1(217)) - ae2fb675-4ad2-4742-b745-16c1dba3b70f@group-F0B03FD0AD5D->538779f6-f80f-4bc7-8424-1a47a535146d-GrpcLogAppender: Follower failed (request=null, errorCount=68); keep nextIndex (1) unchanged and retry. (Repeated 4 times in the last 5.000s)
2024-05-22 11:34:19,625 [timer1] WARN  server.GrpcLogAppender (LogUtils.java:warn(121)) - ae2fb675-4ad2-4742-b745-16c1dba3b70f@group-F0B03FD0AD5D->538779f6-f80f-4bc7-8424-1a47a535146d-AppendLogResponseHandler: Failed appendEntries (Repeated 4 times in the last 5.001s): org.apache.ratis.thirdparty.io.grpc.StatusRuntimeException: UNAVAILABLE: io exception
2024-05-22 11:34:20,015 [grpc-default-executor-0] WARN  server.GrpcLogAppender (LogUtils.java:warn(121)) - ae2fb675-4ad2-4742-b745-16c1dba3b70f@group-5008F0A1828C->538779f6-f80f-4bc7-8424-1a47a535146d-AppendLogResponseHandler: Failed appendEntries: org.apache.ratis.thirdparty.io.grpc.StatusRuntimeException: UNAVAILABLE: io exception
2024-05-22 11:34:20,015 [grpc-default-executor-2] WARN  server.GrpcLogAppender (GrpcLogAppender.java:lambda$resetClient$1(217)) - ae2fb675-4ad2-4742-b745-16c1dba3b70f@group-5008F0A1828C->538779f6-f80f-4bc7-8424-1a47a535146d-GrpcLogAppender: Follower failed (request=null, errorCount=65); keep nextIndex (1) unchanged and retry.
2024-05-22 11:34:20,028 [RatisPipelineUtilsThread-0] WARN  scm.SCMCommonPlacementPolicy (SCMCommonPlacementPolicy.java:filterNodesWithSpace(287)) - Unable to find enough nodes that meet the space requirement of 1073741824 bytes for metadata and 5368709120 bytes for data in healthy node set. Required 3. Found 2.
2024-05-22 11:34:20,529 [RatisPipelineUtilsThread-0] WARN  scm.SCMCommonPlacementPolicy (SCMCommonPlacementPolicy.java:filterNodesWithSpace(287)) - Unable to find enough nodes that meet the space requirement of 1073741824 bytes for metadata and 5368709120 bytes for data in healthy node set. Required 3. Found 2.
2024-05-22 11:34:21,029 [RatisPipelineUtilsThread-0] WARN  scm.SCMCommonPlacementPolicy (SCMCommonPlacementPolicy.java:filterNodesWithSpace(287)) - Unable to find enough nodes that meet the space requirement of 1073741824 bytes for metadata and 5368709120 bytes for data in healthy node set. Required 3. Found 2.
2024-05-22 11:34:21,530 [RatisPipelineUtilsThread-0] WARN  scm.SCMCommonPlacementPolicy (SCMCommonPlacementPolicy.java:filterNodesWithSpace(287)) - Unable to find enough nodes that meet the space requirement of 1073741824 bytes for metadata and 5368709120 bytes for data in healthy node set. Required 3. Found 2.
2024-05-22 11:34:21,775 [grpc-default-executor-0] WARN  server.GrpcLogAppender (LogUtils.java:warn(121)) - ae2fb675-4ad2-4742-b745-16c1dba3b70f@group-F0B03FD0AD5D->538779f6-f80f-4bc7-8424-1a47a535146d-AppendLogResponseHandler: Failed appendEntries: org.apache.ratis.thirdparty.io.grpc.StatusRuntimeException: UNAVAILABLE: io exception
2024-05-22 11:34:22,030 [RatisPipelineUtilsThread-0] WARN  scm.SCMCommonPlacementPolicy (SCMCommonPlacementPolicy.java:filterNodesWithSpace(287)) - Unable to find enough nodes that meet the space requirement of 1073741824 bytes for metadata and 5368709120 bytes for data in healthy node set. Required 3. Found 2.
2024-05-22 11:34:22,531 [RatisPipelineUtilsThread-0] WARN  scm.SCMCommonPlacementPolicy (SCMCommonPlacementPolicy.java:filterNodesWithSpace(287)) - Unable to find enough nodes that meet the space requirement of 1073741824 bytes for metadata and 5368709120 bytes for data in healthy node set. Required 3. Found 2.
2024-05-22 11:34:23,031 [RatisPipelineUtilsThread-0] WARN  scm.SCMCommonPlacementPolicy (SCMCommonPlacementPolicy.java:filterNodesWithSpace(287)) - Unable to find enough nodes that meet the space requirement of 1073741824 bytes for metadata and 5368709120 bytes for data in healthy node set. Required 3. Found 2.
2024-05-22 11:34:23,531 [RatisPipelineUtilsThread-0] WARN  scm.SCMCommonPlacementPolicy (SCMCommonPlacementPolicy.java:filterNodesWithSpace(287)) - Unable to find enough nodes that meet the space requirement of 1073741824 bytes for metadata and 5368709120 bytes for data in healthy node set. Required 3. Found 2.
2024-05-22 11:34:24,032 [RatisPipelineUtilsThread-0] WARN  scm.SCMCommonPlacementPolicy (SCMCommonPlacementPolicy.java:filterNodesWithSpace(287)) - Unable to find enough nodes that meet the space requirement of 1073741824 bytes for metadata and 5368709120 bytes for data in healthy node set. Required 3. Found 2.
2024-05-22 11:34:24,532 [RatisPipelineUtilsThread-0] WARN  scm.SCMCommonPlacementPolicy (SCMCommonPlacementPolicy.java:filterNodesWithSpace(287)) - Unable to find enough nodes that meet the space requirement of 1073741824 bytes for metadata and 5368709120 bytes for data in healthy node set. Required 3. Found 2.
2024-05-22 11:34:25,015 [timer1] WARN  server.GrpcLogAppender (GrpcLogAppender.java:lambda$resetClient$1(217)) - ae2fb675-4ad2-4742-b745-16c1dba3b70f@group-F0B03FD0AD5D->538779f6-f80f-4bc7-8424-1a47a535146d-GrpcLogAppender: Follower failed (request=null, errorCount=70); keep nextIndex (1) unchanged and retry. (Repeated 4 times in the last 5.000s)
2024-05-22 11:34:25,015 [timer0] WARN  server.GrpcLogAppender (LogUtils.java:warn(121)) - ae2fb675-4ad2-4742-b745-16c1dba3b70f@group-5008F0A1828C->538779f6-f80f-4bc7-8424-1a47a535146d-AppendLogResponseHandler: Failed appendEntries (Repeated 2 times in the last 5.000s): org.apache.ratis.thirdparty.io.grpc.StatusRuntimeException: UNAVAILABLE: io exception
2024-05-22 11:34:25,033 [RatisPipelineUtilsThread-0] WARN  scm.SCMCommonPlacementPolicy (SCMCommonPlacementPolicy.java:filterNodesWithSpace(287)) - Unable to find enough nodes that meet the space requirement of 1073741824 bytes for metadata and 5368709120 bytes for data in healthy node set. Required 3. Found 2.
2024-05-22 11:34:25,533 [RatisPipelineUtilsThread-0] WARN  scm.SCMCommonPlacementPolicy (SCMCommonPlacementPolicy.java:filterNodesWithSpace(287)) - Unable to find enough nodes that meet the space requirement of 1073741824 bytes for metadata and 5368709120 bytes for data in healthy node set. Required 3. Found 2.
2024-05-22 11:34:25,886 [grpc-default-executor-0] WARN  server.GrpcLogAppender (LogUtils.java:warn(121)) - ae2fb675-4ad2-4742-b745-16c1dba3b70f@group-5008F0A1828C->538779f6-f80f-4bc7-8424-1a47a535146d-AppendLogResponseHandler: Failed appendEntries: org.apache.ratis.thirdparty.io.grpc.StatusRuntimeException: UNAVAILABLE: io exception
2024-05-22 11:34:25,887 [grpc-default-executor-2] WARN  server.GrpcLogAppender (GrpcLogAppender.java:lambda$resetClient$1(217)) - ae2fb675-4ad2-4742-b745-16c1dba3b70f@group-5008F0A1828C->538779f6-f80f-4bc7-8424-1a47a535146d-GrpcLogAppender: Follower failed (request=null, errorCount=67); keep nextIndex (1) unchanged and retry.
2024-05-22 11:34:26,034 [RatisPipelineUtilsThread-0] WARN  scm.SCMCommonPlacementPolicy (SCMCommonPlacementPolicy.java:filterNodesWithSpace(287)) - Unable to find enough nodes that meet the space requirement of 1073741824 bytes for metadata and 5368709120 bytes for data in healthy node set. Required 3. Found 2.
2024-05-22 11:34:26,534 [RatisPipelineUtilsThread-0] WARN  scm.SCMCommonPlacementPolicy (SCMCommonPlacementPolicy.java:filterNodesWithSpace(287)) - Unable to find enough nodes that meet the space requirement of 1073741824 bytes for metadata and 5368709120 bytes for data in healthy node set. Required 3. Found 2.
2024-05-22 11:34:26,776 [timer2] WARN  server.GrpcLogAppender (LogUtils.java:warn(121)) - ae2fb675-4ad2-4742-b745-16c1dba3b70f@group-F0B03FD0AD5D->538779f6-f80f-4bc7-8424-1a47a535146d-AppendLogResponseHandler: Failed appendEntries (Repeated 4 times in the last 5.000s): org.apache.ratis.thirdparty.io.grpc.StatusRuntimeException: UNAVAILABLE: io exception
2024-05-22 11:34:27,034 [RatisPipelineUtilsThread-0] WARN  scm.SCMCommonPlacementPolicy (SCMCommonPlacementPolicy.java:filterNodesWithSpace(287)) - Unable to find enough nodes that meet the space requirement of 1073741824 bytes for metadata and 5368709120 bytes for data in healthy node set. Required 3. Found 2.
2024-05-22 11:34:27,535 [RatisPipelineUtilsThread-0] WARN  scm.SCMCommonPlacementPolicy (SCMCommonPlacementPolicy.java:filterNodesWithSpace(287)) - Unable to find enough nodes that meet the space requirement of 1073741824 bytes for metadata and 5368709120 bytes for data in healthy node set. Required 3. Found 2.
2024-05-22 11:34:28,035 [RatisPipelineUtilsThread-0] WARN  scm.SCMCommonPlacementPolicy (SCMCommonPlacementPolicy.java:filterNodesWithSpace(287)) - Unable to find enough nodes that meet the space requirement of 1073741824 bytes for metadata and 5368709120 bytes for data in healthy node set. Required 3. Found 2.
2024-05-22 11:34:28,536 [RatisPipelineUtilsThread-0] WARN  scm.SCMCommonPlacementPolicy (SCMCommonPlacementPolicy.java:filterNodesWithSpace(287)) - Unable to find enough nodes that meet the space requirement of 1073741824 bytes for metadata and 5368709120 bytes for data in healthy node set. Required 3. Found 2.
2024-05-22 11:34:29,036 [RatisPipelineUtilsThread-0] WARN  scm.SCMCommonPlacementPolicy (SCMCommonPlacementPolicy.java:filterNodesWithSpace(287)) - Unable to find enough nodes that meet the space requirement of 1073741824 bytes for metadata and 5368709120 bytes for data in healthy node set. Required 3. Found 2.
2024-05-22 11:34:29,536 [RatisPipelineUtilsThread-0] WARN  scm.SCMCommonPlacementPolicy (SCMCommonPlacementPolicy.java:filterNodesWithSpace(287)) - Unable to find enough nodes that meet the space requirement of 1073741824 bytes for metadata and 5368709120 bytes for data in healthy node set. Required 3. Found 2.
2024-05-22 11:34:30,037 [RatisPipelineUtilsThread-0] WARN  scm.SCMCommonPlacementPolicy (SCMCommonPlacementPolicy.java:filterNodesWithSpace(287)) - Unable to find enough nodes that meet the space requirement of 1073741824 bytes for metadata and 5368709120 bytes for data in healthy node set. Required 3. Found 2.
2024-05-22 11:34:30,537 [RatisPipelineUtilsThread-0] WARN  scm.SCMCommonPlacementPolicy (SCMCommonPlacementPolicy.java:filterNodesWithSpace(287)) - Unable to find enough nodes that meet the space requirement of 1073741824 bytes for metadata and 5368709120 bytes for data in healthy node set. Required 3. Found 2.
2024-05-22 11:34:30,887 [timer1] WARN  server.GrpcLogAppender (LogUtils.java:warn(121)) - ae2fb675-4ad2-4742-b745-16c1dba3b70f@group-5008F0A1828C->538779f6-f80f-4bc7-8424-1a47a535146d-AppendLogResponseHandler: Failed appendEntries (Repeated 2 times in the last 5.000s): org.apache.ratis.thirdparty.io.grpc.StatusRuntimeException: UNAVAILABLE: io exception
2024-05-22 11:34:30,887 [timer2] WARN  server.GrpcLogAppender (GrpcLogAppender.java:lambda$resetClient$1(217)) - ae2fb675-4ad2-4742-b745-16c1dba3b70f@group-F0B03FD0AD5D->538779f6-f80f-4bc7-8424-1a47a535146d-GrpcLogAppender: Follower failed (request=null, errorCount=72); keep nextIndex (1) unchanged and retry. (Repeated 4 times in the last 5.000s)
2024-05-22 11:34:31,038 [RatisPipelineUtilsThread-0] WARN  scm.SCMCommonPlacementPolicy (SCMCommonPlacementPolicy.java:filterNodesWithSpace(287)) - Unable to find enough nodes that meet the space requirement of 1073741824 bytes for metadata and 5368709120 bytes for data in healthy node set. Required 3. Found 2.
2024-05-22 11:34:31,088 [grpc-default-executor-2] WARN  server.GrpcLogAppender (LogUtils.java:warn(121)) - ae2fb675-4ad2-4742-b745-16c1dba3b70f@group-5008F0A1828C->538779f6-f80f-4bc7-8424-1a47a535146d-AppendLogResponseHandler: Failed appendEntries: org.apache.ratis.thirdparty.io.grpc.StatusRuntimeException: UNAVAILABLE: io exception
2024-05-22 11:34:31,088 [grpc-default-executor-0] WARN  server.GrpcLogAppender (GrpcLogAppender.java:lambda$resetClient$1(217)) - ae2fb675-4ad2-4742-b745-16c1dba3b70f@group-5008F0A1828C->538779f6-f80f-4bc7-8424-1a47a535146d-GrpcLogAppender: Follower failed (request=null, errorCount=69); keep nextIndex (1) unchanged and retry.
2024-05-22 11:34:31,538 [RatisPipelineUtilsThread-0] WARN  scm.SCMCommonPlacementPolicy (SCMCommonPlacementPolicy.java:filterNodesWithSpace(287)) - Unable to find enough nodes that meet the space requirement of 1073741824 bytes for metadata and 5368709120 bytes for data in healthy node set. Required 3. Found 2.
2024-05-22 11:34:32,038 [RatisPipelineUtilsThread-0] WARN  scm.SCMCommonPlacementPolicy (SCMCommonPlacementPolicy.java:filterNodesWithSpace(287)) - Unable to find enough nodes that meet the space requirement of 1073741824 bytes for metadata and 5368709120 bytes for data in healthy node set. Required 3. Found 2.
2024-05-22 11:34:32,539 [RatisPipelineUtilsThread-0] WARN  scm.SCMCommonPlacementPolicy (SCMCommonPlacementPolicy.java:filterNodesWithSpace(287)) - Unable to find enough nodes that meet the space requirement of 1073741824 bytes for metadata and 5368709120 bytes for data in healthy node set. Required 3. Found 2.
2024-05-22 11:34:33,039 [RatisPipelineUtilsThread-0] WARN  scm.SCMCommonPlacementPolicy (SCMCommonPlacementPolicy.java:filterNodesWithSpace(287)) - Unable to find enough nodes that meet the space requirement of 1073741824 bytes for metadata and 5368709120 bytes for data in healthy node set. Required 3. Found 2.
2024-05-22 11:34:33,165 [grpc-default-executor-2] WARN  server.GrpcLogAppender (LogUtils.java:warn(121)) - ae2fb675-4ad2-4742-b745-16c1dba3b70f@group-F0B03FD0AD5D->538779f6-f80f-4bc7-8424-1a47a535146d-AppendLogResponseHandler: Failed appendEntries: org.apache.ratis.thirdparty.io.grpc.StatusRuntimeException: UNAVAILABLE: io exception
2024-05-22 11:34:33,540 [RatisPipelineUtilsThread-0] WARN  scm.SCMCommonPlacementPolicy (SCMCommonPlacementPolicy.java:filterNodesWithSpace(287)) - Unable to find enough nodes that meet the space requirement of 1073741824 bytes for metadata and 5368709120 bytes for data in healthy node set. Required 3. Found 2.
2024-05-22 11:34:34,040 [RatisPipelineUtilsThread-0] WARN  scm.SCMCommonPlacementPolicy (SCMCommonPlacementPolicy.java:filterNodesWithSpace(287)) - Unable to find enough nodes that meet the space requirement of 1073741824 bytes for metadata and 5368709120 bytes for data in healthy node set. Required 3. Found 2.
2024-05-22 11:34:34,541 [RatisPipelineUtilsThread-0] WARN  scm.SCMCommonPlacementPolicy (SCMCommonPlacementPolicy.java:filterNodesWithSpace(287)) - Unable to find enough nodes that meet the space requirement of 1073741824 bytes for metadata and 5368709120 bytes for data in healthy node set. Required 3. Found 2.
2024-05-22 11:34:35,041 [RatisPipelineUtilsThread-0] WARN  scm.SCMCommonPlacementPolicy (SCMCommonPlacementPolicy.java:filterNodesWithSpace(287)) - Unable to find enough nodes that meet the space requirement of 1073741824 bytes for metadata and 5368709120 bytes for data in healthy node set. Required 3. Found 2.
2024-05-22 11:34:35,541 [RatisPipelineUtilsThread-0] WARN  scm.SCMCommonPlacementPolicy (SCMCommonPlacementPolicy.java:filterNodesWithSpace(287)) - Unable to find enough nodes that meet the space requirement of 1073741824 bytes for metadata and 5368709120 bytes for data in healthy node set. Required 3. Found 2.
2024-05-22 11:34:36,042 [RatisPipelineUtilsThread-0] WARN  scm.SCMCommonPlacementPolicy (SCMCommonPlacementPolicy.java:filterNodesWithSpace(287)) - Unable to find enough nodes that meet the space requirement of 1073741824 bytes for metadata and 5368709120 bytes for data in healthy node set. Required 3. Found 2.
2024-05-22 11:34:36,088 [timer1] WARN  server.GrpcLogAppender (GrpcLogAppender.java:lambda$resetClient$1(217)) - ae2fb675-4ad2-4742-b745-16c1dba3b70f@group-5008F0A1828C->538779f6-f80f-4bc7-8424-1a47a535146d-GrpcLogAppender: Follower failed (request=null, errorCount=72); keep nextIndex (1) unchanged and retry. (Repeated 6 times in the last 5.000s)
2024-05-22 11:34:36,089 [timer0] WARN  server.GrpcLogAppender (LogUtils.java:warn(121)) - ae2fb675-4ad2-4742-b745-16c1dba3b70f@group-5008F0A1828C->538779f6-f80f-4bc7-8424-1a47a535146d-AppendLogResponseHandler: Failed appendEntries (Repeated 4 times in the last 5.001s): org.apache.ratis.thirdparty.io.grpc.StatusRuntimeException: UNAVAILABLE: io exception
2024-05-22 11:34:36,542 [RatisPipelineUtilsThread-0] WARN  scm.SCMCommonPlacementPolicy (SCMCommonPlacementPolicy.java:filterNodesWithSpace(287)) - Unable to find enough nodes that meet the space requirement of 1073741824 bytes for metadata and 5368709120 bytes for data in healthy node set. Required 3. Found 2.
2024-05-22 11:34:37,043 [RatisPipelineUtilsThread-0] WARN  scm.SCMCommonPlacementPolicy (SCMCommonPlacementPolicy.java:filterNodesWithSpace(287)) - Unable to find enough nodes that meet the space requirement of 1073741824 bytes for metadata and 5368709120 bytes for data in healthy node set. Required 3. Found 2.
2024-05-22 11:34:37,543 [RatisPipelineUtilsThread-0] WARN  scm.SCMCommonPlacementPolicy (SCMCommonPlacementPolicy.java:filterNodesWithSpace(287)) - Unable to find enough nodes that meet the space requirement of 1073741824 bytes for metadata and 5368709120 bytes for data in healthy node set. Required 3. Found 2.
2024-05-22 11:34:38,044 [RatisPipelineUtilsThread-0] WARN  scm.SCMCommonPlacementPolicy (SCMCommonPlacementPolicy.java:filterNodesWithSpace(287)) - Unable to find enough nodes that meet the space requirement of 1073741824 bytes for metadata and 5368709120 bytes for data in healthy node set. Required 3. Found 2.
2024-05-22 11:34:38,165 [timer2] WARN  server.GrpcLogAppender (LogUtils.java:warn(121)) - ae2fb675-4ad2-4742-b745-16c1dba3b70f@group-F0B03FD0AD5D->538779f6-f80f-4bc7-8424-1a47a535146d-AppendLogResponseHandler: Failed appendEntries (Repeated 2 times in the last 5.000s): org.apache.ratis.thirdparty.io.grpc.StatusRuntimeException: UNAVAILABLE: io exception
2024-05-22 11:34:38,544 [RatisPipelineUtilsThread-0] WARN  scm.SCMCommonPlacementPolicy (SCMCommonPlacementPolicy.java:filterNodesWithSpace(287)) - Unable to find enough nodes that meet the space requirement of 1073741824 bytes for metadata and 5368709120 bytes for data in healthy node set. Required 3. Found 2.
2024-05-22 11:34:38,596 [grpc-default-executor-0] WARN  server.GrpcLogAppender (LogUtils.java:warn(121)) - ae2fb675-4ad2-4742-b745-16c1dba3b70f@group-F0B03FD0AD5D->538779f6-f80f-4bc7-8424-1a47a535146d-AppendLogResponseHandler: Failed appendEntries: org.apache.ratis.thirdparty.io.grpc.StatusRuntimeException: UNAVAILABLE: io exception
2024-05-22 11:34:38,596 [grpc-default-executor-2] WARN  server.GrpcLogAppender (GrpcLogAppender.java:lambda$resetClient$1(217)) - ae2fb675-4ad2-4742-b745-16c1dba3b70f@group-F0B03FD0AD5D->538779f6-f80f-4bc7-8424-1a47a535146d-GrpcLogAppender: Follower failed (request=null, errorCount=75); keep nextIndex (1) unchanged and retry.
2024-05-22 11:34:39,045 [RatisPipelineUtilsThread-0] WARN  scm.SCMCommonPlacementPolicy (SCMCommonPlacementPolicy.java:filterNodesWithSpace(287)) - Unable to find enough nodes that meet the space requirement of 1073741824 bytes for metadata and 5368709120 bytes for data in healthy node set. Required 3. Found 2.
2024-05-22 11:34:39,088 [grpc-default-executor-0] WARN  server.GrpcLogAppender (LogUtils.java:warn(121)) - ae2fb675-4ad2-4742-b745-16c1dba3b70f@group-5008F0A1828C->538779f6-f80f-4bc7-8424-1a47a535146d-AppendLogResponseHandler: Failed appendEntries: org.apache.ratis.thirdparty.io.grpc.StatusRuntimeException: UNAVAILABLE: io exception
2024-05-22 11:34:39,545 [RatisPipelineUtilsThread-0] WARN  scm.SCMCommonPlacementPolicy (SCMCommonPlacementPolicy.java:filterNodesWithSpace(287)) - Unable to find enough nodes that meet the space requirement of 1073741824 bytes for metadata and 5368709120 bytes for data in healthy node set. Required 3. Found 2.
2024-05-22 11:34:40,045 [RatisPipelineUtilsThread-0] WARN  scm.SCMCommonPlacementPolicy (SCMCommonPlacementPolicy.java:filterNodesWithSpace(287)) - Unable to find enough nodes that meet the space requirement of 1073741824 bytes for metadata and 5368709120 bytes for data in healthy node set. Required 3. Found 2.
2024-05-22 11:34:40,546 [RatisPipelineUtilsThread-0] WARN  scm.SCMCommonPlacementPolicy (SCMCommonPlacementPolicy.java:filterNodesWithSpace(287)) - Unable to find enough nodes that meet the space requirement of 1073741824 bytes for metadata and 5368709120 bytes for data in healthy node set. Required 3. Found 2.
2024-05-22 11:34:41,046 [RatisPipelineUtilsThread-0] WARN  scm.SCMCommonPlacementPolicy (SCMCommonPlacementPolicy.java:filterNodesWithSpace(287)) - Unable to find enough nodes that meet the space requirement of 1073741824 bytes for metadata and 5368709120 bytes for data in healthy node set. Required 3. Found 2.
2024-05-22 11:34:41,547 [RatisPipelineUtilsThread-0] WARN  scm.SCMCommonPlacementPolicy (SCMCommonPlacementPolicy.java:filterNodesWithSpace(287)) - Unable to find enough nodes that meet the space requirement of 1073741824 bytes for metadata and 5368709120 bytes for data in healthy node set. Required 3. Found 2.
2024-05-22 11:34:42,047 [RatisPipelineUtilsThread-0] WARN  scm.SCMCommonPlacementPolicy (SCMCommonPlacementPolicy.java:filterNodesWithSpace(287)) - Unable to find enough nodes that meet the space requirement of 1073741824 bytes for metadata and 5368709120 bytes for data in healthy node set. Required 3. Found 2.
2024-05-22 11:34:42,548 [RatisPipelineUtilsThread-0] WARN  scm.SCMCommonPlacementPolicy (SCMCommonPlacementPolicy.java:filterNodesWithSpace(287)) - Unable to find enough nodes that meet the space requirement of 1073741824 bytes for metadata and 5368709120 bytes for data in healthy node set. Required 3. Found 2.
2024-05-22 11:34:43,048 [RatisPipelineUtilsThread-0] WARN  scm.SCMCommonPlacementPolicy (SCMCommonPlacementPolicy.java:filterNodesWithSpace(287)) - Unable to find enough nodes that meet the space requirement of 1073741824 bytes for metadata and 5368709120 bytes for data in healthy node set. Required 3. Found 2.
2024-05-22 11:34:43,548 [RatisPipelineUtilsThread-0] WARN  scm.SCMCommonPlacementPolicy (SCMCommonPlacementPolicy.java:filterNodesWithSpace(287)) - Unable to find enough nodes that meet the space requirement of 1073741824 bytes for metadata and 5368709120 bytes for data in healthy node set. Required 3. Found 2.
2024-05-22 11:34:43,596 [timer7] WARN  server.GrpcLogAppender (LogUtils.java:warn(121)) - ae2fb675-4ad2-4742-b745-16c1dba3b70f@group-F0B03FD0AD5D->538779f6-f80f-4bc7-8424-1a47a535146d-AppendLogResponseHandler: Failed appendEntries (Repeated 2 times in the last 5.000s): org.apache.ratis.thirdparty.io.grpc.StatusRuntimeException: UNAVAILABLE: io exception
2024-05-22 11:34:43,596 [timer0] WARN  server.GrpcLogAppender (GrpcLogAppender.java:lambda$resetClient$1(217)) - ae2fb675-4ad2-4742-b745-16c1dba3b70f@group-5008F0A1828C->538779f6-f80f-4bc7-8424-1a47a535146d-GrpcLogAppender: Follower failed (request=null, errorCount=76); keep nextIndex (1) unchanged and retry. (Repeated 6 times in the last 5.000s)
2024-05-22 11:34:44,049 [RatisPipelineUtilsThread-0] WARN  scm.SCMCommonPlacementPolicy (SCMCommonPlacementPolicy.java:filterNodesWithSpace(287)) - Unable to find enough nodes that meet the space requirement of 1073741824 bytes for metadata and 5368709120 bytes for data in healthy node set. Required 3. Found 2.
2024-05-22 11:34:44,088 [timer2] WARN  server.GrpcLogAppender (LogUtils.java:warn(121)) - ae2fb675-4ad2-4742-b745-16c1dba3b70f@group-5008F0A1828C->538779f6-f80f-4bc7-8424-1a47a535146d-AppendLogResponseHandler: Failed appendEntries (Repeated 4 times in the last 5.000s): org.apache.ratis.thirdparty.io.grpc.StatusRuntimeException: UNAVAILABLE: io exception
2024-05-22 11:34:44,392 [grpc-default-executor-2] WARN  server.GrpcLogAppender (LogUtils.java:warn(121)) - ae2fb675-4ad2-4742-b745-16c1dba3b70f@group-F0B03FD0AD5D->538779f6-f80f-4bc7-8424-1a47a535146d-AppendLogResponseHandler: Failed appendEntries: org.apache.ratis.thirdparty.io.grpc.StatusRuntimeException: UNAVAILABLE: io exception
2024-05-22 11:34:44,392 [grpc-default-executor-0] WARN  server.GrpcLogAppender (GrpcLogAppender.java:lambda$resetClient$1(217)) - ae2fb675-4ad2-4742-b745-16c1dba3b70f@group-F0B03FD0AD5D->538779f6-f80f-4bc7-8424-1a47a535146d-GrpcLogAppender: Follower failed (request=null, errorCount=77); keep nextIndex (1) unchanged and retry.
2024-05-22 11:34:44,549 [RatisPipelineUtilsThread-0] WARN  scm.SCMCommonPlacementPolicy (SCMCommonPlacementPolicy.java:filterNodesWithSpace(287)) - Unable to find enough nodes that meet the space requirement of 1073741824 bytes for metadata and 5368709120 bytes for data in healthy node set. Required 3. Found 2.
2024-05-22 11:34:45,050 [RatisPipelineUtilsThread-0] WARN  scm.SCMCommonPlacementPolicy (SCMCommonPlacementPolicy.java:filterNodesWithSpace(287)) - Unable to find enough nodes that meet the space requirement of 1073741824 bytes for metadata and 5368709120 bytes for data in healthy node set. Required 3. Found 2.
2024-05-22 11:34:45,550 [RatisPipelineUtilsThread-0] WARN  scm.SCMCommonPlacementPolicy (SCMCommonPlacementPolicy.java:filterNodesWithSpace(287)) - Unable to find enough nodes that meet the space requirement of 1073741824 bytes for metadata and 5368709120 bytes for data in healthy node set. Required 3. Found 2.
2024-05-22 11:34:46,050 [RatisPipelineUtilsThread-0] WARN  scm.SCMCommonPlacementPolicy (SCMCommonPlacementPolicy.java:filterNodesWithSpace(287)) - Unable to find enough nodes that meet the space requirement of 1073741824 bytes for metadata and 5368709120 bytes for data in healthy node set. Required 3. Found 2.
2024-05-22 11:34:46,551 [RatisPipelineUtilsThread-0] WARN  scm.SCMCommonPlacementPolicy (SCMCommonPlacementPolicy.java:filterNodesWithSpace(287)) - Unable to find enough nodes that meet the space requirement of 1073741824 bytes for metadata and 5368709120 bytes for data in healthy node set. Required 3. Found 2.
2024-05-22 11:34:47,051 [RatisPipelineUtilsThread-0] WARN  scm.SCMCommonPlacementPolicy (SCMCommonPlacementPolicy.java:filterNodesWithSpace(287)) - Unable to find enough nodes that meet the space requirement of 1073741824 bytes for metadata and 5368709120 bytes for data in healthy node set. Required 3. Found 2.
2024-05-22 11:34:47,552 [RatisPipelineUtilsThread-0] WARN  scm.SCMCommonPlacementPolicy (SCMCommonPlacementPolicy.java:filterNodesWithSpace(287)) - Unable to find enough nodes that meet the space requirement of 1073741824 bytes for metadata and 5368709120 bytes for data in healthy node set. Required 3. Found 2.
2024-05-22 11:34:47,673 [grpc-default-executor-0] WARN  server.GrpcLogAppender (LogUtils.java:warn(121)) - ae2fb675-4ad2-4742-b745-16c1dba3b70f@group-5008F0A1828C->538779f6-f80f-4bc7-8424-1a47a535146d-AppendLogResponseHandler: Failed appendEntries: org.apache.ratis.thirdparty.io.grpc.StatusRuntimeException: UNAVAILABLE: io exception
2024-05-22 11:34:48,052 [RatisPipelineUtilsThread-0] WARN  scm.SCMCommonPlacementPolicy (SCMCommonPlacementPolicy.java:filterNodesWithSpace(287)) - Unable to find enough nodes that meet the space requirement of 1073741824 bytes for metadata and 5368709120 bytes for data in healthy node set. Required 3. Found 2.
2024-05-22 11:34:48,553 [RatisPipelineUtilsThread-0] WARN  scm.SCMCommonPlacementPolicy (SCMCommonPlacementPolicy.java:filterNodesWithSpace(287)) - Unable to find enough nodes that meet the space requirement of 1073741824 bytes for metadata and 5368709120 bytes for data in healthy node set. Required 3. Found 2.
2024-05-22 11:34:49,053 [RatisPipelineUtilsThread-0] WARN  scm.SCMCommonPlacementPolicy (SCMCommonPlacementPolicy.java:filterNodesWithSpace(287)) - Unable to find enough nodes that meet the space requirement of 1073741824 bytes for metadata and 5368709120 bytes for data in healthy node set. Required 3. Found 2.
2024-05-22 11:34:49,392 [timer0] WARN  server.GrpcLogAppender (LogUtils.java:warn(121)) - ae2fb675-4ad2-4742-b745-16c1dba3b70f@group-F0B03FD0AD5D->538779f6-f80f-4bc7-8424-1a47a535146d-AppendLogResponseHandler: Failed appendEntries (Repeated 4 times in the last 5.000s): org.apache.ratis.thirdparty.io.grpc.StatusRuntimeException: UNAVAILABLE: io exception
2024-05-22 11:34:49,393 [timer1] WARN  server.GrpcLogAppender (GrpcLogAppender.java:lambda$resetClient$1(217)) - ae2fb675-4ad2-4742-b745-16c1dba3b70f@group-5008F0A1828C->538779f6-f80f-4bc7-8424-1a47a535146d-GrpcLogAppender: Follower failed (request=null, errorCount=78); keep nextIndex (1) unchanged and retry. (Repeated 6 times in the last 5.000s)
2024-05-22 11:34:49,553 [RatisPipelineUtilsThread-0] WARN  scm.SCMCommonPlacementPolicy (SCMCommonPlacementPolicy.java:filterNodesWithSpace(287)) - Unable to find enough nodes that meet the space requirement of 1073741824 bytes for metadata and 5368709120 bytes for data in healthy node set. Required 3. Found 2.
2024-05-22 11:34:50,054 [RatisPipelineUtilsThread-0] WARN  scm.SCMCommonPlacementPolicy (SCMCommonPlacementPolicy.java:filterNodesWithSpace(287)) - Unable to find enough nodes that meet the space requirement of 1073741824 bytes for metadata and 5368709120 bytes for data in healthy node set. Required 3. Found 2.
2024-05-22 11:34:50,554 [RatisPipelineUtilsThread-0] WARN  scm.SCMCommonPlacementPolicy (SCMCommonPlacementPolicy.java:filterNodesWithSpace(287)) - Unable to find enough nodes that meet the space requirement of 1073741824 bytes for metadata and 5368709120 bytes for data in healthy node set. Required 3. Found 2.
2024-05-22 11:34:51,055 [RatisPipelineUtilsThread-0] WARN  scm.SCMCommonPlacementPolicy (SCMCommonPlacementPolicy.java:filterNodesWithSpace(287)) - Unable to find enough nodes that meet the space requirement of 1073741824 bytes for metadata and 5368709120 bytes for data in healthy node set. Required 3. Found 2.
2024-05-22 11:34:51,555 [RatisPipelineUtilsThread-0] WARN  scm.SCMCommonPlacementPolicy (SCMCommonPlacementPolicy.java:filterNodesWithSpace(287)) - Unable to find enough nodes that meet the space requirement of 1073741824 bytes for metadata and 5368709120 bytes for data in healthy node set. Required 3. Found 2.
2024-05-22 11:34:51,753 [grpc-default-executor-0] WARN  server.GrpcLogAppender (GrpcLogAppender.java:lambda$resetClient$1(217)) - ae2fb675-4ad2-4742-b745-16c1dba3b70f@group-5008F0A1828C->538779f6-f80f-4bc7-8424-1a47a535146d-GrpcLogAppender: Follower failed (request=null, errorCount=79); keep nextIndex (1) unchanged and retry.
2024-05-22 11:34:52,055 [RatisPipelineUtilsThread-0] WARN  scm.SCMCommonPlacementPolicy (SCMCommonPlacementPolicy.java:filterNodesWithSpace(287)) - Unable to find enough nodes that meet the space requirement of 1073741824 bytes for metadata and 5368709120 bytes for data in healthy node set. Required 3. Found 2.
2024-05-22 11:34:52,556 [RatisPipelineUtilsThread-0] WARN  scm.SCMCommonPlacementPolicy (SCMCommonPlacementPolicy.java:filterNodesWithSpace(287)) - Unable to find enough nodes that meet the space requirement of 1073741824 bytes for metadata and 5368709120 bytes for data in healthy node set. Required 3. Found 2.
2024-05-22 11:34:52,674 [timer2] WARN  server.GrpcLogAppender (LogUtils.java:warn(121)) - ae2fb675-4ad2-4742-b745-16c1dba3b70f@group-5008F0A1828C->538779f6-f80f-4bc7-8424-1a47a535146d-AppendLogResponseHandler: Failed appendEntries (Repeated 4 times in the last 5.000s): org.apache.ratis.thirdparty.io.grpc.StatusRuntimeException: UNAVAILABLE: io exception
2024-05-22 11:34:53,056 [RatisPipelineUtilsThread-0] WARN  scm.SCMCommonPlacementPolicy (SCMCommonPlacementPolicy.java:filterNodesWithSpace(287)) - Unable to find enough nodes that meet the space requirement of 1073741824 bytes for metadata and 5368709120 bytes for data in healthy node set. Required 3. Found 2.
2024-05-22 11:34:53,557 [RatisPipelineUtilsThread-0] WARN  scm.SCMCommonPlacementPolicy (SCMCommonPlacementPolicy.java:filterNodesWithSpace(287)) - Unable to find enough nodes that meet the space requirement of 1073741824 bytes for metadata and 5368709120 bytes for data in healthy node set. Required 3. Found 2.
2024-05-22 11:34:54,057 [RatisPipelineUtilsThread-0] WARN  scm.SCMCommonPlacementPolicy (SCMCommonPlacementPolicy.java:filterNodesWithSpace(287)) - Unable to find enough nodes that meet the space requirement of 1073741824 bytes for metadata and 5368709120 bytes for data in healthy node set. Required 3. Found 2.
2024-05-22 11:34:54,209 [grpc-default-executor-2] WARN  server.GrpcLogAppender (LogUtils.java:warn(121)) - ae2fb675-4ad2-4742-b745-16c1dba3b70f@group-F0B03FD0AD5D->538779f6-f80f-4bc7-8424-1a47a535146d-AppendLogResponseHandler: Failed appendEntries: org.apache.ratis.thirdparty.io.grpc.StatusRuntimeException: UNAVAILABLE: io exception
2024-05-22 11:34:54,319 [grpc-default-executor-0] WARN  server.GrpcLogAppender (LogUtils.java:warn(121)) - ae2fb675-4ad2-4742-b745-16c1dba3b70f@group-5008F0A1828C->538779f6-f80f-4bc7-8424-1a47a535146d-AppendLogResponseHandler: Failed appendEntries: org.apache.ratis.thirdparty.io.grpc.StatusRuntimeException: UNAVAILABLE: io exception
2024-05-22 11:34:54,558 [RatisPipelineUtilsThread-0] WARN  scm.SCMCommonPlacementPolicy (SCMCommonPlacementPolicy.java:filterNodesWithSpace(287)) - Unable to find enough nodes that meet the space requirement of 1073741824 bytes for metadata and 5368709120 bytes for data in healthy node set. Required 3. Found 2.
2024-05-22 11:34:55,058 [RatisPipelineUtilsThread-0] WARN  scm.SCMCommonPlacementPolicy (SCMCommonPlacementPolicy.java:filterNodesWithSpace(287)) - Unable to find enough nodes that meet the space requirement of 1073741824 bytes for metadata and 5368709120 bytes for data in healthy node set. Required 3. Found 2.
2024-05-22 11:34:55,558 [RatisPipelineUtilsThread-0] WARN  scm.SCMCommonPlacementPolicy (SCMCommonPlacementPolicy.java:filterNodesWithSpace(287)) - Unable to find enough nodes that meet the space requirement of 1073741824 bytes for metadata and 5368709120 bytes for data in healthy node set. Required 3. Found 2.
2024-05-22 11:34:56,059 [RatisPipelineUtilsThread-0] WARN  scm.SCMCommonPlacementPolicy (SCMCommonPlacementPolicy.java:filterNodesWithSpace(287)) - Unable to find enough nodes that meet the space requirement of 1073741824 bytes for metadata and 5368709120 bytes for data in healthy node set. Required 3. Found 2.
2024-05-22 11:34:56,559 [RatisPipelineUtilsThread-0] WARN  scm.SCMCommonPlacementPolicy (SCMCommonPlacementPolicy.java:filterNodesWithSpace(287)) - Unable to find enough nodes that meet the space requirement of 1073741824 bytes for metadata and 5368709120 bytes for data in healthy node set. Required 3. Found 2.
2024-05-22 11:34:56,753 [timer2] WARN  server.GrpcLogAppender (GrpcLogAppender.java:lambda$resetClient$1(217)) - ae2fb675-4ad2-4742-b745-16c1dba3b70f@group-5008F0A1828C->538779f6-f80f-4bc7-8424-1a47a535146d-GrpcLogAppender: Follower failed (request=null, errorCount=82); keep nextIndex (1) unchanged and retry. (Repeated 6 times in the last 5.000s)
2024-05-22 11:34:57,049 [grpc-default-executor-0] WARN  server.GrpcLogAppender (GrpcLogAppender.java:lambda$resetClient$1(217)) - ae2fb675-4ad2-4742-b745-16c1dba3b70f@group-F0B03FD0AD5D->538779f6-f80f-4bc7-8424-1a47a535146d-GrpcLogAppender: Follower failed (request=null, errorCount=83); keep nextIndex (1) unchanged and retry.
2024-05-22 11:34:57,060 [RatisPipelineUtilsThread-0] WARN  scm.SCMCommonPlacementPolicy (SCMCommonPlacementPolicy.java:filterNodesWithSpace(287)) - Unable to find enough nodes that meet the space requirement of 1073741824 bytes for metadata and 5368709120 bytes for data in healthy node set. Required 3. Found 2.
2024-05-22 11:34:57,560 [RatisPipelineUtilsThread-0] WARN  scm.SCMCommonPlacementPolicy (SCMCommonPlacementPolicy.java:filterNodesWithSpace(287)) - Unable to find enough nodes that meet the space requirement of 1073741824 bytes for metadata and 5368709120 bytes for data in healthy node set. Required 3. Found 2.
2024-05-22 11:34:58,060 [RatisPipelineUtilsThread-0] WARN  scm.SCMCommonPlacementPolicy (SCMCommonPlacementPolicy.java:filterNodesWithSpace(287)) - Unable to find enough nodes that meet the space requirement of 1073741824 bytes for metadata and 5368709120 bytes for data in healthy node set. Required 3. Found 2.
2024-05-22 11:34:58,561 [RatisPipelineUtilsThread-0] WARN  scm.SCMCommonPlacementPolicy (SCMCommonPlacementPolicy.java:filterNodesWithSpace(287)) - Unable to find enough nodes that meet the space requirement of 1073741824 bytes for metadata and 5368709120 bytes for data in healthy node set. Required 3. Found 2.
2024-05-22 11:34:59,061 [RatisPipelineUtilsThread-0] WARN  scm.SCMCommonPlacementPolicy (SCMCommonPlacementPolicy.java:filterNodesWithSpace(287)) - Unable to find enough nodes that meet the space requirement of 1073741824 bytes for metadata and 5368709120 bytes for data in healthy node set. Required 3. Found 2.
2024-05-22 11:34:59,209 [timer1] WARN  server.GrpcLogAppender (LogUtils.java:warn(121)) - ae2fb675-4ad2-4742-b745-16c1dba3b70f@group-F0B03FD0AD5D->538779f6-f80f-4bc7-8424-1a47a535146d-AppendLogResponseHandler: Failed appendEntries (Repeated 4 times in the last 5.000s): org.apache.ratis.thirdparty.io.grpc.StatusRuntimeException: UNAVAILABLE: io exception
2024-05-22 11:34:59,319 [timer3] WARN  server.GrpcLogAppender (LogUtils.java:warn(121)) - ae2fb675-4ad2-4742-b745-16c1dba3b70f@group-5008F0A1828C->538779f6-f80f-4bc7-8424-1a47a535146d-AppendLogResponseHandler: Failed appendEntries (Repeated 4 times in the last 5.000s): org.apache.ratis.thirdparty.io.grpc.StatusRuntimeException: UNAVAILABLE: io exception
2024-05-22 11:34:59,562 [RatisPipelineUtilsThread-0] WARN  scm.SCMCommonPlacementPolicy (SCMCommonPlacementPolicy.java:filterNodesWithSpace(287)) - Unable to find enough nodes that meet the space requirement of 1073741824 bytes for metadata and 5368709120 bytes for data in healthy node set. Required 3. Found 2.
2024-05-22 11:35:00,062 [RatisPipelineUtilsThread-0] WARN  scm.SCMCommonPlacementPolicy (SCMCommonPlacementPolicy.java:filterNodesWithSpace(287)) - Unable to find enough nodes that meet the space requirement of 1073741824 bytes for metadata and 5368709120 bytes for data in healthy node set. Required 3. Found 2.
2024-05-22 11:35:00,563 [RatisPipelineUtilsThread-0] WARN  scm.SCMCommonPlacementPolicy (SCMCommonPlacementPolicy.java:filterNodesWithSpace(287)) - Unable to find enough nodes that meet the space requirement of 1073741824 bytes for metadata and 5368709120 bytes for data in healthy node set. Required 3. Found 2.
2024-05-22 11:35:01,063 [RatisPipelineUtilsThread-0] WARN  scm.SCMCommonPlacementPolicy (SCMCommonPlacementPolicy.java:filterNodesWithSpace(287)) - Unable to find enough nodes that meet the space requirement of 1073741824 bytes for metadata and 5368709120 bytes for data in healthy node set. Required 3. Found 2.
2024-05-22 11:35:01,563 [RatisPipelineUtilsThread-0] WARN  scm.SCMCommonPlacementPolicy (SCMCommonPlacementPolicy.java:filterNodesWithSpace(287)) - Unable to find enough nodes that meet the space requirement of 1073741824 bytes for metadata and 5368709120 bytes for data in healthy node set. Required 3. Found 2.
2024-05-22 11:35:02,049 [timer2] WARN  server.GrpcLogAppender (GrpcLogAppender.java:lambda$resetClient$1(217)) - ae2fb675-4ad2-4742-b745-16c1dba3b70f@group-5008F0A1828C->538779f6-f80f-4bc7-8424-1a47a535146d-GrpcLogAppender: Follower failed (request=null, errorCount=84); keep nextIndex (1) unchanged and retry. (Repeated 4 times in the last 5.000s)
2024-05-22 11:35:02,064 [RatisPipelineUtilsThread-0] WARN  scm.SCMCommonPlacementPolicy (SCMCommonPlacementPolicy.java:filterNodesWithSpace(287)) - Unable to find enough nodes that meet the space requirement of 1073741824 bytes for metadata and 5368709120 bytes for data in healthy node set. Required 3. Found 2.
2024-05-22 11:35:02,564 [RatisPipelineUtilsThread-0] WARN  scm.SCMCommonPlacementPolicy (SCMCommonPlacementPolicy.java:filterNodesWithSpace(287)) - Unable to find enough nodes that meet the space requirement of 1073741824 bytes for metadata and 5368709120 bytes for data in healthy node set. Required 3. Found 2.
2024-05-22 11:35:02,764 [grpc-default-executor-2] WARN  server.GrpcLogAppender (LogUtils.java:warn(121)) - ae2fb675-4ad2-4742-b745-16c1dba3b70f@group-5008F0A1828C->538779f6-f80f-4bc7-8424-1a47a535146d-AppendLogResponseHandler: Failed appendEntries: org.apache.ratis.thirdparty.io.grpc.StatusRuntimeException: UNAVAILABLE: io exception
2024-05-22 11:35:02,764 [grpc-default-executor-0] WARN  server.GrpcLogAppender (GrpcLogAppender.java:lambda$resetClient$1(217)) - ae2fb675-4ad2-4742-b745-16c1dba3b70f@group-5008F0A1828C->538779f6-f80f-4bc7-8424-1a47a535146d-GrpcLogAppender: Follower failed (request=null, errorCount=85); keep nextIndex (1) unchanged and retry.
2024-05-22 11:35:02,955 [grpc-default-executor-2] WARN  server.GrpcLogAppender (LogUtils.java:warn(121)) - ae2fb675-4ad2-4742-b745-16c1dba3b70f@group-F0B03FD0AD5D->538779f6-f80f-4bc7-8424-1a47a535146d-AppendLogResponseHandler: Failed appendEntries: org.apache.ratis.thirdparty.io.grpc.StatusRuntimeException: UNAVAILABLE: io exception
2024-05-22 11:35:03,064 [RatisPipelineUtilsThread-0] WARN  scm.SCMCommonPlacementPolicy (SCMCommonPlacementPolicy.java:filterNodesWithSpace(287)) - Unable to find enough nodes that meet the space requirement of 1073741824 bytes for metadata and 5368709120 bytes for data in healthy node set. Required 3. Found 2.
2024-05-22 11:35:03,565 [RatisPipelineUtilsThread-0] WARN  scm.SCMCommonPlacementPolicy (SCMCommonPlacementPolicy.java:filterNodesWithSpace(287)) - Unable to find enough nodes that meet the space requirement of 1073741824 bytes for metadata and 5368709120 bytes for data in healthy node set. Required 3. Found 2.
2024-05-22 11:35:04,065 [RatisPipelineUtilsThread-0] WARN  scm.SCMCommonPlacementPolicy (SCMCommonPlacementPolicy.java:filterNodesWithSpace(287)) - Unable to find enough nodes that meet the space requirement of 1073741824 bytes for metadata and 5368709120 bytes for data in healthy node set. Required 3. Found 2.
2024-05-22 11:35:04,566 [RatisPipelineUtilsThread-0] WARN  scm.SCMCommonPlacementPolicy (SCMCommonPlacementPolicy.java:filterNodesWithSpace(287)) - Unable to find enough nodes that meet the space requirement of 1073741824 bytes for metadata and 5368709120 bytes for data in healthy node set. Required 3. Found 2.
2024-05-22 11:35:05,066 [RatisPipelineUtilsThread-0] WARN  scm.SCMCommonPlacementPolicy (SCMCommonPlacementPolicy.java:filterNodesWithSpace(287)) - Unable to find enough nodes that meet the space requirement of 1073741824 bytes for metadata and 5368709120 bytes for data in healthy node set. Required 3. Found 2.
2024-05-22 11:35:05,566 [RatisPipelineUtilsThread-0] WARN  scm.SCMCommonPlacementPolicy (SCMCommonPlacementPolicy.java:filterNodesWithSpace(287)) - Unable to find enough nodes that meet the space requirement of 1073741824 bytes for metadata and 5368709120 bytes for data in healthy node set. Required 3. Found 2.
2024-05-22 11:35:06,067 [RatisPipelineUtilsThread-0] WARN  scm.SCMCommonPlacementPolicy (SCMCommonPlacementPolicy.java:filterNodesWithSpace(287)) - Unable to find enough nodes that meet the space requirement of 1073741824 bytes for metadata and 5368709120 bytes for data in healthy node set. Required 3. Found 2.
2024-05-22 11:35:06,567 [RatisPipelineUtilsThread-0] WARN  scm.SCMCommonPlacementPolicy (SCMCommonPlacementPolicy.java:filterNodesWithSpace(287)) - Unable to find enough nodes that meet the space requirement of 1073741824 bytes for metadata and 5368709120 bytes for data in healthy node set. Required 3. Found 2.
2024-05-22 11:35:07,068 [RatisPipelineUtilsThread-0] WARN  scm.SCMCommonPlacementPolicy (SCMCommonPlacementPolicy.java:filterNodesWithSpace(287)) - Unable to find enough nodes that meet the space requirement of 1073741824 bytes for metadata and 5368709120 bytes for data in healthy node set. Required 3. Found 2.
2024-05-22 11:35:07,568 [RatisPipelineUtilsThread-0] WARN  scm.SCMCommonPlacementPolicy (SCMCommonPlacementPolicy.java:filterNodesWithSpace(287)) - Unable to find enough nodes that meet the space requirement of 1073741824 bytes for metadata and 5368709120 bytes for data in healthy node set. Required 3. Found 2.
2024-05-22 11:35:07,764 [timer1] WARN  server.GrpcLogAppender (LogUtils.java:warn(121)) - ae2fb675-4ad2-4742-b745-16c1dba3b70f@group-5008F0A1828C->538779f6-f80f-4bc7-8424-1a47a535146d-AppendLogResponseHandler: Failed appendEntries (Repeated 4 times in the last 5.000s): org.apache.ratis.thirdparty.io.grpc.StatusRuntimeException: UNAVAILABLE: io exception
2024-05-22 11:35:07,764 [timer2] WARN  server.GrpcLogAppender (GrpcLogAppender.java:lambda$resetClient$1(217)) - ae2fb675-4ad2-4742-b745-16c1dba3b70f@group-5008F0A1828C->538779f6-f80f-4bc7-8424-1a47a535146d-GrpcLogAppender: Follower failed (request=null, errorCount=88); keep nextIndex (1) unchanged and retry. (Repeated 6 times in the last 5.000s)
2024-05-22 11:35:07,956 [timer4] WARN  server.GrpcLogAppender (LogUtils.java:warn(121)) - ae2fb675-4ad2-4742-b745-16c1dba3b70f@group-F0B03FD0AD5D->538779f6-f80f-4bc7-8424-1a47a535146d-AppendLogResponseHandler: Failed appendEntries (Repeated 2 times in the last 5.001s): org.apache.ratis.thirdparty.io.grpc.StatusRuntimeException: UNAVAILABLE: io exception
2024-05-22 11:35:08,068 [RatisPipelineUtilsThread-0] WARN  scm.SCMCommonPlacementPolicy (SCMCommonPlacementPolicy.java:filterNodesWithSpace(287)) - Unable to find enough nodes that meet the space requirement of 1073741824 bytes for metadata and 5368709120 bytes for data in healthy node set. Required 3. Found 2.
2024-05-22 11:35:08,569 [RatisPipelineUtilsThread-0] WARN  scm.SCMCommonPlacementPolicy (SCMCommonPlacementPolicy.java:filterNodesWithSpace(287)) - Unable to find enough nodes that meet the space requirement of 1073741824 bytes for metadata and 5368709120 bytes for data in healthy node set. Required 3. Found 2.
2024-05-22 11:35:08,701 [JvmPauseMonitor10] INFO  util.JvmPauseMonitor (JvmPauseMonitor.java:run(152)) - JvmPauseMonitor-538779f6-f80f-4bc7-8424-1a47a535146d: Stopped
2024-05-22 11:35:08,702 [main] ERROR server.XceiverServerGrpc (XceiverServerGrpc.java:stop(216)) - failed to shutdown XceiverServerGrpc
java.lang.InterruptedException
	at java.base/java.lang.Object.wait(Native Method)
	at java.base/java.lang.Object.wait(Object.java:472)
	at java.base/java.util.concurrent.TimeUnit.timedWait(TimeUnit.java:408)
	at org.apache.ratis.thirdparty.io.grpc.internal.ServerImpl.awaitTermination(ServerImpl.java:312)
	at org.apache.hadoop.ozone.container.common.transport.server.XceiverServerGrpc.stop(XceiverServerGrpc.java:213)
	at org.apache.hadoop.ozone.container.ozoneimpl.OzoneContainer.stop(OzoneContainer.java:485)
	at org.apache.hadoop.ozone.container.common.statemachine.DatanodeStateMachine.close(DatanodeStateMachine.java:447)
	at org.apache.hadoop.ozone.container.common.statemachine.DatanodeStateMachine.stopDaemon(DatanodeStateMachine.java:637)
	at org.apache.hadoop.ozone.HddsDatanodeService.stop(HddsDatanodeService.java:550)
	at org.apache.hadoop.ozone.MiniOzoneClusterImpl.stopDatanode(MiniOzoneClusterImpl.java:479)
	at org.apache.hadoop.ozone.MiniOzoneClusterImpl.shutdownHddsDatanode(MiniOzoneClusterImpl.java:381)
	at org.apache.hadoop.ozone.MiniOzoneClusterImpl.shutdownHddsDatanode(MiniOzoneClusterImpl.java:386)
	at org.apache.hadoop.hdds.scm.pipeline.TestRatisPipelineCreateAndDestroy.testPipelineCreationOnNodeRestart(TestRatisPipelineCreateAndDestroy.java:136)
	at java.base/jdk.internal.reflect.NativeMethodAccessorImpl.invoke0(Native Method)
	at java.base/jdk.internal.reflect.NativeMethodAccessorImpl.invoke(NativeMethodAccessorImpl.java:77)
	at java.base/jdk.internal.reflect.DelegatingMethodAccessorImpl.invoke(DelegatingMethodAccessorImpl.java:43)
	at java.base/java.lang.reflect.Method.invoke(Method.java:568)
	at org.junit.platform.commons.util.ReflectionUtils.invokeMethod(ReflectionUtils.java:728)
	at org.junit.jupiter.engine.execution.MethodInvocation.proceed(MethodInvocation.java:60)
	at org.junit.jupiter.engine.execution.InvocationInterceptorChain$ValidatingInvocation.proceed(InvocationInterceptorChain.java:131)
	at org.junit.jupiter.engine.extension.SameThreadTimeoutInvocation.proceed(SameThreadTimeoutInvocation.java:45)
	at org.junit.jupiter.engine.extension.TimeoutExtension.intercept(TimeoutExtension.java:156)
	at org.junit.jupiter.engine.extension.TimeoutExtension.interceptTestableMethod(TimeoutExtension.java:147)
	at org.junit.jupiter.engine.extension.TimeoutExtension.interceptTestMethod(TimeoutExtension.java:86)
	at org.junit.jupiter.engine.execution.InterceptingExecutableInvoker$ReflectiveInterceptorCall.lambda$ofVoidMethod$0(InterceptingExecutableInvoker.java:103)
	at org.junit.jupiter.engine.execution.InterceptingExecutableInvoker.lambda$invoke$0(InterceptingExecutableInvoker.java:93)
	at org.junit.jupiter.engine.execution.InvocationInterceptorChain$InterceptedInvocation.proceed(InvocationInterceptorChain.java:106)
	at org.junit.jupiter.engine.execution.InvocationInterceptorChain.proceed(InvocationInterceptorChain.java:64)
	at org.junit.jupiter.engine.execution.InvocationInterceptorChain.chainAndInvoke(InvocationInterceptorChain.java:45)
	at org.junit.jupiter.engine.execution.InvocationInterceptorChain.invoke(InvocationInterceptorChain.java:37)
	at org.junit.jupiter.engine.execution.InterceptingExecutableInvoker.invoke(InterceptingExecutableInvoker.java:92)
	at org.junit.jupiter.engine.execution.InterceptingExecutableInvoker.invoke(InterceptingExecutableInvoker.java:86)
	at org.junit.jupiter.engine.descriptor.TestMethodTestDescriptor.lambda$invokeTestMethod$7(TestMethodTestDescriptor.java:218)
	at org.junit.platform.engine.support.hierarchical.ThrowableCollector.execute(ThrowableCollector.java:73)
	at org.junit.jupiter.engine.descriptor.TestMethodTestDescriptor.invokeTestMethod(TestMethodTestDescriptor.java:214)
	at org.junit.jupiter.engine.descriptor.TestMethodTestDescriptor.execute(TestMethodTestDescriptor.java:139)
	at org.junit.jupiter.engine.descriptor.TestMethodTestDescriptor.execute(TestMethodTestDescriptor.java:69)
	at org.junit.platform.engine.support.hierarchical.NodeTestTask.lambda$executeRecursively$6(NodeTestTask.java:151)
	at org.junit.platform.engine.support.hierarchical.ThrowableCollector.execute(ThrowableCollector.java:73)
	at org.junit.platform.engine.support.hierarchical.NodeTestTask.lambda$executeRecursively$8(NodeTestTask.java:141)
	at org.junit.platform.engine.support.hierarchical.Node.around(Node.java:137)
	at org.junit.platform.engine.support.hierarchical.NodeTestTask.lambda$executeRecursively$9(NodeTestTask.java:139)
	at org.junit.platform.engine.support.hierarchical.ThrowableCollector.execute(ThrowableCollector.java:73)
	at org.junit.platform.engine.support.hierarchical.NodeTestTask.executeRecursively(NodeTestTask.java:138)
	at org.junit.platform.engine.support.hierarchical.NodeTestTask.execute(NodeTestTask.java:95)
	at java.base/java.util.ArrayList.forEach(ArrayList.java:1511)
	at org.junit.platform.engine.support.hierarchical.SameThreadHierarchicalTestExecutorService.invokeAll(SameThreadHierarchicalTestExecutorService.java:41)
	at org.junit.platform.engine.support.hierarchical.NodeTestTask.lambda$executeRecursively$6(NodeTestTask.java:155)
	at org.junit.platform.engine.support.hierarchical.ThrowableCollector.execute(ThrowableCollector.java:73)
	at org.junit.platform.engine.support.hierarchical.NodeTestTask.lambda$executeRecursively$8(NodeTestTask.java:141)
	at org.junit.platform.engine.support.hierarchical.Node.around(Node.java:137)
	at org.junit.platform.engine.support.hierarchical.NodeTestTask.lambda$executeRecursively$9(NodeTestTask.java:139)
	at org.junit.platform.engine.support.hierarchical.ThrowableCollector.execute(ThrowableCollector.java:73)
	at org.junit.platform.engine.support.hierarchical.NodeTestTask.executeRecursively(NodeTestTask.java:138)
	at org.junit.platform.engine.support.hierarchical.NodeTestTask.execute(NodeTestTask.java:95)
	at java.base/java.util.ArrayList.forEach(ArrayList.java:1511)
	at org.junit.platform.engine.support.hierarchical.SameThreadHierarchicalTestExecutorService.invokeAll(SameThreadHierarchicalTestExecutorService.java:41)
	at org.junit.platform.engine.support.hierarchical.NodeTestTask.lambda$executeRecursively$6(NodeTestTask.java:155)
	at org.junit.platform.engine.support.hierarchical.ThrowableCollector.execute(ThrowableCollector.java:73)
	at org.junit.platform.engine.support.hierarchical.NodeTestTask.lambda$executeRecursively$8(NodeTestTask.java:141)
	at org.junit.platform.engine.support.hierarchical.Node.around(Node.java:137)
	at org.junit.platform.engine.support.hierarchical.NodeTestTask.lambda$executeRecursively$9(NodeTestTask.java:139)
	at org.junit.platform.engine.support.hierarchical.ThrowableCollector.execute(ThrowableCollector.java:73)
	at org.junit.platform.engine.support.hierarchical.NodeTestTask.executeRecursively(NodeTestTask.java:138)
	at org.junit.platform.engine.support.hierarchical.NodeTestTask.execute(NodeTestTask.java:95)
	at org.junit.platform.engine.support.hierarchical.SameThreadHierarchicalTestExecutorService.submit(SameThreadHierarchicalTestExecutorService.java:35)
	at org.junit.platform.engine.support.hierarchical.HierarchicalTestExecutor.execute(HierarchicalTestExecutor.java:57)
	at org.junit.platform.engine.support.hierarchical.HierarchicalTestEngine.execute(HierarchicalTestEngine.java:54)
	at org.junit.platform.launcher.core.EngineExecutionOrchestrator.execute(EngineExecutionOrchestrator.java:198)
	at org.junit.platform.launcher.core.EngineExecutionOrchestrator.execute(EngineExecutionOrchestrator.java:169)
	at org.junit.platform.launcher.core.EngineExecutionOrchestrator.execute(EngineExecutionOrchestrator.java:93)
	at org.junit.platform.launcher.core.EngineExecutionOrchestrator.lambda$execute$0(EngineExecutionOrchestrator.java:58)
	at org.junit.platform.launcher.core.EngineExecutionOrchestrator.withInterceptedStreams(EngineExecutionOrchestrator.java:141)
	at org.junit.platform.launcher.core.EngineExecutionOrchestrator.execute(EngineExecutionOrchestrator.java:57)
	at org.junit.platform.launcher.core.DefaultLauncher.execute(DefaultLauncher.java:103)
	at org.junit.platform.launcher.core.DefaultLauncher.execute(DefaultLauncher.java:85)
	at org.junit.platform.launcher.core.DelegatingLauncher.execute(DelegatingLauncher.java:47)
	at org.junit.platform.launcher.core.SessionPerRequestLauncher.execute(SessionPerRequestLauncher.java:63)
	at org.apache.maven.surefire.junitplatform.JUnitPlatformProvider.invokeAllTests(JUnitPlatformProvider.java:154)
	at org.apache.maven.surefire.junitplatform.JUnitPlatformProvider.invoke(JUnitPlatformProvider.java:123)
	at org.apache.maven.surefire.booter.ForkedBooter.runSuitesInProcess(ForkedBooter.java:377)
	at org.apache.maven.surefire.booter.ForkedBooter.execute(ForkedBooter.java:138)
	at org.apache.maven.surefire.booter.ForkedBooter.run(ForkedBooter.java:465)
	at org.apache.maven.surefire.booter.ForkedBooter.main(ForkedBooter.java:451)
2024-05-22 11:35:08,702 [main] INFO  utils.DatanodeStoreCache (DatanodeStoreCache.java:shutdownCache(116)) - Skip clearing cache in mini cluster mode. Entries left: [/home/runner/work/ozone/ozone/hadoop-ozone/integration-test/target/test-dir/MiniOzoneClusterImpl-20f17314-7331-4214-8d7b-3220b0ea8e97/ozone-meta/datanode-1/data-0/hdds/20f17314-7331-4214-8d7b-3220b0ea8e97/DS-2a2c73ea-7ef1-4cc4-92ab-12b394ff0e81/container.db, /home/runner/work/ozone/ozone/hadoop-ozone/integration-test/target/test-dir/MiniOzoneClusterImpl-20f17314-7331-4214-8d7b-3220b0ea8e97/ozone-meta/datanode-2/data-0/hdds/20f17314-7331-4214-8d7b-3220b0ea8e97/DS-7e179817-5a63-4a45-a16a-817786771e75/container.db, /home/runner/work/ozone/ozone/hadoop-ozone/integration-test/target/test-dir/MiniOzoneClusterImpl-20f17314-7331-4214-8d7b-3220b0ea8e97/ozone-meta/datanode-3/data-0/hdds/20f17314-7331-4214-8d7b-3220b0ea8e97/DS-72ce6fd3-28c4-4843-89ff-c8216d002d63/container.db]
2024-05-22 11:35:08,703 [main] INFO  utils.DatanodeStoreCache (DatanodeStoreCache.java:removeDB(110)) - Removed db /home/runner/work/ozone/ozone/hadoop-ozone/integration-test/target/test-dir/MiniOzoneClusterImpl-20f17314-7331-4214-8d7b-3220b0ea8e97/ozone-meta/datanode-1/data-0/hdds/20f17314-7331-4214-8d7b-3220b0ea8e97/DS-2a2c73ea-7ef1-4cc4-92ab-12b394ff0e81/container.db from cache
2024-05-22 11:35:08,703 [main] INFO  volume.HddsVolume (HddsVolume.java:closeDbStore(470)) - SchemaV3 db is stopped at /home/runner/work/ozone/ozone/hadoop-ozone/integration-test/target/test-dir/MiniOzoneClusterImpl-20f17314-7331-4214-8d7b-3220b0ea8e97/ozone-meta/datanode-1/data-0/hdds/20f17314-7331-4214-8d7b-3220b0ea8e97/DS-2a2c73ea-7ef1-4cc4-92ab-12b394ff0e81/container.db for volume DS-2a2c73ea-7ef1-4cc4-92ab-12b394ff0e81
2024-05-22 11:35:08,704 [main] INFO  utils.BackgroundService (BackgroundService.java:shutdown(160)) - Shutting down service BlockDeletingService
2024-05-22 11:35:08,704 [main] INFO  utils.BackgroundService (BackgroundService.java:shutdown(160)) - Shutting down service StaleRecoveringContainerScrubbingService
2024-05-22 11:35:08,704 [main] INFO  statemachine.DatanodeStateMachine (DatanodeStateMachine.java:stopDaemon(638)) - Ozone container server stopped.
2024-05-22 11:35:08,705 [main] INFO  handler.ContextHandler (ContextHandler.java:doStop(1159)) - Stopped o.e.j.w.WebAppContext@3c36c9f4{hddsDatanode,/,null,STOPPED}{file:/home/runner/work/ozone/ozone/hadoop-hdds/container-service/target/classes/webapps/hddsDatanode}
2024-05-22 11:35:08,705 [main] INFO  server.session (HouseKeeper.java:stopScavenging(149)) - node0 Stopped scavenging
2024-05-22 11:35:08,706 [main] INFO  server.AbstractConnector (AbstractConnector.java:doStop(383)) - Stopped ServerConnector@4acdc330{HTTP/1.1, (http/1.1)}{0.0.0.0:15071}
2024-05-22 11:35:08,706 [main] INFO  handler.ContextHandler (ContextHandler.java:doStop(1159)) - Stopped o.e.j.s.ServletContextHandler@593ed55b{static,/static,file:///home/runner/work/ozone/ozone/hadoop-hdds/container-service/target/classes/webapps/static,STOPPED}
2024-05-22 11:35:08,706 [main] INFO  handler.ContextHandler (ContextHandler.java:doStop(1159)) - Stopped o.e.j.s.ServletContextHandler@6b092322{logs,/logs,file:///home/runner/work/ozone/ozone/hadoop-ozone/integration-test/target/log,STOPPED}
2024-05-22 11:35:08,707 [main] ERROR http.HttpServer2 (HttpServer2.java:stop(1366)) - Error while stopping web server for webapp hddsDatanode
java.lang.InterruptedException
	at java.base/java.util.concurrent.locks.AbstractQueuedSynchronizer.tryAcquireSharedNanos(AbstractQueuedSynchronizer.java:1081)
	at java.base/java.util.concurrent.CountDownLatch.await(CountDownLatch.java:276)
	at org.eclipse.jetty.server.AbstractConnector.doStop(AbstractConnector.java:373)
	at org.eclipse.jetty.server.AbstractNetworkConnector.doStop(AbstractNetworkConnector.java:88)
	at org.eclipse.jetty.server.ServerConnector.doStop(ServerConnector.java:246)
	at org.eclipse.jetty.util.component.AbstractLifeCycle.stop(AbstractLifeCycle.java:94)
	at org.eclipse.jetty.server.Server.doStop(Server.java:459)
	at org.eclipse.jetty.util.component.AbstractLifeCycle.stop(AbstractLifeCycle.java:94)
	at org.apache.hadoop.hdds.server.http.HttpServer2.stop(HttpServer2.java:1364)
	at org.apache.hadoop.hdds.server.http.BaseHttpServer.stop(BaseHttpServer.java:339)
	at org.apache.hadoop.ozone.HddsDatanodeService.stop(HddsDatanodeService.java:554)
	at org.apache.hadoop.ozone.MiniOzoneClusterImpl.stopDatanode(MiniOzoneClusterImpl.java:479)
	at org.apache.hadoop.ozone.MiniOzoneClusterImpl.shutdownHddsDatanode(MiniOzoneClusterImpl.java:381)
	at org.apache.hadoop.ozone.MiniOzoneClusterImpl.shutdownHddsDatanode(MiniOzoneClusterImpl.java:386)
	at org.apache.hadoop.hdds.scm.pipeline.TestRatisPipelineCreateAndDestroy.testPipelineCreationOnNodeRestart(TestRatisPipelineCreateAndDestroy.java:136)
	at java.base/jdk.internal.reflect.NativeMethodAccessorImpl.invoke0(Native Method)
	at java.base/jdk.internal.reflect.NativeMethodAccessorImpl.invoke(NativeMethodAccessorImpl.java:77)
	at java.base/jdk.internal.reflect.DelegatingMethodAccessorImpl.invoke(DelegatingMethodAccessorImpl.java:43)
	at java.base/java.lang.reflect.Method.invoke(Method.java:568)
	at org.junit.platform.commons.util.ReflectionUtils.invokeMethod(ReflectionUtils.java:728)
	at org.junit.jupiter.engine.execution.MethodInvocation.proceed(MethodInvocation.java:60)
	at org.junit.jupiter.engine.execution.InvocationInterceptorChain$ValidatingInvocation.proceed(InvocationInterceptorChain.java:131)
	at org.junit.jupiter.engine.extension.SameThreadTimeoutInvocation.proceed(SameThreadTimeoutInvocation.java:45)
	at org.junit.jupiter.engine.extension.TimeoutExtension.intercept(TimeoutExtension.java:156)
	at org.junit.jupiter.engine.extension.TimeoutExtension.interceptTestableMethod(TimeoutExtension.java:147)
	at org.junit.jupiter.engine.extension.TimeoutExtension.interceptTestMethod(TimeoutExtension.java:86)
	at org.junit.jupiter.engine.execution.InterceptingExecutableInvoker$ReflectiveInterceptorCall.lambda$ofVoidMethod$0(InterceptingExecutableInvoker.java:103)
	at org.junit.jupiter.engine.execution.InterceptingExecutableInvoker.lambda$invoke$0(InterceptingExecutableInvoker.java:93)
	at org.junit.jupiter.engine.execution.InvocationInterceptorChain$InterceptedInvocation.proceed(InvocationInterceptorChain.java:106)
	at org.junit.jupiter.engine.execution.InvocationInterceptorChain.proceed(InvocationInterceptorChain.java:64)
	at org.junit.jupiter.engine.execution.InvocationInterceptorChain.chainAndInvoke(InvocationInterceptorChain.java:45)
	at org.junit.jupiter.engine.execution.InvocationInterceptorChain.invoke(InvocationInterceptorChain.java:37)
	at org.junit.jupiter.engine.execution.InterceptingExecutableInvoker.invoke(InterceptingExecutableInvoker.java:92)
	at org.junit.jupiter.engine.execution.InterceptingExecutableInvoker.invoke(InterceptingExecutableInvoker.java:86)
	at org.junit.jupiter.engine.descriptor.TestMethodTestDescriptor.lambda$invokeTestMethod$7(TestMethodTestDescriptor.java:218)
	at org.junit.platform.engine.support.hierarchical.ThrowableCollector.execute(ThrowableCollector.java:73)
	at org.junit.jupiter.engine.descriptor.TestMethodTestDescriptor.invokeTestMethod(TestMethodTestDescriptor.java:214)
	at org.junit.jupiter.engine.descriptor.TestMethodTestDescriptor.execute(TestMethodTestDescriptor.java:139)
	at org.junit.jupiter.engine.descriptor.TestMethodTestDescriptor.execute(TestMethodTestDescriptor.java:69)
	at org.junit.platform.engine.support.hierarchical.NodeTestTask.lambda$executeRecursively$6(NodeTestTask.java:151)
	at org.junit.platform.engine.support.hierarchical.ThrowableCollector.execute(ThrowableCollector.java:73)
	at org.junit.platform.engine.support.hierarchical.NodeTestTask.lambda$executeRecursively$8(NodeTestTask.java:141)
	at org.junit.platform.engine.support.hierarchical.Node.around(Node.java:137)
	at org.junit.platform.engine.support.hierarchical.NodeTestTask.lambda$executeRecursively$9(NodeTestTask.java:139)
	at org.junit.platform.engine.support.hierarchical.ThrowableCollector.execute(ThrowableCollector.java:73)
	at org.junit.platform.engine.support.hierarchical.NodeTestTask.executeRecursively(NodeTestTask.java:138)
	at org.junit.platform.engine.support.hierarchical.NodeTestTask.execute(NodeTestTask.java:95)
	at java.base/java.util.ArrayList.forEach(ArrayList.java:1511)
	at org.junit.platform.engine.support.hierarchical.SameThreadHierarchicalTestExecutorService.invokeAll(SameThreadHierarchicalTestExecutorService.java:41)
	at org.junit.platform.engine.support.hierarchical.NodeTestTask.lambda$executeRecursively$6(NodeTestTask.java:155)
	at org.junit.platform.engine.support.hierarchical.ThrowableCollector.execute(ThrowableCollector.java:73)
	at org.junit.platform.engine.support.hierarchical.NodeTestTask.lambda$executeRecursively$8(NodeTestTask.java:141)
	at org.junit.platform.engine.support.hierarchical.Node.around(Node.java:137)
	at org.junit.platform.engine.support.hierarchical.NodeTestTask.lambda$executeRecursively$9(NodeTestTask.java:139)
	at org.junit.platform.engine.support.hierarchical.ThrowableCollector.execute(ThrowableCollector.java:73)
	at org.junit.platform.engine.support.hierarchical.NodeTestTask.executeRecursively(NodeTestTask.java:138)
	at org.junit.platform.engine.support.hierarchical.NodeTestTask.execute(NodeTestTask.java:95)
	at java.base/java.util.ArrayList.forEach(ArrayList.java:1511)
	at org.junit.platform.engine.support.hierarchical.SameThreadHierarchicalTestExecutorService.invokeAll(SameThreadHierarchicalTestExecutorService.java:41)
	at org.junit.platform.engine.support.hierarchical.NodeTestTask.lambda$executeRecursively$6(NodeTestTask.java:155)
	at org.junit.platform.engine.support.hierarchical.ThrowableCollector.execute(ThrowableCollector.java:73)
	at org.junit.platform.engine.support.hierarchical.NodeTestTask.lambda$executeRecursively$8(NodeTestTask.java:141)
	at org.junit.platform.engine.support.hierarchical.Node.around(Node.java:137)
	at org.junit.platform.engine.support.hierarchical.NodeTestTask.lambda$executeRecursively$9(NodeTestTask.java:139)
	at org.junit.platform.engine.support.hierarchical.ThrowableCollector.execute(ThrowableCollector.java:73)
	at org.junit.platform.engine.support.hierarchical.NodeTestTask.executeRecursively(NodeTestTask.java:138)
	at org.junit.platform.engine.support.hierarchical.NodeTestTask.execute(NodeTestTask.java:95)
	at org.junit.platform.engine.support.hierarchical.SameThreadHierarchicalTestExecutorService.submit(SameThreadHierarchicalTestExecutorService.java:35)
	at org.junit.platform.engine.support.hierarchical.HierarchicalTestExecutor.execute(HierarchicalTestExecutor.java:57)
	at org.junit.platform.engine.support.hierarchical.HierarchicalTestEngine.execute(HierarchicalTestEngine.java:54)
	at org.junit.platform.launcher.core.EngineExecutionOrchestrator.execute(EngineExecutionOrchestrator.java:198)
	at org.junit.platform.launcher.core.EngineExecutionOrchestrator.execute(EngineExecutionOrchestrator.java:169)
	at org.junit.platform.launcher.core.EngineExecutionOrchestrator.execute(EngineExecutionOrchestrator.java:93)
	at org.junit.platform.launcher.core.EngineExecutionOrchestrator.lambda$execute$0(EngineExecutionOrchestrator.java:58)
	at org.junit.platform.launcher.core.EngineExecutionOrchestrator.withInterceptedStreams(EngineExecutionOrchestrator.java:141)
	at org.junit.platform.launcher.core.EngineExecutionOrchestrator.execute(EngineExecutionOrchestrator.java:57)
	at org.junit.platform.launcher.core.DefaultLauncher.execute(DefaultLauncher.java:103)
	at org.junit.platform.launcher.core.DefaultLauncher.execute(DefaultLauncher.java:85)
	at org.junit.platform.launcher.core.DelegatingLauncher.execute(DelegatingLauncher.java:47)
	at org.junit.platform.launcher.core.SessionPerRequestLauncher.execute(SessionPerRequestLauncher.java:63)
	at org.apache.maven.surefire.junitplatform.JUnitPlatformProvider.invokeAllTests(JUnitPlatformProvider.java:154)
	at org.apache.maven.surefire.junitplatform.JUnitPlatformProvider.invoke(JUnitPlatformProvider.java:123)
	at org.apache.maven.surefire.booter.ForkedBooter.runSuitesInProcess(ForkedBooter.java:377)
	at org.apache.maven.surefire.booter.ForkedBooter.execute(ForkedBooter.java:138)
	at org.apache.maven.surefire.booter.ForkedBooter.run(ForkedBooter.java:465)
	at org.apache.maven.surefire.booter.ForkedBooter.main(ForkedBooter.java:451)
2024-05-22 11:35:08,707 [main] ERROR ozone.HddsDatanodeService (HddsDatanodeService.java:stop(556)) - Stopping HttpServer is failed.
java.lang.InterruptedException
	at java.base/java.util.concurrent.locks.AbstractQueuedSynchronizer.tryAcquireSharedNanos(AbstractQueuedSynchronizer.java:1081)
	at java.base/java.util.concurrent.CountDownLatch.await(CountDownLatch.java:276)
	at org.eclipse.jetty.server.AbstractConnector.doStop(AbstractConnector.java:373)
	at org.eclipse.jetty.server.AbstractNetworkConnector.doStop(AbstractNetworkConnector.java:88)
	at org.eclipse.jetty.server.ServerConnector.doStop(ServerConnector.java:246)
	at org.eclipse.jetty.util.component.AbstractLifeCycle.stop(AbstractLifeCycle.java:94)
	at org.eclipse.jetty.server.Server.doStop(Server.java:459)
	at org.eclipse.jetty.util.component.AbstractLifeCycle.stop(AbstractLifeCycle.java:94)
	at org.apache.hadoop.hdds.server.http.HttpServer2.stop(HttpServer2.java:1364)
	at org.apache.hadoop.hdds.server.http.BaseHttpServer.stop(BaseHttpServer.java:339)
	at org.apache.hadoop.ozone.HddsDatanodeService.stop(HddsDatanodeService.java:554)
	at org.apache.hadoop.ozone.MiniOzoneClusterImpl.stopDatanode(MiniOzoneClusterImpl.java:479)
	at org.apache.hadoop.ozone.MiniOzoneClusterImpl.shutdownHddsDatanode(MiniOzoneClusterImpl.java:381)
	at org.apache.hadoop.ozone.MiniOzoneClusterImpl.shutdownHddsDatanode(MiniOzoneClusterImpl.java:386)
	at org.apache.hadoop.hdds.scm.pipeline.TestRatisPipelineCreateAndDestroy.testPipelineCreationOnNodeRestart(TestRatisPipelineCreateAndDestroy.java:136)
	at java.base/jdk.internal.reflect.NativeMethodAccessorImpl.invoke0(Native Method)
	at java.base/jdk.internal.reflect.NativeMethodAccessorImpl.invoke(NativeMethodAccessorImpl.java:77)
	at java.base/jdk.internal.reflect.DelegatingMethodAccessorImpl.invoke(DelegatingMethodAccessorImpl.java:43)
	at java.base/java.lang.reflect.Method.invoke(Method.java:568)
	at org.junit.platform.commons.util.ReflectionUtils.invokeMethod(ReflectionUtils.java:728)
	at org.junit.jupiter.engine.execution.MethodInvocation.proceed(MethodInvocation.java:60)
	at org.junit.jupiter.engine.execution.InvocationInterceptorChain$ValidatingInvocation.proceed(InvocationInterceptorChain.java:131)
	at org.junit.jupiter.engine.extension.SameThreadTimeoutInvocation.proceed(SameThreadTimeoutInvocation.java:45)
	at org.junit.jupiter.engine.extension.TimeoutExtension.intercept(TimeoutExtension.java:156)
	at org.junit.jupiter.engine.extension.TimeoutExtension.interceptTestableMethod(TimeoutExtension.java:147)
	at org.junit.jupiter.engine.extension.TimeoutExtension.interceptTestMethod(TimeoutExtension.java:86)
	at org.junit.jupiter.engine.execution.InterceptingExecutableInvoker$ReflectiveInterceptorCall.lambda$ofVoidMethod$0(InterceptingExecutableInvoker.java:103)
	at org.junit.jupiter.engine.execution.InterceptingExecutableInvoker.lambda$invoke$0(InterceptingExecutableInvoker.java:93)
	at org.junit.jupiter.engine.execution.InvocationInterceptorChain$InterceptedInvocation.proceed(InvocationInterceptorChain.java:106)
	at org.junit.jupiter.engine.execution.InvocationInterceptorChain.proceed(InvocationInterceptorChain.java:64)
	at org.junit.jupiter.engine.execution.InvocationInterceptorChain.chainAndInvoke(InvocationInterceptorChain.java:45)
	at org.junit.jupiter.engine.execution.InvocationInterceptorChain.invoke(InvocationInterceptorChain.java:37)
	at org.junit.jupiter.engine.execution.InterceptingExecutableInvoker.invoke(InterceptingExecutableInvoker.java:92)
	at org.junit.jupiter.engine.execution.InterceptingExecutableInvoker.invoke(InterceptingExecutableInvoker.java:86)
	at org.junit.jupiter.engine.descriptor.TestMethodTestDescriptor.lambda$invokeTestMethod$7(TestMethodTestDescriptor.java:218)
	at org.junit.platform.engine.support.hierarchical.ThrowableCollector.execute(ThrowableCollector.java:73)
	at org.junit.jupiter.engine.descriptor.TestMethodTestDescriptor.invokeTestMethod(TestMethodTestDescriptor.java:214)
	at org.junit.jupiter.engine.descriptor.TestMethodTestDescriptor.execute(TestMethodTestDescriptor.java:139)
	at org.junit.jupiter.engine.descriptor.TestMethodTestDescriptor.execute(TestMethodTestDescriptor.java:69)
	at org.junit.platform.engine.support.hierarchical.NodeTestTask.lambda$executeRecursively$6(NodeTestTask.java:151)
	at org.junit.platform.engine.support.hierarchical.ThrowableCollector.execute(ThrowableCollector.java:73)
	at org.junit.platform.engine.support.hierarchical.NodeTestTask.lambda$executeRecursively$8(NodeTestTask.java:141)
	at org.junit.platform.engine.support.hierarchical.Node.around(Node.java:137)
	at org.junit.platform.engine.support.hierarchical.NodeTestTask.lambda$executeRecursively$9(NodeTestTask.java:139)
	at org.junit.platform.engine.support.hierarchical.ThrowableCollector.execute(ThrowableCollector.java:73)
	at org.junit.platform.engine.support.hierarchical.NodeTestTask.executeRecursively(NodeTestTask.java:138)
	at org.junit.platform.engine.support.hierarchical.NodeTestTask.execute(NodeTestTask.java:95)
	at java.base/java.util.ArrayList.forEach(ArrayList.java:1511)
	at org.junit.platform.engine.support.hierarchical.SameThreadHierarchicalTestExecutorService.invokeAll(SameThreadHierarchicalTestExecutorService.java:41)
	at org.junit.platform.engine.support.hierarchical.NodeTestTask.lambda$executeRecursively$6(NodeTestTask.java:155)
	at org.junit.platform.engine.support.hierarchical.ThrowableCollector.execute(ThrowableCollector.java:73)
	at org.junit.platform.engine.support.hierarchical.NodeTestTask.lambda$executeRecursively$8(NodeTestTask.java:141)
	at org.junit.platform.engine.support.hierarchical.Node.around(Node.java:137)
	at org.junit.platform.engine.support.hierarchical.NodeTestTask.lambda$executeRecursively$9(NodeTestTask.java:139)
	at org.junit.platform.engine.support.hierarchical.ThrowableCollector.execute(ThrowableCollector.java:73)
	at org.junit.platform.engine.support.hierarchical.NodeTestTask.executeRecursively(NodeTestTask.java:138)
	at org.junit.platform.engine.support.hierarchical.NodeTestTask.execute(NodeTestTask.java:95)
	at java.base/java.util.ArrayList.forEach(ArrayList.java:1511)
	at org.junit.platform.engine.support.hierarchical.SameThreadHierarchicalTestExecutorService.invokeAll(SameThreadHierarchicalTestExecutorService.java:41)
	at org.junit.platform.engine.support.hierarchical.NodeTestTask.lambda$executeRecursively$6(NodeTestTask.java:155)
	at org.junit.platform.engine.support.hierarchical.ThrowableCollector.execute(ThrowableCollector.java:73)
	at org.junit.platform.engine.support.hierarchical.NodeTestTask.lambda$executeRecursively$8(NodeTestTask.java:141)
	at org.junit.platform.engine.support.hierarchical.Node.around(Node.java:137)
	at org.junit.platform.engine.support.hierarchical.NodeTestTask.lambda$executeRecursively$9(NodeTestTask.java:139)
	at org.junit.platform.engine.support.hierarchical.ThrowableCollector.execute(ThrowableCollector.java:73)
	at org.junit.platform.engine.support.hierarchical.NodeTestTask.executeRecursively(NodeTestTask.java:138)
	at org.junit.platform.engine.support.hierarchical.NodeTestTask.execute(NodeTestTask.java:95)
	at org.junit.platform.engine.support.hierarchical.SameThreadHierarchicalTestExecutorService.submit(SameThreadHierarchicalTestExecutorService.java:35)
	at org.junit.platform.engine.support.hierarchical.HierarchicalTestExecutor.execute(HierarchicalTestExecutor.java:57)
	at org.junit.platform.engine.support.hierarchical.HierarchicalTestEngine.execute(HierarchicalTestEngine.java:54)
	at org.junit.platform.launcher.core.EngineExecutionOrchestrator.execute(EngineExecutionOrchestrator.java:198)
	at org.junit.platform.launcher.core.EngineExecutionOrchestrator.execute(EngineExecutionOrchestrator.java:169)
	at org.junit.platform.launcher.core.EngineExecutionOrchestrator.execute(EngineExecutionOrchestrator.java:93)
	at org.junit.platform.launcher.core.EngineExecutionOrchestrator.lambda$execute$0(EngineExecutionOrchestrator.java:58)
	at org.junit.platform.launcher.core.EngineExecutionOrchestrator.withInterceptedStreams(EngineExecutionOrchestrator.java:141)
	at org.junit.platform.launcher.core.EngineExecutionOrchestrator.execute(EngineExecutionOrchestrator.java:57)
	at org.junit.platform.launcher.core.DefaultLauncher.execute(DefaultLauncher.java:103)
	at org.junit.platform.launcher.core.DefaultLauncher.execute(DefaultLauncher.java:85)
	at org.junit.platform.launcher.core.DelegatingLauncher.execute(DelegatingLauncher.java:47)
	at org.junit.platform.launcher.core.SessionPerRequestLauncher.execute(SessionPerRequestLauncher.java:63)
	at org.apache.maven.surefire.junitplatform.JUnitPlatformProvider.invokeAllTests(JUnitPlatformProvider.java:154)
	at org.apache.maven.surefire.junitplatform.JUnitPlatformProvider.invoke(JUnitPlatformProvider.java:123)
	at org.apache.maven.surefire.booter.ForkedBooter.runSuitesInProcess(ForkedBooter.java:377)
	at org.apache.maven.surefire.booter.ForkedBooter.execute(ForkedBooter.java:138)
	at org.apache.maven.surefire.booter.ForkedBooter.run(ForkedBooter.java:465)
	at org.apache.maven.surefire.booter.ForkedBooter.main(ForkedBooter.java:451)
2024-05-22 11:35:08,707 [main] INFO  ozone.HddsDatanodeClientProtocolServer (HddsDatanodeClientProtocolServer.java:stop(83)) - Stopping the RPC server for Client Protocol
2024-05-22 11:35:08,707 [main] INFO  ipc.Server (Server.java:stop(3523)) - Stopping server on 15072
2024-05-22 11:35:08,707 [IPC Server listener on 15072] INFO  ipc.Server (Server.java:run(1434)) - Stopping IPC Server listener on 15072
2024-05-22 11:35:08,708 [IPC Server Responder] INFO  ipc.Server (Server.java:run(1567)) - Stopping IPC Server Responder
2024-05-22 11:35:08,709 [main] INFO  ozoneimpl.OzoneContainer (OzoneContainer.java:stop(481)) - Attempting to stop container services.
2024-05-22 11:35:08,709 [ContainerMetadataScanner] WARN  ozoneimpl.AbstractBackgroundContainerScanner (AbstractBackgroundContainerScanner.java:handleRemainingSleep(134)) - Background container scan was interrupted.
2024-05-22 11:35:08,709 [ContainerMetadataScanner] INFO  ozoneimpl.AbstractBackgroundContainerScanner (AbstractBackgroundContainerScanner.java:run(61)) - Thread[ContainerMetadataScanner,5,main] exiting.
2024-05-22 11:35:08,710 [main] INFO  ozoneimpl.BackgroundContainerDataScanner (BackgroundContainerDataScanner.java:shutdown(141)) - ContainerDataScanner(/home/runner/work/ozone/ozone/hadoop-ozone/integration-test/target/test-dir/MiniOzoneClusterImpl-20f17314-7331-4214-8d7b-3220b0ea8e97/ozone-meta/datanode-2/data-0/hdds) is shutting down. 
2024-05-22 11:35:08,710 [ContainerDataScanner(/home/runner/work/ozone/ozone/hadoop-ozone/integration-test/target/test-dir/MiniOzoneClusterImpl-20f17314-7331-4214-8d7b-3220b0ea8e97/ozone-meta/datanode-2/data-0/hdds)] WARN  ozoneimpl.AbstractBackgroundContainerScanner (AbstractBackgroundContainerScanner.java:handleRemainingSleep(134)) - Background container scan was interrupted.
2024-05-22 11:35:08,710 [ContainerDataScanner(/home/runner/work/ozone/ozone/hadoop-ozone/integration-test/target/test-dir/MiniOzoneClusterImpl-20f17314-7331-4214-8d7b-3220b0ea8e97/ozone-meta/datanode-2/data-0/hdds)] INFO  ozoneimpl.AbstractBackgroundContainerScanner (AbstractBackgroundContainerScanner.java:run(61)) - ContainerDataScanner(/home/runner/work/ozone/ozone/hadoop-ozone/integration-test/target/test-dir/MiniOzoneClusterImpl-20f17314-7331-4214-8d7b-3220b0ea8e97/ozone-meta/datanode-2/data-0/hdds, DS-7e179817-5a63-4a45-a16a-817786771e75) exiting.
2024-05-22 11:35:08,710 [main] INFO  server.RaftServer (RaftServerProxy.java:lambda$close$9(416)) - 02a0afdf-1bea-47f6-ae97-5b8161c986a7: close
2024-05-22 11:35:08,710 [02a0afdf-1bea-47f6-ae97-5b8161c986a7-impl-thread2] INFO  server.RaftServer$Division (RaftServerImpl.java:lambda$close$3(526)) - 02a0afdf-1bea-47f6-ae97-5b8161c986a7@group-5008F0A1828C: shutdown
2024-05-22 11:35:08,710 [02a0afdf-1bea-47f6-ae97-5b8161c986a7-impl-thread3] INFO  server.RaftServer$Division (RaftServerImpl.java:lambda$close$3(526)) - 02a0afdf-1bea-47f6-ae97-5b8161c986a7@group-F0B03FD0AD5D: shutdown
2024-05-22 11:35:08,710 [main] INFO  server.GrpcService (GrpcService.java:closeImpl(311)) - 02a0afdf-1bea-47f6-ae97-5b8161c986a7: shutdown server org.apache.ratis.grpc.server.GrpcClientProtocolService now
2024-05-22 11:35:08,710 [02a0afdf-1bea-47f6-ae97-5b8161c986a7-impl-thread2] INFO  util.JmxRegister (JmxRegister.java:unregister(73)) - Successfully un-registered JMX Bean with object name Ratis:service=RaftServer,group=group-5008F0A1828C,id=02a0afdf-1bea-47f6-ae97-5b8161c986a7
2024-05-22 11:35:08,710 [02a0afdf-1bea-47f6-ae97-5b8161c986a7-impl-thread3] INFO  util.JmxRegister (JmxRegister.java:unregister(73)) - Successfully un-registered JMX Bean with object name Ratis:service=RaftServer,group=group-F0B03FD0AD5D,id=02a0afdf-1bea-47f6-ae97-5b8161c986a7
2024-05-22 11:35:08,711 [02a0afdf-1bea-47f6-ae97-5b8161c986a7-impl-thread3] INFO  impl.RoleInfo (RoleInfo.java:shutdownFollowerState(110)) - 02a0afdf-1bea-47f6-ae97-5b8161c986a7: shutdown 02a0afdf-1bea-47f6-ae97-5b8161c986a7@group-F0B03FD0AD5D-FollowerState
2024-05-22 11:35:08,711 [02a0afdf-1bea-47f6-ae97-5b8161c986a7-impl-thread4] INFO  server.RaftServer$Division (RaftServerImpl.java:lambda$close$3(526)) - 02a0afdf-1bea-47f6-ae97-5b8161c986a7@group-4540A0F0F71C: shutdown
2024-05-22 11:35:08,711 [02a0afdf-1bea-47f6-ae97-5b8161c986a7-impl-thread4] INFO  util.JmxRegister (JmxRegister.java:unregister(73)) - Successfully un-registered JMX Bean with object name Ratis:service=RaftServer,group=group-4540A0F0F71C,id=02a0afdf-1bea-47f6-ae97-5b8161c986a7
2024-05-22 11:35:08,711 [main] INFO  server.GrpcService (GrpcService.java:closeImpl(320)) - 02a0afdf-1bea-47f6-ae97-5b8161c986a7: shutdown server org.apache.ratis.grpc.server.GrpcClientProtocolService successfully
2024-05-22 11:35:08,711 [02a0afdf-1bea-47f6-ae97-5b8161c986a7@group-F0B03FD0AD5D-StateMachineUpdater] INFO  ratis.ContainerStateMachine (ContainerStateMachine.java:takeSnapshot(355)) - group-F0B03FD0AD5D: Taking a snapshot at:(t:1, i:0) file /home/runner/work/ozone/ozone/hadoop-ozone/integration-test/target/test-dir/MiniOzoneClusterImpl-20f17314-7331-4214-8d7b-3220b0ea8e97/ozone-meta/datanode-2/ratis/96889823-d642-4618-bd52-f0b03fd0ad5d/sm/snapshot.1_0
2024-05-22 11:35:08,711 [02a0afdf-1bea-47f6-ae97-5b8161c986a7@group-F0B03FD0AD5D-FollowerState] INFO  impl.FollowerState (FollowerState.java:run(152)) - 02a0afdf-1bea-47f6-ae97-5b8161c986a7@group-F0B03FD0AD5D-FollowerState was interrupted
2024-05-22 11:35:08,711 [main] INFO  server.GrpcService (GrpcService.java:closeImpl(311)) - 02a0afdf-1bea-47f6-ae97-5b8161c986a7: shutdown server GrpcServerProtocolService now
2024-05-22 11:35:08,711 [02a0afdf-1bea-47f6-ae97-5b8161c986a7-impl-thread2] INFO  impl.RoleInfo (RoleInfo.java:shutdownFollowerState(110)) - 02a0afdf-1bea-47f6-ae97-5b8161c986a7: shutdown 02a0afdf-1bea-47f6-ae97-5b8161c986a7@group-5008F0A1828C-FollowerState
2024-05-22 11:35:08,712 [02a0afdf-1bea-47f6-ae97-5b8161c986a7-impl-thread2] INFO  impl.StateMachineUpdater (StateMachineUpdater.java:stopAndJoin(157)) - 02a0afdf-1bea-47f6-ae97-5b8161c986a7@group-5008F0A1828C-StateMachineUpdater: set stopIndex = 0
2024-05-22 11:35:08,712 [02a0afdf-1bea-47f6-ae97-5b8161c986a7@group-5008F0A1828C-FollowerState] INFO  impl.FollowerState (FollowerState.java:run(152)) - 02a0afdf-1bea-47f6-ae97-5b8161c986a7@group-5008F0A1828C-FollowerState was interrupted
2024-05-22 11:35:08,712 [02a0afdf-1bea-47f6-ae97-5b8161c986a7@group-F0B03FD0AD5D-StateMachineUpdater] INFO  ratis.ContainerStateMachine (ContainerStateMachine.java:takeSnapshot(366)) - group-F0B03FD0AD5D: Finished taking a snapshot at:(t:1, i:0) file:/home/runner/work/ozone/ozone/hadoop-ozone/integration-test/target/test-dir/MiniOzoneClusterImpl-20f17314-7331-4214-8d7b-3220b0ea8e97/ozone-meta/datanode-2/ratis/96889823-d642-4618-bd52-f0b03fd0ad5d/sm/snapshot.1_0 took: 2 ms
2024-05-22 11:35:08,713 [02a0afdf-1bea-47f6-ae97-5b8161c986a7@group-F0B03FD0AD5D-StateMachineUpdater] INFO  impl.StateMachineUpdater (StateMachineUpdater.java:takeSnapshot(295)) - 02a0afdf-1bea-47f6-ae97-5b8161c986a7@group-F0B03FD0AD5D-StateMachineUpdater: Took a snapshot at index 0
2024-05-22 11:35:08,713 [grpc-default-executor-0] WARN  server.GrpcServerProtocolService (LogUtils.java:warn(121)) - 02a0afdf-1bea-47f6-ae97-5b8161c986a7: APPEND_ENTRIES onError, lastRequest: null: org.apache.ratis.thirdparty.io.grpc.StatusRuntimeException: CANCELLED: client cancelled
2024-05-22 11:35:08,713 [grpc-default-executor-11] WARN  server.GrpcServerProtocolService (LogUtils.java:warn(121)) - 02a0afdf-1bea-47f6-ae97-5b8161c986a7: APPEND_ENTRIES onError, lastRequest: null: org.apache.ratis.thirdparty.io.grpc.StatusRuntimeException: CANCELLED: client cancelled
2024-05-22 11:35:08,713 [grpc-default-executor-11] WARN  server.GrpcLogAppender (LogUtils.java:warn(121)) - ae2fb675-4ad2-4742-b745-16c1dba3b70f@group-F0B03FD0AD5D->02a0afdf-1bea-47f6-ae97-5b8161c986a7-AppendLogResponseHandler: Failed appendEntries: org.apache.ratis.thirdparty.io.grpc.StatusRuntimeException: CANCELLED: RST_STREAM closed stream. HTTP/2 error code: CANCEL
2024-05-22 11:35:08,713 [grpc-default-executor-9] WARN  server.GrpcLogAppender (LogUtils.java:warn(121)) - ae2fb675-4ad2-4742-b745-16c1dba3b70f@group-5008F0A1828C->02a0afdf-1bea-47f6-ae97-5b8161c986a7-AppendLogResponseHandler: Failed appendEntries: org.apache.ratis.thirdparty.io.grpc.StatusRuntimeException: CANCELLED: RST_STREAM closed stream. HTTP/2 error code: CANCEL
2024-05-22 11:35:08,713 [grpc-default-executor-2] WARN  server.GrpcServerProtocolService (LogUtils.java:warn(121)) - 02a0afdf-1bea-47f6-ae97-5b8161c986a7: APPEND_ENTRIES onError, lastRequest: ae2fb675-4ad2-4742-b745-16c1dba3b70f->02a0afdf-1bea-47f6-ae97-5b8161c986a7#1-t1,previous=(t:0, i:0),leaderCommit=-1,initializing? false,entries: size=1, first=(t:1, i:0), CONFIGURATIONENTRY(current:id: "02a0afdf-1bea-47f6-ae97-5b8161c986a7"
address: "127.0.0.1:15085"
dataStreamAddress: "127.0.0.1:15086"
clientAddress: "127.0.0.1:15083"
adminAddress: "127.0.0.1:15084"
startupRole: FOLLOWER
,id: "538779f6-f80f-4bc7-8424-1a47a535146d"
address: "127.0.0.1:15076"
dataStreamAddress: "127.0.0.1:15077"
clientAddress: "127.0.0.1:15074"
adminAddress: "127.0.0.1:15075"
startupRole: FOLLOWER
,id: "ae2fb675-4ad2-4742-b745-16c1dba3b70f"
address: "127.0.0.1:15094"
priority: 1
dataStreamAddress: "127.0.0.1:15095"
clientAddress: "127.0.0.1:15092"
adminAddress: "127.0.0.1:15093"
startupRole: FOLLOWER
, old:): org.apache.ratis.thirdparty.io.grpc.StatusRuntimeException: CANCELLED: client cancelled
2024-05-22 11:35:08,714 [main] INFO  server.GrpcService (GrpcService.java:closeImpl(320)) - 02a0afdf-1bea-47f6-ae97-5b8161c986a7: shutdown server GrpcServerProtocolService successfully
2024-05-22 11:35:08,714 [main] INFO  server.GrpcService (GrpcService.java:closeImpl(311)) - 02a0afdf-1bea-47f6-ae97-5b8161c986a7: shutdown server org.apache.ratis.grpc.server.GrpcAdminProtocolService now
2024-05-22 11:35:08,711 [02a0afdf-1bea-47f6-ae97-5b8161c986a7-impl-thread4] INFO  impl.RoleInfo (RoleInfo.java:shutdownLeaderState(94)) - 02a0afdf-1bea-47f6-ae97-5b8161c986a7: shutdown 02a0afdf-1bea-47f6-ae97-5b8161c986a7@group-4540A0F0F71C-LeaderStateImpl
2024-05-22 11:35:08,711 [02a0afdf-1bea-47f6-ae97-5b8161c986a7-impl-thread3] INFO  impl.StateMachineUpdater (StateMachineUpdater.java:stopAndJoin(157)) - 02a0afdf-1bea-47f6-ae97-5b8161c986a7@group-F0B03FD0AD5D-StateMachineUpdater: set stopIndex = 0
2024-05-22 11:35:08,714 [grpc-default-executor-0] WARN  server.GrpcServerProtocolService (LogUtils.java:warn(121)) - 02a0afdf-1bea-47f6-ae97-5b8161c986a7: APPEND_ENTRIES onError, lastRequest: ae2fb675-4ad2-4742-b745-16c1dba3b70f->02a0afdf-1bea-47f6-ae97-5b8161c986a7#1-t2,previous=(t:0, i:0),leaderCommit=-1,initializing? false,entries: size=1, first=(t:2, i:0), CONFIGURATIONENTRY(current:id: "02a0afdf-1bea-47f6-ae97-5b8161c986a7"
address: "127.0.0.1:15085"
dataStreamAddress: "127.0.0.1:15086"
clientAddress: "127.0.0.1:15083"
adminAddress: "127.0.0.1:15084"
startupRole: FOLLOWER
,id: "538779f6-f80f-4bc7-8424-1a47a535146d"
address: "127.0.0.1:15076"
priority: 1
dataStreamAddress: "127.0.0.1:15077"
clientAddress: "127.0.0.1:15074"
adminAddress: "127.0.0.1:15075"
startupRole: FOLLOWER
,id: "ae2fb675-4ad2-4742-b745-16c1dba3b70f"
address: "127.0.0.1:15094"
dataStreamAddress: "127.0.0.1:15095"
clientAddress: "127.0.0.1:15092"
adminAddress: "127.0.0.1:15093"
startupRole: FOLLOWER
, old:): org.apache.ratis.thirdparty.io.grpc.StatusRuntimeException: CANCELLED: client cancelled
2024-05-22 11:35:08,713 [grpc-default-executor-11] WARN  server.GrpcLogAppender (GrpcLogAppender.java:lambda$resetClient$1(217)) - ae2fb675-4ad2-4742-b745-16c1dba3b70f@group-F0B03FD0AD5D->02a0afdf-1bea-47f6-ae97-5b8161c986a7-GrpcLogAppender: Follower failed (request=null, errorCount=1); keep nextIndex (1) unchanged and retry.
2024-05-22 11:35:08,715 [main] INFO  server.GrpcService (GrpcService.java:closeImpl(320)) - 02a0afdf-1bea-47f6-ae97-5b8161c986a7: shutdown server org.apache.ratis.grpc.server.GrpcAdminProtocolService successfully
2024-05-22 11:35:08,713 [02a0afdf-1bea-47f6-ae97-5b8161c986a7@group-F0B03FD0AD5D-StateMachineUpdater] INFO  impl.StateMachineUpdater (StateMachineUpdater.java:lambda$new$0(98)) - 02a0afdf-1bea-47f6-ae97-5b8161c986a7@group-F0B03FD0AD5D-StateMachineUpdater: snapshotIndex: updateIncreasingly -1 -> 0
2024-05-22 11:35:08,712 [02a0afdf-1bea-47f6-ae97-5b8161c986a7@group-5008F0A1828C-StateMachineUpdater] INFO  ratis.ContainerStateMachine (ContainerStateMachine.java:takeSnapshot(355)) - group-5008F0A1828C: Taking a snapshot at:(t:2, i:0) file /home/runner/work/ozone/ozone/hadoop-ozone/integration-test/target/test-dir/MiniOzoneClusterImpl-20f17314-7331-4214-8d7b-3220b0ea8e97/ozone-meta/datanode-2/ratis/5c335dc4-ee6b-41c8-9f32-5008f0a1828c/sm/snapshot.2_0
2024-05-22 11:35:08,714 [02a0afdf-1bea-47f6-ae97-5b8161c986a7-impl-thread4] INFO  impl.PendingRequests (PendingRequests.java:sendNotLeaderResponses(289)) - 02a0afdf-1bea-47f6-ae97-5b8161c986a7@group-4540A0F0F71C-PendingRequests: sendNotLeaderResponses
2024-05-22 11:35:08,716 [02a0afdf-1bea-47f6-ae97-5b8161c986a7-impl-thread3] INFO  server.RaftServer$Division (ServerState.java:close(427)) - 02a0afdf-1bea-47f6-ae97-5b8161c986a7@group-F0B03FD0AD5D: applyIndex: 0
2024-05-22 11:35:08,716 [02a0afdf-1bea-47f6-ae97-5b8161c986a7@group-F0B03FD0AD5D-cacheEviction-AwaitToRun] INFO  util.AwaitToRun (AwaitToRun.java:run(49)) - 02a0afdf-1bea-47f6-ae97-5b8161c986a7@group-F0B03FD0AD5D-cacheEviction-AwaitToRun-AwaitForSignal is interrupted
2024-05-22 11:35:08,716 [02a0afdf-1bea-47f6-ae97-5b8161c986a7@group-5008F0A1828C-StateMachineUpdater] INFO  ratis.ContainerStateMachine (ContainerStateMachine.java:takeSnapshot(366)) - group-5008F0A1828C: Finished taking a snapshot at:(t:2, i:0) file:/home/runner/work/ozone/ozone/hadoop-ozone/integration-test/target/test-dir/MiniOzoneClusterImpl-20f17314-7331-4214-8d7b-3220b0ea8e97/ozone-meta/datanode-2/ratis/5c335dc4-ee6b-41c8-9f32-5008f0a1828c/sm/snapshot.2_0 took: 3 ms
2024-05-22 11:35:08,716 [02a0afdf-1bea-47f6-ae97-5b8161c986a7@group-4540A0F0F71C-StateMachineUpdater] INFO  ratis.ContainerStateMachine (ContainerStateMachine.java:takeSnapshot(355)) - group-4540A0F0F71C: Taking a snapshot at:(t:1, i:0) file /home/runner/work/ozone/ozone/hadoop-ozone/integration-test/target/test-dir/MiniOzoneClusterImpl-20f17314-7331-4214-8d7b-3220b0ea8e97/ozone-meta/datanode-2/ratis/a02160c5-13de-4f1f-9837-4540a0f0f71c/sm/snapshot.1_0
2024-05-22 11:35:08,716 [02a0afdf-1bea-47f6-ae97-5b8161c986a7-impl-thread4] INFO  impl.StateMachineUpdater (StateMachineUpdater.java:stopAndJoin(157)) - 02a0afdf-1bea-47f6-ae97-5b8161c986a7@group-4540A0F0F71C-StateMachineUpdater: set stopIndex = 0
2024-05-22 11:35:08,716 [02a0afdf-1bea-47f6-ae97-5b8161c986a7@group-5008F0A1828C-StateMachineUpdater] INFO  impl.StateMachineUpdater (StateMachineUpdater.java:takeSnapshot(295)) - 02a0afdf-1bea-47f6-ae97-5b8161c986a7@group-5008F0A1828C-StateMachineUpdater: Took a snapshot at index 0
2024-05-22 11:35:08,716 [02a0afdf-1bea-47f6-ae97-5b8161c986a7@group-5008F0A1828C-StateMachineUpdater] INFO  impl.StateMachineUpdater (StateMachineUpdater.java:lambda$new$0(98)) - 02a0afdf-1bea-47f6-ae97-5b8161c986a7@group-5008F0A1828C-StateMachineUpdater: snapshotIndex: updateIncreasingly -1 -> 0
2024-05-22 11:35:08,716 [02a0afdf-1bea-47f6-ae97-5b8161c986a7@group-4540A0F0F71C-StateMachineUpdater] INFO  ratis.ContainerStateMachine (ContainerStateMachine.java:takeSnapshot(366)) - group-4540A0F0F71C: Finished taking a snapshot at:(t:1, i:0) file:/home/runner/work/ozone/ozone/hadoop-ozone/integration-test/target/test-dir/MiniOzoneClusterImpl-20f17314-7331-4214-8d7b-3220b0ea8e97/ozone-meta/datanode-2/ratis/a02160c5-13de-4f1f-9837-4540a0f0f71c/sm/snapshot.1_0 took: 1 ms
2024-05-22 11:35:08,717 [02a0afdf-1bea-47f6-ae97-5b8161c986a7@group-4540A0F0F71C-StateMachineUpdater] INFO  impl.StateMachineUpdater (StateMachineUpdater.java:takeSnapshot(295)) - 02a0afdf-1bea-47f6-ae97-5b8161c986a7@group-4540A0F0F71C-StateMachineUpdater: Took a snapshot at index 0
2024-05-22 11:35:08,717 [02a0afdf-1bea-47f6-ae97-5b8161c986a7@group-4540A0F0F71C-StateMachineUpdater] INFO  impl.StateMachineUpdater (StateMachineUpdater.java:lambda$new$0(98)) - 02a0afdf-1bea-47f6-ae97-5b8161c986a7@group-4540A0F0F71C-StateMachineUpdater: snapshotIndex: updateIncreasingly -1 -> 0
2024-05-22 11:35:08,717 [02a0afdf-1bea-47f6-ae97-5b8161c986a7-impl-thread2] INFO  server.RaftServer$Division (ServerState.java:close(427)) - 02a0afdf-1bea-47f6-ae97-5b8161c986a7@group-5008F0A1828C: applyIndex: 0
2024-05-22 11:35:08,717 [02a0afdf-1bea-47f6-ae97-5b8161c986a7-impl-thread4] INFO  server.RaftServer$Division (ServerState.java:close(427)) - 02a0afdf-1bea-47f6-ae97-5b8161c986a7@group-4540A0F0F71C: applyIndex: 0
2024-05-22 11:35:08,717 [02a0afdf-1bea-47f6-ae97-5b8161c986a7@group-5008F0A1828C-cacheEviction-AwaitToRun] INFO  util.AwaitToRun (AwaitToRun.java:run(49)) - 02a0afdf-1bea-47f6-ae97-5b8161c986a7@group-5008F0A1828C-cacheEviction-AwaitToRun-AwaitForSignal is interrupted
2024-05-22 11:35:08,717 [02a0afdf-1bea-47f6-ae97-5b8161c986a7@group-4540A0F0F71C-cacheEviction-AwaitToRun] INFO  util.AwaitToRun (AwaitToRun.java:run(49)) - 02a0afdf-1bea-47f6-ae97-5b8161c986a7@group-4540A0F0F71C-cacheEviction-AwaitToRun-AwaitForSignal is interrupted
2024-05-22 11:35:08,720 [02a0afdf-1bea-47f6-ae97-5b8161c986a7-NettyServerStreamRpc-bossGroup--thread1] INFO  logging.LoggingHandler (AbstractInternalLogger.java:log(148)) - [id: 0x049b0dd8, L:/0.0.0.0:15086] CLOSE
2024-05-22 11:35:08,720 [02a0afdf-1bea-47f6-ae97-5b8161c986a7-NettyServerStreamRpc-bossGroup--thread1] INFO  logging.LoggingHandler (AbstractInternalLogger.java:log(148)) - [id: 0x049b0dd8, L:/0.0.0.0:15086] INACTIVE
2024-05-22 11:35:08,720 [02a0afdf-1bea-47f6-ae97-5b8161c986a7-NettyServerStreamRpc-bossGroup--thread1] INFO  logging.LoggingHandler (AbstractInternalLogger.java:log(148)) - [id: 0x049b0dd8, L:/0.0.0.0:15086] UNREGISTERED
2024-05-22 11:35:08,749 [grpc-default-executor-10] WARN  server.GrpcLogAppender (LogUtils.java:warn(121)) - ae2fb675-4ad2-4742-b745-16c1dba3b70f@group-F0B03FD0AD5D->538779f6-f80f-4bc7-8424-1a47a535146d-AppendLogResponseHandler: Failed appendEntries: org.apache.ratis.thirdparty.io.grpc.StatusRuntimeException: UNAVAILABLE: io exception
2024-05-22 11:35:08,749 [grpc-default-executor-11] WARN  server.GrpcLogAppender (GrpcLogAppender.java:lambda$resetClient$1(217)) - ae2fb675-4ad2-4742-b745-16c1dba3b70f@group-F0B03FD0AD5D->538779f6-f80f-4bc7-8424-1a47a535146d-GrpcLogAppender: Follower failed (request=null, errorCount=87); keep nextIndex (1) unchanged and retry.
2024-05-22 11:35:08,878 [02a0afdf-1bea-47f6-ae97-5b8161c986a7-impl-thread3] INFO  segmented.SegmentedRaftLogWorker (SegmentedRaftLogWorker.java:close(245)) - 02a0afdf-1bea-47f6-ae97-5b8161c986a7@group-F0B03FD0AD5D-SegmentedRaftLogWorker close()
2024-05-22 11:35:08,936 [02a0afdf-1bea-47f6-ae97-5b8161c986a7-impl-thread4] INFO  segmented.SegmentedRaftLogWorker (SegmentedRaftLogWorker.java:close(245)) - 02a0afdf-1bea-47f6-ae97-5b8161c986a7@group-4540A0F0F71C-SegmentedRaftLogWorker close()
2024-05-22 11:35:09,069 [RatisPipelineUtilsThread-0] WARN  scm.SCMCommonPlacementPolicy (SCMCommonPlacementPolicy.java:filterNodesWithSpace(287)) - Unable to find enough nodes that meet the space requirement of 1073741824 bytes for metadata and 5368709120 bytes for data in healthy node set. Required 3. Found 2.
2024-05-22 11:35:09,181 [02a0afdf-1bea-47f6-ae97-5b8161c986a7-impl-thread2] INFO  segmented.SegmentedRaftLogWorker (SegmentedRaftLogWorker.java:close(245)) - 02a0afdf-1bea-47f6-ae97-5b8161c986a7@group-5008F0A1828C-SegmentedRaftLogWorker close()
2024-05-22 11:35:09,182 [JvmPauseMonitor11] INFO  util.JvmPauseMonitor (JvmPauseMonitor.java:run(152)) - JvmPauseMonitor-02a0afdf-1bea-47f6-ae97-5b8161c986a7: Stopped
2024-05-22 11:35:09,570 [RatisPipelineUtilsThread-0] WARN  scm.SCMCommonPlacementPolicy (SCMCommonPlacementPolicy.java:filterNodesWithSpace(287)) - Unable to find enough nodes that meet the space requirement of 1073741824 bytes for metadata and 5368709120 bytes for data in healthy node set. Required 3. Found 2.
2024-05-22 11:35:10,070 [RatisPipelineUtilsThread-0] WARN  scm.SCMCommonPlacementPolicy (SCMCommonPlacementPolicy.java:filterNodesWithSpace(287)) - Unable to find enough nodes that meet the space requirement of 1073741824 bytes for metadata and 5368709120 bytes for data in healthy node set. Required 3. Found 2.
2024-05-22 11:35:10,570 [RatisPipelineUtilsThread-0] WARN  scm.SCMCommonPlacementPolicy (SCMCommonPlacementPolicy.java:filterNodesWithSpace(287)) - Unable to find enough nodes that meet the space requirement of 1073741824 bytes for metadata and 5368709120 bytes for data in healthy node set. Required 3. Found 2.
2024-05-22 11:35:10,880 [grpc-default-executor-2] WARN  server.GrpcLogAppender (LogUtils.java:warn(121)) - ae2fb675-4ad2-4742-b745-16c1dba3b70f@group-5008F0A1828C->538779f6-f80f-4bc7-8424-1a47a535146d-AppendLogResponseHandler: Failed appendEntries: org.apache.ratis.thirdparty.io.grpc.StatusRuntimeException: UNAVAILABLE: io exception
2024-05-22 11:35:11,071 [RatisPipelineUtilsThread-0] WARN  scm.SCMCommonPlacementPolicy (SCMCommonPlacementPolicy.java:filterNodesWithSpace(287)) - Unable to find enough nodes that meet the space requirement of 1073741824 bytes for metadata and 5368709120 bytes for data in healthy node set. Required 3. Found 2.
2024-05-22 11:35:11,184 [main] INFO  utils.DatanodeStoreCache (DatanodeStoreCache.java:shutdownCache(116)) - Skip clearing cache in mini cluster mode. Entries left: [/home/runner/work/ozone/ozone/hadoop-ozone/integration-test/target/test-dir/MiniOzoneClusterImpl-20f17314-7331-4214-8d7b-3220b0ea8e97/ozone-meta/datanode-2/data-0/hdds/20f17314-7331-4214-8d7b-3220b0ea8e97/DS-7e179817-5a63-4a45-a16a-817786771e75/container.db, /home/runner/work/ozone/ozone/hadoop-ozone/integration-test/target/test-dir/MiniOzoneClusterImpl-20f17314-7331-4214-8d7b-3220b0ea8e97/ozone-meta/datanode-3/data-0/hdds/20f17314-7331-4214-8d7b-3220b0ea8e97/DS-72ce6fd3-28c4-4843-89ff-c8216d002d63/container.db]
2024-05-22 11:35:11,185 [main] INFO  utils.DatanodeStoreCache (DatanodeStoreCache.java:removeDB(110)) - Removed db /home/runner/work/ozone/ozone/hadoop-ozone/integration-test/target/test-dir/MiniOzoneClusterImpl-20f17314-7331-4214-8d7b-3220b0ea8e97/ozone-meta/datanode-2/data-0/hdds/20f17314-7331-4214-8d7b-3220b0ea8e97/DS-7e179817-5a63-4a45-a16a-817786771e75/container.db from cache
2024-05-22 11:35:11,185 [main] INFO  volume.HddsVolume (HddsVolume.java:closeDbStore(470)) - SchemaV3 db is stopped at /home/runner/work/ozone/ozone/hadoop-ozone/integration-test/target/test-dir/MiniOzoneClusterImpl-20f17314-7331-4214-8d7b-3220b0ea8e97/ozone-meta/datanode-2/data-0/hdds/20f17314-7331-4214-8d7b-3220b0ea8e97/DS-7e179817-5a63-4a45-a16a-817786771e75/container.db for volume DS-7e179817-5a63-4a45-a16a-817786771e75
2024-05-22 11:35:11,186 [main] INFO  utils.BackgroundService (BackgroundService.java:shutdown(160)) - Shutting down service BlockDeletingService
2024-05-22 11:35:11,187 [main] INFO  utils.BackgroundService (BackgroundService.java:shutdown(160)) - Shutting down service StaleRecoveringContainerScrubbingService
2024-05-22 11:35:11,188 [main] INFO  statemachine.DatanodeStateMachine (DatanodeStateMachine.java:stopDaemon(638)) - Ozone container server stopped.
2024-05-22 11:35:11,188 [main] INFO  handler.ContextHandler (ContextHandler.java:doStop(1159)) - Stopped o.e.j.w.WebAppContext@262ac4cc{hddsDatanode,/,null,STOPPED}{file:/home/runner/work/ozone/ozone/hadoop-hdds/container-service/target/classes/webapps/hddsDatanode}
2024-05-22 11:35:11,189 [main] INFO  server.AbstractConnector (AbstractConnector.java:doStop(383)) - Stopped ServerConnector@47fa54d{HTTP/1.1, (http/1.1)}{0.0.0.0:15080}
2024-05-22 11:35:11,189 [main] INFO  server.session (HouseKeeper.java:stopScavenging(149)) - node0 Stopped scavenging
2024-05-22 11:35:11,189 [main] INFO  handler.ContextHandler (ContextHandler.java:doStop(1159)) - Stopped o.e.j.s.ServletContextHandler@394642e5{static,/static,file:///home/runner/work/ozone/ozone/hadoop-hdds/container-service/target/classes/webapps/static,STOPPED}
2024-05-22 11:35:11,189 [main] INFO  handler.ContextHandler (ContextHandler.java:doStop(1159)) - Stopped o.e.j.s.ServletContextHandler@138bd003{logs,/logs,file:///home/runner/work/ozone/ozone/hadoop-ozone/integration-test/target/log,STOPPED}
2024-05-22 11:35:11,190 [main] INFO  ozone.HddsDatanodeClientProtocolServer (HddsDatanodeClientProtocolServer.java:stop(83)) - Stopping the RPC server for Client Protocol
2024-05-22 11:35:11,190 [main] INFO  ipc.Server (Server.java:stop(3523)) - Stopping server on 15081
2024-05-22 11:35:11,191 [IPC Server Responder] INFO  ipc.Server (Server.java:run(1567)) - Stopping IPC Server Responder
2024-05-22 11:35:11,191 [IPC Server listener on 15081] INFO  ipc.Server (Server.java:run(1434)) - Stopping IPC Server listener on 15081
2024-05-22 11:35:11,192 [main] INFO  ozoneimpl.OzoneContainer (OzoneContainer.java:stop(481)) - Attempting to stop container services.
2024-05-22 11:35:11,192 [ContainerMetadataScanner] WARN  ozoneimpl.AbstractBackgroundContainerScanner (AbstractBackgroundContainerScanner.java:handleRemainingSleep(134)) - Background container scan was interrupted.
2024-05-22 11:35:11,192 [ContainerMetadataScanner] INFO  ozoneimpl.AbstractBackgroundContainerScanner (AbstractBackgroundContainerScanner.java:run(61)) - Thread[ContainerMetadataScanner,5,main] exiting.
2024-05-22 11:35:11,192 [main] INFO  ozoneimpl.BackgroundContainerDataScanner (BackgroundContainerDataScanner.java:shutdown(141)) - ContainerDataScanner(/home/runner/work/ozone/ozone/hadoop-ozone/integration-test/target/test-dir/MiniOzoneClusterImpl-20f17314-7331-4214-8d7b-3220b0ea8e97/ozone-meta/datanode-3/data-0/hdds) is shutting down. 
2024-05-22 11:35:11,193 [ContainerDataScanner(/home/runner/work/ozone/ozone/hadoop-ozone/integration-test/target/test-dir/MiniOzoneClusterImpl-20f17314-7331-4214-8d7b-3220b0ea8e97/ozone-meta/datanode-3/data-0/hdds)] WARN  ozoneimpl.AbstractBackgroundContainerScanner (AbstractBackgroundContainerScanner.java:handleRemainingSleep(134)) - Background container scan was interrupted.
2024-05-22 11:35:11,193 [ContainerDataScanner(/home/runner/work/ozone/ozone/hadoop-ozone/integration-test/target/test-dir/MiniOzoneClusterImpl-20f17314-7331-4214-8d7b-3220b0ea8e97/ozone-meta/datanode-3/data-0/hdds)] INFO  ozoneimpl.AbstractBackgroundContainerScanner (AbstractBackgroundContainerScanner.java:run(61)) - ContainerDataScanner(/home/runner/work/ozone/ozone/hadoop-ozone/integration-test/target/test-dir/MiniOzoneClusterImpl-20f17314-7331-4214-8d7b-3220b0ea8e97/ozone-meta/datanode-3/data-0/hdds, DS-72ce6fd3-28c4-4843-89ff-c8216d002d63) exiting.
2024-05-22 11:35:11,193 [main] INFO  server.RaftServer (RaftServerProxy.java:lambda$close$9(416)) - ae2fb675-4ad2-4742-b745-16c1dba3b70f: close
2024-05-22 11:35:11,193 [ae2fb675-4ad2-4742-b745-16c1dba3b70f-impl-thread2] INFO  server.RaftServer$Division (RaftServerImpl.java:lambda$close$3(526)) - ae2fb675-4ad2-4742-b745-16c1dba3b70f@group-5008F0A1828C: shutdown
2024-05-22 11:35:11,193 [main] INFO  server.GrpcService (GrpcService.java:closeImpl(311)) - ae2fb675-4ad2-4742-b745-16c1dba3b70f: shutdown server org.apache.ratis.grpc.server.GrpcClientProtocolService now
2024-05-22 11:35:11,193 [ae2fb675-4ad2-4742-b745-16c1dba3b70f-impl-thread2] INFO  util.JmxRegister (JmxRegister.java:unregister(73)) - Successfully un-registered JMX Bean with object name Ratis:service=RaftServer,group=group-5008F0A1828C,id=ae2fb675-4ad2-4742-b745-16c1dba3b70f
2024-05-22 11:35:11,193 [ae2fb675-4ad2-4742-b745-16c1dba3b70f-impl-thread3] INFO  server.RaftServer$Division (RaftServerImpl.java:lambda$close$3(526)) - ae2fb675-4ad2-4742-b745-16c1dba3b70f@group-F0B03FD0AD5D: shutdown
2024-05-22 11:35:11,194 [ae2fb675-4ad2-4742-b745-16c1dba3b70f-impl-thread2] INFO  impl.RoleInfo (RoleInfo.java:shutdownLeaderState(94)) - ae2fb675-4ad2-4742-b745-16c1dba3b70f: shutdown ae2fb675-4ad2-4742-b745-16c1dba3b70f@group-5008F0A1828C-LeaderStateImpl
2024-05-22 11:35:11,194 [ae2fb675-4ad2-4742-b745-16c1dba3b70f-impl-thread4] INFO  server.RaftServer$Division (RaftServerImpl.java:lambda$close$3(526)) - ae2fb675-4ad2-4742-b745-16c1dba3b70f@group-58827D620A90: shutdown
2024-05-22 11:35:11,194 [ae2fb675-4ad2-4742-b745-16c1dba3b70f-impl-thread3] INFO  util.JmxRegister (JmxRegister.java:unregister(73)) - Successfully un-registered JMX Bean with object name Ratis:service=RaftServer,group=group-F0B03FD0AD5D,id=ae2fb675-4ad2-4742-b745-16c1dba3b70f
2024-05-22 11:35:11,194 [ae2fb675-4ad2-4742-b745-16c1dba3b70f-impl-thread3] INFO  impl.RoleInfo (RoleInfo.java:shutdownLeaderState(94)) - ae2fb675-4ad2-4742-b745-16c1dba3b70f: shutdown ae2fb675-4ad2-4742-b745-16c1dba3b70f@group-F0B03FD0AD5D-LeaderStateImpl
2024-05-22 11:35:11,194 [ae2fb675-4ad2-4742-b745-16c1dba3b70f@group-F0B03FD0AD5D->02a0afdf-1bea-47f6-ae97-5b8161c986a7-GrpcLogAppender-LogAppenderDaemon] WARN  server.GrpcLogAppender (GrpcLogAppender.java:mayWait(289)) - ae2fb675-4ad2-4742-b745-16c1dba3b70f@group-F0B03FD0AD5D->02a0afdf-1bea-47f6-ae97-5b8161c986a7-GrpcLogAppender: Wait interrupted by java.lang.InterruptedException
2024-05-22 11:35:11,194 [Thread-1816] INFO  server.GrpcServerProtocolClient (GrpcServerProtocolClient.java:close(103)) - 02a0afdf-1bea-47f6-ae97-5b8161c986a7 Close channels
2024-05-22 11:35:11,194 [ae2fb675-4ad2-4742-b745-16c1dba3b70f-impl-thread4] INFO  util.JmxRegister (JmxRegister.java:unregister(73)) - Successfully un-registered JMX Bean with object name Ratis:service=RaftServer,group=group-58827D620A90,id=ae2fb675-4ad2-4742-b745-16c1dba3b70f
2024-05-22 11:35:11,195 [ae2fb675-4ad2-4742-b745-16c1dba3b70f-impl-thread4] INFO  impl.RoleInfo (RoleInfo.java:shutdownLeaderState(94)) - ae2fb675-4ad2-4742-b745-16c1dba3b70f: shutdown ae2fb675-4ad2-4742-b745-16c1dba3b70f@group-58827D620A90-LeaderStateImpl
2024-05-22 11:35:11,195 [ae2fb675-4ad2-4742-b745-16c1dba3b70f-impl-thread4] INFO  impl.PendingRequests (PendingRequests.java:sendNotLeaderResponses(289)) - ae2fb675-4ad2-4742-b745-16c1dba3b70f@group-58827D620A90-PendingRequests: sendNotLeaderResponses
2024-05-22 11:35:11,194 [ae2fb675-4ad2-4742-b745-16c1dba3b70f-impl-thread3] INFO  impl.PendingRequests (PendingRequests.java:sendNotLeaderResponses(289)) - ae2fb675-4ad2-4742-b745-16c1dba3b70f@group-F0B03FD0AD5D-PendingRequests: sendNotLeaderResponses
2024-05-22 11:35:11,194 [ae2fb675-4ad2-4742-b745-16c1dba3b70f@group-F0B03FD0AD5D->538779f6-f80f-4bc7-8424-1a47a535146d-GrpcLogAppender-LogAppenderDaemon] WARN  server.GrpcLogAppender (GrpcLogAppender.java:mayWait(289)) - ae2fb675-4ad2-4742-b745-16c1dba3b70f@group-F0B03FD0AD5D->538779f6-f80f-4bc7-8424-1a47a535146d-GrpcLogAppender: Wait interrupted by java.lang.InterruptedException
2024-05-22 11:35:11,195 [ae2fb675-4ad2-4742-b745-16c1dba3b70f-impl-thread4] INFO  impl.StateMachineUpdater (StateMachineUpdater.java:stopAndJoin(157)) - ae2fb675-4ad2-4742-b745-16c1dba3b70f@group-58827D620A90-StateMachineUpdater: set stopIndex = 0
2024-05-22 11:35:11,195 [ae2fb675-4ad2-4742-b745-16c1dba3b70f@group-58827D620A90-StateMachineUpdater] INFO  ratis.ContainerStateMachine (ContainerStateMachine.java:takeSnapshot(355)) - group-58827D620A90: Taking a snapshot at:(t:1, i:0) file /home/runner/work/ozone/ozone/hadoop-ozone/integration-test/target/test-dir/MiniOzoneClusterImpl-20f17314-7331-4214-8d7b-3220b0ea8e97/ozone-meta/datanode-3/ratis/c5d189d2-33a6-478c-8a46-58827d620a90/sm/snapshot.1_0
2024-05-22 11:35:11,195 [ae2fb675-4ad2-4742-b745-16c1dba3b70f@group-5008F0A1828C->02a0afdf-1bea-47f6-ae97-5b8161c986a7-GrpcLogAppender-LogAppenderDaemon] WARN  server.GrpcLogAppender (GrpcLogAppender.java:mayWait(289)) - ae2fb675-4ad2-4742-b745-16c1dba3b70f@group-5008F0A1828C->02a0afdf-1bea-47f6-ae97-5b8161c986a7-GrpcLogAppender: Wait interrupted by java.lang.InterruptedException
2024-05-22 11:35:11,194 [Thread-1817] INFO  server.GrpcServerProtocolClient (GrpcServerProtocolClient.java:close(103)) - 538779f6-f80f-4bc7-8424-1a47a535146d Close channels
2024-05-22 11:35:11,195 [ae2fb675-4ad2-4742-b745-16c1dba3b70f@group-5008F0A1828C->538779f6-f80f-4bc7-8424-1a47a535146d-GrpcLogAppender-LogAppenderDaemon] WARN  server.GrpcLogAppender (GrpcLogAppender.java:mayWait(289)) - ae2fb675-4ad2-4742-b745-16c1dba3b70f@group-5008F0A1828C->538779f6-f80f-4bc7-8424-1a47a535146d-GrpcLogAppender: Wait interrupted by java.lang.InterruptedException
2024-05-22 11:35:11,195 [ae2fb675-4ad2-4742-b745-16c1dba3b70f@group-F0B03FD0AD5D-StateMachineUpdater] INFO  ratis.ContainerStateMachine (ContainerStateMachine.java:takeSnapshot(355)) - group-F0B03FD0AD5D: Taking a snapshot at:(t:1, i:0) file /home/runner/work/ozone/ozone/hadoop-ozone/integration-test/target/test-dir/MiniOzoneClusterImpl-20f17314-7331-4214-8d7b-3220b0ea8e97/ozone-meta/datanode-3/ratis/96889823-d642-4618-bd52-f0b03fd0ad5d/sm/snapshot.1_0
2024-05-22 11:35:11,195 [main] INFO  server.GrpcService (GrpcService.java:closeImpl(320)) - ae2fb675-4ad2-4742-b745-16c1dba3b70f: shutdown server org.apache.ratis.grpc.server.GrpcClientProtocolService successfully
2024-05-22 11:35:11,196 [main] INFO  server.GrpcService (GrpcService.java:closeImpl(311)) - ae2fb675-4ad2-4742-b745-16c1dba3b70f: shutdown server GrpcServerProtocolService now
2024-05-22 11:35:11,195 [ae2fb675-4ad2-4742-b745-16c1dba3b70f-impl-thread3] INFO  impl.StateMachineUpdater (StateMachineUpdater.java:stopAndJoin(157)) - ae2fb675-4ad2-4742-b745-16c1dba3b70f@group-F0B03FD0AD5D-StateMachineUpdater: set stopIndex = 0
2024-05-22 11:35:11,195 [ae2fb675-4ad2-4742-b745-16c1dba3b70f-impl-thread2] INFO  impl.PendingRequests (PendingRequests.java:sendNotLeaderResponses(289)) - ae2fb675-4ad2-4742-b745-16c1dba3b70f@group-5008F0A1828C-PendingRequests: sendNotLeaderResponses
2024-05-22 11:35:11,196 [ae2fb675-4ad2-4742-b745-16c1dba3b70f@group-58827D620A90-StateMachineUpdater] INFO  ratis.ContainerStateMachine (ContainerStateMachine.java:takeSnapshot(366)) - group-58827D620A90: Finished taking a snapshot at:(t:1, i:0) file:/home/runner/work/ozone/ozone/hadoop-ozone/integration-test/target/test-dir/MiniOzoneClusterImpl-20f17314-7331-4214-8d7b-3220b0ea8e97/ozone-meta/datanode-3/ratis/c5d189d2-33a6-478c-8a46-58827d620a90/sm/snapshot.1_0 took: 1 ms
2024-05-22 11:35:11,196 [ae2fb675-4ad2-4742-b745-16c1dba3b70f@group-58827D620A90-StateMachineUpdater] INFO  impl.StateMachineUpdater (StateMachineUpdater.java:takeSnapshot(295)) - ae2fb675-4ad2-4742-b745-16c1dba3b70f@group-58827D620A90-StateMachineUpdater: Took a snapshot at index 0
2024-05-22 11:35:11,196 [main] INFO  server.GrpcService (GrpcService.java:closeImpl(320)) - ae2fb675-4ad2-4742-b745-16c1dba3b70f: shutdown server GrpcServerProtocolService successfully
2024-05-22 11:35:11,196 [ae2fb675-4ad2-4742-b745-16c1dba3b70f@group-F0B03FD0AD5D-StateMachineUpdater] INFO  ratis.ContainerStateMachine (ContainerStateMachine.java:takeSnapshot(366)) - group-F0B03FD0AD5D: Finished taking a snapshot at:(t:1, i:0) file:/home/runner/work/ozone/ozone/hadoop-ozone/integration-test/target/test-dir/MiniOzoneClusterImpl-20f17314-7331-4214-8d7b-3220b0ea8e97/ozone-meta/datanode-3/ratis/96889823-d642-4618-bd52-f0b03fd0ad5d/sm/snapshot.1_0 took: 1 ms
2024-05-22 11:35:11,197 [main] INFO  server.GrpcService (GrpcService.java:closeImpl(311)) - ae2fb675-4ad2-4742-b745-16c1dba3b70f: shutdown server org.apache.ratis.grpc.server.GrpcAdminProtocolService now
2024-05-22 11:35:11,197 [ae2fb675-4ad2-4742-b745-16c1dba3b70f@group-5008F0A1828C-StateMachineUpdater] INFO  ratis.ContainerStateMachine (ContainerStateMachine.java:takeSnapshot(355)) - group-5008F0A1828C: Taking a snapshot at:(t:2, i:0) file /home/runner/work/ozone/ozone/hadoop-ozone/integration-test/target/test-dir/MiniOzoneClusterImpl-20f17314-7331-4214-8d7b-3220b0ea8e97/ozone-meta/datanode-3/ratis/5c335dc4-ee6b-41c8-9f32-5008f0a1828c/sm/snapshot.2_0
2024-05-22 11:35:11,196 [ae2fb675-4ad2-4742-b745-16c1dba3b70f-impl-thread2] INFO  impl.StateMachineUpdater (StateMachineUpdater.java:stopAndJoin(157)) - ae2fb675-4ad2-4742-b745-16c1dba3b70f@group-5008F0A1828C-StateMachineUpdater: set stopIndex = 0
2024-05-22 11:35:11,196 [ae2fb675-4ad2-4742-b745-16c1dba3b70f@group-58827D620A90-StateMachineUpdater] INFO  impl.StateMachineUpdater (StateMachineUpdater.java:lambda$new$0(98)) - ae2fb675-4ad2-4742-b745-16c1dba3b70f@group-58827D620A90-StateMachineUpdater: snapshotIndex: updateIncreasingly -1 -> 0
2024-05-22 11:35:11,197 [ae2fb675-4ad2-4742-b745-16c1dba3b70f@group-F0B03FD0AD5D-StateMachineUpdater] INFO  impl.StateMachineUpdater (StateMachineUpdater.java:takeSnapshot(295)) - ae2fb675-4ad2-4742-b745-16c1dba3b70f@group-F0B03FD0AD5D-StateMachineUpdater: Took a snapshot at index 0
2024-05-22 11:35:11,197 [ae2fb675-4ad2-4742-b745-16c1dba3b70f-impl-thread4] INFO  server.RaftServer$Division (ServerState.java:close(427)) - ae2fb675-4ad2-4742-b745-16c1dba3b70f@group-58827D620A90: applyIndex: 0
2024-05-22 11:35:11,197 [ae2fb675-4ad2-4742-b745-16c1dba3b70f@group-5008F0A1828C-StateMachineUpdater] INFO  ratis.ContainerStateMachine (ContainerStateMachine.java:takeSnapshot(366)) - group-5008F0A1828C: Finished taking a snapshot at:(t:2, i:0) file:/home/runner/work/ozone/ozone/hadoop-ozone/integration-test/target/test-dir/MiniOzoneClusterImpl-20f17314-7331-4214-8d7b-3220b0ea8e97/ozone-meta/datanode-3/ratis/5c335dc4-ee6b-41c8-9f32-5008f0a1828c/sm/snapshot.2_0 took: 1 ms
2024-05-22 11:35:11,197 [ae2fb675-4ad2-4742-b745-16c1dba3b70f@group-58827D620A90-cacheEviction-AwaitToRun] INFO  util.AwaitToRun (AwaitToRun.java:run(49)) - ae2fb675-4ad2-4742-b745-16c1dba3b70f@group-58827D620A90-cacheEviction-AwaitToRun-AwaitForSignal is interrupted
2024-05-22 11:35:11,197 [ae2fb675-4ad2-4742-b745-16c1dba3b70f@group-F0B03FD0AD5D-StateMachineUpdater] INFO  impl.StateMachineUpdater (StateMachineUpdater.java:lambda$new$0(98)) - ae2fb675-4ad2-4742-b745-16c1dba3b70f@group-F0B03FD0AD5D-StateMachineUpdater: snapshotIndex: updateIncreasingly -1 -> 0
2024-05-22 11:35:11,197 [main] INFO  server.GrpcService (GrpcService.java:closeImpl(320)) - ae2fb675-4ad2-4742-b745-16c1dba3b70f: shutdown server org.apache.ratis.grpc.server.GrpcAdminProtocolService successfully
2024-05-22 11:35:11,197 [ae2fb675-4ad2-4742-b745-16c1dba3b70f@group-5008F0A1828C-StateMachineUpdater] INFO  impl.StateMachineUpdater (StateMachineUpdater.java:takeSnapshot(295)) - ae2fb675-4ad2-4742-b745-16c1dba3b70f@group-5008F0A1828C-StateMachineUpdater: Took a snapshot at index 0
2024-05-22 11:35:11,198 [ae2fb675-4ad2-4742-b745-16c1dba3b70f@group-5008F0A1828C-StateMachineUpdater] INFO  impl.StateMachineUpdater (StateMachineUpdater.java:lambda$new$0(98)) - ae2fb675-4ad2-4742-b745-16c1dba3b70f@group-5008F0A1828C-StateMachineUpdater: snapshotIndex: updateIncreasingly -1 -> 0
2024-05-22 11:35:11,197 [ae2fb675-4ad2-4742-b745-16c1dba3b70f-impl-thread3] INFO  server.RaftServer$Division (ServerState.java:close(427)) - ae2fb675-4ad2-4742-b745-16c1dba3b70f@group-F0B03FD0AD5D: applyIndex: 0
2024-05-22 11:35:11,198 [ae2fb675-4ad2-4742-b745-16c1dba3b70f@group-F0B03FD0AD5D-cacheEviction-AwaitToRun] INFO  util.AwaitToRun (AwaitToRun.java:run(49)) - ae2fb675-4ad2-4742-b745-16c1dba3b70f@group-F0B03FD0AD5D-cacheEviction-AwaitToRun-AwaitForSignal is interrupted
2024-05-22 11:35:11,198 [ae2fb675-4ad2-4742-b745-16c1dba3b70f-impl-thread2] INFO  server.RaftServer$Division (ServerState.java:close(427)) - ae2fb675-4ad2-4742-b745-16c1dba3b70f@group-5008F0A1828C: applyIndex: 0
2024-05-22 11:35:11,198 [ae2fb675-4ad2-4742-b745-16c1dba3b70f@group-5008F0A1828C-cacheEviction-AwaitToRun] INFO  util.AwaitToRun (AwaitToRun.java:run(49)) - ae2fb675-4ad2-4742-b745-16c1dba3b70f@group-5008F0A1828C-cacheEviction-AwaitToRun-AwaitForSignal is interrupted
2024-05-22 11:35:11,201 [ae2fb675-4ad2-4742-b745-16c1dba3b70f-NettyServerStreamRpc-bossGroup--thread1] INFO  logging.LoggingHandler (AbstractInternalLogger.java:log(148)) - [id: 0x650afe16, L:/0.0.0.0:15095] CLOSE
2024-05-22 11:35:11,201 [ae2fb675-4ad2-4742-b745-16c1dba3b70f-NettyServerStreamRpc-bossGroup--thread1] INFO  logging.LoggingHandler (AbstractInternalLogger.java:log(148)) - [id: 0x650afe16, L:/0.0.0.0:15095] INACTIVE
2024-05-22 11:35:11,201 [ae2fb675-4ad2-4742-b745-16c1dba3b70f-NettyServerStreamRpc-bossGroup--thread1] INFO  logging.LoggingHandler (AbstractInternalLogger.java:log(148)) - [id: 0x650afe16, L:/0.0.0.0:15095] UNREGISTERED
2024-05-22 11:35:11,571 [RatisPipelineUtilsThread-0] WARN  scm.SCMCommonPlacementPolicy (SCMCommonPlacementPolicy.java:filterNodesWithSpace(287)) - Unable to find enough nodes that meet the space requirement of 1073741824 bytes for metadata and 5368709120 bytes for data in healthy node set. Required 3. Found 2.
2024-05-22 11:35:11,858 [ae2fb675-4ad2-4742-b745-16c1dba3b70f-impl-thread3] INFO  segmented.SegmentedRaftLogWorker (SegmentedRaftLogWorker.java:close(245)) - ae2fb675-4ad2-4742-b745-16c1dba3b70f@group-F0B03FD0AD5D-SegmentedRaftLogWorker close()
2024-05-22 11:35:11,944 [ae2fb675-4ad2-4742-b745-16c1dba3b70f-BlockDeletingService#0] INFO  interfaces.ContainerDeletionChoosingPolicyTemplate (ContainerDeletionChoosingPolicyTemplate.java:chooseContainerForBlockDeletion(85)) - Chosen 0/5000 blocks from 0 candidate containers.
2024-05-22 11:35:11,965 [ae2fb675-4ad2-4742-b745-16c1dba3b70f-impl-thread4] INFO  segmented.SegmentedRaftLogWorker (SegmentedRaftLogWorker.java:close(245)) - ae2fb675-4ad2-4742-b745-16c1dba3b70f@group-58827D620A90-SegmentedRaftLogWorker close()
2024-05-22 11:35:12,072 [RatisPipelineUtilsThread-0] WARN  scm.SCMCommonPlacementPolicy (SCMCommonPlacementPolicy.java:filterNodesWithSpace(287)) - Unable to find enough nodes that meet the space requirement of 1073741824 bytes for metadata and 5368709120 bytes for data in healthy node set. Required 3. Found 2.
2024-05-22 11:35:12,175 [ae2fb675-4ad2-4742-b745-16c1dba3b70f-impl-thread2] INFO  segmented.SegmentedRaftLogWorker (SegmentedRaftLogWorker.java:close(245)) - ae2fb675-4ad2-4742-b745-16c1dba3b70f@group-5008F0A1828C-SegmentedRaftLogWorker close()
2024-05-22 11:35:12,176 [JvmPauseMonitor12] INFO  util.JvmPauseMonitor (JvmPauseMonitor.java:run(152)) - JvmPauseMonitor-ae2fb675-4ad2-4742-b745-16c1dba3b70f: Stopped
2024-05-22 11:35:12,572 [RatisPipelineUtilsThread-0] WARN  scm.SCMCommonPlacementPolicy (SCMCommonPlacementPolicy.java:filterNodesWithSpace(287)) - Unable to find enough nodes that meet the space requirement of 1073741824 bytes for metadata and 5368709120 bytes for data in healthy node set. Required 3. Found 2.
2024-05-22 11:35:13,073 [RatisPipelineUtilsThread-0] WARN  scm.SCMCommonPlacementPolicy (SCMCommonPlacementPolicy.java:filterNodesWithSpace(287)) - Unable to find enough nodes that meet the space requirement of 1073741824 bytes for metadata and 5368709120 bytes for data in healthy node set. Required 3. Found 2.
2024-05-22 11:35:13,573 [RatisPipelineUtilsThread-0] WARN  scm.SCMCommonPlacementPolicy (SCMCommonPlacementPolicy.java:filterNodesWithSpace(287)) - Unable to find enough nodes that meet the space requirement of 1073741824 bytes for metadata and 5368709120 bytes for data in healthy node set. Required 3. Found 2.
2024-05-22 11:35:13,713 [timer2] WARN  server.GrpcLogAppender (LogUtils.java:warn(121)) - ae2fb675-4ad2-4742-b745-16c1dba3b70f@group-5008F0A1828C->02a0afdf-1bea-47f6-ae97-5b8161c986a7-AppendLogResponseHandler: Failed appendEntries (Repeated 6 times in the last 4.999s): org.apache.ratis.thirdparty.io.grpc.StatusRuntimeException: UNAVAILABLE: io exception
2024-05-22 11:35:13,714 [timer1] WARN  server.GrpcLogAppender (LogUtils.java:warn(121)) - ae2fb675-4ad2-4742-b745-16c1dba3b70f@group-F0B03FD0AD5D->02a0afdf-1bea-47f6-ae97-5b8161c986a7-AppendLogResponseHandler: Failed appendEntries (Repeated 6 times in the last 5.001s): org.apache.ratis.thirdparty.io.grpc.StatusRuntimeException: UNAVAILABLE: io exception
2024-05-22 11:35:13,715 [timer3] WARN  server.GrpcLogAppender (GrpcLogAppender.java:lambda$resetClient$1(217)) - ae2fb675-4ad2-4742-b745-16c1dba3b70f@group-5008F0A1828C->02a0afdf-1bea-47f6-ae97-5b8161c986a7-GrpcLogAppender: Follower failed (request=null, errorCount=6); keep nextIndex (1) unchanged and retry. (Repeated 12 times in the last 5.002s)
2024-05-22 11:35:13,749 [timer4] WARN  server.GrpcLogAppender (LogUtils.java:warn(121)) - ae2fb675-4ad2-4742-b745-16c1dba3b70f@group-F0B03FD0AD5D->538779f6-f80f-4bc7-8424-1a47a535146d-AppendLogResponseHandler: Failed appendEntries (Repeated 2 times in the last 5.000s): org.apache.ratis.thirdparty.io.grpc.StatusRuntimeException: UNAVAILABLE: io exception
2024-05-22 11:35:13,750 [timer5] WARN  server.GrpcLogAppender (GrpcLogAppender.java:lambda$resetClient$1(217)) - ae2fb675-4ad2-4742-b745-16c1dba3b70f@group-5008F0A1828C->538779f6-f80f-4bc7-8424-1a47a535146d-GrpcLogAppender: Follower failed (request=null, errorCount=90); keep nextIndex (1) unchanged and retry. (Repeated 4 times in the last 5.000s)
2024-05-22 11:35:14,074 [RatisPipelineUtilsThread-0] WARN  scm.SCMCommonPlacementPolicy (SCMCommonPlacementPolicy.java:filterNodesWithSpace(287)) - Unable to find enough nodes that meet the space requirement of 1073741824 bytes for metadata and 5368709120 bytes for data in healthy node set. Required 3. Found 2.
2024-05-22 11:35:14,178 [main] INFO  utils.DatanodeStoreCache (DatanodeStoreCache.java:shutdownCache(116)) - Skip clearing cache in mini cluster mode. Entries left: [/home/runner/work/ozone/ozone/hadoop-ozone/integration-test/target/test-dir/MiniOzoneClusterImpl-20f17314-7331-4214-8d7b-3220b0ea8e97/ozone-meta/datanode-3/data-0/hdds/20f17314-7331-4214-8d7b-3220b0ea8e97/DS-72ce6fd3-28c4-4843-89ff-c8216d002d63/container.db]
2024-05-22 11:35:14,179 [main] INFO  utils.DatanodeStoreCache (DatanodeStoreCache.java:removeDB(110)) - Removed db /home/runner/work/ozone/ozone/hadoop-ozone/integration-test/target/test-dir/MiniOzoneClusterImpl-20f17314-7331-4214-8d7b-3220b0ea8e97/ozone-meta/datanode-3/data-0/hdds/20f17314-7331-4214-8d7b-3220b0ea8e97/DS-72ce6fd3-28c4-4843-89ff-c8216d002d63/container.db from cache
2024-05-22 11:35:14,179 [main] INFO  volume.HddsVolume (HddsVolume.java:closeDbStore(470)) - SchemaV3 db is stopped at /home/runner/work/ozone/ozone/hadoop-ozone/integration-test/target/test-dir/MiniOzoneClusterImpl-20f17314-7331-4214-8d7b-3220b0ea8e97/ozone-meta/datanode-3/data-0/hdds/20f17314-7331-4214-8d7b-3220b0ea8e97/DS-72ce6fd3-28c4-4843-89ff-c8216d002d63/container.db for volume DS-72ce6fd3-28c4-4843-89ff-c8216d002d63
2024-05-22 11:35:14,179 [main] INFO  utils.BackgroundService (BackgroundService.java:shutdown(160)) - Shutting down service BlockDeletingService
2024-05-22 11:35:14,179 [main] INFO  utils.BackgroundService (BackgroundService.java:shutdown(160)) - Shutting down service StaleRecoveringContainerScrubbingService
2024-05-22 11:35:14,180 [main] INFO  statemachine.DatanodeStateMachine (DatanodeStateMachine.java:stopDaemon(638)) - Ozone container server stopped.
2024-05-22 11:35:14,180 [main] INFO  handler.ContextHandler (ContextHandler.java:doStop(1159)) - Stopped o.e.j.w.WebAppContext@5ffdea7c{hddsDatanode,/,null,STOPPED}{file:/home/runner/work/ozone/ozone/hadoop-hdds/container-service/target/classes/webapps/hddsDatanode}
2024-05-22 11:35:14,181 [main] INFO  server.AbstractConnector (AbstractConnector.java:doStop(383)) - Stopped ServerConnector@2a202f00{HTTP/1.1, (http/1.1)}{0.0.0.0:15089}
2024-05-22 11:35:14,181 [main] INFO  server.session (HouseKeeper.java:stopScavenging(149)) - node0 Stopped scavenging
2024-05-22 11:35:14,181 [main] INFO  handler.ContextHandler (ContextHandler.java:doStop(1159)) - Stopped o.e.j.s.ServletContextHandler@237b93f5{static,/static,file:///home/runner/work/ozone/ozone/hadoop-hdds/container-service/target/classes/webapps/static,STOPPED}
2024-05-22 11:35:14,181 [main] INFO  handler.ContextHandler (ContextHandler.java:doStop(1159)) - Stopped o.e.j.s.ServletContextHandler@6ddb5117{logs,/logs,file:///home/runner/work/ozone/ozone/hadoop-ozone/integration-test/target/log,STOPPED}
2024-05-22 11:35:14,182 [main] INFO  ozone.HddsDatanodeClientProtocolServer (HddsDatanodeClientProtocolServer.java:stop(83)) - Stopping the RPC server for Client Protocol
2024-05-22 11:35:14,182 [main] INFO  ipc.Server (Server.java:stop(3523)) - Stopping server on 15090
2024-05-22 11:35:14,182 [IPC Server listener on 15090] INFO  ipc.Server (Server.java:run(1434)) - Stopping IPC Server listener on 15090
2024-05-22 11:35:14,182 [IPC Server Responder] INFO  ipc.Server (Server.java:run(1567)) - Stopping IPC Server Responder
2024-05-22 11:35:14,574 [RatisPipelineUtilsThread-0] WARN  scm.SCMCommonPlacementPolicy (SCMCommonPlacementPolicy.java:filterNodesWithSpace(287)) - Unable to find enough nodes that meet the space requirement of 1073741824 bytes for metadata and 5368709120 bytes for data in healthy node set. Required 3. Found 2.
2024-05-22 11:35:14,857 [EventQueue-StaleNodeForStaleNodeHandler] INFO  node.StaleNodeHandler (StaleNodeHandler.java:onMessage(57)) - Datanode 02a0afdf-1bea-47f6-ae97-5b8161c986a7(localhost/127.0.0.1) moved to stale state. Finalizing its pipelines [PipelineID=5c335dc4-ee6b-41c8-9f32-5008f0a1828c, PipelineID=a02160c5-13de-4f1f-9837-4540a0f0f71c, PipelineID=96889823-d642-4618-bd52-f0b03fd0ad5d]
2024-05-22 11:35:14,858 [EventQueue-StaleNodeForStaleNodeHandler] INFO  pipeline.PipelineManagerImpl (PipelineManagerImpl.java:closePipeline(518)) - Pipeline PipelineID=a02160c5-13de-4f1f-9837-4540a0f0f71c moved to CLOSED state
2024-05-22 11:35:15,075 [RatisPipelineUtilsThread-0] WARN  scm.SCMCommonPlacementPolicy (SCMCommonPlacementPolicy.java:filterNodesWithSpace(287)) - Unable to find enough nodes that meet the space requirement of 1073741824 bytes for metadata and 5368709120 bytes for data in healthy node set. Required 3. Found 1.
2024-05-22 11:35:15,575 [RatisPipelineUtilsThread-0] WARN  scm.SCMCommonPlacementPolicy (SCMCommonPlacementPolicy.java:filterNodesWithSpace(287)) - Unable to find enough nodes that meet the space requirement of 1073741824 bytes for metadata and 5368709120 bytes for data in healthy node set. Required 3. Found 1.
2024-05-22 11:35:15,880 [timer0] WARN  server.GrpcLogAppender (LogUtils.java:warn(121)) - ae2fb675-4ad2-4742-b745-16c1dba3b70f@group-5008F0A1828C->538779f6-f80f-4bc7-8424-1a47a535146d-AppendLogResponseHandler: Failed appendEntries (Repeated 2 times in the last 5.000s): org.apache.ratis.thirdparty.io.grpc.StatusRuntimeException: UNAVAILABLE: io exception
2024-05-22 11:35:16,075 [RatisPipelineUtilsThread-0] WARN  scm.SCMCommonPlacementPolicy (SCMCommonPlacementPolicy.java:filterNodesWithSpace(287)) - Unable to find enough nodes that meet the space requirement of 1073741824 bytes for metadata and 5368709120 bytes for data in healthy node set. Required 3. Found 1.
2024-05-22 11:35:16,576 [RatisPipelineUtilsThread-0] WARN  scm.SCMCommonPlacementPolicy (SCMCommonPlacementPolicy.java:filterNodesWithSpace(287)) - Unable to find enough nodes that meet the space requirement of 1073741824 bytes for metadata and 5368709120 bytes for data in healthy node set. Required 3. Found 1.
2024-05-22 11:35:16,858 [EventQueue-StaleNodeForStaleNodeHandler] INFO  node.StaleNodeHandler (StaleNodeHandler.java:onMessage(57)) - Datanode ae2fb675-4ad2-4742-b745-16c1dba3b70f(localhost/127.0.0.1) moved to stale state. Finalizing its pipelines [PipelineID=5c335dc4-ee6b-41c8-9f32-5008f0a1828c, PipelineID=96889823-d642-4618-bd52-f0b03fd0ad5d, PipelineID=c5d189d2-33a6-478c-8a46-58827d620a90]
2024-05-22 11:35:16,858 [EventQueue-StaleNodeForStaleNodeHandler] INFO  pipeline.PipelineManagerImpl (PipelineManagerImpl.java:closePipeline(518)) - Pipeline PipelineID=c5d189d2-33a6-478c-8a46-58827d620a90 moved to CLOSED state
2024-05-22 11:35:16,886 [main] ERROR pipeline.PipelinePlacementPolicy (PipelinePlacementPolicy.java:filterViableNodes(143)) - No healthy node found to allocate container.
2024-05-22 11:35:16,888 [main] INFO  impl.MetricsSystemImpl (MetricsSystemImpl.java:init(158)) - HddsDatanode metrics system started (again)
2024-05-22 11:35:16,918 [main] INFO  ozone.HddsDatanodeService (HddsDatanodeService.java:start(240)) - HddsDatanodeService host:fv-az572-394.ywsgqi4ed1ju5mtqvm2htfptlh.bx.internal.cloudapp.net ip:10.1.0.12
2024-05-22 11:35:16,928 [main] INFO  upgrade.AbstractLayoutVersionManager (AbstractLayoutVersionManager.java:init(83)) - Initializing Layout version manager with metadata layout = HADOOP_PRC_PORTS_IN_DATANODEDETAILS (version = 7), software layout = HADOOP_PRC_PORTS_IN_DATANODEDETAILS (version = 7)
2024-05-22 11:35:16,929 [main] INFO  statemachine.DatanodeStateMachine (DatanodeStateMachine.java:getEndPointTaskThreadPoolSize(299)) - Datanode State Machine Task Thread Pool size 2
2024-05-22 11:35:16,931 [main] INFO  volume.HddsVolume (HddsVolume.java:<init>(126)) - Creating HddsVolume: /home/runner/work/ozone/ozone/hadoop-ozone/integration-test/target/test-dir/MiniOzoneClusterImpl-20f17314-7331-4214-8d7b-3220b0ea8e97/ozone-meta/datanode-1/data-0/hdds of storage type : DISK capacity : 9222449699674390527
2024-05-22 11:35:16,931 [main] INFO  volume.MutableVolumeSet (MutableVolumeSet.java:initializeVolumeSet(173)) - Added Volume : /home/runner/work/ozone/ozone/hadoop-ozone/integration-test/target/test-dir/MiniOzoneClusterImpl-20f17314-7331-4214-8d7b-3220b0ea8e97/ozone-meta/datanode-1/data-0/hdds to VolumeSet
2024-05-22 11:35:16,932 [main] INFO  volume.MutableVolumeSet (MutableVolumeSet.java:initializeVolumeSet(173)) - Added Volume : /home/runner/work/ozone/ozone/hadoop-ozone/integration-test/target/test-dir/MiniOzoneClusterImpl-20f17314-7331-4214-8d7b-3220b0ea8e97/ozone-meta/datanode-1/ratis to VolumeSet
2024-05-22 11:35:16,942 [ForkJoinPool.commonPool-worker-3] INFO  utils.DatanodeStoreCache (DatanodeStoreCache.java:addDB(72)) - Added db /home/runner/work/ozone/ozone/hadoop-ozone/integration-test/target/test-dir/MiniOzoneClusterImpl-20f17314-7331-4214-8d7b-3220b0ea8e97/ozone-meta/datanode-1/data-0/hdds/20f17314-7331-4214-8d7b-3220b0ea8e97/DS-2a2c73ea-7ef1-4cc4-92ab-12b394ff0e81/container.db to cache
2024-05-22 11:35:16,942 [ForkJoinPool.commonPool-worker-3] INFO  volume.HddsVolume (HddsVolume.java:loadDbStore(389)) - SchemaV3 db is loaded at /home/runner/work/ozone/ozone/hadoop-ozone/integration-test/target/test-dir/MiniOzoneClusterImpl-20f17314-7331-4214-8d7b-3220b0ea8e97/ozone-meta/datanode-1/data-0/hdds/20f17314-7331-4214-8d7b-3220b0ea8e97/DS-2a2c73ea-7ef1-4cc4-92ab-12b394ff0e81/container.db for volume DS-2a2c73ea-7ef1-4cc4-92ab-12b394ff0e81
2024-05-22 11:35:16,943 [main] INFO  ozoneimpl.OzoneContainer (HddsVolumeUtil.java:loadAllHddsVolumeDbStore(103)) - Load 1 volumes DbStore cost: 11ms
2024-05-22 11:35:16,945 [main] INFO  server.RaftServer (ConfUtils.java:logGet(46)) - raft.rpc.type = GRPC (default)
2024-05-22 11:35:16,945 [main] INFO  grpc.GrpcConfigKeys (ConfUtils.java:logFallback(53)) - raft.grpc.admin.host = null (fallback to raft.grpc.server.host)
2024-05-22 11:35:16,945 [main] INFO  grpc.GrpcConfigKeys (ConfUtils.java:logGet(46)) - raft.grpc.admin.port = 15075 (custom)
2024-05-22 11:35:16,946 [main] INFO  grpc.GrpcConfigKeys (ConfUtils.java:logFallback(53)) - raft.grpc.client.host = null (fallback to raft.grpc.server.host)
2024-05-22 11:35:16,946 [main] INFO  grpc.GrpcConfigKeys (ConfUtils.java:logGet(46)) - raft.grpc.client.port = 15074 (custom)
2024-05-22 11:35:16,946 [main] INFO  grpc.GrpcConfigKeys (ConfUtils.java:logGet(46)) - raft.grpc.server.host = null (default)
2024-05-22 11:35:16,946 [main] INFO  grpc.GrpcConfigKeys (ConfUtils.java:logGet(46)) - raft.grpc.server.port = 15076 (custom)
2024-05-22 11:35:16,946 [main] INFO  server.GrpcService (ConfUtils.java:logGet(46)) - raft.grpc.message.size.max = 32MB (=33554432) (custom)
2024-05-22 11:35:16,946 [main] INFO  server.RaftServerConfigKeys (ConfUtils.java:logGet(46)) - raft.server.log.appender.buffer.byte-limit = 8388608 (custom)
2024-05-22 11:35:16,946 [main] INFO  server.GrpcService (ConfUtils.java:logGet(46)) - raft.grpc.flow.control.window = 5MB (=5242880) (custom)
2024-05-22 11:35:16,946 [main] INFO  server.RaftServerConfigKeys (ConfUtils.java:logGet(46)) - raft.server.rpc.request.timeout = 60s (custom)
2024-05-22 11:35:16,946 [main] INFO  grpc.GrpcConfigKeys (ConfUtils.java:logGet(46)) - raft.grpc.server.heartbeat.channel = true (default)
2024-05-22 11:35:16,946 [main] INFO  grpc.GrpcConfigKeys (ConfUtils.java:logGet(46)) - raft.grpc.server.async.request.thread.pool.cached = true (default)
2024-05-22 11:35:16,947 [main] INFO  grpc.GrpcConfigKeys (ConfUtils.java:logGet(46)) - raft.grpc.server.async.request.thread.pool.size = 32 (default)
2024-05-22 11:35:16,949 [main] INFO  impl.DataStreamServerImpl (ConfUtils.java:logGet(46)) - raft.datastream.type = NETTY (custom)
2024-05-22 11:35:16,949 [main] INFO  server.RaftServerConfigKeys (ConfUtils.java:logGet(46)) - raft.server.data-stream.async.request.thread.pool.cached = false (default)
2024-05-22 11:35:16,949 [main] INFO  server.RaftServerConfigKeys (ConfUtils.java:logGet(46)) - raft.server.data-stream.async.request.thread.pool.size = 20 (custom)
2024-05-22 11:35:16,949 [main] INFO  server.RaftServerConfigKeys (ConfUtils.java:logGet(46)) - raft.server.data-stream.async.write.thread.pool.size = 16 (default)
2024-05-22 11:35:16,949 [main] INFO  netty.NettyConfigKeys$DataStream (ConfUtils.java:logGet(46)) - raft.netty.dataStream.server.channel.inactive.grace-period = 10min (default)
2024-05-22 11:35:16,950 [main] INFO  server.RaftServerConfigKeys (ConfUtils.java:logGet(46)) - raft.server.data-stream.client.pool.size = 10 (default)
2024-05-22 11:35:16,950 [main] INFO  netty.NettyConfigKeys$DataStream (ConfUtils.java:logGet(46)) - raft.netty.dataStream.server.use-epoll = true (default)
2024-05-22 11:35:16,950 [main] INFO  netty.NettyConfigKeys$DataStream (ConfUtils.java:logGet(46)) - raft.netty.dataStream.server.boss-group.size = 0 (default)
2024-05-22 11:35:16,950 [main] INFO  netty.NettyUtils (NettyUtils.java:newEventLoopGroup(69)) - Create EpollEventLoopGroup for 538779f6-f80f-4bc7-8424-1a47a535146d-NettyServerStreamRpc-bossGroup; Thread size is 0.
2024-05-22 11:35:16,950 [main] INFO  netty.NettyConfigKeys$DataStream (ConfUtils.java:logGet(46)) - raft.netty.dataStream.server.worker-group.size = 0 (default)
2024-05-22 11:35:16,950 [main] INFO  netty.NettyUtils (NettyUtils.java:newEventLoopGroup(69)) - Create EpollEventLoopGroup for 538779f6-f80f-4bc7-8424-1a47a535146d-NettyServerStreamRpc-workerGroup; Thread size is 0.
2024-05-22 11:35:16,951 [main] INFO  netty.NettyConfigKeys$DataStream (ConfUtils.java:logGet(46)) - raft.netty.dataStream.server.tls.conf = null (default)
2024-05-22 11:35:16,951 [main] INFO  netty.NettyConfigKeys$DataStream (ConfUtils.java:logGet(46)) - raft.netty.dataStream.host = null (default)
2024-05-22 11:35:16,951 [main] INFO  netty.NettyConfigKeys$DataStream (ConfUtils.java:logGet(46)) - raft.netty.dataStream.port = 15077 (custom)
2024-05-22 11:35:16,953 [main] INFO  server.RaftServerConfigKeys (ConfUtils.java:logGet(46)) - raft.server.sleep.deviation.threshold = 300ms (default)
2024-05-22 11:35:16,953 [538779f6-f80f-4bc7-8424-1a47a535146d-NettyServerStreamRpc-bossGroup--thread1] INFO  logging.LoggingHandler (AbstractInternalLogger.java:log(148)) - [id: 0x8656fc3d] REGISTERED
2024-05-22 11:35:16,954 [main] INFO  server.RaftServerConfigKeys (ConfUtils.java:logGet(46)) - raft.server.close.threshold = 60s (default)
2024-05-22 11:35:16,954 [538779f6-f80f-4bc7-8424-1a47a535146d-NettyServerStreamRpc-bossGroup--thread1] INFO  logging.LoggingHandler (AbstractInternalLogger.java:log(148)) - [id: 0x8656fc3d] BIND: 0.0.0.0/0.0.0.0:15077
2024-05-22 11:35:16,954 [538779f6-f80f-4bc7-8424-1a47a535146d-NettyServerStreamRpc-bossGroup--thread1] INFO  logging.LoggingHandler (AbstractInternalLogger.java:log(148)) - [id: 0x8656fc3d, L:/0.0.0.0:15077] ACTIVE
2024-05-22 11:35:16,954 [main] INFO  server.RaftServerConfigKeys (ConfUtils.java:logGet(46)) - raft.server.leaderelection.leader.step-down.wait-time = 10s (default)
2024-05-22 11:35:16,954 [main] INFO  server.RaftServerConfigKeys (ConfUtils.java:logGet(46)) - raft.server.storage.dir = [/home/runner/work/ozone/ozone/hadoop-ozone/integration-test/target/test-dir/MiniOzoneClusterImpl-20f17314-7331-4214-8d7b-3220b0ea8e97/ozone-meta/datanode-1/ratis] (custom)
2024-05-22 11:35:16,954 [main] INFO  server.RaftServerConfigKeys (ConfUtils.java:logGet(46)) - raft.server.threadpool.proxy.cached = true (default)
2024-05-22 11:35:16,955 [main] INFO  server.RaftServerConfigKeys (ConfUtils.java:logGet(46)) - raft.server.threadpool.proxy.size = 0 (default)
2024-05-22 11:35:16,955 [538779f6-f80f-4bc7-8424-1a47a535146d-impl-thread1] INFO  server.RaftServer (RaftServerProxy.java:initGroupDir(264)) - 538779f6-f80f-4bc7-8424-1a47a535146d: found a subdirectory /home/runner/work/ozone/ozone/hadoop-ozone/integration-test/target/test-dir/MiniOzoneClusterImpl-20f17314-7331-4214-8d7b-3220b0ea8e97/ozone-meta/datanode-1/ratis/5c335dc4-ee6b-41c8-9f32-5008f0a1828c
2024-05-22 11:35:16,955 [538779f6-f80f-4bc7-8424-1a47a535146d-impl-thread1] INFO  server.RaftServer (RaftServerProxy.java:addNew(100)) - 538779f6-f80f-4bc7-8424-1a47a535146d: addNew group-5008F0A1828C:[] returns group-5008F0A1828C:java.util.concurrent.CompletableFuture@17d866d9[Not completed]
2024-05-22 11:35:16,955 [538779f6-f80f-4bc7-8424-1a47a535146d-impl-thread1] INFO  server.RaftServer (RaftServerProxy.java:initGroupDir(264)) - 538779f6-f80f-4bc7-8424-1a47a535146d: found a subdirectory /home/runner/work/ozone/ozone/hadoop-ozone/integration-test/target/test-dir/MiniOzoneClusterImpl-20f17314-7331-4214-8d7b-3220b0ea8e97/ozone-meta/datanode-1/ratis/2b7b4842-8920-402c-93ba-e7adb79780db
2024-05-22 11:35:16,955 [538779f6-f80f-4bc7-8424-1a47a535146d-impl-thread1] INFO  server.RaftServer (RaftServerProxy.java:addNew(100)) - 538779f6-f80f-4bc7-8424-1a47a535146d: addNew group-E7ADB79780DB:[] returns group-E7ADB79780DB:java.util.concurrent.CompletableFuture@13e7e0fa[Not completed]
2024-05-22 11:35:16,956 [538779f6-f80f-4bc7-8424-1a47a535146d-impl-thread1] INFO  server.RaftServer (RaftServerProxy.java:initGroupDir(264)) - 538779f6-f80f-4bc7-8424-1a47a535146d: found a subdirectory /home/runner/work/ozone/ozone/hadoop-ozone/integration-test/target/test-dir/MiniOzoneClusterImpl-20f17314-7331-4214-8d7b-3220b0ea8e97/ozone-meta/datanode-1/ratis/96889823-d642-4618-bd52-f0b03fd0ad5d
2024-05-22 11:35:16,956 [538779f6-f80f-4bc7-8424-1a47a535146d-impl-thread1] INFO  server.RaftServer (RaftServerProxy.java:addNew(100)) - 538779f6-f80f-4bc7-8424-1a47a535146d: addNew group-F0B03FD0AD5D:[] returns group-F0B03FD0AD5D:java.util.concurrent.CompletableFuture@56e56ce2[Not completed]
2024-05-22 11:35:16,956 [538779f6-f80f-4bc7-8424-1a47a535146d-impl-thread1] INFO  server.RaftServer (RaftServerProxy.java:initGroupDir(264)) - 538779f6-f80f-4bc7-8424-1a47a535146d: found a subdirectory /home/runner/work/ozone/ozone/hadoop-ozone/integration-test/target/test-dir/MiniOzoneClusterImpl-20f17314-7331-4214-8d7b-3220b0ea8e97/ozone-meta/datanode-1/ratis/tmp
2024-05-22 11:35:16,956 [538779f6-f80f-4bc7-8424-1a47a535146d-impl-thread1] INFO  server.RaftServer (RaftServerProxy.java:initGroupDir(269)) - 538779f6-f80f-4bc7-8424-1a47a535146d: The directory /home/runner/work/ozone/ozone/hadoop-ozone/integration-test/target/test-dir/MiniOzoneClusterImpl-20f17314-7331-4214-8d7b-3220b0ea8e97/ozone-meta/datanode-1/ratis/tmp is not a group directory; ignoring it. 
2024-05-22 11:35:16,956 [main] INFO  replication.ReplicationServer (ReplicationServer.java:<init>(86)) - Initializing replication server with thread count = 10 queue length = 4096
2024-05-22 11:35:16,957 [main] INFO  server.XceiverServerGrpc (XceiverServerGrpc.java:<init>(141)) - GrpcServer channel type EpollServerSocketChannel
2024-05-22 11:35:16,958 [538779f6-f80f-4bc7-8424-1a47a535146d-groupManagement] INFO  server.RaftServer$Division (RaftServerImpl.java:<init>(256)) - 538779f6-f80f-4bc7-8424-1a47a535146d: new RaftServerImpl for group-5008F0A1828C:[] with ContainerStateMachine:uninitialized
2024-05-22 11:35:16,958 [538779f6-f80f-4bc7-8424-1a47a535146d-groupManagement] INFO  server.RaftServerConfigKeys (ConfUtils.java:logGet(46)) - raft.server.rpc.timeout.min = 5s (custom)
2024-05-22 11:35:16,958 [538779f6-f80f-4bc7-8424-1a47a535146d-groupManagement] INFO  server.RaftServerConfigKeys (ConfUtils.java:logGet(46)) - raft.server.rpc.timeout.max = 5200ms (custom)
2024-05-22 11:35:16,958 [538779f6-f80f-4bc7-8424-1a47a535146d-groupManagement] INFO  server.RaftServerConfigKeys (ConfUtils.java:logGet(46)) - raft.server.rpc.sleep.time = 25ms (default)
2024-05-22 11:35:16,958 [538779f6-f80f-4bc7-8424-1a47a535146d-groupManagement] INFO  server.RaftServerConfigKeys (ConfUtils.java:logGet(46)) - raft.server.rpc.slowness.timeout = 300s (custom)
2024-05-22 11:35:16,959 [538779f6-f80f-4bc7-8424-1a47a535146d-groupManagement] INFO  server.RaftServerConfigKeys (ConfUtils.java:logGet(46)) - raft.server.leaderelection.leader.step-down.wait-time = 10s (default)
2024-05-22 11:35:16,959 [538779f6-f80f-4bc7-8424-1a47a535146d-groupManagement] INFO  server.RaftServerConfigKeys (ConfUtils.java:logGet(46)) - raft.server.leaderelection.member.majority-add = false (default)
2024-05-22 11:35:16,959 [538779f6-f80f-4bc7-8424-1a47a535146d-groupManagement] INFO  server.RaftServerConfigKeys (ConfUtils.java:logGet(46)) - raft.server.sleep.deviation.threshold = 300ms (default)
2024-05-22 11:35:16,959 [538779f6-f80f-4bc7-8424-1a47a535146d-groupManagement] INFO  server.RaftServer$Division (ServerState.java:<init>(113)) - 538779f6-f80f-4bc7-8424-1a47a535146d@group-5008F0A1828C: ConfigurationManager, init=-1: peers:[]|listeners:[], old=null, confs=<EMPTY_MAP>
2024-05-22 11:35:16,959 [538779f6-f80f-4bc7-8424-1a47a535146d-groupManagement] INFO  server.RaftServerConfigKeys (ConfUtils.java:logGet(46)) - raft.server.notification.no-leader.timeout = 300s (custom)
2024-05-22 11:35:16,959 [538779f6-f80f-4bc7-8424-1a47a535146d-groupManagement] INFO  server.RaftServerConfigKeys (ConfUtils.java:logGet(46)) - raft.server.read.timeout = 10s (default)
2024-05-22 11:35:16,959 [538779f6-f80f-4bc7-8424-1a47a535146d-groupManagement] INFO  server.RaftServerConfigKeys (ConfUtils.java:logGet(46)) - raft.server.retrycache.expirytime = 600000ms (custom)
2024-05-22 11:35:16,959 [538779f6-f80f-4bc7-8424-1a47a535146d-groupManagement] INFO  server.RaftServerConfigKeys (ConfUtils.java:logGet(46)) - raft.server.retrycache.statistics.expirytime = 100ms (default)
2024-05-22 11:35:16,959 [538779f6-f80f-4bc7-8424-1a47a535146d-groupManagement] INFO  server.RaftServerConfigKeys (ConfUtils.java:logGet(46)) - raft.server.read.option = DEFAULT (default)
2024-05-22 11:35:16,959 [538779f6-f80f-4bc7-8424-1a47a535146d-groupManagement] INFO  server.RaftServerConfigKeys (ConfUtils.java:logGet(46)) - raft.server.read.read-after-write-consistent.write-index-cache.expiry-time = 60s (default)
2024-05-22 11:35:16,960 [538779f6-f80f-4bc7-8424-1a47a535146d-groupManagement] INFO  server.RaftServerConfigKeys (ConfUtils.java:logGet(46)) - raft.server.rpc.request.timeout = 60s (custom)
2024-05-22 11:35:16,960 [538779f6-f80f-4bc7-8424-1a47a535146d-groupManagement] INFO  server.RaftServerConfigKeys (ConfUtils.java:logGet(46)) - raft.server.log.appender.install.snapshot.enabled = false (custom)
2024-05-22 11:35:16,960 [538779f6-f80f-4bc7-8424-1a47a535146d-groupManagement] INFO  server.RaftServerConfigKeys (ConfUtils.java:logGet(46)) - raft.server.threadpool.server.cached = true (default)
2024-05-22 11:35:16,960 [538779f6-f80f-4bc7-8424-1a47a535146d-groupManagement] INFO  server.RaftServerConfigKeys (ConfUtils.java:logGet(46)) - raft.server.threadpool.server.size = 0 (default)
2024-05-22 11:35:16,960 [538779f6-f80f-4bc7-8424-1a47a535146d-groupManagement] INFO  server.RaftServerConfigKeys (ConfUtils.java:logGet(46)) - raft.server.threadpool.client.cached = true (default)
2024-05-22 11:35:16,960 [538779f6-f80f-4bc7-8424-1a47a535146d-groupManagement] INFO  server.RaftServerConfigKeys (ConfUtils.java:logGet(46)) - raft.server.threadpool.client.size = 0 (default)
2024-05-22 11:35:16,961 [main] INFO  replication.ReplicationSupervisor (ReplicationSupervisor.java:build(157)) - Initializing replication supervisor with thread count = 10
2024-05-22 11:35:16,962 [main] INFO  replication.ReplicationSupervisor (ReplicationSupervisor.java:nodeStateUpdated(312)) - Node state updated to IN_SERVICE, scaling executor pool size to 10
2024-05-22 11:35:16,962 [538779f6-f80f-4bc7-8424-1a47a535146d-groupManagement] INFO  server.RaftServer$Division (RaftServerImpl.java:<init>(256)) - 538779f6-f80f-4bc7-8424-1a47a535146d: new RaftServerImpl for group-E7ADB79780DB:[] with ContainerStateMachine:uninitialized
2024-05-22 11:35:16,962 [538779f6-f80f-4bc7-8424-1a47a535146d-groupManagement] INFO  server.RaftServerConfigKeys (ConfUtils.java:logGet(46)) - raft.server.rpc.timeout.min = 5s (custom)
2024-05-22 11:35:16,962 [538779f6-f80f-4bc7-8424-1a47a535146d-groupManagement] INFO  server.RaftServerConfigKeys (ConfUtils.java:logGet(46)) - raft.server.rpc.timeout.max = 5200ms (custom)
2024-05-22 11:35:16,962 [538779f6-f80f-4bc7-8424-1a47a535146d-groupManagement] INFO  server.RaftServerConfigKeys (ConfUtils.java:logGet(46)) - raft.server.rpc.sleep.time = 25ms (default)
2024-05-22 11:35:16,962 [538779f6-f80f-4bc7-8424-1a47a535146d-groupManagement] INFO  server.RaftServerConfigKeys (ConfUtils.java:logGet(46)) - raft.server.rpc.slowness.timeout = 300s (custom)
2024-05-22 11:35:16,963 [538779f6-f80f-4bc7-8424-1a47a535146d-groupManagement] INFO  server.RaftServerConfigKeys (ConfUtils.java:logGet(46)) - raft.server.leaderelection.leader.step-down.wait-time = 10s (default)
2024-05-22 11:35:16,963 [538779f6-f80f-4bc7-8424-1a47a535146d-groupManagement] INFO  server.RaftServerConfigKeys (ConfUtils.java:logGet(46)) - raft.server.leaderelection.member.majority-add = false (default)
2024-05-22 11:35:16,963 [538779f6-f80f-4bc7-8424-1a47a535146d-groupManagement] INFO  server.RaftServerConfigKeys (ConfUtils.java:logGet(46)) - raft.server.sleep.deviation.threshold = 300ms (default)
2024-05-22 11:35:16,963 [538779f6-f80f-4bc7-8424-1a47a535146d-groupManagement] INFO  server.RaftServer$Division (ServerState.java:<init>(113)) - 538779f6-f80f-4bc7-8424-1a47a535146d@group-E7ADB79780DB: ConfigurationManager, init=-1: peers:[]|listeners:[], old=null, confs=<EMPTY_MAP>
2024-05-22 11:35:16,963 [538779f6-f80f-4bc7-8424-1a47a535146d-groupManagement] INFO  server.RaftServerConfigKeys (ConfUtils.java:logGet(46)) - raft.server.notification.no-leader.timeout = 300s (custom)
2024-05-22 11:35:16,963 [538779f6-f80f-4bc7-8424-1a47a535146d-groupManagement] INFO  server.RaftServerConfigKeys (ConfUtils.java:logGet(46)) - raft.server.read.timeout = 10s (default)
2024-05-22 11:35:16,963 [538779f6-f80f-4bc7-8424-1a47a535146d-groupManagement] INFO  server.RaftServerConfigKeys (ConfUtils.java:logGet(46)) - raft.server.retrycache.expirytime = 600000ms (custom)
2024-05-22 11:35:16,963 [538779f6-f80f-4bc7-8424-1a47a535146d-groupManagement] INFO  server.RaftServerConfigKeys (ConfUtils.java:logGet(46)) - raft.server.retrycache.statistics.expirytime = 100ms (default)
2024-05-22 11:35:16,964 [538779f6-f80f-4bc7-8424-1a47a535146d-groupManagement] INFO  server.RaftServerConfigKeys (ConfUtils.java:logGet(46)) - raft.server.read.option = DEFAULT (default)
2024-05-22 11:35:16,964 [538779f6-f80f-4bc7-8424-1a47a535146d-groupManagement] INFO  server.RaftServerConfigKeys (ConfUtils.java:logGet(46)) - raft.server.read.read-after-write-consistent.write-index-cache.expiry-time = 60s (default)
2024-05-22 11:35:16,965 [main] INFO  http.BaseHttpServer (BaseHttpServer.java:newHttpServer2BuilderForOzone(223)) - Starting Web-server for hddsDatanode at: http://0.0.0.0:15071
2024-05-22 11:35:16,965 [main] INFO  http.BaseHttpServer (BaseHttpServer.java:<init>(110)) - Hadoop Security Enabled: false Ozone Security Enabled: false Ozone HTTP Security Enabled: false 
2024-05-22 11:35:16,965 [538779f6-f80f-4bc7-8424-1a47a535146d-groupManagement] INFO  server.RaftServerConfigKeys (ConfUtils.java:logGet(46)) - raft.server.rpc.request.timeout = 60s (custom)
2024-05-22 11:35:16,965 [538779f6-f80f-4bc7-8424-1a47a535146d-groupManagement] INFO  server.RaftServerConfigKeys (ConfUtils.java:logGet(46)) - raft.server.log.appender.install.snapshot.enabled = false (custom)
2024-05-22 11:35:16,965 [538779f6-f80f-4bc7-8424-1a47a535146d-groupManagement] INFO  server.RaftServerConfigKeys (ConfUtils.java:logGet(46)) - raft.server.threadpool.server.cached = true (default)
2024-05-22 11:35:16,965 [538779f6-f80f-4bc7-8424-1a47a535146d-groupManagement] INFO  server.RaftServerConfigKeys (ConfUtils.java:logGet(46)) - raft.server.threadpool.server.size = 0 (default)
2024-05-22 11:35:16,965 [538779f6-f80f-4bc7-8424-1a47a535146d-groupManagement] INFO  server.RaftServerConfigKeys (ConfUtils.java:logGet(46)) - raft.server.threadpool.client.cached = true (default)
2024-05-22 11:35:16,966 [538779f6-f80f-4bc7-8424-1a47a535146d-groupManagement] INFO  server.RaftServerConfigKeys (ConfUtils.java:logGet(46)) - raft.server.threadpool.client.size = 0 (default)
2024-05-22 11:35:16,966 [538779f6-f80f-4bc7-8424-1a47a535146d-groupManagement] INFO  server.RaftServer$Division (RaftServerImpl.java:<init>(256)) - 538779f6-f80f-4bc7-8424-1a47a535146d: new RaftServerImpl for group-F0B03FD0AD5D:[] with ContainerStateMachine:uninitialized
2024-05-22 11:35:16,966 [538779f6-f80f-4bc7-8424-1a47a535146d-groupManagement] INFO  server.RaftServerConfigKeys (ConfUtils.java:logGet(46)) - raft.server.rpc.timeout.min = 5s (custom)
2024-05-22 11:35:16,966 [538779f6-f80f-4bc7-8424-1a47a535146d-groupManagement] INFO  server.RaftServerConfigKeys (ConfUtils.java:logGet(46)) - raft.server.rpc.timeout.max = 5200ms (custom)
2024-05-22 11:35:16,966 [538779f6-f80f-4bc7-8424-1a47a535146d-groupManagement] INFO  server.RaftServerConfigKeys (ConfUtils.java:logGet(46)) - raft.server.rpc.sleep.time = 25ms (default)
2024-05-22 11:35:16,966 [main] WARN  server.AuthenticationFilter (AuthenticationFilter.java:constructSecretProvider(240)) - Unable to initialize FileSignerSecretProvider, falling back to use random secrets. Reason: Could not read signature secret file: /home/runner/hadoop-http-auth-signature-secret
2024-05-22 11:35:16,967 [main] INFO  http.HttpRequestLog (HttpRequestLog.java:getRequestLog(86)) - Http request log for http.requests.hddsDatanode is not defined
2024-05-22 11:35:16,968 [main] INFO  http.HttpServer2 (HttpServer2.java:addGlobalFilter(1036)) - Added global filter 'safety' (class=org.apache.hadoop.hdds.server.http.HttpServer2$QuotingInputFilter)
2024-05-22 11:35:16,969 [main] INFO  http.HttpServer2 (HttpServer2.java:addFilter(1012)) - Added filter static_user_filter (class=org.apache.hadoop.http.lib.StaticUserWebFilter$StaticUserFilter) to context hddsDatanode
2024-05-22 11:35:16,969 [main] INFO  http.HttpServer2 (HttpServer2.java:addFilter(1020)) - Added filter static_user_filter (class=org.apache.hadoop.http.lib.StaticUserWebFilter$StaticUserFilter) to context logs
2024-05-22 11:35:16,969 [main] INFO  http.HttpServer2 (HttpServer2.java:addFilter(1020)) - Added filter static_user_filter (class=org.apache.hadoop.http.lib.StaticUserWebFilter$StaticUserFilter) to context static
2024-05-22 11:35:16,969 [538779f6-f80f-4bc7-8424-1a47a535146d-groupManagement] INFO  server.RaftServerConfigKeys (ConfUtils.java:logGet(46)) - raft.server.rpc.slowness.timeout = 300s (custom)
2024-05-22 11:35:16,969 [538779f6-f80f-4bc7-8424-1a47a535146d-groupManagement] INFO  server.RaftServerConfigKeys (ConfUtils.java:logGet(46)) - raft.server.leaderelection.leader.step-down.wait-time = 10s (default)
2024-05-22 11:35:16,969 [main] INFO  http.BaseHttpServer (BaseHttpServer.java:<init>(189)) - HTTP server of hddsDatanode uses base directory /home/runner/work/ozone/ozone/hadoop-ozone/integration-test/target/test-dir/MiniOzoneClusterImpl-20f17314-7331-4214-8d7b-3220b0ea8e97/ozone-meta/datanode-1/meta/webserver
2024-05-22 11:35:16,969 [main] INFO  http.HttpServer2 (HttpServer2.java:bindListener(1236)) - Jetty bound to port 15071
2024-05-22 11:35:16,970 [main] INFO  server.Server (Server.java:doStart(375)) - jetty-9.4.54.v20240208; built: 2024-02-08T19:42:39.027Z; git: cef3fbd6d736a21e7d541a5db490381d95a2047d; jvm 17.0.11+9
2024-05-22 11:35:16,969 [538779f6-f80f-4bc7-8424-1a47a535146d-groupManagement] INFO  server.RaftServerConfigKeys (ConfUtils.java:logGet(46)) - raft.server.leaderelection.member.majority-add = false (default)
2024-05-22 11:35:16,970 [538779f6-f80f-4bc7-8424-1a47a535146d-groupManagement] INFO  server.RaftServerConfigKeys (ConfUtils.java:logGet(46)) - raft.server.sleep.deviation.threshold = 300ms (default)
2024-05-22 11:35:16,970 [538779f6-f80f-4bc7-8424-1a47a535146d-groupManagement] INFO  server.RaftServer$Division (ServerState.java:<init>(113)) - 538779f6-f80f-4bc7-8424-1a47a535146d@group-F0B03FD0AD5D: ConfigurationManager, init=-1: peers:[]|listeners:[], old=null, confs=<EMPTY_MAP>
2024-05-22 11:35:16,970 [538779f6-f80f-4bc7-8424-1a47a535146d-groupManagement] INFO  server.RaftServerConfigKeys (ConfUtils.java:logGet(46)) - raft.server.notification.no-leader.timeout = 300s (custom)
2024-05-22 11:35:16,970 [538779f6-f80f-4bc7-8424-1a47a535146d-groupManagement] INFO  server.RaftServerConfigKeys (ConfUtils.java:logGet(46)) - raft.server.read.timeout = 10s (default)
2024-05-22 11:35:16,970 [538779f6-f80f-4bc7-8424-1a47a535146d-groupManagement] INFO  server.RaftServerConfigKeys (ConfUtils.java:logGet(46)) - raft.server.retrycache.expirytime = 600000ms (custom)
2024-05-22 11:35:16,970 [538779f6-f80f-4bc7-8424-1a47a535146d-groupManagement] INFO  server.RaftServerConfigKeys (ConfUtils.java:logGet(46)) - raft.server.retrycache.statistics.expirytime = 100ms (default)
2024-05-22 11:35:16,971 [538779f6-f80f-4bc7-8424-1a47a535146d-groupManagement] INFO  server.RaftServerConfigKeys (ConfUtils.java:logGet(46)) - raft.server.read.option = DEFAULT (default)
2024-05-22 11:35:16,971 [538779f6-f80f-4bc7-8424-1a47a535146d-groupManagement] INFO  server.RaftServerConfigKeys (ConfUtils.java:logGet(46)) - raft.server.read.read-after-write-consistent.write-index-cache.expiry-time = 60s (default)
2024-05-22 11:35:16,971 [538779f6-f80f-4bc7-8424-1a47a535146d-groupManagement] INFO  server.RaftServerConfigKeys (ConfUtils.java:logGet(46)) - raft.server.rpc.request.timeout = 60s (custom)
2024-05-22 11:35:16,971 [538779f6-f80f-4bc7-8424-1a47a535146d-groupManagement] INFO  server.RaftServerConfigKeys (ConfUtils.java:logGet(46)) - raft.server.log.appender.install.snapshot.enabled = false (custom)
2024-05-22 11:35:16,971 [538779f6-f80f-4bc7-8424-1a47a535146d-groupManagement] INFO  server.RaftServerConfigKeys (ConfUtils.java:logGet(46)) - raft.server.threadpool.server.cached = true (default)
2024-05-22 11:35:16,971 [538779f6-f80f-4bc7-8424-1a47a535146d-groupManagement] INFO  server.RaftServerConfigKeys (ConfUtils.java:logGet(46)) - raft.server.threadpool.server.size = 0 (default)
2024-05-22 11:35:16,971 [538779f6-f80f-4bc7-8424-1a47a535146d-groupManagement] INFO  server.RaftServerConfigKeys (ConfUtils.java:logGet(46)) - raft.server.threadpool.client.cached = true (default)
2024-05-22 11:35:16,971 [538779f6-f80f-4bc7-8424-1a47a535146d-groupManagement] INFO  server.RaftServerConfigKeys (ConfUtils.java:logGet(46)) - raft.server.threadpool.client.size = 0 (default)
2024-05-22 11:35:16,973 [main] INFO  server.session (DefaultSessionIdManager.java:doStart(334)) - DefaultSessionIdManager workerName=node0
2024-05-22 11:35:16,973 [main] INFO  server.session (DefaultSessionIdManager.java:doStart(339)) - No SessionScavenger set, using defaults
2024-05-22 11:35:16,973 [main] INFO  server.session (HouseKeeper.java:startScavenging(132)) - node0 Scavenging every 600000ms
2024-05-22 11:35:16,973 [main] INFO  handler.ContextHandler (ContextHandler.java:doStart(921)) - Started o.e.j.s.ServletContextHandler@1bba5848{logs,/logs,file:///home/runner/work/ozone/ozone/hadoop-ozone/integration-test/target/log,AVAILABLE}
2024-05-22 11:35:16,974 [main] INFO  handler.ContextHandler (ContextHandler.java:doStart(921)) - Started o.e.j.s.ServletContextHandler@28220b56{static,/static,file:///home/runner/work/ozone/ozone/hadoop-hdds/container-service/target/classes/webapps/static,AVAILABLE}
2024-05-22 11:35:16,978 [main] INFO  handler.ContextHandler (ContextHandler.java:doStart(921)) - Started o.e.j.w.WebAppContext@63ad2a0f{hddsDatanode,/,file:///home/runner/work/ozone/ozone/hadoop-hdds/container-service/target/classes/webapps/hddsDatanode/,AVAILABLE}{file:/home/runner/work/ozone/ozone/hadoop-hdds/container-service/target/classes/webapps/hddsDatanode}
2024-05-22 11:35:16,979 [main] INFO  server.AbstractConnector (AbstractConnector.java:doStart(333)) - Started ServerConnector@276d957f{HTTP/1.1, (http/1.1)}{0.0.0.0:15071}
2024-05-22 11:35:16,979 [main] INFO  server.Server (Server.java:doStart(415)) - Started @220048ms
2024-05-22 11:35:16,979 [main] WARN  impl.MetricsSystemImpl (MetricsSystemImpl.java:register(279)) - Sink prometheus already exists!
2024-05-22 11:35:16,979 [main] INFO  http.BaseHttpServer (BaseHttpServer.java:updateConnectorAddress(354)) - HTTP server of hddsDatanode listening at http://0.0.0.0:15071
2024-05-22 11:35:16,980 [main] INFO  ipc.CallQueueManager (CallQueueManager.java:<init>(90)) - Using callQueue: class java.util.concurrent.LinkedBlockingQueue, queueCapacity: 100, scheduler: class org.apache.hadoop.ipc.DefaultRpcScheduler, ipcBackoff: false.
2024-05-22 11:35:16,980 [main] INFO  ipc.Server (Server.java:<init>(1287)) - Listener at 0.0.0.0:15072
2024-05-22 11:35:16,982 [main] INFO  ozone.HddsDatanodeService (HddsDatanodeService.java:start(327)) - Datanode start with admins: [runner]
2024-05-22 11:35:16,982 [main] INFO  ozone.HddsDatanodeClientProtocolServer (HddsDatanodeClientProtocolServer.java:start(77)) - RPC server for Client /0.0.0.0:15072
2024-05-22 11:35:16,983 [Socket Reader #1 for port 15072] INFO  ipc.Server (Server.java:run(1323)) - Starting Socket Reader #1 for port 15072
2024-05-22 11:35:16,985 [538779f6-f80f-4bc7-8424-1a47a535146d-DatanodeStateMachineDaemonThread] INFO  statemachine.DatanodeStateMachine (DatanodeStateMachine.java:lambda$startDaemon$1(555)) - Ozone container server started.
2024-05-22 11:35:16,987 [main] WARN  dropwizard3.Dm3MetricRegistriesImpl (Dm3MetricRegistriesImpl.java:addReporterRegistration(113)) - New reporters are added after registries were created. Some metrics will be missing from the reporter. Please add reporter before adding any new registry.
2024-05-22 11:35:16,987 [main] WARN  dropwizard3.Dm3MetricRegistriesImpl (Dm3MetricRegistriesImpl.java:addReporterRegistration(113)) - New reporters are added after registries were created. Some metrics will be missing from the reporter. Please add reporter before adding any new registry.
2024-05-22 11:35:16,987 [main] INFO  impl.MetricsSystemImpl (MetricsSystemImpl.java:init(158)) - HddsDatanode metrics system started (again)
2024-05-22 11:35:16,993 [IPC Server Responder] INFO  ipc.Server (Server.java:run(1562)) - IPC Server Responder: starting
2024-05-22 11:35:16,993 [IPC Server listener on 15072] INFO  ipc.Server (Server.java:run(1402)) - IPC Server listener on 15072: starting
2024-05-22 11:35:17,000 [538779f6-f80f-4bc7-8424-1a47a535146d-DatanodeStateMachineTaskThread-0] INFO  datanode.InitDatanodeState (InitDatanodeState.java:persistContainerDatanodeDetails(139)) - DatanodeDetails is persisted to /home/runner/work/ozone/ozone/hadoop-ozone/integration-test/target/test-dir/MiniOzoneClusterImpl-20f17314-7331-4214-8d7b-3220b0ea8e97/ozone-meta/datanode-1/meta/datanode.id
2024-05-22 11:35:17,004 [main] INFO  ozone.HddsDatanodeService (HddsDatanodeService.java:start(240)) - HddsDatanodeService host:fv-az572-394.ywsgqi4ed1ju5mtqvm2htfptlh.bx.internal.cloudapp.net ip:10.1.0.12
2024-05-22 11:35:17,024 [main] INFO  upgrade.AbstractLayoutVersionManager (AbstractLayoutVersionManager.java:init(83)) - Initializing Layout version manager with metadata layout = HADOOP_PRC_PORTS_IN_DATANODEDETAILS (version = 7), software layout = HADOOP_PRC_PORTS_IN_DATANODEDETAILS (version = 7)
2024-05-22 11:35:17,025 [main] INFO  statemachine.DatanodeStateMachine (DatanodeStateMachine.java:getEndPointTaskThreadPoolSize(299)) - Datanode State Machine Task Thread Pool size 2
2024-05-22 11:35:17,026 [main] INFO  volume.HddsVolume (HddsVolume.java:<init>(126)) - Creating HddsVolume: /home/runner/work/ozone/ozone/hadoop-ozone/integration-test/target/test-dir/MiniOzoneClusterImpl-20f17314-7331-4214-8d7b-3220b0ea8e97/ozone-meta/datanode-2/data-0/hdds of storage type : DISK capacity : 9222449699674390527
2024-05-22 11:35:17,026 [main] INFO  volume.MutableVolumeSet (MutableVolumeSet.java:initializeVolumeSet(173)) - Added Volume : /home/runner/work/ozone/ozone/hadoop-ozone/integration-test/target/test-dir/MiniOzoneClusterImpl-20f17314-7331-4214-8d7b-3220b0ea8e97/ozone-meta/datanode-2/data-0/hdds to VolumeSet
2024-05-22 11:35:17,027 [main] INFO  volume.MutableVolumeSet (MutableVolumeSet.java:initializeVolumeSet(173)) - Added Volume : /home/runner/work/ozone/ozone/hadoop-ozone/integration-test/target/test-dir/MiniOzoneClusterImpl-20f17314-7331-4214-8d7b-3220b0ea8e97/ozone-meta/datanode-2/ratis to VolumeSet
2024-05-22 11:35:17,045 [ForkJoinPool.commonPool-worker-3] INFO  utils.DatanodeStoreCache (DatanodeStoreCache.java:addDB(72)) - Added db /home/runner/work/ozone/ozone/hadoop-ozone/integration-test/target/test-dir/MiniOzoneClusterImpl-20f17314-7331-4214-8d7b-3220b0ea8e97/ozone-meta/datanode-2/data-0/hdds/20f17314-7331-4214-8d7b-3220b0ea8e97/DS-7e179817-5a63-4a45-a16a-817786771e75/container.db to cache
2024-05-22 11:35:17,045 [ForkJoinPool.commonPool-worker-3] INFO  volume.HddsVolume (HddsVolume.java:loadDbStore(389)) - SchemaV3 db is loaded at /home/runner/work/ozone/ozone/hadoop-ozone/integration-test/target/test-dir/MiniOzoneClusterImpl-20f17314-7331-4214-8d7b-3220b0ea8e97/ozone-meta/datanode-2/data-0/hdds/20f17314-7331-4214-8d7b-3220b0ea8e97/DS-7e179817-5a63-4a45-a16a-817786771e75/container.db for volume DS-7e179817-5a63-4a45-a16a-817786771e75
2024-05-22 11:35:17,045 [main] INFO  ozoneimpl.OzoneContainer (HddsVolumeUtil.java:loadAllHddsVolumeDbStore(103)) - Load 1 volumes DbStore cost: 18ms
2024-05-22 11:35:17,047 [main] INFO  server.RaftServer (ConfUtils.java:logGet(46)) - raft.rpc.type = GRPC (default)
2024-05-22 11:35:17,047 [main] INFO  grpc.GrpcConfigKeys (ConfUtils.java:logFallback(53)) - raft.grpc.admin.host = null (fallback to raft.grpc.server.host)
2024-05-22 11:35:17,047 [main] INFO  grpc.GrpcConfigKeys (ConfUtils.java:logGet(46)) - raft.grpc.admin.port = 15084 (custom)
2024-05-22 11:35:17,047 [main] INFO  grpc.GrpcConfigKeys (ConfUtils.java:logFallback(53)) - raft.grpc.client.host = null (fallback to raft.grpc.server.host)
2024-05-22 11:35:17,047 [main] INFO  grpc.GrpcConfigKeys (ConfUtils.java:logGet(46)) - raft.grpc.client.port = 15083 (custom)
2024-05-22 11:35:17,047 [main] INFO  grpc.GrpcConfigKeys (ConfUtils.java:logGet(46)) - raft.grpc.server.host = null (default)
2024-05-22 11:35:17,047 [main] INFO  grpc.GrpcConfigKeys (ConfUtils.java:logGet(46)) - raft.grpc.server.port = 15085 (custom)
2024-05-22 11:35:17,048 [main] INFO  server.GrpcService (ConfUtils.java:logGet(46)) - raft.grpc.message.size.max = 32MB (=33554432) (custom)
2024-05-22 11:35:17,048 [main] INFO  server.RaftServerConfigKeys (ConfUtils.java:logGet(46)) - raft.server.log.appender.buffer.byte-limit = 8388608 (custom)
2024-05-22 11:35:17,048 [main] INFO  server.GrpcService (ConfUtils.java:logGet(46)) - raft.grpc.flow.control.window = 5MB (=5242880) (custom)
2024-05-22 11:35:17,048 [main] INFO  server.RaftServerConfigKeys (ConfUtils.java:logGet(46)) - raft.server.rpc.request.timeout = 60s (custom)
2024-05-22 11:35:17,048 [main] INFO  grpc.GrpcConfigKeys (ConfUtils.java:logGet(46)) - raft.grpc.server.heartbeat.channel = true (default)
2024-05-22 11:35:17,048 [main] INFO  grpc.GrpcConfigKeys (ConfUtils.java:logGet(46)) - raft.grpc.server.async.request.thread.pool.cached = true (default)
2024-05-22 11:35:17,048 [main] INFO  grpc.GrpcConfigKeys (ConfUtils.java:logGet(46)) - raft.grpc.server.async.request.thread.pool.size = 32 (default)
2024-05-22 11:35:17,051 [main] INFO  impl.DataStreamServerImpl (ConfUtils.java:logGet(46)) - raft.datastream.type = NETTY (custom)
2024-05-22 11:35:17,051 [main] INFO  server.RaftServerConfigKeys (ConfUtils.java:logGet(46)) - raft.server.data-stream.async.request.thread.pool.cached = false (default)
2024-05-22 11:35:17,051 [main] INFO  server.RaftServerConfigKeys (ConfUtils.java:logGet(46)) - raft.server.data-stream.async.request.thread.pool.size = 20 (custom)
2024-05-22 11:35:17,052 [main] INFO  server.RaftServerConfigKeys (ConfUtils.java:logGet(46)) - raft.server.data-stream.async.write.thread.pool.size = 16 (default)
2024-05-22 11:35:17,052 [main] INFO  netty.NettyConfigKeys$DataStream (ConfUtils.java:logGet(46)) - raft.netty.dataStream.server.channel.inactive.grace-period = 10min (default)
2024-05-22 11:35:17,052 [main] INFO  server.RaftServerConfigKeys (ConfUtils.java:logGet(46)) - raft.server.data-stream.client.pool.size = 10 (default)
2024-05-22 11:35:17,052 [main] INFO  netty.NettyConfigKeys$DataStream (ConfUtils.java:logGet(46)) - raft.netty.dataStream.server.use-epoll = true (default)
2024-05-22 11:35:17,053 [main] INFO  netty.NettyConfigKeys$DataStream (ConfUtils.java:logGet(46)) - raft.netty.dataStream.server.boss-group.size = 0 (default)
2024-05-22 11:35:17,053 [main] INFO  netty.NettyUtils (NettyUtils.java:newEventLoopGroup(69)) - Create EpollEventLoopGroup for 02a0afdf-1bea-47f6-ae97-5b8161c986a7-NettyServerStreamRpc-bossGroup; Thread size is 0.
2024-05-22 11:35:17,053 [main] INFO  netty.NettyConfigKeys$DataStream (ConfUtils.java:logGet(46)) - raft.netty.dataStream.server.worker-group.size = 0 (default)
2024-05-22 11:35:17,053 [main] INFO  netty.NettyUtils (NettyUtils.java:newEventLoopGroup(69)) - Create EpollEventLoopGroup for 02a0afdf-1bea-47f6-ae97-5b8161c986a7-NettyServerStreamRpc-workerGroup; Thread size is 0.
2024-05-22 11:35:17,054 [main] INFO  netty.NettyConfigKeys$DataStream (ConfUtils.java:logGet(46)) - raft.netty.dataStream.server.tls.conf = null (default)
2024-05-22 11:35:17,054 [main] INFO  netty.NettyConfigKeys$DataStream (ConfUtils.java:logGet(46)) - raft.netty.dataStream.host = null (default)
2024-05-22 11:35:17,054 [main] INFO  netty.NettyConfigKeys$DataStream (ConfUtils.java:logGet(46)) - raft.netty.dataStream.port = 15086 (custom)
2024-05-22 11:35:17,060 [main] INFO  server.RaftServerConfigKeys (ConfUtils.java:logGet(46)) - raft.server.sleep.deviation.threshold = 300ms (default)
2024-05-22 11:35:17,060 [main] INFO  server.RaftServerConfigKeys (ConfUtils.java:logGet(46)) - raft.server.close.threshold = 60s (default)
2024-05-22 11:35:17,060 [main] INFO  server.RaftServerConfigKeys (ConfUtils.java:logGet(46)) - raft.server.leaderelection.leader.step-down.wait-time = 10s (default)
2024-05-22 11:35:17,060 [main] INFO  server.RaftServerConfigKeys (ConfUtils.java:logGet(46)) - raft.server.storage.dir = [/home/runner/work/ozone/ozone/hadoop-ozone/integration-test/target/test-dir/MiniOzoneClusterImpl-20f17314-7331-4214-8d7b-3220b0ea8e97/ozone-meta/datanode-2/ratis] (custom)
2024-05-22 11:35:17,060 [main] INFO  server.RaftServerConfigKeys (ConfUtils.java:logGet(46)) - raft.server.threadpool.proxy.cached = true (default)
2024-05-22 11:35:17,060 [main] INFO  server.RaftServerConfigKeys (ConfUtils.java:logGet(46)) - raft.server.threadpool.proxy.size = 0 (default)
2024-05-22 11:35:17,061 [02a0afdf-1bea-47f6-ae97-5b8161c986a7-NettyServerStreamRpc-bossGroup--thread1] INFO  logging.LoggingHandler (AbstractInternalLogger.java:log(148)) - [id: 0x158a569a] REGISTERED
2024-05-22 11:35:17,061 [02a0afdf-1bea-47f6-ae97-5b8161c986a7-NettyServerStreamRpc-bossGroup--thread1] INFO  logging.LoggingHandler (AbstractInternalLogger.java:log(148)) - [id: 0x158a569a] BIND: 0.0.0.0/0.0.0.0:15086
2024-05-22 11:35:17,061 [02a0afdf-1bea-47f6-ae97-5b8161c986a7-NettyServerStreamRpc-bossGroup--thread1] INFO  logging.LoggingHandler (AbstractInternalLogger.java:log(148)) - [id: 0x158a569a, L:/0.0.0.0:15086] ACTIVE
2024-05-22 11:35:17,062 [02a0afdf-1bea-47f6-ae97-5b8161c986a7-impl-thread1] INFO  server.RaftServer (RaftServerProxy.java:initGroupDir(264)) - 02a0afdf-1bea-47f6-ae97-5b8161c986a7: found a subdirectory /home/runner/work/ozone/ozone/hadoop-ozone/integration-test/target/test-dir/MiniOzoneClusterImpl-20f17314-7331-4214-8d7b-3220b0ea8e97/ozone-meta/datanode-2/ratis/a02160c5-13de-4f1f-9837-4540a0f0f71c
2024-05-22 11:35:17,062 [02a0afdf-1bea-47f6-ae97-5b8161c986a7-impl-thread1] INFO  server.RaftServer (RaftServerProxy.java:addNew(100)) - 02a0afdf-1bea-47f6-ae97-5b8161c986a7: addNew group-4540A0F0F71C:[] returns group-4540A0F0F71C:java.util.concurrent.CompletableFuture@68956fd5[Not completed]
2024-05-22 11:35:17,062 [02a0afdf-1bea-47f6-ae97-5b8161c986a7-impl-thread1] INFO  server.RaftServer (RaftServerProxy.java:initGroupDir(264)) - 02a0afdf-1bea-47f6-ae97-5b8161c986a7: found a subdirectory /home/runner/work/ozone/ozone/hadoop-ozone/integration-test/target/test-dir/MiniOzoneClusterImpl-20f17314-7331-4214-8d7b-3220b0ea8e97/ozone-meta/datanode-2/ratis/5c335dc4-ee6b-41c8-9f32-5008f0a1828c
2024-05-22 11:35:17,063 [02a0afdf-1bea-47f6-ae97-5b8161c986a7-impl-thread1] INFO  server.RaftServer (RaftServerProxy.java:addNew(100)) - 02a0afdf-1bea-47f6-ae97-5b8161c986a7: addNew group-5008F0A1828C:[] returns group-5008F0A1828C:java.util.concurrent.CompletableFuture@6caaf61f[Not completed]
2024-05-22 11:35:17,063 [02a0afdf-1bea-47f6-ae97-5b8161c986a7-groupManagement] INFO  server.RaftServer$Division (RaftServerImpl.java:<init>(256)) - 02a0afdf-1bea-47f6-ae97-5b8161c986a7: new RaftServerImpl for group-4540A0F0F71C:[] with ContainerStateMachine:uninitialized
2024-05-22 11:35:17,064 [02a0afdf-1bea-47f6-ae97-5b8161c986a7-groupManagement] INFO  server.RaftServerConfigKeys (ConfUtils.java:logGet(46)) - raft.server.rpc.timeout.min = 5s (custom)
2024-05-22 11:35:17,065 [02a0afdf-1bea-47f6-ae97-5b8161c986a7-groupManagement] INFO  server.RaftServerConfigKeys (ConfUtils.java:logGet(46)) - raft.server.rpc.timeout.max = 5200ms (custom)
2024-05-22 11:35:17,065 [02a0afdf-1bea-47f6-ae97-5b8161c986a7-groupManagement] INFO  server.RaftServerConfigKeys (ConfUtils.java:logGet(46)) - raft.server.rpc.sleep.time = 25ms (default)
2024-05-22 11:35:17,065 [02a0afdf-1bea-47f6-ae97-5b8161c986a7-groupManagement] INFO  server.RaftServerConfigKeys (ConfUtils.java:logGet(46)) - raft.server.rpc.slowness.timeout = 300s (custom)
2024-05-22 11:35:17,065 [02a0afdf-1bea-47f6-ae97-5b8161c986a7-groupManagement] INFO  server.RaftServerConfigKeys (ConfUtils.java:logGet(46)) - raft.server.leaderelection.leader.step-down.wait-time = 10s (default)
2024-05-22 11:35:17,065 [02a0afdf-1bea-47f6-ae97-5b8161c986a7-groupManagement] INFO  server.RaftServerConfigKeys (ConfUtils.java:logGet(46)) - raft.server.leaderelection.member.majority-add = false (default)
2024-05-22 11:35:17,065 [02a0afdf-1bea-47f6-ae97-5b8161c986a7-groupManagement] INFO  server.RaftServerConfigKeys (ConfUtils.java:logGet(46)) - raft.server.sleep.deviation.threshold = 300ms (default)
2024-05-22 11:35:17,065 [02a0afdf-1bea-47f6-ae97-5b8161c986a7-groupManagement] INFO  server.RaftServer$Division (ServerState.java:<init>(113)) - 02a0afdf-1bea-47f6-ae97-5b8161c986a7@group-4540A0F0F71C: ConfigurationManager, init=-1: peers:[]|listeners:[], old=null, confs=<EMPTY_MAP>
2024-05-22 11:35:17,065 [02a0afdf-1bea-47f6-ae97-5b8161c986a7-groupManagement] INFO  server.RaftServerConfigKeys (ConfUtils.java:logGet(46)) - raft.server.notification.no-leader.timeout = 300s (custom)
2024-05-22 11:35:17,065 [02a0afdf-1bea-47f6-ae97-5b8161c986a7-groupManagement] INFO  server.RaftServerConfigKeys (ConfUtils.java:logGet(46)) - raft.server.read.timeout = 10s (default)
2024-05-22 11:35:17,065 [02a0afdf-1bea-47f6-ae97-5b8161c986a7-groupManagement] INFO  server.RaftServerConfigKeys (ConfUtils.java:logGet(46)) - raft.server.retrycache.expirytime = 600000ms (custom)
2024-05-22 11:35:17,065 [02a0afdf-1bea-47f6-ae97-5b8161c986a7-groupManagement] INFO  server.RaftServerConfigKeys (ConfUtils.java:logGet(46)) - raft.server.retrycache.statistics.expirytime = 100ms (default)
2024-05-22 11:35:17,066 [02a0afdf-1bea-47f6-ae97-5b8161c986a7-groupManagement] INFO  server.RaftServerConfigKeys (ConfUtils.java:logGet(46)) - raft.server.read.option = DEFAULT (default)
2024-05-22 11:35:17,066 [02a0afdf-1bea-47f6-ae97-5b8161c986a7-groupManagement] INFO  server.RaftServerConfigKeys (ConfUtils.java:logGet(46)) - raft.server.read.read-after-write-consistent.write-index-cache.expiry-time = 60s (default)
2024-05-22 11:35:17,064 [02a0afdf-1bea-47f6-ae97-5b8161c986a7-impl-thread1] INFO  server.RaftServer (RaftServerProxy.java:initGroupDir(264)) - 02a0afdf-1bea-47f6-ae97-5b8161c986a7: found a subdirectory /home/runner/work/ozone/ozone/hadoop-ozone/integration-test/target/test-dir/MiniOzoneClusterImpl-20f17314-7331-4214-8d7b-3220b0ea8e97/ozone-meta/datanode-2/ratis/96889823-d642-4618-bd52-f0b03fd0ad5d
2024-05-22 11:35:17,066 [02a0afdf-1bea-47f6-ae97-5b8161c986a7-impl-thread1] INFO  server.RaftServer (RaftServerProxy.java:addNew(100)) - 02a0afdf-1bea-47f6-ae97-5b8161c986a7: addNew group-F0B03FD0AD5D:[] returns group-F0B03FD0AD5D:java.util.concurrent.CompletableFuture@29a865ee[Not completed]
2024-05-22 11:35:17,066 [02a0afdf-1bea-47f6-ae97-5b8161c986a7-impl-thread1] INFO  server.RaftServer (RaftServerProxy.java:initGroupDir(264)) - 02a0afdf-1bea-47f6-ae97-5b8161c986a7: found a subdirectory /home/runner/work/ozone/ozone/hadoop-ozone/integration-test/target/test-dir/MiniOzoneClusterImpl-20f17314-7331-4214-8d7b-3220b0ea8e97/ozone-meta/datanode-2/ratis/tmp
2024-05-22 11:35:17,066 [02a0afdf-1bea-47f6-ae97-5b8161c986a7-impl-thread1] INFO  server.RaftServer (RaftServerProxy.java:initGroupDir(269)) - 02a0afdf-1bea-47f6-ae97-5b8161c986a7: The directory /home/runner/work/ozone/ozone/hadoop-ozone/integration-test/target/test-dir/MiniOzoneClusterImpl-20f17314-7331-4214-8d7b-3220b0ea8e97/ozone-meta/datanode-2/ratis/tmp is not a group directory; ignoring it. 
2024-05-22 11:35:17,067 [main] INFO  replication.ReplicationServer (ReplicationServer.java:<init>(86)) - Initializing replication server with thread count = 10 queue length = 4096
2024-05-22 11:35:17,068 [main] INFO  server.XceiverServerGrpc (XceiverServerGrpc.java:<init>(141)) - GrpcServer channel type EpollServerSocketChannel
2024-05-22 11:35:17,069 [main] INFO  replication.ReplicationSupervisor (ReplicationSupervisor.java:build(157)) - Initializing replication supervisor with thread count = 10
2024-05-22 11:35:17,069 [main] INFO  replication.ReplicationSupervisor (ReplicationSupervisor.java:nodeStateUpdated(312)) - Node state updated to IN_SERVICE, scaling executor pool size to 10
2024-05-22 11:35:17,070 [02a0afdf-1bea-47f6-ae97-5b8161c986a7-groupManagement] INFO  server.RaftServerConfigKeys (ConfUtils.java:logGet(46)) - raft.server.rpc.request.timeout = 60s (custom)
2024-05-22 11:35:17,070 [02a0afdf-1bea-47f6-ae97-5b8161c986a7-groupManagement] INFO  server.RaftServerConfigKeys (ConfUtils.java:logGet(46)) - raft.server.log.appender.install.snapshot.enabled = false (custom)
2024-05-22 11:35:17,071 [02a0afdf-1bea-47f6-ae97-5b8161c986a7-groupManagement] INFO  server.RaftServerConfigKeys (ConfUtils.java:logGet(46)) - raft.server.threadpool.server.cached = true (default)
2024-05-22 11:35:17,071 [02a0afdf-1bea-47f6-ae97-5b8161c986a7-groupManagement] INFO  server.RaftServerConfigKeys (ConfUtils.java:logGet(46)) - raft.server.threadpool.server.size = 0 (default)
2024-05-22 11:35:17,071 [02a0afdf-1bea-47f6-ae97-5b8161c986a7-groupManagement] INFO  server.RaftServerConfigKeys (ConfUtils.java:logGet(46)) - raft.server.threadpool.client.cached = true (default)
2024-05-22 11:35:17,071 [02a0afdf-1bea-47f6-ae97-5b8161c986a7-groupManagement] INFO  server.RaftServerConfigKeys (ConfUtils.java:logGet(46)) - raft.server.threadpool.client.size = 0 (default)
2024-05-22 11:35:17,072 [02a0afdf-1bea-47f6-ae97-5b8161c986a7-groupManagement] INFO  server.RaftServer$Division (RaftServerImpl.java:<init>(256)) - 02a0afdf-1bea-47f6-ae97-5b8161c986a7: new RaftServerImpl for group-5008F0A1828C:[] with ContainerStateMachine:uninitialized
2024-05-22 11:35:17,072 [02a0afdf-1bea-47f6-ae97-5b8161c986a7-groupManagement] INFO  server.RaftServerConfigKeys (ConfUtils.java:logGet(46)) - raft.server.rpc.timeout.min = 5s (custom)
2024-05-22 11:35:17,072 [02a0afdf-1bea-47f6-ae97-5b8161c986a7-groupManagement] INFO  server.RaftServerConfigKeys (ConfUtils.java:logGet(46)) - raft.server.rpc.timeout.max = 5200ms (custom)
2024-05-22 11:35:17,072 [02a0afdf-1bea-47f6-ae97-5b8161c986a7-groupManagement] INFO  server.RaftServerConfigKeys (ConfUtils.java:logGet(46)) - raft.server.rpc.sleep.time = 25ms (default)
2024-05-22 11:35:17,072 [02a0afdf-1bea-47f6-ae97-5b8161c986a7-groupManagement] INFO  server.RaftServerConfigKeys (ConfUtils.java:logGet(46)) - raft.server.rpc.slowness.timeout = 300s (custom)
2024-05-22 11:35:17,072 [02a0afdf-1bea-47f6-ae97-5b8161c986a7-groupManagement] INFO  server.RaftServerConfigKeys (ConfUtils.java:logGet(46)) - raft.server.leaderelection.leader.step-down.wait-time = 10s (default)
2024-05-22 11:35:17,072 [02a0afdf-1bea-47f6-ae97-5b8161c986a7-groupManagement] INFO  server.RaftServerConfigKeys (ConfUtils.java:logGet(46)) - raft.server.leaderelection.member.majority-add = false (default)
2024-05-22 11:35:17,072 [02a0afdf-1bea-47f6-ae97-5b8161c986a7-groupManagement] INFO  server.RaftServerConfigKeys (ConfUtils.java:logGet(46)) - raft.server.sleep.deviation.threshold = 300ms (default)
2024-05-22 11:35:17,072 [02a0afdf-1bea-47f6-ae97-5b8161c986a7-groupManagement] INFO  server.RaftServer$Division (ServerState.java:<init>(113)) - 02a0afdf-1bea-47f6-ae97-5b8161c986a7@group-5008F0A1828C: ConfigurationManager, init=-1: peers:[]|listeners:[], old=null, confs=<EMPTY_MAP>
2024-05-22 11:35:17,072 [02a0afdf-1bea-47f6-ae97-5b8161c986a7-groupManagement] INFO  server.RaftServerConfigKeys (ConfUtils.java:logGet(46)) - raft.server.notification.no-leader.timeout = 300s (custom)
2024-05-22 11:35:17,072 [02a0afdf-1bea-47f6-ae97-5b8161c986a7-groupManagement] INFO  server.RaftServerConfigKeys (ConfUtils.java:logGet(46)) - raft.server.read.timeout = 10s (default)
2024-05-22 11:35:17,072 [02a0afdf-1bea-47f6-ae97-5b8161c986a7-groupManagement] INFO  server.RaftServerConfigKeys (ConfUtils.java:logGet(46)) - raft.server.retrycache.expirytime = 600000ms (custom)
2024-05-22 11:35:17,073 [02a0afdf-1bea-47f6-ae97-5b8161c986a7-groupManagement] INFO  server.RaftServerConfigKeys (ConfUtils.java:logGet(46)) - raft.server.retrycache.statistics.expirytime = 100ms (default)
2024-05-22 11:35:17,073 [02a0afdf-1bea-47f6-ae97-5b8161c986a7-groupManagement] INFO  server.RaftServerConfigKeys (ConfUtils.java:logGet(46)) - raft.server.read.option = DEFAULT (default)
2024-05-22 11:35:17,073 [02a0afdf-1bea-47f6-ae97-5b8161c986a7-groupManagement] INFO  server.RaftServerConfigKeys (ConfUtils.java:logGet(46)) - raft.server.read.read-after-write-consistent.write-index-cache.expiry-time = 60s (default)
2024-05-22 11:35:17,074 [02a0afdf-1bea-47f6-ae97-5b8161c986a7-groupManagement] INFO  server.RaftServerConfigKeys (ConfUtils.java:logGet(46)) - raft.server.rpc.request.timeout = 60s (custom)
2024-05-22 11:35:17,074 [02a0afdf-1bea-47f6-ae97-5b8161c986a7-groupManagement] INFO  server.RaftServerConfigKeys (ConfUtils.java:logGet(46)) - raft.server.log.appender.install.snapshot.enabled = false (custom)
2024-05-22 11:35:17,074 [02a0afdf-1bea-47f6-ae97-5b8161c986a7-groupManagement] INFO  server.RaftServerConfigKeys (ConfUtils.java:logGet(46)) - raft.server.threadpool.server.cached = true (default)
2024-05-22 11:35:17,074 [02a0afdf-1bea-47f6-ae97-5b8161c986a7-groupManagement] INFO  server.RaftServerConfigKeys (ConfUtils.java:logGet(46)) - raft.server.threadpool.server.size = 0 (default)
2024-05-22 11:35:17,074 [02a0afdf-1bea-47f6-ae97-5b8161c986a7-groupManagement] INFO  server.RaftServerConfigKeys (ConfUtils.java:logGet(46)) - raft.server.threadpool.client.cached = true (default)
2024-05-22 11:35:17,074 [02a0afdf-1bea-47f6-ae97-5b8161c986a7-groupManagement] INFO  server.RaftServerConfigKeys (ConfUtils.java:logGet(46)) - raft.server.threadpool.client.size = 0 (default)
2024-05-22 11:35:17,076 [main] INFO  http.BaseHttpServer (BaseHttpServer.java:newHttpServer2BuilderForOzone(223)) - Starting Web-server for hddsDatanode at: http://0.0.0.0:15080
2024-05-22 11:35:17,076 [main] INFO  http.BaseHttpServer (BaseHttpServer.java:<init>(110)) - Hadoop Security Enabled: false Ozone Security Enabled: false Ozone HTTP Security Enabled: false 
2024-05-22 11:35:17,076 [RatisPipelineUtilsThread-0] ERROR pipeline.PipelinePlacementPolicy (PipelinePlacementPolicy.java:filterViableNodes(143)) - No healthy node found to allocate container.
2024-05-22 11:35:17,077 [main] WARN  server.AuthenticationFilter (AuthenticationFilter.java:constructSecretProvider(240)) - Unable to initialize FileSignerSecretProvider, falling back to use random secrets. Reason: Could not read signature secret file: /home/runner/hadoop-http-auth-signature-secret
2024-05-22 11:35:17,076 [02a0afdf-1bea-47f6-ae97-5b8161c986a7-groupManagement] INFO  server.RaftServer$Division (RaftServerImpl.java:<init>(256)) - 02a0afdf-1bea-47f6-ae97-5b8161c986a7: new RaftServerImpl for group-F0B03FD0AD5D:[] with ContainerStateMachine:uninitialized
2024-05-22 11:35:17,078 [02a0afdf-1bea-47f6-ae97-5b8161c986a7-groupManagement] INFO  server.RaftServerConfigKeys (ConfUtils.java:logGet(46)) - raft.server.rpc.timeout.min = 5s (custom)
2024-05-22 11:35:17,078 [02a0afdf-1bea-47f6-ae97-5b8161c986a7-groupManagement] INFO  server.RaftServerConfigKeys (ConfUtils.java:logGet(46)) - raft.server.rpc.timeout.max = 5200ms (custom)
2024-05-22 11:35:17,078 [02a0afdf-1bea-47f6-ae97-5b8161c986a7-groupManagement] INFO  server.RaftServerConfigKeys (ConfUtils.java:logGet(46)) - raft.server.rpc.sleep.time = 25ms (default)
2024-05-22 11:35:17,078 [02a0afdf-1bea-47f6-ae97-5b8161c986a7-groupManagement] INFO  server.RaftServerConfigKeys (ConfUtils.java:logGet(46)) - raft.server.rpc.slowness.timeout = 300s (custom)
2024-05-22 11:35:17,078 [02a0afdf-1bea-47f6-ae97-5b8161c986a7-groupManagement] INFO  server.RaftServerConfigKeys (ConfUtils.java:logGet(46)) - raft.server.leaderelection.leader.step-down.wait-time = 10s (default)
2024-05-22 11:35:17,078 [02a0afdf-1bea-47f6-ae97-5b8161c986a7-groupManagement] INFO  server.RaftServerConfigKeys (ConfUtils.java:logGet(46)) - raft.server.leaderelection.member.majority-add = false (default)
2024-05-22 11:35:17,078 [02a0afdf-1bea-47f6-ae97-5b8161c986a7-groupManagement] INFO  server.RaftServerConfigKeys (ConfUtils.java:logGet(46)) - raft.server.sleep.deviation.threshold = 300ms (default)
2024-05-22 11:35:17,078 [02a0afdf-1bea-47f6-ae97-5b8161c986a7-groupManagement] INFO  server.RaftServer$Division (ServerState.java:<init>(113)) - 02a0afdf-1bea-47f6-ae97-5b8161c986a7@group-F0B03FD0AD5D: ConfigurationManager, init=-1: peers:[]|listeners:[], old=null, confs=<EMPTY_MAP>
2024-05-22 11:35:17,078 [02a0afdf-1bea-47f6-ae97-5b8161c986a7-groupManagement] INFO  server.RaftServerConfigKeys (ConfUtils.java:logGet(46)) - raft.server.notification.no-leader.timeout = 300s (custom)
2024-05-22 11:35:17,078 [02a0afdf-1bea-47f6-ae97-5b8161c986a7-groupManagement] INFO  server.RaftServerConfigKeys (ConfUtils.java:logGet(46)) - raft.server.read.timeout = 10s (default)
2024-05-22 11:35:17,078 [02a0afdf-1bea-47f6-ae97-5b8161c986a7-groupManagement] INFO  server.RaftServerConfigKeys (ConfUtils.java:logGet(46)) - raft.server.retrycache.expirytime = 600000ms (custom)
2024-05-22 11:35:17,078 [02a0afdf-1bea-47f6-ae97-5b8161c986a7-groupManagement] INFO  server.RaftServerConfigKeys (ConfUtils.java:logGet(46)) - raft.server.retrycache.statistics.expirytime = 100ms (default)
2024-05-22 11:35:17,078 [02a0afdf-1bea-47f6-ae97-5b8161c986a7-groupManagement] INFO  server.RaftServerConfigKeys (ConfUtils.java:logGet(46)) - raft.server.read.option = DEFAULT (default)
2024-05-22 11:35:17,079 [02a0afdf-1bea-47f6-ae97-5b8161c986a7-groupManagement] INFO  server.RaftServerConfigKeys (ConfUtils.java:logGet(46)) - raft.server.read.read-after-write-consistent.write-index-cache.expiry-time = 60s (default)
2024-05-22 11:35:17,080 [02a0afdf-1bea-47f6-ae97-5b8161c986a7-groupManagement] INFO  server.RaftServerConfigKeys (ConfUtils.java:logGet(46)) - raft.server.rpc.request.timeout = 60s (custom)
2024-05-22 11:35:17,080 [02a0afdf-1bea-47f6-ae97-5b8161c986a7-groupManagement] INFO  server.RaftServerConfigKeys (ConfUtils.java:logGet(46)) - raft.server.log.appender.install.snapshot.enabled = false (custom)
2024-05-22 11:35:17,080 [02a0afdf-1bea-47f6-ae97-5b8161c986a7-groupManagement] INFO  server.RaftServerConfigKeys (ConfUtils.java:logGet(46)) - raft.server.threadpool.server.cached = true (default)
2024-05-22 11:35:17,080 [02a0afdf-1bea-47f6-ae97-5b8161c986a7-groupManagement] INFO  server.RaftServerConfigKeys (ConfUtils.java:logGet(46)) - raft.server.threadpool.server.size = 0 (default)
2024-05-22 11:35:17,080 [02a0afdf-1bea-47f6-ae97-5b8161c986a7-groupManagement] INFO  server.RaftServerConfigKeys (ConfUtils.java:logGet(46)) - raft.server.threadpool.client.cached = true (default)
2024-05-22 11:35:17,080 [02a0afdf-1bea-47f6-ae97-5b8161c986a7-groupManagement] INFO  server.RaftServerConfigKeys (ConfUtils.java:logGet(46)) - raft.server.threadpool.client.size = 0 (default)
2024-05-22 11:35:17,081 [main] INFO  http.HttpRequestLog (HttpRequestLog.java:getRequestLog(86)) - Http request log for http.requests.hddsDatanode is not defined
2024-05-22 11:35:17,082 [main] INFO  http.HttpServer2 (HttpServer2.java:addGlobalFilter(1036)) - Added global filter 'safety' (class=org.apache.hadoop.hdds.server.http.HttpServer2$QuotingInputFilter)
2024-05-22 11:35:17,083 [main] INFO  http.HttpServer2 (HttpServer2.java:addFilter(1012)) - Added filter static_user_filter (class=org.apache.hadoop.http.lib.StaticUserWebFilter$StaticUserFilter) to context hddsDatanode
2024-05-22 11:35:17,083 [main] INFO  http.HttpServer2 (HttpServer2.java:addFilter(1020)) - Added filter static_user_filter (class=org.apache.hadoop.http.lib.StaticUserWebFilter$StaticUserFilter) to context static
2024-05-22 11:35:17,083 [main] INFO  http.HttpServer2 (HttpServer2.java:addFilter(1020)) - Added filter static_user_filter (class=org.apache.hadoop.http.lib.StaticUserWebFilter$StaticUserFilter) to context logs
2024-05-22 11:35:17,084 [main] INFO  http.BaseHttpServer (BaseHttpServer.java:<init>(189)) - HTTP server of hddsDatanode uses base directory /home/runner/work/ozone/ozone/hadoop-ozone/integration-test/target/test-dir/MiniOzoneClusterImpl-20f17314-7331-4214-8d7b-3220b0ea8e97/ozone-meta/datanode-2/meta/webserver
2024-05-22 11:35:17,084 [main] INFO  http.HttpServer2 (HttpServer2.java:bindListener(1236)) - Jetty bound to port 15080
2024-05-22 11:35:17,084 [main] INFO  server.Server (Server.java:doStart(375)) - jetty-9.4.54.v20240208; built: 2024-02-08T19:42:39.027Z; git: cef3fbd6d736a21e7d541a5db490381d95a2047d; jvm 17.0.11+9
2024-05-22 11:35:17,088 [main] INFO  server.session (DefaultSessionIdManager.java:doStart(334)) - DefaultSessionIdManager workerName=node0
2024-05-22 11:35:17,089 [main] INFO  server.session (DefaultSessionIdManager.java:doStart(339)) - No SessionScavenger set, using defaults
2024-05-22 11:35:17,089 [main] INFO  server.session (HouseKeeper.java:startScavenging(132)) - node0 Scavenging every 600000ms
2024-05-22 11:35:17,089 [main] INFO  handler.ContextHandler (ContextHandler.java:doStart(921)) - Started o.e.j.s.ServletContextHandler@5c72e534{logs,/logs,file:///home/runner/work/ozone/ozone/hadoop-ozone/integration-test/target/log,AVAILABLE}
2024-05-22 11:35:17,090 [main] INFO  handler.ContextHandler (ContextHandler.java:doStart(921)) - Started o.e.j.s.ServletContextHandler@302f535b{static,/static,file:///home/runner/work/ozone/ozone/hadoop-hdds/container-service/target/classes/webapps/static,AVAILABLE}
2024-05-22 11:35:17,094 [main] INFO  handler.ContextHandler (ContextHandler.java:doStart(921)) - Started o.e.j.w.WebAppContext@c5ed57e{hddsDatanode,/,file:///home/runner/work/ozone/ozone/hadoop-hdds/container-service/target/classes/webapps/hddsDatanode/,AVAILABLE}{file:/home/runner/work/ozone/ozone/hadoop-hdds/container-service/target/classes/webapps/hddsDatanode}
2024-05-22 11:35:17,094 [main] INFO  server.AbstractConnector (AbstractConnector.java:doStart(333)) - Started ServerConnector@bfa82bd{HTTP/1.1, (http/1.1)}{0.0.0.0:15080}
2024-05-22 11:35:17,095 [main] INFO  server.Server (Server.java:doStart(415)) - Started @220164ms
2024-05-22 11:35:17,095 [main] WARN  impl.MetricsSystemImpl (MetricsSystemImpl.java:register(279)) - Sink prometheus already exists!
2024-05-22 11:35:17,095 [main] INFO  http.BaseHttpServer (BaseHttpServer.java:updateConnectorAddress(354)) - HTTP server of hddsDatanode listening at http://0.0.0.0:15080
2024-05-22 11:35:17,096 [main] INFO  ipc.CallQueueManager (CallQueueManager.java:<init>(90)) - Using callQueue: class java.util.concurrent.LinkedBlockingQueue, queueCapacity: 100, scheduler: class org.apache.hadoop.ipc.DefaultRpcScheduler, ipcBackoff: false.
2024-05-22 11:35:17,096 [main] INFO  ipc.Server (Server.java:<init>(1287)) - Listener at 0.0.0.0:15081
2024-05-22 11:35:17,096 [Socket Reader #1 for port 15081] INFO  ipc.Server (Server.java:run(1323)) - Starting Socket Reader #1 for port 15081
2024-05-22 11:35:17,097 [main] INFO  ozone.HddsDatanodeService (HddsDatanodeService.java:start(327)) - Datanode start with admins: [runner]
2024-05-22 11:35:17,097 [main] INFO  ozone.HddsDatanodeClientProtocolServer (HddsDatanodeClientProtocolServer.java:start(77)) - RPC server for Client /0.0.0.0:15081
2024-05-22 11:35:17,098 [IPC Server Responder] INFO  ipc.Server (Server.java:run(1562)) - IPC Server Responder: starting
2024-05-22 11:35:17,098 [IPC Server listener on 15081] INFO  ipc.Server (Server.java:run(1402)) - IPC Server listener on 15081: starting
2024-05-22 11:35:17,099 [02a0afdf-1bea-47f6-ae97-5b8161c986a7-DatanodeStateMachineDaemonThread] INFO  statemachine.DatanodeStateMachine (DatanodeStateMachine.java:lambda$startDaemon$1(555)) - Ozone container server started.
2024-05-22 11:35:17,100 [main] WARN  dropwizard3.Dm3MetricRegistriesImpl (Dm3MetricRegistriesImpl.java:addReporterRegistration(113)) - New reporters are added after registries were created. Some metrics will be missing from the reporter. Please add reporter before adding any new registry.
2024-05-22 11:35:17,100 [main] WARN  dropwizard3.Dm3MetricRegistriesImpl (Dm3MetricRegistriesImpl.java:addReporterRegistration(113)) - New reporters are added after registries were created. Some metrics will be missing from the reporter. Please add reporter before adding any new registry.
2024-05-22 11:35:17,101 [main] INFO  impl.MetricsSystemImpl (MetricsSystemImpl.java:init(158)) - HddsDatanode metrics system started (again)
2024-05-22 11:35:17,104 [02a0afdf-1bea-47f6-ae97-5b8161c986a7-DatanodeStateMachineTaskThread-0] INFO  datanode.InitDatanodeState (InitDatanodeState.java:persistContainerDatanodeDetails(139)) - DatanodeDetails is persisted to /home/runner/work/ozone/ozone/hadoop-ozone/integration-test/target/test-dir/MiniOzoneClusterImpl-20f17314-7331-4214-8d7b-3220b0ea8e97/ozone-meta/datanode-2/meta/datanode.id
2024-05-22 11:35:17,113 [main] INFO  ozone.HddsDatanodeService (HddsDatanodeService.java:start(240)) - HddsDatanodeService host:fv-az572-394.ywsgqi4ed1ju5mtqvm2htfptlh.bx.internal.cloudapp.net ip:10.1.0.12
2024-05-22 11:35:17,121 [main] INFO  upgrade.AbstractLayoutVersionManager (AbstractLayoutVersionManager.java:init(83)) - Initializing Layout version manager with metadata layout = HADOOP_PRC_PORTS_IN_DATANODEDETAILS (version = 7), software layout = HADOOP_PRC_PORTS_IN_DATANODEDETAILS (version = 7)
2024-05-22 11:35:17,122 [main] INFO  statemachine.DatanodeStateMachine (DatanodeStateMachine.java:getEndPointTaskThreadPoolSize(299)) - Datanode State Machine Task Thread Pool size 2
2024-05-22 11:35:17,123 [main] INFO  volume.HddsVolume (HddsVolume.java:<init>(126)) - Creating HddsVolume: /home/runner/work/ozone/ozone/hadoop-ozone/integration-test/target/test-dir/MiniOzoneClusterImpl-20f17314-7331-4214-8d7b-3220b0ea8e97/ozone-meta/datanode-3/data-0/hdds of storage type : DISK capacity : 9222449699674390527
2024-05-22 11:35:17,123 [main] INFO  volume.MutableVolumeSet (MutableVolumeSet.java:initializeVolumeSet(173)) - Added Volume : /home/runner/work/ozone/ozone/hadoop-ozone/integration-test/target/test-dir/MiniOzoneClusterImpl-20f17314-7331-4214-8d7b-3220b0ea8e97/ozone-meta/datanode-3/data-0/hdds to VolumeSet
2024-05-22 11:35:17,124 [main] INFO  volume.MutableVolumeSet (MutableVolumeSet.java:initializeVolumeSet(173)) - Added Volume : /home/runner/work/ozone/ozone/hadoop-ozone/integration-test/target/test-dir/MiniOzoneClusterImpl-20f17314-7331-4214-8d7b-3220b0ea8e97/ozone-meta/datanode-3/ratis to VolumeSet
2024-05-22 11:35:17,142 [ForkJoinPool.commonPool-worker-3] INFO  utils.DatanodeStoreCache (DatanodeStoreCache.java:addDB(72)) - Added db /home/runner/work/ozone/ozone/hadoop-ozone/integration-test/target/test-dir/MiniOzoneClusterImpl-20f17314-7331-4214-8d7b-3220b0ea8e97/ozone-meta/datanode-3/data-0/hdds/20f17314-7331-4214-8d7b-3220b0ea8e97/DS-72ce6fd3-28c4-4843-89ff-c8216d002d63/container.db to cache
2024-05-22 11:35:17,142 [ForkJoinPool.commonPool-worker-3] INFO  volume.HddsVolume (HddsVolume.java:loadDbStore(389)) - SchemaV3 db is loaded at /home/runner/work/ozone/ozone/hadoop-ozone/integration-test/target/test-dir/MiniOzoneClusterImpl-20f17314-7331-4214-8d7b-3220b0ea8e97/ozone-meta/datanode-3/data-0/hdds/20f17314-7331-4214-8d7b-3220b0ea8e97/DS-72ce6fd3-28c4-4843-89ff-c8216d002d63/container.db for volume DS-72ce6fd3-28c4-4843-89ff-c8216d002d63
2024-05-22 11:35:17,142 [main] INFO  ozoneimpl.OzoneContainer (HddsVolumeUtil.java:loadAllHddsVolumeDbStore(103)) - Load 1 volumes DbStore cost: 18ms
2024-05-22 11:35:17,144 [main] INFO  server.RaftServer (ConfUtils.java:logGet(46)) - raft.rpc.type = GRPC (default)
2024-05-22 11:35:17,144 [main] INFO  grpc.GrpcConfigKeys (ConfUtils.java:logFallback(53)) - raft.grpc.admin.host = null (fallback to raft.grpc.server.host)
2024-05-22 11:35:17,144 [main] INFO  grpc.GrpcConfigKeys (ConfUtils.java:logGet(46)) - raft.grpc.admin.port = 15093 (custom)
2024-05-22 11:35:17,144 [main] INFO  grpc.GrpcConfigKeys (ConfUtils.java:logFallback(53)) - raft.grpc.client.host = null (fallback to raft.grpc.server.host)
2024-05-22 11:35:17,145 [main] INFO  grpc.GrpcConfigKeys (ConfUtils.java:logGet(46)) - raft.grpc.client.port = 15092 (custom)
2024-05-22 11:35:17,145 [main] INFO  grpc.GrpcConfigKeys (ConfUtils.java:logGet(46)) - raft.grpc.server.host = null (default)
2024-05-22 11:35:17,145 [main] INFO  grpc.GrpcConfigKeys (ConfUtils.java:logGet(46)) - raft.grpc.server.port = 15094 (custom)
2024-05-22 11:35:17,145 [main] INFO  server.GrpcService (ConfUtils.java:logGet(46)) - raft.grpc.message.size.max = 32MB (=33554432) (custom)
2024-05-22 11:35:17,145 [main] INFO  server.RaftServerConfigKeys (ConfUtils.java:logGet(46)) - raft.server.log.appender.buffer.byte-limit = 8388608 (custom)
2024-05-22 11:35:17,145 [main] INFO  server.GrpcService (ConfUtils.java:logGet(46)) - raft.grpc.flow.control.window = 5MB (=5242880) (custom)
2024-05-22 11:35:17,145 [main] INFO  server.RaftServerConfigKeys (ConfUtils.java:logGet(46)) - raft.server.rpc.request.timeout = 60s (custom)
2024-05-22 11:35:17,145 [main] INFO  grpc.GrpcConfigKeys (ConfUtils.java:logGet(46)) - raft.grpc.server.heartbeat.channel = true (default)
2024-05-22 11:35:17,145 [main] INFO  grpc.GrpcConfigKeys (ConfUtils.java:logGet(46)) - raft.grpc.server.async.request.thread.pool.cached = true (default)
2024-05-22 11:35:17,145 [main] INFO  grpc.GrpcConfigKeys (ConfUtils.java:logGet(46)) - raft.grpc.server.async.request.thread.pool.size = 32 (default)
2024-05-22 11:35:17,147 [main] INFO  impl.DataStreamServerImpl (ConfUtils.java:logGet(46)) - raft.datastream.type = NETTY (custom)
2024-05-22 11:35:17,147 [main] INFO  server.RaftServerConfigKeys (ConfUtils.java:logGet(46)) - raft.server.data-stream.async.request.thread.pool.cached = false (default)
2024-05-22 11:35:17,148 [main] INFO  server.RaftServerConfigKeys (ConfUtils.java:logGet(46)) - raft.server.data-stream.async.request.thread.pool.size = 20 (custom)
2024-05-22 11:35:17,148 [main] INFO  server.RaftServerConfigKeys (ConfUtils.java:logGet(46)) - raft.server.data-stream.async.write.thread.pool.size = 16 (default)
2024-05-22 11:35:17,148 [main] INFO  netty.NettyConfigKeys$DataStream (ConfUtils.java:logGet(46)) - raft.netty.dataStream.server.channel.inactive.grace-period = 10min (default)
2024-05-22 11:35:17,148 [main] INFO  server.RaftServerConfigKeys (ConfUtils.java:logGet(46)) - raft.server.data-stream.client.pool.size = 10 (default)
2024-05-22 11:35:17,148 [main] INFO  netty.NettyConfigKeys$DataStream (ConfUtils.java:logGet(46)) - raft.netty.dataStream.server.use-epoll = true (default)
2024-05-22 11:35:17,148 [main] INFO  netty.NettyConfigKeys$DataStream (ConfUtils.java:logGet(46)) - raft.netty.dataStream.server.boss-group.size = 0 (default)
2024-05-22 11:35:17,148 [main] INFO  netty.NettyUtils (NettyUtils.java:newEventLoopGroup(69)) - Create EpollEventLoopGroup for ae2fb675-4ad2-4742-b745-16c1dba3b70f-NettyServerStreamRpc-bossGroup; Thread size is 0.
2024-05-22 11:35:17,148 [main] INFO  netty.NettyConfigKeys$DataStream (ConfUtils.java:logGet(46)) - raft.netty.dataStream.server.worker-group.size = 0 (default)
2024-05-22 11:35:17,149 [main] INFO  netty.NettyUtils (NettyUtils.java:newEventLoopGroup(69)) - Create EpollEventLoopGroup for ae2fb675-4ad2-4742-b745-16c1dba3b70f-NettyServerStreamRpc-workerGroup; Thread size is 0.
2024-05-22 11:35:17,149 [main] INFO  netty.NettyConfigKeys$DataStream (ConfUtils.java:logGet(46)) - raft.netty.dataStream.server.tls.conf = null (default)
2024-05-22 11:35:17,149 [main] INFO  netty.NettyConfigKeys$DataStream (ConfUtils.java:logGet(46)) - raft.netty.dataStream.host = null (default)
2024-05-22 11:35:17,149 [main] INFO  netty.NettyConfigKeys$DataStream (ConfUtils.java:logGet(46)) - raft.netty.dataStream.port = 15095 (custom)
2024-05-22 11:35:17,150 [main] INFO  server.RaftServerConfigKeys (ConfUtils.java:logGet(46)) - raft.server.sleep.deviation.threshold = 300ms (default)
2024-05-22 11:35:17,150 [main] INFO  server.RaftServerConfigKeys (ConfUtils.java:logGet(46)) - raft.server.close.threshold = 60s (default)
2024-05-22 11:35:17,150 [main] INFO  server.RaftServerConfigKeys (ConfUtils.java:logGet(46)) - raft.server.leaderelection.leader.step-down.wait-time = 10s (default)
2024-05-22 11:35:17,150 [main] INFO  server.RaftServerConfigKeys (ConfUtils.java:logGet(46)) - raft.server.storage.dir = [/home/runner/work/ozone/ozone/hadoop-ozone/integration-test/target/test-dir/MiniOzoneClusterImpl-20f17314-7331-4214-8d7b-3220b0ea8e97/ozone-meta/datanode-3/ratis] (custom)
2024-05-22 11:35:17,150 [main] INFO  server.RaftServerConfigKeys (ConfUtils.java:logGet(46)) - raft.server.threadpool.proxy.cached = true (default)
2024-05-22 11:35:17,150 [main] INFO  server.RaftServerConfigKeys (ConfUtils.java:logGet(46)) - raft.server.threadpool.proxy.size = 0 (default)
2024-05-22 11:35:17,151 [ae2fb675-4ad2-4742-b745-16c1dba3b70f-NettyServerStreamRpc-bossGroup--thread1] INFO  logging.LoggingHandler (AbstractInternalLogger.java:log(148)) - [id: 0xaa7e9fe9] REGISTERED
2024-05-22 11:35:17,151 [ae2fb675-4ad2-4742-b745-16c1dba3b70f-NettyServerStreamRpc-bossGroup--thread1] INFO  logging.LoggingHandler (AbstractInternalLogger.java:log(148)) - [id: 0xaa7e9fe9] BIND: 0.0.0.0/0.0.0.0:15095
2024-05-22 11:35:17,151 [ae2fb675-4ad2-4742-b745-16c1dba3b70f-NettyServerStreamRpc-bossGroup--thread1] INFO  logging.LoggingHandler (AbstractInternalLogger.java:log(148)) - [id: 0xaa7e9fe9, L:/0.0.0.0:15095] ACTIVE
2024-05-22 11:35:17,153 [ae2fb675-4ad2-4742-b745-16c1dba3b70f-impl-thread1] INFO  server.RaftServer (RaftServerProxy.java:initGroupDir(264)) - ae2fb675-4ad2-4742-b745-16c1dba3b70f: found a subdirectory /home/runner/work/ozone/ozone/hadoop-ozone/integration-test/target/test-dir/MiniOzoneClusterImpl-20f17314-7331-4214-8d7b-3220b0ea8e97/ozone-meta/datanode-3/ratis/c5d189d2-33a6-478c-8a46-58827d620a90
2024-05-22 11:35:17,153 [ae2fb675-4ad2-4742-b745-16c1dba3b70f-impl-thread1] INFO  server.RaftServer (RaftServerProxy.java:addNew(100)) - ae2fb675-4ad2-4742-b745-16c1dba3b70f: addNew group-58827D620A90:[] returns group-58827D620A90:java.util.concurrent.CompletableFuture@2758ee73[Not completed]
2024-05-22 11:35:17,154 [ae2fb675-4ad2-4742-b745-16c1dba3b70f-impl-thread1] INFO  server.RaftServer (RaftServerProxy.java:initGroupDir(264)) - ae2fb675-4ad2-4742-b745-16c1dba3b70f: found a subdirectory /home/runner/work/ozone/ozone/hadoop-ozone/integration-test/target/test-dir/MiniOzoneClusterImpl-20f17314-7331-4214-8d7b-3220b0ea8e97/ozone-meta/datanode-3/ratis/5c335dc4-ee6b-41c8-9f32-5008f0a1828c
2024-05-22 11:35:17,154 [ae2fb675-4ad2-4742-b745-16c1dba3b70f-impl-thread1] INFO  server.RaftServer (RaftServerProxy.java:addNew(100)) - ae2fb675-4ad2-4742-b745-16c1dba3b70f: addNew group-5008F0A1828C:[] returns group-5008F0A1828C:java.util.concurrent.CompletableFuture@23676e40[Not completed]
2024-05-22 11:35:17,154 [ae2fb675-4ad2-4742-b745-16c1dba3b70f-impl-thread1] INFO  server.RaftServer (RaftServerProxy.java:initGroupDir(264)) - ae2fb675-4ad2-4742-b745-16c1dba3b70f: found a subdirectory /home/runner/work/ozone/ozone/hadoop-ozone/integration-test/target/test-dir/MiniOzoneClusterImpl-20f17314-7331-4214-8d7b-3220b0ea8e97/ozone-meta/datanode-3/ratis/96889823-d642-4618-bd52-f0b03fd0ad5d
2024-05-22 11:35:17,154 [ae2fb675-4ad2-4742-b745-16c1dba3b70f-impl-thread1] INFO  server.RaftServer (RaftServerProxy.java:addNew(100)) - ae2fb675-4ad2-4742-b745-16c1dba3b70f: addNew group-F0B03FD0AD5D:[] returns group-F0B03FD0AD5D:java.util.concurrent.CompletableFuture@6665e448[Not completed]
2024-05-22 11:35:17,154 [ae2fb675-4ad2-4742-b745-16c1dba3b70f-impl-thread1] INFO  server.RaftServer (RaftServerProxy.java:initGroupDir(264)) - ae2fb675-4ad2-4742-b745-16c1dba3b70f: found a subdirectory /home/runner/work/ozone/ozone/hadoop-ozone/integration-test/target/test-dir/MiniOzoneClusterImpl-20f17314-7331-4214-8d7b-3220b0ea8e97/ozone-meta/datanode-3/ratis/tmp
2024-05-22 11:35:17,154 [ae2fb675-4ad2-4742-b745-16c1dba3b70f-impl-thread1] INFO  server.RaftServer (RaftServerProxy.java:initGroupDir(269)) - ae2fb675-4ad2-4742-b745-16c1dba3b70f: The directory /home/runner/work/ozone/ozone/hadoop-ozone/integration-test/target/test-dir/MiniOzoneClusterImpl-20f17314-7331-4214-8d7b-3220b0ea8e97/ozone-meta/datanode-3/ratis/tmp is not a group directory; ignoring it. 
2024-05-22 11:35:17,155 [ae2fb675-4ad2-4742-b745-16c1dba3b70f-groupManagement] INFO  server.RaftServer$Division (RaftServerImpl.java:<init>(256)) - ae2fb675-4ad2-4742-b745-16c1dba3b70f: new RaftServerImpl for group-58827D620A90:[] with ContainerStateMachine:uninitialized
2024-05-22 11:35:17,155 [ae2fb675-4ad2-4742-b745-16c1dba3b70f-groupManagement] INFO  server.RaftServerConfigKeys (ConfUtils.java:logGet(46)) - raft.server.rpc.timeout.min = 5s (custom)
2024-05-22 11:35:17,155 [ae2fb675-4ad2-4742-b745-16c1dba3b70f-groupManagement] INFO  server.RaftServerConfigKeys (ConfUtils.java:logGet(46)) - raft.server.rpc.timeout.max = 5200ms (custom)
2024-05-22 11:35:17,155 [ae2fb675-4ad2-4742-b745-16c1dba3b70f-groupManagement] INFO  server.RaftServerConfigKeys (ConfUtils.java:logGet(46)) - raft.server.rpc.sleep.time = 25ms (default)
2024-05-22 11:35:17,155 [ae2fb675-4ad2-4742-b745-16c1dba3b70f-groupManagement] INFO  server.RaftServerConfigKeys (ConfUtils.java:logGet(46)) - raft.server.rpc.slowness.timeout = 300s (custom)
2024-05-22 11:35:17,155 [ae2fb675-4ad2-4742-b745-16c1dba3b70f-groupManagement] INFO  server.RaftServerConfigKeys (ConfUtils.java:logGet(46)) - raft.server.leaderelection.leader.step-down.wait-time = 10s (default)
2024-05-22 11:35:17,155 [ae2fb675-4ad2-4742-b745-16c1dba3b70f-groupManagement] INFO  server.RaftServerConfigKeys (ConfUtils.java:logGet(46)) - raft.server.leaderelection.member.majority-add = false (default)
2024-05-22 11:35:17,155 [ae2fb675-4ad2-4742-b745-16c1dba3b70f-groupManagement] INFO  server.RaftServerConfigKeys (ConfUtils.java:logGet(46)) - raft.server.sleep.deviation.threshold = 300ms (default)
2024-05-22 11:35:17,155 [ae2fb675-4ad2-4742-b745-16c1dba3b70f-groupManagement] INFO  server.RaftServer$Division (ServerState.java:<init>(113)) - ae2fb675-4ad2-4742-b745-16c1dba3b70f@group-58827D620A90: ConfigurationManager, init=-1: peers:[]|listeners:[], old=null, confs=<EMPTY_MAP>
2024-05-22 11:35:17,155 [ae2fb675-4ad2-4742-b745-16c1dba3b70f-groupManagement] INFO  server.RaftServerConfigKeys (ConfUtils.java:logGet(46)) - raft.server.notification.no-leader.timeout = 300s (custom)
2024-05-22 11:35:17,155 [ae2fb675-4ad2-4742-b745-16c1dba3b70f-groupManagement] INFO  server.RaftServerConfigKeys (ConfUtils.java:logGet(46)) - raft.server.read.timeout = 10s (default)
2024-05-22 11:35:17,155 [ae2fb675-4ad2-4742-b745-16c1dba3b70f-groupManagement] INFO  server.RaftServerConfigKeys (ConfUtils.java:logGet(46)) - raft.server.retrycache.expirytime = 600000ms (custom)
2024-05-22 11:35:17,155 [ae2fb675-4ad2-4742-b745-16c1dba3b70f-groupManagement] INFO  server.RaftServerConfigKeys (ConfUtils.java:logGet(46)) - raft.server.retrycache.statistics.expirytime = 100ms (default)
2024-05-22 11:35:17,155 [ae2fb675-4ad2-4742-b745-16c1dba3b70f-groupManagement] INFO  server.RaftServerConfigKeys (ConfUtils.java:logGet(46)) - raft.server.read.option = DEFAULT (default)
2024-05-22 11:35:17,155 [ae2fb675-4ad2-4742-b745-16c1dba3b70f-groupManagement] INFO  server.RaftServerConfigKeys (ConfUtils.java:logGet(46)) - raft.server.read.read-after-write-consistent.write-index-cache.expiry-time = 60s (default)
2024-05-22 11:35:17,157 [main] INFO  replication.ReplicationServer (ReplicationServer.java:<init>(86)) - Initializing replication server with thread count = 10 queue length = 4096
2024-05-22 11:35:17,157 [ae2fb675-4ad2-4742-b745-16c1dba3b70f-groupManagement] INFO  server.RaftServerConfigKeys (ConfUtils.java:logGet(46)) - raft.server.rpc.request.timeout = 60s (custom)
2024-05-22 11:35:17,157 [ae2fb675-4ad2-4742-b745-16c1dba3b70f-groupManagement] INFO  server.RaftServerConfigKeys (ConfUtils.java:logGet(46)) - raft.server.log.appender.install.snapshot.enabled = false (custom)
2024-05-22 11:35:17,157 [ae2fb675-4ad2-4742-b745-16c1dba3b70f-groupManagement] INFO  server.RaftServerConfigKeys (ConfUtils.java:logGet(46)) - raft.server.threadpool.server.cached = true (default)
2024-05-22 11:35:17,157 [ae2fb675-4ad2-4742-b745-16c1dba3b70f-groupManagement] INFO  server.RaftServerConfigKeys (ConfUtils.java:logGet(46)) - raft.server.threadpool.server.size = 0 (default)
2024-05-22 11:35:17,157 [ae2fb675-4ad2-4742-b745-16c1dba3b70f-groupManagement] INFO  server.RaftServerConfigKeys (ConfUtils.java:logGet(46)) - raft.server.threadpool.client.cached = true (default)
2024-05-22 11:35:17,157 [ae2fb675-4ad2-4742-b745-16c1dba3b70f-groupManagement] INFO  server.RaftServerConfigKeys (ConfUtils.java:logGet(46)) - raft.server.threadpool.client.size = 0 (default)
2024-05-22 11:35:17,158 [ae2fb675-4ad2-4742-b745-16c1dba3b70f-groupManagement] INFO  server.RaftServer$Division (RaftServerImpl.java:<init>(256)) - ae2fb675-4ad2-4742-b745-16c1dba3b70f: new RaftServerImpl for group-5008F0A1828C:[] with ContainerStateMachine:uninitialized
2024-05-22 11:35:17,158 [ae2fb675-4ad2-4742-b745-16c1dba3b70f-groupManagement] INFO  server.RaftServerConfigKeys (ConfUtils.java:logGet(46)) - raft.server.rpc.timeout.min = 5s (custom)
2024-05-22 11:35:17,158 [ae2fb675-4ad2-4742-b745-16c1dba3b70f-groupManagement] INFO  server.RaftServerConfigKeys (ConfUtils.java:logGet(46)) - raft.server.rpc.timeout.max = 5200ms (custom)
2024-05-22 11:35:17,158 [ae2fb675-4ad2-4742-b745-16c1dba3b70f-groupManagement] INFO  server.RaftServerConfigKeys (ConfUtils.java:logGet(46)) - raft.server.rpc.sleep.time = 25ms (default)
2024-05-22 11:35:17,158 [ae2fb675-4ad2-4742-b745-16c1dba3b70f-groupManagement] INFO  server.RaftServerConfigKeys (ConfUtils.java:logGet(46)) - raft.server.rpc.slowness.timeout = 300s (custom)
2024-05-22 11:35:17,158 [ae2fb675-4ad2-4742-b745-16c1dba3b70f-groupManagement] INFO  server.RaftServerConfigKeys (ConfUtils.java:logGet(46)) - raft.server.leaderelection.leader.step-down.wait-time = 10s (default)
2024-05-22 11:35:17,158 [ae2fb675-4ad2-4742-b745-16c1dba3b70f-groupManagement] INFO  server.RaftServerConfigKeys (ConfUtils.java:logGet(46)) - raft.server.leaderelection.member.majority-add = false (default)
2024-05-22 11:35:17,158 [ae2fb675-4ad2-4742-b745-16c1dba3b70f-groupManagement] INFO  server.RaftServerConfigKeys (ConfUtils.java:logGet(46)) - raft.server.sleep.deviation.threshold = 300ms (default)
2024-05-22 11:35:17,158 [ae2fb675-4ad2-4742-b745-16c1dba3b70f-groupManagement] INFO  server.RaftServer$Division (ServerState.java:<init>(113)) - ae2fb675-4ad2-4742-b745-16c1dba3b70f@group-5008F0A1828C: ConfigurationManager, init=-1: peers:[]|listeners:[], old=null, confs=<EMPTY_MAP>
2024-05-22 11:35:17,158 [ae2fb675-4ad2-4742-b745-16c1dba3b70f-groupManagement] INFO  server.RaftServerConfigKeys (ConfUtils.java:logGet(46)) - raft.server.notification.no-leader.timeout = 300s (custom)
2024-05-22 11:35:17,158 [ae2fb675-4ad2-4742-b745-16c1dba3b70f-groupManagement] INFO  server.RaftServerConfigKeys (ConfUtils.java:logGet(46)) - raft.server.read.timeout = 10s (default)
2024-05-22 11:35:17,159 [ae2fb675-4ad2-4742-b745-16c1dba3b70f-groupManagement] INFO  server.RaftServerConfigKeys (ConfUtils.java:logGet(46)) - raft.server.retrycache.expirytime = 600000ms (custom)
2024-05-22 11:35:17,159 [ae2fb675-4ad2-4742-b745-16c1dba3b70f-groupManagement] INFO  server.RaftServerConfigKeys (ConfUtils.java:logGet(46)) - raft.server.retrycache.statistics.expirytime = 100ms (default)
2024-05-22 11:35:17,159 [ae2fb675-4ad2-4742-b745-16c1dba3b70f-groupManagement] INFO  server.RaftServerConfigKeys (ConfUtils.java:logGet(46)) - raft.server.read.option = DEFAULT (default)
2024-05-22 11:35:17,159 [ae2fb675-4ad2-4742-b745-16c1dba3b70f-groupManagement] INFO  server.RaftServerConfigKeys (ConfUtils.java:logGet(46)) - raft.server.read.read-after-write-consistent.write-index-cache.expiry-time = 60s (default)
2024-05-22 11:35:17,160 [ae2fb675-4ad2-4742-b745-16c1dba3b70f-groupManagement] INFO  server.RaftServerConfigKeys (ConfUtils.java:logGet(46)) - raft.server.rpc.request.timeout = 60s (custom)
2024-05-22 11:35:17,160 [ae2fb675-4ad2-4742-b745-16c1dba3b70f-groupManagement] INFO  server.RaftServerConfigKeys (ConfUtils.java:logGet(46)) - raft.server.log.appender.install.snapshot.enabled = false (custom)
2024-05-22 11:35:17,160 [ae2fb675-4ad2-4742-b745-16c1dba3b70f-groupManagement] INFO  server.RaftServerConfigKeys (ConfUtils.java:logGet(46)) - raft.server.threadpool.server.cached = true (default)
2024-05-22 11:35:17,160 [ae2fb675-4ad2-4742-b745-16c1dba3b70f-groupManagement] INFO  server.RaftServerConfigKeys (ConfUtils.java:logGet(46)) - raft.server.threadpool.server.size = 0 (default)
2024-05-22 11:35:17,160 [ae2fb675-4ad2-4742-b745-16c1dba3b70f-groupManagement] INFO  server.RaftServerConfigKeys (ConfUtils.java:logGet(46)) - raft.server.threadpool.client.cached = true (default)
2024-05-22 11:35:17,160 [ae2fb675-4ad2-4742-b745-16c1dba3b70f-groupManagement] INFO  server.RaftServerConfigKeys (ConfUtils.java:logGet(46)) - raft.server.threadpool.client.size = 0 (default)
2024-05-22 11:35:17,161 [ae2fb675-4ad2-4742-b745-16c1dba3b70f-groupManagement] INFO  server.RaftServer$Division (RaftServerImpl.java:<init>(256)) - ae2fb675-4ad2-4742-b745-16c1dba3b70f: new RaftServerImpl for group-F0B03FD0AD5D:[] with ContainerStateMachine:uninitialized
2024-05-22 11:35:17,161 [ae2fb675-4ad2-4742-b745-16c1dba3b70f-groupManagement] INFO  server.RaftServerConfigKeys (ConfUtils.java:logGet(46)) - raft.server.rpc.timeout.min = 5s (custom)
2024-05-22 11:35:17,161 [ae2fb675-4ad2-4742-b745-16c1dba3b70f-groupManagement] INFO  server.RaftServerConfigKeys (ConfUtils.java:logGet(46)) - raft.server.rpc.timeout.max = 5200ms (custom)
2024-05-22 11:35:17,161 [ae2fb675-4ad2-4742-b745-16c1dba3b70f-groupManagement] INFO  server.RaftServerConfigKeys (ConfUtils.java:logGet(46)) - raft.server.rpc.sleep.time = 25ms (default)
2024-05-22 11:35:17,161 [ae2fb675-4ad2-4742-b745-16c1dba3b70f-groupManagement] INFO  server.RaftServerConfigKeys (ConfUtils.java:logGet(46)) - raft.server.rpc.slowness.timeout = 300s (custom)
2024-05-22 11:35:17,161 [ae2fb675-4ad2-4742-b745-16c1dba3b70f-groupManagement] INFO  server.RaftServerConfigKeys (ConfUtils.java:logGet(46)) - raft.server.leaderelection.leader.step-down.wait-time = 10s (default)
2024-05-22 11:35:17,161 [ae2fb675-4ad2-4742-b745-16c1dba3b70f-groupManagement] INFO  server.RaftServerConfigKeys (ConfUtils.java:logGet(46)) - raft.server.leaderelection.member.majority-add = false (default)
2024-05-22 11:35:17,161 [ae2fb675-4ad2-4742-b745-16c1dba3b70f-groupManagement] INFO  server.RaftServerConfigKeys (ConfUtils.java:logGet(46)) - raft.server.sleep.deviation.threshold = 300ms (default)
2024-05-22 11:35:17,161 [ae2fb675-4ad2-4742-b745-16c1dba3b70f-groupManagement] INFO  server.RaftServer$Division (ServerState.java:<init>(113)) - ae2fb675-4ad2-4742-b745-16c1dba3b70f@group-F0B03FD0AD5D: ConfigurationManager, init=-1: peers:[]|listeners:[], old=null, confs=<EMPTY_MAP>
2024-05-22 11:35:17,161 [ae2fb675-4ad2-4742-b745-16c1dba3b70f-groupManagement] INFO  server.RaftServerConfigKeys (ConfUtils.java:logGet(46)) - raft.server.notification.no-leader.timeout = 300s (custom)
2024-05-22 11:35:17,161 [ae2fb675-4ad2-4742-b745-16c1dba3b70f-groupManagement] INFO  server.RaftServerConfigKeys (ConfUtils.java:logGet(46)) - raft.server.read.timeout = 10s (default)
2024-05-22 11:35:17,161 [ae2fb675-4ad2-4742-b745-16c1dba3b70f-groupManagement] INFO  server.RaftServerConfigKeys (ConfUtils.java:logGet(46)) - raft.server.retrycache.expirytime = 600000ms (custom)
2024-05-22 11:35:17,161 [ae2fb675-4ad2-4742-b745-16c1dba3b70f-groupManagement] INFO  server.RaftServerConfigKeys (ConfUtils.java:logGet(46)) - raft.server.retrycache.statistics.expirytime = 100ms (default)
2024-05-22 11:35:17,161 [ae2fb675-4ad2-4742-b745-16c1dba3b70f-groupManagement] INFO  server.RaftServerConfigKeys (ConfUtils.java:logGet(46)) - raft.server.read.option = DEFAULT (default)
2024-05-22 11:35:17,161 [ae2fb675-4ad2-4742-b745-16c1dba3b70f-groupManagement] INFO  server.RaftServerConfigKeys (ConfUtils.java:logGet(46)) - raft.server.read.read-after-write-consistent.write-index-cache.expiry-time = 60s (default)
2024-05-22 11:35:17,163 [ae2fb675-4ad2-4742-b745-16c1dba3b70f-groupManagement] INFO  server.RaftServerConfigKeys (ConfUtils.java:logGet(46)) - raft.server.rpc.request.timeout = 60s (custom)
2024-05-22 11:35:17,163 [ae2fb675-4ad2-4742-b745-16c1dba3b70f-groupManagement] INFO  server.RaftServerConfigKeys (ConfUtils.java:logGet(46)) - raft.server.log.appender.install.snapshot.enabled = false (custom)
2024-05-22 11:35:17,163 [ae2fb675-4ad2-4742-b745-16c1dba3b70f-groupManagement] INFO  server.RaftServerConfigKeys (ConfUtils.java:logGet(46)) - raft.server.threadpool.server.cached = true (default)
2024-05-22 11:35:17,163 [ae2fb675-4ad2-4742-b745-16c1dba3b70f-groupManagement] INFO  server.RaftServerConfigKeys (ConfUtils.java:logGet(46)) - raft.server.threadpool.server.size = 0 (default)
2024-05-22 11:35:17,163 [ae2fb675-4ad2-4742-b745-16c1dba3b70f-groupManagement] INFO  server.RaftServerConfigKeys (ConfUtils.java:logGet(46)) - raft.server.threadpool.client.cached = true (default)
2024-05-22 11:35:17,163 [ae2fb675-4ad2-4742-b745-16c1dba3b70f-groupManagement] INFO  server.RaftServerConfigKeys (ConfUtils.java:logGet(46)) - raft.server.threadpool.client.size = 0 (default)
2024-05-22 11:35:17,166 [main] INFO  server.XceiverServerGrpc (XceiverServerGrpc.java:<init>(141)) - GrpcServer channel type EpollServerSocketChannel
2024-05-22 11:35:17,168 [main] INFO  replication.ReplicationSupervisor (ReplicationSupervisor.java:build(157)) - Initializing replication supervisor with thread count = 10
2024-05-22 11:35:17,168 [main] INFO  replication.ReplicationSupervisor (ReplicationSupervisor.java:nodeStateUpdated(312)) - Node state updated to IN_SERVICE, scaling executor pool size to 10
2024-05-22 11:35:17,170 [main] INFO  http.BaseHttpServer (BaseHttpServer.java:newHttpServer2BuilderForOzone(223)) - Starting Web-server for hddsDatanode at: http://0.0.0.0:15089
2024-05-22 11:35:17,170 [main] INFO  http.BaseHttpServer (BaseHttpServer.java:<init>(110)) - Hadoop Security Enabled: false Ozone Security Enabled: false Ozone HTTP Security Enabled: false 
2024-05-22 11:35:17,171 [main] WARN  server.AuthenticationFilter (AuthenticationFilter.java:constructSecretProvider(240)) - Unable to initialize FileSignerSecretProvider, falling back to use random secrets. Reason: Could not read signature secret file: /home/runner/hadoop-http-auth-signature-secret
2024-05-22 11:35:17,172 [main] INFO  http.HttpRequestLog (HttpRequestLog.java:getRequestLog(86)) - Http request log for http.requests.hddsDatanode is not defined
2024-05-22 11:35:17,173 [main] INFO  http.HttpServer2 (HttpServer2.java:addGlobalFilter(1036)) - Added global filter 'safety' (class=org.apache.hadoop.hdds.server.http.HttpServer2$QuotingInputFilter)
2024-05-22 11:35:17,175 [main] INFO  http.HttpServer2 (HttpServer2.java:addFilter(1012)) - Added filter static_user_filter (class=org.apache.hadoop.http.lib.StaticUserWebFilter$StaticUserFilter) to context hddsDatanode
2024-05-22 11:35:17,175 [main] INFO  http.HttpServer2 (HttpServer2.java:addFilter(1020)) - Added filter static_user_filter (class=org.apache.hadoop.http.lib.StaticUserWebFilter$StaticUserFilter) to context logs
2024-05-22 11:35:17,175 [main] INFO  http.HttpServer2 (HttpServer2.java:addFilter(1020)) - Added filter static_user_filter (class=org.apache.hadoop.http.lib.StaticUserWebFilter$StaticUserFilter) to context static
2024-05-22 11:35:17,176 [main] INFO  http.BaseHttpServer (BaseHttpServer.java:<init>(189)) - HTTP server of hddsDatanode uses base directory /home/runner/work/ozone/ozone/hadoop-ozone/integration-test/target/test-dir/MiniOzoneClusterImpl-20f17314-7331-4214-8d7b-3220b0ea8e97/ozone-meta/datanode-3/meta/webserver
2024-05-22 11:35:17,177 [main] INFO  http.HttpServer2 (HttpServer2.java:bindListener(1236)) - Jetty bound to port 15089
2024-05-22 11:35:17,177 [main] INFO  server.Server (Server.java:doStart(375)) - jetty-9.4.54.v20240208; built: 2024-02-08T19:42:39.027Z; git: cef3fbd6d736a21e7d541a5db490381d95a2047d; jvm 17.0.11+9
2024-05-22 11:35:17,193 [main] INFO  server.session (DefaultSessionIdManager.java:doStart(334)) - DefaultSessionIdManager workerName=node0
2024-05-22 11:35:17,193 [main] INFO  server.session (DefaultSessionIdManager.java:doStart(339)) - No SessionScavenger set, using defaults
2024-05-22 11:35:17,194 [main] INFO  server.session (HouseKeeper.java:startScavenging(132)) - node0 Scavenging every 660000ms
2024-05-22 11:35:17,202 [main] INFO  handler.ContextHandler (ContextHandler.java:doStart(921)) - Started o.e.j.s.ServletContextHandler@45e38356{logs,/logs,file:///home/runner/work/ozone/ozone/hadoop-ozone/integration-test/target/log,AVAILABLE}
2024-05-22 11:35:17,202 [main] INFO  handler.ContextHandler (ContextHandler.java:doStart(921)) - Started o.e.j.s.ServletContextHandler@24ed4582{static,/static,file:///home/runner/work/ozone/ozone/hadoop-hdds/container-service/target/classes/webapps/static,AVAILABLE}
2024-05-22 11:35:17,207 [main] INFO  handler.ContextHandler (ContextHandler.java:doStart(921)) - Started o.e.j.w.WebAppContext@43af513c{hddsDatanode,/,file:///home/runner/work/ozone/ozone/hadoop-hdds/container-service/target/classes/webapps/hddsDatanode/,AVAILABLE}{file:/home/runner/work/ozone/ozone/hadoop-hdds/container-service/target/classes/webapps/hddsDatanode}
2024-05-22 11:35:17,208 [main] INFO  server.AbstractConnector (AbstractConnector.java:doStart(333)) - Started ServerConnector@f054e29{HTTP/1.1, (http/1.1)}{0.0.0.0:15089}
2024-05-22 11:35:17,208 [main] INFO  server.Server (Server.java:doStart(415)) - Started @220277ms
2024-05-22 11:35:17,208 [main] WARN  impl.MetricsSystemImpl (MetricsSystemImpl.java:register(279)) - Sink prometheus already exists!
2024-05-22 11:35:17,209 [main] INFO  http.BaseHttpServer (BaseHttpServer.java:updateConnectorAddress(354)) - HTTP server of hddsDatanode listening at http://0.0.0.0:15089
2024-05-22 11:35:17,209 [main] INFO  ipc.CallQueueManager (CallQueueManager.java:<init>(90)) - Using callQueue: class java.util.concurrent.LinkedBlockingQueue, queueCapacity: 100, scheduler: class org.apache.hadoop.ipc.DefaultRpcScheduler, ipcBackoff: false.
2024-05-22 11:35:17,209 [main] INFO  ipc.Server (Server.java:<init>(1287)) - Listener at 0.0.0.0:15090
2024-05-22 11:35:17,212 [Socket Reader #1 for port 15090] INFO  ipc.Server (Server.java:run(1323)) - Starting Socket Reader #1 for port 15090
2024-05-22 11:35:17,214 [main] INFO  ozone.HddsDatanodeService (HddsDatanodeService.java:start(327)) - Datanode start with admins: [runner]
2024-05-22 11:35:17,214 [main] INFO  ozone.HddsDatanodeClientProtocolServer (HddsDatanodeClientProtocolServer.java:start(77)) - RPC server for Client /0.0.0.0:15090
2024-05-22 11:35:17,214 [IPC Server Responder] INFO  ipc.Server (Server.java:run(1562)) - IPC Server Responder: starting
2024-05-22 11:35:17,214 [IPC Server listener on 15090] INFO  ipc.Server (Server.java:run(1402)) - IPC Server listener on 15090: starting
2024-05-22 11:35:17,221 [main] INFO  ozone.MiniOzoneClusterImpl (MiniOzoneClusterImpl.java:shutdown(396)) - Shutting down the Mini Ozone Cluster
2024-05-22 11:35:17,221 [main] INFO  db.CodecTestUtil (CodecTestUtil.java:gc(50)) - gc 0
2024-05-22 11:35:17,288 [ae2fb675-4ad2-4742-b745-16c1dba3b70f-DatanodeStateMachineDaemonThread] INFO  statemachine.DatanodeStateMachine (DatanodeStateMachine.java:lambda$startDaemon$1(555)) - Ozone container server started.
2024-05-22 11:35:17,300 [ae2fb675-4ad2-4742-b745-16c1dba3b70f-DatanodeStateMachineTaskThread-0] INFO  datanode.InitDatanodeState (InitDatanodeState.java:persistContainerDatanodeDetails(139)) - DatanodeDetails is persisted to /home/runner/work/ozone/ozone/hadoop-ozone/integration-test/target/test-dir/MiniOzoneClusterImpl-20f17314-7331-4214-8d7b-3220b0ea8e97/ozone-meta/datanode-3/meta/datanode.id
2024-05-22 11:35:17,386 [main] INFO  ozone.MiniOzoneClusterImpl (MiniOzoneClusterImpl.java:stop(412)) - Stopping the Mini Ozone Cluster
2024-05-22 11:35:17,387 [main] INFO  om.OzoneManager (OzoneManager.java:stop(2232)) - om1[localhost:15066]: Stopping Ozone Manager
2024-05-22 11:35:17,387 [main] INFO  ipc.Server (Server.java:stop(3523)) - Stopping server on 15066
2024-05-22 11:35:17,387 [IPC Server listener on 15066] INFO  ipc.Server (Server.java:run(1434)) - Stopping IPC Server listener on 15066
2024-05-22 11:35:17,387 [IPC Server Responder] INFO  ipc.Server (Server.java:run(1567)) - Stopping IPC Server Responder
2024-05-22 11:35:17,388 [main] INFO  ratis.OzoneManagerRatisServer (OzoneManagerRatisServer.java:stop(594)) - Stopping org.apache.hadoop.ozone.om.ratis.OzoneManagerRatisServer@6ce9a671 at port 15069
2024-05-22 11:35:17,388 [main] INFO  server.RaftServer (RaftServerProxy.java:lambda$close$9(416)) - om1: close
2024-05-22 11:35:17,388 [main] INFO  server.GrpcService (GrpcService.java:closeImpl(311)) - om1: shutdown server GrpcServerProtocolService now
2024-05-22 11:35:17,388 [om1-impl-thread2] INFO  server.RaftServer$Division (RaftServerImpl.java:lambda$close$3(526)) - om1@group-C5BA1605619E: shutdown
2024-05-22 11:35:17,389 [om1-impl-thread2] INFO  util.JmxRegister (JmxRegister.java:unregister(73)) - Successfully un-registered JMX Bean with object name Ratis:service=RaftServer,group=group-C5BA1605619E,id=om1
2024-05-22 11:35:17,389 [om1-impl-thread2] INFO  impl.RoleInfo (RoleInfo.java:shutdownLeaderState(94)) - om1: shutdown om1@group-C5BA1605619E-LeaderStateImpl
2024-05-22 11:35:17,389 [om1-impl-thread2] INFO  impl.PendingRequests (PendingRequests.java:sendNotLeaderResponses(289)) - om1@group-C5BA1605619E-PendingRequests: sendNotLeaderResponses
2024-05-22 11:35:17,389 [om1-impl-thread2] INFO  impl.StateMachineUpdater (StateMachineUpdater.java:stopAndJoin(157)) - om1@group-C5BA1605619E-StateMachineUpdater: set stopIndex = 0
2024-05-22 11:35:17,389 [om1@group-C5BA1605619E-StateMachineUpdater] INFO  ratis.OzoneManagerStateMachine (OzoneManagerStateMachine.java:takeSnapshotImpl(481)) -  applied = (t:1, i:0)
2024-05-22 11:35:17,389 [om1@group-C5BA1605619E-StateMachineUpdater] INFO  ratis.OzoneManagerStateMachine (OzoneManagerStateMachine.java:takeSnapshotImpl(482)) -  skipped = -1
2024-05-22 11:35:17,389 [om1@group-C5BA1605619E-StateMachineUpdater] INFO  ratis.OzoneManagerStateMachine (OzoneManagerStateMachine.java:takeSnapshotImpl(483)) - notified = (t:1, i:0)
2024-05-22 11:35:17,389 [om1@group-C5BA1605619E-StateMachineUpdater] INFO  ratis.OzoneManagerStateMachine (OzoneManagerStateMachine.java:takeSnapshotImpl(484)) - snapshot = (t:1, i:0)
2024-05-22 11:35:17,390 [main] INFO  server.GrpcService (GrpcService.java:closeImpl(320)) - om1: shutdown server GrpcServerProtocolService successfully
2024-05-22 11:35:17,399 [om1@group-C5BA1605619E-StateMachineUpdater] INFO  impl.StateMachineUpdater (StateMachineUpdater.java:takeSnapshot(295)) - om1@group-C5BA1605619E-StateMachineUpdater: Took a snapshot at index 0
2024-05-22 11:35:17,399 [om1@group-C5BA1605619E-StateMachineUpdater] INFO  impl.StateMachineUpdater (StateMachineUpdater.java:lambda$new$0(98)) - om1@group-C5BA1605619E-StateMachineUpdater: snapshotIndex: updateIncreasingly -1 -> 0
2024-05-22 11:35:17,399 [om1@group-C5BA1605619E-StateMachineUpdater] INFO  ratis.OzoneManagerStateMachine (OzoneManagerStateMachine.java:close(527)) - Stopping OzoneManagerStateMachine:om1:group-C5BA1605619E.
2024-05-22 11:35:17,399 [om1@group-C5BA1605619E-StateMachineUpdater] INFO  ratis.OzoneManagerDoubleBuffer (OzoneManagerDoubleBuffer.java:stopDaemon(517)) - Stopping OMDoubleBuffer flush thread
2024-05-22 11:35:17,399 [om1-OMDoubleBufferFlushThread] INFO  ratis.OzoneManagerDoubleBuffer (OzoneManagerDoubleBuffer.java:canFlush(581)) - OMDoubleBuffer flush thread om1-OMDoubleBufferFlushThread is interrupted and will exit.
2024-05-22 11:35:17,399 [om1-impl-thread2] INFO  server.RaftServer$Division (ServerState.java:close(427)) - om1@group-C5BA1605619E: applyIndex: 0
2024-05-22 11:35:17,399 [om1@group-C5BA1605619E-cacheEviction-AwaitToRun] INFO  util.AwaitToRun (AwaitToRun.java:run(49)) - om1@group-C5BA1605619E-cacheEviction-AwaitToRun-AwaitForSignal is interrupted
2024-05-22 11:35:17,576 [RatisPipelineUtilsThread-0] ERROR pipeline.PipelinePlacementPolicy (PipelinePlacementPolicy.java:filterViableNodes(143)) - No healthy node found to allocate container.
2024-05-22 11:35:17,716 [om1-impl-thread2] INFO  segmented.SegmentedRaftLogWorker (SegmentedRaftLogWorker.java:close(245)) - om1@group-C5BA1605619E-SegmentedRaftLogWorker close()
2024-05-22 11:35:17,717 [JvmPauseMonitor9] INFO  util.JvmPauseMonitor (JvmPauseMonitor.java:run(152)) - JvmPauseMonitor-om1: Stopped
2024-05-22 11:35:17,717 [main] INFO  utils.BackgroundService (BackgroundService.java:shutdown(160)) - Shutting down service KeyDeletingService
2024-05-22 11:35:17,717 [main] INFO  utils.BackgroundService (BackgroundService.java:shutdown(160)) - Shutting down service DirectoryDeletingService
2024-05-22 11:35:17,717 [main] INFO  utils.BackgroundService (BackgroundService.java:shutdown(160)) - Shutting down service OpenKeyCleanupService
2024-05-22 11:35:17,717 [main] INFO  utils.BackgroundService (BackgroundService.java:shutdown(160)) - Shutting down service SstFilteringService
2024-05-22 11:35:17,717 [main] INFO  utils.BackgroundService (BackgroundService.java:shutdown(160)) - Shutting down service SnapshotDeletingService
2024-05-22 11:35:17,718 [main] INFO  utils.BackgroundService (BackgroundService.java:shutdown(160)) - Shutting down service MultipartUploadCleanupService
2024-05-22 11:35:17,718 [main] INFO  utils.BackgroundService (BackgroundService.java:shutdown(160)) - Shutting down service SnapshotDirectoryCleaningService
2024-05-22 11:35:17,718 [main] INFO  handler.ContextHandler (ContextHandler.java:doStop(1159)) - Stopped o.e.j.w.WebAppContext@30a816b8{ozoneManager,/,null,STOPPED}{file:/home/runner/work/ozone/ozone/hadoop-ozone/integration-test/target/test-classes/webapps/ozoneManager}
2024-05-22 11:35:17,719 [main] INFO  server.AbstractConnector (AbstractConnector.java:doStop(383)) - Stopped ServerConnector@646e17b9{HTTP/1.1, (http/1.1)}{0.0.0.0:15067}
2024-05-22 11:35:17,719 [main] INFO  server.session (HouseKeeper.java:stopScavenging(149)) - node0 Stopped scavenging
2024-05-22 11:35:17,719 [main] INFO  handler.ContextHandler (ContextHandler.java:doStop(1159)) - Stopped o.e.j.s.ServletContextHandler@62b8904c{static,/static,file:///home/runner/work/ozone/ozone/hadoop-ozone/integration-test/target/test-classes/webapps/static,STOPPED}
2024-05-22 11:35:17,719 [main] INFO  handler.ContextHandler (ContextHandler.java:doStop(1159)) - Stopped o.e.j.s.ServletContextHandler@11138809{logs,/logs,file:///home/runner/work/ozone/ozone/hadoop-ozone/integration-test/target/log,STOPPED}
2024-05-22 11:35:17,720 [main] INFO  rocksdiff.RocksDBCheckpointDiffer (RocksDBCheckpointDiffer.java:close(306)) - Shutting down CompactionDagPruningService.
2024-05-22 11:35:17,721 [main] INFO  snapshot.SnapshotDiffManager (SnapshotDiffManager.java:closeExecutorService(1657)) - Shutting down executorService: 'SnapDiffExecutor'
2024-05-22 11:35:17,722 [main] INFO  utils.BackgroundService (BackgroundService.java:shutdown(160)) - Shutting down service SnapshotDiffCleanupService
2024-05-22 11:35:17,724 [main] INFO  ozone.MiniOzoneClusterImpl (MiniOzoneClusterImpl.java:stopDatanodes(471)) - Stopping the HddsDatanodes
2024-05-22 11:35:17,725 [ForkJoinPool.commonPool-worker-3] INFO  ozoneimpl.OzoneContainer (OzoneContainer.java:stop(481)) - Attempting to stop container services.
2024-05-22 11:35:17,725 [ForkJoinPool.commonPool-worker-3] INFO  utils.DatanodeStoreCache (DatanodeStoreCache.java:shutdownCache(116)) - Skip clearing cache in mini cluster mode. Entries left: [/home/runner/work/ozone/ozone/hadoop-ozone/integration-test/target/test-dir/MiniOzoneClusterImpl-20f17314-7331-4214-8d7b-3220b0ea8e97/ozone-meta/datanode-1/data-0/hdds/20f17314-7331-4214-8d7b-3220b0ea8e97/DS-2a2c73ea-7ef1-4cc4-92ab-12b394ff0e81/container.db, /home/runner/work/ozone/ozone/hadoop-ozone/integration-test/target/test-dir/MiniOzoneClusterImpl-20f17314-7331-4214-8d7b-3220b0ea8e97/ozone-meta/datanode-2/data-0/hdds/20f17314-7331-4214-8d7b-3220b0ea8e97/DS-7e179817-5a63-4a45-a16a-817786771e75/container.db, /home/runner/work/ozone/ozone/hadoop-ozone/integration-test/target/test-dir/MiniOzoneClusterImpl-20f17314-7331-4214-8d7b-3220b0ea8e97/ozone-meta/datanode-3/data-0/hdds/20f17314-7331-4214-8d7b-3220b0ea8e97/DS-72ce6fd3-28c4-4843-89ff-c8216d002d63/container.db]
2024-05-22 11:35:17,726 [ForkJoinPool.commonPool-worker-3] INFO  utils.DatanodeStoreCache (DatanodeStoreCache.java:removeDB(110)) - Removed db /home/runner/work/ozone/ozone/hadoop-ozone/integration-test/target/test-dir/MiniOzoneClusterImpl-20f17314-7331-4214-8d7b-3220b0ea8e97/ozone-meta/datanode-1/data-0/hdds/20f17314-7331-4214-8d7b-3220b0ea8e97/DS-2a2c73ea-7ef1-4cc4-92ab-12b394ff0e81/container.db from cache
2024-05-22 11:35:17,726 [ForkJoinPool.commonPool-worker-3] INFO  volume.HddsVolume (HddsVolume.java:closeDbStore(470)) - SchemaV3 db is stopped at /home/runner/work/ozone/ozone/hadoop-ozone/integration-test/target/test-dir/MiniOzoneClusterImpl-20f17314-7331-4214-8d7b-3220b0ea8e97/ozone-meta/datanode-1/data-0/hdds/20f17314-7331-4214-8d7b-3220b0ea8e97/DS-2a2c73ea-7ef1-4cc4-92ab-12b394ff0e81/container.db for volume DS-2a2c73ea-7ef1-4cc4-92ab-12b394ff0e81
2024-05-22 11:35:17,726 [ForkJoinPool.commonPool-worker-3] INFO  utils.BackgroundService (BackgroundService.java:shutdown(160)) - Shutting down service BlockDeletingService
2024-05-22 11:35:17,726 [ForkJoinPool.commonPool-worker-3] INFO  utils.BackgroundService (BackgroundService.java:shutdown(160)) - Shutting down service StaleRecoveringContainerScrubbingService
2024-05-22 11:35:17,726 [ForkJoinPool.commonPool-worker-3] INFO  statemachine.DatanodeStateMachine (DatanodeStateMachine.java:stopDaemon(638)) - Ozone container server stopped.
2024-05-22 11:35:17,726 [main] INFO  ozoneimpl.OzoneContainer (OzoneContainer.java:stop(481)) - Attempting to stop container services.
2024-05-22 11:35:17,727 [ForkJoinPool.commonPool-worker-3] INFO  handler.ContextHandler (ContextHandler.java:doStop(1159)) - Stopped o.e.j.w.WebAppContext@63ad2a0f{hddsDatanode,/,null,STOPPED}{file:/home/runner/work/ozone/ozone/hadoop-hdds/container-service/target/classes/webapps/hddsDatanode}
2024-05-22 11:35:17,727 [main] INFO  utils.DatanodeStoreCache (DatanodeStoreCache.java:shutdownCache(116)) - Skip clearing cache in mini cluster mode. Entries left: [/home/runner/work/ozone/ozone/hadoop-ozone/integration-test/target/test-dir/MiniOzoneClusterImpl-20f17314-7331-4214-8d7b-3220b0ea8e97/ozone-meta/datanode-2/data-0/hdds/20f17314-7331-4214-8d7b-3220b0ea8e97/DS-7e179817-5a63-4a45-a16a-817786771e75/container.db, /home/runner/work/ozone/ozone/hadoop-ozone/integration-test/target/test-dir/MiniOzoneClusterImpl-20f17314-7331-4214-8d7b-3220b0ea8e97/ozone-meta/datanode-3/data-0/hdds/20f17314-7331-4214-8d7b-3220b0ea8e97/DS-72ce6fd3-28c4-4843-89ff-c8216d002d63/container.db]
2024-05-22 11:35:17,727 [ForkJoinPool.commonPool-worker-2] INFO  ozoneimpl.OzoneContainer (OzoneContainer.java:stop(481)) - Attempting to stop container services.
2024-05-22 11:35:17,727 [ForkJoinPool.commonPool-worker-2] INFO  utils.DatanodeStoreCache (DatanodeStoreCache.java:shutdownCache(116)) - Skip clearing cache in mini cluster mode. Entries left: [/home/runner/work/ozone/ozone/hadoop-ozone/integration-test/target/test-dir/MiniOzoneClusterImpl-20f17314-7331-4214-8d7b-3220b0ea8e97/ozone-meta/datanode-3/data-0/hdds/20f17314-7331-4214-8d7b-3220b0ea8e97/DS-72ce6fd3-28c4-4843-89ff-c8216d002d63/container.db]
2024-05-22 11:35:17,727 [main] INFO  utils.DatanodeStoreCache (DatanodeStoreCache.java:removeDB(110)) - Removed db /home/runner/work/ozone/ozone/hadoop-ozone/integration-test/target/test-dir/MiniOzoneClusterImpl-20f17314-7331-4214-8d7b-3220b0ea8e97/ozone-meta/datanode-2/data-0/hdds/20f17314-7331-4214-8d7b-3220b0ea8e97/DS-7e179817-5a63-4a45-a16a-817786771e75/container.db from cache
2024-05-22 11:35:17,727 [ForkJoinPool.commonPool-worker-3] INFO  server.AbstractConnector (AbstractConnector.java:doStop(383)) - Stopped ServerConnector@276d957f{HTTP/1.1, (http/1.1)}{0.0.0.0:15071}
2024-05-22 11:35:17,727 [ForkJoinPool.commonPool-worker-3] INFO  server.session (HouseKeeper.java:stopScavenging(149)) - node0 Stopped scavenging
2024-05-22 11:35:17,727 [ForkJoinPool.commonPool-worker-2] INFO  utils.DatanodeStoreCache (DatanodeStoreCache.java:removeDB(110)) - Removed db /home/runner/work/ozone/ozone/hadoop-ozone/integration-test/target/test-dir/MiniOzoneClusterImpl-20f17314-7331-4214-8d7b-3220b0ea8e97/ozone-meta/datanode-3/data-0/hdds/20f17314-7331-4214-8d7b-3220b0ea8e97/DS-72ce6fd3-28c4-4843-89ff-c8216d002d63/container.db from cache
2024-05-22 11:35:17,728 [ForkJoinPool.commonPool-worker-2] INFO  volume.HddsVolume (HddsVolume.java:closeDbStore(470)) - SchemaV3 db is stopped at /home/runner/work/ozone/ozone/hadoop-ozone/integration-test/target/test-dir/MiniOzoneClusterImpl-20f17314-7331-4214-8d7b-3220b0ea8e97/ozone-meta/datanode-3/data-0/hdds/20f17314-7331-4214-8d7b-3220b0ea8e97/DS-72ce6fd3-28c4-4843-89ff-c8216d002d63/container.db for volume DS-72ce6fd3-28c4-4843-89ff-c8216d002d63
2024-05-22 11:35:17,728 [ForkJoinPool.commonPool-worker-2] INFO  utils.BackgroundService (BackgroundService.java:shutdown(160)) - Shutting down service BlockDeletingService
2024-05-22 11:35:17,728 [ForkJoinPool.commonPool-worker-2] INFO  utils.BackgroundService (BackgroundService.java:shutdown(160)) - Shutting down service StaleRecoveringContainerScrubbingService
2024-05-22 11:35:17,728 [ForkJoinPool.commonPool-worker-2] INFO  statemachine.DatanodeStateMachine (DatanodeStateMachine.java:stopDaemon(638)) - Ozone container server stopped.
2024-05-22 11:35:17,728 [ForkJoinPool.commonPool-worker-2] INFO  handler.ContextHandler (ContextHandler.java:doStop(1159)) - Stopped o.e.j.w.WebAppContext@43af513c{hddsDatanode,/,null,STOPPED}{file:/home/runner/work/ozone/ozone/hadoop-hdds/container-service/target/classes/webapps/hddsDatanode}
2024-05-22 11:35:17,727 [main] INFO  volume.HddsVolume (HddsVolume.java:closeDbStore(470)) - SchemaV3 db is stopped at /home/runner/work/ozone/ozone/hadoop-ozone/integration-test/target/test-dir/MiniOzoneClusterImpl-20f17314-7331-4214-8d7b-3220b0ea8e97/ozone-meta/datanode-2/data-0/hdds/20f17314-7331-4214-8d7b-3220b0ea8e97/DS-7e179817-5a63-4a45-a16a-817786771e75/container.db for volume DS-7e179817-5a63-4a45-a16a-817786771e75
2024-05-22 11:35:17,729 [ForkJoinPool.commonPool-worker-2] INFO  server.AbstractConnector (AbstractConnector.java:doStop(383)) - Stopped ServerConnector@f054e29{HTTP/1.1, (http/1.1)}{0.0.0.0:15089}
2024-05-22 11:35:17,729 [ForkJoinPool.commonPool-worker-2] INFO  server.session (HouseKeeper.java:stopScavenging(149)) - node0 Stopped scavenging
2024-05-22 11:35:17,728 [ForkJoinPool.commonPool-worker-3] INFO  handler.ContextHandler (ContextHandler.java:doStop(1159)) - Stopped o.e.j.s.ServletContextHandler@28220b56{static,/static,file:///home/runner/work/ozone/ozone/hadoop-hdds/container-service/target/classes/webapps/static,STOPPED}
2024-05-22 11:35:17,729 [ForkJoinPool.commonPool-worker-2] INFO  handler.ContextHandler (ContextHandler.java:doStop(1159)) - Stopped o.e.j.s.ServletContextHandler@24ed4582{static,/static,file:///home/runner/work/ozone/ozone/hadoop-hdds/container-service/target/classes/webapps/static,STOPPED}
2024-05-22 11:35:17,729 [ForkJoinPool.commonPool-worker-3] INFO  handler.ContextHandler (ContextHandler.java:doStop(1159)) - Stopped o.e.j.s.ServletContextHandler@1bba5848{logs,/logs,file:///home/runner/work/ozone/ozone/hadoop-ozone/integration-test/target/log,STOPPED}
2024-05-22 11:35:17,729 [ForkJoinPool.commonPool-worker-2] INFO  handler.ContextHandler (ContextHandler.java:doStop(1159)) - Stopped o.e.j.s.ServletContextHandler@45e38356{logs,/logs,file:///home/runner/work/ozone/ozone/hadoop-ozone/integration-test/target/log,STOPPED}
2024-05-22 11:35:17,729 [ForkJoinPool.commonPool-worker-2] INFO  ozone.HddsDatanodeClientProtocolServer (HddsDatanodeClientProtocolServer.java:stop(83)) - Stopping the RPC server for Client Protocol
2024-05-22 11:35:17,730 [ForkJoinPool.commonPool-worker-2] INFO  ipc.Server (Server.java:stop(3523)) - Stopping server on 15090
2024-05-22 11:35:17,729 [ForkJoinPool.commonPool-worker-3] INFO  ozone.HddsDatanodeClientProtocolServer (HddsDatanodeClientProtocolServer.java:stop(83)) - Stopping the RPC server for Client Protocol
2024-05-22 11:35:17,730 [ForkJoinPool.commonPool-worker-3] INFO  ipc.Server (Server.java:stop(3523)) - Stopping server on 15072
2024-05-22 11:35:17,730 [main] INFO  utils.BackgroundService (BackgroundService.java:shutdown(160)) - Shutting down service BlockDeletingService
2024-05-22 11:35:17,730 [IPC Server listener on 15090] INFO  ipc.Server (Server.java:run(1434)) - Stopping IPC Server listener on 15090
2024-05-22 11:35:17,730 [IPC Server Responder] INFO  ipc.Server (Server.java:run(1567)) - Stopping IPC Server Responder
2024-05-22 11:35:17,730 [IPC Server Responder] INFO  ipc.Server (Server.java:run(1567)) - Stopping IPC Server Responder
2024-05-22 11:35:17,730 [IPC Server listener on 15072] INFO  ipc.Server (Server.java:run(1434)) - Stopping IPC Server listener on 15072
2024-05-22 11:35:17,731 [main] INFO  utils.BackgroundService (BackgroundService.java:shutdown(160)) - Shutting down service StaleRecoveringContainerScrubbingService
2024-05-22 11:35:17,732 [main] INFO  statemachine.DatanodeStateMachine (DatanodeStateMachine.java:stopDaemon(638)) - Ozone container server stopped.
2024-05-22 11:35:17,732 [main] INFO  handler.ContextHandler (ContextHandler.java:doStop(1159)) - Stopped o.e.j.w.WebAppContext@c5ed57e{hddsDatanode,/,null,STOPPED}{file:/home/runner/work/ozone/ozone/hadoop-hdds/container-service/target/classes/webapps/hddsDatanode}
2024-05-22 11:35:17,732 [main] INFO  server.AbstractConnector (AbstractConnector.java:doStop(383)) - Stopped ServerConnector@bfa82bd{HTTP/1.1, (http/1.1)}{0.0.0.0:15080}
2024-05-22 11:35:17,733 [main] INFO  server.session (HouseKeeper.java:stopScavenging(149)) - node0 Stopped scavenging
2024-05-22 11:35:17,733 [main] INFO  handler.ContextHandler (ContextHandler.java:doStop(1159)) - Stopped o.e.j.s.ServletContextHandler@302f535b{static,/static,file:///home/runner/work/ozone/ozone/hadoop-hdds/container-service/target/classes/webapps/static,STOPPED}
2024-05-22 11:35:17,733 [main] INFO  handler.ContextHandler (ContextHandler.java:doStop(1159)) - Stopped o.e.j.s.ServletContextHandler@5c72e534{logs,/logs,file:///home/runner/work/ozone/ozone/hadoop-ozone/integration-test/target/log,STOPPED}
2024-05-22 11:35:17,733 [main] INFO  ozone.HddsDatanodeClientProtocolServer (HddsDatanodeClientProtocolServer.java:stop(83)) - Stopping the RPC server for Client Protocol
2024-05-22 11:35:17,734 [main] INFO  ipc.Server (Server.java:stop(3523)) - Stopping server on 15081
2024-05-22 11:35:17,734 [IPC Server listener on 15081] INFO  ipc.Server (Server.java:run(1434)) - Stopping IPC Server listener on 15081
2024-05-22 11:35:17,734 [IPC Server Responder] INFO  ipc.Server (Server.java:run(1567)) - Stopping IPC Server Responder
2024-05-22 11:35:17,735 [main] INFO  ozone.MiniOzoneClusterImpl (MiniOzoneClusterImpl.java:stopSCM(486)) - Stopping the StorageContainerManager
2024-05-22 11:35:17,735 [main] INFO  server.StorageContainerManager (StorageContainerManager.java:stop(1653)) - Container Balancer is not running.
2024-05-22 11:35:17,735 [main] INFO  server.StorageContainerManager (StorageContainerManager.java:stopReplicationManager(1786)) - Stopping Replication Manager Service.
2024-05-22 11:35:17,735 [main] INFO  replication.ReplicationManager (ReplicationManager.java:stop(329)) - Stopping Replication Monitor Thread.
2024-05-22 11:35:17,735 [main] INFO  server.StorageContainerManager (StorageContainerManager.java:stop(1662)) - Stopping the Datanode Admin Monitor.
2024-05-22 11:35:17,735 [OverReplicatedProcessor] WARN  replication.UnhealthyReplicationProcessor (UnhealthyReplicationProcessor.java:run(180)) - OverReplicatedProcessor interrupted. Exiting...
2024-05-22 11:35:17,735 [ReplicationMonitor] INFO  replication.ReplicationManager (ReplicationManager.java:run(938)) - Replication Monitor Thread is stopped
2024-05-22 11:35:17,735 [UnderReplicatedProcessor] WARN  replication.UnhealthyReplicationProcessor (UnhealthyReplicationProcessor.java:run(180)) - UnderReplicatedProcessor interrupted. Exiting...
2024-05-22 11:35:17,735 [main] INFO  server.StorageContainerManager (StorageContainerManager.java:stop(1669)) - Stopping datanode service RPC server
2024-05-22 11:35:17,735 [main] INFO  server.SCMDatanodeProtocolServer (SCMDatanodeProtocolServer.java:stop(425)) - Stopping the RPC server for DataNodes
2024-05-22 11:35:17,736 [main] INFO  ipc.Server (Server.java:stop(3523)) - Stopping server on 15064
2024-05-22 11:35:17,738 [IPC Server listener on 15064] INFO  ipc.Server (Server.java:run(1434)) - Stopping IPC Server listener on 15064
2024-05-22 11:35:17,738 [IPC Server Responder] INFO  ipc.Server (Server.java:run(1567)) - Stopping IPC Server Responder
2024-05-22 11:35:17,858 [SCMHeartbeatProcessor-0] WARN  node.NodeStateManager (NodeStateManager.java:scheduleNextHealthCheck(878)) - Current Thread is interrupted, shutting down HB processing thread for Node Manager.
2024-05-22 11:35:17,858 [main] INFO  server.StorageContainerManager (StorageContainerManager.java:stop(1677)) - Stopping block service RPC server
2024-05-22 11:35:17,858 [main] INFO  server.SCMBlockProtocolServer (SCMBlockProtocolServer.java:stop(171)) - Stopping the RPC server for Block Protocol
2024-05-22 11:35:17,858 [main] INFO  ipc.Server (Server.java:stop(3523)) - Stopping server on 15063
2024-05-22 11:35:17,859 [IPC Server Responder] INFO  ipc.Server (Server.java:run(1567)) - Stopping IPC Server Responder
2024-05-22 11:35:17,859 [IPC Server listener on 15063] INFO  ipc.Server (Server.java:run(1434)) - Stopping IPC Server listener on 15063
2024-05-22 11:35:17,859 [main] INFO  server.StorageContainerManager (StorageContainerManager.java:stop(1684)) - Stopping the StorageContainerLocationProtocol RPC server
2024-05-22 11:35:17,860 [main] INFO  server.SCMClientProtocolServer (SCMClientProtocolServer.java:stop(213)) - Stopping the RPC server for Client Protocol
2024-05-22 11:35:17,860 [main] INFO  ipc.Server (Server.java:stop(3523)) - Stopping server on 15062
2024-05-22 11:35:17,860 [IPC Server listener on 15062] INFO  ipc.Server (Server.java:run(1434)) - Stopping IPC Server listener on 15062
2024-05-22 11:35:17,860 [IPC Server Responder] INFO  ipc.Server (Server.java:run(1567)) - Stopping IPC Server Responder
2024-05-22 11:35:17,861 [main] INFO  server.StorageContainerManager (StorageContainerManager.java:stop(1691)) - Stopping Storage Container Manager HTTP server.
2024-05-22 11:35:17,861 [main] INFO  handler.ContextHandler (ContextHandler.java:doStop(1159)) - Stopped o.e.j.w.WebAppContext@347d6885{scm,/,null,STOPPED}{file:/home/runner/work/ozone/ozone/hadoop-ozone/integration-test/target/test-classes/webapps/scm}
2024-05-22 11:35:17,862 [main] INFO  server.AbstractConnector (AbstractConnector.java:doStop(383)) - Stopped ServerConnector@2e0d0819{HTTP/1.1, (http/1.1)}{0.0.0.0:15065}
2024-05-22 11:35:17,862 [main] INFO  server.session (HouseKeeper.java:stopScavenging(149)) - node0 Stopped scavenging
2024-05-22 11:35:17,862 [main] INFO  handler.ContextHandler (ContextHandler.java:doStop(1159)) - Stopped o.e.j.s.ServletContextHandler@6642ea55{static,/static,file:///home/runner/work/ozone/ozone/hadoop-ozone/integration-test/target/test-classes/webapps/static,STOPPED}
2024-05-22 11:35:17,862 [main] INFO  handler.ContextHandler (ContextHandler.java:doStop(1159)) - Stopped o.e.j.s.ServletContextHandler@1c5fc{logs,/logs,file:///home/runner/work/ozone/ozone/hadoop-ozone/integration-test/target/log,STOPPED}
2024-05-22 11:35:17,863 [main] INFO  server.StorageContainerManager (StorageContainerManager.java:stop(1699)) - Stopping SCM LayoutVersionManager Service.
2024-05-22 11:35:17,863 [main] INFO  server.StorageContainerManager (StorageContainerManager.java:stop(1711)) - Stopping Block Manager Service.
2024-05-22 11:35:17,863 [main] INFO  utils.BackgroundService (BackgroundService.java:shutdown(160)) - Shutting down service SCMBlockDeletingService
2024-05-22 11:35:17,866 [main] INFO  utils.BackgroundService (BackgroundService.java:shutdown(160)) - Shutting down service SCMBlockDeletingService
2024-05-22 11:35:17,866 [main] INFO  server.StorageContainerManager (StorageContainerManager.java:stop(1731)) - Stopping SCM Event Queue.
2024-05-22 11:35:17,867 [JvmPauseMonitor8] INFO  util.JvmPauseMonitor (JvmPauseMonitor.java:run(152)) - JvmPauseMonitor-c3876f42-2310-4e9f-9561-31994fd6f1c8: Stopped
2024-05-22 11:35:17,867 [main] INFO  server.StorageContainerManager (StorageContainerManager.java:stop(1742)) - Stopping SCM HA services.
2024-05-22 11:35:17,867 [main] INFO  pipeline.BackgroundPipelineCreator (BackgroundPipelineCreator.java:stop(152)) - Stopping RatisPipelineUtilsThread.
2024-05-22 11:35:17,868 [RatisPipelineUtilsThread-0] WARN  pipeline.BackgroundPipelineCreator (BackgroundPipelineCreator.java:run(183)) - RatisPipelineUtilsThread is interrupted.
2024-05-22 11:35:17,868 [main] INFO  BackgroundPipelineScrubber (BackgroundSCMService.java:stop(128)) - Stopping BackgroundPipelineScrubber Service.
2024-05-22 11:35:17,868 [BackgroundPipelineScrubber] WARN  BackgroundPipelineScrubber (BackgroundSCMService.java:run(112)) - BackgroundPipelineScrubber is interrupted, exit
2024-05-22 11:35:17,869 [main] INFO  impl.MetricsSystemImpl (MetricsSystemImpl.java:stop(210)) - Stopping HddsDatanode metrics system...
2024-05-22 11:35:17,870 [prometheus] INFO  impl.MetricsSinkAdapter (MetricsSinkAdapter.java:publishMetricsFromQueue(141)) - prometheus thread interrupted.
2024-05-22 11:35:17,870 [main] INFO  impl.MetricsSystemImpl (MetricsSystemImpl.java:stop(216)) - HddsDatanode metrics system stopped.
2024-05-22 11:35:17,871 [main] WARN  pipeline.BackgroundPipelineCreator (BackgroundPipelineCreator.java:stop(148)) - RatisPipelineUtilsThread is not running, just ignore.
2024-05-22 11:35:17,871 [main] INFO  BackgroundPipelineScrubber (BackgroundSCMService.java:stop(123)) - BackgroundPipelineScrubber Service is not running, skip stop.
2024-05-22 11:35:17,871 [main] INFO  ExpiredContainerReplicaOpScrubber (BackgroundSCMService.java:stop(128)) - Stopping ExpiredContainerReplicaOpScrubber Service.
2024-05-22 11:35:17,871 [main] INFO  utils.BackgroundService (BackgroundService.java:shutdown(160)) - Shutting down service SCMBlockDeletingService
2024-05-22 11:35:17,871 [ExpiredContainerReplicaOpScrubber] WARN  ExpiredContainerReplicaOpScrubber (BackgroundSCMService.java:run(112)) - ExpiredContainerReplicaOpScrubber is interrupted, exit
2024-05-22 11:35:17,871 [main] INFO  replication.ReplicationManager (ReplicationManager.java:stop(339)) - Replication Monitor Thread is not running.
2024-05-22 11:35:17,872 [main] WARN  balancer.ContainerBalancer (ContainerBalancer.java:stop(327)) - Cannot stop Container Balancer because it's not running or stopping
2024-05-22 11:35:17,872 [main] INFO  server.StorageContainerManager (StorageContainerManager.java:stop(1777)) - Stopping SCM MetadataStore.
2024-05-22 11:35:17,872 [LeaseManager#LeaseMonitor] WARN  lease.LeaseManager (LeaseManager.java:run(287)) - Lease manager is interrupted. Shutting down...
java.lang.InterruptedException
	at java.base/java.util.concurrent.locks.AbstractQueuedSynchronizer.tryAcquireSharedNanos(AbstractQueuedSynchronizer.java:1081)
	at java.base/java.util.concurrent.Semaphore.tryAcquire(Semaphore.java:415)
	at org.apache.hadoop.ozone.lease.LeaseManager$LeaseMonitor.run(LeaseManager.java:285)
	at java.base/java.lang.Thread.run(Thread.java:840)
]]></system-out>
  </testcase>
  <testcase name="testAutomaticPipelineCreationDisablingFactorONE" classname="org.apache.hadoop.hdds.scm.pipeline.TestRatisPipelineCreateAndDestroy" time="24.16"/>
</testsuite>