<?xml version="1.0" encoding="UTF-8"?>
<testsuite xmlns:xsi="http://www.w3.org/2001/XMLSchema-instance" xsi:noNamespaceSchemaLocation="https://maven.apache.org/surefire/maven-surefire-plugin/xsd/surefire-test-report.xsd" name="org.apache.hadoop.ozone.om.TestOzoneManagerHAWithData" time="299.729" tests="12" errors="0" skipped="1" failures="1">
  <properties>
    <property name="awt.toolkit" value="sun.awt.X11.XToolkit"/>
    <property name="file.encoding.pkg" value="sun.io"/>
    <property name="java.specification.version" value="1.8"/>
    <property name="sun.cpu.isalist" value=""/>
    <property name="sun.jnu.encoding" value="ANSI_X3.4-1968"/>
    <property name="java.class.path" value="/github/workspace/mnt/ozone/hadoop-ozone/integration-test/target/test-classes:/github/workspace/mnt/ozone/hadoop-ozone/integration-test/target/classes:/home/user/.m2/repository/org/apache/hadoop/hadoop-ozone-common/0.6.0-SNAPSHOT/hadoop-ozone-common-0.6.0-SNAPSHOT.jar:/home/user/.m2/repository/org/apache/commons/commons-compress/1.4.1/commons-compress-1.4.1.jar:/home/user/.m2/repository/org/tukaani/xz/1.0/xz-1.0.jar:/home/user/.m2/repository/org/apache/hadoop/hadoop-hdds-common/0.6.0-SNAPSHOT/hadoop-hdds-common-0.6.0-SNAPSHOT.jar:/home/user/.m2/repository/org/apache/hadoop/hadoop-hdds-hadoop-dependency-client/0.6.0-SNAPSHOT/hadoop-hdds-hadoop-dependency-client-0.6.0-SNAPSHOT.jar:/home/user/.m2/repository/info/picocli/picocli/3.9.6/picocli-3.9.6.jar:/home/user/.m2/repository/com/fasterxml/jackson/core/jackson-annotations/2.10.3/jackson-annotations-2.10.3.jar:/home/user/.m2/repository/javax/annotation/javax.annotation-api/1.2/javax.annotation-api-1.2.jar:/home/user/.m2/repository/org/apache/ratis/ratis-server/0.6.0-6ab75ae-SNAPSHOT/ratis-server-0.6.0-6ab75ae-SNAPSHOT.jar:/home/user/.m2/repository/org/apache/ratis/ratis-client/0.6.0-6ab75ae-SNAPSHOT/ratis-client-0.6.0-6ab75ae-SNAPSHOT.jar:/home/user/.m2/repository/org/apache/ratis/ratis-metrics/0.6.0-6ab75ae-SNAPSHOT/ratis-metrics-0.6.0-6ab75ae-SNAPSHOT.jar:/home/user/.m2/repository/org/apache/ratis/ratis-netty/0.6.0-6ab75ae-SNAPSHOT/ratis-netty-0.6.0-6ab75ae-SNAPSHOT.jar:/home/user/.m2/repository/org/apache/ratis/ratis-grpc/0.6.0-6ab75ae-SNAPSHOT/ratis-grpc-0.6.0-6ab75ae-SNAPSHOT.jar:/home/user/.m2/repository/org/apache/logging/log4j/log4j-api/2.11.0/log4j-api-2.11.0.jar:/home/user/.m2/repository/org/apache/logging/log4j/log4j-core/2.11.0/log4j-core-2.11.0.jar:/home/user/.m2/repository/com/lmax/disruptor/3.4.2/disruptor-3.4.2.jar:/home/user/.m2/repository/org/apache/commons/commons-pool2/2.6.0/commons-pool2-2.6.0.jar:/home/user/.m2/repository/org/bouncycastle/bcpkix-jdk15on/1.60/bcpkix-jdk15on-1.60.jar:/home/user/.m2/repository/commons-validator/commons-validator/1.6/commons-validator-1.6.jar:/home/user/.m2/repository/commons-digester/commons-digester/1.8.1/commons-digester-1.8.1.jar:/home/user/.m2/repository/io/jaegertracing/jaeger-client/1.2.0/jaeger-client-1.2.0.jar:/home/user/.m2/repository/io/jaegertracing/jaeger-thrift/1.2.0/jaeger-thrift-1.2.0.jar:/home/user/.m2/repository/org/apache/thrift/libthrift/0.13.0/libthrift-0.13.0.jar:/home/user/.m2/repository/com/squareup/okhttp3/okhttp/4.2.2/okhttp-4.2.2.jar:/home/user/.m2/repository/com/squareup/okio/okio/2.2.2/okio-2.2.2.jar:/home/user/.m2/repository/org/jetbrains/kotlin/kotlin-stdlib/1.3.50/kotlin-stdlib-1.3.50.jar:/home/user/.m2/repository/org/jetbrains/kotlin/kotlin-stdlib-common/1.3.50/kotlin-stdlib-common-1.3.50.jar:/home/user/.m2/repository/org/jetbrains/annotations/13.0/annotations-13.0.jar:/home/user/.m2/repository/io/jaegertracing/jaeger-core/1.2.0/jaeger-core-1.2.0.jar:/home/user/.m2/repository/io/jaegertracing/jaeger-tracerresolver/1.2.0/jaeger-tracerresolver-1.2.0.jar:/home/user/.m2/repository/io/opentracing/contrib/opentracing-tracerresolver/0.1.8/opentracing-tracerresolver-0.1.8.jar:/home/user/.m2/repository/io/opentracing/opentracing-util/0.33.0/opentracing-util-0.33.0.jar:/home/user/.m2/repository/io/opentracing/opentracing-api/0.33.0/opentracing-api-0.33.0.jar:/home/user/.m2/repository/io/opentracing/opentracing-noop/0.33.0/opentracing-noop-0.33.0.jar:/home/user/.m2/repository/org/apache/hadoop/hadoop-hdds-client/0.6.0-SNAPSHOT/hadoop-hdds-client-0.6.0-SNAPSHOT.jar:/home/user/.m2/repository/org/apache/hadoop/hadoop-ozone-interface-client/0.6.0-SNAPSHOT/hadoop-ozone-interface-client-0.6.0-SNAPSHOT.jar:/home/user/.m2/repository/org/apache/hadoop/hadoop-hdds-test-utils/0.6.0-SNAPSHOT/hadoop-hdds-test-utils-0.6.0-SNAPSHOT.jar:/home/user/.m2/repository/com/google/guava/guava/28.2-jre/guava-28.2-jre.jar:/home/user/.m2/repository/com/google/guava/failureaccess/1.0.1/failureaccess-1.0.1.jar:/home/user/.m2/repository/com/google/guava/listenablefuture/9999.0-empty-to-avoid-conflict-with-guava/listenablefuture-9999.0-empty-to-avoid-conflict-with-guava.jar:/home/user/.m2/repository/com/google/code/findbugs/jsr305/3.0.0/jsr305-3.0.0.jar:/home/user/.m2/repository/org/checkerframework/checker-qual/2.10.0/checker-qual-2.10.0.jar:/home/user/.m2/repository/com/google/errorprone/error_prone_annotations/2.2.0/error_prone_annotations-2.2.0.jar:/home/user/.m2/repository/com/google/j2objc/j2objc-annotations/1.3/j2objc-annotations-1.3.jar:/home/user/.m2/repository/commons-io/commons-io/2.5/commons-io-2.5.jar:/home/user/.m2/repository/commons-logging/commons-logging/1.2/commons-logging-1.2.jar:/home/user/.m2/repository/log4j/log4j/1.2.17/log4j-1.2.17.jar:/home/user/.m2/repository/org/slf4j/slf4j-api/1.7.25/slf4j-api-1.7.25.jar:/home/user/.m2/repository/org/apache/hadoop/hadoop-hdds-server-scm/0.6.0-SNAPSHOT/hadoop-hdds-server-scm-0.6.0-SNAPSHOT.jar:/home/user/.m2/repository/org/apache/hadoop/hadoop-hdds-container-service/0.6.0-SNAPSHOT/hadoop-hdds-container-service-0.6.0-SNAPSHOT.jar:/home/user/.m2/repository/org/apache/hadoop/hadoop-hdds-hadoop-dependency-server/0.6.0-SNAPSHOT/hadoop-hdds-hadoop-dependency-server-0.6.0-SNAPSHOT.jar:/home/user/.m2/repository/org/apache/hadoop/hadoop-hdds-server-framework/0.6.0-SNAPSHOT/hadoop-hdds-server-framework-0.6.0-SNAPSHOT.jar:/home/user/.m2/repository/org/apache/hadoop/hadoop-hdds-interface-server/0.6.0-SNAPSHOT/hadoop-hdds-interface-server-0.6.0-SNAPSHOT.jar:/home/user/.m2/repository/org/apache/hadoop/hadoop-hdds-interface-admin/0.6.0-SNAPSHOT/hadoop-hdds-interface-admin-0.6.0-SNAPSHOT.jar:/home/user/.m2/repository/org/rocksdb/rocksdbjni/6.8.1/rocksdbjni-6.8.1.jar:/home/user/.m2/repository/io/prometheus/simpleclient_dropwizard/0.7.0/simpleclient_dropwizard-0.7.0.jar:/home/user/.m2/repository/io/prometheus/simpleclient/0.7.0/simpleclient-0.7.0.jar:/home/user/.m2/repository/io/prometheus/simpleclient_common/0.7.0/simpleclient_common-0.7.0.jar:/home/user/.m2/repository/com/fasterxml/jackson/datatype/jackson-datatype-jsr310/2.10.3/jackson-datatype-jsr310-2.10.3.jar:/home/user/.m2/repository/org/apache/hadoop/hadoop-hdds-docs/0.6.0-SNAPSHOT/hadoop-hdds-docs-0.6.0-SNAPSHOT.jar:/home/user/.m2/repository/io/dropwizard/metrics/metrics-core/3.2.4/metrics-core-3.2.4.jar:/home/user/.m2/repository/org/apache/hadoop/hadoop-hdfs-client/3.2.1/hadoop-hdfs-client-3.2.1.jar:/home/user/.m2/repository/org/bouncycastle/bcprov-jdk15on/1.60/bcprov-jdk15on-1.60.jar:/home/user/.m2/repository/org/apache/hadoop/hadoop-ozone-ozone-manager/0.6.0-SNAPSHOT/hadoop-ozone-ozone-manager-0.6.0-SNAPSHOT.jar:/home/user/.m2/repository/org/apache/hadoop/hadoop-hdds-interface-client/0.6.0-SNAPSHOT/hadoop-hdds-interface-client-0.6.0-SNAPSHOT.jar:/home/user/.m2/repository/org/apache/ratis/ratis-thirdparty-misc/0.4.0/ratis-thirdparty-misc-0.4.0.jar:/home/user/.m2/repository/org/apache/hadoop/hadoop-minikdc/3.2.1/hadoop-minikdc-3.2.1.jar:/home/user/.m2/repository/org/apache/kerby/kerb-simplekdc/1.0.1/kerb-simplekdc-1.0.1.jar:/home/user/.m2/repository/org/apache/kerby/kerb-client/1.0.1/kerb-client-1.0.1.jar:/home/user/.m2/repository/org/apache/kerby/kerby-config/1.0.1/kerby-config-1.0.1.jar:/home/user/.m2/repository/org/apache/kerby/kerb-core/1.0.1/kerb-core-1.0.1.jar:/home/user/.m2/repository/org/apache/kerby/kerby-pkix/1.0.1/kerby-pkix-1.0.1.jar:/home/user/.m2/repository/org/apache/kerby/kerby-asn1/1.0.1/kerby-asn1-1.0.1.jar:/home/user/.m2/repository/org/apache/kerby/kerby-util/1.0.1/kerby-util-1.0.1.jar:/home/user/.m2/repository/org/apache/kerby/kerb-common/1.0.1/kerb-common-1.0.1.jar:/home/user/.m2/repository/org/apache/kerby/kerb-crypto/1.0.1/kerb-crypto-1.0.1.jar:/home/user/.m2/repository/org/apache/kerby/kerb-util/1.0.1/kerb-util-1.0.1.jar:/home/user/.m2/repository/org/apache/kerby/token-provider/1.0.1/token-provider-1.0.1.jar:/home/user/.m2/repository/org/apache/kerby/kerb-admin/1.0.1/kerb-admin-1.0.1.jar:/home/user/.m2/repository/org/apache/kerby/kerb-server/1.0.1/kerb-server-1.0.1.jar:/home/user/.m2/repository/org/apache/kerby/kerb-identity/1.0.1/kerb-identity-1.0.1.jar:/home/user/.m2/repository/org/apache/kerby/kerby-xdr/1.0.1/kerby-xdr-1.0.1.jar:/home/user/.m2/repository/org/slf4j/slf4j-log4j12/1.7.25/slf4j-log4j12-1.7.25.jar:/home/user/.m2/repository/org/apache/hadoop/hadoop-ozone-s3gateway/0.6.0-SNAPSHOT/hadoop-ozone-s3gateway-0.6.0-SNAPSHOT.jar:/home/user/.m2/repository/org/jboss/weld/servlet/weld-servlet/2.4.7.Final/weld-servlet-2.4.7.Final.jar:/home/user/.m2/repository/org/glassfish/jersey/containers/jersey-container-servlet-core/2.27/jersey-container-servlet-core-2.27.jar:/home/user/.m2/repository/org/glassfish/hk2/external/javax.inject/2.5.0-b42/javax.inject-2.5.0-b42.jar:/home/user/.m2/repository/org/glassfish/jersey/core/jersey-common/2.27/jersey-common-2.27.jar:/home/user/.m2/repository/org/glassfish/hk2/osgi-resource-locator/1.0.1/osgi-resource-locator-1.0.1.jar:/home/user/.m2/repository/javax/ws/rs/javax.ws.rs-api/2.1/javax.ws.rs-api-2.1.jar:/home/user/.m2/repository/org/glassfish/jersey/ext/cdi/jersey-cdi1x/2.27/jersey-cdi1x-2.27.jar:/home/user/.m2/repository/org/glassfish/jersey/inject/jersey-hk2/2.27/jersey-hk2-2.27.jar:/home/user/.m2/repository/org/glassfish/hk2/hk2-locator/2.5.0-b42/hk2-locator-2.5.0-b42.jar:/home/user/.m2/repository/org/javassist/javassist/3.22.0-CR2/javassist-3.22.0-CR2.jar:/home/user/.m2/repository/org/glassfish/hk2/hk2-api/2.5.0/hk2-api-2.5.0.jar:/home/user/.m2/repository/org/glassfish/hk2/external/jakarta.inject/2.5.0/jakarta.inject-2.5.0.jar:/home/user/.m2/repository/org/glassfish/hk2/hk2-utils/2.5.0/hk2-utils-2.5.0.jar:/home/user/.m2/repository/jakarta/annotation/jakarta.annotation-api/1.3.4/jakarta.annotation-api-1.3.4.jar:/home/user/.m2/repository/org/glassfish/hk2/external/aopalliance-repackaged/2.5.0/aopalliance-repackaged-2.5.0.jar:/home/user/.m2/repository/com/fasterxml/jackson/dataformat/jackson-dataformat-xml/2.10.3/jackson-dataformat-xml-2.10.3.jar:/home/user/.m2/repository/com/fasterxml/jackson/core/jackson-core/2.10.3/jackson-core-2.10.3.jar:/home/user/.m2/repository/com/fasterxml/jackson/module/jackson-module-jaxb-annotations/2.10.3/jackson-module-jaxb-annotations-2.10.3.jar:/home/user/.m2/repository/jakarta/xml/bind/jakarta.xml.bind-api/2.3.2/jakarta.xml.bind-api-2.3.2.jar:/home/user/.m2/repository/jakarta/activation/jakarta.activation-api/1.2.1/jakarta.activation-api-1.2.1.jar:/home/user/.m2/repository/org/codehaus/woodstox/stax2-api/3.1.4/stax2-api-3.1.4.jar:/home/user/.m2/repository/com/fasterxml/woodstox/woodstox-core/5.0.3/woodstox-core-5.0.3.jar:/home/user/.m2/repository/javax/enterprise/cdi-api/1.2/cdi-api-1.2.jar:/home/user/.m2/repository/javax/el/javax.el-api/3.0.0/javax.el-api-3.0.0.jar:/home/user/.m2/repository/javax/interceptor/javax.interceptor-api/1.2/javax.interceptor-api-1.2.jar:/home/user/.m2/repository/javax/inject/javax.inject/1/javax.inject-1.jar:/home/user/.m2/repository/com/sun/xml/bind/jaxb-impl/2.3.0.1/jaxb-impl-2.3.0.1.jar:/home/user/.m2/repository/com/sun/xml/bind/jaxb-core/2.3.0.1/jaxb-core-2.3.0.1.jar:/home/user/.m2/repository/javax/xml/bind/jaxb-api/2.3.0/jaxb-api-2.3.0.jar:/home/user/.m2/repository/javax/activation/activation/1.1.1/activation-1.1.1.jar:/home/user/.m2/repository/org/apache/hadoop/hadoop-ozone-csi/0.6.0-SNAPSHOT/hadoop-ozone-csi-0.6.0-SNAPSHOT.jar:/home/user/.m2/repository/com/google/protobuf/protobuf-java-util/3.11.0/protobuf-java-util-3.11.0.jar:/home/user/.m2/repository/com/google/code/gson/gson/2.2.4/gson-2.2.4.jar:/home/user/.m2/repository/org/apache/hadoop/hadoop-hdds-config/0.6.0-SNAPSHOT/hadoop-hdds-config-0.6.0-SNAPSHOT.jar:/home/user/.m2/repository/com/google/protobuf/protobuf-java/2.5.0/protobuf-java-2.5.0.jar:/home/user/.m2/repository/io/grpc/grpc-netty/1.29.0/grpc-netty-1.29.0.jar:/home/user/.m2/repository/io/grpc/grpc-core/1.29.0/grpc-core-1.29.0.jar:/home/user/.m2/repository/com/google/android/annotations/4.1.1.4/annotations-4.1.1.4.jar:/home/user/.m2/repository/io/perfmark/perfmark-api/0.19.0/perfmark-api-0.19.0.jar:/home/user/.m2/repository/io/netty/netty-codec-http2/4.1.48.Final/netty-codec-http2-4.1.48.Final.jar:/home/user/.m2/repository/io/netty/netty-codec/4.1.48.Final/netty-codec-4.1.48.Final.jar:/home/user/.m2/repository/io/netty/netty-handler/4.1.48.Final/netty-handler-4.1.48.Final.jar:/home/user/.m2/repository/io/netty/netty-codec-http/4.1.48.Final/netty-codec-http-4.1.48.Final.jar:/home/user/.m2/repository/io/netty/netty-handler-proxy/4.1.48.Final/netty-handler-proxy-4.1.48.Final.jar:/home/user/.m2/repository/io/netty/netty-codec-socks/4.1.48.Final/netty-codec-socks-4.1.48.Final.jar:/home/user/.m2/repository/io/netty/netty-transport-native-epoll/4.1.48.Final/netty-transport-native-epoll-4.1.48.Final.jar:/home/user/.m2/repository/io/netty/netty-common/4.1.48.Final/netty-common-4.1.48.Final.jar:/home/user/.m2/repository/io/netty/netty-buffer/4.1.48.Final/netty-buffer-4.1.48.Final.jar:/home/user/.m2/repository/io/netty/netty-transport/4.1.48.Final/netty-transport-4.1.48.Final.jar:/home/user/.m2/repository/io/netty/netty-resolver/4.1.48.Final/netty-resolver-4.1.48.Final.jar:/home/user/.m2/repository/io/netty/netty-transport-native-unix-common/4.1.48.Final/netty-transport-native-unix-common-4.1.48.Final.jar:/home/user/.m2/repository/io/grpc/grpc-protobuf/1.29.0/grpc-protobuf-1.29.0.jar:/home/user/.m2/repository/io/grpc/grpc-api/1.29.0/grpc-api-1.29.0.jar:/home/user/.m2/repository/io/grpc/grpc-context/1.29.0/grpc-context-1.29.0.jar:/home/user/.m2/repository/org/codehaus/mojo/animal-sniffer-annotations/1.18/animal-sniffer-annotations-1.18.jar:/home/user/.m2/repository/com/google/api/grpc/proto-google-common-protos/1.17.0/proto-google-common-protos-1.17.0.jar:/home/user/.m2/repository/io/grpc/grpc-protobuf-lite/1.29.0/grpc-protobuf-lite-1.29.0.jar:/home/user/.m2/repository/io/grpc/grpc-stub/1.29.0/grpc-stub-1.29.0.jar:/home/user/.m2/repository/org/apache/hadoop/hadoop-ozone-recon/0.6.0-SNAPSHOT/hadoop-ozone-recon-0.6.0-SNAPSHOT.jar:/home/user/.m2/repository/org/apache/hadoop/hadoop-ozone-reconcodegen/0.6.0-SNAPSHOT/hadoop-ozone-reconcodegen-0.6.0-SNAPSHOT.jar:/home/user/.m2/repository/com/google/inject/extensions/guice-multibindings/4.0/guice-multibindings-4.0.jar:/home/user/.m2/repository/com/google/inject/guice/4.0/guice-4.0.jar:/home/user/.m2/repository/aopalliance/aopalliance/1.0/aopalliance-1.0.jar:/home/user/.m2/repository/com/google/inject/extensions/guice-assistedinject/4.0/guice-assistedinject-4.0.jar:/home/user/.m2/repository/com/google/inject/extensions/guice-servlet/4.0/guice-servlet-4.0.jar:/home/user/.m2/repository/org/glassfish/jersey/containers/jersey-container-servlet/2.27/jersey-container-servlet-2.27.jar:/home/user/.m2/repository/org/glassfish/hk2/guice-bridge/2.5.0/guice-bridge-2.5.0.jar:/home/user/.m2/repository/org/glassfish/jersey/core/jersey-server/2.27/jersey-server-2.27.jar:/home/user/.m2/repository/org/glassfish/jersey/core/jersey-client/2.27/jersey-client-2.27.jar:/home/user/.m2/repository/org/glassfish/jersey/media/jersey-media-jaxb/2.27/jersey-media-jaxb-2.27.jar:/home/user/.m2/repository/javax/validation/validation-api/1.1.0.Final/validation-api-1.1.0.Final.jar:/home/user/.m2/repository/org/glassfish/jersey/media/jersey-media-json-jackson/2.27/jersey-media-json-jackson-2.27.jar:/home/user/.m2/repository/org/glassfish/jersey/ext/jersey-entity-filtering/2.27/jersey-entity-filtering-2.27.jar:/home/user/.m2/repository/org/jooq/jooq/3.11.10/jooq-3.11.10.jar:/home/user/.m2/repository/org/jooq/jooq-meta/3.11.10/jooq-meta-3.11.10.jar:/home/user/.m2/repository/org/jooq/jooq-codegen/3.11.10/jooq-codegen-3.11.10.jar:/home/user/.m2/repository/com/jolbox/bonecp/0.8.0.RELEASE/bonecp-0.8.0.RELEASE.jar:/home/user/.m2/repository/org/apache/derby/derby/10.14.2.0/derby-10.14.2.0.jar:/home/user/.m2/repository/org/xerial/sqlite-jdbc/3.25.2/sqlite-jdbc-3.25.2.jar:/home/user/.m2/repository/org/springframework/spring-jdbc/5.2.5.RELEASE/spring-jdbc-5.2.5.RELEASE.jar:/home/user/.m2/repository/org/springframework/spring-beans/5.2.5.RELEASE/spring-beans-5.2.5.RELEASE.jar:/home/user/.m2/repository/org/springframework/spring-core/5.2.5.RELEASE/spring-core-5.2.5.RELEASE.jar:/home/user/.m2/repository/org/springframework/spring-jcl/5.2.5.RELEASE/spring-jcl-5.2.5.RELEASE.jar:/home/user/.m2/repository/org/springframework/spring-tx/5.2.5.RELEASE/spring-tx-5.2.5.RELEASE.jar:/home/user/.m2/repository/org/apache/hadoop/hadoop-ozone-client/0.6.0-SNAPSHOT/hadoop-ozone-client-0.6.0-SNAPSHOT.jar:/home/user/.m2/repository/org/apache/hadoop/hadoop-ozone-filesystem/0.6.0-SNAPSHOT/hadoop-ozone-filesystem-0.6.0-SNAPSHOT.jar:/home/user/.m2/repository/org/apache/hadoop/hadoop-ozone-filesystem-common/0.6.0-SNAPSHOT/hadoop-ozone-filesystem-common-0.6.0-SNAPSHOT.jar:/home/user/.m2/repository/org/apache/hadoop/hadoop-ozone-tools/0.6.0-SNAPSHOT/hadoop-ozone-tools-0.6.0-SNAPSHOT.jar:/home/user/.m2/repository/org/apache/hadoop/hadoop-hdfs/3.2.1/hadoop-hdfs-3.2.1.jar:/home/user/.m2/repository/org/apache/ratis/ratis-tools/0.6.0-6ab75ae-SNAPSHOT/ratis-tools-0.6.0-6ab75ae-SNAPSHOT.jar:/home/user/.m2/repository/org/apache/ratis/ratis-proto/0.6.0-6ab75ae-SNAPSHOT/ratis-proto-0.6.0-6ab75ae-SNAPSHOT.jar:/home/user/.m2/repository/org/apache/ratis/ratis-common/0.6.0-6ab75ae-SNAPSHOT/ratis-common-0.6.0-6ab75ae-SNAPSHOT.jar:/home/user/.m2/repository/com/amazonaws/aws-java-sdk-core/1.11.615/aws-java-sdk-core-1.11.615.jar:/home/user/.m2/repository/org/apache/httpcomponents/httpclient/4.5.2/httpclient-4.5.2.jar:/home/user/.m2/repository/org/apache/httpcomponents/httpcore/4.4.4/httpcore-4.4.4.jar:/home/user/.m2/repository/software/amazon/ion/ion-java/1.0.2/ion-java-1.0.2.jar:/home/user/.m2/repository/com/fasterxml/jackson/dataformat/jackson-dataformat-cbor/2.10.3/jackson-dataformat-cbor-2.10.3.jar:/home/user/.m2/repository/joda-time/joda-time/2.8.1/joda-time-2.8.1.jar:/home/user/.m2/repository/com/amazonaws/aws-java-sdk-s3/1.11.615/aws-java-sdk-s3-1.11.615.jar:/home/user/.m2/repository/com/amazonaws/aws-java-sdk-kms/1.11.615/aws-java-sdk-kms-1.11.615.jar:/home/user/.m2/repository/com/amazonaws/jmespath-java/1.11.615/jmespath-java-1.11.615.jar:/home/user/.m2/repository/org/apache/hadoop/hadoop-hdds-tools/0.6.0-SNAPSHOT/hadoop-hdds-tools-0.6.0-SNAPSHOT.jar:/home/user/.m2/repository/commons-cli/commons-cli/1.2/commons-cli-1.2.jar:/home/user/.m2/repository/org/apache/commons/commons-lang3/3.7/commons-lang3-3.7.jar:/home/user/.m2/repository/org/apache/hadoop/hadoop-ozone-ozone-manager/0.6.0-SNAPSHOT/hadoop-ozone-ozone-manager-0.6.0-SNAPSHOT-tests.jar:/home/user/.m2/repository/junit/junit/4.11/junit-4.11.jar:/home/user/.m2/repository/org/hamcrest/hamcrest-core/1.3/hamcrest-core-1.3.jar:/home/user/.m2/repository/org/openjdk/jmh/jmh-core/1.19/jmh-core-1.19.jar:/home/user/.m2/repository/net/sf/jopt-simple/jopt-simple/4.6/jopt-simple-4.6.jar:/home/user/.m2/repository/org/apache/commons/commons-math3/3.1.1/commons-math3-3.1.1.jar:/home/user/.m2/repository/org/openjdk/jmh/jmh-generator-annprocess/1.19/jmh-generator-annprocess-1.19.jar:/home/user/.m2/repository/org/mockito/mockito-all/1.8.5/mockito-all-1.8.5.jar:/home/user/.m2/repository/org/apache/hadoop/hadoop-kms/3.2.1/hadoop-kms-3.2.1.jar:/home/user/.m2/repository/org/apache/hadoop/hadoop-auth/3.2.1/hadoop-auth-3.2.1.jar:/home/user/.m2/repository/com/nimbusds/nimbus-jose-jwt/7.9/nimbus-jose-jwt-7.9.jar:/home/user/.m2/repository/com/github/stephenc/jcip/jcip-annotations/1.0-1/jcip-annotations-1.0-1.jar:/home/user/.m2/repository/net/minidev/json-smart/2.3/json-smart-2.3.jar:/home/user/.m2/repository/net/minidev/accessors-smart/1.2/accessors-smart-1.2.jar:/home/user/.m2/repository/org/ow2/asm/asm/5.0.4/asm-5.0.4.jar:/home/user/.m2/repository/org/apache/zookeeper/zookeeper/3.4.13/zookeeper-3.4.13.jar:/home/user/.m2/repository/org/apache/yetus/audience-annotations/0.5.0/audience-annotations-0.5.0.jar:/home/user/.m2/repository/org/apache/curator/curator-framework/2.13.0/curator-framework-2.13.0.jar:/home/user/.m2/repository/com/sun/jersey/jersey-core/1.19/jersey-core-1.19.jar:/home/user/.m2/repository/javax/ws/rs/jsr311-api/1.1.1/jsr311-api-1.1.1.jar:/home/user/.m2/repository/com/sun/jersey/jersey-server/1.19/jersey-server-1.19.jar:/home/user/.m2/repository/javax/servlet/javax.servlet-api/3.1.0/javax.servlet-api-3.1.0.jar:/home/user/.m2/repository/org/eclipse/jetty/jetty-server/9.4.26.v20200117/jetty-server-9.4.26.v20200117.jar:/home/user/.m2/repository/org/eclipse/jetty/jetty-http/9.4.26.v20200117/jetty-http-9.4.26.v20200117.jar:/home/user/.m2/repository/org/eclipse/jetty/jetty-io/9.4.26.v20200117/jetty-io-9.4.26.v20200117.jar:/home/user/.m2/repository/org/eclipse/jetty/jetty-webapp/9.4.26.v20200117/jetty-webapp-9.4.26.v20200117.jar:/home/user/.m2/repository/org/eclipse/jetty/jetty-xml/9.4.26.v20200117/jetty-xml-9.4.26.v20200117.jar:/home/user/.m2/repository/org/eclipse/jetty/jetty-servlet/9.4.26.v20200117/jetty-servlet-9.4.26.v20200117.jar:/home/user/.m2/repository/org/eclipse/jetty/jetty-security/9.4.26.v20200117/jetty-security-9.4.26.v20200117.jar:/home/user/.m2/repository/org/apache/hadoop/hadoop-common/3.2.1/hadoop-common-3.2.1.jar:/home/user/.m2/repository/commons-net/commons-net/3.6/commons-net-3.6.jar:/home/user/.m2/repository/commons-collections/commons-collections/3.2.2/commons-collections-3.2.2.jar:/home/user/.m2/repository/com/sun/jersey/jersey-servlet/1.19/jersey-servlet-1.19.jar:/home/user/.m2/repository/com/sun/jersey/jersey-json/1.19/jersey-json-1.19.jar:/home/user/.m2/repository/org/codehaus/jettison/jettison/1.1/jettison-1.1.jar:/home/user/.m2/repository/org/codehaus/jackson/jackson-jaxrs/1.9.2/jackson-jaxrs-1.9.2.jar:/home/user/.m2/repository/org/codehaus/jackson/jackson-xc/1.9.2/jackson-xc-1.9.2.jar:/home/user/.m2/repository/commons-beanutils/commons-beanutils/1.9.4/commons-beanutils-1.9.4.jar:/home/user/.m2/repository/org/apache/commons/commons-configuration2/2.1.1/commons-configuration2-2.1.1.jar:/home/user/.m2/repository/org/apache/commons/commons-text/1.4/commons-text-1.4.jar:/home/user/.m2/repository/com/google/re2j/re2j/1.1/re2j-1.1.jar:/home/user/.m2/repository/com/jcraft/jsch/0.1.54/jsch-0.1.54.jar:/home/user/.m2/repository/org/apache/curator/curator-client/2.13.0/curator-client-2.13.0.jar:/home/user/.m2/repository/org/apache/curator/curator-recipes/2.13.0/curator-recipes-2.13.0.jar:/home/user/.m2/repository/dnsjava/dnsjava/2.1.7/dnsjava-2.1.7.jar:/home/user/.m2/repository/org/slf4j/jul-to-slf4j/1.7.25/jul-to-slf4j-1.7.25.jar:/home/user/.m2/repository/org/eclipse/jetty/jetty-util/9.4.26.v20200117/jetty-util-9.4.26.v20200117.jar:/home/user/.m2/repository/com/fasterxml/jackson/core/jackson-databind/2.10.3/jackson-databind-2.10.3.jar:/home/user/.m2/repository/org/apache/hadoop/hadoop-kms/3.2.1/hadoop-kms-3.2.1-tests.jar:/home/user/.m2/repository/org/apache/hadoop/hadoop-hdds-server-scm/0.6.0-SNAPSHOT/hadoop-hdds-server-scm-0.6.0-SNAPSHOT-tests.jar:/home/user/.m2/repository/org/apache/hadoop/hadoop-hdds-container-service/0.6.0-SNAPSHOT/hadoop-hdds-container-service-0.6.0-SNAPSHOT-tests.jar:/home/user/.m2/repository/org/apache/hadoop/hadoop-hdds-common/0.6.0-SNAPSHOT/hadoop-hdds-common-0.6.0-SNAPSHOT-tests.jar:/home/user/.m2/repository/org/yaml/snakeyaml/1.16/snakeyaml-1.16.jar:/home/user/.m2/repository/org/apache/hadoop/hadoop-hdds-hadoop-dependency-test/0.6.0-SNAPSHOT/hadoop-hdds-hadoop-dependency-test-0.6.0-SNAPSHOT.jar:/home/user/.m2/repository/org/apache/hadoop/hadoop-common/3.2.1/hadoop-common-3.2.1-tests.jar:/home/user/.m2/repository/javax/servlet/jsp/jsp-api/2.1/jsp-api-2.1.jar:/home/user/.m2/repository/org/apache/hadoop/hadoop-hdfs/3.2.1/hadoop-hdfs-3.2.1-tests.jar:/home/user/.m2/repository/org/eclipse/jetty/jetty-util-ajax/9.4.26.v20200117/jetty-util-ajax-9.4.26.v20200117.jar:/home/user/.m2/repository/commons-codec/commons-codec/1.11/commons-codec-1.11.jar:/home/user/.m2/repository/commons-daemon/commons-daemon/1.0.13/commons-daemon-1.0.13.jar:/home/user/.m2/repository/io/netty/netty/3.10.5.Final/netty-3.10.5.Final.jar:/home/user/.m2/repository/io/netty/netty-all/4.1.48.Final/netty-all-4.1.48.Final.jar:/home/user/.m2/repository/org/apache/htrace/htrace-core4/4.1.0-incubating/htrace-core4-4.1.0-incubating.jar:/home/user/.m2/repository/org/fusesource/leveldbjni/leveldbjni-all/1.8/leveldbjni-all-1.8.jar:/home/user/.m2/repository/org/apache/hadoop/hadoop-distcp/3.2.1/hadoop-distcp-3.2.1.jar:/home/user/.m2/repository/org/apache/hadoop/hadoop-mapreduce-client-jobclient/3.2.1/hadoop-mapreduce-client-jobclient-3.2.1.jar:/home/user/.m2/repository/org/apache/hadoop/hadoop-mapreduce-client-common/3.2.1/hadoop-mapreduce-client-common-3.2.1.jar:/home/user/.m2/repository/org/apache/hadoop/hadoop-yarn-common/3.2.1/hadoop-yarn-common-3.2.1.jar:/home/user/.m2/repository/org/apache/hadoop/hadoop-yarn-api/3.2.1/hadoop-yarn-api-3.2.1.jar:/home/user/.m2/repository/com/sun/jersey/jersey-client/1.19/jersey-client-1.19.jar:/home/user/.m2/repository/com/sun/jersey/contribs/jersey-guice/1.19/jersey-guice-1.19.jar:/home/user/.m2/repository/com/fasterxml/jackson/jaxrs/jackson-jaxrs-json-provider/2.10.3/jackson-jaxrs-json-provider-2.10.3.jar:/home/user/.m2/repository/com/fasterxml/jackson/jaxrs/jackson-jaxrs-base/2.10.3/jackson-jaxrs-base-2.10.3.jar:/home/user/.m2/repository/org/apache/hadoop/hadoop-yarn-client/3.2.1/hadoop-yarn-client-3.2.1.jar:/home/user/.m2/repository/org/apache/hadoop/hadoop-mapreduce-client-core/3.2.1/hadoop-mapreduce-client-core-3.2.1.jar:/home/user/.m2/repository/org/apache/avro/avro/1.7.7/avro-1.7.7.jar:/home/user/.m2/repository/org/codehaus/jackson/jackson-core-asl/1.9.13/jackson-core-asl-1.9.13.jar:/home/user/.m2/repository/org/codehaus/jackson/jackson-mapper-asl/1.9.13/jackson-mapper-asl-1.9.13.jar:/home/user/.m2/repository/com/thoughtworks/paranamer/paranamer/2.3/paranamer-2.3.jar:/home/user/.m2/repository/org/xerial/snappy/snappy-java/1.0.5/snappy-java-1.0.5.jar:/home/user/.m2/repository/org/apache/hadoop/hadoop-annotations/3.2.1/hadoop-annotations-3.2.1.jar:/usr/lib/jvm/java-1.8.0-openjdk-1.8.0.232.b09-0.el7_7.x86_64/jre/../lib/tools.jar:/home/user/.m2/repository/org/apache/hadoop/hadoop-distcp/3.2.1/hadoop-distcp-3.2.1-tests.jar:"/>
    <property name="java.vm.vendor" value="Oracle Corporation"/>
    <property name="sun.arch.data.model" value="64"/>
    <property name="test.build.dir" value="/github/workspace/mnt/ozone/hadoop-ozone/integration-test/target/test-dir"/>
    <property name="test.cache.data" value=""/>
    <property name="java.vendor.url" value="http://java.oracle.com/"/>
    <property name="user.timezone" value=""/>
    <property name="java.vm.specification.version" value="1.8"/>
    <property name="os.name" value="Linux"/>
    <property name="test.build.data" value="/github/workspace/mnt/ozone/hadoop-ozone/integration-test/target/test-dir"/>
    <property name="user.country" value="US"/>
    <property name="sun.java.launcher" value="SUN_STANDARD"/>
    <property name="sun.boot.library.path" value="/usr/lib/jvm/java-1.8.0-openjdk-1.8.0.232.b09-0.el7_7.x86_64/jre/lib/amd64"/>
    <property name="sun.java.command" value="/github/workspace/mnt/ozone/hadoop-ozone/integration-test/target/surefire/surefirebooter6223043824927054247.jar /github/workspace/mnt/ozone/hadoop-ozone/integration-test/target/surefire 2020-07-09T05-10-29_850-jvmRun1 surefire971167426518462041tmp surefire_163144633735182655232tmp"/>
    <property name="surefire.test.class.path" value="/github/workspace/mnt/ozone/hadoop-ozone/integration-test/target/test-classes:/github/workspace/mnt/ozone/hadoop-ozone/integration-test/target/classes:/home/user/.m2/repository/org/apache/hadoop/hadoop-ozone-common/0.6.0-SNAPSHOT/hadoop-ozone-common-0.6.0-SNAPSHOT.jar:/home/user/.m2/repository/org/apache/commons/commons-compress/1.4.1/commons-compress-1.4.1.jar:/home/user/.m2/repository/org/tukaani/xz/1.0/xz-1.0.jar:/home/user/.m2/repository/org/apache/hadoop/hadoop-hdds-common/0.6.0-SNAPSHOT/hadoop-hdds-common-0.6.0-SNAPSHOT.jar:/home/user/.m2/repository/org/apache/hadoop/hadoop-hdds-hadoop-dependency-client/0.6.0-SNAPSHOT/hadoop-hdds-hadoop-dependency-client-0.6.0-SNAPSHOT.jar:/home/user/.m2/repository/info/picocli/picocli/3.9.6/picocli-3.9.6.jar:/home/user/.m2/repository/com/fasterxml/jackson/core/jackson-annotations/2.10.3/jackson-annotations-2.10.3.jar:/home/user/.m2/repository/javax/annotation/javax.annotation-api/1.2/javax.annotation-api-1.2.jar:/home/user/.m2/repository/org/apache/ratis/ratis-server/0.6.0-6ab75ae-SNAPSHOT/ratis-server-0.6.0-6ab75ae-SNAPSHOT.jar:/home/user/.m2/repository/org/apache/ratis/ratis-client/0.6.0-6ab75ae-SNAPSHOT/ratis-client-0.6.0-6ab75ae-SNAPSHOT.jar:/home/user/.m2/repository/org/apache/ratis/ratis-metrics/0.6.0-6ab75ae-SNAPSHOT/ratis-metrics-0.6.0-6ab75ae-SNAPSHOT.jar:/home/user/.m2/repository/org/apache/ratis/ratis-netty/0.6.0-6ab75ae-SNAPSHOT/ratis-netty-0.6.0-6ab75ae-SNAPSHOT.jar:/home/user/.m2/repository/org/apache/ratis/ratis-grpc/0.6.0-6ab75ae-SNAPSHOT/ratis-grpc-0.6.0-6ab75ae-SNAPSHOT.jar:/home/user/.m2/repository/org/apache/logging/log4j/log4j-api/2.11.0/log4j-api-2.11.0.jar:/home/user/.m2/repository/org/apache/logging/log4j/log4j-core/2.11.0/log4j-core-2.11.0.jar:/home/user/.m2/repository/com/lmax/disruptor/3.4.2/disruptor-3.4.2.jar:/home/user/.m2/repository/org/apache/commons/commons-pool2/2.6.0/commons-pool2-2.6.0.jar:/home/user/.m2/repository/org/bouncycastle/bcpkix-jdk15on/1.60/bcpkix-jdk15on-1.60.jar:/home/user/.m2/repository/commons-validator/commons-validator/1.6/commons-validator-1.6.jar:/home/user/.m2/repository/commons-digester/commons-digester/1.8.1/commons-digester-1.8.1.jar:/home/user/.m2/repository/io/jaegertracing/jaeger-client/1.2.0/jaeger-client-1.2.0.jar:/home/user/.m2/repository/io/jaegertracing/jaeger-thrift/1.2.0/jaeger-thrift-1.2.0.jar:/home/user/.m2/repository/org/apache/thrift/libthrift/0.13.0/libthrift-0.13.0.jar:/home/user/.m2/repository/com/squareup/okhttp3/okhttp/4.2.2/okhttp-4.2.2.jar:/home/user/.m2/repository/com/squareup/okio/okio/2.2.2/okio-2.2.2.jar:/home/user/.m2/repository/org/jetbrains/kotlin/kotlin-stdlib/1.3.50/kotlin-stdlib-1.3.50.jar:/home/user/.m2/repository/org/jetbrains/kotlin/kotlin-stdlib-common/1.3.50/kotlin-stdlib-common-1.3.50.jar:/home/user/.m2/repository/org/jetbrains/annotations/13.0/annotations-13.0.jar:/home/user/.m2/repository/io/jaegertracing/jaeger-core/1.2.0/jaeger-core-1.2.0.jar:/home/user/.m2/repository/io/jaegertracing/jaeger-tracerresolver/1.2.0/jaeger-tracerresolver-1.2.0.jar:/home/user/.m2/repository/io/opentracing/contrib/opentracing-tracerresolver/0.1.8/opentracing-tracerresolver-0.1.8.jar:/home/user/.m2/repository/io/opentracing/opentracing-util/0.33.0/opentracing-util-0.33.0.jar:/home/user/.m2/repository/io/opentracing/opentracing-api/0.33.0/opentracing-api-0.33.0.jar:/home/user/.m2/repository/io/opentracing/opentracing-noop/0.33.0/opentracing-noop-0.33.0.jar:/home/user/.m2/repository/org/apache/hadoop/hadoop-hdds-client/0.6.0-SNAPSHOT/hadoop-hdds-client-0.6.0-SNAPSHOT.jar:/home/user/.m2/repository/org/apache/hadoop/hadoop-ozone-interface-client/0.6.0-SNAPSHOT/hadoop-ozone-interface-client-0.6.0-SNAPSHOT.jar:/home/user/.m2/repository/org/apache/hadoop/hadoop-hdds-test-utils/0.6.0-SNAPSHOT/hadoop-hdds-test-utils-0.6.0-SNAPSHOT.jar:/home/user/.m2/repository/com/google/guava/guava/28.2-jre/guava-28.2-jre.jar:/home/user/.m2/repository/com/google/guava/failureaccess/1.0.1/failureaccess-1.0.1.jar:/home/user/.m2/repository/com/google/guava/listenablefuture/9999.0-empty-to-avoid-conflict-with-guava/listenablefuture-9999.0-empty-to-avoid-conflict-with-guava.jar:/home/user/.m2/repository/com/google/code/findbugs/jsr305/3.0.0/jsr305-3.0.0.jar:/home/user/.m2/repository/org/checkerframework/checker-qual/2.10.0/checker-qual-2.10.0.jar:/home/user/.m2/repository/com/google/errorprone/error_prone_annotations/2.2.0/error_prone_annotations-2.2.0.jar:/home/user/.m2/repository/com/google/j2objc/j2objc-annotations/1.3/j2objc-annotations-1.3.jar:/home/user/.m2/repository/commons-io/commons-io/2.5/commons-io-2.5.jar:/home/user/.m2/repository/commons-logging/commons-logging/1.2/commons-logging-1.2.jar:/home/user/.m2/repository/log4j/log4j/1.2.17/log4j-1.2.17.jar:/home/user/.m2/repository/org/slf4j/slf4j-api/1.7.25/slf4j-api-1.7.25.jar:/home/user/.m2/repository/org/apache/hadoop/hadoop-hdds-server-scm/0.6.0-SNAPSHOT/hadoop-hdds-server-scm-0.6.0-SNAPSHOT.jar:/home/user/.m2/repository/org/apache/hadoop/hadoop-hdds-container-service/0.6.0-SNAPSHOT/hadoop-hdds-container-service-0.6.0-SNAPSHOT.jar:/home/user/.m2/repository/org/apache/hadoop/hadoop-hdds-hadoop-dependency-server/0.6.0-SNAPSHOT/hadoop-hdds-hadoop-dependency-server-0.6.0-SNAPSHOT.jar:/home/user/.m2/repository/org/apache/hadoop/hadoop-hdds-server-framework/0.6.0-SNAPSHOT/hadoop-hdds-server-framework-0.6.0-SNAPSHOT.jar:/home/user/.m2/repository/org/apache/hadoop/hadoop-hdds-interface-server/0.6.0-SNAPSHOT/hadoop-hdds-interface-server-0.6.0-SNAPSHOT.jar:/home/user/.m2/repository/org/apache/hadoop/hadoop-hdds-interface-admin/0.6.0-SNAPSHOT/hadoop-hdds-interface-admin-0.6.0-SNAPSHOT.jar:/home/user/.m2/repository/org/rocksdb/rocksdbjni/6.8.1/rocksdbjni-6.8.1.jar:/home/user/.m2/repository/io/prometheus/simpleclient_dropwizard/0.7.0/simpleclient_dropwizard-0.7.0.jar:/home/user/.m2/repository/io/prometheus/simpleclient/0.7.0/simpleclient-0.7.0.jar:/home/user/.m2/repository/io/prometheus/simpleclient_common/0.7.0/simpleclient_common-0.7.0.jar:/home/user/.m2/repository/com/fasterxml/jackson/datatype/jackson-datatype-jsr310/2.10.3/jackson-datatype-jsr310-2.10.3.jar:/home/user/.m2/repository/org/apache/hadoop/hadoop-hdds-docs/0.6.0-SNAPSHOT/hadoop-hdds-docs-0.6.0-SNAPSHOT.jar:/home/user/.m2/repository/io/dropwizard/metrics/metrics-core/3.2.4/metrics-core-3.2.4.jar:/home/user/.m2/repository/org/apache/hadoop/hadoop-hdfs-client/3.2.1/hadoop-hdfs-client-3.2.1.jar:/home/user/.m2/repository/org/bouncycastle/bcprov-jdk15on/1.60/bcprov-jdk15on-1.60.jar:/home/user/.m2/repository/org/apache/hadoop/hadoop-ozone-ozone-manager/0.6.0-SNAPSHOT/hadoop-ozone-ozone-manager-0.6.0-SNAPSHOT.jar:/home/user/.m2/repository/org/apache/hadoop/hadoop-hdds-interface-client/0.6.0-SNAPSHOT/hadoop-hdds-interface-client-0.6.0-SNAPSHOT.jar:/home/user/.m2/repository/org/apache/ratis/ratis-thirdparty-misc/0.4.0/ratis-thirdparty-misc-0.4.0.jar:/home/user/.m2/repository/org/apache/hadoop/hadoop-minikdc/3.2.1/hadoop-minikdc-3.2.1.jar:/home/user/.m2/repository/org/apache/kerby/kerb-simplekdc/1.0.1/kerb-simplekdc-1.0.1.jar:/home/user/.m2/repository/org/apache/kerby/kerb-client/1.0.1/kerb-client-1.0.1.jar:/home/user/.m2/repository/org/apache/kerby/kerby-config/1.0.1/kerby-config-1.0.1.jar:/home/user/.m2/repository/org/apache/kerby/kerb-core/1.0.1/kerb-core-1.0.1.jar:/home/user/.m2/repository/org/apache/kerby/kerby-pkix/1.0.1/kerby-pkix-1.0.1.jar:/home/user/.m2/repository/org/apache/kerby/kerby-asn1/1.0.1/kerby-asn1-1.0.1.jar:/home/user/.m2/repository/org/apache/kerby/kerby-util/1.0.1/kerby-util-1.0.1.jar:/home/user/.m2/repository/org/apache/kerby/kerb-common/1.0.1/kerb-common-1.0.1.jar:/home/user/.m2/repository/org/apache/kerby/kerb-crypto/1.0.1/kerb-crypto-1.0.1.jar:/home/user/.m2/repository/org/apache/kerby/kerb-util/1.0.1/kerb-util-1.0.1.jar:/home/user/.m2/repository/org/apache/kerby/token-provider/1.0.1/token-provider-1.0.1.jar:/home/user/.m2/repository/org/apache/kerby/kerb-admin/1.0.1/kerb-admin-1.0.1.jar:/home/user/.m2/repository/org/apache/kerby/kerb-server/1.0.1/kerb-server-1.0.1.jar:/home/user/.m2/repository/org/apache/kerby/kerb-identity/1.0.1/kerb-identity-1.0.1.jar:/home/user/.m2/repository/org/apache/kerby/kerby-xdr/1.0.1/kerby-xdr-1.0.1.jar:/home/user/.m2/repository/org/slf4j/slf4j-log4j12/1.7.25/slf4j-log4j12-1.7.25.jar:/home/user/.m2/repository/org/apache/hadoop/hadoop-ozone-s3gateway/0.6.0-SNAPSHOT/hadoop-ozone-s3gateway-0.6.0-SNAPSHOT.jar:/home/user/.m2/repository/org/jboss/weld/servlet/weld-servlet/2.4.7.Final/weld-servlet-2.4.7.Final.jar:/home/user/.m2/repository/org/glassfish/jersey/containers/jersey-container-servlet-core/2.27/jersey-container-servlet-core-2.27.jar:/home/user/.m2/repository/org/glassfish/hk2/external/javax.inject/2.5.0-b42/javax.inject-2.5.0-b42.jar:/home/user/.m2/repository/org/glassfish/jersey/core/jersey-common/2.27/jersey-common-2.27.jar:/home/user/.m2/repository/org/glassfish/hk2/osgi-resource-locator/1.0.1/osgi-resource-locator-1.0.1.jar:/home/user/.m2/repository/javax/ws/rs/javax.ws.rs-api/2.1/javax.ws.rs-api-2.1.jar:/home/user/.m2/repository/org/glassfish/jersey/ext/cdi/jersey-cdi1x/2.27/jersey-cdi1x-2.27.jar:/home/user/.m2/repository/org/glassfish/jersey/inject/jersey-hk2/2.27/jersey-hk2-2.27.jar:/home/user/.m2/repository/org/glassfish/hk2/hk2-locator/2.5.0-b42/hk2-locator-2.5.0-b42.jar:/home/user/.m2/repository/org/javassist/javassist/3.22.0-CR2/javassist-3.22.0-CR2.jar:/home/user/.m2/repository/org/glassfish/hk2/hk2-api/2.5.0/hk2-api-2.5.0.jar:/home/user/.m2/repository/org/glassfish/hk2/external/jakarta.inject/2.5.0/jakarta.inject-2.5.0.jar:/home/user/.m2/repository/org/glassfish/hk2/hk2-utils/2.5.0/hk2-utils-2.5.0.jar:/home/user/.m2/repository/jakarta/annotation/jakarta.annotation-api/1.3.4/jakarta.annotation-api-1.3.4.jar:/home/user/.m2/repository/org/glassfish/hk2/external/aopalliance-repackaged/2.5.0/aopalliance-repackaged-2.5.0.jar:/home/user/.m2/repository/com/fasterxml/jackson/dataformat/jackson-dataformat-xml/2.10.3/jackson-dataformat-xml-2.10.3.jar:/home/user/.m2/repository/com/fasterxml/jackson/core/jackson-core/2.10.3/jackson-core-2.10.3.jar:/home/user/.m2/repository/com/fasterxml/jackson/module/jackson-module-jaxb-annotations/2.10.3/jackson-module-jaxb-annotations-2.10.3.jar:/home/user/.m2/repository/jakarta/xml/bind/jakarta.xml.bind-api/2.3.2/jakarta.xml.bind-api-2.3.2.jar:/home/user/.m2/repository/jakarta/activation/jakarta.activation-api/1.2.1/jakarta.activation-api-1.2.1.jar:/home/user/.m2/repository/org/codehaus/woodstox/stax2-api/3.1.4/stax2-api-3.1.4.jar:/home/user/.m2/repository/com/fasterxml/woodstox/woodstox-core/5.0.3/woodstox-core-5.0.3.jar:/home/user/.m2/repository/javax/enterprise/cdi-api/1.2/cdi-api-1.2.jar:/home/user/.m2/repository/javax/el/javax.el-api/3.0.0/javax.el-api-3.0.0.jar:/home/user/.m2/repository/javax/interceptor/javax.interceptor-api/1.2/javax.interceptor-api-1.2.jar:/home/user/.m2/repository/javax/inject/javax.inject/1/javax.inject-1.jar:/home/user/.m2/repository/com/sun/xml/bind/jaxb-impl/2.3.0.1/jaxb-impl-2.3.0.1.jar:/home/user/.m2/repository/com/sun/xml/bind/jaxb-core/2.3.0.1/jaxb-core-2.3.0.1.jar:/home/user/.m2/repository/javax/xml/bind/jaxb-api/2.3.0/jaxb-api-2.3.0.jar:/home/user/.m2/repository/javax/activation/activation/1.1.1/activation-1.1.1.jar:/home/user/.m2/repository/org/apache/hadoop/hadoop-ozone-csi/0.6.0-SNAPSHOT/hadoop-ozone-csi-0.6.0-SNAPSHOT.jar:/home/user/.m2/repository/com/google/protobuf/protobuf-java-util/3.11.0/protobuf-java-util-3.11.0.jar:/home/user/.m2/repository/com/google/code/gson/gson/2.2.4/gson-2.2.4.jar:/home/user/.m2/repository/org/apache/hadoop/hadoop-hdds-config/0.6.0-SNAPSHOT/hadoop-hdds-config-0.6.0-SNAPSHOT.jar:/home/user/.m2/repository/com/google/protobuf/protobuf-java/2.5.0/protobuf-java-2.5.0.jar:/home/user/.m2/repository/io/grpc/grpc-netty/1.29.0/grpc-netty-1.29.0.jar:/home/user/.m2/repository/io/grpc/grpc-core/1.29.0/grpc-core-1.29.0.jar:/home/user/.m2/repository/com/google/android/annotations/4.1.1.4/annotations-4.1.1.4.jar:/home/user/.m2/repository/io/perfmark/perfmark-api/0.19.0/perfmark-api-0.19.0.jar:/home/user/.m2/repository/io/netty/netty-codec-http2/4.1.48.Final/netty-codec-http2-4.1.48.Final.jar:/home/user/.m2/repository/io/netty/netty-codec/4.1.48.Final/netty-codec-4.1.48.Final.jar:/home/user/.m2/repository/io/netty/netty-handler/4.1.48.Final/netty-handler-4.1.48.Final.jar:/home/user/.m2/repository/io/netty/netty-codec-http/4.1.48.Final/netty-codec-http-4.1.48.Final.jar:/home/user/.m2/repository/io/netty/netty-handler-proxy/4.1.48.Final/netty-handler-proxy-4.1.48.Final.jar:/home/user/.m2/repository/io/netty/netty-codec-socks/4.1.48.Final/netty-codec-socks-4.1.48.Final.jar:/home/user/.m2/repository/io/netty/netty-transport-native-epoll/4.1.48.Final/netty-transport-native-epoll-4.1.48.Final.jar:/home/user/.m2/repository/io/netty/netty-common/4.1.48.Final/netty-common-4.1.48.Final.jar:/home/user/.m2/repository/io/netty/netty-buffer/4.1.48.Final/netty-buffer-4.1.48.Final.jar:/home/user/.m2/repository/io/netty/netty-transport/4.1.48.Final/netty-transport-4.1.48.Final.jar:/home/user/.m2/repository/io/netty/netty-resolver/4.1.48.Final/netty-resolver-4.1.48.Final.jar:/home/user/.m2/repository/io/netty/netty-transport-native-unix-common/4.1.48.Final/netty-transport-native-unix-common-4.1.48.Final.jar:/home/user/.m2/repository/io/grpc/grpc-protobuf/1.29.0/grpc-protobuf-1.29.0.jar:/home/user/.m2/repository/io/grpc/grpc-api/1.29.0/grpc-api-1.29.0.jar:/home/user/.m2/repository/io/grpc/grpc-context/1.29.0/grpc-context-1.29.0.jar:/home/user/.m2/repository/org/codehaus/mojo/animal-sniffer-annotations/1.18/animal-sniffer-annotations-1.18.jar:/home/user/.m2/repository/com/google/api/grpc/proto-google-common-protos/1.17.0/proto-google-common-protos-1.17.0.jar:/home/user/.m2/repository/io/grpc/grpc-protobuf-lite/1.29.0/grpc-protobuf-lite-1.29.0.jar:/home/user/.m2/repository/io/grpc/grpc-stub/1.29.0/grpc-stub-1.29.0.jar:/home/user/.m2/repository/org/apache/hadoop/hadoop-ozone-recon/0.6.0-SNAPSHOT/hadoop-ozone-recon-0.6.0-SNAPSHOT.jar:/home/user/.m2/repository/org/apache/hadoop/hadoop-ozone-reconcodegen/0.6.0-SNAPSHOT/hadoop-ozone-reconcodegen-0.6.0-SNAPSHOT.jar:/home/user/.m2/repository/com/google/inject/extensions/guice-multibindings/4.0/guice-multibindings-4.0.jar:/home/user/.m2/repository/com/google/inject/guice/4.0/guice-4.0.jar:/home/user/.m2/repository/aopalliance/aopalliance/1.0/aopalliance-1.0.jar:/home/user/.m2/repository/com/google/inject/extensions/guice-assistedinject/4.0/guice-assistedinject-4.0.jar:/home/user/.m2/repository/com/google/inject/extensions/guice-servlet/4.0/guice-servlet-4.0.jar:/home/user/.m2/repository/org/glassfish/jersey/containers/jersey-container-servlet/2.27/jersey-container-servlet-2.27.jar:/home/user/.m2/repository/org/glassfish/hk2/guice-bridge/2.5.0/guice-bridge-2.5.0.jar:/home/user/.m2/repository/org/glassfish/jersey/core/jersey-server/2.27/jersey-server-2.27.jar:/home/user/.m2/repository/org/glassfish/jersey/core/jersey-client/2.27/jersey-client-2.27.jar:/home/user/.m2/repository/org/glassfish/jersey/media/jersey-media-jaxb/2.27/jersey-media-jaxb-2.27.jar:/home/user/.m2/repository/javax/validation/validation-api/1.1.0.Final/validation-api-1.1.0.Final.jar:/home/user/.m2/repository/org/glassfish/jersey/media/jersey-media-json-jackson/2.27/jersey-media-json-jackson-2.27.jar:/home/user/.m2/repository/org/glassfish/jersey/ext/jersey-entity-filtering/2.27/jersey-entity-filtering-2.27.jar:/home/user/.m2/repository/org/jooq/jooq/3.11.10/jooq-3.11.10.jar:/home/user/.m2/repository/org/jooq/jooq-meta/3.11.10/jooq-meta-3.11.10.jar:/home/user/.m2/repository/org/jooq/jooq-codegen/3.11.10/jooq-codegen-3.11.10.jar:/home/user/.m2/repository/com/jolbox/bonecp/0.8.0.RELEASE/bonecp-0.8.0.RELEASE.jar:/home/user/.m2/repository/org/apache/derby/derby/10.14.2.0/derby-10.14.2.0.jar:/home/user/.m2/repository/org/xerial/sqlite-jdbc/3.25.2/sqlite-jdbc-3.25.2.jar:/home/user/.m2/repository/org/springframework/spring-jdbc/5.2.5.RELEASE/spring-jdbc-5.2.5.RELEASE.jar:/home/user/.m2/repository/org/springframework/spring-beans/5.2.5.RELEASE/spring-beans-5.2.5.RELEASE.jar:/home/user/.m2/repository/org/springframework/spring-core/5.2.5.RELEASE/spring-core-5.2.5.RELEASE.jar:/home/user/.m2/repository/org/springframework/spring-jcl/5.2.5.RELEASE/spring-jcl-5.2.5.RELEASE.jar:/home/user/.m2/repository/org/springframework/spring-tx/5.2.5.RELEASE/spring-tx-5.2.5.RELEASE.jar:/home/user/.m2/repository/org/apache/hadoop/hadoop-ozone-client/0.6.0-SNAPSHOT/hadoop-ozone-client-0.6.0-SNAPSHOT.jar:/home/user/.m2/repository/org/apache/hadoop/hadoop-ozone-filesystem/0.6.0-SNAPSHOT/hadoop-ozone-filesystem-0.6.0-SNAPSHOT.jar:/home/user/.m2/repository/org/apache/hadoop/hadoop-ozone-filesystem-common/0.6.0-SNAPSHOT/hadoop-ozone-filesystem-common-0.6.0-SNAPSHOT.jar:/home/user/.m2/repository/org/apache/hadoop/hadoop-ozone-tools/0.6.0-SNAPSHOT/hadoop-ozone-tools-0.6.0-SNAPSHOT.jar:/home/user/.m2/repository/org/apache/hadoop/hadoop-hdfs/3.2.1/hadoop-hdfs-3.2.1.jar:/home/user/.m2/repository/org/apache/ratis/ratis-tools/0.6.0-6ab75ae-SNAPSHOT/ratis-tools-0.6.0-6ab75ae-SNAPSHOT.jar:/home/user/.m2/repository/org/apache/ratis/ratis-proto/0.6.0-6ab75ae-SNAPSHOT/ratis-proto-0.6.0-6ab75ae-SNAPSHOT.jar:/home/user/.m2/repository/org/apache/ratis/ratis-common/0.6.0-6ab75ae-SNAPSHOT/ratis-common-0.6.0-6ab75ae-SNAPSHOT.jar:/home/user/.m2/repository/com/amazonaws/aws-java-sdk-core/1.11.615/aws-java-sdk-core-1.11.615.jar:/home/user/.m2/repository/org/apache/httpcomponents/httpclient/4.5.2/httpclient-4.5.2.jar:/home/user/.m2/repository/org/apache/httpcomponents/httpcore/4.4.4/httpcore-4.4.4.jar:/home/user/.m2/repository/software/amazon/ion/ion-java/1.0.2/ion-java-1.0.2.jar:/home/user/.m2/repository/com/fasterxml/jackson/dataformat/jackson-dataformat-cbor/2.10.3/jackson-dataformat-cbor-2.10.3.jar:/home/user/.m2/repository/joda-time/joda-time/2.8.1/joda-time-2.8.1.jar:/home/user/.m2/repository/com/amazonaws/aws-java-sdk-s3/1.11.615/aws-java-sdk-s3-1.11.615.jar:/home/user/.m2/repository/com/amazonaws/aws-java-sdk-kms/1.11.615/aws-java-sdk-kms-1.11.615.jar:/home/user/.m2/repository/com/amazonaws/jmespath-java/1.11.615/jmespath-java-1.11.615.jar:/home/user/.m2/repository/org/apache/hadoop/hadoop-hdds-tools/0.6.0-SNAPSHOT/hadoop-hdds-tools-0.6.0-SNAPSHOT.jar:/home/user/.m2/repository/commons-cli/commons-cli/1.2/commons-cli-1.2.jar:/home/user/.m2/repository/org/apache/commons/commons-lang3/3.7/commons-lang3-3.7.jar:/home/user/.m2/repository/org/apache/hadoop/hadoop-ozone-ozone-manager/0.6.0-SNAPSHOT/hadoop-ozone-ozone-manager-0.6.0-SNAPSHOT-tests.jar:/home/user/.m2/repository/junit/junit/4.11/junit-4.11.jar:/home/user/.m2/repository/org/hamcrest/hamcrest-core/1.3/hamcrest-core-1.3.jar:/home/user/.m2/repository/org/openjdk/jmh/jmh-core/1.19/jmh-core-1.19.jar:/home/user/.m2/repository/net/sf/jopt-simple/jopt-simple/4.6/jopt-simple-4.6.jar:/home/user/.m2/repository/org/apache/commons/commons-math3/3.1.1/commons-math3-3.1.1.jar:/home/user/.m2/repository/org/openjdk/jmh/jmh-generator-annprocess/1.19/jmh-generator-annprocess-1.19.jar:/home/user/.m2/repository/org/mockito/mockito-all/1.8.5/mockito-all-1.8.5.jar:/home/user/.m2/repository/org/apache/hadoop/hadoop-kms/3.2.1/hadoop-kms-3.2.1.jar:/home/user/.m2/repository/org/apache/hadoop/hadoop-auth/3.2.1/hadoop-auth-3.2.1.jar:/home/user/.m2/repository/com/nimbusds/nimbus-jose-jwt/7.9/nimbus-jose-jwt-7.9.jar:/home/user/.m2/repository/com/github/stephenc/jcip/jcip-annotations/1.0-1/jcip-annotations-1.0-1.jar:/home/user/.m2/repository/net/minidev/json-smart/2.3/json-smart-2.3.jar:/home/user/.m2/repository/net/minidev/accessors-smart/1.2/accessors-smart-1.2.jar:/home/user/.m2/repository/org/ow2/asm/asm/5.0.4/asm-5.0.4.jar:/home/user/.m2/repository/org/apache/zookeeper/zookeeper/3.4.13/zookeeper-3.4.13.jar:/home/user/.m2/repository/org/apache/yetus/audience-annotations/0.5.0/audience-annotations-0.5.0.jar:/home/user/.m2/repository/org/apache/curator/curator-framework/2.13.0/curator-framework-2.13.0.jar:/home/user/.m2/repository/com/sun/jersey/jersey-core/1.19/jersey-core-1.19.jar:/home/user/.m2/repository/javax/ws/rs/jsr311-api/1.1.1/jsr311-api-1.1.1.jar:/home/user/.m2/repository/com/sun/jersey/jersey-server/1.19/jersey-server-1.19.jar:/home/user/.m2/repository/javax/servlet/javax.servlet-api/3.1.0/javax.servlet-api-3.1.0.jar:/home/user/.m2/repository/org/eclipse/jetty/jetty-server/9.4.26.v20200117/jetty-server-9.4.26.v20200117.jar:/home/user/.m2/repository/org/eclipse/jetty/jetty-http/9.4.26.v20200117/jetty-http-9.4.26.v20200117.jar:/home/user/.m2/repository/org/eclipse/jetty/jetty-io/9.4.26.v20200117/jetty-io-9.4.26.v20200117.jar:/home/user/.m2/repository/org/eclipse/jetty/jetty-webapp/9.4.26.v20200117/jetty-webapp-9.4.26.v20200117.jar:/home/user/.m2/repository/org/eclipse/jetty/jetty-xml/9.4.26.v20200117/jetty-xml-9.4.26.v20200117.jar:/home/user/.m2/repository/org/eclipse/jetty/jetty-servlet/9.4.26.v20200117/jetty-servlet-9.4.26.v20200117.jar:/home/user/.m2/repository/org/eclipse/jetty/jetty-security/9.4.26.v20200117/jetty-security-9.4.26.v20200117.jar:/home/user/.m2/repository/org/apache/hadoop/hadoop-common/3.2.1/hadoop-common-3.2.1.jar:/home/user/.m2/repository/commons-net/commons-net/3.6/commons-net-3.6.jar:/home/user/.m2/repository/commons-collections/commons-collections/3.2.2/commons-collections-3.2.2.jar:/home/user/.m2/repository/com/sun/jersey/jersey-servlet/1.19/jersey-servlet-1.19.jar:/home/user/.m2/repository/com/sun/jersey/jersey-json/1.19/jersey-json-1.19.jar:/home/user/.m2/repository/org/codehaus/jettison/jettison/1.1/jettison-1.1.jar:/home/user/.m2/repository/org/codehaus/jackson/jackson-jaxrs/1.9.2/jackson-jaxrs-1.9.2.jar:/home/user/.m2/repository/org/codehaus/jackson/jackson-xc/1.9.2/jackson-xc-1.9.2.jar:/home/user/.m2/repository/commons-beanutils/commons-beanutils/1.9.4/commons-beanutils-1.9.4.jar:/home/user/.m2/repository/org/apache/commons/commons-configuration2/2.1.1/commons-configuration2-2.1.1.jar:/home/user/.m2/repository/org/apache/commons/commons-text/1.4/commons-text-1.4.jar:/home/user/.m2/repository/com/google/re2j/re2j/1.1/re2j-1.1.jar:/home/user/.m2/repository/com/jcraft/jsch/0.1.54/jsch-0.1.54.jar:/home/user/.m2/repository/org/apache/curator/curator-client/2.13.0/curator-client-2.13.0.jar:/home/user/.m2/repository/org/apache/curator/curator-recipes/2.13.0/curator-recipes-2.13.0.jar:/home/user/.m2/repository/dnsjava/dnsjava/2.1.7/dnsjava-2.1.7.jar:/home/user/.m2/repository/org/slf4j/jul-to-slf4j/1.7.25/jul-to-slf4j-1.7.25.jar:/home/user/.m2/repository/org/eclipse/jetty/jetty-util/9.4.26.v20200117/jetty-util-9.4.26.v20200117.jar:/home/user/.m2/repository/com/fasterxml/jackson/core/jackson-databind/2.10.3/jackson-databind-2.10.3.jar:/home/user/.m2/repository/org/apache/hadoop/hadoop-kms/3.2.1/hadoop-kms-3.2.1-tests.jar:/home/user/.m2/repository/org/apache/hadoop/hadoop-hdds-server-scm/0.6.0-SNAPSHOT/hadoop-hdds-server-scm-0.6.0-SNAPSHOT-tests.jar:/home/user/.m2/repository/org/apache/hadoop/hadoop-hdds-container-service/0.6.0-SNAPSHOT/hadoop-hdds-container-service-0.6.0-SNAPSHOT-tests.jar:/home/user/.m2/repository/org/apache/hadoop/hadoop-hdds-common/0.6.0-SNAPSHOT/hadoop-hdds-common-0.6.0-SNAPSHOT-tests.jar:/home/user/.m2/repository/org/yaml/snakeyaml/1.16/snakeyaml-1.16.jar:/home/user/.m2/repository/org/apache/hadoop/hadoop-hdds-hadoop-dependency-test/0.6.0-SNAPSHOT/hadoop-hdds-hadoop-dependency-test-0.6.0-SNAPSHOT.jar:/home/user/.m2/repository/org/apache/hadoop/hadoop-common/3.2.1/hadoop-common-3.2.1-tests.jar:/home/user/.m2/repository/javax/servlet/jsp/jsp-api/2.1/jsp-api-2.1.jar:/home/user/.m2/repository/org/apache/hadoop/hadoop-hdfs/3.2.1/hadoop-hdfs-3.2.1-tests.jar:/home/user/.m2/repository/org/eclipse/jetty/jetty-util-ajax/9.4.26.v20200117/jetty-util-ajax-9.4.26.v20200117.jar:/home/user/.m2/repository/commons-codec/commons-codec/1.11/commons-codec-1.11.jar:/home/user/.m2/repository/commons-daemon/commons-daemon/1.0.13/commons-daemon-1.0.13.jar:/home/user/.m2/repository/io/netty/netty/3.10.5.Final/netty-3.10.5.Final.jar:/home/user/.m2/repository/io/netty/netty-all/4.1.48.Final/netty-all-4.1.48.Final.jar:/home/user/.m2/repository/org/apache/htrace/htrace-core4/4.1.0-incubating/htrace-core4-4.1.0-incubating.jar:/home/user/.m2/repository/org/fusesource/leveldbjni/leveldbjni-all/1.8/leveldbjni-all-1.8.jar:/home/user/.m2/repository/org/apache/hadoop/hadoop-distcp/3.2.1/hadoop-distcp-3.2.1.jar:/home/user/.m2/repository/org/apache/hadoop/hadoop-mapreduce-client-jobclient/3.2.1/hadoop-mapreduce-client-jobclient-3.2.1.jar:/home/user/.m2/repository/org/apache/hadoop/hadoop-mapreduce-client-common/3.2.1/hadoop-mapreduce-client-common-3.2.1.jar:/home/user/.m2/repository/org/apache/hadoop/hadoop-yarn-common/3.2.1/hadoop-yarn-common-3.2.1.jar:/home/user/.m2/repository/org/apache/hadoop/hadoop-yarn-api/3.2.1/hadoop-yarn-api-3.2.1.jar:/home/user/.m2/repository/com/sun/jersey/jersey-client/1.19/jersey-client-1.19.jar:/home/user/.m2/repository/com/sun/jersey/contribs/jersey-guice/1.19/jersey-guice-1.19.jar:/home/user/.m2/repository/com/fasterxml/jackson/jaxrs/jackson-jaxrs-json-provider/2.10.3/jackson-jaxrs-json-provider-2.10.3.jar:/home/user/.m2/repository/com/fasterxml/jackson/jaxrs/jackson-jaxrs-base/2.10.3/jackson-jaxrs-base-2.10.3.jar:/home/user/.m2/repository/org/apache/hadoop/hadoop-yarn-client/3.2.1/hadoop-yarn-client-3.2.1.jar:/home/user/.m2/repository/org/apache/hadoop/hadoop-mapreduce-client-core/3.2.1/hadoop-mapreduce-client-core-3.2.1.jar:/home/user/.m2/repository/org/apache/avro/avro/1.7.7/avro-1.7.7.jar:/home/user/.m2/repository/org/codehaus/jackson/jackson-core-asl/1.9.13/jackson-core-asl-1.9.13.jar:/home/user/.m2/repository/org/codehaus/jackson/jackson-mapper-asl/1.9.13/jackson-mapper-asl-1.9.13.jar:/home/user/.m2/repository/com/thoughtworks/paranamer/paranamer/2.3/paranamer-2.3.jar:/home/user/.m2/repository/org/xerial/snappy/snappy-java/1.0.5/snappy-java-1.0.5.jar:/home/user/.m2/repository/org/apache/hadoop/hadoop-annotations/3.2.1/hadoop-annotations-3.2.1.jar:/usr/lib/jvm/java-1.8.0-openjdk-1.8.0.232.b09-0.el7_7.x86_64/jre/../lib/tools.jar:/home/user/.m2/repository/org/apache/hadoop/hadoop-distcp/3.2.1/hadoop-distcp-3.2.1-tests.jar:"/>
    <property name="sun.cpu.endian" value="little"/>
    <property name="user.home" value="/home/user"/>
    <property name="user.language" value="en"/>
    <property name="java.specification.vendor" value="Oracle Corporation"/>
    <property name="java.home" value="/usr/lib/jvm/java-1.8.0-openjdk-1.8.0.232.b09-0.el7_7.x86_64/jre"/>
    <property name="java.security.krb5.conf" value="/github/workspace/mnt/ozone/hadoop-ozone/integration-test/target/test-classes/krb5.conf"/>
    <property name="basedir" value="/github/workspace/mnt/ozone/hadoop-ozone/integration-test"/>
    <property name="file.separator" value="/"/>
    <property name="line.separator" value="&#10;"/>
    <property name="java.vm.specification.vendor" value="Oracle Corporation"/>
    <property name="java.specification.name" value="Java Platform API Specification"/>
    <property name="java.awt.graphicsenv" value="sun.awt.X11GraphicsEnvironment"/>
    <property name="skip.installnpx" value="true"/>
    <property name="surefire.real.class.path" value="/github/workspace/mnt/ozone/hadoop-ozone/integration-test/target/surefire/surefirebooter6223043824927054247.jar:/home/user/.m2/repository/org/jacoco/org.jacoco.agent/0.8.5/org.jacoco.agent-0.8.5-runtime.jar"/>
    <property name="hadoop.log.dir" value="/github/workspace/mnt/ozone/hadoop-ozone/integration-test/target/log"/>
    <property name="sun.boot.class.path" value="/usr/lib/jvm/java-1.8.0-openjdk-1.8.0.232.b09-0.el7_7.x86_64/jre/lib/resources.jar:/usr/lib/jvm/java-1.8.0-openjdk-1.8.0.232.b09-0.el7_7.x86_64/jre/lib/rt.jar:/usr/lib/jvm/java-1.8.0-openjdk-1.8.0.232.b09-0.el7_7.x86_64/jre/lib/sunrsasign.jar:/usr/lib/jvm/java-1.8.0-openjdk-1.8.0.232.b09-0.el7_7.x86_64/jre/lib/jsse.jar:/usr/lib/jvm/java-1.8.0-openjdk-1.8.0.232.b09-0.el7_7.x86_64/jre/lib/jce.jar:/usr/lib/jvm/java-1.8.0-openjdk-1.8.0.232.b09-0.el7_7.x86_64/jre/lib/charsets.jar:/usr/lib/jvm/java-1.8.0-openjdk-1.8.0.232.b09-0.el7_7.x86_64/jre/lib/jfr.jar:/usr/lib/jvm/java-1.8.0-openjdk-1.8.0.232.b09-0.el7_7.x86_64/jre/classes"/>
    <property name="sun.management.compiler" value="HotSpot 64-Bit Tiered Compilers"/>
    <property name="skip.npx" value="true"/>
    <property name="java.runtime.version" value="1.8.0_232-b09"/>
    <property name="java.net.preferIPv4Stack" value="true"/>
    <property name="user.name" value="jenkins1001"/>
    <property name="path.separator" value=":"/>
    <property name="java.security.egd" value="file:///dev/urandom"/>
    <property name="os.version" value="5.3.0-1031-azure"/>
    <property name="java.endorsed.dirs" value="/usr/lib/jvm/java-1.8.0-openjdk-1.8.0.232.b09-0.el7_7.x86_64/jre/lib/endorsed"/>
    <property name="java.runtime.name" value="OpenJDK Runtime Environment"/>
    <property name="file.encoding" value="ANSI_X3.4-1968"/>
    <property name="java.vm.name" value="OpenJDK 64-Bit Server VM"/>
    <property name="test.build.webapps" value=""/>
    <property name="localRepository" value="/home/user/.m2/repository"/>
    <property name="java.vendor.url.bug" value="http://bugreport.sun.com/bugreport/"/>
    <property name="java.io.tmpdir" value="/tmp"/>
    <property name="require.test.libhadoop" value=""/>
    <property name="java.version" value="1.8.0_232"/>
    <property name="user.dir" value="/github/workspace/mnt/ozone/hadoop-ozone/integration-test"/>
    <property name="os.arch" value="amd64"/>
    <property name="java.vm.specification.name" value="Java Virtual Machine Specification"/>
    <property name="test.build.classes" value="/github/workspace/mnt/ozone/hadoop-ozone/integration-test/target/test-classes"/>
    <property name="java.awt.printerjob" value="sun.print.PSPrinterJob"/>
    <property name="sun.os.patch.level" value="unknown"/>
    <property name="hadoop.tmp.dir" value="/github/workspace/mnt/ozone/hadoop-ozone/integration-test/target/tmp"/>
    <property name="java.library.path" value="/usr/lib:/usr/java/packages/lib/amd64:/usr/lib64:/lib64:/lib:/usr/lib"/>
    <property name="java.vm.info" value="mixed mode"/>
    <property name="java.vendor" value="Oracle Corporation"/>
    <property name="java.vm.version" value="25.232-b09"/>
    <property name="java.ext.dirs" value="/usr/lib/jvm/java-1.8.0-openjdk-1.8.0.232.b09-0.el7_7.x86_64/jre/lib/ext:/usr/java/packages/lib/ext"/>
    <property name="sun.io.unicode.encoding" value="UnicodeLittle"/>
    <property name="java.class.version" value="52.0"/>
  </properties>
  <testcase name="testMultipartUpload" classname="org.apache.hadoop.ozone.om.TestOzoneManagerHAWithData" time="30.249"/>
  <testcase name="testOMRatisSnapshot" classname="org.apache.hadoop.ozone.om.TestOzoneManagerHAWithData" time="30.371"/>
  <testcase name="testFileOperationsWithRecursive" classname="org.apache.hadoop.ozone.om.TestOzoneManagerHAWithData" time="24.538"/>
  <testcase name="testMultipartUploadWithOneOmNodeDown" classname="org.apache.hadoop.ozone.om.TestOzoneManagerHAWithData" time="27.881"/>
  <testcase name="testKeysDelete" classname="org.apache.hadoop.ozone.om.TestOzoneManagerHAWithData" time="24.447">
    <failure message="testFilesDelete" type="java.lang.AssertionError">java.lang.AssertionError: testFilesDelete
	at org.junit.Assert.fail(Assert.java:88)
	at org.apache.hadoop.ozone.om.TestOzoneManagerHAWithData.testKeysDelete(TestOzoneManagerHAWithData.java:188)
	at sun.reflect.NativeMethodAccessorImpl.invoke0(Native Method)
	at sun.reflect.NativeMethodAccessorImpl.invoke(NativeMethodAccessorImpl.java:62)
	at sun.reflect.DelegatingMethodAccessorImpl.invoke(DelegatingMethodAccessorImpl.java:43)
	at java.lang.reflect.Method.invoke(Method.java:498)
	at org.junit.runners.model.FrameworkMethod$1.runReflectiveCall(FrameworkMethod.java:47)
	at org.junit.internal.runners.model.ReflectiveCallable.run(ReflectiveCallable.java:12)
	at org.junit.runners.model.FrameworkMethod.invokeExplosively(FrameworkMethod.java:44)
	at org.junit.internal.runners.statements.InvokeMethod.evaluate(InvokeMethod.java:17)
	at org.junit.internal.runners.statements.RunBefores.evaluate(RunBefores.java:26)
	at org.junit.internal.runners.statements.RunAfters.evaluate(RunAfters.java:27)
	at org.junit.rules.ExpectedException$ExpectedExceptionStatement.evaluate(ExpectedException.java:168)
	at org.junit.internal.runners.statements.FailOnTimeout$StatementThread.run(FailOnTimeout.java:74)
</failure>
    <system-out><![CDATA[2020-07-09 05:29:23,793 [Thread-1858] WARN  server.ServerUtils (ServerUtils.java:getScmDbDir(148)) - ozone.scm.db.dirs is not configured. We recommend adding this setting. Falling back to ozone.metadata.dirs instead.
2020-07-09 05:29:23,795 [Thread-1858] WARN  server.ServerUtils (ServerUtils.java:getScmDbDir(148)) - ozone.scm.db.dirs is not configured. We recommend adding this setting. Falling back to ozone.metadata.dirs instead.
2020-07-09 05:29:23,795 [Thread-1858] WARN  db.DBStoreBuilder (DBStoreBuilder.java:createDBStoreBuilder(277)) - ozone.scm.db.dirs is not configured. We recommend adding this setting. Falling back to ozone.metadata.dirs instead.
2020-07-09 05:29:23,825 [Thread-1858] INFO  net.NodeSchemaLoader (NodeSchemaLoader.java:loadSchemaFromFile(126)) - Loading file from sun.misc.CompoundEnumeration@25d0d742
2020-07-09 05:29:23,825 [Thread-1858] INFO  net.NodeSchemaLoader (NodeSchemaLoader.java:loadSchema(172)) - Loading network topology layer schema file
2020-07-09 05:29:23,834 [Thread-1858] WARN  server.ServerUtils (ServerUtils.java:sanitizeUserArgs(73)) - ozone.scm.stale.node.interval value = 300000 is larger than max = 100000 based on the key value of ozone.scm.heartbeat.thread.interval, reset to the max value 100000.
2020-07-09 05:29:23,834 [Thread-1858] WARN  server.ServerUtils (ServerUtils.java:sanitizeUserArgs(73)) - ozone.scm.stale.node.interval value = 300000 is larger than max = 100000 based on the key value of ozone.scm.heartbeat.thread.interval, reset to the max value 100000.
2020-07-09 05:29:23,834 [Thread-1858] INFO  node.SCMNodeManager (SCMNodeManager.java:<init>(116)) - Entering startup safe mode.
2020-07-09 05:29:23,835 [Thread-1858] INFO  algorithms.ContainerPlacementPolicyFactory (ContainerPlacementPolicyFactory.java:getPolicy(60)) - Create container placement policy of type org.apache.hadoop.hdds.scm.container.placement.algorithms.SCMContainerPlacementRandom
2020-07-09 05:29:23,835 [Thread-1858] INFO  pipeline.SCMPipelineManager (SCMPipelineManager.java:initializePipelineState(158)) - No pipeline exists in current db
2020-07-09 05:29:23,837 [Thread-1858] INFO  safemode.HealthyPipelineSafeModeRule (HealthyPipelineSafeModeRule.java:<init>(89)) - Total pipeline count is 0, healthy pipeline threshold count is 0
2020-07-09 05:29:23,837 [Thread-1858] INFO  safemode.OneReplicaPipelineSafeModeRule (OneReplicaPipelineSafeModeRule.java:<init>(79)) - Total pipeline count is 0, pipeline's with at least one datanode reported threshold count is 0
2020-07-09 05:29:23,837 [Thread-1858] INFO  ipc.CallQueueManager (CallQueueManager.java:<init>(84)) - Using callQueue: class java.util.concurrent.LinkedBlockingQueue, queueCapacity: 2000, scheduler: class org.apache.hadoop.ipc.DefaultRpcScheduler, ipcBackoff: false.
2020-07-09 05:29:23,838 [Socket Reader #1 for port 0] INFO  ipc.Server (Server.java:run(1219)) - Starting Socket Reader #1 for port 0
2020-07-09 05:29:23,839 [Listener at 0.0.0.0/36787] INFO  ipc.CallQueueManager (CallQueueManager.java:<init>(84)) - Using callQueue: class java.util.concurrent.LinkedBlockingQueue, queueCapacity: 2000, scheduler: class org.apache.hadoop.ipc.DefaultRpcScheduler, ipcBackoff: false.
2020-07-09 05:29:23,842 [RatisPipelineUtilsThread] ERROR pipeline.SCMPipelineManager (SCMPipelineManager.java:createPipeline(222)) - Failed to create pipeline of type RATIS and factor ONE. Exception: Cannot create pipeline of factor 1 using 0 nodes. Used 0 nodes. Healthy nodes 0
2020-07-09 05:29:23,842 [Listener at 0.0.0.0/35295] INFO  ipc.CallQueueManager (CallQueueManager.java:<init>(84)) - Using callQueue: class java.util.concurrent.LinkedBlockingQueue, queueCapacity: 2000, scheduler: class org.apache.hadoop.ipc.DefaultRpcScheduler, ipcBackoff: false.
2020-07-09 05:29:23,843 [Socket Reader #1 for port 0] INFO  ipc.Server (Server.java:run(1219)) - Starting Socket Reader #1 for port 0
2020-07-09 05:29:23,843 [Socket Reader #1 for port 0] INFO  ipc.Server (Server.java:run(1219)) - Starting Socket Reader #1 for port 0
2020-07-09 05:29:23,847 [Listener at 0.0.0.0/34195] INFO  http.BaseHttpServer (BaseHttpServer.java:newHttpServer2BuilderForOzone(207)) - Starting Web-server for scm at: http://0.0.0.0:0
2020-07-09 05:29:23,847 [Listener at 0.0.0.0/34195] INFO  http.BaseHttpServer (BaseHttpServer.java:<init>(106)) - Hadoop Security Enabled: false Ozone Security Enabled: false Ozone HTTP Security Enabled: false 
2020-07-09 05:29:23,848 [Listener at 0.0.0.0/34195] INFO  server.AuthenticationFilter (AuthenticationFilter.java:constructSecretProvider(240)) - Unable to initialize FileSignerSecretProvider, falling back to use random secrets.
2020-07-09 05:29:23,848 [Listener at 0.0.0.0/34195] WARN  http.HttpRequestLog (HttpRequestLog.java:getRequestLog(103)) - Jetty request log can only be enabled using Log4j
2020-07-09 05:29:23,849 [Listener at 0.0.0.0/34195] INFO  http.HttpServer2 (HttpServer2.java:addGlobalFilter(998)) - Added global filter 'safety' (class=org.apache.hadoop.hdds.server.http.HttpServer2$QuotingInputFilter)
2020-07-09 05:29:23,850 [Listener at 0.0.0.0/34195] INFO  http.HttpServer2 (HttpServer2.java:addFilter(974)) - Added filter static_user_filter (class=org.apache.hadoop.http.lib.StaticUserWebFilter$StaticUserFilter) to context scm
2020-07-09 05:29:23,850 [Listener at 0.0.0.0/34195] INFO  http.HttpServer2 (HttpServer2.java:addFilter(982)) - Added filter static_user_filter (class=org.apache.hadoop.http.lib.StaticUserWebFilter$StaticUserFilter) to context static
2020-07-09 05:29:23,850 [Listener at 0.0.0.0/34195] INFO  http.HttpServer2 (HttpServer2.java:addFilter(982)) - Added filter static_user_filter (class=org.apache.hadoop.http.lib.StaticUserWebFilter$StaticUserFilter) to context logs
2020-07-09 05:29:23,852 [Listener at 0.0.0.0/34195] INFO  server.StorageContainerManager (StorageContainerManager.java:start(782)) - StorageContainerLocationProtocol RPC server is listening at /0.0.0.0:34195
2020-07-09 05:29:23,854 [Listener at 0.0.0.0/34195] WARN  impl.MetricsConfig (MetricsConfig.java:loadFirst(134)) - Cannot locate configuration: tried hadoop-metrics2-storagecontainermanager.properties,hadoop-metrics2.properties
2020-07-09 05:29:23,854 [Listener at 0.0.0.0/34195] INFO  impl.MetricsSystemImpl (MetricsSystemImpl.java:startTimer(374)) - Scheduled Metric snapshot period at 10 second(s).
2020-07-09 05:29:23,855 [Listener at 0.0.0.0/34195] INFO  impl.MetricsSystemImpl (MetricsSystemImpl.java:start(191)) - StorageContainerManager metrics system started
2020-07-09 05:29:23,877 [Listener at 0.0.0.0/34195] WARN  impl.MetricsSystemImpl (MetricsSystemImpl.java:register(276)) - Sink prometheus already exists!
2020-07-09 05:29:23,878 [Listener at 0.0.0.0/34195] INFO  server.SCMClientProtocolServer (SCMClientProtocolServer.java:start(156)) - RPC server for Client  is listening at /0.0.0.0:34195
2020-07-09 05:29:23,878 [IPC Server Responder] INFO  ipc.Server (Server.java:run(1460)) - IPC Server Responder: starting
2020-07-09 05:29:23,879 [IPC Server listener on 0] INFO  ipc.Server (Server.java:run(1298)) - IPC Server listener on 0: starting
2020-07-09 05:29:23,887 [Listener at 0.0.0.0/34195] INFO  server.StorageContainerManager (StorageContainerManager.java:start(794)) - ScmBlockLocationProtocol RPC server is listening at /0.0.0.0:35295
2020-07-09 05:29:23,887 [Listener at 0.0.0.0/34195] INFO  server.SCMBlockProtocolServer (SCMBlockProtocolServer.java:start(149)) - RPC server for Block Protocol is listening at /0.0.0.0:35295
2020-07-09 05:29:23,888 [IPC Server Responder] INFO  ipc.Server (Server.java:run(1460)) - IPC Server Responder: starting
2020-07-09 05:29:23,888 [IPC Server listener on 0] INFO  ipc.Server (Server.java:run(1298)) - IPC Server listener on 0: starting
2020-07-09 05:29:23,891 [Listener at 0.0.0.0/34195] INFO  server.StorageContainerManager (StorageContainerManager.java:start(800)) - ScmDatanodeProtocl RPC server is listening at /0.0.0.0:36787
2020-07-09 05:29:23,891 [Listener at 0.0.0.0/34195] INFO  server.SCMDatanodeProtocolServer (SCMDatanodeProtocolServer.java:start(172)) - RPC server for DataNodes is listening at /0.0.0.0:36787
2020-07-09 05:29:23,891 [IPC Server Responder] INFO  ipc.Server (Server.java:run(1460)) - IPC Server Responder: starting
2020-07-09 05:29:23,892 [IPC Server listener on 0] INFO  ipc.Server (Server.java:run(1298)) - IPC Server listener on 0: starting
2020-07-09 05:29:23,894 [Listener at 0.0.0.0/34195] INFO  http.HttpServer2 (HttpServer2.java:bindListener(1216)) - Jetty bound to port 41625
2020-07-09 05:29:23,894 [Listener at 0.0.0.0/34195] INFO  server.Server (Server.java:doStart(359)) - jetty-9.4.26.v20200117; built: 2020-01-17T12:35:33.676Z; git: 7b38981d25d14afb4a12ff1f2596756144edf695; jvm 1.8.0_232-b09
2020-07-09 05:29:23,896 [Listener at 0.0.0.0/34195] INFO  server.session (DefaultSessionIdManager.java:doStart(333)) - DefaultSessionIdManager workerName=node0
2020-07-09 05:29:23,896 [Listener at 0.0.0.0/34195] INFO  server.session (DefaultSessionIdManager.java:doStart(338)) - No SessionScavenger set, using defaults
2020-07-09 05:29:23,896 [Listener at 0.0.0.0/34195] INFO  server.session (HouseKeeper.java:startScavenging(140)) - node0 Scavenging every 660000ms
2020-07-09 05:29:23,897 [Listener at 0.0.0.0/34195] INFO  handler.ContextHandler (ContextHandler.java:doStart(825)) - Started o.e.j.s.ServletContextHandler@70b3bc38{logs,/logs,file:///github/workspace/mnt/ozone/hadoop-ozone/integration-test/target/log,AVAILABLE}
2020-07-09 05:29:23,897 [Listener at 0.0.0.0/34195] INFO  handler.ContextHandler (ContextHandler.java:doStart(825)) - Started o.e.j.s.ServletContextHandler@5ffe84a8{static,/static,file:///github/workspace/mnt/ozone/hadoop-ozone/integration-test/target/test-classes/webapps/static,AVAILABLE}
2020-07-09 05:29:23,907 [Listener at 0.0.0.0/34195] INFO  handler.ContextHandler (ContextHandler.java:doStart(825)) - Started o.e.j.w.WebAppContext@34d7efd4{scm,/,file:///github/workspace/mnt/ozone/hadoop-ozone/integration-test/target/test-classes/webapps/scm/,AVAILABLE}{file:/github/workspace/mnt/ozone/hadoop-ozone/integration-test/target/test-classes/webapps/scm}
2020-07-09 05:29:23,908 [Listener at 0.0.0.0/34195] INFO  server.AbstractConnector (AbstractConnector.java:doStart(330)) - Started ServerConnector@2750314f{HTTP/1.1,[http/1.1]}{0.0.0.0:41625}
2020-07-09 05:29:23,909 [Listener at 0.0.0.0/34195] INFO  server.Server (Server.java:doStart(399)) - Started @114109ms
2020-07-09 05:29:23,909 [Listener at 0.0.0.0/34195] WARN  impl.MetricsSystemImpl (MetricsSystemImpl.java:register(276)) - Sink prometheus already exists!
2020-07-09 05:29:23,912 [Listener at 0.0.0.0/34195] INFO  http.BaseHttpServer (BaseHttpServer.java:updateConnectorAddress(327)) - HTTP server of scm listening at http://0.0.0.0:41625
2020-07-09 05:29:23,913 [Listener at 0.0.0.0/34195] WARN  server.ServerUtils (ServerUtils.java:getDBPath(225)) - ozone.om.db.dirs is not configured. We recommend adding this setting. Falling back to ozone.metadata.dirs instead.
2020-07-09 05:29:23,917 [Listener at 0.0.0.0/34195] INFO  ha.OMHANodeDetails (OMHANodeDetails.java:loadOMHAConfig(110)) - ServiceID for OzoneManager is om-service-test1
2020-07-09 05:29:23,919 [Listener at 0.0.0.0/34195] INFO  ha.OMHANodeDetails (OMHANodeDetails.java:loadOMHAConfig(188)) - Found matching OM address with OMServiceId: om-service-test1, OMNodeId: omNode-1, RPC Address: localhost:10884 and Ratis port: 10888
2020-07-09 05:29:23,919 [Listener at 0.0.0.0/34195] INFO  ha.OMHANodeDetails (OMHANodeDetails.java:setOMNodeSpecificConfigs(314)) - Setting configuration key ozone.om.http-address with value of key ozone.om.http-address.omNode-1: 127.0.0.1:10886
2020-07-09 05:29:23,919 [Listener at 0.0.0.0/34195] INFO  ha.OMHANodeDetails (OMHANodeDetails.java:setOMNodeSpecificConfigs(314)) - Setting configuration key ozone.om.https-address with value of key ozone.om.https-address.omNode-1: 127.0.0.1:10887
2020-07-09 05:29:23,919 [Listener at 0.0.0.0/34195] INFO  ha.OMHANodeDetails (OMHANodeDetails.java:setOMNodeSpecificConfigs(314)) - Setting configuration key ozone.om.address with value of key ozone.om.address.omNode-1: 127.0.0.1:10884
2020-07-09 05:29:23,919 [Listener at 0.0.0.0/34195] WARN  server.ServerUtils (ServerUtils.java:getDBPath(225)) - ozone.om.db.dirs is not configured. We recommend adding this setting. Falling back to ozone.metadata.dirs instead.
2020-07-09 05:29:23,919 [Listener at 0.0.0.0/34195] WARN  server.ServerUtils (ServerUtils.java:getDBPath(225)) - ozone.om.db.dirs is not configured. We recommend adding this setting. Falling back to ozone.metadata.dirs instead.
2020-07-09 05:29:23,923 [org.apache.hadoop.util.JvmPauseMonitor$Monitor@1be95788] INFO  util.JvmPauseMonitor (JvmPauseMonitor.java:run(188)) - Starting JVM pause monitor
2020-07-09 05:29:23,929 [Listener at 0.0.0.0/34195] WARN  server.ServerUtils (ServerUtils.java:getDBPath(225)) - ozone.om.db.dirs is not configured. We recommend adding this setting. Falling back to ozone.metadata.dirs instead.
2020-07-09 05:29:23,986 [Listener at 0.0.0.0/34195] WARN  server.ServerUtils (ServerUtils.java:getDefaultRatisDirectory(237)) - Storage directory for Ratis is not configured. It is a good idea to map this to an SSD disk. Falling back to ozone.metadata.dirs
2020-07-09 05:29:23,986 [Listener at 0.0.0.0/34195] INFO  ratis.OzoneManagerRatisServer (OzoneManagerRatisServer.java:<init>(268)) - Instantiating OM Ratis server with GroupID: om-service-test1 and Raft Peers: localhost:10888, localhost:10894, localhost:10900
2020-07-09 05:29:23,987 [Listener at 0.0.0.0/34195] INFO  ratis.OzoneManagerStateMachine (OzoneManagerStateMachine.java:loadSnapshotInfoFromDB(539)) - LastAppliedIndex is set from TransactionInfo from OM DB as (t:0, i:~)
2020-07-09 05:29:23,987 [Listener at 0.0.0.0/34195] INFO  impl.RaftServerProxy (ConfUtils.java:logGet(44)) - raft.rpc.type = GRPC (default)
2020-07-09 05:29:23,987 [Listener at 0.0.0.0/34195] INFO  grpc.GrpcFactory (GrpcFactory.java:checkPooledByteBufAllocatorUseCacheForAllThreads(45)) - PERFORMANCE WARNING: useCacheForAllThreads is true that may cause Netty to create a lot garbage objects and, as a result, trigger GC.
	It is recommended to disable useCacheForAllThreads by setting -Dorg.apache.ratis.thirdparty.io.netty.allocator.useCacheForAllThreads=false in command line.
2020-07-09 05:29:23,987 [Listener at 0.0.0.0/34195] INFO  grpc.GrpcConfigKeys (ConfUtils.java:logGet(44)) - raft.grpc.server.port = 10888 (custom)
2020-07-09 05:29:23,987 [Listener at 0.0.0.0/34195] INFO  server.GrpcService (ConfUtils.java:logGet(44)) - raft.grpc.message.size.max = 33554432 (custom)
2020-07-09 05:29:23,987 [Listener at 0.0.0.0/34195] INFO  server.RaftServerConfigKeys (ConfUtils.java:logGet(44)) - raft.server.log.appender.buffer.byte-limit = 33554432 (custom)
2020-07-09 05:29:23,987 [Listener at 0.0.0.0/34195] INFO  server.GrpcService (ConfUtils.java:logGet(44)) - raft.grpc.flow.control.window = 1MB (=1048576) (default)
2020-07-09 05:29:23,987 [Listener at 0.0.0.0/34195] INFO  server.RaftServerConfigKeys (ConfUtils.java:logGet(44)) - raft.server.rpc.request.timeout = 3000ms (default)
2020-07-09 05:29:23,988 [Listener at 0.0.0.0/34195] INFO  server.RaftServerConfigKeys (ConfUtils.java:logGet(44)) - raft.server.storage.dir = [/github/workspace/mnt/ozone/hadoop-ozone/integration-test/target/test-dir/MiniOzoneClusterImpl-d39db876-f3fa-4cd0-af36-93cb9432015e/omNode-1/ratis] (custom)
2020-07-09 05:29:23,989 [Listener at 0.0.0.0/34195] INFO  impl.RaftServerProxy (RaftServerProxy.java:addNew(89)) - omNode-1: addNew group-523986131536:[omNode-3:localhost:10900, omNode-1:localhost:10888, omNode-2:localhost:10894] returns group-523986131536:java.util.concurrent.CompletableFuture@69b3a7c1[Not completed]
2020-07-09 05:29:23,989 [pool-461-thread-1] INFO  impl.RaftServerImpl (RaftServerImpl.java:<init>(99)) - omNode-1: new RaftServerImpl for group-523986131536:[omNode-3:localhost:10900, omNode-1:localhost:10888, omNode-2:localhost:10894] with OzoneManagerStateMachine:uninitialized
2020-07-09 05:29:23,989 [Listener at 0.0.0.0/34195] INFO  om.OzoneManager (OzoneManager.java:initializeRatisServer(1224)) - OzoneManager Ratis server initialized at port 10888
2020-07-09 05:29:23,990 [Listener at 0.0.0.0/34195] WARN  server.ServerUtils (ServerUtils.java:getDefaultRatisDirectory(237)) - Storage directory for Ratis is not configured. It is a good idea to map this to an SSD disk. Falling back to ozone.metadata.dirs
2020-07-09 05:29:23,990 [pool-461-thread-1] INFO  server.RaftServerConfigKeys (ConfUtils.java:logGet(44)) - raft.server.rpc.timeout.min = 1s (custom)
2020-07-09 05:29:23,990 [Listener at 0.0.0.0/34195] WARN  server.ServerUtils (ServerUtils.java:getDefaultRatisDirectory(237)) - Storage directory for Ratis is not configured. It is a good idea to map this to an SSD disk. Falling back to ozone.metadata.dirs
2020-07-09 05:29:23,990 [pool-461-thread-1] INFO  server.RaftServerConfigKeys (ConfUtils.java:logGet(44)) - raft.server.rpc.timeout.max = 1200ms (custom)
2020-07-09 05:29:23,990 [pool-461-thread-1] INFO  server.RaftServerConfigKeys (ConfUtils.java:logGet(44)) - raft.server.rpcslowness.timeout = 2s (custom)
2020-07-09 05:29:23,990 [Listener at 0.0.0.0/34195] INFO  snapshot.OzoneManagerSnapshotProvider (OzoneManagerSnapshotProvider.java:<init>(77)) - Initializing OM Snapshot Provider
2020-07-09 05:29:23,990 [pool-461-thread-1] INFO  server.RaftServerConfigKeys (ConfUtils.java:logGet(44)) - raft.server.sleep.deviation.threshold = 300 (default)
2020-07-09 05:29:23,990 [pool-461-thread-1] INFO  server.RaftServerConfigKeys (ConfUtils.java:logGet(44)) - raft.server.log.appender.install.snapshot.enabled = false (custom)
2020-07-09 05:29:23,990 [pool-461-thread-1] INFO  impl.RaftServerImpl (ServerState.java:<init>(103)) - omNode-1@group-523986131536: ConfigurationManager, init=-1: [omNode-3:localhost:10900, omNode-1:localhost:10888, omNode-2:localhost:10894], old=null, confs=<EMPTY_MAP>
2020-07-09 05:29:23,990 [pool-461-thread-1] INFO  server.RaftServerConfigKeys (ConfUtils.java:logGet(44)) - raft.server.storage.dir = [/github/workspace/mnt/ozone/hadoop-ozone/integration-test/target/test-dir/MiniOzoneClusterImpl-d39db876-f3fa-4cd0-af36-93cb9432015e/omNode-1/ratis] (custom)
2020-07-09 05:29:23,990 [pool-461-thread-1] INFO  server.RaftServerConfigKeys (ConfUtils.java:logGet(44)) - raft.server.log.corruption.policy = EXCEPTION (default)
2020-07-09 05:29:23,991 [pool-461-thread-1] INFO  storage.RaftStorageDirectory (RaftStorageDirectory.java:analyzeStorage(261)) - The storage directory /github/workspace/mnt/ozone/hadoop-ozone/integration-test/target/test-dir/MiniOzoneClusterImpl-d39db876-f3fa-4cd0-af36-93cb9432015e/omNode-1/ratis/c9bc4cf4-3bc3-3c60-a66b-523986131536 does not exist. Creating ...
2020-07-09 05:29:23,991 [Listener at 0.0.0.0/34195] INFO  ipc.CallQueueManager (CallQueueManager.java:<init>(84)) - Using callQueue: class java.util.concurrent.LinkedBlockingQueue, queueCapacity: 2000, scheduler: class org.apache.hadoop.ipc.DefaultRpcScheduler, ipcBackoff: false.
2020-07-09 05:29:23,992 [pool-461-thread-1] INFO  storage.RaftStorageDirectory (RaftStorageDirectory.java:tryLock(343)) - Lock on /github/workspace/mnt/ozone/hadoop-ozone/integration-test/target/test-dir/MiniOzoneClusterImpl-d39db876-f3fa-4cd0-af36-93cb9432015e/omNode-1/ratis/c9bc4cf4-3bc3-3c60-a66b-523986131536/in_use.lock acquired by nodename 20812@f7c04b9d9258
2020-07-09 05:29:23,993 [Socket Reader #1 for port 10884] INFO  ipc.Server (Server.java:run(1219)) - Starting Socket Reader #1 for port 10884
2020-07-09 05:29:24,005 [pool-461-thread-1] INFO  storage.RaftStorage (RaftStorage.java:format(84)) - Storage directory /github/workspace/mnt/ozone/hadoop-ozone/integration-test/target/test-dir/MiniOzoneClusterImpl-d39db876-f3fa-4cd0-af36-93cb9432015e/omNode-1/ratis/c9bc4cf4-3bc3-3c60-a66b-523986131536 has been successfully formatted.
2020-07-09 05:29:24,005 [pool-461-thread-1] INFO  server.RaftServerConfigKeys (ConfUtils.java:logGet(44)) - raft.server.notification.no-leader.timeout = 2s (custom)
2020-07-09 05:29:24,005 [pool-461-thread-1] INFO  server.RaftServerConfigKeys (ConfUtils.java:logGet(44)) - raft.server.log.use.memory = false (default)
2020-07-09 05:29:24,005 [pool-461-thread-1] INFO  server.RaftServerConfigKeys (ConfUtils.java:logGet(44)) - raft.server.log.purge.gap = 50 (custom)
2020-07-09 05:29:24,005 [pool-461-thread-1] INFO  server.RaftServerConfigKeys (ConfUtils.java:logGet(44)) - raft.server.log.appender.buffer.byte-limit = 33554432 (custom)
2020-07-09 05:29:24,005 [pool-461-thread-1] INFO  server.RaftServerConfigKeys (ConfUtils.java:logGet(44)) - raft.server.log.segment.size.max = 4194304 (custom)
2020-07-09 05:29:24,006 [pool-461-thread-1] INFO  metrics.RatisMetrics (RatisMetrics.java:lambda$create$0(36)) - Creating Metrics Registry : ratis.log_worker.omNode-1@group-523986131536
2020-07-09 05:29:24,006 [pool-461-thread-1] INFO  server.RaftServerConfigKeys (ConfUtils.java:logGet(44)) - raft.server.log.segment.cache.num.max = 2 (custom)
2020-07-09 05:29:24,006 [pool-461-thread-1] INFO  segmented.SegmentedRaftLogWorker (SegmentedRaftLogWorker.java:<init>(180)) - new omNode-1@group-523986131536-SegmentedRaftLogWorker for RaftStorage:Storage Directory /github/workspace/mnt/ozone/hadoop-ozone/integration-test/target/test-dir/MiniOzoneClusterImpl-d39db876-f3fa-4cd0-af36-93cb9432015e/omNode-1/ratis/c9bc4cf4-3bc3-3c60-a66b-523986131536
2020-07-09 05:29:24,006 [pool-461-thread-1] INFO  server.RaftServerConfigKeys (ConfUtils.java:logGet(44)) - raft.server.log.queue.byte-limit = 64MB (=67108864) (default)
2020-07-09 05:29:24,006 [pool-461-thread-1] INFO  server.RaftServerConfigKeys (ConfUtils.java:logGet(44)) - raft.server.log.queue.element-limit = 4096 (default)
2020-07-09 05:29:24,006 [pool-461-thread-1] INFO  server.RaftServerConfigKeys (ConfUtils.java:logGet(44)) - raft.server.log.segment.size.max = 4194304 (custom)
2020-07-09 05:29:24,006 [pool-461-thread-1] INFO  server.RaftServerConfigKeys (ConfUtils.java:logGet(44)) - raft.server.log.preallocated.size = 4194304 (custom)
2020-07-09 05:29:24,006 [pool-461-thread-1] INFO  server.RaftServerConfigKeys (ConfUtils.java:logGet(44)) - raft.server.log.write.buffer.size = 64KB (=65536) (default)
2020-07-09 05:29:24,007 [pool-461-thread-1] INFO  server.RaftServerConfigKeys (ConfUtils.java:logGet(44)) - raft.server.log.force.sync.num = 128 (default)
2020-07-09 05:29:24,007 [pool-461-thread-1] INFO  server.RaftServerConfigKeys (ConfUtils.java:logGet(44)) - raft.server.log.statemachine.data.sync = true (default)
2020-07-09 05:29:24,007 [pool-461-thread-1] INFO  server.RaftServerConfigKeys (ConfUtils.java:logGet(44)) - raft.server.log.statemachine.data.sync.timeout = 10s (default)
2020-07-09 05:29:24,007 [pool-461-thread-1] INFO  server.RaftServerConfigKeys (ConfUtils.java:logGet(44)) - raft.server.log.statemachine.data.sync.timeout.retry = -1 (default)
2020-07-09 05:29:24,008 [pool-461-thread-1] INFO  server.RaftServerConfigKeys (ConfUtils.java:logGet(44)) - raft.server.log.statemachine.data.caching.enabled = false (default)
2020-07-09 05:29:24,008 [pool-461-thread-1] INFO  segmented.SegmentedRaftLogWorker (SegmentedRaftLogWorker.java:lambda$new$0(129)) - omNode-1@group-523986131536-SegmentedRaftLogWorker: flushIndex: setUnconditionally 0 -> -1
2020-07-09 05:29:24,008 [pool-461-thread-1] INFO  segmented.SegmentedRaftLogWorker (SegmentedRaftLogWorker.java:lambda$new$0(129)) - omNode-1@group-523986131536-SegmentedRaftLogWorker: safeCacheEvictIndex: setUnconditionally 0 -> -1
2020-07-09 05:29:24,013 [pool-461-thread-1] INFO  server.RaftServerConfigKeys (ConfUtils.java:logGet(44)) - raft.server.snapshot.auto.trigger.enabled = true (custom)
2020-07-09 05:29:24,013 [pool-461-thread-1] INFO  server.RaftServerConfigKeys (ConfUtils.java:logGet(44)) - raft.server.snapshot.auto.trigger.threshold = 50 (custom)
2020-07-09 05:29:24,013 [pool-461-thread-1] INFO  server.RaftServerConfigKeys (ConfUtils.java:logGet(44)) - raft.server.snapshot.retention.file.num = -1 (default)
2020-07-09 05:29:24,013 [pool-461-thread-1] INFO  server.RaftServerConfigKeys (ConfUtils.java:logGet(44)) - raft.server.log.purge.upto.snapshot.index = false (default)
2020-07-09 05:29:24,013 [pool-461-thread-1] INFO  server.RaftServerConfigKeys (ConfUtils.java:logGet(44)) - raft.server.retrycache.expirytime = 600000ms (custom)
2020-07-09 05:29:24,013 [pool-461-thread-1] INFO  metrics.RatisMetrics (RatisMetrics.java:lambda$create$0(36)) - Creating Metrics Registry : ratis.leader_election.omNode-1@group-523986131536
2020-07-09 05:29:24,014 [pool-461-thread-1] INFO  metrics.RatisMetrics (RatisMetrics.java:lambda$create$0(36)) - Creating Metrics Registry : ratis.server.omNode-1@group-523986131536
2020-07-09 05:29:24,016 [Listener at 127.0.0.1/10884] INFO  impl.MetricsSystemImpl (MetricsSystemImpl.java:init(158)) - OzoneManager metrics system started (again)
2020-07-09 05:29:24,017 [Listener at 127.0.0.1/10884] INFO  om.OzoneManager (OzoneManager.java:start(1083)) - OzoneManager RPC server is listening at localhost/127.0.0.1:10884
2020-07-09 05:29:24,017 [Listener at 127.0.0.1/10884] INFO  ratis.OzoneManagerRatisServer (OzoneManagerRatisServer.java:start(365)) - Starting OzoneManagerRatisServer omNode-1 at port 10888
2020-07-09 05:29:24,017 [Listener at 127.0.0.1/10884] INFO  impl.RaftServerImpl (RaftServerImpl.java:start(186)) - omNode-1@group-523986131536: start as a follower, conf=-1: [omNode-3:localhost:10900, omNode-1:localhost:10888, omNode-2:localhost:10894], old=null
2020-07-09 05:29:24,017 [Listener at 127.0.0.1/10884] INFO  impl.RaftServerImpl (RaftServerImpl.java:setRole(175)) - omNode-1@group-523986131536: changes role from      null to FOLLOWER at term 0 for startAsFollower
2020-07-09 05:29:24,018 [Listener at 127.0.0.1/10884] INFO  impl.RoleInfo (RoleInfo.java:updateAndGet(143)) - omNode-1: start FollowerState
2020-07-09 05:29:24,018 [Listener at 127.0.0.1/10884] INFO  util.JmxRegister (JmxRegister.java:tryRegister(44)) - Successfully registered JMX Bean with object name Ratis:service=RaftServer,group=group-523986131536,id=omNode-1
2020-07-09 05:29:24,018 [Listener at 127.0.0.1/10884] INFO  metrics.RatisMetrics (RatisMetrics.java:lambda$create$0(36)) - Creating Metrics Registry : ratis.state_machine.omNode-1@group-523986131536
2020-07-09 05:29:24,019 [Listener at 127.0.0.1/10884] INFO  impl.RaftServerProxy (RaftServerProxy.java:lambda$start$3(304)) - omNode-1: start RPC server
2020-07-09 05:29:24,019 [Listener at 127.0.0.1/10884] INFO  server.GrpcService (GrpcService.java:startImpl(160)) - omNode-1: GrpcService started, listening on 0.0.0.0/0.0.0.0:10888
2020-07-09 05:29:24,021 [IPC Server Responder] INFO  ipc.Server (Server.java:run(1460)) - IPC Server Responder: starting
2020-07-09 05:29:24,021 [IPC Server listener on 10884] INFO  ipc.Server (Server.java:run(1298)) - IPC Server listener on 10884: starting
2020-07-09 05:29:24,036 [Listener at 127.0.0.1/10884] INFO  http.BaseHttpServer (BaseHttpServer.java:newHttpServer2BuilderForOzone(207)) - Starting Web-server for ozoneManager at: http://0.0.0.0:10886
2020-07-09 05:29:24,036 [Listener at 127.0.0.1/10884] INFO  http.BaseHttpServer (BaseHttpServer.java:<init>(106)) - Hadoop Security Enabled: false Ozone Security Enabled: false Ozone HTTP Security Enabled: false 
2020-07-09 05:29:24,037 [Listener at 127.0.0.1/10884] INFO  server.AuthenticationFilter (AuthenticationFilter.java:constructSecretProvider(240)) - Unable to initialize FileSignerSecretProvider, falling back to use random secrets.
2020-07-09 05:29:24,038 [Listener at 127.0.0.1/10884] WARN  http.HttpRequestLog (HttpRequestLog.java:getRequestLog(103)) - Jetty request log can only be enabled using Log4j
2020-07-09 05:29:24,039 [Listener at 127.0.0.1/10884] INFO  http.HttpServer2 (HttpServer2.java:addGlobalFilter(998)) - Added global filter 'safety' (class=org.apache.hadoop.hdds.server.http.HttpServer2$QuotingInputFilter)
2020-07-09 05:29:24,039 [Listener at 127.0.0.1/10884] INFO  http.HttpServer2 (HttpServer2.java:addFilter(974)) - Added filter static_user_filter (class=org.apache.hadoop.http.lib.StaticUserWebFilter$StaticUserFilter) to context ozoneManager
2020-07-09 05:29:24,039 [Listener at 127.0.0.1/10884] INFO  http.HttpServer2 (HttpServer2.java:addFilter(982)) - Added filter static_user_filter (class=org.apache.hadoop.http.lib.StaticUserWebFilter$StaticUserFilter) to context logs
2020-07-09 05:29:24,039 [Listener at 127.0.0.1/10884] INFO  http.HttpServer2 (HttpServer2.java:addFilter(982)) - Added filter static_user_filter (class=org.apache.hadoop.http.lib.StaticUserWebFilter$StaticUserFilter) to context static
2020-07-09 05:29:24,040 [Listener at 127.0.0.1/10884] INFO  http.HttpServer2 (HttpServer2.java:bindListener(1216)) - Jetty bound to port 10886
2020-07-09 05:29:24,040 [Listener at 127.0.0.1/10884] INFO  server.Server (Server.java:doStart(359)) - jetty-9.4.26.v20200117; built: 2020-01-17T12:35:33.676Z; git: 7b38981d25d14afb4a12ff1f2596756144edf695; jvm 1.8.0_232-b09
2020-07-09 05:29:24,041 [Listener at 127.0.0.1/10884] INFO  server.session (DefaultSessionIdManager.java:doStart(333)) - DefaultSessionIdManager workerName=node0
2020-07-09 05:29:24,042 [Listener at 127.0.0.1/10884] INFO  server.session (DefaultSessionIdManager.java:doStart(338)) - No SessionScavenger set, using defaults
2020-07-09 05:29:24,042 [Listener at 127.0.0.1/10884] INFO  server.session (HouseKeeper.java:startScavenging(140)) - node0 Scavenging every 660000ms
2020-07-09 05:29:24,042 [Listener at 127.0.0.1/10884] INFO  handler.ContextHandler (ContextHandler.java:doStart(825)) - Started o.e.j.s.ServletContextHandler@103a5b7d{logs,/logs,file:///github/workspace/mnt/ozone/hadoop-ozone/integration-test/target/log,AVAILABLE}
2020-07-09 05:29:24,043 [Listener at 127.0.0.1/10884] INFO  handler.ContextHandler (ContextHandler.java:doStart(825)) - Started o.e.j.s.ServletContextHandler@61843f9f{static,/static,file:///github/workspace/mnt/ozone/hadoop-ozone/integration-test/target/test-classes/webapps/static,AVAILABLE}
2020-07-09 05:29:24,047 [Listener at 127.0.0.1/10884] INFO  handler.ContextHandler (ContextHandler.java:doStart(825)) - Started o.e.j.w.WebAppContext@438a5b89{ozoneManager,/,file:///github/workspace/mnt/ozone/hadoop-ozone/integration-test/target/test-classes/webapps/ozoneManager/,AVAILABLE}{file:/github/workspace/mnt/ozone/hadoop-ozone/integration-test/target/test-classes/webapps/ozoneManager}
2020-07-09 05:29:24,049 [Listener at 127.0.0.1/10884] INFO  server.AbstractConnector (AbstractConnector.java:doStart(330)) - Started ServerConnector@5e02b292{HTTP/1.1,[http/1.1]}{0.0.0.0:10886}
2020-07-09 05:29:24,049 [Listener at 127.0.0.1/10884] INFO  server.Server (Server.java:doStart(399)) - Started @114249ms
2020-07-09 05:29:24,049 [Listener at 127.0.0.1/10884] WARN  impl.MetricsSystemImpl (MetricsSystemImpl.java:register(276)) - Sink prometheus already exists!
2020-07-09 05:29:24,052 [Listener at 127.0.0.1/10884] INFO  http.BaseHttpServer (BaseHttpServer.java:updateConnectorAddress(327)) - HTTP server of ozoneManager listening at http://0.0.0.0:10886
2020-07-09 05:29:24,052 [Listener at 127.0.0.1/10884] INFO  ozone.MiniOzoneHAClusterImpl (MiniOzoneHAClusterImpl.java:createOMService(380)) - Started OzoneManager RPC server at localhost/127.0.0.1:10884
2020-07-09 05:29:24,053 [Listener at 127.0.0.1/10884] WARN  server.ServerUtils (ServerUtils.java:getDBPath(225)) - ozone.om.db.dirs is not configured. We recommend adding this setting. Falling back to ozone.metadata.dirs instead.
2020-07-09 05:29:24,054 [org.apache.hadoop.util.JvmPauseMonitor$Monitor@33b74a8f] INFO  util.JvmPauseMonitor (JvmPauseMonitor.java:run(188)) - Starting JVM pause monitor
2020-07-09 05:29:24,054 [Listener at 127.0.0.1/10884] INFO  ha.OMHANodeDetails (OMHANodeDetails.java:loadOMHAConfig(110)) - ServiceID for OzoneManager is om-service-test1
2020-07-09 05:29:24,055 [Listener at 127.0.0.1/10884] INFO  ha.OMHANodeDetails (OMHANodeDetails.java:loadOMHAConfig(188)) - Found matching OM address with OMServiceId: om-service-test1, OMNodeId: omNode-2, RPC Address: localhost:10890 and Ratis port: 10894
2020-07-09 05:29:24,055 [Listener at 127.0.0.1/10884] INFO  ha.OMHANodeDetails (OMHANodeDetails.java:setOMNodeSpecificConfigs(314)) - Setting configuration key ozone.om.http-address with value of key ozone.om.http-address.omNode-2: 127.0.0.1:10892
2020-07-09 05:29:24,055 [Listener at 127.0.0.1/10884] INFO  ha.OMHANodeDetails (OMHANodeDetails.java:setOMNodeSpecificConfigs(314)) - Setting configuration key ozone.om.https-address with value of key ozone.om.https-address.omNode-2: 127.0.0.1:10893
2020-07-09 05:29:24,055 [Listener at 127.0.0.1/10884] INFO  ha.OMHANodeDetails (OMHANodeDetails.java:setOMNodeSpecificConfigs(314)) - Setting configuration key ozone.om.address with value of key ozone.om.address.omNode-2: 127.0.0.1:10890
2020-07-09 05:29:24,055 [Listener at 127.0.0.1/10884] WARN  server.ServerUtils (ServerUtils.java:getDBPath(225)) - ozone.om.db.dirs is not configured. We recommend adding this setting. Falling back to ozone.metadata.dirs instead.
2020-07-09 05:29:24,055 [Listener at 127.0.0.1/10884] WARN  server.ServerUtils (ServerUtils.java:getDBPath(225)) - ozone.om.db.dirs is not configured. We recommend adding this setting. Falling back to ozone.metadata.dirs instead.
2020-07-09 05:29:24,060 [Listener at 127.0.0.1/10884] WARN  server.ServerUtils (ServerUtils.java:getDBPath(225)) - ozone.om.db.dirs is not configured. We recommend adding this setting. Falling back to ozone.metadata.dirs instead.
2020-07-09 05:29:24,125 [Listener at 127.0.0.1/10884] WARN  server.ServerUtils (ServerUtils.java:getDefaultRatisDirectory(237)) - Storage directory for Ratis is not configured. It is a good idea to map this to an SSD disk. Falling back to ozone.metadata.dirs
2020-07-09 05:29:24,125 [Listener at 127.0.0.1/10884] INFO  ratis.OzoneManagerRatisServer (OzoneManagerRatisServer.java:<init>(268)) - Instantiating OM Ratis server with GroupID: om-service-test1 and Raft Peers: localhost:10894, localhost:10888, localhost:10900
2020-07-09 05:29:24,126 [Listener at 127.0.0.1/10884] INFO  ratis.OzoneManagerStateMachine (OzoneManagerStateMachine.java:loadSnapshotInfoFromDB(539)) - LastAppliedIndex is set from TransactionInfo from OM DB as (t:0, i:~)
2020-07-09 05:29:24,133 [Listener at 127.0.0.1/10884] INFO  impl.RaftServerProxy (ConfUtils.java:logGet(44)) - raft.rpc.type = GRPC (default)
2020-07-09 05:29:24,133 [Listener at 127.0.0.1/10884] INFO  grpc.GrpcFactory (GrpcFactory.java:checkPooledByteBufAllocatorUseCacheForAllThreads(45)) - PERFORMANCE WARNING: useCacheForAllThreads is true that may cause Netty to create a lot garbage objects and, as a result, trigger GC.
	It is recommended to disable useCacheForAllThreads by setting -Dorg.apache.ratis.thirdparty.io.netty.allocator.useCacheForAllThreads=false in command line.
2020-07-09 05:29:24,133 [Listener at 127.0.0.1/10884] INFO  grpc.GrpcConfigKeys (ConfUtils.java:logGet(44)) - raft.grpc.server.port = 10894 (custom)
2020-07-09 05:29:24,133 [Listener at 127.0.0.1/10884] INFO  server.GrpcService (ConfUtils.java:logGet(44)) - raft.grpc.message.size.max = 33554432 (custom)
2020-07-09 05:29:24,134 [Listener at 127.0.0.1/10884] INFO  server.RaftServerConfigKeys (ConfUtils.java:logGet(44)) - raft.server.log.appender.buffer.byte-limit = 33554432 (custom)
2020-07-09 05:29:24,134 [Listener at 127.0.0.1/10884] INFO  server.GrpcService (ConfUtils.java:logGet(44)) - raft.grpc.flow.control.window = 1MB (=1048576) (default)
2020-07-09 05:29:24,134 [Listener at 127.0.0.1/10884] INFO  server.RaftServerConfigKeys (ConfUtils.java:logGet(44)) - raft.server.rpc.request.timeout = 3000ms (default)
2020-07-09 05:29:24,135 [Listener at 127.0.0.1/10884] INFO  server.RaftServerConfigKeys (ConfUtils.java:logGet(44)) - raft.server.storage.dir = [/github/workspace/mnt/ozone/hadoop-ozone/integration-test/target/test-dir/MiniOzoneClusterImpl-d39db876-f3fa-4cd0-af36-93cb9432015e/omNode-2/ratis] (custom)
2020-07-09 05:29:24,137 [Listener at 127.0.0.1/10884] INFO  impl.RaftServerProxy (RaftServerProxy.java:addNew(89)) - omNode-2: addNew group-523986131536:[omNode-3:localhost:10900, omNode-1:localhost:10888, omNode-2:localhost:10894] returns group-523986131536:java.util.concurrent.CompletableFuture@667ab929[Not completed]
2020-07-09 05:29:24,138 [pool-477-thread-1] INFO  impl.RaftServerImpl (RaftServerImpl.java:<init>(99)) - omNode-2: new RaftServerImpl for group-523986131536:[omNode-3:localhost:10900, omNode-1:localhost:10888, omNode-2:localhost:10894] with OzoneManagerStateMachine:uninitialized
2020-07-09 05:29:24,138 [Listener at 127.0.0.1/10884] INFO  om.OzoneManager (OzoneManager.java:initializeRatisServer(1224)) - OzoneManager Ratis server initialized at port 10894
2020-07-09 05:29:24,138 [Listener at 127.0.0.1/10884] WARN  server.ServerUtils (ServerUtils.java:getDefaultRatisDirectory(237)) - Storage directory for Ratis is not configured. It is a good idea to map this to an SSD disk. Falling back to ozone.metadata.dirs
2020-07-09 05:29:24,138 [Listener at 127.0.0.1/10884] WARN  server.ServerUtils (ServerUtils.java:getDefaultRatisDirectory(237)) - Storage directory for Ratis is not configured. It is a good idea to map this to an SSD disk. Falling back to ozone.metadata.dirs
2020-07-09 05:29:24,139 [Listener at 127.0.0.1/10884] INFO  snapshot.OzoneManagerSnapshotProvider (OzoneManagerSnapshotProvider.java:<init>(77)) - Initializing OM Snapshot Provider
2020-07-09 05:29:24,146 [pool-477-thread-1] INFO  server.RaftServerConfigKeys (ConfUtils.java:logGet(44)) - raft.server.rpc.timeout.min = 1s (custom)
2020-07-09 05:29:24,146 [pool-477-thread-1] INFO  server.RaftServerConfigKeys (ConfUtils.java:logGet(44)) - raft.server.rpc.timeout.max = 1200ms (custom)
2020-07-09 05:29:24,146 [pool-477-thread-1] INFO  server.RaftServerConfigKeys (ConfUtils.java:logGet(44)) - raft.server.rpcslowness.timeout = 2s (custom)
2020-07-09 05:29:24,146 [pool-477-thread-1] INFO  server.RaftServerConfigKeys (ConfUtils.java:logGet(44)) - raft.server.sleep.deviation.threshold = 300 (default)
2020-07-09 05:29:24,146 [Listener at 127.0.0.1/10884] INFO  ipc.CallQueueManager (CallQueueManager.java:<init>(84)) - Using callQueue: class java.util.concurrent.LinkedBlockingQueue, queueCapacity: 2000, scheduler: class org.apache.hadoop.ipc.DefaultRpcScheduler, ipcBackoff: false.
2020-07-09 05:29:24,146 [pool-477-thread-1] INFO  server.RaftServerConfigKeys (ConfUtils.java:logGet(44)) - raft.server.log.appender.install.snapshot.enabled = false (custom)
2020-07-09 05:29:24,146 [pool-477-thread-1] INFO  impl.RaftServerImpl (ServerState.java:<init>(103)) - omNode-2@group-523986131536: ConfigurationManager, init=-1: [omNode-3:localhost:10900, omNode-1:localhost:10888, omNode-2:localhost:10894], old=null, confs=<EMPTY_MAP>
2020-07-09 05:29:24,147 [pool-477-thread-1] INFO  server.RaftServerConfigKeys (ConfUtils.java:logGet(44)) - raft.server.storage.dir = [/github/workspace/mnt/ozone/hadoop-ozone/integration-test/target/test-dir/MiniOzoneClusterImpl-d39db876-f3fa-4cd0-af36-93cb9432015e/omNode-2/ratis] (custom)
2020-07-09 05:29:24,147 [pool-477-thread-1] INFO  server.RaftServerConfigKeys (ConfUtils.java:logGet(44)) - raft.server.log.corruption.policy = EXCEPTION (default)
2020-07-09 05:29:24,147 [pool-477-thread-1] INFO  storage.RaftStorageDirectory (RaftStorageDirectory.java:analyzeStorage(261)) - The storage directory /github/workspace/mnt/ozone/hadoop-ozone/integration-test/target/test-dir/MiniOzoneClusterImpl-d39db876-f3fa-4cd0-af36-93cb9432015e/omNode-2/ratis/c9bc4cf4-3bc3-3c60-a66b-523986131536 does not exist. Creating ...
2020-07-09 05:29:24,147 [Socket Reader #1 for port 10890] INFO  ipc.Server (Server.java:run(1219)) - Starting Socket Reader #1 for port 10890
2020-07-09 05:29:24,157 [pool-477-thread-1] INFO  storage.RaftStorageDirectory (RaftStorageDirectory.java:tryLock(343)) - Lock on /github/workspace/mnt/ozone/hadoop-ozone/integration-test/target/test-dir/MiniOzoneClusterImpl-d39db876-f3fa-4cd0-af36-93cb9432015e/omNode-2/ratis/c9bc4cf4-3bc3-3c60-a66b-523986131536/in_use.lock acquired by nodename 20812@f7c04b9d9258
2020-07-09 05:29:24,158 [pool-477-thread-1] INFO  storage.RaftStorage (RaftStorage.java:format(84)) - Storage directory /github/workspace/mnt/ozone/hadoop-ozone/integration-test/target/test-dir/MiniOzoneClusterImpl-d39db876-f3fa-4cd0-af36-93cb9432015e/omNode-2/ratis/c9bc4cf4-3bc3-3c60-a66b-523986131536 has been successfully formatted.
2020-07-09 05:29:24,158 [pool-477-thread-1] INFO  server.RaftServerConfigKeys (ConfUtils.java:logGet(44)) - raft.server.notification.no-leader.timeout = 2s (custom)
2020-07-09 05:29:24,158 [pool-477-thread-1] INFO  server.RaftServerConfigKeys (ConfUtils.java:logGet(44)) - raft.server.log.use.memory = false (default)
2020-07-09 05:29:24,158 [pool-477-thread-1] INFO  server.RaftServerConfigKeys (ConfUtils.java:logGet(44)) - raft.server.log.purge.gap = 50 (custom)
2020-07-09 05:29:24,159 [pool-477-thread-1] INFO  server.RaftServerConfigKeys (ConfUtils.java:logGet(44)) - raft.server.log.appender.buffer.byte-limit = 33554432 (custom)
2020-07-09 05:29:24,159 [pool-477-thread-1] INFO  server.RaftServerConfigKeys (ConfUtils.java:logGet(44)) - raft.server.log.segment.size.max = 4194304 (custom)
2020-07-09 05:29:24,159 [pool-477-thread-1] INFO  metrics.RatisMetrics (RatisMetrics.java:lambda$create$0(36)) - Creating Metrics Registry : ratis.log_worker.omNode-2@group-523986131536
2020-07-09 05:29:24,159 [pool-477-thread-1] INFO  server.RaftServerConfigKeys (ConfUtils.java:logGet(44)) - raft.server.log.segment.cache.num.max = 2 (custom)
2020-07-09 05:29:24,159 [pool-477-thread-1] INFO  segmented.SegmentedRaftLogWorker (SegmentedRaftLogWorker.java:<init>(180)) - new omNode-2@group-523986131536-SegmentedRaftLogWorker for RaftStorage:Storage Directory /github/workspace/mnt/ozone/hadoop-ozone/integration-test/target/test-dir/MiniOzoneClusterImpl-d39db876-f3fa-4cd0-af36-93cb9432015e/omNode-2/ratis/c9bc4cf4-3bc3-3c60-a66b-523986131536
2020-07-09 05:29:24,159 [pool-477-thread-1] INFO  server.RaftServerConfigKeys (ConfUtils.java:logGet(44)) - raft.server.log.queue.byte-limit = 64MB (=67108864) (default)
2020-07-09 05:29:24,159 [pool-477-thread-1] INFO  server.RaftServerConfigKeys (ConfUtils.java:logGet(44)) - raft.server.log.queue.element-limit = 4096 (default)
2020-07-09 05:29:24,159 [pool-477-thread-1] INFO  server.RaftServerConfigKeys (ConfUtils.java:logGet(44)) - raft.server.log.segment.size.max = 4194304 (custom)
2020-07-09 05:29:24,159 [pool-477-thread-1] INFO  server.RaftServerConfigKeys (ConfUtils.java:logGet(44)) - raft.server.log.preallocated.size = 4194304 (custom)
2020-07-09 05:29:24,159 [pool-477-thread-1] INFO  server.RaftServerConfigKeys (ConfUtils.java:logGet(44)) - raft.server.log.write.buffer.size = 64KB (=65536) (default)
2020-07-09 05:29:24,159 [pool-477-thread-1] INFO  server.RaftServerConfigKeys (ConfUtils.java:logGet(44)) - raft.server.log.force.sync.num = 128 (default)
2020-07-09 05:29:24,159 [pool-477-thread-1] INFO  server.RaftServerConfigKeys (ConfUtils.java:logGet(44)) - raft.server.log.statemachine.data.sync = true (default)
2020-07-09 05:29:24,159 [pool-477-thread-1] INFO  server.RaftServerConfigKeys (ConfUtils.java:logGet(44)) - raft.server.log.statemachine.data.sync.timeout = 10s (default)
2020-07-09 05:29:24,159 [pool-477-thread-1] INFO  server.RaftServerConfigKeys (ConfUtils.java:logGet(44)) - raft.server.log.statemachine.data.sync.timeout.retry = -1 (default)
2020-07-09 05:29:24,161 [pool-477-thread-1] INFO  server.RaftServerConfigKeys (ConfUtils.java:logGet(44)) - raft.server.log.statemachine.data.caching.enabled = false (default)
2020-07-09 05:29:24,161 [pool-477-thread-1] INFO  segmented.SegmentedRaftLogWorker (SegmentedRaftLogWorker.java:lambda$new$0(129)) - omNode-2@group-523986131536-SegmentedRaftLogWorker: flushIndex: setUnconditionally 0 -> -1
2020-07-09 05:29:24,161 [pool-477-thread-1] INFO  segmented.SegmentedRaftLogWorker (SegmentedRaftLogWorker.java:lambda$new$0(129)) - omNode-2@group-523986131536-SegmentedRaftLogWorker: safeCacheEvictIndex: setUnconditionally 0 -> -1
2020-07-09 05:29:24,166 [Listener at 127.0.0.1/10890] INFO  impl.MetricsSystemImpl (MetricsSystemImpl.java:init(158)) - OzoneManager metrics system started (again)
2020-07-09 05:29:24,166 [pool-477-thread-1] INFO  server.RaftServerConfigKeys (ConfUtils.java:logGet(44)) - raft.server.snapshot.auto.trigger.enabled = true (custom)
2020-07-09 05:29:24,166 [pool-477-thread-1] INFO  server.RaftServerConfigKeys (ConfUtils.java:logGet(44)) - raft.server.snapshot.auto.trigger.threshold = 50 (custom)
2020-07-09 05:29:24,166 [pool-477-thread-1] INFO  server.RaftServerConfigKeys (ConfUtils.java:logGet(44)) - raft.server.snapshot.retention.file.num = -1 (default)
2020-07-09 05:29:24,166 [pool-477-thread-1] INFO  server.RaftServerConfigKeys (ConfUtils.java:logGet(44)) - raft.server.log.purge.upto.snapshot.index = false (default)
2020-07-09 05:29:24,167 [pool-477-thread-1] INFO  server.RaftServerConfigKeys (ConfUtils.java:logGet(44)) - raft.server.retrycache.expirytime = 600000ms (custom)
2020-07-09 05:29:24,167 [pool-477-thread-1] INFO  metrics.RatisMetrics (RatisMetrics.java:lambda$create$0(36)) - Creating Metrics Registry : ratis.leader_election.omNode-2@group-523986131536
2020-07-09 05:29:24,167 [Listener at 127.0.0.1/10890] INFO  om.OzoneManager (OzoneManager.java:start(1083)) - OzoneManager RPC server is listening at localhost/127.0.0.1:10890
2020-07-09 05:29:24,167 [Listener at 127.0.0.1/10890] INFO  ratis.OzoneManagerRatisServer (OzoneManagerRatisServer.java:start(365)) - Starting OzoneManagerRatisServer omNode-2 at port 10894
2020-07-09 05:29:24,168 [pool-477-thread-1] INFO  metrics.RatisMetrics (RatisMetrics.java:lambda$create$0(36)) - Creating Metrics Registry : ratis.server.omNode-2@group-523986131536
2020-07-09 05:29:24,171 [Listener at 127.0.0.1/10890] INFO  impl.RaftServerImpl (RaftServerImpl.java:start(186)) - omNode-2@group-523986131536: start as a follower, conf=-1: [omNode-3:localhost:10900, omNode-1:localhost:10888, omNode-2:localhost:10894], old=null
2020-07-09 05:29:24,171 [Listener at 127.0.0.1/10890] INFO  impl.RaftServerImpl (RaftServerImpl.java:setRole(175)) - omNode-2@group-523986131536: changes role from      null to FOLLOWER at term 0 for startAsFollower
2020-07-09 05:29:24,171 [Listener at 127.0.0.1/10890] INFO  impl.RoleInfo (RoleInfo.java:updateAndGet(143)) - omNode-2: start FollowerState
2020-07-09 05:29:24,171 [Listener at 127.0.0.1/10890] INFO  util.JmxRegister (JmxRegister.java:tryRegister(44)) - Successfully registered JMX Bean with object name Ratis:service=RaftServer,group=group-523986131536,id=omNode-2
2020-07-09 05:29:24,171 [Listener at 127.0.0.1/10890] INFO  metrics.RatisMetrics (RatisMetrics.java:lambda$create$0(36)) - Creating Metrics Registry : ratis.state_machine.omNode-2@group-523986131536
2020-07-09 05:29:24,172 [Listener at 127.0.0.1/10890] INFO  impl.RaftServerProxy (RaftServerProxy.java:lambda$start$3(304)) - omNode-2: start RPC server
2020-07-09 05:29:24,173 [Listener at 127.0.0.1/10890] INFO  server.GrpcService (GrpcService.java:startImpl(160)) - omNode-2: GrpcService started, listening on 0.0.0.0/0.0.0.0:10894
2020-07-09 05:29:24,174 [IPC Server Responder] INFO  ipc.Server (Server.java:run(1460)) - IPC Server Responder: starting
2020-07-09 05:29:24,177 [IPC Server listener on 10890] INFO  ipc.Server (Server.java:run(1298)) - IPC Server listener on 10890: starting
2020-07-09 05:29:24,187 [Listener at 127.0.0.1/10890] INFO  http.BaseHttpServer (BaseHttpServer.java:newHttpServer2BuilderForOzone(207)) - Starting Web-server for ozoneManager at: http://0.0.0.0:10892
2020-07-09 05:29:24,187 [Listener at 127.0.0.1/10890] INFO  http.BaseHttpServer (BaseHttpServer.java:<init>(106)) - Hadoop Security Enabled: false Ozone Security Enabled: false Ozone HTTP Security Enabled: false 
2020-07-09 05:29:24,188 [Listener at 127.0.0.1/10890] INFO  server.AuthenticationFilter (AuthenticationFilter.java:constructSecretProvider(240)) - Unable to initialize FileSignerSecretProvider, falling back to use random secrets.
2020-07-09 05:29:24,189 [Listener at 127.0.0.1/10890] WARN  http.HttpRequestLog (HttpRequestLog.java:getRequestLog(103)) - Jetty request log can only be enabled using Log4j
2020-07-09 05:29:24,190 [Listener at 127.0.0.1/10890] INFO  http.HttpServer2 (HttpServer2.java:addGlobalFilter(998)) - Added global filter 'safety' (class=org.apache.hadoop.hdds.server.http.HttpServer2$QuotingInputFilter)
2020-07-09 05:29:24,190 [Listener at 127.0.0.1/10890] INFO  http.HttpServer2 (HttpServer2.java:addFilter(974)) - Added filter static_user_filter (class=org.apache.hadoop.http.lib.StaticUserWebFilter$StaticUserFilter) to context ozoneManager
2020-07-09 05:29:24,190 [Listener at 127.0.0.1/10890] INFO  http.HttpServer2 (HttpServer2.java:addFilter(982)) - Added filter static_user_filter (class=org.apache.hadoop.http.lib.StaticUserWebFilter$StaticUserFilter) to context static
2020-07-09 05:29:24,190 [Listener at 127.0.0.1/10890] INFO  http.HttpServer2 (HttpServer2.java:addFilter(982)) - Added filter static_user_filter (class=org.apache.hadoop.http.lib.StaticUserWebFilter$StaticUserFilter) to context logs
2020-07-09 05:29:24,190 [Listener at 127.0.0.1/10890] INFO  http.HttpServer2 (HttpServer2.java:bindListener(1216)) - Jetty bound to port 10892
2020-07-09 05:29:24,191 [Listener at 127.0.0.1/10890] INFO  server.Server (Server.java:doStart(359)) - jetty-9.4.26.v20200117; built: 2020-01-17T12:35:33.676Z; git: 7b38981d25d14afb4a12ff1f2596756144edf695; jvm 1.8.0_232-b09
2020-07-09 05:29:24,194 [Listener at 127.0.0.1/10890] INFO  server.session (DefaultSessionIdManager.java:doStart(333)) - DefaultSessionIdManager workerName=node0
2020-07-09 05:29:24,194 [Listener at 127.0.0.1/10890] INFO  server.session (DefaultSessionIdManager.java:doStart(338)) - No SessionScavenger set, using defaults
2020-07-09 05:29:24,195 [Listener at 127.0.0.1/10890] INFO  server.session (HouseKeeper.java:startScavenging(140)) - node0 Scavenging every 600000ms
2020-07-09 05:29:24,195 [Listener at 127.0.0.1/10890] INFO  handler.ContextHandler (ContextHandler.java:doStart(825)) - Started o.e.j.s.ServletContextHandler@67d5d50d{logs,/logs,file:///github/workspace/mnt/ozone/hadoop-ozone/integration-test/target/log,AVAILABLE}
2020-07-09 05:29:24,195 [Listener at 127.0.0.1/10890] INFO  handler.ContextHandler (ContextHandler.java:doStart(825)) - Started o.e.j.s.ServletContextHandler@39e87a6e{static,/static,file:///github/workspace/mnt/ozone/hadoop-ozone/integration-test/target/test-classes/webapps/static,AVAILABLE}
2020-07-09 05:29:24,199 [Listener at 127.0.0.1/10890] INFO  handler.ContextHandler (ContextHandler.java:doStart(825)) - Started o.e.j.w.WebAppContext@68ca6f0e{ozoneManager,/,file:///github/workspace/mnt/ozone/hadoop-ozone/integration-test/target/test-classes/webapps/ozoneManager/,AVAILABLE}{file:/github/workspace/mnt/ozone/hadoop-ozone/integration-test/target/test-classes/webapps/ozoneManager}
2020-07-09 05:29:24,200 [Listener at 127.0.0.1/10890] INFO  server.AbstractConnector (AbstractConnector.java:doStart(330)) - Started ServerConnector@761cfe62{HTTP/1.1,[http/1.1]}{0.0.0.0:10892}
2020-07-09 05:29:24,200 [Listener at 127.0.0.1/10890] INFO  server.Server (Server.java:doStart(399)) - Started @114400ms
2020-07-09 05:29:24,200 [Listener at 127.0.0.1/10890] WARN  impl.MetricsSystemImpl (MetricsSystemImpl.java:register(276)) - Sink prometheus already exists!
2020-07-09 05:29:24,203 [Listener at 127.0.0.1/10890] INFO  http.BaseHttpServer (BaseHttpServer.java:updateConnectorAddress(327)) - HTTP server of ozoneManager listening at http://0.0.0.0:10892
2020-07-09 05:29:24,203 [Listener at 127.0.0.1/10890] INFO  ozone.MiniOzoneHAClusterImpl (MiniOzoneHAClusterImpl.java:createOMService(380)) - Started OzoneManager RPC server at localhost/127.0.0.1:10890
2020-07-09 05:29:24,204 [org.apache.hadoop.util.JvmPauseMonitor$Monitor@209a3616] INFO  util.JvmPauseMonitor (JvmPauseMonitor.java:run(188)) - Starting JVM pause monitor
2020-07-09 05:29:24,204 [Listener at 127.0.0.1/10890] WARN  server.ServerUtils (ServerUtils.java:getDBPath(225)) - ozone.om.db.dirs is not configured. We recommend adding this setting. Falling back to ozone.metadata.dirs instead.
2020-07-09 05:29:24,205 [Listener at 127.0.0.1/10890] INFO  ha.OMHANodeDetails (OMHANodeDetails.java:loadOMHAConfig(110)) - ServiceID for OzoneManager is om-service-test1
2020-07-09 05:29:24,206 [Listener at 127.0.0.1/10890] INFO  ha.OMHANodeDetails (OMHANodeDetails.java:loadOMHAConfig(188)) - Found matching OM address with OMServiceId: om-service-test1, OMNodeId: omNode-3, RPC Address: localhost:10896 and Ratis port: 10900
2020-07-09 05:29:24,206 [Listener at 127.0.0.1/10890] INFO  ha.OMHANodeDetails (OMHANodeDetails.java:setOMNodeSpecificConfigs(314)) - Setting configuration key ozone.om.http-address with value of key ozone.om.http-address.omNode-3: 127.0.0.1:10898
2020-07-09 05:29:24,206 [Listener at 127.0.0.1/10890] INFO  ha.OMHANodeDetails (OMHANodeDetails.java:setOMNodeSpecificConfigs(314)) - Setting configuration key ozone.om.https-address with value of key ozone.om.https-address.omNode-3: 127.0.0.1:10899
2020-07-09 05:29:24,206 [Listener at 127.0.0.1/10890] INFO  ha.OMHANodeDetails (OMHANodeDetails.java:setOMNodeSpecificConfigs(314)) - Setting configuration key ozone.om.address with value of key ozone.om.address.omNode-3: 127.0.0.1:10896
2020-07-09 05:29:24,206 [Listener at 127.0.0.1/10890] WARN  server.ServerUtils (ServerUtils.java:getDBPath(225)) - ozone.om.db.dirs is not configured. We recommend adding this setting. Falling back to ozone.metadata.dirs instead.
2020-07-09 05:29:24,207 [Listener at 127.0.0.1/10890] WARN  server.ServerUtils (ServerUtils.java:getDBPath(225)) - ozone.om.db.dirs is not configured. We recommend adding this setting. Falling back to ozone.metadata.dirs instead.
2020-07-09 05:29:24,209 [Listener at 127.0.0.1/10890] WARN  server.ServerUtils (ServerUtils.java:getDBPath(225)) - ozone.om.db.dirs is not configured. We recommend adding this setting. Falling back to ozone.metadata.dirs instead.
2020-07-09 05:29:24,269 [Listener at 127.0.0.1/10890] WARN  server.ServerUtils (ServerUtils.java:getDefaultRatisDirectory(237)) - Storage directory for Ratis is not configured. It is a good idea to map this to an SSD disk. Falling back to ozone.metadata.dirs
2020-07-09 05:29:24,270 [Listener at 127.0.0.1/10890] INFO  ratis.OzoneManagerRatisServer (OzoneManagerRatisServer.java:<init>(268)) - Instantiating OM Ratis server with GroupID: om-service-test1 and Raft Peers: localhost:10900, localhost:10888, localhost:10894
2020-07-09 05:29:24,270 [Listener at 127.0.0.1/10890] INFO  ratis.OzoneManagerStateMachine (OzoneManagerStateMachine.java:loadSnapshotInfoFromDB(539)) - LastAppliedIndex is set from TransactionInfo from OM DB as (t:0, i:~)
2020-07-09 05:29:24,270 [Listener at 127.0.0.1/10890] INFO  impl.RaftServerProxy (ConfUtils.java:logGet(44)) - raft.rpc.type = GRPC (default)
2020-07-09 05:29:24,270 [Listener at 127.0.0.1/10890] INFO  grpc.GrpcFactory (GrpcFactory.java:checkPooledByteBufAllocatorUseCacheForAllThreads(45)) - PERFORMANCE WARNING: useCacheForAllThreads is true that may cause Netty to create a lot garbage objects and, as a result, trigger GC.
	It is recommended to disable useCacheForAllThreads by setting -Dorg.apache.ratis.thirdparty.io.netty.allocator.useCacheForAllThreads=false in command line.
2020-07-09 05:29:24,271 [Listener at 127.0.0.1/10890] INFO  grpc.GrpcConfigKeys (ConfUtils.java:logGet(44)) - raft.grpc.server.port = 10900 (custom)
2020-07-09 05:29:24,271 [Listener at 127.0.0.1/10890] INFO  server.GrpcService (ConfUtils.java:logGet(44)) - raft.grpc.message.size.max = 33554432 (custom)
2020-07-09 05:29:24,271 [Listener at 127.0.0.1/10890] INFO  server.RaftServerConfigKeys (ConfUtils.java:logGet(44)) - raft.server.log.appender.buffer.byte-limit = 33554432 (custom)
2020-07-09 05:29:24,271 [Listener at 127.0.0.1/10890] INFO  server.GrpcService (ConfUtils.java:logGet(44)) - raft.grpc.flow.control.window = 1MB (=1048576) (default)
2020-07-09 05:29:24,271 [Listener at 127.0.0.1/10890] INFO  server.RaftServerConfigKeys (ConfUtils.java:logGet(44)) - raft.server.rpc.request.timeout = 3000ms (default)
2020-07-09 05:29:24,272 [Listener at 127.0.0.1/10890] INFO  server.RaftServerConfigKeys (ConfUtils.java:logGet(44)) - raft.server.storage.dir = [/github/workspace/mnt/ozone/hadoop-ozone/integration-test/target/test-dir/MiniOzoneClusterImpl-d39db876-f3fa-4cd0-af36-93cb9432015e/omNode-3/ratis] (custom)
2020-07-09 05:29:24,272 [Listener at 127.0.0.1/10890] INFO  impl.RaftServerProxy (RaftServerProxy.java:addNew(89)) - omNode-3: addNew group-523986131536:[omNode-3:localhost:10900, omNode-1:localhost:10888, omNode-2:localhost:10894] returns group-523986131536:java.util.concurrent.CompletableFuture@1ced858b[Not completed]
2020-07-09 05:29:24,273 [pool-493-thread-1] INFO  impl.RaftServerImpl (RaftServerImpl.java:<init>(99)) - omNode-3: new RaftServerImpl for group-523986131536:[omNode-3:localhost:10900, omNode-1:localhost:10888, omNode-2:localhost:10894] with OzoneManagerStateMachine:uninitialized
2020-07-09 05:29:24,273 [Listener at 127.0.0.1/10890] INFO  om.OzoneManager (OzoneManager.java:initializeRatisServer(1224)) - OzoneManager Ratis server initialized at port 10900
2020-07-09 05:29:24,274 [Listener at 127.0.0.1/10890] WARN  server.ServerUtils (ServerUtils.java:getDefaultRatisDirectory(237)) - Storage directory for Ratis is not configured. It is a good idea to map this to an SSD disk. Falling back to ozone.metadata.dirs
2020-07-09 05:29:24,274 [pool-493-thread-1] INFO  server.RaftServerConfigKeys (ConfUtils.java:logGet(44)) - raft.server.rpc.timeout.min = 1s (custom)
2020-07-09 05:29:24,274 [Listener at 127.0.0.1/10890] WARN  server.ServerUtils (ServerUtils.java:getDefaultRatisDirectory(237)) - Storage directory for Ratis is not configured. It is a good idea to map this to an SSD disk. Falling back to ozone.metadata.dirs
2020-07-09 05:29:24,274 [pool-493-thread-1] INFO  server.RaftServerConfigKeys (ConfUtils.java:logGet(44)) - raft.server.rpc.timeout.max = 1200ms (custom)
2020-07-09 05:29:24,274 [Listener at 127.0.0.1/10890] INFO  snapshot.OzoneManagerSnapshotProvider (OzoneManagerSnapshotProvider.java:<init>(77)) - Initializing OM Snapshot Provider
2020-07-09 05:29:24,274 [pool-493-thread-1] INFO  server.RaftServerConfigKeys (ConfUtils.java:logGet(44)) - raft.server.rpcslowness.timeout = 2s (custom)
2020-07-09 05:29:24,274 [pool-493-thread-1] INFO  server.RaftServerConfigKeys (ConfUtils.java:logGet(44)) - raft.server.sleep.deviation.threshold = 300 (default)
2020-07-09 05:29:24,274 [pool-493-thread-1] INFO  server.RaftServerConfigKeys (ConfUtils.java:logGet(44)) - raft.server.log.appender.install.snapshot.enabled = false (custom)
2020-07-09 05:29:24,274 [pool-493-thread-1] INFO  impl.RaftServerImpl (ServerState.java:<init>(103)) - omNode-3@group-523986131536: ConfigurationManager, init=-1: [omNode-3:localhost:10900, omNode-1:localhost:10888, omNode-2:localhost:10894], old=null, confs=<EMPTY_MAP>
2020-07-09 05:29:24,274 [pool-493-thread-1] INFO  server.RaftServerConfigKeys (ConfUtils.java:logGet(44)) - raft.server.storage.dir = [/github/workspace/mnt/ozone/hadoop-ozone/integration-test/target/test-dir/MiniOzoneClusterImpl-d39db876-f3fa-4cd0-af36-93cb9432015e/omNode-3/ratis] (custom)
2020-07-09 05:29:24,275 [pool-493-thread-1] INFO  server.RaftServerConfigKeys (ConfUtils.java:logGet(44)) - raft.server.log.corruption.policy = EXCEPTION (default)
2020-07-09 05:29:24,275 [pool-493-thread-1] INFO  storage.RaftStorageDirectory (RaftStorageDirectory.java:analyzeStorage(261)) - The storage directory /github/workspace/mnt/ozone/hadoop-ozone/integration-test/target/test-dir/MiniOzoneClusterImpl-d39db876-f3fa-4cd0-af36-93cb9432015e/omNode-3/ratis/c9bc4cf4-3bc3-3c60-a66b-523986131536 does not exist. Creating ...
2020-07-09 05:29:24,276 [pool-493-thread-1] INFO  storage.RaftStorageDirectory (RaftStorageDirectory.java:tryLock(343)) - Lock on /github/workspace/mnt/ozone/hadoop-ozone/integration-test/target/test-dir/MiniOzoneClusterImpl-d39db876-f3fa-4cd0-af36-93cb9432015e/omNode-3/ratis/c9bc4cf4-3bc3-3c60-a66b-523986131536/in_use.lock acquired by nodename 20812@f7c04b9d9258
2020-07-09 05:29:24,277 [Listener at 127.0.0.1/10890] INFO  ipc.CallQueueManager (CallQueueManager.java:<init>(84)) - Using callQueue: class java.util.concurrent.LinkedBlockingQueue, queueCapacity: 2000, scheduler: class org.apache.hadoop.ipc.DefaultRpcScheduler, ipcBackoff: false.
2020-07-09 05:29:24,278 [pool-493-thread-1] INFO  storage.RaftStorage (RaftStorage.java:format(84)) - Storage directory /github/workspace/mnt/ozone/hadoop-ozone/integration-test/target/test-dir/MiniOzoneClusterImpl-d39db876-f3fa-4cd0-af36-93cb9432015e/omNode-3/ratis/c9bc4cf4-3bc3-3c60-a66b-523986131536 has been successfully formatted.
2020-07-09 05:29:24,278 [pool-493-thread-1] INFO  server.RaftServerConfigKeys (ConfUtils.java:logGet(44)) - raft.server.notification.no-leader.timeout = 2s (custom)
2020-07-09 05:29:24,278 [pool-493-thread-1] INFO  server.RaftServerConfigKeys (ConfUtils.java:logGet(44)) - raft.server.log.use.memory = false (default)
2020-07-09 05:29:24,278 [pool-493-thread-1] INFO  server.RaftServerConfigKeys (ConfUtils.java:logGet(44)) - raft.server.log.purge.gap = 50 (custom)
2020-07-09 05:29:24,278 [pool-493-thread-1] INFO  server.RaftServerConfigKeys (ConfUtils.java:logGet(44)) - raft.server.log.appender.buffer.byte-limit = 33554432 (custom)
2020-07-09 05:29:24,278 [pool-493-thread-1] INFO  server.RaftServerConfigKeys (ConfUtils.java:logGet(44)) - raft.server.log.segment.size.max = 4194304 (custom)
2020-07-09 05:29:24,279 [pool-493-thread-1] INFO  metrics.RatisMetrics (RatisMetrics.java:lambda$create$0(36)) - Creating Metrics Registry : ratis.log_worker.omNode-3@group-523986131536
2020-07-09 05:29:24,279 [pool-493-thread-1] INFO  server.RaftServerConfigKeys (ConfUtils.java:logGet(44)) - raft.server.log.segment.cache.num.max = 2 (custom)
2020-07-09 05:29:24,279 [pool-493-thread-1] INFO  segmented.SegmentedRaftLogWorker (SegmentedRaftLogWorker.java:<init>(180)) - new omNode-3@group-523986131536-SegmentedRaftLogWorker for RaftStorage:Storage Directory /github/workspace/mnt/ozone/hadoop-ozone/integration-test/target/test-dir/MiniOzoneClusterImpl-d39db876-f3fa-4cd0-af36-93cb9432015e/omNode-3/ratis/c9bc4cf4-3bc3-3c60-a66b-523986131536
2020-07-09 05:29:24,279 [pool-493-thread-1] INFO  server.RaftServerConfigKeys (ConfUtils.java:logGet(44)) - raft.server.log.queue.byte-limit = 64MB (=67108864) (default)
2020-07-09 05:29:24,279 [pool-493-thread-1] INFO  server.RaftServerConfigKeys (ConfUtils.java:logGet(44)) - raft.server.log.queue.element-limit = 4096 (default)
2020-07-09 05:29:24,279 [pool-493-thread-1] INFO  server.RaftServerConfigKeys (ConfUtils.java:logGet(44)) - raft.server.log.segment.size.max = 4194304 (custom)
2020-07-09 05:29:24,280 [pool-493-thread-1] INFO  server.RaftServerConfigKeys (ConfUtils.java:logGet(44)) - raft.server.log.preallocated.size = 4194304 (custom)
2020-07-09 05:29:24,280 [pool-493-thread-1] INFO  server.RaftServerConfigKeys (ConfUtils.java:logGet(44)) - raft.server.log.write.buffer.size = 64KB (=65536) (default)
2020-07-09 05:29:24,280 [pool-493-thread-1] INFO  server.RaftServerConfigKeys (ConfUtils.java:logGet(44)) - raft.server.log.force.sync.num = 128 (default)
2020-07-09 05:29:24,280 [pool-493-thread-1] INFO  server.RaftServerConfigKeys (ConfUtils.java:logGet(44)) - raft.server.log.statemachine.data.sync = true (default)
2020-07-09 05:29:24,280 [pool-493-thread-1] INFO  server.RaftServerConfigKeys (ConfUtils.java:logGet(44)) - raft.server.log.statemachine.data.sync.timeout = 10s (default)
2020-07-09 05:29:24,280 [pool-493-thread-1] INFO  server.RaftServerConfigKeys (ConfUtils.java:logGet(44)) - raft.server.log.statemachine.data.sync.timeout.retry = -1 (default)
2020-07-09 05:29:24,282 [pool-493-thread-1] INFO  server.RaftServerConfigKeys (ConfUtils.java:logGet(44)) - raft.server.log.statemachine.data.caching.enabled = false (default)
2020-07-09 05:29:24,283 [Socket Reader #1 for port 10896] INFO  ipc.Server (Server.java:run(1219)) - Starting Socket Reader #1 for port 10896
2020-07-09 05:29:24,283 [pool-493-thread-1] INFO  segmented.SegmentedRaftLogWorker (SegmentedRaftLogWorker.java:lambda$new$0(129)) - omNode-3@group-523986131536-SegmentedRaftLogWorker: flushIndex: setUnconditionally 0 -> -1
2020-07-09 05:29:24,283 [pool-493-thread-1] INFO  segmented.SegmentedRaftLogWorker (SegmentedRaftLogWorker.java:lambda$new$0(129)) - omNode-3@group-523986131536-SegmentedRaftLogWorker: safeCacheEvictIndex: setUnconditionally 0 -> -1
2020-07-09 05:29:24,284 [pool-493-thread-1] INFO  server.RaftServerConfigKeys (ConfUtils.java:logGet(44)) - raft.server.snapshot.auto.trigger.enabled = true (custom)
2020-07-09 05:29:24,284 [pool-493-thread-1] INFO  server.RaftServerConfigKeys (ConfUtils.java:logGet(44)) - raft.server.snapshot.auto.trigger.threshold = 50 (custom)
2020-07-09 05:29:24,284 [pool-493-thread-1] INFO  server.RaftServerConfigKeys (ConfUtils.java:logGet(44)) - raft.server.snapshot.retention.file.num = -1 (default)
2020-07-09 05:29:24,284 [pool-493-thread-1] INFO  server.RaftServerConfigKeys (ConfUtils.java:logGet(44)) - raft.server.log.purge.upto.snapshot.index = false (default)
2020-07-09 05:29:24,284 [pool-493-thread-1] INFO  server.RaftServerConfigKeys (ConfUtils.java:logGet(44)) - raft.server.retrycache.expirytime = 600000ms (custom)
2020-07-09 05:29:24,284 [pool-493-thread-1] INFO  metrics.RatisMetrics (RatisMetrics.java:lambda$create$0(36)) - Creating Metrics Registry : ratis.leader_election.omNode-3@group-523986131536
2020-07-09 05:29:24,285 [pool-493-thread-1] INFO  metrics.RatisMetrics (RatisMetrics.java:lambda$create$0(36)) - Creating Metrics Registry : ratis.server.omNode-3@group-523986131536
2020-07-09 05:29:24,301 [Listener at 127.0.0.1/10896] INFO  impl.MetricsSystemImpl (MetricsSystemImpl.java:init(158)) - OzoneManager metrics system started (again)
2020-07-09 05:29:24,302 [Listener at 127.0.0.1/10896] INFO  om.OzoneManager (OzoneManager.java:start(1083)) - OzoneManager RPC server is listening at localhost/127.0.0.1:10896
2020-07-09 05:29:24,302 [Listener at 127.0.0.1/10896] INFO  ratis.OzoneManagerRatisServer (OzoneManagerRatisServer.java:start(365)) - Starting OzoneManagerRatisServer omNode-3 at port 10900
2020-07-09 05:29:24,303 [Listener at 127.0.0.1/10896] INFO  impl.RaftServerImpl (RaftServerImpl.java:start(186)) - omNode-3@group-523986131536: start as a follower, conf=-1: [omNode-3:localhost:10900, omNode-1:localhost:10888, omNode-2:localhost:10894], old=null
2020-07-09 05:29:24,303 [Listener at 127.0.0.1/10896] INFO  impl.RaftServerImpl (RaftServerImpl.java:setRole(175)) - omNode-3@group-523986131536: changes role from      null to FOLLOWER at term 0 for startAsFollower
2020-07-09 05:29:24,303 [Listener at 127.0.0.1/10896] INFO  impl.RoleInfo (RoleInfo.java:updateAndGet(143)) - omNode-3: start FollowerState
2020-07-09 05:29:24,303 [Listener at 127.0.0.1/10896] INFO  util.JmxRegister (JmxRegister.java:tryRegister(44)) - Successfully registered JMX Bean with object name Ratis:service=RaftServer,group=group-523986131536,id=omNode-3
2020-07-09 05:29:24,304 [Listener at 127.0.0.1/10896] INFO  metrics.RatisMetrics (RatisMetrics.java:lambda$create$0(36)) - Creating Metrics Registry : ratis.state_machine.omNode-3@group-523986131536
2020-07-09 05:29:24,305 [Listener at 127.0.0.1/10896] INFO  impl.RaftServerProxy (RaftServerProxy.java:lambda$start$3(304)) - omNode-3: start RPC server
2020-07-09 05:29:24,306 [Listener at 127.0.0.1/10896] INFO  server.GrpcService (GrpcService.java:startImpl(160)) - omNode-3: GrpcService started, listening on 0.0.0.0/0.0.0.0:10900
2020-07-09 05:29:24,307 [IPC Server Responder] INFO  ipc.Server (Server.java:run(1460)) - IPC Server Responder: starting
2020-07-09 05:29:24,310 [IPC Server listener on 10896] INFO  ipc.Server (Server.java:run(1298)) - IPC Server listener on 10896: starting
2020-07-09 05:29:24,322 [Listener at 127.0.0.1/10896] INFO  http.BaseHttpServer (BaseHttpServer.java:newHttpServer2BuilderForOzone(207)) - Starting Web-server for ozoneManager at: http://0.0.0.0:10898
2020-07-09 05:29:24,322 [Listener at 127.0.0.1/10896] INFO  http.BaseHttpServer (BaseHttpServer.java:<init>(106)) - Hadoop Security Enabled: false Ozone Security Enabled: false Ozone HTTP Security Enabled: false 
2020-07-09 05:29:24,323 [Listener at 127.0.0.1/10896] INFO  server.AuthenticationFilter (AuthenticationFilter.java:constructSecretProvider(240)) - Unable to initialize FileSignerSecretProvider, falling back to use random secrets.
2020-07-09 05:29:24,325 [Listener at 127.0.0.1/10896] WARN  http.HttpRequestLog (HttpRequestLog.java:getRequestLog(103)) - Jetty request log can only be enabled using Log4j
2020-07-09 05:29:24,326 [Listener at 127.0.0.1/10896] INFO  http.HttpServer2 (HttpServer2.java:addGlobalFilter(998)) - Added global filter 'safety' (class=org.apache.hadoop.hdds.server.http.HttpServer2$QuotingInputFilter)
2020-07-09 05:29:24,326 [Listener at 127.0.0.1/10896] INFO  http.HttpServer2 (HttpServer2.java:addFilter(974)) - Added filter static_user_filter (class=org.apache.hadoop.http.lib.StaticUserWebFilter$StaticUserFilter) to context ozoneManager
2020-07-09 05:29:24,326 [Listener at 127.0.0.1/10896] INFO  http.HttpServer2 (HttpServer2.java:addFilter(982)) - Added filter static_user_filter (class=org.apache.hadoop.http.lib.StaticUserWebFilter$StaticUserFilter) to context logs
2020-07-09 05:29:24,327 [Listener at 127.0.0.1/10896] INFO  http.HttpServer2 (HttpServer2.java:addFilter(982)) - Added filter static_user_filter (class=org.apache.hadoop.http.lib.StaticUserWebFilter$StaticUserFilter) to context static
2020-07-09 05:29:24,327 [Listener at 127.0.0.1/10896] INFO  http.HttpServer2 (HttpServer2.java:bindListener(1216)) - Jetty bound to port 10898
2020-07-09 05:29:24,327 [Listener at 127.0.0.1/10896] INFO  server.Server (Server.java:doStart(359)) - jetty-9.4.26.v20200117; built: 2020-01-17T12:35:33.676Z; git: 7b38981d25d14afb4a12ff1f2596756144edf695; jvm 1.8.0_232-b09
2020-07-09 05:29:24,329 [Listener at 127.0.0.1/10896] INFO  server.session (DefaultSessionIdManager.java:doStart(333)) - DefaultSessionIdManager workerName=node0
2020-07-09 05:29:24,329 [Listener at 127.0.0.1/10896] INFO  server.session (DefaultSessionIdManager.java:doStart(338)) - No SessionScavenger set, using defaults
2020-07-09 05:29:24,329 [Listener at 127.0.0.1/10896] INFO  server.session (HouseKeeper.java:startScavenging(140)) - node0 Scavenging every 600000ms
2020-07-09 05:29:24,330 [Listener at 127.0.0.1/10896] INFO  handler.ContextHandler (ContextHandler.java:doStart(825)) - Started o.e.j.s.ServletContextHandler@5ab62216{logs,/logs,file:///github/workspace/mnt/ozone/hadoop-ozone/integration-test/target/log,AVAILABLE}
2020-07-09 05:29:24,330 [Listener at 127.0.0.1/10896] INFO  handler.ContextHandler (ContextHandler.java:doStart(825)) - Started o.e.j.s.ServletContextHandler@5a43e5e6{static,/static,file:///github/workspace/mnt/ozone/hadoop-ozone/integration-test/target/test-classes/webapps/static,AVAILABLE}
2020-07-09 05:29:24,333 [Listener at 127.0.0.1/10896] INFO  handler.ContextHandler (ContextHandler.java:doStart(825)) - Started o.e.j.w.WebAppContext@23bfdd3b{ozoneManager,/,file:///github/workspace/mnt/ozone/hadoop-ozone/integration-test/target/test-classes/webapps/ozoneManager/,AVAILABLE}{file:/github/workspace/mnt/ozone/hadoop-ozone/integration-test/target/test-classes/webapps/ozoneManager}
2020-07-09 05:29:24,336 [Listener at 127.0.0.1/10896] INFO  server.AbstractConnector (AbstractConnector.java:doStart(330)) - Started ServerConnector@5b368f1b{HTTP/1.1,[http/1.1]}{0.0.0.0:10898}
2020-07-09 05:29:24,336 [Listener at 127.0.0.1/10896] INFO  server.Server (Server.java:doStart(399)) - Started @114536ms
2020-07-09 05:29:24,336 [Listener at 127.0.0.1/10896] WARN  impl.MetricsSystemImpl (MetricsSystemImpl.java:register(276)) - Sink prometheus already exists!
2020-07-09 05:29:24,348 [Listener at 127.0.0.1/10896] INFO  http.BaseHttpServer (BaseHttpServer.java:updateConnectorAddress(327)) - HTTP server of ozoneManager listening at http://0.0.0.0:10898
2020-07-09 05:29:24,349 [Listener at 127.0.0.1/10896] INFO  ozone.MiniOzoneHAClusterImpl (MiniOzoneHAClusterImpl.java:createOMService(380)) - Started OzoneManager RPC server at localhost/127.0.0.1:10896
2020-07-09 05:29:24,349 [org.apache.hadoop.util.JvmPauseMonitor$Monitor@73063ae7] INFO  util.JvmPauseMonitor (JvmPauseMonitor.java:run(188)) - Starting JVM pause monitor
2020-07-09 05:29:24,354 [Listener at 127.0.0.1/10896] INFO  impl.MetricsSystemImpl (MetricsSystemImpl.java:init(158)) - HddsDatanode metrics system started (again)
2020-07-09 05:29:24,357 [Listener at 127.0.0.1/10896] INFO  ozone.HddsDatanodeService (HddsDatanodeService.java:start(197)) - HddsDatanodeService host:f7c04b9d9258 ip:172.17.0.2
2020-07-09 05:29:24,358 [Listener at 127.0.0.1/10896] INFO  volume.HddsVolume (HddsVolume.java:<init>(176)) - Creating Volume: /github/workspace/mnt/ozone/hadoop-ozone/integration-test/target/test-dir/MiniOzoneClusterImpl-d39db876-f3fa-4cd0-af36-93cb9432015e/datanode-0/data-0/containers/hdds of storage type : DISK and capacity : 9223372036854775807
2020-07-09 05:29:24,358 [Listener at 127.0.0.1/10896] INFO  volume.MutableVolumeSet (MutableVolumeSet.java:initializeVolumeSet(181)) - Added Volume : /github/workspace/mnt/ozone/hadoop-ozone/integration-test/target/test-dir/MiniOzoneClusterImpl-d39db876-f3fa-4cd0-af36-93cb9432015e/datanode-0/data-0/containers/hdds to VolumeSet
2020-07-09 05:29:24,358 [Listener at 127.0.0.1/10896] INFO  volume.ThrottledAsyncChecker (ThrottledAsyncChecker.java:schedule(141)) - Scheduling a check for /github/workspace/mnt/ozone/hadoop-ozone/integration-test/target/test-dir/MiniOzoneClusterImpl-d39db876-f3fa-4cd0-af36-93cb9432015e/datanode-0/data-0/containers/hdds
2020-07-09 05:29:24,359 [Listener at 127.0.0.1/10896] INFO  volume.HddsVolumeChecker (HddsVolumeChecker.java:checkAllVolumes(200)) - Scheduled health check for volume /github/workspace/mnt/ozone/hadoop-ozone/integration-test/target/test-dir/MiniOzoneClusterImpl-d39db876-f3fa-4cd0-af36-93cb9432015e/datanode-0/data-0/containers/hdds
2020-07-09 05:29:24,373 [Listener at 127.0.0.1/10896] INFO  impl.RaftServerProxy (ConfUtils.java:logGet(44)) - raft.rpc.type = GRPC (default)
2020-07-09 05:29:24,374 [Listener at 127.0.0.1/10896] INFO  grpc.GrpcFactory (GrpcFactory.java:checkPooledByteBufAllocatorUseCacheForAllThreads(45)) - PERFORMANCE WARNING: useCacheForAllThreads is true that may cause Netty to create a lot garbage objects and, as a result, trigger GC.
	It is recommended to disable useCacheForAllThreads by setting -Dorg.apache.ratis.thirdparty.io.netty.allocator.useCacheForAllThreads=false in command line.
2020-07-09 05:29:24,374 [Listener at 127.0.0.1/10896] INFO  grpc.GrpcConfigKeys (ConfUtils.java:logGet(44)) - raft.grpc.server.port = 0 (default)
2020-07-09 05:29:24,374 [Listener at 127.0.0.1/10896] INFO  server.GrpcService (ConfUtils.java:logGet(44)) - raft.grpc.message.size.max = 32MB (=33554432) (custom)
2020-07-09 05:29:24,374 [Listener at 127.0.0.1/10896] INFO  server.RaftServerConfigKeys (ConfUtils.java:logGet(44)) - raft.server.log.appender.buffer.byte-limit = 33554432 (custom)
2020-07-09 05:29:24,374 [Listener at 127.0.0.1/10896] INFO  server.GrpcService (ConfUtils.java:logGet(44)) - raft.grpc.flow.control.window = 5MB (=5242880) (custom)
2020-07-09 05:29:24,374 [Listener at 127.0.0.1/10896] INFO  server.RaftServerConfigKeys (ConfUtils.java:logGet(44)) - raft.server.rpc.request.timeout = 60s (custom)
2020-07-09 05:29:24,375 [Listener at 127.0.0.1/10896] INFO  server.RaftServerConfigKeys (ConfUtils.java:logGet(44)) - raft.server.storage.dir = [/github/workspace/mnt/ozone/hadoop-ozone/integration-test/target/test-dir/MiniOzoneClusterImpl-d39db876-f3fa-4cd0-af36-93cb9432015e/datanode-0/data/ratis] (custom)
2020-07-09 05:29:24,379 [Listener at 127.0.0.1/10896] INFO  http.BaseHttpServer (BaseHttpServer.java:newHttpServer2BuilderForOzone(207)) - Starting Web-server for hddsDatanode at: http://0.0.0.0:0
2020-07-09 05:29:24,379 [Listener at 127.0.0.1/10896] INFO  http.BaseHttpServer (BaseHttpServer.java:<init>(106)) - Hadoop Security Enabled: false Ozone Security Enabled: false Ozone HTTP Security Enabled: false 
2020-07-09 05:29:24,380 [Listener at 127.0.0.1/10896] INFO  server.AuthenticationFilter (AuthenticationFilter.java:constructSecretProvider(240)) - Unable to initialize FileSignerSecretProvider, falling back to use random secrets.
2020-07-09 05:29:24,380 [Listener at 127.0.0.1/10896] WARN  http.HttpRequestLog (HttpRequestLog.java:getRequestLog(103)) - Jetty request log can only be enabled using Log4j
2020-07-09 05:29:24,381 [Listener at 127.0.0.1/10896] INFO  http.HttpServer2 (HttpServer2.java:addGlobalFilter(998)) - Added global filter 'safety' (class=org.apache.hadoop.hdds.server.http.HttpServer2$QuotingInputFilter)
2020-07-09 05:29:24,381 [Listener at 127.0.0.1/10896] INFO  http.HttpServer2 (HttpServer2.java:addFilter(974)) - Added filter static_user_filter (class=org.apache.hadoop.http.lib.StaticUserWebFilter$StaticUserFilter) to context hddsDatanode
2020-07-09 05:29:24,381 [Listener at 127.0.0.1/10896] INFO  http.HttpServer2 (HttpServer2.java:addFilter(982)) - Added filter static_user_filter (class=org.apache.hadoop.http.lib.StaticUserWebFilter$StaticUserFilter) to context static
2020-07-09 05:29:24,381 [Listener at 127.0.0.1/10896] INFO  http.HttpServer2 (HttpServer2.java:addFilter(982)) - Added filter static_user_filter (class=org.apache.hadoop.http.lib.StaticUserWebFilter$StaticUserFilter) to context logs
2020-07-09 05:29:24,382 [Listener at 127.0.0.1/10896] INFO  http.HttpServer2 (HttpServer2.java:bindListener(1216)) - Jetty bound to port 39503
2020-07-09 05:29:24,382 [Listener at 127.0.0.1/10896] INFO  server.Server (Server.java:doStart(359)) - jetty-9.4.26.v20200117; built: 2020-01-17T12:35:33.676Z; git: 7b38981d25d14afb4a12ff1f2596756144edf695; jvm 1.8.0_232-b09
2020-07-09 05:29:24,385 [Listener at 127.0.0.1/10896] INFO  server.session (DefaultSessionIdManager.java:doStart(333)) - DefaultSessionIdManager workerName=node0
2020-07-09 05:29:24,385 [Listener at 127.0.0.1/10896] INFO  server.session (DefaultSessionIdManager.java:doStart(338)) - No SessionScavenger set, using defaults
2020-07-09 05:29:24,385 [Listener at 127.0.0.1/10896] INFO  server.session (HouseKeeper.java:startScavenging(140)) - node0 Scavenging every 600000ms
2020-07-09 05:29:24,386 [Listener at 127.0.0.1/10896] INFO  handler.ContextHandler (ContextHandler.java:doStart(825)) - Started o.e.j.s.ServletContextHandler@630318ab{logs,/logs,file:///github/workspace/mnt/ozone/hadoop-ozone/integration-test/target/log,AVAILABLE}
2020-07-09 05:29:24,386 [Listener at 127.0.0.1/10896] INFO  handler.ContextHandler (ContextHandler.java:doStart(825)) - Started o.e.j.s.ServletContextHandler@d20db32{static,/static,jar:file:/home/user/.m2/repository/org/apache/hadoop/hadoop-hdds-container-service/0.6.0-SNAPSHOT/hadoop-hdds-container-service-0.6.0-SNAPSHOT.jar!/webapps/static,AVAILABLE}
2020-07-09 05:29:24,401 [Listener at 127.0.0.1/10896] INFO  handler.ContextHandler (ContextHandler.java:doStart(825)) - Started o.e.j.w.WebAppContext@4180bd42{hddsDatanode,/,file:///tmp/jetty-0_0_0_0-39503-hadoop-hdds-container-service-0_6_0-SNAPSHOT_jar-_-any-2313064813319679636.dir/webapp/,AVAILABLE}{jar:file:/home/user/.m2/repository/org/apache/hadoop/hadoop-hdds-container-service/0.6.0-SNAPSHOT/hadoop-hdds-container-service-0.6.0-SNAPSHOT.jar!/webapps/hddsDatanode}
2020-07-09 05:29:24,402 [Listener at 127.0.0.1/10896] INFO  server.AbstractConnector (AbstractConnector.java:doStart(330)) - Started ServerConnector@7c3ca628{HTTP/1.1,[http/1.1]}{0.0.0.0:39503}
2020-07-09 05:29:24,402 [Listener at 127.0.0.1/10896] INFO  server.Server (Server.java:doStart(399)) - Started @114602ms
2020-07-09 05:29:24,402 [Listener at 127.0.0.1/10896] WARN  impl.MetricsSystemImpl (MetricsSystemImpl.java:register(276)) - Sink prometheus already exists!
2020-07-09 05:29:24,405 [Listener at 127.0.0.1/10896] INFO  http.BaseHttpServer (BaseHttpServer.java:updateConnectorAddress(327)) - HTTP server of hddsDatanode listening at http://0.0.0.0:39503
2020-07-09 05:29:24,406 [Listener at 127.0.0.1/10896] INFO  impl.MetricsSystemImpl (MetricsSystemImpl.java:init(158)) - HddsDatanode metrics system started (again)
2020-07-09 05:29:24,409 [Listener at 127.0.0.1/10896] INFO  ozone.HddsDatanodeService (HddsDatanodeService.java:start(197)) - HddsDatanodeService host:f7c04b9d9258 ip:172.17.0.2
2020-07-09 05:29:24,413 [org.apache.hadoop.util.JvmPauseMonitor$Monitor@23d5a07c] INFO  util.JvmPauseMonitor (JvmPauseMonitor.java:run(188)) - Starting JVM pause monitor
2020-07-09 05:29:24,414 [Listener at 127.0.0.1/10896] INFO  volume.HddsVolume (HddsVolume.java:<init>(176)) - Creating Volume: /github/workspace/mnt/ozone/hadoop-ozone/integration-test/target/test-dir/MiniOzoneClusterImpl-d39db876-f3fa-4cd0-af36-93cb9432015e/datanode-1/data-0/containers/hdds of storage type : DISK and capacity : 9223372036854775807
2020-07-09 05:29:24,414 [Listener at 127.0.0.1/10896] INFO  volume.MutableVolumeSet (MutableVolumeSet.java:initializeVolumeSet(181)) - Added Volume : /github/workspace/mnt/ozone/hadoop-ozone/integration-test/target/test-dir/MiniOzoneClusterImpl-d39db876-f3fa-4cd0-af36-93cb9432015e/datanode-1/data-0/containers/hdds to VolumeSet
2020-07-09 05:29:24,414 [Listener at 127.0.0.1/10896] INFO  volume.ThrottledAsyncChecker (ThrottledAsyncChecker.java:schedule(141)) - Scheduling a check for /github/workspace/mnt/ozone/hadoop-ozone/integration-test/target/test-dir/MiniOzoneClusterImpl-d39db876-f3fa-4cd0-af36-93cb9432015e/datanode-1/data-0/containers/hdds
2020-07-09 05:29:24,415 [Listener at 127.0.0.1/10896] INFO  volume.HddsVolumeChecker (HddsVolumeChecker.java:checkAllVolumes(200)) - Scheduled health check for volume /github/workspace/mnt/ozone/hadoop-ozone/integration-test/target/test-dir/MiniOzoneClusterImpl-d39db876-f3fa-4cd0-af36-93cb9432015e/datanode-1/data-0/containers/hdds
2020-07-09 05:29:24,419 [Datanode State Machine Thread - 0] INFO  datanode.InitDatanodeState (InitDatanodeState.java:persistContainerDatanodeDetails(145)) - DatanodeDetails is persisted to /github/workspace/mnt/ozone/hadoop-ozone/integration-test/target/test-dir/MiniOzoneClusterImpl-d39db876-f3fa-4cd0-af36-93cb9432015e/datanode-0/meta/datanode.id
2020-07-09 05:29:24,429 [Listener at 127.0.0.1/10896] INFO  impl.RaftServerProxy (ConfUtils.java:logGet(44)) - raft.rpc.type = GRPC (default)
2020-07-09 05:29:24,429 [Listener at 127.0.0.1/10896] INFO  grpc.GrpcFactory (GrpcFactory.java:checkPooledByteBufAllocatorUseCacheForAllThreads(45)) - PERFORMANCE WARNING: useCacheForAllThreads is true that may cause Netty to create a lot garbage objects and, as a result, trigger GC.
	It is recommended to disable useCacheForAllThreads by setting -Dorg.apache.ratis.thirdparty.io.netty.allocator.useCacheForAllThreads=false in command line.
2020-07-09 05:29:24,429 [Listener at 127.0.0.1/10896] INFO  grpc.GrpcConfigKeys (ConfUtils.java:logGet(44)) - raft.grpc.server.port = 0 (default)
2020-07-09 05:29:24,429 [Listener at 127.0.0.1/10896] INFO  server.GrpcService (ConfUtils.java:logGet(44)) - raft.grpc.message.size.max = 32MB (=33554432) (custom)
2020-07-09 05:29:24,429 [Listener at 127.0.0.1/10896] INFO  server.RaftServerConfigKeys (ConfUtils.java:logGet(44)) - raft.server.log.appender.buffer.byte-limit = 33554432 (custom)
2020-07-09 05:29:24,429 [Listener at 127.0.0.1/10896] INFO  server.GrpcService (ConfUtils.java:logGet(44)) - raft.grpc.flow.control.window = 5MB (=5242880) (custom)
2020-07-09 05:29:24,429 [Listener at 127.0.0.1/10896] INFO  server.RaftServerConfigKeys (ConfUtils.java:logGet(44)) - raft.server.rpc.request.timeout = 60s (custom)
2020-07-09 05:29:24,430 [Listener at 127.0.0.1/10896] INFO  server.RaftServerConfigKeys (ConfUtils.java:logGet(44)) - raft.server.storage.dir = [/github/workspace/mnt/ozone/hadoop-ozone/integration-test/target/test-dir/MiniOzoneClusterImpl-d39db876-f3fa-4cd0-af36-93cb9432015e/datanode-1/data/ratis] (custom)
2020-07-09 05:29:24,434 [Listener at 127.0.0.1/10896] INFO  http.BaseHttpServer (BaseHttpServer.java:newHttpServer2BuilderForOzone(207)) - Starting Web-server for hddsDatanode at: http://0.0.0.0:0
2020-07-09 05:29:24,434 [Listener at 127.0.0.1/10896] INFO  http.BaseHttpServer (BaseHttpServer.java:<init>(106)) - Hadoop Security Enabled: false Ozone Security Enabled: false Ozone HTTP Security Enabled: false 
2020-07-09 05:29:24,435 [Listener at 127.0.0.1/10896] INFO  server.AuthenticationFilter (AuthenticationFilter.java:constructSecretProvider(240)) - Unable to initialize FileSignerSecretProvider, falling back to use random secrets.
2020-07-09 05:29:24,436 [Listener at 127.0.0.1/10896] WARN  http.HttpRequestLog (HttpRequestLog.java:getRequestLog(103)) - Jetty request log can only be enabled using Log4j
2020-07-09 05:29:24,436 [Listener at 127.0.0.1/10896] INFO  http.HttpServer2 (HttpServer2.java:addGlobalFilter(998)) - Added global filter 'safety' (class=org.apache.hadoop.hdds.server.http.HttpServer2$QuotingInputFilter)
2020-07-09 05:29:24,437 [Listener at 127.0.0.1/10896] INFO  http.HttpServer2 (HttpServer2.java:addFilter(974)) - Added filter static_user_filter (class=org.apache.hadoop.http.lib.StaticUserWebFilter$StaticUserFilter) to context hddsDatanode
2020-07-09 05:29:24,437 [Listener at 127.0.0.1/10896] INFO  http.HttpServer2 (HttpServer2.java:addFilter(982)) - Added filter static_user_filter (class=org.apache.hadoop.http.lib.StaticUserWebFilter$StaticUserFilter) to context static
2020-07-09 05:29:24,437 [Listener at 127.0.0.1/10896] INFO  http.HttpServer2 (HttpServer2.java:addFilter(982)) - Added filter static_user_filter (class=org.apache.hadoop.http.lib.StaticUserWebFilter$StaticUserFilter) to context logs
2020-07-09 05:29:24,437 [Listener at 127.0.0.1/10896] INFO  http.HttpServer2 (HttpServer2.java:bindListener(1216)) - Jetty bound to port 33123
2020-07-09 05:29:24,438 [Listener at 127.0.0.1/10896] INFO  server.Server (Server.java:doStart(359)) - jetty-9.4.26.v20200117; built: 2020-01-17T12:35:33.676Z; git: 7b38981d25d14afb4a12ff1f2596756144edf695; jvm 1.8.0_232-b09
2020-07-09 05:29:24,439 [Listener at 127.0.0.1/10896] INFO  server.session (DefaultSessionIdManager.java:doStart(333)) - DefaultSessionIdManager workerName=node0
2020-07-09 05:29:24,439 [Listener at 127.0.0.1/10896] INFO  server.session (DefaultSessionIdManager.java:doStart(338)) - No SessionScavenger set, using defaults
2020-07-09 05:29:24,439 [Listener at 127.0.0.1/10896] INFO  server.session (HouseKeeper.java:startScavenging(140)) - node0 Scavenging every 600000ms
2020-07-09 05:29:24,440 [Listener at 127.0.0.1/10896] INFO  handler.ContextHandler (ContextHandler.java:doStart(825)) - Started o.e.j.s.ServletContextHandler@36bf3544{logs,/logs,file:///github/workspace/mnt/ozone/hadoop-ozone/integration-test/target/log,AVAILABLE}
2020-07-09 05:29:24,440 [Listener at 127.0.0.1/10896] INFO  handler.ContextHandler (ContextHandler.java:doStart(825)) - Started o.e.j.s.ServletContextHandler@5358553f{static,/static,jar:file:/home/user/.m2/repository/org/apache/hadoop/hadoop-hdds-container-service/0.6.0-SNAPSHOT/hadoop-hdds-container-service-0.6.0-SNAPSHOT.jar!/webapps/static,AVAILABLE}
2020-07-09 05:29:24,455 [Listener at 127.0.0.1/10896] INFO  handler.ContextHandler (ContextHandler.java:doStart(825)) - Started o.e.j.w.WebAppContext@2949ea06{hddsDatanode,/,file:///tmp/jetty-0_0_0_0-33123-hadoop-hdds-container-service-0_6_0-SNAPSHOT_jar-_-any-8890207675870338527.dir/webapp/,AVAILABLE}{jar:file:/home/user/.m2/repository/org/apache/hadoop/hadoop-hdds-container-service/0.6.0-SNAPSHOT/hadoop-hdds-container-service-0.6.0-SNAPSHOT.jar!/webapps/hddsDatanode}
2020-07-09 05:29:24,456 [Listener at 127.0.0.1/10896] INFO  server.AbstractConnector (AbstractConnector.java:doStart(330)) - Started ServerConnector@104241cf{HTTP/1.1,[http/1.1]}{0.0.0.0:33123}
2020-07-09 05:29:24,456 [Listener at 127.0.0.1/10896] INFO  server.Server (Server.java:doStart(399)) - Started @114656ms
2020-07-09 05:29:24,456 [Listener at 127.0.0.1/10896] WARN  impl.MetricsSystemImpl (MetricsSystemImpl.java:register(276)) - Sink prometheus already exists!
2020-07-09 05:29:24,459 [Listener at 127.0.0.1/10896] INFO  http.BaseHttpServer (BaseHttpServer.java:updateConnectorAddress(327)) - HTTP server of hddsDatanode listening at http://0.0.0.0:33123
2020-07-09 05:29:24,460 [Listener at 127.0.0.1/10896] INFO  impl.MetricsSystemImpl (MetricsSystemImpl.java:init(158)) - HddsDatanode metrics system started (again)
2020-07-09 05:29:24,463 [Listener at 127.0.0.1/10896] INFO  ozone.HddsDatanodeService (HddsDatanodeService.java:start(197)) - HddsDatanodeService host:f7c04b9d9258 ip:172.17.0.2
2020-07-09 05:29:24,465 [org.apache.hadoop.util.JvmPauseMonitor$Monitor@6f169544] INFO  util.JvmPauseMonitor (JvmPauseMonitor.java:run(188)) - Starting JVM pause monitor
2020-07-09 05:29:24,466 [Datanode State Machine Thread - 0] INFO  datanode.InitDatanodeState (InitDatanodeState.java:persistContainerDatanodeDetails(145)) - DatanodeDetails is persisted to /github/workspace/mnt/ozone/hadoop-ozone/integration-test/target/test-dir/MiniOzoneClusterImpl-d39db876-f3fa-4cd0-af36-93cb9432015e/datanode-1/meta/datanode.id
2020-07-09 05:29:24,467 [Listener at 127.0.0.1/10896] INFO  volume.HddsVolume (HddsVolume.java:<init>(176)) - Creating Volume: /github/workspace/mnt/ozone/hadoop-ozone/integration-test/target/test-dir/MiniOzoneClusterImpl-d39db876-f3fa-4cd0-af36-93cb9432015e/datanode-2/data-0/containers/hdds of storage type : DISK and capacity : 9223372036854775807
2020-07-09 05:29:24,467 [Listener at 127.0.0.1/10896] INFO  volume.MutableVolumeSet (MutableVolumeSet.java:initializeVolumeSet(181)) - Added Volume : /github/workspace/mnt/ozone/hadoop-ozone/integration-test/target/test-dir/MiniOzoneClusterImpl-d39db876-f3fa-4cd0-af36-93cb9432015e/datanode-2/data-0/containers/hdds to VolumeSet
2020-07-09 05:29:24,467 [Listener at 127.0.0.1/10896] INFO  volume.ThrottledAsyncChecker (ThrottledAsyncChecker.java:schedule(141)) - Scheduling a check for /github/workspace/mnt/ozone/hadoop-ozone/integration-test/target/test-dir/MiniOzoneClusterImpl-d39db876-f3fa-4cd0-af36-93cb9432015e/datanode-2/data-0/containers/hdds
2020-07-09 05:29:24,467 [Listener at 127.0.0.1/10896] INFO  volume.HddsVolumeChecker (HddsVolumeChecker.java:checkAllVolumes(200)) - Scheduled health check for volume /github/workspace/mnt/ozone/hadoop-ozone/integration-test/target/test-dir/MiniOzoneClusterImpl-d39db876-f3fa-4cd0-af36-93cb9432015e/datanode-2/data-0/containers/hdds
2020-07-09 05:29:24,482 [Listener at 127.0.0.1/10896] INFO  impl.RaftServerProxy (ConfUtils.java:logGet(44)) - raft.rpc.type = GRPC (default)
2020-07-09 05:29:24,482 [Listener at 127.0.0.1/10896] INFO  grpc.GrpcFactory (GrpcFactory.java:checkPooledByteBufAllocatorUseCacheForAllThreads(45)) - PERFORMANCE WARNING: useCacheForAllThreads is true that may cause Netty to create a lot garbage objects and, as a result, trigger GC.
	It is recommended to disable useCacheForAllThreads by setting -Dorg.apache.ratis.thirdparty.io.netty.allocator.useCacheForAllThreads=false in command line.
2020-07-09 05:29:24,482 [Listener at 127.0.0.1/10896] INFO  grpc.GrpcConfigKeys (ConfUtils.java:logGet(44)) - raft.grpc.server.port = 0 (default)
2020-07-09 05:29:24,482 [Listener at 127.0.0.1/10896] INFO  server.GrpcService (ConfUtils.java:logGet(44)) - raft.grpc.message.size.max = 32MB (=33554432) (custom)
2020-07-09 05:29:24,482 [Listener at 127.0.0.1/10896] INFO  server.RaftServerConfigKeys (ConfUtils.java:logGet(44)) - raft.server.log.appender.buffer.byte-limit = 33554432 (custom)
2020-07-09 05:29:24,482 [Listener at 127.0.0.1/10896] INFO  server.GrpcService (ConfUtils.java:logGet(44)) - raft.grpc.flow.control.window = 5MB (=5242880) (custom)
2020-07-09 05:29:24,482 [Listener at 127.0.0.1/10896] INFO  server.RaftServerConfigKeys (ConfUtils.java:logGet(44)) - raft.server.rpc.request.timeout = 60s (custom)
2020-07-09 05:29:24,483 [Listener at 127.0.0.1/10896] INFO  server.RaftServerConfigKeys (ConfUtils.java:logGet(44)) - raft.server.storage.dir = [/github/workspace/mnt/ozone/hadoop-ozone/integration-test/target/test-dir/MiniOzoneClusterImpl-d39db876-f3fa-4cd0-af36-93cb9432015e/datanode-2/data/ratis] (custom)
2020-07-09 05:29:24,488 [Listener at 127.0.0.1/10896] INFO  http.BaseHttpServer (BaseHttpServer.java:newHttpServer2BuilderForOzone(207)) - Starting Web-server for hddsDatanode at: http://0.0.0.0:0
2020-07-09 05:29:24,488 [Listener at 127.0.0.1/10896] INFO  http.BaseHttpServer (BaseHttpServer.java:<init>(106)) - Hadoop Security Enabled: false Ozone Security Enabled: false Ozone HTTP Security Enabled: false 
2020-07-09 05:29:24,489 [Listener at 127.0.0.1/10896] INFO  server.AuthenticationFilter (AuthenticationFilter.java:constructSecretProvider(240)) - Unable to initialize FileSignerSecretProvider, falling back to use random secrets.
2020-07-09 05:29:24,489 [Listener at 127.0.0.1/10896] WARN  http.HttpRequestLog (HttpRequestLog.java:getRequestLog(103)) - Jetty request log can only be enabled using Log4j
2020-07-09 05:29:24,490 [Listener at 127.0.0.1/10896] INFO  http.HttpServer2 (HttpServer2.java:addGlobalFilter(998)) - Added global filter 'safety' (class=org.apache.hadoop.hdds.server.http.HttpServer2$QuotingInputFilter)
2020-07-09 05:29:24,490 [Listener at 127.0.0.1/10896] INFO  http.HttpServer2 (HttpServer2.java:addFilter(974)) - Added filter static_user_filter (class=org.apache.hadoop.http.lib.StaticUserWebFilter$StaticUserFilter) to context hddsDatanode
2020-07-09 05:29:24,490 [Listener at 127.0.0.1/10896] INFO  http.HttpServer2 (HttpServer2.java:addFilter(982)) - Added filter static_user_filter (class=org.apache.hadoop.http.lib.StaticUserWebFilter$StaticUserFilter) to context logs
2020-07-09 05:29:24,491 [Listener at 127.0.0.1/10896] INFO  http.HttpServer2 (HttpServer2.java:addFilter(982)) - Added filter static_user_filter (class=org.apache.hadoop.http.lib.StaticUserWebFilter$StaticUserFilter) to context static
2020-07-09 05:29:24,491 [Listener at 127.0.0.1/10896] INFO  http.HttpServer2 (HttpServer2.java:bindListener(1216)) - Jetty bound to port 41997
2020-07-09 05:29:24,491 [Listener at 127.0.0.1/10896] INFO  server.Server (Server.java:doStart(359)) - jetty-9.4.26.v20200117; built: 2020-01-17T12:35:33.676Z; git: 7b38981d25d14afb4a12ff1f2596756144edf695; jvm 1.8.0_232-b09
2020-07-09 05:29:24,492 [Listener at 127.0.0.1/10896] INFO  server.session (DefaultSessionIdManager.java:doStart(333)) - DefaultSessionIdManager workerName=node0
2020-07-09 05:29:24,492 [Listener at 127.0.0.1/10896] INFO  server.session (DefaultSessionIdManager.java:doStart(338)) - No SessionScavenger set, using defaults
2020-07-09 05:29:24,493 [Listener at 127.0.0.1/10896] INFO  server.session (HouseKeeper.java:startScavenging(140)) - node0 Scavenging every 600000ms
2020-07-09 05:29:24,493 [Listener at 127.0.0.1/10896] INFO  handler.ContextHandler (ContextHandler.java:doStart(825)) - Started o.e.j.s.ServletContextHandler@1af1da22{logs,/logs,file:///github/workspace/mnt/ozone/hadoop-ozone/integration-test/target/log,AVAILABLE}
2020-07-09 05:29:24,494 [Listener at 127.0.0.1/10896] INFO  handler.ContextHandler (ContextHandler.java:doStart(825)) - Started o.e.j.s.ServletContextHandler@1e3b5a7d{static,/static,jar:file:/home/user/.m2/repository/org/apache/hadoop/hadoop-hdds-container-service/0.6.0-SNAPSHOT/hadoop-hdds-container-service-0.6.0-SNAPSHOT.jar!/webapps/static,AVAILABLE}
2020-07-09 05:29:24,508 [Listener at 127.0.0.1/10896] INFO  handler.ContextHandler (ContextHandler.java:doStart(825)) - Started o.e.j.w.WebAppContext@5660cf4{hddsDatanode,/,file:///tmp/jetty-0_0_0_0-41997-hadoop-hdds-container-service-0_6_0-SNAPSHOT_jar-_-any-5447565449330568487.dir/webapp/,AVAILABLE}{jar:file:/home/user/.m2/repository/org/apache/hadoop/hadoop-hdds-container-service/0.6.0-SNAPSHOT/hadoop-hdds-container-service-0.6.0-SNAPSHOT.jar!/webapps/hddsDatanode}
2020-07-09 05:29:24,509 [Listener at 127.0.0.1/10896] INFO  server.AbstractConnector (AbstractConnector.java:doStart(330)) - Started ServerConnector@5484f2c4{HTTP/1.1,[http/1.1]}{0.0.0.0:41997}
2020-07-09 05:29:24,509 [Listener at 127.0.0.1/10896] INFO  server.Server (Server.java:doStart(399)) - Started @114709ms
2020-07-09 05:29:24,509 [Listener at 127.0.0.1/10896] WARN  impl.MetricsSystemImpl (MetricsSystemImpl.java:register(276)) - Sink prometheus already exists!
2020-07-09 05:29:24,512 [Listener at 127.0.0.1/10896] INFO  http.BaseHttpServer (BaseHttpServer.java:updateConnectorAddress(327)) - HTTP server of hddsDatanode listening at http://0.0.0.0:41997
2020-07-09 05:29:24,512 [Listener at 127.0.0.1/10896] INFO  ozone.MiniOzoneClusterImpl (MiniOzoneClusterImpl.java:lambda$waitForClusterToBeReady$0(177)) - Waiting for nodes to be ready. Got 0 of 3 DN Heartbeats.
2020-07-09 05:29:24,512 [Listener at 127.0.0.1/10896] INFO  ozone.MiniOzoneClusterImpl (MiniOzoneClusterImpl.java:lambda$waitForClusterToBeReady$0(180)) - Waiting for cluster to exit safe mode
2020-07-09 05:29:24,517 [org.apache.hadoop.util.JvmPauseMonitor$Monitor@371a4dc0] INFO  util.JvmPauseMonitor (JvmPauseMonitor.java:run(188)) - Starting JVM pause monitor
2020-07-09 05:29:24,518 [Datanode State Machine Thread - 0] INFO  datanode.InitDatanodeState (InitDatanodeState.java:persistContainerDatanodeDetails(145)) - DatanodeDetails is persisted to /github/workspace/mnt/ozone/hadoop-ozone/integration-test/target/test-dir/MiniOzoneClusterImpl-d39db876-f3fa-4cd0-af36-93cb9432015e/datanode-2/meta/datanode.id
2020-07-09 05:29:25,115 [Thread-1952] INFO  impl.FollowerState (FollowerState.java:run(108)) - omNode-1@group-523986131536-FollowerState: change to CANDIDATE, lastRpcTime:1097ms, electionTimeout:1096ms
2020-07-09 05:29:25,115 [Thread-1952] INFO  impl.RoleInfo (RoleInfo.java:shutdownFollowerState(121)) - omNode-1: shutdown FollowerState
2020-07-09 05:29:25,115 [Thread-1952] INFO  impl.RaftServerImpl (RaftServerImpl.java:setRole(175)) - omNode-1@group-523986131536: changes role from  FOLLOWER to CANDIDATE at term 0 for changeToCandidate
2020-07-09 05:29:25,115 [Thread-1952] INFO  impl.RoleInfo (RoleInfo.java:updateAndGet(143)) - omNode-1: start LeaderElection
2020-07-09 05:29:25,119 [omNode-1@group-523986131536-LeaderElection31] INFO  impl.LeaderElection (LeaderElection.java:askForVotes(206)) - omNode-1@group-523986131536-LeaderElection31: begin an election at term 1 for -1: [omNode-3:localhost:10900, omNode-1:localhost:10888, omNode-2:localhost:10894], old=null
2020-07-09 05:29:25,129 [grpc-default-executor-2] DEBUG impl.RaftServerImpl (RaftServerImpl.java:requestVote(821)) - omNode-2@group-523986131536: receive requestVote(omNode-1, group-523986131536, 1, (t:0, i:~))
2020-07-09 05:29:25,129 [grpc-default-executor-2] INFO  impl.RaftServerImpl (RaftServerImpl.java:setRole(175)) - omNode-2@group-523986131536: changes role from  FOLLOWER to FOLLOWER at term 1 for recognizeCandidate:omNode-1
2020-07-09 05:29:25,129 [grpc-default-executor-2] INFO  impl.RoleInfo (RoleInfo.java:shutdownFollowerState(121)) - omNode-2: shutdown FollowerState
2020-07-09 05:29:25,129 [grpc-default-executor-2] INFO  impl.RoleInfo (RoleInfo.java:updateAndGet(143)) - omNode-2: start FollowerState
2020-07-09 05:29:25,129 [Thread-1991] INFO  impl.FollowerState (FollowerState.java:run(117)) - omNode-2@group-523986131536-FollowerState was interrupted: java.lang.InterruptedException: sleep interrupted
2020-07-09 05:29:25,134 [grpc-default-executor-2] DEBUG impl.RaftServerImpl (RaftServerImpl.java:requestVote(853)) - omNode-2@group-523986131536 replies to vote request: omNode-1<-omNode-2#0:OK-t1. Peer's state: omNode-2@group-523986131536:t1, leader=null, voted=omNode-1, raftlog=omNode-2@group-523986131536-SegmentedRaftLog:OPENED:c-1,f-1,i0, conf=-1: [omNode-3:localhost:10900, omNode-1:localhost:10888, omNode-2:localhost:10894], old=null
2020-07-09 05:29:25,134 [grpc-default-executor-5] DEBUG impl.RaftServerImpl (RaftServerImpl.java:requestVote(821)) - omNode-3@group-523986131536: receive requestVote(omNode-1, group-523986131536, 1, (t:0, i:~))
2020-07-09 05:29:25,138 [grpc-default-executor-5] INFO  impl.RaftServerImpl (RaftServerImpl.java:setRole(175)) - omNode-3@group-523986131536: changes role from  FOLLOWER to FOLLOWER at term 1 for recognizeCandidate:omNode-1
2020-07-09 05:29:25,138 [grpc-default-executor-5] INFO  impl.RoleInfo (RoleInfo.java:shutdownFollowerState(121)) - omNode-3: shutdown FollowerState
2020-07-09 05:29:25,138 [grpc-default-executor-5] INFO  impl.RoleInfo (RoleInfo.java:updateAndGet(143)) - omNode-3: start FollowerState
2020-07-09 05:29:25,138 [omNode-1@group-523986131536-LeaderElection31] INFO  impl.LeaderElection (LeaderElection.java:logAndReturn(61)) - omNode-1@group-523986131536-LeaderElection31: Election PASSED; received 1 response(s) [omNode-1<-omNode-2#0:OK-t1] and 0 exception(s); omNode-1@group-523986131536:t1, leader=null, voted=omNode-1, raftlog=omNode-1@group-523986131536-SegmentedRaftLog:OPENED:c-1,f-1,i0, conf=-1: [omNode-3:localhost:10900, omNode-1:localhost:10888, omNode-2:localhost:10894], old=null
2020-07-09 05:29:25,138 [omNode-1@group-523986131536-LeaderElection31] INFO  impl.RoleInfo (RoleInfo.java:shutdownLeaderElection(134)) - omNode-1: shutdown LeaderElection
2020-07-09 05:29:25,139 [omNode-1@group-523986131536-LeaderElection31] INFO  impl.RaftServerImpl (RaftServerImpl.java:setRole(175)) - omNode-1@group-523986131536: changes role from CANDIDATE to LEADER at term 1 for changeToLeader
2020-07-09 05:29:25,139 [omNode-1@group-523986131536-LeaderElection31] INFO  impl.RaftServerImpl (ServerState.java:setLeader(255)) - omNode-1@group-523986131536: change Leader from null to omNode-1 at term 1 for becomeLeader, leader elected after 1133ms
2020-07-09 05:29:25,139 [omNode-1@group-523986131536-LeaderElection31] INFO  server.RaftServerConfigKeys (ConfUtils.java:logGet(44)) - raft.server.staging.catchup.gap = 1000 (default)
2020-07-09 05:29:25,139 [omNode-1@group-523986131536-LeaderElection31] INFO  server.RaftServerConfigKeys (ConfUtils.java:logGet(44)) - raft.server.rpc.sleep.time = 25ms (default)
2020-07-09 05:29:25,138 [Thread-2030] INFO  impl.FollowerState (FollowerState.java:run(117)) - omNode-3@group-523986131536-FollowerState was interrupted: java.lang.InterruptedException: sleep interrupted
2020-07-09 05:29:25,139 [omNode-1@group-523986131536-LeaderElection31] INFO  metrics.RatisMetrics (RatisMetrics.java:lambda$create$0(36)) - Creating Metrics Registry : ratis.log_appender.omNode-1@group-523986131536
2020-07-09 05:29:25,144 [omNode-1@group-523986131536-LeaderElection31] INFO  server.RaftServerConfigKeys (ConfUtils.java:logGet(44)) - raft.server.write.element-limit = 4096 (default)
2020-07-09 05:29:25,144 [omNode-1@group-523986131536-LeaderElection31] INFO  server.RaftServerConfigKeys (ConfUtils.java:logGet(44)) - raft.server.write.byte-limit = 64MB (=67108864) (default)
2020-07-09 05:29:25,145 [omNode-1@group-523986131536-LeaderElection31] INFO  server.RaftServerConfigKeys (ConfUtils.java:logGet(44)) - raft.server.watch.timeout = 10s (default)
2020-07-09 05:29:25,145 [omNode-1@group-523986131536-LeaderElection31] INFO  server.RaftServerConfigKeys (ConfUtils.java:logGet(44)) - raft.server.watch.timeout.denomination = 1s (default)
2020-07-09 05:29:25,145 [omNode-1@group-523986131536-LeaderElection31] INFO  server.RaftServerConfigKeys (ConfUtils.java:logGet(44)) - raft.server.watch.element-limit = 65536 (default)
2020-07-09 05:29:25,145 [omNode-1@group-523986131536-LeaderElection31] INFO  server.RaftServerConfigKeys (ConfUtils.java:logGet(44)) - raft.server.log.appender.snapshot.chunk.size.max = 16MB (=16777216) (default)
2020-07-09 05:29:25,145 [omNode-1@group-523986131536-LeaderElection31] INFO  server.RaftServerConfigKeys (ConfUtils.java:logGet(44)) - raft.server.log.appender.buffer.byte-limit = 33554432 (custom)
2020-07-09 05:29:25,145 [omNode-1@group-523986131536-LeaderElection31] INFO  server.RaftServerConfigKeys (ConfUtils.java:logGet(44)) - raft.server.log.appender.buffer.element-limit = 1024 (custom)
2020-07-09 05:29:25,145 [omNode-1@group-523986131536-LeaderElection31] INFO  grpc.GrpcConfigKeys (ConfUtils.java:logGet(44)) - raft.grpc.server.leader.outstanding.appends.max = 128 (default)
2020-07-09 05:29:25,145 [omNode-1@group-523986131536-LeaderElection31] INFO  server.RaftServerConfigKeys (ConfUtils.java:logGet(44)) - raft.server.rpc.request.timeout = 3000ms (default)
2020-07-09 05:29:25,145 [omNode-1@group-523986131536-LeaderElection31] INFO  server.RaftServerConfigKeys (ConfUtils.java:logGet(44)) - raft.server.log.appender.install.snapshot.enabled = false (custom)
2020-07-09 05:29:25,146 [omNode-1@group-523986131536-LeaderElection31] INFO  metrics.RatisMetrics (RatisMetrics.java:lambda$create$0(36)) - Creating Metrics Registry : ratis_grpc.log_appender.omNode-1@group-523986131536
2020-07-09 05:29:25,147 [omNode-1@group-523986131536-LeaderElection31] INFO  server.RaftServerConfigKeys (ConfUtils.java:logGet(44)) - raft.server.log.appender.snapshot.chunk.size.max = 16MB (=16777216) (default)
2020-07-09 05:29:25,147 [omNode-1@group-523986131536-LeaderElection31] INFO  server.RaftServerConfigKeys (ConfUtils.java:logGet(44)) - raft.server.log.appender.buffer.byte-limit = 33554432 (custom)
2020-07-09 05:29:25,147 [omNode-1@group-523986131536-LeaderElection31] INFO  server.RaftServerConfigKeys (ConfUtils.java:logGet(44)) - raft.server.log.appender.buffer.element-limit = 1024 (custom)
2020-07-09 05:29:25,147 [omNode-1@group-523986131536-LeaderElection31] INFO  grpc.GrpcConfigKeys (ConfUtils.java:logGet(44)) - raft.grpc.server.leader.outstanding.appends.max = 128 (default)
2020-07-09 05:29:25,147 [omNode-1@group-523986131536-LeaderElection31] INFO  server.RaftServerConfigKeys (ConfUtils.java:logGet(44)) - raft.server.rpc.request.timeout = 3000ms (default)
2020-07-09 05:29:25,147 [omNode-1@group-523986131536-LeaderElection31] INFO  server.RaftServerConfigKeys (ConfUtils.java:logGet(44)) - raft.server.log.appender.install.snapshot.enabled = false (custom)
2020-07-09 05:29:25,149 [omNode-1@group-523986131536-LeaderElection31] INFO  impl.RoleInfo (RoleInfo.java:updateAndGet(143)) - omNode-1: start LeaderState
2020-07-09 05:29:25,143 [grpc-default-executor-5] DEBUG impl.RaftServerImpl (RaftServerImpl.java:requestVote(853)) - omNode-3@group-523986131536 replies to vote request: omNode-1<-omNode-3#0:OK-t1. Peer's state: omNode-3@group-523986131536:t1, leader=null, voted=omNode-1, raftlog=omNode-3@group-523986131536-SegmentedRaftLog:OPENED:c-1,f-1,i0, conf=-1: [omNode-3:localhost:10900, omNode-1:localhost:10888, omNode-2:localhost:10894], old=null
2020-07-09 05:29:25,152 [omNode-1@group-523986131536-LeaderElection31] INFO  segmented.SegmentedRaftLogWorker (SegmentedRaftLogWorker.java:startLogSegment(397)) - omNode-1@group-523986131536-SegmentedRaftLogWorker: Starting segment from index:0
2020-07-09 05:29:25,159 [omNode-1@group-523986131536-LeaderElection31] INFO  impl.RaftServerImpl (ServerState.java:setRaftConf(356)) - omNode-1@group-523986131536: set configuration 0: [omNode-3:localhost:10900, omNode-1:localhost:10888, omNode-2:localhost:10894], old=null at 0
2020-07-09 05:29:25,164 [grpc-default-executor-2] INFO  impl.RaftServerImpl (ServerState.java:setLeader(255)) - omNode-3@group-523986131536: change Leader from null to omNode-1 at term 1 for appendEntries, leader elected after 886ms
2020-07-09 05:29:25,170 [grpc-default-executor-5] DEBUG impl.RaftServerImpl (RaftServerImpl.java:logAppendEntries(928)) - omNode-3@group-523986131536: receive appendEntries(omNode-1, 1, null, -1, false, commits[omNode-1:c-1, omNode-3:c-1, omNode-2:c-1], entries: (t:1, i:0), CONFIGURATIONENTRY
2020-07-09 05:29:25,170 [grpc-default-executor-2] INFO  impl.RaftServerImpl (ServerState.java:setLeader(255)) - omNode-2@group-523986131536: change Leader from null to omNode-1 at term 1 for appendEntries, leader elected after 1011ms
2020-07-09 05:29:25,170 [grpc-default-executor-5] INFO  impl.RaftServerImpl (ServerState.java:setRaftConf(356)) - omNode-3@group-523986131536: set configuration 0: [omNode-3:localhost:10900, omNode-1:localhost:10888, omNode-2:localhost:10894], old=null at 0
2020-07-09 05:29:25,170 [grpc-default-executor-5] INFO  segmented.SegmentedRaftLogWorker (SegmentedRaftLogWorker.java:startLogSegment(397)) - omNode-3@group-523986131536-SegmentedRaftLogWorker: Starting segment from index:0
2020-07-09 05:29:25,173 [grpc-default-executor-5] DEBUG impl.RaftServerImpl (RaftServerImpl.java:logAppendEntries(928)) - omNode-2@group-523986131536: receive appendEntries(omNode-1, 1, null, -1, false, commits[omNode-1:c-1, omNode-3:c-1, omNode-2:c-1], entries: (t:1, i:0), CONFIGURATIONENTRY
2020-07-09 05:29:25,174 [grpc-default-executor-5] INFO  impl.RaftServerImpl (ServerState.java:setRaftConf(356)) - omNode-2@group-523986131536: set configuration 0: [omNode-3:localhost:10900, omNode-1:localhost:10888, omNode-2:localhost:10894], old=null at 0
2020-07-09 05:29:25,175 [grpc-default-executor-5] INFO  segmented.SegmentedRaftLogWorker (SegmentedRaftLogWorker.java:startLogSegment(397)) - omNode-2@group-523986131536-SegmentedRaftLogWorker: Starting segment from index:0
2020-07-09 05:29:25,181 [grpc-default-executor-5] DEBUG server.GrpcLogAppender (GrpcLogAppender.java:onNext(257)) - omNode-1@group-523986131536->omNode-3-AppendLogResponseHandler: received the first reply omNode-1<-omNode-3#0:OK,SUCCESS,nextIndex:1,term:1,followerCommit:-1, request=AppendEntriesRequest:cid=0,entriesCount=0,lastEntry=null
2020-07-09 05:29:25,189 [grpc-default-executor-5] DEBUG server.GrpcLogAppender (GrpcLogAppender.java:onNext(257)) - omNode-1@group-523986131536->omNode-2-AppendLogResponseHandler: received the first reply omNode-1<-omNode-2#0:OK,SUCCESS,nextIndex:1,term:1,followerCommit:-1, request=AppendEntriesRequest:cid=0,entriesCount=0,lastEntry=null
2020-07-09 05:29:25,294 [omNode-1@group-523986131536-SegmentedRaftLogWorker] INFO  segmented.SegmentedRaftLogWorker (SegmentedRaftLogWorker.java:execute(596)) - omNode-1@group-523986131536-SegmentedRaftLogWorker: created new log segment /github/workspace/mnt/ozone/hadoop-ozone/integration-test/target/test-dir/MiniOzoneClusterImpl-d39db876-f3fa-4cd0-af36-93cb9432015e/omNode-1/ratis/c9bc4cf4-3bc3-3c60-a66b-523986131536/current/log_inprogress_0
2020-07-09 05:29:25,295 [omNode-3@group-523986131536-SegmentedRaftLogWorker] INFO  segmented.SegmentedRaftLogWorker (SegmentedRaftLogWorker.java:execute(596)) - omNode-3@group-523986131536-SegmentedRaftLogWorker: created new log segment /github/workspace/mnt/ozone/hadoop-ozone/integration-test/target/test-dir/MiniOzoneClusterImpl-d39db876-f3fa-4cd0-af36-93cb9432015e/omNode-3/ratis/c9bc4cf4-3bc3-3c60-a66b-523986131536/current/log_inprogress_0
2020-07-09 05:29:25,294 [omNode-2@group-523986131536-SegmentedRaftLogWorker] INFO  segmented.SegmentedRaftLogWorker (SegmentedRaftLogWorker.java:execute(596)) - omNode-2@group-523986131536-SegmentedRaftLogWorker: created new log segment /github/workspace/mnt/ozone/hadoop-ozone/integration-test/target/test-dir/MiniOzoneClusterImpl-d39db876-f3fa-4cd0-af36-93cb9432015e/omNode-2/ratis/c9bc4cf4-3bc3-3c60-a66b-523986131536/current/log_inprogress_0
2020-07-09 05:29:25,301 [Thread-2107] DEBUG impl.RaftServerImpl (RaftServerImpl.java:logAppendEntries(928)) - omNode-2@group-523986131536: succeeded to handle AppendEntries. Reply: omNode-1<-omNode-2#1:OK,SUCCESS,nextIndex:1,term:1,followerCommit:-1
2020-07-09 05:29:25,302 [grpc-default-executor-5] DEBUG server.GrpcLogAppender (GrpcLogAppender.java:onNext(257)) - omNode-1@group-523986131536->omNode-2-AppendLogResponseHandler: received a reply omNode-1<-omNode-2#1:OK,SUCCESS,nextIndex:1,term:1,followerCommit:-1, request=AppendEntriesRequest:cid=1,entriesCount=1,lastEntry=(t:1, i:0)
2020-07-09 05:29:25,304 [Thread-2108] DEBUG impl.RaftServerImpl (RaftServerImpl.java:logAppendEntries(928)) - omNode-3@group-523986131536: succeeded to handle AppendEntries. Reply: omNode-1<-omNode-3#1:OK,SUCCESS,nextIndex:1,term:1,followerCommit:-1
2020-07-09 05:29:25,304 [grpc-default-executor-5] DEBUG server.GrpcLogAppender (GrpcLogAppender.java:onNext(257)) - omNode-1@group-523986131536->omNode-3-AppendLogResponseHandler: received a reply omNode-1<-omNode-3#1:OK,SUCCESS,nextIndex:1,term:1,followerCommit:-1, request=AppendEntriesRequest:cid=1,entriesCount=1,lastEntry=(t:1, i:0)
2020-07-09 05:29:25,513 [Listener at 127.0.0.1/10896] INFO  ozone.MiniOzoneClusterImpl (MiniOzoneClusterImpl.java:lambda$waitForClusterToBeReady$0(177)) - Waiting for nodes to be ready. Got 0 of 3 DN Heartbeats.
2020-07-09 05:29:25,513 [Listener at 127.0.0.1/10896] INFO  ozone.MiniOzoneClusterImpl (MiniOzoneClusterImpl.java:lambda$waitForClusterToBeReady$0(180)) - Waiting for cluster to exit safe mode
2020-07-09 05:29:25,805 [grpc-default-executor-5] DEBUG server.GrpcLogAppender (GrpcLogAppender.java:onNext(257)) - omNode-1@group-523986131536->omNode-2-AppendLogResponseHandler: received a reply omNode-1<-omNode-2#2:OK,SUCCESS,nextIndex:1,term:1,followerCommit:0, request=AppendEntriesRequest:cid=2,entriesCount=0,lastEntry=null
2020-07-09 05:29:25,806 [grpc-default-executor-5] DEBUG server.GrpcLogAppender (GrpcLogAppender.java:onNext(257)) - omNode-1@group-523986131536->omNode-3-AppendLogResponseHandler: received a reply omNode-1<-omNode-3#2:OK,SUCCESS,nextIndex:1,term:1,followerCommit:0, request=AppendEntriesRequest:cid=2,entriesCount=0,lastEntry=null
2020-07-09 05:29:26,307 [grpc-default-executor-5] DEBUG server.GrpcLogAppender (GrpcLogAppender.java:onNext(257)) - omNode-1@group-523986131536->omNode-2-AppendLogResponseHandler: received a reply omNode-1<-omNode-2#3:OK,SUCCESS,nextIndex:1,term:1,followerCommit:0, request=AppendEntriesRequest:cid=3,entriesCount=0,lastEntry=null
2020-07-09 05:29:26,308 [grpc-default-executor-5] DEBUG server.GrpcLogAppender (GrpcLogAppender.java:onNext(257)) - omNode-1@group-523986131536->omNode-3-AppendLogResponseHandler: received a reply omNode-1<-omNode-3#3:OK,SUCCESS,nextIndex:1,term:1,followerCommit:0, request=AppendEntriesRequest:cid=3,entriesCount=0,lastEntry=null
2020-07-09 05:29:26,418 [Datanode State Machine Thread - 0] INFO  ozoneimpl.OzoneContainer (OzoneContainer.java:start(232)) - Attempting to start container services.
2020-07-09 05:29:26,418 [Datanode State Machine Thread - 0] INFO  ozoneimpl.OzoneContainer (OzoneContainer.java:startContainerScrub(196)) - Background container scanner has been disabled.
2020-07-09 05:29:26,419 [Datanode State Machine Thread - 0] INFO  ratis.XceiverServerRatis (XceiverServerRatis.java:start(425)) - Starting XceiverServerRatis 1133bb81-482b-43be-b880-374c9d80236f at port 0
2020-07-09 05:29:26,419 [Datanode State Machine Thread - 0] INFO  impl.RaftServerProxy (RaftServerProxy.java:lambda$start$3(304)) - 1133bb81-482b-43be-b880-374c9d80236f: start RPC server
2020-07-09 05:29:26,420 [Datanode State Machine Thread - 0] INFO  server.GrpcService (GrpcService.java:startImpl(160)) - 1133bb81-482b-43be-b880-374c9d80236f: GrpcService started, listening on 0.0.0.0/0.0.0.0:36439
2020-07-09 05:29:26,420 [Datanode State Machine Thread - 0] INFO  ratis.XceiverServerRatis (XceiverServerRatis.java:start(437)) - XceiverServerRatis 1133bb81-482b-43be-b880-374c9d80236f is started using port 36439
2020-07-09 05:29:26,421 [Datanode State Machine Thread - 0] INFO  server.XceiverServerGrpc (XceiverServerGrpc.java:start(145)) - XceiverServerGrpc 1133bb81-482b-43be-b880-374c9d80236f is started using port 36981
2020-07-09 05:29:26,470 [Datanode State Machine Thread - 0] INFO  ozoneimpl.OzoneContainer (OzoneContainer.java:start(232)) - Attempting to start container services.
2020-07-09 05:29:26,470 [Datanode State Machine Thread - 0] INFO  ozoneimpl.OzoneContainer (OzoneContainer.java:startContainerScrub(196)) - Background container scanner has been disabled.
2020-07-09 05:29:26,470 [Datanode State Machine Thread - 0] INFO  ratis.XceiverServerRatis (XceiverServerRatis.java:start(425)) - Starting XceiverServerRatis 4309c1dc-11ba-4b32-9c48-fa0a859b84ea at port 0
2020-07-09 05:29:26,471 [Datanode State Machine Thread - 0] INFO  impl.RaftServerProxy (RaftServerProxy.java:lambda$start$3(304)) - 4309c1dc-11ba-4b32-9c48-fa0a859b84ea: start RPC server
2020-07-09 05:29:26,473 [Datanode State Machine Thread - 0] INFO  server.GrpcService (GrpcService.java:startImpl(160)) - 4309c1dc-11ba-4b32-9c48-fa0a859b84ea: GrpcService started, listening on 0.0.0.0/0.0.0.0:36571
2020-07-09 05:29:26,473 [Datanode State Machine Thread - 0] INFO  ratis.XceiverServerRatis (XceiverServerRatis.java:start(437)) - XceiverServerRatis 4309c1dc-11ba-4b32-9c48-fa0a859b84ea is started using port 36571
2020-07-09 05:29:26,473 [Datanode State Machine Thread - 0] INFO  server.XceiverServerGrpc (XceiverServerGrpc.java:start(145)) - XceiverServerGrpc 4309c1dc-11ba-4b32-9c48-fa0a859b84ea is started using port 45523
2020-07-09 05:29:26,513 [Listener at 127.0.0.1/10896] INFO  ozone.MiniOzoneClusterImpl (MiniOzoneClusterImpl.java:lambda$waitForClusterToBeReady$0(177)) - Waiting for nodes to be ready. Got 0 of 3 DN Heartbeats.
2020-07-09 05:29:26,514 [Listener at 127.0.0.1/10896] INFO  ozone.MiniOzoneClusterImpl (MiniOzoneClusterImpl.java:lambda$waitForClusterToBeReady$0(180)) - Waiting for cluster to exit safe mode
2020-07-09 05:29:26,519 [Datanode State Machine Thread - 0] INFO  ozoneimpl.OzoneContainer (OzoneContainer.java:start(232)) - Attempting to start container services.
2020-07-09 05:29:26,519 [Datanode State Machine Thread - 0] INFO  ozoneimpl.OzoneContainer (OzoneContainer.java:startContainerScrub(196)) - Background container scanner has been disabled.
2020-07-09 05:29:26,519 [Datanode State Machine Thread - 0] INFO  ratis.XceiverServerRatis (XceiverServerRatis.java:start(425)) - Starting XceiverServerRatis 5e2225e2-45cd-49d2-96be-e03b029ea84f at port 0
2020-07-09 05:29:26,520 [Datanode State Machine Thread - 0] INFO  impl.RaftServerProxy (RaftServerProxy.java:lambda$start$3(304)) - 5e2225e2-45cd-49d2-96be-e03b029ea84f: start RPC server
2020-07-09 05:29:26,520 [Datanode State Machine Thread - 0] INFO  server.GrpcService (GrpcService.java:startImpl(160)) - 5e2225e2-45cd-49d2-96be-e03b029ea84f: GrpcService started, listening on 0.0.0.0/0.0.0.0:38651
2020-07-09 05:29:26,521 [Datanode State Machine Thread - 0] INFO  ratis.XceiverServerRatis (XceiverServerRatis.java:start(437)) - XceiverServerRatis 5e2225e2-45cd-49d2-96be-e03b029ea84f is started using port 38651
2020-07-09 05:29:26,521 [Datanode State Machine Thread - 0] INFO  server.XceiverServerGrpc (XceiverServerGrpc.java:start(145)) - XceiverServerGrpc 5e2225e2-45cd-49d2-96be-e03b029ea84f is started using port 41849
2020-07-09 05:29:26,808 [grpc-default-executor-5] DEBUG server.GrpcLogAppender (GrpcLogAppender.java:onNext(257)) - omNode-1@group-523986131536->omNode-2-AppendLogResponseHandler: received a reply omNode-1<-omNode-2#4:OK,SUCCESS,nextIndex:1,term:1,followerCommit:0, request=AppendEntriesRequest:cid=4,entriesCount=0,lastEntry=null
2020-07-09 05:29:26,810 [grpc-default-executor-2] DEBUG server.GrpcLogAppender (GrpcLogAppender.java:onNext(257)) - omNode-1@group-523986131536->omNode-3-AppendLogResponseHandler: received a reply omNode-1<-omNode-3#4:OK,SUCCESS,nextIndex:1,term:1,followerCommit:0, request=AppendEntriesRequest:cid=4,entriesCount=0,lastEntry=null
2020-07-09 05:29:27,311 [grpc-default-executor-5] DEBUG server.GrpcLogAppender (GrpcLogAppender.java:onNext(257)) - omNode-1@group-523986131536->omNode-2-AppendLogResponseHandler: received a reply omNode-1<-omNode-2#5:OK,SUCCESS,nextIndex:1,term:1,followerCommit:0, request=AppendEntriesRequest:cid=5,entriesCount=0,lastEntry=null
2020-07-09 05:29:27,312 [grpc-default-executor-5] DEBUG server.GrpcLogAppender (GrpcLogAppender.java:onNext(257)) - omNode-1@group-523986131536->omNode-3-AppendLogResponseHandler: received a reply omNode-1<-omNode-3#5:OK,SUCCESS,nextIndex:1,term:1,followerCommit:0, request=AppendEntriesRequest:cid=5,entriesCount=0,lastEntry=null
2020-07-09 05:29:27,514 [Listener at 127.0.0.1/10896] INFO  ozone.MiniOzoneClusterImpl (MiniOzoneClusterImpl.java:lambda$waitForClusterToBeReady$0(177)) - Waiting for nodes to be ready. Got 0 of 3 DN Heartbeats.
2020-07-09 05:29:27,514 [Listener at 127.0.0.1/10896] INFO  ozone.MiniOzoneClusterImpl (MiniOzoneClusterImpl.java:lambda$waitForClusterToBeReady$0(180)) - Waiting for cluster to exit safe mode
2020-07-09 05:29:27,813 [grpc-default-executor-5] DEBUG server.GrpcLogAppender (GrpcLogAppender.java:onNext(257)) - omNode-1@group-523986131536->omNode-2-AppendLogResponseHandler: received a reply omNode-1<-omNode-2#6:OK,SUCCESS,nextIndex:1,term:1,followerCommit:0, request=AppendEntriesRequest:cid=6,entriesCount=0,lastEntry=null
2020-07-09 05:29:27,814 [grpc-default-executor-5] DEBUG server.GrpcLogAppender (GrpcLogAppender.java:onNext(257)) - omNode-1@group-523986131536->omNode-3-AppendLogResponseHandler: received a reply omNode-1<-omNode-3#6:OK,SUCCESS,nextIndex:1,term:1,followerCommit:0, request=AppendEntriesRequest:cid=6,entriesCount=0,lastEntry=null
2020-07-09 05:29:28,315 [grpc-default-executor-2] DEBUG server.GrpcLogAppender (GrpcLogAppender.java:onNext(257)) - omNode-1@group-523986131536->omNode-3-AppendLogResponseHandler: received a reply omNode-1<-omNode-3#7:OK,SUCCESS,nextIndex:1,term:1,followerCommit:0, request=AppendEntriesRequest:cid=7,entriesCount=0,lastEntry=null
2020-07-09 05:29:28,317 [grpc-default-executor-5] DEBUG server.GrpcLogAppender (GrpcLogAppender.java:onNext(257)) - omNode-1@group-523986131536->omNode-2-AppendLogResponseHandler: received a reply omNode-1<-omNode-2#7:OK,SUCCESS,nextIndex:1,term:1,followerCommit:0, request=AppendEntriesRequest:cid=7,entriesCount=0,lastEntry=null
2020-07-09 05:29:28,415 [IPC Server handler 0 on default port 36787] INFO  net.NetworkTopology (NetworkTopologyImpl.java:add(111)) - Added a new node: /default-rack/1133bb81-482b-43be-b880-374c9d80236f
2020-07-09 05:29:28,416 [IPC Server handler 0 on default port 36787] INFO  node.SCMNodeManager (SCMNodeManager.java:register(268)) - Registered Data node : 1133bb81-482b-43be-b880-374c9d80236f{ip: 172.17.0.2, host: f7c04b9d9258, networkLocation: /default-rack, certSerialId: null}
2020-07-09 05:29:28,416 [RatisPipelineUtilsThread] INFO  pipeline.RatisPipelineProvider (RatisPipelineProvider.java:lambda$create$0(138)) - Sending CreatePipelineCommand for pipeline:PipelineID=fe2b44e2-47cc-4119-9be0-efce6eed3c35 to datanode:1133bb81-482b-43be-b880-374c9d80236f
2020-07-09 05:29:28,416 [EventQueue-NodeRegistrationContainerReportForDataNodeSafeModeRule] INFO  safemode.SCMSafeModeManager (DataNodeSafeModeRule.java:process(71)) - SCM in safe mode. 1 DataNodes registered, 1 required.
2020-07-09 05:29:28,416 [RatisPipelineUtilsThread] INFO  pipeline.PipelineStateManager (PipelineStateManager.java:addPipeline(54)) - Created pipeline Pipeline[ Id: fe2b44e2-47cc-4119-9be0-efce6eed3c35, Nodes: 1133bb81-482b-43be-b880-374c9d80236f{ip: 172.17.0.2, host: f7c04b9d9258, networkLocation: /default-rack, certSerialId: null}, Type:RATIS, Factor:ONE, State:ALLOCATED, leaderId:, CreationTimestamp2020-07-09T05:29:28.416Z]
2020-07-09 05:29:28,417 [RatisPipelineUtilsThread] ERROR pipeline.SCMPipelineManager (SCMPipelineManager.java:createPipeline(222)) - Failed to create pipeline of type RATIS and factor ONE. Exception: Cannot create pipeline of factor 1 using 0 nodes. Used 1 nodes. Healthy nodes 1
2020-07-09 05:29:28,416 [EventQueue-NodeRegistrationContainerReportForDataNodeSafeModeRule] INFO  safemode.SCMSafeModeManager (SCMSafeModeManager.java:validateSafeModeExitRules(214)) - DataNodeSafeModeRule rule is successfully validated
2020-07-09 05:29:28,417 [EventQueue-NodeRegistrationContainerReportForDataNodeSafeModeRule] INFO  safemode.SCMSafeModeManager (SCMSafeModeManager.java:completePreCheck(242)) - All SCM safe mode pre check rules have passed
2020-07-09 05:29:28,426 [RatisPipelineUtilsThread] ERROR pipeline.SCMPipelineManager (SCMPipelineManager.java:createPipeline(222)) - Failed to create pipeline of type RATIS and factor ONE. Exception: Cannot create pipeline of factor 1 using 0 nodes. Used 1 nodes. Healthy nodes 1
2020-07-09 05:29:28,426 [RatisPipelineUtilsThread] WARN  pipeline.PipelinePlacementPolicy (PipelinePlacementPolicy.java:filterViableNodes(133)) - Pipeline creation failed due to no sufficient healthy datanodes. Required 3. Found 1.
2020-07-09 05:29:28,426 [RatisPipelineUtilsThread] ERROR pipeline.SCMPipelineManager (SCMPipelineManager.java:createPipeline(222)) - Failed to create pipeline of type RATIS and factor THREE. Exception: Pipeline creation failed due to no sufficient healthy datanodes. Required 3. Found 1.
2020-07-09 05:29:28,426 [EventQueue-NodeRegistrationContainerReportForContainerSafeModeRule] INFO  safemode.SCMSafeModeManager (SCMSafeModeManager.java:validateSafeModeExitRules(214)) - ContainerSafeModeRule rule is successfully validated
2020-07-09 05:29:28,465 [IPC Server handler 1 on default port 36787] INFO  net.NetworkTopology (NetworkTopologyImpl.java:add(111)) - Added a new node: /default-rack/4309c1dc-11ba-4b32-9c48-fa0a859b84ea
2020-07-09 05:29:28,466 [IPC Server handler 1 on default port 36787] INFO  node.SCMNodeManager (SCMNodeManager.java:register(268)) - Registered Data node : 4309c1dc-11ba-4b32-9c48-fa0a859b84ea{ip: 172.17.0.2, host: f7c04b9d9258, networkLocation: /default-rack, certSerialId: null}
2020-07-09 05:29:28,466 [EventQueue-NodeRegistrationContainerReportForDataNodeSafeModeRule] INFO  safemode.SCMSafeModeManager (SCMSafeModeManager.java:validateSafeModeExitRules(214)) - DataNodeSafeModeRule rule is successfully validated
2020-07-09 05:29:28,466 [EventQueue-NodeRegistrationContainerReportForContainerSafeModeRule] INFO  safemode.SCMSafeModeManager (SCMSafeModeManager.java:validateSafeModeExitRules(214)) - ContainerSafeModeRule rule is successfully validated
2020-07-09 05:29:28,467 [RatisPipelineUtilsThread] INFO  pipeline.RatisPipelineProvider (RatisPipelineProvider.java:lambda$create$0(138)) - Sending CreatePipelineCommand for pipeline:PipelineID=d917e204-1528-48ca-b8ef-e1635b2abb5f to datanode:4309c1dc-11ba-4b32-9c48-fa0a859b84ea
2020-07-09 05:29:28,467 [RatisPipelineUtilsThread] INFO  pipeline.PipelineStateManager (PipelineStateManager.java:addPipeline(54)) - Created pipeline Pipeline[ Id: d917e204-1528-48ca-b8ef-e1635b2abb5f, Nodes: 4309c1dc-11ba-4b32-9c48-fa0a859b84ea{ip: 172.17.0.2, host: f7c04b9d9258, networkLocation: /default-rack, certSerialId: null}, Type:RATIS, Factor:ONE, State:ALLOCATED, leaderId:, CreationTimestamp2020-07-09T05:29:28.467Z]
2020-07-09 05:29:28,467 [RatisPipelineUtilsThread] ERROR pipeline.SCMPipelineManager (SCMPipelineManager.java:createPipeline(222)) - Failed to create pipeline of type RATIS and factor ONE. Exception: Cannot create pipeline of factor 1 using 0 nodes. Used 2 nodes. Healthy nodes 2
2020-07-09 05:29:28,468 [RatisPipelineUtilsThread] WARN  pipeline.PipelinePlacementPolicy (PipelinePlacementPolicy.java:filterViableNodes(133)) - Pipeline creation failed due to no sufficient healthy datanodes. Required 3. Found 2.
2020-07-09 05:29:28,468 [RatisPipelineUtilsThread] ERROR pipeline.SCMPipelineManager (SCMPipelineManager.java:createPipeline(222)) - Failed to create pipeline of type RATIS and factor THREE. Exception: Pipeline creation failed due to no sufficient healthy datanodes. Required 3. Found 2.
2020-07-09 05:29:28,514 [Listener at 127.0.0.1/10896] INFO  ozone.MiniOzoneClusterImpl (MiniOzoneClusterImpl.java:lambda$waitForClusterToBeReady$0(177)) - Waiting for nodes to be ready. Got 2 of 3 DN Heartbeats.
2020-07-09 05:29:28,514 [Listener at 127.0.0.1/10896] INFO  ozone.MiniOzoneClusterImpl (MiniOzoneClusterImpl.java:lambda$waitForClusterToBeReady$0(180)) - Waiting for cluster to exit safe mode
2020-07-09 05:29:28,518 [IPC Server handler 2 on default port 36787] INFO  net.NetworkTopology (NetworkTopologyImpl.java:add(111)) - Added a new node: /default-rack/5e2225e2-45cd-49d2-96be-e03b029ea84f
2020-07-09 05:29:28,518 [IPC Server handler 2 on default port 36787] INFO  node.SCMNodeManager (SCMNodeManager.java:register(268)) - Registered Data node : 5e2225e2-45cd-49d2-96be-e03b029ea84f{ip: 172.17.0.2, host: f7c04b9d9258, networkLocation: /default-rack, certSerialId: null}
2020-07-09 05:29:28,518 [RatisPipelineUtilsThread] INFO  pipeline.RatisPipelineProvider (RatisPipelineProvider.java:lambda$create$0(138)) - Sending CreatePipelineCommand for pipeline:PipelineID=a21a46bd-3495-4abf-a669-74ab2a162e37 to datanode:5e2225e2-45cd-49d2-96be-e03b029ea84f
2020-07-09 05:29:28,518 [EventQueue-NodeRegistrationContainerReportForDataNodeSafeModeRule] INFO  safemode.SCMSafeModeManager (SCMSafeModeManager.java:validateSafeModeExitRules(214)) - DataNodeSafeModeRule rule is successfully validated
2020-07-09 05:29:28,518 [RatisPipelineUtilsThread] INFO  pipeline.PipelineStateManager (PipelineStateManager.java:addPipeline(54)) - Created pipeline Pipeline[ Id: a21a46bd-3495-4abf-a669-74ab2a162e37, Nodes: 5e2225e2-45cd-49d2-96be-e03b029ea84f{ip: 172.17.0.2, host: f7c04b9d9258, networkLocation: /default-rack, certSerialId: null}, Type:RATIS, Factor:ONE, State:ALLOCATED, leaderId:, CreationTimestamp2020-07-09T05:29:28.518Z]
2020-07-09 05:29:28,518 [EventQueue-NodeRegistrationContainerReportForContainerSafeModeRule] INFO  safemode.SCMSafeModeManager (SCMSafeModeManager.java:validateSafeModeExitRules(214)) - ContainerSafeModeRule rule is successfully validated
2020-07-09 05:29:28,518 [RatisPipelineUtilsThread] ERROR pipeline.SCMPipelineManager (SCMPipelineManager.java:createPipeline(222)) - Failed to create pipeline of type RATIS and factor ONE. Exception: Cannot create pipeline of factor 1 using 0 nodes. Used 3 nodes. Healthy nodes 3
2020-07-09 05:29:28,519 [RatisPipelineUtilsThread] INFO  pipeline.RatisPipelineProvider (RatisPipelineProvider.java:lambda$create$0(138)) - Sending CreatePipelineCommand for pipeline:PipelineID=fc01eeae-b953-45d2-9d22-a450223f1e4b to datanode:1133bb81-482b-43be-b880-374c9d80236f
2020-07-09 05:29:28,519 [RatisPipelineUtilsThread] INFO  pipeline.RatisPipelineProvider (RatisPipelineProvider.java:lambda$create$0(138)) - Sending CreatePipelineCommand for pipeline:PipelineID=fc01eeae-b953-45d2-9d22-a450223f1e4b to datanode:5e2225e2-45cd-49d2-96be-e03b029ea84f
2020-07-09 05:29:28,519 [RatisPipelineUtilsThread] INFO  pipeline.RatisPipelineProvider (RatisPipelineProvider.java:lambda$create$0(138)) - Sending CreatePipelineCommand for pipeline:PipelineID=fc01eeae-b953-45d2-9d22-a450223f1e4b to datanode:4309c1dc-11ba-4b32-9c48-fa0a859b84ea
2020-07-09 05:29:28,520 [RatisPipelineUtilsThread] INFO  pipeline.PipelineStateManager (PipelineStateManager.java:addPipeline(54)) - Created pipeline Pipeline[ Id: fc01eeae-b953-45d2-9d22-a450223f1e4b, Nodes: 1133bb81-482b-43be-b880-374c9d80236f{ip: 172.17.0.2, host: f7c04b9d9258, networkLocation: /default-rack, certSerialId: null}5e2225e2-45cd-49d2-96be-e03b029ea84f{ip: 172.17.0.2, host: f7c04b9d9258, networkLocation: /default-rack, certSerialId: null}4309c1dc-11ba-4b32-9c48-fa0a859b84ea{ip: 172.17.0.2, host: f7c04b9d9258, networkLocation: /default-rack, certSerialId: null}, Type:RATIS, Factor:THREE, State:ALLOCATED, leaderId:, CreationTimestamp2020-07-09T05:29:28.519Z]
2020-07-09 05:29:28,520 [RatisPipelineUtilsThread] ERROR pipeline.SCMPipelineManager (SCMPipelineManager.java:createPipeline(222)) - Failed to create pipeline of type RATIS and factor THREE. Exception: Pipeline creation failed because nodes are engaged in other pipelines and every node can only be engaged in max 2 pipelines. Required 3. Found 0
2020-07-09 05:29:28,818 [grpc-default-executor-5] DEBUG server.GrpcLogAppender (GrpcLogAppender.java:onNext(257)) - omNode-1@group-523986131536->omNode-3-AppendLogResponseHandler: received a reply omNode-1<-omNode-3#8:OK,SUCCESS,nextIndex:1,term:1,followerCommit:0, request=AppendEntriesRequest:cid=8,entriesCount=0,lastEntry=null
2020-07-09 05:29:28,819 [grpc-default-executor-5] DEBUG server.GrpcLogAppender (GrpcLogAppender.java:onNext(257)) - omNode-1@group-523986131536->omNode-2-AppendLogResponseHandler: received a reply omNode-1<-omNode-2#8:OK,SUCCESS,nextIndex:1,term:1,followerCommit:0, request=AppendEntriesRequest:cid=8,entriesCount=0,lastEntry=null
2020-07-09 05:29:29,320 [grpc-default-executor-2] DEBUG server.GrpcLogAppender (GrpcLogAppender.java:onNext(257)) - omNode-1@group-523986131536->omNode-3-AppendLogResponseHandler: received a reply omNode-1<-omNode-3#9:OK,SUCCESS,nextIndex:1,term:1,followerCommit:0, request=AppendEntriesRequest:cid=9,entriesCount=0,lastEntry=null
2020-07-09 05:29:29,321 [grpc-default-executor-5] DEBUG server.GrpcLogAppender (GrpcLogAppender.java:onNext(257)) - omNode-1@group-523986131536->omNode-2-AppendLogResponseHandler: received a reply omNode-1<-omNode-2#9:OK,SUCCESS,nextIndex:1,term:1,followerCommit:0, request=AppendEntriesRequest:cid=9,entriesCount=0,lastEntry=null
2020-07-09 05:29:29,515 [Listener at 127.0.0.1/10896] INFO  ozone.MiniOzoneClusterImpl (MiniOzoneClusterImpl.java:lambda$waitForClusterToBeReady$0(177)) - Nodes are ready. Got 3 of 3 DN Heartbeats.
2020-07-09 05:29:29,515 [Listener at 127.0.0.1/10896] INFO  ozone.MiniOzoneClusterImpl (MiniOzoneClusterImpl.java:lambda$waitForClusterToBeReady$0(180)) - Waiting for cluster to exit safe mode
2020-07-09 05:29:29,825 [grpc-default-executor-2] DEBUG server.GrpcLogAppender (GrpcLogAppender.java:onNext(257)) - omNode-1@group-523986131536->omNode-3-AppendLogResponseHandler: received a reply omNode-1<-omNode-3#10:OK,SUCCESS,nextIndex:1,term:1,followerCommit:0, request=AppendEntriesRequest:cid=10,entriesCount=0,lastEntry=null
2020-07-09 05:29:29,826 [grpc-default-executor-2] DEBUG server.GrpcLogAppender (GrpcLogAppender.java:onNext(257)) - omNode-1@group-523986131536->omNode-2-AppendLogResponseHandler: received a reply omNode-1<-omNode-2#10:OK,SUCCESS,nextIndex:1,term:1,followerCommit:0, request=AppendEntriesRequest:cid=10,entriesCount=0,lastEntry=null
2020-07-09 05:29:30,328 [grpc-default-executor-5] DEBUG server.GrpcLogAppender (GrpcLogAppender.java:onNext(257)) - omNode-1@group-523986131536->omNode-3-AppendLogResponseHandler: received a reply omNode-1<-omNode-3#11:OK,SUCCESS,nextIndex:1,term:1,followerCommit:0, request=AppendEntriesRequest:cid=11,entriesCount=0,lastEntry=null
2020-07-09 05:29:30,331 [grpc-default-executor-5] DEBUG server.GrpcLogAppender (GrpcLogAppender.java:onNext(257)) - omNode-1@group-523986131536->omNode-2-AppendLogResponseHandler: received a reply omNode-1<-omNode-2#11:OK,SUCCESS,nextIndex:1,term:1,followerCommit:0, request=AppendEntriesRequest:cid=11,entriesCount=0,lastEntry=null
2020-07-09 05:29:30,515 [Listener at 127.0.0.1/10896] INFO  ozone.MiniOzoneClusterImpl (MiniOzoneClusterImpl.java:lambda$waitForClusterToBeReady$0(177)) - Nodes are ready. Got 3 of 3 DN Heartbeats.
2020-07-09 05:29:30,515 [Listener at 127.0.0.1/10896] INFO  ozone.MiniOzoneClusterImpl (MiniOzoneClusterImpl.java:lambda$waitForClusterToBeReady$0(180)) - Waiting for cluster to exit safe mode
2020-07-09 05:29:30,830 [grpc-default-executor-5] DEBUG server.GrpcLogAppender (GrpcLogAppender.java:onNext(257)) - omNode-1@group-523986131536->omNode-3-AppendLogResponseHandler: received a reply omNode-1<-omNode-3#12:OK,SUCCESS,nextIndex:1,term:1,followerCommit:0, request=AppendEntriesRequest:cid=12,entriesCount=0,lastEntry=null
2020-07-09 05:29:30,832 [grpc-default-executor-5] DEBUG server.GrpcLogAppender (GrpcLogAppender.java:onNext(257)) - omNode-1@group-523986131536->omNode-2-AppendLogResponseHandler: received a reply omNode-1<-omNode-2#12:OK,SUCCESS,nextIndex:1,term:1,followerCommit:0, request=AppendEntriesRequest:cid=12,entriesCount=0,lastEntry=null
2020-07-09 05:29:31,331 [grpc-default-executor-5] DEBUG server.GrpcLogAppender (GrpcLogAppender.java:onNext(257)) - omNode-1@group-523986131536->omNode-3-AppendLogResponseHandler: received a reply omNode-1<-omNode-3#13:OK,SUCCESS,nextIndex:1,term:1,followerCommit:0, request=AppendEntriesRequest:cid=13,entriesCount=0,lastEntry=null
2020-07-09 05:29:31,334 [grpc-default-executor-5] DEBUG server.GrpcLogAppender (GrpcLogAppender.java:onNext(257)) - omNode-1@group-523986131536->omNode-2-AppendLogResponseHandler: received a reply omNode-1<-omNode-2#13:OK,SUCCESS,nextIndex:1,term:1,followerCommit:0, request=AppendEntriesRequest:cid=13,entriesCount=0,lastEntry=null
2020-07-09 05:29:31,414 [Command processor thread] INFO  impl.RaftServerProxy (RaftServerProxy.java:addNew(89)) - 1133bb81-482b-43be-b880-374c9d80236f: addNew group-EFCE6EED3C35:[1133bb81-482b-43be-b880-374c9d80236f:172.17.0.2:36439] returns group-EFCE6EED3C35:java.util.concurrent.CompletableFuture@10a443bc[Not completed]
2020-07-09 05:29:31,415 [pool-505-thread-1] INFO  impl.RaftServerImpl (RaftServerImpl.java:<init>(99)) - 1133bb81-482b-43be-b880-374c9d80236f: new RaftServerImpl for group-EFCE6EED3C35:[1133bb81-482b-43be-b880-374c9d80236f:172.17.0.2:36439] with ContainerStateMachine:uninitialized
2020-07-09 05:29:31,416 [pool-505-thread-1] INFO  server.RaftServerConfigKeys (ConfUtils.java:logGet(44)) - raft.server.rpc.timeout.min = 5s (custom)
2020-07-09 05:29:31,416 [pool-505-thread-1] INFO  server.RaftServerConfigKeys (ConfUtils.java:logGet(44)) - raft.server.rpc.timeout.max = 5200ms (custom)
2020-07-09 05:29:31,416 [pool-505-thread-1] INFO  server.RaftServerConfigKeys (ConfUtils.java:logGet(44)) - raft.server.rpcslowness.timeout = 300s (custom)
2020-07-09 05:29:31,416 [pool-505-thread-1] INFO  server.RaftServerConfigKeys (ConfUtils.java:logGet(44)) - raft.server.sleep.deviation.threshold = 300 (default)
2020-07-09 05:29:31,416 [pool-505-thread-1] INFO  server.RaftServerConfigKeys (ConfUtils.java:logGet(44)) - raft.server.log.appender.install.snapshot.enabled = false (custom)
2020-07-09 05:29:31,417 [pool-505-thread-1] INFO  impl.RaftServerImpl (ServerState.java:<init>(103)) - 1133bb81-482b-43be-b880-374c9d80236f@group-EFCE6EED3C35: ConfigurationManager, init=-1: [1133bb81-482b-43be-b880-374c9d80236f:172.17.0.2:36439], old=null, confs=<EMPTY_MAP>
2020-07-09 05:29:31,417 [pool-505-thread-1] INFO  server.RaftServerConfigKeys (ConfUtils.java:logGet(44)) - raft.server.storage.dir = [/github/workspace/mnt/ozone/hadoop-ozone/integration-test/target/test-dir/MiniOzoneClusterImpl-d39db876-f3fa-4cd0-af36-93cb9432015e/datanode-0/data/ratis] (custom)
2020-07-09 05:29:31,417 [pool-505-thread-1] INFO  server.RaftServerConfigKeys (ConfUtils.java:logGet(44)) - raft.server.log.corruption.policy = EXCEPTION (default)
2020-07-09 05:29:31,417 [pool-505-thread-1] INFO  storage.RaftStorageDirectory (RaftStorageDirectory.java:analyzeStorage(261)) - The storage directory /github/workspace/mnt/ozone/hadoop-ozone/integration-test/target/test-dir/MiniOzoneClusterImpl-d39db876-f3fa-4cd0-af36-93cb9432015e/datanode-0/data/ratis/fe2b44e2-47cc-4119-9be0-efce6eed3c35 does not exist. Creating ...
2020-07-09 05:29:31,419 [pool-505-thread-1] INFO  storage.RaftStorageDirectory (RaftStorageDirectory.java:tryLock(343)) - Lock on /github/workspace/mnt/ozone/hadoop-ozone/integration-test/target/test-dir/MiniOzoneClusterImpl-d39db876-f3fa-4cd0-af36-93cb9432015e/datanode-0/data/ratis/fe2b44e2-47cc-4119-9be0-efce6eed3c35/in_use.lock acquired by nodename 20812@f7c04b9d9258
2020-07-09 05:29:31,420 [pool-505-thread-1] INFO  storage.RaftStorage (RaftStorage.java:format(84)) - Storage directory /github/workspace/mnt/ozone/hadoop-ozone/integration-test/target/test-dir/MiniOzoneClusterImpl-d39db876-f3fa-4cd0-af36-93cb9432015e/datanode-0/data/ratis/fe2b44e2-47cc-4119-9be0-efce6eed3c35 has been successfully formatted.
2020-07-09 05:29:31,421 [pool-505-thread-1] INFO  ratis.ContainerStateMachine (ContainerStateMachine.java:loadSnapshot(225)) - group-EFCE6EED3C35: The snapshot info is null. Setting the last applied indexto:(t:0, i:~)
2020-07-09 05:29:31,421 [pool-505-thread-1] INFO  server.RaftServerConfigKeys (ConfUtils.java:logGet(44)) - raft.server.notification.no-leader.timeout = 60s (default)
2020-07-09 05:29:31,421 [pool-505-thread-1] INFO  server.RaftServerConfigKeys (ConfUtils.java:logGet(44)) - raft.server.log.use.memory = false (default)
2020-07-09 05:29:31,421 [pool-505-thread-1] INFO  server.RaftServerConfigKeys (ConfUtils.java:logGet(44)) - raft.server.log.purge.gap = 1000000 (custom)
2020-07-09 05:29:31,421 [pool-505-thread-1] INFO  server.RaftServerConfigKeys (ConfUtils.java:logGet(44)) - raft.server.log.appender.buffer.byte-limit = 33554432 (custom)
2020-07-09 05:29:31,421 [pool-505-thread-1] INFO  server.RaftServerConfigKeys (ConfUtils.java:logGet(44)) - raft.server.log.segment.size.max = 1048576 (custom)
2020-07-09 05:29:31,421 [EventQueue-PipelineReportForPipelineReportHandler] INFO  pipeline.PipelineStateManager (PipelineStateManager.java:openPipeline(131)) - Pipeline Pipeline[ Id: fe2b44e2-47cc-4119-9be0-efce6eed3c35, Nodes: 1133bb81-482b-43be-b880-374c9d80236f{ip: 172.17.0.2, host: f7c04b9d9258, networkLocation: /default-rack, certSerialId: null}, Type:RATIS, Factor:ONE, State:ALLOCATED, leaderId:1133bb81-482b-43be-b880-374c9d80236f, CreationTimestamp2020-07-09T05:29:28.416Z] moved to OPEN state
2020-07-09 05:29:31,426 [EventQueue-OpenPipelineForOneReplicaPipelineSafeModeRule] INFO  safemode.SCMSafeModeManager (SCMSafeModeManager.java:validateSafeModeExitRules(214)) - AtleastOneDatanodeReportedRule rule is successfully validated
2020-07-09 05:29:31,427 [pool-505-thread-1] INFO  metrics.RatisMetrics (RatisMetrics.java:lambda$create$0(36)) - Creating Metrics Registry : ratis.log_worker.1133bb81-482b-43be-b880-374c9d80236f@group-EFCE6EED3C35
2020-07-09 05:29:31,427 [pool-505-thread-1] INFO  server.RaftServerConfigKeys (ConfUtils.java:logGet(44)) - raft.server.log.segment.cache.num.max = 2 (custom)
2020-07-09 05:29:31,427 [pool-505-thread-1] INFO  segmented.SegmentedRaftLogWorker (SegmentedRaftLogWorker.java:<init>(180)) - new 1133bb81-482b-43be-b880-374c9d80236f@group-EFCE6EED3C35-SegmentedRaftLogWorker for RaftStorage:Storage Directory /github/workspace/mnt/ozone/hadoop-ozone/integration-test/target/test-dir/MiniOzoneClusterImpl-d39db876-f3fa-4cd0-af36-93cb9432015e/datanode-0/data/ratis/fe2b44e2-47cc-4119-9be0-efce6eed3c35
2020-07-09 05:29:31,427 [pool-505-thread-1] INFO  server.RaftServerConfigKeys (ConfUtils.java:logGet(44)) - raft.server.log.queue.byte-limit = 2147483647 (custom)
2020-07-09 05:29:31,427 [pool-505-thread-1] INFO  server.RaftServerConfigKeys (ConfUtils.java:logGet(44)) - raft.server.log.queue.element-limit = 1024 (custom)
2020-07-09 05:29:31,427 [pool-505-thread-1] INFO  server.RaftServerConfigKeys (ConfUtils.java:logGet(44)) - raft.server.log.segment.size.max = 1048576 (custom)
2020-07-09 05:29:31,427 [pool-505-thread-1] INFO  server.RaftServerConfigKeys (ConfUtils.java:logGet(44)) - raft.server.log.preallocated.size = 16384 (custom)
2020-07-09 05:29:31,427 [pool-505-thread-1] INFO  server.RaftServerConfigKeys (ConfUtils.java:logGet(44)) - raft.server.log.write.buffer.size = 1048576 (custom)
2020-07-09 05:29:31,428 [pool-505-thread-1] INFO  server.RaftServerConfigKeys (ConfUtils.java:logGet(44)) - raft.server.log.force.sync.num = 128 (default)
2020-07-09 05:29:31,428 [pool-505-thread-1] INFO  server.RaftServerConfigKeys (ConfUtils.java:logGet(44)) - raft.server.log.statemachine.data.sync = true (default)
2020-07-09 05:29:31,428 [pool-505-thread-1] INFO  server.RaftServerConfigKeys (ConfUtils.java:logGet(44)) - raft.server.log.statemachine.data.sync.timeout = 10s (default)
2020-07-09 05:29:31,428 [pool-505-thread-1] INFO  server.RaftServerConfigKeys (ConfUtils.java:logGet(44)) - raft.server.log.statemachine.data.sync.timeout.retry = -1 (default)
2020-07-09 05:29:31,429 [EventQueue-OpenPipelineForHealthyPipelineSafeModeRule] INFO  safemode.SCMSafeModeManager (HealthyPipelineSafeModeRule.java:process(129)) - SCM in safe mode. Healthy pipelines reported count is 0, required healthy pipeline reported count is 1
2020-07-09 05:29:31,430 [pool-505-thread-1] INFO  server.RaftServerConfigKeys (ConfUtils.java:logGet(44)) - raft.server.log.statemachine.data.caching.enabled = true (custom)
2020-07-09 05:29:31,430 [pool-505-thread-1] INFO  segmented.SegmentedRaftLogWorker (SegmentedRaftLogWorker.java:lambda$new$0(129)) - 1133bb81-482b-43be-b880-374c9d80236f@group-EFCE6EED3C35-SegmentedRaftLogWorker: flushIndex: setUnconditionally 0 -> -1
2020-07-09 05:29:31,430 [pool-505-thread-1] INFO  segmented.SegmentedRaftLogWorker (SegmentedRaftLogWorker.java:lambda$new$0(129)) - 1133bb81-482b-43be-b880-374c9d80236f@group-EFCE6EED3C35-SegmentedRaftLogWorker: safeCacheEvictIndex: setUnconditionally 0 -> -1
2020-07-09 05:29:31,430 [pool-505-thread-1] INFO  server.RaftServerConfigKeys (ConfUtils.java:logGet(44)) - raft.server.snapshot.auto.trigger.enabled = true (custom)
2020-07-09 05:29:31,430 [pool-505-thread-1] INFO  server.RaftServerConfigKeys (ConfUtils.java:logGet(44)) - raft.server.snapshot.auto.trigger.threshold = 10000 (custom)
2020-07-09 05:29:31,430 [pool-505-thread-1] INFO  server.RaftServerConfigKeys (ConfUtils.java:logGet(44)) - raft.server.snapshot.retention.file.num = 5 (custom)
2020-07-09 05:29:31,430 [pool-505-thread-1] INFO  server.RaftServerConfigKeys (ConfUtils.java:logGet(44)) - raft.server.log.purge.upto.snapshot.index = false (default)
2020-07-09 05:29:31,431 [pool-505-thread-1] INFO  server.RaftServerConfigKeys (ConfUtils.java:logGet(44)) - raft.server.retrycache.expirytime = 600000ms (custom)
2020-07-09 05:29:31,431 [pool-505-thread-1] INFO  metrics.RatisMetrics (RatisMetrics.java:lambda$create$0(36)) - Creating Metrics Registry : ratis.leader_election.1133bb81-482b-43be-b880-374c9d80236f@group-EFCE6EED3C35
2020-07-09 05:29:31,431 [pool-505-thread-1] INFO  metrics.RatisMetrics (RatisMetrics.java:lambda$create$0(36)) - Creating Metrics Registry : ratis.server.1133bb81-482b-43be-b880-374c9d80236f@group-EFCE6EED3C35
2020-07-09 05:29:31,432 [pool-505-thread-1] INFO  impl.RaftServerImpl (RaftServerImpl.java:start(186)) - 1133bb81-482b-43be-b880-374c9d80236f@group-EFCE6EED3C35: start as a follower, conf=-1: [1133bb81-482b-43be-b880-374c9d80236f:172.17.0.2:36439], old=null
2020-07-09 05:29:31,433 [pool-505-thread-1] INFO  impl.RaftServerImpl (RaftServerImpl.java:setRole(175)) - 1133bb81-482b-43be-b880-374c9d80236f@group-EFCE6EED3C35: changes role from      null to FOLLOWER at term 0 for startAsFollower
2020-07-09 05:29:31,433 [pool-505-thread-1] INFO  impl.RoleInfo (RoleInfo.java:updateAndGet(143)) - 1133bb81-482b-43be-b880-374c9d80236f: start FollowerState
2020-07-09 05:29:31,433 [pool-505-thread-1] INFO  util.JmxRegister (JmxRegister.java:tryRegister(44)) - Successfully registered JMX Bean with object name Ratis:service=RaftServer,group=group-EFCE6EED3C35,id=1133bb81-482b-43be-b880-374c9d80236f
2020-07-09 05:29:31,433 [pool-505-thread-1] INFO  metrics.RatisMetrics (RatisMetrics.java:lambda$create$0(36)) - Creating Metrics Registry : ratis.state_machine.1133bb81-482b-43be-b880-374c9d80236f@group-EFCE6EED3C35
2020-07-09 05:29:31,434 [Command processor thread] INFO  commandhandler.CreatePipelineCommandHandler (CreatePipelineCommandHandler.java:handle(109)) - Created Pipeline RATIS ONE #id: "fe2b44e2-47cc-4119-9be0-efce6eed3c35"
uuid128 {
  mostSigBits: -131936025419431655
  leastSigBits: -7214502933144191947
}
.
2020-07-09 05:29:31,434 [Command processor thread] INFO  impl.RaftServerProxy (RaftServerProxy.java:addNew(89)) - 1133bb81-482b-43be-b880-374c9d80236f: addNew group-A450223F1E4B:[1133bb81-482b-43be-b880-374c9d80236f:172.17.0.2:36439, 5e2225e2-45cd-49d2-96be-e03b029ea84f:172.17.0.2:38651, 4309c1dc-11ba-4b32-9c48-fa0a859b84ea:172.17.0.2:36571] returns group-A450223F1E4B:java.util.concurrent.CompletableFuture@149bc570[Not completed]
2020-07-09 05:29:31,435 [pool-505-thread-1] INFO  impl.RaftServerImpl (RaftServerImpl.java:<init>(99)) - 1133bb81-482b-43be-b880-374c9d80236f: new RaftServerImpl for group-A450223F1E4B:[1133bb81-482b-43be-b880-374c9d80236f:172.17.0.2:36439, 5e2225e2-45cd-49d2-96be-e03b029ea84f:172.17.0.2:38651, 4309c1dc-11ba-4b32-9c48-fa0a859b84ea:172.17.0.2:36571] with ContainerStateMachine:uninitialized
2020-07-09 05:29:31,435 [pool-505-thread-1] INFO  server.RaftServerConfigKeys (ConfUtils.java:logGet(44)) - raft.server.rpc.timeout.min = 5s (custom)
2020-07-09 05:29:31,435 [pool-505-thread-1] INFO  server.RaftServerConfigKeys (ConfUtils.java:logGet(44)) - raft.server.rpc.timeout.max = 5200ms (custom)
2020-07-09 05:29:31,435 [pool-505-thread-1] INFO  server.RaftServerConfigKeys (ConfUtils.java:logGet(44)) - raft.server.rpcslowness.timeout = 300s (custom)
2020-07-09 05:29:31,435 [pool-505-thread-1] INFO  server.RaftServerConfigKeys (ConfUtils.java:logGet(44)) - raft.server.sleep.deviation.threshold = 300 (default)
2020-07-09 05:29:31,435 [pool-505-thread-1] INFO  server.RaftServerConfigKeys (ConfUtils.java:logGet(44)) - raft.server.log.appender.install.snapshot.enabled = false (custom)
2020-07-09 05:29:31,435 [pool-505-thread-1] INFO  impl.RaftServerImpl (ServerState.java:<init>(103)) - 1133bb81-482b-43be-b880-374c9d80236f@group-A450223F1E4B: ConfigurationManager, init=-1: [1133bb81-482b-43be-b880-374c9d80236f:172.17.0.2:36439, 5e2225e2-45cd-49d2-96be-e03b029ea84f:172.17.0.2:38651, 4309c1dc-11ba-4b32-9c48-fa0a859b84ea:172.17.0.2:36571], old=null, confs=<EMPTY_MAP>
2020-07-09 05:29:31,435 [pool-505-thread-1] INFO  server.RaftServerConfigKeys (ConfUtils.java:logGet(44)) - raft.server.storage.dir = [/github/workspace/mnt/ozone/hadoop-ozone/integration-test/target/test-dir/MiniOzoneClusterImpl-d39db876-f3fa-4cd0-af36-93cb9432015e/datanode-0/data/ratis] (custom)
2020-07-09 05:29:31,436 [pool-505-thread-1] INFO  server.RaftServerConfigKeys (ConfUtils.java:logGet(44)) - raft.server.log.corruption.policy = EXCEPTION (default)
2020-07-09 05:29:31,436 [pool-505-thread-1] INFO  storage.RaftStorageDirectory (RaftStorageDirectory.java:analyzeStorage(261)) - The storage directory /github/workspace/mnt/ozone/hadoop-ozone/integration-test/target/test-dir/MiniOzoneClusterImpl-d39db876-f3fa-4cd0-af36-93cb9432015e/datanode-0/data/ratis/fc01eeae-b953-45d2-9d22-a450223f1e4b does not exist. Creating ...
2020-07-09 05:29:31,437 [pool-505-thread-1] INFO  storage.RaftStorageDirectory (RaftStorageDirectory.java:tryLock(343)) - Lock on /github/workspace/mnt/ozone/hadoop-ozone/integration-test/target/test-dir/MiniOzoneClusterImpl-d39db876-f3fa-4cd0-af36-93cb9432015e/datanode-0/data/ratis/fc01eeae-b953-45d2-9d22-a450223f1e4b/in_use.lock acquired by nodename 20812@f7c04b9d9258
2020-07-09 05:29:31,439 [pool-505-thread-1] INFO  storage.RaftStorage (RaftStorage.java:format(84)) - Storage directory /github/workspace/mnt/ozone/hadoop-ozone/integration-test/target/test-dir/MiniOzoneClusterImpl-d39db876-f3fa-4cd0-af36-93cb9432015e/datanode-0/data/ratis/fc01eeae-b953-45d2-9d22-a450223f1e4b has been successfully formatted.
2020-07-09 05:29:31,440 [pool-505-thread-1] INFO  ratis.ContainerStateMachine (ContainerStateMachine.java:loadSnapshot(225)) - group-A450223F1E4B: The snapshot info is null. Setting the last applied indexto:(t:0, i:~)
2020-07-09 05:29:31,440 [pool-505-thread-1] INFO  server.RaftServerConfigKeys (ConfUtils.java:logGet(44)) - raft.server.notification.no-leader.timeout = 60s (default)
2020-07-09 05:29:31,440 [pool-505-thread-1] INFO  server.RaftServerConfigKeys (ConfUtils.java:logGet(44)) - raft.server.log.use.memory = false (default)
2020-07-09 05:29:31,440 [pool-505-thread-1] INFO  server.RaftServerConfigKeys (ConfUtils.java:logGet(44)) - raft.server.log.purge.gap = 1000000 (custom)
2020-07-09 05:29:31,440 [pool-505-thread-1] INFO  server.RaftServerConfigKeys (ConfUtils.java:logGet(44)) - raft.server.log.appender.buffer.byte-limit = 33554432 (custom)
2020-07-09 05:29:31,440 [pool-505-thread-1] INFO  server.RaftServerConfigKeys (ConfUtils.java:logGet(44)) - raft.server.log.segment.size.max = 1048576 (custom)
2020-07-09 05:29:31,440 [pool-505-thread-1] INFO  metrics.RatisMetrics (RatisMetrics.java:lambda$create$0(36)) - Creating Metrics Registry : ratis.log_worker.1133bb81-482b-43be-b880-374c9d80236f@group-A450223F1E4B
2020-07-09 05:29:31,440 [pool-505-thread-1] INFO  server.RaftServerConfigKeys (ConfUtils.java:logGet(44)) - raft.server.log.segment.cache.num.max = 2 (custom)
2020-07-09 05:29:31,442 [pool-505-thread-1] INFO  segmented.SegmentedRaftLogWorker (SegmentedRaftLogWorker.java:<init>(180)) - new 1133bb81-482b-43be-b880-374c9d80236f@group-A450223F1E4B-SegmentedRaftLogWorker for RaftStorage:Storage Directory /github/workspace/mnt/ozone/hadoop-ozone/integration-test/target/test-dir/MiniOzoneClusterImpl-d39db876-f3fa-4cd0-af36-93cb9432015e/datanode-0/data/ratis/fc01eeae-b953-45d2-9d22-a450223f1e4b
2020-07-09 05:29:31,442 [pool-505-thread-1] INFO  server.RaftServerConfigKeys (ConfUtils.java:logGet(44)) - raft.server.log.queue.byte-limit = 2147483647 (custom)
2020-07-09 05:29:31,442 [pool-505-thread-1] INFO  server.RaftServerConfigKeys (ConfUtils.java:logGet(44)) - raft.server.log.queue.element-limit = 1024 (custom)
2020-07-09 05:29:31,442 [pool-505-thread-1] INFO  server.RaftServerConfigKeys (ConfUtils.java:logGet(44)) - raft.server.log.segment.size.max = 1048576 (custom)
2020-07-09 05:29:31,442 [pool-505-thread-1] INFO  server.RaftServerConfigKeys (ConfUtils.java:logGet(44)) - raft.server.log.preallocated.size = 16384 (custom)
2020-07-09 05:29:31,442 [pool-505-thread-1] INFO  server.RaftServerConfigKeys (ConfUtils.java:logGet(44)) - raft.server.log.write.buffer.size = 1048576 (custom)
2020-07-09 05:29:31,442 [pool-505-thread-1] INFO  server.RaftServerConfigKeys (ConfUtils.java:logGet(44)) - raft.server.log.force.sync.num = 128 (default)
2020-07-09 05:29:31,442 [pool-505-thread-1] INFO  server.RaftServerConfigKeys (ConfUtils.java:logGet(44)) - raft.server.log.statemachine.data.sync = true (default)
2020-07-09 05:29:31,442 [pool-505-thread-1] INFO  server.RaftServerConfigKeys (ConfUtils.java:logGet(44)) - raft.server.log.statemachine.data.sync.timeout = 10s (default)
2020-07-09 05:29:31,442 [pool-505-thread-1] INFO  server.RaftServerConfigKeys (ConfUtils.java:logGet(44)) - raft.server.log.statemachine.data.sync.timeout.retry = -1 (default)
2020-07-09 05:29:31,444 [pool-505-thread-1] INFO  server.RaftServerConfigKeys (ConfUtils.java:logGet(44)) - raft.server.log.statemachine.data.caching.enabled = true (custom)
2020-07-09 05:29:31,444 [pool-505-thread-1] INFO  segmented.SegmentedRaftLogWorker (SegmentedRaftLogWorker.java:lambda$new$0(129)) - 1133bb81-482b-43be-b880-374c9d80236f@group-A450223F1E4B-SegmentedRaftLogWorker: flushIndex: setUnconditionally 0 -> -1
2020-07-09 05:29:31,444 [pool-505-thread-1] INFO  segmented.SegmentedRaftLogWorker (SegmentedRaftLogWorker.java:lambda$new$0(129)) - 1133bb81-482b-43be-b880-374c9d80236f@group-A450223F1E4B-SegmentedRaftLogWorker: safeCacheEvictIndex: setUnconditionally 0 -> -1
2020-07-09 05:29:31,445 [pool-505-thread-1] INFO  server.RaftServerConfigKeys (ConfUtils.java:logGet(44)) - raft.server.snapshot.auto.trigger.enabled = true (custom)
2020-07-09 05:29:31,445 [pool-505-thread-1] INFO  server.RaftServerConfigKeys (ConfUtils.java:logGet(44)) - raft.server.snapshot.auto.trigger.threshold = 10000 (custom)
2020-07-09 05:29:31,445 [pool-505-thread-1] INFO  server.RaftServerConfigKeys (ConfUtils.java:logGet(44)) - raft.server.snapshot.retention.file.num = 5 (custom)
2020-07-09 05:29:31,445 [pool-505-thread-1] INFO  server.RaftServerConfigKeys (ConfUtils.java:logGet(44)) - raft.server.log.purge.upto.snapshot.index = false (default)
2020-07-09 05:29:31,445 [pool-505-thread-1] INFO  server.RaftServerConfigKeys (ConfUtils.java:logGet(44)) - raft.server.retrycache.expirytime = 600000ms (custom)
2020-07-09 05:29:31,445 [pool-505-thread-1] INFO  metrics.RatisMetrics (RatisMetrics.java:lambda$create$0(36)) - Creating Metrics Registry : ratis.leader_election.1133bb81-482b-43be-b880-374c9d80236f@group-A450223F1E4B
2020-07-09 05:29:31,446 [pool-505-thread-1] INFO  metrics.RatisMetrics (RatisMetrics.java:lambda$create$0(36)) - Creating Metrics Registry : ratis.server.1133bb81-482b-43be-b880-374c9d80236f@group-A450223F1E4B
2020-07-09 05:29:31,447 [pool-505-thread-1] INFO  impl.RaftServerImpl (RaftServerImpl.java:start(186)) - 1133bb81-482b-43be-b880-374c9d80236f@group-A450223F1E4B: start as a follower, conf=-1: [1133bb81-482b-43be-b880-374c9d80236f:172.17.0.2:36439, 5e2225e2-45cd-49d2-96be-e03b029ea84f:172.17.0.2:38651, 4309c1dc-11ba-4b32-9c48-fa0a859b84ea:172.17.0.2:36571], old=null
2020-07-09 05:29:31,447 [pool-505-thread-1] INFO  impl.RaftServerImpl (RaftServerImpl.java:setRole(175)) - 1133bb81-482b-43be-b880-374c9d80236f@group-A450223F1E4B: changes role from      null to FOLLOWER at term 0 for startAsFollower
2020-07-09 05:29:31,447 [pool-505-thread-1] INFO  impl.RoleInfo (RoleInfo.java:updateAndGet(143)) - 1133bb81-482b-43be-b880-374c9d80236f: start FollowerState
2020-07-09 05:29:31,447 [pool-505-thread-1] INFO  util.JmxRegister (JmxRegister.java:tryRegister(44)) - Successfully registered JMX Bean with object name Ratis:service=RaftServer,group=group-A450223F1E4B,id=1133bb81-482b-43be-b880-374c9d80236f
2020-07-09 05:29:31,447 [pool-505-thread-1] INFO  metrics.RatisMetrics (RatisMetrics.java:lambda$create$0(36)) - Creating Metrics Registry : ratis.state_machine.1133bb81-482b-43be-b880-374c9d80236f@group-A450223F1E4B
2020-07-09 05:29:31,454 [grpc-default-executor-5] INFO  impl.RaftServerProxy (RaftServerProxy.java:addNew(89)) - 5e2225e2-45cd-49d2-96be-e03b029ea84f: addNew group-A450223F1E4B:[1133bb81-482b-43be-b880-374c9d80236f:172.17.0.2:36439, 5e2225e2-45cd-49d2-96be-e03b029ea84f:172.17.0.2:38651, 4309c1dc-11ba-4b32-9c48-fa0a859b84ea:172.17.0.2:36571] returns group-A450223F1E4B:java.util.concurrent.CompletableFuture@5f82826b[Not completed]
2020-07-09 05:29:31,455 [pool-535-thread-1] INFO  impl.RaftServerImpl (RaftServerImpl.java:<init>(99)) - 5e2225e2-45cd-49d2-96be-e03b029ea84f: new RaftServerImpl for group-A450223F1E4B:[1133bb81-482b-43be-b880-374c9d80236f:172.17.0.2:36439, 5e2225e2-45cd-49d2-96be-e03b029ea84f:172.17.0.2:38651, 4309c1dc-11ba-4b32-9c48-fa0a859b84ea:172.17.0.2:36571] with ContainerStateMachine:uninitialized
2020-07-09 05:29:31,456 [pool-535-thread-1] INFO  server.RaftServerConfigKeys (ConfUtils.java:logGet(44)) - raft.server.rpc.timeout.min = 5s (custom)
2020-07-09 05:29:31,456 [pool-535-thread-1] INFO  server.RaftServerConfigKeys (ConfUtils.java:logGet(44)) - raft.server.rpc.timeout.max = 5200ms (custom)
2020-07-09 05:29:31,456 [pool-535-thread-1] INFO  server.RaftServerConfigKeys (ConfUtils.java:logGet(44)) - raft.server.rpcslowness.timeout = 300s (custom)
2020-07-09 05:29:31,456 [pool-535-thread-1] INFO  server.RaftServerConfigKeys (ConfUtils.java:logGet(44)) - raft.server.sleep.deviation.threshold = 300 (default)
2020-07-09 05:29:31,456 [pool-535-thread-1] INFO  server.RaftServerConfigKeys (ConfUtils.java:logGet(44)) - raft.server.log.appender.install.snapshot.enabled = false (custom)
2020-07-09 05:29:31,456 [pool-535-thread-1] INFO  impl.RaftServerImpl (ServerState.java:<init>(103)) - 5e2225e2-45cd-49d2-96be-e03b029ea84f@group-A450223F1E4B: ConfigurationManager, init=-1: [1133bb81-482b-43be-b880-374c9d80236f:172.17.0.2:36439, 5e2225e2-45cd-49d2-96be-e03b029ea84f:172.17.0.2:38651, 4309c1dc-11ba-4b32-9c48-fa0a859b84ea:172.17.0.2:36571], old=null, confs=<EMPTY_MAP>
2020-07-09 05:29:31,456 [pool-535-thread-1] INFO  server.RaftServerConfigKeys (ConfUtils.java:logGet(44)) - raft.server.storage.dir = [/github/workspace/mnt/ozone/hadoop-ozone/integration-test/target/test-dir/MiniOzoneClusterImpl-d39db876-f3fa-4cd0-af36-93cb9432015e/datanode-2/data/ratis] (custom)
2020-07-09 05:29:31,456 [pool-535-thread-1] INFO  server.RaftServerConfigKeys (ConfUtils.java:logGet(44)) - raft.server.log.corruption.policy = EXCEPTION (default)
2020-07-09 05:29:31,456 [pool-535-thread-1] INFO  storage.RaftStorageDirectory (RaftStorageDirectory.java:analyzeStorage(261)) - The storage directory /github/workspace/mnt/ozone/hadoop-ozone/integration-test/target/test-dir/MiniOzoneClusterImpl-d39db876-f3fa-4cd0-af36-93cb9432015e/datanode-2/data/ratis/fc01eeae-b953-45d2-9d22-a450223f1e4b does not exist. Creating ...
2020-07-09 05:29:31,457 [pool-535-thread-1] INFO  storage.RaftStorageDirectory (RaftStorageDirectory.java:tryLock(343)) - Lock on /github/workspace/mnt/ozone/hadoop-ozone/integration-test/target/test-dir/MiniOzoneClusterImpl-d39db876-f3fa-4cd0-af36-93cb9432015e/datanode-2/data/ratis/fc01eeae-b953-45d2-9d22-a450223f1e4b/in_use.lock acquired by nodename 20812@f7c04b9d9258
2020-07-09 05:29:31,459 [pool-535-thread-1] INFO  storage.RaftStorage (RaftStorage.java:format(84)) - Storage directory /github/workspace/mnt/ozone/hadoop-ozone/integration-test/target/test-dir/MiniOzoneClusterImpl-d39db876-f3fa-4cd0-af36-93cb9432015e/datanode-2/data/ratis/fc01eeae-b953-45d2-9d22-a450223f1e4b has been successfully formatted.
2020-07-09 05:29:31,460 [pool-535-thread-1] INFO  ratis.ContainerStateMachine (ContainerStateMachine.java:loadSnapshot(225)) - group-A450223F1E4B: The snapshot info is null. Setting the last applied indexto:(t:0, i:~)
2020-07-09 05:29:31,460 [pool-535-thread-1] INFO  server.RaftServerConfigKeys (ConfUtils.java:logGet(44)) - raft.server.notification.no-leader.timeout = 60s (default)
2020-07-09 05:29:31,460 [pool-535-thread-1] INFO  server.RaftServerConfigKeys (ConfUtils.java:logGet(44)) - raft.server.log.use.memory = false (default)
2020-07-09 05:29:31,460 [pool-535-thread-1] INFO  server.RaftServerConfigKeys (ConfUtils.java:logGet(44)) - raft.server.log.purge.gap = 1000000 (custom)
2020-07-09 05:29:31,460 [pool-535-thread-1] INFO  server.RaftServerConfigKeys (ConfUtils.java:logGet(44)) - raft.server.log.appender.buffer.byte-limit = 33554432 (custom)
2020-07-09 05:29:31,460 [pool-535-thread-1] INFO  server.RaftServerConfigKeys (ConfUtils.java:logGet(44)) - raft.server.log.segment.size.max = 1048576 (custom)
2020-07-09 05:29:31,460 [pool-535-thread-1] INFO  metrics.RatisMetrics (RatisMetrics.java:lambda$create$0(36)) - Creating Metrics Registry : ratis.log_worker.5e2225e2-45cd-49d2-96be-e03b029ea84f@group-A450223F1E4B
2020-07-09 05:29:31,460 [pool-535-thread-1] INFO  server.RaftServerConfigKeys (ConfUtils.java:logGet(44)) - raft.server.log.segment.cache.num.max = 2 (custom)
2020-07-09 05:29:31,460 [pool-535-thread-1] INFO  segmented.SegmentedRaftLogWorker (SegmentedRaftLogWorker.java:<init>(180)) - new 5e2225e2-45cd-49d2-96be-e03b029ea84f@group-A450223F1E4B-SegmentedRaftLogWorker for RaftStorage:Storage Directory /github/workspace/mnt/ozone/hadoop-ozone/integration-test/target/test-dir/MiniOzoneClusterImpl-d39db876-f3fa-4cd0-af36-93cb9432015e/datanode-2/data/ratis/fc01eeae-b953-45d2-9d22-a450223f1e4b
2020-07-09 05:29:31,460 [pool-535-thread-1] INFO  server.RaftServerConfigKeys (ConfUtils.java:logGet(44)) - raft.server.log.queue.byte-limit = 2147483647 (custom)
2020-07-09 05:29:31,461 [pool-535-thread-1] INFO  server.RaftServerConfigKeys (ConfUtils.java:logGet(44)) - raft.server.log.queue.element-limit = 1024 (custom)
2020-07-09 05:29:31,461 [pool-535-thread-1] INFO  server.RaftServerConfigKeys (ConfUtils.java:logGet(44)) - raft.server.log.segment.size.max = 1048576 (custom)
2020-07-09 05:29:31,461 [pool-535-thread-1] INFO  server.RaftServerConfigKeys (ConfUtils.java:logGet(44)) - raft.server.log.preallocated.size = 16384 (custom)
2020-07-09 05:29:31,461 [pool-535-thread-1] INFO  server.RaftServerConfigKeys (ConfUtils.java:logGet(44)) - raft.server.log.write.buffer.size = 1048576 (custom)
2020-07-09 05:29:31,461 [pool-535-thread-1] INFO  server.RaftServerConfigKeys (ConfUtils.java:logGet(44)) - raft.server.log.force.sync.num = 128 (default)
2020-07-09 05:29:31,461 [pool-535-thread-1] INFO  server.RaftServerConfigKeys (ConfUtils.java:logGet(44)) - raft.server.log.statemachine.data.sync = true (default)
2020-07-09 05:29:31,461 [pool-535-thread-1] INFO  server.RaftServerConfigKeys (ConfUtils.java:logGet(44)) - raft.server.log.statemachine.data.sync.timeout = 10s (default)
2020-07-09 05:29:31,461 [pool-535-thread-1] INFO  server.RaftServerConfigKeys (ConfUtils.java:logGet(44)) - raft.server.log.statemachine.data.sync.timeout.retry = -1 (default)
2020-07-09 05:29:31,463 [pool-535-thread-1] INFO  server.RaftServerConfigKeys (ConfUtils.java:logGet(44)) - raft.server.log.statemachine.data.caching.enabled = true (custom)
2020-07-09 05:29:31,463 [pool-535-thread-1] INFO  segmented.SegmentedRaftLogWorker (SegmentedRaftLogWorker.java:lambda$new$0(129)) - 5e2225e2-45cd-49d2-96be-e03b029ea84f@group-A450223F1E4B-SegmentedRaftLogWorker: flushIndex: setUnconditionally 0 -> -1
2020-07-09 05:29:31,463 [pool-535-thread-1] INFO  segmented.SegmentedRaftLogWorker (SegmentedRaftLogWorker.java:lambda$new$0(129)) - 5e2225e2-45cd-49d2-96be-e03b029ea84f@group-A450223F1E4B-SegmentedRaftLogWorker: safeCacheEvictIndex: setUnconditionally 0 -> -1
2020-07-09 05:29:31,463 [pool-535-thread-1] INFO  server.RaftServerConfigKeys (ConfUtils.java:logGet(44)) - raft.server.snapshot.auto.trigger.enabled = true (custom)
2020-07-09 05:29:31,463 [pool-535-thread-1] INFO  server.RaftServerConfigKeys (ConfUtils.java:logGet(44)) - raft.server.snapshot.auto.trigger.threshold = 10000 (custom)
2020-07-09 05:29:31,463 [pool-535-thread-1] INFO  server.RaftServerConfigKeys (ConfUtils.java:logGet(44)) - raft.server.snapshot.retention.file.num = 5 (custom)
2020-07-09 05:29:31,463 [pool-535-thread-1] INFO  server.RaftServerConfigKeys (ConfUtils.java:logGet(44)) - raft.server.log.purge.upto.snapshot.index = false (default)
2020-07-09 05:29:31,463 [pool-535-thread-1] INFO  server.RaftServerConfigKeys (ConfUtils.java:logGet(44)) - raft.server.retrycache.expirytime = 600000ms (custom)
2020-07-09 05:29:31,464 [pool-535-thread-1] INFO  metrics.RatisMetrics (RatisMetrics.java:lambda$create$0(36)) - Creating Metrics Registry : ratis.leader_election.5e2225e2-45cd-49d2-96be-e03b029ea84f@group-A450223F1E4B
2020-07-09 05:29:31,464 [pool-535-thread-1] INFO  metrics.RatisMetrics (RatisMetrics.java:lambda$create$0(36)) - Creating Metrics Registry : ratis.server.5e2225e2-45cd-49d2-96be-e03b029ea84f@group-A450223F1E4B
2020-07-09 05:29:31,466 [pool-535-thread-1] INFO  impl.RaftServerImpl (RaftServerImpl.java:start(186)) - 5e2225e2-45cd-49d2-96be-e03b029ea84f@group-A450223F1E4B: start as a follower, conf=-1: [1133bb81-482b-43be-b880-374c9d80236f:172.17.0.2:36439, 5e2225e2-45cd-49d2-96be-e03b029ea84f:172.17.0.2:38651, 4309c1dc-11ba-4b32-9c48-fa0a859b84ea:172.17.0.2:36571], old=null
2020-07-09 05:29:31,466 [pool-535-thread-1] INFO  impl.RaftServerImpl (RaftServerImpl.java:setRole(175)) - 5e2225e2-45cd-49d2-96be-e03b029ea84f@group-A450223F1E4B: changes role from      null to FOLLOWER at term 0 for startAsFollower
2020-07-09 05:29:31,466 [pool-535-thread-1] INFO  impl.RoleInfo (RoleInfo.java:updateAndGet(143)) - 5e2225e2-45cd-49d2-96be-e03b029ea84f: start FollowerState
2020-07-09 05:29:31,466 [pool-535-thread-1] INFO  util.JmxRegister (JmxRegister.java:tryRegister(44)) - Successfully registered JMX Bean with object name Ratis:service=RaftServer,group=group-A450223F1E4B,id=5e2225e2-45cd-49d2-96be-e03b029ea84f
2020-07-09 05:29:31,466 [pool-535-thread-1] INFO  metrics.RatisMetrics (RatisMetrics.java:lambda$create$0(36)) - Creating Metrics Registry : ratis.state_machine.5e2225e2-45cd-49d2-96be-e03b029ea84f@group-A450223F1E4B
2020-07-09 05:29:31,469 [Command processor thread] INFO  impl.RaftServerProxy (RaftServerProxy.java:addNew(89)) - 4309c1dc-11ba-4b32-9c48-fa0a859b84ea: addNew group-E1635B2ABB5F:[4309c1dc-11ba-4b32-9c48-fa0a859b84ea:172.17.0.2:36571] returns group-E1635B2ABB5F:java.util.concurrent.CompletableFuture@4587e489[Not completed]
2020-07-09 05:29:31,470 [pool-520-thread-1] INFO  impl.RaftServerImpl (RaftServerImpl.java:<init>(99)) - 4309c1dc-11ba-4b32-9c48-fa0a859b84ea: new RaftServerImpl for group-E1635B2ABB5F:[4309c1dc-11ba-4b32-9c48-fa0a859b84ea:172.17.0.2:36571] with ContainerStateMachine:uninitialized
2020-07-09 05:29:31,473 [pool-520-thread-1] INFO  server.RaftServerConfigKeys (ConfUtils.java:logGet(44)) - raft.server.rpc.timeout.min = 5s (custom)
2020-07-09 05:29:31,474 [pool-520-thread-1] INFO  server.RaftServerConfigKeys (ConfUtils.java:logGet(44)) - raft.server.rpc.timeout.max = 5200ms (custom)
2020-07-09 05:29:31,474 [pool-520-thread-1] INFO  server.RaftServerConfigKeys (ConfUtils.java:logGet(44)) - raft.server.rpcslowness.timeout = 300s (custom)
2020-07-09 05:29:31,475 [pool-520-thread-1] INFO  server.RaftServerConfigKeys (ConfUtils.java:logGet(44)) - raft.server.sleep.deviation.threshold = 300 (default)
2020-07-09 05:29:31,475 [pool-520-thread-1] INFO  server.RaftServerConfigKeys (ConfUtils.java:logGet(44)) - raft.server.log.appender.install.snapshot.enabled = false (custom)
2020-07-09 05:29:31,475 [pool-520-thread-1] INFO  impl.RaftServerImpl (ServerState.java:<init>(103)) - 4309c1dc-11ba-4b32-9c48-fa0a859b84ea@group-E1635B2ABB5F: ConfigurationManager, init=-1: [4309c1dc-11ba-4b32-9c48-fa0a859b84ea:172.17.0.2:36571], old=null, confs=<EMPTY_MAP>
2020-07-09 05:29:31,475 [pool-520-thread-1] INFO  server.RaftServerConfigKeys (ConfUtils.java:logGet(44)) - raft.server.storage.dir = [/github/workspace/mnt/ozone/hadoop-ozone/integration-test/target/test-dir/MiniOzoneClusterImpl-d39db876-f3fa-4cd0-af36-93cb9432015e/datanode-1/data/ratis] (custom)
2020-07-09 05:29:31,475 [pool-520-thread-1] INFO  server.RaftServerConfigKeys (ConfUtils.java:logGet(44)) - raft.server.log.corruption.policy = EXCEPTION (default)
2020-07-09 05:29:31,475 [pool-520-thread-1] INFO  storage.RaftStorageDirectory (RaftStorageDirectory.java:analyzeStorage(261)) - The storage directory /github/workspace/mnt/ozone/hadoop-ozone/integration-test/target/test-dir/MiniOzoneClusterImpl-d39db876-f3fa-4cd0-af36-93cb9432015e/datanode-1/data/ratis/d917e204-1528-48ca-b8ef-e1635b2abb5f does not exist. Creating ...
2020-07-09 05:29:31,478 [pool-520-thread-1] INFO  storage.RaftStorageDirectory (RaftStorageDirectory.java:tryLock(343)) - Lock on /github/workspace/mnt/ozone/hadoop-ozone/integration-test/target/test-dir/MiniOzoneClusterImpl-d39db876-f3fa-4cd0-af36-93cb9432015e/datanode-1/data/ratis/d917e204-1528-48ca-b8ef-e1635b2abb5f/in_use.lock acquired by nodename 20812@f7c04b9d9258
2020-07-09 05:29:31,479 [pool-520-thread-1] INFO  storage.RaftStorage (RaftStorage.java:format(84)) - Storage directory /github/workspace/mnt/ozone/hadoop-ozone/integration-test/target/test-dir/MiniOzoneClusterImpl-d39db876-f3fa-4cd0-af36-93cb9432015e/datanode-1/data/ratis/d917e204-1528-48ca-b8ef-e1635b2abb5f has been successfully formatted.
2020-07-09 05:29:31,481 [pool-520-thread-1] INFO  ratis.ContainerStateMachine (ContainerStateMachine.java:loadSnapshot(225)) - group-E1635B2ABB5F: The snapshot info is null. Setting the last applied indexto:(t:0, i:~)
2020-07-09 05:29:31,481 [pool-520-thread-1] INFO  server.RaftServerConfigKeys (ConfUtils.java:logGet(44)) - raft.server.notification.no-leader.timeout = 60s (default)
2020-07-09 05:29:31,482 [pool-520-thread-1] INFO  server.RaftServerConfigKeys (ConfUtils.java:logGet(44)) - raft.server.log.use.memory = false (default)
2020-07-09 05:29:31,482 [pool-520-thread-1] INFO  server.RaftServerConfigKeys (ConfUtils.java:logGet(44)) - raft.server.log.purge.gap = 1000000 (custom)
2020-07-09 05:29:31,482 [pool-520-thread-1] INFO  server.RaftServerConfigKeys (ConfUtils.java:logGet(44)) - raft.server.log.appender.buffer.byte-limit = 33554432 (custom)
2020-07-09 05:29:31,482 [pool-520-thread-1] INFO  server.RaftServerConfigKeys (ConfUtils.java:logGet(44)) - raft.server.log.segment.size.max = 1048576 (custom)
2020-07-09 05:29:31,482 [pool-520-thread-1] INFO  metrics.RatisMetrics (RatisMetrics.java:lambda$create$0(36)) - Creating Metrics Registry : ratis.log_worker.4309c1dc-11ba-4b32-9c48-fa0a859b84ea@group-E1635B2ABB5F
2020-07-09 05:29:31,482 [pool-520-thread-1] INFO  server.RaftServerConfigKeys (ConfUtils.java:logGet(44)) - raft.server.log.segment.cache.num.max = 2 (custom)
2020-07-09 05:29:31,482 [pool-520-thread-1] INFO  segmented.SegmentedRaftLogWorker (SegmentedRaftLogWorker.java:<init>(180)) - new 4309c1dc-11ba-4b32-9c48-fa0a859b84ea@group-E1635B2ABB5F-SegmentedRaftLogWorker for RaftStorage:Storage Directory /github/workspace/mnt/ozone/hadoop-ozone/integration-test/target/test-dir/MiniOzoneClusterImpl-d39db876-f3fa-4cd0-af36-93cb9432015e/datanode-1/data/ratis/d917e204-1528-48ca-b8ef-e1635b2abb5f
2020-07-09 05:29:31,482 [pool-520-thread-1] INFO  server.RaftServerConfigKeys (ConfUtils.java:logGet(44)) - raft.server.log.queue.byte-limit = 2147483647 (custom)
2020-07-09 05:29:31,482 [pool-520-thread-1] INFO  server.RaftServerConfigKeys (ConfUtils.java:logGet(44)) - raft.server.log.queue.element-limit = 1024 (custom)
2020-07-09 05:29:31,483 [pool-520-thread-1] INFO  server.RaftServerConfigKeys (ConfUtils.java:logGet(44)) - raft.server.log.segment.size.max = 1048576 (custom)
2020-07-09 05:29:31,483 [pool-520-thread-1] INFO  server.RaftServerConfigKeys (ConfUtils.java:logGet(44)) - raft.server.log.preallocated.size = 16384 (custom)
2020-07-09 05:29:31,483 [pool-520-thread-1] INFO  server.RaftServerConfigKeys (ConfUtils.java:logGet(44)) - raft.server.log.write.buffer.size = 1048576 (custom)
2020-07-09 05:29:31,483 [pool-520-thread-1] INFO  server.RaftServerConfigKeys (ConfUtils.java:logGet(44)) - raft.server.log.force.sync.num = 128 (default)
2020-07-09 05:29:31,483 [pool-520-thread-1] INFO  server.RaftServerConfigKeys (ConfUtils.java:logGet(44)) - raft.server.log.statemachine.data.sync = true (default)
2020-07-09 05:29:31,483 [pool-520-thread-1] INFO  server.RaftServerConfigKeys (ConfUtils.java:logGet(44)) - raft.server.log.statemachine.data.sync.timeout = 10s (default)
2020-07-09 05:29:31,483 [pool-520-thread-1] INFO  server.RaftServerConfigKeys (ConfUtils.java:logGet(44)) - raft.server.log.statemachine.data.sync.timeout.retry = -1 (default)
2020-07-09 05:29:31,486 [pool-520-thread-1] INFO  server.RaftServerConfigKeys (ConfUtils.java:logGet(44)) - raft.server.log.statemachine.data.caching.enabled = true (custom)
2020-07-09 05:29:31,486 [pool-520-thread-1] INFO  segmented.SegmentedRaftLogWorker (SegmentedRaftLogWorker.java:lambda$new$0(129)) - 4309c1dc-11ba-4b32-9c48-fa0a859b84ea@group-E1635B2ABB5F-SegmentedRaftLogWorker: flushIndex: setUnconditionally 0 -> -1
2020-07-09 05:29:31,486 [pool-520-thread-1] INFO  segmented.SegmentedRaftLogWorker (SegmentedRaftLogWorker.java:lambda$new$0(129)) - 4309c1dc-11ba-4b32-9c48-fa0a859b84ea@group-E1635B2ABB5F-SegmentedRaftLogWorker: safeCacheEvictIndex: setUnconditionally 0 -> -1
2020-07-09 05:29:31,486 [pool-520-thread-1] INFO  server.RaftServerConfigKeys (ConfUtils.java:logGet(44)) - raft.server.snapshot.auto.trigger.enabled = true (custom)
2020-07-09 05:29:31,486 [pool-520-thread-1] INFO  server.RaftServerConfigKeys (ConfUtils.java:logGet(44)) - raft.server.snapshot.auto.trigger.threshold = 10000 (custom)
2020-07-09 05:29:31,486 [pool-520-thread-1] INFO  server.RaftServerConfigKeys (ConfUtils.java:logGet(44)) - raft.server.snapshot.retention.file.num = 5 (custom)
2020-07-09 05:29:31,486 [pool-520-thread-1] INFO  server.RaftServerConfigKeys (ConfUtils.java:logGet(44)) - raft.server.log.purge.upto.snapshot.index = false (default)
2020-07-09 05:29:31,486 [pool-520-thread-1] INFO  server.RaftServerConfigKeys (ConfUtils.java:logGet(44)) - raft.server.retrycache.expirytime = 600000ms (custom)
2020-07-09 05:29:31,486 [pool-520-thread-1] INFO  metrics.RatisMetrics (RatisMetrics.java:lambda$create$0(36)) - Creating Metrics Registry : ratis.leader_election.4309c1dc-11ba-4b32-9c48-fa0a859b84ea@group-E1635B2ABB5F
2020-07-09 05:29:31,487 [pool-520-thread-1] INFO  metrics.RatisMetrics (RatisMetrics.java:lambda$create$0(36)) - Creating Metrics Registry : ratis.server.4309c1dc-11ba-4b32-9c48-fa0a859b84ea@group-E1635B2ABB5F
2020-07-09 05:29:31,488 [pool-520-thread-1] INFO  impl.RaftServerImpl (RaftServerImpl.java:start(186)) - 4309c1dc-11ba-4b32-9c48-fa0a859b84ea@group-E1635B2ABB5F: start as a follower, conf=-1: [4309c1dc-11ba-4b32-9c48-fa0a859b84ea:172.17.0.2:36571], old=null
2020-07-09 05:29:31,488 [pool-520-thread-1] INFO  impl.RaftServerImpl (RaftServerImpl.java:setRole(175)) - 4309c1dc-11ba-4b32-9c48-fa0a859b84ea@group-E1635B2ABB5F: changes role from      null to FOLLOWER at term 0 for startAsFollower
2020-07-09 05:29:31,488 [pool-520-thread-1] INFO  impl.RoleInfo (RoleInfo.java:updateAndGet(143)) - 4309c1dc-11ba-4b32-9c48-fa0a859b84ea: start FollowerState
2020-07-09 05:29:31,489 [EventQueue-PipelineReportForPipelineReportHandler] INFO  pipeline.PipelineStateManager (PipelineStateManager.java:openPipeline(131)) - Pipeline Pipeline[ Id: d917e204-1528-48ca-b8ef-e1635b2abb5f, Nodes: 4309c1dc-11ba-4b32-9c48-fa0a859b84ea{ip: 172.17.0.2, host: f7c04b9d9258, networkLocation: /default-rack, certSerialId: null}, Type:RATIS, Factor:ONE, State:ALLOCATED, leaderId:4309c1dc-11ba-4b32-9c48-fa0a859b84ea, CreationTimestamp2020-07-09T05:29:28.467Z] moved to OPEN state
2020-07-09 05:29:31,489 [pool-520-thread-1] INFO  util.JmxRegister (JmxRegister.java:tryRegister(44)) - Successfully registered JMX Bean with object name Ratis:service=RaftServer,group=group-E1635B2ABB5F,id=4309c1dc-11ba-4b32-9c48-fa0a859b84ea
2020-07-09 05:29:31,489 [EventQueue-OpenPipelineForOneReplicaPipelineSafeModeRule] INFO  safemode.SCMSafeModeManager (SCMSafeModeManager.java:validateSafeModeExitRules(214)) - AtleastOneDatanodeReportedRule rule is successfully validated
2020-07-09 05:29:31,489 [pool-520-thread-1] INFO  metrics.RatisMetrics (RatisMetrics.java:lambda$create$0(36)) - Creating Metrics Registry : ratis.state_machine.4309c1dc-11ba-4b32-9c48-fa0a859b84ea@group-E1635B2ABB5F
2020-07-09 05:29:31,489 [EventQueue-OpenPipelineForHealthyPipelineSafeModeRule] INFO  safemode.SCMSafeModeManager (HealthyPipelineSafeModeRule.java:process(129)) - SCM in safe mode. Healthy pipelines reported count is 0, required healthy pipeline reported count is 1
2020-07-09 05:29:31,490 [grpc-default-executor-5] INFO  impl.RaftServerProxy (RaftServerProxy.java:addNew(89)) - 4309c1dc-11ba-4b32-9c48-fa0a859b84ea: addNew group-A450223F1E4B:[1133bb81-482b-43be-b880-374c9d80236f:172.17.0.2:36439, 5e2225e2-45cd-49d2-96be-e03b029ea84f:172.17.0.2:38651, 4309c1dc-11ba-4b32-9c48-fa0a859b84ea:172.17.0.2:36571] returns group-A450223F1E4B:java.util.concurrent.CompletableFuture@25e03eea[Not completed]
2020-07-09 05:29:31,491 [pool-520-thread-1] INFO  impl.RaftServerImpl (RaftServerImpl.java:<init>(99)) - 4309c1dc-11ba-4b32-9c48-fa0a859b84ea: new RaftServerImpl for group-A450223F1E4B:[1133bb81-482b-43be-b880-374c9d80236f:172.17.0.2:36439, 5e2225e2-45cd-49d2-96be-e03b029ea84f:172.17.0.2:38651, 4309c1dc-11ba-4b32-9c48-fa0a859b84ea:172.17.0.2:36571] with ContainerStateMachine:uninitialized
2020-07-09 05:29:31,491 [pool-520-thread-1] INFO  server.RaftServerConfigKeys (ConfUtils.java:logGet(44)) - raft.server.rpc.timeout.min = 5s (custom)
2020-07-09 05:29:31,491 [pool-520-thread-1] INFO  server.RaftServerConfigKeys (ConfUtils.java:logGet(44)) - raft.server.rpc.timeout.max = 5200ms (custom)
2020-07-09 05:29:31,491 [pool-520-thread-1] INFO  server.RaftServerConfigKeys (ConfUtils.java:logGet(44)) - raft.server.rpcslowness.timeout = 300s (custom)
2020-07-09 05:29:31,491 [pool-520-thread-1] INFO  server.RaftServerConfigKeys (ConfUtils.java:logGet(44)) - raft.server.sleep.deviation.threshold = 300 (default)
2020-07-09 05:29:31,491 [pool-520-thread-1] INFO  server.RaftServerConfigKeys (ConfUtils.java:logGet(44)) - raft.server.log.appender.install.snapshot.enabled = false (custom)
2020-07-09 05:29:31,491 [pool-520-thread-1] INFO  impl.RaftServerImpl (ServerState.java:<init>(103)) - 4309c1dc-11ba-4b32-9c48-fa0a859b84ea@group-A450223F1E4B: ConfigurationManager, init=-1: [1133bb81-482b-43be-b880-374c9d80236f:172.17.0.2:36439, 5e2225e2-45cd-49d2-96be-e03b029ea84f:172.17.0.2:38651, 4309c1dc-11ba-4b32-9c48-fa0a859b84ea:172.17.0.2:36571], old=null, confs=<EMPTY_MAP>
2020-07-09 05:29:31,491 [pool-520-thread-1] INFO  server.RaftServerConfigKeys (ConfUtils.java:logGet(44)) - raft.server.storage.dir = [/github/workspace/mnt/ozone/hadoop-ozone/integration-test/target/test-dir/MiniOzoneClusterImpl-d39db876-f3fa-4cd0-af36-93cb9432015e/datanode-1/data/ratis] (custom)
2020-07-09 05:29:31,492 [pool-520-thread-1] INFO  server.RaftServerConfigKeys (ConfUtils.java:logGet(44)) - raft.server.log.corruption.policy = EXCEPTION (default)
2020-07-09 05:29:31,492 [pool-520-thread-1] INFO  storage.RaftStorageDirectory (RaftStorageDirectory.java:analyzeStorage(261)) - The storage directory /github/workspace/mnt/ozone/hadoop-ozone/integration-test/target/test-dir/MiniOzoneClusterImpl-d39db876-f3fa-4cd0-af36-93cb9432015e/datanode-1/data/ratis/fc01eeae-b953-45d2-9d22-a450223f1e4b does not exist. Creating ...
2020-07-09 05:29:31,492 [Command processor thread] INFO  commandhandler.CreatePipelineCommandHandler (CreatePipelineCommandHandler.java:handle(109)) - Created Pipeline RATIS ONE #id: "d917e204-1528-48ca-b8ef-e1635b2abb5f"
uuid128 {
  mostSigBits: -2803523735852136246
  leastSigBits: -5120626434449425569
}
.
2020-07-09 05:29:31,493 [Command processor thread] ERROR commandhandler.CreatePipelineCommandHandler (CreatePipelineCommandHandler.java:handle(113)) - Can't create pipeline RATIS THREE #id: "fc01eeae-b953-45d2-9d22-a450223f1e4b"
uuid128 {
  mostSigBits: -287686466974038574
  leastSigBits: -7123950996467802549
}

java.io.IOException: 4309c1dc-11ba-4b32-9c48-fa0a859b84ea: Failed to add group-A450223F1E4B:[1133bb81-482b-43be-b880-374c9d80236f:172.17.0.2:36439, 5e2225e2-45cd-49d2-96be-e03b029ea84f:172.17.0.2:38651, 4309c1dc-11ba-4b32-9c48-fa0a859b84ea:172.17.0.2:36571] since the group already exists in the map.
	at org.apache.hadoop.ozone.container.common.transport.server.ratis.XceiverServerRatis.addGroup(XceiverServerRatis.java:665)
	at org.apache.hadoop.ozone.container.common.statemachine.commandhandler.CreatePipelineCommandHandler.handle(CreatePipelineCommandHandler.java:96)
	at org.apache.hadoop.ozone.container.common.statemachine.commandhandler.CommandDispatcher.handle(CommandDispatcher.java:99)
	at org.apache.hadoop.ozone.container.common.statemachine.DatanodeStateMachine.lambda$initCommandHandlerThread$1(DatanodeStateMachine.java:465)
	at java.lang.Thread.run(Thread.java:748)
Caused by: org.apache.ratis.protocol.AlreadyExistsException: 4309c1dc-11ba-4b32-9c48-fa0a859b84ea: Failed to add group-A450223F1E4B:[1133bb81-482b-43be-b880-374c9d80236f:172.17.0.2:36439, 5e2225e2-45cd-49d2-96be-e03b029ea84f:172.17.0.2:38651, 4309c1dc-11ba-4b32-9c48-fa0a859b84ea:172.17.0.2:36571] since the group already exists in the map.
	at org.apache.ratis.server.impl.RaftServerProxy$ImplMap.addNew(RaftServerProxy.java:83)
	at org.apache.ratis.server.impl.RaftServerProxy.groupAddAsync(RaftServerProxy.java:383)
	at org.apache.ratis.server.impl.RaftServerProxy.groupManagementAsync(RaftServerProxy.java:368)
	at org.apache.ratis.server.impl.RaftServerProxy.groupManagement(RaftServerProxy.java:355)
	at org.apache.hadoop.ozone.container.common.transport.server.ratis.XceiverServerRatis.addGroup(XceiverServerRatis.java:663)
	... 4 more
2020-07-09 05:29:31,493 [pool-520-thread-1] INFO  storage.RaftStorageDirectory (RaftStorageDirectory.java:tryLock(343)) - Lock on /github/workspace/mnt/ozone/hadoop-ozone/integration-test/target/test-dir/MiniOzoneClusterImpl-d39db876-f3fa-4cd0-af36-93cb9432015e/datanode-1/data/ratis/fc01eeae-b953-45d2-9d22-a450223f1e4b/in_use.lock acquired by nodename 20812@f7c04b9d9258
2020-07-09 05:29:31,495 [pool-520-thread-1] INFO  storage.RaftStorage (RaftStorage.java:format(84)) - Storage directory /github/workspace/mnt/ozone/hadoop-ozone/integration-test/target/test-dir/MiniOzoneClusterImpl-d39db876-f3fa-4cd0-af36-93cb9432015e/datanode-1/data/ratis/fc01eeae-b953-45d2-9d22-a450223f1e4b has been successfully formatted.
2020-07-09 05:29:31,495 [pool-520-thread-1] INFO  ratis.ContainerStateMachine (ContainerStateMachine.java:loadSnapshot(225)) - group-A450223F1E4B: The snapshot info is null. Setting the last applied indexto:(t:0, i:~)
2020-07-09 05:29:31,495 [pool-520-thread-1] INFO  server.RaftServerConfigKeys (ConfUtils.java:logGet(44)) - raft.server.notification.no-leader.timeout = 60s (default)
2020-07-09 05:29:31,495 [pool-520-thread-1] INFO  server.RaftServerConfigKeys (ConfUtils.java:logGet(44)) - raft.server.log.use.memory = false (default)
2020-07-09 05:29:31,495 [pool-520-thread-1] INFO  server.RaftServerConfigKeys (ConfUtils.java:logGet(44)) - raft.server.log.purge.gap = 1000000 (custom)
2020-07-09 05:29:31,495 [pool-520-thread-1] INFO  server.RaftServerConfigKeys (ConfUtils.java:logGet(44)) - raft.server.log.appender.buffer.byte-limit = 33554432 (custom)
2020-07-09 05:29:31,496 [pool-520-thread-1] INFO  server.RaftServerConfigKeys (ConfUtils.java:logGet(44)) - raft.server.log.segment.size.max = 1048576 (custom)
2020-07-09 05:29:31,496 [pool-520-thread-1] INFO  metrics.RatisMetrics (RatisMetrics.java:lambda$create$0(36)) - Creating Metrics Registry : ratis.log_worker.4309c1dc-11ba-4b32-9c48-fa0a859b84ea@group-A450223F1E4B
2020-07-09 05:29:31,496 [pool-520-thread-1] INFO  server.RaftServerConfigKeys (ConfUtils.java:logGet(44)) - raft.server.log.segment.cache.num.max = 2 (custom)
2020-07-09 05:29:31,496 [pool-520-thread-1] INFO  segmented.SegmentedRaftLogWorker (SegmentedRaftLogWorker.java:<init>(180)) - new 4309c1dc-11ba-4b32-9c48-fa0a859b84ea@group-A450223F1E4B-SegmentedRaftLogWorker for RaftStorage:Storage Directory /github/workspace/mnt/ozone/hadoop-ozone/integration-test/target/test-dir/MiniOzoneClusterImpl-d39db876-f3fa-4cd0-af36-93cb9432015e/datanode-1/data/ratis/fc01eeae-b953-45d2-9d22-a450223f1e4b
2020-07-09 05:29:31,496 [pool-520-thread-1] INFO  server.RaftServerConfigKeys (ConfUtils.java:logGet(44)) - raft.server.log.queue.byte-limit = 2147483647 (custom)
2020-07-09 05:29:31,496 [pool-520-thread-1] INFO  server.RaftServerConfigKeys (ConfUtils.java:logGet(44)) - raft.server.log.queue.element-limit = 1024 (custom)
2020-07-09 05:29:31,496 [pool-520-thread-1] INFO  server.RaftServerConfigKeys (ConfUtils.java:logGet(44)) - raft.server.log.segment.size.max = 1048576 (custom)
2020-07-09 05:29:31,497 [pool-520-thread-1] INFO  server.RaftServerConfigKeys (ConfUtils.java:logGet(44)) - raft.server.log.preallocated.size = 16384 (custom)
2020-07-09 05:29:31,497 [pool-520-thread-1] INFO  server.RaftServerConfigKeys (ConfUtils.java:logGet(44)) - raft.server.log.write.buffer.size = 1048576 (custom)
2020-07-09 05:29:31,497 [pool-520-thread-1] INFO  server.RaftServerConfigKeys (ConfUtils.java:logGet(44)) - raft.server.log.force.sync.num = 128 (default)
2020-07-09 05:29:31,497 [pool-520-thread-1] INFO  server.RaftServerConfigKeys (ConfUtils.java:logGet(44)) - raft.server.log.statemachine.data.sync = true (default)
2020-07-09 05:29:31,497 [pool-520-thread-1] INFO  server.RaftServerConfigKeys (ConfUtils.java:logGet(44)) - raft.server.log.statemachine.data.sync.timeout = 10s (default)
2020-07-09 05:29:31,497 [pool-520-thread-1] INFO  server.RaftServerConfigKeys (ConfUtils.java:logGet(44)) - raft.server.log.statemachine.data.sync.timeout.retry = -1 (default)
2020-07-09 05:29:31,499 [pool-520-thread-1] INFO  server.RaftServerConfigKeys (ConfUtils.java:logGet(44)) - raft.server.log.statemachine.data.caching.enabled = true (custom)
2020-07-09 05:29:31,499 [pool-520-thread-1] INFO  segmented.SegmentedRaftLogWorker (SegmentedRaftLogWorker.java:lambda$new$0(129)) - 4309c1dc-11ba-4b32-9c48-fa0a859b84ea@group-A450223F1E4B-SegmentedRaftLogWorker: flushIndex: setUnconditionally 0 -> -1
2020-07-09 05:29:31,499 [pool-520-thread-1] INFO  segmented.SegmentedRaftLogWorker (SegmentedRaftLogWorker.java:lambda$new$0(129)) - 4309c1dc-11ba-4b32-9c48-fa0a859b84ea@group-A450223F1E4B-SegmentedRaftLogWorker: safeCacheEvictIndex: setUnconditionally 0 -> -1
2020-07-09 05:29:31,501 [pool-520-thread-1] INFO  server.RaftServerConfigKeys (ConfUtils.java:logGet(44)) - raft.server.snapshot.auto.trigger.enabled = true (custom)
2020-07-09 05:29:31,501 [pool-520-thread-1] INFO  server.RaftServerConfigKeys (ConfUtils.java:logGet(44)) - raft.server.snapshot.auto.trigger.threshold = 10000 (custom)
2020-07-09 05:29:31,501 [pool-520-thread-1] INFO  server.RaftServerConfigKeys (ConfUtils.java:logGet(44)) - raft.server.snapshot.retention.file.num = 5 (custom)
2020-07-09 05:29:31,501 [pool-520-thread-1] INFO  server.RaftServerConfigKeys (ConfUtils.java:logGet(44)) - raft.server.log.purge.upto.snapshot.index = false (default)
2020-07-09 05:29:31,501 [pool-520-thread-1] INFO  server.RaftServerConfigKeys (ConfUtils.java:logGet(44)) - raft.server.retrycache.expirytime = 600000ms (custom)
2020-07-09 05:29:31,501 [pool-520-thread-1] INFO  metrics.RatisMetrics (RatisMetrics.java:lambda$create$0(36)) - Creating Metrics Registry : ratis.leader_election.4309c1dc-11ba-4b32-9c48-fa0a859b84ea@group-A450223F1E4B
2020-07-09 05:29:31,502 [pool-520-thread-1] INFO  metrics.RatisMetrics (RatisMetrics.java:lambda$create$0(36)) - Creating Metrics Registry : ratis.server.4309c1dc-11ba-4b32-9c48-fa0a859b84ea@group-A450223F1E4B
2020-07-09 05:29:31,503 [pool-520-thread-1] INFO  impl.RaftServerImpl (RaftServerImpl.java:start(186)) - 4309c1dc-11ba-4b32-9c48-fa0a859b84ea@group-A450223F1E4B: start as a follower, conf=-1: [1133bb81-482b-43be-b880-374c9d80236f:172.17.0.2:36439, 5e2225e2-45cd-49d2-96be-e03b029ea84f:172.17.0.2:38651, 4309c1dc-11ba-4b32-9c48-fa0a859b84ea:172.17.0.2:36571], old=null
2020-07-09 05:29:31,503 [pool-520-thread-1] INFO  impl.RaftServerImpl (RaftServerImpl.java:setRole(175)) - 4309c1dc-11ba-4b32-9c48-fa0a859b84ea@group-A450223F1E4B: changes role from      null to FOLLOWER at term 0 for startAsFollower
2020-07-09 05:29:31,503 [pool-520-thread-1] INFO  impl.RoleInfo (RoleInfo.java:updateAndGet(143)) - 4309c1dc-11ba-4b32-9c48-fa0a859b84ea: start FollowerState
2020-07-09 05:29:31,505 [pool-520-thread-1] INFO  util.JmxRegister (JmxRegister.java:tryRegister(44)) - Successfully registered JMX Bean with object name Ratis:service=RaftServer,group=group-A450223F1E4B,id=4309c1dc-11ba-4b32-9c48-fa0a859b84ea
2020-07-09 05:29:31,505 [pool-520-thread-1] INFO  metrics.RatisMetrics (RatisMetrics.java:lambda$create$0(36)) - Creating Metrics Registry : ratis.state_machine.4309c1dc-11ba-4b32-9c48-fa0a859b84ea@group-A450223F1E4B
2020-07-09 05:29:31,510 [Command processor thread] INFO  commandhandler.CreatePipelineCommandHandler (CreatePipelineCommandHandler.java:handle(109)) - Created Pipeline RATIS THREE #id: "fc01eeae-b953-45d2-9d22-a450223f1e4b"
uuid128 {
  mostSigBits: -287686466974038574
  leastSigBits: -7123950996467802549
}
.
2020-07-09 05:29:31,515 [Listener at 127.0.0.1/10896] INFO  ozone.MiniOzoneClusterImpl (MiniOzoneClusterImpl.java:lambda$waitForClusterToBeReady$0(177)) - Nodes are ready. Got 3 of 3 DN Heartbeats.
2020-07-09 05:29:31,515 [Listener at 127.0.0.1/10896] INFO  ozone.MiniOzoneClusterImpl (MiniOzoneClusterImpl.java:lambda$waitForClusterToBeReady$0(180)) - Waiting for cluster to exit safe mode
2020-07-09 05:29:31,516 [Command processor thread] INFO  impl.RaftServerProxy (RaftServerProxy.java:addNew(89)) - 5e2225e2-45cd-49d2-96be-e03b029ea84f: addNew group-74AB2A162E37:[5e2225e2-45cd-49d2-96be-e03b029ea84f:172.17.0.2:38651] returns group-74AB2A162E37:java.util.concurrent.CompletableFuture@2ac3bad8[Not completed]
2020-07-09 05:29:31,518 [pool-535-thread-1] INFO  impl.RaftServerImpl (RaftServerImpl.java:<init>(99)) - 5e2225e2-45cd-49d2-96be-e03b029ea84f: new RaftServerImpl for group-74AB2A162E37:[5e2225e2-45cd-49d2-96be-e03b029ea84f:172.17.0.2:38651] with ContainerStateMachine:uninitialized
2020-07-09 05:29:31,518 [pool-535-thread-1] INFO  server.RaftServerConfigKeys (ConfUtils.java:logGet(44)) - raft.server.rpc.timeout.min = 5s (custom)
2020-07-09 05:29:31,518 [pool-535-thread-1] INFO  server.RaftServerConfigKeys (ConfUtils.java:logGet(44)) - raft.server.rpc.timeout.max = 5200ms (custom)
2020-07-09 05:29:31,518 [pool-535-thread-1] INFO  server.RaftServerConfigKeys (ConfUtils.java:logGet(44)) - raft.server.rpcslowness.timeout = 300s (custom)
2020-07-09 05:29:31,518 [pool-535-thread-1] INFO  server.RaftServerConfigKeys (ConfUtils.java:logGet(44)) - raft.server.sleep.deviation.threshold = 300 (default)
2020-07-09 05:29:31,518 [pool-535-thread-1] INFO  server.RaftServerConfigKeys (ConfUtils.java:logGet(44)) - raft.server.log.appender.install.snapshot.enabled = false (custom)
2020-07-09 05:29:31,518 [pool-535-thread-1] INFO  impl.RaftServerImpl (ServerState.java:<init>(103)) - 5e2225e2-45cd-49d2-96be-e03b029ea84f@group-74AB2A162E37: ConfigurationManager, init=-1: [5e2225e2-45cd-49d2-96be-e03b029ea84f:172.17.0.2:38651], old=null, confs=<EMPTY_MAP>
2020-07-09 05:29:31,518 [pool-535-thread-1] INFO  server.RaftServerConfigKeys (ConfUtils.java:logGet(44)) - raft.server.storage.dir = [/github/workspace/mnt/ozone/hadoop-ozone/integration-test/target/test-dir/MiniOzoneClusterImpl-d39db876-f3fa-4cd0-af36-93cb9432015e/datanode-2/data/ratis] (custom)
2020-07-09 05:29:31,518 [pool-535-thread-1] INFO  server.RaftServerConfigKeys (ConfUtils.java:logGet(44)) - raft.server.log.corruption.policy = EXCEPTION (default)
2020-07-09 05:29:31,518 [pool-535-thread-1] INFO  storage.RaftStorageDirectory (RaftStorageDirectory.java:analyzeStorage(261)) - The storage directory /github/workspace/mnt/ozone/hadoop-ozone/integration-test/target/test-dir/MiniOzoneClusterImpl-d39db876-f3fa-4cd0-af36-93cb9432015e/datanode-2/data/ratis/a21a46bd-3495-4abf-a669-74ab2a162e37 does not exist. Creating ...
2020-07-09 05:29:31,520 [pool-535-thread-1] INFO  storage.RaftStorageDirectory (RaftStorageDirectory.java:tryLock(343)) - Lock on /github/workspace/mnt/ozone/hadoop-ozone/integration-test/target/test-dir/MiniOzoneClusterImpl-d39db876-f3fa-4cd0-af36-93cb9432015e/datanode-2/data/ratis/a21a46bd-3495-4abf-a669-74ab2a162e37/in_use.lock acquired by nodename 20812@f7c04b9d9258
2020-07-09 05:29:31,521 [pool-535-thread-1] INFO  storage.RaftStorage (RaftStorage.java:format(84)) - Storage directory /github/workspace/mnt/ozone/hadoop-ozone/integration-test/target/test-dir/MiniOzoneClusterImpl-d39db876-f3fa-4cd0-af36-93cb9432015e/datanode-2/data/ratis/a21a46bd-3495-4abf-a669-74ab2a162e37 has been successfully formatted.
2020-07-09 05:29:31,522 [pool-535-thread-1] INFO  ratis.ContainerStateMachine (ContainerStateMachine.java:loadSnapshot(225)) - group-74AB2A162E37: The snapshot info is null. Setting the last applied indexto:(t:0, i:~)
2020-07-09 05:29:31,522 [pool-535-thread-1] INFO  server.RaftServerConfigKeys (ConfUtils.java:logGet(44)) - raft.server.notification.no-leader.timeout = 60s (default)
2020-07-09 05:29:31,522 [pool-535-thread-1] INFO  server.RaftServerConfigKeys (ConfUtils.java:logGet(44)) - raft.server.log.use.memory = false (default)
2020-07-09 05:29:31,522 [pool-535-thread-1] INFO  server.RaftServerConfigKeys (ConfUtils.java:logGet(44)) - raft.server.log.purge.gap = 1000000 (custom)
2020-07-09 05:29:31,522 [pool-535-thread-1] INFO  server.RaftServerConfigKeys (ConfUtils.java:logGet(44)) - raft.server.log.appender.buffer.byte-limit = 33554432 (custom)
2020-07-09 05:29:31,522 [pool-535-thread-1] INFO  server.RaftServerConfigKeys (ConfUtils.java:logGet(44)) - raft.server.log.segment.size.max = 1048576 (custom)
2020-07-09 05:29:31,522 [pool-535-thread-1] INFO  metrics.RatisMetrics (RatisMetrics.java:lambda$create$0(36)) - Creating Metrics Registry : ratis.log_worker.5e2225e2-45cd-49d2-96be-e03b029ea84f@group-74AB2A162E37
2020-07-09 05:29:31,522 [pool-535-thread-1] INFO  server.RaftServerConfigKeys (ConfUtils.java:logGet(44)) - raft.server.log.segment.cache.num.max = 2 (custom)
2020-07-09 05:29:31,522 [pool-535-thread-1] INFO  segmented.SegmentedRaftLogWorker (SegmentedRaftLogWorker.java:<init>(180)) - new 5e2225e2-45cd-49d2-96be-e03b029ea84f@group-74AB2A162E37-SegmentedRaftLogWorker for RaftStorage:Storage Directory /github/workspace/mnt/ozone/hadoop-ozone/integration-test/target/test-dir/MiniOzoneClusterImpl-d39db876-f3fa-4cd0-af36-93cb9432015e/datanode-2/data/ratis/a21a46bd-3495-4abf-a669-74ab2a162e37
2020-07-09 05:29:31,522 [pool-535-thread-1] INFO  server.RaftServerConfigKeys (ConfUtils.java:logGet(44)) - raft.server.log.queue.byte-limit = 2147483647 (custom)
2020-07-09 05:29:31,522 [pool-535-thread-1] INFO  server.RaftServerConfigKeys (ConfUtils.java:logGet(44)) - raft.server.log.queue.element-limit = 1024 (custom)
2020-07-09 05:29:31,523 [pool-535-thread-1] INFO  server.RaftServerConfigKeys (ConfUtils.java:logGet(44)) - raft.server.log.segment.size.max = 1048576 (custom)
2020-07-09 05:29:31,523 [pool-535-thread-1] INFO  server.RaftServerConfigKeys (ConfUtils.java:logGet(44)) - raft.server.log.preallocated.size = 16384 (custom)
2020-07-09 05:29:31,523 [pool-535-thread-1] INFO  server.RaftServerConfigKeys (ConfUtils.java:logGet(44)) - raft.server.log.write.buffer.size = 1048576 (custom)
2020-07-09 05:29:31,523 [pool-535-thread-1] INFO  server.RaftServerConfigKeys (ConfUtils.java:logGet(44)) - raft.server.log.force.sync.num = 128 (default)
2020-07-09 05:29:31,523 [pool-535-thread-1] INFO  server.RaftServerConfigKeys (ConfUtils.java:logGet(44)) - raft.server.log.statemachine.data.sync = true (default)
2020-07-09 05:29:31,523 [pool-535-thread-1] INFO  server.RaftServerConfigKeys (ConfUtils.java:logGet(44)) - raft.server.log.statemachine.data.sync.timeout = 10s (default)
2020-07-09 05:29:31,523 [pool-535-thread-1] INFO  server.RaftServerConfigKeys (ConfUtils.java:logGet(44)) - raft.server.log.statemachine.data.sync.timeout.retry = -1 (default)
2020-07-09 05:29:31,524 [pool-535-thread-1] INFO  server.RaftServerConfigKeys (ConfUtils.java:logGet(44)) - raft.server.log.statemachine.data.caching.enabled = true (custom)
2020-07-09 05:29:31,525 [pool-535-thread-1] INFO  segmented.SegmentedRaftLogWorker (SegmentedRaftLogWorker.java:lambda$new$0(129)) - 5e2225e2-45cd-49d2-96be-e03b029ea84f@group-74AB2A162E37-SegmentedRaftLogWorker: flushIndex: setUnconditionally 0 -> -1
2020-07-09 05:29:31,525 [pool-535-thread-1] INFO  segmented.SegmentedRaftLogWorker (SegmentedRaftLogWorker.java:lambda$new$0(129)) - 5e2225e2-45cd-49d2-96be-e03b029ea84f@group-74AB2A162E37-SegmentedRaftLogWorker: safeCacheEvictIndex: setUnconditionally 0 -> -1
2020-07-09 05:29:31,526 [pool-535-thread-1] INFO  server.RaftServerConfigKeys (ConfUtils.java:logGet(44)) - raft.server.snapshot.auto.trigger.enabled = true (custom)
2020-07-09 05:29:31,526 [pool-535-thread-1] INFO  server.RaftServerConfigKeys (ConfUtils.java:logGet(44)) - raft.server.snapshot.auto.trigger.threshold = 10000 (custom)
2020-07-09 05:29:31,526 [pool-535-thread-1] INFO  server.RaftServerConfigKeys (ConfUtils.java:logGet(44)) - raft.server.snapshot.retention.file.num = 5 (custom)
2020-07-09 05:29:31,526 [pool-535-thread-1] INFO  server.RaftServerConfigKeys (ConfUtils.java:logGet(44)) - raft.server.log.purge.upto.snapshot.index = false (default)
2020-07-09 05:29:31,526 [pool-535-thread-1] INFO  server.RaftServerConfigKeys (ConfUtils.java:logGet(44)) - raft.server.retrycache.expirytime = 600000ms (custom)
2020-07-09 05:29:31,526 [pool-535-thread-1] INFO  metrics.RatisMetrics (RatisMetrics.java:lambda$create$0(36)) - Creating Metrics Registry : ratis.leader_election.5e2225e2-45cd-49d2-96be-e03b029ea84f@group-74AB2A162E37
2020-07-09 05:29:31,527 [pool-535-thread-1] INFO  metrics.RatisMetrics (RatisMetrics.java:lambda$create$0(36)) - Creating Metrics Registry : ratis.server.5e2225e2-45cd-49d2-96be-e03b029ea84f@group-74AB2A162E37
2020-07-09 05:29:31,529 [pool-535-thread-1] INFO  impl.RaftServerImpl (RaftServerImpl.java:start(186)) - 5e2225e2-45cd-49d2-96be-e03b029ea84f@group-74AB2A162E37: start as a follower, conf=-1: [5e2225e2-45cd-49d2-96be-e03b029ea84f:172.17.0.2:38651], old=null
2020-07-09 05:29:31,529 [pool-535-thread-1] INFO  impl.RaftServerImpl (RaftServerImpl.java:setRole(175)) - 5e2225e2-45cd-49d2-96be-e03b029ea84f@group-74AB2A162E37: changes role from      null to FOLLOWER at term 0 for startAsFollower
2020-07-09 05:29:31,529 [pool-535-thread-1] INFO  impl.RoleInfo (RoleInfo.java:updateAndGet(143)) - 5e2225e2-45cd-49d2-96be-e03b029ea84f: start FollowerState
2020-07-09 05:29:31,530 [EventQueue-PipelineReportForPipelineReportHandler] INFO  pipeline.PipelineStateManager (PipelineStateManager.java:openPipeline(131)) - Pipeline Pipeline[ Id: a21a46bd-3495-4abf-a669-74ab2a162e37, Nodes: 5e2225e2-45cd-49d2-96be-e03b029ea84f{ip: 172.17.0.2, host: f7c04b9d9258, networkLocation: /default-rack, certSerialId: null}, Type:RATIS, Factor:ONE, State:ALLOCATED, leaderId:5e2225e2-45cd-49d2-96be-e03b029ea84f, CreationTimestamp2020-07-09T05:29:28.518Z] moved to OPEN state
2020-07-09 05:29:31,530 [EventQueue-OpenPipelineForOneReplicaPipelineSafeModeRule] INFO  safemode.SCMSafeModeManager (SCMSafeModeManager.java:validateSafeModeExitRules(214)) - AtleastOneDatanodeReportedRule rule is successfully validated
2020-07-09 05:29:31,530 [EventQueue-OpenPipelineForHealthyPipelineSafeModeRule] INFO  safemode.SCMSafeModeManager (HealthyPipelineSafeModeRule.java:process(129)) - SCM in safe mode. Healthy pipelines reported count is 0, required healthy pipeline reported count is 1
2020-07-09 05:29:31,532 [pool-535-thread-1] INFO  util.JmxRegister (JmxRegister.java:tryRegister(44)) - Successfully registered JMX Bean with object name Ratis:service=RaftServer,group=group-74AB2A162E37,id=5e2225e2-45cd-49d2-96be-e03b029ea84f
2020-07-09 05:29:31,532 [pool-535-thread-1] INFO  metrics.RatisMetrics (RatisMetrics.java:lambda$create$0(36)) - Creating Metrics Registry : ratis.state_machine.5e2225e2-45cd-49d2-96be-e03b029ea84f@group-74AB2A162E37
2020-07-09 05:29:31,533 [Command processor thread] INFO  commandhandler.CreatePipelineCommandHandler (CreatePipelineCommandHandler.java:handle(109)) - Created Pipeline RATIS ONE #id: "a21a46bd-3495-4abf-a669-74ab2a162e37"
uuid128 {
  mostSigBits: -6766017711725786433
  leastSigBits: -6455500312364569033
}
.
2020-07-09 05:29:31,833 [grpc-default-executor-5] DEBUG server.GrpcLogAppender (GrpcLogAppender.java:onNext(257)) - omNode-1@group-523986131536->omNode-3-AppendLogResponseHandler: received a reply omNode-1<-omNode-3#14:OK,SUCCESS,nextIndex:1,term:1,followerCommit:0, request=AppendEntriesRequest:cid=14,entriesCount=0,lastEntry=null
2020-07-09 05:29:31,835 [grpc-default-executor-5] DEBUG server.GrpcLogAppender (GrpcLogAppender.java:onNext(257)) - omNode-1@group-523986131536->omNode-2-AppendLogResponseHandler: received a reply omNode-1<-omNode-2#14:OK,SUCCESS,nextIndex:1,term:1,followerCommit:0, request=AppendEntriesRequest:cid=14,entriesCount=0,lastEntry=null
2020-07-09 05:29:32,336 [grpc-default-executor-2] DEBUG server.GrpcLogAppender (GrpcLogAppender.java:onNext(257)) - omNode-1@group-523986131536->omNode-3-AppendLogResponseHandler: received a reply omNode-1<-omNode-3#15:OK,SUCCESS,nextIndex:1,term:1,followerCommit:0, request=AppendEntriesRequest:cid=15,entriesCount=0,lastEntry=null
2020-07-09 05:29:32,336 [grpc-default-executor-2] DEBUG server.GrpcLogAppender (GrpcLogAppender.java:onNext(257)) - omNode-1@group-523986131536->omNode-2-AppendLogResponseHandler: received a reply omNode-1<-omNode-2#15:OK,SUCCESS,nextIndex:1,term:1,followerCommit:0, request=AppendEntriesRequest:cid=15,entriesCount=0,lastEntry=null
2020-07-09 05:29:32,516 [Listener at 127.0.0.1/10896] INFO  ozone.MiniOzoneClusterImpl (MiniOzoneClusterImpl.java:lambda$waitForClusterToBeReady$0(177)) - Nodes are ready. Got 3 of 3 DN Heartbeats.
2020-07-09 05:29:32,516 [Listener at 127.0.0.1/10896] INFO  ozone.MiniOzoneClusterImpl (MiniOzoneClusterImpl.java:lambda$waitForClusterToBeReady$0(180)) - Waiting for cluster to exit safe mode
2020-07-09 05:29:32,838 [grpc-default-executor-2] DEBUG server.GrpcLogAppender (GrpcLogAppender.java:onNext(257)) - omNode-1@group-523986131536->omNode-3-AppendLogResponseHandler: received a reply omNode-1<-omNode-3#16:OK,SUCCESS,nextIndex:1,term:1,followerCommit:0, request=AppendEntriesRequest:cid=16,entriesCount=0,lastEntry=null
2020-07-09 05:29:32,839 [grpc-default-executor-2] DEBUG server.GrpcLogAppender (GrpcLogAppender.java:onNext(257)) - omNode-1@group-523986131536->omNode-2-AppendLogResponseHandler: received a reply omNode-1<-omNode-2#16:OK,SUCCESS,nextIndex:1,term:1,followerCommit:0, request=AppendEntriesRequest:cid=16,entriesCount=0,lastEntry=null
2020-07-09 05:29:33,340 [grpc-default-executor-2] DEBUG server.GrpcLogAppender (GrpcLogAppender.java:onNext(257)) - omNode-1@group-523986131536->omNode-3-AppendLogResponseHandler: received a reply omNode-1<-omNode-3#17:OK,SUCCESS,nextIndex:1,term:1,followerCommit:0, request=AppendEntriesRequest:cid=17,entriesCount=0,lastEntry=null
2020-07-09 05:29:33,340 [grpc-default-executor-2] DEBUG server.GrpcLogAppender (GrpcLogAppender.java:onNext(257)) - omNode-1@group-523986131536->omNode-2-AppendLogResponseHandler: received a reply omNode-1<-omNode-2#17:OK,SUCCESS,nextIndex:1,term:1,followerCommit:0, request=AppendEntriesRequest:cid=17,entriesCount=0,lastEntry=null
2020-07-09 05:29:33,516 [Listener at 127.0.0.1/10896] INFO  ozone.MiniOzoneClusterImpl (MiniOzoneClusterImpl.java:lambda$waitForClusterToBeReady$0(177)) - Nodes are ready. Got 3 of 3 DN Heartbeats.
2020-07-09 05:29:33,516 [Listener at 127.0.0.1/10896] INFO  ozone.MiniOzoneClusterImpl (MiniOzoneClusterImpl.java:lambda$waitForClusterToBeReady$0(180)) - Waiting for cluster to exit safe mode
2020-07-09 05:29:33,842 [grpc-default-executor-5] DEBUG server.GrpcLogAppender (GrpcLogAppender.java:onNext(257)) - omNode-1@group-523986131536->omNode-2-AppendLogResponseHandler: received a reply omNode-1<-omNode-2#18:OK,SUCCESS,nextIndex:1,term:1,followerCommit:0, request=AppendEntriesRequest:cid=18,entriesCount=0,lastEntry=null
2020-07-09 05:29:33,842 [grpc-default-executor-2] DEBUG server.GrpcLogAppender (GrpcLogAppender.java:onNext(257)) - omNode-1@group-523986131536->omNode-3-AppendLogResponseHandler: received a reply omNode-1<-omNode-3#18:OK,SUCCESS,nextIndex:1,term:1,followerCommit:0, request=AppendEntriesRequest:cid=18,entriesCount=0,lastEntry=null
2020-07-09 05:29:34,344 [grpc-default-executor-5] DEBUG server.GrpcLogAppender (GrpcLogAppender.java:onNext(257)) - omNode-1@group-523986131536->omNode-2-AppendLogResponseHandler: received a reply omNode-1<-omNode-2#19:OK,SUCCESS,nextIndex:1,term:1,followerCommit:0, request=AppendEntriesRequest:cid=19,entriesCount=0,lastEntry=null
2020-07-09 05:29:34,344 [grpc-default-executor-2] DEBUG server.GrpcLogAppender (GrpcLogAppender.java:onNext(257)) - omNode-1@group-523986131536->omNode-3-AppendLogResponseHandler: received a reply omNode-1<-omNode-3#19:OK,SUCCESS,nextIndex:1,term:1,followerCommit:0, request=AppendEntriesRequest:cid=19,entriesCount=0,lastEntry=null
2020-07-09 05:29:34,516 [Listener at 127.0.0.1/10896] INFO  ozone.MiniOzoneClusterImpl (MiniOzoneClusterImpl.java:lambda$waitForClusterToBeReady$0(177)) - Nodes are ready. Got 3 of 3 DN Heartbeats.
2020-07-09 05:29:34,517 [Listener at 127.0.0.1/10896] INFO  ozone.MiniOzoneClusterImpl (MiniOzoneClusterImpl.java:lambda$waitForClusterToBeReady$0(180)) - Waiting for cluster to exit safe mode
2020-07-09 05:29:34,846 [grpc-default-executor-5] DEBUG server.GrpcLogAppender (GrpcLogAppender.java:onNext(257)) - omNode-1@group-523986131536->omNode-3-AppendLogResponseHandler: received a reply omNode-1<-omNode-3#20:OK,SUCCESS,nextIndex:1,term:1,followerCommit:0, request=AppendEntriesRequest:cid=20,entriesCount=0,lastEntry=null
2020-07-09 05:29:34,846 [grpc-default-executor-2] DEBUG server.GrpcLogAppender (GrpcLogAppender.java:onNext(257)) - omNode-1@group-523986131536->omNode-2-AppendLogResponseHandler: received a reply omNode-1<-omNode-2#20:OK,SUCCESS,nextIndex:1,term:1,followerCommit:0, request=AppendEntriesRequest:cid=20,entriesCount=0,lastEntry=null
2020-07-09 05:29:35,348 [grpc-default-executor-5] DEBUG server.GrpcLogAppender (GrpcLogAppender.java:onNext(257)) - omNode-1@group-523986131536->omNode-3-AppendLogResponseHandler: received a reply omNode-1<-omNode-3#21:OK,SUCCESS,nextIndex:1,term:1,followerCommit:0, request=AppendEntriesRequest:cid=21,entriesCount=0,lastEntry=null
2020-07-09 05:29:35,348 [grpc-default-executor-5] DEBUG server.GrpcLogAppender (GrpcLogAppender.java:onNext(257)) - omNode-1@group-523986131536->omNode-2-AppendLogResponseHandler: received a reply omNode-1<-omNode-2#21:OK,SUCCESS,nextIndex:1,term:1,followerCommit:0, request=AppendEntriesRequest:cid=21,entriesCount=0,lastEntry=null
2020-07-09 05:29:35,517 [Listener at 127.0.0.1/10896] INFO  ozone.MiniOzoneClusterImpl (MiniOzoneClusterImpl.java:lambda$waitForClusterToBeReady$0(177)) - Nodes are ready. Got 3 of 3 DN Heartbeats.
2020-07-09 05:29:35,517 [Listener at 127.0.0.1/10896] INFO  ozone.MiniOzoneClusterImpl (MiniOzoneClusterImpl.java:lambda$waitForClusterToBeReady$0(180)) - Waiting for cluster to exit safe mode
2020-07-09 05:29:35,851 [grpc-default-executor-5] DEBUG server.GrpcLogAppender (GrpcLogAppender.java:onNext(257)) - omNode-1@group-523986131536->omNode-3-AppendLogResponseHandler: received a reply omNode-1<-omNode-3#22:OK,SUCCESS,nextIndex:1,term:1,followerCommit:0, request=AppendEntriesRequest:cid=22,entriesCount=0,lastEntry=null
2020-07-09 05:29:35,852 [grpc-default-executor-5] DEBUG server.GrpcLogAppender (GrpcLogAppender.java:onNext(257)) - omNode-1@group-523986131536->omNode-2-AppendLogResponseHandler: received a reply omNode-1<-omNode-2#22:OK,SUCCESS,nextIndex:1,term:1,followerCommit:0, request=AppendEntriesRequest:cid=22,entriesCount=0,lastEntry=null
2020-07-09 05:29:36,354 [grpc-default-executor-5] DEBUG server.GrpcLogAppender (GrpcLogAppender.java:onNext(257)) - omNode-1@group-523986131536->omNode-3-AppendLogResponseHandler: received a reply omNode-1<-omNode-3#23:OK,SUCCESS,nextIndex:1,term:1,followerCommit:0, request=AppendEntriesRequest:cid=23,entriesCount=0,lastEntry=null
2020-07-09 05:29:36,355 [grpc-default-executor-2] DEBUG server.GrpcLogAppender (GrpcLogAppender.java:onNext(257)) - omNode-1@group-523986131536->omNode-2-AppendLogResponseHandler: received a reply omNode-1<-omNode-2#23:OK,SUCCESS,nextIndex:1,term:1,followerCommit:0, request=AppendEntriesRequest:cid=23,entriesCount=0,lastEntry=null
2020-07-09 05:29:36,517 [Listener at 127.0.0.1/10896] INFO  ozone.MiniOzoneClusterImpl (MiniOzoneClusterImpl.java:lambda$waitForClusterToBeReady$0(177)) - Nodes are ready. Got 3 of 3 DN Heartbeats.
2020-07-09 05:29:36,518 [Listener at 127.0.0.1/10896] INFO  ozone.MiniOzoneClusterImpl (MiniOzoneClusterImpl.java:lambda$waitForClusterToBeReady$0(180)) - Waiting for cluster to exit safe mode
2020-07-09 05:29:36,518 [Thread-2153] INFO  impl.FollowerState (FollowerState.java:run(108)) - 1133bb81-482b-43be-b880-374c9d80236f@group-A450223F1E4B-FollowerState: change to CANDIDATE, lastRpcTime:5071ms, electionTimeout:5071ms
2020-07-09 05:29:36,519 [Thread-2153] INFO  impl.RoleInfo (RoleInfo.java:shutdownFollowerState(121)) - 1133bb81-482b-43be-b880-374c9d80236f: shutdown FollowerState
2020-07-09 05:29:36,519 [Thread-2153] INFO  impl.RaftServerImpl (RaftServerImpl.java:setRole(175)) - 1133bb81-482b-43be-b880-374c9d80236f@group-A450223F1E4B: changes role from  FOLLOWER to CANDIDATE at term 0 for changeToCandidate
2020-07-09 05:29:36,519 [Thread-2153] INFO  impl.RoleInfo (RoleInfo.java:updateAndGet(143)) - 1133bb81-482b-43be-b880-374c9d80236f: start LeaderElection
2020-07-09 05:29:36,526 [1133bb81-482b-43be-b880-374c9d80236f@group-A450223F1E4B-LeaderElection32] INFO  impl.LeaderElection (LeaderElection.java:askForVotes(206)) - 1133bb81-482b-43be-b880-374c9d80236f@group-A450223F1E4B-LeaderElection32: begin an election at term 1 for -1: [1133bb81-482b-43be-b880-374c9d80236f:172.17.0.2:36439, 5e2225e2-45cd-49d2-96be-e03b029ea84f:172.17.0.2:38651, 4309c1dc-11ba-4b32-9c48-fa0a859b84ea:172.17.0.2:36571], old=null
2020-07-09 05:29:36,534 [grpc-default-executor-2] DEBUG impl.RaftServerImpl (RaftServerImpl.java:requestVote(821)) - 4309c1dc-11ba-4b32-9c48-fa0a859b84ea@group-A450223F1E4B: receive requestVote(1133bb81-482b-43be-b880-374c9d80236f, group-A450223F1E4B, 1, (t:0, i:0))
2020-07-09 05:29:36,535 [grpc-default-executor-2] INFO  impl.RaftServerImpl (RaftServerImpl.java:setRole(175)) - 4309c1dc-11ba-4b32-9c48-fa0a859b84ea@group-A450223F1E4B: changes role from  FOLLOWER to FOLLOWER at term 1 for recognizeCandidate:1133bb81-482b-43be-b880-374c9d80236f
2020-07-09 05:29:36,535 [grpc-default-executor-2] INFO  impl.RoleInfo (RoleInfo.java:shutdownFollowerState(121)) - 4309c1dc-11ba-4b32-9c48-fa0a859b84ea: shutdown FollowerState
2020-07-09 05:29:36,535 [grpc-default-executor-2] INFO  impl.RoleInfo (RoleInfo.java:updateAndGet(143)) - 4309c1dc-11ba-4b32-9c48-fa0a859b84ea: start FollowerState
2020-07-09 05:29:36,535 [Thread-2160] INFO  impl.FollowerState (FollowerState.java:run(117)) - 4309c1dc-11ba-4b32-9c48-fa0a859b84ea@group-A450223F1E4B-FollowerState was interrupted: java.lang.InterruptedException: sleep interrupted
2020-07-09 05:29:36,536 [grpc-default-executor-5] DEBUG impl.RaftServerImpl (RaftServerImpl.java:requestVote(821)) - 5e2225e2-45cd-49d2-96be-e03b029ea84f@group-A450223F1E4B: receive requestVote(1133bb81-482b-43be-b880-374c9d80236f, group-A450223F1E4B, 1, (t:0, i:0))
2020-07-09 05:29:36,541 [grpc-default-executor-5] INFO  impl.RaftServerImpl (RaftServerImpl.java:setRole(175)) - 5e2225e2-45cd-49d2-96be-e03b029ea84f@group-A450223F1E4B: changes role from  FOLLOWER to FOLLOWER at term 1 for recognizeCandidate:1133bb81-482b-43be-b880-374c9d80236f
2020-07-09 05:29:36,541 [grpc-default-executor-5] INFO  impl.RoleInfo (RoleInfo.java:shutdownFollowerState(121)) - 5e2225e2-45cd-49d2-96be-e03b029ea84f: shutdown FollowerState
2020-07-09 05:29:36,542 [grpc-default-executor-5] INFO  impl.RoleInfo (RoleInfo.java:updateAndGet(143)) - 5e2225e2-45cd-49d2-96be-e03b029ea84f: start FollowerState
2020-07-09 05:29:36,542 [Thread-2155] INFO  impl.FollowerState (FollowerState.java:run(117)) - 5e2225e2-45cd-49d2-96be-e03b029ea84f@group-A450223F1E4B-FollowerState was interrupted: java.lang.InterruptedException: sleep interrupted
2020-07-09 05:29:36,542 [grpc-default-executor-2] DEBUG impl.RaftServerImpl (RaftServerImpl.java:requestVote(853)) - 4309c1dc-11ba-4b32-9c48-fa0a859b84ea@group-A450223F1E4B replies to vote request: 1133bb81-482b-43be-b880-374c9d80236f<-4309c1dc-11ba-4b32-9c48-fa0a859b84ea#0:OK-t1. Peer's state: 4309c1dc-11ba-4b32-9c48-fa0a859b84ea@group-A450223F1E4B:t1, leader=null, voted=1133bb81-482b-43be-b880-374c9d80236f, raftlog=4309c1dc-11ba-4b32-9c48-fa0a859b84ea@group-A450223F1E4B-SegmentedRaftLog:OPENED:c-1,f-1,i0, conf=-1: [1133bb81-482b-43be-b880-374c9d80236f:172.17.0.2:36439, 5e2225e2-45cd-49d2-96be-e03b029ea84f:172.17.0.2:38651, 4309c1dc-11ba-4b32-9c48-fa0a859b84ea:172.17.0.2:36571], old=null
2020-07-09 05:29:36,544 [grpc-default-executor-5] DEBUG impl.RaftServerImpl (RaftServerImpl.java:requestVote(853)) - 5e2225e2-45cd-49d2-96be-e03b029ea84f@group-A450223F1E4B replies to vote request: 1133bb81-482b-43be-b880-374c9d80236f<-5e2225e2-45cd-49d2-96be-e03b029ea84f#0:OK-t1. Peer's state: 5e2225e2-45cd-49d2-96be-e03b029ea84f@group-A450223F1E4B:t1, leader=null, voted=1133bb81-482b-43be-b880-374c9d80236f, raftlog=5e2225e2-45cd-49d2-96be-e03b029ea84f@group-A450223F1E4B-SegmentedRaftLog:OPENED:c-1,f-1,i0, conf=-1: [1133bb81-482b-43be-b880-374c9d80236f:172.17.0.2:36439, 5e2225e2-45cd-49d2-96be-e03b029ea84f:172.17.0.2:38651, 4309c1dc-11ba-4b32-9c48-fa0a859b84ea:172.17.0.2:36571], old=null
2020-07-09 05:29:36,545 [1133bb81-482b-43be-b880-374c9d80236f@group-A450223F1E4B-LeaderElection32] INFO  impl.LeaderElection (LeaderElection.java:logAndReturn(61)) - 1133bb81-482b-43be-b880-374c9d80236f@group-A450223F1E4B-LeaderElection32: Election PASSED; received 1 response(s) [1133bb81-482b-43be-b880-374c9d80236f<-4309c1dc-11ba-4b32-9c48-fa0a859b84ea#0:OK-t1] and 0 exception(s); 1133bb81-482b-43be-b880-374c9d80236f@group-A450223F1E4B:t1, leader=null, voted=1133bb81-482b-43be-b880-374c9d80236f, raftlog=1133bb81-482b-43be-b880-374c9d80236f@group-A450223F1E4B-SegmentedRaftLog:OPENED:c-1,f-1,i0, conf=-1: [1133bb81-482b-43be-b880-374c9d80236f:172.17.0.2:36439, 5e2225e2-45cd-49d2-96be-e03b029ea84f:172.17.0.2:38651, 4309c1dc-11ba-4b32-9c48-fa0a859b84ea:172.17.0.2:36571], old=null
2020-07-09 05:29:36,546 [1133bb81-482b-43be-b880-374c9d80236f@group-A450223F1E4B-LeaderElection32] INFO  impl.RoleInfo (RoleInfo.java:shutdownLeaderElection(134)) - 1133bb81-482b-43be-b880-374c9d80236f: shutdown LeaderElection
2020-07-09 05:29:36,546 [1133bb81-482b-43be-b880-374c9d80236f@group-A450223F1E4B-LeaderElection32] INFO  impl.RaftServerImpl (RaftServerImpl.java:setRole(175)) - 1133bb81-482b-43be-b880-374c9d80236f@group-A450223F1E4B: changes role from CANDIDATE to LEADER at term 1 for changeToLeader
2020-07-09 05:29:36,546 [1133bb81-482b-43be-b880-374c9d80236f@group-A450223F1E4B-LeaderElection32] INFO  ratis.XceiverServerRatis (XceiverServerRatis.java:handleLeaderChangedNotification(762)) - Leader change notification received for group: group-A450223F1E4B with new leaderId: 1133bb81-482b-43be-b880-374c9d80236f
2020-07-09 05:29:36,546 [1133bb81-482b-43be-b880-374c9d80236f@group-A450223F1E4B-LeaderElection32] INFO  impl.RaftServerImpl (ServerState.java:setLeader(255)) - 1133bb81-482b-43be-b880-374c9d80236f@group-A450223F1E4B: change Leader from null to 1133bb81-482b-43be-b880-374c9d80236f at term 1 for becomeLeader, leader elected after 5105ms
2020-07-09 05:29:36,546 [1133bb81-482b-43be-b880-374c9d80236f@group-A450223F1E4B-LeaderElection32] INFO  server.RaftServerConfigKeys (ConfUtils.java:logGet(44)) - raft.server.staging.catchup.gap = 1000 (default)
2020-07-09 05:29:36,546 [1133bb81-482b-43be-b880-374c9d80236f@group-A450223F1E4B-LeaderElection32] INFO  server.RaftServerConfigKeys (ConfUtils.java:logGet(44)) - raft.server.rpc.sleep.time = 25ms (default)
2020-07-09 05:29:36,546 [1133bb81-482b-43be-b880-374c9d80236f@group-A450223F1E4B-LeaderElection32] INFO  metrics.RatisMetrics (RatisMetrics.java:lambda$create$0(36)) - Creating Metrics Registry : ratis.log_appender.1133bb81-482b-43be-b880-374c9d80236f@group-A450223F1E4B
2020-07-09 05:29:36,546 [1133bb81-482b-43be-b880-374c9d80236f@group-A450223F1E4B-LeaderElection32] INFO  server.RaftServerConfigKeys (ConfUtils.java:logGet(44)) - raft.server.write.element-limit = 1024 (custom)
2020-07-09 05:29:36,546 [1133bb81-482b-43be-b880-374c9d80236f@group-A450223F1E4B-LeaderElection32] INFO  server.RaftServerConfigKeys (ConfUtils.java:logGet(44)) - raft.server.write.byte-limit = 1073741824 (custom)
2020-07-09 05:29:36,547 [1133bb81-482b-43be-b880-374c9d80236f@group-A450223F1E4B-LeaderElection32] INFO  server.RaftServerConfigKeys (ConfUtils.java:logGet(44)) - raft.server.watch.timeout = 180s (custom)
2020-07-09 05:29:36,547 [1133bb81-482b-43be-b880-374c9d80236f@group-A450223F1E4B-LeaderElection32] INFO  server.RaftServerConfigKeys (ConfUtils.java:logGet(44)) - raft.server.watch.timeout.denomination = 1s (default)
2020-07-09 05:29:36,547 [1133bb81-482b-43be-b880-374c9d80236f@group-A450223F1E4B-LeaderElection32] INFO  server.RaftServerConfigKeys (ConfUtils.java:logGet(44)) - raft.server.watch.element-limit = 65536 (default)
2020-07-09 05:29:36,547 [1133bb81-482b-43be-b880-374c9d80236f@group-A450223F1E4B-LeaderElection32] INFO  server.RaftServerConfigKeys (ConfUtils.java:logGet(44)) - raft.server.log.appender.snapshot.chunk.size.max = 16MB (=16777216) (default)
2020-07-09 05:29:36,547 [1133bb81-482b-43be-b880-374c9d80236f@group-A450223F1E4B-LeaderElection32] INFO  server.RaftServerConfigKeys (ConfUtils.java:logGet(44)) - raft.server.log.appender.buffer.byte-limit = 33554432 (custom)
2020-07-09 05:29:36,547 [1133bb81-482b-43be-b880-374c9d80236f@group-A450223F1E4B-LeaderElection32] INFO  server.RaftServerConfigKeys (ConfUtils.java:logGet(44)) - raft.server.log.appender.buffer.element-limit = 1 (custom)
2020-07-09 05:29:36,547 [1133bb81-482b-43be-b880-374c9d80236f@group-A450223F1E4B-LeaderElection32] INFO  grpc.GrpcConfigKeys (ConfUtils.java:logGet(44)) - raft.grpc.server.leader.outstanding.appends.max = 128 (default)
2020-07-09 05:29:36,547 [1133bb81-482b-43be-b880-374c9d80236f@group-A450223F1E4B-LeaderElection32] INFO  server.RaftServerConfigKeys (ConfUtils.java:logGet(44)) - raft.server.rpc.request.timeout = 60s (custom)
2020-07-09 05:29:36,547 [1133bb81-482b-43be-b880-374c9d80236f@group-A450223F1E4B-LeaderElection32] INFO  server.RaftServerConfigKeys (ConfUtils.java:logGet(44)) - raft.server.log.appender.install.snapshot.enabled = false (custom)
2020-07-09 05:29:36,547 [1133bb81-482b-43be-b880-374c9d80236f@group-A450223F1E4B-LeaderElection32] INFO  metrics.RatisMetrics (RatisMetrics.java:lambda$create$0(36)) - Creating Metrics Registry : ratis_grpc.log_appender.1133bb81-482b-43be-b880-374c9d80236f@group-A450223F1E4B
2020-07-09 05:29:36,549 [1133bb81-482b-43be-b880-374c9d80236f@group-A450223F1E4B-LeaderElection32] INFO  server.RaftServerConfigKeys (ConfUtils.java:logGet(44)) - raft.server.log.appender.snapshot.chunk.size.max = 16MB (=16777216) (default)
2020-07-09 05:29:36,550 [1133bb81-482b-43be-b880-374c9d80236f@group-A450223F1E4B-LeaderElection32] INFO  server.RaftServerConfigKeys (ConfUtils.java:logGet(44)) - raft.server.log.appender.buffer.byte-limit = 33554432 (custom)
2020-07-09 05:29:36,550 [1133bb81-482b-43be-b880-374c9d80236f@group-A450223F1E4B-LeaderElection32] INFO  server.RaftServerConfigKeys (ConfUtils.java:logGet(44)) - raft.server.log.appender.buffer.element-limit = 1 (custom)
2020-07-09 05:29:36,550 [EventQueue-PipelineReportForPipelineReportHandler] INFO  pipeline.PipelineStateManager (PipelineStateManager.java:openPipeline(131)) - Pipeline Pipeline[ Id: fc01eeae-b953-45d2-9d22-a450223f1e4b, Nodes: 1133bb81-482b-43be-b880-374c9d80236f{ip: 172.17.0.2, host: f7c04b9d9258, networkLocation: /default-rack, certSerialId: null}5e2225e2-45cd-49d2-96be-e03b029ea84f{ip: 172.17.0.2, host: f7c04b9d9258, networkLocation: /default-rack, certSerialId: null}4309c1dc-11ba-4b32-9c48-fa0a859b84ea{ip: 172.17.0.2, host: f7c04b9d9258, networkLocation: /default-rack, certSerialId: null}, Type:RATIS, Factor:THREE, State:ALLOCATED, leaderId:1133bb81-482b-43be-b880-374c9d80236f, CreationTimestamp2020-07-09T05:29:28.519Z] moved to OPEN state
2020-07-09 05:29:36,551 [1133bb81-482b-43be-b880-374c9d80236f@group-A450223F1E4B-LeaderElection32] INFO  grpc.GrpcConfigKeys (ConfUtils.java:logGet(44)) - raft.grpc.server.leader.outstanding.appends.max = 128 (default)
2020-07-09 05:29:36,551 [EventQueue-OpenPipelineForOneReplicaPipelineSafeModeRule] INFO  safemode.SCMSafeModeManager (SCMSafeModeManager.java:validateSafeModeExitRules(214)) - AtleastOneDatanodeReportedRule rule is successfully validated
2020-07-09 05:29:36,551 [EventQueue-OpenPipelineForHealthyPipelineSafeModeRule] INFO  safemode.SCMSafeModeManager (HealthyPipelineSafeModeRule.java:process(129)) - SCM in safe mode. Healthy pipelines reported count is 1, required healthy pipeline reported count is 1
2020-07-09 05:29:36,552 [EventQueue-OpenPipelineForHealthyPipelineSafeModeRule] INFO  safemode.SCMSafeModeManager (SCMSafeModeManager.java:validateSafeModeExitRules(214)) - HealthyPipelineSafeModeRule rule is successfully validated
2020-07-09 05:29:36,552 [EventQueue-OpenPipelineForHealthyPipelineSafeModeRule] INFO  safemode.SCMSafeModeManager (SCMSafeModeManager.java:validateSafeModeExitRules(228)) - ScmSafeModeManager, all rules are successfully validated
2020-07-09 05:29:36,552 [EventQueue-OpenPipelineForHealthyPipelineSafeModeRule] INFO  safemode.SCMSafeModeManager (SCMSafeModeManager.java:exitSafeMode(257)) - SCM exiting safe mode.
2020-07-09 05:29:36,551 [1133bb81-482b-43be-b880-374c9d80236f@group-A450223F1E4B-LeaderElection32] INFO  server.RaftServerConfigKeys (ConfUtils.java:logGet(44)) - raft.server.rpc.request.timeout = 60s (custom)
2020-07-09 05:29:36,552 [1133bb81-482b-43be-b880-374c9d80236f@group-A450223F1E4B-LeaderElection32] INFO  server.RaftServerConfigKeys (ConfUtils.java:logGet(44)) - raft.server.log.appender.install.snapshot.enabled = false (custom)
2020-07-09 05:29:36,554 [1133bb81-482b-43be-b880-374c9d80236f@group-A450223F1E4B-LeaderElection32] INFO  impl.RoleInfo (RoleInfo.java:updateAndGet(143)) - 1133bb81-482b-43be-b880-374c9d80236f: start LeaderState
2020-07-09 05:29:36,554 [1133bb81-482b-43be-b880-374c9d80236f@group-A450223F1E4B-LeaderElection32] INFO  segmented.SegmentedRaftLogWorker (SegmentedRaftLogWorker.java:startLogSegment(397)) - 1133bb81-482b-43be-b880-374c9d80236f@group-A450223F1E4B-SegmentedRaftLogWorker: Starting segment from index:0
2020-07-09 05:29:36,558 [1133bb81-482b-43be-b880-374c9d80236f@group-A450223F1E4B-SegmentedRaftLogWorker] INFO  segmented.SegmentedRaftLogWorker (SegmentedRaftLogWorker.java:execute(596)) - 1133bb81-482b-43be-b880-374c9d80236f@group-A450223F1E4B-SegmentedRaftLogWorker: created new log segment /github/workspace/mnt/ozone/hadoop-ozone/integration-test/target/test-dir/MiniOzoneClusterImpl-d39db876-f3fa-4cd0-af36-93cb9432015e/datanode-0/data/ratis/fc01eeae-b953-45d2-9d22-a450223f1e4b/current/log_inprogress_0
2020-07-09 05:29:36,564 [1133bb81-482b-43be-b880-374c9d80236f@group-A450223F1E4B-LeaderElection32] INFO  impl.RaftServerImpl (ServerState.java:setRaftConf(356)) - 1133bb81-482b-43be-b880-374c9d80236f@group-A450223F1E4B: set configuration 0: [1133bb81-482b-43be-b880-374c9d80236f:172.17.0.2:36439, 5e2225e2-45cd-49d2-96be-e03b029ea84f:172.17.0.2:38651, 4309c1dc-11ba-4b32-9c48-fa0a859b84ea:172.17.0.2:36571], old=null at 0
2020-07-09 05:29:36,574 [grpc-default-executor-2] INFO  ratis.XceiverServerRatis (XceiverServerRatis.java:handleLeaderChangedNotification(762)) - Leader change notification received for group: group-A450223F1E4B with new leaderId: 1133bb81-482b-43be-b880-374c9d80236f
2020-07-09 05:29:36,574 [grpc-default-executor-2] INFO  impl.RaftServerImpl (ServerState.java:setLeader(255)) - 5e2225e2-45cd-49d2-96be-e03b029ea84f@group-A450223F1E4B: change Leader from null to 1133bb81-482b-43be-b880-374c9d80236f at term 1 for appendEntries, leader elected after 5114ms
2020-07-09 05:29:36,575 [grpc-default-executor-2] INFO  ratis.XceiverServerRatis (XceiverServerRatis.java:handleLeaderChangedNotification(762)) - Leader change notification received for group: group-A450223F1E4B with new leaderId: 1133bb81-482b-43be-b880-374c9d80236f
2020-07-09 05:29:36,576 [grpc-default-executor-2] INFO  impl.RaftServerImpl (ServerState.java:setLeader(255)) - 4309c1dc-11ba-4b32-9c48-fa0a859b84ea@group-A450223F1E4B: change Leader from null to 1133bb81-482b-43be-b880-374c9d80236f at term 1 for appendEntries, leader elected after 5080ms
2020-07-09 05:29:36,577 [grpc-default-executor-5] DEBUG server.GrpcLogAppender (GrpcLogAppender.java:onNext(257)) - 1133bb81-482b-43be-b880-374c9d80236f@group-A450223F1E4B->5e2225e2-45cd-49d2-96be-e03b029ea84f-AppendLogResponseHandler: received the first reply 1133bb81-482b-43be-b880-374c9d80236f<-5e2225e2-45cd-49d2-96be-e03b029ea84f#0:OK,SUCCESS,nextIndex:0,term:1,followerCommit:-1, request=AppendEntriesRequest:cid=0,entriesCount=0,lastEntry=null
2020-07-09 05:29:36,580 [grpc-default-executor-2] DEBUG impl.RaftServerImpl (RaftServerImpl.java:logAppendEntries(928)) - 4309c1dc-11ba-4b32-9c48-fa0a859b84ea@group-A450223F1E4B: receive appendEntries(1133bb81-482b-43be-b880-374c9d80236f, 1, null, 0, false, commits[1133bb81-482b-43be-b880-374c9d80236f:c0, 5e2225e2-45cd-49d2-96be-e03b029ea84f:c-1, 4309c1dc-11ba-4b32-9c48-fa0a859b84ea:c-1], entries: (t:1, i:0), CONFIGURATIONENTRY
2020-07-09 05:29:36,581 [grpc-default-executor-2] INFO  impl.RaftServerImpl (ServerState.java:setRaftConf(356)) - 4309c1dc-11ba-4b32-9c48-fa0a859b84ea@group-A450223F1E4B: set configuration 0: [1133bb81-482b-43be-b880-374c9d80236f:172.17.0.2:36439, 5e2225e2-45cd-49d2-96be-e03b029ea84f:172.17.0.2:38651, 4309c1dc-11ba-4b32-9c48-fa0a859b84ea:172.17.0.2:36571], old=null at 0
2020-07-09 05:29:36,581 [grpc-default-executor-2] INFO  segmented.SegmentedRaftLogWorker (SegmentedRaftLogWorker.java:startLogSegment(397)) - 4309c1dc-11ba-4b32-9c48-fa0a859b84ea@group-A450223F1E4B-SegmentedRaftLogWorker: Starting segment from index:0
2020-07-09 05:29:36,582 [grpc-default-executor-5] DEBUG impl.RaftServerImpl (RaftServerImpl.java:logAppendEntries(928)) - 5e2225e2-45cd-49d2-96be-e03b029ea84f@group-A450223F1E4B: receive appendEntries(1133bb81-482b-43be-b880-374c9d80236f, 1, null, 0, false, commits[1133bb81-482b-43be-b880-374c9d80236f:c0, 5e2225e2-45cd-49d2-96be-e03b029ea84f:c-1, 4309c1dc-11ba-4b32-9c48-fa0a859b84ea:c-1], entries: (t:1, i:0), CONFIGURATIONENTRY
2020-07-09 05:29:36,583 [grpc-default-executor-5] INFO  impl.RaftServerImpl (ServerState.java:setRaftConf(356)) - 5e2225e2-45cd-49d2-96be-e03b029ea84f@group-A450223F1E4B: set configuration 0: [1133bb81-482b-43be-b880-374c9d80236f:172.17.0.2:36439, 5e2225e2-45cd-49d2-96be-e03b029ea84f:172.17.0.2:38651, 4309c1dc-11ba-4b32-9c48-fa0a859b84ea:172.17.0.2:36571], old=null at 0
2020-07-09 05:29:36,583 [4309c1dc-11ba-4b32-9c48-fa0a859b84ea@group-A450223F1E4B-SegmentedRaftLogWorker] INFO  segmented.SegmentedRaftLogWorker (SegmentedRaftLogWorker.java:execute(596)) - 4309c1dc-11ba-4b32-9c48-fa0a859b84ea@group-A450223F1E4B-SegmentedRaftLogWorker: created new log segment /github/workspace/mnt/ozone/hadoop-ozone/integration-test/target/test-dir/MiniOzoneClusterImpl-d39db876-f3fa-4cd0-af36-93cb9432015e/datanode-1/data/ratis/fc01eeae-b953-45d2-9d22-a450223f1e4b/current/log_inprogress_0
2020-07-09 05:29:36,584 [grpc-default-executor-5] INFO  segmented.SegmentedRaftLogWorker (SegmentedRaftLogWorker.java:startLogSegment(397)) - 5e2225e2-45cd-49d2-96be-e03b029ea84f@group-A450223F1E4B-SegmentedRaftLogWorker: Starting segment from index:0
2020-07-09 05:29:36,585 [Thread-2151] INFO  impl.FollowerState (FollowerState.java:run(108)) - 1133bb81-482b-43be-b880-374c9d80236f@group-EFCE6EED3C35-FollowerState: change to CANDIDATE, lastRpcTime:5152ms, electionTimeout:5152ms
2020-07-09 05:29:36,586 [Thread-2151] INFO  impl.RoleInfo (RoleInfo.java:shutdownFollowerState(121)) - 1133bb81-482b-43be-b880-374c9d80236f: shutdown FollowerState
2020-07-09 05:29:36,586 [5e2225e2-45cd-49d2-96be-e03b029ea84f@group-A450223F1E4B-SegmentedRaftLogWorker] INFO  segmented.SegmentedRaftLogWorker (SegmentedRaftLogWorker.java:execute(596)) - 5e2225e2-45cd-49d2-96be-e03b029ea84f@group-A450223F1E4B-SegmentedRaftLogWorker: created new log segment /github/workspace/mnt/ozone/hadoop-ozone/integration-test/target/test-dir/MiniOzoneClusterImpl-d39db876-f3fa-4cd0-af36-93cb9432015e/datanode-2/data/ratis/fc01eeae-b953-45d2-9d22-a450223f1e4b/current/log_inprogress_0
2020-07-09 05:29:36,586 [Thread-2151] INFO  impl.RaftServerImpl (RaftServerImpl.java:setRole(175)) - 1133bb81-482b-43be-b880-374c9d80236f@group-EFCE6EED3C35: changes role from  FOLLOWER to CANDIDATE at term 0 for changeToCandidate
2020-07-09 05:29:36,586 [Thread-2151] INFO  impl.RoleInfo (RoleInfo.java:updateAndGet(143)) - 1133bb81-482b-43be-b880-374c9d80236f: start LeaderElection
2020-07-09 05:29:36,587 [grpc-default-executor-5] DEBUG server.GrpcLogAppender (GrpcLogAppender.java:onNext(257)) - 1133bb81-482b-43be-b880-374c9d80236f@group-A450223F1E4B->4309c1dc-11ba-4b32-9c48-fa0a859b84ea-AppendLogResponseHandler: received the first reply 1133bb81-482b-43be-b880-374c9d80236f<-4309c1dc-11ba-4b32-9c48-fa0a859b84ea#0:OK,SUCCESS,nextIndex:1,term:1,followerCommit:-1, request=AppendEntriesRequest:cid=0,entriesCount=0,lastEntry=null
2020-07-09 05:29:36,588 [Thread-2201] DEBUG impl.RaftServerImpl (RaftServerImpl.java:logAppendEntries(928)) - 5e2225e2-45cd-49d2-96be-e03b029ea84f@group-A450223F1E4B: succeeded to handle AppendEntries. Reply: 1133bb81-482b-43be-b880-374c9d80236f<-5e2225e2-45cd-49d2-96be-e03b029ea84f#1:OK,SUCCESS,nextIndex:1,term:1,followerCommit:0
2020-07-09 05:29:36,588 [grpc-default-executor-5] DEBUG server.GrpcLogAppender (GrpcLogAppender.java:onNext(257)) - 1133bb81-482b-43be-b880-374c9d80236f@group-A450223F1E4B->5e2225e2-45cd-49d2-96be-e03b029ea84f-AppendLogResponseHandler: received a reply 1133bb81-482b-43be-b880-374c9d80236f<-5e2225e2-45cd-49d2-96be-e03b029ea84f#1:OK,SUCCESS,nextIndex:1,term:1,followerCommit:0, request=AppendEntriesRequest:cid=1,entriesCount=1,lastEntry=(t:1, i:0)
2020-07-09 05:29:36,589 [Thread-2200] DEBUG impl.RaftServerImpl (RaftServerImpl.java:logAppendEntries(928)) - 4309c1dc-11ba-4b32-9c48-fa0a859b84ea@group-A450223F1E4B: succeeded to handle AppendEntries. Reply: 1133bb81-482b-43be-b880-374c9d80236f<-4309c1dc-11ba-4b32-9c48-fa0a859b84ea#1:OK,SUCCESS,nextIndex:1,term:1,followerCommit:0
2020-07-09 05:29:36,590 [Thread-2158] INFO  impl.FollowerState (FollowerState.java:run(108)) - 4309c1dc-11ba-4b32-9c48-fa0a859b84ea@group-E1635B2ABB5F-FollowerState: change to CANDIDATE, lastRpcTime:5101ms, electionTimeout:5100ms
2020-07-09 05:29:36,591 [Thread-2158] INFO  impl.RoleInfo (RoleInfo.java:shutdownFollowerState(121)) - 4309c1dc-11ba-4b32-9c48-fa0a859b84ea: shutdown FollowerState
2020-07-09 05:29:36,591 [Thread-2158] INFO  impl.RaftServerImpl (RaftServerImpl.java:setRole(175)) - 4309c1dc-11ba-4b32-9c48-fa0a859b84ea@group-E1635B2ABB5F: changes role from  FOLLOWER to CANDIDATE at term 0 for changeToCandidate
2020-07-09 05:29:36,591 [Thread-2158] INFO  impl.RoleInfo (RoleInfo.java:updateAndGet(143)) - 4309c1dc-11ba-4b32-9c48-fa0a859b84ea: start LeaderElection
2020-07-09 05:29:36,592 [1133bb81-482b-43be-b880-374c9d80236f@group-EFCE6EED3C35-LeaderElection33] INFO  impl.LeaderElection (LeaderElection.java:askForVotes(206)) - 1133bb81-482b-43be-b880-374c9d80236f@group-EFCE6EED3C35-LeaderElection33: begin an election at term 1 for -1: [1133bb81-482b-43be-b880-374c9d80236f:172.17.0.2:36439], old=null
2020-07-09 05:29:36,592 [1133bb81-482b-43be-b880-374c9d80236f@group-EFCE6EED3C35-LeaderElection33] INFO  impl.RoleInfo (RoleInfo.java:shutdownLeaderElection(134)) - 1133bb81-482b-43be-b880-374c9d80236f: shutdown LeaderElection
2020-07-09 05:29:36,592 [1133bb81-482b-43be-b880-374c9d80236f@group-EFCE6EED3C35-LeaderElection33] INFO  impl.RaftServerImpl (RaftServerImpl.java:setRole(175)) - 1133bb81-482b-43be-b880-374c9d80236f@group-EFCE6EED3C35: changes role from CANDIDATE to LEADER at term 1 for changeToLeader
2020-07-09 05:29:36,592 [1133bb81-482b-43be-b880-374c9d80236f@group-EFCE6EED3C35-LeaderElection33] INFO  ratis.XceiverServerRatis (XceiverServerRatis.java:handleLeaderChangedNotification(762)) - Leader change notification received for group: group-EFCE6EED3C35 with new leaderId: 1133bb81-482b-43be-b880-374c9d80236f
2020-07-09 05:29:36,592 [1133bb81-482b-43be-b880-374c9d80236f@group-EFCE6EED3C35-LeaderElection33] INFO  impl.RaftServerImpl (ServerState.java:setLeader(255)) - 1133bb81-482b-43be-b880-374c9d80236f@group-EFCE6EED3C35: change Leader from null to 1133bb81-482b-43be-b880-374c9d80236f at term 1 for becomeLeader, leader elected after 5170ms
2020-07-09 05:29:36,592 [1133bb81-482b-43be-b880-374c9d80236f@group-EFCE6EED3C35-LeaderElection33] INFO  server.RaftServerConfigKeys (ConfUtils.java:logGet(44)) - raft.server.staging.catchup.gap = 1000 (default)
2020-07-09 05:29:36,592 [1133bb81-482b-43be-b880-374c9d80236f@group-EFCE6EED3C35-LeaderElection33] INFO  server.RaftServerConfigKeys (ConfUtils.java:logGet(44)) - raft.server.rpc.sleep.time = 25ms (default)
2020-07-09 05:29:36,592 [1133bb81-482b-43be-b880-374c9d80236f@group-EFCE6EED3C35-LeaderElection33] INFO  metrics.RatisMetrics (RatisMetrics.java:lambda$create$0(36)) - Creating Metrics Registry : ratis.log_appender.1133bb81-482b-43be-b880-374c9d80236f@group-EFCE6EED3C35
2020-07-09 05:29:36,593 [1133bb81-482b-43be-b880-374c9d80236f@group-EFCE6EED3C35-LeaderElection33] INFO  server.RaftServerConfigKeys (ConfUtils.java:logGet(44)) - raft.server.write.element-limit = 1024 (custom)
2020-07-09 05:29:36,593 [1133bb81-482b-43be-b880-374c9d80236f@group-EFCE6EED3C35-LeaderElection33] INFO  server.RaftServerConfigKeys (ConfUtils.java:logGet(44)) - raft.server.write.byte-limit = 1073741824 (custom)
2020-07-09 05:29:36,594 [1133bb81-482b-43be-b880-374c9d80236f@group-EFCE6EED3C35-LeaderElection33] INFO  server.RaftServerConfigKeys (ConfUtils.java:logGet(44)) - raft.server.watch.timeout = 180s (custom)
2020-07-09 05:29:36,594 [grpc-default-executor-5] DEBUG server.GrpcLogAppender (GrpcLogAppender.java:onNext(257)) - 1133bb81-482b-43be-b880-374c9d80236f@group-A450223F1E4B->4309c1dc-11ba-4b32-9c48-fa0a859b84ea-AppendLogResponseHandler: received a reply 1133bb81-482b-43be-b880-374c9d80236f<-4309c1dc-11ba-4b32-9c48-fa0a859b84ea#1:OK,SUCCESS,nextIndex:1,term:1,followerCommit:0, request=AppendEntriesRequest:cid=1,entriesCount=1,lastEntry=(t:1, i:0)
2020-07-09 05:29:36,594 [1133bb81-482b-43be-b880-374c9d80236f@group-EFCE6EED3C35-LeaderElection33] INFO  server.RaftServerConfigKeys (ConfUtils.java:logGet(44)) - raft.server.watch.timeout.denomination = 1s (default)
2020-07-09 05:29:36,594 [1133bb81-482b-43be-b880-374c9d80236f@group-EFCE6EED3C35-LeaderElection33] INFO  server.RaftServerConfigKeys (ConfUtils.java:logGet(44)) - raft.server.watch.element-limit = 65536 (default)
2020-07-09 05:29:36,594 [1133bb81-482b-43be-b880-374c9d80236f@group-EFCE6EED3C35-LeaderElection33] INFO  impl.RoleInfo (RoleInfo.java:updateAndGet(143)) - 1133bb81-482b-43be-b880-374c9d80236f: start LeaderState
2020-07-09 05:29:36,596 [1133bb81-482b-43be-b880-374c9d80236f@group-EFCE6EED3C35-LeaderElection33] INFO  segmented.SegmentedRaftLogWorker (SegmentedRaftLogWorker.java:startLogSegment(397)) - 1133bb81-482b-43be-b880-374c9d80236f@group-EFCE6EED3C35-SegmentedRaftLogWorker: Starting segment from index:0
2020-07-09 05:29:36,597 [1133bb81-482b-43be-b880-374c9d80236f@group-EFCE6EED3C35-LeaderElection33] INFO  impl.RaftServerImpl (ServerState.java:setRaftConf(356)) - 1133bb81-482b-43be-b880-374c9d80236f@group-EFCE6EED3C35: set configuration 0: [1133bb81-482b-43be-b880-374c9d80236f:172.17.0.2:36439], old=null at 0
2020-07-09 05:29:36,597 [4309c1dc-11ba-4b32-9c48-fa0a859b84ea@group-E1635B2ABB5F-LeaderElection34] INFO  impl.LeaderElection (LeaderElection.java:askForVotes(206)) - 4309c1dc-11ba-4b32-9c48-fa0a859b84ea@group-E1635B2ABB5F-LeaderElection34: begin an election at term 1 for -1: [4309c1dc-11ba-4b32-9c48-fa0a859b84ea:172.17.0.2:36571], old=null
2020-07-09 05:29:36,597 [4309c1dc-11ba-4b32-9c48-fa0a859b84ea@group-E1635B2ABB5F-LeaderElection34] INFO  impl.RoleInfo (RoleInfo.java:shutdownLeaderElection(134)) - 4309c1dc-11ba-4b32-9c48-fa0a859b84ea: shutdown LeaderElection
2020-07-09 05:29:36,598 [1133bb81-482b-43be-b880-374c9d80236f@group-EFCE6EED3C35-SegmentedRaftLogWorker] INFO  segmented.SegmentedRaftLogWorker (SegmentedRaftLogWorker.java:execute(596)) - 1133bb81-482b-43be-b880-374c9d80236f@group-EFCE6EED3C35-SegmentedRaftLogWorker: created new log segment /github/workspace/mnt/ozone/hadoop-ozone/integration-test/target/test-dir/MiniOzoneClusterImpl-d39db876-f3fa-4cd0-af36-93cb9432015e/datanode-0/data/ratis/fe2b44e2-47cc-4119-9be0-efce6eed3c35/current/log_inprogress_0
2020-07-09 05:29:36,598 [4309c1dc-11ba-4b32-9c48-fa0a859b84ea@group-E1635B2ABB5F-LeaderElection34] INFO  impl.RaftServerImpl (RaftServerImpl.java:setRole(175)) - 4309c1dc-11ba-4b32-9c48-fa0a859b84ea@group-E1635B2ABB5F: changes role from CANDIDATE to LEADER at term 1 for changeToLeader
2020-07-09 05:29:36,598 [4309c1dc-11ba-4b32-9c48-fa0a859b84ea@group-E1635B2ABB5F-LeaderElection34] INFO  ratis.XceiverServerRatis (XceiverServerRatis.java:handleLeaderChangedNotification(762)) - Leader change notification received for group: group-E1635B2ABB5F with new leaderId: 4309c1dc-11ba-4b32-9c48-fa0a859b84ea
2020-07-09 05:29:36,599 [4309c1dc-11ba-4b32-9c48-fa0a859b84ea@group-E1635B2ABB5F-LeaderElection34] INFO  impl.RaftServerImpl (ServerState.java:setLeader(255)) - 4309c1dc-11ba-4b32-9c48-fa0a859b84ea@group-E1635B2ABB5F: change Leader from null to 4309c1dc-11ba-4b32-9c48-fa0a859b84ea at term 1 for becomeLeader, leader elected after 5116ms
2020-07-09 05:29:36,599 [4309c1dc-11ba-4b32-9c48-fa0a859b84ea@group-E1635B2ABB5F-LeaderElection34] INFO  server.RaftServerConfigKeys (ConfUtils.java:logGet(44)) - raft.server.staging.catchup.gap = 1000 (default)
2020-07-09 05:29:36,600 [4309c1dc-11ba-4b32-9c48-fa0a859b84ea@group-E1635B2ABB5F-LeaderElection34] INFO  server.RaftServerConfigKeys (ConfUtils.java:logGet(44)) - raft.server.rpc.sleep.time = 25ms (default)
2020-07-09 05:29:36,600 [4309c1dc-11ba-4b32-9c48-fa0a859b84ea@group-E1635B2ABB5F-LeaderElection34] INFO  metrics.RatisMetrics (RatisMetrics.java:lambda$create$0(36)) - Creating Metrics Registry : ratis.log_appender.4309c1dc-11ba-4b32-9c48-fa0a859b84ea@group-E1635B2ABB5F
2020-07-09 05:29:36,600 [4309c1dc-11ba-4b32-9c48-fa0a859b84ea@group-E1635B2ABB5F-LeaderElection34] INFO  server.RaftServerConfigKeys (ConfUtils.java:logGet(44)) - raft.server.write.element-limit = 1024 (custom)
2020-07-09 05:29:36,600 [4309c1dc-11ba-4b32-9c48-fa0a859b84ea@group-E1635B2ABB5F-LeaderElection34] INFO  server.RaftServerConfigKeys (ConfUtils.java:logGet(44)) - raft.server.write.byte-limit = 1073741824 (custom)
2020-07-09 05:29:36,600 [4309c1dc-11ba-4b32-9c48-fa0a859b84ea@group-E1635B2ABB5F-LeaderElection34] INFO  server.RaftServerConfigKeys (ConfUtils.java:logGet(44)) - raft.server.watch.timeout = 180s (custom)
2020-07-09 05:29:36,600 [4309c1dc-11ba-4b32-9c48-fa0a859b84ea@group-E1635B2ABB5F-LeaderElection34] INFO  server.RaftServerConfigKeys (ConfUtils.java:logGet(44)) - raft.server.watch.timeout.denomination = 1s (default)
2020-07-09 05:29:36,600 [4309c1dc-11ba-4b32-9c48-fa0a859b84ea@group-E1635B2ABB5F-LeaderElection34] INFO  server.RaftServerConfigKeys (ConfUtils.java:logGet(44)) - raft.server.watch.element-limit = 65536 (default)
2020-07-09 05:29:36,600 [4309c1dc-11ba-4b32-9c48-fa0a859b84ea@group-E1635B2ABB5F-LeaderElection34] INFO  impl.RoleInfo (RoleInfo.java:updateAndGet(143)) - 4309c1dc-11ba-4b32-9c48-fa0a859b84ea: start LeaderState
2020-07-09 05:29:36,601 [4309c1dc-11ba-4b32-9c48-fa0a859b84ea@group-E1635B2ABB5F-LeaderElection34] INFO  segmented.SegmentedRaftLogWorker (SegmentedRaftLogWorker.java:startLogSegment(397)) - 4309c1dc-11ba-4b32-9c48-fa0a859b84ea@group-E1635B2ABB5F-SegmentedRaftLogWorker: Starting segment from index:0
2020-07-09 05:29:36,602 [4309c1dc-11ba-4b32-9c48-fa0a859b84ea@group-E1635B2ABB5F-LeaderElection34] INFO  impl.RaftServerImpl (ServerState.java:setRaftConf(356)) - 4309c1dc-11ba-4b32-9c48-fa0a859b84ea@group-E1635B2ABB5F: set configuration 0: [4309c1dc-11ba-4b32-9c48-fa0a859b84ea:172.17.0.2:36571], old=null at 0
2020-07-09 05:29:36,602 [4309c1dc-11ba-4b32-9c48-fa0a859b84ea@group-E1635B2ABB5F-SegmentedRaftLogWorker] INFO  segmented.SegmentedRaftLogWorker (SegmentedRaftLogWorker.java:execute(596)) - 4309c1dc-11ba-4b32-9c48-fa0a859b84ea@group-E1635B2ABB5F-SegmentedRaftLogWorker: created new log segment /github/workspace/mnt/ozone/hadoop-ozone/integration-test/target/test-dir/MiniOzoneClusterImpl-d39db876-f3fa-4cd0-af36-93cb9432015e/datanode-1/data/ratis/d917e204-1528-48ca-b8ef-e1635b2abb5f/current/log_inprogress_0
2020-07-09 05:29:36,722 [Thread-2163] INFO  impl.FollowerState (FollowerState.java:run(108)) - 5e2225e2-45cd-49d2-96be-e03b029ea84f@group-74AB2A162E37-FollowerState: change to CANDIDATE, lastRpcTime:5193ms, electionTimeout:5189ms
2020-07-09 05:29:36,722 [Thread-2163] INFO  impl.RoleInfo (RoleInfo.java:shutdownFollowerState(121)) - 5e2225e2-45cd-49d2-96be-e03b029ea84f: shutdown FollowerState
2020-07-09 05:29:36,723 [Thread-2163] INFO  impl.RaftServerImpl (RaftServerImpl.java:setRole(175)) - 5e2225e2-45cd-49d2-96be-e03b029ea84f@group-74AB2A162E37: changes role from  FOLLOWER to CANDIDATE at term 0 for changeToCandidate
2020-07-09 05:29:36,723 [Thread-2163] INFO  impl.RoleInfo (RoleInfo.java:updateAndGet(143)) - 5e2225e2-45cd-49d2-96be-e03b029ea84f: start LeaderElection
2020-07-09 05:29:36,726 [5e2225e2-45cd-49d2-96be-e03b029ea84f@group-74AB2A162E37-LeaderElection35] INFO  impl.LeaderElection (LeaderElection.java:askForVotes(206)) - 5e2225e2-45cd-49d2-96be-e03b029ea84f@group-74AB2A162E37-LeaderElection35: begin an election at term 1 for -1: [5e2225e2-45cd-49d2-96be-e03b029ea84f:172.17.0.2:38651], old=null
2020-07-09 05:29:36,726 [5e2225e2-45cd-49d2-96be-e03b029ea84f@group-74AB2A162E37-LeaderElection35] INFO  impl.RoleInfo (RoleInfo.java:shutdownLeaderElection(134)) - 5e2225e2-45cd-49d2-96be-e03b029ea84f: shutdown LeaderElection
2020-07-09 05:29:36,726 [5e2225e2-45cd-49d2-96be-e03b029ea84f@group-74AB2A162E37-LeaderElection35] INFO  impl.RaftServerImpl (RaftServerImpl.java:setRole(175)) - 5e2225e2-45cd-49d2-96be-e03b029ea84f@group-74AB2A162E37: changes role from CANDIDATE to LEADER at term 1 for changeToLeader
2020-07-09 05:29:36,726 [5e2225e2-45cd-49d2-96be-e03b029ea84f@group-74AB2A162E37-LeaderElection35] INFO  ratis.XceiverServerRatis (XceiverServerRatis.java:handleLeaderChangedNotification(762)) - Leader change notification received for group: group-74AB2A162E37 with new leaderId: 5e2225e2-45cd-49d2-96be-e03b029ea84f
2020-07-09 05:29:36,727 [5e2225e2-45cd-49d2-96be-e03b029ea84f@group-74AB2A162E37-LeaderElection35] INFO  impl.RaftServerImpl (ServerState.java:setLeader(255)) - 5e2225e2-45cd-49d2-96be-e03b029ea84f@group-74AB2A162E37: change Leader from null to 5e2225e2-45cd-49d2-96be-e03b029ea84f at term 1 for becomeLeader, leader elected after 5204ms
2020-07-09 05:29:36,727 [5e2225e2-45cd-49d2-96be-e03b029ea84f@group-74AB2A162E37-LeaderElection35] INFO  server.RaftServerConfigKeys (ConfUtils.java:logGet(44)) - raft.server.staging.catchup.gap = 1000 (default)
2020-07-09 05:29:36,727 [5e2225e2-45cd-49d2-96be-e03b029ea84f@group-74AB2A162E37-LeaderElection35] INFO  server.RaftServerConfigKeys (ConfUtils.java:logGet(44)) - raft.server.rpc.sleep.time = 25ms (default)
2020-07-09 05:29:36,727 [5e2225e2-45cd-49d2-96be-e03b029ea84f@group-74AB2A162E37-LeaderElection35] INFO  metrics.RatisMetrics (RatisMetrics.java:lambda$create$0(36)) - Creating Metrics Registry : ratis.log_appender.5e2225e2-45cd-49d2-96be-e03b029ea84f@group-74AB2A162E37
2020-07-09 05:29:36,728 [5e2225e2-45cd-49d2-96be-e03b029ea84f@group-74AB2A162E37-LeaderElection35] INFO  server.RaftServerConfigKeys (ConfUtils.java:logGet(44)) - raft.server.write.element-limit = 1024 (custom)
2020-07-09 05:29:36,728 [5e2225e2-45cd-49d2-96be-e03b029ea84f@group-74AB2A162E37-LeaderElection35] INFO  server.RaftServerConfigKeys (ConfUtils.java:logGet(44)) - raft.server.write.byte-limit = 1073741824 (custom)
2020-07-09 05:29:36,729 [5e2225e2-45cd-49d2-96be-e03b029ea84f@group-74AB2A162E37-LeaderElection35] INFO  server.RaftServerConfigKeys (ConfUtils.java:logGet(44)) - raft.server.watch.timeout = 180s (custom)
2020-07-09 05:29:36,729 [5e2225e2-45cd-49d2-96be-e03b029ea84f@group-74AB2A162E37-LeaderElection35] INFO  server.RaftServerConfigKeys (ConfUtils.java:logGet(44)) - raft.server.watch.timeout.denomination = 1s (default)
2020-07-09 05:29:36,729 [5e2225e2-45cd-49d2-96be-e03b029ea84f@group-74AB2A162E37-LeaderElection35] INFO  server.RaftServerConfigKeys (ConfUtils.java:logGet(44)) - raft.server.watch.element-limit = 65536 (default)
2020-07-09 05:29:36,729 [5e2225e2-45cd-49d2-96be-e03b029ea84f@group-74AB2A162E37-LeaderElection35] INFO  impl.RoleInfo (RoleInfo.java:updateAndGet(143)) - 5e2225e2-45cd-49d2-96be-e03b029ea84f: start LeaderState
2020-07-09 05:29:36,729 [5e2225e2-45cd-49d2-96be-e03b029ea84f@group-74AB2A162E37-LeaderElection35] INFO  segmented.SegmentedRaftLogWorker (SegmentedRaftLogWorker.java:startLogSegment(397)) - 5e2225e2-45cd-49d2-96be-e03b029ea84f@group-74AB2A162E37-SegmentedRaftLogWorker: Starting segment from index:0
2020-07-09 05:29:36,730 [5e2225e2-45cd-49d2-96be-e03b029ea84f@group-74AB2A162E37-LeaderElection35] INFO  impl.RaftServerImpl (ServerState.java:setRaftConf(356)) - 5e2225e2-45cd-49d2-96be-e03b029ea84f@group-74AB2A162E37: set configuration 0: [5e2225e2-45cd-49d2-96be-e03b029ea84f:172.17.0.2:38651], old=null at 0
2020-07-09 05:29:36,734 [5e2225e2-45cd-49d2-96be-e03b029ea84f@group-74AB2A162E37-SegmentedRaftLogWorker] INFO  segmented.SegmentedRaftLogWorker (SegmentedRaftLogWorker.java:execute(596)) - 5e2225e2-45cd-49d2-96be-e03b029ea84f@group-74AB2A162E37-SegmentedRaftLogWorker: created new log segment /github/workspace/mnt/ozone/hadoop-ozone/integration-test/target/test-dir/MiniOzoneClusterImpl-d39db876-f3fa-4cd0-af36-93cb9432015e/datanode-2/data/ratis/a21a46bd-3495-4abf-a669-74ab2a162e37/current/log_inprogress_0
2020-07-09 05:29:36,856 [grpc-default-executor-5] DEBUG server.GrpcLogAppender (GrpcLogAppender.java:onNext(257)) - omNode-1@group-523986131536->omNode-3-AppendLogResponseHandler: received a reply omNode-1<-omNode-3#24:OK,SUCCESS,nextIndex:1,term:1,followerCommit:0, request=AppendEntriesRequest:cid=24,entriesCount=0,lastEntry=null
2020-07-09 05:29:36,857 [grpc-default-executor-5] DEBUG server.GrpcLogAppender (GrpcLogAppender.java:onNext(257)) - omNode-1@group-523986131536->omNode-2-AppendLogResponseHandler: received a reply omNode-1<-omNode-2#24:OK,SUCCESS,nextIndex:1,term:1,followerCommit:0, request=AppendEntriesRequest:cid=24,entriesCount=0,lastEntry=null
2020-07-09 05:29:37,358 [grpc-default-executor-5] DEBUG server.GrpcLogAppender (GrpcLogAppender.java:onNext(257)) - omNode-1@group-523986131536->omNode-3-AppendLogResponseHandler: received a reply omNode-1<-omNode-3#25:OK,SUCCESS,nextIndex:1,term:1,followerCommit:0, request=AppendEntriesRequest:cid=25,entriesCount=0,lastEntry=null
2020-07-09 05:29:37,361 [grpc-default-executor-5] DEBUG server.GrpcLogAppender (GrpcLogAppender.java:onNext(257)) - omNode-1@group-523986131536->omNode-2-AppendLogResponseHandler: received a reply omNode-1<-omNode-2#25:OK,SUCCESS,nextIndex:1,term:1,followerCommit:0, request=AppendEntriesRequest:cid=25,entriesCount=0,lastEntry=null
2020-07-09 05:29:37,518 [Listener at 127.0.0.1/10896] INFO  ozone.MiniOzoneClusterImpl (MiniOzoneClusterImpl.java:lambda$waitForClusterToBeReady$0(177)) - Nodes are ready. Got 3 of 3 DN Heartbeats.
2020-07-09 05:29:37,518 [Listener at 127.0.0.1/10896] INFO  ozone.MiniOzoneClusterImpl (MiniOzoneClusterImpl.java:lambda$waitForClusterToBeReady$0(180)) - Cluster exits safe mode
2020-07-09 05:29:37,540 [Listener at 127.0.0.1/10896] INFO  rpc.RpcClient (RpcClient.java:createVolume(313)) - Creating Volume: volume27072, with user98231 as owner.
2020-07-09 05:29:37,541 [IPC Server handler 4 on default port 10884] DEBUG impl.RaftServerImpl (RaftServerImpl.java:submitClientRequestAsync(575)) - omNode-1@group-523986131536: receive client request(RaftClientRequest:client-DFBA4D3286B7->omNode-1@group-523986131536, cid=124, seq=0, RW, Message:080b12001a13636c6965...(size=150))
2020-07-09 05:29:37,542 [IPC Server handler 4 on default port 10884] DEBUG impl.RaftServerImpl (LeaderState.java:addPendingRequest(335)) - omNode-1@group-523986131536-LeaderState: addPendingRequest at RaftClientRequest:client-DFBA4D3286B7->omNode-1@group-523986131536, cid=124, seq=0, RW, Message:080b12001a13636c6965...(size=150), entry=(t:1, i:1), STATEMACHINELOGENTRY, client-DFBA4D3286B7, cid=124
2020-07-09 05:29:37,542 [grpc-default-executor-5] DEBUG impl.RaftServerImpl (RaftServerImpl.java:logAppendEntries(928)) - omNode-2@group-523986131536: receive appendEntries(omNode-1, 1, (t:1, i:0), 0, false, commits[omNode-1:c0, omNode-3:c0, omNode-2:c0], entries: (t:1, i:1), STATEMACHINELOGENTRY, client-DFBA4D3286B7, cid=124
2020-07-09 05:29:37,543 [grpc-default-executor-2] DEBUG impl.RaftServerImpl (RaftServerImpl.java:logAppendEntries(928)) - omNode-3@group-523986131536: receive appendEntries(omNode-1, 1, (t:1, i:0), 0, false, commits[omNode-1:c0, omNode-3:c0, omNode-2:c0], entries: (t:1, i:1), STATEMACHINELOGENTRY, client-DFBA4D3286B7, cid=124
2020-07-09 05:29:37,546 [Thread-2214] DEBUG impl.RaftServerImpl (RaftServerImpl.java:logAppendEntries(928)) - omNode-2@group-523986131536: succeeded to handle AppendEntries. Reply: omNode-1<-omNode-2#26:OK,SUCCESS,nextIndex:2,term:1,followerCommit:0
2020-07-09 05:29:37,546 [Thread-2215] DEBUG impl.RaftServerImpl (RaftServerImpl.java:logAppendEntries(928)) - omNode-3@group-523986131536: succeeded to handle AppendEntries. Reply: omNode-1<-omNode-3#26:OK,SUCCESS,nextIndex:2,term:1,followerCommit:0
2020-07-09 05:29:37,547 [grpc-default-executor-2] DEBUG server.GrpcLogAppender (GrpcLogAppender.java:onNext(257)) - omNode-1@group-523986131536->omNode-3-AppendLogResponseHandler: received a reply omNode-1<-omNode-3#26:OK,SUCCESS,nextIndex:2,term:1,followerCommit:0, request=AppendEntriesRequest:cid=26,entriesCount=1,lastEntry=(t:1, i:1)
2020-07-09 05:29:37,547 [grpc-default-executor-5] DEBUG server.GrpcLogAppender (GrpcLogAppender.java:onNext(257)) - omNode-1@group-523986131536->omNode-2-AppendLogResponseHandler: received a reply omNode-1<-omNode-2#26:OK,SUCCESS,nextIndex:2,term:1,followerCommit:0, request=AppendEntriesRequest:cid=26,entriesCount=1,lastEntry=(t:1, i:1)
2020-07-09 05:29:37,548 [OM StateMachine ApplyTransaction Thread - 0] INFO  volume.OMVolumeCreateRequest (OMVolumeCreateRequest.java:validateAndUpdateCache(208)) - created volume:volume27072 for user:user98231
2020-07-09 05:29:37,550 [grpc-default-executor-2] DEBUG impl.RaftServerImpl (RaftServerImpl.java:logAppendEntries(928)) - omNode-3@group-523986131536: receive appendEntries(omNode-1, 1, (t:1, i:1), 1, false, commits[omNode-1:c1, omNode-3:c0, omNode-2:c0], entries: (t:1, i:2), METADATAENTRY(c:1)
2020-07-09 05:29:37,550 [grpc-default-executor-5] DEBUG impl.RaftServerImpl (RaftServerImpl.java:logAppendEntries(928)) - omNode-2@group-523986131536: receive appendEntries(omNode-1, 1, (t:1, i:1), 1, false, commits[omNode-1:c1, omNode-3:c0, omNode-2:c0], entries: (t:1, i:2), METADATAENTRY(c:1)
2020-07-09 05:29:37,553 [Listener at 127.0.0.1/10896] INFO  rpc.RpcClient (RpcClient.java:createBucket(456)) - Creating Bucket: volume27072/aca2623b-b253-4af5-8bb9-371864684134, with Versioning false and Storage Type set to DISK and Encryption set to false 
2020-07-09 05:29:37,553 [IPC Server handler 2 on default port 10884] DEBUG impl.RaftServerImpl (RaftServerImpl.java:submitClientRequestAsync(575)) - omNode-1@group-523986131536: receive client request(RaftClientRequest:client-DFBA4D3286B7->omNode-1@group-523986131536, cid=125, seq=0, RW, Message:081512001a13636c6965...(size=180))
2020-07-09 05:29:37,559 [IPC Server handler 2 on default port 10884] DEBUG impl.RaftServerImpl (LeaderState.java:addPendingRequest(335)) - omNode-1@group-523986131536-LeaderState: addPendingRequest at RaftClientRequest:client-DFBA4D3286B7->omNode-1@group-523986131536, cid=125, seq=0, RW, Message:081512001a13636c6965...(size=180), entry=(t:1, i:3), STATEMACHINELOGENTRY, client-DFBA4D3286B7, cid=125
2020-07-09 05:29:37,561 [Thread-2217] DEBUG impl.RaftServerImpl (RaftServerImpl.java:logAppendEntries(928)) - omNode-2@group-523986131536: succeeded to handle AppendEntries. Reply: omNode-1<-omNode-2#27:OK,SUCCESS,nextIndex:3,term:1,followerCommit:1
2020-07-09 05:29:37,566 [grpc-default-executor-4] DEBUG server.GrpcLogAppender (GrpcLogAppender.java:onNext(257)) - omNode-1@group-523986131536->omNode-2-AppendLogResponseHandler: received a reply omNode-1<-omNode-2#27:OK,SUCCESS,nextIndex:3,term:1,followerCommit:1, request=AppendEntriesRequest:cid=27,entriesCount=1,lastEntry=(t:1, i:2)
2020-07-09 05:29:37,565 [Thread-2216] DEBUG impl.RaftServerImpl (RaftServerImpl.java:logAppendEntries(928)) - omNode-3@group-523986131536: succeeded to handle AppendEntries. Reply: omNode-1<-omNode-3#27:OK,SUCCESS,nextIndex:3,term:1,followerCommit:1
2020-07-09 05:29:37,563 [OM StateMachine ApplyTransaction Thread - 0] INFO  volume.OMVolumeCreateRequest (OMVolumeCreateRequest.java:validateAndUpdateCache(208)) - created volume:volume27072 for user:user98231
2020-07-09 05:29:37,562 [grpc-default-executor-5] DEBUG impl.RaftServerImpl (RaftServerImpl.java:logAppendEntries(928)) - omNode-2@group-523986131536: receive appendEntries(omNode-1, 1, (t:1, i:2), 1, false, commits[omNode-1:c1, omNode-3:c0, omNode-2:c0], entries: (t:1, i:3), STATEMACHINELOGENTRY, client-DFBA4D3286B7, cid=125
2020-07-09 05:29:37,562 [grpc-default-executor-2] DEBUG impl.RaftServerImpl (RaftServerImpl.java:logAppendEntries(928)) - omNode-3@group-523986131536: receive appendEntries(omNode-1, 1, (t:1, i:2), 1, false, commits[omNode-1:c1, omNode-3:c0, omNode-2:c0], entries: (t:1, i:3), STATEMACHINELOGENTRY, client-DFBA4D3286B7, cid=125
2020-07-09 05:29:37,567 [grpc-default-executor-2] DEBUG server.GrpcLogAppender (GrpcLogAppender.java:onNext(257)) - omNode-1@group-523986131536->omNode-3-AppendLogResponseHandler: received a reply omNode-1<-omNode-3#27:OK,SUCCESS,nextIndex:3,term:1,followerCommit:1, request=AppendEntriesRequest:cid=27,entriesCount=1,lastEntry=(t:1, i:2)
2020-07-09 05:29:37,576 [OM StateMachine ApplyTransaction Thread - 0] INFO  volume.OMVolumeCreateRequest (OMVolumeCreateRequest.java:validateAndUpdateCache(208)) - created volume:volume27072 for user:user98231
2020-07-09 05:29:37,577 [Thread-2219] DEBUG impl.RaftServerImpl (RaftServerImpl.java:logAppendEntries(928)) - omNode-3@group-523986131536: succeeded to handle AppendEntries. Reply: omNode-1<-omNode-3#28:OK,SUCCESS,nextIndex:4,term:1,followerCommit:1
2020-07-09 05:29:37,578 [Thread-2218] DEBUG impl.RaftServerImpl (RaftServerImpl.java:logAppendEntries(928)) - omNode-2@group-523986131536: succeeded to handle AppendEntries. Reply: omNode-1<-omNode-2#28:OK,SUCCESS,nextIndex:4,term:1,followerCommit:1
2020-07-09 05:29:37,578 [grpc-default-executor-2] DEBUG server.GrpcLogAppender (GrpcLogAppender.java:onNext(257)) - omNode-1@group-523986131536->omNode-3-AppendLogResponseHandler: received a reply omNode-1<-omNode-3#28:OK,SUCCESS,nextIndex:4,term:1,followerCommit:1, request=AppendEntriesRequest:cid=28,entriesCount=1,lastEntry=(t:1, i:3)
2020-07-09 05:29:37,578 [grpc-default-executor-5] DEBUG server.GrpcLogAppender (GrpcLogAppender.java:onNext(257)) - omNode-1@group-523986131536->omNode-2-AppendLogResponseHandler: received a reply omNode-1<-omNode-2#28:OK,SUCCESS,nextIndex:4,term:1,followerCommit:1, request=AppendEntriesRequest:cid=28,entriesCount=1,lastEntry=(t:1, i:3)
2020-07-09 05:29:37,579 [grpc-default-executor-5] DEBUG impl.RaftServerImpl (RaftServerImpl.java:logAppendEntries(928)) - omNode-3@group-523986131536: receive appendEntries(omNode-1, 1, (t:1, i:3), 3, false, commits[omNode-1:c3, omNode-3:c1, omNode-2:c1], entries: (t:1, i:4), METADATAENTRY(c:3)
2020-07-09 05:29:37,580 [grpc-default-executor-5] DEBUG impl.RaftServerImpl (RaftServerImpl.java:logAppendEntries(928)) - omNode-2@group-523986131536: receive appendEntries(omNode-1, 1, (t:1, i:3), 3, false, commits[omNode-1:c3, omNode-3:c1, omNode-2:c1], entries: (t:1, i:4), METADATAENTRY(c:3)
2020-07-09 05:29:37,584 [Thread-2220] DEBUG impl.RaftServerImpl (RaftServerImpl.java:logAppendEntries(928)) - omNode-3@group-523986131536: succeeded to handle AppendEntries. Reply: omNode-1<-omNode-3#29:OK,SUCCESS,nextIndex:5,term:1,followerCommit:3
2020-07-09 05:29:37,585 [grpc-default-executor-5] DEBUG server.GrpcLogAppender (GrpcLogAppender.java:onNext(257)) - omNode-1@group-523986131536->omNode-3-AppendLogResponseHandler: received a reply omNode-1<-omNode-3#29:OK,SUCCESS,nextIndex:5,term:1,followerCommit:3, request=AppendEntriesRequest:cid=29,entriesCount=1,lastEntry=(t:1, i:4)
2020-07-09 05:29:37,598 [Thread-2221] DEBUG impl.RaftServerImpl (RaftServerImpl.java:logAppendEntries(928)) - omNode-2@group-523986131536: succeeded to handle AppendEntries. Reply: omNode-1<-omNode-2#29:OK,SUCCESS,nextIndex:5,term:1,followerCommit:3
2020-07-09 05:29:37,599 [grpc-default-executor-5] DEBUG server.GrpcLogAppender (GrpcLogAppender.java:onNext(257)) - omNode-1@group-523986131536->omNode-2-AppendLogResponseHandler: received a reply omNode-1<-omNode-2#29:OK,SUCCESS,nextIndex:5,term:1,followerCommit:3, request=AppendEntriesRequest:cid=29,entriesCount=1,lastEntry=(t:1, i:4)
2020-07-09 05:29:37,601 [IPC Server handler 0 on default port 10884] DEBUG impl.RaftServerImpl (RaftServerImpl.java:submitClientRequestAsync(575)) - omNode-1@group-523986131536: receive client request(RaftClientRequest:client-DFBA4D3286B7->omNode-1@group-523986131536, cid=126, seq=0, RW, Message:084812001a13636c6965...(size=546))
2020-07-09 05:29:37,602 [IPC Server handler 0 on default port 10884] DEBUG impl.RaftServerImpl (LeaderState.java:addPendingRequest(335)) - omNode-1@group-523986131536-LeaderState: addPendingRequest at RaftClientRequest:client-DFBA4D3286B7->omNode-1@group-523986131536, cid=126, seq=0, RW, Message:084812001a13636c6965...(size=546), entry=(t:1, i:5), STATEMACHINELOGENTRY, client-DFBA4D3286B7, cid=126
2020-07-09 05:29:37,603 [grpc-default-executor-5] DEBUG impl.RaftServerImpl (RaftServerImpl.java:logAppendEntries(928)) - omNode-2@group-523986131536: receive appendEntries(omNode-1, 1, (t:1, i:4), 4, false, commits[omNode-1:c4, omNode-3:c3, omNode-2:c3], entries: (t:1, i:5), STATEMACHINELOGENTRY, client-DFBA4D3286B7, cid=126
2020-07-09 05:29:37,603 [grpc-default-executor-2] DEBUG impl.RaftServerImpl (RaftServerImpl.java:logAppendEntries(928)) - omNode-3@group-523986131536: receive appendEntries(omNode-1, 1, (t:1, i:4), 4, false, commits[omNode-1:c4, omNode-3:c3, omNode-2:c3], entries: (t:1, i:5), STATEMACHINELOGENTRY, client-DFBA4D3286B7, cid=126
2020-07-09 05:29:37,604 [Thread-2223] DEBUG impl.RaftServerImpl (RaftServerImpl.java:logAppendEntries(928)) - omNode-2@group-523986131536: succeeded to handle AppendEntries. Reply: omNode-1<-omNode-2#30:OK,SUCCESS,nextIndex:6,term:1,followerCommit:4
2020-07-09 05:29:37,604 [grpc-default-executor-2] DEBUG server.GrpcLogAppender (GrpcLogAppender.java:onNext(257)) - omNode-1@group-523986131536->omNode-2-AppendLogResponseHandler: received a reply omNode-1<-omNode-2#30:OK,SUCCESS,nextIndex:6,term:1,followerCommit:4, request=AppendEntriesRequest:cid=30,entriesCount=1,lastEntry=(t:1, i:5)
2020-07-09 05:29:37,604 [Thread-2224] DEBUG impl.RaftServerImpl (RaftServerImpl.java:logAppendEntries(928)) - omNode-3@group-523986131536: succeeded to handle AppendEntries. Reply: omNode-1<-omNode-3#30:OK,SUCCESS,nextIndex:6,term:1,followerCommit:4
2020-07-09 05:29:37,605 [grpc-default-executor-2] DEBUG server.GrpcLogAppender (GrpcLogAppender.java:onNext(257)) - omNode-1@group-523986131536->omNode-3-AppendLogResponseHandler: received a reply omNode-1<-omNode-3#30:OK,SUCCESS,nextIndex:6,term:1,followerCommit:4, request=AppendEntriesRequest:cid=30,entriesCount=1,lastEntry=(t:1, i:5)
2020-07-09 05:29:37,606 [grpc-default-executor-2] DEBUG impl.RaftServerImpl (RaftServerImpl.java:logAppendEntries(928)) - omNode-2@group-523986131536: receive appendEntries(omNode-1, 1, (t:1, i:5), 5, false, commits[omNode-1:c5, omNode-3:c3, omNode-2:c4], entries: (t:1, i:6), METADATAENTRY(c:5)
2020-07-09 05:29:37,607 [Thread-2225] DEBUG impl.RaftServerImpl (RaftServerImpl.java:logAppendEntries(928)) - omNode-2@group-523986131536: succeeded to handle AppendEntries. Reply: omNode-1<-omNode-2#31:OK,SUCCESS,nextIndex:7,term:1,followerCommit:5
2020-07-09 05:29:37,607 [grpc-default-executor-2] DEBUG server.GrpcLogAppender (GrpcLogAppender.java:onNext(257)) - omNode-1@group-523986131536->omNode-2-AppendLogResponseHandler: received a reply omNode-1<-omNode-2#31:OK,SUCCESS,nextIndex:7,term:1,followerCommit:5, request=AppendEntriesRequest:cid=31,entriesCount=1,lastEntry=(t:1, i:6)
2020-07-09 05:29:37,608 [grpc-default-executor-5] DEBUG impl.RaftServerImpl (RaftServerImpl.java:logAppendEntries(928)) - omNode-3@group-523986131536: receive appendEntries(omNode-1, 1, (t:1, i:5), 5, false, commits[omNode-1:c5, omNode-3:c3, omNode-2:c4], entries: (t:1, i:6), METADATAENTRY(c:5)
2020-07-09 05:29:37,613 [grpc-default-executor-5] DEBUG impl.RaftServerImpl (RaftServerImpl.java:submitClientRequestAsync(575)) - 4309c1dc-11ba-4b32-9c48-fa0a859b84ea@group-E1635B2ABB5F: receive client request(RaftClientRequest:client-63E7BC55D44C->4309c1dc-11ba-4b32-9c48-fa0a859b84ea@group-E1635B2ABB5F, cid=29, seq=1*, Watch(0), Message:<EMPTY>)
2020-07-09 05:29:37,614 [grpc-default-executor-5] DEBUG impl.RaftServerImpl (LeaderState.java:addWatchReqeust(353)) - 4309c1dc-11ba-4b32-9c48-fa0a859b84ea@group-E1635B2ABB5F-LeaderState: addWatchRequest RaftClientRequest:client-63E7BC55D44C->4309c1dc-11ba-4b32-9c48-fa0a859b84ea@group-E1635B2ABB5F, cid=29, seq=1*, Watch(0), Message:<EMPTY>
2020-07-09 05:29:37,627 [Thread-2226] DEBUG impl.RaftServerImpl (RaftServerImpl.java:logAppendEntries(928)) - omNode-3@group-523986131536: succeeded to handle AppendEntries. Reply: omNode-1<-omNode-3#31:OK,SUCCESS,nextIndex:7,term:1,followerCommit:5
2020-07-09 05:29:37,631 [grpc-default-executor-4] DEBUG server.GrpcLogAppender (GrpcLogAppender.java:onNext(257)) - omNode-1@group-523986131536->omNode-3-AppendLogResponseHandler: received a reply omNode-1<-omNode-3#31:OK,SUCCESS,nextIndex:7,term:1,followerCommit:5, request=AppendEntriesRequest:cid=31,entriesCount=1,lastEntry=(t:1, i:6)
2020-07-09 05:29:37,631 [grpc-default-executor-2] DEBUG impl.RaftServerImpl (RaftServerImpl.java:submitClientRequestAsync(575)) - 4309c1dc-11ba-4b32-9c48-fa0a859b84ea@group-E1635B2ABB5F: receive client request(RaftClientRequest:client-63E7BC55D44C->4309c1dc-11ba-4b32-9c48-fa0a859b84ea@group-E1635B2ABB5F, cid=30, seq=2, RW, Message:0000006f080c12001801...(size=126))
2020-07-09 05:29:37,632 [grpc-default-executor-2] DEBUG impl.RaftServerImpl (LeaderState.java:addPendingRequest(335)) - 4309c1dc-11ba-4b32-9c48-fa0a859b84ea@group-E1635B2ABB5F-LeaderState: addPendingRequest at RaftClientRequest:client-63E7BC55D44C->4309c1dc-11ba-4b32-9c48-fa0a859b84ea@group-E1635B2ABB5F, cid=30, seq=2, RW, Message:0000006f080c12001801...(size=126), entry=(t:1, i:1), STATEMACHINELOGENTRY, client-63E7BC55D44C, cid=30
2020-07-09 05:29:37,633 [grpc-default-executor-2] DEBUG impl.RaftServerImpl (RaftServerImpl.java:submitClientRequestAsync(575)) - 4309c1dc-11ba-4b32-9c48-fa0a859b84ea@group-E1635B2ABB5F: receive client request(RaftClientRequest:client-63E7BC55D44C->4309c1dc-11ba-4b32-9c48-fa0a859b84ea@group-E1635B2ABB5F, cid=31, seq=3, RW, Message:0000007f080612001801...(size=131))
2020-07-09 05:29:37,634 [grpc-default-executor-2] DEBUG impl.RaftServerImpl (LeaderState.java:addPendingRequest(335)) - 4309c1dc-11ba-4b32-9c48-fa0a859b84ea@group-E1635B2ABB5F-LeaderState: addPendingRequest at RaftClientRequest:client-63E7BC55D44C->4309c1dc-11ba-4b32-9c48-fa0a859b84ea@group-E1635B2ABB5F, cid=31, seq=3, RW, Message:0000007f080612001801...(size=131), entry=(t:1, i:2), STATEMACHINELOGENTRY, client-63E7BC55D44C, cid=31
2020-07-09 05:29:37,649 [IPC Server handler 6 on default port 10884] DEBUG impl.RaftServerImpl (RaftServerImpl.java:submitClientRequestAsync(575)) - omNode-1@group-523986131536: receive client request(RaftClientRequest:client-DFBA4D3286B7->omNode-1@group-523986131536, cid=127, seq=0, RW, Message:082412001a13636c6965...(size=495))
2020-07-09 05:29:37,650 [IPC Server handler 6 on default port 10884] DEBUG impl.RaftServerImpl (LeaderState.java:addPendingRequest(335)) - omNode-1@group-523986131536-LeaderState: addPendingRequest at RaftClientRequest:client-DFBA4D3286B7->omNode-1@group-523986131536, cid=127, seq=0, RW, Message:082412001a13636c6965...(size=495), entry=(t:1, i:7), STATEMACHINELOGENTRY, client-DFBA4D3286B7, cid=127
2020-07-09 05:29:37,651 [grpc-default-executor-2] DEBUG impl.RaftServerImpl (RaftServerImpl.java:logAppendEntries(928)) - omNode-2@group-523986131536: receive appendEntries(omNode-1, 1, (t:1, i:6), 6, false, commits[omNode-1:c6, omNode-3:c5, omNode-2:c5], entries: (t:1, i:7), STATEMACHINELOGENTRY, client-DFBA4D3286B7, cid=127
2020-07-09 05:29:37,651 [grpc-default-executor-5] DEBUG impl.RaftServerImpl (RaftServerImpl.java:logAppendEntries(928)) - omNode-3@group-523986131536: receive appendEntries(omNode-1, 1, (t:1, i:6), 6, false, commits[omNode-1:c6, omNode-3:c5, omNode-2:c5], entries: (t:1, i:7), STATEMACHINELOGENTRY, client-DFBA4D3286B7, cid=127
2020-07-09 05:29:37,652 [Thread-2232] DEBUG impl.RaftServerImpl (RaftServerImpl.java:logAppendEntries(928)) - omNode-3@group-523986131536: succeeded to handle AppendEntries. Reply: omNode-1<-omNode-3#32:OK,SUCCESS,nextIndex:8,term:1,followerCommit:6
2020-07-09 05:29:37,652 [Thread-2233] DEBUG impl.RaftServerImpl (RaftServerImpl.java:logAppendEntries(928)) - omNode-2@group-523986131536: succeeded to handle AppendEntries. Reply: omNode-1<-omNode-2#32:OK,SUCCESS,nextIndex:8,term:1,followerCommit:6
2020-07-09 05:29:37,652 [grpc-default-executor-5] DEBUG server.GrpcLogAppender (GrpcLogAppender.java:onNext(257)) - omNode-1@group-523986131536->omNode-3-AppendLogResponseHandler: received a reply omNode-1<-omNode-3#32:OK,SUCCESS,nextIndex:8,term:1,followerCommit:6, request=AppendEntriesRequest:cid=32,entriesCount=1,lastEntry=(t:1, i:7)
2020-07-09 05:29:37,652 [grpc-default-executor-2] DEBUG server.GrpcLogAppender (GrpcLogAppender.java:onNext(257)) - omNode-1@group-523986131536->omNode-2-AppendLogResponseHandler: received a reply omNode-1<-omNode-2#32:OK,SUCCESS,nextIndex:8,term:1,followerCommit:6, request=AppendEntriesRequest:cid=32,entriesCount=1,lastEntry=(t:1, i:7)
2020-07-09 05:29:37,657 [grpc-default-executor-2] DEBUG impl.RaftServerImpl (RaftServerImpl.java:logAppendEntries(928)) - omNode-2@group-523986131536: receive appendEntries(omNode-1, 1, (t:1, i:7), 7, false, commits[omNode-1:c7, omNode-3:c6, omNode-2:c6], entries: (t:1, i:8), METADATAENTRY(c:7)
2020-07-09 05:29:37,658 [grpc-default-executor-5] DEBUG impl.RaftServerImpl (RaftServerImpl.java:logAppendEntries(928)) - omNode-3@group-523986131536: receive appendEntries(omNode-1, 1, (t:1, i:7), 7, false, commits[omNode-1:c7, omNode-3:c6, omNode-2:c6], entries: (t:1, i:8), METADATAENTRY(c:7)
2020-07-09 05:29:37,659 [Thread-2234] DEBUG impl.RaftServerImpl (RaftServerImpl.java:logAppendEntries(928)) - omNode-2@group-523986131536: succeeded to handle AppendEntries. Reply: omNode-1<-omNode-2#33:OK,SUCCESS,nextIndex:9,term:1,followerCommit:7
2020-07-09 05:29:37,660 [grpc-default-executor-5] DEBUG server.GrpcLogAppender (GrpcLogAppender.java:onNext(257)) - omNode-1@group-523986131536->omNode-2-AppendLogResponseHandler: received a reply omNode-1<-omNode-2#33:OK,SUCCESS,nextIndex:9,term:1,followerCommit:7, request=AppendEntriesRequest:cid=33,entriesCount=1,lastEntry=(t:1, i:8)
2020-07-09 05:29:37,665 [Thread-2235] DEBUG impl.RaftServerImpl (RaftServerImpl.java:logAppendEntries(928)) - omNode-3@group-523986131536: succeeded to handle AppendEntries. Reply: omNode-1<-omNode-3#33:OK,SUCCESS,nextIndex:9,term:1,followerCommit:7
2020-07-09 05:29:37,666 [grpc-default-executor-5] DEBUG server.GrpcLogAppender (GrpcLogAppender.java:onNext(257)) - omNode-1@group-523986131536->omNode-3-AppendLogResponseHandler: received a reply omNode-1<-omNode-3#33:OK,SUCCESS,nextIndex:9,term:1,followerCommit:7, request=AppendEntriesRequest:cid=33,entriesCount=1,lastEntry=(t:1, i:8)
2020-07-09 05:29:37,687 [IPC Server handler 12 on default port 10884] DEBUG impl.RaftServerImpl (RaftServerImpl.java:submitClientRequestAsync(575)) - omNode-1@group-523986131536: receive client request(RaftClientRequest:client-DFBA4D3286B7->omNode-1@group-523986131536, cid=128, seq=0, RW, Message:084812001a13636c6965...(size=546))
2020-07-09 05:29:37,688 [IPC Server handler 12 on default port 10884] DEBUG impl.RaftServerImpl (LeaderState.java:addPendingRequest(335)) - omNode-1@group-523986131536-LeaderState: addPendingRequest at RaftClientRequest:client-DFBA4D3286B7->omNode-1@group-523986131536, cid=128, seq=0, RW, Message:084812001a13636c6965...(size=546), entry=(t:1, i:9), STATEMACHINELOGENTRY, client-DFBA4D3286B7, cid=128
2020-07-09 05:29:37,688 [grpc-default-executor-5] DEBUG impl.RaftServerImpl (RaftServerImpl.java:logAppendEntries(928)) - omNode-2@group-523986131536: receive appendEntries(omNode-1, 1, (t:1, i:8), 8, false, commits[omNode-1:c8, omNode-3:c7, omNode-2:c7], entries: (t:1, i:9), STATEMACHINELOGENTRY, client-DFBA4D3286B7, cid=128
2020-07-09 05:29:37,689 [grpc-default-executor-2] DEBUG impl.RaftServerImpl (RaftServerImpl.java:logAppendEntries(928)) - omNode-3@group-523986131536: receive appendEntries(omNode-1, 1, (t:1, i:8), 8, false, commits[omNode-1:c8, omNode-3:c7, omNode-2:c7], entries: (t:1, i:9), STATEMACHINELOGENTRY, client-DFBA4D3286B7, cid=128
2020-07-09 05:29:37,690 [Thread-2237] DEBUG impl.RaftServerImpl (RaftServerImpl.java:logAppendEntries(928)) - omNode-2@group-523986131536: succeeded to handle AppendEntries. Reply: omNode-1<-omNode-2#34:OK,SUCCESS,nextIndex:10,term:1,followerCommit:8
2020-07-09 05:29:37,690 [Thread-2238] DEBUG impl.RaftServerImpl (RaftServerImpl.java:logAppendEntries(928)) - omNode-3@group-523986131536: succeeded to handle AppendEntries. Reply: omNode-1<-omNode-3#34:OK,SUCCESS,nextIndex:10,term:1,followerCommit:8
2020-07-09 05:29:37,690 [grpc-default-executor-2] DEBUG server.GrpcLogAppender (GrpcLogAppender.java:onNext(257)) - omNode-1@group-523986131536->omNode-3-AppendLogResponseHandler: received a reply omNode-1<-omNode-3#34:OK,SUCCESS,nextIndex:10,term:1,followerCommit:8, request=AppendEntriesRequest:cid=34,entriesCount=1,lastEntry=(t:1, i:9)
2020-07-09 05:29:37,690 [grpc-default-executor-5] DEBUG server.GrpcLogAppender (GrpcLogAppender.java:onNext(257)) - omNode-1@group-523986131536->omNode-2-AppendLogResponseHandler: received a reply omNode-1<-omNode-2#34:OK,SUCCESS,nextIndex:10,term:1,followerCommit:8, request=AppendEntriesRequest:cid=34,entriesCount=1,lastEntry=(t:1, i:9)
2020-07-09 05:29:37,691 [grpc-default-executor-5] DEBUG impl.RaftServerImpl (RaftServerImpl.java:logAppendEntries(928)) - omNode-2@group-523986131536: receive appendEntries(omNode-1, 1, (t:1, i:9), 9, false, commits[omNode-1:c9, omNode-3:c8, omNode-2:c8], entries: (t:1, i:10), METADATAENTRY(c:9)
2020-07-09 05:29:37,692 [grpc-default-executor-2] DEBUG impl.RaftServerImpl (RaftServerImpl.java:logAppendEntries(928)) - omNode-3@group-523986131536: receive appendEntries(omNode-1, 1, (t:1, i:9), 9, false, commits[omNode-1:c9, omNode-3:c8, omNode-2:c8], entries: (t:1, i:10), METADATAENTRY(c:9)
2020-07-09 05:29:37,694 [Thread-2239] DEBUG impl.RaftServerImpl (RaftServerImpl.java:logAppendEntries(928)) - omNode-2@group-523986131536: succeeded to handle AppendEntries. Reply: omNode-1<-omNode-2#35:OK,SUCCESS,nextIndex:11,term:1,followerCommit:9
2020-07-09 05:29:37,694 [grpc-default-executor-5] DEBUG server.GrpcLogAppender (GrpcLogAppender.java:onNext(257)) - omNode-1@group-523986131536->omNode-2-AppendLogResponseHandler: received a reply omNode-1<-omNode-2#35:OK,SUCCESS,nextIndex:11,term:1,followerCommit:9, request=AppendEntriesRequest:cid=35,entriesCount=1,lastEntry=(t:1, i:10)
2020-07-09 05:29:37,701 [grpc-default-executor-5] DEBUG impl.RaftServerImpl (RaftServerImpl.java:submitClientRequestAsync(575)) - 1133bb81-482b-43be-b880-374c9d80236f@group-EFCE6EED3C35: receive client request(RaftClientRequest:client-1302EB0931D8->1133bb81-482b-43be-b880-374c9d80236f@group-EFCE6EED3C35, cid=32, seq=1*, Watch(0), Message:<EMPTY>)
2020-07-09 05:29:37,701 [grpc-default-executor-5] DEBUG impl.RaftServerImpl (LeaderState.java:addWatchReqeust(353)) - 1133bb81-482b-43be-b880-374c9d80236f@group-EFCE6EED3C35-LeaderState: addWatchRequest RaftClientRequest:client-1302EB0931D8->1133bb81-482b-43be-b880-374c9d80236f@group-EFCE6EED3C35, cid=32, seq=1*, Watch(0), Message:<EMPTY>
2020-07-09 05:29:37,702 [Thread-2240] DEBUG impl.RaftServerImpl (RaftServerImpl.java:logAppendEntries(928)) - omNode-3@group-523986131536: succeeded to handle AppendEntries. Reply: omNode-1<-omNode-3#35:OK,SUCCESS,nextIndex:11,term:1,followerCommit:9
2020-07-09 05:29:37,703 [grpc-default-executor-2] DEBUG server.GrpcLogAppender (GrpcLogAppender.java:onNext(257)) - omNode-1@group-523986131536->omNode-3-AppendLogResponseHandler: received a reply omNode-1<-omNode-3#35:OK,SUCCESS,nextIndex:11,term:1,followerCommit:9, request=AppendEntriesRequest:cid=35,entriesCount=1,lastEntry=(t:1, i:10)
2020-07-09 05:29:37,710 [grpc-default-executor-5] DEBUG impl.RaftServerImpl (RaftServerImpl.java:submitClientRequestAsync(575)) - 1133bb81-482b-43be-b880-374c9d80236f@group-EFCE6EED3C35: receive client request(RaftClientRequest:client-1302EB0931D8->1133bb81-482b-43be-b880-374c9d80236f@group-EFCE6EED3C35, cid=33, seq=2, RW, Message:0000006f080c12001802...(size=126))
2020-07-09 05:29:37,711 [grpc-default-executor-5] DEBUG impl.RaftServerImpl (LeaderState.java:addPendingRequest(335)) - 1133bb81-482b-43be-b880-374c9d80236f@group-EFCE6EED3C35-LeaderState: addPendingRequest at RaftClientRequest:client-1302EB0931D8->1133bb81-482b-43be-b880-374c9d80236f@group-EFCE6EED3C35, cid=33, seq=2, RW, Message:0000006f080c12001802...(size=126), entry=(t:1, i:1), STATEMACHINELOGENTRY, client-1302EB0931D8, cid=33
2020-07-09 05:29:37,711 [grpc-default-executor-5] DEBUG impl.RaftServerImpl (RaftServerImpl.java:submitClientRequestAsync(575)) - 1133bb81-482b-43be-b880-374c9d80236f@group-EFCE6EED3C35: receive client request(RaftClientRequest:client-1302EB0931D8->1133bb81-482b-43be-b880-374c9d80236f@group-EFCE6EED3C35, cid=34, seq=3, RW, Message:0000007f080612001802...(size=131))
2020-07-09 05:29:37,714 [grpc-default-executor-5] DEBUG impl.RaftServerImpl (LeaderState.java:addPendingRequest(335)) - 1133bb81-482b-43be-b880-374c9d80236f@group-EFCE6EED3C35-LeaderState: addPendingRequest at RaftClientRequest:client-1302EB0931D8->1133bb81-482b-43be-b880-374c9d80236f@group-EFCE6EED3C35, cid=34, seq=3, RW, Message:0000007f080612001802...(size=131), entry=(t:1, i:2), STATEMACHINELOGENTRY, client-1302EB0931D8, cid=34
2020-07-09 05:29:37,735 [IPC Server handler 9 on default port 10884] DEBUG impl.RaftServerImpl (RaftServerImpl.java:submitClientRequestAsync(575)) - omNode-1@group-523986131536: receive client request(RaftClientRequest:client-DFBA4D3286B7->omNode-1@group-523986131536, cid=129, seq=0, RW, Message:082412001a13636c6965...(size=495))
2020-07-09 05:29:37,737 [IPC Server handler 9 on default port 10884] DEBUG impl.RaftServerImpl (LeaderState.java:addPendingRequest(335)) - omNode-1@group-523986131536-LeaderState: addPendingRequest at RaftClientRequest:client-DFBA4D3286B7->omNode-1@group-523986131536, cid=129, seq=0, RW, Message:082412001a13636c6965...(size=495), entry=(t:1, i:11), STATEMACHINELOGENTRY, client-DFBA4D3286B7, cid=129
2020-07-09 05:29:37,738 [grpc-default-executor-5] DEBUG impl.RaftServerImpl (RaftServerImpl.java:logAppendEntries(928)) - omNode-3@group-523986131536: receive appendEntries(omNode-1, 1, (t:1, i:10), 10, false, commits[omNode-1:c10, omNode-3:c9, omNode-2:c9], entries: (t:1, i:11), STATEMACHINELOGENTRY, client-DFBA4D3286B7, cid=129
2020-07-09 05:29:37,738 [grpc-default-executor-2] DEBUG impl.RaftServerImpl (RaftServerImpl.java:logAppendEntries(928)) - omNode-2@group-523986131536: receive appendEntries(omNode-1, 1, (t:1, i:10), 10, false, commits[omNode-1:c10, omNode-3:c9, omNode-2:c9], entries: (t:1, i:11), STATEMACHINELOGENTRY, client-DFBA4D3286B7, cid=129
2020-07-09 05:29:37,739 [Thread-2245] DEBUG impl.RaftServerImpl (RaftServerImpl.java:logAppendEntries(928)) - omNode-3@group-523986131536: succeeded to handle AppendEntries. Reply: omNode-1<-omNode-3#36:OK,SUCCESS,nextIndex:12,term:1,followerCommit:10
2020-07-09 05:29:37,739 [grpc-default-executor-2] DEBUG server.GrpcLogAppender (GrpcLogAppender.java:onNext(257)) - omNode-1@group-523986131536->omNode-3-AppendLogResponseHandler: received a reply omNode-1<-omNode-3#36:OK,SUCCESS,nextIndex:12,term:1,followerCommit:10, request=AppendEntriesRequest:cid=36,entriesCount=1,lastEntry=(t:1, i:11)
2020-07-09 05:29:37,740 [grpc-default-executor-2] DEBUG impl.RaftServerImpl (RaftServerImpl.java:logAppendEntries(928)) - omNode-2@group-523986131536: receive appendEntries(omNode-1, 1, (t:1, i:11), 11, false, commits[omNode-1:c11, omNode-3:c10, omNode-2:c9], entries: (t:1, i:12), METADATAENTRY(c:11)
2020-07-09 05:29:37,741 [grpc-default-executor-5] DEBUG impl.RaftServerImpl (RaftServerImpl.java:logAppendEntries(928)) - omNode-3@group-523986131536: receive appendEntries(omNode-1, 1, (t:1, i:11), 11, false, commits[omNode-1:c11, omNode-3:c10, omNode-2:c9], entries: (t:1, i:12), METADATAENTRY(c:11)
2020-07-09 05:29:37,741 [Thread-2246] DEBUG impl.RaftServerImpl (RaftServerImpl.java:logAppendEntries(928)) - omNode-2@group-523986131536: succeeded to handle AppendEntries. Reply: omNode-1<-omNode-2#36:OK,SUCCESS,nextIndex:12,term:1,followerCommit:10
2020-07-09 05:29:37,742 [grpc-default-executor-5] DEBUG server.GrpcLogAppender (GrpcLogAppender.java:onNext(257)) - omNode-1@group-523986131536->omNode-2-AppendLogResponseHandler: received a reply omNode-1<-omNode-2#36:OK,SUCCESS,nextIndex:12,term:1,followerCommit:10, request=AppendEntriesRequest:cid=36,entriesCount=1,lastEntry=(t:1, i:11)
2020-07-09 05:29:37,746 [Thread-2247] DEBUG impl.RaftServerImpl (RaftServerImpl.java:logAppendEntries(928)) - omNode-2@group-523986131536: succeeded to handle AppendEntries. Reply: omNode-1<-omNode-2#37:OK,SUCCESS,nextIndex:13,term:1,followerCommit:11
2020-07-09 05:29:37,747 [grpc-default-executor-5] DEBUG server.GrpcLogAppender (GrpcLogAppender.java:onNext(257)) - omNode-1@group-523986131536->omNode-2-AppendLogResponseHandler: received a reply omNode-1<-omNode-2#37:OK,SUCCESS,nextIndex:13,term:1,followerCommit:11, request=AppendEntriesRequest:cid=37,entriesCount=1,lastEntry=(t:1, i:12)
2020-07-09 05:29:37,751 [Thread-2248] DEBUG impl.RaftServerImpl (RaftServerImpl.java:logAppendEntries(928)) - omNode-3@group-523986131536: succeeded to handle AppendEntries. Reply: omNode-1<-omNode-3#37:OK,SUCCESS,nextIndex:13,term:1,followerCommit:11
2020-07-09 05:29:37,751 [grpc-default-executor-5] DEBUG server.GrpcLogAppender (GrpcLogAppender.java:onNext(257)) - omNode-1@group-523986131536->omNode-3-AppendLogResponseHandler: received a reply omNode-1<-omNode-3#37:OK,SUCCESS,nextIndex:13,term:1,followerCommit:11, request=AppendEntriesRequest:cid=37,entriesCount=1,lastEntry=(t:1, i:12)
2020-07-09 05:29:37,767 [IPC Server handler 14 on default port 10884] DEBUG impl.RaftServerImpl (RaftServerImpl.java:submitClientRequestAsync(575)) - omNode-1@group-523986131536: receive client request(RaftClientRequest:client-DFBA4D3286B7->omNode-1@group-523986131536, cid=130, seq=0, RW, Message:084812001a13636c6965...(size=546))
2020-07-09 05:29:37,767 [IPC Server handler 14 on default port 10884] DEBUG impl.RaftServerImpl (LeaderState.java:addPendingRequest(335)) - omNode-1@group-523986131536-LeaderState: addPendingRequest at RaftClientRequest:client-DFBA4D3286B7->omNode-1@group-523986131536, cid=130, seq=0, RW, Message:084812001a13636c6965...(size=546), entry=(t:1, i:13), STATEMACHINELOGENTRY, client-DFBA4D3286B7, cid=130
2020-07-09 05:29:37,768 [grpc-default-executor-5] DEBUG impl.RaftServerImpl (RaftServerImpl.java:logAppendEntries(928)) - omNode-3@group-523986131536: receive appendEntries(omNode-1, 1, (t:1, i:12), 12, false, commits[omNode-1:c12, omNode-3:c11, omNode-2:c11], entries: (t:1, i:13), STATEMACHINELOGENTRY, client-DFBA4D3286B7, cid=130
2020-07-09 05:29:37,769 [grpc-default-executor-5] DEBUG impl.RaftServerImpl (RaftServerImpl.java:logAppendEntries(928)) - omNode-2@group-523986131536: receive appendEntries(omNode-1, 1, (t:1, i:12), 12, false, commits[omNode-1:c12, omNode-3:c11, omNode-2:c11], entries: (t:1, i:13), STATEMACHINELOGENTRY, client-DFBA4D3286B7, cid=130
2020-07-09 05:29:37,771 [Thread-2249] DEBUG impl.RaftServerImpl (RaftServerImpl.java:logAppendEntries(928)) - omNode-3@group-523986131536: succeeded to handle AppendEntries. Reply: omNode-1<-omNode-3#38:OK,SUCCESS,nextIndex:14,term:1,followerCommit:12
2020-07-09 05:29:37,771 [grpc-default-executor-5] DEBUG server.GrpcLogAppender (GrpcLogAppender.java:onNext(257)) - omNode-1@group-523986131536->omNode-3-AppendLogResponseHandler: received a reply omNode-1<-omNode-3#38:OK,SUCCESS,nextIndex:14,term:1,followerCommit:12, request=AppendEntriesRequest:cid=38,entriesCount=1,lastEntry=(t:1, i:13)
2020-07-09 05:29:37,772 [grpc-default-executor-2] DEBUG impl.RaftServerImpl (RaftServerImpl.java:logAppendEntries(928)) - omNode-3@group-523986131536: receive appendEntries(omNode-1, 1, (t:1, i:13), 13, false, commits[omNode-1:c13, omNode-3:c12, omNode-2:c11], entries: (t:1, i:14), METADATAENTRY(c:13)
2020-07-09 05:29:37,773 [grpc-default-executor-5] DEBUG impl.RaftServerImpl (RaftServerImpl.java:logAppendEntries(928)) - omNode-2@group-523986131536: receive appendEntries(omNode-1, 1, (t:1, i:13), 13, false, commits[omNode-1:c13, omNode-3:c12, omNode-2:c11], entries: (t:1, i:14), METADATAENTRY(c:13)
2020-07-09 05:29:37,775 [grpc-default-executor-5] DEBUG impl.RaftServerImpl (RaftServerImpl.java:submitClientRequestAsync(575)) - 4309c1dc-11ba-4b32-9c48-fa0a859b84ea@group-E1635B2ABB5F: receive client request(RaftClientRequest:client-63E7BC55D44C->4309c1dc-11ba-4b32-9c48-fa0a859b84ea@group-E1635B2ABB5F, cid=35, seq=4, RW, Message:0000006f080c12001803...(size=126))
2020-07-09 05:29:37,782 [grpc-default-executor-5] DEBUG impl.RaftServerImpl (LeaderState.java:addPendingRequest(335)) - 4309c1dc-11ba-4b32-9c48-fa0a859b84ea@group-E1635B2ABB5F-LeaderState: addPendingRequest at RaftClientRequest:client-63E7BC55D44C->4309c1dc-11ba-4b32-9c48-fa0a859b84ea@group-E1635B2ABB5F, cid=35, seq=4, RW, Message:0000006f080c12001803...(size=126), entry=(t:1, i:4), STATEMACHINELOGENTRY, client-63E7BC55D44C, cid=35
2020-07-09 05:29:37,782 [grpc-default-executor-5] DEBUG impl.RaftServerImpl (RaftServerImpl.java:submitClientRequestAsync(575)) - 4309c1dc-11ba-4b32-9c48-fa0a859b84ea@group-E1635B2ABB5F: receive client request(RaftClientRequest:client-63E7BC55D44C->4309c1dc-11ba-4b32-9c48-fa0a859b84ea@group-E1635B2ABB5F, cid=36, seq=5, RW, Message:0000007f080612001803...(size=131))
2020-07-09 05:29:37,782 [grpc-default-executor-5] DEBUG impl.RaftServerImpl (LeaderState.java:addPendingRequest(335)) - 4309c1dc-11ba-4b32-9c48-fa0a859b84ea@group-E1635B2ABB5F-LeaderState: addPendingRequest at RaftClientRequest:client-63E7BC55D44C->4309c1dc-11ba-4b32-9c48-fa0a859b84ea@group-E1635B2ABB5F, cid=36, seq=5, RW, Message:0000007f080612001803...(size=131), entry=(t:1, i:5), STATEMACHINELOGENTRY, client-63E7BC55D44C, cid=36
2020-07-09 05:29:37,783 [Thread-2250] DEBUG impl.RaftServerImpl (RaftServerImpl.java:logAppendEntries(928)) - omNode-2@group-523986131536: succeeded to handle AppendEntries. Reply: omNode-1<-omNode-2#38:OK,SUCCESS,nextIndex:14,term:1,followerCommit:12
2020-07-09 05:29:37,784 [grpc-default-executor-5] DEBUG server.GrpcLogAppender (GrpcLogAppender.java:onNext(257)) - omNode-1@group-523986131536->omNode-2-AppendLogResponseHandler: received a reply omNode-1<-omNode-2#38:OK,SUCCESS,nextIndex:14,term:1,followerCommit:12, request=AppendEntriesRequest:cid=38,entriesCount=1,lastEntry=(t:1, i:13)
2020-07-09 05:29:37,786 [Thread-2251] DEBUG impl.RaftServerImpl (RaftServerImpl.java:logAppendEntries(928)) - omNode-3@group-523986131536: succeeded to handle AppendEntries. Reply: omNode-1<-omNode-3#39:OK,SUCCESS,nextIndex:15,term:1,followerCommit:13
2020-07-09 05:29:37,787 [grpc-default-executor-5] DEBUG server.GrpcLogAppender (GrpcLogAppender.java:onNext(257)) - omNode-1@group-523986131536->omNode-3-AppendLogResponseHandler: received a reply omNode-1<-omNode-3#39:OK,SUCCESS,nextIndex:15,term:1,followerCommit:13, request=AppendEntriesRequest:cid=39,entriesCount=1,lastEntry=(t:1, i:14)
2020-07-09 05:29:37,789 [Thread-2252] DEBUG impl.RaftServerImpl (RaftServerImpl.java:logAppendEntries(928)) - omNode-2@group-523986131536: succeeded to handle AppendEntries. Reply: omNode-1<-omNode-2#39:OK,SUCCESS,nextIndex:15,term:1,followerCommit:13
2020-07-09 05:29:37,790 [grpc-default-executor-5] DEBUG server.GrpcLogAppender (GrpcLogAppender.java:onNext(257)) - omNode-1@group-523986131536->omNode-2-AppendLogResponseHandler: received a reply omNode-1<-omNode-2#39:OK,SUCCESS,nextIndex:15,term:1,followerCommit:13, request=AppendEntriesRequest:cid=39,entriesCount=1,lastEntry=(t:1, i:14)
2020-07-09 05:29:37,806 [IPC Server handler 15 on default port 10884] DEBUG impl.RaftServerImpl (RaftServerImpl.java:submitClientRequestAsync(575)) - omNode-1@group-523986131536: receive client request(RaftClientRequest:client-DFBA4D3286B7->omNode-1@group-523986131536, cid=131, seq=0, RW, Message:082412001a13636c6965...(size=495))
2020-07-09 05:29:37,806 [IPC Server handler 15 on default port 10884] DEBUG impl.RaftServerImpl (LeaderState.java:addPendingRequest(335)) - omNode-1@group-523986131536-LeaderState: addPendingRequest at RaftClientRequest:client-DFBA4D3286B7->omNode-1@group-523986131536, cid=131, seq=0, RW, Message:082412001a13636c6965...(size=495), entry=(t:1, i:15), STATEMACHINELOGENTRY, client-DFBA4D3286B7, cid=131
2020-07-09 05:29:37,807 [grpc-default-executor-2] DEBUG impl.RaftServerImpl (RaftServerImpl.java:logAppendEntries(928)) - omNode-2@group-523986131536: receive appendEntries(omNode-1, 1, (t:1, i:14), 14, false, commits[omNode-1:c14, omNode-3:c13, omNode-2:c13], entries: (t:1, i:15), STATEMACHINELOGENTRY, client-DFBA4D3286B7, cid=131
2020-07-09 05:29:37,807 [grpc-default-executor-5] DEBUG impl.RaftServerImpl (RaftServerImpl.java:logAppendEntries(928)) - omNode-3@group-523986131536: receive appendEntries(omNode-1, 1, (t:1, i:14), 14, false, commits[omNode-1:c14, omNode-3:c13, omNode-2:c13], entries: (t:1, i:15), STATEMACHINELOGENTRY, client-DFBA4D3286B7, cid=131
2020-07-09 05:29:37,808 [Thread-2256] DEBUG impl.RaftServerImpl (RaftServerImpl.java:logAppendEntries(928)) - omNode-2@group-523986131536: succeeded to handle AppendEntries. Reply: omNode-1<-omNode-2#40:OK,SUCCESS,nextIndex:16,term:1,followerCommit:14
2020-07-09 05:29:37,809 [grpc-default-executor-5] DEBUG server.GrpcLogAppender (GrpcLogAppender.java:onNext(257)) - omNode-1@group-523986131536->omNode-2-AppendLogResponseHandler: received a reply omNode-1<-omNode-2#40:OK,SUCCESS,nextIndex:16,term:1,followerCommit:14, request=AppendEntriesRequest:cid=40,entriesCount=1,lastEntry=(t:1, i:15)
2020-07-09 05:29:37,810 [Thread-2257] DEBUG impl.RaftServerImpl (RaftServerImpl.java:logAppendEntries(928)) - omNode-3@group-523986131536: succeeded to handle AppendEntries. Reply: omNode-1<-omNode-3#40:OK,SUCCESS,nextIndex:16,term:1,followerCommit:14
2020-07-09 05:29:37,810 [grpc-default-executor-5] DEBUG server.GrpcLogAppender (GrpcLogAppender.java:onNext(257)) - omNode-1@group-523986131536->omNode-3-AppendLogResponseHandler: received a reply omNode-1<-omNode-3#40:OK,SUCCESS,nextIndex:16,term:1,followerCommit:14, request=AppendEntriesRequest:cid=40,entriesCount=1,lastEntry=(t:1, i:15)
2020-07-09 05:29:37,811 [grpc-default-executor-2] DEBUG impl.RaftServerImpl (RaftServerImpl.java:logAppendEntries(928)) - omNode-3@group-523986131536: receive appendEntries(omNode-1, 1, (t:1, i:15), 15, false, commits[omNode-1:c15, omNode-3:c14, omNode-2:c14], entries: (t:1, i:16), METADATAENTRY(c:15)
2020-07-09 05:29:37,811 [grpc-default-executor-5] DEBUG impl.RaftServerImpl (RaftServerImpl.java:logAppendEntries(928)) - omNode-2@group-523986131536: receive appendEntries(omNode-1, 1, (t:1, i:15), 15, false, commits[omNode-1:c15, omNode-3:c14, omNode-2:c14], entries: (t:1, i:16), METADATAENTRY(c:15)
2020-07-09 05:29:37,818 [Thread-2258] DEBUG impl.RaftServerImpl (RaftServerImpl.java:logAppendEntries(928)) - omNode-3@group-523986131536: succeeded to handle AppendEntries. Reply: omNode-1<-omNode-3#41:OK,SUCCESS,nextIndex:17,term:1,followerCommit:15
2020-07-09 05:29:37,818 [grpc-default-executor-5] DEBUG server.GrpcLogAppender (GrpcLogAppender.java:onNext(257)) - omNode-1@group-523986131536->omNode-3-AppendLogResponseHandler: received a reply omNode-1<-omNode-3#41:OK,SUCCESS,nextIndex:17,term:1,followerCommit:15, request=AppendEntriesRequest:cid=41,entriesCount=1,lastEntry=(t:1, i:16)
2020-07-09 05:29:37,820 [Thread-2259] DEBUG impl.RaftServerImpl (RaftServerImpl.java:logAppendEntries(928)) - omNode-2@group-523986131536: succeeded to handle AppendEntries. Reply: omNode-1<-omNode-2#41:OK,SUCCESS,nextIndex:17,term:1,followerCommit:15
2020-07-09 05:29:37,821 [grpc-default-executor-5] DEBUG server.GrpcLogAppender (GrpcLogAppender.java:onNext(257)) - omNode-1@group-523986131536->omNode-2-AppendLogResponseHandler: received a reply omNode-1<-omNode-2#41:OK,SUCCESS,nextIndex:17,term:1,followerCommit:15, request=AppendEntriesRequest:cid=41,entriesCount=1,lastEntry=(t:1, i:16)
2020-07-09 05:29:37,831 [IPC Server handler 19 on default port 10884] DEBUG impl.RaftServerImpl (RaftServerImpl.java:submitClientRequestAsync(575)) - omNode-1@group-523986131536: receive client request(RaftClientRequest:client-DFBA4D3286B7->omNode-1@group-523986131536, cid=132, seq=0, RW, Message:084812001a13636c6965...(size=546))
2020-07-09 05:29:37,831 [IPC Server handler 19 on default port 10884] DEBUG impl.RaftServerImpl (LeaderState.java:addPendingRequest(335)) - omNode-1@group-523986131536-LeaderState: addPendingRequest at RaftClientRequest:client-DFBA4D3286B7->omNode-1@group-523986131536, cid=132, seq=0, RW, Message:084812001a13636c6965...(size=546), entry=(t:1, i:17), STATEMACHINELOGENTRY, client-DFBA4D3286B7, cid=132
2020-07-09 05:29:37,832 [grpc-default-executor-5] DEBUG impl.RaftServerImpl (RaftServerImpl.java:logAppendEntries(928)) - omNode-3@group-523986131536: receive appendEntries(omNode-1, 1, (t:1, i:16), 16, false, commits[omNode-1:c16, omNode-3:c15, omNode-2:c15], entries: (t:1, i:17), STATEMACHINELOGENTRY, client-DFBA4D3286B7, cid=132
2020-07-09 05:29:37,832 [grpc-default-executor-2] DEBUG impl.RaftServerImpl (RaftServerImpl.java:logAppendEntries(928)) - omNode-2@group-523986131536: receive appendEntries(omNode-1, 1, (t:1, i:16), 16, false, commits[omNode-1:c16, omNode-3:c15, omNode-2:c15], entries: (t:1, i:17), STATEMACHINELOGENTRY, client-DFBA4D3286B7, cid=132
2020-07-09 05:29:37,840 [Thread-2260] DEBUG impl.RaftServerImpl (RaftServerImpl.java:logAppendEntries(928)) - omNode-3@group-523986131536: succeeded to handle AppendEntries. Reply: omNode-1<-omNode-3#42:OK,SUCCESS,nextIndex:18,term:1,followerCommit:16
2020-07-09 05:29:37,841 [grpc-default-executor-2] DEBUG server.GrpcLogAppender (GrpcLogAppender.java:onNext(257)) - omNode-1@group-523986131536->omNode-3-AppendLogResponseHandler: received a reply omNode-1<-omNode-3#42:OK,SUCCESS,nextIndex:18,term:1,followerCommit:16, request=AppendEntriesRequest:cid=42,entriesCount=1,lastEntry=(t:1, i:17)
2020-07-09 05:29:37,843 [grpc-default-executor-2] DEBUG impl.RaftServerImpl (RaftServerImpl.java:logAppendEntries(928)) - omNode-3@group-523986131536: receive appendEntries(omNode-1, 1, (t:1, i:17), 17, false, commits[omNode-1:c17, omNode-3:c16, omNode-2:c15], entries: (t:1, i:18), METADATAENTRY(c:17)
2020-07-09 05:29:37,844 [grpc-default-executor-2] DEBUG impl.RaftServerImpl (RaftServerImpl.java:logAppendEntries(928)) - omNode-2@group-523986131536: receive appendEntries(omNode-1, 1, (t:1, i:17), 17, false, commits[omNode-1:c17, omNode-3:c16, omNode-2:c15], entries: (t:1, i:18), METADATAENTRY(c:17)
2020-07-09 05:29:37,846 [grpc-default-executor-2] DEBUG impl.RaftServerImpl (RaftServerImpl.java:submitClientRequestAsync(575)) - 1133bb81-482b-43be-b880-374c9d80236f@group-EFCE6EED3C35: receive client request(RaftClientRequest:client-1302EB0931D8->1133bb81-482b-43be-b880-374c9d80236f@group-EFCE6EED3C35, cid=37, seq=4, RW, Message:0000006f080c12001804...(size=126))
2020-07-09 05:29:37,854 [Thread-2261] DEBUG impl.RaftServerImpl (RaftServerImpl.java:logAppendEntries(928)) - omNode-2@group-523986131536: succeeded to handle AppendEntries. Reply: omNode-1<-omNode-2#42:OK,SUCCESS,nextIndex:18,term:1,followerCommit:16
2020-07-09 05:29:37,854 [grpc-default-executor-2] DEBUG impl.RaftServerImpl (LeaderState.java:addPendingRequest(335)) - 1133bb81-482b-43be-b880-374c9d80236f@group-EFCE6EED3C35-LeaderState: addPendingRequest at RaftClientRequest:client-1302EB0931D8->1133bb81-482b-43be-b880-374c9d80236f@group-EFCE6EED3C35, cid=37, seq=4, RW, Message:0000006f080c12001804...(size=126), entry=(t:1, i:4), STATEMACHINELOGENTRY, client-1302EB0931D8, cid=37
2020-07-09 05:29:37,854 [grpc-default-executor-2] DEBUG impl.RaftServerImpl (RaftServerImpl.java:submitClientRequestAsync(575)) - 1133bb81-482b-43be-b880-374c9d80236f@group-EFCE6EED3C35: receive client request(RaftClientRequest:client-1302EB0931D8->1133bb81-482b-43be-b880-374c9d80236f@group-EFCE6EED3C35, cid=38, seq=5, RW, Message:0000007f080612001804...(size=131))
2020-07-09 05:29:37,855 [grpc-default-executor-2] DEBUG impl.RaftServerImpl (LeaderState.java:addPendingRequest(335)) - 1133bb81-482b-43be-b880-374c9d80236f@group-EFCE6EED3C35-LeaderState: addPendingRequest at RaftClientRequest:client-1302EB0931D8->1133bb81-482b-43be-b880-374c9d80236f@group-EFCE6EED3C35, cid=38, seq=5, RW, Message:0000007f080612001804...(size=131), entry=(t:1, i:5), STATEMACHINELOGENTRY, client-1302EB0931D8, cid=38
2020-07-09 05:29:37,855 [grpc-default-executor-2] DEBUG server.GrpcLogAppender (GrpcLogAppender.java:onNext(257)) - omNode-1@group-523986131536->omNode-2-AppendLogResponseHandler: received a reply omNode-1<-omNode-2#42:OK,SUCCESS,nextIndex:18,term:1,followerCommit:16, request=AppendEntriesRequest:cid=42,entriesCount=1,lastEntry=(t:1, i:17)
2020-07-09 05:29:37,857 [Thread-2263] DEBUG impl.RaftServerImpl (RaftServerImpl.java:logAppendEntries(928)) - omNode-2@group-523986131536: succeeded to handle AppendEntries. Reply: omNode-1<-omNode-2#43:OK,SUCCESS,nextIndex:19,term:1,followerCommit:17
2020-07-09 05:29:37,858 [grpc-default-executor-2] DEBUG server.GrpcLogAppender (GrpcLogAppender.java:onNext(257)) - omNode-1@group-523986131536->omNode-2-AppendLogResponseHandler: received a reply omNode-1<-omNode-2#43:OK,SUCCESS,nextIndex:19,term:1,followerCommit:17, request=AppendEntriesRequest:cid=43,entriesCount=1,lastEntry=(t:1, i:18)
2020-07-09 05:29:37,858 [Thread-2262] DEBUG impl.RaftServerImpl (RaftServerImpl.java:logAppendEntries(928)) - omNode-3@group-523986131536: succeeded to handle AppendEntries. Reply: omNode-1<-omNode-3#43:OK,SUCCESS,nextIndex:19,term:1,followerCommit:17
2020-07-09 05:29:37,859 [grpc-default-executor-2] DEBUG server.GrpcLogAppender (GrpcLogAppender.java:onNext(257)) - omNode-1@group-523986131536->omNode-3-AppendLogResponseHandler: received a reply omNode-1<-omNode-3#43:OK,SUCCESS,nextIndex:19,term:1,followerCommit:17, request=AppendEntriesRequest:cid=43,entriesCount=1,lastEntry=(t:1, i:18)
2020-07-09 05:29:37,875 [IPC Server handler 17 on default port 10884] DEBUG impl.RaftServerImpl (RaftServerImpl.java:submitClientRequestAsync(575)) - omNode-1@group-523986131536: receive client request(RaftClientRequest:client-DFBA4D3286B7->omNode-1@group-523986131536, cid=133, seq=0, RW, Message:082412001a13636c6965...(size=495))
2020-07-09 05:29:37,875 [IPC Server handler 17 on default port 10884] DEBUG impl.RaftServerImpl (LeaderState.java:addPendingRequest(335)) - omNode-1@group-523986131536-LeaderState: addPendingRequest at RaftClientRequest:client-DFBA4D3286B7->omNode-1@group-523986131536, cid=133, seq=0, RW, Message:082412001a13636c6965...(size=495), entry=(t:1, i:19), STATEMACHINELOGENTRY, client-DFBA4D3286B7, cid=133
2020-07-09 05:29:37,876 [grpc-default-executor-2] DEBUG impl.RaftServerImpl (RaftServerImpl.java:logAppendEntries(928)) - omNode-3@group-523986131536: receive appendEntries(omNode-1, 1, (t:1, i:18), 18, false, commits[omNode-1:c18, omNode-3:c17, omNode-2:c17], entries: (t:1, i:19), STATEMACHINELOGENTRY, client-DFBA4D3286B7, cid=133
2020-07-09 05:29:37,876 [grpc-default-executor-5] DEBUG impl.RaftServerImpl (RaftServerImpl.java:logAppendEntries(928)) - omNode-2@group-523986131536: receive appendEntries(omNode-1, 1, (t:1, i:18), 18, false, commits[omNode-1:c18, omNode-3:c17, omNode-2:c17], entries: (t:1, i:19), STATEMACHINELOGENTRY, client-DFBA4D3286B7, cid=133
2020-07-09 05:29:37,878 [Thread-2267] DEBUG impl.RaftServerImpl (RaftServerImpl.java:logAppendEntries(928)) - omNode-3@group-523986131536: succeeded to handle AppendEntries. Reply: omNode-1<-omNode-3#44:OK,SUCCESS,nextIndex:20,term:1,followerCommit:18
2020-07-09 05:29:37,878 [Thread-2268] DEBUG impl.RaftServerImpl (RaftServerImpl.java:logAppendEntries(928)) - omNode-2@group-523986131536: succeeded to handle AppendEntries. Reply: omNode-1<-omNode-2#44:OK,SUCCESS,nextIndex:20,term:1,followerCommit:18
2020-07-09 05:29:37,878 [grpc-default-executor-5] DEBUG server.GrpcLogAppender (GrpcLogAppender.java:onNext(257)) - omNode-1@group-523986131536->omNode-3-AppendLogResponseHandler: received a reply omNode-1<-omNode-3#44:OK,SUCCESS,nextIndex:20,term:1,followerCommit:18, request=AppendEntriesRequest:cid=44,entriesCount=1,lastEntry=(t:1, i:19)
2020-07-09 05:29:37,878 [grpc-default-executor-2] DEBUG server.GrpcLogAppender (GrpcLogAppender.java:onNext(257)) - omNode-1@group-523986131536->omNode-2-AppendLogResponseHandler: received a reply omNode-1<-omNode-2#44:OK,SUCCESS,nextIndex:20,term:1,followerCommit:18, request=AppendEntriesRequest:cid=44,entriesCount=1,lastEntry=(t:1, i:19)
2020-07-09 05:29:37,880 [grpc-default-executor-2] DEBUG impl.RaftServerImpl (RaftServerImpl.java:logAppendEntries(928)) - omNode-3@group-523986131536: receive appendEntries(omNode-1, 1, (t:1, i:19), 19, false, commits[omNode-1:c19, omNode-3:c18, omNode-2:c18], entries: (t:1, i:20), METADATAENTRY(c:19)
2020-07-09 05:29:37,882 [grpc-default-executor-2] DEBUG impl.RaftServerImpl (RaftServerImpl.java:logAppendEntries(928)) - omNode-2@group-523986131536: receive appendEntries(omNode-1, 1, (t:1, i:19), 19, false, commits[omNode-1:c19, omNode-3:c18, omNode-2:c18], entries: (t:1, i:20), METADATAENTRY(c:19)
2020-07-09 05:29:37,886 [Thread-2269] DEBUG impl.RaftServerImpl (RaftServerImpl.java:logAppendEntries(928)) - omNode-3@group-523986131536: succeeded to handle AppendEntries. Reply: omNode-1<-omNode-3#45:OK,SUCCESS,nextIndex:21,term:1,followerCommit:19
2020-07-09 05:29:37,887 [grpc-default-executor-5] DEBUG server.GrpcLogAppender (GrpcLogAppender.java:onNext(257)) - omNode-1@group-523986131536->omNode-3-AppendLogResponseHandler: received a reply omNode-1<-omNode-3#45:OK,SUCCESS,nextIndex:21,term:1,followerCommit:19, request=AppendEntriesRequest:cid=45,entriesCount=1,lastEntry=(t:1, i:20)
2020-07-09 05:29:37,890 [Thread-2270] DEBUG impl.RaftServerImpl (RaftServerImpl.java:logAppendEntries(928)) - omNode-2@group-523986131536: succeeded to handle AppendEntries. Reply: omNode-1<-omNode-2#45:OK,SUCCESS,nextIndex:21,term:1,followerCommit:19
2020-07-09 05:29:37,891 [grpc-default-executor-4] DEBUG server.GrpcLogAppender (GrpcLogAppender.java:onNext(257)) - omNode-1@group-523986131536->omNode-2-AppendLogResponseHandler: received a reply omNode-1<-omNode-2#45:OK,SUCCESS,nextIndex:21,term:1,followerCommit:19, request=AppendEntriesRequest:cid=45,entriesCount=1,lastEntry=(t:1, i:20)
2020-07-09 05:29:37,894 [IPC Server handler 1 on default port 10884] DEBUG impl.RaftServerImpl (RaftServerImpl.java:submitClientRequestAsync(575)) - omNode-1@group-523986131536: receive client request(RaftClientRequest:client-DFBA4D3286B7->omNode-1@group-523986131536, cid=134, seq=0, RW, Message:082212001a13636c6965...(size=136))
2020-07-09 05:29:37,895 [IPC Server handler 1 on default port 10884] DEBUG impl.RaftServerImpl (LeaderState.java:addPendingRequest(335)) - omNode-1@group-523986131536-LeaderState: addPendingRequest at RaftClientRequest:client-DFBA4D3286B7->omNode-1@group-523986131536, cid=134, seq=0, RW, Message:082212001a13636c6965...(size=136), entry=(t:1, i:21), STATEMACHINELOGENTRY, client-DFBA4D3286B7, cid=134
2020-07-09 05:29:37,895 [grpc-default-executor-4] DEBUG impl.RaftServerImpl (RaftServerImpl.java:logAppendEntries(928)) - omNode-3@group-523986131536: receive appendEntries(omNode-1, 1, (t:1, i:20), 20, false, commits[omNode-1:c20, omNode-3:c19, omNode-2:c19], entries: (t:1, i:21), STATEMACHINELOGENTRY, client-DFBA4D3286B7, cid=134
2020-07-09 05:29:37,895 [grpc-default-executor-5] DEBUG impl.RaftServerImpl (RaftServerImpl.java:logAppendEntries(928)) - omNode-2@group-523986131536: receive appendEntries(omNode-1, 1, (t:1, i:20), 20, false, commits[omNode-1:c20, omNode-3:c19, omNode-2:c19], entries: (t:1, i:21), STATEMACHINELOGENTRY, client-DFBA4D3286B7, cid=134
2020-07-09 05:29:37,896 [Thread-2271] DEBUG impl.RaftServerImpl (RaftServerImpl.java:logAppendEntries(928)) - omNode-3@group-523986131536: succeeded to handle AppendEntries. Reply: omNode-1<-omNode-3#46:OK,SUCCESS,nextIndex:22,term:1,followerCommit:20
2020-07-09 05:29:37,896 [grpc-default-executor-5] DEBUG server.GrpcLogAppender (GrpcLogAppender.java:onNext(257)) - omNode-1@group-523986131536->omNode-3-AppendLogResponseHandler: received a reply omNode-1<-omNode-3#46:OK,SUCCESS,nextIndex:22,term:1,followerCommit:20, request=AppendEntriesRequest:cid=46,entriesCount=1,lastEntry=(t:1, i:21)
2020-07-09 05:29:37,900 [grpc-default-executor-5] DEBUG impl.RaftServerImpl (RaftServerImpl.java:logAppendEntries(928)) - omNode-2@group-523986131536: receive appendEntries(omNode-1, 1, (t:1, i:21), 21, false, commits[omNode-1:c21, omNode-3:c20, omNode-2:c19], entries: (t:1, i:22), METADATAENTRY(c:21)
2020-07-09 05:29:37,904 [Thread-2272] DEBUG impl.RaftServerImpl (RaftServerImpl.java:logAppendEntries(928)) - omNode-2@group-523986131536: succeeded to handle AppendEntries. Reply: omNode-1<-omNode-2#46:OK,SUCCESS,nextIndex:22,term:1,followerCommit:20
2020-07-09 05:29:37,905 [grpc-default-executor-4] DEBUG impl.RaftServerImpl (RaftServerImpl.java:logAppendEntries(928)) - omNode-3@group-523986131536: receive appendEntries(omNode-1, 1, (t:1, i:21), 21, false, commits[omNode-1:c21, omNode-3:c20, omNode-2:c19], entries: (t:1, i:22), METADATAENTRY(c:21)
2020-07-09 05:29:37,905 [IPC Server handler 2 on default port 10884] DEBUG impl.RaftServerImpl (RaftServerImpl.java:submitClientRequestAsync(575)) - omNode-1@group-523986131536: receive client request(RaftClientRequest:client-DFBA4D3286B7->omNode-1@group-523986131536, cid=135, seq=0, RW, Message:082612001a13636c6965...(size=208))
2020-07-09 05:29:37,906 [Thread-2273] DEBUG impl.RaftServerImpl (RaftServerImpl.java:logAppendEntries(928)) - omNode-2@group-523986131536: succeeded to handle AppendEntries. Reply: omNode-1<-omNode-2#47:OK,SUCCESS,nextIndex:23,term:1,followerCommit:21
2020-07-09 05:29:37,906 [grpc-default-executor-4] DEBUG server.GrpcLogAppender (GrpcLogAppender.java:onNext(257)) - omNode-1@group-523986131536->omNode-2-AppendLogResponseHandler: received a reply omNode-1<-omNode-2#46:OK,SUCCESS,nextIndex:22,term:1,followerCommit:20, request=AppendEntriesRequest:cid=46,entriesCount=1,lastEntry=(t:1, i:21)
2020-07-09 05:29:37,907 [grpc-default-executor-4] DEBUG server.GrpcLogAppender (GrpcLogAppender.java:onNext(257)) - omNode-1@group-523986131536->omNode-2-AppendLogResponseHandler: received a reply omNode-1<-omNode-2#47:OK,SUCCESS,nextIndex:23,term:1,followerCommit:21, request=AppendEntriesRequest:cid=47,entriesCount=1,lastEntry=(t:1, i:22)
2020-07-09 05:29:37,906 [IPC Server handler 2 on default port 10884] DEBUG impl.RaftServerImpl (LeaderState.java:addPendingRequest(335)) - omNode-1@group-523986131536-LeaderState: addPendingRequest at RaftClientRequest:client-DFBA4D3286B7->omNode-1@group-523986131536, cid=135, seq=0, RW, Message:082612001a13636c6965...(size=208), entry=(t:1, i:23), STATEMACHINELOGENTRY, client-DFBA4D3286B7, cid=135
2020-07-09 05:29:37,907 [grpc-default-executor-4] DEBUG impl.RaftServerImpl (RaftServerImpl.java:logAppendEntries(928)) - omNode-2@group-523986131536: receive appendEntries(omNode-1, 1, (t:1, i:22), 21, false, commits[omNode-1:c21, omNode-3:c20, omNode-2:c20], entries: (t:1, i:23), STATEMACHINELOGENTRY, client-DFBA4D3286B7, cid=135
2020-07-09 05:29:37,908 [grpc-default-executor-4] DEBUG impl.RaftServerImpl (RaftServerImpl.java:logAppendEntries(928)) - omNode-3@group-523986131536: receive appendEntries(omNode-1, 1, (t:1, i:22), 21, false, commits[omNode-1:c21, omNode-3:c20, omNode-2:c21], entries: (t:1, i:23), STATEMACHINELOGENTRY, client-DFBA4D3286B7, cid=135
2020-07-09 05:29:37,908 [Thread-2274] DEBUG impl.RaftServerImpl (RaftServerImpl.java:logAppendEntries(928)) - omNode-3@group-523986131536: succeeded to handle AppendEntries. Reply: omNode-1<-omNode-3#47:OK,SUCCESS,nextIndex:23,term:1,followerCommit:21
2020-07-09 05:29:37,909 [grpc-default-executor-4] DEBUG server.GrpcLogAppender (GrpcLogAppender.java:onNext(257)) - omNode-1@group-523986131536->omNode-3-AppendLogResponseHandler: received a reply omNode-1<-omNode-3#47:OK,SUCCESS,nextIndex:23,term:1,followerCommit:21, request=AppendEntriesRequest:cid=47,entriesCount=1,lastEntry=(t:1, i:22)
2020-07-09 05:29:37,909 [Thread-2275] DEBUG impl.RaftServerImpl (RaftServerImpl.java:logAppendEntries(928)) - omNode-2@group-523986131536: succeeded to handle AppendEntries. Reply: omNode-1<-omNode-2#48:OK,SUCCESS,nextIndex:24,term:1,followerCommit:21
2020-07-09 05:29:37,910 [grpc-default-executor-4] DEBUG server.GrpcLogAppender (GrpcLogAppender.java:onNext(257)) - omNode-1@group-523986131536->omNode-2-AppendLogResponseHandler: received a reply omNode-1<-omNode-2#48:OK,SUCCESS,nextIndex:24,term:1,followerCommit:21, request=AppendEntriesRequest:cid=48,entriesCount=1,lastEntry=(t:1, i:23)
2020-07-09 05:29:37,914 [grpc-default-executor-5] DEBUG impl.RaftServerImpl (RaftServerImpl.java:logAppendEntries(928)) - omNode-3@group-523986131536: receive appendEntries(omNode-1, 1, (t:1, i:23), 23, false, commits[omNode-1:c23, omNode-3:c21, omNode-2:c21], entries: (t:1, i:24), METADATAENTRY(c:23)
2020-07-09 05:29:37,914 [grpc-default-executor-4] DEBUG impl.RaftServerImpl (RaftServerImpl.java:logAppendEntries(928)) - omNode-2@group-523986131536: receive appendEntries(omNode-1, 1, (t:1, i:23), 23, false, commits[omNode-1:c23, omNode-3:c21, omNode-2:c21], entries: (t:1, i:24), METADATAENTRY(c:23)
2020-07-09 05:29:37,915 [IPC Server handler 5 on default port 10884] DEBUG impl.RaftServerImpl (RaftServerImpl.java:submitClientRequestAsync(575)) - omNode-1@group-523986131536: receive client request(RaftClientRequest:client-DFBA4D3286B7->omNode-1@group-523986131536, cid=136, seq=0, RW, Message:082612001a13636c6965...(size=208))
2020-07-09 05:29:37,915 [IPC Server handler 5 on default port 10884] DEBUG impl.RaftServerImpl (LeaderState.java:addPendingRequest(335)) - omNode-1@group-523986131536-LeaderState: addPendingRequest at RaftClientRequest:client-DFBA4D3286B7->omNode-1@group-523986131536, cid=136, seq=0, RW, Message:082612001a13636c6965...(size=208), entry=(t:1, i:25), STATEMACHINELOGENTRY, client-DFBA4D3286B7, cid=136
2020-07-09 05:29:37,916 [grpc-default-executor-4] DEBUG impl.RaftServerImpl (RaftServerImpl.java:logAppendEntries(928)) - omNode-3@group-523986131536: receive appendEntries(omNode-1, 1, (t:1, i:24), 23, false, commits[omNode-1:c23, omNode-3:c21, omNode-2:c21], entries: (t:1, i:25), STATEMACHINELOGENTRY, client-DFBA4D3286B7, cid=136
2020-07-09 05:29:37,916 [grpc-default-executor-5] DEBUG impl.RaftServerImpl (RaftServerImpl.java:logAppendEntries(928)) - omNode-2@group-523986131536: receive appendEntries(omNode-1, 1, (t:1, i:24), 23, false, commits[omNode-1:c23, omNode-3:c21, omNode-2:c21], entries: (t:1, i:25), STATEMACHINELOGENTRY, client-DFBA4D3286B7, cid=136
2020-07-09 05:29:37,917 [Thread-2276] DEBUG impl.RaftServerImpl (RaftServerImpl.java:logAppendEntries(928)) - omNode-3@group-523986131536: succeeded to handle AppendEntries. Reply: omNode-1<-omNode-3#48:OK,SUCCESS,nextIndex:24,term:1,followerCommit:21
2020-07-09 05:29:37,917 [grpc-default-executor-5] DEBUG server.GrpcLogAppender (GrpcLogAppender.java:onNext(257)) - omNode-1@group-523986131536->omNode-3-AppendLogResponseHandler: received a reply omNode-1<-omNode-3#48:OK,SUCCESS,nextIndex:24,term:1,followerCommit:21, request=AppendEntriesRequest:cid=48,entriesCount=1,lastEntry=(t:1, i:23)
2020-07-09 05:29:37,921 [Thread-2278] DEBUG impl.RaftServerImpl (RaftServerImpl.java:logAppendEntries(928)) - omNode-3@group-523986131536: succeeded to handle AppendEntries. Reply: omNode-1<-omNode-3#49:OK,SUCCESS,nextIndex:25,term:1,followerCommit:23
2020-07-09 05:29:37,922 [grpc-default-executor-5] DEBUG server.GrpcLogAppender (GrpcLogAppender.java:onNext(257)) - omNode-1@group-523986131536->omNode-3-AppendLogResponseHandler: received a reply omNode-1<-omNode-3#49:OK,SUCCESS,nextIndex:25,term:1,followerCommit:23, request=AppendEntriesRequest:cid=49,entriesCount=1,lastEntry=(t:1, i:24)
2020-07-09 05:29:37,923 [Thread-2279] DEBUG impl.RaftServerImpl (RaftServerImpl.java:logAppendEntries(928)) - omNode-3@group-523986131536: succeeded to handle AppendEntries. Reply: omNode-1<-omNode-3#50:OK,SUCCESS,nextIndex:26,term:1,followerCommit:23
2020-07-09 05:29:37,923 [grpc-default-executor-5] DEBUG server.GrpcLogAppender (GrpcLogAppender.java:onNext(257)) - omNode-1@group-523986131536->omNode-3-AppendLogResponseHandler: received a reply omNode-1<-omNode-3#50:OK,SUCCESS,nextIndex:26,term:1,followerCommit:23, request=AppendEntriesRequest:cid=50,entriesCount=1,lastEntry=(t:1, i:25)
2020-07-09 05:29:37,924 [grpc-default-executor-4] DEBUG impl.RaftServerImpl (RaftServerImpl.java:logAppendEntries(928)) - omNode-3@group-523986131536: receive appendEntries(omNode-1, 1, (t:1, i:25), 25, false, commits[omNode-1:c25, omNode-3:c23, omNode-2:c21], entries: (t:1, i:26), METADATAENTRY(c:25)
2020-07-09 05:29:37,924 [grpc-default-executor-5] DEBUG impl.RaftServerImpl (RaftServerImpl.java:logAppendEntries(928)) - omNode-2@group-523986131536: receive appendEntries(omNode-1, 1, (t:1, i:25), 25, false, commits[omNode-1:c25, omNode-3:c23, omNode-2:c21], entries: (t:1, i:26), METADATAENTRY(c:25)
2020-07-09 05:29:37,925 [Listener at 127.0.0.1/10896] INFO  ozone.MiniOzoneClusterImpl (MiniOzoneClusterImpl.java:shutdown(387)) - Shutting down the Mini Ozone Cluster
2020-07-09 05:29:37,925 [Listener at 127.0.0.1/10896] INFO  ozone.MiniOzoneHAClusterImpl (MiniOzoneHAClusterImpl.java:stop(230)) - Stopping the OzoneManager omNode-3
2020-07-09 05:29:37,925 [Listener at 127.0.0.1/10896] INFO  ipc.Server (Server.java:stop(3359)) - Stopping server on 10896
2020-07-09 05:29:37,929 [Thread-2277] DEBUG impl.RaftServerImpl (RaftServerImpl.java:logAppendEntries(928)) - omNode-2@group-523986131536: succeeded to handle AppendEntries. Reply: omNode-1<-omNode-2#49:OK,SUCCESS,nextIndex:25,term:1,followerCommit:23
2020-07-09 05:29:37,932 [grpc-default-executor-5] DEBUG server.GrpcLogAppender (GrpcLogAppender.java:onNext(257)) - omNode-1@group-523986131536->omNode-2-AppendLogResponseHandler: received a reply omNode-1<-omNode-2#49:OK,SUCCESS,nextIndex:25,term:1,followerCommit:23, request=AppendEntriesRequest:cid=49,entriesCount=1,lastEntry=(t:1, i:24)
2020-07-09 05:29:37,933 [Thread-2281] DEBUG impl.RaftServerImpl (RaftServerImpl.java:logAppendEntries(928)) - omNode-2@group-523986131536: succeeded to handle AppendEntries. Reply: omNode-1<-omNode-2#50:OK,SUCCESS,nextIndex:26,term:1,followerCommit:23
2020-07-09 05:29:37,934 [grpc-default-executor-5] DEBUG server.GrpcLogAppender (GrpcLogAppender.java:onNext(257)) - omNode-1@group-523986131536->omNode-2-AppendLogResponseHandler: received a reply omNode-1<-omNode-2#50:OK,SUCCESS,nextIndex:26,term:1,followerCommit:23, request=AppendEntriesRequest:cid=50,entriesCount=1,lastEntry=(t:1, i:25)
2020-07-09 05:29:37,943 [Thread-2282] DEBUG impl.RaftServerImpl (RaftServerImpl.java:logAppendEntries(928)) - omNode-2@group-523986131536: succeeded to handle AppendEntries. Reply: omNode-1<-omNode-2#51:OK,SUCCESS,nextIndex:27,term:1,followerCommit:25
2020-07-09 05:29:37,967 [Thread-2280] DEBUG impl.RaftServerImpl (RaftServerImpl.java:logAppendEntries(928)) - omNode-3@group-523986131536: succeeded to handle AppendEntries. Reply: omNode-1<-omNode-3#51:OK,SUCCESS,nextIndex:27,term:1,followerCommit:25
2020-07-09 05:29:37,967 [grpc-default-executor-5] DEBUG server.GrpcLogAppender (GrpcLogAppender.java:onNext(257)) - omNode-1@group-523986131536->omNode-2-AppendLogResponseHandler: received a reply omNode-1<-omNode-2#51:OK,SUCCESS,nextIndex:27,term:1,followerCommit:25, request=AppendEntriesRequest:cid=51,entriesCount=1,lastEntry=(t:1, i:26)
2020-07-09 05:29:37,971 [IPC Server Responder] INFO  ipc.Server (Server.java:run(1465)) - Stopping IPC Server Responder
2020-07-09 05:29:37,968 [grpc-default-executor-4] DEBUG server.GrpcLogAppender (GrpcLogAppender.java:onNext(257)) - omNode-1@group-523986131536->omNode-3-AppendLogResponseHandler: received a reply omNode-1<-omNode-3#51:OK,SUCCESS,nextIndex:27,term:1,followerCommit:25, request=AppendEntriesRequest:cid=51,entriesCount=1,lastEntry=(t:1, i:26)
2020-07-09 05:29:37,968 [IPC Server listener on 10896] INFO  ipc.Server (Server.java:run(1330)) - Stopping IPC Server listener on 10896
2020-07-09 05:29:37,975 [Listener at 127.0.0.1/10896] INFO  impl.RaftServerProxy (RaftServerProxy.java:lambda$close$4(319)) - omNode-3: close
2020-07-09 05:29:37,975 [Listener at 127.0.0.1/10896] INFO  impl.RaftServerImpl (RaftServerImpl.java:lambda$shutdown$3(252)) - omNode-3@group-523986131536: shutdown
2020-07-09 05:29:37,975 [Listener at 127.0.0.1/10896] INFO  util.JmxRegister (JmxRegister.java:unregister(73)) - Successfully un-registered JMX Bean with object name Ratis:service=RaftServer,group=group-523986131536,id=omNode-3
2020-07-09 05:29:37,975 [Listener at 127.0.0.1/10896] INFO  impl.RoleInfo (RoleInfo.java:shutdownFollowerState(121)) - omNode-3: shutdown FollowerState
2020-07-09 05:29:37,975 [Listener at 127.0.0.1/10896] INFO  impl.StateMachineUpdater (StateMachineUpdater.java:stopAndJoin(142)) - omNode-3@group-523986131536-StateMachineUpdater: set stopIndex = 25
2020-07-09 05:29:37,975 [Thread-2101] INFO  impl.FollowerState (FollowerState.java:run(117)) - omNode-3@group-523986131536-FollowerState was interrupted: java.lang.InterruptedException: sleep interrupted
2020-07-09 05:29:37,976 [omNode-3@group-523986131536-StateMachineUpdater] INFO  ratis.OzoneManagerStateMachine (OzoneManagerStateMachine.java:takeSnapshot(355)) - Current Snapshot Index (t:1, i:24)
2020-07-09 05:29:37,976 [omNode-3@group-523986131536-StateMachineUpdater] INFO  impl.StateMachineUpdater (StateMachineUpdater.java:takeSnapshot(277)) - omNode-3@group-523986131536-StateMachineUpdater: Took a snapshot at index 24
2020-07-09 05:29:37,976 [omNode-3@group-523986131536-StateMachineUpdater] INFO  impl.StateMachineUpdater (StateMachineUpdater.java:lambda$new$0(87)) - omNode-3@group-523986131536-StateMachineUpdater: snapshotIndex: updateIncreasingly -1 -> 24
2020-07-09 05:29:37,977 [omNode-3@group-523986131536-StateMachineUpdater] INFO  ratis.OzoneManagerStateMachine (OzoneManagerStateMachine.java:takeSnapshot(355)) - Current Snapshot Index (t:1, i:25)
2020-07-09 05:29:37,977 [omNode-3@group-523986131536-StateMachineUpdater] INFO  impl.StateMachineUpdater (StateMachineUpdater.java:takeSnapshot(277)) - omNode-3@group-523986131536-StateMachineUpdater: Took a snapshot at index 25
2020-07-09 05:29:37,977 [omNode-3@group-523986131536-StateMachineUpdater] INFO  impl.StateMachineUpdater (StateMachineUpdater.java:lambda$new$0(87)) - omNode-3@group-523986131536-StateMachineUpdater: snapshotIndex: updateIncreasingly 24 -> 25
2020-07-09 05:29:37,977 [omNode-3@group-523986131536-StateMachineUpdater] INFO  metrics.RatisMetrics (RatisMetrics.java:unregister(43)) - Unregistering Metrics Registry : ratis.state_machine.omNode-3@group-523986131536
2020-07-09 05:29:37,977 [Listener at 127.0.0.1/10896] INFO  impl.RaftServerImpl (ServerState.java:close(387)) - omNode-3@group-523986131536: closes. applyIndex: 25
2020-07-09 05:29:37,977 [omNode-3@group-523986131536-SegmentedRaftLogWorker] INFO  segmented.SegmentedRaftLogWorker (SegmentedRaftLogWorker.java:run(327)) - omNode-3@group-523986131536-SegmentedRaftLogWorker was interrupted, exiting. There are 0 tasks remaining in the queue.
2020-07-09 05:29:37,979 [Listener at 127.0.0.1/10896] INFO  segmented.SegmentedRaftLogWorker (SegmentedRaftLogWorker.java:close(234)) - omNode-3@group-523986131536-SegmentedRaftLogWorker close()
2020-07-09 05:29:37,980 [Listener at 127.0.0.1/10896] INFO  metrics.RatisMetrics (RatisMetrics.java:unregister(43)) - Unregistering Metrics Registry : ratis.log_worker.omNode-3@group-523986131536
2020-07-09 05:29:37,980 [Listener at 127.0.0.1/10896] INFO  metrics.RatisMetrics (RatisMetrics.java:unregister(43)) - Unregistering Metrics Registry : ratis.leader_election.omNode-3@group-523986131536
2020-07-09 05:29:37,981 [Listener at 127.0.0.1/10896] INFO  metrics.RatisMetrics (RatisMetrics.java:unregister(43)) - Unregistering Metrics Registry : ratis.server.omNode-3@group-523986131536
2020-07-09 05:29:37,981 [Listener at 127.0.0.1/10896] INFO  server.GrpcService (GrpcService.java:closeImpl(166)) - omNode-3: shutdown server with port 10900 now
2020-07-09 05:29:37,990 [grpc-default-executor-4] WARN  server.GrpcServerProtocolService (LogUtils.java:warn(122)) - omNode-3: installSnapshot onError, lastRequest: omNode-1->omNode-3#51-t1, previous=(t:1, i:25), leaderCommit=25, initializing? false, entries: size=1, first=(t:1, i:26), METADATAENTRY(c:25): org.apache.ratis.thirdparty.io.grpc.StatusRuntimeException: CANCELLED: cancelled before receiving half close
2020-07-09 05:29:37,990 [grpc-default-executor-4] WARN  server.GrpcLogAppender (LogUtils.java:warn(122)) - omNode-1@group-523986131536->omNode-3-AppendLogResponseHandler: Failed appendEntries: org.apache.ratis.thirdparty.io.grpc.StatusRuntimeException: CANCELLED: HTTP/2 error code: CANCEL
Received Rst Stream
2020-07-09 05:29:37,990 [Listener at 127.0.0.1/10896] INFO  server.GrpcService (GrpcService.java:closeImpl(174)) - omNode-3: shutdown server with port 10900 successfully
2020-07-09 05:29:37,990 [Listener at 127.0.0.1/10896] INFO  ratis.OzoneManagerDoubleBuffer (OzoneManagerDoubleBuffer.java:stop(458)) - Stopping OMDoubleBuffer flush thread
2020-07-09 05:29:37,991 [OMDoubleBufferFlushThread] INFO  ratis.OzoneManagerDoubleBuffer (OzoneManagerDoubleBuffer.java:flushTransactions(357)) - OMDoubleBuffer flush thread OMDoubleBufferFlushThread is interrupted and will exit. OMDoubleBufferFlushThread
2020-07-09 05:29:37,991 [Listener at 127.0.0.1/10896] INFO  ratis.OzoneManagerStateMachine (HadoopExecutors.java:shutdown(118)) - Gracefully shutting down executor service. Waiting max 5 SECONDS
2020-07-09 05:29:37,991 [Listener at 127.0.0.1/10896] INFO  ratis.OzoneManagerStateMachine (HadoopExecutors.java:shutdown(129)) - Succesfully shutdown executor service
2020-07-09 05:29:37,991 [Listener at 127.0.0.1/10896] INFO  ratis.OzoneManagerStateMachine (HadoopExecutors.java:shutdown(118)) - Gracefully shutting down executor service. Waiting max 5 SECONDS
2020-07-09 05:29:37,991 [Listener at 127.0.0.1/10896] INFO  ratis.OzoneManagerStateMachine (HadoopExecutors.java:shutdown(129)) - Succesfully shutdown executor service
2020-07-09 05:29:37,991 [Listener at 127.0.0.1/10896] INFO  utils.BackgroundService (BackgroundService.java:shutdown(157)) - Shutting down service KeyDeletingService
2020-07-09 05:29:37,992 [Listener at 127.0.0.1/10896] INFO  handler.ContextHandler (ContextHandler.java:doStop(1016)) - Stopped o.e.j.w.WebAppContext@23bfdd3b{ozoneManager,/,null,UNAVAILABLE}{file:/github/workspace/mnt/ozone/hadoop-ozone/integration-test/target/test-classes/webapps/ozoneManager}
2020-07-09 05:29:37,992 [Listener at 127.0.0.1/10896] INFO  server.AbstractConnector (AbstractConnector.java:doStop(380)) - Stopped ServerConnector@5b368f1b{HTTP/1.1,[http/1.1]}{0.0.0.0:10898}
2020-07-09 05:29:37,992 [Listener at 127.0.0.1/10896] INFO  server.session (HouseKeeper.java:stopScavenging(158)) - node0 Stopped scavenging
2020-07-09 05:29:37,992 [Listener at 127.0.0.1/10896] INFO  handler.ContextHandler (ContextHandler.java:doStop(1016)) - Stopped o.e.j.s.ServletContextHandler@5a43e5e6{static,/static,file:///github/workspace/mnt/ozone/hadoop-ozone/integration-test/target/test-classes/webapps/static,UNAVAILABLE}
2020-07-09 05:29:37,993 [Listener at 127.0.0.1/10896] INFO  handler.ContextHandler (ContextHandler.java:doStop(1016)) - Stopped o.e.j.s.ServletContextHandler@5ab62216{logs,/logs,file:///github/workspace/mnt/ozone/hadoop-ozone/integration-test/target/log,UNAVAILABLE}
2020-07-09 05:29:37,994 [grpc-default-executor-4] INFO  impl.FollowerInfo (FollowerInfo.java:lambda$new$0(51)) - omNode-1@group-523986131536->omNode-3: nextIndex: updateUnconditionally 27 -> 26
2020-07-09 05:29:37,995 [Listener at 127.0.0.1/10896] INFO  ozone.MiniOzoneHAClusterImpl (MiniOzoneHAClusterImpl.java:stop(230)) - Stopping the OzoneManager omNode-1
2020-07-09 05:29:37,996 [Listener at 127.0.0.1/10896] INFO  ipc.Server (Server.java:stop(3359)) - Stopping server on 10884
2020-07-09 05:29:37,998 [IPC Server listener on 10884] INFO  ipc.Server (Server.java:run(1330)) - Stopping IPC Server listener on 10884
2020-07-09 05:29:37,999 [IPC Server Responder] INFO  ipc.Server (Server.java:run(1465)) - Stopping IPC Server Responder
2020-07-09 05:29:37,999 [Listener at 127.0.0.1/10896] INFO  impl.RaftServerProxy (RaftServerProxy.java:lambda$close$4(319)) - omNode-1: close
2020-07-09 05:29:37,999 [Listener at 127.0.0.1/10896] INFO  impl.RaftServerImpl (RaftServerImpl.java:lambda$shutdown$3(252)) - omNode-1@group-523986131536: shutdown
2020-07-09 05:29:37,999 [Listener at 127.0.0.1/10896] INFO  util.JmxRegister (JmxRegister.java:unregister(73)) - Successfully un-registered JMX Bean with object name Ratis:service=RaftServer,group=group-523986131536,id=omNode-1
2020-07-09 05:29:37,999 [Listener at 127.0.0.1/10896] INFO  impl.RoleInfo (RoleInfo.java:shutdownLeaderState(104)) - omNode-1: shutdown LeaderState
2020-07-09 05:29:37,999 [Listener at 127.0.0.1/10896] INFO  metrics.RatisMetrics (RatisMetrics.java:unregister(43)) - Unregistering Metrics Registry : ratis_grpc.log_appender.omNode-1@group-523986131536
2020-07-09 05:29:38,000 [Listener at 127.0.0.1/10896] INFO  metrics.RatisMetrics (RatisMetrics.java:unregister(43)) - Unregistering Metrics Registry : ratis_grpc.log_appender.omNode-1@group-523986131536
2020-07-09 05:29:38,000 [org.apache.ratis.server.impl.LogAppender$AppenderDaemon$$Lambda$336/666805858@276613d1] WARN  server.GrpcLogAppender (GrpcLogAppender.java:mayWait(153)) - omNode-1@group-523986131536->omNode-3-GrpcLogAppender: Wait interrupted by java.lang.InterruptedException
2020-07-09 05:29:38,002 [Listener at 127.0.0.1/10896] INFO  impl.PendingRequests (PendingRequests.java:sendNotLeaderResponses(249)) - omNode-1@group-523986131536-PendingRequests: sendNotLeaderResponses
2020-07-09 05:29:38,002 [org.apache.ratis.server.impl.LogAppender$AppenderDaemon$$Lambda$336/666805858@791672b0] WARN  server.GrpcLogAppender (GrpcLogAppender.java:mayWait(153)) - omNode-1@group-523986131536->omNode-2-GrpcLogAppender: Wait interrupted by java.lang.InterruptedException
2020-07-09 05:29:38,003 [grpc-default-executor-4] INFO  server.GrpcServerProtocolService (GrpcServerProtocolService.java:onCompleted(138)) - omNode-2: Completed APPEND_ENTRIES, lastRequest: omNode-1->omNode-2#51-t1, previous=(t:1, i:25), leaderCommit=25, initializing? false, entries: size=1, first=(t:1, i:26), METADATAENTRY(c:25)
2020-07-09 05:29:38,003 [grpc-default-executor-5] INFO  server.GrpcLogAppender (GrpcLogAppender.java:onCompleted(319)) - omNode-1@group-523986131536->omNode-2-AppendLogResponseHandler: follower responses appendEntries COMPLETED
2020-07-09 05:29:38,012 [grpc-default-executor-5] INFO  impl.FollowerInfo (FollowerInfo.java:lambda$new$0(51)) - omNode-1@group-523986131536->omNode-2: nextIndex: updateUnconditionally 27 -> 26
2020-07-09 05:29:38,013 [Listener at 127.0.0.1/10896] INFO  metrics.RatisMetrics (RatisMetrics.java:unregister(43)) - Unregistering Metrics Registry : ratis.log_appender.omNode-1@group-523986131536
2020-07-09 05:29:38,013 [Listener at 127.0.0.1/10896] INFO  metrics.RatisMetrics (RatisMetrics.java:unregister(43)) - Unregistering Metrics Registry : ratis.server.omNode-1@group-523986131536
2020-07-09 05:29:38,014 [Listener at 127.0.0.1/10896] INFO  impl.StateMachineUpdater (StateMachineUpdater.java:stopAndJoin(142)) - omNode-1@group-523986131536-StateMachineUpdater: set stopIndex = 26
2020-07-09 05:29:38,014 [omNode-1@group-523986131536-StateMachineUpdater] INFO  ratis.OzoneManagerStateMachine (OzoneManagerStateMachine.java:takeSnapshot(355)) - Current Snapshot Index (t:1, i:26)
2020-07-09 05:29:38,014 [omNode-1@group-523986131536-StateMachineUpdater] INFO  impl.StateMachineUpdater (StateMachineUpdater.java:takeSnapshot(277)) - omNode-1@group-523986131536-StateMachineUpdater: Took a snapshot at index 26
2020-07-09 05:29:38,014 [omNode-1@group-523986131536-StateMachineUpdater] INFO  impl.StateMachineUpdater (StateMachineUpdater.java:lambda$new$0(87)) - omNode-1@group-523986131536-StateMachineUpdater: snapshotIndex: updateIncreasingly -1 -> 26
2020-07-09 05:29:38,014 [omNode-1@group-523986131536-StateMachineUpdater] INFO  metrics.RatisMetrics (RatisMetrics.java:unregister(43)) - Unregistering Metrics Registry : ratis.state_machine.omNode-1@group-523986131536
2020-07-09 05:29:38,014 [Listener at 127.0.0.1/10896] INFO  impl.RaftServerImpl (ServerState.java:close(387)) - omNode-1@group-523986131536: closes. applyIndex: 26
2020-07-09 05:29:38,015 [omNode-1@group-523986131536-SegmentedRaftLogWorker] INFO  segmented.SegmentedRaftLogWorker (SegmentedRaftLogWorker.java:run(327)) - omNode-1@group-523986131536-SegmentedRaftLogWorker was interrupted, exiting. There are 0 tasks remaining in the queue.
2020-07-09 05:29:38,016 [Listener at 127.0.0.1/10896] INFO  segmented.SegmentedRaftLogWorker (SegmentedRaftLogWorker.java:close(234)) - omNode-1@group-523986131536-SegmentedRaftLogWorker close()
2020-07-09 05:29:38,017 [Listener at 127.0.0.1/10896] INFO  metrics.RatisMetrics (RatisMetrics.java:unregister(43)) - Unregistering Metrics Registry : ratis.log_worker.omNode-1@group-523986131536
2020-07-09 05:29:38,017 [Listener at 127.0.0.1/10896] INFO  metrics.RatisMetrics (RatisMetrics.java:unregister(43)) - Unregistering Metrics Registry : ratis.leader_election.omNode-1@group-523986131536
2020-07-09 05:29:38,017 [Listener at 127.0.0.1/10896] INFO  metrics.RatisMetrics (RatisMetrics.java:unregister(43)) - Unregistering Metrics Registry : ratis.server.omNode-1@group-523986131536
2020-07-09 05:29:38,017 [Listener at 127.0.0.1/10896] INFO  server.GrpcService (GrpcService.java:closeImpl(166)) - omNode-1: shutdown server with port 10888 now
2020-07-09 05:29:38,017 [Listener at 127.0.0.1/10896] INFO  server.GrpcService (GrpcService.java:closeImpl(174)) - omNode-1: shutdown server with port 10888 successfully
2020-07-09 05:29:38,017 [Listener at 127.0.0.1/10896] INFO  ratis.OzoneManagerDoubleBuffer (OzoneManagerDoubleBuffer.java:stop(458)) - Stopping OMDoubleBuffer flush thread
2020-07-09 05:29:38,017 [OMDoubleBufferFlushThread] INFO  ratis.OzoneManagerDoubleBuffer (OzoneManagerDoubleBuffer.java:flushTransactions(357)) - OMDoubleBuffer flush thread OMDoubleBufferFlushThread is interrupted and will exit. OMDoubleBufferFlushThread
2020-07-09 05:29:38,019 [Listener at 127.0.0.1/10896] INFO  ratis.OzoneManagerStateMachine (HadoopExecutors.java:shutdown(118)) - Gracefully shutting down executor service. Waiting max 5 SECONDS
2020-07-09 05:29:38,019 [Listener at 127.0.0.1/10896] INFO  ratis.OzoneManagerStateMachine (HadoopExecutors.java:shutdown(129)) - Succesfully shutdown executor service
2020-07-09 05:29:38,019 [Listener at 127.0.0.1/10896] INFO  ratis.OzoneManagerStateMachine (HadoopExecutors.java:shutdown(118)) - Gracefully shutting down executor service. Waiting max 5 SECONDS
2020-07-09 05:29:38,019 [Listener at 127.0.0.1/10896] INFO  ratis.OzoneManagerStateMachine (HadoopExecutors.java:shutdown(129)) - Succesfully shutdown executor service
2020-07-09 05:29:38,019 [Listener at 127.0.0.1/10896] INFO  utils.BackgroundService (BackgroundService.java:shutdown(157)) - Shutting down service KeyDeletingService
2020-07-09 05:29:38,020 [Listener at 127.0.0.1/10896] INFO  handler.ContextHandler (ContextHandler.java:doStop(1016)) - Stopped o.e.j.w.WebAppContext@438a5b89{ozoneManager,/,null,UNAVAILABLE}{file:/github/workspace/mnt/ozone/hadoop-ozone/integration-test/target/test-classes/webapps/ozoneManager}
2020-07-09 05:29:38,020 [Listener at 127.0.0.1/10896] INFO  server.AbstractConnector (AbstractConnector.java:doStop(380)) - Stopped ServerConnector@5e02b292{HTTP/1.1,[http/1.1]}{0.0.0.0:10886}
2020-07-09 05:29:38,020 [Listener at 127.0.0.1/10896] INFO  server.session (HouseKeeper.java:stopScavenging(158)) - node0 Stopped scavenging
2020-07-09 05:29:38,021 [Listener at 127.0.0.1/10896] INFO  handler.ContextHandler (ContextHandler.java:doStop(1016)) - Stopped o.e.j.s.ServletContextHandler@61843f9f{static,/static,file:///github/workspace/mnt/ozone/hadoop-ozone/integration-test/target/test-classes/webapps/static,UNAVAILABLE}
2020-07-09 05:29:38,021 [Listener at 127.0.0.1/10896] INFO  handler.ContextHandler (ContextHandler.java:doStop(1016)) - Stopped o.e.j.s.ServletContextHandler@103a5b7d{logs,/logs,file:///github/workspace/mnt/ozone/hadoop-ozone/integration-test/target/log,UNAVAILABLE}
2020-07-09 05:29:38,023 [Listener at 127.0.0.1/10896] INFO  ozone.MiniOzoneHAClusterImpl (MiniOzoneHAClusterImpl.java:stop(230)) - Stopping the OzoneManager omNode-2
2020-07-09 05:29:38,023 [Listener at 127.0.0.1/10896] INFO  ipc.Server (Server.java:stop(3359)) - Stopping server on 10890
2020-07-09 05:29:38,025 [IPC Server listener on 10890] INFO  ipc.Server (Server.java:run(1330)) - Stopping IPC Server listener on 10890
2020-07-09 05:29:38,026 [IPC Server Responder] INFO  ipc.Server (Server.java:run(1465)) - Stopping IPC Server Responder
2020-07-09 05:29:38,026 [Listener at 127.0.0.1/10896] INFO  impl.RaftServerProxy (RaftServerProxy.java:lambda$close$4(319)) - omNode-2: close
2020-07-09 05:29:38,026 [Listener at 127.0.0.1/10896] INFO  impl.RaftServerImpl (RaftServerImpl.java:lambda$shutdown$3(252)) - omNode-2@group-523986131536: shutdown
2020-07-09 05:29:38,026 [Listener at 127.0.0.1/10896] INFO  util.JmxRegister (JmxRegister.java:unregister(73)) - Successfully un-registered JMX Bean with object name Ratis:service=RaftServer,group=group-523986131536,id=omNode-2
2020-07-09 05:29:38,026 [Listener at 127.0.0.1/10896] INFO  impl.RoleInfo (RoleInfo.java:shutdownFollowerState(121)) - omNode-2: shutdown FollowerState
2020-07-09 05:29:38,027 [Thread-2100] INFO  impl.FollowerState (FollowerState.java:run(117)) - omNode-2@group-523986131536-FollowerState was interrupted: java.lang.InterruptedException: sleep interrupted
2020-07-09 05:29:38,027 [omNode-2@group-523986131536-StateMachineUpdater] INFO  ratis.OzoneManagerStateMachine (OzoneManagerStateMachine.java:takeSnapshot(355)) - Current Snapshot Index (t:1, i:25)
2020-07-09 05:29:38,027 [omNode-2@group-523986131536-StateMachineUpdater] INFO  impl.StateMachineUpdater (StateMachineUpdater.java:takeSnapshot(277)) - omNode-2@group-523986131536-StateMachineUpdater: Took a snapshot at index 25
2020-07-09 05:29:38,027 [omNode-2@group-523986131536-StateMachineUpdater] INFO  impl.StateMachineUpdater (StateMachineUpdater.java:lambda$new$0(87)) - omNode-2@group-523986131536-StateMachineUpdater: snapshotIndex: updateIncreasingly -1 -> 25
2020-07-09 05:29:38,027 [omNode-2@group-523986131536-StateMachineUpdater] INFO  metrics.RatisMetrics (RatisMetrics.java:unregister(43)) - Unregistering Metrics Registry : ratis.state_machine.omNode-2@group-523986131536
2020-07-09 05:29:38,027 [Listener at 127.0.0.1/10896] INFO  impl.StateMachineUpdater (StateMachineUpdater.java:stopAndJoin(142)) - omNode-2@group-523986131536-StateMachineUpdater: set stopIndex = 25
2020-07-09 05:29:38,027 [Listener at 127.0.0.1/10896] INFO  impl.RaftServerImpl (ServerState.java:close(387)) - omNode-2@group-523986131536: closes. applyIndex: 25
2020-07-09 05:29:38,028 [omNode-2@group-523986131536-SegmentedRaftLogWorker] INFO  segmented.SegmentedRaftLogWorker (SegmentedRaftLogWorker.java:run(327)) - omNode-2@group-523986131536-SegmentedRaftLogWorker was interrupted, exiting. There are 0 tasks remaining in the queue.
2020-07-09 05:29:38,031 [Listener at 127.0.0.1/10896] INFO  segmented.SegmentedRaftLogWorker (SegmentedRaftLogWorker.java:close(234)) - omNode-2@group-523986131536-SegmentedRaftLogWorker close()
2020-07-09 05:29:38,032 [Listener at 127.0.0.1/10896] INFO  metrics.RatisMetrics (RatisMetrics.java:unregister(43)) - Unregistering Metrics Registry : ratis.log_worker.omNode-2@group-523986131536
2020-07-09 05:29:38,032 [Listener at 127.0.0.1/10896] INFO  metrics.RatisMetrics (RatisMetrics.java:unregister(43)) - Unregistering Metrics Registry : ratis.leader_election.omNode-2@group-523986131536
2020-07-09 05:29:38,032 [Listener at 127.0.0.1/10896] INFO  metrics.RatisMetrics (RatisMetrics.java:unregister(43)) - Unregistering Metrics Registry : ratis.server.omNode-2@group-523986131536
2020-07-09 05:29:38,033 [Listener at 127.0.0.1/10896] INFO  server.GrpcService (GrpcService.java:closeImpl(166)) - omNode-2: shutdown server with port 10894 now
2020-07-09 05:29:38,036 [Listener at 127.0.0.1/10896] INFO  server.GrpcService (GrpcService.java:closeImpl(174)) - omNode-2: shutdown server with port 10894 successfully
2020-07-09 05:29:38,036 [Listener at 127.0.0.1/10896] INFO  ratis.OzoneManagerDoubleBuffer (OzoneManagerDoubleBuffer.java:stop(458)) - Stopping OMDoubleBuffer flush thread
2020-07-09 05:29:38,036 [OMDoubleBufferFlushThread] INFO  ratis.OzoneManagerDoubleBuffer (OzoneManagerDoubleBuffer.java:flushTransactions(357)) - OMDoubleBuffer flush thread OMDoubleBufferFlushThread is interrupted and will exit. OMDoubleBufferFlushThread
2020-07-09 05:29:38,036 [Listener at 127.0.0.1/10896] INFO  ratis.OzoneManagerStateMachine (HadoopExecutors.java:shutdown(118)) - Gracefully shutting down executor service. Waiting max 5 SECONDS
2020-07-09 05:29:38,036 [Listener at 127.0.0.1/10896] INFO  ratis.OzoneManagerStateMachine (HadoopExecutors.java:shutdown(129)) - Succesfully shutdown executor service
2020-07-09 05:29:38,036 [Listener at 127.0.0.1/10896] INFO  ratis.OzoneManagerStateMachine (HadoopExecutors.java:shutdown(118)) - Gracefully shutting down executor service. Waiting max 5 SECONDS
2020-07-09 05:29:38,036 [Listener at 127.0.0.1/10896] INFO  ratis.OzoneManagerStateMachine (HadoopExecutors.java:shutdown(129)) - Succesfully shutdown executor service
2020-07-09 05:29:38,036 [Listener at 127.0.0.1/10896] INFO  utils.BackgroundService (BackgroundService.java:shutdown(157)) - Shutting down service KeyDeletingService
2020-07-09 05:29:38,037 [Listener at 127.0.0.1/10896] INFO  handler.ContextHandler (ContextHandler.java:doStop(1016)) - Stopped o.e.j.w.WebAppContext@68ca6f0e{ozoneManager,/,null,UNAVAILABLE}{file:/github/workspace/mnt/ozone/hadoop-ozone/integration-test/target/test-classes/webapps/ozoneManager}
2020-07-09 05:29:38,037 [Listener at 127.0.0.1/10896] INFO  server.AbstractConnector (AbstractConnector.java:doStop(380)) - Stopped ServerConnector@761cfe62{HTTP/1.1,[http/1.1]}{0.0.0.0:10892}
2020-07-09 05:29:38,037 [Listener at 127.0.0.1/10896] INFO  server.session (HouseKeeper.java:stopScavenging(158)) - node0 Stopped scavenging
2020-07-09 05:29:38,038 [Listener at 127.0.0.1/10896] INFO  handler.ContextHandler (ContextHandler.java:doStop(1016)) - Stopped o.e.j.s.ServletContextHandler@39e87a6e{static,/static,file:///github/workspace/mnt/ozone/hadoop-ozone/integration-test/target/test-classes/webapps/static,UNAVAILABLE}
2020-07-09 05:29:38,038 [Listener at 127.0.0.1/10896] INFO  handler.ContextHandler (ContextHandler.java:doStop(1016)) - Stopped o.e.j.s.ServletContextHandler@67d5d50d{logs,/logs,file:///github/workspace/mnt/ozone/hadoop-ozone/integration-test/target/log,UNAVAILABLE}
2020-07-09 05:29:38,040 [Listener at 127.0.0.1/10896] INFO  ozone.MiniOzoneClusterImpl (MiniOzoneClusterImpl.java:stop(402)) - Stopping the Mini Ozone Cluster
2020-07-09 05:29:38,040 [Listener at 127.0.0.1/10896] INFO  ozone.MiniOzoneClusterImpl (MiniOzoneClusterImpl.java:stopDatanodes(461)) - Stopping the HddsDatanodes
2020-07-09 05:29:38,794 [Datanode State Machine Thread - 0] INFO  statemachine.DatanodeStateMachine (DatanodeStateMachine.java:lambda$startDaemon$0(380)) - Ozone container server started.
2020-07-09 05:29:38,867 [Datanode State Machine Thread - 0] INFO  statemachine.DatanodeStateMachine (DatanodeStateMachine.java:lambda$startDaemon$0(380)) - Ozone container server started.
2020-07-09 05:29:39,091 [grpc-default-executor-5] DEBUG server.GrpcLogAppender (GrpcLogAppender.java:onNext(257)) - 1133bb81-482b-43be-b880-374c9d80236f@group-A450223F1E4B->5e2225e2-45cd-49d2-96be-e03b029ea84f-AppendLogResponseHandler: received a reply 1133bb81-482b-43be-b880-374c9d80236f<-5e2225e2-45cd-49d2-96be-e03b029ea84f#2:OK,SUCCESS,nextIndex:1,term:1,followerCommit:0, request=AppendEntriesRequest:cid=2,entriesCount=0,lastEntry=null
2020-07-09 05:29:39,095 [grpc-default-executor-5] DEBUG server.GrpcLogAppender (GrpcLogAppender.java:onNext(257)) - 1133bb81-482b-43be-b880-374c9d80236f@group-A450223F1E4B->4309c1dc-11ba-4b32-9c48-fa0a859b84ea-AppendLogResponseHandler: received a reply 1133bb81-482b-43be-b880-374c9d80236f<-4309c1dc-11ba-4b32-9c48-fa0a859b84ea#2:OK,SUCCESS,nextIndex:1,term:1,followerCommit:0, request=AppendEntriesRequest:cid=2,entriesCount=0,lastEntry=null
2020-07-09 05:29:39,558 [EventQueue-Delayed safe mode statusForReplicationManager] INFO  container.ReplicationManager (ReplicationManager.java:start(177)) - Starting Replication Monitor Thread.
2020-07-09 05:29:39,562 [ReplicationMonitor] INFO  container.ReplicationManager (ReplicationManager.java:run(241)) - Replication Monitor Thread took 0 milliseconds for processing 4 containers.
2020-07-09 05:29:41,593 [grpc-default-executor-5] DEBUG server.GrpcLogAppender (GrpcLogAppender.java:onNext(257)) - 1133bb81-482b-43be-b880-374c9d80236f@group-A450223F1E4B->5e2225e2-45cd-49d2-96be-e03b029ea84f-AppendLogResponseHandler: received a reply 1133bb81-482b-43be-b880-374c9d80236f<-5e2225e2-45cd-49d2-96be-e03b029ea84f#3:OK,SUCCESS,nextIndex:1,term:1,followerCommit:0, request=AppendEntriesRequest:cid=3,entriesCount=0,lastEntry=null
2020-07-09 05:29:41,597 [grpc-default-executor-5] DEBUG server.GrpcLogAppender (GrpcLogAppender.java:onNext(257)) - 1133bb81-482b-43be-b880-374c9d80236f@group-A450223F1E4B->4309c1dc-11ba-4b32-9c48-fa0a859b84ea-AppendLogResponseHandler: received a reply 1133bb81-482b-43be-b880-374c9d80236f<-4309c1dc-11ba-4b32-9c48-fa0a859b84ea#3:OK,SUCCESS,nextIndex:1,term:1,followerCommit:0, request=AppendEntriesRequest:cid=3,entriesCount=0,lastEntry=null
2020-07-09 05:29:43,040 [ForkJoinPool.commonPool-worker-1] INFO  ozoneimpl.OzoneContainer (OzoneContainer.java:stop(246)) - Attempting to stop container services.
2020-07-09 05:29:43,040 [Listener at 127.0.0.1/10896] INFO  ozoneimpl.OzoneContainer (OzoneContainer.java:stop(246)) - Attempting to stop container services.
2020-07-09 05:29:43,041 [ForkJoinPool.commonPool-worker-1] INFO  impl.RaftServerProxy (RaftServerProxy.java:lambda$close$4(319)) - 1133bb81-482b-43be-b880-374c9d80236f: close
2020-07-09 05:29:43,041 [Listener at 127.0.0.1/10896] INFO  impl.RaftServerProxy (RaftServerProxy.java:lambda$close$4(319)) - 4309c1dc-11ba-4b32-9c48-fa0a859b84ea: close
2020-07-09 05:29:43,041 [ForkJoinPool.commonPool-worker-1] INFO  impl.RaftServerImpl (RaftServerImpl.java:lambda$shutdown$3(252)) - 1133bb81-482b-43be-b880-374c9d80236f@group-A450223F1E4B: shutdown
2020-07-09 05:29:43,041 [Listener at 127.0.0.1/10896] INFO  impl.RaftServerImpl (RaftServerImpl.java:lambda$shutdown$3(252)) - 4309c1dc-11ba-4b32-9c48-fa0a859b84ea@group-E1635B2ABB5F: shutdown
2020-07-09 05:29:43,042 [Listener at 127.0.0.1/10896] INFO  util.JmxRegister (JmxRegister.java:unregister(73)) - Successfully un-registered JMX Bean with object name Ratis:service=RaftServer,group=group-E1635B2ABB5F,id=4309c1dc-11ba-4b32-9c48-fa0a859b84ea
2020-07-09 05:29:43,042 [Listener at 127.0.0.1/10896] INFO  impl.RoleInfo (RoleInfo.java:shutdownLeaderState(104)) - 4309c1dc-11ba-4b32-9c48-fa0a859b84ea: shutdown LeaderState
2020-07-09 05:29:43,041 [ForkJoinPool.commonPool-worker-1] INFO  util.JmxRegister (JmxRegister.java:unregister(73)) - Successfully un-registered JMX Bean with object name Ratis:service=RaftServer,group=group-A450223F1E4B,id=1133bb81-482b-43be-b880-374c9d80236f
2020-07-09 05:29:43,042 [ForkJoinPool.commonPool-worker-1] INFO  impl.RoleInfo (RoleInfo.java:shutdownLeaderState(104)) - 1133bb81-482b-43be-b880-374c9d80236f: shutdown LeaderState
2020-07-09 05:29:43,042 [ForkJoinPool.commonPool-worker-1] INFO  metrics.RatisMetrics (RatisMetrics.java:unregister(43)) - Unregistering Metrics Registry : ratis_grpc.log_appender.1133bb81-482b-43be-b880-374c9d80236f@group-A450223F1E4B
2020-07-09 05:29:43,042 [Listener at 127.0.0.1/10896] INFO  impl.PendingRequests (PendingRequests.java:sendNotLeaderResponses(249)) - 4309c1dc-11ba-4b32-9c48-fa0a859b84ea@group-E1635B2ABB5F-PendingRequests: sendNotLeaderResponses
2020-07-09 05:29:43,043 [org.apache.ratis.server.impl.LogAppender$AppenderDaemon$$Lambda$336/666805858@6486679b] WARN  server.GrpcLogAppender (GrpcLogAppender.java:mayWait(153)) - 1133bb81-482b-43be-b880-374c9d80236f@group-A450223F1E4B->5e2225e2-45cd-49d2-96be-e03b029ea84f-GrpcLogAppender: Wait interrupted by java.lang.InterruptedException
2020-07-09 05:29:43,043 [ForkJoinPool.commonPool-worker-1] INFO  metrics.RatisMetrics (RatisMetrics.java:unregister(43)) - Unregistering Metrics Registry : ratis_grpc.log_appender.1133bb81-482b-43be-b880-374c9d80236f@group-A450223F1E4B
2020-07-09 05:29:43,045 [ForkJoinPool.commonPool-worker-1] INFO  impl.PendingRequests (PendingRequests.java:sendNotLeaderResponses(249)) - 1133bb81-482b-43be-b880-374c9d80236f@group-A450223F1E4B-PendingRequests: sendNotLeaderResponses
2020-07-09 05:29:43,046 [ForkJoinPool.commonPool-worker-1] INFO  metrics.RatisMetrics (RatisMetrics.java:unregister(43)) - Unregistering Metrics Registry : ratis.log_appender.1133bb81-482b-43be-b880-374c9d80236f@group-A450223F1E4B
2020-07-09 05:29:43,046 [ForkJoinPool.commonPool-worker-1] INFO  metrics.RatisMetrics (RatisMetrics.java:unregister(43)) - Unregistering Metrics Registry : ratis.server.1133bb81-482b-43be-b880-374c9d80236f@group-A450223F1E4B
2020-07-09 05:29:43,045 [Listener at 127.0.0.1/10896] INFO  metrics.RatisMetrics (RatisMetrics.java:unregister(43)) - Unregistering Metrics Registry : ratis.log_appender.4309c1dc-11ba-4b32-9c48-fa0a859b84ea@group-E1635B2ABB5F
2020-07-09 05:29:43,046 [Listener at 127.0.0.1/10896] INFO  metrics.RatisMetrics (RatisMetrics.java:unregister(43)) - Unregistering Metrics Registry : ratis.server.4309c1dc-11ba-4b32-9c48-fa0a859b84ea@group-E1635B2ABB5F
2020-07-09 05:29:43,045 [grpc-default-executor-5] INFO  server.GrpcServerProtocolService (GrpcServerProtocolService.java:onCompleted(138)) - 5e2225e2-45cd-49d2-96be-e03b029ea84f: Completed APPEND_ENTRIES, lastRequest: 1133bb81-482b-43be-b880-374c9d80236f->5e2225e2-45cd-49d2-96be-e03b029ea84f#1-t1, previous=(t:0, i:0), leaderCommit=0, initializing? false, entries: size=1, first=(t:1, i:0), CONFIGURATIONENTRY
2020-07-09 05:29:43,049 [grpc-default-executor-5] INFO  server.GrpcLogAppender (GrpcLogAppender.java:onCompleted(319)) - 1133bb81-482b-43be-b880-374c9d80236f@group-A450223F1E4B->5e2225e2-45cd-49d2-96be-e03b029ea84f-AppendLogResponseHandler: follower responses appendEntries COMPLETED
2020-07-09 05:29:43,047 [ForkJoinPool.commonPool-worker-1] INFO  impl.StateMachineUpdater (StateMachineUpdater.java:stopAndJoin(142)) - 1133bb81-482b-43be-b880-374c9d80236f@group-A450223F1E4B-StateMachineUpdater: set stopIndex = 0
2020-07-09 05:29:43,047 [1133bb81-482b-43be-b880-374c9d80236f@group-A450223F1E4B-StateMachineUpdater] INFO  ratis.ContainerStateMachine (ContainerStateMachine.java:takeSnapshot(293)) - group-A450223F1E4B: Taking a snapshot at:(t:1, i:0) file /github/workspace/mnt/ozone/hadoop-ozone/integration-test/target/test-dir/MiniOzoneClusterImpl-d39db876-f3fa-4cd0-af36-93cb9432015e/datanode-0/data/ratis/fc01eeae-b953-45d2-9d22-a450223f1e4b/sm/snapshot.1_0
2020-07-09 05:29:43,051 [grpc-default-executor-5] INFO  impl.FollowerInfo (FollowerInfo.java:lambda$new$0(51)) - 1133bb81-482b-43be-b880-374c9d80236f@group-A450223F1E4B->5e2225e2-45cd-49d2-96be-e03b029ea84f: nextIndex: updateUnconditionally 1 -> 0
2020-07-09 05:29:43,047 [org.apache.ratis.server.impl.LogAppender$AppenderDaemon$$Lambda$336/666805858@30fbeab3] WARN  server.GrpcLogAppender (GrpcLogAppender.java:mayWait(153)) - 1133bb81-482b-43be-b880-374c9d80236f@group-A450223F1E4B->4309c1dc-11ba-4b32-9c48-fa0a859b84ea-GrpcLogAppender: Wait interrupted by java.lang.InterruptedException
2020-07-09 05:29:43,050 [4309c1dc-11ba-4b32-9c48-fa0a859b84ea@group-E1635B2ABB5F-StateMachineUpdater] INFO  ratis.ContainerStateMachine (ContainerStateMachine.java:takeSnapshot(293)) - group-E1635B2ABB5F: Taking a snapshot at:(t:1, i:6) file /github/workspace/mnt/ozone/hadoop-ozone/integration-test/target/test-dir/MiniOzoneClusterImpl-d39db876-f3fa-4cd0-af36-93cb9432015e/datanode-1/data/ratis/d917e204-1528-48ca-b8ef-e1635b2abb5f/sm/snapshot.1_6
2020-07-09 05:29:43,050 [Listener at 127.0.0.1/10896] INFO  impl.StateMachineUpdater (StateMachineUpdater.java:stopAndJoin(142)) - 4309c1dc-11ba-4b32-9c48-fa0a859b84ea@group-E1635B2ABB5F-StateMachineUpdater: set stopIndex = 6
2020-07-09 05:29:43,053 [grpc-default-executor-5] INFO  server.GrpcServerProtocolService (GrpcServerProtocolService.java:onCompleted(138)) - 4309c1dc-11ba-4b32-9c48-fa0a859b84ea: Completed APPEND_ENTRIES, lastRequest: 1133bb81-482b-43be-b880-374c9d80236f->4309c1dc-11ba-4b32-9c48-fa0a859b84ea#1-t1, previous=(t:0, i:0), leaderCommit=0, initializing? false, entries: size=1, first=(t:1, i:0), CONFIGURATIONENTRY
2020-07-09 05:29:43,053 [1133bb81-482b-43be-b880-374c9d80236f@group-A450223F1E4B-StateMachineUpdater] INFO  ratis.ContainerStateMachine (ContainerStateMachine.java:takeSnapshot(304)) - group-A450223F1E4B: Finished taking a snapshot at:(t:1, i:0) file:/github/workspace/mnt/ozone/hadoop-ozone/integration-test/target/test-dir/MiniOzoneClusterImpl-d39db876-f3fa-4cd0-af36-93cb9432015e/datanode-0/data/ratis/fc01eeae-b953-45d2-9d22-a450223f1e4b/sm/snapshot.1_0 time:5
2020-07-09 05:29:43,053 [1133bb81-482b-43be-b880-374c9d80236f@group-A450223F1E4B-StateMachineUpdater] INFO  impl.StateMachineUpdater (StateMachineUpdater.java:takeSnapshot(277)) - 1133bb81-482b-43be-b880-374c9d80236f@group-A450223F1E4B-StateMachineUpdater: Took a snapshot at index 0
2020-07-09 05:29:43,053 [1133bb81-482b-43be-b880-374c9d80236f@group-A450223F1E4B-StateMachineUpdater] INFO  impl.StateMachineUpdater (StateMachineUpdater.java:lambda$new$0(87)) - 1133bb81-482b-43be-b880-374c9d80236f@group-A450223F1E4B-StateMachineUpdater: snapshotIndex: updateIncreasingly -1 -> 0
2020-07-09 05:29:43,053 [1133bb81-482b-43be-b880-374c9d80236f@group-A450223F1E4B-StateMachineUpdater] INFO  metrics.RatisMetrics (RatisMetrics.java:unregister(43)) - Unregistering Metrics Registry : ratis.state_machine.1133bb81-482b-43be-b880-374c9d80236f@group-A450223F1E4B
2020-07-09 05:29:43,054 [4309c1dc-11ba-4b32-9c48-fa0a859b84ea@group-E1635B2ABB5F-StateMachineUpdater] INFO  ratis.ContainerStateMachine (ContainerStateMachine.java:takeSnapshot(304)) - group-E1635B2ABB5F: Finished taking a snapshot at:(t:1, i:6) file:/github/workspace/mnt/ozone/hadoop-ozone/integration-test/target/test-dir/MiniOzoneClusterImpl-d39db876-f3fa-4cd0-af36-93cb9432015e/datanode-1/data/ratis/d917e204-1528-48ca-b8ef-e1635b2abb5f/sm/snapshot.1_6 time:3
2020-07-09 05:29:43,054 [4309c1dc-11ba-4b32-9c48-fa0a859b84ea@group-E1635B2ABB5F-StateMachineUpdater] INFO  impl.StateMachineUpdater (StateMachineUpdater.java:takeSnapshot(277)) - 4309c1dc-11ba-4b32-9c48-fa0a859b84ea@group-E1635B2ABB5F-StateMachineUpdater: Took a snapshot at index 6
2020-07-09 05:29:43,054 [4309c1dc-11ba-4b32-9c48-fa0a859b84ea@group-E1635B2ABB5F-StateMachineUpdater] INFO  impl.StateMachineUpdater (StateMachineUpdater.java:lambda$new$0(87)) - 4309c1dc-11ba-4b32-9c48-fa0a859b84ea@group-E1635B2ABB5F-StateMachineUpdater: snapshotIndex: updateIncreasingly -1 -> 6
2020-07-09 05:29:43,054 [4309c1dc-11ba-4b32-9c48-fa0a859b84ea@group-E1635B2ABB5F-StateMachineUpdater] INFO  metrics.RatisMetrics (RatisMetrics.java:unregister(43)) - Unregistering Metrics Registry : ratis.state_machine.4309c1dc-11ba-4b32-9c48-fa0a859b84ea@group-E1635B2ABB5F
2020-07-09 05:29:43,054 [Listener at 127.0.0.1/10896] INFO  impl.RaftServerImpl (ServerState.java:close(387)) - 4309c1dc-11ba-4b32-9c48-fa0a859b84ea@group-E1635B2ABB5F: closes. applyIndex: 6
2020-07-09 05:29:43,055 [4309c1dc-11ba-4b32-9c48-fa0a859b84ea@group-E1635B2ABB5F-SegmentedRaftLogWorker] INFO  segmented.SegmentedRaftLogWorker (SegmentedRaftLogWorker.java:run(327)) - 4309c1dc-11ba-4b32-9c48-fa0a859b84ea@group-E1635B2ABB5F-SegmentedRaftLogWorker was interrupted, exiting. There are 0 tasks remaining in the queue.
2020-07-09 05:29:43,055 [grpc-default-executor-5] INFO  server.GrpcLogAppender (GrpcLogAppender.java:onCompleted(319)) - 1133bb81-482b-43be-b880-374c9d80236f@group-A450223F1E4B->4309c1dc-11ba-4b32-9c48-fa0a859b84ea-AppendLogResponseHandler: follower responses appendEntries COMPLETED
2020-07-09 05:29:43,056 [grpc-default-executor-5] INFO  impl.FollowerInfo (FollowerInfo.java:lambda$new$0(51)) - 1133bb81-482b-43be-b880-374c9d80236f@group-A450223F1E4B->4309c1dc-11ba-4b32-9c48-fa0a859b84ea: nextIndex: updateUnconditionally 1 -> 0
2020-07-09 05:29:43,056 [Listener at 127.0.0.1/10896] INFO  segmented.SegmentedRaftLogWorker (SegmentedRaftLogWorker.java:close(234)) - 4309c1dc-11ba-4b32-9c48-fa0a859b84ea@group-E1635B2ABB5F-SegmentedRaftLogWorker close()
2020-07-09 05:29:43,057 [ForkJoinPool.commonPool-worker-1] INFO  impl.RaftServerImpl (ServerState.java:close(387)) - 1133bb81-482b-43be-b880-374c9d80236f@group-A450223F1E4B: closes. applyIndex: 0
2020-07-09 05:29:43,057 [Listener at 127.0.0.1/10896] INFO  metrics.RatisMetrics (RatisMetrics.java:unregister(43)) - Unregistering Metrics Registry : ratis.log_worker.4309c1dc-11ba-4b32-9c48-fa0a859b84ea@group-E1635B2ABB5F
2020-07-09 05:29:43,057 [1133bb81-482b-43be-b880-374c9d80236f@group-A450223F1E4B-SegmentedRaftLogWorker] INFO  segmented.SegmentedRaftLogWorker (SegmentedRaftLogWorker.java:run(327)) - 1133bb81-482b-43be-b880-374c9d80236f@group-A450223F1E4B-SegmentedRaftLogWorker was interrupted, exiting. There are 0 tasks remaining in the queue.
2020-07-09 05:29:43,058 [Listener at 127.0.0.1/10896] INFO  metrics.RatisMetrics (RatisMetrics.java:unregister(43)) - Unregistering Metrics Registry : ratis.leader_election.4309c1dc-11ba-4b32-9c48-fa0a859b84ea@group-E1635B2ABB5F
2020-07-09 05:29:43,058 [Listener at 127.0.0.1/10896] INFO  metrics.RatisMetrics (RatisMetrics.java:unregister(43)) - Unregistering Metrics Registry : ratis.server.4309c1dc-11ba-4b32-9c48-fa0a859b84ea@group-E1635B2ABB5F
2020-07-09 05:29:43,065 [Listener at 127.0.0.1/10896] INFO  impl.RaftServerImpl (RaftServerImpl.java:lambda$shutdown$3(252)) - 4309c1dc-11ba-4b32-9c48-fa0a859b84ea@group-A450223F1E4B: shutdown
2020-07-09 05:29:43,065 [Listener at 127.0.0.1/10896] INFO  util.JmxRegister (JmxRegister.java:unregister(73)) - Successfully un-registered JMX Bean with object name Ratis:service=RaftServer,group=group-A450223F1E4B,id=4309c1dc-11ba-4b32-9c48-fa0a859b84ea
2020-07-09 05:29:43,065 [Listener at 127.0.0.1/10896] INFO  impl.RoleInfo (RoleInfo.java:shutdownFollowerState(121)) - 4309c1dc-11ba-4b32-9c48-fa0a859b84ea: shutdown FollowerState
2020-07-09 05:29:43,058 [ForkJoinPool.commonPool-worker-1] INFO  segmented.SegmentedRaftLogWorker (SegmentedRaftLogWorker.java:close(234)) - 1133bb81-482b-43be-b880-374c9d80236f@group-A450223F1E4B-SegmentedRaftLogWorker close()
2020-07-09 05:29:43,066 [Thread-2191] INFO  impl.FollowerState (FollowerState.java:run(117)) - 4309c1dc-11ba-4b32-9c48-fa0a859b84ea@group-A450223F1E4B-FollowerState was interrupted: java.lang.InterruptedException: sleep interrupted
2020-07-09 05:29:43,066 [Listener at 127.0.0.1/10896] INFO  impl.StateMachineUpdater (StateMachineUpdater.java:stopAndJoin(142)) - 4309c1dc-11ba-4b32-9c48-fa0a859b84ea@group-A450223F1E4B-StateMachineUpdater: set stopIndex = 0
2020-07-09 05:29:43,067 [4309c1dc-11ba-4b32-9c48-fa0a859b84ea@group-A450223F1E4B-StateMachineUpdater] INFO  ratis.ContainerStateMachine (ContainerStateMachine.java:takeSnapshot(293)) - group-A450223F1E4B: Taking a snapshot at:(t:1, i:0) file /github/workspace/mnt/ozone/hadoop-ozone/integration-test/target/test-dir/MiniOzoneClusterImpl-d39db876-f3fa-4cd0-af36-93cb9432015e/datanode-1/data/ratis/fc01eeae-b953-45d2-9d22-a450223f1e4b/sm/snapshot.1_0
2020-07-09 05:29:43,067 [ForkJoinPool.commonPool-worker-1] INFO  metrics.RatisMetrics (RatisMetrics.java:unregister(43)) - Unregistering Metrics Registry : ratis.log_worker.1133bb81-482b-43be-b880-374c9d80236f@group-A450223F1E4B
2020-07-09 05:29:43,068 [ForkJoinPool.commonPool-worker-1] INFO  metrics.RatisMetrics (RatisMetrics.java:unregister(43)) - Unregistering Metrics Registry : ratis.leader_election.1133bb81-482b-43be-b880-374c9d80236f@group-A450223F1E4B
2020-07-09 05:29:43,068 [ForkJoinPool.commonPool-worker-1] INFO  metrics.RatisMetrics (RatisMetrics.java:unregister(43)) - Unregistering Metrics Registry : ratis.server.1133bb81-482b-43be-b880-374c9d80236f@group-A450223F1E4B
2020-07-09 05:29:43,068 [ForkJoinPool.commonPool-worker-1] INFO  impl.RaftServerImpl (RaftServerImpl.java:lambda$shutdown$3(252)) - 1133bb81-482b-43be-b880-374c9d80236f@group-EFCE6EED3C35: shutdown
2020-07-09 05:29:43,068 [ForkJoinPool.commonPool-worker-1] INFO  util.JmxRegister (JmxRegister.java:unregister(73)) - Successfully un-registered JMX Bean with object name Ratis:service=RaftServer,group=group-EFCE6EED3C35,id=1133bb81-482b-43be-b880-374c9d80236f
2020-07-09 05:29:43,068 [4309c1dc-11ba-4b32-9c48-fa0a859b84ea@group-A450223F1E4B-StateMachineUpdater] INFO  ratis.ContainerStateMachine (ContainerStateMachine.java:takeSnapshot(304)) - group-A450223F1E4B: Finished taking a snapshot at:(t:1, i:0) file:/github/workspace/mnt/ozone/hadoop-ozone/integration-test/target/test-dir/MiniOzoneClusterImpl-d39db876-f3fa-4cd0-af36-93cb9432015e/datanode-1/data/ratis/fc01eeae-b953-45d2-9d22-a450223f1e4b/sm/snapshot.1_0 time:1
2020-07-09 05:29:43,069 [ForkJoinPool.commonPool-worker-1] INFO  impl.RoleInfo (RoleInfo.java:shutdownLeaderState(104)) - 1133bb81-482b-43be-b880-374c9d80236f: shutdown LeaderState
2020-07-09 05:29:43,069 [ForkJoinPool.commonPool-worker-1] INFO  impl.PendingRequests (PendingRequests.java:sendNotLeaderResponses(249)) - 1133bb81-482b-43be-b880-374c9d80236f@group-EFCE6EED3C35-PendingRequests: sendNotLeaderResponses
2020-07-09 05:29:43,069 [4309c1dc-11ba-4b32-9c48-fa0a859b84ea@group-A450223F1E4B-StateMachineUpdater] INFO  impl.StateMachineUpdater (StateMachineUpdater.java:takeSnapshot(277)) - 4309c1dc-11ba-4b32-9c48-fa0a859b84ea@group-A450223F1E4B-StateMachineUpdater: Took a snapshot at index 0
2020-07-09 05:29:43,070 [4309c1dc-11ba-4b32-9c48-fa0a859b84ea@group-A450223F1E4B-StateMachineUpdater] INFO  impl.StateMachineUpdater (StateMachineUpdater.java:lambda$new$0(87)) - 4309c1dc-11ba-4b32-9c48-fa0a859b84ea@group-A450223F1E4B-StateMachineUpdater: snapshotIndex: updateIncreasingly -1 -> 0
2020-07-09 05:29:43,070 [ForkJoinPool.commonPool-worker-1] INFO  metrics.RatisMetrics (RatisMetrics.java:unregister(43)) - Unregistering Metrics Registry : ratis.log_appender.1133bb81-482b-43be-b880-374c9d80236f@group-EFCE6EED3C35
2020-07-09 05:29:43,070 [4309c1dc-11ba-4b32-9c48-fa0a859b84ea@group-A450223F1E4B-StateMachineUpdater] INFO  metrics.RatisMetrics (RatisMetrics.java:unregister(43)) - Unregistering Metrics Registry : ratis.state_machine.4309c1dc-11ba-4b32-9c48-fa0a859b84ea@group-A450223F1E4B
2020-07-09 05:29:43,070 [ForkJoinPool.commonPool-worker-1] INFO  metrics.RatisMetrics (RatisMetrics.java:unregister(43)) - Unregistering Metrics Registry : ratis.server.1133bb81-482b-43be-b880-374c9d80236f@group-EFCE6EED3C35
2020-07-09 05:29:43,071 [Listener at 127.0.0.1/10896] INFO  impl.RaftServerImpl (ServerState.java:close(387)) - 4309c1dc-11ba-4b32-9c48-fa0a859b84ea@group-A450223F1E4B: closes. applyIndex: 0
2020-07-09 05:29:43,071 [4309c1dc-11ba-4b32-9c48-fa0a859b84ea@group-A450223F1E4B-SegmentedRaftLogWorker] INFO  segmented.SegmentedRaftLogWorker (SegmentedRaftLogWorker.java:run(327)) - 4309c1dc-11ba-4b32-9c48-fa0a859b84ea@group-A450223F1E4B-SegmentedRaftLogWorker was interrupted, exiting. There are 0 tasks remaining in the queue.
2020-07-09 05:29:43,072 [1133bb81-482b-43be-b880-374c9d80236f@group-EFCE6EED3C35-StateMachineUpdater] INFO  ratis.ContainerStateMachine (ContainerStateMachine.java:takeSnapshot(293)) - group-EFCE6EED3C35: Taking a snapshot at:(t:1, i:6) file /github/workspace/mnt/ozone/hadoop-ozone/integration-test/target/test-dir/MiniOzoneClusterImpl-d39db876-f3fa-4cd0-af36-93cb9432015e/datanode-0/data/ratis/fe2b44e2-47cc-4119-9be0-efce6eed3c35/sm/snapshot.1_6
2020-07-09 05:29:43,073 [ForkJoinPool.commonPool-worker-1] INFO  impl.StateMachineUpdater (StateMachineUpdater.java:stopAndJoin(142)) - 1133bb81-482b-43be-b880-374c9d80236f@group-EFCE6EED3C35-StateMachineUpdater: set stopIndex = 6
2020-07-09 05:29:43,073 [Listener at 127.0.0.1/10896] INFO  segmented.SegmentedRaftLogWorker (SegmentedRaftLogWorker.java:close(234)) - 4309c1dc-11ba-4b32-9c48-fa0a859b84ea@group-A450223F1E4B-SegmentedRaftLogWorker close()
2020-07-09 05:29:43,073 [1133bb81-482b-43be-b880-374c9d80236f@group-EFCE6EED3C35-StateMachineUpdater] INFO  ratis.ContainerStateMachine (ContainerStateMachine.java:takeSnapshot(304)) - group-EFCE6EED3C35: Finished taking a snapshot at:(t:1, i:6) file:/github/workspace/mnt/ozone/hadoop-ozone/integration-test/target/test-dir/MiniOzoneClusterImpl-d39db876-f3fa-4cd0-af36-93cb9432015e/datanode-0/data/ratis/fe2b44e2-47cc-4119-9be0-efce6eed3c35/sm/snapshot.1_6 time:1
2020-07-09 05:29:43,074 [1133bb81-482b-43be-b880-374c9d80236f@group-EFCE6EED3C35-StateMachineUpdater] INFO  impl.StateMachineUpdater (StateMachineUpdater.java:takeSnapshot(277)) - 1133bb81-482b-43be-b880-374c9d80236f@group-EFCE6EED3C35-StateMachineUpdater: Took a snapshot at index 6
2020-07-09 05:29:43,074 [1133bb81-482b-43be-b880-374c9d80236f@group-EFCE6EED3C35-StateMachineUpdater] INFO  impl.StateMachineUpdater (StateMachineUpdater.java:lambda$new$0(87)) - 1133bb81-482b-43be-b880-374c9d80236f@group-EFCE6EED3C35-StateMachineUpdater: snapshotIndex: updateIncreasingly -1 -> 6
2020-07-09 05:29:43,074 [1133bb81-482b-43be-b880-374c9d80236f@group-EFCE6EED3C35-StateMachineUpdater] INFO  metrics.RatisMetrics (RatisMetrics.java:unregister(43)) - Unregistering Metrics Registry : ratis.state_machine.1133bb81-482b-43be-b880-374c9d80236f@group-EFCE6EED3C35
2020-07-09 05:29:43,074 [ForkJoinPool.commonPool-worker-1] INFO  impl.RaftServerImpl (ServerState.java:close(387)) - 1133bb81-482b-43be-b880-374c9d80236f@group-EFCE6EED3C35: closes. applyIndex: 6
2020-07-09 05:29:43,074 [1133bb81-482b-43be-b880-374c9d80236f@group-EFCE6EED3C35-SegmentedRaftLogWorker] INFO  segmented.SegmentedRaftLogWorker (SegmentedRaftLogWorker.java:run(327)) - 1133bb81-482b-43be-b880-374c9d80236f@group-EFCE6EED3C35-SegmentedRaftLogWorker was interrupted, exiting. There are 0 tasks remaining in the queue.
2020-07-09 05:29:43,076 [ForkJoinPool.commonPool-worker-1] INFO  segmented.SegmentedRaftLogWorker (SegmentedRaftLogWorker.java:close(234)) - 1133bb81-482b-43be-b880-374c9d80236f@group-EFCE6EED3C35-SegmentedRaftLogWorker close()
2020-07-09 05:29:43,077 [ForkJoinPool.commonPool-worker-1] INFO  metrics.RatisMetrics (RatisMetrics.java:unregister(43)) - Unregistering Metrics Registry : ratis.log_worker.1133bb81-482b-43be-b880-374c9d80236f@group-EFCE6EED3C35
2020-07-09 05:29:43,077 [ForkJoinPool.commonPool-worker-1] INFO  metrics.RatisMetrics (RatisMetrics.java:unregister(43)) - Unregistering Metrics Registry : ratis.leader_election.1133bb81-482b-43be-b880-374c9d80236f@group-EFCE6EED3C35
2020-07-09 05:29:43,077 [ForkJoinPool.commonPool-worker-1] INFO  metrics.RatisMetrics (RatisMetrics.java:unregister(43)) - Unregistering Metrics Registry : ratis.server.1133bb81-482b-43be-b880-374c9d80236f@group-EFCE6EED3C35
2020-07-09 05:29:43,077 [ForkJoinPool.commonPool-worker-1] INFO  server.GrpcService (GrpcService.java:closeImpl(166)) - 1133bb81-482b-43be-b880-374c9d80236f: shutdown server with port 36439 now
2020-07-09 05:29:43,078 [Listener at 127.0.0.1/10896] INFO  metrics.RatisMetrics (RatisMetrics.java:unregister(43)) - Unregistering Metrics Registry : ratis.log_worker.4309c1dc-11ba-4b32-9c48-fa0a859b84ea@group-A450223F1E4B
2020-07-09 05:29:43,079 [Listener at 127.0.0.1/10896] INFO  metrics.RatisMetrics (RatisMetrics.java:unregister(43)) - Unregistering Metrics Registry : ratis.leader_election.4309c1dc-11ba-4b32-9c48-fa0a859b84ea@group-A450223F1E4B
2020-07-09 05:29:43,079 [Listener at 127.0.0.1/10896] INFO  metrics.RatisMetrics (RatisMetrics.java:unregister(43)) - Unregistering Metrics Registry : ratis.server.4309c1dc-11ba-4b32-9c48-fa0a859b84ea@group-A450223F1E4B
2020-07-09 05:29:43,079 [ForkJoinPool.commonPool-worker-1] INFO  server.GrpcService (GrpcService.java:closeImpl(174)) - 1133bb81-482b-43be-b880-374c9d80236f: shutdown server with port 36439 successfully
2020-07-09 05:29:43,080 [Listener at 127.0.0.1/10896] INFO  server.GrpcService (GrpcService.java:closeImpl(166)) - 4309c1dc-11ba-4b32-9c48-fa0a859b84ea: shutdown server with port 36571 now
2020-07-09 05:29:43,082 [ForkJoinPool.commonPool-worker-1] INFO  utils.BackgroundService (BackgroundService.java:shutdown(157)) - Shutting down service BlockDeletingService
2020-07-09 05:29:43,094 [ForkJoinPool.commonPool-worker-1] INFO  statemachine.DatanodeStateMachine (DatanodeStateMachine.java:stopDaemon(428)) - Ozone container server stopped.
2020-07-09 05:29:43,094 [Listener at 127.0.0.1/10896] INFO  server.GrpcService (GrpcService.java:closeImpl(174)) - 4309c1dc-11ba-4b32-9c48-fa0a859b84ea: shutdown server with port 36571 successfully
2020-07-09 05:29:43,101 [ForkJoinPool.commonPool-worker-1] INFO  handler.ContextHandler (ContextHandler.java:doStop(1016)) - Stopped o.e.j.w.WebAppContext@4180bd42{hddsDatanode,/,null,UNAVAILABLE}{jar:file:/home/user/.m2/repository/org/apache/hadoop/hadoop-hdds-container-service/0.6.0-SNAPSHOT/hadoop-hdds-container-service-0.6.0-SNAPSHOT.jar!/webapps/hddsDatanode}
2020-07-09 05:29:43,102 [Listener at 127.0.0.1/10896] INFO  utils.BackgroundService (BackgroundService.java:shutdown(157)) - Shutting down service BlockDeletingService
2020-07-09 05:29:43,103 [ForkJoinPool.commonPool-worker-1] INFO  server.AbstractConnector (AbstractConnector.java:doStop(380)) - Stopped ServerConnector@7c3ca628{HTTP/1.1,[http/1.1]}{0.0.0.0:0}
2020-07-09 05:29:43,103 [ForkJoinPool.commonPool-worker-1] INFO  server.session (HouseKeeper.java:stopScavenging(158)) - node0 Stopped scavenging
2020-07-09 05:29:43,107 [ForkJoinPool.commonPool-worker-1] INFO  handler.ContextHandler (ContextHandler.java:doStop(1016)) - Stopped o.e.j.s.ServletContextHandler@d20db32{static,/static,jar:file:/home/user/.m2/repository/org/apache/hadoop/hadoop-hdds-container-service/0.6.0-SNAPSHOT/hadoop-hdds-container-service-0.6.0-SNAPSHOT.jar!/webapps/static,UNAVAILABLE}
2020-07-09 05:29:43,107 [Listener at 127.0.0.1/10896] INFO  statemachine.DatanodeStateMachine (DatanodeStateMachine.java:stopDaemon(428)) - Ozone container server stopped.
2020-07-09 05:29:43,108 [ForkJoinPool.commonPool-worker-1] INFO  handler.ContextHandler (ContextHandler.java:doStop(1016)) - Stopped o.e.j.s.ServletContextHandler@630318ab{logs,/logs,file:///github/workspace/mnt/ozone/hadoop-ozone/integration-test/target/log,UNAVAILABLE}
2020-07-09 05:29:43,109 [Listener at 127.0.0.1/10896] INFO  handler.ContextHandler (ContextHandler.java:doStop(1016)) - Stopped o.e.j.w.WebAppContext@2949ea06{hddsDatanode,/,null,UNAVAILABLE}{jar:file:/home/user/.m2/repository/org/apache/hadoop/hadoop-hdds-container-service/0.6.0-SNAPSHOT/hadoop-hdds-container-service-0.6.0-SNAPSHOT.jar!/webapps/hddsDatanode}
2020-07-09 05:29:43,110 [Listener at 127.0.0.1/10896] INFO  server.AbstractConnector (AbstractConnector.java:doStop(380)) - Stopped ServerConnector@104241cf{HTTP/1.1,[http/1.1]}{0.0.0.0:0}
2020-07-09 05:29:43,110 [Listener at 127.0.0.1/10896] INFO  server.session (HouseKeeper.java:stopScavenging(158)) - node0 Stopped scavenging
2020-07-09 05:29:43,110 [Listener at 127.0.0.1/10896] INFO  handler.ContextHandler (ContextHandler.java:doStop(1016)) - Stopped o.e.j.s.ServletContextHandler@5358553f{static,/static,jar:file:/home/user/.m2/repository/org/apache/hadoop/hadoop-hdds-container-service/0.6.0-SNAPSHOT/hadoop-hdds-container-service-0.6.0-SNAPSHOT.jar!/webapps/static,UNAVAILABLE}
2020-07-09 05:29:43,110 [Listener at 127.0.0.1/10896] INFO  handler.ContextHandler (ContextHandler.java:doStop(1016)) - Stopped o.e.j.s.ServletContextHandler@36bf3544{logs,/logs,file:///github/workspace/mnt/ozone/hadoop-ozone/integration-test/target/log,UNAVAILABLE}
2020-07-09 05:29:43,727 [Datanode State Machine Thread - 0] INFO  statemachine.DatanodeStateMachine (DatanodeStateMachine.java:lambda$startDaemon$0(380)) - Ozone container server started.
2020-07-09 05:29:46,780 [Thread-2192] INFO  impl.FollowerState (FollowerState.java:run(108)) - 5e2225e2-45cd-49d2-96be-e03b029ea84f@group-A450223F1E4B-FollowerState: change to CANDIDATE, lastRpcTime:5187ms, electionTimeout:5097ms
2020-07-09 05:29:46,780 [Thread-2192] INFO  impl.RoleInfo (RoleInfo.java:shutdownFollowerState(121)) - 5e2225e2-45cd-49d2-96be-e03b029ea84f: shutdown FollowerState
2020-07-09 05:29:46,780 [Thread-2192] INFO  impl.RaftServerImpl (RaftServerImpl.java:setRole(175)) - 5e2225e2-45cd-49d2-96be-e03b029ea84f@group-A450223F1E4B: changes role from  FOLLOWER to CANDIDATE at term 1 for changeToCandidate
2020-07-09 05:29:46,781 [Thread-2192] INFO  impl.RoleInfo (RoleInfo.java:updateAndGet(143)) - 5e2225e2-45cd-49d2-96be-e03b029ea84f: start LeaderElection
2020-07-09 05:29:46,782 [5e2225e2-45cd-49d2-96be-e03b029ea84f@group-A450223F1E4B-LeaderElection36] INFO  impl.RaftServerImpl (ServerState.java:setLeader(255)) - 5e2225e2-45cd-49d2-96be-e03b029ea84f@group-A450223F1E4B: change Leader from 1133bb81-482b-43be-b880-374c9d80236f to null at term 1 for initElection
2020-07-09 05:29:46,784 [5e2225e2-45cd-49d2-96be-e03b029ea84f@group-A450223F1E4B-LeaderElection36] INFO  impl.LeaderElection (LeaderElection.java:askForVotes(206)) - 5e2225e2-45cd-49d2-96be-e03b029ea84f@group-A450223F1E4B-LeaderElection36: begin an election at term 2 for 0: [1133bb81-482b-43be-b880-374c9d80236f:172.17.0.2:36439, 5e2225e2-45cd-49d2-96be-e03b029ea84f:172.17.0.2:38651, 4309c1dc-11ba-4b32-9c48-fa0a859b84ea:172.17.0.2:36571], old=null
2020-07-09 05:29:46,789 [5e2225e2-45cd-49d2-96be-e03b029ea84f@group-A450223F1E4B-LeaderElection36] INFO  impl.LeaderElection (LogUtils.java:infoOrTrace(137)) - 5e2225e2-45cd-49d2-96be-e03b029ea84f@group-A450223F1E4B-LeaderElection36 got exception when requesting votes: java.util.concurrent.ExecutionException: org.apache.ratis.thirdparty.io.grpc.StatusRuntimeException: UNAVAILABLE: io exception
2020-07-09 05:29:46,791 [5e2225e2-45cd-49d2-96be-e03b029ea84f@group-A450223F1E4B-LeaderElection36] INFO  impl.LeaderElection (LogUtils.java:infoOrTrace(137)) - 5e2225e2-45cd-49d2-96be-e03b029ea84f@group-A450223F1E4B-LeaderElection36 got exception when requesting votes: java.util.concurrent.ExecutionException: org.apache.ratis.thirdparty.io.grpc.StatusRuntimeException: UNAVAILABLE: io exception
2020-07-09 05:29:46,791 [5e2225e2-45cd-49d2-96be-e03b029ea84f@group-A450223F1E4B-LeaderElection36] INFO  impl.LeaderElection (LeaderElection.java:logAndReturn(61)) - 5e2225e2-45cd-49d2-96be-e03b029ea84f@group-A450223F1E4B-LeaderElection36: Election REJECTED; received 0 response(s) [] and 2 exception(s); 5e2225e2-45cd-49d2-96be-e03b029ea84f@group-A450223F1E4B:t2, leader=null, voted=5e2225e2-45cd-49d2-96be-e03b029ea84f, raftlog=5e2225e2-45cd-49d2-96be-e03b029ea84f@group-A450223F1E4B-SegmentedRaftLog:OPENED:c0,f0,i0, conf=0: [1133bb81-482b-43be-b880-374c9d80236f:172.17.0.2:36439, 5e2225e2-45cd-49d2-96be-e03b029ea84f:172.17.0.2:38651, 4309c1dc-11ba-4b32-9c48-fa0a859b84ea:172.17.0.2:36571], old=null
2020-07-09 05:29:46,792 [5e2225e2-45cd-49d2-96be-e03b029ea84f@group-A450223F1E4B-LeaderElection36] INFO  impl.LeaderElection (LogUtils.java:infoOrTrace(137)) -   Exception 0: java.util.concurrent.ExecutionException: org.apache.ratis.thirdparty.io.grpc.StatusRuntimeException: UNAVAILABLE: io exception
2020-07-09 05:29:46,792 [5e2225e2-45cd-49d2-96be-e03b029ea84f@group-A450223F1E4B-LeaderElection36] INFO  impl.LeaderElection (LogUtils.java:infoOrTrace(137)) -   Exception 1: java.util.concurrent.ExecutionException: org.apache.ratis.thirdparty.io.grpc.StatusRuntimeException: UNAVAILABLE: io exception
2020-07-09 05:29:46,792 [5e2225e2-45cd-49d2-96be-e03b029ea84f@group-A450223F1E4B-LeaderElection36] INFO  impl.RaftServerImpl (RaftServerImpl.java:setRole(175)) - 5e2225e2-45cd-49d2-96be-e03b029ea84f@group-A450223F1E4B: changes role from CANDIDATE to FOLLOWER at term 2 for DISCOVERED_A_NEW_TERM
2020-07-09 05:29:46,792 [5e2225e2-45cd-49d2-96be-e03b029ea84f@group-A450223F1E4B-LeaderElection36] INFO  impl.RoleInfo (RoleInfo.java:shutdownLeaderElection(134)) - 5e2225e2-45cd-49d2-96be-e03b029ea84f: shutdown LeaderElection
2020-07-09 05:29:46,792 [5e2225e2-45cd-49d2-96be-e03b029ea84f@group-A450223F1E4B-LeaderElection36] INFO  impl.RoleInfo (RoleInfo.java:updateAndGet(143)) - 5e2225e2-45cd-49d2-96be-e03b029ea84f: start FollowerState
2020-07-09 05:29:48,112 [ForkJoinPool.commonPool-worker-1] INFO  ozoneimpl.OzoneContainer (OzoneContainer.java:stop(246)) - Attempting to stop container services.
2020-07-09 05:29:48,114 [ForkJoinPool.commonPool-worker-1] INFO  impl.RaftServerProxy (RaftServerProxy.java:lambda$close$4(319)) - 5e2225e2-45cd-49d2-96be-e03b029ea84f: close
2020-07-09 05:29:48,114 [ForkJoinPool.commonPool-worker-1] INFO  impl.RaftServerImpl (RaftServerImpl.java:lambda$shutdown$3(252)) - 5e2225e2-45cd-49d2-96be-e03b029ea84f@group-A450223F1E4B: shutdown
2020-07-09 05:29:48,114 [ForkJoinPool.commonPool-worker-1] INFO  util.JmxRegister (JmxRegister.java:unregister(73)) - Successfully un-registered JMX Bean with object name Ratis:service=RaftServer,group=group-A450223F1E4B,id=5e2225e2-45cd-49d2-96be-e03b029ea84f
2020-07-09 05:29:48,114 [ForkJoinPool.commonPool-worker-1] INFO  impl.RoleInfo (RoleInfo.java:shutdownFollowerState(121)) - 5e2225e2-45cd-49d2-96be-e03b029ea84f: shutdown FollowerState
2020-07-09 05:29:48,115 [ForkJoinPool.commonPool-worker-1] INFO  impl.StateMachineUpdater (StateMachineUpdater.java:stopAndJoin(142)) - 5e2225e2-45cd-49d2-96be-e03b029ea84f@group-A450223F1E4B-StateMachineUpdater: set stopIndex = 0
2020-07-09 05:29:48,115 [Thread-2295] INFO  impl.FollowerState (FollowerState.java:run(117)) - 5e2225e2-45cd-49d2-96be-e03b029ea84f@group-A450223F1E4B-FollowerState was interrupted: java.lang.InterruptedException: sleep interrupted
2020-07-09 05:29:48,115 [5e2225e2-45cd-49d2-96be-e03b029ea84f@group-A450223F1E4B-StateMachineUpdater] INFO  ratis.ContainerStateMachine (ContainerStateMachine.java:takeSnapshot(293)) - group-A450223F1E4B: Taking a snapshot at:(t:1, i:0) file /github/workspace/mnt/ozone/hadoop-ozone/integration-test/target/test-dir/MiniOzoneClusterImpl-d39db876-f3fa-4cd0-af36-93cb9432015e/datanode-2/data/ratis/fc01eeae-b953-45d2-9d22-a450223f1e4b/sm/snapshot.1_0
2020-07-09 05:29:48,116 [5e2225e2-45cd-49d2-96be-e03b029ea84f@group-A450223F1E4B-StateMachineUpdater] INFO  ratis.ContainerStateMachine (ContainerStateMachine.java:takeSnapshot(304)) - group-A450223F1E4B: Finished taking a snapshot at:(t:1, i:0) file:/github/workspace/mnt/ozone/hadoop-ozone/integration-test/target/test-dir/MiniOzoneClusterImpl-d39db876-f3fa-4cd0-af36-93cb9432015e/datanode-2/data/ratis/fc01eeae-b953-45d2-9d22-a450223f1e4b/sm/snapshot.1_0 time:0
2020-07-09 05:29:48,116 [5e2225e2-45cd-49d2-96be-e03b029ea84f@group-A450223F1E4B-StateMachineUpdater] INFO  impl.StateMachineUpdater (StateMachineUpdater.java:takeSnapshot(277)) - 5e2225e2-45cd-49d2-96be-e03b029ea84f@group-A450223F1E4B-StateMachineUpdater: Took a snapshot at index 0
2020-07-09 05:29:48,116 [5e2225e2-45cd-49d2-96be-e03b029ea84f@group-A450223F1E4B-StateMachineUpdater] INFO  impl.StateMachineUpdater (StateMachineUpdater.java:lambda$new$0(87)) - 5e2225e2-45cd-49d2-96be-e03b029ea84f@group-A450223F1E4B-StateMachineUpdater: snapshotIndex: updateIncreasingly -1 -> 0
2020-07-09 05:29:48,117 [5e2225e2-45cd-49d2-96be-e03b029ea84f@group-A450223F1E4B-StateMachineUpdater] INFO  metrics.RatisMetrics (RatisMetrics.java:unregister(43)) - Unregistering Metrics Registry : ratis.state_machine.5e2225e2-45cd-49d2-96be-e03b029ea84f@group-A450223F1E4B
2020-07-09 05:29:48,117 [ForkJoinPool.commonPool-worker-1] INFO  impl.RaftServerImpl (ServerState.java:close(387)) - 5e2225e2-45cd-49d2-96be-e03b029ea84f@group-A450223F1E4B: closes. applyIndex: 0
2020-07-09 05:29:48,118 [5e2225e2-45cd-49d2-96be-e03b029ea84f@group-A450223F1E4B-SegmentedRaftLogWorker] INFO  segmented.SegmentedRaftLogWorker (SegmentedRaftLogWorker.java:run(327)) - 5e2225e2-45cd-49d2-96be-e03b029ea84f@group-A450223F1E4B-SegmentedRaftLogWorker was interrupted, exiting. There are 0 tasks remaining in the queue.
2020-07-09 05:29:48,118 [ForkJoinPool.commonPool-worker-1] INFO  segmented.SegmentedRaftLogWorker (SegmentedRaftLogWorker.java:close(234)) - 5e2225e2-45cd-49d2-96be-e03b029ea84f@group-A450223F1E4B-SegmentedRaftLogWorker close()
2020-07-09 05:29:48,119 [ForkJoinPool.commonPool-worker-1] INFO  metrics.RatisMetrics (RatisMetrics.java:unregister(43)) - Unregistering Metrics Registry : ratis.log_worker.5e2225e2-45cd-49d2-96be-e03b029ea84f@group-A450223F1E4B
2020-07-09 05:29:48,119 [ForkJoinPool.commonPool-worker-1] INFO  metrics.RatisMetrics (RatisMetrics.java:unregister(43)) - Unregistering Metrics Registry : ratis.leader_election.5e2225e2-45cd-49d2-96be-e03b029ea84f@group-A450223F1E4B
2020-07-09 05:29:48,120 [ForkJoinPool.commonPool-worker-1] INFO  metrics.RatisMetrics (RatisMetrics.java:unregister(43)) - Unregistering Metrics Registry : ratis.server.5e2225e2-45cd-49d2-96be-e03b029ea84f@group-A450223F1E4B
2020-07-09 05:29:48,120 [ForkJoinPool.commonPool-worker-1] INFO  impl.RaftServerImpl (RaftServerImpl.java:lambda$shutdown$3(252)) - 5e2225e2-45cd-49d2-96be-e03b029ea84f@group-74AB2A162E37: shutdown
2020-07-09 05:29:48,120 [ForkJoinPool.commonPool-worker-1] INFO  util.JmxRegister (JmxRegister.java:unregister(73)) - Successfully un-registered JMX Bean with object name Ratis:service=RaftServer,group=group-74AB2A162E37,id=5e2225e2-45cd-49d2-96be-e03b029ea84f
2020-07-09 05:29:48,120 [ForkJoinPool.commonPool-worker-1] INFO  impl.RoleInfo (RoleInfo.java:shutdownLeaderState(104)) - 5e2225e2-45cd-49d2-96be-e03b029ea84f: shutdown LeaderState
2020-07-09 05:29:48,120 [ForkJoinPool.commonPool-worker-1] INFO  impl.PendingRequests (PendingRequests.java:sendNotLeaderResponses(249)) - 5e2225e2-45cd-49d2-96be-e03b029ea84f@group-74AB2A162E37-PendingRequests: sendNotLeaderResponses
2020-07-09 05:29:48,120 [ForkJoinPool.commonPool-worker-1] INFO  metrics.RatisMetrics (RatisMetrics.java:unregister(43)) - Unregistering Metrics Registry : ratis.log_appender.5e2225e2-45cd-49d2-96be-e03b029ea84f@group-74AB2A162E37
2020-07-09 05:29:48,120 [ForkJoinPool.commonPool-worker-1] INFO  metrics.RatisMetrics (RatisMetrics.java:unregister(43)) - Unregistering Metrics Registry : ratis.server.5e2225e2-45cd-49d2-96be-e03b029ea84f@group-74AB2A162E37
2020-07-09 05:29:48,122 [ForkJoinPool.commonPool-worker-1] INFO  impl.StateMachineUpdater (StateMachineUpdater.java:stopAndJoin(142)) - 5e2225e2-45cd-49d2-96be-e03b029ea84f@group-74AB2A162E37-StateMachineUpdater: set stopIndex = 0
2020-07-09 05:29:48,122 [5e2225e2-45cd-49d2-96be-e03b029ea84f@group-74AB2A162E37-StateMachineUpdater] INFO  ratis.ContainerStateMachine (ContainerStateMachine.java:takeSnapshot(293)) - group-74AB2A162E37: Taking a snapshot at:(t:1, i:0) file /github/workspace/mnt/ozone/hadoop-ozone/integration-test/target/test-dir/MiniOzoneClusterImpl-d39db876-f3fa-4cd0-af36-93cb9432015e/datanode-2/data/ratis/a21a46bd-3495-4abf-a669-74ab2a162e37/sm/snapshot.1_0
2020-07-09 05:29:48,123 [5e2225e2-45cd-49d2-96be-e03b029ea84f@group-74AB2A162E37-StateMachineUpdater] INFO  ratis.ContainerStateMachine (ContainerStateMachine.java:takeSnapshot(304)) - group-74AB2A162E37: Finished taking a snapshot at:(t:1, i:0) file:/github/workspace/mnt/ozone/hadoop-ozone/integration-test/target/test-dir/MiniOzoneClusterImpl-d39db876-f3fa-4cd0-af36-93cb9432015e/datanode-2/data/ratis/a21a46bd-3495-4abf-a669-74ab2a162e37/sm/snapshot.1_0 time:0
2020-07-09 05:29:48,123 [5e2225e2-45cd-49d2-96be-e03b029ea84f@group-74AB2A162E37-StateMachineUpdater] INFO  impl.StateMachineUpdater (StateMachineUpdater.java:takeSnapshot(277)) - 5e2225e2-45cd-49d2-96be-e03b029ea84f@group-74AB2A162E37-StateMachineUpdater: Took a snapshot at index 0
2020-07-09 05:29:48,123 [5e2225e2-45cd-49d2-96be-e03b029ea84f@group-74AB2A162E37-StateMachineUpdater] INFO  impl.StateMachineUpdater (StateMachineUpdater.java:lambda$new$0(87)) - 5e2225e2-45cd-49d2-96be-e03b029ea84f@group-74AB2A162E37-StateMachineUpdater: snapshotIndex: updateIncreasingly -1 -> 0
2020-07-09 05:29:48,123 [5e2225e2-45cd-49d2-96be-e03b029ea84f@group-74AB2A162E37-StateMachineUpdater] INFO  metrics.RatisMetrics (RatisMetrics.java:unregister(43)) - Unregistering Metrics Registry : ratis.state_machine.5e2225e2-45cd-49d2-96be-e03b029ea84f@group-74AB2A162E37
2020-07-09 05:29:48,124 [ForkJoinPool.commonPool-worker-1] INFO  impl.RaftServerImpl (ServerState.java:close(387)) - 5e2225e2-45cd-49d2-96be-e03b029ea84f@group-74AB2A162E37: closes. applyIndex: 0
2020-07-09 05:29:48,124 [5e2225e2-45cd-49d2-96be-e03b029ea84f@group-74AB2A162E37-SegmentedRaftLogWorker] INFO  segmented.SegmentedRaftLogWorker (SegmentedRaftLogWorker.java:run(327)) - 5e2225e2-45cd-49d2-96be-e03b029ea84f@group-74AB2A162E37-SegmentedRaftLogWorker was interrupted, exiting. There are 0 tasks remaining in the queue.
2020-07-09 05:29:48,124 [ForkJoinPool.commonPool-worker-1] INFO  segmented.SegmentedRaftLogWorker (SegmentedRaftLogWorker.java:close(234)) - 5e2225e2-45cd-49d2-96be-e03b029ea84f@group-74AB2A162E37-SegmentedRaftLogWorker close()
2020-07-09 05:29:48,125 [ForkJoinPool.commonPool-worker-1] INFO  metrics.RatisMetrics (RatisMetrics.java:unregister(43)) - Unregistering Metrics Registry : ratis.log_worker.5e2225e2-45cd-49d2-96be-e03b029ea84f@group-74AB2A162E37
2020-07-09 05:29:48,125 [ForkJoinPool.commonPool-worker-1] INFO  metrics.RatisMetrics (RatisMetrics.java:unregister(43)) - Unregistering Metrics Registry : ratis.leader_election.5e2225e2-45cd-49d2-96be-e03b029ea84f@group-74AB2A162E37
2020-07-09 05:29:48,125 [ForkJoinPool.commonPool-worker-1] INFO  metrics.RatisMetrics (RatisMetrics.java:unregister(43)) - Unregistering Metrics Registry : ratis.server.5e2225e2-45cd-49d2-96be-e03b029ea84f@group-74AB2A162E37
2020-07-09 05:29:48,125 [ForkJoinPool.commonPool-worker-1] INFO  server.GrpcService (GrpcService.java:closeImpl(166)) - 5e2225e2-45cd-49d2-96be-e03b029ea84f: shutdown server with port 38651 now
2020-07-09 05:29:48,127 [ForkJoinPool.commonPool-worker-1] INFO  server.GrpcService (GrpcService.java:closeImpl(174)) - 5e2225e2-45cd-49d2-96be-e03b029ea84f: shutdown server with port 38651 successfully
2020-07-09 05:29:48,135 [ForkJoinPool.commonPool-worker-1] INFO  utils.BackgroundService (BackgroundService.java:shutdown(157)) - Shutting down service BlockDeletingService
2020-07-09 05:29:48,143 [ForkJoinPool.commonPool-worker-1] INFO  statemachine.DatanodeStateMachine (DatanodeStateMachine.java:stopDaemon(428)) - Ozone container server stopped.
2020-07-09 05:29:48,144 [ForkJoinPool.commonPool-worker-1] INFO  handler.ContextHandler (ContextHandler.java:doStop(1016)) - Stopped o.e.j.w.WebAppContext@5660cf4{hddsDatanode,/,null,UNAVAILABLE}{jar:file:/home/user/.m2/repository/org/apache/hadoop/hadoop-hdds-container-service/0.6.0-SNAPSHOT/hadoop-hdds-container-service-0.6.0-SNAPSHOT.jar!/webapps/hddsDatanode}
2020-07-09 05:29:48,145 [ForkJoinPool.commonPool-worker-1] INFO  server.AbstractConnector (AbstractConnector.java:doStop(380)) - Stopped ServerConnector@5484f2c4{HTTP/1.1,[http/1.1]}{0.0.0.0:0}
2020-07-09 05:29:48,145 [ForkJoinPool.commonPool-worker-1] INFO  server.session (HouseKeeper.java:stopScavenging(158)) - node0 Stopped scavenging
2020-07-09 05:29:48,147 [ForkJoinPool.commonPool-worker-1] INFO  handler.ContextHandler (ContextHandler.java:doStop(1016)) - Stopped o.e.j.s.ServletContextHandler@1e3b5a7d{static,/static,jar:file:/home/user/.m2/repository/org/apache/hadoop/hadoop-hdds-container-service/0.6.0-SNAPSHOT/hadoop-hdds-container-service-0.6.0-SNAPSHOT.jar!/webapps/static,UNAVAILABLE}
2020-07-09 05:29:48,147 [ForkJoinPool.commonPool-worker-1] INFO  handler.ContextHandler (ContextHandler.java:doStop(1016)) - Stopped o.e.j.s.ServletContextHandler@1af1da22{logs,/logs,file:///github/workspace/mnt/ozone/hadoop-ozone/integration-test/target/log,UNAVAILABLE}
2020-07-09 05:29:48,149 [Listener at 127.0.0.1/10896] INFO  ozone.MiniOzoneClusterImpl (MiniOzoneClusterImpl.java:stopSCM(476)) - Stopping the StorageContainerManager
2020-07-09 05:29:48,149 [Listener at 127.0.0.1/10896] INFO  server.StorageContainerManager (StorageContainerManager.java:stop(825)) - Stopping Replication Manager Service.
2020-07-09 05:29:48,149 [Listener at 127.0.0.1/10896] INFO  container.ReplicationManager (ReplicationManager.java:stop(218)) - Stopping Replication Monitor Thread.
2020-07-09 05:29:48,150 [Listener at 127.0.0.1/10896] INFO  server.StorageContainerManager (StorageContainerManager.java:stop(832)) - Stopping Lease Manager of the command watchers
2020-07-09 05:29:48,150 [Listener at 127.0.0.1/10896] INFO  server.StorageContainerManager (StorageContainerManager.java:stop(839)) - Stopping datanode service RPC server
2020-07-09 05:29:48,150 [CommandWatcher-LeaseManager#LeaseMonitor] ERROR lease.LeaseManager (LeaseManager.java:run(238)) - Execution was interrupted 
java.lang.InterruptedException: sleep interrupted
	at java.lang.Thread.sleep(Native Method)
	at org.apache.hadoop.ozone.lease.LeaseManager$LeaseMonitor.run(LeaseManager.java:234)
	at java.lang.Thread.run(Thread.java:748)
2020-07-09 05:29:48,150 [Listener at 127.0.0.1/10896] INFO  server.SCMDatanodeProtocolServer (SCMDatanodeProtocolServer.java:stop(361)) - Stopping the RPC server for DataNodes
2020-07-09 05:29:48,150 [Listener at 127.0.0.1/10896] INFO  ipc.Server (Server.java:stop(3359)) - Stopping server on 36787
2020-07-09 05:29:48,153 [IPC Server listener on 0] INFO  ipc.Server (Server.java:run(1330)) - Stopping IPC Server listener on 0
2020-07-09 05:29:48,153 [IPC Server Responder] INFO  ipc.Server (Server.java:run(1465)) - Stopping IPC Server Responder
2020-07-09 05:29:48,183 [SCM Heartbeat Processing Thread - 0] WARN  node.NodeStateManager (NodeStateManager.java:scheduleNextHealthCheck(661)) - Current Thread is interrupted, shutting down HB processing thread for Node Manager.
2020-07-09 05:29:48,183 [Listener at 127.0.0.1/10896] INFO  server.StorageContainerManager (StorageContainerManager.java:stop(847)) - Stopping block service RPC server
2020-07-09 05:29:48,183 [Listener at 127.0.0.1/10896] INFO  server.SCMBlockProtocolServer (SCMBlockProtocolServer.java:stop(158)) - Stopping the RPC server for Block Protocol
2020-07-09 05:29:48,183 [Listener at 127.0.0.1/10896] INFO  ipc.Server (Server.java:stop(3359)) - Stopping server on 35295
2020-07-09 05:29:48,186 [IPC Server Responder] INFO  ipc.Server (Server.java:run(1465)) - Stopping IPC Server Responder
2020-07-09 05:29:48,186 [Listener at 127.0.0.1/10896] INFO  server.StorageContainerManager (StorageContainerManager.java:stop(854)) - Stopping the StorageContainerLocationProtocol RPC server
2020-07-09 05:29:48,186 [Listener at 127.0.0.1/10896] INFO  server.SCMClientProtocolServer (SCMClientProtocolServer.java:stop(165)) - Stopping the RPC server for Client Protocol
2020-07-09 05:29:48,186 [Listener at 127.0.0.1/10896] INFO  ipc.Server (Server.java:stop(3359)) - Stopping server on 34195
2020-07-09 05:29:48,187 [IPC Server listener on 0] INFO  ipc.Server (Server.java:run(1330)) - Stopping IPC Server listener on 0
2020-07-09 05:29:48,188 [IPC Server Responder] INFO  ipc.Server (Server.java:run(1465)) - Stopping IPC Server Responder
2020-07-09 05:29:48,188 [Listener at 127.0.0.1/10896] INFO  server.StorageContainerManager (StorageContainerManager.java:stop(861)) - Stopping Storage Container Manager HTTP server.
2020-07-09 05:29:48,188 [IPC Server listener on 0] INFO  ipc.Server (Server.java:run(1330)) - Stopping IPC Server listener on 0
2020-07-09 05:29:48,189 [Listener at 127.0.0.1/10896] INFO  handler.ContextHandler (ContextHandler.java:doStop(1016)) - Stopped o.e.j.w.WebAppContext@34d7efd4{scm,/,null,UNAVAILABLE}{file:/github/workspace/mnt/ozone/hadoop-ozone/integration-test/target/test-classes/webapps/scm}
2020-07-09 05:29:48,190 [Listener at 127.0.0.1/10896] INFO  server.AbstractConnector (AbstractConnector.java:doStop(380)) - Stopped ServerConnector@2750314f{HTTP/1.1,[http/1.1]}{0.0.0.0:0}
2020-07-09 05:29:48,190 [Listener at 127.0.0.1/10896] INFO  server.session (HouseKeeper.java:stopScavenging(158)) - node0 Stopped scavenging
2020-07-09 05:29:48,190 [Listener at 127.0.0.1/10896] INFO  handler.ContextHandler (ContextHandler.java:doStop(1016)) - Stopped o.e.j.s.ServletContextHandler@5ffe84a8{static,/static,file:///github/workspace/mnt/ozone/hadoop-ozone/integration-test/target/test-classes/webapps/static,UNAVAILABLE}
2020-07-09 05:29:48,190 [Listener at 127.0.0.1/10896] INFO  handler.ContextHandler (ContextHandler.java:doStop(1016)) - Stopped o.e.j.s.ServletContextHandler@70b3bc38{logs,/logs,file:///github/workspace/mnt/ozone/hadoop-ozone/integration-test/target/log,UNAVAILABLE}
2020-07-09 05:29:48,192 [Listener at 127.0.0.1/10896] INFO  server.StorageContainerManager (StorageContainerManager.java:stop(872)) - Stopping Block Manager Service.
2020-07-09 05:29:48,192 [Listener at 127.0.0.1/10896] INFO  utils.BackgroundService (BackgroundService.java:shutdown(157)) - Shutting down service SCMBlockDeletingService
2020-07-09 05:29:48,192 [Listener at 127.0.0.1/10896] INFO  utils.BackgroundService (BackgroundService.java:shutdown(157)) - Shutting down service SCMBlockDeletingService
2020-07-09 05:29:48,192 [Listener at 127.0.0.1/10896] INFO  server.StorageContainerManager (StorageContainerManager.java:stop(897)) - Stopping SCM Event Queue.
2020-07-09 05:29:48,194 [Listener at 127.0.0.1/10896] INFO  impl.MetricsSystemImpl (MetricsSystemImpl.java:stop(210)) - Stopping HddsDatanode metrics system...
2020-07-09 05:29:48,202 [Listener at 127.0.0.1/10896] INFO  impl.MetricsSystemImpl (MetricsSystemImpl.java:stop(216)) - HddsDatanode metrics system stopped.
]]></system-out>
  </testcase>
  <testcase name="testAllOMNodesRunning" classname="org.apache.hadoop.ozone.om.TestOzoneManagerHAWithData" time="24.171"/>
  <testcase name="testIncrementalWaitTimeWithSameNodeFailover" classname="org.apache.hadoop.ozone.om.TestOzoneManagerHAWithData" time="28.142"/>
  <testcase name="testListParts" classname="org.apache.hadoop.ozone.om.TestOzoneManagerHAWithData" time="27.529"/>
  <testcase name="testFileOperationsWithNonRecursive" classname="org.apache.hadoop.ozone.om.TestOzoneManagerHAWithData" time="24.649"/>
  <testcase name="testOneOMNodeDown" classname="org.apache.hadoop.ozone.om.TestOzoneManagerHAWithData" time="28.249"/>
  <testcase name="testTwoOMNodesDown" classname="org.apache.hadoop.ozone.om.TestOzoneManagerHAWithData" time="0">
    <skipped message="This test is failing randomly. It will be enabled after fixing it."/>
  </testcase>
  <testcase name="testOMRestart" classname="org.apache.hadoop.ozone.om.TestOzoneManagerHAWithData" time="29.276"/>
</testsuite>