<?xml version="1.0" encoding="UTF-8"?>
<testsuite xmlns:xsi="http://www.w3.org/2001/XMLSchema-instance" xsi:noNamespaceSchemaLocation="https://maven.apache.org/surefire/maven-surefire-plugin/xsd/surefire-test-report.xsd" name="org.apache.hadoop.ozone.TestMiniOzoneCluster" time="113.651" tests="5" errors="1" skipped="0" failures="0">
  <properties>
    <property name="awt.toolkit" value="sun.awt.X11.XToolkit"/>
    <property name="file.encoding.pkg" value="sun.io"/>
    <property name="java.specification.version" value="1.8"/>
    <property name="sun.cpu.isalist" value=""/>
    <property name="sun.jnu.encoding" value="ANSI_X3.4-1968"/>
    <property name="java.class.path" value="/github/workspace/mnt/ozone/hadoop-ozone/integration-test/target/test-classes:/github/workspace/mnt/ozone/hadoop-ozone/integration-test/target/classes:/home/user/.m2/repository/org/apache/hadoop/hadoop-ozone-common/0.6.0-SNAPSHOT/hadoop-ozone-common-0.6.0-SNAPSHOT.jar:/home/user/.m2/repository/org/apache/commons/commons-compress/1.4.1/commons-compress-1.4.1.jar:/home/user/.m2/repository/org/tukaani/xz/1.0/xz-1.0.jar:/home/user/.m2/repository/org/apache/hadoop/hadoop-hdds-common/0.6.0-SNAPSHOT/hadoop-hdds-common-0.6.0-SNAPSHOT.jar:/home/user/.m2/repository/info/picocli/picocli/3.9.6/picocli-3.9.6.jar:/home/user/.m2/repository/com/fasterxml/jackson/core/jackson-annotations/2.10.3/jackson-annotations-2.10.3.jar:/home/user/.m2/repository/javax/annotation/javax.annotation-api/1.2/javax.annotation-api-1.2.jar:/home/user/.m2/repository/org/apache/ratis/ratis-server/0.6.0-cac3336-SNAPSHOT/ratis-server-0.6.0-cac3336-SNAPSHOT.jar:/home/user/.m2/repository/org/apache/ratis/ratis-thirdparty-misc/0.4.0/ratis-thirdparty-misc-0.4.0.jar:/home/user/.m2/repository/org/apache/ratis/ratis-client/0.6.0-cac3336-SNAPSHOT/ratis-client-0.6.0-cac3336-SNAPSHOT.jar:/home/user/.m2/repository/org/apache/ratis/ratis-metrics/0.6.0-cac3336-SNAPSHOT/ratis-metrics-0.6.0-cac3336-SNAPSHOT.jar:/home/user/.m2/repository/org/apache/ratis/ratis-netty/0.6.0-cac3336-SNAPSHOT/ratis-netty-0.6.0-cac3336-SNAPSHOT.jar:/home/user/.m2/repository/org/apache/ratis/ratis-grpc/0.6.0-cac3336-SNAPSHOT/ratis-grpc-0.6.0-cac3336-SNAPSHOT.jar:/home/user/.m2/repository/org/apache/logging/log4j/log4j-api/2.11.0/log4j-api-2.11.0.jar:/home/user/.m2/repository/org/apache/logging/log4j/log4j-core/2.11.0/log4j-core-2.11.0.jar:/home/user/.m2/repository/com/lmax/disruptor/3.4.2/disruptor-3.4.2.jar:/home/user/.m2/repository/org/apache/commons/commons-pool2/2.6.0/commons-pool2-2.6.0.jar:/home/user/.m2/repository/org/bouncycastle/bcpkix-jdk15on/1.60/bcpkix-jdk15on-1.60.jar:/home/user/.m2/repository/commons-validator/commons-validator/1.6/commons-validator-1.6.jar:/home/user/.m2/repository/commons-digester/commons-digester/1.8.1/commons-digester-1.8.1.jar:/home/user/.m2/repository/io/jaegertracing/jaeger-client/1.2.0/jaeger-client-1.2.0.jar:/home/user/.m2/repository/io/jaegertracing/jaeger-thrift/1.2.0/jaeger-thrift-1.2.0.jar:/home/user/.m2/repository/org/apache/thrift/libthrift/0.13.0/libthrift-0.13.0.jar:/home/user/.m2/repository/com/squareup/okhttp3/okhttp/4.2.2/okhttp-4.2.2.jar:/home/user/.m2/repository/com/squareup/okio/okio/2.2.2/okio-2.2.2.jar:/home/user/.m2/repository/org/jetbrains/kotlin/kotlin-stdlib/1.3.50/kotlin-stdlib-1.3.50.jar:/home/user/.m2/repository/org/jetbrains/kotlin/kotlin-stdlib-common/1.3.50/kotlin-stdlib-common-1.3.50.jar:/home/user/.m2/repository/org/jetbrains/annotations/13.0/annotations-13.0.jar:/home/user/.m2/repository/io/jaegertracing/jaeger-core/1.2.0/jaeger-core-1.2.0.jar:/home/user/.m2/repository/io/jaegertracing/jaeger-tracerresolver/1.2.0/jaeger-tracerresolver-1.2.0.jar:/home/user/.m2/repository/io/opentracing/contrib/opentracing-tracerresolver/0.1.8/opentracing-tracerresolver-0.1.8.jar:/home/user/.m2/repository/io/opentracing/opentracing-util/0.33.0/opentracing-util-0.33.0.jar:/home/user/.m2/repository/io/opentracing/opentracing-api/0.33.0/opentracing-api-0.33.0.jar:/home/user/.m2/repository/io/opentracing/opentracing-noop/0.33.0/opentracing-noop-0.33.0.jar:/home/user/.m2/repository/org/apache/hadoop/hadoop-hdds-client/0.6.0-SNAPSHOT/hadoop-hdds-client-0.6.0-SNAPSHOT.jar:/home/user/.m2/repository/org/apache/hadoop/hadoop-hdds-test-utils/0.6.0-SNAPSHOT/hadoop-hdds-test-utils-0.6.0-SNAPSHOT.jar:/home/user/.m2/repository/com/google/guava/guava/28.2-jre/guava-28.2-jre.jar:/home/user/.m2/repository/com/google/guava/failureaccess/1.0.1/failureaccess-1.0.1.jar:/home/user/.m2/repository/com/google/guava/listenablefuture/9999.0-empty-to-avoid-conflict-with-guava/listenablefuture-9999.0-empty-to-avoid-conflict-with-guava.jar:/home/user/.m2/repository/com/google/code/findbugs/jsr305/3.0.0/jsr305-3.0.0.jar:/home/user/.m2/repository/org/checkerframework/checker-qual/2.10.0/checker-qual-2.10.0.jar:/home/user/.m2/repository/com/google/errorprone/error_prone_annotations/2.2.0/error_prone_annotations-2.2.0.jar:/home/user/.m2/repository/com/google/j2objc/j2objc-annotations/1.3/j2objc-annotations-1.3.jar:/home/user/.m2/repository/commons-io/commons-io/2.5/commons-io-2.5.jar:/home/user/.m2/repository/commons-logging/commons-logging/1.2/commons-logging-1.2.jar:/home/user/.m2/repository/log4j/log4j/1.2.17/log4j-1.2.17.jar:/home/user/.m2/repository/org/slf4j/slf4j-api/1.7.25/slf4j-api-1.7.25.jar:/home/user/.m2/repository/org/apache/hadoop/hadoop-hdds-server-scm/0.6.0-SNAPSHOT/hadoop-hdds-server-scm-0.6.0-SNAPSHOT.jar:/home/user/.m2/repository/org/apache/hadoop/hadoop-hdds-container-service/0.6.0-SNAPSHOT/hadoop-hdds-container-service-0.6.0-SNAPSHOT.jar:/home/user/.m2/repository/org/apache/hadoop/hadoop-hdds-hadoop-dependency-server/0.6.0-SNAPSHOT/hadoop-hdds-hadoop-dependency-server-0.6.0-SNAPSHOT.jar:/home/user/.m2/repository/org/apache/hadoop/hadoop-hdds-server-framework/0.6.0-SNAPSHOT/hadoop-hdds-server-framework-0.6.0-SNAPSHOT.jar:/home/user/.m2/repository/org/rocksdb/rocksdbjni/6.6.4/rocksdbjni-6.6.4.jar:/home/user/.m2/repository/io/prometheus/simpleclient_dropwizard/0.7.0/simpleclient_dropwizard-0.7.0.jar:/home/user/.m2/repository/io/prometheus/simpleclient/0.7.0/simpleclient-0.7.0.jar:/home/user/.m2/repository/io/prometheus/simpleclient_common/0.7.0/simpleclient_common-0.7.0.jar:/home/user/.m2/repository/com/fasterxml/jackson/datatype/jackson-datatype-jsr310/2.10.3/jackson-datatype-jsr310-2.10.3.jar:/home/user/.m2/repository/org/apache/hadoop/hadoop-hdds-docs/0.6.0-SNAPSHOT/hadoop-hdds-docs-0.6.0-SNAPSHOT.jar:/home/user/.m2/repository/io/dropwizard/metrics/metrics-core/3.2.4/metrics-core-3.2.4.jar:/home/user/.m2/repository/org/apache/hadoop/hadoop-hdfs-client/3.2.0/hadoop-hdfs-client-3.2.0.jar:/home/user/.m2/repository/org/bouncycastle/bcprov-jdk15on/1.60/bcprov-jdk15on-1.60.jar:/home/user/.m2/repository/org/apache/hadoop/hadoop-ozone-ozone-manager/0.6.0-SNAPSHOT/hadoop-ozone-ozone-manager-0.6.0-SNAPSHOT.jar:/home/user/.m2/repository/org/apache/hadoop/hadoop-minikdc/3.2.0/hadoop-minikdc-3.2.0.jar:/home/user/.m2/repository/org/apache/kerby/kerb-simplekdc/1.0.1/kerb-simplekdc-1.0.1.jar:/home/user/.m2/repository/org/apache/kerby/kerb-client/1.0.1/kerb-client-1.0.1.jar:/home/user/.m2/repository/org/apache/kerby/kerby-config/1.0.1/kerby-config-1.0.1.jar:/home/user/.m2/repository/org/apache/kerby/kerb-core/1.0.1/kerb-core-1.0.1.jar:/home/user/.m2/repository/org/apache/kerby/kerby-pkix/1.0.1/kerby-pkix-1.0.1.jar:/home/user/.m2/repository/org/apache/kerby/kerby-asn1/1.0.1/kerby-asn1-1.0.1.jar:/home/user/.m2/repository/org/apache/kerby/kerby-util/1.0.1/kerby-util-1.0.1.jar:/home/user/.m2/repository/org/apache/kerby/kerb-common/1.0.1/kerb-common-1.0.1.jar:/home/user/.m2/repository/org/apache/kerby/kerb-crypto/1.0.1/kerb-crypto-1.0.1.jar:/home/user/.m2/repository/org/apache/kerby/kerb-util/1.0.1/kerb-util-1.0.1.jar:/home/user/.m2/repository/org/apache/kerby/token-provider/1.0.1/token-provider-1.0.1.jar:/home/user/.m2/repository/org/apache/kerby/kerb-admin/1.0.1/kerb-admin-1.0.1.jar:/home/user/.m2/repository/org/apache/kerby/kerb-server/1.0.1/kerb-server-1.0.1.jar:/home/user/.m2/repository/org/apache/kerby/kerb-identity/1.0.1/kerb-identity-1.0.1.jar:/home/user/.m2/repository/org/apache/kerby/kerby-xdr/1.0.1/kerby-xdr-1.0.1.jar:/home/user/.m2/repository/org/slf4j/slf4j-log4j12/1.7.25/slf4j-log4j12-1.7.25.jar:/home/user/.m2/repository/org/apache/hadoop/hadoop-ozone-s3gateway/0.6.0-SNAPSHOT/hadoop-ozone-s3gateway-0.6.0-SNAPSHOT.jar:/home/user/.m2/repository/org/jboss/weld/servlet/weld-servlet/2.4.7.Final/weld-servlet-2.4.7.Final.jar:/home/user/.m2/repository/org/glassfish/jersey/containers/jersey-container-servlet-core/2.27/jersey-container-servlet-core-2.27.jar:/home/user/.m2/repository/org/glassfish/hk2/external/javax.inject/2.5.0-b42/javax.inject-2.5.0-b42.jar:/home/user/.m2/repository/org/glassfish/jersey/core/jersey-common/2.27/jersey-common-2.27.jar:/home/user/.m2/repository/org/glassfish/hk2/osgi-resource-locator/1.0.1/osgi-resource-locator-1.0.1.jar:/home/user/.m2/repository/javax/ws/rs/javax.ws.rs-api/2.1/javax.ws.rs-api-2.1.jar:/home/user/.m2/repository/org/glassfish/jersey/ext/cdi/jersey-cdi1x/2.27/jersey-cdi1x-2.27.jar:/home/user/.m2/repository/org/glassfish/jersey/inject/jersey-hk2/2.27/jersey-hk2-2.27.jar:/home/user/.m2/repository/org/glassfish/hk2/hk2-locator/2.5.0-b42/hk2-locator-2.5.0-b42.jar:/home/user/.m2/repository/org/javassist/javassist/3.22.0-CR2/javassist-3.22.0-CR2.jar:/home/user/.m2/repository/org/glassfish/hk2/hk2-api/2.5.0/hk2-api-2.5.0.jar:/home/user/.m2/repository/org/glassfish/hk2/external/jakarta.inject/2.5.0/jakarta.inject-2.5.0.jar:/home/user/.m2/repository/org/glassfish/hk2/hk2-utils/2.5.0/hk2-utils-2.5.0.jar:/home/user/.m2/repository/jakarta/annotation/jakarta.annotation-api/1.3.4/jakarta.annotation-api-1.3.4.jar:/home/user/.m2/repository/org/glassfish/hk2/external/aopalliance-repackaged/2.5.0/aopalliance-repackaged-2.5.0.jar:/home/user/.m2/repository/com/fasterxml/jackson/dataformat/jackson-dataformat-xml/2.10.3/jackson-dataformat-xml-2.10.3.jar:/home/user/.m2/repository/com/fasterxml/jackson/core/jackson-core/2.10.3/jackson-core-2.10.3.jar:/home/user/.m2/repository/com/fasterxml/jackson/module/jackson-module-jaxb-annotations/2.10.3/jackson-module-jaxb-annotations-2.10.3.jar:/home/user/.m2/repository/jakarta/xml/bind/jakarta.xml.bind-api/2.3.2/jakarta.xml.bind-api-2.3.2.jar:/home/user/.m2/repository/jakarta/activation/jakarta.activation-api/1.2.1/jakarta.activation-api-1.2.1.jar:/home/user/.m2/repository/org/codehaus/woodstox/stax2-api/3.1.4/stax2-api-3.1.4.jar:/home/user/.m2/repository/com/fasterxml/woodstox/woodstox-core/5.0.3/woodstox-core-5.0.3.jar:/home/user/.m2/repository/javax/enterprise/cdi-api/1.2/cdi-api-1.2.jar:/home/user/.m2/repository/javax/el/javax.el-api/3.0.0/javax.el-api-3.0.0.jar:/home/user/.m2/repository/javax/interceptor/javax.interceptor-api/1.2/javax.interceptor-api-1.2.jar:/home/user/.m2/repository/javax/inject/javax.inject/1/javax.inject-1.jar:/home/user/.m2/repository/com/sun/xml/bind/jaxb-impl/2.3.0.1/jaxb-impl-2.3.0.1.jar:/home/user/.m2/repository/com/sun/xml/bind/jaxb-core/2.3.0.1/jaxb-core-2.3.0.1.jar:/home/user/.m2/repository/javax/xml/bind/jaxb-api/2.3.0/jaxb-api-2.3.0.jar:/home/user/.m2/repository/javax/activation/activation/1.1.1/activation-1.1.1.jar:/home/user/.m2/repository/org/apache/hadoop/hadoop-ozone-csi/0.6.0-SNAPSHOT/hadoop-ozone-csi-0.6.0-SNAPSHOT.jar:/home/user/.m2/repository/com/google/protobuf/protobuf-java-util/3.11.0/protobuf-java-util-3.11.0.jar:/home/user/.m2/repository/com/google/code/gson/gson/2.2.4/gson-2.2.4.jar:/home/user/.m2/repository/org/apache/hadoop/hadoop-hdds-config/0.6.0-SNAPSHOT/hadoop-hdds-config-0.6.0-SNAPSHOT.jar:/home/user/.m2/repository/com/google/protobuf/protobuf-java/2.5.0/protobuf-java-2.5.0.jar:/home/user/.m2/repository/io/grpc/grpc-netty/1.28.1/grpc-netty-1.28.1.jar:/home/user/.m2/repository/io/grpc/grpc-core/1.28.1/grpc-core-1.28.1.jar:/home/user/.m2/repository/com/google/android/annotations/4.1.1.4/annotations-4.1.1.4.jar:/home/user/.m2/repository/io/perfmark/perfmark-api/0.19.0/perfmark-api-0.19.0.jar:/home/user/.m2/repository/io/netty/netty-codec-http2/4.1.45.Final/netty-codec-http2-4.1.45.Final.jar:/home/user/.m2/repository/io/netty/netty-codec/4.1.45.Final/netty-codec-4.1.45.Final.jar:/home/user/.m2/repository/io/netty/netty-handler/4.1.45.Final/netty-handler-4.1.45.Final.jar:/home/user/.m2/repository/io/netty/netty-codec-http/4.1.45.Final/netty-codec-http-4.1.45.Final.jar:/home/user/.m2/repository/io/netty/netty-handler-proxy/4.1.45.Final/netty-handler-proxy-4.1.45.Final.jar:/home/user/.m2/repository/io/netty/netty-codec-socks/4.1.45.Final/netty-codec-socks-4.1.45.Final.jar:/home/user/.m2/repository/io/netty/netty-transport-native-epoll/4.1.48.Final/netty-transport-native-epoll-4.1.48.Final.jar:/home/user/.m2/repository/io/netty/netty-common/4.1.48.Final/netty-common-4.1.48.Final.jar:/home/user/.m2/repository/io/netty/netty-buffer/4.1.48.Final/netty-buffer-4.1.48.Final.jar:/home/user/.m2/repository/io/netty/netty-transport/4.1.48.Final/netty-transport-4.1.48.Final.jar:/home/user/.m2/repository/io/netty/netty-resolver/4.1.48.Final/netty-resolver-4.1.48.Final.jar:/home/user/.m2/repository/io/netty/netty-transport-native-unix-common/4.1.48.Final/netty-transport-native-unix-common-4.1.48.Final.jar:/home/user/.m2/repository/io/grpc/grpc-protobuf/1.28.1/grpc-protobuf-1.28.1.jar:/home/user/.m2/repository/io/grpc/grpc-api/1.28.1/grpc-api-1.28.1.jar:/home/user/.m2/repository/io/grpc/grpc-context/1.28.1/grpc-context-1.28.1.jar:/home/user/.m2/repository/org/codehaus/mojo/animal-sniffer-annotations/1.18/animal-sniffer-annotations-1.18.jar:/home/user/.m2/repository/com/google/api/grpc/proto-google-common-protos/1.17.0/proto-google-common-protos-1.17.0.jar:/home/user/.m2/repository/io/grpc/grpc-protobuf-lite/1.28.1/grpc-protobuf-lite-1.28.1.jar:/home/user/.m2/repository/io/grpc/grpc-stub/1.28.1/grpc-stub-1.28.1.jar:/home/user/.m2/repository/org/apache/hadoop/hadoop-ozone-recon/0.6.0-SNAPSHOT/hadoop-ozone-recon-0.6.0-SNAPSHOT.jar:/home/user/.m2/repository/org/apache/hadoop/hadoop-ozone-reconcodegen/0.6.0-SNAPSHOT/hadoop-ozone-reconcodegen-0.6.0-SNAPSHOT.jar:/home/user/.m2/repository/com/google/inject/extensions/guice-multibindings/4.0/guice-multibindings-4.0.jar:/home/user/.m2/repository/com/google/inject/guice/4.0/guice-4.0.jar:/home/user/.m2/repository/aopalliance/aopalliance/1.0/aopalliance-1.0.jar:/home/user/.m2/repository/com/google/inject/extensions/guice-assistedinject/4.0/guice-assistedinject-4.0.jar:/home/user/.m2/repository/com/google/inject/extensions/guice-servlet/4.0/guice-servlet-4.0.jar:/home/user/.m2/repository/org/glassfish/jersey/containers/jersey-container-servlet/2.27/jersey-container-servlet-2.27.jar:/home/user/.m2/repository/org/glassfish/hk2/guice-bridge/2.5.0/guice-bridge-2.5.0.jar:/home/user/.m2/repository/org/glassfish/jersey/core/jersey-server/2.27/jersey-server-2.27.jar:/home/user/.m2/repository/org/glassfish/jersey/core/jersey-client/2.27/jersey-client-2.27.jar:/home/user/.m2/repository/org/glassfish/jersey/media/jersey-media-jaxb/2.27/jersey-media-jaxb-2.27.jar:/home/user/.m2/repository/javax/validation/validation-api/1.1.0.Final/validation-api-1.1.0.Final.jar:/home/user/.m2/repository/org/glassfish/jersey/media/jersey-media-json-jackson/2.27/jersey-media-json-jackson-2.27.jar:/home/user/.m2/repository/org/glassfish/jersey/ext/jersey-entity-filtering/2.27/jersey-entity-filtering-2.27.jar:/home/user/.m2/repository/org/jooq/jooq/3.11.10/jooq-3.11.10.jar:/home/user/.m2/repository/org/jooq/jooq-meta/3.11.10/jooq-meta-3.11.10.jar:/home/user/.m2/repository/org/jooq/jooq-codegen/3.11.10/jooq-codegen-3.11.10.jar:/home/user/.m2/repository/com/jolbox/bonecp/0.8.0.RELEASE/bonecp-0.8.0.RELEASE.jar:/home/user/.m2/repository/org/apache/derby/derby/10.14.2.0/derby-10.14.2.0.jar:/home/user/.m2/repository/org/xerial/sqlite-jdbc/3.25.2/sqlite-jdbc-3.25.2.jar:/home/user/.m2/repository/org/springframework/spring-jdbc/5.2.5.RELEASE/spring-jdbc-5.2.5.RELEASE.jar:/home/user/.m2/repository/org/springframework/spring-beans/5.2.5.RELEASE/spring-beans-5.2.5.RELEASE.jar:/home/user/.m2/repository/org/springframework/spring-core/5.2.5.RELEASE/spring-core-5.2.5.RELEASE.jar:/home/user/.m2/repository/org/springframework/spring-jcl/5.2.5.RELEASE/spring-jcl-5.2.5.RELEASE.jar:/home/user/.m2/repository/org/springframework/spring-tx/5.2.5.RELEASE/spring-tx-5.2.5.RELEASE.jar:/home/user/.m2/repository/org/apache/hadoop/hadoop-ozone-client/0.6.0-SNAPSHOT/hadoop-ozone-client-0.6.0-SNAPSHOT.jar:/home/user/.m2/repository/org/apache/hadoop/hadoop-ozone-filesystem/0.6.0-SNAPSHOT/hadoop-ozone-filesystem-0.6.0-SNAPSHOT.jar:/home/user/.m2/repository/org/apache/hadoop/hadoop-hdds-hadoop-dependency-client/0.6.0-SNAPSHOT/hadoop-hdds-hadoop-dependency-client-0.6.0-SNAPSHOT.jar:/home/user/.m2/repository/org/apache/hadoop/hadoop-ozone-tools/0.6.0-SNAPSHOT/hadoop-ozone-tools-0.6.0-SNAPSHOT.jar:/home/user/.m2/repository/org/apache/hadoop/hadoop-hdfs/3.2.0/hadoop-hdfs-3.2.0.jar:/home/user/.m2/repository/org/apache/ratis/ratis-tools/0.6.0-cac3336-SNAPSHOT/ratis-tools-0.6.0-cac3336-SNAPSHOT.jar:/home/user/.m2/repository/org/apache/ratis/ratis-proto/0.6.0-cac3336-SNAPSHOT/ratis-proto-0.6.0-cac3336-SNAPSHOT.jar:/home/user/.m2/repository/org/apache/ratis/ratis-common/0.6.0-cac3336-SNAPSHOT/ratis-common-0.6.0-cac3336-SNAPSHOT.jar:/home/user/.m2/repository/com/amazonaws/aws-java-sdk-core/1.11.615/aws-java-sdk-core-1.11.615.jar:/home/user/.m2/repository/org/apache/httpcomponents/httpclient/4.5.2/httpclient-4.5.2.jar:/home/user/.m2/repository/org/apache/httpcomponents/httpcore/4.4.4/httpcore-4.4.4.jar:/home/user/.m2/repository/software/amazon/ion/ion-java/1.0.2/ion-java-1.0.2.jar:/home/user/.m2/repository/com/fasterxml/jackson/dataformat/jackson-dataformat-cbor/2.10.3/jackson-dataformat-cbor-2.10.3.jar:/home/user/.m2/repository/joda-time/joda-time/2.9.9/joda-time-2.9.9.jar:/home/user/.m2/repository/com/amazonaws/aws-java-sdk-s3/1.11.615/aws-java-sdk-s3-1.11.615.jar:/home/user/.m2/repository/com/amazonaws/aws-java-sdk-kms/1.11.615/aws-java-sdk-kms-1.11.615.jar:/home/user/.m2/repository/com/amazonaws/jmespath-java/1.11.615/jmespath-java-1.11.615.jar:/home/user/.m2/repository/org/apache/hadoop/hadoop-hdds-tools/0.6.0-SNAPSHOT/hadoop-hdds-tools-0.6.0-SNAPSHOT.jar:/home/user/.m2/repository/commons-cli/commons-cli/1.2/commons-cli-1.2.jar:/home/user/.m2/repository/org/apache/commons/commons-lang3/3.7/commons-lang3-3.7.jar:/home/user/.m2/repository/org/apache/hadoop/hadoop-ozone-ozone-manager/0.6.0-SNAPSHOT/hadoop-ozone-ozone-manager-0.6.0-SNAPSHOT-tests.jar:/home/user/.m2/repository/junit/junit/4.11/junit-4.11.jar:/home/user/.m2/repository/org/hamcrest/hamcrest-core/1.3/hamcrest-core-1.3.jar:/home/user/.m2/repository/org/openjdk/jmh/jmh-core/1.19/jmh-core-1.19.jar:/home/user/.m2/repository/net/sf/jopt-simple/jopt-simple/4.6/jopt-simple-4.6.jar:/home/user/.m2/repository/org/apache/commons/commons-math3/3.1.1/commons-math3-3.1.1.jar:/home/user/.m2/repository/org/openjdk/jmh/jmh-generator-annprocess/1.19/jmh-generator-annprocess-1.19.jar:/home/user/.m2/repository/org/mockito/mockito-all/1.8.5/mockito-all-1.8.5.jar:/home/user/.m2/repository/org/apache/hadoop/hadoop-kms/3.2.0/hadoop-kms-3.2.0.jar:/home/user/.m2/repository/org/apache/hadoop/hadoop-auth/3.2.0/hadoop-auth-3.2.0.jar:/home/user/.m2/repository/com/nimbusds/nimbus-jose-jwt/7.9/nimbus-jose-jwt-7.9.jar:/home/user/.m2/repository/com/github/stephenc/jcip/jcip-annotations/1.0-1/jcip-annotations-1.0-1.jar:/home/user/.m2/repository/net/minidev/json-smart/2.3/json-smart-2.3.jar:/home/user/.m2/repository/net/minidev/accessors-smart/1.2/accessors-smart-1.2.jar:/home/user/.m2/repository/org/ow2/asm/asm/5.0.4/asm-5.0.4.jar:/home/user/.m2/repository/org/apache/zookeeper/zookeeper/3.4.13/zookeeper-3.4.13.jar:/home/user/.m2/repository/org/apache/yetus/audience-annotations/0.5.0/audience-annotations-0.5.0.jar:/home/user/.m2/repository/org/apache/curator/curator-framework/2.12.0/curator-framework-2.12.0.jar:/home/user/.m2/repository/com/sun/jersey/jersey-core/1.19/jersey-core-1.19.jar:/home/user/.m2/repository/javax/ws/rs/jsr311-api/1.1.1/jsr311-api-1.1.1.jar:/home/user/.m2/repository/com/sun/jersey/jersey-server/1.19/jersey-server-1.19.jar:/home/user/.m2/repository/javax/servlet/javax.servlet-api/3.1.0/javax.servlet-api-3.1.0.jar:/home/user/.m2/repository/org/eclipse/jetty/jetty-server/9.4.26.v20200117/jetty-server-9.4.26.v20200117.jar:/home/user/.m2/repository/org/eclipse/jetty/jetty-http/9.4.26.v20200117/jetty-http-9.4.26.v20200117.jar:/home/user/.m2/repository/org/eclipse/jetty/jetty-io/9.4.26.v20200117/jetty-io-9.4.26.v20200117.jar:/home/user/.m2/repository/org/eclipse/jetty/jetty-webapp/9.4.26.v20200117/jetty-webapp-9.4.26.v20200117.jar:/home/user/.m2/repository/org/eclipse/jetty/jetty-xml/9.4.26.v20200117/jetty-xml-9.4.26.v20200117.jar:/home/user/.m2/repository/org/eclipse/jetty/jetty-servlet/9.4.26.v20200117/jetty-servlet-9.4.26.v20200117.jar:/home/user/.m2/repository/org/eclipse/jetty/jetty-security/9.4.26.v20200117/jetty-security-9.4.26.v20200117.jar:/home/user/.m2/repository/org/apache/hadoop/hadoop-common/3.2.0/hadoop-common-3.2.0.jar:/home/user/.m2/repository/commons-net/commons-net/3.6/commons-net-3.6.jar:/home/user/.m2/repository/commons-collections/commons-collections/3.2.2/commons-collections-3.2.2.jar:/home/user/.m2/repository/com/sun/jersey/jersey-servlet/1.19/jersey-servlet-1.19.jar:/home/user/.m2/repository/com/sun/jersey/jersey-json/1.19/jersey-json-1.19.jar:/home/user/.m2/repository/org/codehaus/jettison/jettison/1.1/jettison-1.1.jar:/home/user/.m2/repository/org/codehaus/jackson/jackson-jaxrs/1.9.2/jackson-jaxrs-1.9.2.jar:/home/user/.m2/repository/org/codehaus/jackson/jackson-xc/1.9.2/jackson-xc-1.9.2.jar:/home/user/.m2/repository/commons-beanutils/commons-beanutils/1.9.4/commons-beanutils-1.9.4.jar:/home/user/.m2/repository/org/apache/commons/commons-configuration2/2.1.1/commons-configuration2-2.1.1.jar:/home/user/.m2/repository/org/apache/commons/commons-text/1.4/commons-text-1.4.jar:/home/user/.m2/repository/com/google/re2j/re2j/1.1/re2j-1.1.jar:/home/user/.m2/repository/com/jcraft/jsch/0.1.54/jsch-0.1.54.jar:/home/user/.m2/repository/org/apache/curator/curator-client/2.12.0/curator-client-2.12.0.jar:/home/user/.m2/repository/org/apache/curator/curator-recipes/2.12.0/curator-recipes-2.12.0.jar:/home/user/.m2/repository/dnsjava/dnsjava/2.1.7/dnsjava-2.1.7.jar:/home/user/.m2/repository/org/slf4j/jul-to-slf4j/1.7.25/jul-to-slf4j-1.7.25.jar:/home/user/.m2/repository/org/eclipse/jetty/jetty-util/9.4.26.v20200117/jetty-util-9.4.26.v20200117.jar:/home/user/.m2/repository/com/fasterxml/jackson/core/jackson-databind/2.10.3/jackson-databind-2.10.3.jar:/home/user/.m2/repository/org/apache/hadoop/hadoop-kms/3.2.0/hadoop-kms-3.2.0-tests.jar:/home/user/.m2/repository/org/apache/hadoop/hadoop-hdds-server-scm/0.6.0-SNAPSHOT/hadoop-hdds-server-scm-0.6.0-SNAPSHOT-tests.jar:/home/user/.m2/repository/org/apache/hadoop/hadoop-hdds-container-service/0.6.0-SNAPSHOT/hadoop-hdds-container-service-0.6.0-SNAPSHOT-tests.jar:/home/user/.m2/repository/org/apache/hadoop/hadoop-hdds-common/0.6.0-SNAPSHOT/hadoop-hdds-common-0.6.0-SNAPSHOT-tests.jar:/home/user/.m2/repository/org/yaml/snakeyaml/1.16/snakeyaml-1.16.jar:/home/user/.m2/repository/org/apache/hadoop/hadoop-hdds-hadoop-dependency-test/0.6.0-SNAPSHOT/hadoop-hdds-hadoop-dependency-test-0.6.0-SNAPSHOT.jar:/home/user/.m2/repository/org/apache/hadoop/hadoop-common/3.2.0/hadoop-common-3.2.0-tests.jar:/home/user/.m2/repository/javax/servlet/jsp/jsp-api/2.1/jsp-api-2.1.jar:/home/user/.m2/repository/org/apache/hadoop/hadoop-hdfs/3.2.0/hadoop-hdfs-3.2.0-tests.jar:/home/user/.m2/repository/org/eclipse/jetty/jetty-util-ajax/9.4.26.v20200117/jetty-util-ajax-9.4.26.v20200117.jar:/home/user/.m2/repository/commons-codec/commons-codec/1.11/commons-codec-1.11.jar:/home/user/.m2/repository/commons-daemon/commons-daemon/1.0.13/commons-daemon-1.0.13.jar:/home/user/.m2/repository/io/netty/netty/3.10.5.Final/netty-3.10.5.Final.jar:/home/user/.m2/repository/io/netty/netty-all/4.1.48.Final/netty-all-4.1.48.Final.jar:/home/user/.m2/repository/org/apache/htrace/htrace-core4/4.1.0-incubating/htrace-core4-4.1.0-incubating.jar:/home/user/.m2/repository/org/fusesource/leveldbjni/leveldbjni-all/1.8/leveldbjni-all-1.8.jar:/home/user/.m2/repository/org/apache/hadoop/hadoop-distcp/3.2.0/hadoop-distcp-3.2.0.jar:/home/user/.m2/repository/org/apache/hadoop/hadoop-mapreduce-client-jobclient/3.2.0/hadoop-mapreduce-client-jobclient-3.2.0.jar:/home/user/.m2/repository/org/apache/hadoop/hadoop-mapreduce-client-common/3.2.0/hadoop-mapreduce-client-common-3.2.0.jar:/home/user/.m2/repository/org/apache/hadoop/hadoop-yarn-common/3.2.0/hadoop-yarn-common-3.2.0.jar:/home/user/.m2/repository/org/apache/hadoop/hadoop-yarn-api/3.2.0/hadoop-yarn-api-3.2.0.jar:/home/user/.m2/repository/com/sun/jersey/jersey-client/1.19/jersey-client-1.19.jar:/home/user/.m2/repository/com/sun/jersey/contribs/jersey-guice/1.19/jersey-guice-1.19.jar:/home/user/.m2/repository/com/fasterxml/jackson/jaxrs/jackson-jaxrs-json-provider/2.10.3/jackson-jaxrs-json-provider-2.10.3.jar:/home/user/.m2/repository/com/fasterxml/jackson/jaxrs/jackson-jaxrs-base/2.10.3/jackson-jaxrs-base-2.10.3.jar:/home/user/.m2/repository/org/apache/hadoop/hadoop-yarn-client/3.2.0/hadoop-yarn-client-3.2.0.jar:/home/user/.m2/repository/org/apache/hadoop/hadoop-mapreduce-client-core/3.2.0/hadoop-mapreduce-client-core-3.2.0.jar:/home/user/.m2/repository/org/apache/avro/avro/1.7.7/avro-1.7.7.jar:/home/user/.m2/repository/org/codehaus/jackson/jackson-core-asl/1.9.13/jackson-core-asl-1.9.13.jar:/home/user/.m2/repository/org/codehaus/jackson/jackson-mapper-asl/1.9.13/jackson-mapper-asl-1.9.13.jar:/home/user/.m2/repository/com/thoughtworks/paranamer/paranamer/2.3/paranamer-2.3.jar:/home/user/.m2/repository/org/xerial/snappy/snappy-java/1.0.5/snappy-java-1.0.5.jar:/home/user/.m2/repository/org/apache/hadoop/hadoop-annotations/3.2.0/hadoop-annotations-3.2.0.jar:/usr/lib/jvm/java-1.8.0-openjdk-1.8.0.232.b09-0.el7_7.x86_64/jre/../lib/tools.jar:/home/user/.m2/repository/org/apache/hadoop/hadoop-distcp/3.2.0/hadoop-distcp-3.2.0-tests.jar:"/>
    <property name="java.vm.vendor" value="Oracle Corporation"/>
    <property name="sun.arch.data.model" value="64"/>
    <property name="test.build.dir" value="/github/workspace/mnt/ozone/hadoop-ozone/integration-test/target/test-dir"/>
    <property name="test.cache.data" value=""/>
    <property name="java.vendor.url" value="http://java.oracle.com/"/>
    <property name="user.timezone" value=""/>
    <property name="java.vm.specification.version" value="1.8"/>
    <property name="os.name" value="Linux"/>
    <property name="test.build.data" value="/github/workspace/mnt/ozone/hadoop-ozone/integration-test/target/test-dir"/>
    <property name="user.country" value="US"/>
    <property name="sun.java.launcher" value="SUN_STANDARD"/>
    <property name="sun.boot.library.path" value="/usr/lib/jvm/java-1.8.0-openjdk-1.8.0.232.b09-0.el7_7.x86_64/jre/lib/amd64"/>
    <property name="sun.java.command" value="/github/workspace/mnt/ozone/hadoop-ozone/integration-test/target/surefire/surefirebooter3114159316364178817.jar /github/workspace/mnt/ozone/hadoop-ozone/integration-test/target/surefire 2020-05-07T23-58-06_280-jvmRun1 surefire6968904229398147764tmp surefire_12946558261524316011tmp"/>
    <property name="surefire.test.class.path" value="/github/workspace/mnt/ozone/hadoop-ozone/integration-test/target/test-classes:/github/workspace/mnt/ozone/hadoop-ozone/integration-test/target/classes:/home/user/.m2/repository/org/apache/hadoop/hadoop-ozone-common/0.6.0-SNAPSHOT/hadoop-ozone-common-0.6.0-SNAPSHOT.jar:/home/user/.m2/repository/org/apache/commons/commons-compress/1.4.1/commons-compress-1.4.1.jar:/home/user/.m2/repository/org/tukaani/xz/1.0/xz-1.0.jar:/home/user/.m2/repository/org/apache/hadoop/hadoop-hdds-common/0.6.0-SNAPSHOT/hadoop-hdds-common-0.6.0-SNAPSHOT.jar:/home/user/.m2/repository/info/picocli/picocli/3.9.6/picocli-3.9.6.jar:/home/user/.m2/repository/com/fasterxml/jackson/core/jackson-annotations/2.10.3/jackson-annotations-2.10.3.jar:/home/user/.m2/repository/javax/annotation/javax.annotation-api/1.2/javax.annotation-api-1.2.jar:/home/user/.m2/repository/org/apache/ratis/ratis-server/0.6.0-cac3336-SNAPSHOT/ratis-server-0.6.0-cac3336-SNAPSHOT.jar:/home/user/.m2/repository/org/apache/ratis/ratis-thirdparty-misc/0.4.0/ratis-thirdparty-misc-0.4.0.jar:/home/user/.m2/repository/org/apache/ratis/ratis-client/0.6.0-cac3336-SNAPSHOT/ratis-client-0.6.0-cac3336-SNAPSHOT.jar:/home/user/.m2/repository/org/apache/ratis/ratis-metrics/0.6.0-cac3336-SNAPSHOT/ratis-metrics-0.6.0-cac3336-SNAPSHOT.jar:/home/user/.m2/repository/org/apache/ratis/ratis-netty/0.6.0-cac3336-SNAPSHOT/ratis-netty-0.6.0-cac3336-SNAPSHOT.jar:/home/user/.m2/repository/org/apache/ratis/ratis-grpc/0.6.0-cac3336-SNAPSHOT/ratis-grpc-0.6.0-cac3336-SNAPSHOT.jar:/home/user/.m2/repository/org/apache/logging/log4j/log4j-api/2.11.0/log4j-api-2.11.0.jar:/home/user/.m2/repository/org/apache/logging/log4j/log4j-core/2.11.0/log4j-core-2.11.0.jar:/home/user/.m2/repository/com/lmax/disruptor/3.4.2/disruptor-3.4.2.jar:/home/user/.m2/repository/org/apache/commons/commons-pool2/2.6.0/commons-pool2-2.6.0.jar:/home/user/.m2/repository/org/bouncycastle/bcpkix-jdk15on/1.60/bcpkix-jdk15on-1.60.jar:/home/user/.m2/repository/commons-validator/commons-validator/1.6/commons-validator-1.6.jar:/home/user/.m2/repository/commons-digester/commons-digester/1.8.1/commons-digester-1.8.1.jar:/home/user/.m2/repository/io/jaegertracing/jaeger-client/1.2.0/jaeger-client-1.2.0.jar:/home/user/.m2/repository/io/jaegertracing/jaeger-thrift/1.2.0/jaeger-thrift-1.2.0.jar:/home/user/.m2/repository/org/apache/thrift/libthrift/0.13.0/libthrift-0.13.0.jar:/home/user/.m2/repository/com/squareup/okhttp3/okhttp/4.2.2/okhttp-4.2.2.jar:/home/user/.m2/repository/com/squareup/okio/okio/2.2.2/okio-2.2.2.jar:/home/user/.m2/repository/org/jetbrains/kotlin/kotlin-stdlib/1.3.50/kotlin-stdlib-1.3.50.jar:/home/user/.m2/repository/org/jetbrains/kotlin/kotlin-stdlib-common/1.3.50/kotlin-stdlib-common-1.3.50.jar:/home/user/.m2/repository/org/jetbrains/annotations/13.0/annotations-13.0.jar:/home/user/.m2/repository/io/jaegertracing/jaeger-core/1.2.0/jaeger-core-1.2.0.jar:/home/user/.m2/repository/io/jaegertracing/jaeger-tracerresolver/1.2.0/jaeger-tracerresolver-1.2.0.jar:/home/user/.m2/repository/io/opentracing/contrib/opentracing-tracerresolver/0.1.8/opentracing-tracerresolver-0.1.8.jar:/home/user/.m2/repository/io/opentracing/opentracing-util/0.33.0/opentracing-util-0.33.0.jar:/home/user/.m2/repository/io/opentracing/opentracing-api/0.33.0/opentracing-api-0.33.0.jar:/home/user/.m2/repository/io/opentracing/opentracing-noop/0.33.0/opentracing-noop-0.33.0.jar:/home/user/.m2/repository/org/apache/hadoop/hadoop-hdds-client/0.6.0-SNAPSHOT/hadoop-hdds-client-0.6.0-SNAPSHOT.jar:/home/user/.m2/repository/org/apache/hadoop/hadoop-hdds-test-utils/0.6.0-SNAPSHOT/hadoop-hdds-test-utils-0.6.0-SNAPSHOT.jar:/home/user/.m2/repository/com/google/guava/guava/28.2-jre/guava-28.2-jre.jar:/home/user/.m2/repository/com/google/guava/failureaccess/1.0.1/failureaccess-1.0.1.jar:/home/user/.m2/repository/com/google/guava/listenablefuture/9999.0-empty-to-avoid-conflict-with-guava/listenablefuture-9999.0-empty-to-avoid-conflict-with-guava.jar:/home/user/.m2/repository/com/google/code/findbugs/jsr305/3.0.0/jsr305-3.0.0.jar:/home/user/.m2/repository/org/checkerframework/checker-qual/2.10.0/checker-qual-2.10.0.jar:/home/user/.m2/repository/com/google/errorprone/error_prone_annotations/2.2.0/error_prone_annotations-2.2.0.jar:/home/user/.m2/repository/com/google/j2objc/j2objc-annotations/1.3/j2objc-annotations-1.3.jar:/home/user/.m2/repository/commons-io/commons-io/2.5/commons-io-2.5.jar:/home/user/.m2/repository/commons-logging/commons-logging/1.2/commons-logging-1.2.jar:/home/user/.m2/repository/log4j/log4j/1.2.17/log4j-1.2.17.jar:/home/user/.m2/repository/org/slf4j/slf4j-api/1.7.25/slf4j-api-1.7.25.jar:/home/user/.m2/repository/org/apache/hadoop/hadoop-hdds-server-scm/0.6.0-SNAPSHOT/hadoop-hdds-server-scm-0.6.0-SNAPSHOT.jar:/home/user/.m2/repository/org/apache/hadoop/hadoop-hdds-container-service/0.6.0-SNAPSHOT/hadoop-hdds-container-service-0.6.0-SNAPSHOT.jar:/home/user/.m2/repository/org/apache/hadoop/hadoop-hdds-hadoop-dependency-server/0.6.0-SNAPSHOT/hadoop-hdds-hadoop-dependency-server-0.6.0-SNAPSHOT.jar:/home/user/.m2/repository/org/apache/hadoop/hadoop-hdds-server-framework/0.6.0-SNAPSHOT/hadoop-hdds-server-framework-0.6.0-SNAPSHOT.jar:/home/user/.m2/repository/org/rocksdb/rocksdbjni/6.6.4/rocksdbjni-6.6.4.jar:/home/user/.m2/repository/io/prometheus/simpleclient_dropwizard/0.7.0/simpleclient_dropwizard-0.7.0.jar:/home/user/.m2/repository/io/prometheus/simpleclient/0.7.0/simpleclient-0.7.0.jar:/home/user/.m2/repository/io/prometheus/simpleclient_common/0.7.0/simpleclient_common-0.7.0.jar:/home/user/.m2/repository/com/fasterxml/jackson/datatype/jackson-datatype-jsr310/2.10.3/jackson-datatype-jsr310-2.10.3.jar:/home/user/.m2/repository/org/apache/hadoop/hadoop-hdds-docs/0.6.0-SNAPSHOT/hadoop-hdds-docs-0.6.0-SNAPSHOT.jar:/home/user/.m2/repository/io/dropwizard/metrics/metrics-core/3.2.4/metrics-core-3.2.4.jar:/home/user/.m2/repository/org/apache/hadoop/hadoop-hdfs-client/3.2.0/hadoop-hdfs-client-3.2.0.jar:/home/user/.m2/repository/org/bouncycastle/bcprov-jdk15on/1.60/bcprov-jdk15on-1.60.jar:/home/user/.m2/repository/org/apache/hadoop/hadoop-ozone-ozone-manager/0.6.0-SNAPSHOT/hadoop-ozone-ozone-manager-0.6.0-SNAPSHOT.jar:/home/user/.m2/repository/org/apache/hadoop/hadoop-minikdc/3.2.0/hadoop-minikdc-3.2.0.jar:/home/user/.m2/repository/org/apache/kerby/kerb-simplekdc/1.0.1/kerb-simplekdc-1.0.1.jar:/home/user/.m2/repository/org/apache/kerby/kerb-client/1.0.1/kerb-client-1.0.1.jar:/home/user/.m2/repository/org/apache/kerby/kerby-config/1.0.1/kerby-config-1.0.1.jar:/home/user/.m2/repository/org/apache/kerby/kerb-core/1.0.1/kerb-core-1.0.1.jar:/home/user/.m2/repository/org/apache/kerby/kerby-pkix/1.0.1/kerby-pkix-1.0.1.jar:/home/user/.m2/repository/org/apache/kerby/kerby-asn1/1.0.1/kerby-asn1-1.0.1.jar:/home/user/.m2/repository/org/apache/kerby/kerby-util/1.0.1/kerby-util-1.0.1.jar:/home/user/.m2/repository/org/apache/kerby/kerb-common/1.0.1/kerb-common-1.0.1.jar:/home/user/.m2/repository/org/apache/kerby/kerb-crypto/1.0.1/kerb-crypto-1.0.1.jar:/home/user/.m2/repository/org/apache/kerby/kerb-util/1.0.1/kerb-util-1.0.1.jar:/home/user/.m2/repository/org/apache/kerby/token-provider/1.0.1/token-provider-1.0.1.jar:/home/user/.m2/repository/org/apache/kerby/kerb-admin/1.0.1/kerb-admin-1.0.1.jar:/home/user/.m2/repository/org/apache/kerby/kerb-server/1.0.1/kerb-server-1.0.1.jar:/home/user/.m2/repository/org/apache/kerby/kerb-identity/1.0.1/kerb-identity-1.0.1.jar:/home/user/.m2/repository/org/apache/kerby/kerby-xdr/1.0.1/kerby-xdr-1.0.1.jar:/home/user/.m2/repository/org/slf4j/slf4j-log4j12/1.7.25/slf4j-log4j12-1.7.25.jar:/home/user/.m2/repository/org/apache/hadoop/hadoop-ozone-s3gateway/0.6.0-SNAPSHOT/hadoop-ozone-s3gateway-0.6.0-SNAPSHOT.jar:/home/user/.m2/repository/org/jboss/weld/servlet/weld-servlet/2.4.7.Final/weld-servlet-2.4.7.Final.jar:/home/user/.m2/repository/org/glassfish/jersey/containers/jersey-container-servlet-core/2.27/jersey-container-servlet-core-2.27.jar:/home/user/.m2/repository/org/glassfish/hk2/external/javax.inject/2.5.0-b42/javax.inject-2.5.0-b42.jar:/home/user/.m2/repository/org/glassfish/jersey/core/jersey-common/2.27/jersey-common-2.27.jar:/home/user/.m2/repository/org/glassfish/hk2/osgi-resource-locator/1.0.1/osgi-resource-locator-1.0.1.jar:/home/user/.m2/repository/javax/ws/rs/javax.ws.rs-api/2.1/javax.ws.rs-api-2.1.jar:/home/user/.m2/repository/org/glassfish/jersey/ext/cdi/jersey-cdi1x/2.27/jersey-cdi1x-2.27.jar:/home/user/.m2/repository/org/glassfish/jersey/inject/jersey-hk2/2.27/jersey-hk2-2.27.jar:/home/user/.m2/repository/org/glassfish/hk2/hk2-locator/2.5.0-b42/hk2-locator-2.5.0-b42.jar:/home/user/.m2/repository/org/javassist/javassist/3.22.0-CR2/javassist-3.22.0-CR2.jar:/home/user/.m2/repository/org/glassfish/hk2/hk2-api/2.5.0/hk2-api-2.5.0.jar:/home/user/.m2/repository/org/glassfish/hk2/external/jakarta.inject/2.5.0/jakarta.inject-2.5.0.jar:/home/user/.m2/repository/org/glassfish/hk2/hk2-utils/2.5.0/hk2-utils-2.5.0.jar:/home/user/.m2/repository/jakarta/annotation/jakarta.annotation-api/1.3.4/jakarta.annotation-api-1.3.4.jar:/home/user/.m2/repository/org/glassfish/hk2/external/aopalliance-repackaged/2.5.0/aopalliance-repackaged-2.5.0.jar:/home/user/.m2/repository/com/fasterxml/jackson/dataformat/jackson-dataformat-xml/2.10.3/jackson-dataformat-xml-2.10.3.jar:/home/user/.m2/repository/com/fasterxml/jackson/core/jackson-core/2.10.3/jackson-core-2.10.3.jar:/home/user/.m2/repository/com/fasterxml/jackson/module/jackson-module-jaxb-annotations/2.10.3/jackson-module-jaxb-annotations-2.10.3.jar:/home/user/.m2/repository/jakarta/xml/bind/jakarta.xml.bind-api/2.3.2/jakarta.xml.bind-api-2.3.2.jar:/home/user/.m2/repository/jakarta/activation/jakarta.activation-api/1.2.1/jakarta.activation-api-1.2.1.jar:/home/user/.m2/repository/org/codehaus/woodstox/stax2-api/3.1.4/stax2-api-3.1.4.jar:/home/user/.m2/repository/com/fasterxml/woodstox/woodstox-core/5.0.3/woodstox-core-5.0.3.jar:/home/user/.m2/repository/javax/enterprise/cdi-api/1.2/cdi-api-1.2.jar:/home/user/.m2/repository/javax/el/javax.el-api/3.0.0/javax.el-api-3.0.0.jar:/home/user/.m2/repository/javax/interceptor/javax.interceptor-api/1.2/javax.interceptor-api-1.2.jar:/home/user/.m2/repository/javax/inject/javax.inject/1/javax.inject-1.jar:/home/user/.m2/repository/com/sun/xml/bind/jaxb-impl/2.3.0.1/jaxb-impl-2.3.0.1.jar:/home/user/.m2/repository/com/sun/xml/bind/jaxb-core/2.3.0.1/jaxb-core-2.3.0.1.jar:/home/user/.m2/repository/javax/xml/bind/jaxb-api/2.3.0/jaxb-api-2.3.0.jar:/home/user/.m2/repository/javax/activation/activation/1.1.1/activation-1.1.1.jar:/home/user/.m2/repository/org/apache/hadoop/hadoop-ozone-csi/0.6.0-SNAPSHOT/hadoop-ozone-csi-0.6.0-SNAPSHOT.jar:/home/user/.m2/repository/com/google/protobuf/protobuf-java-util/3.11.0/protobuf-java-util-3.11.0.jar:/home/user/.m2/repository/com/google/code/gson/gson/2.2.4/gson-2.2.4.jar:/home/user/.m2/repository/org/apache/hadoop/hadoop-hdds-config/0.6.0-SNAPSHOT/hadoop-hdds-config-0.6.0-SNAPSHOT.jar:/home/user/.m2/repository/com/google/protobuf/protobuf-java/2.5.0/protobuf-java-2.5.0.jar:/home/user/.m2/repository/io/grpc/grpc-netty/1.28.1/grpc-netty-1.28.1.jar:/home/user/.m2/repository/io/grpc/grpc-core/1.28.1/grpc-core-1.28.1.jar:/home/user/.m2/repository/com/google/android/annotations/4.1.1.4/annotations-4.1.1.4.jar:/home/user/.m2/repository/io/perfmark/perfmark-api/0.19.0/perfmark-api-0.19.0.jar:/home/user/.m2/repository/io/netty/netty-codec-http2/4.1.45.Final/netty-codec-http2-4.1.45.Final.jar:/home/user/.m2/repository/io/netty/netty-codec/4.1.45.Final/netty-codec-4.1.45.Final.jar:/home/user/.m2/repository/io/netty/netty-handler/4.1.45.Final/netty-handler-4.1.45.Final.jar:/home/user/.m2/repository/io/netty/netty-codec-http/4.1.45.Final/netty-codec-http-4.1.45.Final.jar:/home/user/.m2/repository/io/netty/netty-handler-proxy/4.1.45.Final/netty-handler-proxy-4.1.45.Final.jar:/home/user/.m2/repository/io/netty/netty-codec-socks/4.1.45.Final/netty-codec-socks-4.1.45.Final.jar:/home/user/.m2/repository/io/netty/netty-transport-native-epoll/4.1.48.Final/netty-transport-native-epoll-4.1.48.Final.jar:/home/user/.m2/repository/io/netty/netty-common/4.1.48.Final/netty-common-4.1.48.Final.jar:/home/user/.m2/repository/io/netty/netty-buffer/4.1.48.Final/netty-buffer-4.1.48.Final.jar:/home/user/.m2/repository/io/netty/netty-transport/4.1.48.Final/netty-transport-4.1.48.Final.jar:/home/user/.m2/repository/io/netty/netty-resolver/4.1.48.Final/netty-resolver-4.1.48.Final.jar:/home/user/.m2/repository/io/netty/netty-transport-native-unix-common/4.1.48.Final/netty-transport-native-unix-common-4.1.48.Final.jar:/home/user/.m2/repository/io/grpc/grpc-protobuf/1.28.1/grpc-protobuf-1.28.1.jar:/home/user/.m2/repository/io/grpc/grpc-api/1.28.1/grpc-api-1.28.1.jar:/home/user/.m2/repository/io/grpc/grpc-context/1.28.1/grpc-context-1.28.1.jar:/home/user/.m2/repository/org/codehaus/mojo/animal-sniffer-annotations/1.18/animal-sniffer-annotations-1.18.jar:/home/user/.m2/repository/com/google/api/grpc/proto-google-common-protos/1.17.0/proto-google-common-protos-1.17.0.jar:/home/user/.m2/repository/io/grpc/grpc-protobuf-lite/1.28.1/grpc-protobuf-lite-1.28.1.jar:/home/user/.m2/repository/io/grpc/grpc-stub/1.28.1/grpc-stub-1.28.1.jar:/home/user/.m2/repository/org/apache/hadoop/hadoop-ozone-recon/0.6.0-SNAPSHOT/hadoop-ozone-recon-0.6.0-SNAPSHOT.jar:/home/user/.m2/repository/org/apache/hadoop/hadoop-ozone-reconcodegen/0.6.0-SNAPSHOT/hadoop-ozone-reconcodegen-0.6.0-SNAPSHOT.jar:/home/user/.m2/repository/com/google/inject/extensions/guice-multibindings/4.0/guice-multibindings-4.0.jar:/home/user/.m2/repository/com/google/inject/guice/4.0/guice-4.0.jar:/home/user/.m2/repository/aopalliance/aopalliance/1.0/aopalliance-1.0.jar:/home/user/.m2/repository/com/google/inject/extensions/guice-assistedinject/4.0/guice-assistedinject-4.0.jar:/home/user/.m2/repository/com/google/inject/extensions/guice-servlet/4.0/guice-servlet-4.0.jar:/home/user/.m2/repository/org/glassfish/jersey/containers/jersey-container-servlet/2.27/jersey-container-servlet-2.27.jar:/home/user/.m2/repository/org/glassfish/hk2/guice-bridge/2.5.0/guice-bridge-2.5.0.jar:/home/user/.m2/repository/org/glassfish/jersey/core/jersey-server/2.27/jersey-server-2.27.jar:/home/user/.m2/repository/org/glassfish/jersey/core/jersey-client/2.27/jersey-client-2.27.jar:/home/user/.m2/repository/org/glassfish/jersey/media/jersey-media-jaxb/2.27/jersey-media-jaxb-2.27.jar:/home/user/.m2/repository/javax/validation/validation-api/1.1.0.Final/validation-api-1.1.0.Final.jar:/home/user/.m2/repository/org/glassfish/jersey/media/jersey-media-json-jackson/2.27/jersey-media-json-jackson-2.27.jar:/home/user/.m2/repository/org/glassfish/jersey/ext/jersey-entity-filtering/2.27/jersey-entity-filtering-2.27.jar:/home/user/.m2/repository/org/jooq/jooq/3.11.10/jooq-3.11.10.jar:/home/user/.m2/repository/org/jooq/jooq-meta/3.11.10/jooq-meta-3.11.10.jar:/home/user/.m2/repository/org/jooq/jooq-codegen/3.11.10/jooq-codegen-3.11.10.jar:/home/user/.m2/repository/com/jolbox/bonecp/0.8.0.RELEASE/bonecp-0.8.0.RELEASE.jar:/home/user/.m2/repository/org/apache/derby/derby/10.14.2.0/derby-10.14.2.0.jar:/home/user/.m2/repository/org/xerial/sqlite-jdbc/3.25.2/sqlite-jdbc-3.25.2.jar:/home/user/.m2/repository/org/springframework/spring-jdbc/5.2.5.RELEASE/spring-jdbc-5.2.5.RELEASE.jar:/home/user/.m2/repository/org/springframework/spring-beans/5.2.5.RELEASE/spring-beans-5.2.5.RELEASE.jar:/home/user/.m2/repository/org/springframework/spring-core/5.2.5.RELEASE/spring-core-5.2.5.RELEASE.jar:/home/user/.m2/repository/org/springframework/spring-jcl/5.2.5.RELEASE/spring-jcl-5.2.5.RELEASE.jar:/home/user/.m2/repository/org/springframework/spring-tx/5.2.5.RELEASE/spring-tx-5.2.5.RELEASE.jar:/home/user/.m2/repository/org/apache/hadoop/hadoop-ozone-client/0.6.0-SNAPSHOT/hadoop-ozone-client-0.6.0-SNAPSHOT.jar:/home/user/.m2/repository/org/apache/hadoop/hadoop-ozone-filesystem/0.6.0-SNAPSHOT/hadoop-ozone-filesystem-0.6.0-SNAPSHOT.jar:/home/user/.m2/repository/org/apache/hadoop/hadoop-hdds-hadoop-dependency-client/0.6.0-SNAPSHOT/hadoop-hdds-hadoop-dependency-client-0.6.0-SNAPSHOT.jar:/home/user/.m2/repository/org/apache/hadoop/hadoop-ozone-tools/0.6.0-SNAPSHOT/hadoop-ozone-tools-0.6.0-SNAPSHOT.jar:/home/user/.m2/repository/org/apache/hadoop/hadoop-hdfs/3.2.0/hadoop-hdfs-3.2.0.jar:/home/user/.m2/repository/org/apache/ratis/ratis-tools/0.6.0-cac3336-SNAPSHOT/ratis-tools-0.6.0-cac3336-SNAPSHOT.jar:/home/user/.m2/repository/org/apache/ratis/ratis-proto/0.6.0-cac3336-SNAPSHOT/ratis-proto-0.6.0-cac3336-SNAPSHOT.jar:/home/user/.m2/repository/org/apache/ratis/ratis-common/0.6.0-cac3336-SNAPSHOT/ratis-common-0.6.0-cac3336-SNAPSHOT.jar:/home/user/.m2/repository/com/amazonaws/aws-java-sdk-core/1.11.615/aws-java-sdk-core-1.11.615.jar:/home/user/.m2/repository/org/apache/httpcomponents/httpclient/4.5.2/httpclient-4.5.2.jar:/home/user/.m2/repository/org/apache/httpcomponents/httpcore/4.4.4/httpcore-4.4.4.jar:/home/user/.m2/repository/software/amazon/ion/ion-java/1.0.2/ion-java-1.0.2.jar:/home/user/.m2/repository/com/fasterxml/jackson/dataformat/jackson-dataformat-cbor/2.10.3/jackson-dataformat-cbor-2.10.3.jar:/home/user/.m2/repository/joda-time/joda-time/2.9.9/joda-time-2.9.9.jar:/home/user/.m2/repository/com/amazonaws/aws-java-sdk-s3/1.11.615/aws-java-sdk-s3-1.11.615.jar:/home/user/.m2/repository/com/amazonaws/aws-java-sdk-kms/1.11.615/aws-java-sdk-kms-1.11.615.jar:/home/user/.m2/repository/com/amazonaws/jmespath-java/1.11.615/jmespath-java-1.11.615.jar:/home/user/.m2/repository/org/apache/hadoop/hadoop-hdds-tools/0.6.0-SNAPSHOT/hadoop-hdds-tools-0.6.0-SNAPSHOT.jar:/home/user/.m2/repository/commons-cli/commons-cli/1.2/commons-cli-1.2.jar:/home/user/.m2/repository/org/apache/commons/commons-lang3/3.7/commons-lang3-3.7.jar:/home/user/.m2/repository/org/apache/hadoop/hadoop-ozone-ozone-manager/0.6.0-SNAPSHOT/hadoop-ozone-ozone-manager-0.6.0-SNAPSHOT-tests.jar:/home/user/.m2/repository/junit/junit/4.11/junit-4.11.jar:/home/user/.m2/repository/org/hamcrest/hamcrest-core/1.3/hamcrest-core-1.3.jar:/home/user/.m2/repository/org/openjdk/jmh/jmh-core/1.19/jmh-core-1.19.jar:/home/user/.m2/repository/net/sf/jopt-simple/jopt-simple/4.6/jopt-simple-4.6.jar:/home/user/.m2/repository/org/apache/commons/commons-math3/3.1.1/commons-math3-3.1.1.jar:/home/user/.m2/repository/org/openjdk/jmh/jmh-generator-annprocess/1.19/jmh-generator-annprocess-1.19.jar:/home/user/.m2/repository/org/mockito/mockito-all/1.8.5/mockito-all-1.8.5.jar:/home/user/.m2/repository/org/apache/hadoop/hadoop-kms/3.2.0/hadoop-kms-3.2.0.jar:/home/user/.m2/repository/org/apache/hadoop/hadoop-auth/3.2.0/hadoop-auth-3.2.0.jar:/home/user/.m2/repository/com/nimbusds/nimbus-jose-jwt/7.9/nimbus-jose-jwt-7.9.jar:/home/user/.m2/repository/com/github/stephenc/jcip/jcip-annotations/1.0-1/jcip-annotations-1.0-1.jar:/home/user/.m2/repository/net/minidev/json-smart/2.3/json-smart-2.3.jar:/home/user/.m2/repository/net/minidev/accessors-smart/1.2/accessors-smart-1.2.jar:/home/user/.m2/repository/org/ow2/asm/asm/5.0.4/asm-5.0.4.jar:/home/user/.m2/repository/org/apache/zookeeper/zookeeper/3.4.13/zookeeper-3.4.13.jar:/home/user/.m2/repository/org/apache/yetus/audience-annotations/0.5.0/audience-annotations-0.5.0.jar:/home/user/.m2/repository/org/apache/curator/curator-framework/2.12.0/curator-framework-2.12.0.jar:/home/user/.m2/repository/com/sun/jersey/jersey-core/1.19/jersey-core-1.19.jar:/home/user/.m2/repository/javax/ws/rs/jsr311-api/1.1.1/jsr311-api-1.1.1.jar:/home/user/.m2/repository/com/sun/jersey/jersey-server/1.19/jersey-server-1.19.jar:/home/user/.m2/repository/javax/servlet/javax.servlet-api/3.1.0/javax.servlet-api-3.1.0.jar:/home/user/.m2/repository/org/eclipse/jetty/jetty-server/9.4.26.v20200117/jetty-server-9.4.26.v20200117.jar:/home/user/.m2/repository/org/eclipse/jetty/jetty-http/9.4.26.v20200117/jetty-http-9.4.26.v20200117.jar:/home/user/.m2/repository/org/eclipse/jetty/jetty-io/9.4.26.v20200117/jetty-io-9.4.26.v20200117.jar:/home/user/.m2/repository/org/eclipse/jetty/jetty-webapp/9.4.26.v20200117/jetty-webapp-9.4.26.v20200117.jar:/home/user/.m2/repository/org/eclipse/jetty/jetty-xml/9.4.26.v20200117/jetty-xml-9.4.26.v20200117.jar:/home/user/.m2/repository/org/eclipse/jetty/jetty-servlet/9.4.26.v20200117/jetty-servlet-9.4.26.v20200117.jar:/home/user/.m2/repository/org/eclipse/jetty/jetty-security/9.4.26.v20200117/jetty-security-9.4.26.v20200117.jar:/home/user/.m2/repository/org/apache/hadoop/hadoop-common/3.2.0/hadoop-common-3.2.0.jar:/home/user/.m2/repository/commons-net/commons-net/3.6/commons-net-3.6.jar:/home/user/.m2/repository/commons-collections/commons-collections/3.2.2/commons-collections-3.2.2.jar:/home/user/.m2/repository/com/sun/jersey/jersey-servlet/1.19/jersey-servlet-1.19.jar:/home/user/.m2/repository/com/sun/jersey/jersey-json/1.19/jersey-json-1.19.jar:/home/user/.m2/repository/org/codehaus/jettison/jettison/1.1/jettison-1.1.jar:/home/user/.m2/repository/org/codehaus/jackson/jackson-jaxrs/1.9.2/jackson-jaxrs-1.9.2.jar:/home/user/.m2/repository/org/codehaus/jackson/jackson-xc/1.9.2/jackson-xc-1.9.2.jar:/home/user/.m2/repository/commons-beanutils/commons-beanutils/1.9.4/commons-beanutils-1.9.4.jar:/home/user/.m2/repository/org/apache/commons/commons-configuration2/2.1.1/commons-configuration2-2.1.1.jar:/home/user/.m2/repository/org/apache/commons/commons-text/1.4/commons-text-1.4.jar:/home/user/.m2/repository/com/google/re2j/re2j/1.1/re2j-1.1.jar:/home/user/.m2/repository/com/jcraft/jsch/0.1.54/jsch-0.1.54.jar:/home/user/.m2/repository/org/apache/curator/curator-client/2.12.0/curator-client-2.12.0.jar:/home/user/.m2/repository/org/apache/curator/curator-recipes/2.12.0/curator-recipes-2.12.0.jar:/home/user/.m2/repository/dnsjava/dnsjava/2.1.7/dnsjava-2.1.7.jar:/home/user/.m2/repository/org/slf4j/jul-to-slf4j/1.7.25/jul-to-slf4j-1.7.25.jar:/home/user/.m2/repository/org/eclipse/jetty/jetty-util/9.4.26.v20200117/jetty-util-9.4.26.v20200117.jar:/home/user/.m2/repository/com/fasterxml/jackson/core/jackson-databind/2.10.3/jackson-databind-2.10.3.jar:/home/user/.m2/repository/org/apache/hadoop/hadoop-kms/3.2.0/hadoop-kms-3.2.0-tests.jar:/home/user/.m2/repository/org/apache/hadoop/hadoop-hdds-server-scm/0.6.0-SNAPSHOT/hadoop-hdds-server-scm-0.6.0-SNAPSHOT-tests.jar:/home/user/.m2/repository/org/apache/hadoop/hadoop-hdds-container-service/0.6.0-SNAPSHOT/hadoop-hdds-container-service-0.6.0-SNAPSHOT-tests.jar:/home/user/.m2/repository/org/apache/hadoop/hadoop-hdds-common/0.6.0-SNAPSHOT/hadoop-hdds-common-0.6.0-SNAPSHOT-tests.jar:/home/user/.m2/repository/org/yaml/snakeyaml/1.16/snakeyaml-1.16.jar:/home/user/.m2/repository/org/apache/hadoop/hadoop-hdds-hadoop-dependency-test/0.6.0-SNAPSHOT/hadoop-hdds-hadoop-dependency-test-0.6.0-SNAPSHOT.jar:/home/user/.m2/repository/org/apache/hadoop/hadoop-common/3.2.0/hadoop-common-3.2.0-tests.jar:/home/user/.m2/repository/javax/servlet/jsp/jsp-api/2.1/jsp-api-2.1.jar:/home/user/.m2/repository/org/apache/hadoop/hadoop-hdfs/3.2.0/hadoop-hdfs-3.2.0-tests.jar:/home/user/.m2/repository/org/eclipse/jetty/jetty-util-ajax/9.4.26.v20200117/jetty-util-ajax-9.4.26.v20200117.jar:/home/user/.m2/repository/commons-codec/commons-codec/1.11/commons-codec-1.11.jar:/home/user/.m2/repository/commons-daemon/commons-daemon/1.0.13/commons-daemon-1.0.13.jar:/home/user/.m2/repository/io/netty/netty/3.10.5.Final/netty-3.10.5.Final.jar:/home/user/.m2/repository/io/netty/netty-all/4.1.48.Final/netty-all-4.1.48.Final.jar:/home/user/.m2/repository/org/apache/htrace/htrace-core4/4.1.0-incubating/htrace-core4-4.1.0-incubating.jar:/home/user/.m2/repository/org/fusesource/leveldbjni/leveldbjni-all/1.8/leveldbjni-all-1.8.jar:/home/user/.m2/repository/org/apache/hadoop/hadoop-distcp/3.2.0/hadoop-distcp-3.2.0.jar:/home/user/.m2/repository/org/apache/hadoop/hadoop-mapreduce-client-jobclient/3.2.0/hadoop-mapreduce-client-jobclient-3.2.0.jar:/home/user/.m2/repository/org/apache/hadoop/hadoop-mapreduce-client-common/3.2.0/hadoop-mapreduce-client-common-3.2.0.jar:/home/user/.m2/repository/org/apache/hadoop/hadoop-yarn-common/3.2.0/hadoop-yarn-common-3.2.0.jar:/home/user/.m2/repository/org/apache/hadoop/hadoop-yarn-api/3.2.0/hadoop-yarn-api-3.2.0.jar:/home/user/.m2/repository/com/sun/jersey/jersey-client/1.19/jersey-client-1.19.jar:/home/user/.m2/repository/com/sun/jersey/contribs/jersey-guice/1.19/jersey-guice-1.19.jar:/home/user/.m2/repository/com/fasterxml/jackson/jaxrs/jackson-jaxrs-json-provider/2.10.3/jackson-jaxrs-json-provider-2.10.3.jar:/home/user/.m2/repository/com/fasterxml/jackson/jaxrs/jackson-jaxrs-base/2.10.3/jackson-jaxrs-base-2.10.3.jar:/home/user/.m2/repository/org/apache/hadoop/hadoop-yarn-client/3.2.0/hadoop-yarn-client-3.2.0.jar:/home/user/.m2/repository/org/apache/hadoop/hadoop-mapreduce-client-core/3.2.0/hadoop-mapreduce-client-core-3.2.0.jar:/home/user/.m2/repository/org/apache/avro/avro/1.7.7/avro-1.7.7.jar:/home/user/.m2/repository/org/codehaus/jackson/jackson-core-asl/1.9.13/jackson-core-asl-1.9.13.jar:/home/user/.m2/repository/org/codehaus/jackson/jackson-mapper-asl/1.9.13/jackson-mapper-asl-1.9.13.jar:/home/user/.m2/repository/com/thoughtworks/paranamer/paranamer/2.3/paranamer-2.3.jar:/home/user/.m2/repository/org/xerial/snappy/snappy-java/1.0.5/snappy-java-1.0.5.jar:/home/user/.m2/repository/org/apache/hadoop/hadoop-annotations/3.2.0/hadoop-annotations-3.2.0.jar:/usr/lib/jvm/java-1.8.0-openjdk-1.8.0.232.b09-0.el7_7.x86_64/jre/../lib/tools.jar:/home/user/.m2/repository/org/apache/hadoop/hadoop-distcp/3.2.0/hadoop-distcp-3.2.0-tests.jar:"/>
    <property name="sun.cpu.endian" value="little"/>
    <property name="user.home" value="/home/user"/>
    <property name="user.language" value="en"/>
    <property name="java.specification.vendor" value="Oracle Corporation"/>
    <property name="java.home" value="/usr/lib/jvm/java-1.8.0-openjdk-1.8.0.232.b09-0.el7_7.x86_64/jre"/>
    <property name="java.security.krb5.conf" value="/github/workspace/mnt/ozone/hadoop-ozone/integration-test/target/test-classes/krb5.conf"/>
    <property name="basedir" value="/github/workspace/mnt/ozone/hadoop-ozone/integration-test"/>
    <property name="file.separator" value="/"/>
    <property name="line.separator" value="&#10;"/>
    <property name="java.vm.specification.vendor" value="Oracle Corporation"/>
    <property name="java.specification.name" value="Java Platform API Specification"/>
    <property name="java.awt.graphicsenv" value="sun.awt.X11GraphicsEnvironment"/>
    <property name="surefire.real.class.path" value="/github/workspace/mnt/ozone/hadoop-ozone/integration-test/target/surefire/surefirebooter3114159316364178817.jar:/home/user/.m2/repository/org/jacoco/org.jacoco.agent/0.8.3/org.jacoco.agent-0.8.3-runtime.jar"/>
    <property name="hadoop.log.dir" value="/github/workspace/mnt/ozone/hadoop-ozone/integration-test/target/log"/>
    <property name="sun.boot.class.path" value="/usr/lib/jvm/java-1.8.0-openjdk-1.8.0.232.b09-0.el7_7.x86_64/jre/lib/resources.jar:/usr/lib/jvm/java-1.8.0-openjdk-1.8.0.232.b09-0.el7_7.x86_64/jre/lib/rt.jar:/usr/lib/jvm/java-1.8.0-openjdk-1.8.0.232.b09-0.el7_7.x86_64/jre/lib/sunrsasign.jar:/usr/lib/jvm/java-1.8.0-openjdk-1.8.0.232.b09-0.el7_7.x86_64/jre/lib/jsse.jar:/usr/lib/jvm/java-1.8.0-openjdk-1.8.0.232.b09-0.el7_7.x86_64/jre/lib/jce.jar:/usr/lib/jvm/java-1.8.0-openjdk-1.8.0.232.b09-0.el7_7.x86_64/jre/lib/charsets.jar:/usr/lib/jvm/java-1.8.0-openjdk-1.8.0.232.b09-0.el7_7.x86_64/jre/lib/jfr.jar:/usr/lib/jvm/java-1.8.0-openjdk-1.8.0.232.b09-0.el7_7.x86_64/jre/classes"/>
    <property name="sun.management.compiler" value="HotSpot 64-Bit Tiered Compilers"/>
    <property name="java.runtime.version" value="1.8.0_232-b09"/>
    <property name="java.net.preferIPv4Stack" value="true"/>
    <property name="user.name" value="jenkins1001"/>
    <property name="path.separator" value=":"/>
    <property name="java.security.egd" value="file:///dev/urandom"/>
    <property name="os.version" value="5.0.0-1035-azure"/>
    <property name="java.endorsed.dirs" value="/usr/lib/jvm/java-1.8.0-openjdk-1.8.0.232.b09-0.el7_7.x86_64/jre/lib/endorsed"/>
    <property name="java.runtime.name" value="OpenJDK Runtime Environment"/>
    <property name="file.encoding" value="ANSI_X3.4-1968"/>
    <property name="java.vm.name" value="OpenJDK 64-Bit Server VM"/>
    <property name="test.build.webapps" value=""/>
    <property name="localRepository" value="/home/user/.m2/repository"/>
    <property name="java.vendor.url.bug" value="http://bugreport.sun.com/bugreport/"/>
    <property name="java.io.tmpdir" value="/tmp"/>
    <property name="require.test.libhadoop" value=""/>
    <property name="java.version" value="1.8.0_232"/>
    <property name="user.dir" value="/github/workspace/mnt/ozone/hadoop-ozone/integration-test"/>
    <property name="os.arch" value="amd64"/>
    <property name="java.vm.specification.name" value="Java Virtual Machine Specification"/>
    <property name="test.build.classes" value="/github/workspace/mnt/ozone/hadoop-ozone/integration-test/target/test-classes"/>
    <property name="java.awt.printerjob" value="sun.print.PSPrinterJob"/>
    <property name="sun.os.patch.level" value="unknown"/>
    <property name="hadoop.tmp.dir" value="/github/workspace/mnt/ozone/hadoop-ozone/integration-test/target/tmp"/>
    <property name="java.library.path" value="/usr/lib:/usr/java/packages/lib/amd64:/usr/lib64:/lib64:/lib:/usr/lib"/>
    <property name="java.vm.info" value="mixed mode"/>
    <property name="java.vendor" value="Oracle Corporation"/>
    <property name="java.vm.version" value="25.232-b09"/>
    <property name="java.ext.dirs" value="/usr/lib/jvm/java-1.8.0-openjdk-1.8.0.232.b09-0.el7_7.x86_64/jre/lib/ext:/usr/java/packages/lib/ext"/>
    <property name="sun.io.unicode.encoding" value="UnicodeLittle"/>
    <property name="java.class.version" value="52.0"/>
  </properties>
  <testcase name="testMultipleDataDirs" classname="org.apache.hadoop.ozone.TestMiniOzoneCluster" time="18.591"/>
  <testcase name="testStartMultipleDatanodes" classname="org.apache.hadoop.ozone.TestMiniOzoneCluster" time="23.89"/>
  <testcase name="testDNstartAfterSCM" classname="org.apache.hadoop.ozone.TestMiniOzoneCluster" time="70.23">
    <error message="test timed out after 60000 milliseconds" type="java.lang.Exception">java.lang.Exception: test timed out after 60000 milliseconds
	at java.lang.Thread.sleep(Native Method)
	at org.apache.hadoop.test.GenericTestUtils.waitFor(GenericTestUtils.java:218)
	at org.apache.hadoop.ozone.MiniOzoneClusterImpl.waitForClusterToBeReady(MiniOzoneClusterImpl.java:172)
	at org.apache.hadoop.ozone.TestMiniOzoneCluster.testDNstartAfterSCM(TestMiniOzoneCluster.java:291)
	at sun.reflect.NativeMethodAccessorImpl.invoke0(Native Method)
	at sun.reflect.NativeMethodAccessorImpl.invoke(NativeMethodAccessorImpl.java:62)
	at sun.reflect.DelegatingMethodAccessorImpl.invoke(DelegatingMethodAccessorImpl.java:43)
	at java.lang.reflect.Method.invoke(Method.java:498)
	at org.junit.runners.model.FrameworkMethod$1.runReflectiveCall(FrameworkMethod.java:47)
	at org.junit.internal.runners.model.ReflectiveCallable.run(ReflectiveCallable.java:12)
	at org.junit.runners.model.FrameworkMethod.invokeExplosively(FrameworkMethod.java:44)
	at org.junit.internal.runners.statements.InvokeMethod.evaluate(InvokeMethod.java:17)
	at org.junit.internal.runners.statements.FailOnTimeout$StatementThread.run(FailOnTimeout.java:74)
</error>
    <system-out><![CDATA[2020-05-07 23:58:53,761 [Thread-374] WARN  server.ServerUtils (ServerUtils.java:getScmDbDir(148)) - ozone.scm.db.dirs is not configured. We recommend adding this setting. Falling back to ozone.metadata.dirs instead.
2020-05-07 23:58:53,768 [Thread-374] WARN  server.ServerUtils (ServerUtils.java:getScmDbDir(148)) - ozone.scm.db.dirs is not configured. We recommend adding this setting. Falling back to ozone.metadata.dirs instead.
2020-05-07 23:58:53,768 [Thread-374] WARN  db.DBStoreBuilder (DBStoreBuilder.java:createDBStoreBuilder(277)) - ozone.scm.db.dirs is not configured. We recommend adding this setting. Falling back to ozone.metadata.dirs instead.
2020-05-07 23:58:53,808 [Thread-374] INFO  net.NodeSchemaLoader (NodeSchemaLoader.java:loadSchemaFromFile(126)) - Loading file from sun.misc.CompoundEnumeration@2996c8a3
2020-05-07 23:58:53,808 [Thread-374] INFO  net.NodeSchemaLoader (NodeSchemaLoader.java:loadSchema(172)) - Loading network topology layer schema file
2020-05-07 23:58:53,812 [Thread-374] WARN  server.ServerUtils (ServerUtils.java:sanitizeUserArgs(73)) - ozone.scm.stale.node.interval value = 300000 is larger than max = 100000 based on the key value of ozone.scm.heartbeat.thread.interval, reset to the max value 100000.
2020-05-07 23:58:53,812 [Thread-374] WARN  server.ServerUtils (ServerUtils.java:sanitizeUserArgs(73)) - ozone.scm.stale.node.interval value = 300000 is larger than max = 100000 based on the key value of ozone.scm.heartbeat.thread.interval, reset to the max value 100000.
2020-05-07 23:58:53,812 [Thread-374] INFO  node.SCMNodeManager (SCMNodeManager.java:<init>(116)) - Entering startup safe mode.
2020-05-07 23:58:53,813 [Thread-374] INFO  algorithms.ContainerPlacementPolicyFactory (ContainerPlacementPolicyFactory.java:getPolicy(60)) - Create container placement policy of type org.apache.hadoop.hdds.scm.container.placement.algorithms.SCMContainerPlacementRandom
2020-05-07 23:58:53,813 [Thread-374] INFO  pipeline.SCMPipelineManager (SCMPipelineManager.java:initializePipelineState(158)) - No pipeline exists in current db
2020-05-07 23:58:53,815 [Thread-374] INFO  safemode.HealthyPipelineSafeModeRule (HealthyPipelineSafeModeRule.java:<init>(89)) - Total pipeline count is 0, healthy pipeline threshold count is 0
2020-05-07 23:58:53,816 [Thread-374] INFO  safemode.OneReplicaPipelineSafeModeRule (OneReplicaPipelineSafeModeRule.java:<init>(79)) - Total pipeline count is 0, pipeline's with at least one datanode reported threshold count is 0
2020-05-07 23:58:53,822 [Thread-374] INFO  ipc.CallQueueManager (CallQueueManager.java:<init>(84)) - Using callQueue: class java.util.concurrent.LinkedBlockingQueue, queueCapacity: 2000, scheduler: class org.apache.hadoop.ipc.DefaultRpcScheduler, ipcBackoff: false.
2020-05-07 23:58:53,823 [RatisPipelineUtilsThread] ERROR pipeline.SCMPipelineManager (SCMPipelineManager.java:createPipeline(222)) - Failed to create pipeline of type RATIS and factor ONE. Exception: Cannot create pipeline of factor 1 using 0 nodes. Used 0 nodes. Healthy nodes 0
2020-05-07 23:58:53,823 [Socket Reader #1 for port 33295] INFO  ipc.Server (Server.java:run(1074)) - Starting Socket Reader #1 for port 33295
2020-05-07 23:58:53,824 [Thread-374] INFO  ipc.CallQueueManager (CallQueueManager.java:<init>(84)) - Using callQueue: class java.util.concurrent.LinkedBlockingQueue, queueCapacity: 2000, scheduler: class org.apache.hadoop.ipc.DefaultRpcScheduler, ipcBackoff: false.
2020-05-07 23:58:53,830 [Socket Reader #1 for port 33751] INFO  ipc.Server (Server.java:run(1074)) - Starting Socket Reader #1 for port 33751
2020-05-07 23:58:53,830 [Thread-374] INFO  ipc.CallQueueManager (CallQueueManager.java:<init>(84)) - Using callQueue: class java.util.concurrent.LinkedBlockingQueue, queueCapacity: 2000, scheduler: class org.apache.hadoop.ipc.DefaultRpcScheduler, ipcBackoff: false.
2020-05-07 23:58:53,833 [Socket Reader #1 for port 37723] INFO  ipc.Server (Server.java:run(1074)) - Starting Socket Reader #1 for port 37723
2020-05-07 23:58:53,840 [Thread-374] INFO  http.BaseHttpServer (BaseHttpServer.java:newHttpServer2BuilderForOzone(205)) - Starting Web-server for scm at: http://0.0.0.0:0
2020-05-07 23:58:53,840 [Thread-374] INFO  http.BaseHttpServer (BaseHttpServer.java:<init>(106)) - Hadoop Security Enabled: false Ozone Security Enabled: false Ozone HTTP Security Enabled: false 
2020-05-07 23:58:53,841 [Thread-374] INFO  server.AuthenticationFilter (AuthenticationFilter.java:constructSecretProvider(240)) - Unable to initialize FileSignerSecretProvider, falling back to use random secrets.
2020-05-07 23:58:53,842 [Thread-374] WARN  http.HttpRequestLog (HttpRequestLog.java:getRequestLog(103)) - Jetty request log can only be enabled using Log4j
2020-05-07 23:58:53,843 [Thread-374] INFO  http.HttpServer2 (HttpServer2.java:addGlobalFilter(993)) - Added global filter 'safety' (class=org.apache.hadoop.hdds.server.http.HttpServer2$QuotingInputFilter)
2020-05-07 23:58:53,844 [Thread-374] INFO  http.HttpServer2 (HttpServer2.java:addFilter(969)) - Added filter authentication (class=org.apache.hadoop.security.authentication.server.AuthenticationFilter) to context scm
2020-05-07 23:58:53,844 [Thread-374] INFO  http.HttpServer2 (HttpServer2.java:addFilter(977)) - Added filter authentication (class=org.apache.hadoop.security.authentication.server.AuthenticationFilter) to context logs
2020-05-07 23:58:53,844 [Thread-374] INFO  http.HttpServer2 (HttpServer2.java:addFilter(977)) - Added filter authentication (class=org.apache.hadoop.security.authentication.server.AuthenticationFilter) to context static
2020-05-07 23:58:53,846 [Thread-374] INFO  server.StorageContainerManager (StorageContainerManager.java:start(781)) - StorageContainerLocationProtocol RPC server is listening at /0.0.0.0:37723
2020-05-07 23:58:53,848 [Thread-374] WARN  impl.MetricsConfig (MetricsConfig.java:loadFirst(134)) - Cannot locate configuration: tried hadoop-metrics2-storagecontainermanager.properties,hadoop-metrics2.properties
2020-05-07 23:58:53,849 [Thread-374] INFO  impl.MetricsSystemImpl (MetricsSystemImpl.java:startTimer(374)) - Scheduled Metric snapshot period at 10 second(s).
2020-05-07 23:58:53,849 [Thread-374] INFO  impl.MetricsSystemImpl (MetricsSystemImpl.java:start(191)) - StorageContainerManager metrics system started
2020-05-07 23:58:53,874 [Thread-374] WARN  impl.MetricsSystemImpl (MetricsSystemImpl.java:register(276)) - Sink prometheus already exists!
2020-05-07 23:58:53,890 [Thread-374] INFO  server.SCMClientProtocolServer (SCMClientProtocolServer.java:start(157)) - RPC server for Client  is listening at /0.0.0.0:37723
2020-05-07 23:58:53,890 [IPC Server Responder] INFO  ipc.Server (Server.java:run(1314)) - IPC Server Responder: starting
2020-05-07 23:58:53,890 [IPC Server listener on 37723] INFO  ipc.Server (Server.java:run(1153)) - IPC Server listener on 37723: starting
2020-05-07 23:58:53,894 [Thread-374] INFO  server.StorageContainerManager (StorageContainerManager.java:start(793)) - ScmBlockLocationProtocol RPC server is listening at /0.0.0.0:33751
2020-05-07 23:58:53,894 [Thread-374] INFO  server.SCMBlockProtocolServer (SCMBlockProtocolServer.java:start(149)) - RPC server for Block Protocol is listening at /0.0.0.0:33751
2020-05-07 23:58:53,894 [IPC Server Responder] INFO  ipc.Server (Server.java:run(1314)) - IPC Server Responder: starting
2020-05-07 23:58:53,895 [IPC Server listener on 33751] INFO  ipc.Server (Server.java:run(1153)) - IPC Server listener on 33751: starting
2020-05-07 23:58:53,904 [Thread-374] INFO  server.StorageContainerManager (StorageContainerManager.java:start(799)) - ScmDatanodeProtocl RPC server is listening at /0.0.0.0:33295
2020-05-07 23:58:53,905 [Thread-374] INFO  server.SCMDatanodeProtocolServer (SCMDatanodeProtocolServer.java:start(172)) - RPC server for DataNodes is listening at /0.0.0.0:33295
2020-05-07 23:58:53,905 [IPC Server Responder] INFO  ipc.Server (Server.java:run(1314)) - IPC Server Responder: starting
2020-05-07 23:58:53,905 [IPC Server listener on 33295] INFO  ipc.Server (Server.java:run(1153)) - IPC Server listener on 33295: starting
2020-05-07 23:58:53,912 [Thread-374] INFO  http.HttpServer2 (HttpServer2.java:bindListener(1211)) - Jetty bound to port 33581
2020-05-07 23:58:53,913 [Thread-374] INFO  server.Server (Server.java:doStart(359)) - jetty-9.4.26.v20200117; built: 2020-01-17T12:35:33.676Z; git: 7b38981d25d14afb4a12ff1f2596756144edf695; jvm 1.8.0_232-b09
2020-05-07 23:58:53,914 [Thread-374] INFO  server.session (DefaultSessionIdManager.java:doStart(333)) - DefaultSessionIdManager workerName=node0
2020-05-07 23:58:53,914 [Thread-374] INFO  server.session (DefaultSessionIdManager.java:doStart(338)) - No SessionScavenger set, using defaults
2020-05-07 23:58:53,915 [Thread-374] INFO  server.session (HouseKeeper.java:startScavenging(140)) - node0 Scavenging every 600000ms
2020-05-07 23:58:53,915 [Thread-374] INFO  server.AuthenticationFilter (AuthenticationFilter.java:constructSecretProvider(240)) - Unable to initialize FileSignerSecretProvider, falling back to use random secrets.
2020-05-07 23:58:53,916 [Thread-374] INFO  handler.ContextHandler (ContextHandler.java:doStart(825)) - Started o.e.j.s.ServletContextHandler@444a072{logs,/logs,file:///github/workspace/mnt/ozone/hadoop-ozone/integration-test/target/log,AVAILABLE}
2020-05-07 23:58:53,916 [Thread-374] INFO  handler.ContextHandler (ContextHandler.java:doStart(825)) - Started o.e.j.s.ServletContextHandler@6af829c4{static,/static,file:///github/workspace/mnt/ozone/hadoop-ozone/integration-test/target/test-classes/webapps/static,AVAILABLE}
2020-05-07 23:58:53,920 [Thread-374] INFO  handler.ContextHandler (ContextHandler.java:doStart(825)) - Started o.e.j.w.WebAppContext@3fc29b3{scm,/,file:///github/workspace/mnt/ozone/hadoop-ozone/integration-test/target/test-classes/webapps/scm/,AVAILABLE}{file:/github/workspace/mnt/ozone/hadoop-ozone/integration-test/target/test-classes/webapps/scm}
2020-05-07 23:58:53,922 [Thread-374] INFO  server.AbstractConnector (AbstractConnector.java:doStart(330)) - Started ServerConnector@4fc54f83{HTTP/1.1,[http/1.1]}{0.0.0.0:33581}
2020-05-07 23:58:53,922 [Thread-374] INFO  server.Server (Server.java:doStart(399)) - Started @44109ms
2020-05-07 23:58:53,922 [Thread-374] WARN  impl.MetricsSystemImpl (MetricsSystemImpl.java:register(276)) - Sink prometheus already exists!
2020-05-07 23:58:53,927 [Thread-374] INFO  http.BaseHttpServer (BaseHttpServer.java:updateConnectorAddress(325)) - HTTP server of scm listening at http://0.0.0.0:33581
2020-05-07 23:58:53,933 [Thread-374] WARN  server.ServerUtils (ServerUtils.java:getDBPath(225)) - ozone.om.db.dirs is not configured. We recommend adding this setting. Falling back to ozone.metadata.dirs instead.
2020-05-07 23:58:53,933 [org.apache.hadoop.util.JvmPauseMonitor$Monitor@4a4f99dc] INFO  util.JvmPauseMonitor (JvmPauseMonitor.java:run(188)) - Starting JVM pause monitor
2020-05-07 23:58:53,935 [Thread-374] INFO  ha.OMHANodeDetails (OMHANodeDetails.java:loadOMHAConfig(104)) - ozone.om.internal.service.id is not defined, falling back to ozone.om.service.ids to find serviceID for OzoneManager if it is HA enabled cluster
2020-05-07 23:58:53,936 [Thread-374] INFO  ha.OMHANodeDetails (OMHANodeDetails.java:loadOMHAConfig(207)) - Configuration either no ozone.om.address set. Falling back to the default OM address /127.0.0.1:0
2020-05-07 23:58:53,936 [Thread-374] INFO  ha.OMHANodeDetails (OMHANodeDetails.java:getOMNodeDetails(237)) - OM Service ID is not set. Setting it to the default ID: omServiceIdDefault
2020-05-07 23:58:53,937 [Thread-374] WARN  server.ServerUtils (ServerUtils.java:getDBPath(225)) - ozone.om.db.dirs is not configured. We recommend adding this setting. Falling back to ozone.metadata.dirs instead.
2020-05-07 23:58:53,937 [Thread-374] WARN  server.ServerUtils (ServerUtils.java:getDBPath(225)) - ozone.om.db.dirs is not configured. We recommend adding this setting. Falling back to ozone.metadata.dirs instead.
2020-05-07 23:58:53,943 [Thread-374] WARN  server.ServerUtils (ServerUtils.java:getDBPath(225)) - ozone.om.db.dirs is not configured. We recommend adding this setting. Falling back to ozone.metadata.dirs instead.
2020-05-07 23:58:54,021 [Thread-374] INFO  ipc.CallQueueManager (CallQueueManager.java:<init>(84)) - Using callQueue: class java.util.concurrent.LinkedBlockingQueue, queueCapacity: 2000, scheduler: class org.apache.hadoop.ipc.DefaultRpcScheduler, ipcBackoff: false.
2020-05-07 23:58:54,022 [Socket Reader #1 for port 41873] INFO  ipc.Server (Server.java:run(1074)) - Starting Socket Reader #1 for port 41873
2020-05-07 23:58:54,038 [Thread-374] INFO  impl.MetricsSystemImpl (MetricsSystemImpl.java:init(158)) - OzoneManager metrics system started (again)
2020-05-07 23:58:54,039 [Thread-374] INFO  om.OzoneManager (OzoneManager.java:start(1107)) - OzoneManager RPC server is listening at localhost/127.0.0.1:41873
2020-05-07 23:58:54,044 [IPC Server Responder] INFO  ipc.Server (Server.java:run(1314)) - IPC Server Responder: starting
2020-05-07 23:58:54,044 [IPC Server listener on 41873] INFO  ipc.Server (Server.java:run(1153)) - IPC Server listener on 41873: starting
2020-05-07 23:58:54,053 [Thread-374] INFO  http.BaseHttpServer (BaseHttpServer.java:newHttpServer2BuilderForOzone(205)) - Starting Web-server for ozoneManager at: http://0.0.0.0:0
2020-05-07 23:58:54,053 [Thread-374] INFO  http.BaseHttpServer (BaseHttpServer.java:<init>(106)) - Hadoop Security Enabled: false Ozone Security Enabled: false Ozone HTTP Security Enabled: false 
2020-05-07 23:58:54,054 [Thread-374] INFO  server.AuthenticationFilter (AuthenticationFilter.java:constructSecretProvider(240)) - Unable to initialize FileSignerSecretProvider, falling back to use random secrets.
2020-05-07 23:58:54,062 [Thread-374] WARN  http.HttpRequestLog (HttpRequestLog.java:getRequestLog(103)) - Jetty request log can only be enabled using Log4j
2020-05-07 23:58:54,063 [Thread-374] INFO  http.HttpServer2 (HttpServer2.java:addGlobalFilter(993)) - Added global filter 'safety' (class=org.apache.hadoop.hdds.server.http.HttpServer2$QuotingInputFilter)
2020-05-07 23:58:54,063 [Thread-374] INFO  http.HttpServer2 (HttpServer2.java:addFilter(969)) - Added filter authentication (class=org.apache.hadoop.security.authentication.server.AuthenticationFilter) to context ozoneManager
2020-05-07 23:58:54,064 [Thread-374] INFO  http.HttpServer2 (HttpServer2.java:addFilter(977)) - Added filter authentication (class=org.apache.hadoop.security.authentication.server.AuthenticationFilter) to context static
2020-05-07 23:58:54,064 [Thread-374] INFO  http.HttpServer2 (HttpServer2.java:addFilter(977)) - Added filter authentication (class=org.apache.hadoop.security.authentication.server.AuthenticationFilter) to context logs
2020-05-07 23:58:54,064 [Thread-374] INFO  http.HttpServer2 (HttpServer2.java:bindListener(1211)) - Jetty bound to port 40969
2020-05-07 23:58:54,064 [Thread-374] INFO  server.Server (Server.java:doStart(359)) - jetty-9.4.26.v20200117; built: 2020-01-17T12:35:33.676Z; git: 7b38981d25d14afb4a12ff1f2596756144edf695; jvm 1.8.0_232-b09
2020-05-07 23:58:54,068 [Thread-374] INFO  server.session (DefaultSessionIdManager.java:doStart(333)) - DefaultSessionIdManager workerName=node0
2020-05-07 23:58:54,068 [Thread-374] INFO  server.session (DefaultSessionIdManager.java:doStart(338)) - No SessionScavenger set, using defaults
2020-05-07 23:58:54,068 [Thread-374] INFO  server.session (HouseKeeper.java:startScavenging(140)) - node0 Scavenging every 660000ms
2020-05-07 23:58:54,069 [Thread-374] INFO  server.AuthenticationFilter (AuthenticationFilter.java:constructSecretProvider(240)) - Unable to initialize FileSignerSecretProvider, falling back to use random secrets.
2020-05-07 23:58:54,069 [Thread-374] INFO  handler.ContextHandler (ContextHandler.java:doStart(825)) - Started o.e.j.s.ServletContextHandler@632aec65{logs,/logs,file:///github/workspace/mnt/ozone/hadoop-ozone/integration-test/target/log,AVAILABLE}
2020-05-07 23:58:54,070 [Thread-374] INFO  handler.ContextHandler (ContextHandler.java:doStart(825)) - Started o.e.j.s.ServletContextHandler@5c1d1855{static,/static,file:///github/workspace/mnt/ozone/hadoop-ozone/integration-test/target/test-classes/webapps/static,AVAILABLE}
2020-05-07 23:58:54,074 [Thread-374] INFO  handler.ContextHandler (ContextHandler.java:doStart(825)) - Started o.e.j.w.WebAppContext@3f2ebba2{ozoneManager,/,file:///github/workspace/mnt/ozone/hadoop-ozone/integration-test/target/test-classes/webapps/ozoneManager/,AVAILABLE}{file:/github/workspace/mnt/ozone/hadoop-ozone/integration-test/target/test-classes/webapps/ozoneManager}
2020-05-07 23:58:54,075 [Thread-374] INFO  server.AbstractConnector (AbstractConnector.java:doStart(330)) - Started ServerConnector@497d7881{HTTP/1.1,[http/1.1]}{0.0.0.0:40969}
2020-05-07 23:58:54,080 [Thread-374] INFO  server.Server (Server.java:doStart(399)) - Started @44262ms
2020-05-07 23:58:54,080 [Thread-374] WARN  impl.MetricsSystemImpl (MetricsSystemImpl.java:register(276)) - Sink prometheus already exists!
2020-05-07 23:58:54,084 [Thread-374] INFO  http.BaseHttpServer (BaseHttpServer.java:updateConnectorAddress(325)) - HTTP server of ozoneManager listening at http://0.0.0.0:40969
2020-05-07 23:58:54,097 [Thread-374] INFO  impl.MetricsSystemImpl (MetricsSystemImpl.java:init(158)) - HddsDatanode metrics system started (again)
2020-05-07 23:58:54,099 [Thread-374] INFO  ozone.HddsDatanodeService (HddsDatanodeService.java:start(204)) - HddsDatanodeService host:5f031a7da64c ip:172.17.0.2
2020-05-07 23:58:54,100 [Thread-374] INFO  volume.HddsVolume (HddsVolume.java:<init>(176)) - Creating Volume: /github/workspace/mnt/ozone/hadoop-ozone/integration-test/target/test-dir/MiniOzoneClusterImpl-7a3f37b7-1fff-4b4f-8d6d-79fb5d4a5c2b/datanode-0/data-0/containers/hdds of storage type : DISK and capacity : 9223372036854775807
2020-05-07 23:58:54,100 [Thread-374] INFO  volume.MutableVolumeSet (MutableVolumeSet.java:initializeVolumeSet(181)) - Added Volume : /github/workspace/mnt/ozone/hadoop-ozone/integration-test/target/test-dir/MiniOzoneClusterImpl-7a3f37b7-1fff-4b4f-8d6d-79fb5d4a5c2b/datanode-0/data-0/containers/hdds to VolumeSet
2020-05-07 23:58:54,100 [Thread-374] INFO  volume.ThrottledAsyncChecker (ThrottledAsyncChecker.java:schedule(141)) - Scheduling a check for /github/workspace/mnt/ozone/hadoop-ozone/integration-test/target/test-dir/MiniOzoneClusterImpl-7a3f37b7-1fff-4b4f-8d6d-79fb5d4a5c2b/datanode-0/data-0/containers/hdds
2020-05-07 23:58:54,101 [Thread-374] INFO  volume.HddsVolumeChecker (HddsVolumeChecker.java:checkAllVolumes(200)) - Scheduled health check for volume /github/workspace/mnt/ozone/hadoop-ozone/integration-test/target/test-dir/MiniOzoneClusterImpl-7a3f37b7-1fff-4b4f-8d6d-79fb5d4a5c2b/datanode-0/data-0/containers/hdds
2020-05-07 23:58:54,117 [Thread-374] INFO  impl.RaftServerProxy (ConfUtils.java:logGet(44)) - raft.rpc.type = GRPC (default)
2020-05-07 23:58:54,117 [Thread-374] INFO  grpc.GrpcFactory (GrpcFactory.java:checkPooledByteBufAllocatorUseCacheForAllThreads(45)) - PERFORMANCE WARNING: useCacheForAllThreads is true that may cause Netty to create a lot garbage objects and, as a result, trigger GC.
	It is recommended to disable useCacheForAllThreads by setting -Dorg.apache.ratis.thirdparty.io.netty.allocator.useCacheForAllThreads=false in command line.
2020-05-07 23:58:54,118 [Thread-374] INFO  grpc.GrpcConfigKeys (ConfUtils.java:logGet(44)) - raft.grpc.server.port = 0 (default)
2020-05-07 23:58:54,118 [Thread-374] INFO  server.GrpcService (ConfUtils.java:logGet(44)) - raft.grpc.message.size.max = 32MB (=33554432) (custom)
2020-05-07 23:58:54,118 [Thread-374] INFO  server.RaftServerConfigKeys (ConfUtils.java:logGet(44)) - raft.server.log.appender.buffer.byte-limit = 33554432 (custom)
2020-05-07 23:58:54,119 [Thread-374] INFO  server.GrpcService (ConfUtils.java:logGet(44)) - raft.grpc.flow.control.window = 5MB (=5242880) (custom)
2020-05-07 23:58:54,119 [Thread-374] INFO  server.RaftServerConfigKeys (ConfUtils.java:logGet(44)) - raft.server.rpc.request.timeout = 60s (custom)
2020-05-07 23:58:54,120 [Thread-374] INFO  server.RaftServerConfigKeys (ConfUtils.java:logGet(44)) - raft.server.storage.dir = [/github/workspace/mnt/ozone/hadoop-ozone/integration-test/target/test-dir/MiniOzoneClusterImpl-7a3f37b7-1fff-4b4f-8d6d-79fb5d4a5c2b/datanode-0/data/ratis] (custom)
2020-05-07 23:58:54,126 [Thread-374] INFO  http.BaseHttpServer (BaseHttpServer.java:newHttpServer2BuilderForOzone(205)) - Starting Web-server for hddsDatanode at: http://0.0.0.0:0
2020-05-07 23:58:54,126 [Thread-374] INFO  http.BaseHttpServer (BaseHttpServer.java:<init>(106)) - Hadoop Security Enabled: false Ozone Security Enabled: false Ozone HTTP Security Enabled: false 
2020-05-07 23:58:54,127 [Thread-374] INFO  server.AuthenticationFilter (AuthenticationFilter.java:constructSecretProvider(240)) - Unable to initialize FileSignerSecretProvider, falling back to use random secrets.
2020-05-07 23:58:54,127 [Thread-374] WARN  http.HttpRequestLog (HttpRequestLog.java:getRequestLog(103)) - Jetty request log can only be enabled using Log4j
2020-05-07 23:58:54,128 [Thread-374] INFO  http.HttpServer2 (HttpServer2.java:addGlobalFilter(993)) - Added global filter 'safety' (class=org.apache.hadoop.hdds.server.http.HttpServer2$QuotingInputFilter)
2020-05-07 23:58:54,129 [Thread-374] INFO  http.HttpServer2 (HttpServer2.java:addFilter(969)) - Added filter authentication (class=org.apache.hadoop.security.authentication.server.AuthenticationFilter) to context hddsDatanode
2020-05-07 23:58:54,129 [Thread-374] INFO  http.HttpServer2 (HttpServer2.java:addFilter(977)) - Added filter authentication (class=org.apache.hadoop.security.authentication.server.AuthenticationFilter) to context static
2020-05-07 23:58:54,129 [Thread-374] INFO  http.HttpServer2 (HttpServer2.java:addFilter(977)) - Added filter authentication (class=org.apache.hadoop.security.authentication.server.AuthenticationFilter) to context logs
2020-05-07 23:58:54,130 [Thread-374] INFO  http.HttpServer2 (HttpServer2.java:bindListener(1211)) - Jetty bound to port 40031
2020-05-07 23:58:54,130 [Thread-374] INFO  server.Server (Server.java:doStart(359)) - jetty-9.4.26.v20200117; built: 2020-01-17T12:35:33.676Z; git: 7b38981d25d14afb4a12ff1f2596756144edf695; jvm 1.8.0_232-b09
2020-05-07 23:58:54,131 [Thread-374] INFO  server.session (DefaultSessionIdManager.java:doStart(333)) - DefaultSessionIdManager workerName=node0
2020-05-07 23:58:54,132 [Thread-374] INFO  server.session (DefaultSessionIdManager.java:doStart(338)) - No SessionScavenger set, using defaults
2020-05-07 23:58:54,132 [Thread-374] INFO  server.session (HouseKeeper.java:startScavenging(140)) - node0 Scavenging every 660000ms
2020-05-07 23:58:54,132 [Thread-374] INFO  server.AuthenticationFilter (AuthenticationFilter.java:constructSecretProvider(240)) - Unable to initialize FileSignerSecretProvider, falling back to use random secrets.
2020-05-07 23:58:54,133 [Thread-374] INFO  handler.ContextHandler (ContextHandler.java:doStart(825)) - Started o.e.j.s.ServletContextHandler@38b3c12c{logs,/logs,file:///github/workspace/mnt/ozone/hadoop-ozone/integration-test/target/log,AVAILABLE}
2020-05-07 23:58:54,133 [Thread-374] INFO  handler.ContextHandler (ContextHandler.java:doStart(825)) - Started o.e.j.s.ServletContextHandler@432474a4{static,/static,jar:file:/home/user/.m2/repository/org/apache/hadoop/hadoop-hdds-container-service/0.6.0-SNAPSHOT/hadoop-hdds-container-service-0.6.0-SNAPSHOT.jar!/webapps/static,AVAILABLE}
2020-05-07 23:58:54,157 [Thread-374] INFO  handler.ContextHandler (ContextHandler.java:doStart(825)) - Started o.e.j.w.WebAppContext@226330e9{hddsDatanode,/,file:///tmp/jetty-0_0_0_0-40031-hadoop-hdds-container-service-0_6_0-SNAPSHOT_jar-_-any-4955539706951736578.dir/webapp/,AVAILABLE}{jar:file:/home/user/.m2/repository/org/apache/hadoop/hadoop-hdds-container-service/0.6.0-SNAPSHOT/hadoop-hdds-container-service-0.6.0-SNAPSHOT.jar!/webapps/hddsDatanode}
2020-05-07 23:58:54,158 [Thread-374] INFO  server.AbstractConnector (AbstractConnector.java:doStart(330)) - Started ServerConnector@4320c533{HTTP/1.1,[http/1.1]}{0.0.0.0:40031}
2020-05-07 23:58:54,158 [Thread-374] INFO  server.Server (Server.java:doStart(399)) - Started @44345ms
2020-05-07 23:58:54,158 [Thread-374] WARN  impl.MetricsSystemImpl (MetricsSystemImpl.java:register(276)) - Sink prometheus already exists!
2020-05-07 23:58:54,163 [Thread-374] INFO  http.BaseHttpServer (BaseHttpServer.java:updateConnectorAddress(325)) - HTTP server of hddsDatanode listening at http://0.0.0.0:40031
2020-05-07 23:58:54,164 [Thread-374] INFO  impl.MetricsSystemImpl (MetricsSystemImpl.java:init(158)) - HddsDatanode metrics system started (again)
2020-05-07 23:58:54,167 [Thread-374] INFO  ozone.HddsDatanodeService (HddsDatanodeService.java:start(204)) - HddsDatanodeService host:5f031a7da64c ip:172.17.0.2
2020-05-07 23:58:54,172 [Thread-374] INFO  volume.HddsVolume (HddsVolume.java:<init>(176)) - Creating Volume: /github/workspace/mnt/ozone/hadoop-ozone/integration-test/target/test-dir/MiniOzoneClusterImpl-7a3f37b7-1fff-4b4f-8d6d-79fb5d4a5c2b/datanode-1/data-0/containers/hdds of storage type : DISK and capacity : 9223372036854775807
2020-05-07 23:58:54,172 [Thread-374] INFO  volume.MutableVolumeSet (MutableVolumeSet.java:initializeVolumeSet(181)) - Added Volume : /github/workspace/mnt/ozone/hadoop-ozone/integration-test/target/test-dir/MiniOzoneClusterImpl-7a3f37b7-1fff-4b4f-8d6d-79fb5d4a5c2b/datanode-1/data-0/containers/hdds to VolumeSet
2020-05-07 23:58:54,172 [Thread-374] INFO  volume.ThrottledAsyncChecker (ThrottledAsyncChecker.java:schedule(141)) - Scheduling a check for /github/workspace/mnt/ozone/hadoop-ozone/integration-test/target/test-dir/MiniOzoneClusterImpl-7a3f37b7-1fff-4b4f-8d6d-79fb5d4a5c2b/datanode-1/data-0/containers/hdds
2020-05-07 23:58:54,181 [org.apache.hadoop.util.JvmPauseMonitor$Monitor@17eb61ed] INFO  util.JvmPauseMonitor (JvmPauseMonitor.java:run(188)) - Starting JVM pause monitor
2020-05-07 23:58:54,183 [Datanode State Machine Thread - 0] INFO  datanode.InitDatanodeState (InitDatanodeState.java:persistContainerDatanodeDetails(145)) - DatanodeDetails is persisted to /github/workspace/mnt/ozone/hadoop-ozone/integration-test/target/test-dir/MiniOzoneClusterImpl-7a3f37b7-1fff-4b4f-8d6d-79fb5d4a5c2b/datanode-0/meta/datanode.id
2020-05-07 23:58:54,183 [Thread-374] INFO  volume.HddsVolumeChecker (HddsVolumeChecker.java:checkAllVolumes(200)) - Scheduled health check for volume /github/workspace/mnt/ozone/hadoop-ozone/integration-test/target/test-dir/MiniOzoneClusterImpl-7a3f37b7-1fff-4b4f-8d6d-79fb5d4a5c2b/datanode-1/data-0/containers/hdds
2020-05-07 23:58:54,200 [Thread-374] INFO  impl.RaftServerProxy (ConfUtils.java:logGet(44)) - raft.rpc.type = GRPC (default)
2020-05-07 23:58:54,201 [Thread-374] INFO  grpc.GrpcFactory (GrpcFactory.java:checkPooledByteBufAllocatorUseCacheForAllThreads(45)) - PERFORMANCE WARNING: useCacheForAllThreads is true that may cause Netty to create a lot garbage objects and, as a result, trigger GC.
	It is recommended to disable useCacheForAllThreads by setting -Dorg.apache.ratis.thirdparty.io.netty.allocator.useCacheForAllThreads=false in command line.
2020-05-07 23:58:54,201 [Thread-374] INFO  grpc.GrpcConfigKeys (ConfUtils.java:logGet(44)) - raft.grpc.server.port = 0 (default)
2020-05-07 23:58:54,201 [Thread-374] INFO  server.GrpcService (ConfUtils.java:logGet(44)) - raft.grpc.message.size.max = 32MB (=33554432) (custom)
2020-05-07 23:58:54,201 [Thread-374] INFO  server.RaftServerConfigKeys (ConfUtils.java:logGet(44)) - raft.server.log.appender.buffer.byte-limit = 33554432 (custom)
2020-05-07 23:58:54,201 [Thread-374] INFO  server.GrpcService (ConfUtils.java:logGet(44)) - raft.grpc.flow.control.window = 5MB (=5242880) (custom)
2020-05-07 23:58:54,202 [Thread-374] INFO  server.RaftServerConfigKeys (ConfUtils.java:logGet(44)) - raft.server.rpc.request.timeout = 60s (custom)
2020-05-07 23:58:54,202 [Thread-374] INFO  server.RaftServerConfigKeys (ConfUtils.java:logGet(44)) - raft.server.storage.dir = [/github/workspace/mnt/ozone/hadoop-ozone/integration-test/target/test-dir/MiniOzoneClusterImpl-7a3f37b7-1fff-4b4f-8d6d-79fb5d4a5c2b/datanode-1/data/ratis] (custom)
2020-05-07 23:58:54,211 [Thread-374] INFO  http.BaseHttpServer (BaseHttpServer.java:newHttpServer2BuilderForOzone(205)) - Starting Web-server for hddsDatanode at: http://0.0.0.0:0
2020-05-07 23:58:54,211 [Thread-374] INFO  http.BaseHttpServer (BaseHttpServer.java:<init>(106)) - Hadoop Security Enabled: false Ozone Security Enabled: false Ozone HTTP Security Enabled: false 
2020-05-07 23:58:54,213 [Thread-374] INFO  server.AuthenticationFilter (AuthenticationFilter.java:constructSecretProvider(240)) - Unable to initialize FileSignerSecretProvider, falling back to use random secrets.
2020-05-07 23:58:54,213 [Thread-374] WARN  http.HttpRequestLog (HttpRequestLog.java:getRequestLog(103)) - Jetty request log can only be enabled using Log4j
2020-05-07 23:58:54,214 [Thread-374] INFO  http.HttpServer2 (HttpServer2.java:addGlobalFilter(993)) - Added global filter 'safety' (class=org.apache.hadoop.hdds.server.http.HttpServer2$QuotingInputFilter)
2020-05-07 23:58:54,215 [Thread-374] INFO  http.HttpServer2 (HttpServer2.java:addFilter(969)) - Added filter authentication (class=org.apache.hadoop.security.authentication.server.AuthenticationFilter) to context hddsDatanode
2020-05-07 23:58:54,215 [Thread-374] INFO  http.HttpServer2 (HttpServer2.java:addFilter(977)) - Added filter authentication (class=org.apache.hadoop.security.authentication.server.AuthenticationFilter) to context logs
2020-05-07 23:58:54,216 [Thread-374] INFO  http.HttpServer2 (HttpServer2.java:addFilter(977)) - Added filter authentication (class=org.apache.hadoop.security.authentication.server.AuthenticationFilter) to context static
2020-05-07 23:58:54,216 [Thread-374] INFO  http.HttpServer2 (HttpServer2.java:bindListener(1211)) - Jetty bound to port 41913
2020-05-07 23:58:54,216 [Thread-374] INFO  server.Server (Server.java:doStart(359)) - jetty-9.4.26.v20200117; built: 2020-01-17T12:35:33.676Z; git: 7b38981d25d14afb4a12ff1f2596756144edf695; jvm 1.8.0_232-b09
2020-05-07 23:58:54,220 [Thread-374] INFO  server.session (DefaultSessionIdManager.java:doStart(333)) - DefaultSessionIdManager workerName=node0
2020-05-07 23:58:54,220 [Thread-374] INFO  server.session (DefaultSessionIdManager.java:doStart(338)) - No SessionScavenger set, using defaults
2020-05-07 23:58:54,220 [Thread-374] INFO  server.session (HouseKeeper.java:startScavenging(140)) - node0 Scavenging every 660000ms
2020-05-07 23:58:54,221 [Thread-374] INFO  server.AuthenticationFilter (AuthenticationFilter.java:constructSecretProvider(240)) - Unable to initialize FileSignerSecretProvider, falling back to use random secrets.
2020-05-07 23:58:54,221 [Thread-374] INFO  handler.ContextHandler (ContextHandler.java:doStart(825)) - Started o.e.j.s.ServletContextHandler@32d32227{logs,/logs,file:///github/workspace/mnt/ozone/hadoop-ozone/integration-test/target/log,AVAILABLE}
2020-05-07 23:58:54,222 [Thread-374] INFO  handler.ContextHandler (ContextHandler.java:doStart(825)) - Started o.e.j.s.ServletContextHandler@68c4fcc1{static,/static,jar:file:/home/user/.m2/repository/org/apache/hadoop/hadoop-hdds-container-service/0.6.0-SNAPSHOT/hadoop-hdds-container-service-0.6.0-SNAPSHOT.jar!/webapps/static,AVAILABLE}
2020-05-07 23:58:54,247 [Thread-374] INFO  handler.ContextHandler (ContextHandler.java:doStart(825)) - Started o.e.j.w.WebAppContext@4930168{hddsDatanode,/,file:///tmp/jetty-0_0_0_0-41913-hadoop-hdds-container-service-0_6_0-SNAPSHOT_jar-_-any-8195549233590570549.dir/webapp/,AVAILABLE}{jar:file:/home/user/.m2/repository/org/apache/hadoop/hadoop-hdds-container-service/0.6.0-SNAPSHOT/hadoop-hdds-container-service-0.6.0-SNAPSHOT.jar!/webapps/hddsDatanode}
2020-05-07 23:58:54,248 [Thread-374] INFO  server.AbstractConnector (AbstractConnector.java:doStart(330)) - Started ServerConnector@4ec04f0e{HTTP/1.1,[http/1.1]}{0.0.0.0:41913}
2020-05-07 23:58:54,248 [Thread-374] INFO  server.Server (Server.java:doStart(399)) - Started @44435ms
2020-05-07 23:58:54,248 [Thread-374] WARN  impl.MetricsSystemImpl (MetricsSystemImpl.java:register(276)) - Sink prometheus already exists!
2020-05-07 23:58:54,254 [Thread-374] INFO  http.BaseHttpServer (BaseHttpServer.java:updateConnectorAddress(325)) - HTTP server of hddsDatanode listening at http://0.0.0.0:41913
2020-05-07 23:58:54,256 [Thread-374] INFO  impl.MetricsSystemImpl (MetricsSystemImpl.java:init(158)) - HddsDatanode metrics system started (again)
2020-05-07 23:58:54,266 [Thread-374] INFO  ozone.HddsDatanodeService (HddsDatanodeService.java:start(204)) - HddsDatanodeService host:5f031a7da64c ip:172.17.0.2
2020-05-07 23:58:54,267 [org.apache.hadoop.util.JvmPauseMonitor$Monitor@104fe6e0] INFO  util.JvmPauseMonitor (JvmPauseMonitor.java:run(188)) - Starting JVM pause monitor
2020-05-07 23:58:54,270 [Thread-374] INFO  volume.HddsVolume (HddsVolume.java:<init>(176)) - Creating Volume: /github/workspace/mnt/ozone/hadoop-ozone/integration-test/target/test-dir/MiniOzoneClusterImpl-7a3f37b7-1fff-4b4f-8d6d-79fb5d4a5c2b/datanode-2/data-0/containers/hdds of storage type : DISK and capacity : 9223372036854775807
2020-05-07 23:58:54,270 [Thread-374] INFO  volume.MutableVolumeSet (MutableVolumeSet.java:initializeVolumeSet(181)) - Added Volume : /github/workspace/mnt/ozone/hadoop-ozone/integration-test/target/test-dir/MiniOzoneClusterImpl-7a3f37b7-1fff-4b4f-8d6d-79fb5d4a5c2b/datanode-2/data-0/containers/hdds to VolumeSet
2020-05-07 23:58:54,270 [Thread-374] INFO  volume.ThrottledAsyncChecker (ThrottledAsyncChecker.java:schedule(141)) - Scheduling a check for /github/workspace/mnt/ozone/hadoop-ozone/integration-test/target/test-dir/MiniOzoneClusterImpl-7a3f37b7-1fff-4b4f-8d6d-79fb5d4a5c2b/datanode-2/data-0/containers/hdds
2020-05-07 23:58:54,271 [Datanode State Machine Thread - 0] INFO  datanode.InitDatanodeState (InitDatanodeState.java:persistContainerDatanodeDetails(145)) - DatanodeDetails is persisted to /github/workspace/mnt/ozone/hadoop-ozone/integration-test/target/test-dir/MiniOzoneClusterImpl-7a3f37b7-1fff-4b4f-8d6d-79fb5d4a5c2b/datanode-1/meta/datanode.id
2020-05-07 23:58:54,271 [Thread-374] INFO  volume.HddsVolumeChecker (HddsVolumeChecker.java:checkAllVolumes(200)) - Scheduled health check for volume /github/workspace/mnt/ozone/hadoop-ozone/integration-test/target/test-dir/MiniOzoneClusterImpl-7a3f37b7-1fff-4b4f-8d6d-79fb5d4a5c2b/datanode-2/data-0/containers/hdds
2020-05-07 23:58:54,287 [Thread-374] INFO  impl.RaftServerProxy (ConfUtils.java:logGet(44)) - raft.rpc.type = GRPC (default)
2020-05-07 23:58:54,287 [Thread-374] INFO  grpc.GrpcFactory (GrpcFactory.java:checkPooledByteBufAllocatorUseCacheForAllThreads(45)) - PERFORMANCE WARNING: useCacheForAllThreads is true that may cause Netty to create a lot garbage objects and, as a result, trigger GC.
	It is recommended to disable useCacheForAllThreads by setting -Dorg.apache.ratis.thirdparty.io.netty.allocator.useCacheForAllThreads=false in command line.
2020-05-07 23:58:54,287 [Thread-374] INFO  grpc.GrpcConfigKeys (ConfUtils.java:logGet(44)) - raft.grpc.server.port = 0 (default)
2020-05-07 23:58:54,287 [Thread-374] INFO  server.GrpcService (ConfUtils.java:logGet(44)) - raft.grpc.message.size.max = 32MB (=33554432) (custom)
2020-05-07 23:58:54,287 [Thread-374] INFO  server.RaftServerConfigKeys (ConfUtils.java:logGet(44)) - raft.server.log.appender.buffer.byte-limit = 33554432 (custom)
2020-05-07 23:58:54,288 [Thread-374] INFO  server.GrpcService (ConfUtils.java:logGet(44)) - raft.grpc.flow.control.window = 5MB (=5242880) (custom)
2020-05-07 23:58:54,288 [Thread-374] INFO  server.RaftServerConfigKeys (ConfUtils.java:logGet(44)) - raft.server.rpc.request.timeout = 60s (custom)
2020-05-07 23:58:54,289 [Thread-374] INFO  server.RaftServerConfigKeys (ConfUtils.java:logGet(44)) - raft.server.storage.dir = [/github/workspace/mnt/ozone/hadoop-ozone/integration-test/target/test-dir/MiniOzoneClusterImpl-7a3f37b7-1fff-4b4f-8d6d-79fb5d4a5c2b/datanode-2/data/ratis] (custom)
2020-05-07 23:58:54,294 [Thread-374] INFO  http.BaseHttpServer (BaseHttpServer.java:newHttpServer2BuilderForOzone(205)) - Starting Web-server for hddsDatanode at: http://0.0.0.0:0
2020-05-07 23:58:54,295 [Thread-374] INFO  http.BaseHttpServer (BaseHttpServer.java:<init>(106)) - Hadoop Security Enabled: false Ozone Security Enabled: false Ozone HTTP Security Enabled: false 
2020-05-07 23:58:54,296 [Thread-374] INFO  server.AuthenticationFilter (AuthenticationFilter.java:constructSecretProvider(240)) - Unable to initialize FileSignerSecretProvider, falling back to use random secrets.
2020-05-07 23:58:54,296 [Thread-374] WARN  http.HttpRequestLog (HttpRequestLog.java:getRequestLog(103)) - Jetty request log can only be enabled using Log4j
2020-05-07 23:58:54,298 [Thread-374] INFO  http.HttpServer2 (HttpServer2.java:addGlobalFilter(993)) - Added global filter 'safety' (class=org.apache.hadoop.hdds.server.http.HttpServer2$QuotingInputFilter)
2020-05-07 23:58:54,298 [Thread-374] INFO  http.HttpServer2 (HttpServer2.java:addFilter(969)) - Added filter authentication (class=org.apache.hadoop.security.authentication.server.AuthenticationFilter) to context hddsDatanode
2020-05-07 23:58:54,298 [Thread-374] INFO  http.HttpServer2 (HttpServer2.java:addFilter(977)) - Added filter authentication (class=org.apache.hadoop.security.authentication.server.AuthenticationFilter) to context static
2020-05-07 23:58:54,299 [Thread-374] INFO  http.HttpServer2 (HttpServer2.java:addFilter(977)) - Added filter authentication (class=org.apache.hadoop.security.authentication.server.AuthenticationFilter) to context logs
2020-05-07 23:58:54,300 [Thread-374] INFO  http.HttpServer2 (HttpServer2.java:bindListener(1211)) - Jetty bound to port 33275
2020-05-07 23:58:54,300 [Thread-374] INFO  server.Server (Server.java:doStart(359)) - jetty-9.4.26.v20200117; built: 2020-01-17T12:35:33.676Z; git: 7b38981d25d14afb4a12ff1f2596756144edf695; jvm 1.8.0_232-b09
2020-05-07 23:58:54,301 [Thread-374] INFO  server.session (DefaultSessionIdManager.java:doStart(333)) - DefaultSessionIdManager workerName=node0
2020-05-07 23:58:54,301 [Thread-374] INFO  server.session (DefaultSessionIdManager.java:doStart(338)) - No SessionScavenger set, using defaults
2020-05-07 23:58:54,301 [Thread-374] INFO  server.session (HouseKeeper.java:startScavenging(140)) - node0 Scavenging every 600000ms
2020-05-07 23:58:54,302 [Thread-374] INFO  server.AuthenticationFilter (AuthenticationFilter.java:constructSecretProvider(240)) - Unable to initialize FileSignerSecretProvider, falling back to use random secrets.
2020-05-07 23:58:54,307 [Thread-374] INFO  handler.ContextHandler (ContextHandler.java:doStart(825)) - Started o.e.j.s.ServletContextHandler@4f4e66d1{logs,/logs,file:///github/workspace/mnt/ozone/hadoop-ozone/integration-test/target/log,AVAILABLE}
2020-05-07 23:58:54,308 [Thread-374] INFO  handler.ContextHandler (ContextHandler.java:doStart(825)) - Started o.e.j.s.ServletContextHandler@66b08cf{static,/static,jar:file:/home/user/.m2/repository/org/apache/hadoop/hadoop-hdds-container-service/0.6.0-SNAPSHOT/hadoop-hdds-container-service-0.6.0-SNAPSHOT.jar!/webapps/static,AVAILABLE}
2020-05-07 23:58:54,335 [Thread-374] INFO  handler.ContextHandler (ContextHandler.java:doStart(825)) - Started o.e.j.w.WebAppContext@3e199444{hddsDatanode,/,file:///tmp/jetty-0_0_0_0-33275-hadoop-hdds-container-service-0_6_0-SNAPSHOT_jar-_-any-2464381274759943580.dir/webapp/,AVAILABLE}{jar:file:/home/user/.m2/repository/org/apache/hadoop/hadoop-hdds-container-service/0.6.0-SNAPSHOT/hadoop-hdds-container-service-0.6.0-SNAPSHOT.jar!/webapps/hddsDatanode}
2020-05-07 23:58:54,336 [Thread-374] INFO  server.AbstractConnector (AbstractConnector.java:doStart(330)) - Started ServerConnector@9cad921{HTTP/1.1,[http/1.1]}{0.0.0.0:33275}
2020-05-07 23:58:54,336 [Thread-374] INFO  server.Server (Server.java:doStart(399)) - Started @44523ms
2020-05-07 23:58:54,336 [Thread-374] WARN  impl.MetricsSystemImpl (MetricsSystemImpl.java:register(276)) - Sink prometheus already exists!
2020-05-07 23:58:54,341 [Thread-374] INFO  http.BaseHttpServer (BaseHttpServer.java:updateConnectorAddress(325)) - HTTP server of hddsDatanode listening at http://0.0.0.0:33275
2020-05-07 23:58:54,341 [Thread-374] INFO  ozone.MiniOzoneClusterImpl (MiniOzoneClusterImpl.java:lambda$waitForClusterToBeReady$0(177)) - Waiting for nodes to be ready. Got 0 of 3 DN Heartbeats.
2020-05-07 23:58:54,341 [Thread-374] INFO  ozone.MiniOzoneClusterImpl (MiniOzoneClusterImpl.java:lambda$waitForClusterToBeReady$0(180)) - Waiting for cluster to exit safe mode
2020-05-07 23:58:54,345 [org.apache.hadoop.util.JvmPauseMonitor$Monitor@7b5bf223] INFO  util.JvmPauseMonitor (JvmPauseMonitor.java:run(188)) - Starting JVM pause monitor
2020-05-07 23:58:54,347 [Datanode State Machine Thread - 0] INFO  datanode.InitDatanodeState (InitDatanodeState.java:persistContainerDatanodeDetails(145)) - DatanodeDetails is persisted to /github/workspace/mnt/ozone/hadoop-ozone/integration-test/target/test-dir/MiniOzoneClusterImpl-7a3f37b7-1fff-4b4f-8d6d-79fb5d4a5c2b/datanode-2/meta/datanode.id
2020-05-07 23:58:55,341 [Thread-374] INFO  ozone.MiniOzoneClusterImpl (MiniOzoneClusterImpl.java:lambda$waitForClusterToBeReady$0(177)) - Waiting for nodes to be ready. Got 0 of 3 DN Heartbeats.
2020-05-07 23:58:55,342 [Thread-374] INFO  ozone.MiniOzoneClusterImpl (MiniOzoneClusterImpl.java:lambda$waitForClusterToBeReady$0(180)) - Waiting for cluster to exit safe mode
2020-05-07 23:58:56,187 [Datanode State Machine Thread - 0] INFO  ozoneimpl.OzoneContainer (OzoneContainer.java:start(232)) - Attempting to start container services.
2020-05-07 23:58:56,187 [Datanode State Machine Thread - 0] INFO  ozoneimpl.OzoneContainer (OzoneContainer.java:startContainerScrub(196)) - Background container scanner has been disabled.
2020-05-07 23:58:56,187 [Datanode State Machine Thread - 0] INFO  ratis.XceiverServerRatis (XceiverServerRatis.java:start(425)) - Starting XceiverServerRatis 15f77a3f-6b32-4023-ae51-d7d64abf6bf6 at port 0
2020-05-07 23:58:56,189 [Datanode State Machine Thread - 0] INFO  impl.RaftServerProxy (RaftServerProxy.java:lambda$start$3(299)) - 15f77a3f-6b32-4023-ae51-d7d64abf6bf6: start RPC server
2020-05-07 23:58:56,190 [Datanode State Machine Thread - 0] INFO  server.GrpcService (GrpcService.java:startImpl(159)) - 15f77a3f-6b32-4023-ae51-d7d64abf6bf6: GrpcService started, listening on 0.0.0.0/0.0.0.0:41177
2020-05-07 23:58:56,190 [Datanode State Machine Thread - 0] INFO  ratis.XceiverServerRatis (XceiverServerRatis.java:start(437)) - XceiverServerRatis 15f77a3f-6b32-4023-ae51-d7d64abf6bf6 is started using port 41177
2020-05-07 23:58:56,191 [Datanode State Machine Thread - 0] INFO  server.XceiverServerGrpc (XceiverServerGrpc.java:start(145)) - XceiverServerGrpc 15f77a3f-6b32-4023-ae51-d7d64abf6bf6 is started using port 39431
2020-05-07 23:58:56,271 [Datanode State Machine Thread - 0] INFO  ozoneimpl.OzoneContainer (OzoneContainer.java:start(232)) - Attempting to start container services.
2020-05-07 23:58:56,271 [Datanode State Machine Thread - 0] INFO  ozoneimpl.OzoneContainer (OzoneContainer.java:startContainerScrub(196)) - Background container scanner has been disabled.
2020-05-07 23:58:56,271 [Datanode State Machine Thread - 0] INFO  ratis.XceiverServerRatis (XceiverServerRatis.java:start(425)) - Starting XceiverServerRatis 63d83604-a330-4908-b13c-fc2b29e0e529 at port 0
2020-05-07 23:58:56,272 [Datanode State Machine Thread - 0] INFO  impl.RaftServerProxy (RaftServerProxy.java:lambda$start$3(299)) - 63d83604-a330-4908-b13c-fc2b29e0e529: start RPC server
2020-05-07 23:58:56,273 [Datanode State Machine Thread - 0] INFO  server.GrpcService (GrpcService.java:startImpl(159)) - 63d83604-a330-4908-b13c-fc2b29e0e529: GrpcService started, listening on 0.0.0.0/0.0.0.0:37083
2020-05-07 23:58:56,273 [Datanode State Machine Thread - 0] INFO  ratis.XceiverServerRatis (XceiverServerRatis.java:start(437)) - XceiverServerRatis 63d83604-a330-4908-b13c-fc2b29e0e529 is started using port 37083
2020-05-07 23:58:56,275 [Datanode State Machine Thread - 0] INFO  server.XceiverServerGrpc (XceiverServerGrpc.java:start(145)) - XceiverServerGrpc 63d83604-a330-4908-b13c-fc2b29e0e529 is started using port 36749
2020-05-07 23:58:56,342 [Thread-374] INFO  ozone.MiniOzoneClusterImpl (MiniOzoneClusterImpl.java:lambda$waitForClusterToBeReady$0(177)) - Waiting for nodes to be ready. Got 0 of 3 DN Heartbeats.
2020-05-07 23:58:56,342 [Thread-374] INFO  ozone.MiniOzoneClusterImpl (MiniOzoneClusterImpl.java:lambda$waitForClusterToBeReady$0(180)) - Waiting for cluster to exit safe mode
2020-05-07 23:58:56,350 [Datanode State Machine Thread - 0] INFO  ozoneimpl.OzoneContainer (OzoneContainer.java:start(232)) - Attempting to start container services.
2020-05-07 23:58:56,350 [Datanode State Machine Thread - 0] INFO  ozoneimpl.OzoneContainer (OzoneContainer.java:startContainerScrub(196)) - Background container scanner has been disabled.
2020-05-07 23:58:56,350 [Datanode State Machine Thread - 0] INFO  ratis.XceiverServerRatis (XceiverServerRatis.java:start(425)) - Starting XceiverServerRatis e16632f5-0eba-4fc5-8660-647e7bca2b13 at port 0
2020-05-07 23:58:56,352 [Datanode State Machine Thread - 0] INFO  impl.RaftServerProxy (RaftServerProxy.java:lambda$start$3(299)) - e16632f5-0eba-4fc5-8660-647e7bca2b13: start RPC server
2020-05-07 23:58:56,355 [Datanode State Machine Thread - 0] INFO  server.GrpcService (GrpcService.java:startImpl(159)) - e16632f5-0eba-4fc5-8660-647e7bca2b13: GrpcService started, listening on 0.0.0.0/0.0.0.0:45197
2020-05-07 23:58:56,355 [Datanode State Machine Thread - 0] INFO  ratis.XceiverServerRatis (XceiverServerRatis.java:start(437)) - XceiverServerRatis e16632f5-0eba-4fc5-8660-647e7bca2b13 is started using port 45197
2020-05-07 23:58:56,361 [Datanode State Machine Thread - 0] INFO  server.XceiverServerGrpc (XceiverServerGrpc.java:start(145)) - XceiverServerGrpc e16632f5-0eba-4fc5-8660-647e7bca2b13 is started using port 37247
2020-05-07 23:58:57,342 [Thread-374] INFO  ozone.MiniOzoneClusterImpl (MiniOzoneClusterImpl.java:lambda$waitForClusterToBeReady$0(177)) - Waiting for nodes to be ready. Got 0 of 3 DN Heartbeats.
2020-05-07 23:58:57,343 [Thread-374] INFO  ozone.MiniOzoneClusterImpl (MiniOzoneClusterImpl.java:lambda$waitForClusterToBeReady$0(180)) - Waiting for cluster to exit safe mode
2020-05-07 23:58:58,184 [IPC Server handler 0 on 33295] INFO  net.NetworkTopology (NetworkTopologyImpl.java:add(111)) - Added a new node: /default-rack/15f77a3f-6b32-4023-ae51-d7d64abf6bf6
2020-05-07 23:58:58,184 [IPC Server handler 0 on 33295] INFO  node.SCMNodeManager (SCMNodeManager.java:register(268)) - Registered Data node : 15f77a3f-6b32-4023-ae51-d7d64abf6bf6{ip: 172.17.0.2, host: 5f031a7da64c, networkLocation: /default-rack, certSerialId: null}
2020-05-07 23:58:58,185 [EventQueue-NodeRegistrationContainerReportForDataNodeSafeModeRule] INFO  safemode.SCMSafeModeManager (DataNodeSafeModeRule.java:process(71)) - SCM in safe mode. 1 DataNodes registered, 1 required.
2020-05-07 23:58:58,185 [EventQueue-NodeRegistrationContainerReportForDataNodeSafeModeRule] INFO  safemode.SCMSafeModeManager (SCMSafeModeManager.java:validateSafeModeExitRules(213)) - DataNodeSafeModeRule rule is successfully validated
2020-05-07 23:58:58,185 [EventQueue-NodeRegistrationContainerReportForDataNodeSafeModeRule] INFO  safemode.SCMSafeModeManager (SCMSafeModeManager.java:completePreCheck(241)) - All SCM safe mode pre check rules have passed
2020-05-07 23:58:58,190 [EventQueue-NodeRegistrationContainerReportForContainerSafeModeRule] INFO  safemode.SCMSafeModeManager (SCMSafeModeManager.java:validateSafeModeExitRules(213)) - ContainerSafeModeRule rule is successfully validated
2020-05-07 23:58:58,190 [RatisPipelineUtilsThread] INFO  pipeline.RatisPipelineProvider (RatisPipelineProvider.java:lambda$create$0(138)) - Sending CreatePipelineCommand for pipeline:PipelineID=5a222cbd-8d17-4850-82ea-f0c082f9bfdb to datanode:15f77a3f-6b32-4023-ae51-d7d64abf6bf6
2020-05-07 23:58:58,191 [RatisPipelineUtilsThread] INFO  pipeline.PipelineStateManager (PipelineStateManager.java:addPipeline(54)) - Created pipeline Pipeline[ Id: 5a222cbd-8d17-4850-82ea-f0c082f9bfdb, Nodes: 15f77a3f-6b32-4023-ae51-d7d64abf6bf6{ip: 172.17.0.2, host: 5f031a7da64c, networkLocation: /default-rack, certSerialId: null}, Type:RATIS, Factor:ONE, State:ALLOCATED, leaderId:null, CreationTimestamp2020-05-07T23:58:58.190Z]
2020-05-07 23:58:58,191 [RatisPipelineUtilsThread] ERROR pipeline.SCMPipelineManager (SCMPipelineManager.java:createPipeline(222)) - Failed to create pipeline of type RATIS and factor ONE. Exception: Cannot create pipeline of factor 1 using 0 nodes. Used 1 nodes. Healthy nodes 1
2020-05-07 23:58:58,191 [RatisPipelineUtilsThread] WARN  pipeline.PipelinePlacementPolicy (PipelinePlacementPolicy.java:filterViableNodes(132)) - Pipeline creation failed due to no sufficient healthy datanodes. Required 3. Found 1.
2020-05-07 23:58:58,191 [RatisPipelineUtilsThread] ERROR pipeline.SCMPipelineManager (SCMPipelineManager.java:createPipeline(222)) - Failed to create pipeline of type RATIS and factor THREE. Exception: Pipeline creation failed due to no sufficient healthy datanodes. Required 3. Found 1.
2020-05-07 23:58:58,267 [IPC Server handler 1 on 33295] INFO  net.NetworkTopology (NetworkTopologyImpl.java:add(111)) - Added a new node: /default-rack/63d83604-a330-4908-b13c-fc2b29e0e529
2020-05-07 23:58:58,267 [IPC Server handler 1 on 33295] INFO  node.SCMNodeManager (SCMNodeManager.java:register(268)) - Registered Data node : 63d83604-a330-4908-b13c-fc2b29e0e529{ip: 172.17.0.2, host: 5f031a7da64c, networkLocation: /default-rack, certSerialId: null}
2020-05-07 23:58:58,268 [EventQueue-NodeRegistrationContainerReportForContainerSafeModeRule] INFO  safemode.SCMSafeModeManager (SCMSafeModeManager.java:validateSafeModeExitRules(213)) - ContainerSafeModeRule rule is successfully validated
2020-05-07 23:58:58,269 [EventQueue-NodeRegistrationContainerReportForDataNodeSafeModeRule] INFO  safemode.SCMSafeModeManager (SCMSafeModeManager.java:validateSafeModeExitRules(213)) - DataNodeSafeModeRule rule is successfully validated
2020-05-07 23:58:58,269 [RatisPipelineUtilsThread] INFO  pipeline.RatisPipelineProvider (RatisPipelineProvider.java:lambda$create$0(138)) - Sending CreatePipelineCommand for pipeline:PipelineID=53c1810a-2834-4355-9c97-2155c2cc500d to datanode:63d83604-a330-4908-b13c-fc2b29e0e529
2020-05-07 23:58:58,269 [RatisPipelineUtilsThread] INFO  pipeline.PipelineStateManager (PipelineStateManager.java:addPipeline(54)) - Created pipeline Pipeline[ Id: 53c1810a-2834-4355-9c97-2155c2cc500d, Nodes: 63d83604-a330-4908-b13c-fc2b29e0e529{ip: 172.17.0.2, host: 5f031a7da64c, networkLocation: /default-rack, certSerialId: null}, Type:RATIS, Factor:ONE, State:ALLOCATED, leaderId:null, CreationTimestamp2020-05-07T23:58:58.269Z]
2020-05-07 23:58:58,269 [RatisPipelineUtilsThread] ERROR pipeline.SCMPipelineManager (SCMPipelineManager.java:createPipeline(222)) - Failed to create pipeline of type RATIS and factor ONE. Exception: Cannot create pipeline of factor 1 using 0 nodes. Used 2 nodes. Healthy nodes 2
2020-05-07 23:58:58,270 [RatisPipelineUtilsThread] WARN  pipeline.PipelinePlacementPolicy (PipelinePlacementPolicy.java:filterViableNodes(132)) - Pipeline creation failed due to no sufficient healthy datanodes. Required 3. Found 2.
2020-05-07 23:58:58,270 [RatisPipelineUtilsThread] ERROR pipeline.SCMPipelineManager (SCMPipelineManager.java:createPipeline(222)) - Failed to create pipeline of type RATIS and factor THREE. Exception: Pipeline creation failed due to no sufficient healthy datanodes. Required 3. Found 2.
2020-05-07 23:58:58,343 [Thread-374] INFO  ozone.MiniOzoneClusterImpl (MiniOzoneClusterImpl.java:lambda$waitForClusterToBeReady$0(177)) - Waiting for nodes to be ready. Got 2 of 3 DN Heartbeats.
2020-05-07 23:58:58,343 [Thread-374] INFO  ozone.MiniOzoneClusterImpl (MiniOzoneClusterImpl.java:lambda$waitForClusterToBeReady$0(180)) - Waiting for cluster to exit safe mode
2020-05-07 23:58:58,348 [IPC Server handler 2 on 33295] INFO  net.NetworkTopology (NetworkTopologyImpl.java:add(111)) - Added a new node: /default-rack/e16632f5-0eba-4fc5-8660-647e7bca2b13
2020-05-07 23:58:58,348 [IPC Server handler 2 on 33295] INFO  node.SCMNodeManager (SCMNodeManager.java:register(268)) - Registered Data node : e16632f5-0eba-4fc5-8660-647e7bca2b13{ip: 172.17.0.2, host: 5f031a7da64c, networkLocation: /default-rack, certSerialId: null}
2020-05-07 23:58:58,348 [RatisPipelineUtilsThread] INFO  pipeline.RatisPipelineProvider (RatisPipelineProvider.java:lambda$create$0(138)) - Sending CreatePipelineCommand for pipeline:PipelineID=b6cf97ef-3629-45d7-a18f-8ff983c2c6a3 to datanode:e16632f5-0eba-4fc5-8660-647e7bca2b13
2020-05-07 23:58:58,348 [EventQueue-NodeRegistrationContainerReportForContainerSafeModeRule] INFO  safemode.SCMSafeModeManager (SCMSafeModeManager.java:validateSafeModeExitRules(213)) - ContainerSafeModeRule rule is successfully validated
2020-05-07 23:58:58,348 [RatisPipelineUtilsThread] INFO  pipeline.PipelineStateManager (PipelineStateManager.java:addPipeline(54)) - Created pipeline Pipeline[ Id: b6cf97ef-3629-45d7-a18f-8ff983c2c6a3, Nodes: e16632f5-0eba-4fc5-8660-647e7bca2b13{ip: 172.17.0.2, host: 5f031a7da64c, networkLocation: /default-rack, certSerialId: null}, Type:RATIS, Factor:ONE, State:ALLOCATED, leaderId:null, CreationTimestamp2020-05-07T23:58:58.348Z]
2020-05-07 23:58:58,349 [RatisPipelineUtilsThread] ERROR pipeline.SCMPipelineManager (SCMPipelineManager.java:createPipeline(222)) - Failed to create pipeline of type RATIS and factor ONE. Exception: Cannot create pipeline of factor 1 using 0 nodes. Used 3 nodes. Healthy nodes 3
2020-05-07 23:58:58,349 [RatisPipelineUtilsThread] INFO  pipeline.RatisPipelineProvider (RatisPipelineProvider.java:lambda$create$0(138)) - Sending CreatePipelineCommand for pipeline:PipelineID=2b8775e4-eea8-4120-8a0c-e25a3c0c8742 to datanode:15f77a3f-6b32-4023-ae51-d7d64abf6bf6
2020-05-07 23:58:58,349 [RatisPipelineUtilsThread] INFO  pipeline.RatisPipelineProvider (RatisPipelineProvider.java:lambda$create$0(138)) - Sending CreatePipelineCommand for pipeline:PipelineID=2b8775e4-eea8-4120-8a0c-e25a3c0c8742 to datanode:63d83604-a330-4908-b13c-fc2b29e0e529
2020-05-07 23:58:58,349 [RatisPipelineUtilsThread] INFO  pipeline.RatisPipelineProvider (RatisPipelineProvider.java:lambda$create$0(138)) - Sending CreatePipelineCommand for pipeline:PipelineID=2b8775e4-eea8-4120-8a0c-e25a3c0c8742 to datanode:e16632f5-0eba-4fc5-8660-647e7bca2b13
2020-05-07 23:58:58,350 [RatisPipelineUtilsThread] INFO  pipeline.PipelineStateManager (PipelineStateManager.java:addPipeline(54)) - Created pipeline Pipeline[ Id: 2b8775e4-eea8-4120-8a0c-e25a3c0c8742, Nodes: 15f77a3f-6b32-4023-ae51-d7d64abf6bf6{ip: 172.17.0.2, host: 5f031a7da64c, networkLocation: /default-rack, certSerialId: null}63d83604-a330-4908-b13c-fc2b29e0e529{ip: 172.17.0.2, host: 5f031a7da64c, networkLocation: /default-rack, certSerialId: null}e16632f5-0eba-4fc5-8660-647e7bca2b13{ip: 172.17.0.2, host: 5f031a7da64c, networkLocation: /default-rack, certSerialId: null}, Type:RATIS, Factor:THREE, State:ALLOCATED, leaderId:null, CreationTimestamp2020-05-07T23:58:58.349Z]
2020-05-07 23:58:58,350 [RatisPipelineUtilsThread] ERROR pipeline.SCMPipelineManager (SCMPipelineManager.java:createPipeline(222)) - Failed to create pipeline of type RATIS and factor THREE. Exception: Pipeline creation failed because nodes are engaged in other pipelines and every node can only be engaged in max 2 pipelines. Required 3. Found 0
2020-05-07 23:58:58,350 [EventQueue-NodeRegistrationContainerReportForDataNodeSafeModeRule] INFO  safemode.SCMSafeModeManager (SCMSafeModeManager.java:validateSafeModeExitRules(213)) - DataNodeSafeModeRule rule is successfully validated
2020-05-07 23:58:59,343 [Thread-374] INFO  ozone.MiniOzoneClusterImpl (MiniOzoneClusterImpl.java:lambda$waitForClusterToBeReady$0(177)) - Nodes are ready. Got 3 of 3 DN Heartbeats.
2020-05-07 23:58:59,343 [Thread-374] INFO  ozone.MiniOzoneClusterImpl (MiniOzoneClusterImpl.java:lambda$waitForClusterToBeReady$0(180)) - Waiting for cluster to exit safe mode
2020-05-07 23:59:00,344 [Thread-374] INFO  ozone.MiniOzoneClusterImpl (MiniOzoneClusterImpl.java:lambda$waitForClusterToBeReady$0(177)) - Nodes are ready. Got 3 of 3 DN Heartbeats.
2020-05-07 23:59:00,344 [Thread-374] INFO  ozone.MiniOzoneClusterImpl (MiniOzoneClusterImpl.java:lambda$waitForClusterToBeReady$0(180)) - Waiting for cluster to exit safe mode
2020-05-07 23:59:01,183 [Command processor thread] INFO  impl.RaftServerProxy (RaftServerProxy.java:addNew(89)) - 15f77a3f-6b32-4023-ae51-d7d64abf6bf6: addNew group-F0C082F9BFDB:[15f77a3f-6b32-4023-ae51-d7d64abf6bf6:172.17.0.2:41177] returns group-F0C082F9BFDB:java.util.concurrent.CompletableFuture@557323fe[Not completed]
2020-05-07 23:59:01,185 [pool-154-thread-1] INFO  impl.RaftServerImpl (RaftServerImpl.java:<init>(98)) - 15f77a3f-6b32-4023-ae51-d7d64abf6bf6: new RaftServerImpl for group-F0C082F9BFDB:[15f77a3f-6b32-4023-ae51-d7d64abf6bf6:172.17.0.2:41177] with ContainerStateMachine:uninitialized
2020-05-07 23:59:01,185 [pool-154-thread-1] INFO  server.RaftServerConfigKeys (ConfUtils.java:logGet(44)) - raft.server.rpc.timeout.min = 5s (custom)
2020-05-07 23:59:01,185 [pool-154-thread-1] INFO  server.RaftServerConfigKeys (ConfUtils.java:logGet(44)) - raft.server.rpc.timeout.max = 5200ms (custom)
2020-05-07 23:59:01,185 [pool-154-thread-1] INFO  server.RaftServerConfigKeys (ConfUtils.java:logGet(44)) - raft.server.rpcslowness.timeout = 300s (custom)
2020-05-07 23:59:01,185 [pool-154-thread-1] INFO  server.RaftServerConfigKeys (ConfUtils.java:logGet(44)) - raft.server.sleep.deviation.threshold = 300 (default)
2020-05-07 23:59:01,185 [pool-154-thread-1] INFO  server.RaftServerConfigKeys (ConfUtils.java:logGet(44)) - raft.server.log.appender.install.snapshot.enabled = false (custom)
2020-05-07 23:59:01,186 [pool-154-thread-1] INFO  impl.RaftServerImpl (ServerState.java:<init>(103)) - 15f77a3f-6b32-4023-ae51-d7d64abf6bf6@group-F0C082F9BFDB: ConfigurationManager, init=-1: [15f77a3f-6b32-4023-ae51-d7d64abf6bf6:172.17.0.2:41177], old=null, confs=<EMPTY_MAP>
2020-05-07 23:59:01,186 [pool-154-thread-1] INFO  server.RaftServerConfigKeys (ConfUtils.java:logGet(44)) - raft.server.storage.dir = [/github/workspace/mnt/ozone/hadoop-ozone/integration-test/target/test-dir/MiniOzoneClusterImpl-7a3f37b7-1fff-4b4f-8d6d-79fb5d4a5c2b/datanode-0/data/ratis] (custom)
2020-05-07 23:59:01,186 [pool-154-thread-1] INFO  server.RaftServerConfigKeys (ConfUtils.java:logGet(44)) - raft.server.log.corruption.policy = EXCEPTION (default)
2020-05-07 23:59:01,186 [pool-154-thread-1] INFO  storage.RaftStorageDirectory (RaftStorageDirectory.java:analyzeStorage(261)) - The storage directory /github/workspace/mnt/ozone/hadoop-ozone/integration-test/target/test-dir/MiniOzoneClusterImpl-7a3f37b7-1fff-4b4f-8d6d-79fb5d4a5c2b/datanode-0/data/ratis/5a222cbd-8d17-4850-82ea-f0c082f9bfdb does not exist. Creating ...
2020-05-07 23:59:01,187 [pool-154-thread-1] INFO  storage.RaftStorageDirectory (RaftStorageDirectory.java:tryLock(343)) - Lock on /github/workspace/mnt/ozone/hadoop-ozone/integration-test/target/test-dir/MiniOzoneClusterImpl-7a3f37b7-1fff-4b4f-8d6d-79fb5d4a5c2b/datanode-0/data/ratis/5a222cbd-8d17-4850-82ea-f0c082f9bfdb/in_use.lock acquired by nodename 449@5f031a7da64c
2020-05-07 23:59:01,189 [pool-154-thread-1] INFO  storage.RaftStorage (RaftStorage.java:format(84)) - Storage directory /github/workspace/mnt/ozone/hadoop-ozone/integration-test/target/test-dir/MiniOzoneClusterImpl-7a3f37b7-1fff-4b4f-8d6d-79fb5d4a5c2b/datanode-0/data/ratis/5a222cbd-8d17-4850-82ea-f0c082f9bfdb has been successfully formatted.
2020-05-07 23:59:01,189 [pool-154-thread-1] INFO  ratis.ContainerStateMachine (ContainerStateMachine.java:loadSnapshot(226)) - group-F0C082F9BFDB: The snapshot info is null. Setting the last applied indexto:(t:0, i:~)
2020-05-07 23:59:01,189 [pool-154-thread-1] INFO  server.RaftServerConfigKeys (ConfUtils.java:logGet(44)) - raft.server.notification.no-leader.timeout = 60s (default)
2020-05-07 23:59:01,189 [pool-154-thread-1] INFO  server.RaftServerConfigKeys (ConfUtils.java:logGet(44)) - raft.server.log.use.memory = false (default)
2020-05-07 23:59:01,190 [pool-154-thread-1] INFO  server.RaftServerConfigKeys (ConfUtils.java:logGet(44)) - raft.server.log.purge.gap = 1000000 (custom)
2020-05-07 23:59:01,190 [pool-154-thread-1] INFO  server.RaftServerConfigKeys (ConfUtils.java:logGet(44)) - raft.server.log.appender.buffer.byte-limit = 33554432 (custom)
2020-05-07 23:59:01,190 [pool-154-thread-1] INFO  server.RaftServerConfigKeys (ConfUtils.java:logGet(44)) - raft.server.log.segment.size.max = 1048576 (custom)
2020-05-07 23:59:01,190 [pool-154-thread-1] INFO  metrics.RatisMetrics (RatisMetrics.java:lambda$create$0(39)) - Creating Metrics Registry : ratis.log_worker.15f77a3f-6b32-4023-ae51-d7d64abf6bf6
2020-05-07 23:59:01,190 [EventQueue-PipelineReportForPipelineReportHandler] INFO  pipeline.PipelineStateManager (PipelineStateManager.java:openPipeline(131)) - Pipeline Pipeline[ Id: 5a222cbd-8d17-4850-82ea-f0c082f9bfdb, Nodes: 15f77a3f-6b32-4023-ae51-d7d64abf6bf6{ip: 172.17.0.2, host: 5f031a7da64c, networkLocation: /default-rack, certSerialId: null}, Type:RATIS, Factor:ONE, State:ALLOCATED, leaderId:15f77a3f-6b32-4023-ae51-d7d64abf6bf6, CreationTimestamp2020-05-07T23:58:58.190Z] moved to OPEN state
2020-05-07 23:59:01,191 [pool-154-thread-1] INFO  server.RaftServerConfigKeys (ConfUtils.java:logGet(44)) - raft.server.log.segment.cache.num.max = 2 (custom)
2020-05-07 23:59:01,191 [pool-154-thread-1] INFO  segmented.SegmentedRaftLogWorker (SegmentedRaftLogWorker.java:<init>(176)) - new 15f77a3f-6b32-4023-ae51-d7d64abf6bf6@group-F0C082F9BFDB-SegmentedRaftLogWorker for RaftStorage:Storage Directory /github/workspace/mnt/ozone/hadoop-ozone/integration-test/target/test-dir/MiniOzoneClusterImpl-7a3f37b7-1fff-4b4f-8d6d-79fb5d4a5c2b/datanode-0/data/ratis/5a222cbd-8d17-4850-82ea-f0c082f9bfdb
2020-05-07 23:59:01,191 [pool-154-thread-1] INFO  server.RaftServerConfigKeys (ConfUtils.java:logGet(44)) - raft.server.log.queue.byte-limit = 2147483647 (custom)
2020-05-07 23:59:01,191 [pool-154-thread-1] INFO  server.RaftServerConfigKeys (ConfUtils.java:logGet(44)) - raft.server.log.queue.element-limit = 1024 (custom)
2020-05-07 23:59:01,192 [pool-154-thread-1] INFO  server.RaftServerConfigKeys (ConfUtils.java:logGet(44)) - raft.server.log.segment.size.max = 1048576 (custom)
2020-05-07 23:59:01,192 [pool-154-thread-1] INFO  server.RaftServerConfigKeys (ConfUtils.java:logGet(44)) - raft.server.log.preallocated.size = 16384 (custom)
2020-05-07 23:59:01,193 [pool-154-thread-1] INFO  server.RaftServerConfigKeys (ConfUtils.java:logGet(44)) - raft.server.log.write.buffer.size = 1048576 (custom)
2020-05-07 23:59:01,194 [pool-154-thread-1] INFO  server.RaftServerConfigKeys (ConfUtils.java:logGet(44)) - raft.server.log.force.sync.num = 128 (default)
2020-05-07 23:59:01,194 [pool-154-thread-1] INFO  server.RaftServerConfigKeys (ConfUtils.java:logGet(44)) - raft.server.log.statemachine.data.sync = true (default)
2020-05-07 23:59:01,194 [pool-154-thread-1] INFO  server.RaftServerConfigKeys (ConfUtils.java:logGet(44)) - raft.server.log.statemachine.data.sync.timeout = 10s (default)
2020-05-07 23:59:01,194 [EventQueue-OpenPipelineForHealthyPipelineSafeModeRule] INFO  safemode.SCMSafeModeManager (HealthyPipelineSafeModeRule.java:process(132)) - SCM in safe mode. Healthy pipelines reported count is 0, required healthy pipeline reported count is 1
2020-05-07 23:59:01,194 [EventQueue-OpenPipelineForOneReplicaPipelineSafeModeRule] INFO  safemode.SCMSafeModeManager (SCMSafeModeManager.java:validateSafeModeExitRules(213)) - AtleastOneDatanodeReportedRule rule is successfully validated
2020-05-07 23:59:01,194 [pool-154-thread-1] INFO  server.RaftServerConfigKeys (ConfUtils.java:logGet(44)) - raft.server.log.statemachine.data.sync.timeout.retry = -1 (default)
2020-05-07 23:59:01,196 [pool-154-thread-1] INFO  server.RaftServerConfigKeys (ConfUtils.java:logGet(44)) - raft.server.log.statemachine.data.caching.enabled = true (custom)
2020-05-07 23:59:01,197 [pool-154-thread-1] INFO  segmented.SegmentedRaftLogWorker (SegmentedRaftLogWorker.java:lambda$new$0(129)) - 15f77a3f-6b32-4023-ae51-d7d64abf6bf6@group-F0C082F9BFDB-SegmentedRaftLogWorker: flushIndex: setUnconditionally 0 -> -1
2020-05-07 23:59:01,204 [pool-154-thread-1] INFO  server.RaftServerConfigKeys (ConfUtils.java:logGet(44)) - raft.server.snapshot.auto.trigger.enabled = true (custom)
2020-05-07 23:59:01,204 [pool-154-thread-1] INFO  server.RaftServerConfigKeys (ConfUtils.java:logGet(44)) - raft.server.snapshot.auto.trigger.threshold = 10000 (custom)
2020-05-07 23:59:01,204 [pool-154-thread-1] INFO  server.RaftServerConfigKeys (ConfUtils.java:logGet(44)) - raft.server.snapshot.retention.file.num = 5 (custom)
2020-05-07 23:59:01,204 [pool-154-thread-1] INFO  server.RaftServerConfigKeys (ConfUtils.java:logGet(44)) - raft.server.log.purge.upto.snapshot.index = false (default)
2020-05-07 23:59:01,204 [pool-154-thread-1] INFO  server.RaftServerConfigKeys (ConfUtils.java:logGet(44)) - raft.server.retrycache.expirytime = 600000ms (custom)
2020-05-07 23:59:01,205 [pool-154-thread-1] INFO  metrics.RatisMetrics (RatisMetrics.java:lambda$create$0(39)) - Creating Metrics Registry : ratis.leader_election.15f77a3f-6b32-4023-ae51-d7d64abf6bf6@group-F0C082F9BFDB
2020-05-07 23:59:01,205 [pool-154-thread-1] INFO  metrics.RatisMetrics (RatisMetrics.java:lambda$create$0(39)) - Creating Metrics Registry : ratis.server.15f77a3f-6b32-4023-ae51-d7d64abf6bf6@group-F0C082F9BFDB
2020-05-07 23:59:01,206 [pool-154-thread-1] INFO  impl.RaftServerImpl (RaftServerImpl.java:start(184)) - 15f77a3f-6b32-4023-ae51-d7d64abf6bf6@group-F0C082F9BFDB: start as a follower, conf=-1: [15f77a3f-6b32-4023-ae51-d7d64abf6bf6:172.17.0.2:41177], old=null
2020-05-07 23:59:01,206 [pool-154-thread-1] INFO  impl.RaftServerImpl (RaftServerImpl.java:setRole(173)) - 15f77a3f-6b32-4023-ae51-d7d64abf6bf6@group-F0C082F9BFDB: changes role from      null to FOLLOWER at term 0 for startAsFollower
2020-05-07 23:59:01,207 [pool-154-thread-1] INFO  impl.RoleInfo (RoleInfo.java:updateAndGet(143)) - 15f77a3f-6b32-4023-ae51-d7d64abf6bf6: start FollowerState
2020-05-07 23:59:01,207 [pool-154-thread-1] INFO  util.JmxRegister (JmxRegister.java:tryRegister(44)) - Successfully registered JMX Bean with object name Ratis:service=RaftServer,group=group-F0C082F9BFDB,id=15f77a3f-6b32-4023-ae51-d7d64abf6bf6
2020-05-07 23:59:01,207 [pool-154-thread-1] INFO  metrics.RatisMetrics (RatisMetrics.java:lambda$create$0(39)) - Creating Metrics Registry : ratis.state_machine.15f77a3f-6b32-4023-ae51-d7d64abf6bf6@group-F0C082F9BFDB
2020-05-07 23:59:01,211 [Command processor thread] INFO  commandhandler.CreatePipelineCommandHandler (CreatePipelineCommandHandler.java:handle(109)) - Created Pipeline RATIS ONE #id: "5a222cbd-8d17-4850-82ea-f0c082f9bfdb"
.
2020-05-07 23:59:01,211 [Command processor thread] INFO  impl.RaftServerProxy (RaftServerProxy.java:addNew(89)) - 15f77a3f-6b32-4023-ae51-d7d64abf6bf6: addNew group-E25A3C0C8742:[15f77a3f-6b32-4023-ae51-d7d64abf6bf6:172.17.0.2:41177, e16632f5-0eba-4fc5-8660-647e7bca2b13:172.17.0.2:45197, 63d83604-a330-4908-b13c-fc2b29e0e529:172.17.0.2:37083] returns group-E25A3C0C8742:java.util.concurrent.CompletableFuture@514cad88[Not completed]
2020-05-07 23:59:01,213 [pool-154-thread-1] INFO  impl.RaftServerImpl (RaftServerImpl.java:<init>(98)) - 15f77a3f-6b32-4023-ae51-d7d64abf6bf6: new RaftServerImpl for group-E25A3C0C8742:[15f77a3f-6b32-4023-ae51-d7d64abf6bf6:172.17.0.2:41177, e16632f5-0eba-4fc5-8660-647e7bca2b13:172.17.0.2:45197, 63d83604-a330-4908-b13c-fc2b29e0e529:172.17.0.2:37083] with ContainerStateMachine:uninitialized
2020-05-07 23:59:01,213 [pool-154-thread-1] INFO  server.RaftServerConfigKeys (ConfUtils.java:logGet(44)) - raft.server.rpc.timeout.min = 5s (custom)
2020-05-07 23:59:01,213 [pool-154-thread-1] INFO  server.RaftServerConfigKeys (ConfUtils.java:logGet(44)) - raft.server.rpc.timeout.max = 5200ms (custom)
2020-05-07 23:59:01,213 [pool-154-thread-1] INFO  server.RaftServerConfigKeys (ConfUtils.java:logGet(44)) - raft.server.rpcslowness.timeout = 300s (custom)
2020-05-07 23:59:01,213 [pool-154-thread-1] INFO  server.RaftServerConfigKeys (ConfUtils.java:logGet(44)) - raft.server.sleep.deviation.threshold = 300 (default)
2020-05-07 23:59:01,214 [pool-154-thread-1] INFO  server.RaftServerConfigKeys (ConfUtils.java:logGet(44)) - raft.server.log.appender.install.snapshot.enabled = false (custom)
2020-05-07 23:59:01,214 [pool-154-thread-1] INFO  impl.RaftServerImpl (ServerState.java:<init>(103)) - 15f77a3f-6b32-4023-ae51-d7d64abf6bf6@group-E25A3C0C8742: ConfigurationManager, init=-1: [15f77a3f-6b32-4023-ae51-d7d64abf6bf6:172.17.0.2:41177, e16632f5-0eba-4fc5-8660-647e7bca2b13:172.17.0.2:45197, 63d83604-a330-4908-b13c-fc2b29e0e529:172.17.0.2:37083], old=null, confs=<EMPTY_MAP>
2020-05-07 23:59:01,214 [pool-154-thread-1] INFO  server.RaftServerConfigKeys (ConfUtils.java:logGet(44)) - raft.server.storage.dir = [/github/workspace/mnt/ozone/hadoop-ozone/integration-test/target/test-dir/MiniOzoneClusterImpl-7a3f37b7-1fff-4b4f-8d6d-79fb5d4a5c2b/datanode-0/data/ratis] (custom)
2020-05-07 23:59:01,214 [pool-154-thread-1] INFO  server.RaftServerConfigKeys (ConfUtils.java:logGet(44)) - raft.server.log.corruption.policy = EXCEPTION (default)
2020-05-07 23:59:01,214 [pool-154-thread-1] INFO  storage.RaftStorageDirectory (RaftStorageDirectory.java:analyzeStorage(261)) - The storage directory /github/workspace/mnt/ozone/hadoop-ozone/integration-test/target/test-dir/MiniOzoneClusterImpl-7a3f37b7-1fff-4b4f-8d6d-79fb5d4a5c2b/datanode-0/data/ratis/2b8775e4-eea8-4120-8a0c-e25a3c0c8742 does not exist. Creating ...
2020-05-07 23:59:01,216 [pool-154-thread-1] INFO  storage.RaftStorageDirectory (RaftStorageDirectory.java:tryLock(343)) - Lock on /github/workspace/mnt/ozone/hadoop-ozone/integration-test/target/test-dir/MiniOzoneClusterImpl-7a3f37b7-1fff-4b4f-8d6d-79fb5d4a5c2b/datanode-0/data/ratis/2b8775e4-eea8-4120-8a0c-e25a3c0c8742/in_use.lock acquired by nodename 449@5f031a7da64c
2020-05-07 23:59:01,219 [pool-154-thread-1] INFO  storage.RaftStorage (RaftStorage.java:format(84)) - Storage directory /github/workspace/mnt/ozone/hadoop-ozone/integration-test/target/test-dir/MiniOzoneClusterImpl-7a3f37b7-1fff-4b4f-8d6d-79fb5d4a5c2b/datanode-0/data/ratis/2b8775e4-eea8-4120-8a0c-e25a3c0c8742 has been successfully formatted.
2020-05-07 23:59:01,219 [pool-154-thread-1] INFO  ratis.ContainerStateMachine (ContainerStateMachine.java:loadSnapshot(226)) - group-E25A3C0C8742: The snapshot info is null. Setting the last applied indexto:(t:0, i:~)
2020-05-07 23:59:01,219 [pool-154-thread-1] INFO  server.RaftServerConfigKeys (ConfUtils.java:logGet(44)) - raft.server.notification.no-leader.timeout = 60s (default)
2020-05-07 23:59:01,219 [pool-154-thread-1] INFO  server.RaftServerConfigKeys (ConfUtils.java:logGet(44)) - raft.server.log.use.memory = false (default)
2020-05-07 23:59:01,219 [pool-154-thread-1] INFO  server.RaftServerConfigKeys (ConfUtils.java:logGet(44)) - raft.server.log.purge.gap = 1000000 (custom)
2020-05-07 23:59:01,219 [pool-154-thread-1] INFO  server.RaftServerConfigKeys (ConfUtils.java:logGet(44)) - raft.server.log.appender.buffer.byte-limit = 33554432 (custom)
2020-05-07 23:59:01,220 [pool-154-thread-1] INFO  server.RaftServerConfigKeys (ConfUtils.java:logGet(44)) - raft.server.log.segment.size.max = 1048576 (custom)
2020-05-07 23:59:01,220 [pool-154-thread-1] INFO  server.RaftServerConfigKeys (ConfUtils.java:logGet(44)) - raft.server.log.segment.cache.num.max = 2 (custom)
2020-05-07 23:59:01,220 [pool-154-thread-1] INFO  segmented.SegmentedRaftLogWorker (SegmentedRaftLogWorker.java:<init>(176)) - new 15f77a3f-6b32-4023-ae51-d7d64abf6bf6@group-E25A3C0C8742-SegmentedRaftLogWorker for RaftStorage:Storage Directory /github/workspace/mnt/ozone/hadoop-ozone/integration-test/target/test-dir/MiniOzoneClusterImpl-7a3f37b7-1fff-4b4f-8d6d-79fb5d4a5c2b/datanode-0/data/ratis/2b8775e4-eea8-4120-8a0c-e25a3c0c8742
2020-05-07 23:59:01,220 [pool-154-thread-1] INFO  server.RaftServerConfigKeys (ConfUtils.java:logGet(44)) - raft.server.log.queue.byte-limit = 2147483647 (custom)
2020-05-07 23:59:01,220 [pool-154-thread-1] INFO  server.RaftServerConfigKeys (ConfUtils.java:logGet(44)) - raft.server.log.queue.element-limit = 1024 (custom)
2020-05-07 23:59:01,220 [pool-154-thread-1] INFO  server.RaftServerConfigKeys (ConfUtils.java:logGet(44)) - raft.server.log.segment.size.max = 1048576 (custom)
2020-05-07 23:59:01,220 [pool-154-thread-1] INFO  server.RaftServerConfigKeys (ConfUtils.java:logGet(44)) - raft.server.log.preallocated.size = 16384 (custom)
2020-05-07 23:59:01,220 [pool-154-thread-1] INFO  server.RaftServerConfigKeys (ConfUtils.java:logGet(44)) - raft.server.log.write.buffer.size = 1048576 (custom)
2020-05-07 23:59:01,220 [pool-154-thread-1] INFO  server.RaftServerConfigKeys (ConfUtils.java:logGet(44)) - raft.server.log.force.sync.num = 128 (default)
2020-05-07 23:59:01,220 [pool-154-thread-1] INFO  server.RaftServerConfigKeys (ConfUtils.java:logGet(44)) - raft.server.log.statemachine.data.sync = true (default)
2020-05-07 23:59:01,221 [pool-154-thread-1] INFO  server.RaftServerConfigKeys (ConfUtils.java:logGet(44)) - raft.server.log.statemachine.data.sync.timeout = 10s (default)
2020-05-07 23:59:01,221 [pool-154-thread-1] INFO  server.RaftServerConfigKeys (ConfUtils.java:logGet(44)) - raft.server.log.statemachine.data.sync.timeout.retry = -1 (default)
2020-05-07 23:59:01,221 [pool-154-thread-1] INFO  server.RaftServerConfigKeys (ConfUtils.java:logGet(44)) - raft.server.log.statemachine.data.caching.enabled = true (custom)
2020-05-07 23:59:01,222 [pool-154-thread-1] INFO  segmented.SegmentedRaftLogWorker (SegmentedRaftLogWorker.java:lambda$new$0(129)) - 15f77a3f-6b32-4023-ae51-d7d64abf6bf6@group-E25A3C0C8742-SegmentedRaftLogWorker: flushIndex: setUnconditionally 0 -> -1
2020-05-07 23:59:01,222 [pool-154-thread-1] INFO  server.RaftServerConfigKeys (ConfUtils.java:logGet(44)) - raft.server.snapshot.auto.trigger.enabled = true (custom)
2020-05-07 23:59:01,222 [pool-154-thread-1] INFO  server.RaftServerConfigKeys (ConfUtils.java:logGet(44)) - raft.server.snapshot.auto.trigger.threshold = 10000 (custom)
2020-05-07 23:59:01,222 [pool-154-thread-1] INFO  server.RaftServerConfigKeys (ConfUtils.java:logGet(44)) - raft.server.snapshot.retention.file.num = 5 (custom)
2020-05-07 23:59:01,222 [pool-154-thread-1] INFO  server.RaftServerConfigKeys (ConfUtils.java:logGet(44)) - raft.server.log.purge.upto.snapshot.index = false (default)
2020-05-07 23:59:01,222 [pool-154-thread-1] INFO  server.RaftServerConfigKeys (ConfUtils.java:logGet(44)) - raft.server.retrycache.expirytime = 600000ms (custom)
2020-05-07 23:59:01,222 [pool-154-thread-1] INFO  metrics.RatisMetrics (RatisMetrics.java:lambda$create$0(39)) - Creating Metrics Registry : ratis.leader_election.15f77a3f-6b32-4023-ae51-d7d64abf6bf6@group-E25A3C0C8742
2020-05-07 23:59:01,223 [pool-154-thread-1] INFO  metrics.RatisMetrics (RatisMetrics.java:lambda$create$0(39)) - Creating Metrics Registry : ratis.server.15f77a3f-6b32-4023-ae51-d7d64abf6bf6@group-E25A3C0C8742
2020-05-07 23:59:01,224 [pool-154-thread-1] INFO  impl.RaftServerImpl (RaftServerImpl.java:start(184)) - 15f77a3f-6b32-4023-ae51-d7d64abf6bf6@group-E25A3C0C8742: start as a follower, conf=-1: [15f77a3f-6b32-4023-ae51-d7d64abf6bf6:172.17.0.2:41177, e16632f5-0eba-4fc5-8660-647e7bca2b13:172.17.0.2:45197, 63d83604-a330-4908-b13c-fc2b29e0e529:172.17.0.2:37083], old=null
2020-05-07 23:59:01,224 [pool-154-thread-1] INFO  impl.RaftServerImpl (RaftServerImpl.java:setRole(173)) - 15f77a3f-6b32-4023-ae51-d7d64abf6bf6@group-E25A3C0C8742: changes role from      null to FOLLOWER at term 0 for startAsFollower
2020-05-07 23:59:01,224 [pool-154-thread-1] INFO  impl.RoleInfo (RoleInfo.java:updateAndGet(143)) - 15f77a3f-6b32-4023-ae51-d7d64abf6bf6: start FollowerState
2020-05-07 23:59:01,224 [pool-154-thread-1] INFO  util.JmxRegister (JmxRegister.java:tryRegister(44)) - Successfully registered JMX Bean with object name Ratis:service=RaftServer,group=group-E25A3C0C8742,id=15f77a3f-6b32-4023-ae51-d7d64abf6bf6
2020-05-07 23:59:01,224 [pool-154-thread-1] INFO  metrics.RatisMetrics (RatisMetrics.java:lambda$create$0(39)) - Creating Metrics Registry : ratis.state_machine.15f77a3f-6b32-4023-ae51-d7d64abf6bf6@group-E25A3C0C8742
2020-05-07 23:59:01,238 [grpc-default-executor-0] INFO  impl.RaftServerProxy (RaftServerProxy.java:addNew(89)) - 63d83604-a330-4908-b13c-fc2b29e0e529: addNew group-E25A3C0C8742:[15f77a3f-6b32-4023-ae51-d7d64abf6bf6:172.17.0.2:41177, e16632f5-0eba-4fc5-8660-647e7bca2b13:172.17.0.2:45197, 63d83604-a330-4908-b13c-fc2b29e0e529:172.17.0.2:37083] returns group-E25A3C0C8742:java.util.concurrent.CompletableFuture@4a3eb301[Not completed]
2020-05-07 23:59:01,240 [pool-170-thread-1] INFO  impl.RaftServerImpl (RaftServerImpl.java:<init>(98)) - 63d83604-a330-4908-b13c-fc2b29e0e529: new RaftServerImpl for group-E25A3C0C8742:[15f77a3f-6b32-4023-ae51-d7d64abf6bf6:172.17.0.2:41177, e16632f5-0eba-4fc5-8660-647e7bca2b13:172.17.0.2:45197, 63d83604-a330-4908-b13c-fc2b29e0e529:172.17.0.2:37083] with ContainerStateMachine:uninitialized
2020-05-07 23:59:01,240 [pool-170-thread-1] INFO  server.RaftServerConfigKeys (ConfUtils.java:logGet(44)) - raft.server.rpc.timeout.min = 5s (custom)
2020-05-07 23:59:01,240 [pool-170-thread-1] INFO  server.RaftServerConfigKeys (ConfUtils.java:logGet(44)) - raft.server.rpc.timeout.max = 5200ms (custom)
2020-05-07 23:59:01,240 [pool-170-thread-1] INFO  server.RaftServerConfigKeys (ConfUtils.java:logGet(44)) - raft.server.rpcslowness.timeout = 300s (custom)
2020-05-07 23:59:01,240 [pool-170-thread-1] INFO  server.RaftServerConfigKeys (ConfUtils.java:logGet(44)) - raft.server.sleep.deviation.threshold = 300 (default)
2020-05-07 23:59:01,240 [pool-170-thread-1] INFO  server.RaftServerConfigKeys (ConfUtils.java:logGet(44)) - raft.server.log.appender.install.snapshot.enabled = false (custom)
2020-05-07 23:59:01,240 [pool-170-thread-1] INFO  impl.RaftServerImpl (ServerState.java:<init>(103)) - 63d83604-a330-4908-b13c-fc2b29e0e529@group-E25A3C0C8742: ConfigurationManager, init=-1: [15f77a3f-6b32-4023-ae51-d7d64abf6bf6:172.17.0.2:41177, e16632f5-0eba-4fc5-8660-647e7bca2b13:172.17.0.2:45197, 63d83604-a330-4908-b13c-fc2b29e0e529:172.17.0.2:37083], old=null, confs=<EMPTY_MAP>
2020-05-07 23:59:01,241 [pool-170-thread-1] INFO  server.RaftServerConfigKeys (ConfUtils.java:logGet(44)) - raft.server.storage.dir = [/github/workspace/mnt/ozone/hadoop-ozone/integration-test/target/test-dir/MiniOzoneClusterImpl-7a3f37b7-1fff-4b4f-8d6d-79fb5d4a5c2b/datanode-1/data/ratis] (custom)
2020-05-07 23:59:01,241 [pool-170-thread-1] INFO  server.RaftServerConfigKeys (ConfUtils.java:logGet(44)) - raft.server.log.corruption.policy = EXCEPTION (default)
2020-05-07 23:59:01,241 [pool-170-thread-1] INFO  storage.RaftStorageDirectory (RaftStorageDirectory.java:analyzeStorage(261)) - The storage directory /github/workspace/mnt/ozone/hadoop-ozone/integration-test/target/test-dir/MiniOzoneClusterImpl-7a3f37b7-1fff-4b4f-8d6d-79fb5d4a5c2b/datanode-1/data/ratis/2b8775e4-eea8-4120-8a0c-e25a3c0c8742 does not exist. Creating ...
2020-05-07 23:59:01,243 [pool-170-thread-1] INFO  storage.RaftStorageDirectory (RaftStorageDirectory.java:tryLock(343)) - Lock on /github/workspace/mnt/ozone/hadoop-ozone/integration-test/target/test-dir/MiniOzoneClusterImpl-7a3f37b7-1fff-4b4f-8d6d-79fb5d4a5c2b/datanode-1/data/ratis/2b8775e4-eea8-4120-8a0c-e25a3c0c8742/in_use.lock acquired by nodename 449@5f031a7da64c
2020-05-07 23:59:01,245 [pool-170-thread-1] INFO  storage.RaftStorage (RaftStorage.java:format(84)) - Storage directory /github/workspace/mnt/ozone/hadoop-ozone/integration-test/target/test-dir/MiniOzoneClusterImpl-7a3f37b7-1fff-4b4f-8d6d-79fb5d4a5c2b/datanode-1/data/ratis/2b8775e4-eea8-4120-8a0c-e25a3c0c8742 has been successfully formatted.
2020-05-07 23:59:01,246 [pool-170-thread-1] INFO  ratis.ContainerStateMachine (ContainerStateMachine.java:loadSnapshot(226)) - group-E25A3C0C8742: The snapshot info is null. Setting the last applied indexto:(t:0, i:~)
2020-05-07 23:59:01,246 [pool-170-thread-1] INFO  server.RaftServerConfigKeys (ConfUtils.java:logGet(44)) - raft.server.notification.no-leader.timeout = 60s (default)
2020-05-07 23:59:01,246 [pool-170-thread-1] INFO  server.RaftServerConfigKeys (ConfUtils.java:logGet(44)) - raft.server.log.use.memory = false (default)
2020-05-07 23:59:01,246 [pool-170-thread-1] INFO  server.RaftServerConfigKeys (ConfUtils.java:logGet(44)) - raft.server.log.purge.gap = 1000000 (custom)
2020-05-07 23:59:01,250 [pool-170-thread-1] INFO  server.RaftServerConfigKeys (ConfUtils.java:logGet(44)) - raft.server.log.appender.buffer.byte-limit = 33554432 (custom)
2020-05-07 23:59:01,250 [pool-170-thread-1] INFO  server.RaftServerConfigKeys (ConfUtils.java:logGet(44)) - raft.server.log.segment.size.max = 1048576 (custom)
2020-05-07 23:59:01,250 [pool-170-thread-1] INFO  metrics.RatisMetrics (RatisMetrics.java:lambda$create$0(39)) - Creating Metrics Registry : ratis.log_worker.63d83604-a330-4908-b13c-fc2b29e0e529
2020-05-07 23:59:01,254 [pool-170-thread-1] INFO  server.RaftServerConfigKeys (ConfUtils.java:logGet(44)) - raft.server.log.segment.cache.num.max = 2 (custom)
2020-05-07 23:59:01,254 [pool-170-thread-1] INFO  segmented.SegmentedRaftLogWorker (SegmentedRaftLogWorker.java:<init>(176)) - new 63d83604-a330-4908-b13c-fc2b29e0e529@group-E25A3C0C8742-SegmentedRaftLogWorker for RaftStorage:Storage Directory /github/workspace/mnt/ozone/hadoop-ozone/integration-test/target/test-dir/MiniOzoneClusterImpl-7a3f37b7-1fff-4b4f-8d6d-79fb5d4a5c2b/datanode-1/data/ratis/2b8775e4-eea8-4120-8a0c-e25a3c0c8742
2020-05-07 23:59:01,254 [pool-170-thread-1] INFO  server.RaftServerConfigKeys (ConfUtils.java:logGet(44)) - raft.server.log.queue.byte-limit = 2147483647 (custom)
2020-05-07 23:59:01,254 [pool-170-thread-1] INFO  server.RaftServerConfigKeys (ConfUtils.java:logGet(44)) - raft.server.log.queue.element-limit = 1024 (custom)
2020-05-07 23:59:01,255 [pool-170-thread-1] INFO  server.RaftServerConfigKeys (ConfUtils.java:logGet(44)) - raft.server.log.segment.size.max = 1048576 (custom)
2020-05-07 23:59:01,255 [pool-170-thread-1] INFO  server.RaftServerConfigKeys (ConfUtils.java:logGet(44)) - raft.server.log.preallocated.size = 16384 (custom)
2020-05-07 23:59:01,255 [pool-170-thread-1] INFO  server.RaftServerConfigKeys (ConfUtils.java:logGet(44)) - raft.server.log.write.buffer.size = 1048576 (custom)
2020-05-07 23:59:01,255 [pool-170-thread-1] INFO  server.RaftServerConfigKeys (ConfUtils.java:logGet(44)) - raft.server.log.force.sync.num = 128 (default)
2020-05-07 23:59:01,255 [pool-170-thread-1] INFO  server.RaftServerConfigKeys (ConfUtils.java:logGet(44)) - raft.server.log.statemachine.data.sync = true (default)
2020-05-07 23:59:01,255 [pool-170-thread-1] INFO  server.RaftServerConfigKeys (ConfUtils.java:logGet(44)) - raft.server.log.statemachine.data.sync.timeout = 10s (default)
2020-05-07 23:59:01,255 [pool-170-thread-1] INFO  server.RaftServerConfigKeys (ConfUtils.java:logGet(44)) - raft.server.log.statemachine.data.sync.timeout.retry = -1 (default)
2020-05-07 23:59:01,257 [pool-170-thread-1] INFO  server.RaftServerConfigKeys (ConfUtils.java:logGet(44)) - raft.server.log.statemachine.data.caching.enabled = true (custom)
2020-05-07 23:59:01,257 [pool-170-thread-1] INFO  segmented.SegmentedRaftLogWorker (SegmentedRaftLogWorker.java:lambda$new$0(129)) - 63d83604-a330-4908-b13c-fc2b29e0e529@group-E25A3C0C8742-SegmentedRaftLogWorker: flushIndex: setUnconditionally 0 -> -1
2020-05-07 23:59:01,258 [pool-170-thread-1] INFO  server.RaftServerConfigKeys (ConfUtils.java:logGet(44)) - raft.server.snapshot.auto.trigger.enabled = true (custom)
2020-05-07 23:59:01,259 [pool-170-thread-1] INFO  server.RaftServerConfigKeys (ConfUtils.java:logGet(44)) - raft.server.snapshot.auto.trigger.threshold = 10000 (custom)
2020-05-07 23:59:01,259 [pool-170-thread-1] INFO  server.RaftServerConfigKeys (ConfUtils.java:logGet(44)) - raft.server.snapshot.retention.file.num = 5 (custom)
2020-05-07 23:59:01,259 [pool-170-thread-1] INFO  server.RaftServerConfigKeys (ConfUtils.java:logGet(44)) - raft.server.log.purge.upto.snapshot.index = false (default)
2020-05-07 23:59:01,259 [pool-170-thread-1] INFO  server.RaftServerConfigKeys (ConfUtils.java:logGet(44)) - raft.server.retrycache.expirytime = 600000ms (custom)
2020-05-07 23:59:01,260 [pool-170-thread-1] INFO  metrics.RatisMetrics (RatisMetrics.java:lambda$create$0(39)) - Creating Metrics Registry : ratis.leader_election.63d83604-a330-4908-b13c-fc2b29e0e529@group-E25A3C0C8742
2020-05-07 23:59:01,260 [pool-170-thread-1] INFO  metrics.RatisMetrics (RatisMetrics.java:lambda$create$0(39)) - Creating Metrics Registry : ratis.server.63d83604-a330-4908-b13c-fc2b29e0e529@group-E25A3C0C8742
2020-05-07 23:59:01,261 [pool-170-thread-1] INFO  impl.RaftServerImpl (RaftServerImpl.java:start(184)) - 63d83604-a330-4908-b13c-fc2b29e0e529@group-E25A3C0C8742: start as a follower, conf=-1: [15f77a3f-6b32-4023-ae51-d7d64abf6bf6:172.17.0.2:41177, e16632f5-0eba-4fc5-8660-647e7bca2b13:172.17.0.2:45197, 63d83604-a330-4908-b13c-fc2b29e0e529:172.17.0.2:37083], old=null
2020-05-07 23:59:01,263 [pool-170-thread-1] INFO  impl.RaftServerImpl (RaftServerImpl.java:setRole(173)) - 63d83604-a330-4908-b13c-fc2b29e0e529@group-E25A3C0C8742: changes role from      null to FOLLOWER at term 0 for startAsFollower
2020-05-07 23:59:01,263 [pool-170-thread-1] INFO  impl.RoleInfo (RoleInfo.java:updateAndGet(143)) - 63d83604-a330-4908-b13c-fc2b29e0e529: start FollowerState
2020-05-07 23:59:01,263 [pool-170-thread-1] INFO  util.JmxRegister (JmxRegister.java:tryRegister(44)) - Successfully registered JMX Bean with object name Ratis:service=RaftServer,group=group-E25A3C0C8742,id=63d83604-a330-4908-b13c-fc2b29e0e529
2020-05-07 23:59:01,263 [pool-170-thread-1] INFO  metrics.RatisMetrics (RatisMetrics.java:lambda$create$0(39)) - Creating Metrics Registry : ratis.state_machine.63d83604-a330-4908-b13c-fc2b29e0e529@group-E25A3C0C8742
2020-05-07 23:59:01,265 [Command processor thread] INFO  impl.RaftServerProxy (RaftServerProxy.java:addNew(89)) - 63d83604-a330-4908-b13c-fc2b29e0e529: addNew group-2155C2CC500D:[63d83604-a330-4908-b13c-fc2b29e0e529:172.17.0.2:37083] returns group-2155C2CC500D:java.util.concurrent.CompletableFuture@d189d1b[Not completed]
2020-05-07 23:59:01,270 [pool-170-thread-1] INFO  impl.RaftServerImpl (RaftServerImpl.java:<init>(98)) - 63d83604-a330-4908-b13c-fc2b29e0e529: new RaftServerImpl for group-2155C2CC500D:[63d83604-a330-4908-b13c-fc2b29e0e529:172.17.0.2:37083] with ContainerStateMachine:uninitialized
2020-05-07 23:59:01,270 [pool-170-thread-1] INFO  server.RaftServerConfigKeys (ConfUtils.java:logGet(44)) - raft.server.rpc.timeout.min = 5s (custom)
2020-05-07 23:59:01,270 [pool-170-thread-1] INFO  server.RaftServerConfigKeys (ConfUtils.java:logGet(44)) - raft.server.rpc.timeout.max = 5200ms (custom)
2020-05-07 23:59:01,271 [pool-170-thread-1] INFO  server.RaftServerConfigKeys (ConfUtils.java:logGet(44)) - raft.server.rpcslowness.timeout = 300s (custom)
2020-05-07 23:59:01,271 [pool-170-thread-1] INFO  server.RaftServerConfigKeys (ConfUtils.java:logGet(44)) - raft.server.sleep.deviation.threshold = 300 (default)
2020-05-07 23:59:01,271 [pool-170-thread-1] INFO  server.RaftServerConfigKeys (ConfUtils.java:logGet(44)) - raft.server.log.appender.install.snapshot.enabled = false (custom)
2020-05-07 23:59:01,271 [pool-170-thread-1] INFO  impl.RaftServerImpl (ServerState.java:<init>(103)) - 63d83604-a330-4908-b13c-fc2b29e0e529@group-2155C2CC500D: ConfigurationManager, init=-1: [63d83604-a330-4908-b13c-fc2b29e0e529:172.17.0.2:37083], old=null, confs=<EMPTY_MAP>
2020-05-07 23:59:01,271 [pool-170-thread-1] INFO  server.RaftServerConfigKeys (ConfUtils.java:logGet(44)) - raft.server.storage.dir = [/github/workspace/mnt/ozone/hadoop-ozone/integration-test/target/test-dir/MiniOzoneClusterImpl-7a3f37b7-1fff-4b4f-8d6d-79fb5d4a5c2b/datanode-1/data/ratis] (custom)
2020-05-07 23:59:01,271 [pool-170-thread-1] INFO  server.RaftServerConfigKeys (ConfUtils.java:logGet(44)) - raft.server.log.corruption.policy = EXCEPTION (default)
2020-05-07 23:59:01,271 [pool-170-thread-1] INFO  storage.RaftStorageDirectory (RaftStorageDirectory.java:analyzeStorage(261)) - The storage directory /github/workspace/mnt/ozone/hadoop-ozone/integration-test/target/test-dir/MiniOzoneClusterImpl-7a3f37b7-1fff-4b4f-8d6d-79fb5d4a5c2b/datanode-1/data/ratis/53c1810a-2834-4355-9c97-2155c2cc500d does not exist. Creating ...
2020-05-07 23:59:01,275 [pool-170-thread-1] INFO  storage.RaftStorageDirectory (RaftStorageDirectory.java:tryLock(343)) - Lock on /github/workspace/mnt/ozone/hadoop-ozone/integration-test/target/test-dir/MiniOzoneClusterImpl-7a3f37b7-1fff-4b4f-8d6d-79fb5d4a5c2b/datanode-1/data/ratis/53c1810a-2834-4355-9c97-2155c2cc500d/in_use.lock acquired by nodename 449@5f031a7da64c
2020-05-07 23:59:01,277 [pool-170-thread-1] INFO  storage.RaftStorage (RaftStorage.java:format(84)) - Storage directory /github/workspace/mnt/ozone/hadoop-ozone/integration-test/target/test-dir/MiniOzoneClusterImpl-7a3f37b7-1fff-4b4f-8d6d-79fb5d4a5c2b/datanode-1/data/ratis/53c1810a-2834-4355-9c97-2155c2cc500d has been successfully formatted.
2020-05-07 23:59:01,278 [pool-170-thread-1] INFO  ratis.ContainerStateMachine (ContainerStateMachine.java:loadSnapshot(226)) - group-2155C2CC500D: The snapshot info is null. Setting the last applied indexto:(t:0, i:~)
2020-05-07 23:59:01,279 [EventQueue-PipelineReportForPipelineReportHandler] INFO  pipeline.PipelineStateManager (PipelineStateManager.java:openPipeline(131)) - Pipeline Pipeline[ Id: 53c1810a-2834-4355-9c97-2155c2cc500d, Nodes: 63d83604-a330-4908-b13c-fc2b29e0e529{ip: 172.17.0.2, host: 5f031a7da64c, networkLocation: /default-rack, certSerialId: null}, Type:RATIS, Factor:ONE, State:ALLOCATED, leaderId:63d83604-a330-4908-b13c-fc2b29e0e529, CreationTimestamp2020-05-07T23:58:58.269Z] moved to OPEN state
2020-05-07 23:59:01,279 [EventQueue-OpenPipelineForHealthyPipelineSafeModeRule] INFO  safemode.SCMSafeModeManager (HealthyPipelineSafeModeRule.java:process(132)) - SCM in safe mode. Healthy pipelines reported count is 0, required healthy pipeline reported count is 1
2020-05-07 23:59:01,279 [EventQueue-OpenPipelineForOneReplicaPipelineSafeModeRule] INFO  safemode.SCMSafeModeManager (SCMSafeModeManager.java:validateSafeModeExitRules(213)) - AtleastOneDatanodeReportedRule rule is successfully validated
2020-05-07 23:59:01,279 [pool-170-thread-1] INFO  server.RaftServerConfigKeys (ConfUtils.java:logGet(44)) - raft.server.notification.no-leader.timeout = 60s (default)
2020-05-07 23:59:01,279 [pool-170-thread-1] INFO  server.RaftServerConfigKeys (ConfUtils.java:logGet(44)) - raft.server.log.use.memory = false (default)
2020-05-07 23:59:01,279 [pool-170-thread-1] INFO  server.RaftServerConfigKeys (ConfUtils.java:logGet(44)) - raft.server.log.purge.gap = 1000000 (custom)
2020-05-07 23:59:01,280 [pool-170-thread-1] INFO  server.RaftServerConfigKeys (ConfUtils.java:logGet(44)) - raft.server.log.appender.buffer.byte-limit = 33554432 (custom)
2020-05-07 23:59:01,280 [pool-170-thread-1] INFO  server.RaftServerConfigKeys (ConfUtils.java:logGet(44)) - raft.server.log.segment.size.max = 1048576 (custom)
2020-05-07 23:59:01,280 [pool-170-thread-1] INFO  server.RaftServerConfigKeys (ConfUtils.java:logGet(44)) - raft.server.log.segment.cache.num.max = 2 (custom)
2020-05-07 23:59:01,280 [pool-170-thread-1] INFO  segmented.SegmentedRaftLogWorker (SegmentedRaftLogWorker.java:<init>(176)) - new 63d83604-a330-4908-b13c-fc2b29e0e529@group-2155C2CC500D-SegmentedRaftLogWorker for RaftStorage:Storage Directory /github/workspace/mnt/ozone/hadoop-ozone/integration-test/target/test-dir/MiniOzoneClusterImpl-7a3f37b7-1fff-4b4f-8d6d-79fb5d4a5c2b/datanode-1/data/ratis/53c1810a-2834-4355-9c97-2155c2cc500d
2020-05-07 23:59:01,280 [pool-170-thread-1] INFO  server.RaftServerConfigKeys (ConfUtils.java:logGet(44)) - raft.server.log.queue.byte-limit = 2147483647 (custom)
2020-05-07 23:59:01,280 [pool-170-thread-1] INFO  server.RaftServerConfigKeys (ConfUtils.java:logGet(44)) - raft.server.log.queue.element-limit = 1024 (custom)
2020-05-07 23:59:01,280 [pool-170-thread-1] INFO  server.RaftServerConfigKeys (ConfUtils.java:logGet(44)) - raft.server.log.segment.size.max = 1048576 (custom)
2020-05-07 23:59:01,280 [pool-170-thread-1] INFO  server.RaftServerConfigKeys (ConfUtils.java:logGet(44)) - raft.server.log.preallocated.size = 16384 (custom)
2020-05-07 23:59:01,280 [pool-170-thread-1] INFO  server.RaftServerConfigKeys (ConfUtils.java:logGet(44)) - raft.server.log.write.buffer.size = 1048576 (custom)
2020-05-07 23:59:01,280 [pool-170-thread-1] INFO  server.RaftServerConfigKeys (ConfUtils.java:logGet(44)) - raft.server.log.force.sync.num = 128 (default)
2020-05-07 23:59:01,280 [pool-170-thread-1] INFO  server.RaftServerConfigKeys (ConfUtils.java:logGet(44)) - raft.server.log.statemachine.data.sync = true (default)
2020-05-07 23:59:01,280 [pool-170-thread-1] INFO  server.RaftServerConfigKeys (ConfUtils.java:logGet(44)) - raft.server.log.statemachine.data.sync.timeout = 10s (default)
2020-05-07 23:59:01,281 [pool-170-thread-1] INFO  server.RaftServerConfigKeys (ConfUtils.java:logGet(44)) - raft.server.log.statemachine.data.sync.timeout.retry = -1 (default)
2020-05-07 23:59:01,281 [pool-170-thread-1] INFO  server.RaftServerConfigKeys (ConfUtils.java:logGet(44)) - raft.server.log.statemachine.data.caching.enabled = true (custom)
2020-05-07 23:59:01,281 [pool-170-thread-1] INFO  segmented.SegmentedRaftLogWorker (SegmentedRaftLogWorker.java:lambda$new$0(129)) - 63d83604-a330-4908-b13c-fc2b29e0e529@group-2155C2CC500D-SegmentedRaftLogWorker: flushIndex: setUnconditionally 0 -> -1
2020-05-07 23:59:01,282 [pool-170-thread-1] INFO  server.RaftServerConfigKeys (ConfUtils.java:logGet(44)) - raft.server.snapshot.auto.trigger.enabled = true (custom)
2020-05-07 23:59:01,282 [pool-170-thread-1] INFO  server.RaftServerConfigKeys (ConfUtils.java:logGet(44)) - raft.server.snapshot.auto.trigger.threshold = 10000 (custom)
2020-05-07 23:59:01,282 [pool-170-thread-1] INFO  server.RaftServerConfigKeys (ConfUtils.java:logGet(44)) - raft.server.snapshot.retention.file.num = 5 (custom)
2020-05-07 23:59:01,283 [pool-170-thread-1] INFO  server.RaftServerConfigKeys (ConfUtils.java:logGet(44)) - raft.server.log.purge.upto.snapshot.index = false (default)
2020-05-07 23:59:01,283 [pool-170-thread-1] INFO  server.RaftServerConfigKeys (ConfUtils.java:logGet(44)) - raft.server.retrycache.expirytime = 600000ms (custom)
2020-05-07 23:59:01,283 [pool-170-thread-1] INFO  metrics.RatisMetrics (RatisMetrics.java:lambda$create$0(39)) - Creating Metrics Registry : ratis.leader_election.63d83604-a330-4908-b13c-fc2b29e0e529@group-2155C2CC500D
2020-05-07 23:59:01,284 [pool-170-thread-1] INFO  metrics.RatisMetrics (RatisMetrics.java:lambda$create$0(39)) - Creating Metrics Registry : ratis.server.63d83604-a330-4908-b13c-fc2b29e0e529@group-2155C2CC500D
2020-05-07 23:59:01,290 [pool-170-thread-1] INFO  impl.RaftServerImpl (RaftServerImpl.java:start(184)) - 63d83604-a330-4908-b13c-fc2b29e0e529@group-2155C2CC500D: start as a follower, conf=-1: [63d83604-a330-4908-b13c-fc2b29e0e529:172.17.0.2:37083], old=null
2020-05-07 23:59:01,290 [pool-170-thread-1] INFO  impl.RaftServerImpl (RaftServerImpl.java:setRole(173)) - 63d83604-a330-4908-b13c-fc2b29e0e529@group-2155C2CC500D: changes role from      null to FOLLOWER at term 0 for startAsFollower
2020-05-07 23:59:01,290 [pool-170-thread-1] INFO  impl.RoleInfo (RoleInfo.java:updateAndGet(143)) - 63d83604-a330-4908-b13c-fc2b29e0e529: start FollowerState
2020-05-07 23:59:01,295 [pool-170-thread-1] INFO  util.JmxRegister (JmxRegister.java:tryRegister(44)) - Successfully registered JMX Bean with object name Ratis:service=RaftServer,group=group-2155C2CC500D,id=63d83604-a330-4908-b13c-fc2b29e0e529
2020-05-07 23:59:01,295 [pool-170-thread-1] INFO  metrics.RatisMetrics (RatisMetrics.java:lambda$create$0(39)) - Creating Metrics Registry : ratis.state_machine.63d83604-a330-4908-b13c-fc2b29e0e529@group-2155C2CC500D
2020-05-07 23:59:01,297 [Command processor thread] INFO  commandhandler.CreatePipelineCommandHandler (CreatePipelineCommandHandler.java:handle(109)) - Created Pipeline RATIS ONE #id: "53c1810a-2834-4355-9c97-2155c2cc500d"
.
2020-05-07 23:59:01,317 [grpc-default-executor-0] INFO  impl.RaftServerProxy (RaftServerProxy.java:addNew(89)) - e16632f5-0eba-4fc5-8660-647e7bca2b13: addNew group-E25A3C0C8742:[15f77a3f-6b32-4023-ae51-d7d64abf6bf6:172.17.0.2:41177, e16632f5-0eba-4fc5-8660-647e7bca2b13:172.17.0.2:45197, 63d83604-a330-4908-b13c-fc2b29e0e529:172.17.0.2:37083] returns group-E25A3C0C8742:java.util.concurrent.CompletableFuture@794f60e4[Not completed]
2020-05-07 23:59:01,321 [pool-186-thread-1] INFO  impl.RaftServerImpl (RaftServerImpl.java:<init>(98)) - e16632f5-0eba-4fc5-8660-647e7bca2b13: new RaftServerImpl for group-E25A3C0C8742:[15f77a3f-6b32-4023-ae51-d7d64abf6bf6:172.17.0.2:41177, e16632f5-0eba-4fc5-8660-647e7bca2b13:172.17.0.2:45197, 63d83604-a330-4908-b13c-fc2b29e0e529:172.17.0.2:37083] with ContainerStateMachine:uninitialized
2020-05-07 23:59:01,321 [pool-186-thread-1] INFO  server.RaftServerConfigKeys (ConfUtils.java:logGet(44)) - raft.server.rpc.timeout.min = 5s (custom)
2020-05-07 23:59:01,321 [pool-186-thread-1] INFO  server.RaftServerConfigKeys (ConfUtils.java:logGet(44)) - raft.server.rpc.timeout.max = 5200ms (custom)
2020-05-07 23:59:01,321 [pool-186-thread-1] INFO  server.RaftServerConfigKeys (ConfUtils.java:logGet(44)) - raft.server.rpcslowness.timeout = 300s (custom)
2020-05-07 23:59:01,322 [pool-186-thread-1] INFO  server.RaftServerConfigKeys (ConfUtils.java:logGet(44)) - raft.server.sleep.deviation.threshold = 300 (default)
2020-05-07 23:59:01,322 [pool-186-thread-1] INFO  server.RaftServerConfigKeys (ConfUtils.java:logGet(44)) - raft.server.log.appender.install.snapshot.enabled = false (custom)
2020-05-07 23:59:01,322 [pool-186-thread-1] INFO  impl.RaftServerImpl (ServerState.java:<init>(103)) - e16632f5-0eba-4fc5-8660-647e7bca2b13@group-E25A3C0C8742: ConfigurationManager, init=-1: [15f77a3f-6b32-4023-ae51-d7d64abf6bf6:172.17.0.2:41177, e16632f5-0eba-4fc5-8660-647e7bca2b13:172.17.0.2:45197, 63d83604-a330-4908-b13c-fc2b29e0e529:172.17.0.2:37083], old=null, confs=<EMPTY_MAP>
2020-05-07 23:59:01,324 [pool-186-thread-1] INFO  server.RaftServerConfigKeys (ConfUtils.java:logGet(44)) - raft.server.storage.dir = [/github/workspace/mnt/ozone/hadoop-ozone/integration-test/target/test-dir/MiniOzoneClusterImpl-7a3f37b7-1fff-4b4f-8d6d-79fb5d4a5c2b/datanode-2/data/ratis] (custom)
2020-05-07 23:59:01,324 [pool-186-thread-1] INFO  server.RaftServerConfigKeys (ConfUtils.java:logGet(44)) - raft.server.log.corruption.policy = EXCEPTION (default)
2020-05-07 23:59:01,324 [pool-186-thread-1] INFO  storage.RaftStorageDirectory (RaftStorageDirectory.java:analyzeStorage(261)) - The storage directory /github/workspace/mnt/ozone/hadoop-ozone/integration-test/target/test-dir/MiniOzoneClusterImpl-7a3f37b7-1fff-4b4f-8d6d-79fb5d4a5c2b/datanode-2/data/ratis/2b8775e4-eea8-4120-8a0c-e25a3c0c8742 does not exist. Creating ...
2020-05-07 23:59:01,326 [pool-186-thread-1] INFO  storage.RaftStorageDirectory (RaftStorageDirectory.java:tryLock(343)) - Lock on /github/workspace/mnt/ozone/hadoop-ozone/integration-test/target/test-dir/MiniOzoneClusterImpl-7a3f37b7-1fff-4b4f-8d6d-79fb5d4a5c2b/datanode-2/data/ratis/2b8775e4-eea8-4120-8a0c-e25a3c0c8742/in_use.lock acquired by nodename 449@5f031a7da64c
2020-05-07 23:59:01,328 [pool-186-thread-1] INFO  storage.RaftStorage (RaftStorage.java:format(84)) - Storage directory /github/workspace/mnt/ozone/hadoop-ozone/integration-test/target/test-dir/MiniOzoneClusterImpl-7a3f37b7-1fff-4b4f-8d6d-79fb5d4a5c2b/datanode-2/data/ratis/2b8775e4-eea8-4120-8a0c-e25a3c0c8742 has been successfully formatted.
2020-05-07 23:59:01,329 [pool-186-thread-1] INFO  ratis.ContainerStateMachine (ContainerStateMachine.java:loadSnapshot(226)) - group-E25A3C0C8742: The snapshot info is null. Setting the last applied indexto:(t:0, i:~)
2020-05-07 23:59:01,329 [pool-186-thread-1] INFO  server.RaftServerConfigKeys (ConfUtils.java:logGet(44)) - raft.server.notification.no-leader.timeout = 60s (default)
2020-05-07 23:59:01,329 [pool-186-thread-1] INFO  server.RaftServerConfigKeys (ConfUtils.java:logGet(44)) - raft.server.log.use.memory = false (default)
2020-05-07 23:59:01,329 [pool-186-thread-1] INFO  server.RaftServerConfigKeys (ConfUtils.java:logGet(44)) - raft.server.log.purge.gap = 1000000 (custom)
2020-05-07 23:59:01,329 [pool-186-thread-1] INFO  server.RaftServerConfigKeys (ConfUtils.java:logGet(44)) - raft.server.log.appender.buffer.byte-limit = 33554432 (custom)
2020-05-07 23:59:01,329 [pool-186-thread-1] INFO  server.RaftServerConfigKeys (ConfUtils.java:logGet(44)) - raft.server.log.segment.size.max = 1048576 (custom)
2020-05-07 23:59:01,329 [pool-186-thread-1] INFO  metrics.RatisMetrics (RatisMetrics.java:lambda$create$0(39)) - Creating Metrics Registry : ratis.log_worker.e16632f5-0eba-4fc5-8660-647e7bca2b13
2020-05-07 23:59:01,330 [pool-186-thread-1] INFO  server.RaftServerConfigKeys (ConfUtils.java:logGet(44)) - raft.server.log.segment.cache.num.max = 2 (custom)
2020-05-07 23:59:01,333 [pool-186-thread-1] INFO  segmented.SegmentedRaftLogWorker (SegmentedRaftLogWorker.java:<init>(176)) - new e16632f5-0eba-4fc5-8660-647e7bca2b13@group-E25A3C0C8742-SegmentedRaftLogWorker for RaftStorage:Storage Directory /github/workspace/mnt/ozone/hadoop-ozone/integration-test/target/test-dir/MiniOzoneClusterImpl-7a3f37b7-1fff-4b4f-8d6d-79fb5d4a5c2b/datanode-2/data/ratis/2b8775e4-eea8-4120-8a0c-e25a3c0c8742
2020-05-07 23:59:01,333 [pool-186-thread-1] INFO  server.RaftServerConfigKeys (ConfUtils.java:logGet(44)) - raft.server.log.queue.byte-limit = 2147483647 (custom)
2020-05-07 23:59:01,333 [pool-186-thread-1] INFO  server.RaftServerConfigKeys (ConfUtils.java:logGet(44)) - raft.server.log.queue.element-limit = 1024 (custom)
2020-05-07 23:59:01,333 [pool-186-thread-1] INFO  server.RaftServerConfigKeys (ConfUtils.java:logGet(44)) - raft.server.log.segment.size.max = 1048576 (custom)
2020-05-07 23:59:01,333 [pool-186-thread-1] INFO  server.RaftServerConfigKeys (ConfUtils.java:logGet(44)) - raft.server.log.preallocated.size = 16384 (custom)
2020-05-07 23:59:01,333 [pool-186-thread-1] INFO  server.RaftServerConfigKeys (ConfUtils.java:logGet(44)) - raft.server.log.write.buffer.size = 1048576 (custom)
2020-05-07 23:59:01,334 [pool-186-thread-1] INFO  server.RaftServerConfigKeys (ConfUtils.java:logGet(44)) - raft.server.log.force.sync.num = 128 (default)
2020-05-07 23:59:01,334 [pool-186-thread-1] INFO  server.RaftServerConfigKeys (ConfUtils.java:logGet(44)) - raft.server.log.statemachine.data.sync = true (default)
2020-05-07 23:59:01,334 [pool-186-thread-1] INFO  server.RaftServerConfigKeys (ConfUtils.java:logGet(44)) - raft.server.log.statemachine.data.sync.timeout = 10s (default)
2020-05-07 23:59:01,334 [pool-186-thread-1] INFO  server.RaftServerConfigKeys (ConfUtils.java:logGet(44)) - raft.server.log.statemachine.data.sync.timeout.retry = -1 (default)
2020-05-07 23:59:01,336 [pool-186-thread-1] INFO  server.RaftServerConfigKeys (ConfUtils.java:logGet(44)) - raft.server.log.statemachine.data.caching.enabled = true (custom)
2020-05-07 23:59:01,337 [pool-186-thread-1] INFO  segmented.SegmentedRaftLogWorker (SegmentedRaftLogWorker.java:lambda$new$0(129)) - e16632f5-0eba-4fc5-8660-647e7bca2b13@group-E25A3C0C8742-SegmentedRaftLogWorker: flushIndex: setUnconditionally 0 -> -1
2020-05-07 23:59:01,337 [pool-186-thread-1] INFO  server.RaftServerConfigKeys (ConfUtils.java:logGet(44)) - raft.server.snapshot.auto.trigger.enabled = true (custom)
2020-05-07 23:59:01,338 [pool-186-thread-1] INFO  server.RaftServerConfigKeys (ConfUtils.java:logGet(44)) - raft.server.snapshot.auto.trigger.threshold = 10000 (custom)
2020-05-07 23:59:01,338 [pool-186-thread-1] INFO  server.RaftServerConfigKeys (ConfUtils.java:logGet(44)) - raft.server.snapshot.retention.file.num = 5 (custom)
2020-05-07 23:59:01,338 [pool-186-thread-1] INFO  server.RaftServerConfigKeys (ConfUtils.java:logGet(44)) - raft.server.log.purge.upto.snapshot.index = false (default)
2020-05-07 23:59:01,338 [pool-186-thread-1] INFO  server.RaftServerConfigKeys (ConfUtils.java:logGet(44)) - raft.server.retrycache.expirytime = 600000ms (custom)
2020-05-07 23:59:01,338 [pool-186-thread-1] INFO  metrics.RatisMetrics (RatisMetrics.java:lambda$create$0(39)) - Creating Metrics Registry : ratis.leader_election.e16632f5-0eba-4fc5-8660-647e7bca2b13@group-E25A3C0C8742
2020-05-07 23:59:01,339 [pool-186-thread-1] INFO  metrics.RatisMetrics (RatisMetrics.java:lambda$create$0(39)) - Creating Metrics Registry : ratis.server.e16632f5-0eba-4fc5-8660-647e7bca2b13@group-E25A3C0C8742
2020-05-07 23:59:01,339 [pool-186-thread-1] INFO  impl.RaftServerImpl (RaftServerImpl.java:start(184)) - e16632f5-0eba-4fc5-8660-647e7bca2b13@group-E25A3C0C8742: start as a follower, conf=-1: [15f77a3f-6b32-4023-ae51-d7d64abf6bf6:172.17.0.2:41177, e16632f5-0eba-4fc5-8660-647e7bca2b13:172.17.0.2:45197, 63d83604-a330-4908-b13c-fc2b29e0e529:172.17.0.2:37083], old=null
2020-05-07 23:59:01,339 [pool-186-thread-1] INFO  impl.RaftServerImpl (RaftServerImpl.java:setRole(173)) - e16632f5-0eba-4fc5-8660-647e7bca2b13@group-E25A3C0C8742: changes role from      null to FOLLOWER at term 0 for startAsFollower
2020-05-07 23:59:01,339 [pool-186-thread-1] INFO  impl.RoleInfo (RoleInfo.java:updateAndGet(143)) - e16632f5-0eba-4fc5-8660-647e7bca2b13: start FollowerState
2020-05-07 23:59:01,340 [pool-186-thread-1] INFO  util.JmxRegister (JmxRegister.java:tryRegister(44)) - Successfully registered JMX Bean with object name Ratis:service=RaftServer,group=group-E25A3C0C8742,id=e16632f5-0eba-4fc5-8660-647e7bca2b13
2020-05-07 23:59:01,340 [pool-186-thread-1] INFO  metrics.RatisMetrics (RatisMetrics.java:lambda$create$0(39)) - Creating Metrics Registry : ratis.state_machine.e16632f5-0eba-4fc5-8660-647e7bca2b13@group-E25A3C0C8742
2020-05-07 23:59:01,346 [Thread-374] INFO  ozone.MiniOzoneClusterImpl (MiniOzoneClusterImpl.java:lambda$waitForClusterToBeReady$0(177)) - Nodes are ready. Got 3 of 3 DN Heartbeats.
2020-05-07 23:59:01,346 [Thread-374] INFO  ozone.MiniOzoneClusterImpl (MiniOzoneClusterImpl.java:lambda$waitForClusterToBeReady$0(180)) - Waiting for cluster to exit safe mode
2020-05-07 23:59:01,347 [Command processor thread] INFO  impl.RaftServerProxy (RaftServerProxy.java:addNew(89)) - e16632f5-0eba-4fc5-8660-647e7bca2b13: addNew group-8FF983C2C6A3:[e16632f5-0eba-4fc5-8660-647e7bca2b13:172.17.0.2:45197] returns group-8FF983C2C6A3:java.util.concurrent.CompletableFuture@7ba83eb7[Not completed]
2020-05-07 23:59:01,349 [pool-186-thread-1] INFO  impl.RaftServerImpl (RaftServerImpl.java:<init>(98)) - e16632f5-0eba-4fc5-8660-647e7bca2b13: new RaftServerImpl for group-8FF983C2C6A3:[e16632f5-0eba-4fc5-8660-647e7bca2b13:172.17.0.2:45197] with ContainerStateMachine:uninitialized
2020-05-07 23:59:01,349 [pool-186-thread-1] INFO  server.RaftServerConfigKeys (ConfUtils.java:logGet(44)) - raft.server.rpc.timeout.min = 5s (custom)
2020-05-07 23:59:01,350 [pool-186-thread-1] INFO  server.RaftServerConfigKeys (ConfUtils.java:logGet(44)) - raft.server.rpc.timeout.max = 5200ms (custom)
2020-05-07 23:59:01,350 [pool-186-thread-1] INFO  server.RaftServerConfigKeys (ConfUtils.java:logGet(44)) - raft.server.rpcslowness.timeout = 300s (custom)
2020-05-07 23:59:01,349 [Command processor thread] INFO  commandhandler.CreatePipelineCommandHandler (CreatePipelineCommandHandler.java:handle(109)) - Created Pipeline RATIS THREE #id: "2b8775e4-eea8-4120-8a0c-e25a3c0c8742"
.
2020-05-07 23:59:01,350 [pool-186-thread-1] INFO  server.RaftServerConfigKeys (ConfUtils.java:logGet(44)) - raft.server.sleep.deviation.threshold = 300 (default)
2020-05-07 23:59:01,350 [pool-186-thread-1] INFO  server.RaftServerConfigKeys (ConfUtils.java:logGet(44)) - raft.server.log.appender.install.snapshot.enabled = false (custom)
2020-05-07 23:59:01,350 [pool-186-thread-1] INFO  impl.RaftServerImpl (ServerState.java:<init>(103)) - e16632f5-0eba-4fc5-8660-647e7bca2b13@group-8FF983C2C6A3: ConfigurationManager, init=-1: [e16632f5-0eba-4fc5-8660-647e7bca2b13:172.17.0.2:45197], old=null, confs=<EMPTY_MAP>
2020-05-07 23:59:01,350 [pool-186-thread-1] INFO  server.RaftServerConfigKeys (ConfUtils.java:logGet(44)) - raft.server.storage.dir = [/github/workspace/mnt/ozone/hadoop-ozone/integration-test/target/test-dir/MiniOzoneClusterImpl-7a3f37b7-1fff-4b4f-8d6d-79fb5d4a5c2b/datanode-2/data/ratis] (custom)
2020-05-07 23:59:01,350 [pool-186-thread-1] INFO  server.RaftServerConfigKeys (ConfUtils.java:logGet(44)) - raft.server.log.corruption.policy = EXCEPTION (default)
2020-05-07 23:59:01,351 [pool-186-thread-1] INFO  storage.RaftStorageDirectory (RaftStorageDirectory.java:analyzeStorage(261)) - The storage directory /github/workspace/mnt/ozone/hadoop-ozone/integration-test/target/test-dir/MiniOzoneClusterImpl-7a3f37b7-1fff-4b4f-8d6d-79fb5d4a5c2b/datanode-2/data/ratis/b6cf97ef-3629-45d7-a18f-8ff983c2c6a3 does not exist. Creating ...
2020-05-07 23:59:01,352 [pool-186-thread-1] INFO  storage.RaftStorageDirectory (RaftStorageDirectory.java:tryLock(343)) - Lock on /github/workspace/mnt/ozone/hadoop-ozone/integration-test/target/test-dir/MiniOzoneClusterImpl-7a3f37b7-1fff-4b4f-8d6d-79fb5d4a5c2b/datanode-2/data/ratis/b6cf97ef-3629-45d7-a18f-8ff983c2c6a3/in_use.lock acquired by nodename 449@5f031a7da64c
2020-05-07 23:59:01,354 [pool-186-thread-1] INFO  storage.RaftStorage (RaftStorage.java:format(84)) - Storage directory /github/workspace/mnt/ozone/hadoop-ozone/integration-test/target/test-dir/MiniOzoneClusterImpl-7a3f37b7-1fff-4b4f-8d6d-79fb5d4a5c2b/datanode-2/data/ratis/b6cf97ef-3629-45d7-a18f-8ff983c2c6a3 has been successfully formatted.
2020-05-07 23:59:01,355 [pool-186-thread-1] INFO  ratis.ContainerStateMachine (ContainerStateMachine.java:loadSnapshot(226)) - group-8FF983C2C6A3: The snapshot info is null. Setting the last applied indexto:(t:0, i:~)
2020-05-07 23:59:01,356 [pool-186-thread-1] INFO  server.RaftServerConfigKeys (ConfUtils.java:logGet(44)) - raft.server.notification.no-leader.timeout = 60s (default)
2020-05-07 23:59:01,356 [pool-186-thread-1] INFO  server.RaftServerConfigKeys (ConfUtils.java:logGet(44)) - raft.server.log.use.memory = false (default)
2020-05-07 23:59:01,356 [pool-186-thread-1] INFO  server.RaftServerConfigKeys (ConfUtils.java:logGet(44)) - raft.server.log.purge.gap = 1000000 (custom)
2020-05-07 23:59:01,356 [pool-186-thread-1] INFO  server.RaftServerConfigKeys (ConfUtils.java:logGet(44)) - raft.server.log.appender.buffer.byte-limit = 33554432 (custom)
2020-05-07 23:59:01,356 [pool-186-thread-1] INFO  server.RaftServerConfigKeys (ConfUtils.java:logGet(44)) - raft.server.log.segment.size.max = 1048576 (custom)
2020-05-07 23:59:01,356 [pool-186-thread-1] INFO  server.RaftServerConfigKeys (ConfUtils.java:logGet(44)) - raft.server.log.segment.cache.num.max = 2 (custom)
2020-05-07 23:59:01,356 [pool-186-thread-1] INFO  segmented.SegmentedRaftLogWorker (SegmentedRaftLogWorker.java:<init>(176)) - new e16632f5-0eba-4fc5-8660-647e7bca2b13@group-8FF983C2C6A3-SegmentedRaftLogWorker for RaftStorage:Storage Directory /github/workspace/mnt/ozone/hadoop-ozone/integration-test/target/test-dir/MiniOzoneClusterImpl-7a3f37b7-1fff-4b4f-8d6d-79fb5d4a5c2b/datanode-2/data/ratis/b6cf97ef-3629-45d7-a18f-8ff983c2c6a3
2020-05-07 23:59:01,356 [pool-186-thread-1] INFO  server.RaftServerConfigKeys (ConfUtils.java:logGet(44)) - raft.server.log.queue.byte-limit = 2147483647 (custom)
2020-05-07 23:59:01,356 [pool-186-thread-1] INFO  server.RaftServerConfigKeys (ConfUtils.java:logGet(44)) - raft.server.log.queue.element-limit = 1024 (custom)
2020-05-07 23:59:01,356 [pool-186-thread-1] INFO  server.RaftServerConfigKeys (ConfUtils.java:logGet(44)) - raft.server.log.segment.size.max = 1048576 (custom)
2020-05-07 23:59:01,357 [EventQueue-PipelineReportForPipelineReportHandler] INFO  pipeline.PipelineStateManager (PipelineStateManager.java:openPipeline(131)) - Pipeline Pipeline[ Id: b6cf97ef-3629-45d7-a18f-8ff983c2c6a3, Nodes: e16632f5-0eba-4fc5-8660-647e7bca2b13{ip: 172.17.0.2, host: 5f031a7da64c, networkLocation: /default-rack, certSerialId: null}, Type:RATIS, Factor:ONE, State:ALLOCATED, leaderId:e16632f5-0eba-4fc5-8660-647e7bca2b13, CreationTimestamp2020-05-07T23:58:58.348Z] moved to OPEN state
2020-05-07 23:59:01,358 [EventQueue-OpenPipelineForHealthyPipelineSafeModeRule] INFO  safemode.SCMSafeModeManager (HealthyPipelineSafeModeRule.java:process(132)) - SCM in safe mode. Healthy pipelines reported count is 0, required healthy pipeline reported count is 1
2020-05-07 23:59:01,358 [EventQueue-OpenPipelineForOneReplicaPipelineSafeModeRule] INFO  safemode.SCMSafeModeManager (SCMSafeModeManager.java:validateSafeModeExitRules(213)) - AtleastOneDatanodeReportedRule rule is successfully validated
2020-05-07 23:59:01,358 [pool-186-thread-1] INFO  server.RaftServerConfigKeys (ConfUtils.java:logGet(44)) - raft.server.log.preallocated.size = 16384 (custom)
2020-05-07 23:59:01,358 [pool-186-thread-1] INFO  server.RaftServerConfigKeys (ConfUtils.java:logGet(44)) - raft.server.log.write.buffer.size = 1048576 (custom)
2020-05-07 23:59:01,359 [pool-186-thread-1] INFO  server.RaftServerConfigKeys (ConfUtils.java:logGet(44)) - raft.server.log.force.sync.num = 128 (default)
2020-05-07 23:59:01,359 [pool-186-thread-1] INFO  server.RaftServerConfigKeys (ConfUtils.java:logGet(44)) - raft.server.log.statemachine.data.sync = true (default)
2020-05-07 23:59:01,359 [pool-186-thread-1] INFO  server.RaftServerConfigKeys (ConfUtils.java:logGet(44)) - raft.server.log.statemachine.data.sync.timeout = 10s (default)
2020-05-07 23:59:01,359 [pool-186-thread-1] INFO  server.RaftServerConfigKeys (ConfUtils.java:logGet(44)) - raft.server.log.statemachine.data.sync.timeout.retry = -1 (default)
2020-05-07 23:59:01,360 [pool-186-thread-1] INFO  server.RaftServerConfigKeys (ConfUtils.java:logGet(44)) - raft.server.log.statemachine.data.caching.enabled = true (custom)
2020-05-07 23:59:01,360 [pool-186-thread-1] INFO  segmented.SegmentedRaftLogWorker (SegmentedRaftLogWorker.java:lambda$new$0(129)) - e16632f5-0eba-4fc5-8660-647e7bca2b13@group-8FF983C2C6A3-SegmentedRaftLogWorker: flushIndex: setUnconditionally 0 -> -1
2020-05-07 23:59:01,360 [pool-186-thread-1] INFO  server.RaftServerConfigKeys (ConfUtils.java:logGet(44)) - raft.server.snapshot.auto.trigger.enabled = true (custom)
2020-05-07 23:59:01,360 [pool-186-thread-1] INFO  server.RaftServerConfigKeys (ConfUtils.java:logGet(44)) - raft.server.snapshot.auto.trigger.threshold = 10000 (custom)
2020-05-07 23:59:01,360 [pool-186-thread-1] INFO  server.RaftServerConfigKeys (ConfUtils.java:logGet(44)) - raft.server.snapshot.retention.file.num = 5 (custom)
2020-05-07 23:59:01,360 [pool-186-thread-1] INFO  server.RaftServerConfigKeys (ConfUtils.java:logGet(44)) - raft.server.log.purge.upto.snapshot.index = false (default)
2020-05-07 23:59:01,361 [pool-186-thread-1] INFO  server.RaftServerConfigKeys (ConfUtils.java:logGet(44)) - raft.server.retrycache.expirytime = 600000ms (custom)
2020-05-07 23:59:01,361 [pool-186-thread-1] INFO  metrics.RatisMetrics (RatisMetrics.java:lambda$create$0(39)) - Creating Metrics Registry : ratis.leader_election.e16632f5-0eba-4fc5-8660-647e7bca2b13@group-8FF983C2C6A3
2020-05-07 23:59:01,361 [pool-186-thread-1] INFO  metrics.RatisMetrics (RatisMetrics.java:lambda$create$0(39)) - Creating Metrics Registry : ratis.server.e16632f5-0eba-4fc5-8660-647e7bca2b13@group-8FF983C2C6A3
2020-05-07 23:59:01,362 [pool-186-thread-1] INFO  impl.RaftServerImpl (RaftServerImpl.java:start(184)) - e16632f5-0eba-4fc5-8660-647e7bca2b13@group-8FF983C2C6A3: start as a follower, conf=-1: [e16632f5-0eba-4fc5-8660-647e7bca2b13:172.17.0.2:45197], old=null
2020-05-07 23:59:01,362 [pool-186-thread-1] INFO  impl.RaftServerImpl (RaftServerImpl.java:setRole(173)) - e16632f5-0eba-4fc5-8660-647e7bca2b13@group-8FF983C2C6A3: changes role from      null to FOLLOWER at term 0 for startAsFollower
2020-05-07 23:59:01,362 [pool-186-thread-1] INFO  impl.RoleInfo (RoleInfo.java:updateAndGet(143)) - e16632f5-0eba-4fc5-8660-647e7bca2b13: start FollowerState
2020-05-07 23:59:01,363 [pool-186-thread-1] INFO  util.JmxRegister (JmxRegister.java:tryRegister(44)) - Successfully registered JMX Bean with object name Ratis:service=RaftServer,group=group-8FF983C2C6A3,id=e16632f5-0eba-4fc5-8660-647e7bca2b13
2020-05-07 23:59:01,363 [pool-186-thread-1] INFO  metrics.RatisMetrics (RatisMetrics.java:lambda$create$0(39)) - Creating Metrics Registry : ratis.state_machine.e16632f5-0eba-4fc5-8660-647e7bca2b13@group-8FF983C2C6A3
2020-05-07 23:59:01,363 [Command processor thread] INFO  commandhandler.CreatePipelineCommandHandler (CreatePipelineCommandHandler.java:handle(109)) - Created Pipeline RATIS ONE #id: "b6cf97ef-3629-45d7-a18f-8ff983c2c6a3"
.
2020-05-07 23:59:02,346 [Thread-374] INFO  ozone.MiniOzoneClusterImpl (MiniOzoneClusterImpl.java:lambda$waitForClusterToBeReady$0(177)) - Nodes are ready. Got 3 of 3 DN Heartbeats.
2020-05-07 23:59:02,346 [Thread-374] INFO  ozone.MiniOzoneClusterImpl (MiniOzoneClusterImpl.java:lambda$waitForClusterToBeReady$0(180)) - Waiting for cluster to exit safe mode
2020-05-07 23:59:03,347 [Thread-374] INFO  ozone.MiniOzoneClusterImpl (MiniOzoneClusterImpl.java:lambda$waitForClusterToBeReady$0(177)) - Nodes are ready. Got 3 of 3 DN Heartbeats.
2020-05-07 23:59:03,347 [Thread-374] INFO  ozone.MiniOzoneClusterImpl (MiniOzoneClusterImpl.java:lambda$waitForClusterToBeReady$0(180)) - Waiting for cluster to exit safe mode
2020-05-07 23:59:04,347 [Thread-374] INFO  ozone.MiniOzoneClusterImpl (MiniOzoneClusterImpl.java:lambda$waitForClusterToBeReady$0(177)) - Nodes are ready. Got 3 of 3 DN Heartbeats.
2020-05-07 23:59:04,347 [Thread-374] INFO  ozone.MiniOzoneClusterImpl (MiniOzoneClusterImpl.java:lambda$waitForClusterToBeReady$0(180)) - Waiting for cluster to exit safe mode
2020-05-07 23:59:05,347 [Thread-374] INFO  ozone.MiniOzoneClusterImpl (MiniOzoneClusterImpl.java:lambda$waitForClusterToBeReady$0(177)) - Nodes are ready. Got 3 of 3 DN Heartbeats.
2020-05-07 23:59:05,348 [Thread-374] INFO  ozone.MiniOzoneClusterImpl (MiniOzoneClusterImpl.java:lambda$waitForClusterToBeReady$0(180)) - Waiting for cluster to exit safe mode
2020-05-07 23:59:06,283 [Thread-547] INFO  impl.FollowerState (FollowerState.java:run(108)) - 15f77a3f-6b32-4023-ae51-d7d64abf6bf6@group-F0C082F9BFDB-FollowerState: change to CANDIDATE, lastRpcTime:5076ms, electionTimeout:5068ms
2020-05-07 23:59:06,284 [Thread-547] INFO  impl.RoleInfo (RoleInfo.java:shutdownFollowerState(121)) - 15f77a3f-6b32-4023-ae51-d7d64abf6bf6: shutdown FollowerState
2020-05-07 23:59:06,284 [Thread-547] INFO  impl.RaftServerImpl (RaftServerImpl.java:setRole(173)) - 15f77a3f-6b32-4023-ae51-d7d64abf6bf6@group-F0C082F9BFDB: changes role from  FOLLOWER to CANDIDATE at term 0 for changeToCandidate
2020-05-07 23:59:06,284 [Thread-547] INFO  impl.RoleInfo (RoleInfo.java:updateAndGet(143)) - 15f77a3f-6b32-4023-ae51-d7d64abf6bf6: start LeaderElection
2020-05-07 23:59:06,284 [Thread-551] INFO  impl.FollowerState (FollowerState.java:run(108)) - 63d83604-a330-4908-b13c-fc2b29e0e529@group-E25A3C0C8742-FollowerState: change to CANDIDATE, lastRpcTime:5021ms, electionTimeout:5020ms
2020-05-07 23:59:06,285 [Thread-551] INFO  impl.RoleInfo (RoleInfo.java:shutdownFollowerState(121)) - 63d83604-a330-4908-b13c-fc2b29e0e529: shutdown FollowerState
2020-05-07 23:59:06,285 [Thread-551] INFO  impl.RaftServerImpl (RaftServerImpl.java:setRole(173)) - 63d83604-a330-4908-b13c-fc2b29e0e529@group-E25A3C0C8742: changes role from  FOLLOWER to CANDIDATE at term 0 for changeToCandidate
2020-05-07 23:59:06,285 [Thread-551] INFO  impl.RoleInfo (RoleInfo.java:updateAndGet(143)) - 63d83604-a330-4908-b13c-fc2b29e0e529: start LeaderElection
2020-05-07 23:59:06,289 [15f77a3f-6b32-4023-ae51-d7d64abf6bf6@group-F0C082F9BFDB-LeaderElection6] INFO  impl.LeaderElection (LeaderElection.java:askForVotes(206)) - 15f77a3f-6b32-4023-ae51-d7d64abf6bf6@group-F0C082F9BFDB-LeaderElection6: begin an election at term 1 for -1: [15f77a3f-6b32-4023-ae51-d7d64abf6bf6:172.17.0.2:41177], old=null
2020-05-07 23:59:06,289 [15f77a3f-6b32-4023-ae51-d7d64abf6bf6@group-F0C082F9BFDB-LeaderElection6] INFO  impl.RoleInfo (RoleInfo.java:shutdownLeaderElection(134)) - 15f77a3f-6b32-4023-ae51-d7d64abf6bf6: shutdown LeaderElection
2020-05-07 23:59:06,289 [15f77a3f-6b32-4023-ae51-d7d64abf6bf6@group-F0C082F9BFDB-LeaderElection6] INFO  impl.RaftServerImpl (RaftServerImpl.java:setRole(173)) - 15f77a3f-6b32-4023-ae51-d7d64abf6bf6@group-F0C082F9BFDB: changes role from CANDIDATE to LEADER at term 1 for changeToLeader
2020-05-07 23:59:06,289 [15f77a3f-6b32-4023-ae51-d7d64abf6bf6@group-F0C082F9BFDB-LeaderElection6] INFO  ratis.XceiverServerRatis (XceiverServerRatis.java:handleLeaderChangedNotification(762)) - Leader change notification received for group: group-F0C082F9BFDB with new leaderId: 15f77a3f-6b32-4023-ae51-d7d64abf6bf6
2020-05-07 23:59:06,291 [15f77a3f-6b32-4023-ae51-d7d64abf6bf6@group-F0C082F9BFDB-LeaderElection6] INFO  impl.RaftServerImpl (ServerState.java:setLeader(255)) - 15f77a3f-6b32-4023-ae51-d7d64abf6bf6@group-F0C082F9BFDB: change Leader from null to 15f77a3f-6b32-4023-ae51-d7d64abf6bf6 at term 1 for becomeLeader, leader elected after 5099ms
2020-05-07 23:59:06,291 [15f77a3f-6b32-4023-ae51-d7d64abf6bf6@group-F0C082F9BFDB-LeaderElection6] INFO  server.RaftServerConfigKeys (ConfUtils.java:logGet(44)) - raft.server.staging.catchup.gap = 1000 (default)
2020-05-07 23:59:06,291 [63d83604-a330-4908-b13c-fc2b29e0e529@group-E25A3C0C8742-LeaderElection7] INFO  impl.LeaderElection (LeaderElection.java:askForVotes(206)) - 63d83604-a330-4908-b13c-fc2b29e0e529@group-E25A3C0C8742-LeaderElection7: begin an election at term 1 for -1: [15f77a3f-6b32-4023-ae51-d7d64abf6bf6:172.17.0.2:41177, e16632f5-0eba-4fc5-8660-647e7bca2b13:172.17.0.2:45197, 63d83604-a330-4908-b13c-fc2b29e0e529:172.17.0.2:37083], old=null
2020-05-07 23:59:06,292 [15f77a3f-6b32-4023-ae51-d7d64abf6bf6@group-F0C082F9BFDB-LeaderElection6] INFO  server.RaftServerConfigKeys (ConfUtils.java:logGet(44)) - raft.server.rpc.sleep.time = 25ms (default)
2020-05-07 23:59:06,294 [15f77a3f-6b32-4023-ae51-d7d64abf6bf6@group-F0C082F9BFDB-LeaderElection6] INFO  metrics.RatisMetrics (RatisMetrics.java:lambda$create$0(39)) - Creating Metrics Registry : ratis.log_appender.15f77a3f-6b32-4023-ae51-d7d64abf6bf6@group-F0C082F9BFDB
2020-05-07 23:59:06,295 [15f77a3f-6b32-4023-ae51-d7d64abf6bf6@group-F0C082F9BFDB-LeaderElection6] INFO  server.RaftServerConfigKeys (ConfUtils.java:logGet(44)) - raft.server.write.element-limit = 1024 (custom)
2020-05-07 23:59:06,295 [15f77a3f-6b32-4023-ae51-d7d64abf6bf6@group-F0C082F9BFDB-LeaderElection6] INFO  server.RaftServerConfigKeys (ConfUtils.java:logGet(44)) - raft.server.write.byte-limit = 1073741824 (custom)
2020-05-07 23:59:06,295 [15f77a3f-6b32-4023-ae51-d7d64abf6bf6@group-F0C082F9BFDB-LeaderElection6] INFO  server.RaftServerConfigKeys (ConfUtils.java:logGet(44)) - raft.server.watch.timeout = 180s (custom)
2020-05-07 23:59:06,295 [15f77a3f-6b32-4023-ae51-d7d64abf6bf6@group-F0C082F9BFDB-LeaderElection6] INFO  server.RaftServerConfigKeys (ConfUtils.java:logGet(44)) - raft.server.watch.timeout.denomination = 1s (default)
2020-05-07 23:59:06,295 [15f77a3f-6b32-4023-ae51-d7d64abf6bf6@group-F0C082F9BFDB-LeaderElection6] INFO  server.RaftServerConfigKeys (ConfUtils.java:logGet(44)) - raft.server.watch.element-limit = 65536 (default)
2020-05-07 23:59:06,295 [15f77a3f-6b32-4023-ae51-d7d64abf6bf6@group-F0C082F9BFDB-LeaderElection6] INFO  impl.RoleInfo (RoleInfo.java:updateAndGet(143)) - 15f77a3f-6b32-4023-ae51-d7d64abf6bf6: start LeaderState
2020-05-07 23:59:06,296 [15f77a3f-6b32-4023-ae51-d7d64abf6bf6@group-F0C082F9BFDB-LeaderElection6] INFO  segmented.SegmentedRaftLogWorker (SegmentedRaftLogWorker.java:startLogSegment(391)) - 15f77a3f-6b32-4023-ae51-d7d64abf6bf6@group-F0C082F9BFDB-SegmentedRaftLogWorker: Starting segment from index:0
2020-05-07 23:59:06,297 [15f77a3f-6b32-4023-ae51-d7d64abf6bf6@group-F0C082F9BFDB-SegmentedRaftLogWorker] INFO  segmented.SegmentedRaftLogWorker (SegmentedRaftLogWorker.java:execute(583)) - 15f77a3f-6b32-4023-ae51-d7d64abf6bf6@group-F0C082F9BFDB-SegmentedRaftLogWorker: created new log segment /github/workspace/mnt/ozone/hadoop-ozone/integration-test/target/test-dir/MiniOzoneClusterImpl-7a3f37b7-1fff-4b4f-8d6d-79fb5d4a5c2b/datanode-0/data/ratis/5a222cbd-8d17-4850-82ea-f0c082f9bfdb/current/log_inprogress_0
2020-05-07 23:59:06,299 [15f77a3f-6b32-4023-ae51-d7d64abf6bf6@group-F0C082F9BFDB-LeaderElection6] INFO  impl.RaftServerImpl (ServerState.java:setRaftConf(356)) - 15f77a3f-6b32-4023-ae51-d7d64abf6bf6@group-F0C082F9BFDB: set configuration 0: [15f77a3f-6b32-4023-ae51-d7d64abf6bf6:172.17.0.2:41177], old=null at 0
2020-05-07 23:59:06,327 [Thread-554] INFO  impl.FollowerState (FollowerState.java:run(108)) - 63d83604-a330-4908-b13c-fc2b29e0e529@group-2155C2CC500D-FollowerState: change to CANDIDATE, lastRpcTime:5036ms, electionTimeout:5029ms
2020-05-07 23:59:06,327 [Thread-554] INFO  impl.RoleInfo (RoleInfo.java:shutdownFollowerState(121)) - 63d83604-a330-4908-b13c-fc2b29e0e529: shutdown FollowerState
2020-05-07 23:59:06,327 [Thread-554] INFO  impl.RaftServerImpl (RaftServerImpl.java:setRole(173)) - 63d83604-a330-4908-b13c-fc2b29e0e529@group-2155C2CC500D: changes role from  FOLLOWER to CANDIDATE at term 0 for changeToCandidate
2020-05-07 23:59:06,329 [Thread-554] INFO  impl.RoleInfo (RoleInfo.java:updateAndGet(143)) - 63d83604-a330-4908-b13c-fc2b29e0e529: start LeaderElection
2020-05-07 23:59:06,335 [grpc-default-executor-0] INFO  impl.RaftServerImpl (RaftServerImpl.java:setRole(173)) - 15f77a3f-6b32-4023-ae51-d7d64abf6bf6@group-E25A3C0C8742: changes role from  FOLLOWER to FOLLOWER at term 1 for recognizeCandidate:63d83604-a330-4908-b13c-fc2b29e0e529
2020-05-07 23:59:06,336 [grpc-default-executor-0] INFO  impl.RoleInfo (RoleInfo.java:shutdownFollowerState(121)) - 15f77a3f-6b32-4023-ae51-d7d64abf6bf6: shutdown FollowerState
2020-05-07 23:59:06,336 [grpc-default-executor-0] INFO  impl.RoleInfo (RoleInfo.java:updateAndGet(143)) - 15f77a3f-6b32-4023-ae51-d7d64abf6bf6: start FollowerState
2020-05-07 23:59:06,336 [Thread-549] INFO  impl.FollowerState (FollowerState.java:run(117)) - 15f77a3f-6b32-4023-ae51-d7d64abf6bf6@group-E25A3C0C8742-FollowerState was interrupted: java.lang.InterruptedException: sleep interrupted
2020-05-07 23:59:06,337 [63d83604-a330-4908-b13c-fc2b29e0e529@group-2155C2CC500D-LeaderElection8] INFO  impl.LeaderElection (LeaderElection.java:askForVotes(206)) - 63d83604-a330-4908-b13c-fc2b29e0e529@group-2155C2CC500D-LeaderElection8: begin an election at term 1 for -1: [63d83604-a330-4908-b13c-fc2b29e0e529:172.17.0.2:37083], old=null
2020-05-07 23:59:06,337 [63d83604-a330-4908-b13c-fc2b29e0e529@group-2155C2CC500D-LeaderElection8] INFO  impl.RoleInfo (RoleInfo.java:shutdownLeaderElection(134)) - 63d83604-a330-4908-b13c-fc2b29e0e529: shutdown LeaderElection
2020-05-07 23:59:06,338 [63d83604-a330-4908-b13c-fc2b29e0e529@group-2155C2CC500D-LeaderElection8] INFO  impl.RaftServerImpl (RaftServerImpl.java:setRole(173)) - 63d83604-a330-4908-b13c-fc2b29e0e529@group-2155C2CC500D: changes role from CANDIDATE to LEADER at term 1 for changeToLeader
2020-05-07 23:59:06,342 [grpc-default-executor-1] INFO  impl.RaftServerImpl (RaftServerImpl.java:setRole(173)) - e16632f5-0eba-4fc5-8660-647e7bca2b13@group-E25A3C0C8742: changes role from  FOLLOWER to FOLLOWER at term 1 for recognizeCandidate:63d83604-a330-4908-b13c-fc2b29e0e529
2020-05-07 23:59:06,342 [grpc-default-executor-1] INFO  impl.RoleInfo (RoleInfo.java:shutdownFollowerState(121)) - e16632f5-0eba-4fc5-8660-647e7bca2b13: shutdown FollowerState
2020-05-07 23:59:06,342 [grpc-default-executor-1] INFO  impl.RoleInfo (RoleInfo.java:updateAndGet(143)) - e16632f5-0eba-4fc5-8660-647e7bca2b13: start FollowerState
2020-05-07 23:59:06,343 [Thread-556] INFO  impl.FollowerState (FollowerState.java:run(117)) - e16632f5-0eba-4fc5-8660-647e7bca2b13@group-E25A3C0C8742-FollowerState was interrupted: java.lang.InterruptedException: sleep interrupted
2020-05-07 23:59:06,346 [63d83604-a330-4908-b13c-fc2b29e0e529@group-2155C2CC500D-LeaderElection8] INFO  ratis.XceiverServerRatis (XceiverServerRatis.java:handleLeaderChangedNotification(762)) - Leader change notification received for group: group-2155C2CC500D with new leaderId: 63d83604-a330-4908-b13c-fc2b29e0e529
2020-05-07 23:59:06,347 [63d83604-a330-4908-b13c-fc2b29e0e529@group-E25A3C0C8742-LeaderElection7] INFO  impl.LeaderElection (LeaderElection.java:logAndReturn(61)) - 63d83604-a330-4908-b13c-fc2b29e0e529@group-E25A3C0C8742-LeaderElection7: Election PASSED; received 1 response(s) [63d83604-a330-4908-b13c-fc2b29e0e529<-15f77a3f-6b32-4023-ae51-d7d64abf6bf6#0:OK-t1] and 0 exception(s); 63d83604-a330-4908-b13c-fc2b29e0e529@group-E25A3C0C8742:t1, leader=null, voted=63d83604-a330-4908-b13c-fc2b29e0e529, raftlog=63d83604-a330-4908-b13c-fc2b29e0e529@group-E25A3C0C8742-SegmentedRaftLog:OPENED:c-1,f-1,i0, conf=-1: [15f77a3f-6b32-4023-ae51-d7d64abf6bf6:172.17.0.2:41177, e16632f5-0eba-4fc5-8660-647e7bca2b13:172.17.0.2:45197, 63d83604-a330-4908-b13c-fc2b29e0e529:172.17.0.2:37083], old=null
2020-05-07 23:59:06,347 [63d83604-a330-4908-b13c-fc2b29e0e529@group-E25A3C0C8742-LeaderElection7] INFO  impl.RoleInfo (RoleInfo.java:shutdownLeaderElection(134)) - 63d83604-a330-4908-b13c-fc2b29e0e529: shutdown LeaderElection
2020-05-07 23:59:06,347 [63d83604-a330-4908-b13c-fc2b29e0e529@group-E25A3C0C8742-LeaderElection7] INFO  impl.RaftServerImpl (RaftServerImpl.java:setRole(173)) - 63d83604-a330-4908-b13c-fc2b29e0e529@group-E25A3C0C8742: changes role from CANDIDATE to LEADER at term 1 for changeToLeader
2020-05-07 23:59:06,347 [63d83604-a330-4908-b13c-fc2b29e0e529@group-E25A3C0C8742-LeaderElection7] INFO  ratis.XceiverServerRatis (XceiverServerRatis.java:handleLeaderChangedNotification(762)) - Leader change notification received for group: group-E25A3C0C8742 with new leaderId: 63d83604-a330-4908-b13c-fc2b29e0e529
2020-05-07 23:59:06,347 [63d83604-a330-4908-b13c-fc2b29e0e529@group-E25A3C0C8742-LeaderElection7] INFO  impl.RaftServerImpl (ServerState.java:setLeader(255)) - 63d83604-a330-4908-b13c-fc2b29e0e529@group-E25A3C0C8742: change Leader from null to 63d83604-a330-4908-b13c-fc2b29e0e529 at term 1 for becomeLeader, leader elected after 5101ms
2020-05-07 23:59:06,347 [63d83604-a330-4908-b13c-fc2b29e0e529@group-2155C2CC500D-LeaderElection8] INFO  impl.RaftServerImpl (ServerState.java:setLeader(255)) - 63d83604-a330-4908-b13c-fc2b29e0e529@group-2155C2CC500D: change Leader from null to 63d83604-a330-4908-b13c-fc2b29e0e529 at term 1 for becomeLeader, leader elected after 5058ms
2020-05-07 23:59:06,354 [63d83604-a330-4908-b13c-fc2b29e0e529@group-E25A3C0C8742-LeaderElection7] INFO  server.RaftServerConfigKeys (ConfUtils.java:logGet(44)) - raft.server.staging.catchup.gap = 1000 (default)
2020-05-07 23:59:06,355 [63d83604-a330-4908-b13c-fc2b29e0e529@group-E25A3C0C8742-LeaderElection7] INFO  server.RaftServerConfigKeys (ConfUtils.java:logGet(44)) - raft.server.rpc.sleep.time = 25ms (default)
2020-05-07 23:59:06,348 [Thread-374] INFO  ozone.MiniOzoneClusterImpl (MiniOzoneClusterImpl.java:lambda$waitForClusterToBeReady$0(177)) - Nodes are ready. Got 3 of 3 DN Heartbeats.
2020-05-07 23:59:06,355 [Thread-374] INFO  ozone.MiniOzoneClusterImpl (MiniOzoneClusterImpl.java:lambda$waitForClusterToBeReady$0(180)) - Waiting for cluster to exit safe mode
2020-05-07 23:59:06,355 [63d83604-a330-4908-b13c-fc2b29e0e529@group-E25A3C0C8742-LeaderElection7] INFO  metrics.RatisMetrics (RatisMetrics.java:lambda$create$0(39)) - Creating Metrics Registry : ratis.log_appender.63d83604-a330-4908-b13c-fc2b29e0e529@group-E25A3C0C8742
2020-05-07 23:59:06,355 [63d83604-a330-4908-b13c-fc2b29e0e529@group-E25A3C0C8742-LeaderElection7] INFO  server.RaftServerConfigKeys (ConfUtils.java:logGet(44)) - raft.server.write.element-limit = 1024 (custom)
2020-05-07 23:59:06,355 [63d83604-a330-4908-b13c-fc2b29e0e529@group-E25A3C0C8742-LeaderElection7] INFO  server.RaftServerConfigKeys (ConfUtils.java:logGet(44)) - raft.server.write.byte-limit = 1073741824 (custom)
2020-05-07 23:59:06,356 [63d83604-a330-4908-b13c-fc2b29e0e529@group-E25A3C0C8742-LeaderElection7] INFO  server.RaftServerConfigKeys (ConfUtils.java:logGet(44)) - raft.server.watch.timeout = 180s (custom)
2020-05-07 23:59:06,356 [63d83604-a330-4908-b13c-fc2b29e0e529@group-E25A3C0C8742-LeaderElection7] INFO  server.RaftServerConfigKeys (ConfUtils.java:logGet(44)) - raft.server.watch.timeout.denomination = 1s (default)
2020-05-07 23:59:06,356 [63d83604-a330-4908-b13c-fc2b29e0e529@group-E25A3C0C8742-LeaderElection7] INFO  server.RaftServerConfigKeys (ConfUtils.java:logGet(44)) - raft.server.watch.element-limit = 65536 (default)
2020-05-07 23:59:06,356 [63d83604-a330-4908-b13c-fc2b29e0e529@group-E25A3C0C8742-LeaderElection7] INFO  server.RaftServerConfigKeys (ConfUtils.java:logGet(44)) - raft.server.log.appender.snapshot.chunk.size.max = 16MB (=16777216) (default)
2020-05-07 23:59:06,356 [63d83604-a330-4908-b13c-fc2b29e0e529@group-E25A3C0C8742-LeaderElection7] INFO  server.RaftServerConfigKeys (ConfUtils.java:logGet(44)) - raft.server.log.appender.buffer.byte-limit = 33554432 (custom)
2020-05-07 23:59:06,356 [63d83604-a330-4908-b13c-fc2b29e0e529@group-E25A3C0C8742-LeaderElection7] INFO  server.RaftServerConfigKeys (ConfUtils.java:logGet(44)) - raft.server.log.appender.buffer.element-limit = 1 (custom)
2020-05-07 23:59:06,356 [63d83604-a330-4908-b13c-fc2b29e0e529@group-E25A3C0C8742-LeaderElection7] INFO  grpc.GrpcConfigKeys (ConfUtils.java:logGet(44)) - raft.grpc.server.leader.outstanding.appends.max = 128 (default)
2020-05-07 23:59:06,357 [63d83604-a330-4908-b13c-fc2b29e0e529@group-E25A3C0C8742-LeaderElection7] INFO  server.RaftServerConfigKeys (ConfUtils.java:logGet(44)) - raft.server.rpc.request.timeout = 60s (custom)
2020-05-07 23:59:06,357 [63d83604-a330-4908-b13c-fc2b29e0e529@group-E25A3C0C8742-LeaderElection7] INFO  server.RaftServerConfigKeys (ConfUtils.java:logGet(44)) - raft.server.log.appender.install.snapshot.enabled = false (custom)
2020-05-07 23:59:06,358 [63d83604-a330-4908-b13c-fc2b29e0e529@group-E25A3C0C8742-LeaderElection7] INFO  server.RaftServerConfigKeys (ConfUtils.java:logGet(44)) - raft.server.log.appender.snapshot.chunk.size.max = 16MB (=16777216) (default)
2020-05-07 23:59:06,358 [63d83604-a330-4908-b13c-fc2b29e0e529@group-E25A3C0C8742-LeaderElection7] INFO  server.RaftServerConfigKeys (ConfUtils.java:logGet(44)) - raft.server.log.appender.buffer.byte-limit = 33554432 (custom)
2020-05-07 23:59:06,358 [63d83604-a330-4908-b13c-fc2b29e0e529@group-E25A3C0C8742-LeaderElection7] INFO  server.RaftServerConfigKeys (ConfUtils.java:logGet(44)) - raft.server.log.appender.buffer.element-limit = 1 (custom)
2020-05-07 23:59:06,358 [63d83604-a330-4908-b13c-fc2b29e0e529@group-E25A3C0C8742-LeaderElection7] INFO  grpc.GrpcConfigKeys (ConfUtils.java:logGet(44)) - raft.grpc.server.leader.outstanding.appends.max = 128 (default)
2020-05-07 23:59:06,358 [63d83604-a330-4908-b13c-fc2b29e0e529@group-E25A3C0C8742-LeaderElection7] INFO  server.RaftServerConfigKeys (ConfUtils.java:logGet(44)) - raft.server.rpc.request.timeout = 60s (custom)
2020-05-07 23:59:06,358 [63d83604-a330-4908-b13c-fc2b29e0e529@group-E25A3C0C8742-LeaderElection7] INFO  server.RaftServerConfigKeys (ConfUtils.java:logGet(44)) - raft.server.log.appender.install.snapshot.enabled = false (custom)
2020-05-07 23:59:06,359 [63d83604-a330-4908-b13c-fc2b29e0e529@group-E25A3C0C8742-LeaderElection7] INFO  impl.RoleInfo (RoleInfo.java:updateAndGet(143)) - 63d83604-a330-4908-b13c-fc2b29e0e529: start LeaderState
2020-05-07 23:59:06,360 [63d83604-a330-4908-b13c-fc2b29e0e529@group-E25A3C0C8742-LeaderElection7] INFO  segmented.SegmentedRaftLogWorker (SegmentedRaftLogWorker.java:startLogSegment(391)) - 63d83604-a330-4908-b13c-fc2b29e0e529@group-E25A3C0C8742-SegmentedRaftLogWorker: Starting segment from index:0
2020-05-07 23:59:06,363 [63d83604-a330-4908-b13c-fc2b29e0e529@group-E25A3C0C8742-LeaderElection7] INFO  impl.RaftServerImpl (ServerState.java:setRaftConf(356)) - 63d83604-a330-4908-b13c-fc2b29e0e529@group-E25A3C0C8742: set configuration 0: [15f77a3f-6b32-4023-ae51-d7d64abf6bf6:172.17.0.2:41177, e16632f5-0eba-4fc5-8660-647e7bca2b13:172.17.0.2:45197, 63d83604-a330-4908-b13c-fc2b29e0e529:172.17.0.2:37083], old=null at 0
2020-05-07 23:59:06,364 [63d83604-a330-4908-b13c-fc2b29e0e529@group-2155C2CC500D-LeaderElection8] INFO  server.RaftServerConfigKeys (ConfUtils.java:logGet(44)) - raft.server.staging.catchup.gap = 1000 (default)
2020-05-07 23:59:06,364 [63d83604-a330-4908-b13c-fc2b29e0e529@group-2155C2CC500D-LeaderElection8] INFO  server.RaftServerConfigKeys (ConfUtils.java:logGet(44)) - raft.server.rpc.sleep.time = 25ms (default)
2020-05-07 23:59:06,364 [63d83604-a330-4908-b13c-fc2b29e0e529@group-2155C2CC500D-LeaderElection8] INFO  metrics.RatisMetrics (RatisMetrics.java:lambda$create$0(39)) - Creating Metrics Registry : ratis.log_appender.63d83604-a330-4908-b13c-fc2b29e0e529@group-2155C2CC500D
2020-05-07 23:59:06,365 [63d83604-a330-4908-b13c-fc2b29e0e529@group-2155C2CC500D-LeaderElection8] INFO  server.RaftServerConfigKeys (ConfUtils.java:logGet(44)) - raft.server.write.element-limit = 1024 (custom)
2020-05-07 23:59:06,366 [63d83604-a330-4908-b13c-fc2b29e0e529@group-2155C2CC500D-LeaderElection8] INFO  server.RaftServerConfigKeys (ConfUtils.java:logGet(44)) - raft.server.write.byte-limit = 1073741824 (custom)
2020-05-07 23:59:06,367 [63d83604-a330-4908-b13c-fc2b29e0e529@group-2155C2CC500D-LeaderElection8] INFO  server.RaftServerConfigKeys (ConfUtils.java:logGet(44)) - raft.server.watch.timeout = 180s (custom)
2020-05-07 23:59:06,367 [63d83604-a330-4908-b13c-fc2b29e0e529@group-2155C2CC500D-LeaderElection8] INFO  server.RaftServerConfigKeys (ConfUtils.java:logGet(44)) - raft.server.watch.timeout.denomination = 1s (default)
2020-05-07 23:59:06,366 [63d83604-a330-4908-b13c-fc2b29e0e529@group-E25A3C0C8742-SegmentedRaftLogWorker] INFO  segmented.SegmentedRaftLogWorker (SegmentedRaftLogWorker.java:execute(583)) - 63d83604-a330-4908-b13c-fc2b29e0e529@group-E25A3C0C8742-SegmentedRaftLogWorker: created new log segment /github/workspace/mnt/ozone/hadoop-ozone/integration-test/target/test-dir/MiniOzoneClusterImpl-7a3f37b7-1fff-4b4f-8d6d-79fb5d4a5c2b/datanode-1/data/ratis/2b8775e4-eea8-4120-8a0c-e25a3c0c8742/current/log_inprogress_0
2020-05-07 23:59:06,369 [grpc-default-executor-0] INFO  ratis.XceiverServerRatis (XceiverServerRatis.java:handleLeaderChangedNotification(762)) - Leader change notification received for group: group-E25A3C0C8742 with new leaderId: 63d83604-a330-4908-b13c-fc2b29e0e529
2020-05-07 23:59:06,369 [grpc-default-executor-0] INFO  impl.RaftServerImpl (ServerState.java:setLeader(255)) - 15f77a3f-6b32-4023-ae51-d7d64abf6bf6@group-E25A3C0C8742: change Leader from null to 63d83604-a330-4908-b13c-fc2b29e0e529 at term 1 for appendEntries, leader elected after 5149ms
2020-05-07 23:59:06,367 [63d83604-a330-4908-b13c-fc2b29e0e529@group-2155C2CC500D-LeaderElection8] INFO  server.RaftServerConfigKeys (ConfUtils.java:logGet(44)) - raft.server.watch.element-limit = 65536 (default)
2020-05-07 23:59:06,370 [63d83604-a330-4908-b13c-fc2b29e0e529@group-2155C2CC500D-LeaderElection8] INFO  impl.RoleInfo (RoleInfo.java:updateAndGet(143)) - 63d83604-a330-4908-b13c-fc2b29e0e529: start LeaderState
2020-05-07 23:59:06,370 [63d83604-a330-4908-b13c-fc2b29e0e529@group-2155C2CC500D-LeaderElection8] INFO  segmented.SegmentedRaftLogWorker (SegmentedRaftLogWorker.java:startLogSegment(391)) - 63d83604-a330-4908-b13c-fc2b29e0e529@group-2155C2CC500D-SegmentedRaftLogWorker: Starting segment from index:0
2020-05-07 23:59:06,373 [grpc-default-executor-1] INFO  ratis.XceiverServerRatis (XceiverServerRatis.java:handleLeaderChangedNotification(762)) - Leader change notification received for group: group-E25A3C0C8742 with new leaderId: 63d83604-a330-4908-b13c-fc2b29e0e529
2020-05-07 23:59:06,373 [grpc-default-executor-1] INFO  impl.RaftServerImpl (ServerState.java:setLeader(255)) - e16632f5-0eba-4fc5-8660-647e7bca2b13@group-E25A3C0C8742: change Leader from null to 63d83604-a330-4908-b13c-fc2b29e0e529 at term 1 for appendEntries, leader elected after 5044ms
2020-05-07 23:59:06,383 [grpc-default-executor-1] INFO  impl.RaftServerImpl (ServerState.java:setRaftConf(356)) - 15f77a3f-6b32-4023-ae51-d7d64abf6bf6@group-E25A3C0C8742: set configuration 0: [15f77a3f-6b32-4023-ae51-d7d64abf6bf6:172.17.0.2:41177, e16632f5-0eba-4fc5-8660-647e7bca2b13:172.17.0.2:45197, 63d83604-a330-4908-b13c-fc2b29e0e529:172.17.0.2:37083], old=null at 0
2020-05-07 23:59:06,383 [grpc-default-executor-1] INFO  segmented.SegmentedRaftLogWorker (SegmentedRaftLogWorker.java:startLogSegment(391)) - 15f77a3f-6b32-4023-ae51-d7d64abf6bf6@group-E25A3C0C8742-SegmentedRaftLogWorker: Starting segment from index:0
2020-05-07 23:59:06,385 [15f77a3f-6b32-4023-ae51-d7d64abf6bf6@group-E25A3C0C8742-SegmentedRaftLogWorker] INFO  segmented.SegmentedRaftLogWorker (SegmentedRaftLogWorker.java:execute(583)) - 15f77a3f-6b32-4023-ae51-d7d64abf6bf6@group-E25A3C0C8742-SegmentedRaftLogWorker: created new log segment /github/workspace/mnt/ozone/hadoop-ozone/integration-test/target/test-dir/MiniOzoneClusterImpl-7a3f37b7-1fff-4b4f-8d6d-79fb5d4a5c2b/datanode-0/data/ratis/2b8775e4-eea8-4120-8a0c-e25a3c0c8742/current/log_inprogress_0
2020-05-07 23:59:06,386 [grpc-default-executor-1] INFO  impl.RaftServerImpl (ServerState.java:setRaftConf(356)) - e16632f5-0eba-4fc5-8660-647e7bca2b13@group-E25A3C0C8742: set configuration 0: [15f77a3f-6b32-4023-ae51-d7d64abf6bf6:172.17.0.2:41177, e16632f5-0eba-4fc5-8660-647e7bca2b13:172.17.0.2:45197, 63d83604-a330-4908-b13c-fc2b29e0e529:172.17.0.2:37083], old=null at 0
2020-05-07 23:59:06,387 [grpc-default-executor-1] INFO  segmented.SegmentedRaftLogWorker (SegmentedRaftLogWorker.java:startLogSegment(391)) - e16632f5-0eba-4fc5-8660-647e7bca2b13@group-E25A3C0C8742-SegmentedRaftLogWorker: Starting segment from index:0
2020-05-07 23:59:06,387 [63d83604-a330-4908-b13c-fc2b29e0e529@group-2155C2CC500D-SegmentedRaftLogWorker] INFO  segmented.SegmentedRaftLogWorker (SegmentedRaftLogWorker.java:execute(583)) - 63d83604-a330-4908-b13c-fc2b29e0e529@group-2155C2CC500D-SegmentedRaftLogWorker: created new log segment /github/workspace/mnt/ozone/hadoop-ozone/integration-test/target/test-dir/MiniOzoneClusterImpl-7a3f37b7-1fff-4b4f-8d6d-79fb5d4a5c2b/datanode-1/data/ratis/53c1810a-2834-4355-9c97-2155c2cc500d/current/log_inprogress_0
2020-05-07 23:59:06,394 [63d83604-a330-4908-b13c-fc2b29e0e529@group-2155C2CC500D-LeaderElection8] INFO  impl.RaftServerImpl (ServerState.java:setRaftConf(356)) - 63d83604-a330-4908-b13c-fc2b29e0e529@group-2155C2CC500D: set configuration 0: [63d83604-a330-4908-b13c-fc2b29e0e529:172.17.0.2:37083], old=null at 0
2020-05-07 23:59:06,397 [e16632f5-0eba-4fc5-8660-647e7bca2b13@group-E25A3C0C8742-SegmentedRaftLogWorker] INFO  segmented.SegmentedRaftLogWorker (SegmentedRaftLogWorker.java:execute(583)) - e16632f5-0eba-4fc5-8660-647e7bca2b13@group-E25A3C0C8742-SegmentedRaftLogWorker: created new log segment /github/workspace/mnt/ozone/hadoop-ozone/integration-test/target/test-dir/MiniOzoneClusterImpl-7a3f37b7-1fff-4b4f-8d6d-79fb5d4a5c2b/datanode-2/data/ratis/2b8775e4-eea8-4120-8a0c-e25a3c0c8742/current/log_inprogress_0
2020-05-07 23:59:06,533 [Thread-559] INFO  impl.FollowerState (FollowerState.java:run(108)) - e16632f5-0eba-4fc5-8660-647e7bca2b13@group-8FF983C2C6A3-FollowerState: change to CANDIDATE, lastRpcTime:5170ms, electionTimeout:5170ms
2020-05-07 23:59:06,533 [Thread-559] INFO  impl.RoleInfo (RoleInfo.java:shutdownFollowerState(121)) - e16632f5-0eba-4fc5-8660-647e7bca2b13: shutdown FollowerState
2020-05-07 23:59:06,533 [Thread-559] INFO  impl.RaftServerImpl (RaftServerImpl.java:setRole(173)) - e16632f5-0eba-4fc5-8660-647e7bca2b13@group-8FF983C2C6A3: changes role from  FOLLOWER to CANDIDATE at term 0 for changeToCandidate
2020-05-07 23:59:06,533 [Thread-559] INFO  impl.RoleInfo (RoleInfo.java:updateAndGet(143)) - e16632f5-0eba-4fc5-8660-647e7bca2b13: start LeaderElection
2020-05-07 23:59:06,536 [e16632f5-0eba-4fc5-8660-647e7bca2b13@group-8FF983C2C6A3-LeaderElection9] INFO  impl.LeaderElection (LeaderElection.java:askForVotes(206)) - e16632f5-0eba-4fc5-8660-647e7bca2b13@group-8FF983C2C6A3-LeaderElection9: begin an election at term 1 for -1: [e16632f5-0eba-4fc5-8660-647e7bca2b13:172.17.0.2:45197], old=null
2020-05-07 23:59:06,536 [e16632f5-0eba-4fc5-8660-647e7bca2b13@group-8FF983C2C6A3-LeaderElection9] INFO  impl.RoleInfo (RoleInfo.java:shutdownLeaderElection(134)) - e16632f5-0eba-4fc5-8660-647e7bca2b13: shutdown LeaderElection
2020-05-07 23:59:06,536 [e16632f5-0eba-4fc5-8660-647e7bca2b13@group-8FF983C2C6A3-LeaderElection9] INFO  impl.RaftServerImpl (RaftServerImpl.java:setRole(173)) - e16632f5-0eba-4fc5-8660-647e7bca2b13@group-8FF983C2C6A3: changes role from CANDIDATE to LEADER at term 1 for changeToLeader
2020-05-07 23:59:06,536 [e16632f5-0eba-4fc5-8660-647e7bca2b13@group-8FF983C2C6A3-LeaderElection9] INFO  ratis.XceiverServerRatis (XceiverServerRatis.java:handleLeaderChangedNotification(762)) - Leader change notification received for group: group-8FF983C2C6A3 with new leaderId: e16632f5-0eba-4fc5-8660-647e7bca2b13
2020-05-07 23:59:06,536 [e16632f5-0eba-4fc5-8660-647e7bca2b13@group-8FF983C2C6A3-LeaderElection9] INFO  impl.RaftServerImpl (ServerState.java:setLeader(255)) - e16632f5-0eba-4fc5-8660-647e7bca2b13@group-8FF983C2C6A3: change Leader from null to e16632f5-0eba-4fc5-8660-647e7bca2b13 at term 1 for becomeLeader, leader elected after 5180ms
2020-05-07 23:59:06,537 [e16632f5-0eba-4fc5-8660-647e7bca2b13@group-8FF983C2C6A3-LeaderElection9] INFO  server.RaftServerConfigKeys (ConfUtils.java:logGet(44)) - raft.server.staging.catchup.gap = 1000 (default)
2020-05-07 23:59:06,537 [e16632f5-0eba-4fc5-8660-647e7bca2b13@group-8FF983C2C6A3-LeaderElection9] INFO  server.RaftServerConfigKeys (ConfUtils.java:logGet(44)) - raft.server.rpc.sleep.time = 25ms (default)
2020-05-07 23:59:06,538 [e16632f5-0eba-4fc5-8660-647e7bca2b13@group-8FF983C2C6A3-LeaderElection9] INFO  metrics.RatisMetrics (RatisMetrics.java:lambda$create$0(39)) - Creating Metrics Registry : ratis.log_appender.e16632f5-0eba-4fc5-8660-647e7bca2b13@group-8FF983C2C6A3
2020-05-07 23:59:06,538 [e16632f5-0eba-4fc5-8660-647e7bca2b13@group-8FF983C2C6A3-LeaderElection9] INFO  server.RaftServerConfigKeys (ConfUtils.java:logGet(44)) - raft.server.write.element-limit = 1024 (custom)
2020-05-07 23:59:06,538 [e16632f5-0eba-4fc5-8660-647e7bca2b13@group-8FF983C2C6A3-LeaderElection9] INFO  server.RaftServerConfigKeys (ConfUtils.java:logGet(44)) - raft.server.write.byte-limit = 1073741824 (custom)
2020-05-07 23:59:06,539 [e16632f5-0eba-4fc5-8660-647e7bca2b13@group-8FF983C2C6A3-LeaderElection9] INFO  server.RaftServerConfigKeys (ConfUtils.java:logGet(44)) - raft.server.watch.timeout = 180s (custom)
2020-05-07 23:59:06,539 [e16632f5-0eba-4fc5-8660-647e7bca2b13@group-8FF983C2C6A3-LeaderElection9] INFO  server.RaftServerConfigKeys (ConfUtils.java:logGet(44)) - raft.server.watch.timeout.denomination = 1s (default)
2020-05-07 23:59:06,539 [e16632f5-0eba-4fc5-8660-647e7bca2b13@group-8FF983C2C6A3-LeaderElection9] INFO  server.RaftServerConfigKeys (ConfUtils.java:logGet(44)) - raft.server.watch.element-limit = 65536 (default)
2020-05-07 23:59:06,539 [e16632f5-0eba-4fc5-8660-647e7bca2b13@group-8FF983C2C6A3-LeaderElection9] INFO  impl.RoleInfo (RoleInfo.java:updateAndGet(143)) - e16632f5-0eba-4fc5-8660-647e7bca2b13: start LeaderState
2020-05-07 23:59:06,539 [e16632f5-0eba-4fc5-8660-647e7bca2b13@group-8FF983C2C6A3-LeaderElection9] INFO  segmented.SegmentedRaftLogWorker (SegmentedRaftLogWorker.java:startLogSegment(391)) - e16632f5-0eba-4fc5-8660-647e7bca2b13@group-8FF983C2C6A3-SegmentedRaftLogWorker: Starting segment from index:0
2020-05-07 23:59:06,540 [e16632f5-0eba-4fc5-8660-647e7bca2b13@group-8FF983C2C6A3-SegmentedRaftLogWorker] INFO  segmented.SegmentedRaftLogWorker (SegmentedRaftLogWorker.java:execute(583)) - e16632f5-0eba-4fc5-8660-647e7bca2b13@group-8FF983C2C6A3-SegmentedRaftLogWorker: created new log segment /github/workspace/mnt/ozone/hadoop-ozone/integration-test/target/test-dir/MiniOzoneClusterImpl-7a3f37b7-1fff-4b4f-8d6d-79fb5d4a5c2b/datanode-2/data/ratis/b6cf97ef-3629-45d7-a18f-8ff983c2c6a3/current/log_inprogress_0
2020-05-07 23:59:06,541 [e16632f5-0eba-4fc5-8660-647e7bca2b13@group-8FF983C2C6A3-LeaderElection9] INFO  impl.RaftServerImpl (ServerState.java:setRaftConf(356)) - e16632f5-0eba-4fc5-8660-647e7bca2b13@group-8FF983C2C6A3: set configuration 0: [e16632f5-0eba-4fc5-8660-647e7bca2b13:172.17.0.2:45197], old=null at 0
2020-05-07 23:59:07,355 [Thread-374] INFO  ozone.MiniOzoneClusterImpl (MiniOzoneClusterImpl.java:lambda$waitForClusterToBeReady$0(177)) - Nodes are ready. Got 3 of 3 DN Heartbeats.
2020-05-07 23:59:07,355 [Thread-374] INFO  ozone.MiniOzoneClusterImpl (MiniOzoneClusterImpl.java:lambda$waitForClusterToBeReady$0(180)) - Waiting for cluster to exit safe mode
2020-05-07 23:59:08,356 [Thread-374] INFO  ozone.MiniOzoneClusterImpl (MiniOzoneClusterImpl.java:lambda$waitForClusterToBeReady$0(177)) - Nodes are ready. Got 3 of 3 DN Heartbeats.
2020-05-07 23:59:08,356 [Thread-374] INFO  ozone.MiniOzoneClusterImpl (MiniOzoneClusterImpl.java:lambda$waitForClusterToBeReady$0(180)) - Waiting for cluster to exit safe mode
2020-05-07 23:59:09,356 [Thread-374] INFO  ozone.MiniOzoneClusterImpl (MiniOzoneClusterImpl.java:lambda$waitForClusterToBeReady$0(177)) - Nodes are ready. Got 3 of 3 DN Heartbeats.
2020-05-07 23:59:09,356 [Thread-374] INFO  ozone.MiniOzoneClusterImpl (MiniOzoneClusterImpl.java:lambda$waitForClusterToBeReady$0(180)) - Waiting for cluster to exit safe mode
2020-05-07 23:59:10,356 [Thread-374] INFO  ozone.MiniOzoneClusterImpl (MiniOzoneClusterImpl.java:lambda$waitForClusterToBeReady$0(177)) - Nodes are ready. Got 3 of 3 DN Heartbeats.
2020-05-07 23:59:10,357 [Thread-374] INFO  ozone.MiniOzoneClusterImpl (MiniOzoneClusterImpl.java:lambda$waitForClusterToBeReady$0(180)) - Waiting for cluster to exit safe mode
2020-05-07 23:59:11,357 [Thread-374] INFO  ozone.MiniOzoneClusterImpl (MiniOzoneClusterImpl.java:lambda$waitForClusterToBeReady$0(177)) - Nodes are ready. Got 3 of 3 DN Heartbeats.
2020-05-07 23:59:11,357 [Thread-374] INFO  ozone.MiniOzoneClusterImpl (MiniOzoneClusterImpl.java:lambda$waitForClusterToBeReady$0(180)) - Waiting for cluster to exit safe mode
2020-05-07 23:59:12,357 [Thread-374] INFO  ozone.MiniOzoneClusterImpl (MiniOzoneClusterImpl.java:lambda$waitForClusterToBeReady$0(177)) - Nodes are ready. Got 3 of 3 DN Heartbeats.
2020-05-07 23:59:12,358 [Thread-374] INFO  ozone.MiniOzoneClusterImpl (MiniOzoneClusterImpl.java:lambda$waitForClusterToBeReady$0(180)) - Waiting for cluster to exit safe mode
2020-05-07 23:59:13,358 [Thread-374] INFO  ozone.MiniOzoneClusterImpl (MiniOzoneClusterImpl.java:lambda$waitForClusterToBeReady$0(177)) - Nodes are ready. Got 3 of 3 DN Heartbeats.
2020-05-07 23:59:13,358 [Thread-374] INFO  ozone.MiniOzoneClusterImpl (MiniOzoneClusterImpl.java:lambda$waitForClusterToBeReady$0(180)) - Waiting for cluster to exit safe mode
2020-05-07 23:59:14,358 [Thread-374] INFO  ozone.MiniOzoneClusterImpl (MiniOzoneClusterImpl.java:lambda$waitForClusterToBeReady$0(177)) - Nodes are ready. Got 3 of 3 DN Heartbeats.
2020-05-07 23:59:14,358 [Thread-374] INFO  ozone.MiniOzoneClusterImpl (MiniOzoneClusterImpl.java:lambda$waitForClusterToBeReady$0(180)) - Waiting for cluster to exit safe mode
2020-05-07 23:59:15,359 [Thread-374] INFO  ozone.MiniOzoneClusterImpl (MiniOzoneClusterImpl.java:lambda$waitForClusterToBeReady$0(177)) - Nodes are ready. Got 3 of 3 DN Heartbeats.
2020-05-07 23:59:15,359 [Thread-374] INFO  ozone.MiniOzoneClusterImpl (MiniOzoneClusterImpl.java:lambda$waitForClusterToBeReady$0(180)) - Waiting for cluster to exit safe mode
2020-05-07 23:59:16,359 [Thread-374] INFO  ozone.MiniOzoneClusterImpl (MiniOzoneClusterImpl.java:lambda$waitForClusterToBeReady$0(177)) - Nodes are ready. Got 3 of 3 DN Heartbeats.
2020-05-07 23:59:16,359 [Thread-374] INFO  ozone.MiniOzoneClusterImpl (MiniOzoneClusterImpl.java:lambda$waitForClusterToBeReady$0(180)) - Waiting for cluster to exit safe mode
2020-05-07 23:59:17,359 [Thread-374] INFO  ozone.MiniOzoneClusterImpl (MiniOzoneClusterImpl.java:lambda$waitForClusterToBeReady$0(177)) - Nodes are ready. Got 3 of 3 DN Heartbeats.
2020-05-07 23:59:17,360 [Thread-374] INFO  ozone.MiniOzoneClusterImpl (MiniOzoneClusterImpl.java:lambda$waitForClusterToBeReady$0(180)) - Waiting for cluster to exit safe mode
2020-05-07 23:59:18,360 [Thread-374] INFO  ozone.MiniOzoneClusterImpl (MiniOzoneClusterImpl.java:lambda$waitForClusterToBeReady$0(177)) - Nodes are ready. Got 3 of 3 DN Heartbeats.
2020-05-07 23:59:18,360 [Thread-374] INFO  ozone.MiniOzoneClusterImpl (MiniOzoneClusterImpl.java:lambda$waitForClusterToBeReady$0(180)) - Waiting for cluster to exit safe mode
2020-05-07 23:59:19,360 [Thread-374] INFO  ozone.MiniOzoneClusterImpl (MiniOzoneClusterImpl.java:lambda$waitForClusterToBeReady$0(177)) - Nodes are ready. Got 3 of 3 DN Heartbeats.
2020-05-07 23:59:19,360 [Thread-374] INFO  ozone.MiniOzoneClusterImpl (MiniOzoneClusterImpl.java:lambda$waitForClusterToBeReady$0(180)) - Waiting for cluster to exit safe mode
2020-05-07 23:59:20,361 [Thread-374] INFO  ozone.MiniOzoneClusterImpl (MiniOzoneClusterImpl.java:lambda$waitForClusterToBeReady$0(177)) - Nodes are ready. Got 3 of 3 DN Heartbeats.
2020-05-07 23:59:20,361 [Thread-374] INFO  ozone.MiniOzoneClusterImpl (MiniOzoneClusterImpl.java:lambda$waitForClusterToBeReady$0(180)) - Waiting for cluster to exit safe mode
2020-05-07 23:59:21,361 [Thread-374] INFO  ozone.MiniOzoneClusterImpl (MiniOzoneClusterImpl.java:lambda$waitForClusterToBeReady$0(177)) - Nodes are ready. Got 3 of 3 DN Heartbeats.
2020-05-07 23:59:21,361 [Thread-374] INFO  ozone.MiniOzoneClusterImpl (MiniOzoneClusterImpl.java:lambda$waitForClusterToBeReady$0(180)) - Waiting for cluster to exit safe mode
2020-05-07 23:59:22,362 [Thread-374] INFO  ozone.MiniOzoneClusterImpl (MiniOzoneClusterImpl.java:lambda$waitForClusterToBeReady$0(177)) - Nodes are ready. Got 3 of 3 DN Heartbeats.
2020-05-07 23:59:22,362 [Thread-374] INFO  ozone.MiniOzoneClusterImpl (MiniOzoneClusterImpl.java:lambda$waitForClusterToBeReady$0(180)) - Waiting for cluster to exit safe mode
2020-05-07 23:59:23,362 [Thread-374] INFO  ozone.MiniOzoneClusterImpl (MiniOzoneClusterImpl.java:lambda$waitForClusterToBeReady$0(177)) - Nodes are ready. Got 3 of 3 DN Heartbeats.
2020-05-07 23:59:23,362 [Thread-374] INFO  ozone.MiniOzoneClusterImpl (MiniOzoneClusterImpl.java:lambda$waitForClusterToBeReady$0(180)) - Waiting for cluster to exit safe mode
2020-05-07 23:59:24,362 [Thread-374] INFO  ozone.MiniOzoneClusterImpl (MiniOzoneClusterImpl.java:lambda$waitForClusterToBeReady$0(177)) - Nodes are ready. Got 3 of 3 DN Heartbeats.
2020-05-07 23:59:24,363 [Thread-374] INFO  ozone.MiniOzoneClusterImpl (MiniOzoneClusterImpl.java:lambda$waitForClusterToBeReady$0(180)) - Waiting for cluster to exit safe mode
2020-05-07 23:59:25,363 [Thread-374] INFO  ozone.MiniOzoneClusterImpl (MiniOzoneClusterImpl.java:lambda$waitForClusterToBeReady$0(177)) - Nodes are ready. Got 3 of 3 DN Heartbeats.
2020-05-07 23:59:25,363 [Thread-374] INFO  ozone.MiniOzoneClusterImpl (MiniOzoneClusterImpl.java:lambda$waitForClusterToBeReady$0(180)) - Waiting for cluster to exit safe mode
2020-05-07 23:59:26,363 [Thread-374] INFO  ozone.MiniOzoneClusterImpl (MiniOzoneClusterImpl.java:lambda$waitForClusterToBeReady$0(177)) - Nodes are ready. Got 3 of 3 DN Heartbeats.
2020-05-07 23:59:26,363 [Thread-374] INFO  ozone.MiniOzoneClusterImpl (MiniOzoneClusterImpl.java:lambda$waitForClusterToBeReady$0(180)) - Waiting for cluster to exit safe mode
2020-05-07 23:59:27,364 [Thread-374] INFO  ozone.MiniOzoneClusterImpl (MiniOzoneClusterImpl.java:lambda$waitForClusterToBeReady$0(177)) - Nodes are ready. Got 3 of 3 DN Heartbeats.
2020-05-07 23:59:27,364 [Thread-374] INFO  ozone.MiniOzoneClusterImpl (MiniOzoneClusterImpl.java:lambda$waitForClusterToBeReady$0(180)) - Waiting for cluster to exit safe mode
2020-05-07 23:59:28,364 [Thread-374] INFO  ozone.MiniOzoneClusterImpl (MiniOzoneClusterImpl.java:lambda$waitForClusterToBeReady$0(177)) - Nodes are ready. Got 3 of 3 DN Heartbeats.
2020-05-07 23:59:28,364 [Thread-374] INFO  ozone.MiniOzoneClusterImpl (MiniOzoneClusterImpl.java:lambda$waitForClusterToBeReady$0(180)) - Waiting for cluster to exit safe mode
2020-05-07 23:59:29,364 [Thread-374] INFO  ozone.MiniOzoneClusterImpl (MiniOzoneClusterImpl.java:lambda$waitForClusterToBeReady$0(177)) - Nodes are ready. Got 3 of 3 DN Heartbeats.
2020-05-07 23:59:29,365 [Thread-374] INFO  ozone.MiniOzoneClusterImpl (MiniOzoneClusterImpl.java:lambda$waitForClusterToBeReady$0(180)) - Waiting for cluster to exit safe mode
2020-05-07 23:59:30,365 [Thread-374] INFO  ozone.MiniOzoneClusterImpl (MiniOzoneClusterImpl.java:lambda$waitForClusterToBeReady$0(177)) - Nodes are ready. Got 3 of 3 DN Heartbeats.
2020-05-07 23:59:30,365 [Thread-374] INFO  ozone.MiniOzoneClusterImpl (MiniOzoneClusterImpl.java:lambda$waitForClusterToBeReady$0(180)) - Waiting for cluster to exit safe mode
2020-05-07 23:59:31,365 [Thread-374] INFO  ozone.MiniOzoneClusterImpl (MiniOzoneClusterImpl.java:lambda$waitForClusterToBeReady$0(177)) - Nodes are ready. Got 3 of 3 DN Heartbeats.
2020-05-07 23:59:31,365 [Thread-374] INFO  ozone.MiniOzoneClusterImpl (MiniOzoneClusterImpl.java:lambda$waitForClusterToBeReady$0(180)) - Waiting for cluster to exit safe mode
2020-05-07 23:59:32,366 [Thread-374] INFO  ozone.MiniOzoneClusterImpl (MiniOzoneClusterImpl.java:lambda$waitForClusterToBeReady$0(177)) - Nodes are ready. Got 3 of 3 DN Heartbeats.
2020-05-07 23:59:32,366 [Thread-374] INFO  ozone.MiniOzoneClusterImpl (MiniOzoneClusterImpl.java:lambda$waitForClusterToBeReady$0(180)) - Waiting for cluster to exit safe mode
2020-05-07 23:59:33,366 [Thread-374] INFO  ozone.MiniOzoneClusterImpl (MiniOzoneClusterImpl.java:lambda$waitForClusterToBeReady$0(177)) - Nodes are ready. Got 3 of 3 DN Heartbeats.
2020-05-07 23:59:33,366 [Thread-374] INFO  ozone.MiniOzoneClusterImpl (MiniOzoneClusterImpl.java:lambda$waitForClusterToBeReady$0(180)) - Waiting for cluster to exit safe mode
2020-05-07 23:59:34,366 [Thread-374] INFO  ozone.MiniOzoneClusterImpl (MiniOzoneClusterImpl.java:lambda$waitForClusterToBeReady$0(177)) - Nodes are ready. Got 3 of 3 DN Heartbeats.
2020-05-07 23:59:34,367 [Thread-374] INFO  ozone.MiniOzoneClusterImpl (MiniOzoneClusterImpl.java:lambda$waitForClusterToBeReady$0(180)) - Waiting for cluster to exit safe mode
2020-05-07 23:59:35,367 [Thread-374] INFO  ozone.MiniOzoneClusterImpl (MiniOzoneClusterImpl.java:lambda$waitForClusterToBeReady$0(177)) - Nodes are ready. Got 3 of 3 DN Heartbeats.
2020-05-07 23:59:35,367 [Thread-374] INFO  ozone.MiniOzoneClusterImpl (MiniOzoneClusterImpl.java:lambda$waitForClusterToBeReady$0(180)) - Waiting for cluster to exit safe mode
2020-05-07 23:59:36,367 [Thread-374] INFO  ozone.MiniOzoneClusterImpl (MiniOzoneClusterImpl.java:lambda$waitForClusterToBeReady$0(177)) - Nodes are ready. Got 3 of 3 DN Heartbeats.
2020-05-07 23:59:36,367 [Thread-374] INFO  ozone.MiniOzoneClusterImpl (MiniOzoneClusterImpl.java:lambda$waitForClusterToBeReady$0(180)) - Waiting for cluster to exit safe mode
2020-05-07 23:59:37,368 [Thread-374] INFO  ozone.MiniOzoneClusterImpl (MiniOzoneClusterImpl.java:lambda$waitForClusterToBeReady$0(177)) - Nodes are ready. Got 3 of 3 DN Heartbeats.
2020-05-07 23:59:37,368 [Thread-374] INFO  ozone.MiniOzoneClusterImpl (MiniOzoneClusterImpl.java:lambda$waitForClusterToBeReady$0(180)) - Waiting for cluster to exit safe mode
2020-05-07 23:59:38,368 [Thread-374] INFO  ozone.MiniOzoneClusterImpl (MiniOzoneClusterImpl.java:lambda$waitForClusterToBeReady$0(177)) - Nodes are ready. Got 3 of 3 DN Heartbeats.
2020-05-07 23:59:38,368 [Thread-374] INFO  ozone.MiniOzoneClusterImpl (MiniOzoneClusterImpl.java:lambda$waitForClusterToBeReady$0(180)) - Waiting for cluster to exit safe mode
2020-05-07 23:59:39,368 [Thread-374] INFO  ozone.MiniOzoneClusterImpl (MiniOzoneClusterImpl.java:lambda$waitForClusterToBeReady$0(177)) - Nodes are ready. Got 3 of 3 DN Heartbeats.
2020-05-07 23:59:39,369 [Thread-374] INFO  ozone.MiniOzoneClusterImpl (MiniOzoneClusterImpl.java:lambda$waitForClusterToBeReady$0(180)) - Waiting for cluster to exit safe mode
2020-05-07 23:59:40,369 [Thread-374] INFO  ozone.MiniOzoneClusterImpl (MiniOzoneClusterImpl.java:lambda$waitForClusterToBeReady$0(177)) - Nodes are ready. Got 3 of 3 DN Heartbeats.
2020-05-07 23:59:40,369 [Thread-374] INFO  ozone.MiniOzoneClusterImpl (MiniOzoneClusterImpl.java:lambda$waitForClusterToBeReady$0(180)) - Waiting for cluster to exit safe mode
2020-05-07 23:59:41,369 [Thread-374] INFO  ozone.MiniOzoneClusterImpl (MiniOzoneClusterImpl.java:lambda$waitForClusterToBeReady$0(177)) - Nodes are ready. Got 3 of 3 DN Heartbeats.
2020-05-07 23:59:41,369 [Thread-374] INFO  ozone.MiniOzoneClusterImpl (MiniOzoneClusterImpl.java:lambda$waitForClusterToBeReady$0(180)) - Waiting for cluster to exit safe mode
2020-05-07 23:59:42,370 [Thread-374] INFO  ozone.MiniOzoneClusterImpl (MiniOzoneClusterImpl.java:lambda$waitForClusterToBeReady$0(177)) - Nodes are ready. Got 3 of 3 DN Heartbeats.
2020-05-07 23:59:42,370 [Thread-374] INFO  ozone.MiniOzoneClusterImpl (MiniOzoneClusterImpl.java:lambda$waitForClusterToBeReady$0(180)) - Waiting for cluster to exit safe mode
2020-05-07 23:59:43,370 [Thread-374] INFO  ozone.MiniOzoneClusterImpl (MiniOzoneClusterImpl.java:lambda$waitForClusterToBeReady$0(177)) - Nodes are ready. Got 3 of 3 DN Heartbeats.
2020-05-07 23:59:43,370 [Thread-374] INFO  ozone.MiniOzoneClusterImpl (MiniOzoneClusterImpl.java:lambda$waitForClusterToBeReady$0(180)) - Waiting for cluster to exit safe mode
2020-05-07 23:59:44,371 [Thread-374] INFO  ozone.MiniOzoneClusterImpl (MiniOzoneClusterImpl.java:lambda$waitForClusterToBeReady$0(177)) - Nodes are ready. Got 3 of 3 DN Heartbeats.
2020-05-07 23:59:44,371 [Thread-374] INFO  ozone.MiniOzoneClusterImpl (MiniOzoneClusterImpl.java:lambda$waitForClusterToBeReady$0(180)) - Waiting for cluster to exit safe mode
2020-05-07 23:59:45,371 [Thread-374] INFO  ozone.MiniOzoneClusterImpl (MiniOzoneClusterImpl.java:lambda$waitForClusterToBeReady$0(177)) - Nodes are ready. Got 3 of 3 DN Heartbeats.
2020-05-07 23:59:45,371 [Thread-374] INFO  ozone.MiniOzoneClusterImpl (MiniOzoneClusterImpl.java:lambda$waitForClusterToBeReady$0(180)) - Waiting for cluster to exit safe mode
2020-05-07 23:59:46,371 [Thread-374] INFO  ozone.MiniOzoneClusterImpl (MiniOzoneClusterImpl.java:lambda$waitForClusterToBeReady$0(177)) - Nodes are ready. Got 3 of 3 DN Heartbeats.
2020-05-07 23:59:46,372 [Thread-374] INFO  ozone.MiniOzoneClusterImpl (MiniOzoneClusterImpl.java:lambda$waitForClusterToBeReady$0(180)) - Waiting for cluster to exit safe mode
2020-05-07 23:59:47,372 [Thread-374] INFO  ozone.MiniOzoneClusterImpl (MiniOzoneClusterImpl.java:lambda$waitForClusterToBeReady$0(177)) - Nodes are ready. Got 3 of 3 DN Heartbeats.
2020-05-07 23:59:47,372 [Thread-374] INFO  ozone.MiniOzoneClusterImpl (MiniOzoneClusterImpl.java:lambda$waitForClusterToBeReady$0(180)) - Waiting for cluster to exit safe mode
2020-05-07 23:59:48,372 [Thread-374] INFO  ozone.MiniOzoneClusterImpl (MiniOzoneClusterImpl.java:lambda$waitForClusterToBeReady$0(177)) - Nodes are ready. Got 3 of 3 DN Heartbeats.
2020-05-07 23:59:48,373 [Thread-374] INFO  ozone.MiniOzoneClusterImpl (MiniOzoneClusterImpl.java:lambda$waitForClusterToBeReady$0(180)) - Waiting for cluster to exit safe mode
2020-05-07 23:59:49,373 [Thread-374] INFO  ozone.MiniOzoneClusterImpl (MiniOzoneClusterImpl.java:lambda$waitForClusterToBeReady$0(177)) - Nodes are ready. Got 3 of 3 DN Heartbeats.
2020-05-07 23:59:49,373 [Thread-374] INFO  ozone.MiniOzoneClusterImpl (MiniOzoneClusterImpl.java:lambda$waitForClusterToBeReady$0(180)) - Waiting for cluster to exit safe mode
2020-05-07 23:59:50,373 [Thread-374] INFO  ozone.MiniOzoneClusterImpl (MiniOzoneClusterImpl.java:lambda$waitForClusterToBeReady$0(177)) - Nodes are ready. Got 3 of 3 DN Heartbeats.
2020-05-07 23:59:50,373 [Thread-374] INFO  ozone.MiniOzoneClusterImpl (MiniOzoneClusterImpl.java:lambda$waitForClusterToBeReady$0(180)) - Waiting for cluster to exit safe mode
2020-05-07 23:59:51,374 [Thread-374] INFO  ozone.MiniOzoneClusterImpl (MiniOzoneClusterImpl.java:lambda$waitForClusterToBeReady$0(177)) - Nodes are ready. Got 3 of 3 DN Heartbeats.
2020-05-07 23:59:51,374 [Thread-374] INFO  ozone.MiniOzoneClusterImpl (MiniOzoneClusterImpl.java:lambda$waitForClusterToBeReady$0(180)) - Waiting for cluster to exit safe mode
2020-05-07 23:59:52,374 [Thread-374] INFO  ozone.MiniOzoneClusterImpl (MiniOzoneClusterImpl.java:lambda$waitForClusterToBeReady$0(177)) - Nodes are ready. Got 3 of 3 DN Heartbeats.
2020-05-07 23:59:52,374 [Thread-374] INFO  ozone.MiniOzoneClusterImpl (MiniOzoneClusterImpl.java:lambda$waitForClusterToBeReady$0(180)) - Waiting for cluster to exit safe mode
2020-05-07 23:59:53,375 [Thread-374] INFO  ozone.MiniOzoneClusterImpl (MiniOzoneClusterImpl.java:lambda$waitForClusterToBeReady$0(177)) - Nodes are ready. Got 3 of 3 DN Heartbeats.
2020-05-07 23:59:53,375 [Thread-374] INFO  ozone.MiniOzoneClusterImpl (MiniOzoneClusterImpl.java:lambda$waitForClusterToBeReady$0(180)) - Waiting for cluster to exit safe mode
2020-05-07 23:59:53,761 [main] INFO  ozone.MiniOzoneClusterImpl (MiniOzoneClusterImpl.java:shutdown(387)) - Shutting down the Mini Ozone Cluster
2020-05-07 23:59:53,761 [main] INFO  ozone.MiniOzoneClusterImpl (MiniOzoneClusterImpl.java:stop(402)) - Stopping the Mini Ozone Cluster
2020-05-07 23:59:53,762 [main] INFO  ozone.MiniOzoneClusterImpl (MiniOzoneClusterImpl.java:stopOM(484)) - Stopping the OzoneManager
2020-05-07 23:59:53,762 [main] INFO  ipc.Server (Server.java:stop(3082)) - Stopping server on 41873
2020-05-07 23:59:53,764 [main] INFO  ratis.OzoneManagerDoubleBuffer (OzoneManagerDoubleBuffer.java:stop(341)) - Stopping OMDoubleBuffer flush thread
2020-05-07 23:59:53,764 [IPC Server Responder] INFO  ipc.Server (Server.java:run(1319)) - Stopping IPC Server Responder
2020-05-07 23:59:53,765 [IPC Server listener on 41873] INFO  ipc.Server (Server.java:run(1185)) - Stopping IPC Server listener on 41873
2020-05-07 23:59:53,765 [OMDoubleBufferFlushThread] INFO  ratis.OzoneManagerDoubleBuffer (OzoneManagerDoubleBuffer.java:flushTransactions(275)) - OMDoubleBuffer flush thread OMDoubleBufferFlushThread is interrupted and will exit. OMDoubleBufferFlushThread
2020-05-07 23:59:53,765 [main] INFO  utils.BackgroundService (BackgroundService.java:shutdown(157)) - Shutting down service KeyDeletingService
2020-05-07 23:59:53,768 [main] INFO  handler.ContextHandler (ContextHandler.java:doStop(1016)) - Stopped o.e.j.w.WebAppContext@3f2ebba2{ozoneManager,/,null,UNAVAILABLE}{file:/github/workspace/mnt/ozone/hadoop-ozone/integration-test/target/test-classes/webapps/ozoneManager}
2020-05-07 23:59:53,770 [main] INFO  server.AbstractConnector (AbstractConnector.java:doStop(380)) - Stopped ServerConnector@497d7881{HTTP/1.1,[http/1.1]}{0.0.0.0:0}
2020-05-07 23:59:53,770 [main] INFO  server.session (HouseKeeper.java:stopScavenging(158)) - node0 Stopped scavenging
2020-05-07 23:59:53,770 [main] INFO  handler.ContextHandler (ContextHandler.java:doStop(1016)) - Stopped o.e.j.s.ServletContextHandler@5c1d1855{static,/static,file:///github/workspace/mnt/ozone/hadoop-ozone/integration-test/target/test-classes/webapps/static,UNAVAILABLE}
2020-05-07 23:59:53,771 [main] INFO  handler.ContextHandler (ContextHandler.java:doStop(1016)) - Stopped o.e.j.s.ServletContextHandler@632aec65{logs,/logs,file:///github/workspace/mnt/ozone/hadoop-ozone/integration-test/target/log,UNAVAILABLE}
2020-05-07 23:59:53,774 [main] INFO  ozone.MiniOzoneClusterImpl (MiniOzoneClusterImpl.java:stopDatanodes(461)) - Stopping the HddsDatanodes
2020-05-07 23:59:54,297 [Datanode State Machine Thread - 0] INFO  statemachine.DatanodeStateMachine (DatanodeStateMachine.java:lambda$startDaemon$0(376)) - Ozone container server started.
2020-05-07 23:59:54,355 [Datanode State Machine Thread - 0] INFO  statemachine.DatanodeStateMachine (DatanodeStateMachine.java:lambda$startDaemon$0(376)) - Ozone container server started.
2020-05-07 23:59:58,775 [main] INFO  ozoneimpl.OzoneContainer (OzoneContainer.java:stop(246)) - Attempting to stop container services.
2020-05-07 23:59:58,776 [ForkJoinPool.commonPool-worker-0] INFO  ozoneimpl.OzoneContainer (OzoneContainer.java:stop(246)) - Attempting to stop container services.
2020-05-07 23:59:58,776 [main] INFO  impl.RaftServerProxy (RaftServerProxy.java:lambda$close$4(314)) - 63d83604-a330-4908-b13c-fc2b29e0e529: close
2020-05-07 23:59:58,776 [ForkJoinPool.commonPool-worker-0] INFO  impl.RaftServerProxy (RaftServerProxy.java:lambda$close$4(314)) - 15f77a3f-6b32-4023-ae51-d7d64abf6bf6: close
2020-05-07 23:59:58,777 [ForkJoinPool.commonPool-worker-0] INFO  impl.RaftServerImpl (RaftServerImpl.java:lambda$shutdown$3(250)) - 15f77a3f-6b32-4023-ae51-d7d64abf6bf6@group-F0C082F9BFDB: shutdown
2020-05-07 23:59:58,777 [ForkJoinPool.commonPool-worker-0] INFO  util.JmxRegister (JmxRegister.java:unregister(73)) - Successfully un-registered JMX Bean with object name Ratis:service=RaftServer,group=group-F0C082F9BFDB,id=15f77a3f-6b32-4023-ae51-d7d64abf6bf6
2020-05-07 23:59:58,777 [ForkJoinPool.commonPool-worker-0] INFO  impl.RoleInfo (RoleInfo.java:shutdownLeaderState(104)) - 15f77a3f-6b32-4023-ae51-d7d64abf6bf6: shutdown LeaderState
2020-05-07 23:59:58,777 [ForkJoinPool.commonPool-worker-0] INFO  impl.PendingRequests (PendingRequests.java:sendNotLeaderResponses(242)) - 15f77a3f-6b32-4023-ae51-d7d64abf6bf6@group-F0C082F9BFDB-PendingRequests: sendNotLeaderResponses
2020-05-07 23:59:58,777 [ForkJoinPool.commonPool-worker-0] INFO  metrics.RatisMetrics (RatisMetrics.java:unregister(46)) - Unregistering Metrics Registry : ratis.log_appender.15f77a3f-6b32-4023-ae51-d7d64abf6bf6@group-F0C082F9BFDB
2020-05-07 23:59:58,778 [ForkJoinPool.commonPool-worker-0] INFO  impl.StateMachineUpdater (StateMachineUpdater.java:stopAndJoin(142)) - 15f77a3f-6b32-4023-ae51-d7d64abf6bf6@group-F0C082F9BFDB-StateMachineUpdater: set stopIndex = 0
2020-05-07 23:59:58,778 [15f77a3f-6b32-4023-ae51-d7d64abf6bf6@group-F0C082F9BFDB-StateMachineUpdater] INFO  ratis.ContainerStateMachine (ContainerStateMachine.java:takeSnapshot(288)) - group-F0C082F9BFDB: Taking a snapshot at:(t:1, i:0) file /github/workspace/mnt/ozone/hadoop-ozone/integration-test/target/test-dir/MiniOzoneClusterImpl-7a3f37b7-1fff-4b4f-8d6d-79fb5d4a5c2b/datanode-0/data/ratis/5a222cbd-8d17-4850-82ea-f0c082f9bfdb/sm/snapshot.1_0
2020-05-07 23:59:58,779 [15f77a3f-6b32-4023-ae51-d7d64abf6bf6@group-F0C082F9BFDB-StateMachineUpdater] INFO  ratis.ContainerStateMachine (ContainerStateMachine.java:takeSnapshot(299)) - group-F0C082F9BFDB: Finished taking a snapshot at:(t:1, i:0) file:/github/workspace/mnt/ozone/hadoop-ozone/integration-test/target/test-dir/MiniOzoneClusterImpl-7a3f37b7-1fff-4b4f-8d6d-79fb5d4a5c2b/datanode-0/data/ratis/5a222cbd-8d17-4850-82ea-f0c082f9bfdb/sm/snapshot.1_0 time:1
2020-05-07 23:59:58,777 [main] INFO  impl.RaftServerImpl (RaftServerImpl.java:lambda$shutdown$3(250)) - 63d83604-a330-4908-b13c-fc2b29e0e529@group-E25A3C0C8742: shutdown
2020-05-07 23:59:58,779 [15f77a3f-6b32-4023-ae51-d7d64abf6bf6@group-F0C082F9BFDB-StateMachineUpdater] INFO  impl.StateMachineUpdater (StateMachineUpdater.java:takeSnapshot(277)) - 15f77a3f-6b32-4023-ae51-d7d64abf6bf6@group-F0C082F9BFDB-StateMachineUpdater: Took a snapshot at index 0
2020-05-07 23:59:58,779 [15f77a3f-6b32-4023-ae51-d7d64abf6bf6@group-F0C082F9BFDB-StateMachineUpdater] INFO  impl.StateMachineUpdater (StateMachineUpdater.java:lambda$new$0(87)) - 15f77a3f-6b32-4023-ae51-d7d64abf6bf6@group-F0C082F9BFDB-StateMachineUpdater: snapshotIndex: updateIncreasingly -1 -> 0
2020-05-07 23:59:58,779 [main] INFO  util.JmxRegister (JmxRegister.java:unregister(73)) - Successfully un-registered JMX Bean with object name Ratis:service=RaftServer,group=group-E25A3C0C8742,id=63d83604-a330-4908-b13c-fc2b29e0e529
2020-05-07 23:59:58,780 [main] INFO  impl.RoleInfo (RoleInfo.java:shutdownLeaderState(104)) - 63d83604-a330-4908-b13c-fc2b29e0e529: shutdown LeaderState
2020-05-07 23:59:58,780 [15f77a3f-6b32-4023-ae51-d7d64abf6bf6@group-F0C082F9BFDB-StateMachineUpdater] INFO  metrics.RatisMetrics (RatisMetrics.java:unregister(46)) - Unregistering Metrics Registry : ratis.state_machine.15f77a3f-6b32-4023-ae51-d7d64abf6bf6@group-F0C082F9BFDB
2020-05-07 23:59:58,780 [org.apache.ratis.server.impl.LogAppender$AppenderDaemon$$Lambda$476/919028675@66ae907d] WARN  server.GrpcLogAppender (GrpcLogAppender.java:mayWait(153)) - 63d83604-a330-4908-b13c-fc2b29e0e529@group-E25A3C0C8742->15f77a3f-6b32-4023-ae51-d7d64abf6bf6-GrpcLogAppender: Wait interrupted by java.lang.InterruptedException
2020-05-07 23:59:58,780 [ForkJoinPool.commonPool-worker-0] INFO  impl.RaftServerImpl (ServerState.java:close(387)) - 15f77a3f-6b32-4023-ae51-d7d64abf6bf6@group-F0C082F9BFDB: closes. applyIndex: 0
2020-05-07 23:59:58,781 [15f77a3f-6b32-4023-ae51-d7d64abf6bf6@group-F0C082F9BFDB-SegmentedRaftLogWorker] INFO  segmented.SegmentedRaftLogWorker (SegmentedRaftLogWorker.java:run(321)) - 15f77a3f-6b32-4023-ae51-d7d64abf6bf6@group-F0C082F9BFDB-SegmentedRaftLogWorker was interrupted, exiting. There are 0 tasks remaining in the queue.
2020-05-07 23:59:58,782 [main] INFO  impl.PendingRequests (PendingRequests.java:sendNotLeaderResponses(242)) - 63d83604-a330-4908-b13c-fc2b29e0e529@group-E25A3C0C8742-PendingRequests: sendNotLeaderResponses
2020-05-07 23:59:58,782 [main] INFO  metrics.RatisMetrics (RatisMetrics.java:unregister(46)) - Unregistering Metrics Registry : ratis.log_appender.63d83604-a330-4908-b13c-fc2b29e0e529@group-E25A3C0C8742
2020-05-07 23:59:58,782 [org.apache.ratis.server.impl.LogAppender$AppenderDaemon$$Lambda$476/919028675@3ae17a76] WARN  server.GrpcLogAppender (GrpcLogAppender.java:mayWait(153)) - 63d83604-a330-4908-b13c-fc2b29e0e529@group-E25A3C0C8742->e16632f5-0eba-4fc5-8660-647e7bca2b13-GrpcLogAppender: Wait interrupted by java.lang.InterruptedException
2020-05-07 23:59:58,783 [main] INFO  impl.StateMachineUpdater (StateMachineUpdater.java:stopAndJoin(142)) - 63d83604-a330-4908-b13c-fc2b29e0e529@group-E25A3C0C8742-StateMachineUpdater: set stopIndex = 0
2020-05-07 23:59:58,783 [63d83604-a330-4908-b13c-fc2b29e0e529@group-E25A3C0C8742-StateMachineUpdater] INFO  ratis.ContainerStateMachine (ContainerStateMachine.java:takeSnapshot(288)) - group-E25A3C0C8742: Taking a snapshot at:(t:1, i:0) file /github/workspace/mnt/ozone/hadoop-ozone/integration-test/target/test-dir/MiniOzoneClusterImpl-7a3f37b7-1fff-4b4f-8d6d-79fb5d4a5c2b/datanode-1/data/ratis/2b8775e4-eea8-4120-8a0c-e25a3c0c8742/sm/snapshot.1_0
2020-05-07 23:59:58,783 [grpc-default-executor-1] INFO  server.GrpcServerProtocolService (GrpcServerProtocolService.java:onCompleted(137)) - e16632f5-0eba-4fc5-8660-647e7bca2b13: Completed APPEND_ENTRIES, lastRequest: 63d83604-a330-4908-b13c-fc2b29e0e529->e16632f5-0eba-4fc5-8660-647e7bca2b13#1-t1, previous=(t:0, i:0), leaderCommit=-1, initializing? false, entries: size=1, first=(t:1, i:0), CONFIGURATIONENTRY
2020-05-07 23:59:58,784 [63d83604-a330-4908-b13c-fc2b29e0e529@group-E25A3C0C8742-StateMachineUpdater] INFO  ratis.ContainerStateMachine (ContainerStateMachine.java:takeSnapshot(299)) - group-E25A3C0C8742: Finished taking a snapshot at:(t:1, i:0) file:/github/workspace/mnt/ozone/hadoop-ozone/integration-test/target/test-dir/MiniOzoneClusterImpl-7a3f37b7-1fff-4b4f-8d6d-79fb5d4a5c2b/datanode-1/data/ratis/2b8775e4-eea8-4120-8a0c-e25a3c0c8742/sm/snapshot.1_0 time:1
2020-05-07 23:59:58,784 [63d83604-a330-4908-b13c-fc2b29e0e529@group-E25A3C0C8742-StateMachineUpdater] INFO  impl.StateMachineUpdater (StateMachineUpdater.java:takeSnapshot(277)) - 63d83604-a330-4908-b13c-fc2b29e0e529@group-E25A3C0C8742-StateMachineUpdater: Took a snapshot at index 0
2020-05-07 23:59:58,784 [63d83604-a330-4908-b13c-fc2b29e0e529@group-E25A3C0C8742-StateMachineUpdater] INFO  impl.StateMachineUpdater (StateMachineUpdater.java:lambda$new$0(87)) - 63d83604-a330-4908-b13c-fc2b29e0e529@group-E25A3C0C8742-StateMachineUpdater: snapshotIndex: updateIncreasingly -1 -> 0
2020-05-07 23:59:58,784 [63d83604-a330-4908-b13c-fc2b29e0e529@group-E25A3C0C8742-StateMachineUpdater] INFO  metrics.RatisMetrics (RatisMetrics.java:unregister(46)) - Unregistering Metrics Registry : ratis.state_machine.63d83604-a330-4908-b13c-fc2b29e0e529@group-E25A3C0C8742
2020-05-07 23:59:58,784 [main] INFO  impl.RaftServerImpl (ServerState.java:close(387)) - 63d83604-a330-4908-b13c-fc2b29e0e529@group-E25A3C0C8742: closes. applyIndex: 0
2020-05-07 23:59:58,781 [grpc-default-executor-0] INFO  server.GrpcServerProtocolService (GrpcServerProtocolService.java:onCompleted(137)) - 15f77a3f-6b32-4023-ae51-d7d64abf6bf6: Completed APPEND_ENTRIES, lastRequest: 63d83604-a330-4908-b13c-fc2b29e0e529->15f77a3f-6b32-4023-ae51-d7d64abf6bf6#1-t1, previous=(t:0, i:0), leaderCommit=-1, initializing? false, entries: size=1, first=(t:1, i:0), CONFIGURATIONENTRY
2020-05-07 23:59:58,784 [63d83604-a330-4908-b13c-fc2b29e0e529@group-E25A3C0C8742-SegmentedRaftLogWorker] INFO  segmented.SegmentedRaftLogWorker (SegmentedRaftLogWorker.java:run(321)) - 63d83604-a330-4908-b13c-fc2b29e0e529@group-E25A3C0C8742-SegmentedRaftLogWorker was interrupted, exiting. There are 0 tasks remaining in the queue.
2020-05-07 23:59:58,784 [ForkJoinPool.commonPool-worker-0] INFO  segmented.SegmentedRaftLogWorker (SegmentedRaftLogWorker.java:close(229)) - 15f77a3f-6b32-4023-ae51-d7d64abf6bf6@group-F0C082F9BFDB-SegmentedRaftLogWorker close()
2020-05-07 23:59:58,789 [ForkJoinPool.commonPool-worker-0] INFO  metrics.RatisMetrics (RatisMetrics.java:unregister(46)) - Unregistering Metrics Registry : ratis.log_worker.15f77a3f-6b32-4023-ae51-d7d64abf6bf6
2020-05-07 23:59:58,789 [ForkJoinPool.commonPool-worker-0] INFO  metrics.RatisMetrics (RatisMetrics.java:unregister(46)) - Unregistering Metrics Registry : ratis.leader_election.15f77a3f-6b32-4023-ae51-d7d64abf6bf6@group-F0C082F9BFDB
2020-05-07 23:59:58,790 [ForkJoinPool.commonPool-worker-0] INFO  metrics.RatisMetrics (RatisMetrics.java:unregister(46)) - Unregistering Metrics Registry : ratis.server.15f77a3f-6b32-4023-ae51-d7d64abf6bf6@group-F0C082F9BFDB
2020-05-07 23:59:58,790 [ForkJoinPool.commonPool-worker-0] INFO  impl.RaftServerImpl (RaftServerImpl.java:lambda$shutdown$3(250)) - 15f77a3f-6b32-4023-ae51-d7d64abf6bf6@group-E25A3C0C8742: shutdown
2020-05-07 23:59:58,790 [ForkJoinPool.commonPool-worker-0] INFO  util.JmxRegister (JmxRegister.java:unregister(73)) - Successfully un-registered JMX Bean with object name Ratis:service=RaftServer,group=group-E25A3C0C8742,id=15f77a3f-6b32-4023-ae51-d7d64abf6bf6
2020-05-07 23:59:58,790 [ForkJoinPool.commonPool-worker-0] INFO  impl.RoleInfo (RoleInfo.java:shutdownFollowerState(121)) - 15f77a3f-6b32-4023-ae51-d7d64abf6bf6: shutdown FollowerState
2020-05-07 23:59:58,790 [ForkJoinPool.commonPool-worker-0] INFO  impl.StateMachineUpdater (StateMachineUpdater.java:stopAndJoin(142)) - 15f77a3f-6b32-4023-ae51-d7d64abf6bf6@group-E25A3C0C8742-StateMachineUpdater: set stopIndex = 0
2020-05-07 23:59:58,791 [15f77a3f-6b32-4023-ae51-d7d64abf6bf6@group-E25A3C0C8742-StateMachineUpdater] INFO  ratis.ContainerStateMachine (ContainerStateMachine.java:takeSnapshot(288)) - group-E25A3C0C8742: Taking a snapshot at:(t:1, i:0) file /github/workspace/mnt/ozone/hadoop-ozone/integration-test/target/test-dir/MiniOzoneClusterImpl-7a3f37b7-1fff-4b4f-8d6d-79fb5d4a5c2b/datanode-0/data/ratis/2b8775e4-eea8-4120-8a0c-e25a3c0c8742/sm/snapshot.1_0
2020-05-07 23:59:58,790 [Thread-566] INFO  impl.FollowerState (FollowerState.java:run(117)) - 15f77a3f-6b32-4023-ae51-d7d64abf6bf6@group-E25A3C0C8742-FollowerState was interrupted: java.lang.InterruptedException: sleep interrupted
2020-05-07 23:59:58,792 [15f77a3f-6b32-4023-ae51-d7d64abf6bf6@group-E25A3C0C8742-StateMachineUpdater] INFO  ratis.ContainerStateMachine (ContainerStateMachine.java:takeSnapshot(299)) - group-E25A3C0C8742: Finished taking a snapshot at:(t:1, i:0) file:/github/workspace/mnt/ozone/hadoop-ozone/integration-test/target/test-dir/MiniOzoneClusterImpl-7a3f37b7-1fff-4b4f-8d6d-79fb5d4a5c2b/datanode-0/data/ratis/2b8775e4-eea8-4120-8a0c-e25a3c0c8742/sm/snapshot.1_0 time:1
2020-05-07 23:59:58,792 [15f77a3f-6b32-4023-ae51-d7d64abf6bf6@group-E25A3C0C8742-StateMachineUpdater] INFO  impl.StateMachineUpdater (StateMachineUpdater.java:takeSnapshot(277)) - 15f77a3f-6b32-4023-ae51-d7d64abf6bf6@group-E25A3C0C8742-StateMachineUpdater: Took a snapshot at index 0
2020-05-07 23:59:58,792 [15f77a3f-6b32-4023-ae51-d7d64abf6bf6@group-E25A3C0C8742-StateMachineUpdater] INFO  impl.StateMachineUpdater (StateMachineUpdater.java:lambda$new$0(87)) - 15f77a3f-6b32-4023-ae51-d7d64abf6bf6@group-E25A3C0C8742-StateMachineUpdater: snapshotIndex: updateIncreasingly -1 -> 0
2020-05-07 23:59:58,792 [15f77a3f-6b32-4023-ae51-d7d64abf6bf6@group-E25A3C0C8742-StateMachineUpdater] INFO  metrics.RatisMetrics (RatisMetrics.java:unregister(46)) - Unregistering Metrics Registry : ratis.state_machine.15f77a3f-6b32-4023-ae51-d7d64abf6bf6@group-E25A3C0C8742
2020-05-07 23:59:58,792 [ForkJoinPool.commonPool-worker-0] INFO  impl.RaftServerImpl (ServerState.java:close(387)) - 15f77a3f-6b32-4023-ae51-d7d64abf6bf6@group-E25A3C0C8742: closes. applyIndex: 0
2020-05-07 23:59:58,794 [15f77a3f-6b32-4023-ae51-d7d64abf6bf6@group-E25A3C0C8742-SegmentedRaftLogWorker] INFO  segmented.SegmentedRaftLogWorker (SegmentedRaftLogWorker.java:run(321)) - 15f77a3f-6b32-4023-ae51-d7d64abf6bf6@group-E25A3C0C8742-SegmentedRaftLogWorker was interrupted, exiting. There are 0 tasks remaining in the queue.
2020-05-07 23:59:58,795 [grpc-default-executor-2] INFO  server.GrpcLogAppender (GrpcLogAppender.java:onCompleted(309)) - 63d83604-a330-4908-b13c-fc2b29e0e529@group-E25A3C0C8742->e16632f5-0eba-4fc5-8660-647e7bca2b13-AppendLogResponseHandler: follower responses appendEntries COMPLETED
2020-05-07 23:59:58,805 [main] INFO  segmented.SegmentedRaftLogWorker (SegmentedRaftLogWorker.java:close(229)) - 63d83604-a330-4908-b13c-fc2b29e0e529@group-E25A3C0C8742-SegmentedRaftLogWorker close()
2020-05-07 23:59:58,806 [ForkJoinPool.commonPool-worker-0] INFO  segmented.SegmentedRaftLogWorker (SegmentedRaftLogWorker.java:close(229)) - 15f77a3f-6b32-4023-ae51-d7d64abf6bf6@group-E25A3C0C8742-SegmentedRaftLogWorker close()
2020-05-07 23:59:58,807 [grpc-default-executor-3] INFO  server.GrpcLogAppender (GrpcLogAppender.java:onCompleted(309)) - 63d83604-a330-4908-b13c-fc2b29e0e529@group-E25A3C0C8742->15f77a3f-6b32-4023-ae51-d7d64abf6bf6-AppendLogResponseHandler: follower responses appendEntries COMPLETED
2020-05-07 23:59:58,808 [main] INFO  metrics.RatisMetrics (RatisMetrics.java:unregister(46)) - Unregistering Metrics Registry : ratis.log_worker.63d83604-a330-4908-b13c-fc2b29e0e529
2020-05-07 23:59:58,809 [main] INFO  metrics.RatisMetrics (RatisMetrics.java:unregister(46)) - Unregistering Metrics Registry : ratis.leader_election.63d83604-a330-4908-b13c-fc2b29e0e529@group-E25A3C0C8742
2020-05-07 23:59:58,809 [main] INFO  metrics.RatisMetrics (RatisMetrics.java:unregister(46)) - Unregistering Metrics Registry : ratis.server.63d83604-a330-4908-b13c-fc2b29e0e529@group-E25A3C0C8742
2020-05-07 23:59:58,809 [main] INFO  impl.RaftServerImpl (RaftServerImpl.java:lambda$shutdown$3(250)) - 63d83604-a330-4908-b13c-fc2b29e0e529@group-2155C2CC500D: shutdown
2020-05-07 23:59:58,809 [main] INFO  util.JmxRegister (JmxRegister.java:unregister(73)) - Successfully un-registered JMX Bean with object name Ratis:service=RaftServer,group=group-2155C2CC500D,id=63d83604-a330-4908-b13c-fc2b29e0e529
2020-05-07 23:59:58,809 [main] INFO  impl.RoleInfo (RoleInfo.java:shutdownLeaderState(104)) - 63d83604-a330-4908-b13c-fc2b29e0e529: shutdown LeaderState
2020-05-07 23:59:58,810 [main] INFO  impl.PendingRequests (PendingRequests.java:sendNotLeaderResponses(242)) - 63d83604-a330-4908-b13c-fc2b29e0e529@group-2155C2CC500D-PendingRequests: sendNotLeaderResponses
2020-05-07 23:59:58,810 [main] INFO  metrics.RatisMetrics (RatisMetrics.java:unregister(46)) - Unregistering Metrics Registry : ratis.log_appender.63d83604-a330-4908-b13c-fc2b29e0e529@group-2155C2CC500D
2020-05-07 23:59:58,810 [main] INFO  impl.StateMachineUpdater (StateMachineUpdater.java:stopAndJoin(142)) - 63d83604-a330-4908-b13c-fc2b29e0e529@group-2155C2CC500D-StateMachineUpdater: set stopIndex = 0
2020-05-07 23:59:58,810 [ForkJoinPool.commonPool-worker-0] INFO  metrics.RatisMetrics (RatisMetrics.java:unregister(46)) - Unregistering Metrics Registry : ratis.log_worker.15f77a3f-6b32-4023-ae51-d7d64abf6bf6
2020-05-07 23:59:58,811 [ForkJoinPool.commonPool-worker-0] INFO  metrics.RatisMetrics (RatisMetrics.java:unregister(46)) - Unregistering Metrics Registry : ratis.leader_election.15f77a3f-6b32-4023-ae51-d7d64abf6bf6@group-E25A3C0C8742
2020-05-07 23:59:58,811 [ForkJoinPool.commonPool-worker-0] INFO  metrics.RatisMetrics (RatisMetrics.java:unregister(46)) - Unregistering Metrics Registry : ratis.server.15f77a3f-6b32-4023-ae51-d7d64abf6bf6@group-E25A3C0C8742
2020-05-07 23:59:58,811 [63d83604-a330-4908-b13c-fc2b29e0e529@group-2155C2CC500D-StateMachineUpdater] INFO  ratis.ContainerStateMachine (ContainerStateMachine.java:takeSnapshot(288)) - group-2155C2CC500D: Taking a snapshot at:(t:1, i:0) file /github/workspace/mnt/ozone/hadoop-ozone/integration-test/target/test-dir/MiniOzoneClusterImpl-7a3f37b7-1fff-4b4f-8d6d-79fb5d4a5c2b/datanode-1/data/ratis/53c1810a-2834-4355-9c97-2155c2cc500d/sm/snapshot.1_0
2020-05-07 23:59:58,812 [grpc-default-executor-3] INFO  impl.FollowerInfo (FollowerInfo.java:lambda$new$0(50)) - 63d83604-a330-4908-b13c-fc2b29e0e529@group-E25A3C0C8742->15f77a3f-6b32-4023-ae51-d7d64abf6bf6: nextIndex: updateUnconditionally 1 -> 0
2020-05-07 23:59:58,812 [63d83604-a330-4908-b13c-fc2b29e0e529@group-2155C2CC500D-StateMachineUpdater] INFO  ratis.ContainerStateMachine (ContainerStateMachine.java:takeSnapshot(299)) - group-2155C2CC500D: Finished taking a snapshot at:(t:1, i:0) file:/github/workspace/mnt/ozone/hadoop-ozone/integration-test/target/test-dir/MiniOzoneClusterImpl-7a3f37b7-1fff-4b4f-8d6d-79fb5d4a5c2b/datanode-1/data/ratis/53c1810a-2834-4355-9c97-2155c2cc500d/sm/snapshot.1_0 time:2
2020-05-07 23:59:58,812 [63d83604-a330-4908-b13c-fc2b29e0e529@group-2155C2CC500D-StateMachineUpdater] INFO  impl.StateMachineUpdater (StateMachineUpdater.java:takeSnapshot(277)) - 63d83604-a330-4908-b13c-fc2b29e0e529@group-2155C2CC500D-StateMachineUpdater: Took a snapshot at index 0
2020-05-07 23:59:58,812 [63d83604-a330-4908-b13c-fc2b29e0e529@group-2155C2CC500D-StateMachineUpdater] INFO  impl.StateMachineUpdater (StateMachineUpdater.java:lambda$new$0(87)) - 63d83604-a330-4908-b13c-fc2b29e0e529@group-2155C2CC500D-StateMachineUpdater: snapshotIndex: updateIncreasingly -1 -> 0
2020-05-07 23:59:58,813 [63d83604-a330-4908-b13c-fc2b29e0e529@group-2155C2CC500D-StateMachineUpdater] INFO  metrics.RatisMetrics (RatisMetrics.java:unregister(46)) - Unregistering Metrics Registry : ratis.state_machine.63d83604-a330-4908-b13c-fc2b29e0e529@group-2155C2CC500D
2020-05-07 23:59:58,813 [ForkJoinPool.commonPool-worker-0] INFO  server.GrpcService (GrpcService.java:closeImpl(165)) - 15f77a3f-6b32-4023-ae51-d7d64abf6bf6: shutdown server with port 41177 now
2020-05-07 23:59:58,813 [main] INFO  impl.RaftServerImpl (ServerState.java:close(387)) - 63d83604-a330-4908-b13c-fc2b29e0e529@group-2155C2CC500D: closes. applyIndex: 0
2020-05-07 23:59:58,813 [63d83604-a330-4908-b13c-fc2b29e0e529@group-2155C2CC500D-SegmentedRaftLogWorker] INFO  segmented.SegmentedRaftLogWorker (SegmentedRaftLogWorker.java:run(321)) - 63d83604-a330-4908-b13c-fc2b29e0e529@group-2155C2CC500D-SegmentedRaftLogWorker was interrupted, exiting. There are 0 tasks remaining in the queue.
2020-05-07 23:59:58,813 [main] INFO  segmented.SegmentedRaftLogWorker (SegmentedRaftLogWorker.java:close(229)) - 63d83604-a330-4908-b13c-fc2b29e0e529@group-2155C2CC500D-SegmentedRaftLogWorker close()
2020-05-07 23:59:58,816 [grpc-default-executor-2] INFO  impl.FollowerInfo (FollowerInfo.java:lambda$new$0(50)) - 63d83604-a330-4908-b13c-fc2b29e0e529@group-E25A3C0C8742->e16632f5-0eba-4fc5-8660-647e7bca2b13: nextIndex: updateUnconditionally 1 -> 0
2020-05-07 23:59:58,817 [main] INFO  metrics.RatisMetrics (RatisMetrics.java:unregister(46)) - Unregistering Metrics Registry : ratis.log_worker.63d83604-a330-4908-b13c-fc2b29e0e529
2020-05-07 23:59:58,817 [main] INFO  metrics.RatisMetrics (RatisMetrics.java:unregister(46)) - Unregistering Metrics Registry : ratis.leader_election.63d83604-a330-4908-b13c-fc2b29e0e529@group-2155C2CC500D
2020-05-07 23:59:58,817 [main] INFO  metrics.RatisMetrics (RatisMetrics.java:unregister(46)) - Unregistering Metrics Registry : ratis.server.63d83604-a330-4908-b13c-fc2b29e0e529@group-2155C2CC500D
2020-05-07 23:59:58,817 [ForkJoinPool.commonPool-worker-0] INFO  server.GrpcService (GrpcService.java:closeImpl(173)) - 15f77a3f-6b32-4023-ae51-d7d64abf6bf6: shutdown server with port 41177 successfully
2020-05-07 23:59:58,817 [main] INFO  server.GrpcService (GrpcService.java:closeImpl(165)) - 63d83604-a330-4908-b13c-fc2b29e0e529: shutdown server with port 37083 now
2020-05-07 23:59:58,822 [main] INFO  server.GrpcService (GrpcService.java:closeImpl(173)) - 63d83604-a330-4908-b13c-fc2b29e0e529: shutdown server with port 37083 successfully
2020-05-07 23:59:58,841 [ForkJoinPool.commonPool-worker-0] INFO  utils.BackgroundService (BackgroundService.java:shutdown(157)) - Shutting down service BlockDeletingService
2020-05-07 23:59:58,846 [ForkJoinPool.commonPool-worker-0] INFO  statemachine.DatanodeStateMachine (DatanodeStateMachine.java:stopDaemon(424)) - Ozone container server stopped.
2020-05-07 23:59:58,847 [ForkJoinPool.commonPool-worker-0] INFO  handler.ContextHandler (ContextHandler.java:doStop(1016)) - Stopped o.e.j.w.WebAppContext@226330e9{hddsDatanode,/,null,UNAVAILABLE}{jar:file:/home/user/.m2/repository/org/apache/hadoop/hadoop-hdds-container-service/0.6.0-SNAPSHOT/hadoop-hdds-container-service-0.6.0-SNAPSHOT.jar!/webapps/hddsDatanode}
2020-05-07 23:59:58,853 [ForkJoinPool.commonPool-worker-0] INFO  server.AbstractConnector (AbstractConnector.java:doStop(380)) - Stopped ServerConnector@4320c533{HTTP/1.1,[http/1.1]}{0.0.0.0:0}
2020-05-07 23:59:58,853 [ForkJoinPool.commonPool-worker-0] INFO  server.session (HouseKeeper.java:stopScavenging(158)) - node0 Stopped scavenging
2020-05-07 23:59:58,854 [main] INFO  utils.BackgroundService (BackgroundService.java:shutdown(157)) - Shutting down service BlockDeletingService
2020-05-07 23:59:58,854 [ForkJoinPool.commonPool-worker-0] INFO  handler.ContextHandler (ContextHandler.java:doStop(1016)) - Stopped o.e.j.s.ServletContextHandler@432474a4{static,/static,jar:file:/home/user/.m2/repository/org/apache/hadoop/hadoop-hdds-container-service/0.6.0-SNAPSHOT/hadoop-hdds-container-service-0.6.0-SNAPSHOT.jar!/webapps/static,UNAVAILABLE}
2020-05-07 23:59:58,856 [ForkJoinPool.commonPool-worker-0] INFO  handler.ContextHandler (ContextHandler.java:doStop(1016)) - Stopped o.e.j.s.ServletContextHandler@38b3c12c{logs,/logs,file:///github/workspace/mnt/ozone/hadoop-ozone/integration-test/target/log,UNAVAILABLE}
2020-05-07 23:59:58,857 [main] INFO  statemachine.DatanodeStateMachine (DatanodeStateMachine.java:stopDaemon(424)) - Ozone container server stopped.
2020-05-07 23:59:58,865 [main] INFO  handler.ContextHandler (ContextHandler.java:doStop(1016)) - Stopped o.e.j.w.WebAppContext@4930168{hddsDatanode,/,null,UNAVAILABLE}{jar:file:/home/user/.m2/repository/org/apache/hadoop/hadoop-hdds-container-service/0.6.0-SNAPSHOT/hadoop-hdds-container-service-0.6.0-SNAPSHOT.jar!/webapps/hddsDatanode}
2020-05-07 23:59:58,866 [main] INFO  server.AbstractConnector (AbstractConnector.java:doStop(380)) - Stopped ServerConnector@4ec04f0e{HTTP/1.1,[http/1.1]}{0.0.0.0:0}
2020-05-07 23:59:58,866 [main] INFO  server.session (HouseKeeper.java:stopScavenging(158)) - node0 Stopped scavenging
2020-05-07 23:59:58,868 [main] INFO  handler.ContextHandler (ContextHandler.java:doStop(1016)) - Stopped o.e.j.s.ServletContextHandler@68c4fcc1{static,/static,jar:file:/home/user/.m2/repository/org/apache/hadoop/hadoop-hdds-container-service/0.6.0-SNAPSHOT/hadoop-hdds-container-service-0.6.0-SNAPSHOT.jar!/webapps/static,UNAVAILABLE}
2020-05-07 23:59:58,868 [main] INFO  handler.ContextHandler (ContextHandler.java:doStop(1016)) - Stopped o.e.j.s.ServletContextHandler@32d32227{logs,/logs,file:///github/workspace/mnt/ozone/hadoop-ozone/integration-test/target/log,UNAVAILABLE}
2020-05-07 23:59:59,545 [Datanode State Machine Thread - 0] INFO  statemachine.DatanodeStateMachine (DatanodeStateMachine.java:lambda$startDaemon$0(376)) - Ozone container server started.
2020-05-08 00:00:02,175 [Thread-567] INFO  impl.FollowerState (FollowerState.java:run(108)) - e16632f5-0eba-4fc5-8660-647e7bca2b13@group-E25A3C0C8742-FollowerState: change to CANDIDATE, lastRpcTime:5667ms, electionTimeout:5021ms
2020-05-08 00:00:02,175 [Thread-567] INFO  impl.RoleInfo (RoleInfo.java:shutdownFollowerState(121)) - e16632f5-0eba-4fc5-8660-647e7bca2b13: shutdown FollowerState
2020-05-08 00:00:02,176 [Thread-567] INFO  impl.RaftServerImpl (RaftServerImpl.java:setRole(173)) - e16632f5-0eba-4fc5-8660-647e7bca2b13@group-E25A3C0C8742: changes role from  FOLLOWER to CANDIDATE at term 1 for changeToCandidate
2020-05-08 00:00:02,176 [Thread-567] INFO  impl.RoleInfo (RoleInfo.java:updateAndGet(143)) - e16632f5-0eba-4fc5-8660-647e7bca2b13: start LeaderElection
2020-05-08 00:00:02,179 [e16632f5-0eba-4fc5-8660-647e7bca2b13@group-E25A3C0C8742-LeaderElection10] INFO  impl.RaftServerImpl (ServerState.java:setLeader(255)) - e16632f5-0eba-4fc5-8660-647e7bca2b13@group-E25A3C0C8742: change Leader from 63d83604-a330-4908-b13c-fc2b29e0e529 to null at term 1 for initElection
2020-05-08 00:00:02,181 [e16632f5-0eba-4fc5-8660-647e7bca2b13@group-E25A3C0C8742-LeaderElection10] INFO  impl.LeaderElection (LeaderElection.java:askForVotes(206)) - e16632f5-0eba-4fc5-8660-647e7bca2b13@group-E25A3C0C8742-LeaderElection10: begin an election at term 2 for 0: [15f77a3f-6b32-4023-ae51-d7d64abf6bf6:172.17.0.2:41177, e16632f5-0eba-4fc5-8660-647e7bca2b13:172.17.0.2:45197, 63d83604-a330-4908-b13c-fc2b29e0e529:172.17.0.2:37083], old=null
2020-05-08 00:00:02,202 [e16632f5-0eba-4fc5-8660-647e7bca2b13@group-E25A3C0C8742-LeaderElection10] INFO  impl.LeaderElection (LogUtils.java:infoOrTrace(137)) - e16632f5-0eba-4fc5-8660-647e7bca2b13@group-E25A3C0C8742-LeaderElection10 got exception when requesting votes: java.util.concurrent.ExecutionException: org.apache.ratis.thirdparty.io.grpc.StatusRuntimeException: UNAVAILABLE: io exception
2020-05-08 00:00:02,203 [e16632f5-0eba-4fc5-8660-647e7bca2b13@group-E25A3C0C8742-LeaderElection10] INFO  impl.LeaderElection (LogUtils.java:infoOrTrace(137)) - e16632f5-0eba-4fc5-8660-647e7bca2b13@group-E25A3C0C8742-LeaderElection10 got exception when requesting votes: java.util.concurrent.ExecutionException: org.apache.ratis.thirdparty.io.grpc.StatusRuntimeException: UNAVAILABLE: io exception
2020-05-08 00:00:02,203 [e16632f5-0eba-4fc5-8660-647e7bca2b13@group-E25A3C0C8742-LeaderElection10] INFO  impl.LeaderElection (LeaderElection.java:logAndReturn(61)) - e16632f5-0eba-4fc5-8660-647e7bca2b13@group-E25A3C0C8742-LeaderElection10: Election REJECTED; received 0 response(s) [] and 2 exception(s); e16632f5-0eba-4fc5-8660-647e7bca2b13@group-E25A3C0C8742:t2, leader=null, voted=e16632f5-0eba-4fc5-8660-647e7bca2b13, raftlog=e16632f5-0eba-4fc5-8660-647e7bca2b13@group-E25A3C0C8742-SegmentedRaftLog:OPENED:c0,f0,i0, conf=0: [15f77a3f-6b32-4023-ae51-d7d64abf6bf6:172.17.0.2:41177, e16632f5-0eba-4fc5-8660-647e7bca2b13:172.17.0.2:45197, 63d83604-a330-4908-b13c-fc2b29e0e529:172.17.0.2:37083], old=null
2020-05-08 00:00:02,203 [e16632f5-0eba-4fc5-8660-647e7bca2b13@group-E25A3C0C8742-LeaderElection10] INFO  impl.LeaderElection (LogUtils.java:infoOrTrace(137)) -   Exception 0: java.util.concurrent.ExecutionException: org.apache.ratis.thirdparty.io.grpc.StatusRuntimeException: UNAVAILABLE: io exception
2020-05-08 00:00:02,203 [e16632f5-0eba-4fc5-8660-647e7bca2b13@group-E25A3C0C8742-LeaderElection10] INFO  impl.LeaderElection (LogUtils.java:infoOrTrace(137)) -   Exception 1: java.util.concurrent.ExecutionException: org.apache.ratis.thirdparty.io.grpc.StatusRuntimeException: UNAVAILABLE: io exception
2020-05-08 00:00:02,204 [e16632f5-0eba-4fc5-8660-647e7bca2b13@group-E25A3C0C8742-LeaderElection10] INFO  impl.RaftServerImpl (RaftServerImpl.java:setRole(173)) - e16632f5-0eba-4fc5-8660-647e7bca2b13@group-E25A3C0C8742: changes role from CANDIDATE to FOLLOWER at term 2 for DISCOVERED_A_NEW_TERM
2020-05-08 00:00:02,204 [e16632f5-0eba-4fc5-8660-647e7bca2b13@group-E25A3C0C8742-LeaderElection10] INFO  impl.RoleInfo (RoleInfo.java:shutdownLeaderElection(134)) - e16632f5-0eba-4fc5-8660-647e7bca2b13: shutdown LeaderElection
2020-05-08 00:00:02,204 [e16632f5-0eba-4fc5-8660-647e7bca2b13@group-E25A3C0C8742-LeaderElection10] INFO  impl.RoleInfo (RoleInfo.java:updateAndGet(143)) - e16632f5-0eba-4fc5-8660-647e7bca2b13: start FollowerState
2020-05-08 00:00:03,865 [ForkJoinPool.commonPool-worker-0] INFO  ozoneimpl.OzoneContainer (OzoneContainer.java:stop(246)) - Attempting to stop container services.
2020-05-08 00:00:03,866 [ForkJoinPool.commonPool-worker-0] INFO  impl.RaftServerProxy (RaftServerProxy.java:lambda$close$4(314)) - e16632f5-0eba-4fc5-8660-647e7bca2b13: close
2020-05-08 00:00:03,866 [ForkJoinPool.commonPool-worker-0] INFO  impl.RaftServerImpl (RaftServerImpl.java:lambda$shutdown$3(250)) - e16632f5-0eba-4fc5-8660-647e7bca2b13@group-E25A3C0C8742: shutdown
2020-05-08 00:00:03,866 [ForkJoinPool.commonPool-worker-0] INFO  util.JmxRegister (JmxRegister.java:unregister(73)) - Successfully un-registered JMX Bean with object name Ratis:service=RaftServer,group=group-E25A3C0C8742,id=e16632f5-0eba-4fc5-8660-647e7bca2b13
2020-05-08 00:00:03,867 [ForkJoinPool.commonPool-worker-0] INFO  impl.RoleInfo (RoleInfo.java:shutdownFollowerState(121)) - e16632f5-0eba-4fc5-8660-647e7bca2b13: shutdown FollowerState
2020-05-08 00:00:03,867 [ForkJoinPool.commonPool-worker-0] INFO  impl.StateMachineUpdater (StateMachineUpdater.java:stopAndJoin(142)) - e16632f5-0eba-4fc5-8660-647e7bca2b13@group-E25A3C0C8742-StateMachineUpdater: set stopIndex = 0
2020-05-08 00:00:03,867 [e16632f5-0eba-4fc5-8660-647e7bca2b13@group-E25A3C0C8742-StateMachineUpdater] INFO  ratis.ContainerStateMachine (ContainerStateMachine.java:takeSnapshot(288)) - group-E25A3C0C8742: Taking a snapshot at:(t:1, i:0) file /github/workspace/mnt/ozone/hadoop-ozone/integration-test/target/test-dir/MiniOzoneClusterImpl-7a3f37b7-1fff-4b4f-8d6d-79fb5d4a5c2b/datanode-2/data/ratis/2b8775e4-eea8-4120-8a0c-e25a3c0c8742/sm/snapshot.1_0
2020-05-08 00:00:03,868 [Thread-626] INFO  impl.FollowerState (FollowerState.java:run(117)) - e16632f5-0eba-4fc5-8660-647e7bca2b13@group-E25A3C0C8742-FollowerState was interrupted: java.lang.InterruptedException: sleep interrupted
2020-05-08 00:00:03,873 [e16632f5-0eba-4fc5-8660-647e7bca2b13@group-E25A3C0C8742-StateMachineUpdater] INFO  ratis.ContainerStateMachine (ContainerStateMachine.java:takeSnapshot(299)) - group-E25A3C0C8742: Finished taking a snapshot at:(t:1, i:0) file:/github/workspace/mnt/ozone/hadoop-ozone/integration-test/target/test-dir/MiniOzoneClusterImpl-7a3f37b7-1fff-4b4f-8d6d-79fb5d4a5c2b/datanode-2/data/ratis/2b8775e4-eea8-4120-8a0c-e25a3c0c8742/sm/snapshot.1_0 time:6
2020-05-08 00:00:03,874 [e16632f5-0eba-4fc5-8660-647e7bca2b13@group-E25A3C0C8742-StateMachineUpdater] INFO  impl.StateMachineUpdater (StateMachineUpdater.java:takeSnapshot(277)) - e16632f5-0eba-4fc5-8660-647e7bca2b13@group-E25A3C0C8742-StateMachineUpdater: Took a snapshot at index 0
2020-05-08 00:00:03,874 [e16632f5-0eba-4fc5-8660-647e7bca2b13@group-E25A3C0C8742-StateMachineUpdater] INFO  impl.StateMachineUpdater (StateMachineUpdater.java:lambda$new$0(87)) - e16632f5-0eba-4fc5-8660-647e7bca2b13@group-E25A3C0C8742-StateMachineUpdater: snapshotIndex: updateIncreasingly -1 -> 0
2020-05-08 00:00:03,874 [e16632f5-0eba-4fc5-8660-647e7bca2b13@group-E25A3C0C8742-StateMachineUpdater] INFO  metrics.RatisMetrics (RatisMetrics.java:unregister(46)) - Unregistering Metrics Registry : ratis.state_machine.e16632f5-0eba-4fc5-8660-647e7bca2b13@group-E25A3C0C8742
2020-05-08 00:00:03,874 [ForkJoinPool.commonPool-worker-0] INFO  impl.RaftServerImpl (ServerState.java:close(387)) - e16632f5-0eba-4fc5-8660-647e7bca2b13@group-E25A3C0C8742: closes. applyIndex: 0
2020-05-08 00:00:03,875 [e16632f5-0eba-4fc5-8660-647e7bca2b13@group-E25A3C0C8742-SegmentedRaftLogWorker] INFO  segmented.SegmentedRaftLogWorker (SegmentedRaftLogWorker.java:run(321)) - e16632f5-0eba-4fc5-8660-647e7bca2b13@group-E25A3C0C8742-SegmentedRaftLogWorker was interrupted, exiting. There are 0 tasks remaining in the queue.
2020-05-08 00:00:03,875 [ForkJoinPool.commonPool-worker-0] INFO  segmented.SegmentedRaftLogWorker (SegmentedRaftLogWorker.java:close(229)) - e16632f5-0eba-4fc5-8660-647e7bca2b13@group-E25A3C0C8742-SegmentedRaftLogWorker close()
2020-05-08 00:00:03,876 [ForkJoinPool.commonPool-worker-0] INFO  metrics.RatisMetrics (RatisMetrics.java:unregister(46)) - Unregistering Metrics Registry : ratis.log_worker.e16632f5-0eba-4fc5-8660-647e7bca2b13
2020-05-08 00:00:03,876 [ForkJoinPool.commonPool-worker-0] INFO  metrics.RatisMetrics (RatisMetrics.java:unregister(46)) - Unregistering Metrics Registry : ratis.leader_election.e16632f5-0eba-4fc5-8660-647e7bca2b13@group-E25A3C0C8742
2020-05-08 00:00:03,876 [ForkJoinPool.commonPool-worker-0] INFO  metrics.RatisMetrics (RatisMetrics.java:unregister(46)) - Unregistering Metrics Registry : ratis.server.e16632f5-0eba-4fc5-8660-647e7bca2b13@group-E25A3C0C8742
2020-05-08 00:00:03,876 [ForkJoinPool.commonPool-worker-0] INFO  impl.RaftServerImpl (RaftServerImpl.java:lambda$shutdown$3(250)) - e16632f5-0eba-4fc5-8660-647e7bca2b13@group-8FF983C2C6A3: shutdown
2020-05-08 00:00:03,876 [ForkJoinPool.commonPool-worker-0] INFO  util.JmxRegister (JmxRegister.java:unregister(73)) - Successfully un-registered JMX Bean with object name Ratis:service=RaftServer,group=group-8FF983C2C6A3,id=e16632f5-0eba-4fc5-8660-647e7bca2b13
2020-05-08 00:00:03,877 [ForkJoinPool.commonPool-worker-0] INFO  impl.RoleInfo (RoleInfo.java:shutdownLeaderState(104)) - e16632f5-0eba-4fc5-8660-647e7bca2b13: shutdown LeaderState
2020-05-08 00:00:03,877 [ForkJoinPool.commonPool-worker-0] INFO  impl.PendingRequests (PendingRequests.java:sendNotLeaderResponses(242)) - e16632f5-0eba-4fc5-8660-647e7bca2b13@group-8FF983C2C6A3-PendingRequests: sendNotLeaderResponses
2020-05-08 00:00:03,877 [ForkJoinPool.commonPool-worker-0] INFO  metrics.RatisMetrics (RatisMetrics.java:unregister(46)) - Unregistering Metrics Registry : ratis.log_appender.e16632f5-0eba-4fc5-8660-647e7bca2b13@group-8FF983C2C6A3
2020-05-08 00:00:03,877 [ForkJoinPool.commonPool-worker-0] INFO  impl.StateMachineUpdater (StateMachineUpdater.java:stopAndJoin(142)) - e16632f5-0eba-4fc5-8660-647e7bca2b13@group-8FF983C2C6A3-StateMachineUpdater: set stopIndex = 0
2020-05-08 00:00:03,877 [e16632f5-0eba-4fc5-8660-647e7bca2b13@group-8FF983C2C6A3-StateMachineUpdater] INFO  ratis.ContainerStateMachine (ContainerStateMachine.java:takeSnapshot(288)) - group-8FF983C2C6A3: Taking a snapshot at:(t:1, i:0) file /github/workspace/mnt/ozone/hadoop-ozone/integration-test/target/test-dir/MiniOzoneClusterImpl-7a3f37b7-1fff-4b4f-8d6d-79fb5d4a5c2b/datanode-2/data/ratis/b6cf97ef-3629-45d7-a18f-8ff983c2c6a3/sm/snapshot.1_0
2020-05-08 00:00:03,879 [e16632f5-0eba-4fc5-8660-647e7bca2b13@group-8FF983C2C6A3-StateMachineUpdater] INFO  ratis.ContainerStateMachine (ContainerStateMachine.java:takeSnapshot(299)) - group-8FF983C2C6A3: Finished taking a snapshot at:(t:1, i:0) file:/github/workspace/mnt/ozone/hadoop-ozone/integration-test/target/test-dir/MiniOzoneClusterImpl-7a3f37b7-1fff-4b4f-8d6d-79fb5d4a5c2b/datanode-2/data/ratis/b6cf97ef-3629-45d7-a18f-8ff983c2c6a3/sm/snapshot.1_0 time:2
2020-05-08 00:00:03,879 [e16632f5-0eba-4fc5-8660-647e7bca2b13@group-8FF983C2C6A3-StateMachineUpdater] INFO  impl.StateMachineUpdater (StateMachineUpdater.java:takeSnapshot(277)) - e16632f5-0eba-4fc5-8660-647e7bca2b13@group-8FF983C2C6A3-StateMachineUpdater: Took a snapshot at index 0
2020-05-08 00:00:03,879 [e16632f5-0eba-4fc5-8660-647e7bca2b13@group-8FF983C2C6A3-StateMachineUpdater] INFO  impl.StateMachineUpdater (StateMachineUpdater.java:lambda$new$0(87)) - e16632f5-0eba-4fc5-8660-647e7bca2b13@group-8FF983C2C6A3-StateMachineUpdater: snapshotIndex: updateIncreasingly -1 -> 0
2020-05-08 00:00:03,880 [e16632f5-0eba-4fc5-8660-647e7bca2b13@group-8FF983C2C6A3-StateMachineUpdater] INFO  metrics.RatisMetrics (RatisMetrics.java:unregister(46)) - Unregistering Metrics Registry : ratis.state_machine.e16632f5-0eba-4fc5-8660-647e7bca2b13@group-8FF983C2C6A3
2020-05-08 00:00:03,880 [ForkJoinPool.commonPool-worker-0] INFO  impl.RaftServerImpl (ServerState.java:close(387)) - e16632f5-0eba-4fc5-8660-647e7bca2b13@group-8FF983C2C6A3: closes. applyIndex: 0
2020-05-08 00:00:03,880 [e16632f5-0eba-4fc5-8660-647e7bca2b13@group-8FF983C2C6A3-SegmentedRaftLogWorker] INFO  segmented.SegmentedRaftLogWorker (SegmentedRaftLogWorker.java:run(321)) - e16632f5-0eba-4fc5-8660-647e7bca2b13@group-8FF983C2C6A3-SegmentedRaftLogWorker was interrupted, exiting. There are 0 tasks remaining in the queue.
2020-05-08 00:00:03,880 [ForkJoinPool.commonPool-worker-0] INFO  segmented.SegmentedRaftLogWorker (SegmentedRaftLogWorker.java:close(229)) - e16632f5-0eba-4fc5-8660-647e7bca2b13@group-8FF983C2C6A3-SegmentedRaftLogWorker close()
2020-05-08 00:00:03,881 [ForkJoinPool.commonPool-worker-0] INFO  metrics.RatisMetrics (RatisMetrics.java:unregister(46)) - Unregistering Metrics Registry : ratis.log_worker.e16632f5-0eba-4fc5-8660-647e7bca2b13
2020-05-08 00:00:03,881 [ForkJoinPool.commonPool-worker-0] INFO  metrics.RatisMetrics (RatisMetrics.java:unregister(46)) - Unregistering Metrics Registry : ratis.leader_election.e16632f5-0eba-4fc5-8660-647e7bca2b13@group-8FF983C2C6A3
2020-05-08 00:00:03,881 [ForkJoinPool.commonPool-worker-0] INFO  metrics.RatisMetrics (RatisMetrics.java:unregister(46)) - Unregistering Metrics Registry : ratis.server.e16632f5-0eba-4fc5-8660-647e7bca2b13@group-8FF983C2C6A3
2020-05-08 00:00:03,881 [ForkJoinPool.commonPool-worker-0] INFO  server.GrpcService (GrpcService.java:closeImpl(165)) - e16632f5-0eba-4fc5-8660-647e7bca2b13: shutdown server with port 45197 now
2020-05-08 00:00:03,883 [ForkJoinPool.commonPool-worker-0] INFO  server.GrpcService (GrpcService.java:closeImpl(173)) - e16632f5-0eba-4fc5-8660-647e7bca2b13: shutdown server with port 45197 successfully
2020-05-08 00:00:03,902 [ForkJoinPool.commonPool-worker-0] INFO  utils.BackgroundService (BackgroundService.java:shutdown(157)) - Shutting down service BlockDeletingService
2020-05-08 00:00:03,905 [ForkJoinPool.commonPool-worker-0] INFO  statemachine.DatanodeStateMachine (DatanodeStateMachine.java:stopDaemon(424)) - Ozone container server stopped.
2020-05-08 00:00:03,906 [ForkJoinPool.commonPool-worker-0] INFO  handler.ContextHandler (ContextHandler.java:doStop(1016)) - Stopped o.e.j.w.WebAppContext@3e199444{hddsDatanode,/,null,UNAVAILABLE}{jar:file:/home/user/.m2/repository/org/apache/hadoop/hadoop-hdds-container-service/0.6.0-SNAPSHOT/hadoop-hdds-container-service-0.6.0-SNAPSHOT.jar!/webapps/hddsDatanode}
2020-05-08 00:00:03,907 [ForkJoinPool.commonPool-worker-0] INFO  server.AbstractConnector (AbstractConnector.java:doStop(380)) - Stopped ServerConnector@9cad921{HTTP/1.1,[http/1.1]}{0.0.0.0:0}
2020-05-08 00:00:03,907 [ForkJoinPool.commonPool-worker-0] INFO  server.session (HouseKeeper.java:stopScavenging(158)) - node0 Stopped scavenging
2020-05-08 00:00:03,907 [ForkJoinPool.commonPool-worker-0] INFO  handler.ContextHandler (ContextHandler.java:doStop(1016)) - Stopped o.e.j.s.ServletContextHandler@66b08cf{static,/static,jar:file:/home/user/.m2/repository/org/apache/hadoop/hadoop-hdds-container-service/0.6.0-SNAPSHOT/hadoop-hdds-container-service-0.6.0-SNAPSHOT.jar!/webapps/static,UNAVAILABLE}
2020-05-08 00:00:03,908 [ForkJoinPool.commonPool-worker-0] INFO  handler.ContextHandler (ContextHandler.java:doStop(1016)) - Stopped o.e.j.s.ServletContextHandler@4f4e66d1{logs,/logs,file:///github/workspace/mnt/ozone/hadoop-ozone/integration-test/target/log,UNAVAILABLE}
2020-05-08 00:00:03,908 [main] INFO  ozone.MiniOzoneClusterImpl (MiniOzoneClusterImpl.java:stopSCM(476)) - Stopping the StorageContainerManager
2020-05-08 00:00:03,908 [main] INFO  server.StorageContainerManager (StorageContainerManager.java:stop(824)) - Stopping Replication Manager Service.
2020-05-08 00:00:03,909 [main] INFO  container.ReplicationManager (ReplicationManager.java:stop(212)) - Replication Monitor Thread is not running.
2020-05-08 00:00:03,909 [main] INFO  server.StorageContainerManager (StorageContainerManager.java:stop(831)) - Stopping Lease Manager of the command watchers
2020-05-08 00:00:03,909 [main] INFO  server.StorageContainerManager (StorageContainerManager.java:stop(838)) - Stopping datanode service RPC server
2020-05-08 00:00:03,909 [main] INFO  server.SCMDatanodeProtocolServer (SCMDatanodeProtocolServer.java:stop(361)) - Stopping the RPC server for DataNodes
2020-05-08 00:00:03,909 [CommandWatcher-LeaseManager#LeaseMonitor] ERROR lease.LeaseManager (LeaseManager.java:run(238)) - Execution was interrupted 
java.lang.InterruptedException: sleep interrupted
	at java.lang.Thread.sleep(Native Method)
	at org.apache.hadoop.ozone.lease.LeaseManager$LeaseMonitor.run(LeaseManager.java:234)
	at java.lang.Thread.run(Thread.java:748)
2020-05-08 00:00:03,914 [main] INFO  ipc.Server (Server.java:stop(3082)) - Stopping server on 33295
2020-05-08 00:00:03,916 [IPC Server listener on 33295] INFO  ipc.Server (Server.java:run(1185)) - Stopping IPC Server listener on 33295
2020-05-08 00:00:03,916 [IPC Server Responder] INFO  ipc.Server (Server.java:run(1319)) - Stopping IPC Server Responder
2020-05-08 00:00:03,933 [SCM Heartbeat Processing Thread - 0] WARN  node.NodeStateManager (NodeStateManager.java:scheduleNextHealthCheck(661)) - Current Thread is interrupted, shutting down HB processing thread for Node Manager.
2020-05-08 00:00:03,934 [main] INFO  server.StorageContainerManager (StorageContainerManager.java:stop(846)) - Stopping block service RPC server
2020-05-08 00:00:03,934 [main] INFO  server.SCMBlockProtocolServer (SCMBlockProtocolServer.java:stop(158)) - Stopping the RPC server for Block Protocol
2020-05-08 00:00:03,935 [main] INFO  ipc.Server (Server.java:stop(3082)) - Stopping server on 33751
2020-05-08 00:00:03,937 [main] INFO  server.StorageContainerManager (StorageContainerManager.java:stop(853)) - Stopping the StorageContainerLocationProtocol RPC server
2020-05-08 00:00:03,937 [IPC Server listener on 33751] INFO  ipc.Server (Server.java:run(1185)) - Stopping IPC Server listener on 33751
2020-05-08 00:00:03,937 [main] INFO  server.SCMClientProtocolServer (SCMClientProtocolServer.java:stop(166)) - Stopping the RPC server for Client Protocol
2020-05-08 00:00:03,937 [IPC Server Responder] INFO  ipc.Server (Server.java:run(1319)) - Stopping IPC Server Responder
2020-05-08 00:00:03,937 [main] INFO  ipc.Server (Server.java:stop(3082)) - Stopping server on 37723
2020-05-08 00:00:03,940 [main] INFO  server.StorageContainerManager (StorageContainerManager.java:stop(860)) - Stopping Storage Container Manager HTTP server.
2020-05-08 00:00:03,940 [IPC Server Responder] INFO  ipc.Server (Server.java:run(1319)) - Stopping IPC Server Responder
2020-05-08 00:00:03,940 [IPC Server listener on 37723] INFO  ipc.Server (Server.java:run(1185)) - Stopping IPC Server listener on 37723
2020-05-08 00:00:03,942 [main] INFO  handler.ContextHandler (ContextHandler.java:doStop(1016)) - Stopped o.e.j.w.WebAppContext@3fc29b3{scm,/,null,UNAVAILABLE}{file:/github/workspace/mnt/ozone/hadoop-ozone/integration-test/target/test-classes/webapps/scm}
2020-05-08 00:00:03,942 [main] INFO  server.AbstractConnector (AbstractConnector.java:doStop(380)) - Stopped ServerConnector@4fc54f83{HTTP/1.1,[http/1.1]}{0.0.0.0:0}
2020-05-08 00:00:03,943 [main] INFO  server.session (HouseKeeper.java:stopScavenging(158)) - node0 Stopped scavenging
2020-05-08 00:00:03,943 [main] INFO  handler.ContextHandler (ContextHandler.java:doStop(1016)) - Stopped o.e.j.s.ServletContextHandler@6af829c4{static,/static,file:///github/workspace/mnt/ozone/hadoop-ozone/integration-test/target/test-classes/webapps/static,UNAVAILABLE}
2020-05-08 00:00:03,944 [main] INFO  handler.ContextHandler (ContextHandler.java:doStop(1016)) - Stopped o.e.j.s.ServletContextHandler@444a072{logs,/logs,file:///github/workspace/mnt/ozone/hadoop-ozone/integration-test/target/log,UNAVAILABLE}
2020-05-08 00:00:03,945 [main] INFO  server.StorageContainerManager (StorageContainerManager.java:stop(871)) - Stopping Block Manager Service.
2020-05-08 00:00:03,946 [main] INFO  utils.BackgroundService (BackgroundService.java:shutdown(157)) - Shutting down service SCMBlockDeletingService
2020-05-08 00:00:03,946 [main] INFO  utils.BackgroundService (BackgroundService.java:shutdown(157)) - Shutting down service SCMBlockDeletingService
2020-05-08 00:00:03,947 [main] INFO  server.StorageContainerManager (StorageContainerManager.java:stop(896)) - Stopping SCM Event Queue.
2020-05-08 00:00:03,953 [main] INFO  impl.MetricsSystemImpl (MetricsSystemImpl.java:stop(210)) - Stopping HddsDatanode metrics system...
2020-05-08 00:00:03,962 [main] INFO  impl.MetricsSystemImpl (MetricsSystemImpl.java:stop(216)) - HddsDatanode metrics system stopped.
]]></system-out>
  </testcase>
  <testcase name="testDatanodeIDPersistent" classname="org.apache.hadoop.ozone.TestMiniOzoneCluster" time="0.049"/>
  <testcase name="testContainerRandomPort" classname="org.apache.hadoop.ozone.TestMiniOzoneCluster" time="0.303"/>
</testsuite>